<?xml version="1.0" encoding="utf-8"?>
<config>
	<objects>
		<capsule pos="-5.75,-5.5,-5.75" vel="0,0,0" mass="1" elasticityCoef="1" ang="90,0,0" color="0,220,0" radius="0.5" length="4" />
		<capsule pos="-5.75,-5.5,-3.45" vel="0,0,0" mass="1" elasticityCoef="1" ang="90,0,0" color="0,220,0" radius="0.5" length="4" />
		<capsule pos="-5.75,-5.5,-1.1500000000000004" vel="0,0,0" mass="1" elasticityCoef="1" ang="90,0,0" color="0,220,0" radius="0.5" length="4" />
		<capsule pos="-5.75,-5.5,1.1499999999999995" vel="0,0,0" mass="1" elasticityCoef="1" ang="90,0,0" color="0,220,0" radius="0.5" length="4" />
		<capsule pos="-5.75,-5.5,3.4499999999999993" vel="0,0,0" mass="1" elasticityCoef="1" ang="90,0,0" color="0,220,0" radius="0.5" length="4" />
		<capsule pos="-5.75,0.0,-5.75" vel="0,0,0" mass="1" elasticityCoef="1" ang="90,0,0" color="0,220,0" radius="0.5" length="4" />
		<capsule pos="-5.75,0.0,-3.45" vel="0,0,0" mass="1" elasticityCoef="1" ang="90,0,0" color="0,220,0" radius="0.5" length="4" />
		<capsule pos="-5.75,0.0,-1.1500000000000004" vel="0,0,0" mass="1" elasticityCoef="1" ang="90,0,0" color="0,220,0" radius="0.5" length="4" />
		<capsule pos="-5.75,0.0,1.1499999999999995" vel="0,0,0" mass="1" elasticityCoef="1" ang="90,0,0" color="0,220,0" radius="0.5" length="4" />
		<capsule pos="-5.75,0.0,3.4499999999999993" vel="0,0,0" mass="1" elasticityCoef="1" ang="90,0,0" color="0,220,0" radius="0.5" length="4" />
		<capsule pos="-3.45,-5.5,-5.75" vel="0,0,0" mass="1" elasticityCoef="1" ang="90,0,0" color="0,220,0" radius="0.5" length="4" />
		<capsule pos="-3.45,-5.5,-3.45" vel="0,0,0" mass="1" elasticityCoef="1" ang="90,0,0" color="0,220,0" radius="0.5" length="4" />
		<capsule pos="-3.45,-5.5,-1.1500000000000004" vel="0,0,0" mass="1" elasticityCoef="1" ang="90,0,0" color="0,220,0" radius="0.5" length="4" />
		<capsule pos="-3.45,-5.5,1.1499999999999995" vel="0,0,0" mass="1" elasticityCoef="1" ang="90,0,0" color="0,220,0" radius="0.5" length="4" />
		<capsule pos="-3.45,-5.5,3.4499999999999993" vel="0,0,0" mass="1" elasticityCoef="1" ang="90,0,0" color="0,220,0" radius="0.5" length="4" />
		<capsule pos="-3.45,0.0,-5.75" vel="0,0,0" mass="1" elasticityCoef="1" ang="90,0,0" color="0,220,0" radius="0.5" length="4" />
		<capsule pos="-3.45,0.0,-3.45" vel="0,0,0" mass="1" elasticityCoef="1" ang="90,0,0" color="0,220,0" radius="0.5" length="4" />
		<capsule pos="-3.45,0.0,-1.1500000000000004" vel="0,0,0" mass="1" elasticityCoef="1" ang="90,0,0" color="0,220,0" radius="0.5" length="4" />
		<capsule pos="-3.45,0.0,1.1499999999999995" vel="0,0,0" mass="1" elasticityCoef="1" ang="90,0,0" color="0,220,0" radius="0.5" length="4" />
		<capsule pos="-3.45,0.0,3.4499999999999993" vel="0,0,0" mass="1" elasticityCoef="1" ang="90,0,0" color="0,220,0" radius="0.5" length="4" />
		<capsule pos="-1.1500000000000004,-5.5,-5.75" vel="0,0,0" mass="1" elasticityCoef="1" ang="90,0,0" color="0,220,0" radius="0.5" length="4" />
		<capsule pos="-1.1500000000000004,-5.5,-3.45" vel="0,0,0" mass="1" elasticityCoef="1" ang="90,0,0" color="0,220,0" radius="0.5" length="4" />
		<capsule pos="-1.1500000000000004,-5.5,-1.1500000000000004" vel="0,0,0" mass="1" elasticityCoef="1" ang="90,0,0" color="0,220,0" radius="0.5" length="4" />
		<capsule pos="-1.1500000000000004,-5.5,1.1499999999999995" vel="0,0,0" mass="1" elasticityCoef="1" ang="90,0,0" color="0,220,0" radius="0.5" length="4" />
		<capsule pos="-1.1500000000000004,-5.5,3.4499999999999993" vel="0,0,0" mass="1" elasticityCoef="1" ang="90,0,0" color="0,220,0" radius="0.5" length="4" />
		<capsule pos="-1.1500000000000004,0.0,-5.75" vel="0,0,0" mass="1" elasticityCoef="1" ang="90,0,0" color="0,220,0" radius="0.5" length="4" />
		<capsule pos="-1.1500000000000004,0.0,-3.45" vel="0,0,0" mass="1" elasticityCoef="1" ang="90,0,0" color="0,220,0" radius="0.5" length="4" />
		<capsule pos="-1.1500000000000004,0.0,-1.1500000000000004" vel="0,0,0" mass="1" elasticityCoef="1" ang="90,0,0" color="0,220,0" radius="0.5" length="4" />
		<capsule pos="-1.1500000000000004,0.0,1.1499999999999995" vel="0,0,0" mass="1" elasticityCoef="1" ang="90,0,0" color="0,220,0" radius="0.5" length="4" />
		<capsule pos="-1.1500000000000004,0.0,3.4499999999999993" vel="0,0,0" mass="1" elasticityCoef="1" ang="90,0,0" color="0,220,0" radius="0.5" length="4" />
		<capsule pos="1.1499999999999995,-5.5,-5.75" vel="0,0,0" mass="1" elasticityCoef="1" ang="90,0,0" color="0,220,0" radius="0.5" length="4" />
		<capsule pos="1.1499999999999995,-5.5,-3.45" vel="0,0,0" mass="1" elasticityCoef="1" ang="90,0,0" color="0,220,0" radius="0.5" length="4" />
		<capsule pos="1.1499999999999995,-5.5,-1.1500000000000004" vel="0,0,0" mass="1" elasticityCoef="1" ang="90,0,0" color="0,220,0" radius="0.5" length="4" />
		<capsule pos="1.1499999999999995,-5.5,1.1499999999999995" vel="0,0,0" mass="1" elasticityCoef="1" ang="90,0,0" color="0,220,0" radius="0.5" length="4" />
		<capsule pos="1.1499999999999995,-5.5,3.4499999999999993" vel="0,0,0" mass="1" elasticityCoef="1" ang="90,0,0" color="0,220,0" radius="0.5" length="4" />
		<capsule pos="1.1499999999999995,0.0,-5.75" vel="0,0,0" mass="1" elasticityCoef="1" ang="90,0,0" color="0,220,0" radius="0.5" length="4" />
		<capsule pos="1.1499999999999995,0.0,-3.45" vel="0,0,0" mass="1" elasticityCoef="1" ang="90,0,0" color="0,220,0" radius="0.5" length="4" />
		<capsule pos="1.1499999999999995,0.0,-1.1500000000000004" vel="0,0,0" mass="1" elasticityCoef="1" ang="90,0,0" color="0,220,0" radius="0.5" length="4" />
		<capsule pos="1.1499999999999995,0.0,1.1499999999999995" vel="0,0,0" mass="1" elasticityCoef="1" ang="90,0,0" color="0,220,0" radius="0.5" length="4" />
		<capsule pos="1.1499999999999995,0.0,3.4499999999999993" vel="0,0,0" mass="1" elasticityCoef="1" ang="90,0,0" color="0,220,0" radius="0.5" length="4" />
		<capsule pos="3.4499999999999993,-5.5,-5.75" vel="0,0,0" mass="1" elasticityCoef="1" ang="90,0,0" color="0,220,0" radius="0.5" length="4" />
		<capsule pos="3.4499999999999993,-5.5,-3.45" vel="0,0,0" mass="1" elasticityCoef="1" ang="90,0,0" color="0,220,0" radius="0.5" length="4" />
		<capsule pos="3.4499999999999993,-5.5,-1.1500000000000004" vel="0,0,0" mass="1" elasticityCoef="1" ang="90,0,0" color="0,220,0" radius="0.5" length="4" />
		<capsule pos="3.4499999999999993,-5.5,1.1499999999999995" vel="0,0,0" mass="1" elasticityCoef="1" ang="90,0,0" color="0,220,0" radius="0.5" length="4" />
		<capsule pos="3.4499999999999993,-5.5,3.4499999999999993" vel="0,0,0" mass="1" elasticityCoef="1" ang="90,0,0" color="0,220,0" radius="0.5" length="4" />
		<capsule pos="3.4499999999999993,0.0,-5.75" vel="0,0,0" mass="1" elasticityCoef="1" ang="90,0,0" color="0,220,0" radius="0.5" length="4" />
		<capsule pos="3.4499999999999993,0.0,-3.45" vel="0,0,0" mass="1" elasticityCoef="1" ang="90,0,0" color="0,220,0" radius="0.5" length="4" />
		<capsule pos="3.4499999999999993,0.0,-1.1500000000000004" vel="0,0,0" mass="1" elasticityCoef="1" ang="90,0,0" color="0,220,0" radius="0.5" length="4" />
		<capsule pos="3.4499999999999993,0.0,1.1499999999999995" vel="0,0,0" mass="1" elasticityCoef="1" ang="90,0,0" color="0,220,0" radius="0.5" length="4" />
		<capsule pos="3.4499999999999993,0.0,3.4499999999999993" vel="0,0,0" mass="1" elasticityCoef="1" ang="90,0,0" color="0,220,0" radius="0.5" length="4" />
		<sphere pos="15.75,15.5,15.75" vel="-20,-20,-20" mass="1000" elasticityCoef="1" ang="0,0,0" color="200,200,200" radius="4" />

	</objects>
</config>
