<?xml version="1.0" encoding="utf-8"?>
<config>
	<objects>
		<capsule pos="-13.799999999999999,-13.75,-14.95" vel="0,0,0" mass="1" elasticityCoef="1" ang="90,0,0" color="0,220,0" radius="0.5" length="4" />
		<capsule pos="-13.799999999999999,-13.75,-12.649999999999999" vel="0,0,0" mass="1" elasticityCoef="1" ang="90,0,0" color="0,220,0" radius="0.5" length="4" />
		<capsule pos="-13.799999999999999,-13.75,-10.35" vel="0,0,0" mass="1" elasticityCoef="1" ang="90,0,0" color="0,220,0" radius="0.5" length="4" />
		<capsule pos="-13.799999999999999,-13.75,-8.05" vel="0,0,0" mass="1" elasticityCoef="1" ang="90,0,0" color="0,220,0" radius="0.5" length="4" />
		<capsule pos="-13.799999999999999,-13.75,-5.75" vel="0,0,0" mass="1" elasticityCoef="1" ang="90,0,0" color="0,220,0" radius="0.5" length="4" />
		<capsule pos="-13.799999999999999,-13.75,-3.4499999999999993" vel="0,0,0" mass="1" elasticityCoef="1" ang="90,0,0" color="0,220,0" radius="0.5" length="4" />
		<capsule pos="-13.799999999999999,-13.75,-1.1500000000000004" vel="0,0,0" mass="1" elasticityCoef="1" ang="90,0,0" color="0,220,0" radius="0.5" length="4" />
		<capsule pos="-13.799999999999999,-13.75,1.1499999999999986" vel="0,0,0" mass="1" elasticityCoef="1" ang="90,0,0" color="0,220,0" radius="0.5" length="4" />
		<capsule pos="-13.799999999999999,-13.75,3.4499999999999993" vel="0,0,0" mass="1" elasticityCoef="1" ang="90,0,0" color="0,220,0" radius="0.5" length="4" />
		<capsule pos="-13.799999999999999,-13.75,5.75" vel="0,0,0" mass="1" elasticityCoef="1" ang="90,0,0" color="0,220,0" radius="0.5" length="4" />
		<capsule pos="-13.799999999999999,-13.75,8.05" vel="0,0,0" mass="1" elasticityCoef="1" ang="90,0,0" color="0,220,0" radius="0.5" length="4" />
		<capsule pos="-13.799999999999999,-13.75,10.349999999999998" vel="0,0,0" mass="1" elasticityCoef="1" ang="90,0,0" color="0,220,0" radius="0.5" length="4" />
		<capsule pos="-13.799999999999999,-13.75,12.649999999999999" vel="0,0,0" mass="1" elasticityCoef="1" ang="90,0,0" color="0,220,0" radius="0.5" length="4" />
		<capsule pos="-13.799999999999999,-8.25,-14.95" vel="0,0,0" mass="1" elasticityCoef="1" ang="90,0,0" color="0,220,0" radius="0.5" length="4" />
		<capsule pos="-13.799999999999999,-8.25,-12.649999999999999" vel="0,0,0" mass="1" elasticityCoef="1" ang="90,0,0" color="0,220,0" radius="0.5" length="4" />
		<capsule pos="-13.799999999999999,-8.25,-10.35" vel="0,0,0" mass="1" elasticityCoef="1" ang="90,0,0" color="0,220,0" radius="0.5" length="4" />
		<capsule pos="-13.799999999999999,-8.25,-8.05" vel="0,0,0" mass="1" elasticityCoef="1" ang="90,0,0" color="0,220,0" radius="0.5" length="4" />
		<capsule pos="-13.799999999999999,-8.25,-5.75" vel="0,0,0" mass="1" elasticityCoef="1" ang="90,0,0" color="0,220,0" radius="0.5" length="4" />
		<capsule pos="-13.799999999999999,-8.25,-3.4499999999999993" vel="0,0,0" mass="1" elasticityCoef="1" ang="90,0,0" color="0,220,0" radius="0.5" length="4" />
		<capsule pos="-13.799999999999999,-8.25,-1.1500000000000004" vel="0,0,0" mass="1" elasticityCoef="1" ang="90,0,0" color="0,220,0" radius="0.5" length="4" />
		<capsule pos="-13.799999999999999,-8.25,1.1499999999999986" vel="0,0,0" mass="1" elasticityCoef="1" ang="90,0,0" color="0,220,0" radius="0.5" length="4" />
		<capsule pos="-13.799999999999999,-8.25,3.4499999999999993" vel="0,0,0" mass="1" elasticityCoef="1" ang="90,0,0" color="0,220,0" radius="0.5" length="4" />
		<capsule pos="-13.799999999999999,-8.25,5.75" vel="0,0,0" mass="1" elasticityCoef="1" ang="90,0,0" color="0,220,0" radius="0.5" length="4" />
		<capsule pos="-13.799999999999999,-8.25,8.05" vel="0,0,0" mass="1" elasticityCoef="1" ang="90,0,0" color="0,220,0" radius="0.5" length="4" />
		<capsule pos="-13.799999999999999,-8.25,10.349999999999998" vel="0,0,0" mass="1" elasticityCoef="1" ang="90,0,0" color="0,220,0" radius="0.5" length="4" />
		<capsule pos="-13.799999999999999,-8.25,12.649999999999999" vel="0,0,0" mass="1" elasticityCoef="1" ang="90,0,0" color="0,220,0" radius="0.5" length="4" />
		<capsule pos="-13.799999999999999,-2.75,-14.95" vel="0,0,0" mass="1" elasticityCoef="1" ang="90,0,0" color="0,220,0" radius="0.5" length="4" />
		<capsule pos="-13.799999999999999,-2.75,-12.649999999999999" vel="0,0,0" mass="1" elasticityCoef="1" ang="90,0,0" color="0,220,0" radius="0.5" length="4" />
		<capsule pos="-13.799999999999999,-2.75,-10.35" vel="0,0,0" mass="1" elasticityCoef="1" ang="90,0,0" color="0,220,0" radius="0.5" length="4" />
		<capsule pos="-13.799999999999999,-2.75,-8.05" vel="0,0,0" mass="1" elasticityCoef="1" ang="90,0,0" color="0,220,0" radius="0.5" length="4" />
		<capsule pos="-13.799999999999999,-2.75,-5.75" vel="0,0,0" mass="1" elasticityCoef="1" ang="90,0,0" color="0,220,0" radius="0.5" length="4" />
		<capsule pos="-13.799999999999999,-2.75,-3.4499999999999993" vel="0,0,0" mass="1" elasticityCoef="1" ang="90,0,0" color="0,220,0" radius="0.5" length="4" />
		<capsule pos="-13.799999999999999,-2.75,-1.1500000000000004" vel="0,0,0" mass="1" elasticityCoef="1" ang="90,0,0" color="0,220,0" radius="0.5" length="4" />
		<capsule pos="-13.799999999999999,-2.75,1.1499999999999986" vel="0,0,0" mass="1" elasticityCoef="1" ang="90,0,0" color="0,220,0" radius="0.5" length="4" />
		<capsule pos="-13.799999999999999,-2.75,3.4499999999999993" vel="0,0,0" mass="1" elasticityCoef="1" ang="90,0,0" color="0,220,0" radius="0.5" length="4" />
		<capsule pos="-13.799999999999999,-2.75,5.75" vel="0,0,0" mass="1" elasticityCoef="1" ang="90,0,0" color="0,220,0" radius="0.5" length="4" />
		<capsule pos="-13.799999999999999,-2.75,8.05" vel="0,0,0" mass="1" elasticityCoef="1" ang="90,0,0" color="0,220,0" radius="0.5" length="4" />
		<capsule pos="-13.799999999999999,-2.75,10.349999999999998" vel="0,0,0" mass="1" elasticityCoef="1" ang="90,0,0" color="0,220,0" radius="0.5" length="4" />
		<capsule pos="-13.799999999999999,-2.75,12.649999999999999" vel="0,0,0" mass="1" elasticityCoef="1" ang="90,0,0" color="0,220,0" radius="0.5" length="4" />
		<capsule pos="-13.799999999999999,2.75,-14.95" vel="0,0,0" mass="1" elasticityCoef="1" ang="90,0,0" color="0,220,0" radius="0.5" length="4" />
		<capsule pos="-13.799999999999999,2.75,-12.649999999999999" vel="0,0,0" mass="1" elasticityCoef="1" ang="90,0,0" color="0,220,0" radius="0.5" length="4" />
		<capsule pos="-13.799999999999999,2.75,-10.35" vel="0,0,0" mass="1" elasticityCoef="1" ang="90,0,0" color="0,220,0" radius="0.5" length="4" />
		<capsule pos="-13.799999999999999,2.75,-8.05" vel="0,0,0" mass="1" elasticityCoef="1" ang="90,0,0" color="0,220,0" radius="0.5" length="4" />
		<capsule pos="-13.799999999999999,2.75,-5.75" vel="0,0,0" mass="1" elasticityCoef="1" ang="90,0,0" color="0,220,0" radius="0.5" length="4" />
		<capsule pos="-13.799999999999999,2.75,-3.4499999999999993" vel="0,0,0" mass="1" elasticityCoef="1" ang="90,0,0" color="0,220,0" radius="0.5" length="4" />
		<capsule pos="-13.799999999999999,2.75,-1.1500000000000004" vel="0,0,0" mass="1" elasticityCoef="1" ang="90,0,0" color="0,220,0" radius="0.5" length="4" />
		<capsule pos="-13.799999999999999,2.75,1.1499999999999986" vel="0,0,0" mass="1" elasticityCoef="1" ang="90,0,0" color="0,220,0" radius="0.5" length="4" />
		<capsule pos="-13.799999999999999,2.75,3.4499999999999993" vel="0,0,0" mass="1" elasticityCoef="1" ang="90,0,0" color="0,220,0" radius="0.5" length="4" />
		<capsule pos="-13.799999999999999,2.75,5.75" vel="0,0,0" mass="1" elasticityCoef="1" ang="90,0,0" color="0,220,0" radius="0.5" length="4" />
		<capsule pos="-13.799999999999999,2.75,8.05" vel="0,0,0" mass="1" elasticityCoef="1" ang="90,0,0" color="0,220,0" radius="0.5" length="4" />
		<capsule pos="-13.799999999999999,2.75,10.349999999999998" vel="0,0,0" mass="1" elasticityCoef="1" ang="90,0,0" color="0,220,0" radius="0.5" length="4" />
		<capsule pos="-13.799999999999999,2.75,12.649999999999999" vel="0,0,0" mass="1" elasticityCoef="1" ang="90,0,0" color="0,220,0" radius="0.5" length="4" />
		<capsule pos="-13.799999999999999,8.25,-14.95" vel="0,0,0" mass="1" elasticityCoef="1" ang="90,0,0" color="0,220,0" radius="0.5" length="4" />
		<capsule pos="-13.799999999999999,8.25,-12.649999999999999" vel="0,0,0" mass="1" elasticityCoef="1" ang="90,0,0" color="0,220,0" radius="0.5" length="4" />
		<capsule pos="-13.799999999999999,8.25,-10.35" vel="0,0,0" mass="1" elasticityCoef="1" ang="90,0,0" color="0,220,0" radius="0.5" length="4" />
		<capsule pos="-13.799999999999999,8.25,-8.05" vel="0,0,0" mass="1" elasticityCoef="1" ang="90,0,0" color="0,220,0" radius="0.5" length="4" />
		<capsule pos="-13.799999999999999,8.25,-5.75" vel="0,0,0" mass="1" elasticityCoef="1" ang="90,0,0" color="0,220,0" radius="0.5" length="4" />
		<capsule pos="-13.799999999999999,8.25,-3.4499999999999993" vel="0,0,0" mass="1" elasticityCoef="1" ang="90,0,0" color="0,220,0" radius="0.5" length="4" />
		<capsule pos="-13.799999999999999,8.25,-1.1500000000000004" vel="0,0,0" mass="1" elasticityCoef="1" ang="90,0,0" color="0,220,0" radius="0.5" length="4" />
		<capsule pos="-13.799999999999999,8.25,1.1499999999999986" vel="0,0,0" mass="1" elasticityCoef="1" ang="90,0,0" color="0,220,0" radius="0.5" length="4" />
		<capsule pos="-13.799999999999999,8.25,3.4499999999999993" vel="0,0,0" mass="1" elasticityCoef="1" ang="90,0,0" color="0,220,0" radius="0.5" length="4" />
		<capsule pos="-13.799999999999999,8.25,5.75" vel="0,0,0" mass="1" elasticityCoef="1" ang="90,0,0" color="0,220,0" radius="0.5" length="4" />
		<capsule pos="-13.799999999999999,8.25,8.05" vel="0,0,0" mass="1" elasticityCoef="1" ang="90,0,0" color="0,220,0" radius="0.5" length="4" />
		<capsule pos="-13.799999999999999,8.25,10.349999999999998" vel="0,0,0" mass="1" elasticityCoef="1" ang="90,0,0" color="0,220,0" radius="0.5" length="4" />
		<capsule pos="-13.799999999999999,8.25,12.649999999999999" vel="0,0,0" mass="1" elasticityCoef="1" ang="90,0,0" color="0,220,0" radius="0.5" length="4" />
		<capsule pos="-11.5,-13.75,-14.95" vel="0,0,0" mass="1" elasticityCoef="1" ang="90,0,0" color="0,220,0" radius="0.5" length="4" />
		<capsule pos="-11.5,-13.75,-12.649999999999999" vel="0,0,0" mass="1" elasticityCoef="1" ang="90,0,0" color="0,220,0" radius="0.5" length="4" />
		<capsule pos="-11.5,-13.75,-10.35" vel="0,0,0" mass="1" elasticityCoef="1" ang="90,0,0" color="0,220,0" radius="0.5" length="4" />
		<capsule pos="-11.5,-13.75,-8.05" vel="0,0,0" mass="1" elasticityCoef="1" ang="90,0,0" color="0,220,0" radius="0.5" length="4" />
		<capsule pos="-11.5,-13.75,-5.75" vel="0,0,0" mass="1" elasticityCoef="1" ang="90,0,0" color="0,220,0" radius="0.5" length="4" />
		<capsule pos="-11.5,-13.75,-3.4499999999999993" vel="0,0,0" mass="1" elasticityCoef="1" ang="90,0,0" color="0,220,0" radius="0.5" length="4" />
		<capsule pos="-11.5,-13.75,-1.1500000000000004" vel="0,0,0" mass="1" elasticityCoef="1" ang="90,0,0" color="0,220,0" radius="0.5" length="4" />
		<capsule pos="-11.5,-13.75,1.1499999999999986" vel="0,0,0" mass="1" elasticityCoef="1" ang="90,0,0" color="0,220,0" radius="0.5" length="4" />
		<capsule pos="-11.5,-13.75,3.4499999999999993" vel="0,0,0" mass="1" elasticityCoef="1" ang="90,0,0" color="0,220,0" radius="0.5" length="4" />
		<capsule pos="-11.5,-13.75,5.75" vel="0,0,0" mass="1" elasticityCoef="1" ang="90,0,0" color="0,220,0" radius="0.5" length="4" />
		<capsule pos="-11.5,-13.75,8.05" vel="0,0,0" mass="1" elasticityCoef="1" ang="90,0,0" color="0,220,0" radius="0.5" length="4" />
		<capsule pos="-11.5,-13.75,10.349999999999998" vel="0,0,0" mass="1" elasticityCoef="1" ang="90,0,0" color="0,220,0" radius="0.5" length="4" />
		<capsule pos="-11.5,-13.75,12.649999999999999" vel="0,0,0" mass="1" elasticityCoef="1" ang="90,0,0" color="0,220,0" radius="0.5" length="4" />
		<capsule pos="-11.5,-8.25,-14.95" vel="0,0,0" mass="1" elasticityCoef="1" ang="90,0,0" color="0,220,0" radius="0.5" length="4" />
		<capsule pos="-11.5,-8.25,-12.649999999999999" vel="0,0,0" mass="1" elasticityCoef="1" ang="90,0,0" color="0,220,0" radius="0.5" length="4" />
		<capsule pos="-11.5,-8.25,-10.35" vel="0,0,0" mass="1" elasticityCoef="1" ang="90,0,0" color="0,220,0" radius="0.5" length="4" />
		<capsule pos="-11.5,-8.25,-8.05" vel="0,0,0" mass="1" elasticityCoef="1" ang="90,0,0" color="0,220,0" radius="0.5" length="4" />
		<capsule pos="-11.5,-8.25,-5.75" vel="0,0,0" mass="1" elasticityCoef="1" ang="90,0,0" color="0,220,0" radius="0.5" length="4" />
		<capsule pos="-11.5,-8.25,-3.4499999999999993" vel="0,0,0" mass="1" elasticityCoef="1" ang="90,0,0" color="0,220,0" radius="0.5" length="4" />
		<capsule pos="-11.5,-8.25,-1.1500000000000004" vel="0,0,0" mass="1" elasticityCoef="1" ang="90,0,0" color="0,220,0" radius="0.5" length="4" />
		<capsule pos="-11.5,-8.25,1.1499999999999986" vel="0,0,0" mass="1" elasticityCoef="1" ang="90,0,0" color="0,220,0" radius="0.5" length="4" />
		<capsule pos="-11.5,-8.25,3.4499999999999993" vel="0,0,0" mass="1" elasticityCoef="1" ang="90,0,0" color="0,220,0" radius="0.5" length="4" />
		<capsule pos="-11.5,-8.25,5.75" vel="0,0,0" mass="1" elasticityCoef="1" ang="90,0,0" color="0,220,0" radius="0.5" length="4" />
		<capsule pos="-11.5,-8.25,8.05" vel="0,0,0" mass="1" elasticityCoef="1" ang="90,0,0" color="0,220,0" radius="0.5" length="4" />
		<capsule pos="-11.5,-8.25,10.349999999999998" vel="0,0,0" mass="1" elasticityCoef="1" ang="90,0,0" color="0,220,0" radius="0.5" length="4" />
		<capsule pos="-11.5,-8.25,12.649999999999999" vel="0,0,0" mass="1" elasticityCoef="1" ang="90,0,0" color="0,220,0" radius="0.5" length="4" />
		<capsule pos="-11.5,-2.75,-14.95" vel="0,0,0" mass="1" elasticityCoef="1" ang="90,0,0" color="0,220,0" radius="0.5" length="4" />
		<capsule pos="-11.5,-2.75,-12.649999999999999" vel="0,0,0" mass="1" elasticityCoef="1" ang="90,0,0" color="0,220,0" radius="0.5" length="4" />
		<capsule pos="-11.5,-2.75,-10.35" vel="0,0,0" mass="1" elasticityCoef="1" ang="90,0,0" color="0,220,0" radius="0.5" length="4" />
		<capsule pos="-11.5,-2.75,-8.05" vel="0,0,0" mass="1" elasticityCoef="1" ang="90,0,0" color="0,220,0" radius="0.5" length="4" />
		<capsule pos="-11.5,-2.75,-5.75" vel="0,0,0" mass="1" elasticityCoef="1" ang="90,0,0" color="0,220,0" radius="0.5" length="4" />
		<capsule pos="-11.5,-2.75,-3.4499999999999993" vel="0,0,0" mass="1" elasticityCoef="1" ang="90,0,0" color="0,220,0" radius="0.5" length="4" />
		<capsule pos="-11.5,-2.75,-1.1500000000000004" vel="0,0,0" mass="1" elasticityCoef="1" ang="90,0,0" color="0,220,0" radius="0.5" length="4" />
		<capsule pos="-11.5,-2.75,1.1499999999999986" vel="0,0,0" mass="1" elasticityCoef="1" ang="90,0,0" color="0,220,0" radius="0.5" length="4" />
		<capsule pos="-11.5,-2.75,3.4499999999999993" vel="0,0,0" mass="1" elasticityCoef="1" ang="90,0,0" color="0,220,0" radius="0.5" length="4" />
		<capsule pos="-11.5,-2.75,5.75" vel="0,0,0" mass="1" elasticityCoef="1" ang="90,0,0" color="0,220,0" radius="0.5" length="4" />
		<capsule pos="-11.5,-2.75,8.05" vel="0,0,0" mass="1" elasticityCoef="1" ang="90,0,0" color="0,220,0" radius="0.5" length="4" />
		<capsule pos="-11.5,-2.75,10.349999999999998" vel="0,0,0" mass="1" elasticityCoef="1" ang="90,0,0" color="0,220,0" radius="0.5" length="4" />
		<capsule pos="-11.5,-2.75,12.649999999999999" vel="0,0,0" mass="1" elasticityCoef="1" ang="90,0,0" color="0,220,0" radius="0.5" length="4" />
		<capsule pos="-11.5,2.75,-14.95" vel="0,0,0" mass="1" elasticityCoef="1" ang="90,0,0" color="0,220,0" radius="0.5" length="4" />
		<capsule pos="-11.5,2.75,-12.649999999999999" vel="0,0,0" mass="1" elasticityCoef="1" ang="90,0,0" color="0,220,0" radius="0.5" length="4" />
		<capsule pos="-11.5,2.75,-10.35" vel="0,0,0" mass="1" elasticityCoef="1" ang="90,0,0" color="0,220,0" radius="0.5" length="4" />
		<capsule pos="-11.5,2.75,-8.05" vel="0,0,0" mass="1" elasticityCoef="1" ang="90,0,0" color="0,220,0" radius="0.5" length="4" />
		<capsule pos="-11.5,2.75,-5.75" vel="0,0,0" mass="1" elasticityCoef="1" ang="90,0,0" color="0,220,0" radius="0.5" length="4" />
		<capsule pos="-11.5,2.75,-3.4499999999999993" vel="0,0,0" mass="1" elasticityCoef="1" ang="90,0,0" color="0,220,0" radius="0.5" length="4" />
		<capsule pos="-11.5,2.75,-1.1500000000000004" vel="0,0,0" mass="1" elasticityCoef="1" ang="90,0,0" color="0,220,0" radius="0.5" length="4" />
		<capsule pos="-11.5,2.75,1.1499999999999986" vel="0,0,0" mass="1" elasticityCoef="1" ang="90,0,0" color="0,220,0" radius="0.5" length="4" />
		<capsule pos="-11.5,2.75,3.4499999999999993" vel="0,0,0" mass="1" elasticityCoef="1" ang="90,0,0" color="0,220,0" radius="0.5" length="4" />
		<capsule pos="-11.5,2.75,5.75" vel="0,0,0" mass="1" elasticityCoef="1" ang="90,0,0" color="0,220,0" radius="0.5" length="4" />
		<capsule pos="-11.5,2.75,8.05" vel="0,0,0" mass="1" elasticityCoef="1" ang="90,0,0" color="0,220,0" radius="0.5" length="4" />
		<capsule pos="-11.5,2.75,10.349999999999998" vel="0,0,0" mass="1" elasticityCoef="1" ang="90,0,0" color="0,220,0" radius="0.5" length="4" />
		<capsule pos="-11.5,2.75,12.649999999999999" vel="0,0,0" mass="1" elasticityCoef="1" ang="90,0,0" color="0,220,0" radius="0.5" length="4" />
		<capsule pos="-11.5,8.25,-14.95" vel="0,0,0" mass="1" elasticityCoef="1" ang="90,0,0" color="0,220,0" radius="0.5" length="4" />
		<capsule pos="-11.5,8.25,-12.649999999999999" vel="0,0,0" mass="1" elasticityCoef="1" ang="90,0,0" color="0,220,0" radius="0.5" length="4" />
		<capsule pos="-11.5,8.25,-10.35" vel="0,0,0" mass="1" elasticityCoef="1" ang="90,0,0" color="0,220,0" radius="0.5" length="4" />
		<capsule pos="-11.5,8.25,-8.05" vel="0,0,0" mass="1" elasticityCoef="1" ang="90,0,0" color="0,220,0" radius="0.5" length="4" />
		<capsule pos="-11.5,8.25,-5.75" vel="0,0,0" mass="1" elasticityCoef="1" ang="90,0,0" color="0,220,0" radius="0.5" length="4" />
		<capsule pos="-11.5,8.25,-3.4499999999999993" vel="0,0,0" mass="1" elasticityCoef="1" ang="90,0,0" color="0,220,0" radius="0.5" length="4" />
		<capsule pos="-11.5,8.25,-1.1500000000000004" vel="0,0,0" mass="1" elasticityCoef="1" ang="90,0,0" color="0,220,0" radius="0.5" length="4" />
		<capsule pos="-11.5,8.25,1.1499999999999986" vel="0,0,0" mass="1" elasticityCoef="1" ang="90,0,0" color="0,220,0" radius="0.5" length="4" />
		<capsule pos="-11.5,8.25,3.4499999999999993" vel="0,0,0" mass="1" elasticityCoef="1" ang="90,0,0" color="0,220,0" radius="0.5" length="4" />
		<capsule pos="-11.5,8.25,5.75" vel="0,0,0" mass="1" elasticityCoef="1" ang="90,0,0" color="0,220,0" radius="0.5" length="4" />
		<capsule pos="-11.5,8.25,8.05" vel="0,0,0" mass="1" elasticityCoef="1" ang="90,0,0" color="0,220,0" radius="0.5" length="4" />
		<capsule pos="-11.5,8.25,10.349999999999998" vel="0,0,0" mass="1" elasticityCoef="1" ang="90,0,0" color="0,220,0" radius="0.5" length="4" />
		<capsule pos="-11.5,8.25,12.649999999999999" vel="0,0,0" mass="1" elasticityCoef="1" ang="90,0,0" color="0,220,0" radius="0.5" length="4" />
		<capsule pos="-9.2,-13.75,-14.95" vel="0,0,0" mass="1" elasticityCoef="1" ang="90,0,0" color="0,220,0" radius="0.5" length="4" />
		<capsule pos="-9.2,-13.75,-12.649999999999999" vel="0,0,0" mass="1" elasticityCoef="1" ang="90,0,0" color="0,220,0" radius="0.5" length="4" />
		<capsule pos="-9.2,-13.75,-10.35" vel="0,0,0" mass="1" elasticityCoef="1" ang="90,0,0" color="0,220,0" radius="0.5" length="4" />
		<capsule pos="-9.2,-13.75,-8.05" vel="0,0,0" mass="1" elasticityCoef="1" ang="90,0,0" color="0,220,0" radius="0.5" length="4" />
		<capsule pos="-9.2,-13.75,-5.75" vel="0,0,0" mass="1" elasticityCoef="1" ang="90,0,0" color="0,220,0" radius="0.5" length="4" />
		<capsule pos="-9.2,-13.75,-3.4499999999999993" vel="0,0,0" mass="1" elasticityCoef="1" ang="90,0,0" color="0,220,0" radius="0.5" length="4" />
		<capsule pos="-9.2,-13.75,-1.1500000000000004" vel="0,0,0" mass="1" elasticityCoef="1" ang="90,0,0" color="0,220,0" radius="0.5" length="4" />
		<capsule pos="-9.2,-13.75,1.1499999999999986" vel="0,0,0" mass="1" elasticityCoef="1" ang="90,0,0" color="0,220,0" radius="0.5" length="4" />
		<capsule pos="-9.2,-13.75,3.4499999999999993" vel="0,0,0" mass="1" elasticityCoef="1" ang="90,0,0" color="0,220,0" radius="0.5" length="4" />
		<capsule pos="-9.2,-13.75,5.75" vel="0,0,0" mass="1" elasticityCoef="1" ang="90,0,0" color="0,220,0" radius="0.5" length="4" />
		<capsule pos="-9.2,-13.75,8.05" vel="0,0,0" mass="1" elasticityCoef="1" ang="90,0,0" color="0,220,0" radius="0.5" length="4" />
		<capsule pos="-9.2,-13.75,10.349999999999998" vel="0,0,0" mass="1" elasticityCoef="1" ang="90,0,0" color="0,220,0" radius="0.5" length="4" />
		<capsule pos="-9.2,-13.75,12.649999999999999" vel="0,0,0" mass="1" elasticityCoef="1" ang="90,0,0" color="0,220,0" radius="0.5" length="4" />
		<capsule pos="-9.2,-8.25,-14.95" vel="0,0,0" mass="1" elasticityCoef="1" ang="90,0,0" color="0,220,0" radius="0.5" length="4" />
		<capsule pos="-9.2,-8.25,-12.649999999999999" vel="0,0,0" mass="1" elasticityCoef="1" ang="90,0,0" color="0,220,0" radius="0.5" length="4" />
		<capsule pos="-9.2,-8.25,-10.35" vel="0,0,0" mass="1" elasticityCoef="1" ang="90,0,0" color="0,220,0" radius="0.5" length="4" />
		<capsule pos="-9.2,-8.25,-8.05" vel="0,0,0" mass="1" elasticityCoef="1" ang="90,0,0" color="0,220,0" radius="0.5" length="4" />
		<capsule pos="-9.2,-8.25,-5.75" vel="0,0,0" mass="1" elasticityCoef="1" ang="90,0,0" color="0,220,0" radius="0.5" length="4" />
		<capsule pos="-9.2,-8.25,-3.4499999999999993" vel="0,0,0" mass="1" elasticityCoef="1" ang="90,0,0" color="0,220,0" radius="0.5" length="4" />
		<capsule pos="-9.2,-8.25,-1.1500000000000004" vel="0,0,0" mass="1" elasticityCoef="1" ang="90,0,0" color="0,220,0" radius="0.5" length="4" />
		<capsule pos="-9.2,-8.25,1.1499999999999986" vel="0,0,0" mass="1" elasticityCoef="1" ang="90,0,0" color="0,220,0" radius="0.5" length="4" />
		<capsule pos="-9.2,-8.25,3.4499999999999993" vel="0,0,0" mass="1" elasticityCoef="1" ang="90,0,0" color="0,220,0" radius="0.5" length="4" />
		<capsule pos="-9.2,-8.25,5.75" vel="0,0,0" mass="1" elasticityCoef="1" ang="90,0,0" color="0,220,0" radius="0.5" length="4" />
		<capsule pos="-9.2,-8.25,8.05" vel="0,0,0" mass="1" elasticityCoef="1" ang="90,0,0" color="0,220,0" radius="0.5" length="4" />
		<capsule pos="-9.2,-8.25,10.349999999999998" vel="0,0,0" mass="1" elasticityCoef="1" ang="90,0,0" color="0,220,0" radius="0.5" length="4" />
		<capsule pos="-9.2,-8.25,12.649999999999999" vel="0,0,0" mass="1" elasticityCoef="1" ang="90,0,0" color="0,220,0" radius="0.5" length="4" />
		<capsule pos="-9.2,-2.75,-14.95" vel="0,0,0" mass="1" elasticityCoef="1" ang="90,0,0" color="0,220,0" radius="0.5" length="4" />
		<capsule pos="-9.2,-2.75,-12.649999999999999" vel="0,0,0" mass="1" elasticityCoef="1" ang="90,0,0" color="0,220,0" radius="0.5" length="4" />
		<capsule pos="-9.2,-2.75,-10.35" vel="0,0,0" mass="1" elasticityCoef="1" ang="90,0,0" color="0,220,0" radius="0.5" length="4" />
		<capsule pos="-9.2,-2.75,-8.05" vel="0,0,0" mass="1" elasticityCoef="1" ang="90,0,0" color="0,220,0" radius="0.5" length="4" />
		<capsule pos="-9.2,-2.75,-5.75" vel="0,0,0" mass="1" elasticityCoef="1" ang="90,0,0" color="0,220,0" radius="0.5" length="4" />
		<capsule pos="-9.2,-2.75,-3.4499999999999993" vel="0,0,0" mass="1" elasticityCoef="1" ang="90,0,0" color="0,220,0" radius="0.5" length="4" />
		<capsule pos="-9.2,-2.75,-1.1500000000000004" vel="0,0,0" mass="1" elasticityCoef="1" ang="90,0,0" color="0,220,0" radius="0.5" length="4" />
		<capsule pos="-9.2,-2.75,1.1499999999999986" vel="0,0,0" mass="1" elasticityCoef="1" ang="90,0,0" color="0,220,0" radius="0.5" length="4" />
		<capsule pos="-9.2,-2.75,3.4499999999999993" vel="0,0,0" mass="1" elasticityCoef="1" ang="90,0,0" color="0,220,0" radius="0.5" length="4" />
		<capsule pos="-9.2,-2.75,5.75" vel="0,0,0" mass="1" elasticityCoef="1" ang="90,0,0" color="0,220,0" radius="0.5" length="4" />
		<capsule pos="-9.2,-2.75,8.05" vel="0,0,0" mass="1" elasticityCoef="1" ang="90,0,0" color="0,220,0" radius="0.5" length="4" />
		<capsule pos="-9.2,-2.75,10.349999999999998" vel="0,0,0" mass="1" elasticityCoef="1" ang="90,0,0" color="0,220,0" radius="0.5" length="4" />
		<capsule pos="-9.2,-2.75,12.649999999999999" vel="0,0,0" mass="1" elasticityCoef="1" ang="90,0,0" color="0,220,0" radius="0.5" length="4" />
		<capsule pos="-9.2,2.75,-14.95" vel="0,0,0" mass="1" elasticityCoef="1" ang="90,0,0" color="0,220,0" radius="0.5" length="4" />
		<capsule pos="-9.2,2.75,-12.649999999999999" vel="0,0,0" mass="1" elasticityCoef="1" ang="90,0,0" color="0,220,0" radius="0.5" length="4" />
		<capsule pos="-9.2,2.75,-10.35" vel="0,0,0" mass="1" elasticityCoef="1" ang="90,0,0" color="0,220,0" radius="0.5" length="4" />
		<capsule pos="-9.2,2.75,-8.05" vel="0,0,0" mass="1" elasticityCoef="1" ang="90,0,0" color="0,220,0" radius="0.5" length="4" />
		<capsule pos="-9.2,2.75,-5.75" vel="0,0,0" mass="1" elasticityCoef="1" ang="90,0,0" color="0,220,0" radius="0.5" length="4" />
		<capsule pos="-9.2,2.75,-3.4499999999999993" vel="0,0,0" mass="1" elasticityCoef="1" ang="90,0,0" color="0,220,0" radius="0.5" length="4" />
		<capsule pos="-9.2,2.75,-1.1500000000000004" vel="0,0,0" mass="1" elasticityCoef="1" ang="90,0,0" color="0,220,0" radius="0.5" length="4" />
		<capsule pos="-9.2,2.75,1.1499999999999986" vel="0,0,0" mass="1" elasticityCoef="1" ang="90,0,0" color="0,220,0" radius="0.5" length="4" />
		<capsule pos="-9.2,2.75,3.4499999999999993" vel="0,0,0" mass="1" elasticityCoef="1" ang="90,0,0" color="0,220,0" radius="0.5" length="4" />
		<capsule pos="-9.2,2.75,5.75" vel="0,0,0" mass="1" elasticityCoef="1" ang="90,0,0" color="0,220,0" radius="0.5" length="4" />
		<capsule pos="-9.2,2.75,8.05" vel="0,0,0" mass="1" elasticityCoef="1" ang="90,0,0" color="0,220,0" radius="0.5" length="4" />
		<capsule pos="-9.2,2.75,10.349999999999998" vel="0,0,0" mass="1" elasticityCoef="1" ang="90,0,0" color="0,220,0" radius="0.5" length="4" />
		<capsule pos="-9.2,2.75,12.649999999999999" vel="0,0,0" mass="1" elasticityCoef="1" ang="90,0,0" color="0,220,0" radius="0.5" length="4" />
		<capsule pos="-9.2,8.25,-14.95" vel="0,0,0" mass="1" elasticityCoef="1" ang="90,0,0" color="0,220,0" radius="0.5" length="4" />
		<capsule pos="-9.2,8.25,-12.649999999999999" vel="0,0,0" mass="1" elasticityCoef="1" ang="90,0,0" color="0,220,0" radius="0.5" length="4" />
		<capsule pos="-9.2,8.25,-10.35" vel="0,0,0" mass="1" elasticityCoef="1" ang="90,0,0" color="0,220,0" radius="0.5" length="4" />
		<capsule pos="-9.2,8.25,-8.05" vel="0,0,0" mass="1" elasticityCoef="1" ang="90,0,0" color="0,220,0" radius="0.5" length="4" />
		<capsule pos="-9.2,8.25,-5.75" vel="0,0,0" mass="1" elasticityCoef="1" ang="90,0,0" color="0,220,0" radius="0.5" length="4" />
		<capsule pos="-9.2,8.25,-3.4499999999999993" vel="0,0,0" mass="1" elasticityCoef="1" ang="90,0,0" color="0,220,0" radius="0.5" length="4" />
		<capsule pos="-9.2,8.25,-1.1500000000000004" vel="0,0,0" mass="1" elasticityCoef="1" ang="90,0,0" color="0,220,0" radius="0.5" length="4" />
		<capsule pos="-9.2,8.25,1.1499999999999986" vel="0,0,0" mass="1" elasticityCoef="1" ang="90,0,0" color="0,220,0" radius="0.5" length="4" />
		<capsule pos="-9.2,8.25,3.4499999999999993" vel="0,0,0" mass="1" elasticityCoef="1" ang="90,0,0" color="0,220,0" radius="0.5" length="4" />
		<capsule pos="-9.2,8.25,5.75" vel="0,0,0" mass="1" elasticityCoef="1" ang="90,0,0" color="0,220,0" radius="0.5" length="4" />
		<capsule pos="-9.2,8.25,8.05" vel="0,0,0" mass="1" elasticityCoef="1" ang="90,0,0" color="0,220,0" radius="0.5" length="4" />
		<capsule pos="-9.2,8.25,10.349999999999998" vel="0,0,0" mass="1" elasticityCoef="1" ang="90,0,0" color="0,220,0" radius="0.5" length="4" />
		<capsule pos="-9.2,8.25,12.649999999999999" vel="0,0,0" mass="1" elasticityCoef="1" ang="90,0,0" color="0,220,0" radius="0.5" length="4" />
		<capsule pos="-6.8999999999999995,-13.75,-14.95" vel="0,0,0" mass="1" elasticityCoef="1" ang="90,0,0" color="0,220,0" radius="0.5" length="4" />
		<capsule pos="-6.8999999999999995,-13.75,-12.649999999999999" vel="0,0,0" mass="1" elasticityCoef="1" ang="90,0,0" color="0,220,0" radius="0.5" length="4" />
		<capsule pos="-6.8999999999999995,-13.75,-10.35" vel="0,0,0" mass="1" elasticityCoef="1" ang="90,0,0" color="0,220,0" radius="0.5" length="4" />
		<capsule pos="-6.8999999999999995,-13.75,-8.05" vel="0,0,0" mass="1" elasticityCoef="1" ang="90,0,0" color="0,220,0" radius="0.5" length="4" />
		<capsule pos="-6.8999999999999995,-13.75,-5.75" vel="0,0,0" mass="1" elasticityCoef="1" ang="90,0,0" color="0,220,0" radius="0.5" length="4" />
		<capsule pos="-6.8999999999999995,-13.75,-3.4499999999999993" vel="0,0,0" mass="1" elasticityCoef="1" ang="90,0,0" color="0,220,0" radius="0.5" length="4" />
		<capsule pos="-6.8999999999999995,-13.75,-1.1500000000000004" vel="0,0,0" mass="1" elasticityCoef="1" ang="90,0,0" color="0,220,0" radius="0.5" length="4" />
		<capsule pos="-6.8999999999999995,-13.75,1.1499999999999986" vel="0,0,0" mass="1" elasticityCoef="1" ang="90,0,0" color="0,220,0" radius="0.5" length="4" />
		<capsule pos="-6.8999999999999995,-13.75,3.4499999999999993" vel="0,0,0" mass="1" elasticityCoef="1" ang="90,0,0" color="0,220,0" radius="0.5" length="4" />
		<capsule pos="-6.8999999999999995,-13.75,5.75" vel="0,0,0" mass="1" elasticityCoef="1" ang="90,0,0" color="0,220,0" radius="0.5" length="4" />
		<capsule pos="-6.8999999999999995,-13.75,8.05" vel="0,0,0" mass="1" elasticityCoef="1" ang="90,0,0" color="0,220,0" radius="0.5" length="4" />
		<capsule pos="-6.8999999999999995,-13.75,10.349999999999998" vel="0,0,0" mass="1" elasticityCoef="1" ang="90,0,0" color="0,220,0" radius="0.5" length="4" />
		<capsule pos="-6.8999999999999995,-13.75,12.649999999999999" vel="0,0,0" mass="1" elasticityCoef="1" ang="90,0,0" color="0,220,0" radius="0.5" length="4" />
		<capsule pos="-6.8999999999999995,-8.25,-14.95" vel="0,0,0" mass="1" elasticityCoef="1" ang="90,0,0" color="0,220,0" radius="0.5" length="4" />
		<capsule pos="-6.8999999999999995,-8.25,-12.649999999999999" vel="0,0,0" mass="1" elasticityCoef="1" ang="90,0,0" color="0,220,0" radius="0.5" length="4" />
		<capsule pos="-6.8999999999999995,-8.25,-10.35" vel="0,0,0" mass="1" elasticityCoef="1" ang="90,0,0" color="0,220,0" radius="0.5" length="4" />
		<capsule pos="-6.8999999999999995,-8.25,-8.05" vel="0,0,0" mass="1" elasticityCoef="1" ang="90,0,0" color="0,220,0" radius="0.5" length="4" />
		<capsule pos="-6.8999999999999995,-8.25,-5.75" vel="0,0,0" mass="1" elasticityCoef="1" ang="90,0,0" color="0,220,0" radius="0.5" length="4" />
		<capsule pos="-6.8999999999999995,-8.25,-3.4499999999999993" vel="0,0,0" mass="1" elasticityCoef="1" ang="90,0,0" color="0,220,0" radius="0.5" length="4" />
		<capsule pos="-6.8999999999999995,-8.25,-1.1500000000000004" vel="0,0,0" mass="1" elasticityCoef="1" ang="90,0,0" color="0,220,0" radius="0.5" length="4" />
		<capsule pos="-6.8999999999999995,-8.25,1.1499999999999986" vel="0,0,0" mass="1" elasticityCoef="1" ang="90,0,0" color="0,220,0" radius="0.5" length="4" />
		<capsule pos="-6.8999999999999995,-8.25,3.4499999999999993" vel="0,0,0" mass="1" elasticityCoef="1" ang="90,0,0" color="0,220,0" radius="0.5" length="4" />
		<capsule pos="-6.8999999999999995,-8.25,5.75" vel="0,0,0" mass="1" elasticityCoef="1" ang="90,0,0" color="0,220,0" radius="0.5" length="4" />
		<capsule pos="-6.8999999999999995,-8.25,8.05" vel="0,0,0" mass="1" elasticityCoef="1" ang="90,0,0" color="0,220,0" radius="0.5" length="4" />
		<capsule pos="-6.8999999999999995,-8.25,10.349999999999998" vel="0,0,0" mass="1" elasticityCoef="1" ang="90,0,0" color="0,220,0" radius="0.5" length="4" />
		<capsule pos="-6.8999999999999995,-8.25,12.649999999999999" vel="0,0,0" mass="1" elasticityCoef="1" ang="90,0,0" color="0,220,0" radius="0.5" length="4" />
		<capsule pos="-6.8999999999999995,-2.75,-14.95" vel="0,0,0" mass="1" elasticityCoef="1" ang="90,0,0" color="0,220,0" radius="0.5" length="4" />
		<capsule pos="-6.8999999999999995,-2.75,-12.649999999999999" vel="0,0,0" mass="1" elasticityCoef="1" ang="90,0,0" color="0,220,0" radius="0.5" length="4" />
		<capsule pos="-6.8999999999999995,-2.75,-10.35" vel="0,0,0" mass="1" elasticityCoef="1" ang="90,0,0" color="0,220,0" radius="0.5" length="4" />
		<capsule pos="-6.8999999999999995,-2.75,-8.05" vel="0,0,0" mass="1" elasticityCoef="1" ang="90,0,0" color="0,220,0" radius="0.5" length="4" />
		<capsule pos="-6.8999999999999995,-2.75,-5.75" vel="0,0,0" mass="1" elasticityCoef="1" ang="90,0,0" color="0,220,0" radius="0.5" length="4" />
		<capsule pos="-6.8999999999999995,-2.75,-3.4499999999999993" vel="0,0,0" mass="1" elasticityCoef="1" ang="90,0,0" color="0,220,0" radius="0.5" length="4" />
		<capsule pos="-6.8999999999999995,-2.75,-1.1500000000000004" vel="0,0,0" mass="1" elasticityCoef="1" ang="90,0,0" color="0,220,0" radius="0.5" length="4" />
		<capsule pos="-6.8999999999999995,-2.75,1.1499999999999986" vel="0,0,0" mass="1" elasticityCoef="1" ang="90,0,0" color="0,220,0" radius="0.5" length="4" />
		<capsule pos="-6.8999999999999995,-2.75,3.4499999999999993" vel="0,0,0" mass="1" elasticityCoef="1" ang="90,0,0" color="0,220,0" radius="0.5" length="4" />
		<capsule pos="-6.8999999999999995,-2.75,5.75" vel="0,0,0" mass="1" elasticityCoef="1" ang="90,0,0" color="0,220,0" radius="0.5" length="4" />
		<capsule pos="-6.8999999999999995,-2.75,8.05" vel="0,0,0" mass="1" elasticityCoef="1" ang="90,0,0" color="0,220,0" radius="0.5" length="4" />
		<capsule pos="-6.8999999999999995,-2.75,10.349999999999998" vel="0,0,0" mass="1" elasticityCoef="1" ang="90,0,0" color="0,220,0" radius="0.5" length="4" />
		<capsule pos="-6.8999999999999995,-2.75,12.649999999999999" vel="0,0,0" mass="1" elasticityCoef="1" ang="90,0,0" color="0,220,0" radius="0.5" length="4" />
		<capsule pos="-6.8999999999999995,2.75,-14.95" vel="0,0,0" mass="1" elasticityCoef="1" ang="90,0,0" color="0,220,0" radius="0.5" length="4" />
		<capsule pos="-6.8999999999999995,2.75,-12.649999999999999" vel="0,0,0" mass="1" elasticityCoef="1" ang="90,0,0" color="0,220,0" radius="0.5" length="4" />
		<capsule pos="-6.8999999999999995,2.75,-10.35" vel="0,0,0" mass="1" elasticityCoef="1" ang="90,0,0" color="0,220,0" radius="0.5" length="4" />
		<capsule pos="-6.8999999999999995,2.75,-8.05" vel="0,0,0" mass="1" elasticityCoef="1" ang="90,0,0" color="0,220,0" radius="0.5" length="4" />
		<capsule pos="-6.8999999999999995,2.75,-5.75" vel="0,0,0" mass="1" elasticityCoef="1" ang="90,0,0" color="0,220,0" radius="0.5" length="4" />
		<capsule pos="-6.8999999999999995,2.75,-3.4499999999999993" vel="0,0,0" mass="1" elasticityCoef="1" ang="90,0,0" color="0,220,0" radius="0.5" length="4" />
		<capsule pos="-6.8999999999999995,2.75,-1.1500000000000004" vel="0,0,0" mass="1" elasticityCoef="1" ang="90,0,0" color="0,220,0" radius="0.5" length="4" />
		<capsule pos="-6.8999999999999995,2.75,1.1499999999999986" vel="0,0,0" mass="1" elasticityCoef="1" ang="90,0,0" color="0,220,0" radius="0.5" length="4" />
		<capsule pos="-6.8999999999999995,2.75,3.4499999999999993" vel="0,0,0" mass="1" elasticityCoef="1" ang="90,0,0" color="0,220,0" radius="0.5" length="4" />
		<capsule pos="-6.8999999999999995,2.75,5.75" vel="0,0,0" mass="1" elasticityCoef="1" ang="90,0,0" color="0,220,0" radius="0.5" length="4" />
		<capsule pos="-6.8999999999999995,2.75,8.05" vel="0,0,0" mass="1" elasticityCoef="1" ang="90,0,0" color="0,220,0" radius="0.5" length="4" />
		<capsule pos="-6.8999999999999995,2.75,10.349999999999998" vel="0,0,0" mass="1" elasticityCoef="1" ang="90,0,0" color="0,220,0" radius="0.5" length="4" />
		<capsule pos="-6.8999999999999995,2.75,12.649999999999999" vel="0,0,0" mass="1" elasticityCoef="1" ang="90,0,0" color="0,220,0" radius="0.5" length="4" />
		<capsule pos="-6.8999999999999995,8.25,-14.95" vel="0,0,0" mass="1" elasticityCoef="1" ang="90,0,0" color="0,220,0" radius="0.5" length="4" />
		<capsule pos="-6.8999999999999995,8.25,-12.649999999999999" vel="0,0,0" mass="1" elasticityCoef="1" ang="90,0,0" color="0,220,0" radius="0.5" length="4" />
		<capsule pos="-6.8999999999999995,8.25,-10.35" vel="0,0,0" mass="1" elasticityCoef="1" ang="90,0,0" color="0,220,0" radius="0.5" length="4" />
		<capsule pos="-6.8999999999999995,8.25,-8.05" vel="0,0,0" mass="1" elasticityCoef="1" ang="90,0,0" color="0,220,0" radius="0.5" length="4" />
		<capsule pos="-6.8999999999999995,8.25,-5.75" vel="0,0,0" mass="1" elasticityCoef="1" ang="90,0,0" color="0,220,0" radius="0.5" length="4" />
		<capsule pos="-6.8999999999999995,8.25,-3.4499999999999993" vel="0,0,0" mass="1" elasticityCoef="1" ang="90,0,0" color="0,220,0" radius="0.5" length="4" />
		<capsule pos="-6.8999999999999995,8.25,-1.1500000000000004" vel="0,0,0" mass="1" elasticityCoef="1" ang="90,0,0" color="0,220,0" radius="0.5" length="4" />
		<capsule pos="-6.8999999999999995,8.25,1.1499999999999986" vel="0,0,0" mass="1" elasticityCoef="1" ang="90,0,0" color="0,220,0" radius="0.5" length="4" />
		<capsule pos="-6.8999999999999995,8.25,3.4499999999999993" vel="0,0,0" mass="1" elasticityCoef="1" ang="90,0,0" color="0,220,0" radius="0.5" length="4" />
		<capsule pos="-6.8999999999999995,8.25,5.75" vel="0,0,0" mass="1" elasticityCoef="1" ang="90,0,0" color="0,220,0" radius="0.5" length="4" />
		<capsule pos="-6.8999999999999995,8.25,8.05" vel="0,0,0" mass="1" elasticityCoef="1" ang="90,0,0" color="0,220,0" radius="0.5" length="4" />
		<capsule pos="-6.8999999999999995,8.25,10.349999999999998" vel="0,0,0" mass="1" elasticityCoef="1" ang="90,0,0" color="0,220,0" radius="0.5" length="4" />
		<capsule pos="-6.8999999999999995,8.25,12.649999999999999" vel="0,0,0" mass="1" elasticityCoef="1" ang="90,0,0" color="0,220,0" radius="0.5" length="4" />
		<capsule pos="-4.6,-13.75,-14.95" vel="0,0,0" mass="1" elasticityCoef="1" ang="90,0,0" color="0,220,0" radius="0.5" length="4" />
		<capsule pos="-4.6,-13.75,-12.649999999999999" vel="0,0,0" mass="1" elasticityCoef="1" ang="90,0,0" color="0,220,0" radius="0.5" length="4" />
		<capsule pos="-4.6,-13.75,-10.35" vel="0,0,0" mass="1" elasticityCoef="1" ang="90,0,0" color="0,220,0" radius="0.5" length="4" />
		<capsule pos="-4.6,-13.75,-8.05" vel="0,0,0" mass="1" elasticityCoef="1" ang="90,0,0" color="0,220,0" radius="0.5" length="4" />
		<capsule pos="-4.6,-13.75,-5.75" vel="0,0,0" mass="1" elasticityCoef="1" ang="90,0,0" color="0,220,0" radius="0.5" length="4" />
		<capsule pos="-4.6,-13.75,-3.4499999999999993" vel="0,0,0" mass="1" elasticityCoef="1" ang="90,0,0" color="0,220,0" radius="0.5" length="4" />
		<capsule pos="-4.6,-13.75,-1.1500000000000004" vel="0,0,0" mass="1" elasticityCoef="1" ang="90,0,0" color="0,220,0" radius="0.5" length="4" />
		<capsule pos="-4.6,-13.75,1.1499999999999986" vel="0,0,0" mass="1" elasticityCoef="1" ang="90,0,0" color="0,220,0" radius="0.5" length="4" />
		<capsule pos="-4.6,-13.75,3.4499999999999993" vel="0,0,0" mass="1" elasticityCoef="1" ang="90,0,0" color="0,220,0" radius="0.5" length="4" />
		<capsule pos="-4.6,-13.75,5.75" vel="0,0,0" mass="1" elasticityCoef="1" ang="90,0,0" color="0,220,0" radius="0.5" length="4" />
		<capsule pos="-4.6,-13.75,8.05" vel="0,0,0" mass="1" elasticityCoef="1" ang="90,0,0" color="0,220,0" radius="0.5" length="4" />
		<capsule pos="-4.6,-13.75,10.349999999999998" vel="0,0,0" mass="1" elasticityCoef="1" ang="90,0,0" color="0,220,0" radius="0.5" length="4" />
		<capsule pos="-4.6,-13.75,12.649999999999999" vel="0,0,0" mass="1" elasticityCoef="1" ang="90,0,0" color="0,220,0" radius="0.5" length="4" />
		<capsule pos="-4.6,-8.25,-14.95" vel="0,0,0" mass="1" elasticityCoef="1" ang="90,0,0" color="0,220,0" radius="0.5" length="4" />
		<capsule pos="-4.6,-8.25,-12.649999999999999" vel="0,0,0" mass="1" elasticityCoef="1" ang="90,0,0" color="0,220,0" radius="0.5" length="4" />
		<capsule pos="-4.6,-8.25,-10.35" vel="0,0,0" mass="1" elasticityCoef="1" ang="90,0,0" color="0,220,0" radius="0.5" length="4" />
		<capsule pos="-4.6,-8.25,-8.05" vel="0,0,0" mass="1" elasticityCoef="1" ang="90,0,0" color="0,220,0" radius="0.5" length="4" />
		<capsule pos="-4.6,-8.25,-5.75" vel="0,0,0" mass="1" elasticityCoef="1" ang="90,0,0" color="0,220,0" radius="0.5" length="4" />
		<capsule pos="-4.6,-8.25,-3.4499999999999993" vel="0,0,0" mass="1" elasticityCoef="1" ang="90,0,0" color="0,220,0" radius="0.5" length="4" />
		<capsule pos="-4.6,-8.25,-1.1500000000000004" vel="0,0,0" mass="1" elasticityCoef="1" ang="90,0,0" color="0,220,0" radius="0.5" length="4" />
		<capsule pos="-4.6,-8.25,1.1499999999999986" vel="0,0,0" mass="1" elasticityCoef="1" ang="90,0,0" color="0,220,0" radius="0.5" length="4" />
		<capsule pos="-4.6,-8.25,3.4499999999999993" vel="0,0,0" mass="1" elasticityCoef="1" ang="90,0,0" color="0,220,0" radius="0.5" length="4" />
		<capsule pos="-4.6,-8.25,5.75" vel="0,0,0" mass="1" elasticityCoef="1" ang="90,0,0" color="0,220,0" radius="0.5" length="4" />
		<capsule pos="-4.6,-8.25,8.05" vel="0,0,0" mass="1" elasticityCoef="1" ang="90,0,0" color="0,220,0" radius="0.5" length="4" />
		<capsule pos="-4.6,-8.25,10.349999999999998" vel="0,0,0" mass="1" elasticityCoef="1" ang="90,0,0" color="0,220,0" radius="0.5" length="4" />
		<capsule pos="-4.6,-8.25,12.649999999999999" vel="0,0,0" mass="1" elasticityCoef="1" ang="90,0,0" color="0,220,0" radius="0.5" length="4" />
		<capsule pos="-4.6,-2.75,-14.95" vel="0,0,0" mass="1" elasticityCoef="1" ang="90,0,0" color="0,220,0" radius="0.5" length="4" />
		<capsule pos="-4.6,-2.75,-12.649999999999999" vel="0,0,0" mass="1" elasticityCoef="1" ang="90,0,0" color="0,220,0" radius="0.5" length="4" />
		<capsule pos="-4.6,-2.75,-10.35" vel="0,0,0" mass="1" elasticityCoef="1" ang="90,0,0" color="0,220,0" radius="0.5" length="4" />
		<capsule pos="-4.6,-2.75,-8.05" vel="0,0,0" mass="1" elasticityCoef="1" ang="90,0,0" color="0,220,0" radius="0.5" length="4" />
		<capsule pos="-4.6,-2.75,-5.75" vel="0,0,0" mass="1" elasticityCoef="1" ang="90,0,0" color="0,220,0" radius="0.5" length="4" />
		<capsule pos="-4.6,-2.75,-3.4499999999999993" vel="0,0,0" mass="1" elasticityCoef="1" ang="90,0,0" color="0,220,0" radius="0.5" length="4" />
		<capsule pos="-4.6,-2.75,-1.1500000000000004" vel="0,0,0" mass="1" elasticityCoef="1" ang="90,0,0" color="0,220,0" radius="0.5" length="4" />
		<capsule pos="-4.6,-2.75,1.1499999999999986" vel="0,0,0" mass="1" elasticityCoef="1" ang="90,0,0" color="0,220,0" radius="0.5" length="4" />
		<capsule pos="-4.6,-2.75,3.4499999999999993" vel="0,0,0" mass="1" elasticityCoef="1" ang="90,0,0" color="0,220,0" radius="0.5" length="4" />
		<capsule pos="-4.6,-2.75,5.75" vel="0,0,0" mass="1" elasticityCoef="1" ang="90,0,0" color="0,220,0" radius="0.5" length="4" />
		<capsule pos="-4.6,-2.75,8.05" vel="0,0,0" mass="1" elasticityCoef="1" ang="90,0,0" color="0,220,0" radius="0.5" length="4" />
		<capsule pos="-4.6,-2.75,10.349999999999998" vel="0,0,0" mass="1" elasticityCoef="1" ang="90,0,0" color="0,220,0" radius="0.5" length="4" />
		<capsule pos="-4.6,-2.75,12.649999999999999" vel="0,0,0" mass="1" elasticityCoef="1" ang="90,0,0" color="0,220,0" radius="0.5" length="4" />
		<capsule pos="-4.6,2.75,-14.95" vel="0,0,0" mass="1" elasticityCoef="1" ang="90,0,0" color="0,220,0" radius="0.5" length="4" />
		<capsule pos="-4.6,2.75,-12.649999999999999" vel="0,0,0" mass="1" elasticityCoef="1" ang="90,0,0" color="0,220,0" radius="0.5" length="4" />
		<capsule pos="-4.6,2.75,-10.35" vel="0,0,0" mass="1" elasticityCoef="1" ang="90,0,0" color="0,220,0" radius="0.5" length="4" />
		<capsule pos="-4.6,2.75,-8.05" vel="0,0,0" mass="1" elasticityCoef="1" ang="90,0,0" color="0,220,0" radius="0.5" length="4" />
		<capsule pos="-4.6,2.75,-5.75" vel="0,0,0" mass="1" elasticityCoef="1" ang="90,0,0" color="0,220,0" radius="0.5" length="4" />
		<capsule pos="-4.6,2.75,-3.4499999999999993" vel="0,0,0" mass="1" elasticityCoef="1" ang="90,0,0" color="0,220,0" radius="0.5" length="4" />
		<capsule pos="-4.6,2.75,-1.1500000000000004" vel="0,0,0" mass="1" elasticityCoef="1" ang="90,0,0" color="0,220,0" radius="0.5" length="4" />
		<capsule pos="-4.6,2.75,1.1499999999999986" vel="0,0,0" mass="1" elasticityCoef="1" ang="90,0,0" color="0,220,0" radius="0.5" length="4" />
		<capsule pos="-4.6,2.75,3.4499999999999993" vel="0,0,0" mass="1" elasticityCoef="1" ang="90,0,0" color="0,220,0" radius="0.5" length="4" />
		<capsule pos="-4.6,2.75,5.75" vel="0,0,0" mass="1" elasticityCoef="1" ang="90,0,0" color="0,220,0" radius="0.5" length="4" />
		<capsule pos="-4.6,2.75,8.05" vel="0,0,0" mass="1" elasticityCoef="1" ang="90,0,0" color="0,220,0" radius="0.5" length="4" />
		<capsule pos="-4.6,2.75,10.349999999999998" vel="0,0,0" mass="1" elasticityCoef="1" ang="90,0,0" color="0,220,0" radius="0.5" length="4" />
		<capsule pos="-4.6,2.75,12.649999999999999" vel="0,0,0" mass="1" elasticityCoef="1" ang="90,0,0" color="0,220,0" radius="0.5" length="4" />
		<capsule pos="-4.6,8.25,-14.95" vel="0,0,0" mass="1" elasticityCoef="1" ang="90,0,0" color="0,220,0" radius="0.5" length="4" />
		<capsule pos="-4.6,8.25,-12.649999999999999" vel="0,0,0" mass="1" elasticityCoef="1" ang="90,0,0" color="0,220,0" radius="0.5" length="4" />
		<capsule pos="-4.6,8.25,-10.35" vel="0,0,0" mass="1" elasticityCoef="1" ang="90,0,0" color="0,220,0" radius="0.5" length="4" />
		<capsule pos="-4.6,8.25,-8.05" vel="0,0,0" mass="1" elasticityCoef="1" ang="90,0,0" color="0,220,0" radius="0.5" length="4" />
		<capsule pos="-4.6,8.25,-5.75" vel="0,0,0" mass="1" elasticityCoef="1" ang="90,0,0" color="0,220,0" radius="0.5" length="4" />
		<capsule pos="-4.6,8.25,-3.4499999999999993" vel="0,0,0" mass="1" elasticityCoef="1" ang="90,0,0" color="0,220,0" radius="0.5" length="4" />
		<capsule pos="-4.6,8.25,-1.1500000000000004" vel="0,0,0" mass="1" elasticityCoef="1" ang="90,0,0" color="0,220,0" radius="0.5" length="4" />
		<capsule pos="-4.6,8.25,1.1499999999999986" vel="0,0,0" mass="1" elasticityCoef="1" ang="90,0,0" color="0,220,0" radius="0.5" length="4" />
		<capsule pos="-4.6,8.25,3.4499999999999993" vel="0,0,0" mass="1" elasticityCoef="1" ang="90,0,0" color="0,220,0" radius="0.5" length="4" />
		<capsule pos="-4.6,8.25,5.75" vel="0,0,0" mass="1" elasticityCoef="1" ang="90,0,0" color="0,220,0" radius="0.5" length="4" />
		<capsule pos="-4.6,8.25,8.05" vel="0,0,0" mass="1" elasticityCoef="1" ang="90,0,0" color="0,220,0" radius="0.5" length="4" />
		<capsule pos="-4.6,8.25,10.349999999999998" vel="0,0,0" mass="1" elasticityCoef="1" ang="90,0,0" color="0,220,0" radius="0.5" length="4" />
		<capsule pos="-4.6,8.25,12.649999999999999" vel="0,0,0" mass="1" elasticityCoef="1" ang="90,0,0" color="0,220,0" radius="0.5" length="4" />
		<capsule pos="-2.299999999999999,-13.75,-14.95" vel="0,0,0" mass="1" elasticityCoef="1" ang="90,0,0" color="0,220,0" radius="0.5" length="4" />
		<capsule pos="-2.299999999999999,-13.75,-12.649999999999999" vel="0,0,0" mass="1" elasticityCoef="1" ang="90,0,0" color="0,220,0" radius="0.5" length="4" />
		<capsule pos="-2.299999999999999,-13.75,-10.35" vel="0,0,0" mass="1" elasticityCoef="1" ang="90,0,0" color="0,220,0" radius="0.5" length="4" />
		<capsule pos="-2.299999999999999,-13.75,-8.05" vel="0,0,0" mass="1" elasticityCoef="1" ang="90,0,0" color="0,220,0" radius="0.5" length="4" />
		<capsule pos="-2.299999999999999,-13.75,-5.75" vel="0,0,0" mass="1" elasticityCoef="1" ang="90,0,0" color="0,220,0" radius="0.5" length="4" />
		<capsule pos="-2.299999999999999,-13.75,-3.4499999999999993" vel="0,0,0" mass="1" elasticityCoef="1" ang="90,0,0" color="0,220,0" radius="0.5" length="4" />
		<capsule pos="-2.299999999999999,-13.75,-1.1500000000000004" vel="0,0,0" mass="1" elasticityCoef="1" ang="90,0,0" color="0,220,0" radius="0.5" length="4" />
		<capsule pos="-2.299999999999999,-13.75,1.1499999999999986" vel="0,0,0" mass="1" elasticityCoef="1" ang="90,0,0" color="0,220,0" radius="0.5" length="4" />
		<capsule pos="-2.299999999999999,-13.75,3.4499999999999993" vel="0,0,0" mass="1" elasticityCoef="1" ang="90,0,0" color="0,220,0" radius="0.5" length="4" />
		<capsule pos="-2.299999999999999,-13.75,5.75" vel="0,0,0" mass="1" elasticityCoef="1" ang="90,0,0" color="0,220,0" radius="0.5" length="4" />
		<capsule pos="-2.299999999999999,-13.75,8.05" vel="0,0,0" mass="1" elasticityCoef="1" ang="90,0,0" color="0,220,0" radius="0.5" length="4" />
		<capsule pos="-2.299999999999999,-13.75,10.349999999999998" vel="0,0,0" mass="1" elasticityCoef="1" ang="90,0,0" color="0,220,0" radius="0.5" length="4" />
		<capsule pos="-2.299999999999999,-13.75,12.649999999999999" vel="0,0,0" mass="1" elasticityCoef="1" ang="90,0,0" color="0,220,0" radius="0.5" length="4" />
		<capsule pos="-2.299999999999999,-8.25,-14.95" vel="0,0,0" mass="1" elasticityCoef="1" ang="90,0,0" color="0,220,0" radius="0.5" length="4" />
		<capsule pos="-2.299999999999999,-8.25,-12.649999999999999" vel="0,0,0" mass="1" elasticityCoef="1" ang="90,0,0" color="0,220,0" radius="0.5" length="4" />
		<capsule pos="-2.299999999999999,-8.25,-10.35" vel="0,0,0" mass="1" elasticityCoef="1" ang="90,0,0" color="0,220,0" radius="0.5" length="4" />
		<capsule pos="-2.299999999999999,-8.25,-8.05" vel="0,0,0" mass="1" elasticityCoef="1" ang="90,0,0" color="0,220,0" radius="0.5" length="4" />
		<capsule pos="-2.299999999999999,-8.25,-5.75" vel="0,0,0" mass="1" elasticityCoef="1" ang="90,0,0" color="0,220,0" radius="0.5" length="4" />
		<capsule pos="-2.299999999999999,-8.25,-3.4499999999999993" vel="0,0,0" mass="1" elasticityCoef="1" ang="90,0,0" color="0,220,0" radius="0.5" length="4" />
		<capsule pos="-2.299999999999999,-8.25,-1.1500000000000004" vel="0,0,0" mass="1" elasticityCoef="1" ang="90,0,0" color="0,220,0" radius="0.5" length="4" />
		<capsule pos="-2.299999999999999,-8.25,1.1499999999999986" vel="0,0,0" mass="1" elasticityCoef="1" ang="90,0,0" color="0,220,0" radius="0.5" length="4" />
		<capsule pos="-2.299999999999999,-8.25,3.4499999999999993" vel="0,0,0" mass="1" elasticityCoef="1" ang="90,0,0" color="0,220,0" radius="0.5" length="4" />
		<capsule pos="-2.299999999999999,-8.25,5.75" vel="0,0,0" mass="1" elasticityCoef="1" ang="90,0,0" color="0,220,0" radius="0.5" length="4" />
		<capsule pos="-2.299999999999999,-8.25,8.05" vel="0,0,0" mass="1" elasticityCoef="1" ang="90,0,0" color="0,220,0" radius="0.5" length="4" />
		<capsule pos="-2.299999999999999,-8.25,10.349999999999998" vel="0,0,0" mass="1" elasticityCoef="1" ang="90,0,0" color="0,220,0" radius="0.5" length="4" />
		<capsule pos="-2.299999999999999,-8.25,12.649999999999999" vel="0,0,0" mass="1" elasticityCoef="1" ang="90,0,0" color="0,220,0" radius="0.5" length="4" />
		<capsule pos="-2.299999999999999,-2.75,-14.95" vel="0,0,0" mass="1" elasticityCoef="1" ang="90,0,0" color="0,220,0" radius="0.5" length="4" />
		<capsule pos="-2.299999999999999,-2.75,-12.649999999999999" vel="0,0,0" mass="1" elasticityCoef="1" ang="90,0,0" color="0,220,0" radius="0.5" length="4" />
		<capsule pos="-2.299999999999999,-2.75,-10.35" vel="0,0,0" mass="1" elasticityCoef="1" ang="90,0,0" color="0,220,0" radius="0.5" length="4" />
		<capsule pos="-2.299999999999999,-2.75,-8.05" vel="0,0,0" mass="1" elasticityCoef="1" ang="90,0,0" color="0,220,0" radius="0.5" length="4" />
		<capsule pos="-2.299999999999999,-2.75,-5.75" vel="0,0,0" mass="1" elasticityCoef="1" ang="90,0,0" color="0,220,0" radius="0.5" length="4" />
		<capsule pos="-2.299999999999999,-2.75,-3.4499999999999993" vel="0,0,0" mass="1" elasticityCoef="1" ang="90,0,0" color="0,220,0" radius="0.5" length="4" />
		<capsule pos="-2.299999999999999,-2.75,-1.1500000000000004" vel="0,0,0" mass="1" elasticityCoef="1" ang="90,0,0" color="0,220,0" radius="0.5" length="4" />
		<capsule pos="-2.299999999999999,-2.75,1.1499999999999986" vel="0,0,0" mass="1" elasticityCoef="1" ang="90,0,0" color="0,220,0" radius="0.5" length="4" />
		<capsule pos="-2.299999999999999,-2.75,3.4499999999999993" vel="0,0,0" mass="1" elasticityCoef="1" ang="90,0,0" color="0,220,0" radius="0.5" length="4" />
		<capsule pos="-2.299999999999999,-2.75,5.75" vel="0,0,0" mass="1" elasticityCoef="1" ang="90,0,0" color="0,220,0" radius="0.5" length="4" />
		<capsule pos="-2.299999999999999,-2.75,8.05" vel="0,0,0" mass="1" elasticityCoef="1" ang="90,0,0" color="0,220,0" radius="0.5" length="4" />
		<capsule pos="-2.299999999999999,-2.75,10.349999999999998" vel="0,0,0" mass="1" elasticityCoef="1" ang="90,0,0" color="0,220,0" radius="0.5" length="4" />
		<capsule pos="-2.299999999999999,-2.75,12.649999999999999" vel="0,0,0" mass="1" elasticityCoef="1" ang="90,0,0" color="0,220,0" radius="0.5" length="4" />
		<capsule pos="-2.299999999999999,2.75,-14.95" vel="0,0,0" mass="1" elasticityCoef="1" ang="90,0,0" color="0,220,0" radius="0.5" length="4" />
		<capsule pos="-2.299999999999999,2.75,-12.649999999999999" vel="0,0,0" mass="1" elasticityCoef="1" ang="90,0,0" color="0,220,0" radius="0.5" length="4" />
		<capsule pos="-2.299999999999999,2.75,-10.35" vel="0,0,0" mass="1" elasticityCoef="1" ang="90,0,0" color="0,220,0" radius="0.5" length="4" />
		<capsule pos="-2.299999999999999,2.75,-8.05" vel="0,0,0" mass="1" elasticityCoef="1" ang="90,0,0" color="0,220,0" radius="0.5" length="4" />
		<capsule pos="-2.299999999999999,2.75,-5.75" vel="0,0,0" mass="1" elasticityCoef="1" ang="90,0,0" color="0,220,0" radius="0.5" length="4" />
		<capsule pos="-2.299999999999999,2.75,-3.4499999999999993" vel="0,0,0" mass="1" elasticityCoef="1" ang="90,0,0" color="0,220,0" radius="0.5" length="4" />
		<capsule pos="-2.299999999999999,2.75,-1.1500000000000004" vel="0,0,0" mass="1" elasticityCoef="1" ang="90,0,0" color="0,220,0" radius="0.5" length="4" />
		<capsule pos="-2.299999999999999,2.75,1.1499999999999986" vel="0,0,0" mass="1" elasticityCoef="1" ang="90,0,0" color="0,220,0" radius="0.5" length="4" />
		<capsule pos="-2.299999999999999,2.75,3.4499999999999993" vel="0,0,0" mass="1" elasticityCoef="1" ang="90,0,0" color="0,220,0" radius="0.5" length="4" />
		<capsule pos="-2.299999999999999,2.75,5.75" vel="0,0,0" mass="1" elasticityCoef="1" ang="90,0,0" color="0,220,0" radius="0.5" length="4" />
		<capsule pos="-2.299999999999999,2.75,8.05" vel="0,0,0" mass="1" elasticityCoef="1" ang="90,0,0" color="0,220,0" radius="0.5" length="4" />
		<capsule pos="-2.299999999999999,2.75,10.349999999999998" vel="0,0,0" mass="1" elasticityCoef="1" ang="90,0,0" color="0,220,0" radius="0.5" length="4" />
		<capsule pos="-2.299999999999999,2.75,12.649999999999999" vel="0,0,0" mass="1" elasticityCoef="1" ang="90,0,0" color="0,220,0" radius="0.5" length="4" />
		<capsule pos="-2.299999999999999,8.25,-14.95" vel="0,0,0" mass="1" elasticityCoef="1" ang="90,0,0" color="0,220,0" radius="0.5" length="4" />
		<capsule pos="-2.299999999999999,8.25,-12.649999999999999" vel="0,0,0" mass="1" elasticityCoef="1" ang="90,0,0" color="0,220,0" radius="0.5" length="4" />
		<capsule pos="-2.299999999999999,8.25,-10.35" vel="0,0,0" mass="1" elasticityCoef="1" ang="90,0,0" color="0,220,0" radius="0.5" length="4" />
		<capsule pos="-2.299999999999999,8.25,-8.05" vel="0,0,0" mass="1" elasticityCoef="1" ang="90,0,0" color="0,220,0" radius="0.5" length="4" />
		<capsule pos="-2.299999999999999,8.25,-5.75" vel="0,0,0" mass="1" elasticityCoef="1" ang="90,0,0" color="0,220,0" radius="0.5" length="4" />
		<capsule pos="-2.299999999999999,8.25,-3.4499999999999993" vel="0,0,0" mass="1" elasticityCoef="1" ang="90,0,0" color="0,220,0" radius="0.5" length="4" />
		<capsule pos="-2.299999999999999,8.25,-1.1500000000000004" vel="0,0,0" mass="1" elasticityCoef="1" ang="90,0,0" color="0,220,0" radius="0.5" length="4" />
		<capsule pos="-2.299999999999999,8.25,1.1499999999999986" vel="0,0,0" mass="1" elasticityCoef="1" ang="90,0,0" color="0,220,0" radius="0.5" length="4" />
		<capsule pos="-2.299999999999999,8.25,3.4499999999999993" vel="0,0,0" mass="1" elasticityCoef="1" ang="90,0,0" color="0,220,0" radius="0.5" length="4" />
		<capsule pos="-2.299999999999999,8.25,5.75" vel="0,0,0" mass="1" elasticityCoef="1" ang="90,0,0" color="0,220,0" radius="0.5" length="4" />
		<capsule pos="-2.299999999999999,8.25,8.05" vel="0,0,0" mass="1" elasticityCoef="1" ang="90,0,0" color="0,220,0" radius="0.5" length="4" />
		<capsule pos="-2.299999999999999,8.25,10.349999999999998" vel="0,0,0" mass="1" elasticityCoef="1" ang="90,0,0" color="0,220,0" radius="0.5" length="4" />
		<capsule pos="-2.299999999999999,8.25,12.649999999999999" vel="0,0,0" mass="1" elasticityCoef="1" ang="90,0,0" color="0,220,0" radius="0.5" length="4" />
		<capsule pos="0.0,-13.75,-14.95" vel="0,0,0" mass="1" elasticityCoef="1" ang="90,0,0" color="0,220,0" radius="0.5" length="4" />
		<capsule pos="0.0,-13.75,-12.649999999999999" vel="0,0,0" mass="1" elasticityCoef="1" ang="90,0,0" color="0,220,0" radius="0.5" length="4" />
		<capsule pos="0.0,-13.75,-10.35" vel="0,0,0" mass="1" elasticityCoef="1" ang="90,0,0" color="0,220,0" radius="0.5" length="4" />
		<capsule pos="0.0,-13.75,-8.05" vel="0,0,0" mass="1" elasticityCoef="1" ang="90,0,0" color="0,220,0" radius="0.5" length="4" />
		<capsule pos="0.0,-13.75,-5.75" vel="0,0,0" mass="1" elasticityCoef="1" ang="90,0,0" color="0,220,0" radius="0.5" length="4" />
		<capsule pos="0.0,-13.75,-3.4499999999999993" vel="0,0,0" mass="1" elasticityCoef="1" ang="90,0,0" color="0,220,0" radius="0.5" length="4" />
		<capsule pos="0.0,-13.75,-1.1500000000000004" vel="0,0,0" mass="1" elasticityCoef="1" ang="90,0,0" color="0,220,0" radius="0.5" length="4" />
		<capsule pos="0.0,-13.75,1.1499999999999986" vel="0,0,0" mass="1" elasticityCoef="1" ang="90,0,0" color="0,220,0" radius="0.5" length="4" />
		<capsule pos="0.0,-13.75,3.4499999999999993" vel="0,0,0" mass="1" elasticityCoef="1" ang="90,0,0" color="0,220,0" radius="0.5" length="4" />
		<capsule pos="0.0,-13.75,5.75" vel="0,0,0" mass="1" elasticityCoef="1" ang="90,0,0" color="0,220,0" radius="0.5" length="4" />
		<capsule pos="0.0,-13.75,8.05" vel="0,0,0" mass="1" elasticityCoef="1" ang="90,0,0" color="0,220,0" radius="0.5" length="4" />
		<capsule pos="0.0,-13.75,10.349999999999998" vel="0,0,0" mass="1" elasticityCoef="1" ang="90,0,0" color="0,220,0" radius="0.5" length="4" />
		<capsule pos="0.0,-13.75,12.649999999999999" vel="0,0,0" mass="1" elasticityCoef="1" ang="90,0,0" color="0,220,0" radius="0.5" length="4" />
		<capsule pos="0.0,-8.25,-14.95" vel="0,0,0" mass="1" elasticityCoef="1" ang="90,0,0" color="0,220,0" radius="0.5" length="4" />
		<capsule pos="0.0,-8.25,-12.649999999999999" vel="0,0,0" mass="1" elasticityCoef="1" ang="90,0,0" color="0,220,0" radius="0.5" length="4" />
		<capsule pos="0.0,-8.25,-10.35" vel="0,0,0" mass="1" elasticityCoef="1" ang="90,0,0" color="0,220,0" radius="0.5" length="4" />
		<capsule pos="0.0,-8.25,-8.05" vel="0,0,0" mass="1" elasticityCoef="1" ang="90,0,0" color="0,220,0" radius="0.5" length="4" />
		<capsule pos="0.0,-8.25,-5.75" vel="0,0,0" mass="1" elasticityCoef="1" ang="90,0,0" color="0,220,0" radius="0.5" length="4" />
		<capsule pos="0.0,-8.25,-3.4499999999999993" vel="0,0,0" mass="1" elasticityCoef="1" ang="90,0,0" color="0,220,0" radius="0.5" length="4" />
		<capsule pos="0.0,-8.25,-1.1500000000000004" vel="0,0,0" mass="1" elasticityCoef="1" ang="90,0,0" color="0,220,0" radius="0.5" length="4" />
		<capsule pos="0.0,-8.25,1.1499999999999986" vel="0,0,0" mass="1" elasticityCoef="1" ang="90,0,0" color="0,220,0" radius="0.5" length="4" />
		<capsule pos="0.0,-8.25,3.4499999999999993" vel="0,0,0" mass="1" elasticityCoef="1" ang="90,0,0" color="0,220,0" radius="0.5" length="4" />
		<capsule pos="0.0,-8.25,5.75" vel="0,0,0" mass="1" elasticityCoef="1" ang="90,0,0" color="0,220,0" radius="0.5" length="4" />
		<capsule pos="0.0,-8.25,8.05" vel="0,0,0" mass="1" elasticityCoef="1" ang="90,0,0" color="0,220,0" radius="0.5" length="4" />
		<capsule pos="0.0,-8.25,10.349999999999998" vel="0,0,0" mass="1" elasticityCoef="1" ang="90,0,0" color="0,220,0" radius="0.5" length="4" />
		<capsule pos="0.0,-8.25,12.649999999999999" vel="0,0,0" mass="1" elasticityCoef="1" ang="90,0,0" color="0,220,0" radius="0.5" length="4" />
		<capsule pos="0.0,-2.75,-14.95" vel="0,0,0" mass="1" elasticityCoef="1" ang="90,0,0" color="0,220,0" radius="0.5" length="4" />
		<capsule pos="0.0,-2.75,-12.649999999999999" vel="0,0,0" mass="1" elasticityCoef="1" ang="90,0,0" color="0,220,0" radius="0.5" length="4" />
		<capsule pos="0.0,-2.75,-10.35" vel="0,0,0" mass="1" elasticityCoef="1" ang="90,0,0" color="0,220,0" radius="0.5" length="4" />
		<capsule pos="0.0,-2.75,-8.05" vel="0,0,0" mass="1" elasticityCoef="1" ang="90,0,0" color="0,220,0" radius="0.5" length="4" />
		<capsule pos="0.0,-2.75,-5.75" vel="0,0,0" mass="1" elasticityCoef="1" ang="90,0,0" color="0,220,0" radius="0.5" length="4" />
		<capsule pos="0.0,-2.75,-3.4499999999999993" vel="0,0,0" mass="1" elasticityCoef="1" ang="90,0,0" color="0,220,0" radius="0.5" length="4" />
		<capsule pos="0.0,-2.75,-1.1500000000000004" vel="0,0,0" mass="1" elasticityCoef="1" ang="90,0,0" color="0,220,0" radius="0.5" length="4" />
		<capsule pos="0.0,-2.75,1.1499999999999986" vel="0,0,0" mass="1" elasticityCoef="1" ang="90,0,0" color="0,220,0" radius="0.5" length="4" />
		<capsule pos="0.0,-2.75,3.4499999999999993" vel="0,0,0" mass="1" elasticityCoef="1" ang="90,0,0" color="0,220,0" radius="0.5" length="4" />
		<capsule pos="0.0,-2.75,5.75" vel="0,0,0" mass="1" elasticityCoef="1" ang="90,0,0" color="0,220,0" radius="0.5" length="4" />
		<capsule pos="0.0,-2.75,8.05" vel="0,0,0" mass="1" elasticityCoef="1" ang="90,0,0" color="0,220,0" radius="0.5" length="4" />
		<capsule pos="0.0,-2.75,10.349999999999998" vel="0,0,0" mass="1" elasticityCoef="1" ang="90,0,0" color="0,220,0" radius="0.5" length="4" />
		<capsule pos="0.0,-2.75,12.649999999999999" vel="0,0,0" mass="1" elasticityCoef="1" ang="90,0,0" color="0,220,0" radius="0.5" length="4" />
		<capsule pos="0.0,2.75,-14.95" vel="0,0,0" mass="1" elasticityCoef="1" ang="90,0,0" color="0,220,0" radius="0.5" length="4" />
		<capsule pos="0.0,2.75,-12.649999999999999" vel="0,0,0" mass="1" elasticityCoef="1" ang="90,0,0" color="0,220,0" radius="0.5" length="4" />
		<capsule pos="0.0,2.75,-10.35" vel="0,0,0" mass="1" elasticityCoef="1" ang="90,0,0" color="0,220,0" radius="0.5" length="4" />
		<capsule pos="0.0,2.75,-8.05" vel="0,0,0" mass="1" elasticityCoef="1" ang="90,0,0" color="0,220,0" radius="0.5" length="4" />
		<capsule pos="0.0,2.75,-5.75" vel="0,0,0" mass="1" elasticityCoef="1" ang="90,0,0" color="0,220,0" radius="0.5" length="4" />
		<capsule pos="0.0,2.75,-3.4499999999999993" vel="0,0,0" mass="1" elasticityCoef="1" ang="90,0,0" color="0,220,0" radius="0.5" length="4" />
		<capsule pos="0.0,2.75,-1.1500000000000004" vel="0,0,0" mass="1" elasticityCoef="1" ang="90,0,0" color="0,220,0" radius="0.5" length="4" />
		<capsule pos="0.0,2.75,1.1499999999999986" vel="0,0,0" mass="1" elasticityCoef="1" ang="90,0,0" color="0,220,0" radius="0.5" length="4" />
		<capsule pos="0.0,2.75,3.4499999999999993" vel="0,0,0" mass="1" elasticityCoef="1" ang="90,0,0" color="0,220,0" radius="0.5" length="4" />
		<capsule pos="0.0,2.75,5.75" vel="0,0,0" mass="1" elasticityCoef="1" ang="90,0,0" color="0,220,0" radius="0.5" length="4" />
		<capsule pos="0.0,2.75,8.05" vel="0,0,0" mass="1" elasticityCoef="1" ang="90,0,0" color="0,220,0" radius="0.5" length="4" />
		<capsule pos="0.0,2.75,10.349999999999998" vel="0,0,0" mass="1" elasticityCoef="1" ang="90,0,0" color="0,220,0" radius="0.5" length="4" />
		<capsule pos="0.0,2.75,12.649999999999999" vel="0,0,0" mass="1" elasticityCoef="1" ang="90,0,0" color="0,220,0" radius="0.5" length="4" />
		<capsule pos="0.0,8.25,-14.95" vel="0,0,0" mass="1" elasticityCoef="1" ang="90,0,0" color="0,220,0" radius="0.5" length="4" />
		<capsule pos="0.0,8.25,-12.649999999999999" vel="0,0,0" mass="1" elasticityCoef="1" ang="90,0,0" color="0,220,0" radius="0.5" length="4" />
		<capsule pos="0.0,8.25,-10.35" vel="0,0,0" mass="1" elasticityCoef="1" ang="90,0,0" color="0,220,0" radius="0.5" length="4" />
		<capsule pos="0.0,8.25,-8.05" vel="0,0,0" mass="1" elasticityCoef="1" ang="90,0,0" color="0,220,0" radius="0.5" length="4" />
		<capsule pos="0.0,8.25,-5.75" vel="0,0,0" mass="1" elasticityCoef="1" ang="90,0,0" color="0,220,0" radius="0.5" length="4" />
		<capsule pos="0.0,8.25,-3.4499999999999993" vel="0,0,0" mass="1" elasticityCoef="1" ang="90,0,0" color="0,220,0" radius="0.5" length="4" />
		<capsule pos="0.0,8.25,-1.1500000000000004" vel="0,0,0" mass="1" elasticityCoef="1" ang="90,0,0" color="0,220,0" radius="0.5" length="4" />
		<capsule pos="0.0,8.25,1.1499999999999986" vel="0,0,0" mass="1" elasticityCoef="1" ang="90,0,0" color="0,220,0" radius="0.5" length="4" />
		<capsule pos="0.0,8.25,3.4499999999999993" vel="0,0,0" mass="1" elasticityCoef="1" ang="90,0,0" color="0,220,0" radius="0.5" length="4" />
		<capsule pos="0.0,8.25,5.75" vel="0,0,0" mass="1" elasticityCoef="1" ang="90,0,0" color="0,220,0" radius="0.5" length="4" />
		<capsule pos="0.0,8.25,8.05" vel="0,0,0" mass="1" elasticityCoef="1" ang="90,0,0" color="0,220,0" radius="0.5" length="4" />
		<capsule pos="0.0,8.25,10.349999999999998" vel="0,0,0" mass="1" elasticityCoef="1" ang="90,0,0" color="0,220,0" radius="0.5" length="4" />
		<capsule pos="0.0,8.25,12.649999999999999" vel="0,0,0" mass="1" elasticityCoef="1" ang="90,0,0" color="0,220,0" radius="0.5" length="4" />
		<capsule pos="2.299999999999999,-13.75,-14.95" vel="0,0,0" mass="1" elasticityCoef="1" ang="90,0,0" color="0,220,0" radius="0.5" length="4" />
		<capsule pos="2.299999999999999,-13.75,-12.649999999999999" vel="0,0,0" mass="1" elasticityCoef="1" ang="90,0,0" color="0,220,0" radius="0.5" length="4" />
		<capsule pos="2.299999999999999,-13.75,-10.35" vel="0,0,0" mass="1" elasticityCoef="1" ang="90,0,0" color="0,220,0" radius="0.5" length="4" />
		<capsule pos="2.299999999999999,-13.75,-8.05" vel="0,0,0" mass="1" elasticityCoef="1" ang="90,0,0" color="0,220,0" radius="0.5" length="4" />
		<capsule pos="2.299999999999999,-13.75,-5.75" vel="0,0,0" mass="1" elasticityCoef="1" ang="90,0,0" color="0,220,0" radius="0.5" length="4" />
		<capsule pos="2.299999999999999,-13.75,-3.4499999999999993" vel="0,0,0" mass="1" elasticityCoef="1" ang="90,0,0" color="0,220,0" radius="0.5" length="4" />
		<capsule pos="2.299999999999999,-13.75,-1.1500000000000004" vel="0,0,0" mass="1" elasticityCoef="1" ang="90,0,0" color="0,220,0" radius="0.5" length="4" />
		<capsule pos="2.299999999999999,-13.75,1.1499999999999986" vel="0,0,0" mass="1" elasticityCoef="1" ang="90,0,0" color="0,220,0" radius="0.5" length="4" />
		<capsule pos="2.299999999999999,-13.75,3.4499999999999993" vel="0,0,0" mass="1" elasticityCoef="1" ang="90,0,0" color="0,220,0" radius="0.5" length="4" />
		<capsule pos="2.299999999999999,-13.75,5.75" vel="0,0,0" mass="1" elasticityCoef="1" ang="90,0,0" color="0,220,0" radius="0.5" length="4" />
		<capsule pos="2.299999999999999,-13.75,8.05" vel="0,0,0" mass="1" elasticityCoef="1" ang="90,0,0" color="0,220,0" radius="0.5" length="4" />
		<capsule pos="2.299999999999999,-13.75,10.349999999999998" vel="0,0,0" mass="1" elasticityCoef="1" ang="90,0,0" color="0,220,0" radius="0.5" length="4" />
		<capsule pos="2.299999999999999,-13.75,12.649999999999999" vel="0,0,0" mass="1" elasticityCoef="1" ang="90,0,0" color="0,220,0" radius="0.5" length="4" />
		<capsule pos="2.299999999999999,-8.25,-14.95" vel="0,0,0" mass="1" elasticityCoef="1" ang="90,0,0" color="0,220,0" radius="0.5" length="4" />
		<capsule pos="2.299999999999999,-8.25,-12.649999999999999" vel="0,0,0" mass="1" elasticityCoef="1" ang="90,0,0" color="0,220,0" radius="0.5" length="4" />
		<capsule pos="2.299999999999999,-8.25,-10.35" vel="0,0,0" mass="1" elasticityCoef="1" ang="90,0,0" color="0,220,0" radius="0.5" length="4" />
		<capsule pos="2.299999999999999,-8.25,-8.05" vel="0,0,0" mass="1" elasticityCoef="1" ang="90,0,0" color="0,220,0" radius="0.5" length="4" />
		<capsule pos="2.299999999999999,-8.25,-5.75" vel="0,0,0" mass="1" elasticityCoef="1" ang="90,0,0" color="0,220,0" radius="0.5" length="4" />
		<capsule pos="2.299999999999999,-8.25,-3.4499999999999993" vel="0,0,0" mass="1" elasticityCoef="1" ang="90,0,0" color="0,220,0" radius="0.5" length="4" />
		<capsule pos="2.299999999999999,-8.25,-1.1500000000000004" vel="0,0,0" mass="1" elasticityCoef="1" ang="90,0,0" color="0,220,0" radius="0.5" length="4" />
		<capsule pos="2.299999999999999,-8.25,1.1499999999999986" vel="0,0,0" mass="1" elasticityCoef="1" ang="90,0,0" color="0,220,0" radius="0.5" length="4" />
		<capsule pos="2.299999999999999,-8.25,3.4499999999999993" vel="0,0,0" mass="1" elasticityCoef="1" ang="90,0,0" color="0,220,0" radius="0.5" length="4" />
		<capsule pos="2.299999999999999,-8.25,5.75" vel="0,0,0" mass="1" elasticityCoef="1" ang="90,0,0" color="0,220,0" radius="0.5" length="4" />
		<capsule pos="2.299999999999999,-8.25,8.05" vel="0,0,0" mass="1" elasticityCoef="1" ang="90,0,0" color="0,220,0" radius="0.5" length="4" />
		<capsule pos="2.299999999999999,-8.25,10.349999999999998" vel="0,0,0" mass="1" elasticityCoef="1" ang="90,0,0" color="0,220,0" radius="0.5" length="4" />
		<capsule pos="2.299999999999999,-8.25,12.649999999999999" vel="0,0,0" mass="1" elasticityCoef="1" ang="90,0,0" color="0,220,0" radius="0.5" length="4" />
		<capsule pos="2.299999999999999,-2.75,-14.95" vel="0,0,0" mass="1" elasticityCoef="1" ang="90,0,0" color="0,220,0" radius="0.5" length="4" />
		<capsule pos="2.299999999999999,-2.75,-12.649999999999999" vel="0,0,0" mass="1" elasticityCoef="1" ang="90,0,0" color="0,220,0" radius="0.5" length="4" />
		<capsule pos="2.299999999999999,-2.75,-10.35" vel="0,0,0" mass="1" elasticityCoef="1" ang="90,0,0" color="0,220,0" radius="0.5" length="4" />
		<capsule pos="2.299999999999999,-2.75,-8.05" vel="0,0,0" mass="1" elasticityCoef="1" ang="90,0,0" color="0,220,0" radius="0.5" length="4" />
		<capsule pos="2.299999999999999,-2.75,-5.75" vel="0,0,0" mass="1" elasticityCoef="1" ang="90,0,0" color="0,220,0" radius="0.5" length="4" />
		<capsule pos="2.299999999999999,-2.75,-3.4499999999999993" vel="0,0,0" mass="1" elasticityCoef="1" ang="90,0,0" color="0,220,0" radius="0.5" length="4" />
		<capsule pos="2.299999999999999,-2.75,-1.1500000000000004" vel="0,0,0" mass="1" elasticityCoef="1" ang="90,0,0" color="0,220,0" radius="0.5" length="4" />
		<capsule pos="2.299999999999999,-2.75,1.1499999999999986" vel="0,0,0" mass="1" elasticityCoef="1" ang="90,0,0" color="0,220,0" radius="0.5" length="4" />
		<capsule pos="2.299999999999999,-2.75,3.4499999999999993" vel="0,0,0" mass="1" elasticityCoef="1" ang="90,0,0" color="0,220,0" radius="0.5" length="4" />
		<capsule pos="2.299999999999999,-2.75,5.75" vel="0,0,0" mass="1" elasticityCoef="1" ang="90,0,0" color="0,220,0" radius="0.5" length="4" />
		<capsule pos="2.299999999999999,-2.75,8.05" vel="0,0,0" mass="1" elasticityCoef="1" ang="90,0,0" color="0,220,0" radius="0.5" length="4" />
		<capsule pos="2.299999999999999,-2.75,10.349999999999998" vel="0,0,0" mass="1" elasticityCoef="1" ang="90,0,0" color="0,220,0" radius="0.5" length="4" />
		<capsule pos="2.299999999999999,-2.75,12.649999999999999" vel="0,0,0" mass="1" elasticityCoef="1" ang="90,0,0" color="0,220,0" radius="0.5" length="4" />
		<capsule pos="2.299999999999999,2.75,-14.95" vel="0,0,0" mass="1" elasticityCoef="1" ang="90,0,0" color="0,220,0" radius="0.5" length="4" />
		<capsule pos="2.299999999999999,2.75,-12.649999999999999" vel="0,0,0" mass="1" elasticityCoef="1" ang="90,0,0" color="0,220,0" radius="0.5" length="4" />
		<capsule pos="2.299999999999999,2.75,-10.35" vel="0,0,0" mass="1" elasticityCoef="1" ang="90,0,0" color="0,220,0" radius="0.5" length="4" />
		<capsule pos="2.299999999999999,2.75,-8.05" vel="0,0,0" mass="1" elasticityCoef="1" ang="90,0,0" color="0,220,0" radius="0.5" length="4" />
		<capsule pos="2.299999999999999,2.75,-5.75" vel="0,0,0" mass="1" elasticityCoef="1" ang="90,0,0" color="0,220,0" radius="0.5" length="4" />
		<capsule pos="2.299999999999999,2.75,-3.4499999999999993" vel="0,0,0" mass="1" elasticityCoef="1" ang="90,0,0" color="0,220,0" radius="0.5" length="4" />
		<capsule pos="2.299999999999999,2.75,-1.1500000000000004" vel="0,0,0" mass="1" elasticityCoef="1" ang="90,0,0" color="0,220,0" radius="0.5" length="4" />
		<capsule pos="2.299999999999999,2.75,1.1499999999999986" vel="0,0,0" mass="1" elasticityCoef="1" ang="90,0,0" color="0,220,0" radius="0.5" length="4" />
		<capsule pos="2.299999999999999,2.75,3.4499999999999993" vel="0,0,0" mass="1" elasticityCoef="1" ang="90,0,0" color="0,220,0" radius="0.5" length="4" />
		<capsule pos="2.299999999999999,2.75,5.75" vel="0,0,0" mass="1" elasticityCoef="1" ang="90,0,0" color="0,220,0" radius="0.5" length="4" />
		<capsule pos="2.299999999999999,2.75,8.05" vel="0,0,0" mass="1" elasticityCoef="1" ang="90,0,0" color="0,220,0" radius="0.5" length="4" />
		<capsule pos="2.299999999999999,2.75,10.349999999999998" vel="0,0,0" mass="1" elasticityCoef="1" ang="90,0,0" color="0,220,0" radius="0.5" length="4" />
		<capsule pos="2.299999999999999,2.75,12.649999999999999" vel="0,0,0" mass="1" elasticityCoef="1" ang="90,0,0" color="0,220,0" radius="0.5" length="4" />
		<capsule pos="2.299999999999999,8.25,-14.95" vel="0,0,0" mass="1" elasticityCoef="1" ang="90,0,0" color="0,220,0" radius="0.5" length="4" />
		<capsule pos="2.299999999999999,8.25,-12.649999999999999" vel="0,0,0" mass="1" elasticityCoef="1" ang="90,0,0" color="0,220,0" radius="0.5" length="4" />
		<capsule pos="2.299999999999999,8.25,-10.35" vel="0,0,0" mass="1" elasticityCoef="1" ang="90,0,0" color="0,220,0" radius="0.5" length="4" />
		<capsule pos="2.299999999999999,8.25,-8.05" vel="0,0,0" mass="1" elasticityCoef="1" ang="90,0,0" color="0,220,0" radius="0.5" length="4" />
		<capsule pos="2.299999999999999,8.25,-5.75" vel="0,0,0" mass="1" elasticityCoef="1" ang="90,0,0" color="0,220,0" radius="0.5" length="4" />
		<capsule pos="2.299999999999999,8.25,-3.4499999999999993" vel="0,0,0" mass="1" elasticityCoef="1" ang="90,0,0" color="0,220,0" radius="0.5" length="4" />
		<capsule pos="2.299999999999999,8.25,-1.1500000000000004" vel="0,0,0" mass="1" elasticityCoef="1" ang="90,0,0" color="0,220,0" radius="0.5" length="4" />
		<capsule pos="2.299999999999999,8.25,1.1499999999999986" vel="0,0,0" mass="1" elasticityCoef="1" ang="90,0,0" color="0,220,0" radius="0.5" length="4" />
		<capsule pos="2.299999999999999,8.25,3.4499999999999993" vel="0,0,0" mass="1" elasticityCoef="1" ang="90,0,0" color="0,220,0" radius="0.5" length="4" />
		<capsule pos="2.299999999999999,8.25,5.75" vel="0,0,0" mass="1" elasticityCoef="1" ang="90,0,0" color="0,220,0" radius="0.5" length="4" />
		<capsule pos="2.299999999999999,8.25,8.05" vel="0,0,0" mass="1" elasticityCoef="1" ang="90,0,0" color="0,220,0" radius="0.5" length="4" />
		<capsule pos="2.299999999999999,8.25,10.349999999999998" vel="0,0,0" mass="1" elasticityCoef="1" ang="90,0,0" color="0,220,0" radius="0.5" length="4" />
		<capsule pos="2.299999999999999,8.25,12.649999999999999" vel="0,0,0" mass="1" elasticityCoef="1" ang="90,0,0" color="0,220,0" radius="0.5" length="4" />
		<capsule pos="4.6,-13.75,-14.95" vel="0,0,0" mass="1" elasticityCoef="1" ang="90,0,0" color="0,220,0" radius="0.5" length="4" />
		<capsule pos="4.6,-13.75,-12.649999999999999" vel="0,0,0" mass="1" elasticityCoef="1" ang="90,0,0" color="0,220,0" radius="0.5" length="4" />
		<capsule pos="4.6,-13.75,-10.35" vel="0,0,0" mass="1" elasticityCoef="1" ang="90,0,0" color="0,220,0" radius="0.5" length="4" />
		<capsule pos="4.6,-13.75,-8.05" vel="0,0,0" mass="1" elasticityCoef="1" ang="90,0,0" color="0,220,0" radius="0.5" length="4" />
		<capsule pos="4.6,-13.75,-5.75" vel="0,0,0" mass="1" elasticityCoef="1" ang="90,0,0" color="0,220,0" radius="0.5" length="4" />
		<capsule pos="4.6,-13.75,-3.4499999999999993" vel="0,0,0" mass="1" elasticityCoef="1" ang="90,0,0" color="0,220,0" radius="0.5" length="4" />
		<capsule pos="4.6,-13.75,-1.1500000000000004" vel="0,0,0" mass="1" elasticityCoef="1" ang="90,0,0" color="0,220,0" radius="0.5" length="4" />
		<capsule pos="4.6,-13.75,1.1499999999999986" vel="0,0,0" mass="1" elasticityCoef="1" ang="90,0,0" color="0,220,0" radius="0.5" length="4" />
		<capsule pos="4.6,-13.75,3.4499999999999993" vel="0,0,0" mass="1" elasticityCoef="1" ang="90,0,0" color="0,220,0" radius="0.5" length="4" />
		<capsule pos="4.6,-13.75,5.75" vel="0,0,0" mass="1" elasticityCoef="1" ang="90,0,0" color="0,220,0" radius="0.5" length="4" />
		<capsule pos="4.6,-13.75,8.05" vel="0,0,0" mass="1" elasticityCoef="1" ang="90,0,0" color="0,220,0" radius="0.5" length="4" />
		<capsule pos="4.6,-13.75,10.349999999999998" vel="0,0,0" mass="1" elasticityCoef="1" ang="90,0,0" color="0,220,0" radius="0.5" length="4" />
		<capsule pos="4.6,-13.75,12.649999999999999" vel="0,0,0" mass="1" elasticityCoef="1" ang="90,0,0" color="0,220,0" radius="0.5" length="4" />
		<capsule pos="4.6,-8.25,-14.95" vel="0,0,0" mass="1" elasticityCoef="1" ang="90,0,0" color="0,220,0" radius="0.5" length="4" />
		<capsule pos="4.6,-8.25,-12.649999999999999" vel="0,0,0" mass="1" elasticityCoef="1" ang="90,0,0" color="0,220,0" radius="0.5" length="4" />
		<capsule pos="4.6,-8.25,-10.35" vel="0,0,0" mass="1" elasticityCoef="1" ang="90,0,0" color="0,220,0" radius="0.5" length="4" />
		<capsule pos="4.6,-8.25,-8.05" vel="0,0,0" mass="1" elasticityCoef="1" ang="90,0,0" color="0,220,0" radius="0.5" length="4" />
		<capsule pos="4.6,-8.25,-5.75" vel="0,0,0" mass="1" elasticityCoef="1" ang="90,0,0" color="0,220,0" radius="0.5" length="4" />
		<capsule pos="4.6,-8.25,-3.4499999999999993" vel="0,0,0" mass="1" elasticityCoef="1" ang="90,0,0" color="0,220,0" radius="0.5" length="4" />
		<capsule pos="4.6,-8.25,-1.1500000000000004" vel="0,0,0" mass="1" elasticityCoef="1" ang="90,0,0" color="0,220,0" radius="0.5" length="4" />
		<capsule pos="4.6,-8.25,1.1499999999999986" vel="0,0,0" mass="1" elasticityCoef="1" ang="90,0,0" color="0,220,0" radius="0.5" length="4" />
		<capsule pos="4.6,-8.25,3.4499999999999993" vel="0,0,0" mass="1" elasticityCoef="1" ang="90,0,0" color="0,220,0" radius="0.5" length="4" />
		<capsule pos="4.6,-8.25,5.75" vel="0,0,0" mass="1" elasticityCoef="1" ang="90,0,0" color="0,220,0" radius="0.5" length="4" />
		<capsule pos="4.6,-8.25,8.05" vel="0,0,0" mass="1" elasticityCoef="1" ang="90,0,0" color="0,220,0" radius="0.5" length="4" />
		<capsule pos="4.6,-8.25,10.349999999999998" vel="0,0,0" mass="1" elasticityCoef="1" ang="90,0,0" color="0,220,0" radius="0.5" length="4" />
		<capsule pos="4.6,-8.25,12.649999999999999" vel="0,0,0" mass="1" elasticityCoef="1" ang="90,0,0" color="0,220,0" radius="0.5" length="4" />
		<capsule pos="4.6,-2.75,-14.95" vel="0,0,0" mass="1" elasticityCoef="1" ang="90,0,0" color="0,220,0" radius="0.5" length="4" />
		<capsule pos="4.6,-2.75,-12.649999999999999" vel="0,0,0" mass="1" elasticityCoef="1" ang="90,0,0" color="0,220,0" radius="0.5" length="4" />
		<capsule pos="4.6,-2.75,-10.35" vel="0,0,0" mass="1" elasticityCoef="1" ang="90,0,0" color="0,220,0" radius="0.5" length="4" />
		<capsule pos="4.6,-2.75,-8.05" vel="0,0,0" mass="1" elasticityCoef="1" ang="90,0,0" color="0,220,0" radius="0.5" length="4" />
		<capsule pos="4.6,-2.75,-5.75" vel="0,0,0" mass="1" elasticityCoef="1" ang="90,0,0" color="0,220,0" radius="0.5" length="4" />
		<capsule pos="4.6,-2.75,-3.4499999999999993" vel="0,0,0" mass="1" elasticityCoef="1" ang="90,0,0" color="0,220,0" radius="0.5" length="4" />
		<capsule pos="4.6,-2.75,-1.1500000000000004" vel="0,0,0" mass="1" elasticityCoef="1" ang="90,0,0" color="0,220,0" radius="0.5" length="4" />
		<capsule pos="4.6,-2.75,1.1499999999999986" vel="0,0,0" mass="1" elasticityCoef="1" ang="90,0,0" color="0,220,0" radius="0.5" length="4" />
		<capsule pos="4.6,-2.75,3.4499999999999993" vel="0,0,0" mass="1" elasticityCoef="1" ang="90,0,0" color="0,220,0" radius="0.5" length="4" />
		<capsule pos="4.6,-2.75,5.75" vel="0,0,0" mass="1" elasticityCoef="1" ang="90,0,0" color="0,220,0" radius="0.5" length="4" />
		<capsule pos="4.6,-2.75,8.05" vel="0,0,0" mass="1" elasticityCoef="1" ang="90,0,0" color="0,220,0" radius="0.5" length="4" />
		<capsule pos="4.6,-2.75,10.349999999999998" vel="0,0,0" mass="1" elasticityCoef="1" ang="90,0,0" color="0,220,0" radius="0.5" length="4" />
		<capsule pos="4.6,-2.75,12.649999999999999" vel="0,0,0" mass="1" elasticityCoef="1" ang="90,0,0" color="0,220,0" radius="0.5" length="4" />
		<capsule pos="4.6,2.75,-14.95" vel="0,0,0" mass="1" elasticityCoef="1" ang="90,0,0" color="0,220,0" radius="0.5" length="4" />
		<capsule pos="4.6,2.75,-12.649999999999999" vel="0,0,0" mass="1" elasticityCoef="1" ang="90,0,0" color="0,220,0" radius="0.5" length="4" />
		<capsule pos="4.6,2.75,-10.35" vel="0,0,0" mass="1" elasticityCoef="1" ang="90,0,0" color="0,220,0" radius="0.5" length="4" />
		<capsule pos="4.6,2.75,-8.05" vel="0,0,0" mass="1" elasticityCoef="1" ang="90,0,0" color="0,220,0" radius="0.5" length="4" />
		<capsule pos="4.6,2.75,-5.75" vel="0,0,0" mass="1" elasticityCoef="1" ang="90,0,0" color="0,220,0" radius="0.5" length="4" />
		<capsule pos="4.6,2.75,-3.4499999999999993" vel="0,0,0" mass="1" elasticityCoef="1" ang="90,0,0" color="0,220,0" radius="0.5" length="4" />
		<capsule pos="4.6,2.75,-1.1500000000000004" vel="0,0,0" mass="1" elasticityCoef="1" ang="90,0,0" color="0,220,0" radius="0.5" length="4" />
		<capsule pos="4.6,2.75,1.1499999999999986" vel="0,0,0" mass="1" elasticityCoef="1" ang="90,0,0" color="0,220,0" radius="0.5" length="4" />
		<capsule pos="4.6,2.75,3.4499999999999993" vel="0,0,0" mass="1" elasticityCoef="1" ang="90,0,0" color="0,220,0" radius="0.5" length="4" />
		<capsule pos="4.6,2.75,5.75" vel="0,0,0" mass="1" elasticityCoef="1" ang="90,0,0" color="0,220,0" radius="0.5" length="4" />
		<capsule pos="4.6,2.75,8.05" vel="0,0,0" mass="1" elasticityCoef="1" ang="90,0,0" color="0,220,0" radius="0.5" length="4" />
		<capsule pos="4.6,2.75,10.349999999999998" vel="0,0,0" mass="1" elasticityCoef="1" ang="90,0,0" color="0,220,0" radius="0.5" length="4" />
		<capsule pos="4.6,2.75,12.649999999999999" vel="0,0,0" mass="1" elasticityCoef="1" ang="90,0,0" color="0,220,0" radius="0.5" length="4" />
		<capsule pos="4.6,8.25,-14.95" vel="0,0,0" mass="1" elasticityCoef="1" ang="90,0,0" color="0,220,0" radius="0.5" length="4" />
		<capsule pos="4.6,8.25,-12.649999999999999" vel="0,0,0" mass="1" elasticityCoef="1" ang="90,0,0" color="0,220,0" radius="0.5" length="4" />
		<capsule pos="4.6,8.25,-10.35" vel="0,0,0" mass="1" elasticityCoef="1" ang="90,0,0" color="0,220,0" radius="0.5" length="4" />
		<capsule pos="4.6,8.25,-8.05" vel="0,0,0" mass="1" elasticityCoef="1" ang="90,0,0" color="0,220,0" radius="0.5" length="4" />
		<capsule pos="4.6,8.25,-5.75" vel="0,0,0" mass="1" elasticityCoef="1" ang="90,0,0" color="0,220,0" radius="0.5" length="4" />
		<capsule pos="4.6,8.25,-3.4499999999999993" vel="0,0,0" mass="1" elasticityCoef="1" ang="90,0,0" color="0,220,0" radius="0.5" length="4" />
		<capsule pos="4.6,8.25,-1.1500000000000004" vel="0,0,0" mass="1" elasticityCoef="1" ang="90,0,0" color="0,220,0" radius="0.5" length="4" />
		<capsule pos="4.6,8.25,1.1499999999999986" vel="0,0,0" mass="1" elasticityCoef="1" ang="90,0,0" color="0,220,0" radius="0.5" length="4" />
		<capsule pos="4.6,8.25,3.4499999999999993" vel="0,0,0" mass="1" elasticityCoef="1" ang="90,0,0" color="0,220,0" radius="0.5" length="4" />
		<capsule pos="4.6,8.25,5.75" vel="0,0,0" mass="1" elasticityCoef="1" ang="90,0,0" color="0,220,0" radius="0.5" length="4" />
		<capsule pos="4.6,8.25,8.05" vel="0,0,0" mass="1" elasticityCoef="1" ang="90,0,0" color="0,220,0" radius="0.5" length="4" />
		<capsule pos="4.6,8.25,10.349999999999998" vel="0,0,0" mass="1" elasticityCoef="1" ang="90,0,0" color="0,220,0" radius="0.5" length="4" />
		<capsule pos="4.6,8.25,12.649999999999999" vel="0,0,0" mass="1" elasticityCoef="1" ang="90,0,0" color="0,220,0" radius="0.5" length="4" />
		<capsule pos="6.9,-13.75,-14.95" vel="0,0,0" mass="1" elasticityCoef="1" ang="90,0,0" color="0,220,0" radius="0.5" length="4" />
		<capsule pos="6.9,-13.75,-12.649999999999999" vel="0,0,0" mass="1" elasticityCoef="1" ang="90,0,0" color="0,220,0" radius="0.5" length="4" />
		<capsule pos="6.9,-13.75,-10.35" vel="0,0,0" mass="1" elasticityCoef="1" ang="90,0,0" color="0,220,0" radius="0.5" length="4" />
		<capsule pos="6.9,-13.75,-8.05" vel="0,0,0" mass="1" elasticityCoef="1" ang="90,0,0" color="0,220,0" radius="0.5" length="4" />
		<capsule pos="6.9,-13.75,-5.75" vel="0,0,0" mass="1" elasticityCoef="1" ang="90,0,0" color="0,220,0" radius="0.5" length="4" />
		<capsule pos="6.9,-13.75,-3.4499999999999993" vel="0,0,0" mass="1" elasticityCoef="1" ang="90,0,0" color="0,220,0" radius="0.5" length="4" />
		<capsule pos="6.9,-13.75,-1.1500000000000004" vel="0,0,0" mass="1" elasticityCoef="1" ang="90,0,0" color="0,220,0" radius="0.5" length="4" />
		<capsule pos="6.9,-13.75,1.1499999999999986" vel="0,0,0" mass="1" elasticityCoef="1" ang="90,0,0" color="0,220,0" radius="0.5" length="4" />
		<capsule pos="6.9,-13.75,3.4499999999999993" vel="0,0,0" mass="1" elasticityCoef="1" ang="90,0,0" color="0,220,0" radius="0.5" length="4" />
		<capsule pos="6.9,-13.75,5.75" vel="0,0,0" mass="1" elasticityCoef="1" ang="90,0,0" color="0,220,0" radius="0.5" length="4" />
		<capsule pos="6.9,-13.75,8.05" vel="0,0,0" mass="1" elasticityCoef="1" ang="90,0,0" color="0,220,0" radius="0.5" length="4" />
		<capsule pos="6.9,-13.75,10.349999999999998" vel="0,0,0" mass="1" elasticityCoef="1" ang="90,0,0" color="0,220,0" radius="0.5" length="4" />
		<capsule pos="6.9,-13.75,12.649999999999999" vel="0,0,0" mass="1" elasticityCoef="1" ang="90,0,0" color="0,220,0" radius="0.5" length="4" />
		<capsule pos="6.9,-8.25,-14.95" vel="0,0,0" mass="1" elasticityCoef="1" ang="90,0,0" color="0,220,0" radius="0.5" length="4" />
		<capsule pos="6.9,-8.25,-12.649999999999999" vel="0,0,0" mass="1" elasticityCoef="1" ang="90,0,0" color="0,220,0" radius="0.5" length="4" />
		<capsule pos="6.9,-8.25,-10.35" vel="0,0,0" mass="1" elasticityCoef="1" ang="90,0,0" color="0,220,0" radius="0.5" length="4" />
		<capsule pos="6.9,-8.25,-8.05" vel="0,0,0" mass="1" elasticityCoef="1" ang="90,0,0" color="0,220,0" radius="0.5" length="4" />
		<capsule pos="6.9,-8.25,-5.75" vel="0,0,0" mass="1" elasticityCoef="1" ang="90,0,0" color="0,220,0" radius="0.5" length="4" />
		<capsule pos="6.9,-8.25,-3.4499999999999993" vel="0,0,0" mass="1" elasticityCoef="1" ang="90,0,0" color="0,220,0" radius="0.5" length="4" />
		<capsule pos="6.9,-8.25,-1.1500000000000004" vel="0,0,0" mass="1" elasticityCoef="1" ang="90,0,0" color="0,220,0" radius="0.5" length="4" />
		<capsule pos="6.9,-8.25,1.1499999999999986" vel="0,0,0" mass="1" elasticityCoef="1" ang="90,0,0" color="0,220,0" radius="0.5" length="4" />
		<capsule pos="6.9,-8.25,3.4499999999999993" vel="0,0,0" mass="1" elasticityCoef="1" ang="90,0,0" color="0,220,0" radius="0.5" length="4" />
		<capsule pos="6.9,-8.25,5.75" vel="0,0,0" mass="1" elasticityCoef="1" ang="90,0,0" color="0,220,0" radius="0.5" length="4" />
		<capsule pos="6.9,-8.25,8.05" vel="0,0,0" mass="1" elasticityCoef="1" ang="90,0,0" color="0,220,0" radius="0.5" length="4" />
		<capsule pos="6.9,-8.25,10.349999999999998" vel="0,0,0" mass="1" elasticityCoef="1" ang="90,0,0" color="0,220,0" radius="0.5" length="4" />
		<capsule pos="6.9,-8.25,12.649999999999999" vel="0,0,0" mass="1" elasticityCoef="1" ang="90,0,0" color="0,220,0" radius="0.5" length="4" />
		<capsule pos="6.9,-2.75,-14.95" vel="0,0,0" mass="1" elasticityCoef="1" ang="90,0,0" color="0,220,0" radius="0.5" length="4" />
		<capsule pos="6.9,-2.75,-12.649999999999999" vel="0,0,0" mass="1" elasticityCoef="1" ang="90,0,0" color="0,220,0" radius="0.5" length="4" />
		<capsule pos="6.9,-2.75,-10.35" vel="0,0,0" mass="1" elasticityCoef="1" ang="90,0,0" color="0,220,0" radius="0.5" length="4" />
		<capsule pos="6.9,-2.75,-8.05" vel="0,0,0" mass="1" elasticityCoef="1" ang="90,0,0" color="0,220,0" radius="0.5" length="4" />
		<capsule pos="6.9,-2.75,-5.75" vel="0,0,0" mass="1" elasticityCoef="1" ang="90,0,0" color="0,220,0" radius="0.5" length="4" />
		<capsule pos="6.9,-2.75,-3.4499999999999993" vel="0,0,0" mass="1" elasticityCoef="1" ang="90,0,0" color="0,220,0" radius="0.5" length="4" />
		<capsule pos="6.9,-2.75,-1.1500000000000004" vel="0,0,0" mass="1" elasticityCoef="1" ang="90,0,0" color="0,220,0" radius="0.5" length="4" />
		<capsule pos="6.9,-2.75,1.1499999999999986" vel="0,0,0" mass="1" elasticityCoef="1" ang="90,0,0" color="0,220,0" radius="0.5" length="4" />
		<capsule pos="6.9,-2.75,3.4499999999999993" vel="0,0,0" mass="1" elasticityCoef="1" ang="90,0,0" color="0,220,0" radius="0.5" length="4" />
		<capsule pos="6.9,-2.75,5.75" vel="0,0,0" mass="1" elasticityCoef="1" ang="90,0,0" color="0,220,0" radius="0.5" length="4" />
		<capsule pos="6.9,-2.75,8.05" vel="0,0,0" mass="1" elasticityCoef="1" ang="90,0,0" color="0,220,0" radius="0.5" length="4" />
		<capsule pos="6.9,-2.75,10.349999999999998" vel="0,0,0" mass="1" elasticityCoef="1" ang="90,0,0" color="0,220,0" radius="0.5" length="4" />
		<capsule pos="6.9,-2.75,12.649999999999999" vel="0,0,0" mass="1" elasticityCoef="1" ang="90,0,0" color="0,220,0" radius="0.5" length="4" />
		<capsule pos="6.9,2.75,-14.95" vel="0,0,0" mass="1" elasticityCoef="1" ang="90,0,0" color="0,220,0" radius="0.5" length="4" />
		<capsule pos="6.9,2.75,-12.649999999999999" vel="0,0,0" mass="1" elasticityCoef="1" ang="90,0,0" color="0,220,0" radius="0.5" length="4" />
		<capsule pos="6.9,2.75,-10.35" vel="0,0,0" mass="1" elasticityCoef="1" ang="90,0,0" color="0,220,0" radius="0.5" length="4" />
		<capsule pos="6.9,2.75,-8.05" vel="0,0,0" mass="1" elasticityCoef="1" ang="90,0,0" color="0,220,0" radius="0.5" length="4" />
		<capsule pos="6.9,2.75,-5.75" vel="0,0,0" mass="1" elasticityCoef="1" ang="90,0,0" color="0,220,0" radius="0.5" length="4" />
		<capsule pos="6.9,2.75,-3.4499999999999993" vel="0,0,0" mass="1" elasticityCoef="1" ang="90,0,0" color="0,220,0" radius="0.5" length="4" />
		<capsule pos="6.9,2.75,-1.1500000000000004" vel="0,0,0" mass="1" elasticityCoef="1" ang="90,0,0" color="0,220,0" radius="0.5" length="4" />
		<capsule pos="6.9,2.75,1.1499999999999986" vel="0,0,0" mass="1" elasticityCoef="1" ang="90,0,0" color="0,220,0" radius="0.5" length="4" />
		<capsule pos="6.9,2.75,3.4499999999999993" vel="0,0,0" mass="1" elasticityCoef="1" ang="90,0,0" color="0,220,0" radius="0.5" length="4" />
		<capsule pos="6.9,2.75,5.75" vel="0,0,0" mass="1" elasticityCoef="1" ang="90,0,0" color="0,220,0" radius="0.5" length="4" />
		<capsule pos="6.9,2.75,8.05" vel="0,0,0" mass="1" elasticityCoef="1" ang="90,0,0" color="0,220,0" radius="0.5" length="4" />
		<capsule pos="6.9,2.75,10.349999999999998" vel="0,0,0" mass="1" elasticityCoef="1" ang="90,0,0" color="0,220,0" radius="0.5" length="4" />
		<capsule pos="6.9,2.75,12.649999999999999" vel="0,0,0" mass="1" elasticityCoef="1" ang="90,0,0" color="0,220,0" radius="0.5" length="4" />
		<capsule pos="6.9,8.25,-14.95" vel="0,0,0" mass="1" elasticityCoef="1" ang="90,0,0" color="0,220,0" radius="0.5" length="4" />
		<capsule pos="6.9,8.25,-12.649999999999999" vel="0,0,0" mass="1" elasticityCoef="1" ang="90,0,0" color="0,220,0" radius="0.5" length="4" />
		<capsule pos="6.9,8.25,-10.35" vel="0,0,0" mass="1" elasticityCoef="1" ang="90,0,0" color="0,220,0" radius="0.5" length="4" />
		<capsule pos="6.9,8.25,-8.05" vel="0,0,0" mass="1" elasticityCoef="1" ang="90,0,0" color="0,220,0" radius="0.5" length="4" />
		<capsule pos="6.9,8.25,-5.75" vel="0,0,0" mass="1" elasticityCoef="1" ang="90,0,0" color="0,220,0" radius="0.5" length="4" />
		<capsule pos="6.9,8.25,-3.4499999999999993" vel="0,0,0" mass="1" elasticityCoef="1" ang="90,0,0" color="0,220,0" radius="0.5" length="4" />
		<capsule pos="6.9,8.25,-1.1500000000000004" vel="0,0,0" mass="1" elasticityCoef="1" ang="90,0,0" color="0,220,0" radius="0.5" length="4" />
		<capsule pos="6.9,8.25,1.1499999999999986" vel="0,0,0" mass="1" elasticityCoef="1" ang="90,0,0" color="0,220,0" radius="0.5" length="4" />
		<capsule pos="6.9,8.25,3.4499999999999993" vel="0,0,0" mass="1" elasticityCoef="1" ang="90,0,0" color="0,220,0" radius="0.5" length="4" />
		<capsule pos="6.9,8.25,5.75" vel="0,0,0" mass="1" elasticityCoef="1" ang="90,0,0" color="0,220,0" radius="0.5" length="4" />
		<capsule pos="6.9,8.25,8.05" vel="0,0,0" mass="1" elasticityCoef="1" ang="90,0,0" color="0,220,0" radius="0.5" length="4" />
		<capsule pos="6.9,8.25,10.349999999999998" vel="0,0,0" mass="1" elasticityCoef="1" ang="90,0,0" color="0,220,0" radius="0.5" length="4" />
		<capsule pos="6.9,8.25,12.649999999999999" vel="0,0,0" mass="1" elasticityCoef="1" ang="90,0,0" color="0,220,0" radius="0.5" length="4" />
		<capsule pos="9.200000000000001,-13.75,-14.95" vel="0,0,0" mass="1" elasticityCoef="1" ang="90,0,0" color="0,220,0" radius="0.5" length="4" />
		<capsule pos="9.200000000000001,-13.75,-12.649999999999999" vel="0,0,0" mass="1" elasticityCoef="1" ang="90,0,0" color="0,220,0" radius="0.5" length="4" />
		<capsule pos="9.200000000000001,-13.75,-10.35" vel="0,0,0" mass="1" elasticityCoef="1" ang="90,0,0" color="0,220,0" radius="0.5" length="4" />
		<capsule pos="9.200000000000001,-13.75,-8.05" vel="0,0,0" mass="1" elasticityCoef="1" ang="90,0,0" color="0,220,0" radius="0.5" length="4" />
		<capsule pos="9.200000000000001,-13.75,-5.75" vel="0,0,0" mass="1" elasticityCoef="1" ang="90,0,0" color="0,220,0" radius="0.5" length="4" />
		<capsule pos="9.200000000000001,-13.75,-3.4499999999999993" vel="0,0,0" mass="1" elasticityCoef="1" ang="90,0,0" color="0,220,0" radius="0.5" length="4" />
		<capsule pos="9.200000000000001,-13.75,-1.1500000000000004" vel="0,0,0" mass="1" elasticityCoef="1" ang="90,0,0" color="0,220,0" radius="0.5" length="4" />
		<capsule pos="9.200000000000001,-13.75,1.1499999999999986" vel="0,0,0" mass="1" elasticityCoef="1" ang="90,0,0" color="0,220,0" radius="0.5" length="4" />
		<capsule pos="9.200000000000001,-13.75,3.4499999999999993" vel="0,0,0" mass="1" elasticityCoef="1" ang="90,0,0" color="0,220,0" radius="0.5" length="4" />
		<capsule pos="9.200000000000001,-13.75,5.75" vel="0,0,0" mass="1" elasticityCoef="1" ang="90,0,0" color="0,220,0" radius="0.5" length="4" />
		<capsule pos="9.200000000000001,-13.75,8.05" vel="0,0,0" mass="1" elasticityCoef="1" ang="90,0,0" color="0,220,0" radius="0.5" length="4" />
		<capsule pos="9.200000000000001,-13.75,10.349999999999998" vel="0,0,0" mass="1" elasticityCoef="1" ang="90,0,0" color="0,220,0" radius="0.5" length="4" />
		<capsule pos="9.200000000000001,-13.75,12.649999999999999" vel="0,0,0" mass="1" elasticityCoef="1" ang="90,0,0" color="0,220,0" radius="0.5" length="4" />
		<capsule pos="9.200000000000001,-8.25,-14.95" vel="0,0,0" mass="1" elasticityCoef="1" ang="90,0,0" color="0,220,0" radius="0.5" length="4" />
		<capsule pos="9.200000000000001,-8.25,-12.649999999999999" vel="0,0,0" mass="1" elasticityCoef="1" ang="90,0,0" color="0,220,0" radius="0.5" length="4" />
		<capsule pos="9.200000000000001,-8.25,-10.35" vel="0,0,0" mass="1" elasticityCoef="1" ang="90,0,0" color="0,220,0" radius="0.5" length="4" />
		<capsule pos="9.200000000000001,-8.25,-8.05" vel="0,0,0" mass="1" elasticityCoef="1" ang="90,0,0" color="0,220,0" radius="0.5" length="4" />
		<capsule pos="9.200000000000001,-8.25,-5.75" vel="0,0,0" mass="1" elasticityCoef="1" ang="90,0,0" color="0,220,0" radius="0.5" length="4" />
		<capsule pos="9.200000000000001,-8.25,-3.4499999999999993" vel="0,0,0" mass="1" elasticityCoef="1" ang="90,0,0" color="0,220,0" radius="0.5" length="4" />
		<capsule pos="9.200000000000001,-8.25,-1.1500000000000004" vel="0,0,0" mass="1" elasticityCoef="1" ang="90,0,0" color="0,220,0" radius="0.5" length="4" />
		<capsule pos="9.200000000000001,-8.25,1.1499999999999986" vel="0,0,0" mass="1" elasticityCoef="1" ang="90,0,0" color="0,220,0" radius="0.5" length="4" />
		<capsule pos="9.200000000000001,-8.25,3.4499999999999993" vel="0,0,0" mass="1" elasticityCoef="1" ang="90,0,0" color="0,220,0" radius="0.5" length="4" />
		<capsule pos="9.200000000000001,-8.25,5.75" vel="0,0,0" mass="1" elasticityCoef="1" ang="90,0,0" color="0,220,0" radius="0.5" length="4" />
		<capsule pos="9.200000000000001,-8.25,8.05" vel="0,0,0" mass="1" elasticityCoef="1" ang="90,0,0" color="0,220,0" radius="0.5" length="4" />
		<capsule pos="9.200000000000001,-8.25,10.349999999999998" vel="0,0,0" mass="1" elasticityCoef="1" ang="90,0,0" color="0,220,0" radius="0.5" length="4" />
		<capsule pos="9.200000000000001,-8.25,12.649999999999999" vel="0,0,0" mass="1" elasticityCoef="1" ang="90,0,0" color="0,220,0" radius="0.5" length="4" />
		<capsule pos="9.200000000000001,-2.75,-14.95" vel="0,0,0" mass="1" elasticityCoef="1" ang="90,0,0" color="0,220,0" radius="0.5" length="4" />
		<capsule pos="9.200000000000001,-2.75,-12.649999999999999" vel="0,0,0" mass="1" elasticityCoef="1" ang="90,0,0" color="0,220,0" radius="0.5" length="4" />
		<capsule pos="9.200000000000001,-2.75,-10.35" vel="0,0,0" mass="1" elasticityCoef="1" ang="90,0,0" color="0,220,0" radius="0.5" length="4" />
		<capsule pos="9.200000000000001,-2.75,-8.05" vel="0,0,0" mass="1" elasticityCoef="1" ang="90,0,0" color="0,220,0" radius="0.5" length="4" />
		<capsule pos="9.200000000000001,-2.75,-5.75" vel="0,0,0" mass="1" elasticityCoef="1" ang="90,0,0" color="0,220,0" radius="0.5" length="4" />
		<capsule pos="9.200000000000001,-2.75,-3.4499999999999993" vel="0,0,0" mass="1" elasticityCoef="1" ang="90,0,0" color="0,220,0" radius="0.5" length="4" />
		<capsule pos="9.200000000000001,-2.75,-1.1500000000000004" vel="0,0,0" mass="1" elasticityCoef="1" ang="90,0,0" color="0,220,0" radius="0.5" length="4" />
		<capsule pos="9.200000000000001,-2.75,1.1499999999999986" vel="0,0,0" mass="1" elasticityCoef="1" ang="90,0,0" color="0,220,0" radius="0.5" length="4" />
		<capsule pos="9.200000000000001,-2.75,3.4499999999999993" vel="0,0,0" mass="1" elasticityCoef="1" ang="90,0,0" color="0,220,0" radius="0.5" length="4" />
		<capsule pos="9.200000000000001,-2.75,5.75" vel="0,0,0" mass="1" elasticityCoef="1" ang="90,0,0" color="0,220,0" radius="0.5" length="4" />
		<capsule pos="9.200000000000001,-2.75,8.05" vel="0,0,0" mass="1" elasticityCoef="1" ang="90,0,0" color="0,220,0" radius="0.5" length="4" />
		<capsule pos="9.200000000000001,-2.75,10.349999999999998" vel="0,0,0" mass="1" elasticityCoef="1" ang="90,0,0" color="0,220,0" radius="0.5" length="4" />
		<capsule pos="9.200000000000001,-2.75,12.649999999999999" vel="0,0,0" mass="1" elasticityCoef="1" ang="90,0,0" color="0,220,0" radius="0.5" length="4" />
		<capsule pos="9.200000000000001,2.75,-14.95" vel="0,0,0" mass="1" elasticityCoef="1" ang="90,0,0" color="0,220,0" radius="0.5" length="4" />
		<capsule pos="9.200000000000001,2.75,-12.649999999999999" vel="0,0,0" mass="1" elasticityCoef="1" ang="90,0,0" color="0,220,0" radius="0.5" length="4" />
		<capsule pos="9.200000000000001,2.75,-10.35" vel="0,0,0" mass="1" elasticityCoef="1" ang="90,0,0" color="0,220,0" radius="0.5" length="4" />
		<capsule pos="9.200000000000001,2.75,-8.05" vel="0,0,0" mass="1" elasticityCoef="1" ang="90,0,0" color="0,220,0" radius="0.5" length="4" />
		<capsule pos="9.200000000000001,2.75,-5.75" vel="0,0,0" mass="1" elasticityCoef="1" ang="90,0,0" color="0,220,0" radius="0.5" length="4" />
		<capsule pos="9.200000000000001,2.75,-3.4499999999999993" vel="0,0,0" mass="1" elasticityCoef="1" ang="90,0,0" color="0,220,0" radius="0.5" length="4" />
		<capsule pos="9.200000000000001,2.75,-1.1500000000000004" vel="0,0,0" mass="1" elasticityCoef="1" ang="90,0,0" color="0,220,0" radius="0.5" length="4" />
		<capsule pos="9.200000000000001,2.75,1.1499999999999986" vel="0,0,0" mass="1" elasticityCoef="1" ang="90,0,0" color="0,220,0" radius="0.5" length="4" />
		<capsule pos="9.200000000000001,2.75,3.4499999999999993" vel="0,0,0" mass="1" elasticityCoef="1" ang="90,0,0" color="0,220,0" radius="0.5" length="4" />
		<capsule pos="9.200000000000001,2.75,5.75" vel="0,0,0" mass="1" elasticityCoef="1" ang="90,0,0" color="0,220,0" radius="0.5" length="4" />
		<capsule pos="9.200000000000001,2.75,8.05" vel="0,0,0" mass="1" elasticityCoef="1" ang="90,0,0" color="0,220,0" radius="0.5" length="4" />
		<capsule pos="9.200000000000001,2.75,10.349999999999998" vel="0,0,0" mass="1" elasticityCoef="1" ang="90,0,0" color="0,220,0" radius="0.5" length="4" />
		<capsule pos="9.200000000000001,2.75,12.649999999999999" vel="0,0,0" mass="1" elasticityCoef="1" ang="90,0,0" color="0,220,0" radius="0.5" length="4" />
		<capsule pos="9.200000000000001,8.25,-14.95" vel="0,0,0" mass="1" elasticityCoef="1" ang="90,0,0" color="0,220,0" radius="0.5" length="4" />
		<capsule pos="9.200000000000001,8.25,-12.649999999999999" vel="0,0,0" mass="1" elasticityCoef="1" ang="90,0,0" color="0,220,0" radius="0.5" length="4" />
		<capsule pos="9.200000000000001,8.25,-10.35" vel="0,0,0" mass="1" elasticityCoef="1" ang="90,0,0" color="0,220,0" radius="0.5" length="4" />
		<capsule pos="9.200000000000001,8.25,-8.05" vel="0,0,0" mass="1" elasticityCoef="1" ang="90,0,0" color="0,220,0" radius="0.5" length="4" />
		<capsule pos="9.200000000000001,8.25,-5.75" vel="0,0,0" mass="1" elasticityCoef="1" ang="90,0,0" color="0,220,0" radius="0.5" length="4" />
		<capsule pos="9.200000000000001,8.25,-3.4499999999999993" vel="0,0,0" mass="1" elasticityCoef="1" ang="90,0,0" color="0,220,0" radius="0.5" length="4" />
		<capsule pos="9.200000000000001,8.25,-1.1500000000000004" vel="0,0,0" mass="1" elasticityCoef="1" ang="90,0,0" color="0,220,0" radius="0.5" length="4" />
		<capsule pos="9.200000000000001,8.25,1.1499999999999986" vel="0,0,0" mass="1" elasticityCoef="1" ang="90,0,0" color="0,220,0" radius="0.5" length="4" />
		<capsule pos="9.200000000000001,8.25,3.4499999999999993" vel="0,0,0" mass="1" elasticityCoef="1" ang="90,0,0" color="0,220,0" radius="0.5" length="4" />
		<capsule pos="9.200000000000001,8.25,5.75" vel="0,0,0" mass="1" elasticityCoef="1" ang="90,0,0" color="0,220,0" radius="0.5" length="4" />
		<capsule pos="9.200000000000001,8.25,8.05" vel="0,0,0" mass="1" elasticityCoef="1" ang="90,0,0" color="0,220,0" radius="0.5" length="4" />
		<capsule pos="9.200000000000001,8.25,10.349999999999998" vel="0,0,0" mass="1" elasticityCoef="1" ang="90,0,0" color="0,220,0" radius="0.5" length="4" />
		<capsule pos="9.200000000000001,8.25,12.649999999999999" vel="0,0,0" mass="1" elasticityCoef="1" ang="90,0,0" color="0,220,0" radius="0.5" length="4" />
		<capsule pos="11.499999999999998,-13.75,-14.95" vel="0,0,0" mass="1" elasticityCoef="1" ang="90,0,0" color="0,220,0" radius="0.5" length="4" />
		<capsule pos="11.499999999999998,-13.75,-12.649999999999999" vel="0,0,0" mass="1" elasticityCoef="1" ang="90,0,0" color="0,220,0" radius="0.5" length="4" />
		<capsule pos="11.499999999999998,-13.75,-10.35" vel="0,0,0" mass="1" elasticityCoef="1" ang="90,0,0" color="0,220,0" radius="0.5" length="4" />
		<capsule pos="11.499999999999998,-13.75,-8.05" vel="0,0,0" mass="1" elasticityCoef="1" ang="90,0,0" color="0,220,0" radius="0.5" length="4" />
		<capsule pos="11.499999999999998,-13.75,-5.75" vel="0,0,0" mass="1" elasticityCoef="1" ang="90,0,0" color="0,220,0" radius="0.5" length="4" />
		<capsule pos="11.499999999999998,-13.75,-3.4499999999999993" vel="0,0,0" mass="1" elasticityCoef="1" ang="90,0,0" color="0,220,0" radius="0.5" length="4" />
		<capsule pos="11.499999999999998,-13.75,-1.1500000000000004" vel="0,0,0" mass="1" elasticityCoef="1" ang="90,0,0" color="0,220,0" radius="0.5" length="4" />
		<capsule pos="11.499999999999998,-13.75,1.1499999999999986" vel="0,0,0" mass="1" elasticityCoef="1" ang="90,0,0" color="0,220,0" radius="0.5" length="4" />
		<capsule pos="11.499999999999998,-13.75,3.4499999999999993" vel="0,0,0" mass="1" elasticityCoef="1" ang="90,0,0" color="0,220,0" radius="0.5" length="4" />
		<capsule pos="11.499999999999998,-13.75,5.75" vel="0,0,0" mass="1" elasticityCoef="1" ang="90,0,0" color="0,220,0" radius="0.5" length="4" />
		<capsule pos="11.499999999999998,-13.75,8.05" vel="0,0,0" mass="1" elasticityCoef="1" ang="90,0,0" color="0,220,0" radius="0.5" length="4" />
		<capsule pos="11.499999999999998,-13.75,10.349999999999998" vel="0,0,0" mass="1" elasticityCoef="1" ang="90,0,0" color="0,220,0" radius="0.5" length="4" />
		<capsule pos="11.499999999999998,-13.75,12.649999999999999" vel="0,0,0" mass="1" elasticityCoef="1" ang="90,0,0" color="0,220,0" radius="0.5" length="4" />
		<capsule pos="11.499999999999998,-8.25,-14.95" vel="0,0,0" mass="1" elasticityCoef="1" ang="90,0,0" color="0,220,0" radius="0.5" length="4" />
		<capsule pos="11.499999999999998,-8.25,-12.649999999999999" vel="0,0,0" mass="1" elasticityCoef="1" ang="90,0,0" color="0,220,0" radius="0.5" length="4" />
		<capsule pos="11.499999999999998,-8.25,-10.35" vel="0,0,0" mass="1" elasticityCoef="1" ang="90,0,0" color="0,220,0" radius="0.5" length="4" />
		<capsule pos="11.499999999999998,-8.25,-8.05" vel="0,0,0" mass="1" elasticityCoef="1" ang="90,0,0" color="0,220,0" radius="0.5" length="4" />
		<capsule pos="11.499999999999998,-8.25,-5.75" vel="0,0,0" mass="1" elasticityCoef="1" ang="90,0,0" color="0,220,0" radius="0.5" length="4" />
		<capsule pos="11.499999999999998,-8.25,-3.4499999999999993" vel="0,0,0" mass="1" elasticityCoef="1" ang="90,0,0" color="0,220,0" radius="0.5" length="4" />
		<capsule pos="11.499999999999998,-8.25,-1.1500000000000004" vel="0,0,0" mass="1" elasticityCoef="1" ang="90,0,0" color="0,220,0" radius="0.5" length="4" />
		<capsule pos="11.499999999999998,-8.25,1.1499999999999986" vel="0,0,0" mass="1" elasticityCoef="1" ang="90,0,0" color="0,220,0" radius="0.5" length="4" />
		<capsule pos="11.499999999999998,-8.25,3.4499999999999993" vel="0,0,0" mass="1" elasticityCoef="1" ang="90,0,0" color="0,220,0" radius="0.5" length="4" />
		<capsule pos="11.499999999999998,-8.25,5.75" vel="0,0,0" mass="1" elasticityCoef="1" ang="90,0,0" color="0,220,0" radius="0.5" length="4" />
		<capsule pos="11.499999999999998,-8.25,8.05" vel="0,0,0" mass="1" elasticityCoef="1" ang="90,0,0" color="0,220,0" radius="0.5" length="4" />
		<capsule pos="11.499999999999998,-8.25,10.349999999999998" vel="0,0,0" mass="1" elasticityCoef="1" ang="90,0,0" color="0,220,0" radius="0.5" length="4" />
		<capsule pos="11.499999999999998,-8.25,12.649999999999999" vel="0,0,0" mass="1" elasticityCoef="1" ang="90,0,0" color="0,220,0" radius="0.5" length="4" />
		<capsule pos="11.499999999999998,-2.75,-14.95" vel="0,0,0" mass="1" elasticityCoef="1" ang="90,0,0" color="0,220,0" radius="0.5" length="4" />
		<capsule pos="11.499999999999998,-2.75,-12.649999999999999" vel="0,0,0" mass="1" elasticityCoef="1" ang="90,0,0" color="0,220,0" radius="0.5" length="4" />
		<capsule pos="11.499999999999998,-2.75,-10.35" vel="0,0,0" mass="1" elasticityCoef="1" ang="90,0,0" color="0,220,0" radius="0.5" length="4" />
		<capsule pos="11.499999999999998,-2.75,-8.05" vel="0,0,0" mass="1" elasticityCoef="1" ang="90,0,0" color="0,220,0" radius="0.5" length="4" />
		<capsule pos="11.499999999999998,-2.75,-5.75" vel="0,0,0" mass="1" elasticityCoef="1" ang="90,0,0" color="0,220,0" radius="0.5" length="4" />
		<capsule pos="11.499999999999998,-2.75,-3.4499999999999993" vel="0,0,0" mass="1" elasticityCoef="1" ang="90,0,0" color="0,220,0" radius="0.5" length="4" />
		<capsule pos="11.499999999999998,-2.75,-1.1500000000000004" vel="0,0,0" mass="1" elasticityCoef="1" ang="90,0,0" color="0,220,0" radius="0.5" length="4" />
		<capsule pos="11.499999999999998,-2.75,1.1499999999999986" vel="0,0,0" mass="1" elasticityCoef="1" ang="90,0,0" color="0,220,0" radius="0.5" length="4" />
		<capsule pos="11.499999999999998,-2.75,3.4499999999999993" vel="0,0,0" mass="1" elasticityCoef="1" ang="90,0,0" color="0,220,0" radius="0.5" length="4" />
		<capsule pos="11.499999999999998,-2.75,5.75" vel="0,0,0" mass="1" elasticityCoef="1" ang="90,0,0" color="0,220,0" radius="0.5" length="4" />
		<capsule pos="11.499999999999998,-2.75,8.05" vel="0,0,0" mass="1" elasticityCoef="1" ang="90,0,0" color="0,220,0" radius="0.5" length="4" />
		<capsule pos="11.499999999999998,-2.75,10.349999999999998" vel="0,0,0" mass="1" elasticityCoef="1" ang="90,0,0" color="0,220,0" radius="0.5" length="4" />
		<capsule pos="11.499999999999998,-2.75,12.649999999999999" vel="0,0,0" mass="1" elasticityCoef="1" ang="90,0,0" color="0,220,0" radius="0.5" length="4" />
		<capsule pos="11.499999999999998,2.75,-14.95" vel="0,0,0" mass="1" elasticityCoef="1" ang="90,0,0" color="0,220,0" radius="0.5" length="4" />
		<capsule pos="11.499999999999998,2.75,-12.649999999999999" vel="0,0,0" mass="1" elasticityCoef="1" ang="90,0,0" color="0,220,0" radius="0.5" length="4" />
		<capsule pos="11.499999999999998,2.75,-10.35" vel="0,0,0" mass="1" elasticityCoef="1" ang="90,0,0" color="0,220,0" radius="0.5" length="4" />
		<capsule pos="11.499999999999998,2.75,-8.05" vel="0,0,0" mass="1" elasticityCoef="1" ang="90,0,0" color="0,220,0" radius="0.5" length="4" />
		<capsule pos="11.499999999999998,2.75,-5.75" vel="0,0,0" mass="1" elasticityCoef="1" ang="90,0,0" color="0,220,0" radius="0.5" length="4" />
		<capsule pos="11.499999999999998,2.75,-3.4499999999999993" vel="0,0,0" mass="1" elasticityCoef="1" ang="90,0,0" color="0,220,0" radius="0.5" length="4" />
		<capsule pos="11.499999999999998,2.75,-1.1500000000000004" vel="0,0,0" mass="1" elasticityCoef="1" ang="90,0,0" color="0,220,0" radius="0.5" length="4" />
		<capsule pos="11.499999999999998,2.75,1.1499999999999986" vel="0,0,0" mass="1" elasticityCoef="1" ang="90,0,0" color="0,220,0" radius="0.5" length="4" />
		<capsule pos="11.499999999999998,2.75,3.4499999999999993" vel="0,0,0" mass="1" elasticityCoef="1" ang="90,0,0" color="0,220,0" radius="0.5" length="4" />
		<capsule pos="11.499999999999998,2.75,5.75" vel="0,0,0" mass="1" elasticityCoef="1" ang="90,0,0" color="0,220,0" radius="0.5" length="4" />
		<capsule pos="11.499999999999998,2.75,8.05" vel="0,0,0" mass="1" elasticityCoef="1" ang="90,0,0" color="0,220,0" radius="0.5" length="4" />
		<capsule pos="11.499999999999998,2.75,10.349999999999998" vel="0,0,0" mass="1" elasticityCoef="1" ang="90,0,0" color="0,220,0" radius="0.5" length="4" />
		<capsule pos="11.499999999999998,2.75,12.649999999999999" vel="0,0,0" mass="1" elasticityCoef="1" ang="90,0,0" color="0,220,0" radius="0.5" length="4" />
		<capsule pos="11.499999999999998,8.25,-14.95" vel="0,0,0" mass="1" elasticityCoef="1" ang="90,0,0" color="0,220,0" radius="0.5" length="4" />
		<capsule pos="11.499999999999998,8.25,-12.649999999999999" vel="0,0,0" mass="1" elasticityCoef="1" ang="90,0,0" color="0,220,0" radius="0.5" length="4" />
		<capsule pos="11.499999999999998,8.25,-10.35" vel="0,0,0" mass="1" elasticityCoef="1" ang="90,0,0" color="0,220,0" radius="0.5" length="4" />
		<capsule pos="11.499999999999998,8.25,-8.05" vel="0,0,0" mass="1" elasticityCoef="1" ang="90,0,0" color="0,220,0" radius="0.5" length="4" />
		<capsule pos="11.499999999999998,8.25,-5.75" vel="0,0,0" mass="1" elasticityCoef="1" ang="90,0,0" color="0,220,0" radius="0.5" length="4" />
		<capsule pos="11.499999999999998,8.25,-3.4499999999999993" vel="0,0,0" mass="1" elasticityCoef="1" ang="90,0,0" color="0,220,0" radius="0.5" length="4" />
		<capsule pos="11.499999999999998,8.25,-1.1500000000000004" vel="0,0,0" mass="1" elasticityCoef="1" ang="90,0,0" color="0,220,0" radius="0.5" length="4" />
		<capsule pos="11.499999999999998,8.25,1.1499999999999986" vel="0,0,0" mass="1" elasticityCoef="1" ang="90,0,0" color="0,220,0" radius="0.5" length="4" />
		<capsule pos="11.499999999999998,8.25,3.4499999999999993" vel="0,0,0" mass="1" elasticityCoef="1" ang="90,0,0" color="0,220,0" radius="0.5" length="4" />
		<capsule pos="11.499999999999998,8.25,5.75" vel="0,0,0" mass="1" elasticityCoef="1" ang="90,0,0" color="0,220,0" radius="0.5" length="4" />
		<capsule pos="11.499999999999998,8.25,8.05" vel="0,0,0" mass="1" elasticityCoef="1" ang="90,0,0" color="0,220,0" radius="0.5" length="4" />
		<capsule pos="11.499999999999998,8.25,10.349999999999998" vel="0,0,0" mass="1" elasticityCoef="1" ang="90,0,0" color="0,220,0" radius="0.5" length="4" />
		<capsule pos="11.499999999999998,8.25,12.649999999999999" vel="0,0,0" mass="1" elasticityCoef="1" ang="90,0,0" color="0,220,0" radius="0.5" length="4" />
		<sphere pos="23.799999999999997,23.75,24.95" vel="-20,-20,-20" mass="1000" elasticityCoef="1" ang="0,0,0" color="200,200,200" radius="4" />

	</objects>
</config>
