<?xml version="1.0" encoding="utf-8"?>
<config>
	<objects>
		<capsule pos="-42.55,-49.5,-43.699999999999996" vel="0,0,0" mass="1" elasticityCoef="1" ang="90,0,0" color="0,220,0" radius="0.5" length="4" />
		<capsule pos="-42.55,-49.5,-41.4" vel="0,0,0" mass="1" elasticityCoef="1" ang="90,0,0" color="0,220,0" radius="0.5" length="4" />
		<capsule pos="-42.55,-49.5,-39.099999999999994" vel="0,0,0" mass="1" elasticityCoef="1" ang="90,0,0" color="0,220,0" radius="0.5" length="4" />
		<capsule pos="-42.55,-49.5,-36.8" vel="0,0,0" mass="1" elasticityCoef="1" ang="90,0,0" color="0,220,0" radius="0.5" length="4" />
		<capsule pos="-42.55,-49.5,-34.5" vel="0,0,0" mass="1" elasticityCoef="1" ang="90,0,0" color="0,220,0" radius="0.5" length="4" />
		<capsule pos="-42.55,-49.5,-32.199999999999996" vel="0,0,0" mass="1" elasticityCoef="1" ang="90,0,0" color="0,220,0" radius="0.5" length="4" />
		<capsule pos="-42.55,-49.5,-29.9" vel="0,0,0" mass="1" elasticityCoef="1" ang="90,0,0" color="0,220,0" radius="0.5" length="4" />
		<capsule pos="-42.55,-49.5,-27.599999999999998" vel="0,0,0" mass="1" elasticityCoef="1" ang="90,0,0" color="0,220,0" radius="0.5" length="4" />
		<capsule pos="-42.55,-49.5,-25.299999999999997" vel="0,0,0" mass="1" elasticityCoef="1" ang="90,0,0" color="0,220,0" radius="0.5" length="4" />
		<capsule pos="-42.55,-49.5,-22.999999999999996" vel="0,0,0" mass="1" elasticityCoef="1" ang="90,0,0" color="0,220,0" radius="0.5" length="4" />
		<capsule pos="-42.55,-49.5,-20.699999999999996" vel="0,0,0" mass="1" elasticityCoef="1" ang="90,0,0" color="0,220,0" radius="0.5" length="4" />
		<capsule pos="-42.55,-49.5,-18.4" vel="0,0,0" mass="1" elasticityCoef="1" ang="90,0,0" color="0,220,0" radius="0.5" length="4" />
		<capsule pos="-42.55,-49.5,-16.099999999999998" vel="0,0,0" mass="1" elasticityCoef="1" ang="90,0,0" color="0,220,0" radius="0.5" length="4" />
		<capsule pos="-42.55,-49.5,-13.799999999999997" vel="0,0,0" mass="1" elasticityCoef="1" ang="90,0,0" color="0,220,0" radius="0.5" length="4" />
		<capsule pos="-42.55,-49.5,-11.5" vel="0,0,0" mass="1" elasticityCoef="1" ang="90,0,0" color="0,220,0" radius="0.5" length="4" />
		<capsule pos="-42.55,-49.5,-9.199999999999996" vel="0,0,0" mass="1" elasticityCoef="1" ang="90,0,0" color="0,220,0" radius="0.5" length="4" />
		<capsule pos="-42.55,-49.5,-6.899999999999999" vel="0,0,0" mass="1" elasticityCoef="1" ang="90,0,0" color="0,220,0" radius="0.5" length="4" />
		<capsule pos="-42.55,-49.5,-4.600000000000001" vel="0,0,0" mass="1" elasticityCoef="1" ang="90,0,0" color="0,220,0" radius="0.5" length="4" />
		<capsule pos="-42.55,-49.5,-2.299999999999997" vel="0,0,0" mass="1" elasticityCoef="1" ang="90,0,0" color="0,220,0" radius="0.5" length="4" />
		<capsule pos="-42.55,-49.5,0.0" vel="0,0,0" mass="1" elasticityCoef="1" ang="90,0,0" color="0,220,0" radius="0.5" length="4" />
		<capsule pos="-42.55,-49.5,2.3000000000000043" vel="0,0,0" mass="1" elasticityCoef="1" ang="90,0,0" color="0,220,0" radius="0.5" length="4" />
		<capsule pos="-42.55,-49.5,4.600000000000001" vel="0,0,0" mass="1" elasticityCoef="1" ang="90,0,0" color="0,220,0" radius="0.5" length="4" />
		<capsule pos="-42.55,-49.5,6.899999999999999" vel="0,0,0" mass="1" elasticityCoef="1" ang="90,0,0" color="0,220,0" radius="0.5" length="4" />
		<capsule pos="-42.55,-49.5,9.200000000000003" vel="0,0,0" mass="1" elasticityCoef="1" ang="90,0,0" color="0,220,0" radius="0.5" length="4" />
		<capsule pos="-42.55,-49.5,11.5" vel="0,0,0" mass="1" elasticityCoef="1" ang="90,0,0" color="0,220,0" radius="0.5" length="4" />
		<capsule pos="-42.55,-49.5,13.799999999999997" vel="0,0,0" mass="1" elasticityCoef="1" ang="90,0,0" color="0,220,0" radius="0.5" length="4" />
		<capsule pos="-42.55,-49.5,16.1" vel="0,0,0" mass="1" elasticityCoef="1" ang="90,0,0" color="0,220,0" radius="0.5" length="4" />
		<capsule pos="-42.55,-49.5,18.4" vel="0,0,0" mass="1" elasticityCoef="1" ang="90,0,0" color="0,220,0" radius="0.5" length="4" />
		<capsule pos="-42.55,-49.5,20.699999999999996" vel="0,0,0" mass="1" elasticityCoef="1" ang="90,0,0" color="0,220,0" radius="0.5" length="4" />
		<capsule pos="-42.55,-49.5,22.999999999999993" vel="0,0,0" mass="1" elasticityCoef="1" ang="90,0,0" color="0,220,0" radius="0.5" length="4" />
		<capsule pos="-42.55,-49.5,25.300000000000004" vel="0,0,0" mass="1" elasticityCoef="1" ang="90,0,0" color="0,220,0" radius="0.5" length="4" />
		<capsule pos="-42.55,-49.5,27.6" vel="0,0,0" mass="1" elasticityCoef="1" ang="90,0,0" color="0,220,0" radius="0.5" length="4" />
		<capsule pos="-42.55,-49.5,29.9" vel="0,0,0" mass="1" elasticityCoef="1" ang="90,0,0" color="0,220,0" radius="0.5" length="4" />
		<capsule pos="-42.55,-49.5,32.199999999999996" vel="0,0,0" mass="1" elasticityCoef="1" ang="90,0,0" color="0,220,0" radius="0.5" length="4" />
		<capsule pos="-42.55,-49.5,34.49999999999999" vel="0,0,0" mass="1" elasticityCoef="1" ang="90,0,0" color="0,220,0" radius="0.5" length="4" />
		<capsule pos="-42.55,-49.5,36.800000000000004" vel="0,0,0" mass="1" elasticityCoef="1" ang="90,0,0" color="0,220,0" radius="0.5" length="4" />
		<capsule pos="-42.55,-49.5,39.1" vel="0,0,0" mass="1" elasticityCoef="1" ang="90,0,0" color="0,220,0" radius="0.5" length="4" />
		<capsule pos="-42.55,-49.5,41.4" vel="0,0,0" mass="1" elasticityCoef="1" ang="90,0,0" color="0,220,0" radius="0.5" length="4" />
		<capsule pos="-42.55,-44.0,-43.699999999999996" vel="0,0,0" mass="1" elasticityCoef="1" ang="90,0,0" color="0,220,0" radius="0.5" length="4" />
		<capsule pos="-42.55,-44.0,-41.4" vel="0,0,0" mass="1" elasticityCoef="1" ang="90,0,0" color="0,220,0" radius="0.5" length="4" />
		<capsule pos="-42.55,-44.0,-39.099999999999994" vel="0,0,0" mass="1" elasticityCoef="1" ang="90,0,0" color="0,220,0" radius="0.5" length="4" />
		<capsule pos="-42.55,-44.0,-36.8" vel="0,0,0" mass="1" elasticityCoef="1" ang="90,0,0" color="0,220,0" radius="0.5" length="4" />
		<capsule pos="-42.55,-44.0,-34.5" vel="0,0,0" mass="1" elasticityCoef="1" ang="90,0,0" color="0,220,0" radius="0.5" length="4" />
		<capsule pos="-42.55,-44.0,-32.199999999999996" vel="0,0,0" mass="1" elasticityCoef="1" ang="90,0,0" color="0,220,0" radius="0.5" length="4" />
		<capsule pos="-42.55,-44.0,-29.9" vel="0,0,0" mass="1" elasticityCoef="1" ang="90,0,0" color="0,220,0" radius="0.5" length="4" />
		<capsule pos="-42.55,-44.0,-27.599999999999998" vel="0,0,0" mass="1" elasticityCoef="1" ang="90,0,0" color="0,220,0" radius="0.5" length="4" />
		<capsule pos="-42.55,-44.0,-25.299999999999997" vel="0,0,0" mass="1" elasticityCoef="1" ang="90,0,0" color="0,220,0" radius="0.5" length="4" />
		<capsule pos="-42.55,-44.0,-22.999999999999996" vel="0,0,0" mass="1" elasticityCoef="1" ang="90,0,0" color="0,220,0" radius="0.5" length="4" />
		<capsule pos="-42.55,-44.0,-20.699999999999996" vel="0,0,0" mass="1" elasticityCoef="1" ang="90,0,0" color="0,220,0" radius="0.5" length="4" />
		<capsule pos="-42.55,-44.0,-18.4" vel="0,0,0" mass="1" elasticityCoef="1" ang="90,0,0" color="0,220,0" radius="0.5" length="4" />
		<capsule pos="-42.55,-44.0,-16.099999999999998" vel="0,0,0" mass="1" elasticityCoef="1" ang="90,0,0" color="0,220,0" radius="0.5" length="4" />
		<capsule pos="-42.55,-44.0,-13.799999999999997" vel="0,0,0" mass="1" elasticityCoef="1" ang="90,0,0" color="0,220,0" radius="0.5" length="4" />
		<capsule pos="-42.55,-44.0,-11.5" vel="0,0,0" mass="1" elasticityCoef="1" ang="90,0,0" color="0,220,0" radius="0.5" length="4" />
		<capsule pos="-42.55,-44.0,-9.199999999999996" vel="0,0,0" mass="1" elasticityCoef="1" ang="90,0,0" color="0,220,0" radius="0.5" length="4" />
		<capsule pos="-42.55,-44.0,-6.899999999999999" vel="0,0,0" mass="1" elasticityCoef="1" ang="90,0,0" color="0,220,0" radius="0.5" length="4" />
		<capsule pos="-42.55,-44.0,-4.600000000000001" vel="0,0,0" mass="1" elasticityCoef="1" ang="90,0,0" color="0,220,0" radius="0.5" length="4" />
		<capsule pos="-42.55,-44.0,-2.299999999999997" vel="0,0,0" mass="1" elasticityCoef="1" ang="90,0,0" color="0,220,0" radius="0.5" length="4" />
		<capsule pos="-42.55,-44.0,0.0" vel="0,0,0" mass="1" elasticityCoef="1" ang="90,0,0" color="0,220,0" radius="0.5" length="4" />
		<capsule pos="-42.55,-44.0,2.3000000000000043" vel="0,0,0" mass="1" elasticityCoef="1" ang="90,0,0" color="0,220,0" radius="0.5" length="4" />
		<capsule pos="-42.55,-44.0,4.600000000000001" vel="0,0,0" mass="1" elasticityCoef="1" ang="90,0,0" color="0,220,0" radius="0.5" length="4" />
		<capsule pos="-42.55,-44.0,6.899999999999999" vel="0,0,0" mass="1" elasticityCoef="1" ang="90,0,0" color="0,220,0" radius="0.5" length="4" />
		<capsule pos="-42.55,-44.0,9.200000000000003" vel="0,0,0" mass="1" elasticityCoef="1" ang="90,0,0" color="0,220,0" radius="0.5" length="4" />
		<capsule pos="-42.55,-44.0,11.5" vel="0,0,0" mass="1" elasticityCoef="1" ang="90,0,0" color="0,220,0" radius="0.5" length="4" />
		<capsule pos="-42.55,-44.0,13.799999999999997" vel="0,0,0" mass="1" elasticityCoef="1" ang="90,0,0" color="0,220,0" radius="0.5" length="4" />
		<capsule pos="-42.55,-44.0,16.1" vel="0,0,0" mass="1" elasticityCoef="1" ang="90,0,0" color="0,220,0" radius="0.5" length="4" />
		<capsule pos="-42.55,-44.0,18.4" vel="0,0,0" mass="1" elasticityCoef="1" ang="90,0,0" color="0,220,0" radius="0.5" length="4" />
		<capsule pos="-42.55,-44.0,20.699999999999996" vel="0,0,0" mass="1" elasticityCoef="1" ang="90,0,0" color="0,220,0" radius="0.5" length="4" />
		<capsule pos="-42.55,-44.0,22.999999999999993" vel="0,0,0" mass="1" elasticityCoef="1" ang="90,0,0" color="0,220,0" radius="0.5" length="4" />
		<capsule pos="-42.55,-44.0,25.300000000000004" vel="0,0,0" mass="1" elasticityCoef="1" ang="90,0,0" color="0,220,0" radius="0.5" length="4" />
		<capsule pos="-42.55,-44.0,27.6" vel="0,0,0" mass="1" elasticityCoef="1" ang="90,0,0" color="0,220,0" radius="0.5" length="4" />
		<capsule pos="-42.55,-44.0,29.9" vel="0,0,0" mass="1" elasticityCoef="1" ang="90,0,0" color="0,220,0" radius="0.5" length="4" />
		<capsule pos="-42.55,-44.0,32.199999999999996" vel="0,0,0" mass="1" elasticityCoef="1" ang="90,0,0" color="0,220,0" radius="0.5" length="4" />
		<capsule pos="-42.55,-44.0,34.49999999999999" vel="0,0,0" mass="1" elasticityCoef="1" ang="90,0,0" color="0,220,0" radius="0.5" length="4" />
		<capsule pos="-42.55,-44.0,36.800000000000004" vel="0,0,0" mass="1" elasticityCoef="1" ang="90,0,0" color="0,220,0" radius="0.5" length="4" />
		<capsule pos="-42.55,-44.0,39.1" vel="0,0,0" mass="1" elasticityCoef="1" ang="90,0,0" color="0,220,0" radius="0.5" length="4" />
		<capsule pos="-42.55,-44.0,41.4" vel="0,0,0" mass="1" elasticityCoef="1" ang="90,0,0" color="0,220,0" radius="0.5" length="4" />
		<capsule pos="-42.55,-38.5,-43.699999999999996" vel="0,0,0" mass="1" elasticityCoef="1" ang="90,0,0" color="0,220,0" radius="0.5" length="4" />
		<capsule pos="-42.55,-38.5,-41.4" vel="0,0,0" mass="1" elasticityCoef="1" ang="90,0,0" color="0,220,0" radius="0.5" length="4" />
		<capsule pos="-42.55,-38.5,-39.099999999999994" vel="0,0,0" mass="1" elasticityCoef="1" ang="90,0,0" color="0,220,0" radius="0.5" length="4" />
		<capsule pos="-42.55,-38.5,-36.8" vel="0,0,0" mass="1" elasticityCoef="1" ang="90,0,0" color="0,220,0" radius="0.5" length="4" />
		<capsule pos="-42.55,-38.5,-34.5" vel="0,0,0" mass="1" elasticityCoef="1" ang="90,0,0" color="0,220,0" radius="0.5" length="4" />
		<capsule pos="-42.55,-38.5,-32.199999999999996" vel="0,0,0" mass="1" elasticityCoef="1" ang="90,0,0" color="0,220,0" radius="0.5" length="4" />
		<capsule pos="-42.55,-38.5,-29.9" vel="0,0,0" mass="1" elasticityCoef="1" ang="90,0,0" color="0,220,0" radius="0.5" length="4" />
		<capsule pos="-42.55,-38.5,-27.599999999999998" vel="0,0,0" mass="1" elasticityCoef="1" ang="90,0,0" color="0,220,0" radius="0.5" length="4" />
		<capsule pos="-42.55,-38.5,-25.299999999999997" vel="0,0,0" mass="1" elasticityCoef="1" ang="90,0,0" color="0,220,0" radius="0.5" length="4" />
		<capsule pos="-42.55,-38.5,-22.999999999999996" vel="0,0,0" mass="1" elasticityCoef="1" ang="90,0,0" color="0,220,0" radius="0.5" length="4" />
		<capsule pos="-42.55,-38.5,-20.699999999999996" vel="0,0,0" mass="1" elasticityCoef="1" ang="90,0,0" color="0,220,0" radius="0.5" length="4" />
		<capsule pos="-42.55,-38.5,-18.4" vel="0,0,0" mass="1" elasticityCoef="1" ang="90,0,0" color="0,220,0" radius="0.5" length="4" />
		<capsule pos="-42.55,-38.5,-16.099999999999998" vel="0,0,0" mass="1" elasticityCoef="1" ang="90,0,0" color="0,220,0" radius="0.5" length="4" />
		<capsule pos="-42.55,-38.5,-13.799999999999997" vel="0,0,0" mass="1" elasticityCoef="1" ang="90,0,0" color="0,220,0" radius="0.5" length="4" />
		<capsule pos="-42.55,-38.5,-11.5" vel="0,0,0" mass="1" elasticityCoef="1" ang="90,0,0" color="0,220,0" radius="0.5" length="4" />
		<capsule pos="-42.55,-38.5,-9.199999999999996" vel="0,0,0" mass="1" elasticityCoef="1" ang="90,0,0" color="0,220,0" radius="0.5" length="4" />
		<capsule pos="-42.55,-38.5,-6.899999999999999" vel="0,0,0" mass="1" elasticityCoef="1" ang="90,0,0" color="0,220,0" radius="0.5" length="4" />
		<capsule pos="-42.55,-38.5,-4.600000000000001" vel="0,0,0" mass="1" elasticityCoef="1" ang="90,0,0" color="0,220,0" radius="0.5" length="4" />
		<capsule pos="-42.55,-38.5,-2.299999999999997" vel="0,0,0" mass="1" elasticityCoef="1" ang="90,0,0" color="0,220,0" radius="0.5" length="4" />
		<capsule pos="-42.55,-38.5,0.0" vel="0,0,0" mass="1" elasticityCoef="1" ang="90,0,0" color="0,220,0" radius="0.5" length="4" />
		<capsule pos="-42.55,-38.5,2.3000000000000043" vel="0,0,0" mass="1" elasticityCoef="1" ang="90,0,0" color="0,220,0" radius="0.5" length="4" />
		<capsule pos="-42.55,-38.5,4.600000000000001" vel="0,0,0" mass="1" elasticityCoef="1" ang="90,0,0" color="0,220,0" radius="0.5" length="4" />
		<capsule pos="-42.55,-38.5,6.899999999999999" vel="0,0,0" mass="1" elasticityCoef="1" ang="90,0,0" color="0,220,0" radius="0.5" length="4" />
		<capsule pos="-42.55,-38.5,9.200000000000003" vel="0,0,0" mass="1" elasticityCoef="1" ang="90,0,0" color="0,220,0" radius="0.5" length="4" />
		<capsule pos="-42.55,-38.5,11.5" vel="0,0,0" mass="1" elasticityCoef="1" ang="90,0,0" color="0,220,0" radius="0.5" length="4" />
		<capsule pos="-42.55,-38.5,13.799999999999997" vel="0,0,0" mass="1" elasticityCoef="1" ang="90,0,0" color="0,220,0" radius="0.5" length="4" />
		<capsule pos="-42.55,-38.5,16.1" vel="0,0,0" mass="1" elasticityCoef="1" ang="90,0,0" color="0,220,0" radius="0.5" length="4" />
		<capsule pos="-42.55,-38.5,18.4" vel="0,0,0" mass="1" elasticityCoef="1" ang="90,0,0" color="0,220,0" radius="0.5" length="4" />
		<capsule pos="-42.55,-38.5,20.699999999999996" vel="0,0,0" mass="1" elasticityCoef="1" ang="90,0,0" color="0,220,0" radius="0.5" length="4" />
		<capsule pos="-42.55,-38.5,22.999999999999993" vel="0,0,0" mass="1" elasticityCoef="1" ang="90,0,0" color="0,220,0" radius="0.5" length="4" />
		<capsule pos="-42.55,-38.5,25.300000000000004" vel="0,0,0" mass="1" elasticityCoef="1" ang="90,0,0" color="0,220,0" radius="0.5" length="4" />
		<capsule pos="-42.55,-38.5,27.6" vel="0,0,0" mass="1" elasticityCoef="1" ang="90,0,0" color="0,220,0" radius="0.5" length="4" />
		<capsule pos="-42.55,-38.5,29.9" vel="0,0,0" mass="1" elasticityCoef="1" ang="90,0,0" color="0,220,0" radius="0.5" length="4" />
		<capsule pos="-42.55,-38.5,32.199999999999996" vel="0,0,0" mass="1" elasticityCoef="1" ang="90,0,0" color="0,220,0" radius="0.5" length="4" />
		<capsule pos="-42.55,-38.5,34.49999999999999" vel="0,0,0" mass="1" elasticityCoef="1" ang="90,0,0" color="0,220,0" radius="0.5" length="4" />
		<capsule pos="-42.55,-38.5,36.800000000000004" vel="0,0,0" mass="1" elasticityCoef="1" ang="90,0,0" color="0,220,0" radius="0.5" length="4" />
		<capsule pos="-42.55,-38.5,39.1" vel="0,0,0" mass="1" elasticityCoef="1" ang="90,0,0" color="0,220,0" radius="0.5" length="4" />
		<capsule pos="-42.55,-38.5,41.4" vel="0,0,0" mass="1" elasticityCoef="1" ang="90,0,0" color="0,220,0" radius="0.5" length="4" />
		<capsule pos="-42.55,-33.0,-43.699999999999996" vel="0,0,0" mass="1" elasticityCoef="1" ang="90,0,0" color="0,220,0" radius="0.5" length="4" />
		<capsule pos="-42.55,-33.0,-41.4" vel="0,0,0" mass="1" elasticityCoef="1" ang="90,0,0" color="0,220,0" radius="0.5" length="4" />
		<capsule pos="-42.55,-33.0,-39.099999999999994" vel="0,0,0" mass="1" elasticityCoef="1" ang="90,0,0" color="0,220,0" radius="0.5" length="4" />
		<capsule pos="-42.55,-33.0,-36.8" vel="0,0,0" mass="1" elasticityCoef="1" ang="90,0,0" color="0,220,0" radius="0.5" length="4" />
		<capsule pos="-42.55,-33.0,-34.5" vel="0,0,0" mass="1" elasticityCoef="1" ang="90,0,0" color="0,220,0" radius="0.5" length="4" />
		<capsule pos="-42.55,-33.0,-32.199999999999996" vel="0,0,0" mass="1" elasticityCoef="1" ang="90,0,0" color="0,220,0" radius="0.5" length="4" />
		<capsule pos="-42.55,-33.0,-29.9" vel="0,0,0" mass="1" elasticityCoef="1" ang="90,0,0" color="0,220,0" radius="0.5" length="4" />
		<capsule pos="-42.55,-33.0,-27.599999999999998" vel="0,0,0" mass="1" elasticityCoef="1" ang="90,0,0" color="0,220,0" radius="0.5" length="4" />
		<capsule pos="-42.55,-33.0,-25.299999999999997" vel="0,0,0" mass="1" elasticityCoef="1" ang="90,0,0" color="0,220,0" radius="0.5" length="4" />
		<capsule pos="-42.55,-33.0,-22.999999999999996" vel="0,0,0" mass="1" elasticityCoef="1" ang="90,0,0" color="0,220,0" radius="0.5" length="4" />
		<capsule pos="-42.55,-33.0,-20.699999999999996" vel="0,0,0" mass="1" elasticityCoef="1" ang="90,0,0" color="0,220,0" radius="0.5" length="4" />
		<capsule pos="-42.55,-33.0,-18.4" vel="0,0,0" mass="1" elasticityCoef="1" ang="90,0,0" color="0,220,0" radius="0.5" length="4" />
		<capsule pos="-42.55,-33.0,-16.099999999999998" vel="0,0,0" mass="1" elasticityCoef="1" ang="90,0,0" color="0,220,0" radius="0.5" length="4" />
		<capsule pos="-42.55,-33.0,-13.799999999999997" vel="0,0,0" mass="1" elasticityCoef="1" ang="90,0,0" color="0,220,0" radius="0.5" length="4" />
		<capsule pos="-42.55,-33.0,-11.5" vel="0,0,0" mass="1" elasticityCoef="1" ang="90,0,0" color="0,220,0" radius="0.5" length="4" />
		<capsule pos="-42.55,-33.0,-9.199999999999996" vel="0,0,0" mass="1" elasticityCoef="1" ang="90,0,0" color="0,220,0" radius="0.5" length="4" />
		<capsule pos="-42.55,-33.0,-6.899999999999999" vel="0,0,0" mass="1" elasticityCoef="1" ang="90,0,0" color="0,220,0" radius="0.5" length="4" />
		<capsule pos="-42.55,-33.0,-4.600000000000001" vel="0,0,0" mass="1" elasticityCoef="1" ang="90,0,0" color="0,220,0" radius="0.5" length="4" />
		<capsule pos="-42.55,-33.0,-2.299999999999997" vel="0,0,0" mass="1" elasticityCoef="1" ang="90,0,0" color="0,220,0" radius="0.5" length="4" />
		<capsule pos="-42.55,-33.0,0.0" vel="0,0,0" mass="1" elasticityCoef="1" ang="90,0,0" color="0,220,0" radius="0.5" length="4" />
		<capsule pos="-42.55,-33.0,2.3000000000000043" vel="0,0,0" mass="1" elasticityCoef="1" ang="90,0,0" color="0,220,0" radius="0.5" length="4" />
		<capsule pos="-42.55,-33.0,4.600000000000001" vel="0,0,0" mass="1" elasticityCoef="1" ang="90,0,0" color="0,220,0" radius="0.5" length="4" />
		<capsule pos="-42.55,-33.0,6.899999999999999" vel="0,0,0" mass="1" elasticityCoef="1" ang="90,0,0" color="0,220,0" radius="0.5" length="4" />
		<capsule pos="-42.55,-33.0,9.200000000000003" vel="0,0,0" mass="1" elasticityCoef="1" ang="90,0,0" color="0,220,0" radius="0.5" length="4" />
		<capsule pos="-42.55,-33.0,11.5" vel="0,0,0" mass="1" elasticityCoef="1" ang="90,0,0" color="0,220,0" radius="0.5" length="4" />
		<capsule pos="-42.55,-33.0,13.799999999999997" vel="0,0,0" mass="1" elasticityCoef="1" ang="90,0,0" color="0,220,0" radius="0.5" length="4" />
		<capsule pos="-42.55,-33.0,16.1" vel="0,0,0" mass="1" elasticityCoef="1" ang="90,0,0" color="0,220,0" radius="0.5" length="4" />
		<capsule pos="-42.55,-33.0,18.4" vel="0,0,0" mass="1" elasticityCoef="1" ang="90,0,0" color="0,220,0" radius="0.5" length="4" />
		<capsule pos="-42.55,-33.0,20.699999999999996" vel="0,0,0" mass="1" elasticityCoef="1" ang="90,0,0" color="0,220,0" radius="0.5" length="4" />
		<capsule pos="-42.55,-33.0,22.999999999999993" vel="0,0,0" mass="1" elasticityCoef="1" ang="90,0,0" color="0,220,0" radius="0.5" length="4" />
		<capsule pos="-42.55,-33.0,25.300000000000004" vel="0,0,0" mass="1" elasticityCoef="1" ang="90,0,0" color="0,220,0" radius="0.5" length="4" />
		<capsule pos="-42.55,-33.0,27.6" vel="0,0,0" mass="1" elasticityCoef="1" ang="90,0,0" color="0,220,0" radius="0.5" length="4" />
		<capsule pos="-42.55,-33.0,29.9" vel="0,0,0" mass="1" elasticityCoef="1" ang="90,0,0" color="0,220,0" radius="0.5" length="4" />
		<capsule pos="-42.55,-33.0,32.199999999999996" vel="0,0,0" mass="1" elasticityCoef="1" ang="90,0,0" color="0,220,0" radius="0.5" length="4" />
		<capsule pos="-42.55,-33.0,34.49999999999999" vel="0,0,0" mass="1" elasticityCoef="1" ang="90,0,0" color="0,220,0" radius="0.5" length="4" />
		<capsule pos="-42.55,-33.0,36.800000000000004" vel="0,0,0" mass="1" elasticityCoef="1" ang="90,0,0" color="0,220,0" radius="0.5" length="4" />
		<capsule pos="-42.55,-33.0,39.1" vel="0,0,0" mass="1" elasticityCoef="1" ang="90,0,0" color="0,220,0" radius="0.5" length="4" />
		<capsule pos="-42.55,-33.0,41.4" vel="0,0,0" mass="1" elasticityCoef="1" ang="90,0,0" color="0,220,0" radius="0.5" length="4" />
		<capsule pos="-42.55,-27.5,-43.699999999999996" vel="0,0,0" mass="1" elasticityCoef="1" ang="90,0,0" color="0,220,0" radius="0.5" length="4" />
		<capsule pos="-42.55,-27.5,-41.4" vel="0,0,0" mass="1" elasticityCoef="1" ang="90,0,0" color="0,220,0" radius="0.5" length="4" />
		<capsule pos="-42.55,-27.5,-39.099999999999994" vel="0,0,0" mass="1" elasticityCoef="1" ang="90,0,0" color="0,220,0" radius="0.5" length="4" />
		<capsule pos="-42.55,-27.5,-36.8" vel="0,0,0" mass="1" elasticityCoef="1" ang="90,0,0" color="0,220,0" radius="0.5" length="4" />
		<capsule pos="-42.55,-27.5,-34.5" vel="0,0,0" mass="1" elasticityCoef="1" ang="90,0,0" color="0,220,0" radius="0.5" length="4" />
		<capsule pos="-42.55,-27.5,-32.199999999999996" vel="0,0,0" mass="1" elasticityCoef="1" ang="90,0,0" color="0,220,0" radius="0.5" length="4" />
		<capsule pos="-42.55,-27.5,-29.9" vel="0,0,0" mass="1" elasticityCoef="1" ang="90,0,0" color="0,220,0" radius="0.5" length="4" />
		<capsule pos="-42.55,-27.5,-27.599999999999998" vel="0,0,0" mass="1" elasticityCoef="1" ang="90,0,0" color="0,220,0" radius="0.5" length="4" />
		<capsule pos="-42.55,-27.5,-25.299999999999997" vel="0,0,0" mass="1" elasticityCoef="1" ang="90,0,0" color="0,220,0" radius="0.5" length="4" />
		<capsule pos="-42.55,-27.5,-22.999999999999996" vel="0,0,0" mass="1" elasticityCoef="1" ang="90,0,0" color="0,220,0" radius="0.5" length="4" />
		<capsule pos="-42.55,-27.5,-20.699999999999996" vel="0,0,0" mass="1" elasticityCoef="1" ang="90,0,0" color="0,220,0" radius="0.5" length="4" />
		<capsule pos="-42.55,-27.5,-18.4" vel="0,0,0" mass="1" elasticityCoef="1" ang="90,0,0" color="0,220,0" radius="0.5" length="4" />
		<capsule pos="-42.55,-27.5,-16.099999999999998" vel="0,0,0" mass="1" elasticityCoef="1" ang="90,0,0" color="0,220,0" radius="0.5" length="4" />
		<capsule pos="-42.55,-27.5,-13.799999999999997" vel="0,0,0" mass="1" elasticityCoef="1" ang="90,0,0" color="0,220,0" radius="0.5" length="4" />
		<capsule pos="-42.55,-27.5,-11.5" vel="0,0,0" mass="1" elasticityCoef="1" ang="90,0,0" color="0,220,0" radius="0.5" length="4" />
		<capsule pos="-42.55,-27.5,-9.199999999999996" vel="0,0,0" mass="1" elasticityCoef="1" ang="90,0,0" color="0,220,0" radius="0.5" length="4" />
		<capsule pos="-42.55,-27.5,-6.899999999999999" vel="0,0,0" mass="1" elasticityCoef="1" ang="90,0,0" color="0,220,0" radius="0.5" length="4" />
		<capsule pos="-42.55,-27.5,-4.600000000000001" vel="0,0,0" mass="1" elasticityCoef="1" ang="90,0,0" color="0,220,0" radius="0.5" length="4" />
		<capsule pos="-42.55,-27.5,-2.299999999999997" vel="0,0,0" mass="1" elasticityCoef="1" ang="90,0,0" color="0,220,0" radius="0.5" length="4" />
		<capsule pos="-42.55,-27.5,0.0" vel="0,0,0" mass="1" elasticityCoef="1" ang="90,0,0" color="0,220,0" radius="0.5" length="4" />
		<capsule pos="-42.55,-27.5,2.3000000000000043" vel="0,0,0" mass="1" elasticityCoef="1" ang="90,0,0" color="0,220,0" radius="0.5" length="4" />
		<capsule pos="-42.55,-27.5,4.600000000000001" vel="0,0,0" mass="1" elasticityCoef="1" ang="90,0,0" color="0,220,0" radius="0.5" length="4" />
		<capsule pos="-42.55,-27.5,6.899999999999999" vel="0,0,0" mass="1" elasticityCoef="1" ang="90,0,0" color="0,220,0" radius="0.5" length="4" />
		<capsule pos="-42.55,-27.5,9.200000000000003" vel="0,0,0" mass="1" elasticityCoef="1" ang="90,0,0" color="0,220,0" radius="0.5" length="4" />
		<capsule pos="-42.55,-27.5,11.5" vel="0,0,0" mass="1" elasticityCoef="1" ang="90,0,0" color="0,220,0" radius="0.5" length="4" />
		<capsule pos="-42.55,-27.5,13.799999999999997" vel="0,0,0" mass="1" elasticityCoef="1" ang="90,0,0" color="0,220,0" radius="0.5" length="4" />
		<capsule pos="-42.55,-27.5,16.1" vel="0,0,0" mass="1" elasticityCoef="1" ang="90,0,0" color="0,220,0" radius="0.5" length="4" />
		<capsule pos="-42.55,-27.5,18.4" vel="0,0,0" mass="1" elasticityCoef="1" ang="90,0,0" color="0,220,0" radius="0.5" length="4" />
		<capsule pos="-42.55,-27.5,20.699999999999996" vel="0,0,0" mass="1" elasticityCoef="1" ang="90,0,0" color="0,220,0" radius="0.5" length="4" />
		<capsule pos="-42.55,-27.5,22.999999999999993" vel="0,0,0" mass="1" elasticityCoef="1" ang="90,0,0" color="0,220,0" radius="0.5" length="4" />
		<capsule pos="-42.55,-27.5,25.300000000000004" vel="0,0,0" mass="1" elasticityCoef="1" ang="90,0,0" color="0,220,0" radius="0.5" length="4" />
		<capsule pos="-42.55,-27.5,27.6" vel="0,0,0" mass="1" elasticityCoef="1" ang="90,0,0" color="0,220,0" radius="0.5" length="4" />
		<capsule pos="-42.55,-27.5,29.9" vel="0,0,0" mass="1" elasticityCoef="1" ang="90,0,0" color="0,220,0" radius="0.5" length="4" />
		<capsule pos="-42.55,-27.5,32.199999999999996" vel="0,0,0" mass="1" elasticityCoef="1" ang="90,0,0" color="0,220,0" radius="0.5" length="4" />
		<capsule pos="-42.55,-27.5,34.49999999999999" vel="0,0,0" mass="1" elasticityCoef="1" ang="90,0,0" color="0,220,0" radius="0.5" length="4" />
		<capsule pos="-42.55,-27.5,36.800000000000004" vel="0,0,0" mass="1" elasticityCoef="1" ang="90,0,0" color="0,220,0" radius="0.5" length="4" />
		<capsule pos="-42.55,-27.5,39.1" vel="0,0,0" mass="1" elasticityCoef="1" ang="90,0,0" color="0,220,0" radius="0.5" length="4" />
		<capsule pos="-42.55,-27.5,41.4" vel="0,0,0" mass="1" elasticityCoef="1" ang="90,0,0" color="0,220,0" radius="0.5" length="4" />
		<capsule pos="-42.55,-22.0,-43.699999999999996" vel="0,0,0" mass="1" elasticityCoef="1" ang="90,0,0" color="0,220,0" radius="0.5" length="4" />
		<capsule pos="-42.55,-22.0,-41.4" vel="0,0,0" mass="1" elasticityCoef="1" ang="90,0,0" color="0,220,0" radius="0.5" length="4" />
		<capsule pos="-42.55,-22.0,-39.099999999999994" vel="0,0,0" mass="1" elasticityCoef="1" ang="90,0,0" color="0,220,0" radius="0.5" length="4" />
		<capsule pos="-42.55,-22.0,-36.8" vel="0,0,0" mass="1" elasticityCoef="1" ang="90,0,0" color="0,220,0" radius="0.5" length="4" />
		<capsule pos="-42.55,-22.0,-34.5" vel="0,0,0" mass="1" elasticityCoef="1" ang="90,0,0" color="0,220,0" radius="0.5" length="4" />
		<capsule pos="-42.55,-22.0,-32.199999999999996" vel="0,0,0" mass="1" elasticityCoef="1" ang="90,0,0" color="0,220,0" radius="0.5" length="4" />
		<capsule pos="-42.55,-22.0,-29.9" vel="0,0,0" mass="1" elasticityCoef="1" ang="90,0,0" color="0,220,0" radius="0.5" length="4" />
		<capsule pos="-42.55,-22.0,-27.599999999999998" vel="0,0,0" mass="1" elasticityCoef="1" ang="90,0,0" color="0,220,0" radius="0.5" length="4" />
		<capsule pos="-42.55,-22.0,-25.299999999999997" vel="0,0,0" mass="1" elasticityCoef="1" ang="90,0,0" color="0,220,0" radius="0.5" length="4" />
		<capsule pos="-42.55,-22.0,-22.999999999999996" vel="0,0,0" mass="1" elasticityCoef="1" ang="90,0,0" color="0,220,0" radius="0.5" length="4" />
		<capsule pos="-42.55,-22.0,-20.699999999999996" vel="0,0,0" mass="1" elasticityCoef="1" ang="90,0,0" color="0,220,0" radius="0.5" length="4" />
		<capsule pos="-42.55,-22.0,-18.4" vel="0,0,0" mass="1" elasticityCoef="1" ang="90,0,0" color="0,220,0" radius="0.5" length="4" />
		<capsule pos="-42.55,-22.0,-16.099999999999998" vel="0,0,0" mass="1" elasticityCoef="1" ang="90,0,0" color="0,220,0" radius="0.5" length="4" />
		<capsule pos="-42.55,-22.0,-13.799999999999997" vel="0,0,0" mass="1" elasticityCoef="1" ang="90,0,0" color="0,220,0" radius="0.5" length="4" />
		<capsule pos="-42.55,-22.0,-11.5" vel="0,0,0" mass="1" elasticityCoef="1" ang="90,0,0" color="0,220,0" radius="0.5" length="4" />
		<capsule pos="-42.55,-22.0,-9.199999999999996" vel="0,0,0" mass="1" elasticityCoef="1" ang="90,0,0" color="0,220,0" radius="0.5" length="4" />
		<capsule pos="-42.55,-22.0,-6.899999999999999" vel="0,0,0" mass="1" elasticityCoef="1" ang="90,0,0" color="0,220,0" radius="0.5" length="4" />
		<capsule pos="-42.55,-22.0,-4.600000000000001" vel="0,0,0" mass="1" elasticityCoef="1" ang="90,0,0" color="0,220,0" radius="0.5" length="4" />
		<capsule pos="-42.55,-22.0,-2.299999999999997" vel="0,0,0" mass="1" elasticityCoef="1" ang="90,0,0" color="0,220,0" radius="0.5" length="4" />
		<capsule pos="-42.55,-22.0,0.0" vel="0,0,0" mass="1" elasticityCoef="1" ang="90,0,0" color="0,220,0" radius="0.5" length="4" />
		<capsule pos="-42.55,-22.0,2.3000000000000043" vel="0,0,0" mass="1" elasticityCoef="1" ang="90,0,0" color="0,220,0" radius="0.5" length="4" />
		<capsule pos="-42.55,-22.0,4.600000000000001" vel="0,0,0" mass="1" elasticityCoef="1" ang="90,0,0" color="0,220,0" radius="0.5" length="4" />
		<capsule pos="-42.55,-22.0,6.899999999999999" vel="0,0,0" mass="1" elasticityCoef="1" ang="90,0,0" color="0,220,0" radius="0.5" length="4" />
		<capsule pos="-42.55,-22.0,9.200000000000003" vel="0,0,0" mass="1" elasticityCoef="1" ang="90,0,0" color="0,220,0" radius="0.5" length="4" />
		<capsule pos="-42.55,-22.0,11.5" vel="0,0,0" mass="1" elasticityCoef="1" ang="90,0,0" color="0,220,0" radius="0.5" length="4" />
		<capsule pos="-42.55,-22.0,13.799999999999997" vel="0,0,0" mass="1" elasticityCoef="1" ang="90,0,0" color="0,220,0" radius="0.5" length="4" />
		<capsule pos="-42.55,-22.0,16.1" vel="0,0,0" mass="1" elasticityCoef="1" ang="90,0,0" color="0,220,0" radius="0.5" length="4" />
		<capsule pos="-42.55,-22.0,18.4" vel="0,0,0" mass="1" elasticityCoef="1" ang="90,0,0" color="0,220,0" radius="0.5" length="4" />
		<capsule pos="-42.55,-22.0,20.699999999999996" vel="0,0,0" mass="1" elasticityCoef="1" ang="90,0,0" color="0,220,0" radius="0.5" length="4" />
		<capsule pos="-42.55,-22.0,22.999999999999993" vel="0,0,0" mass="1" elasticityCoef="1" ang="90,0,0" color="0,220,0" radius="0.5" length="4" />
		<capsule pos="-42.55,-22.0,25.300000000000004" vel="0,0,0" mass="1" elasticityCoef="1" ang="90,0,0" color="0,220,0" radius="0.5" length="4" />
		<capsule pos="-42.55,-22.0,27.6" vel="0,0,0" mass="1" elasticityCoef="1" ang="90,0,0" color="0,220,0" radius="0.5" length="4" />
		<capsule pos="-42.55,-22.0,29.9" vel="0,0,0" mass="1" elasticityCoef="1" ang="90,0,0" color="0,220,0" radius="0.5" length="4" />
		<capsule pos="-42.55,-22.0,32.199999999999996" vel="0,0,0" mass="1" elasticityCoef="1" ang="90,0,0" color="0,220,0" radius="0.5" length="4" />
		<capsule pos="-42.55,-22.0,34.49999999999999" vel="0,0,0" mass="1" elasticityCoef="1" ang="90,0,0" color="0,220,0" radius="0.5" length="4" />
		<capsule pos="-42.55,-22.0,36.800000000000004" vel="0,0,0" mass="1" elasticityCoef="1" ang="90,0,0" color="0,220,0" radius="0.5" length="4" />
		<capsule pos="-42.55,-22.0,39.1" vel="0,0,0" mass="1" elasticityCoef="1" ang="90,0,0" color="0,220,0" radius="0.5" length="4" />
		<capsule pos="-42.55,-22.0,41.4" vel="0,0,0" mass="1" elasticityCoef="1" ang="90,0,0" color="0,220,0" radius="0.5" length="4" />
		<capsule pos="-42.55,-16.5,-43.699999999999996" vel="0,0,0" mass="1" elasticityCoef="1" ang="90,0,0" color="0,220,0" radius="0.5" length="4" />
		<capsule pos="-42.55,-16.5,-41.4" vel="0,0,0" mass="1" elasticityCoef="1" ang="90,0,0" color="0,220,0" radius="0.5" length="4" />
		<capsule pos="-42.55,-16.5,-39.099999999999994" vel="0,0,0" mass="1" elasticityCoef="1" ang="90,0,0" color="0,220,0" radius="0.5" length="4" />
		<capsule pos="-42.55,-16.5,-36.8" vel="0,0,0" mass="1" elasticityCoef="1" ang="90,0,0" color="0,220,0" radius="0.5" length="4" />
		<capsule pos="-42.55,-16.5,-34.5" vel="0,0,0" mass="1" elasticityCoef="1" ang="90,0,0" color="0,220,0" radius="0.5" length="4" />
		<capsule pos="-42.55,-16.5,-32.199999999999996" vel="0,0,0" mass="1" elasticityCoef="1" ang="90,0,0" color="0,220,0" radius="0.5" length="4" />
		<capsule pos="-42.55,-16.5,-29.9" vel="0,0,0" mass="1" elasticityCoef="1" ang="90,0,0" color="0,220,0" radius="0.5" length="4" />
		<capsule pos="-42.55,-16.5,-27.599999999999998" vel="0,0,0" mass="1" elasticityCoef="1" ang="90,0,0" color="0,220,0" radius="0.5" length="4" />
		<capsule pos="-42.55,-16.5,-25.299999999999997" vel="0,0,0" mass="1" elasticityCoef="1" ang="90,0,0" color="0,220,0" radius="0.5" length="4" />
		<capsule pos="-42.55,-16.5,-22.999999999999996" vel="0,0,0" mass="1" elasticityCoef="1" ang="90,0,0" color="0,220,0" radius="0.5" length="4" />
		<capsule pos="-42.55,-16.5,-20.699999999999996" vel="0,0,0" mass="1" elasticityCoef="1" ang="90,0,0" color="0,220,0" radius="0.5" length="4" />
		<capsule pos="-42.55,-16.5,-18.4" vel="0,0,0" mass="1" elasticityCoef="1" ang="90,0,0" color="0,220,0" radius="0.5" length="4" />
		<capsule pos="-42.55,-16.5,-16.099999999999998" vel="0,0,0" mass="1" elasticityCoef="1" ang="90,0,0" color="0,220,0" radius="0.5" length="4" />
		<capsule pos="-42.55,-16.5,-13.799999999999997" vel="0,0,0" mass="1" elasticityCoef="1" ang="90,0,0" color="0,220,0" radius="0.5" length="4" />
		<capsule pos="-42.55,-16.5,-11.5" vel="0,0,0" mass="1" elasticityCoef="1" ang="90,0,0" color="0,220,0" radius="0.5" length="4" />
		<capsule pos="-42.55,-16.5,-9.199999999999996" vel="0,0,0" mass="1" elasticityCoef="1" ang="90,0,0" color="0,220,0" radius="0.5" length="4" />
		<capsule pos="-42.55,-16.5,-6.899999999999999" vel="0,0,0" mass="1" elasticityCoef="1" ang="90,0,0" color="0,220,0" radius="0.5" length="4" />
		<capsule pos="-42.55,-16.5,-4.600000000000001" vel="0,0,0" mass="1" elasticityCoef="1" ang="90,0,0" color="0,220,0" radius="0.5" length="4" />
		<capsule pos="-42.55,-16.5,-2.299999999999997" vel="0,0,0" mass="1" elasticityCoef="1" ang="90,0,0" color="0,220,0" radius="0.5" length="4" />
		<capsule pos="-42.55,-16.5,0.0" vel="0,0,0" mass="1" elasticityCoef="1" ang="90,0,0" color="0,220,0" radius="0.5" length="4" />
		<capsule pos="-42.55,-16.5,2.3000000000000043" vel="0,0,0" mass="1" elasticityCoef="1" ang="90,0,0" color="0,220,0" radius="0.5" length="4" />
		<capsule pos="-42.55,-16.5,4.600000000000001" vel="0,0,0" mass="1" elasticityCoef="1" ang="90,0,0" color="0,220,0" radius="0.5" length="4" />
		<capsule pos="-42.55,-16.5,6.899999999999999" vel="0,0,0" mass="1" elasticityCoef="1" ang="90,0,0" color="0,220,0" radius="0.5" length="4" />
		<capsule pos="-42.55,-16.5,9.200000000000003" vel="0,0,0" mass="1" elasticityCoef="1" ang="90,0,0" color="0,220,0" radius="0.5" length="4" />
		<capsule pos="-42.55,-16.5,11.5" vel="0,0,0" mass="1" elasticityCoef="1" ang="90,0,0" color="0,220,0" radius="0.5" length="4" />
		<capsule pos="-42.55,-16.5,13.799999999999997" vel="0,0,0" mass="1" elasticityCoef="1" ang="90,0,0" color="0,220,0" radius="0.5" length="4" />
		<capsule pos="-42.55,-16.5,16.1" vel="0,0,0" mass="1" elasticityCoef="1" ang="90,0,0" color="0,220,0" radius="0.5" length="4" />
		<capsule pos="-42.55,-16.5,18.4" vel="0,0,0" mass="1" elasticityCoef="1" ang="90,0,0" color="0,220,0" radius="0.5" length="4" />
		<capsule pos="-42.55,-16.5,20.699999999999996" vel="0,0,0" mass="1" elasticityCoef="1" ang="90,0,0" color="0,220,0" radius="0.5" length="4" />
		<capsule pos="-42.55,-16.5,22.999999999999993" vel="0,0,0" mass="1" elasticityCoef="1" ang="90,0,0" color="0,220,0" radius="0.5" length="4" />
		<capsule pos="-42.55,-16.5,25.300000000000004" vel="0,0,0" mass="1" elasticityCoef="1" ang="90,0,0" color="0,220,0" radius="0.5" length="4" />
		<capsule pos="-42.55,-16.5,27.6" vel="0,0,0" mass="1" elasticityCoef="1" ang="90,0,0" color="0,220,0" radius="0.5" length="4" />
		<capsule pos="-42.55,-16.5,29.9" vel="0,0,0" mass="1" elasticityCoef="1" ang="90,0,0" color="0,220,0" radius="0.5" length="4" />
		<capsule pos="-42.55,-16.5,32.199999999999996" vel="0,0,0" mass="1" elasticityCoef="1" ang="90,0,0" color="0,220,0" radius="0.5" length="4" />
		<capsule pos="-42.55,-16.5,34.49999999999999" vel="0,0,0" mass="1" elasticityCoef="1" ang="90,0,0" color="0,220,0" radius="0.5" length="4" />
		<capsule pos="-42.55,-16.5,36.800000000000004" vel="0,0,0" mass="1" elasticityCoef="1" ang="90,0,0" color="0,220,0" radius="0.5" length="4" />
		<capsule pos="-42.55,-16.5,39.1" vel="0,0,0" mass="1" elasticityCoef="1" ang="90,0,0" color="0,220,0" radius="0.5" length="4" />
		<capsule pos="-42.55,-16.5,41.4" vel="0,0,0" mass="1" elasticityCoef="1" ang="90,0,0" color="0,220,0" radius="0.5" length="4" />
		<capsule pos="-42.55,-11.0,-43.699999999999996" vel="0,0,0" mass="1" elasticityCoef="1" ang="90,0,0" color="0,220,0" radius="0.5" length="4" />
		<capsule pos="-42.55,-11.0,-41.4" vel="0,0,0" mass="1" elasticityCoef="1" ang="90,0,0" color="0,220,0" radius="0.5" length="4" />
		<capsule pos="-42.55,-11.0,-39.099999999999994" vel="0,0,0" mass="1" elasticityCoef="1" ang="90,0,0" color="0,220,0" radius="0.5" length="4" />
		<capsule pos="-42.55,-11.0,-36.8" vel="0,0,0" mass="1" elasticityCoef="1" ang="90,0,0" color="0,220,0" radius="0.5" length="4" />
		<capsule pos="-42.55,-11.0,-34.5" vel="0,0,0" mass="1" elasticityCoef="1" ang="90,0,0" color="0,220,0" radius="0.5" length="4" />
		<capsule pos="-42.55,-11.0,-32.199999999999996" vel="0,0,0" mass="1" elasticityCoef="1" ang="90,0,0" color="0,220,0" radius="0.5" length="4" />
		<capsule pos="-42.55,-11.0,-29.9" vel="0,0,0" mass="1" elasticityCoef="1" ang="90,0,0" color="0,220,0" radius="0.5" length="4" />
		<capsule pos="-42.55,-11.0,-27.599999999999998" vel="0,0,0" mass="1" elasticityCoef="1" ang="90,0,0" color="0,220,0" radius="0.5" length="4" />
		<capsule pos="-42.55,-11.0,-25.299999999999997" vel="0,0,0" mass="1" elasticityCoef="1" ang="90,0,0" color="0,220,0" radius="0.5" length="4" />
		<capsule pos="-42.55,-11.0,-22.999999999999996" vel="0,0,0" mass="1" elasticityCoef="1" ang="90,0,0" color="0,220,0" radius="0.5" length="4" />
		<capsule pos="-42.55,-11.0,-20.699999999999996" vel="0,0,0" mass="1" elasticityCoef="1" ang="90,0,0" color="0,220,0" radius="0.5" length="4" />
		<capsule pos="-42.55,-11.0,-18.4" vel="0,0,0" mass="1" elasticityCoef="1" ang="90,0,0" color="0,220,0" radius="0.5" length="4" />
		<capsule pos="-42.55,-11.0,-16.099999999999998" vel="0,0,0" mass="1" elasticityCoef="1" ang="90,0,0" color="0,220,0" radius="0.5" length="4" />
		<capsule pos="-42.55,-11.0,-13.799999999999997" vel="0,0,0" mass="1" elasticityCoef="1" ang="90,0,0" color="0,220,0" radius="0.5" length="4" />
		<capsule pos="-42.55,-11.0,-11.5" vel="0,0,0" mass="1" elasticityCoef="1" ang="90,0,0" color="0,220,0" radius="0.5" length="4" />
		<capsule pos="-42.55,-11.0,-9.199999999999996" vel="0,0,0" mass="1" elasticityCoef="1" ang="90,0,0" color="0,220,0" radius="0.5" length="4" />
		<capsule pos="-42.55,-11.0,-6.899999999999999" vel="0,0,0" mass="1" elasticityCoef="1" ang="90,0,0" color="0,220,0" radius="0.5" length="4" />
		<capsule pos="-42.55,-11.0,-4.600000000000001" vel="0,0,0" mass="1" elasticityCoef="1" ang="90,0,0" color="0,220,0" radius="0.5" length="4" />
		<capsule pos="-42.55,-11.0,-2.299999999999997" vel="0,0,0" mass="1" elasticityCoef="1" ang="90,0,0" color="0,220,0" radius="0.5" length="4" />
		<capsule pos="-42.55,-11.0,0.0" vel="0,0,0" mass="1" elasticityCoef="1" ang="90,0,0" color="0,220,0" radius="0.5" length="4" />
		<capsule pos="-42.55,-11.0,2.3000000000000043" vel="0,0,0" mass="1" elasticityCoef="1" ang="90,0,0" color="0,220,0" radius="0.5" length="4" />
		<capsule pos="-42.55,-11.0,4.600000000000001" vel="0,0,0" mass="1" elasticityCoef="1" ang="90,0,0" color="0,220,0" radius="0.5" length="4" />
		<capsule pos="-42.55,-11.0,6.899999999999999" vel="0,0,0" mass="1" elasticityCoef="1" ang="90,0,0" color="0,220,0" radius="0.5" length="4" />
		<capsule pos="-42.55,-11.0,9.200000000000003" vel="0,0,0" mass="1" elasticityCoef="1" ang="90,0,0" color="0,220,0" radius="0.5" length="4" />
		<capsule pos="-42.55,-11.0,11.5" vel="0,0,0" mass="1" elasticityCoef="1" ang="90,0,0" color="0,220,0" radius="0.5" length="4" />
		<capsule pos="-42.55,-11.0,13.799999999999997" vel="0,0,0" mass="1" elasticityCoef="1" ang="90,0,0" color="0,220,0" radius="0.5" length="4" />
		<capsule pos="-42.55,-11.0,16.1" vel="0,0,0" mass="1" elasticityCoef="1" ang="90,0,0" color="0,220,0" radius="0.5" length="4" />
		<capsule pos="-42.55,-11.0,18.4" vel="0,0,0" mass="1" elasticityCoef="1" ang="90,0,0" color="0,220,0" radius="0.5" length="4" />
		<capsule pos="-42.55,-11.0,20.699999999999996" vel="0,0,0" mass="1" elasticityCoef="1" ang="90,0,0" color="0,220,0" radius="0.5" length="4" />
		<capsule pos="-42.55,-11.0,22.999999999999993" vel="0,0,0" mass="1" elasticityCoef="1" ang="90,0,0" color="0,220,0" radius="0.5" length="4" />
		<capsule pos="-42.55,-11.0,25.300000000000004" vel="0,0,0" mass="1" elasticityCoef="1" ang="90,0,0" color="0,220,0" radius="0.5" length="4" />
		<capsule pos="-42.55,-11.0,27.6" vel="0,0,0" mass="1" elasticityCoef="1" ang="90,0,0" color="0,220,0" radius="0.5" length="4" />
		<capsule pos="-42.55,-11.0,29.9" vel="0,0,0" mass="1" elasticityCoef="1" ang="90,0,0" color="0,220,0" radius="0.5" length="4" />
		<capsule pos="-42.55,-11.0,32.199999999999996" vel="0,0,0" mass="1" elasticityCoef="1" ang="90,0,0" color="0,220,0" radius="0.5" length="4" />
		<capsule pos="-42.55,-11.0,34.49999999999999" vel="0,0,0" mass="1" elasticityCoef="1" ang="90,0,0" color="0,220,0" radius="0.5" length="4" />
		<capsule pos="-42.55,-11.0,36.800000000000004" vel="0,0,0" mass="1" elasticityCoef="1" ang="90,0,0" color="0,220,0" radius="0.5" length="4" />
		<capsule pos="-42.55,-11.0,39.1" vel="0,0,0" mass="1" elasticityCoef="1" ang="90,0,0" color="0,220,0" radius="0.5" length="4" />
		<capsule pos="-42.55,-11.0,41.4" vel="0,0,0" mass="1" elasticityCoef="1" ang="90,0,0" color="0,220,0" radius="0.5" length="4" />
		<capsule pos="-42.55,-5.5,-43.699999999999996" vel="0,0,0" mass="1" elasticityCoef="1" ang="90,0,0" color="0,220,0" radius="0.5" length="4" />
		<capsule pos="-42.55,-5.5,-41.4" vel="0,0,0" mass="1" elasticityCoef="1" ang="90,0,0" color="0,220,0" radius="0.5" length="4" />
		<capsule pos="-42.55,-5.5,-39.099999999999994" vel="0,0,0" mass="1" elasticityCoef="1" ang="90,0,0" color="0,220,0" radius="0.5" length="4" />
		<capsule pos="-42.55,-5.5,-36.8" vel="0,0,0" mass="1" elasticityCoef="1" ang="90,0,0" color="0,220,0" radius="0.5" length="4" />
		<capsule pos="-42.55,-5.5,-34.5" vel="0,0,0" mass="1" elasticityCoef="1" ang="90,0,0" color="0,220,0" radius="0.5" length="4" />
		<capsule pos="-42.55,-5.5,-32.199999999999996" vel="0,0,0" mass="1" elasticityCoef="1" ang="90,0,0" color="0,220,0" radius="0.5" length="4" />
		<capsule pos="-42.55,-5.5,-29.9" vel="0,0,0" mass="1" elasticityCoef="1" ang="90,0,0" color="0,220,0" radius="0.5" length="4" />
		<capsule pos="-42.55,-5.5,-27.599999999999998" vel="0,0,0" mass="1" elasticityCoef="1" ang="90,0,0" color="0,220,0" radius="0.5" length="4" />
		<capsule pos="-42.55,-5.5,-25.299999999999997" vel="0,0,0" mass="1" elasticityCoef="1" ang="90,0,0" color="0,220,0" radius="0.5" length="4" />
		<capsule pos="-42.55,-5.5,-22.999999999999996" vel="0,0,0" mass="1" elasticityCoef="1" ang="90,0,0" color="0,220,0" radius="0.5" length="4" />
		<capsule pos="-42.55,-5.5,-20.699999999999996" vel="0,0,0" mass="1" elasticityCoef="1" ang="90,0,0" color="0,220,0" radius="0.5" length="4" />
		<capsule pos="-42.55,-5.5,-18.4" vel="0,0,0" mass="1" elasticityCoef="1" ang="90,0,0" color="0,220,0" radius="0.5" length="4" />
		<capsule pos="-42.55,-5.5,-16.099999999999998" vel="0,0,0" mass="1" elasticityCoef="1" ang="90,0,0" color="0,220,0" radius="0.5" length="4" />
		<capsule pos="-42.55,-5.5,-13.799999999999997" vel="0,0,0" mass="1" elasticityCoef="1" ang="90,0,0" color="0,220,0" radius="0.5" length="4" />
		<capsule pos="-42.55,-5.5,-11.5" vel="0,0,0" mass="1" elasticityCoef="1" ang="90,0,0" color="0,220,0" radius="0.5" length="4" />
		<capsule pos="-42.55,-5.5,-9.199999999999996" vel="0,0,0" mass="1" elasticityCoef="1" ang="90,0,0" color="0,220,0" radius="0.5" length="4" />
		<capsule pos="-42.55,-5.5,-6.899999999999999" vel="0,0,0" mass="1" elasticityCoef="1" ang="90,0,0" color="0,220,0" radius="0.5" length="4" />
		<capsule pos="-42.55,-5.5,-4.600000000000001" vel="0,0,0" mass="1" elasticityCoef="1" ang="90,0,0" color="0,220,0" radius="0.5" length="4" />
		<capsule pos="-42.55,-5.5,-2.299999999999997" vel="0,0,0" mass="1" elasticityCoef="1" ang="90,0,0" color="0,220,0" radius="0.5" length="4" />
		<capsule pos="-42.55,-5.5,0.0" vel="0,0,0" mass="1" elasticityCoef="1" ang="90,0,0" color="0,220,0" radius="0.5" length="4" />
		<capsule pos="-42.55,-5.5,2.3000000000000043" vel="0,0,0" mass="1" elasticityCoef="1" ang="90,0,0" color="0,220,0" radius="0.5" length="4" />
		<capsule pos="-42.55,-5.5,4.600000000000001" vel="0,0,0" mass="1" elasticityCoef="1" ang="90,0,0" color="0,220,0" radius="0.5" length="4" />
		<capsule pos="-42.55,-5.5,6.899999999999999" vel="0,0,0" mass="1" elasticityCoef="1" ang="90,0,0" color="0,220,0" radius="0.5" length="4" />
		<capsule pos="-42.55,-5.5,9.200000000000003" vel="0,0,0" mass="1" elasticityCoef="1" ang="90,0,0" color="0,220,0" radius="0.5" length="4" />
		<capsule pos="-42.55,-5.5,11.5" vel="0,0,0" mass="1" elasticityCoef="1" ang="90,0,0" color="0,220,0" radius="0.5" length="4" />
		<capsule pos="-42.55,-5.5,13.799999999999997" vel="0,0,0" mass="1" elasticityCoef="1" ang="90,0,0" color="0,220,0" radius="0.5" length="4" />
		<capsule pos="-42.55,-5.5,16.1" vel="0,0,0" mass="1" elasticityCoef="1" ang="90,0,0" color="0,220,0" radius="0.5" length="4" />
		<capsule pos="-42.55,-5.5,18.4" vel="0,0,0" mass="1" elasticityCoef="1" ang="90,0,0" color="0,220,0" radius="0.5" length="4" />
		<capsule pos="-42.55,-5.5,20.699999999999996" vel="0,0,0" mass="1" elasticityCoef="1" ang="90,0,0" color="0,220,0" radius="0.5" length="4" />
		<capsule pos="-42.55,-5.5,22.999999999999993" vel="0,0,0" mass="1" elasticityCoef="1" ang="90,0,0" color="0,220,0" radius="0.5" length="4" />
		<capsule pos="-42.55,-5.5,25.300000000000004" vel="0,0,0" mass="1" elasticityCoef="1" ang="90,0,0" color="0,220,0" radius="0.5" length="4" />
		<capsule pos="-42.55,-5.5,27.6" vel="0,0,0" mass="1" elasticityCoef="1" ang="90,0,0" color="0,220,0" radius="0.5" length="4" />
		<capsule pos="-42.55,-5.5,29.9" vel="0,0,0" mass="1" elasticityCoef="1" ang="90,0,0" color="0,220,0" radius="0.5" length="4" />
		<capsule pos="-42.55,-5.5,32.199999999999996" vel="0,0,0" mass="1" elasticityCoef="1" ang="90,0,0" color="0,220,0" radius="0.5" length="4" />
		<capsule pos="-42.55,-5.5,34.49999999999999" vel="0,0,0" mass="1" elasticityCoef="1" ang="90,0,0" color="0,220,0" radius="0.5" length="4" />
		<capsule pos="-42.55,-5.5,36.800000000000004" vel="0,0,0" mass="1" elasticityCoef="1" ang="90,0,0" color="0,220,0" radius="0.5" length="4" />
		<capsule pos="-42.55,-5.5,39.1" vel="0,0,0" mass="1" elasticityCoef="1" ang="90,0,0" color="0,220,0" radius="0.5" length="4" />
		<capsule pos="-42.55,-5.5,41.4" vel="0,0,0" mass="1" elasticityCoef="1" ang="90,0,0" color="0,220,0" radius="0.5" length="4" />
		<capsule pos="-42.55,0.0,-43.699999999999996" vel="0,0,0" mass="1" elasticityCoef="1" ang="90,0,0" color="0,220,0" radius="0.5" length="4" />
		<capsule pos="-42.55,0.0,-41.4" vel="0,0,0" mass="1" elasticityCoef="1" ang="90,0,0" color="0,220,0" radius="0.5" length="4" />
		<capsule pos="-42.55,0.0,-39.099999999999994" vel="0,0,0" mass="1" elasticityCoef="1" ang="90,0,0" color="0,220,0" radius="0.5" length="4" />
		<capsule pos="-42.55,0.0,-36.8" vel="0,0,0" mass="1" elasticityCoef="1" ang="90,0,0" color="0,220,0" radius="0.5" length="4" />
		<capsule pos="-42.55,0.0,-34.5" vel="0,0,0" mass="1" elasticityCoef="1" ang="90,0,0" color="0,220,0" radius="0.5" length="4" />
		<capsule pos="-42.55,0.0,-32.199999999999996" vel="0,0,0" mass="1" elasticityCoef="1" ang="90,0,0" color="0,220,0" radius="0.5" length="4" />
		<capsule pos="-42.55,0.0,-29.9" vel="0,0,0" mass="1" elasticityCoef="1" ang="90,0,0" color="0,220,0" radius="0.5" length="4" />
		<capsule pos="-42.55,0.0,-27.599999999999998" vel="0,0,0" mass="1" elasticityCoef="1" ang="90,0,0" color="0,220,0" radius="0.5" length="4" />
		<capsule pos="-42.55,0.0,-25.299999999999997" vel="0,0,0" mass="1" elasticityCoef="1" ang="90,0,0" color="0,220,0" radius="0.5" length="4" />
		<capsule pos="-42.55,0.0,-22.999999999999996" vel="0,0,0" mass="1" elasticityCoef="1" ang="90,0,0" color="0,220,0" radius="0.5" length="4" />
		<capsule pos="-42.55,0.0,-20.699999999999996" vel="0,0,0" mass="1" elasticityCoef="1" ang="90,0,0" color="0,220,0" radius="0.5" length="4" />
		<capsule pos="-42.55,0.0,-18.4" vel="0,0,0" mass="1" elasticityCoef="1" ang="90,0,0" color="0,220,0" radius="0.5" length="4" />
		<capsule pos="-42.55,0.0,-16.099999999999998" vel="0,0,0" mass="1" elasticityCoef="1" ang="90,0,0" color="0,220,0" radius="0.5" length="4" />
		<capsule pos="-42.55,0.0,-13.799999999999997" vel="0,0,0" mass="1" elasticityCoef="1" ang="90,0,0" color="0,220,0" radius="0.5" length="4" />
		<capsule pos="-42.55,0.0,-11.5" vel="0,0,0" mass="1" elasticityCoef="1" ang="90,0,0" color="0,220,0" radius="0.5" length="4" />
		<capsule pos="-42.55,0.0,-9.199999999999996" vel="0,0,0" mass="1" elasticityCoef="1" ang="90,0,0" color="0,220,0" radius="0.5" length="4" />
		<capsule pos="-42.55,0.0,-6.899999999999999" vel="0,0,0" mass="1" elasticityCoef="1" ang="90,0,0" color="0,220,0" radius="0.5" length="4" />
		<capsule pos="-42.55,0.0,-4.600000000000001" vel="0,0,0" mass="1" elasticityCoef="1" ang="90,0,0" color="0,220,0" radius="0.5" length="4" />
		<capsule pos="-42.55,0.0,-2.299999999999997" vel="0,0,0" mass="1" elasticityCoef="1" ang="90,0,0" color="0,220,0" radius="0.5" length="4" />
		<capsule pos="-42.55,0.0,0.0" vel="0,0,0" mass="1" elasticityCoef="1" ang="90,0,0" color="0,220,0" radius="0.5" length="4" />
		<capsule pos="-42.55,0.0,2.3000000000000043" vel="0,0,0" mass="1" elasticityCoef="1" ang="90,0,0" color="0,220,0" radius="0.5" length="4" />
		<capsule pos="-42.55,0.0,4.600000000000001" vel="0,0,0" mass="1" elasticityCoef="1" ang="90,0,0" color="0,220,0" radius="0.5" length="4" />
		<capsule pos="-42.55,0.0,6.899999999999999" vel="0,0,0" mass="1" elasticityCoef="1" ang="90,0,0" color="0,220,0" radius="0.5" length="4" />
		<capsule pos="-42.55,0.0,9.200000000000003" vel="0,0,0" mass="1" elasticityCoef="1" ang="90,0,0" color="0,220,0" radius="0.5" length="4" />
		<capsule pos="-42.55,0.0,11.5" vel="0,0,0" mass="1" elasticityCoef="1" ang="90,0,0" color="0,220,0" radius="0.5" length="4" />
		<capsule pos="-42.55,0.0,13.799999999999997" vel="0,0,0" mass="1" elasticityCoef="1" ang="90,0,0" color="0,220,0" radius="0.5" length="4" />
		<capsule pos="-42.55,0.0,16.1" vel="0,0,0" mass="1" elasticityCoef="1" ang="90,0,0" color="0,220,0" radius="0.5" length="4" />
		<capsule pos="-42.55,0.0,18.4" vel="0,0,0" mass="1" elasticityCoef="1" ang="90,0,0" color="0,220,0" radius="0.5" length="4" />
		<capsule pos="-42.55,0.0,20.699999999999996" vel="0,0,0" mass="1" elasticityCoef="1" ang="90,0,0" color="0,220,0" radius="0.5" length="4" />
		<capsule pos="-42.55,0.0,22.999999999999993" vel="0,0,0" mass="1" elasticityCoef="1" ang="90,0,0" color="0,220,0" radius="0.5" length="4" />
		<capsule pos="-42.55,0.0,25.300000000000004" vel="0,0,0" mass="1" elasticityCoef="1" ang="90,0,0" color="0,220,0" radius="0.5" length="4" />
		<capsule pos="-42.55,0.0,27.6" vel="0,0,0" mass="1" elasticityCoef="1" ang="90,0,0" color="0,220,0" radius="0.5" length="4" />
		<capsule pos="-42.55,0.0,29.9" vel="0,0,0" mass="1" elasticityCoef="1" ang="90,0,0" color="0,220,0" radius="0.5" length="4" />
		<capsule pos="-42.55,0.0,32.199999999999996" vel="0,0,0" mass="1" elasticityCoef="1" ang="90,0,0" color="0,220,0" radius="0.5" length="4" />
		<capsule pos="-42.55,0.0,34.49999999999999" vel="0,0,0" mass="1" elasticityCoef="1" ang="90,0,0" color="0,220,0" radius="0.5" length="4" />
		<capsule pos="-42.55,0.0,36.800000000000004" vel="0,0,0" mass="1" elasticityCoef="1" ang="90,0,0" color="0,220,0" radius="0.5" length="4" />
		<capsule pos="-42.55,0.0,39.1" vel="0,0,0" mass="1" elasticityCoef="1" ang="90,0,0" color="0,220,0" radius="0.5" length="4" />
		<capsule pos="-42.55,0.0,41.4" vel="0,0,0" mass="1" elasticityCoef="1" ang="90,0,0" color="0,220,0" radius="0.5" length="4" />
		<capsule pos="-42.55,5.5,-43.699999999999996" vel="0,0,0" mass="1" elasticityCoef="1" ang="90,0,0" color="0,220,0" radius="0.5" length="4" />
		<capsule pos="-42.55,5.5,-41.4" vel="0,0,0" mass="1" elasticityCoef="1" ang="90,0,0" color="0,220,0" radius="0.5" length="4" />
		<capsule pos="-42.55,5.5,-39.099999999999994" vel="0,0,0" mass="1" elasticityCoef="1" ang="90,0,0" color="0,220,0" radius="0.5" length="4" />
		<capsule pos="-42.55,5.5,-36.8" vel="0,0,0" mass="1" elasticityCoef="1" ang="90,0,0" color="0,220,0" radius="0.5" length="4" />
		<capsule pos="-42.55,5.5,-34.5" vel="0,0,0" mass="1" elasticityCoef="1" ang="90,0,0" color="0,220,0" radius="0.5" length="4" />
		<capsule pos="-42.55,5.5,-32.199999999999996" vel="0,0,0" mass="1" elasticityCoef="1" ang="90,0,0" color="0,220,0" radius="0.5" length="4" />
		<capsule pos="-42.55,5.5,-29.9" vel="0,0,0" mass="1" elasticityCoef="1" ang="90,0,0" color="0,220,0" radius="0.5" length="4" />
		<capsule pos="-42.55,5.5,-27.599999999999998" vel="0,0,0" mass="1" elasticityCoef="1" ang="90,0,0" color="0,220,0" radius="0.5" length="4" />
		<capsule pos="-42.55,5.5,-25.299999999999997" vel="0,0,0" mass="1" elasticityCoef="1" ang="90,0,0" color="0,220,0" radius="0.5" length="4" />
		<capsule pos="-42.55,5.5,-22.999999999999996" vel="0,0,0" mass="1" elasticityCoef="1" ang="90,0,0" color="0,220,0" radius="0.5" length="4" />
		<capsule pos="-42.55,5.5,-20.699999999999996" vel="0,0,0" mass="1" elasticityCoef="1" ang="90,0,0" color="0,220,0" radius="0.5" length="4" />
		<capsule pos="-42.55,5.5,-18.4" vel="0,0,0" mass="1" elasticityCoef="1" ang="90,0,0" color="0,220,0" radius="0.5" length="4" />
		<capsule pos="-42.55,5.5,-16.099999999999998" vel="0,0,0" mass="1" elasticityCoef="1" ang="90,0,0" color="0,220,0" radius="0.5" length="4" />
		<capsule pos="-42.55,5.5,-13.799999999999997" vel="0,0,0" mass="1" elasticityCoef="1" ang="90,0,0" color="0,220,0" radius="0.5" length="4" />
		<capsule pos="-42.55,5.5,-11.5" vel="0,0,0" mass="1" elasticityCoef="1" ang="90,0,0" color="0,220,0" radius="0.5" length="4" />
		<capsule pos="-42.55,5.5,-9.199999999999996" vel="0,0,0" mass="1" elasticityCoef="1" ang="90,0,0" color="0,220,0" radius="0.5" length="4" />
		<capsule pos="-42.55,5.5,-6.899999999999999" vel="0,0,0" mass="1" elasticityCoef="1" ang="90,0,0" color="0,220,0" radius="0.5" length="4" />
		<capsule pos="-42.55,5.5,-4.600000000000001" vel="0,0,0" mass="1" elasticityCoef="1" ang="90,0,0" color="0,220,0" radius="0.5" length="4" />
		<capsule pos="-42.55,5.5,-2.299999999999997" vel="0,0,0" mass="1" elasticityCoef="1" ang="90,0,0" color="0,220,0" radius="0.5" length="4" />
		<capsule pos="-42.55,5.5,0.0" vel="0,0,0" mass="1" elasticityCoef="1" ang="90,0,0" color="0,220,0" radius="0.5" length="4" />
		<capsule pos="-42.55,5.5,2.3000000000000043" vel="0,0,0" mass="1" elasticityCoef="1" ang="90,0,0" color="0,220,0" radius="0.5" length="4" />
		<capsule pos="-42.55,5.5,4.600000000000001" vel="0,0,0" mass="1" elasticityCoef="1" ang="90,0,0" color="0,220,0" radius="0.5" length="4" />
		<capsule pos="-42.55,5.5,6.899999999999999" vel="0,0,0" mass="1" elasticityCoef="1" ang="90,0,0" color="0,220,0" radius="0.5" length="4" />
		<capsule pos="-42.55,5.5,9.200000000000003" vel="0,0,0" mass="1" elasticityCoef="1" ang="90,0,0" color="0,220,0" radius="0.5" length="4" />
		<capsule pos="-42.55,5.5,11.5" vel="0,0,0" mass="1" elasticityCoef="1" ang="90,0,0" color="0,220,0" radius="0.5" length="4" />
		<capsule pos="-42.55,5.5,13.799999999999997" vel="0,0,0" mass="1" elasticityCoef="1" ang="90,0,0" color="0,220,0" radius="0.5" length="4" />
		<capsule pos="-42.55,5.5,16.1" vel="0,0,0" mass="1" elasticityCoef="1" ang="90,0,0" color="0,220,0" radius="0.5" length="4" />
		<capsule pos="-42.55,5.5,18.4" vel="0,0,0" mass="1" elasticityCoef="1" ang="90,0,0" color="0,220,0" radius="0.5" length="4" />
		<capsule pos="-42.55,5.5,20.699999999999996" vel="0,0,0" mass="1" elasticityCoef="1" ang="90,0,0" color="0,220,0" radius="0.5" length="4" />
		<capsule pos="-42.55,5.5,22.999999999999993" vel="0,0,0" mass="1" elasticityCoef="1" ang="90,0,0" color="0,220,0" radius="0.5" length="4" />
		<capsule pos="-42.55,5.5,25.300000000000004" vel="0,0,0" mass="1" elasticityCoef="1" ang="90,0,0" color="0,220,0" radius="0.5" length="4" />
		<capsule pos="-42.55,5.5,27.6" vel="0,0,0" mass="1" elasticityCoef="1" ang="90,0,0" color="0,220,0" radius="0.5" length="4" />
		<capsule pos="-42.55,5.5,29.9" vel="0,0,0" mass="1" elasticityCoef="1" ang="90,0,0" color="0,220,0" radius="0.5" length="4" />
		<capsule pos="-42.55,5.5,32.199999999999996" vel="0,0,0" mass="1" elasticityCoef="1" ang="90,0,0" color="0,220,0" radius="0.5" length="4" />
		<capsule pos="-42.55,5.5,34.49999999999999" vel="0,0,0" mass="1" elasticityCoef="1" ang="90,0,0" color="0,220,0" radius="0.5" length="4" />
		<capsule pos="-42.55,5.5,36.800000000000004" vel="0,0,0" mass="1" elasticityCoef="1" ang="90,0,0" color="0,220,0" radius="0.5" length="4" />
		<capsule pos="-42.55,5.5,39.1" vel="0,0,0" mass="1" elasticityCoef="1" ang="90,0,0" color="0,220,0" radius="0.5" length="4" />
		<capsule pos="-42.55,5.5,41.4" vel="0,0,0" mass="1" elasticityCoef="1" ang="90,0,0" color="0,220,0" radius="0.5" length="4" />
		<capsule pos="-42.55,11.0,-43.699999999999996" vel="0,0,0" mass="1" elasticityCoef="1" ang="90,0,0" color="0,220,0" radius="0.5" length="4" />
		<capsule pos="-42.55,11.0,-41.4" vel="0,0,0" mass="1" elasticityCoef="1" ang="90,0,0" color="0,220,0" radius="0.5" length="4" />
		<capsule pos="-42.55,11.0,-39.099999999999994" vel="0,0,0" mass="1" elasticityCoef="1" ang="90,0,0" color="0,220,0" radius="0.5" length="4" />
		<capsule pos="-42.55,11.0,-36.8" vel="0,0,0" mass="1" elasticityCoef="1" ang="90,0,0" color="0,220,0" radius="0.5" length="4" />
		<capsule pos="-42.55,11.0,-34.5" vel="0,0,0" mass="1" elasticityCoef="1" ang="90,0,0" color="0,220,0" radius="0.5" length="4" />
		<capsule pos="-42.55,11.0,-32.199999999999996" vel="0,0,0" mass="1" elasticityCoef="1" ang="90,0,0" color="0,220,0" radius="0.5" length="4" />
		<capsule pos="-42.55,11.0,-29.9" vel="0,0,0" mass="1" elasticityCoef="1" ang="90,0,0" color="0,220,0" radius="0.5" length="4" />
		<capsule pos="-42.55,11.0,-27.599999999999998" vel="0,0,0" mass="1" elasticityCoef="1" ang="90,0,0" color="0,220,0" radius="0.5" length="4" />
		<capsule pos="-42.55,11.0,-25.299999999999997" vel="0,0,0" mass="1" elasticityCoef="1" ang="90,0,0" color="0,220,0" radius="0.5" length="4" />
		<capsule pos="-42.55,11.0,-22.999999999999996" vel="0,0,0" mass="1" elasticityCoef="1" ang="90,0,0" color="0,220,0" radius="0.5" length="4" />
		<capsule pos="-42.55,11.0,-20.699999999999996" vel="0,0,0" mass="1" elasticityCoef="1" ang="90,0,0" color="0,220,0" radius="0.5" length="4" />
		<capsule pos="-42.55,11.0,-18.4" vel="0,0,0" mass="1" elasticityCoef="1" ang="90,0,0" color="0,220,0" radius="0.5" length="4" />
		<capsule pos="-42.55,11.0,-16.099999999999998" vel="0,0,0" mass="1" elasticityCoef="1" ang="90,0,0" color="0,220,0" radius="0.5" length="4" />
		<capsule pos="-42.55,11.0,-13.799999999999997" vel="0,0,0" mass="1" elasticityCoef="1" ang="90,0,0" color="0,220,0" radius="0.5" length="4" />
		<capsule pos="-42.55,11.0,-11.5" vel="0,0,0" mass="1" elasticityCoef="1" ang="90,0,0" color="0,220,0" radius="0.5" length="4" />
		<capsule pos="-42.55,11.0,-9.199999999999996" vel="0,0,0" mass="1" elasticityCoef="1" ang="90,0,0" color="0,220,0" radius="0.5" length="4" />
		<capsule pos="-42.55,11.0,-6.899999999999999" vel="0,0,0" mass="1" elasticityCoef="1" ang="90,0,0" color="0,220,0" radius="0.5" length="4" />
		<capsule pos="-42.55,11.0,-4.600000000000001" vel="0,0,0" mass="1" elasticityCoef="1" ang="90,0,0" color="0,220,0" radius="0.5" length="4" />
		<capsule pos="-42.55,11.0,-2.299999999999997" vel="0,0,0" mass="1" elasticityCoef="1" ang="90,0,0" color="0,220,0" radius="0.5" length="4" />
		<capsule pos="-42.55,11.0,0.0" vel="0,0,0" mass="1" elasticityCoef="1" ang="90,0,0" color="0,220,0" radius="0.5" length="4" />
		<capsule pos="-42.55,11.0,2.3000000000000043" vel="0,0,0" mass="1" elasticityCoef="1" ang="90,0,0" color="0,220,0" radius="0.5" length="4" />
		<capsule pos="-42.55,11.0,4.600000000000001" vel="0,0,0" mass="1" elasticityCoef="1" ang="90,0,0" color="0,220,0" radius="0.5" length="4" />
		<capsule pos="-42.55,11.0,6.899999999999999" vel="0,0,0" mass="1" elasticityCoef="1" ang="90,0,0" color="0,220,0" radius="0.5" length="4" />
		<capsule pos="-42.55,11.0,9.200000000000003" vel="0,0,0" mass="1" elasticityCoef="1" ang="90,0,0" color="0,220,0" radius="0.5" length="4" />
		<capsule pos="-42.55,11.0,11.5" vel="0,0,0" mass="1" elasticityCoef="1" ang="90,0,0" color="0,220,0" radius="0.5" length="4" />
		<capsule pos="-42.55,11.0,13.799999999999997" vel="0,0,0" mass="1" elasticityCoef="1" ang="90,0,0" color="0,220,0" radius="0.5" length="4" />
		<capsule pos="-42.55,11.0,16.1" vel="0,0,0" mass="1" elasticityCoef="1" ang="90,0,0" color="0,220,0" radius="0.5" length="4" />
		<capsule pos="-42.55,11.0,18.4" vel="0,0,0" mass="1" elasticityCoef="1" ang="90,0,0" color="0,220,0" radius="0.5" length="4" />
		<capsule pos="-42.55,11.0,20.699999999999996" vel="0,0,0" mass="1" elasticityCoef="1" ang="90,0,0" color="0,220,0" radius="0.5" length="4" />
		<capsule pos="-42.55,11.0,22.999999999999993" vel="0,0,0" mass="1" elasticityCoef="1" ang="90,0,0" color="0,220,0" radius="0.5" length="4" />
		<capsule pos="-42.55,11.0,25.300000000000004" vel="0,0,0" mass="1" elasticityCoef="1" ang="90,0,0" color="0,220,0" radius="0.5" length="4" />
		<capsule pos="-42.55,11.0,27.6" vel="0,0,0" mass="1" elasticityCoef="1" ang="90,0,0" color="0,220,0" radius="0.5" length="4" />
		<capsule pos="-42.55,11.0,29.9" vel="0,0,0" mass="1" elasticityCoef="1" ang="90,0,0" color="0,220,0" radius="0.5" length="4" />
		<capsule pos="-42.55,11.0,32.199999999999996" vel="0,0,0" mass="1" elasticityCoef="1" ang="90,0,0" color="0,220,0" radius="0.5" length="4" />
		<capsule pos="-42.55,11.0,34.49999999999999" vel="0,0,0" mass="1" elasticityCoef="1" ang="90,0,0" color="0,220,0" radius="0.5" length="4" />
		<capsule pos="-42.55,11.0,36.800000000000004" vel="0,0,0" mass="1" elasticityCoef="1" ang="90,0,0" color="0,220,0" radius="0.5" length="4" />
		<capsule pos="-42.55,11.0,39.1" vel="0,0,0" mass="1" elasticityCoef="1" ang="90,0,0" color="0,220,0" radius="0.5" length="4" />
		<capsule pos="-42.55,11.0,41.4" vel="0,0,0" mass="1" elasticityCoef="1" ang="90,0,0" color="0,220,0" radius="0.5" length="4" />
		<capsule pos="-42.55,16.5,-43.699999999999996" vel="0,0,0" mass="1" elasticityCoef="1" ang="90,0,0" color="0,220,0" radius="0.5" length="4" />
		<capsule pos="-42.55,16.5,-41.4" vel="0,0,0" mass="1" elasticityCoef="1" ang="90,0,0" color="0,220,0" radius="0.5" length="4" />
		<capsule pos="-42.55,16.5,-39.099999999999994" vel="0,0,0" mass="1" elasticityCoef="1" ang="90,0,0" color="0,220,0" radius="0.5" length="4" />
		<capsule pos="-42.55,16.5,-36.8" vel="0,0,0" mass="1" elasticityCoef="1" ang="90,0,0" color="0,220,0" radius="0.5" length="4" />
		<capsule pos="-42.55,16.5,-34.5" vel="0,0,0" mass="1" elasticityCoef="1" ang="90,0,0" color="0,220,0" radius="0.5" length="4" />
		<capsule pos="-42.55,16.5,-32.199999999999996" vel="0,0,0" mass="1" elasticityCoef="1" ang="90,0,0" color="0,220,0" radius="0.5" length="4" />
		<capsule pos="-42.55,16.5,-29.9" vel="0,0,0" mass="1" elasticityCoef="1" ang="90,0,0" color="0,220,0" radius="0.5" length="4" />
		<capsule pos="-42.55,16.5,-27.599999999999998" vel="0,0,0" mass="1" elasticityCoef="1" ang="90,0,0" color="0,220,0" radius="0.5" length="4" />
		<capsule pos="-42.55,16.5,-25.299999999999997" vel="0,0,0" mass="1" elasticityCoef="1" ang="90,0,0" color="0,220,0" radius="0.5" length="4" />
		<capsule pos="-42.55,16.5,-22.999999999999996" vel="0,0,0" mass="1" elasticityCoef="1" ang="90,0,0" color="0,220,0" radius="0.5" length="4" />
		<capsule pos="-42.55,16.5,-20.699999999999996" vel="0,0,0" mass="1" elasticityCoef="1" ang="90,0,0" color="0,220,0" radius="0.5" length="4" />
		<capsule pos="-42.55,16.5,-18.4" vel="0,0,0" mass="1" elasticityCoef="1" ang="90,0,0" color="0,220,0" radius="0.5" length="4" />
		<capsule pos="-42.55,16.5,-16.099999999999998" vel="0,0,0" mass="1" elasticityCoef="1" ang="90,0,0" color="0,220,0" radius="0.5" length="4" />
		<capsule pos="-42.55,16.5,-13.799999999999997" vel="0,0,0" mass="1" elasticityCoef="1" ang="90,0,0" color="0,220,0" radius="0.5" length="4" />
		<capsule pos="-42.55,16.5,-11.5" vel="0,0,0" mass="1" elasticityCoef="1" ang="90,0,0" color="0,220,0" radius="0.5" length="4" />
		<capsule pos="-42.55,16.5,-9.199999999999996" vel="0,0,0" mass="1" elasticityCoef="1" ang="90,0,0" color="0,220,0" radius="0.5" length="4" />
		<capsule pos="-42.55,16.5,-6.899999999999999" vel="0,0,0" mass="1" elasticityCoef="1" ang="90,0,0" color="0,220,0" radius="0.5" length="4" />
		<capsule pos="-42.55,16.5,-4.600000000000001" vel="0,0,0" mass="1" elasticityCoef="1" ang="90,0,0" color="0,220,0" radius="0.5" length="4" />
		<capsule pos="-42.55,16.5,-2.299999999999997" vel="0,0,0" mass="1" elasticityCoef="1" ang="90,0,0" color="0,220,0" radius="0.5" length="4" />
		<capsule pos="-42.55,16.5,0.0" vel="0,0,0" mass="1" elasticityCoef="1" ang="90,0,0" color="0,220,0" radius="0.5" length="4" />
		<capsule pos="-42.55,16.5,2.3000000000000043" vel="0,0,0" mass="1" elasticityCoef="1" ang="90,0,0" color="0,220,0" radius="0.5" length="4" />
		<capsule pos="-42.55,16.5,4.600000000000001" vel="0,0,0" mass="1" elasticityCoef="1" ang="90,0,0" color="0,220,0" radius="0.5" length="4" />
		<capsule pos="-42.55,16.5,6.899999999999999" vel="0,0,0" mass="1" elasticityCoef="1" ang="90,0,0" color="0,220,0" radius="0.5" length="4" />
		<capsule pos="-42.55,16.5,9.200000000000003" vel="0,0,0" mass="1" elasticityCoef="1" ang="90,0,0" color="0,220,0" radius="0.5" length="4" />
		<capsule pos="-42.55,16.5,11.5" vel="0,0,0" mass="1" elasticityCoef="1" ang="90,0,0" color="0,220,0" radius="0.5" length="4" />
		<capsule pos="-42.55,16.5,13.799999999999997" vel="0,0,0" mass="1" elasticityCoef="1" ang="90,0,0" color="0,220,0" radius="0.5" length="4" />
		<capsule pos="-42.55,16.5,16.1" vel="0,0,0" mass="1" elasticityCoef="1" ang="90,0,0" color="0,220,0" radius="0.5" length="4" />
		<capsule pos="-42.55,16.5,18.4" vel="0,0,0" mass="1" elasticityCoef="1" ang="90,0,0" color="0,220,0" radius="0.5" length="4" />
		<capsule pos="-42.55,16.5,20.699999999999996" vel="0,0,0" mass="1" elasticityCoef="1" ang="90,0,0" color="0,220,0" radius="0.5" length="4" />
		<capsule pos="-42.55,16.5,22.999999999999993" vel="0,0,0" mass="1" elasticityCoef="1" ang="90,0,0" color="0,220,0" radius="0.5" length="4" />
		<capsule pos="-42.55,16.5,25.300000000000004" vel="0,0,0" mass="1" elasticityCoef="1" ang="90,0,0" color="0,220,0" radius="0.5" length="4" />
		<capsule pos="-42.55,16.5,27.6" vel="0,0,0" mass="1" elasticityCoef="1" ang="90,0,0" color="0,220,0" radius="0.5" length="4" />
		<capsule pos="-42.55,16.5,29.9" vel="0,0,0" mass="1" elasticityCoef="1" ang="90,0,0" color="0,220,0" radius="0.5" length="4" />
		<capsule pos="-42.55,16.5,32.199999999999996" vel="0,0,0" mass="1" elasticityCoef="1" ang="90,0,0" color="0,220,0" radius="0.5" length="4" />
		<capsule pos="-42.55,16.5,34.49999999999999" vel="0,0,0" mass="1" elasticityCoef="1" ang="90,0,0" color="0,220,0" radius="0.5" length="4" />
		<capsule pos="-42.55,16.5,36.800000000000004" vel="0,0,0" mass="1" elasticityCoef="1" ang="90,0,0" color="0,220,0" radius="0.5" length="4" />
		<capsule pos="-42.55,16.5,39.1" vel="0,0,0" mass="1" elasticityCoef="1" ang="90,0,0" color="0,220,0" radius="0.5" length="4" />
		<capsule pos="-42.55,16.5,41.4" vel="0,0,0" mass="1" elasticityCoef="1" ang="90,0,0" color="0,220,0" radius="0.5" length="4" />
		<capsule pos="-42.55,22.0,-43.699999999999996" vel="0,0,0" mass="1" elasticityCoef="1" ang="90,0,0" color="0,220,0" radius="0.5" length="4" />
		<capsule pos="-42.55,22.0,-41.4" vel="0,0,0" mass="1" elasticityCoef="1" ang="90,0,0" color="0,220,0" radius="0.5" length="4" />
		<capsule pos="-42.55,22.0,-39.099999999999994" vel="0,0,0" mass="1" elasticityCoef="1" ang="90,0,0" color="0,220,0" radius="0.5" length="4" />
		<capsule pos="-42.55,22.0,-36.8" vel="0,0,0" mass="1" elasticityCoef="1" ang="90,0,0" color="0,220,0" radius="0.5" length="4" />
		<capsule pos="-42.55,22.0,-34.5" vel="0,0,0" mass="1" elasticityCoef="1" ang="90,0,0" color="0,220,0" radius="0.5" length="4" />
		<capsule pos="-42.55,22.0,-32.199999999999996" vel="0,0,0" mass="1" elasticityCoef="1" ang="90,0,0" color="0,220,0" radius="0.5" length="4" />
		<capsule pos="-42.55,22.0,-29.9" vel="0,0,0" mass="1" elasticityCoef="1" ang="90,0,0" color="0,220,0" radius="0.5" length="4" />
		<capsule pos="-42.55,22.0,-27.599999999999998" vel="0,0,0" mass="1" elasticityCoef="1" ang="90,0,0" color="0,220,0" radius="0.5" length="4" />
		<capsule pos="-42.55,22.0,-25.299999999999997" vel="0,0,0" mass="1" elasticityCoef="1" ang="90,0,0" color="0,220,0" radius="0.5" length="4" />
		<capsule pos="-42.55,22.0,-22.999999999999996" vel="0,0,0" mass="1" elasticityCoef="1" ang="90,0,0" color="0,220,0" radius="0.5" length="4" />
		<capsule pos="-42.55,22.0,-20.699999999999996" vel="0,0,0" mass="1" elasticityCoef="1" ang="90,0,0" color="0,220,0" radius="0.5" length="4" />
		<capsule pos="-42.55,22.0,-18.4" vel="0,0,0" mass="1" elasticityCoef="1" ang="90,0,0" color="0,220,0" radius="0.5" length="4" />
		<capsule pos="-42.55,22.0,-16.099999999999998" vel="0,0,0" mass="1" elasticityCoef="1" ang="90,0,0" color="0,220,0" radius="0.5" length="4" />
		<capsule pos="-42.55,22.0,-13.799999999999997" vel="0,0,0" mass="1" elasticityCoef="1" ang="90,0,0" color="0,220,0" radius="0.5" length="4" />
		<capsule pos="-42.55,22.0,-11.5" vel="0,0,0" mass="1" elasticityCoef="1" ang="90,0,0" color="0,220,0" radius="0.5" length="4" />
		<capsule pos="-42.55,22.0,-9.199999999999996" vel="0,0,0" mass="1" elasticityCoef="1" ang="90,0,0" color="0,220,0" radius="0.5" length="4" />
		<capsule pos="-42.55,22.0,-6.899999999999999" vel="0,0,0" mass="1" elasticityCoef="1" ang="90,0,0" color="0,220,0" radius="0.5" length="4" />
		<capsule pos="-42.55,22.0,-4.600000000000001" vel="0,0,0" mass="1" elasticityCoef="1" ang="90,0,0" color="0,220,0" radius="0.5" length="4" />
		<capsule pos="-42.55,22.0,-2.299999999999997" vel="0,0,0" mass="1" elasticityCoef="1" ang="90,0,0" color="0,220,0" radius="0.5" length="4" />
		<capsule pos="-42.55,22.0,0.0" vel="0,0,0" mass="1" elasticityCoef="1" ang="90,0,0" color="0,220,0" radius="0.5" length="4" />
		<capsule pos="-42.55,22.0,2.3000000000000043" vel="0,0,0" mass="1" elasticityCoef="1" ang="90,0,0" color="0,220,0" radius="0.5" length="4" />
		<capsule pos="-42.55,22.0,4.600000000000001" vel="0,0,0" mass="1" elasticityCoef="1" ang="90,0,0" color="0,220,0" radius="0.5" length="4" />
		<capsule pos="-42.55,22.0,6.899999999999999" vel="0,0,0" mass="1" elasticityCoef="1" ang="90,0,0" color="0,220,0" radius="0.5" length="4" />
		<capsule pos="-42.55,22.0,9.200000000000003" vel="0,0,0" mass="1" elasticityCoef="1" ang="90,0,0" color="0,220,0" radius="0.5" length="4" />
		<capsule pos="-42.55,22.0,11.5" vel="0,0,0" mass="1" elasticityCoef="1" ang="90,0,0" color="0,220,0" radius="0.5" length="4" />
		<capsule pos="-42.55,22.0,13.799999999999997" vel="0,0,0" mass="1" elasticityCoef="1" ang="90,0,0" color="0,220,0" radius="0.5" length="4" />
		<capsule pos="-42.55,22.0,16.1" vel="0,0,0" mass="1" elasticityCoef="1" ang="90,0,0" color="0,220,0" radius="0.5" length="4" />
		<capsule pos="-42.55,22.0,18.4" vel="0,0,0" mass="1" elasticityCoef="1" ang="90,0,0" color="0,220,0" radius="0.5" length="4" />
		<capsule pos="-42.55,22.0,20.699999999999996" vel="0,0,0" mass="1" elasticityCoef="1" ang="90,0,0" color="0,220,0" radius="0.5" length="4" />
		<capsule pos="-42.55,22.0,22.999999999999993" vel="0,0,0" mass="1" elasticityCoef="1" ang="90,0,0" color="0,220,0" radius="0.5" length="4" />
		<capsule pos="-42.55,22.0,25.300000000000004" vel="0,0,0" mass="1" elasticityCoef="1" ang="90,0,0" color="0,220,0" radius="0.5" length="4" />
		<capsule pos="-42.55,22.0,27.6" vel="0,0,0" mass="1" elasticityCoef="1" ang="90,0,0" color="0,220,0" radius="0.5" length="4" />
		<capsule pos="-42.55,22.0,29.9" vel="0,0,0" mass="1" elasticityCoef="1" ang="90,0,0" color="0,220,0" radius="0.5" length="4" />
		<capsule pos="-42.55,22.0,32.199999999999996" vel="0,0,0" mass="1" elasticityCoef="1" ang="90,0,0" color="0,220,0" radius="0.5" length="4" />
		<capsule pos="-42.55,22.0,34.49999999999999" vel="0,0,0" mass="1" elasticityCoef="1" ang="90,0,0" color="0,220,0" radius="0.5" length="4" />
		<capsule pos="-42.55,22.0,36.800000000000004" vel="0,0,0" mass="1" elasticityCoef="1" ang="90,0,0" color="0,220,0" radius="0.5" length="4" />
		<capsule pos="-42.55,22.0,39.1" vel="0,0,0" mass="1" elasticityCoef="1" ang="90,0,0" color="0,220,0" radius="0.5" length="4" />
		<capsule pos="-42.55,22.0,41.4" vel="0,0,0" mass="1" elasticityCoef="1" ang="90,0,0" color="0,220,0" radius="0.5" length="4" />
		<capsule pos="-42.55,27.5,-43.699999999999996" vel="0,0,0" mass="1" elasticityCoef="1" ang="90,0,0" color="0,220,0" radius="0.5" length="4" />
		<capsule pos="-42.55,27.5,-41.4" vel="0,0,0" mass="1" elasticityCoef="1" ang="90,0,0" color="0,220,0" radius="0.5" length="4" />
		<capsule pos="-42.55,27.5,-39.099999999999994" vel="0,0,0" mass="1" elasticityCoef="1" ang="90,0,0" color="0,220,0" radius="0.5" length="4" />
		<capsule pos="-42.55,27.5,-36.8" vel="0,0,0" mass="1" elasticityCoef="1" ang="90,0,0" color="0,220,0" radius="0.5" length="4" />
		<capsule pos="-42.55,27.5,-34.5" vel="0,0,0" mass="1" elasticityCoef="1" ang="90,0,0" color="0,220,0" radius="0.5" length="4" />
		<capsule pos="-42.55,27.5,-32.199999999999996" vel="0,0,0" mass="1" elasticityCoef="1" ang="90,0,0" color="0,220,0" radius="0.5" length="4" />
		<capsule pos="-42.55,27.5,-29.9" vel="0,0,0" mass="1" elasticityCoef="1" ang="90,0,0" color="0,220,0" radius="0.5" length="4" />
		<capsule pos="-42.55,27.5,-27.599999999999998" vel="0,0,0" mass="1" elasticityCoef="1" ang="90,0,0" color="0,220,0" radius="0.5" length="4" />
		<capsule pos="-42.55,27.5,-25.299999999999997" vel="0,0,0" mass="1" elasticityCoef="1" ang="90,0,0" color="0,220,0" radius="0.5" length="4" />
		<capsule pos="-42.55,27.5,-22.999999999999996" vel="0,0,0" mass="1" elasticityCoef="1" ang="90,0,0" color="0,220,0" radius="0.5" length="4" />
		<capsule pos="-42.55,27.5,-20.699999999999996" vel="0,0,0" mass="1" elasticityCoef="1" ang="90,0,0" color="0,220,0" radius="0.5" length="4" />
		<capsule pos="-42.55,27.5,-18.4" vel="0,0,0" mass="1" elasticityCoef="1" ang="90,0,0" color="0,220,0" radius="0.5" length="4" />
		<capsule pos="-42.55,27.5,-16.099999999999998" vel="0,0,0" mass="1" elasticityCoef="1" ang="90,0,0" color="0,220,0" radius="0.5" length="4" />
		<capsule pos="-42.55,27.5,-13.799999999999997" vel="0,0,0" mass="1" elasticityCoef="1" ang="90,0,0" color="0,220,0" radius="0.5" length="4" />
		<capsule pos="-42.55,27.5,-11.5" vel="0,0,0" mass="1" elasticityCoef="1" ang="90,0,0" color="0,220,0" radius="0.5" length="4" />
		<capsule pos="-42.55,27.5,-9.199999999999996" vel="0,0,0" mass="1" elasticityCoef="1" ang="90,0,0" color="0,220,0" radius="0.5" length="4" />
		<capsule pos="-42.55,27.5,-6.899999999999999" vel="0,0,0" mass="1" elasticityCoef="1" ang="90,0,0" color="0,220,0" radius="0.5" length="4" />
		<capsule pos="-42.55,27.5,-4.600000000000001" vel="0,0,0" mass="1" elasticityCoef="1" ang="90,0,0" color="0,220,0" radius="0.5" length="4" />
		<capsule pos="-42.55,27.5,-2.299999999999997" vel="0,0,0" mass="1" elasticityCoef="1" ang="90,0,0" color="0,220,0" radius="0.5" length="4" />
		<capsule pos="-42.55,27.5,0.0" vel="0,0,0" mass="1" elasticityCoef="1" ang="90,0,0" color="0,220,0" radius="0.5" length="4" />
		<capsule pos="-42.55,27.5,2.3000000000000043" vel="0,0,0" mass="1" elasticityCoef="1" ang="90,0,0" color="0,220,0" radius="0.5" length="4" />
		<capsule pos="-42.55,27.5,4.600000000000001" vel="0,0,0" mass="1" elasticityCoef="1" ang="90,0,0" color="0,220,0" radius="0.5" length="4" />
		<capsule pos="-42.55,27.5,6.899999999999999" vel="0,0,0" mass="1" elasticityCoef="1" ang="90,0,0" color="0,220,0" radius="0.5" length="4" />
		<capsule pos="-42.55,27.5,9.200000000000003" vel="0,0,0" mass="1" elasticityCoef="1" ang="90,0,0" color="0,220,0" radius="0.5" length="4" />
		<capsule pos="-42.55,27.5,11.5" vel="0,0,0" mass="1" elasticityCoef="1" ang="90,0,0" color="0,220,0" radius="0.5" length="4" />
		<capsule pos="-42.55,27.5,13.799999999999997" vel="0,0,0" mass="1" elasticityCoef="1" ang="90,0,0" color="0,220,0" radius="0.5" length="4" />
		<capsule pos="-42.55,27.5,16.1" vel="0,0,0" mass="1" elasticityCoef="1" ang="90,0,0" color="0,220,0" radius="0.5" length="4" />
		<capsule pos="-42.55,27.5,18.4" vel="0,0,0" mass="1" elasticityCoef="1" ang="90,0,0" color="0,220,0" radius="0.5" length="4" />
		<capsule pos="-42.55,27.5,20.699999999999996" vel="0,0,0" mass="1" elasticityCoef="1" ang="90,0,0" color="0,220,0" radius="0.5" length="4" />
		<capsule pos="-42.55,27.5,22.999999999999993" vel="0,0,0" mass="1" elasticityCoef="1" ang="90,0,0" color="0,220,0" radius="0.5" length="4" />
		<capsule pos="-42.55,27.5,25.300000000000004" vel="0,0,0" mass="1" elasticityCoef="1" ang="90,0,0" color="0,220,0" radius="0.5" length="4" />
		<capsule pos="-42.55,27.5,27.6" vel="0,0,0" mass="1" elasticityCoef="1" ang="90,0,0" color="0,220,0" radius="0.5" length="4" />
		<capsule pos="-42.55,27.5,29.9" vel="0,0,0" mass="1" elasticityCoef="1" ang="90,0,0" color="0,220,0" radius="0.5" length="4" />
		<capsule pos="-42.55,27.5,32.199999999999996" vel="0,0,0" mass="1" elasticityCoef="1" ang="90,0,0" color="0,220,0" radius="0.5" length="4" />
		<capsule pos="-42.55,27.5,34.49999999999999" vel="0,0,0" mass="1" elasticityCoef="1" ang="90,0,0" color="0,220,0" radius="0.5" length="4" />
		<capsule pos="-42.55,27.5,36.800000000000004" vel="0,0,0" mass="1" elasticityCoef="1" ang="90,0,0" color="0,220,0" radius="0.5" length="4" />
		<capsule pos="-42.55,27.5,39.1" vel="0,0,0" mass="1" elasticityCoef="1" ang="90,0,0" color="0,220,0" radius="0.5" length="4" />
		<capsule pos="-42.55,27.5,41.4" vel="0,0,0" mass="1" elasticityCoef="1" ang="90,0,0" color="0,220,0" radius="0.5" length="4" />
		<capsule pos="-42.55,33.0,-43.699999999999996" vel="0,0,0" mass="1" elasticityCoef="1" ang="90,0,0" color="0,220,0" radius="0.5" length="4" />
		<capsule pos="-42.55,33.0,-41.4" vel="0,0,0" mass="1" elasticityCoef="1" ang="90,0,0" color="0,220,0" radius="0.5" length="4" />
		<capsule pos="-42.55,33.0,-39.099999999999994" vel="0,0,0" mass="1" elasticityCoef="1" ang="90,0,0" color="0,220,0" radius="0.5" length="4" />
		<capsule pos="-42.55,33.0,-36.8" vel="0,0,0" mass="1" elasticityCoef="1" ang="90,0,0" color="0,220,0" radius="0.5" length="4" />
		<capsule pos="-42.55,33.0,-34.5" vel="0,0,0" mass="1" elasticityCoef="1" ang="90,0,0" color="0,220,0" radius="0.5" length="4" />
		<capsule pos="-42.55,33.0,-32.199999999999996" vel="0,0,0" mass="1" elasticityCoef="1" ang="90,0,0" color="0,220,0" radius="0.5" length="4" />
		<capsule pos="-42.55,33.0,-29.9" vel="0,0,0" mass="1" elasticityCoef="1" ang="90,0,0" color="0,220,0" radius="0.5" length="4" />
		<capsule pos="-42.55,33.0,-27.599999999999998" vel="0,0,0" mass="1" elasticityCoef="1" ang="90,0,0" color="0,220,0" radius="0.5" length="4" />
		<capsule pos="-42.55,33.0,-25.299999999999997" vel="0,0,0" mass="1" elasticityCoef="1" ang="90,0,0" color="0,220,0" radius="0.5" length="4" />
		<capsule pos="-42.55,33.0,-22.999999999999996" vel="0,0,0" mass="1" elasticityCoef="1" ang="90,0,0" color="0,220,0" radius="0.5" length="4" />
		<capsule pos="-42.55,33.0,-20.699999999999996" vel="0,0,0" mass="1" elasticityCoef="1" ang="90,0,0" color="0,220,0" radius="0.5" length="4" />
		<capsule pos="-42.55,33.0,-18.4" vel="0,0,0" mass="1" elasticityCoef="1" ang="90,0,0" color="0,220,0" radius="0.5" length="4" />
		<capsule pos="-42.55,33.0,-16.099999999999998" vel="0,0,0" mass="1" elasticityCoef="1" ang="90,0,0" color="0,220,0" radius="0.5" length="4" />
		<capsule pos="-42.55,33.0,-13.799999999999997" vel="0,0,0" mass="1" elasticityCoef="1" ang="90,0,0" color="0,220,0" radius="0.5" length="4" />
		<capsule pos="-42.55,33.0,-11.5" vel="0,0,0" mass="1" elasticityCoef="1" ang="90,0,0" color="0,220,0" radius="0.5" length="4" />
		<capsule pos="-42.55,33.0,-9.199999999999996" vel="0,0,0" mass="1" elasticityCoef="1" ang="90,0,0" color="0,220,0" radius="0.5" length="4" />
		<capsule pos="-42.55,33.0,-6.899999999999999" vel="0,0,0" mass="1" elasticityCoef="1" ang="90,0,0" color="0,220,0" radius="0.5" length="4" />
		<capsule pos="-42.55,33.0,-4.600000000000001" vel="0,0,0" mass="1" elasticityCoef="1" ang="90,0,0" color="0,220,0" radius="0.5" length="4" />
		<capsule pos="-42.55,33.0,-2.299999999999997" vel="0,0,0" mass="1" elasticityCoef="1" ang="90,0,0" color="0,220,0" radius="0.5" length="4" />
		<capsule pos="-42.55,33.0,0.0" vel="0,0,0" mass="1" elasticityCoef="1" ang="90,0,0" color="0,220,0" radius="0.5" length="4" />
		<capsule pos="-42.55,33.0,2.3000000000000043" vel="0,0,0" mass="1" elasticityCoef="1" ang="90,0,0" color="0,220,0" radius="0.5" length="4" />
		<capsule pos="-42.55,33.0,4.600000000000001" vel="0,0,0" mass="1" elasticityCoef="1" ang="90,0,0" color="0,220,0" radius="0.5" length="4" />
		<capsule pos="-42.55,33.0,6.899999999999999" vel="0,0,0" mass="1" elasticityCoef="1" ang="90,0,0" color="0,220,0" radius="0.5" length="4" />
		<capsule pos="-42.55,33.0,9.200000000000003" vel="0,0,0" mass="1" elasticityCoef="1" ang="90,0,0" color="0,220,0" radius="0.5" length="4" />
		<capsule pos="-42.55,33.0,11.5" vel="0,0,0" mass="1" elasticityCoef="1" ang="90,0,0" color="0,220,0" radius="0.5" length="4" />
		<capsule pos="-42.55,33.0,13.799999999999997" vel="0,0,0" mass="1" elasticityCoef="1" ang="90,0,0" color="0,220,0" radius="0.5" length="4" />
		<capsule pos="-42.55,33.0,16.1" vel="0,0,0" mass="1" elasticityCoef="1" ang="90,0,0" color="0,220,0" radius="0.5" length="4" />
		<capsule pos="-42.55,33.0,18.4" vel="0,0,0" mass="1" elasticityCoef="1" ang="90,0,0" color="0,220,0" radius="0.5" length="4" />
		<capsule pos="-42.55,33.0,20.699999999999996" vel="0,0,0" mass="1" elasticityCoef="1" ang="90,0,0" color="0,220,0" radius="0.5" length="4" />
		<capsule pos="-42.55,33.0,22.999999999999993" vel="0,0,0" mass="1" elasticityCoef="1" ang="90,0,0" color="0,220,0" radius="0.5" length="4" />
		<capsule pos="-42.55,33.0,25.300000000000004" vel="0,0,0" mass="1" elasticityCoef="1" ang="90,0,0" color="0,220,0" radius="0.5" length="4" />
		<capsule pos="-42.55,33.0,27.6" vel="0,0,0" mass="1" elasticityCoef="1" ang="90,0,0" color="0,220,0" radius="0.5" length="4" />
		<capsule pos="-42.55,33.0,29.9" vel="0,0,0" mass="1" elasticityCoef="1" ang="90,0,0" color="0,220,0" radius="0.5" length="4" />
		<capsule pos="-42.55,33.0,32.199999999999996" vel="0,0,0" mass="1" elasticityCoef="1" ang="90,0,0" color="0,220,0" radius="0.5" length="4" />
		<capsule pos="-42.55,33.0,34.49999999999999" vel="0,0,0" mass="1" elasticityCoef="1" ang="90,0,0" color="0,220,0" radius="0.5" length="4" />
		<capsule pos="-42.55,33.0,36.800000000000004" vel="0,0,0" mass="1" elasticityCoef="1" ang="90,0,0" color="0,220,0" radius="0.5" length="4" />
		<capsule pos="-42.55,33.0,39.1" vel="0,0,0" mass="1" elasticityCoef="1" ang="90,0,0" color="0,220,0" radius="0.5" length="4" />
		<capsule pos="-42.55,33.0,41.4" vel="0,0,0" mass="1" elasticityCoef="1" ang="90,0,0" color="0,220,0" radius="0.5" length="4" />
		<capsule pos="-42.55,38.5,-43.699999999999996" vel="0,0,0" mass="1" elasticityCoef="1" ang="90,0,0" color="0,220,0" radius="0.5" length="4" />
		<capsule pos="-42.55,38.5,-41.4" vel="0,0,0" mass="1" elasticityCoef="1" ang="90,0,0" color="0,220,0" radius="0.5" length="4" />
		<capsule pos="-42.55,38.5,-39.099999999999994" vel="0,0,0" mass="1" elasticityCoef="1" ang="90,0,0" color="0,220,0" radius="0.5" length="4" />
		<capsule pos="-42.55,38.5,-36.8" vel="0,0,0" mass="1" elasticityCoef="1" ang="90,0,0" color="0,220,0" radius="0.5" length="4" />
		<capsule pos="-42.55,38.5,-34.5" vel="0,0,0" mass="1" elasticityCoef="1" ang="90,0,0" color="0,220,0" radius="0.5" length="4" />
		<capsule pos="-42.55,38.5,-32.199999999999996" vel="0,0,0" mass="1" elasticityCoef="1" ang="90,0,0" color="0,220,0" radius="0.5" length="4" />
		<capsule pos="-42.55,38.5,-29.9" vel="0,0,0" mass="1" elasticityCoef="1" ang="90,0,0" color="0,220,0" radius="0.5" length="4" />
		<capsule pos="-42.55,38.5,-27.599999999999998" vel="0,0,0" mass="1" elasticityCoef="1" ang="90,0,0" color="0,220,0" radius="0.5" length="4" />
		<capsule pos="-42.55,38.5,-25.299999999999997" vel="0,0,0" mass="1" elasticityCoef="1" ang="90,0,0" color="0,220,0" radius="0.5" length="4" />
		<capsule pos="-42.55,38.5,-22.999999999999996" vel="0,0,0" mass="1" elasticityCoef="1" ang="90,0,0" color="0,220,0" radius="0.5" length="4" />
		<capsule pos="-42.55,38.5,-20.699999999999996" vel="0,0,0" mass="1" elasticityCoef="1" ang="90,0,0" color="0,220,0" radius="0.5" length="4" />
		<capsule pos="-42.55,38.5,-18.4" vel="0,0,0" mass="1" elasticityCoef="1" ang="90,0,0" color="0,220,0" radius="0.5" length="4" />
		<capsule pos="-42.55,38.5,-16.099999999999998" vel="0,0,0" mass="1" elasticityCoef="1" ang="90,0,0" color="0,220,0" radius="0.5" length="4" />
		<capsule pos="-42.55,38.5,-13.799999999999997" vel="0,0,0" mass="1" elasticityCoef="1" ang="90,0,0" color="0,220,0" radius="0.5" length="4" />
		<capsule pos="-42.55,38.5,-11.5" vel="0,0,0" mass="1" elasticityCoef="1" ang="90,0,0" color="0,220,0" radius="0.5" length="4" />
		<capsule pos="-42.55,38.5,-9.199999999999996" vel="0,0,0" mass="1" elasticityCoef="1" ang="90,0,0" color="0,220,0" radius="0.5" length="4" />
		<capsule pos="-42.55,38.5,-6.899999999999999" vel="0,0,0" mass="1" elasticityCoef="1" ang="90,0,0" color="0,220,0" radius="0.5" length="4" />
		<capsule pos="-42.55,38.5,-4.600000000000001" vel="0,0,0" mass="1" elasticityCoef="1" ang="90,0,0" color="0,220,0" radius="0.5" length="4" />
		<capsule pos="-42.55,38.5,-2.299999999999997" vel="0,0,0" mass="1" elasticityCoef="1" ang="90,0,0" color="0,220,0" radius="0.5" length="4" />
		<capsule pos="-42.55,38.5,0.0" vel="0,0,0" mass="1" elasticityCoef="1" ang="90,0,0" color="0,220,0" radius="0.5" length="4" />
		<capsule pos="-42.55,38.5,2.3000000000000043" vel="0,0,0" mass="1" elasticityCoef="1" ang="90,0,0" color="0,220,0" radius="0.5" length="4" />
		<capsule pos="-42.55,38.5,4.600000000000001" vel="0,0,0" mass="1" elasticityCoef="1" ang="90,0,0" color="0,220,0" radius="0.5" length="4" />
		<capsule pos="-42.55,38.5,6.899999999999999" vel="0,0,0" mass="1" elasticityCoef="1" ang="90,0,0" color="0,220,0" radius="0.5" length="4" />
		<capsule pos="-42.55,38.5,9.200000000000003" vel="0,0,0" mass="1" elasticityCoef="1" ang="90,0,0" color="0,220,0" radius="0.5" length="4" />
		<capsule pos="-42.55,38.5,11.5" vel="0,0,0" mass="1" elasticityCoef="1" ang="90,0,0" color="0,220,0" radius="0.5" length="4" />
		<capsule pos="-42.55,38.5,13.799999999999997" vel="0,0,0" mass="1" elasticityCoef="1" ang="90,0,0" color="0,220,0" radius="0.5" length="4" />
		<capsule pos="-42.55,38.5,16.1" vel="0,0,0" mass="1" elasticityCoef="1" ang="90,0,0" color="0,220,0" radius="0.5" length="4" />
		<capsule pos="-42.55,38.5,18.4" vel="0,0,0" mass="1" elasticityCoef="1" ang="90,0,0" color="0,220,0" radius="0.5" length="4" />
		<capsule pos="-42.55,38.5,20.699999999999996" vel="0,0,0" mass="1" elasticityCoef="1" ang="90,0,0" color="0,220,0" radius="0.5" length="4" />
		<capsule pos="-42.55,38.5,22.999999999999993" vel="0,0,0" mass="1" elasticityCoef="1" ang="90,0,0" color="0,220,0" radius="0.5" length="4" />
		<capsule pos="-42.55,38.5,25.300000000000004" vel="0,0,0" mass="1" elasticityCoef="1" ang="90,0,0" color="0,220,0" radius="0.5" length="4" />
		<capsule pos="-42.55,38.5,27.6" vel="0,0,0" mass="1" elasticityCoef="1" ang="90,0,0" color="0,220,0" radius="0.5" length="4" />
		<capsule pos="-42.55,38.5,29.9" vel="0,0,0" mass="1" elasticityCoef="1" ang="90,0,0" color="0,220,0" radius="0.5" length="4" />
		<capsule pos="-42.55,38.5,32.199999999999996" vel="0,0,0" mass="1" elasticityCoef="1" ang="90,0,0" color="0,220,0" radius="0.5" length="4" />
		<capsule pos="-42.55,38.5,34.49999999999999" vel="0,0,0" mass="1" elasticityCoef="1" ang="90,0,0" color="0,220,0" radius="0.5" length="4" />
		<capsule pos="-42.55,38.5,36.800000000000004" vel="0,0,0" mass="1" elasticityCoef="1" ang="90,0,0" color="0,220,0" radius="0.5" length="4" />
		<capsule pos="-42.55,38.5,39.1" vel="0,0,0" mass="1" elasticityCoef="1" ang="90,0,0" color="0,220,0" radius="0.5" length="4" />
		<capsule pos="-42.55,38.5,41.4" vel="0,0,0" mass="1" elasticityCoef="1" ang="90,0,0" color="0,220,0" radius="0.5" length="4" />
		<capsule pos="-42.55,44.0,-43.699999999999996" vel="0,0,0" mass="1" elasticityCoef="1" ang="90,0,0" color="0,220,0" radius="0.5" length="4" />
		<capsule pos="-42.55,44.0,-41.4" vel="0,0,0" mass="1" elasticityCoef="1" ang="90,0,0" color="0,220,0" radius="0.5" length="4" />
		<capsule pos="-42.55,44.0,-39.099999999999994" vel="0,0,0" mass="1" elasticityCoef="1" ang="90,0,0" color="0,220,0" radius="0.5" length="4" />
		<capsule pos="-42.55,44.0,-36.8" vel="0,0,0" mass="1" elasticityCoef="1" ang="90,0,0" color="0,220,0" radius="0.5" length="4" />
		<capsule pos="-42.55,44.0,-34.5" vel="0,0,0" mass="1" elasticityCoef="1" ang="90,0,0" color="0,220,0" radius="0.5" length="4" />
		<capsule pos="-42.55,44.0,-32.199999999999996" vel="0,0,0" mass="1" elasticityCoef="1" ang="90,0,0" color="0,220,0" radius="0.5" length="4" />
		<capsule pos="-42.55,44.0,-29.9" vel="0,0,0" mass="1" elasticityCoef="1" ang="90,0,0" color="0,220,0" radius="0.5" length="4" />
		<capsule pos="-42.55,44.0,-27.599999999999998" vel="0,0,0" mass="1" elasticityCoef="1" ang="90,0,0" color="0,220,0" radius="0.5" length="4" />
		<capsule pos="-42.55,44.0,-25.299999999999997" vel="0,0,0" mass="1" elasticityCoef="1" ang="90,0,0" color="0,220,0" radius="0.5" length="4" />
		<capsule pos="-42.55,44.0,-22.999999999999996" vel="0,0,0" mass="1" elasticityCoef="1" ang="90,0,0" color="0,220,0" radius="0.5" length="4" />
		<capsule pos="-42.55,44.0,-20.699999999999996" vel="0,0,0" mass="1" elasticityCoef="1" ang="90,0,0" color="0,220,0" radius="0.5" length="4" />
		<capsule pos="-42.55,44.0,-18.4" vel="0,0,0" mass="1" elasticityCoef="1" ang="90,0,0" color="0,220,0" radius="0.5" length="4" />
		<capsule pos="-42.55,44.0,-16.099999999999998" vel="0,0,0" mass="1" elasticityCoef="1" ang="90,0,0" color="0,220,0" radius="0.5" length="4" />
		<capsule pos="-42.55,44.0,-13.799999999999997" vel="0,0,0" mass="1" elasticityCoef="1" ang="90,0,0" color="0,220,0" radius="0.5" length="4" />
		<capsule pos="-42.55,44.0,-11.5" vel="0,0,0" mass="1" elasticityCoef="1" ang="90,0,0" color="0,220,0" radius="0.5" length="4" />
		<capsule pos="-42.55,44.0,-9.199999999999996" vel="0,0,0" mass="1" elasticityCoef="1" ang="90,0,0" color="0,220,0" radius="0.5" length="4" />
		<capsule pos="-42.55,44.0,-6.899999999999999" vel="0,0,0" mass="1" elasticityCoef="1" ang="90,0,0" color="0,220,0" radius="0.5" length="4" />
		<capsule pos="-42.55,44.0,-4.600000000000001" vel="0,0,0" mass="1" elasticityCoef="1" ang="90,0,0" color="0,220,0" radius="0.5" length="4" />
		<capsule pos="-42.55,44.0,-2.299999999999997" vel="0,0,0" mass="1" elasticityCoef="1" ang="90,0,0" color="0,220,0" radius="0.5" length="4" />
		<capsule pos="-42.55,44.0,0.0" vel="0,0,0" mass="1" elasticityCoef="1" ang="90,0,0" color="0,220,0" radius="0.5" length="4" />
		<capsule pos="-42.55,44.0,2.3000000000000043" vel="0,0,0" mass="1" elasticityCoef="1" ang="90,0,0" color="0,220,0" radius="0.5" length="4" />
		<capsule pos="-42.55,44.0,4.600000000000001" vel="0,0,0" mass="1" elasticityCoef="1" ang="90,0,0" color="0,220,0" radius="0.5" length="4" />
		<capsule pos="-42.55,44.0,6.899999999999999" vel="0,0,0" mass="1" elasticityCoef="1" ang="90,0,0" color="0,220,0" radius="0.5" length="4" />
		<capsule pos="-42.55,44.0,9.200000000000003" vel="0,0,0" mass="1" elasticityCoef="1" ang="90,0,0" color="0,220,0" radius="0.5" length="4" />
		<capsule pos="-42.55,44.0,11.5" vel="0,0,0" mass="1" elasticityCoef="1" ang="90,0,0" color="0,220,0" radius="0.5" length="4" />
		<capsule pos="-42.55,44.0,13.799999999999997" vel="0,0,0" mass="1" elasticityCoef="1" ang="90,0,0" color="0,220,0" radius="0.5" length="4" />
		<capsule pos="-42.55,44.0,16.1" vel="0,0,0" mass="1" elasticityCoef="1" ang="90,0,0" color="0,220,0" radius="0.5" length="4" />
		<capsule pos="-42.55,44.0,18.4" vel="0,0,0" mass="1" elasticityCoef="1" ang="90,0,0" color="0,220,0" radius="0.5" length="4" />
		<capsule pos="-42.55,44.0,20.699999999999996" vel="0,0,0" mass="1" elasticityCoef="1" ang="90,0,0" color="0,220,0" radius="0.5" length="4" />
		<capsule pos="-42.55,44.0,22.999999999999993" vel="0,0,0" mass="1" elasticityCoef="1" ang="90,0,0" color="0,220,0" radius="0.5" length="4" />
		<capsule pos="-42.55,44.0,25.300000000000004" vel="0,0,0" mass="1" elasticityCoef="1" ang="90,0,0" color="0,220,0" radius="0.5" length="4" />
		<capsule pos="-42.55,44.0,27.6" vel="0,0,0" mass="1" elasticityCoef="1" ang="90,0,0" color="0,220,0" radius="0.5" length="4" />
		<capsule pos="-42.55,44.0,29.9" vel="0,0,0" mass="1" elasticityCoef="1" ang="90,0,0" color="0,220,0" radius="0.5" length="4" />
		<capsule pos="-42.55,44.0,32.199999999999996" vel="0,0,0" mass="1" elasticityCoef="1" ang="90,0,0" color="0,220,0" radius="0.5" length="4" />
		<capsule pos="-42.55,44.0,34.49999999999999" vel="0,0,0" mass="1" elasticityCoef="1" ang="90,0,0" color="0,220,0" radius="0.5" length="4" />
		<capsule pos="-42.55,44.0,36.800000000000004" vel="0,0,0" mass="1" elasticityCoef="1" ang="90,0,0" color="0,220,0" radius="0.5" length="4" />
		<capsule pos="-42.55,44.0,39.1" vel="0,0,0" mass="1" elasticityCoef="1" ang="90,0,0" color="0,220,0" radius="0.5" length="4" />
		<capsule pos="-42.55,44.0,41.4" vel="0,0,0" mass="1" elasticityCoef="1" ang="90,0,0" color="0,220,0" radius="0.5" length="4" />
		<capsule pos="-40.25,-49.5,-43.699999999999996" vel="0,0,0" mass="1" elasticityCoef="1" ang="90,0,0" color="0,220,0" radius="0.5" length="4" />
		<capsule pos="-40.25,-49.5,-41.4" vel="0,0,0" mass="1" elasticityCoef="1" ang="90,0,0" color="0,220,0" radius="0.5" length="4" />
		<capsule pos="-40.25,-49.5,-39.099999999999994" vel="0,0,0" mass="1" elasticityCoef="1" ang="90,0,0" color="0,220,0" radius="0.5" length="4" />
		<capsule pos="-40.25,-49.5,-36.8" vel="0,0,0" mass="1" elasticityCoef="1" ang="90,0,0" color="0,220,0" radius="0.5" length="4" />
		<capsule pos="-40.25,-49.5,-34.5" vel="0,0,0" mass="1" elasticityCoef="1" ang="90,0,0" color="0,220,0" radius="0.5" length="4" />
		<capsule pos="-40.25,-49.5,-32.199999999999996" vel="0,0,0" mass="1" elasticityCoef="1" ang="90,0,0" color="0,220,0" radius="0.5" length="4" />
		<capsule pos="-40.25,-49.5,-29.9" vel="0,0,0" mass="1" elasticityCoef="1" ang="90,0,0" color="0,220,0" radius="0.5" length="4" />
		<capsule pos="-40.25,-49.5,-27.599999999999998" vel="0,0,0" mass="1" elasticityCoef="1" ang="90,0,0" color="0,220,0" radius="0.5" length="4" />
		<capsule pos="-40.25,-49.5,-25.299999999999997" vel="0,0,0" mass="1" elasticityCoef="1" ang="90,0,0" color="0,220,0" radius="0.5" length="4" />
		<capsule pos="-40.25,-49.5,-22.999999999999996" vel="0,0,0" mass="1" elasticityCoef="1" ang="90,0,0" color="0,220,0" radius="0.5" length="4" />
		<capsule pos="-40.25,-49.5,-20.699999999999996" vel="0,0,0" mass="1" elasticityCoef="1" ang="90,0,0" color="0,220,0" radius="0.5" length="4" />
		<capsule pos="-40.25,-49.5,-18.4" vel="0,0,0" mass="1" elasticityCoef="1" ang="90,0,0" color="0,220,0" radius="0.5" length="4" />
		<capsule pos="-40.25,-49.5,-16.099999999999998" vel="0,0,0" mass="1" elasticityCoef="1" ang="90,0,0" color="0,220,0" radius="0.5" length="4" />
		<capsule pos="-40.25,-49.5,-13.799999999999997" vel="0,0,0" mass="1" elasticityCoef="1" ang="90,0,0" color="0,220,0" radius="0.5" length="4" />
		<capsule pos="-40.25,-49.5,-11.5" vel="0,0,0" mass="1" elasticityCoef="1" ang="90,0,0" color="0,220,0" radius="0.5" length="4" />
		<capsule pos="-40.25,-49.5,-9.199999999999996" vel="0,0,0" mass="1" elasticityCoef="1" ang="90,0,0" color="0,220,0" radius="0.5" length="4" />
		<capsule pos="-40.25,-49.5,-6.899999999999999" vel="0,0,0" mass="1" elasticityCoef="1" ang="90,0,0" color="0,220,0" radius="0.5" length="4" />
		<capsule pos="-40.25,-49.5,-4.600000000000001" vel="0,0,0" mass="1" elasticityCoef="1" ang="90,0,0" color="0,220,0" radius="0.5" length="4" />
		<capsule pos="-40.25,-49.5,-2.299999999999997" vel="0,0,0" mass="1" elasticityCoef="1" ang="90,0,0" color="0,220,0" radius="0.5" length="4" />
		<capsule pos="-40.25,-49.5,0.0" vel="0,0,0" mass="1" elasticityCoef="1" ang="90,0,0" color="0,220,0" radius="0.5" length="4" />
		<capsule pos="-40.25,-49.5,2.3000000000000043" vel="0,0,0" mass="1" elasticityCoef="1" ang="90,0,0" color="0,220,0" radius="0.5" length="4" />
		<capsule pos="-40.25,-49.5,4.600000000000001" vel="0,0,0" mass="1" elasticityCoef="1" ang="90,0,0" color="0,220,0" radius="0.5" length="4" />
		<capsule pos="-40.25,-49.5,6.899999999999999" vel="0,0,0" mass="1" elasticityCoef="1" ang="90,0,0" color="0,220,0" radius="0.5" length="4" />
		<capsule pos="-40.25,-49.5,9.200000000000003" vel="0,0,0" mass="1" elasticityCoef="1" ang="90,0,0" color="0,220,0" radius="0.5" length="4" />
		<capsule pos="-40.25,-49.5,11.5" vel="0,0,0" mass="1" elasticityCoef="1" ang="90,0,0" color="0,220,0" radius="0.5" length="4" />
		<capsule pos="-40.25,-49.5,13.799999999999997" vel="0,0,0" mass="1" elasticityCoef="1" ang="90,0,0" color="0,220,0" radius="0.5" length="4" />
		<capsule pos="-40.25,-49.5,16.1" vel="0,0,0" mass="1" elasticityCoef="1" ang="90,0,0" color="0,220,0" radius="0.5" length="4" />
		<capsule pos="-40.25,-49.5,18.4" vel="0,0,0" mass="1" elasticityCoef="1" ang="90,0,0" color="0,220,0" radius="0.5" length="4" />
		<capsule pos="-40.25,-49.5,20.699999999999996" vel="0,0,0" mass="1" elasticityCoef="1" ang="90,0,0" color="0,220,0" radius="0.5" length="4" />
		<capsule pos="-40.25,-49.5,22.999999999999993" vel="0,0,0" mass="1" elasticityCoef="1" ang="90,0,0" color="0,220,0" radius="0.5" length="4" />
		<capsule pos="-40.25,-49.5,25.300000000000004" vel="0,0,0" mass="1" elasticityCoef="1" ang="90,0,0" color="0,220,0" radius="0.5" length="4" />
		<capsule pos="-40.25,-49.5,27.6" vel="0,0,0" mass="1" elasticityCoef="1" ang="90,0,0" color="0,220,0" radius="0.5" length="4" />
		<capsule pos="-40.25,-49.5,29.9" vel="0,0,0" mass="1" elasticityCoef="1" ang="90,0,0" color="0,220,0" radius="0.5" length="4" />
		<capsule pos="-40.25,-49.5,32.199999999999996" vel="0,0,0" mass="1" elasticityCoef="1" ang="90,0,0" color="0,220,0" radius="0.5" length="4" />
		<capsule pos="-40.25,-49.5,34.49999999999999" vel="0,0,0" mass="1" elasticityCoef="1" ang="90,0,0" color="0,220,0" radius="0.5" length="4" />
		<capsule pos="-40.25,-49.5,36.800000000000004" vel="0,0,0" mass="1" elasticityCoef="1" ang="90,0,0" color="0,220,0" radius="0.5" length="4" />
		<capsule pos="-40.25,-49.5,39.1" vel="0,0,0" mass="1" elasticityCoef="1" ang="90,0,0" color="0,220,0" radius="0.5" length="4" />
		<capsule pos="-40.25,-49.5,41.4" vel="0,0,0" mass="1" elasticityCoef="1" ang="90,0,0" color="0,220,0" radius="0.5" length="4" />
		<capsule pos="-40.25,-44.0,-43.699999999999996" vel="0,0,0" mass="1" elasticityCoef="1" ang="90,0,0" color="0,220,0" radius="0.5" length="4" />
		<capsule pos="-40.25,-44.0,-41.4" vel="0,0,0" mass="1" elasticityCoef="1" ang="90,0,0" color="0,220,0" radius="0.5" length="4" />
		<capsule pos="-40.25,-44.0,-39.099999999999994" vel="0,0,0" mass="1" elasticityCoef="1" ang="90,0,0" color="0,220,0" radius="0.5" length="4" />
		<capsule pos="-40.25,-44.0,-36.8" vel="0,0,0" mass="1" elasticityCoef="1" ang="90,0,0" color="0,220,0" radius="0.5" length="4" />
		<capsule pos="-40.25,-44.0,-34.5" vel="0,0,0" mass="1" elasticityCoef="1" ang="90,0,0" color="0,220,0" radius="0.5" length="4" />
		<capsule pos="-40.25,-44.0,-32.199999999999996" vel="0,0,0" mass="1" elasticityCoef="1" ang="90,0,0" color="0,220,0" radius="0.5" length="4" />
		<capsule pos="-40.25,-44.0,-29.9" vel="0,0,0" mass="1" elasticityCoef="1" ang="90,0,0" color="0,220,0" radius="0.5" length="4" />
		<capsule pos="-40.25,-44.0,-27.599999999999998" vel="0,0,0" mass="1" elasticityCoef="1" ang="90,0,0" color="0,220,0" radius="0.5" length="4" />
		<capsule pos="-40.25,-44.0,-25.299999999999997" vel="0,0,0" mass="1" elasticityCoef="1" ang="90,0,0" color="0,220,0" radius="0.5" length="4" />
		<capsule pos="-40.25,-44.0,-22.999999999999996" vel="0,0,0" mass="1" elasticityCoef="1" ang="90,0,0" color="0,220,0" radius="0.5" length="4" />
		<capsule pos="-40.25,-44.0,-20.699999999999996" vel="0,0,0" mass="1" elasticityCoef="1" ang="90,0,0" color="0,220,0" radius="0.5" length="4" />
		<capsule pos="-40.25,-44.0,-18.4" vel="0,0,0" mass="1" elasticityCoef="1" ang="90,0,0" color="0,220,0" radius="0.5" length="4" />
		<capsule pos="-40.25,-44.0,-16.099999999999998" vel="0,0,0" mass="1" elasticityCoef="1" ang="90,0,0" color="0,220,0" radius="0.5" length="4" />
		<capsule pos="-40.25,-44.0,-13.799999999999997" vel="0,0,0" mass="1" elasticityCoef="1" ang="90,0,0" color="0,220,0" radius="0.5" length="4" />
		<capsule pos="-40.25,-44.0,-11.5" vel="0,0,0" mass="1" elasticityCoef="1" ang="90,0,0" color="0,220,0" radius="0.5" length="4" />
		<capsule pos="-40.25,-44.0,-9.199999999999996" vel="0,0,0" mass="1" elasticityCoef="1" ang="90,0,0" color="0,220,0" radius="0.5" length="4" />
		<capsule pos="-40.25,-44.0,-6.899999999999999" vel="0,0,0" mass="1" elasticityCoef="1" ang="90,0,0" color="0,220,0" radius="0.5" length="4" />
		<capsule pos="-40.25,-44.0,-4.600000000000001" vel="0,0,0" mass="1" elasticityCoef="1" ang="90,0,0" color="0,220,0" radius="0.5" length="4" />
		<capsule pos="-40.25,-44.0,-2.299999999999997" vel="0,0,0" mass="1" elasticityCoef="1" ang="90,0,0" color="0,220,0" radius="0.5" length="4" />
		<capsule pos="-40.25,-44.0,0.0" vel="0,0,0" mass="1" elasticityCoef="1" ang="90,0,0" color="0,220,0" radius="0.5" length="4" />
		<capsule pos="-40.25,-44.0,2.3000000000000043" vel="0,0,0" mass="1" elasticityCoef="1" ang="90,0,0" color="0,220,0" radius="0.5" length="4" />
		<capsule pos="-40.25,-44.0,4.600000000000001" vel="0,0,0" mass="1" elasticityCoef="1" ang="90,0,0" color="0,220,0" radius="0.5" length="4" />
		<capsule pos="-40.25,-44.0,6.899999999999999" vel="0,0,0" mass="1" elasticityCoef="1" ang="90,0,0" color="0,220,0" radius="0.5" length="4" />
		<capsule pos="-40.25,-44.0,9.200000000000003" vel="0,0,0" mass="1" elasticityCoef="1" ang="90,0,0" color="0,220,0" radius="0.5" length="4" />
		<capsule pos="-40.25,-44.0,11.5" vel="0,0,0" mass="1" elasticityCoef="1" ang="90,0,0" color="0,220,0" radius="0.5" length="4" />
		<capsule pos="-40.25,-44.0,13.799999999999997" vel="0,0,0" mass="1" elasticityCoef="1" ang="90,0,0" color="0,220,0" radius="0.5" length="4" />
		<capsule pos="-40.25,-44.0,16.1" vel="0,0,0" mass="1" elasticityCoef="1" ang="90,0,0" color="0,220,0" radius="0.5" length="4" />
		<capsule pos="-40.25,-44.0,18.4" vel="0,0,0" mass="1" elasticityCoef="1" ang="90,0,0" color="0,220,0" radius="0.5" length="4" />
		<capsule pos="-40.25,-44.0,20.699999999999996" vel="0,0,0" mass="1" elasticityCoef="1" ang="90,0,0" color="0,220,0" radius="0.5" length="4" />
		<capsule pos="-40.25,-44.0,22.999999999999993" vel="0,0,0" mass="1" elasticityCoef="1" ang="90,0,0" color="0,220,0" radius="0.5" length="4" />
		<capsule pos="-40.25,-44.0,25.300000000000004" vel="0,0,0" mass="1" elasticityCoef="1" ang="90,0,0" color="0,220,0" radius="0.5" length="4" />
		<capsule pos="-40.25,-44.0,27.6" vel="0,0,0" mass="1" elasticityCoef="1" ang="90,0,0" color="0,220,0" radius="0.5" length="4" />
		<capsule pos="-40.25,-44.0,29.9" vel="0,0,0" mass="1" elasticityCoef="1" ang="90,0,0" color="0,220,0" radius="0.5" length="4" />
		<capsule pos="-40.25,-44.0,32.199999999999996" vel="0,0,0" mass="1" elasticityCoef="1" ang="90,0,0" color="0,220,0" radius="0.5" length="4" />
		<capsule pos="-40.25,-44.0,34.49999999999999" vel="0,0,0" mass="1" elasticityCoef="1" ang="90,0,0" color="0,220,0" radius="0.5" length="4" />
		<capsule pos="-40.25,-44.0,36.800000000000004" vel="0,0,0" mass="1" elasticityCoef="1" ang="90,0,0" color="0,220,0" radius="0.5" length="4" />
		<capsule pos="-40.25,-44.0,39.1" vel="0,0,0" mass="1" elasticityCoef="1" ang="90,0,0" color="0,220,0" radius="0.5" length="4" />
		<capsule pos="-40.25,-44.0,41.4" vel="0,0,0" mass="1" elasticityCoef="1" ang="90,0,0" color="0,220,0" radius="0.5" length="4" />
		<capsule pos="-40.25,-38.5,-43.699999999999996" vel="0,0,0" mass="1" elasticityCoef="1" ang="90,0,0" color="0,220,0" radius="0.5" length="4" />
		<capsule pos="-40.25,-38.5,-41.4" vel="0,0,0" mass="1" elasticityCoef="1" ang="90,0,0" color="0,220,0" radius="0.5" length="4" />
		<capsule pos="-40.25,-38.5,-39.099999999999994" vel="0,0,0" mass="1" elasticityCoef="1" ang="90,0,0" color="0,220,0" radius="0.5" length="4" />
		<capsule pos="-40.25,-38.5,-36.8" vel="0,0,0" mass="1" elasticityCoef="1" ang="90,0,0" color="0,220,0" radius="0.5" length="4" />
		<capsule pos="-40.25,-38.5,-34.5" vel="0,0,0" mass="1" elasticityCoef="1" ang="90,0,0" color="0,220,0" radius="0.5" length="4" />
		<capsule pos="-40.25,-38.5,-32.199999999999996" vel="0,0,0" mass="1" elasticityCoef="1" ang="90,0,0" color="0,220,0" radius="0.5" length="4" />
		<capsule pos="-40.25,-38.5,-29.9" vel="0,0,0" mass="1" elasticityCoef="1" ang="90,0,0" color="0,220,0" radius="0.5" length="4" />
		<capsule pos="-40.25,-38.5,-27.599999999999998" vel="0,0,0" mass="1" elasticityCoef="1" ang="90,0,0" color="0,220,0" radius="0.5" length="4" />
		<capsule pos="-40.25,-38.5,-25.299999999999997" vel="0,0,0" mass="1" elasticityCoef="1" ang="90,0,0" color="0,220,0" radius="0.5" length="4" />
		<capsule pos="-40.25,-38.5,-22.999999999999996" vel="0,0,0" mass="1" elasticityCoef="1" ang="90,0,0" color="0,220,0" radius="0.5" length="4" />
		<capsule pos="-40.25,-38.5,-20.699999999999996" vel="0,0,0" mass="1" elasticityCoef="1" ang="90,0,0" color="0,220,0" radius="0.5" length="4" />
		<capsule pos="-40.25,-38.5,-18.4" vel="0,0,0" mass="1" elasticityCoef="1" ang="90,0,0" color="0,220,0" radius="0.5" length="4" />
		<capsule pos="-40.25,-38.5,-16.099999999999998" vel="0,0,0" mass="1" elasticityCoef="1" ang="90,0,0" color="0,220,0" radius="0.5" length="4" />
		<capsule pos="-40.25,-38.5,-13.799999999999997" vel="0,0,0" mass="1" elasticityCoef="1" ang="90,0,0" color="0,220,0" radius="0.5" length="4" />
		<capsule pos="-40.25,-38.5,-11.5" vel="0,0,0" mass="1" elasticityCoef="1" ang="90,0,0" color="0,220,0" radius="0.5" length="4" />
		<capsule pos="-40.25,-38.5,-9.199999999999996" vel="0,0,0" mass="1" elasticityCoef="1" ang="90,0,0" color="0,220,0" radius="0.5" length="4" />
		<capsule pos="-40.25,-38.5,-6.899999999999999" vel="0,0,0" mass="1" elasticityCoef="1" ang="90,0,0" color="0,220,0" radius="0.5" length="4" />
		<capsule pos="-40.25,-38.5,-4.600000000000001" vel="0,0,0" mass="1" elasticityCoef="1" ang="90,0,0" color="0,220,0" radius="0.5" length="4" />
		<capsule pos="-40.25,-38.5,-2.299999999999997" vel="0,0,0" mass="1" elasticityCoef="1" ang="90,0,0" color="0,220,0" radius="0.5" length="4" />
		<capsule pos="-40.25,-38.5,0.0" vel="0,0,0" mass="1" elasticityCoef="1" ang="90,0,0" color="0,220,0" radius="0.5" length="4" />
		<capsule pos="-40.25,-38.5,2.3000000000000043" vel="0,0,0" mass="1" elasticityCoef="1" ang="90,0,0" color="0,220,0" radius="0.5" length="4" />
		<capsule pos="-40.25,-38.5,4.600000000000001" vel="0,0,0" mass="1" elasticityCoef="1" ang="90,0,0" color="0,220,0" radius="0.5" length="4" />
		<capsule pos="-40.25,-38.5,6.899999999999999" vel="0,0,0" mass="1" elasticityCoef="1" ang="90,0,0" color="0,220,0" radius="0.5" length="4" />
		<capsule pos="-40.25,-38.5,9.200000000000003" vel="0,0,0" mass="1" elasticityCoef="1" ang="90,0,0" color="0,220,0" radius="0.5" length="4" />
		<capsule pos="-40.25,-38.5,11.5" vel="0,0,0" mass="1" elasticityCoef="1" ang="90,0,0" color="0,220,0" radius="0.5" length="4" />
		<capsule pos="-40.25,-38.5,13.799999999999997" vel="0,0,0" mass="1" elasticityCoef="1" ang="90,0,0" color="0,220,0" radius="0.5" length="4" />
		<capsule pos="-40.25,-38.5,16.1" vel="0,0,0" mass="1" elasticityCoef="1" ang="90,0,0" color="0,220,0" radius="0.5" length="4" />
		<capsule pos="-40.25,-38.5,18.4" vel="0,0,0" mass="1" elasticityCoef="1" ang="90,0,0" color="0,220,0" radius="0.5" length="4" />
		<capsule pos="-40.25,-38.5,20.699999999999996" vel="0,0,0" mass="1" elasticityCoef="1" ang="90,0,0" color="0,220,0" radius="0.5" length="4" />
		<capsule pos="-40.25,-38.5,22.999999999999993" vel="0,0,0" mass="1" elasticityCoef="1" ang="90,0,0" color="0,220,0" radius="0.5" length="4" />
		<capsule pos="-40.25,-38.5,25.300000000000004" vel="0,0,0" mass="1" elasticityCoef="1" ang="90,0,0" color="0,220,0" radius="0.5" length="4" />
		<capsule pos="-40.25,-38.5,27.6" vel="0,0,0" mass="1" elasticityCoef="1" ang="90,0,0" color="0,220,0" radius="0.5" length="4" />
		<capsule pos="-40.25,-38.5,29.9" vel="0,0,0" mass="1" elasticityCoef="1" ang="90,0,0" color="0,220,0" radius="0.5" length="4" />
		<capsule pos="-40.25,-38.5,32.199999999999996" vel="0,0,0" mass="1" elasticityCoef="1" ang="90,0,0" color="0,220,0" radius="0.5" length="4" />
		<capsule pos="-40.25,-38.5,34.49999999999999" vel="0,0,0" mass="1" elasticityCoef="1" ang="90,0,0" color="0,220,0" radius="0.5" length="4" />
		<capsule pos="-40.25,-38.5,36.800000000000004" vel="0,0,0" mass="1" elasticityCoef="1" ang="90,0,0" color="0,220,0" radius="0.5" length="4" />
		<capsule pos="-40.25,-38.5,39.1" vel="0,0,0" mass="1" elasticityCoef="1" ang="90,0,0" color="0,220,0" radius="0.5" length="4" />
		<capsule pos="-40.25,-38.5,41.4" vel="0,0,0" mass="1" elasticityCoef="1" ang="90,0,0" color="0,220,0" radius="0.5" length="4" />
		<capsule pos="-40.25,-33.0,-43.699999999999996" vel="0,0,0" mass="1" elasticityCoef="1" ang="90,0,0" color="0,220,0" radius="0.5" length="4" />
		<capsule pos="-40.25,-33.0,-41.4" vel="0,0,0" mass="1" elasticityCoef="1" ang="90,0,0" color="0,220,0" radius="0.5" length="4" />
		<capsule pos="-40.25,-33.0,-39.099999999999994" vel="0,0,0" mass="1" elasticityCoef="1" ang="90,0,0" color="0,220,0" radius="0.5" length="4" />
		<capsule pos="-40.25,-33.0,-36.8" vel="0,0,0" mass="1" elasticityCoef="1" ang="90,0,0" color="0,220,0" radius="0.5" length="4" />
		<capsule pos="-40.25,-33.0,-34.5" vel="0,0,0" mass="1" elasticityCoef="1" ang="90,0,0" color="0,220,0" radius="0.5" length="4" />
		<capsule pos="-40.25,-33.0,-32.199999999999996" vel="0,0,0" mass="1" elasticityCoef="1" ang="90,0,0" color="0,220,0" radius="0.5" length="4" />
		<capsule pos="-40.25,-33.0,-29.9" vel="0,0,0" mass="1" elasticityCoef="1" ang="90,0,0" color="0,220,0" radius="0.5" length="4" />
		<capsule pos="-40.25,-33.0,-27.599999999999998" vel="0,0,0" mass="1" elasticityCoef="1" ang="90,0,0" color="0,220,0" radius="0.5" length="4" />
		<capsule pos="-40.25,-33.0,-25.299999999999997" vel="0,0,0" mass="1" elasticityCoef="1" ang="90,0,0" color="0,220,0" radius="0.5" length="4" />
		<capsule pos="-40.25,-33.0,-22.999999999999996" vel="0,0,0" mass="1" elasticityCoef="1" ang="90,0,0" color="0,220,0" radius="0.5" length="4" />
		<capsule pos="-40.25,-33.0,-20.699999999999996" vel="0,0,0" mass="1" elasticityCoef="1" ang="90,0,0" color="0,220,0" radius="0.5" length="4" />
		<capsule pos="-40.25,-33.0,-18.4" vel="0,0,0" mass="1" elasticityCoef="1" ang="90,0,0" color="0,220,0" radius="0.5" length="4" />
		<capsule pos="-40.25,-33.0,-16.099999999999998" vel="0,0,0" mass="1" elasticityCoef="1" ang="90,0,0" color="0,220,0" radius="0.5" length="4" />
		<capsule pos="-40.25,-33.0,-13.799999999999997" vel="0,0,0" mass="1" elasticityCoef="1" ang="90,0,0" color="0,220,0" radius="0.5" length="4" />
		<capsule pos="-40.25,-33.0,-11.5" vel="0,0,0" mass="1" elasticityCoef="1" ang="90,0,0" color="0,220,0" radius="0.5" length="4" />
		<capsule pos="-40.25,-33.0,-9.199999999999996" vel="0,0,0" mass="1" elasticityCoef="1" ang="90,0,0" color="0,220,0" radius="0.5" length="4" />
		<capsule pos="-40.25,-33.0,-6.899999999999999" vel="0,0,0" mass="1" elasticityCoef="1" ang="90,0,0" color="0,220,0" radius="0.5" length="4" />
		<capsule pos="-40.25,-33.0,-4.600000000000001" vel="0,0,0" mass="1" elasticityCoef="1" ang="90,0,0" color="0,220,0" radius="0.5" length="4" />
		<capsule pos="-40.25,-33.0,-2.299999999999997" vel="0,0,0" mass="1" elasticityCoef="1" ang="90,0,0" color="0,220,0" radius="0.5" length="4" />
		<capsule pos="-40.25,-33.0,0.0" vel="0,0,0" mass="1" elasticityCoef="1" ang="90,0,0" color="0,220,0" radius="0.5" length="4" />
		<capsule pos="-40.25,-33.0,2.3000000000000043" vel="0,0,0" mass="1" elasticityCoef="1" ang="90,0,0" color="0,220,0" radius="0.5" length="4" />
		<capsule pos="-40.25,-33.0,4.600000000000001" vel="0,0,0" mass="1" elasticityCoef="1" ang="90,0,0" color="0,220,0" radius="0.5" length="4" />
		<capsule pos="-40.25,-33.0,6.899999999999999" vel="0,0,0" mass="1" elasticityCoef="1" ang="90,0,0" color="0,220,0" radius="0.5" length="4" />
		<capsule pos="-40.25,-33.0,9.200000000000003" vel="0,0,0" mass="1" elasticityCoef="1" ang="90,0,0" color="0,220,0" radius="0.5" length="4" />
		<capsule pos="-40.25,-33.0,11.5" vel="0,0,0" mass="1" elasticityCoef="1" ang="90,0,0" color="0,220,0" radius="0.5" length="4" />
		<capsule pos="-40.25,-33.0,13.799999999999997" vel="0,0,0" mass="1" elasticityCoef="1" ang="90,0,0" color="0,220,0" radius="0.5" length="4" />
		<capsule pos="-40.25,-33.0,16.1" vel="0,0,0" mass="1" elasticityCoef="1" ang="90,0,0" color="0,220,0" radius="0.5" length="4" />
		<capsule pos="-40.25,-33.0,18.4" vel="0,0,0" mass="1" elasticityCoef="1" ang="90,0,0" color="0,220,0" radius="0.5" length="4" />
		<capsule pos="-40.25,-33.0,20.699999999999996" vel="0,0,0" mass="1" elasticityCoef="1" ang="90,0,0" color="0,220,0" radius="0.5" length="4" />
		<capsule pos="-40.25,-33.0,22.999999999999993" vel="0,0,0" mass="1" elasticityCoef="1" ang="90,0,0" color="0,220,0" radius="0.5" length="4" />
		<capsule pos="-40.25,-33.0,25.300000000000004" vel="0,0,0" mass="1" elasticityCoef="1" ang="90,0,0" color="0,220,0" radius="0.5" length="4" />
		<capsule pos="-40.25,-33.0,27.6" vel="0,0,0" mass="1" elasticityCoef="1" ang="90,0,0" color="0,220,0" radius="0.5" length="4" />
		<capsule pos="-40.25,-33.0,29.9" vel="0,0,0" mass="1" elasticityCoef="1" ang="90,0,0" color="0,220,0" radius="0.5" length="4" />
		<capsule pos="-40.25,-33.0,32.199999999999996" vel="0,0,0" mass="1" elasticityCoef="1" ang="90,0,0" color="0,220,0" radius="0.5" length="4" />
		<capsule pos="-40.25,-33.0,34.49999999999999" vel="0,0,0" mass="1" elasticityCoef="1" ang="90,0,0" color="0,220,0" radius="0.5" length="4" />
		<capsule pos="-40.25,-33.0,36.800000000000004" vel="0,0,0" mass="1" elasticityCoef="1" ang="90,0,0" color="0,220,0" radius="0.5" length="4" />
		<capsule pos="-40.25,-33.0,39.1" vel="0,0,0" mass="1" elasticityCoef="1" ang="90,0,0" color="0,220,0" radius="0.5" length="4" />
		<capsule pos="-40.25,-33.0,41.4" vel="0,0,0" mass="1" elasticityCoef="1" ang="90,0,0" color="0,220,0" radius="0.5" length="4" />
		<capsule pos="-40.25,-27.5,-43.699999999999996" vel="0,0,0" mass="1" elasticityCoef="1" ang="90,0,0" color="0,220,0" radius="0.5" length="4" />
		<capsule pos="-40.25,-27.5,-41.4" vel="0,0,0" mass="1" elasticityCoef="1" ang="90,0,0" color="0,220,0" radius="0.5" length="4" />
		<capsule pos="-40.25,-27.5,-39.099999999999994" vel="0,0,0" mass="1" elasticityCoef="1" ang="90,0,0" color="0,220,0" radius="0.5" length="4" />
		<capsule pos="-40.25,-27.5,-36.8" vel="0,0,0" mass="1" elasticityCoef="1" ang="90,0,0" color="0,220,0" radius="0.5" length="4" />
		<capsule pos="-40.25,-27.5,-34.5" vel="0,0,0" mass="1" elasticityCoef="1" ang="90,0,0" color="0,220,0" radius="0.5" length="4" />
		<capsule pos="-40.25,-27.5,-32.199999999999996" vel="0,0,0" mass="1" elasticityCoef="1" ang="90,0,0" color="0,220,0" radius="0.5" length="4" />
		<capsule pos="-40.25,-27.5,-29.9" vel="0,0,0" mass="1" elasticityCoef="1" ang="90,0,0" color="0,220,0" radius="0.5" length="4" />
		<capsule pos="-40.25,-27.5,-27.599999999999998" vel="0,0,0" mass="1" elasticityCoef="1" ang="90,0,0" color="0,220,0" radius="0.5" length="4" />
		<capsule pos="-40.25,-27.5,-25.299999999999997" vel="0,0,0" mass="1" elasticityCoef="1" ang="90,0,0" color="0,220,0" radius="0.5" length="4" />
		<capsule pos="-40.25,-27.5,-22.999999999999996" vel="0,0,0" mass="1" elasticityCoef="1" ang="90,0,0" color="0,220,0" radius="0.5" length="4" />
		<capsule pos="-40.25,-27.5,-20.699999999999996" vel="0,0,0" mass="1" elasticityCoef="1" ang="90,0,0" color="0,220,0" radius="0.5" length="4" />
		<capsule pos="-40.25,-27.5,-18.4" vel="0,0,0" mass="1" elasticityCoef="1" ang="90,0,0" color="0,220,0" radius="0.5" length="4" />
		<capsule pos="-40.25,-27.5,-16.099999999999998" vel="0,0,0" mass="1" elasticityCoef="1" ang="90,0,0" color="0,220,0" radius="0.5" length="4" />
		<capsule pos="-40.25,-27.5,-13.799999999999997" vel="0,0,0" mass="1" elasticityCoef="1" ang="90,0,0" color="0,220,0" radius="0.5" length="4" />
		<capsule pos="-40.25,-27.5,-11.5" vel="0,0,0" mass="1" elasticityCoef="1" ang="90,0,0" color="0,220,0" radius="0.5" length="4" />
		<capsule pos="-40.25,-27.5,-9.199999999999996" vel="0,0,0" mass="1" elasticityCoef="1" ang="90,0,0" color="0,220,0" radius="0.5" length="4" />
		<capsule pos="-40.25,-27.5,-6.899999999999999" vel="0,0,0" mass="1" elasticityCoef="1" ang="90,0,0" color="0,220,0" radius="0.5" length="4" />
		<capsule pos="-40.25,-27.5,-4.600000000000001" vel="0,0,0" mass="1" elasticityCoef="1" ang="90,0,0" color="0,220,0" radius="0.5" length="4" />
		<capsule pos="-40.25,-27.5,-2.299999999999997" vel="0,0,0" mass="1" elasticityCoef="1" ang="90,0,0" color="0,220,0" radius="0.5" length="4" />
		<capsule pos="-40.25,-27.5,0.0" vel="0,0,0" mass="1" elasticityCoef="1" ang="90,0,0" color="0,220,0" radius="0.5" length="4" />
		<capsule pos="-40.25,-27.5,2.3000000000000043" vel="0,0,0" mass="1" elasticityCoef="1" ang="90,0,0" color="0,220,0" radius="0.5" length="4" />
		<capsule pos="-40.25,-27.5,4.600000000000001" vel="0,0,0" mass="1" elasticityCoef="1" ang="90,0,0" color="0,220,0" radius="0.5" length="4" />
		<capsule pos="-40.25,-27.5,6.899999999999999" vel="0,0,0" mass="1" elasticityCoef="1" ang="90,0,0" color="0,220,0" radius="0.5" length="4" />
		<capsule pos="-40.25,-27.5,9.200000000000003" vel="0,0,0" mass="1" elasticityCoef="1" ang="90,0,0" color="0,220,0" radius="0.5" length="4" />
		<capsule pos="-40.25,-27.5,11.5" vel="0,0,0" mass="1" elasticityCoef="1" ang="90,0,0" color="0,220,0" radius="0.5" length="4" />
		<capsule pos="-40.25,-27.5,13.799999999999997" vel="0,0,0" mass="1" elasticityCoef="1" ang="90,0,0" color="0,220,0" radius="0.5" length="4" />
		<capsule pos="-40.25,-27.5,16.1" vel="0,0,0" mass="1" elasticityCoef="1" ang="90,0,0" color="0,220,0" radius="0.5" length="4" />
		<capsule pos="-40.25,-27.5,18.4" vel="0,0,0" mass="1" elasticityCoef="1" ang="90,0,0" color="0,220,0" radius="0.5" length="4" />
		<capsule pos="-40.25,-27.5,20.699999999999996" vel="0,0,0" mass="1" elasticityCoef="1" ang="90,0,0" color="0,220,0" radius="0.5" length="4" />
		<capsule pos="-40.25,-27.5,22.999999999999993" vel="0,0,0" mass="1" elasticityCoef="1" ang="90,0,0" color="0,220,0" radius="0.5" length="4" />
		<capsule pos="-40.25,-27.5,25.300000000000004" vel="0,0,0" mass="1" elasticityCoef="1" ang="90,0,0" color="0,220,0" radius="0.5" length="4" />
		<capsule pos="-40.25,-27.5,27.6" vel="0,0,0" mass="1" elasticityCoef="1" ang="90,0,0" color="0,220,0" radius="0.5" length="4" />
		<capsule pos="-40.25,-27.5,29.9" vel="0,0,0" mass="1" elasticityCoef="1" ang="90,0,0" color="0,220,0" radius="0.5" length="4" />
		<capsule pos="-40.25,-27.5,32.199999999999996" vel="0,0,0" mass="1" elasticityCoef="1" ang="90,0,0" color="0,220,0" radius="0.5" length="4" />
		<capsule pos="-40.25,-27.5,34.49999999999999" vel="0,0,0" mass="1" elasticityCoef="1" ang="90,0,0" color="0,220,0" radius="0.5" length="4" />
		<capsule pos="-40.25,-27.5,36.800000000000004" vel="0,0,0" mass="1" elasticityCoef="1" ang="90,0,0" color="0,220,0" radius="0.5" length="4" />
		<capsule pos="-40.25,-27.5,39.1" vel="0,0,0" mass="1" elasticityCoef="1" ang="90,0,0" color="0,220,0" radius="0.5" length="4" />
		<capsule pos="-40.25,-27.5,41.4" vel="0,0,0" mass="1" elasticityCoef="1" ang="90,0,0" color="0,220,0" radius="0.5" length="4" />
		<capsule pos="-40.25,-22.0,-43.699999999999996" vel="0,0,0" mass="1" elasticityCoef="1" ang="90,0,0" color="0,220,0" radius="0.5" length="4" />
		<capsule pos="-40.25,-22.0,-41.4" vel="0,0,0" mass="1" elasticityCoef="1" ang="90,0,0" color="0,220,0" radius="0.5" length="4" />
		<capsule pos="-40.25,-22.0,-39.099999999999994" vel="0,0,0" mass="1" elasticityCoef="1" ang="90,0,0" color="0,220,0" radius="0.5" length="4" />
		<capsule pos="-40.25,-22.0,-36.8" vel="0,0,0" mass="1" elasticityCoef="1" ang="90,0,0" color="0,220,0" radius="0.5" length="4" />
		<capsule pos="-40.25,-22.0,-34.5" vel="0,0,0" mass="1" elasticityCoef="1" ang="90,0,0" color="0,220,0" radius="0.5" length="4" />
		<capsule pos="-40.25,-22.0,-32.199999999999996" vel="0,0,0" mass="1" elasticityCoef="1" ang="90,0,0" color="0,220,0" radius="0.5" length="4" />
		<capsule pos="-40.25,-22.0,-29.9" vel="0,0,0" mass="1" elasticityCoef="1" ang="90,0,0" color="0,220,0" radius="0.5" length="4" />
		<capsule pos="-40.25,-22.0,-27.599999999999998" vel="0,0,0" mass="1" elasticityCoef="1" ang="90,0,0" color="0,220,0" radius="0.5" length="4" />
		<capsule pos="-40.25,-22.0,-25.299999999999997" vel="0,0,0" mass="1" elasticityCoef="1" ang="90,0,0" color="0,220,0" radius="0.5" length="4" />
		<capsule pos="-40.25,-22.0,-22.999999999999996" vel="0,0,0" mass="1" elasticityCoef="1" ang="90,0,0" color="0,220,0" radius="0.5" length="4" />
		<capsule pos="-40.25,-22.0,-20.699999999999996" vel="0,0,0" mass="1" elasticityCoef="1" ang="90,0,0" color="0,220,0" radius="0.5" length="4" />
		<capsule pos="-40.25,-22.0,-18.4" vel="0,0,0" mass="1" elasticityCoef="1" ang="90,0,0" color="0,220,0" radius="0.5" length="4" />
		<capsule pos="-40.25,-22.0,-16.099999999999998" vel="0,0,0" mass="1" elasticityCoef="1" ang="90,0,0" color="0,220,0" radius="0.5" length="4" />
		<capsule pos="-40.25,-22.0,-13.799999999999997" vel="0,0,0" mass="1" elasticityCoef="1" ang="90,0,0" color="0,220,0" radius="0.5" length="4" />
		<capsule pos="-40.25,-22.0,-11.5" vel="0,0,0" mass="1" elasticityCoef="1" ang="90,0,0" color="0,220,0" radius="0.5" length="4" />
		<capsule pos="-40.25,-22.0,-9.199999999999996" vel="0,0,0" mass="1" elasticityCoef="1" ang="90,0,0" color="0,220,0" radius="0.5" length="4" />
		<capsule pos="-40.25,-22.0,-6.899999999999999" vel="0,0,0" mass="1" elasticityCoef="1" ang="90,0,0" color="0,220,0" radius="0.5" length="4" />
		<capsule pos="-40.25,-22.0,-4.600000000000001" vel="0,0,0" mass="1" elasticityCoef="1" ang="90,0,0" color="0,220,0" radius="0.5" length="4" />
		<capsule pos="-40.25,-22.0,-2.299999999999997" vel="0,0,0" mass="1" elasticityCoef="1" ang="90,0,0" color="0,220,0" radius="0.5" length="4" />
		<capsule pos="-40.25,-22.0,0.0" vel="0,0,0" mass="1" elasticityCoef="1" ang="90,0,0" color="0,220,0" radius="0.5" length="4" />
		<capsule pos="-40.25,-22.0,2.3000000000000043" vel="0,0,0" mass="1" elasticityCoef="1" ang="90,0,0" color="0,220,0" radius="0.5" length="4" />
		<capsule pos="-40.25,-22.0,4.600000000000001" vel="0,0,0" mass="1" elasticityCoef="1" ang="90,0,0" color="0,220,0" radius="0.5" length="4" />
		<capsule pos="-40.25,-22.0,6.899999999999999" vel="0,0,0" mass="1" elasticityCoef="1" ang="90,0,0" color="0,220,0" radius="0.5" length="4" />
		<capsule pos="-40.25,-22.0,9.200000000000003" vel="0,0,0" mass="1" elasticityCoef="1" ang="90,0,0" color="0,220,0" radius="0.5" length="4" />
		<capsule pos="-40.25,-22.0,11.5" vel="0,0,0" mass="1" elasticityCoef="1" ang="90,0,0" color="0,220,0" radius="0.5" length="4" />
		<capsule pos="-40.25,-22.0,13.799999999999997" vel="0,0,0" mass="1" elasticityCoef="1" ang="90,0,0" color="0,220,0" radius="0.5" length="4" />
		<capsule pos="-40.25,-22.0,16.1" vel="0,0,0" mass="1" elasticityCoef="1" ang="90,0,0" color="0,220,0" radius="0.5" length="4" />
		<capsule pos="-40.25,-22.0,18.4" vel="0,0,0" mass="1" elasticityCoef="1" ang="90,0,0" color="0,220,0" radius="0.5" length="4" />
		<capsule pos="-40.25,-22.0,20.699999999999996" vel="0,0,0" mass="1" elasticityCoef="1" ang="90,0,0" color="0,220,0" radius="0.5" length="4" />
		<capsule pos="-40.25,-22.0,22.999999999999993" vel="0,0,0" mass="1" elasticityCoef="1" ang="90,0,0" color="0,220,0" radius="0.5" length="4" />
		<capsule pos="-40.25,-22.0,25.300000000000004" vel="0,0,0" mass="1" elasticityCoef="1" ang="90,0,0" color="0,220,0" radius="0.5" length="4" />
		<capsule pos="-40.25,-22.0,27.6" vel="0,0,0" mass="1" elasticityCoef="1" ang="90,0,0" color="0,220,0" radius="0.5" length="4" />
		<capsule pos="-40.25,-22.0,29.9" vel="0,0,0" mass="1" elasticityCoef="1" ang="90,0,0" color="0,220,0" radius="0.5" length="4" />
		<capsule pos="-40.25,-22.0,32.199999999999996" vel="0,0,0" mass="1" elasticityCoef="1" ang="90,0,0" color="0,220,0" radius="0.5" length="4" />
		<capsule pos="-40.25,-22.0,34.49999999999999" vel="0,0,0" mass="1" elasticityCoef="1" ang="90,0,0" color="0,220,0" radius="0.5" length="4" />
		<capsule pos="-40.25,-22.0,36.800000000000004" vel="0,0,0" mass="1" elasticityCoef="1" ang="90,0,0" color="0,220,0" radius="0.5" length="4" />
		<capsule pos="-40.25,-22.0,39.1" vel="0,0,0" mass="1" elasticityCoef="1" ang="90,0,0" color="0,220,0" radius="0.5" length="4" />
		<capsule pos="-40.25,-22.0,41.4" vel="0,0,0" mass="1" elasticityCoef="1" ang="90,0,0" color="0,220,0" radius="0.5" length="4" />
		<capsule pos="-40.25,-16.5,-43.699999999999996" vel="0,0,0" mass="1" elasticityCoef="1" ang="90,0,0" color="0,220,0" radius="0.5" length="4" />
		<capsule pos="-40.25,-16.5,-41.4" vel="0,0,0" mass="1" elasticityCoef="1" ang="90,0,0" color="0,220,0" radius="0.5" length="4" />
		<capsule pos="-40.25,-16.5,-39.099999999999994" vel="0,0,0" mass="1" elasticityCoef="1" ang="90,0,0" color="0,220,0" radius="0.5" length="4" />
		<capsule pos="-40.25,-16.5,-36.8" vel="0,0,0" mass="1" elasticityCoef="1" ang="90,0,0" color="0,220,0" radius="0.5" length="4" />
		<capsule pos="-40.25,-16.5,-34.5" vel="0,0,0" mass="1" elasticityCoef="1" ang="90,0,0" color="0,220,0" radius="0.5" length="4" />
		<capsule pos="-40.25,-16.5,-32.199999999999996" vel="0,0,0" mass="1" elasticityCoef="1" ang="90,0,0" color="0,220,0" radius="0.5" length="4" />
		<capsule pos="-40.25,-16.5,-29.9" vel="0,0,0" mass="1" elasticityCoef="1" ang="90,0,0" color="0,220,0" radius="0.5" length="4" />
		<capsule pos="-40.25,-16.5,-27.599999999999998" vel="0,0,0" mass="1" elasticityCoef="1" ang="90,0,0" color="0,220,0" radius="0.5" length="4" />
		<capsule pos="-40.25,-16.5,-25.299999999999997" vel="0,0,0" mass="1" elasticityCoef="1" ang="90,0,0" color="0,220,0" radius="0.5" length="4" />
		<capsule pos="-40.25,-16.5,-22.999999999999996" vel="0,0,0" mass="1" elasticityCoef="1" ang="90,0,0" color="0,220,0" radius="0.5" length="4" />
		<capsule pos="-40.25,-16.5,-20.699999999999996" vel="0,0,0" mass="1" elasticityCoef="1" ang="90,0,0" color="0,220,0" radius="0.5" length="4" />
		<capsule pos="-40.25,-16.5,-18.4" vel="0,0,0" mass="1" elasticityCoef="1" ang="90,0,0" color="0,220,0" radius="0.5" length="4" />
		<capsule pos="-40.25,-16.5,-16.099999999999998" vel="0,0,0" mass="1" elasticityCoef="1" ang="90,0,0" color="0,220,0" radius="0.5" length="4" />
		<capsule pos="-40.25,-16.5,-13.799999999999997" vel="0,0,0" mass="1" elasticityCoef="1" ang="90,0,0" color="0,220,0" radius="0.5" length="4" />
		<capsule pos="-40.25,-16.5,-11.5" vel="0,0,0" mass="1" elasticityCoef="1" ang="90,0,0" color="0,220,0" radius="0.5" length="4" />
		<capsule pos="-40.25,-16.5,-9.199999999999996" vel="0,0,0" mass="1" elasticityCoef="1" ang="90,0,0" color="0,220,0" radius="0.5" length="4" />
		<capsule pos="-40.25,-16.5,-6.899999999999999" vel="0,0,0" mass="1" elasticityCoef="1" ang="90,0,0" color="0,220,0" radius="0.5" length="4" />
		<capsule pos="-40.25,-16.5,-4.600000000000001" vel="0,0,0" mass="1" elasticityCoef="1" ang="90,0,0" color="0,220,0" radius="0.5" length="4" />
		<capsule pos="-40.25,-16.5,-2.299999999999997" vel="0,0,0" mass="1" elasticityCoef="1" ang="90,0,0" color="0,220,0" radius="0.5" length="4" />
		<capsule pos="-40.25,-16.5,0.0" vel="0,0,0" mass="1" elasticityCoef="1" ang="90,0,0" color="0,220,0" radius="0.5" length="4" />
		<capsule pos="-40.25,-16.5,2.3000000000000043" vel="0,0,0" mass="1" elasticityCoef="1" ang="90,0,0" color="0,220,0" radius="0.5" length="4" />
		<capsule pos="-40.25,-16.5,4.600000000000001" vel="0,0,0" mass="1" elasticityCoef="1" ang="90,0,0" color="0,220,0" radius="0.5" length="4" />
		<capsule pos="-40.25,-16.5,6.899999999999999" vel="0,0,0" mass="1" elasticityCoef="1" ang="90,0,0" color="0,220,0" radius="0.5" length="4" />
		<capsule pos="-40.25,-16.5,9.200000000000003" vel="0,0,0" mass="1" elasticityCoef="1" ang="90,0,0" color="0,220,0" radius="0.5" length="4" />
		<capsule pos="-40.25,-16.5,11.5" vel="0,0,0" mass="1" elasticityCoef="1" ang="90,0,0" color="0,220,0" radius="0.5" length="4" />
		<capsule pos="-40.25,-16.5,13.799999999999997" vel="0,0,0" mass="1" elasticityCoef="1" ang="90,0,0" color="0,220,0" radius="0.5" length="4" />
		<capsule pos="-40.25,-16.5,16.1" vel="0,0,0" mass="1" elasticityCoef="1" ang="90,0,0" color="0,220,0" radius="0.5" length="4" />
		<capsule pos="-40.25,-16.5,18.4" vel="0,0,0" mass="1" elasticityCoef="1" ang="90,0,0" color="0,220,0" radius="0.5" length="4" />
		<capsule pos="-40.25,-16.5,20.699999999999996" vel="0,0,0" mass="1" elasticityCoef="1" ang="90,0,0" color="0,220,0" radius="0.5" length="4" />
		<capsule pos="-40.25,-16.5,22.999999999999993" vel="0,0,0" mass="1" elasticityCoef="1" ang="90,0,0" color="0,220,0" radius="0.5" length="4" />
		<capsule pos="-40.25,-16.5,25.300000000000004" vel="0,0,0" mass="1" elasticityCoef="1" ang="90,0,0" color="0,220,0" radius="0.5" length="4" />
		<capsule pos="-40.25,-16.5,27.6" vel="0,0,0" mass="1" elasticityCoef="1" ang="90,0,0" color="0,220,0" radius="0.5" length="4" />
		<capsule pos="-40.25,-16.5,29.9" vel="0,0,0" mass="1" elasticityCoef="1" ang="90,0,0" color="0,220,0" radius="0.5" length="4" />
		<capsule pos="-40.25,-16.5,32.199999999999996" vel="0,0,0" mass="1" elasticityCoef="1" ang="90,0,0" color="0,220,0" radius="0.5" length="4" />
		<capsule pos="-40.25,-16.5,34.49999999999999" vel="0,0,0" mass="1" elasticityCoef="1" ang="90,0,0" color="0,220,0" radius="0.5" length="4" />
		<capsule pos="-40.25,-16.5,36.800000000000004" vel="0,0,0" mass="1" elasticityCoef="1" ang="90,0,0" color="0,220,0" radius="0.5" length="4" />
		<capsule pos="-40.25,-16.5,39.1" vel="0,0,0" mass="1" elasticityCoef="1" ang="90,0,0" color="0,220,0" radius="0.5" length="4" />
		<capsule pos="-40.25,-16.5,41.4" vel="0,0,0" mass="1" elasticityCoef="1" ang="90,0,0" color="0,220,0" radius="0.5" length="4" />
		<capsule pos="-40.25,-11.0,-43.699999999999996" vel="0,0,0" mass="1" elasticityCoef="1" ang="90,0,0" color="0,220,0" radius="0.5" length="4" />
		<capsule pos="-40.25,-11.0,-41.4" vel="0,0,0" mass="1" elasticityCoef="1" ang="90,0,0" color="0,220,0" radius="0.5" length="4" />
		<capsule pos="-40.25,-11.0,-39.099999999999994" vel="0,0,0" mass="1" elasticityCoef="1" ang="90,0,0" color="0,220,0" radius="0.5" length="4" />
		<capsule pos="-40.25,-11.0,-36.8" vel="0,0,0" mass="1" elasticityCoef="1" ang="90,0,0" color="0,220,0" radius="0.5" length="4" />
		<capsule pos="-40.25,-11.0,-34.5" vel="0,0,0" mass="1" elasticityCoef="1" ang="90,0,0" color="0,220,0" radius="0.5" length="4" />
		<capsule pos="-40.25,-11.0,-32.199999999999996" vel="0,0,0" mass="1" elasticityCoef="1" ang="90,0,0" color="0,220,0" radius="0.5" length="4" />
		<capsule pos="-40.25,-11.0,-29.9" vel="0,0,0" mass="1" elasticityCoef="1" ang="90,0,0" color="0,220,0" radius="0.5" length="4" />
		<capsule pos="-40.25,-11.0,-27.599999999999998" vel="0,0,0" mass="1" elasticityCoef="1" ang="90,0,0" color="0,220,0" radius="0.5" length="4" />
		<capsule pos="-40.25,-11.0,-25.299999999999997" vel="0,0,0" mass="1" elasticityCoef="1" ang="90,0,0" color="0,220,0" radius="0.5" length="4" />
		<capsule pos="-40.25,-11.0,-22.999999999999996" vel="0,0,0" mass="1" elasticityCoef="1" ang="90,0,0" color="0,220,0" radius="0.5" length="4" />
		<capsule pos="-40.25,-11.0,-20.699999999999996" vel="0,0,0" mass="1" elasticityCoef="1" ang="90,0,0" color="0,220,0" radius="0.5" length="4" />
		<capsule pos="-40.25,-11.0,-18.4" vel="0,0,0" mass="1" elasticityCoef="1" ang="90,0,0" color="0,220,0" radius="0.5" length="4" />
		<capsule pos="-40.25,-11.0,-16.099999999999998" vel="0,0,0" mass="1" elasticityCoef="1" ang="90,0,0" color="0,220,0" radius="0.5" length="4" />
		<capsule pos="-40.25,-11.0,-13.799999999999997" vel="0,0,0" mass="1" elasticityCoef="1" ang="90,0,0" color="0,220,0" radius="0.5" length="4" />
		<capsule pos="-40.25,-11.0,-11.5" vel="0,0,0" mass="1" elasticityCoef="1" ang="90,0,0" color="0,220,0" radius="0.5" length="4" />
		<capsule pos="-40.25,-11.0,-9.199999999999996" vel="0,0,0" mass="1" elasticityCoef="1" ang="90,0,0" color="0,220,0" radius="0.5" length="4" />
		<capsule pos="-40.25,-11.0,-6.899999999999999" vel="0,0,0" mass="1" elasticityCoef="1" ang="90,0,0" color="0,220,0" radius="0.5" length="4" />
		<capsule pos="-40.25,-11.0,-4.600000000000001" vel="0,0,0" mass="1" elasticityCoef="1" ang="90,0,0" color="0,220,0" radius="0.5" length="4" />
		<capsule pos="-40.25,-11.0,-2.299999999999997" vel="0,0,0" mass="1" elasticityCoef="1" ang="90,0,0" color="0,220,0" radius="0.5" length="4" />
		<capsule pos="-40.25,-11.0,0.0" vel="0,0,0" mass="1" elasticityCoef="1" ang="90,0,0" color="0,220,0" radius="0.5" length="4" />
		<capsule pos="-40.25,-11.0,2.3000000000000043" vel="0,0,0" mass="1" elasticityCoef="1" ang="90,0,0" color="0,220,0" radius="0.5" length="4" />
		<capsule pos="-40.25,-11.0,4.600000000000001" vel="0,0,0" mass="1" elasticityCoef="1" ang="90,0,0" color="0,220,0" radius="0.5" length="4" />
		<capsule pos="-40.25,-11.0,6.899999999999999" vel="0,0,0" mass="1" elasticityCoef="1" ang="90,0,0" color="0,220,0" radius="0.5" length="4" />
		<capsule pos="-40.25,-11.0,9.200000000000003" vel="0,0,0" mass="1" elasticityCoef="1" ang="90,0,0" color="0,220,0" radius="0.5" length="4" />
		<capsule pos="-40.25,-11.0,11.5" vel="0,0,0" mass="1" elasticityCoef="1" ang="90,0,0" color="0,220,0" radius="0.5" length="4" />
		<capsule pos="-40.25,-11.0,13.799999999999997" vel="0,0,0" mass="1" elasticityCoef="1" ang="90,0,0" color="0,220,0" radius="0.5" length="4" />
		<capsule pos="-40.25,-11.0,16.1" vel="0,0,0" mass="1" elasticityCoef="1" ang="90,0,0" color="0,220,0" radius="0.5" length="4" />
		<capsule pos="-40.25,-11.0,18.4" vel="0,0,0" mass="1" elasticityCoef="1" ang="90,0,0" color="0,220,0" radius="0.5" length="4" />
		<capsule pos="-40.25,-11.0,20.699999999999996" vel="0,0,0" mass="1" elasticityCoef="1" ang="90,0,0" color="0,220,0" radius="0.5" length="4" />
		<capsule pos="-40.25,-11.0,22.999999999999993" vel="0,0,0" mass="1" elasticityCoef="1" ang="90,0,0" color="0,220,0" radius="0.5" length="4" />
		<capsule pos="-40.25,-11.0,25.300000000000004" vel="0,0,0" mass="1" elasticityCoef="1" ang="90,0,0" color="0,220,0" radius="0.5" length="4" />
		<capsule pos="-40.25,-11.0,27.6" vel="0,0,0" mass="1" elasticityCoef="1" ang="90,0,0" color="0,220,0" radius="0.5" length="4" />
		<capsule pos="-40.25,-11.0,29.9" vel="0,0,0" mass="1" elasticityCoef="1" ang="90,0,0" color="0,220,0" radius="0.5" length="4" />
		<capsule pos="-40.25,-11.0,32.199999999999996" vel="0,0,0" mass="1" elasticityCoef="1" ang="90,0,0" color="0,220,0" radius="0.5" length="4" />
		<capsule pos="-40.25,-11.0,34.49999999999999" vel="0,0,0" mass="1" elasticityCoef="1" ang="90,0,0" color="0,220,0" radius="0.5" length="4" />
		<capsule pos="-40.25,-11.0,36.800000000000004" vel="0,0,0" mass="1" elasticityCoef="1" ang="90,0,0" color="0,220,0" radius="0.5" length="4" />
		<capsule pos="-40.25,-11.0,39.1" vel="0,0,0" mass="1" elasticityCoef="1" ang="90,0,0" color="0,220,0" radius="0.5" length="4" />
		<capsule pos="-40.25,-11.0,41.4" vel="0,0,0" mass="1" elasticityCoef="1" ang="90,0,0" color="0,220,0" radius="0.5" length="4" />
		<capsule pos="-40.25,-5.5,-43.699999999999996" vel="0,0,0" mass="1" elasticityCoef="1" ang="90,0,0" color="0,220,0" radius="0.5" length="4" />
		<capsule pos="-40.25,-5.5,-41.4" vel="0,0,0" mass="1" elasticityCoef="1" ang="90,0,0" color="0,220,0" radius="0.5" length="4" />
		<capsule pos="-40.25,-5.5,-39.099999999999994" vel="0,0,0" mass="1" elasticityCoef="1" ang="90,0,0" color="0,220,0" radius="0.5" length="4" />
		<capsule pos="-40.25,-5.5,-36.8" vel="0,0,0" mass="1" elasticityCoef="1" ang="90,0,0" color="0,220,0" radius="0.5" length="4" />
		<capsule pos="-40.25,-5.5,-34.5" vel="0,0,0" mass="1" elasticityCoef="1" ang="90,0,0" color="0,220,0" radius="0.5" length="4" />
		<capsule pos="-40.25,-5.5,-32.199999999999996" vel="0,0,0" mass="1" elasticityCoef="1" ang="90,0,0" color="0,220,0" radius="0.5" length="4" />
		<capsule pos="-40.25,-5.5,-29.9" vel="0,0,0" mass="1" elasticityCoef="1" ang="90,0,0" color="0,220,0" radius="0.5" length="4" />
		<capsule pos="-40.25,-5.5,-27.599999999999998" vel="0,0,0" mass="1" elasticityCoef="1" ang="90,0,0" color="0,220,0" radius="0.5" length="4" />
		<capsule pos="-40.25,-5.5,-25.299999999999997" vel="0,0,0" mass="1" elasticityCoef="1" ang="90,0,0" color="0,220,0" radius="0.5" length="4" />
		<capsule pos="-40.25,-5.5,-22.999999999999996" vel="0,0,0" mass="1" elasticityCoef="1" ang="90,0,0" color="0,220,0" radius="0.5" length="4" />
		<capsule pos="-40.25,-5.5,-20.699999999999996" vel="0,0,0" mass="1" elasticityCoef="1" ang="90,0,0" color="0,220,0" radius="0.5" length="4" />
		<capsule pos="-40.25,-5.5,-18.4" vel="0,0,0" mass="1" elasticityCoef="1" ang="90,0,0" color="0,220,0" radius="0.5" length="4" />
		<capsule pos="-40.25,-5.5,-16.099999999999998" vel="0,0,0" mass="1" elasticityCoef="1" ang="90,0,0" color="0,220,0" radius="0.5" length="4" />
		<capsule pos="-40.25,-5.5,-13.799999999999997" vel="0,0,0" mass="1" elasticityCoef="1" ang="90,0,0" color="0,220,0" radius="0.5" length="4" />
		<capsule pos="-40.25,-5.5,-11.5" vel="0,0,0" mass="1" elasticityCoef="1" ang="90,0,0" color="0,220,0" radius="0.5" length="4" />
		<capsule pos="-40.25,-5.5,-9.199999999999996" vel="0,0,0" mass="1" elasticityCoef="1" ang="90,0,0" color="0,220,0" radius="0.5" length="4" />
		<capsule pos="-40.25,-5.5,-6.899999999999999" vel="0,0,0" mass="1" elasticityCoef="1" ang="90,0,0" color="0,220,0" radius="0.5" length="4" />
		<capsule pos="-40.25,-5.5,-4.600000000000001" vel="0,0,0" mass="1" elasticityCoef="1" ang="90,0,0" color="0,220,0" radius="0.5" length="4" />
		<capsule pos="-40.25,-5.5,-2.299999999999997" vel="0,0,0" mass="1" elasticityCoef="1" ang="90,0,0" color="0,220,0" radius="0.5" length="4" />
		<capsule pos="-40.25,-5.5,0.0" vel="0,0,0" mass="1" elasticityCoef="1" ang="90,0,0" color="0,220,0" radius="0.5" length="4" />
		<capsule pos="-40.25,-5.5,2.3000000000000043" vel="0,0,0" mass="1" elasticityCoef="1" ang="90,0,0" color="0,220,0" radius="0.5" length="4" />
		<capsule pos="-40.25,-5.5,4.600000000000001" vel="0,0,0" mass="1" elasticityCoef="1" ang="90,0,0" color="0,220,0" radius="0.5" length="4" />
		<capsule pos="-40.25,-5.5,6.899999999999999" vel="0,0,0" mass="1" elasticityCoef="1" ang="90,0,0" color="0,220,0" radius="0.5" length="4" />
		<capsule pos="-40.25,-5.5,9.200000000000003" vel="0,0,0" mass="1" elasticityCoef="1" ang="90,0,0" color="0,220,0" radius="0.5" length="4" />
		<capsule pos="-40.25,-5.5,11.5" vel="0,0,0" mass="1" elasticityCoef="1" ang="90,0,0" color="0,220,0" radius="0.5" length="4" />
		<capsule pos="-40.25,-5.5,13.799999999999997" vel="0,0,0" mass="1" elasticityCoef="1" ang="90,0,0" color="0,220,0" radius="0.5" length="4" />
		<capsule pos="-40.25,-5.5,16.1" vel="0,0,0" mass="1" elasticityCoef="1" ang="90,0,0" color="0,220,0" radius="0.5" length="4" />
		<capsule pos="-40.25,-5.5,18.4" vel="0,0,0" mass="1" elasticityCoef="1" ang="90,0,0" color="0,220,0" radius="0.5" length="4" />
		<capsule pos="-40.25,-5.5,20.699999999999996" vel="0,0,0" mass="1" elasticityCoef="1" ang="90,0,0" color="0,220,0" radius="0.5" length="4" />
		<capsule pos="-40.25,-5.5,22.999999999999993" vel="0,0,0" mass="1" elasticityCoef="1" ang="90,0,0" color="0,220,0" radius="0.5" length="4" />
		<capsule pos="-40.25,-5.5,25.300000000000004" vel="0,0,0" mass="1" elasticityCoef="1" ang="90,0,0" color="0,220,0" radius="0.5" length="4" />
		<capsule pos="-40.25,-5.5,27.6" vel="0,0,0" mass="1" elasticityCoef="1" ang="90,0,0" color="0,220,0" radius="0.5" length="4" />
		<capsule pos="-40.25,-5.5,29.9" vel="0,0,0" mass="1" elasticityCoef="1" ang="90,0,0" color="0,220,0" radius="0.5" length="4" />
		<capsule pos="-40.25,-5.5,32.199999999999996" vel="0,0,0" mass="1" elasticityCoef="1" ang="90,0,0" color="0,220,0" radius="0.5" length="4" />
		<capsule pos="-40.25,-5.5,34.49999999999999" vel="0,0,0" mass="1" elasticityCoef="1" ang="90,0,0" color="0,220,0" radius="0.5" length="4" />
		<capsule pos="-40.25,-5.5,36.800000000000004" vel="0,0,0" mass="1" elasticityCoef="1" ang="90,0,0" color="0,220,0" radius="0.5" length="4" />
		<capsule pos="-40.25,-5.5,39.1" vel="0,0,0" mass="1" elasticityCoef="1" ang="90,0,0" color="0,220,0" radius="0.5" length="4" />
		<capsule pos="-40.25,-5.5,41.4" vel="0,0,0" mass="1" elasticityCoef="1" ang="90,0,0" color="0,220,0" radius="0.5" length="4" />
		<capsule pos="-40.25,0.0,-43.699999999999996" vel="0,0,0" mass="1" elasticityCoef="1" ang="90,0,0" color="0,220,0" radius="0.5" length="4" />
		<capsule pos="-40.25,0.0,-41.4" vel="0,0,0" mass="1" elasticityCoef="1" ang="90,0,0" color="0,220,0" radius="0.5" length="4" />
		<capsule pos="-40.25,0.0,-39.099999999999994" vel="0,0,0" mass="1" elasticityCoef="1" ang="90,0,0" color="0,220,0" radius="0.5" length="4" />
		<capsule pos="-40.25,0.0,-36.8" vel="0,0,0" mass="1" elasticityCoef="1" ang="90,0,0" color="0,220,0" radius="0.5" length="4" />
		<capsule pos="-40.25,0.0,-34.5" vel="0,0,0" mass="1" elasticityCoef="1" ang="90,0,0" color="0,220,0" radius="0.5" length="4" />
		<capsule pos="-40.25,0.0,-32.199999999999996" vel="0,0,0" mass="1" elasticityCoef="1" ang="90,0,0" color="0,220,0" radius="0.5" length="4" />
		<capsule pos="-40.25,0.0,-29.9" vel="0,0,0" mass="1" elasticityCoef="1" ang="90,0,0" color="0,220,0" radius="0.5" length="4" />
		<capsule pos="-40.25,0.0,-27.599999999999998" vel="0,0,0" mass="1" elasticityCoef="1" ang="90,0,0" color="0,220,0" radius="0.5" length="4" />
		<capsule pos="-40.25,0.0,-25.299999999999997" vel="0,0,0" mass="1" elasticityCoef="1" ang="90,0,0" color="0,220,0" radius="0.5" length="4" />
		<capsule pos="-40.25,0.0,-22.999999999999996" vel="0,0,0" mass="1" elasticityCoef="1" ang="90,0,0" color="0,220,0" radius="0.5" length="4" />
		<capsule pos="-40.25,0.0,-20.699999999999996" vel="0,0,0" mass="1" elasticityCoef="1" ang="90,0,0" color="0,220,0" radius="0.5" length="4" />
		<capsule pos="-40.25,0.0,-18.4" vel="0,0,0" mass="1" elasticityCoef="1" ang="90,0,0" color="0,220,0" radius="0.5" length="4" />
		<capsule pos="-40.25,0.0,-16.099999999999998" vel="0,0,0" mass="1" elasticityCoef="1" ang="90,0,0" color="0,220,0" radius="0.5" length="4" />
		<capsule pos="-40.25,0.0,-13.799999999999997" vel="0,0,0" mass="1" elasticityCoef="1" ang="90,0,0" color="0,220,0" radius="0.5" length="4" />
		<capsule pos="-40.25,0.0,-11.5" vel="0,0,0" mass="1" elasticityCoef="1" ang="90,0,0" color="0,220,0" radius="0.5" length="4" />
		<capsule pos="-40.25,0.0,-9.199999999999996" vel="0,0,0" mass="1" elasticityCoef="1" ang="90,0,0" color="0,220,0" radius="0.5" length="4" />
		<capsule pos="-40.25,0.0,-6.899999999999999" vel="0,0,0" mass="1" elasticityCoef="1" ang="90,0,0" color="0,220,0" radius="0.5" length="4" />
		<capsule pos="-40.25,0.0,-4.600000000000001" vel="0,0,0" mass="1" elasticityCoef="1" ang="90,0,0" color="0,220,0" radius="0.5" length="4" />
		<capsule pos="-40.25,0.0,-2.299999999999997" vel="0,0,0" mass="1" elasticityCoef="1" ang="90,0,0" color="0,220,0" radius="0.5" length="4" />
		<capsule pos="-40.25,0.0,0.0" vel="0,0,0" mass="1" elasticityCoef="1" ang="90,0,0" color="0,220,0" radius="0.5" length="4" />
		<capsule pos="-40.25,0.0,2.3000000000000043" vel="0,0,0" mass="1" elasticityCoef="1" ang="90,0,0" color="0,220,0" radius="0.5" length="4" />
		<capsule pos="-40.25,0.0,4.600000000000001" vel="0,0,0" mass="1" elasticityCoef="1" ang="90,0,0" color="0,220,0" radius="0.5" length="4" />
		<capsule pos="-40.25,0.0,6.899999999999999" vel="0,0,0" mass="1" elasticityCoef="1" ang="90,0,0" color="0,220,0" radius="0.5" length="4" />
		<capsule pos="-40.25,0.0,9.200000000000003" vel="0,0,0" mass="1" elasticityCoef="1" ang="90,0,0" color="0,220,0" radius="0.5" length="4" />
		<capsule pos="-40.25,0.0,11.5" vel="0,0,0" mass="1" elasticityCoef="1" ang="90,0,0" color="0,220,0" radius="0.5" length="4" />
		<capsule pos="-40.25,0.0,13.799999999999997" vel="0,0,0" mass="1" elasticityCoef="1" ang="90,0,0" color="0,220,0" radius="0.5" length="4" />
		<capsule pos="-40.25,0.0,16.1" vel="0,0,0" mass="1" elasticityCoef="1" ang="90,0,0" color="0,220,0" radius="0.5" length="4" />
		<capsule pos="-40.25,0.0,18.4" vel="0,0,0" mass="1" elasticityCoef="1" ang="90,0,0" color="0,220,0" radius="0.5" length="4" />
		<capsule pos="-40.25,0.0,20.699999999999996" vel="0,0,0" mass="1" elasticityCoef="1" ang="90,0,0" color="0,220,0" radius="0.5" length="4" />
		<capsule pos="-40.25,0.0,22.999999999999993" vel="0,0,0" mass="1" elasticityCoef="1" ang="90,0,0" color="0,220,0" radius="0.5" length="4" />
		<capsule pos="-40.25,0.0,25.300000000000004" vel="0,0,0" mass="1" elasticityCoef="1" ang="90,0,0" color="0,220,0" radius="0.5" length="4" />
		<capsule pos="-40.25,0.0,27.6" vel="0,0,0" mass="1" elasticityCoef="1" ang="90,0,0" color="0,220,0" radius="0.5" length="4" />
		<capsule pos="-40.25,0.0,29.9" vel="0,0,0" mass="1" elasticityCoef="1" ang="90,0,0" color="0,220,0" radius="0.5" length="4" />
		<capsule pos="-40.25,0.0,32.199999999999996" vel="0,0,0" mass="1" elasticityCoef="1" ang="90,0,0" color="0,220,0" radius="0.5" length="4" />
		<capsule pos="-40.25,0.0,34.49999999999999" vel="0,0,0" mass="1" elasticityCoef="1" ang="90,0,0" color="0,220,0" radius="0.5" length="4" />
		<capsule pos="-40.25,0.0,36.800000000000004" vel="0,0,0" mass="1" elasticityCoef="1" ang="90,0,0" color="0,220,0" radius="0.5" length="4" />
		<capsule pos="-40.25,0.0,39.1" vel="0,0,0" mass="1" elasticityCoef="1" ang="90,0,0" color="0,220,0" radius="0.5" length="4" />
		<capsule pos="-40.25,0.0,41.4" vel="0,0,0" mass="1" elasticityCoef="1" ang="90,0,0" color="0,220,0" radius="0.5" length="4" />
		<capsule pos="-40.25,5.5,-43.699999999999996" vel="0,0,0" mass="1" elasticityCoef="1" ang="90,0,0" color="0,220,0" radius="0.5" length="4" />
		<capsule pos="-40.25,5.5,-41.4" vel="0,0,0" mass="1" elasticityCoef="1" ang="90,0,0" color="0,220,0" radius="0.5" length="4" />
		<capsule pos="-40.25,5.5,-39.099999999999994" vel="0,0,0" mass="1" elasticityCoef="1" ang="90,0,0" color="0,220,0" radius="0.5" length="4" />
		<capsule pos="-40.25,5.5,-36.8" vel="0,0,0" mass="1" elasticityCoef="1" ang="90,0,0" color="0,220,0" radius="0.5" length="4" />
		<capsule pos="-40.25,5.5,-34.5" vel="0,0,0" mass="1" elasticityCoef="1" ang="90,0,0" color="0,220,0" radius="0.5" length="4" />
		<capsule pos="-40.25,5.5,-32.199999999999996" vel="0,0,0" mass="1" elasticityCoef="1" ang="90,0,0" color="0,220,0" radius="0.5" length="4" />
		<capsule pos="-40.25,5.5,-29.9" vel="0,0,0" mass="1" elasticityCoef="1" ang="90,0,0" color="0,220,0" radius="0.5" length="4" />
		<capsule pos="-40.25,5.5,-27.599999999999998" vel="0,0,0" mass="1" elasticityCoef="1" ang="90,0,0" color="0,220,0" radius="0.5" length="4" />
		<capsule pos="-40.25,5.5,-25.299999999999997" vel="0,0,0" mass="1" elasticityCoef="1" ang="90,0,0" color="0,220,0" radius="0.5" length="4" />
		<capsule pos="-40.25,5.5,-22.999999999999996" vel="0,0,0" mass="1" elasticityCoef="1" ang="90,0,0" color="0,220,0" radius="0.5" length="4" />
		<capsule pos="-40.25,5.5,-20.699999999999996" vel="0,0,0" mass="1" elasticityCoef="1" ang="90,0,0" color="0,220,0" radius="0.5" length="4" />
		<capsule pos="-40.25,5.5,-18.4" vel="0,0,0" mass="1" elasticityCoef="1" ang="90,0,0" color="0,220,0" radius="0.5" length="4" />
		<capsule pos="-40.25,5.5,-16.099999999999998" vel="0,0,0" mass="1" elasticityCoef="1" ang="90,0,0" color="0,220,0" radius="0.5" length="4" />
		<capsule pos="-40.25,5.5,-13.799999999999997" vel="0,0,0" mass="1" elasticityCoef="1" ang="90,0,0" color="0,220,0" radius="0.5" length="4" />
		<capsule pos="-40.25,5.5,-11.5" vel="0,0,0" mass="1" elasticityCoef="1" ang="90,0,0" color="0,220,0" radius="0.5" length="4" />
		<capsule pos="-40.25,5.5,-9.199999999999996" vel="0,0,0" mass="1" elasticityCoef="1" ang="90,0,0" color="0,220,0" radius="0.5" length="4" />
		<capsule pos="-40.25,5.5,-6.899999999999999" vel="0,0,0" mass="1" elasticityCoef="1" ang="90,0,0" color="0,220,0" radius="0.5" length="4" />
		<capsule pos="-40.25,5.5,-4.600000000000001" vel="0,0,0" mass="1" elasticityCoef="1" ang="90,0,0" color="0,220,0" radius="0.5" length="4" />
		<capsule pos="-40.25,5.5,-2.299999999999997" vel="0,0,0" mass="1" elasticityCoef="1" ang="90,0,0" color="0,220,0" radius="0.5" length="4" />
		<capsule pos="-40.25,5.5,0.0" vel="0,0,0" mass="1" elasticityCoef="1" ang="90,0,0" color="0,220,0" radius="0.5" length="4" />
		<capsule pos="-40.25,5.5,2.3000000000000043" vel="0,0,0" mass="1" elasticityCoef="1" ang="90,0,0" color="0,220,0" radius="0.5" length="4" />
		<capsule pos="-40.25,5.5,4.600000000000001" vel="0,0,0" mass="1" elasticityCoef="1" ang="90,0,0" color="0,220,0" radius="0.5" length="4" />
		<capsule pos="-40.25,5.5,6.899999999999999" vel="0,0,0" mass="1" elasticityCoef="1" ang="90,0,0" color="0,220,0" radius="0.5" length="4" />
		<capsule pos="-40.25,5.5,9.200000000000003" vel="0,0,0" mass="1" elasticityCoef="1" ang="90,0,0" color="0,220,0" radius="0.5" length="4" />
		<capsule pos="-40.25,5.5,11.5" vel="0,0,0" mass="1" elasticityCoef="1" ang="90,0,0" color="0,220,0" radius="0.5" length="4" />
		<capsule pos="-40.25,5.5,13.799999999999997" vel="0,0,0" mass="1" elasticityCoef="1" ang="90,0,0" color="0,220,0" radius="0.5" length="4" />
		<capsule pos="-40.25,5.5,16.1" vel="0,0,0" mass="1" elasticityCoef="1" ang="90,0,0" color="0,220,0" radius="0.5" length="4" />
		<capsule pos="-40.25,5.5,18.4" vel="0,0,0" mass="1" elasticityCoef="1" ang="90,0,0" color="0,220,0" radius="0.5" length="4" />
		<capsule pos="-40.25,5.5,20.699999999999996" vel="0,0,0" mass="1" elasticityCoef="1" ang="90,0,0" color="0,220,0" radius="0.5" length="4" />
		<capsule pos="-40.25,5.5,22.999999999999993" vel="0,0,0" mass="1" elasticityCoef="1" ang="90,0,0" color="0,220,0" radius="0.5" length="4" />
		<capsule pos="-40.25,5.5,25.300000000000004" vel="0,0,0" mass="1" elasticityCoef="1" ang="90,0,0" color="0,220,0" radius="0.5" length="4" />
		<capsule pos="-40.25,5.5,27.6" vel="0,0,0" mass="1" elasticityCoef="1" ang="90,0,0" color="0,220,0" radius="0.5" length="4" />
		<capsule pos="-40.25,5.5,29.9" vel="0,0,0" mass="1" elasticityCoef="1" ang="90,0,0" color="0,220,0" radius="0.5" length="4" />
		<capsule pos="-40.25,5.5,32.199999999999996" vel="0,0,0" mass="1" elasticityCoef="1" ang="90,0,0" color="0,220,0" radius="0.5" length="4" />
		<capsule pos="-40.25,5.5,34.49999999999999" vel="0,0,0" mass="1" elasticityCoef="1" ang="90,0,0" color="0,220,0" radius="0.5" length="4" />
		<capsule pos="-40.25,5.5,36.800000000000004" vel="0,0,0" mass="1" elasticityCoef="1" ang="90,0,0" color="0,220,0" radius="0.5" length="4" />
		<capsule pos="-40.25,5.5,39.1" vel="0,0,0" mass="1" elasticityCoef="1" ang="90,0,0" color="0,220,0" radius="0.5" length="4" />
		<capsule pos="-40.25,5.5,41.4" vel="0,0,0" mass="1" elasticityCoef="1" ang="90,0,0" color="0,220,0" radius="0.5" length="4" />
		<capsule pos="-40.25,11.0,-43.699999999999996" vel="0,0,0" mass="1" elasticityCoef="1" ang="90,0,0" color="0,220,0" radius="0.5" length="4" />
		<capsule pos="-40.25,11.0,-41.4" vel="0,0,0" mass="1" elasticityCoef="1" ang="90,0,0" color="0,220,0" radius="0.5" length="4" />
		<capsule pos="-40.25,11.0,-39.099999999999994" vel="0,0,0" mass="1" elasticityCoef="1" ang="90,0,0" color="0,220,0" radius="0.5" length="4" />
		<capsule pos="-40.25,11.0,-36.8" vel="0,0,0" mass="1" elasticityCoef="1" ang="90,0,0" color="0,220,0" radius="0.5" length="4" />
		<capsule pos="-40.25,11.0,-34.5" vel="0,0,0" mass="1" elasticityCoef="1" ang="90,0,0" color="0,220,0" radius="0.5" length="4" />
		<capsule pos="-40.25,11.0,-32.199999999999996" vel="0,0,0" mass="1" elasticityCoef="1" ang="90,0,0" color="0,220,0" radius="0.5" length="4" />
		<capsule pos="-40.25,11.0,-29.9" vel="0,0,0" mass="1" elasticityCoef="1" ang="90,0,0" color="0,220,0" radius="0.5" length="4" />
		<capsule pos="-40.25,11.0,-27.599999999999998" vel="0,0,0" mass="1" elasticityCoef="1" ang="90,0,0" color="0,220,0" radius="0.5" length="4" />
		<capsule pos="-40.25,11.0,-25.299999999999997" vel="0,0,0" mass="1" elasticityCoef="1" ang="90,0,0" color="0,220,0" radius="0.5" length="4" />
		<capsule pos="-40.25,11.0,-22.999999999999996" vel="0,0,0" mass="1" elasticityCoef="1" ang="90,0,0" color="0,220,0" radius="0.5" length="4" />
		<capsule pos="-40.25,11.0,-20.699999999999996" vel="0,0,0" mass="1" elasticityCoef="1" ang="90,0,0" color="0,220,0" radius="0.5" length="4" />
		<capsule pos="-40.25,11.0,-18.4" vel="0,0,0" mass="1" elasticityCoef="1" ang="90,0,0" color="0,220,0" radius="0.5" length="4" />
		<capsule pos="-40.25,11.0,-16.099999999999998" vel="0,0,0" mass="1" elasticityCoef="1" ang="90,0,0" color="0,220,0" radius="0.5" length="4" />
		<capsule pos="-40.25,11.0,-13.799999999999997" vel="0,0,0" mass="1" elasticityCoef="1" ang="90,0,0" color="0,220,0" radius="0.5" length="4" />
		<capsule pos="-40.25,11.0,-11.5" vel="0,0,0" mass="1" elasticityCoef="1" ang="90,0,0" color="0,220,0" radius="0.5" length="4" />
		<capsule pos="-40.25,11.0,-9.199999999999996" vel="0,0,0" mass="1" elasticityCoef="1" ang="90,0,0" color="0,220,0" radius="0.5" length="4" />
		<capsule pos="-40.25,11.0,-6.899999999999999" vel="0,0,0" mass="1" elasticityCoef="1" ang="90,0,0" color="0,220,0" radius="0.5" length="4" />
		<capsule pos="-40.25,11.0,-4.600000000000001" vel="0,0,0" mass="1" elasticityCoef="1" ang="90,0,0" color="0,220,0" radius="0.5" length="4" />
		<capsule pos="-40.25,11.0,-2.299999999999997" vel="0,0,0" mass="1" elasticityCoef="1" ang="90,0,0" color="0,220,0" radius="0.5" length="4" />
		<capsule pos="-40.25,11.0,0.0" vel="0,0,0" mass="1" elasticityCoef="1" ang="90,0,0" color="0,220,0" radius="0.5" length="4" />
		<capsule pos="-40.25,11.0,2.3000000000000043" vel="0,0,0" mass="1" elasticityCoef="1" ang="90,0,0" color="0,220,0" radius="0.5" length="4" />
		<capsule pos="-40.25,11.0,4.600000000000001" vel="0,0,0" mass="1" elasticityCoef="1" ang="90,0,0" color="0,220,0" radius="0.5" length="4" />
		<capsule pos="-40.25,11.0,6.899999999999999" vel="0,0,0" mass="1" elasticityCoef="1" ang="90,0,0" color="0,220,0" radius="0.5" length="4" />
		<capsule pos="-40.25,11.0,9.200000000000003" vel="0,0,0" mass="1" elasticityCoef="1" ang="90,0,0" color="0,220,0" radius="0.5" length="4" />
		<capsule pos="-40.25,11.0,11.5" vel="0,0,0" mass="1" elasticityCoef="1" ang="90,0,0" color="0,220,0" radius="0.5" length="4" />
		<capsule pos="-40.25,11.0,13.799999999999997" vel="0,0,0" mass="1" elasticityCoef="1" ang="90,0,0" color="0,220,0" radius="0.5" length="4" />
		<capsule pos="-40.25,11.0,16.1" vel="0,0,0" mass="1" elasticityCoef="1" ang="90,0,0" color="0,220,0" radius="0.5" length="4" />
		<capsule pos="-40.25,11.0,18.4" vel="0,0,0" mass="1" elasticityCoef="1" ang="90,0,0" color="0,220,0" radius="0.5" length="4" />
		<capsule pos="-40.25,11.0,20.699999999999996" vel="0,0,0" mass="1" elasticityCoef="1" ang="90,0,0" color="0,220,0" radius="0.5" length="4" />
		<capsule pos="-40.25,11.0,22.999999999999993" vel="0,0,0" mass="1" elasticityCoef="1" ang="90,0,0" color="0,220,0" radius="0.5" length="4" />
		<capsule pos="-40.25,11.0,25.300000000000004" vel="0,0,0" mass="1" elasticityCoef="1" ang="90,0,0" color="0,220,0" radius="0.5" length="4" />
		<capsule pos="-40.25,11.0,27.6" vel="0,0,0" mass="1" elasticityCoef="1" ang="90,0,0" color="0,220,0" radius="0.5" length="4" />
		<capsule pos="-40.25,11.0,29.9" vel="0,0,0" mass="1" elasticityCoef="1" ang="90,0,0" color="0,220,0" radius="0.5" length="4" />
		<capsule pos="-40.25,11.0,32.199999999999996" vel="0,0,0" mass="1" elasticityCoef="1" ang="90,0,0" color="0,220,0" radius="0.5" length="4" />
		<capsule pos="-40.25,11.0,34.49999999999999" vel="0,0,0" mass="1" elasticityCoef="1" ang="90,0,0" color="0,220,0" radius="0.5" length="4" />
		<capsule pos="-40.25,11.0,36.800000000000004" vel="0,0,0" mass="1" elasticityCoef="1" ang="90,0,0" color="0,220,0" radius="0.5" length="4" />
		<capsule pos="-40.25,11.0,39.1" vel="0,0,0" mass="1" elasticityCoef="1" ang="90,0,0" color="0,220,0" radius="0.5" length="4" />
		<capsule pos="-40.25,11.0,41.4" vel="0,0,0" mass="1" elasticityCoef="1" ang="90,0,0" color="0,220,0" radius="0.5" length="4" />
		<capsule pos="-40.25,16.5,-43.699999999999996" vel="0,0,0" mass="1" elasticityCoef="1" ang="90,0,0" color="0,220,0" radius="0.5" length="4" />
		<capsule pos="-40.25,16.5,-41.4" vel="0,0,0" mass="1" elasticityCoef="1" ang="90,0,0" color="0,220,0" radius="0.5" length="4" />
		<capsule pos="-40.25,16.5,-39.099999999999994" vel="0,0,0" mass="1" elasticityCoef="1" ang="90,0,0" color="0,220,0" radius="0.5" length="4" />
		<capsule pos="-40.25,16.5,-36.8" vel="0,0,0" mass="1" elasticityCoef="1" ang="90,0,0" color="0,220,0" radius="0.5" length="4" />
		<capsule pos="-40.25,16.5,-34.5" vel="0,0,0" mass="1" elasticityCoef="1" ang="90,0,0" color="0,220,0" radius="0.5" length="4" />
		<capsule pos="-40.25,16.5,-32.199999999999996" vel="0,0,0" mass="1" elasticityCoef="1" ang="90,0,0" color="0,220,0" radius="0.5" length="4" />
		<capsule pos="-40.25,16.5,-29.9" vel="0,0,0" mass="1" elasticityCoef="1" ang="90,0,0" color="0,220,0" radius="0.5" length="4" />
		<capsule pos="-40.25,16.5,-27.599999999999998" vel="0,0,0" mass="1" elasticityCoef="1" ang="90,0,0" color="0,220,0" radius="0.5" length="4" />
		<capsule pos="-40.25,16.5,-25.299999999999997" vel="0,0,0" mass="1" elasticityCoef="1" ang="90,0,0" color="0,220,0" radius="0.5" length="4" />
		<capsule pos="-40.25,16.5,-22.999999999999996" vel="0,0,0" mass="1" elasticityCoef="1" ang="90,0,0" color="0,220,0" radius="0.5" length="4" />
		<capsule pos="-40.25,16.5,-20.699999999999996" vel="0,0,0" mass="1" elasticityCoef="1" ang="90,0,0" color="0,220,0" radius="0.5" length="4" />
		<capsule pos="-40.25,16.5,-18.4" vel="0,0,0" mass="1" elasticityCoef="1" ang="90,0,0" color="0,220,0" radius="0.5" length="4" />
		<capsule pos="-40.25,16.5,-16.099999999999998" vel="0,0,0" mass="1" elasticityCoef="1" ang="90,0,0" color="0,220,0" radius="0.5" length="4" />
		<capsule pos="-40.25,16.5,-13.799999999999997" vel="0,0,0" mass="1" elasticityCoef="1" ang="90,0,0" color="0,220,0" radius="0.5" length="4" />
		<capsule pos="-40.25,16.5,-11.5" vel="0,0,0" mass="1" elasticityCoef="1" ang="90,0,0" color="0,220,0" radius="0.5" length="4" />
		<capsule pos="-40.25,16.5,-9.199999999999996" vel="0,0,0" mass="1" elasticityCoef="1" ang="90,0,0" color="0,220,0" radius="0.5" length="4" />
		<capsule pos="-40.25,16.5,-6.899999999999999" vel="0,0,0" mass="1" elasticityCoef="1" ang="90,0,0" color="0,220,0" radius="0.5" length="4" />
		<capsule pos="-40.25,16.5,-4.600000000000001" vel="0,0,0" mass="1" elasticityCoef="1" ang="90,0,0" color="0,220,0" radius="0.5" length="4" />
		<capsule pos="-40.25,16.5,-2.299999999999997" vel="0,0,0" mass="1" elasticityCoef="1" ang="90,0,0" color="0,220,0" radius="0.5" length="4" />
		<capsule pos="-40.25,16.5,0.0" vel="0,0,0" mass="1" elasticityCoef="1" ang="90,0,0" color="0,220,0" radius="0.5" length="4" />
		<capsule pos="-40.25,16.5,2.3000000000000043" vel="0,0,0" mass="1" elasticityCoef="1" ang="90,0,0" color="0,220,0" radius="0.5" length="4" />
		<capsule pos="-40.25,16.5,4.600000000000001" vel="0,0,0" mass="1" elasticityCoef="1" ang="90,0,0" color="0,220,0" radius="0.5" length="4" />
		<capsule pos="-40.25,16.5,6.899999999999999" vel="0,0,0" mass="1" elasticityCoef="1" ang="90,0,0" color="0,220,0" radius="0.5" length="4" />
		<capsule pos="-40.25,16.5,9.200000000000003" vel="0,0,0" mass="1" elasticityCoef="1" ang="90,0,0" color="0,220,0" radius="0.5" length="4" />
		<capsule pos="-40.25,16.5,11.5" vel="0,0,0" mass="1" elasticityCoef="1" ang="90,0,0" color="0,220,0" radius="0.5" length="4" />
		<capsule pos="-40.25,16.5,13.799999999999997" vel="0,0,0" mass="1" elasticityCoef="1" ang="90,0,0" color="0,220,0" radius="0.5" length="4" />
		<capsule pos="-40.25,16.5,16.1" vel="0,0,0" mass="1" elasticityCoef="1" ang="90,0,0" color="0,220,0" radius="0.5" length="4" />
		<capsule pos="-40.25,16.5,18.4" vel="0,0,0" mass="1" elasticityCoef="1" ang="90,0,0" color="0,220,0" radius="0.5" length="4" />
		<capsule pos="-40.25,16.5,20.699999999999996" vel="0,0,0" mass="1" elasticityCoef="1" ang="90,0,0" color="0,220,0" radius="0.5" length="4" />
		<capsule pos="-40.25,16.5,22.999999999999993" vel="0,0,0" mass="1" elasticityCoef="1" ang="90,0,0" color="0,220,0" radius="0.5" length="4" />
		<capsule pos="-40.25,16.5,25.300000000000004" vel="0,0,0" mass="1" elasticityCoef="1" ang="90,0,0" color="0,220,0" radius="0.5" length="4" />
		<capsule pos="-40.25,16.5,27.6" vel="0,0,0" mass="1" elasticityCoef="1" ang="90,0,0" color="0,220,0" radius="0.5" length="4" />
		<capsule pos="-40.25,16.5,29.9" vel="0,0,0" mass="1" elasticityCoef="1" ang="90,0,0" color="0,220,0" radius="0.5" length="4" />
		<capsule pos="-40.25,16.5,32.199999999999996" vel="0,0,0" mass="1" elasticityCoef="1" ang="90,0,0" color="0,220,0" radius="0.5" length="4" />
		<capsule pos="-40.25,16.5,34.49999999999999" vel="0,0,0" mass="1" elasticityCoef="1" ang="90,0,0" color="0,220,0" radius="0.5" length="4" />
		<capsule pos="-40.25,16.5,36.800000000000004" vel="0,0,0" mass="1" elasticityCoef="1" ang="90,0,0" color="0,220,0" radius="0.5" length="4" />
		<capsule pos="-40.25,16.5,39.1" vel="0,0,0" mass="1" elasticityCoef="1" ang="90,0,0" color="0,220,0" radius="0.5" length="4" />
		<capsule pos="-40.25,16.5,41.4" vel="0,0,0" mass="1" elasticityCoef="1" ang="90,0,0" color="0,220,0" radius="0.5" length="4" />
		<capsule pos="-40.25,22.0,-43.699999999999996" vel="0,0,0" mass="1" elasticityCoef="1" ang="90,0,0" color="0,220,0" radius="0.5" length="4" />
		<capsule pos="-40.25,22.0,-41.4" vel="0,0,0" mass="1" elasticityCoef="1" ang="90,0,0" color="0,220,0" radius="0.5" length="4" />
		<capsule pos="-40.25,22.0,-39.099999999999994" vel="0,0,0" mass="1" elasticityCoef="1" ang="90,0,0" color="0,220,0" radius="0.5" length="4" />
		<capsule pos="-40.25,22.0,-36.8" vel="0,0,0" mass="1" elasticityCoef="1" ang="90,0,0" color="0,220,0" radius="0.5" length="4" />
		<capsule pos="-40.25,22.0,-34.5" vel="0,0,0" mass="1" elasticityCoef="1" ang="90,0,0" color="0,220,0" radius="0.5" length="4" />
		<capsule pos="-40.25,22.0,-32.199999999999996" vel="0,0,0" mass="1" elasticityCoef="1" ang="90,0,0" color="0,220,0" radius="0.5" length="4" />
		<capsule pos="-40.25,22.0,-29.9" vel="0,0,0" mass="1" elasticityCoef="1" ang="90,0,0" color="0,220,0" radius="0.5" length="4" />
		<capsule pos="-40.25,22.0,-27.599999999999998" vel="0,0,0" mass="1" elasticityCoef="1" ang="90,0,0" color="0,220,0" radius="0.5" length="4" />
		<capsule pos="-40.25,22.0,-25.299999999999997" vel="0,0,0" mass="1" elasticityCoef="1" ang="90,0,0" color="0,220,0" radius="0.5" length="4" />
		<capsule pos="-40.25,22.0,-22.999999999999996" vel="0,0,0" mass="1" elasticityCoef="1" ang="90,0,0" color="0,220,0" radius="0.5" length="4" />
		<capsule pos="-40.25,22.0,-20.699999999999996" vel="0,0,0" mass="1" elasticityCoef="1" ang="90,0,0" color="0,220,0" radius="0.5" length="4" />
		<capsule pos="-40.25,22.0,-18.4" vel="0,0,0" mass="1" elasticityCoef="1" ang="90,0,0" color="0,220,0" radius="0.5" length="4" />
		<capsule pos="-40.25,22.0,-16.099999999999998" vel="0,0,0" mass="1" elasticityCoef="1" ang="90,0,0" color="0,220,0" radius="0.5" length="4" />
		<capsule pos="-40.25,22.0,-13.799999999999997" vel="0,0,0" mass="1" elasticityCoef="1" ang="90,0,0" color="0,220,0" radius="0.5" length="4" />
		<capsule pos="-40.25,22.0,-11.5" vel="0,0,0" mass="1" elasticityCoef="1" ang="90,0,0" color="0,220,0" radius="0.5" length="4" />
		<capsule pos="-40.25,22.0,-9.199999999999996" vel="0,0,0" mass="1" elasticityCoef="1" ang="90,0,0" color="0,220,0" radius="0.5" length="4" />
		<capsule pos="-40.25,22.0,-6.899999999999999" vel="0,0,0" mass="1" elasticityCoef="1" ang="90,0,0" color="0,220,0" radius="0.5" length="4" />
		<capsule pos="-40.25,22.0,-4.600000000000001" vel="0,0,0" mass="1" elasticityCoef="1" ang="90,0,0" color="0,220,0" radius="0.5" length="4" />
		<capsule pos="-40.25,22.0,-2.299999999999997" vel="0,0,0" mass="1" elasticityCoef="1" ang="90,0,0" color="0,220,0" radius="0.5" length="4" />
		<capsule pos="-40.25,22.0,0.0" vel="0,0,0" mass="1" elasticityCoef="1" ang="90,0,0" color="0,220,0" radius="0.5" length="4" />
		<capsule pos="-40.25,22.0,2.3000000000000043" vel="0,0,0" mass="1" elasticityCoef="1" ang="90,0,0" color="0,220,0" radius="0.5" length="4" />
		<capsule pos="-40.25,22.0,4.600000000000001" vel="0,0,0" mass="1" elasticityCoef="1" ang="90,0,0" color="0,220,0" radius="0.5" length="4" />
		<capsule pos="-40.25,22.0,6.899999999999999" vel="0,0,0" mass="1" elasticityCoef="1" ang="90,0,0" color="0,220,0" radius="0.5" length="4" />
		<capsule pos="-40.25,22.0,9.200000000000003" vel="0,0,0" mass="1" elasticityCoef="1" ang="90,0,0" color="0,220,0" radius="0.5" length="4" />
		<capsule pos="-40.25,22.0,11.5" vel="0,0,0" mass="1" elasticityCoef="1" ang="90,0,0" color="0,220,0" radius="0.5" length="4" />
		<capsule pos="-40.25,22.0,13.799999999999997" vel="0,0,0" mass="1" elasticityCoef="1" ang="90,0,0" color="0,220,0" radius="0.5" length="4" />
		<capsule pos="-40.25,22.0,16.1" vel="0,0,0" mass="1" elasticityCoef="1" ang="90,0,0" color="0,220,0" radius="0.5" length="4" />
		<capsule pos="-40.25,22.0,18.4" vel="0,0,0" mass="1" elasticityCoef="1" ang="90,0,0" color="0,220,0" radius="0.5" length="4" />
		<capsule pos="-40.25,22.0,20.699999999999996" vel="0,0,0" mass="1" elasticityCoef="1" ang="90,0,0" color="0,220,0" radius="0.5" length="4" />
		<capsule pos="-40.25,22.0,22.999999999999993" vel="0,0,0" mass="1" elasticityCoef="1" ang="90,0,0" color="0,220,0" radius="0.5" length="4" />
		<capsule pos="-40.25,22.0,25.300000000000004" vel="0,0,0" mass="1" elasticityCoef="1" ang="90,0,0" color="0,220,0" radius="0.5" length="4" />
		<capsule pos="-40.25,22.0,27.6" vel="0,0,0" mass="1" elasticityCoef="1" ang="90,0,0" color="0,220,0" radius="0.5" length="4" />
		<capsule pos="-40.25,22.0,29.9" vel="0,0,0" mass="1" elasticityCoef="1" ang="90,0,0" color="0,220,0" radius="0.5" length="4" />
		<capsule pos="-40.25,22.0,32.199999999999996" vel="0,0,0" mass="1" elasticityCoef="1" ang="90,0,0" color="0,220,0" radius="0.5" length="4" />
		<capsule pos="-40.25,22.0,34.49999999999999" vel="0,0,0" mass="1" elasticityCoef="1" ang="90,0,0" color="0,220,0" radius="0.5" length="4" />
		<capsule pos="-40.25,22.0,36.800000000000004" vel="0,0,0" mass="1" elasticityCoef="1" ang="90,0,0" color="0,220,0" radius="0.5" length="4" />
		<capsule pos="-40.25,22.0,39.1" vel="0,0,0" mass="1" elasticityCoef="1" ang="90,0,0" color="0,220,0" radius="0.5" length="4" />
		<capsule pos="-40.25,22.0,41.4" vel="0,0,0" mass="1" elasticityCoef="1" ang="90,0,0" color="0,220,0" radius="0.5" length="4" />
		<capsule pos="-40.25,27.5,-43.699999999999996" vel="0,0,0" mass="1" elasticityCoef="1" ang="90,0,0" color="0,220,0" radius="0.5" length="4" />
		<capsule pos="-40.25,27.5,-41.4" vel="0,0,0" mass="1" elasticityCoef="1" ang="90,0,0" color="0,220,0" radius="0.5" length="4" />
		<capsule pos="-40.25,27.5,-39.099999999999994" vel="0,0,0" mass="1" elasticityCoef="1" ang="90,0,0" color="0,220,0" radius="0.5" length="4" />
		<capsule pos="-40.25,27.5,-36.8" vel="0,0,0" mass="1" elasticityCoef="1" ang="90,0,0" color="0,220,0" radius="0.5" length="4" />
		<capsule pos="-40.25,27.5,-34.5" vel="0,0,0" mass="1" elasticityCoef="1" ang="90,0,0" color="0,220,0" radius="0.5" length="4" />
		<capsule pos="-40.25,27.5,-32.199999999999996" vel="0,0,0" mass="1" elasticityCoef="1" ang="90,0,0" color="0,220,0" radius="0.5" length="4" />
		<capsule pos="-40.25,27.5,-29.9" vel="0,0,0" mass="1" elasticityCoef="1" ang="90,0,0" color="0,220,0" radius="0.5" length="4" />
		<capsule pos="-40.25,27.5,-27.599999999999998" vel="0,0,0" mass="1" elasticityCoef="1" ang="90,0,0" color="0,220,0" radius="0.5" length="4" />
		<capsule pos="-40.25,27.5,-25.299999999999997" vel="0,0,0" mass="1" elasticityCoef="1" ang="90,0,0" color="0,220,0" radius="0.5" length="4" />
		<capsule pos="-40.25,27.5,-22.999999999999996" vel="0,0,0" mass="1" elasticityCoef="1" ang="90,0,0" color="0,220,0" radius="0.5" length="4" />
		<capsule pos="-40.25,27.5,-20.699999999999996" vel="0,0,0" mass="1" elasticityCoef="1" ang="90,0,0" color="0,220,0" radius="0.5" length="4" />
		<capsule pos="-40.25,27.5,-18.4" vel="0,0,0" mass="1" elasticityCoef="1" ang="90,0,0" color="0,220,0" radius="0.5" length="4" />
		<capsule pos="-40.25,27.5,-16.099999999999998" vel="0,0,0" mass="1" elasticityCoef="1" ang="90,0,0" color="0,220,0" radius="0.5" length="4" />
		<capsule pos="-40.25,27.5,-13.799999999999997" vel="0,0,0" mass="1" elasticityCoef="1" ang="90,0,0" color="0,220,0" radius="0.5" length="4" />
		<capsule pos="-40.25,27.5,-11.5" vel="0,0,0" mass="1" elasticityCoef="1" ang="90,0,0" color="0,220,0" radius="0.5" length="4" />
		<capsule pos="-40.25,27.5,-9.199999999999996" vel="0,0,0" mass="1" elasticityCoef="1" ang="90,0,0" color="0,220,0" radius="0.5" length="4" />
		<capsule pos="-40.25,27.5,-6.899999999999999" vel="0,0,0" mass="1" elasticityCoef="1" ang="90,0,0" color="0,220,0" radius="0.5" length="4" />
		<capsule pos="-40.25,27.5,-4.600000000000001" vel="0,0,0" mass="1" elasticityCoef="1" ang="90,0,0" color="0,220,0" radius="0.5" length="4" />
		<capsule pos="-40.25,27.5,-2.299999999999997" vel="0,0,0" mass="1" elasticityCoef="1" ang="90,0,0" color="0,220,0" radius="0.5" length="4" />
		<capsule pos="-40.25,27.5,0.0" vel="0,0,0" mass="1" elasticityCoef="1" ang="90,0,0" color="0,220,0" radius="0.5" length="4" />
		<capsule pos="-40.25,27.5,2.3000000000000043" vel="0,0,0" mass="1" elasticityCoef="1" ang="90,0,0" color="0,220,0" radius="0.5" length="4" />
		<capsule pos="-40.25,27.5,4.600000000000001" vel="0,0,0" mass="1" elasticityCoef="1" ang="90,0,0" color="0,220,0" radius="0.5" length="4" />
		<capsule pos="-40.25,27.5,6.899999999999999" vel="0,0,0" mass="1" elasticityCoef="1" ang="90,0,0" color="0,220,0" radius="0.5" length="4" />
		<capsule pos="-40.25,27.5,9.200000000000003" vel="0,0,0" mass="1" elasticityCoef="1" ang="90,0,0" color="0,220,0" radius="0.5" length="4" />
		<capsule pos="-40.25,27.5,11.5" vel="0,0,0" mass="1" elasticityCoef="1" ang="90,0,0" color="0,220,0" radius="0.5" length="4" />
		<capsule pos="-40.25,27.5,13.799999999999997" vel="0,0,0" mass="1" elasticityCoef="1" ang="90,0,0" color="0,220,0" radius="0.5" length="4" />
		<capsule pos="-40.25,27.5,16.1" vel="0,0,0" mass="1" elasticityCoef="1" ang="90,0,0" color="0,220,0" radius="0.5" length="4" />
		<capsule pos="-40.25,27.5,18.4" vel="0,0,0" mass="1" elasticityCoef="1" ang="90,0,0" color="0,220,0" radius="0.5" length="4" />
		<capsule pos="-40.25,27.5,20.699999999999996" vel="0,0,0" mass="1" elasticityCoef="1" ang="90,0,0" color="0,220,0" radius="0.5" length="4" />
		<capsule pos="-40.25,27.5,22.999999999999993" vel="0,0,0" mass="1" elasticityCoef="1" ang="90,0,0" color="0,220,0" radius="0.5" length="4" />
		<capsule pos="-40.25,27.5,25.300000000000004" vel="0,0,0" mass="1" elasticityCoef="1" ang="90,0,0" color="0,220,0" radius="0.5" length="4" />
		<capsule pos="-40.25,27.5,27.6" vel="0,0,0" mass="1" elasticityCoef="1" ang="90,0,0" color="0,220,0" radius="0.5" length="4" />
		<capsule pos="-40.25,27.5,29.9" vel="0,0,0" mass="1" elasticityCoef="1" ang="90,0,0" color="0,220,0" radius="0.5" length="4" />
		<capsule pos="-40.25,27.5,32.199999999999996" vel="0,0,0" mass="1" elasticityCoef="1" ang="90,0,0" color="0,220,0" radius="0.5" length="4" />
		<capsule pos="-40.25,27.5,34.49999999999999" vel="0,0,0" mass="1" elasticityCoef="1" ang="90,0,0" color="0,220,0" radius="0.5" length="4" />
		<capsule pos="-40.25,27.5,36.800000000000004" vel="0,0,0" mass="1" elasticityCoef="1" ang="90,0,0" color="0,220,0" radius="0.5" length="4" />
		<capsule pos="-40.25,27.5,39.1" vel="0,0,0" mass="1" elasticityCoef="1" ang="90,0,0" color="0,220,0" radius="0.5" length="4" />
		<capsule pos="-40.25,27.5,41.4" vel="0,0,0" mass="1" elasticityCoef="1" ang="90,0,0" color="0,220,0" radius="0.5" length="4" />
		<capsule pos="-40.25,33.0,-43.699999999999996" vel="0,0,0" mass="1" elasticityCoef="1" ang="90,0,0" color="0,220,0" radius="0.5" length="4" />
		<capsule pos="-40.25,33.0,-41.4" vel="0,0,0" mass="1" elasticityCoef="1" ang="90,0,0" color="0,220,0" radius="0.5" length="4" />
		<capsule pos="-40.25,33.0,-39.099999999999994" vel="0,0,0" mass="1" elasticityCoef="1" ang="90,0,0" color="0,220,0" radius="0.5" length="4" />
		<capsule pos="-40.25,33.0,-36.8" vel="0,0,0" mass="1" elasticityCoef="1" ang="90,0,0" color="0,220,0" radius="0.5" length="4" />
		<capsule pos="-40.25,33.0,-34.5" vel="0,0,0" mass="1" elasticityCoef="1" ang="90,0,0" color="0,220,0" radius="0.5" length="4" />
		<capsule pos="-40.25,33.0,-32.199999999999996" vel="0,0,0" mass="1" elasticityCoef="1" ang="90,0,0" color="0,220,0" radius="0.5" length="4" />
		<capsule pos="-40.25,33.0,-29.9" vel="0,0,0" mass="1" elasticityCoef="1" ang="90,0,0" color="0,220,0" radius="0.5" length="4" />
		<capsule pos="-40.25,33.0,-27.599999999999998" vel="0,0,0" mass="1" elasticityCoef="1" ang="90,0,0" color="0,220,0" radius="0.5" length="4" />
		<capsule pos="-40.25,33.0,-25.299999999999997" vel="0,0,0" mass="1" elasticityCoef="1" ang="90,0,0" color="0,220,0" radius="0.5" length="4" />
		<capsule pos="-40.25,33.0,-22.999999999999996" vel="0,0,0" mass="1" elasticityCoef="1" ang="90,0,0" color="0,220,0" radius="0.5" length="4" />
		<capsule pos="-40.25,33.0,-20.699999999999996" vel="0,0,0" mass="1" elasticityCoef="1" ang="90,0,0" color="0,220,0" radius="0.5" length="4" />
		<capsule pos="-40.25,33.0,-18.4" vel="0,0,0" mass="1" elasticityCoef="1" ang="90,0,0" color="0,220,0" radius="0.5" length="4" />
		<capsule pos="-40.25,33.0,-16.099999999999998" vel="0,0,0" mass="1" elasticityCoef="1" ang="90,0,0" color="0,220,0" radius="0.5" length="4" />
		<capsule pos="-40.25,33.0,-13.799999999999997" vel="0,0,0" mass="1" elasticityCoef="1" ang="90,0,0" color="0,220,0" radius="0.5" length="4" />
		<capsule pos="-40.25,33.0,-11.5" vel="0,0,0" mass="1" elasticityCoef="1" ang="90,0,0" color="0,220,0" radius="0.5" length="4" />
		<capsule pos="-40.25,33.0,-9.199999999999996" vel="0,0,0" mass="1" elasticityCoef="1" ang="90,0,0" color="0,220,0" radius="0.5" length="4" />
		<capsule pos="-40.25,33.0,-6.899999999999999" vel="0,0,0" mass="1" elasticityCoef="1" ang="90,0,0" color="0,220,0" radius="0.5" length="4" />
		<capsule pos="-40.25,33.0,-4.600000000000001" vel="0,0,0" mass="1" elasticityCoef="1" ang="90,0,0" color="0,220,0" radius="0.5" length="4" />
		<capsule pos="-40.25,33.0,-2.299999999999997" vel="0,0,0" mass="1" elasticityCoef="1" ang="90,0,0" color="0,220,0" radius="0.5" length="4" />
		<capsule pos="-40.25,33.0,0.0" vel="0,0,0" mass="1" elasticityCoef="1" ang="90,0,0" color="0,220,0" radius="0.5" length="4" />
		<capsule pos="-40.25,33.0,2.3000000000000043" vel="0,0,0" mass="1" elasticityCoef="1" ang="90,0,0" color="0,220,0" radius="0.5" length="4" />
		<capsule pos="-40.25,33.0,4.600000000000001" vel="0,0,0" mass="1" elasticityCoef="1" ang="90,0,0" color="0,220,0" radius="0.5" length="4" />
		<capsule pos="-40.25,33.0,6.899999999999999" vel="0,0,0" mass="1" elasticityCoef="1" ang="90,0,0" color="0,220,0" radius="0.5" length="4" />
		<capsule pos="-40.25,33.0,9.200000000000003" vel="0,0,0" mass="1" elasticityCoef="1" ang="90,0,0" color="0,220,0" radius="0.5" length="4" />
		<capsule pos="-40.25,33.0,11.5" vel="0,0,0" mass="1" elasticityCoef="1" ang="90,0,0" color="0,220,0" radius="0.5" length="4" />
		<capsule pos="-40.25,33.0,13.799999999999997" vel="0,0,0" mass="1" elasticityCoef="1" ang="90,0,0" color="0,220,0" radius="0.5" length="4" />
		<capsule pos="-40.25,33.0,16.1" vel="0,0,0" mass="1" elasticityCoef="1" ang="90,0,0" color="0,220,0" radius="0.5" length="4" />
		<capsule pos="-40.25,33.0,18.4" vel="0,0,0" mass="1" elasticityCoef="1" ang="90,0,0" color="0,220,0" radius="0.5" length="4" />
		<capsule pos="-40.25,33.0,20.699999999999996" vel="0,0,0" mass="1" elasticityCoef="1" ang="90,0,0" color="0,220,0" radius="0.5" length="4" />
		<capsule pos="-40.25,33.0,22.999999999999993" vel="0,0,0" mass="1" elasticityCoef="1" ang="90,0,0" color="0,220,0" radius="0.5" length="4" />
		<capsule pos="-40.25,33.0,25.300000000000004" vel="0,0,0" mass="1" elasticityCoef="1" ang="90,0,0" color="0,220,0" radius="0.5" length="4" />
		<capsule pos="-40.25,33.0,27.6" vel="0,0,0" mass="1" elasticityCoef="1" ang="90,0,0" color="0,220,0" radius="0.5" length="4" />
		<capsule pos="-40.25,33.0,29.9" vel="0,0,0" mass="1" elasticityCoef="1" ang="90,0,0" color="0,220,0" radius="0.5" length="4" />
		<capsule pos="-40.25,33.0,32.199999999999996" vel="0,0,0" mass="1" elasticityCoef="1" ang="90,0,0" color="0,220,0" radius="0.5" length="4" />
		<capsule pos="-40.25,33.0,34.49999999999999" vel="0,0,0" mass="1" elasticityCoef="1" ang="90,0,0" color="0,220,0" radius="0.5" length="4" />
		<capsule pos="-40.25,33.0,36.800000000000004" vel="0,0,0" mass="1" elasticityCoef="1" ang="90,0,0" color="0,220,0" radius="0.5" length="4" />
		<capsule pos="-40.25,33.0,39.1" vel="0,0,0" mass="1" elasticityCoef="1" ang="90,0,0" color="0,220,0" radius="0.5" length="4" />
		<capsule pos="-40.25,33.0,41.4" vel="0,0,0" mass="1" elasticityCoef="1" ang="90,0,0" color="0,220,0" radius="0.5" length="4" />
		<capsule pos="-40.25,38.5,-43.699999999999996" vel="0,0,0" mass="1" elasticityCoef="1" ang="90,0,0" color="0,220,0" radius="0.5" length="4" />
		<capsule pos="-40.25,38.5,-41.4" vel="0,0,0" mass="1" elasticityCoef="1" ang="90,0,0" color="0,220,0" radius="0.5" length="4" />
		<capsule pos="-40.25,38.5,-39.099999999999994" vel="0,0,0" mass="1" elasticityCoef="1" ang="90,0,0" color="0,220,0" radius="0.5" length="4" />
		<capsule pos="-40.25,38.5,-36.8" vel="0,0,0" mass="1" elasticityCoef="1" ang="90,0,0" color="0,220,0" radius="0.5" length="4" />
		<capsule pos="-40.25,38.5,-34.5" vel="0,0,0" mass="1" elasticityCoef="1" ang="90,0,0" color="0,220,0" radius="0.5" length="4" />
		<capsule pos="-40.25,38.5,-32.199999999999996" vel="0,0,0" mass="1" elasticityCoef="1" ang="90,0,0" color="0,220,0" radius="0.5" length="4" />
		<capsule pos="-40.25,38.5,-29.9" vel="0,0,0" mass="1" elasticityCoef="1" ang="90,0,0" color="0,220,0" radius="0.5" length="4" />
		<capsule pos="-40.25,38.5,-27.599999999999998" vel="0,0,0" mass="1" elasticityCoef="1" ang="90,0,0" color="0,220,0" radius="0.5" length="4" />
		<capsule pos="-40.25,38.5,-25.299999999999997" vel="0,0,0" mass="1" elasticityCoef="1" ang="90,0,0" color="0,220,0" radius="0.5" length="4" />
		<capsule pos="-40.25,38.5,-22.999999999999996" vel="0,0,0" mass="1" elasticityCoef="1" ang="90,0,0" color="0,220,0" radius="0.5" length="4" />
		<capsule pos="-40.25,38.5,-20.699999999999996" vel="0,0,0" mass="1" elasticityCoef="1" ang="90,0,0" color="0,220,0" radius="0.5" length="4" />
		<capsule pos="-40.25,38.5,-18.4" vel="0,0,0" mass="1" elasticityCoef="1" ang="90,0,0" color="0,220,0" radius="0.5" length="4" />
		<capsule pos="-40.25,38.5,-16.099999999999998" vel="0,0,0" mass="1" elasticityCoef="1" ang="90,0,0" color="0,220,0" radius="0.5" length="4" />
		<capsule pos="-40.25,38.5,-13.799999999999997" vel="0,0,0" mass="1" elasticityCoef="1" ang="90,0,0" color="0,220,0" radius="0.5" length="4" />
		<capsule pos="-40.25,38.5,-11.5" vel="0,0,0" mass="1" elasticityCoef="1" ang="90,0,0" color="0,220,0" radius="0.5" length="4" />
		<capsule pos="-40.25,38.5,-9.199999999999996" vel="0,0,0" mass="1" elasticityCoef="1" ang="90,0,0" color="0,220,0" radius="0.5" length="4" />
		<capsule pos="-40.25,38.5,-6.899999999999999" vel="0,0,0" mass="1" elasticityCoef="1" ang="90,0,0" color="0,220,0" radius="0.5" length="4" />
		<capsule pos="-40.25,38.5,-4.600000000000001" vel="0,0,0" mass="1" elasticityCoef="1" ang="90,0,0" color="0,220,0" radius="0.5" length="4" />
		<capsule pos="-40.25,38.5,-2.299999999999997" vel="0,0,0" mass="1" elasticityCoef="1" ang="90,0,0" color="0,220,0" radius="0.5" length="4" />
		<capsule pos="-40.25,38.5,0.0" vel="0,0,0" mass="1" elasticityCoef="1" ang="90,0,0" color="0,220,0" radius="0.5" length="4" />
		<capsule pos="-40.25,38.5,2.3000000000000043" vel="0,0,0" mass="1" elasticityCoef="1" ang="90,0,0" color="0,220,0" radius="0.5" length="4" />
		<capsule pos="-40.25,38.5,4.600000000000001" vel="0,0,0" mass="1" elasticityCoef="1" ang="90,0,0" color="0,220,0" radius="0.5" length="4" />
		<capsule pos="-40.25,38.5,6.899999999999999" vel="0,0,0" mass="1" elasticityCoef="1" ang="90,0,0" color="0,220,0" radius="0.5" length="4" />
		<capsule pos="-40.25,38.5,9.200000000000003" vel="0,0,0" mass="1" elasticityCoef="1" ang="90,0,0" color="0,220,0" radius="0.5" length="4" />
		<capsule pos="-40.25,38.5,11.5" vel="0,0,0" mass="1" elasticityCoef="1" ang="90,0,0" color="0,220,0" radius="0.5" length="4" />
		<capsule pos="-40.25,38.5,13.799999999999997" vel="0,0,0" mass="1" elasticityCoef="1" ang="90,0,0" color="0,220,0" radius="0.5" length="4" />
		<capsule pos="-40.25,38.5,16.1" vel="0,0,0" mass="1" elasticityCoef="1" ang="90,0,0" color="0,220,0" radius="0.5" length="4" />
		<capsule pos="-40.25,38.5,18.4" vel="0,0,0" mass="1" elasticityCoef="1" ang="90,0,0" color="0,220,0" radius="0.5" length="4" />
		<capsule pos="-40.25,38.5,20.699999999999996" vel="0,0,0" mass="1" elasticityCoef="1" ang="90,0,0" color="0,220,0" radius="0.5" length="4" />
		<capsule pos="-40.25,38.5,22.999999999999993" vel="0,0,0" mass="1" elasticityCoef="1" ang="90,0,0" color="0,220,0" radius="0.5" length="4" />
		<capsule pos="-40.25,38.5,25.300000000000004" vel="0,0,0" mass="1" elasticityCoef="1" ang="90,0,0" color="0,220,0" radius="0.5" length="4" />
		<capsule pos="-40.25,38.5,27.6" vel="0,0,0" mass="1" elasticityCoef="1" ang="90,0,0" color="0,220,0" radius="0.5" length="4" />
		<capsule pos="-40.25,38.5,29.9" vel="0,0,0" mass="1" elasticityCoef="1" ang="90,0,0" color="0,220,0" radius="0.5" length="4" />
		<capsule pos="-40.25,38.5,32.199999999999996" vel="0,0,0" mass="1" elasticityCoef="1" ang="90,0,0" color="0,220,0" radius="0.5" length="4" />
		<capsule pos="-40.25,38.5,34.49999999999999" vel="0,0,0" mass="1" elasticityCoef="1" ang="90,0,0" color="0,220,0" radius="0.5" length="4" />
		<capsule pos="-40.25,38.5,36.800000000000004" vel="0,0,0" mass="1" elasticityCoef="1" ang="90,0,0" color="0,220,0" radius="0.5" length="4" />
		<capsule pos="-40.25,38.5,39.1" vel="0,0,0" mass="1" elasticityCoef="1" ang="90,0,0" color="0,220,0" radius="0.5" length="4" />
		<capsule pos="-40.25,38.5,41.4" vel="0,0,0" mass="1" elasticityCoef="1" ang="90,0,0" color="0,220,0" radius="0.5" length="4" />
		<capsule pos="-40.25,44.0,-43.699999999999996" vel="0,0,0" mass="1" elasticityCoef="1" ang="90,0,0" color="0,220,0" radius="0.5" length="4" />
		<capsule pos="-40.25,44.0,-41.4" vel="0,0,0" mass="1" elasticityCoef="1" ang="90,0,0" color="0,220,0" radius="0.5" length="4" />
		<capsule pos="-40.25,44.0,-39.099999999999994" vel="0,0,0" mass="1" elasticityCoef="1" ang="90,0,0" color="0,220,0" radius="0.5" length="4" />
		<capsule pos="-40.25,44.0,-36.8" vel="0,0,0" mass="1" elasticityCoef="1" ang="90,0,0" color="0,220,0" radius="0.5" length="4" />
		<capsule pos="-40.25,44.0,-34.5" vel="0,0,0" mass="1" elasticityCoef="1" ang="90,0,0" color="0,220,0" radius="0.5" length="4" />
		<capsule pos="-40.25,44.0,-32.199999999999996" vel="0,0,0" mass="1" elasticityCoef="1" ang="90,0,0" color="0,220,0" radius="0.5" length="4" />
		<capsule pos="-40.25,44.0,-29.9" vel="0,0,0" mass="1" elasticityCoef="1" ang="90,0,0" color="0,220,0" radius="0.5" length="4" />
		<capsule pos="-40.25,44.0,-27.599999999999998" vel="0,0,0" mass="1" elasticityCoef="1" ang="90,0,0" color="0,220,0" radius="0.5" length="4" />
		<capsule pos="-40.25,44.0,-25.299999999999997" vel="0,0,0" mass="1" elasticityCoef="1" ang="90,0,0" color="0,220,0" radius="0.5" length="4" />
		<capsule pos="-40.25,44.0,-22.999999999999996" vel="0,0,0" mass="1" elasticityCoef="1" ang="90,0,0" color="0,220,0" radius="0.5" length="4" />
		<capsule pos="-40.25,44.0,-20.699999999999996" vel="0,0,0" mass="1" elasticityCoef="1" ang="90,0,0" color="0,220,0" radius="0.5" length="4" />
		<capsule pos="-40.25,44.0,-18.4" vel="0,0,0" mass="1" elasticityCoef="1" ang="90,0,0" color="0,220,0" radius="0.5" length="4" />
		<capsule pos="-40.25,44.0,-16.099999999999998" vel="0,0,0" mass="1" elasticityCoef="1" ang="90,0,0" color="0,220,0" radius="0.5" length="4" />
		<capsule pos="-40.25,44.0,-13.799999999999997" vel="0,0,0" mass="1" elasticityCoef="1" ang="90,0,0" color="0,220,0" radius="0.5" length="4" />
		<capsule pos="-40.25,44.0,-11.5" vel="0,0,0" mass="1" elasticityCoef="1" ang="90,0,0" color="0,220,0" radius="0.5" length="4" />
		<capsule pos="-40.25,44.0,-9.199999999999996" vel="0,0,0" mass="1" elasticityCoef="1" ang="90,0,0" color="0,220,0" radius="0.5" length="4" />
		<capsule pos="-40.25,44.0,-6.899999999999999" vel="0,0,0" mass="1" elasticityCoef="1" ang="90,0,0" color="0,220,0" radius="0.5" length="4" />
		<capsule pos="-40.25,44.0,-4.600000000000001" vel="0,0,0" mass="1" elasticityCoef="1" ang="90,0,0" color="0,220,0" radius="0.5" length="4" />
		<capsule pos="-40.25,44.0,-2.299999999999997" vel="0,0,0" mass="1" elasticityCoef="1" ang="90,0,0" color="0,220,0" radius="0.5" length="4" />
		<capsule pos="-40.25,44.0,0.0" vel="0,0,0" mass="1" elasticityCoef="1" ang="90,0,0" color="0,220,0" radius="0.5" length="4" />
		<capsule pos="-40.25,44.0,2.3000000000000043" vel="0,0,0" mass="1" elasticityCoef="1" ang="90,0,0" color="0,220,0" radius="0.5" length="4" />
		<capsule pos="-40.25,44.0,4.600000000000001" vel="0,0,0" mass="1" elasticityCoef="1" ang="90,0,0" color="0,220,0" radius="0.5" length="4" />
		<capsule pos="-40.25,44.0,6.899999999999999" vel="0,0,0" mass="1" elasticityCoef="1" ang="90,0,0" color="0,220,0" radius="0.5" length="4" />
		<capsule pos="-40.25,44.0,9.200000000000003" vel="0,0,0" mass="1" elasticityCoef="1" ang="90,0,0" color="0,220,0" radius="0.5" length="4" />
		<capsule pos="-40.25,44.0,11.5" vel="0,0,0" mass="1" elasticityCoef="1" ang="90,0,0" color="0,220,0" radius="0.5" length="4" />
		<capsule pos="-40.25,44.0,13.799999999999997" vel="0,0,0" mass="1" elasticityCoef="1" ang="90,0,0" color="0,220,0" radius="0.5" length="4" />
		<capsule pos="-40.25,44.0,16.1" vel="0,0,0" mass="1" elasticityCoef="1" ang="90,0,0" color="0,220,0" radius="0.5" length="4" />
		<capsule pos="-40.25,44.0,18.4" vel="0,0,0" mass="1" elasticityCoef="1" ang="90,0,0" color="0,220,0" radius="0.5" length="4" />
		<capsule pos="-40.25,44.0,20.699999999999996" vel="0,0,0" mass="1" elasticityCoef="1" ang="90,0,0" color="0,220,0" radius="0.5" length="4" />
		<capsule pos="-40.25,44.0,22.999999999999993" vel="0,0,0" mass="1" elasticityCoef="1" ang="90,0,0" color="0,220,0" radius="0.5" length="4" />
		<capsule pos="-40.25,44.0,25.300000000000004" vel="0,0,0" mass="1" elasticityCoef="1" ang="90,0,0" color="0,220,0" radius="0.5" length="4" />
		<capsule pos="-40.25,44.0,27.6" vel="0,0,0" mass="1" elasticityCoef="1" ang="90,0,0" color="0,220,0" radius="0.5" length="4" />
		<capsule pos="-40.25,44.0,29.9" vel="0,0,0" mass="1" elasticityCoef="1" ang="90,0,0" color="0,220,0" radius="0.5" length="4" />
		<capsule pos="-40.25,44.0,32.199999999999996" vel="0,0,0" mass="1" elasticityCoef="1" ang="90,0,0" color="0,220,0" radius="0.5" length="4" />
		<capsule pos="-40.25,44.0,34.49999999999999" vel="0,0,0" mass="1" elasticityCoef="1" ang="90,0,0" color="0,220,0" radius="0.5" length="4" />
		<capsule pos="-40.25,44.0,36.800000000000004" vel="0,0,0" mass="1" elasticityCoef="1" ang="90,0,0" color="0,220,0" radius="0.5" length="4" />
		<capsule pos="-40.25,44.0,39.1" vel="0,0,0" mass="1" elasticityCoef="1" ang="90,0,0" color="0,220,0" radius="0.5" length="4" />
		<capsule pos="-40.25,44.0,41.4" vel="0,0,0" mass="1" elasticityCoef="1" ang="90,0,0" color="0,220,0" radius="0.5" length="4" />
		<capsule pos="-37.949999999999996,-49.5,-43.699999999999996" vel="0,0,0" mass="1" elasticityCoef="1" ang="90,0,0" color="0,220,0" radius="0.5" length="4" />
		<capsule pos="-37.949999999999996,-49.5,-41.4" vel="0,0,0" mass="1" elasticityCoef="1" ang="90,0,0" color="0,220,0" radius="0.5" length="4" />
		<capsule pos="-37.949999999999996,-49.5,-39.099999999999994" vel="0,0,0" mass="1" elasticityCoef="1" ang="90,0,0" color="0,220,0" radius="0.5" length="4" />
		<capsule pos="-37.949999999999996,-49.5,-36.8" vel="0,0,0" mass="1" elasticityCoef="1" ang="90,0,0" color="0,220,0" radius="0.5" length="4" />
		<capsule pos="-37.949999999999996,-49.5,-34.5" vel="0,0,0" mass="1" elasticityCoef="1" ang="90,0,0" color="0,220,0" radius="0.5" length="4" />
		<capsule pos="-37.949999999999996,-49.5,-32.199999999999996" vel="0,0,0" mass="1" elasticityCoef="1" ang="90,0,0" color="0,220,0" radius="0.5" length="4" />
		<capsule pos="-37.949999999999996,-49.5,-29.9" vel="0,0,0" mass="1" elasticityCoef="1" ang="90,0,0" color="0,220,0" radius="0.5" length="4" />
		<capsule pos="-37.949999999999996,-49.5,-27.599999999999998" vel="0,0,0" mass="1" elasticityCoef="1" ang="90,0,0" color="0,220,0" radius="0.5" length="4" />
		<capsule pos="-37.949999999999996,-49.5,-25.299999999999997" vel="0,0,0" mass="1" elasticityCoef="1" ang="90,0,0" color="0,220,0" radius="0.5" length="4" />
		<capsule pos="-37.949999999999996,-49.5,-22.999999999999996" vel="0,0,0" mass="1" elasticityCoef="1" ang="90,0,0" color="0,220,0" radius="0.5" length="4" />
		<capsule pos="-37.949999999999996,-49.5,-20.699999999999996" vel="0,0,0" mass="1" elasticityCoef="1" ang="90,0,0" color="0,220,0" radius="0.5" length="4" />
		<capsule pos="-37.949999999999996,-49.5,-18.4" vel="0,0,0" mass="1" elasticityCoef="1" ang="90,0,0" color="0,220,0" radius="0.5" length="4" />
		<capsule pos="-37.949999999999996,-49.5,-16.099999999999998" vel="0,0,0" mass="1" elasticityCoef="1" ang="90,0,0" color="0,220,0" radius="0.5" length="4" />
		<capsule pos="-37.949999999999996,-49.5,-13.799999999999997" vel="0,0,0" mass="1" elasticityCoef="1" ang="90,0,0" color="0,220,0" radius="0.5" length="4" />
		<capsule pos="-37.949999999999996,-49.5,-11.5" vel="0,0,0" mass="1" elasticityCoef="1" ang="90,0,0" color="0,220,0" radius="0.5" length="4" />
		<capsule pos="-37.949999999999996,-49.5,-9.199999999999996" vel="0,0,0" mass="1" elasticityCoef="1" ang="90,0,0" color="0,220,0" radius="0.5" length="4" />
		<capsule pos="-37.949999999999996,-49.5,-6.899999999999999" vel="0,0,0" mass="1" elasticityCoef="1" ang="90,0,0" color="0,220,0" radius="0.5" length="4" />
		<capsule pos="-37.949999999999996,-49.5,-4.600000000000001" vel="0,0,0" mass="1" elasticityCoef="1" ang="90,0,0" color="0,220,0" radius="0.5" length="4" />
		<capsule pos="-37.949999999999996,-49.5,-2.299999999999997" vel="0,0,0" mass="1" elasticityCoef="1" ang="90,0,0" color="0,220,0" radius="0.5" length="4" />
		<capsule pos="-37.949999999999996,-49.5,0.0" vel="0,0,0" mass="1" elasticityCoef="1" ang="90,0,0" color="0,220,0" radius="0.5" length="4" />
		<capsule pos="-37.949999999999996,-49.5,2.3000000000000043" vel="0,0,0" mass="1" elasticityCoef="1" ang="90,0,0" color="0,220,0" radius="0.5" length="4" />
		<capsule pos="-37.949999999999996,-49.5,4.600000000000001" vel="0,0,0" mass="1" elasticityCoef="1" ang="90,0,0" color="0,220,0" radius="0.5" length="4" />
		<capsule pos="-37.949999999999996,-49.5,6.899999999999999" vel="0,0,0" mass="1" elasticityCoef="1" ang="90,0,0" color="0,220,0" radius="0.5" length="4" />
		<capsule pos="-37.949999999999996,-49.5,9.200000000000003" vel="0,0,0" mass="1" elasticityCoef="1" ang="90,0,0" color="0,220,0" radius="0.5" length="4" />
		<capsule pos="-37.949999999999996,-49.5,11.5" vel="0,0,0" mass="1" elasticityCoef="1" ang="90,0,0" color="0,220,0" radius="0.5" length="4" />
		<capsule pos="-37.949999999999996,-49.5,13.799999999999997" vel="0,0,0" mass="1" elasticityCoef="1" ang="90,0,0" color="0,220,0" radius="0.5" length="4" />
		<capsule pos="-37.949999999999996,-49.5,16.1" vel="0,0,0" mass="1" elasticityCoef="1" ang="90,0,0" color="0,220,0" radius="0.5" length="4" />
		<capsule pos="-37.949999999999996,-49.5,18.4" vel="0,0,0" mass="1" elasticityCoef="1" ang="90,0,0" color="0,220,0" radius="0.5" length="4" />
		<capsule pos="-37.949999999999996,-49.5,20.699999999999996" vel="0,0,0" mass="1" elasticityCoef="1" ang="90,0,0" color="0,220,0" radius="0.5" length="4" />
		<capsule pos="-37.949999999999996,-49.5,22.999999999999993" vel="0,0,0" mass="1" elasticityCoef="1" ang="90,0,0" color="0,220,0" radius="0.5" length="4" />
		<capsule pos="-37.949999999999996,-49.5,25.300000000000004" vel="0,0,0" mass="1" elasticityCoef="1" ang="90,0,0" color="0,220,0" radius="0.5" length="4" />
		<capsule pos="-37.949999999999996,-49.5,27.6" vel="0,0,0" mass="1" elasticityCoef="1" ang="90,0,0" color="0,220,0" radius="0.5" length="4" />
		<capsule pos="-37.949999999999996,-49.5,29.9" vel="0,0,0" mass="1" elasticityCoef="1" ang="90,0,0" color="0,220,0" radius="0.5" length="4" />
		<capsule pos="-37.949999999999996,-49.5,32.199999999999996" vel="0,0,0" mass="1" elasticityCoef="1" ang="90,0,0" color="0,220,0" radius="0.5" length="4" />
		<capsule pos="-37.949999999999996,-49.5,34.49999999999999" vel="0,0,0" mass="1" elasticityCoef="1" ang="90,0,0" color="0,220,0" radius="0.5" length="4" />
		<capsule pos="-37.949999999999996,-49.5,36.800000000000004" vel="0,0,0" mass="1" elasticityCoef="1" ang="90,0,0" color="0,220,0" radius="0.5" length="4" />
		<capsule pos="-37.949999999999996,-49.5,39.1" vel="0,0,0" mass="1" elasticityCoef="1" ang="90,0,0" color="0,220,0" radius="0.5" length="4" />
		<capsule pos="-37.949999999999996,-49.5,41.4" vel="0,0,0" mass="1" elasticityCoef="1" ang="90,0,0" color="0,220,0" radius="0.5" length="4" />
		<capsule pos="-37.949999999999996,-44.0,-43.699999999999996" vel="0,0,0" mass="1" elasticityCoef="1" ang="90,0,0" color="0,220,0" radius="0.5" length="4" />
		<capsule pos="-37.949999999999996,-44.0,-41.4" vel="0,0,0" mass="1" elasticityCoef="1" ang="90,0,0" color="0,220,0" radius="0.5" length="4" />
		<capsule pos="-37.949999999999996,-44.0,-39.099999999999994" vel="0,0,0" mass="1" elasticityCoef="1" ang="90,0,0" color="0,220,0" radius="0.5" length="4" />
		<capsule pos="-37.949999999999996,-44.0,-36.8" vel="0,0,0" mass="1" elasticityCoef="1" ang="90,0,0" color="0,220,0" radius="0.5" length="4" />
		<capsule pos="-37.949999999999996,-44.0,-34.5" vel="0,0,0" mass="1" elasticityCoef="1" ang="90,0,0" color="0,220,0" radius="0.5" length="4" />
		<capsule pos="-37.949999999999996,-44.0,-32.199999999999996" vel="0,0,0" mass="1" elasticityCoef="1" ang="90,0,0" color="0,220,0" radius="0.5" length="4" />
		<capsule pos="-37.949999999999996,-44.0,-29.9" vel="0,0,0" mass="1" elasticityCoef="1" ang="90,0,0" color="0,220,0" radius="0.5" length="4" />
		<capsule pos="-37.949999999999996,-44.0,-27.599999999999998" vel="0,0,0" mass="1" elasticityCoef="1" ang="90,0,0" color="0,220,0" radius="0.5" length="4" />
		<capsule pos="-37.949999999999996,-44.0,-25.299999999999997" vel="0,0,0" mass="1" elasticityCoef="1" ang="90,0,0" color="0,220,0" radius="0.5" length="4" />
		<capsule pos="-37.949999999999996,-44.0,-22.999999999999996" vel="0,0,0" mass="1" elasticityCoef="1" ang="90,0,0" color="0,220,0" radius="0.5" length="4" />
		<capsule pos="-37.949999999999996,-44.0,-20.699999999999996" vel="0,0,0" mass="1" elasticityCoef="1" ang="90,0,0" color="0,220,0" radius="0.5" length="4" />
		<capsule pos="-37.949999999999996,-44.0,-18.4" vel="0,0,0" mass="1" elasticityCoef="1" ang="90,0,0" color="0,220,0" radius="0.5" length="4" />
		<capsule pos="-37.949999999999996,-44.0,-16.099999999999998" vel="0,0,0" mass="1" elasticityCoef="1" ang="90,0,0" color="0,220,0" radius="0.5" length="4" />
		<capsule pos="-37.949999999999996,-44.0,-13.799999999999997" vel="0,0,0" mass="1" elasticityCoef="1" ang="90,0,0" color="0,220,0" radius="0.5" length="4" />
		<capsule pos="-37.949999999999996,-44.0,-11.5" vel="0,0,0" mass="1" elasticityCoef="1" ang="90,0,0" color="0,220,0" radius="0.5" length="4" />
		<capsule pos="-37.949999999999996,-44.0,-9.199999999999996" vel="0,0,0" mass="1" elasticityCoef="1" ang="90,0,0" color="0,220,0" radius="0.5" length="4" />
		<capsule pos="-37.949999999999996,-44.0,-6.899999999999999" vel="0,0,0" mass="1" elasticityCoef="1" ang="90,0,0" color="0,220,0" radius="0.5" length="4" />
		<capsule pos="-37.949999999999996,-44.0,-4.600000000000001" vel="0,0,0" mass="1" elasticityCoef="1" ang="90,0,0" color="0,220,0" radius="0.5" length="4" />
		<capsule pos="-37.949999999999996,-44.0,-2.299999999999997" vel="0,0,0" mass="1" elasticityCoef="1" ang="90,0,0" color="0,220,0" radius="0.5" length="4" />
		<capsule pos="-37.949999999999996,-44.0,0.0" vel="0,0,0" mass="1" elasticityCoef="1" ang="90,0,0" color="0,220,0" radius="0.5" length="4" />
		<capsule pos="-37.949999999999996,-44.0,2.3000000000000043" vel="0,0,0" mass="1" elasticityCoef="1" ang="90,0,0" color="0,220,0" radius="0.5" length="4" />
		<capsule pos="-37.949999999999996,-44.0,4.600000000000001" vel="0,0,0" mass="1" elasticityCoef="1" ang="90,0,0" color="0,220,0" radius="0.5" length="4" />
		<capsule pos="-37.949999999999996,-44.0,6.899999999999999" vel="0,0,0" mass="1" elasticityCoef="1" ang="90,0,0" color="0,220,0" radius="0.5" length="4" />
		<capsule pos="-37.949999999999996,-44.0,9.200000000000003" vel="0,0,0" mass="1" elasticityCoef="1" ang="90,0,0" color="0,220,0" radius="0.5" length="4" />
		<capsule pos="-37.949999999999996,-44.0,11.5" vel="0,0,0" mass="1" elasticityCoef="1" ang="90,0,0" color="0,220,0" radius="0.5" length="4" />
		<capsule pos="-37.949999999999996,-44.0,13.799999999999997" vel="0,0,0" mass="1" elasticityCoef="1" ang="90,0,0" color="0,220,0" radius="0.5" length="4" />
		<capsule pos="-37.949999999999996,-44.0,16.1" vel="0,0,0" mass="1" elasticityCoef="1" ang="90,0,0" color="0,220,0" radius="0.5" length="4" />
		<capsule pos="-37.949999999999996,-44.0,18.4" vel="0,0,0" mass="1" elasticityCoef="1" ang="90,0,0" color="0,220,0" radius="0.5" length="4" />
		<capsule pos="-37.949999999999996,-44.0,20.699999999999996" vel="0,0,0" mass="1" elasticityCoef="1" ang="90,0,0" color="0,220,0" radius="0.5" length="4" />
		<capsule pos="-37.949999999999996,-44.0,22.999999999999993" vel="0,0,0" mass="1" elasticityCoef="1" ang="90,0,0" color="0,220,0" radius="0.5" length="4" />
		<capsule pos="-37.949999999999996,-44.0,25.300000000000004" vel="0,0,0" mass="1" elasticityCoef="1" ang="90,0,0" color="0,220,0" radius="0.5" length="4" />
		<capsule pos="-37.949999999999996,-44.0,27.6" vel="0,0,0" mass="1" elasticityCoef="1" ang="90,0,0" color="0,220,0" radius="0.5" length="4" />
		<capsule pos="-37.949999999999996,-44.0,29.9" vel="0,0,0" mass="1" elasticityCoef="1" ang="90,0,0" color="0,220,0" radius="0.5" length="4" />
		<capsule pos="-37.949999999999996,-44.0,32.199999999999996" vel="0,0,0" mass="1" elasticityCoef="1" ang="90,0,0" color="0,220,0" radius="0.5" length="4" />
		<capsule pos="-37.949999999999996,-44.0,34.49999999999999" vel="0,0,0" mass="1" elasticityCoef="1" ang="90,0,0" color="0,220,0" radius="0.5" length="4" />
		<capsule pos="-37.949999999999996,-44.0,36.800000000000004" vel="0,0,0" mass="1" elasticityCoef="1" ang="90,0,0" color="0,220,0" radius="0.5" length="4" />
		<capsule pos="-37.949999999999996,-44.0,39.1" vel="0,0,0" mass="1" elasticityCoef="1" ang="90,0,0" color="0,220,0" radius="0.5" length="4" />
		<capsule pos="-37.949999999999996,-44.0,41.4" vel="0,0,0" mass="1" elasticityCoef="1" ang="90,0,0" color="0,220,0" radius="0.5" length="4" />
		<capsule pos="-37.949999999999996,-38.5,-43.699999999999996" vel="0,0,0" mass="1" elasticityCoef="1" ang="90,0,0" color="0,220,0" radius="0.5" length="4" />
		<capsule pos="-37.949999999999996,-38.5,-41.4" vel="0,0,0" mass="1" elasticityCoef="1" ang="90,0,0" color="0,220,0" radius="0.5" length="4" />
		<capsule pos="-37.949999999999996,-38.5,-39.099999999999994" vel="0,0,0" mass="1" elasticityCoef="1" ang="90,0,0" color="0,220,0" radius="0.5" length="4" />
		<capsule pos="-37.949999999999996,-38.5,-36.8" vel="0,0,0" mass="1" elasticityCoef="1" ang="90,0,0" color="0,220,0" radius="0.5" length="4" />
		<capsule pos="-37.949999999999996,-38.5,-34.5" vel="0,0,0" mass="1" elasticityCoef="1" ang="90,0,0" color="0,220,0" radius="0.5" length="4" />
		<capsule pos="-37.949999999999996,-38.5,-32.199999999999996" vel="0,0,0" mass="1" elasticityCoef="1" ang="90,0,0" color="0,220,0" radius="0.5" length="4" />
		<capsule pos="-37.949999999999996,-38.5,-29.9" vel="0,0,0" mass="1" elasticityCoef="1" ang="90,0,0" color="0,220,0" radius="0.5" length="4" />
		<capsule pos="-37.949999999999996,-38.5,-27.599999999999998" vel="0,0,0" mass="1" elasticityCoef="1" ang="90,0,0" color="0,220,0" radius="0.5" length="4" />
		<capsule pos="-37.949999999999996,-38.5,-25.299999999999997" vel="0,0,0" mass="1" elasticityCoef="1" ang="90,0,0" color="0,220,0" radius="0.5" length="4" />
		<capsule pos="-37.949999999999996,-38.5,-22.999999999999996" vel="0,0,0" mass="1" elasticityCoef="1" ang="90,0,0" color="0,220,0" radius="0.5" length="4" />
		<capsule pos="-37.949999999999996,-38.5,-20.699999999999996" vel="0,0,0" mass="1" elasticityCoef="1" ang="90,0,0" color="0,220,0" radius="0.5" length="4" />
		<capsule pos="-37.949999999999996,-38.5,-18.4" vel="0,0,0" mass="1" elasticityCoef="1" ang="90,0,0" color="0,220,0" radius="0.5" length="4" />
		<capsule pos="-37.949999999999996,-38.5,-16.099999999999998" vel="0,0,0" mass="1" elasticityCoef="1" ang="90,0,0" color="0,220,0" radius="0.5" length="4" />
		<capsule pos="-37.949999999999996,-38.5,-13.799999999999997" vel="0,0,0" mass="1" elasticityCoef="1" ang="90,0,0" color="0,220,0" radius="0.5" length="4" />
		<capsule pos="-37.949999999999996,-38.5,-11.5" vel="0,0,0" mass="1" elasticityCoef="1" ang="90,0,0" color="0,220,0" radius="0.5" length="4" />
		<capsule pos="-37.949999999999996,-38.5,-9.199999999999996" vel="0,0,0" mass="1" elasticityCoef="1" ang="90,0,0" color="0,220,0" radius="0.5" length="4" />
		<capsule pos="-37.949999999999996,-38.5,-6.899999999999999" vel="0,0,0" mass="1" elasticityCoef="1" ang="90,0,0" color="0,220,0" radius="0.5" length="4" />
		<capsule pos="-37.949999999999996,-38.5,-4.600000000000001" vel="0,0,0" mass="1" elasticityCoef="1" ang="90,0,0" color="0,220,0" radius="0.5" length="4" />
		<capsule pos="-37.949999999999996,-38.5,-2.299999999999997" vel="0,0,0" mass="1" elasticityCoef="1" ang="90,0,0" color="0,220,0" radius="0.5" length="4" />
		<capsule pos="-37.949999999999996,-38.5,0.0" vel="0,0,0" mass="1" elasticityCoef="1" ang="90,0,0" color="0,220,0" radius="0.5" length="4" />
		<capsule pos="-37.949999999999996,-38.5,2.3000000000000043" vel="0,0,0" mass="1" elasticityCoef="1" ang="90,0,0" color="0,220,0" radius="0.5" length="4" />
		<capsule pos="-37.949999999999996,-38.5,4.600000000000001" vel="0,0,0" mass="1" elasticityCoef="1" ang="90,0,0" color="0,220,0" radius="0.5" length="4" />
		<capsule pos="-37.949999999999996,-38.5,6.899999999999999" vel="0,0,0" mass="1" elasticityCoef="1" ang="90,0,0" color="0,220,0" radius="0.5" length="4" />
		<capsule pos="-37.949999999999996,-38.5,9.200000000000003" vel="0,0,0" mass="1" elasticityCoef="1" ang="90,0,0" color="0,220,0" radius="0.5" length="4" />
		<capsule pos="-37.949999999999996,-38.5,11.5" vel="0,0,0" mass="1" elasticityCoef="1" ang="90,0,0" color="0,220,0" radius="0.5" length="4" />
		<capsule pos="-37.949999999999996,-38.5,13.799999999999997" vel="0,0,0" mass="1" elasticityCoef="1" ang="90,0,0" color="0,220,0" radius="0.5" length="4" />
		<capsule pos="-37.949999999999996,-38.5,16.1" vel="0,0,0" mass="1" elasticityCoef="1" ang="90,0,0" color="0,220,0" radius="0.5" length="4" />
		<capsule pos="-37.949999999999996,-38.5,18.4" vel="0,0,0" mass="1" elasticityCoef="1" ang="90,0,0" color="0,220,0" radius="0.5" length="4" />
		<capsule pos="-37.949999999999996,-38.5,20.699999999999996" vel="0,0,0" mass="1" elasticityCoef="1" ang="90,0,0" color="0,220,0" radius="0.5" length="4" />
		<capsule pos="-37.949999999999996,-38.5,22.999999999999993" vel="0,0,0" mass="1" elasticityCoef="1" ang="90,0,0" color="0,220,0" radius="0.5" length="4" />
		<capsule pos="-37.949999999999996,-38.5,25.300000000000004" vel="0,0,0" mass="1" elasticityCoef="1" ang="90,0,0" color="0,220,0" radius="0.5" length="4" />
		<capsule pos="-37.949999999999996,-38.5,27.6" vel="0,0,0" mass="1" elasticityCoef="1" ang="90,0,0" color="0,220,0" radius="0.5" length="4" />
		<capsule pos="-37.949999999999996,-38.5,29.9" vel="0,0,0" mass="1" elasticityCoef="1" ang="90,0,0" color="0,220,0" radius="0.5" length="4" />
		<capsule pos="-37.949999999999996,-38.5,32.199999999999996" vel="0,0,0" mass="1" elasticityCoef="1" ang="90,0,0" color="0,220,0" radius="0.5" length="4" />
		<capsule pos="-37.949999999999996,-38.5,34.49999999999999" vel="0,0,0" mass="1" elasticityCoef="1" ang="90,0,0" color="0,220,0" radius="0.5" length="4" />
		<capsule pos="-37.949999999999996,-38.5,36.800000000000004" vel="0,0,0" mass="1" elasticityCoef="1" ang="90,0,0" color="0,220,0" radius="0.5" length="4" />
		<capsule pos="-37.949999999999996,-38.5,39.1" vel="0,0,0" mass="1" elasticityCoef="1" ang="90,0,0" color="0,220,0" radius="0.5" length="4" />
		<capsule pos="-37.949999999999996,-38.5,41.4" vel="0,0,0" mass="1" elasticityCoef="1" ang="90,0,0" color="0,220,0" radius="0.5" length="4" />
		<capsule pos="-37.949999999999996,-33.0,-43.699999999999996" vel="0,0,0" mass="1" elasticityCoef="1" ang="90,0,0" color="0,220,0" radius="0.5" length="4" />
		<capsule pos="-37.949999999999996,-33.0,-41.4" vel="0,0,0" mass="1" elasticityCoef="1" ang="90,0,0" color="0,220,0" radius="0.5" length="4" />
		<capsule pos="-37.949999999999996,-33.0,-39.099999999999994" vel="0,0,0" mass="1" elasticityCoef="1" ang="90,0,0" color="0,220,0" radius="0.5" length="4" />
		<capsule pos="-37.949999999999996,-33.0,-36.8" vel="0,0,0" mass="1" elasticityCoef="1" ang="90,0,0" color="0,220,0" radius="0.5" length="4" />
		<capsule pos="-37.949999999999996,-33.0,-34.5" vel="0,0,0" mass="1" elasticityCoef="1" ang="90,0,0" color="0,220,0" radius="0.5" length="4" />
		<capsule pos="-37.949999999999996,-33.0,-32.199999999999996" vel="0,0,0" mass="1" elasticityCoef="1" ang="90,0,0" color="0,220,0" radius="0.5" length="4" />
		<capsule pos="-37.949999999999996,-33.0,-29.9" vel="0,0,0" mass="1" elasticityCoef="1" ang="90,0,0" color="0,220,0" radius="0.5" length="4" />
		<capsule pos="-37.949999999999996,-33.0,-27.599999999999998" vel="0,0,0" mass="1" elasticityCoef="1" ang="90,0,0" color="0,220,0" radius="0.5" length="4" />
		<capsule pos="-37.949999999999996,-33.0,-25.299999999999997" vel="0,0,0" mass="1" elasticityCoef="1" ang="90,0,0" color="0,220,0" radius="0.5" length="4" />
		<capsule pos="-37.949999999999996,-33.0,-22.999999999999996" vel="0,0,0" mass="1" elasticityCoef="1" ang="90,0,0" color="0,220,0" radius="0.5" length="4" />
		<capsule pos="-37.949999999999996,-33.0,-20.699999999999996" vel="0,0,0" mass="1" elasticityCoef="1" ang="90,0,0" color="0,220,0" radius="0.5" length="4" />
		<capsule pos="-37.949999999999996,-33.0,-18.4" vel="0,0,0" mass="1" elasticityCoef="1" ang="90,0,0" color="0,220,0" radius="0.5" length="4" />
		<capsule pos="-37.949999999999996,-33.0,-16.099999999999998" vel="0,0,0" mass="1" elasticityCoef="1" ang="90,0,0" color="0,220,0" radius="0.5" length="4" />
		<capsule pos="-37.949999999999996,-33.0,-13.799999999999997" vel="0,0,0" mass="1" elasticityCoef="1" ang="90,0,0" color="0,220,0" radius="0.5" length="4" />
		<capsule pos="-37.949999999999996,-33.0,-11.5" vel="0,0,0" mass="1" elasticityCoef="1" ang="90,0,0" color="0,220,0" radius="0.5" length="4" />
		<capsule pos="-37.949999999999996,-33.0,-9.199999999999996" vel="0,0,0" mass="1" elasticityCoef="1" ang="90,0,0" color="0,220,0" radius="0.5" length="4" />
		<capsule pos="-37.949999999999996,-33.0,-6.899999999999999" vel="0,0,0" mass="1" elasticityCoef="1" ang="90,0,0" color="0,220,0" radius="0.5" length="4" />
		<capsule pos="-37.949999999999996,-33.0,-4.600000000000001" vel="0,0,0" mass="1" elasticityCoef="1" ang="90,0,0" color="0,220,0" radius="0.5" length="4" />
		<capsule pos="-37.949999999999996,-33.0,-2.299999999999997" vel="0,0,0" mass="1" elasticityCoef="1" ang="90,0,0" color="0,220,0" radius="0.5" length="4" />
		<capsule pos="-37.949999999999996,-33.0,0.0" vel="0,0,0" mass="1" elasticityCoef="1" ang="90,0,0" color="0,220,0" radius="0.5" length="4" />
		<capsule pos="-37.949999999999996,-33.0,2.3000000000000043" vel="0,0,0" mass="1" elasticityCoef="1" ang="90,0,0" color="0,220,0" radius="0.5" length="4" />
		<capsule pos="-37.949999999999996,-33.0,4.600000000000001" vel="0,0,0" mass="1" elasticityCoef="1" ang="90,0,0" color="0,220,0" radius="0.5" length="4" />
		<capsule pos="-37.949999999999996,-33.0,6.899999999999999" vel="0,0,0" mass="1" elasticityCoef="1" ang="90,0,0" color="0,220,0" radius="0.5" length="4" />
		<capsule pos="-37.949999999999996,-33.0,9.200000000000003" vel="0,0,0" mass="1" elasticityCoef="1" ang="90,0,0" color="0,220,0" radius="0.5" length="4" />
		<capsule pos="-37.949999999999996,-33.0,11.5" vel="0,0,0" mass="1" elasticityCoef="1" ang="90,0,0" color="0,220,0" radius="0.5" length="4" />
		<capsule pos="-37.949999999999996,-33.0,13.799999999999997" vel="0,0,0" mass="1" elasticityCoef="1" ang="90,0,0" color="0,220,0" radius="0.5" length="4" />
		<capsule pos="-37.949999999999996,-33.0,16.1" vel="0,0,0" mass="1" elasticityCoef="1" ang="90,0,0" color="0,220,0" radius="0.5" length="4" />
		<capsule pos="-37.949999999999996,-33.0,18.4" vel="0,0,0" mass="1" elasticityCoef="1" ang="90,0,0" color="0,220,0" radius="0.5" length="4" />
		<capsule pos="-37.949999999999996,-33.0,20.699999999999996" vel="0,0,0" mass="1" elasticityCoef="1" ang="90,0,0" color="0,220,0" radius="0.5" length="4" />
		<capsule pos="-37.949999999999996,-33.0,22.999999999999993" vel="0,0,0" mass="1" elasticityCoef="1" ang="90,0,0" color="0,220,0" radius="0.5" length="4" />
		<capsule pos="-37.949999999999996,-33.0,25.300000000000004" vel="0,0,0" mass="1" elasticityCoef="1" ang="90,0,0" color="0,220,0" radius="0.5" length="4" />
		<capsule pos="-37.949999999999996,-33.0,27.6" vel="0,0,0" mass="1" elasticityCoef="1" ang="90,0,0" color="0,220,0" radius="0.5" length="4" />
		<capsule pos="-37.949999999999996,-33.0,29.9" vel="0,0,0" mass="1" elasticityCoef="1" ang="90,0,0" color="0,220,0" radius="0.5" length="4" />
		<capsule pos="-37.949999999999996,-33.0,32.199999999999996" vel="0,0,0" mass="1" elasticityCoef="1" ang="90,0,0" color="0,220,0" radius="0.5" length="4" />
		<capsule pos="-37.949999999999996,-33.0,34.49999999999999" vel="0,0,0" mass="1" elasticityCoef="1" ang="90,0,0" color="0,220,0" radius="0.5" length="4" />
		<capsule pos="-37.949999999999996,-33.0,36.800000000000004" vel="0,0,0" mass="1" elasticityCoef="1" ang="90,0,0" color="0,220,0" radius="0.5" length="4" />
		<capsule pos="-37.949999999999996,-33.0,39.1" vel="0,0,0" mass="1" elasticityCoef="1" ang="90,0,0" color="0,220,0" radius="0.5" length="4" />
		<capsule pos="-37.949999999999996,-33.0,41.4" vel="0,0,0" mass="1" elasticityCoef="1" ang="90,0,0" color="0,220,0" radius="0.5" length="4" />
		<capsule pos="-37.949999999999996,-27.5,-43.699999999999996" vel="0,0,0" mass="1" elasticityCoef="1" ang="90,0,0" color="0,220,0" radius="0.5" length="4" />
		<capsule pos="-37.949999999999996,-27.5,-41.4" vel="0,0,0" mass="1" elasticityCoef="1" ang="90,0,0" color="0,220,0" radius="0.5" length="4" />
		<capsule pos="-37.949999999999996,-27.5,-39.099999999999994" vel="0,0,0" mass="1" elasticityCoef="1" ang="90,0,0" color="0,220,0" radius="0.5" length="4" />
		<capsule pos="-37.949999999999996,-27.5,-36.8" vel="0,0,0" mass="1" elasticityCoef="1" ang="90,0,0" color="0,220,0" radius="0.5" length="4" />
		<capsule pos="-37.949999999999996,-27.5,-34.5" vel="0,0,0" mass="1" elasticityCoef="1" ang="90,0,0" color="0,220,0" radius="0.5" length="4" />
		<capsule pos="-37.949999999999996,-27.5,-32.199999999999996" vel="0,0,0" mass="1" elasticityCoef="1" ang="90,0,0" color="0,220,0" radius="0.5" length="4" />
		<capsule pos="-37.949999999999996,-27.5,-29.9" vel="0,0,0" mass="1" elasticityCoef="1" ang="90,0,0" color="0,220,0" radius="0.5" length="4" />
		<capsule pos="-37.949999999999996,-27.5,-27.599999999999998" vel="0,0,0" mass="1" elasticityCoef="1" ang="90,0,0" color="0,220,0" radius="0.5" length="4" />
		<capsule pos="-37.949999999999996,-27.5,-25.299999999999997" vel="0,0,0" mass="1" elasticityCoef="1" ang="90,0,0" color="0,220,0" radius="0.5" length="4" />
		<capsule pos="-37.949999999999996,-27.5,-22.999999999999996" vel="0,0,0" mass="1" elasticityCoef="1" ang="90,0,0" color="0,220,0" radius="0.5" length="4" />
		<capsule pos="-37.949999999999996,-27.5,-20.699999999999996" vel="0,0,0" mass="1" elasticityCoef="1" ang="90,0,0" color="0,220,0" radius="0.5" length="4" />
		<capsule pos="-37.949999999999996,-27.5,-18.4" vel="0,0,0" mass="1" elasticityCoef="1" ang="90,0,0" color="0,220,0" radius="0.5" length="4" />
		<capsule pos="-37.949999999999996,-27.5,-16.099999999999998" vel="0,0,0" mass="1" elasticityCoef="1" ang="90,0,0" color="0,220,0" radius="0.5" length="4" />
		<capsule pos="-37.949999999999996,-27.5,-13.799999999999997" vel="0,0,0" mass="1" elasticityCoef="1" ang="90,0,0" color="0,220,0" radius="0.5" length="4" />
		<capsule pos="-37.949999999999996,-27.5,-11.5" vel="0,0,0" mass="1" elasticityCoef="1" ang="90,0,0" color="0,220,0" radius="0.5" length="4" />
		<capsule pos="-37.949999999999996,-27.5,-9.199999999999996" vel="0,0,0" mass="1" elasticityCoef="1" ang="90,0,0" color="0,220,0" radius="0.5" length="4" />
		<capsule pos="-37.949999999999996,-27.5,-6.899999999999999" vel="0,0,0" mass="1" elasticityCoef="1" ang="90,0,0" color="0,220,0" radius="0.5" length="4" />
		<capsule pos="-37.949999999999996,-27.5,-4.600000000000001" vel="0,0,0" mass="1" elasticityCoef="1" ang="90,0,0" color="0,220,0" radius="0.5" length="4" />
		<capsule pos="-37.949999999999996,-27.5,-2.299999999999997" vel="0,0,0" mass="1" elasticityCoef="1" ang="90,0,0" color="0,220,0" radius="0.5" length="4" />
		<capsule pos="-37.949999999999996,-27.5,0.0" vel="0,0,0" mass="1" elasticityCoef="1" ang="90,0,0" color="0,220,0" radius="0.5" length="4" />
		<capsule pos="-37.949999999999996,-27.5,2.3000000000000043" vel="0,0,0" mass="1" elasticityCoef="1" ang="90,0,0" color="0,220,0" radius="0.5" length="4" />
		<capsule pos="-37.949999999999996,-27.5,4.600000000000001" vel="0,0,0" mass="1" elasticityCoef="1" ang="90,0,0" color="0,220,0" radius="0.5" length="4" />
		<capsule pos="-37.949999999999996,-27.5,6.899999999999999" vel="0,0,0" mass="1" elasticityCoef="1" ang="90,0,0" color="0,220,0" radius="0.5" length="4" />
		<capsule pos="-37.949999999999996,-27.5,9.200000000000003" vel="0,0,0" mass="1" elasticityCoef="1" ang="90,0,0" color="0,220,0" radius="0.5" length="4" />
		<capsule pos="-37.949999999999996,-27.5,11.5" vel="0,0,0" mass="1" elasticityCoef="1" ang="90,0,0" color="0,220,0" radius="0.5" length="4" />
		<capsule pos="-37.949999999999996,-27.5,13.799999999999997" vel="0,0,0" mass="1" elasticityCoef="1" ang="90,0,0" color="0,220,0" radius="0.5" length="4" />
		<capsule pos="-37.949999999999996,-27.5,16.1" vel="0,0,0" mass="1" elasticityCoef="1" ang="90,0,0" color="0,220,0" radius="0.5" length="4" />
		<capsule pos="-37.949999999999996,-27.5,18.4" vel="0,0,0" mass="1" elasticityCoef="1" ang="90,0,0" color="0,220,0" radius="0.5" length="4" />
		<capsule pos="-37.949999999999996,-27.5,20.699999999999996" vel="0,0,0" mass="1" elasticityCoef="1" ang="90,0,0" color="0,220,0" radius="0.5" length="4" />
		<capsule pos="-37.949999999999996,-27.5,22.999999999999993" vel="0,0,0" mass="1" elasticityCoef="1" ang="90,0,0" color="0,220,0" radius="0.5" length="4" />
		<capsule pos="-37.949999999999996,-27.5,25.300000000000004" vel="0,0,0" mass="1" elasticityCoef="1" ang="90,0,0" color="0,220,0" radius="0.5" length="4" />
		<capsule pos="-37.949999999999996,-27.5,27.6" vel="0,0,0" mass="1" elasticityCoef="1" ang="90,0,0" color="0,220,0" radius="0.5" length="4" />
		<capsule pos="-37.949999999999996,-27.5,29.9" vel="0,0,0" mass="1" elasticityCoef="1" ang="90,0,0" color="0,220,0" radius="0.5" length="4" />
		<capsule pos="-37.949999999999996,-27.5,32.199999999999996" vel="0,0,0" mass="1" elasticityCoef="1" ang="90,0,0" color="0,220,0" radius="0.5" length="4" />
		<capsule pos="-37.949999999999996,-27.5,34.49999999999999" vel="0,0,0" mass="1" elasticityCoef="1" ang="90,0,0" color="0,220,0" radius="0.5" length="4" />
		<capsule pos="-37.949999999999996,-27.5,36.800000000000004" vel="0,0,0" mass="1" elasticityCoef="1" ang="90,0,0" color="0,220,0" radius="0.5" length="4" />
		<capsule pos="-37.949999999999996,-27.5,39.1" vel="0,0,0" mass="1" elasticityCoef="1" ang="90,0,0" color="0,220,0" radius="0.5" length="4" />
		<capsule pos="-37.949999999999996,-27.5,41.4" vel="0,0,0" mass="1" elasticityCoef="1" ang="90,0,0" color="0,220,0" radius="0.5" length="4" />
		<capsule pos="-37.949999999999996,-22.0,-43.699999999999996" vel="0,0,0" mass="1" elasticityCoef="1" ang="90,0,0" color="0,220,0" radius="0.5" length="4" />
		<capsule pos="-37.949999999999996,-22.0,-41.4" vel="0,0,0" mass="1" elasticityCoef="1" ang="90,0,0" color="0,220,0" radius="0.5" length="4" />
		<capsule pos="-37.949999999999996,-22.0,-39.099999999999994" vel="0,0,0" mass="1" elasticityCoef="1" ang="90,0,0" color="0,220,0" radius="0.5" length="4" />
		<capsule pos="-37.949999999999996,-22.0,-36.8" vel="0,0,0" mass="1" elasticityCoef="1" ang="90,0,0" color="0,220,0" radius="0.5" length="4" />
		<capsule pos="-37.949999999999996,-22.0,-34.5" vel="0,0,0" mass="1" elasticityCoef="1" ang="90,0,0" color="0,220,0" radius="0.5" length="4" />
		<capsule pos="-37.949999999999996,-22.0,-32.199999999999996" vel="0,0,0" mass="1" elasticityCoef="1" ang="90,0,0" color="0,220,0" radius="0.5" length="4" />
		<capsule pos="-37.949999999999996,-22.0,-29.9" vel="0,0,0" mass="1" elasticityCoef="1" ang="90,0,0" color="0,220,0" radius="0.5" length="4" />
		<capsule pos="-37.949999999999996,-22.0,-27.599999999999998" vel="0,0,0" mass="1" elasticityCoef="1" ang="90,0,0" color="0,220,0" radius="0.5" length="4" />
		<capsule pos="-37.949999999999996,-22.0,-25.299999999999997" vel="0,0,0" mass="1" elasticityCoef="1" ang="90,0,0" color="0,220,0" radius="0.5" length="4" />
		<capsule pos="-37.949999999999996,-22.0,-22.999999999999996" vel="0,0,0" mass="1" elasticityCoef="1" ang="90,0,0" color="0,220,0" radius="0.5" length="4" />
		<capsule pos="-37.949999999999996,-22.0,-20.699999999999996" vel="0,0,0" mass="1" elasticityCoef="1" ang="90,0,0" color="0,220,0" radius="0.5" length="4" />
		<capsule pos="-37.949999999999996,-22.0,-18.4" vel="0,0,0" mass="1" elasticityCoef="1" ang="90,0,0" color="0,220,0" radius="0.5" length="4" />
		<capsule pos="-37.949999999999996,-22.0,-16.099999999999998" vel="0,0,0" mass="1" elasticityCoef="1" ang="90,0,0" color="0,220,0" radius="0.5" length="4" />
		<capsule pos="-37.949999999999996,-22.0,-13.799999999999997" vel="0,0,0" mass="1" elasticityCoef="1" ang="90,0,0" color="0,220,0" radius="0.5" length="4" />
		<capsule pos="-37.949999999999996,-22.0,-11.5" vel="0,0,0" mass="1" elasticityCoef="1" ang="90,0,0" color="0,220,0" radius="0.5" length="4" />
		<capsule pos="-37.949999999999996,-22.0,-9.199999999999996" vel="0,0,0" mass="1" elasticityCoef="1" ang="90,0,0" color="0,220,0" radius="0.5" length="4" />
		<capsule pos="-37.949999999999996,-22.0,-6.899999999999999" vel="0,0,0" mass="1" elasticityCoef="1" ang="90,0,0" color="0,220,0" radius="0.5" length="4" />
		<capsule pos="-37.949999999999996,-22.0,-4.600000000000001" vel="0,0,0" mass="1" elasticityCoef="1" ang="90,0,0" color="0,220,0" radius="0.5" length="4" />
		<capsule pos="-37.949999999999996,-22.0,-2.299999999999997" vel="0,0,0" mass="1" elasticityCoef="1" ang="90,0,0" color="0,220,0" radius="0.5" length="4" />
		<capsule pos="-37.949999999999996,-22.0,0.0" vel="0,0,0" mass="1" elasticityCoef="1" ang="90,0,0" color="0,220,0" radius="0.5" length="4" />
		<capsule pos="-37.949999999999996,-22.0,2.3000000000000043" vel="0,0,0" mass="1" elasticityCoef="1" ang="90,0,0" color="0,220,0" radius="0.5" length="4" />
		<capsule pos="-37.949999999999996,-22.0,4.600000000000001" vel="0,0,0" mass="1" elasticityCoef="1" ang="90,0,0" color="0,220,0" radius="0.5" length="4" />
		<capsule pos="-37.949999999999996,-22.0,6.899999999999999" vel="0,0,0" mass="1" elasticityCoef="1" ang="90,0,0" color="0,220,0" radius="0.5" length="4" />
		<capsule pos="-37.949999999999996,-22.0,9.200000000000003" vel="0,0,0" mass="1" elasticityCoef="1" ang="90,0,0" color="0,220,0" radius="0.5" length="4" />
		<capsule pos="-37.949999999999996,-22.0,11.5" vel="0,0,0" mass="1" elasticityCoef="1" ang="90,0,0" color="0,220,0" radius="0.5" length="4" />
		<capsule pos="-37.949999999999996,-22.0,13.799999999999997" vel="0,0,0" mass="1" elasticityCoef="1" ang="90,0,0" color="0,220,0" radius="0.5" length="4" />
		<capsule pos="-37.949999999999996,-22.0,16.1" vel="0,0,0" mass="1" elasticityCoef="1" ang="90,0,0" color="0,220,0" radius="0.5" length="4" />
		<capsule pos="-37.949999999999996,-22.0,18.4" vel="0,0,0" mass="1" elasticityCoef="1" ang="90,0,0" color="0,220,0" radius="0.5" length="4" />
		<capsule pos="-37.949999999999996,-22.0,20.699999999999996" vel="0,0,0" mass="1" elasticityCoef="1" ang="90,0,0" color="0,220,0" radius="0.5" length="4" />
		<capsule pos="-37.949999999999996,-22.0,22.999999999999993" vel="0,0,0" mass="1" elasticityCoef="1" ang="90,0,0" color="0,220,0" radius="0.5" length="4" />
		<capsule pos="-37.949999999999996,-22.0,25.300000000000004" vel="0,0,0" mass="1" elasticityCoef="1" ang="90,0,0" color="0,220,0" radius="0.5" length="4" />
		<capsule pos="-37.949999999999996,-22.0,27.6" vel="0,0,0" mass="1" elasticityCoef="1" ang="90,0,0" color="0,220,0" radius="0.5" length="4" />
		<capsule pos="-37.949999999999996,-22.0,29.9" vel="0,0,0" mass="1" elasticityCoef="1" ang="90,0,0" color="0,220,0" radius="0.5" length="4" />
		<capsule pos="-37.949999999999996,-22.0,32.199999999999996" vel="0,0,0" mass="1" elasticityCoef="1" ang="90,0,0" color="0,220,0" radius="0.5" length="4" />
		<capsule pos="-37.949999999999996,-22.0,34.49999999999999" vel="0,0,0" mass="1" elasticityCoef="1" ang="90,0,0" color="0,220,0" radius="0.5" length="4" />
		<capsule pos="-37.949999999999996,-22.0,36.800000000000004" vel="0,0,0" mass="1" elasticityCoef="1" ang="90,0,0" color="0,220,0" radius="0.5" length="4" />
		<capsule pos="-37.949999999999996,-22.0,39.1" vel="0,0,0" mass="1" elasticityCoef="1" ang="90,0,0" color="0,220,0" radius="0.5" length="4" />
		<capsule pos="-37.949999999999996,-22.0,41.4" vel="0,0,0" mass="1" elasticityCoef="1" ang="90,0,0" color="0,220,0" radius="0.5" length="4" />
		<capsule pos="-37.949999999999996,-16.5,-43.699999999999996" vel="0,0,0" mass="1" elasticityCoef="1" ang="90,0,0" color="0,220,0" radius="0.5" length="4" />
		<capsule pos="-37.949999999999996,-16.5,-41.4" vel="0,0,0" mass="1" elasticityCoef="1" ang="90,0,0" color="0,220,0" radius="0.5" length="4" />
		<capsule pos="-37.949999999999996,-16.5,-39.099999999999994" vel="0,0,0" mass="1" elasticityCoef="1" ang="90,0,0" color="0,220,0" radius="0.5" length="4" />
		<capsule pos="-37.949999999999996,-16.5,-36.8" vel="0,0,0" mass="1" elasticityCoef="1" ang="90,0,0" color="0,220,0" radius="0.5" length="4" />
		<capsule pos="-37.949999999999996,-16.5,-34.5" vel="0,0,0" mass="1" elasticityCoef="1" ang="90,0,0" color="0,220,0" radius="0.5" length="4" />
		<capsule pos="-37.949999999999996,-16.5,-32.199999999999996" vel="0,0,0" mass="1" elasticityCoef="1" ang="90,0,0" color="0,220,0" radius="0.5" length="4" />
		<capsule pos="-37.949999999999996,-16.5,-29.9" vel="0,0,0" mass="1" elasticityCoef="1" ang="90,0,0" color="0,220,0" radius="0.5" length="4" />
		<capsule pos="-37.949999999999996,-16.5,-27.599999999999998" vel="0,0,0" mass="1" elasticityCoef="1" ang="90,0,0" color="0,220,0" radius="0.5" length="4" />
		<capsule pos="-37.949999999999996,-16.5,-25.299999999999997" vel="0,0,0" mass="1" elasticityCoef="1" ang="90,0,0" color="0,220,0" radius="0.5" length="4" />
		<capsule pos="-37.949999999999996,-16.5,-22.999999999999996" vel="0,0,0" mass="1" elasticityCoef="1" ang="90,0,0" color="0,220,0" radius="0.5" length="4" />
		<capsule pos="-37.949999999999996,-16.5,-20.699999999999996" vel="0,0,0" mass="1" elasticityCoef="1" ang="90,0,0" color="0,220,0" radius="0.5" length="4" />
		<capsule pos="-37.949999999999996,-16.5,-18.4" vel="0,0,0" mass="1" elasticityCoef="1" ang="90,0,0" color="0,220,0" radius="0.5" length="4" />
		<capsule pos="-37.949999999999996,-16.5,-16.099999999999998" vel="0,0,0" mass="1" elasticityCoef="1" ang="90,0,0" color="0,220,0" radius="0.5" length="4" />
		<capsule pos="-37.949999999999996,-16.5,-13.799999999999997" vel="0,0,0" mass="1" elasticityCoef="1" ang="90,0,0" color="0,220,0" radius="0.5" length="4" />
		<capsule pos="-37.949999999999996,-16.5,-11.5" vel="0,0,0" mass="1" elasticityCoef="1" ang="90,0,0" color="0,220,0" radius="0.5" length="4" />
		<capsule pos="-37.949999999999996,-16.5,-9.199999999999996" vel="0,0,0" mass="1" elasticityCoef="1" ang="90,0,0" color="0,220,0" radius="0.5" length="4" />
		<capsule pos="-37.949999999999996,-16.5,-6.899999999999999" vel="0,0,0" mass="1" elasticityCoef="1" ang="90,0,0" color="0,220,0" radius="0.5" length="4" />
		<capsule pos="-37.949999999999996,-16.5,-4.600000000000001" vel="0,0,0" mass="1" elasticityCoef="1" ang="90,0,0" color="0,220,0" radius="0.5" length="4" />
		<capsule pos="-37.949999999999996,-16.5,-2.299999999999997" vel="0,0,0" mass="1" elasticityCoef="1" ang="90,0,0" color="0,220,0" radius="0.5" length="4" />
		<capsule pos="-37.949999999999996,-16.5,0.0" vel="0,0,0" mass="1" elasticityCoef="1" ang="90,0,0" color="0,220,0" radius="0.5" length="4" />
		<capsule pos="-37.949999999999996,-16.5,2.3000000000000043" vel="0,0,0" mass="1" elasticityCoef="1" ang="90,0,0" color="0,220,0" radius="0.5" length="4" />
		<capsule pos="-37.949999999999996,-16.5,4.600000000000001" vel="0,0,0" mass="1" elasticityCoef="1" ang="90,0,0" color="0,220,0" radius="0.5" length="4" />
		<capsule pos="-37.949999999999996,-16.5,6.899999999999999" vel="0,0,0" mass="1" elasticityCoef="1" ang="90,0,0" color="0,220,0" radius="0.5" length="4" />
		<capsule pos="-37.949999999999996,-16.5,9.200000000000003" vel="0,0,0" mass="1" elasticityCoef="1" ang="90,0,0" color="0,220,0" radius="0.5" length="4" />
		<capsule pos="-37.949999999999996,-16.5,11.5" vel="0,0,0" mass="1" elasticityCoef="1" ang="90,0,0" color="0,220,0" radius="0.5" length="4" />
		<capsule pos="-37.949999999999996,-16.5,13.799999999999997" vel="0,0,0" mass="1" elasticityCoef="1" ang="90,0,0" color="0,220,0" radius="0.5" length="4" />
		<capsule pos="-37.949999999999996,-16.5,16.1" vel="0,0,0" mass="1" elasticityCoef="1" ang="90,0,0" color="0,220,0" radius="0.5" length="4" />
		<capsule pos="-37.949999999999996,-16.5,18.4" vel="0,0,0" mass="1" elasticityCoef="1" ang="90,0,0" color="0,220,0" radius="0.5" length="4" />
		<capsule pos="-37.949999999999996,-16.5,20.699999999999996" vel="0,0,0" mass="1" elasticityCoef="1" ang="90,0,0" color="0,220,0" radius="0.5" length="4" />
		<capsule pos="-37.949999999999996,-16.5,22.999999999999993" vel="0,0,0" mass="1" elasticityCoef="1" ang="90,0,0" color="0,220,0" radius="0.5" length="4" />
		<capsule pos="-37.949999999999996,-16.5,25.300000000000004" vel="0,0,0" mass="1" elasticityCoef="1" ang="90,0,0" color="0,220,0" radius="0.5" length="4" />
		<capsule pos="-37.949999999999996,-16.5,27.6" vel="0,0,0" mass="1" elasticityCoef="1" ang="90,0,0" color="0,220,0" radius="0.5" length="4" />
		<capsule pos="-37.949999999999996,-16.5,29.9" vel="0,0,0" mass="1" elasticityCoef="1" ang="90,0,0" color="0,220,0" radius="0.5" length="4" />
		<capsule pos="-37.949999999999996,-16.5,32.199999999999996" vel="0,0,0" mass="1" elasticityCoef="1" ang="90,0,0" color="0,220,0" radius="0.5" length="4" />
		<capsule pos="-37.949999999999996,-16.5,34.49999999999999" vel="0,0,0" mass="1" elasticityCoef="1" ang="90,0,0" color="0,220,0" radius="0.5" length="4" />
		<capsule pos="-37.949999999999996,-16.5,36.800000000000004" vel="0,0,0" mass="1" elasticityCoef="1" ang="90,0,0" color="0,220,0" radius="0.5" length="4" />
		<capsule pos="-37.949999999999996,-16.5,39.1" vel="0,0,0" mass="1" elasticityCoef="1" ang="90,0,0" color="0,220,0" radius="0.5" length="4" />
		<capsule pos="-37.949999999999996,-16.5,41.4" vel="0,0,0" mass="1" elasticityCoef="1" ang="90,0,0" color="0,220,0" radius="0.5" length="4" />
		<capsule pos="-37.949999999999996,-11.0,-43.699999999999996" vel="0,0,0" mass="1" elasticityCoef="1" ang="90,0,0" color="0,220,0" radius="0.5" length="4" />
		<capsule pos="-37.949999999999996,-11.0,-41.4" vel="0,0,0" mass="1" elasticityCoef="1" ang="90,0,0" color="0,220,0" radius="0.5" length="4" />
		<capsule pos="-37.949999999999996,-11.0,-39.099999999999994" vel="0,0,0" mass="1" elasticityCoef="1" ang="90,0,0" color="0,220,0" radius="0.5" length="4" />
		<capsule pos="-37.949999999999996,-11.0,-36.8" vel="0,0,0" mass="1" elasticityCoef="1" ang="90,0,0" color="0,220,0" radius="0.5" length="4" />
		<capsule pos="-37.949999999999996,-11.0,-34.5" vel="0,0,0" mass="1" elasticityCoef="1" ang="90,0,0" color="0,220,0" radius="0.5" length="4" />
		<capsule pos="-37.949999999999996,-11.0,-32.199999999999996" vel="0,0,0" mass="1" elasticityCoef="1" ang="90,0,0" color="0,220,0" radius="0.5" length="4" />
		<capsule pos="-37.949999999999996,-11.0,-29.9" vel="0,0,0" mass="1" elasticityCoef="1" ang="90,0,0" color="0,220,0" radius="0.5" length="4" />
		<capsule pos="-37.949999999999996,-11.0,-27.599999999999998" vel="0,0,0" mass="1" elasticityCoef="1" ang="90,0,0" color="0,220,0" radius="0.5" length="4" />
		<capsule pos="-37.949999999999996,-11.0,-25.299999999999997" vel="0,0,0" mass="1" elasticityCoef="1" ang="90,0,0" color="0,220,0" radius="0.5" length="4" />
		<capsule pos="-37.949999999999996,-11.0,-22.999999999999996" vel="0,0,0" mass="1" elasticityCoef="1" ang="90,0,0" color="0,220,0" radius="0.5" length="4" />
		<capsule pos="-37.949999999999996,-11.0,-20.699999999999996" vel="0,0,0" mass="1" elasticityCoef="1" ang="90,0,0" color="0,220,0" radius="0.5" length="4" />
		<capsule pos="-37.949999999999996,-11.0,-18.4" vel="0,0,0" mass="1" elasticityCoef="1" ang="90,0,0" color="0,220,0" radius="0.5" length="4" />
		<capsule pos="-37.949999999999996,-11.0,-16.099999999999998" vel="0,0,0" mass="1" elasticityCoef="1" ang="90,0,0" color="0,220,0" radius="0.5" length="4" />
		<capsule pos="-37.949999999999996,-11.0,-13.799999999999997" vel="0,0,0" mass="1" elasticityCoef="1" ang="90,0,0" color="0,220,0" radius="0.5" length="4" />
		<capsule pos="-37.949999999999996,-11.0,-11.5" vel="0,0,0" mass="1" elasticityCoef="1" ang="90,0,0" color="0,220,0" radius="0.5" length="4" />
		<capsule pos="-37.949999999999996,-11.0,-9.199999999999996" vel="0,0,0" mass="1" elasticityCoef="1" ang="90,0,0" color="0,220,0" radius="0.5" length="4" />
		<capsule pos="-37.949999999999996,-11.0,-6.899999999999999" vel="0,0,0" mass="1" elasticityCoef="1" ang="90,0,0" color="0,220,0" radius="0.5" length="4" />
		<capsule pos="-37.949999999999996,-11.0,-4.600000000000001" vel="0,0,0" mass="1" elasticityCoef="1" ang="90,0,0" color="0,220,0" radius="0.5" length="4" />
		<capsule pos="-37.949999999999996,-11.0,-2.299999999999997" vel="0,0,0" mass="1" elasticityCoef="1" ang="90,0,0" color="0,220,0" radius="0.5" length="4" />
		<capsule pos="-37.949999999999996,-11.0,0.0" vel="0,0,0" mass="1" elasticityCoef="1" ang="90,0,0" color="0,220,0" radius="0.5" length="4" />
		<capsule pos="-37.949999999999996,-11.0,2.3000000000000043" vel="0,0,0" mass="1" elasticityCoef="1" ang="90,0,0" color="0,220,0" radius="0.5" length="4" />
		<capsule pos="-37.949999999999996,-11.0,4.600000000000001" vel="0,0,0" mass="1" elasticityCoef="1" ang="90,0,0" color="0,220,0" radius="0.5" length="4" />
		<capsule pos="-37.949999999999996,-11.0,6.899999999999999" vel="0,0,0" mass="1" elasticityCoef="1" ang="90,0,0" color="0,220,0" radius="0.5" length="4" />
		<capsule pos="-37.949999999999996,-11.0,9.200000000000003" vel="0,0,0" mass="1" elasticityCoef="1" ang="90,0,0" color="0,220,0" radius="0.5" length="4" />
		<capsule pos="-37.949999999999996,-11.0,11.5" vel="0,0,0" mass="1" elasticityCoef="1" ang="90,0,0" color="0,220,0" radius="0.5" length="4" />
		<capsule pos="-37.949999999999996,-11.0,13.799999999999997" vel="0,0,0" mass="1" elasticityCoef="1" ang="90,0,0" color="0,220,0" radius="0.5" length="4" />
		<capsule pos="-37.949999999999996,-11.0,16.1" vel="0,0,0" mass="1" elasticityCoef="1" ang="90,0,0" color="0,220,0" radius="0.5" length="4" />
		<capsule pos="-37.949999999999996,-11.0,18.4" vel="0,0,0" mass="1" elasticityCoef="1" ang="90,0,0" color="0,220,0" radius="0.5" length="4" />
		<capsule pos="-37.949999999999996,-11.0,20.699999999999996" vel="0,0,0" mass="1" elasticityCoef="1" ang="90,0,0" color="0,220,0" radius="0.5" length="4" />
		<capsule pos="-37.949999999999996,-11.0,22.999999999999993" vel="0,0,0" mass="1" elasticityCoef="1" ang="90,0,0" color="0,220,0" radius="0.5" length="4" />
		<capsule pos="-37.949999999999996,-11.0,25.300000000000004" vel="0,0,0" mass="1" elasticityCoef="1" ang="90,0,0" color="0,220,0" radius="0.5" length="4" />
		<capsule pos="-37.949999999999996,-11.0,27.6" vel="0,0,0" mass="1" elasticityCoef="1" ang="90,0,0" color="0,220,0" radius="0.5" length="4" />
		<capsule pos="-37.949999999999996,-11.0,29.9" vel="0,0,0" mass="1" elasticityCoef="1" ang="90,0,0" color="0,220,0" radius="0.5" length="4" />
		<capsule pos="-37.949999999999996,-11.0,32.199999999999996" vel="0,0,0" mass="1" elasticityCoef="1" ang="90,0,0" color="0,220,0" radius="0.5" length="4" />
		<capsule pos="-37.949999999999996,-11.0,34.49999999999999" vel="0,0,0" mass="1" elasticityCoef="1" ang="90,0,0" color="0,220,0" radius="0.5" length="4" />
		<capsule pos="-37.949999999999996,-11.0,36.800000000000004" vel="0,0,0" mass="1" elasticityCoef="1" ang="90,0,0" color="0,220,0" radius="0.5" length="4" />
		<capsule pos="-37.949999999999996,-11.0,39.1" vel="0,0,0" mass="1" elasticityCoef="1" ang="90,0,0" color="0,220,0" radius="0.5" length="4" />
		<capsule pos="-37.949999999999996,-11.0,41.4" vel="0,0,0" mass="1" elasticityCoef="1" ang="90,0,0" color="0,220,0" radius="0.5" length="4" />
		<capsule pos="-37.949999999999996,-5.5,-43.699999999999996" vel="0,0,0" mass="1" elasticityCoef="1" ang="90,0,0" color="0,220,0" radius="0.5" length="4" />
		<capsule pos="-37.949999999999996,-5.5,-41.4" vel="0,0,0" mass="1" elasticityCoef="1" ang="90,0,0" color="0,220,0" radius="0.5" length="4" />
		<capsule pos="-37.949999999999996,-5.5,-39.099999999999994" vel="0,0,0" mass="1" elasticityCoef="1" ang="90,0,0" color="0,220,0" radius="0.5" length="4" />
		<capsule pos="-37.949999999999996,-5.5,-36.8" vel="0,0,0" mass="1" elasticityCoef="1" ang="90,0,0" color="0,220,0" radius="0.5" length="4" />
		<capsule pos="-37.949999999999996,-5.5,-34.5" vel="0,0,0" mass="1" elasticityCoef="1" ang="90,0,0" color="0,220,0" radius="0.5" length="4" />
		<capsule pos="-37.949999999999996,-5.5,-32.199999999999996" vel="0,0,0" mass="1" elasticityCoef="1" ang="90,0,0" color="0,220,0" radius="0.5" length="4" />
		<capsule pos="-37.949999999999996,-5.5,-29.9" vel="0,0,0" mass="1" elasticityCoef="1" ang="90,0,0" color="0,220,0" radius="0.5" length="4" />
		<capsule pos="-37.949999999999996,-5.5,-27.599999999999998" vel="0,0,0" mass="1" elasticityCoef="1" ang="90,0,0" color="0,220,0" radius="0.5" length="4" />
		<capsule pos="-37.949999999999996,-5.5,-25.299999999999997" vel="0,0,0" mass="1" elasticityCoef="1" ang="90,0,0" color="0,220,0" radius="0.5" length="4" />
		<capsule pos="-37.949999999999996,-5.5,-22.999999999999996" vel="0,0,0" mass="1" elasticityCoef="1" ang="90,0,0" color="0,220,0" radius="0.5" length="4" />
		<capsule pos="-37.949999999999996,-5.5,-20.699999999999996" vel="0,0,0" mass="1" elasticityCoef="1" ang="90,0,0" color="0,220,0" radius="0.5" length="4" />
		<capsule pos="-37.949999999999996,-5.5,-18.4" vel="0,0,0" mass="1" elasticityCoef="1" ang="90,0,0" color="0,220,0" radius="0.5" length="4" />
		<capsule pos="-37.949999999999996,-5.5,-16.099999999999998" vel="0,0,0" mass="1" elasticityCoef="1" ang="90,0,0" color="0,220,0" radius="0.5" length="4" />
		<capsule pos="-37.949999999999996,-5.5,-13.799999999999997" vel="0,0,0" mass="1" elasticityCoef="1" ang="90,0,0" color="0,220,0" radius="0.5" length="4" />
		<capsule pos="-37.949999999999996,-5.5,-11.5" vel="0,0,0" mass="1" elasticityCoef="1" ang="90,0,0" color="0,220,0" radius="0.5" length="4" />
		<capsule pos="-37.949999999999996,-5.5,-9.199999999999996" vel="0,0,0" mass="1" elasticityCoef="1" ang="90,0,0" color="0,220,0" radius="0.5" length="4" />
		<capsule pos="-37.949999999999996,-5.5,-6.899999999999999" vel="0,0,0" mass="1" elasticityCoef="1" ang="90,0,0" color="0,220,0" radius="0.5" length="4" />
		<capsule pos="-37.949999999999996,-5.5,-4.600000000000001" vel="0,0,0" mass="1" elasticityCoef="1" ang="90,0,0" color="0,220,0" radius="0.5" length="4" />
		<capsule pos="-37.949999999999996,-5.5,-2.299999999999997" vel="0,0,0" mass="1" elasticityCoef="1" ang="90,0,0" color="0,220,0" radius="0.5" length="4" />
		<capsule pos="-37.949999999999996,-5.5,0.0" vel="0,0,0" mass="1" elasticityCoef="1" ang="90,0,0" color="0,220,0" radius="0.5" length="4" />
		<capsule pos="-37.949999999999996,-5.5,2.3000000000000043" vel="0,0,0" mass="1" elasticityCoef="1" ang="90,0,0" color="0,220,0" radius="0.5" length="4" />
		<capsule pos="-37.949999999999996,-5.5,4.600000000000001" vel="0,0,0" mass="1" elasticityCoef="1" ang="90,0,0" color="0,220,0" radius="0.5" length="4" />
		<capsule pos="-37.949999999999996,-5.5,6.899999999999999" vel="0,0,0" mass="1" elasticityCoef="1" ang="90,0,0" color="0,220,0" radius="0.5" length="4" />
		<capsule pos="-37.949999999999996,-5.5,9.200000000000003" vel="0,0,0" mass="1" elasticityCoef="1" ang="90,0,0" color="0,220,0" radius="0.5" length="4" />
		<capsule pos="-37.949999999999996,-5.5,11.5" vel="0,0,0" mass="1" elasticityCoef="1" ang="90,0,0" color="0,220,0" radius="0.5" length="4" />
		<capsule pos="-37.949999999999996,-5.5,13.799999999999997" vel="0,0,0" mass="1" elasticityCoef="1" ang="90,0,0" color="0,220,0" radius="0.5" length="4" />
		<capsule pos="-37.949999999999996,-5.5,16.1" vel="0,0,0" mass="1" elasticityCoef="1" ang="90,0,0" color="0,220,0" radius="0.5" length="4" />
		<capsule pos="-37.949999999999996,-5.5,18.4" vel="0,0,0" mass="1" elasticityCoef="1" ang="90,0,0" color="0,220,0" radius="0.5" length="4" />
		<capsule pos="-37.949999999999996,-5.5,20.699999999999996" vel="0,0,0" mass="1" elasticityCoef="1" ang="90,0,0" color="0,220,0" radius="0.5" length="4" />
		<capsule pos="-37.949999999999996,-5.5,22.999999999999993" vel="0,0,0" mass="1" elasticityCoef="1" ang="90,0,0" color="0,220,0" radius="0.5" length="4" />
		<capsule pos="-37.949999999999996,-5.5,25.300000000000004" vel="0,0,0" mass="1" elasticityCoef="1" ang="90,0,0" color="0,220,0" radius="0.5" length="4" />
		<capsule pos="-37.949999999999996,-5.5,27.6" vel="0,0,0" mass="1" elasticityCoef="1" ang="90,0,0" color="0,220,0" radius="0.5" length="4" />
		<capsule pos="-37.949999999999996,-5.5,29.9" vel="0,0,0" mass="1" elasticityCoef="1" ang="90,0,0" color="0,220,0" radius="0.5" length="4" />
		<capsule pos="-37.949999999999996,-5.5,32.199999999999996" vel="0,0,0" mass="1" elasticityCoef="1" ang="90,0,0" color="0,220,0" radius="0.5" length="4" />
		<capsule pos="-37.949999999999996,-5.5,34.49999999999999" vel="0,0,0" mass="1" elasticityCoef="1" ang="90,0,0" color="0,220,0" radius="0.5" length="4" />
		<capsule pos="-37.949999999999996,-5.5,36.800000000000004" vel="0,0,0" mass="1" elasticityCoef="1" ang="90,0,0" color="0,220,0" radius="0.5" length="4" />
		<capsule pos="-37.949999999999996,-5.5,39.1" vel="0,0,0" mass="1" elasticityCoef="1" ang="90,0,0" color="0,220,0" radius="0.5" length="4" />
		<capsule pos="-37.949999999999996,-5.5,41.4" vel="0,0,0" mass="1" elasticityCoef="1" ang="90,0,0" color="0,220,0" radius="0.5" length="4" />
		<capsule pos="-37.949999999999996,0.0,-43.699999999999996" vel="0,0,0" mass="1" elasticityCoef="1" ang="90,0,0" color="0,220,0" radius="0.5" length="4" />
		<capsule pos="-37.949999999999996,0.0,-41.4" vel="0,0,0" mass="1" elasticityCoef="1" ang="90,0,0" color="0,220,0" radius="0.5" length="4" />
		<capsule pos="-37.949999999999996,0.0,-39.099999999999994" vel="0,0,0" mass="1" elasticityCoef="1" ang="90,0,0" color="0,220,0" radius="0.5" length="4" />
		<capsule pos="-37.949999999999996,0.0,-36.8" vel="0,0,0" mass="1" elasticityCoef="1" ang="90,0,0" color="0,220,0" radius="0.5" length="4" />
		<capsule pos="-37.949999999999996,0.0,-34.5" vel="0,0,0" mass="1" elasticityCoef="1" ang="90,0,0" color="0,220,0" radius="0.5" length="4" />
		<capsule pos="-37.949999999999996,0.0,-32.199999999999996" vel="0,0,0" mass="1" elasticityCoef="1" ang="90,0,0" color="0,220,0" radius="0.5" length="4" />
		<capsule pos="-37.949999999999996,0.0,-29.9" vel="0,0,0" mass="1" elasticityCoef="1" ang="90,0,0" color="0,220,0" radius="0.5" length="4" />
		<capsule pos="-37.949999999999996,0.0,-27.599999999999998" vel="0,0,0" mass="1" elasticityCoef="1" ang="90,0,0" color="0,220,0" radius="0.5" length="4" />
		<capsule pos="-37.949999999999996,0.0,-25.299999999999997" vel="0,0,0" mass="1" elasticityCoef="1" ang="90,0,0" color="0,220,0" radius="0.5" length="4" />
		<capsule pos="-37.949999999999996,0.0,-22.999999999999996" vel="0,0,0" mass="1" elasticityCoef="1" ang="90,0,0" color="0,220,0" radius="0.5" length="4" />
		<capsule pos="-37.949999999999996,0.0,-20.699999999999996" vel="0,0,0" mass="1" elasticityCoef="1" ang="90,0,0" color="0,220,0" radius="0.5" length="4" />
		<capsule pos="-37.949999999999996,0.0,-18.4" vel="0,0,0" mass="1" elasticityCoef="1" ang="90,0,0" color="0,220,0" radius="0.5" length="4" />
		<capsule pos="-37.949999999999996,0.0,-16.099999999999998" vel="0,0,0" mass="1" elasticityCoef="1" ang="90,0,0" color="0,220,0" radius="0.5" length="4" />
		<capsule pos="-37.949999999999996,0.0,-13.799999999999997" vel="0,0,0" mass="1" elasticityCoef="1" ang="90,0,0" color="0,220,0" radius="0.5" length="4" />
		<capsule pos="-37.949999999999996,0.0,-11.5" vel="0,0,0" mass="1" elasticityCoef="1" ang="90,0,0" color="0,220,0" radius="0.5" length="4" />
		<capsule pos="-37.949999999999996,0.0,-9.199999999999996" vel="0,0,0" mass="1" elasticityCoef="1" ang="90,0,0" color="0,220,0" radius="0.5" length="4" />
		<capsule pos="-37.949999999999996,0.0,-6.899999999999999" vel="0,0,0" mass="1" elasticityCoef="1" ang="90,0,0" color="0,220,0" radius="0.5" length="4" />
		<capsule pos="-37.949999999999996,0.0,-4.600000000000001" vel="0,0,0" mass="1" elasticityCoef="1" ang="90,0,0" color="0,220,0" radius="0.5" length="4" />
		<capsule pos="-37.949999999999996,0.0,-2.299999999999997" vel="0,0,0" mass="1" elasticityCoef="1" ang="90,0,0" color="0,220,0" radius="0.5" length="4" />
		<capsule pos="-37.949999999999996,0.0,0.0" vel="0,0,0" mass="1" elasticityCoef="1" ang="90,0,0" color="0,220,0" radius="0.5" length="4" />
		<capsule pos="-37.949999999999996,0.0,2.3000000000000043" vel="0,0,0" mass="1" elasticityCoef="1" ang="90,0,0" color="0,220,0" radius="0.5" length="4" />
		<capsule pos="-37.949999999999996,0.0,4.600000000000001" vel="0,0,0" mass="1" elasticityCoef="1" ang="90,0,0" color="0,220,0" radius="0.5" length="4" />
		<capsule pos="-37.949999999999996,0.0,6.899999999999999" vel="0,0,0" mass="1" elasticityCoef="1" ang="90,0,0" color="0,220,0" radius="0.5" length="4" />
		<capsule pos="-37.949999999999996,0.0,9.200000000000003" vel="0,0,0" mass="1" elasticityCoef="1" ang="90,0,0" color="0,220,0" radius="0.5" length="4" />
		<capsule pos="-37.949999999999996,0.0,11.5" vel="0,0,0" mass="1" elasticityCoef="1" ang="90,0,0" color="0,220,0" radius="0.5" length="4" />
		<capsule pos="-37.949999999999996,0.0,13.799999999999997" vel="0,0,0" mass="1" elasticityCoef="1" ang="90,0,0" color="0,220,0" radius="0.5" length="4" />
		<capsule pos="-37.949999999999996,0.0,16.1" vel="0,0,0" mass="1" elasticityCoef="1" ang="90,0,0" color="0,220,0" radius="0.5" length="4" />
		<capsule pos="-37.949999999999996,0.0,18.4" vel="0,0,0" mass="1" elasticityCoef="1" ang="90,0,0" color="0,220,0" radius="0.5" length="4" />
		<capsule pos="-37.949999999999996,0.0,20.699999999999996" vel="0,0,0" mass="1" elasticityCoef="1" ang="90,0,0" color="0,220,0" radius="0.5" length="4" />
		<capsule pos="-37.949999999999996,0.0,22.999999999999993" vel="0,0,0" mass="1" elasticityCoef="1" ang="90,0,0" color="0,220,0" radius="0.5" length="4" />
		<capsule pos="-37.949999999999996,0.0,25.300000000000004" vel="0,0,0" mass="1" elasticityCoef="1" ang="90,0,0" color="0,220,0" radius="0.5" length="4" />
		<capsule pos="-37.949999999999996,0.0,27.6" vel="0,0,0" mass="1" elasticityCoef="1" ang="90,0,0" color="0,220,0" radius="0.5" length="4" />
		<capsule pos="-37.949999999999996,0.0,29.9" vel="0,0,0" mass="1" elasticityCoef="1" ang="90,0,0" color="0,220,0" radius="0.5" length="4" />
		<capsule pos="-37.949999999999996,0.0,32.199999999999996" vel="0,0,0" mass="1" elasticityCoef="1" ang="90,0,0" color="0,220,0" radius="0.5" length="4" />
		<capsule pos="-37.949999999999996,0.0,34.49999999999999" vel="0,0,0" mass="1" elasticityCoef="1" ang="90,0,0" color="0,220,0" radius="0.5" length="4" />
		<capsule pos="-37.949999999999996,0.0,36.800000000000004" vel="0,0,0" mass="1" elasticityCoef="1" ang="90,0,0" color="0,220,0" radius="0.5" length="4" />
		<capsule pos="-37.949999999999996,0.0,39.1" vel="0,0,0" mass="1" elasticityCoef="1" ang="90,0,0" color="0,220,0" radius="0.5" length="4" />
		<capsule pos="-37.949999999999996,0.0,41.4" vel="0,0,0" mass="1" elasticityCoef="1" ang="90,0,0" color="0,220,0" radius="0.5" length="4" />
		<capsule pos="-37.949999999999996,5.5,-43.699999999999996" vel="0,0,0" mass="1" elasticityCoef="1" ang="90,0,0" color="0,220,0" radius="0.5" length="4" />
		<capsule pos="-37.949999999999996,5.5,-41.4" vel="0,0,0" mass="1" elasticityCoef="1" ang="90,0,0" color="0,220,0" radius="0.5" length="4" />
		<capsule pos="-37.949999999999996,5.5,-39.099999999999994" vel="0,0,0" mass="1" elasticityCoef="1" ang="90,0,0" color="0,220,0" radius="0.5" length="4" />
		<capsule pos="-37.949999999999996,5.5,-36.8" vel="0,0,0" mass="1" elasticityCoef="1" ang="90,0,0" color="0,220,0" radius="0.5" length="4" />
		<capsule pos="-37.949999999999996,5.5,-34.5" vel="0,0,0" mass="1" elasticityCoef="1" ang="90,0,0" color="0,220,0" radius="0.5" length="4" />
		<capsule pos="-37.949999999999996,5.5,-32.199999999999996" vel="0,0,0" mass="1" elasticityCoef="1" ang="90,0,0" color="0,220,0" radius="0.5" length="4" />
		<capsule pos="-37.949999999999996,5.5,-29.9" vel="0,0,0" mass="1" elasticityCoef="1" ang="90,0,0" color="0,220,0" radius="0.5" length="4" />
		<capsule pos="-37.949999999999996,5.5,-27.599999999999998" vel="0,0,0" mass="1" elasticityCoef="1" ang="90,0,0" color="0,220,0" radius="0.5" length="4" />
		<capsule pos="-37.949999999999996,5.5,-25.299999999999997" vel="0,0,0" mass="1" elasticityCoef="1" ang="90,0,0" color="0,220,0" radius="0.5" length="4" />
		<capsule pos="-37.949999999999996,5.5,-22.999999999999996" vel="0,0,0" mass="1" elasticityCoef="1" ang="90,0,0" color="0,220,0" radius="0.5" length="4" />
		<capsule pos="-37.949999999999996,5.5,-20.699999999999996" vel="0,0,0" mass="1" elasticityCoef="1" ang="90,0,0" color="0,220,0" radius="0.5" length="4" />
		<capsule pos="-37.949999999999996,5.5,-18.4" vel="0,0,0" mass="1" elasticityCoef="1" ang="90,0,0" color="0,220,0" radius="0.5" length="4" />
		<capsule pos="-37.949999999999996,5.5,-16.099999999999998" vel="0,0,0" mass="1" elasticityCoef="1" ang="90,0,0" color="0,220,0" radius="0.5" length="4" />
		<capsule pos="-37.949999999999996,5.5,-13.799999999999997" vel="0,0,0" mass="1" elasticityCoef="1" ang="90,0,0" color="0,220,0" radius="0.5" length="4" />
		<capsule pos="-37.949999999999996,5.5,-11.5" vel="0,0,0" mass="1" elasticityCoef="1" ang="90,0,0" color="0,220,0" radius="0.5" length="4" />
		<capsule pos="-37.949999999999996,5.5,-9.199999999999996" vel="0,0,0" mass="1" elasticityCoef="1" ang="90,0,0" color="0,220,0" radius="0.5" length="4" />
		<capsule pos="-37.949999999999996,5.5,-6.899999999999999" vel="0,0,0" mass="1" elasticityCoef="1" ang="90,0,0" color="0,220,0" radius="0.5" length="4" />
		<capsule pos="-37.949999999999996,5.5,-4.600000000000001" vel="0,0,0" mass="1" elasticityCoef="1" ang="90,0,0" color="0,220,0" radius="0.5" length="4" />
		<capsule pos="-37.949999999999996,5.5,-2.299999999999997" vel="0,0,0" mass="1" elasticityCoef="1" ang="90,0,0" color="0,220,0" radius="0.5" length="4" />
		<capsule pos="-37.949999999999996,5.5,0.0" vel="0,0,0" mass="1" elasticityCoef="1" ang="90,0,0" color="0,220,0" radius="0.5" length="4" />
		<capsule pos="-37.949999999999996,5.5,2.3000000000000043" vel="0,0,0" mass="1" elasticityCoef="1" ang="90,0,0" color="0,220,0" radius="0.5" length="4" />
		<capsule pos="-37.949999999999996,5.5,4.600000000000001" vel="0,0,0" mass="1" elasticityCoef="1" ang="90,0,0" color="0,220,0" radius="0.5" length="4" />
		<capsule pos="-37.949999999999996,5.5,6.899999999999999" vel="0,0,0" mass="1" elasticityCoef="1" ang="90,0,0" color="0,220,0" radius="0.5" length="4" />
		<capsule pos="-37.949999999999996,5.5,9.200000000000003" vel="0,0,0" mass="1" elasticityCoef="1" ang="90,0,0" color="0,220,0" radius="0.5" length="4" />
		<capsule pos="-37.949999999999996,5.5,11.5" vel="0,0,0" mass="1" elasticityCoef="1" ang="90,0,0" color="0,220,0" radius="0.5" length="4" />
		<capsule pos="-37.949999999999996,5.5,13.799999999999997" vel="0,0,0" mass="1" elasticityCoef="1" ang="90,0,0" color="0,220,0" radius="0.5" length="4" />
		<capsule pos="-37.949999999999996,5.5,16.1" vel="0,0,0" mass="1" elasticityCoef="1" ang="90,0,0" color="0,220,0" radius="0.5" length="4" />
		<capsule pos="-37.949999999999996,5.5,18.4" vel="0,0,0" mass="1" elasticityCoef="1" ang="90,0,0" color="0,220,0" radius="0.5" length="4" />
		<capsule pos="-37.949999999999996,5.5,20.699999999999996" vel="0,0,0" mass="1" elasticityCoef="1" ang="90,0,0" color="0,220,0" radius="0.5" length="4" />
		<capsule pos="-37.949999999999996,5.5,22.999999999999993" vel="0,0,0" mass="1" elasticityCoef="1" ang="90,0,0" color="0,220,0" radius="0.5" length="4" />
		<capsule pos="-37.949999999999996,5.5,25.300000000000004" vel="0,0,0" mass="1" elasticityCoef="1" ang="90,0,0" color="0,220,0" radius="0.5" length="4" />
		<capsule pos="-37.949999999999996,5.5,27.6" vel="0,0,0" mass="1" elasticityCoef="1" ang="90,0,0" color="0,220,0" radius="0.5" length="4" />
		<capsule pos="-37.949999999999996,5.5,29.9" vel="0,0,0" mass="1" elasticityCoef="1" ang="90,0,0" color="0,220,0" radius="0.5" length="4" />
		<capsule pos="-37.949999999999996,5.5,32.199999999999996" vel="0,0,0" mass="1" elasticityCoef="1" ang="90,0,0" color="0,220,0" radius="0.5" length="4" />
		<capsule pos="-37.949999999999996,5.5,34.49999999999999" vel="0,0,0" mass="1" elasticityCoef="1" ang="90,0,0" color="0,220,0" radius="0.5" length="4" />
		<capsule pos="-37.949999999999996,5.5,36.800000000000004" vel="0,0,0" mass="1" elasticityCoef="1" ang="90,0,0" color="0,220,0" radius="0.5" length="4" />
		<capsule pos="-37.949999999999996,5.5,39.1" vel="0,0,0" mass="1" elasticityCoef="1" ang="90,0,0" color="0,220,0" radius="0.5" length="4" />
		<capsule pos="-37.949999999999996,5.5,41.4" vel="0,0,0" mass="1" elasticityCoef="1" ang="90,0,0" color="0,220,0" radius="0.5" length="4" />
		<capsule pos="-37.949999999999996,11.0,-43.699999999999996" vel="0,0,0" mass="1" elasticityCoef="1" ang="90,0,0" color="0,220,0" radius="0.5" length="4" />
		<capsule pos="-37.949999999999996,11.0,-41.4" vel="0,0,0" mass="1" elasticityCoef="1" ang="90,0,0" color="0,220,0" radius="0.5" length="4" />
		<capsule pos="-37.949999999999996,11.0,-39.099999999999994" vel="0,0,0" mass="1" elasticityCoef="1" ang="90,0,0" color="0,220,0" radius="0.5" length="4" />
		<capsule pos="-37.949999999999996,11.0,-36.8" vel="0,0,0" mass="1" elasticityCoef="1" ang="90,0,0" color="0,220,0" radius="0.5" length="4" />
		<capsule pos="-37.949999999999996,11.0,-34.5" vel="0,0,0" mass="1" elasticityCoef="1" ang="90,0,0" color="0,220,0" radius="0.5" length="4" />
		<capsule pos="-37.949999999999996,11.0,-32.199999999999996" vel="0,0,0" mass="1" elasticityCoef="1" ang="90,0,0" color="0,220,0" radius="0.5" length="4" />
		<capsule pos="-37.949999999999996,11.0,-29.9" vel="0,0,0" mass="1" elasticityCoef="1" ang="90,0,0" color="0,220,0" radius="0.5" length="4" />
		<capsule pos="-37.949999999999996,11.0,-27.599999999999998" vel="0,0,0" mass="1" elasticityCoef="1" ang="90,0,0" color="0,220,0" radius="0.5" length="4" />
		<capsule pos="-37.949999999999996,11.0,-25.299999999999997" vel="0,0,0" mass="1" elasticityCoef="1" ang="90,0,0" color="0,220,0" radius="0.5" length="4" />
		<capsule pos="-37.949999999999996,11.0,-22.999999999999996" vel="0,0,0" mass="1" elasticityCoef="1" ang="90,0,0" color="0,220,0" radius="0.5" length="4" />
		<capsule pos="-37.949999999999996,11.0,-20.699999999999996" vel="0,0,0" mass="1" elasticityCoef="1" ang="90,0,0" color="0,220,0" radius="0.5" length="4" />
		<capsule pos="-37.949999999999996,11.0,-18.4" vel="0,0,0" mass="1" elasticityCoef="1" ang="90,0,0" color="0,220,0" radius="0.5" length="4" />
		<capsule pos="-37.949999999999996,11.0,-16.099999999999998" vel="0,0,0" mass="1" elasticityCoef="1" ang="90,0,0" color="0,220,0" radius="0.5" length="4" />
		<capsule pos="-37.949999999999996,11.0,-13.799999999999997" vel="0,0,0" mass="1" elasticityCoef="1" ang="90,0,0" color="0,220,0" radius="0.5" length="4" />
		<capsule pos="-37.949999999999996,11.0,-11.5" vel="0,0,0" mass="1" elasticityCoef="1" ang="90,0,0" color="0,220,0" radius="0.5" length="4" />
		<capsule pos="-37.949999999999996,11.0,-9.199999999999996" vel="0,0,0" mass="1" elasticityCoef="1" ang="90,0,0" color="0,220,0" radius="0.5" length="4" />
		<capsule pos="-37.949999999999996,11.0,-6.899999999999999" vel="0,0,0" mass="1" elasticityCoef="1" ang="90,0,0" color="0,220,0" radius="0.5" length="4" />
		<capsule pos="-37.949999999999996,11.0,-4.600000000000001" vel="0,0,0" mass="1" elasticityCoef="1" ang="90,0,0" color="0,220,0" radius="0.5" length="4" />
		<capsule pos="-37.949999999999996,11.0,-2.299999999999997" vel="0,0,0" mass="1" elasticityCoef="1" ang="90,0,0" color="0,220,0" radius="0.5" length="4" />
		<capsule pos="-37.949999999999996,11.0,0.0" vel="0,0,0" mass="1" elasticityCoef="1" ang="90,0,0" color="0,220,0" radius="0.5" length="4" />
		<capsule pos="-37.949999999999996,11.0,2.3000000000000043" vel="0,0,0" mass="1" elasticityCoef="1" ang="90,0,0" color="0,220,0" radius="0.5" length="4" />
		<capsule pos="-37.949999999999996,11.0,4.600000000000001" vel="0,0,0" mass="1" elasticityCoef="1" ang="90,0,0" color="0,220,0" radius="0.5" length="4" />
		<capsule pos="-37.949999999999996,11.0,6.899999999999999" vel="0,0,0" mass="1" elasticityCoef="1" ang="90,0,0" color="0,220,0" radius="0.5" length="4" />
		<capsule pos="-37.949999999999996,11.0,9.200000000000003" vel="0,0,0" mass="1" elasticityCoef="1" ang="90,0,0" color="0,220,0" radius="0.5" length="4" />
		<capsule pos="-37.949999999999996,11.0,11.5" vel="0,0,0" mass="1" elasticityCoef="1" ang="90,0,0" color="0,220,0" radius="0.5" length="4" />
		<capsule pos="-37.949999999999996,11.0,13.799999999999997" vel="0,0,0" mass="1" elasticityCoef="1" ang="90,0,0" color="0,220,0" radius="0.5" length="4" />
		<capsule pos="-37.949999999999996,11.0,16.1" vel="0,0,0" mass="1" elasticityCoef="1" ang="90,0,0" color="0,220,0" radius="0.5" length="4" />
		<capsule pos="-37.949999999999996,11.0,18.4" vel="0,0,0" mass="1" elasticityCoef="1" ang="90,0,0" color="0,220,0" radius="0.5" length="4" />
		<capsule pos="-37.949999999999996,11.0,20.699999999999996" vel="0,0,0" mass="1" elasticityCoef="1" ang="90,0,0" color="0,220,0" radius="0.5" length="4" />
		<capsule pos="-37.949999999999996,11.0,22.999999999999993" vel="0,0,0" mass="1" elasticityCoef="1" ang="90,0,0" color="0,220,0" radius="0.5" length="4" />
		<capsule pos="-37.949999999999996,11.0,25.300000000000004" vel="0,0,0" mass="1" elasticityCoef="1" ang="90,0,0" color="0,220,0" radius="0.5" length="4" />
		<capsule pos="-37.949999999999996,11.0,27.6" vel="0,0,0" mass="1" elasticityCoef="1" ang="90,0,0" color="0,220,0" radius="0.5" length="4" />
		<capsule pos="-37.949999999999996,11.0,29.9" vel="0,0,0" mass="1" elasticityCoef="1" ang="90,0,0" color="0,220,0" radius="0.5" length="4" />
		<capsule pos="-37.949999999999996,11.0,32.199999999999996" vel="0,0,0" mass="1" elasticityCoef="1" ang="90,0,0" color="0,220,0" radius="0.5" length="4" />
		<capsule pos="-37.949999999999996,11.0,34.49999999999999" vel="0,0,0" mass="1" elasticityCoef="1" ang="90,0,0" color="0,220,0" radius="0.5" length="4" />
		<capsule pos="-37.949999999999996,11.0,36.800000000000004" vel="0,0,0" mass="1" elasticityCoef="1" ang="90,0,0" color="0,220,0" radius="0.5" length="4" />
		<capsule pos="-37.949999999999996,11.0,39.1" vel="0,0,0" mass="1" elasticityCoef="1" ang="90,0,0" color="0,220,0" radius="0.5" length="4" />
		<capsule pos="-37.949999999999996,11.0,41.4" vel="0,0,0" mass="1" elasticityCoef="1" ang="90,0,0" color="0,220,0" radius="0.5" length="4" />
		<capsule pos="-37.949999999999996,16.5,-43.699999999999996" vel="0,0,0" mass="1" elasticityCoef="1" ang="90,0,0" color="0,220,0" radius="0.5" length="4" />
		<capsule pos="-37.949999999999996,16.5,-41.4" vel="0,0,0" mass="1" elasticityCoef="1" ang="90,0,0" color="0,220,0" radius="0.5" length="4" />
		<capsule pos="-37.949999999999996,16.5,-39.099999999999994" vel="0,0,0" mass="1" elasticityCoef="1" ang="90,0,0" color="0,220,0" radius="0.5" length="4" />
		<capsule pos="-37.949999999999996,16.5,-36.8" vel="0,0,0" mass="1" elasticityCoef="1" ang="90,0,0" color="0,220,0" radius="0.5" length="4" />
		<capsule pos="-37.949999999999996,16.5,-34.5" vel="0,0,0" mass="1" elasticityCoef="1" ang="90,0,0" color="0,220,0" radius="0.5" length="4" />
		<capsule pos="-37.949999999999996,16.5,-32.199999999999996" vel="0,0,0" mass="1" elasticityCoef="1" ang="90,0,0" color="0,220,0" radius="0.5" length="4" />
		<capsule pos="-37.949999999999996,16.5,-29.9" vel="0,0,0" mass="1" elasticityCoef="1" ang="90,0,0" color="0,220,0" radius="0.5" length="4" />
		<capsule pos="-37.949999999999996,16.5,-27.599999999999998" vel="0,0,0" mass="1" elasticityCoef="1" ang="90,0,0" color="0,220,0" radius="0.5" length="4" />
		<capsule pos="-37.949999999999996,16.5,-25.299999999999997" vel="0,0,0" mass="1" elasticityCoef="1" ang="90,0,0" color="0,220,0" radius="0.5" length="4" />
		<capsule pos="-37.949999999999996,16.5,-22.999999999999996" vel="0,0,0" mass="1" elasticityCoef="1" ang="90,0,0" color="0,220,0" radius="0.5" length="4" />
		<capsule pos="-37.949999999999996,16.5,-20.699999999999996" vel="0,0,0" mass="1" elasticityCoef="1" ang="90,0,0" color="0,220,0" radius="0.5" length="4" />
		<capsule pos="-37.949999999999996,16.5,-18.4" vel="0,0,0" mass="1" elasticityCoef="1" ang="90,0,0" color="0,220,0" radius="0.5" length="4" />
		<capsule pos="-37.949999999999996,16.5,-16.099999999999998" vel="0,0,0" mass="1" elasticityCoef="1" ang="90,0,0" color="0,220,0" radius="0.5" length="4" />
		<capsule pos="-37.949999999999996,16.5,-13.799999999999997" vel="0,0,0" mass="1" elasticityCoef="1" ang="90,0,0" color="0,220,0" radius="0.5" length="4" />
		<capsule pos="-37.949999999999996,16.5,-11.5" vel="0,0,0" mass="1" elasticityCoef="1" ang="90,0,0" color="0,220,0" radius="0.5" length="4" />
		<capsule pos="-37.949999999999996,16.5,-9.199999999999996" vel="0,0,0" mass="1" elasticityCoef="1" ang="90,0,0" color="0,220,0" radius="0.5" length="4" />
		<capsule pos="-37.949999999999996,16.5,-6.899999999999999" vel="0,0,0" mass="1" elasticityCoef="1" ang="90,0,0" color="0,220,0" radius="0.5" length="4" />
		<capsule pos="-37.949999999999996,16.5,-4.600000000000001" vel="0,0,0" mass="1" elasticityCoef="1" ang="90,0,0" color="0,220,0" radius="0.5" length="4" />
		<capsule pos="-37.949999999999996,16.5,-2.299999999999997" vel="0,0,0" mass="1" elasticityCoef="1" ang="90,0,0" color="0,220,0" radius="0.5" length="4" />
		<capsule pos="-37.949999999999996,16.5,0.0" vel="0,0,0" mass="1" elasticityCoef="1" ang="90,0,0" color="0,220,0" radius="0.5" length="4" />
		<capsule pos="-37.949999999999996,16.5,2.3000000000000043" vel="0,0,0" mass="1" elasticityCoef="1" ang="90,0,0" color="0,220,0" radius="0.5" length="4" />
		<capsule pos="-37.949999999999996,16.5,4.600000000000001" vel="0,0,0" mass="1" elasticityCoef="1" ang="90,0,0" color="0,220,0" radius="0.5" length="4" />
		<capsule pos="-37.949999999999996,16.5,6.899999999999999" vel="0,0,0" mass="1" elasticityCoef="1" ang="90,0,0" color="0,220,0" radius="0.5" length="4" />
		<capsule pos="-37.949999999999996,16.5,9.200000000000003" vel="0,0,0" mass="1" elasticityCoef="1" ang="90,0,0" color="0,220,0" radius="0.5" length="4" />
		<capsule pos="-37.949999999999996,16.5,11.5" vel="0,0,0" mass="1" elasticityCoef="1" ang="90,0,0" color="0,220,0" radius="0.5" length="4" />
		<capsule pos="-37.949999999999996,16.5,13.799999999999997" vel="0,0,0" mass="1" elasticityCoef="1" ang="90,0,0" color="0,220,0" radius="0.5" length="4" />
		<capsule pos="-37.949999999999996,16.5,16.1" vel="0,0,0" mass="1" elasticityCoef="1" ang="90,0,0" color="0,220,0" radius="0.5" length="4" />
		<capsule pos="-37.949999999999996,16.5,18.4" vel="0,0,0" mass="1" elasticityCoef="1" ang="90,0,0" color="0,220,0" radius="0.5" length="4" />
		<capsule pos="-37.949999999999996,16.5,20.699999999999996" vel="0,0,0" mass="1" elasticityCoef="1" ang="90,0,0" color="0,220,0" radius="0.5" length="4" />
		<capsule pos="-37.949999999999996,16.5,22.999999999999993" vel="0,0,0" mass="1" elasticityCoef="1" ang="90,0,0" color="0,220,0" radius="0.5" length="4" />
		<capsule pos="-37.949999999999996,16.5,25.300000000000004" vel="0,0,0" mass="1" elasticityCoef="1" ang="90,0,0" color="0,220,0" radius="0.5" length="4" />
		<capsule pos="-37.949999999999996,16.5,27.6" vel="0,0,0" mass="1" elasticityCoef="1" ang="90,0,0" color="0,220,0" radius="0.5" length="4" />
		<capsule pos="-37.949999999999996,16.5,29.9" vel="0,0,0" mass="1" elasticityCoef="1" ang="90,0,0" color="0,220,0" radius="0.5" length="4" />
		<capsule pos="-37.949999999999996,16.5,32.199999999999996" vel="0,0,0" mass="1" elasticityCoef="1" ang="90,0,0" color="0,220,0" radius="0.5" length="4" />
		<capsule pos="-37.949999999999996,16.5,34.49999999999999" vel="0,0,0" mass="1" elasticityCoef="1" ang="90,0,0" color="0,220,0" radius="0.5" length="4" />
		<capsule pos="-37.949999999999996,16.5,36.800000000000004" vel="0,0,0" mass="1" elasticityCoef="1" ang="90,0,0" color="0,220,0" radius="0.5" length="4" />
		<capsule pos="-37.949999999999996,16.5,39.1" vel="0,0,0" mass="1" elasticityCoef="1" ang="90,0,0" color="0,220,0" radius="0.5" length="4" />
		<capsule pos="-37.949999999999996,16.5,41.4" vel="0,0,0" mass="1" elasticityCoef="1" ang="90,0,0" color="0,220,0" radius="0.5" length="4" />
		<capsule pos="-37.949999999999996,22.0,-43.699999999999996" vel="0,0,0" mass="1" elasticityCoef="1" ang="90,0,0" color="0,220,0" radius="0.5" length="4" />
		<capsule pos="-37.949999999999996,22.0,-41.4" vel="0,0,0" mass="1" elasticityCoef="1" ang="90,0,0" color="0,220,0" radius="0.5" length="4" />
		<capsule pos="-37.949999999999996,22.0,-39.099999999999994" vel="0,0,0" mass="1" elasticityCoef="1" ang="90,0,0" color="0,220,0" radius="0.5" length="4" />
		<capsule pos="-37.949999999999996,22.0,-36.8" vel="0,0,0" mass="1" elasticityCoef="1" ang="90,0,0" color="0,220,0" radius="0.5" length="4" />
		<capsule pos="-37.949999999999996,22.0,-34.5" vel="0,0,0" mass="1" elasticityCoef="1" ang="90,0,0" color="0,220,0" radius="0.5" length="4" />
		<capsule pos="-37.949999999999996,22.0,-32.199999999999996" vel="0,0,0" mass="1" elasticityCoef="1" ang="90,0,0" color="0,220,0" radius="0.5" length="4" />
		<capsule pos="-37.949999999999996,22.0,-29.9" vel="0,0,0" mass="1" elasticityCoef="1" ang="90,0,0" color="0,220,0" radius="0.5" length="4" />
		<capsule pos="-37.949999999999996,22.0,-27.599999999999998" vel="0,0,0" mass="1" elasticityCoef="1" ang="90,0,0" color="0,220,0" radius="0.5" length="4" />
		<capsule pos="-37.949999999999996,22.0,-25.299999999999997" vel="0,0,0" mass="1" elasticityCoef="1" ang="90,0,0" color="0,220,0" radius="0.5" length="4" />
		<capsule pos="-37.949999999999996,22.0,-22.999999999999996" vel="0,0,0" mass="1" elasticityCoef="1" ang="90,0,0" color="0,220,0" radius="0.5" length="4" />
		<capsule pos="-37.949999999999996,22.0,-20.699999999999996" vel="0,0,0" mass="1" elasticityCoef="1" ang="90,0,0" color="0,220,0" radius="0.5" length="4" />
		<capsule pos="-37.949999999999996,22.0,-18.4" vel="0,0,0" mass="1" elasticityCoef="1" ang="90,0,0" color="0,220,0" radius="0.5" length="4" />
		<capsule pos="-37.949999999999996,22.0,-16.099999999999998" vel="0,0,0" mass="1" elasticityCoef="1" ang="90,0,0" color="0,220,0" radius="0.5" length="4" />
		<capsule pos="-37.949999999999996,22.0,-13.799999999999997" vel="0,0,0" mass="1" elasticityCoef="1" ang="90,0,0" color="0,220,0" radius="0.5" length="4" />
		<capsule pos="-37.949999999999996,22.0,-11.5" vel="0,0,0" mass="1" elasticityCoef="1" ang="90,0,0" color="0,220,0" radius="0.5" length="4" />
		<capsule pos="-37.949999999999996,22.0,-9.199999999999996" vel="0,0,0" mass="1" elasticityCoef="1" ang="90,0,0" color="0,220,0" radius="0.5" length="4" />
		<capsule pos="-37.949999999999996,22.0,-6.899999999999999" vel="0,0,0" mass="1" elasticityCoef="1" ang="90,0,0" color="0,220,0" radius="0.5" length="4" />
		<capsule pos="-37.949999999999996,22.0,-4.600000000000001" vel="0,0,0" mass="1" elasticityCoef="1" ang="90,0,0" color="0,220,0" radius="0.5" length="4" />
		<capsule pos="-37.949999999999996,22.0,-2.299999999999997" vel="0,0,0" mass="1" elasticityCoef="1" ang="90,0,0" color="0,220,0" radius="0.5" length="4" />
		<capsule pos="-37.949999999999996,22.0,0.0" vel="0,0,0" mass="1" elasticityCoef="1" ang="90,0,0" color="0,220,0" radius="0.5" length="4" />
		<capsule pos="-37.949999999999996,22.0,2.3000000000000043" vel="0,0,0" mass="1" elasticityCoef="1" ang="90,0,0" color="0,220,0" radius="0.5" length="4" />
		<capsule pos="-37.949999999999996,22.0,4.600000000000001" vel="0,0,0" mass="1" elasticityCoef="1" ang="90,0,0" color="0,220,0" radius="0.5" length="4" />
		<capsule pos="-37.949999999999996,22.0,6.899999999999999" vel="0,0,0" mass="1" elasticityCoef="1" ang="90,0,0" color="0,220,0" radius="0.5" length="4" />
		<capsule pos="-37.949999999999996,22.0,9.200000000000003" vel="0,0,0" mass="1" elasticityCoef="1" ang="90,0,0" color="0,220,0" radius="0.5" length="4" />
		<capsule pos="-37.949999999999996,22.0,11.5" vel="0,0,0" mass="1" elasticityCoef="1" ang="90,0,0" color="0,220,0" radius="0.5" length="4" />
		<capsule pos="-37.949999999999996,22.0,13.799999999999997" vel="0,0,0" mass="1" elasticityCoef="1" ang="90,0,0" color="0,220,0" radius="0.5" length="4" />
		<capsule pos="-37.949999999999996,22.0,16.1" vel="0,0,0" mass="1" elasticityCoef="1" ang="90,0,0" color="0,220,0" radius="0.5" length="4" />
		<capsule pos="-37.949999999999996,22.0,18.4" vel="0,0,0" mass="1" elasticityCoef="1" ang="90,0,0" color="0,220,0" radius="0.5" length="4" />
		<capsule pos="-37.949999999999996,22.0,20.699999999999996" vel="0,0,0" mass="1" elasticityCoef="1" ang="90,0,0" color="0,220,0" radius="0.5" length="4" />
		<capsule pos="-37.949999999999996,22.0,22.999999999999993" vel="0,0,0" mass="1" elasticityCoef="1" ang="90,0,0" color="0,220,0" radius="0.5" length="4" />
		<capsule pos="-37.949999999999996,22.0,25.300000000000004" vel="0,0,0" mass="1" elasticityCoef="1" ang="90,0,0" color="0,220,0" radius="0.5" length="4" />
		<capsule pos="-37.949999999999996,22.0,27.6" vel="0,0,0" mass="1" elasticityCoef="1" ang="90,0,0" color="0,220,0" radius="0.5" length="4" />
		<capsule pos="-37.949999999999996,22.0,29.9" vel="0,0,0" mass="1" elasticityCoef="1" ang="90,0,0" color="0,220,0" radius="0.5" length="4" />
		<capsule pos="-37.949999999999996,22.0,32.199999999999996" vel="0,0,0" mass="1" elasticityCoef="1" ang="90,0,0" color="0,220,0" radius="0.5" length="4" />
		<capsule pos="-37.949999999999996,22.0,34.49999999999999" vel="0,0,0" mass="1" elasticityCoef="1" ang="90,0,0" color="0,220,0" radius="0.5" length="4" />
		<capsule pos="-37.949999999999996,22.0,36.800000000000004" vel="0,0,0" mass="1" elasticityCoef="1" ang="90,0,0" color="0,220,0" radius="0.5" length="4" />
		<capsule pos="-37.949999999999996,22.0,39.1" vel="0,0,0" mass="1" elasticityCoef="1" ang="90,0,0" color="0,220,0" radius="0.5" length="4" />
		<capsule pos="-37.949999999999996,22.0,41.4" vel="0,0,0" mass="1" elasticityCoef="1" ang="90,0,0" color="0,220,0" radius="0.5" length="4" />
		<capsule pos="-37.949999999999996,27.5,-43.699999999999996" vel="0,0,0" mass="1" elasticityCoef="1" ang="90,0,0" color="0,220,0" radius="0.5" length="4" />
		<capsule pos="-37.949999999999996,27.5,-41.4" vel="0,0,0" mass="1" elasticityCoef="1" ang="90,0,0" color="0,220,0" radius="0.5" length="4" />
		<capsule pos="-37.949999999999996,27.5,-39.099999999999994" vel="0,0,0" mass="1" elasticityCoef="1" ang="90,0,0" color="0,220,0" radius="0.5" length="4" />
		<capsule pos="-37.949999999999996,27.5,-36.8" vel="0,0,0" mass="1" elasticityCoef="1" ang="90,0,0" color="0,220,0" radius="0.5" length="4" />
		<capsule pos="-37.949999999999996,27.5,-34.5" vel="0,0,0" mass="1" elasticityCoef="1" ang="90,0,0" color="0,220,0" radius="0.5" length="4" />
		<capsule pos="-37.949999999999996,27.5,-32.199999999999996" vel="0,0,0" mass="1" elasticityCoef="1" ang="90,0,0" color="0,220,0" radius="0.5" length="4" />
		<capsule pos="-37.949999999999996,27.5,-29.9" vel="0,0,0" mass="1" elasticityCoef="1" ang="90,0,0" color="0,220,0" radius="0.5" length="4" />
		<capsule pos="-37.949999999999996,27.5,-27.599999999999998" vel="0,0,0" mass="1" elasticityCoef="1" ang="90,0,0" color="0,220,0" radius="0.5" length="4" />
		<capsule pos="-37.949999999999996,27.5,-25.299999999999997" vel="0,0,0" mass="1" elasticityCoef="1" ang="90,0,0" color="0,220,0" radius="0.5" length="4" />
		<capsule pos="-37.949999999999996,27.5,-22.999999999999996" vel="0,0,0" mass="1" elasticityCoef="1" ang="90,0,0" color="0,220,0" radius="0.5" length="4" />
		<capsule pos="-37.949999999999996,27.5,-20.699999999999996" vel="0,0,0" mass="1" elasticityCoef="1" ang="90,0,0" color="0,220,0" radius="0.5" length="4" />
		<capsule pos="-37.949999999999996,27.5,-18.4" vel="0,0,0" mass="1" elasticityCoef="1" ang="90,0,0" color="0,220,0" radius="0.5" length="4" />
		<capsule pos="-37.949999999999996,27.5,-16.099999999999998" vel="0,0,0" mass="1" elasticityCoef="1" ang="90,0,0" color="0,220,0" radius="0.5" length="4" />
		<capsule pos="-37.949999999999996,27.5,-13.799999999999997" vel="0,0,0" mass="1" elasticityCoef="1" ang="90,0,0" color="0,220,0" radius="0.5" length="4" />
		<capsule pos="-37.949999999999996,27.5,-11.5" vel="0,0,0" mass="1" elasticityCoef="1" ang="90,0,0" color="0,220,0" radius="0.5" length="4" />
		<capsule pos="-37.949999999999996,27.5,-9.199999999999996" vel="0,0,0" mass="1" elasticityCoef="1" ang="90,0,0" color="0,220,0" radius="0.5" length="4" />
		<capsule pos="-37.949999999999996,27.5,-6.899999999999999" vel="0,0,0" mass="1" elasticityCoef="1" ang="90,0,0" color="0,220,0" radius="0.5" length="4" />
		<capsule pos="-37.949999999999996,27.5,-4.600000000000001" vel="0,0,0" mass="1" elasticityCoef="1" ang="90,0,0" color="0,220,0" radius="0.5" length="4" />
		<capsule pos="-37.949999999999996,27.5,-2.299999999999997" vel="0,0,0" mass="1" elasticityCoef="1" ang="90,0,0" color="0,220,0" radius="0.5" length="4" />
		<capsule pos="-37.949999999999996,27.5,0.0" vel="0,0,0" mass="1" elasticityCoef="1" ang="90,0,0" color="0,220,0" radius="0.5" length="4" />
		<capsule pos="-37.949999999999996,27.5,2.3000000000000043" vel="0,0,0" mass="1" elasticityCoef="1" ang="90,0,0" color="0,220,0" radius="0.5" length="4" />
		<capsule pos="-37.949999999999996,27.5,4.600000000000001" vel="0,0,0" mass="1" elasticityCoef="1" ang="90,0,0" color="0,220,0" radius="0.5" length="4" />
		<capsule pos="-37.949999999999996,27.5,6.899999999999999" vel="0,0,0" mass="1" elasticityCoef="1" ang="90,0,0" color="0,220,0" radius="0.5" length="4" />
		<capsule pos="-37.949999999999996,27.5,9.200000000000003" vel="0,0,0" mass="1" elasticityCoef="1" ang="90,0,0" color="0,220,0" radius="0.5" length="4" />
		<capsule pos="-37.949999999999996,27.5,11.5" vel="0,0,0" mass="1" elasticityCoef="1" ang="90,0,0" color="0,220,0" radius="0.5" length="4" />
		<capsule pos="-37.949999999999996,27.5,13.799999999999997" vel="0,0,0" mass="1" elasticityCoef="1" ang="90,0,0" color="0,220,0" radius="0.5" length="4" />
		<capsule pos="-37.949999999999996,27.5,16.1" vel="0,0,0" mass="1" elasticityCoef="1" ang="90,0,0" color="0,220,0" radius="0.5" length="4" />
		<capsule pos="-37.949999999999996,27.5,18.4" vel="0,0,0" mass="1" elasticityCoef="1" ang="90,0,0" color="0,220,0" radius="0.5" length="4" />
		<capsule pos="-37.949999999999996,27.5,20.699999999999996" vel="0,0,0" mass="1" elasticityCoef="1" ang="90,0,0" color="0,220,0" radius="0.5" length="4" />
		<capsule pos="-37.949999999999996,27.5,22.999999999999993" vel="0,0,0" mass="1" elasticityCoef="1" ang="90,0,0" color="0,220,0" radius="0.5" length="4" />
		<capsule pos="-37.949999999999996,27.5,25.300000000000004" vel="0,0,0" mass="1" elasticityCoef="1" ang="90,0,0" color="0,220,0" radius="0.5" length="4" />
		<capsule pos="-37.949999999999996,27.5,27.6" vel="0,0,0" mass="1" elasticityCoef="1" ang="90,0,0" color="0,220,0" radius="0.5" length="4" />
		<capsule pos="-37.949999999999996,27.5,29.9" vel="0,0,0" mass="1" elasticityCoef="1" ang="90,0,0" color="0,220,0" radius="0.5" length="4" />
		<capsule pos="-37.949999999999996,27.5,32.199999999999996" vel="0,0,0" mass="1" elasticityCoef="1" ang="90,0,0" color="0,220,0" radius="0.5" length="4" />
		<capsule pos="-37.949999999999996,27.5,34.49999999999999" vel="0,0,0" mass="1" elasticityCoef="1" ang="90,0,0" color="0,220,0" radius="0.5" length="4" />
		<capsule pos="-37.949999999999996,27.5,36.800000000000004" vel="0,0,0" mass="1" elasticityCoef="1" ang="90,0,0" color="0,220,0" radius="0.5" length="4" />
		<capsule pos="-37.949999999999996,27.5,39.1" vel="0,0,0" mass="1" elasticityCoef="1" ang="90,0,0" color="0,220,0" radius="0.5" length="4" />
		<capsule pos="-37.949999999999996,27.5,41.4" vel="0,0,0" mass="1" elasticityCoef="1" ang="90,0,0" color="0,220,0" radius="0.5" length="4" />
		<capsule pos="-37.949999999999996,33.0,-43.699999999999996" vel="0,0,0" mass="1" elasticityCoef="1" ang="90,0,0" color="0,220,0" radius="0.5" length="4" />
		<capsule pos="-37.949999999999996,33.0,-41.4" vel="0,0,0" mass="1" elasticityCoef="1" ang="90,0,0" color="0,220,0" radius="0.5" length="4" />
		<capsule pos="-37.949999999999996,33.0,-39.099999999999994" vel="0,0,0" mass="1" elasticityCoef="1" ang="90,0,0" color="0,220,0" radius="0.5" length="4" />
		<capsule pos="-37.949999999999996,33.0,-36.8" vel="0,0,0" mass="1" elasticityCoef="1" ang="90,0,0" color="0,220,0" radius="0.5" length="4" />
		<capsule pos="-37.949999999999996,33.0,-34.5" vel="0,0,0" mass="1" elasticityCoef="1" ang="90,0,0" color="0,220,0" radius="0.5" length="4" />
		<capsule pos="-37.949999999999996,33.0,-32.199999999999996" vel="0,0,0" mass="1" elasticityCoef="1" ang="90,0,0" color="0,220,0" radius="0.5" length="4" />
		<capsule pos="-37.949999999999996,33.0,-29.9" vel="0,0,0" mass="1" elasticityCoef="1" ang="90,0,0" color="0,220,0" radius="0.5" length="4" />
		<capsule pos="-37.949999999999996,33.0,-27.599999999999998" vel="0,0,0" mass="1" elasticityCoef="1" ang="90,0,0" color="0,220,0" radius="0.5" length="4" />
		<capsule pos="-37.949999999999996,33.0,-25.299999999999997" vel="0,0,0" mass="1" elasticityCoef="1" ang="90,0,0" color="0,220,0" radius="0.5" length="4" />
		<capsule pos="-37.949999999999996,33.0,-22.999999999999996" vel="0,0,0" mass="1" elasticityCoef="1" ang="90,0,0" color="0,220,0" radius="0.5" length="4" />
		<capsule pos="-37.949999999999996,33.0,-20.699999999999996" vel="0,0,0" mass="1" elasticityCoef="1" ang="90,0,0" color="0,220,0" radius="0.5" length="4" />
		<capsule pos="-37.949999999999996,33.0,-18.4" vel="0,0,0" mass="1" elasticityCoef="1" ang="90,0,0" color="0,220,0" radius="0.5" length="4" />
		<capsule pos="-37.949999999999996,33.0,-16.099999999999998" vel="0,0,0" mass="1" elasticityCoef="1" ang="90,0,0" color="0,220,0" radius="0.5" length="4" />
		<capsule pos="-37.949999999999996,33.0,-13.799999999999997" vel="0,0,0" mass="1" elasticityCoef="1" ang="90,0,0" color="0,220,0" radius="0.5" length="4" />
		<capsule pos="-37.949999999999996,33.0,-11.5" vel="0,0,0" mass="1" elasticityCoef="1" ang="90,0,0" color="0,220,0" radius="0.5" length="4" />
		<capsule pos="-37.949999999999996,33.0,-9.199999999999996" vel="0,0,0" mass="1" elasticityCoef="1" ang="90,0,0" color="0,220,0" radius="0.5" length="4" />
		<capsule pos="-37.949999999999996,33.0,-6.899999999999999" vel="0,0,0" mass="1" elasticityCoef="1" ang="90,0,0" color="0,220,0" radius="0.5" length="4" />
		<capsule pos="-37.949999999999996,33.0,-4.600000000000001" vel="0,0,0" mass="1" elasticityCoef="1" ang="90,0,0" color="0,220,0" radius="0.5" length="4" />
		<capsule pos="-37.949999999999996,33.0,-2.299999999999997" vel="0,0,0" mass="1" elasticityCoef="1" ang="90,0,0" color="0,220,0" radius="0.5" length="4" />
		<capsule pos="-37.949999999999996,33.0,0.0" vel="0,0,0" mass="1" elasticityCoef="1" ang="90,0,0" color="0,220,0" radius="0.5" length="4" />
		<capsule pos="-37.949999999999996,33.0,2.3000000000000043" vel="0,0,0" mass="1" elasticityCoef="1" ang="90,0,0" color="0,220,0" radius="0.5" length="4" />
		<capsule pos="-37.949999999999996,33.0,4.600000000000001" vel="0,0,0" mass="1" elasticityCoef="1" ang="90,0,0" color="0,220,0" radius="0.5" length="4" />
		<capsule pos="-37.949999999999996,33.0,6.899999999999999" vel="0,0,0" mass="1" elasticityCoef="1" ang="90,0,0" color="0,220,0" radius="0.5" length="4" />
		<capsule pos="-37.949999999999996,33.0,9.200000000000003" vel="0,0,0" mass="1" elasticityCoef="1" ang="90,0,0" color="0,220,0" radius="0.5" length="4" />
		<capsule pos="-37.949999999999996,33.0,11.5" vel="0,0,0" mass="1" elasticityCoef="1" ang="90,0,0" color="0,220,0" radius="0.5" length="4" />
		<capsule pos="-37.949999999999996,33.0,13.799999999999997" vel="0,0,0" mass="1" elasticityCoef="1" ang="90,0,0" color="0,220,0" radius="0.5" length="4" />
		<capsule pos="-37.949999999999996,33.0,16.1" vel="0,0,0" mass="1" elasticityCoef="1" ang="90,0,0" color="0,220,0" radius="0.5" length="4" />
		<capsule pos="-37.949999999999996,33.0,18.4" vel="0,0,0" mass="1" elasticityCoef="1" ang="90,0,0" color="0,220,0" radius="0.5" length="4" />
		<capsule pos="-37.949999999999996,33.0,20.699999999999996" vel="0,0,0" mass="1" elasticityCoef="1" ang="90,0,0" color="0,220,0" radius="0.5" length="4" />
		<capsule pos="-37.949999999999996,33.0,22.999999999999993" vel="0,0,0" mass="1" elasticityCoef="1" ang="90,0,0" color="0,220,0" radius="0.5" length="4" />
		<capsule pos="-37.949999999999996,33.0,25.300000000000004" vel="0,0,0" mass="1" elasticityCoef="1" ang="90,0,0" color="0,220,0" radius="0.5" length="4" />
		<capsule pos="-37.949999999999996,33.0,27.6" vel="0,0,0" mass="1" elasticityCoef="1" ang="90,0,0" color="0,220,0" radius="0.5" length="4" />
		<capsule pos="-37.949999999999996,33.0,29.9" vel="0,0,0" mass="1" elasticityCoef="1" ang="90,0,0" color="0,220,0" radius="0.5" length="4" />
		<capsule pos="-37.949999999999996,33.0,32.199999999999996" vel="0,0,0" mass="1" elasticityCoef="1" ang="90,0,0" color="0,220,0" radius="0.5" length="4" />
		<capsule pos="-37.949999999999996,33.0,34.49999999999999" vel="0,0,0" mass="1" elasticityCoef="1" ang="90,0,0" color="0,220,0" radius="0.5" length="4" />
		<capsule pos="-37.949999999999996,33.0,36.800000000000004" vel="0,0,0" mass="1" elasticityCoef="1" ang="90,0,0" color="0,220,0" radius="0.5" length="4" />
		<capsule pos="-37.949999999999996,33.0,39.1" vel="0,0,0" mass="1" elasticityCoef="1" ang="90,0,0" color="0,220,0" radius="0.5" length="4" />
		<capsule pos="-37.949999999999996,33.0,41.4" vel="0,0,0" mass="1" elasticityCoef="1" ang="90,0,0" color="0,220,0" radius="0.5" length="4" />
		<capsule pos="-37.949999999999996,38.5,-43.699999999999996" vel="0,0,0" mass="1" elasticityCoef="1" ang="90,0,0" color="0,220,0" radius="0.5" length="4" />
		<capsule pos="-37.949999999999996,38.5,-41.4" vel="0,0,0" mass="1" elasticityCoef="1" ang="90,0,0" color="0,220,0" radius="0.5" length="4" />
		<capsule pos="-37.949999999999996,38.5,-39.099999999999994" vel="0,0,0" mass="1" elasticityCoef="1" ang="90,0,0" color="0,220,0" radius="0.5" length="4" />
		<capsule pos="-37.949999999999996,38.5,-36.8" vel="0,0,0" mass="1" elasticityCoef="1" ang="90,0,0" color="0,220,0" radius="0.5" length="4" />
		<capsule pos="-37.949999999999996,38.5,-34.5" vel="0,0,0" mass="1" elasticityCoef="1" ang="90,0,0" color="0,220,0" radius="0.5" length="4" />
		<capsule pos="-37.949999999999996,38.5,-32.199999999999996" vel="0,0,0" mass="1" elasticityCoef="1" ang="90,0,0" color="0,220,0" radius="0.5" length="4" />
		<capsule pos="-37.949999999999996,38.5,-29.9" vel="0,0,0" mass="1" elasticityCoef="1" ang="90,0,0" color="0,220,0" radius="0.5" length="4" />
		<capsule pos="-37.949999999999996,38.5,-27.599999999999998" vel="0,0,0" mass="1" elasticityCoef="1" ang="90,0,0" color="0,220,0" radius="0.5" length="4" />
		<capsule pos="-37.949999999999996,38.5,-25.299999999999997" vel="0,0,0" mass="1" elasticityCoef="1" ang="90,0,0" color="0,220,0" radius="0.5" length="4" />
		<capsule pos="-37.949999999999996,38.5,-22.999999999999996" vel="0,0,0" mass="1" elasticityCoef="1" ang="90,0,0" color="0,220,0" radius="0.5" length="4" />
		<capsule pos="-37.949999999999996,38.5,-20.699999999999996" vel="0,0,0" mass="1" elasticityCoef="1" ang="90,0,0" color="0,220,0" radius="0.5" length="4" />
		<capsule pos="-37.949999999999996,38.5,-18.4" vel="0,0,0" mass="1" elasticityCoef="1" ang="90,0,0" color="0,220,0" radius="0.5" length="4" />
		<capsule pos="-37.949999999999996,38.5,-16.099999999999998" vel="0,0,0" mass="1" elasticityCoef="1" ang="90,0,0" color="0,220,0" radius="0.5" length="4" />
		<capsule pos="-37.949999999999996,38.5,-13.799999999999997" vel="0,0,0" mass="1" elasticityCoef="1" ang="90,0,0" color="0,220,0" radius="0.5" length="4" />
		<capsule pos="-37.949999999999996,38.5,-11.5" vel="0,0,0" mass="1" elasticityCoef="1" ang="90,0,0" color="0,220,0" radius="0.5" length="4" />
		<capsule pos="-37.949999999999996,38.5,-9.199999999999996" vel="0,0,0" mass="1" elasticityCoef="1" ang="90,0,0" color="0,220,0" radius="0.5" length="4" />
		<capsule pos="-37.949999999999996,38.5,-6.899999999999999" vel="0,0,0" mass="1" elasticityCoef="1" ang="90,0,0" color="0,220,0" radius="0.5" length="4" />
		<capsule pos="-37.949999999999996,38.5,-4.600000000000001" vel="0,0,0" mass="1" elasticityCoef="1" ang="90,0,0" color="0,220,0" radius="0.5" length="4" />
		<capsule pos="-37.949999999999996,38.5,-2.299999999999997" vel="0,0,0" mass="1" elasticityCoef="1" ang="90,0,0" color="0,220,0" radius="0.5" length="4" />
		<capsule pos="-37.949999999999996,38.5,0.0" vel="0,0,0" mass="1" elasticityCoef="1" ang="90,0,0" color="0,220,0" radius="0.5" length="4" />
		<capsule pos="-37.949999999999996,38.5,2.3000000000000043" vel="0,0,0" mass="1" elasticityCoef="1" ang="90,0,0" color="0,220,0" radius="0.5" length="4" />
		<capsule pos="-37.949999999999996,38.5,4.600000000000001" vel="0,0,0" mass="1" elasticityCoef="1" ang="90,0,0" color="0,220,0" radius="0.5" length="4" />
		<capsule pos="-37.949999999999996,38.5,6.899999999999999" vel="0,0,0" mass="1" elasticityCoef="1" ang="90,0,0" color="0,220,0" radius="0.5" length="4" />
		<capsule pos="-37.949999999999996,38.5,9.200000000000003" vel="0,0,0" mass="1" elasticityCoef="1" ang="90,0,0" color="0,220,0" radius="0.5" length="4" />
		<capsule pos="-37.949999999999996,38.5,11.5" vel="0,0,0" mass="1" elasticityCoef="1" ang="90,0,0" color="0,220,0" radius="0.5" length="4" />
		<capsule pos="-37.949999999999996,38.5,13.799999999999997" vel="0,0,0" mass="1" elasticityCoef="1" ang="90,0,0" color="0,220,0" radius="0.5" length="4" />
		<capsule pos="-37.949999999999996,38.5,16.1" vel="0,0,0" mass="1" elasticityCoef="1" ang="90,0,0" color="0,220,0" radius="0.5" length="4" />
		<capsule pos="-37.949999999999996,38.5,18.4" vel="0,0,0" mass="1" elasticityCoef="1" ang="90,0,0" color="0,220,0" radius="0.5" length="4" />
		<capsule pos="-37.949999999999996,38.5,20.699999999999996" vel="0,0,0" mass="1" elasticityCoef="1" ang="90,0,0" color="0,220,0" radius="0.5" length="4" />
		<capsule pos="-37.949999999999996,38.5,22.999999999999993" vel="0,0,0" mass="1" elasticityCoef="1" ang="90,0,0" color="0,220,0" radius="0.5" length="4" />
		<capsule pos="-37.949999999999996,38.5,25.300000000000004" vel="0,0,0" mass="1" elasticityCoef="1" ang="90,0,0" color="0,220,0" radius="0.5" length="4" />
		<capsule pos="-37.949999999999996,38.5,27.6" vel="0,0,0" mass="1" elasticityCoef="1" ang="90,0,0" color="0,220,0" radius="0.5" length="4" />
		<capsule pos="-37.949999999999996,38.5,29.9" vel="0,0,0" mass="1" elasticityCoef="1" ang="90,0,0" color="0,220,0" radius="0.5" length="4" />
		<capsule pos="-37.949999999999996,38.5,32.199999999999996" vel="0,0,0" mass="1" elasticityCoef="1" ang="90,0,0" color="0,220,0" radius="0.5" length="4" />
		<capsule pos="-37.949999999999996,38.5,34.49999999999999" vel="0,0,0" mass="1" elasticityCoef="1" ang="90,0,0" color="0,220,0" radius="0.5" length="4" />
		<capsule pos="-37.949999999999996,38.5,36.800000000000004" vel="0,0,0" mass="1" elasticityCoef="1" ang="90,0,0" color="0,220,0" radius="0.5" length="4" />
		<capsule pos="-37.949999999999996,38.5,39.1" vel="0,0,0" mass="1" elasticityCoef="1" ang="90,0,0" color="0,220,0" radius="0.5" length="4" />
		<capsule pos="-37.949999999999996,38.5,41.4" vel="0,0,0" mass="1" elasticityCoef="1" ang="90,0,0" color="0,220,0" radius="0.5" length="4" />
		<capsule pos="-37.949999999999996,44.0,-43.699999999999996" vel="0,0,0" mass="1" elasticityCoef="1" ang="90,0,0" color="0,220,0" radius="0.5" length="4" />
		<capsule pos="-37.949999999999996,44.0,-41.4" vel="0,0,0" mass="1" elasticityCoef="1" ang="90,0,0" color="0,220,0" radius="0.5" length="4" />
		<capsule pos="-37.949999999999996,44.0,-39.099999999999994" vel="0,0,0" mass="1" elasticityCoef="1" ang="90,0,0" color="0,220,0" radius="0.5" length="4" />
		<capsule pos="-37.949999999999996,44.0,-36.8" vel="0,0,0" mass="1" elasticityCoef="1" ang="90,0,0" color="0,220,0" radius="0.5" length="4" />
		<capsule pos="-37.949999999999996,44.0,-34.5" vel="0,0,0" mass="1" elasticityCoef="1" ang="90,0,0" color="0,220,0" radius="0.5" length="4" />
		<capsule pos="-37.949999999999996,44.0,-32.199999999999996" vel="0,0,0" mass="1" elasticityCoef="1" ang="90,0,0" color="0,220,0" radius="0.5" length="4" />
		<capsule pos="-37.949999999999996,44.0,-29.9" vel="0,0,0" mass="1" elasticityCoef="1" ang="90,0,0" color="0,220,0" radius="0.5" length="4" />
		<capsule pos="-37.949999999999996,44.0,-27.599999999999998" vel="0,0,0" mass="1" elasticityCoef="1" ang="90,0,0" color="0,220,0" radius="0.5" length="4" />
		<capsule pos="-37.949999999999996,44.0,-25.299999999999997" vel="0,0,0" mass="1" elasticityCoef="1" ang="90,0,0" color="0,220,0" radius="0.5" length="4" />
		<capsule pos="-37.949999999999996,44.0,-22.999999999999996" vel="0,0,0" mass="1" elasticityCoef="1" ang="90,0,0" color="0,220,0" radius="0.5" length="4" />
		<capsule pos="-37.949999999999996,44.0,-20.699999999999996" vel="0,0,0" mass="1" elasticityCoef="1" ang="90,0,0" color="0,220,0" radius="0.5" length="4" />
		<capsule pos="-37.949999999999996,44.0,-18.4" vel="0,0,0" mass="1" elasticityCoef="1" ang="90,0,0" color="0,220,0" radius="0.5" length="4" />
		<capsule pos="-37.949999999999996,44.0,-16.099999999999998" vel="0,0,0" mass="1" elasticityCoef="1" ang="90,0,0" color="0,220,0" radius="0.5" length="4" />
		<capsule pos="-37.949999999999996,44.0,-13.799999999999997" vel="0,0,0" mass="1" elasticityCoef="1" ang="90,0,0" color="0,220,0" radius="0.5" length="4" />
		<capsule pos="-37.949999999999996,44.0,-11.5" vel="0,0,0" mass="1" elasticityCoef="1" ang="90,0,0" color="0,220,0" radius="0.5" length="4" />
		<capsule pos="-37.949999999999996,44.0,-9.199999999999996" vel="0,0,0" mass="1" elasticityCoef="1" ang="90,0,0" color="0,220,0" radius="0.5" length="4" />
		<capsule pos="-37.949999999999996,44.0,-6.899999999999999" vel="0,0,0" mass="1" elasticityCoef="1" ang="90,0,0" color="0,220,0" radius="0.5" length="4" />
		<capsule pos="-37.949999999999996,44.0,-4.600000000000001" vel="0,0,0" mass="1" elasticityCoef="1" ang="90,0,0" color="0,220,0" radius="0.5" length="4" />
		<capsule pos="-37.949999999999996,44.0,-2.299999999999997" vel="0,0,0" mass="1" elasticityCoef="1" ang="90,0,0" color="0,220,0" radius="0.5" length="4" />
		<capsule pos="-37.949999999999996,44.0,0.0" vel="0,0,0" mass="1" elasticityCoef="1" ang="90,0,0" color="0,220,0" radius="0.5" length="4" />
		<capsule pos="-37.949999999999996,44.0,2.3000000000000043" vel="0,0,0" mass="1" elasticityCoef="1" ang="90,0,0" color="0,220,0" radius="0.5" length="4" />
		<capsule pos="-37.949999999999996,44.0,4.600000000000001" vel="0,0,0" mass="1" elasticityCoef="1" ang="90,0,0" color="0,220,0" radius="0.5" length="4" />
		<capsule pos="-37.949999999999996,44.0,6.899999999999999" vel="0,0,0" mass="1" elasticityCoef="1" ang="90,0,0" color="0,220,0" radius="0.5" length="4" />
		<capsule pos="-37.949999999999996,44.0,9.200000000000003" vel="0,0,0" mass="1" elasticityCoef="1" ang="90,0,0" color="0,220,0" radius="0.5" length="4" />
		<capsule pos="-37.949999999999996,44.0,11.5" vel="0,0,0" mass="1" elasticityCoef="1" ang="90,0,0" color="0,220,0" radius="0.5" length="4" />
		<capsule pos="-37.949999999999996,44.0,13.799999999999997" vel="0,0,0" mass="1" elasticityCoef="1" ang="90,0,0" color="0,220,0" radius="0.5" length="4" />
		<capsule pos="-37.949999999999996,44.0,16.1" vel="0,0,0" mass="1" elasticityCoef="1" ang="90,0,0" color="0,220,0" radius="0.5" length="4" />
		<capsule pos="-37.949999999999996,44.0,18.4" vel="0,0,0" mass="1" elasticityCoef="1" ang="90,0,0" color="0,220,0" radius="0.5" length="4" />
		<capsule pos="-37.949999999999996,44.0,20.699999999999996" vel="0,0,0" mass="1" elasticityCoef="1" ang="90,0,0" color="0,220,0" radius="0.5" length="4" />
		<capsule pos="-37.949999999999996,44.0,22.999999999999993" vel="0,0,0" mass="1" elasticityCoef="1" ang="90,0,0" color="0,220,0" radius="0.5" length="4" />
		<capsule pos="-37.949999999999996,44.0,25.300000000000004" vel="0,0,0" mass="1" elasticityCoef="1" ang="90,0,0" color="0,220,0" radius="0.5" length="4" />
		<capsule pos="-37.949999999999996,44.0,27.6" vel="0,0,0" mass="1" elasticityCoef="1" ang="90,0,0" color="0,220,0" radius="0.5" length="4" />
		<capsule pos="-37.949999999999996,44.0,29.9" vel="0,0,0" mass="1" elasticityCoef="1" ang="90,0,0" color="0,220,0" radius="0.5" length="4" />
		<capsule pos="-37.949999999999996,44.0,32.199999999999996" vel="0,0,0" mass="1" elasticityCoef="1" ang="90,0,0" color="0,220,0" radius="0.5" length="4" />
		<capsule pos="-37.949999999999996,44.0,34.49999999999999" vel="0,0,0" mass="1" elasticityCoef="1" ang="90,0,0" color="0,220,0" radius="0.5" length="4" />
		<capsule pos="-37.949999999999996,44.0,36.800000000000004" vel="0,0,0" mass="1" elasticityCoef="1" ang="90,0,0" color="0,220,0" radius="0.5" length="4" />
		<capsule pos="-37.949999999999996,44.0,39.1" vel="0,0,0" mass="1" elasticityCoef="1" ang="90,0,0" color="0,220,0" radius="0.5" length="4" />
		<capsule pos="-37.949999999999996,44.0,41.4" vel="0,0,0" mass="1" elasticityCoef="1" ang="90,0,0" color="0,220,0" radius="0.5" length="4" />
		<capsule pos="-35.65,-49.5,-43.699999999999996" vel="0,0,0" mass="1" elasticityCoef="1" ang="90,0,0" color="0,220,0" radius="0.5" length="4" />
		<capsule pos="-35.65,-49.5,-41.4" vel="0,0,0" mass="1" elasticityCoef="1" ang="90,0,0" color="0,220,0" radius="0.5" length="4" />
		<capsule pos="-35.65,-49.5,-39.099999999999994" vel="0,0,0" mass="1" elasticityCoef="1" ang="90,0,0" color="0,220,0" radius="0.5" length="4" />
		<capsule pos="-35.65,-49.5,-36.8" vel="0,0,0" mass="1" elasticityCoef="1" ang="90,0,0" color="0,220,0" radius="0.5" length="4" />
		<capsule pos="-35.65,-49.5,-34.5" vel="0,0,0" mass="1" elasticityCoef="1" ang="90,0,0" color="0,220,0" radius="0.5" length="4" />
		<capsule pos="-35.65,-49.5,-32.199999999999996" vel="0,0,0" mass="1" elasticityCoef="1" ang="90,0,0" color="0,220,0" radius="0.5" length="4" />
		<capsule pos="-35.65,-49.5,-29.9" vel="0,0,0" mass="1" elasticityCoef="1" ang="90,0,0" color="0,220,0" radius="0.5" length="4" />
		<capsule pos="-35.65,-49.5,-27.599999999999998" vel="0,0,0" mass="1" elasticityCoef="1" ang="90,0,0" color="0,220,0" radius="0.5" length="4" />
		<capsule pos="-35.65,-49.5,-25.299999999999997" vel="0,0,0" mass="1" elasticityCoef="1" ang="90,0,0" color="0,220,0" radius="0.5" length="4" />
		<capsule pos="-35.65,-49.5,-22.999999999999996" vel="0,0,0" mass="1" elasticityCoef="1" ang="90,0,0" color="0,220,0" radius="0.5" length="4" />
		<capsule pos="-35.65,-49.5,-20.699999999999996" vel="0,0,0" mass="1" elasticityCoef="1" ang="90,0,0" color="0,220,0" radius="0.5" length="4" />
		<capsule pos="-35.65,-49.5,-18.4" vel="0,0,0" mass="1" elasticityCoef="1" ang="90,0,0" color="0,220,0" radius="0.5" length="4" />
		<capsule pos="-35.65,-49.5,-16.099999999999998" vel="0,0,0" mass="1" elasticityCoef="1" ang="90,0,0" color="0,220,0" radius="0.5" length="4" />
		<capsule pos="-35.65,-49.5,-13.799999999999997" vel="0,0,0" mass="1" elasticityCoef="1" ang="90,0,0" color="0,220,0" radius="0.5" length="4" />
		<capsule pos="-35.65,-49.5,-11.5" vel="0,0,0" mass="1" elasticityCoef="1" ang="90,0,0" color="0,220,0" radius="0.5" length="4" />
		<capsule pos="-35.65,-49.5,-9.199999999999996" vel="0,0,0" mass="1" elasticityCoef="1" ang="90,0,0" color="0,220,0" radius="0.5" length="4" />
		<capsule pos="-35.65,-49.5,-6.899999999999999" vel="0,0,0" mass="1" elasticityCoef="1" ang="90,0,0" color="0,220,0" radius="0.5" length="4" />
		<capsule pos="-35.65,-49.5,-4.600000000000001" vel="0,0,0" mass="1" elasticityCoef="1" ang="90,0,0" color="0,220,0" radius="0.5" length="4" />
		<capsule pos="-35.65,-49.5,-2.299999999999997" vel="0,0,0" mass="1" elasticityCoef="1" ang="90,0,0" color="0,220,0" radius="0.5" length="4" />
		<capsule pos="-35.65,-49.5,0.0" vel="0,0,0" mass="1" elasticityCoef="1" ang="90,0,0" color="0,220,0" radius="0.5" length="4" />
		<capsule pos="-35.65,-49.5,2.3000000000000043" vel="0,0,0" mass="1" elasticityCoef="1" ang="90,0,0" color="0,220,0" radius="0.5" length="4" />
		<capsule pos="-35.65,-49.5,4.600000000000001" vel="0,0,0" mass="1" elasticityCoef="1" ang="90,0,0" color="0,220,0" radius="0.5" length="4" />
		<capsule pos="-35.65,-49.5,6.899999999999999" vel="0,0,0" mass="1" elasticityCoef="1" ang="90,0,0" color="0,220,0" radius="0.5" length="4" />
		<capsule pos="-35.65,-49.5,9.200000000000003" vel="0,0,0" mass="1" elasticityCoef="1" ang="90,0,0" color="0,220,0" radius="0.5" length="4" />
		<capsule pos="-35.65,-49.5,11.5" vel="0,0,0" mass="1" elasticityCoef="1" ang="90,0,0" color="0,220,0" radius="0.5" length="4" />
		<capsule pos="-35.65,-49.5,13.799999999999997" vel="0,0,0" mass="1" elasticityCoef="1" ang="90,0,0" color="0,220,0" radius="0.5" length="4" />
		<capsule pos="-35.65,-49.5,16.1" vel="0,0,0" mass="1" elasticityCoef="1" ang="90,0,0" color="0,220,0" radius="0.5" length="4" />
		<capsule pos="-35.65,-49.5,18.4" vel="0,0,0" mass="1" elasticityCoef="1" ang="90,0,0" color="0,220,0" radius="0.5" length="4" />
		<capsule pos="-35.65,-49.5,20.699999999999996" vel="0,0,0" mass="1" elasticityCoef="1" ang="90,0,0" color="0,220,0" radius="0.5" length="4" />
		<capsule pos="-35.65,-49.5,22.999999999999993" vel="0,0,0" mass="1" elasticityCoef="1" ang="90,0,0" color="0,220,0" radius="0.5" length="4" />
		<capsule pos="-35.65,-49.5,25.300000000000004" vel="0,0,0" mass="1" elasticityCoef="1" ang="90,0,0" color="0,220,0" radius="0.5" length="4" />
		<capsule pos="-35.65,-49.5,27.6" vel="0,0,0" mass="1" elasticityCoef="1" ang="90,0,0" color="0,220,0" radius="0.5" length="4" />
		<capsule pos="-35.65,-49.5,29.9" vel="0,0,0" mass="1" elasticityCoef="1" ang="90,0,0" color="0,220,0" radius="0.5" length="4" />
		<capsule pos="-35.65,-49.5,32.199999999999996" vel="0,0,0" mass="1" elasticityCoef="1" ang="90,0,0" color="0,220,0" radius="0.5" length="4" />
		<capsule pos="-35.65,-49.5,34.49999999999999" vel="0,0,0" mass="1" elasticityCoef="1" ang="90,0,0" color="0,220,0" radius="0.5" length="4" />
		<capsule pos="-35.65,-49.5,36.800000000000004" vel="0,0,0" mass="1" elasticityCoef="1" ang="90,0,0" color="0,220,0" radius="0.5" length="4" />
		<capsule pos="-35.65,-49.5,39.1" vel="0,0,0" mass="1" elasticityCoef="1" ang="90,0,0" color="0,220,0" radius="0.5" length="4" />
		<capsule pos="-35.65,-49.5,41.4" vel="0,0,0" mass="1" elasticityCoef="1" ang="90,0,0" color="0,220,0" radius="0.5" length="4" />
		<capsule pos="-35.65,-44.0,-43.699999999999996" vel="0,0,0" mass="1" elasticityCoef="1" ang="90,0,0" color="0,220,0" radius="0.5" length="4" />
		<capsule pos="-35.65,-44.0,-41.4" vel="0,0,0" mass="1" elasticityCoef="1" ang="90,0,0" color="0,220,0" radius="0.5" length="4" />
		<capsule pos="-35.65,-44.0,-39.099999999999994" vel="0,0,0" mass="1" elasticityCoef="1" ang="90,0,0" color="0,220,0" radius="0.5" length="4" />
		<capsule pos="-35.65,-44.0,-36.8" vel="0,0,0" mass="1" elasticityCoef="1" ang="90,0,0" color="0,220,0" radius="0.5" length="4" />
		<capsule pos="-35.65,-44.0,-34.5" vel="0,0,0" mass="1" elasticityCoef="1" ang="90,0,0" color="0,220,0" radius="0.5" length="4" />
		<capsule pos="-35.65,-44.0,-32.199999999999996" vel="0,0,0" mass="1" elasticityCoef="1" ang="90,0,0" color="0,220,0" radius="0.5" length="4" />
		<capsule pos="-35.65,-44.0,-29.9" vel="0,0,0" mass="1" elasticityCoef="1" ang="90,0,0" color="0,220,0" radius="0.5" length="4" />
		<capsule pos="-35.65,-44.0,-27.599999999999998" vel="0,0,0" mass="1" elasticityCoef="1" ang="90,0,0" color="0,220,0" radius="0.5" length="4" />
		<capsule pos="-35.65,-44.0,-25.299999999999997" vel="0,0,0" mass="1" elasticityCoef="1" ang="90,0,0" color="0,220,0" radius="0.5" length="4" />
		<capsule pos="-35.65,-44.0,-22.999999999999996" vel="0,0,0" mass="1" elasticityCoef="1" ang="90,0,0" color="0,220,0" radius="0.5" length="4" />
		<capsule pos="-35.65,-44.0,-20.699999999999996" vel="0,0,0" mass="1" elasticityCoef="1" ang="90,0,0" color="0,220,0" radius="0.5" length="4" />
		<capsule pos="-35.65,-44.0,-18.4" vel="0,0,0" mass="1" elasticityCoef="1" ang="90,0,0" color="0,220,0" radius="0.5" length="4" />
		<capsule pos="-35.65,-44.0,-16.099999999999998" vel="0,0,0" mass="1" elasticityCoef="1" ang="90,0,0" color="0,220,0" radius="0.5" length="4" />
		<capsule pos="-35.65,-44.0,-13.799999999999997" vel="0,0,0" mass="1" elasticityCoef="1" ang="90,0,0" color="0,220,0" radius="0.5" length="4" />
		<capsule pos="-35.65,-44.0,-11.5" vel="0,0,0" mass="1" elasticityCoef="1" ang="90,0,0" color="0,220,0" radius="0.5" length="4" />
		<capsule pos="-35.65,-44.0,-9.199999999999996" vel="0,0,0" mass="1" elasticityCoef="1" ang="90,0,0" color="0,220,0" radius="0.5" length="4" />
		<capsule pos="-35.65,-44.0,-6.899999999999999" vel="0,0,0" mass="1" elasticityCoef="1" ang="90,0,0" color="0,220,0" radius="0.5" length="4" />
		<capsule pos="-35.65,-44.0,-4.600000000000001" vel="0,0,0" mass="1" elasticityCoef="1" ang="90,0,0" color="0,220,0" radius="0.5" length="4" />
		<capsule pos="-35.65,-44.0,-2.299999999999997" vel="0,0,0" mass="1" elasticityCoef="1" ang="90,0,0" color="0,220,0" radius="0.5" length="4" />
		<capsule pos="-35.65,-44.0,0.0" vel="0,0,0" mass="1" elasticityCoef="1" ang="90,0,0" color="0,220,0" radius="0.5" length="4" />
		<capsule pos="-35.65,-44.0,2.3000000000000043" vel="0,0,0" mass="1" elasticityCoef="1" ang="90,0,0" color="0,220,0" radius="0.5" length="4" />
		<capsule pos="-35.65,-44.0,4.600000000000001" vel="0,0,0" mass="1" elasticityCoef="1" ang="90,0,0" color="0,220,0" radius="0.5" length="4" />
		<capsule pos="-35.65,-44.0,6.899999999999999" vel="0,0,0" mass="1" elasticityCoef="1" ang="90,0,0" color="0,220,0" radius="0.5" length="4" />
		<capsule pos="-35.65,-44.0,9.200000000000003" vel="0,0,0" mass="1" elasticityCoef="1" ang="90,0,0" color="0,220,0" radius="0.5" length="4" />
		<capsule pos="-35.65,-44.0,11.5" vel="0,0,0" mass="1" elasticityCoef="1" ang="90,0,0" color="0,220,0" radius="0.5" length="4" />
		<capsule pos="-35.65,-44.0,13.799999999999997" vel="0,0,0" mass="1" elasticityCoef="1" ang="90,0,0" color="0,220,0" radius="0.5" length="4" />
		<capsule pos="-35.65,-44.0,16.1" vel="0,0,0" mass="1" elasticityCoef="1" ang="90,0,0" color="0,220,0" radius="0.5" length="4" />
		<capsule pos="-35.65,-44.0,18.4" vel="0,0,0" mass="1" elasticityCoef="1" ang="90,0,0" color="0,220,0" radius="0.5" length="4" />
		<capsule pos="-35.65,-44.0,20.699999999999996" vel="0,0,0" mass="1" elasticityCoef="1" ang="90,0,0" color="0,220,0" radius="0.5" length="4" />
		<capsule pos="-35.65,-44.0,22.999999999999993" vel="0,0,0" mass="1" elasticityCoef="1" ang="90,0,0" color="0,220,0" radius="0.5" length="4" />
		<capsule pos="-35.65,-44.0,25.300000000000004" vel="0,0,0" mass="1" elasticityCoef="1" ang="90,0,0" color="0,220,0" radius="0.5" length="4" />
		<capsule pos="-35.65,-44.0,27.6" vel="0,0,0" mass="1" elasticityCoef="1" ang="90,0,0" color="0,220,0" radius="0.5" length="4" />
		<capsule pos="-35.65,-44.0,29.9" vel="0,0,0" mass="1" elasticityCoef="1" ang="90,0,0" color="0,220,0" radius="0.5" length="4" />
		<capsule pos="-35.65,-44.0,32.199999999999996" vel="0,0,0" mass="1" elasticityCoef="1" ang="90,0,0" color="0,220,0" radius="0.5" length="4" />
		<capsule pos="-35.65,-44.0,34.49999999999999" vel="0,0,0" mass="1" elasticityCoef="1" ang="90,0,0" color="0,220,0" radius="0.5" length="4" />
		<capsule pos="-35.65,-44.0,36.800000000000004" vel="0,0,0" mass="1" elasticityCoef="1" ang="90,0,0" color="0,220,0" radius="0.5" length="4" />
		<capsule pos="-35.65,-44.0,39.1" vel="0,0,0" mass="1" elasticityCoef="1" ang="90,0,0" color="0,220,0" radius="0.5" length="4" />
		<capsule pos="-35.65,-44.0,41.4" vel="0,0,0" mass="1" elasticityCoef="1" ang="90,0,0" color="0,220,0" radius="0.5" length="4" />
		<capsule pos="-35.65,-38.5,-43.699999999999996" vel="0,0,0" mass="1" elasticityCoef="1" ang="90,0,0" color="0,220,0" radius="0.5" length="4" />
		<capsule pos="-35.65,-38.5,-41.4" vel="0,0,0" mass="1" elasticityCoef="1" ang="90,0,0" color="0,220,0" radius="0.5" length="4" />
		<capsule pos="-35.65,-38.5,-39.099999999999994" vel="0,0,0" mass="1" elasticityCoef="1" ang="90,0,0" color="0,220,0" radius="0.5" length="4" />
		<capsule pos="-35.65,-38.5,-36.8" vel="0,0,0" mass="1" elasticityCoef="1" ang="90,0,0" color="0,220,0" radius="0.5" length="4" />
		<capsule pos="-35.65,-38.5,-34.5" vel="0,0,0" mass="1" elasticityCoef="1" ang="90,0,0" color="0,220,0" radius="0.5" length="4" />
		<capsule pos="-35.65,-38.5,-32.199999999999996" vel="0,0,0" mass="1" elasticityCoef="1" ang="90,0,0" color="0,220,0" radius="0.5" length="4" />
		<capsule pos="-35.65,-38.5,-29.9" vel="0,0,0" mass="1" elasticityCoef="1" ang="90,0,0" color="0,220,0" radius="0.5" length="4" />
		<capsule pos="-35.65,-38.5,-27.599999999999998" vel="0,0,0" mass="1" elasticityCoef="1" ang="90,0,0" color="0,220,0" radius="0.5" length="4" />
		<capsule pos="-35.65,-38.5,-25.299999999999997" vel="0,0,0" mass="1" elasticityCoef="1" ang="90,0,0" color="0,220,0" radius="0.5" length="4" />
		<capsule pos="-35.65,-38.5,-22.999999999999996" vel="0,0,0" mass="1" elasticityCoef="1" ang="90,0,0" color="0,220,0" radius="0.5" length="4" />
		<capsule pos="-35.65,-38.5,-20.699999999999996" vel="0,0,0" mass="1" elasticityCoef="1" ang="90,0,0" color="0,220,0" radius="0.5" length="4" />
		<capsule pos="-35.65,-38.5,-18.4" vel="0,0,0" mass="1" elasticityCoef="1" ang="90,0,0" color="0,220,0" radius="0.5" length="4" />
		<capsule pos="-35.65,-38.5,-16.099999999999998" vel="0,0,0" mass="1" elasticityCoef="1" ang="90,0,0" color="0,220,0" radius="0.5" length="4" />
		<capsule pos="-35.65,-38.5,-13.799999999999997" vel="0,0,0" mass="1" elasticityCoef="1" ang="90,0,0" color="0,220,0" radius="0.5" length="4" />
		<capsule pos="-35.65,-38.5,-11.5" vel="0,0,0" mass="1" elasticityCoef="1" ang="90,0,0" color="0,220,0" radius="0.5" length="4" />
		<capsule pos="-35.65,-38.5,-9.199999999999996" vel="0,0,0" mass="1" elasticityCoef="1" ang="90,0,0" color="0,220,0" radius="0.5" length="4" />
		<capsule pos="-35.65,-38.5,-6.899999999999999" vel="0,0,0" mass="1" elasticityCoef="1" ang="90,0,0" color="0,220,0" radius="0.5" length="4" />
		<capsule pos="-35.65,-38.5,-4.600000000000001" vel="0,0,0" mass="1" elasticityCoef="1" ang="90,0,0" color="0,220,0" radius="0.5" length="4" />
		<capsule pos="-35.65,-38.5,-2.299999999999997" vel="0,0,0" mass="1" elasticityCoef="1" ang="90,0,0" color="0,220,0" radius="0.5" length="4" />
		<capsule pos="-35.65,-38.5,0.0" vel="0,0,0" mass="1" elasticityCoef="1" ang="90,0,0" color="0,220,0" radius="0.5" length="4" />
		<capsule pos="-35.65,-38.5,2.3000000000000043" vel="0,0,0" mass="1" elasticityCoef="1" ang="90,0,0" color="0,220,0" radius="0.5" length="4" />
		<capsule pos="-35.65,-38.5,4.600000000000001" vel="0,0,0" mass="1" elasticityCoef="1" ang="90,0,0" color="0,220,0" radius="0.5" length="4" />
		<capsule pos="-35.65,-38.5,6.899999999999999" vel="0,0,0" mass="1" elasticityCoef="1" ang="90,0,0" color="0,220,0" radius="0.5" length="4" />
		<capsule pos="-35.65,-38.5,9.200000000000003" vel="0,0,0" mass="1" elasticityCoef="1" ang="90,0,0" color="0,220,0" radius="0.5" length="4" />
		<capsule pos="-35.65,-38.5,11.5" vel="0,0,0" mass="1" elasticityCoef="1" ang="90,0,0" color="0,220,0" radius="0.5" length="4" />
		<capsule pos="-35.65,-38.5,13.799999999999997" vel="0,0,0" mass="1" elasticityCoef="1" ang="90,0,0" color="0,220,0" radius="0.5" length="4" />
		<capsule pos="-35.65,-38.5,16.1" vel="0,0,0" mass="1" elasticityCoef="1" ang="90,0,0" color="0,220,0" radius="0.5" length="4" />
		<capsule pos="-35.65,-38.5,18.4" vel="0,0,0" mass="1" elasticityCoef="1" ang="90,0,0" color="0,220,0" radius="0.5" length="4" />
		<capsule pos="-35.65,-38.5,20.699999999999996" vel="0,0,0" mass="1" elasticityCoef="1" ang="90,0,0" color="0,220,0" radius="0.5" length="4" />
		<capsule pos="-35.65,-38.5,22.999999999999993" vel="0,0,0" mass="1" elasticityCoef="1" ang="90,0,0" color="0,220,0" radius="0.5" length="4" />
		<capsule pos="-35.65,-38.5,25.300000000000004" vel="0,0,0" mass="1" elasticityCoef="1" ang="90,0,0" color="0,220,0" radius="0.5" length="4" />
		<capsule pos="-35.65,-38.5,27.6" vel="0,0,0" mass="1" elasticityCoef="1" ang="90,0,0" color="0,220,0" radius="0.5" length="4" />
		<capsule pos="-35.65,-38.5,29.9" vel="0,0,0" mass="1" elasticityCoef="1" ang="90,0,0" color="0,220,0" radius="0.5" length="4" />
		<capsule pos="-35.65,-38.5,32.199999999999996" vel="0,0,0" mass="1" elasticityCoef="1" ang="90,0,0" color="0,220,0" radius="0.5" length="4" />
		<capsule pos="-35.65,-38.5,34.49999999999999" vel="0,0,0" mass="1" elasticityCoef="1" ang="90,0,0" color="0,220,0" radius="0.5" length="4" />
		<capsule pos="-35.65,-38.5,36.800000000000004" vel="0,0,0" mass="1" elasticityCoef="1" ang="90,0,0" color="0,220,0" radius="0.5" length="4" />
		<capsule pos="-35.65,-38.5,39.1" vel="0,0,0" mass="1" elasticityCoef="1" ang="90,0,0" color="0,220,0" radius="0.5" length="4" />
		<capsule pos="-35.65,-38.5,41.4" vel="0,0,0" mass="1" elasticityCoef="1" ang="90,0,0" color="0,220,0" radius="0.5" length="4" />
		<capsule pos="-35.65,-33.0,-43.699999999999996" vel="0,0,0" mass="1" elasticityCoef="1" ang="90,0,0" color="0,220,0" radius="0.5" length="4" />
		<capsule pos="-35.65,-33.0,-41.4" vel="0,0,0" mass="1" elasticityCoef="1" ang="90,0,0" color="0,220,0" radius="0.5" length="4" />
		<capsule pos="-35.65,-33.0,-39.099999999999994" vel="0,0,0" mass="1" elasticityCoef="1" ang="90,0,0" color="0,220,0" radius="0.5" length="4" />
		<capsule pos="-35.65,-33.0,-36.8" vel="0,0,0" mass="1" elasticityCoef="1" ang="90,0,0" color="0,220,0" radius="0.5" length="4" />
		<capsule pos="-35.65,-33.0,-34.5" vel="0,0,0" mass="1" elasticityCoef="1" ang="90,0,0" color="0,220,0" radius="0.5" length="4" />
		<capsule pos="-35.65,-33.0,-32.199999999999996" vel="0,0,0" mass="1" elasticityCoef="1" ang="90,0,0" color="0,220,0" radius="0.5" length="4" />
		<capsule pos="-35.65,-33.0,-29.9" vel="0,0,0" mass="1" elasticityCoef="1" ang="90,0,0" color="0,220,0" radius="0.5" length="4" />
		<capsule pos="-35.65,-33.0,-27.599999999999998" vel="0,0,0" mass="1" elasticityCoef="1" ang="90,0,0" color="0,220,0" radius="0.5" length="4" />
		<capsule pos="-35.65,-33.0,-25.299999999999997" vel="0,0,0" mass="1" elasticityCoef="1" ang="90,0,0" color="0,220,0" radius="0.5" length="4" />
		<capsule pos="-35.65,-33.0,-22.999999999999996" vel="0,0,0" mass="1" elasticityCoef="1" ang="90,0,0" color="0,220,0" radius="0.5" length="4" />
		<capsule pos="-35.65,-33.0,-20.699999999999996" vel="0,0,0" mass="1" elasticityCoef="1" ang="90,0,0" color="0,220,0" radius="0.5" length="4" />
		<capsule pos="-35.65,-33.0,-18.4" vel="0,0,0" mass="1" elasticityCoef="1" ang="90,0,0" color="0,220,0" radius="0.5" length="4" />
		<capsule pos="-35.65,-33.0,-16.099999999999998" vel="0,0,0" mass="1" elasticityCoef="1" ang="90,0,0" color="0,220,0" radius="0.5" length="4" />
		<capsule pos="-35.65,-33.0,-13.799999999999997" vel="0,0,0" mass="1" elasticityCoef="1" ang="90,0,0" color="0,220,0" radius="0.5" length="4" />
		<capsule pos="-35.65,-33.0,-11.5" vel="0,0,0" mass="1" elasticityCoef="1" ang="90,0,0" color="0,220,0" radius="0.5" length="4" />
		<capsule pos="-35.65,-33.0,-9.199999999999996" vel="0,0,0" mass="1" elasticityCoef="1" ang="90,0,0" color="0,220,0" radius="0.5" length="4" />
		<capsule pos="-35.65,-33.0,-6.899999999999999" vel="0,0,0" mass="1" elasticityCoef="1" ang="90,0,0" color="0,220,0" radius="0.5" length="4" />
		<capsule pos="-35.65,-33.0,-4.600000000000001" vel="0,0,0" mass="1" elasticityCoef="1" ang="90,0,0" color="0,220,0" radius="0.5" length="4" />
		<capsule pos="-35.65,-33.0,-2.299999999999997" vel="0,0,0" mass="1" elasticityCoef="1" ang="90,0,0" color="0,220,0" radius="0.5" length="4" />
		<capsule pos="-35.65,-33.0,0.0" vel="0,0,0" mass="1" elasticityCoef="1" ang="90,0,0" color="0,220,0" radius="0.5" length="4" />
		<capsule pos="-35.65,-33.0,2.3000000000000043" vel="0,0,0" mass="1" elasticityCoef="1" ang="90,0,0" color="0,220,0" radius="0.5" length="4" />
		<capsule pos="-35.65,-33.0,4.600000000000001" vel="0,0,0" mass="1" elasticityCoef="1" ang="90,0,0" color="0,220,0" radius="0.5" length="4" />
		<capsule pos="-35.65,-33.0,6.899999999999999" vel="0,0,0" mass="1" elasticityCoef="1" ang="90,0,0" color="0,220,0" radius="0.5" length="4" />
		<capsule pos="-35.65,-33.0,9.200000000000003" vel="0,0,0" mass="1" elasticityCoef="1" ang="90,0,0" color="0,220,0" radius="0.5" length="4" />
		<capsule pos="-35.65,-33.0,11.5" vel="0,0,0" mass="1" elasticityCoef="1" ang="90,0,0" color="0,220,0" radius="0.5" length="4" />
		<capsule pos="-35.65,-33.0,13.799999999999997" vel="0,0,0" mass="1" elasticityCoef="1" ang="90,0,0" color="0,220,0" radius="0.5" length="4" />
		<capsule pos="-35.65,-33.0,16.1" vel="0,0,0" mass="1" elasticityCoef="1" ang="90,0,0" color="0,220,0" radius="0.5" length="4" />
		<capsule pos="-35.65,-33.0,18.4" vel="0,0,0" mass="1" elasticityCoef="1" ang="90,0,0" color="0,220,0" radius="0.5" length="4" />
		<capsule pos="-35.65,-33.0,20.699999999999996" vel="0,0,0" mass="1" elasticityCoef="1" ang="90,0,0" color="0,220,0" radius="0.5" length="4" />
		<capsule pos="-35.65,-33.0,22.999999999999993" vel="0,0,0" mass="1" elasticityCoef="1" ang="90,0,0" color="0,220,0" radius="0.5" length="4" />
		<capsule pos="-35.65,-33.0,25.300000000000004" vel="0,0,0" mass="1" elasticityCoef="1" ang="90,0,0" color="0,220,0" radius="0.5" length="4" />
		<capsule pos="-35.65,-33.0,27.6" vel="0,0,0" mass="1" elasticityCoef="1" ang="90,0,0" color="0,220,0" radius="0.5" length="4" />
		<capsule pos="-35.65,-33.0,29.9" vel="0,0,0" mass="1" elasticityCoef="1" ang="90,0,0" color="0,220,0" radius="0.5" length="4" />
		<capsule pos="-35.65,-33.0,32.199999999999996" vel="0,0,0" mass="1" elasticityCoef="1" ang="90,0,0" color="0,220,0" radius="0.5" length="4" />
		<capsule pos="-35.65,-33.0,34.49999999999999" vel="0,0,0" mass="1" elasticityCoef="1" ang="90,0,0" color="0,220,0" radius="0.5" length="4" />
		<capsule pos="-35.65,-33.0,36.800000000000004" vel="0,0,0" mass="1" elasticityCoef="1" ang="90,0,0" color="0,220,0" radius="0.5" length="4" />
		<capsule pos="-35.65,-33.0,39.1" vel="0,0,0" mass="1" elasticityCoef="1" ang="90,0,0" color="0,220,0" radius="0.5" length="4" />
		<capsule pos="-35.65,-33.0,41.4" vel="0,0,0" mass="1" elasticityCoef="1" ang="90,0,0" color="0,220,0" radius="0.5" length="4" />
		<capsule pos="-35.65,-27.5,-43.699999999999996" vel="0,0,0" mass="1" elasticityCoef="1" ang="90,0,0" color="0,220,0" radius="0.5" length="4" />
		<capsule pos="-35.65,-27.5,-41.4" vel="0,0,0" mass="1" elasticityCoef="1" ang="90,0,0" color="0,220,0" radius="0.5" length="4" />
		<capsule pos="-35.65,-27.5,-39.099999999999994" vel="0,0,0" mass="1" elasticityCoef="1" ang="90,0,0" color="0,220,0" radius="0.5" length="4" />
		<capsule pos="-35.65,-27.5,-36.8" vel="0,0,0" mass="1" elasticityCoef="1" ang="90,0,0" color="0,220,0" radius="0.5" length="4" />
		<capsule pos="-35.65,-27.5,-34.5" vel="0,0,0" mass="1" elasticityCoef="1" ang="90,0,0" color="0,220,0" radius="0.5" length="4" />
		<capsule pos="-35.65,-27.5,-32.199999999999996" vel="0,0,0" mass="1" elasticityCoef="1" ang="90,0,0" color="0,220,0" radius="0.5" length="4" />
		<capsule pos="-35.65,-27.5,-29.9" vel="0,0,0" mass="1" elasticityCoef="1" ang="90,0,0" color="0,220,0" radius="0.5" length="4" />
		<capsule pos="-35.65,-27.5,-27.599999999999998" vel="0,0,0" mass="1" elasticityCoef="1" ang="90,0,0" color="0,220,0" radius="0.5" length="4" />
		<capsule pos="-35.65,-27.5,-25.299999999999997" vel="0,0,0" mass="1" elasticityCoef="1" ang="90,0,0" color="0,220,0" radius="0.5" length="4" />
		<capsule pos="-35.65,-27.5,-22.999999999999996" vel="0,0,0" mass="1" elasticityCoef="1" ang="90,0,0" color="0,220,0" radius="0.5" length="4" />
		<capsule pos="-35.65,-27.5,-20.699999999999996" vel="0,0,0" mass="1" elasticityCoef="1" ang="90,0,0" color="0,220,0" radius="0.5" length="4" />
		<capsule pos="-35.65,-27.5,-18.4" vel="0,0,0" mass="1" elasticityCoef="1" ang="90,0,0" color="0,220,0" radius="0.5" length="4" />
		<capsule pos="-35.65,-27.5,-16.099999999999998" vel="0,0,0" mass="1" elasticityCoef="1" ang="90,0,0" color="0,220,0" radius="0.5" length="4" />
		<capsule pos="-35.65,-27.5,-13.799999999999997" vel="0,0,0" mass="1" elasticityCoef="1" ang="90,0,0" color="0,220,0" radius="0.5" length="4" />
		<capsule pos="-35.65,-27.5,-11.5" vel="0,0,0" mass="1" elasticityCoef="1" ang="90,0,0" color="0,220,0" radius="0.5" length="4" />
		<capsule pos="-35.65,-27.5,-9.199999999999996" vel="0,0,0" mass="1" elasticityCoef="1" ang="90,0,0" color="0,220,0" radius="0.5" length="4" />
		<capsule pos="-35.65,-27.5,-6.899999999999999" vel="0,0,0" mass="1" elasticityCoef="1" ang="90,0,0" color="0,220,0" radius="0.5" length="4" />
		<capsule pos="-35.65,-27.5,-4.600000000000001" vel="0,0,0" mass="1" elasticityCoef="1" ang="90,0,0" color="0,220,0" radius="0.5" length="4" />
		<capsule pos="-35.65,-27.5,-2.299999999999997" vel="0,0,0" mass="1" elasticityCoef="1" ang="90,0,0" color="0,220,0" radius="0.5" length="4" />
		<capsule pos="-35.65,-27.5,0.0" vel="0,0,0" mass="1" elasticityCoef="1" ang="90,0,0" color="0,220,0" radius="0.5" length="4" />
		<capsule pos="-35.65,-27.5,2.3000000000000043" vel="0,0,0" mass="1" elasticityCoef="1" ang="90,0,0" color="0,220,0" radius="0.5" length="4" />
		<capsule pos="-35.65,-27.5,4.600000000000001" vel="0,0,0" mass="1" elasticityCoef="1" ang="90,0,0" color="0,220,0" radius="0.5" length="4" />
		<capsule pos="-35.65,-27.5,6.899999999999999" vel="0,0,0" mass="1" elasticityCoef="1" ang="90,0,0" color="0,220,0" radius="0.5" length="4" />
		<capsule pos="-35.65,-27.5,9.200000000000003" vel="0,0,0" mass="1" elasticityCoef="1" ang="90,0,0" color="0,220,0" radius="0.5" length="4" />
		<capsule pos="-35.65,-27.5,11.5" vel="0,0,0" mass="1" elasticityCoef="1" ang="90,0,0" color="0,220,0" radius="0.5" length="4" />
		<capsule pos="-35.65,-27.5,13.799999999999997" vel="0,0,0" mass="1" elasticityCoef="1" ang="90,0,0" color="0,220,0" radius="0.5" length="4" />
		<capsule pos="-35.65,-27.5,16.1" vel="0,0,0" mass="1" elasticityCoef="1" ang="90,0,0" color="0,220,0" radius="0.5" length="4" />
		<capsule pos="-35.65,-27.5,18.4" vel="0,0,0" mass="1" elasticityCoef="1" ang="90,0,0" color="0,220,0" radius="0.5" length="4" />
		<capsule pos="-35.65,-27.5,20.699999999999996" vel="0,0,0" mass="1" elasticityCoef="1" ang="90,0,0" color="0,220,0" radius="0.5" length="4" />
		<capsule pos="-35.65,-27.5,22.999999999999993" vel="0,0,0" mass="1" elasticityCoef="1" ang="90,0,0" color="0,220,0" radius="0.5" length="4" />
		<capsule pos="-35.65,-27.5,25.300000000000004" vel="0,0,0" mass="1" elasticityCoef="1" ang="90,0,0" color="0,220,0" radius="0.5" length="4" />
		<capsule pos="-35.65,-27.5,27.6" vel="0,0,0" mass="1" elasticityCoef="1" ang="90,0,0" color="0,220,0" radius="0.5" length="4" />
		<capsule pos="-35.65,-27.5,29.9" vel="0,0,0" mass="1" elasticityCoef="1" ang="90,0,0" color="0,220,0" radius="0.5" length="4" />
		<capsule pos="-35.65,-27.5,32.199999999999996" vel="0,0,0" mass="1" elasticityCoef="1" ang="90,0,0" color="0,220,0" radius="0.5" length="4" />
		<capsule pos="-35.65,-27.5,34.49999999999999" vel="0,0,0" mass="1" elasticityCoef="1" ang="90,0,0" color="0,220,0" radius="0.5" length="4" />
		<capsule pos="-35.65,-27.5,36.800000000000004" vel="0,0,0" mass="1" elasticityCoef="1" ang="90,0,0" color="0,220,0" radius="0.5" length="4" />
		<capsule pos="-35.65,-27.5,39.1" vel="0,0,0" mass="1" elasticityCoef="1" ang="90,0,0" color="0,220,0" radius="0.5" length="4" />
		<capsule pos="-35.65,-27.5,41.4" vel="0,0,0" mass="1" elasticityCoef="1" ang="90,0,0" color="0,220,0" radius="0.5" length="4" />
		<capsule pos="-35.65,-22.0,-43.699999999999996" vel="0,0,0" mass="1" elasticityCoef="1" ang="90,0,0" color="0,220,0" radius="0.5" length="4" />
		<capsule pos="-35.65,-22.0,-41.4" vel="0,0,0" mass="1" elasticityCoef="1" ang="90,0,0" color="0,220,0" radius="0.5" length="4" />
		<capsule pos="-35.65,-22.0,-39.099999999999994" vel="0,0,0" mass="1" elasticityCoef="1" ang="90,0,0" color="0,220,0" radius="0.5" length="4" />
		<capsule pos="-35.65,-22.0,-36.8" vel="0,0,0" mass="1" elasticityCoef="1" ang="90,0,0" color="0,220,0" radius="0.5" length="4" />
		<capsule pos="-35.65,-22.0,-34.5" vel="0,0,0" mass="1" elasticityCoef="1" ang="90,0,0" color="0,220,0" radius="0.5" length="4" />
		<capsule pos="-35.65,-22.0,-32.199999999999996" vel="0,0,0" mass="1" elasticityCoef="1" ang="90,0,0" color="0,220,0" radius="0.5" length="4" />
		<capsule pos="-35.65,-22.0,-29.9" vel="0,0,0" mass="1" elasticityCoef="1" ang="90,0,0" color="0,220,0" radius="0.5" length="4" />
		<capsule pos="-35.65,-22.0,-27.599999999999998" vel="0,0,0" mass="1" elasticityCoef="1" ang="90,0,0" color="0,220,0" radius="0.5" length="4" />
		<capsule pos="-35.65,-22.0,-25.299999999999997" vel="0,0,0" mass="1" elasticityCoef="1" ang="90,0,0" color="0,220,0" radius="0.5" length="4" />
		<capsule pos="-35.65,-22.0,-22.999999999999996" vel="0,0,0" mass="1" elasticityCoef="1" ang="90,0,0" color="0,220,0" radius="0.5" length="4" />
		<capsule pos="-35.65,-22.0,-20.699999999999996" vel="0,0,0" mass="1" elasticityCoef="1" ang="90,0,0" color="0,220,0" radius="0.5" length="4" />
		<capsule pos="-35.65,-22.0,-18.4" vel="0,0,0" mass="1" elasticityCoef="1" ang="90,0,0" color="0,220,0" radius="0.5" length="4" />
		<capsule pos="-35.65,-22.0,-16.099999999999998" vel="0,0,0" mass="1" elasticityCoef="1" ang="90,0,0" color="0,220,0" radius="0.5" length="4" />
		<capsule pos="-35.65,-22.0,-13.799999999999997" vel="0,0,0" mass="1" elasticityCoef="1" ang="90,0,0" color="0,220,0" radius="0.5" length="4" />
		<capsule pos="-35.65,-22.0,-11.5" vel="0,0,0" mass="1" elasticityCoef="1" ang="90,0,0" color="0,220,0" radius="0.5" length="4" />
		<capsule pos="-35.65,-22.0,-9.199999999999996" vel="0,0,0" mass="1" elasticityCoef="1" ang="90,0,0" color="0,220,0" radius="0.5" length="4" />
		<capsule pos="-35.65,-22.0,-6.899999999999999" vel="0,0,0" mass="1" elasticityCoef="1" ang="90,0,0" color="0,220,0" radius="0.5" length="4" />
		<capsule pos="-35.65,-22.0,-4.600000000000001" vel="0,0,0" mass="1" elasticityCoef="1" ang="90,0,0" color="0,220,0" radius="0.5" length="4" />
		<capsule pos="-35.65,-22.0,-2.299999999999997" vel="0,0,0" mass="1" elasticityCoef="1" ang="90,0,0" color="0,220,0" radius="0.5" length="4" />
		<capsule pos="-35.65,-22.0,0.0" vel="0,0,0" mass="1" elasticityCoef="1" ang="90,0,0" color="0,220,0" radius="0.5" length="4" />
		<capsule pos="-35.65,-22.0,2.3000000000000043" vel="0,0,0" mass="1" elasticityCoef="1" ang="90,0,0" color="0,220,0" radius="0.5" length="4" />
		<capsule pos="-35.65,-22.0,4.600000000000001" vel="0,0,0" mass="1" elasticityCoef="1" ang="90,0,0" color="0,220,0" radius="0.5" length="4" />
		<capsule pos="-35.65,-22.0,6.899999999999999" vel="0,0,0" mass="1" elasticityCoef="1" ang="90,0,0" color="0,220,0" radius="0.5" length="4" />
		<capsule pos="-35.65,-22.0,9.200000000000003" vel="0,0,0" mass="1" elasticityCoef="1" ang="90,0,0" color="0,220,0" radius="0.5" length="4" />
		<capsule pos="-35.65,-22.0,11.5" vel="0,0,0" mass="1" elasticityCoef="1" ang="90,0,0" color="0,220,0" radius="0.5" length="4" />
		<capsule pos="-35.65,-22.0,13.799999999999997" vel="0,0,0" mass="1" elasticityCoef="1" ang="90,0,0" color="0,220,0" radius="0.5" length="4" />
		<capsule pos="-35.65,-22.0,16.1" vel="0,0,0" mass="1" elasticityCoef="1" ang="90,0,0" color="0,220,0" radius="0.5" length="4" />
		<capsule pos="-35.65,-22.0,18.4" vel="0,0,0" mass="1" elasticityCoef="1" ang="90,0,0" color="0,220,0" radius="0.5" length="4" />
		<capsule pos="-35.65,-22.0,20.699999999999996" vel="0,0,0" mass="1" elasticityCoef="1" ang="90,0,0" color="0,220,0" radius="0.5" length="4" />
		<capsule pos="-35.65,-22.0,22.999999999999993" vel="0,0,0" mass="1" elasticityCoef="1" ang="90,0,0" color="0,220,0" radius="0.5" length="4" />
		<capsule pos="-35.65,-22.0,25.300000000000004" vel="0,0,0" mass="1" elasticityCoef="1" ang="90,0,0" color="0,220,0" radius="0.5" length="4" />
		<capsule pos="-35.65,-22.0,27.6" vel="0,0,0" mass="1" elasticityCoef="1" ang="90,0,0" color="0,220,0" radius="0.5" length="4" />
		<capsule pos="-35.65,-22.0,29.9" vel="0,0,0" mass="1" elasticityCoef="1" ang="90,0,0" color="0,220,0" radius="0.5" length="4" />
		<capsule pos="-35.65,-22.0,32.199999999999996" vel="0,0,0" mass="1" elasticityCoef="1" ang="90,0,0" color="0,220,0" radius="0.5" length="4" />
		<capsule pos="-35.65,-22.0,34.49999999999999" vel="0,0,0" mass="1" elasticityCoef="1" ang="90,0,0" color="0,220,0" radius="0.5" length="4" />
		<capsule pos="-35.65,-22.0,36.800000000000004" vel="0,0,0" mass="1" elasticityCoef="1" ang="90,0,0" color="0,220,0" radius="0.5" length="4" />
		<capsule pos="-35.65,-22.0,39.1" vel="0,0,0" mass="1" elasticityCoef="1" ang="90,0,0" color="0,220,0" radius="0.5" length="4" />
		<capsule pos="-35.65,-22.0,41.4" vel="0,0,0" mass="1" elasticityCoef="1" ang="90,0,0" color="0,220,0" radius="0.5" length="4" />
		<capsule pos="-35.65,-16.5,-43.699999999999996" vel="0,0,0" mass="1" elasticityCoef="1" ang="90,0,0" color="0,220,0" radius="0.5" length="4" />
		<capsule pos="-35.65,-16.5,-41.4" vel="0,0,0" mass="1" elasticityCoef="1" ang="90,0,0" color="0,220,0" radius="0.5" length="4" />
		<capsule pos="-35.65,-16.5,-39.099999999999994" vel="0,0,0" mass="1" elasticityCoef="1" ang="90,0,0" color="0,220,0" radius="0.5" length="4" />
		<capsule pos="-35.65,-16.5,-36.8" vel="0,0,0" mass="1" elasticityCoef="1" ang="90,0,0" color="0,220,0" radius="0.5" length="4" />
		<capsule pos="-35.65,-16.5,-34.5" vel="0,0,0" mass="1" elasticityCoef="1" ang="90,0,0" color="0,220,0" radius="0.5" length="4" />
		<capsule pos="-35.65,-16.5,-32.199999999999996" vel="0,0,0" mass="1" elasticityCoef="1" ang="90,0,0" color="0,220,0" radius="0.5" length="4" />
		<capsule pos="-35.65,-16.5,-29.9" vel="0,0,0" mass="1" elasticityCoef="1" ang="90,0,0" color="0,220,0" radius="0.5" length="4" />
		<capsule pos="-35.65,-16.5,-27.599999999999998" vel="0,0,0" mass="1" elasticityCoef="1" ang="90,0,0" color="0,220,0" radius="0.5" length="4" />
		<capsule pos="-35.65,-16.5,-25.299999999999997" vel="0,0,0" mass="1" elasticityCoef="1" ang="90,0,0" color="0,220,0" radius="0.5" length="4" />
		<capsule pos="-35.65,-16.5,-22.999999999999996" vel="0,0,0" mass="1" elasticityCoef="1" ang="90,0,0" color="0,220,0" radius="0.5" length="4" />
		<capsule pos="-35.65,-16.5,-20.699999999999996" vel="0,0,0" mass="1" elasticityCoef="1" ang="90,0,0" color="0,220,0" radius="0.5" length="4" />
		<capsule pos="-35.65,-16.5,-18.4" vel="0,0,0" mass="1" elasticityCoef="1" ang="90,0,0" color="0,220,0" radius="0.5" length="4" />
		<capsule pos="-35.65,-16.5,-16.099999999999998" vel="0,0,0" mass="1" elasticityCoef="1" ang="90,0,0" color="0,220,0" radius="0.5" length="4" />
		<capsule pos="-35.65,-16.5,-13.799999999999997" vel="0,0,0" mass="1" elasticityCoef="1" ang="90,0,0" color="0,220,0" radius="0.5" length="4" />
		<capsule pos="-35.65,-16.5,-11.5" vel="0,0,0" mass="1" elasticityCoef="1" ang="90,0,0" color="0,220,0" radius="0.5" length="4" />
		<capsule pos="-35.65,-16.5,-9.199999999999996" vel="0,0,0" mass="1" elasticityCoef="1" ang="90,0,0" color="0,220,0" radius="0.5" length="4" />
		<capsule pos="-35.65,-16.5,-6.899999999999999" vel="0,0,0" mass="1" elasticityCoef="1" ang="90,0,0" color="0,220,0" radius="0.5" length="4" />
		<capsule pos="-35.65,-16.5,-4.600000000000001" vel="0,0,0" mass="1" elasticityCoef="1" ang="90,0,0" color="0,220,0" radius="0.5" length="4" />
		<capsule pos="-35.65,-16.5,-2.299999999999997" vel="0,0,0" mass="1" elasticityCoef="1" ang="90,0,0" color="0,220,0" radius="0.5" length="4" />
		<capsule pos="-35.65,-16.5,0.0" vel="0,0,0" mass="1" elasticityCoef="1" ang="90,0,0" color="0,220,0" radius="0.5" length="4" />
		<capsule pos="-35.65,-16.5,2.3000000000000043" vel="0,0,0" mass="1" elasticityCoef="1" ang="90,0,0" color="0,220,0" radius="0.5" length="4" />
		<capsule pos="-35.65,-16.5,4.600000000000001" vel="0,0,0" mass="1" elasticityCoef="1" ang="90,0,0" color="0,220,0" radius="0.5" length="4" />
		<capsule pos="-35.65,-16.5,6.899999999999999" vel="0,0,0" mass="1" elasticityCoef="1" ang="90,0,0" color="0,220,0" radius="0.5" length="4" />
		<capsule pos="-35.65,-16.5,9.200000000000003" vel="0,0,0" mass="1" elasticityCoef="1" ang="90,0,0" color="0,220,0" radius="0.5" length="4" />
		<capsule pos="-35.65,-16.5,11.5" vel="0,0,0" mass="1" elasticityCoef="1" ang="90,0,0" color="0,220,0" radius="0.5" length="4" />
		<capsule pos="-35.65,-16.5,13.799999999999997" vel="0,0,0" mass="1" elasticityCoef="1" ang="90,0,0" color="0,220,0" radius="0.5" length="4" />
		<capsule pos="-35.65,-16.5,16.1" vel="0,0,0" mass="1" elasticityCoef="1" ang="90,0,0" color="0,220,0" radius="0.5" length="4" />
		<capsule pos="-35.65,-16.5,18.4" vel="0,0,0" mass="1" elasticityCoef="1" ang="90,0,0" color="0,220,0" radius="0.5" length="4" />
		<capsule pos="-35.65,-16.5,20.699999999999996" vel="0,0,0" mass="1" elasticityCoef="1" ang="90,0,0" color="0,220,0" radius="0.5" length="4" />
		<capsule pos="-35.65,-16.5,22.999999999999993" vel="0,0,0" mass="1" elasticityCoef="1" ang="90,0,0" color="0,220,0" radius="0.5" length="4" />
		<capsule pos="-35.65,-16.5,25.300000000000004" vel="0,0,0" mass="1" elasticityCoef="1" ang="90,0,0" color="0,220,0" radius="0.5" length="4" />
		<capsule pos="-35.65,-16.5,27.6" vel="0,0,0" mass="1" elasticityCoef="1" ang="90,0,0" color="0,220,0" radius="0.5" length="4" />
		<capsule pos="-35.65,-16.5,29.9" vel="0,0,0" mass="1" elasticityCoef="1" ang="90,0,0" color="0,220,0" radius="0.5" length="4" />
		<capsule pos="-35.65,-16.5,32.199999999999996" vel="0,0,0" mass="1" elasticityCoef="1" ang="90,0,0" color="0,220,0" radius="0.5" length="4" />
		<capsule pos="-35.65,-16.5,34.49999999999999" vel="0,0,0" mass="1" elasticityCoef="1" ang="90,0,0" color="0,220,0" radius="0.5" length="4" />
		<capsule pos="-35.65,-16.5,36.800000000000004" vel="0,0,0" mass="1" elasticityCoef="1" ang="90,0,0" color="0,220,0" radius="0.5" length="4" />
		<capsule pos="-35.65,-16.5,39.1" vel="0,0,0" mass="1" elasticityCoef="1" ang="90,0,0" color="0,220,0" radius="0.5" length="4" />
		<capsule pos="-35.65,-16.5,41.4" vel="0,0,0" mass="1" elasticityCoef="1" ang="90,0,0" color="0,220,0" radius="0.5" length="4" />
		<capsule pos="-35.65,-11.0,-43.699999999999996" vel="0,0,0" mass="1" elasticityCoef="1" ang="90,0,0" color="0,220,0" radius="0.5" length="4" />
		<capsule pos="-35.65,-11.0,-41.4" vel="0,0,0" mass="1" elasticityCoef="1" ang="90,0,0" color="0,220,0" radius="0.5" length="4" />
		<capsule pos="-35.65,-11.0,-39.099999999999994" vel="0,0,0" mass="1" elasticityCoef="1" ang="90,0,0" color="0,220,0" radius="0.5" length="4" />
		<capsule pos="-35.65,-11.0,-36.8" vel="0,0,0" mass="1" elasticityCoef="1" ang="90,0,0" color="0,220,0" radius="0.5" length="4" />
		<capsule pos="-35.65,-11.0,-34.5" vel="0,0,0" mass="1" elasticityCoef="1" ang="90,0,0" color="0,220,0" radius="0.5" length="4" />
		<capsule pos="-35.65,-11.0,-32.199999999999996" vel="0,0,0" mass="1" elasticityCoef="1" ang="90,0,0" color="0,220,0" radius="0.5" length="4" />
		<capsule pos="-35.65,-11.0,-29.9" vel="0,0,0" mass="1" elasticityCoef="1" ang="90,0,0" color="0,220,0" radius="0.5" length="4" />
		<capsule pos="-35.65,-11.0,-27.599999999999998" vel="0,0,0" mass="1" elasticityCoef="1" ang="90,0,0" color="0,220,0" radius="0.5" length="4" />
		<capsule pos="-35.65,-11.0,-25.299999999999997" vel="0,0,0" mass="1" elasticityCoef="1" ang="90,0,0" color="0,220,0" radius="0.5" length="4" />
		<capsule pos="-35.65,-11.0,-22.999999999999996" vel="0,0,0" mass="1" elasticityCoef="1" ang="90,0,0" color="0,220,0" radius="0.5" length="4" />
		<capsule pos="-35.65,-11.0,-20.699999999999996" vel="0,0,0" mass="1" elasticityCoef="1" ang="90,0,0" color="0,220,0" radius="0.5" length="4" />
		<capsule pos="-35.65,-11.0,-18.4" vel="0,0,0" mass="1" elasticityCoef="1" ang="90,0,0" color="0,220,0" radius="0.5" length="4" />
		<capsule pos="-35.65,-11.0,-16.099999999999998" vel="0,0,0" mass="1" elasticityCoef="1" ang="90,0,0" color="0,220,0" radius="0.5" length="4" />
		<capsule pos="-35.65,-11.0,-13.799999999999997" vel="0,0,0" mass="1" elasticityCoef="1" ang="90,0,0" color="0,220,0" radius="0.5" length="4" />
		<capsule pos="-35.65,-11.0,-11.5" vel="0,0,0" mass="1" elasticityCoef="1" ang="90,0,0" color="0,220,0" radius="0.5" length="4" />
		<capsule pos="-35.65,-11.0,-9.199999999999996" vel="0,0,0" mass="1" elasticityCoef="1" ang="90,0,0" color="0,220,0" radius="0.5" length="4" />
		<capsule pos="-35.65,-11.0,-6.899999999999999" vel="0,0,0" mass="1" elasticityCoef="1" ang="90,0,0" color="0,220,0" radius="0.5" length="4" />
		<capsule pos="-35.65,-11.0,-4.600000000000001" vel="0,0,0" mass="1" elasticityCoef="1" ang="90,0,0" color="0,220,0" radius="0.5" length="4" />
		<capsule pos="-35.65,-11.0,-2.299999999999997" vel="0,0,0" mass="1" elasticityCoef="1" ang="90,0,0" color="0,220,0" radius="0.5" length="4" />
		<capsule pos="-35.65,-11.0,0.0" vel="0,0,0" mass="1" elasticityCoef="1" ang="90,0,0" color="0,220,0" radius="0.5" length="4" />
		<capsule pos="-35.65,-11.0,2.3000000000000043" vel="0,0,0" mass="1" elasticityCoef="1" ang="90,0,0" color="0,220,0" radius="0.5" length="4" />
		<capsule pos="-35.65,-11.0,4.600000000000001" vel="0,0,0" mass="1" elasticityCoef="1" ang="90,0,0" color="0,220,0" radius="0.5" length="4" />
		<capsule pos="-35.65,-11.0,6.899999999999999" vel="0,0,0" mass="1" elasticityCoef="1" ang="90,0,0" color="0,220,0" radius="0.5" length="4" />
		<capsule pos="-35.65,-11.0,9.200000000000003" vel="0,0,0" mass="1" elasticityCoef="1" ang="90,0,0" color="0,220,0" radius="0.5" length="4" />
		<capsule pos="-35.65,-11.0,11.5" vel="0,0,0" mass="1" elasticityCoef="1" ang="90,0,0" color="0,220,0" radius="0.5" length="4" />
		<capsule pos="-35.65,-11.0,13.799999999999997" vel="0,0,0" mass="1" elasticityCoef="1" ang="90,0,0" color="0,220,0" radius="0.5" length="4" />
		<capsule pos="-35.65,-11.0,16.1" vel="0,0,0" mass="1" elasticityCoef="1" ang="90,0,0" color="0,220,0" radius="0.5" length="4" />
		<capsule pos="-35.65,-11.0,18.4" vel="0,0,0" mass="1" elasticityCoef="1" ang="90,0,0" color="0,220,0" radius="0.5" length="4" />
		<capsule pos="-35.65,-11.0,20.699999999999996" vel="0,0,0" mass="1" elasticityCoef="1" ang="90,0,0" color="0,220,0" radius="0.5" length="4" />
		<capsule pos="-35.65,-11.0,22.999999999999993" vel="0,0,0" mass="1" elasticityCoef="1" ang="90,0,0" color="0,220,0" radius="0.5" length="4" />
		<capsule pos="-35.65,-11.0,25.300000000000004" vel="0,0,0" mass="1" elasticityCoef="1" ang="90,0,0" color="0,220,0" radius="0.5" length="4" />
		<capsule pos="-35.65,-11.0,27.6" vel="0,0,0" mass="1" elasticityCoef="1" ang="90,0,0" color="0,220,0" radius="0.5" length="4" />
		<capsule pos="-35.65,-11.0,29.9" vel="0,0,0" mass="1" elasticityCoef="1" ang="90,0,0" color="0,220,0" radius="0.5" length="4" />
		<capsule pos="-35.65,-11.0,32.199999999999996" vel="0,0,0" mass="1" elasticityCoef="1" ang="90,0,0" color="0,220,0" radius="0.5" length="4" />
		<capsule pos="-35.65,-11.0,34.49999999999999" vel="0,0,0" mass="1" elasticityCoef="1" ang="90,0,0" color="0,220,0" radius="0.5" length="4" />
		<capsule pos="-35.65,-11.0,36.800000000000004" vel="0,0,0" mass="1" elasticityCoef="1" ang="90,0,0" color="0,220,0" radius="0.5" length="4" />
		<capsule pos="-35.65,-11.0,39.1" vel="0,0,0" mass="1" elasticityCoef="1" ang="90,0,0" color="0,220,0" radius="0.5" length="4" />
		<capsule pos="-35.65,-11.0,41.4" vel="0,0,0" mass="1" elasticityCoef="1" ang="90,0,0" color="0,220,0" radius="0.5" length="4" />
		<capsule pos="-35.65,-5.5,-43.699999999999996" vel="0,0,0" mass="1" elasticityCoef="1" ang="90,0,0" color="0,220,0" radius="0.5" length="4" />
		<capsule pos="-35.65,-5.5,-41.4" vel="0,0,0" mass="1" elasticityCoef="1" ang="90,0,0" color="0,220,0" radius="0.5" length="4" />
		<capsule pos="-35.65,-5.5,-39.099999999999994" vel="0,0,0" mass="1" elasticityCoef="1" ang="90,0,0" color="0,220,0" radius="0.5" length="4" />
		<capsule pos="-35.65,-5.5,-36.8" vel="0,0,0" mass="1" elasticityCoef="1" ang="90,0,0" color="0,220,0" radius="0.5" length="4" />
		<capsule pos="-35.65,-5.5,-34.5" vel="0,0,0" mass="1" elasticityCoef="1" ang="90,0,0" color="0,220,0" radius="0.5" length="4" />
		<capsule pos="-35.65,-5.5,-32.199999999999996" vel="0,0,0" mass="1" elasticityCoef="1" ang="90,0,0" color="0,220,0" radius="0.5" length="4" />
		<capsule pos="-35.65,-5.5,-29.9" vel="0,0,0" mass="1" elasticityCoef="1" ang="90,0,0" color="0,220,0" radius="0.5" length="4" />
		<capsule pos="-35.65,-5.5,-27.599999999999998" vel="0,0,0" mass="1" elasticityCoef="1" ang="90,0,0" color="0,220,0" radius="0.5" length="4" />
		<capsule pos="-35.65,-5.5,-25.299999999999997" vel="0,0,0" mass="1" elasticityCoef="1" ang="90,0,0" color="0,220,0" radius="0.5" length="4" />
		<capsule pos="-35.65,-5.5,-22.999999999999996" vel="0,0,0" mass="1" elasticityCoef="1" ang="90,0,0" color="0,220,0" radius="0.5" length="4" />
		<capsule pos="-35.65,-5.5,-20.699999999999996" vel="0,0,0" mass="1" elasticityCoef="1" ang="90,0,0" color="0,220,0" radius="0.5" length="4" />
		<capsule pos="-35.65,-5.5,-18.4" vel="0,0,0" mass="1" elasticityCoef="1" ang="90,0,0" color="0,220,0" radius="0.5" length="4" />
		<capsule pos="-35.65,-5.5,-16.099999999999998" vel="0,0,0" mass="1" elasticityCoef="1" ang="90,0,0" color="0,220,0" radius="0.5" length="4" />
		<capsule pos="-35.65,-5.5,-13.799999999999997" vel="0,0,0" mass="1" elasticityCoef="1" ang="90,0,0" color="0,220,0" radius="0.5" length="4" />
		<capsule pos="-35.65,-5.5,-11.5" vel="0,0,0" mass="1" elasticityCoef="1" ang="90,0,0" color="0,220,0" radius="0.5" length="4" />
		<capsule pos="-35.65,-5.5,-9.199999999999996" vel="0,0,0" mass="1" elasticityCoef="1" ang="90,0,0" color="0,220,0" radius="0.5" length="4" />
		<capsule pos="-35.65,-5.5,-6.899999999999999" vel="0,0,0" mass="1" elasticityCoef="1" ang="90,0,0" color="0,220,0" radius="0.5" length="4" />
		<capsule pos="-35.65,-5.5,-4.600000000000001" vel="0,0,0" mass="1" elasticityCoef="1" ang="90,0,0" color="0,220,0" radius="0.5" length="4" />
		<capsule pos="-35.65,-5.5,-2.299999999999997" vel="0,0,0" mass="1" elasticityCoef="1" ang="90,0,0" color="0,220,0" radius="0.5" length="4" />
		<capsule pos="-35.65,-5.5,0.0" vel="0,0,0" mass="1" elasticityCoef="1" ang="90,0,0" color="0,220,0" radius="0.5" length="4" />
		<capsule pos="-35.65,-5.5,2.3000000000000043" vel="0,0,0" mass="1" elasticityCoef="1" ang="90,0,0" color="0,220,0" radius="0.5" length="4" />
		<capsule pos="-35.65,-5.5,4.600000000000001" vel="0,0,0" mass="1" elasticityCoef="1" ang="90,0,0" color="0,220,0" radius="0.5" length="4" />
		<capsule pos="-35.65,-5.5,6.899999999999999" vel="0,0,0" mass="1" elasticityCoef="1" ang="90,0,0" color="0,220,0" radius="0.5" length="4" />
		<capsule pos="-35.65,-5.5,9.200000000000003" vel="0,0,0" mass="1" elasticityCoef="1" ang="90,0,0" color="0,220,0" radius="0.5" length="4" />
		<capsule pos="-35.65,-5.5,11.5" vel="0,0,0" mass="1" elasticityCoef="1" ang="90,0,0" color="0,220,0" radius="0.5" length="4" />
		<capsule pos="-35.65,-5.5,13.799999999999997" vel="0,0,0" mass="1" elasticityCoef="1" ang="90,0,0" color="0,220,0" radius="0.5" length="4" />
		<capsule pos="-35.65,-5.5,16.1" vel="0,0,0" mass="1" elasticityCoef="1" ang="90,0,0" color="0,220,0" radius="0.5" length="4" />
		<capsule pos="-35.65,-5.5,18.4" vel="0,0,0" mass="1" elasticityCoef="1" ang="90,0,0" color="0,220,0" radius="0.5" length="4" />
		<capsule pos="-35.65,-5.5,20.699999999999996" vel="0,0,0" mass="1" elasticityCoef="1" ang="90,0,0" color="0,220,0" radius="0.5" length="4" />
		<capsule pos="-35.65,-5.5,22.999999999999993" vel="0,0,0" mass="1" elasticityCoef="1" ang="90,0,0" color="0,220,0" radius="0.5" length="4" />
		<capsule pos="-35.65,-5.5,25.300000000000004" vel="0,0,0" mass="1" elasticityCoef="1" ang="90,0,0" color="0,220,0" radius="0.5" length="4" />
		<capsule pos="-35.65,-5.5,27.6" vel="0,0,0" mass="1" elasticityCoef="1" ang="90,0,0" color="0,220,0" radius="0.5" length="4" />
		<capsule pos="-35.65,-5.5,29.9" vel="0,0,0" mass="1" elasticityCoef="1" ang="90,0,0" color="0,220,0" radius="0.5" length="4" />
		<capsule pos="-35.65,-5.5,32.199999999999996" vel="0,0,0" mass="1" elasticityCoef="1" ang="90,0,0" color="0,220,0" radius="0.5" length="4" />
		<capsule pos="-35.65,-5.5,34.49999999999999" vel="0,0,0" mass="1" elasticityCoef="1" ang="90,0,0" color="0,220,0" radius="0.5" length="4" />
		<capsule pos="-35.65,-5.5,36.800000000000004" vel="0,0,0" mass="1" elasticityCoef="1" ang="90,0,0" color="0,220,0" radius="0.5" length="4" />
		<capsule pos="-35.65,-5.5,39.1" vel="0,0,0" mass="1" elasticityCoef="1" ang="90,0,0" color="0,220,0" radius="0.5" length="4" />
		<capsule pos="-35.65,-5.5,41.4" vel="0,0,0" mass="1" elasticityCoef="1" ang="90,0,0" color="0,220,0" radius="0.5" length="4" />
		<capsule pos="-35.65,0.0,-43.699999999999996" vel="0,0,0" mass="1" elasticityCoef="1" ang="90,0,0" color="0,220,0" radius="0.5" length="4" />
		<capsule pos="-35.65,0.0,-41.4" vel="0,0,0" mass="1" elasticityCoef="1" ang="90,0,0" color="0,220,0" radius="0.5" length="4" />
		<capsule pos="-35.65,0.0,-39.099999999999994" vel="0,0,0" mass="1" elasticityCoef="1" ang="90,0,0" color="0,220,0" radius="0.5" length="4" />
		<capsule pos="-35.65,0.0,-36.8" vel="0,0,0" mass="1" elasticityCoef="1" ang="90,0,0" color="0,220,0" radius="0.5" length="4" />
		<capsule pos="-35.65,0.0,-34.5" vel="0,0,0" mass="1" elasticityCoef="1" ang="90,0,0" color="0,220,0" radius="0.5" length="4" />
		<capsule pos="-35.65,0.0,-32.199999999999996" vel="0,0,0" mass="1" elasticityCoef="1" ang="90,0,0" color="0,220,0" radius="0.5" length="4" />
		<capsule pos="-35.65,0.0,-29.9" vel="0,0,0" mass="1" elasticityCoef="1" ang="90,0,0" color="0,220,0" radius="0.5" length="4" />
		<capsule pos="-35.65,0.0,-27.599999999999998" vel="0,0,0" mass="1" elasticityCoef="1" ang="90,0,0" color="0,220,0" radius="0.5" length="4" />
		<capsule pos="-35.65,0.0,-25.299999999999997" vel="0,0,0" mass="1" elasticityCoef="1" ang="90,0,0" color="0,220,0" radius="0.5" length="4" />
		<capsule pos="-35.65,0.0,-22.999999999999996" vel="0,0,0" mass="1" elasticityCoef="1" ang="90,0,0" color="0,220,0" radius="0.5" length="4" />
		<capsule pos="-35.65,0.0,-20.699999999999996" vel="0,0,0" mass="1" elasticityCoef="1" ang="90,0,0" color="0,220,0" radius="0.5" length="4" />
		<capsule pos="-35.65,0.0,-18.4" vel="0,0,0" mass="1" elasticityCoef="1" ang="90,0,0" color="0,220,0" radius="0.5" length="4" />
		<capsule pos="-35.65,0.0,-16.099999999999998" vel="0,0,0" mass="1" elasticityCoef="1" ang="90,0,0" color="0,220,0" radius="0.5" length="4" />
		<capsule pos="-35.65,0.0,-13.799999999999997" vel="0,0,0" mass="1" elasticityCoef="1" ang="90,0,0" color="0,220,0" radius="0.5" length="4" />
		<capsule pos="-35.65,0.0,-11.5" vel="0,0,0" mass="1" elasticityCoef="1" ang="90,0,0" color="0,220,0" radius="0.5" length="4" />
		<capsule pos="-35.65,0.0,-9.199999999999996" vel="0,0,0" mass="1" elasticityCoef="1" ang="90,0,0" color="0,220,0" radius="0.5" length="4" />
		<capsule pos="-35.65,0.0,-6.899999999999999" vel="0,0,0" mass="1" elasticityCoef="1" ang="90,0,0" color="0,220,0" radius="0.5" length="4" />
		<capsule pos="-35.65,0.0,-4.600000000000001" vel="0,0,0" mass="1" elasticityCoef="1" ang="90,0,0" color="0,220,0" radius="0.5" length="4" />
		<capsule pos="-35.65,0.0,-2.299999999999997" vel="0,0,0" mass="1" elasticityCoef="1" ang="90,0,0" color="0,220,0" radius="0.5" length="4" />
		<capsule pos="-35.65,0.0,0.0" vel="0,0,0" mass="1" elasticityCoef="1" ang="90,0,0" color="0,220,0" radius="0.5" length="4" />
		<capsule pos="-35.65,0.0,2.3000000000000043" vel="0,0,0" mass="1" elasticityCoef="1" ang="90,0,0" color="0,220,0" radius="0.5" length="4" />
		<capsule pos="-35.65,0.0,4.600000000000001" vel="0,0,0" mass="1" elasticityCoef="1" ang="90,0,0" color="0,220,0" radius="0.5" length="4" />
		<capsule pos="-35.65,0.0,6.899999999999999" vel="0,0,0" mass="1" elasticityCoef="1" ang="90,0,0" color="0,220,0" radius="0.5" length="4" />
		<capsule pos="-35.65,0.0,9.200000000000003" vel="0,0,0" mass="1" elasticityCoef="1" ang="90,0,0" color="0,220,0" radius="0.5" length="4" />
		<capsule pos="-35.65,0.0,11.5" vel="0,0,0" mass="1" elasticityCoef="1" ang="90,0,0" color="0,220,0" radius="0.5" length="4" />
		<capsule pos="-35.65,0.0,13.799999999999997" vel="0,0,0" mass="1" elasticityCoef="1" ang="90,0,0" color="0,220,0" radius="0.5" length="4" />
		<capsule pos="-35.65,0.0,16.1" vel="0,0,0" mass="1" elasticityCoef="1" ang="90,0,0" color="0,220,0" radius="0.5" length="4" />
		<capsule pos="-35.65,0.0,18.4" vel="0,0,0" mass="1" elasticityCoef="1" ang="90,0,0" color="0,220,0" radius="0.5" length="4" />
		<capsule pos="-35.65,0.0,20.699999999999996" vel="0,0,0" mass="1" elasticityCoef="1" ang="90,0,0" color="0,220,0" radius="0.5" length="4" />
		<capsule pos="-35.65,0.0,22.999999999999993" vel="0,0,0" mass="1" elasticityCoef="1" ang="90,0,0" color="0,220,0" radius="0.5" length="4" />
		<capsule pos="-35.65,0.0,25.300000000000004" vel="0,0,0" mass="1" elasticityCoef="1" ang="90,0,0" color="0,220,0" radius="0.5" length="4" />
		<capsule pos="-35.65,0.0,27.6" vel="0,0,0" mass="1" elasticityCoef="1" ang="90,0,0" color="0,220,0" radius="0.5" length="4" />
		<capsule pos="-35.65,0.0,29.9" vel="0,0,0" mass="1" elasticityCoef="1" ang="90,0,0" color="0,220,0" radius="0.5" length="4" />
		<capsule pos="-35.65,0.0,32.199999999999996" vel="0,0,0" mass="1" elasticityCoef="1" ang="90,0,0" color="0,220,0" radius="0.5" length="4" />
		<capsule pos="-35.65,0.0,34.49999999999999" vel="0,0,0" mass="1" elasticityCoef="1" ang="90,0,0" color="0,220,0" radius="0.5" length="4" />
		<capsule pos="-35.65,0.0,36.800000000000004" vel="0,0,0" mass="1" elasticityCoef="1" ang="90,0,0" color="0,220,0" radius="0.5" length="4" />
		<capsule pos="-35.65,0.0,39.1" vel="0,0,0" mass="1" elasticityCoef="1" ang="90,0,0" color="0,220,0" radius="0.5" length="4" />
		<capsule pos="-35.65,0.0,41.4" vel="0,0,0" mass="1" elasticityCoef="1" ang="90,0,0" color="0,220,0" radius="0.5" length="4" />
		<capsule pos="-35.65,5.5,-43.699999999999996" vel="0,0,0" mass="1" elasticityCoef="1" ang="90,0,0" color="0,220,0" radius="0.5" length="4" />
		<capsule pos="-35.65,5.5,-41.4" vel="0,0,0" mass="1" elasticityCoef="1" ang="90,0,0" color="0,220,0" radius="0.5" length="4" />
		<capsule pos="-35.65,5.5,-39.099999999999994" vel="0,0,0" mass="1" elasticityCoef="1" ang="90,0,0" color="0,220,0" radius="0.5" length="4" />
		<capsule pos="-35.65,5.5,-36.8" vel="0,0,0" mass="1" elasticityCoef="1" ang="90,0,0" color="0,220,0" radius="0.5" length="4" />
		<capsule pos="-35.65,5.5,-34.5" vel="0,0,0" mass="1" elasticityCoef="1" ang="90,0,0" color="0,220,0" radius="0.5" length="4" />
		<capsule pos="-35.65,5.5,-32.199999999999996" vel="0,0,0" mass="1" elasticityCoef="1" ang="90,0,0" color="0,220,0" radius="0.5" length="4" />
		<capsule pos="-35.65,5.5,-29.9" vel="0,0,0" mass="1" elasticityCoef="1" ang="90,0,0" color="0,220,0" radius="0.5" length="4" />
		<capsule pos="-35.65,5.5,-27.599999999999998" vel="0,0,0" mass="1" elasticityCoef="1" ang="90,0,0" color="0,220,0" radius="0.5" length="4" />
		<capsule pos="-35.65,5.5,-25.299999999999997" vel="0,0,0" mass="1" elasticityCoef="1" ang="90,0,0" color="0,220,0" radius="0.5" length="4" />
		<capsule pos="-35.65,5.5,-22.999999999999996" vel="0,0,0" mass="1" elasticityCoef="1" ang="90,0,0" color="0,220,0" radius="0.5" length="4" />
		<capsule pos="-35.65,5.5,-20.699999999999996" vel="0,0,0" mass="1" elasticityCoef="1" ang="90,0,0" color="0,220,0" radius="0.5" length="4" />
		<capsule pos="-35.65,5.5,-18.4" vel="0,0,0" mass="1" elasticityCoef="1" ang="90,0,0" color="0,220,0" radius="0.5" length="4" />
		<capsule pos="-35.65,5.5,-16.099999999999998" vel="0,0,0" mass="1" elasticityCoef="1" ang="90,0,0" color="0,220,0" radius="0.5" length="4" />
		<capsule pos="-35.65,5.5,-13.799999999999997" vel="0,0,0" mass="1" elasticityCoef="1" ang="90,0,0" color="0,220,0" radius="0.5" length="4" />
		<capsule pos="-35.65,5.5,-11.5" vel="0,0,0" mass="1" elasticityCoef="1" ang="90,0,0" color="0,220,0" radius="0.5" length="4" />
		<capsule pos="-35.65,5.5,-9.199999999999996" vel="0,0,0" mass="1" elasticityCoef="1" ang="90,0,0" color="0,220,0" radius="0.5" length="4" />
		<capsule pos="-35.65,5.5,-6.899999999999999" vel="0,0,0" mass="1" elasticityCoef="1" ang="90,0,0" color="0,220,0" radius="0.5" length="4" />
		<capsule pos="-35.65,5.5,-4.600000000000001" vel="0,0,0" mass="1" elasticityCoef="1" ang="90,0,0" color="0,220,0" radius="0.5" length="4" />
		<capsule pos="-35.65,5.5,-2.299999999999997" vel="0,0,0" mass="1" elasticityCoef="1" ang="90,0,0" color="0,220,0" radius="0.5" length="4" />
		<capsule pos="-35.65,5.5,0.0" vel="0,0,0" mass="1" elasticityCoef="1" ang="90,0,0" color="0,220,0" radius="0.5" length="4" />
		<capsule pos="-35.65,5.5,2.3000000000000043" vel="0,0,0" mass="1" elasticityCoef="1" ang="90,0,0" color="0,220,0" radius="0.5" length="4" />
		<capsule pos="-35.65,5.5,4.600000000000001" vel="0,0,0" mass="1" elasticityCoef="1" ang="90,0,0" color="0,220,0" radius="0.5" length="4" />
		<capsule pos="-35.65,5.5,6.899999999999999" vel="0,0,0" mass="1" elasticityCoef="1" ang="90,0,0" color="0,220,0" radius="0.5" length="4" />
		<capsule pos="-35.65,5.5,9.200000000000003" vel="0,0,0" mass="1" elasticityCoef="1" ang="90,0,0" color="0,220,0" radius="0.5" length="4" />
		<capsule pos="-35.65,5.5,11.5" vel="0,0,0" mass="1" elasticityCoef="1" ang="90,0,0" color="0,220,0" radius="0.5" length="4" />
		<capsule pos="-35.65,5.5,13.799999999999997" vel="0,0,0" mass="1" elasticityCoef="1" ang="90,0,0" color="0,220,0" radius="0.5" length="4" />
		<capsule pos="-35.65,5.5,16.1" vel="0,0,0" mass="1" elasticityCoef="1" ang="90,0,0" color="0,220,0" radius="0.5" length="4" />
		<capsule pos="-35.65,5.5,18.4" vel="0,0,0" mass="1" elasticityCoef="1" ang="90,0,0" color="0,220,0" radius="0.5" length="4" />
		<capsule pos="-35.65,5.5,20.699999999999996" vel="0,0,0" mass="1" elasticityCoef="1" ang="90,0,0" color="0,220,0" radius="0.5" length="4" />
		<capsule pos="-35.65,5.5,22.999999999999993" vel="0,0,0" mass="1" elasticityCoef="1" ang="90,0,0" color="0,220,0" radius="0.5" length="4" />
		<capsule pos="-35.65,5.5,25.300000000000004" vel="0,0,0" mass="1" elasticityCoef="1" ang="90,0,0" color="0,220,0" radius="0.5" length="4" />
		<capsule pos="-35.65,5.5,27.6" vel="0,0,0" mass="1" elasticityCoef="1" ang="90,0,0" color="0,220,0" radius="0.5" length="4" />
		<capsule pos="-35.65,5.5,29.9" vel="0,0,0" mass="1" elasticityCoef="1" ang="90,0,0" color="0,220,0" radius="0.5" length="4" />
		<capsule pos="-35.65,5.5,32.199999999999996" vel="0,0,0" mass="1" elasticityCoef="1" ang="90,0,0" color="0,220,0" radius="0.5" length="4" />
		<capsule pos="-35.65,5.5,34.49999999999999" vel="0,0,0" mass="1" elasticityCoef="1" ang="90,0,0" color="0,220,0" radius="0.5" length="4" />
		<capsule pos="-35.65,5.5,36.800000000000004" vel="0,0,0" mass="1" elasticityCoef="1" ang="90,0,0" color="0,220,0" radius="0.5" length="4" />
		<capsule pos="-35.65,5.5,39.1" vel="0,0,0" mass="1" elasticityCoef="1" ang="90,0,0" color="0,220,0" radius="0.5" length="4" />
		<capsule pos="-35.65,5.5,41.4" vel="0,0,0" mass="1" elasticityCoef="1" ang="90,0,0" color="0,220,0" radius="0.5" length="4" />
		<capsule pos="-35.65,11.0,-43.699999999999996" vel="0,0,0" mass="1" elasticityCoef="1" ang="90,0,0" color="0,220,0" radius="0.5" length="4" />
		<capsule pos="-35.65,11.0,-41.4" vel="0,0,0" mass="1" elasticityCoef="1" ang="90,0,0" color="0,220,0" radius="0.5" length="4" />
		<capsule pos="-35.65,11.0,-39.099999999999994" vel="0,0,0" mass="1" elasticityCoef="1" ang="90,0,0" color="0,220,0" radius="0.5" length="4" />
		<capsule pos="-35.65,11.0,-36.8" vel="0,0,0" mass="1" elasticityCoef="1" ang="90,0,0" color="0,220,0" radius="0.5" length="4" />
		<capsule pos="-35.65,11.0,-34.5" vel="0,0,0" mass="1" elasticityCoef="1" ang="90,0,0" color="0,220,0" radius="0.5" length="4" />
		<capsule pos="-35.65,11.0,-32.199999999999996" vel="0,0,0" mass="1" elasticityCoef="1" ang="90,0,0" color="0,220,0" radius="0.5" length="4" />
		<capsule pos="-35.65,11.0,-29.9" vel="0,0,0" mass="1" elasticityCoef="1" ang="90,0,0" color="0,220,0" radius="0.5" length="4" />
		<capsule pos="-35.65,11.0,-27.599999999999998" vel="0,0,0" mass="1" elasticityCoef="1" ang="90,0,0" color="0,220,0" radius="0.5" length="4" />
		<capsule pos="-35.65,11.0,-25.299999999999997" vel="0,0,0" mass="1" elasticityCoef="1" ang="90,0,0" color="0,220,0" radius="0.5" length="4" />
		<capsule pos="-35.65,11.0,-22.999999999999996" vel="0,0,0" mass="1" elasticityCoef="1" ang="90,0,0" color="0,220,0" radius="0.5" length="4" />
		<capsule pos="-35.65,11.0,-20.699999999999996" vel="0,0,0" mass="1" elasticityCoef="1" ang="90,0,0" color="0,220,0" radius="0.5" length="4" />
		<capsule pos="-35.65,11.0,-18.4" vel="0,0,0" mass="1" elasticityCoef="1" ang="90,0,0" color="0,220,0" radius="0.5" length="4" />
		<capsule pos="-35.65,11.0,-16.099999999999998" vel="0,0,0" mass="1" elasticityCoef="1" ang="90,0,0" color="0,220,0" radius="0.5" length="4" />
		<capsule pos="-35.65,11.0,-13.799999999999997" vel="0,0,0" mass="1" elasticityCoef="1" ang="90,0,0" color="0,220,0" radius="0.5" length="4" />
		<capsule pos="-35.65,11.0,-11.5" vel="0,0,0" mass="1" elasticityCoef="1" ang="90,0,0" color="0,220,0" radius="0.5" length="4" />
		<capsule pos="-35.65,11.0,-9.199999999999996" vel="0,0,0" mass="1" elasticityCoef="1" ang="90,0,0" color="0,220,0" radius="0.5" length="4" />
		<capsule pos="-35.65,11.0,-6.899999999999999" vel="0,0,0" mass="1" elasticityCoef="1" ang="90,0,0" color="0,220,0" radius="0.5" length="4" />
		<capsule pos="-35.65,11.0,-4.600000000000001" vel="0,0,0" mass="1" elasticityCoef="1" ang="90,0,0" color="0,220,0" radius="0.5" length="4" />
		<capsule pos="-35.65,11.0,-2.299999999999997" vel="0,0,0" mass="1" elasticityCoef="1" ang="90,0,0" color="0,220,0" radius="0.5" length="4" />
		<capsule pos="-35.65,11.0,0.0" vel="0,0,0" mass="1" elasticityCoef="1" ang="90,0,0" color="0,220,0" radius="0.5" length="4" />
		<capsule pos="-35.65,11.0,2.3000000000000043" vel="0,0,0" mass="1" elasticityCoef="1" ang="90,0,0" color="0,220,0" radius="0.5" length="4" />
		<capsule pos="-35.65,11.0,4.600000000000001" vel="0,0,0" mass="1" elasticityCoef="1" ang="90,0,0" color="0,220,0" radius="0.5" length="4" />
		<capsule pos="-35.65,11.0,6.899999999999999" vel="0,0,0" mass="1" elasticityCoef="1" ang="90,0,0" color="0,220,0" radius="0.5" length="4" />
		<capsule pos="-35.65,11.0,9.200000000000003" vel="0,0,0" mass="1" elasticityCoef="1" ang="90,0,0" color="0,220,0" radius="0.5" length="4" />
		<capsule pos="-35.65,11.0,11.5" vel="0,0,0" mass="1" elasticityCoef="1" ang="90,0,0" color="0,220,0" radius="0.5" length="4" />
		<capsule pos="-35.65,11.0,13.799999999999997" vel="0,0,0" mass="1" elasticityCoef="1" ang="90,0,0" color="0,220,0" radius="0.5" length="4" />
		<capsule pos="-35.65,11.0,16.1" vel="0,0,0" mass="1" elasticityCoef="1" ang="90,0,0" color="0,220,0" radius="0.5" length="4" />
		<capsule pos="-35.65,11.0,18.4" vel="0,0,0" mass="1" elasticityCoef="1" ang="90,0,0" color="0,220,0" radius="0.5" length="4" />
		<capsule pos="-35.65,11.0,20.699999999999996" vel="0,0,0" mass="1" elasticityCoef="1" ang="90,0,0" color="0,220,0" radius="0.5" length="4" />
		<capsule pos="-35.65,11.0,22.999999999999993" vel="0,0,0" mass="1" elasticityCoef="1" ang="90,0,0" color="0,220,0" radius="0.5" length="4" />
		<capsule pos="-35.65,11.0,25.300000000000004" vel="0,0,0" mass="1" elasticityCoef="1" ang="90,0,0" color="0,220,0" radius="0.5" length="4" />
		<capsule pos="-35.65,11.0,27.6" vel="0,0,0" mass="1" elasticityCoef="1" ang="90,0,0" color="0,220,0" radius="0.5" length="4" />
		<capsule pos="-35.65,11.0,29.9" vel="0,0,0" mass="1" elasticityCoef="1" ang="90,0,0" color="0,220,0" radius="0.5" length="4" />
		<capsule pos="-35.65,11.0,32.199999999999996" vel="0,0,0" mass="1" elasticityCoef="1" ang="90,0,0" color="0,220,0" radius="0.5" length="4" />
		<capsule pos="-35.65,11.0,34.49999999999999" vel="0,0,0" mass="1" elasticityCoef="1" ang="90,0,0" color="0,220,0" radius="0.5" length="4" />
		<capsule pos="-35.65,11.0,36.800000000000004" vel="0,0,0" mass="1" elasticityCoef="1" ang="90,0,0" color="0,220,0" radius="0.5" length="4" />
		<capsule pos="-35.65,11.0,39.1" vel="0,0,0" mass="1" elasticityCoef="1" ang="90,0,0" color="0,220,0" radius="0.5" length="4" />
		<capsule pos="-35.65,11.0,41.4" vel="0,0,0" mass="1" elasticityCoef="1" ang="90,0,0" color="0,220,0" radius="0.5" length="4" />
		<capsule pos="-35.65,16.5,-43.699999999999996" vel="0,0,0" mass="1" elasticityCoef="1" ang="90,0,0" color="0,220,0" radius="0.5" length="4" />
		<capsule pos="-35.65,16.5,-41.4" vel="0,0,0" mass="1" elasticityCoef="1" ang="90,0,0" color="0,220,0" radius="0.5" length="4" />
		<capsule pos="-35.65,16.5,-39.099999999999994" vel="0,0,0" mass="1" elasticityCoef="1" ang="90,0,0" color="0,220,0" radius="0.5" length="4" />
		<capsule pos="-35.65,16.5,-36.8" vel="0,0,0" mass="1" elasticityCoef="1" ang="90,0,0" color="0,220,0" radius="0.5" length="4" />
		<capsule pos="-35.65,16.5,-34.5" vel="0,0,0" mass="1" elasticityCoef="1" ang="90,0,0" color="0,220,0" radius="0.5" length="4" />
		<capsule pos="-35.65,16.5,-32.199999999999996" vel="0,0,0" mass="1" elasticityCoef="1" ang="90,0,0" color="0,220,0" radius="0.5" length="4" />
		<capsule pos="-35.65,16.5,-29.9" vel="0,0,0" mass="1" elasticityCoef="1" ang="90,0,0" color="0,220,0" radius="0.5" length="4" />
		<capsule pos="-35.65,16.5,-27.599999999999998" vel="0,0,0" mass="1" elasticityCoef="1" ang="90,0,0" color="0,220,0" radius="0.5" length="4" />
		<capsule pos="-35.65,16.5,-25.299999999999997" vel="0,0,0" mass="1" elasticityCoef="1" ang="90,0,0" color="0,220,0" radius="0.5" length="4" />
		<capsule pos="-35.65,16.5,-22.999999999999996" vel="0,0,0" mass="1" elasticityCoef="1" ang="90,0,0" color="0,220,0" radius="0.5" length="4" />
		<capsule pos="-35.65,16.5,-20.699999999999996" vel="0,0,0" mass="1" elasticityCoef="1" ang="90,0,0" color="0,220,0" radius="0.5" length="4" />
		<capsule pos="-35.65,16.5,-18.4" vel="0,0,0" mass="1" elasticityCoef="1" ang="90,0,0" color="0,220,0" radius="0.5" length="4" />
		<capsule pos="-35.65,16.5,-16.099999999999998" vel="0,0,0" mass="1" elasticityCoef="1" ang="90,0,0" color="0,220,0" radius="0.5" length="4" />
		<capsule pos="-35.65,16.5,-13.799999999999997" vel="0,0,0" mass="1" elasticityCoef="1" ang="90,0,0" color="0,220,0" radius="0.5" length="4" />
		<capsule pos="-35.65,16.5,-11.5" vel="0,0,0" mass="1" elasticityCoef="1" ang="90,0,0" color="0,220,0" radius="0.5" length="4" />
		<capsule pos="-35.65,16.5,-9.199999999999996" vel="0,0,0" mass="1" elasticityCoef="1" ang="90,0,0" color="0,220,0" radius="0.5" length="4" />
		<capsule pos="-35.65,16.5,-6.899999999999999" vel="0,0,0" mass="1" elasticityCoef="1" ang="90,0,0" color="0,220,0" radius="0.5" length="4" />
		<capsule pos="-35.65,16.5,-4.600000000000001" vel="0,0,0" mass="1" elasticityCoef="1" ang="90,0,0" color="0,220,0" radius="0.5" length="4" />
		<capsule pos="-35.65,16.5,-2.299999999999997" vel="0,0,0" mass="1" elasticityCoef="1" ang="90,0,0" color="0,220,0" radius="0.5" length="4" />
		<capsule pos="-35.65,16.5,0.0" vel="0,0,0" mass="1" elasticityCoef="1" ang="90,0,0" color="0,220,0" radius="0.5" length="4" />
		<capsule pos="-35.65,16.5,2.3000000000000043" vel="0,0,0" mass="1" elasticityCoef="1" ang="90,0,0" color="0,220,0" radius="0.5" length="4" />
		<capsule pos="-35.65,16.5,4.600000000000001" vel="0,0,0" mass="1" elasticityCoef="1" ang="90,0,0" color="0,220,0" radius="0.5" length="4" />
		<capsule pos="-35.65,16.5,6.899999999999999" vel="0,0,0" mass="1" elasticityCoef="1" ang="90,0,0" color="0,220,0" radius="0.5" length="4" />
		<capsule pos="-35.65,16.5,9.200000000000003" vel="0,0,0" mass="1" elasticityCoef="1" ang="90,0,0" color="0,220,0" radius="0.5" length="4" />
		<capsule pos="-35.65,16.5,11.5" vel="0,0,0" mass="1" elasticityCoef="1" ang="90,0,0" color="0,220,0" radius="0.5" length="4" />
		<capsule pos="-35.65,16.5,13.799999999999997" vel="0,0,0" mass="1" elasticityCoef="1" ang="90,0,0" color="0,220,0" radius="0.5" length="4" />
		<capsule pos="-35.65,16.5,16.1" vel="0,0,0" mass="1" elasticityCoef="1" ang="90,0,0" color="0,220,0" radius="0.5" length="4" />
		<capsule pos="-35.65,16.5,18.4" vel="0,0,0" mass="1" elasticityCoef="1" ang="90,0,0" color="0,220,0" radius="0.5" length="4" />
		<capsule pos="-35.65,16.5,20.699999999999996" vel="0,0,0" mass="1" elasticityCoef="1" ang="90,0,0" color="0,220,0" radius="0.5" length="4" />
		<capsule pos="-35.65,16.5,22.999999999999993" vel="0,0,0" mass="1" elasticityCoef="1" ang="90,0,0" color="0,220,0" radius="0.5" length="4" />
		<capsule pos="-35.65,16.5,25.300000000000004" vel="0,0,0" mass="1" elasticityCoef="1" ang="90,0,0" color="0,220,0" radius="0.5" length="4" />
		<capsule pos="-35.65,16.5,27.6" vel="0,0,0" mass="1" elasticityCoef="1" ang="90,0,0" color="0,220,0" radius="0.5" length="4" />
		<capsule pos="-35.65,16.5,29.9" vel="0,0,0" mass="1" elasticityCoef="1" ang="90,0,0" color="0,220,0" radius="0.5" length="4" />
		<capsule pos="-35.65,16.5,32.199999999999996" vel="0,0,0" mass="1" elasticityCoef="1" ang="90,0,0" color="0,220,0" radius="0.5" length="4" />
		<capsule pos="-35.65,16.5,34.49999999999999" vel="0,0,0" mass="1" elasticityCoef="1" ang="90,0,0" color="0,220,0" radius="0.5" length="4" />
		<capsule pos="-35.65,16.5,36.800000000000004" vel="0,0,0" mass="1" elasticityCoef="1" ang="90,0,0" color="0,220,0" radius="0.5" length="4" />
		<capsule pos="-35.65,16.5,39.1" vel="0,0,0" mass="1" elasticityCoef="1" ang="90,0,0" color="0,220,0" radius="0.5" length="4" />
		<capsule pos="-35.65,16.5,41.4" vel="0,0,0" mass="1" elasticityCoef="1" ang="90,0,0" color="0,220,0" radius="0.5" length="4" />
		<capsule pos="-35.65,22.0,-43.699999999999996" vel="0,0,0" mass="1" elasticityCoef="1" ang="90,0,0" color="0,220,0" radius="0.5" length="4" />
		<capsule pos="-35.65,22.0,-41.4" vel="0,0,0" mass="1" elasticityCoef="1" ang="90,0,0" color="0,220,0" radius="0.5" length="4" />
		<capsule pos="-35.65,22.0,-39.099999999999994" vel="0,0,0" mass="1" elasticityCoef="1" ang="90,0,0" color="0,220,0" radius="0.5" length="4" />
		<capsule pos="-35.65,22.0,-36.8" vel="0,0,0" mass="1" elasticityCoef="1" ang="90,0,0" color="0,220,0" radius="0.5" length="4" />
		<capsule pos="-35.65,22.0,-34.5" vel="0,0,0" mass="1" elasticityCoef="1" ang="90,0,0" color="0,220,0" radius="0.5" length="4" />
		<capsule pos="-35.65,22.0,-32.199999999999996" vel="0,0,0" mass="1" elasticityCoef="1" ang="90,0,0" color="0,220,0" radius="0.5" length="4" />
		<capsule pos="-35.65,22.0,-29.9" vel="0,0,0" mass="1" elasticityCoef="1" ang="90,0,0" color="0,220,0" radius="0.5" length="4" />
		<capsule pos="-35.65,22.0,-27.599999999999998" vel="0,0,0" mass="1" elasticityCoef="1" ang="90,0,0" color="0,220,0" radius="0.5" length="4" />
		<capsule pos="-35.65,22.0,-25.299999999999997" vel="0,0,0" mass="1" elasticityCoef="1" ang="90,0,0" color="0,220,0" radius="0.5" length="4" />
		<capsule pos="-35.65,22.0,-22.999999999999996" vel="0,0,0" mass="1" elasticityCoef="1" ang="90,0,0" color="0,220,0" radius="0.5" length="4" />
		<capsule pos="-35.65,22.0,-20.699999999999996" vel="0,0,0" mass="1" elasticityCoef="1" ang="90,0,0" color="0,220,0" radius="0.5" length="4" />
		<capsule pos="-35.65,22.0,-18.4" vel="0,0,0" mass="1" elasticityCoef="1" ang="90,0,0" color="0,220,0" radius="0.5" length="4" />
		<capsule pos="-35.65,22.0,-16.099999999999998" vel="0,0,0" mass="1" elasticityCoef="1" ang="90,0,0" color="0,220,0" radius="0.5" length="4" />
		<capsule pos="-35.65,22.0,-13.799999999999997" vel="0,0,0" mass="1" elasticityCoef="1" ang="90,0,0" color="0,220,0" radius="0.5" length="4" />
		<capsule pos="-35.65,22.0,-11.5" vel="0,0,0" mass="1" elasticityCoef="1" ang="90,0,0" color="0,220,0" radius="0.5" length="4" />
		<capsule pos="-35.65,22.0,-9.199999999999996" vel="0,0,0" mass="1" elasticityCoef="1" ang="90,0,0" color="0,220,0" radius="0.5" length="4" />
		<capsule pos="-35.65,22.0,-6.899999999999999" vel="0,0,0" mass="1" elasticityCoef="1" ang="90,0,0" color="0,220,0" radius="0.5" length="4" />
		<capsule pos="-35.65,22.0,-4.600000000000001" vel="0,0,0" mass="1" elasticityCoef="1" ang="90,0,0" color="0,220,0" radius="0.5" length="4" />
		<capsule pos="-35.65,22.0,-2.299999999999997" vel="0,0,0" mass="1" elasticityCoef="1" ang="90,0,0" color="0,220,0" radius="0.5" length="4" />
		<capsule pos="-35.65,22.0,0.0" vel="0,0,0" mass="1" elasticityCoef="1" ang="90,0,0" color="0,220,0" radius="0.5" length="4" />
		<capsule pos="-35.65,22.0,2.3000000000000043" vel="0,0,0" mass="1" elasticityCoef="1" ang="90,0,0" color="0,220,0" radius="0.5" length="4" />
		<capsule pos="-35.65,22.0,4.600000000000001" vel="0,0,0" mass="1" elasticityCoef="1" ang="90,0,0" color="0,220,0" radius="0.5" length="4" />
		<capsule pos="-35.65,22.0,6.899999999999999" vel="0,0,0" mass="1" elasticityCoef="1" ang="90,0,0" color="0,220,0" radius="0.5" length="4" />
		<capsule pos="-35.65,22.0,9.200000000000003" vel="0,0,0" mass="1" elasticityCoef="1" ang="90,0,0" color="0,220,0" radius="0.5" length="4" />
		<capsule pos="-35.65,22.0,11.5" vel="0,0,0" mass="1" elasticityCoef="1" ang="90,0,0" color="0,220,0" radius="0.5" length="4" />
		<capsule pos="-35.65,22.0,13.799999999999997" vel="0,0,0" mass="1" elasticityCoef="1" ang="90,0,0" color="0,220,0" radius="0.5" length="4" />
		<capsule pos="-35.65,22.0,16.1" vel="0,0,0" mass="1" elasticityCoef="1" ang="90,0,0" color="0,220,0" radius="0.5" length="4" />
		<capsule pos="-35.65,22.0,18.4" vel="0,0,0" mass="1" elasticityCoef="1" ang="90,0,0" color="0,220,0" radius="0.5" length="4" />
		<capsule pos="-35.65,22.0,20.699999999999996" vel="0,0,0" mass="1" elasticityCoef="1" ang="90,0,0" color="0,220,0" radius="0.5" length="4" />
		<capsule pos="-35.65,22.0,22.999999999999993" vel="0,0,0" mass="1" elasticityCoef="1" ang="90,0,0" color="0,220,0" radius="0.5" length="4" />
		<capsule pos="-35.65,22.0,25.300000000000004" vel="0,0,0" mass="1" elasticityCoef="1" ang="90,0,0" color="0,220,0" radius="0.5" length="4" />
		<capsule pos="-35.65,22.0,27.6" vel="0,0,0" mass="1" elasticityCoef="1" ang="90,0,0" color="0,220,0" radius="0.5" length="4" />
		<capsule pos="-35.65,22.0,29.9" vel="0,0,0" mass="1" elasticityCoef="1" ang="90,0,0" color="0,220,0" radius="0.5" length="4" />
		<capsule pos="-35.65,22.0,32.199999999999996" vel="0,0,0" mass="1" elasticityCoef="1" ang="90,0,0" color="0,220,0" radius="0.5" length="4" />
		<capsule pos="-35.65,22.0,34.49999999999999" vel="0,0,0" mass="1" elasticityCoef="1" ang="90,0,0" color="0,220,0" radius="0.5" length="4" />
		<capsule pos="-35.65,22.0,36.800000000000004" vel="0,0,0" mass="1" elasticityCoef="1" ang="90,0,0" color="0,220,0" radius="0.5" length="4" />
		<capsule pos="-35.65,22.0,39.1" vel="0,0,0" mass="1" elasticityCoef="1" ang="90,0,0" color="0,220,0" radius="0.5" length="4" />
		<capsule pos="-35.65,22.0,41.4" vel="0,0,0" mass="1" elasticityCoef="1" ang="90,0,0" color="0,220,0" radius="0.5" length="4" />
		<capsule pos="-35.65,27.5,-43.699999999999996" vel="0,0,0" mass="1" elasticityCoef="1" ang="90,0,0" color="0,220,0" radius="0.5" length="4" />
		<capsule pos="-35.65,27.5,-41.4" vel="0,0,0" mass="1" elasticityCoef="1" ang="90,0,0" color="0,220,0" radius="0.5" length="4" />
		<capsule pos="-35.65,27.5,-39.099999999999994" vel="0,0,0" mass="1" elasticityCoef="1" ang="90,0,0" color="0,220,0" radius="0.5" length="4" />
		<capsule pos="-35.65,27.5,-36.8" vel="0,0,0" mass="1" elasticityCoef="1" ang="90,0,0" color="0,220,0" radius="0.5" length="4" />
		<capsule pos="-35.65,27.5,-34.5" vel="0,0,0" mass="1" elasticityCoef="1" ang="90,0,0" color="0,220,0" radius="0.5" length="4" />
		<capsule pos="-35.65,27.5,-32.199999999999996" vel="0,0,0" mass="1" elasticityCoef="1" ang="90,0,0" color="0,220,0" radius="0.5" length="4" />
		<capsule pos="-35.65,27.5,-29.9" vel="0,0,0" mass="1" elasticityCoef="1" ang="90,0,0" color="0,220,0" radius="0.5" length="4" />
		<capsule pos="-35.65,27.5,-27.599999999999998" vel="0,0,0" mass="1" elasticityCoef="1" ang="90,0,0" color="0,220,0" radius="0.5" length="4" />
		<capsule pos="-35.65,27.5,-25.299999999999997" vel="0,0,0" mass="1" elasticityCoef="1" ang="90,0,0" color="0,220,0" radius="0.5" length="4" />
		<capsule pos="-35.65,27.5,-22.999999999999996" vel="0,0,0" mass="1" elasticityCoef="1" ang="90,0,0" color="0,220,0" radius="0.5" length="4" />
		<capsule pos="-35.65,27.5,-20.699999999999996" vel="0,0,0" mass="1" elasticityCoef="1" ang="90,0,0" color="0,220,0" radius="0.5" length="4" />
		<capsule pos="-35.65,27.5,-18.4" vel="0,0,0" mass="1" elasticityCoef="1" ang="90,0,0" color="0,220,0" radius="0.5" length="4" />
		<capsule pos="-35.65,27.5,-16.099999999999998" vel="0,0,0" mass="1" elasticityCoef="1" ang="90,0,0" color="0,220,0" radius="0.5" length="4" />
		<capsule pos="-35.65,27.5,-13.799999999999997" vel="0,0,0" mass="1" elasticityCoef="1" ang="90,0,0" color="0,220,0" radius="0.5" length="4" />
		<capsule pos="-35.65,27.5,-11.5" vel="0,0,0" mass="1" elasticityCoef="1" ang="90,0,0" color="0,220,0" radius="0.5" length="4" />
		<capsule pos="-35.65,27.5,-9.199999999999996" vel="0,0,0" mass="1" elasticityCoef="1" ang="90,0,0" color="0,220,0" radius="0.5" length="4" />
		<capsule pos="-35.65,27.5,-6.899999999999999" vel="0,0,0" mass="1" elasticityCoef="1" ang="90,0,0" color="0,220,0" radius="0.5" length="4" />
		<capsule pos="-35.65,27.5,-4.600000000000001" vel="0,0,0" mass="1" elasticityCoef="1" ang="90,0,0" color="0,220,0" radius="0.5" length="4" />
		<capsule pos="-35.65,27.5,-2.299999999999997" vel="0,0,0" mass="1" elasticityCoef="1" ang="90,0,0" color="0,220,0" radius="0.5" length="4" />
		<capsule pos="-35.65,27.5,0.0" vel="0,0,0" mass="1" elasticityCoef="1" ang="90,0,0" color="0,220,0" radius="0.5" length="4" />
		<capsule pos="-35.65,27.5,2.3000000000000043" vel="0,0,0" mass="1" elasticityCoef="1" ang="90,0,0" color="0,220,0" radius="0.5" length="4" />
		<capsule pos="-35.65,27.5,4.600000000000001" vel="0,0,0" mass="1" elasticityCoef="1" ang="90,0,0" color="0,220,0" radius="0.5" length="4" />
		<capsule pos="-35.65,27.5,6.899999999999999" vel="0,0,0" mass="1" elasticityCoef="1" ang="90,0,0" color="0,220,0" radius="0.5" length="4" />
		<capsule pos="-35.65,27.5,9.200000000000003" vel="0,0,0" mass="1" elasticityCoef="1" ang="90,0,0" color="0,220,0" radius="0.5" length="4" />
		<capsule pos="-35.65,27.5,11.5" vel="0,0,0" mass="1" elasticityCoef="1" ang="90,0,0" color="0,220,0" radius="0.5" length="4" />
		<capsule pos="-35.65,27.5,13.799999999999997" vel="0,0,0" mass="1" elasticityCoef="1" ang="90,0,0" color="0,220,0" radius="0.5" length="4" />
		<capsule pos="-35.65,27.5,16.1" vel="0,0,0" mass="1" elasticityCoef="1" ang="90,0,0" color="0,220,0" radius="0.5" length="4" />
		<capsule pos="-35.65,27.5,18.4" vel="0,0,0" mass="1" elasticityCoef="1" ang="90,0,0" color="0,220,0" radius="0.5" length="4" />
		<capsule pos="-35.65,27.5,20.699999999999996" vel="0,0,0" mass="1" elasticityCoef="1" ang="90,0,0" color="0,220,0" radius="0.5" length="4" />
		<capsule pos="-35.65,27.5,22.999999999999993" vel="0,0,0" mass="1" elasticityCoef="1" ang="90,0,0" color="0,220,0" radius="0.5" length="4" />
		<capsule pos="-35.65,27.5,25.300000000000004" vel="0,0,0" mass="1" elasticityCoef="1" ang="90,0,0" color="0,220,0" radius="0.5" length="4" />
		<capsule pos="-35.65,27.5,27.6" vel="0,0,0" mass="1" elasticityCoef="1" ang="90,0,0" color="0,220,0" radius="0.5" length="4" />
		<capsule pos="-35.65,27.5,29.9" vel="0,0,0" mass="1" elasticityCoef="1" ang="90,0,0" color="0,220,0" radius="0.5" length="4" />
		<capsule pos="-35.65,27.5,32.199999999999996" vel="0,0,0" mass="1" elasticityCoef="1" ang="90,0,0" color="0,220,0" radius="0.5" length="4" />
		<capsule pos="-35.65,27.5,34.49999999999999" vel="0,0,0" mass="1" elasticityCoef="1" ang="90,0,0" color="0,220,0" radius="0.5" length="4" />
		<capsule pos="-35.65,27.5,36.800000000000004" vel="0,0,0" mass="1" elasticityCoef="1" ang="90,0,0" color="0,220,0" radius="0.5" length="4" />
		<capsule pos="-35.65,27.5,39.1" vel="0,0,0" mass="1" elasticityCoef="1" ang="90,0,0" color="0,220,0" radius="0.5" length="4" />
		<capsule pos="-35.65,27.5,41.4" vel="0,0,0" mass="1" elasticityCoef="1" ang="90,0,0" color="0,220,0" radius="0.5" length="4" />
		<capsule pos="-35.65,33.0,-43.699999999999996" vel="0,0,0" mass="1" elasticityCoef="1" ang="90,0,0" color="0,220,0" radius="0.5" length="4" />
		<capsule pos="-35.65,33.0,-41.4" vel="0,0,0" mass="1" elasticityCoef="1" ang="90,0,0" color="0,220,0" radius="0.5" length="4" />
		<capsule pos="-35.65,33.0,-39.099999999999994" vel="0,0,0" mass="1" elasticityCoef="1" ang="90,0,0" color="0,220,0" radius="0.5" length="4" />
		<capsule pos="-35.65,33.0,-36.8" vel="0,0,0" mass="1" elasticityCoef="1" ang="90,0,0" color="0,220,0" radius="0.5" length="4" />
		<capsule pos="-35.65,33.0,-34.5" vel="0,0,0" mass="1" elasticityCoef="1" ang="90,0,0" color="0,220,0" radius="0.5" length="4" />
		<capsule pos="-35.65,33.0,-32.199999999999996" vel="0,0,0" mass="1" elasticityCoef="1" ang="90,0,0" color="0,220,0" radius="0.5" length="4" />
		<capsule pos="-35.65,33.0,-29.9" vel="0,0,0" mass="1" elasticityCoef="1" ang="90,0,0" color="0,220,0" radius="0.5" length="4" />
		<capsule pos="-35.65,33.0,-27.599999999999998" vel="0,0,0" mass="1" elasticityCoef="1" ang="90,0,0" color="0,220,0" radius="0.5" length="4" />
		<capsule pos="-35.65,33.0,-25.299999999999997" vel="0,0,0" mass="1" elasticityCoef="1" ang="90,0,0" color="0,220,0" radius="0.5" length="4" />
		<capsule pos="-35.65,33.0,-22.999999999999996" vel="0,0,0" mass="1" elasticityCoef="1" ang="90,0,0" color="0,220,0" radius="0.5" length="4" />
		<capsule pos="-35.65,33.0,-20.699999999999996" vel="0,0,0" mass="1" elasticityCoef="1" ang="90,0,0" color="0,220,0" radius="0.5" length="4" />
		<capsule pos="-35.65,33.0,-18.4" vel="0,0,0" mass="1" elasticityCoef="1" ang="90,0,0" color="0,220,0" radius="0.5" length="4" />
		<capsule pos="-35.65,33.0,-16.099999999999998" vel="0,0,0" mass="1" elasticityCoef="1" ang="90,0,0" color="0,220,0" radius="0.5" length="4" />
		<capsule pos="-35.65,33.0,-13.799999999999997" vel="0,0,0" mass="1" elasticityCoef="1" ang="90,0,0" color="0,220,0" radius="0.5" length="4" />
		<capsule pos="-35.65,33.0,-11.5" vel="0,0,0" mass="1" elasticityCoef="1" ang="90,0,0" color="0,220,0" radius="0.5" length="4" />
		<capsule pos="-35.65,33.0,-9.199999999999996" vel="0,0,0" mass="1" elasticityCoef="1" ang="90,0,0" color="0,220,0" radius="0.5" length="4" />
		<capsule pos="-35.65,33.0,-6.899999999999999" vel="0,0,0" mass="1" elasticityCoef="1" ang="90,0,0" color="0,220,0" radius="0.5" length="4" />
		<capsule pos="-35.65,33.0,-4.600000000000001" vel="0,0,0" mass="1" elasticityCoef="1" ang="90,0,0" color="0,220,0" radius="0.5" length="4" />
		<capsule pos="-35.65,33.0,-2.299999999999997" vel="0,0,0" mass="1" elasticityCoef="1" ang="90,0,0" color="0,220,0" radius="0.5" length="4" />
		<capsule pos="-35.65,33.0,0.0" vel="0,0,0" mass="1" elasticityCoef="1" ang="90,0,0" color="0,220,0" radius="0.5" length="4" />
		<capsule pos="-35.65,33.0,2.3000000000000043" vel="0,0,0" mass="1" elasticityCoef="1" ang="90,0,0" color="0,220,0" radius="0.5" length="4" />
		<capsule pos="-35.65,33.0,4.600000000000001" vel="0,0,0" mass="1" elasticityCoef="1" ang="90,0,0" color="0,220,0" radius="0.5" length="4" />
		<capsule pos="-35.65,33.0,6.899999999999999" vel="0,0,0" mass="1" elasticityCoef="1" ang="90,0,0" color="0,220,0" radius="0.5" length="4" />
		<capsule pos="-35.65,33.0,9.200000000000003" vel="0,0,0" mass="1" elasticityCoef="1" ang="90,0,0" color="0,220,0" radius="0.5" length="4" />
		<capsule pos="-35.65,33.0,11.5" vel="0,0,0" mass="1" elasticityCoef="1" ang="90,0,0" color="0,220,0" radius="0.5" length="4" />
		<capsule pos="-35.65,33.0,13.799999999999997" vel="0,0,0" mass="1" elasticityCoef="1" ang="90,0,0" color="0,220,0" radius="0.5" length="4" />
		<capsule pos="-35.65,33.0,16.1" vel="0,0,0" mass="1" elasticityCoef="1" ang="90,0,0" color="0,220,0" radius="0.5" length="4" />
		<capsule pos="-35.65,33.0,18.4" vel="0,0,0" mass="1" elasticityCoef="1" ang="90,0,0" color="0,220,0" radius="0.5" length="4" />
		<capsule pos="-35.65,33.0,20.699999999999996" vel="0,0,0" mass="1" elasticityCoef="1" ang="90,0,0" color="0,220,0" radius="0.5" length="4" />
		<capsule pos="-35.65,33.0,22.999999999999993" vel="0,0,0" mass="1" elasticityCoef="1" ang="90,0,0" color="0,220,0" radius="0.5" length="4" />
		<capsule pos="-35.65,33.0,25.300000000000004" vel="0,0,0" mass="1" elasticityCoef="1" ang="90,0,0" color="0,220,0" radius="0.5" length="4" />
		<capsule pos="-35.65,33.0,27.6" vel="0,0,0" mass="1" elasticityCoef="1" ang="90,0,0" color="0,220,0" radius="0.5" length="4" />
		<capsule pos="-35.65,33.0,29.9" vel="0,0,0" mass="1" elasticityCoef="1" ang="90,0,0" color="0,220,0" radius="0.5" length="4" />
		<capsule pos="-35.65,33.0,32.199999999999996" vel="0,0,0" mass="1" elasticityCoef="1" ang="90,0,0" color="0,220,0" radius="0.5" length="4" />
		<capsule pos="-35.65,33.0,34.49999999999999" vel="0,0,0" mass="1" elasticityCoef="1" ang="90,0,0" color="0,220,0" radius="0.5" length="4" />
		<capsule pos="-35.65,33.0,36.800000000000004" vel="0,0,0" mass="1" elasticityCoef="1" ang="90,0,0" color="0,220,0" radius="0.5" length="4" />
		<capsule pos="-35.65,33.0,39.1" vel="0,0,0" mass="1" elasticityCoef="1" ang="90,0,0" color="0,220,0" radius="0.5" length="4" />
		<capsule pos="-35.65,33.0,41.4" vel="0,0,0" mass="1" elasticityCoef="1" ang="90,0,0" color="0,220,0" radius="0.5" length="4" />
		<capsule pos="-35.65,38.5,-43.699999999999996" vel="0,0,0" mass="1" elasticityCoef="1" ang="90,0,0" color="0,220,0" radius="0.5" length="4" />
		<capsule pos="-35.65,38.5,-41.4" vel="0,0,0" mass="1" elasticityCoef="1" ang="90,0,0" color="0,220,0" radius="0.5" length="4" />
		<capsule pos="-35.65,38.5,-39.099999999999994" vel="0,0,0" mass="1" elasticityCoef="1" ang="90,0,0" color="0,220,0" radius="0.5" length="4" />
		<capsule pos="-35.65,38.5,-36.8" vel="0,0,0" mass="1" elasticityCoef="1" ang="90,0,0" color="0,220,0" radius="0.5" length="4" />
		<capsule pos="-35.65,38.5,-34.5" vel="0,0,0" mass="1" elasticityCoef="1" ang="90,0,0" color="0,220,0" radius="0.5" length="4" />
		<capsule pos="-35.65,38.5,-32.199999999999996" vel="0,0,0" mass="1" elasticityCoef="1" ang="90,0,0" color="0,220,0" radius="0.5" length="4" />
		<capsule pos="-35.65,38.5,-29.9" vel="0,0,0" mass="1" elasticityCoef="1" ang="90,0,0" color="0,220,0" radius="0.5" length="4" />
		<capsule pos="-35.65,38.5,-27.599999999999998" vel="0,0,0" mass="1" elasticityCoef="1" ang="90,0,0" color="0,220,0" radius="0.5" length="4" />
		<capsule pos="-35.65,38.5,-25.299999999999997" vel="0,0,0" mass="1" elasticityCoef="1" ang="90,0,0" color="0,220,0" radius="0.5" length="4" />
		<capsule pos="-35.65,38.5,-22.999999999999996" vel="0,0,0" mass="1" elasticityCoef="1" ang="90,0,0" color="0,220,0" radius="0.5" length="4" />
		<capsule pos="-35.65,38.5,-20.699999999999996" vel="0,0,0" mass="1" elasticityCoef="1" ang="90,0,0" color="0,220,0" radius="0.5" length="4" />
		<capsule pos="-35.65,38.5,-18.4" vel="0,0,0" mass="1" elasticityCoef="1" ang="90,0,0" color="0,220,0" radius="0.5" length="4" />
		<capsule pos="-35.65,38.5,-16.099999999999998" vel="0,0,0" mass="1" elasticityCoef="1" ang="90,0,0" color="0,220,0" radius="0.5" length="4" />
		<capsule pos="-35.65,38.5,-13.799999999999997" vel="0,0,0" mass="1" elasticityCoef="1" ang="90,0,0" color="0,220,0" radius="0.5" length="4" />
		<capsule pos="-35.65,38.5,-11.5" vel="0,0,0" mass="1" elasticityCoef="1" ang="90,0,0" color="0,220,0" radius="0.5" length="4" />
		<capsule pos="-35.65,38.5,-9.199999999999996" vel="0,0,0" mass="1" elasticityCoef="1" ang="90,0,0" color="0,220,0" radius="0.5" length="4" />
		<capsule pos="-35.65,38.5,-6.899999999999999" vel="0,0,0" mass="1" elasticityCoef="1" ang="90,0,0" color="0,220,0" radius="0.5" length="4" />
		<capsule pos="-35.65,38.5,-4.600000000000001" vel="0,0,0" mass="1" elasticityCoef="1" ang="90,0,0" color="0,220,0" radius="0.5" length="4" />
		<capsule pos="-35.65,38.5,-2.299999999999997" vel="0,0,0" mass="1" elasticityCoef="1" ang="90,0,0" color="0,220,0" radius="0.5" length="4" />
		<capsule pos="-35.65,38.5,0.0" vel="0,0,0" mass="1" elasticityCoef="1" ang="90,0,0" color="0,220,0" radius="0.5" length="4" />
		<capsule pos="-35.65,38.5,2.3000000000000043" vel="0,0,0" mass="1" elasticityCoef="1" ang="90,0,0" color="0,220,0" radius="0.5" length="4" />
		<capsule pos="-35.65,38.5,4.600000000000001" vel="0,0,0" mass="1" elasticityCoef="1" ang="90,0,0" color="0,220,0" radius="0.5" length="4" />
		<capsule pos="-35.65,38.5,6.899999999999999" vel="0,0,0" mass="1" elasticityCoef="1" ang="90,0,0" color="0,220,0" radius="0.5" length="4" />
		<capsule pos="-35.65,38.5,9.200000000000003" vel="0,0,0" mass="1" elasticityCoef="1" ang="90,0,0" color="0,220,0" radius="0.5" length="4" />
		<capsule pos="-35.65,38.5,11.5" vel="0,0,0" mass="1" elasticityCoef="1" ang="90,0,0" color="0,220,0" radius="0.5" length="4" />
		<capsule pos="-35.65,38.5,13.799999999999997" vel="0,0,0" mass="1" elasticityCoef="1" ang="90,0,0" color="0,220,0" radius="0.5" length="4" />
		<capsule pos="-35.65,38.5,16.1" vel="0,0,0" mass="1" elasticityCoef="1" ang="90,0,0" color="0,220,0" radius="0.5" length="4" />
		<capsule pos="-35.65,38.5,18.4" vel="0,0,0" mass="1" elasticityCoef="1" ang="90,0,0" color="0,220,0" radius="0.5" length="4" />
		<capsule pos="-35.65,38.5,20.699999999999996" vel="0,0,0" mass="1" elasticityCoef="1" ang="90,0,0" color="0,220,0" radius="0.5" length="4" />
		<capsule pos="-35.65,38.5,22.999999999999993" vel="0,0,0" mass="1" elasticityCoef="1" ang="90,0,0" color="0,220,0" radius="0.5" length="4" />
		<capsule pos="-35.65,38.5,25.300000000000004" vel="0,0,0" mass="1" elasticityCoef="1" ang="90,0,0" color="0,220,0" radius="0.5" length="4" />
		<capsule pos="-35.65,38.5,27.6" vel="0,0,0" mass="1" elasticityCoef="1" ang="90,0,0" color="0,220,0" radius="0.5" length="4" />
		<capsule pos="-35.65,38.5,29.9" vel="0,0,0" mass="1" elasticityCoef="1" ang="90,0,0" color="0,220,0" radius="0.5" length="4" />
		<capsule pos="-35.65,38.5,32.199999999999996" vel="0,0,0" mass="1" elasticityCoef="1" ang="90,0,0" color="0,220,0" radius="0.5" length="4" />
		<capsule pos="-35.65,38.5,34.49999999999999" vel="0,0,0" mass="1" elasticityCoef="1" ang="90,0,0" color="0,220,0" radius="0.5" length="4" />
		<capsule pos="-35.65,38.5,36.800000000000004" vel="0,0,0" mass="1" elasticityCoef="1" ang="90,0,0" color="0,220,0" radius="0.5" length="4" />
		<capsule pos="-35.65,38.5,39.1" vel="0,0,0" mass="1" elasticityCoef="1" ang="90,0,0" color="0,220,0" radius="0.5" length="4" />
		<capsule pos="-35.65,38.5,41.4" vel="0,0,0" mass="1" elasticityCoef="1" ang="90,0,0" color="0,220,0" radius="0.5" length="4" />
		<capsule pos="-35.65,44.0,-43.699999999999996" vel="0,0,0" mass="1" elasticityCoef="1" ang="90,0,0" color="0,220,0" radius="0.5" length="4" />
		<capsule pos="-35.65,44.0,-41.4" vel="0,0,0" mass="1" elasticityCoef="1" ang="90,0,0" color="0,220,0" radius="0.5" length="4" />
		<capsule pos="-35.65,44.0,-39.099999999999994" vel="0,0,0" mass="1" elasticityCoef="1" ang="90,0,0" color="0,220,0" radius="0.5" length="4" />
		<capsule pos="-35.65,44.0,-36.8" vel="0,0,0" mass="1" elasticityCoef="1" ang="90,0,0" color="0,220,0" radius="0.5" length="4" />
		<capsule pos="-35.65,44.0,-34.5" vel="0,0,0" mass="1" elasticityCoef="1" ang="90,0,0" color="0,220,0" radius="0.5" length="4" />
		<capsule pos="-35.65,44.0,-32.199999999999996" vel="0,0,0" mass="1" elasticityCoef="1" ang="90,0,0" color="0,220,0" radius="0.5" length="4" />
		<capsule pos="-35.65,44.0,-29.9" vel="0,0,0" mass="1" elasticityCoef="1" ang="90,0,0" color="0,220,0" radius="0.5" length="4" />
		<capsule pos="-35.65,44.0,-27.599999999999998" vel="0,0,0" mass="1" elasticityCoef="1" ang="90,0,0" color="0,220,0" radius="0.5" length="4" />
		<capsule pos="-35.65,44.0,-25.299999999999997" vel="0,0,0" mass="1" elasticityCoef="1" ang="90,0,0" color="0,220,0" radius="0.5" length="4" />
		<capsule pos="-35.65,44.0,-22.999999999999996" vel="0,0,0" mass="1" elasticityCoef="1" ang="90,0,0" color="0,220,0" radius="0.5" length="4" />
		<capsule pos="-35.65,44.0,-20.699999999999996" vel="0,0,0" mass="1" elasticityCoef="1" ang="90,0,0" color="0,220,0" radius="0.5" length="4" />
		<capsule pos="-35.65,44.0,-18.4" vel="0,0,0" mass="1" elasticityCoef="1" ang="90,0,0" color="0,220,0" radius="0.5" length="4" />
		<capsule pos="-35.65,44.0,-16.099999999999998" vel="0,0,0" mass="1" elasticityCoef="1" ang="90,0,0" color="0,220,0" radius="0.5" length="4" />
		<capsule pos="-35.65,44.0,-13.799999999999997" vel="0,0,0" mass="1" elasticityCoef="1" ang="90,0,0" color="0,220,0" radius="0.5" length="4" />
		<capsule pos="-35.65,44.0,-11.5" vel="0,0,0" mass="1" elasticityCoef="1" ang="90,0,0" color="0,220,0" radius="0.5" length="4" />
		<capsule pos="-35.65,44.0,-9.199999999999996" vel="0,0,0" mass="1" elasticityCoef="1" ang="90,0,0" color="0,220,0" radius="0.5" length="4" />
		<capsule pos="-35.65,44.0,-6.899999999999999" vel="0,0,0" mass="1" elasticityCoef="1" ang="90,0,0" color="0,220,0" radius="0.5" length="4" />
		<capsule pos="-35.65,44.0,-4.600000000000001" vel="0,0,0" mass="1" elasticityCoef="1" ang="90,0,0" color="0,220,0" radius="0.5" length="4" />
		<capsule pos="-35.65,44.0,-2.299999999999997" vel="0,0,0" mass="1" elasticityCoef="1" ang="90,0,0" color="0,220,0" radius="0.5" length="4" />
		<capsule pos="-35.65,44.0,0.0" vel="0,0,0" mass="1" elasticityCoef="1" ang="90,0,0" color="0,220,0" radius="0.5" length="4" />
		<capsule pos="-35.65,44.0,2.3000000000000043" vel="0,0,0" mass="1" elasticityCoef="1" ang="90,0,0" color="0,220,0" radius="0.5" length="4" />
		<capsule pos="-35.65,44.0,4.600000000000001" vel="0,0,0" mass="1" elasticityCoef="1" ang="90,0,0" color="0,220,0" radius="0.5" length="4" />
		<capsule pos="-35.65,44.0,6.899999999999999" vel="0,0,0" mass="1" elasticityCoef="1" ang="90,0,0" color="0,220,0" radius="0.5" length="4" />
		<capsule pos="-35.65,44.0,9.200000000000003" vel="0,0,0" mass="1" elasticityCoef="1" ang="90,0,0" color="0,220,0" radius="0.5" length="4" />
		<capsule pos="-35.65,44.0,11.5" vel="0,0,0" mass="1" elasticityCoef="1" ang="90,0,0" color="0,220,0" radius="0.5" length="4" />
		<capsule pos="-35.65,44.0,13.799999999999997" vel="0,0,0" mass="1" elasticityCoef="1" ang="90,0,0" color="0,220,0" radius="0.5" length="4" />
		<capsule pos="-35.65,44.0,16.1" vel="0,0,0" mass="1" elasticityCoef="1" ang="90,0,0" color="0,220,0" radius="0.5" length="4" />
		<capsule pos="-35.65,44.0,18.4" vel="0,0,0" mass="1" elasticityCoef="1" ang="90,0,0" color="0,220,0" radius="0.5" length="4" />
		<capsule pos="-35.65,44.0,20.699999999999996" vel="0,0,0" mass="1" elasticityCoef="1" ang="90,0,0" color="0,220,0" radius="0.5" length="4" />
		<capsule pos="-35.65,44.0,22.999999999999993" vel="0,0,0" mass="1" elasticityCoef="1" ang="90,0,0" color="0,220,0" radius="0.5" length="4" />
		<capsule pos="-35.65,44.0,25.300000000000004" vel="0,0,0" mass="1" elasticityCoef="1" ang="90,0,0" color="0,220,0" radius="0.5" length="4" />
		<capsule pos="-35.65,44.0,27.6" vel="0,0,0" mass="1" elasticityCoef="1" ang="90,0,0" color="0,220,0" radius="0.5" length="4" />
		<capsule pos="-35.65,44.0,29.9" vel="0,0,0" mass="1" elasticityCoef="1" ang="90,0,0" color="0,220,0" radius="0.5" length="4" />
		<capsule pos="-35.65,44.0,32.199999999999996" vel="0,0,0" mass="1" elasticityCoef="1" ang="90,0,0" color="0,220,0" radius="0.5" length="4" />
		<capsule pos="-35.65,44.0,34.49999999999999" vel="0,0,0" mass="1" elasticityCoef="1" ang="90,0,0" color="0,220,0" radius="0.5" length="4" />
		<capsule pos="-35.65,44.0,36.800000000000004" vel="0,0,0" mass="1" elasticityCoef="1" ang="90,0,0" color="0,220,0" radius="0.5" length="4" />
		<capsule pos="-35.65,44.0,39.1" vel="0,0,0" mass="1" elasticityCoef="1" ang="90,0,0" color="0,220,0" radius="0.5" length="4" />
		<capsule pos="-35.65,44.0,41.4" vel="0,0,0" mass="1" elasticityCoef="1" ang="90,0,0" color="0,220,0" radius="0.5" length="4" />
		<capsule pos="-33.349999999999994,-49.5,-43.699999999999996" vel="0,0,0" mass="1" elasticityCoef="1" ang="90,0,0" color="0,220,0" radius="0.5" length="4" />
		<capsule pos="-33.349999999999994,-49.5,-41.4" vel="0,0,0" mass="1" elasticityCoef="1" ang="90,0,0" color="0,220,0" radius="0.5" length="4" />
		<capsule pos="-33.349999999999994,-49.5,-39.099999999999994" vel="0,0,0" mass="1" elasticityCoef="1" ang="90,0,0" color="0,220,0" radius="0.5" length="4" />
		<capsule pos="-33.349999999999994,-49.5,-36.8" vel="0,0,0" mass="1" elasticityCoef="1" ang="90,0,0" color="0,220,0" radius="0.5" length="4" />
		<capsule pos="-33.349999999999994,-49.5,-34.5" vel="0,0,0" mass="1" elasticityCoef="1" ang="90,0,0" color="0,220,0" radius="0.5" length="4" />
		<capsule pos="-33.349999999999994,-49.5,-32.199999999999996" vel="0,0,0" mass="1" elasticityCoef="1" ang="90,0,0" color="0,220,0" radius="0.5" length="4" />
		<capsule pos="-33.349999999999994,-49.5,-29.9" vel="0,0,0" mass="1" elasticityCoef="1" ang="90,0,0" color="0,220,0" radius="0.5" length="4" />
		<capsule pos="-33.349999999999994,-49.5,-27.599999999999998" vel="0,0,0" mass="1" elasticityCoef="1" ang="90,0,0" color="0,220,0" radius="0.5" length="4" />
		<capsule pos="-33.349999999999994,-49.5,-25.299999999999997" vel="0,0,0" mass="1" elasticityCoef="1" ang="90,0,0" color="0,220,0" radius="0.5" length="4" />
		<capsule pos="-33.349999999999994,-49.5,-22.999999999999996" vel="0,0,0" mass="1" elasticityCoef="1" ang="90,0,0" color="0,220,0" radius="0.5" length="4" />
		<capsule pos="-33.349999999999994,-49.5,-20.699999999999996" vel="0,0,0" mass="1" elasticityCoef="1" ang="90,0,0" color="0,220,0" radius="0.5" length="4" />
		<capsule pos="-33.349999999999994,-49.5,-18.4" vel="0,0,0" mass="1" elasticityCoef="1" ang="90,0,0" color="0,220,0" radius="0.5" length="4" />
		<capsule pos="-33.349999999999994,-49.5,-16.099999999999998" vel="0,0,0" mass="1" elasticityCoef="1" ang="90,0,0" color="0,220,0" radius="0.5" length="4" />
		<capsule pos="-33.349999999999994,-49.5,-13.799999999999997" vel="0,0,0" mass="1" elasticityCoef="1" ang="90,0,0" color="0,220,0" radius="0.5" length="4" />
		<capsule pos="-33.349999999999994,-49.5,-11.5" vel="0,0,0" mass="1" elasticityCoef="1" ang="90,0,0" color="0,220,0" radius="0.5" length="4" />
		<capsule pos="-33.349999999999994,-49.5,-9.199999999999996" vel="0,0,0" mass="1" elasticityCoef="1" ang="90,0,0" color="0,220,0" radius="0.5" length="4" />
		<capsule pos="-33.349999999999994,-49.5,-6.899999999999999" vel="0,0,0" mass="1" elasticityCoef="1" ang="90,0,0" color="0,220,0" radius="0.5" length="4" />
		<capsule pos="-33.349999999999994,-49.5,-4.600000000000001" vel="0,0,0" mass="1" elasticityCoef="1" ang="90,0,0" color="0,220,0" radius="0.5" length="4" />
		<capsule pos="-33.349999999999994,-49.5,-2.299999999999997" vel="0,0,0" mass="1" elasticityCoef="1" ang="90,0,0" color="0,220,0" radius="0.5" length="4" />
		<capsule pos="-33.349999999999994,-49.5,0.0" vel="0,0,0" mass="1" elasticityCoef="1" ang="90,0,0" color="0,220,0" radius="0.5" length="4" />
		<capsule pos="-33.349999999999994,-49.5,2.3000000000000043" vel="0,0,0" mass="1" elasticityCoef="1" ang="90,0,0" color="0,220,0" radius="0.5" length="4" />
		<capsule pos="-33.349999999999994,-49.5,4.600000000000001" vel="0,0,0" mass="1" elasticityCoef="1" ang="90,0,0" color="0,220,0" radius="0.5" length="4" />
		<capsule pos="-33.349999999999994,-49.5,6.899999999999999" vel="0,0,0" mass="1" elasticityCoef="1" ang="90,0,0" color="0,220,0" radius="0.5" length="4" />
		<capsule pos="-33.349999999999994,-49.5,9.200000000000003" vel="0,0,0" mass="1" elasticityCoef="1" ang="90,0,0" color="0,220,0" radius="0.5" length="4" />
		<capsule pos="-33.349999999999994,-49.5,11.5" vel="0,0,0" mass="1" elasticityCoef="1" ang="90,0,0" color="0,220,0" radius="0.5" length="4" />
		<capsule pos="-33.349999999999994,-49.5,13.799999999999997" vel="0,0,0" mass="1" elasticityCoef="1" ang="90,0,0" color="0,220,0" radius="0.5" length="4" />
		<capsule pos="-33.349999999999994,-49.5,16.1" vel="0,0,0" mass="1" elasticityCoef="1" ang="90,0,0" color="0,220,0" radius="0.5" length="4" />
		<capsule pos="-33.349999999999994,-49.5,18.4" vel="0,0,0" mass="1" elasticityCoef="1" ang="90,0,0" color="0,220,0" radius="0.5" length="4" />
		<capsule pos="-33.349999999999994,-49.5,20.699999999999996" vel="0,0,0" mass="1" elasticityCoef="1" ang="90,0,0" color="0,220,0" radius="0.5" length="4" />
		<capsule pos="-33.349999999999994,-49.5,22.999999999999993" vel="0,0,0" mass="1" elasticityCoef="1" ang="90,0,0" color="0,220,0" radius="0.5" length="4" />
		<capsule pos="-33.349999999999994,-49.5,25.300000000000004" vel="0,0,0" mass="1" elasticityCoef="1" ang="90,0,0" color="0,220,0" radius="0.5" length="4" />
		<capsule pos="-33.349999999999994,-49.5,27.6" vel="0,0,0" mass="1" elasticityCoef="1" ang="90,0,0" color="0,220,0" radius="0.5" length="4" />
		<capsule pos="-33.349999999999994,-49.5,29.9" vel="0,0,0" mass="1" elasticityCoef="1" ang="90,0,0" color="0,220,0" radius="0.5" length="4" />
		<capsule pos="-33.349999999999994,-49.5,32.199999999999996" vel="0,0,0" mass="1" elasticityCoef="1" ang="90,0,0" color="0,220,0" radius="0.5" length="4" />
		<capsule pos="-33.349999999999994,-49.5,34.49999999999999" vel="0,0,0" mass="1" elasticityCoef="1" ang="90,0,0" color="0,220,0" radius="0.5" length="4" />
		<capsule pos="-33.349999999999994,-49.5,36.800000000000004" vel="0,0,0" mass="1" elasticityCoef="1" ang="90,0,0" color="0,220,0" radius="0.5" length="4" />
		<capsule pos="-33.349999999999994,-49.5,39.1" vel="0,0,0" mass="1" elasticityCoef="1" ang="90,0,0" color="0,220,0" radius="0.5" length="4" />
		<capsule pos="-33.349999999999994,-49.5,41.4" vel="0,0,0" mass="1" elasticityCoef="1" ang="90,0,0" color="0,220,0" radius="0.5" length="4" />
		<capsule pos="-33.349999999999994,-44.0,-43.699999999999996" vel="0,0,0" mass="1" elasticityCoef="1" ang="90,0,0" color="0,220,0" radius="0.5" length="4" />
		<capsule pos="-33.349999999999994,-44.0,-41.4" vel="0,0,0" mass="1" elasticityCoef="1" ang="90,0,0" color="0,220,0" radius="0.5" length="4" />
		<capsule pos="-33.349999999999994,-44.0,-39.099999999999994" vel="0,0,0" mass="1" elasticityCoef="1" ang="90,0,0" color="0,220,0" radius="0.5" length="4" />
		<capsule pos="-33.349999999999994,-44.0,-36.8" vel="0,0,0" mass="1" elasticityCoef="1" ang="90,0,0" color="0,220,0" radius="0.5" length="4" />
		<capsule pos="-33.349999999999994,-44.0,-34.5" vel="0,0,0" mass="1" elasticityCoef="1" ang="90,0,0" color="0,220,0" radius="0.5" length="4" />
		<capsule pos="-33.349999999999994,-44.0,-32.199999999999996" vel="0,0,0" mass="1" elasticityCoef="1" ang="90,0,0" color="0,220,0" radius="0.5" length="4" />
		<capsule pos="-33.349999999999994,-44.0,-29.9" vel="0,0,0" mass="1" elasticityCoef="1" ang="90,0,0" color="0,220,0" radius="0.5" length="4" />
		<capsule pos="-33.349999999999994,-44.0,-27.599999999999998" vel="0,0,0" mass="1" elasticityCoef="1" ang="90,0,0" color="0,220,0" radius="0.5" length="4" />
		<capsule pos="-33.349999999999994,-44.0,-25.299999999999997" vel="0,0,0" mass="1" elasticityCoef="1" ang="90,0,0" color="0,220,0" radius="0.5" length="4" />
		<capsule pos="-33.349999999999994,-44.0,-22.999999999999996" vel="0,0,0" mass="1" elasticityCoef="1" ang="90,0,0" color="0,220,0" radius="0.5" length="4" />
		<capsule pos="-33.349999999999994,-44.0,-20.699999999999996" vel="0,0,0" mass="1" elasticityCoef="1" ang="90,0,0" color="0,220,0" radius="0.5" length="4" />
		<capsule pos="-33.349999999999994,-44.0,-18.4" vel="0,0,0" mass="1" elasticityCoef="1" ang="90,0,0" color="0,220,0" radius="0.5" length="4" />
		<capsule pos="-33.349999999999994,-44.0,-16.099999999999998" vel="0,0,0" mass="1" elasticityCoef="1" ang="90,0,0" color="0,220,0" radius="0.5" length="4" />
		<capsule pos="-33.349999999999994,-44.0,-13.799999999999997" vel="0,0,0" mass="1" elasticityCoef="1" ang="90,0,0" color="0,220,0" radius="0.5" length="4" />
		<capsule pos="-33.349999999999994,-44.0,-11.5" vel="0,0,0" mass="1" elasticityCoef="1" ang="90,0,0" color="0,220,0" radius="0.5" length="4" />
		<capsule pos="-33.349999999999994,-44.0,-9.199999999999996" vel="0,0,0" mass="1" elasticityCoef="1" ang="90,0,0" color="0,220,0" radius="0.5" length="4" />
		<capsule pos="-33.349999999999994,-44.0,-6.899999999999999" vel="0,0,0" mass="1" elasticityCoef="1" ang="90,0,0" color="0,220,0" radius="0.5" length="4" />
		<capsule pos="-33.349999999999994,-44.0,-4.600000000000001" vel="0,0,0" mass="1" elasticityCoef="1" ang="90,0,0" color="0,220,0" radius="0.5" length="4" />
		<capsule pos="-33.349999999999994,-44.0,-2.299999999999997" vel="0,0,0" mass="1" elasticityCoef="1" ang="90,0,0" color="0,220,0" radius="0.5" length="4" />
		<capsule pos="-33.349999999999994,-44.0,0.0" vel="0,0,0" mass="1" elasticityCoef="1" ang="90,0,0" color="0,220,0" radius="0.5" length="4" />
		<capsule pos="-33.349999999999994,-44.0,2.3000000000000043" vel="0,0,0" mass="1" elasticityCoef="1" ang="90,0,0" color="0,220,0" radius="0.5" length="4" />
		<capsule pos="-33.349999999999994,-44.0,4.600000000000001" vel="0,0,0" mass="1" elasticityCoef="1" ang="90,0,0" color="0,220,0" radius="0.5" length="4" />
		<capsule pos="-33.349999999999994,-44.0,6.899999999999999" vel="0,0,0" mass="1" elasticityCoef="1" ang="90,0,0" color="0,220,0" radius="0.5" length="4" />
		<capsule pos="-33.349999999999994,-44.0,9.200000000000003" vel="0,0,0" mass="1" elasticityCoef="1" ang="90,0,0" color="0,220,0" radius="0.5" length="4" />
		<capsule pos="-33.349999999999994,-44.0,11.5" vel="0,0,0" mass="1" elasticityCoef="1" ang="90,0,0" color="0,220,0" radius="0.5" length="4" />
		<capsule pos="-33.349999999999994,-44.0,13.799999999999997" vel="0,0,0" mass="1" elasticityCoef="1" ang="90,0,0" color="0,220,0" radius="0.5" length="4" />
		<capsule pos="-33.349999999999994,-44.0,16.1" vel="0,0,0" mass="1" elasticityCoef="1" ang="90,0,0" color="0,220,0" radius="0.5" length="4" />
		<capsule pos="-33.349999999999994,-44.0,18.4" vel="0,0,0" mass="1" elasticityCoef="1" ang="90,0,0" color="0,220,0" radius="0.5" length="4" />
		<capsule pos="-33.349999999999994,-44.0,20.699999999999996" vel="0,0,0" mass="1" elasticityCoef="1" ang="90,0,0" color="0,220,0" radius="0.5" length="4" />
		<capsule pos="-33.349999999999994,-44.0,22.999999999999993" vel="0,0,0" mass="1" elasticityCoef="1" ang="90,0,0" color="0,220,0" radius="0.5" length="4" />
		<capsule pos="-33.349999999999994,-44.0,25.300000000000004" vel="0,0,0" mass="1" elasticityCoef="1" ang="90,0,0" color="0,220,0" radius="0.5" length="4" />
		<capsule pos="-33.349999999999994,-44.0,27.6" vel="0,0,0" mass="1" elasticityCoef="1" ang="90,0,0" color="0,220,0" radius="0.5" length="4" />
		<capsule pos="-33.349999999999994,-44.0,29.9" vel="0,0,0" mass="1" elasticityCoef="1" ang="90,0,0" color="0,220,0" radius="0.5" length="4" />
		<capsule pos="-33.349999999999994,-44.0,32.199999999999996" vel="0,0,0" mass="1" elasticityCoef="1" ang="90,0,0" color="0,220,0" radius="0.5" length="4" />
		<capsule pos="-33.349999999999994,-44.0,34.49999999999999" vel="0,0,0" mass="1" elasticityCoef="1" ang="90,0,0" color="0,220,0" radius="0.5" length="4" />
		<capsule pos="-33.349999999999994,-44.0,36.800000000000004" vel="0,0,0" mass="1" elasticityCoef="1" ang="90,0,0" color="0,220,0" radius="0.5" length="4" />
		<capsule pos="-33.349999999999994,-44.0,39.1" vel="0,0,0" mass="1" elasticityCoef="1" ang="90,0,0" color="0,220,0" radius="0.5" length="4" />
		<capsule pos="-33.349999999999994,-44.0,41.4" vel="0,0,0" mass="1" elasticityCoef="1" ang="90,0,0" color="0,220,0" radius="0.5" length="4" />
		<capsule pos="-33.349999999999994,-38.5,-43.699999999999996" vel="0,0,0" mass="1" elasticityCoef="1" ang="90,0,0" color="0,220,0" radius="0.5" length="4" />
		<capsule pos="-33.349999999999994,-38.5,-41.4" vel="0,0,0" mass="1" elasticityCoef="1" ang="90,0,0" color="0,220,0" radius="0.5" length="4" />
		<capsule pos="-33.349999999999994,-38.5,-39.099999999999994" vel="0,0,0" mass="1" elasticityCoef="1" ang="90,0,0" color="0,220,0" radius="0.5" length="4" />
		<capsule pos="-33.349999999999994,-38.5,-36.8" vel="0,0,0" mass="1" elasticityCoef="1" ang="90,0,0" color="0,220,0" radius="0.5" length="4" />
		<capsule pos="-33.349999999999994,-38.5,-34.5" vel="0,0,0" mass="1" elasticityCoef="1" ang="90,0,0" color="0,220,0" radius="0.5" length="4" />
		<capsule pos="-33.349999999999994,-38.5,-32.199999999999996" vel="0,0,0" mass="1" elasticityCoef="1" ang="90,0,0" color="0,220,0" radius="0.5" length="4" />
		<capsule pos="-33.349999999999994,-38.5,-29.9" vel="0,0,0" mass="1" elasticityCoef="1" ang="90,0,0" color="0,220,0" radius="0.5" length="4" />
		<capsule pos="-33.349999999999994,-38.5,-27.599999999999998" vel="0,0,0" mass="1" elasticityCoef="1" ang="90,0,0" color="0,220,0" radius="0.5" length="4" />
		<capsule pos="-33.349999999999994,-38.5,-25.299999999999997" vel="0,0,0" mass="1" elasticityCoef="1" ang="90,0,0" color="0,220,0" radius="0.5" length="4" />
		<capsule pos="-33.349999999999994,-38.5,-22.999999999999996" vel="0,0,0" mass="1" elasticityCoef="1" ang="90,0,0" color="0,220,0" radius="0.5" length="4" />
		<capsule pos="-33.349999999999994,-38.5,-20.699999999999996" vel="0,0,0" mass="1" elasticityCoef="1" ang="90,0,0" color="0,220,0" radius="0.5" length="4" />
		<capsule pos="-33.349999999999994,-38.5,-18.4" vel="0,0,0" mass="1" elasticityCoef="1" ang="90,0,0" color="0,220,0" radius="0.5" length="4" />
		<capsule pos="-33.349999999999994,-38.5,-16.099999999999998" vel="0,0,0" mass="1" elasticityCoef="1" ang="90,0,0" color="0,220,0" radius="0.5" length="4" />
		<capsule pos="-33.349999999999994,-38.5,-13.799999999999997" vel="0,0,0" mass="1" elasticityCoef="1" ang="90,0,0" color="0,220,0" radius="0.5" length="4" />
		<capsule pos="-33.349999999999994,-38.5,-11.5" vel="0,0,0" mass="1" elasticityCoef="1" ang="90,0,0" color="0,220,0" radius="0.5" length="4" />
		<capsule pos="-33.349999999999994,-38.5,-9.199999999999996" vel="0,0,0" mass="1" elasticityCoef="1" ang="90,0,0" color="0,220,0" radius="0.5" length="4" />
		<capsule pos="-33.349999999999994,-38.5,-6.899999999999999" vel="0,0,0" mass="1" elasticityCoef="1" ang="90,0,0" color="0,220,0" radius="0.5" length="4" />
		<capsule pos="-33.349999999999994,-38.5,-4.600000000000001" vel="0,0,0" mass="1" elasticityCoef="1" ang="90,0,0" color="0,220,0" radius="0.5" length="4" />
		<capsule pos="-33.349999999999994,-38.5,-2.299999999999997" vel="0,0,0" mass="1" elasticityCoef="1" ang="90,0,0" color="0,220,0" radius="0.5" length="4" />
		<capsule pos="-33.349999999999994,-38.5,0.0" vel="0,0,0" mass="1" elasticityCoef="1" ang="90,0,0" color="0,220,0" radius="0.5" length="4" />
		<capsule pos="-33.349999999999994,-38.5,2.3000000000000043" vel="0,0,0" mass="1" elasticityCoef="1" ang="90,0,0" color="0,220,0" radius="0.5" length="4" />
		<capsule pos="-33.349999999999994,-38.5,4.600000000000001" vel="0,0,0" mass="1" elasticityCoef="1" ang="90,0,0" color="0,220,0" radius="0.5" length="4" />
		<capsule pos="-33.349999999999994,-38.5,6.899999999999999" vel="0,0,0" mass="1" elasticityCoef="1" ang="90,0,0" color="0,220,0" radius="0.5" length="4" />
		<capsule pos="-33.349999999999994,-38.5,9.200000000000003" vel="0,0,0" mass="1" elasticityCoef="1" ang="90,0,0" color="0,220,0" radius="0.5" length="4" />
		<capsule pos="-33.349999999999994,-38.5,11.5" vel="0,0,0" mass="1" elasticityCoef="1" ang="90,0,0" color="0,220,0" radius="0.5" length="4" />
		<capsule pos="-33.349999999999994,-38.5,13.799999999999997" vel="0,0,0" mass="1" elasticityCoef="1" ang="90,0,0" color="0,220,0" radius="0.5" length="4" />
		<capsule pos="-33.349999999999994,-38.5,16.1" vel="0,0,0" mass="1" elasticityCoef="1" ang="90,0,0" color="0,220,0" radius="0.5" length="4" />
		<capsule pos="-33.349999999999994,-38.5,18.4" vel="0,0,0" mass="1" elasticityCoef="1" ang="90,0,0" color="0,220,0" radius="0.5" length="4" />
		<capsule pos="-33.349999999999994,-38.5,20.699999999999996" vel="0,0,0" mass="1" elasticityCoef="1" ang="90,0,0" color="0,220,0" radius="0.5" length="4" />
		<capsule pos="-33.349999999999994,-38.5,22.999999999999993" vel="0,0,0" mass="1" elasticityCoef="1" ang="90,0,0" color="0,220,0" radius="0.5" length="4" />
		<capsule pos="-33.349999999999994,-38.5,25.300000000000004" vel="0,0,0" mass="1" elasticityCoef="1" ang="90,0,0" color="0,220,0" radius="0.5" length="4" />
		<capsule pos="-33.349999999999994,-38.5,27.6" vel="0,0,0" mass="1" elasticityCoef="1" ang="90,0,0" color="0,220,0" radius="0.5" length="4" />
		<capsule pos="-33.349999999999994,-38.5,29.9" vel="0,0,0" mass="1" elasticityCoef="1" ang="90,0,0" color="0,220,0" radius="0.5" length="4" />
		<capsule pos="-33.349999999999994,-38.5,32.199999999999996" vel="0,0,0" mass="1" elasticityCoef="1" ang="90,0,0" color="0,220,0" radius="0.5" length="4" />
		<capsule pos="-33.349999999999994,-38.5,34.49999999999999" vel="0,0,0" mass="1" elasticityCoef="1" ang="90,0,0" color="0,220,0" radius="0.5" length="4" />
		<capsule pos="-33.349999999999994,-38.5,36.800000000000004" vel="0,0,0" mass="1" elasticityCoef="1" ang="90,0,0" color="0,220,0" radius="0.5" length="4" />
		<capsule pos="-33.349999999999994,-38.5,39.1" vel="0,0,0" mass="1" elasticityCoef="1" ang="90,0,0" color="0,220,0" radius="0.5" length="4" />
		<capsule pos="-33.349999999999994,-38.5,41.4" vel="0,0,0" mass="1" elasticityCoef="1" ang="90,0,0" color="0,220,0" radius="0.5" length="4" />
		<capsule pos="-33.349999999999994,-33.0,-43.699999999999996" vel="0,0,0" mass="1" elasticityCoef="1" ang="90,0,0" color="0,220,0" radius="0.5" length="4" />
		<capsule pos="-33.349999999999994,-33.0,-41.4" vel="0,0,0" mass="1" elasticityCoef="1" ang="90,0,0" color="0,220,0" radius="0.5" length="4" />
		<capsule pos="-33.349999999999994,-33.0,-39.099999999999994" vel="0,0,0" mass="1" elasticityCoef="1" ang="90,0,0" color="0,220,0" radius="0.5" length="4" />
		<capsule pos="-33.349999999999994,-33.0,-36.8" vel="0,0,0" mass="1" elasticityCoef="1" ang="90,0,0" color="0,220,0" radius="0.5" length="4" />
		<capsule pos="-33.349999999999994,-33.0,-34.5" vel="0,0,0" mass="1" elasticityCoef="1" ang="90,0,0" color="0,220,0" radius="0.5" length="4" />
		<capsule pos="-33.349999999999994,-33.0,-32.199999999999996" vel="0,0,0" mass="1" elasticityCoef="1" ang="90,0,0" color="0,220,0" radius="0.5" length="4" />
		<capsule pos="-33.349999999999994,-33.0,-29.9" vel="0,0,0" mass="1" elasticityCoef="1" ang="90,0,0" color="0,220,0" radius="0.5" length="4" />
		<capsule pos="-33.349999999999994,-33.0,-27.599999999999998" vel="0,0,0" mass="1" elasticityCoef="1" ang="90,0,0" color="0,220,0" radius="0.5" length="4" />
		<capsule pos="-33.349999999999994,-33.0,-25.299999999999997" vel="0,0,0" mass="1" elasticityCoef="1" ang="90,0,0" color="0,220,0" radius="0.5" length="4" />
		<capsule pos="-33.349999999999994,-33.0,-22.999999999999996" vel="0,0,0" mass="1" elasticityCoef="1" ang="90,0,0" color="0,220,0" radius="0.5" length="4" />
		<capsule pos="-33.349999999999994,-33.0,-20.699999999999996" vel="0,0,0" mass="1" elasticityCoef="1" ang="90,0,0" color="0,220,0" radius="0.5" length="4" />
		<capsule pos="-33.349999999999994,-33.0,-18.4" vel="0,0,0" mass="1" elasticityCoef="1" ang="90,0,0" color="0,220,0" radius="0.5" length="4" />
		<capsule pos="-33.349999999999994,-33.0,-16.099999999999998" vel="0,0,0" mass="1" elasticityCoef="1" ang="90,0,0" color="0,220,0" radius="0.5" length="4" />
		<capsule pos="-33.349999999999994,-33.0,-13.799999999999997" vel="0,0,0" mass="1" elasticityCoef="1" ang="90,0,0" color="0,220,0" radius="0.5" length="4" />
		<capsule pos="-33.349999999999994,-33.0,-11.5" vel="0,0,0" mass="1" elasticityCoef="1" ang="90,0,0" color="0,220,0" radius="0.5" length="4" />
		<capsule pos="-33.349999999999994,-33.0,-9.199999999999996" vel="0,0,0" mass="1" elasticityCoef="1" ang="90,0,0" color="0,220,0" radius="0.5" length="4" />
		<capsule pos="-33.349999999999994,-33.0,-6.899999999999999" vel="0,0,0" mass="1" elasticityCoef="1" ang="90,0,0" color="0,220,0" radius="0.5" length="4" />
		<capsule pos="-33.349999999999994,-33.0,-4.600000000000001" vel="0,0,0" mass="1" elasticityCoef="1" ang="90,0,0" color="0,220,0" radius="0.5" length="4" />
		<capsule pos="-33.349999999999994,-33.0,-2.299999999999997" vel="0,0,0" mass="1" elasticityCoef="1" ang="90,0,0" color="0,220,0" radius="0.5" length="4" />
		<capsule pos="-33.349999999999994,-33.0,0.0" vel="0,0,0" mass="1" elasticityCoef="1" ang="90,0,0" color="0,220,0" radius="0.5" length="4" />
		<capsule pos="-33.349999999999994,-33.0,2.3000000000000043" vel="0,0,0" mass="1" elasticityCoef="1" ang="90,0,0" color="0,220,0" radius="0.5" length="4" />
		<capsule pos="-33.349999999999994,-33.0,4.600000000000001" vel="0,0,0" mass="1" elasticityCoef="1" ang="90,0,0" color="0,220,0" radius="0.5" length="4" />
		<capsule pos="-33.349999999999994,-33.0,6.899999999999999" vel="0,0,0" mass="1" elasticityCoef="1" ang="90,0,0" color="0,220,0" radius="0.5" length="4" />
		<capsule pos="-33.349999999999994,-33.0,9.200000000000003" vel="0,0,0" mass="1" elasticityCoef="1" ang="90,0,0" color="0,220,0" radius="0.5" length="4" />
		<capsule pos="-33.349999999999994,-33.0,11.5" vel="0,0,0" mass="1" elasticityCoef="1" ang="90,0,0" color="0,220,0" radius="0.5" length="4" />
		<capsule pos="-33.349999999999994,-33.0,13.799999999999997" vel="0,0,0" mass="1" elasticityCoef="1" ang="90,0,0" color="0,220,0" radius="0.5" length="4" />
		<capsule pos="-33.349999999999994,-33.0,16.1" vel="0,0,0" mass="1" elasticityCoef="1" ang="90,0,0" color="0,220,0" radius="0.5" length="4" />
		<capsule pos="-33.349999999999994,-33.0,18.4" vel="0,0,0" mass="1" elasticityCoef="1" ang="90,0,0" color="0,220,0" radius="0.5" length="4" />
		<capsule pos="-33.349999999999994,-33.0,20.699999999999996" vel="0,0,0" mass="1" elasticityCoef="1" ang="90,0,0" color="0,220,0" radius="0.5" length="4" />
		<capsule pos="-33.349999999999994,-33.0,22.999999999999993" vel="0,0,0" mass="1" elasticityCoef="1" ang="90,0,0" color="0,220,0" radius="0.5" length="4" />
		<capsule pos="-33.349999999999994,-33.0,25.300000000000004" vel="0,0,0" mass="1" elasticityCoef="1" ang="90,0,0" color="0,220,0" radius="0.5" length="4" />
		<capsule pos="-33.349999999999994,-33.0,27.6" vel="0,0,0" mass="1" elasticityCoef="1" ang="90,0,0" color="0,220,0" radius="0.5" length="4" />
		<capsule pos="-33.349999999999994,-33.0,29.9" vel="0,0,0" mass="1" elasticityCoef="1" ang="90,0,0" color="0,220,0" radius="0.5" length="4" />
		<capsule pos="-33.349999999999994,-33.0,32.199999999999996" vel="0,0,0" mass="1" elasticityCoef="1" ang="90,0,0" color="0,220,0" radius="0.5" length="4" />
		<capsule pos="-33.349999999999994,-33.0,34.49999999999999" vel="0,0,0" mass="1" elasticityCoef="1" ang="90,0,0" color="0,220,0" radius="0.5" length="4" />
		<capsule pos="-33.349999999999994,-33.0,36.800000000000004" vel="0,0,0" mass="1" elasticityCoef="1" ang="90,0,0" color="0,220,0" radius="0.5" length="4" />
		<capsule pos="-33.349999999999994,-33.0,39.1" vel="0,0,0" mass="1" elasticityCoef="1" ang="90,0,0" color="0,220,0" radius="0.5" length="4" />
		<capsule pos="-33.349999999999994,-33.0,41.4" vel="0,0,0" mass="1" elasticityCoef="1" ang="90,0,0" color="0,220,0" radius="0.5" length="4" />
		<capsule pos="-33.349999999999994,-27.5,-43.699999999999996" vel="0,0,0" mass="1" elasticityCoef="1" ang="90,0,0" color="0,220,0" radius="0.5" length="4" />
		<capsule pos="-33.349999999999994,-27.5,-41.4" vel="0,0,0" mass="1" elasticityCoef="1" ang="90,0,0" color="0,220,0" radius="0.5" length="4" />
		<capsule pos="-33.349999999999994,-27.5,-39.099999999999994" vel="0,0,0" mass="1" elasticityCoef="1" ang="90,0,0" color="0,220,0" radius="0.5" length="4" />
		<capsule pos="-33.349999999999994,-27.5,-36.8" vel="0,0,0" mass="1" elasticityCoef="1" ang="90,0,0" color="0,220,0" radius="0.5" length="4" />
		<capsule pos="-33.349999999999994,-27.5,-34.5" vel="0,0,0" mass="1" elasticityCoef="1" ang="90,0,0" color="0,220,0" radius="0.5" length="4" />
		<capsule pos="-33.349999999999994,-27.5,-32.199999999999996" vel="0,0,0" mass="1" elasticityCoef="1" ang="90,0,0" color="0,220,0" radius="0.5" length="4" />
		<capsule pos="-33.349999999999994,-27.5,-29.9" vel="0,0,0" mass="1" elasticityCoef="1" ang="90,0,0" color="0,220,0" radius="0.5" length="4" />
		<capsule pos="-33.349999999999994,-27.5,-27.599999999999998" vel="0,0,0" mass="1" elasticityCoef="1" ang="90,0,0" color="0,220,0" radius="0.5" length="4" />
		<capsule pos="-33.349999999999994,-27.5,-25.299999999999997" vel="0,0,0" mass="1" elasticityCoef="1" ang="90,0,0" color="0,220,0" radius="0.5" length="4" />
		<capsule pos="-33.349999999999994,-27.5,-22.999999999999996" vel="0,0,0" mass="1" elasticityCoef="1" ang="90,0,0" color="0,220,0" radius="0.5" length="4" />
		<capsule pos="-33.349999999999994,-27.5,-20.699999999999996" vel="0,0,0" mass="1" elasticityCoef="1" ang="90,0,0" color="0,220,0" radius="0.5" length="4" />
		<capsule pos="-33.349999999999994,-27.5,-18.4" vel="0,0,0" mass="1" elasticityCoef="1" ang="90,0,0" color="0,220,0" radius="0.5" length="4" />
		<capsule pos="-33.349999999999994,-27.5,-16.099999999999998" vel="0,0,0" mass="1" elasticityCoef="1" ang="90,0,0" color="0,220,0" radius="0.5" length="4" />
		<capsule pos="-33.349999999999994,-27.5,-13.799999999999997" vel="0,0,0" mass="1" elasticityCoef="1" ang="90,0,0" color="0,220,0" radius="0.5" length="4" />
		<capsule pos="-33.349999999999994,-27.5,-11.5" vel="0,0,0" mass="1" elasticityCoef="1" ang="90,0,0" color="0,220,0" radius="0.5" length="4" />
		<capsule pos="-33.349999999999994,-27.5,-9.199999999999996" vel="0,0,0" mass="1" elasticityCoef="1" ang="90,0,0" color="0,220,0" radius="0.5" length="4" />
		<capsule pos="-33.349999999999994,-27.5,-6.899999999999999" vel="0,0,0" mass="1" elasticityCoef="1" ang="90,0,0" color="0,220,0" radius="0.5" length="4" />
		<capsule pos="-33.349999999999994,-27.5,-4.600000000000001" vel="0,0,0" mass="1" elasticityCoef="1" ang="90,0,0" color="0,220,0" radius="0.5" length="4" />
		<capsule pos="-33.349999999999994,-27.5,-2.299999999999997" vel="0,0,0" mass="1" elasticityCoef="1" ang="90,0,0" color="0,220,0" radius="0.5" length="4" />
		<capsule pos="-33.349999999999994,-27.5,0.0" vel="0,0,0" mass="1" elasticityCoef="1" ang="90,0,0" color="0,220,0" radius="0.5" length="4" />
		<capsule pos="-33.349999999999994,-27.5,2.3000000000000043" vel="0,0,0" mass="1" elasticityCoef="1" ang="90,0,0" color="0,220,0" radius="0.5" length="4" />
		<capsule pos="-33.349999999999994,-27.5,4.600000000000001" vel="0,0,0" mass="1" elasticityCoef="1" ang="90,0,0" color="0,220,0" radius="0.5" length="4" />
		<capsule pos="-33.349999999999994,-27.5,6.899999999999999" vel="0,0,0" mass="1" elasticityCoef="1" ang="90,0,0" color="0,220,0" radius="0.5" length="4" />
		<capsule pos="-33.349999999999994,-27.5,9.200000000000003" vel="0,0,0" mass="1" elasticityCoef="1" ang="90,0,0" color="0,220,0" radius="0.5" length="4" />
		<capsule pos="-33.349999999999994,-27.5,11.5" vel="0,0,0" mass="1" elasticityCoef="1" ang="90,0,0" color="0,220,0" radius="0.5" length="4" />
		<capsule pos="-33.349999999999994,-27.5,13.799999999999997" vel="0,0,0" mass="1" elasticityCoef="1" ang="90,0,0" color="0,220,0" radius="0.5" length="4" />
		<capsule pos="-33.349999999999994,-27.5,16.1" vel="0,0,0" mass="1" elasticityCoef="1" ang="90,0,0" color="0,220,0" radius="0.5" length="4" />
		<capsule pos="-33.349999999999994,-27.5,18.4" vel="0,0,0" mass="1" elasticityCoef="1" ang="90,0,0" color="0,220,0" radius="0.5" length="4" />
		<capsule pos="-33.349999999999994,-27.5,20.699999999999996" vel="0,0,0" mass="1" elasticityCoef="1" ang="90,0,0" color="0,220,0" radius="0.5" length="4" />
		<capsule pos="-33.349999999999994,-27.5,22.999999999999993" vel="0,0,0" mass="1" elasticityCoef="1" ang="90,0,0" color="0,220,0" radius="0.5" length="4" />
		<capsule pos="-33.349999999999994,-27.5,25.300000000000004" vel="0,0,0" mass="1" elasticityCoef="1" ang="90,0,0" color="0,220,0" radius="0.5" length="4" />
		<capsule pos="-33.349999999999994,-27.5,27.6" vel="0,0,0" mass="1" elasticityCoef="1" ang="90,0,0" color="0,220,0" radius="0.5" length="4" />
		<capsule pos="-33.349999999999994,-27.5,29.9" vel="0,0,0" mass="1" elasticityCoef="1" ang="90,0,0" color="0,220,0" radius="0.5" length="4" />
		<capsule pos="-33.349999999999994,-27.5,32.199999999999996" vel="0,0,0" mass="1" elasticityCoef="1" ang="90,0,0" color="0,220,0" radius="0.5" length="4" />
		<capsule pos="-33.349999999999994,-27.5,34.49999999999999" vel="0,0,0" mass="1" elasticityCoef="1" ang="90,0,0" color="0,220,0" radius="0.5" length="4" />
		<capsule pos="-33.349999999999994,-27.5,36.800000000000004" vel="0,0,0" mass="1" elasticityCoef="1" ang="90,0,0" color="0,220,0" radius="0.5" length="4" />
		<capsule pos="-33.349999999999994,-27.5,39.1" vel="0,0,0" mass="1" elasticityCoef="1" ang="90,0,0" color="0,220,0" radius="0.5" length="4" />
		<capsule pos="-33.349999999999994,-27.5,41.4" vel="0,0,0" mass="1" elasticityCoef="1" ang="90,0,0" color="0,220,0" radius="0.5" length="4" />
		<capsule pos="-33.349999999999994,-22.0,-43.699999999999996" vel="0,0,0" mass="1" elasticityCoef="1" ang="90,0,0" color="0,220,0" radius="0.5" length="4" />
		<capsule pos="-33.349999999999994,-22.0,-41.4" vel="0,0,0" mass="1" elasticityCoef="1" ang="90,0,0" color="0,220,0" radius="0.5" length="4" />
		<capsule pos="-33.349999999999994,-22.0,-39.099999999999994" vel="0,0,0" mass="1" elasticityCoef="1" ang="90,0,0" color="0,220,0" radius="0.5" length="4" />
		<capsule pos="-33.349999999999994,-22.0,-36.8" vel="0,0,0" mass="1" elasticityCoef="1" ang="90,0,0" color="0,220,0" radius="0.5" length="4" />
		<capsule pos="-33.349999999999994,-22.0,-34.5" vel="0,0,0" mass="1" elasticityCoef="1" ang="90,0,0" color="0,220,0" radius="0.5" length="4" />
		<capsule pos="-33.349999999999994,-22.0,-32.199999999999996" vel="0,0,0" mass="1" elasticityCoef="1" ang="90,0,0" color="0,220,0" radius="0.5" length="4" />
		<capsule pos="-33.349999999999994,-22.0,-29.9" vel="0,0,0" mass="1" elasticityCoef="1" ang="90,0,0" color="0,220,0" radius="0.5" length="4" />
		<capsule pos="-33.349999999999994,-22.0,-27.599999999999998" vel="0,0,0" mass="1" elasticityCoef="1" ang="90,0,0" color="0,220,0" radius="0.5" length="4" />
		<capsule pos="-33.349999999999994,-22.0,-25.299999999999997" vel="0,0,0" mass="1" elasticityCoef="1" ang="90,0,0" color="0,220,0" radius="0.5" length="4" />
		<capsule pos="-33.349999999999994,-22.0,-22.999999999999996" vel="0,0,0" mass="1" elasticityCoef="1" ang="90,0,0" color="0,220,0" radius="0.5" length="4" />
		<capsule pos="-33.349999999999994,-22.0,-20.699999999999996" vel="0,0,0" mass="1" elasticityCoef="1" ang="90,0,0" color="0,220,0" radius="0.5" length="4" />
		<capsule pos="-33.349999999999994,-22.0,-18.4" vel="0,0,0" mass="1" elasticityCoef="1" ang="90,0,0" color="0,220,0" radius="0.5" length="4" />
		<capsule pos="-33.349999999999994,-22.0,-16.099999999999998" vel="0,0,0" mass="1" elasticityCoef="1" ang="90,0,0" color="0,220,0" radius="0.5" length="4" />
		<capsule pos="-33.349999999999994,-22.0,-13.799999999999997" vel="0,0,0" mass="1" elasticityCoef="1" ang="90,0,0" color="0,220,0" radius="0.5" length="4" />
		<capsule pos="-33.349999999999994,-22.0,-11.5" vel="0,0,0" mass="1" elasticityCoef="1" ang="90,0,0" color="0,220,0" radius="0.5" length="4" />
		<capsule pos="-33.349999999999994,-22.0,-9.199999999999996" vel="0,0,0" mass="1" elasticityCoef="1" ang="90,0,0" color="0,220,0" radius="0.5" length="4" />
		<capsule pos="-33.349999999999994,-22.0,-6.899999999999999" vel="0,0,0" mass="1" elasticityCoef="1" ang="90,0,0" color="0,220,0" radius="0.5" length="4" />
		<capsule pos="-33.349999999999994,-22.0,-4.600000000000001" vel="0,0,0" mass="1" elasticityCoef="1" ang="90,0,0" color="0,220,0" radius="0.5" length="4" />
		<capsule pos="-33.349999999999994,-22.0,-2.299999999999997" vel="0,0,0" mass="1" elasticityCoef="1" ang="90,0,0" color="0,220,0" radius="0.5" length="4" />
		<capsule pos="-33.349999999999994,-22.0,0.0" vel="0,0,0" mass="1" elasticityCoef="1" ang="90,0,0" color="0,220,0" radius="0.5" length="4" />
		<capsule pos="-33.349999999999994,-22.0,2.3000000000000043" vel="0,0,0" mass="1" elasticityCoef="1" ang="90,0,0" color="0,220,0" radius="0.5" length="4" />
		<capsule pos="-33.349999999999994,-22.0,4.600000000000001" vel="0,0,0" mass="1" elasticityCoef="1" ang="90,0,0" color="0,220,0" radius="0.5" length="4" />
		<capsule pos="-33.349999999999994,-22.0,6.899999999999999" vel="0,0,0" mass="1" elasticityCoef="1" ang="90,0,0" color="0,220,0" radius="0.5" length="4" />
		<capsule pos="-33.349999999999994,-22.0,9.200000000000003" vel="0,0,0" mass="1" elasticityCoef="1" ang="90,0,0" color="0,220,0" radius="0.5" length="4" />
		<capsule pos="-33.349999999999994,-22.0,11.5" vel="0,0,0" mass="1" elasticityCoef="1" ang="90,0,0" color="0,220,0" radius="0.5" length="4" />
		<capsule pos="-33.349999999999994,-22.0,13.799999999999997" vel="0,0,0" mass="1" elasticityCoef="1" ang="90,0,0" color="0,220,0" radius="0.5" length="4" />
		<capsule pos="-33.349999999999994,-22.0,16.1" vel="0,0,0" mass="1" elasticityCoef="1" ang="90,0,0" color="0,220,0" radius="0.5" length="4" />
		<capsule pos="-33.349999999999994,-22.0,18.4" vel="0,0,0" mass="1" elasticityCoef="1" ang="90,0,0" color="0,220,0" radius="0.5" length="4" />
		<capsule pos="-33.349999999999994,-22.0,20.699999999999996" vel="0,0,0" mass="1" elasticityCoef="1" ang="90,0,0" color="0,220,0" radius="0.5" length="4" />
		<capsule pos="-33.349999999999994,-22.0,22.999999999999993" vel="0,0,0" mass="1" elasticityCoef="1" ang="90,0,0" color="0,220,0" radius="0.5" length="4" />
		<capsule pos="-33.349999999999994,-22.0,25.300000000000004" vel="0,0,0" mass="1" elasticityCoef="1" ang="90,0,0" color="0,220,0" radius="0.5" length="4" />
		<capsule pos="-33.349999999999994,-22.0,27.6" vel="0,0,0" mass="1" elasticityCoef="1" ang="90,0,0" color="0,220,0" radius="0.5" length="4" />
		<capsule pos="-33.349999999999994,-22.0,29.9" vel="0,0,0" mass="1" elasticityCoef="1" ang="90,0,0" color="0,220,0" radius="0.5" length="4" />
		<capsule pos="-33.349999999999994,-22.0,32.199999999999996" vel="0,0,0" mass="1" elasticityCoef="1" ang="90,0,0" color="0,220,0" radius="0.5" length="4" />
		<capsule pos="-33.349999999999994,-22.0,34.49999999999999" vel="0,0,0" mass="1" elasticityCoef="1" ang="90,0,0" color="0,220,0" radius="0.5" length="4" />
		<capsule pos="-33.349999999999994,-22.0,36.800000000000004" vel="0,0,0" mass="1" elasticityCoef="1" ang="90,0,0" color="0,220,0" radius="0.5" length="4" />
		<capsule pos="-33.349999999999994,-22.0,39.1" vel="0,0,0" mass="1" elasticityCoef="1" ang="90,0,0" color="0,220,0" radius="0.5" length="4" />
		<capsule pos="-33.349999999999994,-22.0,41.4" vel="0,0,0" mass="1" elasticityCoef="1" ang="90,0,0" color="0,220,0" radius="0.5" length="4" />
		<capsule pos="-33.349999999999994,-16.5,-43.699999999999996" vel="0,0,0" mass="1" elasticityCoef="1" ang="90,0,0" color="0,220,0" radius="0.5" length="4" />
		<capsule pos="-33.349999999999994,-16.5,-41.4" vel="0,0,0" mass="1" elasticityCoef="1" ang="90,0,0" color="0,220,0" radius="0.5" length="4" />
		<capsule pos="-33.349999999999994,-16.5,-39.099999999999994" vel="0,0,0" mass="1" elasticityCoef="1" ang="90,0,0" color="0,220,0" radius="0.5" length="4" />
		<capsule pos="-33.349999999999994,-16.5,-36.8" vel="0,0,0" mass="1" elasticityCoef="1" ang="90,0,0" color="0,220,0" radius="0.5" length="4" />
		<capsule pos="-33.349999999999994,-16.5,-34.5" vel="0,0,0" mass="1" elasticityCoef="1" ang="90,0,0" color="0,220,0" radius="0.5" length="4" />
		<capsule pos="-33.349999999999994,-16.5,-32.199999999999996" vel="0,0,0" mass="1" elasticityCoef="1" ang="90,0,0" color="0,220,0" radius="0.5" length="4" />
		<capsule pos="-33.349999999999994,-16.5,-29.9" vel="0,0,0" mass="1" elasticityCoef="1" ang="90,0,0" color="0,220,0" radius="0.5" length="4" />
		<capsule pos="-33.349999999999994,-16.5,-27.599999999999998" vel="0,0,0" mass="1" elasticityCoef="1" ang="90,0,0" color="0,220,0" radius="0.5" length="4" />
		<capsule pos="-33.349999999999994,-16.5,-25.299999999999997" vel="0,0,0" mass="1" elasticityCoef="1" ang="90,0,0" color="0,220,0" radius="0.5" length="4" />
		<capsule pos="-33.349999999999994,-16.5,-22.999999999999996" vel="0,0,0" mass="1" elasticityCoef="1" ang="90,0,0" color="0,220,0" radius="0.5" length="4" />
		<capsule pos="-33.349999999999994,-16.5,-20.699999999999996" vel="0,0,0" mass="1" elasticityCoef="1" ang="90,0,0" color="0,220,0" radius="0.5" length="4" />
		<capsule pos="-33.349999999999994,-16.5,-18.4" vel="0,0,0" mass="1" elasticityCoef="1" ang="90,0,0" color="0,220,0" radius="0.5" length="4" />
		<capsule pos="-33.349999999999994,-16.5,-16.099999999999998" vel="0,0,0" mass="1" elasticityCoef="1" ang="90,0,0" color="0,220,0" radius="0.5" length="4" />
		<capsule pos="-33.349999999999994,-16.5,-13.799999999999997" vel="0,0,0" mass="1" elasticityCoef="1" ang="90,0,0" color="0,220,0" radius="0.5" length="4" />
		<capsule pos="-33.349999999999994,-16.5,-11.5" vel="0,0,0" mass="1" elasticityCoef="1" ang="90,0,0" color="0,220,0" radius="0.5" length="4" />
		<capsule pos="-33.349999999999994,-16.5,-9.199999999999996" vel="0,0,0" mass="1" elasticityCoef="1" ang="90,0,0" color="0,220,0" radius="0.5" length="4" />
		<capsule pos="-33.349999999999994,-16.5,-6.899999999999999" vel="0,0,0" mass="1" elasticityCoef="1" ang="90,0,0" color="0,220,0" radius="0.5" length="4" />
		<capsule pos="-33.349999999999994,-16.5,-4.600000000000001" vel="0,0,0" mass="1" elasticityCoef="1" ang="90,0,0" color="0,220,0" radius="0.5" length="4" />
		<capsule pos="-33.349999999999994,-16.5,-2.299999999999997" vel="0,0,0" mass="1" elasticityCoef="1" ang="90,0,0" color="0,220,0" radius="0.5" length="4" />
		<capsule pos="-33.349999999999994,-16.5,0.0" vel="0,0,0" mass="1" elasticityCoef="1" ang="90,0,0" color="0,220,0" radius="0.5" length="4" />
		<capsule pos="-33.349999999999994,-16.5,2.3000000000000043" vel="0,0,0" mass="1" elasticityCoef="1" ang="90,0,0" color="0,220,0" radius="0.5" length="4" />
		<capsule pos="-33.349999999999994,-16.5,4.600000000000001" vel="0,0,0" mass="1" elasticityCoef="1" ang="90,0,0" color="0,220,0" radius="0.5" length="4" />
		<capsule pos="-33.349999999999994,-16.5,6.899999999999999" vel="0,0,0" mass="1" elasticityCoef="1" ang="90,0,0" color="0,220,0" radius="0.5" length="4" />
		<capsule pos="-33.349999999999994,-16.5,9.200000000000003" vel="0,0,0" mass="1" elasticityCoef="1" ang="90,0,0" color="0,220,0" radius="0.5" length="4" />
		<capsule pos="-33.349999999999994,-16.5,11.5" vel="0,0,0" mass="1" elasticityCoef="1" ang="90,0,0" color="0,220,0" radius="0.5" length="4" />
		<capsule pos="-33.349999999999994,-16.5,13.799999999999997" vel="0,0,0" mass="1" elasticityCoef="1" ang="90,0,0" color="0,220,0" radius="0.5" length="4" />
		<capsule pos="-33.349999999999994,-16.5,16.1" vel="0,0,0" mass="1" elasticityCoef="1" ang="90,0,0" color="0,220,0" radius="0.5" length="4" />
		<capsule pos="-33.349999999999994,-16.5,18.4" vel="0,0,0" mass="1" elasticityCoef="1" ang="90,0,0" color="0,220,0" radius="0.5" length="4" />
		<capsule pos="-33.349999999999994,-16.5,20.699999999999996" vel="0,0,0" mass="1" elasticityCoef="1" ang="90,0,0" color="0,220,0" radius="0.5" length="4" />
		<capsule pos="-33.349999999999994,-16.5,22.999999999999993" vel="0,0,0" mass="1" elasticityCoef="1" ang="90,0,0" color="0,220,0" radius="0.5" length="4" />
		<capsule pos="-33.349999999999994,-16.5,25.300000000000004" vel="0,0,0" mass="1" elasticityCoef="1" ang="90,0,0" color="0,220,0" radius="0.5" length="4" />
		<capsule pos="-33.349999999999994,-16.5,27.6" vel="0,0,0" mass="1" elasticityCoef="1" ang="90,0,0" color="0,220,0" radius="0.5" length="4" />
		<capsule pos="-33.349999999999994,-16.5,29.9" vel="0,0,0" mass="1" elasticityCoef="1" ang="90,0,0" color="0,220,0" radius="0.5" length="4" />
		<capsule pos="-33.349999999999994,-16.5,32.199999999999996" vel="0,0,0" mass="1" elasticityCoef="1" ang="90,0,0" color="0,220,0" radius="0.5" length="4" />
		<capsule pos="-33.349999999999994,-16.5,34.49999999999999" vel="0,0,0" mass="1" elasticityCoef="1" ang="90,0,0" color="0,220,0" radius="0.5" length="4" />
		<capsule pos="-33.349999999999994,-16.5,36.800000000000004" vel="0,0,0" mass="1" elasticityCoef="1" ang="90,0,0" color="0,220,0" radius="0.5" length="4" />
		<capsule pos="-33.349999999999994,-16.5,39.1" vel="0,0,0" mass="1" elasticityCoef="1" ang="90,0,0" color="0,220,0" radius="0.5" length="4" />
		<capsule pos="-33.349999999999994,-16.5,41.4" vel="0,0,0" mass="1" elasticityCoef="1" ang="90,0,0" color="0,220,0" radius="0.5" length="4" />
		<capsule pos="-33.349999999999994,-11.0,-43.699999999999996" vel="0,0,0" mass="1" elasticityCoef="1" ang="90,0,0" color="0,220,0" radius="0.5" length="4" />
		<capsule pos="-33.349999999999994,-11.0,-41.4" vel="0,0,0" mass="1" elasticityCoef="1" ang="90,0,0" color="0,220,0" radius="0.5" length="4" />
		<capsule pos="-33.349999999999994,-11.0,-39.099999999999994" vel="0,0,0" mass="1" elasticityCoef="1" ang="90,0,0" color="0,220,0" radius="0.5" length="4" />
		<capsule pos="-33.349999999999994,-11.0,-36.8" vel="0,0,0" mass="1" elasticityCoef="1" ang="90,0,0" color="0,220,0" radius="0.5" length="4" />
		<capsule pos="-33.349999999999994,-11.0,-34.5" vel="0,0,0" mass="1" elasticityCoef="1" ang="90,0,0" color="0,220,0" radius="0.5" length="4" />
		<capsule pos="-33.349999999999994,-11.0,-32.199999999999996" vel="0,0,0" mass="1" elasticityCoef="1" ang="90,0,0" color="0,220,0" radius="0.5" length="4" />
		<capsule pos="-33.349999999999994,-11.0,-29.9" vel="0,0,0" mass="1" elasticityCoef="1" ang="90,0,0" color="0,220,0" radius="0.5" length="4" />
		<capsule pos="-33.349999999999994,-11.0,-27.599999999999998" vel="0,0,0" mass="1" elasticityCoef="1" ang="90,0,0" color="0,220,0" radius="0.5" length="4" />
		<capsule pos="-33.349999999999994,-11.0,-25.299999999999997" vel="0,0,0" mass="1" elasticityCoef="1" ang="90,0,0" color="0,220,0" radius="0.5" length="4" />
		<capsule pos="-33.349999999999994,-11.0,-22.999999999999996" vel="0,0,0" mass="1" elasticityCoef="1" ang="90,0,0" color="0,220,0" radius="0.5" length="4" />
		<capsule pos="-33.349999999999994,-11.0,-20.699999999999996" vel="0,0,0" mass="1" elasticityCoef="1" ang="90,0,0" color="0,220,0" radius="0.5" length="4" />
		<capsule pos="-33.349999999999994,-11.0,-18.4" vel="0,0,0" mass="1" elasticityCoef="1" ang="90,0,0" color="0,220,0" radius="0.5" length="4" />
		<capsule pos="-33.349999999999994,-11.0,-16.099999999999998" vel="0,0,0" mass="1" elasticityCoef="1" ang="90,0,0" color="0,220,0" radius="0.5" length="4" />
		<capsule pos="-33.349999999999994,-11.0,-13.799999999999997" vel="0,0,0" mass="1" elasticityCoef="1" ang="90,0,0" color="0,220,0" radius="0.5" length="4" />
		<capsule pos="-33.349999999999994,-11.0,-11.5" vel="0,0,0" mass="1" elasticityCoef="1" ang="90,0,0" color="0,220,0" radius="0.5" length="4" />
		<capsule pos="-33.349999999999994,-11.0,-9.199999999999996" vel="0,0,0" mass="1" elasticityCoef="1" ang="90,0,0" color="0,220,0" radius="0.5" length="4" />
		<capsule pos="-33.349999999999994,-11.0,-6.899999999999999" vel="0,0,0" mass="1" elasticityCoef="1" ang="90,0,0" color="0,220,0" radius="0.5" length="4" />
		<capsule pos="-33.349999999999994,-11.0,-4.600000000000001" vel="0,0,0" mass="1" elasticityCoef="1" ang="90,0,0" color="0,220,0" radius="0.5" length="4" />
		<capsule pos="-33.349999999999994,-11.0,-2.299999999999997" vel="0,0,0" mass="1" elasticityCoef="1" ang="90,0,0" color="0,220,0" radius="0.5" length="4" />
		<capsule pos="-33.349999999999994,-11.0,0.0" vel="0,0,0" mass="1" elasticityCoef="1" ang="90,0,0" color="0,220,0" radius="0.5" length="4" />
		<capsule pos="-33.349999999999994,-11.0,2.3000000000000043" vel="0,0,0" mass="1" elasticityCoef="1" ang="90,0,0" color="0,220,0" radius="0.5" length="4" />
		<capsule pos="-33.349999999999994,-11.0,4.600000000000001" vel="0,0,0" mass="1" elasticityCoef="1" ang="90,0,0" color="0,220,0" radius="0.5" length="4" />
		<capsule pos="-33.349999999999994,-11.0,6.899999999999999" vel="0,0,0" mass="1" elasticityCoef="1" ang="90,0,0" color="0,220,0" radius="0.5" length="4" />
		<capsule pos="-33.349999999999994,-11.0,9.200000000000003" vel="0,0,0" mass="1" elasticityCoef="1" ang="90,0,0" color="0,220,0" radius="0.5" length="4" />
		<capsule pos="-33.349999999999994,-11.0,11.5" vel="0,0,0" mass="1" elasticityCoef="1" ang="90,0,0" color="0,220,0" radius="0.5" length="4" />
		<capsule pos="-33.349999999999994,-11.0,13.799999999999997" vel="0,0,0" mass="1" elasticityCoef="1" ang="90,0,0" color="0,220,0" radius="0.5" length="4" />
		<capsule pos="-33.349999999999994,-11.0,16.1" vel="0,0,0" mass="1" elasticityCoef="1" ang="90,0,0" color="0,220,0" radius="0.5" length="4" />
		<capsule pos="-33.349999999999994,-11.0,18.4" vel="0,0,0" mass="1" elasticityCoef="1" ang="90,0,0" color="0,220,0" radius="0.5" length="4" />
		<capsule pos="-33.349999999999994,-11.0,20.699999999999996" vel="0,0,0" mass="1" elasticityCoef="1" ang="90,0,0" color="0,220,0" radius="0.5" length="4" />
		<capsule pos="-33.349999999999994,-11.0,22.999999999999993" vel="0,0,0" mass="1" elasticityCoef="1" ang="90,0,0" color="0,220,0" radius="0.5" length="4" />
		<capsule pos="-33.349999999999994,-11.0,25.300000000000004" vel="0,0,0" mass="1" elasticityCoef="1" ang="90,0,0" color="0,220,0" radius="0.5" length="4" />
		<capsule pos="-33.349999999999994,-11.0,27.6" vel="0,0,0" mass="1" elasticityCoef="1" ang="90,0,0" color="0,220,0" radius="0.5" length="4" />
		<capsule pos="-33.349999999999994,-11.0,29.9" vel="0,0,0" mass="1" elasticityCoef="1" ang="90,0,0" color="0,220,0" radius="0.5" length="4" />
		<capsule pos="-33.349999999999994,-11.0,32.199999999999996" vel="0,0,0" mass="1" elasticityCoef="1" ang="90,0,0" color="0,220,0" radius="0.5" length="4" />
		<capsule pos="-33.349999999999994,-11.0,34.49999999999999" vel="0,0,0" mass="1" elasticityCoef="1" ang="90,0,0" color="0,220,0" radius="0.5" length="4" />
		<capsule pos="-33.349999999999994,-11.0,36.800000000000004" vel="0,0,0" mass="1" elasticityCoef="1" ang="90,0,0" color="0,220,0" radius="0.5" length="4" />
		<capsule pos="-33.349999999999994,-11.0,39.1" vel="0,0,0" mass="1" elasticityCoef="1" ang="90,0,0" color="0,220,0" radius="0.5" length="4" />
		<capsule pos="-33.349999999999994,-11.0,41.4" vel="0,0,0" mass="1" elasticityCoef="1" ang="90,0,0" color="0,220,0" radius="0.5" length="4" />
		<capsule pos="-33.349999999999994,-5.5,-43.699999999999996" vel="0,0,0" mass="1" elasticityCoef="1" ang="90,0,0" color="0,220,0" radius="0.5" length="4" />
		<capsule pos="-33.349999999999994,-5.5,-41.4" vel="0,0,0" mass="1" elasticityCoef="1" ang="90,0,0" color="0,220,0" radius="0.5" length="4" />
		<capsule pos="-33.349999999999994,-5.5,-39.099999999999994" vel="0,0,0" mass="1" elasticityCoef="1" ang="90,0,0" color="0,220,0" radius="0.5" length="4" />
		<capsule pos="-33.349999999999994,-5.5,-36.8" vel="0,0,0" mass="1" elasticityCoef="1" ang="90,0,0" color="0,220,0" radius="0.5" length="4" />
		<capsule pos="-33.349999999999994,-5.5,-34.5" vel="0,0,0" mass="1" elasticityCoef="1" ang="90,0,0" color="0,220,0" radius="0.5" length="4" />
		<capsule pos="-33.349999999999994,-5.5,-32.199999999999996" vel="0,0,0" mass="1" elasticityCoef="1" ang="90,0,0" color="0,220,0" radius="0.5" length="4" />
		<capsule pos="-33.349999999999994,-5.5,-29.9" vel="0,0,0" mass="1" elasticityCoef="1" ang="90,0,0" color="0,220,0" radius="0.5" length="4" />
		<capsule pos="-33.349999999999994,-5.5,-27.599999999999998" vel="0,0,0" mass="1" elasticityCoef="1" ang="90,0,0" color="0,220,0" radius="0.5" length="4" />
		<capsule pos="-33.349999999999994,-5.5,-25.299999999999997" vel="0,0,0" mass="1" elasticityCoef="1" ang="90,0,0" color="0,220,0" radius="0.5" length="4" />
		<capsule pos="-33.349999999999994,-5.5,-22.999999999999996" vel="0,0,0" mass="1" elasticityCoef="1" ang="90,0,0" color="0,220,0" radius="0.5" length="4" />
		<capsule pos="-33.349999999999994,-5.5,-20.699999999999996" vel="0,0,0" mass="1" elasticityCoef="1" ang="90,0,0" color="0,220,0" radius="0.5" length="4" />
		<capsule pos="-33.349999999999994,-5.5,-18.4" vel="0,0,0" mass="1" elasticityCoef="1" ang="90,0,0" color="0,220,0" radius="0.5" length="4" />
		<capsule pos="-33.349999999999994,-5.5,-16.099999999999998" vel="0,0,0" mass="1" elasticityCoef="1" ang="90,0,0" color="0,220,0" radius="0.5" length="4" />
		<capsule pos="-33.349999999999994,-5.5,-13.799999999999997" vel="0,0,0" mass="1" elasticityCoef="1" ang="90,0,0" color="0,220,0" radius="0.5" length="4" />
		<capsule pos="-33.349999999999994,-5.5,-11.5" vel="0,0,0" mass="1" elasticityCoef="1" ang="90,0,0" color="0,220,0" radius="0.5" length="4" />
		<capsule pos="-33.349999999999994,-5.5,-9.199999999999996" vel="0,0,0" mass="1" elasticityCoef="1" ang="90,0,0" color="0,220,0" radius="0.5" length="4" />
		<capsule pos="-33.349999999999994,-5.5,-6.899999999999999" vel="0,0,0" mass="1" elasticityCoef="1" ang="90,0,0" color="0,220,0" radius="0.5" length="4" />
		<capsule pos="-33.349999999999994,-5.5,-4.600000000000001" vel="0,0,0" mass="1" elasticityCoef="1" ang="90,0,0" color="0,220,0" radius="0.5" length="4" />
		<capsule pos="-33.349999999999994,-5.5,-2.299999999999997" vel="0,0,0" mass="1" elasticityCoef="1" ang="90,0,0" color="0,220,0" radius="0.5" length="4" />
		<capsule pos="-33.349999999999994,-5.5,0.0" vel="0,0,0" mass="1" elasticityCoef="1" ang="90,0,0" color="0,220,0" radius="0.5" length="4" />
		<capsule pos="-33.349999999999994,-5.5,2.3000000000000043" vel="0,0,0" mass="1" elasticityCoef="1" ang="90,0,0" color="0,220,0" radius="0.5" length="4" />
		<capsule pos="-33.349999999999994,-5.5,4.600000000000001" vel="0,0,0" mass="1" elasticityCoef="1" ang="90,0,0" color="0,220,0" radius="0.5" length="4" />
		<capsule pos="-33.349999999999994,-5.5,6.899999999999999" vel="0,0,0" mass="1" elasticityCoef="1" ang="90,0,0" color="0,220,0" radius="0.5" length="4" />
		<capsule pos="-33.349999999999994,-5.5,9.200000000000003" vel="0,0,0" mass="1" elasticityCoef="1" ang="90,0,0" color="0,220,0" radius="0.5" length="4" />
		<capsule pos="-33.349999999999994,-5.5,11.5" vel="0,0,0" mass="1" elasticityCoef="1" ang="90,0,0" color="0,220,0" radius="0.5" length="4" />
		<capsule pos="-33.349999999999994,-5.5,13.799999999999997" vel="0,0,0" mass="1" elasticityCoef="1" ang="90,0,0" color="0,220,0" radius="0.5" length="4" />
		<capsule pos="-33.349999999999994,-5.5,16.1" vel="0,0,0" mass="1" elasticityCoef="1" ang="90,0,0" color="0,220,0" radius="0.5" length="4" />
		<capsule pos="-33.349999999999994,-5.5,18.4" vel="0,0,0" mass="1" elasticityCoef="1" ang="90,0,0" color="0,220,0" radius="0.5" length="4" />
		<capsule pos="-33.349999999999994,-5.5,20.699999999999996" vel="0,0,0" mass="1" elasticityCoef="1" ang="90,0,0" color="0,220,0" radius="0.5" length="4" />
		<capsule pos="-33.349999999999994,-5.5,22.999999999999993" vel="0,0,0" mass="1" elasticityCoef="1" ang="90,0,0" color="0,220,0" radius="0.5" length="4" />
		<capsule pos="-33.349999999999994,-5.5,25.300000000000004" vel="0,0,0" mass="1" elasticityCoef="1" ang="90,0,0" color="0,220,0" radius="0.5" length="4" />
		<capsule pos="-33.349999999999994,-5.5,27.6" vel="0,0,0" mass="1" elasticityCoef="1" ang="90,0,0" color="0,220,0" radius="0.5" length="4" />
		<capsule pos="-33.349999999999994,-5.5,29.9" vel="0,0,0" mass="1" elasticityCoef="1" ang="90,0,0" color="0,220,0" radius="0.5" length="4" />
		<capsule pos="-33.349999999999994,-5.5,32.199999999999996" vel="0,0,0" mass="1" elasticityCoef="1" ang="90,0,0" color="0,220,0" radius="0.5" length="4" />
		<capsule pos="-33.349999999999994,-5.5,34.49999999999999" vel="0,0,0" mass="1" elasticityCoef="1" ang="90,0,0" color="0,220,0" radius="0.5" length="4" />
		<capsule pos="-33.349999999999994,-5.5,36.800000000000004" vel="0,0,0" mass="1" elasticityCoef="1" ang="90,0,0" color="0,220,0" radius="0.5" length="4" />
		<capsule pos="-33.349999999999994,-5.5,39.1" vel="0,0,0" mass="1" elasticityCoef="1" ang="90,0,0" color="0,220,0" radius="0.5" length="4" />
		<capsule pos="-33.349999999999994,-5.5,41.4" vel="0,0,0" mass="1" elasticityCoef="1" ang="90,0,0" color="0,220,0" radius="0.5" length="4" />
		<capsule pos="-33.349999999999994,0.0,-43.699999999999996" vel="0,0,0" mass="1" elasticityCoef="1" ang="90,0,0" color="0,220,0" radius="0.5" length="4" />
		<capsule pos="-33.349999999999994,0.0,-41.4" vel="0,0,0" mass="1" elasticityCoef="1" ang="90,0,0" color="0,220,0" radius="0.5" length="4" />
		<capsule pos="-33.349999999999994,0.0,-39.099999999999994" vel="0,0,0" mass="1" elasticityCoef="1" ang="90,0,0" color="0,220,0" radius="0.5" length="4" />
		<capsule pos="-33.349999999999994,0.0,-36.8" vel="0,0,0" mass="1" elasticityCoef="1" ang="90,0,0" color="0,220,0" radius="0.5" length="4" />
		<capsule pos="-33.349999999999994,0.0,-34.5" vel="0,0,0" mass="1" elasticityCoef="1" ang="90,0,0" color="0,220,0" radius="0.5" length="4" />
		<capsule pos="-33.349999999999994,0.0,-32.199999999999996" vel="0,0,0" mass="1" elasticityCoef="1" ang="90,0,0" color="0,220,0" radius="0.5" length="4" />
		<capsule pos="-33.349999999999994,0.0,-29.9" vel="0,0,0" mass="1" elasticityCoef="1" ang="90,0,0" color="0,220,0" radius="0.5" length="4" />
		<capsule pos="-33.349999999999994,0.0,-27.599999999999998" vel="0,0,0" mass="1" elasticityCoef="1" ang="90,0,0" color="0,220,0" radius="0.5" length="4" />
		<capsule pos="-33.349999999999994,0.0,-25.299999999999997" vel="0,0,0" mass="1" elasticityCoef="1" ang="90,0,0" color="0,220,0" radius="0.5" length="4" />
		<capsule pos="-33.349999999999994,0.0,-22.999999999999996" vel="0,0,0" mass="1" elasticityCoef="1" ang="90,0,0" color="0,220,0" radius="0.5" length="4" />
		<capsule pos="-33.349999999999994,0.0,-20.699999999999996" vel="0,0,0" mass="1" elasticityCoef="1" ang="90,0,0" color="0,220,0" radius="0.5" length="4" />
		<capsule pos="-33.349999999999994,0.0,-18.4" vel="0,0,0" mass="1" elasticityCoef="1" ang="90,0,0" color="0,220,0" radius="0.5" length="4" />
		<capsule pos="-33.349999999999994,0.0,-16.099999999999998" vel="0,0,0" mass="1" elasticityCoef="1" ang="90,0,0" color="0,220,0" radius="0.5" length="4" />
		<capsule pos="-33.349999999999994,0.0,-13.799999999999997" vel="0,0,0" mass="1" elasticityCoef="1" ang="90,0,0" color="0,220,0" radius="0.5" length="4" />
		<capsule pos="-33.349999999999994,0.0,-11.5" vel="0,0,0" mass="1" elasticityCoef="1" ang="90,0,0" color="0,220,0" radius="0.5" length="4" />
		<capsule pos="-33.349999999999994,0.0,-9.199999999999996" vel="0,0,0" mass="1" elasticityCoef="1" ang="90,0,0" color="0,220,0" radius="0.5" length="4" />
		<capsule pos="-33.349999999999994,0.0,-6.899999999999999" vel="0,0,0" mass="1" elasticityCoef="1" ang="90,0,0" color="0,220,0" radius="0.5" length="4" />
		<capsule pos="-33.349999999999994,0.0,-4.600000000000001" vel="0,0,0" mass="1" elasticityCoef="1" ang="90,0,0" color="0,220,0" radius="0.5" length="4" />
		<capsule pos="-33.349999999999994,0.0,-2.299999999999997" vel="0,0,0" mass="1" elasticityCoef="1" ang="90,0,0" color="0,220,0" radius="0.5" length="4" />
		<capsule pos="-33.349999999999994,0.0,0.0" vel="0,0,0" mass="1" elasticityCoef="1" ang="90,0,0" color="0,220,0" radius="0.5" length="4" />
		<capsule pos="-33.349999999999994,0.0,2.3000000000000043" vel="0,0,0" mass="1" elasticityCoef="1" ang="90,0,0" color="0,220,0" radius="0.5" length="4" />
		<capsule pos="-33.349999999999994,0.0,4.600000000000001" vel="0,0,0" mass="1" elasticityCoef="1" ang="90,0,0" color="0,220,0" radius="0.5" length="4" />
		<capsule pos="-33.349999999999994,0.0,6.899999999999999" vel="0,0,0" mass="1" elasticityCoef="1" ang="90,0,0" color="0,220,0" radius="0.5" length="4" />
		<capsule pos="-33.349999999999994,0.0,9.200000000000003" vel="0,0,0" mass="1" elasticityCoef="1" ang="90,0,0" color="0,220,0" radius="0.5" length="4" />
		<capsule pos="-33.349999999999994,0.0,11.5" vel="0,0,0" mass="1" elasticityCoef="1" ang="90,0,0" color="0,220,0" radius="0.5" length="4" />
		<capsule pos="-33.349999999999994,0.0,13.799999999999997" vel="0,0,0" mass="1" elasticityCoef="1" ang="90,0,0" color="0,220,0" radius="0.5" length="4" />
		<capsule pos="-33.349999999999994,0.0,16.1" vel="0,0,0" mass="1" elasticityCoef="1" ang="90,0,0" color="0,220,0" radius="0.5" length="4" />
		<capsule pos="-33.349999999999994,0.0,18.4" vel="0,0,0" mass="1" elasticityCoef="1" ang="90,0,0" color="0,220,0" radius="0.5" length="4" />
		<capsule pos="-33.349999999999994,0.0,20.699999999999996" vel="0,0,0" mass="1" elasticityCoef="1" ang="90,0,0" color="0,220,0" radius="0.5" length="4" />
		<capsule pos="-33.349999999999994,0.0,22.999999999999993" vel="0,0,0" mass="1" elasticityCoef="1" ang="90,0,0" color="0,220,0" radius="0.5" length="4" />
		<capsule pos="-33.349999999999994,0.0,25.300000000000004" vel="0,0,0" mass="1" elasticityCoef="1" ang="90,0,0" color="0,220,0" radius="0.5" length="4" />
		<capsule pos="-33.349999999999994,0.0,27.6" vel="0,0,0" mass="1" elasticityCoef="1" ang="90,0,0" color="0,220,0" radius="0.5" length="4" />
		<capsule pos="-33.349999999999994,0.0,29.9" vel="0,0,0" mass="1" elasticityCoef="1" ang="90,0,0" color="0,220,0" radius="0.5" length="4" />
		<capsule pos="-33.349999999999994,0.0,32.199999999999996" vel="0,0,0" mass="1" elasticityCoef="1" ang="90,0,0" color="0,220,0" radius="0.5" length="4" />
		<capsule pos="-33.349999999999994,0.0,34.49999999999999" vel="0,0,0" mass="1" elasticityCoef="1" ang="90,0,0" color="0,220,0" radius="0.5" length="4" />
		<capsule pos="-33.349999999999994,0.0,36.800000000000004" vel="0,0,0" mass="1" elasticityCoef="1" ang="90,0,0" color="0,220,0" radius="0.5" length="4" />
		<capsule pos="-33.349999999999994,0.0,39.1" vel="0,0,0" mass="1" elasticityCoef="1" ang="90,0,0" color="0,220,0" radius="0.5" length="4" />
		<capsule pos="-33.349999999999994,0.0,41.4" vel="0,0,0" mass="1" elasticityCoef="1" ang="90,0,0" color="0,220,0" radius="0.5" length="4" />
		<capsule pos="-33.349999999999994,5.5,-43.699999999999996" vel="0,0,0" mass="1" elasticityCoef="1" ang="90,0,0" color="0,220,0" radius="0.5" length="4" />
		<capsule pos="-33.349999999999994,5.5,-41.4" vel="0,0,0" mass="1" elasticityCoef="1" ang="90,0,0" color="0,220,0" radius="0.5" length="4" />
		<capsule pos="-33.349999999999994,5.5,-39.099999999999994" vel="0,0,0" mass="1" elasticityCoef="1" ang="90,0,0" color="0,220,0" radius="0.5" length="4" />
		<capsule pos="-33.349999999999994,5.5,-36.8" vel="0,0,0" mass="1" elasticityCoef="1" ang="90,0,0" color="0,220,0" radius="0.5" length="4" />
		<capsule pos="-33.349999999999994,5.5,-34.5" vel="0,0,0" mass="1" elasticityCoef="1" ang="90,0,0" color="0,220,0" radius="0.5" length="4" />
		<capsule pos="-33.349999999999994,5.5,-32.199999999999996" vel="0,0,0" mass="1" elasticityCoef="1" ang="90,0,0" color="0,220,0" radius="0.5" length="4" />
		<capsule pos="-33.349999999999994,5.5,-29.9" vel="0,0,0" mass="1" elasticityCoef="1" ang="90,0,0" color="0,220,0" radius="0.5" length="4" />
		<capsule pos="-33.349999999999994,5.5,-27.599999999999998" vel="0,0,0" mass="1" elasticityCoef="1" ang="90,0,0" color="0,220,0" radius="0.5" length="4" />
		<capsule pos="-33.349999999999994,5.5,-25.299999999999997" vel="0,0,0" mass="1" elasticityCoef="1" ang="90,0,0" color="0,220,0" radius="0.5" length="4" />
		<capsule pos="-33.349999999999994,5.5,-22.999999999999996" vel="0,0,0" mass="1" elasticityCoef="1" ang="90,0,0" color="0,220,0" radius="0.5" length="4" />
		<capsule pos="-33.349999999999994,5.5,-20.699999999999996" vel="0,0,0" mass="1" elasticityCoef="1" ang="90,0,0" color="0,220,0" radius="0.5" length="4" />
		<capsule pos="-33.349999999999994,5.5,-18.4" vel="0,0,0" mass="1" elasticityCoef="1" ang="90,0,0" color="0,220,0" radius="0.5" length="4" />
		<capsule pos="-33.349999999999994,5.5,-16.099999999999998" vel="0,0,0" mass="1" elasticityCoef="1" ang="90,0,0" color="0,220,0" radius="0.5" length="4" />
		<capsule pos="-33.349999999999994,5.5,-13.799999999999997" vel="0,0,0" mass="1" elasticityCoef="1" ang="90,0,0" color="0,220,0" radius="0.5" length="4" />
		<capsule pos="-33.349999999999994,5.5,-11.5" vel="0,0,0" mass="1" elasticityCoef="1" ang="90,0,0" color="0,220,0" radius="0.5" length="4" />
		<capsule pos="-33.349999999999994,5.5,-9.199999999999996" vel="0,0,0" mass="1" elasticityCoef="1" ang="90,0,0" color="0,220,0" radius="0.5" length="4" />
		<capsule pos="-33.349999999999994,5.5,-6.899999999999999" vel="0,0,0" mass="1" elasticityCoef="1" ang="90,0,0" color="0,220,0" radius="0.5" length="4" />
		<capsule pos="-33.349999999999994,5.5,-4.600000000000001" vel="0,0,0" mass="1" elasticityCoef="1" ang="90,0,0" color="0,220,0" radius="0.5" length="4" />
		<capsule pos="-33.349999999999994,5.5,-2.299999999999997" vel="0,0,0" mass="1" elasticityCoef="1" ang="90,0,0" color="0,220,0" radius="0.5" length="4" />
		<capsule pos="-33.349999999999994,5.5,0.0" vel="0,0,0" mass="1" elasticityCoef="1" ang="90,0,0" color="0,220,0" radius="0.5" length="4" />
		<capsule pos="-33.349999999999994,5.5,2.3000000000000043" vel="0,0,0" mass="1" elasticityCoef="1" ang="90,0,0" color="0,220,0" radius="0.5" length="4" />
		<capsule pos="-33.349999999999994,5.5,4.600000000000001" vel="0,0,0" mass="1" elasticityCoef="1" ang="90,0,0" color="0,220,0" radius="0.5" length="4" />
		<capsule pos="-33.349999999999994,5.5,6.899999999999999" vel="0,0,0" mass="1" elasticityCoef="1" ang="90,0,0" color="0,220,0" radius="0.5" length="4" />
		<capsule pos="-33.349999999999994,5.5,9.200000000000003" vel="0,0,0" mass="1" elasticityCoef="1" ang="90,0,0" color="0,220,0" radius="0.5" length="4" />
		<capsule pos="-33.349999999999994,5.5,11.5" vel="0,0,0" mass="1" elasticityCoef="1" ang="90,0,0" color="0,220,0" radius="0.5" length="4" />
		<capsule pos="-33.349999999999994,5.5,13.799999999999997" vel="0,0,0" mass="1" elasticityCoef="1" ang="90,0,0" color="0,220,0" radius="0.5" length="4" />
		<capsule pos="-33.349999999999994,5.5,16.1" vel="0,0,0" mass="1" elasticityCoef="1" ang="90,0,0" color="0,220,0" radius="0.5" length="4" />
		<capsule pos="-33.349999999999994,5.5,18.4" vel="0,0,0" mass="1" elasticityCoef="1" ang="90,0,0" color="0,220,0" radius="0.5" length="4" />
		<capsule pos="-33.349999999999994,5.5,20.699999999999996" vel="0,0,0" mass="1" elasticityCoef="1" ang="90,0,0" color="0,220,0" radius="0.5" length="4" />
		<capsule pos="-33.349999999999994,5.5,22.999999999999993" vel="0,0,0" mass="1" elasticityCoef="1" ang="90,0,0" color="0,220,0" radius="0.5" length="4" />
		<capsule pos="-33.349999999999994,5.5,25.300000000000004" vel="0,0,0" mass="1" elasticityCoef="1" ang="90,0,0" color="0,220,0" radius="0.5" length="4" />
		<capsule pos="-33.349999999999994,5.5,27.6" vel="0,0,0" mass="1" elasticityCoef="1" ang="90,0,0" color="0,220,0" radius="0.5" length="4" />
		<capsule pos="-33.349999999999994,5.5,29.9" vel="0,0,0" mass="1" elasticityCoef="1" ang="90,0,0" color="0,220,0" radius="0.5" length="4" />
		<capsule pos="-33.349999999999994,5.5,32.199999999999996" vel="0,0,0" mass="1" elasticityCoef="1" ang="90,0,0" color="0,220,0" radius="0.5" length="4" />
		<capsule pos="-33.349999999999994,5.5,34.49999999999999" vel="0,0,0" mass="1" elasticityCoef="1" ang="90,0,0" color="0,220,0" radius="0.5" length="4" />
		<capsule pos="-33.349999999999994,5.5,36.800000000000004" vel="0,0,0" mass="1" elasticityCoef="1" ang="90,0,0" color="0,220,0" radius="0.5" length="4" />
		<capsule pos="-33.349999999999994,5.5,39.1" vel="0,0,0" mass="1" elasticityCoef="1" ang="90,0,0" color="0,220,0" radius="0.5" length="4" />
		<capsule pos="-33.349999999999994,5.5,41.4" vel="0,0,0" mass="1" elasticityCoef="1" ang="90,0,0" color="0,220,0" radius="0.5" length="4" />
		<capsule pos="-33.349999999999994,11.0,-43.699999999999996" vel="0,0,0" mass="1" elasticityCoef="1" ang="90,0,0" color="0,220,0" radius="0.5" length="4" />
		<capsule pos="-33.349999999999994,11.0,-41.4" vel="0,0,0" mass="1" elasticityCoef="1" ang="90,0,0" color="0,220,0" radius="0.5" length="4" />
		<capsule pos="-33.349999999999994,11.0,-39.099999999999994" vel="0,0,0" mass="1" elasticityCoef="1" ang="90,0,0" color="0,220,0" radius="0.5" length="4" />
		<capsule pos="-33.349999999999994,11.0,-36.8" vel="0,0,0" mass="1" elasticityCoef="1" ang="90,0,0" color="0,220,0" radius="0.5" length="4" />
		<capsule pos="-33.349999999999994,11.0,-34.5" vel="0,0,0" mass="1" elasticityCoef="1" ang="90,0,0" color="0,220,0" radius="0.5" length="4" />
		<capsule pos="-33.349999999999994,11.0,-32.199999999999996" vel="0,0,0" mass="1" elasticityCoef="1" ang="90,0,0" color="0,220,0" radius="0.5" length="4" />
		<capsule pos="-33.349999999999994,11.0,-29.9" vel="0,0,0" mass="1" elasticityCoef="1" ang="90,0,0" color="0,220,0" radius="0.5" length="4" />
		<capsule pos="-33.349999999999994,11.0,-27.599999999999998" vel="0,0,0" mass="1" elasticityCoef="1" ang="90,0,0" color="0,220,0" radius="0.5" length="4" />
		<capsule pos="-33.349999999999994,11.0,-25.299999999999997" vel="0,0,0" mass="1" elasticityCoef="1" ang="90,0,0" color="0,220,0" radius="0.5" length="4" />
		<capsule pos="-33.349999999999994,11.0,-22.999999999999996" vel="0,0,0" mass="1" elasticityCoef="1" ang="90,0,0" color="0,220,0" radius="0.5" length="4" />
		<capsule pos="-33.349999999999994,11.0,-20.699999999999996" vel="0,0,0" mass="1" elasticityCoef="1" ang="90,0,0" color="0,220,0" radius="0.5" length="4" />
		<capsule pos="-33.349999999999994,11.0,-18.4" vel="0,0,0" mass="1" elasticityCoef="1" ang="90,0,0" color="0,220,0" radius="0.5" length="4" />
		<capsule pos="-33.349999999999994,11.0,-16.099999999999998" vel="0,0,0" mass="1" elasticityCoef="1" ang="90,0,0" color="0,220,0" radius="0.5" length="4" />
		<capsule pos="-33.349999999999994,11.0,-13.799999999999997" vel="0,0,0" mass="1" elasticityCoef="1" ang="90,0,0" color="0,220,0" radius="0.5" length="4" />
		<capsule pos="-33.349999999999994,11.0,-11.5" vel="0,0,0" mass="1" elasticityCoef="1" ang="90,0,0" color="0,220,0" radius="0.5" length="4" />
		<capsule pos="-33.349999999999994,11.0,-9.199999999999996" vel="0,0,0" mass="1" elasticityCoef="1" ang="90,0,0" color="0,220,0" radius="0.5" length="4" />
		<capsule pos="-33.349999999999994,11.0,-6.899999999999999" vel="0,0,0" mass="1" elasticityCoef="1" ang="90,0,0" color="0,220,0" radius="0.5" length="4" />
		<capsule pos="-33.349999999999994,11.0,-4.600000000000001" vel="0,0,0" mass="1" elasticityCoef="1" ang="90,0,0" color="0,220,0" radius="0.5" length="4" />
		<capsule pos="-33.349999999999994,11.0,-2.299999999999997" vel="0,0,0" mass="1" elasticityCoef="1" ang="90,0,0" color="0,220,0" radius="0.5" length="4" />
		<capsule pos="-33.349999999999994,11.0,0.0" vel="0,0,0" mass="1" elasticityCoef="1" ang="90,0,0" color="0,220,0" radius="0.5" length="4" />
		<capsule pos="-33.349999999999994,11.0,2.3000000000000043" vel="0,0,0" mass="1" elasticityCoef="1" ang="90,0,0" color="0,220,0" radius="0.5" length="4" />
		<capsule pos="-33.349999999999994,11.0,4.600000000000001" vel="0,0,0" mass="1" elasticityCoef="1" ang="90,0,0" color="0,220,0" radius="0.5" length="4" />
		<capsule pos="-33.349999999999994,11.0,6.899999999999999" vel="0,0,0" mass="1" elasticityCoef="1" ang="90,0,0" color="0,220,0" radius="0.5" length="4" />
		<capsule pos="-33.349999999999994,11.0,9.200000000000003" vel="0,0,0" mass="1" elasticityCoef="1" ang="90,0,0" color="0,220,0" radius="0.5" length="4" />
		<capsule pos="-33.349999999999994,11.0,11.5" vel="0,0,0" mass="1" elasticityCoef="1" ang="90,0,0" color="0,220,0" radius="0.5" length="4" />
		<capsule pos="-33.349999999999994,11.0,13.799999999999997" vel="0,0,0" mass="1" elasticityCoef="1" ang="90,0,0" color="0,220,0" radius="0.5" length="4" />
		<capsule pos="-33.349999999999994,11.0,16.1" vel="0,0,0" mass="1" elasticityCoef="1" ang="90,0,0" color="0,220,0" radius="0.5" length="4" />
		<capsule pos="-33.349999999999994,11.0,18.4" vel="0,0,0" mass="1" elasticityCoef="1" ang="90,0,0" color="0,220,0" radius="0.5" length="4" />
		<capsule pos="-33.349999999999994,11.0,20.699999999999996" vel="0,0,0" mass="1" elasticityCoef="1" ang="90,0,0" color="0,220,0" radius="0.5" length="4" />
		<capsule pos="-33.349999999999994,11.0,22.999999999999993" vel="0,0,0" mass="1" elasticityCoef="1" ang="90,0,0" color="0,220,0" radius="0.5" length="4" />
		<capsule pos="-33.349999999999994,11.0,25.300000000000004" vel="0,0,0" mass="1" elasticityCoef="1" ang="90,0,0" color="0,220,0" radius="0.5" length="4" />
		<capsule pos="-33.349999999999994,11.0,27.6" vel="0,0,0" mass="1" elasticityCoef="1" ang="90,0,0" color="0,220,0" radius="0.5" length="4" />
		<capsule pos="-33.349999999999994,11.0,29.9" vel="0,0,0" mass="1" elasticityCoef="1" ang="90,0,0" color="0,220,0" radius="0.5" length="4" />
		<capsule pos="-33.349999999999994,11.0,32.199999999999996" vel="0,0,0" mass="1" elasticityCoef="1" ang="90,0,0" color="0,220,0" radius="0.5" length="4" />
		<capsule pos="-33.349999999999994,11.0,34.49999999999999" vel="0,0,0" mass="1" elasticityCoef="1" ang="90,0,0" color="0,220,0" radius="0.5" length="4" />
		<capsule pos="-33.349999999999994,11.0,36.800000000000004" vel="0,0,0" mass="1" elasticityCoef="1" ang="90,0,0" color="0,220,0" radius="0.5" length="4" />
		<capsule pos="-33.349999999999994,11.0,39.1" vel="0,0,0" mass="1" elasticityCoef="1" ang="90,0,0" color="0,220,0" radius="0.5" length="4" />
		<capsule pos="-33.349999999999994,11.0,41.4" vel="0,0,0" mass="1" elasticityCoef="1" ang="90,0,0" color="0,220,0" radius="0.5" length="4" />
		<capsule pos="-33.349999999999994,16.5,-43.699999999999996" vel="0,0,0" mass="1" elasticityCoef="1" ang="90,0,0" color="0,220,0" radius="0.5" length="4" />
		<capsule pos="-33.349999999999994,16.5,-41.4" vel="0,0,0" mass="1" elasticityCoef="1" ang="90,0,0" color="0,220,0" radius="0.5" length="4" />
		<capsule pos="-33.349999999999994,16.5,-39.099999999999994" vel="0,0,0" mass="1" elasticityCoef="1" ang="90,0,0" color="0,220,0" radius="0.5" length="4" />
		<capsule pos="-33.349999999999994,16.5,-36.8" vel="0,0,0" mass="1" elasticityCoef="1" ang="90,0,0" color="0,220,0" radius="0.5" length="4" />
		<capsule pos="-33.349999999999994,16.5,-34.5" vel="0,0,0" mass="1" elasticityCoef="1" ang="90,0,0" color="0,220,0" radius="0.5" length="4" />
		<capsule pos="-33.349999999999994,16.5,-32.199999999999996" vel="0,0,0" mass="1" elasticityCoef="1" ang="90,0,0" color="0,220,0" radius="0.5" length="4" />
		<capsule pos="-33.349999999999994,16.5,-29.9" vel="0,0,0" mass="1" elasticityCoef="1" ang="90,0,0" color="0,220,0" radius="0.5" length="4" />
		<capsule pos="-33.349999999999994,16.5,-27.599999999999998" vel="0,0,0" mass="1" elasticityCoef="1" ang="90,0,0" color="0,220,0" radius="0.5" length="4" />
		<capsule pos="-33.349999999999994,16.5,-25.299999999999997" vel="0,0,0" mass="1" elasticityCoef="1" ang="90,0,0" color="0,220,0" radius="0.5" length="4" />
		<capsule pos="-33.349999999999994,16.5,-22.999999999999996" vel="0,0,0" mass="1" elasticityCoef="1" ang="90,0,0" color="0,220,0" radius="0.5" length="4" />
		<capsule pos="-33.349999999999994,16.5,-20.699999999999996" vel="0,0,0" mass="1" elasticityCoef="1" ang="90,0,0" color="0,220,0" radius="0.5" length="4" />
		<capsule pos="-33.349999999999994,16.5,-18.4" vel="0,0,0" mass="1" elasticityCoef="1" ang="90,0,0" color="0,220,0" radius="0.5" length="4" />
		<capsule pos="-33.349999999999994,16.5,-16.099999999999998" vel="0,0,0" mass="1" elasticityCoef="1" ang="90,0,0" color="0,220,0" radius="0.5" length="4" />
		<capsule pos="-33.349999999999994,16.5,-13.799999999999997" vel="0,0,0" mass="1" elasticityCoef="1" ang="90,0,0" color="0,220,0" radius="0.5" length="4" />
		<capsule pos="-33.349999999999994,16.5,-11.5" vel="0,0,0" mass="1" elasticityCoef="1" ang="90,0,0" color="0,220,0" radius="0.5" length="4" />
		<capsule pos="-33.349999999999994,16.5,-9.199999999999996" vel="0,0,0" mass="1" elasticityCoef="1" ang="90,0,0" color="0,220,0" radius="0.5" length="4" />
		<capsule pos="-33.349999999999994,16.5,-6.899999999999999" vel="0,0,0" mass="1" elasticityCoef="1" ang="90,0,0" color="0,220,0" radius="0.5" length="4" />
		<capsule pos="-33.349999999999994,16.5,-4.600000000000001" vel="0,0,0" mass="1" elasticityCoef="1" ang="90,0,0" color="0,220,0" radius="0.5" length="4" />
		<capsule pos="-33.349999999999994,16.5,-2.299999999999997" vel="0,0,0" mass="1" elasticityCoef="1" ang="90,0,0" color="0,220,0" radius="0.5" length="4" />
		<capsule pos="-33.349999999999994,16.5,0.0" vel="0,0,0" mass="1" elasticityCoef="1" ang="90,0,0" color="0,220,0" radius="0.5" length="4" />
		<capsule pos="-33.349999999999994,16.5,2.3000000000000043" vel="0,0,0" mass="1" elasticityCoef="1" ang="90,0,0" color="0,220,0" radius="0.5" length="4" />
		<capsule pos="-33.349999999999994,16.5,4.600000000000001" vel="0,0,0" mass="1" elasticityCoef="1" ang="90,0,0" color="0,220,0" radius="0.5" length="4" />
		<capsule pos="-33.349999999999994,16.5,6.899999999999999" vel="0,0,0" mass="1" elasticityCoef="1" ang="90,0,0" color="0,220,0" radius="0.5" length="4" />
		<capsule pos="-33.349999999999994,16.5,9.200000000000003" vel="0,0,0" mass="1" elasticityCoef="1" ang="90,0,0" color="0,220,0" radius="0.5" length="4" />
		<capsule pos="-33.349999999999994,16.5,11.5" vel="0,0,0" mass="1" elasticityCoef="1" ang="90,0,0" color="0,220,0" radius="0.5" length="4" />
		<capsule pos="-33.349999999999994,16.5,13.799999999999997" vel="0,0,0" mass="1" elasticityCoef="1" ang="90,0,0" color="0,220,0" radius="0.5" length="4" />
		<capsule pos="-33.349999999999994,16.5,16.1" vel="0,0,0" mass="1" elasticityCoef="1" ang="90,0,0" color="0,220,0" radius="0.5" length="4" />
		<capsule pos="-33.349999999999994,16.5,18.4" vel="0,0,0" mass="1" elasticityCoef="1" ang="90,0,0" color="0,220,0" radius="0.5" length="4" />
		<capsule pos="-33.349999999999994,16.5,20.699999999999996" vel="0,0,0" mass="1" elasticityCoef="1" ang="90,0,0" color="0,220,0" radius="0.5" length="4" />
		<capsule pos="-33.349999999999994,16.5,22.999999999999993" vel="0,0,0" mass="1" elasticityCoef="1" ang="90,0,0" color="0,220,0" radius="0.5" length="4" />
		<capsule pos="-33.349999999999994,16.5,25.300000000000004" vel="0,0,0" mass="1" elasticityCoef="1" ang="90,0,0" color="0,220,0" radius="0.5" length="4" />
		<capsule pos="-33.349999999999994,16.5,27.6" vel="0,0,0" mass="1" elasticityCoef="1" ang="90,0,0" color="0,220,0" radius="0.5" length="4" />
		<capsule pos="-33.349999999999994,16.5,29.9" vel="0,0,0" mass="1" elasticityCoef="1" ang="90,0,0" color="0,220,0" radius="0.5" length="4" />
		<capsule pos="-33.349999999999994,16.5,32.199999999999996" vel="0,0,0" mass="1" elasticityCoef="1" ang="90,0,0" color="0,220,0" radius="0.5" length="4" />
		<capsule pos="-33.349999999999994,16.5,34.49999999999999" vel="0,0,0" mass="1" elasticityCoef="1" ang="90,0,0" color="0,220,0" radius="0.5" length="4" />
		<capsule pos="-33.349999999999994,16.5,36.800000000000004" vel="0,0,0" mass="1" elasticityCoef="1" ang="90,0,0" color="0,220,0" radius="0.5" length="4" />
		<capsule pos="-33.349999999999994,16.5,39.1" vel="0,0,0" mass="1" elasticityCoef="1" ang="90,0,0" color="0,220,0" radius="0.5" length="4" />
		<capsule pos="-33.349999999999994,16.5,41.4" vel="0,0,0" mass="1" elasticityCoef="1" ang="90,0,0" color="0,220,0" radius="0.5" length="4" />
		<capsule pos="-33.349999999999994,22.0,-43.699999999999996" vel="0,0,0" mass="1" elasticityCoef="1" ang="90,0,0" color="0,220,0" radius="0.5" length="4" />
		<capsule pos="-33.349999999999994,22.0,-41.4" vel="0,0,0" mass="1" elasticityCoef="1" ang="90,0,0" color="0,220,0" radius="0.5" length="4" />
		<capsule pos="-33.349999999999994,22.0,-39.099999999999994" vel="0,0,0" mass="1" elasticityCoef="1" ang="90,0,0" color="0,220,0" radius="0.5" length="4" />
		<capsule pos="-33.349999999999994,22.0,-36.8" vel="0,0,0" mass="1" elasticityCoef="1" ang="90,0,0" color="0,220,0" radius="0.5" length="4" />
		<capsule pos="-33.349999999999994,22.0,-34.5" vel="0,0,0" mass="1" elasticityCoef="1" ang="90,0,0" color="0,220,0" radius="0.5" length="4" />
		<capsule pos="-33.349999999999994,22.0,-32.199999999999996" vel="0,0,0" mass="1" elasticityCoef="1" ang="90,0,0" color="0,220,0" radius="0.5" length="4" />
		<capsule pos="-33.349999999999994,22.0,-29.9" vel="0,0,0" mass="1" elasticityCoef="1" ang="90,0,0" color="0,220,0" radius="0.5" length="4" />
		<capsule pos="-33.349999999999994,22.0,-27.599999999999998" vel="0,0,0" mass="1" elasticityCoef="1" ang="90,0,0" color="0,220,0" radius="0.5" length="4" />
		<capsule pos="-33.349999999999994,22.0,-25.299999999999997" vel="0,0,0" mass="1" elasticityCoef="1" ang="90,0,0" color="0,220,0" radius="0.5" length="4" />
		<capsule pos="-33.349999999999994,22.0,-22.999999999999996" vel="0,0,0" mass="1" elasticityCoef="1" ang="90,0,0" color="0,220,0" radius="0.5" length="4" />
		<capsule pos="-33.349999999999994,22.0,-20.699999999999996" vel="0,0,0" mass="1" elasticityCoef="1" ang="90,0,0" color="0,220,0" radius="0.5" length="4" />
		<capsule pos="-33.349999999999994,22.0,-18.4" vel="0,0,0" mass="1" elasticityCoef="1" ang="90,0,0" color="0,220,0" radius="0.5" length="4" />
		<capsule pos="-33.349999999999994,22.0,-16.099999999999998" vel="0,0,0" mass="1" elasticityCoef="1" ang="90,0,0" color="0,220,0" radius="0.5" length="4" />
		<capsule pos="-33.349999999999994,22.0,-13.799999999999997" vel="0,0,0" mass="1" elasticityCoef="1" ang="90,0,0" color="0,220,0" radius="0.5" length="4" />
		<capsule pos="-33.349999999999994,22.0,-11.5" vel="0,0,0" mass="1" elasticityCoef="1" ang="90,0,0" color="0,220,0" radius="0.5" length="4" />
		<capsule pos="-33.349999999999994,22.0,-9.199999999999996" vel="0,0,0" mass="1" elasticityCoef="1" ang="90,0,0" color="0,220,0" radius="0.5" length="4" />
		<capsule pos="-33.349999999999994,22.0,-6.899999999999999" vel="0,0,0" mass="1" elasticityCoef="1" ang="90,0,0" color="0,220,0" radius="0.5" length="4" />
		<capsule pos="-33.349999999999994,22.0,-4.600000000000001" vel="0,0,0" mass="1" elasticityCoef="1" ang="90,0,0" color="0,220,0" radius="0.5" length="4" />
		<capsule pos="-33.349999999999994,22.0,-2.299999999999997" vel="0,0,0" mass="1" elasticityCoef="1" ang="90,0,0" color="0,220,0" radius="0.5" length="4" />
		<capsule pos="-33.349999999999994,22.0,0.0" vel="0,0,0" mass="1" elasticityCoef="1" ang="90,0,0" color="0,220,0" radius="0.5" length="4" />
		<capsule pos="-33.349999999999994,22.0,2.3000000000000043" vel="0,0,0" mass="1" elasticityCoef="1" ang="90,0,0" color="0,220,0" radius="0.5" length="4" />
		<capsule pos="-33.349999999999994,22.0,4.600000000000001" vel="0,0,0" mass="1" elasticityCoef="1" ang="90,0,0" color="0,220,0" radius="0.5" length="4" />
		<capsule pos="-33.349999999999994,22.0,6.899999999999999" vel="0,0,0" mass="1" elasticityCoef="1" ang="90,0,0" color="0,220,0" radius="0.5" length="4" />
		<capsule pos="-33.349999999999994,22.0,9.200000000000003" vel="0,0,0" mass="1" elasticityCoef="1" ang="90,0,0" color="0,220,0" radius="0.5" length="4" />
		<capsule pos="-33.349999999999994,22.0,11.5" vel="0,0,0" mass="1" elasticityCoef="1" ang="90,0,0" color="0,220,0" radius="0.5" length="4" />
		<capsule pos="-33.349999999999994,22.0,13.799999999999997" vel="0,0,0" mass="1" elasticityCoef="1" ang="90,0,0" color="0,220,0" radius="0.5" length="4" />
		<capsule pos="-33.349999999999994,22.0,16.1" vel="0,0,0" mass="1" elasticityCoef="1" ang="90,0,0" color="0,220,0" radius="0.5" length="4" />
		<capsule pos="-33.349999999999994,22.0,18.4" vel="0,0,0" mass="1" elasticityCoef="1" ang="90,0,0" color="0,220,0" radius="0.5" length="4" />
		<capsule pos="-33.349999999999994,22.0,20.699999999999996" vel="0,0,0" mass="1" elasticityCoef="1" ang="90,0,0" color="0,220,0" radius="0.5" length="4" />
		<capsule pos="-33.349999999999994,22.0,22.999999999999993" vel="0,0,0" mass="1" elasticityCoef="1" ang="90,0,0" color="0,220,0" radius="0.5" length="4" />
		<capsule pos="-33.349999999999994,22.0,25.300000000000004" vel="0,0,0" mass="1" elasticityCoef="1" ang="90,0,0" color="0,220,0" radius="0.5" length="4" />
		<capsule pos="-33.349999999999994,22.0,27.6" vel="0,0,0" mass="1" elasticityCoef="1" ang="90,0,0" color="0,220,0" radius="0.5" length="4" />
		<capsule pos="-33.349999999999994,22.0,29.9" vel="0,0,0" mass="1" elasticityCoef="1" ang="90,0,0" color="0,220,0" radius="0.5" length="4" />
		<capsule pos="-33.349999999999994,22.0,32.199999999999996" vel="0,0,0" mass="1" elasticityCoef="1" ang="90,0,0" color="0,220,0" radius="0.5" length="4" />
		<capsule pos="-33.349999999999994,22.0,34.49999999999999" vel="0,0,0" mass="1" elasticityCoef="1" ang="90,0,0" color="0,220,0" radius="0.5" length="4" />
		<capsule pos="-33.349999999999994,22.0,36.800000000000004" vel="0,0,0" mass="1" elasticityCoef="1" ang="90,0,0" color="0,220,0" radius="0.5" length="4" />
		<capsule pos="-33.349999999999994,22.0,39.1" vel="0,0,0" mass="1" elasticityCoef="1" ang="90,0,0" color="0,220,0" radius="0.5" length="4" />
		<capsule pos="-33.349999999999994,22.0,41.4" vel="0,0,0" mass="1" elasticityCoef="1" ang="90,0,0" color="0,220,0" radius="0.5" length="4" />
		<capsule pos="-33.349999999999994,27.5,-43.699999999999996" vel="0,0,0" mass="1" elasticityCoef="1" ang="90,0,0" color="0,220,0" radius="0.5" length="4" />
		<capsule pos="-33.349999999999994,27.5,-41.4" vel="0,0,0" mass="1" elasticityCoef="1" ang="90,0,0" color="0,220,0" radius="0.5" length="4" />
		<capsule pos="-33.349999999999994,27.5,-39.099999999999994" vel="0,0,0" mass="1" elasticityCoef="1" ang="90,0,0" color="0,220,0" radius="0.5" length="4" />
		<capsule pos="-33.349999999999994,27.5,-36.8" vel="0,0,0" mass="1" elasticityCoef="1" ang="90,0,0" color="0,220,0" radius="0.5" length="4" />
		<capsule pos="-33.349999999999994,27.5,-34.5" vel="0,0,0" mass="1" elasticityCoef="1" ang="90,0,0" color="0,220,0" radius="0.5" length="4" />
		<capsule pos="-33.349999999999994,27.5,-32.199999999999996" vel="0,0,0" mass="1" elasticityCoef="1" ang="90,0,0" color="0,220,0" radius="0.5" length="4" />
		<capsule pos="-33.349999999999994,27.5,-29.9" vel="0,0,0" mass="1" elasticityCoef="1" ang="90,0,0" color="0,220,0" radius="0.5" length="4" />
		<capsule pos="-33.349999999999994,27.5,-27.599999999999998" vel="0,0,0" mass="1" elasticityCoef="1" ang="90,0,0" color="0,220,0" radius="0.5" length="4" />
		<capsule pos="-33.349999999999994,27.5,-25.299999999999997" vel="0,0,0" mass="1" elasticityCoef="1" ang="90,0,0" color="0,220,0" radius="0.5" length="4" />
		<capsule pos="-33.349999999999994,27.5,-22.999999999999996" vel="0,0,0" mass="1" elasticityCoef="1" ang="90,0,0" color="0,220,0" radius="0.5" length="4" />
		<capsule pos="-33.349999999999994,27.5,-20.699999999999996" vel="0,0,0" mass="1" elasticityCoef="1" ang="90,0,0" color="0,220,0" radius="0.5" length="4" />
		<capsule pos="-33.349999999999994,27.5,-18.4" vel="0,0,0" mass="1" elasticityCoef="1" ang="90,0,0" color="0,220,0" radius="0.5" length="4" />
		<capsule pos="-33.349999999999994,27.5,-16.099999999999998" vel="0,0,0" mass="1" elasticityCoef="1" ang="90,0,0" color="0,220,0" radius="0.5" length="4" />
		<capsule pos="-33.349999999999994,27.5,-13.799999999999997" vel="0,0,0" mass="1" elasticityCoef="1" ang="90,0,0" color="0,220,0" radius="0.5" length="4" />
		<capsule pos="-33.349999999999994,27.5,-11.5" vel="0,0,0" mass="1" elasticityCoef="1" ang="90,0,0" color="0,220,0" radius="0.5" length="4" />
		<capsule pos="-33.349999999999994,27.5,-9.199999999999996" vel="0,0,0" mass="1" elasticityCoef="1" ang="90,0,0" color="0,220,0" radius="0.5" length="4" />
		<capsule pos="-33.349999999999994,27.5,-6.899999999999999" vel="0,0,0" mass="1" elasticityCoef="1" ang="90,0,0" color="0,220,0" radius="0.5" length="4" />
		<capsule pos="-33.349999999999994,27.5,-4.600000000000001" vel="0,0,0" mass="1" elasticityCoef="1" ang="90,0,0" color="0,220,0" radius="0.5" length="4" />
		<capsule pos="-33.349999999999994,27.5,-2.299999999999997" vel="0,0,0" mass="1" elasticityCoef="1" ang="90,0,0" color="0,220,0" radius="0.5" length="4" />
		<capsule pos="-33.349999999999994,27.5,0.0" vel="0,0,0" mass="1" elasticityCoef="1" ang="90,0,0" color="0,220,0" radius="0.5" length="4" />
		<capsule pos="-33.349999999999994,27.5,2.3000000000000043" vel="0,0,0" mass="1" elasticityCoef="1" ang="90,0,0" color="0,220,0" radius="0.5" length="4" />
		<capsule pos="-33.349999999999994,27.5,4.600000000000001" vel="0,0,0" mass="1" elasticityCoef="1" ang="90,0,0" color="0,220,0" radius="0.5" length="4" />
		<capsule pos="-33.349999999999994,27.5,6.899999999999999" vel="0,0,0" mass="1" elasticityCoef="1" ang="90,0,0" color="0,220,0" radius="0.5" length="4" />
		<capsule pos="-33.349999999999994,27.5,9.200000000000003" vel="0,0,0" mass="1" elasticityCoef="1" ang="90,0,0" color="0,220,0" radius="0.5" length="4" />
		<capsule pos="-33.349999999999994,27.5,11.5" vel="0,0,0" mass="1" elasticityCoef="1" ang="90,0,0" color="0,220,0" radius="0.5" length="4" />
		<capsule pos="-33.349999999999994,27.5,13.799999999999997" vel="0,0,0" mass="1" elasticityCoef="1" ang="90,0,0" color="0,220,0" radius="0.5" length="4" />
		<capsule pos="-33.349999999999994,27.5,16.1" vel="0,0,0" mass="1" elasticityCoef="1" ang="90,0,0" color="0,220,0" radius="0.5" length="4" />
		<capsule pos="-33.349999999999994,27.5,18.4" vel="0,0,0" mass="1" elasticityCoef="1" ang="90,0,0" color="0,220,0" radius="0.5" length="4" />
		<capsule pos="-33.349999999999994,27.5,20.699999999999996" vel="0,0,0" mass="1" elasticityCoef="1" ang="90,0,0" color="0,220,0" radius="0.5" length="4" />
		<capsule pos="-33.349999999999994,27.5,22.999999999999993" vel="0,0,0" mass="1" elasticityCoef="1" ang="90,0,0" color="0,220,0" radius="0.5" length="4" />
		<capsule pos="-33.349999999999994,27.5,25.300000000000004" vel="0,0,0" mass="1" elasticityCoef="1" ang="90,0,0" color="0,220,0" radius="0.5" length="4" />
		<capsule pos="-33.349999999999994,27.5,27.6" vel="0,0,0" mass="1" elasticityCoef="1" ang="90,0,0" color="0,220,0" radius="0.5" length="4" />
		<capsule pos="-33.349999999999994,27.5,29.9" vel="0,0,0" mass="1" elasticityCoef="1" ang="90,0,0" color="0,220,0" radius="0.5" length="4" />
		<capsule pos="-33.349999999999994,27.5,32.199999999999996" vel="0,0,0" mass="1" elasticityCoef="1" ang="90,0,0" color="0,220,0" radius="0.5" length="4" />
		<capsule pos="-33.349999999999994,27.5,34.49999999999999" vel="0,0,0" mass="1" elasticityCoef="1" ang="90,0,0" color="0,220,0" radius="0.5" length="4" />
		<capsule pos="-33.349999999999994,27.5,36.800000000000004" vel="0,0,0" mass="1" elasticityCoef="1" ang="90,0,0" color="0,220,0" radius="0.5" length="4" />
		<capsule pos="-33.349999999999994,27.5,39.1" vel="0,0,0" mass="1" elasticityCoef="1" ang="90,0,0" color="0,220,0" radius="0.5" length="4" />
		<capsule pos="-33.349999999999994,27.5,41.4" vel="0,0,0" mass="1" elasticityCoef="1" ang="90,0,0" color="0,220,0" radius="0.5" length="4" />
		<capsule pos="-33.349999999999994,33.0,-43.699999999999996" vel="0,0,0" mass="1" elasticityCoef="1" ang="90,0,0" color="0,220,0" radius="0.5" length="4" />
		<capsule pos="-33.349999999999994,33.0,-41.4" vel="0,0,0" mass="1" elasticityCoef="1" ang="90,0,0" color="0,220,0" radius="0.5" length="4" />
		<capsule pos="-33.349999999999994,33.0,-39.099999999999994" vel="0,0,0" mass="1" elasticityCoef="1" ang="90,0,0" color="0,220,0" radius="0.5" length="4" />
		<capsule pos="-33.349999999999994,33.0,-36.8" vel="0,0,0" mass="1" elasticityCoef="1" ang="90,0,0" color="0,220,0" radius="0.5" length="4" />
		<capsule pos="-33.349999999999994,33.0,-34.5" vel="0,0,0" mass="1" elasticityCoef="1" ang="90,0,0" color="0,220,0" radius="0.5" length="4" />
		<capsule pos="-33.349999999999994,33.0,-32.199999999999996" vel="0,0,0" mass="1" elasticityCoef="1" ang="90,0,0" color="0,220,0" radius="0.5" length="4" />
		<capsule pos="-33.349999999999994,33.0,-29.9" vel="0,0,0" mass="1" elasticityCoef="1" ang="90,0,0" color="0,220,0" radius="0.5" length="4" />
		<capsule pos="-33.349999999999994,33.0,-27.599999999999998" vel="0,0,0" mass="1" elasticityCoef="1" ang="90,0,0" color="0,220,0" radius="0.5" length="4" />
		<capsule pos="-33.349999999999994,33.0,-25.299999999999997" vel="0,0,0" mass="1" elasticityCoef="1" ang="90,0,0" color="0,220,0" radius="0.5" length="4" />
		<capsule pos="-33.349999999999994,33.0,-22.999999999999996" vel="0,0,0" mass="1" elasticityCoef="1" ang="90,0,0" color="0,220,0" radius="0.5" length="4" />
		<capsule pos="-33.349999999999994,33.0,-20.699999999999996" vel="0,0,0" mass="1" elasticityCoef="1" ang="90,0,0" color="0,220,0" radius="0.5" length="4" />
		<capsule pos="-33.349999999999994,33.0,-18.4" vel="0,0,0" mass="1" elasticityCoef="1" ang="90,0,0" color="0,220,0" radius="0.5" length="4" />
		<capsule pos="-33.349999999999994,33.0,-16.099999999999998" vel="0,0,0" mass="1" elasticityCoef="1" ang="90,0,0" color="0,220,0" radius="0.5" length="4" />
		<capsule pos="-33.349999999999994,33.0,-13.799999999999997" vel="0,0,0" mass="1" elasticityCoef="1" ang="90,0,0" color="0,220,0" radius="0.5" length="4" />
		<capsule pos="-33.349999999999994,33.0,-11.5" vel="0,0,0" mass="1" elasticityCoef="1" ang="90,0,0" color="0,220,0" radius="0.5" length="4" />
		<capsule pos="-33.349999999999994,33.0,-9.199999999999996" vel="0,0,0" mass="1" elasticityCoef="1" ang="90,0,0" color="0,220,0" radius="0.5" length="4" />
		<capsule pos="-33.349999999999994,33.0,-6.899999999999999" vel="0,0,0" mass="1" elasticityCoef="1" ang="90,0,0" color="0,220,0" radius="0.5" length="4" />
		<capsule pos="-33.349999999999994,33.0,-4.600000000000001" vel="0,0,0" mass="1" elasticityCoef="1" ang="90,0,0" color="0,220,0" radius="0.5" length="4" />
		<capsule pos="-33.349999999999994,33.0,-2.299999999999997" vel="0,0,0" mass="1" elasticityCoef="1" ang="90,0,0" color="0,220,0" radius="0.5" length="4" />
		<capsule pos="-33.349999999999994,33.0,0.0" vel="0,0,0" mass="1" elasticityCoef="1" ang="90,0,0" color="0,220,0" radius="0.5" length="4" />
		<capsule pos="-33.349999999999994,33.0,2.3000000000000043" vel="0,0,0" mass="1" elasticityCoef="1" ang="90,0,0" color="0,220,0" radius="0.5" length="4" />
		<capsule pos="-33.349999999999994,33.0,4.600000000000001" vel="0,0,0" mass="1" elasticityCoef="1" ang="90,0,0" color="0,220,0" radius="0.5" length="4" />
		<capsule pos="-33.349999999999994,33.0,6.899999999999999" vel="0,0,0" mass="1" elasticityCoef="1" ang="90,0,0" color="0,220,0" radius="0.5" length="4" />
		<capsule pos="-33.349999999999994,33.0,9.200000000000003" vel="0,0,0" mass="1" elasticityCoef="1" ang="90,0,0" color="0,220,0" radius="0.5" length="4" />
		<capsule pos="-33.349999999999994,33.0,11.5" vel="0,0,0" mass="1" elasticityCoef="1" ang="90,0,0" color="0,220,0" radius="0.5" length="4" />
		<capsule pos="-33.349999999999994,33.0,13.799999999999997" vel="0,0,0" mass="1" elasticityCoef="1" ang="90,0,0" color="0,220,0" radius="0.5" length="4" />
		<capsule pos="-33.349999999999994,33.0,16.1" vel="0,0,0" mass="1" elasticityCoef="1" ang="90,0,0" color="0,220,0" radius="0.5" length="4" />
		<capsule pos="-33.349999999999994,33.0,18.4" vel="0,0,0" mass="1" elasticityCoef="1" ang="90,0,0" color="0,220,0" radius="0.5" length="4" />
		<capsule pos="-33.349999999999994,33.0,20.699999999999996" vel="0,0,0" mass="1" elasticityCoef="1" ang="90,0,0" color="0,220,0" radius="0.5" length="4" />
		<capsule pos="-33.349999999999994,33.0,22.999999999999993" vel="0,0,0" mass="1" elasticityCoef="1" ang="90,0,0" color="0,220,0" radius="0.5" length="4" />
		<capsule pos="-33.349999999999994,33.0,25.300000000000004" vel="0,0,0" mass="1" elasticityCoef="1" ang="90,0,0" color="0,220,0" radius="0.5" length="4" />
		<capsule pos="-33.349999999999994,33.0,27.6" vel="0,0,0" mass="1" elasticityCoef="1" ang="90,0,0" color="0,220,0" radius="0.5" length="4" />
		<capsule pos="-33.349999999999994,33.0,29.9" vel="0,0,0" mass="1" elasticityCoef="1" ang="90,0,0" color="0,220,0" radius="0.5" length="4" />
		<capsule pos="-33.349999999999994,33.0,32.199999999999996" vel="0,0,0" mass="1" elasticityCoef="1" ang="90,0,0" color="0,220,0" radius="0.5" length="4" />
		<capsule pos="-33.349999999999994,33.0,34.49999999999999" vel="0,0,0" mass="1" elasticityCoef="1" ang="90,0,0" color="0,220,0" radius="0.5" length="4" />
		<capsule pos="-33.349999999999994,33.0,36.800000000000004" vel="0,0,0" mass="1" elasticityCoef="1" ang="90,0,0" color="0,220,0" radius="0.5" length="4" />
		<capsule pos="-33.349999999999994,33.0,39.1" vel="0,0,0" mass="1" elasticityCoef="1" ang="90,0,0" color="0,220,0" radius="0.5" length="4" />
		<capsule pos="-33.349999999999994,33.0,41.4" vel="0,0,0" mass="1" elasticityCoef="1" ang="90,0,0" color="0,220,0" radius="0.5" length="4" />
		<capsule pos="-33.349999999999994,38.5,-43.699999999999996" vel="0,0,0" mass="1" elasticityCoef="1" ang="90,0,0" color="0,220,0" radius="0.5" length="4" />
		<capsule pos="-33.349999999999994,38.5,-41.4" vel="0,0,0" mass="1" elasticityCoef="1" ang="90,0,0" color="0,220,0" radius="0.5" length="4" />
		<capsule pos="-33.349999999999994,38.5,-39.099999999999994" vel="0,0,0" mass="1" elasticityCoef="1" ang="90,0,0" color="0,220,0" radius="0.5" length="4" />
		<capsule pos="-33.349999999999994,38.5,-36.8" vel="0,0,0" mass="1" elasticityCoef="1" ang="90,0,0" color="0,220,0" radius="0.5" length="4" />
		<capsule pos="-33.349999999999994,38.5,-34.5" vel="0,0,0" mass="1" elasticityCoef="1" ang="90,0,0" color="0,220,0" radius="0.5" length="4" />
		<capsule pos="-33.349999999999994,38.5,-32.199999999999996" vel="0,0,0" mass="1" elasticityCoef="1" ang="90,0,0" color="0,220,0" radius="0.5" length="4" />
		<capsule pos="-33.349999999999994,38.5,-29.9" vel="0,0,0" mass="1" elasticityCoef="1" ang="90,0,0" color="0,220,0" radius="0.5" length="4" />
		<capsule pos="-33.349999999999994,38.5,-27.599999999999998" vel="0,0,0" mass="1" elasticityCoef="1" ang="90,0,0" color="0,220,0" radius="0.5" length="4" />
		<capsule pos="-33.349999999999994,38.5,-25.299999999999997" vel="0,0,0" mass="1" elasticityCoef="1" ang="90,0,0" color="0,220,0" radius="0.5" length="4" />
		<capsule pos="-33.349999999999994,38.5,-22.999999999999996" vel="0,0,0" mass="1" elasticityCoef="1" ang="90,0,0" color="0,220,0" radius="0.5" length="4" />
		<capsule pos="-33.349999999999994,38.5,-20.699999999999996" vel="0,0,0" mass="1" elasticityCoef="1" ang="90,0,0" color="0,220,0" radius="0.5" length="4" />
		<capsule pos="-33.349999999999994,38.5,-18.4" vel="0,0,0" mass="1" elasticityCoef="1" ang="90,0,0" color="0,220,0" radius="0.5" length="4" />
		<capsule pos="-33.349999999999994,38.5,-16.099999999999998" vel="0,0,0" mass="1" elasticityCoef="1" ang="90,0,0" color="0,220,0" radius="0.5" length="4" />
		<capsule pos="-33.349999999999994,38.5,-13.799999999999997" vel="0,0,0" mass="1" elasticityCoef="1" ang="90,0,0" color="0,220,0" radius="0.5" length="4" />
		<capsule pos="-33.349999999999994,38.5,-11.5" vel="0,0,0" mass="1" elasticityCoef="1" ang="90,0,0" color="0,220,0" radius="0.5" length="4" />
		<capsule pos="-33.349999999999994,38.5,-9.199999999999996" vel="0,0,0" mass="1" elasticityCoef="1" ang="90,0,0" color="0,220,0" radius="0.5" length="4" />
		<capsule pos="-33.349999999999994,38.5,-6.899999999999999" vel="0,0,0" mass="1" elasticityCoef="1" ang="90,0,0" color="0,220,0" radius="0.5" length="4" />
		<capsule pos="-33.349999999999994,38.5,-4.600000000000001" vel="0,0,0" mass="1" elasticityCoef="1" ang="90,0,0" color="0,220,0" radius="0.5" length="4" />
		<capsule pos="-33.349999999999994,38.5,-2.299999999999997" vel="0,0,0" mass="1" elasticityCoef="1" ang="90,0,0" color="0,220,0" radius="0.5" length="4" />
		<capsule pos="-33.349999999999994,38.5,0.0" vel="0,0,0" mass="1" elasticityCoef="1" ang="90,0,0" color="0,220,0" radius="0.5" length="4" />
		<capsule pos="-33.349999999999994,38.5,2.3000000000000043" vel="0,0,0" mass="1" elasticityCoef="1" ang="90,0,0" color="0,220,0" radius="0.5" length="4" />
		<capsule pos="-33.349999999999994,38.5,4.600000000000001" vel="0,0,0" mass="1" elasticityCoef="1" ang="90,0,0" color="0,220,0" radius="0.5" length="4" />
		<capsule pos="-33.349999999999994,38.5,6.899999999999999" vel="0,0,0" mass="1" elasticityCoef="1" ang="90,0,0" color="0,220,0" radius="0.5" length="4" />
		<capsule pos="-33.349999999999994,38.5,9.200000000000003" vel="0,0,0" mass="1" elasticityCoef="1" ang="90,0,0" color="0,220,0" radius="0.5" length="4" />
		<capsule pos="-33.349999999999994,38.5,11.5" vel="0,0,0" mass="1" elasticityCoef="1" ang="90,0,0" color="0,220,0" radius="0.5" length="4" />
		<capsule pos="-33.349999999999994,38.5,13.799999999999997" vel="0,0,0" mass="1" elasticityCoef="1" ang="90,0,0" color="0,220,0" radius="0.5" length="4" />
		<capsule pos="-33.349999999999994,38.5,16.1" vel="0,0,0" mass="1" elasticityCoef="1" ang="90,0,0" color="0,220,0" radius="0.5" length="4" />
		<capsule pos="-33.349999999999994,38.5,18.4" vel="0,0,0" mass="1" elasticityCoef="1" ang="90,0,0" color="0,220,0" radius="0.5" length="4" />
		<capsule pos="-33.349999999999994,38.5,20.699999999999996" vel="0,0,0" mass="1" elasticityCoef="1" ang="90,0,0" color="0,220,0" radius="0.5" length="4" />
		<capsule pos="-33.349999999999994,38.5,22.999999999999993" vel="0,0,0" mass="1" elasticityCoef="1" ang="90,0,0" color="0,220,0" radius="0.5" length="4" />
		<capsule pos="-33.349999999999994,38.5,25.300000000000004" vel="0,0,0" mass="1" elasticityCoef="1" ang="90,0,0" color="0,220,0" radius="0.5" length="4" />
		<capsule pos="-33.349999999999994,38.5,27.6" vel="0,0,0" mass="1" elasticityCoef="1" ang="90,0,0" color="0,220,0" radius="0.5" length="4" />
		<capsule pos="-33.349999999999994,38.5,29.9" vel="0,0,0" mass="1" elasticityCoef="1" ang="90,0,0" color="0,220,0" radius="0.5" length="4" />
		<capsule pos="-33.349999999999994,38.5,32.199999999999996" vel="0,0,0" mass="1" elasticityCoef="1" ang="90,0,0" color="0,220,0" radius="0.5" length="4" />
		<capsule pos="-33.349999999999994,38.5,34.49999999999999" vel="0,0,0" mass="1" elasticityCoef="1" ang="90,0,0" color="0,220,0" radius="0.5" length="4" />
		<capsule pos="-33.349999999999994,38.5,36.800000000000004" vel="0,0,0" mass="1" elasticityCoef="1" ang="90,0,0" color="0,220,0" radius="0.5" length="4" />
		<capsule pos="-33.349999999999994,38.5,39.1" vel="0,0,0" mass="1" elasticityCoef="1" ang="90,0,0" color="0,220,0" radius="0.5" length="4" />
		<capsule pos="-33.349999999999994,38.5,41.4" vel="0,0,0" mass="1" elasticityCoef="1" ang="90,0,0" color="0,220,0" radius="0.5" length="4" />
		<capsule pos="-33.349999999999994,44.0,-43.699999999999996" vel="0,0,0" mass="1" elasticityCoef="1" ang="90,0,0" color="0,220,0" radius="0.5" length="4" />
		<capsule pos="-33.349999999999994,44.0,-41.4" vel="0,0,0" mass="1" elasticityCoef="1" ang="90,0,0" color="0,220,0" radius="0.5" length="4" />
		<capsule pos="-33.349999999999994,44.0,-39.099999999999994" vel="0,0,0" mass="1" elasticityCoef="1" ang="90,0,0" color="0,220,0" radius="0.5" length="4" />
		<capsule pos="-33.349999999999994,44.0,-36.8" vel="0,0,0" mass="1" elasticityCoef="1" ang="90,0,0" color="0,220,0" radius="0.5" length="4" />
		<capsule pos="-33.349999999999994,44.0,-34.5" vel="0,0,0" mass="1" elasticityCoef="1" ang="90,0,0" color="0,220,0" radius="0.5" length="4" />
		<capsule pos="-33.349999999999994,44.0,-32.199999999999996" vel="0,0,0" mass="1" elasticityCoef="1" ang="90,0,0" color="0,220,0" radius="0.5" length="4" />
		<capsule pos="-33.349999999999994,44.0,-29.9" vel="0,0,0" mass="1" elasticityCoef="1" ang="90,0,0" color="0,220,0" radius="0.5" length="4" />
		<capsule pos="-33.349999999999994,44.0,-27.599999999999998" vel="0,0,0" mass="1" elasticityCoef="1" ang="90,0,0" color="0,220,0" radius="0.5" length="4" />
		<capsule pos="-33.349999999999994,44.0,-25.299999999999997" vel="0,0,0" mass="1" elasticityCoef="1" ang="90,0,0" color="0,220,0" radius="0.5" length="4" />
		<capsule pos="-33.349999999999994,44.0,-22.999999999999996" vel="0,0,0" mass="1" elasticityCoef="1" ang="90,0,0" color="0,220,0" radius="0.5" length="4" />
		<capsule pos="-33.349999999999994,44.0,-20.699999999999996" vel="0,0,0" mass="1" elasticityCoef="1" ang="90,0,0" color="0,220,0" radius="0.5" length="4" />
		<capsule pos="-33.349999999999994,44.0,-18.4" vel="0,0,0" mass="1" elasticityCoef="1" ang="90,0,0" color="0,220,0" radius="0.5" length="4" />
		<capsule pos="-33.349999999999994,44.0,-16.099999999999998" vel="0,0,0" mass="1" elasticityCoef="1" ang="90,0,0" color="0,220,0" radius="0.5" length="4" />
		<capsule pos="-33.349999999999994,44.0,-13.799999999999997" vel="0,0,0" mass="1" elasticityCoef="1" ang="90,0,0" color="0,220,0" radius="0.5" length="4" />
		<capsule pos="-33.349999999999994,44.0,-11.5" vel="0,0,0" mass="1" elasticityCoef="1" ang="90,0,0" color="0,220,0" radius="0.5" length="4" />
		<capsule pos="-33.349999999999994,44.0,-9.199999999999996" vel="0,0,0" mass="1" elasticityCoef="1" ang="90,0,0" color="0,220,0" radius="0.5" length="4" />
		<capsule pos="-33.349999999999994,44.0,-6.899999999999999" vel="0,0,0" mass="1" elasticityCoef="1" ang="90,0,0" color="0,220,0" radius="0.5" length="4" />
		<capsule pos="-33.349999999999994,44.0,-4.600000000000001" vel="0,0,0" mass="1" elasticityCoef="1" ang="90,0,0" color="0,220,0" radius="0.5" length="4" />
		<capsule pos="-33.349999999999994,44.0,-2.299999999999997" vel="0,0,0" mass="1" elasticityCoef="1" ang="90,0,0" color="0,220,0" radius="0.5" length="4" />
		<capsule pos="-33.349999999999994,44.0,0.0" vel="0,0,0" mass="1" elasticityCoef="1" ang="90,0,0" color="0,220,0" radius="0.5" length="4" />
		<capsule pos="-33.349999999999994,44.0,2.3000000000000043" vel="0,0,0" mass="1" elasticityCoef="1" ang="90,0,0" color="0,220,0" radius="0.5" length="4" />
		<capsule pos="-33.349999999999994,44.0,4.600000000000001" vel="0,0,0" mass="1" elasticityCoef="1" ang="90,0,0" color="0,220,0" radius="0.5" length="4" />
		<capsule pos="-33.349999999999994,44.0,6.899999999999999" vel="0,0,0" mass="1" elasticityCoef="1" ang="90,0,0" color="0,220,0" radius="0.5" length="4" />
		<capsule pos="-33.349999999999994,44.0,9.200000000000003" vel="0,0,0" mass="1" elasticityCoef="1" ang="90,0,0" color="0,220,0" radius="0.5" length="4" />
		<capsule pos="-33.349999999999994,44.0,11.5" vel="0,0,0" mass="1" elasticityCoef="1" ang="90,0,0" color="0,220,0" radius="0.5" length="4" />
		<capsule pos="-33.349999999999994,44.0,13.799999999999997" vel="0,0,0" mass="1" elasticityCoef="1" ang="90,0,0" color="0,220,0" radius="0.5" length="4" />
		<capsule pos="-33.349999999999994,44.0,16.1" vel="0,0,0" mass="1" elasticityCoef="1" ang="90,0,0" color="0,220,0" radius="0.5" length="4" />
		<capsule pos="-33.349999999999994,44.0,18.4" vel="0,0,0" mass="1" elasticityCoef="1" ang="90,0,0" color="0,220,0" radius="0.5" length="4" />
		<capsule pos="-33.349999999999994,44.0,20.699999999999996" vel="0,0,0" mass="1" elasticityCoef="1" ang="90,0,0" color="0,220,0" radius="0.5" length="4" />
		<capsule pos="-33.349999999999994,44.0,22.999999999999993" vel="0,0,0" mass="1" elasticityCoef="1" ang="90,0,0" color="0,220,0" radius="0.5" length="4" />
		<capsule pos="-33.349999999999994,44.0,25.300000000000004" vel="0,0,0" mass="1" elasticityCoef="1" ang="90,0,0" color="0,220,0" radius="0.5" length="4" />
		<capsule pos="-33.349999999999994,44.0,27.6" vel="0,0,0" mass="1" elasticityCoef="1" ang="90,0,0" color="0,220,0" radius="0.5" length="4" />
		<capsule pos="-33.349999999999994,44.0,29.9" vel="0,0,0" mass="1" elasticityCoef="1" ang="90,0,0" color="0,220,0" radius="0.5" length="4" />
		<capsule pos="-33.349999999999994,44.0,32.199999999999996" vel="0,0,0" mass="1" elasticityCoef="1" ang="90,0,0" color="0,220,0" radius="0.5" length="4" />
		<capsule pos="-33.349999999999994,44.0,34.49999999999999" vel="0,0,0" mass="1" elasticityCoef="1" ang="90,0,0" color="0,220,0" radius="0.5" length="4" />
		<capsule pos="-33.349999999999994,44.0,36.800000000000004" vel="0,0,0" mass="1" elasticityCoef="1" ang="90,0,0" color="0,220,0" radius="0.5" length="4" />
		<capsule pos="-33.349999999999994,44.0,39.1" vel="0,0,0" mass="1" elasticityCoef="1" ang="90,0,0" color="0,220,0" radius="0.5" length="4" />
		<capsule pos="-33.349999999999994,44.0,41.4" vel="0,0,0" mass="1" elasticityCoef="1" ang="90,0,0" color="0,220,0" radius="0.5" length="4" />
		<capsule pos="-31.049999999999997,-49.5,-43.699999999999996" vel="0,0,0" mass="1" elasticityCoef="1" ang="90,0,0" color="0,220,0" radius="0.5" length="4" />
		<capsule pos="-31.049999999999997,-49.5,-41.4" vel="0,0,0" mass="1" elasticityCoef="1" ang="90,0,0" color="0,220,0" radius="0.5" length="4" />
		<capsule pos="-31.049999999999997,-49.5,-39.099999999999994" vel="0,0,0" mass="1" elasticityCoef="1" ang="90,0,0" color="0,220,0" radius="0.5" length="4" />
		<capsule pos="-31.049999999999997,-49.5,-36.8" vel="0,0,0" mass="1" elasticityCoef="1" ang="90,0,0" color="0,220,0" radius="0.5" length="4" />
		<capsule pos="-31.049999999999997,-49.5,-34.5" vel="0,0,0" mass="1" elasticityCoef="1" ang="90,0,0" color="0,220,0" radius="0.5" length="4" />
		<capsule pos="-31.049999999999997,-49.5,-32.199999999999996" vel="0,0,0" mass="1" elasticityCoef="1" ang="90,0,0" color="0,220,0" radius="0.5" length="4" />
		<capsule pos="-31.049999999999997,-49.5,-29.9" vel="0,0,0" mass="1" elasticityCoef="1" ang="90,0,0" color="0,220,0" radius="0.5" length="4" />
		<capsule pos="-31.049999999999997,-49.5,-27.599999999999998" vel="0,0,0" mass="1" elasticityCoef="1" ang="90,0,0" color="0,220,0" radius="0.5" length="4" />
		<capsule pos="-31.049999999999997,-49.5,-25.299999999999997" vel="0,0,0" mass="1" elasticityCoef="1" ang="90,0,0" color="0,220,0" radius="0.5" length="4" />
		<capsule pos="-31.049999999999997,-49.5,-22.999999999999996" vel="0,0,0" mass="1" elasticityCoef="1" ang="90,0,0" color="0,220,0" radius="0.5" length="4" />
		<capsule pos="-31.049999999999997,-49.5,-20.699999999999996" vel="0,0,0" mass="1" elasticityCoef="1" ang="90,0,0" color="0,220,0" radius="0.5" length="4" />
		<capsule pos="-31.049999999999997,-49.5,-18.4" vel="0,0,0" mass="1" elasticityCoef="1" ang="90,0,0" color="0,220,0" radius="0.5" length="4" />
		<capsule pos="-31.049999999999997,-49.5,-16.099999999999998" vel="0,0,0" mass="1" elasticityCoef="1" ang="90,0,0" color="0,220,0" radius="0.5" length="4" />
		<capsule pos="-31.049999999999997,-49.5,-13.799999999999997" vel="0,0,0" mass="1" elasticityCoef="1" ang="90,0,0" color="0,220,0" radius="0.5" length="4" />
		<capsule pos="-31.049999999999997,-49.5,-11.5" vel="0,0,0" mass="1" elasticityCoef="1" ang="90,0,0" color="0,220,0" radius="0.5" length="4" />
		<capsule pos="-31.049999999999997,-49.5,-9.199999999999996" vel="0,0,0" mass="1" elasticityCoef="1" ang="90,0,0" color="0,220,0" radius="0.5" length="4" />
		<capsule pos="-31.049999999999997,-49.5,-6.899999999999999" vel="0,0,0" mass="1" elasticityCoef="1" ang="90,0,0" color="0,220,0" radius="0.5" length="4" />
		<capsule pos="-31.049999999999997,-49.5,-4.600000000000001" vel="0,0,0" mass="1" elasticityCoef="1" ang="90,0,0" color="0,220,0" radius="0.5" length="4" />
		<capsule pos="-31.049999999999997,-49.5,-2.299999999999997" vel="0,0,0" mass="1" elasticityCoef="1" ang="90,0,0" color="0,220,0" radius="0.5" length="4" />
		<capsule pos="-31.049999999999997,-49.5,0.0" vel="0,0,0" mass="1" elasticityCoef="1" ang="90,0,0" color="0,220,0" radius="0.5" length="4" />
		<capsule pos="-31.049999999999997,-49.5,2.3000000000000043" vel="0,0,0" mass="1" elasticityCoef="1" ang="90,0,0" color="0,220,0" radius="0.5" length="4" />
		<capsule pos="-31.049999999999997,-49.5,4.600000000000001" vel="0,0,0" mass="1" elasticityCoef="1" ang="90,0,0" color="0,220,0" radius="0.5" length="4" />
		<capsule pos="-31.049999999999997,-49.5,6.899999999999999" vel="0,0,0" mass="1" elasticityCoef="1" ang="90,0,0" color="0,220,0" radius="0.5" length="4" />
		<capsule pos="-31.049999999999997,-49.5,9.200000000000003" vel="0,0,0" mass="1" elasticityCoef="1" ang="90,0,0" color="0,220,0" radius="0.5" length="4" />
		<capsule pos="-31.049999999999997,-49.5,11.5" vel="0,0,0" mass="1" elasticityCoef="1" ang="90,0,0" color="0,220,0" radius="0.5" length="4" />
		<capsule pos="-31.049999999999997,-49.5,13.799999999999997" vel="0,0,0" mass="1" elasticityCoef="1" ang="90,0,0" color="0,220,0" radius="0.5" length="4" />
		<capsule pos="-31.049999999999997,-49.5,16.1" vel="0,0,0" mass="1" elasticityCoef="1" ang="90,0,0" color="0,220,0" radius="0.5" length="4" />
		<capsule pos="-31.049999999999997,-49.5,18.4" vel="0,0,0" mass="1" elasticityCoef="1" ang="90,0,0" color="0,220,0" radius="0.5" length="4" />
		<capsule pos="-31.049999999999997,-49.5,20.699999999999996" vel="0,0,0" mass="1" elasticityCoef="1" ang="90,0,0" color="0,220,0" radius="0.5" length="4" />
		<capsule pos="-31.049999999999997,-49.5,22.999999999999993" vel="0,0,0" mass="1" elasticityCoef="1" ang="90,0,0" color="0,220,0" radius="0.5" length="4" />
		<capsule pos="-31.049999999999997,-49.5,25.300000000000004" vel="0,0,0" mass="1" elasticityCoef="1" ang="90,0,0" color="0,220,0" radius="0.5" length="4" />
		<capsule pos="-31.049999999999997,-49.5,27.6" vel="0,0,0" mass="1" elasticityCoef="1" ang="90,0,0" color="0,220,0" radius="0.5" length="4" />
		<capsule pos="-31.049999999999997,-49.5,29.9" vel="0,0,0" mass="1" elasticityCoef="1" ang="90,0,0" color="0,220,0" radius="0.5" length="4" />
		<capsule pos="-31.049999999999997,-49.5,32.199999999999996" vel="0,0,0" mass="1" elasticityCoef="1" ang="90,0,0" color="0,220,0" radius="0.5" length="4" />
		<capsule pos="-31.049999999999997,-49.5,34.49999999999999" vel="0,0,0" mass="1" elasticityCoef="1" ang="90,0,0" color="0,220,0" radius="0.5" length="4" />
		<capsule pos="-31.049999999999997,-49.5,36.800000000000004" vel="0,0,0" mass="1" elasticityCoef="1" ang="90,0,0" color="0,220,0" radius="0.5" length="4" />
		<capsule pos="-31.049999999999997,-49.5,39.1" vel="0,0,0" mass="1" elasticityCoef="1" ang="90,0,0" color="0,220,0" radius="0.5" length="4" />
		<capsule pos="-31.049999999999997,-49.5,41.4" vel="0,0,0" mass="1" elasticityCoef="1" ang="90,0,0" color="0,220,0" radius="0.5" length="4" />
		<capsule pos="-31.049999999999997,-44.0,-43.699999999999996" vel="0,0,0" mass="1" elasticityCoef="1" ang="90,0,0" color="0,220,0" radius="0.5" length="4" />
		<capsule pos="-31.049999999999997,-44.0,-41.4" vel="0,0,0" mass="1" elasticityCoef="1" ang="90,0,0" color="0,220,0" radius="0.5" length="4" />
		<capsule pos="-31.049999999999997,-44.0,-39.099999999999994" vel="0,0,0" mass="1" elasticityCoef="1" ang="90,0,0" color="0,220,0" radius="0.5" length="4" />
		<capsule pos="-31.049999999999997,-44.0,-36.8" vel="0,0,0" mass="1" elasticityCoef="1" ang="90,0,0" color="0,220,0" radius="0.5" length="4" />
		<capsule pos="-31.049999999999997,-44.0,-34.5" vel="0,0,0" mass="1" elasticityCoef="1" ang="90,0,0" color="0,220,0" radius="0.5" length="4" />
		<capsule pos="-31.049999999999997,-44.0,-32.199999999999996" vel="0,0,0" mass="1" elasticityCoef="1" ang="90,0,0" color="0,220,0" radius="0.5" length="4" />
		<capsule pos="-31.049999999999997,-44.0,-29.9" vel="0,0,0" mass="1" elasticityCoef="1" ang="90,0,0" color="0,220,0" radius="0.5" length="4" />
		<capsule pos="-31.049999999999997,-44.0,-27.599999999999998" vel="0,0,0" mass="1" elasticityCoef="1" ang="90,0,0" color="0,220,0" radius="0.5" length="4" />
		<capsule pos="-31.049999999999997,-44.0,-25.299999999999997" vel="0,0,0" mass="1" elasticityCoef="1" ang="90,0,0" color="0,220,0" radius="0.5" length="4" />
		<capsule pos="-31.049999999999997,-44.0,-22.999999999999996" vel="0,0,0" mass="1" elasticityCoef="1" ang="90,0,0" color="0,220,0" radius="0.5" length="4" />
		<capsule pos="-31.049999999999997,-44.0,-20.699999999999996" vel="0,0,0" mass="1" elasticityCoef="1" ang="90,0,0" color="0,220,0" radius="0.5" length="4" />
		<capsule pos="-31.049999999999997,-44.0,-18.4" vel="0,0,0" mass="1" elasticityCoef="1" ang="90,0,0" color="0,220,0" radius="0.5" length="4" />
		<capsule pos="-31.049999999999997,-44.0,-16.099999999999998" vel="0,0,0" mass="1" elasticityCoef="1" ang="90,0,0" color="0,220,0" radius="0.5" length="4" />
		<capsule pos="-31.049999999999997,-44.0,-13.799999999999997" vel="0,0,0" mass="1" elasticityCoef="1" ang="90,0,0" color="0,220,0" radius="0.5" length="4" />
		<capsule pos="-31.049999999999997,-44.0,-11.5" vel="0,0,0" mass="1" elasticityCoef="1" ang="90,0,0" color="0,220,0" radius="0.5" length="4" />
		<capsule pos="-31.049999999999997,-44.0,-9.199999999999996" vel="0,0,0" mass="1" elasticityCoef="1" ang="90,0,0" color="0,220,0" radius="0.5" length="4" />
		<capsule pos="-31.049999999999997,-44.0,-6.899999999999999" vel="0,0,0" mass="1" elasticityCoef="1" ang="90,0,0" color="0,220,0" radius="0.5" length="4" />
		<capsule pos="-31.049999999999997,-44.0,-4.600000000000001" vel="0,0,0" mass="1" elasticityCoef="1" ang="90,0,0" color="0,220,0" radius="0.5" length="4" />
		<capsule pos="-31.049999999999997,-44.0,-2.299999999999997" vel="0,0,0" mass="1" elasticityCoef="1" ang="90,0,0" color="0,220,0" radius="0.5" length="4" />
		<capsule pos="-31.049999999999997,-44.0,0.0" vel="0,0,0" mass="1" elasticityCoef="1" ang="90,0,0" color="0,220,0" radius="0.5" length="4" />
		<capsule pos="-31.049999999999997,-44.0,2.3000000000000043" vel="0,0,0" mass="1" elasticityCoef="1" ang="90,0,0" color="0,220,0" radius="0.5" length="4" />
		<capsule pos="-31.049999999999997,-44.0,4.600000000000001" vel="0,0,0" mass="1" elasticityCoef="1" ang="90,0,0" color="0,220,0" radius="0.5" length="4" />
		<capsule pos="-31.049999999999997,-44.0,6.899999999999999" vel="0,0,0" mass="1" elasticityCoef="1" ang="90,0,0" color="0,220,0" radius="0.5" length="4" />
		<capsule pos="-31.049999999999997,-44.0,9.200000000000003" vel="0,0,0" mass="1" elasticityCoef="1" ang="90,0,0" color="0,220,0" radius="0.5" length="4" />
		<capsule pos="-31.049999999999997,-44.0,11.5" vel="0,0,0" mass="1" elasticityCoef="1" ang="90,0,0" color="0,220,0" radius="0.5" length="4" />
		<capsule pos="-31.049999999999997,-44.0,13.799999999999997" vel="0,0,0" mass="1" elasticityCoef="1" ang="90,0,0" color="0,220,0" radius="0.5" length="4" />
		<capsule pos="-31.049999999999997,-44.0,16.1" vel="0,0,0" mass="1" elasticityCoef="1" ang="90,0,0" color="0,220,0" radius="0.5" length="4" />
		<capsule pos="-31.049999999999997,-44.0,18.4" vel="0,0,0" mass="1" elasticityCoef="1" ang="90,0,0" color="0,220,0" radius="0.5" length="4" />
		<capsule pos="-31.049999999999997,-44.0,20.699999999999996" vel="0,0,0" mass="1" elasticityCoef="1" ang="90,0,0" color="0,220,0" radius="0.5" length="4" />
		<capsule pos="-31.049999999999997,-44.0,22.999999999999993" vel="0,0,0" mass="1" elasticityCoef="1" ang="90,0,0" color="0,220,0" radius="0.5" length="4" />
		<capsule pos="-31.049999999999997,-44.0,25.300000000000004" vel="0,0,0" mass="1" elasticityCoef="1" ang="90,0,0" color="0,220,0" radius="0.5" length="4" />
		<capsule pos="-31.049999999999997,-44.0,27.6" vel="0,0,0" mass="1" elasticityCoef="1" ang="90,0,0" color="0,220,0" radius="0.5" length="4" />
		<capsule pos="-31.049999999999997,-44.0,29.9" vel="0,0,0" mass="1" elasticityCoef="1" ang="90,0,0" color="0,220,0" radius="0.5" length="4" />
		<capsule pos="-31.049999999999997,-44.0,32.199999999999996" vel="0,0,0" mass="1" elasticityCoef="1" ang="90,0,0" color="0,220,0" radius="0.5" length="4" />
		<capsule pos="-31.049999999999997,-44.0,34.49999999999999" vel="0,0,0" mass="1" elasticityCoef="1" ang="90,0,0" color="0,220,0" radius="0.5" length="4" />
		<capsule pos="-31.049999999999997,-44.0,36.800000000000004" vel="0,0,0" mass="1" elasticityCoef="1" ang="90,0,0" color="0,220,0" radius="0.5" length="4" />
		<capsule pos="-31.049999999999997,-44.0,39.1" vel="0,0,0" mass="1" elasticityCoef="1" ang="90,0,0" color="0,220,0" radius="0.5" length="4" />
		<capsule pos="-31.049999999999997,-44.0,41.4" vel="0,0,0" mass="1" elasticityCoef="1" ang="90,0,0" color="0,220,0" radius="0.5" length="4" />
		<capsule pos="-31.049999999999997,-38.5,-43.699999999999996" vel="0,0,0" mass="1" elasticityCoef="1" ang="90,0,0" color="0,220,0" radius="0.5" length="4" />
		<capsule pos="-31.049999999999997,-38.5,-41.4" vel="0,0,0" mass="1" elasticityCoef="1" ang="90,0,0" color="0,220,0" radius="0.5" length="4" />
		<capsule pos="-31.049999999999997,-38.5,-39.099999999999994" vel="0,0,0" mass="1" elasticityCoef="1" ang="90,0,0" color="0,220,0" radius="0.5" length="4" />
		<capsule pos="-31.049999999999997,-38.5,-36.8" vel="0,0,0" mass="1" elasticityCoef="1" ang="90,0,0" color="0,220,0" radius="0.5" length="4" />
		<capsule pos="-31.049999999999997,-38.5,-34.5" vel="0,0,0" mass="1" elasticityCoef="1" ang="90,0,0" color="0,220,0" radius="0.5" length="4" />
		<capsule pos="-31.049999999999997,-38.5,-32.199999999999996" vel="0,0,0" mass="1" elasticityCoef="1" ang="90,0,0" color="0,220,0" radius="0.5" length="4" />
		<capsule pos="-31.049999999999997,-38.5,-29.9" vel="0,0,0" mass="1" elasticityCoef="1" ang="90,0,0" color="0,220,0" radius="0.5" length="4" />
		<capsule pos="-31.049999999999997,-38.5,-27.599999999999998" vel="0,0,0" mass="1" elasticityCoef="1" ang="90,0,0" color="0,220,0" radius="0.5" length="4" />
		<capsule pos="-31.049999999999997,-38.5,-25.299999999999997" vel="0,0,0" mass="1" elasticityCoef="1" ang="90,0,0" color="0,220,0" radius="0.5" length="4" />
		<capsule pos="-31.049999999999997,-38.5,-22.999999999999996" vel="0,0,0" mass="1" elasticityCoef="1" ang="90,0,0" color="0,220,0" radius="0.5" length="4" />
		<capsule pos="-31.049999999999997,-38.5,-20.699999999999996" vel="0,0,0" mass="1" elasticityCoef="1" ang="90,0,0" color="0,220,0" radius="0.5" length="4" />
		<capsule pos="-31.049999999999997,-38.5,-18.4" vel="0,0,0" mass="1" elasticityCoef="1" ang="90,0,0" color="0,220,0" radius="0.5" length="4" />
		<capsule pos="-31.049999999999997,-38.5,-16.099999999999998" vel="0,0,0" mass="1" elasticityCoef="1" ang="90,0,0" color="0,220,0" radius="0.5" length="4" />
		<capsule pos="-31.049999999999997,-38.5,-13.799999999999997" vel="0,0,0" mass="1" elasticityCoef="1" ang="90,0,0" color="0,220,0" radius="0.5" length="4" />
		<capsule pos="-31.049999999999997,-38.5,-11.5" vel="0,0,0" mass="1" elasticityCoef="1" ang="90,0,0" color="0,220,0" radius="0.5" length="4" />
		<capsule pos="-31.049999999999997,-38.5,-9.199999999999996" vel="0,0,0" mass="1" elasticityCoef="1" ang="90,0,0" color="0,220,0" radius="0.5" length="4" />
		<capsule pos="-31.049999999999997,-38.5,-6.899999999999999" vel="0,0,0" mass="1" elasticityCoef="1" ang="90,0,0" color="0,220,0" radius="0.5" length="4" />
		<capsule pos="-31.049999999999997,-38.5,-4.600000000000001" vel="0,0,0" mass="1" elasticityCoef="1" ang="90,0,0" color="0,220,0" radius="0.5" length="4" />
		<capsule pos="-31.049999999999997,-38.5,-2.299999999999997" vel="0,0,0" mass="1" elasticityCoef="1" ang="90,0,0" color="0,220,0" radius="0.5" length="4" />
		<capsule pos="-31.049999999999997,-38.5,0.0" vel="0,0,0" mass="1" elasticityCoef="1" ang="90,0,0" color="0,220,0" radius="0.5" length="4" />
		<capsule pos="-31.049999999999997,-38.5,2.3000000000000043" vel="0,0,0" mass="1" elasticityCoef="1" ang="90,0,0" color="0,220,0" radius="0.5" length="4" />
		<capsule pos="-31.049999999999997,-38.5,4.600000000000001" vel="0,0,0" mass="1" elasticityCoef="1" ang="90,0,0" color="0,220,0" radius="0.5" length="4" />
		<capsule pos="-31.049999999999997,-38.5,6.899999999999999" vel="0,0,0" mass="1" elasticityCoef="1" ang="90,0,0" color="0,220,0" radius="0.5" length="4" />
		<capsule pos="-31.049999999999997,-38.5,9.200000000000003" vel="0,0,0" mass="1" elasticityCoef="1" ang="90,0,0" color="0,220,0" radius="0.5" length="4" />
		<capsule pos="-31.049999999999997,-38.5,11.5" vel="0,0,0" mass="1" elasticityCoef="1" ang="90,0,0" color="0,220,0" radius="0.5" length="4" />
		<capsule pos="-31.049999999999997,-38.5,13.799999999999997" vel="0,0,0" mass="1" elasticityCoef="1" ang="90,0,0" color="0,220,0" radius="0.5" length="4" />
		<capsule pos="-31.049999999999997,-38.5,16.1" vel="0,0,0" mass="1" elasticityCoef="1" ang="90,0,0" color="0,220,0" radius="0.5" length="4" />
		<capsule pos="-31.049999999999997,-38.5,18.4" vel="0,0,0" mass="1" elasticityCoef="1" ang="90,0,0" color="0,220,0" radius="0.5" length="4" />
		<capsule pos="-31.049999999999997,-38.5,20.699999999999996" vel="0,0,0" mass="1" elasticityCoef="1" ang="90,0,0" color="0,220,0" radius="0.5" length="4" />
		<capsule pos="-31.049999999999997,-38.5,22.999999999999993" vel="0,0,0" mass="1" elasticityCoef="1" ang="90,0,0" color="0,220,0" radius="0.5" length="4" />
		<capsule pos="-31.049999999999997,-38.5,25.300000000000004" vel="0,0,0" mass="1" elasticityCoef="1" ang="90,0,0" color="0,220,0" radius="0.5" length="4" />
		<capsule pos="-31.049999999999997,-38.5,27.6" vel="0,0,0" mass="1" elasticityCoef="1" ang="90,0,0" color="0,220,0" radius="0.5" length="4" />
		<capsule pos="-31.049999999999997,-38.5,29.9" vel="0,0,0" mass="1" elasticityCoef="1" ang="90,0,0" color="0,220,0" radius="0.5" length="4" />
		<capsule pos="-31.049999999999997,-38.5,32.199999999999996" vel="0,0,0" mass="1" elasticityCoef="1" ang="90,0,0" color="0,220,0" radius="0.5" length="4" />
		<capsule pos="-31.049999999999997,-38.5,34.49999999999999" vel="0,0,0" mass="1" elasticityCoef="1" ang="90,0,0" color="0,220,0" radius="0.5" length="4" />
		<capsule pos="-31.049999999999997,-38.5,36.800000000000004" vel="0,0,0" mass="1" elasticityCoef="1" ang="90,0,0" color="0,220,0" radius="0.5" length="4" />
		<capsule pos="-31.049999999999997,-38.5,39.1" vel="0,0,0" mass="1" elasticityCoef="1" ang="90,0,0" color="0,220,0" radius="0.5" length="4" />
		<capsule pos="-31.049999999999997,-38.5,41.4" vel="0,0,0" mass="1" elasticityCoef="1" ang="90,0,0" color="0,220,0" radius="0.5" length="4" />
		<capsule pos="-31.049999999999997,-33.0,-43.699999999999996" vel="0,0,0" mass="1" elasticityCoef="1" ang="90,0,0" color="0,220,0" radius="0.5" length="4" />
		<capsule pos="-31.049999999999997,-33.0,-41.4" vel="0,0,0" mass="1" elasticityCoef="1" ang="90,0,0" color="0,220,0" radius="0.5" length="4" />
		<capsule pos="-31.049999999999997,-33.0,-39.099999999999994" vel="0,0,0" mass="1" elasticityCoef="1" ang="90,0,0" color="0,220,0" radius="0.5" length="4" />
		<capsule pos="-31.049999999999997,-33.0,-36.8" vel="0,0,0" mass="1" elasticityCoef="1" ang="90,0,0" color="0,220,0" radius="0.5" length="4" />
		<capsule pos="-31.049999999999997,-33.0,-34.5" vel="0,0,0" mass="1" elasticityCoef="1" ang="90,0,0" color="0,220,0" radius="0.5" length="4" />
		<capsule pos="-31.049999999999997,-33.0,-32.199999999999996" vel="0,0,0" mass="1" elasticityCoef="1" ang="90,0,0" color="0,220,0" radius="0.5" length="4" />
		<capsule pos="-31.049999999999997,-33.0,-29.9" vel="0,0,0" mass="1" elasticityCoef="1" ang="90,0,0" color="0,220,0" radius="0.5" length="4" />
		<capsule pos="-31.049999999999997,-33.0,-27.599999999999998" vel="0,0,0" mass="1" elasticityCoef="1" ang="90,0,0" color="0,220,0" radius="0.5" length="4" />
		<capsule pos="-31.049999999999997,-33.0,-25.299999999999997" vel="0,0,0" mass="1" elasticityCoef="1" ang="90,0,0" color="0,220,0" radius="0.5" length="4" />
		<capsule pos="-31.049999999999997,-33.0,-22.999999999999996" vel="0,0,0" mass="1" elasticityCoef="1" ang="90,0,0" color="0,220,0" radius="0.5" length="4" />
		<capsule pos="-31.049999999999997,-33.0,-20.699999999999996" vel="0,0,0" mass="1" elasticityCoef="1" ang="90,0,0" color="0,220,0" radius="0.5" length="4" />
		<capsule pos="-31.049999999999997,-33.0,-18.4" vel="0,0,0" mass="1" elasticityCoef="1" ang="90,0,0" color="0,220,0" radius="0.5" length="4" />
		<capsule pos="-31.049999999999997,-33.0,-16.099999999999998" vel="0,0,0" mass="1" elasticityCoef="1" ang="90,0,0" color="0,220,0" radius="0.5" length="4" />
		<capsule pos="-31.049999999999997,-33.0,-13.799999999999997" vel="0,0,0" mass="1" elasticityCoef="1" ang="90,0,0" color="0,220,0" radius="0.5" length="4" />
		<capsule pos="-31.049999999999997,-33.0,-11.5" vel="0,0,0" mass="1" elasticityCoef="1" ang="90,0,0" color="0,220,0" radius="0.5" length="4" />
		<capsule pos="-31.049999999999997,-33.0,-9.199999999999996" vel="0,0,0" mass="1" elasticityCoef="1" ang="90,0,0" color="0,220,0" radius="0.5" length="4" />
		<capsule pos="-31.049999999999997,-33.0,-6.899999999999999" vel="0,0,0" mass="1" elasticityCoef="1" ang="90,0,0" color="0,220,0" radius="0.5" length="4" />
		<capsule pos="-31.049999999999997,-33.0,-4.600000000000001" vel="0,0,0" mass="1" elasticityCoef="1" ang="90,0,0" color="0,220,0" radius="0.5" length="4" />
		<capsule pos="-31.049999999999997,-33.0,-2.299999999999997" vel="0,0,0" mass="1" elasticityCoef="1" ang="90,0,0" color="0,220,0" radius="0.5" length="4" />
		<capsule pos="-31.049999999999997,-33.0,0.0" vel="0,0,0" mass="1" elasticityCoef="1" ang="90,0,0" color="0,220,0" radius="0.5" length="4" />
		<capsule pos="-31.049999999999997,-33.0,2.3000000000000043" vel="0,0,0" mass="1" elasticityCoef="1" ang="90,0,0" color="0,220,0" radius="0.5" length="4" />
		<capsule pos="-31.049999999999997,-33.0,4.600000000000001" vel="0,0,0" mass="1" elasticityCoef="1" ang="90,0,0" color="0,220,0" radius="0.5" length="4" />
		<capsule pos="-31.049999999999997,-33.0,6.899999999999999" vel="0,0,0" mass="1" elasticityCoef="1" ang="90,0,0" color="0,220,0" radius="0.5" length="4" />
		<capsule pos="-31.049999999999997,-33.0,9.200000000000003" vel="0,0,0" mass="1" elasticityCoef="1" ang="90,0,0" color="0,220,0" radius="0.5" length="4" />
		<capsule pos="-31.049999999999997,-33.0,11.5" vel="0,0,0" mass="1" elasticityCoef="1" ang="90,0,0" color="0,220,0" radius="0.5" length="4" />
		<capsule pos="-31.049999999999997,-33.0,13.799999999999997" vel="0,0,0" mass="1" elasticityCoef="1" ang="90,0,0" color="0,220,0" radius="0.5" length="4" />
		<capsule pos="-31.049999999999997,-33.0,16.1" vel="0,0,0" mass="1" elasticityCoef="1" ang="90,0,0" color="0,220,0" radius="0.5" length="4" />
		<capsule pos="-31.049999999999997,-33.0,18.4" vel="0,0,0" mass="1" elasticityCoef="1" ang="90,0,0" color="0,220,0" radius="0.5" length="4" />
		<capsule pos="-31.049999999999997,-33.0,20.699999999999996" vel="0,0,0" mass="1" elasticityCoef="1" ang="90,0,0" color="0,220,0" radius="0.5" length="4" />
		<capsule pos="-31.049999999999997,-33.0,22.999999999999993" vel="0,0,0" mass="1" elasticityCoef="1" ang="90,0,0" color="0,220,0" radius="0.5" length="4" />
		<capsule pos="-31.049999999999997,-33.0,25.300000000000004" vel="0,0,0" mass="1" elasticityCoef="1" ang="90,0,0" color="0,220,0" radius="0.5" length="4" />
		<capsule pos="-31.049999999999997,-33.0,27.6" vel="0,0,0" mass="1" elasticityCoef="1" ang="90,0,0" color="0,220,0" radius="0.5" length="4" />
		<capsule pos="-31.049999999999997,-33.0,29.9" vel="0,0,0" mass="1" elasticityCoef="1" ang="90,0,0" color="0,220,0" radius="0.5" length="4" />
		<capsule pos="-31.049999999999997,-33.0,32.199999999999996" vel="0,0,0" mass="1" elasticityCoef="1" ang="90,0,0" color="0,220,0" radius="0.5" length="4" />
		<capsule pos="-31.049999999999997,-33.0,34.49999999999999" vel="0,0,0" mass="1" elasticityCoef="1" ang="90,0,0" color="0,220,0" radius="0.5" length="4" />
		<capsule pos="-31.049999999999997,-33.0,36.800000000000004" vel="0,0,0" mass="1" elasticityCoef="1" ang="90,0,0" color="0,220,0" radius="0.5" length="4" />
		<capsule pos="-31.049999999999997,-33.0,39.1" vel="0,0,0" mass="1" elasticityCoef="1" ang="90,0,0" color="0,220,0" radius="0.5" length="4" />
		<capsule pos="-31.049999999999997,-33.0,41.4" vel="0,0,0" mass="1" elasticityCoef="1" ang="90,0,0" color="0,220,0" radius="0.5" length="4" />
		<capsule pos="-31.049999999999997,-27.5,-43.699999999999996" vel="0,0,0" mass="1" elasticityCoef="1" ang="90,0,0" color="0,220,0" radius="0.5" length="4" />
		<capsule pos="-31.049999999999997,-27.5,-41.4" vel="0,0,0" mass="1" elasticityCoef="1" ang="90,0,0" color="0,220,0" radius="0.5" length="4" />
		<capsule pos="-31.049999999999997,-27.5,-39.099999999999994" vel="0,0,0" mass="1" elasticityCoef="1" ang="90,0,0" color="0,220,0" radius="0.5" length="4" />
		<capsule pos="-31.049999999999997,-27.5,-36.8" vel="0,0,0" mass="1" elasticityCoef="1" ang="90,0,0" color="0,220,0" radius="0.5" length="4" />
		<capsule pos="-31.049999999999997,-27.5,-34.5" vel="0,0,0" mass="1" elasticityCoef="1" ang="90,0,0" color="0,220,0" radius="0.5" length="4" />
		<capsule pos="-31.049999999999997,-27.5,-32.199999999999996" vel="0,0,0" mass="1" elasticityCoef="1" ang="90,0,0" color="0,220,0" radius="0.5" length="4" />
		<capsule pos="-31.049999999999997,-27.5,-29.9" vel="0,0,0" mass="1" elasticityCoef="1" ang="90,0,0" color="0,220,0" radius="0.5" length="4" />
		<capsule pos="-31.049999999999997,-27.5,-27.599999999999998" vel="0,0,0" mass="1" elasticityCoef="1" ang="90,0,0" color="0,220,0" radius="0.5" length="4" />
		<capsule pos="-31.049999999999997,-27.5,-25.299999999999997" vel="0,0,0" mass="1" elasticityCoef="1" ang="90,0,0" color="0,220,0" radius="0.5" length="4" />
		<capsule pos="-31.049999999999997,-27.5,-22.999999999999996" vel="0,0,0" mass="1" elasticityCoef="1" ang="90,0,0" color="0,220,0" radius="0.5" length="4" />
		<capsule pos="-31.049999999999997,-27.5,-20.699999999999996" vel="0,0,0" mass="1" elasticityCoef="1" ang="90,0,0" color="0,220,0" radius="0.5" length="4" />
		<capsule pos="-31.049999999999997,-27.5,-18.4" vel="0,0,0" mass="1" elasticityCoef="1" ang="90,0,0" color="0,220,0" radius="0.5" length="4" />
		<capsule pos="-31.049999999999997,-27.5,-16.099999999999998" vel="0,0,0" mass="1" elasticityCoef="1" ang="90,0,0" color="0,220,0" radius="0.5" length="4" />
		<capsule pos="-31.049999999999997,-27.5,-13.799999999999997" vel="0,0,0" mass="1" elasticityCoef="1" ang="90,0,0" color="0,220,0" radius="0.5" length="4" />
		<capsule pos="-31.049999999999997,-27.5,-11.5" vel="0,0,0" mass="1" elasticityCoef="1" ang="90,0,0" color="0,220,0" radius="0.5" length="4" />
		<capsule pos="-31.049999999999997,-27.5,-9.199999999999996" vel="0,0,0" mass="1" elasticityCoef="1" ang="90,0,0" color="0,220,0" radius="0.5" length="4" />
		<capsule pos="-31.049999999999997,-27.5,-6.899999999999999" vel="0,0,0" mass="1" elasticityCoef="1" ang="90,0,0" color="0,220,0" radius="0.5" length="4" />
		<capsule pos="-31.049999999999997,-27.5,-4.600000000000001" vel="0,0,0" mass="1" elasticityCoef="1" ang="90,0,0" color="0,220,0" radius="0.5" length="4" />
		<capsule pos="-31.049999999999997,-27.5,-2.299999999999997" vel="0,0,0" mass="1" elasticityCoef="1" ang="90,0,0" color="0,220,0" radius="0.5" length="4" />
		<capsule pos="-31.049999999999997,-27.5,0.0" vel="0,0,0" mass="1" elasticityCoef="1" ang="90,0,0" color="0,220,0" radius="0.5" length="4" />
		<capsule pos="-31.049999999999997,-27.5,2.3000000000000043" vel="0,0,0" mass="1" elasticityCoef="1" ang="90,0,0" color="0,220,0" radius="0.5" length="4" />
		<capsule pos="-31.049999999999997,-27.5,4.600000000000001" vel="0,0,0" mass="1" elasticityCoef="1" ang="90,0,0" color="0,220,0" radius="0.5" length="4" />
		<capsule pos="-31.049999999999997,-27.5,6.899999999999999" vel="0,0,0" mass="1" elasticityCoef="1" ang="90,0,0" color="0,220,0" radius="0.5" length="4" />
		<capsule pos="-31.049999999999997,-27.5,9.200000000000003" vel="0,0,0" mass="1" elasticityCoef="1" ang="90,0,0" color="0,220,0" radius="0.5" length="4" />
		<capsule pos="-31.049999999999997,-27.5,11.5" vel="0,0,0" mass="1" elasticityCoef="1" ang="90,0,0" color="0,220,0" radius="0.5" length="4" />
		<capsule pos="-31.049999999999997,-27.5,13.799999999999997" vel="0,0,0" mass="1" elasticityCoef="1" ang="90,0,0" color="0,220,0" radius="0.5" length="4" />
		<capsule pos="-31.049999999999997,-27.5,16.1" vel="0,0,0" mass="1" elasticityCoef="1" ang="90,0,0" color="0,220,0" radius="0.5" length="4" />
		<capsule pos="-31.049999999999997,-27.5,18.4" vel="0,0,0" mass="1" elasticityCoef="1" ang="90,0,0" color="0,220,0" radius="0.5" length="4" />
		<capsule pos="-31.049999999999997,-27.5,20.699999999999996" vel="0,0,0" mass="1" elasticityCoef="1" ang="90,0,0" color="0,220,0" radius="0.5" length="4" />
		<capsule pos="-31.049999999999997,-27.5,22.999999999999993" vel="0,0,0" mass="1" elasticityCoef="1" ang="90,0,0" color="0,220,0" radius="0.5" length="4" />
		<capsule pos="-31.049999999999997,-27.5,25.300000000000004" vel="0,0,0" mass="1" elasticityCoef="1" ang="90,0,0" color="0,220,0" radius="0.5" length="4" />
		<capsule pos="-31.049999999999997,-27.5,27.6" vel="0,0,0" mass="1" elasticityCoef="1" ang="90,0,0" color="0,220,0" radius="0.5" length="4" />
		<capsule pos="-31.049999999999997,-27.5,29.9" vel="0,0,0" mass="1" elasticityCoef="1" ang="90,0,0" color="0,220,0" radius="0.5" length="4" />
		<capsule pos="-31.049999999999997,-27.5,32.199999999999996" vel="0,0,0" mass="1" elasticityCoef="1" ang="90,0,0" color="0,220,0" radius="0.5" length="4" />
		<capsule pos="-31.049999999999997,-27.5,34.49999999999999" vel="0,0,0" mass="1" elasticityCoef="1" ang="90,0,0" color="0,220,0" radius="0.5" length="4" />
		<capsule pos="-31.049999999999997,-27.5,36.800000000000004" vel="0,0,0" mass="1" elasticityCoef="1" ang="90,0,0" color="0,220,0" radius="0.5" length="4" />
		<capsule pos="-31.049999999999997,-27.5,39.1" vel="0,0,0" mass="1" elasticityCoef="1" ang="90,0,0" color="0,220,0" radius="0.5" length="4" />
		<capsule pos="-31.049999999999997,-27.5,41.4" vel="0,0,0" mass="1" elasticityCoef="1" ang="90,0,0" color="0,220,0" radius="0.5" length="4" />
		<capsule pos="-31.049999999999997,-22.0,-43.699999999999996" vel="0,0,0" mass="1" elasticityCoef="1" ang="90,0,0" color="0,220,0" radius="0.5" length="4" />
		<capsule pos="-31.049999999999997,-22.0,-41.4" vel="0,0,0" mass="1" elasticityCoef="1" ang="90,0,0" color="0,220,0" radius="0.5" length="4" />
		<capsule pos="-31.049999999999997,-22.0,-39.099999999999994" vel="0,0,0" mass="1" elasticityCoef="1" ang="90,0,0" color="0,220,0" radius="0.5" length="4" />
		<capsule pos="-31.049999999999997,-22.0,-36.8" vel="0,0,0" mass="1" elasticityCoef="1" ang="90,0,0" color="0,220,0" radius="0.5" length="4" />
		<capsule pos="-31.049999999999997,-22.0,-34.5" vel="0,0,0" mass="1" elasticityCoef="1" ang="90,0,0" color="0,220,0" radius="0.5" length="4" />
		<capsule pos="-31.049999999999997,-22.0,-32.199999999999996" vel="0,0,0" mass="1" elasticityCoef="1" ang="90,0,0" color="0,220,0" radius="0.5" length="4" />
		<capsule pos="-31.049999999999997,-22.0,-29.9" vel="0,0,0" mass="1" elasticityCoef="1" ang="90,0,0" color="0,220,0" radius="0.5" length="4" />
		<capsule pos="-31.049999999999997,-22.0,-27.599999999999998" vel="0,0,0" mass="1" elasticityCoef="1" ang="90,0,0" color="0,220,0" radius="0.5" length="4" />
		<capsule pos="-31.049999999999997,-22.0,-25.299999999999997" vel="0,0,0" mass="1" elasticityCoef="1" ang="90,0,0" color="0,220,0" radius="0.5" length="4" />
		<capsule pos="-31.049999999999997,-22.0,-22.999999999999996" vel="0,0,0" mass="1" elasticityCoef="1" ang="90,0,0" color="0,220,0" radius="0.5" length="4" />
		<capsule pos="-31.049999999999997,-22.0,-20.699999999999996" vel="0,0,0" mass="1" elasticityCoef="1" ang="90,0,0" color="0,220,0" radius="0.5" length="4" />
		<capsule pos="-31.049999999999997,-22.0,-18.4" vel="0,0,0" mass="1" elasticityCoef="1" ang="90,0,0" color="0,220,0" radius="0.5" length="4" />
		<capsule pos="-31.049999999999997,-22.0,-16.099999999999998" vel="0,0,0" mass="1" elasticityCoef="1" ang="90,0,0" color="0,220,0" radius="0.5" length="4" />
		<capsule pos="-31.049999999999997,-22.0,-13.799999999999997" vel="0,0,0" mass="1" elasticityCoef="1" ang="90,0,0" color="0,220,0" radius="0.5" length="4" />
		<capsule pos="-31.049999999999997,-22.0,-11.5" vel="0,0,0" mass="1" elasticityCoef="1" ang="90,0,0" color="0,220,0" radius="0.5" length="4" />
		<capsule pos="-31.049999999999997,-22.0,-9.199999999999996" vel="0,0,0" mass="1" elasticityCoef="1" ang="90,0,0" color="0,220,0" radius="0.5" length="4" />
		<capsule pos="-31.049999999999997,-22.0,-6.899999999999999" vel="0,0,0" mass="1" elasticityCoef="1" ang="90,0,0" color="0,220,0" radius="0.5" length="4" />
		<capsule pos="-31.049999999999997,-22.0,-4.600000000000001" vel="0,0,0" mass="1" elasticityCoef="1" ang="90,0,0" color="0,220,0" radius="0.5" length="4" />
		<capsule pos="-31.049999999999997,-22.0,-2.299999999999997" vel="0,0,0" mass="1" elasticityCoef="1" ang="90,0,0" color="0,220,0" radius="0.5" length="4" />
		<capsule pos="-31.049999999999997,-22.0,0.0" vel="0,0,0" mass="1" elasticityCoef="1" ang="90,0,0" color="0,220,0" radius="0.5" length="4" />
		<capsule pos="-31.049999999999997,-22.0,2.3000000000000043" vel="0,0,0" mass="1" elasticityCoef="1" ang="90,0,0" color="0,220,0" radius="0.5" length="4" />
		<capsule pos="-31.049999999999997,-22.0,4.600000000000001" vel="0,0,0" mass="1" elasticityCoef="1" ang="90,0,0" color="0,220,0" radius="0.5" length="4" />
		<capsule pos="-31.049999999999997,-22.0,6.899999999999999" vel="0,0,0" mass="1" elasticityCoef="1" ang="90,0,0" color="0,220,0" radius="0.5" length="4" />
		<capsule pos="-31.049999999999997,-22.0,9.200000000000003" vel="0,0,0" mass="1" elasticityCoef="1" ang="90,0,0" color="0,220,0" radius="0.5" length="4" />
		<capsule pos="-31.049999999999997,-22.0,11.5" vel="0,0,0" mass="1" elasticityCoef="1" ang="90,0,0" color="0,220,0" radius="0.5" length="4" />
		<capsule pos="-31.049999999999997,-22.0,13.799999999999997" vel="0,0,0" mass="1" elasticityCoef="1" ang="90,0,0" color="0,220,0" radius="0.5" length="4" />
		<capsule pos="-31.049999999999997,-22.0,16.1" vel="0,0,0" mass="1" elasticityCoef="1" ang="90,0,0" color="0,220,0" radius="0.5" length="4" />
		<capsule pos="-31.049999999999997,-22.0,18.4" vel="0,0,0" mass="1" elasticityCoef="1" ang="90,0,0" color="0,220,0" radius="0.5" length="4" />
		<capsule pos="-31.049999999999997,-22.0,20.699999999999996" vel="0,0,0" mass="1" elasticityCoef="1" ang="90,0,0" color="0,220,0" radius="0.5" length="4" />
		<capsule pos="-31.049999999999997,-22.0,22.999999999999993" vel="0,0,0" mass="1" elasticityCoef="1" ang="90,0,0" color="0,220,0" radius="0.5" length="4" />
		<capsule pos="-31.049999999999997,-22.0,25.300000000000004" vel="0,0,0" mass="1" elasticityCoef="1" ang="90,0,0" color="0,220,0" radius="0.5" length="4" />
		<capsule pos="-31.049999999999997,-22.0,27.6" vel="0,0,0" mass="1" elasticityCoef="1" ang="90,0,0" color="0,220,0" radius="0.5" length="4" />
		<capsule pos="-31.049999999999997,-22.0,29.9" vel="0,0,0" mass="1" elasticityCoef="1" ang="90,0,0" color="0,220,0" radius="0.5" length="4" />
		<capsule pos="-31.049999999999997,-22.0,32.199999999999996" vel="0,0,0" mass="1" elasticityCoef="1" ang="90,0,0" color="0,220,0" radius="0.5" length="4" />
		<capsule pos="-31.049999999999997,-22.0,34.49999999999999" vel="0,0,0" mass="1" elasticityCoef="1" ang="90,0,0" color="0,220,0" radius="0.5" length="4" />
		<capsule pos="-31.049999999999997,-22.0,36.800000000000004" vel="0,0,0" mass="1" elasticityCoef="1" ang="90,0,0" color="0,220,0" radius="0.5" length="4" />
		<capsule pos="-31.049999999999997,-22.0,39.1" vel="0,0,0" mass="1" elasticityCoef="1" ang="90,0,0" color="0,220,0" radius="0.5" length="4" />
		<capsule pos="-31.049999999999997,-22.0,41.4" vel="0,0,0" mass="1" elasticityCoef="1" ang="90,0,0" color="0,220,0" radius="0.5" length="4" />
		<capsule pos="-31.049999999999997,-16.5,-43.699999999999996" vel="0,0,0" mass="1" elasticityCoef="1" ang="90,0,0" color="0,220,0" radius="0.5" length="4" />
		<capsule pos="-31.049999999999997,-16.5,-41.4" vel="0,0,0" mass="1" elasticityCoef="1" ang="90,0,0" color="0,220,0" radius="0.5" length="4" />
		<capsule pos="-31.049999999999997,-16.5,-39.099999999999994" vel="0,0,0" mass="1" elasticityCoef="1" ang="90,0,0" color="0,220,0" radius="0.5" length="4" />
		<capsule pos="-31.049999999999997,-16.5,-36.8" vel="0,0,0" mass="1" elasticityCoef="1" ang="90,0,0" color="0,220,0" radius="0.5" length="4" />
		<capsule pos="-31.049999999999997,-16.5,-34.5" vel="0,0,0" mass="1" elasticityCoef="1" ang="90,0,0" color="0,220,0" radius="0.5" length="4" />
		<capsule pos="-31.049999999999997,-16.5,-32.199999999999996" vel="0,0,0" mass="1" elasticityCoef="1" ang="90,0,0" color="0,220,0" radius="0.5" length="4" />
		<capsule pos="-31.049999999999997,-16.5,-29.9" vel="0,0,0" mass="1" elasticityCoef="1" ang="90,0,0" color="0,220,0" radius="0.5" length="4" />
		<capsule pos="-31.049999999999997,-16.5,-27.599999999999998" vel="0,0,0" mass="1" elasticityCoef="1" ang="90,0,0" color="0,220,0" radius="0.5" length="4" />
		<capsule pos="-31.049999999999997,-16.5,-25.299999999999997" vel="0,0,0" mass="1" elasticityCoef="1" ang="90,0,0" color="0,220,0" radius="0.5" length="4" />
		<capsule pos="-31.049999999999997,-16.5,-22.999999999999996" vel="0,0,0" mass="1" elasticityCoef="1" ang="90,0,0" color="0,220,0" radius="0.5" length="4" />
		<capsule pos="-31.049999999999997,-16.5,-20.699999999999996" vel="0,0,0" mass="1" elasticityCoef="1" ang="90,0,0" color="0,220,0" radius="0.5" length="4" />
		<capsule pos="-31.049999999999997,-16.5,-18.4" vel="0,0,0" mass="1" elasticityCoef="1" ang="90,0,0" color="0,220,0" radius="0.5" length="4" />
		<capsule pos="-31.049999999999997,-16.5,-16.099999999999998" vel="0,0,0" mass="1" elasticityCoef="1" ang="90,0,0" color="0,220,0" radius="0.5" length="4" />
		<capsule pos="-31.049999999999997,-16.5,-13.799999999999997" vel="0,0,0" mass="1" elasticityCoef="1" ang="90,0,0" color="0,220,0" radius="0.5" length="4" />
		<capsule pos="-31.049999999999997,-16.5,-11.5" vel="0,0,0" mass="1" elasticityCoef="1" ang="90,0,0" color="0,220,0" radius="0.5" length="4" />
		<capsule pos="-31.049999999999997,-16.5,-9.199999999999996" vel="0,0,0" mass="1" elasticityCoef="1" ang="90,0,0" color="0,220,0" radius="0.5" length="4" />
		<capsule pos="-31.049999999999997,-16.5,-6.899999999999999" vel="0,0,0" mass="1" elasticityCoef="1" ang="90,0,0" color="0,220,0" radius="0.5" length="4" />
		<capsule pos="-31.049999999999997,-16.5,-4.600000000000001" vel="0,0,0" mass="1" elasticityCoef="1" ang="90,0,0" color="0,220,0" radius="0.5" length="4" />
		<capsule pos="-31.049999999999997,-16.5,-2.299999999999997" vel="0,0,0" mass="1" elasticityCoef="1" ang="90,0,0" color="0,220,0" radius="0.5" length="4" />
		<capsule pos="-31.049999999999997,-16.5,0.0" vel="0,0,0" mass="1" elasticityCoef="1" ang="90,0,0" color="0,220,0" radius="0.5" length="4" />
		<capsule pos="-31.049999999999997,-16.5,2.3000000000000043" vel="0,0,0" mass="1" elasticityCoef="1" ang="90,0,0" color="0,220,0" radius="0.5" length="4" />
		<capsule pos="-31.049999999999997,-16.5,4.600000000000001" vel="0,0,0" mass="1" elasticityCoef="1" ang="90,0,0" color="0,220,0" radius="0.5" length="4" />
		<capsule pos="-31.049999999999997,-16.5,6.899999999999999" vel="0,0,0" mass="1" elasticityCoef="1" ang="90,0,0" color="0,220,0" radius="0.5" length="4" />
		<capsule pos="-31.049999999999997,-16.5,9.200000000000003" vel="0,0,0" mass="1" elasticityCoef="1" ang="90,0,0" color="0,220,0" radius="0.5" length="4" />
		<capsule pos="-31.049999999999997,-16.5,11.5" vel="0,0,0" mass="1" elasticityCoef="1" ang="90,0,0" color="0,220,0" radius="0.5" length="4" />
		<capsule pos="-31.049999999999997,-16.5,13.799999999999997" vel="0,0,0" mass="1" elasticityCoef="1" ang="90,0,0" color="0,220,0" radius="0.5" length="4" />
		<capsule pos="-31.049999999999997,-16.5,16.1" vel="0,0,0" mass="1" elasticityCoef="1" ang="90,0,0" color="0,220,0" radius="0.5" length="4" />
		<capsule pos="-31.049999999999997,-16.5,18.4" vel="0,0,0" mass="1" elasticityCoef="1" ang="90,0,0" color="0,220,0" radius="0.5" length="4" />
		<capsule pos="-31.049999999999997,-16.5,20.699999999999996" vel="0,0,0" mass="1" elasticityCoef="1" ang="90,0,0" color="0,220,0" radius="0.5" length="4" />
		<capsule pos="-31.049999999999997,-16.5,22.999999999999993" vel="0,0,0" mass="1" elasticityCoef="1" ang="90,0,0" color="0,220,0" radius="0.5" length="4" />
		<capsule pos="-31.049999999999997,-16.5,25.300000000000004" vel="0,0,0" mass="1" elasticityCoef="1" ang="90,0,0" color="0,220,0" radius="0.5" length="4" />
		<capsule pos="-31.049999999999997,-16.5,27.6" vel="0,0,0" mass="1" elasticityCoef="1" ang="90,0,0" color="0,220,0" radius="0.5" length="4" />
		<capsule pos="-31.049999999999997,-16.5,29.9" vel="0,0,0" mass="1" elasticityCoef="1" ang="90,0,0" color="0,220,0" radius="0.5" length="4" />
		<capsule pos="-31.049999999999997,-16.5,32.199999999999996" vel="0,0,0" mass="1" elasticityCoef="1" ang="90,0,0" color="0,220,0" radius="0.5" length="4" />
		<capsule pos="-31.049999999999997,-16.5,34.49999999999999" vel="0,0,0" mass="1" elasticityCoef="1" ang="90,0,0" color="0,220,0" radius="0.5" length="4" />
		<capsule pos="-31.049999999999997,-16.5,36.800000000000004" vel="0,0,0" mass="1" elasticityCoef="1" ang="90,0,0" color="0,220,0" radius="0.5" length="4" />
		<capsule pos="-31.049999999999997,-16.5,39.1" vel="0,0,0" mass="1" elasticityCoef="1" ang="90,0,0" color="0,220,0" radius="0.5" length="4" />
		<capsule pos="-31.049999999999997,-16.5,41.4" vel="0,0,0" mass="1" elasticityCoef="1" ang="90,0,0" color="0,220,0" radius="0.5" length="4" />
		<capsule pos="-31.049999999999997,-11.0,-43.699999999999996" vel="0,0,0" mass="1" elasticityCoef="1" ang="90,0,0" color="0,220,0" radius="0.5" length="4" />
		<capsule pos="-31.049999999999997,-11.0,-41.4" vel="0,0,0" mass="1" elasticityCoef="1" ang="90,0,0" color="0,220,0" radius="0.5" length="4" />
		<capsule pos="-31.049999999999997,-11.0,-39.099999999999994" vel="0,0,0" mass="1" elasticityCoef="1" ang="90,0,0" color="0,220,0" radius="0.5" length="4" />
		<capsule pos="-31.049999999999997,-11.0,-36.8" vel="0,0,0" mass="1" elasticityCoef="1" ang="90,0,0" color="0,220,0" radius="0.5" length="4" />
		<capsule pos="-31.049999999999997,-11.0,-34.5" vel="0,0,0" mass="1" elasticityCoef="1" ang="90,0,0" color="0,220,0" radius="0.5" length="4" />
		<capsule pos="-31.049999999999997,-11.0,-32.199999999999996" vel="0,0,0" mass="1" elasticityCoef="1" ang="90,0,0" color="0,220,0" radius="0.5" length="4" />
		<capsule pos="-31.049999999999997,-11.0,-29.9" vel="0,0,0" mass="1" elasticityCoef="1" ang="90,0,0" color="0,220,0" radius="0.5" length="4" />
		<capsule pos="-31.049999999999997,-11.0,-27.599999999999998" vel="0,0,0" mass="1" elasticityCoef="1" ang="90,0,0" color="0,220,0" radius="0.5" length="4" />
		<capsule pos="-31.049999999999997,-11.0,-25.299999999999997" vel="0,0,0" mass="1" elasticityCoef="1" ang="90,0,0" color="0,220,0" radius="0.5" length="4" />
		<capsule pos="-31.049999999999997,-11.0,-22.999999999999996" vel="0,0,0" mass="1" elasticityCoef="1" ang="90,0,0" color="0,220,0" radius="0.5" length="4" />
		<capsule pos="-31.049999999999997,-11.0,-20.699999999999996" vel="0,0,0" mass="1" elasticityCoef="1" ang="90,0,0" color="0,220,0" radius="0.5" length="4" />
		<capsule pos="-31.049999999999997,-11.0,-18.4" vel="0,0,0" mass="1" elasticityCoef="1" ang="90,0,0" color="0,220,0" radius="0.5" length="4" />
		<capsule pos="-31.049999999999997,-11.0,-16.099999999999998" vel="0,0,0" mass="1" elasticityCoef="1" ang="90,0,0" color="0,220,0" radius="0.5" length="4" />
		<capsule pos="-31.049999999999997,-11.0,-13.799999999999997" vel="0,0,0" mass="1" elasticityCoef="1" ang="90,0,0" color="0,220,0" radius="0.5" length="4" />
		<capsule pos="-31.049999999999997,-11.0,-11.5" vel="0,0,0" mass="1" elasticityCoef="1" ang="90,0,0" color="0,220,0" radius="0.5" length="4" />
		<capsule pos="-31.049999999999997,-11.0,-9.199999999999996" vel="0,0,0" mass="1" elasticityCoef="1" ang="90,0,0" color="0,220,0" radius="0.5" length="4" />
		<capsule pos="-31.049999999999997,-11.0,-6.899999999999999" vel="0,0,0" mass="1" elasticityCoef="1" ang="90,0,0" color="0,220,0" radius="0.5" length="4" />
		<capsule pos="-31.049999999999997,-11.0,-4.600000000000001" vel="0,0,0" mass="1" elasticityCoef="1" ang="90,0,0" color="0,220,0" radius="0.5" length="4" />
		<capsule pos="-31.049999999999997,-11.0,-2.299999999999997" vel="0,0,0" mass="1" elasticityCoef="1" ang="90,0,0" color="0,220,0" radius="0.5" length="4" />
		<capsule pos="-31.049999999999997,-11.0,0.0" vel="0,0,0" mass="1" elasticityCoef="1" ang="90,0,0" color="0,220,0" radius="0.5" length="4" />
		<capsule pos="-31.049999999999997,-11.0,2.3000000000000043" vel="0,0,0" mass="1" elasticityCoef="1" ang="90,0,0" color="0,220,0" radius="0.5" length="4" />
		<capsule pos="-31.049999999999997,-11.0,4.600000000000001" vel="0,0,0" mass="1" elasticityCoef="1" ang="90,0,0" color="0,220,0" radius="0.5" length="4" />
		<capsule pos="-31.049999999999997,-11.0,6.899999999999999" vel="0,0,0" mass="1" elasticityCoef="1" ang="90,0,0" color="0,220,0" radius="0.5" length="4" />
		<capsule pos="-31.049999999999997,-11.0,9.200000000000003" vel="0,0,0" mass="1" elasticityCoef="1" ang="90,0,0" color="0,220,0" radius="0.5" length="4" />
		<capsule pos="-31.049999999999997,-11.0,11.5" vel="0,0,0" mass="1" elasticityCoef="1" ang="90,0,0" color="0,220,0" radius="0.5" length="4" />
		<capsule pos="-31.049999999999997,-11.0,13.799999999999997" vel="0,0,0" mass="1" elasticityCoef="1" ang="90,0,0" color="0,220,0" radius="0.5" length="4" />
		<capsule pos="-31.049999999999997,-11.0,16.1" vel="0,0,0" mass="1" elasticityCoef="1" ang="90,0,0" color="0,220,0" radius="0.5" length="4" />
		<capsule pos="-31.049999999999997,-11.0,18.4" vel="0,0,0" mass="1" elasticityCoef="1" ang="90,0,0" color="0,220,0" radius="0.5" length="4" />
		<capsule pos="-31.049999999999997,-11.0,20.699999999999996" vel="0,0,0" mass="1" elasticityCoef="1" ang="90,0,0" color="0,220,0" radius="0.5" length="4" />
		<capsule pos="-31.049999999999997,-11.0,22.999999999999993" vel="0,0,0" mass="1" elasticityCoef="1" ang="90,0,0" color="0,220,0" radius="0.5" length="4" />
		<capsule pos="-31.049999999999997,-11.0,25.300000000000004" vel="0,0,0" mass="1" elasticityCoef="1" ang="90,0,0" color="0,220,0" radius="0.5" length="4" />
		<capsule pos="-31.049999999999997,-11.0,27.6" vel="0,0,0" mass="1" elasticityCoef="1" ang="90,0,0" color="0,220,0" radius="0.5" length="4" />
		<capsule pos="-31.049999999999997,-11.0,29.9" vel="0,0,0" mass="1" elasticityCoef="1" ang="90,0,0" color="0,220,0" radius="0.5" length="4" />
		<capsule pos="-31.049999999999997,-11.0,32.199999999999996" vel="0,0,0" mass="1" elasticityCoef="1" ang="90,0,0" color="0,220,0" radius="0.5" length="4" />
		<capsule pos="-31.049999999999997,-11.0,34.49999999999999" vel="0,0,0" mass="1" elasticityCoef="1" ang="90,0,0" color="0,220,0" radius="0.5" length="4" />
		<capsule pos="-31.049999999999997,-11.0,36.800000000000004" vel="0,0,0" mass="1" elasticityCoef="1" ang="90,0,0" color="0,220,0" radius="0.5" length="4" />
		<capsule pos="-31.049999999999997,-11.0,39.1" vel="0,0,0" mass="1" elasticityCoef="1" ang="90,0,0" color="0,220,0" radius="0.5" length="4" />
		<capsule pos="-31.049999999999997,-11.0,41.4" vel="0,0,0" mass="1" elasticityCoef="1" ang="90,0,0" color="0,220,0" radius="0.5" length="4" />
		<capsule pos="-31.049999999999997,-5.5,-43.699999999999996" vel="0,0,0" mass="1" elasticityCoef="1" ang="90,0,0" color="0,220,0" radius="0.5" length="4" />
		<capsule pos="-31.049999999999997,-5.5,-41.4" vel="0,0,0" mass="1" elasticityCoef="1" ang="90,0,0" color="0,220,0" radius="0.5" length="4" />
		<capsule pos="-31.049999999999997,-5.5,-39.099999999999994" vel="0,0,0" mass="1" elasticityCoef="1" ang="90,0,0" color="0,220,0" radius="0.5" length="4" />
		<capsule pos="-31.049999999999997,-5.5,-36.8" vel="0,0,0" mass="1" elasticityCoef="1" ang="90,0,0" color="0,220,0" radius="0.5" length="4" />
		<capsule pos="-31.049999999999997,-5.5,-34.5" vel="0,0,0" mass="1" elasticityCoef="1" ang="90,0,0" color="0,220,0" radius="0.5" length="4" />
		<capsule pos="-31.049999999999997,-5.5,-32.199999999999996" vel="0,0,0" mass="1" elasticityCoef="1" ang="90,0,0" color="0,220,0" radius="0.5" length="4" />
		<capsule pos="-31.049999999999997,-5.5,-29.9" vel="0,0,0" mass="1" elasticityCoef="1" ang="90,0,0" color="0,220,0" radius="0.5" length="4" />
		<capsule pos="-31.049999999999997,-5.5,-27.599999999999998" vel="0,0,0" mass="1" elasticityCoef="1" ang="90,0,0" color="0,220,0" radius="0.5" length="4" />
		<capsule pos="-31.049999999999997,-5.5,-25.299999999999997" vel="0,0,0" mass="1" elasticityCoef="1" ang="90,0,0" color="0,220,0" radius="0.5" length="4" />
		<capsule pos="-31.049999999999997,-5.5,-22.999999999999996" vel="0,0,0" mass="1" elasticityCoef="1" ang="90,0,0" color="0,220,0" radius="0.5" length="4" />
		<capsule pos="-31.049999999999997,-5.5,-20.699999999999996" vel="0,0,0" mass="1" elasticityCoef="1" ang="90,0,0" color="0,220,0" radius="0.5" length="4" />
		<capsule pos="-31.049999999999997,-5.5,-18.4" vel="0,0,0" mass="1" elasticityCoef="1" ang="90,0,0" color="0,220,0" radius="0.5" length="4" />
		<capsule pos="-31.049999999999997,-5.5,-16.099999999999998" vel="0,0,0" mass="1" elasticityCoef="1" ang="90,0,0" color="0,220,0" radius="0.5" length="4" />
		<capsule pos="-31.049999999999997,-5.5,-13.799999999999997" vel="0,0,0" mass="1" elasticityCoef="1" ang="90,0,0" color="0,220,0" radius="0.5" length="4" />
		<capsule pos="-31.049999999999997,-5.5,-11.5" vel="0,0,0" mass="1" elasticityCoef="1" ang="90,0,0" color="0,220,0" radius="0.5" length="4" />
		<capsule pos="-31.049999999999997,-5.5,-9.199999999999996" vel="0,0,0" mass="1" elasticityCoef="1" ang="90,0,0" color="0,220,0" radius="0.5" length="4" />
		<capsule pos="-31.049999999999997,-5.5,-6.899999999999999" vel="0,0,0" mass="1" elasticityCoef="1" ang="90,0,0" color="0,220,0" radius="0.5" length="4" />
		<capsule pos="-31.049999999999997,-5.5,-4.600000000000001" vel="0,0,0" mass="1" elasticityCoef="1" ang="90,0,0" color="0,220,0" radius="0.5" length="4" />
		<capsule pos="-31.049999999999997,-5.5,-2.299999999999997" vel="0,0,0" mass="1" elasticityCoef="1" ang="90,0,0" color="0,220,0" radius="0.5" length="4" />
		<capsule pos="-31.049999999999997,-5.5,0.0" vel="0,0,0" mass="1" elasticityCoef="1" ang="90,0,0" color="0,220,0" radius="0.5" length="4" />
		<capsule pos="-31.049999999999997,-5.5,2.3000000000000043" vel="0,0,0" mass="1" elasticityCoef="1" ang="90,0,0" color="0,220,0" radius="0.5" length="4" />
		<capsule pos="-31.049999999999997,-5.5,4.600000000000001" vel="0,0,0" mass="1" elasticityCoef="1" ang="90,0,0" color="0,220,0" radius="0.5" length="4" />
		<capsule pos="-31.049999999999997,-5.5,6.899999999999999" vel="0,0,0" mass="1" elasticityCoef="1" ang="90,0,0" color="0,220,0" radius="0.5" length="4" />
		<capsule pos="-31.049999999999997,-5.5,9.200000000000003" vel="0,0,0" mass="1" elasticityCoef="1" ang="90,0,0" color="0,220,0" radius="0.5" length="4" />
		<capsule pos="-31.049999999999997,-5.5,11.5" vel="0,0,0" mass="1" elasticityCoef="1" ang="90,0,0" color="0,220,0" radius="0.5" length="4" />
		<capsule pos="-31.049999999999997,-5.5,13.799999999999997" vel="0,0,0" mass="1" elasticityCoef="1" ang="90,0,0" color="0,220,0" radius="0.5" length="4" />
		<capsule pos="-31.049999999999997,-5.5,16.1" vel="0,0,0" mass="1" elasticityCoef="1" ang="90,0,0" color="0,220,0" radius="0.5" length="4" />
		<capsule pos="-31.049999999999997,-5.5,18.4" vel="0,0,0" mass="1" elasticityCoef="1" ang="90,0,0" color="0,220,0" radius="0.5" length="4" />
		<capsule pos="-31.049999999999997,-5.5,20.699999999999996" vel="0,0,0" mass="1" elasticityCoef="1" ang="90,0,0" color="0,220,0" radius="0.5" length="4" />
		<capsule pos="-31.049999999999997,-5.5,22.999999999999993" vel="0,0,0" mass="1" elasticityCoef="1" ang="90,0,0" color="0,220,0" radius="0.5" length="4" />
		<capsule pos="-31.049999999999997,-5.5,25.300000000000004" vel="0,0,0" mass="1" elasticityCoef="1" ang="90,0,0" color="0,220,0" radius="0.5" length="4" />
		<capsule pos="-31.049999999999997,-5.5,27.6" vel="0,0,0" mass="1" elasticityCoef="1" ang="90,0,0" color="0,220,0" radius="0.5" length="4" />
		<capsule pos="-31.049999999999997,-5.5,29.9" vel="0,0,0" mass="1" elasticityCoef="1" ang="90,0,0" color="0,220,0" radius="0.5" length="4" />
		<capsule pos="-31.049999999999997,-5.5,32.199999999999996" vel="0,0,0" mass="1" elasticityCoef="1" ang="90,0,0" color="0,220,0" radius="0.5" length="4" />
		<capsule pos="-31.049999999999997,-5.5,34.49999999999999" vel="0,0,0" mass="1" elasticityCoef="1" ang="90,0,0" color="0,220,0" radius="0.5" length="4" />
		<capsule pos="-31.049999999999997,-5.5,36.800000000000004" vel="0,0,0" mass="1" elasticityCoef="1" ang="90,0,0" color="0,220,0" radius="0.5" length="4" />
		<capsule pos="-31.049999999999997,-5.5,39.1" vel="0,0,0" mass="1" elasticityCoef="1" ang="90,0,0" color="0,220,0" radius="0.5" length="4" />
		<capsule pos="-31.049999999999997,-5.5,41.4" vel="0,0,0" mass="1" elasticityCoef="1" ang="90,0,0" color="0,220,0" radius="0.5" length="4" />
		<capsule pos="-31.049999999999997,0.0,-43.699999999999996" vel="0,0,0" mass="1" elasticityCoef="1" ang="90,0,0" color="0,220,0" radius="0.5" length="4" />
		<capsule pos="-31.049999999999997,0.0,-41.4" vel="0,0,0" mass="1" elasticityCoef="1" ang="90,0,0" color="0,220,0" radius="0.5" length="4" />
		<capsule pos="-31.049999999999997,0.0,-39.099999999999994" vel="0,0,0" mass="1" elasticityCoef="1" ang="90,0,0" color="0,220,0" radius="0.5" length="4" />
		<capsule pos="-31.049999999999997,0.0,-36.8" vel="0,0,0" mass="1" elasticityCoef="1" ang="90,0,0" color="0,220,0" radius="0.5" length="4" />
		<capsule pos="-31.049999999999997,0.0,-34.5" vel="0,0,0" mass="1" elasticityCoef="1" ang="90,0,0" color="0,220,0" radius="0.5" length="4" />
		<capsule pos="-31.049999999999997,0.0,-32.199999999999996" vel="0,0,0" mass="1" elasticityCoef="1" ang="90,0,0" color="0,220,0" radius="0.5" length="4" />
		<capsule pos="-31.049999999999997,0.0,-29.9" vel="0,0,0" mass="1" elasticityCoef="1" ang="90,0,0" color="0,220,0" radius="0.5" length="4" />
		<capsule pos="-31.049999999999997,0.0,-27.599999999999998" vel="0,0,0" mass="1" elasticityCoef="1" ang="90,0,0" color="0,220,0" radius="0.5" length="4" />
		<capsule pos="-31.049999999999997,0.0,-25.299999999999997" vel="0,0,0" mass="1" elasticityCoef="1" ang="90,0,0" color="0,220,0" radius="0.5" length="4" />
		<capsule pos="-31.049999999999997,0.0,-22.999999999999996" vel="0,0,0" mass="1" elasticityCoef="1" ang="90,0,0" color="0,220,0" radius="0.5" length="4" />
		<capsule pos="-31.049999999999997,0.0,-20.699999999999996" vel="0,0,0" mass="1" elasticityCoef="1" ang="90,0,0" color="0,220,0" radius="0.5" length="4" />
		<capsule pos="-31.049999999999997,0.0,-18.4" vel="0,0,0" mass="1" elasticityCoef="1" ang="90,0,0" color="0,220,0" radius="0.5" length="4" />
		<capsule pos="-31.049999999999997,0.0,-16.099999999999998" vel="0,0,0" mass="1" elasticityCoef="1" ang="90,0,0" color="0,220,0" radius="0.5" length="4" />
		<capsule pos="-31.049999999999997,0.0,-13.799999999999997" vel="0,0,0" mass="1" elasticityCoef="1" ang="90,0,0" color="0,220,0" radius="0.5" length="4" />
		<capsule pos="-31.049999999999997,0.0,-11.5" vel="0,0,0" mass="1" elasticityCoef="1" ang="90,0,0" color="0,220,0" radius="0.5" length="4" />
		<capsule pos="-31.049999999999997,0.0,-9.199999999999996" vel="0,0,0" mass="1" elasticityCoef="1" ang="90,0,0" color="0,220,0" radius="0.5" length="4" />
		<capsule pos="-31.049999999999997,0.0,-6.899999999999999" vel="0,0,0" mass="1" elasticityCoef="1" ang="90,0,0" color="0,220,0" radius="0.5" length="4" />
		<capsule pos="-31.049999999999997,0.0,-4.600000000000001" vel="0,0,0" mass="1" elasticityCoef="1" ang="90,0,0" color="0,220,0" radius="0.5" length="4" />
		<capsule pos="-31.049999999999997,0.0,-2.299999999999997" vel="0,0,0" mass="1" elasticityCoef="1" ang="90,0,0" color="0,220,0" radius="0.5" length="4" />
		<capsule pos="-31.049999999999997,0.0,0.0" vel="0,0,0" mass="1" elasticityCoef="1" ang="90,0,0" color="0,220,0" radius="0.5" length="4" />
		<capsule pos="-31.049999999999997,0.0,2.3000000000000043" vel="0,0,0" mass="1" elasticityCoef="1" ang="90,0,0" color="0,220,0" radius="0.5" length="4" />
		<capsule pos="-31.049999999999997,0.0,4.600000000000001" vel="0,0,0" mass="1" elasticityCoef="1" ang="90,0,0" color="0,220,0" radius="0.5" length="4" />
		<capsule pos="-31.049999999999997,0.0,6.899999999999999" vel="0,0,0" mass="1" elasticityCoef="1" ang="90,0,0" color="0,220,0" radius="0.5" length="4" />
		<capsule pos="-31.049999999999997,0.0,9.200000000000003" vel="0,0,0" mass="1" elasticityCoef="1" ang="90,0,0" color="0,220,0" radius="0.5" length="4" />
		<capsule pos="-31.049999999999997,0.0,11.5" vel="0,0,0" mass="1" elasticityCoef="1" ang="90,0,0" color="0,220,0" radius="0.5" length="4" />
		<capsule pos="-31.049999999999997,0.0,13.799999999999997" vel="0,0,0" mass="1" elasticityCoef="1" ang="90,0,0" color="0,220,0" radius="0.5" length="4" />
		<capsule pos="-31.049999999999997,0.0,16.1" vel="0,0,0" mass="1" elasticityCoef="1" ang="90,0,0" color="0,220,0" radius="0.5" length="4" />
		<capsule pos="-31.049999999999997,0.0,18.4" vel="0,0,0" mass="1" elasticityCoef="1" ang="90,0,0" color="0,220,0" radius="0.5" length="4" />
		<capsule pos="-31.049999999999997,0.0,20.699999999999996" vel="0,0,0" mass="1" elasticityCoef="1" ang="90,0,0" color="0,220,0" radius="0.5" length="4" />
		<capsule pos="-31.049999999999997,0.0,22.999999999999993" vel="0,0,0" mass="1" elasticityCoef="1" ang="90,0,0" color="0,220,0" radius="0.5" length="4" />
		<capsule pos="-31.049999999999997,0.0,25.300000000000004" vel="0,0,0" mass="1" elasticityCoef="1" ang="90,0,0" color="0,220,0" radius="0.5" length="4" />
		<capsule pos="-31.049999999999997,0.0,27.6" vel="0,0,0" mass="1" elasticityCoef="1" ang="90,0,0" color="0,220,0" radius="0.5" length="4" />
		<capsule pos="-31.049999999999997,0.0,29.9" vel="0,0,0" mass="1" elasticityCoef="1" ang="90,0,0" color="0,220,0" radius="0.5" length="4" />
		<capsule pos="-31.049999999999997,0.0,32.199999999999996" vel="0,0,0" mass="1" elasticityCoef="1" ang="90,0,0" color="0,220,0" radius="0.5" length="4" />
		<capsule pos="-31.049999999999997,0.0,34.49999999999999" vel="0,0,0" mass="1" elasticityCoef="1" ang="90,0,0" color="0,220,0" radius="0.5" length="4" />
		<capsule pos="-31.049999999999997,0.0,36.800000000000004" vel="0,0,0" mass="1" elasticityCoef="1" ang="90,0,0" color="0,220,0" radius="0.5" length="4" />
		<capsule pos="-31.049999999999997,0.0,39.1" vel="0,0,0" mass="1" elasticityCoef="1" ang="90,0,0" color="0,220,0" radius="0.5" length="4" />
		<capsule pos="-31.049999999999997,0.0,41.4" vel="0,0,0" mass="1" elasticityCoef="1" ang="90,0,0" color="0,220,0" radius="0.5" length="4" />
		<capsule pos="-31.049999999999997,5.5,-43.699999999999996" vel="0,0,0" mass="1" elasticityCoef="1" ang="90,0,0" color="0,220,0" radius="0.5" length="4" />
		<capsule pos="-31.049999999999997,5.5,-41.4" vel="0,0,0" mass="1" elasticityCoef="1" ang="90,0,0" color="0,220,0" radius="0.5" length="4" />
		<capsule pos="-31.049999999999997,5.5,-39.099999999999994" vel="0,0,0" mass="1" elasticityCoef="1" ang="90,0,0" color="0,220,0" radius="0.5" length="4" />
		<capsule pos="-31.049999999999997,5.5,-36.8" vel="0,0,0" mass="1" elasticityCoef="1" ang="90,0,0" color="0,220,0" radius="0.5" length="4" />
		<capsule pos="-31.049999999999997,5.5,-34.5" vel="0,0,0" mass="1" elasticityCoef="1" ang="90,0,0" color="0,220,0" radius="0.5" length="4" />
		<capsule pos="-31.049999999999997,5.5,-32.199999999999996" vel="0,0,0" mass="1" elasticityCoef="1" ang="90,0,0" color="0,220,0" radius="0.5" length="4" />
		<capsule pos="-31.049999999999997,5.5,-29.9" vel="0,0,0" mass="1" elasticityCoef="1" ang="90,0,0" color="0,220,0" radius="0.5" length="4" />
		<capsule pos="-31.049999999999997,5.5,-27.599999999999998" vel="0,0,0" mass="1" elasticityCoef="1" ang="90,0,0" color="0,220,0" radius="0.5" length="4" />
		<capsule pos="-31.049999999999997,5.5,-25.299999999999997" vel="0,0,0" mass="1" elasticityCoef="1" ang="90,0,0" color="0,220,0" radius="0.5" length="4" />
		<capsule pos="-31.049999999999997,5.5,-22.999999999999996" vel="0,0,0" mass="1" elasticityCoef="1" ang="90,0,0" color="0,220,0" radius="0.5" length="4" />
		<capsule pos="-31.049999999999997,5.5,-20.699999999999996" vel="0,0,0" mass="1" elasticityCoef="1" ang="90,0,0" color="0,220,0" radius="0.5" length="4" />
		<capsule pos="-31.049999999999997,5.5,-18.4" vel="0,0,0" mass="1" elasticityCoef="1" ang="90,0,0" color="0,220,0" radius="0.5" length="4" />
		<capsule pos="-31.049999999999997,5.5,-16.099999999999998" vel="0,0,0" mass="1" elasticityCoef="1" ang="90,0,0" color="0,220,0" radius="0.5" length="4" />
		<capsule pos="-31.049999999999997,5.5,-13.799999999999997" vel="0,0,0" mass="1" elasticityCoef="1" ang="90,0,0" color="0,220,0" radius="0.5" length="4" />
		<capsule pos="-31.049999999999997,5.5,-11.5" vel="0,0,0" mass="1" elasticityCoef="1" ang="90,0,0" color="0,220,0" radius="0.5" length="4" />
		<capsule pos="-31.049999999999997,5.5,-9.199999999999996" vel="0,0,0" mass="1" elasticityCoef="1" ang="90,0,0" color="0,220,0" radius="0.5" length="4" />
		<capsule pos="-31.049999999999997,5.5,-6.899999999999999" vel="0,0,0" mass="1" elasticityCoef="1" ang="90,0,0" color="0,220,0" radius="0.5" length="4" />
		<capsule pos="-31.049999999999997,5.5,-4.600000000000001" vel="0,0,0" mass="1" elasticityCoef="1" ang="90,0,0" color="0,220,0" radius="0.5" length="4" />
		<capsule pos="-31.049999999999997,5.5,-2.299999999999997" vel="0,0,0" mass="1" elasticityCoef="1" ang="90,0,0" color="0,220,0" radius="0.5" length="4" />
		<capsule pos="-31.049999999999997,5.5,0.0" vel="0,0,0" mass="1" elasticityCoef="1" ang="90,0,0" color="0,220,0" radius="0.5" length="4" />
		<capsule pos="-31.049999999999997,5.5,2.3000000000000043" vel="0,0,0" mass="1" elasticityCoef="1" ang="90,0,0" color="0,220,0" radius="0.5" length="4" />
		<capsule pos="-31.049999999999997,5.5,4.600000000000001" vel="0,0,0" mass="1" elasticityCoef="1" ang="90,0,0" color="0,220,0" radius="0.5" length="4" />
		<capsule pos="-31.049999999999997,5.5,6.899999999999999" vel="0,0,0" mass="1" elasticityCoef="1" ang="90,0,0" color="0,220,0" radius="0.5" length="4" />
		<capsule pos="-31.049999999999997,5.5,9.200000000000003" vel="0,0,0" mass="1" elasticityCoef="1" ang="90,0,0" color="0,220,0" radius="0.5" length="4" />
		<capsule pos="-31.049999999999997,5.5,11.5" vel="0,0,0" mass="1" elasticityCoef="1" ang="90,0,0" color="0,220,0" radius="0.5" length="4" />
		<capsule pos="-31.049999999999997,5.5,13.799999999999997" vel="0,0,0" mass="1" elasticityCoef="1" ang="90,0,0" color="0,220,0" radius="0.5" length="4" />
		<capsule pos="-31.049999999999997,5.5,16.1" vel="0,0,0" mass="1" elasticityCoef="1" ang="90,0,0" color="0,220,0" radius="0.5" length="4" />
		<capsule pos="-31.049999999999997,5.5,18.4" vel="0,0,0" mass="1" elasticityCoef="1" ang="90,0,0" color="0,220,0" radius="0.5" length="4" />
		<capsule pos="-31.049999999999997,5.5,20.699999999999996" vel="0,0,0" mass="1" elasticityCoef="1" ang="90,0,0" color="0,220,0" radius="0.5" length="4" />
		<capsule pos="-31.049999999999997,5.5,22.999999999999993" vel="0,0,0" mass="1" elasticityCoef="1" ang="90,0,0" color="0,220,0" radius="0.5" length="4" />
		<capsule pos="-31.049999999999997,5.5,25.300000000000004" vel="0,0,0" mass="1" elasticityCoef="1" ang="90,0,0" color="0,220,0" radius="0.5" length="4" />
		<capsule pos="-31.049999999999997,5.5,27.6" vel="0,0,0" mass="1" elasticityCoef="1" ang="90,0,0" color="0,220,0" radius="0.5" length="4" />
		<capsule pos="-31.049999999999997,5.5,29.9" vel="0,0,0" mass="1" elasticityCoef="1" ang="90,0,0" color="0,220,0" radius="0.5" length="4" />
		<capsule pos="-31.049999999999997,5.5,32.199999999999996" vel="0,0,0" mass="1" elasticityCoef="1" ang="90,0,0" color="0,220,0" radius="0.5" length="4" />
		<capsule pos="-31.049999999999997,5.5,34.49999999999999" vel="0,0,0" mass="1" elasticityCoef="1" ang="90,0,0" color="0,220,0" radius="0.5" length="4" />
		<capsule pos="-31.049999999999997,5.5,36.800000000000004" vel="0,0,0" mass="1" elasticityCoef="1" ang="90,0,0" color="0,220,0" radius="0.5" length="4" />
		<capsule pos="-31.049999999999997,5.5,39.1" vel="0,0,0" mass="1" elasticityCoef="1" ang="90,0,0" color="0,220,0" radius="0.5" length="4" />
		<capsule pos="-31.049999999999997,5.5,41.4" vel="0,0,0" mass="1" elasticityCoef="1" ang="90,0,0" color="0,220,0" radius="0.5" length="4" />
		<capsule pos="-31.049999999999997,11.0,-43.699999999999996" vel="0,0,0" mass="1" elasticityCoef="1" ang="90,0,0" color="0,220,0" radius="0.5" length="4" />
		<capsule pos="-31.049999999999997,11.0,-41.4" vel="0,0,0" mass="1" elasticityCoef="1" ang="90,0,0" color="0,220,0" radius="0.5" length="4" />
		<capsule pos="-31.049999999999997,11.0,-39.099999999999994" vel="0,0,0" mass="1" elasticityCoef="1" ang="90,0,0" color="0,220,0" radius="0.5" length="4" />
		<capsule pos="-31.049999999999997,11.0,-36.8" vel="0,0,0" mass="1" elasticityCoef="1" ang="90,0,0" color="0,220,0" radius="0.5" length="4" />
		<capsule pos="-31.049999999999997,11.0,-34.5" vel="0,0,0" mass="1" elasticityCoef="1" ang="90,0,0" color="0,220,0" radius="0.5" length="4" />
		<capsule pos="-31.049999999999997,11.0,-32.199999999999996" vel="0,0,0" mass="1" elasticityCoef="1" ang="90,0,0" color="0,220,0" radius="0.5" length="4" />
		<capsule pos="-31.049999999999997,11.0,-29.9" vel="0,0,0" mass="1" elasticityCoef="1" ang="90,0,0" color="0,220,0" radius="0.5" length="4" />
		<capsule pos="-31.049999999999997,11.0,-27.599999999999998" vel="0,0,0" mass="1" elasticityCoef="1" ang="90,0,0" color="0,220,0" radius="0.5" length="4" />
		<capsule pos="-31.049999999999997,11.0,-25.299999999999997" vel="0,0,0" mass="1" elasticityCoef="1" ang="90,0,0" color="0,220,0" radius="0.5" length="4" />
		<capsule pos="-31.049999999999997,11.0,-22.999999999999996" vel="0,0,0" mass="1" elasticityCoef="1" ang="90,0,0" color="0,220,0" radius="0.5" length="4" />
		<capsule pos="-31.049999999999997,11.0,-20.699999999999996" vel="0,0,0" mass="1" elasticityCoef="1" ang="90,0,0" color="0,220,0" radius="0.5" length="4" />
		<capsule pos="-31.049999999999997,11.0,-18.4" vel="0,0,0" mass="1" elasticityCoef="1" ang="90,0,0" color="0,220,0" radius="0.5" length="4" />
		<capsule pos="-31.049999999999997,11.0,-16.099999999999998" vel="0,0,0" mass="1" elasticityCoef="1" ang="90,0,0" color="0,220,0" radius="0.5" length="4" />
		<capsule pos="-31.049999999999997,11.0,-13.799999999999997" vel="0,0,0" mass="1" elasticityCoef="1" ang="90,0,0" color="0,220,0" radius="0.5" length="4" />
		<capsule pos="-31.049999999999997,11.0,-11.5" vel="0,0,0" mass="1" elasticityCoef="1" ang="90,0,0" color="0,220,0" radius="0.5" length="4" />
		<capsule pos="-31.049999999999997,11.0,-9.199999999999996" vel="0,0,0" mass="1" elasticityCoef="1" ang="90,0,0" color="0,220,0" radius="0.5" length="4" />
		<capsule pos="-31.049999999999997,11.0,-6.899999999999999" vel="0,0,0" mass="1" elasticityCoef="1" ang="90,0,0" color="0,220,0" radius="0.5" length="4" />
		<capsule pos="-31.049999999999997,11.0,-4.600000000000001" vel="0,0,0" mass="1" elasticityCoef="1" ang="90,0,0" color="0,220,0" radius="0.5" length="4" />
		<capsule pos="-31.049999999999997,11.0,-2.299999999999997" vel="0,0,0" mass="1" elasticityCoef="1" ang="90,0,0" color="0,220,0" radius="0.5" length="4" />
		<capsule pos="-31.049999999999997,11.0,0.0" vel="0,0,0" mass="1" elasticityCoef="1" ang="90,0,0" color="0,220,0" radius="0.5" length="4" />
		<capsule pos="-31.049999999999997,11.0,2.3000000000000043" vel="0,0,0" mass="1" elasticityCoef="1" ang="90,0,0" color="0,220,0" radius="0.5" length="4" />
		<capsule pos="-31.049999999999997,11.0,4.600000000000001" vel="0,0,0" mass="1" elasticityCoef="1" ang="90,0,0" color="0,220,0" radius="0.5" length="4" />
		<capsule pos="-31.049999999999997,11.0,6.899999999999999" vel="0,0,0" mass="1" elasticityCoef="1" ang="90,0,0" color="0,220,0" radius="0.5" length="4" />
		<capsule pos="-31.049999999999997,11.0,9.200000000000003" vel="0,0,0" mass="1" elasticityCoef="1" ang="90,0,0" color="0,220,0" radius="0.5" length="4" />
		<capsule pos="-31.049999999999997,11.0,11.5" vel="0,0,0" mass="1" elasticityCoef="1" ang="90,0,0" color="0,220,0" radius="0.5" length="4" />
		<capsule pos="-31.049999999999997,11.0,13.799999999999997" vel="0,0,0" mass="1" elasticityCoef="1" ang="90,0,0" color="0,220,0" radius="0.5" length="4" />
		<capsule pos="-31.049999999999997,11.0,16.1" vel="0,0,0" mass="1" elasticityCoef="1" ang="90,0,0" color="0,220,0" radius="0.5" length="4" />
		<capsule pos="-31.049999999999997,11.0,18.4" vel="0,0,0" mass="1" elasticityCoef="1" ang="90,0,0" color="0,220,0" radius="0.5" length="4" />
		<capsule pos="-31.049999999999997,11.0,20.699999999999996" vel="0,0,0" mass="1" elasticityCoef="1" ang="90,0,0" color="0,220,0" radius="0.5" length="4" />
		<capsule pos="-31.049999999999997,11.0,22.999999999999993" vel="0,0,0" mass="1" elasticityCoef="1" ang="90,0,0" color="0,220,0" radius="0.5" length="4" />
		<capsule pos="-31.049999999999997,11.0,25.300000000000004" vel="0,0,0" mass="1" elasticityCoef="1" ang="90,0,0" color="0,220,0" radius="0.5" length="4" />
		<capsule pos="-31.049999999999997,11.0,27.6" vel="0,0,0" mass="1" elasticityCoef="1" ang="90,0,0" color="0,220,0" radius="0.5" length="4" />
		<capsule pos="-31.049999999999997,11.0,29.9" vel="0,0,0" mass="1" elasticityCoef="1" ang="90,0,0" color="0,220,0" radius="0.5" length="4" />
		<capsule pos="-31.049999999999997,11.0,32.199999999999996" vel="0,0,0" mass="1" elasticityCoef="1" ang="90,0,0" color="0,220,0" radius="0.5" length="4" />
		<capsule pos="-31.049999999999997,11.0,34.49999999999999" vel="0,0,0" mass="1" elasticityCoef="1" ang="90,0,0" color="0,220,0" radius="0.5" length="4" />
		<capsule pos="-31.049999999999997,11.0,36.800000000000004" vel="0,0,0" mass="1" elasticityCoef="1" ang="90,0,0" color="0,220,0" radius="0.5" length="4" />
		<capsule pos="-31.049999999999997,11.0,39.1" vel="0,0,0" mass="1" elasticityCoef="1" ang="90,0,0" color="0,220,0" radius="0.5" length="4" />
		<capsule pos="-31.049999999999997,11.0,41.4" vel="0,0,0" mass="1" elasticityCoef="1" ang="90,0,0" color="0,220,0" radius="0.5" length="4" />
		<capsule pos="-31.049999999999997,16.5,-43.699999999999996" vel="0,0,0" mass="1" elasticityCoef="1" ang="90,0,0" color="0,220,0" radius="0.5" length="4" />
		<capsule pos="-31.049999999999997,16.5,-41.4" vel="0,0,0" mass="1" elasticityCoef="1" ang="90,0,0" color="0,220,0" radius="0.5" length="4" />
		<capsule pos="-31.049999999999997,16.5,-39.099999999999994" vel="0,0,0" mass="1" elasticityCoef="1" ang="90,0,0" color="0,220,0" radius="0.5" length="4" />
		<capsule pos="-31.049999999999997,16.5,-36.8" vel="0,0,0" mass="1" elasticityCoef="1" ang="90,0,0" color="0,220,0" radius="0.5" length="4" />
		<capsule pos="-31.049999999999997,16.5,-34.5" vel="0,0,0" mass="1" elasticityCoef="1" ang="90,0,0" color="0,220,0" radius="0.5" length="4" />
		<capsule pos="-31.049999999999997,16.5,-32.199999999999996" vel="0,0,0" mass="1" elasticityCoef="1" ang="90,0,0" color="0,220,0" radius="0.5" length="4" />
		<capsule pos="-31.049999999999997,16.5,-29.9" vel="0,0,0" mass="1" elasticityCoef="1" ang="90,0,0" color="0,220,0" radius="0.5" length="4" />
		<capsule pos="-31.049999999999997,16.5,-27.599999999999998" vel="0,0,0" mass="1" elasticityCoef="1" ang="90,0,0" color="0,220,0" radius="0.5" length="4" />
		<capsule pos="-31.049999999999997,16.5,-25.299999999999997" vel="0,0,0" mass="1" elasticityCoef="1" ang="90,0,0" color="0,220,0" radius="0.5" length="4" />
		<capsule pos="-31.049999999999997,16.5,-22.999999999999996" vel="0,0,0" mass="1" elasticityCoef="1" ang="90,0,0" color="0,220,0" radius="0.5" length="4" />
		<capsule pos="-31.049999999999997,16.5,-20.699999999999996" vel="0,0,0" mass="1" elasticityCoef="1" ang="90,0,0" color="0,220,0" radius="0.5" length="4" />
		<capsule pos="-31.049999999999997,16.5,-18.4" vel="0,0,0" mass="1" elasticityCoef="1" ang="90,0,0" color="0,220,0" radius="0.5" length="4" />
		<capsule pos="-31.049999999999997,16.5,-16.099999999999998" vel="0,0,0" mass="1" elasticityCoef="1" ang="90,0,0" color="0,220,0" radius="0.5" length="4" />
		<capsule pos="-31.049999999999997,16.5,-13.799999999999997" vel="0,0,0" mass="1" elasticityCoef="1" ang="90,0,0" color="0,220,0" radius="0.5" length="4" />
		<capsule pos="-31.049999999999997,16.5,-11.5" vel="0,0,0" mass="1" elasticityCoef="1" ang="90,0,0" color="0,220,0" radius="0.5" length="4" />
		<capsule pos="-31.049999999999997,16.5,-9.199999999999996" vel="0,0,0" mass="1" elasticityCoef="1" ang="90,0,0" color="0,220,0" radius="0.5" length="4" />
		<capsule pos="-31.049999999999997,16.5,-6.899999999999999" vel="0,0,0" mass="1" elasticityCoef="1" ang="90,0,0" color="0,220,0" radius="0.5" length="4" />
		<capsule pos="-31.049999999999997,16.5,-4.600000000000001" vel="0,0,0" mass="1" elasticityCoef="1" ang="90,0,0" color="0,220,0" radius="0.5" length="4" />
		<capsule pos="-31.049999999999997,16.5,-2.299999999999997" vel="0,0,0" mass="1" elasticityCoef="1" ang="90,0,0" color="0,220,0" radius="0.5" length="4" />
		<capsule pos="-31.049999999999997,16.5,0.0" vel="0,0,0" mass="1" elasticityCoef="1" ang="90,0,0" color="0,220,0" radius="0.5" length="4" />
		<capsule pos="-31.049999999999997,16.5,2.3000000000000043" vel="0,0,0" mass="1" elasticityCoef="1" ang="90,0,0" color="0,220,0" radius="0.5" length="4" />
		<capsule pos="-31.049999999999997,16.5,4.600000000000001" vel="0,0,0" mass="1" elasticityCoef="1" ang="90,0,0" color="0,220,0" radius="0.5" length="4" />
		<capsule pos="-31.049999999999997,16.5,6.899999999999999" vel="0,0,0" mass="1" elasticityCoef="1" ang="90,0,0" color="0,220,0" radius="0.5" length="4" />
		<capsule pos="-31.049999999999997,16.5,9.200000000000003" vel="0,0,0" mass="1" elasticityCoef="1" ang="90,0,0" color="0,220,0" radius="0.5" length="4" />
		<capsule pos="-31.049999999999997,16.5,11.5" vel="0,0,0" mass="1" elasticityCoef="1" ang="90,0,0" color="0,220,0" radius="0.5" length="4" />
		<capsule pos="-31.049999999999997,16.5,13.799999999999997" vel="0,0,0" mass="1" elasticityCoef="1" ang="90,0,0" color="0,220,0" radius="0.5" length="4" />
		<capsule pos="-31.049999999999997,16.5,16.1" vel="0,0,0" mass="1" elasticityCoef="1" ang="90,0,0" color="0,220,0" radius="0.5" length="4" />
		<capsule pos="-31.049999999999997,16.5,18.4" vel="0,0,0" mass="1" elasticityCoef="1" ang="90,0,0" color="0,220,0" radius="0.5" length="4" />
		<capsule pos="-31.049999999999997,16.5,20.699999999999996" vel="0,0,0" mass="1" elasticityCoef="1" ang="90,0,0" color="0,220,0" radius="0.5" length="4" />
		<capsule pos="-31.049999999999997,16.5,22.999999999999993" vel="0,0,0" mass="1" elasticityCoef="1" ang="90,0,0" color="0,220,0" radius="0.5" length="4" />
		<capsule pos="-31.049999999999997,16.5,25.300000000000004" vel="0,0,0" mass="1" elasticityCoef="1" ang="90,0,0" color="0,220,0" radius="0.5" length="4" />
		<capsule pos="-31.049999999999997,16.5,27.6" vel="0,0,0" mass="1" elasticityCoef="1" ang="90,0,0" color="0,220,0" radius="0.5" length="4" />
		<capsule pos="-31.049999999999997,16.5,29.9" vel="0,0,0" mass="1" elasticityCoef="1" ang="90,0,0" color="0,220,0" radius="0.5" length="4" />
		<capsule pos="-31.049999999999997,16.5,32.199999999999996" vel="0,0,0" mass="1" elasticityCoef="1" ang="90,0,0" color="0,220,0" radius="0.5" length="4" />
		<capsule pos="-31.049999999999997,16.5,34.49999999999999" vel="0,0,0" mass="1" elasticityCoef="1" ang="90,0,0" color="0,220,0" radius="0.5" length="4" />
		<capsule pos="-31.049999999999997,16.5,36.800000000000004" vel="0,0,0" mass="1" elasticityCoef="1" ang="90,0,0" color="0,220,0" radius="0.5" length="4" />
		<capsule pos="-31.049999999999997,16.5,39.1" vel="0,0,0" mass="1" elasticityCoef="1" ang="90,0,0" color="0,220,0" radius="0.5" length="4" />
		<capsule pos="-31.049999999999997,16.5,41.4" vel="0,0,0" mass="1" elasticityCoef="1" ang="90,0,0" color="0,220,0" radius="0.5" length="4" />
		<capsule pos="-31.049999999999997,22.0,-43.699999999999996" vel="0,0,0" mass="1" elasticityCoef="1" ang="90,0,0" color="0,220,0" radius="0.5" length="4" />
		<capsule pos="-31.049999999999997,22.0,-41.4" vel="0,0,0" mass="1" elasticityCoef="1" ang="90,0,0" color="0,220,0" radius="0.5" length="4" />
		<capsule pos="-31.049999999999997,22.0,-39.099999999999994" vel="0,0,0" mass="1" elasticityCoef="1" ang="90,0,0" color="0,220,0" radius="0.5" length="4" />
		<capsule pos="-31.049999999999997,22.0,-36.8" vel="0,0,0" mass="1" elasticityCoef="1" ang="90,0,0" color="0,220,0" radius="0.5" length="4" />
		<capsule pos="-31.049999999999997,22.0,-34.5" vel="0,0,0" mass="1" elasticityCoef="1" ang="90,0,0" color="0,220,0" radius="0.5" length="4" />
		<capsule pos="-31.049999999999997,22.0,-32.199999999999996" vel="0,0,0" mass="1" elasticityCoef="1" ang="90,0,0" color="0,220,0" radius="0.5" length="4" />
		<capsule pos="-31.049999999999997,22.0,-29.9" vel="0,0,0" mass="1" elasticityCoef="1" ang="90,0,0" color="0,220,0" radius="0.5" length="4" />
		<capsule pos="-31.049999999999997,22.0,-27.599999999999998" vel="0,0,0" mass="1" elasticityCoef="1" ang="90,0,0" color="0,220,0" radius="0.5" length="4" />
		<capsule pos="-31.049999999999997,22.0,-25.299999999999997" vel="0,0,0" mass="1" elasticityCoef="1" ang="90,0,0" color="0,220,0" radius="0.5" length="4" />
		<capsule pos="-31.049999999999997,22.0,-22.999999999999996" vel="0,0,0" mass="1" elasticityCoef="1" ang="90,0,0" color="0,220,0" radius="0.5" length="4" />
		<capsule pos="-31.049999999999997,22.0,-20.699999999999996" vel="0,0,0" mass="1" elasticityCoef="1" ang="90,0,0" color="0,220,0" radius="0.5" length="4" />
		<capsule pos="-31.049999999999997,22.0,-18.4" vel="0,0,0" mass="1" elasticityCoef="1" ang="90,0,0" color="0,220,0" radius="0.5" length="4" />
		<capsule pos="-31.049999999999997,22.0,-16.099999999999998" vel="0,0,0" mass="1" elasticityCoef="1" ang="90,0,0" color="0,220,0" radius="0.5" length="4" />
		<capsule pos="-31.049999999999997,22.0,-13.799999999999997" vel="0,0,0" mass="1" elasticityCoef="1" ang="90,0,0" color="0,220,0" radius="0.5" length="4" />
		<capsule pos="-31.049999999999997,22.0,-11.5" vel="0,0,0" mass="1" elasticityCoef="1" ang="90,0,0" color="0,220,0" radius="0.5" length="4" />
		<capsule pos="-31.049999999999997,22.0,-9.199999999999996" vel="0,0,0" mass="1" elasticityCoef="1" ang="90,0,0" color="0,220,0" radius="0.5" length="4" />
		<capsule pos="-31.049999999999997,22.0,-6.899999999999999" vel="0,0,0" mass="1" elasticityCoef="1" ang="90,0,0" color="0,220,0" radius="0.5" length="4" />
		<capsule pos="-31.049999999999997,22.0,-4.600000000000001" vel="0,0,0" mass="1" elasticityCoef="1" ang="90,0,0" color="0,220,0" radius="0.5" length="4" />
		<capsule pos="-31.049999999999997,22.0,-2.299999999999997" vel="0,0,0" mass="1" elasticityCoef="1" ang="90,0,0" color="0,220,0" radius="0.5" length="4" />
		<capsule pos="-31.049999999999997,22.0,0.0" vel="0,0,0" mass="1" elasticityCoef="1" ang="90,0,0" color="0,220,0" radius="0.5" length="4" />
		<capsule pos="-31.049999999999997,22.0,2.3000000000000043" vel="0,0,0" mass="1" elasticityCoef="1" ang="90,0,0" color="0,220,0" radius="0.5" length="4" />
		<capsule pos="-31.049999999999997,22.0,4.600000000000001" vel="0,0,0" mass="1" elasticityCoef="1" ang="90,0,0" color="0,220,0" radius="0.5" length="4" />
		<capsule pos="-31.049999999999997,22.0,6.899999999999999" vel="0,0,0" mass="1" elasticityCoef="1" ang="90,0,0" color="0,220,0" radius="0.5" length="4" />
		<capsule pos="-31.049999999999997,22.0,9.200000000000003" vel="0,0,0" mass="1" elasticityCoef="1" ang="90,0,0" color="0,220,0" radius="0.5" length="4" />
		<capsule pos="-31.049999999999997,22.0,11.5" vel="0,0,0" mass="1" elasticityCoef="1" ang="90,0,0" color="0,220,0" radius="0.5" length="4" />
		<capsule pos="-31.049999999999997,22.0,13.799999999999997" vel="0,0,0" mass="1" elasticityCoef="1" ang="90,0,0" color="0,220,0" radius="0.5" length="4" />
		<capsule pos="-31.049999999999997,22.0,16.1" vel="0,0,0" mass="1" elasticityCoef="1" ang="90,0,0" color="0,220,0" radius="0.5" length="4" />
		<capsule pos="-31.049999999999997,22.0,18.4" vel="0,0,0" mass="1" elasticityCoef="1" ang="90,0,0" color="0,220,0" radius="0.5" length="4" />
		<capsule pos="-31.049999999999997,22.0,20.699999999999996" vel="0,0,0" mass="1" elasticityCoef="1" ang="90,0,0" color="0,220,0" radius="0.5" length="4" />
		<capsule pos="-31.049999999999997,22.0,22.999999999999993" vel="0,0,0" mass="1" elasticityCoef="1" ang="90,0,0" color="0,220,0" radius="0.5" length="4" />
		<capsule pos="-31.049999999999997,22.0,25.300000000000004" vel="0,0,0" mass="1" elasticityCoef="1" ang="90,0,0" color="0,220,0" radius="0.5" length="4" />
		<capsule pos="-31.049999999999997,22.0,27.6" vel="0,0,0" mass="1" elasticityCoef="1" ang="90,0,0" color="0,220,0" radius="0.5" length="4" />
		<capsule pos="-31.049999999999997,22.0,29.9" vel="0,0,0" mass="1" elasticityCoef="1" ang="90,0,0" color="0,220,0" radius="0.5" length="4" />
		<capsule pos="-31.049999999999997,22.0,32.199999999999996" vel="0,0,0" mass="1" elasticityCoef="1" ang="90,0,0" color="0,220,0" radius="0.5" length="4" />
		<capsule pos="-31.049999999999997,22.0,34.49999999999999" vel="0,0,0" mass="1" elasticityCoef="1" ang="90,0,0" color="0,220,0" radius="0.5" length="4" />
		<capsule pos="-31.049999999999997,22.0,36.800000000000004" vel="0,0,0" mass="1" elasticityCoef="1" ang="90,0,0" color="0,220,0" radius="0.5" length="4" />
		<capsule pos="-31.049999999999997,22.0,39.1" vel="0,0,0" mass="1" elasticityCoef="1" ang="90,0,0" color="0,220,0" radius="0.5" length="4" />
		<capsule pos="-31.049999999999997,22.0,41.4" vel="0,0,0" mass="1" elasticityCoef="1" ang="90,0,0" color="0,220,0" radius="0.5" length="4" />
		<capsule pos="-31.049999999999997,27.5,-43.699999999999996" vel="0,0,0" mass="1" elasticityCoef="1" ang="90,0,0" color="0,220,0" radius="0.5" length="4" />
		<capsule pos="-31.049999999999997,27.5,-41.4" vel="0,0,0" mass="1" elasticityCoef="1" ang="90,0,0" color="0,220,0" radius="0.5" length="4" />
		<capsule pos="-31.049999999999997,27.5,-39.099999999999994" vel="0,0,0" mass="1" elasticityCoef="1" ang="90,0,0" color="0,220,0" radius="0.5" length="4" />
		<capsule pos="-31.049999999999997,27.5,-36.8" vel="0,0,0" mass="1" elasticityCoef="1" ang="90,0,0" color="0,220,0" radius="0.5" length="4" />
		<capsule pos="-31.049999999999997,27.5,-34.5" vel="0,0,0" mass="1" elasticityCoef="1" ang="90,0,0" color="0,220,0" radius="0.5" length="4" />
		<capsule pos="-31.049999999999997,27.5,-32.199999999999996" vel="0,0,0" mass="1" elasticityCoef="1" ang="90,0,0" color="0,220,0" radius="0.5" length="4" />
		<capsule pos="-31.049999999999997,27.5,-29.9" vel="0,0,0" mass="1" elasticityCoef="1" ang="90,0,0" color="0,220,0" radius="0.5" length="4" />
		<capsule pos="-31.049999999999997,27.5,-27.599999999999998" vel="0,0,0" mass="1" elasticityCoef="1" ang="90,0,0" color="0,220,0" radius="0.5" length="4" />
		<capsule pos="-31.049999999999997,27.5,-25.299999999999997" vel="0,0,0" mass="1" elasticityCoef="1" ang="90,0,0" color="0,220,0" radius="0.5" length="4" />
		<capsule pos="-31.049999999999997,27.5,-22.999999999999996" vel="0,0,0" mass="1" elasticityCoef="1" ang="90,0,0" color="0,220,0" radius="0.5" length="4" />
		<capsule pos="-31.049999999999997,27.5,-20.699999999999996" vel="0,0,0" mass="1" elasticityCoef="1" ang="90,0,0" color="0,220,0" radius="0.5" length="4" />
		<capsule pos="-31.049999999999997,27.5,-18.4" vel="0,0,0" mass="1" elasticityCoef="1" ang="90,0,0" color="0,220,0" radius="0.5" length="4" />
		<capsule pos="-31.049999999999997,27.5,-16.099999999999998" vel="0,0,0" mass="1" elasticityCoef="1" ang="90,0,0" color="0,220,0" radius="0.5" length="4" />
		<capsule pos="-31.049999999999997,27.5,-13.799999999999997" vel="0,0,0" mass="1" elasticityCoef="1" ang="90,0,0" color="0,220,0" radius="0.5" length="4" />
		<capsule pos="-31.049999999999997,27.5,-11.5" vel="0,0,0" mass="1" elasticityCoef="1" ang="90,0,0" color="0,220,0" radius="0.5" length="4" />
		<capsule pos="-31.049999999999997,27.5,-9.199999999999996" vel="0,0,0" mass="1" elasticityCoef="1" ang="90,0,0" color="0,220,0" radius="0.5" length="4" />
		<capsule pos="-31.049999999999997,27.5,-6.899999999999999" vel="0,0,0" mass="1" elasticityCoef="1" ang="90,0,0" color="0,220,0" radius="0.5" length="4" />
		<capsule pos="-31.049999999999997,27.5,-4.600000000000001" vel="0,0,0" mass="1" elasticityCoef="1" ang="90,0,0" color="0,220,0" radius="0.5" length="4" />
		<capsule pos="-31.049999999999997,27.5,-2.299999999999997" vel="0,0,0" mass="1" elasticityCoef="1" ang="90,0,0" color="0,220,0" radius="0.5" length="4" />
		<capsule pos="-31.049999999999997,27.5,0.0" vel="0,0,0" mass="1" elasticityCoef="1" ang="90,0,0" color="0,220,0" radius="0.5" length="4" />
		<capsule pos="-31.049999999999997,27.5,2.3000000000000043" vel="0,0,0" mass="1" elasticityCoef="1" ang="90,0,0" color="0,220,0" radius="0.5" length="4" />
		<capsule pos="-31.049999999999997,27.5,4.600000000000001" vel="0,0,0" mass="1" elasticityCoef="1" ang="90,0,0" color="0,220,0" radius="0.5" length="4" />
		<capsule pos="-31.049999999999997,27.5,6.899999999999999" vel="0,0,0" mass="1" elasticityCoef="1" ang="90,0,0" color="0,220,0" radius="0.5" length="4" />
		<capsule pos="-31.049999999999997,27.5,9.200000000000003" vel="0,0,0" mass="1" elasticityCoef="1" ang="90,0,0" color="0,220,0" radius="0.5" length="4" />
		<capsule pos="-31.049999999999997,27.5,11.5" vel="0,0,0" mass="1" elasticityCoef="1" ang="90,0,0" color="0,220,0" radius="0.5" length="4" />
		<capsule pos="-31.049999999999997,27.5,13.799999999999997" vel="0,0,0" mass="1" elasticityCoef="1" ang="90,0,0" color="0,220,0" radius="0.5" length="4" />
		<capsule pos="-31.049999999999997,27.5,16.1" vel="0,0,0" mass="1" elasticityCoef="1" ang="90,0,0" color="0,220,0" radius="0.5" length="4" />
		<capsule pos="-31.049999999999997,27.5,18.4" vel="0,0,0" mass="1" elasticityCoef="1" ang="90,0,0" color="0,220,0" radius="0.5" length="4" />
		<capsule pos="-31.049999999999997,27.5,20.699999999999996" vel="0,0,0" mass="1" elasticityCoef="1" ang="90,0,0" color="0,220,0" radius="0.5" length="4" />
		<capsule pos="-31.049999999999997,27.5,22.999999999999993" vel="0,0,0" mass="1" elasticityCoef="1" ang="90,0,0" color="0,220,0" radius="0.5" length="4" />
		<capsule pos="-31.049999999999997,27.5,25.300000000000004" vel="0,0,0" mass="1" elasticityCoef="1" ang="90,0,0" color="0,220,0" radius="0.5" length="4" />
		<capsule pos="-31.049999999999997,27.5,27.6" vel="0,0,0" mass="1" elasticityCoef="1" ang="90,0,0" color="0,220,0" radius="0.5" length="4" />
		<capsule pos="-31.049999999999997,27.5,29.9" vel="0,0,0" mass="1" elasticityCoef="1" ang="90,0,0" color="0,220,0" radius="0.5" length="4" />
		<capsule pos="-31.049999999999997,27.5,32.199999999999996" vel="0,0,0" mass="1" elasticityCoef="1" ang="90,0,0" color="0,220,0" radius="0.5" length="4" />
		<capsule pos="-31.049999999999997,27.5,34.49999999999999" vel="0,0,0" mass="1" elasticityCoef="1" ang="90,0,0" color="0,220,0" radius="0.5" length="4" />
		<capsule pos="-31.049999999999997,27.5,36.800000000000004" vel="0,0,0" mass="1" elasticityCoef="1" ang="90,0,0" color="0,220,0" radius="0.5" length="4" />
		<capsule pos="-31.049999999999997,27.5,39.1" vel="0,0,0" mass="1" elasticityCoef="1" ang="90,0,0" color="0,220,0" radius="0.5" length="4" />
		<capsule pos="-31.049999999999997,27.5,41.4" vel="0,0,0" mass="1" elasticityCoef="1" ang="90,0,0" color="0,220,0" radius="0.5" length="4" />
		<capsule pos="-31.049999999999997,33.0,-43.699999999999996" vel="0,0,0" mass="1" elasticityCoef="1" ang="90,0,0" color="0,220,0" radius="0.5" length="4" />
		<capsule pos="-31.049999999999997,33.0,-41.4" vel="0,0,0" mass="1" elasticityCoef="1" ang="90,0,0" color="0,220,0" radius="0.5" length="4" />
		<capsule pos="-31.049999999999997,33.0,-39.099999999999994" vel="0,0,0" mass="1" elasticityCoef="1" ang="90,0,0" color="0,220,0" radius="0.5" length="4" />
		<capsule pos="-31.049999999999997,33.0,-36.8" vel="0,0,0" mass="1" elasticityCoef="1" ang="90,0,0" color="0,220,0" radius="0.5" length="4" />
		<capsule pos="-31.049999999999997,33.0,-34.5" vel="0,0,0" mass="1" elasticityCoef="1" ang="90,0,0" color="0,220,0" radius="0.5" length="4" />
		<capsule pos="-31.049999999999997,33.0,-32.199999999999996" vel="0,0,0" mass="1" elasticityCoef="1" ang="90,0,0" color="0,220,0" radius="0.5" length="4" />
		<capsule pos="-31.049999999999997,33.0,-29.9" vel="0,0,0" mass="1" elasticityCoef="1" ang="90,0,0" color="0,220,0" radius="0.5" length="4" />
		<capsule pos="-31.049999999999997,33.0,-27.599999999999998" vel="0,0,0" mass="1" elasticityCoef="1" ang="90,0,0" color="0,220,0" radius="0.5" length="4" />
		<capsule pos="-31.049999999999997,33.0,-25.299999999999997" vel="0,0,0" mass="1" elasticityCoef="1" ang="90,0,0" color="0,220,0" radius="0.5" length="4" />
		<capsule pos="-31.049999999999997,33.0,-22.999999999999996" vel="0,0,0" mass="1" elasticityCoef="1" ang="90,0,0" color="0,220,0" radius="0.5" length="4" />
		<capsule pos="-31.049999999999997,33.0,-20.699999999999996" vel="0,0,0" mass="1" elasticityCoef="1" ang="90,0,0" color="0,220,0" radius="0.5" length="4" />
		<capsule pos="-31.049999999999997,33.0,-18.4" vel="0,0,0" mass="1" elasticityCoef="1" ang="90,0,0" color="0,220,0" radius="0.5" length="4" />
		<capsule pos="-31.049999999999997,33.0,-16.099999999999998" vel="0,0,0" mass="1" elasticityCoef="1" ang="90,0,0" color="0,220,0" radius="0.5" length="4" />
		<capsule pos="-31.049999999999997,33.0,-13.799999999999997" vel="0,0,0" mass="1" elasticityCoef="1" ang="90,0,0" color="0,220,0" radius="0.5" length="4" />
		<capsule pos="-31.049999999999997,33.0,-11.5" vel="0,0,0" mass="1" elasticityCoef="1" ang="90,0,0" color="0,220,0" radius="0.5" length="4" />
		<capsule pos="-31.049999999999997,33.0,-9.199999999999996" vel="0,0,0" mass="1" elasticityCoef="1" ang="90,0,0" color="0,220,0" radius="0.5" length="4" />
		<capsule pos="-31.049999999999997,33.0,-6.899999999999999" vel="0,0,0" mass="1" elasticityCoef="1" ang="90,0,0" color="0,220,0" radius="0.5" length="4" />
		<capsule pos="-31.049999999999997,33.0,-4.600000000000001" vel="0,0,0" mass="1" elasticityCoef="1" ang="90,0,0" color="0,220,0" radius="0.5" length="4" />
		<capsule pos="-31.049999999999997,33.0,-2.299999999999997" vel="0,0,0" mass="1" elasticityCoef="1" ang="90,0,0" color="0,220,0" radius="0.5" length="4" />
		<capsule pos="-31.049999999999997,33.0,0.0" vel="0,0,0" mass="1" elasticityCoef="1" ang="90,0,0" color="0,220,0" radius="0.5" length="4" />
		<capsule pos="-31.049999999999997,33.0,2.3000000000000043" vel="0,0,0" mass="1" elasticityCoef="1" ang="90,0,0" color="0,220,0" radius="0.5" length="4" />
		<capsule pos="-31.049999999999997,33.0,4.600000000000001" vel="0,0,0" mass="1" elasticityCoef="1" ang="90,0,0" color="0,220,0" radius="0.5" length="4" />
		<capsule pos="-31.049999999999997,33.0,6.899999999999999" vel="0,0,0" mass="1" elasticityCoef="1" ang="90,0,0" color="0,220,0" radius="0.5" length="4" />
		<capsule pos="-31.049999999999997,33.0,9.200000000000003" vel="0,0,0" mass="1" elasticityCoef="1" ang="90,0,0" color="0,220,0" radius="0.5" length="4" />
		<capsule pos="-31.049999999999997,33.0,11.5" vel="0,0,0" mass="1" elasticityCoef="1" ang="90,0,0" color="0,220,0" radius="0.5" length="4" />
		<capsule pos="-31.049999999999997,33.0,13.799999999999997" vel="0,0,0" mass="1" elasticityCoef="1" ang="90,0,0" color="0,220,0" radius="0.5" length="4" />
		<capsule pos="-31.049999999999997,33.0,16.1" vel="0,0,0" mass="1" elasticityCoef="1" ang="90,0,0" color="0,220,0" radius="0.5" length="4" />
		<capsule pos="-31.049999999999997,33.0,18.4" vel="0,0,0" mass="1" elasticityCoef="1" ang="90,0,0" color="0,220,0" radius="0.5" length="4" />
		<capsule pos="-31.049999999999997,33.0,20.699999999999996" vel="0,0,0" mass="1" elasticityCoef="1" ang="90,0,0" color="0,220,0" radius="0.5" length="4" />
		<capsule pos="-31.049999999999997,33.0,22.999999999999993" vel="0,0,0" mass="1" elasticityCoef="1" ang="90,0,0" color="0,220,0" radius="0.5" length="4" />
		<capsule pos="-31.049999999999997,33.0,25.300000000000004" vel="0,0,0" mass="1" elasticityCoef="1" ang="90,0,0" color="0,220,0" radius="0.5" length="4" />
		<capsule pos="-31.049999999999997,33.0,27.6" vel="0,0,0" mass="1" elasticityCoef="1" ang="90,0,0" color="0,220,0" radius="0.5" length="4" />
		<capsule pos="-31.049999999999997,33.0,29.9" vel="0,0,0" mass="1" elasticityCoef="1" ang="90,0,0" color="0,220,0" radius="0.5" length="4" />
		<capsule pos="-31.049999999999997,33.0,32.199999999999996" vel="0,0,0" mass="1" elasticityCoef="1" ang="90,0,0" color="0,220,0" radius="0.5" length="4" />
		<capsule pos="-31.049999999999997,33.0,34.49999999999999" vel="0,0,0" mass="1" elasticityCoef="1" ang="90,0,0" color="0,220,0" radius="0.5" length="4" />
		<capsule pos="-31.049999999999997,33.0,36.800000000000004" vel="0,0,0" mass="1" elasticityCoef="1" ang="90,0,0" color="0,220,0" radius="0.5" length="4" />
		<capsule pos="-31.049999999999997,33.0,39.1" vel="0,0,0" mass="1" elasticityCoef="1" ang="90,0,0" color="0,220,0" radius="0.5" length="4" />
		<capsule pos="-31.049999999999997,33.0,41.4" vel="0,0,0" mass="1" elasticityCoef="1" ang="90,0,0" color="0,220,0" radius="0.5" length="4" />
		<capsule pos="-31.049999999999997,38.5,-43.699999999999996" vel="0,0,0" mass="1" elasticityCoef="1" ang="90,0,0" color="0,220,0" radius="0.5" length="4" />
		<capsule pos="-31.049999999999997,38.5,-41.4" vel="0,0,0" mass="1" elasticityCoef="1" ang="90,0,0" color="0,220,0" radius="0.5" length="4" />
		<capsule pos="-31.049999999999997,38.5,-39.099999999999994" vel="0,0,0" mass="1" elasticityCoef="1" ang="90,0,0" color="0,220,0" radius="0.5" length="4" />
		<capsule pos="-31.049999999999997,38.5,-36.8" vel="0,0,0" mass="1" elasticityCoef="1" ang="90,0,0" color="0,220,0" radius="0.5" length="4" />
		<capsule pos="-31.049999999999997,38.5,-34.5" vel="0,0,0" mass="1" elasticityCoef="1" ang="90,0,0" color="0,220,0" radius="0.5" length="4" />
		<capsule pos="-31.049999999999997,38.5,-32.199999999999996" vel="0,0,0" mass="1" elasticityCoef="1" ang="90,0,0" color="0,220,0" radius="0.5" length="4" />
		<capsule pos="-31.049999999999997,38.5,-29.9" vel="0,0,0" mass="1" elasticityCoef="1" ang="90,0,0" color="0,220,0" radius="0.5" length="4" />
		<capsule pos="-31.049999999999997,38.5,-27.599999999999998" vel="0,0,0" mass="1" elasticityCoef="1" ang="90,0,0" color="0,220,0" radius="0.5" length="4" />
		<capsule pos="-31.049999999999997,38.5,-25.299999999999997" vel="0,0,0" mass="1" elasticityCoef="1" ang="90,0,0" color="0,220,0" radius="0.5" length="4" />
		<capsule pos="-31.049999999999997,38.5,-22.999999999999996" vel="0,0,0" mass="1" elasticityCoef="1" ang="90,0,0" color="0,220,0" radius="0.5" length="4" />
		<capsule pos="-31.049999999999997,38.5,-20.699999999999996" vel="0,0,0" mass="1" elasticityCoef="1" ang="90,0,0" color="0,220,0" radius="0.5" length="4" />
		<capsule pos="-31.049999999999997,38.5,-18.4" vel="0,0,0" mass="1" elasticityCoef="1" ang="90,0,0" color="0,220,0" radius="0.5" length="4" />
		<capsule pos="-31.049999999999997,38.5,-16.099999999999998" vel="0,0,0" mass="1" elasticityCoef="1" ang="90,0,0" color="0,220,0" radius="0.5" length="4" />
		<capsule pos="-31.049999999999997,38.5,-13.799999999999997" vel="0,0,0" mass="1" elasticityCoef="1" ang="90,0,0" color="0,220,0" radius="0.5" length="4" />
		<capsule pos="-31.049999999999997,38.5,-11.5" vel="0,0,0" mass="1" elasticityCoef="1" ang="90,0,0" color="0,220,0" radius="0.5" length="4" />
		<capsule pos="-31.049999999999997,38.5,-9.199999999999996" vel="0,0,0" mass="1" elasticityCoef="1" ang="90,0,0" color="0,220,0" radius="0.5" length="4" />
		<capsule pos="-31.049999999999997,38.5,-6.899999999999999" vel="0,0,0" mass="1" elasticityCoef="1" ang="90,0,0" color="0,220,0" radius="0.5" length="4" />
		<capsule pos="-31.049999999999997,38.5,-4.600000000000001" vel="0,0,0" mass="1" elasticityCoef="1" ang="90,0,0" color="0,220,0" radius="0.5" length="4" />
		<capsule pos="-31.049999999999997,38.5,-2.299999999999997" vel="0,0,0" mass="1" elasticityCoef="1" ang="90,0,0" color="0,220,0" radius="0.5" length="4" />
		<capsule pos="-31.049999999999997,38.5,0.0" vel="0,0,0" mass="1" elasticityCoef="1" ang="90,0,0" color="0,220,0" radius="0.5" length="4" />
		<capsule pos="-31.049999999999997,38.5,2.3000000000000043" vel="0,0,0" mass="1" elasticityCoef="1" ang="90,0,0" color="0,220,0" radius="0.5" length="4" />
		<capsule pos="-31.049999999999997,38.5,4.600000000000001" vel="0,0,0" mass="1" elasticityCoef="1" ang="90,0,0" color="0,220,0" radius="0.5" length="4" />
		<capsule pos="-31.049999999999997,38.5,6.899999999999999" vel="0,0,0" mass="1" elasticityCoef="1" ang="90,0,0" color="0,220,0" radius="0.5" length="4" />
		<capsule pos="-31.049999999999997,38.5,9.200000000000003" vel="0,0,0" mass="1" elasticityCoef="1" ang="90,0,0" color="0,220,0" radius="0.5" length="4" />
		<capsule pos="-31.049999999999997,38.5,11.5" vel="0,0,0" mass="1" elasticityCoef="1" ang="90,0,0" color="0,220,0" radius="0.5" length="4" />
		<capsule pos="-31.049999999999997,38.5,13.799999999999997" vel="0,0,0" mass="1" elasticityCoef="1" ang="90,0,0" color="0,220,0" radius="0.5" length="4" />
		<capsule pos="-31.049999999999997,38.5,16.1" vel="0,0,0" mass="1" elasticityCoef="1" ang="90,0,0" color="0,220,0" radius="0.5" length="4" />
		<capsule pos="-31.049999999999997,38.5,18.4" vel="0,0,0" mass="1" elasticityCoef="1" ang="90,0,0" color="0,220,0" radius="0.5" length="4" />
		<capsule pos="-31.049999999999997,38.5,20.699999999999996" vel="0,0,0" mass="1" elasticityCoef="1" ang="90,0,0" color="0,220,0" radius="0.5" length="4" />
		<capsule pos="-31.049999999999997,38.5,22.999999999999993" vel="0,0,0" mass="1" elasticityCoef="1" ang="90,0,0" color="0,220,0" radius="0.5" length="4" />
		<capsule pos="-31.049999999999997,38.5,25.300000000000004" vel="0,0,0" mass="1" elasticityCoef="1" ang="90,0,0" color="0,220,0" radius="0.5" length="4" />
		<capsule pos="-31.049999999999997,38.5,27.6" vel="0,0,0" mass="1" elasticityCoef="1" ang="90,0,0" color="0,220,0" radius="0.5" length="4" />
		<capsule pos="-31.049999999999997,38.5,29.9" vel="0,0,0" mass="1" elasticityCoef="1" ang="90,0,0" color="0,220,0" radius="0.5" length="4" />
		<capsule pos="-31.049999999999997,38.5,32.199999999999996" vel="0,0,0" mass="1" elasticityCoef="1" ang="90,0,0" color="0,220,0" radius="0.5" length="4" />
		<capsule pos="-31.049999999999997,38.5,34.49999999999999" vel="0,0,0" mass="1" elasticityCoef="1" ang="90,0,0" color="0,220,0" radius="0.5" length="4" />
		<capsule pos="-31.049999999999997,38.5,36.800000000000004" vel="0,0,0" mass="1" elasticityCoef="1" ang="90,0,0" color="0,220,0" radius="0.5" length="4" />
		<capsule pos="-31.049999999999997,38.5,39.1" vel="0,0,0" mass="1" elasticityCoef="1" ang="90,0,0" color="0,220,0" radius="0.5" length="4" />
		<capsule pos="-31.049999999999997,38.5,41.4" vel="0,0,0" mass="1" elasticityCoef="1" ang="90,0,0" color="0,220,0" radius="0.5" length="4" />
		<capsule pos="-31.049999999999997,44.0,-43.699999999999996" vel="0,0,0" mass="1" elasticityCoef="1" ang="90,0,0" color="0,220,0" radius="0.5" length="4" />
		<capsule pos="-31.049999999999997,44.0,-41.4" vel="0,0,0" mass="1" elasticityCoef="1" ang="90,0,0" color="0,220,0" radius="0.5" length="4" />
		<capsule pos="-31.049999999999997,44.0,-39.099999999999994" vel="0,0,0" mass="1" elasticityCoef="1" ang="90,0,0" color="0,220,0" radius="0.5" length="4" />
		<capsule pos="-31.049999999999997,44.0,-36.8" vel="0,0,0" mass="1" elasticityCoef="1" ang="90,0,0" color="0,220,0" radius="0.5" length="4" />
		<capsule pos="-31.049999999999997,44.0,-34.5" vel="0,0,0" mass="1" elasticityCoef="1" ang="90,0,0" color="0,220,0" radius="0.5" length="4" />
		<capsule pos="-31.049999999999997,44.0,-32.199999999999996" vel="0,0,0" mass="1" elasticityCoef="1" ang="90,0,0" color="0,220,0" radius="0.5" length="4" />
		<capsule pos="-31.049999999999997,44.0,-29.9" vel="0,0,0" mass="1" elasticityCoef="1" ang="90,0,0" color="0,220,0" radius="0.5" length="4" />
		<capsule pos="-31.049999999999997,44.0,-27.599999999999998" vel="0,0,0" mass="1" elasticityCoef="1" ang="90,0,0" color="0,220,0" radius="0.5" length="4" />
		<capsule pos="-31.049999999999997,44.0,-25.299999999999997" vel="0,0,0" mass="1" elasticityCoef="1" ang="90,0,0" color="0,220,0" radius="0.5" length="4" />
		<capsule pos="-31.049999999999997,44.0,-22.999999999999996" vel="0,0,0" mass="1" elasticityCoef="1" ang="90,0,0" color="0,220,0" radius="0.5" length="4" />
		<capsule pos="-31.049999999999997,44.0,-20.699999999999996" vel="0,0,0" mass="1" elasticityCoef="1" ang="90,0,0" color="0,220,0" radius="0.5" length="4" />
		<capsule pos="-31.049999999999997,44.0,-18.4" vel="0,0,0" mass="1" elasticityCoef="1" ang="90,0,0" color="0,220,0" radius="0.5" length="4" />
		<capsule pos="-31.049999999999997,44.0,-16.099999999999998" vel="0,0,0" mass="1" elasticityCoef="1" ang="90,0,0" color="0,220,0" radius="0.5" length="4" />
		<capsule pos="-31.049999999999997,44.0,-13.799999999999997" vel="0,0,0" mass="1" elasticityCoef="1" ang="90,0,0" color="0,220,0" radius="0.5" length="4" />
		<capsule pos="-31.049999999999997,44.0,-11.5" vel="0,0,0" mass="1" elasticityCoef="1" ang="90,0,0" color="0,220,0" radius="0.5" length="4" />
		<capsule pos="-31.049999999999997,44.0,-9.199999999999996" vel="0,0,0" mass="1" elasticityCoef="1" ang="90,0,0" color="0,220,0" radius="0.5" length="4" />
		<capsule pos="-31.049999999999997,44.0,-6.899999999999999" vel="0,0,0" mass="1" elasticityCoef="1" ang="90,0,0" color="0,220,0" radius="0.5" length="4" />
		<capsule pos="-31.049999999999997,44.0,-4.600000000000001" vel="0,0,0" mass="1" elasticityCoef="1" ang="90,0,0" color="0,220,0" radius="0.5" length="4" />
		<capsule pos="-31.049999999999997,44.0,-2.299999999999997" vel="0,0,0" mass="1" elasticityCoef="1" ang="90,0,0" color="0,220,0" radius="0.5" length="4" />
		<capsule pos="-31.049999999999997,44.0,0.0" vel="0,0,0" mass="1" elasticityCoef="1" ang="90,0,0" color="0,220,0" radius="0.5" length="4" />
		<capsule pos="-31.049999999999997,44.0,2.3000000000000043" vel="0,0,0" mass="1" elasticityCoef="1" ang="90,0,0" color="0,220,0" radius="0.5" length="4" />
		<capsule pos="-31.049999999999997,44.0,4.600000000000001" vel="0,0,0" mass="1" elasticityCoef="1" ang="90,0,0" color="0,220,0" radius="0.5" length="4" />
		<capsule pos="-31.049999999999997,44.0,6.899999999999999" vel="0,0,0" mass="1" elasticityCoef="1" ang="90,0,0" color="0,220,0" radius="0.5" length="4" />
		<capsule pos="-31.049999999999997,44.0,9.200000000000003" vel="0,0,0" mass="1" elasticityCoef="1" ang="90,0,0" color="0,220,0" radius="0.5" length="4" />
		<capsule pos="-31.049999999999997,44.0,11.5" vel="0,0,0" mass="1" elasticityCoef="1" ang="90,0,0" color="0,220,0" radius="0.5" length="4" />
		<capsule pos="-31.049999999999997,44.0,13.799999999999997" vel="0,0,0" mass="1" elasticityCoef="1" ang="90,0,0" color="0,220,0" radius="0.5" length="4" />
		<capsule pos="-31.049999999999997,44.0,16.1" vel="0,0,0" mass="1" elasticityCoef="1" ang="90,0,0" color="0,220,0" radius="0.5" length="4" />
		<capsule pos="-31.049999999999997,44.0,18.4" vel="0,0,0" mass="1" elasticityCoef="1" ang="90,0,0" color="0,220,0" radius="0.5" length="4" />
		<capsule pos="-31.049999999999997,44.0,20.699999999999996" vel="0,0,0" mass="1" elasticityCoef="1" ang="90,0,0" color="0,220,0" radius="0.5" length="4" />
		<capsule pos="-31.049999999999997,44.0,22.999999999999993" vel="0,0,0" mass="1" elasticityCoef="1" ang="90,0,0" color="0,220,0" radius="0.5" length="4" />
		<capsule pos="-31.049999999999997,44.0,25.300000000000004" vel="0,0,0" mass="1" elasticityCoef="1" ang="90,0,0" color="0,220,0" radius="0.5" length="4" />
		<capsule pos="-31.049999999999997,44.0,27.6" vel="0,0,0" mass="1" elasticityCoef="1" ang="90,0,0" color="0,220,0" radius="0.5" length="4" />
		<capsule pos="-31.049999999999997,44.0,29.9" vel="0,0,0" mass="1" elasticityCoef="1" ang="90,0,0" color="0,220,0" radius="0.5" length="4" />
		<capsule pos="-31.049999999999997,44.0,32.199999999999996" vel="0,0,0" mass="1" elasticityCoef="1" ang="90,0,0" color="0,220,0" radius="0.5" length="4" />
		<capsule pos="-31.049999999999997,44.0,34.49999999999999" vel="0,0,0" mass="1" elasticityCoef="1" ang="90,0,0" color="0,220,0" radius="0.5" length="4" />
		<capsule pos="-31.049999999999997,44.0,36.800000000000004" vel="0,0,0" mass="1" elasticityCoef="1" ang="90,0,0" color="0,220,0" radius="0.5" length="4" />
		<capsule pos="-31.049999999999997,44.0,39.1" vel="0,0,0" mass="1" elasticityCoef="1" ang="90,0,0" color="0,220,0" radius="0.5" length="4" />
		<capsule pos="-31.049999999999997,44.0,41.4" vel="0,0,0" mass="1" elasticityCoef="1" ang="90,0,0" color="0,220,0" radius="0.5" length="4" />
		<capsule pos="-28.75,-49.5,-43.699999999999996" vel="0,0,0" mass="1" elasticityCoef="1" ang="90,0,0" color="0,220,0" radius="0.5" length="4" />
		<capsule pos="-28.75,-49.5,-41.4" vel="0,0,0" mass="1" elasticityCoef="1" ang="90,0,0" color="0,220,0" radius="0.5" length="4" />
		<capsule pos="-28.75,-49.5,-39.099999999999994" vel="0,0,0" mass="1" elasticityCoef="1" ang="90,0,0" color="0,220,0" radius="0.5" length="4" />
		<capsule pos="-28.75,-49.5,-36.8" vel="0,0,0" mass="1" elasticityCoef="1" ang="90,0,0" color="0,220,0" radius="0.5" length="4" />
		<capsule pos="-28.75,-49.5,-34.5" vel="0,0,0" mass="1" elasticityCoef="1" ang="90,0,0" color="0,220,0" radius="0.5" length="4" />
		<capsule pos="-28.75,-49.5,-32.199999999999996" vel="0,0,0" mass="1" elasticityCoef="1" ang="90,0,0" color="0,220,0" radius="0.5" length="4" />
		<capsule pos="-28.75,-49.5,-29.9" vel="0,0,0" mass="1" elasticityCoef="1" ang="90,0,0" color="0,220,0" radius="0.5" length="4" />
		<capsule pos="-28.75,-49.5,-27.599999999999998" vel="0,0,0" mass="1" elasticityCoef="1" ang="90,0,0" color="0,220,0" radius="0.5" length="4" />
		<capsule pos="-28.75,-49.5,-25.299999999999997" vel="0,0,0" mass="1" elasticityCoef="1" ang="90,0,0" color="0,220,0" radius="0.5" length="4" />
		<capsule pos="-28.75,-49.5,-22.999999999999996" vel="0,0,0" mass="1" elasticityCoef="1" ang="90,0,0" color="0,220,0" radius="0.5" length="4" />
		<capsule pos="-28.75,-49.5,-20.699999999999996" vel="0,0,0" mass="1" elasticityCoef="1" ang="90,0,0" color="0,220,0" radius="0.5" length="4" />
		<capsule pos="-28.75,-49.5,-18.4" vel="0,0,0" mass="1" elasticityCoef="1" ang="90,0,0" color="0,220,0" radius="0.5" length="4" />
		<capsule pos="-28.75,-49.5,-16.099999999999998" vel="0,0,0" mass="1" elasticityCoef="1" ang="90,0,0" color="0,220,0" radius="0.5" length="4" />
		<capsule pos="-28.75,-49.5,-13.799999999999997" vel="0,0,0" mass="1" elasticityCoef="1" ang="90,0,0" color="0,220,0" radius="0.5" length="4" />
		<capsule pos="-28.75,-49.5,-11.5" vel="0,0,0" mass="1" elasticityCoef="1" ang="90,0,0" color="0,220,0" radius="0.5" length="4" />
		<capsule pos="-28.75,-49.5,-9.199999999999996" vel="0,0,0" mass="1" elasticityCoef="1" ang="90,0,0" color="0,220,0" radius="0.5" length="4" />
		<capsule pos="-28.75,-49.5,-6.899999999999999" vel="0,0,0" mass="1" elasticityCoef="1" ang="90,0,0" color="0,220,0" radius="0.5" length="4" />
		<capsule pos="-28.75,-49.5,-4.600000000000001" vel="0,0,0" mass="1" elasticityCoef="1" ang="90,0,0" color="0,220,0" radius="0.5" length="4" />
		<capsule pos="-28.75,-49.5,-2.299999999999997" vel="0,0,0" mass="1" elasticityCoef="1" ang="90,0,0" color="0,220,0" radius="0.5" length="4" />
		<capsule pos="-28.75,-49.5,0.0" vel="0,0,0" mass="1" elasticityCoef="1" ang="90,0,0" color="0,220,0" radius="0.5" length="4" />
		<capsule pos="-28.75,-49.5,2.3000000000000043" vel="0,0,0" mass="1" elasticityCoef="1" ang="90,0,0" color="0,220,0" radius="0.5" length="4" />
		<capsule pos="-28.75,-49.5,4.600000000000001" vel="0,0,0" mass="1" elasticityCoef="1" ang="90,0,0" color="0,220,0" radius="0.5" length="4" />
		<capsule pos="-28.75,-49.5,6.899999999999999" vel="0,0,0" mass="1" elasticityCoef="1" ang="90,0,0" color="0,220,0" radius="0.5" length="4" />
		<capsule pos="-28.75,-49.5,9.200000000000003" vel="0,0,0" mass="1" elasticityCoef="1" ang="90,0,0" color="0,220,0" radius="0.5" length="4" />
		<capsule pos="-28.75,-49.5,11.5" vel="0,0,0" mass="1" elasticityCoef="1" ang="90,0,0" color="0,220,0" radius="0.5" length="4" />
		<capsule pos="-28.75,-49.5,13.799999999999997" vel="0,0,0" mass="1" elasticityCoef="1" ang="90,0,0" color="0,220,0" radius="0.5" length="4" />
		<capsule pos="-28.75,-49.5,16.1" vel="0,0,0" mass="1" elasticityCoef="1" ang="90,0,0" color="0,220,0" radius="0.5" length="4" />
		<capsule pos="-28.75,-49.5,18.4" vel="0,0,0" mass="1" elasticityCoef="1" ang="90,0,0" color="0,220,0" radius="0.5" length="4" />
		<capsule pos="-28.75,-49.5,20.699999999999996" vel="0,0,0" mass="1" elasticityCoef="1" ang="90,0,0" color="0,220,0" radius="0.5" length="4" />
		<capsule pos="-28.75,-49.5,22.999999999999993" vel="0,0,0" mass="1" elasticityCoef="1" ang="90,0,0" color="0,220,0" radius="0.5" length="4" />
		<capsule pos="-28.75,-49.5,25.300000000000004" vel="0,0,0" mass="1" elasticityCoef="1" ang="90,0,0" color="0,220,0" radius="0.5" length="4" />
		<capsule pos="-28.75,-49.5,27.6" vel="0,0,0" mass="1" elasticityCoef="1" ang="90,0,0" color="0,220,0" radius="0.5" length="4" />
		<capsule pos="-28.75,-49.5,29.9" vel="0,0,0" mass="1" elasticityCoef="1" ang="90,0,0" color="0,220,0" radius="0.5" length="4" />
		<capsule pos="-28.75,-49.5,32.199999999999996" vel="0,0,0" mass="1" elasticityCoef="1" ang="90,0,0" color="0,220,0" radius="0.5" length="4" />
		<capsule pos="-28.75,-49.5,34.49999999999999" vel="0,0,0" mass="1" elasticityCoef="1" ang="90,0,0" color="0,220,0" radius="0.5" length="4" />
		<capsule pos="-28.75,-49.5,36.800000000000004" vel="0,0,0" mass="1" elasticityCoef="1" ang="90,0,0" color="0,220,0" radius="0.5" length="4" />
		<capsule pos="-28.75,-49.5,39.1" vel="0,0,0" mass="1" elasticityCoef="1" ang="90,0,0" color="0,220,0" radius="0.5" length="4" />
		<capsule pos="-28.75,-49.5,41.4" vel="0,0,0" mass="1" elasticityCoef="1" ang="90,0,0" color="0,220,0" radius="0.5" length="4" />
		<capsule pos="-28.75,-44.0,-43.699999999999996" vel="0,0,0" mass="1" elasticityCoef="1" ang="90,0,0" color="0,220,0" radius="0.5" length="4" />
		<capsule pos="-28.75,-44.0,-41.4" vel="0,0,0" mass="1" elasticityCoef="1" ang="90,0,0" color="0,220,0" radius="0.5" length="4" />
		<capsule pos="-28.75,-44.0,-39.099999999999994" vel="0,0,0" mass="1" elasticityCoef="1" ang="90,0,0" color="0,220,0" radius="0.5" length="4" />
		<capsule pos="-28.75,-44.0,-36.8" vel="0,0,0" mass="1" elasticityCoef="1" ang="90,0,0" color="0,220,0" radius="0.5" length="4" />
		<capsule pos="-28.75,-44.0,-34.5" vel="0,0,0" mass="1" elasticityCoef="1" ang="90,0,0" color="0,220,0" radius="0.5" length="4" />
		<capsule pos="-28.75,-44.0,-32.199999999999996" vel="0,0,0" mass="1" elasticityCoef="1" ang="90,0,0" color="0,220,0" radius="0.5" length="4" />
		<capsule pos="-28.75,-44.0,-29.9" vel="0,0,0" mass="1" elasticityCoef="1" ang="90,0,0" color="0,220,0" radius="0.5" length="4" />
		<capsule pos="-28.75,-44.0,-27.599999999999998" vel="0,0,0" mass="1" elasticityCoef="1" ang="90,0,0" color="0,220,0" radius="0.5" length="4" />
		<capsule pos="-28.75,-44.0,-25.299999999999997" vel="0,0,0" mass="1" elasticityCoef="1" ang="90,0,0" color="0,220,0" radius="0.5" length="4" />
		<capsule pos="-28.75,-44.0,-22.999999999999996" vel="0,0,0" mass="1" elasticityCoef="1" ang="90,0,0" color="0,220,0" radius="0.5" length="4" />
		<capsule pos="-28.75,-44.0,-20.699999999999996" vel="0,0,0" mass="1" elasticityCoef="1" ang="90,0,0" color="0,220,0" radius="0.5" length="4" />
		<capsule pos="-28.75,-44.0,-18.4" vel="0,0,0" mass="1" elasticityCoef="1" ang="90,0,0" color="0,220,0" radius="0.5" length="4" />
		<capsule pos="-28.75,-44.0,-16.099999999999998" vel="0,0,0" mass="1" elasticityCoef="1" ang="90,0,0" color="0,220,0" radius="0.5" length="4" />
		<capsule pos="-28.75,-44.0,-13.799999999999997" vel="0,0,0" mass="1" elasticityCoef="1" ang="90,0,0" color="0,220,0" radius="0.5" length="4" />
		<capsule pos="-28.75,-44.0,-11.5" vel="0,0,0" mass="1" elasticityCoef="1" ang="90,0,0" color="0,220,0" radius="0.5" length="4" />
		<capsule pos="-28.75,-44.0,-9.199999999999996" vel="0,0,0" mass="1" elasticityCoef="1" ang="90,0,0" color="0,220,0" radius="0.5" length="4" />
		<capsule pos="-28.75,-44.0,-6.899999999999999" vel="0,0,0" mass="1" elasticityCoef="1" ang="90,0,0" color="0,220,0" radius="0.5" length="4" />
		<capsule pos="-28.75,-44.0,-4.600000000000001" vel="0,0,0" mass="1" elasticityCoef="1" ang="90,0,0" color="0,220,0" radius="0.5" length="4" />
		<capsule pos="-28.75,-44.0,-2.299999999999997" vel="0,0,0" mass="1" elasticityCoef="1" ang="90,0,0" color="0,220,0" radius="0.5" length="4" />
		<capsule pos="-28.75,-44.0,0.0" vel="0,0,0" mass="1" elasticityCoef="1" ang="90,0,0" color="0,220,0" radius="0.5" length="4" />
		<capsule pos="-28.75,-44.0,2.3000000000000043" vel="0,0,0" mass="1" elasticityCoef="1" ang="90,0,0" color="0,220,0" radius="0.5" length="4" />
		<capsule pos="-28.75,-44.0,4.600000000000001" vel="0,0,0" mass="1" elasticityCoef="1" ang="90,0,0" color="0,220,0" radius="0.5" length="4" />
		<capsule pos="-28.75,-44.0,6.899999999999999" vel="0,0,0" mass="1" elasticityCoef="1" ang="90,0,0" color="0,220,0" radius="0.5" length="4" />
		<capsule pos="-28.75,-44.0,9.200000000000003" vel="0,0,0" mass="1" elasticityCoef="1" ang="90,0,0" color="0,220,0" radius="0.5" length="4" />
		<capsule pos="-28.75,-44.0,11.5" vel="0,0,0" mass="1" elasticityCoef="1" ang="90,0,0" color="0,220,0" radius="0.5" length="4" />
		<capsule pos="-28.75,-44.0,13.799999999999997" vel="0,0,0" mass="1" elasticityCoef="1" ang="90,0,0" color="0,220,0" radius="0.5" length="4" />
		<capsule pos="-28.75,-44.0,16.1" vel="0,0,0" mass="1" elasticityCoef="1" ang="90,0,0" color="0,220,0" radius="0.5" length="4" />
		<capsule pos="-28.75,-44.0,18.4" vel="0,0,0" mass="1" elasticityCoef="1" ang="90,0,0" color="0,220,0" radius="0.5" length="4" />
		<capsule pos="-28.75,-44.0,20.699999999999996" vel="0,0,0" mass="1" elasticityCoef="1" ang="90,0,0" color="0,220,0" radius="0.5" length="4" />
		<capsule pos="-28.75,-44.0,22.999999999999993" vel="0,0,0" mass="1" elasticityCoef="1" ang="90,0,0" color="0,220,0" radius="0.5" length="4" />
		<capsule pos="-28.75,-44.0,25.300000000000004" vel="0,0,0" mass="1" elasticityCoef="1" ang="90,0,0" color="0,220,0" radius="0.5" length="4" />
		<capsule pos="-28.75,-44.0,27.6" vel="0,0,0" mass="1" elasticityCoef="1" ang="90,0,0" color="0,220,0" radius="0.5" length="4" />
		<capsule pos="-28.75,-44.0,29.9" vel="0,0,0" mass="1" elasticityCoef="1" ang="90,0,0" color="0,220,0" radius="0.5" length="4" />
		<capsule pos="-28.75,-44.0,32.199999999999996" vel="0,0,0" mass="1" elasticityCoef="1" ang="90,0,0" color="0,220,0" radius="0.5" length="4" />
		<capsule pos="-28.75,-44.0,34.49999999999999" vel="0,0,0" mass="1" elasticityCoef="1" ang="90,0,0" color="0,220,0" radius="0.5" length="4" />
		<capsule pos="-28.75,-44.0,36.800000000000004" vel="0,0,0" mass="1" elasticityCoef="1" ang="90,0,0" color="0,220,0" radius="0.5" length="4" />
		<capsule pos="-28.75,-44.0,39.1" vel="0,0,0" mass="1" elasticityCoef="1" ang="90,0,0" color="0,220,0" radius="0.5" length="4" />
		<capsule pos="-28.75,-44.0,41.4" vel="0,0,0" mass="1" elasticityCoef="1" ang="90,0,0" color="0,220,0" radius="0.5" length="4" />
		<capsule pos="-28.75,-38.5,-43.699999999999996" vel="0,0,0" mass="1" elasticityCoef="1" ang="90,0,0" color="0,220,0" radius="0.5" length="4" />
		<capsule pos="-28.75,-38.5,-41.4" vel="0,0,0" mass="1" elasticityCoef="1" ang="90,0,0" color="0,220,0" radius="0.5" length="4" />
		<capsule pos="-28.75,-38.5,-39.099999999999994" vel="0,0,0" mass="1" elasticityCoef="1" ang="90,0,0" color="0,220,0" radius="0.5" length="4" />
		<capsule pos="-28.75,-38.5,-36.8" vel="0,0,0" mass="1" elasticityCoef="1" ang="90,0,0" color="0,220,0" radius="0.5" length="4" />
		<capsule pos="-28.75,-38.5,-34.5" vel="0,0,0" mass="1" elasticityCoef="1" ang="90,0,0" color="0,220,0" radius="0.5" length="4" />
		<capsule pos="-28.75,-38.5,-32.199999999999996" vel="0,0,0" mass="1" elasticityCoef="1" ang="90,0,0" color="0,220,0" radius="0.5" length="4" />
		<capsule pos="-28.75,-38.5,-29.9" vel="0,0,0" mass="1" elasticityCoef="1" ang="90,0,0" color="0,220,0" radius="0.5" length="4" />
		<capsule pos="-28.75,-38.5,-27.599999999999998" vel="0,0,0" mass="1" elasticityCoef="1" ang="90,0,0" color="0,220,0" radius="0.5" length="4" />
		<capsule pos="-28.75,-38.5,-25.299999999999997" vel="0,0,0" mass="1" elasticityCoef="1" ang="90,0,0" color="0,220,0" radius="0.5" length="4" />
		<capsule pos="-28.75,-38.5,-22.999999999999996" vel="0,0,0" mass="1" elasticityCoef="1" ang="90,0,0" color="0,220,0" radius="0.5" length="4" />
		<capsule pos="-28.75,-38.5,-20.699999999999996" vel="0,0,0" mass="1" elasticityCoef="1" ang="90,0,0" color="0,220,0" radius="0.5" length="4" />
		<capsule pos="-28.75,-38.5,-18.4" vel="0,0,0" mass="1" elasticityCoef="1" ang="90,0,0" color="0,220,0" radius="0.5" length="4" />
		<capsule pos="-28.75,-38.5,-16.099999999999998" vel="0,0,0" mass="1" elasticityCoef="1" ang="90,0,0" color="0,220,0" radius="0.5" length="4" />
		<capsule pos="-28.75,-38.5,-13.799999999999997" vel="0,0,0" mass="1" elasticityCoef="1" ang="90,0,0" color="0,220,0" radius="0.5" length="4" />
		<capsule pos="-28.75,-38.5,-11.5" vel="0,0,0" mass="1" elasticityCoef="1" ang="90,0,0" color="0,220,0" radius="0.5" length="4" />
		<capsule pos="-28.75,-38.5,-9.199999999999996" vel="0,0,0" mass="1" elasticityCoef="1" ang="90,0,0" color="0,220,0" radius="0.5" length="4" />
		<capsule pos="-28.75,-38.5,-6.899999999999999" vel="0,0,0" mass="1" elasticityCoef="1" ang="90,0,0" color="0,220,0" radius="0.5" length="4" />
		<capsule pos="-28.75,-38.5,-4.600000000000001" vel="0,0,0" mass="1" elasticityCoef="1" ang="90,0,0" color="0,220,0" radius="0.5" length="4" />
		<capsule pos="-28.75,-38.5,-2.299999999999997" vel="0,0,0" mass="1" elasticityCoef="1" ang="90,0,0" color="0,220,0" radius="0.5" length="4" />
		<capsule pos="-28.75,-38.5,0.0" vel="0,0,0" mass="1" elasticityCoef="1" ang="90,0,0" color="0,220,0" radius="0.5" length="4" />
		<capsule pos="-28.75,-38.5,2.3000000000000043" vel="0,0,0" mass="1" elasticityCoef="1" ang="90,0,0" color="0,220,0" radius="0.5" length="4" />
		<capsule pos="-28.75,-38.5,4.600000000000001" vel="0,0,0" mass="1" elasticityCoef="1" ang="90,0,0" color="0,220,0" radius="0.5" length="4" />
		<capsule pos="-28.75,-38.5,6.899999999999999" vel="0,0,0" mass="1" elasticityCoef="1" ang="90,0,0" color="0,220,0" radius="0.5" length="4" />
		<capsule pos="-28.75,-38.5,9.200000000000003" vel="0,0,0" mass="1" elasticityCoef="1" ang="90,0,0" color="0,220,0" radius="0.5" length="4" />
		<capsule pos="-28.75,-38.5,11.5" vel="0,0,0" mass="1" elasticityCoef="1" ang="90,0,0" color="0,220,0" radius="0.5" length="4" />
		<capsule pos="-28.75,-38.5,13.799999999999997" vel="0,0,0" mass="1" elasticityCoef="1" ang="90,0,0" color="0,220,0" radius="0.5" length="4" />
		<capsule pos="-28.75,-38.5,16.1" vel="0,0,0" mass="1" elasticityCoef="1" ang="90,0,0" color="0,220,0" radius="0.5" length="4" />
		<capsule pos="-28.75,-38.5,18.4" vel="0,0,0" mass="1" elasticityCoef="1" ang="90,0,0" color="0,220,0" radius="0.5" length="4" />
		<capsule pos="-28.75,-38.5,20.699999999999996" vel="0,0,0" mass="1" elasticityCoef="1" ang="90,0,0" color="0,220,0" radius="0.5" length="4" />
		<capsule pos="-28.75,-38.5,22.999999999999993" vel="0,0,0" mass="1" elasticityCoef="1" ang="90,0,0" color="0,220,0" radius="0.5" length="4" />
		<capsule pos="-28.75,-38.5,25.300000000000004" vel="0,0,0" mass="1" elasticityCoef="1" ang="90,0,0" color="0,220,0" radius="0.5" length="4" />
		<capsule pos="-28.75,-38.5,27.6" vel="0,0,0" mass="1" elasticityCoef="1" ang="90,0,0" color="0,220,0" radius="0.5" length="4" />
		<capsule pos="-28.75,-38.5,29.9" vel="0,0,0" mass="1" elasticityCoef="1" ang="90,0,0" color="0,220,0" radius="0.5" length="4" />
		<capsule pos="-28.75,-38.5,32.199999999999996" vel="0,0,0" mass="1" elasticityCoef="1" ang="90,0,0" color="0,220,0" radius="0.5" length="4" />
		<capsule pos="-28.75,-38.5,34.49999999999999" vel="0,0,0" mass="1" elasticityCoef="1" ang="90,0,0" color="0,220,0" radius="0.5" length="4" />
		<capsule pos="-28.75,-38.5,36.800000000000004" vel="0,0,0" mass="1" elasticityCoef="1" ang="90,0,0" color="0,220,0" radius="0.5" length="4" />
		<capsule pos="-28.75,-38.5,39.1" vel="0,0,0" mass="1" elasticityCoef="1" ang="90,0,0" color="0,220,0" radius="0.5" length="4" />
		<capsule pos="-28.75,-38.5,41.4" vel="0,0,0" mass="1" elasticityCoef="1" ang="90,0,0" color="0,220,0" radius="0.5" length="4" />
		<capsule pos="-28.75,-33.0,-43.699999999999996" vel="0,0,0" mass="1" elasticityCoef="1" ang="90,0,0" color="0,220,0" radius="0.5" length="4" />
		<capsule pos="-28.75,-33.0,-41.4" vel="0,0,0" mass="1" elasticityCoef="1" ang="90,0,0" color="0,220,0" radius="0.5" length="4" />
		<capsule pos="-28.75,-33.0,-39.099999999999994" vel="0,0,0" mass="1" elasticityCoef="1" ang="90,0,0" color="0,220,0" radius="0.5" length="4" />
		<capsule pos="-28.75,-33.0,-36.8" vel="0,0,0" mass="1" elasticityCoef="1" ang="90,0,0" color="0,220,0" radius="0.5" length="4" />
		<capsule pos="-28.75,-33.0,-34.5" vel="0,0,0" mass="1" elasticityCoef="1" ang="90,0,0" color="0,220,0" radius="0.5" length="4" />
		<capsule pos="-28.75,-33.0,-32.199999999999996" vel="0,0,0" mass="1" elasticityCoef="1" ang="90,0,0" color="0,220,0" radius="0.5" length="4" />
		<capsule pos="-28.75,-33.0,-29.9" vel="0,0,0" mass="1" elasticityCoef="1" ang="90,0,0" color="0,220,0" radius="0.5" length="4" />
		<capsule pos="-28.75,-33.0,-27.599999999999998" vel="0,0,0" mass="1" elasticityCoef="1" ang="90,0,0" color="0,220,0" radius="0.5" length="4" />
		<capsule pos="-28.75,-33.0,-25.299999999999997" vel="0,0,0" mass="1" elasticityCoef="1" ang="90,0,0" color="0,220,0" radius="0.5" length="4" />
		<capsule pos="-28.75,-33.0,-22.999999999999996" vel="0,0,0" mass="1" elasticityCoef="1" ang="90,0,0" color="0,220,0" radius="0.5" length="4" />
		<capsule pos="-28.75,-33.0,-20.699999999999996" vel="0,0,0" mass="1" elasticityCoef="1" ang="90,0,0" color="0,220,0" radius="0.5" length="4" />
		<capsule pos="-28.75,-33.0,-18.4" vel="0,0,0" mass="1" elasticityCoef="1" ang="90,0,0" color="0,220,0" radius="0.5" length="4" />
		<capsule pos="-28.75,-33.0,-16.099999999999998" vel="0,0,0" mass="1" elasticityCoef="1" ang="90,0,0" color="0,220,0" radius="0.5" length="4" />
		<capsule pos="-28.75,-33.0,-13.799999999999997" vel="0,0,0" mass="1" elasticityCoef="1" ang="90,0,0" color="0,220,0" radius="0.5" length="4" />
		<capsule pos="-28.75,-33.0,-11.5" vel="0,0,0" mass="1" elasticityCoef="1" ang="90,0,0" color="0,220,0" radius="0.5" length="4" />
		<capsule pos="-28.75,-33.0,-9.199999999999996" vel="0,0,0" mass="1" elasticityCoef="1" ang="90,0,0" color="0,220,0" radius="0.5" length="4" />
		<capsule pos="-28.75,-33.0,-6.899999999999999" vel="0,0,0" mass="1" elasticityCoef="1" ang="90,0,0" color="0,220,0" radius="0.5" length="4" />
		<capsule pos="-28.75,-33.0,-4.600000000000001" vel="0,0,0" mass="1" elasticityCoef="1" ang="90,0,0" color="0,220,0" radius="0.5" length="4" />
		<capsule pos="-28.75,-33.0,-2.299999999999997" vel="0,0,0" mass="1" elasticityCoef="1" ang="90,0,0" color="0,220,0" radius="0.5" length="4" />
		<capsule pos="-28.75,-33.0,0.0" vel="0,0,0" mass="1" elasticityCoef="1" ang="90,0,0" color="0,220,0" radius="0.5" length="4" />
		<capsule pos="-28.75,-33.0,2.3000000000000043" vel="0,0,0" mass="1" elasticityCoef="1" ang="90,0,0" color="0,220,0" radius="0.5" length="4" />
		<capsule pos="-28.75,-33.0,4.600000000000001" vel="0,0,0" mass="1" elasticityCoef="1" ang="90,0,0" color="0,220,0" radius="0.5" length="4" />
		<capsule pos="-28.75,-33.0,6.899999999999999" vel="0,0,0" mass="1" elasticityCoef="1" ang="90,0,0" color="0,220,0" radius="0.5" length="4" />
		<capsule pos="-28.75,-33.0,9.200000000000003" vel="0,0,0" mass="1" elasticityCoef="1" ang="90,0,0" color="0,220,0" radius="0.5" length="4" />
		<capsule pos="-28.75,-33.0,11.5" vel="0,0,0" mass="1" elasticityCoef="1" ang="90,0,0" color="0,220,0" radius="0.5" length="4" />
		<capsule pos="-28.75,-33.0,13.799999999999997" vel="0,0,0" mass="1" elasticityCoef="1" ang="90,0,0" color="0,220,0" radius="0.5" length="4" />
		<capsule pos="-28.75,-33.0,16.1" vel="0,0,0" mass="1" elasticityCoef="1" ang="90,0,0" color="0,220,0" radius="0.5" length="4" />
		<capsule pos="-28.75,-33.0,18.4" vel="0,0,0" mass="1" elasticityCoef="1" ang="90,0,0" color="0,220,0" radius="0.5" length="4" />
		<capsule pos="-28.75,-33.0,20.699999999999996" vel="0,0,0" mass="1" elasticityCoef="1" ang="90,0,0" color="0,220,0" radius="0.5" length="4" />
		<capsule pos="-28.75,-33.0,22.999999999999993" vel="0,0,0" mass="1" elasticityCoef="1" ang="90,0,0" color="0,220,0" radius="0.5" length="4" />
		<capsule pos="-28.75,-33.0,25.300000000000004" vel="0,0,0" mass="1" elasticityCoef="1" ang="90,0,0" color="0,220,0" radius="0.5" length="4" />
		<capsule pos="-28.75,-33.0,27.6" vel="0,0,0" mass="1" elasticityCoef="1" ang="90,0,0" color="0,220,0" radius="0.5" length="4" />
		<capsule pos="-28.75,-33.0,29.9" vel="0,0,0" mass="1" elasticityCoef="1" ang="90,0,0" color="0,220,0" radius="0.5" length="4" />
		<capsule pos="-28.75,-33.0,32.199999999999996" vel="0,0,0" mass="1" elasticityCoef="1" ang="90,0,0" color="0,220,0" radius="0.5" length="4" />
		<capsule pos="-28.75,-33.0,34.49999999999999" vel="0,0,0" mass="1" elasticityCoef="1" ang="90,0,0" color="0,220,0" radius="0.5" length="4" />
		<capsule pos="-28.75,-33.0,36.800000000000004" vel="0,0,0" mass="1" elasticityCoef="1" ang="90,0,0" color="0,220,0" radius="0.5" length="4" />
		<capsule pos="-28.75,-33.0,39.1" vel="0,0,0" mass="1" elasticityCoef="1" ang="90,0,0" color="0,220,0" radius="0.5" length="4" />
		<capsule pos="-28.75,-33.0,41.4" vel="0,0,0" mass="1" elasticityCoef="1" ang="90,0,0" color="0,220,0" radius="0.5" length="4" />
		<capsule pos="-28.75,-27.5,-43.699999999999996" vel="0,0,0" mass="1" elasticityCoef="1" ang="90,0,0" color="0,220,0" radius="0.5" length="4" />
		<capsule pos="-28.75,-27.5,-41.4" vel="0,0,0" mass="1" elasticityCoef="1" ang="90,0,0" color="0,220,0" radius="0.5" length="4" />
		<capsule pos="-28.75,-27.5,-39.099999999999994" vel="0,0,0" mass="1" elasticityCoef="1" ang="90,0,0" color="0,220,0" radius="0.5" length="4" />
		<capsule pos="-28.75,-27.5,-36.8" vel="0,0,0" mass="1" elasticityCoef="1" ang="90,0,0" color="0,220,0" radius="0.5" length="4" />
		<capsule pos="-28.75,-27.5,-34.5" vel="0,0,0" mass="1" elasticityCoef="1" ang="90,0,0" color="0,220,0" radius="0.5" length="4" />
		<capsule pos="-28.75,-27.5,-32.199999999999996" vel="0,0,0" mass="1" elasticityCoef="1" ang="90,0,0" color="0,220,0" radius="0.5" length="4" />
		<capsule pos="-28.75,-27.5,-29.9" vel="0,0,0" mass="1" elasticityCoef="1" ang="90,0,0" color="0,220,0" radius="0.5" length="4" />
		<capsule pos="-28.75,-27.5,-27.599999999999998" vel="0,0,0" mass="1" elasticityCoef="1" ang="90,0,0" color="0,220,0" radius="0.5" length="4" />
		<capsule pos="-28.75,-27.5,-25.299999999999997" vel="0,0,0" mass="1" elasticityCoef="1" ang="90,0,0" color="0,220,0" radius="0.5" length="4" />
		<capsule pos="-28.75,-27.5,-22.999999999999996" vel="0,0,0" mass="1" elasticityCoef="1" ang="90,0,0" color="0,220,0" radius="0.5" length="4" />
		<capsule pos="-28.75,-27.5,-20.699999999999996" vel="0,0,0" mass="1" elasticityCoef="1" ang="90,0,0" color="0,220,0" radius="0.5" length="4" />
		<capsule pos="-28.75,-27.5,-18.4" vel="0,0,0" mass="1" elasticityCoef="1" ang="90,0,0" color="0,220,0" radius="0.5" length="4" />
		<capsule pos="-28.75,-27.5,-16.099999999999998" vel="0,0,0" mass="1" elasticityCoef="1" ang="90,0,0" color="0,220,0" radius="0.5" length="4" />
		<capsule pos="-28.75,-27.5,-13.799999999999997" vel="0,0,0" mass="1" elasticityCoef="1" ang="90,0,0" color="0,220,0" radius="0.5" length="4" />
		<capsule pos="-28.75,-27.5,-11.5" vel="0,0,0" mass="1" elasticityCoef="1" ang="90,0,0" color="0,220,0" radius="0.5" length="4" />
		<capsule pos="-28.75,-27.5,-9.199999999999996" vel="0,0,0" mass="1" elasticityCoef="1" ang="90,0,0" color="0,220,0" radius="0.5" length="4" />
		<capsule pos="-28.75,-27.5,-6.899999999999999" vel="0,0,0" mass="1" elasticityCoef="1" ang="90,0,0" color="0,220,0" radius="0.5" length="4" />
		<capsule pos="-28.75,-27.5,-4.600000000000001" vel="0,0,0" mass="1" elasticityCoef="1" ang="90,0,0" color="0,220,0" radius="0.5" length="4" />
		<capsule pos="-28.75,-27.5,-2.299999999999997" vel="0,0,0" mass="1" elasticityCoef="1" ang="90,0,0" color="0,220,0" radius="0.5" length="4" />
		<capsule pos="-28.75,-27.5,0.0" vel="0,0,0" mass="1" elasticityCoef="1" ang="90,0,0" color="0,220,0" radius="0.5" length="4" />
		<capsule pos="-28.75,-27.5,2.3000000000000043" vel="0,0,0" mass="1" elasticityCoef="1" ang="90,0,0" color="0,220,0" radius="0.5" length="4" />
		<capsule pos="-28.75,-27.5,4.600000000000001" vel="0,0,0" mass="1" elasticityCoef="1" ang="90,0,0" color="0,220,0" radius="0.5" length="4" />
		<capsule pos="-28.75,-27.5,6.899999999999999" vel="0,0,0" mass="1" elasticityCoef="1" ang="90,0,0" color="0,220,0" radius="0.5" length="4" />
		<capsule pos="-28.75,-27.5,9.200000000000003" vel="0,0,0" mass="1" elasticityCoef="1" ang="90,0,0" color="0,220,0" radius="0.5" length="4" />
		<capsule pos="-28.75,-27.5,11.5" vel="0,0,0" mass="1" elasticityCoef="1" ang="90,0,0" color="0,220,0" radius="0.5" length="4" />
		<capsule pos="-28.75,-27.5,13.799999999999997" vel="0,0,0" mass="1" elasticityCoef="1" ang="90,0,0" color="0,220,0" radius="0.5" length="4" />
		<capsule pos="-28.75,-27.5,16.1" vel="0,0,0" mass="1" elasticityCoef="1" ang="90,0,0" color="0,220,0" radius="0.5" length="4" />
		<capsule pos="-28.75,-27.5,18.4" vel="0,0,0" mass="1" elasticityCoef="1" ang="90,0,0" color="0,220,0" radius="0.5" length="4" />
		<capsule pos="-28.75,-27.5,20.699999999999996" vel="0,0,0" mass="1" elasticityCoef="1" ang="90,0,0" color="0,220,0" radius="0.5" length="4" />
		<capsule pos="-28.75,-27.5,22.999999999999993" vel="0,0,0" mass="1" elasticityCoef="1" ang="90,0,0" color="0,220,0" radius="0.5" length="4" />
		<capsule pos="-28.75,-27.5,25.300000000000004" vel="0,0,0" mass="1" elasticityCoef="1" ang="90,0,0" color="0,220,0" radius="0.5" length="4" />
		<capsule pos="-28.75,-27.5,27.6" vel="0,0,0" mass="1" elasticityCoef="1" ang="90,0,0" color="0,220,0" radius="0.5" length="4" />
		<capsule pos="-28.75,-27.5,29.9" vel="0,0,0" mass="1" elasticityCoef="1" ang="90,0,0" color="0,220,0" radius="0.5" length="4" />
		<capsule pos="-28.75,-27.5,32.199999999999996" vel="0,0,0" mass="1" elasticityCoef="1" ang="90,0,0" color="0,220,0" radius="0.5" length="4" />
		<capsule pos="-28.75,-27.5,34.49999999999999" vel="0,0,0" mass="1" elasticityCoef="1" ang="90,0,0" color="0,220,0" radius="0.5" length="4" />
		<capsule pos="-28.75,-27.5,36.800000000000004" vel="0,0,0" mass="1" elasticityCoef="1" ang="90,0,0" color="0,220,0" radius="0.5" length="4" />
		<capsule pos="-28.75,-27.5,39.1" vel="0,0,0" mass="1" elasticityCoef="1" ang="90,0,0" color="0,220,0" radius="0.5" length="4" />
		<capsule pos="-28.75,-27.5,41.4" vel="0,0,0" mass="1" elasticityCoef="1" ang="90,0,0" color="0,220,0" radius="0.5" length="4" />
		<capsule pos="-28.75,-22.0,-43.699999999999996" vel="0,0,0" mass="1" elasticityCoef="1" ang="90,0,0" color="0,220,0" radius="0.5" length="4" />
		<capsule pos="-28.75,-22.0,-41.4" vel="0,0,0" mass="1" elasticityCoef="1" ang="90,0,0" color="0,220,0" radius="0.5" length="4" />
		<capsule pos="-28.75,-22.0,-39.099999999999994" vel="0,0,0" mass="1" elasticityCoef="1" ang="90,0,0" color="0,220,0" radius="0.5" length="4" />
		<capsule pos="-28.75,-22.0,-36.8" vel="0,0,0" mass="1" elasticityCoef="1" ang="90,0,0" color="0,220,0" radius="0.5" length="4" />
		<capsule pos="-28.75,-22.0,-34.5" vel="0,0,0" mass="1" elasticityCoef="1" ang="90,0,0" color="0,220,0" radius="0.5" length="4" />
		<capsule pos="-28.75,-22.0,-32.199999999999996" vel="0,0,0" mass="1" elasticityCoef="1" ang="90,0,0" color="0,220,0" radius="0.5" length="4" />
		<capsule pos="-28.75,-22.0,-29.9" vel="0,0,0" mass="1" elasticityCoef="1" ang="90,0,0" color="0,220,0" radius="0.5" length="4" />
		<capsule pos="-28.75,-22.0,-27.599999999999998" vel="0,0,0" mass="1" elasticityCoef="1" ang="90,0,0" color="0,220,0" radius="0.5" length="4" />
		<capsule pos="-28.75,-22.0,-25.299999999999997" vel="0,0,0" mass="1" elasticityCoef="1" ang="90,0,0" color="0,220,0" radius="0.5" length="4" />
		<capsule pos="-28.75,-22.0,-22.999999999999996" vel="0,0,0" mass="1" elasticityCoef="1" ang="90,0,0" color="0,220,0" radius="0.5" length="4" />
		<capsule pos="-28.75,-22.0,-20.699999999999996" vel="0,0,0" mass="1" elasticityCoef="1" ang="90,0,0" color="0,220,0" radius="0.5" length="4" />
		<capsule pos="-28.75,-22.0,-18.4" vel="0,0,0" mass="1" elasticityCoef="1" ang="90,0,0" color="0,220,0" radius="0.5" length="4" />
		<capsule pos="-28.75,-22.0,-16.099999999999998" vel="0,0,0" mass="1" elasticityCoef="1" ang="90,0,0" color="0,220,0" radius="0.5" length="4" />
		<capsule pos="-28.75,-22.0,-13.799999999999997" vel="0,0,0" mass="1" elasticityCoef="1" ang="90,0,0" color="0,220,0" radius="0.5" length="4" />
		<capsule pos="-28.75,-22.0,-11.5" vel="0,0,0" mass="1" elasticityCoef="1" ang="90,0,0" color="0,220,0" radius="0.5" length="4" />
		<capsule pos="-28.75,-22.0,-9.199999999999996" vel="0,0,0" mass="1" elasticityCoef="1" ang="90,0,0" color="0,220,0" radius="0.5" length="4" />
		<capsule pos="-28.75,-22.0,-6.899999999999999" vel="0,0,0" mass="1" elasticityCoef="1" ang="90,0,0" color="0,220,0" radius="0.5" length="4" />
		<capsule pos="-28.75,-22.0,-4.600000000000001" vel="0,0,0" mass="1" elasticityCoef="1" ang="90,0,0" color="0,220,0" radius="0.5" length="4" />
		<capsule pos="-28.75,-22.0,-2.299999999999997" vel="0,0,0" mass="1" elasticityCoef="1" ang="90,0,0" color="0,220,0" radius="0.5" length="4" />
		<capsule pos="-28.75,-22.0,0.0" vel="0,0,0" mass="1" elasticityCoef="1" ang="90,0,0" color="0,220,0" radius="0.5" length="4" />
		<capsule pos="-28.75,-22.0,2.3000000000000043" vel="0,0,0" mass="1" elasticityCoef="1" ang="90,0,0" color="0,220,0" radius="0.5" length="4" />
		<capsule pos="-28.75,-22.0,4.600000000000001" vel="0,0,0" mass="1" elasticityCoef="1" ang="90,0,0" color="0,220,0" radius="0.5" length="4" />
		<capsule pos="-28.75,-22.0,6.899999999999999" vel="0,0,0" mass="1" elasticityCoef="1" ang="90,0,0" color="0,220,0" radius="0.5" length="4" />
		<capsule pos="-28.75,-22.0,9.200000000000003" vel="0,0,0" mass="1" elasticityCoef="1" ang="90,0,0" color="0,220,0" radius="0.5" length="4" />
		<capsule pos="-28.75,-22.0,11.5" vel="0,0,0" mass="1" elasticityCoef="1" ang="90,0,0" color="0,220,0" radius="0.5" length="4" />
		<capsule pos="-28.75,-22.0,13.799999999999997" vel="0,0,0" mass="1" elasticityCoef="1" ang="90,0,0" color="0,220,0" radius="0.5" length="4" />
		<capsule pos="-28.75,-22.0,16.1" vel="0,0,0" mass="1" elasticityCoef="1" ang="90,0,0" color="0,220,0" radius="0.5" length="4" />
		<capsule pos="-28.75,-22.0,18.4" vel="0,0,0" mass="1" elasticityCoef="1" ang="90,0,0" color="0,220,0" radius="0.5" length="4" />
		<capsule pos="-28.75,-22.0,20.699999999999996" vel="0,0,0" mass="1" elasticityCoef="1" ang="90,0,0" color="0,220,0" radius="0.5" length="4" />
		<capsule pos="-28.75,-22.0,22.999999999999993" vel="0,0,0" mass="1" elasticityCoef="1" ang="90,0,0" color="0,220,0" radius="0.5" length="4" />
		<capsule pos="-28.75,-22.0,25.300000000000004" vel="0,0,0" mass="1" elasticityCoef="1" ang="90,0,0" color="0,220,0" radius="0.5" length="4" />
		<capsule pos="-28.75,-22.0,27.6" vel="0,0,0" mass="1" elasticityCoef="1" ang="90,0,0" color="0,220,0" radius="0.5" length="4" />
		<capsule pos="-28.75,-22.0,29.9" vel="0,0,0" mass="1" elasticityCoef="1" ang="90,0,0" color="0,220,0" radius="0.5" length="4" />
		<capsule pos="-28.75,-22.0,32.199999999999996" vel="0,0,0" mass="1" elasticityCoef="1" ang="90,0,0" color="0,220,0" radius="0.5" length="4" />
		<capsule pos="-28.75,-22.0,34.49999999999999" vel="0,0,0" mass="1" elasticityCoef="1" ang="90,0,0" color="0,220,0" radius="0.5" length="4" />
		<capsule pos="-28.75,-22.0,36.800000000000004" vel="0,0,0" mass="1" elasticityCoef="1" ang="90,0,0" color="0,220,0" radius="0.5" length="4" />
		<capsule pos="-28.75,-22.0,39.1" vel="0,0,0" mass="1" elasticityCoef="1" ang="90,0,0" color="0,220,0" radius="0.5" length="4" />
		<capsule pos="-28.75,-22.0,41.4" vel="0,0,0" mass="1" elasticityCoef="1" ang="90,0,0" color="0,220,0" radius="0.5" length="4" />
		<capsule pos="-28.75,-16.5,-43.699999999999996" vel="0,0,0" mass="1" elasticityCoef="1" ang="90,0,0" color="0,220,0" radius="0.5" length="4" />
		<capsule pos="-28.75,-16.5,-41.4" vel="0,0,0" mass="1" elasticityCoef="1" ang="90,0,0" color="0,220,0" radius="0.5" length="4" />
		<capsule pos="-28.75,-16.5,-39.099999999999994" vel="0,0,0" mass="1" elasticityCoef="1" ang="90,0,0" color="0,220,0" radius="0.5" length="4" />
		<capsule pos="-28.75,-16.5,-36.8" vel="0,0,0" mass="1" elasticityCoef="1" ang="90,0,0" color="0,220,0" radius="0.5" length="4" />
		<capsule pos="-28.75,-16.5,-34.5" vel="0,0,0" mass="1" elasticityCoef="1" ang="90,0,0" color="0,220,0" radius="0.5" length="4" />
		<capsule pos="-28.75,-16.5,-32.199999999999996" vel="0,0,0" mass="1" elasticityCoef="1" ang="90,0,0" color="0,220,0" radius="0.5" length="4" />
		<capsule pos="-28.75,-16.5,-29.9" vel="0,0,0" mass="1" elasticityCoef="1" ang="90,0,0" color="0,220,0" radius="0.5" length="4" />
		<capsule pos="-28.75,-16.5,-27.599999999999998" vel="0,0,0" mass="1" elasticityCoef="1" ang="90,0,0" color="0,220,0" radius="0.5" length="4" />
		<capsule pos="-28.75,-16.5,-25.299999999999997" vel="0,0,0" mass="1" elasticityCoef="1" ang="90,0,0" color="0,220,0" radius="0.5" length="4" />
		<capsule pos="-28.75,-16.5,-22.999999999999996" vel="0,0,0" mass="1" elasticityCoef="1" ang="90,0,0" color="0,220,0" radius="0.5" length="4" />
		<capsule pos="-28.75,-16.5,-20.699999999999996" vel="0,0,0" mass="1" elasticityCoef="1" ang="90,0,0" color="0,220,0" radius="0.5" length="4" />
		<capsule pos="-28.75,-16.5,-18.4" vel="0,0,0" mass="1" elasticityCoef="1" ang="90,0,0" color="0,220,0" radius="0.5" length="4" />
		<capsule pos="-28.75,-16.5,-16.099999999999998" vel="0,0,0" mass="1" elasticityCoef="1" ang="90,0,0" color="0,220,0" radius="0.5" length="4" />
		<capsule pos="-28.75,-16.5,-13.799999999999997" vel="0,0,0" mass="1" elasticityCoef="1" ang="90,0,0" color="0,220,0" radius="0.5" length="4" />
		<capsule pos="-28.75,-16.5,-11.5" vel="0,0,0" mass="1" elasticityCoef="1" ang="90,0,0" color="0,220,0" radius="0.5" length="4" />
		<capsule pos="-28.75,-16.5,-9.199999999999996" vel="0,0,0" mass="1" elasticityCoef="1" ang="90,0,0" color="0,220,0" radius="0.5" length="4" />
		<capsule pos="-28.75,-16.5,-6.899999999999999" vel="0,0,0" mass="1" elasticityCoef="1" ang="90,0,0" color="0,220,0" radius="0.5" length="4" />
		<capsule pos="-28.75,-16.5,-4.600000000000001" vel="0,0,0" mass="1" elasticityCoef="1" ang="90,0,0" color="0,220,0" radius="0.5" length="4" />
		<capsule pos="-28.75,-16.5,-2.299999999999997" vel="0,0,0" mass="1" elasticityCoef="1" ang="90,0,0" color="0,220,0" radius="0.5" length="4" />
		<capsule pos="-28.75,-16.5,0.0" vel="0,0,0" mass="1" elasticityCoef="1" ang="90,0,0" color="0,220,0" radius="0.5" length="4" />
		<capsule pos="-28.75,-16.5,2.3000000000000043" vel="0,0,0" mass="1" elasticityCoef="1" ang="90,0,0" color="0,220,0" radius="0.5" length="4" />
		<capsule pos="-28.75,-16.5,4.600000000000001" vel="0,0,0" mass="1" elasticityCoef="1" ang="90,0,0" color="0,220,0" radius="0.5" length="4" />
		<capsule pos="-28.75,-16.5,6.899999999999999" vel="0,0,0" mass="1" elasticityCoef="1" ang="90,0,0" color="0,220,0" radius="0.5" length="4" />
		<capsule pos="-28.75,-16.5,9.200000000000003" vel="0,0,0" mass="1" elasticityCoef="1" ang="90,0,0" color="0,220,0" radius="0.5" length="4" />
		<capsule pos="-28.75,-16.5,11.5" vel="0,0,0" mass="1" elasticityCoef="1" ang="90,0,0" color="0,220,0" radius="0.5" length="4" />
		<capsule pos="-28.75,-16.5,13.799999999999997" vel="0,0,0" mass="1" elasticityCoef="1" ang="90,0,0" color="0,220,0" radius="0.5" length="4" />
		<capsule pos="-28.75,-16.5,16.1" vel="0,0,0" mass="1" elasticityCoef="1" ang="90,0,0" color="0,220,0" radius="0.5" length="4" />
		<capsule pos="-28.75,-16.5,18.4" vel="0,0,0" mass="1" elasticityCoef="1" ang="90,0,0" color="0,220,0" radius="0.5" length="4" />
		<capsule pos="-28.75,-16.5,20.699999999999996" vel="0,0,0" mass="1" elasticityCoef="1" ang="90,0,0" color="0,220,0" radius="0.5" length="4" />
		<capsule pos="-28.75,-16.5,22.999999999999993" vel="0,0,0" mass="1" elasticityCoef="1" ang="90,0,0" color="0,220,0" radius="0.5" length="4" />
		<capsule pos="-28.75,-16.5,25.300000000000004" vel="0,0,0" mass="1" elasticityCoef="1" ang="90,0,0" color="0,220,0" radius="0.5" length="4" />
		<capsule pos="-28.75,-16.5,27.6" vel="0,0,0" mass="1" elasticityCoef="1" ang="90,0,0" color="0,220,0" radius="0.5" length="4" />
		<capsule pos="-28.75,-16.5,29.9" vel="0,0,0" mass="1" elasticityCoef="1" ang="90,0,0" color="0,220,0" radius="0.5" length="4" />
		<capsule pos="-28.75,-16.5,32.199999999999996" vel="0,0,0" mass="1" elasticityCoef="1" ang="90,0,0" color="0,220,0" radius="0.5" length="4" />
		<capsule pos="-28.75,-16.5,34.49999999999999" vel="0,0,0" mass="1" elasticityCoef="1" ang="90,0,0" color="0,220,0" radius="0.5" length="4" />
		<capsule pos="-28.75,-16.5,36.800000000000004" vel="0,0,0" mass="1" elasticityCoef="1" ang="90,0,0" color="0,220,0" radius="0.5" length="4" />
		<capsule pos="-28.75,-16.5,39.1" vel="0,0,0" mass="1" elasticityCoef="1" ang="90,0,0" color="0,220,0" radius="0.5" length="4" />
		<capsule pos="-28.75,-16.5,41.4" vel="0,0,0" mass="1" elasticityCoef="1" ang="90,0,0" color="0,220,0" radius="0.5" length="4" />
		<capsule pos="-28.75,-11.0,-43.699999999999996" vel="0,0,0" mass="1" elasticityCoef="1" ang="90,0,0" color="0,220,0" radius="0.5" length="4" />
		<capsule pos="-28.75,-11.0,-41.4" vel="0,0,0" mass="1" elasticityCoef="1" ang="90,0,0" color="0,220,0" radius="0.5" length="4" />
		<capsule pos="-28.75,-11.0,-39.099999999999994" vel="0,0,0" mass="1" elasticityCoef="1" ang="90,0,0" color="0,220,0" radius="0.5" length="4" />
		<capsule pos="-28.75,-11.0,-36.8" vel="0,0,0" mass="1" elasticityCoef="1" ang="90,0,0" color="0,220,0" radius="0.5" length="4" />
		<capsule pos="-28.75,-11.0,-34.5" vel="0,0,0" mass="1" elasticityCoef="1" ang="90,0,0" color="0,220,0" radius="0.5" length="4" />
		<capsule pos="-28.75,-11.0,-32.199999999999996" vel="0,0,0" mass="1" elasticityCoef="1" ang="90,0,0" color="0,220,0" radius="0.5" length="4" />
		<capsule pos="-28.75,-11.0,-29.9" vel="0,0,0" mass="1" elasticityCoef="1" ang="90,0,0" color="0,220,0" radius="0.5" length="4" />
		<capsule pos="-28.75,-11.0,-27.599999999999998" vel="0,0,0" mass="1" elasticityCoef="1" ang="90,0,0" color="0,220,0" radius="0.5" length="4" />
		<capsule pos="-28.75,-11.0,-25.299999999999997" vel="0,0,0" mass="1" elasticityCoef="1" ang="90,0,0" color="0,220,0" radius="0.5" length="4" />
		<capsule pos="-28.75,-11.0,-22.999999999999996" vel="0,0,0" mass="1" elasticityCoef="1" ang="90,0,0" color="0,220,0" radius="0.5" length="4" />
		<capsule pos="-28.75,-11.0,-20.699999999999996" vel="0,0,0" mass="1" elasticityCoef="1" ang="90,0,0" color="0,220,0" radius="0.5" length="4" />
		<capsule pos="-28.75,-11.0,-18.4" vel="0,0,0" mass="1" elasticityCoef="1" ang="90,0,0" color="0,220,0" radius="0.5" length="4" />
		<capsule pos="-28.75,-11.0,-16.099999999999998" vel="0,0,0" mass="1" elasticityCoef="1" ang="90,0,0" color="0,220,0" radius="0.5" length="4" />
		<capsule pos="-28.75,-11.0,-13.799999999999997" vel="0,0,0" mass="1" elasticityCoef="1" ang="90,0,0" color="0,220,0" radius="0.5" length="4" />
		<capsule pos="-28.75,-11.0,-11.5" vel="0,0,0" mass="1" elasticityCoef="1" ang="90,0,0" color="0,220,0" radius="0.5" length="4" />
		<capsule pos="-28.75,-11.0,-9.199999999999996" vel="0,0,0" mass="1" elasticityCoef="1" ang="90,0,0" color="0,220,0" radius="0.5" length="4" />
		<capsule pos="-28.75,-11.0,-6.899999999999999" vel="0,0,0" mass="1" elasticityCoef="1" ang="90,0,0" color="0,220,0" radius="0.5" length="4" />
		<capsule pos="-28.75,-11.0,-4.600000000000001" vel="0,0,0" mass="1" elasticityCoef="1" ang="90,0,0" color="0,220,0" radius="0.5" length="4" />
		<capsule pos="-28.75,-11.0,-2.299999999999997" vel="0,0,0" mass="1" elasticityCoef="1" ang="90,0,0" color="0,220,0" radius="0.5" length="4" />
		<capsule pos="-28.75,-11.0,0.0" vel="0,0,0" mass="1" elasticityCoef="1" ang="90,0,0" color="0,220,0" radius="0.5" length="4" />
		<capsule pos="-28.75,-11.0,2.3000000000000043" vel="0,0,0" mass="1" elasticityCoef="1" ang="90,0,0" color="0,220,0" radius="0.5" length="4" />
		<capsule pos="-28.75,-11.0,4.600000000000001" vel="0,0,0" mass="1" elasticityCoef="1" ang="90,0,0" color="0,220,0" radius="0.5" length="4" />
		<capsule pos="-28.75,-11.0,6.899999999999999" vel="0,0,0" mass="1" elasticityCoef="1" ang="90,0,0" color="0,220,0" radius="0.5" length="4" />
		<capsule pos="-28.75,-11.0,9.200000000000003" vel="0,0,0" mass="1" elasticityCoef="1" ang="90,0,0" color="0,220,0" radius="0.5" length="4" />
		<capsule pos="-28.75,-11.0,11.5" vel="0,0,0" mass="1" elasticityCoef="1" ang="90,0,0" color="0,220,0" radius="0.5" length="4" />
		<capsule pos="-28.75,-11.0,13.799999999999997" vel="0,0,0" mass="1" elasticityCoef="1" ang="90,0,0" color="0,220,0" radius="0.5" length="4" />
		<capsule pos="-28.75,-11.0,16.1" vel="0,0,0" mass="1" elasticityCoef="1" ang="90,0,0" color="0,220,0" radius="0.5" length="4" />
		<capsule pos="-28.75,-11.0,18.4" vel="0,0,0" mass="1" elasticityCoef="1" ang="90,0,0" color="0,220,0" radius="0.5" length="4" />
		<capsule pos="-28.75,-11.0,20.699999999999996" vel="0,0,0" mass="1" elasticityCoef="1" ang="90,0,0" color="0,220,0" radius="0.5" length="4" />
		<capsule pos="-28.75,-11.0,22.999999999999993" vel="0,0,0" mass="1" elasticityCoef="1" ang="90,0,0" color="0,220,0" radius="0.5" length="4" />
		<capsule pos="-28.75,-11.0,25.300000000000004" vel="0,0,0" mass="1" elasticityCoef="1" ang="90,0,0" color="0,220,0" radius="0.5" length="4" />
		<capsule pos="-28.75,-11.0,27.6" vel="0,0,0" mass="1" elasticityCoef="1" ang="90,0,0" color="0,220,0" radius="0.5" length="4" />
		<capsule pos="-28.75,-11.0,29.9" vel="0,0,0" mass="1" elasticityCoef="1" ang="90,0,0" color="0,220,0" radius="0.5" length="4" />
		<capsule pos="-28.75,-11.0,32.199999999999996" vel="0,0,0" mass="1" elasticityCoef="1" ang="90,0,0" color="0,220,0" radius="0.5" length="4" />
		<capsule pos="-28.75,-11.0,34.49999999999999" vel="0,0,0" mass="1" elasticityCoef="1" ang="90,0,0" color="0,220,0" radius="0.5" length="4" />
		<capsule pos="-28.75,-11.0,36.800000000000004" vel="0,0,0" mass="1" elasticityCoef="1" ang="90,0,0" color="0,220,0" radius="0.5" length="4" />
		<capsule pos="-28.75,-11.0,39.1" vel="0,0,0" mass="1" elasticityCoef="1" ang="90,0,0" color="0,220,0" radius="0.5" length="4" />
		<capsule pos="-28.75,-11.0,41.4" vel="0,0,0" mass="1" elasticityCoef="1" ang="90,0,0" color="0,220,0" radius="0.5" length="4" />
		<capsule pos="-28.75,-5.5,-43.699999999999996" vel="0,0,0" mass="1" elasticityCoef="1" ang="90,0,0" color="0,220,0" radius="0.5" length="4" />
		<capsule pos="-28.75,-5.5,-41.4" vel="0,0,0" mass="1" elasticityCoef="1" ang="90,0,0" color="0,220,0" radius="0.5" length="4" />
		<capsule pos="-28.75,-5.5,-39.099999999999994" vel="0,0,0" mass="1" elasticityCoef="1" ang="90,0,0" color="0,220,0" radius="0.5" length="4" />
		<capsule pos="-28.75,-5.5,-36.8" vel="0,0,0" mass="1" elasticityCoef="1" ang="90,0,0" color="0,220,0" radius="0.5" length="4" />
		<capsule pos="-28.75,-5.5,-34.5" vel="0,0,0" mass="1" elasticityCoef="1" ang="90,0,0" color="0,220,0" radius="0.5" length="4" />
		<capsule pos="-28.75,-5.5,-32.199999999999996" vel="0,0,0" mass="1" elasticityCoef="1" ang="90,0,0" color="0,220,0" radius="0.5" length="4" />
		<capsule pos="-28.75,-5.5,-29.9" vel="0,0,0" mass="1" elasticityCoef="1" ang="90,0,0" color="0,220,0" radius="0.5" length="4" />
		<capsule pos="-28.75,-5.5,-27.599999999999998" vel="0,0,0" mass="1" elasticityCoef="1" ang="90,0,0" color="0,220,0" radius="0.5" length="4" />
		<capsule pos="-28.75,-5.5,-25.299999999999997" vel="0,0,0" mass="1" elasticityCoef="1" ang="90,0,0" color="0,220,0" radius="0.5" length="4" />
		<capsule pos="-28.75,-5.5,-22.999999999999996" vel="0,0,0" mass="1" elasticityCoef="1" ang="90,0,0" color="0,220,0" radius="0.5" length="4" />
		<capsule pos="-28.75,-5.5,-20.699999999999996" vel="0,0,0" mass="1" elasticityCoef="1" ang="90,0,0" color="0,220,0" radius="0.5" length="4" />
		<capsule pos="-28.75,-5.5,-18.4" vel="0,0,0" mass="1" elasticityCoef="1" ang="90,0,0" color="0,220,0" radius="0.5" length="4" />
		<capsule pos="-28.75,-5.5,-16.099999999999998" vel="0,0,0" mass="1" elasticityCoef="1" ang="90,0,0" color="0,220,0" radius="0.5" length="4" />
		<capsule pos="-28.75,-5.5,-13.799999999999997" vel="0,0,0" mass="1" elasticityCoef="1" ang="90,0,0" color="0,220,0" radius="0.5" length="4" />
		<capsule pos="-28.75,-5.5,-11.5" vel="0,0,0" mass="1" elasticityCoef="1" ang="90,0,0" color="0,220,0" radius="0.5" length="4" />
		<capsule pos="-28.75,-5.5,-9.199999999999996" vel="0,0,0" mass="1" elasticityCoef="1" ang="90,0,0" color="0,220,0" radius="0.5" length="4" />
		<capsule pos="-28.75,-5.5,-6.899999999999999" vel="0,0,0" mass="1" elasticityCoef="1" ang="90,0,0" color="0,220,0" radius="0.5" length="4" />
		<capsule pos="-28.75,-5.5,-4.600000000000001" vel="0,0,0" mass="1" elasticityCoef="1" ang="90,0,0" color="0,220,0" radius="0.5" length="4" />
		<capsule pos="-28.75,-5.5,-2.299999999999997" vel="0,0,0" mass="1" elasticityCoef="1" ang="90,0,0" color="0,220,0" radius="0.5" length="4" />
		<capsule pos="-28.75,-5.5,0.0" vel="0,0,0" mass="1" elasticityCoef="1" ang="90,0,0" color="0,220,0" radius="0.5" length="4" />
		<capsule pos="-28.75,-5.5,2.3000000000000043" vel="0,0,0" mass="1" elasticityCoef="1" ang="90,0,0" color="0,220,0" radius="0.5" length="4" />
		<capsule pos="-28.75,-5.5,4.600000000000001" vel="0,0,0" mass="1" elasticityCoef="1" ang="90,0,0" color="0,220,0" radius="0.5" length="4" />
		<capsule pos="-28.75,-5.5,6.899999999999999" vel="0,0,0" mass="1" elasticityCoef="1" ang="90,0,0" color="0,220,0" radius="0.5" length="4" />
		<capsule pos="-28.75,-5.5,9.200000000000003" vel="0,0,0" mass="1" elasticityCoef="1" ang="90,0,0" color="0,220,0" radius="0.5" length="4" />
		<capsule pos="-28.75,-5.5,11.5" vel="0,0,0" mass="1" elasticityCoef="1" ang="90,0,0" color="0,220,0" radius="0.5" length="4" />
		<capsule pos="-28.75,-5.5,13.799999999999997" vel="0,0,0" mass="1" elasticityCoef="1" ang="90,0,0" color="0,220,0" radius="0.5" length="4" />
		<capsule pos="-28.75,-5.5,16.1" vel="0,0,0" mass="1" elasticityCoef="1" ang="90,0,0" color="0,220,0" radius="0.5" length="4" />
		<capsule pos="-28.75,-5.5,18.4" vel="0,0,0" mass="1" elasticityCoef="1" ang="90,0,0" color="0,220,0" radius="0.5" length="4" />
		<capsule pos="-28.75,-5.5,20.699999999999996" vel="0,0,0" mass="1" elasticityCoef="1" ang="90,0,0" color="0,220,0" radius="0.5" length="4" />
		<capsule pos="-28.75,-5.5,22.999999999999993" vel="0,0,0" mass="1" elasticityCoef="1" ang="90,0,0" color="0,220,0" radius="0.5" length="4" />
		<capsule pos="-28.75,-5.5,25.300000000000004" vel="0,0,0" mass="1" elasticityCoef="1" ang="90,0,0" color="0,220,0" radius="0.5" length="4" />
		<capsule pos="-28.75,-5.5,27.6" vel="0,0,0" mass="1" elasticityCoef="1" ang="90,0,0" color="0,220,0" radius="0.5" length="4" />
		<capsule pos="-28.75,-5.5,29.9" vel="0,0,0" mass="1" elasticityCoef="1" ang="90,0,0" color="0,220,0" radius="0.5" length="4" />
		<capsule pos="-28.75,-5.5,32.199999999999996" vel="0,0,0" mass="1" elasticityCoef="1" ang="90,0,0" color="0,220,0" radius="0.5" length="4" />
		<capsule pos="-28.75,-5.5,34.49999999999999" vel="0,0,0" mass="1" elasticityCoef="1" ang="90,0,0" color="0,220,0" radius="0.5" length="4" />
		<capsule pos="-28.75,-5.5,36.800000000000004" vel="0,0,0" mass="1" elasticityCoef="1" ang="90,0,0" color="0,220,0" radius="0.5" length="4" />
		<capsule pos="-28.75,-5.5,39.1" vel="0,0,0" mass="1" elasticityCoef="1" ang="90,0,0" color="0,220,0" radius="0.5" length="4" />
		<capsule pos="-28.75,-5.5,41.4" vel="0,0,0" mass="1" elasticityCoef="1" ang="90,0,0" color="0,220,0" radius="0.5" length="4" />
		<capsule pos="-28.75,0.0,-43.699999999999996" vel="0,0,0" mass="1" elasticityCoef="1" ang="90,0,0" color="0,220,0" radius="0.5" length="4" />
		<capsule pos="-28.75,0.0,-41.4" vel="0,0,0" mass="1" elasticityCoef="1" ang="90,0,0" color="0,220,0" radius="0.5" length="4" />
		<capsule pos="-28.75,0.0,-39.099999999999994" vel="0,0,0" mass="1" elasticityCoef="1" ang="90,0,0" color="0,220,0" radius="0.5" length="4" />
		<capsule pos="-28.75,0.0,-36.8" vel="0,0,0" mass="1" elasticityCoef="1" ang="90,0,0" color="0,220,0" radius="0.5" length="4" />
		<capsule pos="-28.75,0.0,-34.5" vel="0,0,0" mass="1" elasticityCoef="1" ang="90,0,0" color="0,220,0" radius="0.5" length="4" />
		<capsule pos="-28.75,0.0,-32.199999999999996" vel="0,0,0" mass="1" elasticityCoef="1" ang="90,0,0" color="0,220,0" radius="0.5" length="4" />
		<capsule pos="-28.75,0.0,-29.9" vel="0,0,0" mass="1" elasticityCoef="1" ang="90,0,0" color="0,220,0" radius="0.5" length="4" />
		<capsule pos="-28.75,0.0,-27.599999999999998" vel="0,0,0" mass="1" elasticityCoef="1" ang="90,0,0" color="0,220,0" radius="0.5" length="4" />
		<capsule pos="-28.75,0.0,-25.299999999999997" vel="0,0,0" mass="1" elasticityCoef="1" ang="90,0,0" color="0,220,0" radius="0.5" length="4" />
		<capsule pos="-28.75,0.0,-22.999999999999996" vel="0,0,0" mass="1" elasticityCoef="1" ang="90,0,0" color="0,220,0" radius="0.5" length="4" />
		<capsule pos="-28.75,0.0,-20.699999999999996" vel="0,0,0" mass="1" elasticityCoef="1" ang="90,0,0" color="0,220,0" radius="0.5" length="4" />
		<capsule pos="-28.75,0.0,-18.4" vel="0,0,0" mass="1" elasticityCoef="1" ang="90,0,0" color="0,220,0" radius="0.5" length="4" />
		<capsule pos="-28.75,0.0,-16.099999999999998" vel="0,0,0" mass="1" elasticityCoef="1" ang="90,0,0" color="0,220,0" radius="0.5" length="4" />
		<capsule pos="-28.75,0.0,-13.799999999999997" vel="0,0,0" mass="1" elasticityCoef="1" ang="90,0,0" color="0,220,0" radius="0.5" length="4" />
		<capsule pos="-28.75,0.0,-11.5" vel="0,0,0" mass="1" elasticityCoef="1" ang="90,0,0" color="0,220,0" radius="0.5" length="4" />
		<capsule pos="-28.75,0.0,-9.199999999999996" vel="0,0,0" mass="1" elasticityCoef="1" ang="90,0,0" color="0,220,0" radius="0.5" length="4" />
		<capsule pos="-28.75,0.0,-6.899999999999999" vel="0,0,0" mass="1" elasticityCoef="1" ang="90,0,0" color="0,220,0" radius="0.5" length="4" />
		<capsule pos="-28.75,0.0,-4.600000000000001" vel="0,0,0" mass="1" elasticityCoef="1" ang="90,0,0" color="0,220,0" radius="0.5" length="4" />
		<capsule pos="-28.75,0.0,-2.299999999999997" vel="0,0,0" mass="1" elasticityCoef="1" ang="90,0,0" color="0,220,0" radius="0.5" length="4" />
		<capsule pos="-28.75,0.0,0.0" vel="0,0,0" mass="1" elasticityCoef="1" ang="90,0,0" color="0,220,0" radius="0.5" length="4" />
		<capsule pos="-28.75,0.0,2.3000000000000043" vel="0,0,0" mass="1" elasticityCoef="1" ang="90,0,0" color="0,220,0" radius="0.5" length="4" />
		<capsule pos="-28.75,0.0,4.600000000000001" vel="0,0,0" mass="1" elasticityCoef="1" ang="90,0,0" color="0,220,0" radius="0.5" length="4" />
		<capsule pos="-28.75,0.0,6.899999999999999" vel="0,0,0" mass="1" elasticityCoef="1" ang="90,0,0" color="0,220,0" radius="0.5" length="4" />
		<capsule pos="-28.75,0.0,9.200000000000003" vel="0,0,0" mass="1" elasticityCoef="1" ang="90,0,0" color="0,220,0" radius="0.5" length="4" />
		<capsule pos="-28.75,0.0,11.5" vel="0,0,0" mass="1" elasticityCoef="1" ang="90,0,0" color="0,220,0" radius="0.5" length="4" />
		<capsule pos="-28.75,0.0,13.799999999999997" vel="0,0,0" mass="1" elasticityCoef="1" ang="90,0,0" color="0,220,0" radius="0.5" length="4" />
		<capsule pos="-28.75,0.0,16.1" vel="0,0,0" mass="1" elasticityCoef="1" ang="90,0,0" color="0,220,0" radius="0.5" length="4" />
		<capsule pos="-28.75,0.0,18.4" vel="0,0,0" mass="1" elasticityCoef="1" ang="90,0,0" color="0,220,0" radius="0.5" length="4" />
		<capsule pos="-28.75,0.0,20.699999999999996" vel="0,0,0" mass="1" elasticityCoef="1" ang="90,0,0" color="0,220,0" radius="0.5" length="4" />
		<capsule pos="-28.75,0.0,22.999999999999993" vel="0,0,0" mass="1" elasticityCoef="1" ang="90,0,0" color="0,220,0" radius="0.5" length="4" />
		<capsule pos="-28.75,0.0,25.300000000000004" vel="0,0,0" mass="1" elasticityCoef="1" ang="90,0,0" color="0,220,0" radius="0.5" length="4" />
		<capsule pos="-28.75,0.0,27.6" vel="0,0,0" mass="1" elasticityCoef="1" ang="90,0,0" color="0,220,0" radius="0.5" length="4" />
		<capsule pos="-28.75,0.0,29.9" vel="0,0,0" mass="1" elasticityCoef="1" ang="90,0,0" color="0,220,0" radius="0.5" length="4" />
		<capsule pos="-28.75,0.0,32.199999999999996" vel="0,0,0" mass="1" elasticityCoef="1" ang="90,0,0" color="0,220,0" radius="0.5" length="4" />
		<capsule pos="-28.75,0.0,34.49999999999999" vel="0,0,0" mass="1" elasticityCoef="1" ang="90,0,0" color="0,220,0" radius="0.5" length="4" />
		<capsule pos="-28.75,0.0,36.800000000000004" vel="0,0,0" mass="1" elasticityCoef="1" ang="90,0,0" color="0,220,0" radius="0.5" length="4" />
		<capsule pos="-28.75,0.0,39.1" vel="0,0,0" mass="1" elasticityCoef="1" ang="90,0,0" color="0,220,0" radius="0.5" length="4" />
		<capsule pos="-28.75,0.0,41.4" vel="0,0,0" mass="1" elasticityCoef="1" ang="90,0,0" color="0,220,0" radius="0.5" length="4" />
		<capsule pos="-28.75,5.5,-43.699999999999996" vel="0,0,0" mass="1" elasticityCoef="1" ang="90,0,0" color="0,220,0" radius="0.5" length="4" />
		<capsule pos="-28.75,5.5,-41.4" vel="0,0,0" mass="1" elasticityCoef="1" ang="90,0,0" color="0,220,0" radius="0.5" length="4" />
		<capsule pos="-28.75,5.5,-39.099999999999994" vel="0,0,0" mass="1" elasticityCoef="1" ang="90,0,0" color="0,220,0" radius="0.5" length="4" />
		<capsule pos="-28.75,5.5,-36.8" vel="0,0,0" mass="1" elasticityCoef="1" ang="90,0,0" color="0,220,0" radius="0.5" length="4" />
		<capsule pos="-28.75,5.5,-34.5" vel="0,0,0" mass="1" elasticityCoef="1" ang="90,0,0" color="0,220,0" radius="0.5" length="4" />
		<capsule pos="-28.75,5.5,-32.199999999999996" vel="0,0,0" mass="1" elasticityCoef="1" ang="90,0,0" color="0,220,0" radius="0.5" length="4" />
		<capsule pos="-28.75,5.5,-29.9" vel="0,0,0" mass="1" elasticityCoef="1" ang="90,0,0" color="0,220,0" radius="0.5" length="4" />
		<capsule pos="-28.75,5.5,-27.599999999999998" vel="0,0,0" mass="1" elasticityCoef="1" ang="90,0,0" color="0,220,0" radius="0.5" length="4" />
		<capsule pos="-28.75,5.5,-25.299999999999997" vel="0,0,0" mass="1" elasticityCoef="1" ang="90,0,0" color="0,220,0" radius="0.5" length="4" />
		<capsule pos="-28.75,5.5,-22.999999999999996" vel="0,0,0" mass="1" elasticityCoef="1" ang="90,0,0" color="0,220,0" radius="0.5" length="4" />
		<capsule pos="-28.75,5.5,-20.699999999999996" vel="0,0,0" mass="1" elasticityCoef="1" ang="90,0,0" color="0,220,0" radius="0.5" length="4" />
		<capsule pos="-28.75,5.5,-18.4" vel="0,0,0" mass="1" elasticityCoef="1" ang="90,0,0" color="0,220,0" radius="0.5" length="4" />
		<capsule pos="-28.75,5.5,-16.099999999999998" vel="0,0,0" mass="1" elasticityCoef="1" ang="90,0,0" color="0,220,0" radius="0.5" length="4" />
		<capsule pos="-28.75,5.5,-13.799999999999997" vel="0,0,0" mass="1" elasticityCoef="1" ang="90,0,0" color="0,220,0" radius="0.5" length="4" />
		<capsule pos="-28.75,5.5,-11.5" vel="0,0,0" mass="1" elasticityCoef="1" ang="90,0,0" color="0,220,0" radius="0.5" length="4" />
		<capsule pos="-28.75,5.5,-9.199999999999996" vel="0,0,0" mass="1" elasticityCoef="1" ang="90,0,0" color="0,220,0" radius="0.5" length="4" />
		<capsule pos="-28.75,5.5,-6.899999999999999" vel="0,0,0" mass="1" elasticityCoef="1" ang="90,0,0" color="0,220,0" radius="0.5" length="4" />
		<capsule pos="-28.75,5.5,-4.600000000000001" vel="0,0,0" mass="1" elasticityCoef="1" ang="90,0,0" color="0,220,0" radius="0.5" length="4" />
		<capsule pos="-28.75,5.5,-2.299999999999997" vel="0,0,0" mass="1" elasticityCoef="1" ang="90,0,0" color="0,220,0" radius="0.5" length="4" />
		<capsule pos="-28.75,5.5,0.0" vel="0,0,0" mass="1" elasticityCoef="1" ang="90,0,0" color="0,220,0" radius="0.5" length="4" />
		<capsule pos="-28.75,5.5,2.3000000000000043" vel="0,0,0" mass="1" elasticityCoef="1" ang="90,0,0" color="0,220,0" radius="0.5" length="4" />
		<capsule pos="-28.75,5.5,4.600000000000001" vel="0,0,0" mass="1" elasticityCoef="1" ang="90,0,0" color="0,220,0" radius="0.5" length="4" />
		<capsule pos="-28.75,5.5,6.899999999999999" vel="0,0,0" mass="1" elasticityCoef="1" ang="90,0,0" color="0,220,0" radius="0.5" length="4" />
		<capsule pos="-28.75,5.5,9.200000000000003" vel="0,0,0" mass="1" elasticityCoef="1" ang="90,0,0" color="0,220,0" radius="0.5" length="4" />
		<capsule pos="-28.75,5.5,11.5" vel="0,0,0" mass="1" elasticityCoef="1" ang="90,0,0" color="0,220,0" radius="0.5" length="4" />
		<capsule pos="-28.75,5.5,13.799999999999997" vel="0,0,0" mass="1" elasticityCoef="1" ang="90,0,0" color="0,220,0" radius="0.5" length="4" />
		<capsule pos="-28.75,5.5,16.1" vel="0,0,0" mass="1" elasticityCoef="1" ang="90,0,0" color="0,220,0" radius="0.5" length="4" />
		<capsule pos="-28.75,5.5,18.4" vel="0,0,0" mass="1" elasticityCoef="1" ang="90,0,0" color="0,220,0" radius="0.5" length="4" />
		<capsule pos="-28.75,5.5,20.699999999999996" vel="0,0,0" mass="1" elasticityCoef="1" ang="90,0,0" color="0,220,0" radius="0.5" length="4" />
		<capsule pos="-28.75,5.5,22.999999999999993" vel="0,0,0" mass="1" elasticityCoef="1" ang="90,0,0" color="0,220,0" radius="0.5" length="4" />
		<capsule pos="-28.75,5.5,25.300000000000004" vel="0,0,0" mass="1" elasticityCoef="1" ang="90,0,0" color="0,220,0" radius="0.5" length="4" />
		<capsule pos="-28.75,5.5,27.6" vel="0,0,0" mass="1" elasticityCoef="1" ang="90,0,0" color="0,220,0" radius="0.5" length="4" />
		<capsule pos="-28.75,5.5,29.9" vel="0,0,0" mass="1" elasticityCoef="1" ang="90,0,0" color="0,220,0" radius="0.5" length="4" />
		<capsule pos="-28.75,5.5,32.199999999999996" vel="0,0,0" mass="1" elasticityCoef="1" ang="90,0,0" color="0,220,0" radius="0.5" length="4" />
		<capsule pos="-28.75,5.5,34.49999999999999" vel="0,0,0" mass="1" elasticityCoef="1" ang="90,0,0" color="0,220,0" radius="0.5" length="4" />
		<capsule pos="-28.75,5.5,36.800000000000004" vel="0,0,0" mass="1" elasticityCoef="1" ang="90,0,0" color="0,220,0" radius="0.5" length="4" />
		<capsule pos="-28.75,5.5,39.1" vel="0,0,0" mass="1" elasticityCoef="1" ang="90,0,0" color="0,220,0" radius="0.5" length="4" />
		<capsule pos="-28.75,5.5,41.4" vel="0,0,0" mass="1" elasticityCoef="1" ang="90,0,0" color="0,220,0" radius="0.5" length="4" />
		<capsule pos="-28.75,11.0,-43.699999999999996" vel="0,0,0" mass="1" elasticityCoef="1" ang="90,0,0" color="0,220,0" radius="0.5" length="4" />
		<capsule pos="-28.75,11.0,-41.4" vel="0,0,0" mass="1" elasticityCoef="1" ang="90,0,0" color="0,220,0" radius="0.5" length="4" />
		<capsule pos="-28.75,11.0,-39.099999999999994" vel="0,0,0" mass="1" elasticityCoef="1" ang="90,0,0" color="0,220,0" radius="0.5" length="4" />
		<capsule pos="-28.75,11.0,-36.8" vel="0,0,0" mass="1" elasticityCoef="1" ang="90,0,0" color="0,220,0" radius="0.5" length="4" />
		<capsule pos="-28.75,11.0,-34.5" vel="0,0,0" mass="1" elasticityCoef="1" ang="90,0,0" color="0,220,0" radius="0.5" length="4" />
		<capsule pos="-28.75,11.0,-32.199999999999996" vel="0,0,0" mass="1" elasticityCoef="1" ang="90,0,0" color="0,220,0" radius="0.5" length="4" />
		<capsule pos="-28.75,11.0,-29.9" vel="0,0,0" mass="1" elasticityCoef="1" ang="90,0,0" color="0,220,0" radius="0.5" length="4" />
		<capsule pos="-28.75,11.0,-27.599999999999998" vel="0,0,0" mass="1" elasticityCoef="1" ang="90,0,0" color="0,220,0" radius="0.5" length="4" />
		<capsule pos="-28.75,11.0,-25.299999999999997" vel="0,0,0" mass="1" elasticityCoef="1" ang="90,0,0" color="0,220,0" radius="0.5" length="4" />
		<capsule pos="-28.75,11.0,-22.999999999999996" vel="0,0,0" mass="1" elasticityCoef="1" ang="90,0,0" color="0,220,0" radius="0.5" length="4" />
		<capsule pos="-28.75,11.0,-20.699999999999996" vel="0,0,0" mass="1" elasticityCoef="1" ang="90,0,0" color="0,220,0" radius="0.5" length="4" />
		<capsule pos="-28.75,11.0,-18.4" vel="0,0,0" mass="1" elasticityCoef="1" ang="90,0,0" color="0,220,0" radius="0.5" length="4" />
		<capsule pos="-28.75,11.0,-16.099999999999998" vel="0,0,0" mass="1" elasticityCoef="1" ang="90,0,0" color="0,220,0" radius="0.5" length="4" />
		<capsule pos="-28.75,11.0,-13.799999999999997" vel="0,0,0" mass="1" elasticityCoef="1" ang="90,0,0" color="0,220,0" radius="0.5" length="4" />
		<capsule pos="-28.75,11.0,-11.5" vel="0,0,0" mass="1" elasticityCoef="1" ang="90,0,0" color="0,220,0" radius="0.5" length="4" />
		<capsule pos="-28.75,11.0,-9.199999999999996" vel="0,0,0" mass="1" elasticityCoef="1" ang="90,0,0" color="0,220,0" radius="0.5" length="4" />
		<capsule pos="-28.75,11.0,-6.899999999999999" vel="0,0,0" mass="1" elasticityCoef="1" ang="90,0,0" color="0,220,0" radius="0.5" length="4" />
		<capsule pos="-28.75,11.0,-4.600000000000001" vel="0,0,0" mass="1" elasticityCoef="1" ang="90,0,0" color="0,220,0" radius="0.5" length="4" />
		<capsule pos="-28.75,11.0,-2.299999999999997" vel="0,0,0" mass="1" elasticityCoef="1" ang="90,0,0" color="0,220,0" radius="0.5" length="4" />
		<capsule pos="-28.75,11.0,0.0" vel="0,0,0" mass="1" elasticityCoef="1" ang="90,0,0" color="0,220,0" radius="0.5" length="4" />
		<capsule pos="-28.75,11.0,2.3000000000000043" vel="0,0,0" mass="1" elasticityCoef="1" ang="90,0,0" color="0,220,0" radius="0.5" length="4" />
		<capsule pos="-28.75,11.0,4.600000000000001" vel="0,0,0" mass="1" elasticityCoef="1" ang="90,0,0" color="0,220,0" radius="0.5" length="4" />
		<capsule pos="-28.75,11.0,6.899999999999999" vel="0,0,0" mass="1" elasticityCoef="1" ang="90,0,0" color="0,220,0" radius="0.5" length="4" />
		<capsule pos="-28.75,11.0,9.200000000000003" vel="0,0,0" mass="1" elasticityCoef="1" ang="90,0,0" color="0,220,0" radius="0.5" length="4" />
		<capsule pos="-28.75,11.0,11.5" vel="0,0,0" mass="1" elasticityCoef="1" ang="90,0,0" color="0,220,0" radius="0.5" length="4" />
		<capsule pos="-28.75,11.0,13.799999999999997" vel="0,0,0" mass="1" elasticityCoef="1" ang="90,0,0" color="0,220,0" radius="0.5" length="4" />
		<capsule pos="-28.75,11.0,16.1" vel="0,0,0" mass="1" elasticityCoef="1" ang="90,0,0" color="0,220,0" radius="0.5" length="4" />
		<capsule pos="-28.75,11.0,18.4" vel="0,0,0" mass="1" elasticityCoef="1" ang="90,0,0" color="0,220,0" radius="0.5" length="4" />
		<capsule pos="-28.75,11.0,20.699999999999996" vel="0,0,0" mass="1" elasticityCoef="1" ang="90,0,0" color="0,220,0" radius="0.5" length="4" />
		<capsule pos="-28.75,11.0,22.999999999999993" vel="0,0,0" mass="1" elasticityCoef="1" ang="90,0,0" color="0,220,0" radius="0.5" length="4" />
		<capsule pos="-28.75,11.0,25.300000000000004" vel="0,0,0" mass="1" elasticityCoef="1" ang="90,0,0" color="0,220,0" radius="0.5" length="4" />
		<capsule pos="-28.75,11.0,27.6" vel="0,0,0" mass="1" elasticityCoef="1" ang="90,0,0" color="0,220,0" radius="0.5" length="4" />
		<capsule pos="-28.75,11.0,29.9" vel="0,0,0" mass="1" elasticityCoef="1" ang="90,0,0" color="0,220,0" radius="0.5" length="4" />
		<capsule pos="-28.75,11.0,32.199999999999996" vel="0,0,0" mass="1" elasticityCoef="1" ang="90,0,0" color="0,220,0" radius="0.5" length="4" />
		<capsule pos="-28.75,11.0,34.49999999999999" vel="0,0,0" mass="1" elasticityCoef="1" ang="90,0,0" color="0,220,0" radius="0.5" length="4" />
		<capsule pos="-28.75,11.0,36.800000000000004" vel="0,0,0" mass="1" elasticityCoef="1" ang="90,0,0" color="0,220,0" radius="0.5" length="4" />
		<capsule pos="-28.75,11.0,39.1" vel="0,0,0" mass="1" elasticityCoef="1" ang="90,0,0" color="0,220,0" radius="0.5" length="4" />
		<capsule pos="-28.75,11.0,41.4" vel="0,0,0" mass="1" elasticityCoef="1" ang="90,0,0" color="0,220,0" radius="0.5" length="4" />
		<capsule pos="-28.75,16.5,-43.699999999999996" vel="0,0,0" mass="1" elasticityCoef="1" ang="90,0,0" color="0,220,0" radius="0.5" length="4" />
		<capsule pos="-28.75,16.5,-41.4" vel="0,0,0" mass="1" elasticityCoef="1" ang="90,0,0" color="0,220,0" radius="0.5" length="4" />
		<capsule pos="-28.75,16.5,-39.099999999999994" vel="0,0,0" mass="1" elasticityCoef="1" ang="90,0,0" color="0,220,0" radius="0.5" length="4" />
		<capsule pos="-28.75,16.5,-36.8" vel="0,0,0" mass="1" elasticityCoef="1" ang="90,0,0" color="0,220,0" radius="0.5" length="4" />
		<capsule pos="-28.75,16.5,-34.5" vel="0,0,0" mass="1" elasticityCoef="1" ang="90,0,0" color="0,220,0" radius="0.5" length="4" />
		<capsule pos="-28.75,16.5,-32.199999999999996" vel="0,0,0" mass="1" elasticityCoef="1" ang="90,0,0" color="0,220,0" radius="0.5" length="4" />
		<capsule pos="-28.75,16.5,-29.9" vel="0,0,0" mass="1" elasticityCoef="1" ang="90,0,0" color="0,220,0" radius="0.5" length="4" />
		<capsule pos="-28.75,16.5,-27.599999999999998" vel="0,0,0" mass="1" elasticityCoef="1" ang="90,0,0" color="0,220,0" radius="0.5" length="4" />
		<capsule pos="-28.75,16.5,-25.299999999999997" vel="0,0,0" mass="1" elasticityCoef="1" ang="90,0,0" color="0,220,0" radius="0.5" length="4" />
		<capsule pos="-28.75,16.5,-22.999999999999996" vel="0,0,0" mass="1" elasticityCoef="1" ang="90,0,0" color="0,220,0" radius="0.5" length="4" />
		<capsule pos="-28.75,16.5,-20.699999999999996" vel="0,0,0" mass="1" elasticityCoef="1" ang="90,0,0" color="0,220,0" radius="0.5" length="4" />
		<capsule pos="-28.75,16.5,-18.4" vel="0,0,0" mass="1" elasticityCoef="1" ang="90,0,0" color="0,220,0" radius="0.5" length="4" />
		<capsule pos="-28.75,16.5,-16.099999999999998" vel="0,0,0" mass="1" elasticityCoef="1" ang="90,0,0" color="0,220,0" radius="0.5" length="4" />
		<capsule pos="-28.75,16.5,-13.799999999999997" vel="0,0,0" mass="1" elasticityCoef="1" ang="90,0,0" color="0,220,0" radius="0.5" length="4" />
		<capsule pos="-28.75,16.5,-11.5" vel="0,0,0" mass="1" elasticityCoef="1" ang="90,0,0" color="0,220,0" radius="0.5" length="4" />
		<capsule pos="-28.75,16.5,-9.199999999999996" vel="0,0,0" mass="1" elasticityCoef="1" ang="90,0,0" color="0,220,0" radius="0.5" length="4" />
		<capsule pos="-28.75,16.5,-6.899999999999999" vel="0,0,0" mass="1" elasticityCoef="1" ang="90,0,0" color="0,220,0" radius="0.5" length="4" />
		<capsule pos="-28.75,16.5,-4.600000000000001" vel="0,0,0" mass="1" elasticityCoef="1" ang="90,0,0" color="0,220,0" radius="0.5" length="4" />
		<capsule pos="-28.75,16.5,-2.299999999999997" vel="0,0,0" mass="1" elasticityCoef="1" ang="90,0,0" color="0,220,0" radius="0.5" length="4" />
		<capsule pos="-28.75,16.5,0.0" vel="0,0,0" mass="1" elasticityCoef="1" ang="90,0,0" color="0,220,0" radius="0.5" length="4" />
		<capsule pos="-28.75,16.5,2.3000000000000043" vel="0,0,0" mass="1" elasticityCoef="1" ang="90,0,0" color="0,220,0" radius="0.5" length="4" />
		<capsule pos="-28.75,16.5,4.600000000000001" vel="0,0,0" mass="1" elasticityCoef="1" ang="90,0,0" color="0,220,0" radius="0.5" length="4" />
		<capsule pos="-28.75,16.5,6.899999999999999" vel="0,0,0" mass="1" elasticityCoef="1" ang="90,0,0" color="0,220,0" radius="0.5" length="4" />
		<capsule pos="-28.75,16.5,9.200000000000003" vel="0,0,0" mass="1" elasticityCoef="1" ang="90,0,0" color="0,220,0" radius="0.5" length="4" />
		<capsule pos="-28.75,16.5,11.5" vel="0,0,0" mass="1" elasticityCoef="1" ang="90,0,0" color="0,220,0" radius="0.5" length="4" />
		<capsule pos="-28.75,16.5,13.799999999999997" vel="0,0,0" mass="1" elasticityCoef="1" ang="90,0,0" color="0,220,0" radius="0.5" length="4" />
		<capsule pos="-28.75,16.5,16.1" vel="0,0,0" mass="1" elasticityCoef="1" ang="90,0,0" color="0,220,0" radius="0.5" length="4" />
		<capsule pos="-28.75,16.5,18.4" vel="0,0,0" mass="1" elasticityCoef="1" ang="90,0,0" color="0,220,0" radius="0.5" length="4" />
		<capsule pos="-28.75,16.5,20.699999999999996" vel="0,0,0" mass="1" elasticityCoef="1" ang="90,0,0" color="0,220,0" radius="0.5" length="4" />
		<capsule pos="-28.75,16.5,22.999999999999993" vel="0,0,0" mass="1" elasticityCoef="1" ang="90,0,0" color="0,220,0" radius="0.5" length="4" />
		<capsule pos="-28.75,16.5,25.300000000000004" vel="0,0,0" mass="1" elasticityCoef="1" ang="90,0,0" color="0,220,0" radius="0.5" length="4" />
		<capsule pos="-28.75,16.5,27.6" vel="0,0,0" mass="1" elasticityCoef="1" ang="90,0,0" color="0,220,0" radius="0.5" length="4" />
		<capsule pos="-28.75,16.5,29.9" vel="0,0,0" mass="1" elasticityCoef="1" ang="90,0,0" color="0,220,0" radius="0.5" length="4" />
		<capsule pos="-28.75,16.5,32.199999999999996" vel="0,0,0" mass="1" elasticityCoef="1" ang="90,0,0" color="0,220,0" radius="0.5" length="4" />
		<capsule pos="-28.75,16.5,34.49999999999999" vel="0,0,0" mass="1" elasticityCoef="1" ang="90,0,0" color="0,220,0" radius="0.5" length="4" />
		<capsule pos="-28.75,16.5,36.800000000000004" vel="0,0,0" mass="1" elasticityCoef="1" ang="90,0,0" color="0,220,0" radius="0.5" length="4" />
		<capsule pos="-28.75,16.5,39.1" vel="0,0,0" mass="1" elasticityCoef="1" ang="90,0,0" color="0,220,0" radius="0.5" length="4" />
		<capsule pos="-28.75,16.5,41.4" vel="0,0,0" mass="1" elasticityCoef="1" ang="90,0,0" color="0,220,0" radius="0.5" length="4" />
		<capsule pos="-28.75,22.0,-43.699999999999996" vel="0,0,0" mass="1" elasticityCoef="1" ang="90,0,0" color="0,220,0" radius="0.5" length="4" />
		<capsule pos="-28.75,22.0,-41.4" vel="0,0,0" mass="1" elasticityCoef="1" ang="90,0,0" color="0,220,0" radius="0.5" length="4" />
		<capsule pos="-28.75,22.0,-39.099999999999994" vel="0,0,0" mass="1" elasticityCoef="1" ang="90,0,0" color="0,220,0" radius="0.5" length="4" />
		<capsule pos="-28.75,22.0,-36.8" vel="0,0,0" mass="1" elasticityCoef="1" ang="90,0,0" color="0,220,0" radius="0.5" length="4" />
		<capsule pos="-28.75,22.0,-34.5" vel="0,0,0" mass="1" elasticityCoef="1" ang="90,0,0" color="0,220,0" radius="0.5" length="4" />
		<capsule pos="-28.75,22.0,-32.199999999999996" vel="0,0,0" mass="1" elasticityCoef="1" ang="90,0,0" color="0,220,0" radius="0.5" length="4" />
		<capsule pos="-28.75,22.0,-29.9" vel="0,0,0" mass="1" elasticityCoef="1" ang="90,0,0" color="0,220,0" radius="0.5" length="4" />
		<capsule pos="-28.75,22.0,-27.599999999999998" vel="0,0,0" mass="1" elasticityCoef="1" ang="90,0,0" color="0,220,0" radius="0.5" length="4" />
		<capsule pos="-28.75,22.0,-25.299999999999997" vel="0,0,0" mass="1" elasticityCoef="1" ang="90,0,0" color="0,220,0" radius="0.5" length="4" />
		<capsule pos="-28.75,22.0,-22.999999999999996" vel="0,0,0" mass="1" elasticityCoef="1" ang="90,0,0" color="0,220,0" radius="0.5" length="4" />
		<capsule pos="-28.75,22.0,-20.699999999999996" vel="0,0,0" mass="1" elasticityCoef="1" ang="90,0,0" color="0,220,0" radius="0.5" length="4" />
		<capsule pos="-28.75,22.0,-18.4" vel="0,0,0" mass="1" elasticityCoef="1" ang="90,0,0" color="0,220,0" radius="0.5" length="4" />
		<capsule pos="-28.75,22.0,-16.099999999999998" vel="0,0,0" mass="1" elasticityCoef="1" ang="90,0,0" color="0,220,0" radius="0.5" length="4" />
		<capsule pos="-28.75,22.0,-13.799999999999997" vel="0,0,0" mass="1" elasticityCoef="1" ang="90,0,0" color="0,220,0" radius="0.5" length="4" />
		<capsule pos="-28.75,22.0,-11.5" vel="0,0,0" mass="1" elasticityCoef="1" ang="90,0,0" color="0,220,0" radius="0.5" length="4" />
		<capsule pos="-28.75,22.0,-9.199999999999996" vel="0,0,0" mass="1" elasticityCoef="1" ang="90,0,0" color="0,220,0" radius="0.5" length="4" />
		<capsule pos="-28.75,22.0,-6.899999999999999" vel="0,0,0" mass="1" elasticityCoef="1" ang="90,0,0" color="0,220,0" radius="0.5" length="4" />
		<capsule pos="-28.75,22.0,-4.600000000000001" vel="0,0,0" mass="1" elasticityCoef="1" ang="90,0,0" color="0,220,0" radius="0.5" length="4" />
		<capsule pos="-28.75,22.0,-2.299999999999997" vel="0,0,0" mass="1" elasticityCoef="1" ang="90,0,0" color="0,220,0" radius="0.5" length="4" />
		<capsule pos="-28.75,22.0,0.0" vel="0,0,0" mass="1" elasticityCoef="1" ang="90,0,0" color="0,220,0" radius="0.5" length="4" />
		<capsule pos="-28.75,22.0,2.3000000000000043" vel="0,0,0" mass="1" elasticityCoef="1" ang="90,0,0" color="0,220,0" radius="0.5" length="4" />
		<capsule pos="-28.75,22.0,4.600000000000001" vel="0,0,0" mass="1" elasticityCoef="1" ang="90,0,0" color="0,220,0" radius="0.5" length="4" />
		<capsule pos="-28.75,22.0,6.899999999999999" vel="0,0,0" mass="1" elasticityCoef="1" ang="90,0,0" color="0,220,0" radius="0.5" length="4" />
		<capsule pos="-28.75,22.0,9.200000000000003" vel="0,0,0" mass="1" elasticityCoef="1" ang="90,0,0" color="0,220,0" radius="0.5" length="4" />
		<capsule pos="-28.75,22.0,11.5" vel="0,0,0" mass="1" elasticityCoef="1" ang="90,0,0" color="0,220,0" radius="0.5" length="4" />
		<capsule pos="-28.75,22.0,13.799999999999997" vel="0,0,0" mass="1" elasticityCoef="1" ang="90,0,0" color="0,220,0" radius="0.5" length="4" />
		<capsule pos="-28.75,22.0,16.1" vel="0,0,0" mass="1" elasticityCoef="1" ang="90,0,0" color="0,220,0" radius="0.5" length="4" />
		<capsule pos="-28.75,22.0,18.4" vel="0,0,0" mass="1" elasticityCoef="1" ang="90,0,0" color="0,220,0" radius="0.5" length="4" />
		<capsule pos="-28.75,22.0,20.699999999999996" vel="0,0,0" mass="1" elasticityCoef="1" ang="90,0,0" color="0,220,0" radius="0.5" length="4" />
		<capsule pos="-28.75,22.0,22.999999999999993" vel="0,0,0" mass="1" elasticityCoef="1" ang="90,0,0" color="0,220,0" radius="0.5" length="4" />
		<capsule pos="-28.75,22.0,25.300000000000004" vel="0,0,0" mass="1" elasticityCoef="1" ang="90,0,0" color="0,220,0" radius="0.5" length="4" />
		<capsule pos="-28.75,22.0,27.6" vel="0,0,0" mass="1" elasticityCoef="1" ang="90,0,0" color="0,220,0" radius="0.5" length="4" />
		<capsule pos="-28.75,22.0,29.9" vel="0,0,0" mass="1" elasticityCoef="1" ang="90,0,0" color="0,220,0" radius="0.5" length="4" />
		<capsule pos="-28.75,22.0,32.199999999999996" vel="0,0,0" mass="1" elasticityCoef="1" ang="90,0,0" color="0,220,0" radius="0.5" length="4" />
		<capsule pos="-28.75,22.0,34.49999999999999" vel="0,0,0" mass="1" elasticityCoef="1" ang="90,0,0" color="0,220,0" radius="0.5" length="4" />
		<capsule pos="-28.75,22.0,36.800000000000004" vel="0,0,0" mass="1" elasticityCoef="1" ang="90,0,0" color="0,220,0" radius="0.5" length="4" />
		<capsule pos="-28.75,22.0,39.1" vel="0,0,0" mass="1" elasticityCoef="1" ang="90,0,0" color="0,220,0" radius="0.5" length="4" />
		<capsule pos="-28.75,22.0,41.4" vel="0,0,0" mass="1" elasticityCoef="1" ang="90,0,0" color="0,220,0" radius="0.5" length="4" />
		<capsule pos="-28.75,27.5,-43.699999999999996" vel="0,0,0" mass="1" elasticityCoef="1" ang="90,0,0" color="0,220,0" radius="0.5" length="4" />
		<capsule pos="-28.75,27.5,-41.4" vel="0,0,0" mass="1" elasticityCoef="1" ang="90,0,0" color="0,220,0" radius="0.5" length="4" />
		<capsule pos="-28.75,27.5,-39.099999999999994" vel="0,0,0" mass="1" elasticityCoef="1" ang="90,0,0" color="0,220,0" radius="0.5" length="4" />
		<capsule pos="-28.75,27.5,-36.8" vel="0,0,0" mass="1" elasticityCoef="1" ang="90,0,0" color="0,220,0" radius="0.5" length="4" />
		<capsule pos="-28.75,27.5,-34.5" vel="0,0,0" mass="1" elasticityCoef="1" ang="90,0,0" color="0,220,0" radius="0.5" length="4" />
		<capsule pos="-28.75,27.5,-32.199999999999996" vel="0,0,0" mass="1" elasticityCoef="1" ang="90,0,0" color="0,220,0" radius="0.5" length="4" />
		<capsule pos="-28.75,27.5,-29.9" vel="0,0,0" mass="1" elasticityCoef="1" ang="90,0,0" color="0,220,0" radius="0.5" length="4" />
		<capsule pos="-28.75,27.5,-27.599999999999998" vel="0,0,0" mass="1" elasticityCoef="1" ang="90,0,0" color="0,220,0" radius="0.5" length="4" />
		<capsule pos="-28.75,27.5,-25.299999999999997" vel="0,0,0" mass="1" elasticityCoef="1" ang="90,0,0" color="0,220,0" radius="0.5" length="4" />
		<capsule pos="-28.75,27.5,-22.999999999999996" vel="0,0,0" mass="1" elasticityCoef="1" ang="90,0,0" color="0,220,0" radius="0.5" length="4" />
		<capsule pos="-28.75,27.5,-20.699999999999996" vel="0,0,0" mass="1" elasticityCoef="1" ang="90,0,0" color="0,220,0" radius="0.5" length="4" />
		<capsule pos="-28.75,27.5,-18.4" vel="0,0,0" mass="1" elasticityCoef="1" ang="90,0,0" color="0,220,0" radius="0.5" length="4" />
		<capsule pos="-28.75,27.5,-16.099999999999998" vel="0,0,0" mass="1" elasticityCoef="1" ang="90,0,0" color="0,220,0" radius="0.5" length="4" />
		<capsule pos="-28.75,27.5,-13.799999999999997" vel="0,0,0" mass="1" elasticityCoef="1" ang="90,0,0" color="0,220,0" radius="0.5" length="4" />
		<capsule pos="-28.75,27.5,-11.5" vel="0,0,0" mass="1" elasticityCoef="1" ang="90,0,0" color="0,220,0" radius="0.5" length="4" />
		<capsule pos="-28.75,27.5,-9.199999999999996" vel="0,0,0" mass="1" elasticityCoef="1" ang="90,0,0" color="0,220,0" radius="0.5" length="4" />
		<capsule pos="-28.75,27.5,-6.899999999999999" vel="0,0,0" mass="1" elasticityCoef="1" ang="90,0,0" color="0,220,0" radius="0.5" length="4" />
		<capsule pos="-28.75,27.5,-4.600000000000001" vel="0,0,0" mass="1" elasticityCoef="1" ang="90,0,0" color="0,220,0" radius="0.5" length="4" />
		<capsule pos="-28.75,27.5,-2.299999999999997" vel="0,0,0" mass="1" elasticityCoef="1" ang="90,0,0" color="0,220,0" radius="0.5" length="4" />
		<capsule pos="-28.75,27.5,0.0" vel="0,0,0" mass="1" elasticityCoef="1" ang="90,0,0" color="0,220,0" radius="0.5" length="4" />
		<capsule pos="-28.75,27.5,2.3000000000000043" vel="0,0,0" mass="1" elasticityCoef="1" ang="90,0,0" color="0,220,0" radius="0.5" length="4" />
		<capsule pos="-28.75,27.5,4.600000000000001" vel="0,0,0" mass="1" elasticityCoef="1" ang="90,0,0" color="0,220,0" radius="0.5" length="4" />
		<capsule pos="-28.75,27.5,6.899999999999999" vel="0,0,0" mass="1" elasticityCoef="1" ang="90,0,0" color="0,220,0" radius="0.5" length="4" />
		<capsule pos="-28.75,27.5,9.200000000000003" vel="0,0,0" mass="1" elasticityCoef="1" ang="90,0,0" color="0,220,0" radius="0.5" length="4" />
		<capsule pos="-28.75,27.5,11.5" vel="0,0,0" mass="1" elasticityCoef="1" ang="90,0,0" color="0,220,0" radius="0.5" length="4" />
		<capsule pos="-28.75,27.5,13.799999999999997" vel="0,0,0" mass="1" elasticityCoef="1" ang="90,0,0" color="0,220,0" radius="0.5" length="4" />
		<capsule pos="-28.75,27.5,16.1" vel="0,0,0" mass="1" elasticityCoef="1" ang="90,0,0" color="0,220,0" radius="0.5" length="4" />
		<capsule pos="-28.75,27.5,18.4" vel="0,0,0" mass="1" elasticityCoef="1" ang="90,0,0" color="0,220,0" radius="0.5" length="4" />
		<capsule pos="-28.75,27.5,20.699999999999996" vel="0,0,0" mass="1" elasticityCoef="1" ang="90,0,0" color="0,220,0" radius="0.5" length="4" />
		<capsule pos="-28.75,27.5,22.999999999999993" vel="0,0,0" mass="1" elasticityCoef="1" ang="90,0,0" color="0,220,0" radius="0.5" length="4" />
		<capsule pos="-28.75,27.5,25.300000000000004" vel="0,0,0" mass="1" elasticityCoef="1" ang="90,0,0" color="0,220,0" radius="0.5" length="4" />
		<capsule pos="-28.75,27.5,27.6" vel="0,0,0" mass="1" elasticityCoef="1" ang="90,0,0" color="0,220,0" radius="0.5" length="4" />
		<capsule pos="-28.75,27.5,29.9" vel="0,0,0" mass="1" elasticityCoef="1" ang="90,0,0" color="0,220,0" radius="0.5" length="4" />
		<capsule pos="-28.75,27.5,32.199999999999996" vel="0,0,0" mass="1" elasticityCoef="1" ang="90,0,0" color="0,220,0" radius="0.5" length="4" />
		<capsule pos="-28.75,27.5,34.49999999999999" vel="0,0,0" mass="1" elasticityCoef="1" ang="90,0,0" color="0,220,0" radius="0.5" length="4" />
		<capsule pos="-28.75,27.5,36.800000000000004" vel="0,0,0" mass="1" elasticityCoef="1" ang="90,0,0" color="0,220,0" radius="0.5" length="4" />
		<capsule pos="-28.75,27.5,39.1" vel="0,0,0" mass="1" elasticityCoef="1" ang="90,0,0" color="0,220,0" radius="0.5" length="4" />
		<capsule pos="-28.75,27.5,41.4" vel="0,0,0" mass="1" elasticityCoef="1" ang="90,0,0" color="0,220,0" radius="0.5" length="4" />
		<capsule pos="-28.75,33.0,-43.699999999999996" vel="0,0,0" mass="1" elasticityCoef="1" ang="90,0,0" color="0,220,0" radius="0.5" length="4" />
		<capsule pos="-28.75,33.0,-41.4" vel="0,0,0" mass="1" elasticityCoef="1" ang="90,0,0" color="0,220,0" radius="0.5" length="4" />
		<capsule pos="-28.75,33.0,-39.099999999999994" vel="0,0,0" mass="1" elasticityCoef="1" ang="90,0,0" color="0,220,0" radius="0.5" length="4" />
		<capsule pos="-28.75,33.0,-36.8" vel="0,0,0" mass="1" elasticityCoef="1" ang="90,0,0" color="0,220,0" radius="0.5" length="4" />
		<capsule pos="-28.75,33.0,-34.5" vel="0,0,0" mass="1" elasticityCoef="1" ang="90,0,0" color="0,220,0" radius="0.5" length="4" />
		<capsule pos="-28.75,33.0,-32.199999999999996" vel="0,0,0" mass="1" elasticityCoef="1" ang="90,0,0" color="0,220,0" radius="0.5" length="4" />
		<capsule pos="-28.75,33.0,-29.9" vel="0,0,0" mass="1" elasticityCoef="1" ang="90,0,0" color="0,220,0" radius="0.5" length="4" />
		<capsule pos="-28.75,33.0,-27.599999999999998" vel="0,0,0" mass="1" elasticityCoef="1" ang="90,0,0" color="0,220,0" radius="0.5" length="4" />
		<capsule pos="-28.75,33.0,-25.299999999999997" vel="0,0,0" mass="1" elasticityCoef="1" ang="90,0,0" color="0,220,0" radius="0.5" length="4" />
		<capsule pos="-28.75,33.0,-22.999999999999996" vel="0,0,0" mass="1" elasticityCoef="1" ang="90,0,0" color="0,220,0" radius="0.5" length="4" />
		<capsule pos="-28.75,33.0,-20.699999999999996" vel="0,0,0" mass="1" elasticityCoef="1" ang="90,0,0" color="0,220,0" radius="0.5" length="4" />
		<capsule pos="-28.75,33.0,-18.4" vel="0,0,0" mass="1" elasticityCoef="1" ang="90,0,0" color="0,220,0" radius="0.5" length="4" />
		<capsule pos="-28.75,33.0,-16.099999999999998" vel="0,0,0" mass="1" elasticityCoef="1" ang="90,0,0" color="0,220,0" radius="0.5" length="4" />
		<capsule pos="-28.75,33.0,-13.799999999999997" vel="0,0,0" mass="1" elasticityCoef="1" ang="90,0,0" color="0,220,0" radius="0.5" length="4" />
		<capsule pos="-28.75,33.0,-11.5" vel="0,0,0" mass="1" elasticityCoef="1" ang="90,0,0" color="0,220,0" radius="0.5" length="4" />
		<capsule pos="-28.75,33.0,-9.199999999999996" vel="0,0,0" mass="1" elasticityCoef="1" ang="90,0,0" color="0,220,0" radius="0.5" length="4" />
		<capsule pos="-28.75,33.0,-6.899999999999999" vel="0,0,0" mass="1" elasticityCoef="1" ang="90,0,0" color="0,220,0" radius="0.5" length="4" />
		<capsule pos="-28.75,33.0,-4.600000000000001" vel="0,0,0" mass="1" elasticityCoef="1" ang="90,0,0" color="0,220,0" radius="0.5" length="4" />
		<capsule pos="-28.75,33.0,-2.299999999999997" vel="0,0,0" mass="1" elasticityCoef="1" ang="90,0,0" color="0,220,0" radius="0.5" length="4" />
		<capsule pos="-28.75,33.0,0.0" vel="0,0,0" mass="1" elasticityCoef="1" ang="90,0,0" color="0,220,0" radius="0.5" length="4" />
		<capsule pos="-28.75,33.0,2.3000000000000043" vel="0,0,0" mass="1" elasticityCoef="1" ang="90,0,0" color="0,220,0" radius="0.5" length="4" />
		<capsule pos="-28.75,33.0,4.600000000000001" vel="0,0,0" mass="1" elasticityCoef="1" ang="90,0,0" color="0,220,0" radius="0.5" length="4" />
		<capsule pos="-28.75,33.0,6.899999999999999" vel="0,0,0" mass="1" elasticityCoef="1" ang="90,0,0" color="0,220,0" radius="0.5" length="4" />
		<capsule pos="-28.75,33.0,9.200000000000003" vel="0,0,0" mass="1" elasticityCoef="1" ang="90,0,0" color="0,220,0" radius="0.5" length="4" />
		<capsule pos="-28.75,33.0,11.5" vel="0,0,0" mass="1" elasticityCoef="1" ang="90,0,0" color="0,220,0" radius="0.5" length="4" />
		<capsule pos="-28.75,33.0,13.799999999999997" vel="0,0,0" mass="1" elasticityCoef="1" ang="90,0,0" color="0,220,0" radius="0.5" length="4" />
		<capsule pos="-28.75,33.0,16.1" vel="0,0,0" mass="1" elasticityCoef="1" ang="90,0,0" color="0,220,0" radius="0.5" length="4" />
		<capsule pos="-28.75,33.0,18.4" vel="0,0,0" mass="1" elasticityCoef="1" ang="90,0,0" color="0,220,0" radius="0.5" length="4" />
		<capsule pos="-28.75,33.0,20.699999999999996" vel="0,0,0" mass="1" elasticityCoef="1" ang="90,0,0" color="0,220,0" radius="0.5" length="4" />
		<capsule pos="-28.75,33.0,22.999999999999993" vel="0,0,0" mass="1" elasticityCoef="1" ang="90,0,0" color="0,220,0" radius="0.5" length="4" />
		<capsule pos="-28.75,33.0,25.300000000000004" vel="0,0,0" mass="1" elasticityCoef="1" ang="90,0,0" color="0,220,0" radius="0.5" length="4" />
		<capsule pos="-28.75,33.0,27.6" vel="0,0,0" mass="1" elasticityCoef="1" ang="90,0,0" color="0,220,0" radius="0.5" length="4" />
		<capsule pos="-28.75,33.0,29.9" vel="0,0,0" mass="1" elasticityCoef="1" ang="90,0,0" color="0,220,0" radius="0.5" length="4" />
		<capsule pos="-28.75,33.0,32.199999999999996" vel="0,0,0" mass="1" elasticityCoef="1" ang="90,0,0" color="0,220,0" radius="0.5" length="4" />
		<capsule pos="-28.75,33.0,34.49999999999999" vel="0,0,0" mass="1" elasticityCoef="1" ang="90,0,0" color="0,220,0" radius="0.5" length="4" />
		<capsule pos="-28.75,33.0,36.800000000000004" vel="0,0,0" mass="1" elasticityCoef="1" ang="90,0,0" color="0,220,0" radius="0.5" length="4" />
		<capsule pos="-28.75,33.0,39.1" vel="0,0,0" mass="1" elasticityCoef="1" ang="90,0,0" color="0,220,0" radius="0.5" length="4" />
		<capsule pos="-28.75,33.0,41.4" vel="0,0,0" mass="1" elasticityCoef="1" ang="90,0,0" color="0,220,0" radius="0.5" length="4" />
		<capsule pos="-28.75,38.5,-43.699999999999996" vel="0,0,0" mass="1" elasticityCoef="1" ang="90,0,0" color="0,220,0" radius="0.5" length="4" />
		<capsule pos="-28.75,38.5,-41.4" vel="0,0,0" mass="1" elasticityCoef="1" ang="90,0,0" color="0,220,0" radius="0.5" length="4" />
		<capsule pos="-28.75,38.5,-39.099999999999994" vel="0,0,0" mass="1" elasticityCoef="1" ang="90,0,0" color="0,220,0" radius="0.5" length="4" />
		<capsule pos="-28.75,38.5,-36.8" vel="0,0,0" mass="1" elasticityCoef="1" ang="90,0,0" color="0,220,0" radius="0.5" length="4" />
		<capsule pos="-28.75,38.5,-34.5" vel="0,0,0" mass="1" elasticityCoef="1" ang="90,0,0" color="0,220,0" radius="0.5" length="4" />
		<capsule pos="-28.75,38.5,-32.199999999999996" vel="0,0,0" mass="1" elasticityCoef="1" ang="90,0,0" color="0,220,0" radius="0.5" length="4" />
		<capsule pos="-28.75,38.5,-29.9" vel="0,0,0" mass="1" elasticityCoef="1" ang="90,0,0" color="0,220,0" radius="0.5" length="4" />
		<capsule pos="-28.75,38.5,-27.599999999999998" vel="0,0,0" mass="1" elasticityCoef="1" ang="90,0,0" color="0,220,0" radius="0.5" length="4" />
		<capsule pos="-28.75,38.5,-25.299999999999997" vel="0,0,0" mass="1" elasticityCoef="1" ang="90,0,0" color="0,220,0" radius="0.5" length="4" />
		<capsule pos="-28.75,38.5,-22.999999999999996" vel="0,0,0" mass="1" elasticityCoef="1" ang="90,0,0" color="0,220,0" radius="0.5" length="4" />
		<capsule pos="-28.75,38.5,-20.699999999999996" vel="0,0,0" mass="1" elasticityCoef="1" ang="90,0,0" color="0,220,0" radius="0.5" length="4" />
		<capsule pos="-28.75,38.5,-18.4" vel="0,0,0" mass="1" elasticityCoef="1" ang="90,0,0" color="0,220,0" radius="0.5" length="4" />
		<capsule pos="-28.75,38.5,-16.099999999999998" vel="0,0,0" mass="1" elasticityCoef="1" ang="90,0,0" color="0,220,0" radius="0.5" length="4" />
		<capsule pos="-28.75,38.5,-13.799999999999997" vel="0,0,0" mass="1" elasticityCoef="1" ang="90,0,0" color="0,220,0" radius="0.5" length="4" />
		<capsule pos="-28.75,38.5,-11.5" vel="0,0,0" mass="1" elasticityCoef="1" ang="90,0,0" color="0,220,0" radius="0.5" length="4" />
		<capsule pos="-28.75,38.5,-9.199999999999996" vel="0,0,0" mass="1" elasticityCoef="1" ang="90,0,0" color="0,220,0" radius="0.5" length="4" />
		<capsule pos="-28.75,38.5,-6.899999999999999" vel="0,0,0" mass="1" elasticityCoef="1" ang="90,0,0" color="0,220,0" radius="0.5" length="4" />
		<capsule pos="-28.75,38.5,-4.600000000000001" vel="0,0,0" mass="1" elasticityCoef="1" ang="90,0,0" color="0,220,0" radius="0.5" length="4" />
		<capsule pos="-28.75,38.5,-2.299999999999997" vel="0,0,0" mass="1" elasticityCoef="1" ang="90,0,0" color="0,220,0" radius="0.5" length="4" />
		<capsule pos="-28.75,38.5,0.0" vel="0,0,0" mass="1" elasticityCoef="1" ang="90,0,0" color="0,220,0" radius="0.5" length="4" />
		<capsule pos="-28.75,38.5,2.3000000000000043" vel="0,0,0" mass="1" elasticityCoef="1" ang="90,0,0" color="0,220,0" radius="0.5" length="4" />
		<capsule pos="-28.75,38.5,4.600000000000001" vel="0,0,0" mass="1" elasticityCoef="1" ang="90,0,0" color="0,220,0" radius="0.5" length="4" />
		<capsule pos="-28.75,38.5,6.899999999999999" vel="0,0,0" mass="1" elasticityCoef="1" ang="90,0,0" color="0,220,0" radius="0.5" length="4" />
		<capsule pos="-28.75,38.5,9.200000000000003" vel="0,0,0" mass="1" elasticityCoef="1" ang="90,0,0" color="0,220,0" radius="0.5" length="4" />
		<capsule pos="-28.75,38.5,11.5" vel="0,0,0" mass="1" elasticityCoef="1" ang="90,0,0" color="0,220,0" radius="0.5" length="4" />
		<capsule pos="-28.75,38.5,13.799999999999997" vel="0,0,0" mass="1" elasticityCoef="1" ang="90,0,0" color="0,220,0" radius="0.5" length="4" />
		<capsule pos="-28.75,38.5,16.1" vel="0,0,0" mass="1" elasticityCoef="1" ang="90,0,0" color="0,220,0" radius="0.5" length="4" />
		<capsule pos="-28.75,38.5,18.4" vel="0,0,0" mass="1" elasticityCoef="1" ang="90,0,0" color="0,220,0" radius="0.5" length="4" />
		<capsule pos="-28.75,38.5,20.699999999999996" vel="0,0,0" mass="1" elasticityCoef="1" ang="90,0,0" color="0,220,0" radius="0.5" length="4" />
		<capsule pos="-28.75,38.5,22.999999999999993" vel="0,0,0" mass="1" elasticityCoef="1" ang="90,0,0" color="0,220,0" radius="0.5" length="4" />
		<capsule pos="-28.75,38.5,25.300000000000004" vel="0,0,0" mass="1" elasticityCoef="1" ang="90,0,0" color="0,220,0" radius="0.5" length="4" />
		<capsule pos="-28.75,38.5,27.6" vel="0,0,0" mass="1" elasticityCoef="1" ang="90,0,0" color="0,220,0" radius="0.5" length="4" />
		<capsule pos="-28.75,38.5,29.9" vel="0,0,0" mass="1" elasticityCoef="1" ang="90,0,0" color="0,220,0" radius="0.5" length="4" />
		<capsule pos="-28.75,38.5,32.199999999999996" vel="0,0,0" mass="1" elasticityCoef="1" ang="90,0,0" color="0,220,0" radius="0.5" length="4" />
		<capsule pos="-28.75,38.5,34.49999999999999" vel="0,0,0" mass="1" elasticityCoef="1" ang="90,0,0" color="0,220,0" radius="0.5" length="4" />
		<capsule pos="-28.75,38.5,36.800000000000004" vel="0,0,0" mass="1" elasticityCoef="1" ang="90,0,0" color="0,220,0" radius="0.5" length="4" />
		<capsule pos="-28.75,38.5,39.1" vel="0,0,0" mass="1" elasticityCoef="1" ang="90,0,0" color="0,220,0" radius="0.5" length="4" />
		<capsule pos="-28.75,38.5,41.4" vel="0,0,0" mass="1" elasticityCoef="1" ang="90,0,0" color="0,220,0" radius="0.5" length="4" />
		<capsule pos="-28.75,44.0,-43.699999999999996" vel="0,0,0" mass="1" elasticityCoef="1" ang="90,0,0" color="0,220,0" radius="0.5" length="4" />
		<capsule pos="-28.75,44.0,-41.4" vel="0,0,0" mass="1" elasticityCoef="1" ang="90,0,0" color="0,220,0" radius="0.5" length="4" />
		<capsule pos="-28.75,44.0,-39.099999999999994" vel="0,0,0" mass="1" elasticityCoef="1" ang="90,0,0" color="0,220,0" radius="0.5" length="4" />
		<capsule pos="-28.75,44.0,-36.8" vel="0,0,0" mass="1" elasticityCoef="1" ang="90,0,0" color="0,220,0" radius="0.5" length="4" />
		<capsule pos="-28.75,44.0,-34.5" vel="0,0,0" mass="1" elasticityCoef="1" ang="90,0,0" color="0,220,0" radius="0.5" length="4" />
		<capsule pos="-28.75,44.0,-32.199999999999996" vel="0,0,0" mass="1" elasticityCoef="1" ang="90,0,0" color="0,220,0" radius="0.5" length="4" />
		<capsule pos="-28.75,44.0,-29.9" vel="0,0,0" mass="1" elasticityCoef="1" ang="90,0,0" color="0,220,0" radius="0.5" length="4" />
		<capsule pos="-28.75,44.0,-27.599999999999998" vel="0,0,0" mass="1" elasticityCoef="1" ang="90,0,0" color="0,220,0" radius="0.5" length="4" />
		<capsule pos="-28.75,44.0,-25.299999999999997" vel="0,0,0" mass="1" elasticityCoef="1" ang="90,0,0" color="0,220,0" radius="0.5" length="4" />
		<capsule pos="-28.75,44.0,-22.999999999999996" vel="0,0,0" mass="1" elasticityCoef="1" ang="90,0,0" color="0,220,0" radius="0.5" length="4" />
		<capsule pos="-28.75,44.0,-20.699999999999996" vel="0,0,0" mass="1" elasticityCoef="1" ang="90,0,0" color="0,220,0" radius="0.5" length="4" />
		<capsule pos="-28.75,44.0,-18.4" vel="0,0,0" mass="1" elasticityCoef="1" ang="90,0,0" color="0,220,0" radius="0.5" length="4" />
		<capsule pos="-28.75,44.0,-16.099999999999998" vel="0,0,0" mass="1" elasticityCoef="1" ang="90,0,0" color="0,220,0" radius="0.5" length="4" />
		<capsule pos="-28.75,44.0,-13.799999999999997" vel="0,0,0" mass="1" elasticityCoef="1" ang="90,0,0" color="0,220,0" radius="0.5" length="4" />
		<capsule pos="-28.75,44.0,-11.5" vel="0,0,0" mass="1" elasticityCoef="1" ang="90,0,0" color="0,220,0" radius="0.5" length="4" />
		<capsule pos="-28.75,44.0,-9.199999999999996" vel="0,0,0" mass="1" elasticityCoef="1" ang="90,0,0" color="0,220,0" radius="0.5" length="4" />
		<capsule pos="-28.75,44.0,-6.899999999999999" vel="0,0,0" mass="1" elasticityCoef="1" ang="90,0,0" color="0,220,0" radius="0.5" length="4" />
		<capsule pos="-28.75,44.0,-4.600000000000001" vel="0,0,0" mass="1" elasticityCoef="1" ang="90,0,0" color="0,220,0" radius="0.5" length="4" />
		<capsule pos="-28.75,44.0,-2.299999999999997" vel="0,0,0" mass="1" elasticityCoef="1" ang="90,0,0" color="0,220,0" radius="0.5" length="4" />
		<capsule pos="-28.75,44.0,0.0" vel="0,0,0" mass="1" elasticityCoef="1" ang="90,0,0" color="0,220,0" radius="0.5" length="4" />
		<capsule pos="-28.75,44.0,2.3000000000000043" vel="0,0,0" mass="1" elasticityCoef="1" ang="90,0,0" color="0,220,0" radius="0.5" length="4" />
		<capsule pos="-28.75,44.0,4.600000000000001" vel="0,0,0" mass="1" elasticityCoef="1" ang="90,0,0" color="0,220,0" radius="0.5" length="4" />
		<capsule pos="-28.75,44.0,6.899999999999999" vel="0,0,0" mass="1" elasticityCoef="1" ang="90,0,0" color="0,220,0" radius="0.5" length="4" />
		<capsule pos="-28.75,44.0,9.200000000000003" vel="0,0,0" mass="1" elasticityCoef="1" ang="90,0,0" color="0,220,0" radius="0.5" length="4" />
		<capsule pos="-28.75,44.0,11.5" vel="0,0,0" mass="1" elasticityCoef="1" ang="90,0,0" color="0,220,0" radius="0.5" length="4" />
		<capsule pos="-28.75,44.0,13.799999999999997" vel="0,0,0" mass="1" elasticityCoef="1" ang="90,0,0" color="0,220,0" radius="0.5" length="4" />
		<capsule pos="-28.75,44.0,16.1" vel="0,0,0" mass="1" elasticityCoef="1" ang="90,0,0" color="0,220,0" radius="0.5" length="4" />
		<capsule pos="-28.75,44.0,18.4" vel="0,0,0" mass="1" elasticityCoef="1" ang="90,0,0" color="0,220,0" radius="0.5" length="4" />
		<capsule pos="-28.75,44.0,20.699999999999996" vel="0,0,0" mass="1" elasticityCoef="1" ang="90,0,0" color="0,220,0" radius="0.5" length="4" />
		<capsule pos="-28.75,44.0,22.999999999999993" vel="0,0,0" mass="1" elasticityCoef="1" ang="90,0,0" color="0,220,0" radius="0.5" length="4" />
		<capsule pos="-28.75,44.0,25.300000000000004" vel="0,0,0" mass="1" elasticityCoef="1" ang="90,0,0" color="0,220,0" radius="0.5" length="4" />
		<capsule pos="-28.75,44.0,27.6" vel="0,0,0" mass="1" elasticityCoef="1" ang="90,0,0" color="0,220,0" radius="0.5" length="4" />
		<capsule pos="-28.75,44.0,29.9" vel="0,0,0" mass="1" elasticityCoef="1" ang="90,0,0" color="0,220,0" radius="0.5" length="4" />
		<capsule pos="-28.75,44.0,32.199999999999996" vel="0,0,0" mass="1" elasticityCoef="1" ang="90,0,0" color="0,220,0" radius="0.5" length="4" />
		<capsule pos="-28.75,44.0,34.49999999999999" vel="0,0,0" mass="1" elasticityCoef="1" ang="90,0,0" color="0,220,0" radius="0.5" length="4" />
		<capsule pos="-28.75,44.0,36.800000000000004" vel="0,0,0" mass="1" elasticityCoef="1" ang="90,0,0" color="0,220,0" radius="0.5" length="4" />
		<capsule pos="-28.75,44.0,39.1" vel="0,0,0" mass="1" elasticityCoef="1" ang="90,0,0" color="0,220,0" radius="0.5" length="4" />
		<capsule pos="-28.75,44.0,41.4" vel="0,0,0" mass="1" elasticityCoef="1" ang="90,0,0" color="0,220,0" radius="0.5" length="4" />
		<capsule pos="-26.45,-49.5,-43.699999999999996" vel="0,0,0" mass="1" elasticityCoef="1" ang="90,0,0" color="0,220,0" radius="0.5" length="4" />
		<capsule pos="-26.45,-49.5,-41.4" vel="0,0,0" mass="1" elasticityCoef="1" ang="90,0,0" color="0,220,0" radius="0.5" length="4" />
		<capsule pos="-26.45,-49.5,-39.099999999999994" vel="0,0,0" mass="1" elasticityCoef="1" ang="90,0,0" color="0,220,0" radius="0.5" length="4" />
		<capsule pos="-26.45,-49.5,-36.8" vel="0,0,0" mass="1" elasticityCoef="1" ang="90,0,0" color="0,220,0" radius="0.5" length="4" />
		<capsule pos="-26.45,-49.5,-34.5" vel="0,0,0" mass="1" elasticityCoef="1" ang="90,0,0" color="0,220,0" radius="0.5" length="4" />
		<capsule pos="-26.45,-49.5,-32.199999999999996" vel="0,0,0" mass="1" elasticityCoef="1" ang="90,0,0" color="0,220,0" radius="0.5" length="4" />
		<capsule pos="-26.45,-49.5,-29.9" vel="0,0,0" mass="1" elasticityCoef="1" ang="90,0,0" color="0,220,0" radius="0.5" length="4" />
		<capsule pos="-26.45,-49.5,-27.599999999999998" vel="0,0,0" mass="1" elasticityCoef="1" ang="90,0,0" color="0,220,0" radius="0.5" length="4" />
		<capsule pos="-26.45,-49.5,-25.299999999999997" vel="0,0,0" mass="1" elasticityCoef="1" ang="90,0,0" color="0,220,0" radius="0.5" length="4" />
		<capsule pos="-26.45,-49.5,-22.999999999999996" vel="0,0,0" mass="1" elasticityCoef="1" ang="90,0,0" color="0,220,0" radius="0.5" length="4" />
		<capsule pos="-26.45,-49.5,-20.699999999999996" vel="0,0,0" mass="1" elasticityCoef="1" ang="90,0,0" color="0,220,0" radius="0.5" length="4" />
		<capsule pos="-26.45,-49.5,-18.4" vel="0,0,0" mass="1" elasticityCoef="1" ang="90,0,0" color="0,220,0" radius="0.5" length="4" />
		<capsule pos="-26.45,-49.5,-16.099999999999998" vel="0,0,0" mass="1" elasticityCoef="1" ang="90,0,0" color="0,220,0" radius="0.5" length="4" />
		<capsule pos="-26.45,-49.5,-13.799999999999997" vel="0,0,0" mass="1" elasticityCoef="1" ang="90,0,0" color="0,220,0" radius="0.5" length="4" />
		<capsule pos="-26.45,-49.5,-11.5" vel="0,0,0" mass="1" elasticityCoef="1" ang="90,0,0" color="0,220,0" radius="0.5" length="4" />
		<capsule pos="-26.45,-49.5,-9.199999999999996" vel="0,0,0" mass="1" elasticityCoef="1" ang="90,0,0" color="0,220,0" radius="0.5" length="4" />
		<capsule pos="-26.45,-49.5,-6.899999999999999" vel="0,0,0" mass="1" elasticityCoef="1" ang="90,0,0" color="0,220,0" radius="0.5" length="4" />
		<capsule pos="-26.45,-49.5,-4.600000000000001" vel="0,0,0" mass="1" elasticityCoef="1" ang="90,0,0" color="0,220,0" radius="0.5" length="4" />
		<capsule pos="-26.45,-49.5,-2.299999999999997" vel="0,0,0" mass="1" elasticityCoef="1" ang="90,0,0" color="0,220,0" radius="0.5" length="4" />
		<capsule pos="-26.45,-49.5,0.0" vel="0,0,0" mass="1" elasticityCoef="1" ang="90,0,0" color="0,220,0" radius="0.5" length="4" />
		<capsule pos="-26.45,-49.5,2.3000000000000043" vel="0,0,0" mass="1" elasticityCoef="1" ang="90,0,0" color="0,220,0" radius="0.5" length="4" />
		<capsule pos="-26.45,-49.5,4.600000000000001" vel="0,0,0" mass="1" elasticityCoef="1" ang="90,0,0" color="0,220,0" radius="0.5" length="4" />
		<capsule pos="-26.45,-49.5,6.899999999999999" vel="0,0,0" mass="1" elasticityCoef="1" ang="90,0,0" color="0,220,0" radius="0.5" length="4" />
		<capsule pos="-26.45,-49.5,9.200000000000003" vel="0,0,0" mass="1" elasticityCoef="1" ang="90,0,0" color="0,220,0" radius="0.5" length="4" />
		<capsule pos="-26.45,-49.5,11.5" vel="0,0,0" mass="1" elasticityCoef="1" ang="90,0,0" color="0,220,0" radius="0.5" length="4" />
		<capsule pos="-26.45,-49.5,13.799999999999997" vel="0,0,0" mass="1" elasticityCoef="1" ang="90,0,0" color="0,220,0" radius="0.5" length="4" />
		<capsule pos="-26.45,-49.5,16.1" vel="0,0,0" mass="1" elasticityCoef="1" ang="90,0,0" color="0,220,0" radius="0.5" length="4" />
		<capsule pos="-26.45,-49.5,18.4" vel="0,0,0" mass="1" elasticityCoef="1" ang="90,0,0" color="0,220,0" radius="0.5" length="4" />
		<capsule pos="-26.45,-49.5,20.699999999999996" vel="0,0,0" mass="1" elasticityCoef="1" ang="90,0,0" color="0,220,0" radius="0.5" length="4" />
		<capsule pos="-26.45,-49.5,22.999999999999993" vel="0,0,0" mass="1" elasticityCoef="1" ang="90,0,0" color="0,220,0" radius="0.5" length="4" />
		<capsule pos="-26.45,-49.5,25.300000000000004" vel="0,0,0" mass="1" elasticityCoef="1" ang="90,0,0" color="0,220,0" radius="0.5" length="4" />
		<capsule pos="-26.45,-49.5,27.6" vel="0,0,0" mass="1" elasticityCoef="1" ang="90,0,0" color="0,220,0" radius="0.5" length="4" />
		<capsule pos="-26.45,-49.5,29.9" vel="0,0,0" mass="1" elasticityCoef="1" ang="90,0,0" color="0,220,0" radius="0.5" length="4" />
		<capsule pos="-26.45,-49.5,32.199999999999996" vel="0,0,0" mass="1" elasticityCoef="1" ang="90,0,0" color="0,220,0" radius="0.5" length="4" />
		<capsule pos="-26.45,-49.5,34.49999999999999" vel="0,0,0" mass="1" elasticityCoef="1" ang="90,0,0" color="0,220,0" radius="0.5" length="4" />
		<capsule pos="-26.45,-49.5,36.800000000000004" vel="0,0,0" mass="1" elasticityCoef="1" ang="90,0,0" color="0,220,0" radius="0.5" length="4" />
		<capsule pos="-26.45,-49.5,39.1" vel="0,0,0" mass="1" elasticityCoef="1" ang="90,0,0" color="0,220,0" radius="0.5" length="4" />
		<capsule pos="-26.45,-49.5,41.4" vel="0,0,0" mass="1" elasticityCoef="1" ang="90,0,0" color="0,220,0" radius="0.5" length="4" />
		<capsule pos="-26.45,-44.0,-43.699999999999996" vel="0,0,0" mass="1" elasticityCoef="1" ang="90,0,0" color="0,220,0" radius="0.5" length="4" />
		<capsule pos="-26.45,-44.0,-41.4" vel="0,0,0" mass="1" elasticityCoef="1" ang="90,0,0" color="0,220,0" radius="0.5" length="4" />
		<capsule pos="-26.45,-44.0,-39.099999999999994" vel="0,0,0" mass="1" elasticityCoef="1" ang="90,0,0" color="0,220,0" radius="0.5" length="4" />
		<capsule pos="-26.45,-44.0,-36.8" vel="0,0,0" mass="1" elasticityCoef="1" ang="90,0,0" color="0,220,0" radius="0.5" length="4" />
		<capsule pos="-26.45,-44.0,-34.5" vel="0,0,0" mass="1" elasticityCoef="1" ang="90,0,0" color="0,220,0" radius="0.5" length="4" />
		<capsule pos="-26.45,-44.0,-32.199999999999996" vel="0,0,0" mass="1" elasticityCoef="1" ang="90,0,0" color="0,220,0" radius="0.5" length="4" />
		<capsule pos="-26.45,-44.0,-29.9" vel="0,0,0" mass="1" elasticityCoef="1" ang="90,0,0" color="0,220,0" radius="0.5" length="4" />
		<capsule pos="-26.45,-44.0,-27.599999999999998" vel="0,0,0" mass="1" elasticityCoef="1" ang="90,0,0" color="0,220,0" radius="0.5" length="4" />
		<capsule pos="-26.45,-44.0,-25.299999999999997" vel="0,0,0" mass="1" elasticityCoef="1" ang="90,0,0" color="0,220,0" radius="0.5" length="4" />
		<capsule pos="-26.45,-44.0,-22.999999999999996" vel="0,0,0" mass="1" elasticityCoef="1" ang="90,0,0" color="0,220,0" radius="0.5" length="4" />
		<capsule pos="-26.45,-44.0,-20.699999999999996" vel="0,0,0" mass="1" elasticityCoef="1" ang="90,0,0" color="0,220,0" radius="0.5" length="4" />
		<capsule pos="-26.45,-44.0,-18.4" vel="0,0,0" mass="1" elasticityCoef="1" ang="90,0,0" color="0,220,0" radius="0.5" length="4" />
		<capsule pos="-26.45,-44.0,-16.099999999999998" vel="0,0,0" mass="1" elasticityCoef="1" ang="90,0,0" color="0,220,0" radius="0.5" length="4" />
		<capsule pos="-26.45,-44.0,-13.799999999999997" vel="0,0,0" mass="1" elasticityCoef="1" ang="90,0,0" color="0,220,0" radius="0.5" length="4" />
		<capsule pos="-26.45,-44.0,-11.5" vel="0,0,0" mass="1" elasticityCoef="1" ang="90,0,0" color="0,220,0" radius="0.5" length="4" />
		<capsule pos="-26.45,-44.0,-9.199999999999996" vel="0,0,0" mass="1" elasticityCoef="1" ang="90,0,0" color="0,220,0" radius="0.5" length="4" />
		<capsule pos="-26.45,-44.0,-6.899999999999999" vel="0,0,0" mass="1" elasticityCoef="1" ang="90,0,0" color="0,220,0" radius="0.5" length="4" />
		<capsule pos="-26.45,-44.0,-4.600000000000001" vel="0,0,0" mass="1" elasticityCoef="1" ang="90,0,0" color="0,220,0" radius="0.5" length="4" />
		<capsule pos="-26.45,-44.0,-2.299999999999997" vel="0,0,0" mass="1" elasticityCoef="1" ang="90,0,0" color="0,220,0" radius="0.5" length="4" />
		<capsule pos="-26.45,-44.0,0.0" vel="0,0,0" mass="1" elasticityCoef="1" ang="90,0,0" color="0,220,0" radius="0.5" length="4" />
		<capsule pos="-26.45,-44.0,2.3000000000000043" vel="0,0,0" mass="1" elasticityCoef="1" ang="90,0,0" color="0,220,0" radius="0.5" length="4" />
		<capsule pos="-26.45,-44.0,4.600000000000001" vel="0,0,0" mass="1" elasticityCoef="1" ang="90,0,0" color="0,220,0" radius="0.5" length="4" />
		<capsule pos="-26.45,-44.0,6.899999999999999" vel="0,0,0" mass="1" elasticityCoef="1" ang="90,0,0" color="0,220,0" radius="0.5" length="4" />
		<capsule pos="-26.45,-44.0,9.200000000000003" vel="0,0,0" mass="1" elasticityCoef="1" ang="90,0,0" color="0,220,0" radius="0.5" length="4" />
		<capsule pos="-26.45,-44.0,11.5" vel="0,0,0" mass="1" elasticityCoef="1" ang="90,0,0" color="0,220,0" radius="0.5" length="4" />
		<capsule pos="-26.45,-44.0,13.799999999999997" vel="0,0,0" mass="1" elasticityCoef="1" ang="90,0,0" color="0,220,0" radius="0.5" length="4" />
		<capsule pos="-26.45,-44.0,16.1" vel="0,0,0" mass="1" elasticityCoef="1" ang="90,0,0" color="0,220,0" radius="0.5" length="4" />
		<capsule pos="-26.45,-44.0,18.4" vel="0,0,0" mass="1" elasticityCoef="1" ang="90,0,0" color="0,220,0" radius="0.5" length="4" />
		<capsule pos="-26.45,-44.0,20.699999999999996" vel="0,0,0" mass="1" elasticityCoef="1" ang="90,0,0" color="0,220,0" radius="0.5" length="4" />
		<capsule pos="-26.45,-44.0,22.999999999999993" vel="0,0,0" mass="1" elasticityCoef="1" ang="90,0,0" color="0,220,0" radius="0.5" length="4" />
		<capsule pos="-26.45,-44.0,25.300000000000004" vel="0,0,0" mass="1" elasticityCoef="1" ang="90,0,0" color="0,220,0" radius="0.5" length="4" />
		<capsule pos="-26.45,-44.0,27.6" vel="0,0,0" mass="1" elasticityCoef="1" ang="90,0,0" color="0,220,0" radius="0.5" length="4" />
		<capsule pos="-26.45,-44.0,29.9" vel="0,0,0" mass="1" elasticityCoef="1" ang="90,0,0" color="0,220,0" radius="0.5" length="4" />
		<capsule pos="-26.45,-44.0,32.199999999999996" vel="0,0,0" mass="1" elasticityCoef="1" ang="90,0,0" color="0,220,0" radius="0.5" length="4" />
		<capsule pos="-26.45,-44.0,34.49999999999999" vel="0,0,0" mass="1" elasticityCoef="1" ang="90,0,0" color="0,220,0" radius="0.5" length="4" />
		<capsule pos="-26.45,-44.0,36.800000000000004" vel="0,0,0" mass="1" elasticityCoef="1" ang="90,0,0" color="0,220,0" radius="0.5" length="4" />
		<capsule pos="-26.45,-44.0,39.1" vel="0,0,0" mass="1" elasticityCoef="1" ang="90,0,0" color="0,220,0" radius="0.5" length="4" />
		<capsule pos="-26.45,-44.0,41.4" vel="0,0,0" mass="1" elasticityCoef="1" ang="90,0,0" color="0,220,0" radius="0.5" length="4" />
		<capsule pos="-26.45,-38.5,-43.699999999999996" vel="0,0,0" mass="1" elasticityCoef="1" ang="90,0,0" color="0,220,0" radius="0.5" length="4" />
		<capsule pos="-26.45,-38.5,-41.4" vel="0,0,0" mass="1" elasticityCoef="1" ang="90,0,0" color="0,220,0" radius="0.5" length="4" />
		<capsule pos="-26.45,-38.5,-39.099999999999994" vel="0,0,0" mass="1" elasticityCoef="1" ang="90,0,0" color="0,220,0" radius="0.5" length="4" />
		<capsule pos="-26.45,-38.5,-36.8" vel="0,0,0" mass="1" elasticityCoef="1" ang="90,0,0" color="0,220,0" radius="0.5" length="4" />
		<capsule pos="-26.45,-38.5,-34.5" vel="0,0,0" mass="1" elasticityCoef="1" ang="90,0,0" color="0,220,0" radius="0.5" length="4" />
		<capsule pos="-26.45,-38.5,-32.199999999999996" vel="0,0,0" mass="1" elasticityCoef="1" ang="90,0,0" color="0,220,0" radius="0.5" length="4" />
		<capsule pos="-26.45,-38.5,-29.9" vel="0,0,0" mass="1" elasticityCoef="1" ang="90,0,0" color="0,220,0" radius="0.5" length="4" />
		<capsule pos="-26.45,-38.5,-27.599999999999998" vel="0,0,0" mass="1" elasticityCoef="1" ang="90,0,0" color="0,220,0" radius="0.5" length="4" />
		<capsule pos="-26.45,-38.5,-25.299999999999997" vel="0,0,0" mass="1" elasticityCoef="1" ang="90,0,0" color="0,220,0" radius="0.5" length="4" />
		<capsule pos="-26.45,-38.5,-22.999999999999996" vel="0,0,0" mass="1" elasticityCoef="1" ang="90,0,0" color="0,220,0" radius="0.5" length="4" />
		<capsule pos="-26.45,-38.5,-20.699999999999996" vel="0,0,0" mass="1" elasticityCoef="1" ang="90,0,0" color="0,220,0" radius="0.5" length="4" />
		<capsule pos="-26.45,-38.5,-18.4" vel="0,0,0" mass="1" elasticityCoef="1" ang="90,0,0" color="0,220,0" radius="0.5" length="4" />
		<capsule pos="-26.45,-38.5,-16.099999999999998" vel="0,0,0" mass="1" elasticityCoef="1" ang="90,0,0" color="0,220,0" radius="0.5" length="4" />
		<capsule pos="-26.45,-38.5,-13.799999999999997" vel="0,0,0" mass="1" elasticityCoef="1" ang="90,0,0" color="0,220,0" radius="0.5" length="4" />
		<capsule pos="-26.45,-38.5,-11.5" vel="0,0,0" mass="1" elasticityCoef="1" ang="90,0,0" color="0,220,0" radius="0.5" length="4" />
		<capsule pos="-26.45,-38.5,-9.199999999999996" vel="0,0,0" mass="1" elasticityCoef="1" ang="90,0,0" color="0,220,0" radius="0.5" length="4" />
		<capsule pos="-26.45,-38.5,-6.899999999999999" vel="0,0,0" mass="1" elasticityCoef="1" ang="90,0,0" color="0,220,0" radius="0.5" length="4" />
		<capsule pos="-26.45,-38.5,-4.600000000000001" vel="0,0,0" mass="1" elasticityCoef="1" ang="90,0,0" color="0,220,0" radius="0.5" length="4" />
		<capsule pos="-26.45,-38.5,-2.299999999999997" vel="0,0,0" mass="1" elasticityCoef="1" ang="90,0,0" color="0,220,0" radius="0.5" length="4" />
		<capsule pos="-26.45,-38.5,0.0" vel="0,0,0" mass="1" elasticityCoef="1" ang="90,0,0" color="0,220,0" radius="0.5" length="4" />
		<capsule pos="-26.45,-38.5,2.3000000000000043" vel="0,0,0" mass="1" elasticityCoef="1" ang="90,0,0" color="0,220,0" radius="0.5" length="4" />
		<capsule pos="-26.45,-38.5,4.600000000000001" vel="0,0,0" mass="1" elasticityCoef="1" ang="90,0,0" color="0,220,0" radius="0.5" length="4" />
		<capsule pos="-26.45,-38.5,6.899999999999999" vel="0,0,0" mass="1" elasticityCoef="1" ang="90,0,0" color="0,220,0" radius="0.5" length="4" />
		<capsule pos="-26.45,-38.5,9.200000000000003" vel="0,0,0" mass="1" elasticityCoef="1" ang="90,0,0" color="0,220,0" radius="0.5" length="4" />
		<capsule pos="-26.45,-38.5,11.5" vel="0,0,0" mass="1" elasticityCoef="1" ang="90,0,0" color="0,220,0" radius="0.5" length="4" />
		<capsule pos="-26.45,-38.5,13.799999999999997" vel="0,0,0" mass="1" elasticityCoef="1" ang="90,0,0" color="0,220,0" radius="0.5" length="4" />
		<capsule pos="-26.45,-38.5,16.1" vel="0,0,0" mass="1" elasticityCoef="1" ang="90,0,0" color="0,220,0" radius="0.5" length="4" />
		<capsule pos="-26.45,-38.5,18.4" vel="0,0,0" mass="1" elasticityCoef="1" ang="90,0,0" color="0,220,0" radius="0.5" length="4" />
		<capsule pos="-26.45,-38.5,20.699999999999996" vel="0,0,0" mass="1" elasticityCoef="1" ang="90,0,0" color="0,220,0" radius="0.5" length="4" />
		<capsule pos="-26.45,-38.5,22.999999999999993" vel="0,0,0" mass="1" elasticityCoef="1" ang="90,0,0" color="0,220,0" radius="0.5" length="4" />
		<capsule pos="-26.45,-38.5,25.300000000000004" vel="0,0,0" mass="1" elasticityCoef="1" ang="90,0,0" color="0,220,0" radius="0.5" length="4" />
		<capsule pos="-26.45,-38.5,27.6" vel="0,0,0" mass="1" elasticityCoef="1" ang="90,0,0" color="0,220,0" radius="0.5" length="4" />
		<capsule pos="-26.45,-38.5,29.9" vel="0,0,0" mass="1" elasticityCoef="1" ang="90,0,0" color="0,220,0" radius="0.5" length="4" />
		<capsule pos="-26.45,-38.5,32.199999999999996" vel="0,0,0" mass="1" elasticityCoef="1" ang="90,0,0" color="0,220,0" radius="0.5" length="4" />
		<capsule pos="-26.45,-38.5,34.49999999999999" vel="0,0,0" mass="1" elasticityCoef="1" ang="90,0,0" color="0,220,0" radius="0.5" length="4" />
		<capsule pos="-26.45,-38.5,36.800000000000004" vel="0,0,0" mass="1" elasticityCoef="1" ang="90,0,0" color="0,220,0" radius="0.5" length="4" />
		<capsule pos="-26.45,-38.5,39.1" vel="0,0,0" mass="1" elasticityCoef="1" ang="90,0,0" color="0,220,0" radius="0.5" length="4" />
		<capsule pos="-26.45,-38.5,41.4" vel="0,0,0" mass="1" elasticityCoef="1" ang="90,0,0" color="0,220,0" radius="0.5" length="4" />
		<capsule pos="-26.45,-33.0,-43.699999999999996" vel="0,0,0" mass="1" elasticityCoef="1" ang="90,0,0" color="0,220,0" radius="0.5" length="4" />
		<capsule pos="-26.45,-33.0,-41.4" vel="0,0,0" mass="1" elasticityCoef="1" ang="90,0,0" color="0,220,0" radius="0.5" length="4" />
		<capsule pos="-26.45,-33.0,-39.099999999999994" vel="0,0,0" mass="1" elasticityCoef="1" ang="90,0,0" color="0,220,0" radius="0.5" length="4" />
		<capsule pos="-26.45,-33.0,-36.8" vel="0,0,0" mass="1" elasticityCoef="1" ang="90,0,0" color="0,220,0" radius="0.5" length="4" />
		<capsule pos="-26.45,-33.0,-34.5" vel="0,0,0" mass="1" elasticityCoef="1" ang="90,0,0" color="0,220,0" radius="0.5" length="4" />
		<capsule pos="-26.45,-33.0,-32.199999999999996" vel="0,0,0" mass="1" elasticityCoef="1" ang="90,0,0" color="0,220,0" radius="0.5" length="4" />
		<capsule pos="-26.45,-33.0,-29.9" vel="0,0,0" mass="1" elasticityCoef="1" ang="90,0,0" color="0,220,0" radius="0.5" length="4" />
		<capsule pos="-26.45,-33.0,-27.599999999999998" vel="0,0,0" mass="1" elasticityCoef="1" ang="90,0,0" color="0,220,0" radius="0.5" length="4" />
		<capsule pos="-26.45,-33.0,-25.299999999999997" vel="0,0,0" mass="1" elasticityCoef="1" ang="90,0,0" color="0,220,0" radius="0.5" length="4" />
		<capsule pos="-26.45,-33.0,-22.999999999999996" vel="0,0,0" mass="1" elasticityCoef="1" ang="90,0,0" color="0,220,0" radius="0.5" length="4" />
		<capsule pos="-26.45,-33.0,-20.699999999999996" vel="0,0,0" mass="1" elasticityCoef="1" ang="90,0,0" color="0,220,0" radius="0.5" length="4" />
		<capsule pos="-26.45,-33.0,-18.4" vel="0,0,0" mass="1" elasticityCoef="1" ang="90,0,0" color="0,220,0" radius="0.5" length="4" />
		<capsule pos="-26.45,-33.0,-16.099999999999998" vel="0,0,0" mass="1" elasticityCoef="1" ang="90,0,0" color="0,220,0" radius="0.5" length="4" />
		<capsule pos="-26.45,-33.0,-13.799999999999997" vel="0,0,0" mass="1" elasticityCoef="1" ang="90,0,0" color="0,220,0" radius="0.5" length="4" />
		<capsule pos="-26.45,-33.0,-11.5" vel="0,0,0" mass="1" elasticityCoef="1" ang="90,0,0" color="0,220,0" radius="0.5" length="4" />
		<capsule pos="-26.45,-33.0,-9.199999999999996" vel="0,0,0" mass="1" elasticityCoef="1" ang="90,0,0" color="0,220,0" radius="0.5" length="4" />
		<capsule pos="-26.45,-33.0,-6.899999999999999" vel="0,0,0" mass="1" elasticityCoef="1" ang="90,0,0" color="0,220,0" radius="0.5" length="4" />
		<capsule pos="-26.45,-33.0,-4.600000000000001" vel="0,0,0" mass="1" elasticityCoef="1" ang="90,0,0" color="0,220,0" radius="0.5" length="4" />
		<capsule pos="-26.45,-33.0,-2.299999999999997" vel="0,0,0" mass="1" elasticityCoef="1" ang="90,0,0" color="0,220,0" radius="0.5" length="4" />
		<capsule pos="-26.45,-33.0,0.0" vel="0,0,0" mass="1" elasticityCoef="1" ang="90,0,0" color="0,220,0" radius="0.5" length="4" />
		<capsule pos="-26.45,-33.0,2.3000000000000043" vel="0,0,0" mass="1" elasticityCoef="1" ang="90,0,0" color="0,220,0" radius="0.5" length="4" />
		<capsule pos="-26.45,-33.0,4.600000000000001" vel="0,0,0" mass="1" elasticityCoef="1" ang="90,0,0" color="0,220,0" radius="0.5" length="4" />
		<capsule pos="-26.45,-33.0,6.899999999999999" vel="0,0,0" mass="1" elasticityCoef="1" ang="90,0,0" color="0,220,0" radius="0.5" length="4" />
		<capsule pos="-26.45,-33.0,9.200000000000003" vel="0,0,0" mass="1" elasticityCoef="1" ang="90,0,0" color="0,220,0" radius="0.5" length="4" />
		<capsule pos="-26.45,-33.0,11.5" vel="0,0,0" mass="1" elasticityCoef="1" ang="90,0,0" color="0,220,0" radius="0.5" length="4" />
		<capsule pos="-26.45,-33.0,13.799999999999997" vel="0,0,0" mass="1" elasticityCoef="1" ang="90,0,0" color="0,220,0" radius="0.5" length="4" />
		<capsule pos="-26.45,-33.0,16.1" vel="0,0,0" mass="1" elasticityCoef="1" ang="90,0,0" color="0,220,0" radius="0.5" length="4" />
		<capsule pos="-26.45,-33.0,18.4" vel="0,0,0" mass="1" elasticityCoef="1" ang="90,0,0" color="0,220,0" radius="0.5" length="4" />
		<capsule pos="-26.45,-33.0,20.699999999999996" vel="0,0,0" mass="1" elasticityCoef="1" ang="90,0,0" color="0,220,0" radius="0.5" length="4" />
		<capsule pos="-26.45,-33.0,22.999999999999993" vel="0,0,0" mass="1" elasticityCoef="1" ang="90,0,0" color="0,220,0" radius="0.5" length="4" />
		<capsule pos="-26.45,-33.0,25.300000000000004" vel="0,0,0" mass="1" elasticityCoef="1" ang="90,0,0" color="0,220,0" radius="0.5" length="4" />
		<capsule pos="-26.45,-33.0,27.6" vel="0,0,0" mass="1" elasticityCoef="1" ang="90,0,0" color="0,220,0" radius="0.5" length="4" />
		<capsule pos="-26.45,-33.0,29.9" vel="0,0,0" mass="1" elasticityCoef="1" ang="90,0,0" color="0,220,0" radius="0.5" length="4" />
		<capsule pos="-26.45,-33.0,32.199999999999996" vel="0,0,0" mass="1" elasticityCoef="1" ang="90,0,0" color="0,220,0" radius="0.5" length="4" />
		<capsule pos="-26.45,-33.0,34.49999999999999" vel="0,0,0" mass="1" elasticityCoef="1" ang="90,0,0" color="0,220,0" radius="0.5" length="4" />
		<capsule pos="-26.45,-33.0,36.800000000000004" vel="0,0,0" mass="1" elasticityCoef="1" ang="90,0,0" color="0,220,0" radius="0.5" length="4" />
		<capsule pos="-26.45,-33.0,39.1" vel="0,0,0" mass="1" elasticityCoef="1" ang="90,0,0" color="0,220,0" radius="0.5" length="4" />
		<capsule pos="-26.45,-33.0,41.4" vel="0,0,0" mass="1" elasticityCoef="1" ang="90,0,0" color="0,220,0" radius="0.5" length="4" />
		<capsule pos="-26.45,-27.5,-43.699999999999996" vel="0,0,0" mass="1" elasticityCoef="1" ang="90,0,0" color="0,220,0" radius="0.5" length="4" />
		<capsule pos="-26.45,-27.5,-41.4" vel="0,0,0" mass="1" elasticityCoef="1" ang="90,0,0" color="0,220,0" radius="0.5" length="4" />
		<capsule pos="-26.45,-27.5,-39.099999999999994" vel="0,0,0" mass="1" elasticityCoef="1" ang="90,0,0" color="0,220,0" radius="0.5" length="4" />
		<capsule pos="-26.45,-27.5,-36.8" vel="0,0,0" mass="1" elasticityCoef="1" ang="90,0,0" color="0,220,0" radius="0.5" length="4" />
		<capsule pos="-26.45,-27.5,-34.5" vel="0,0,0" mass="1" elasticityCoef="1" ang="90,0,0" color="0,220,0" radius="0.5" length="4" />
		<capsule pos="-26.45,-27.5,-32.199999999999996" vel="0,0,0" mass="1" elasticityCoef="1" ang="90,0,0" color="0,220,0" radius="0.5" length="4" />
		<capsule pos="-26.45,-27.5,-29.9" vel="0,0,0" mass="1" elasticityCoef="1" ang="90,0,0" color="0,220,0" radius="0.5" length="4" />
		<capsule pos="-26.45,-27.5,-27.599999999999998" vel="0,0,0" mass="1" elasticityCoef="1" ang="90,0,0" color="0,220,0" radius="0.5" length="4" />
		<capsule pos="-26.45,-27.5,-25.299999999999997" vel="0,0,0" mass="1" elasticityCoef="1" ang="90,0,0" color="0,220,0" radius="0.5" length="4" />
		<capsule pos="-26.45,-27.5,-22.999999999999996" vel="0,0,0" mass="1" elasticityCoef="1" ang="90,0,0" color="0,220,0" radius="0.5" length="4" />
		<capsule pos="-26.45,-27.5,-20.699999999999996" vel="0,0,0" mass="1" elasticityCoef="1" ang="90,0,0" color="0,220,0" radius="0.5" length="4" />
		<capsule pos="-26.45,-27.5,-18.4" vel="0,0,0" mass="1" elasticityCoef="1" ang="90,0,0" color="0,220,0" radius="0.5" length="4" />
		<capsule pos="-26.45,-27.5,-16.099999999999998" vel="0,0,0" mass="1" elasticityCoef="1" ang="90,0,0" color="0,220,0" radius="0.5" length="4" />
		<capsule pos="-26.45,-27.5,-13.799999999999997" vel="0,0,0" mass="1" elasticityCoef="1" ang="90,0,0" color="0,220,0" radius="0.5" length="4" />
		<capsule pos="-26.45,-27.5,-11.5" vel="0,0,0" mass="1" elasticityCoef="1" ang="90,0,0" color="0,220,0" radius="0.5" length="4" />
		<capsule pos="-26.45,-27.5,-9.199999999999996" vel="0,0,0" mass="1" elasticityCoef="1" ang="90,0,0" color="0,220,0" radius="0.5" length="4" />
		<capsule pos="-26.45,-27.5,-6.899999999999999" vel="0,0,0" mass="1" elasticityCoef="1" ang="90,0,0" color="0,220,0" radius="0.5" length="4" />
		<capsule pos="-26.45,-27.5,-4.600000000000001" vel="0,0,0" mass="1" elasticityCoef="1" ang="90,0,0" color="0,220,0" radius="0.5" length="4" />
		<capsule pos="-26.45,-27.5,-2.299999999999997" vel="0,0,0" mass="1" elasticityCoef="1" ang="90,0,0" color="0,220,0" radius="0.5" length="4" />
		<capsule pos="-26.45,-27.5,0.0" vel="0,0,0" mass="1" elasticityCoef="1" ang="90,0,0" color="0,220,0" radius="0.5" length="4" />
		<capsule pos="-26.45,-27.5,2.3000000000000043" vel="0,0,0" mass="1" elasticityCoef="1" ang="90,0,0" color="0,220,0" radius="0.5" length="4" />
		<capsule pos="-26.45,-27.5,4.600000000000001" vel="0,0,0" mass="1" elasticityCoef="1" ang="90,0,0" color="0,220,0" radius="0.5" length="4" />
		<capsule pos="-26.45,-27.5,6.899999999999999" vel="0,0,0" mass="1" elasticityCoef="1" ang="90,0,0" color="0,220,0" radius="0.5" length="4" />
		<capsule pos="-26.45,-27.5,9.200000000000003" vel="0,0,0" mass="1" elasticityCoef="1" ang="90,0,0" color="0,220,0" radius="0.5" length="4" />
		<capsule pos="-26.45,-27.5,11.5" vel="0,0,0" mass="1" elasticityCoef="1" ang="90,0,0" color="0,220,0" radius="0.5" length="4" />
		<capsule pos="-26.45,-27.5,13.799999999999997" vel="0,0,0" mass="1" elasticityCoef="1" ang="90,0,0" color="0,220,0" radius="0.5" length="4" />
		<capsule pos="-26.45,-27.5,16.1" vel="0,0,0" mass="1" elasticityCoef="1" ang="90,0,0" color="0,220,0" radius="0.5" length="4" />
		<capsule pos="-26.45,-27.5,18.4" vel="0,0,0" mass="1" elasticityCoef="1" ang="90,0,0" color="0,220,0" radius="0.5" length="4" />
		<capsule pos="-26.45,-27.5,20.699999999999996" vel="0,0,0" mass="1" elasticityCoef="1" ang="90,0,0" color="0,220,0" radius="0.5" length="4" />
		<capsule pos="-26.45,-27.5,22.999999999999993" vel="0,0,0" mass="1" elasticityCoef="1" ang="90,0,0" color="0,220,0" radius="0.5" length="4" />
		<capsule pos="-26.45,-27.5,25.300000000000004" vel="0,0,0" mass="1" elasticityCoef="1" ang="90,0,0" color="0,220,0" radius="0.5" length="4" />
		<capsule pos="-26.45,-27.5,27.6" vel="0,0,0" mass="1" elasticityCoef="1" ang="90,0,0" color="0,220,0" radius="0.5" length="4" />
		<capsule pos="-26.45,-27.5,29.9" vel="0,0,0" mass="1" elasticityCoef="1" ang="90,0,0" color="0,220,0" radius="0.5" length="4" />
		<capsule pos="-26.45,-27.5,32.199999999999996" vel="0,0,0" mass="1" elasticityCoef="1" ang="90,0,0" color="0,220,0" radius="0.5" length="4" />
		<capsule pos="-26.45,-27.5,34.49999999999999" vel="0,0,0" mass="1" elasticityCoef="1" ang="90,0,0" color="0,220,0" radius="0.5" length="4" />
		<capsule pos="-26.45,-27.5,36.800000000000004" vel="0,0,0" mass="1" elasticityCoef="1" ang="90,0,0" color="0,220,0" radius="0.5" length="4" />
		<capsule pos="-26.45,-27.5,39.1" vel="0,0,0" mass="1" elasticityCoef="1" ang="90,0,0" color="0,220,0" radius="0.5" length="4" />
		<capsule pos="-26.45,-27.5,41.4" vel="0,0,0" mass="1" elasticityCoef="1" ang="90,0,0" color="0,220,0" radius="0.5" length="4" />
		<capsule pos="-26.45,-22.0,-43.699999999999996" vel="0,0,0" mass="1" elasticityCoef="1" ang="90,0,0" color="0,220,0" radius="0.5" length="4" />
		<capsule pos="-26.45,-22.0,-41.4" vel="0,0,0" mass="1" elasticityCoef="1" ang="90,0,0" color="0,220,0" radius="0.5" length="4" />
		<capsule pos="-26.45,-22.0,-39.099999999999994" vel="0,0,0" mass="1" elasticityCoef="1" ang="90,0,0" color="0,220,0" radius="0.5" length="4" />
		<capsule pos="-26.45,-22.0,-36.8" vel="0,0,0" mass="1" elasticityCoef="1" ang="90,0,0" color="0,220,0" radius="0.5" length="4" />
		<capsule pos="-26.45,-22.0,-34.5" vel="0,0,0" mass="1" elasticityCoef="1" ang="90,0,0" color="0,220,0" radius="0.5" length="4" />
		<capsule pos="-26.45,-22.0,-32.199999999999996" vel="0,0,0" mass="1" elasticityCoef="1" ang="90,0,0" color="0,220,0" radius="0.5" length="4" />
		<capsule pos="-26.45,-22.0,-29.9" vel="0,0,0" mass="1" elasticityCoef="1" ang="90,0,0" color="0,220,0" radius="0.5" length="4" />
		<capsule pos="-26.45,-22.0,-27.599999999999998" vel="0,0,0" mass="1" elasticityCoef="1" ang="90,0,0" color="0,220,0" radius="0.5" length="4" />
		<capsule pos="-26.45,-22.0,-25.299999999999997" vel="0,0,0" mass="1" elasticityCoef="1" ang="90,0,0" color="0,220,0" radius="0.5" length="4" />
		<capsule pos="-26.45,-22.0,-22.999999999999996" vel="0,0,0" mass="1" elasticityCoef="1" ang="90,0,0" color="0,220,0" radius="0.5" length="4" />
		<capsule pos="-26.45,-22.0,-20.699999999999996" vel="0,0,0" mass="1" elasticityCoef="1" ang="90,0,0" color="0,220,0" radius="0.5" length="4" />
		<capsule pos="-26.45,-22.0,-18.4" vel="0,0,0" mass="1" elasticityCoef="1" ang="90,0,0" color="0,220,0" radius="0.5" length="4" />
		<capsule pos="-26.45,-22.0,-16.099999999999998" vel="0,0,0" mass="1" elasticityCoef="1" ang="90,0,0" color="0,220,0" radius="0.5" length="4" />
		<capsule pos="-26.45,-22.0,-13.799999999999997" vel="0,0,0" mass="1" elasticityCoef="1" ang="90,0,0" color="0,220,0" radius="0.5" length="4" />
		<capsule pos="-26.45,-22.0,-11.5" vel="0,0,0" mass="1" elasticityCoef="1" ang="90,0,0" color="0,220,0" radius="0.5" length="4" />
		<capsule pos="-26.45,-22.0,-9.199999999999996" vel="0,0,0" mass="1" elasticityCoef="1" ang="90,0,0" color="0,220,0" radius="0.5" length="4" />
		<capsule pos="-26.45,-22.0,-6.899999999999999" vel="0,0,0" mass="1" elasticityCoef="1" ang="90,0,0" color="0,220,0" radius="0.5" length="4" />
		<capsule pos="-26.45,-22.0,-4.600000000000001" vel="0,0,0" mass="1" elasticityCoef="1" ang="90,0,0" color="0,220,0" radius="0.5" length="4" />
		<capsule pos="-26.45,-22.0,-2.299999999999997" vel="0,0,0" mass="1" elasticityCoef="1" ang="90,0,0" color="0,220,0" radius="0.5" length="4" />
		<capsule pos="-26.45,-22.0,0.0" vel="0,0,0" mass="1" elasticityCoef="1" ang="90,0,0" color="0,220,0" radius="0.5" length="4" />
		<capsule pos="-26.45,-22.0,2.3000000000000043" vel="0,0,0" mass="1" elasticityCoef="1" ang="90,0,0" color="0,220,0" radius="0.5" length="4" />
		<capsule pos="-26.45,-22.0,4.600000000000001" vel="0,0,0" mass="1" elasticityCoef="1" ang="90,0,0" color="0,220,0" radius="0.5" length="4" />
		<capsule pos="-26.45,-22.0,6.899999999999999" vel="0,0,0" mass="1" elasticityCoef="1" ang="90,0,0" color="0,220,0" radius="0.5" length="4" />
		<capsule pos="-26.45,-22.0,9.200000000000003" vel="0,0,0" mass="1" elasticityCoef="1" ang="90,0,0" color="0,220,0" radius="0.5" length="4" />
		<capsule pos="-26.45,-22.0,11.5" vel="0,0,0" mass="1" elasticityCoef="1" ang="90,0,0" color="0,220,0" radius="0.5" length="4" />
		<capsule pos="-26.45,-22.0,13.799999999999997" vel="0,0,0" mass="1" elasticityCoef="1" ang="90,0,0" color="0,220,0" radius="0.5" length="4" />
		<capsule pos="-26.45,-22.0,16.1" vel="0,0,0" mass="1" elasticityCoef="1" ang="90,0,0" color="0,220,0" radius="0.5" length="4" />
		<capsule pos="-26.45,-22.0,18.4" vel="0,0,0" mass="1" elasticityCoef="1" ang="90,0,0" color="0,220,0" radius="0.5" length="4" />
		<capsule pos="-26.45,-22.0,20.699999999999996" vel="0,0,0" mass="1" elasticityCoef="1" ang="90,0,0" color="0,220,0" radius="0.5" length="4" />
		<capsule pos="-26.45,-22.0,22.999999999999993" vel="0,0,0" mass="1" elasticityCoef="1" ang="90,0,0" color="0,220,0" radius="0.5" length="4" />
		<capsule pos="-26.45,-22.0,25.300000000000004" vel="0,0,0" mass="1" elasticityCoef="1" ang="90,0,0" color="0,220,0" radius="0.5" length="4" />
		<capsule pos="-26.45,-22.0,27.6" vel="0,0,0" mass="1" elasticityCoef="1" ang="90,0,0" color="0,220,0" radius="0.5" length="4" />
		<capsule pos="-26.45,-22.0,29.9" vel="0,0,0" mass="1" elasticityCoef="1" ang="90,0,0" color="0,220,0" radius="0.5" length="4" />
		<capsule pos="-26.45,-22.0,32.199999999999996" vel="0,0,0" mass="1" elasticityCoef="1" ang="90,0,0" color="0,220,0" radius="0.5" length="4" />
		<capsule pos="-26.45,-22.0,34.49999999999999" vel="0,0,0" mass="1" elasticityCoef="1" ang="90,0,0" color="0,220,0" radius="0.5" length="4" />
		<capsule pos="-26.45,-22.0,36.800000000000004" vel="0,0,0" mass="1" elasticityCoef="1" ang="90,0,0" color="0,220,0" radius="0.5" length="4" />
		<capsule pos="-26.45,-22.0,39.1" vel="0,0,0" mass="1" elasticityCoef="1" ang="90,0,0" color="0,220,0" radius="0.5" length="4" />
		<capsule pos="-26.45,-22.0,41.4" vel="0,0,0" mass="1" elasticityCoef="1" ang="90,0,0" color="0,220,0" radius="0.5" length="4" />
		<capsule pos="-26.45,-16.5,-43.699999999999996" vel="0,0,0" mass="1" elasticityCoef="1" ang="90,0,0" color="0,220,0" radius="0.5" length="4" />
		<capsule pos="-26.45,-16.5,-41.4" vel="0,0,0" mass="1" elasticityCoef="1" ang="90,0,0" color="0,220,0" radius="0.5" length="4" />
		<capsule pos="-26.45,-16.5,-39.099999999999994" vel="0,0,0" mass="1" elasticityCoef="1" ang="90,0,0" color="0,220,0" radius="0.5" length="4" />
		<capsule pos="-26.45,-16.5,-36.8" vel="0,0,0" mass="1" elasticityCoef="1" ang="90,0,0" color="0,220,0" radius="0.5" length="4" />
		<capsule pos="-26.45,-16.5,-34.5" vel="0,0,0" mass="1" elasticityCoef="1" ang="90,0,0" color="0,220,0" radius="0.5" length="4" />
		<capsule pos="-26.45,-16.5,-32.199999999999996" vel="0,0,0" mass="1" elasticityCoef="1" ang="90,0,0" color="0,220,0" radius="0.5" length="4" />
		<capsule pos="-26.45,-16.5,-29.9" vel="0,0,0" mass="1" elasticityCoef="1" ang="90,0,0" color="0,220,0" radius="0.5" length="4" />
		<capsule pos="-26.45,-16.5,-27.599999999999998" vel="0,0,0" mass="1" elasticityCoef="1" ang="90,0,0" color="0,220,0" radius="0.5" length="4" />
		<capsule pos="-26.45,-16.5,-25.299999999999997" vel="0,0,0" mass="1" elasticityCoef="1" ang="90,0,0" color="0,220,0" radius="0.5" length="4" />
		<capsule pos="-26.45,-16.5,-22.999999999999996" vel="0,0,0" mass="1" elasticityCoef="1" ang="90,0,0" color="0,220,0" radius="0.5" length="4" />
		<capsule pos="-26.45,-16.5,-20.699999999999996" vel="0,0,0" mass="1" elasticityCoef="1" ang="90,0,0" color="0,220,0" radius="0.5" length="4" />
		<capsule pos="-26.45,-16.5,-18.4" vel="0,0,0" mass="1" elasticityCoef="1" ang="90,0,0" color="0,220,0" radius="0.5" length="4" />
		<capsule pos="-26.45,-16.5,-16.099999999999998" vel="0,0,0" mass="1" elasticityCoef="1" ang="90,0,0" color="0,220,0" radius="0.5" length="4" />
		<capsule pos="-26.45,-16.5,-13.799999999999997" vel="0,0,0" mass="1" elasticityCoef="1" ang="90,0,0" color="0,220,0" radius="0.5" length="4" />
		<capsule pos="-26.45,-16.5,-11.5" vel="0,0,0" mass="1" elasticityCoef="1" ang="90,0,0" color="0,220,0" radius="0.5" length="4" />
		<capsule pos="-26.45,-16.5,-9.199999999999996" vel="0,0,0" mass="1" elasticityCoef="1" ang="90,0,0" color="0,220,0" radius="0.5" length="4" />
		<capsule pos="-26.45,-16.5,-6.899999999999999" vel="0,0,0" mass="1" elasticityCoef="1" ang="90,0,0" color="0,220,0" radius="0.5" length="4" />
		<capsule pos="-26.45,-16.5,-4.600000000000001" vel="0,0,0" mass="1" elasticityCoef="1" ang="90,0,0" color="0,220,0" radius="0.5" length="4" />
		<capsule pos="-26.45,-16.5,-2.299999999999997" vel="0,0,0" mass="1" elasticityCoef="1" ang="90,0,0" color="0,220,0" radius="0.5" length="4" />
		<capsule pos="-26.45,-16.5,0.0" vel="0,0,0" mass="1" elasticityCoef="1" ang="90,0,0" color="0,220,0" radius="0.5" length="4" />
		<capsule pos="-26.45,-16.5,2.3000000000000043" vel="0,0,0" mass="1" elasticityCoef="1" ang="90,0,0" color="0,220,0" radius="0.5" length="4" />
		<capsule pos="-26.45,-16.5,4.600000000000001" vel="0,0,0" mass="1" elasticityCoef="1" ang="90,0,0" color="0,220,0" radius="0.5" length="4" />
		<capsule pos="-26.45,-16.5,6.899999999999999" vel="0,0,0" mass="1" elasticityCoef="1" ang="90,0,0" color="0,220,0" radius="0.5" length="4" />
		<capsule pos="-26.45,-16.5,9.200000000000003" vel="0,0,0" mass="1" elasticityCoef="1" ang="90,0,0" color="0,220,0" radius="0.5" length="4" />
		<capsule pos="-26.45,-16.5,11.5" vel="0,0,0" mass="1" elasticityCoef="1" ang="90,0,0" color="0,220,0" radius="0.5" length="4" />
		<capsule pos="-26.45,-16.5,13.799999999999997" vel="0,0,0" mass="1" elasticityCoef="1" ang="90,0,0" color="0,220,0" radius="0.5" length="4" />
		<capsule pos="-26.45,-16.5,16.1" vel="0,0,0" mass="1" elasticityCoef="1" ang="90,0,0" color="0,220,0" radius="0.5" length="4" />
		<capsule pos="-26.45,-16.5,18.4" vel="0,0,0" mass="1" elasticityCoef="1" ang="90,0,0" color="0,220,0" radius="0.5" length="4" />
		<capsule pos="-26.45,-16.5,20.699999999999996" vel="0,0,0" mass="1" elasticityCoef="1" ang="90,0,0" color="0,220,0" radius="0.5" length="4" />
		<capsule pos="-26.45,-16.5,22.999999999999993" vel="0,0,0" mass="1" elasticityCoef="1" ang="90,0,0" color="0,220,0" radius="0.5" length="4" />
		<capsule pos="-26.45,-16.5,25.300000000000004" vel="0,0,0" mass="1" elasticityCoef="1" ang="90,0,0" color="0,220,0" radius="0.5" length="4" />
		<capsule pos="-26.45,-16.5,27.6" vel="0,0,0" mass="1" elasticityCoef="1" ang="90,0,0" color="0,220,0" radius="0.5" length="4" />
		<capsule pos="-26.45,-16.5,29.9" vel="0,0,0" mass="1" elasticityCoef="1" ang="90,0,0" color="0,220,0" radius="0.5" length="4" />
		<capsule pos="-26.45,-16.5,32.199999999999996" vel="0,0,0" mass="1" elasticityCoef="1" ang="90,0,0" color="0,220,0" radius="0.5" length="4" />
		<capsule pos="-26.45,-16.5,34.49999999999999" vel="0,0,0" mass="1" elasticityCoef="1" ang="90,0,0" color="0,220,0" radius="0.5" length="4" />
		<capsule pos="-26.45,-16.5,36.800000000000004" vel="0,0,0" mass="1" elasticityCoef="1" ang="90,0,0" color="0,220,0" radius="0.5" length="4" />
		<capsule pos="-26.45,-16.5,39.1" vel="0,0,0" mass="1" elasticityCoef="1" ang="90,0,0" color="0,220,0" radius="0.5" length="4" />
		<capsule pos="-26.45,-16.5,41.4" vel="0,0,0" mass="1" elasticityCoef="1" ang="90,0,0" color="0,220,0" radius="0.5" length="4" />
		<capsule pos="-26.45,-11.0,-43.699999999999996" vel="0,0,0" mass="1" elasticityCoef="1" ang="90,0,0" color="0,220,0" radius="0.5" length="4" />
		<capsule pos="-26.45,-11.0,-41.4" vel="0,0,0" mass="1" elasticityCoef="1" ang="90,0,0" color="0,220,0" radius="0.5" length="4" />
		<capsule pos="-26.45,-11.0,-39.099999999999994" vel="0,0,0" mass="1" elasticityCoef="1" ang="90,0,0" color="0,220,0" radius="0.5" length="4" />
		<capsule pos="-26.45,-11.0,-36.8" vel="0,0,0" mass="1" elasticityCoef="1" ang="90,0,0" color="0,220,0" radius="0.5" length="4" />
		<capsule pos="-26.45,-11.0,-34.5" vel="0,0,0" mass="1" elasticityCoef="1" ang="90,0,0" color="0,220,0" radius="0.5" length="4" />
		<capsule pos="-26.45,-11.0,-32.199999999999996" vel="0,0,0" mass="1" elasticityCoef="1" ang="90,0,0" color="0,220,0" radius="0.5" length="4" />
		<capsule pos="-26.45,-11.0,-29.9" vel="0,0,0" mass="1" elasticityCoef="1" ang="90,0,0" color="0,220,0" radius="0.5" length="4" />
		<capsule pos="-26.45,-11.0,-27.599999999999998" vel="0,0,0" mass="1" elasticityCoef="1" ang="90,0,0" color="0,220,0" radius="0.5" length="4" />
		<capsule pos="-26.45,-11.0,-25.299999999999997" vel="0,0,0" mass="1" elasticityCoef="1" ang="90,0,0" color="0,220,0" radius="0.5" length="4" />
		<capsule pos="-26.45,-11.0,-22.999999999999996" vel="0,0,0" mass="1" elasticityCoef="1" ang="90,0,0" color="0,220,0" radius="0.5" length="4" />
		<capsule pos="-26.45,-11.0,-20.699999999999996" vel="0,0,0" mass="1" elasticityCoef="1" ang="90,0,0" color="0,220,0" radius="0.5" length="4" />
		<capsule pos="-26.45,-11.0,-18.4" vel="0,0,0" mass="1" elasticityCoef="1" ang="90,0,0" color="0,220,0" radius="0.5" length="4" />
		<capsule pos="-26.45,-11.0,-16.099999999999998" vel="0,0,0" mass="1" elasticityCoef="1" ang="90,0,0" color="0,220,0" radius="0.5" length="4" />
		<capsule pos="-26.45,-11.0,-13.799999999999997" vel="0,0,0" mass="1" elasticityCoef="1" ang="90,0,0" color="0,220,0" radius="0.5" length="4" />
		<capsule pos="-26.45,-11.0,-11.5" vel="0,0,0" mass="1" elasticityCoef="1" ang="90,0,0" color="0,220,0" radius="0.5" length="4" />
		<capsule pos="-26.45,-11.0,-9.199999999999996" vel="0,0,0" mass="1" elasticityCoef="1" ang="90,0,0" color="0,220,0" radius="0.5" length="4" />
		<capsule pos="-26.45,-11.0,-6.899999999999999" vel="0,0,0" mass="1" elasticityCoef="1" ang="90,0,0" color="0,220,0" radius="0.5" length="4" />
		<capsule pos="-26.45,-11.0,-4.600000000000001" vel="0,0,0" mass="1" elasticityCoef="1" ang="90,0,0" color="0,220,0" radius="0.5" length="4" />
		<capsule pos="-26.45,-11.0,-2.299999999999997" vel="0,0,0" mass="1" elasticityCoef="1" ang="90,0,0" color="0,220,0" radius="0.5" length="4" />
		<capsule pos="-26.45,-11.0,0.0" vel="0,0,0" mass="1" elasticityCoef="1" ang="90,0,0" color="0,220,0" radius="0.5" length="4" />
		<capsule pos="-26.45,-11.0,2.3000000000000043" vel="0,0,0" mass="1" elasticityCoef="1" ang="90,0,0" color="0,220,0" radius="0.5" length="4" />
		<capsule pos="-26.45,-11.0,4.600000000000001" vel="0,0,0" mass="1" elasticityCoef="1" ang="90,0,0" color="0,220,0" radius="0.5" length="4" />
		<capsule pos="-26.45,-11.0,6.899999999999999" vel="0,0,0" mass="1" elasticityCoef="1" ang="90,0,0" color="0,220,0" radius="0.5" length="4" />
		<capsule pos="-26.45,-11.0,9.200000000000003" vel="0,0,0" mass="1" elasticityCoef="1" ang="90,0,0" color="0,220,0" radius="0.5" length="4" />
		<capsule pos="-26.45,-11.0,11.5" vel="0,0,0" mass="1" elasticityCoef="1" ang="90,0,0" color="0,220,0" radius="0.5" length="4" />
		<capsule pos="-26.45,-11.0,13.799999999999997" vel="0,0,0" mass="1" elasticityCoef="1" ang="90,0,0" color="0,220,0" radius="0.5" length="4" />
		<capsule pos="-26.45,-11.0,16.1" vel="0,0,0" mass="1" elasticityCoef="1" ang="90,0,0" color="0,220,0" radius="0.5" length="4" />
		<capsule pos="-26.45,-11.0,18.4" vel="0,0,0" mass="1" elasticityCoef="1" ang="90,0,0" color="0,220,0" radius="0.5" length="4" />
		<capsule pos="-26.45,-11.0,20.699999999999996" vel="0,0,0" mass="1" elasticityCoef="1" ang="90,0,0" color="0,220,0" radius="0.5" length="4" />
		<capsule pos="-26.45,-11.0,22.999999999999993" vel="0,0,0" mass="1" elasticityCoef="1" ang="90,0,0" color="0,220,0" radius="0.5" length="4" />
		<capsule pos="-26.45,-11.0,25.300000000000004" vel="0,0,0" mass="1" elasticityCoef="1" ang="90,0,0" color="0,220,0" radius="0.5" length="4" />
		<capsule pos="-26.45,-11.0,27.6" vel="0,0,0" mass="1" elasticityCoef="1" ang="90,0,0" color="0,220,0" radius="0.5" length="4" />
		<capsule pos="-26.45,-11.0,29.9" vel="0,0,0" mass="1" elasticityCoef="1" ang="90,0,0" color="0,220,0" radius="0.5" length="4" />
		<capsule pos="-26.45,-11.0,32.199999999999996" vel="0,0,0" mass="1" elasticityCoef="1" ang="90,0,0" color="0,220,0" radius="0.5" length="4" />
		<capsule pos="-26.45,-11.0,34.49999999999999" vel="0,0,0" mass="1" elasticityCoef="1" ang="90,0,0" color="0,220,0" radius="0.5" length="4" />
		<capsule pos="-26.45,-11.0,36.800000000000004" vel="0,0,0" mass="1" elasticityCoef="1" ang="90,0,0" color="0,220,0" radius="0.5" length="4" />
		<capsule pos="-26.45,-11.0,39.1" vel="0,0,0" mass="1" elasticityCoef="1" ang="90,0,0" color="0,220,0" radius="0.5" length="4" />
		<capsule pos="-26.45,-11.0,41.4" vel="0,0,0" mass="1" elasticityCoef="1" ang="90,0,0" color="0,220,0" radius="0.5" length="4" />
		<capsule pos="-26.45,-5.5,-43.699999999999996" vel="0,0,0" mass="1" elasticityCoef="1" ang="90,0,0" color="0,220,0" radius="0.5" length="4" />
		<capsule pos="-26.45,-5.5,-41.4" vel="0,0,0" mass="1" elasticityCoef="1" ang="90,0,0" color="0,220,0" radius="0.5" length="4" />
		<capsule pos="-26.45,-5.5,-39.099999999999994" vel="0,0,0" mass="1" elasticityCoef="1" ang="90,0,0" color="0,220,0" radius="0.5" length="4" />
		<capsule pos="-26.45,-5.5,-36.8" vel="0,0,0" mass="1" elasticityCoef="1" ang="90,0,0" color="0,220,0" radius="0.5" length="4" />
		<capsule pos="-26.45,-5.5,-34.5" vel="0,0,0" mass="1" elasticityCoef="1" ang="90,0,0" color="0,220,0" radius="0.5" length="4" />
		<capsule pos="-26.45,-5.5,-32.199999999999996" vel="0,0,0" mass="1" elasticityCoef="1" ang="90,0,0" color="0,220,0" radius="0.5" length="4" />
		<capsule pos="-26.45,-5.5,-29.9" vel="0,0,0" mass="1" elasticityCoef="1" ang="90,0,0" color="0,220,0" radius="0.5" length="4" />
		<capsule pos="-26.45,-5.5,-27.599999999999998" vel="0,0,0" mass="1" elasticityCoef="1" ang="90,0,0" color="0,220,0" radius="0.5" length="4" />
		<capsule pos="-26.45,-5.5,-25.299999999999997" vel="0,0,0" mass="1" elasticityCoef="1" ang="90,0,0" color="0,220,0" radius="0.5" length="4" />
		<capsule pos="-26.45,-5.5,-22.999999999999996" vel="0,0,0" mass="1" elasticityCoef="1" ang="90,0,0" color="0,220,0" radius="0.5" length="4" />
		<capsule pos="-26.45,-5.5,-20.699999999999996" vel="0,0,0" mass="1" elasticityCoef="1" ang="90,0,0" color="0,220,0" radius="0.5" length="4" />
		<capsule pos="-26.45,-5.5,-18.4" vel="0,0,0" mass="1" elasticityCoef="1" ang="90,0,0" color="0,220,0" radius="0.5" length="4" />
		<capsule pos="-26.45,-5.5,-16.099999999999998" vel="0,0,0" mass="1" elasticityCoef="1" ang="90,0,0" color="0,220,0" radius="0.5" length="4" />
		<capsule pos="-26.45,-5.5,-13.799999999999997" vel="0,0,0" mass="1" elasticityCoef="1" ang="90,0,0" color="0,220,0" radius="0.5" length="4" />
		<capsule pos="-26.45,-5.5,-11.5" vel="0,0,0" mass="1" elasticityCoef="1" ang="90,0,0" color="0,220,0" radius="0.5" length="4" />
		<capsule pos="-26.45,-5.5,-9.199999999999996" vel="0,0,0" mass="1" elasticityCoef="1" ang="90,0,0" color="0,220,0" radius="0.5" length="4" />
		<capsule pos="-26.45,-5.5,-6.899999999999999" vel="0,0,0" mass="1" elasticityCoef="1" ang="90,0,0" color="0,220,0" radius="0.5" length="4" />
		<capsule pos="-26.45,-5.5,-4.600000000000001" vel="0,0,0" mass="1" elasticityCoef="1" ang="90,0,0" color="0,220,0" radius="0.5" length="4" />
		<capsule pos="-26.45,-5.5,-2.299999999999997" vel="0,0,0" mass="1" elasticityCoef="1" ang="90,0,0" color="0,220,0" radius="0.5" length="4" />
		<capsule pos="-26.45,-5.5,0.0" vel="0,0,0" mass="1" elasticityCoef="1" ang="90,0,0" color="0,220,0" radius="0.5" length="4" />
		<capsule pos="-26.45,-5.5,2.3000000000000043" vel="0,0,0" mass="1" elasticityCoef="1" ang="90,0,0" color="0,220,0" radius="0.5" length="4" />
		<capsule pos="-26.45,-5.5,4.600000000000001" vel="0,0,0" mass="1" elasticityCoef="1" ang="90,0,0" color="0,220,0" radius="0.5" length="4" />
		<capsule pos="-26.45,-5.5,6.899999999999999" vel="0,0,0" mass="1" elasticityCoef="1" ang="90,0,0" color="0,220,0" radius="0.5" length="4" />
		<capsule pos="-26.45,-5.5,9.200000000000003" vel="0,0,0" mass="1" elasticityCoef="1" ang="90,0,0" color="0,220,0" radius="0.5" length="4" />
		<capsule pos="-26.45,-5.5,11.5" vel="0,0,0" mass="1" elasticityCoef="1" ang="90,0,0" color="0,220,0" radius="0.5" length="4" />
		<capsule pos="-26.45,-5.5,13.799999999999997" vel="0,0,0" mass="1" elasticityCoef="1" ang="90,0,0" color="0,220,0" radius="0.5" length="4" />
		<capsule pos="-26.45,-5.5,16.1" vel="0,0,0" mass="1" elasticityCoef="1" ang="90,0,0" color="0,220,0" radius="0.5" length="4" />
		<capsule pos="-26.45,-5.5,18.4" vel="0,0,0" mass="1" elasticityCoef="1" ang="90,0,0" color="0,220,0" radius="0.5" length="4" />
		<capsule pos="-26.45,-5.5,20.699999999999996" vel="0,0,0" mass="1" elasticityCoef="1" ang="90,0,0" color="0,220,0" radius="0.5" length="4" />
		<capsule pos="-26.45,-5.5,22.999999999999993" vel="0,0,0" mass="1" elasticityCoef="1" ang="90,0,0" color="0,220,0" radius="0.5" length="4" />
		<capsule pos="-26.45,-5.5,25.300000000000004" vel="0,0,0" mass="1" elasticityCoef="1" ang="90,0,0" color="0,220,0" radius="0.5" length="4" />
		<capsule pos="-26.45,-5.5,27.6" vel="0,0,0" mass="1" elasticityCoef="1" ang="90,0,0" color="0,220,0" radius="0.5" length="4" />
		<capsule pos="-26.45,-5.5,29.9" vel="0,0,0" mass="1" elasticityCoef="1" ang="90,0,0" color="0,220,0" radius="0.5" length="4" />
		<capsule pos="-26.45,-5.5,32.199999999999996" vel="0,0,0" mass="1" elasticityCoef="1" ang="90,0,0" color="0,220,0" radius="0.5" length="4" />
		<capsule pos="-26.45,-5.5,34.49999999999999" vel="0,0,0" mass="1" elasticityCoef="1" ang="90,0,0" color="0,220,0" radius="0.5" length="4" />
		<capsule pos="-26.45,-5.5,36.800000000000004" vel="0,0,0" mass="1" elasticityCoef="1" ang="90,0,0" color="0,220,0" radius="0.5" length="4" />
		<capsule pos="-26.45,-5.5,39.1" vel="0,0,0" mass="1" elasticityCoef="1" ang="90,0,0" color="0,220,0" radius="0.5" length="4" />
		<capsule pos="-26.45,-5.5,41.4" vel="0,0,0" mass="1" elasticityCoef="1" ang="90,0,0" color="0,220,0" radius="0.5" length="4" />
		<capsule pos="-26.45,0.0,-43.699999999999996" vel="0,0,0" mass="1" elasticityCoef="1" ang="90,0,0" color="0,220,0" radius="0.5" length="4" />
		<capsule pos="-26.45,0.0,-41.4" vel="0,0,0" mass="1" elasticityCoef="1" ang="90,0,0" color="0,220,0" radius="0.5" length="4" />
		<capsule pos="-26.45,0.0,-39.099999999999994" vel="0,0,0" mass="1" elasticityCoef="1" ang="90,0,0" color="0,220,0" radius="0.5" length="4" />
		<capsule pos="-26.45,0.0,-36.8" vel="0,0,0" mass="1" elasticityCoef="1" ang="90,0,0" color="0,220,0" radius="0.5" length="4" />
		<capsule pos="-26.45,0.0,-34.5" vel="0,0,0" mass="1" elasticityCoef="1" ang="90,0,0" color="0,220,0" radius="0.5" length="4" />
		<capsule pos="-26.45,0.0,-32.199999999999996" vel="0,0,0" mass="1" elasticityCoef="1" ang="90,0,0" color="0,220,0" radius="0.5" length="4" />
		<capsule pos="-26.45,0.0,-29.9" vel="0,0,0" mass="1" elasticityCoef="1" ang="90,0,0" color="0,220,0" radius="0.5" length="4" />
		<capsule pos="-26.45,0.0,-27.599999999999998" vel="0,0,0" mass="1" elasticityCoef="1" ang="90,0,0" color="0,220,0" radius="0.5" length="4" />
		<capsule pos="-26.45,0.0,-25.299999999999997" vel="0,0,0" mass="1" elasticityCoef="1" ang="90,0,0" color="0,220,0" radius="0.5" length="4" />
		<capsule pos="-26.45,0.0,-22.999999999999996" vel="0,0,0" mass="1" elasticityCoef="1" ang="90,0,0" color="0,220,0" radius="0.5" length="4" />
		<capsule pos="-26.45,0.0,-20.699999999999996" vel="0,0,0" mass="1" elasticityCoef="1" ang="90,0,0" color="0,220,0" radius="0.5" length="4" />
		<capsule pos="-26.45,0.0,-18.4" vel="0,0,0" mass="1" elasticityCoef="1" ang="90,0,0" color="0,220,0" radius="0.5" length="4" />
		<capsule pos="-26.45,0.0,-16.099999999999998" vel="0,0,0" mass="1" elasticityCoef="1" ang="90,0,0" color="0,220,0" radius="0.5" length="4" />
		<capsule pos="-26.45,0.0,-13.799999999999997" vel="0,0,0" mass="1" elasticityCoef="1" ang="90,0,0" color="0,220,0" radius="0.5" length="4" />
		<capsule pos="-26.45,0.0,-11.5" vel="0,0,0" mass="1" elasticityCoef="1" ang="90,0,0" color="0,220,0" radius="0.5" length="4" />
		<capsule pos="-26.45,0.0,-9.199999999999996" vel="0,0,0" mass="1" elasticityCoef="1" ang="90,0,0" color="0,220,0" radius="0.5" length="4" />
		<capsule pos="-26.45,0.0,-6.899999999999999" vel="0,0,0" mass="1" elasticityCoef="1" ang="90,0,0" color="0,220,0" radius="0.5" length="4" />
		<capsule pos="-26.45,0.0,-4.600000000000001" vel="0,0,0" mass="1" elasticityCoef="1" ang="90,0,0" color="0,220,0" radius="0.5" length="4" />
		<capsule pos="-26.45,0.0,-2.299999999999997" vel="0,0,0" mass="1" elasticityCoef="1" ang="90,0,0" color="0,220,0" radius="0.5" length="4" />
		<capsule pos="-26.45,0.0,0.0" vel="0,0,0" mass="1" elasticityCoef="1" ang="90,0,0" color="0,220,0" radius="0.5" length="4" />
		<capsule pos="-26.45,0.0,2.3000000000000043" vel="0,0,0" mass="1" elasticityCoef="1" ang="90,0,0" color="0,220,0" radius="0.5" length="4" />
		<capsule pos="-26.45,0.0,4.600000000000001" vel="0,0,0" mass="1" elasticityCoef="1" ang="90,0,0" color="0,220,0" radius="0.5" length="4" />
		<capsule pos="-26.45,0.0,6.899999999999999" vel="0,0,0" mass="1" elasticityCoef="1" ang="90,0,0" color="0,220,0" radius="0.5" length="4" />
		<capsule pos="-26.45,0.0,9.200000000000003" vel="0,0,0" mass="1" elasticityCoef="1" ang="90,0,0" color="0,220,0" radius="0.5" length="4" />
		<capsule pos="-26.45,0.0,11.5" vel="0,0,0" mass="1" elasticityCoef="1" ang="90,0,0" color="0,220,0" radius="0.5" length="4" />
		<capsule pos="-26.45,0.0,13.799999999999997" vel="0,0,0" mass="1" elasticityCoef="1" ang="90,0,0" color="0,220,0" radius="0.5" length="4" />
		<capsule pos="-26.45,0.0,16.1" vel="0,0,0" mass="1" elasticityCoef="1" ang="90,0,0" color="0,220,0" radius="0.5" length="4" />
		<capsule pos="-26.45,0.0,18.4" vel="0,0,0" mass="1" elasticityCoef="1" ang="90,0,0" color="0,220,0" radius="0.5" length="4" />
		<capsule pos="-26.45,0.0,20.699999999999996" vel="0,0,0" mass="1" elasticityCoef="1" ang="90,0,0" color="0,220,0" radius="0.5" length="4" />
		<capsule pos="-26.45,0.0,22.999999999999993" vel="0,0,0" mass="1" elasticityCoef="1" ang="90,0,0" color="0,220,0" radius="0.5" length="4" />
		<capsule pos="-26.45,0.0,25.300000000000004" vel="0,0,0" mass="1" elasticityCoef="1" ang="90,0,0" color="0,220,0" radius="0.5" length="4" />
		<capsule pos="-26.45,0.0,27.6" vel="0,0,0" mass="1" elasticityCoef="1" ang="90,0,0" color="0,220,0" radius="0.5" length="4" />
		<capsule pos="-26.45,0.0,29.9" vel="0,0,0" mass="1" elasticityCoef="1" ang="90,0,0" color="0,220,0" radius="0.5" length="4" />
		<capsule pos="-26.45,0.0,32.199999999999996" vel="0,0,0" mass="1" elasticityCoef="1" ang="90,0,0" color="0,220,0" radius="0.5" length="4" />
		<capsule pos="-26.45,0.0,34.49999999999999" vel="0,0,0" mass="1" elasticityCoef="1" ang="90,0,0" color="0,220,0" radius="0.5" length="4" />
		<capsule pos="-26.45,0.0,36.800000000000004" vel="0,0,0" mass="1" elasticityCoef="1" ang="90,0,0" color="0,220,0" radius="0.5" length="4" />
		<capsule pos="-26.45,0.0,39.1" vel="0,0,0" mass="1" elasticityCoef="1" ang="90,0,0" color="0,220,0" radius="0.5" length="4" />
		<capsule pos="-26.45,0.0,41.4" vel="0,0,0" mass="1" elasticityCoef="1" ang="90,0,0" color="0,220,0" radius="0.5" length="4" />
		<capsule pos="-26.45,5.5,-43.699999999999996" vel="0,0,0" mass="1" elasticityCoef="1" ang="90,0,0" color="0,220,0" radius="0.5" length="4" />
		<capsule pos="-26.45,5.5,-41.4" vel="0,0,0" mass="1" elasticityCoef="1" ang="90,0,0" color="0,220,0" radius="0.5" length="4" />
		<capsule pos="-26.45,5.5,-39.099999999999994" vel="0,0,0" mass="1" elasticityCoef="1" ang="90,0,0" color="0,220,0" radius="0.5" length="4" />
		<capsule pos="-26.45,5.5,-36.8" vel="0,0,0" mass="1" elasticityCoef="1" ang="90,0,0" color="0,220,0" radius="0.5" length="4" />
		<capsule pos="-26.45,5.5,-34.5" vel="0,0,0" mass="1" elasticityCoef="1" ang="90,0,0" color="0,220,0" radius="0.5" length="4" />
		<capsule pos="-26.45,5.5,-32.199999999999996" vel="0,0,0" mass="1" elasticityCoef="1" ang="90,0,0" color="0,220,0" radius="0.5" length="4" />
		<capsule pos="-26.45,5.5,-29.9" vel="0,0,0" mass="1" elasticityCoef="1" ang="90,0,0" color="0,220,0" radius="0.5" length="4" />
		<capsule pos="-26.45,5.5,-27.599999999999998" vel="0,0,0" mass="1" elasticityCoef="1" ang="90,0,0" color="0,220,0" radius="0.5" length="4" />
		<capsule pos="-26.45,5.5,-25.299999999999997" vel="0,0,0" mass="1" elasticityCoef="1" ang="90,0,0" color="0,220,0" radius="0.5" length="4" />
		<capsule pos="-26.45,5.5,-22.999999999999996" vel="0,0,0" mass="1" elasticityCoef="1" ang="90,0,0" color="0,220,0" radius="0.5" length="4" />
		<capsule pos="-26.45,5.5,-20.699999999999996" vel="0,0,0" mass="1" elasticityCoef="1" ang="90,0,0" color="0,220,0" radius="0.5" length="4" />
		<capsule pos="-26.45,5.5,-18.4" vel="0,0,0" mass="1" elasticityCoef="1" ang="90,0,0" color="0,220,0" radius="0.5" length="4" />
		<capsule pos="-26.45,5.5,-16.099999999999998" vel="0,0,0" mass="1" elasticityCoef="1" ang="90,0,0" color="0,220,0" radius="0.5" length="4" />
		<capsule pos="-26.45,5.5,-13.799999999999997" vel="0,0,0" mass="1" elasticityCoef="1" ang="90,0,0" color="0,220,0" radius="0.5" length="4" />
		<capsule pos="-26.45,5.5,-11.5" vel="0,0,0" mass="1" elasticityCoef="1" ang="90,0,0" color="0,220,0" radius="0.5" length="4" />
		<capsule pos="-26.45,5.5,-9.199999999999996" vel="0,0,0" mass="1" elasticityCoef="1" ang="90,0,0" color="0,220,0" radius="0.5" length="4" />
		<capsule pos="-26.45,5.5,-6.899999999999999" vel="0,0,0" mass="1" elasticityCoef="1" ang="90,0,0" color="0,220,0" radius="0.5" length="4" />
		<capsule pos="-26.45,5.5,-4.600000000000001" vel="0,0,0" mass="1" elasticityCoef="1" ang="90,0,0" color="0,220,0" radius="0.5" length="4" />
		<capsule pos="-26.45,5.5,-2.299999999999997" vel="0,0,0" mass="1" elasticityCoef="1" ang="90,0,0" color="0,220,0" radius="0.5" length="4" />
		<capsule pos="-26.45,5.5,0.0" vel="0,0,0" mass="1" elasticityCoef="1" ang="90,0,0" color="0,220,0" radius="0.5" length="4" />
		<capsule pos="-26.45,5.5,2.3000000000000043" vel="0,0,0" mass="1" elasticityCoef="1" ang="90,0,0" color="0,220,0" radius="0.5" length="4" />
		<capsule pos="-26.45,5.5,4.600000000000001" vel="0,0,0" mass="1" elasticityCoef="1" ang="90,0,0" color="0,220,0" radius="0.5" length="4" />
		<capsule pos="-26.45,5.5,6.899999999999999" vel="0,0,0" mass="1" elasticityCoef="1" ang="90,0,0" color="0,220,0" radius="0.5" length="4" />
		<capsule pos="-26.45,5.5,9.200000000000003" vel="0,0,0" mass="1" elasticityCoef="1" ang="90,0,0" color="0,220,0" radius="0.5" length="4" />
		<capsule pos="-26.45,5.5,11.5" vel="0,0,0" mass="1" elasticityCoef="1" ang="90,0,0" color="0,220,0" radius="0.5" length="4" />
		<capsule pos="-26.45,5.5,13.799999999999997" vel="0,0,0" mass="1" elasticityCoef="1" ang="90,0,0" color="0,220,0" radius="0.5" length="4" />
		<capsule pos="-26.45,5.5,16.1" vel="0,0,0" mass="1" elasticityCoef="1" ang="90,0,0" color="0,220,0" radius="0.5" length="4" />
		<capsule pos="-26.45,5.5,18.4" vel="0,0,0" mass="1" elasticityCoef="1" ang="90,0,0" color="0,220,0" radius="0.5" length="4" />
		<capsule pos="-26.45,5.5,20.699999999999996" vel="0,0,0" mass="1" elasticityCoef="1" ang="90,0,0" color="0,220,0" radius="0.5" length="4" />
		<capsule pos="-26.45,5.5,22.999999999999993" vel="0,0,0" mass="1" elasticityCoef="1" ang="90,0,0" color="0,220,0" radius="0.5" length="4" />
		<capsule pos="-26.45,5.5,25.300000000000004" vel="0,0,0" mass="1" elasticityCoef="1" ang="90,0,0" color="0,220,0" radius="0.5" length="4" />
		<capsule pos="-26.45,5.5,27.6" vel="0,0,0" mass="1" elasticityCoef="1" ang="90,0,0" color="0,220,0" radius="0.5" length="4" />
		<capsule pos="-26.45,5.5,29.9" vel="0,0,0" mass="1" elasticityCoef="1" ang="90,0,0" color="0,220,0" radius="0.5" length="4" />
		<capsule pos="-26.45,5.5,32.199999999999996" vel="0,0,0" mass="1" elasticityCoef="1" ang="90,0,0" color="0,220,0" radius="0.5" length="4" />
		<capsule pos="-26.45,5.5,34.49999999999999" vel="0,0,0" mass="1" elasticityCoef="1" ang="90,0,0" color="0,220,0" radius="0.5" length="4" />
		<capsule pos="-26.45,5.5,36.800000000000004" vel="0,0,0" mass="1" elasticityCoef="1" ang="90,0,0" color="0,220,0" radius="0.5" length="4" />
		<capsule pos="-26.45,5.5,39.1" vel="0,0,0" mass="1" elasticityCoef="1" ang="90,0,0" color="0,220,0" radius="0.5" length="4" />
		<capsule pos="-26.45,5.5,41.4" vel="0,0,0" mass="1" elasticityCoef="1" ang="90,0,0" color="0,220,0" radius="0.5" length="4" />
		<capsule pos="-26.45,11.0,-43.699999999999996" vel="0,0,0" mass="1" elasticityCoef="1" ang="90,0,0" color="0,220,0" radius="0.5" length="4" />
		<capsule pos="-26.45,11.0,-41.4" vel="0,0,0" mass="1" elasticityCoef="1" ang="90,0,0" color="0,220,0" radius="0.5" length="4" />
		<capsule pos="-26.45,11.0,-39.099999999999994" vel="0,0,0" mass="1" elasticityCoef="1" ang="90,0,0" color="0,220,0" radius="0.5" length="4" />
		<capsule pos="-26.45,11.0,-36.8" vel="0,0,0" mass="1" elasticityCoef="1" ang="90,0,0" color="0,220,0" radius="0.5" length="4" />
		<capsule pos="-26.45,11.0,-34.5" vel="0,0,0" mass="1" elasticityCoef="1" ang="90,0,0" color="0,220,0" radius="0.5" length="4" />
		<capsule pos="-26.45,11.0,-32.199999999999996" vel="0,0,0" mass="1" elasticityCoef="1" ang="90,0,0" color="0,220,0" radius="0.5" length="4" />
		<capsule pos="-26.45,11.0,-29.9" vel="0,0,0" mass="1" elasticityCoef="1" ang="90,0,0" color="0,220,0" radius="0.5" length="4" />
		<capsule pos="-26.45,11.0,-27.599999999999998" vel="0,0,0" mass="1" elasticityCoef="1" ang="90,0,0" color="0,220,0" radius="0.5" length="4" />
		<capsule pos="-26.45,11.0,-25.299999999999997" vel="0,0,0" mass="1" elasticityCoef="1" ang="90,0,0" color="0,220,0" radius="0.5" length="4" />
		<capsule pos="-26.45,11.0,-22.999999999999996" vel="0,0,0" mass="1" elasticityCoef="1" ang="90,0,0" color="0,220,0" radius="0.5" length="4" />
		<capsule pos="-26.45,11.0,-20.699999999999996" vel="0,0,0" mass="1" elasticityCoef="1" ang="90,0,0" color="0,220,0" radius="0.5" length="4" />
		<capsule pos="-26.45,11.0,-18.4" vel="0,0,0" mass="1" elasticityCoef="1" ang="90,0,0" color="0,220,0" radius="0.5" length="4" />
		<capsule pos="-26.45,11.0,-16.099999999999998" vel="0,0,0" mass="1" elasticityCoef="1" ang="90,0,0" color="0,220,0" radius="0.5" length="4" />
		<capsule pos="-26.45,11.0,-13.799999999999997" vel="0,0,0" mass="1" elasticityCoef="1" ang="90,0,0" color="0,220,0" radius="0.5" length="4" />
		<capsule pos="-26.45,11.0,-11.5" vel="0,0,0" mass="1" elasticityCoef="1" ang="90,0,0" color="0,220,0" radius="0.5" length="4" />
		<capsule pos="-26.45,11.0,-9.199999999999996" vel="0,0,0" mass="1" elasticityCoef="1" ang="90,0,0" color="0,220,0" radius="0.5" length="4" />
		<capsule pos="-26.45,11.0,-6.899999999999999" vel="0,0,0" mass="1" elasticityCoef="1" ang="90,0,0" color="0,220,0" radius="0.5" length="4" />
		<capsule pos="-26.45,11.0,-4.600000000000001" vel="0,0,0" mass="1" elasticityCoef="1" ang="90,0,0" color="0,220,0" radius="0.5" length="4" />
		<capsule pos="-26.45,11.0,-2.299999999999997" vel="0,0,0" mass="1" elasticityCoef="1" ang="90,0,0" color="0,220,0" radius="0.5" length="4" />
		<capsule pos="-26.45,11.0,0.0" vel="0,0,0" mass="1" elasticityCoef="1" ang="90,0,0" color="0,220,0" radius="0.5" length="4" />
		<capsule pos="-26.45,11.0,2.3000000000000043" vel="0,0,0" mass="1" elasticityCoef="1" ang="90,0,0" color="0,220,0" radius="0.5" length="4" />
		<capsule pos="-26.45,11.0,4.600000000000001" vel="0,0,0" mass="1" elasticityCoef="1" ang="90,0,0" color="0,220,0" radius="0.5" length="4" />
		<capsule pos="-26.45,11.0,6.899999999999999" vel="0,0,0" mass="1" elasticityCoef="1" ang="90,0,0" color="0,220,0" radius="0.5" length="4" />
		<capsule pos="-26.45,11.0,9.200000000000003" vel="0,0,0" mass="1" elasticityCoef="1" ang="90,0,0" color="0,220,0" radius="0.5" length="4" />
		<capsule pos="-26.45,11.0,11.5" vel="0,0,0" mass="1" elasticityCoef="1" ang="90,0,0" color="0,220,0" radius="0.5" length="4" />
		<capsule pos="-26.45,11.0,13.799999999999997" vel="0,0,0" mass="1" elasticityCoef="1" ang="90,0,0" color="0,220,0" radius="0.5" length="4" />
		<capsule pos="-26.45,11.0,16.1" vel="0,0,0" mass="1" elasticityCoef="1" ang="90,0,0" color="0,220,0" radius="0.5" length="4" />
		<capsule pos="-26.45,11.0,18.4" vel="0,0,0" mass="1" elasticityCoef="1" ang="90,0,0" color="0,220,0" radius="0.5" length="4" />
		<capsule pos="-26.45,11.0,20.699999999999996" vel="0,0,0" mass="1" elasticityCoef="1" ang="90,0,0" color="0,220,0" radius="0.5" length="4" />
		<capsule pos="-26.45,11.0,22.999999999999993" vel="0,0,0" mass="1" elasticityCoef="1" ang="90,0,0" color="0,220,0" radius="0.5" length="4" />
		<capsule pos="-26.45,11.0,25.300000000000004" vel="0,0,0" mass="1" elasticityCoef="1" ang="90,0,0" color="0,220,0" radius="0.5" length="4" />
		<capsule pos="-26.45,11.0,27.6" vel="0,0,0" mass="1" elasticityCoef="1" ang="90,0,0" color="0,220,0" radius="0.5" length="4" />
		<capsule pos="-26.45,11.0,29.9" vel="0,0,0" mass="1" elasticityCoef="1" ang="90,0,0" color="0,220,0" radius="0.5" length="4" />
		<capsule pos="-26.45,11.0,32.199999999999996" vel="0,0,0" mass="1" elasticityCoef="1" ang="90,0,0" color="0,220,0" radius="0.5" length="4" />
		<capsule pos="-26.45,11.0,34.49999999999999" vel="0,0,0" mass="1" elasticityCoef="1" ang="90,0,0" color="0,220,0" radius="0.5" length="4" />
		<capsule pos="-26.45,11.0,36.800000000000004" vel="0,0,0" mass="1" elasticityCoef="1" ang="90,0,0" color="0,220,0" radius="0.5" length="4" />
		<capsule pos="-26.45,11.0,39.1" vel="0,0,0" mass="1" elasticityCoef="1" ang="90,0,0" color="0,220,0" radius="0.5" length="4" />
		<capsule pos="-26.45,11.0,41.4" vel="0,0,0" mass="1" elasticityCoef="1" ang="90,0,0" color="0,220,0" radius="0.5" length="4" />
		<capsule pos="-26.45,16.5,-43.699999999999996" vel="0,0,0" mass="1" elasticityCoef="1" ang="90,0,0" color="0,220,0" radius="0.5" length="4" />
		<capsule pos="-26.45,16.5,-41.4" vel="0,0,0" mass="1" elasticityCoef="1" ang="90,0,0" color="0,220,0" radius="0.5" length="4" />
		<capsule pos="-26.45,16.5,-39.099999999999994" vel="0,0,0" mass="1" elasticityCoef="1" ang="90,0,0" color="0,220,0" radius="0.5" length="4" />
		<capsule pos="-26.45,16.5,-36.8" vel="0,0,0" mass="1" elasticityCoef="1" ang="90,0,0" color="0,220,0" radius="0.5" length="4" />
		<capsule pos="-26.45,16.5,-34.5" vel="0,0,0" mass="1" elasticityCoef="1" ang="90,0,0" color="0,220,0" radius="0.5" length="4" />
		<capsule pos="-26.45,16.5,-32.199999999999996" vel="0,0,0" mass="1" elasticityCoef="1" ang="90,0,0" color="0,220,0" radius="0.5" length="4" />
		<capsule pos="-26.45,16.5,-29.9" vel="0,0,0" mass="1" elasticityCoef="1" ang="90,0,0" color="0,220,0" radius="0.5" length="4" />
		<capsule pos="-26.45,16.5,-27.599999999999998" vel="0,0,0" mass="1" elasticityCoef="1" ang="90,0,0" color="0,220,0" radius="0.5" length="4" />
		<capsule pos="-26.45,16.5,-25.299999999999997" vel="0,0,0" mass="1" elasticityCoef="1" ang="90,0,0" color="0,220,0" radius="0.5" length="4" />
		<capsule pos="-26.45,16.5,-22.999999999999996" vel="0,0,0" mass="1" elasticityCoef="1" ang="90,0,0" color="0,220,0" radius="0.5" length="4" />
		<capsule pos="-26.45,16.5,-20.699999999999996" vel="0,0,0" mass="1" elasticityCoef="1" ang="90,0,0" color="0,220,0" radius="0.5" length="4" />
		<capsule pos="-26.45,16.5,-18.4" vel="0,0,0" mass="1" elasticityCoef="1" ang="90,0,0" color="0,220,0" radius="0.5" length="4" />
		<capsule pos="-26.45,16.5,-16.099999999999998" vel="0,0,0" mass="1" elasticityCoef="1" ang="90,0,0" color="0,220,0" radius="0.5" length="4" />
		<capsule pos="-26.45,16.5,-13.799999999999997" vel="0,0,0" mass="1" elasticityCoef="1" ang="90,0,0" color="0,220,0" radius="0.5" length="4" />
		<capsule pos="-26.45,16.5,-11.5" vel="0,0,0" mass="1" elasticityCoef="1" ang="90,0,0" color="0,220,0" radius="0.5" length="4" />
		<capsule pos="-26.45,16.5,-9.199999999999996" vel="0,0,0" mass="1" elasticityCoef="1" ang="90,0,0" color="0,220,0" radius="0.5" length="4" />
		<capsule pos="-26.45,16.5,-6.899999999999999" vel="0,0,0" mass="1" elasticityCoef="1" ang="90,0,0" color="0,220,0" radius="0.5" length="4" />
		<capsule pos="-26.45,16.5,-4.600000000000001" vel="0,0,0" mass="1" elasticityCoef="1" ang="90,0,0" color="0,220,0" radius="0.5" length="4" />
		<capsule pos="-26.45,16.5,-2.299999999999997" vel="0,0,0" mass="1" elasticityCoef="1" ang="90,0,0" color="0,220,0" radius="0.5" length="4" />
		<capsule pos="-26.45,16.5,0.0" vel="0,0,0" mass="1" elasticityCoef="1" ang="90,0,0" color="0,220,0" radius="0.5" length="4" />
		<capsule pos="-26.45,16.5,2.3000000000000043" vel="0,0,0" mass="1" elasticityCoef="1" ang="90,0,0" color="0,220,0" radius="0.5" length="4" />
		<capsule pos="-26.45,16.5,4.600000000000001" vel="0,0,0" mass="1" elasticityCoef="1" ang="90,0,0" color="0,220,0" radius="0.5" length="4" />
		<capsule pos="-26.45,16.5,6.899999999999999" vel="0,0,0" mass="1" elasticityCoef="1" ang="90,0,0" color="0,220,0" radius="0.5" length="4" />
		<capsule pos="-26.45,16.5,9.200000000000003" vel="0,0,0" mass="1" elasticityCoef="1" ang="90,0,0" color="0,220,0" radius="0.5" length="4" />
		<capsule pos="-26.45,16.5,11.5" vel="0,0,0" mass="1" elasticityCoef="1" ang="90,0,0" color="0,220,0" radius="0.5" length="4" />
		<capsule pos="-26.45,16.5,13.799999999999997" vel="0,0,0" mass="1" elasticityCoef="1" ang="90,0,0" color="0,220,0" radius="0.5" length="4" />
		<capsule pos="-26.45,16.5,16.1" vel="0,0,0" mass="1" elasticityCoef="1" ang="90,0,0" color="0,220,0" radius="0.5" length="4" />
		<capsule pos="-26.45,16.5,18.4" vel="0,0,0" mass="1" elasticityCoef="1" ang="90,0,0" color="0,220,0" radius="0.5" length="4" />
		<capsule pos="-26.45,16.5,20.699999999999996" vel="0,0,0" mass="1" elasticityCoef="1" ang="90,0,0" color="0,220,0" radius="0.5" length="4" />
		<capsule pos="-26.45,16.5,22.999999999999993" vel="0,0,0" mass="1" elasticityCoef="1" ang="90,0,0" color="0,220,0" radius="0.5" length="4" />
		<capsule pos="-26.45,16.5,25.300000000000004" vel="0,0,0" mass="1" elasticityCoef="1" ang="90,0,0" color="0,220,0" radius="0.5" length="4" />
		<capsule pos="-26.45,16.5,27.6" vel="0,0,0" mass="1" elasticityCoef="1" ang="90,0,0" color="0,220,0" radius="0.5" length="4" />
		<capsule pos="-26.45,16.5,29.9" vel="0,0,0" mass="1" elasticityCoef="1" ang="90,0,0" color="0,220,0" radius="0.5" length="4" />
		<capsule pos="-26.45,16.5,32.199999999999996" vel="0,0,0" mass="1" elasticityCoef="1" ang="90,0,0" color="0,220,0" radius="0.5" length="4" />
		<capsule pos="-26.45,16.5,34.49999999999999" vel="0,0,0" mass="1" elasticityCoef="1" ang="90,0,0" color="0,220,0" radius="0.5" length="4" />
		<capsule pos="-26.45,16.5,36.800000000000004" vel="0,0,0" mass="1" elasticityCoef="1" ang="90,0,0" color="0,220,0" radius="0.5" length="4" />
		<capsule pos="-26.45,16.5,39.1" vel="0,0,0" mass="1" elasticityCoef="1" ang="90,0,0" color="0,220,0" radius="0.5" length="4" />
		<capsule pos="-26.45,16.5,41.4" vel="0,0,0" mass="1" elasticityCoef="1" ang="90,0,0" color="0,220,0" radius="0.5" length="4" />
		<capsule pos="-26.45,22.0,-43.699999999999996" vel="0,0,0" mass="1" elasticityCoef="1" ang="90,0,0" color="0,220,0" radius="0.5" length="4" />
		<capsule pos="-26.45,22.0,-41.4" vel="0,0,0" mass="1" elasticityCoef="1" ang="90,0,0" color="0,220,0" radius="0.5" length="4" />
		<capsule pos="-26.45,22.0,-39.099999999999994" vel="0,0,0" mass="1" elasticityCoef="1" ang="90,0,0" color="0,220,0" radius="0.5" length="4" />
		<capsule pos="-26.45,22.0,-36.8" vel="0,0,0" mass="1" elasticityCoef="1" ang="90,0,0" color="0,220,0" radius="0.5" length="4" />
		<capsule pos="-26.45,22.0,-34.5" vel="0,0,0" mass="1" elasticityCoef="1" ang="90,0,0" color="0,220,0" radius="0.5" length="4" />
		<capsule pos="-26.45,22.0,-32.199999999999996" vel="0,0,0" mass="1" elasticityCoef="1" ang="90,0,0" color="0,220,0" radius="0.5" length="4" />
		<capsule pos="-26.45,22.0,-29.9" vel="0,0,0" mass="1" elasticityCoef="1" ang="90,0,0" color="0,220,0" radius="0.5" length="4" />
		<capsule pos="-26.45,22.0,-27.599999999999998" vel="0,0,0" mass="1" elasticityCoef="1" ang="90,0,0" color="0,220,0" radius="0.5" length="4" />
		<capsule pos="-26.45,22.0,-25.299999999999997" vel="0,0,0" mass="1" elasticityCoef="1" ang="90,0,0" color="0,220,0" radius="0.5" length="4" />
		<capsule pos="-26.45,22.0,-22.999999999999996" vel="0,0,0" mass="1" elasticityCoef="1" ang="90,0,0" color="0,220,0" radius="0.5" length="4" />
		<capsule pos="-26.45,22.0,-20.699999999999996" vel="0,0,0" mass="1" elasticityCoef="1" ang="90,0,0" color="0,220,0" radius="0.5" length="4" />
		<capsule pos="-26.45,22.0,-18.4" vel="0,0,0" mass="1" elasticityCoef="1" ang="90,0,0" color="0,220,0" radius="0.5" length="4" />
		<capsule pos="-26.45,22.0,-16.099999999999998" vel="0,0,0" mass="1" elasticityCoef="1" ang="90,0,0" color="0,220,0" radius="0.5" length="4" />
		<capsule pos="-26.45,22.0,-13.799999999999997" vel="0,0,0" mass="1" elasticityCoef="1" ang="90,0,0" color="0,220,0" radius="0.5" length="4" />
		<capsule pos="-26.45,22.0,-11.5" vel="0,0,0" mass="1" elasticityCoef="1" ang="90,0,0" color="0,220,0" radius="0.5" length="4" />
		<capsule pos="-26.45,22.0,-9.199999999999996" vel="0,0,0" mass="1" elasticityCoef="1" ang="90,0,0" color="0,220,0" radius="0.5" length="4" />
		<capsule pos="-26.45,22.0,-6.899999999999999" vel="0,0,0" mass="1" elasticityCoef="1" ang="90,0,0" color="0,220,0" radius="0.5" length="4" />
		<capsule pos="-26.45,22.0,-4.600000000000001" vel="0,0,0" mass="1" elasticityCoef="1" ang="90,0,0" color="0,220,0" radius="0.5" length="4" />
		<capsule pos="-26.45,22.0,-2.299999999999997" vel="0,0,0" mass="1" elasticityCoef="1" ang="90,0,0" color="0,220,0" radius="0.5" length="4" />
		<capsule pos="-26.45,22.0,0.0" vel="0,0,0" mass="1" elasticityCoef="1" ang="90,0,0" color="0,220,0" radius="0.5" length="4" />
		<capsule pos="-26.45,22.0,2.3000000000000043" vel="0,0,0" mass="1" elasticityCoef="1" ang="90,0,0" color="0,220,0" radius="0.5" length="4" />
		<capsule pos="-26.45,22.0,4.600000000000001" vel="0,0,0" mass="1" elasticityCoef="1" ang="90,0,0" color="0,220,0" radius="0.5" length="4" />
		<capsule pos="-26.45,22.0,6.899999999999999" vel="0,0,0" mass="1" elasticityCoef="1" ang="90,0,0" color="0,220,0" radius="0.5" length="4" />
		<capsule pos="-26.45,22.0,9.200000000000003" vel="0,0,0" mass="1" elasticityCoef="1" ang="90,0,0" color="0,220,0" radius="0.5" length="4" />
		<capsule pos="-26.45,22.0,11.5" vel="0,0,0" mass="1" elasticityCoef="1" ang="90,0,0" color="0,220,0" radius="0.5" length="4" />
		<capsule pos="-26.45,22.0,13.799999999999997" vel="0,0,0" mass="1" elasticityCoef="1" ang="90,0,0" color="0,220,0" radius="0.5" length="4" />
		<capsule pos="-26.45,22.0,16.1" vel="0,0,0" mass="1" elasticityCoef="1" ang="90,0,0" color="0,220,0" radius="0.5" length="4" />
		<capsule pos="-26.45,22.0,18.4" vel="0,0,0" mass="1" elasticityCoef="1" ang="90,0,0" color="0,220,0" radius="0.5" length="4" />
		<capsule pos="-26.45,22.0,20.699999999999996" vel="0,0,0" mass="1" elasticityCoef="1" ang="90,0,0" color="0,220,0" radius="0.5" length="4" />
		<capsule pos="-26.45,22.0,22.999999999999993" vel="0,0,0" mass="1" elasticityCoef="1" ang="90,0,0" color="0,220,0" radius="0.5" length="4" />
		<capsule pos="-26.45,22.0,25.300000000000004" vel="0,0,0" mass="1" elasticityCoef="1" ang="90,0,0" color="0,220,0" radius="0.5" length="4" />
		<capsule pos="-26.45,22.0,27.6" vel="0,0,0" mass="1" elasticityCoef="1" ang="90,0,0" color="0,220,0" radius="0.5" length="4" />
		<capsule pos="-26.45,22.0,29.9" vel="0,0,0" mass="1" elasticityCoef="1" ang="90,0,0" color="0,220,0" radius="0.5" length="4" />
		<capsule pos="-26.45,22.0,32.199999999999996" vel="0,0,0" mass="1" elasticityCoef="1" ang="90,0,0" color="0,220,0" radius="0.5" length="4" />
		<capsule pos="-26.45,22.0,34.49999999999999" vel="0,0,0" mass="1" elasticityCoef="1" ang="90,0,0" color="0,220,0" radius="0.5" length="4" />
		<capsule pos="-26.45,22.0,36.800000000000004" vel="0,0,0" mass="1" elasticityCoef="1" ang="90,0,0" color="0,220,0" radius="0.5" length="4" />
		<capsule pos="-26.45,22.0,39.1" vel="0,0,0" mass="1" elasticityCoef="1" ang="90,0,0" color="0,220,0" radius="0.5" length="4" />
		<capsule pos="-26.45,22.0,41.4" vel="0,0,0" mass="1" elasticityCoef="1" ang="90,0,0" color="0,220,0" radius="0.5" length="4" />
		<capsule pos="-26.45,27.5,-43.699999999999996" vel="0,0,0" mass="1" elasticityCoef="1" ang="90,0,0" color="0,220,0" radius="0.5" length="4" />
		<capsule pos="-26.45,27.5,-41.4" vel="0,0,0" mass="1" elasticityCoef="1" ang="90,0,0" color="0,220,0" radius="0.5" length="4" />
		<capsule pos="-26.45,27.5,-39.099999999999994" vel="0,0,0" mass="1" elasticityCoef="1" ang="90,0,0" color="0,220,0" radius="0.5" length="4" />
		<capsule pos="-26.45,27.5,-36.8" vel="0,0,0" mass="1" elasticityCoef="1" ang="90,0,0" color="0,220,0" radius="0.5" length="4" />
		<capsule pos="-26.45,27.5,-34.5" vel="0,0,0" mass="1" elasticityCoef="1" ang="90,0,0" color="0,220,0" radius="0.5" length="4" />
		<capsule pos="-26.45,27.5,-32.199999999999996" vel="0,0,0" mass="1" elasticityCoef="1" ang="90,0,0" color="0,220,0" radius="0.5" length="4" />
		<capsule pos="-26.45,27.5,-29.9" vel="0,0,0" mass="1" elasticityCoef="1" ang="90,0,0" color="0,220,0" radius="0.5" length="4" />
		<capsule pos="-26.45,27.5,-27.599999999999998" vel="0,0,0" mass="1" elasticityCoef="1" ang="90,0,0" color="0,220,0" radius="0.5" length="4" />
		<capsule pos="-26.45,27.5,-25.299999999999997" vel="0,0,0" mass="1" elasticityCoef="1" ang="90,0,0" color="0,220,0" radius="0.5" length="4" />
		<capsule pos="-26.45,27.5,-22.999999999999996" vel="0,0,0" mass="1" elasticityCoef="1" ang="90,0,0" color="0,220,0" radius="0.5" length="4" />
		<capsule pos="-26.45,27.5,-20.699999999999996" vel="0,0,0" mass="1" elasticityCoef="1" ang="90,0,0" color="0,220,0" radius="0.5" length="4" />
		<capsule pos="-26.45,27.5,-18.4" vel="0,0,0" mass="1" elasticityCoef="1" ang="90,0,0" color="0,220,0" radius="0.5" length="4" />
		<capsule pos="-26.45,27.5,-16.099999999999998" vel="0,0,0" mass="1" elasticityCoef="1" ang="90,0,0" color="0,220,0" radius="0.5" length="4" />
		<capsule pos="-26.45,27.5,-13.799999999999997" vel="0,0,0" mass="1" elasticityCoef="1" ang="90,0,0" color="0,220,0" radius="0.5" length="4" />
		<capsule pos="-26.45,27.5,-11.5" vel="0,0,0" mass="1" elasticityCoef="1" ang="90,0,0" color="0,220,0" radius="0.5" length="4" />
		<capsule pos="-26.45,27.5,-9.199999999999996" vel="0,0,0" mass="1" elasticityCoef="1" ang="90,0,0" color="0,220,0" radius="0.5" length="4" />
		<capsule pos="-26.45,27.5,-6.899999999999999" vel="0,0,0" mass="1" elasticityCoef="1" ang="90,0,0" color="0,220,0" radius="0.5" length="4" />
		<capsule pos="-26.45,27.5,-4.600000000000001" vel="0,0,0" mass="1" elasticityCoef="1" ang="90,0,0" color="0,220,0" radius="0.5" length="4" />
		<capsule pos="-26.45,27.5,-2.299999999999997" vel="0,0,0" mass="1" elasticityCoef="1" ang="90,0,0" color="0,220,0" radius="0.5" length="4" />
		<capsule pos="-26.45,27.5,0.0" vel="0,0,0" mass="1" elasticityCoef="1" ang="90,0,0" color="0,220,0" radius="0.5" length="4" />
		<capsule pos="-26.45,27.5,2.3000000000000043" vel="0,0,0" mass="1" elasticityCoef="1" ang="90,0,0" color="0,220,0" radius="0.5" length="4" />
		<capsule pos="-26.45,27.5,4.600000000000001" vel="0,0,0" mass="1" elasticityCoef="1" ang="90,0,0" color="0,220,0" radius="0.5" length="4" />
		<capsule pos="-26.45,27.5,6.899999999999999" vel="0,0,0" mass="1" elasticityCoef="1" ang="90,0,0" color="0,220,0" radius="0.5" length="4" />
		<capsule pos="-26.45,27.5,9.200000000000003" vel="0,0,0" mass="1" elasticityCoef="1" ang="90,0,0" color="0,220,0" radius="0.5" length="4" />
		<capsule pos="-26.45,27.5,11.5" vel="0,0,0" mass="1" elasticityCoef="1" ang="90,0,0" color="0,220,0" radius="0.5" length="4" />
		<capsule pos="-26.45,27.5,13.799999999999997" vel="0,0,0" mass="1" elasticityCoef="1" ang="90,0,0" color="0,220,0" radius="0.5" length="4" />
		<capsule pos="-26.45,27.5,16.1" vel="0,0,0" mass="1" elasticityCoef="1" ang="90,0,0" color="0,220,0" radius="0.5" length="4" />
		<capsule pos="-26.45,27.5,18.4" vel="0,0,0" mass="1" elasticityCoef="1" ang="90,0,0" color="0,220,0" radius="0.5" length="4" />
		<capsule pos="-26.45,27.5,20.699999999999996" vel="0,0,0" mass="1" elasticityCoef="1" ang="90,0,0" color="0,220,0" radius="0.5" length="4" />
		<capsule pos="-26.45,27.5,22.999999999999993" vel="0,0,0" mass="1" elasticityCoef="1" ang="90,0,0" color="0,220,0" radius="0.5" length="4" />
		<capsule pos="-26.45,27.5,25.300000000000004" vel="0,0,0" mass="1" elasticityCoef="1" ang="90,0,0" color="0,220,0" radius="0.5" length="4" />
		<capsule pos="-26.45,27.5,27.6" vel="0,0,0" mass="1" elasticityCoef="1" ang="90,0,0" color="0,220,0" radius="0.5" length="4" />
		<capsule pos="-26.45,27.5,29.9" vel="0,0,0" mass="1" elasticityCoef="1" ang="90,0,0" color="0,220,0" radius="0.5" length="4" />
		<capsule pos="-26.45,27.5,32.199999999999996" vel="0,0,0" mass="1" elasticityCoef="1" ang="90,0,0" color="0,220,0" radius="0.5" length="4" />
		<capsule pos="-26.45,27.5,34.49999999999999" vel="0,0,0" mass="1" elasticityCoef="1" ang="90,0,0" color="0,220,0" radius="0.5" length="4" />
		<capsule pos="-26.45,27.5,36.800000000000004" vel="0,0,0" mass="1" elasticityCoef="1" ang="90,0,0" color="0,220,0" radius="0.5" length="4" />
		<capsule pos="-26.45,27.5,39.1" vel="0,0,0" mass="1" elasticityCoef="1" ang="90,0,0" color="0,220,0" radius="0.5" length="4" />
		<capsule pos="-26.45,27.5,41.4" vel="0,0,0" mass="1" elasticityCoef="1" ang="90,0,0" color="0,220,0" radius="0.5" length="4" />
		<capsule pos="-26.45,33.0,-43.699999999999996" vel="0,0,0" mass="1" elasticityCoef="1" ang="90,0,0" color="0,220,0" radius="0.5" length="4" />
		<capsule pos="-26.45,33.0,-41.4" vel="0,0,0" mass="1" elasticityCoef="1" ang="90,0,0" color="0,220,0" radius="0.5" length="4" />
		<capsule pos="-26.45,33.0,-39.099999999999994" vel="0,0,0" mass="1" elasticityCoef="1" ang="90,0,0" color="0,220,0" radius="0.5" length="4" />
		<capsule pos="-26.45,33.0,-36.8" vel="0,0,0" mass="1" elasticityCoef="1" ang="90,0,0" color="0,220,0" radius="0.5" length="4" />
		<capsule pos="-26.45,33.0,-34.5" vel="0,0,0" mass="1" elasticityCoef="1" ang="90,0,0" color="0,220,0" radius="0.5" length="4" />
		<capsule pos="-26.45,33.0,-32.199999999999996" vel="0,0,0" mass="1" elasticityCoef="1" ang="90,0,0" color="0,220,0" radius="0.5" length="4" />
		<capsule pos="-26.45,33.0,-29.9" vel="0,0,0" mass="1" elasticityCoef="1" ang="90,0,0" color="0,220,0" radius="0.5" length="4" />
		<capsule pos="-26.45,33.0,-27.599999999999998" vel="0,0,0" mass="1" elasticityCoef="1" ang="90,0,0" color="0,220,0" radius="0.5" length="4" />
		<capsule pos="-26.45,33.0,-25.299999999999997" vel="0,0,0" mass="1" elasticityCoef="1" ang="90,0,0" color="0,220,0" radius="0.5" length="4" />
		<capsule pos="-26.45,33.0,-22.999999999999996" vel="0,0,0" mass="1" elasticityCoef="1" ang="90,0,0" color="0,220,0" radius="0.5" length="4" />
		<capsule pos="-26.45,33.0,-20.699999999999996" vel="0,0,0" mass="1" elasticityCoef="1" ang="90,0,0" color="0,220,0" radius="0.5" length="4" />
		<capsule pos="-26.45,33.0,-18.4" vel="0,0,0" mass="1" elasticityCoef="1" ang="90,0,0" color="0,220,0" radius="0.5" length="4" />
		<capsule pos="-26.45,33.0,-16.099999999999998" vel="0,0,0" mass="1" elasticityCoef="1" ang="90,0,0" color="0,220,0" radius="0.5" length="4" />
		<capsule pos="-26.45,33.0,-13.799999999999997" vel="0,0,0" mass="1" elasticityCoef="1" ang="90,0,0" color="0,220,0" radius="0.5" length="4" />
		<capsule pos="-26.45,33.0,-11.5" vel="0,0,0" mass="1" elasticityCoef="1" ang="90,0,0" color="0,220,0" radius="0.5" length="4" />
		<capsule pos="-26.45,33.0,-9.199999999999996" vel="0,0,0" mass="1" elasticityCoef="1" ang="90,0,0" color="0,220,0" radius="0.5" length="4" />
		<capsule pos="-26.45,33.0,-6.899999999999999" vel="0,0,0" mass="1" elasticityCoef="1" ang="90,0,0" color="0,220,0" radius="0.5" length="4" />
		<capsule pos="-26.45,33.0,-4.600000000000001" vel="0,0,0" mass="1" elasticityCoef="1" ang="90,0,0" color="0,220,0" radius="0.5" length="4" />
		<capsule pos="-26.45,33.0,-2.299999999999997" vel="0,0,0" mass="1" elasticityCoef="1" ang="90,0,0" color="0,220,0" radius="0.5" length="4" />
		<capsule pos="-26.45,33.0,0.0" vel="0,0,0" mass="1" elasticityCoef="1" ang="90,0,0" color="0,220,0" radius="0.5" length="4" />
		<capsule pos="-26.45,33.0,2.3000000000000043" vel="0,0,0" mass="1" elasticityCoef="1" ang="90,0,0" color="0,220,0" radius="0.5" length="4" />
		<capsule pos="-26.45,33.0,4.600000000000001" vel="0,0,0" mass="1" elasticityCoef="1" ang="90,0,0" color="0,220,0" radius="0.5" length="4" />
		<capsule pos="-26.45,33.0,6.899999999999999" vel="0,0,0" mass="1" elasticityCoef="1" ang="90,0,0" color="0,220,0" radius="0.5" length="4" />
		<capsule pos="-26.45,33.0,9.200000000000003" vel="0,0,0" mass="1" elasticityCoef="1" ang="90,0,0" color="0,220,0" radius="0.5" length="4" />
		<capsule pos="-26.45,33.0,11.5" vel="0,0,0" mass="1" elasticityCoef="1" ang="90,0,0" color="0,220,0" radius="0.5" length="4" />
		<capsule pos="-26.45,33.0,13.799999999999997" vel="0,0,0" mass="1" elasticityCoef="1" ang="90,0,0" color="0,220,0" radius="0.5" length="4" />
		<capsule pos="-26.45,33.0,16.1" vel="0,0,0" mass="1" elasticityCoef="1" ang="90,0,0" color="0,220,0" radius="0.5" length="4" />
		<capsule pos="-26.45,33.0,18.4" vel="0,0,0" mass="1" elasticityCoef="1" ang="90,0,0" color="0,220,0" radius="0.5" length="4" />
		<capsule pos="-26.45,33.0,20.699999999999996" vel="0,0,0" mass="1" elasticityCoef="1" ang="90,0,0" color="0,220,0" radius="0.5" length="4" />
		<capsule pos="-26.45,33.0,22.999999999999993" vel="0,0,0" mass="1" elasticityCoef="1" ang="90,0,0" color="0,220,0" radius="0.5" length="4" />
		<capsule pos="-26.45,33.0,25.300000000000004" vel="0,0,0" mass="1" elasticityCoef="1" ang="90,0,0" color="0,220,0" radius="0.5" length="4" />
		<capsule pos="-26.45,33.0,27.6" vel="0,0,0" mass="1" elasticityCoef="1" ang="90,0,0" color="0,220,0" radius="0.5" length="4" />
		<capsule pos="-26.45,33.0,29.9" vel="0,0,0" mass="1" elasticityCoef="1" ang="90,0,0" color="0,220,0" radius="0.5" length="4" />
		<capsule pos="-26.45,33.0,32.199999999999996" vel="0,0,0" mass="1" elasticityCoef="1" ang="90,0,0" color="0,220,0" radius="0.5" length="4" />
		<capsule pos="-26.45,33.0,34.49999999999999" vel="0,0,0" mass="1" elasticityCoef="1" ang="90,0,0" color="0,220,0" radius="0.5" length="4" />
		<capsule pos="-26.45,33.0,36.800000000000004" vel="0,0,0" mass="1" elasticityCoef="1" ang="90,0,0" color="0,220,0" radius="0.5" length="4" />
		<capsule pos="-26.45,33.0,39.1" vel="0,0,0" mass="1" elasticityCoef="1" ang="90,0,0" color="0,220,0" radius="0.5" length="4" />
		<capsule pos="-26.45,33.0,41.4" vel="0,0,0" mass="1" elasticityCoef="1" ang="90,0,0" color="0,220,0" radius="0.5" length="4" />
		<capsule pos="-26.45,38.5,-43.699999999999996" vel="0,0,0" mass="1" elasticityCoef="1" ang="90,0,0" color="0,220,0" radius="0.5" length="4" />
		<capsule pos="-26.45,38.5,-41.4" vel="0,0,0" mass="1" elasticityCoef="1" ang="90,0,0" color="0,220,0" radius="0.5" length="4" />
		<capsule pos="-26.45,38.5,-39.099999999999994" vel="0,0,0" mass="1" elasticityCoef="1" ang="90,0,0" color="0,220,0" radius="0.5" length="4" />
		<capsule pos="-26.45,38.5,-36.8" vel="0,0,0" mass="1" elasticityCoef="1" ang="90,0,0" color="0,220,0" radius="0.5" length="4" />
		<capsule pos="-26.45,38.5,-34.5" vel="0,0,0" mass="1" elasticityCoef="1" ang="90,0,0" color="0,220,0" radius="0.5" length="4" />
		<capsule pos="-26.45,38.5,-32.199999999999996" vel="0,0,0" mass="1" elasticityCoef="1" ang="90,0,0" color="0,220,0" radius="0.5" length="4" />
		<capsule pos="-26.45,38.5,-29.9" vel="0,0,0" mass="1" elasticityCoef="1" ang="90,0,0" color="0,220,0" radius="0.5" length="4" />
		<capsule pos="-26.45,38.5,-27.599999999999998" vel="0,0,0" mass="1" elasticityCoef="1" ang="90,0,0" color="0,220,0" radius="0.5" length="4" />
		<capsule pos="-26.45,38.5,-25.299999999999997" vel="0,0,0" mass="1" elasticityCoef="1" ang="90,0,0" color="0,220,0" radius="0.5" length="4" />
		<capsule pos="-26.45,38.5,-22.999999999999996" vel="0,0,0" mass="1" elasticityCoef="1" ang="90,0,0" color="0,220,0" radius="0.5" length="4" />
		<capsule pos="-26.45,38.5,-20.699999999999996" vel="0,0,0" mass="1" elasticityCoef="1" ang="90,0,0" color="0,220,0" radius="0.5" length="4" />
		<capsule pos="-26.45,38.5,-18.4" vel="0,0,0" mass="1" elasticityCoef="1" ang="90,0,0" color="0,220,0" radius="0.5" length="4" />
		<capsule pos="-26.45,38.5,-16.099999999999998" vel="0,0,0" mass="1" elasticityCoef="1" ang="90,0,0" color="0,220,0" radius="0.5" length="4" />
		<capsule pos="-26.45,38.5,-13.799999999999997" vel="0,0,0" mass="1" elasticityCoef="1" ang="90,0,0" color="0,220,0" radius="0.5" length="4" />
		<capsule pos="-26.45,38.5,-11.5" vel="0,0,0" mass="1" elasticityCoef="1" ang="90,0,0" color="0,220,0" radius="0.5" length="4" />
		<capsule pos="-26.45,38.5,-9.199999999999996" vel="0,0,0" mass="1" elasticityCoef="1" ang="90,0,0" color="0,220,0" radius="0.5" length="4" />
		<capsule pos="-26.45,38.5,-6.899999999999999" vel="0,0,0" mass="1" elasticityCoef="1" ang="90,0,0" color="0,220,0" radius="0.5" length="4" />
		<capsule pos="-26.45,38.5,-4.600000000000001" vel="0,0,0" mass="1" elasticityCoef="1" ang="90,0,0" color="0,220,0" radius="0.5" length="4" />
		<capsule pos="-26.45,38.5,-2.299999999999997" vel="0,0,0" mass="1" elasticityCoef="1" ang="90,0,0" color="0,220,0" radius="0.5" length="4" />
		<capsule pos="-26.45,38.5,0.0" vel="0,0,0" mass="1" elasticityCoef="1" ang="90,0,0" color="0,220,0" radius="0.5" length="4" />
		<capsule pos="-26.45,38.5,2.3000000000000043" vel="0,0,0" mass="1" elasticityCoef="1" ang="90,0,0" color="0,220,0" radius="0.5" length="4" />
		<capsule pos="-26.45,38.5,4.600000000000001" vel="0,0,0" mass="1" elasticityCoef="1" ang="90,0,0" color="0,220,0" radius="0.5" length="4" />
		<capsule pos="-26.45,38.5,6.899999999999999" vel="0,0,0" mass="1" elasticityCoef="1" ang="90,0,0" color="0,220,0" radius="0.5" length="4" />
		<capsule pos="-26.45,38.5,9.200000000000003" vel="0,0,0" mass="1" elasticityCoef="1" ang="90,0,0" color="0,220,0" radius="0.5" length="4" />
		<capsule pos="-26.45,38.5,11.5" vel="0,0,0" mass="1" elasticityCoef="1" ang="90,0,0" color="0,220,0" radius="0.5" length="4" />
		<capsule pos="-26.45,38.5,13.799999999999997" vel="0,0,0" mass="1" elasticityCoef="1" ang="90,0,0" color="0,220,0" radius="0.5" length="4" />
		<capsule pos="-26.45,38.5,16.1" vel="0,0,0" mass="1" elasticityCoef="1" ang="90,0,0" color="0,220,0" radius="0.5" length="4" />
		<capsule pos="-26.45,38.5,18.4" vel="0,0,0" mass="1" elasticityCoef="1" ang="90,0,0" color="0,220,0" radius="0.5" length="4" />
		<capsule pos="-26.45,38.5,20.699999999999996" vel="0,0,0" mass="1" elasticityCoef="1" ang="90,0,0" color="0,220,0" radius="0.5" length="4" />
		<capsule pos="-26.45,38.5,22.999999999999993" vel="0,0,0" mass="1" elasticityCoef="1" ang="90,0,0" color="0,220,0" radius="0.5" length="4" />
		<capsule pos="-26.45,38.5,25.300000000000004" vel="0,0,0" mass="1" elasticityCoef="1" ang="90,0,0" color="0,220,0" radius="0.5" length="4" />
		<capsule pos="-26.45,38.5,27.6" vel="0,0,0" mass="1" elasticityCoef="1" ang="90,0,0" color="0,220,0" radius="0.5" length="4" />
		<capsule pos="-26.45,38.5,29.9" vel="0,0,0" mass="1" elasticityCoef="1" ang="90,0,0" color="0,220,0" radius="0.5" length="4" />
		<capsule pos="-26.45,38.5,32.199999999999996" vel="0,0,0" mass="1" elasticityCoef="1" ang="90,0,0" color="0,220,0" radius="0.5" length="4" />
		<capsule pos="-26.45,38.5,34.49999999999999" vel="0,0,0" mass="1" elasticityCoef="1" ang="90,0,0" color="0,220,0" radius="0.5" length="4" />
		<capsule pos="-26.45,38.5,36.800000000000004" vel="0,0,0" mass="1" elasticityCoef="1" ang="90,0,0" color="0,220,0" radius="0.5" length="4" />
		<capsule pos="-26.45,38.5,39.1" vel="0,0,0" mass="1" elasticityCoef="1" ang="90,0,0" color="0,220,0" radius="0.5" length="4" />
		<capsule pos="-26.45,38.5,41.4" vel="0,0,0" mass="1" elasticityCoef="1" ang="90,0,0" color="0,220,0" radius="0.5" length="4" />
		<capsule pos="-26.45,44.0,-43.699999999999996" vel="0,0,0" mass="1" elasticityCoef="1" ang="90,0,0" color="0,220,0" radius="0.5" length="4" />
		<capsule pos="-26.45,44.0,-41.4" vel="0,0,0" mass="1" elasticityCoef="1" ang="90,0,0" color="0,220,0" radius="0.5" length="4" />
		<capsule pos="-26.45,44.0,-39.099999999999994" vel="0,0,0" mass="1" elasticityCoef="1" ang="90,0,0" color="0,220,0" radius="0.5" length="4" />
		<capsule pos="-26.45,44.0,-36.8" vel="0,0,0" mass="1" elasticityCoef="1" ang="90,0,0" color="0,220,0" radius="0.5" length="4" />
		<capsule pos="-26.45,44.0,-34.5" vel="0,0,0" mass="1" elasticityCoef="1" ang="90,0,0" color="0,220,0" radius="0.5" length="4" />
		<capsule pos="-26.45,44.0,-32.199999999999996" vel="0,0,0" mass="1" elasticityCoef="1" ang="90,0,0" color="0,220,0" radius="0.5" length="4" />
		<capsule pos="-26.45,44.0,-29.9" vel="0,0,0" mass="1" elasticityCoef="1" ang="90,0,0" color="0,220,0" radius="0.5" length="4" />
		<capsule pos="-26.45,44.0,-27.599999999999998" vel="0,0,0" mass="1" elasticityCoef="1" ang="90,0,0" color="0,220,0" radius="0.5" length="4" />
		<capsule pos="-26.45,44.0,-25.299999999999997" vel="0,0,0" mass="1" elasticityCoef="1" ang="90,0,0" color="0,220,0" radius="0.5" length="4" />
		<capsule pos="-26.45,44.0,-22.999999999999996" vel="0,0,0" mass="1" elasticityCoef="1" ang="90,0,0" color="0,220,0" radius="0.5" length="4" />
		<capsule pos="-26.45,44.0,-20.699999999999996" vel="0,0,0" mass="1" elasticityCoef="1" ang="90,0,0" color="0,220,0" radius="0.5" length="4" />
		<capsule pos="-26.45,44.0,-18.4" vel="0,0,0" mass="1" elasticityCoef="1" ang="90,0,0" color="0,220,0" radius="0.5" length="4" />
		<capsule pos="-26.45,44.0,-16.099999999999998" vel="0,0,0" mass="1" elasticityCoef="1" ang="90,0,0" color="0,220,0" radius="0.5" length="4" />
		<capsule pos="-26.45,44.0,-13.799999999999997" vel="0,0,0" mass="1" elasticityCoef="1" ang="90,0,0" color="0,220,0" radius="0.5" length="4" />
		<capsule pos="-26.45,44.0,-11.5" vel="0,0,0" mass="1" elasticityCoef="1" ang="90,0,0" color="0,220,0" radius="0.5" length="4" />
		<capsule pos="-26.45,44.0,-9.199999999999996" vel="0,0,0" mass="1" elasticityCoef="1" ang="90,0,0" color="0,220,0" radius="0.5" length="4" />
		<capsule pos="-26.45,44.0,-6.899999999999999" vel="0,0,0" mass="1" elasticityCoef="1" ang="90,0,0" color="0,220,0" radius="0.5" length="4" />
		<capsule pos="-26.45,44.0,-4.600000000000001" vel="0,0,0" mass="1" elasticityCoef="1" ang="90,0,0" color="0,220,0" radius="0.5" length="4" />
		<capsule pos="-26.45,44.0,-2.299999999999997" vel="0,0,0" mass="1" elasticityCoef="1" ang="90,0,0" color="0,220,0" radius="0.5" length="4" />
		<capsule pos="-26.45,44.0,0.0" vel="0,0,0" mass="1" elasticityCoef="1" ang="90,0,0" color="0,220,0" radius="0.5" length="4" />
		<capsule pos="-26.45,44.0,2.3000000000000043" vel="0,0,0" mass="1" elasticityCoef="1" ang="90,0,0" color="0,220,0" radius="0.5" length="4" />
		<capsule pos="-26.45,44.0,4.600000000000001" vel="0,0,0" mass="1" elasticityCoef="1" ang="90,0,0" color="0,220,0" radius="0.5" length="4" />
		<capsule pos="-26.45,44.0,6.899999999999999" vel="0,0,0" mass="1" elasticityCoef="1" ang="90,0,0" color="0,220,0" radius="0.5" length="4" />
		<capsule pos="-26.45,44.0,9.200000000000003" vel="0,0,0" mass="1" elasticityCoef="1" ang="90,0,0" color="0,220,0" radius="0.5" length="4" />
		<capsule pos="-26.45,44.0,11.5" vel="0,0,0" mass="1" elasticityCoef="1" ang="90,0,0" color="0,220,0" radius="0.5" length="4" />
		<capsule pos="-26.45,44.0,13.799999999999997" vel="0,0,0" mass="1" elasticityCoef="1" ang="90,0,0" color="0,220,0" radius="0.5" length="4" />
		<capsule pos="-26.45,44.0,16.1" vel="0,0,0" mass="1" elasticityCoef="1" ang="90,0,0" color="0,220,0" radius="0.5" length="4" />
		<capsule pos="-26.45,44.0,18.4" vel="0,0,0" mass="1" elasticityCoef="1" ang="90,0,0" color="0,220,0" radius="0.5" length="4" />
		<capsule pos="-26.45,44.0,20.699999999999996" vel="0,0,0" mass="1" elasticityCoef="1" ang="90,0,0" color="0,220,0" radius="0.5" length="4" />
		<capsule pos="-26.45,44.0,22.999999999999993" vel="0,0,0" mass="1" elasticityCoef="1" ang="90,0,0" color="0,220,0" radius="0.5" length="4" />
		<capsule pos="-26.45,44.0,25.300000000000004" vel="0,0,0" mass="1" elasticityCoef="1" ang="90,0,0" color="0,220,0" radius="0.5" length="4" />
		<capsule pos="-26.45,44.0,27.6" vel="0,0,0" mass="1" elasticityCoef="1" ang="90,0,0" color="0,220,0" radius="0.5" length="4" />
		<capsule pos="-26.45,44.0,29.9" vel="0,0,0" mass="1" elasticityCoef="1" ang="90,0,0" color="0,220,0" radius="0.5" length="4" />
		<capsule pos="-26.45,44.0,32.199999999999996" vel="0,0,0" mass="1" elasticityCoef="1" ang="90,0,0" color="0,220,0" radius="0.5" length="4" />
		<capsule pos="-26.45,44.0,34.49999999999999" vel="0,0,0" mass="1" elasticityCoef="1" ang="90,0,0" color="0,220,0" radius="0.5" length="4" />
		<capsule pos="-26.45,44.0,36.800000000000004" vel="0,0,0" mass="1" elasticityCoef="1" ang="90,0,0" color="0,220,0" radius="0.5" length="4" />
		<capsule pos="-26.45,44.0,39.1" vel="0,0,0" mass="1" elasticityCoef="1" ang="90,0,0" color="0,220,0" radius="0.5" length="4" />
		<capsule pos="-26.45,44.0,41.4" vel="0,0,0" mass="1" elasticityCoef="1" ang="90,0,0" color="0,220,0" radius="0.5" length="4" />
		<capsule pos="-24.15,-49.5,-43.699999999999996" vel="0,0,0" mass="1" elasticityCoef="1" ang="90,0,0" color="0,220,0" radius="0.5" length="4" />
		<capsule pos="-24.15,-49.5,-41.4" vel="0,0,0" mass="1" elasticityCoef="1" ang="90,0,0" color="0,220,0" radius="0.5" length="4" />
		<capsule pos="-24.15,-49.5,-39.099999999999994" vel="0,0,0" mass="1" elasticityCoef="1" ang="90,0,0" color="0,220,0" radius="0.5" length="4" />
		<capsule pos="-24.15,-49.5,-36.8" vel="0,0,0" mass="1" elasticityCoef="1" ang="90,0,0" color="0,220,0" radius="0.5" length="4" />
		<capsule pos="-24.15,-49.5,-34.5" vel="0,0,0" mass="1" elasticityCoef="1" ang="90,0,0" color="0,220,0" radius="0.5" length="4" />
		<capsule pos="-24.15,-49.5,-32.199999999999996" vel="0,0,0" mass="1" elasticityCoef="1" ang="90,0,0" color="0,220,0" radius="0.5" length="4" />
		<capsule pos="-24.15,-49.5,-29.9" vel="0,0,0" mass="1" elasticityCoef="1" ang="90,0,0" color="0,220,0" radius="0.5" length="4" />
		<capsule pos="-24.15,-49.5,-27.599999999999998" vel="0,0,0" mass="1" elasticityCoef="1" ang="90,0,0" color="0,220,0" radius="0.5" length="4" />
		<capsule pos="-24.15,-49.5,-25.299999999999997" vel="0,0,0" mass="1" elasticityCoef="1" ang="90,0,0" color="0,220,0" radius="0.5" length="4" />
		<capsule pos="-24.15,-49.5,-22.999999999999996" vel="0,0,0" mass="1" elasticityCoef="1" ang="90,0,0" color="0,220,0" radius="0.5" length="4" />
		<capsule pos="-24.15,-49.5,-20.699999999999996" vel="0,0,0" mass="1" elasticityCoef="1" ang="90,0,0" color="0,220,0" radius="0.5" length="4" />
		<capsule pos="-24.15,-49.5,-18.4" vel="0,0,0" mass="1" elasticityCoef="1" ang="90,0,0" color="0,220,0" radius="0.5" length="4" />
		<capsule pos="-24.15,-49.5,-16.099999999999998" vel="0,0,0" mass="1" elasticityCoef="1" ang="90,0,0" color="0,220,0" radius="0.5" length="4" />
		<capsule pos="-24.15,-49.5,-13.799999999999997" vel="0,0,0" mass="1" elasticityCoef="1" ang="90,0,0" color="0,220,0" radius="0.5" length="4" />
		<capsule pos="-24.15,-49.5,-11.5" vel="0,0,0" mass="1" elasticityCoef="1" ang="90,0,0" color="0,220,0" radius="0.5" length="4" />
		<capsule pos="-24.15,-49.5,-9.199999999999996" vel="0,0,0" mass="1" elasticityCoef="1" ang="90,0,0" color="0,220,0" radius="0.5" length="4" />
		<capsule pos="-24.15,-49.5,-6.899999999999999" vel="0,0,0" mass="1" elasticityCoef="1" ang="90,0,0" color="0,220,0" radius="0.5" length="4" />
		<capsule pos="-24.15,-49.5,-4.600000000000001" vel="0,0,0" mass="1" elasticityCoef="1" ang="90,0,0" color="0,220,0" radius="0.5" length="4" />
		<capsule pos="-24.15,-49.5,-2.299999999999997" vel="0,0,0" mass="1" elasticityCoef="1" ang="90,0,0" color="0,220,0" radius="0.5" length="4" />
		<capsule pos="-24.15,-49.5,0.0" vel="0,0,0" mass="1" elasticityCoef="1" ang="90,0,0" color="0,220,0" radius="0.5" length="4" />
		<capsule pos="-24.15,-49.5,2.3000000000000043" vel="0,0,0" mass="1" elasticityCoef="1" ang="90,0,0" color="0,220,0" radius="0.5" length="4" />
		<capsule pos="-24.15,-49.5,4.600000000000001" vel="0,0,0" mass="1" elasticityCoef="1" ang="90,0,0" color="0,220,0" radius="0.5" length="4" />
		<capsule pos="-24.15,-49.5,6.899999999999999" vel="0,0,0" mass="1" elasticityCoef="1" ang="90,0,0" color="0,220,0" radius="0.5" length="4" />
		<capsule pos="-24.15,-49.5,9.200000000000003" vel="0,0,0" mass="1" elasticityCoef="1" ang="90,0,0" color="0,220,0" radius="0.5" length="4" />
		<capsule pos="-24.15,-49.5,11.5" vel="0,0,0" mass="1" elasticityCoef="1" ang="90,0,0" color="0,220,0" radius="0.5" length="4" />
		<capsule pos="-24.15,-49.5,13.799999999999997" vel="0,0,0" mass="1" elasticityCoef="1" ang="90,0,0" color="0,220,0" radius="0.5" length="4" />
		<capsule pos="-24.15,-49.5,16.1" vel="0,0,0" mass="1" elasticityCoef="1" ang="90,0,0" color="0,220,0" radius="0.5" length="4" />
		<capsule pos="-24.15,-49.5,18.4" vel="0,0,0" mass="1" elasticityCoef="1" ang="90,0,0" color="0,220,0" radius="0.5" length="4" />
		<capsule pos="-24.15,-49.5,20.699999999999996" vel="0,0,0" mass="1" elasticityCoef="1" ang="90,0,0" color="0,220,0" radius="0.5" length="4" />
		<capsule pos="-24.15,-49.5,22.999999999999993" vel="0,0,0" mass="1" elasticityCoef="1" ang="90,0,0" color="0,220,0" radius="0.5" length="4" />
		<capsule pos="-24.15,-49.5,25.300000000000004" vel="0,0,0" mass="1" elasticityCoef="1" ang="90,0,0" color="0,220,0" radius="0.5" length="4" />
		<capsule pos="-24.15,-49.5,27.6" vel="0,0,0" mass="1" elasticityCoef="1" ang="90,0,0" color="0,220,0" radius="0.5" length="4" />
		<capsule pos="-24.15,-49.5,29.9" vel="0,0,0" mass="1" elasticityCoef="1" ang="90,0,0" color="0,220,0" radius="0.5" length="4" />
		<capsule pos="-24.15,-49.5,32.199999999999996" vel="0,0,0" mass="1" elasticityCoef="1" ang="90,0,0" color="0,220,0" radius="0.5" length="4" />
		<capsule pos="-24.15,-49.5,34.49999999999999" vel="0,0,0" mass="1" elasticityCoef="1" ang="90,0,0" color="0,220,0" radius="0.5" length="4" />
		<capsule pos="-24.15,-49.5,36.800000000000004" vel="0,0,0" mass="1" elasticityCoef="1" ang="90,0,0" color="0,220,0" radius="0.5" length="4" />
		<capsule pos="-24.15,-49.5,39.1" vel="0,0,0" mass="1" elasticityCoef="1" ang="90,0,0" color="0,220,0" radius="0.5" length="4" />
		<capsule pos="-24.15,-49.5,41.4" vel="0,0,0" mass="1" elasticityCoef="1" ang="90,0,0" color="0,220,0" radius="0.5" length="4" />
		<capsule pos="-24.15,-44.0,-43.699999999999996" vel="0,0,0" mass="1" elasticityCoef="1" ang="90,0,0" color="0,220,0" radius="0.5" length="4" />
		<capsule pos="-24.15,-44.0,-41.4" vel="0,0,0" mass="1" elasticityCoef="1" ang="90,0,0" color="0,220,0" radius="0.5" length="4" />
		<capsule pos="-24.15,-44.0,-39.099999999999994" vel="0,0,0" mass="1" elasticityCoef="1" ang="90,0,0" color="0,220,0" radius="0.5" length="4" />
		<capsule pos="-24.15,-44.0,-36.8" vel="0,0,0" mass="1" elasticityCoef="1" ang="90,0,0" color="0,220,0" radius="0.5" length="4" />
		<capsule pos="-24.15,-44.0,-34.5" vel="0,0,0" mass="1" elasticityCoef="1" ang="90,0,0" color="0,220,0" radius="0.5" length="4" />
		<capsule pos="-24.15,-44.0,-32.199999999999996" vel="0,0,0" mass="1" elasticityCoef="1" ang="90,0,0" color="0,220,0" radius="0.5" length="4" />
		<capsule pos="-24.15,-44.0,-29.9" vel="0,0,0" mass="1" elasticityCoef="1" ang="90,0,0" color="0,220,0" radius="0.5" length="4" />
		<capsule pos="-24.15,-44.0,-27.599999999999998" vel="0,0,0" mass="1" elasticityCoef="1" ang="90,0,0" color="0,220,0" radius="0.5" length="4" />
		<capsule pos="-24.15,-44.0,-25.299999999999997" vel="0,0,0" mass="1" elasticityCoef="1" ang="90,0,0" color="0,220,0" radius="0.5" length="4" />
		<capsule pos="-24.15,-44.0,-22.999999999999996" vel="0,0,0" mass="1" elasticityCoef="1" ang="90,0,0" color="0,220,0" radius="0.5" length="4" />
		<capsule pos="-24.15,-44.0,-20.699999999999996" vel="0,0,0" mass="1" elasticityCoef="1" ang="90,0,0" color="0,220,0" radius="0.5" length="4" />
		<capsule pos="-24.15,-44.0,-18.4" vel="0,0,0" mass="1" elasticityCoef="1" ang="90,0,0" color="0,220,0" radius="0.5" length="4" />
		<capsule pos="-24.15,-44.0,-16.099999999999998" vel="0,0,0" mass="1" elasticityCoef="1" ang="90,0,0" color="0,220,0" radius="0.5" length="4" />
		<capsule pos="-24.15,-44.0,-13.799999999999997" vel="0,0,0" mass="1" elasticityCoef="1" ang="90,0,0" color="0,220,0" radius="0.5" length="4" />
		<capsule pos="-24.15,-44.0,-11.5" vel="0,0,0" mass="1" elasticityCoef="1" ang="90,0,0" color="0,220,0" radius="0.5" length="4" />
		<capsule pos="-24.15,-44.0,-9.199999999999996" vel="0,0,0" mass="1" elasticityCoef="1" ang="90,0,0" color="0,220,0" radius="0.5" length="4" />
		<capsule pos="-24.15,-44.0,-6.899999999999999" vel="0,0,0" mass="1" elasticityCoef="1" ang="90,0,0" color="0,220,0" radius="0.5" length="4" />
		<capsule pos="-24.15,-44.0,-4.600000000000001" vel="0,0,0" mass="1" elasticityCoef="1" ang="90,0,0" color="0,220,0" radius="0.5" length="4" />
		<capsule pos="-24.15,-44.0,-2.299999999999997" vel="0,0,0" mass="1" elasticityCoef="1" ang="90,0,0" color="0,220,0" radius="0.5" length="4" />
		<capsule pos="-24.15,-44.0,0.0" vel="0,0,0" mass="1" elasticityCoef="1" ang="90,0,0" color="0,220,0" radius="0.5" length="4" />
		<capsule pos="-24.15,-44.0,2.3000000000000043" vel="0,0,0" mass="1" elasticityCoef="1" ang="90,0,0" color="0,220,0" radius="0.5" length="4" />
		<capsule pos="-24.15,-44.0,4.600000000000001" vel="0,0,0" mass="1" elasticityCoef="1" ang="90,0,0" color="0,220,0" radius="0.5" length="4" />
		<capsule pos="-24.15,-44.0,6.899999999999999" vel="0,0,0" mass="1" elasticityCoef="1" ang="90,0,0" color="0,220,0" radius="0.5" length="4" />
		<capsule pos="-24.15,-44.0,9.200000000000003" vel="0,0,0" mass="1" elasticityCoef="1" ang="90,0,0" color="0,220,0" radius="0.5" length="4" />
		<capsule pos="-24.15,-44.0,11.5" vel="0,0,0" mass="1" elasticityCoef="1" ang="90,0,0" color="0,220,0" radius="0.5" length="4" />
		<capsule pos="-24.15,-44.0,13.799999999999997" vel="0,0,0" mass="1" elasticityCoef="1" ang="90,0,0" color="0,220,0" radius="0.5" length="4" />
		<capsule pos="-24.15,-44.0,16.1" vel="0,0,0" mass="1" elasticityCoef="1" ang="90,0,0" color="0,220,0" radius="0.5" length="4" />
		<capsule pos="-24.15,-44.0,18.4" vel="0,0,0" mass="1" elasticityCoef="1" ang="90,0,0" color="0,220,0" radius="0.5" length="4" />
		<capsule pos="-24.15,-44.0,20.699999999999996" vel="0,0,0" mass="1" elasticityCoef="1" ang="90,0,0" color="0,220,0" radius="0.5" length="4" />
		<capsule pos="-24.15,-44.0,22.999999999999993" vel="0,0,0" mass="1" elasticityCoef="1" ang="90,0,0" color="0,220,0" radius="0.5" length="4" />
		<capsule pos="-24.15,-44.0,25.300000000000004" vel="0,0,0" mass="1" elasticityCoef="1" ang="90,0,0" color="0,220,0" radius="0.5" length="4" />
		<capsule pos="-24.15,-44.0,27.6" vel="0,0,0" mass="1" elasticityCoef="1" ang="90,0,0" color="0,220,0" radius="0.5" length="4" />
		<capsule pos="-24.15,-44.0,29.9" vel="0,0,0" mass="1" elasticityCoef="1" ang="90,0,0" color="0,220,0" radius="0.5" length="4" />
		<capsule pos="-24.15,-44.0,32.199999999999996" vel="0,0,0" mass="1" elasticityCoef="1" ang="90,0,0" color="0,220,0" radius="0.5" length="4" />
		<capsule pos="-24.15,-44.0,34.49999999999999" vel="0,0,0" mass="1" elasticityCoef="1" ang="90,0,0" color="0,220,0" radius="0.5" length="4" />
		<capsule pos="-24.15,-44.0,36.800000000000004" vel="0,0,0" mass="1" elasticityCoef="1" ang="90,0,0" color="0,220,0" radius="0.5" length="4" />
		<capsule pos="-24.15,-44.0,39.1" vel="0,0,0" mass="1" elasticityCoef="1" ang="90,0,0" color="0,220,0" radius="0.5" length="4" />
		<capsule pos="-24.15,-44.0,41.4" vel="0,0,0" mass="1" elasticityCoef="1" ang="90,0,0" color="0,220,0" radius="0.5" length="4" />
		<capsule pos="-24.15,-38.5,-43.699999999999996" vel="0,0,0" mass="1" elasticityCoef="1" ang="90,0,0" color="0,220,0" radius="0.5" length="4" />
		<capsule pos="-24.15,-38.5,-41.4" vel="0,0,0" mass="1" elasticityCoef="1" ang="90,0,0" color="0,220,0" radius="0.5" length="4" />
		<capsule pos="-24.15,-38.5,-39.099999999999994" vel="0,0,0" mass="1" elasticityCoef="1" ang="90,0,0" color="0,220,0" radius="0.5" length="4" />
		<capsule pos="-24.15,-38.5,-36.8" vel="0,0,0" mass="1" elasticityCoef="1" ang="90,0,0" color="0,220,0" radius="0.5" length="4" />
		<capsule pos="-24.15,-38.5,-34.5" vel="0,0,0" mass="1" elasticityCoef="1" ang="90,0,0" color="0,220,0" radius="0.5" length="4" />
		<capsule pos="-24.15,-38.5,-32.199999999999996" vel="0,0,0" mass="1" elasticityCoef="1" ang="90,0,0" color="0,220,0" radius="0.5" length="4" />
		<capsule pos="-24.15,-38.5,-29.9" vel="0,0,0" mass="1" elasticityCoef="1" ang="90,0,0" color="0,220,0" radius="0.5" length="4" />
		<capsule pos="-24.15,-38.5,-27.599999999999998" vel="0,0,0" mass="1" elasticityCoef="1" ang="90,0,0" color="0,220,0" radius="0.5" length="4" />
		<capsule pos="-24.15,-38.5,-25.299999999999997" vel="0,0,0" mass="1" elasticityCoef="1" ang="90,0,0" color="0,220,0" radius="0.5" length="4" />
		<capsule pos="-24.15,-38.5,-22.999999999999996" vel="0,0,0" mass="1" elasticityCoef="1" ang="90,0,0" color="0,220,0" radius="0.5" length="4" />
		<capsule pos="-24.15,-38.5,-20.699999999999996" vel="0,0,0" mass="1" elasticityCoef="1" ang="90,0,0" color="0,220,0" radius="0.5" length="4" />
		<capsule pos="-24.15,-38.5,-18.4" vel="0,0,0" mass="1" elasticityCoef="1" ang="90,0,0" color="0,220,0" radius="0.5" length="4" />
		<capsule pos="-24.15,-38.5,-16.099999999999998" vel="0,0,0" mass="1" elasticityCoef="1" ang="90,0,0" color="0,220,0" radius="0.5" length="4" />
		<capsule pos="-24.15,-38.5,-13.799999999999997" vel="0,0,0" mass="1" elasticityCoef="1" ang="90,0,0" color="0,220,0" radius="0.5" length="4" />
		<capsule pos="-24.15,-38.5,-11.5" vel="0,0,0" mass="1" elasticityCoef="1" ang="90,0,0" color="0,220,0" radius="0.5" length="4" />
		<capsule pos="-24.15,-38.5,-9.199999999999996" vel="0,0,0" mass="1" elasticityCoef="1" ang="90,0,0" color="0,220,0" radius="0.5" length="4" />
		<capsule pos="-24.15,-38.5,-6.899999999999999" vel="0,0,0" mass="1" elasticityCoef="1" ang="90,0,0" color="0,220,0" radius="0.5" length="4" />
		<capsule pos="-24.15,-38.5,-4.600000000000001" vel="0,0,0" mass="1" elasticityCoef="1" ang="90,0,0" color="0,220,0" radius="0.5" length="4" />
		<capsule pos="-24.15,-38.5,-2.299999999999997" vel="0,0,0" mass="1" elasticityCoef="1" ang="90,0,0" color="0,220,0" radius="0.5" length="4" />
		<capsule pos="-24.15,-38.5,0.0" vel="0,0,0" mass="1" elasticityCoef="1" ang="90,0,0" color="0,220,0" radius="0.5" length="4" />
		<capsule pos="-24.15,-38.5,2.3000000000000043" vel="0,0,0" mass="1" elasticityCoef="1" ang="90,0,0" color="0,220,0" radius="0.5" length="4" />
		<capsule pos="-24.15,-38.5,4.600000000000001" vel="0,0,0" mass="1" elasticityCoef="1" ang="90,0,0" color="0,220,0" radius="0.5" length="4" />
		<capsule pos="-24.15,-38.5,6.899999999999999" vel="0,0,0" mass="1" elasticityCoef="1" ang="90,0,0" color="0,220,0" radius="0.5" length="4" />
		<capsule pos="-24.15,-38.5,9.200000000000003" vel="0,0,0" mass="1" elasticityCoef="1" ang="90,0,0" color="0,220,0" radius="0.5" length="4" />
		<capsule pos="-24.15,-38.5,11.5" vel="0,0,0" mass="1" elasticityCoef="1" ang="90,0,0" color="0,220,0" radius="0.5" length="4" />
		<capsule pos="-24.15,-38.5,13.799999999999997" vel="0,0,0" mass="1" elasticityCoef="1" ang="90,0,0" color="0,220,0" radius="0.5" length="4" />
		<capsule pos="-24.15,-38.5,16.1" vel="0,0,0" mass="1" elasticityCoef="1" ang="90,0,0" color="0,220,0" radius="0.5" length="4" />
		<capsule pos="-24.15,-38.5,18.4" vel="0,0,0" mass="1" elasticityCoef="1" ang="90,0,0" color="0,220,0" radius="0.5" length="4" />
		<capsule pos="-24.15,-38.5,20.699999999999996" vel="0,0,0" mass="1" elasticityCoef="1" ang="90,0,0" color="0,220,0" radius="0.5" length="4" />
		<capsule pos="-24.15,-38.5,22.999999999999993" vel="0,0,0" mass="1" elasticityCoef="1" ang="90,0,0" color="0,220,0" radius="0.5" length="4" />
		<capsule pos="-24.15,-38.5,25.300000000000004" vel="0,0,0" mass="1" elasticityCoef="1" ang="90,0,0" color="0,220,0" radius="0.5" length="4" />
		<capsule pos="-24.15,-38.5,27.6" vel="0,0,0" mass="1" elasticityCoef="1" ang="90,0,0" color="0,220,0" radius="0.5" length="4" />
		<capsule pos="-24.15,-38.5,29.9" vel="0,0,0" mass="1" elasticityCoef="1" ang="90,0,0" color="0,220,0" radius="0.5" length="4" />
		<capsule pos="-24.15,-38.5,32.199999999999996" vel="0,0,0" mass="1" elasticityCoef="1" ang="90,0,0" color="0,220,0" radius="0.5" length="4" />
		<capsule pos="-24.15,-38.5,34.49999999999999" vel="0,0,0" mass="1" elasticityCoef="1" ang="90,0,0" color="0,220,0" radius="0.5" length="4" />
		<capsule pos="-24.15,-38.5,36.800000000000004" vel="0,0,0" mass="1" elasticityCoef="1" ang="90,0,0" color="0,220,0" radius="0.5" length="4" />
		<capsule pos="-24.15,-38.5,39.1" vel="0,0,0" mass="1" elasticityCoef="1" ang="90,0,0" color="0,220,0" radius="0.5" length="4" />
		<capsule pos="-24.15,-38.5,41.4" vel="0,0,0" mass="1" elasticityCoef="1" ang="90,0,0" color="0,220,0" radius="0.5" length="4" />
		<capsule pos="-24.15,-33.0,-43.699999999999996" vel="0,0,0" mass="1" elasticityCoef="1" ang="90,0,0" color="0,220,0" radius="0.5" length="4" />
		<capsule pos="-24.15,-33.0,-41.4" vel="0,0,0" mass="1" elasticityCoef="1" ang="90,0,0" color="0,220,0" radius="0.5" length="4" />
		<capsule pos="-24.15,-33.0,-39.099999999999994" vel="0,0,0" mass="1" elasticityCoef="1" ang="90,0,0" color="0,220,0" radius="0.5" length="4" />
		<capsule pos="-24.15,-33.0,-36.8" vel="0,0,0" mass="1" elasticityCoef="1" ang="90,0,0" color="0,220,0" radius="0.5" length="4" />
		<capsule pos="-24.15,-33.0,-34.5" vel="0,0,0" mass="1" elasticityCoef="1" ang="90,0,0" color="0,220,0" radius="0.5" length="4" />
		<capsule pos="-24.15,-33.0,-32.199999999999996" vel="0,0,0" mass="1" elasticityCoef="1" ang="90,0,0" color="0,220,0" radius="0.5" length="4" />
		<capsule pos="-24.15,-33.0,-29.9" vel="0,0,0" mass="1" elasticityCoef="1" ang="90,0,0" color="0,220,0" radius="0.5" length="4" />
		<capsule pos="-24.15,-33.0,-27.599999999999998" vel="0,0,0" mass="1" elasticityCoef="1" ang="90,0,0" color="0,220,0" radius="0.5" length="4" />
		<capsule pos="-24.15,-33.0,-25.299999999999997" vel="0,0,0" mass="1" elasticityCoef="1" ang="90,0,0" color="0,220,0" radius="0.5" length="4" />
		<capsule pos="-24.15,-33.0,-22.999999999999996" vel="0,0,0" mass="1" elasticityCoef="1" ang="90,0,0" color="0,220,0" radius="0.5" length="4" />
		<capsule pos="-24.15,-33.0,-20.699999999999996" vel="0,0,0" mass="1" elasticityCoef="1" ang="90,0,0" color="0,220,0" radius="0.5" length="4" />
		<capsule pos="-24.15,-33.0,-18.4" vel="0,0,0" mass="1" elasticityCoef="1" ang="90,0,0" color="0,220,0" radius="0.5" length="4" />
		<capsule pos="-24.15,-33.0,-16.099999999999998" vel="0,0,0" mass="1" elasticityCoef="1" ang="90,0,0" color="0,220,0" radius="0.5" length="4" />
		<capsule pos="-24.15,-33.0,-13.799999999999997" vel="0,0,0" mass="1" elasticityCoef="1" ang="90,0,0" color="0,220,0" radius="0.5" length="4" />
		<capsule pos="-24.15,-33.0,-11.5" vel="0,0,0" mass="1" elasticityCoef="1" ang="90,0,0" color="0,220,0" radius="0.5" length="4" />
		<capsule pos="-24.15,-33.0,-9.199999999999996" vel="0,0,0" mass="1" elasticityCoef="1" ang="90,0,0" color="0,220,0" radius="0.5" length="4" />
		<capsule pos="-24.15,-33.0,-6.899999999999999" vel="0,0,0" mass="1" elasticityCoef="1" ang="90,0,0" color="0,220,0" radius="0.5" length="4" />
		<capsule pos="-24.15,-33.0,-4.600000000000001" vel="0,0,0" mass="1" elasticityCoef="1" ang="90,0,0" color="0,220,0" radius="0.5" length="4" />
		<capsule pos="-24.15,-33.0,-2.299999999999997" vel="0,0,0" mass="1" elasticityCoef="1" ang="90,0,0" color="0,220,0" radius="0.5" length="4" />
		<capsule pos="-24.15,-33.0,0.0" vel="0,0,0" mass="1" elasticityCoef="1" ang="90,0,0" color="0,220,0" radius="0.5" length="4" />
		<capsule pos="-24.15,-33.0,2.3000000000000043" vel="0,0,0" mass="1" elasticityCoef="1" ang="90,0,0" color="0,220,0" radius="0.5" length="4" />
		<capsule pos="-24.15,-33.0,4.600000000000001" vel="0,0,0" mass="1" elasticityCoef="1" ang="90,0,0" color="0,220,0" radius="0.5" length="4" />
		<capsule pos="-24.15,-33.0,6.899999999999999" vel="0,0,0" mass="1" elasticityCoef="1" ang="90,0,0" color="0,220,0" radius="0.5" length="4" />
		<capsule pos="-24.15,-33.0,9.200000000000003" vel="0,0,0" mass="1" elasticityCoef="1" ang="90,0,0" color="0,220,0" radius="0.5" length="4" />
		<capsule pos="-24.15,-33.0,11.5" vel="0,0,0" mass="1" elasticityCoef="1" ang="90,0,0" color="0,220,0" radius="0.5" length="4" />
		<capsule pos="-24.15,-33.0,13.799999999999997" vel="0,0,0" mass="1" elasticityCoef="1" ang="90,0,0" color="0,220,0" radius="0.5" length="4" />
		<capsule pos="-24.15,-33.0,16.1" vel="0,0,0" mass="1" elasticityCoef="1" ang="90,0,0" color="0,220,0" radius="0.5" length="4" />
		<capsule pos="-24.15,-33.0,18.4" vel="0,0,0" mass="1" elasticityCoef="1" ang="90,0,0" color="0,220,0" radius="0.5" length="4" />
		<capsule pos="-24.15,-33.0,20.699999999999996" vel="0,0,0" mass="1" elasticityCoef="1" ang="90,0,0" color="0,220,0" radius="0.5" length="4" />
		<capsule pos="-24.15,-33.0,22.999999999999993" vel="0,0,0" mass="1" elasticityCoef="1" ang="90,0,0" color="0,220,0" radius="0.5" length="4" />
		<capsule pos="-24.15,-33.0,25.300000000000004" vel="0,0,0" mass="1" elasticityCoef="1" ang="90,0,0" color="0,220,0" radius="0.5" length="4" />
		<capsule pos="-24.15,-33.0,27.6" vel="0,0,0" mass="1" elasticityCoef="1" ang="90,0,0" color="0,220,0" radius="0.5" length="4" />
		<capsule pos="-24.15,-33.0,29.9" vel="0,0,0" mass="1" elasticityCoef="1" ang="90,0,0" color="0,220,0" radius="0.5" length="4" />
		<capsule pos="-24.15,-33.0,32.199999999999996" vel="0,0,0" mass="1" elasticityCoef="1" ang="90,0,0" color="0,220,0" radius="0.5" length="4" />
		<capsule pos="-24.15,-33.0,34.49999999999999" vel="0,0,0" mass="1" elasticityCoef="1" ang="90,0,0" color="0,220,0" radius="0.5" length="4" />
		<capsule pos="-24.15,-33.0,36.800000000000004" vel="0,0,0" mass="1" elasticityCoef="1" ang="90,0,0" color="0,220,0" radius="0.5" length="4" />
		<capsule pos="-24.15,-33.0,39.1" vel="0,0,0" mass="1" elasticityCoef="1" ang="90,0,0" color="0,220,0" radius="0.5" length="4" />
		<capsule pos="-24.15,-33.0,41.4" vel="0,0,0" mass="1" elasticityCoef="1" ang="90,0,0" color="0,220,0" radius="0.5" length="4" />
		<capsule pos="-24.15,-27.5,-43.699999999999996" vel="0,0,0" mass="1" elasticityCoef="1" ang="90,0,0" color="0,220,0" radius="0.5" length="4" />
		<capsule pos="-24.15,-27.5,-41.4" vel="0,0,0" mass="1" elasticityCoef="1" ang="90,0,0" color="0,220,0" radius="0.5" length="4" />
		<capsule pos="-24.15,-27.5,-39.099999999999994" vel="0,0,0" mass="1" elasticityCoef="1" ang="90,0,0" color="0,220,0" radius="0.5" length="4" />
		<capsule pos="-24.15,-27.5,-36.8" vel="0,0,0" mass="1" elasticityCoef="1" ang="90,0,0" color="0,220,0" radius="0.5" length="4" />
		<capsule pos="-24.15,-27.5,-34.5" vel="0,0,0" mass="1" elasticityCoef="1" ang="90,0,0" color="0,220,0" radius="0.5" length="4" />
		<capsule pos="-24.15,-27.5,-32.199999999999996" vel="0,0,0" mass="1" elasticityCoef="1" ang="90,0,0" color="0,220,0" radius="0.5" length="4" />
		<capsule pos="-24.15,-27.5,-29.9" vel="0,0,0" mass="1" elasticityCoef="1" ang="90,0,0" color="0,220,0" radius="0.5" length="4" />
		<capsule pos="-24.15,-27.5,-27.599999999999998" vel="0,0,0" mass="1" elasticityCoef="1" ang="90,0,0" color="0,220,0" radius="0.5" length="4" />
		<capsule pos="-24.15,-27.5,-25.299999999999997" vel="0,0,0" mass="1" elasticityCoef="1" ang="90,0,0" color="0,220,0" radius="0.5" length="4" />
		<capsule pos="-24.15,-27.5,-22.999999999999996" vel="0,0,0" mass="1" elasticityCoef="1" ang="90,0,0" color="0,220,0" radius="0.5" length="4" />
		<capsule pos="-24.15,-27.5,-20.699999999999996" vel="0,0,0" mass="1" elasticityCoef="1" ang="90,0,0" color="0,220,0" radius="0.5" length="4" />
		<capsule pos="-24.15,-27.5,-18.4" vel="0,0,0" mass="1" elasticityCoef="1" ang="90,0,0" color="0,220,0" radius="0.5" length="4" />
		<capsule pos="-24.15,-27.5,-16.099999999999998" vel="0,0,0" mass="1" elasticityCoef="1" ang="90,0,0" color="0,220,0" radius="0.5" length="4" />
		<capsule pos="-24.15,-27.5,-13.799999999999997" vel="0,0,0" mass="1" elasticityCoef="1" ang="90,0,0" color="0,220,0" radius="0.5" length="4" />
		<capsule pos="-24.15,-27.5,-11.5" vel="0,0,0" mass="1" elasticityCoef="1" ang="90,0,0" color="0,220,0" radius="0.5" length="4" />
		<capsule pos="-24.15,-27.5,-9.199999999999996" vel="0,0,0" mass="1" elasticityCoef="1" ang="90,0,0" color="0,220,0" radius="0.5" length="4" />
		<capsule pos="-24.15,-27.5,-6.899999999999999" vel="0,0,0" mass="1" elasticityCoef="1" ang="90,0,0" color="0,220,0" radius="0.5" length="4" />
		<capsule pos="-24.15,-27.5,-4.600000000000001" vel="0,0,0" mass="1" elasticityCoef="1" ang="90,0,0" color="0,220,0" radius="0.5" length="4" />
		<capsule pos="-24.15,-27.5,-2.299999999999997" vel="0,0,0" mass="1" elasticityCoef="1" ang="90,0,0" color="0,220,0" radius="0.5" length="4" />
		<capsule pos="-24.15,-27.5,0.0" vel="0,0,0" mass="1" elasticityCoef="1" ang="90,0,0" color="0,220,0" radius="0.5" length="4" />
		<capsule pos="-24.15,-27.5,2.3000000000000043" vel="0,0,0" mass="1" elasticityCoef="1" ang="90,0,0" color="0,220,0" radius="0.5" length="4" />
		<capsule pos="-24.15,-27.5,4.600000000000001" vel="0,0,0" mass="1" elasticityCoef="1" ang="90,0,0" color="0,220,0" radius="0.5" length="4" />
		<capsule pos="-24.15,-27.5,6.899999999999999" vel="0,0,0" mass="1" elasticityCoef="1" ang="90,0,0" color="0,220,0" radius="0.5" length="4" />
		<capsule pos="-24.15,-27.5,9.200000000000003" vel="0,0,0" mass="1" elasticityCoef="1" ang="90,0,0" color="0,220,0" radius="0.5" length="4" />
		<capsule pos="-24.15,-27.5,11.5" vel="0,0,0" mass="1" elasticityCoef="1" ang="90,0,0" color="0,220,0" radius="0.5" length="4" />
		<capsule pos="-24.15,-27.5,13.799999999999997" vel="0,0,0" mass="1" elasticityCoef="1" ang="90,0,0" color="0,220,0" radius="0.5" length="4" />
		<capsule pos="-24.15,-27.5,16.1" vel="0,0,0" mass="1" elasticityCoef="1" ang="90,0,0" color="0,220,0" radius="0.5" length="4" />
		<capsule pos="-24.15,-27.5,18.4" vel="0,0,0" mass="1" elasticityCoef="1" ang="90,0,0" color="0,220,0" radius="0.5" length="4" />
		<capsule pos="-24.15,-27.5,20.699999999999996" vel="0,0,0" mass="1" elasticityCoef="1" ang="90,0,0" color="0,220,0" radius="0.5" length="4" />
		<capsule pos="-24.15,-27.5,22.999999999999993" vel="0,0,0" mass="1" elasticityCoef="1" ang="90,0,0" color="0,220,0" radius="0.5" length="4" />
		<capsule pos="-24.15,-27.5,25.300000000000004" vel="0,0,0" mass="1" elasticityCoef="1" ang="90,0,0" color="0,220,0" radius="0.5" length="4" />
		<capsule pos="-24.15,-27.5,27.6" vel="0,0,0" mass="1" elasticityCoef="1" ang="90,0,0" color="0,220,0" radius="0.5" length="4" />
		<capsule pos="-24.15,-27.5,29.9" vel="0,0,0" mass="1" elasticityCoef="1" ang="90,0,0" color="0,220,0" radius="0.5" length="4" />
		<capsule pos="-24.15,-27.5,32.199999999999996" vel="0,0,0" mass="1" elasticityCoef="1" ang="90,0,0" color="0,220,0" radius="0.5" length="4" />
		<capsule pos="-24.15,-27.5,34.49999999999999" vel="0,0,0" mass="1" elasticityCoef="1" ang="90,0,0" color="0,220,0" radius="0.5" length="4" />
		<capsule pos="-24.15,-27.5,36.800000000000004" vel="0,0,0" mass="1" elasticityCoef="1" ang="90,0,0" color="0,220,0" radius="0.5" length="4" />
		<capsule pos="-24.15,-27.5,39.1" vel="0,0,0" mass="1" elasticityCoef="1" ang="90,0,0" color="0,220,0" radius="0.5" length="4" />
		<capsule pos="-24.15,-27.5,41.4" vel="0,0,0" mass="1" elasticityCoef="1" ang="90,0,0" color="0,220,0" radius="0.5" length="4" />
		<capsule pos="-24.15,-22.0,-43.699999999999996" vel="0,0,0" mass="1" elasticityCoef="1" ang="90,0,0" color="0,220,0" radius="0.5" length="4" />
		<capsule pos="-24.15,-22.0,-41.4" vel="0,0,0" mass="1" elasticityCoef="1" ang="90,0,0" color="0,220,0" radius="0.5" length="4" />
		<capsule pos="-24.15,-22.0,-39.099999999999994" vel="0,0,0" mass="1" elasticityCoef="1" ang="90,0,0" color="0,220,0" radius="0.5" length="4" />
		<capsule pos="-24.15,-22.0,-36.8" vel="0,0,0" mass="1" elasticityCoef="1" ang="90,0,0" color="0,220,0" radius="0.5" length="4" />
		<capsule pos="-24.15,-22.0,-34.5" vel="0,0,0" mass="1" elasticityCoef="1" ang="90,0,0" color="0,220,0" radius="0.5" length="4" />
		<capsule pos="-24.15,-22.0,-32.199999999999996" vel="0,0,0" mass="1" elasticityCoef="1" ang="90,0,0" color="0,220,0" radius="0.5" length="4" />
		<capsule pos="-24.15,-22.0,-29.9" vel="0,0,0" mass="1" elasticityCoef="1" ang="90,0,0" color="0,220,0" radius="0.5" length="4" />
		<capsule pos="-24.15,-22.0,-27.599999999999998" vel="0,0,0" mass="1" elasticityCoef="1" ang="90,0,0" color="0,220,0" radius="0.5" length="4" />
		<capsule pos="-24.15,-22.0,-25.299999999999997" vel="0,0,0" mass="1" elasticityCoef="1" ang="90,0,0" color="0,220,0" radius="0.5" length="4" />
		<capsule pos="-24.15,-22.0,-22.999999999999996" vel="0,0,0" mass="1" elasticityCoef="1" ang="90,0,0" color="0,220,0" radius="0.5" length="4" />
		<capsule pos="-24.15,-22.0,-20.699999999999996" vel="0,0,0" mass="1" elasticityCoef="1" ang="90,0,0" color="0,220,0" radius="0.5" length="4" />
		<capsule pos="-24.15,-22.0,-18.4" vel="0,0,0" mass="1" elasticityCoef="1" ang="90,0,0" color="0,220,0" radius="0.5" length="4" />
		<capsule pos="-24.15,-22.0,-16.099999999999998" vel="0,0,0" mass="1" elasticityCoef="1" ang="90,0,0" color="0,220,0" radius="0.5" length="4" />
		<capsule pos="-24.15,-22.0,-13.799999999999997" vel="0,0,0" mass="1" elasticityCoef="1" ang="90,0,0" color="0,220,0" radius="0.5" length="4" />
		<capsule pos="-24.15,-22.0,-11.5" vel="0,0,0" mass="1" elasticityCoef="1" ang="90,0,0" color="0,220,0" radius="0.5" length="4" />
		<capsule pos="-24.15,-22.0,-9.199999999999996" vel="0,0,0" mass="1" elasticityCoef="1" ang="90,0,0" color="0,220,0" radius="0.5" length="4" />
		<capsule pos="-24.15,-22.0,-6.899999999999999" vel="0,0,0" mass="1" elasticityCoef="1" ang="90,0,0" color="0,220,0" radius="0.5" length="4" />
		<capsule pos="-24.15,-22.0,-4.600000000000001" vel="0,0,0" mass="1" elasticityCoef="1" ang="90,0,0" color="0,220,0" radius="0.5" length="4" />
		<capsule pos="-24.15,-22.0,-2.299999999999997" vel="0,0,0" mass="1" elasticityCoef="1" ang="90,0,0" color="0,220,0" radius="0.5" length="4" />
		<capsule pos="-24.15,-22.0,0.0" vel="0,0,0" mass="1" elasticityCoef="1" ang="90,0,0" color="0,220,0" radius="0.5" length="4" />
		<capsule pos="-24.15,-22.0,2.3000000000000043" vel="0,0,0" mass="1" elasticityCoef="1" ang="90,0,0" color="0,220,0" radius="0.5" length="4" />
		<capsule pos="-24.15,-22.0,4.600000000000001" vel="0,0,0" mass="1" elasticityCoef="1" ang="90,0,0" color="0,220,0" radius="0.5" length="4" />
		<capsule pos="-24.15,-22.0,6.899999999999999" vel="0,0,0" mass="1" elasticityCoef="1" ang="90,0,0" color="0,220,0" radius="0.5" length="4" />
		<capsule pos="-24.15,-22.0,9.200000000000003" vel="0,0,0" mass="1" elasticityCoef="1" ang="90,0,0" color="0,220,0" radius="0.5" length="4" />
		<capsule pos="-24.15,-22.0,11.5" vel="0,0,0" mass="1" elasticityCoef="1" ang="90,0,0" color="0,220,0" radius="0.5" length="4" />
		<capsule pos="-24.15,-22.0,13.799999999999997" vel="0,0,0" mass="1" elasticityCoef="1" ang="90,0,0" color="0,220,0" radius="0.5" length="4" />
		<capsule pos="-24.15,-22.0,16.1" vel="0,0,0" mass="1" elasticityCoef="1" ang="90,0,0" color="0,220,0" radius="0.5" length="4" />
		<capsule pos="-24.15,-22.0,18.4" vel="0,0,0" mass="1" elasticityCoef="1" ang="90,0,0" color="0,220,0" radius="0.5" length="4" />
		<capsule pos="-24.15,-22.0,20.699999999999996" vel="0,0,0" mass="1" elasticityCoef="1" ang="90,0,0" color="0,220,0" radius="0.5" length="4" />
		<capsule pos="-24.15,-22.0,22.999999999999993" vel="0,0,0" mass="1" elasticityCoef="1" ang="90,0,0" color="0,220,0" radius="0.5" length="4" />
		<capsule pos="-24.15,-22.0,25.300000000000004" vel="0,0,0" mass="1" elasticityCoef="1" ang="90,0,0" color="0,220,0" radius="0.5" length="4" />
		<capsule pos="-24.15,-22.0,27.6" vel="0,0,0" mass="1" elasticityCoef="1" ang="90,0,0" color="0,220,0" radius="0.5" length="4" />
		<capsule pos="-24.15,-22.0,29.9" vel="0,0,0" mass="1" elasticityCoef="1" ang="90,0,0" color="0,220,0" radius="0.5" length="4" />
		<capsule pos="-24.15,-22.0,32.199999999999996" vel="0,0,0" mass="1" elasticityCoef="1" ang="90,0,0" color="0,220,0" radius="0.5" length="4" />
		<capsule pos="-24.15,-22.0,34.49999999999999" vel="0,0,0" mass="1" elasticityCoef="1" ang="90,0,0" color="0,220,0" radius="0.5" length="4" />
		<capsule pos="-24.15,-22.0,36.800000000000004" vel="0,0,0" mass="1" elasticityCoef="1" ang="90,0,0" color="0,220,0" radius="0.5" length="4" />
		<capsule pos="-24.15,-22.0,39.1" vel="0,0,0" mass="1" elasticityCoef="1" ang="90,0,0" color="0,220,0" radius="0.5" length="4" />
		<capsule pos="-24.15,-22.0,41.4" vel="0,0,0" mass="1" elasticityCoef="1" ang="90,0,0" color="0,220,0" radius="0.5" length="4" />
		<capsule pos="-24.15,-16.5,-43.699999999999996" vel="0,0,0" mass="1" elasticityCoef="1" ang="90,0,0" color="0,220,0" radius="0.5" length="4" />
		<capsule pos="-24.15,-16.5,-41.4" vel="0,0,0" mass="1" elasticityCoef="1" ang="90,0,0" color="0,220,0" radius="0.5" length="4" />
		<capsule pos="-24.15,-16.5,-39.099999999999994" vel="0,0,0" mass="1" elasticityCoef="1" ang="90,0,0" color="0,220,0" radius="0.5" length="4" />
		<capsule pos="-24.15,-16.5,-36.8" vel="0,0,0" mass="1" elasticityCoef="1" ang="90,0,0" color="0,220,0" radius="0.5" length="4" />
		<capsule pos="-24.15,-16.5,-34.5" vel="0,0,0" mass="1" elasticityCoef="1" ang="90,0,0" color="0,220,0" radius="0.5" length="4" />
		<capsule pos="-24.15,-16.5,-32.199999999999996" vel="0,0,0" mass="1" elasticityCoef="1" ang="90,0,0" color="0,220,0" radius="0.5" length="4" />
		<capsule pos="-24.15,-16.5,-29.9" vel="0,0,0" mass="1" elasticityCoef="1" ang="90,0,0" color="0,220,0" radius="0.5" length="4" />
		<capsule pos="-24.15,-16.5,-27.599999999999998" vel="0,0,0" mass="1" elasticityCoef="1" ang="90,0,0" color="0,220,0" radius="0.5" length="4" />
		<capsule pos="-24.15,-16.5,-25.299999999999997" vel="0,0,0" mass="1" elasticityCoef="1" ang="90,0,0" color="0,220,0" radius="0.5" length="4" />
		<capsule pos="-24.15,-16.5,-22.999999999999996" vel="0,0,0" mass="1" elasticityCoef="1" ang="90,0,0" color="0,220,0" radius="0.5" length="4" />
		<capsule pos="-24.15,-16.5,-20.699999999999996" vel="0,0,0" mass="1" elasticityCoef="1" ang="90,0,0" color="0,220,0" radius="0.5" length="4" />
		<capsule pos="-24.15,-16.5,-18.4" vel="0,0,0" mass="1" elasticityCoef="1" ang="90,0,0" color="0,220,0" radius="0.5" length="4" />
		<capsule pos="-24.15,-16.5,-16.099999999999998" vel="0,0,0" mass="1" elasticityCoef="1" ang="90,0,0" color="0,220,0" radius="0.5" length="4" />
		<capsule pos="-24.15,-16.5,-13.799999999999997" vel="0,0,0" mass="1" elasticityCoef="1" ang="90,0,0" color="0,220,0" radius="0.5" length="4" />
		<capsule pos="-24.15,-16.5,-11.5" vel="0,0,0" mass="1" elasticityCoef="1" ang="90,0,0" color="0,220,0" radius="0.5" length="4" />
		<capsule pos="-24.15,-16.5,-9.199999999999996" vel="0,0,0" mass="1" elasticityCoef="1" ang="90,0,0" color="0,220,0" radius="0.5" length="4" />
		<capsule pos="-24.15,-16.5,-6.899999999999999" vel="0,0,0" mass="1" elasticityCoef="1" ang="90,0,0" color="0,220,0" radius="0.5" length="4" />
		<capsule pos="-24.15,-16.5,-4.600000000000001" vel="0,0,0" mass="1" elasticityCoef="1" ang="90,0,0" color="0,220,0" radius="0.5" length="4" />
		<capsule pos="-24.15,-16.5,-2.299999999999997" vel="0,0,0" mass="1" elasticityCoef="1" ang="90,0,0" color="0,220,0" radius="0.5" length="4" />
		<capsule pos="-24.15,-16.5,0.0" vel="0,0,0" mass="1" elasticityCoef="1" ang="90,0,0" color="0,220,0" radius="0.5" length="4" />
		<capsule pos="-24.15,-16.5,2.3000000000000043" vel="0,0,0" mass="1" elasticityCoef="1" ang="90,0,0" color="0,220,0" radius="0.5" length="4" />
		<capsule pos="-24.15,-16.5,4.600000000000001" vel="0,0,0" mass="1" elasticityCoef="1" ang="90,0,0" color="0,220,0" radius="0.5" length="4" />
		<capsule pos="-24.15,-16.5,6.899999999999999" vel="0,0,0" mass="1" elasticityCoef="1" ang="90,0,0" color="0,220,0" radius="0.5" length="4" />
		<capsule pos="-24.15,-16.5,9.200000000000003" vel="0,0,0" mass="1" elasticityCoef="1" ang="90,0,0" color="0,220,0" radius="0.5" length="4" />
		<capsule pos="-24.15,-16.5,11.5" vel="0,0,0" mass="1" elasticityCoef="1" ang="90,0,0" color="0,220,0" radius="0.5" length="4" />
		<capsule pos="-24.15,-16.5,13.799999999999997" vel="0,0,0" mass="1" elasticityCoef="1" ang="90,0,0" color="0,220,0" radius="0.5" length="4" />
		<capsule pos="-24.15,-16.5,16.1" vel="0,0,0" mass="1" elasticityCoef="1" ang="90,0,0" color="0,220,0" radius="0.5" length="4" />
		<capsule pos="-24.15,-16.5,18.4" vel="0,0,0" mass="1" elasticityCoef="1" ang="90,0,0" color="0,220,0" radius="0.5" length="4" />
		<capsule pos="-24.15,-16.5,20.699999999999996" vel="0,0,0" mass="1" elasticityCoef="1" ang="90,0,0" color="0,220,0" radius="0.5" length="4" />
		<capsule pos="-24.15,-16.5,22.999999999999993" vel="0,0,0" mass="1" elasticityCoef="1" ang="90,0,0" color="0,220,0" radius="0.5" length="4" />
		<capsule pos="-24.15,-16.5,25.300000000000004" vel="0,0,0" mass="1" elasticityCoef="1" ang="90,0,0" color="0,220,0" radius="0.5" length="4" />
		<capsule pos="-24.15,-16.5,27.6" vel="0,0,0" mass="1" elasticityCoef="1" ang="90,0,0" color="0,220,0" radius="0.5" length="4" />
		<capsule pos="-24.15,-16.5,29.9" vel="0,0,0" mass="1" elasticityCoef="1" ang="90,0,0" color="0,220,0" radius="0.5" length="4" />
		<capsule pos="-24.15,-16.5,32.199999999999996" vel="0,0,0" mass="1" elasticityCoef="1" ang="90,0,0" color="0,220,0" radius="0.5" length="4" />
		<capsule pos="-24.15,-16.5,34.49999999999999" vel="0,0,0" mass="1" elasticityCoef="1" ang="90,0,0" color="0,220,0" radius="0.5" length="4" />
		<capsule pos="-24.15,-16.5,36.800000000000004" vel="0,0,0" mass="1" elasticityCoef="1" ang="90,0,0" color="0,220,0" radius="0.5" length="4" />
		<capsule pos="-24.15,-16.5,39.1" vel="0,0,0" mass="1" elasticityCoef="1" ang="90,0,0" color="0,220,0" radius="0.5" length="4" />
		<capsule pos="-24.15,-16.5,41.4" vel="0,0,0" mass="1" elasticityCoef="1" ang="90,0,0" color="0,220,0" radius="0.5" length="4" />
		<capsule pos="-24.15,-11.0,-43.699999999999996" vel="0,0,0" mass="1" elasticityCoef="1" ang="90,0,0" color="0,220,0" radius="0.5" length="4" />
		<capsule pos="-24.15,-11.0,-41.4" vel="0,0,0" mass="1" elasticityCoef="1" ang="90,0,0" color="0,220,0" radius="0.5" length="4" />
		<capsule pos="-24.15,-11.0,-39.099999999999994" vel="0,0,0" mass="1" elasticityCoef="1" ang="90,0,0" color="0,220,0" radius="0.5" length="4" />
		<capsule pos="-24.15,-11.0,-36.8" vel="0,0,0" mass="1" elasticityCoef="1" ang="90,0,0" color="0,220,0" radius="0.5" length="4" />
		<capsule pos="-24.15,-11.0,-34.5" vel="0,0,0" mass="1" elasticityCoef="1" ang="90,0,0" color="0,220,0" radius="0.5" length="4" />
		<capsule pos="-24.15,-11.0,-32.199999999999996" vel="0,0,0" mass="1" elasticityCoef="1" ang="90,0,0" color="0,220,0" radius="0.5" length="4" />
		<capsule pos="-24.15,-11.0,-29.9" vel="0,0,0" mass="1" elasticityCoef="1" ang="90,0,0" color="0,220,0" radius="0.5" length="4" />
		<capsule pos="-24.15,-11.0,-27.599999999999998" vel="0,0,0" mass="1" elasticityCoef="1" ang="90,0,0" color="0,220,0" radius="0.5" length="4" />
		<capsule pos="-24.15,-11.0,-25.299999999999997" vel="0,0,0" mass="1" elasticityCoef="1" ang="90,0,0" color="0,220,0" radius="0.5" length="4" />
		<capsule pos="-24.15,-11.0,-22.999999999999996" vel="0,0,0" mass="1" elasticityCoef="1" ang="90,0,0" color="0,220,0" radius="0.5" length="4" />
		<capsule pos="-24.15,-11.0,-20.699999999999996" vel="0,0,0" mass="1" elasticityCoef="1" ang="90,0,0" color="0,220,0" radius="0.5" length="4" />
		<capsule pos="-24.15,-11.0,-18.4" vel="0,0,0" mass="1" elasticityCoef="1" ang="90,0,0" color="0,220,0" radius="0.5" length="4" />
		<capsule pos="-24.15,-11.0,-16.099999999999998" vel="0,0,0" mass="1" elasticityCoef="1" ang="90,0,0" color="0,220,0" radius="0.5" length="4" />
		<capsule pos="-24.15,-11.0,-13.799999999999997" vel="0,0,0" mass="1" elasticityCoef="1" ang="90,0,0" color="0,220,0" radius="0.5" length="4" />
		<capsule pos="-24.15,-11.0,-11.5" vel="0,0,0" mass="1" elasticityCoef="1" ang="90,0,0" color="0,220,0" radius="0.5" length="4" />
		<capsule pos="-24.15,-11.0,-9.199999999999996" vel="0,0,0" mass="1" elasticityCoef="1" ang="90,0,0" color="0,220,0" radius="0.5" length="4" />
		<capsule pos="-24.15,-11.0,-6.899999999999999" vel="0,0,0" mass="1" elasticityCoef="1" ang="90,0,0" color="0,220,0" radius="0.5" length="4" />
		<capsule pos="-24.15,-11.0,-4.600000000000001" vel="0,0,0" mass="1" elasticityCoef="1" ang="90,0,0" color="0,220,0" radius="0.5" length="4" />
		<capsule pos="-24.15,-11.0,-2.299999999999997" vel="0,0,0" mass="1" elasticityCoef="1" ang="90,0,0" color="0,220,0" radius="0.5" length="4" />
		<capsule pos="-24.15,-11.0,0.0" vel="0,0,0" mass="1" elasticityCoef="1" ang="90,0,0" color="0,220,0" radius="0.5" length="4" />
		<capsule pos="-24.15,-11.0,2.3000000000000043" vel="0,0,0" mass="1" elasticityCoef="1" ang="90,0,0" color="0,220,0" radius="0.5" length="4" />
		<capsule pos="-24.15,-11.0,4.600000000000001" vel="0,0,0" mass="1" elasticityCoef="1" ang="90,0,0" color="0,220,0" radius="0.5" length="4" />
		<capsule pos="-24.15,-11.0,6.899999999999999" vel="0,0,0" mass="1" elasticityCoef="1" ang="90,0,0" color="0,220,0" radius="0.5" length="4" />
		<capsule pos="-24.15,-11.0,9.200000000000003" vel="0,0,0" mass="1" elasticityCoef="1" ang="90,0,0" color="0,220,0" radius="0.5" length="4" />
		<capsule pos="-24.15,-11.0,11.5" vel="0,0,0" mass="1" elasticityCoef="1" ang="90,0,0" color="0,220,0" radius="0.5" length="4" />
		<capsule pos="-24.15,-11.0,13.799999999999997" vel="0,0,0" mass="1" elasticityCoef="1" ang="90,0,0" color="0,220,0" radius="0.5" length="4" />
		<capsule pos="-24.15,-11.0,16.1" vel="0,0,0" mass="1" elasticityCoef="1" ang="90,0,0" color="0,220,0" radius="0.5" length="4" />
		<capsule pos="-24.15,-11.0,18.4" vel="0,0,0" mass="1" elasticityCoef="1" ang="90,0,0" color="0,220,0" radius="0.5" length="4" />
		<capsule pos="-24.15,-11.0,20.699999999999996" vel="0,0,0" mass="1" elasticityCoef="1" ang="90,0,0" color="0,220,0" radius="0.5" length="4" />
		<capsule pos="-24.15,-11.0,22.999999999999993" vel="0,0,0" mass="1" elasticityCoef="1" ang="90,0,0" color="0,220,0" radius="0.5" length="4" />
		<capsule pos="-24.15,-11.0,25.300000000000004" vel="0,0,0" mass="1" elasticityCoef="1" ang="90,0,0" color="0,220,0" radius="0.5" length="4" />
		<capsule pos="-24.15,-11.0,27.6" vel="0,0,0" mass="1" elasticityCoef="1" ang="90,0,0" color="0,220,0" radius="0.5" length="4" />
		<capsule pos="-24.15,-11.0,29.9" vel="0,0,0" mass="1" elasticityCoef="1" ang="90,0,0" color="0,220,0" radius="0.5" length="4" />
		<capsule pos="-24.15,-11.0,32.199999999999996" vel="0,0,0" mass="1" elasticityCoef="1" ang="90,0,0" color="0,220,0" radius="0.5" length="4" />
		<capsule pos="-24.15,-11.0,34.49999999999999" vel="0,0,0" mass="1" elasticityCoef="1" ang="90,0,0" color="0,220,0" radius="0.5" length="4" />
		<capsule pos="-24.15,-11.0,36.800000000000004" vel="0,0,0" mass="1" elasticityCoef="1" ang="90,0,0" color="0,220,0" radius="0.5" length="4" />
		<capsule pos="-24.15,-11.0,39.1" vel="0,0,0" mass="1" elasticityCoef="1" ang="90,0,0" color="0,220,0" radius="0.5" length="4" />
		<capsule pos="-24.15,-11.0,41.4" vel="0,0,0" mass="1" elasticityCoef="1" ang="90,0,0" color="0,220,0" radius="0.5" length="4" />
		<capsule pos="-24.15,-5.5,-43.699999999999996" vel="0,0,0" mass="1" elasticityCoef="1" ang="90,0,0" color="0,220,0" radius="0.5" length="4" />
		<capsule pos="-24.15,-5.5,-41.4" vel="0,0,0" mass="1" elasticityCoef="1" ang="90,0,0" color="0,220,0" radius="0.5" length="4" />
		<capsule pos="-24.15,-5.5,-39.099999999999994" vel="0,0,0" mass="1" elasticityCoef="1" ang="90,0,0" color="0,220,0" radius="0.5" length="4" />
		<capsule pos="-24.15,-5.5,-36.8" vel="0,0,0" mass="1" elasticityCoef="1" ang="90,0,0" color="0,220,0" radius="0.5" length="4" />
		<capsule pos="-24.15,-5.5,-34.5" vel="0,0,0" mass="1" elasticityCoef="1" ang="90,0,0" color="0,220,0" radius="0.5" length="4" />
		<capsule pos="-24.15,-5.5,-32.199999999999996" vel="0,0,0" mass="1" elasticityCoef="1" ang="90,0,0" color="0,220,0" radius="0.5" length="4" />
		<capsule pos="-24.15,-5.5,-29.9" vel="0,0,0" mass="1" elasticityCoef="1" ang="90,0,0" color="0,220,0" radius="0.5" length="4" />
		<capsule pos="-24.15,-5.5,-27.599999999999998" vel="0,0,0" mass="1" elasticityCoef="1" ang="90,0,0" color="0,220,0" radius="0.5" length="4" />
		<capsule pos="-24.15,-5.5,-25.299999999999997" vel="0,0,0" mass="1" elasticityCoef="1" ang="90,0,0" color="0,220,0" radius="0.5" length="4" />
		<capsule pos="-24.15,-5.5,-22.999999999999996" vel="0,0,0" mass="1" elasticityCoef="1" ang="90,0,0" color="0,220,0" radius="0.5" length="4" />
		<capsule pos="-24.15,-5.5,-20.699999999999996" vel="0,0,0" mass="1" elasticityCoef="1" ang="90,0,0" color="0,220,0" radius="0.5" length="4" />
		<capsule pos="-24.15,-5.5,-18.4" vel="0,0,0" mass="1" elasticityCoef="1" ang="90,0,0" color="0,220,0" radius="0.5" length="4" />
		<capsule pos="-24.15,-5.5,-16.099999999999998" vel="0,0,0" mass="1" elasticityCoef="1" ang="90,0,0" color="0,220,0" radius="0.5" length="4" />
		<capsule pos="-24.15,-5.5,-13.799999999999997" vel="0,0,0" mass="1" elasticityCoef="1" ang="90,0,0" color="0,220,0" radius="0.5" length="4" />
		<capsule pos="-24.15,-5.5,-11.5" vel="0,0,0" mass="1" elasticityCoef="1" ang="90,0,0" color="0,220,0" radius="0.5" length="4" />
		<capsule pos="-24.15,-5.5,-9.199999999999996" vel="0,0,0" mass="1" elasticityCoef="1" ang="90,0,0" color="0,220,0" radius="0.5" length="4" />
		<capsule pos="-24.15,-5.5,-6.899999999999999" vel="0,0,0" mass="1" elasticityCoef="1" ang="90,0,0" color="0,220,0" radius="0.5" length="4" />
		<capsule pos="-24.15,-5.5,-4.600000000000001" vel="0,0,0" mass="1" elasticityCoef="1" ang="90,0,0" color="0,220,0" radius="0.5" length="4" />
		<capsule pos="-24.15,-5.5,-2.299999999999997" vel="0,0,0" mass="1" elasticityCoef="1" ang="90,0,0" color="0,220,0" radius="0.5" length="4" />
		<capsule pos="-24.15,-5.5,0.0" vel="0,0,0" mass="1" elasticityCoef="1" ang="90,0,0" color="0,220,0" radius="0.5" length="4" />
		<capsule pos="-24.15,-5.5,2.3000000000000043" vel="0,0,0" mass="1" elasticityCoef="1" ang="90,0,0" color="0,220,0" radius="0.5" length="4" />
		<capsule pos="-24.15,-5.5,4.600000000000001" vel="0,0,0" mass="1" elasticityCoef="1" ang="90,0,0" color="0,220,0" radius="0.5" length="4" />
		<capsule pos="-24.15,-5.5,6.899999999999999" vel="0,0,0" mass="1" elasticityCoef="1" ang="90,0,0" color="0,220,0" radius="0.5" length="4" />
		<capsule pos="-24.15,-5.5,9.200000000000003" vel="0,0,0" mass="1" elasticityCoef="1" ang="90,0,0" color="0,220,0" radius="0.5" length="4" />
		<capsule pos="-24.15,-5.5,11.5" vel="0,0,0" mass="1" elasticityCoef="1" ang="90,0,0" color="0,220,0" radius="0.5" length="4" />
		<capsule pos="-24.15,-5.5,13.799999999999997" vel="0,0,0" mass="1" elasticityCoef="1" ang="90,0,0" color="0,220,0" radius="0.5" length="4" />
		<capsule pos="-24.15,-5.5,16.1" vel="0,0,0" mass="1" elasticityCoef="1" ang="90,0,0" color="0,220,0" radius="0.5" length="4" />
		<capsule pos="-24.15,-5.5,18.4" vel="0,0,0" mass="1" elasticityCoef="1" ang="90,0,0" color="0,220,0" radius="0.5" length="4" />
		<capsule pos="-24.15,-5.5,20.699999999999996" vel="0,0,0" mass="1" elasticityCoef="1" ang="90,0,0" color="0,220,0" radius="0.5" length="4" />
		<capsule pos="-24.15,-5.5,22.999999999999993" vel="0,0,0" mass="1" elasticityCoef="1" ang="90,0,0" color="0,220,0" radius="0.5" length="4" />
		<capsule pos="-24.15,-5.5,25.300000000000004" vel="0,0,0" mass="1" elasticityCoef="1" ang="90,0,0" color="0,220,0" radius="0.5" length="4" />
		<capsule pos="-24.15,-5.5,27.6" vel="0,0,0" mass="1" elasticityCoef="1" ang="90,0,0" color="0,220,0" radius="0.5" length="4" />
		<capsule pos="-24.15,-5.5,29.9" vel="0,0,0" mass="1" elasticityCoef="1" ang="90,0,0" color="0,220,0" radius="0.5" length="4" />
		<capsule pos="-24.15,-5.5,32.199999999999996" vel="0,0,0" mass="1" elasticityCoef="1" ang="90,0,0" color="0,220,0" radius="0.5" length="4" />
		<capsule pos="-24.15,-5.5,34.49999999999999" vel="0,0,0" mass="1" elasticityCoef="1" ang="90,0,0" color="0,220,0" radius="0.5" length="4" />
		<capsule pos="-24.15,-5.5,36.800000000000004" vel="0,0,0" mass="1" elasticityCoef="1" ang="90,0,0" color="0,220,0" radius="0.5" length="4" />
		<capsule pos="-24.15,-5.5,39.1" vel="0,0,0" mass="1" elasticityCoef="1" ang="90,0,0" color="0,220,0" radius="0.5" length="4" />
		<capsule pos="-24.15,-5.5,41.4" vel="0,0,0" mass="1" elasticityCoef="1" ang="90,0,0" color="0,220,0" radius="0.5" length="4" />
		<capsule pos="-24.15,0.0,-43.699999999999996" vel="0,0,0" mass="1" elasticityCoef="1" ang="90,0,0" color="0,220,0" radius="0.5" length="4" />
		<capsule pos="-24.15,0.0,-41.4" vel="0,0,0" mass="1" elasticityCoef="1" ang="90,0,0" color="0,220,0" radius="0.5" length="4" />
		<capsule pos="-24.15,0.0,-39.099999999999994" vel="0,0,0" mass="1" elasticityCoef="1" ang="90,0,0" color="0,220,0" radius="0.5" length="4" />
		<capsule pos="-24.15,0.0,-36.8" vel="0,0,0" mass="1" elasticityCoef="1" ang="90,0,0" color="0,220,0" radius="0.5" length="4" />
		<capsule pos="-24.15,0.0,-34.5" vel="0,0,0" mass="1" elasticityCoef="1" ang="90,0,0" color="0,220,0" radius="0.5" length="4" />
		<capsule pos="-24.15,0.0,-32.199999999999996" vel="0,0,0" mass="1" elasticityCoef="1" ang="90,0,0" color="0,220,0" radius="0.5" length="4" />
		<capsule pos="-24.15,0.0,-29.9" vel="0,0,0" mass="1" elasticityCoef="1" ang="90,0,0" color="0,220,0" radius="0.5" length="4" />
		<capsule pos="-24.15,0.0,-27.599999999999998" vel="0,0,0" mass="1" elasticityCoef="1" ang="90,0,0" color="0,220,0" radius="0.5" length="4" />
		<capsule pos="-24.15,0.0,-25.299999999999997" vel="0,0,0" mass="1" elasticityCoef="1" ang="90,0,0" color="0,220,0" radius="0.5" length="4" />
		<capsule pos="-24.15,0.0,-22.999999999999996" vel="0,0,0" mass="1" elasticityCoef="1" ang="90,0,0" color="0,220,0" radius="0.5" length="4" />
		<capsule pos="-24.15,0.0,-20.699999999999996" vel="0,0,0" mass="1" elasticityCoef="1" ang="90,0,0" color="0,220,0" radius="0.5" length="4" />
		<capsule pos="-24.15,0.0,-18.4" vel="0,0,0" mass="1" elasticityCoef="1" ang="90,0,0" color="0,220,0" radius="0.5" length="4" />
		<capsule pos="-24.15,0.0,-16.099999999999998" vel="0,0,0" mass="1" elasticityCoef="1" ang="90,0,0" color="0,220,0" radius="0.5" length="4" />
		<capsule pos="-24.15,0.0,-13.799999999999997" vel="0,0,0" mass="1" elasticityCoef="1" ang="90,0,0" color="0,220,0" radius="0.5" length="4" />
		<capsule pos="-24.15,0.0,-11.5" vel="0,0,0" mass="1" elasticityCoef="1" ang="90,0,0" color="0,220,0" radius="0.5" length="4" />
		<capsule pos="-24.15,0.0,-9.199999999999996" vel="0,0,0" mass="1" elasticityCoef="1" ang="90,0,0" color="0,220,0" radius="0.5" length="4" />
		<capsule pos="-24.15,0.0,-6.899999999999999" vel="0,0,0" mass="1" elasticityCoef="1" ang="90,0,0" color="0,220,0" radius="0.5" length="4" />
		<capsule pos="-24.15,0.0,-4.600000000000001" vel="0,0,0" mass="1" elasticityCoef="1" ang="90,0,0" color="0,220,0" radius="0.5" length="4" />
		<capsule pos="-24.15,0.0,-2.299999999999997" vel="0,0,0" mass="1" elasticityCoef="1" ang="90,0,0" color="0,220,0" radius="0.5" length="4" />
		<capsule pos="-24.15,0.0,0.0" vel="0,0,0" mass="1" elasticityCoef="1" ang="90,0,0" color="0,220,0" radius="0.5" length="4" />
		<capsule pos="-24.15,0.0,2.3000000000000043" vel="0,0,0" mass="1" elasticityCoef="1" ang="90,0,0" color="0,220,0" radius="0.5" length="4" />
		<capsule pos="-24.15,0.0,4.600000000000001" vel="0,0,0" mass="1" elasticityCoef="1" ang="90,0,0" color="0,220,0" radius="0.5" length="4" />
		<capsule pos="-24.15,0.0,6.899999999999999" vel="0,0,0" mass="1" elasticityCoef="1" ang="90,0,0" color="0,220,0" radius="0.5" length="4" />
		<capsule pos="-24.15,0.0,9.200000000000003" vel="0,0,0" mass="1" elasticityCoef="1" ang="90,0,0" color="0,220,0" radius="0.5" length="4" />
		<capsule pos="-24.15,0.0,11.5" vel="0,0,0" mass="1" elasticityCoef="1" ang="90,0,0" color="0,220,0" radius="0.5" length="4" />
		<capsule pos="-24.15,0.0,13.799999999999997" vel="0,0,0" mass="1" elasticityCoef="1" ang="90,0,0" color="0,220,0" radius="0.5" length="4" />
		<capsule pos="-24.15,0.0,16.1" vel="0,0,0" mass="1" elasticityCoef="1" ang="90,0,0" color="0,220,0" radius="0.5" length="4" />
		<capsule pos="-24.15,0.0,18.4" vel="0,0,0" mass="1" elasticityCoef="1" ang="90,0,0" color="0,220,0" radius="0.5" length="4" />
		<capsule pos="-24.15,0.0,20.699999999999996" vel="0,0,0" mass="1" elasticityCoef="1" ang="90,0,0" color="0,220,0" radius="0.5" length="4" />
		<capsule pos="-24.15,0.0,22.999999999999993" vel="0,0,0" mass="1" elasticityCoef="1" ang="90,0,0" color="0,220,0" radius="0.5" length="4" />
		<capsule pos="-24.15,0.0,25.300000000000004" vel="0,0,0" mass="1" elasticityCoef="1" ang="90,0,0" color="0,220,0" radius="0.5" length="4" />
		<capsule pos="-24.15,0.0,27.6" vel="0,0,0" mass="1" elasticityCoef="1" ang="90,0,0" color="0,220,0" radius="0.5" length="4" />
		<capsule pos="-24.15,0.0,29.9" vel="0,0,0" mass="1" elasticityCoef="1" ang="90,0,0" color="0,220,0" radius="0.5" length="4" />
		<capsule pos="-24.15,0.0,32.199999999999996" vel="0,0,0" mass="1" elasticityCoef="1" ang="90,0,0" color="0,220,0" radius="0.5" length="4" />
		<capsule pos="-24.15,0.0,34.49999999999999" vel="0,0,0" mass="1" elasticityCoef="1" ang="90,0,0" color="0,220,0" radius="0.5" length="4" />
		<capsule pos="-24.15,0.0,36.800000000000004" vel="0,0,0" mass="1" elasticityCoef="1" ang="90,0,0" color="0,220,0" radius="0.5" length="4" />
		<capsule pos="-24.15,0.0,39.1" vel="0,0,0" mass="1" elasticityCoef="1" ang="90,0,0" color="0,220,0" radius="0.5" length="4" />
		<capsule pos="-24.15,0.0,41.4" vel="0,0,0" mass="1" elasticityCoef="1" ang="90,0,0" color="0,220,0" radius="0.5" length="4" />
		<capsule pos="-24.15,5.5,-43.699999999999996" vel="0,0,0" mass="1" elasticityCoef="1" ang="90,0,0" color="0,220,0" radius="0.5" length="4" />
		<capsule pos="-24.15,5.5,-41.4" vel="0,0,0" mass="1" elasticityCoef="1" ang="90,0,0" color="0,220,0" radius="0.5" length="4" />
		<capsule pos="-24.15,5.5,-39.099999999999994" vel="0,0,0" mass="1" elasticityCoef="1" ang="90,0,0" color="0,220,0" radius="0.5" length="4" />
		<capsule pos="-24.15,5.5,-36.8" vel="0,0,0" mass="1" elasticityCoef="1" ang="90,0,0" color="0,220,0" radius="0.5" length="4" />
		<capsule pos="-24.15,5.5,-34.5" vel="0,0,0" mass="1" elasticityCoef="1" ang="90,0,0" color="0,220,0" radius="0.5" length="4" />
		<capsule pos="-24.15,5.5,-32.199999999999996" vel="0,0,0" mass="1" elasticityCoef="1" ang="90,0,0" color="0,220,0" radius="0.5" length="4" />
		<capsule pos="-24.15,5.5,-29.9" vel="0,0,0" mass="1" elasticityCoef="1" ang="90,0,0" color="0,220,0" radius="0.5" length="4" />
		<capsule pos="-24.15,5.5,-27.599999999999998" vel="0,0,0" mass="1" elasticityCoef="1" ang="90,0,0" color="0,220,0" radius="0.5" length="4" />
		<capsule pos="-24.15,5.5,-25.299999999999997" vel="0,0,0" mass="1" elasticityCoef="1" ang="90,0,0" color="0,220,0" radius="0.5" length="4" />
		<capsule pos="-24.15,5.5,-22.999999999999996" vel="0,0,0" mass="1" elasticityCoef="1" ang="90,0,0" color="0,220,0" radius="0.5" length="4" />
		<capsule pos="-24.15,5.5,-20.699999999999996" vel="0,0,0" mass="1" elasticityCoef="1" ang="90,0,0" color="0,220,0" radius="0.5" length="4" />
		<capsule pos="-24.15,5.5,-18.4" vel="0,0,0" mass="1" elasticityCoef="1" ang="90,0,0" color="0,220,0" radius="0.5" length="4" />
		<capsule pos="-24.15,5.5,-16.099999999999998" vel="0,0,0" mass="1" elasticityCoef="1" ang="90,0,0" color="0,220,0" radius="0.5" length="4" />
		<capsule pos="-24.15,5.5,-13.799999999999997" vel="0,0,0" mass="1" elasticityCoef="1" ang="90,0,0" color="0,220,0" radius="0.5" length="4" />
		<capsule pos="-24.15,5.5,-11.5" vel="0,0,0" mass="1" elasticityCoef="1" ang="90,0,0" color="0,220,0" radius="0.5" length="4" />
		<capsule pos="-24.15,5.5,-9.199999999999996" vel="0,0,0" mass="1" elasticityCoef="1" ang="90,0,0" color="0,220,0" radius="0.5" length="4" />
		<capsule pos="-24.15,5.5,-6.899999999999999" vel="0,0,0" mass="1" elasticityCoef="1" ang="90,0,0" color="0,220,0" radius="0.5" length="4" />
		<capsule pos="-24.15,5.5,-4.600000000000001" vel="0,0,0" mass="1" elasticityCoef="1" ang="90,0,0" color="0,220,0" radius="0.5" length="4" />
		<capsule pos="-24.15,5.5,-2.299999999999997" vel="0,0,0" mass="1" elasticityCoef="1" ang="90,0,0" color="0,220,0" radius="0.5" length="4" />
		<capsule pos="-24.15,5.5,0.0" vel="0,0,0" mass="1" elasticityCoef="1" ang="90,0,0" color="0,220,0" radius="0.5" length="4" />
		<capsule pos="-24.15,5.5,2.3000000000000043" vel="0,0,0" mass="1" elasticityCoef="1" ang="90,0,0" color="0,220,0" radius="0.5" length="4" />
		<capsule pos="-24.15,5.5,4.600000000000001" vel="0,0,0" mass="1" elasticityCoef="1" ang="90,0,0" color="0,220,0" radius="0.5" length="4" />
		<capsule pos="-24.15,5.5,6.899999999999999" vel="0,0,0" mass="1" elasticityCoef="1" ang="90,0,0" color="0,220,0" radius="0.5" length="4" />
		<capsule pos="-24.15,5.5,9.200000000000003" vel="0,0,0" mass="1" elasticityCoef="1" ang="90,0,0" color="0,220,0" radius="0.5" length="4" />
		<capsule pos="-24.15,5.5,11.5" vel="0,0,0" mass="1" elasticityCoef="1" ang="90,0,0" color="0,220,0" radius="0.5" length="4" />
		<capsule pos="-24.15,5.5,13.799999999999997" vel="0,0,0" mass="1" elasticityCoef="1" ang="90,0,0" color="0,220,0" radius="0.5" length="4" />
		<capsule pos="-24.15,5.5,16.1" vel="0,0,0" mass="1" elasticityCoef="1" ang="90,0,0" color="0,220,0" radius="0.5" length="4" />
		<capsule pos="-24.15,5.5,18.4" vel="0,0,0" mass="1" elasticityCoef="1" ang="90,0,0" color="0,220,0" radius="0.5" length="4" />
		<capsule pos="-24.15,5.5,20.699999999999996" vel="0,0,0" mass="1" elasticityCoef="1" ang="90,0,0" color="0,220,0" radius="0.5" length="4" />
		<capsule pos="-24.15,5.5,22.999999999999993" vel="0,0,0" mass="1" elasticityCoef="1" ang="90,0,0" color="0,220,0" radius="0.5" length="4" />
		<capsule pos="-24.15,5.5,25.300000000000004" vel="0,0,0" mass="1" elasticityCoef="1" ang="90,0,0" color="0,220,0" radius="0.5" length="4" />
		<capsule pos="-24.15,5.5,27.6" vel="0,0,0" mass="1" elasticityCoef="1" ang="90,0,0" color="0,220,0" radius="0.5" length="4" />
		<capsule pos="-24.15,5.5,29.9" vel="0,0,0" mass="1" elasticityCoef="1" ang="90,0,0" color="0,220,0" radius="0.5" length="4" />
		<capsule pos="-24.15,5.5,32.199999999999996" vel="0,0,0" mass="1" elasticityCoef="1" ang="90,0,0" color="0,220,0" radius="0.5" length="4" />
		<capsule pos="-24.15,5.5,34.49999999999999" vel="0,0,0" mass="1" elasticityCoef="1" ang="90,0,0" color="0,220,0" radius="0.5" length="4" />
		<capsule pos="-24.15,5.5,36.800000000000004" vel="0,0,0" mass="1" elasticityCoef="1" ang="90,0,0" color="0,220,0" radius="0.5" length="4" />
		<capsule pos="-24.15,5.5,39.1" vel="0,0,0" mass="1" elasticityCoef="1" ang="90,0,0" color="0,220,0" radius="0.5" length="4" />
		<capsule pos="-24.15,5.5,41.4" vel="0,0,0" mass="1" elasticityCoef="1" ang="90,0,0" color="0,220,0" radius="0.5" length="4" />
		<capsule pos="-24.15,11.0,-43.699999999999996" vel="0,0,0" mass="1" elasticityCoef="1" ang="90,0,0" color="0,220,0" radius="0.5" length="4" />
		<capsule pos="-24.15,11.0,-41.4" vel="0,0,0" mass="1" elasticityCoef="1" ang="90,0,0" color="0,220,0" radius="0.5" length="4" />
		<capsule pos="-24.15,11.0,-39.099999999999994" vel="0,0,0" mass="1" elasticityCoef="1" ang="90,0,0" color="0,220,0" radius="0.5" length="4" />
		<capsule pos="-24.15,11.0,-36.8" vel="0,0,0" mass="1" elasticityCoef="1" ang="90,0,0" color="0,220,0" radius="0.5" length="4" />
		<capsule pos="-24.15,11.0,-34.5" vel="0,0,0" mass="1" elasticityCoef="1" ang="90,0,0" color="0,220,0" radius="0.5" length="4" />
		<capsule pos="-24.15,11.0,-32.199999999999996" vel="0,0,0" mass="1" elasticityCoef="1" ang="90,0,0" color="0,220,0" radius="0.5" length="4" />
		<capsule pos="-24.15,11.0,-29.9" vel="0,0,0" mass="1" elasticityCoef="1" ang="90,0,0" color="0,220,0" radius="0.5" length="4" />
		<capsule pos="-24.15,11.0,-27.599999999999998" vel="0,0,0" mass="1" elasticityCoef="1" ang="90,0,0" color="0,220,0" radius="0.5" length="4" />
		<capsule pos="-24.15,11.0,-25.299999999999997" vel="0,0,0" mass="1" elasticityCoef="1" ang="90,0,0" color="0,220,0" radius="0.5" length="4" />
		<capsule pos="-24.15,11.0,-22.999999999999996" vel="0,0,0" mass="1" elasticityCoef="1" ang="90,0,0" color="0,220,0" radius="0.5" length="4" />
		<capsule pos="-24.15,11.0,-20.699999999999996" vel="0,0,0" mass="1" elasticityCoef="1" ang="90,0,0" color="0,220,0" radius="0.5" length="4" />
		<capsule pos="-24.15,11.0,-18.4" vel="0,0,0" mass="1" elasticityCoef="1" ang="90,0,0" color="0,220,0" radius="0.5" length="4" />
		<capsule pos="-24.15,11.0,-16.099999999999998" vel="0,0,0" mass="1" elasticityCoef="1" ang="90,0,0" color="0,220,0" radius="0.5" length="4" />
		<capsule pos="-24.15,11.0,-13.799999999999997" vel="0,0,0" mass="1" elasticityCoef="1" ang="90,0,0" color="0,220,0" radius="0.5" length="4" />
		<capsule pos="-24.15,11.0,-11.5" vel="0,0,0" mass="1" elasticityCoef="1" ang="90,0,0" color="0,220,0" radius="0.5" length="4" />
		<capsule pos="-24.15,11.0,-9.199999999999996" vel="0,0,0" mass="1" elasticityCoef="1" ang="90,0,0" color="0,220,0" radius="0.5" length="4" />
		<capsule pos="-24.15,11.0,-6.899999999999999" vel="0,0,0" mass="1" elasticityCoef="1" ang="90,0,0" color="0,220,0" radius="0.5" length="4" />
		<capsule pos="-24.15,11.0,-4.600000000000001" vel="0,0,0" mass="1" elasticityCoef="1" ang="90,0,0" color="0,220,0" radius="0.5" length="4" />
		<capsule pos="-24.15,11.0,-2.299999999999997" vel="0,0,0" mass="1" elasticityCoef="1" ang="90,0,0" color="0,220,0" radius="0.5" length="4" />
		<capsule pos="-24.15,11.0,0.0" vel="0,0,0" mass="1" elasticityCoef="1" ang="90,0,0" color="0,220,0" radius="0.5" length="4" />
		<capsule pos="-24.15,11.0,2.3000000000000043" vel="0,0,0" mass="1" elasticityCoef="1" ang="90,0,0" color="0,220,0" radius="0.5" length="4" />
		<capsule pos="-24.15,11.0,4.600000000000001" vel="0,0,0" mass="1" elasticityCoef="1" ang="90,0,0" color="0,220,0" radius="0.5" length="4" />
		<capsule pos="-24.15,11.0,6.899999999999999" vel="0,0,0" mass="1" elasticityCoef="1" ang="90,0,0" color="0,220,0" radius="0.5" length="4" />
		<capsule pos="-24.15,11.0,9.200000000000003" vel="0,0,0" mass="1" elasticityCoef="1" ang="90,0,0" color="0,220,0" radius="0.5" length="4" />
		<capsule pos="-24.15,11.0,11.5" vel="0,0,0" mass="1" elasticityCoef="1" ang="90,0,0" color="0,220,0" radius="0.5" length="4" />
		<capsule pos="-24.15,11.0,13.799999999999997" vel="0,0,0" mass="1" elasticityCoef="1" ang="90,0,0" color="0,220,0" radius="0.5" length="4" />
		<capsule pos="-24.15,11.0,16.1" vel="0,0,0" mass="1" elasticityCoef="1" ang="90,0,0" color="0,220,0" radius="0.5" length="4" />
		<capsule pos="-24.15,11.0,18.4" vel="0,0,0" mass="1" elasticityCoef="1" ang="90,0,0" color="0,220,0" radius="0.5" length="4" />
		<capsule pos="-24.15,11.0,20.699999999999996" vel="0,0,0" mass="1" elasticityCoef="1" ang="90,0,0" color="0,220,0" radius="0.5" length="4" />
		<capsule pos="-24.15,11.0,22.999999999999993" vel="0,0,0" mass="1" elasticityCoef="1" ang="90,0,0" color="0,220,0" radius="0.5" length="4" />
		<capsule pos="-24.15,11.0,25.300000000000004" vel="0,0,0" mass="1" elasticityCoef="1" ang="90,0,0" color="0,220,0" radius="0.5" length="4" />
		<capsule pos="-24.15,11.0,27.6" vel="0,0,0" mass="1" elasticityCoef="1" ang="90,0,0" color="0,220,0" radius="0.5" length="4" />
		<capsule pos="-24.15,11.0,29.9" vel="0,0,0" mass="1" elasticityCoef="1" ang="90,0,0" color="0,220,0" radius="0.5" length="4" />
		<capsule pos="-24.15,11.0,32.199999999999996" vel="0,0,0" mass="1" elasticityCoef="1" ang="90,0,0" color="0,220,0" radius="0.5" length="4" />
		<capsule pos="-24.15,11.0,34.49999999999999" vel="0,0,0" mass="1" elasticityCoef="1" ang="90,0,0" color="0,220,0" radius="0.5" length="4" />
		<capsule pos="-24.15,11.0,36.800000000000004" vel="0,0,0" mass="1" elasticityCoef="1" ang="90,0,0" color="0,220,0" radius="0.5" length="4" />
		<capsule pos="-24.15,11.0,39.1" vel="0,0,0" mass="1" elasticityCoef="1" ang="90,0,0" color="0,220,0" radius="0.5" length="4" />
		<capsule pos="-24.15,11.0,41.4" vel="0,0,0" mass="1" elasticityCoef="1" ang="90,0,0" color="0,220,0" radius="0.5" length="4" />
		<capsule pos="-24.15,16.5,-43.699999999999996" vel="0,0,0" mass="1" elasticityCoef="1" ang="90,0,0" color="0,220,0" radius="0.5" length="4" />
		<capsule pos="-24.15,16.5,-41.4" vel="0,0,0" mass="1" elasticityCoef="1" ang="90,0,0" color="0,220,0" radius="0.5" length="4" />
		<capsule pos="-24.15,16.5,-39.099999999999994" vel="0,0,0" mass="1" elasticityCoef="1" ang="90,0,0" color="0,220,0" radius="0.5" length="4" />
		<capsule pos="-24.15,16.5,-36.8" vel="0,0,0" mass="1" elasticityCoef="1" ang="90,0,0" color="0,220,0" radius="0.5" length="4" />
		<capsule pos="-24.15,16.5,-34.5" vel="0,0,0" mass="1" elasticityCoef="1" ang="90,0,0" color="0,220,0" radius="0.5" length="4" />
		<capsule pos="-24.15,16.5,-32.199999999999996" vel="0,0,0" mass="1" elasticityCoef="1" ang="90,0,0" color="0,220,0" radius="0.5" length="4" />
		<capsule pos="-24.15,16.5,-29.9" vel="0,0,0" mass="1" elasticityCoef="1" ang="90,0,0" color="0,220,0" radius="0.5" length="4" />
		<capsule pos="-24.15,16.5,-27.599999999999998" vel="0,0,0" mass="1" elasticityCoef="1" ang="90,0,0" color="0,220,0" radius="0.5" length="4" />
		<capsule pos="-24.15,16.5,-25.299999999999997" vel="0,0,0" mass="1" elasticityCoef="1" ang="90,0,0" color="0,220,0" radius="0.5" length="4" />
		<capsule pos="-24.15,16.5,-22.999999999999996" vel="0,0,0" mass="1" elasticityCoef="1" ang="90,0,0" color="0,220,0" radius="0.5" length="4" />
		<capsule pos="-24.15,16.5,-20.699999999999996" vel="0,0,0" mass="1" elasticityCoef="1" ang="90,0,0" color="0,220,0" radius="0.5" length="4" />
		<capsule pos="-24.15,16.5,-18.4" vel="0,0,0" mass="1" elasticityCoef="1" ang="90,0,0" color="0,220,0" radius="0.5" length="4" />
		<capsule pos="-24.15,16.5,-16.099999999999998" vel="0,0,0" mass="1" elasticityCoef="1" ang="90,0,0" color="0,220,0" radius="0.5" length="4" />
		<capsule pos="-24.15,16.5,-13.799999999999997" vel="0,0,0" mass="1" elasticityCoef="1" ang="90,0,0" color="0,220,0" radius="0.5" length="4" />
		<capsule pos="-24.15,16.5,-11.5" vel="0,0,0" mass="1" elasticityCoef="1" ang="90,0,0" color="0,220,0" radius="0.5" length="4" />
		<capsule pos="-24.15,16.5,-9.199999999999996" vel="0,0,0" mass="1" elasticityCoef="1" ang="90,0,0" color="0,220,0" radius="0.5" length="4" />
		<capsule pos="-24.15,16.5,-6.899999999999999" vel="0,0,0" mass="1" elasticityCoef="1" ang="90,0,0" color="0,220,0" radius="0.5" length="4" />
		<capsule pos="-24.15,16.5,-4.600000000000001" vel="0,0,0" mass="1" elasticityCoef="1" ang="90,0,0" color="0,220,0" radius="0.5" length="4" />
		<capsule pos="-24.15,16.5,-2.299999999999997" vel="0,0,0" mass="1" elasticityCoef="1" ang="90,0,0" color="0,220,0" radius="0.5" length="4" />
		<capsule pos="-24.15,16.5,0.0" vel="0,0,0" mass="1" elasticityCoef="1" ang="90,0,0" color="0,220,0" radius="0.5" length="4" />
		<capsule pos="-24.15,16.5,2.3000000000000043" vel="0,0,0" mass="1" elasticityCoef="1" ang="90,0,0" color="0,220,0" radius="0.5" length="4" />
		<capsule pos="-24.15,16.5,4.600000000000001" vel="0,0,0" mass="1" elasticityCoef="1" ang="90,0,0" color="0,220,0" radius="0.5" length="4" />
		<capsule pos="-24.15,16.5,6.899999999999999" vel="0,0,0" mass="1" elasticityCoef="1" ang="90,0,0" color="0,220,0" radius="0.5" length="4" />
		<capsule pos="-24.15,16.5,9.200000000000003" vel="0,0,0" mass="1" elasticityCoef="1" ang="90,0,0" color="0,220,0" radius="0.5" length="4" />
		<capsule pos="-24.15,16.5,11.5" vel="0,0,0" mass="1" elasticityCoef="1" ang="90,0,0" color="0,220,0" radius="0.5" length="4" />
		<capsule pos="-24.15,16.5,13.799999999999997" vel="0,0,0" mass="1" elasticityCoef="1" ang="90,0,0" color="0,220,0" radius="0.5" length="4" />
		<capsule pos="-24.15,16.5,16.1" vel="0,0,0" mass="1" elasticityCoef="1" ang="90,0,0" color="0,220,0" radius="0.5" length="4" />
		<capsule pos="-24.15,16.5,18.4" vel="0,0,0" mass="1" elasticityCoef="1" ang="90,0,0" color="0,220,0" radius="0.5" length="4" />
		<capsule pos="-24.15,16.5,20.699999999999996" vel="0,0,0" mass="1" elasticityCoef="1" ang="90,0,0" color="0,220,0" radius="0.5" length="4" />
		<capsule pos="-24.15,16.5,22.999999999999993" vel="0,0,0" mass="1" elasticityCoef="1" ang="90,0,0" color="0,220,0" radius="0.5" length="4" />
		<capsule pos="-24.15,16.5,25.300000000000004" vel="0,0,0" mass="1" elasticityCoef="1" ang="90,0,0" color="0,220,0" radius="0.5" length="4" />
		<capsule pos="-24.15,16.5,27.6" vel="0,0,0" mass="1" elasticityCoef="1" ang="90,0,0" color="0,220,0" radius="0.5" length="4" />
		<capsule pos="-24.15,16.5,29.9" vel="0,0,0" mass="1" elasticityCoef="1" ang="90,0,0" color="0,220,0" radius="0.5" length="4" />
		<capsule pos="-24.15,16.5,32.199999999999996" vel="0,0,0" mass="1" elasticityCoef="1" ang="90,0,0" color="0,220,0" radius="0.5" length="4" />
		<capsule pos="-24.15,16.5,34.49999999999999" vel="0,0,0" mass="1" elasticityCoef="1" ang="90,0,0" color="0,220,0" radius="0.5" length="4" />
		<capsule pos="-24.15,16.5,36.800000000000004" vel="0,0,0" mass="1" elasticityCoef="1" ang="90,0,0" color="0,220,0" radius="0.5" length="4" />
		<capsule pos="-24.15,16.5,39.1" vel="0,0,0" mass="1" elasticityCoef="1" ang="90,0,0" color="0,220,0" radius="0.5" length="4" />
		<capsule pos="-24.15,16.5,41.4" vel="0,0,0" mass="1" elasticityCoef="1" ang="90,0,0" color="0,220,0" radius="0.5" length="4" />
		<capsule pos="-24.15,22.0,-43.699999999999996" vel="0,0,0" mass="1" elasticityCoef="1" ang="90,0,0" color="0,220,0" radius="0.5" length="4" />
		<capsule pos="-24.15,22.0,-41.4" vel="0,0,0" mass="1" elasticityCoef="1" ang="90,0,0" color="0,220,0" radius="0.5" length="4" />
		<capsule pos="-24.15,22.0,-39.099999999999994" vel="0,0,0" mass="1" elasticityCoef="1" ang="90,0,0" color="0,220,0" radius="0.5" length="4" />
		<capsule pos="-24.15,22.0,-36.8" vel="0,0,0" mass="1" elasticityCoef="1" ang="90,0,0" color="0,220,0" radius="0.5" length="4" />
		<capsule pos="-24.15,22.0,-34.5" vel="0,0,0" mass="1" elasticityCoef="1" ang="90,0,0" color="0,220,0" radius="0.5" length="4" />
		<capsule pos="-24.15,22.0,-32.199999999999996" vel="0,0,0" mass="1" elasticityCoef="1" ang="90,0,0" color="0,220,0" radius="0.5" length="4" />
		<capsule pos="-24.15,22.0,-29.9" vel="0,0,0" mass="1" elasticityCoef="1" ang="90,0,0" color="0,220,0" radius="0.5" length="4" />
		<capsule pos="-24.15,22.0,-27.599999999999998" vel="0,0,0" mass="1" elasticityCoef="1" ang="90,0,0" color="0,220,0" radius="0.5" length="4" />
		<capsule pos="-24.15,22.0,-25.299999999999997" vel="0,0,0" mass="1" elasticityCoef="1" ang="90,0,0" color="0,220,0" radius="0.5" length="4" />
		<capsule pos="-24.15,22.0,-22.999999999999996" vel="0,0,0" mass="1" elasticityCoef="1" ang="90,0,0" color="0,220,0" radius="0.5" length="4" />
		<capsule pos="-24.15,22.0,-20.699999999999996" vel="0,0,0" mass="1" elasticityCoef="1" ang="90,0,0" color="0,220,0" radius="0.5" length="4" />
		<capsule pos="-24.15,22.0,-18.4" vel="0,0,0" mass="1" elasticityCoef="1" ang="90,0,0" color="0,220,0" radius="0.5" length="4" />
		<capsule pos="-24.15,22.0,-16.099999999999998" vel="0,0,0" mass="1" elasticityCoef="1" ang="90,0,0" color="0,220,0" radius="0.5" length="4" />
		<capsule pos="-24.15,22.0,-13.799999999999997" vel="0,0,0" mass="1" elasticityCoef="1" ang="90,0,0" color="0,220,0" radius="0.5" length="4" />
		<capsule pos="-24.15,22.0,-11.5" vel="0,0,0" mass="1" elasticityCoef="1" ang="90,0,0" color="0,220,0" radius="0.5" length="4" />
		<capsule pos="-24.15,22.0,-9.199999999999996" vel="0,0,0" mass="1" elasticityCoef="1" ang="90,0,0" color="0,220,0" radius="0.5" length="4" />
		<capsule pos="-24.15,22.0,-6.899999999999999" vel="0,0,0" mass="1" elasticityCoef="1" ang="90,0,0" color="0,220,0" radius="0.5" length="4" />
		<capsule pos="-24.15,22.0,-4.600000000000001" vel="0,0,0" mass="1" elasticityCoef="1" ang="90,0,0" color="0,220,0" radius="0.5" length="4" />
		<capsule pos="-24.15,22.0,-2.299999999999997" vel="0,0,0" mass="1" elasticityCoef="1" ang="90,0,0" color="0,220,0" radius="0.5" length="4" />
		<capsule pos="-24.15,22.0,0.0" vel="0,0,0" mass="1" elasticityCoef="1" ang="90,0,0" color="0,220,0" radius="0.5" length="4" />
		<capsule pos="-24.15,22.0,2.3000000000000043" vel="0,0,0" mass="1" elasticityCoef="1" ang="90,0,0" color="0,220,0" radius="0.5" length="4" />
		<capsule pos="-24.15,22.0,4.600000000000001" vel="0,0,0" mass="1" elasticityCoef="1" ang="90,0,0" color="0,220,0" radius="0.5" length="4" />
		<capsule pos="-24.15,22.0,6.899999999999999" vel="0,0,0" mass="1" elasticityCoef="1" ang="90,0,0" color="0,220,0" radius="0.5" length="4" />
		<capsule pos="-24.15,22.0,9.200000000000003" vel="0,0,0" mass="1" elasticityCoef="1" ang="90,0,0" color="0,220,0" radius="0.5" length="4" />
		<capsule pos="-24.15,22.0,11.5" vel="0,0,0" mass="1" elasticityCoef="1" ang="90,0,0" color="0,220,0" radius="0.5" length="4" />
		<capsule pos="-24.15,22.0,13.799999999999997" vel="0,0,0" mass="1" elasticityCoef="1" ang="90,0,0" color="0,220,0" radius="0.5" length="4" />
		<capsule pos="-24.15,22.0,16.1" vel="0,0,0" mass="1" elasticityCoef="1" ang="90,0,0" color="0,220,0" radius="0.5" length="4" />
		<capsule pos="-24.15,22.0,18.4" vel="0,0,0" mass="1" elasticityCoef="1" ang="90,0,0" color="0,220,0" radius="0.5" length="4" />
		<capsule pos="-24.15,22.0,20.699999999999996" vel="0,0,0" mass="1" elasticityCoef="1" ang="90,0,0" color="0,220,0" radius="0.5" length="4" />
		<capsule pos="-24.15,22.0,22.999999999999993" vel="0,0,0" mass="1" elasticityCoef="1" ang="90,0,0" color="0,220,0" radius="0.5" length="4" />
		<capsule pos="-24.15,22.0,25.300000000000004" vel="0,0,0" mass="1" elasticityCoef="1" ang="90,0,0" color="0,220,0" radius="0.5" length="4" />
		<capsule pos="-24.15,22.0,27.6" vel="0,0,0" mass="1" elasticityCoef="1" ang="90,0,0" color="0,220,0" radius="0.5" length="4" />
		<capsule pos="-24.15,22.0,29.9" vel="0,0,0" mass="1" elasticityCoef="1" ang="90,0,0" color="0,220,0" radius="0.5" length="4" />
		<capsule pos="-24.15,22.0,32.199999999999996" vel="0,0,0" mass="1" elasticityCoef="1" ang="90,0,0" color="0,220,0" radius="0.5" length="4" />
		<capsule pos="-24.15,22.0,34.49999999999999" vel="0,0,0" mass="1" elasticityCoef="1" ang="90,0,0" color="0,220,0" radius="0.5" length="4" />
		<capsule pos="-24.15,22.0,36.800000000000004" vel="0,0,0" mass="1" elasticityCoef="1" ang="90,0,0" color="0,220,0" radius="0.5" length="4" />
		<capsule pos="-24.15,22.0,39.1" vel="0,0,0" mass="1" elasticityCoef="1" ang="90,0,0" color="0,220,0" radius="0.5" length="4" />
		<capsule pos="-24.15,22.0,41.4" vel="0,0,0" mass="1" elasticityCoef="1" ang="90,0,0" color="0,220,0" radius="0.5" length="4" />
		<capsule pos="-24.15,27.5,-43.699999999999996" vel="0,0,0" mass="1" elasticityCoef="1" ang="90,0,0" color="0,220,0" radius="0.5" length="4" />
		<capsule pos="-24.15,27.5,-41.4" vel="0,0,0" mass="1" elasticityCoef="1" ang="90,0,0" color="0,220,0" radius="0.5" length="4" />
		<capsule pos="-24.15,27.5,-39.099999999999994" vel="0,0,0" mass="1" elasticityCoef="1" ang="90,0,0" color="0,220,0" radius="0.5" length="4" />
		<capsule pos="-24.15,27.5,-36.8" vel="0,0,0" mass="1" elasticityCoef="1" ang="90,0,0" color="0,220,0" radius="0.5" length="4" />
		<capsule pos="-24.15,27.5,-34.5" vel="0,0,0" mass="1" elasticityCoef="1" ang="90,0,0" color="0,220,0" radius="0.5" length="4" />
		<capsule pos="-24.15,27.5,-32.199999999999996" vel="0,0,0" mass="1" elasticityCoef="1" ang="90,0,0" color="0,220,0" radius="0.5" length="4" />
		<capsule pos="-24.15,27.5,-29.9" vel="0,0,0" mass="1" elasticityCoef="1" ang="90,0,0" color="0,220,0" radius="0.5" length="4" />
		<capsule pos="-24.15,27.5,-27.599999999999998" vel="0,0,0" mass="1" elasticityCoef="1" ang="90,0,0" color="0,220,0" radius="0.5" length="4" />
		<capsule pos="-24.15,27.5,-25.299999999999997" vel="0,0,0" mass="1" elasticityCoef="1" ang="90,0,0" color="0,220,0" radius="0.5" length="4" />
		<capsule pos="-24.15,27.5,-22.999999999999996" vel="0,0,0" mass="1" elasticityCoef="1" ang="90,0,0" color="0,220,0" radius="0.5" length="4" />
		<capsule pos="-24.15,27.5,-20.699999999999996" vel="0,0,0" mass="1" elasticityCoef="1" ang="90,0,0" color="0,220,0" radius="0.5" length="4" />
		<capsule pos="-24.15,27.5,-18.4" vel="0,0,0" mass="1" elasticityCoef="1" ang="90,0,0" color="0,220,0" radius="0.5" length="4" />
		<capsule pos="-24.15,27.5,-16.099999999999998" vel="0,0,0" mass="1" elasticityCoef="1" ang="90,0,0" color="0,220,0" radius="0.5" length="4" />
		<capsule pos="-24.15,27.5,-13.799999999999997" vel="0,0,0" mass="1" elasticityCoef="1" ang="90,0,0" color="0,220,0" radius="0.5" length="4" />
		<capsule pos="-24.15,27.5,-11.5" vel="0,0,0" mass="1" elasticityCoef="1" ang="90,0,0" color="0,220,0" radius="0.5" length="4" />
		<capsule pos="-24.15,27.5,-9.199999999999996" vel="0,0,0" mass="1" elasticityCoef="1" ang="90,0,0" color="0,220,0" radius="0.5" length="4" />
		<capsule pos="-24.15,27.5,-6.899999999999999" vel="0,0,0" mass="1" elasticityCoef="1" ang="90,0,0" color="0,220,0" radius="0.5" length="4" />
		<capsule pos="-24.15,27.5,-4.600000000000001" vel="0,0,0" mass="1" elasticityCoef="1" ang="90,0,0" color="0,220,0" radius="0.5" length="4" />
		<capsule pos="-24.15,27.5,-2.299999999999997" vel="0,0,0" mass="1" elasticityCoef="1" ang="90,0,0" color="0,220,0" radius="0.5" length="4" />
		<capsule pos="-24.15,27.5,0.0" vel="0,0,0" mass="1" elasticityCoef="1" ang="90,0,0" color="0,220,0" radius="0.5" length="4" />
		<capsule pos="-24.15,27.5,2.3000000000000043" vel="0,0,0" mass="1" elasticityCoef="1" ang="90,0,0" color="0,220,0" radius="0.5" length="4" />
		<capsule pos="-24.15,27.5,4.600000000000001" vel="0,0,0" mass="1" elasticityCoef="1" ang="90,0,0" color="0,220,0" radius="0.5" length="4" />
		<capsule pos="-24.15,27.5,6.899999999999999" vel="0,0,0" mass="1" elasticityCoef="1" ang="90,0,0" color="0,220,0" radius="0.5" length="4" />
		<capsule pos="-24.15,27.5,9.200000000000003" vel="0,0,0" mass="1" elasticityCoef="1" ang="90,0,0" color="0,220,0" radius="0.5" length="4" />
		<capsule pos="-24.15,27.5,11.5" vel="0,0,0" mass="1" elasticityCoef="1" ang="90,0,0" color="0,220,0" radius="0.5" length="4" />
		<capsule pos="-24.15,27.5,13.799999999999997" vel="0,0,0" mass="1" elasticityCoef="1" ang="90,0,0" color="0,220,0" radius="0.5" length="4" />
		<capsule pos="-24.15,27.5,16.1" vel="0,0,0" mass="1" elasticityCoef="1" ang="90,0,0" color="0,220,0" radius="0.5" length="4" />
		<capsule pos="-24.15,27.5,18.4" vel="0,0,0" mass="1" elasticityCoef="1" ang="90,0,0" color="0,220,0" radius="0.5" length="4" />
		<capsule pos="-24.15,27.5,20.699999999999996" vel="0,0,0" mass="1" elasticityCoef="1" ang="90,0,0" color="0,220,0" radius="0.5" length="4" />
		<capsule pos="-24.15,27.5,22.999999999999993" vel="0,0,0" mass="1" elasticityCoef="1" ang="90,0,0" color="0,220,0" radius="0.5" length="4" />
		<capsule pos="-24.15,27.5,25.300000000000004" vel="0,0,0" mass="1" elasticityCoef="1" ang="90,0,0" color="0,220,0" radius="0.5" length="4" />
		<capsule pos="-24.15,27.5,27.6" vel="0,0,0" mass="1" elasticityCoef="1" ang="90,0,0" color="0,220,0" radius="0.5" length="4" />
		<capsule pos="-24.15,27.5,29.9" vel="0,0,0" mass="1" elasticityCoef="1" ang="90,0,0" color="0,220,0" radius="0.5" length="4" />
		<capsule pos="-24.15,27.5,32.199999999999996" vel="0,0,0" mass="1" elasticityCoef="1" ang="90,0,0" color="0,220,0" radius="0.5" length="4" />
		<capsule pos="-24.15,27.5,34.49999999999999" vel="0,0,0" mass="1" elasticityCoef="1" ang="90,0,0" color="0,220,0" radius="0.5" length="4" />
		<capsule pos="-24.15,27.5,36.800000000000004" vel="0,0,0" mass="1" elasticityCoef="1" ang="90,0,0" color="0,220,0" radius="0.5" length="4" />
		<capsule pos="-24.15,27.5,39.1" vel="0,0,0" mass="1" elasticityCoef="1" ang="90,0,0" color="0,220,0" radius="0.5" length="4" />
		<capsule pos="-24.15,27.5,41.4" vel="0,0,0" mass="1" elasticityCoef="1" ang="90,0,0" color="0,220,0" radius="0.5" length="4" />
		<capsule pos="-24.15,33.0,-43.699999999999996" vel="0,0,0" mass="1" elasticityCoef="1" ang="90,0,0" color="0,220,0" radius="0.5" length="4" />
		<capsule pos="-24.15,33.0,-41.4" vel="0,0,0" mass="1" elasticityCoef="1" ang="90,0,0" color="0,220,0" radius="0.5" length="4" />
		<capsule pos="-24.15,33.0,-39.099999999999994" vel="0,0,0" mass="1" elasticityCoef="1" ang="90,0,0" color="0,220,0" radius="0.5" length="4" />
		<capsule pos="-24.15,33.0,-36.8" vel="0,0,0" mass="1" elasticityCoef="1" ang="90,0,0" color="0,220,0" radius="0.5" length="4" />
		<capsule pos="-24.15,33.0,-34.5" vel="0,0,0" mass="1" elasticityCoef="1" ang="90,0,0" color="0,220,0" radius="0.5" length="4" />
		<capsule pos="-24.15,33.0,-32.199999999999996" vel="0,0,0" mass="1" elasticityCoef="1" ang="90,0,0" color="0,220,0" radius="0.5" length="4" />
		<capsule pos="-24.15,33.0,-29.9" vel="0,0,0" mass="1" elasticityCoef="1" ang="90,0,0" color="0,220,0" radius="0.5" length="4" />
		<capsule pos="-24.15,33.0,-27.599999999999998" vel="0,0,0" mass="1" elasticityCoef="1" ang="90,0,0" color="0,220,0" radius="0.5" length="4" />
		<capsule pos="-24.15,33.0,-25.299999999999997" vel="0,0,0" mass="1" elasticityCoef="1" ang="90,0,0" color="0,220,0" radius="0.5" length="4" />
		<capsule pos="-24.15,33.0,-22.999999999999996" vel="0,0,0" mass="1" elasticityCoef="1" ang="90,0,0" color="0,220,0" radius="0.5" length="4" />
		<capsule pos="-24.15,33.0,-20.699999999999996" vel="0,0,0" mass="1" elasticityCoef="1" ang="90,0,0" color="0,220,0" radius="0.5" length="4" />
		<capsule pos="-24.15,33.0,-18.4" vel="0,0,0" mass="1" elasticityCoef="1" ang="90,0,0" color="0,220,0" radius="0.5" length="4" />
		<capsule pos="-24.15,33.0,-16.099999999999998" vel="0,0,0" mass="1" elasticityCoef="1" ang="90,0,0" color="0,220,0" radius="0.5" length="4" />
		<capsule pos="-24.15,33.0,-13.799999999999997" vel="0,0,0" mass="1" elasticityCoef="1" ang="90,0,0" color="0,220,0" radius="0.5" length="4" />
		<capsule pos="-24.15,33.0,-11.5" vel="0,0,0" mass="1" elasticityCoef="1" ang="90,0,0" color="0,220,0" radius="0.5" length="4" />
		<capsule pos="-24.15,33.0,-9.199999999999996" vel="0,0,0" mass="1" elasticityCoef="1" ang="90,0,0" color="0,220,0" radius="0.5" length="4" />
		<capsule pos="-24.15,33.0,-6.899999999999999" vel="0,0,0" mass="1" elasticityCoef="1" ang="90,0,0" color="0,220,0" radius="0.5" length="4" />
		<capsule pos="-24.15,33.0,-4.600000000000001" vel="0,0,0" mass="1" elasticityCoef="1" ang="90,0,0" color="0,220,0" radius="0.5" length="4" />
		<capsule pos="-24.15,33.0,-2.299999999999997" vel="0,0,0" mass="1" elasticityCoef="1" ang="90,0,0" color="0,220,0" radius="0.5" length="4" />
		<capsule pos="-24.15,33.0,0.0" vel="0,0,0" mass="1" elasticityCoef="1" ang="90,0,0" color="0,220,0" radius="0.5" length="4" />
		<capsule pos="-24.15,33.0,2.3000000000000043" vel="0,0,0" mass="1" elasticityCoef="1" ang="90,0,0" color="0,220,0" radius="0.5" length="4" />
		<capsule pos="-24.15,33.0,4.600000000000001" vel="0,0,0" mass="1" elasticityCoef="1" ang="90,0,0" color="0,220,0" radius="0.5" length="4" />
		<capsule pos="-24.15,33.0,6.899999999999999" vel="0,0,0" mass="1" elasticityCoef="1" ang="90,0,0" color="0,220,0" radius="0.5" length="4" />
		<capsule pos="-24.15,33.0,9.200000000000003" vel="0,0,0" mass="1" elasticityCoef="1" ang="90,0,0" color="0,220,0" radius="0.5" length="4" />
		<capsule pos="-24.15,33.0,11.5" vel="0,0,0" mass="1" elasticityCoef="1" ang="90,0,0" color="0,220,0" radius="0.5" length="4" />
		<capsule pos="-24.15,33.0,13.799999999999997" vel="0,0,0" mass="1" elasticityCoef="1" ang="90,0,0" color="0,220,0" radius="0.5" length="4" />
		<capsule pos="-24.15,33.0,16.1" vel="0,0,0" mass="1" elasticityCoef="1" ang="90,0,0" color="0,220,0" radius="0.5" length="4" />
		<capsule pos="-24.15,33.0,18.4" vel="0,0,0" mass="1" elasticityCoef="1" ang="90,0,0" color="0,220,0" radius="0.5" length="4" />
		<capsule pos="-24.15,33.0,20.699999999999996" vel="0,0,0" mass="1" elasticityCoef="1" ang="90,0,0" color="0,220,0" radius="0.5" length="4" />
		<capsule pos="-24.15,33.0,22.999999999999993" vel="0,0,0" mass="1" elasticityCoef="1" ang="90,0,0" color="0,220,0" radius="0.5" length="4" />
		<capsule pos="-24.15,33.0,25.300000000000004" vel="0,0,0" mass="1" elasticityCoef="1" ang="90,0,0" color="0,220,0" radius="0.5" length="4" />
		<capsule pos="-24.15,33.0,27.6" vel="0,0,0" mass="1" elasticityCoef="1" ang="90,0,0" color="0,220,0" radius="0.5" length="4" />
		<capsule pos="-24.15,33.0,29.9" vel="0,0,0" mass="1" elasticityCoef="1" ang="90,0,0" color="0,220,0" radius="0.5" length="4" />
		<capsule pos="-24.15,33.0,32.199999999999996" vel="0,0,0" mass="1" elasticityCoef="1" ang="90,0,0" color="0,220,0" radius="0.5" length="4" />
		<capsule pos="-24.15,33.0,34.49999999999999" vel="0,0,0" mass="1" elasticityCoef="1" ang="90,0,0" color="0,220,0" radius="0.5" length="4" />
		<capsule pos="-24.15,33.0,36.800000000000004" vel="0,0,0" mass="1" elasticityCoef="1" ang="90,0,0" color="0,220,0" radius="0.5" length="4" />
		<capsule pos="-24.15,33.0,39.1" vel="0,0,0" mass="1" elasticityCoef="1" ang="90,0,0" color="0,220,0" radius="0.5" length="4" />
		<capsule pos="-24.15,33.0,41.4" vel="0,0,0" mass="1" elasticityCoef="1" ang="90,0,0" color="0,220,0" radius="0.5" length="4" />
		<capsule pos="-24.15,38.5,-43.699999999999996" vel="0,0,0" mass="1" elasticityCoef="1" ang="90,0,0" color="0,220,0" radius="0.5" length="4" />
		<capsule pos="-24.15,38.5,-41.4" vel="0,0,0" mass="1" elasticityCoef="1" ang="90,0,0" color="0,220,0" radius="0.5" length="4" />
		<capsule pos="-24.15,38.5,-39.099999999999994" vel="0,0,0" mass="1" elasticityCoef="1" ang="90,0,0" color="0,220,0" radius="0.5" length="4" />
		<capsule pos="-24.15,38.5,-36.8" vel="0,0,0" mass="1" elasticityCoef="1" ang="90,0,0" color="0,220,0" radius="0.5" length="4" />
		<capsule pos="-24.15,38.5,-34.5" vel="0,0,0" mass="1" elasticityCoef="1" ang="90,0,0" color="0,220,0" radius="0.5" length="4" />
		<capsule pos="-24.15,38.5,-32.199999999999996" vel="0,0,0" mass="1" elasticityCoef="1" ang="90,0,0" color="0,220,0" radius="0.5" length="4" />
		<capsule pos="-24.15,38.5,-29.9" vel="0,0,0" mass="1" elasticityCoef="1" ang="90,0,0" color="0,220,0" radius="0.5" length="4" />
		<capsule pos="-24.15,38.5,-27.599999999999998" vel="0,0,0" mass="1" elasticityCoef="1" ang="90,0,0" color="0,220,0" radius="0.5" length="4" />
		<capsule pos="-24.15,38.5,-25.299999999999997" vel="0,0,0" mass="1" elasticityCoef="1" ang="90,0,0" color="0,220,0" radius="0.5" length="4" />
		<capsule pos="-24.15,38.5,-22.999999999999996" vel="0,0,0" mass="1" elasticityCoef="1" ang="90,0,0" color="0,220,0" radius="0.5" length="4" />
		<capsule pos="-24.15,38.5,-20.699999999999996" vel="0,0,0" mass="1" elasticityCoef="1" ang="90,0,0" color="0,220,0" radius="0.5" length="4" />
		<capsule pos="-24.15,38.5,-18.4" vel="0,0,0" mass="1" elasticityCoef="1" ang="90,0,0" color="0,220,0" radius="0.5" length="4" />
		<capsule pos="-24.15,38.5,-16.099999999999998" vel="0,0,0" mass="1" elasticityCoef="1" ang="90,0,0" color="0,220,0" radius="0.5" length="4" />
		<capsule pos="-24.15,38.5,-13.799999999999997" vel="0,0,0" mass="1" elasticityCoef="1" ang="90,0,0" color="0,220,0" radius="0.5" length="4" />
		<capsule pos="-24.15,38.5,-11.5" vel="0,0,0" mass="1" elasticityCoef="1" ang="90,0,0" color="0,220,0" radius="0.5" length="4" />
		<capsule pos="-24.15,38.5,-9.199999999999996" vel="0,0,0" mass="1" elasticityCoef="1" ang="90,0,0" color="0,220,0" radius="0.5" length="4" />
		<capsule pos="-24.15,38.5,-6.899999999999999" vel="0,0,0" mass="1" elasticityCoef="1" ang="90,0,0" color="0,220,0" radius="0.5" length="4" />
		<capsule pos="-24.15,38.5,-4.600000000000001" vel="0,0,0" mass="1" elasticityCoef="1" ang="90,0,0" color="0,220,0" radius="0.5" length="4" />
		<capsule pos="-24.15,38.5,-2.299999999999997" vel="0,0,0" mass="1" elasticityCoef="1" ang="90,0,0" color="0,220,0" radius="0.5" length="4" />
		<capsule pos="-24.15,38.5,0.0" vel="0,0,0" mass="1" elasticityCoef="1" ang="90,0,0" color="0,220,0" radius="0.5" length="4" />
		<capsule pos="-24.15,38.5,2.3000000000000043" vel="0,0,0" mass="1" elasticityCoef="1" ang="90,0,0" color="0,220,0" radius="0.5" length="4" />
		<capsule pos="-24.15,38.5,4.600000000000001" vel="0,0,0" mass="1" elasticityCoef="1" ang="90,0,0" color="0,220,0" radius="0.5" length="4" />
		<capsule pos="-24.15,38.5,6.899999999999999" vel="0,0,0" mass="1" elasticityCoef="1" ang="90,0,0" color="0,220,0" radius="0.5" length="4" />
		<capsule pos="-24.15,38.5,9.200000000000003" vel="0,0,0" mass="1" elasticityCoef="1" ang="90,0,0" color="0,220,0" radius="0.5" length="4" />
		<capsule pos="-24.15,38.5,11.5" vel="0,0,0" mass="1" elasticityCoef="1" ang="90,0,0" color="0,220,0" radius="0.5" length="4" />
		<capsule pos="-24.15,38.5,13.799999999999997" vel="0,0,0" mass="1" elasticityCoef="1" ang="90,0,0" color="0,220,0" radius="0.5" length="4" />
		<capsule pos="-24.15,38.5,16.1" vel="0,0,0" mass="1" elasticityCoef="1" ang="90,0,0" color="0,220,0" radius="0.5" length="4" />
		<capsule pos="-24.15,38.5,18.4" vel="0,0,0" mass="1" elasticityCoef="1" ang="90,0,0" color="0,220,0" radius="0.5" length="4" />
		<capsule pos="-24.15,38.5,20.699999999999996" vel="0,0,0" mass="1" elasticityCoef="1" ang="90,0,0" color="0,220,0" radius="0.5" length="4" />
		<capsule pos="-24.15,38.5,22.999999999999993" vel="0,0,0" mass="1" elasticityCoef="1" ang="90,0,0" color="0,220,0" radius="0.5" length="4" />
		<capsule pos="-24.15,38.5,25.300000000000004" vel="0,0,0" mass="1" elasticityCoef="1" ang="90,0,0" color="0,220,0" radius="0.5" length="4" />
		<capsule pos="-24.15,38.5,27.6" vel="0,0,0" mass="1" elasticityCoef="1" ang="90,0,0" color="0,220,0" radius="0.5" length="4" />
		<capsule pos="-24.15,38.5,29.9" vel="0,0,0" mass="1" elasticityCoef="1" ang="90,0,0" color="0,220,0" radius="0.5" length="4" />
		<capsule pos="-24.15,38.5,32.199999999999996" vel="0,0,0" mass="1" elasticityCoef="1" ang="90,0,0" color="0,220,0" radius="0.5" length="4" />
		<capsule pos="-24.15,38.5,34.49999999999999" vel="0,0,0" mass="1" elasticityCoef="1" ang="90,0,0" color="0,220,0" radius="0.5" length="4" />
		<capsule pos="-24.15,38.5,36.800000000000004" vel="0,0,0" mass="1" elasticityCoef="1" ang="90,0,0" color="0,220,0" radius="0.5" length="4" />
		<capsule pos="-24.15,38.5,39.1" vel="0,0,0" mass="1" elasticityCoef="1" ang="90,0,0" color="0,220,0" radius="0.5" length="4" />
		<capsule pos="-24.15,38.5,41.4" vel="0,0,0" mass="1" elasticityCoef="1" ang="90,0,0" color="0,220,0" radius="0.5" length="4" />
		<capsule pos="-24.15,44.0,-43.699999999999996" vel="0,0,0" mass="1" elasticityCoef="1" ang="90,0,0" color="0,220,0" radius="0.5" length="4" />
		<capsule pos="-24.15,44.0,-41.4" vel="0,0,0" mass="1" elasticityCoef="1" ang="90,0,0" color="0,220,0" radius="0.5" length="4" />
		<capsule pos="-24.15,44.0,-39.099999999999994" vel="0,0,0" mass="1" elasticityCoef="1" ang="90,0,0" color="0,220,0" radius="0.5" length="4" />
		<capsule pos="-24.15,44.0,-36.8" vel="0,0,0" mass="1" elasticityCoef="1" ang="90,0,0" color="0,220,0" radius="0.5" length="4" />
		<capsule pos="-24.15,44.0,-34.5" vel="0,0,0" mass="1" elasticityCoef="1" ang="90,0,0" color="0,220,0" radius="0.5" length="4" />
		<capsule pos="-24.15,44.0,-32.199999999999996" vel="0,0,0" mass="1" elasticityCoef="1" ang="90,0,0" color="0,220,0" radius="0.5" length="4" />
		<capsule pos="-24.15,44.0,-29.9" vel="0,0,0" mass="1" elasticityCoef="1" ang="90,0,0" color="0,220,0" radius="0.5" length="4" />
		<capsule pos="-24.15,44.0,-27.599999999999998" vel="0,0,0" mass="1" elasticityCoef="1" ang="90,0,0" color="0,220,0" radius="0.5" length="4" />
		<capsule pos="-24.15,44.0,-25.299999999999997" vel="0,0,0" mass="1" elasticityCoef="1" ang="90,0,0" color="0,220,0" radius="0.5" length="4" />
		<capsule pos="-24.15,44.0,-22.999999999999996" vel="0,0,0" mass="1" elasticityCoef="1" ang="90,0,0" color="0,220,0" radius="0.5" length="4" />
		<capsule pos="-24.15,44.0,-20.699999999999996" vel="0,0,0" mass="1" elasticityCoef="1" ang="90,0,0" color="0,220,0" radius="0.5" length="4" />
		<capsule pos="-24.15,44.0,-18.4" vel="0,0,0" mass="1" elasticityCoef="1" ang="90,0,0" color="0,220,0" radius="0.5" length="4" />
		<capsule pos="-24.15,44.0,-16.099999999999998" vel="0,0,0" mass="1" elasticityCoef="1" ang="90,0,0" color="0,220,0" radius="0.5" length="4" />
		<capsule pos="-24.15,44.0,-13.799999999999997" vel="0,0,0" mass="1" elasticityCoef="1" ang="90,0,0" color="0,220,0" radius="0.5" length="4" />
		<capsule pos="-24.15,44.0,-11.5" vel="0,0,0" mass="1" elasticityCoef="1" ang="90,0,0" color="0,220,0" radius="0.5" length="4" />
		<capsule pos="-24.15,44.0,-9.199999999999996" vel="0,0,0" mass="1" elasticityCoef="1" ang="90,0,0" color="0,220,0" radius="0.5" length="4" />
		<capsule pos="-24.15,44.0,-6.899999999999999" vel="0,0,0" mass="1" elasticityCoef="1" ang="90,0,0" color="0,220,0" radius="0.5" length="4" />
		<capsule pos="-24.15,44.0,-4.600000000000001" vel="0,0,0" mass="1" elasticityCoef="1" ang="90,0,0" color="0,220,0" radius="0.5" length="4" />
		<capsule pos="-24.15,44.0,-2.299999999999997" vel="0,0,0" mass="1" elasticityCoef="1" ang="90,0,0" color="0,220,0" radius="0.5" length="4" />
		<capsule pos="-24.15,44.0,0.0" vel="0,0,0" mass="1" elasticityCoef="1" ang="90,0,0" color="0,220,0" radius="0.5" length="4" />
		<capsule pos="-24.15,44.0,2.3000000000000043" vel="0,0,0" mass="1" elasticityCoef="1" ang="90,0,0" color="0,220,0" radius="0.5" length="4" />
		<capsule pos="-24.15,44.0,4.600000000000001" vel="0,0,0" mass="1" elasticityCoef="1" ang="90,0,0" color="0,220,0" radius="0.5" length="4" />
		<capsule pos="-24.15,44.0,6.899999999999999" vel="0,0,0" mass="1" elasticityCoef="1" ang="90,0,0" color="0,220,0" radius="0.5" length="4" />
		<capsule pos="-24.15,44.0,9.200000000000003" vel="0,0,0" mass="1" elasticityCoef="1" ang="90,0,0" color="0,220,0" radius="0.5" length="4" />
		<capsule pos="-24.15,44.0,11.5" vel="0,0,0" mass="1" elasticityCoef="1" ang="90,0,0" color="0,220,0" radius="0.5" length="4" />
		<capsule pos="-24.15,44.0,13.799999999999997" vel="0,0,0" mass="1" elasticityCoef="1" ang="90,0,0" color="0,220,0" radius="0.5" length="4" />
		<capsule pos="-24.15,44.0,16.1" vel="0,0,0" mass="1" elasticityCoef="1" ang="90,0,0" color="0,220,0" radius="0.5" length="4" />
		<capsule pos="-24.15,44.0,18.4" vel="0,0,0" mass="1" elasticityCoef="1" ang="90,0,0" color="0,220,0" radius="0.5" length="4" />
		<capsule pos="-24.15,44.0,20.699999999999996" vel="0,0,0" mass="1" elasticityCoef="1" ang="90,0,0" color="0,220,0" radius="0.5" length="4" />
		<capsule pos="-24.15,44.0,22.999999999999993" vel="0,0,0" mass="1" elasticityCoef="1" ang="90,0,0" color="0,220,0" radius="0.5" length="4" />
		<capsule pos="-24.15,44.0,25.300000000000004" vel="0,0,0" mass="1" elasticityCoef="1" ang="90,0,0" color="0,220,0" radius="0.5" length="4" />
		<capsule pos="-24.15,44.0,27.6" vel="0,0,0" mass="1" elasticityCoef="1" ang="90,0,0" color="0,220,0" radius="0.5" length="4" />
		<capsule pos="-24.15,44.0,29.9" vel="0,0,0" mass="1" elasticityCoef="1" ang="90,0,0" color="0,220,0" radius="0.5" length="4" />
		<capsule pos="-24.15,44.0,32.199999999999996" vel="0,0,0" mass="1" elasticityCoef="1" ang="90,0,0" color="0,220,0" radius="0.5" length="4" />
		<capsule pos="-24.15,44.0,34.49999999999999" vel="0,0,0" mass="1" elasticityCoef="1" ang="90,0,0" color="0,220,0" radius="0.5" length="4" />
		<capsule pos="-24.15,44.0,36.800000000000004" vel="0,0,0" mass="1" elasticityCoef="1" ang="90,0,0" color="0,220,0" radius="0.5" length="4" />
		<capsule pos="-24.15,44.0,39.1" vel="0,0,0" mass="1" elasticityCoef="1" ang="90,0,0" color="0,220,0" radius="0.5" length="4" />
		<capsule pos="-24.15,44.0,41.4" vel="0,0,0" mass="1" elasticityCoef="1" ang="90,0,0" color="0,220,0" radius="0.5" length="4" />
		<capsule pos="-21.849999999999998,-49.5,-43.699999999999996" vel="0,0,0" mass="1" elasticityCoef="1" ang="90,0,0" color="0,220,0" radius="0.5" length="4" />
		<capsule pos="-21.849999999999998,-49.5,-41.4" vel="0,0,0" mass="1" elasticityCoef="1" ang="90,0,0" color="0,220,0" radius="0.5" length="4" />
		<capsule pos="-21.849999999999998,-49.5,-39.099999999999994" vel="0,0,0" mass="1" elasticityCoef="1" ang="90,0,0" color="0,220,0" radius="0.5" length="4" />
		<capsule pos="-21.849999999999998,-49.5,-36.8" vel="0,0,0" mass="1" elasticityCoef="1" ang="90,0,0" color="0,220,0" radius="0.5" length="4" />
		<capsule pos="-21.849999999999998,-49.5,-34.5" vel="0,0,0" mass="1" elasticityCoef="1" ang="90,0,0" color="0,220,0" radius="0.5" length="4" />
		<capsule pos="-21.849999999999998,-49.5,-32.199999999999996" vel="0,0,0" mass="1" elasticityCoef="1" ang="90,0,0" color="0,220,0" radius="0.5" length="4" />
		<capsule pos="-21.849999999999998,-49.5,-29.9" vel="0,0,0" mass="1" elasticityCoef="1" ang="90,0,0" color="0,220,0" radius="0.5" length="4" />
		<capsule pos="-21.849999999999998,-49.5,-27.599999999999998" vel="0,0,0" mass="1" elasticityCoef="1" ang="90,0,0" color="0,220,0" radius="0.5" length="4" />
		<capsule pos="-21.849999999999998,-49.5,-25.299999999999997" vel="0,0,0" mass="1" elasticityCoef="1" ang="90,0,0" color="0,220,0" radius="0.5" length="4" />
		<capsule pos="-21.849999999999998,-49.5,-22.999999999999996" vel="0,0,0" mass="1" elasticityCoef="1" ang="90,0,0" color="0,220,0" radius="0.5" length="4" />
		<capsule pos="-21.849999999999998,-49.5,-20.699999999999996" vel="0,0,0" mass="1" elasticityCoef="1" ang="90,0,0" color="0,220,0" radius="0.5" length="4" />
		<capsule pos="-21.849999999999998,-49.5,-18.4" vel="0,0,0" mass="1" elasticityCoef="1" ang="90,0,0" color="0,220,0" radius="0.5" length="4" />
		<capsule pos="-21.849999999999998,-49.5,-16.099999999999998" vel="0,0,0" mass="1" elasticityCoef="1" ang="90,0,0" color="0,220,0" radius="0.5" length="4" />
		<capsule pos="-21.849999999999998,-49.5,-13.799999999999997" vel="0,0,0" mass="1" elasticityCoef="1" ang="90,0,0" color="0,220,0" radius="0.5" length="4" />
		<capsule pos="-21.849999999999998,-49.5,-11.5" vel="0,0,0" mass="1" elasticityCoef="1" ang="90,0,0" color="0,220,0" radius="0.5" length="4" />
		<capsule pos="-21.849999999999998,-49.5,-9.199999999999996" vel="0,0,0" mass="1" elasticityCoef="1" ang="90,0,0" color="0,220,0" radius="0.5" length="4" />
		<capsule pos="-21.849999999999998,-49.5,-6.899999999999999" vel="0,0,0" mass="1" elasticityCoef="1" ang="90,0,0" color="0,220,0" radius="0.5" length="4" />
		<capsule pos="-21.849999999999998,-49.5,-4.600000000000001" vel="0,0,0" mass="1" elasticityCoef="1" ang="90,0,0" color="0,220,0" radius="0.5" length="4" />
		<capsule pos="-21.849999999999998,-49.5,-2.299999999999997" vel="0,0,0" mass="1" elasticityCoef="1" ang="90,0,0" color="0,220,0" radius="0.5" length="4" />
		<capsule pos="-21.849999999999998,-49.5,0.0" vel="0,0,0" mass="1" elasticityCoef="1" ang="90,0,0" color="0,220,0" radius="0.5" length="4" />
		<capsule pos="-21.849999999999998,-49.5,2.3000000000000043" vel="0,0,0" mass="1" elasticityCoef="1" ang="90,0,0" color="0,220,0" radius="0.5" length="4" />
		<capsule pos="-21.849999999999998,-49.5,4.600000000000001" vel="0,0,0" mass="1" elasticityCoef="1" ang="90,0,0" color="0,220,0" radius="0.5" length="4" />
		<capsule pos="-21.849999999999998,-49.5,6.899999999999999" vel="0,0,0" mass="1" elasticityCoef="1" ang="90,0,0" color="0,220,0" radius="0.5" length="4" />
		<capsule pos="-21.849999999999998,-49.5,9.200000000000003" vel="0,0,0" mass="1" elasticityCoef="1" ang="90,0,0" color="0,220,0" radius="0.5" length="4" />
		<capsule pos="-21.849999999999998,-49.5,11.5" vel="0,0,0" mass="1" elasticityCoef="1" ang="90,0,0" color="0,220,0" radius="0.5" length="4" />
		<capsule pos="-21.849999999999998,-49.5,13.799999999999997" vel="0,0,0" mass="1" elasticityCoef="1" ang="90,0,0" color="0,220,0" radius="0.5" length="4" />
		<capsule pos="-21.849999999999998,-49.5,16.1" vel="0,0,0" mass="1" elasticityCoef="1" ang="90,0,0" color="0,220,0" radius="0.5" length="4" />
		<capsule pos="-21.849999999999998,-49.5,18.4" vel="0,0,0" mass="1" elasticityCoef="1" ang="90,0,0" color="0,220,0" radius="0.5" length="4" />
		<capsule pos="-21.849999999999998,-49.5,20.699999999999996" vel="0,0,0" mass="1" elasticityCoef="1" ang="90,0,0" color="0,220,0" radius="0.5" length="4" />
		<capsule pos="-21.849999999999998,-49.5,22.999999999999993" vel="0,0,0" mass="1" elasticityCoef="1" ang="90,0,0" color="0,220,0" radius="0.5" length="4" />
		<capsule pos="-21.849999999999998,-49.5,25.300000000000004" vel="0,0,0" mass="1" elasticityCoef="1" ang="90,0,0" color="0,220,0" radius="0.5" length="4" />
		<capsule pos="-21.849999999999998,-49.5,27.6" vel="0,0,0" mass="1" elasticityCoef="1" ang="90,0,0" color="0,220,0" radius="0.5" length="4" />
		<capsule pos="-21.849999999999998,-49.5,29.9" vel="0,0,0" mass="1" elasticityCoef="1" ang="90,0,0" color="0,220,0" radius="0.5" length="4" />
		<capsule pos="-21.849999999999998,-49.5,32.199999999999996" vel="0,0,0" mass="1" elasticityCoef="1" ang="90,0,0" color="0,220,0" radius="0.5" length="4" />
		<capsule pos="-21.849999999999998,-49.5,34.49999999999999" vel="0,0,0" mass="1" elasticityCoef="1" ang="90,0,0" color="0,220,0" radius="0.5" length="4" />
		<capsule pos="-21.849999999999998,-49.5,36.800000000000004" vel="0,0,0" mass="1" elasticityCoef="1" ang="90,0,0" color="0,220,0" radius="0.5" length="4" />
		<capsule pos="-21.849999999999998,-49.5,39.1" vel="0,0,0" mass="1" elasticityCoef="1" ang="90,0,0" color="0,220,0" radius="0.5" length="4" />
		<capsule pos="-21.849999999999998,-49.5,41.4" vel="0,0,0" mass="1" elasticityCoef="1" ang="90,0,0" color="0,220,0" radius="0.5" length="4" />
		<capsule pos="-21.849999999999998,-44.0,-43.699999999999996" vel="0,0,0" mass="1" elasticityCoef="1" ang="90,0,0" color="0,220,0" radius="0.5" length="4" />
		<capsule pos="-21.849999999999998,-44.0,-41.4" vel="0,0,0" mass="1" elasticityCoef="1" ang="90,0,0" color="0,220,0" radius="0.5" length="4" />
		<capsule pos="-21.849999999999998,-44.0,-39.099999999999994" vel="0,0,0" mass="1" elasticityCoef="1" ang="90,0,0" color="0,220,0" radius="0.5" length="4" />
		<capsule pos="-21.849999999999998,-44.0,-36.8" vel="0,0,0" mass="1" elasticityCoef="1" ang="90,0,0" color="0,220,0" radius="0.5" length="4" />
		<capsule pos="-21.849999999999998,-44.0,-34.5" vel="0,0,0" mass="1" elasticityCoef="1" ang="90,0,0" color="0,220,0" radius="0.5" length="4" />
		<capsule pos="-21.849999999999998,-44.0,-32.199999999999996" vel="0,0,0" mass="1" elasticityCoef="1" ang="90,0,0" color="0,220,0" radius="0.5" length="4" />
		<capsule pos="-21.849999999999998,-44.0,-29.9" vel="0,0,0" mass="1" elasticityCoef="1" ang="90,0,0" color="0,220,0" radius="0.5" length="4" />
		<capsule pos="-21.849999999999998,-44.0,-27.599999999999998" vel="0,0,0" mass="1" elasticityCoef="1" ang="90,0,0" color="0,220,0" radius="0.5" length="4" />
		<capsule pos="-21.849999999999998,-44.0,-25.299999999999997" vel="0,0,0" mass="1" elasticityCoef="1" ang="90,0,0" color="0,220,0" radius="0.5" length="4" />
		<capsule pos="-21.849999999999998,-44.0,-22.999999999999996" vel="0,0,0" mass="1" elasticityCoef="1" ang="90,0,0" color="0,220,0" radius="0.5" length="4" />
		<capsule pos="-21.849999999999998,-44.0,-20.699999999999996" vel="0,0,0" mass="1" elasticityCoef="1" ang="90,0,0" color="0,220,0" radius="0.5" length="4" />
		<capsule pos="-21.849999999999998,-44.0,-18.4" vel="0,0,0" mass="1" elasticityCoef="1" ang="90,0,0" color="0,220,0" radius="0.5" length="4" />
		<capsule pos="-21.849999999999998,-44.0,-16.099999999999998" vel="0,0,0" mass="1" elasticityCoef="1" ang="90,0,0" color="0,220,0" radius="0.5" length="4" />
		<capsule pos="-21.849999999999998,-44.0,-13.799999999999997" vel="0,0,0" mass="1" elasticityCoef="1" ang="90,0,0" color="0,220,0" radius="0.5" length="4" />
		<capsule pos="-21.849999999999998,-44.0,-11.5" vel="0,0,0" mass="1" elasticityCoef="1" ang="90,0,0" color="0,220,0" radius="0.5" length="4" />
		<capsule pos="-21.849999999999998,-44.0,-9.199999999999996" vel="0,0,0" mass="1" elasticityCoef="1" ang="90,0,0" color="0,220,0" radius="0.5" length="4" />
		<capsule pos="-21.849999999999998,-44.0,-6.899999999999999" vel="0,0,0" mass="1" elasticityCoef="1" ang="90,0,0" color="0,220,0" radius="0.5" length="4" />
		<capsule pos="-21.849999999999998,-44.0,-4.600000000000001" vel="0,0,0" mass="1" elasticityCoef="1" ang="90,0,0" color="0,220,0" radius="0.5" length="4" />
		<capsule pos="-21.849999999999998,-44.0,-2.299999999999997" vel="0,0,0" mass="1" elasticityCoef="1" ang="90,0,0" color="0,220,0" radius="0.5" length="4" />
		<capsule pos="-21.849999999999998,-44.0,0.0" vel="0,0,0" mass="1" elasticityCoef="1" ang="90,0,0" color="0,220,0" radius="0.5" length="4" />
		<capsule pos="-21.849999999999998,-44.0,2.3000000000000043" vel="0,0,0" mass="1" elasticityCoef="1" ang="90,0,0" color="0,220,0" radius="0.5" length="4" />
		<capsule pos="-21.849999999999998,-44.0,4.600000000000001" vel="0,0,0" mass="1" elasticityCoef="1" ang="90,0,0" color="0,220,0" radius="0.5" length="4" />
		<capsule pos="-21.849999999999998,-44.0,6.899999999999999" vel="0,0,0" mass="1" elasticityCoef="1" ang="90,0,0" color="0,220,0" radius="0.5" length="4" />
		<capsule pos="-21.849999999999998,-44.0,9.200000000000003" vel="0,0,0" mass="1" elasticityCoef="1" ang="90,0,0" color="0,220,0" radius="0.5" length="4" />
		<capsule pos="-21.849999999999998,-44.0,11.5" vel="0,0,0" mass="1" elasticityCoef="1" ang="90,0,0" color="0,220,0" radius="0.5" length="4" />
		<capsule pos="-21.849999999999998,-44.0,13.799999999999997" vel="0,0,0" mass="1" elasticityCoef="1" ang="90,0,0" color="0,220,0" radius="0.5" length="4" />
		<capsule pos="-21.849999999999998,-44.0,16.1" vel="0,0,0" mass="1" elasticityCoef="1" ang="90,0,0" color="0,220,0" radius="0.5" length="4" />
		<capsule pos="-21.849999999999998,-44.0,18.4" vel="0,0,0" mass="1" elasticityCoef="1" ang="90,0,0" color="0,220,0" radius="0.5" length="4" />
		<capsule pos="-21.849999999999998,-44.0,20.699999999999996" vel="0,0,0" mass="1" elasticityCoef="1" ang="90,0,0" color="0,220,0" radius="0.5" length="4" />
		<capsule pos="-21.849999999999998,-44.0,22.999999999999993" vel="0,0,0" mass="1" elasticityCoef="1" ang="90,0,0" color="0,220,0" radius="0.5" length="4" />
		<capsule pos="-21.849999999999998,-44.0,25.300000000000004" vel="0,0,0" mass="1" elasticityCoef="1" ang="90,0,0" color="0,220,0" radius="0.5" length="4" />
		<capsule pos="-21.849999999999998,-44.0,27.6" vel="0,0,0" mass="1" elasticityCoef="1" ang="90,0,0" color="0,220,0" radius="0.5" length="4" />
		<capsule pos="-21.849999999999998,-44.0,29.9" vel="0,0,0" mass="1" elasticityCoef="1" ang="90,0,0" color="0,220,0" radius="0.5" length="4" />
		<capsule pos="-21.849999999999998,-44.0,32.199999999999996" vel="0,0,0" mass="1" elasticityCoef="1" ang="90,0,0" color="0,220,0" radius="0.5" length="4" />
		<capsule pos="-21.849999999999998,-44.0,34.49999999999999" vel="0,0,0" mass="1" elasticityCoef="1" ang="90,0,0" color="0,220,0" radius="0.5" length="4" />
		<capsule pos="-21.849999999999998,-44.0,36.800000000000004" vel="0,0,0" mass="1" elasticityCoef="1" ang="90,0,0" color="0,220,0" radius="0.5" length="4" />
		<capsule pos="-21.849999999999998,-44.0,39.1" vel="0,0,0" mass="1" elasticityCoef="1" ang="90,0,0" color="0,220,0" radius="0.5" length="4" />
		<capsule pos="-21.849999999999998,-44.0,41.4" vel="0,0,0" mass="1" elasticityCoef="1" ang="90,0,0" color="0,220,0" radius="0.5" length="4" />
		<capsule pos="-21.849999999999998,-38.5,-43.699999999999996" vel="0,0,0" mass="1" elasticityCoef="1" ang="90,0,0" color="0,220,0" radius="0.5" length="4" />
		<capsule pos="-21.849999999999998,-38.5,-41.4" vel="0,0,0" mass="1" elasticityCoef="1" ang="90,0,0" color="0,220,0" radius="0.5" length="4" />
		<capsule pos="-21.849999999999998,-38.5,-39.099999999999994" vel="0,0,0" mass="1" elasticityCoef="1" ang="90,0,0" color="0,220,0" radius="0.5" length="4" />
		<capsule pos="-21.849999999999998,-38.5,-36.8" vel="0,0,0" mass="1" elasticityCoef="1" ang="90,0,0" color="0,220,0" radius="0.5" length="4" />
		<capsule pos="-21.849999999999998,-38.5,-34.5" vel="0,0,0" mass="1" elasticityCoef="1" ang="90,0,0" color="0,220,0" radius="0.5" length="4" />
		<capsule pos="-21.849999999999998,-38.5,-32.199999999999996" vel="0,0,0" mass="1" elasticityCoef="1" ang="90,0,0" color="0,220,0" radius="0.5" length="4" />
		<capsule pos="-21.849999999999998,-38.5,-29.9" vel="0,0,0" mass="1" elasticityCoef="1" ang="90,0,0" color="0,220,0" radius="0.5" length="4" />
		<capsule pos="-21.849999999999998,-38.5,-27.599999999999998" vel="0,0,0" mass="1" elasticityCoef="1" ang="90,0,0" color="0,220,0" radius="0.5" length="4" />
		<capsule pos="-21.849999999999998,-38.5,-25.299999999999997" vel="0,0,0" mass="1" elasticityCoef="1" ang="90,0,0" color="0,220,0" radius="0.5" length="4" />
		<capsule pos="-21.849999999999998,-38.5,-22.999999999999996" vel="0,0,0" mass="1" elasticityCoef="1" ang="90,0,0" color="0,220,0" radius="0.5" length="4" />
		<capsule pos="-21.849999999999998,-38.5,-20.699999999999996" vel="0,0,0" mass="1" elasticityCoef="1" ang="90,0,0" color="0,220,0" radius="0.5" length="4" />
		<capsule pos="-21.849999999999998,-38.5,-18.4" vel="0,0,0" mass="1" elasticityCoef="1" ang="90,0,0" color="0,220,0" radius="0.5" length="4" />
		<capsule pos="-21.849999999999998,-38.5,-16.099999999999998" vel="0,0,0" mass="1" elasticityCoef="1" ang="90,0,0" color="0,220,0" radius="0.5" length="4" />
		<capsule pos="-21.849999999999998,-38.5,-13.799999999999997" vel="0,0,0" mass="1" elasticityCoef="1" ang="90,0,0" color="0,220,0" radius="0.5" length="4" />
		<capsule pos="-21.849999999999998,-38.5,-11.5" vel="0,0,0" mass="1" elasticityCoef="1" ang="90,0,0" color="0,220,0" radius="0.5" length="4" />
		<capsule pos="-21.849999999999998,-38.5,-9.199999999999996" vel="0,0,0" mass="1" elasticityCoef="1" ang="90,0,0" color="0,220,0" radius="0.5" length="4" />
		<capsule pos="-21.849999999999998,-38.5,-6.899999999999999" vel="0,0,0" mass="1" elasticityCoef="1" ang="90,0,0" color="0,220,0" radius="0.5" length="4" />
		<capsule pos="-21.849999999999998,-38.5,-4.600000000000001" vel="0,0,0" mass="1" elasticityCoef="1" ang="90,0,0" color="0,220,0" radius="0.5" length="4" />
		<capsule pos="-21.849999999999998,-38.5,-2.299999999999997" vel="0,0,0" mass="1" elasticityCoef="1" ang="90,0,0" color="0,220,0" radius="0.5" length="4" />
		<capsule pos="-21.849999999999998,-38.5,0.0" vel="0,0,0" mass="1" elasticityCoef="1" ang="90,0,0" color="0,220,0" radius="0.5" length="4" />
		<capsule pos="-21.849999999999998,-38.5,2.3000000000000043" vel="0,0,0" mass="1" elasticityCoef="1" ang="90,0,0" color="0,220,0" radius="0.5" length="4" />
		<capsule pos="-21.849999999999998,-38.5,4.600000000000001" vel="0,0,0" mass="1" elasticityCoef="1" ang="90,0,0" color="0,220,0" radius="0.5" length="4" />
		<capsule pos="-21.849999999999998,-38.5,6.899999999999999" vel="0,0,0" mass="1" elasticityCoef="1" ang="90,0,0" color="0,220,0" radius="0.5" length="4" />
		<capsule pos="-21.849999999999998,-38.5,9.200000000000003" vel="0,0,0" mass="1" elasticityCoef="1" ang="90,0,0" color="0,220,0" radius="0.5" length="4" />
		<capsule pos="-21.849999999999998,-38.5,11.5" vel="0,0,0" mass="1" elasticityCoef="1" ang="90,0,0" color="0,220,0" radius="0.5" length="4" />
		<capsule pos="-21.849999999999998,-38.5,13.799999999999997" vel="0,0,0" mass="1" elasticityCoef="1" ang="90,0,0" color="0,220,0" radius="0.5" length="4" />
		<capsule pos="-21.849999999999998,-38.5,16.1" vel="0,0,0" mass="1" elasticityCoef="1" ang="90,0,0" color="0,220,0" radius="0.5" length="4" />
		<capsule pos="-21.849999999999998,-38.5,18.4" vel="0,0,0" mass="1" elasticityCoef="1" ang="90,0,0" color="0,220,0" radius="0.5" length="4" />
		<capsule pos="-21.849999999999998,-38.5,20.699999999999996" vel="0,0,0" mass="1" elasticityCoef="1" ang="90,0,0" color="0,220,0" radius="0.5" length="4" />
		<capsule pos="-21.849999999999998,-38.5,22.999999999999993" vel="0,0,0" mass="1" elasticityCoef="1" ang="90,0,0" color="0,220,0" radius="0.5" length="4" />
		<capsule pos="-21.849999999999998,-38.5,25.300000000000004" vel="0,0,0" mass="1" elasticityCoef="1" ang="90,0,0" color="0,220,0" radius="0.5" length="4" />
		<capsule pos="-21.849999999999998,-38.5,27.6" vel="0,0,0" mass="1" elasticityCoef="1" ang="90,0,0" color="0,220,0" radius="0.5" length="4" />
		<capsule pos="-21.849999999999998,-38.5,29.9" vel="0,0,0" mass="1" elasticityCoef="1" ang="90,0,0" color="0,220,0" radius="0.5" length="4" />
		<capsule pos="-21.849999999999998,-38.5,32.199999999999996" vel="0,0,0" mass="1" elasticityCoef="1" ang="90,0,0" color="0,220,0" radius="0.5" length="4" />
		<capsule pos="-21.849999999999998,-38.5,34.49999999999999" vel="0,0,0" mass="1" elasticityCoef="1" ang="90,0,0" color="0,220,0" radius="0.5" length="4" />
		<capsule pos="-21.849999999999998,-38.5,36.800000000000004" vel="0,0,0" mass="1" elasticityCoef="1" ang="90,0,0" color="0,220,0" radius="0.5" length="4" />
		<capsule pos="-21.849999999999998,-38.5,39.1" vel="0,0,0" mass="1" elasticityCoef="1" ang="90,0,0" color="0,220,0" radius="0.5" length="4" />
		<capsule pos="-21.849999999999998,-38.5,41.4" vel="0,0,0" mass="1" elasticityCoef="1" ang="90,0,0" color="0,220,0" radius="0.5" length="4" />
		<capsule pos="-21.849999999999998,-33.0,-43.699999999999996" vel="0,0,0" mass="1" elasticityCoef="1" ang="90,0,0" color="0,220,0" radius="0.5" length="4" />
		<capsule pos="-21.849999999999998,-33.0,-41.4" vel="0,0,0" mass="1" elasticityCoef="1" ang="90,0,0" color="0,220,0" radius="0.5" length="4" />
		<capsule pos="-21.849999999999998,-33.0,-39.099999999999994" vel="0,0,0" mass="1" elasticityCoef="1" ang="90,0,0" color="0,220,0" radius="0.5" length="4" />
		<capsule pos="-21.849999999999998,-33.0,-36.8" vel="0,0,0" mass="1" elasticityCoef="1" ang="90,0,0" color="0,220,0" radius="0.5" length="4" />
		<capsule pos="-21.849999999999998,-33.0,-34.5" vel="0,0,0" mass="1" elasticityCoef="1" ang="90,0,0" color="0,220,0" radius="0.5" length="4" />
		<capsule pos="-21.849999999999998,-33.0,-32.199999999999996" vel="0,0,0" mass="1" elasticityCoef="1" ang="90,0,0" color="0,220,0" radius="0.5" length="4" />
		<capsule pos="-21.849999999999998,-33.0,-29.9" vel="0,0,0" mass="1" elasticityCoef="1" ang="90,0,0" color="0,220,0" radius="0.5" length="4" />
		<capsule pos="-21.849999999999998,-33.0,-27.599999999999998" vel="0,0,0" mass="1" elasticityCoef="1" ang="90,0,0" color="0,220,0" radius="0.5" length="4" />
		<capsule pos="-21.849999999999998,-33.0,-25.299999999999997" vel="0,0,0" mass="1" elasticityCoef="1" ang="90,0,0" color="0,220,0" radius="0.5" length="4" />
		<capsule pos="-21.849999999999998,-33.0,-22.999999999999996" vel="0,0,0" mass="1" elasticityCoef="1" ang="90,0,0" color="0,220,0" radius="0.5" length="4" />
		<capsule pos="-21.849999999999998,-33.0,-20.699999999999996" vel="0,0,0" mass="1" elasticityCoef="1" ang="90,0,0" color="0,220,0" radius="0.5" length="4" />
		<capsule pos="-21.849999999999998,-33.0,-18.4" vel="0,0,0" mass="1" elasticityCoef="1" ang="90,0,0" color="0,220,0" radius="0.5" length="4" />
		<capsule pos="-21.849999999999998,-33.0,-16.099999999999998" vel="0,0,0" mass="1" elasticityCoef="1" ang="90,0,0" color="0,220,0" radius="0.5" length="4" />
		<capsule pos="-21.849999999999998,-33.0,-13.799999999999997" vel="0,0,0" mass="1" elasticityCoef="1" ang="90,0,0" color="0,220,0" radius="0.5" length="4" />
		<capsule pos="-21.849999999999998,-33.0,-11.5" vel="0,0,0" mass="1" elasticityCoef="1" ang="90,0,0" color="0,220,0" radius="0.5" length="4" />
		<capsule pos="-21.849999999999998,-33.0,-9.199999999999996" vel="0,0,0" mass="1" elasticityCoef="1" ang="90,0,0" color="0,220,0" radius="0.5" length="4" />
		<capsule pos="-21.849999999999998,-33.0,-6.899999999999999" vel="0,0,0" mass="1" elasticityCoef="1" ang="90,0,0" color="0,220,0" radius="0.5" length="4" />
		<capsule pos="-21.849999999999998,-33.0,-4.600000000000001" vel="0,0,0" mass="1" elasticityCoef="1" ang="90,0,0" color="0,220,0" radius="0.5" length="4" />
		<capsule pos="-21.849999999999998,-33.0,-2.299999999999997" vel="0,0,0" mass="1" elasticityCoef="1" ang="90,0,0" color="0,220,0" radius="0.5" length="4" />
		<capsule pos="-21.849999999999998,-33.0,0.0" vel="0,0,0" mass="1" elasticityCoef="1" ang="90,0,0" color="0,220,0" radius="0.5" length="4" />
		<capsule pos="-21.849999999999998,-33.0,2.3000000000000043" vel="0,0,0" mass="1" elasticityCoef="1" ang="90,0,0" color="0,220,0" radius="0.5" length="4" />
		<capsule pos="-21.849999999999998,-33.0,4.600000000000001" vel="0,0,0" mass="1" elasticityCoef="1" ang="90,0,0" color="0,220,0" radius="0.5" length="4" />
		<capsule pos="-21.849999999999998,-33.0,6.899999999999999" vel="0,0,0" mass="1" elasticityCoef="1" ang="90,0,0" color="0,220,0" radius="0.5" length="4" />
		<capsule pos="-21.849999999999998,-33.0,9.200000000000003" vel="0,0,0" mass="1" elasticityCoef="1" ang="90,0,0" color="0,220,0" radius="0.5" length="4" />
		<capsule pos="-21.849999999999998,-33.0,11.5" vel="0,0,0" mass="1" elasticityCoef="1" ang="90,0,0" color="0,220,0" radius="0.5" length="4" />
		<capsule pos="-21.849999999999998,-33.0,13.799999999999997" vel="0,0,0" mass="1" elasticityCoef="1" ang="90,0,0" color="0,220,0" radius="0.5" length="4" />
		<capsule pos="-21.849999999999998,-33.0,16.1" vel="0,0,0" mass="1" elasticityCoef="1" ang="90,0,0" color="0,220,0" radius="0.5" length="4" />
		<capsule pos="-21.849999999999998,-33.0,18.4" vel="0,0,0" mass="1" elasticityCoef="1" ang="90,0,0" color="0,220,0" radius="0.5" length="4" />
		<capsule pos="-21.849999999999998,-33.0,20.699999999999996" vel="0,0,0" mass="1" elasticityCoef="1" ang="90,0,0" color="0,220,0" radius="0.5" length="4" />
		<capsule pos="-21.849999999999998,-33.0,22.999999999999993" vel="0,0,0" mass="1" elasticityCoef="1" ang="90,0,0" color="0,220,0" radius="0.5" length="4" />
		<capsule pos="-21.849999999999998,-33.0,25.300000000000004" vel="0,0,0" mass="1" elasticityCoef="1" ang="90,0,0" color="0,220,0" radius="0.5" length="4" />
		<capsule pos="-21.849999999999998,-33.0,27.6" vel="0,0,0" mass="1" elasticityCoef="1" ang="90,0,0" color="0,220,0" radius="0.5" length="4" />
		<capsule pos="-21.849999999999998,-33.0,29.9" vel="0,0,0" mass="1" elasticityCoef="1" ang="90,0,0" color="0,220,0" radius="0.5" length="4" />
		<capsule pos="-21.849999999999998,-33.0,32.199999999999996" vel="0,0,0" mass="1" elasticityCoef="1" ang="90,0,0" color="0,220,0" radius="0.5" length="4" />
		<capsule pos="-21.849999999999998,-33.0,34.49999999999999" vel="0,0,0" mass="1" elasticityCoef="1" ang="90,0,0" color="0,220,0" radius="0.5" length="4" />
		<capsule pos="-21.849999999999998,-33.0,36.800000000000004" vel="0,0,0" mass="1" elasticityCoef="1" ang="90,0,0" color="0,220,0" radius="0.5" length="4" />
		<capsule pos="-21.849999999999998,-33.0,39.1" vel="0,0,0" mass="1" elasticityCoef="1" ang="90,0,0" color="0,220,0" radius="0.5" length="4" />
		<capsule pos="-21.849999999999998,-33.0,41.4" vel="0,0,0" mass="1" elasticityCoef="1" ang="90,0,0" color="0,220,0" radius="0.5" length="4" />
		<capsule pos="-21.849999999999998,-27.5,-43.699999999999996" vel="0,0,0" mass="1" elasticityCoef="1" ang="90,0,0" color="0,220,0" radius="0.5" length="4" />
		<capsule pos="-21.849999999999998,-27.5,-41.4" vel="0,0,0" mass="1" elasticityCoef="1" ang="90,0,0" color="0,220,0" radius="0.5" length="4" />
		<capsule pos="-21.849999999999998,-27.5,-39.099999999999994" vel="0,0,0" mass="1" elasticityCoef="1" ang="90,0,0" color="0,220,0" radius="0.5" length="4" />
		<capsule pos="-21.849999999999998,-27.5,-36.8" vel="0,0,0" mass="1" elasticityCoef="1" ang="90,0,0" color="0,220,0" radius="0.5" length="4" />
		<capsule pos="-21.849999999999998,-27.5,-34.5" vel="0,0,0" mass="1" elasticityCoef="1" ang="90,0,0" color="0,220,0" radius="0.5" length="4" />
		<capsule pos="-21.849999999999998,-27.5,-32.199999999999996" vel="0,0,0" mass="1" elasticityCoef="1" ang="90,0,0" color="0,220,0" radius="0.5" length="4" />
		<capsule pos="-21.849999999999998,-27.5,-29.9" vel="0,0,0" mass="1" elasticityCoef="1" ang="90,0,0" color="0,220,0" radius="0.5" length="4" />
		<capsule pos="-21.849999999999998,-27.5,-27.599999999999998" vel="0,0,0" mass="1" elasticityCoef="1" ang="90,0,0" color="0,220,0" radius="0.5" length="4" />
		<capsule pos="-21.849999999999998,-27.5,-25.299999999999997" vel="0,0,0" mass="1" elasticityCoef="1" ang="90,0,0" color="0,220,0" radius="0.5" length="4" />
		<capsule pos="-21.849999999999998,-27.5,-22.999999999999996" vel="0,0,0" mass="1" elasticityCoef="1" ang="90,0,0" color="0,220,0" radius="0.5" length="4" />
		<capsule pos="-21.849999999999998,-27.5,-20.699999999999996" vel="0,0,0" mass="1" elasticityCoef="1" ang="90,0,0" color="0,220,0" radius="0.5" length="4" />
		<capsule pos="-21.849999999999998,-27.5,-18.4" vel="0,0,0" mass="1" elasticityCoef="1" ang="90,0,0" color="0,220,0" radius="0.5" length="4" />
		<capsule pos="-21.849999999999998,-27.5,-16.099999999999998" vel="0,0,0" mass="1" elasticityCoef="1" ang="90,0,0" color="0,220,0" radius="0.5" length="4" />
		<capsule pos="-21.849999999999998,-27.5,-13.799999999999997" vel="0,0,0" mass="1" elasticityCoef="1" ang="90,0,0" color="0,220,0" radius="0.5" length="4" />
		<capsule pos="-21.849999999999998,-27.5,-11.5" vel="0,0,0" mass="1" elasticityCoef="1" ang="90,0,0" color="0,220,0" radius="0.5" length="4" />
		<capsule pos="-21.849999999999998,-27.5,-9.199999999999996" vel="0,0,0" mass="1" elasticityCoef="1" ang="90,0,0" color="0,220,0" radius="0.5" length="4" />
		<capsule pos="-21.849999999999998,-27.5,-6.899999999999999" vel="0,0,0" mass="1" elasticityCoef="1" ang="90,0,0" color="0,220,0" radius="0.5" length="4" />
		<capsule pos="-21.849999999999998,-27.5,-4.600000000000001" vel="0,0,0" mass="1" elasticityCoef="1" ang="90,0,0" color="0,220,0" radius="0.5" length="4" />
		<capsule pos="-21.849999999999998,-27.5,-2.299999999999997" vel="0,0,0" mass="1" elasticityCoef="1" ang="90,0,0" color="0,220,0" radius="0.5" length="4" />
		<capsule pos="-21.849999999999998,-27.5,0.0" vel="0,0,0" mass="1" elasticityCoef="1" ang="90,0,0" color="0,220,0" radius="0.5" length="4" />
		<capsule pos="-21.849999999999998,-27.5,2.3000000000000043" vel="0,0,0" mass="1" elasticityCoef="1" ang="90,0,0" color="0,220,0" radius="0.5" length="4" />
		<capsule pos="-21.849999999999998,-27.5,4.600000000000001" vel="0,0,0" mass="1" elasticityCoef="1" ang="90,0,0" color="0,220,0" radius="0.5" length="4" />
		<capsule pos="-21.849999999999998,-27.5,6.899999999999999" vel="0,0,0" mass="1" elasticityCoef="1" ang="90,0,0" color="0,220,0" radius="0.5" length="4" />
		<capsule pos="-21.849999999999998,-27.5,9.200000000000003" vel="0,0,0" mass="1" elasticityCoef="1" ang="90,0,0" color="0,220,0" radius="0.5" length="4" />
		<capsule pos="-21.849999999999998,-27.5,11.5" vel="0,0,0" mass="1" elasticityCoef="1" ang="90,0,0" color="0,220,0" radius="0.5" length="4" />
		<capsule pos="-21.849999999999998,-27.5,13.799999999999997" vel="0,0,0" mass="1" elasticityCoef="1" ang="90,0,0" color="0,220,0" radius="0.5" length="4" />
		<capsule pos="-21.849999999999998,-27.5,16.1" vel="0,0,0" mass="1" elasticityCoef="1" ang="90,0,0" color="0,220,0" radius="0.5" length="4" />
		<capsule pos="-21.849999999999998,-27.5,18.4" vel="0,0,0" mass="1" elasticityCoef="1" ang="90,0,0" color="0,220,0" radius="0.5" length="4" />
		<capsule pos="-21.849999999999998,-27.5,20.699999999999996" vel="0,0,0" mass="1" elasticityCoef="1" ang="90,0,0" color="0,220,0" radius="0.5" length="4" />
		<capsule pos="-21.849999999999998,-27.5,22.999999999999993" vel="0,0,0" mass="1" elasticityCoef="1" ang="90,0,0" color="0,220,0" radius="0.5" length="4" />
		<capsule pos="-21.849999999999998,-27.5,25.300000000000004" vel="0,0,0" mass="1" elasticityCoef="1" ang="90,0,0" color="0,220,0" radius="0.5" length="4" />
		<capsule pos="-21.849999999999998,-27.5,27.6" vel="0,0,0" mass="1" elasticityCoef="1" ang="90,0,0" color="0,220,0" radius="0.5" length="4" />
		<capsule pos="-21.849999999999998,-27.5,29.9" vel="0,0,0" mass="1" elasticityCoef="1" ang="90,0,0" color="0,220,0" radius="0.5" length="4" />
		<capsule pos="-21.849999999999998,-27.5,32.199999999999996" vel="0,0,0" mass="1" elasticityCoef="1" ang="90,0,0" color="0,220,0" radius="0.5" length="4" />
		<capsule pos="-21.849999999999998,-27.5,34.49999999999999" vel="0,0,0" mass="1" elasticityCoef="1" ang="90,0,0" color="0,220,0" radius="0.5" length="4" />
		<capsule pos="-21.849999999999998,-27.5,36.800000000000004" vel="0,0,0" mass="1" elasticityCoef="1" ang="90,0,0" color="0,220,0" radius="0.5" length="4" />
		<capsule pos="-21.849999999999998,-27.5,39.1" vel="0,0,0" mass="1" elasticityCoef="1" ang="90,0,0" color="0,220,0" radius="0.5" length="4" />
		<capsule pos="-21.849999999999998,-27.5,41.4" vel="0,0,0" mass="1" elasticityCoef="1" ang="90,0,0" color="0,220,0" radius="0.5" length="4" />
		<capsule pos="-21.849999999999998,-22.0,-43.699999999999996" vel="0,0,0" mass="1" elasticityCoef="1" ang="90,0,0" color="0,220,0" radius="0.5" length="4" />
		<capsule pos="-21.849999999999998,-22.0,-41.4" vel="0,0,0" mass="1" elasticityCoef="1" ang="90,0,0" color="0,220,0" radius="0.5" length="4" />
		<capsule pos="-21.849999999999998,-22.0,-39.099999999999994" vel="0,0,0" mass="1" elasticityCoef="1" ang="90,0,0" color="0,220,0" radius="0.5" length="4" />
		<capsule pos="-21.849999999999998,-22.0,-36.8" vel="0,0,0" mass="1" elasticityCoef="1" ang="90,0,0" color="0,220,0" radius="0.5" length="4" />
		<capsule pos="-21.849999999999998,-22.0,-34.5" vel="0,0,0" mass="1" elasticityCoef="1" ang="90,0,0" color="0,220,0" radius="0.5" length="4" />
		<capsule pos="-21.849999999999998,-22.0,-32.199999999999996" vel="0,0,0" mass="1" elasticityCoef="1" ang="90,0,0" color="0,220,0" radius="0.5" length="4" />
		<capsule pos="-21.849999999999998,-22.0,-29.9" vel="0,0,0" mass="1" elasticityCoef="1" ang="90,0,0" color="0,220,0" radius="0.5" length="4" />
		<capsule pos="-21.849999999999998,-22.0,-27.599999999999998" vel="0,0,0" mass="1" elasticityCoef="1" ang="90,0,0" color="0,220,0" radius="0.5" length="4" />
		<capsule pos="-21.849999999999998,-22.0,-25.299999999999997" vel="0,0,0" mass="1" elasticityCoef="1" ang="90,0,0" color="0,220,0" radius="0.5" length="4" />
		<capsule pos="-21.849999999999998,-22.0,-22.999999999999996" vel="0,0,0" mass="1" elasticityCoef="1" ang="90,0,0" color="0,220,0" radius="0.5" length="4" />
		<capsule pos="-21.849999999999998,-22.0,-20.699999999999996" vel="0,0,0" mass="1" elasticityCoef="1" ang="90,0,0" color="0,220,0" radius="0.5" length="4" />
		<capsule pos="-21.849999999999998,-22.0,-18.4" vel="0,0,0" mass="1" elasticityCoef="1" ang="90,0,0" color="0,220,0" radius="0.5" length="4" />
		<capsule pos="-21.849999999999998,-22.0,-16.099999999999998" vel="0,0,0" mass="1" elasticityCoef="1" ang="90,0,0" color="0,220,0" radius="0.5" length="4" />
		<capsule pos="-21.849999999999998,-22.0,-13.799999999999997" vel="0,0,0" mass="1" elasticityCoef="1" ang="90,0,0" color="0,220,0" radius="0.5" length="4" />
		<capsule pos="-21.849999999999998,-22.0,-11.5" vel="0,0,0" mass="1" elasticityCoef="1" ang="90,0,0" color="0,220,0" radius="0.5" length="4" />
		<capsule pos="-21.849999999999998,-22.0,-9.199999999999996" vel="0,0,0" mass="1" elasticityCoef="1" ang="90,0,0" color="0,220,0" radius="0.5" length="4" />
		<capsule pos="-21.849999999999998,-22.0,-6.899999999999999" vel="0,0,0" mass="1" elasticityCoef="1" ang="90,0,0" color="0,220,0" radius="0.5" length="4" />
		<capsule pos="-21.849999999999998,-22.0,-4.600000000000001" vel="0,0,0" mass="1" elasticityCoef="1" ang="90,0,0" color="0,220,0" radius="0.5" length="4" />
		<capsule pos="-21.849999999999998,-22.0,-2.299999999999997" vel="0,0,0" mass="1" elasticityCoef="1" ang="90,0,0" color="0,220,0" radius="0.5" length="4" />
		<capsule pos="-21.849999999999998,-22.0,0.0" vel="0,0,0" mass="1" elasticityCoef="1" ang="90,0,0" color="0,220,0" radius="0.5" length="4" />
		<capsule pos="-21.849999999999998,-22.0,2.3000000000000043" vel="0,0,0" mass="1" elasticityCoef="1" ang="90,0,0" color="0,220,0" radius="0.5" length="4" />
		<capsule pos="-21.849999999999998,-22.0,4.600000000000001" vel="0,0,0" mass="1" elasticityCoef="1" ang="90,0,0" color="0,220,0" radius="0.5" length="4" />
		<capsule pos="-21.849999999999998,-22.0,6.899999999999999" vel="0,0,0" mass="1" elasticityCoef="1" ang="90,0,0" color="0,220,0" radius="0.5" length="4" />
		<capsule pos="-21.849999999999998,-22.0,9.200000000000003" vel="0,0,0" mass="1" elasticityCoef="1" ang="90,0,0" color="0,220,0" radius="0.5" length="4" />
		<capsule pos="-21.849999999999998,-22.0,11.5" vel="0,0,0" mass="1" elasticityCoef="1" ang="90,0,0" color="0,220,0" radius="0.5" length="4" />
		<capsule pos="-21.849999999999998,-22.0,13.799999999999997" vel="0,0,0" mass="1" elasticityCoef="1" ang="90,0,0" color="0,220,0" radius="0.5" length="4" />
		<capsule pos="-21.849999999999998,-22.0,16.1" vel="0,0,0" mass="1" elasticityCoef="1" ang="90,0,0" color="0,220,0" radius="0.5" length="4" />
		<capsule pos="-21.849999999999998,-22.0,18.4" vel="0,0,0" mass="1" elasticityCoef="1" ang="90,0,0" color="0,220,0" radius="0.5" length="4" />
		<capsule pos="-21.849999999999998,-22.0,20.699999999999996" vel="0,0,0" mass="1" elasticityCoef="1" ang="90,0,0" color="0,220,0" radius="0.5" length="4" />
		<capsule pos="-21.849999999999998,-22.0,22.999999999999993" vel="0,0,0" mass="1" elasticityCoef="1" ang="90,0,0" color="0,220,0" radius="0.5" length="4" />
		<capsule pos="-21.849999999999998,-22.0,25.300000000000004" vel="0,0,0" mass="1" elasticityCoef="1" ang="90,0,0" color="0,220,0" radius="0.5" length="4" />
		<capsule pos="-21.849999999999998,-22.0,27.6" vel="0,0,0" mass="1" elasticityCoef="1" ang="90,0,0" color="0,220,0" radius="0.5" length="4" />
		<capsule pos="-21.849999999999998,-22.0,29.9" vel="0,0,0" mass="1" elasticityCoef="1" ang="90,0,0" color="0,220,0" radius="0.5" length="4" />
		<capsule pos="-21.849999999999998,-22.0,32.199999999999996" vel="0,0,0" mass="1" elasticityCoef="1" ang="90,0,0" color="0,220,0" radius="0.5" length="4" />
		<capsule pos="-21.849999999999998,-22.0,34.49999999999999" vel="0,0,0" mass="1" elasticityCoef="1" ang="90,0,0" color="0,220,0" radius="0.5" length="4" />
		<capsule pos="-21.849999999999998,-22.0,36.800000000000004" vel="0,0,0" mass="1" elasticityCoef="1" ang="90,0,0" color="0,220,0" radius="0.5" length="4" />
		<capsule pos="-21.849999999999998,-22.0,39.1" vel="0,0,0" mass="1" elasticityCoef="1" ang="90,0,0" color="0,220,0" radius="0.5" length="4" />
		<capsule pos="-21.849999999999998,-22.0,41.4" vel="0,0,0" mass="1" elasticityCoef="1" ang="90,0,0" color="0,220,0" radius="0.5" length="4" />
		<capsule pos="-21.849999999999998,-16.5,-43.699999999999996" vel="0,0,0" mass="1" elasticityCoef="1" ang="90,0,0" color="0,220,0" radius="0.5" length="4" />
		<capsule pos="-21.849999999999998,-16.5,-41.4" vel="0,0,0" mass="1" elasticityCoef="1" ang="90,0,0" color="0,220,0" radius="0.5" length="4" />
		<capsule pos="-21.849999999999998,-16.5,-39.099999999999994" vel="0,0,0" mass="1" elasticityCoef="1" ang="90,0,0" color="0,220,0" radius="0.5" length="4" />
		<capsule pos="-21.849999999999998,-16.5,-36.8" vel="0,0,0" mass="1" elasticityCoef="1" ang="90,0,0" color="0,220,0" radius="0.5" length="4" />
		<capsule pos="-21.849999999999998,-16.5,-34.5" vel="0,0,0" mass="1" elasticityCoef="1" ang="90,0,0" color="0,220,0" radius="0.5" length="4" />
		<capsule pos="-21.849999999999998,-16.5,-32.199999999999996" vel="0,0,0" mass="1" elasticityCoef="1" ang="90,0,0" color="0,220,0" radius="0.5" length="4" />
		<capsule pos="-21.849999999999998,-16.5,-29.9" vel="0,0,0" mass="1" elasticityCoef="1" ang="90,0,0" color="0,220,0" radius="0.5" length="4" />
		<capsule pos="-21.849999999999998,-16.5,-27.599999999999998" vel="0,0,0" mass="1" elasticityCoef="1" ang="90,0,0" color="0,220,0" radius="0.5" length="4" />
		<capsule pos="-21.849999999999998,-16.5,-25.299999999999997" vel="0,0,0" mass="1" elasticityCoef="1" ang="90,0,0" color="0,220,0" radius="0.5" length="4" />
		<capsule pos="-21.849999999999998,-16.5,-22.999999999999996" vel="0,0,0" mass="1" elasticityCoef="1" ang="90,0,0" color="0,220,0" radius="0.5" length="4" />
		<capsule pos="-21.849999999999998,-16.5,-20.699999999999996" vel="0,0,0" mass="1" elasticityCoef="1" ang="90,0,0" color="0,220,0" radius="0.5" length="4" />
		<capsule pos="-21.849999999999998,-16.5,-18.4" vel="0,0,0" mass="1" elasticityCoef="1" ang="90,0,0" color="0,220,0" radius="0.5" length="4" />
		<capsule pos="-21.849999999999998,-16.5,-16.099999999999998" vel="0,0,0" mass="1" elasticityCoef="1" ang="90,0,0" color="0,220,0" radius="0.5" length="4" />
		<capsule pos="-21.849999999999998,-16.5,-13.799999999999997" vel="0,0,0" mass="1" elasticityCoef="1" ang="90,0,0" color="0,220,0" radius="0.5" length="4" />
		<capsule pos="-21.849999999999998,-16.5,-11.5" vel="0,0,0" mass="1" elasticityCoef="1" ang="90,0,0" color="0,220,0" radius="0.5" length="4" />
		<capsule pos="-21.849999999999998,-16.5,-9.199999999999996" vel="0,0,0" mass="1" elasticityCoef="1" ang="90,0,0" color="0,220,0" radius="0.5" length="4" />
		<capsule pos="-21.849999999999998,-16.5,-6.899999999999999" vel="0,0,0" mass="1" elasticityCoef="1" ang="90,0,0" color="0,220,0" radius="0.5" length="4" />
		<capsule pos="-21.849999999999998,-16.5,-4.600000000000001" vel="0,0,0" mass="1" elasticityCoef="1" ang="90,0,0" color="0,220,0" radius="0.5" length="4" />
		<capsule pos="-21.849999999999998,-16.5,-2.299999999999997" vel="0,0,0" mass="1" elasticityCoef="1" ang="90,0,0" color="0,220,0" radius="0.5" length="4" />
		<capsule pos="-21.849999999999998,-16.5,0.0" vel="0,0,0" mass="1" elasticityCoef="1" ang="90,0,0" color="0,220,0" radius="0.5" length="4" />
		<capsule pos="-21.849999999999998,-16.5,2.3000000000000043" vel="0,0,0" mass="1" elasticityCoef="1" ang="90,0,0" color="0,220,0" radius="0.5" length="4" />
		<capsule pos="-21.849999999999998,-16.5,4.600000000000001" vel="0,0,0" mass="1" elasticityCoef="1" ang="90,0,0" color="0,220,0" radius="0.5" length="4" />
		<capsule pos="-21.849999999999998,-16.5,6.899999999999999" vel="0,0,0" mass="1" elasticityCoef="1" ang="90,0,0" color="0,220,0" radius="0.5" length="4" />
		<capsule pos="-21.849999999999998,-16.5,9.200000000000003" vel="0,0,0" mass="1" elasticityCoef="1" ang="90,0,0" color="0,220,0" radius="0.5" length="4" />
		<capsule pos="-21.849999999999998,-16.5,11.5" vel="0,0,0" mass="1" elasticityCoef="1" ang="90,0,0" color="0,220,0" radius="0.5" length="4" />
		<capsule pos="-21.849999999999998,-16.5,13.799999999999997" vel="0,0,0" mass="1" elasticityCoef="1" ang="90,0,0" color="0,220,0" radius="0.5" length="4" />
		<capsule pos="-21.849999999999998,-16.5,16.1" vel="0,0,0" mass="1" elasticityCoef="1" ang="90,0,0" color="0,220,0" radius="0.5" length="4" />
		<capsule pos="-21.849999999999998,-16.5,18.4" vel="0,0,0" mass="1" elasticityCoef="1" ang="90,0,0" color="0,220,0" radius="0.5" length="4" />
		<capsule pos="-21.849999999999998,-16.5,20.699999999999996" vel="0,0,0" mass="1" elasticityCoef="1" ang="90,0,0" color="0,220,0" radius="0.5" length="4" />
		<capsule pos="-21.849999999999998,-16.5,22.999999999999993" vel="0,0,0" mass="1" elasticityCoef="1" ang="90,0,0" color="0,220,0" radius="0.5" length="4" />
		<capsule pos="-21.849999999999998,-16.5,25.300000000000004" vel="0,0,0" mass="1" elasticityCoef="1" ang="90,0,0" color="0,220,0" radius="0.5" length="4" />
		<capsule pos="-21.849999999999998,-16.5,27.6" vel="0,0,0" mass="1" elasticityCoef="1" ang="90,0,0" color="0,220,0" radius="0.5" length="4" />
		<capsule pos="-21.849999999999998,-16.5,29.9" vel="0,0,0" mass="1" elasticityCoef="1" ang="90,0,0" color="0,220,0" radius="0.5" length="4" />
		<capsule pos="-21.849999999999998,-16.5,32.199999999999996" vel="0,0,0" mass="1" elasticityCoef="1" ang="90,0,0" color="0,220,0" radius="0.5" length="4" />
		<capsule pos="-21.849999999999998,-16.5,34.49999999999999" vel="0,0,0" mass="1" elasticityCoef="1" ang="90,0,0" color="0,220,0" radius="0.5" length="4" />
		<capsule pos="-21.849999999999998,-16.5,36.800000000000004" vel="0,0,0" mass="1" elasticityCoef="1" ang="90,0,0" color="0,220,0" radius="0.5" length="4" />
		<capsule pos="-21.849999999999998,-16.5,39.1" vel="0,0,0" mass="1" elasticityCoef="1" ang="90,0,0" color="0,220,0" radius="0.5" length="4" />
		<capsule pos="-21.849999999999998,-16.5,41.4" vel="0,0,0" mass="1" elasticityCoef="1" ang="90,0,0" color="0,220,0" radius="0.5" length="4" />
		<capsule pos="-21.849999999999998,-11.0,-43.699999999999996" vel="0,0,0" mass="1" elasticityCoef="1" ang="90,0,0" color="0,220,0" radius="0.5" length="4" />
		<capsule pos="-21.849999999999998,-11.0,-41.4" vel="0,0,0" mass="1" elasticityCoef="1" ang="90,0,0" color="0,220,0" radius="0.5" length="4" />
		<capsule pos="-21.849999999999998,-11.0,-39.099999999999994" vel="0,0,0" mass="1" elasticityCoef="1" ang="90,0,0" color="0,220,0" radius="0.5" length="4" />
		<capsule pos="-21.849999999999998,-11.0,-36.8" vel="0,0,0" mass="1" elasticityCoef="1" ang="90,0,0" color="0,220,0" radius="0.5" length="4" />
		<capsule pos="-21.849999999999998,-11.0,-34.5" vel="0,0,0" mass="1" elasticityCoef="1" ang="90,0,0" color="0,220,0" radius="0.5" length="4" />
		<capsule pos="-21.849999999999998,-11.0,-32.199999999999996" vel="0,0,0" mass="1" elasticityCoef="1" ang="90,0,0" color="0,220,0" radius="0.5" length="4" />
		<capsule pos="-21.849999999999998,-11.0,-29.9" vel="0,0,0" mass="1" elasticityCoef="1" ang="90,0,0" color="0,220,0" radius="0.5" length="4" />
		<capsule pos="-21.849999999999998,-11.0,-27.599999999999998" vel="0,0,0" mass="1" elasticityCoef="1" ang="90,0,0" color="0,220,0" radius="0.5" length="4" />
		<capsule pos="-21.849999999999998,-11.0,-25.299999999999997" vel="0,0,0" mass="1" elasticityCoef="1" ang="90,0,0" color="0,220,0" radius="0.5" length="4" />
		<capsule pos="-21.849999999999998,-11.0,-22.999999999999996" vel="0,0,0" mass="1" elasticityCoef="1" ang="90,0,0" color="0,220,0" radius="0.5" length="4" />
		<capsule pos="-21.849999999999998,-11.0,-20.699999999999996" vel="0,0,0" mass="1" elasticityCoef="1" ang="90,0,0" color="0,220,0" radius="0.5" length="4" />
		<capsule pos="-21.849999999999998,-11.0,-18.4" vel="0,0,0" mass="1" elasticityCoef="1" ang="90,0,0" color="0,220,0" radius="0.5" length="4" />
		<capsule pos="-21.849999999999998,-11.0,-16.099999999999998" vel="0,0,0" mass="1" elasticityCoef="1" ang="90,0,0" color="0,220,0" radius="0.5" length="4" />
		<capsule pos="-21.849999999999998,-11.0,-13.799999999999997" vel="0,0,0" mass="1" elasticityCoef="1" ang="90,0,0" color="0,220,0" radius="0.5" length="4" />
		<capsule pos="-21.849999999999998,-11.0,-11.5" vel="0,0,0" mass="1" elasticityCoef="1" ang="90,0,0" color="0,220,0" radius="0.5" length="4" />
		<capsule pos="-21.849999999999998,-11.0,-9.199999999999996" vel="0,0,0" mass="1" elasticityCoef="1" ang="90,0,0" color="0,220,0" radius="0.5" length="4" />
		<capsule pos="-21.849999999999998,-11.0,-6.899999999999999" vel="0,0,0" mass="1" elasticityCoef="1" ang="90,0,0" color="0,220,0" radius="0.5" length="4" />
		<capsule pos="-21.849999999999998,-11.0,-4.600000000000001" vel="0,0,0" mass="1" elasticityCoef="1" ang="90,0,0" color="0,220,0" radius="0.5" length="4" />
		<capsule pos="-21.849999999999998,-11.0,-2.299999999999997" vel="0,0,0" mass="1" elasticityCoef="1" ang="90,0,0" color="0,220,0" radius="0.5" length="4" />
		<capsule pos="-21.849999999999998,-11.0,0.0" vel="0,0,0" mass="1" elasticityCoef="1" ang="90,0,0" color="0,220,0" radius="0.5" length="4" />
		<capsule pos="-21.849999999999998,-11.0,2.3000000000000043" vel="0,0,0" mass="1" elasticityCoef="1" ang="90,0,0" color="0,220,0" radius="0.5" length="4" />
		<capsule pos="-21.849999999999998,-11.0,4.600000000000001" vel="0,0,0" mass="1" elasticityCoef="1" ang="90,0,0" color="0,220,0" radius="0.5" length="4" />
		<capsule pos="-21.849999999999998,-11.0,6.899999999999999" vel="0,0,0" mass="1" elasticityCoef="1" ang="90,0,0" color="0,220,0" radius="0.5" length="4" />
		<capsule pos="-21.849999999999998,-11.0,9.200000000000003" vel="0,0,0" mass="1" elasticityCoef="1" ang="90,0,0" color="0,220,0" radius="0.5" length="4" />
		<capsule pos="-21.849999999999998,-11.0,11.5" vel="0,0,0" mass="1" elasticityCoef="1" ang="90,0,0" color="0,220,0" radius="0.5" length="4" />
		<capsule pos="-21.849999999999998,-11.0,13.799999999999997" vel="0,0,0" mass="1" elasticityCoef="1" ang="90,0,0" color="0,220,0" radius="0.5" length="4" />
		<capsule pos="-21.849999999999998,-11.0,16.1" vel="0,0,0" mass="1" elasticityCoef="1" ang="90,0,0" color="0,220,0" radius="0.5" length="4" />
		<capsule pos="-21.849999999999998,-11.0,18.4" vel="0,0,0" mass="1" elasticityCoef="1" ang="90,0,0" color="0,220,0" radius="0.5" length="4" />
		<capsule pos="-21.849999999999998,-11.0,20.699999999999996" vel="0,0,0" mass="1" elasticityCoef="1" ang="90,0,0" color="0,220,0" radius="0.5" length="4" />
		<capsule pos="-21.849999999999998,-11.0,22.999999999999993" vel="0,0,0" mass="1" elasticityCoef="1" ang="90,0,0" color="0,220,0" radius="0.5" length="4" />
		<capsule pos="-21.849999999999998,-11.0,25.300000000000004" vel="0,0,0" mass="1" elasticityCoef="1" ang="90,0,0" color="0,220,0" radius="0.5" length="4" />
		<capsule pos="-21.849999999999998,-11.0,27.6" vel="0,0,0" mass="1" elasticityCoef="1" ang="90,0,0" color="0,220,0" radius="0.5" length="4" />
		<capsule pos="-21.849999999999998,-11.0,29.9" vel="0,0,0" mass="1" elasticityCoef="1" ang="90,0,0" color="0,220,0" radius="0.5" length="4" />
		<capsule pos="-21.849999999999998,-11.0,32.199999999999996" vel="0,0,0" mass="1" elasticityCoef="1" ang="90,0,0" color="0,220,0" radius="0.5" length="4" />
		<capsule pos="-21.849999999999998,-11.0,34.49999999999999" vel="0,0,0" mass="1" elasticityCoef="1" ang="90,0,0" color="0,220,0" radius="0.5" length="4" />
		<capsule pos="-21.849999999999998,-11.0,36.800000000000004" vel="0,0,0" mass="1" elasticityCoef="1" ang="90,0,0" color="0,220,0" radius="0.5" length="4" />
		<capsule pos="-21.849999999999998,-11.0,39.1" vel="0,0,0" mass="1" elasticityCoef="1" ang="90,0,0" color="0,220,0" radius="0.5" length="4" />
		<capsule pos="-21.849999999999998,-11.0,41.4" vel="0,0,0" mass="1" elasticityCoef="1" ang="90,0,0" color="0,220,0" radius="0.5" length="4" />
		<capsule pos="-21.849999999999998,-5.5,-43.699999999999996" vel="0,0,0" mass="1" elasticityCoef="1" ang="90,0,0" color="0,220,0" radius="0.5" length="4" />
		<capsule pos="-21.849999999999998,-5.5,-41.4" vel="0,0,0" mass="1" elasticityCoef="1" ang="90,0,0" color="0,220,0" radius="0.5" length="4" />
		<capsule pos="-21.849999999999998,-5.5,-39.099999999999994" vel="0,0,0" mass="1" elasticityCoef="1" ang="90,0,0" color="0,220,0" radius="0.5" length="4" />
		<capsule pos="-21.849999999999998,-5.5,-36.8" vel="0,0,0" mass="1" elasticityCoef="1" ang="90,0,0" color="0,220,0" radius="0.5" length="4" />
		<capsule pos="-21.849999999999998,-5.5,-34.5" vel="0,0,0" mass="1" elasticityCoef="1" ang="90,0,0" color="0,220,0" radius="0.5" length="4" />
		<capsule pos="-21.849999999999998,-5.5,-32.199999999999996" vel="0,0,0" mass="1" elasticityCoef="1" ang="90,0,0" color="0,220,0" radius="0.5" length="4" />
		<capsule pos="-21.849999999999998,-5.5,-29.9" vel="0,0,0" mass="1" elasticityCoef="1" ang="90,0,0" color="0,220,0" radius="0.5" length="4" />
		<capsule pos="-21.849999999999998,-5.5,-27.599999999999998" vel="0,0,0" mass="1" elasticityCoef="1" ang="90,0,0" color="0,220,0" radius="0.5" length="4" />
		<capsule pos="-21.849999999999998,-5.5,-25.299999999999997" vel="0,0,0" mass="1" elasticityCoef="1" ang="90,0,0" color="0,220,0" radius="0.5" length="4" />
		<capsule pos="-21.849999999999998,-5.5,-22.999999999999996" vel="0,0,0" mass="1" elasticityCoef="1" ang="90,0,0" color="0,220,0" radius="0.5" length="4" />
		<capsule pos="-21.849999999999998,-5.5,-20.699999999999996" vel="0,0,0" mass="1" elasticityCoef="1" ang="90,0,0" color="0,220,0" radius="0.5" length="4" />
		<capsule pos="-21.849999999999998,-5.5,-18.4" vel="0,0,0" mass="1" elasticityCoef="1" ang="90,0,0" color="0,220,0" radius="0.5" length="4" />
		<capsule pos="-21.849999999999998,-5.5,-16.099999999999998" vel="0,0,0" mass="1" elasticityCoef="1" ang="90,0,0" color="0,220,0" radius="0.5" length="4" />
		<capsule pos="-21.849999999999998,-5.5,-13.799999999999997" vel="0,0,0" mass="1" elasticityCoef="1" ang="90,0,0" color="0,220,0" radius="0.5" length="4" />
		<capsule pos="-21.849999999999998,-5.5,-11.5" vel="0,0,0" mass="1" elasticityCoef="1" ang="90,0,0" color="0,220,0" radius="0.5" length="4" />
		<capsule pos="-21.849999999999998,-5.5,-9.199999999999996" vel="0,0,0" mass="1" elasticityCoef="1" ang="90,0,0" color="0,220,0" radius="0.5" length="4" />
		<capsule pos="-21.849999999999998,-5.5,-6.899999999999999" vel="0,0,0" mass="1" elasticityCoef="1" ang="90,0,0" color="0,220,0" radius="0.5" length="4" />
		<capsule pos="-21.849999999999998,-5.5,-4.600000000000001" vel="0,0,0" mass="1" elasticityCoef="1" ang="90,0,0" color="0,220,0" radius="0.5" length="4" />
		<capsule pos="-21.849999999999998,-5.5,-2.299999999999997" vel="0,0,0" mass="1" elasticityCoef="1" ang="90,0,0" color="0,220,0" radius="0.5" length="4" />
		<capsule pos="-21.849999999999998,-5.5,0.0" vel="0,0,0" mass="1" elasticityCoef="1" ang="90,0,0" color="0,220,0" radius="0.5" length="4" />
		<capsule pos="-21.849999999999998,-5.5,2.3000000000000043" vel="0,0,0" mass="1" elasticityCoef="1" ang="90,0,0" color="0,220,0" radius="0.5" length="4" />
		<capsule pos="-21.849999999999998,-5.5,4.600000000000001" vel="0,0,0" mass="1" elasticityCoef="1" ang="90,0,0" color="0,220,0" radius="0.5" length="4" />
		<capsule pos="-21.849999999999998,-5.5,6.899999999999999" vel="0,0,0" mass="1" elasticityCoef="1" ang="90,0,0" color="0,220,0" radius="0.5" length="4" />
		<capsule pos="-21.849999999999998,-5.5,9.200000000000003" vel="0,0,0" mass="1" elasticityCoef="1" ang="90,0,0" color="0,220,0" radius="0.5" length="4" />
		<capsule pos="-21.849999999999998,-5.5,11.5" vel="0,0,0" mass="1" elasticityCoef="1" ang="90,0,0" color="0,220,0" radius="0.5" length="4" />
		<capsule pos="-21.849999999999998,-5.5,13.799999999999997" vel="0,0,0" mass="1" elasticityCoef="1" ang="90,0,0" color="0,220,0" radius="0.5" length="4" />
		<capsule pos="-21.849999999999998,-5.5,16.1" vel="0,0,0" mass="1" elasticityCoef="1" ang="90,0,0" color="0,220,0" radius="0.5" length="4" />
		<capsule pos="-21.849999999999998,-5.5,18.4" vel="0,0,0" mass="1" elasticityCoef="1" ang="90,0,0" color="0,220,0" radius="0.5" length="4" />
		<capsule pos="-21.849999999999998,-5.5,20.699999999999996" vel="0,0,0" mass="1" elasticityCoef="1" ang="90,0,0" color="0,220,0" radius="0.5" length="4" />
		<capsule pos="-21.849999999999998,-5.5,22.999999999999993" vel="0,0,0" mass="1" elasticityCoef="1" ang="90,0,0" color="0,220,0" radius="0.5" length="4" />
		<capsule pos="-21.849999999999998,-5.5,25.300000000000004" vel="0,0,0" mass="1" elasticityCoef="1" ang="90,0,0" color="0,220,0" radius="0.5" length="4" />
		<capsule pos="-21.849999999999998,-5.5,27.6" vel="0,0,0" mass="1" elasticityCoef="1" ang="90,0,0" color="0,220,0" radius="0.5" length="4" />
		<capsule pos="-21.849999999999998,-5.5,29.9" vel="0,0,0" mass="1" elasticityCoef="1" ang="90,0,0" color="0,220,0" radius="0.5" length="4" />
		<capsule pos="-21.849999999999998,-5.5,32.199999999999996" vel="0,0,0" mass="1" elasticityCoef="1" ang="90,0,0" color="0,220,0" radius="0.5" length="4" />
		<capsule pos="-21.849999999999998,-5.5,34.49999999999999" vel="0,0,0" mass="1" elasticityCoef="1" ang="90,0,0" color="0,220,0" radius="0.5" length="4" />
		<capsule pos="-21.849999999999998,-5.5,36.800000000000004" vel="0,0,0" mass="1" elasticityCoef="1" ang="90,0,0" color="0,220,0" radius="0.5" length="4" />
		<capsule pos="-21.849999999999998,-5.5,39.1" vel="0,0,0" mass="1" elasticityCoef="1" ang="90,0,0" color="0,220,0" radius="0.5" length="4" />
		<capsule pos="-21.849999999999998,-5.5,41.4" vel="0,0,0" mass="1" elasticityCoef="1" ang="90,0,0" color="0,220,0" radius="0.5" length="4" />
		<capsule pos="-21.849999999999998,0.0,-43.699999999999996" vel="0,0,0" mass="1" elasticityCoef="1" ang="90,0,0" color="0,220,0" radius="0.5" length="4" />
		<capsule pos="-21.849999999999998,0.0,-41.4" vel="0,0,0" mass="1" elasticityCoef="1" ang="90,0,0" color="0,220,0" radius="0.5" length="4" />
		<capsule pos="-21.849999999999998,0.0,-39.099999999999994" vel="0,0,0" mass="1" elasticityCoef="1" ang="90,0,0" color="0,220,0" radius="0.5" length="4" />
		<capsule pos="-21.849999999999998,0.0,-36.8" vel="0,0,0" mass="1" elasticityCoef="1" ang="90,0,0" color="0,220,0" radius="0.5" length="4" />
		<capsule pos="-21.849999999999998,0.0,-34.5" vel="0,0,0" mass="1" elasticityCoef="1" ang="90,0,0" color="0,220,0" radius="0.5" length="4" />
		<capsule pos="-21.849999999999998,0.0,-32.199999999999996" vel="0,0,0" mass="1" elasticityCoef="1" ang="90,0,0" color="0,220,0" radius="0.5" length="4" />
		<capsule pos="-21.849999999999998,0.0,-29.9" vel="0,0,0" mass="1" elasticityCoef="1" ang="90,0,0" color="0,220,0" radius="0.5" length="4" />
		<capsule pos="-21.849999999999998,0.0,-27.599999999999998" vel="0,0,0" mass="1" elasticityCoef="1" ang="90,0,0" color="0,220,0" radius="0.5" length="4" />
		<capsule pos="-21.849999999999998,0.0,-25.299999999999997" vel="0,0,0" mass="1" elasticityCoef="1" ang="90,0,0" color="0,220,0" radius="0.5" length="4" />
		<capsule pos="-21.849999999999998,0.0,-22.999999999999996" vel="0,0,0" mass="1" elasticityCoef="1" ang="90,0,0" color="0,220,0" radius="0.5" length="4" />
		<capsule pos="-21.849999999999998,0.0,-20.699999999999996" vel="0,0,0" mass="1" elasticityCoef="1" ang="90,0,0" color="0,220,0" radius="0.5" length="4" />
		<capsule pos="-21.849999999999998,0.0,-18.4" vel="0,0,0" mass="1" elasticityCoef="1" ang="90,0,0" color="0,220,0" radius="0.5" length="4" />
		<capsule pos="-21.849999999999998,0.0,-16.099999999999998" vel="0,0,0" mass="1" elasticityCoef="1" ang="90,0,0" color="0,220,0" radius="0.5" length="4" />
		<capsule pos="-21.849999999999998,0.0,-13.799999999999997" vel="0,0,0" mass="1" elasticityCoef="1" ang="90,0,0" color="0,220,0" radius="0.5" length="4" />
		<capsule pos="-21.849999999999998,0.0,-11.5" vel="0,0,0" mass="1" elasticityCoef="1" ang="90,0,0" color="0,220,0" radius="0.5" length="4" />
		<capsule pos="-21.849999999999998,0.0,-9.199999999999996" vel="0,0,0" mass="1" elasticityCoef="1" ang="90,0,0" color="0,220,0" radius="0.5" length="4" />
		<capsule pos="-21.849999999999998,0.0,-6.899999999999999" vel="0,0,0" mass="1" elasticityCoef="1" ang="90,0,0" color="0,220,0" radius="0.5" length="4" />
		<capsule pos="-21.849999999999998,0.0,-4.600000000000001" vel="0,0,0" mass="1" elasticityCoef="1" ang="90,0,0" color="0,220,0" radius="0.5" length="4" />
		<capsule pos="-21.849999999999998,0.0,-2.299999999999997" vel="0,0,0" mass="1" elasticityCoef="1" ang="90,0,0" color="0,220,0" radius="0.5" length="4" />
		<capsule pos="-21.849999999999998,0.0,0.0" vel="0,0,0" mass="1" elasticityCoef="1" ang="90,0,0" color="0,220,0" radius="0.5" length="4" />
		<capsule pos="-21.849999999999998,0.0,2.3000000000000043" vel="0,0,0" mass="1" elasticityCoef="1" ang="90,0,0" color="0,220,0" radius="0.5" length="4" />
		<capsule pos="-21.849999999999998,0.0,4.600000000000001" vel="0,0,0" mass="1" elasticityCoef="1" ang="90,0,0" color="0,220,0" radius="0.5" length="4" />
		<capsule pos="-21.849999999999998,0.0,6.899999999999999" vel="0,0,0" mass="1" elasticityCoef="1" ang="90,0,0" color="0,220,0" radius="0.5" length="4" />
		<capsule pos="-21.849999999999998,0.0,9.200000000000003" vel="0,0,0" mass="1" elasticityCoef="1" ang="90,0,0" color="0,220,0" radius="0.5" length="4" />
		<capsule pos="-21.849999999999998,0.0,11.5" vel="0,0,0" mass="1" elasticityCoef="1" ang="90,0,0" color="0,220,0" radius="0.5" length="4" />
		<capsule pos="-21.849999999999998,0.0,13.799999999999997" vel="0,0,0" mass="1" elasticityCoef="1" ang="90,0,0" color="0,220,0" radius="0.5" length="4" />
		<capsule pos="-21.849999999999998,0.0,16.1" vel="0,0,0" mass="1" elasticityCoef="1" ang="90,0,0" color="0,220,0" radius="0.5" length="4" />
		<capsule pos="-21.849999999999998,0.0,18.4" vel="0,0,0" mass="1" elasticityCoef="1" ang="90,0,0" color="0,220,0" radius="0.5" length="4" />
		<capsule pos="-21.849999999999998,0.0,20.699999999999996" vel="0,0,0" mass="1" elasticityCoef="1" ang="90,0,0" color="0,220,0" radius="0.5" length="4" />
		<capsule pos="-21.849999999999998,0.0,22.999999999999993" vel="0,0,0" mass="1" elasticityCoef="1" ang="90,0,0" color="0,220,0" radius="0.5" length="4" />
		<capsule pos="-21.849999999999998,0.0,25.300000000000004" vel="0,0,0" mass="1" elasticityCoef="1" ang="90,0,0" color="0,220,0" radius="0.5" length="4" />
		<capsule pos="-21.849999999999998,0.0,27.6" vel="0,0,0" mass="1" elasticityCoef="1" ang="90,0,0" color="0,220,0" radius="0.5" length="4" />
		<capsule pos="-21.849999999999998,0.0,29.9" vel="0,0,0" mass="1" elasticityCoef="1" ang="90,0,0" color="0,220,0" radius="0.5" length="4" />
		<capsule pos="-21.849999999999998,0.0,32.199999999999996" vel="0,0,0" mass="1" elasticityCoef="1" ang="90,0,0" color="0,220,0" radius="0.5" length="4" />
		<capsule pos="-21.849999999999998,0.0,34.49999999999999" vel="0,0,0" mass="1" elasticityCoef="1" ang="90,0,0" color="0,220,0" radius="0.5" length="4" />
		<capsule pos="-21.849999999999998,0.0,36.800000000000004" vel="0,0,0" mass="1" elasticityCoef="1" ang="90,0,0" color="0,220,0" radius="0.5" length="4" />
		<capsule pos="-21.849999999999998,0.0,39.1" vel="0,0,0" mass="1" elasticityCoef="1" ang="90,0,0" color="0,220,0" radius="0.5" length="4" />
		<capsule pos="-21.849999999999998,0.0,41.4" vel="0,0,0" mass="1" elasticityCoef="1" ang="90,0,0" color="0,220,0" radius="0.5" length="4" />
		<capsule pos="-21.849999999999998,5.5,-43.699999999999996" vel="0,0,0" mass="1" elasticityCoef="1" ang="90,0,0" color="0,220,0" radius="0.5" length="4" />
		<capsule pos="-21.849999999999998,5.5,-41.4" vel="0,0,0" mass="1" elasticityCoef="1" ang="90,0,0" color="0,220,0" radius="0.5" length="4" />
		<capsule pos="-21.849999999999998,5.5,-39.099999999999994" vel="0,0,0" mass="1" elasticityCoef="1" ang="90,0,0" color="0,220,0" radius="0.5" length="4" />
		<capsule pos="-21.849999999999998,5.5,-36.8" vel="0,0,0" mass="1" elasticityCoef="1" ang="90,0,0" color="0,220,0" radius="0.5" length="4" />
		<capsule pos="-21.849999999999998,5.5,-34.5" vel="0,0,0" mass="1" elasticityCoef="1" ang="90,0,0" color="0,220,0" radius="0.5" length="4" />
		<capsule pos="-21.849999999999998,5.5,-32.199999999999996" vel="0,0,0" mass="1" elasticityCoef="1" ang="90,0,0" color="0,220,0" radius="0.5" length="4" />
		<capsule pos="-21.849999999999998,5.5,-29.9" vel="0,0,0" mass="1" elasticityCoef="1" ang="90,0,0" color="0,220,0" radius="0.5" length="4" />
		<capsule pos="-21.849999999999998,5.5,-27.599999999999998" vel="0,0,0" mass="1" elasticityCoef="1" ang="90,0,0" color="0,220,0" radius="0.5" length="4" />
		<capsule pos="-21.849999999999998,5.5,-25.299999999999997" vel="0,0,0" mass="1" elasticityCoef="1" ang="90,0,0" color="0,220,0" radius="0.5" length="4" />
		<capsule pos="-21.849999999999998,5.5,-22.999999999999996" vel="0,0,0" mass="1" elasticityCoef="1" ang="90,0,0" color="0,220,0" radius="0.5" length="4" />
		<capsule pos="-21.849999999999998,5.5,-20.699999999999996" vel="0,0,0" mass="1" elasticityCoef="1" ang="90,0,0" color="0,220,0" radius="0.5" length="4" />
		<capsule pos="-21.849999999999998,5.5,-18.4" vel="0,0,0" mass="1" elasticityCoef="1" ang="90,0,0" color="0,220,0" radius="0.5" length="4" />
		<capsule pos="-21.849999999999998,5.5,-16.099999999999998" vel="0,0,0" mass="1" elasticityCoef="1" ang="90,0,0" color="0,220,0" radius="0.5" length="4" />
		<capsule pos="-21.849999999999998,5.5,-13.799999999999997" vel="0,0,0" mass="1" elasticityCoef="1" ang="90,0,0" color="0,220,0" radius="0.5" length="4" />
		<capsule pos="-21.849999999999998,5.5,-11.5" vel="0,0,0" mass="1" elasticityCoef="1" ang="90,0,0" color="0,220,0" radius="0.5" length="4" />
		<capsule pos="-21.849999999999998,5.5,-9.199999999999996" vel="0,0,0" mass="1" elasticityCoef="1" ang="90,0,0" color="0,220,0" radius="0.5" length="4" />
		<capsule pos="-21.849999999999998,5.5,-6.899999999999999" vel="0,0,0" mass="1" elasticityCoef="1" ang="90,0,0" color="0,220,0" radius="0.5" length="4" />
		<capsule pos="-21.849999999999998,5.5,-4.600000000000001" vel="0,0,0" mass="1" elasticityCoef="1" ang="90,0,0" color="0,220,0" radius="0.5" length="4" />
		<capsule pos="-21.849999999999998,5.5,-2.299999999999997" vel="0,0,0" mass="1" elasticityCoef="1" ang="90,0,0" color="0,220,0" radius="0.5" length="4" />
		<capsule pos="-21.849999999999998,5.5,0.0" vel="0,0,0" mass="1" elasticityCoef="1" ang="90,0,0" color="0,220,0" radius="0.5" length="4" />
		<capsule pos="-21.849999999999998,5.5,2.3000000000000043" vel="0,0,0" mass="1" elasticityCoef="1" ang="90,0,0" color="0,220,0" radius="0.5" length="4" />
		<capsule pos="-21.849999999999998,5.5,4.600000000000001" vel="0,0,0" mass="1" elasticityCoef="1" ang="90,0,0" color="0,220,0" radius="0.5" length="4" />
		<capsule pos="-21.849999999999998,5.5,6.899999999999999" vel="0,0,0" mass="1" elasticityCoef="1" ang="90,0,0" color="0,220,0" radius="0.5" length="4" />
		<capsule pos="-21.849999999999998,5.5,9.200000000000003" vel="0,0,0" mass="1" elasticityCoef="1" ang="90,0,0" color="0,220,0" radius="0.5" length="4" />
		<capsule pos="-21.849999999999998,5.5,11.5" vel="0,0,0" mass="1" elasticityCoef="1" ang="90,0,0" color="0,220,0" radius="0.5" length="4" />
		<capsule pos="-21.849999999999998,5.5,13.799999999999997" vel="0,0,0" mass="1" elasticityCoef="1" ang="90,0,0" color="0,220,0" radius="0.5" length="4" />
		<capsule pos="-21.849999999999998,5.5,16.1" vel="0,0,0" mass="1" elasticityCoef="1" ang="90,0,0" color="0,220,0" radius="0.5" length="4" />
		<capsule pos="-21.849999999999998,5.5,18.4" vel="0,0,0" mass="1" elasticityCoef="1" ang="90,0,0" color="0,220,0" radius="0.5" length="4" />
		<capsule pos="-21.849999999999998,5.5,20.699999999999996" vel="0,0,0" mass="1" elasticityCoef="1" ang="90,0,0" color="0,220,0" radius="0.5" length="4" />
		<capsule pos="-21.849999999999998,5.5,22.999999999999993" vel="0,0,0" mass="1" elasticityCoef="1" ang="90,0,0" color="0,220,0" radius="0.5" length="4" />
		<capsule pos="-21.849999999999998,5.5,25.300000000000004" vel="0,0,0" mass="1" elasticityCoef="1" ang="90,0,0" color="0,220,0" radius="0.5" length="4" />
		<capsule pos="-21.849999999999998,5.5,27.6" vel="0,0,0" mass="1" elasticityCoef="1" ang="90,0,0" color="0,220,0" radius="0.5" length="4" />
		<capsule pos="-21.849999999999998,5.5,29.9" vel="0,0,0" mass="1" elasticityCoef="1" ang="90,0,0" color="0,220,0" radius="0.5" length="4" />
		<capsule pos="-21.849999999999998,5.5,32.199999999999996" vel="0,0,0" mass="1" elasticityCoef="1" ang="90,0,0" color="0,220,0" radius="0.5" length="4" />
		<capsule pos="-21.849999999999998,5.5,34.49999999999999" vel="0,0,0" mass="1" elasticityCoef="1" ang="90,0,0" color="0,220,0" radius="0.5" length="4" />
		<capsule pos="-21.849999999999998,5.5,36.800000000000004" vel="0,0,0" mass="1" elasticityCoef="1" ang="90,0,0" color="0,220,0" radius="0.5" length="4" />
		<capsule pos="-21.849999999999998,5.5,39.1" vel="0,0,0" mass="1" elasticityCoef="1" ang="90,0,0" color="0,220,0" radius="0.5" length="4" />
		<capsule pos="-21.849999999999998,5.5,41.4" vel="0,0,0" mass="1" elasticityCoef="1" ang="90,0,0" color="0,220,0" radius="0.5" length="4" />
		<capsule pos="-21.849999999999998,11.0,-43.699999999999996" vel="0,0,0" mass="1" elasticityCoef="1" ang="90,0,0" color="0,220,0" radius="0.5" length="4" />
		<capsule pos="-21.849999999999998,11.0,-41.4" vel="0,0,0" mass="1" elasticityCoef="1" ang="90,0,0" color="0,220,0" radius="0.5" length="4" />
		<capsule pos="-21.849999999999998,11.0,-39.099999999999994" vel="0,0,0" mass="1" elasticityCoef="1" ang="90,0,0" color="0,220,0" radius="0.5" length="4" />
		<capsule pos="-21.849999999999998,11.0,-36.8" vel="0,0,0" mass="1" elasticityCoef="1" ang="90,0,0" color="0,220,0" radius="0.5" length="4" />
		<capsule pos="-21.849999999999998,11.0,-34.5" vel="0,0,0" mass="1" elasticityCoef="1" ang="90,0,0" color="0,220,0" radius="0.5" length="4" />
		<capsule pos="-21.849999999999998,11.0,-32.199999999999996" vel="0,0,0" mass="1" elasticityCoef="1" ang="90,0,0" color="0,220,0" radius="0.5" length="4" />
		<capsule pos="-21.849999999999998,11.0,-29.9" vel="0,0,0" mass="1" elasticityCoef="1" ang="90,0,0" color="0,220,0" radius="0.5" length="4" />
		<capsule pos="-21.849999999999998,11.0,-27.599999999999998" vel="0,0,0" mass="1" elasticityCoef="1" ang="90,0,0" color="0,220,0" radius="0.5" length="4" />
		<capsule pos="-21.849999999999998,11.0,-25.299999999999997" vel="0,0,0" mass="1" elasticityCoef="1" ang="90,0,0" color="0,220,0" radius="0.5" length="4" />
		<capsule pos="-21.849999999999998,11.0,-22.999999999999996" vel="0,0,0" mass="1" elasticityCoef="1" ang="90,0,0" color="0,220,0" radius="0.5" length="4" />
		<capsule pos="-21.849999999999998,11.0,-20.699999999999996" vel="0,0,0" mass="1" elasticityCoef="1" ang="90,0,0" color="0,220,0" radius="0.5" length="4" />
		<capsule pos="-21.849999999999998,11.0,-18.4" vel="0,0,0" mass="1" elasticityCoef="1" ang="90,0,0" color="0,220,0" radius="0.5" length="4" />
		<capsule pos="-21.849999999999998,11.0,-16.099999999999998" vel="0,0,0" mass="1" elasticityCoef="1" ang="90,0,0" color="0,220,0" radius="0.5" length="4" />
		<capsule pos="-21.849999999999998,11.0,-13.799999999999997" vel="0,0,0" mass="1" elasticityCoef="1" ang="90,0,0" color="0,220,0" radius="0.5" length="4" />
		<capsule pos="-21.849999999999998,11.0,-11.5" vel="0,0,0" mass="1" elasticityCoef="1" ang="90,0,0" color="0,220,0" radius="0.5" length="4" />
		<capsule pos="-21.849999999999998,11.0,-9.199999999999996" vel="0,0,0" mass="1" elasticityCoef="1" ang="90,0,0" color="0,220,0" radius="0.5" length="4" />
		<capsule pos="-21.849999999999998,11.0,-6.899999999999999" vel="0,0,0" mass="1" elasticityCoef="1" ang="90,0,0" color="0,220,0" radius="0.5" length="4" />
		<capsule pos="-21.849999999999998,11.0,-4.600000000000001" vel="0,0,0" mass="1" elasticityCoef="1" ang="90,0,0" color="0,220,0" radius="0.5" length="4" />
		<capsule pos="-21.849999999999998,11.0,-2.299999999999997" vel="0,0,0" mass="1" elasticityCoef="1" ang="90,0,0" color="0,220,0" radius="0.5" length="4" />
		<capsule pos="-21.849999999999998,11.0,0.0" vel="0,0,0" mass="1" elasticityCoef="1" ang="90,0,0" color="0,220,0" radius="0.5" length="4" />
		<capsule pos="-21.849999999999998,11.0,2.3000000000000043" vel="0,0,0" mass="1" elasticityCoef="1" ang="90,0,0" color="0,220,0" radius="0.5" length="4" />
		<capsule pos="-21.849999999999998,11.0,4.600000000000001" vel="0,0,0" mass="1" elasticityCoef="1" ang="90,0,0" color="0,220,0" radius="0.5" length="4" />
		<capsule pos="-21.849999999999998,11.0,6.899999999999999" vel="0,0,0" mass="1" elasticityCoef="1" ang="90,0,0" color="0,220,0" radius="0.5" length="4" />
		<capsule pos="-21.849999999999998,11.0,9.200000000000003" vel="0,0,0" mass="1" elasticityCoef="1" ang="90,0,0" color="0,220,0" radius="0.5" length="4" />
		<capsule pos="-21.849999999999998,11.0,11.5" vel="0,0,0" mass="1" elasticityCoef="1" ang="90,0,0" color="0,220,0" radius="0.5" length="4" />
		<capsule pos="-21.849999999999998,11.0,13.799999999999997" vel="0,0,0" mass="1" elasticityCoef="1" ang="90,0,0" color="0,220,0" radius="0.5" length="4" />
		<capsule pos="-21.849999999999998,11.0,16.1" vel="0,0,0" mass="1" elasticityCoef="1" ang="90,0,0" color="0,220,0" radius="0.5" length="4" />
		<capsule pos="-21.849999999999998,11.0,18.4" vel="0,0,0" mass="1" elasticityCoef="1" ang="90,0,0" color="0,220,0" radius="0.5" length="4" />
		<capsule pos="-21.849999999999998,11.0,20.699999999999996" vel="0,0,0" mass="1" elasticityCoef="1" ang="90,0,0" color="0,220,0" radius="0.5" length="4" />
		<capsule pos="-21.849999999999998,11.0,22.999999999999993" vel="0,0,0" mass="1" elasticityCoef="1" ang="90,0,0" color="0,220,0" radius="0.5" length="4" />
		<capsule pos="-21.849999999999998,11.0,25.300000000000004" vel="0,0,0" mass="1" elasticityCoef="1" ang="90,0,0" color="0,220,0" radius="0.5" length="4" />
		<capsule pos="-21.849999999999998,11.0,27.6" vel="0,0,0" mass="1" elasticityCoef="1" ang="90,0,0" color="0,220,0" radius="0.5" length="4" />
		<capsule pos="-21.849999999999998,11.0,29.9" vel="0,0,0" mass="1" elasticityCoef="1" ang="90,0,0" color="0,220,0" radius="0.5" length="4" />
		<capsule pos="-21.849999999999998,11.0,32.199999999999996" vel="0,0,0" mass="1" elasticityCoef="1" ang="90,0,0" color="0,220,0" radius="0.5" length="4" />
		<capsule pos="-21.849999999999998,11.0,34.49999999999999" vel="0,0,0" mass="1" elasticityCoef="1" ang="90,0,0" color="0,220,0" radius="0.5" length="4" />
		<capsule pos="-21.849999999999998,11.0,36.800000000000004" vel="0,0,0" mass="1" elasticityCoef="1" ang="90,0,0" color="0,220,0" radius="0.5" length="4" />
		<capsule pos="-21.849999999999998,11.0,39.1" vel="0,0,0" mass="1" elasticityCoef="1" ang="90,0,0" color="0,220,0" radius="0.5" length="4" />
		<capsule pos="-21.849999999999998,11.0,41.4" vel="0,0,0" mass="1" elasticityCoef="1" ang="90,0,0" color="0,220,0" radius="0.5" length="4" />
		<capsule pos="-21.849999999999998,16.5,-43.699999999999996" vel="0,0,0" mass="1" elasticityCoef="1" ang="90,0,0" color="0,220,0" radius="0.5" length="4" />
		<capsule pos="-21.849999999999998,16.5,-41.4" vel="0,0,0" mass="1" elasticityCoef="1" ang="90,0,0" color="0,220,0" radius="0.5" length="4" />
		<capsule pos="-21.849999999999998,16.5,-39.099999999999994" vel="0,0,0" mass="1" elasticityCoef="1" ang="90,0,0" color="0,220,0" radius="0.5" length="4" />
		<capsule pos="-21.849999999999998,16.5,-36.8" vel="0,0,0" mass="1" elasticityCoef="1" ang="90,0,0" color="0,220,0" radius="0.5" length="4" />
		<capsule pos="-21.849999999999998,16.5,-34.5" vel="0,0,0" mass="1" elasticityCoef="1" ang="90,0,0" color="0,220,0" radius="0.5" length="4" />
		<capsule pos="-21.849999999999998,16.5,-32.199999999999996" vel="0,0,0" mass="1" elasticityCoef="1" ang="90,0,0" color="0,220,0" radius="0.5" length="4" />
		<capsule pos="-21.849999999999998,16.5,-29.9" vel="0,0,0" mass="1" elasticityCoef="1" ang="90,0,0" color="0,220,0" radius="0.5" length="4" />
		<capsule pos="-21.849999999999998,16.5,-27.599999999999998" vel="0,0,0" mass="1" elasticityCoef="1" ang="90,0,0" color="0,220,0" radius="0.5" length="4" />
		<capsule pos="-21.849999999999998,16.5,-25.299999999999997" vel="0,0,0" mass="1" elasticityCoef="1" ang="90,0,0" color="0,220,0" radius="0.5" length="4" />
		<capsule pos="-21.849999999999998,16.5,-22.999999999999996" vel="0,0,0" mass="1" elasticityCoef="1" ang="90,0,0" color="0,220,0" radius="0.5" length="4" />
		<capsule pos="-21.849999999999998,16.5,-20.699999999999996" vel="0,0,0" mass="1" elasticityCoef="1" ang="90,0,0" color="0,220,0" radius="0.5" length="4" />
		<capsule pos="-21.849999999999998,16.5,-18.4" vel="0,0,0" mass="1" elasticityCoef="1" ang="90,0,0" color="0,220,0" radius="0.5" length="4" />
		<capsule pos="-21.849999999999998,16.5,-16.099999999999998" vel="0,0,0" mass="1" elasticityCoef="1" ang="90,0,0" color="0,220,0" radius="0.5" length="4" />
		<capsule pos="-21.849999999999998,16.5,-13.799999999999997" vel="0,0,0" mass="1" elasticityCoef="1" ang="90,0,0" color="0,220,0" radius="0.5" length="4" />
		<capsule pos="-21.849999999999998,16.5,-11.5" vel="0,0,0" mass="1" elasticityCoef="1" ang="90,0,0" color="0,220,0" radius="0.5" length="4" />
		<capsule pos="-21.849999999999998,16.5,-9.199999999999996" vel="0,0,0" mass="1" elasticityCoef="1" ang="90,0,0" color="0,220,0" radius="0.5" length="4" />
		<capsule pos="-21.849999999999998,16.5,-6.899999999999999" vel="0,0,0" mass="1" elasticityCoef="1" ang="90,0,0" color="0,220,0" radius="0.5" length="4" />
		<capsule pos="-21.849999999999998,16.5,-4.600000000000001" vel="0,0,0" mass="1" elasticityCoef="1" ang="90,0,0" color="0,220,0" radius="0.5" length="4" />
		<capsule pos="-21.849999999999998,16.5,-2.299999999999997" vel="0,0,0" mass="1" elasticityCoef="1" ang="90,0,0" color="0,220,0" radius="0.5" length="4" />
		<capsule pos="-21.849999999999998,16.5,0.0" vel="0,0,0" mass="1" elasticityCoef="1" ang="90,0,0" color="0,220,0" radius="0.5" length="4" />
		<capsule pos="-21.849999999999998,16.5,2.3000000000000043" vel="0,0,0" mass="1" elasticityCoef="1" ang="90,0,0" color="0,220,0" radius="0.5" length="4" />
		<capsule pos="-21.849999999999998,16.5,4.600000000000001" vel="0,0,0" mass="1" elasticityCoef="1" ang="90,0,0" color="0,220,0" radius="0.5" length="4" />
		<capsule pos="-21.849999999999998,16.5,6.899999999999999" vel="0,0,0" mass="1" elasticityCoef="1" ang="90,0,0" color="0,220,0" radius="0.5" length="4" />
		<capsule pos="-21.849999999999998,16.5,9.200000000000003" vel="0,0,0" mass="1" elasticityCoef="1" ang="90,0,0" color="0,220,0" radius="0.5" length="4" />
		<capsule pos="-21.849999999999998,16.5,11.5" vel="0,0,0" mass="1" elasticityCoef="1" ang="90,0,0" color="0,220,0" radius="0.5" length="4" />
		<capsule pos="-21.849999999999998,16.5,13.799999999999997" vel="0,0,0" mass="1" elasticityCoef="1" ang="90,0,0" color="0,220,0" radius="0.5" length="4" />
		<capsule pos="-21.849999999999998,16.5,16.1" vel="0,0,0" mass="1" elasticityCoef="1" ang="90,0,0" color="0,220,0" radius="0.5" length="4" />
		<capsule pos="-21.849999999999998,16.5,18.4" vel="0,0,0" mass="1" elasticityCoef="1" ang="90,0,0" color="0,220,0" radius="0.5" length="4" />
		<capsule pos="-21.849999999999998,16.5,20.699999999999996" vel="0,0,0" mass="1" elasticityCoef="1" ang="90,0,0" color="0,220,0" radius="0.5" length="4" />
		<capsule pos="-21.849999999999998,16.5,22.999999999999993" vel="0,0,0" mass="1" elasticityCoef="1" ang="90,0,0" color="0,220,0" radius="0.5" length="4" />
		<capsule pos="-21.849999999999998,16.5,25.300000000000004" vel="0,0,0" mass="1" elasticityCoef="1" ang="90,0,0" color="0,220,0" radius="0.5" length="4" />
		<capsule pos="-21.849999999999998,16.5,27.6" vel="0,0,0" mass="1" elasticityCoef="1" ang="90,0,0" color="0,220,0" radius="0.5" length="4" />
		<capsule pos="-21.849999999999998,16.5,29.9" vel="0,0,0" mass="1" elasticityCoef="1" ang="90,0,0" color="0,220,0" radius="0.5" length="4" />
		<capsule pos="-21.849999999999998,16.5,32.199999999999996" vel="0,0,0" mass="1" elasticityCoef="1" ang="90,0,0" color="0,220,0" radius="0.5" length="4" />
		<capsule pos="-21.849999999999998,16.5,34.49999999999999" vel="0,0,0" mass="1" elasticityCoef="1" ang="90,0,0" color="0,220,0" radius="0.5" length="4" />
		<capsule pos="-21.849999999999998,16.5,36.800000000000004" vel="0,0,0" mass="1" elasticityCoef="1" ang="90,0,0" color="0,220,0" radius="0.5" length="4" />
		<capsule pos="-21.849999999999998,16.5,39.1" vel="0,0,0" mass="1" elasticityCoef="1" ang="90,0,0" color="0,220,0" radius="0.5" length="4" />
		<capsule pos="-21.849999999999998,16.5,41.4" vel="0,0,0" mass="1" elasticityCoef="1" ang="90,0,0" color="0,220,0" radius="0.5" length="4" />
		<capsule pos="-21.849999999999998,22.0,-43.699999999999996" vel="0,0,0" mass="1" elasticityCoef="1" ang="90,0,0" color="0,220,0" radius="0.5" length="4" />
		<capsule pos="-21.849999999999998,22.0,-41.4" vel="0,0,0" mass="1" elasticityCoef="1" ang="90,0,0" color="0,220,0" radius="0.5" length="4" />
		<capsule pos="-21.849999999999998,22.0,-39.099999999999994" vel="0,0,0" mass="1" elasticityCoef="1" ang="90,0,0" color="0,220,0" radius="0.5" length="4" />
		<capsule pos="-21.849999999999998,22.0,-36.8" vel="0,0,0" mass="1" elasticityCoef="1" ang="90,0,0" color="0,220,0" radius="0.5" length="4" />
		<capsule pos="-21.849999999999998,22.0,-34.5" vel="0,0,0" mass="1" elasticityCoef="1" ang="90,0,0" color="0,220,0" radius="0.5" length="4" />
		<capsule pos="-21.849999999999998,22.0,-32.199999999999996" vel="0,0,0" mass="1" elasticityCoef="1" ang="90,0,0" color="0,220,0" radius="0.5" length="4" />
		<capsule pos="-21.849999999999998,22.0,-29.9" vel="0,0,0" mass="1" elasticityCoef="1" ang="90,0,0" color="0,220,0" radius="0.5" length="4" />
		<capsule pos="-21.849999999999998,22.0,-27.599999999999998" vel="0,0,0" mass="1" elasticityCoef="1" ang="90,0,0" color="0,220,0" radius="0.5" length="4" />
		<capsule pos="-21.849999999999998,22.0,-25.299999999999997" vel="0,0,0" mass="1" elasticityCoef="1" ang="90,0,0" color="0,220,0" radius="0.5" length="4" />
		<capsule pos="-21.849999999999998,22.0,-22.999999999999996" vel="0,0,0" mass="1" elasticityCoef="1" ang="90,0,0" color="0,220,0" radius="0.5" length="4" />
		<capsule pos="-21.849999999999998,22.0,-20.699999999999996" vel="0,0,0" mass="1" elasticityCoef="1" ang="90,0,0" color="0,220,0" radius="0.5" length="4" />
		<capsule pos="-21.849999999999998,22.0,-18.4" vel="0,0,0" mass="1" elasticityCoef="1" ang="90,0,0" color="0,220,0" radius="0.5" length="4" />
		<capsule pos="-21.849999999999998,22.0,-16.099999999999998" vel="0,0,0" mass="1" elasticityCoef="1" ang="90,0,0" color="0,220,0" radius="0.5" length="4" />
		<capsule pos="-21.849999999999998,22.0,-13.799999999999997" vel="0,0,0" mass="1" elasticityCoef="1" ang="90,0,0" color="0,220,0" radius="0.5" length="4" />
		<capsule pos="-21.849999999999998,22.0,-11.5" vel="0,0,0" mass="1" elasticityCoef="1" ang="90,0,0" color="0,220,0" radius="0.5" length="4" />
		<capsule pos="-21.849999999999998,22.0,-9.199999999999996" vel="0,0,0" mass="1" elasticityCoef="1" ang="90,0,0" color="0,220,0" radius="0.5" length="4" />
		<capsule pos="-21.849999999999998,22.0,-6.899999999999999" vel="0,0,0" mass="1" elasticityCoef="1" ang="90,0,0" color="0,220,0" radius="0.5" length="4" />
		<capsule pos="-21.849999999999998,22.0,-4.600000000000001" vel="0,0,0" mass="1" elasticityCoef="1" ang="90,0,0" color="0,220,0" radius="0.5" length="4" />
		<capsule pos="-21.849999999999998,22.0,-2.299999999999997" vel="0,0,0" mass="1" elasticityCoef="1" ang="90,0,0" color="0,220,0" radius="0.5" length="4" />
		<capsule pos="-21.849999999999998,22.0,0.0" vel="0,0,0" mass="1" elasticityCoef="1" ang="90,0,0" color="0,220,0" radius="0.5" length="4" />
		<capsule pos="-21.849999999999998,22.0,2.3000000000000043" vel="0,0,0" mass="1" elasticityCoef="1" ang="90,0,0" color="0,220,0" radius="0.5" length="4" />
		<capsule pos="-21.849999999999998,22.0,4.600000000000001" vel="0,0,0" mass="1" elasticityCoef="1" ang="90,0,0" color="0,220,0" radius="0.5" length="4" />
		<capsule pos="-21.849999999999998,22.0,6.899999999999999" vel="0,0,0" mass="1" elasticityCoef="1" ang="90,0,0" color="0,220,0" radius="0.5" length="4" />
		<capsule pos="-21.849999999999998,22.0,9.200000000000003" vel="0,0,0" mass="1" elasticityCoef="1" ang="90,0,0" color="0,220,0" radius="0.5" length="4" />
		<capsule pos="-21.849999999999998,22.0,11.5" vel="0,0,0" mass="1" elasticityCoef="1" ang="90,0,0" color="0,220,0" radius="0.5" length="4" />
		<capsule pos="-21.849999999999998,22.0,13.799999999999997" vel="0,0,0" mass="1" elasticityCoef="1" ang="90,0,0" color="0,220,0" radius="0.5" length="4" />
		<capsule pos="-21.849999999999998,22.0,16.1" vel="0,0,0" mass="1" elasticityCoef="1" ang="90,0,0" color="0,220,0" radius="0.5" length="4" />
		<capsule pos="-21.849999999999998,22.0,18.4" vel="0,0,0" mass="1" elasticityCoef="1" ang="90,0,0" color="0,220,0" radius="0.5" length="4" />
		<capsule pos="-21.849999999999998,22.0,20.699999999999996" vel="0,0,0" mass="1" elasticityCoef="1" ang="90,0,0" color="0,220,0" radius="0.5" length="4" />
		<capsule pos="-21.849999999999998,22.0,22.999999999999993" vel="0,0,0" mass="1" elasticityCoef="1" ang="90,0,0" color="0,220,0" radius="0.5" length="4" />
		<capsule pos="-21.849999999999998,22.0,25.300000000000004" vel="0,0,0" mass="1" elasticityCoef="1" ang="90,0,0" color="0,220,0" radius="0.5" length="4" />
		<capsule pos="-21.849999999999998,22.0,27.6" vel="0,0,0" mass="1" elasticityCoef="1" ang="90,0,0" color="0,220,0" radius="0.5" length="4" />
		<capsule pos="-21.849999999999998,22.0,29.9" vel="0,0,0" mass="1" elasticityCoef="1" ang="90,0,0" color="0,220,0" radius="0.5" length="4" />
		<capsule pos="-21.849999999999998,22.0,32.199999999999996" vel="0,0,0" mass="1" elasticityCoef="1" ang="90,0,0" color="0,220,0" radius="0.5" length="4" />
		<capsule pos="-21.849999999999998,22.0,34.49999999999999" vel="0,0,0" mass="1" elasticityCoef="1" ang="90,0,0" color="0,220,0" radius="0.5" length="4" />
		<capsule pos="-21.849999999999998,22.0,36.800000000000004" vel="0,0,0" mass="1" elasticityCoef="1" ang="90,0,0" color="0,220,0" radius="0.5" length="4" />
		<capsule pos="-21.849999999999998,22.0,39.1" vel="0,0,0" mass="1" elasticityCoef="1" ang="90,0,0" color="0,220,0" radius="0.5" length="4" />
		<capsule pos="-21.849999999999998,22.0,41.4" vel="0,0,0" mass="1" elasticityCoef="1" ang="90,0,0" color="0,220,0" radius="0.5" length="4" />
		<capsule pos="-21.849999999999998,27.5,-43.699999999999996" vel="0,0,0" mass="1" elasticityCoef="1" ang="90,0,0" color="0,220,0" radius="0.5" length="4" />
		<capsule pos="-21.849999999999998,27.5,-41.4" vel="0,0,0" mass="1" elasticityCoef="1" ang="90,0,0" color="0,220,0" radius="0.5" length="4" />
		<capsule pos="-21.849999999999998,27.5,-39.099999999999994" vel="0,0,0" mass="1" elasticityCoef="1" ang="90,0,0" color="0,220,0" radius="0.5" length="4" />
		<capsule pos="-21.849999999999998,27.5,-36.8" vel="0,0,0" mass="1" elasticityCoef="1" ang="90,0,0" color="0,220,0" radius="0.5" length="4" />
		<capsule pos="-21.849999999999998,27.5,-34.5" vel="0,0,0" mass="1" elasticityCoef="1" ang="90,0,0" color="0,220,0" radius="0.5" length="4" />
		<capsule pos="-21.849999999999998,27.5,-32.199999999999996" vel="0,0,0" mass="1" elasticityCoef="1" ang="90,0,0" color="0,220,0" radius="0.5" length="4" />
		<capsule pos="-21.849999999999998,27.5,-29.9" vel="0,0,0" mass="1" elasticityCoef="1" ang="90,0,0" color="0,220,0" radius="0.5" length="4" />
		<capsule pos="-21.849999999999998,27.5,-27.599999999999998" vel="0,0,0" mass="1" elasticityCoef="1" ang="90,0,0" color="0,220,0" radius="0.5" length="4" />
		<capsule pos="-21.849999999999998,27.5,-25.299999999999997" vel="0,0,0" mass="1" elasticityCoef="1" ang="90,0,0" color="0,220,0" radius="0.5" length="4" />
		<capsule pos="-21.849999999999998,27.5,-22.999999999999996" vel="0,0,0" mass="1" elasticityCoef="1" ang="90,0,0" color="0,220,0" radius="0.5" length="4" />
		<capsule pos="-21.849999999999998,27.5,-20.699999999999996" vel="0,0,0" mass="1" elasticityCoef="1" ang="90,0,0" color="0,220,0" radius="0.5" length="4" />
		<capsule pos="-21.849999999999998,27.5,-18.4" vel="0,0,0" mass="1" elasticityCoef="1" ang="90,0,0" color="0,220,0" radius="0.5" length="4" />
		<capsule pos="-21.849999999999998,27.5,-16.099999999999998" vel="0,0,0" mass="1" elasticityCoef="1" ang="90,0,0" color="0,220,0" radius="0.5" length="4" />
		<capsule pos="-21.849999999999998,27.5,-13.799999999999997" vel="0,0,0" mass="1" elasticityCoef="1" ang="90,0,0" color="0,220,0" radius="0.5" length="4" />
		<capsule pos="-21.849999999999998,27.5,-11.5" vel="0,0,0" mass="1" elasticityCoef="1" ang="90,0,0" color="0,220,0" radius="0.5" length="4" />
		<capsule pos="-21.849999999999998,27.5,-9.199999999999996" vel="0,0,0" mass="1" elasticityCoef="1" ang="90,0,0" color="0,220,0" radius="0.5" length="4" />
		<capsule pos="-21.849999999999998,27.5,-6.899999999999999" vel="0,0,0" mass="1" elasticityCoef="1" ang="90,0,0" color="0,220,0" radius="0.5" length="4" />
		<capsule pos="-21.849999999999998,27.5,-4.600000000000001" vel="0,0,0" mass="1" elasticityCoef="1" ang="90,0,0" color="0,220,0" radius="0.5" length="4" />
		<capsule pos="-21.849999999999998,27.5,-2.299999999999997" vel="0,0,0" mass="1" elasticityCoef="1" ang="90,0,0" color="0,220,0" radius="0.5" length="4" />
		<capsule pos="-21.849999999999998,27.5,0.0" vel="0,0,0" mass="1" elasticityCoef="1" ang="90,0,0" color="0,220,0" radius="0.5" length="4" />
		<capsule pos="-21.849999999999998,27.5,2.3000000000000043" vel="0,0,0" mass="1" elasticityCoef="1" ang="90,0,0" color="0,220,0" radius="0.5" length="4" />
		<capsule pos="-21.849999999999998,27.5,4.600000000000001" vel="0,0,0" mass="1" elasticityCoef="1" ang="90,0,0" color="0,220,0" radius="0.5" length="4" />
		<capsule pos="-21.849999999999998,27.5,6.899999999999999" vel="0,0,0" mass="1" elasticityCoef="1" ang="90,0,0" color="0,220,0" radius="0.5" length="4" />
		<capsule pos="-21.849999999999998,27.5,9.200000000000003" vel="0,0,0" mass="1" elasticityCoef="1" ang="90,0,0" color="0,220,0" radius="0.5" length="4" />
		<capsule pos="-21.849999999999998,27.5,11.5" vel="0,0,0" mass="1" elasticityCoef="1" ang="90,0,0" color="0,220,0" radius="0.5" length="4" />
		<capsule pos="-21.849999999999998,27.5,13.799999999999997" vel="0,0,0" mass="1" elasticityCoef="1" ang="90,0,0" color="0,220,0" radius="0.5" length="4" />
		<capsule pos="-21.849999999999998,27.5,16.1" vel="0,0,0" mass="1" elasticityCoef="1" ang="90,0,0" color="0,220,0" radius="0.5" length="4" />
		<capsule pos="-21.849999999999998,27.5,18.4" vel="0,0,0" mass="1" elasticityCoef="1" ang="90,0,0" color="0,220,0" radius="0.5" length="4" />
		<capsule pos="-21.849999999999998,27.5,20.699999999999996" vel="0,0,0" mass="1" elasticityCoef="1" ang="90,0,0" color="0,220,0" radius="0.5" length="4" />
		<capsule pos="-21.849999999999998,27.5,22.999999999999993" vel="0,0,0" mass="1" elasticityCoef="1" ang="90,0,0" color="0,220,0" radius="0.5" length="4" />
		<capsule pos="-21.849999999999998,27.5,25.300000000000004" vel="0,0,0" mass="1" elasticityCoef="1" ang="90,0,0" color="0,220,0" radius="0.5" length="4" />
		<capsule pos="-21.849999999999998,27.5,27.6" vel="0,0,0" mass="1" elasticityCoef="1" ang="90,0,0" color="0,220,0" radius="0.5" length="4" />
		<capsule pos="-21.849999999999998,27.5,29.9" vel="0,0,0" mass="1" elasticityCoef="1" ang="90,0,0" color="0,220,0" radius="0.5" length="4" />
		<capsule pos="-21.849999999999998,27.5,32.199999999999996" vel="0,0,0" mass="1" elasticityCoef="1" ang="90,0,0" color="0,220,0" radius="0.5" length="4" />
		<capsule pos="-21.849999999999998,27.5,34.49999999999999" vel="0,0,0" mass="1" elasticityCoef="1" ang="90,0,0" color="0,220,0" radius="0.5" length="4" />
		<capsule pos="-21.849999999999998,27.5,36.800000000000004" vel="0,0,0" mass="1" elasticityCoef="1" ang="90,0,0" color="0,220,0" radius="0.5" length="4" />
		<capsule pos="-21.849999999999998,27.5,39.1" vel="0,0,0" mass="1" elasticityCoef="1" ang="90,0,0" color="0,220,0" radius="0.5" length="4" />
		<capsule pos="-21.849999999999998,27.5,41.4" vel="0,0,0" mass="1" elasticityCoef="1" ang="90,0,0" color="0,220,0" radius="0.5" length="4" />
		<capsule pos="-21.849999999999998,33.0,-43.699999999999996" vel="0,0,0" mass="1" elasticityCoef="1" ang="90,0,0" color="0,220,0" radius="0.5" length="4" />
		<capsule pos="-21.849999999999998,33.0,-41.4" vel="0,0,0" mass="1" elasticityCoef="1" ang="90,0,0" color="0,220,0" radius="0.5" length="4" />
		<capsule pos="-21.849999999999998,33.0,-39.099999999999994" vel="0,0,0" mass="1" elasticityCoef="1" ang="90,0,0" color="0,220,0" radius="0.5" length="4" />
		<capsule pos="-21.849999999999998,33.0,-36.8" vel="0,0,0" mass="1" elasticityCoef="1" ang="90,0,0" color="0,220,0" radius="0.5" length="4" />
		<capsule pos="-21.849999999999998,33.0,-34.5" vel="0,0,0" mass="1" elasticityCoef="1" ang="90,0,0" color="0,220,0" radius="0.5" length="4" />
		<capsule pos="-21.849999999999998,33.0,-32.199999999999996" vel="0,0,0" mass="1" elasticityCoef="1" ang="90,0,0" color="0,220,0" radius="0.5" length="4" />
		<capsule pos="-21.849999999999998,33.0,-29.9" vel="0,0,0" mass="1" elasticityCoef="1" ang="90,0,0" color="0,220,0" radius="0.5" length="4" />
		<capsule pos="-21.849999999999998,33.0,-27.599999999999998" vel="0,0,0" mass="1" elasticityCoef="1" ang="90,0,0" color="0,220,0" radius="0.5" length="4" />
		<capsule pos="-21.849999999999998,33.0,-25.299999999999997" vel="0,0,0" mass="1" elasticityCoef="1" ang="90,0,0" color="0,220,0" radius="0.5" length="4" />
		<capsule pos="-21.849999999999998,33.0,-22.999999999999996" vel="0,0,0" mass="1" elasticityCoef="1" ang="90,0,0" color="0,220,0" radius="0.5" length="4" />
		<capsule pos="-21.849999999999998,33.0,-20.699999999999996" vel="0,0,0" mass="1" elasticityCoef="1" ang="90,0,0" color="0,220,0" radius="0.5" length="4" />
		<capsule pos="-21.849999999999998,33.0,-18.4" vel="0,0,0" mass="1" elasticityCoef="1" ang="90,0,0" color="0,220,0" radius="0.5" length="4" />
		<capsule pos="-21.849999999999998,33.0,-16.099999999999998" vel="0,0,0" mass="1" elasticityCoef="1" ang="90,0,0" color="0,220,0" radius="0.5" length="4" />
		<capsule pos="-21.849999999999998,33.0,-13.799999999999997" vel="0,0,0" mass="1" elasticityCoef="1" ang="90,0,0" color="0,220,0" radius="0.5" length="4" />
		<capsule pos="-21.849999999999998,33.0,-11.5" vel="0,0,0" mass="1" elasticityCoef="1" ang="90,0,0" color="0,220,0" radius="0.5" length="4" />
		<capsule pos="-21.849999999999998,33.0,-9.199999999999996" vel="0,0,0" mass="1" elasticityCoef="1" ang="90,0,0" color="0,220,0" radius="0.5" length="4" />
		<capsule pos="-21.849999999999998,33.0,-6.899999999999999" vel="0,0,0" mass="1" elasticityCoef="1" ang="90,0,0" color="0,220,0" radius="0.5" length="4" />
		<capsule pos="-21.849999999999998,33.0,-4.600000000000001" vel="0,0,0" mass="1" elasticityCoef="1" ang="90,0,0" color="0,220,0" radius="0.5" length="4" />
		<capsule pos="-21.849999999999998,33.0,-2.299999999999997" vel="0,0,0" mass="1" elasticityCoef="1" ang="90,0,0" color="0,220,0" radius="0.5" length="4" />
		<capsule pos="-21.849999999999998,33.0,0.0" vel="0,0,0" mass="1" elasticityCoef="1" ang="90,0,0" color="0,220,0" radius="0.5" length="4" />
		<capsule pos="-21.849999999999998,33.0,2.3000000000000043" vel="0,0,0" mass="1" elasticityCoef="1" ang="90,0,0" color="0,220,0" radius="0.5" length="4" />
		<capsule pos="-21.849999999999998,33.0,4.600000000000001" vel="0,0,0" mass="1" elasticityCoef="1" ang="90,0,0" color="0,220,0" radius="0.5" length="4" />
		<capsule pos="-21.849999999999998,33.0,6.899999999999999" vel="0,0,0" mass="1" elasticityCoef="1" ang="90,0,0" color="0,220,0" radius="0.5" length="4" />
		<capsule pos="-21.849999999999998,33.0,9.200000000000003" vel="0,0,0" mass="1" elasticityCoef="1" ang="90,0,0" color="0,220,0" radius="0.5" length="4" />
		<capsule pos="-21.849999999999998,33.0,11.5" vel="0,0,0" mass="1" elasticityCoef="1" ang="90,0,0" color="0,220,0" radius="0.5" length="4" />
		<capsule pos="-21.849999999999998,33.0,13.799999999999997" vel="0,0,0" mass="1" elasticityCoef="1" ang="90,0,0" color="0,220,0" radius="0.5" length="4" />
		<capsule pos="-21.849999999999998,33.0,16.1" vel="0,0,0" mass="1" elasticityCoef="1" ang="90,0,0" color="0,220,0" radius="0.5" length="4" />
		<capsule pos="-21.849999999999998,33.0,18.4" vel="0,0,0" mass="1" elasticityCoef="1" ang="90,0,0" color="0,220,0" radius="0.5" length="4" />
		<capsule pos="-21.849999999999998,33.0,20.699999999999996" vel="0,0,0" mass="1" elasticityCoef="1" ang="90,0,0" color="0,220,0" radius="0.5" length="4" />
		<capsule pos="-21.849999999999998,33.0,22.999999999999993" vel="0,0,0" mass="1" elasticityCoef="1" ang="90,0,0" color="0,220,0" radius="0.5" length="4" />
		<capsule pos="-21.849999999999998,33.0,25.300000000000004" vel="0,0,0" mass="1" elasticityCoef="1" ang="90,0,0" color="0,220,0" radius="0.5" length="4" />
		<capsule pos="-21.849999999999998,33.0,27.6" vel="0,0,0" mass="1" elasticityCoef="1" ang="90,0,0" color="0,220,0" radius="0.5" length="4" />
		<capsule pos="-21.849999999999998,33.0,29.9" vel="0,0,0" mass="1" elasticityCoef="1" ang="90,0,0" color="0,220,0" radius="0.5" length="4" />
		<capsule pos="-21.849999999999998,33.0,32.199999999999996" vel="0,0,0" mass="1" elasticityCoef="1" ang="90,0,0" color="0,220,0" radius="0.5" length="4" />
		<capsule pos="-21.849999999999998,33.0,34.49999999999999" vel="0,0,0" mass="1" elasticityCoef="1" ang="90,0,0" color="0,220,0" radius="0.5" length="4" />
		<capsule pos="-21.849999999999998,33.0,36.800000000000004" vel="0,0,0" mass="1" elasticityCoef="1" ang="90,0,0" color="0,220,0" radius="0.5" length="4" />
		<capsule pos="-21.849999999999998,33.0,39.1" vel="0,0,0" mass="1" elasticityCoef="1" ang="90,0,0" color="0,220,0" radius="0.5" length="4" />
		<capsule pos="-21.849999999999998,33.0,41.4" vel="0,0,0" mass="1" elasticityCoef="1" ang="90,0,0" color="0,220,0" radius="0.5" length="4" />
		<capsule pos="-21.849999999999998,38.5,-43.699999999999996" vel="0,0,0" mass="1" elasticityCoef="1" ang="90,0,0" color="0,220,0" radius="0.5" length="4" />
		<capsule pos="-21.849999999999998,38.5,-41.4" vel="0,0,0" mass="1" elasticityCoef="1" ang="90,0,0" color="0,220,0" radius="0.5" length="4" />
		<capsule pos="-21.849999999999998,38.5,-39.099999999999994" vel="0,0,0" mass="1" elasticityCoef="1" ang="90,0,0" color="0,220,0" radius="0.5" length="4" />
		<capsule pos="-21.849999999999998,38.5,-36.8" vel="0,0,0" mass="1" elasticityCoef="1" ang="90,0,0" color="0,220,0" radius="0.5" length="4" />
		<capsule pos="-21.849999999999998,38.5,-34.5" vel="0,0,0" mass="1" elasticityCoef="1" ang="90,0,0" color="0,220,0" radius="0.5" length="4" />
		<capsule pos="-21.849999999999998,38.5,-32.199999999999996" vel="0,0,0" mass="1" elasticityCoef="1" ang="90,0,0" color="0,220,0" radius="0.5" length="4" />
		<capsule pos="-21.849999999999998,38.5,-29.9" vel="0,0,0" mass="1" elasticityCoef="1" ang="90,0,0" color="0,220,0" radius="0.5" length="4" />
		<capsule pos="-21.849999999999998,38.5,-27.599999999999998" vel="0,0,0" mass="1" elasticityCoef="1" ang="90,0,0" color="0,220,0" radius="0.5" length="4" />
		<capsule pos="-21.849999999999998,38.5,-25.299999999999997" vel="0,0,0" mass="1" elasticityCoef="1" ang="90,0,0" color="0,220,0" radius="0.5" length="4" />
		<capsule pos="-21.849999999999998,38.5,-22.999999999999996" vel="0,0,0" mass="1" elasticityCoef="1" ang="90,0,0" color="0,220,0" radius="0.5" length="4" />
		<capsule pos="-21.849999999999998,38.5,-20.699999999999996" vel="0,0,0" mass="1" elasticityCoef="1" ang="90,0,0" color="0,220,0" radius="0.5" length="4" />
		<capsule pos="-21.849999999999998,38.5,-18.4" vel="0,0,0" mass="1" elasticityCoef="1" ang="90,0,0" color="0,220,0" radius="0.5" length="4" />
		<capsule pos="-21.849999999999998,38.5,-16.099999999999998" vel="0,0,0" mass="1" elasticityCoef="1" ang="90,0,0" color="0,220,0" radius="0.5" length="4" />
		<capsule pos="-21.849999999999998,38.5,-13.799999999999997" vel="0,0,0" mass="1" elasticityCoef="1" ang="90,0,0" color="0,220,0" radius="0.5" length="4" />
		<capsule pos="-21.849999999999998,38.5,-11.5" vel="0,0,0" mass="1" elasticityCoef="1" ang="90,0,0" color="0,220,0" radius="0.5" length="4" />
		<capsule pos="-21.849999999999998,38.5,-9.199999999999996" vel="0,0,0" mass="1" elasticityCoef="1" ang="90,0,0" color="0,220,0" radius="0.5" length="4" />
		<capsule pos="-21.849999999999998,38.5,-6.899999999999999" vel="0,0,0" mass="1" elasticityCoef="1" ang="90,0,0" color="0,220,0" radius="0.5" length="4" />
		<capsule pos="-21.849999999999998,38.5,-4.600000000000001" vel="0,0,0" mass="1" elasticityCoef="1" ang="90,0,0" color="0,220,0" radius="0.5" length="4" />
		<capsule pos="-21.849999999999998,38.5,-2.299999999999997" vel="0,0,0" mass="1" elasticityCoef="1" ang="90,0,0" color="0,220,0" radius="0.5" length="4" />
		<capsule pos="-21.849999999999998,38.5,0.0" vel="0,0,0" mass="1" elasticityCoef="1" ang="90,0,0" color="0,220,0" radius="0.5" length="4" />
		<capsule pos="-21.849999999999998,38.5,2.3000000000000043" vel="0,0,0" mass="1" elasticityCoef="1" ang="90,0,0" color="0,220,0" radius="0.5" length="4" />
		<capsule pos="-21.849999999999998,38.5,4.600000000000001" vel="0,0,0" mass="1" elasticityCoef="1" ang="90,0,0" color="0,220,0" radius="0.5" length="4" />
		<capsule pos="-21.849999999999998,38.5,6.899999999999999" vel="0,0,0" mass="1" elasticityCoef="1" ang="90,0,0" color="0,220,0" radius="0.5" length="4" />
		<capsule pos="-21.849999999999998,38.5,9.200000000000003" vel="0,0,0" mass="1" elasticityCoef="1" ang="90,0,0" color="0,220,0" radius="0.5" length="4" />
		<capsule pos="-21.849999999999998,38.5,11.5" vel="0,0,0" mass="1" elasticityCoef="1" ang="90,0,0" color="0,220,0" radius="0.5" length="4" />
		<capsule pos="-21.849999999999998,38.5,13.799999999999997" vel="0,0,0" mass="1" elasticityCoef="1" ang="90,0,0" color="0,220,0" radius="0.5" length="4" />
		<capsule pos="-21.849999999999998,38.5,16.1" vel="0,0,0" mass="1" elasticityCoef="1" ang="90,0,0" color="0,220,0" radius="0.5" length="4" />
		<capsule pos="-21.849999999999998,38.5,18.4" vel="0,0,0" mass="1" elasticityCoef="1" ang="90,0,0" color="0,220,0" radius="0.5" length="4" />
		<capsule pos="-21.849999999999998,38.5,20.699999999999996" vel="0,0,0" mass="1" elasticityCoef="1" ang="90,0,0" color="0,220,0" radius="0.5" length="4" />
		<capsule pos="-21.849999999999998,38.5,22.999999999999993" vel="0,0,0" mass="1" elasticityCoef="1" ang="90,0,0" color="0,220,0" radius="0.5" length="4" />
		<capsule pos="-21.849999999999998,38.5,25.300000000000004" vel="0,0,0" mass="1" elasticityCoef="1" ang="90,0,0" color="0,220,0" radius="0.5" length="4" />
		<capsule pos="-21.849999999999998,38.5,27.6" vel="0,0,0" mass="1" elasticityCoef="1" ang="90,0,0" color="0,220,0" radius="0.5" length="4" />
		<capsule pos="-21.849999999999998,38.5,29.9" vel="0,0,0" mass="1" elasticityCoef="1" ang="90,0,0" color="0,220,0" radius="0.5" length="4" />
		<capsule pos="-21.849999999999998,38.5,32.199999999999996" vel="0,0,0" mass="1" elasticityCoef="1" ang="90,0,0" color="0,220,0" radius="0.5" length="4" />
		<capsule pos="-21.849999999999998,38.5,34.49999999999999" vel="0,0,0" mass="1" elasticityCoef="1" ang="90,0,0" color="0,220,0" radius="0.5" length="4" />
		<capsule pos="-21.849999999999998,38.5,36.800000000000004" vel="0,0,0" mass="1" elasticityCoef="1" ang="90,0,0" color="0,220,0" radius="0.5" length="4" />
		<capsule pos="-21.849999999999998,38.5,39.1" vel="0,0,0" mass="1" elasticityCoef="1" ang="90,0,0" color="0,220,0" radius="0.5" length="4" />
		<capsule pos="-21.849999999999998,38.5,41.4" vel="0,0,0" mass="1" elasticityCoef="1" ang="90,0,0" color="0,220,0" radius="0.5" length="4" />
		<capsule pos="-21.849999999999998,44.0,-43.699999999999996" vel="0,0,0" mass="1" elasticityCoef="1" ang="90,0,0" color="0,220,0" radius="0.5" length="4" />
		<capsule pos="-21.849999999999998,44.0,-41.4" vel="0,0,0" mass="1" elasticityCoef="1" ang="90,0,0" color="0,220,0" radius="0.5" length="4" />
		<capsule pos="-21.849999999999998,44.0,-39.099999999999994" vel="0,0,0" mass="1" elasticityCoef="1" ang="90,0,0" color="0,220,0" radius="0.5" length="4" />
		<capsule pos="-21.849999999999998,44.0,-36.8" vel="0,0,0" mass="1" elasticityCoef="1" ang="90,0,0" color="0,220,0" radius="0.5" length="4" />
		<capsule pos="-21.849999999999998,44.0,-34.5" vel="0,0,0" mass="1" elasticityCoef="1" ang="90,0,0" color="0,220,0" radius="0.5" length="4" />
		<capsule pos="-21.849999999999998,44.0,-32.199999999999996" vel="0,0,0" mass="1" elasticityCoef="1" ang="90,0,0" color="0,220,0" radius="0.5" length="4" />
		<capsule pos="-21.849999999999998,44.0,-29.9" vel="0,0,0" mass="1" elasticityCoef="1" ang="90,0,0" color="0,220,0" radius="0.5" length="4" />
		<capsule pos="-21.849999999999998,44.0,-27.599999999999998" vel="0,0,0" mass="1" elasticityCoef="1" ang="90,0,0" color="0,220,0" radius="0.5" length="4" />
		<capsule pos="-21.849999999999998,44.0,-25.299999999999997" vel="0,0,0" mass="1" elasticityCoef="1" ang="90,0,0" color="0,220,0" radius="0.5" length="4" />
		<capsule pos="-21.849999999999998,44.0,-22.999999999999996" vel="0,0,0" mass="1" elasticityCoef="1" ang="90,0,0" color="0,220,0" radius="0.5" length="4" />
		<capsule pos="-21.849999999999998,44.0,-20.699999999999996" vel="0,0,0" mass="1" elasticityCoef="1" ang="90,0,0" color="0,220,0" radius="0.5" length="4" />
		<capsule pos="-21.849999999999998,44.0,-18.4" vel="0,0,0" mass="1" elasticityCoef="1" ang="90,0,0" color="0,220,0" radius="0.5" length="4" />
		<capsule pos="-21.849999999999998,44.0,-16.099999999999998" vel="0,0,0" mass="1" elasticityCoef="1" ang="90,0,0" color="0,220,0" radius="0.5" length="4" />
		<capsule pos="-21.849999999999998,44.0,-13.799999999999997" vel="0,0,0" mass="1" elasticityCoef="1" ang="90,0,0" color="0,220,0" radius="0.5" length="4" />
		<capsule pos="-21.849999999999998,44.0,-11.5" vel="0,0,0" mass="1" elasticityCoef="1" ang="90,0,0" color="0,220,0" radius="0.5" length="4" />
		<capsule pos="-21.849999999999998,44.0,-9.199999999999996" vel="0,0,0" mass="1" elasticityCoef="1" ang="90,0,0" color="0,220,0" radius="0.5" length="4" />
		<capsule pos="-21.849999999999998,44.0,-6.899999999999999" vel="0,0,0" mass="1" elasticityCoef="1" ang="90,0,0" color="0,220,0" radius="0.5" length="4" />
		<capsule pos="-21.849999999999998,44.0,-4.600000000000001" vel="0,0,0" mass="1" elasticityCoef="1" ang="90,0,0" color="0,220,0" radius="0.5" length="4" />
		<capsule pos="-21.849999999999998,44.0,-2.299999999999997" vel="0,0,0" mass="1" elasticityCoef="1" ang="90,0,0" color="0,220,0" radius="0.5" length="4" />
		<capsule pos="-21.849999999999998,44.0,0.0" vel="0,0,0" mass="1" elasticityCoef="1" ang="90,0,0" color="0,220,0" radius="0.5" length="4" />
		<capsule pos="-21.849999999999998,44.0,2.3000000000000043" vel="0,0,0" mass="1" elasticityCoef="1" ang="90,0,0" color="0,220,0" radius="0.5" length="4" />
		<capsule pos="-21.849999999999998,44.0,4.600000000000001" vel="0,0,0" mass="1" elasticityCoef="1" ang="90,0,0" color="0,220,0" radius="0.5" length="4" />
		<capsule pos="-21.849999999999998,44.0,6.899999999999999" vel="0,0,0" mass="1" elasticityCoef="1" ang="90,0,0" color="0,220,0" radius="0.5" length="4" />
		<capsule pos="-21.849999999999998,44.0,9.200000000000003" vel="0,0,0" mass="1" elasticityCoef="1" ang="90,0,0" color="0,220,0" radius="0.5" length="4" />
		<capsule pos="-21.849999999999998,44.0,11.5" vel="0,0,0" mass="1" elasticityCoef="1" ang="90,0,0" color="0,220,0" radius="0.5" length="4" />
		<capsule pos="-21.849999999999998,44.0,13.799999999999997" vel="0,0,0" mass="1" elasticityCoef="1" ang="90,0,0" color="0,220,0" radius="0.5" length="4" />
		<capsule pos="-21.849999999999998,44.0,16.1" vel="0,0,0" mass="1" elasticityCoef="1" ang="90,0,0" color="0,220,0" radius="0.5" length="4" />
		<capsule pos="-21.849999999999998,44.0,18.4" vel="0,0,0" mass="1" elasticityCoef="1" ang="90,0,0" color="0,220,0" radius="0.5" length="4" />
		<capsule pos="-21.849999999999998,44.0,20.699999999999996" vel="0,0,0" mass="1" elasticityCoef="1" ang="90,0,0" color="0,220,0" radius="0.5" length="4" />
		<capsule pos="-21.849999999999998,44.0,22.999999999999993" vel="0,0,0" mass="1" elasticityCoef="1" ang="90,0,0" color="0,220,0" radius="0.5" length="4" />
		<capsule pos="-21.849999999999998,44.0,25.300000000000004" vel="0,0,0" mass="1" elasticityCoef="1" ang="90,0,0" color="0,220,0" radius="0.5" length="4" />
		<capsule pos="-21.849999999999998,44.0,27.6" vel="0,0,0" mass="1" elasticityCoef="1" ang="90,0,0" color="0,220,0" radius="0.5" length="4" />
		<capsule pos="-21.849999999999998,44.0,29.9" vel="0,0,0" mass="1" elasticityCoef="1" ang="90,0,0" color="0,220,0" radius="0.5" length="4" />
		<capsule pos="-21.849999999999998,44.0,32.199999999999996" vel="0,0,0" mass="1" elasticityCoef="1" ang="90,0,0" color="0,220,0" radius="0.5" length="4" />
		<capsule pos="-21.849999999999998,44.0,34.49999999999999" vel="0,0,0" mass="1" elasticityCoef="1" ang="90,0,0" color="0,220,0" radius="0.5" length="4" />
		<capsule pos="-21.849999999999998,44.0,36.800000000000004" vel="0,0,0" mass="1" elasticityCoef="1" ang="90,0,0" color="0,220,0" radius="0.5" length="4" />
		<capsule pos="-21.849999999999998,44.0,39.1" vel="0,0,0" mass="1" elasticityCoef="1" ang="90,0,0" color="0,220,0" radius="0.5" length="4" />
		<capsule pos="-21.849999999999998,44.0,41.4" vel="0,0,0" mass="1" elasticityCoef="1" ang="90,0,0" color="0,220,0" radius="0.5" length="4" />
		<capsule pos="-19.549999999999997,-49.5,-43.699999999999996" vel="0,0,0" mass="1" elasticityCoef="1" ang="90,0,0" color="0,220,0" radius="0.5" length="4" />
		<capsule pos="-19.549999999999997,-49.5,-41.4" vel="0,0,0" mass="1" elasticityCoef="1" ang="90,0,0" color="0,220,0" radius="0.5" length="4" />
		<capsule pos="-19.549999999999997,-49.5,-39.099999999999994" vel="0,0,0" mass="1" elasticityCoef="1" ang="90,0,0" color="0,220,0" radius="0.5" length="4" />
		<capsule pos="-19.549999999999997,-49.5,-36.8" vel="0,0,0" mass="1" elasticityCoef="1" ang="90,0,0" color="0,220,0" radius="0.5" length="4" />
		<capsule pos="-19.549999999999997,-49.5,-34.5" vel="0,0,0" mass="1" elasticityCoef="1" ang="90,0,0" color="0,220,0" radius="0.5" length="4" />
		<capsule pos="-19.549999999999997,-49.5,-32.199999999999996" vel="0,0,0" mass="1" elasticityCoef="1" ang="90,0,0" color="0,220,0" radius="0.5" length="4" />
		<capsule pos="-19.549999999999997,-49.5,-29.9" vel="0,0,0" mass="1" elasticityCoef="1" ang="90,0,0" color="0,220,0" radius="0.5" length="4" />
		<capsule pos="-19.549999999999997,-49.5,-27.599999999999998" vel="0,0,0" mass="1" elasticityCoef="1" ang="90,0,0" color="0,220,0" radius="0.5" length="4" />
		<capsule pos="-19.549999999999997,-49.5,-25.299999999999997" vel="0,0,0" mass="1" elasticityCoef="1" ang="90,0,0" color="0,220,0" radius="0.5" length="4" />
		<capsule pos="-19.549999999999997,-49.5,-22.999999999999996" vel="0,0,0" mass="1" elasticityCoef="1" ang="90,0,0" color="0,220,0" radius="0.5" length="4" />
		<capsule pos="-19.549999999999997,-49.5,-20.699999999999996" vel="0,0,0" mass="1" elasticityCoef="1" ang="90,0,0" color="0,220,0" radius="0.5" length="4" />
		<capsule pos="-19.549999999999997,-49.5,-18.4" vel="0,0,0" mass="1" elasticityCoef="1" ang="90,0,0" color="0,220,0" radius="0.5" length="4" />
		<capsule pos="-19.549999999999997,-49.5,-16.099999999999998" vel="0,0,0" mass="1" elasticityCoef="1" ang="90,0,0" color="0,220,0" radius="0.5" length="4" />
		<capsule pos="-19.549999999999997,-49.5,-13.799999999999997" vel="0,0,0" mass="1" elasticityCoef="1" ang="90,0,0" color="0,220,0" radius="0.5" length="4" />
		<capsule pos="-19.549999999999997,-49.5,-11.5" vel="0,0,0" mass="1" elasticityCoef="1" ang="90,0,0" color="0,220,0" radius="0.5" length="4" />
		<capsule pos="-19.549999999999997,-49.5,-9.199999999999996" vel="0,0,0" mass="1" elasticityCoef="1" ang="90,0,0" color="0,220,0" radius="0.5" length="4" />
		<capsule pos="-19.549999999999997,-49.5,-6.899999999999999" vel="0,0,0" mass="1" elasticityCoef="1" ang="90,0,0" color="0,220,0" radius="0.5" length="4" />
		<capsule pos="-19.549999999999997,-49.5,-4.600000000000001" vel="0,0,0" mass="1" elasticityCoef="1" ang="90,0,0" color="0,220,0" radius="0.5" length="4" />
		<capsule pos="-19.549999999999997,-49.5,-2.299999999999997" vel="0,0,0" mass="1" elasticityCoef="1" ang="90,0,0" color="0,220,0" radius="0.5" length="4" />
		<capsule pos="-19.549999999999997,-49.5,0.0" vel="0,0,0" mass="1" elasticityCoef="1" ang="90,0,0" color="0,220,0" radius="0.5" length="4" />
		<capsule pos="-19.549999999999997,-49.5,2.3000000000000043" vel="0,0,0" mass="1" elasticityCoef="1" ang="90,0,0" color="0,220,0" radius="0.5" length="4" />
		<capsule pos="-19.549999999999997,-49.5,4.600000000000001" vel="0,0,0" mass="1" elasticityCoef="1" ang="90,0,0" color="0,220,0" radius="0.5" length="4" />
		<capsule pos="-19.549999999999997,-49.5,6.899999999999999" vel="0,0,0" mass="1" elasticityCoef="1" ang="90,0,0" color="0,220,0" radius="0.5" length="4" />
		<capsule pos="-19.549999999999997,-49.5,9.200000000000003" vel="0,0,0" mass="1" elasticityCoef="1" ang="90,0,0" color="0,220,0" radius="0.5" length="4" />
		<capsule pos="-19.549999999999997,-49.5,11.5" vel="0,0,0" mass="1" elasticityCoef="1" ang="90,0,0" color="0,220,0" radius="0.5" length="4" />
		<capsule pos="-19.549999999999997,-49.5,13.799999999999997" vel="0,0,0" mass="1" elasticityCoef="1" ang="90,0,0" color="0,220,0" radius="0.5" length="4" />
		<capsule pos="-19.549999999999997,-49.5,16.1" vel="0,0,0" mass="1" elasticityCoef="1" ang="90,0,0" color="0,220,0" radius="0.5" length="4" />
		<capsule pos="-19.549999999999997,-49.5,18.4" vel="0,0,0" mass="1" elasticityCoef="1" ang="90,0,0" color="0,220,0" radius="0.5" length="4" />
		<capsule pos="-19.549999999999997,-49.5,20.699999999999996" vel="0,0,0" mass="1" elasticityCoef="1" ang="90,0,0" color="0,220,0" radius="0.5" length="4" />
		<capsule pos="-19.549999999999997,-49.5,22.999999999999993" vel="0,0,0" mass="1" elasticityCoef="1" ang="90,0,0" color="0,220,0" radius="0.5" length="4" />
		<capsule pos="-19.549999999999997,-49.5,25.300000000000004" vel="0,0,0" mass="1" elasticityCoef="1" ang="90,0,0" color="0,220,0" radius="0.5" length="4" />
		<capsule pos="-19.549999999999997,-49.5,27.6" vel="0,0,0" mass="1" elasticityCoef="1" ang="90,0,0" color="0,220,0" radius="0.5" length="4" />
		<capsule pos="-19.549999999999997,-49.5,29.9" vel="0,0,0" mass="1" elasticityCoef="1" ang="90,0,0" color="0,220,0" radius="0.5" length="4" />
		<capsule pos="-19.549999999999997,-49.5,32.199999999999996" vel="0,0,0" mass="1" elasticityCoef="1" ang="90,0,0" color="0,220,0" radius="0.5" length="4" />
		<capsule pos="-19.549999999999997,-49.5,34.49999999999999" vel="0,0,0" mass="1" elasticityCoef="1" ang="90,0,0" color="0,220,0" radius="0.5" length="4" />
		<capsule pos="-19.549999999999997,-49.5,36.800000000000004" vel="0,0,0" mass="1" elasticityCoef="1" ang="90,0,0" color="0,220,0" radius="0.5" length="4" />
		<capsule pos="-19.549999999999997,-49.5,39.1" vel="0,0,0" mass="1" elasticityCoef="1" ang="90,0,0" color="0,220,0" radius="0.5" length="4" />
		<capsule pos="-19.549999999999997,-49.5,41.4" vel="0,0,0" mass="1" elasticityCoef="1" ang="90,0,0" color="0,220,0" radius="0.5" length="4" />
		<capsule pos="-19.549999999999997,-44.0,-43.699999999999996" vel="0,0,0" mass="1" elasticityCoef="1" ang="90,0,0" color="0,220,0" radius="0.5" length="4" />
		<capsule pos="-19.549999999999997,-44.0,-41.4" vel="0,0,0" mass="1" elasticityCoef="1" ang="90,0,0" color="0,220,0" radius="0.5" length="4" />
		<capsule pos="-19.549999999999997,-44.0,-39.099999999999994" vel="0,0,0" mass="1" elasticityCoef="1" ang="90,0,0" color="0,220,0" radius="0.5" length="4" />
		<capsule pos="-19.549999999999997,-44.0,-36.8" vel="0,0,0" mass="1" elasticityCoef="1" ang="90,0,0" color="0,220,0" radius="0.5" length="4" />
		<capsule pos="-19.549999999999997,-44.0,-34.5" vel="0,0,0" mass="1" elasticityCoef="1" ang="90,0,0" color="0,220,0" radius="0.5" length="4" />
		<capsule pos="-19.549999999999997,-44.0,-32.199999999999996" vel="0,0,0" mass="1" elasticityCoef="1" ang="90,0,0" color="0,220,0" radius="0.5" length="4" />
		<capsule pos="-19.549999999999997,-44.0,-29.9" vel="0,0,0" mass="1" elasticityCoef="1" ang="90,0,0" color="0,220,0" radius="0.5" length="4" />
		<capsule pos="-19.549999999999997,-44.0,-27.599999999999998" vel="0,0,0" mass="1" elasticityCoef="1" ang="90,0,0" color="0,220,0" radius="0.5" length="4" />
		<capsule pos="-19.549999999999997,-44.0,-25.299999999999997" vel="0,0,0" mass="1" elasticityCoef="1" ang="90,0,0" color="0,220,0" radius="0.5" length="4" />
		<capsule pos="-19.549999999999997,-44.0,-22.999999999999996" vel="0,0,0" mass="1" elasticityCoef="1" ang="90,0,0" color="0,220,0" radius="0.5" length="4" />
		<capsule pos="-19.549999999999997,-44.0,-20.699999999999996" vel="0,0,0" mass="1" elasticityCoef="1" ang="90,0,0" color="0,220,0" radius="0.5" length="4" />
		<capsule pos="-19.549999999999997,-44.0,-18.4" vel="0,0,0" mass="1" elasticityCoef="1" ang="90,0,0" color="0,220,0" radius="0.5" length="4" />
		<capsule pos="-19.549999999999997,-44.0,-16.099999999999998" vel="0,0,0" mass="1" elasticityCoef="1" ang="90,0,0" color="0,220,0" radius="0.5" length="4" />
		<capsule pos="-19.549999999999997,-44.0,-13.799999999999997" vel="0,0,0" mass="1" elasticityCoef="1" ang="90,0,0" color="0,220,0" radius="0.5" length="4" />
		<capsule pos="-19.549999999999997,-44.0,-11.5" vel="0,0,0" mass="1" elasticityCoef="1" ang="90,0,0" color="0,220,0" radius="0.5" length="4" />
		<capsule pos="-19.549999999999997,-44.0,-9.199999999999996" vel="0,0,0" mass="1" elasticityCoef="1" ang="90,0,0" color="0,220,0" radius="0.5" length="4" />
		<capsule pos="-19.549999999999997,-44.0,-6.899999999999999" vel="0,0,0" mass="1" elasticityCoef="1" ang="90,0,0" color="0,220,0" radius="0.5" length="4" />
		<capsule pos="-19.549999999999997,-44.0,-4.600000000000001" vel="0,0,0" mass="1" elasticityCoef="1" ang="90,0,0" color="0,220,0" radius="0.5" length="4" />
		<capsule pos="-19.549999999999997,-44.0,-2.299999999999997" vel="0,0,0" mass="1" elasticityCoef="1" ang="90,0,0" color="0,220,0" radius="0.5" length="4" />
		<capsule pos="-19.549999999999997,-44.0,0.0" vel="0,0,0" mass="1" elasticityCoef="1" ang="90,0,0" color="0,220,0" radius="0.5" length="4" />
		<capsule pos="-19.549999999999997,-44.0,2.3000000000000043" vel="0,0,0" mass="1" elasticityCoef="1" ang="90,0,0" color="0,220,0" radius="0.5" length="4" />
		<capsule pos="-19.549999999999997,-44.0,4.600000000000001" vel="0,0,0" mass="1" elasticityCoef="1" ang="90,0,0" color="0,220,0" radius="0.5" length="4" />
		<capsule pos="-19.549999999999997,-44.0,6.899999999999999" vel="0,0,0" mass="1" elasticityCoef="1" ang="90,0,0" color="0,220,0" radius="0.5" length="4" />
		<capsule pos="-19.549999999999997,-44.0,9.200000000000003" vel="0,0,0" mass="1" elasticityCoef="1" ang="90,0,0" color="0,220,0" radius="0.5" length="4" />
		<capsule pos="-19.549999999999997,-44.0,11.5" vel="0,0,0" mass="1" elasticityCoef="1" ang="90,0,0" color="0,220,0" radius="0.5" length="4" />
		<capsule pos="-19.549999999999997,-44.0,13.799999999999997" vel="0,0,0" mass="1" elasticityCoef="1" ang="90,0,0" color="0,220,0" radius="0.5" length="4" />
		<capsule pos="-19.549999999999997,-44.0,16.1" vel="0,0,0" mass="1" elasticityCoef="1" ang="90,0,0" color="0,220,0" radius="0.5" length="4" />
		<capsule pos="-19.549999999999997,-44.0,18.4" vel="0,0,0" mass="1" elasticityCoef="1" ang="90,0,0" color="0,220,0" radius="0.5" length="4" />
		<capsule pos="-19.549999999999997,-44.0,20.699999999999996" vel="0,0,0" mass="1" elasticityCoef="1" ang="90,0,0" color="0,220,0" radius="0.5" length="4" />
		<capsule pos="-19.549999999999997,-44.0,22.999999999999993" vel="0,0,0" mass="1" elasticityCoef="1" ang="90,0,0" color="0,220,0" radius="0.5" length="4" />
		<capsule pos="-19.549999999999997,-44.0,25.300000000000004" vel="0,0,0" mass="1" elasticityCoef="1" ang="90,0,0" color="0,220,0" radius="0.5" length="4" />
		<capsule pos="-19.549999999999997,-44.0,27.6" vel="0,0,0" mass="1" elasticityCoef="1" ang="90,0,0" color="0,220,0" radius="0.5" length="4" />
		<capsule pos="-19.549999999999997,-44.0,29.9" vel="0,0,0" mass="1" elasticityCoef="1" ang="90,0,0" color="0,220,0" radius="0.5" length="4" />
		<capsule pos="-19.549999999999997,-44.0,32.199999999999996" vel="0,0,0" mass="1" elasticityCoef="1" ang="90,0,0" color="0,220,0" radius="0.5" length="4" />
		<capsule pos="-19.549999999999997,-44.0,34.49999999999999" vel="0,0,0" mass="1" elasticityCoef="1" ang="90,0,0" color="0,220,0" radius="0.5" length="4" />
		<capsule pos="-19.549999999999997,-44.0,36.800000000000004" vel="0,0,0" mass="1" elasticityCoef="1" ang="90,0,0" color="0,220,0" radius="0.5" length="4" />
		<capsule pos="-19.549999999999997,-44.0,39.1" vel="0,0,0" mass="1" elasticityCoef="1" ang="90,0,0" color="0,220,0" radius="0.5" length="4" />
		<capsule pos="-19.549999999999997,-44.0,41.4" vel="0,0,0" mass="1" elasticityCoef="1" ang="90,0,0" color="0,220,0" radius="0.5" length="4" />
		<capsule pos="-19.549999999999997,-38.5,-43.699999999999996" vel="0,0,0" mass="1" elasticityCoef="1" ang="90,0,0" color="0,220,0" radius="0.5" length="4" />
		<capsule pos="-19.549999999999997,-38.5,-41.4" vel="0,0,0" mass="1" elasticityCoef="1" ang="90,0,0" color="0,220,0" radius="0.5" length="4" />
		<capsule pos="-19.549999999999997,-38.5,-39.099999999999994" vel="0,0,0" mass="1" elasticityCoef="1" ang="90,0,0" color="0,220,0" radius="0.5" length="4" />
		<capsule pos="-19.549999999999997,-38.5,-36.8" vel="0,0,0" mass="1" elasticityCoef="1" ang="90,0,0" color="0,220,0" radius="0.5" length="4" />
		<capsule pos="-19.549999999999997,-38.5,-34.5" vel="0,0,0" mass="1" elasticityCoef="1" ang="90,0,0" color="0,220,0" radius="0.5" length="4" />
		<capsule pos="-19.549999999999997,-38.5,-32.199999999999996" vel="0,0,0" mass="1" elasticityCoef="1" ang="90,0,0" color="0,220,0" radius="0.5" length="4" />
		<capsule pos="-19.549999999999997,-38.5,-29.9" vel="0,0,0" mass="1" elasticityCoef="1" ang="90,0,0" color="0,220,0" radius="0.5" length="4" />
		<capsule pos="-19.549999999999997,-38.5,-27.599999999999998" vel="0,0,0" mass="1" elasticityCoef="1" ang="90,0,0" color="0,220,0" radius="0.5" length="4" />
		<capsule pos="-19.549999999999997,-38.5,-25.299999999999997" vel="0,0,0" mass="1" elasticityCoef="1" ang="90,0,0" color="0,220,0" radius="0.5" length="4" />
		<capsule pos="-19.549999999999997,-38.5,-22.999999999999996" vel="0,0,0" mass="1" elasticityCoef="1" ang="90,0,0" color="0,220,0" radius="0.5" length="4" />
		<capsule pos="-19.549999999999997,-38.5,-20.699999999999996" vel="0,0,0" mass="1" elasticityCoef="1" ang="90,0,0" color="0,220,0" radius="0.5" length="4" />
		<capsule pos="-19.549999999999997,-38.5,-18.4" vel="0,0,0" mass="1" elasticityCoef="1" ang="90,0,0" color="0,220,0" radius="0.5" length="4" />
		<capsule pos="-19.549999999999997,-38.5,-16.099999999999998" vel="0,0,0" mass="1" elasticityCoef="1" ang="90,0,0" color="0,220,0" radius="0.5" length="4" />
		<capsule pos="-19.549999999999997,-38.5,-13.799999999999997" vel="0,0,0" mass="1" elasticityCoef="1" ang="90,0,0" color="0,220,0" radius="0.5" length="4" />
		<capsule pos="-19.549999999999997,-38.5,-11.5" vel="0,0,0" mass="1" elasticityCoef="1" ang="90,0,0" color="0,220,0" radius="0.5" length="4" />
		<capsule pos="-19.549999999999997,-38.5,-9.199999999999996" vel="0,0,0" mass="1" elasticityCoef="1" ang="90,0,0" color="0,220,0" radius="0.5" length="4" />
		<capsule pos="-19.549999999999997,-38.5,-6.899999999999999" vel="0,0,0" mass="1" elasticityCoef="1" ang="90,0,0" color="0,220,0" radius="0.5" length="4" />
		<capsule pos="-19.549999999999997,-38.5,-4.600000000000001" vel="0,0,0" mass="1" elasticityCoef="1" ang="90,0,0" color="0,220,0" radius="0.5" length="4" />
		<capsule pos="-19.549999999999997,-38.5,-2.299999999999997" vel="0,0,0" mass="1" elasticityCoef="1" ang="90,0,0" color="0,220,0" radius="0.5" length="4" />
		<capsule pos="-19.549999999999997,-38.5,0.0" vel="0,0,0" mass="1" elasticityCoef="1" ang="90,0,0" color="0,220,0" radius="0.5" length="4" />
		<capsule pos="-19.549999999999997,-38.5,2.3000000000000043" vel="0,0,0" mass="1" elasticityCoef="1" ang="90,0,0" color="0,220,0" radius="0.5" length="4" />
		<capsule pos="-19.549999999999997,-38.5,4.600000000000001" vel="0,0,0" mass="1" elasticityCoef="1" ang="90,0,0" color="0,220,0" radius="0.5" length="4" />
		<capsule pos="-19.549999999999997,-38.5,6.899999999999999" vel="0,0,0" mass="1" elasticityCoef="1" ang="90,0,0" color="0,220,0" radius="0.5" length="4" />
		<capsule pos="-19.549999999999997,-38.5,9.200000000000003" vel="0,0,0" mass="1" elasticityCoef="1" ang="90,0,0" color="0,220,0" radius="0.5" length="4" />
		<capsule pos="-19.549999999999997,-38.5,11.5" vel="0,0,0" mass="1" elasticityCoef="1" ang="90,0,0" color="0,220,0" radius="0.5" length="4" />
		<capsule pos="-19.549999999999997,-38.5,13.799999999999997" vel="0,0,0" mass="1" elasticityCoef="1" ang="90,0,0" color="0,220,0" radius="0.5" length="4" />
		<capsule pos="-19.549999999999997,-38.5,16.1" vel="0,0,0" mass="1" elasticityCoef="1" ang="90,0,0" color="0,220,0" radius="0.5" length="4" />
		<capsule pos="-19.549999999999997,-38.5,18.4" vel="0,0,0" mass="1" elasticityCoef="1" ang="90,0,0" color="0,220,0" radius="0.5" length="4" />
		<capsule pos="-19.549999999999997,-38.5,20.699999999999996" vel="0,0,0" mass="1" elasticityCoef="1" ang="90,0,0" color="0,220,0" radius="0.5" length="4" />
		<capsule pos="-19.549999999999997,-38.5,22.999999999999993" vel="0,0,0" mass="1" elasticityCoef="1" ang="90,0,0" color="0,220,0" radius="0.5" length="4" />
		<capsule pos="-19.549999999999997,-38.5,25.300000000000004" vel="0,0,0" mass="1" elasticityCoef="1" ang="90,0,0" color="0,220,0" radius="0.5" length="4" />
		<capsule pos="-19.549999999999997,-38.5,27.6" vel="0,0,0" mass="1" elasticityCoef="1" ang="90,0,0" color="0,220,0" radius="0.5" length="4" />
		<capsule pos="-19.549999999999997,-38.5,29.9" vel="0,0,0" mass="1" elasticityCoef="1" ang="90,0,0" color="0,220,0" radius="0.5" length="4" />
		<capsule pos="-19.549999999999997,-38.5,32.199999999999996" vel="0,0,0" mass="1" elasticityCoef="1" ang="90,0,0" color="0,220,0" radius="0.5" length="4" />
		<capsule pos="-19.549999999999997,-38.5,34.49999999999999" vel="0,0,0" mass="1" elasticityCoef="1" ang="90,0,0" color="0,220,0" radius="0.5" length="4" />
		<capsule pos="-19.549999999999997,-38.5,36.800000000000004" vel="0,0,0" mass="1" elasticityCoef="1" ang="90,0,0" color="0,220,0" radius="0.5" length="4" />
		<capsule pos="-19.549999999999997,-38.5,39.1" vel="0,0,0" mass="1" elasticityCoef="1" ang="90,0,0" color="0,220,0" radius="0.5" length="4" />
		<capsule pos="-19.549999999999997,-38.5,41.4" vel="0,0,0" mass="1" elasticityCoef="1" ang="90,0,0" color="0,220,0" radius="0.5" length="4" />
		<capsule pos="-19.549999999999997,-33.0,-43.699999999999996" vel="0,0,0" mass="1" elasticityCoef="1" ang="90,0,0" color="0,220,0" radius="0.5" length="4" />
		<capsule pos="-19.549999999999997,-33.0,-41.4" vel="0,0,0" mass="1" elasticityCoef="1" ang="90,0,0" color="0,220,0" radius="0.5" length="4" />
		<capsule pos="-19.549999999999997,-33.0,-39.099999999999994" vel="0,0,0" mass="1" elasticityCoef="1" ang="90,0,0" color="0,220,0" radius="0.5" length="4" />
		<capsule pos="-19.549999999999997,-33.0,-36.8" vel="0,0,0" mass="1" elasticityCoef="1" ang="90,0,0" color="0,220,0" radius="0.5" length="4" />
		<capsule pos="-19.549999999999997,-33.0,-34.5" vel="0,0,0" mass="1" elasticityCoef="1" ang="90,0,0" color="0,220,0" radius="0.5" length="4" />
		<capsule pos="-19.549999999999997,-33.0,-32.199999999999996" vel="0,0,0" mass="1" elasticityCoef="1" ang="90,0,0" color="0,220,0" radius="0.5" length="4" />
		<capsule pos="-19.549999999999997,-33.0,-29.9" vel="0,0,0" mass="1" elasticityCoef="1" ang="90,0,0" color="0,220,0" radius="0.5" length="4" />
		<capsule pos="-19.549999999999997,-33.0,-27.599999999999998" vel="0,0,0" mass="1" elasticityCoef="1" ang="90,0,0" color="0,220,0" radius="0.5" length="4" />
		<capsule pos="-19.549999999999997,-33.0,-25.299999999999997" vel="0,0,0" mass="1" elasticityCoef="1" ang="90,0,0" color="0,220,0" radius="0.5" length="4" />
		<capsule pos="-19.549999999999997,-33.0,-22.999999999999996" vel="0,0,0" mass="1" elasticityCoef="1" ang="90,0,0" color="0,220,0" radius="0.5" length="4" />
		<capsule pos="-19.549999999999997,-33.0,-20.699999999999996" vel="0,0,0" mass="1" elasticityCoef="1" ang="90,0,0" color="0,220,0" radius="0.5" length="4" />
		<capsule pos="-19.549999999999997,-33.0,-18.4" vel="0,0,0" mass="1" elasticityCoef="1" ang="90,0,0" color="0,220,0" radius="0.5" length="4" />
		<capsule pos="-19.549999999999997,-33.0,-16.099999999999998" vel="0,0,0" mass="1" elasticityCoef="1" ang="90,0,0" color="0,220,0" radius="0.5" length="4" />
		<capsule pos="-19.549999999999997,-33.0,-13.799999999999997" vel="0,0,0" mass="1" elasticityCoef="1" ang="90,0,0" color="0,220,0" radius="0.5" length="4" />
		<capsule pos="-19.549999999999997,-33.0,-11.5" vel="0,0,0" mass="1" elasticityCoef="1" ang="90,0,0" color="0,220,0" radius="0.5" length="4" />
		<capsule pos="-19.549999999999997,-33.0,-9.199999999999996" vel="0,0,0" mass="1" elasticityCoef="1" ang="90,0,0" color="0,220,0" radius="0.5" length="4" />
		<capsule pos="-19.549999999999997,-33.0,-6.899999999999999" vel="0,0,0" mass="1" elasticityCoef="1" ang="90,0,0" color="0,220,0" radius="0.5" length="4" />
		<capsule pos="-19.549999999999997,-33.0,-4.600000000000001" vel="0,0,0" mass="1" elasticityCoef="1" ang="90,0,0" color="0,220,0" radius="0.5" length="4" />
		<capsule pos="-19.549999999999997,-33.0,-2.299999999999997" vel="0,0,0" mass="1" elasticityCoef="1" ang="90,0,0" color="0,220,0" radius="0.5" length="4" />
		<capsule pos="-19.549999999999997,-33.0,0.0" vel="0,0,0" mass="1" elasticityCoef="1" ang="90,0,0" color="0,220,0" radius="0.5" length="4" />
		<capsule pos="-19.549999999999997,-33.0,2.3000000000000043" vel="0,0,0" mass="1" elasticityCoef="1" ang="90,0,0" color="0,220,0" radius="0.5" length="4" />
		<capsule pos="-19.549999999999997,-33.0,4.600000000000001" vel="0,0,0" mass="1" elasticityCoef="1" ang="90,0,0" color="0,220,0" radius="0.5" length="4" />
		<capsule pos="-19.549999999999997,-33.0,6.899999999999999" vel="0,0,0" mass="1" elasticityCoef="1" ang="90,0,0" color="0,220,0" radius="0.5" length="4" />
		<capsule pos="-19.549999999999997,-33.0,9.200000000000003" vel="0,0,0" mass="1" elasticityCoef="1" ang="90,0,0" color="0,220,0" radius="0.5" length="4" />
		<capsule pos="-19.549999999999997,-33.0,11.5" vel="0,0,0" mass="1" elasticityCoef="1" ang="90,0,0" color="0,220,0" radius="0.5" length="4" />
		<capsule pos="-19.549999999999997,-33.0,13.799999999999997" vel="0,0,0" mass="1" elasticityCoef="1" ang="90,0,0" color="0,220,0" radius="0.5" length="4" />
		<capsule pos="-19.549999999999997,-33.0,16.1" vel="0,0,0" mass="1" elasticityCoef="1" ang="90,0,0" color="0,220,0" radius="0.5" length="4" />
		<capsule pos="-19.549999999999997,-33.0,18.4" vel="0,0,0" mass="1" elasticityCoef="1" ang="90,0,0" color="0,220,0" radius="0.5" length="4" />
		<capsule pos="-19.549999999999997,-33.0,20.699999999999996" vel="0,0,0" mass="1" elasticityCoef="1" ang="90,0,0" color="0,220,0" radius="0.5" length="4" />
		<capsule pos="-19.549999999999997,-33.0,22.999999999999993" vel="0,0,0" mass="1" elasticityCoef="1" ang="90,0,0" color="0,220,0" radius="0.5" length="4" />
		<capsule pos="-19.549999999999997,-33.0,25.300000000000004" vel="0,0,0" mass="1" elasticityCoef="1" ang="90,0,0" color="0,220,0" radius="0.5" length="4" />
		<capsule pos="-19.549999999999997,-33.0,27.6" vel="0,0,0" mass="1" elasticityCoef="1" ang="90,0,0" color="0,220,0" radius="0.5" length="4" />
		<capsule pos="-19.549999999999997,-33.0,29.9" vel="0,0,0" mass="1" elasticityCoef="1" ang="90,0,0" color="0,220,0" radius="0.5" length="4" />
		<capsule pos="-19.549999999999997,-33.0,32.199999999999996" vel="0,0,0" mass="1" elasticityCoef="1" ang="90,0,0" color="0,220,0" radius="0.5" length="4" />
		<capsule pos="-19.549999999999997,-33.0,34.49999999999999" vel="0,0,0" mass="1" elasticityCoef="1" ang="90,0,0" color="0,220,0" radius="0.5" length="4" />
		<capsule pos="-19.549999999999997,-33.0,36.800000000000004" vel="0,0,0" mass="1" elasticityCoef="1" ang="90,0,0" color="0,220,0" radius="0.5" length="4" />
		<capsule pos="-19.549999999999997,-33.0,39.1" vel="0,0,0" mass="1" elasticityCoef="1" ang="90,0,0" color="0,220,0" radius="0.5" length="4" />
		<capsule pos="-19.549999999999997,-33.0,41.4" vel="0,0,0" mass="1" elasticityCoef="1" ang="90,0,0" color="0,220,0" radius="0.5" length="4" />
		<capsule pos="-19.549999999999997,-27.5,-43.699999999999996" vel="0,0,0" mass="1" elasticityCoef="1" ang="90,0,0" color="0,220,0" radius="0.5" length="4" />
		<capsule pos="-19.549999999999997,-27.5,-41.4" vel="0,0,0" mass="1" elasticityCoef="1" ang="90,0,0" color="0,220,0" radius="0.5" length="4" />
		<capsule pos="-19.549999999999997,-27.5,-39.099999999999994" vel="0,0,0" mass="1" elasticityCoef="1" ang="90,0,0" color="0,220,0" radius="0.5" length="4" />
		<capsule pos="-19.549999999999997,-27.5,-36.8" vel="0,0,0" mass="1" elasticityCoef="1" ang="90,0,0" color="0,220,0" radius="0.5" length="4" />
		<capsule pos="-19.549999999999997,-27.5,-34.5" vel="0,0,0" mass="1" elasticityCoef="1" ang="90,0,0" color="0,220,0" radius="0.5" length="4" />
		<capsule pos="-19.549999999999997,-27.5,-32.199999999999996" vel="0,0,0" mass="1" elasticityCoef="1" ang="90,0,0" color="0,220,0" radius="0.5" length="4" />
		<capsule pos="-19.549999999999997,-27.5,-29.9" vel="0,0,0" mass="1" elasticityCoef="1" ang="90,0,0" color="0,220,0" radius="0.5" length="4" />
		<capsule pos="-19.549999999999997,-27.5,-27.599999999999998" vel="0,0,0" mass="1" elasticityCoef="1" ang="90,0,0" color="0,220,0" radius="0.5" length="4" />
		<capsule pos="-19.549999999999997,-27.5,-25.299999999999997" vel="0,0,0" mass="1" elasticityCoef="1" ang="90,0,0" color="0,220,0" radius="0.5" length="4" />
		<capsule pos="-19.549999999999997,-27.5,-22.999999999999996" vel="0,0,0" mass="1" elasticityCoef="1" ang="90,0,0" color="0,220,0" radius="0.5" length="4" />
		<capsule pos="-19.549999999999997,-27.5,-20.699999999999996" vel="0,0,0" mass="1" elasticityCoef="1" ang="90,0,0" color="0,220,0" radius="0.5" length="4" />
		<capsule pos="-19.549999999999997,-27.5,-18.4" vel="0,0,0" mass="1" elasticityCoef="1" ang="90,0,0" color="0,220,0" radius="0.5" length="4" />
		<capsule pos="-19.549999999999997,-27.5,-16.099999999999998" vel="0,0,0" mass="1" elasticityCoef="1" ang="90,0,0" color="0,220,0" radius="0.5" length="4" />
		<capsule pos="-19.549999999999997,-27.5,-13.799999999999997" vel="0,0,0" mass="1" elasticityCoef="1" ang="90,0,0" color="0,220,0" radius="0.5" length="4" />
		<capsule pos="-19.549999999999997,-27.5,-11.5" vel="0,0,0" mass="1" elasticityCoef="1" ang="90,0,0" color="0,220,0" radius="0.5" length="4" />
		<capsule pos="-19.549999999999997,-27.5,-9.199999999999996" vel="0,0,0" mass="1" elasticityCoef="1" ang="90,0,0" color="0,220,0" radius="0.5" length="4" />
		<capsule pos="-19.549999999999997,-27.5,-6.899999999999999" vel="0,0,0" mass="1" elasticityCoef="1" ang="90,0,0" color="0,220,0" radius="0.5" length="4" />
		<capsule pos="-19.549999999999997,-27.5,-4.600000000000001" vel="0,0,0" mass="1" elasticityCoef="1" ang="90,0,0" color="0,220,0" radius="0.5" length="4" />
		<capsule pos="-19.549999999999997,-27.5,-2.299999999999997" vel="0,0,0" mass="1" elasticityCoef="1" ang="90,0,0" color="0,220,0" radius="0.5" length="4" />
		<capsule pos="-19.549999999999997,-27.5,0.0" vel="0,0,0" mass="1" elasticityCoef="1" ang="90,0,0" color="0,220,0" radius="0.5" length="4" />
		<capsule pos="-19.549999999999997,-27.5,2.3000000000000043" vel="0,0,0" mass="1" elasticityCoef="1" ang="90,0,0" color="0,220,0" radius="0.5" length="4" />
		<capsule pos="-19.549999999999997,-27.5,4.600000000000001" vel="0,0,0" mass="1" elasticityCoef="1" ang="90,0,0" color="0,220,0" radius="0.5" length="4" />
		<capsule pos="-19.549999999999997,-27.5,6.899999999999999" vel="0,0,0" mass="1" elasticityCoef="1" ang="90,0,0" color="0,220,0" radius="0.5" length="4" />
		<capsule pos="-19.549999999999997,-27.5,9.200000000000003" vel="0,0,0" mass="1" elasticityCoef="1" ang="90,0,0" color="0,220,0" radius="0.5" length="4" />
		<capsule pos="-19.549999999999997,-27.5,11.5" vel="0,0,0" mass="1" elasticityCoef="1" ang="90,0,0" color="0,220,0" radius="0.5" length="4" />
		<capsule pos="-19.549999999999997,-27.5,13.799999999999997" vel="0,0,0" mass="1" elasticityCoef="1" ang="90,0,0" color="0,220,0" radius="0.5" length="4" />
		<capsule pos="-19.549999999999997,-27.5,16.1" vel="0,0,0" mass="1" elasticityCoef="1" ang="90,0,0" color="0,220,0" radius="0.5" length="4" />
		<capsule pos="-19.549999999999997,-27.5,18.4" vel="0,0,0" mass="1" elasticityCoef="1" ang="90,0,0" color="0,220,0" radius="0.5" length="4" />
		<capsule pos="-19.549999999999997,-27.5,20.699999999999996" vel="0,0,0" mass="1" elasticityCoef="1" ang="90,0,0" color="0,220,0" radius="0.5" length="4" />
		<capsule pos="-19.549999999999997,-27.5,22.999999999999993" vel="0,0,0" mass="1" elasticityCoef="1" ang="90,0,0" color="0,220,0" radius="0.5" length="4" />
		<capsule pos="-19.549999999999997,-27.5,25.300000000000004" vel="0,0,0" mass="1" elasticityCoef="1" ang="90,0,0" color="0,220,0" radius="0.5" length="4" />
		<capsule pos="-19.549999999999997,-27.5,27.6" vel="0,0,0" mass="1" elasticityCoef="1" ang="90,0,0" color="0,220,0" radius="0.5" length="4" />
		<capsule pos="-19.549999999999997,-27.5,29.9" vel="0,0,0" mass="1" elasticityCoef="1" ang="90,0,0" color="0,220,0" radius="0.5" length="4" />
		<capsule pos="-19.549999999999997,-27.5,32.199999999999996" vel="0,0,0" mass="1" elasticityCoef="1" ang="90,0,0" color="0,220,0" radius="0.5" length="4" />
		<capsule pos="-19.549999999999997,-27.5,34.49999999999999" vel="0,0,0" mass="1" elasticityCoef="1" ang="90,0,0" color="0,220,0" radius="0.5" length="4" />
		<capsule pos="-19.549999999999997,-27.5,36.800000000000004" vel="0,0,0" mass="1" elasticityCoef="1" ang="90,0,0" color="0,220,0" radius="0.5" length="4" />
		<capsule pos="-19.549999999999997,-27.5,39.1" vel="0,0,0" mass="1" elasticityCoef="1" ang="90,0,0" color="0,220,0" radius="0.5" length="4" />
		<capsule pos="-19.549999999999997,-27.5,41.4" vel="0,0,0" mass="1" elasticityCoef="1" ang="90,0,0" color="0,220,0" radius="0.5" length="4" />
		<capsule pos="-19.549999999999997,-22.0,-43.699999999999996" vel="0,0,0" mass="1" elasticityCoef="1" ang="90,0,0" color="0,220,0" radius="0.5" length="4" />
		<capsule pos="-19.549999999999997,-22.0,-41.4" vel="0,0,0" mass="1" elasticityCoef="1" ang="90,0,0" color="0,220,0" radius="0.5" length="4" />
		<capsule pos="-19.549999999999997,-22.0,-39.099999999999994" vel="0,0,0" mass="1" elasticityCoef="1" ang="90,0,0" color="0,220,0" radius="0.5" length="4" />
		<capsule pos="-19.549999999999997,-22.0,-36.8" vel="0,0,0" mass="1" elasticityCoef="1" ang="90,0,0" color="0,220,0" radius="0.5" length="4" />
		<capsule pos="-19.549999999999997,-22.0,-34.5" vel="0,0,0" mass="1" elasticityCoef="1" ang="90,0,0" color="0,220,0" radius="0.5" length="4" />
		<capsule pos="-19.549999999999997,-22.0,-32.199999999999996" vel="0,0,0" mass="1" elasticityCoef="1" ang="90,0,0" color="0,220,0" radius="0.5" length="4" />
		<capsule pos="-19.549999999999997,-22.0,-29.9" vel="0,0,0" mass="1" elasticityCoef="1" ang="90,0,0" color="0,220,0" radius="0.5" length="4" />
		<capsule pos="-19.549999999999997,-22.0,-27.599999999999998" vel="0,0,0" mass="1" elasticityCoef="1" ang="90,0,0" color="0,220,0" radius="0.5" length="4" />
		<capsule pos="-19.549999999999997,-22.0,-25.299999999999997" vel="0,0,0" mass="1" elasticityCoef="1" ang="90,0,0" color="0,220,0" radius="0.5" length="4" />
		<capsule pos="-19.549999999999997,-22.0,-22.999999999999996" vel="0,0,0" mass="1" elasticityCoef="1" ang="90,0,0" color="0,220,0" radius="0.5" length="4" />
		<capsule pos="-19.549999999999997,-22.0,-20.699999999999996" vel="0,0,0" mass="1" elasticityCoef="1" ang="90,0,0" color="0,220,0" radius="0.5" length="4" />
		<capsule pos="-19.549999999999997,-22.0,-18.4" vel="0,0,0" mass="1" elasticityCoef="1" ang="90,0,0" color="0,220,0" radius="0.5" length="4" />
		<capsule pos="-19.549999999999997,-22.0,-16.099999999999998" vel="0,0,0" mass="1" elasticityCoef="1" ang="90,0,0" color="0,220,0" radius="0.5" length="4" />
		<capsule pos="-19.549999999999997,-22.0,-13.799999999999997" vel="0,0,0" mass="1" elasticityCoef="1" ang="90,0,0" color="0,220,0" radius="0.5" length="4" />
		<capsule pos="-19.549999999999997,-22.0,-11.5" vel="0,0,0" mass="1" elasticityCoef="1" ang="90,0,0" color="0,220,0" radius="0.5" length="4" />
		<capsule pos="-19.549999999999997,-22.0,-9.199999999999996" vel="0,0,0" mass="1" elasticityCoef="1" ang="90,0,0" color="0,220,0" radius="0.5" length="4" />
		<capsule pos="-19.549999999999997,-22.0,-6.899999999999999" vel="0,0,0" mass="1" elasticityCoef="1" ang="90,0,0" color="0,220,0" radius="0.5" length="4" />
		<capsule pos="-19.549999999999997,-22.0,-4.600000000000001" vel="0,0,0" mass="1" elasticityCoef="1" ang="90,0,0" color="0,220,0" radius="0.5" length="4" />
		<capsule pos="-19.549999999999997,-22.0,-2.299999999999997" vel="0,0,0" mass="1" elasticityCoef="1" ang="90,0,0" color="0,220,0" radius="0.5" length="4" />
		<capsule pos="-19.549999999999997,-22.0,0.0" vel="0,0,0" mass="1" elasticityCoef="1" ang="90,0,0" color="0,220,0" radius="0.5" length="4" />
		<capsule pos="-19.549999999999997,-22.0,2.3000000000000043" vel="0,0,0" mass="1" elasticityCoef="1" ang="90,0,0" color="0,220,0" radius="0.5" length="4" />
		<capsule pos="-19.549999999999997,-22.0,4.600000000000001" vel="0,0,0" mass="1" elasticityCoef="1" ang="90,0,0" color="0,220,0" radius="0.5" length="4" />
		<capsule pos="-19.549999999999997,-22.0,6.899999999999999" vel="0,0,0" mass="1" elasticityCoef="1" ang="90,0,0" color="0,220,0" radius="0.5" length="4" />
		<capsule pos="-19.549999999999997,-22.0,9.200000000000003" vel="0,0,0" mass="1" elasticityCoef="1" ang="90,0,0" color="0,220,0" radius="0.5" length="4" />
		<capsule pos="-19.549999999999997,-22.0,11.5" vel="0,0,0" mass="1" elasticityCoef="1" ang="90,0,0" color="0,220,0" radius="0.5" length="4" />
		<capsule pos="-19.549999999999997,-22.0,13.799999999999997" vel="0,0,0" mass="1" elasticityCoef="1" ang="90,0,0" color="0,220,0" radius="0.5" length="4" />
		<capsule pos="-19.549999999999997,-22.0,16.1" vel="0,0,0" mass="1" elasticityCoef="1" ang="90,0,0" color="0,220,0" radius="0.5" length="4" />
		<capsule pos="-19.549999999999997,-22.0,18.4" vel="0,0,0" mass="1" elasticityCoef="1" ang="90,0,0" color="0,220,0" radius="0.5" length="4" />
		<capsule pos="-19.549999999999997,-22.0,20.699999999999996" vel="0,0,0" mass="1" elasticityCoef="1" ang="90,0,0" color="0,220,0" radius="0.5" length="4" />
		<capsule pos="-19.549999999999997,-22.0,22.999999999999993" vel="0,0,0" mass="1" elasticityCoef="1" ang="90,0,0" color="0,220,0" radius="0.5" length="4" />
		<capsule pos="-19.549999999999997,-22.0,25.300000000000004" vel="0,0,0" mass="1" elasticityCoef="1" ang="90,0,0" color="0,220,0" radius="0.5" length="4" />
		<capsule pos="-19.549999999999997,-22.0,27.6" vel="0,0,0" mass="1" elasticityCoef="1" ang="90,0,0" color="0,220,0" radius="0.5" length="4" />
		<capsule pos="-19.549999999999997,-22.0,29.9" vel="0,0,0" mass="1" elasticityCoef="1" ang="90,0,0" color="0,220,0" radius="0.5" length="4" />
		<capsule pos="-19.549999999999997,-22.0,32.199999999999996" vel="0,0,0" mass="1" elasticityCoef="1" ang="90,0,0" color="0,220,0" radius="0.5" length="4" />
		<capsule pos="-19.549999999999997,-22.0,34.49999999999999" vel="0,0,0" mass="1" elasticityCoef="1" ang="90,0,0" color="0,220,0" radius="0.5" length="4" />
		<capsule pos="-19.549999999999997,-22.0,36.800000000000004" vel="0,0,0" mass="1" elasticityCoef="1" ang="90,0,0" color="0,220,0" radius="0.5" length="4" />
		<capsule pos="-19.549999999999997,-22.0,39.1" vel="0,0,0" mass="1" elasticityCoef="1" ang="90,0,0" color="0,220,0" radius="0.5" length="4" />
		<capsule pos="-19.549999999999997,-22.0,41.4" vel="0,0,0" mass="1" elasticityCoef="1" ang="90,0,0" color="0,220,0" radius="0.5" length="4" />
		<capsule pos="-19.549999999999997,-16.5,-43.699999999999996" vel="0,0,0" mass="1" elasticityCoef="1" ang="90,0,0" color="0,220,0" radius="0.5" length="4" />
		<capsule pos="-19.549999999999997,-16.5,-41.4" vel="0,0,0" mass="1" elasticityCoef="1" ang="90,0,0" color="0,220,0" radius="0.5" length="4" />
		<capsule pos="-19.549999999999997,-16.5,-39.099999999999994" vel="0,0,0" mass="1" elasticityCoef="1" ang="90,0,0" color="0,220,0" radius="0.5" length="4" />
		<capsule pos="-19.549999999999997,-16.5,-36.8" vel="0,0,0" mass="1" elasticityCoef="1" ang="90,0,0" color="0,220,0" radius="0.5" length="4" />
		<capsule pos="-19.549999999999997,-16.5,-34.5" vel="0,0,0" mass="1" elasticityCoef="1" ang="90,0,0" color="0,220,0" radius="0.5" length="4" />
		<capsule pos="-19.549999999999997,-16.5,-32.199999999999996" vel="0,0,0" mass="1" elasticityCoef="1" ang="90,0,0" color="0,220,0" radius="0.5" length="4" />
		<capsule pos="-19.549999999999997,-16.5,-29.9" vel="0,0,0" mass="1" elasticityCoef="1" ang="90,0,0" color="0,220,0" radius="0.5" length="4" />
		<capsule pos="-19.549999999999997,-16.5,-27.599999999999998" vel="0,0,0" mass="1" elasticityCoef="1" ang="90,0,0" color="0,220,0" radius="0.5" length="4" />
		<capsule pos="-19.549999999999997,-16.5,-25.299999999999997" vel="0,0,0" mass="1" elasticityCoef="1" ang="90,0,0" color="0,220,0" radius="0.5" length="4" />
		<capsule pos="-19.549999999999997,-16.5,-22.999999999999996" vel="0,0,0" mass="1" elasticityCoef="1" ang="90,0,0" color="0,220,0" radius="0.5" length="4" />
		<capsule pos="-19.549999999999997,-16.5,-20.699999999999996" vel="0,0,0" mass="1" elasticityCoef="1" ang="90,0,0" color="0,220,0" radius="0.5" length="4" />
		<capsule pos="-19.549999999999997,-16.5,-18.4" vel="0,0,0" mass="1" elasticityCoef="1" ang="90,0,0" color="0,220,0" radius="0.5" length="4" />
		<capsule pos="-19.549999999999997,-16.5,-16.099999999999998" vel="0,0,0" mass="1" elasticityCoef="1" ang="90,0,0" color="0,220,0" radius="0.5" length="4" />
		<capsule pos="-19.549999999999997,-16.5,-13.799999999999997" vel="0,0,0" mass="1" elasticityCoef="1" ang="90,0,0" color="0,220,0" radius="0.5" length="4" />
		<capsule pos="-19.549999999999997,-16.5,-11.5" vel="0,0,0" mass="1" elasticityCoef="1" ang="90,0,0" color="0,220,0" radius="0.5" length="4" />
		<capsule pos="-19.549999999999997,-16.5,-9.199999999999996" vel="0,0,0" mass="1" elasticityCoef="1" ang="90,0,0" color="0,220,0" radius="0.5" length="4" />
		<capsule pos="-19.549999999999997,-16.5,-6.899999999999999" vel="0,0,0" mass="1" elasticityCoef="1" ang="90,0,0" color="0,220,0" radius="0.5" length="4" />
		<capsule pos="-19.549999999999997,-16.5,-4.600000000000001" vel="0,0,0" mass="1" elasticityCoef="1" ang="90,0,0" color="0,220,0" radius="0.5" length="4" />
		<capsule pos="-19.549999999999997,-16.5,-2.299999999999997" vel="0,0,0" mass="1" elasticityCoef="1" ang="90,0,0" color="0,220,0" radius="0.5" length="4" />
		<capsule pos="-19.549999999999997,-16.5,0.0" vel="0,0,0" mass="1" elasticityCoef="1" ang="90,0,0" color="0,220,0" radius="0.5" length="4" />
		<capsule pos="-19.549999999999997,-16.5,2.3000000000000043" vel="0,0,0" mass="1" elasticityCoef="1" ang="90,0,0" color="0,220,0" radius="0.5" length="4" />
		<capsule pos="-19.549999999999997,-16.5,4.600000000000001" vel="0,0,0" mass="1" elasticityCoef="1" ang="90,0,0" color="0,220,0" radius="0.5" length="4" />
		<capsule pos="-19.549999999999997,-16.5,6.899999999999999" vel="0,0,0" mass="1" elasticityCoef="1" ang="90,0,0" color="0,220,0" radius="0.5" length="4" />
		<capsule pos="-19.549999999999997,-16.5,9.200000000000003" vel="0,0,0" mass="1" elasticityCoef="1" ang="90,0,0" color="0,220,0" radius="0.5" length="4" />
		<capsule pos="-19.549999999999997,-16.5,11.5" vel="0,0,0" mass="1" elasticityCoef="1" ang="90,0,0" color="0,220,0" radius="0.5" length="4" />
		<capsule pos="-19.549999999999997,-16.5,13.799999999999997" vel="0,0,0" mass="1" elasticityCoef="1" ang="90,0,0" color="0,220,0" radius="0.5" length="4" />
		<capsule pos="-19.549999999999997,-16.5,16.1" vel="0,0,0" mass="1" elasticityCoef="1" ang="90,0,0" color="0,220,0" radius="0.5" length="4" />
		<capsule pos="-19.549999999999997,-16.5,18.4" vel="0,0,0" mass="1" elasticityCoef="1" ang="90,0,0" color="0,220,0" radius="0.5" length="4" />
		<capsule pos="-19.549999999999997,-16.5,20.699999999999996" vel="0,0,0" mass="1" elasticityCoef="1" ang="90,0,0" color="0,220,0" radius="0.5" length="4" />
		<capsule pos="-19.549999999999997,-16.5,22.999999999999993" vel="0,0,0" mass="1" elasticityCoef="1" ang="90,0,0" color="0,220,0" radius="0.5" length="4" />
		<capsule pos="-19.549999999999997,-16.5,25.300000000000004" vel="0,0,0" mass="1" elasticityCoef="1" ang="90,0,0" color="0,220,0" radius="0.5" length="4" />
		<capsule pos="-19.549999999999997,-16.5,27.6" vel="0,0,0" mass="1" elasticityCoef="1" ang="90,0,0" color="0,220,0" radius="0.5" length="4" />
		<capsule pos="-19.549999999999997,-16.5,29.9" vel="0,0,0" mass="1" elasticityCoef="1" ang="90,0,0" color="0,220,0" radius="0.5" length="4" />
		<capsule pos="-19.549999999999997,-16.5,32.199999999999996" vel="0,0,0" mass="1" elasticityCoef="1" ang="90,0,0" color="0,220,0" radius="0.5" length="4" />
		<capsule pos="-19.549999999999997,-16.5,34.49999999999999" vel="0,0,0" mass="1" elasticityCoef="1" ang="90,0,0" color="0,220,0" radius="0.5" length="4" />
		<capsule pos="-19.549999999999997,-16.5,36.800000000000004" vel="0,0,0" mass="1" elasticityCoef="1" ang="90,0,0" color="0,220,0" radius="0.5" length="4" />
		<capsule pos="-19.549999999999997,-16.5,39.1" vel="0,0,0" mass="1" elasticityCoef="1" ang="90,0,0" color="0,220,0" radius="0.5" length="4" />
		<capsule pos="-19.549999999999997,-16.5,41.4" vel="0,0,0" mass="1" elasticityCoef="1" ang="90,0,0" color="0,220,0" radius="0.5" length="4" />
		<capsule pos="-19.549999999999997,-11.0,-43.699999999999996" vel="0,0,0" mass="1" elasticityCoef="1" ang="90,0,0" color="0,220,0" radius="0.5" length="4" />
		<capsule pos="-19.549999999999997,-11.0,-41.4" vel="0,0,0" mass="1" elasticityCoef="1" ang="90,0,0" color="0,220,0" radius="0.5" length="4" />
		<capsule pos="-19.549999999999997,-11.0,-39.099999999999994" vel="0,0,0" mass="1" elasticityCoef="1" ang="90,0,0" color="0,220,0" radius="0.5" length="4" />
		<capsule pos="-19.549999999999997,-11.0,-36.8" vel="0,0,0" mass="1" elasticityCoef="1" ang="90,0,0" color="0,220,0" radius="0.5" length="4" />
		<capsule pos="-19.549999999999997,-11.0,-34.5" vel="0,0,0" mass="1" elasticityCoef="1" ang="90,0,0" color="0,220,0" radius="0.5" length="4" />
		<capsule pos="-19.549999999999997,-11.0,-32.199999999999996" vel="0,0,0" mass="1" elasticityCoef="1" ang="90,0,0" color="0,220,0" radius="0.5" length="4" />
		<capsule pos="-19.549999999999997,-11.0,-29.9" vel="0,0,0" mass="1" elasticityCoef="1" ang="90,0,0" color="0,220,0" radius="0.5" length="4" />
		<capsule pos="-19.549999999999997,-11.0,-27.599999999999998" vel="0,0,0" mass="1" elasticityCoef="1" ang="90,0,0" color="0,220,0" radius="0.5" length="4" />
		<capsule pos="-19.549999999999997,-11.0,-25.299999999999997" vel="0,0,0" mass="1" elasticityCoef="1" ang="90,0,0" color="0,220,0" radius="0.5" length="4" />
		<capsule pos="-19.549999999999997,-11.0,-22.999999999999996" vel="0,0,0" mass="1" elasticityCoef="1" ang="90,0,0" color="0,220,0" radius="0.5" length="4" />
		<capsule pos="-19.549999999999997,-11.0,-20.699999999999996" vel="0,0,0" mass="1" elasticityCoef="1" ang="90,0,0" color="0,220,0" radius="0.5" length="4" />
		<capsule pos="-19.549999999999997,-11.0,-18.4" vel="0,0,0" mass="1" elasticityCoef="1" ang="90,0,0" color="0,220,0" radius="0.5" length="4" />
		<capsule pos="-19.549999999999997,-11.0,-16.099999999999998" vel="0,0,0" mass="1" elasticityCoef="1" ang="90,0,0" color="0,220,0" radius="0.5" length="4" />
		<capsule pos="-19.549999999999997,-11.0,-13.799999999999997" vel="0,0,0" mass="1" elasticityCoef="1" ang="90,0,0" color="0,220,0" radius="0.5" length="4" />
		<capsule pos="-19.549999999999997,-11.0,-11.5" vel="0,0,0" mass="1" elasticityCoef="1" ang="90,0,0" color="0,220,0" radius="0.5" length="4" />
		<capsule pos="-19.549999999999997,-11.0,-9.199999999999996" vel="0,0,0" mass="1" elasticityCoef="1" ang="90,0,0" color="0,220,0" radius="0.5" length="4" />
		<capsule pos="-19.549999999999997,-11.0,-6.899999999999999" vel="0,0,0" mass="1" elasticityCoef="1" ang="90,0,0" color="0,220,0" radius="0.5" length="4" />
		<capsule pos="-19.549999999999997,-11.0,-4.600000000000001" vel="0,0,0" mass="1" elasticityCoef="1" ang="90,0,0" color="0,220,0" radius="0.5" length="4" />
		<capsule pos="-19.549999999999997,-11.0,-2.299999999999997" vel="0,0,0" mass="1" elasticityCoef="1" ang="90,0,0" color="0,220,0" radius="0.5" length="4" />
		<capsule pos="-19.549999999999997,-11.0,0.0" vel="0,0,0" mass="1" elasticityCoef="1" ang="90,0,0" color="0,220,0" radius="0.5" length="4" />
		<capsule pos="-19.549999999999997,-11.0,2.3000000000000043" vel="0,0,0" mass="1" elasticityCoef="1" ang="90,0,0" color="0,220,0" radius="0.5" length="4" />
		<capsule pos="-19.549999999999997,-11.0,4.600000000000001" vel="0,0,0" mass="1" elasticityCoef="1" ang="90,0,0" color="0,220,0" radius="0.5" length="4" />
		<capsule pos="-19.549999999999997,-11.0,6.899999999999999" vel="0,0,0" mass="1" elasticityCoef="1" ang="90,0,0" color="0,220,0" radius="0.5" length="4" />
		<capsule pos="-19.549999999999997,-11.0,9.200000000000003" vel="0,0,0" mass="1" elasticityCoef="1" ang="90,0,0" color="0,220,0" radius="0.5" length="4" />
		<capsule pos="-19.549999999999997,-11.0,11.5" vel="0,0,0" mass="1" elasticityCoef="1" ang="90,0,0" color="0,220,0" radius="0.5" length="4" />
		<capsule pos="-19.549999999999997,-11.0,13.799999999999997" vel="0,0,0" mass="1" elasticityCoef="1" ang="90,0,0" color="0,220,0" radius="0.5" length="4" />
		<capsule pos="-19.549999999999997,-11.0,16.1" vel="0,0,0" mass="1" elasticityCoef="1" ang="90,0,0" color="0,220,0" radius="0.5" length="4" />
		<capsule pos="-19.549999999999997,-11.0,18.4" vel="0,0,0" mass="1" elasticityCoef="1" ang="90,0,0" color="0,220,0" radius="0.5" length="4" />
		<capsule pos="-19.549999999999997,-11.0,20.699999999999996" vel="0,0,0" mass="1" elasticityCoef="1" ang="90,0,0" color="0,220,0" radius="0.5" length="4" />
		<capsule pos="-19.549999999999997,-11.0,22.999999999999993" vel="0,0,0" mass="1" elasticityCoef="1" ang="90,0,0" color="0,220,0" radius="0.5" length="4" />
		<capsule pos="-19.549999999999997,-11.0,25.300000000000004" vel="0,0,0" mass="1" elasticityCoef="1" ang="90,0,0" color="0,220,0" radius="0.5" length="4" />
		<capsule pos="-19.549999999999997,-11.0,27.6" vel="0,0,0" mass="1" elasticityCoef="1" ang="90,0,0" color="0,220,0" radius="0.5" length="4" />
		<capsule pos="-19.549999999999997,-11.0,29.9" vel="0,0,0" mass="1" elasticityCoef="1" ang="90,0,0" color="0,220,0" radius="0.5" length="4" />
		<capsule pos="-19.549999999999997,-11.0,32.199999999999996" vel="0,0,0" mass="1" elasticityCoef="1" ang="90,0,0" color="0,220,0" radius="0.5" length="4" />
		<capsule pos="-19.549999999999997,-11.0,34.49999999999999" vel="0,0,0" mass="1" elasticityCoef="1" ang="90,0,0" color="0,220,0" radius="0.5" length="4" />
		<capsule pos="-19.549999999999997,-11.0,36.800000000000004" vel="0,0,0" mass="1" elasticityCoef="1" ang="90,0,0" color="0,220,0" radius="0.5" length="4" />
		<capsule pos="-19.549999999999997,-11.0,39.1" vel="0,0,0" mass="1" elasticityCoef="1" ang="90,0,0" color="0,220,0" radius="0.5" length="4" />
		<capsule pos="-19.549999999999997,-11.0,41.4" vel="0,0,0" mass="1" elasticityCoef="1" ang="90,0,0" color="0,220,0" radius="0.5" length="4" />
		<capsule pos="-19.549999999999997,-5.5,-43.699999999999996" vel="0,0,0" mass="1" elasticityCoef="1" ang="90,0,0" color="0,220,0" radius="0.5" length="4" />
		<capsule pos="-19.549999999999997,-5.5,-41.4" vel="0,0,0" mass="1" elasticityCoef="1" ang="90,0,0" color="0,220,0" radius="0.5" length="4" />
		<capsule pos="-19.549999999999997,-5.5,-39.099999999999994" vel="0,0,0" mass="1" elasticityCoef="1" ang="90,0,0" color="0,220,0" radius="0.5" length="4" />
		<capsule pos="-19.549999999999997,-5.5,-36.8" vel="0,0,0" mass="1" elasticityCoef="1" ang="90,0,0" color="0,220,0" radius="0.5" length="4" />
		<capsule pos="-19.549999999999997,-5.5,-34.5" vel="0,0,0" mass="1" elasticityCoef="1" ang="90,0,0" color="0,220,0" radius="0.5" length="4" />
		<capsule pos="-19.549999999999997,-5.5,-32.199999999999996" vel="0,0,0" mass="1" elasticityCoef="1" ang="90,0,0" color="0,220,0" radius="0.5" length="4" />
		<capsule pos="-19.549999999999997,-5.5,-29.9" vel="0,0,0" mass="1" elasticityCoef="1" ang="90,0,0" color="0,220,0" radius="0.5" length="4" />
		<capsule pos="-19.549999999999997,-5.5,-27.599999999999998" vel="0,0,0" mass="1" elasticityCoef="1" ang="90,0,0" color="0,220,0" radius="0.5" length="4" />
		<capsule pos="-19.549999999999997,-5.5,-25.299999999999997" vel="0,0,0" mass="1" elasticityCoef="1" ang="90,0,0" color="0,220,0" radius="0.5" length="4" />
		<capsule pos="-19.549999999999997,-5.5,-22.999999999999996" vel="0,0,0" mass="1" elasticityCoef="1" ang="90,0,0" color="0,220,0" radius="0.5" length="4" />
		<capsule pos="-19.549999999999997,-5.5,-20.699999999999996" vel="0,0,0" mass="1" elasticityCoef="1" ang="90,0,0" color="0,220,0" radius="0.5" length="4" />
		<capsule pos="-19.549999999999997,-5.5,-18.4" vel="0,0,0" mass="1" elasticityCoef="1" ang="90,0,0" color="0,220,0" radius="0.5" length="4" />
		<capsule pos="-19.549999999999997,-5.5,-16.099999999999998" vel="0,0,0" mass="1" elasticityCoef="1" ang="90,0,0" color="0,220,0" radius="0.5" length="4" />
		<capsule pos="-19.549999999999997,-5.5,-13.799999999999997" vel="0,0,0" mass="1" elasticityCoef="1" ang="90,0,0" color="0,220,0" radius="0.5" length="4" />
		<capsule pos="-19.549999999999997,-5.5,-11.5" vel="0,0,0" mass="1" elasticityCoef="1" ang="90,0,0" color="0,220,0" radius="0.5" length="4" />
		<capsule pos="-19.549999999999997,-5.5,-9.199999999999996" vel="0,0,0" mass="1" elasticityCoef="1" ang="90,0,0" color="0,220,0" radius="0.5" length="4" />
		<capsule pos="-19.549999999999997,-5.5,-6.899999999999999" vel="0,0,0" mass="1" elasticityCoef="1" ang="90,0,0" color="0,220,0" radius="0.5" length="4" />
		<capsule pos="-19.549999999999997,-5.5,-4.600000000000001" vel="0,0,0" mass="1" elasticityCoef="1" ang="90,0,0" color="0,220,0" radius="0.5" length="4" />
		<capsule pos="-19.549999999999997,-5.5,-2.299999999999997" vel="0,0,0" mass="1" elasticityCoef="1" ang="90,0,0" color="0,220,0" radius="0.5" length="4" />
		<capsule pos="-19.549999999999997,-5.5,0.0" vel="0,0,0" mass="1" elasticityCoef="1" ang="90,0,0" color="0,220,0" radius="0.5" length="4" />
		<capsule pos="-19.549999999999997,-5.5,2.3000000000000043" vel="0,0,0" mass="1" elasticityCoef="1" ang="90,0,0" color="0,220,0" radius="0.5" length="4" />
		<capsule pos="-19.549999999999997,-5.5,4.600000000000001" vel="0,0,0" mass="1" elasticityCoef="1" ang="90,0,0" color="0,220,0" radius="0.5" length="4" />
		<capsule pos="-19.549999999999997,-5.5,6.899999999999999" vel="0,0,0" mass="1" elasticityCoef="1" ang="90,0,0" color="0,220,0" radius="0.5" length="4" />
		<capsule pos="-19.549999999999997,-5.5,9.200000000000003" vel="0,0,0" mass="1" elasticityCoef="1" ang="90,0,0" color="0,220,0" radius="0.5" length="4" />
		<capsule pos="-19.549999999999997,-5.5,11.5" vel="0,0,0" mass="1" elasticityCoef="1" ang="90,0,0" color="0,220,0" radius="0.5" length="4" />
		<capsule pos="-19.549999999999997,-5.5,13.799999999999997" vel="0,0,0" mass="1" elasticityCoef="1" ang="90,0,0" color="0,220,0" radius="0.5" length="4" />
		<capsule pos="-19.549999999999997,-5.5,16.1" vel="0,0,0" mass="1" elasticityCoef="1" ang="90,0,0" color="0,220,0" radius="0.5" length="4" />
		<capsule pos="-19.549999999999997,-5.5,18.4" vel="0,0,0" mass="1" elasticityCoef="1" ang="90,0,0" color="0,220,0" radius="0.5" length="4" />
		<capsule pos="-19.549999999999997,-5.5,20.699999999999996" vel="0,0,0" mass="1" elasticityCoef="1" ang="90,0,0" color="0,220,0" radius="0.5" length="4" />
		<capsule pos="-19.549999999999997,-5.5,22.999999999999993" vel="0,0,0" mass="1" elasticityCoef="1" ang="90,0,0" color="0,220,0" radius="0.5" length="4" />
		<capsule pos="-19.549999999999997,-5.5,25.300000000000004" vel="0,0,0" mass="1" elasticityCoef="1" ang="90,0,0" color="0,220,0" radius="0.5" length="4" />
		<capsule pos="-19.549999999999997,-5.5,27.6" vel="0,0,0" mass="1" elasticityCoef="1" ang="90,0,0" color="0,220,0" radius="0.5" length="4" />
		<capsule pos="-19.549999999999997,-5.5,29.9" vel="0,0,0" mass="1" elasticityCoef="1" ang="90,0,0" color="0,220,0" radius="0.5" length="4" />
		<capsule pos="-19.549999999999997,-5.5,32.199999999999996" vel="0,0,0" mass="1" elasticityCoef="1" ang="90,0,0" color="0,220,0" radius="0.5" length="4" />
		<capsule pos="-19.549999999999997,-5.5,34.49999999999999" vel="0,0,0" mass="1" elasticityCoef="1" ang="90,0,0" color="0,220,0" radius="0.5" length="4" />
		<capsule pos="-19.549999999999997,-5.5,36.800000000000004" vel="0,0,0" mass="1" elasticityCoef="1" ang="90,0,0" color="0,220,0" radius="0.5" length="4" />
		<capsule pos="-19.549999999999997,-5.5,39.1" vel="0,0,0" mass="1" elasticityCoef="1" ang="90,0,0" color="0,220,0" radius="0.5" length="4" />
		<capsule pos="-19.549999999999997,-5.5,41.4" vel="0,0,0" mass="1" elasticityCoef="1" ang="90,0,0" color="0,220,0" radius="0.5" length="4" />
		<capsule pos="-19.549999999999997,0.0,-43.699999999999996" vel="0,0,0" mass="1" elasticityCoef="1" ang="90,0,0" color="0,220,0" radius="0.5" length="4" />
		<capsule pos="-19.549999999999997,0.0,-41.4" vel="0,0,0" mass="1" elasticityCoef="1" ang="90,0,0" color="0,220,0" radius="0.5" length="4" />
		<capsule pos="-19.549999999999997,0.0,-39.099999999999994" vel="0,0,0" mass="1" elasticityCoef="1" ang="90,0,0" color="0,220,0" radius="0.5" length="4" />
		<capsule pos="-19.549999999999997,0.0,-36.8" vel="0,0,0" mass="1" elasticityCoef="1" ang="90,0,0" color="0,220,0" radius="0.5" length="4" />
		<capsule pos="-19.549999999999997,0.0,-34.5" vel="0,0,0" mass="1" elasticityCoef="1" ang="90,0,0" color="0,220,0" radius="0.5" length="4" />
		<capsule pos="-19.549999999999997,0.0,-32.199999999999996" vel="0,0,0" mass="1" elasticityCoef="1" ang="90,0,0" color="0,220,0" radius="0.5" length="4" />
		<capsule pos="-19.549999999999997,0.0,-29.9" vel="0,0,0" mass="1" elasticityCoef="1" ang="90,0,0" color="0,220,0" radius="0.5" length="4" />
		<capsule pos="-19.549999999999997,0.0,-27.599999999999998" vel="0,0,0" mass="1" elasticityCoef="1" ang="90,0,0" color="0,220,0" radius="0.5" length="4" />
		<capsule pos="-19.549999999999997,0.0,-25.299999999999997" vel="0,0,0" mass="1" elasticityCoef="1" ang="90,0,0" color="0,220,0" radius="0.5" length="4" />
		<capsule pos="-19.549999999999997,0.0,-22.999999999999996" vel="0,0,0" mass="1" elasticityCoef="1" ang="90,0,0" color="0,220,0" radius="0.5" length="4" />
		<capsule pos="-19.549999999999997,0.0,-20.699999999999996" vel="0,0,0" mass="1" elasticityCoef="1" ang="90,0,0" color="0,220,0" radius="0.5" length="4" />
		<capsule pos="-19.549999999999997,0.0,-18.4" vel="0,0,0" mass="1" elasticityCoef="1" ang="90,0,0" color="0,220,0" radius="0.5" length="4" />
		<capsule pos="-19.549999999999997,0.0,-16.099999999999998" vel="0,0,0" mass="1" elasticityCoef="1" ang="90,0,0" color="0,220,0" radius="0.5" length="4" />
		<capsule pos="-19.549999999999997,0.0,-13.799999999999997" vel="0,0,0" mass="1" elasticityCoef="1" ang="90,0,0" color="0,220,0" radius="0.5" length="4" />
		<capsule pos="-19.549999999999997,0.0,-11.5" vel="0,0,0" mass="1" elasticityCoef="1" ang="90,0,0" color="0,220,0" radius="0.5" length="4" />
		<capsule pos="-19.549999999999997,0.0,-9.199999999999996" vel="0,0,0" mass="1" elasticityCoef="1" ang="90,0,0" color="0,220,0" radius="0.5" length="4" />
		<capsule pos="-19.549999999999997,0.0,-6.899999999999999" vel="0,0,0" mass="1" elasticityCoef="1" ang="90,0,0" color="0,220,0" radius="0.5" length="4" />
		<capsule pos="-19.549999999999997,0.0,-4.600000000000001" vel="0,0,0" mass="1" elasticityCoef="1" ang="90,0,0" color="0,220,0" radius="0.5" length="4" />
		<capsule pos="-19.549999999999997,0.0,-2.299999999999997" vel="0,0,0" mass="1" elasticityCoef="1" ang="90,0,0" color="0,220,0" radius="0.5" length="4" />
		<capsule pos="-19.549999999999997,0.0,0.0" vel="0,0,0" mass="1" elasticityCoef="1" ang="90,0,0" color="0,220,0" radius="0.5" length="4" />
		<capsule pos="-19.549999999999997,0.0,2.3000000000000043" vel="0,0,0" mass="1" elasticityCoef="1" ang="90,0,0" color="0,220,0" radius="0.5" length="4" />
		<capsule pos="-19.549999999999997,0.0,4.600000000000001" vel="0,0,0" mass="1" elasticityCoef="1" ang="90,0,0" color="0,220,0" radius="0.5" length="4" />
		<capsule pos="-19.549999999999997,0.0,6.899999999999999" vel="0,0,0" mass="1" elasticityCoef="1" ang="90,0,0" color="0,220,0" radius="0.5" length="4" />
		<capsule pos="-19.549999999999997,0.0,9.200000000000003" vel="0,0,0" mass="1" elasticityCoef="1" ang="90,0,0" color="0,220,0" radius="0.5" length="4" />
		<capsule pos="-19.549999999999997,0.0,11.5" vel="0,0,0" mass="1" elasticityCoef="1" ang="90,0,0" color="0,220,0" radius="0.5" length="4" />
		<capsule pos="-19.549999999999997,0.0,13.799999999999997" vel="0,0,0" mass="1" elasticityCoef="1" ang="90,0,0" color="0,220,0" radius="0.5" length="4" />
		<capsule pos="-19.549999999999997,0.0,16.1" vel="0,0,0" mass="1" elasticityCoef="1" ang="90,0,0" color="0,220,0" radius="0.5" length="4" />
		<capsule pos="-19.549999999999997,0.0,18.4" vel="0,0,0" mass="1" elasticityCoef="1" ang="90,0,0" color="0,220,0" radius="0.5" length="4" />
		<capsule pos="-19.549999999999997,0.0,20.699999999999996" vel="0,0,0" mass="1" elasticityCoef="1" ang="90,0,0" color="0,220,0" radius="0.5" length="4" />
		<capsule pos="-19.549999999999997,0.0,22.999999999999993" vel="0,0,0" mass="1" elasticityCoef="1" ang="90,0,0" color="0,220,0" radius="0.5" length="4" />
		<capsule pos="-19.549999999999997,0.0,25.300000000000004" vel="0,0,0" mass="1" elasticityCoef="1" ang="90,0,0" color="0,220,0" radius="0.5" length="4" />
		<capsule pos="-19.549999999999997,0.0,27.6" vel="0,0,0" mass="1" elasticityCoef="1" ang="90,0,0" color="0,220,0" radius="0.5" length="4" />
		<capsule pos="-19.549999999999997,0.0,29.9" vel="0,0,0" mass="1" elasticityCoef="1" ang="90,0,0" color="0,220,0" radius="0.5" length="4" />
		<capsule pos="-19.549999999999997,0.0,32.199999999999996" vel="0,0,0" mass="1" elasticityCoef="1" ang="90,0,0" color="0,220,0" radius="0.5" length="4" />
		<capsule pos="-19.549999999999997,0.0,34.49999999999999" vel="0,0,0" mass="1" elasticityCoef="1" ang="90,0,0" color="0,220,0" radius="0.5" length="4" />
		<capsule pos="-19.549999999999997,0.0,36.800000000000004" vel="0,0,0" mass="1" elasticityCoef="1" ang="90,0,0" color="0,220,0" radius="0.5" length="4" />
		<capsule pos="-19.549999999999997,0.0,39.1" vel="0,0,0" mass="1" elasticityCoef="1" ang="90,0,0" color="0,220,0" radius="0.5" length="4" />
		<capsule pos="-19.549999999999997,0.0,41.4" vel="0,0,0" mass="1" elasticityCoef="1" ang="90,0,0" color="0,220,0" radius="0.5" length="4" />
		<capsule pos="-19.549999999999997,5.5,-43.699999999999996" vel="0,0,0" mass="1" elasticityCoef="1" ang="90,0,0" color="0,220,0" radius="0.5" length="4" />
		<capsule pos="-19.549999999999997,5.5,-41.4" vel="0,0,0" mass="1" elasticityCoef="1" ang="90,0,0" color="0,220,0" radius="0.5" length="4" />
		<capsule pos="-19.549999999999997,5.5,-39.099999999999994" vel="0,0,0" mass="1" elasticityCoef="1" ang="90,0,0" color="0,220,0" radius="0.5" length="4" />
		<capsule pos="-19.549999999999997,5.5,-36.8" vel="0,0,0" mass="1" elasticityCoef="1" ang="90,0,0" color="0,220,0" radius="0.5" length="4" />
		<capsule pos="-19.549999999999997,5.5,-34.5" vel="0,0,0" mass="1" elasticityCoef="1" ang="90,0,0" color="0,220,0" radius="0.5" length="4" />
		<capsule pos="-19.549999999999997,5.5,-32.199999999999996" vel="0,0,0" mass="1" elasticityCoef="1" ang="90,0,0" color="0,220,0" radius="0.5" length="4" />
		<capsule pos="-19.549999999999997,5.5,-29.9" vel="0,0,0" mass="1" elasticityCoef="1" ang="90,0,0" color="0,220,0" radius="0.5" length="4" />
		<capsule pos="-19.549999999999997,5.5,-27.599999999999998" vel="0,0,0" mass="1" elasticityCoef="1" ang="90,0,0" color="0,220,0" radius="0.5" length="4" />
		<capsule pos="-19.549999999999997,5.5,-25.299999999999997" vel="0,0,0" mass="1" elasticityCoef="1" ang="90,0,0" color="0,220,0" radius="0.5" length="4" />
		<capsule pos="-19.549999999999997,5.5,-22.999999999999996" vel="0,0,0" mass="1" elasticityCoef="1" ang="90,0,0" color="0,220,0" radius="0.5" length="4" />
		<capsule pos="-19.549999999999997,5.5,-20.699999999999996" vel="0,0,0" mass="1" elasticityCoef="1" ang="90,0,0" color="0,220,0" radius="0.5" length="4" />
		<capsule pos="-19.549999999999997,5.5,-18.4" vel="0,0,0" mass="1" elasticityCoef="1" ang="90,0,0" color="0,220,0" radius="0.5" length="4" />
		<capsule pos="-19.549999999999997,5.5,-16.099999999999998" vel="0,0,0" mass="1" elasticityCoef="1" ang="90,0,0" color="0,220,0" radius="0.5" length="4" />
		<capsule pos="-19.549999999999997,5.5,-13.799999999999997" vel="0,0,0" mass="1" elasticityCoef="1" ang="90,0,0" color="0,220,0" radius="0.5" length="4" />
		<capsule pos="-19.549999999999997,5.5,-11.5" vel="0,0,0" mass="1" elasticityCoef="1" ang="90,0,0" color="0,220,0" radius="0.5" length="4" />
		<capsule pos="-19.549999999999997,5.5,-9.199999999999996" vel="0,0,0" mass="1" elasticityCoef="1" ang="90,0,0" color="0,220,0" radius="0.5" length="4" />
		<capsule pos="-19.549999999999997,5.5,-6.899999999999999" vel="0,0,0" mass="1" elasticityCoef="1" ang="90,0,0" color="0,220,0" radius="0.5" length="4" />
		<capsule pos="-19.549999999999997,5.5,-4.600000000000001" vel="0,0,0" mass="1" elasticityCoef="1" ang="90,0,0" color="0,220,0" radius="0.5" length="4" />
		<capsule pos="-19.549999999999997,5.5,-2.299999999999997" vel="0,0,0" mass="1" elasticityCoef="1" ang="90,0,0" color="0,220,0" radius="0.5" length="4" />
		<capsule pos="-19.549999999999997,5.5,0.0" vel="0,0,0" mass="1" elasticityCoef="1" ang="90,0,0" color="0,220,0" radius="0.5" length="4" />
		<capsule pos="-19.549999999999997,5.5,2.3000000000000043" vel="0,0,0" mass="1" elasticityCoef="1" ang="90,0,0" color="0,220,0" radius="0.5" length="4" />
		<capsule pos="-19.549999999999997,5.5,4.600000000000001" vel="0,0,0" mass="1" elasticityCoef="1" ang="90,0,0" color="0,220,0" radius="0.5" length="4" />
		<capsule pos="-19.549999999999997,5.5,6.899999999999999" vel="0,0,0" mass="1" elasticityCoef="1" ang="90,0,0" color="0,220,0" radius="0.5" length="4" />
		<capsule pos="-19.549999999999997,5.5,9.200000000000003" vel="0,0,0" mass="1" elasticityCoef="1" ang="90,0,0" color="0,220,0" radius="0.5" length="4" />
		<capsule pos="-19.549999999999997,5.5,11.5" vel="0,0,0" mass="1" elasticityCoef="1" ang="90,0,0" color="0,220,0" radius="0.5" length="4" />
		<capsule pos="-19.549999999999997,5.5,13.799999999999997" vel="0,0,0" mass="1" elasticityCoef="1" ang="90,0,0" color="0,220,0" radius="0.5" length="4" />
		<capsule pos="-19.549999999999997,5.5,16.1" vel="0,0,0" mass="1" elasticityCoef="1" ang="90,0,0" color="0,220,0" radius="0.5" length="4" />
		<capsule pos="-19.549999999999997,5.5,18.4" vel="0,0,0" mass="1" elasticityCoef="1" ang="90,0,0" color="0,220,0" radius="0.5" length="4" />
		<capsule pos="-19.549999999999997,5.5,20.699999999999996" vel="0,0,0" mass="1" elasticityCoef="1" ang="90,0,0" color="0,220,0" radius="0.5" length="4" />
		<capsule pos="-19.549999999999997,5.5,22.999999999999993" vel="0,0,0" mass="1" elasticityCoef="1" ang="90,0,0" color="0,220,0" radius="0.5" length="4" />
		<capsule pos="-19.549999999999997,5.5,25.300000000000004" vel="0,0,0" mass="1" elasticityCoef="1" ang="90,0,0" color="0,220,0" radius="0.5" length="4" />
		<capsule pos="-19.549999999999997,5.5,27.6" vel="0,0,0" mass="1" elasticityCoef="1" ang="90,0,0" color="0,220,0" radius="0.5" length="4" />
		<capsule pos="-19.549999999999997,5.5,29.9" vel="0,0,0" mass="1" elasticityCoef="1" ang="90,0,0" color="0,220,0" radius="0.5" length="4" />
		<capsule pos="-19.549999999999997,5.5,32.199999999999996" vel="0,0,0" mass="1" elasticityCoef="1" ang="90,0,0" color="0,220,0" radius="0.5" length="4" />
		<capsule pos="-19.549999999999997,5.5,34.49999999999999" vel="0,0,0" mass="1" elasticityCoef="1" ang="90,0,0" color="0,220,0" radius="0.5" length="4" />
		<capsule pos="-19.549999999999997,5.5,36.800000000000004" vel="0,0,0" mass="1" elasticityCoef="1" ang="90,0,0" color="0,220,0" radius="0.5" length="4" />
		<capsule pos="-19.549999999999997,5.5,39.1" vel="0,0,0" mass="1" elasticityCoef="1" ang="90,0,0" color="0,220,0" radius="0.5" length="4" />
		<capsule pos="-19.549999999999997,5.5,41.4" vel="0,0,0" mass="1" elasticityCoef="1" ang="90,0,0" color="0,220,0" radius="0.5" length="4" />
		<capsule pos="-19.549999999999997,11.0,-43.699999999999996" vel="0,0,0" mass="1" elasticityCoef="1" ang="90,0,0" color="0,220,0" radius="0.5" length="4" />
		<capsule pos="-19.549999999999997,11.0,-41.4" vel="0,0,0" mass="1" elasticityCoef="1" ang="90,0,0" color="0,220,0" radius="0.5" length="4" />
		<capsule pos="-19.549999999999997,11.0,-39.099999999999994" vel="0,0,0" mass="1" elasticityCoef="1" ang="90,0,0" color="0,220,0" radius="0.5" length="4" />
		<capsule pos="-19.549999999999997,11.0,-36.8" vel="0,0,0" mass="1" elasticityCoef="1" ang="90,0,0" color="0,220,0" radius="0.5" length="4" />
		<capsule pos="-19.549999999999997,11.0,-34.5" vel="0,0,0" mass="1" elasticityCoef="1" ang="90,0,0" color="0,220,0" radius="0.5" length="4" />
		<capsule pos="-19.549999999999997,11.0,-32.199999999999996" vel="0,0,0" mass="1" elasticityCoef="1" ang="90,0,0" color="0,220,0" radius="0.5" length="4" />
		<capsule pos="-19.549999999999997,11.0,-29.9" vel="0,0,0" mass="1" elasticityCoef="1" ang="90,0,0" color="0,220,0" radius="0.5" length="4" />
		<capsule pos="-19.549999999999997,11.0,-27.599999999999998" vel="0,0,0" mass="1" elasticityCoef="1" ang="90,0,0" color="0,220,0" radius="0.5" length="4" />
		<capsule pos="-19.549999999999997,11.0,-25.299999999999997" vel="0,0,0" mass="1" elasticityCoef="1" ang="90,0,0" color="0,220,0" radius="0.5" length="4" />
		<capsule pos="-19.549999999999997,11.0,-22.999999999999996" vel="0,0,0" mass="1" elasticityCoef="1" ang="90,0,0" color="0,220,0" radius="0.5" length="4" />
		<capsule pos="-19.549999999999997,11.0,-20.699999999999996" vel="0,0,0" mass="1" elasticityCoef="1" ang="90,0,0" color="0,220,0" radius="0.5" length="4" />
		<capsule pos="-19.549999999999997,11.0,-18.4" vel="0,0,0" mass="1" elasticityCoef="1" ang="90,0,0" color="0,220,0" radius="0.5" length="4" />
		<capsule pos="-19.549999999999997,11.0,-16.099999999999998" vel="0,0,0" mass="1" elasticityCoef="1" ang="90,0,0" color="0,220,0" radius="0.5" length="4" />
		<capsule pos="-19.549999999999997,11.0,-13.799999999999997" vel="0,0,0" mass="1" elasticityCoef="1" ang="90,0,0" color="0,220,0" radius="0.5" length="4" />
		<capsule pos="-19.549999999999997,11.0,-11.5" vel="0,0,0" mass="1" elasticityCoef="1" ang="90,0,0" color="0,220,0" radius="0.5" length="4" />
		<capsule pos="-19.549999999999997,11.0,-9.199999999999996" vel="0,0,0" mass="1" elasticityCoef="1" ang="90,0,0" color="0,220,0" radius="0.5" length="4" />
		<capsule pos="-19.549999999999997,11.0,-6.899999999999999" vel="0,0,0" mass="1" elasticityCoef="1" ang="90,0,0" color="0,220,0" radius="0.5" length="4" />
		<capsule pos="-19.549999999999997,11.0,-4.600000000000001" vel="0,0,0" mass="1" elasticityCoef="1" ang="90,0,0" color="0,220,0" radius="0.5" length="4" />
		<capsule pos="-19.549999999999997,11.0,-2.299999999999997" vel="0,0,0" mass="1" elasticityCoef="1" ang="90,0,0" color="0,220,0" radius="0.5" length="4" />
		<capsule pos="-19.549999999999997,11.0,0.0" vel="0,0,0" mass="1" elasticityCoef="1" ang="90,0,0" color="0,220,0" radius="0.5" length="4" />
		<capsule pos="-19.549999999999997,11.0,2.3000000000000043" vel="0,0,0" mass="1" elasticityCoef="1" ang="90,0,0" color="0,220,0" radius="0.5" length="4" />
		<capsule pos="-19.549999999999997,11.0,4.600000000000001" vel="0,0,0" mass="1" elasticityCoef="1" ang="90,0,0" color="0,220,0" radius="0.5" length="4" />
		<capsule pos="-19.549999999999997,11.0,6.899999999999999" vel="0,0,0" mass="1" elasticityCoef="1" ang="90,0,0" color="0,220,0" radius="0.5" length="4" />
		<capsule pos="-19.549999999999997,11.0,9.200000000000003" vel="0,0,0" mass="1" elasticityCoef="1" ang="90,0,0" color="0,220,0" radius="0.5" length="4" />
		<capsule pos="-19.549999999999997,11.0,11.5" vel="0,0,0" mass="1" elasticityCoef="1" ang="90,0,0" color="0,220,0" radius="0.5" length="4" />
		<capsule pos="-19.549999999999997,11.0,13.799999999999997" vel="0,0,0" mass="1" elasticityCoef="1" ang="90,0,0" color="0,220,0" radius="0.5" length="4" />
		<capsule pos="-19.549999999999997,11.0,16.1" vel="0,0,0" mass="1" elasticityCoef="1" ang="90,0,0" color="0,220,0" radius="0.5" length="4" />
		<capsule pos="-19.549999999999997,11.0,18.4" vel="0,0,0" mass="1" elasticityCoef="1" ang="90,0,0" color="0,220,0" radius="0.5" length="4" />
		<capsule pos="-19.549999999999997,11.0,20.699999999999996" vel="0,0,0" mass="1" elasticityCoef="1" ang="90,0,0" color="0,220,0" radius="0.5" length="4" />
		<capsule pos="-19.549999999999997,11.0,22.999999999999993" vel="0,0,0" mass="1" elasticityCoef="1" ang="90,0,0" color="0,220,0" radius="0.5" length="4" />
		<capsule pos="-19.549999999999997,11.0,25.300000000000004" vel="0,0,0" mass="1" elasticityCoef="1" ang="90,0,0" color="0,220,0" radius="0.5" length="4" />
		<capsule pos="-19.549999999999997,11.0,27.6" vel="0,0,0" mass="1" elasticityCoef="1" ang="90,0,0" color="0,220,0" radius="0.5" length="4" />
		<capsule pos="-19.549999999999997,11.0,29.9" vel="0,0,0" mass="1" elasticityCoef="1" ang="90,0,0" color="0,220,0" radius="0.5" length="4" />
		<capsule pos="-19.549999999999997,11.0,32.199999999999996" vel="0,0,0" mass="1" elasticityCoef="1" ang="90,0,0" color="0,220,0" radius="0.5" length="4" />
		<capsule pos="-19.549999999999997,11.0,34.49999999999999" vel="0,0,0" mass="1" elasticityCoef="1" ang="90,0,0" color="0,220,0" radius="0.5" length="4" />
		<capsule pos="-19.549999999999997,11.0,36.800000000000004" vel="0,0,0" mass="1" elasticityCoef="1" ang="90,0,0" color="0,220,0" radius="0.5" length="4" />
		<capsule pos="-19.549999999999997,11.0,39.1" vel="0,0,0" mass="1" elasticityCoef="1" ang="90,0,0" color="0,220,0" radius="0.5" length="4" />
		<capsule pos="-19.549999999999997,11.0,41.4" vel="0,0,0" mass="1" elasticityCoef="1" ang="90,0,0" color="0,220,0" radius="0.5" length="4" />
		<capsule pos="-19.549999999999997,16.5,-43.699999999999996" vel="0,0,0" mass="1" elasticityCoef="1" ang="90,0,0" color="0,220,0" radius="0.5" length="4" />
		<capsule pos="-19.549999999999997,16.5,-41.4" vel="0,0,0" mass="1" elasticityCoef="1" ang="90,0,0" color="0,220,0" radius="0.5" length="4" />
		<capsule pos="-19.549999999999997,16.5,-39.099999999999994" vel="0,0,0" mass="1" elasticityCoef="1" ang="90,0,0" color="0,220,0" radius="0.5" length="4" />
		<capsule pos="-19.549999999999997,16.5,-36.8" vel="0,0,0" mass="1" elasticityCoef="1" ang="90,0,0" color="0,220,0" radius="0.5" length="4" />
		<capsule pos="-19.549999999999997,16.5,-34.5" vel="0,0,0" mass="1" elasticityCoef="1" ang="90,0,0" color="0,220,0" radius="0.5" length="4" />
		<capsule pos="-19.549999999999997,16.5,-32.199999999999996" vel="0,0,0" mass="1" elasticityCoef="1" ang="90,0,0" color="0,220,0" radius="0.5" length="4" />
		<capsule pos="-19.549999999999997,16.5,-29.9" vel="0,0,0" mass="1" elasticityCoef="1" ang="90,0,0" color="0,220,0" radius="0.5" length="4" />
		<capsule pos="-19.549999999999997,16.5,-27.599999999999998" vel="0,0,0" mass="1" elasticityCoef="1" ang="90,0,0" color="0,220,0" radius="0.5" length="4" />
		<capsule pos="-19.549999999999997,16.5,-25.299999999999997" vel="0,0,0" mass="1" elasticityCoef="1" ang="90,0,0" color="0,220,0" radius="0.5" length="4" />
		<capsule pos="-19.549999999999997,16.5,-22.999999999999996" vel="0,0,0" mass="1" elasticityCoef="1" ang="90,0,0" color="0,220,0" radius="0.5" length="4" />
		<capsule pos="-19.549999999999997,16.5,-20.699999999999996" vel="0,0,0" mass="1" elasticityCoef="1" ang="90,0,0" color="0,220,0" radius="0.5" length="4" />
		<capsule pos="-19.549999999999997,16.5,-18.4" vel="0,0,0" mass="1" elasticityCoef="1" ang="90,0,0" color="0,220,0" radius="0.5" length="4" />
		<capsule pos="-19.549999999999997,16.5,-16.099999999999998" vel="0,0,0" mass="1" elasticityCoef="1" ang="90,0,0" color="0,220,0" radius="0.5" length="4" />
		<capsule pos="-19.549999999999997,16.5,-13.799999999999997" vel="0,0,0" mass="1" elasticityCoef="1" ang="90,0,0" color="0,220,0" radius="0.5" length="4" />
		<capsule pos="-19.549999999999997,16.5,-11.5" vel="0,0,0" mass="1" elasticityCoef="1" ang="90,0,0" color="0,220,0" radius="0.5" length="4" />
		<capsule pos="-19.549999999999997,16.5,-9.199999999999996" vel="0,0,0" mass="1" elasticityCoef="1" ang="90,0,0" color="0,220,0" radius="0.5" length="4" />
		<capsule pos="-19.549999999999997,16.5,-6.899999999999999" vel="0,0,0" mass="1" elasticityCoef="1" ang="90,0,0" color="0,220,0" radius="0.5" length="4" />
		<capsule pos="-19.549999999999997,16.5,-4.600000000000001" vel="0,0,0" mass="1" elasticityCoef="1" ang="90,0,0" color="0,220,0" radius="0.5" length="4" />
		<capsule pos="-19.549999999999997,16.5,-2.299999999999997" vel="0,0,0" mass="1" elasticityCoef="1" ang="90,0,0" color="0,220,0" radius="0.5" length="4" />
		<capsule pos="-19.549999999999997,16.5,0.0" vel="0,0,0" mass="1" elasticityCoef="1" ang="90,0,0" color="0,220,0" radius="0.5" length="4" />
		<capsule pos="-19.549999999999997,16.5,2.3000000000000043" vel="0,0,0" mass="1" elasticityCoef="1" ang="90,0,0" color="0,220,0" radius="0.5" length="4" />
		<capsule pos="-19.549999999999997,16.5,4.600000000000001" vel="0,0,0" mass="1" elasticityCoef="1" ang="90,0,0" color="0,220,0" radius="0.5" length="4" />
		<capsule pos="-19.549999999999997,16.5,6.899999999999999" vel="0,0,0" mass="1" elasticityCoef="1" ang="90,0,0" color="0,220,0" radius="0.5" length="4" />
		<capsule pos="-19.549999999999997,16.5,9.200000000000003" vel="0,0,0" mass="1" elasticityCoef="1" ang="90,0,0" color="0,220,0" radius="0.5" length="4" />
		<capsule pos="-19.549999999999997,16.5,11.5" vel="0,0,0" mass="1" elasticityCoef="1" ang="90,0,0" color="0,220,0" radius="0.5" length="4" />
		<capsule pos="-19.549999999999997,16.5,13.799999999999997" vel="0,0,0" mass="1" elasticityCoef="1" ang="90,0,0" color="0,220,0" radius="0.5" length="4" />
		<capsule pos="-19.549999999999997,16.5,16.1" vel="0,0,0" mass="1" elasticityCoef="1" ang="90,0,0" color="0,220,0" radius="0.5" length="4" />
		<capsule pos="-19.549999999999997,16.5,18.4" vel="0,0,0" mass="1" elasticityCoef="1" ang="90,0,0" color="0,220,0" radius="0.5" length="4" />
		<capsule pos="-19.549999999999997,16.5,20.699999999999996" vel="0,0,0" mass="1" elasticityCoef="1" ang="90,0,0" color="0,220,0" radius="0.5" length="4" />
		<capsule pos="-19.549999999999997,16.5,22.999999999999993" vel="0,0,0" mass="1" elasticityCoef="1" ang="90,0,0" color="0,220,0" radius="0.5" length="4" />
		<capsule pos="-19.549999999999997,16.5,25.300000000000004" vel="0,0,0" mass="1" elasticityCoef="1" ang="90,0,0" color="0,220,0" radius="0.5" length="4" />
		<capsule pos="-19.549999999999997,16.5,27.6" vel="0,0,0" mass="1" elasticityCoef="1" ang="90,0,0" color="0,220,0" radius="0.5" length="4" />
		<capsule pos="-19.549999999999997,16.5,29.9" vel="0,0,0" mass="1" elasticityCoef="1" ang="90,0,0" color="0,220,0" radius="0.5" length="4" />
		<capsule pos="-19.549999999999997,16.5,32.199999999999996" vel="0,0,0" mass="1" elasticityCoef="1" ang="90,0,0" color="0,220,0" radius="0.5" length="4" />
		<capsule pos="-19.549999999999997,16.5,34.49999999999999" vel="0,0,0" mass="1" elasticityCoef="1" ang="90,0,0" color="0,220,0" radius="0.5" length="4" />
		<capsule pos="-19.549999999999997,16.5,36.800000000000004" vel="0,0,0" mass="1" elasticityCoef="1" ang="90,0,0" color="0,220,0" radius="0.5" length="4" />
		<capsule pos="-19.549999999999997,16.5,39.1" vel="0,0,0" mass="1" elasticityCoef="1" ang="90,0,0" color="0,220,0" radius="0.5" length="4" />
		<capsule pos="-19.549999999999997,16.5,41.4" vel="0,0,0" mass="1" elasticityCoef="1" ang="90,0,0" color="0,220,0" radius="0.5" length="4" />
		<capsule pos="-19.549999999999997,22.0,-43.699999999999996" vel="0,0,0" mass="1" elasticityCoef="1" ang="90,0,0" color="0,220,0" radius="0.5" length="4" />
		<capsule pos="-19.549999999999997,22.0,-41.4" vel="0,0,0" mass="1" elasticityCoef="1" ang="90,0,0" color="0,220,0" radius="0.5" length="4" />
		<capsule pos="-19.549999999999997,22.0,-39.099999999999994" vel="0,0,0" mass="1" elasticityCoef="1" ang="90,0,0" color="0,220,0" radius="0.5" length="4" />
		<capsule pos="-19.549999999999997,22.0,-36.8" vel="0,0,0" mass="1" elasticityCoef="1" ang="90,0,0" color="0,220,0" radius="0.5" length="4" />
		<capsule pos="-19.549999999999997,22.0,-34.5" vel="0,0,0" mass="1" elasticityCoef="1" ang="90,0,0" color="0,220,0" radius="0.5" length="4" />
		<capsule pos="-19.549999999999997,22.0,-32.199999999999996" vel="0,0,0" mass="1" elasticityCoef="1" ang="90,0,0" color="0,220,0" radius="0.5" length="4" />
		<capsule pos="-19.549999999999997,22.0,-29.9" vel="0,0,0" mass="1" elasticityCoef="1" ang="90,0,0" color="0,220,0" radius="0.5" length="4" />
		<capsule pos="-19.549999999999997,22.0,-27.599999999999998" vel="0,0,0" mass="1" elasticityCoef="1" ang="90,0,0" color="0,220,0" radius="0.5" length="4" />
		<capsule pos="-19.549999999999997,22.0,-25.299999999999997" vel="0,0,0" mass="1" elasticityCoef="1" ang="90,0,0" color="0,220,0" radius="0.5" length="4" />
		<capsule pos="-19.549999999999997,22.0,-22.999999999999996" vel="0,0,0" mass="1" elasticityCoef="1" ang="90,0,0" color="0,220,0" radius="0.5" length="4" />
		<capsule pos="-19.549999999999997,22.0,-20.699999999999996" vel="0,0,0" mass="1" elasticityCoef="1" ang="90,0,0" color="0,220,0" radius="0.5" length="4" />
		<capsule pos="-19.549999999999997,22.0,-18.4" vel="0,0,0" mass="1" elasticityCoef="1" ang="90,0,0" color="0,220,0" radius="0.5" length="4" />
		<capsule pos="-19.549999999999997,22.0,-16.099999999999998" vel="0,0,0" mass="1" elasticityCoef="1" ang="90,0,0" color="0,220,0" radius="0.5" length="4" />
		<capsule pos="-19.549999999999997,22.0,-13.799999999999997" vel="0,0,0" mass="1" elasticityCoef="1" ang="90,0,0" color="0,220,0" radius="0.5" length="4" />
		<capsule pos="-19.549999999999997,22.0,-11.5" vel="0,0,0" mass="1" elasticityCoef="1" ang="90,0,0" color="0,220,0" radius="0.5" length="4" />
		<capsule pos="-19.549999999999997,22.0,-9.199999999999996" vel="0,0,0" mass="1" elasticityCoef="1" ang="90,0,0" color="0,220,0" radius="0.5" length="4" />
		<capsule pos="-19.549999999999997,22.0,-6.899999999999999" vel="0,0,0" mass="1" elasticityCoef="1" ang="90,0,0" color="0,220,0" radius="0.5" length="4" />
		<capsule pos="-19.549999999999997,22.0,-4.600000000000001" vel="0,0,0" mass="1" elasticityCoef="1" ang="90,0,0" color="0,220,0" radius="0.5" length="4" />
		<capsule pos="-19.549999999999997,22.0,-2.299999999999997" vel="0,0,0" mass="1" elasticityCoef="1" ang="90,0,0" color="0,220,0" radius="0.5" length="4" />
		<capsule pos="-19.549999999999997,22.0,0.0" vel="0,0,0" mass="1" elasticityCoef="1" ang="90,0,0" color="0,220,0" radius="0.5" length="4" />
		<capsule pos="-19.549999999999997,22.0,2.3000000000000043" vel="0,0,0" mass="1" elasticityCoef="1" ang="90,0,0" color="0,220,0" radius="0.5" length="4" />
		<capsule pos="-19.549999999999997,22.0,4.600000000000001" vel="0,0,0" mass="1" elasticityCoef="1" ang="90,0,0" color="0,220,0" radius="0.5" length="4" />
		<capsule pos="-19.549999999999997,22.0,6.899999999999999" vel="0,0,0" mass="1" elasticityCoef="1" ang="90,0,0" color="0,220,0" radius="0.5" length="4" />
		<capsule pos="-19.549999999999997,22.0,9.200000000000003" vel="0,0,0" mass="1" elasticityCoef="1" ang="90,0,0" color="0,220,0" radius="0.5" length="4" />
		<capsule pos="-19.549999999999997,22.0,11.5" vel="0,0,0" mass="1" elasticityCoef="1" ang="90,0,0" color="0,220,0" radius="0.5" length="4" />
		<capsule pos="-19.549999999999997,22.0,13.799999999999997" vel="0,0,0" mass="1" elasticityCoef="1" ang="90,0,0" color="0,220,0" radius="0.5" length="4" />
		<capsule pos="-19.549999999999997,22.0,16.1" vel="0,0,0" mass="1" elasticityCoef="1" ang="90,0,0" color="0,220,0" radius="0.5" length="4" />
		<capsule pos="-19.549999999999997,22.0,18.4" vel="0,0,0" mass="1" elasticityCoef="1" ang="90,0,0" color="0,220,0" radius="0.5" length="4" />
		<capsule pos="-19.549999999999997,22.0,20.699999999999996" vel="0,0,0" mass="1" elasticityCoef="1" ang="90,0,0" color="0,220,0" radius="0.5" length="4" />
		<capsule pos="-19.549999999999997,22.0,22.999999999999993" vel="0,0,0" mass="1" elasticityCoef="1" ang="90,0,0" color="0,220,0" radius="0.5" length="4" />
		<capsule pos="-19.549999999999997,22.0,25.300000000000004" vel="0,0,0" mass="1" elasticityCoef="1" ang="90,0,0" color="0,220,0" radius="0.5" length="4" />
		<capsule pos="-19.549999999999997,22.0,27.6" vel="0,0,0" mass="1" elasticityCoef="1" ang="90,0,0" color="0,220,0" radius="0.5" length="4" />
		<capsule pos="-19.549999999999997,22.0,29.9" vel="0,0,0" mass="1" elasticityCoef="1" ang="90,0,0" color="0,220,0" radius="0.5" length="4" />
		<capsule pos="-19.549999999999997,22.0,32.199999999999996" vel="0,0,0" mass="1" elasticityCoef="1" ang="90,0,0" color="0,220,0" radius="0.5" length="4" />
		<capsule pos="-19.549999999999997,22.0,34.49999999999999" vel="0,0,0" mass="1" elasticityCoef="1" ang="90,0,0" color="0,220,0" radius="0.5" length="4" />
		<capsule pos="-19.549999999999997,22.0,36.800000000000004" vel="0,0,0" mass="1" elasticityCoef="1" ang="90,0,0" color="0,220,0" radius="0.5" length="4" />
		<capsule pos="-19.549999999999997,22.0,39.1" vel="0,0,0" mass="1" elasticityCoef="1" ang="90,0,0" color="0,220,0" radius="0.5" length="4" />
		<capsule pos="-19.549999999999997,22.0,41.4" vel="0,0,0" mass="1" elasticityCoef="1" ang="90,0,0" color="0,220,0" radius="0.5" length="4" />
		<capsule pos="-19.549999999999997,27.5,-43.699999999999996" vel="0,0,0" mass="1" elasticityCoef="1" ang="90,0,0" color="0,220,0" radius="0.5" length="4" />
		<capsule pos="-19.549999999999997,27.5,-41.4" vel="0,0,0" mass="1" elasticityCoef="1" ang="90,0,0" color="0,220,0" radius="0.5" length="4" />
		<capsule pos="-19.549999999999997,27.5,-39.099999999999994" vel="0,0,0" mass="1" elasticityCoef="1" ang="90,0,0" color="0,220,0" radius="0.5" length="4" />
		<capsule pos="-19.549999999999997,27.5,-36.8" vel="0,0,0" mass="1" elasticityCoef="1" ang="90,0,0" color="0,220,0" radius="0.5" length="4" />
		<capsule pos="-19.549999999999997,27.5,-34.5" vel="0,0,0" mass="1" elasticityCoef="1" ang="90,0,0" color="0,220,0" radius="0.5" length="4" />
		<capsule pos="-19.549999999999997,27.5,-32.199999999999996" vel="0,0,0" mass="1" elasticityCoef="1" ang="90,0,0" color="0,220,0" radius="0.5" length="4" />
		<capsule pos="-19.549999999999997,27.5,-29.9" vel="0,0,0" mass="1" elasticityCoef="1" ang="90,0,0" color="0,220,0" radius="0.5" length="4" />
		<capsule pos="-19.549999999999997,27.5,-27.599999999999998" vel="0,0,0" mass="1" elasticityCoef="1" ang="90,0,0" color="0,220,0" radius="0.5" length="4" />
		<capsule pos="-19.549999999999997,27.5,-25.299999999999997" vel="0,0,0" mass="1" elasticityCoef="1" ang="90,0,0" color="0,220,0" radius="0.5" length="4" />
		<capsule pos="-19.549999999999997,27.5,-22.999999999999996" vel="0,0,0" mass="1" elasticityCoef="1" ang="90,0,0" color="0,220,0" radius="0.5" length="4" />
		<capsule pos="-19.549999999999997,27.5,-20.699999999999996" vel="0,0,0" mass="1" elasticityCoef="1" ang="90,0,0" color="0,220,0" radius="0.5" length="4" />
		<capsule pos="-19.549999999999997,27.5,-18.4" vel="0,0,0" mass="1" elasticityCoef="1" ang="90,0,0" color="0,220,0" radius="0.5" length="4" />
		<capsule pos="-19.549999999999997,27.5,-16.099999999999998" vel="0,0,0" mass="1" elasticityCoef="1" ang="90,0,0" color="0,220,0" radius="0.5" length="4" />
		<capsule pos="-19.549999999999997,27.5,-13.799999999999997" vel="0,0,0" mass="1" elasticityCoef="1" ang="90,0,0" color="0,220,0" radius="0.5" length="4" />
		<capsule pos="-19.549999999999997,27.5,-11.5" vel="0,0,0" mass="1" elasticityCoef="1" ang="90,0,0" color="0,220,0" radius="0.5" length="4" />
		<capsule pos="-19.549999999999997,27.5,-9.199999999999996" vel="0,0,0" mass="1" elasticityCoef="1" ang="90,0,0" color="0,220,0" radius="0.5" length="4" />
		<capsule pos="-19.549999999999997,27.5,-6.899999999999999" vel="0,0,0" mass="1" elasticityCoef="1" ang="90,0,0" color="0,220,0" radius="0.5" length="4" />
		<capsule pos="-19.549999999999997,27.5,-4.600000000000001" vel="0,0,0" mass="1" elasticityCoef="1" ang="90,0,0" color="0,220,0" radius="0.5" length="4" />
		<capsule pos="-19.549999999999997,27.5,-2.299999999999997" vel="0,0,0" mass="1" elasticityCoef="1" ang="90,0,0" color="0,220,0" radius="0.5" length="4" />
		<capsule pos="-19.549999999999997,27.5,0.0" vel="0,0,0" mass="1" elasticityCoef="1" ang="90,0,0" color="0,220,0" radius="0.5" length="4" />
		<capsule pos="-19.549999999999997,27.5,2.3000000000000043" vel="0,0,0" mass="1" elasticityCoef="1" ang="90,0,0" color="0,220,0" radius="0.5" length="4" />
		<capsule pos="-19.549999999999997,27.5,4.600000000000001" vel="0,0,0" mass="1" elasticityCoef="1" ang="90,0,0" color="0,220,0" radius="0.5" length="4" />
		<capsule pos="-19.549999999999997,27.5,6.899999999999999" vel="0,0,0" mass="1" elasticityCoef="1" ang="90,0,0" color="0,220,0" radius="0.5" length="4" />
		<capsule pos="-19.549999999999997,27.5,9.200000000000003" vel="0,0,0" mass="1" elasticityCoef="1" ang="90,0,0" color="0,220,0" radius="0.5" length="4" />
		<capsule pos="-19.549999999999997,27.5,11.5" vel="0,0,0" mass="1" elasticityCoef="1" ang="90,0,0" color="0,220,0" radius="0.5" length="4" />
		<capsule pos="-19.549999999999997,27.5,13.799999999999997" vel="0,0,0" mass="1" elasticityCoef="1" ang="90,0,0" color="0,220,0" radius="0.5" length="4" />
		<capsule pos="-19.549999999999997,27.5,16.1" vel="0,0,0" mass="1" elasticityCoef="1" ang="90,0,0" color="0,220,0" radius="0.5" length="4" />
		<capsule pos="-19.549999999999997,27.5,18.4" vel="0,0,0" mass="1" elasticityCoef="1" ang="90,0,0" color="0,220,0" radius="0.5" length="4" />
		<capsule pos="-19.549999999999997,27.5,20.699999999999996" vel="0,0,0" mass="1" elasticityCoef="1" ang="90,0,0" color="0,220,0" radius="0.5" length="4" />
		<capsule pos="-19.549999999999997,27.5,22.999999999999993" vel="0,0,0" mass="1" elasticityCoef="1" ang="90,0,0" color="0,220,0" radius="0.5" length="4" />
		<capsule pos="-19.549999999999997,27.5,25.300000000000004" vel="0,0,0" mass="1" elasticityCoef="1" ang="90,0,0" color="0,220,0" radius="0.5" length="4" />
		<capsule pos="-19.549999999999997,27.5,27.6" vel="0,0,0" mass="1" elasticityCoef="1" ang="90,0,0" color="0,220,0" radius="0.5" length="4" />
		<capsule pos="-19.549999999999997,27.5,29.9" vel="0,0,0" mass="1" elasticityCoef="1" ang="90,0,0" color="0,220,0" radius="0.5" length="4" />
		<capsule pos="-19.549999999999997,27.5,32.199999999999996" vel="0,0,0" mass="1" elasticityCoef="1" ang="90,0,0" color="0,220,0" radius="0.5" length="4" />
		<capsule pos="-19.549999999999997,27.5,34.49999999999999" vel="0,0,0" mass="1" elasticityCoef="1" ang="90,0,0" color="0,220,0" radius="0.5" length="4" />
		<capsule pos="-19.549999999999997,27.5,36.800000000000004" vel="0,0,0" mass="1" elasticityCoef="1" ang="90,0,0" color="0,220,0" radius="0.5" length="4" />
		<capsule pos="-19.549999999999997,27.5,39.1" vel="0,0,0" mass="1" elasticityCoef="1" ang="90,0,0" color="0,220,0" radius="0.5" length="4" />
		<capsule pos="-19.549999999999997,27.5,41.4" vel="0,0,0" mass="1" elasticityCoef="1" ang="90,0,0" color="0,220,0" radius="0.5" length="4" />
		<capsule pos="-19.549999999999997,33.0,-43.699999999999996" vel="0,0,0" mass="1" elasticityCoef="1" ang="90,0,0" color="0,220,0" radius="0.5" length="4" />
		<capsule pos="-19.549999999999997,33.0,-41.4" vel="0,0,0" mass="1" elasticityCoef="1" ang="90,0,0" color="0,220,0" radius="0.5" length="4" />
		<capsule pos="-19.549999999999997,33.0,-39.099999999999994" vel="0,0,0" mass="1" elasticityCoef="1" ang="90,0,0" color="0,220,0" radius="0.5" length="4" />
		<capsule pos="-19.549999999999997,33.0,-36.8" vel="0,0,0" mass="1" elasticityCoef="1" ang="90,0,0" color="0,220,0" radius="0.5" length="4" />
		<capsule pos="-19.549999999999997,33.0,-34.5" vel="0,0,0" mass="1" elasticityCoef="1" ang="90,0,0" color="0,220,0" radius="0.5" length="4" />
		<capsule pos="-19.549999999999997,33.0,-32.199999999999996" vel="0,0,0" mass="1" elasticityCoef="1" ang="90,0,0" color="0,220,0" radius="0.5" length="4" />
		<capsule pos="-19.549999999999997,33.0,-29.9" vel="0,0,0" mass="1" elasticityCoef="1" ang="90,0,0" color="0,220,0" radius="0.5" length="4" />
		<capsule pos="-19.549999999999997,33.0,-27.599999999999998" vel="0,0,0" mass="1" elasticityCoef="1" ang="90,0,0" color="0,220,0" radius="0.5" length="4" />
		<capsule pos="-19.549999999999997,33.0,-25.299999999999997" vel="0,0,0" mass="1" elasticityCoef="1" ang="90,0,0" color="0,220,0" radius="0.5" length="4" />
		<capsule pos="-19.549999999999997,33.0,-22.999999999999996" vel="0,0,0" mass="1" elasticityCoef="1" ang="90,0,0" color="0,220,0" radius="0.5" length="4" />
		<capsule pos="-19.549999999999997,33.0,-20.699999999999996" vel="0,0,0" mass="1" elasticityCoef="1" ang="90,0,0" color="0,220,0" radius="0.5" length="4" />
		<capsule pos="-19.549999999999997,33.0,-18.4" vel="0,0,0" mass="1" elasticityCoef="1" ang="90,0,0" color="0,220,0" radius="0.5" length="4" />
		<capsule pos="-19.549999999999997,33.0,-16.099999999999998" vel="0,0,0" mass="1" elasticityCoef="1" ang="90,0,0" color="0,220,0" radius="0.5" length="4" />
		<capsule pos="-19.549999999999997,33.0,-13.799999999999997" vel="0,0,0" mass="1" elasticityCoef="1" ang="90,0,0" color="0,220,0" radius="0.5" length="4" />
		<capsule pos="-19.549999999999997,33.0,-11.5" vel="0,0,0" mass="1" elasticityCoef="1" ang="90,0,0" color="0,220,0" radius="0.5" length="4" />
		<capsule pos="-19.549999999999997,33.0,-9.199999999999996" vel="0,0,0" mass="1" elasticityCoef="1" ang="90,0,0" color="0,220,0" radius="0.5" length="4" />
		<capsule pos="-19.549999999999997,33.0,-6.899999999999999" vel="0,0,0" mass="1" elasticityCoef="1" ang="90,0,0" color="0,220,0" radius="0.5" length="4" />
		<capsule pos="-19.549999999999997,33.0,-4.600000000000001" vel="0,0,0" mass="1" elasticityCoef="1" ang="90,0,0" color="0,220,0" radius="0.5" length="4" />
		<capsule pos="-19.549999999999997,33.0,-2.299999999999997" vel="0,0,0" mass="1" elasticityCoef="1" ang="90,0,0" color="0,220,0" radius="0.5" length="4" />
		<capsule pos="-19.549999999999997,33.0,0.0" vel="0,0,0" mass="1" elasticityCoef="1" ang="90,0,0" color="0,220,0" radius="0.5" length="4" />
		<capsule pos="-19.549999999999997,33.0,2.3000000000000043" vel="0,0,0" mass="1" elasticityCoef="1" ang="90,0,0" color="0,220,0" radius="0.5" length="4" />
		<capsule pos="-19.549999999999997,33.0,4.600000000000001" vel="0,0,0" mass="1" elasticityCoef="1" ang="90,0,0" color="0,220,0" radius="0.5" length="4" />
		<capsule pos="-19.549999999999997,33.0,6.899999999999999" vel="0,0,0" mass="1" elasticityCoef="1" ang="90,0,0" color="0,220,0" radius="0.5" length="4" />
		<capsule pos="-19.549999999999997,33.0,9.200000000000003" vel="0,0,0" mass="1" elasticityCoef="1" ang="90,0,0" color="0,220,0" radius="0.5" length="4" />
		<capsule pos="-19.549999999999997,33.0,11.5" vel="0,0,0" mass="1" elasticityCoef="1" ang="90,0,0" color="0,220,0" radius="0.5" length="4" />
		<capsule pos="-19.549999999999997,33.0,13.799999999999997" vel="0,0,0" mass="1" elasticityCoef="1" ang="90,0,0" color="0,220,0" radius="0.5" length="4" />
		<capsule pos="-19.549999999999997,33.0,16.1" vel="0,0,0" mass="1" elasticityCoef="1" ang="90,0,0" color="0,220,0" radius="0.5" length="4" />
		<capsule pos="-19.549999999999997,33.0,18.4" vel="0,0,0" mass="1" elasticityCoef="1" ang="90,0,0" color="0,220,0" radius="0.5" length="4" />
		<capsule pos="-19.549999999999997,33.0,20.699999999999996" vel="0,0,0" mass="1" elasticityCoef="1" ang="90,0,0" color="0,220,0" radius="0.5" length="4" />
		<capsule pos="-19.549999999999997,33.0,22.999999999999993" vel="0,0,0" mass="1" elasticityCoef="1" ang="90,0,0" color="0,220,0" radius="0.5" length="4" />
		<capsule pos="-19.549999999999997,33.0,25.300000000000004" vel="0,0,0" mass="1" elasticityCoef="1" ang="90,0,0" color="0,220,0" radius="0.5" length="4" />
		<capsule pos="-19.549999999999997,33.0,27.6" vel="0,0,0" mass="1" elasticityCoef="1" ang="90,0,0" color="0,220,0" radius="0.5" length="4" />
		<capsule pos="-19.549999999999997,33.0,29.9" vel="0,0,0" mass="1" elasticityCoef="1" ang="90,0,0" color="0,220,0" radius="0.5" length="4" />
		<capsule pos="-19.549999999999997,33.0,32.199999999999996" vel="0,0,0" mass="1" elasticityCoef="1" ang="90,0,0" color="0,220,0" radius="0.5" length="4" />
		<capsule pos="-19.549999999999997,33.0,34.49999999999999" vel="0,0,0" mass="1" elasticityCoef="1" ang="90,0,0" color="0,220,0" radius="0.5" length="4" />
		<capsule pos="-19.549999999999997,33.0,36.800000000000004" vel="0,0,0" mass="1" elasticityCoef="1" ang="90,0,0" color="0,220,0" radius="0.5" length="4" />
		<capsule pos="-19.549999999999997,33.0,39.1" vel="0,0,0" mass="1" elasticityCoef="1" ang="90,0,0" color="0,220,0" radius="0.5" length="4" />
		<capsule pos="-19.549999999999997,33.0,41.4" vel="0,0,0" mass="1" elasticityCoef="1" ang="90,0,0" color="0,220,0" radius="0.5" length="4" />
		<capsule pos="-19.549999999999997,38.5,-43.699999999999996" vel="0,0,0" mass="1" elasticityCoef="1" ang="90,0,0" color="0,220,0" radius="0.5" length="4" />
		<capsule pos="-19.549999999999997,38.5,-41.4" vel="0,0,0" mass="1" elasticityCoef="1" ang="90,0,0" color="0,220,0" radius="0.5" length="4" />
		<capsule pos="-19.549999999999997,38.5,-39.099999999999994" vel="0,0,0" mass="1" elasticityCoef="1" ang="90,0,0" color="0,220,0" radius="0.5" length="4" />
		<capsule pos="-19.549999999999997,38.5,-36.8" vel="0,0,0" mass="1" elasticityCoef="1" ang="90,0,0" color="0,220,0" radius="0.5" length="4" />
		<capsule pos="-19.549999999999997,38.5,-34.5" vel="0,0,0" mass="1" elasticityCoef="1" ang="90,0,0" color="0,220,0" radius="0.5" length="4" />
		<capsule pos="-19.549999999999997,38.5,-32.199999999999996" vel="0,0,0" mass="1" elasticityCoef="1" ang="90,0,0" color="0,220,0" radius="0.5" length="4" />
		<capsule pos="-19.549999999999997,38.5,-29.9" vel="0,0,0" mass="1" elasticityCoef="1" ang="90,0,0" color="0,220,0" radius="0.5" length="4" />
		<capsule pos="-19.549999999999997,38.5,-27.599999999999998" vel="0,0,0" mass="1" elasticityCoef="1" ang="90,0,0" color="0,220,0" radius="0.5" length="4" />
		<capsule pos="-19.549999999999997,38.5,-25.299999999999997" vel="0,0,0" mass="1" elasticityCoef="1" ang="90,0,0" color="0,220,0" radius="0.5" length="4" />
		<capsule pos="-19.549999999999997,38.5,-22.999999999999996" vel="0,0,0" mass="1" elasticityCoef="1" ang="90,0,0" color="0,220,0" radius="0.5" length="4" />
		<capsule pos="-19.549999999999997,38.5,-20.699999999999996" vel="0,0,0" mass="1" elasticityCoef="1" ang="90,0,0" color="0,220,0" radius="0.5" length="4" />
		<capsule pos="-19.549999999999997,38.5,-18.4" vel="0,0,0" mass="1" elasticityCoef="1" ang="90,0,0" color="0,220,0" radius="0.5" length="4" />
		<capsule pos="-19.549999999999997,38.5,-16.099999999999998" vel="0,0,0" mass="1" elasticityCoef="1" ang="90,0,0" color="0,220,0" radius="0.5" length="4" />
		<capsule pos="-19.549999999999997,38.5,-13.799999999999997" vel="0,0,0" mass="1" elasticityCoef="1" ang="90,0,0" color="0,220,0" radius="0.5" length="4" />
		<capsule pos="-19.549999999999997,38.5,-11.5" vel="0,0,0" mass="1" elasticityCoef="1" ang="90,0,0" color="0,220,0" radius="0.5" length="4" />
		<capsule pos="-19.549999999999997,38.5,-9.199999999999996" vel="0,0,0" mass="1" elasticityCoef="1" ang="90,0,0" color="0,220,0" radius="0.5" length="4" />
		<capsule pos="-19.549999999999997,38.5,-6.899999999999999" vel="0,0,0" mass="1" elasticityCoef="1" ang="90,0,0" color="0,220,0" radius="0.5" length="4" />
		<capsule pos="-19.549999999999997,38.5,-4.600000000000001" vel="0,0,0" mass="1" elasticityCoef="1" ang="90,0,0" color="0,220,0" radius="0.5" length="4" />
		<capsule pos="-19.549999999999997,38.5,-2.299999999999997" vel="0,0,0" mass="1" elasticityCoef="1" ang="90,0,0" color="0,220,0" radius="0.5" length="4" />
		<capsule pos="-19.549999999999997,38.5,0.0" vel="0,0,0" mass="1" elasticityCoef="1" ang="90,0,0" color="0,220,0" radius="0.5" length="4" />
		<capsule pos="-19.549999999999997,38.5,2.3000000000000043" vel="0,0,0" mass="1" elasticityCoef="1" ang="90,0,0" color="0,220,0" radius="0.5" length="4" />
		<capsule pos="-19.549999999999997,38.5,4.600000000000001" vel="0,0,0" mass="1" elasticityCoef="1" ang="90,0,0" color="0,220,0" radius="0.5" length="4" />
		<capsule pos="-19.549999999999997,38.5,6.899999999999999" vel="0,0,0" mass="1" elasticityCoef="1" ang="90,0,0" color="0,220,0" radius="0.5" length="4" />
		<capsule pos="-19.549999999999997,38.5,9.200000000000003" vel="0,0,0" mass="1" elasticityCoef="1" ang="90,0,0" color="0,220,0" radius="0.5" length="4" />
		<capsule pos="-19.549999999999997,38.5,11.5" vel="0,0,0" mass="1" elasticityCoef="1" ang="90,0,0" color="0,220,0" radius="0.5" length="4" />
		<capsule pos="-19.549999999999997,38.5,13.799999999999997" vel="0,0,0" mass="1" elasticityCoef="1" ang="90,0,0" color="0,220,0" radius="0.5" length="4" />
		<capsule pos="-19.549999999999997,38.5,16.1" vel="0,0,0" mass="1" elasticityCoef="1" ang="90,0,0" color="0,220,0" radius="0.5" length="4" />
		<capsule pos="-19.549999999999997,38.5,18.4" vel="0,0,0" mass="1" elasticityCoef="1" ang="90,0,0" color="0,220,0" radius="0.5" length="4" />
		<capsule pos="-19.549999999999997,38.5,20.699999999999996" vel="0,0,0" mass="1" elasticityCoef="1" ang="90,0,0" color="0,220,0" radius="0.5" length="4" />
		<capsule pos="-19.549999999999997,38.5,22.999999999999993" vel="0,0,0" mass="1" elasticityCoef="1" ang="90,0,0" color="0,220,0" radius="0.5" length="4" />
		<capsule pos="-19.549999999999997,38.5,25.300000000000004" vel="0,0,0" mass="1" elasticityCoef="1" ang="90,0,0" color="0,220,0" radius="0.5" length="4" />
		<capsule pos="-19.549999999999997,38.5,27.6" vel="0,0,0" mass="1" elasticityCoef="1" ang="90,0,0" color="0,220,0" radius="0.5" length="4" />
		<capsule pos="-19.549999999999997,38.5,29.9" vel="0,0,0" mass="1" elasticityCoef="1" ang="90,0,0" color="0,220,0" radius="0.5" length="4" />
		<capsule pos="-19.549999999999997,38.5,32.199999999999996" vel="0,0,0" mass="1" elasticityCoef="1" ang="90,0,0" color="0,220,0" radius="0.5" length="4" />
		<capsule pos="-19.549999999999997,38.5,34.49999999999999" vel="0,0,0" mass="1" elasticityCoef="1" ang="90,0,0" color="0,220,0" radius="0.5" length="4" />
		<capsule pos="-19.549999999999997,38.5,36.800000000000004" vel="0,0,0" mass="1" elasticityCoef="1" ang="90,0,0" color="0,220,0" radius="0.5" length="4" />
		<capsule pos="-19.549999999999997,38.5,39.1" vel="0,0,0" mass="1" elasticityCoef="1" ang="90,0,0" color="0,220,0" radius="0.5" length="4" />
		<capsule pos="-19.549999999999997,38.5,41.4" vel="0,0,0" mass="1" elasticityCoef="1" ang="90,0,0" color="0,220,0" radius="0.5" length="4" />
		<capsule pos="-19.549999999999997,44.0,-43.699999999999996" vel="0,0,0" mass="1" elasticityCoef="1" ang="90,0,0" color="0,220,0" radius="0.5" length="4" />
		<capsule pos="-19.549999999999997,44.0,-41.4" vel="0,0,0" mass="1" elasticityCoef="1" ang="90,0,0" color="0,220,0" radius="0.5" length="4" />
		<capsule pos="-19.549999999999997,44.0,-39.099999999999994" vel="0,0,0" mass="1" elasticityCoef="1" ang="90,0,0" color="0,220,0" radius="0.5" length="4" />
		<capsule pos="-19.549999999999997,44.0,-36.8" vel="0,0,0" mass="1" elasticityCoef="1" ang="90,0,0" color="0,220,0" radius="0.5" length="4" />
		<capsule pos="-19.549999999999997,44.0,-34.5" vel="0,0,0" mass="1" elasticityCoef="1" ang="90,0,0" color="0,220,0" radius="0.5" length="4" />
		<capsule pos="-19.549999999999997,44.0,-32.199999999999996" vel="0,0,0" mass="1" elasticityCoef="1" ang="90,0,0" color="0,220,0" radius="0.5" length="4" />
		<capsule pos="-19.549999999999997,44.0,-29.9" vel="0,0,0" mass="1" elasticityCoef="1" ang="90,0,0" color="0,220,0" radius="0.5" length="4" />
		<capsule pos="-19.549999999999997,44.0,-27.599999999999998" vel="0,0,0" mass="1" elasticityCoef="1" ang="90,0,0" color="0,220,0" radius="0.5" length="4" />
		<capsule pos="-19.549999999999997,44.0,-25.299999999999997" vel="0,0,0" mass="1" elasticityCoef="1" ang="90,0,0" color="0,220,0" radius="0.5" length="4" />
		<capsule pos="-19.549999999999997,44.0,-22.999999999999996" vel="0,0,0" mass="1" elasticityCoef="1" ang="90,0,0" color="0,220,0" radius="0.5" length="4" />
		<capsule pos="-19.549999999999997,44.0,-20.699999999999996" vel="0,0,0" mass="1" elasticityCoef="1" ang="90,0,0" color="0,220,0" radius="0.5" length="4" />
		<capsule pos="-19.549999999999997,44.0,-18.4" vel="0,0,0" mass="1" elasticityCoef="1" ang="90,0,0" color="0,220,0" radius="0.5" length="4" />
		<capsule pos="-19.549999999999997,44.0,-16.099999999999998" vel="0,0,0" mass="1" elasticityCoef="1" ang="90,0,0" color="0,220,0" radius="0.5" length="4" />
		<capsule pos="-19.549999999999997,44.0,-13.799999999999997" vel="0,0,0" mass="1" elasticityCoef="1" ang="90,0,0" color="0,220,0" radius="0.5" length="4" />
		<capsule pos="-19.549999999999997,44.0,-11.5" vel="0,0,0" mass="1" elasticityCoef="1" ang="90,0,0" color="0,220,0" radius="0.5" length="4" />
		<capsule pos="-19.549999999999997,44.0,-9.199999999999996" vel="0,0,0" mass="1" elasticityCoef="1" ang="90,0,0" color="0,220,0" radius="0.5" length="4" />
		<capsule pos="-19.549999999999997,44.0,-6.899999999999999" vel="0,0,0" mass="1" elasticityCoef="1" ang="90,0,0" color="0,220,0" radius="0.5" length="4" />
		<capsule pos="-19.549999999999997,44.0,-4.600000000000001" vel="0,0,0" mass="1" elasticityCoef="1" ang="90,0,0" color="0,220,0" radius="0.5" length="4" />
		<capsule pos="-19.549999999999997,44.0,-2.299999999999997" vel="0,0,0" mass="1" elasticityCoef="1" ang="90,0,0" color="0,220,0" radius="0.5" length="4" />
		<capsule pos="-19.549999999999997,44.0,0.0" vel="0,0,0" mass="1" elasticityCoef="1" ang="90,0,0" color="0,220,0" radius="0.5" length="4" />
		<capsule pos="-19.549999999999997,44.0,2.3000000000000043" vel="0,0,0" mass="1" elasticityCoef="1" ang="90,0,0" color="0,220,0" radius="0.5" length="4" />
		<capsule pos="-19.549999999999997,44.0,4.600000000000001" vel="0,0,0" mass="1" elasticityCoef="1" ang="90,0,0" color="0,220,0" radius="0.5" length="4" />
		<capsule pos="-19.549999999999997,44.0,6.899999999999999" vel="0,0,0" mass="1" elasticityCoef="1" ang="90,0,0" color="0,220,0" radius="0.5" length="4" />
		<capsule pos="-19.549999999999997,44.0,9.200000000000003" vel="0,0,0" mass="1" elasticityCoef="1" ang="90,0,0" color="0,220,0" radius="0.5" length="4" />
		<capsule pos="-19.549999999999997,44.0,11.5" vel="0,0,0" mass="1" elasticityCoef="1" ang="90,0,0" color="0,220,0" radius="0.5" length="4" />
		<capsule pos="-19.549999999999997,44.0,13.799999999999997" vel="0,0,0" mass="1" elasticityCoef="1" ang="90,0,0" color="0,220,0" radius="0.5" length="4" />
		<capsule pos="-19.549999999999997,44.0,16.1" vel="0,0,0" mass="1" elasticityCoef="1" ang="90,0,0" color="0,220,0" radius="0.5" length="4" />
		<capsule pos="-19.549999999999997,44.0,18.4" vel="0,0,0" mass="1" elasticityCoef="1" ang="90,0,0" color="0,220,0" radius="0.5" length="4" />
		<capsule pos="-19.549999999999997,44.0,20.699999999999996" vel="0,0,0" mass="1" elasticityCoef="1" ang="90,0,0" color="0,220,0" radius="0.5" length="4" />
		<capsule pos="-19.549999999999997,44.0,22.999999999999993" vel="0,0,0" mass="1" elasticityCoef="1" ang="90,0,0" color="0,220,0" radius="0.5" length="4" />
		<capsule pos="-19.549999999999997,44.0,25.300000000000004" vel="0,0,0" mass="1" elasticityCoef="1" ang="90,0,0" color="0,220,0" radius="0.5" length="4" />
		<capsule pos="-19.549999999999997,44.0,27.6" vel="0,0,0" mass="1" elasticityCoef="1" ang="90,0,0" color="0,220,0" radius="0.5" length="4" />
		<capsule pos="-19.549999999999997,44.0,29.9" vel="0,0,0" mass="1" elasticityCoef="1" ang="90,0,0" color="0,220,0" radius="0.5" length="4" />
		<capsule pos="-19.549999999999997,44.0,32.199999999999996" vel="0,0,0" mass="1" elasticityCoef="1" ang="90,0,0" color="0,220,0" radius="0.5" length="4" />
		<capsule pos="-19.549999999999997,44.0,34.49999999999999" vel="0,0,0" mass="1" elasticityCoef="1" ang="90,0,0" color="0,220,0" radius="0.5" length="4" />
		<capsule pos="-19.549999999999997,44.0,36.800000000000004" vel="0,0,0" mass="1" elasticityCoef="1" ang="90,0,0" color="0,220,0" radius="0.5" length="4" />
		<capsule pos="-19.549999999999997,44.0,39.1" vel="0,0,0" mass="1" elasticityCoef="1" ang="90,0,0" color="0,220,0" radius="0.5" length="4" />
		<capsule pos="-19.549999999999997,44.0,41.4" vel="0,0,0" mass="1" elasticityCoef="1" ang="90,0,0" color="0,220,0" radius="0.5" length="4" />
		<capsule pos="-17.25,-49.5,-43.699999999999996" vel="0,0,0" mass="1" elasticityCoef="1" ang="90,0,0" color="0,220,0" radius="0.5" length="4" />
		<capsule pos="-17.25,-49.5,-41.4" vel="0,0,0" mass="1" elasticityCoef="1" ang="90,0,0" color="0,220,0" radius="0.5" length="4" />
		<capsule pos="-17.25,-49.5,-39.099999999999994" vel="0,0,0" mass="1" elasticityCoef="1" ang="90,0,0" color="0,220,0" radius="0.5" length="4" />
		<capsule pos="-17.25,-49.5,-36.8" vel="0,0,0" mass="1" elasticityCoef="1" ang="90,0,0" color="0,220,0" radius="0.5" length="4" />
		<capsule pos="-17.25,-49.5,-34.5" vel="0,0,0" mass="1" elasticityCoef="1" ang="90,0,0" color="0,220,0" radius="0.5" length="4" />
		<capsule pos="-17.25,-49.5,-32.199999999999996" vel="0,0,0" mass="1" elasticityCoef="1" ang="90,0,0" color="0,220,0" radius="0.5" length="4" />
		<capsule pos="-17.25,-49.5,-29.9" vel="0,0,0" mass="1" elasticityCoef="1" ang="90,0,0" color="0,220,0" radius="0.5" length="4" />
		<capsule pos="-17.25,-49.5,-27.599999999999998" vel="0,0,0" mass="1" elasticityCoef="1" ang="90,0,0" color="0,220,0" radius="0.5" length="4" />
		<capsule pos="-17.25,-49.5,-25.299999999999997" vel="0,0,0" mass="1" elasticityCoef="1" ang="90,0,0" color="0,220,0" radius="0.5" length="4" />
		<capsule pos="-17.25,-49.5,-22.999999999999996" vel="0,0,0" mass="1" elasticityCoef="1" ang="90,0,0" color="0,220,0" radius="0.5" length="4" />
		<capsule pos="-17.25,-49.5,-20.699999999999996" vel="0,0,0" mass="1" elasticityCoef="1" ang="90,0,0" color="0,220,0" radius="0.5" length="4" />
		<capsule pos="-17.25,-49.5,-18.4" vel="0,0,0" mass="1" elasticityCoef="1" ang="90,0,0" color="0,220,0" radius="0.5" length="4" />
		<capsule pos="-17.25,-49.5,-16.099999999999998" vel="0,0,0" mass="1" elasticityCoef="1" ang="90,0,0" color="0,220,0" radius="0.5" length="4" />
		<capsule pos="-17.25,-49.5,-13.799999999999997" vel="0,0,0" mass="1" elasticityCoef="1" ang="90,0,0" color="0,220,0" radius="0.5" length="4" />
		<capsule pos="-17.25,-49.5,-11.5" vel="0,0,0" mass="1" elasticityCoef="1" ang="90,0,0" color="0,220,0" radius="0.5" length="4" />
		<capsule pos="-17.25,-49.5,-9.199999999999996" vel="0,0,0" mass="1" elasticityCoef="1" ang="90,0,0" color="0,220,0" radius="0.5" length="4" />
		<capsule pos="-17.25,-49.5,-6.899999999999999" vel="0,0,0" mass="1" elasticityCoef="1" ang="90,0,0" color="0,220,0" radius="0.5" length="4" />
		<capsule pos="-17.25,-49.5,-4.600000000000001" vel="0,0,0" mass="1" elasticityCoef="1" ang="90,0,0" color="0,220,0" radius="0.5" length="4" />
		<capsule pos="-17.25,-49.5,-2.299999999999997" vel="0,0,0" mass="1" elasticityCoef="1" ang="90,0,0" color="0,220,0" radius="0.5" length="4" />
		<capsule pos="-17.25,-49.5,0.0" vel="0,0,0" mass="1" elasticityCoef="1" ang="90,0,0" color="0,220,0" radius="0.5" length="4" />
		<capsule pos="-17.25,-49.5,2.3000000000000043" vel="0,0,0" mass="1" elasticityCoef="1" ang="90,0,0" color="0,220,0" radius="0.5" length="4" />
		<capsule pos="-17.25,-49.5,4.600000000000001" vel="0,0,0" mass="1" elasticityCoef="1" ang="90,0,0" color="0,220,0" radius="0.5" length="4" />
		<capsule pos="-17.25,-49.5,6.899999999999999" vel="0,0,0" mass="1" elasticityCoef="1" ang="90,0,0" color="0,220,0" radius="0.5" length="4" />
		<capsule pos="-17.25,-49.5,9.200000000000003" vel="0,0,0" mass="1" elasticityCoef="1" ang="90,0,0" color="0,220,0" radius="0.5" length="4" />
		<capsule pos="-17.25,-49.5,11.5" vel="0,0,0" mass="1" elasticityCoef="1" ang="90,0,0" color="0,220,0" radius="0.5" length="4" />
		<capsule pos="-17.25,-49.5,13.799999999999997" vel="0,0,0" mass="1" elasticityCoef="1" ang="90,0,0" color="0,220,0" radius="0.5" length="4" />
		<capsule pos="-17.25,-49.5,16.1" vel="0,0,0" mass="1" elasticityCoef="1" ang="90,0,0" color="0,220,0" radius="0.5" length="4" />
		<capsule pos="-17.25,-49.5,18.4" vel="0,0,0" mass="1" elasticityCoef="1" ang="90,0,0" color="0,220,0" radius="0.5" length="4" />
		<capsule pos="-17.25,-49.5,20.699999999999996" vel="0,0,0" mass="1" elasticityCoef="1" ang="90,0,0" color="0,220,0" radius="0.5" length="4" />
		<capsule pos="-17.25,-49.5,22.999999999999993" vel="0,0,0" mass="1" elasticityCoef="1" ang="90,0,0" color="0,220,0" radius="0.5" length="4" />
		<capsule pos="-17.25,-49.5,25.300000000000004" vel="0,0,0" mass="1" elasticityCoef="1" ang="90,0,0" color="0,220,0" radius="0.5" length="4" />
		<capsule pos="-17.25,-49.5,27.6" vel="0,0,0" mass="1" elasticityCoef="1" ang="90,0,0" color="0,220,0" radius="0.5" length="4" />
		<capsule pos="-17.25,-49.5,29.9" vel="0,0,0" mass="1" elasticityCoef="1" ang="90,0,0" color="0,220,0" radius="0.5" length="4" />
		<capsule pos="-17.25,-49.5,32.199999999999996" vel="0,0,0" mass="1" elasticityCoef="1" ang="90,0,0" color="0,220,0" radius="0.5" length="4" />
		<capsule pos="-17.25,-49.5,34.49999999999999" vel="0,0,0" mass="1" elasticityCoef="1" ang="90,0,0" color="0,220,0" radius="0.5" length="4" />
		<capsule pos="-17.25,-49.5,36.800000000000004" vel="0,0,0" mass="1" elasticityCoef="1" ang="90,0,0" color="0,220,0" radius="0.5" length="4" />
		<capsule pos="-17.25,-49.5,39.1" vel="0,0,0" mass="1" elasticityCoef="1" ang="90,0,0" color="0,220,0" radius="0.5" length="4" />
		<capsule pos="-17.25,-49.5,41.4" vel="0,0,0" mass="1" elasticityCoef="1" ang="90,0,0" color="0,220,0" radius="0.5" length="4" />
		<capsule pos="-17.25,-44.0,-43.699999999999996" vel="0,0,0" mass="1" elasticityCoef="1" ang="90,0,0" color="0,220,0" radius="0.5" length="4" />
		<capsule pos="-17.25,-44.0,-41.4" vel="0,0,0" mass="1" elasticityCoef="1" ang="90,0,0" color="0,220,0" radius="0.5" length="4" />
		<capsule pos="-17.25,-44.0,-39.099999999999994" vel="0,0,0" mass="1" elasticityCoef="1" ang="90,0,0" color="0,220,0" radius="0.5" length="4" />
		<capsule pos="-17.25,-44.0,-36.8" vel="0,0,0" mass="1" elasticityCoef="1" ang="90,0,0" color="0,220,0" radius="0.5" length="4" />
		<capsule pos="-17.25,-44.0,-34.5" vel="0,0,0" mass="1" elasticityCoef="1" ang="90,0,0" color="0,220,0" radius="0.5" length="4" />
		<capsule pos="-17.25,-44.0,-32.199999999999996" vel="0,0,0" mass="1" elasticityCoef="1" ang="90,0,0" color="0,220,0" radius="0.5" length="4" />
		<capsule pos="-17.25,-44.0,-29.9" vel="0,0,0" mass="1" elasticityCoef="1" ang="90,0,0" color="0,220,0" radius="0.5" length="4" />
		<capsule pos="-17.25,-44.0,-27.599999999999998" vel="0,0,0" mass="1" elasticityCoef="1" ang="90,0,0" color="0,220,0" radius="0.5" length="4" />
		<capsule pos="-17.25,-44.0,-25.299999999999997" vel="0,0,0" mass="1" elasticityCoef="1" ang="90,0,0" color="0,220,0" radius="0.5" length="4" />
		<capsule pos="-17.25,-44.0,-22.999999999999996" vel="0,0,0" mass="1" elasticityCoef="1" ang="90,0,0" color="0,220,0" radius="0.5" length="4" />
		<capsule pos="-17.25,-44.0,-20.699999999999996" vel="0,0,0" mass="1" elasticityCoef="1" ang="90,0,0" color="0,220,0" radius="0.5" length="4" />
		<capsule pos="-17.25,-44.0,-18.4" vel="0,0,0" mass="1" elasticityCoef="1" ang="90,0,0" color="0,220,0" radius="0.5" length="4" />
		<capsule pos="-17.25,-44.0,-16.099999999999998" vel="0,0,0" mass="1" elasticityCoef="1" ang="90,0,0" color="0,220,0" radius="0.5" length="4" />
		<capsule pos="-17.25,-44.0,-13.799999999999997" vel="0,0,0" mass="1" elasticityCoef="1" ang="90,0,0" color="0,220,0" radius="0.5" length="4" />
		<capsule pos="-17.25,-44.0,-11.5" vel="0,0,0" mass="1" elasticityCoef="1" ang="90,0,0" color="0,220,0" radius="0.5" length="4" />
		<capsule pos="-17.25,-44.0,-9.199999999999996" vel="0,0,0" mass="1" elasticityCoef="1" ang="90,0,0" color="0,220,0" radius="0.5" length="4" />
		<capsule pos="-17.25,-44.0,-6.899999999999999" vel="0,0,0" mass="1" elasticityCoef="1" ang="90,0,0" color="0,220,0" radius="0.5" length="4" />
		<capsule pos="-17.25,-44.0,-4.600000000000001" vel="0,0,0" mass="1" elasticityCoef="1" ang="90,0,0" color="0,220,0" radius="0.5" length="4" />
		<capsule pos="-17.25,-44.0,-2.299999999999997" vel="0,0,0" mass="1" elasticityCoef="1" ang="90,0,0" color="0,220,0" radius="0.5" length="4" />
		<capsule pos="-17.25,-44.0,0.0" vel="0,0,0" mass="1" elasticityCoef="1" ang="90,0,0" color="0,220,0" radius="0.5" length="4" />
		<capsule pos="-17.25,-44.0,2.3000000000000043" vel="0,0,0" mass="1" elasticityCoef="1" ang="90,0,0" color="0,220,0" radius="0.5" length="4" />
		<capsule pos="-17.25,-44.0,4.600000000000001" vel="0,0,0" mass="1" elasticityCoef="1" ang="90,0,0" color="0,220,0" radius="0.5" length="4" />
		<capsule pos="-17.25,-44.0,6.899999999999999" vel="0,0,0" mass="1" elasticityCoef="1" ang="90,0,0" color="0,220,0" radius="0.5" length="4" />
		<capsule pos="-17.25,-44.0,9.200000000000003" vel="0,0,0" mass="1" elasticityCoef="1" ang="90,0,0" color="0,220,0" radius="0.5" length="4" />
		<capsule pos="-17.25,-44.0,11.5" vel="0,0,0" mass="1" elasticityCoef="1" ang="90,0,0" color="0,220,0" radius="0.5" length="4" />
		<capsule pos="-17.25,-44.0,13.799999999999997" vel="0,0,0" mass="1" elasticityCoef="1" ang="90,0,0" color="0,220,0" radius="0.5" length="4" />
		<capsule pos="-17.25,-44.0,16.1" vel="0,0,0" mass="1" elasticityCoef="1" ang="90,0,0" color="0,220,0" radius="0.5" length="4" />
		<capsule pos="-17.25,-44.0,18.4" vel="0,0,0" mass="1" elasticityCoef="1" ang="90,0,0" color="0,220,0" radius="0.5" length="4" />
		<capsule pos="-17.25,-44.0,20.699999999999996" vel="0,0,0" mass="1" elasticityCoef="1" ang="90,0,0" color="0,220,0" radius="0.5" length="4" />
		<capsule pos="-17.25,-44.0,22.999999999999993" vel="0,0,0" mass="1" elasticityCoef="1" ang="90,0,0" color="0,220,0" radius="0.5" length="4" />
		<capsule pos="-17.25,-44.0,25.300000000000004" vel="0,0,0" mass="1" elasticityCoef="1" ang="90,0,0" color="0,220,0" radius="0.5" length="4" />
		<capsule pos="-17.25,-44.0,27.6" vel="0,0,0" mass="1" elasticityCoef="1" ang="90,0,0" color="0,220,0" radius="0.5" length="4" />
		<capsule pos="-17.25,-44.0,29.9" vel="0,0,0" mass="1" elasticityCoef="1" ang="90,0,0" color="0,220,0" radius="0.5" length="4" />
		<capsule pos="-17.25,-44.0,32.199999999999996" vel="0,0,0" mass="1" elasticityCoef="1" ang="90,0,0" color="0,220,0" radius="0.5" length="4" />
		<capsule pos="-17.25,-44.0,34.49999999999999" vel="0,0,0" mass="1" elasticityCoef="1" ang="90,0,0" color="0,220,0" radius="0.5" length="4" />
		<capsule pos="-17.25,-44.0,36.800000000000004" vel="0,0,0" mass="1" elasticityCoef="1" ang="90,0,0" color="0,220,0" radius="0.5" length="4" />
		<capsule pos="-17.25,-44.0,39.1" vel="0,0,0" mass="1" elasticityCoef="1" ang="90,0,0" color="0,220,0" radius="0.5" length="4" />
		<capsule pos="-17.25,-44.0,41.4" vel="0,0,0" mass="1" elasticityCoef="1" ang="90,0,0" color="0,220,0" radius="0.5" length="4" />
		<capsule pos="-17.25,-38.5,-43.699999999999996" vel="0,0,0" mass="1" elasticityCoef="1" ang="90,0,0" color="0,220,0" radius="0.5" length="4" />
		<capsule pos="-17.25,-38.5,-41.4" vel="0,0,0" mass="1" elasticityCoef="1" ang="90,0,0" color="0,220,0" radius="0.5" length="4" />
		<capsule pos="-17.25,-38.5,-39.099999999999994" vel="0,0,0" mass="1" elasticityCoef="1" ang="90,0,0" color="0,220,0" radius="0.5" length="4" />
		<capsule pos="-17.25,-38.5,-36.8" vel="0,0,0" mass="1" elasticityCoef="1" ang="90,0,0" color="0,220,0" radius="0.5" length="4" />
		<capsule pos="-17.25,-38.5,-34.5" vel="0,0,0" mass="1" elasticityCoef="1" ang="90,0,0" color="0,220,0" radius="0.5" length="4" />
		<capsule pos="-17.25,-38.5,-32.199999999999996" vel="0,0,0" mass="1" elasticityCoef="1" ang="90,0,0" color="0,220,0" radius="0.5" length="4" />
		<capsule pos="-17.25,-38.5,-29.9" vel="0,0,0" mass="1" elasticityCoef="1" ang="90,0,0" color="0,220,0" radius="0.5" length="4" />
		<capsule pos="-17.25,-38.5,-27.599999999999998" vel="0,0,0" mass="1" elasticityCoef="1" ang="90,0,0" color="0,220,0" radius="0.5" length="4" />
		<capsule pos="-17.25,-38.5,-25.299999999999997" vel="0,0,0" mass="1" elasticityCoef="1" ang="90,0,0" color="0,220,0" radius="0.5" length="4" />
		<capsule pos="-17.25,-38.5,-22.999999999999996" vel="0,0,0" mass="1" elasticityCoef="1" ang="90,0,0" color="0,220,0" radius="0.5" length="4" />
		<capsule pos="-17.25,-38.5,-20.699999999999996" vel="0,0,0" mass="1" elasticityCoef="1" ang="90,0,0" color="0,220,0" radius="0.5" length="4" />
		<capsule pos="-17.25,-38.5,-18.4" vel="0,0,0" mass="1" elasticityCoef="1" ang="90,0,0" color="0,220,0" radius="0.5" length="4" />
		<capsule pos="-17.25,-38.5,-16.099999999999998" vel="0,0,0" mass="1" elasticityCoef="1" ang="90,0,0" color="0,220,0" radius="0.5" length="4" />
		<capsule pos="-17.25,-38.5,-13.799999999999997" vel="0,0,0" mass="1" elasticityCoef="1" ang="90,0,0" color="0,220,0" radius="0.5" length="4" />
		<capsule pos="-17.25,-38.5,-11.5" vel="0,0,0" mass="1" elasticityCoef="1" ang="90,0,0" color="0,220,0" radius="0.5" length="4" />
		<capsule pos="-17.25,-38.5,-9.199999999999996" vel="0,0,0" mass="1" elasticityCoef="1" ang="90,0,0" color="0,220,0" radius="0.5" length="4" />
		<capsule pos="-17.25,-38.5,-6.899999999999999" vel="0,0,0" mass="1" elasticityCoef="1" ang="90,0,0" color="0,220,0" radius="0.5" length="4" />
		<capsule pos="-17.25,-38.5,-4.600000000000001" vel="0,0,0" mass="1" elasticityCoef="1" ang="90,0,0" color="0,220,0" radius="0.5" length="4" />
		<capsule pos="-17.25,-38.5,-2.299999999999997" vel="0,0,0" mass="1" elasticityCoef="1" ang="90,0,0" color="0,220,0" radius="0.5" length="4" />
		<capsule pos="-17.25,-38.5,0.0" vel="0,0,0" mass="1" elasticityCoef="1" ang="90,0,0" color="0,220,0" radius="0.5" length="4" />
		<capsule pos="-17.25,-38.5,2.3000000000000043" vel="0,0,0" mass="1" elasticityCoef="1" ang="90,0,0" color="0,220,0" radius="0.5" length="4" />
		<capsule pos="-17.25,-38.5,4.600000000000001" vel="0,0,0" mass="1" elasticityCoef="1" ang="90,0,0" color="0,220,0" radius="0.5" length="4" />
		<capsule pos="-17.25,-38.5,6.899999999999999" vel="0,0,0" mass="1" elasticityCoef="1" ang="90,0,0" color="0,220,0" radius="0.5" length="4" />
		<capsule pos="-17.25,-38.5,9.200000000000003" vel="0,0,0" mass="1" elasticityCoef="1" ang="90,0,0" color="0,220,0" radius="0.5" length="4" />
		<capsule pos="-17.25,-38.5,11.5" vel="0,0,0" mass="1" elasticityCoef="1" ang="90,0,0" color="0,220,0" radius="0.5" length="4" />
		<capsule pos="-17.25,-38.5,13.799999999999997" vel="0,0,0" mass="1" elasticityCoef="1" ang="90,0,0" color="0,220,0" radius="0.5" length="4" />
		<capsule pos="-17.25,-38.5,16.1" vel="0,0,0" mass="1" elasticityCoef="1" ang="90,0,0" color="0,220,0" radius="0.5" length="4" />
		<capsule pos="-17.25,-38.5,18.4" vel="0,0,0" mass="1" elasticityCoef="1" ang="90,0,0" color="0,220,0" radius="0.5" length="4" />
		<capsule pos="-17.25,-38.5,20.699999999999996" vel="0,0,0" mass="1" elasticityCoef="1" ang="90,0,0" color="0,220,0" radius="0.5" length="4" />
		<capsule pos="-17.25,-38.5,22.999999999999993" vel="0,0,0" mass="1" elasticityCoef="1" ang="90,0,0" color="0,220,0" radius="0.5" length="4" />
		<capsule pos="-17.25,-38.5,25.300000000000004" vel="0,0,0" mass="1" elasticityCoef="1" ang="90,0,0" color="0,220,0" radius="0.5" length="4" />
		<capsule pos="-17.25,-38.5,27.6" vel="0,0,0" mass="1" elasticityCoef="1" ang="90,0,0" color="0,220,0" radius="0.5" length="4" />
		<capsule pos="-17.25,-38.5,29.9" vel="0,0,0" mass="1" elasticityCoef="1" ang="90,0,0" color="0,220,0" radius="0.5" length="4" />
		<capsule pos="-17.25,-38.5,32.199999999999996" vel="0,0,0" mass="1" elasticityCoef="1" ang="90,0,0" color="0,220,0" radius="0.5" length="4" />
		<capsule pos="-17.25,-38.5,34.49999999999999" vel="0,0,0" mass="1" elasticityCoef="1" ang="90,0,0" color="0,220,0" radius="0.5" length="4" />
		<capsule pos="-17.25,-38.5,36.800000000000004" vel="0,0,0" mass="1" elasticityCoef="1" ang="90,0,0" color="0,220,0" radius="0.5" length="4" />
		<capsule pos="-17.25,-38.5,39.1" vel="0,0,0" mass="1" elasticityCoef="1" ang="90,0,0" color="0,220,0" radius="0.5" length="4" />
		<capsule pos="-17.25,-38.5,41.4" vel="0,0,0" mass="1" elasticityCoef="1" ang="90,0,0" color="0,220,0" radius="0.5" length="4" />
		<capsule pos="-17.25,-33.0,-43.699999999999996" vel="0,0,0" mass="1" elasticityCoef="1" ang="90,0,0" color="0,220,0" radius="0.5" length="4" />
		<capsule pos="-17.25,-33.0,-41.4" vel="0,0,0" mass="1" elasticityCoef="1" ang="90,0,0" color="0,220,0" radius="0.5" length="4" />
		<capsule pos="-17.25,-33.0,-39.099999999999994" vel="0,0,0" mass="1" elasticityCoef="1" ang="90,0,0" color="0,220,0" radius="0.5" length="4" />
		<capsule pos="-17.25,-33.0,-36.8" vel="0,0,0" mass="1" elasticityCoef="1" ang="90,0,0" color="0,220,0" radius="0.5" length="4" />
		<capsule pos="-17.25,-33.0,-34.5" vel="0,0,0" mass="1" elasticityCoef="1" ang="90,0,0" color="0,220,0" radius="0.5" length="4" />
		<capsule pos="-17.25,-33.0,-32.199999999999996" vel="0,0,0" mass="1" elasticityCoef="1" ang="90,0,0" color="0,220,0" radius="0.5" length="4" />
		<capsule pos="-17.25,-33.0,-29.9" vel="0,0,0" mass="1" elasticityCoef="1" ang="90,0,0" color="0,220,0" radius="0.5" length="4" />
		<capsule pos="-17.25,-33.0,-27.599999999999998" vel="0,0,0" mass="1" elasticityCoef="1" ang="90,0,0" color="0,220,0" radius="0.5" length="4" />
		<capsule pos="-17.25,-33.0,-25.299999999999997" vel="0,0,0" mass="1" elasticityCoef="1" ang="90,0,0" color="0,220,0" radius="0.5" length="4" />
		<capsule pos="-17.25,-33.0,-22.999999999999996" vel="0,0,0" mass="1" elasticityCoef="1" ang="90,0,0" color="0,220,0" radius="0.5" length="4" />
		<capsule pos="-17.25,-33.0,-20.699999999999996" vel="0,0,0" mass="1" elasticityCoef="1" ang="90,0,0" color="0,220,0" radius="0.5" length="4" />
		<capsule pos="-17.25,-33.0,-18.4" vel="0,0,0" mass="1" elasticityCoef="1" ang="90,0,0" color="0,220,0" radius="0.5" length="4" />
		<capsule pos="-17.25,-33.0,-16.099999999999998" vel="0,0,0" mass="1" elasticityCoef="1" ang="90,0,0" color="0,220,0" radius="0.5" length="4" />
		<capsule pos="-17.25,-33.0,-13.799999999999997" vel="0,0,0" mass="1" elasticityCoef="1" ang="90,0,0" color="0,220,0" radius="0.5" length="4" />
		<capsule pos="-17.25,-33.0,-11.5" vel="0,0,0" mass="1" elasticityCoef="1" ang="90,0,0" color="0,220,0" radius="0.5" length="4" />
		<capsule pos="-17.25,-33.0,-9.199999999999996" vel="0,0,0" mass="1" elasticityCoef="1" ang="90,0,0" color="0,220,0" radius="0.5" length="4" />
		<capsule pos="-17.25,-33.0,-6.899999999999999" vel="0,0,0" mass="1" elasticityCoef="1" ang="90,0,0" color="0,220,0" radius="0.5" length="4" />
		<capsule pos="-17.25,-33.0,-4.600000000000001" vel="0,0,0" mass="1" elasticityCoef="1" ang="90,0,0" color="0,220,0" radius="0.5" length="4" />
		<capsule pos="-17.25,-33.0,-2.299999999999997" vel="0,0,0" mass="1" elasticityCoef="1" ang="90,0,0" color="0,220,0" radius="0.5" length="4" />
		<capsule pos="-17.25,-33.0,0.0" vel="0,0,0" mass="1" elasticityCoef="1" ang="90,0,0" color="0,220,0" radius="0.5" length="4" />
		<capsule pos="-17.25,-33.0,2.3000000000000043" vel="0,0,0" mass="1" elasticityCoef="1" ang="90,0,0" color="0,220,0" radius="0.5" length="4" />
		<capsule pos="-17.25,-33.0,4.600000000000001" vel="0,0,0" mass="1" elasticityCoef="1" ang="90,0,0" color="0,220,0" radius="0.5" length="4" />
		<capsule pos="-17.25,-33.0,6.899999999999999" vel="0,0,0" mass="1" elasticityCoef="1" ang="90,0,0" color="0,220,0" radius="0.5" length="4" />
		<capsule pos="-17.25,-33.0,9.200000000000003" vel="0,0,0" mass="1" elasticityCoef="1" ang="90,0,0" color="0,220,0" radius="0.5" length="4" />
		<capsule pos="-17.25,-33.0,11.5" vel="0,0,0" mass="1" elasticityCoef="1" ang="90,0,0" color="0,220,0" radius="0.5" length="4" />
		<capsule pos="-17.25,-33.0,13.799999999999997" vel="0,0,0" mass="1" elasticityCoef="1" ang="90,0,0" color="0,220,0" radius="0.5" length="4" />
		<capsule pos="-17.25,-33.0,16.1" vel="0,0,0" mass="1" elasticityCoef="1" ang="90,0,0" color="0,220,0" radius="0.5" length="4" />
		<capsule pos="-17.25,-33.0,18.4" vel="0,0,0" mass="1" elasticityCoef="1" ang="90,0,0" color="0,220,0" radius="0.5" length="4" />
		<capsule pos="-17.25,-33.0,20.699999999999996" vel="0,0,0" mass="1" elasticityCoef="1" ang="90,0,0" color="0,220,0" radius="0.5" length="4" />
		<capsule pos="-17.25,-33.0,22.999999999999993" vel="0,0,0" mass="1" elasticityCoef="1" ang="90,0,0" color="0,220,0" radius="0.5" length="4" />
		<capsule pos="-17.25,-33.0,25.300000000000004" vel="0,0,0" mass="1" elasticityCoef="1" ang="90,0,0" color="0,220,0" radius="0.5" length="4" />
		<capsule pos="-17.25,-33.0,27.6" vel="0,0,0" mass="1" elasticityCoef="1" ang="90,0,0" color="0,220,0" radius="0.5" length="4" />
		<capsule pos="-17.25,-33.0,29.9" vel="0,0,0" mass="1" elasticityCoef="1" ang="90,0,0" color="0,220,0" radius="0.5" length="4" />
		<capsule pos="-17.25,-33.0,32.199999999999996" vel="0,0,0" mass="1" elasticityCoef="1" ang="90,0,0" color="0,220,0" radius="0.5" length="4" />
		<capsule pos="-17.25,-33.0,34.49999999999999" vel="0,0,0" mass="1" elasticityCoef="1" ang="90,0,0" color="0,220,0" radius="0.5" length="4" />
		<capsule pos="-17.25,-33.0,36.800000000000004" vel="0,0,0" mass="1" elasticityCoef="1" ang="90,0,0" color="0,220,0" radius="0.5" length="4" />
		<capsule pos="-17.25,-33.0,39.1" vel="0,0,0" mass="1" elasticityCoef="1" ang="90,0,0" color="0,220,0" radius="0.5" length="4" />
		<capsule pos="-17.25,-33.0,41.4" vel="0,0,0" mass="1" elasticityCoef="1" ang="90,0,0" color="0,220,0" radius="0.5" length="4" />
		<capsule pos="-17.25,-27.5,-43.699999999999996" vel="0,0,0" mass="1" elasticityCoef="1" ang="90,0,0" color="0,220,0" radius="0.5" length="4" />
		<capsule pos="-17.25,-27.5,-41.4" vel="0,0,0" mass="1" elasticityCoef="1" ang="90,0,0" color="0,220,0" radius="0.5" length="4" />
		<capsule pos="-17.25,-27.5,-39.099999999999994" vel="0,0,0" mass="1" elasticityCoef="1" ang="90,0,0" color="0,220,0" radius="0.5" length="4" />
		<capsule pos="-17.25,-27.5,-36.8" vel="0,0,0" mass="1" elasticityCoef="1" ang="90,0,0" color="0,220,0" radius="0.5" length="4" />
		<capsule pos="-17.25,-27.5,-34.5" vel="0,0,0" mass="1" elasticityCoef="1" ang="90,0,0" color="0,220,0" radius="0.5" length="4" />
		<capsule pos="-17.25,-27.5,-32.199999999999996" vel="0,0,0" mass="1" elasticityCoef="1" ang="90,0,0" color="0,220,0" radius="0.5" length="4" />
		<capsule pos="-17.25,-27.5,-29.9" vel="0,0,0" mass="1" elasticityCoef="1" ang="90,0,0" color="0,220,0" radius="0.5" length="4" />
		<capsule pos="-17.25,-27.5,-27.599999999999998" vel="0,0,0" mass="1" elasticityCoef="1" ang="90,0,0" color="0,220,0" radius="0.5" length="4" />
		<capsule pos="-17.25,-27.5,-25.299999999999997" vel="0,0,0" mass="1" elasticityCoef="1" ang="90,0,0" color="0,220,0" radius="0.5" length="4" />
		<capsule pos="-17.25,-27.5,-22.999999999999996" vel="0,0,0" mass="1" elasticityCoef="1" ang="90,0,0" color="0,220,0" radius="0.5" length="4" />
		<capsule pos="-17.25,-27.5,-20.699999999999996" vel="0,0,0" mass="1" elasticityCoef="1" ang="90,0,0" color="0,220,0" radius="0.5" length="4" />
		<capsule pos="-17.25,-27.5,-18.4" vel="0,0,0" mass="1" elasticityCoef="1" ang="90,0,0" color="0,220,0" radius="0.5" length="4" />
		<capsule pos="-17.25,-27.5,-16.099999999999998" vel="0,0,0" mass="1" elasticityCoef="1" ang="90,0,0" color="0,220,0" radius="0.5" length="4" />
		<capsule pos="-17.25,-27.5,-13.799999999999997" vel="0,0,0" mass="1" elasticityCoef="1" ang="90,0,0" color="0,220,0" radius="0.5" length="4" />
		<capsule pos="-17.25,-27.5,-11.5" vel="0,0,0" mass="1" elasticityCoef="1" ang="90,0,0" color="0,220,0" radius="0.5" length="4" />
		<capsule pos="-17.25,-27.5,-9.199999999999996" vel="0,0,0" mass="1" elasticityCoef="1" ang="90,0,0" color="0,220,0" radius="0.5" length="4" />
		<capsule pos="-17.25,-27.5,-6.899999999999999" vel="0,0,0" mass="1" elasticityCoef="1" ang="90,0,0" color="0,220,0" radius="0.5" length="4" />
		<capsule pos="-17.25,-27.5,-4.600000000000001" vel="0,0,0" mass="1" elasticityCoef="1" ang="90,0,0" color="0,220,0" radius="0.5" length="4" />
		<capsule pos="-17.25,-27.5,-2.299999999999997" vel="0,0,0" mass="1" elasticityCoef="1" ang="90,0,0" color="0,220,0" radius="0.5" length="4" />
		<capsule pos="-17.25,-27.5,0.0" vel="0,0,0" mass="1" elasticityCoef="1" ang="90,0,0" color="0,220,0" radius="0.5" length="4" />
		<capsule pos="-17.25,-27.5,2.3000000000000043" vel="0,0,0" mass="1" elasticityCoef="1" ang="90,0,0" color="0,220,0" radius="0.5" length="4" />
		<capsule pos="-17.25,-27.5,4.600000000000001" vel="0,0,0" mass="1" elasticityCoef="1" ang="90,0,0" color="0,220,0" radius="0.5" length="4" />
		<capsule pos="-17.25,-27.5,6.899999999999999" vel="0,0,0" mass="1" elasticityCoef="1" ang="90,0,0" color="0,220,0" radius="0.5" length="4" />
		<capsule pos="-17.25,-27.5,9.200000000000003" vel="0,0,0" mass="1" elasticityCoef="1" ang="90,0,0" color="0,220,0" radius="0.5" length="4" />
		<capsule pos="-17.25,-27.5,11.5" vel="0,0,0" mass="1" elasticityCoef="1" ang="90,0,0" color="0,220,0" radius="0.5" length="4" />
		<capsule pos="-17.25,-27.5,13.799999999999997" vel="0,0,0" mass="1" elasticityCoef="1" ang="90,0,0" color="0,220,0" radius="0.5" length="4" />
		<capsule pos="-17.25,-27.5,16.1" vel="0,0,0" mass="1" elasticityCoef="1" ang="90,0,0" color="0,220,0" radius="0.5" length="4" />
		<capsule pos="-17.25,-27.5,18.4" vel="0,0,0" mass="1" elasticityCoef="1" ang="90,0,0" color="0,220,0" radius="0.5" length="4" />
		<capsule pos="-17.25,-27.5,20.699999999999996" vel="0,0,0" mass="1" elasticityCoef="1" ang="90,0,0" color="0,220,0" radius="0.5" length="4" />
		<capsule pos="-17.25,-27.5,22.999999999999993" vel="0,0,0" mass="1" elasticityCoef="1" ang="90,0,0" color="0,220,0" radius="0.5" length="4" />
		<capsule pos="-17.25,-27.5,25.300000000000004" vel="0,0,0" mass="1" elasticityCoef="1" ang="90,0,0" color="0,220,0" radius="0.5" length="4" />
		<capsule pos="-17.25,-27.5,27.6" vel="0,0,0" mass="1" elasticityCoef="1" ang="90,0,0" color="0,220,0" radius="0.5" length="4" />
		<capsule pos="-17.25,-27.5,29.9" vel="0,0,0" mass="1" elasticityCoef="1" ang="90,0,0" color="0,220,0" radius="0.5" length="4" />
		<capsule pos="-17.25,-27.5,32.199999999999996" vel="0,0,0" mass="1" elasticityCoef="1" ang="90,0,0" color="0,220,0" radius="0.5" length="4" />
		<capsule pos="-17.25,-27.5,34.49999999999999" vel="0,0,0" mass="1" elasticityCoef="1" ang="90,0,0" color="0,220,0" radius="0.5" length="4" />
		<capsule pos="-17.25,-27.5,36.800000000000004" vel="0,0,0" mass="1" elasticityCoef="1" ang="90,0,0" color="0,220,0" radius="0.5" length="4" />
		<capsule pos="-17.25,-27.5,39.1" vel="0,0,0" mass="1" elasticityCoef="1" ang="90,0,0" color="0,220,0" radius="0.5" length="4" />
		<capsule pos="-17.25,-27.5,41.4" vel="0,0,0" mass="1" elasticityCoef="1" ang="90,0,0" color="0,220,0" radius="0.5" length="4" />
		<capsule pos="-17.25,-22.0,-43.699999999999996" vel="0,0,0" mass="1" elasticityCoef="1" ang="90,0,0" color="0,220,0" radius="0.5" length="4" />
		<capsule pos="-17.25,-22.0,-41.4" vel="0,0,0" mass="1" elasticityCoef="1" ang="90,0,0" color="0,220,0" radius="0.5" length="4" />
		<capsule pos="-17.25,-22.0,-39.099999999999994" vel="0,0,0" mass="1" elasticityCoef="1" ang="90,0,0" color="0,220,0" radius="0.5" length="4" />
		<capsule pos="-17.25,-22.0,-36.8" vel="0,0,0" mass="1" elasticityCoef="1" ang="90,0,0" color="0,220,0" radius="0.5" length="4" />
		<capsule pos="-17.25,-22.0,-34.5" vel="0,0,0" mass="1" elasticityCoef="1" ang="90,0,0" color="0,220,0" radius="0.5" length="4" />
		<capsule pos="-17.25,-22.0,-32.199999999999996" vel="0,0,0" mass="1" elasticityCoef="1" ang="90,0,0" color="0,220,0" radius="0.5" length="4" />
		<capsule pos="-17.25,-22.0,-29.9" vel="0,0,0" mass="1" elasticityCoef="1" ang="90,0,0" color="0,220,0" radius="0.5" length="4" />
		<capsule pos="-17.25,-22.0,-27.599999999999998" vel="0,0,0" mass="1" elasticityCoef="1" ang="90,0,0" color="0,220,0" radius="0.5" length="4" />
		<capsule pos="-17.25,-22.0,-25.299999999999997" vel="0,0,0" mass="1" elasticityCoef="1" ang="90,0,0" color="0,220,0" radius="0.5" length="4" />
		<capsule pos="-17.25,-22.0,-22.999999999999996" vel="0,0,0" mass="1" elasticityCoef="1" ang="90,0,0" color="0,220,0" radius="0.5" length="4" />
		<capsule pos="-17.25,-22.0,-20.699999999999996" vel="0,0,0" mass="1" elasticityCoef="1" ang="90,0,0" color="0,220,0" radius="0.5" length="4" />
		<capsule pos="-17.25,-22.0,-18.4" vel="0,0,0" mass="1" elasticityCoef="1" ang="90,0,0" color="0,220,0" radius="0.5" length="4" />
		<capsule pos="-17.25,-22.0,-16.099999999999998" vel="0,0,0" mass="1" elasticityCoef="1" ang="90,0,0" color="0,220,0" radius="0.5" length="4" />
		<capsule pos="-17.25,-22.0,-13.799999999999997" vel="0,0,0" mass="1" elasticityCoef="1" ang="90,0,0" color="0,220,0" radius="0.5" length="4" />
		<capsule pos="-17.25,-22.0,-11.5" vel="0,0,0" mass="1" elasticityCoef="1" ang="90,0,0" color="0,220,0" radius="0.5" length="4" />
		<capsule pos="-17.25,-22.0,-9.199999999999996" vel="0,0,0" mass="1" elasticityCoef="1" ang="90,0,0" color="0,220,0" radius="0.5" length="4" />
		<capsule pos="-17.25,-22.0,-6.899999999999999" vel="0,0,0" mass="1" elasticityCoef="1" ang="90,0,0" color="0,220,0" radius="0.5" length="4" />
		<capsule pos="-17.25,-22.0,-4.600000000000001" vel="0,0,0" mass="1" elasticityCoef="1" ang="90,0,0" color="0,220,0" radius="0.5" length="4" />
		<capsule pos="-17.25,-22.0,-2.299999999999997" vel="0,0,0" mass="1" elasticityCoef="1" ang="90,0,0" color="0,220,0" radius="0.5" length="4" />
		<capsule pos="-17.25,-22.0,0.0" vel="0,0,0" mass="1" elasticityCoef="1" ang="90,0,0" color="0,220,0" radius="0.5" length="4" />
		<capsule pos="-17.25,-22.0,2.3000000000000043" vel="0,0,0" mass="1" elasticityCoef="1" ang="90,0,0" color="0,220,0" radius="0.5" length="4" />
		<capsule pos="-17.25,-22.0,4.600000000000001" vel="0,0,0" mass="1" elasticityCoef="1" ang="90,0,0" color="0,220,0" radius="0.5" length="4" />
		<capsule pos="-17.25,-22.0,6.899999999999999" vel="0,0,0" mass="1" elasticityCoef="1" ang="90,0,0" color="0,220,0" radius="0.5" length="4" />
		<capsule pos="-17.25,-22.0,9.200000000000003" vel="0,0,0" mass="1" elasticityCoef="1" ang="90,0,0" color="0,220,0" radius="0.5" length="4" />
		<capsule pos="-17.25,-22.0,11.5" vel="0,0,0" mass="1" elasticityCoef="1" ang="90,0,0" color="0,220,0" radius="0.5" length="4" />
		<capsule pos="-17.25,-22.0,13.799999999999997" vel="0,0,0" mass="1" elasticityCoef="1" ang="90,0,0" color="0,220,0" radius="0.5" length="4" />
		<capsule pos="-17.25,-22.0,16.1" vel="0,0,0" mass="1" elasticityCoef="1" ang="90,0,0" color="0,220,0" radius="0.5" length="4" />
		<capsule pos="-17.25,-22.0,18.4" vel="0,0,0" mass="1" elasticityCoef="1" ang="90,0,0" color="0,220,0" radius="0.5" length="4" />
		<capsule pos="-17.25,-22.0,20.699999999999996" vel="0,0,0" mass="1" elasticityCoef="1" ang="90,0,0" color="0,220,0" radius="0.5" length="4" />
		<capsule pos="-17.25,-22.0,22.999999999999993" vel="0,0,0" mass="1" elasticityCoef="1" ang="90,0,0" color="0,220,0" radius="0.5" length="4" />
		<capsule pos="-17.25,-22.0,25.300000000000004" vel="0,0,0" mass="1" elasticityCoef="1" ang="90,0,0" color="0,220,0" radius="0.5" length="4" />
		<capsule pos="-17.25,-22.0,27.6" vel="0,0,0" mass="1" elasticityCoef="1" ang="90,0,0" color="0,220,0" radius="0.5" length="4" />
		<capsule pos="-17.25,-22.0,29.9" vel="0,0,0" mass="1" elasticityCoef="1" ang="90,0,0" color="0,220,0" radius="0.5" length="4" />
		<capsule pos="-17.25,-22.0,32.199999999999996" vel="0,0,0" mass="1" elasticityCoef="1" ang="90,0,0" color="0,220,0" radius="0.5" length="4" />
		<capsule pos="-17.25,-22.0,34.49999999999999" vel="0,0,0" mass="1" elasticityCoef="1" ang="90,0,0" color="0,220,0" radius="0.5" length="4" />
		<capsule pos="-17.25,-22.0,36.800000000000004" vel="0,0,0" mass="1" elasticityCoef="1" ang="90,0,0" color="0,220,0" radius="0.5" length="4" />
		<capsule pos="-17.25,-22.0,39.1" vel="0,0,0" mass="1" elasticityCoef="1" ang="90,0,0" color="0,220,0" radius="0.5" length="4" />
		<capsule pos="-17.25,-22.0,41.4" vel="0,0,0" mass="1" elasticityCoef="1" ang="90,0,0" color="0,220,0" radius="0.5" length="4" />
		<capsule pos="-17.25,-16.5,-43.699999999999996" vel="0,0,0" mass="1" elasticityCoef="1" ang="90,0,0" color="0,220,0" radius="0.5" length="4" />
		<capsule pos="-17.25,-16.5,-41.4" vel="0,0,0" mass="1" elasticityCoef="1" ang="90,0,0" color="0,220,0" radius="0.5" length="4" />
		<capsule pos="-17.25,-16.5,-39.099999999999994" vel="0,0,0" mass="1" elasticityCoef="1" ang="90,0,0" color="0,220,0" radius="0.5" length="4" />
		<capsule pos="-17.25,-16.5,-36.8" vel="0,0,0" mass="1" elasticityCoef="1" ang="90,0,0" color="0,220,0" radius="0.5" length="4" />
		<capsule pos="-17.25,-16.5,-34.5" vel="0,0,0" mass="1" elasticityCoef="1" ang="90,0,0" color="0,220,0" radius="0.5" length="4" />
		<capsule pos="-17.25,-16.5,-32.199999999999996" vel="0,0,0" mass="1" elasticityCoef="1" ang="90,0,0" color="0,220,0" radius="0.5" length="4" />
		<capsule pos="-17.25,-16.5,-29.9" vel="0,0,0" mass="1" elasticityCoef="1" ang="90,0,0" color="0,220,0" radius="0.5" length="4" />
		<capsule pos="-17.25,-16.5,-27.599999999999998" vel="0,0,0" mass="1" elasticityCoef="1" ang="90,0,0" color="0,220,0" radius="0.5" length="4" />
		<capsule pos="-17.25,-16.5,-25.299999999999997" vel="0,0,0" mass="1" elasticityCoef="1" ang="90,0,0" color="0,220,0" radius="0.5" length="4" />
		<capsule pos="-17.25,-16.5,-22.999999999999996" vel="0,0,0" mass="1" elasticityCoef="1" ang="90,0,0" color="0,220,0" radius="0.5" length="4" />
		<capsule pos="-17.25,-16.5,-20.699999999999996" vel="0,0,0" mass="1" elasticityCoef="1" ang="90,0,0" color="0,220,0" radius="0.5" length="4" />
		<capsule pos="-17.25,-16.5,-18.4" vel="0,0,0" mass="1" elasticityCoef="1" ang="90,0,0" color="0,220,0" radius="0.5" length="4" />
		<capsule pos="-17.25,-16.5,-16.099999999999998" vel="0,0,0" mass="1" elasticityCoef="1" ang="90,0,0" color="0,220,0" radius="0.5" length="4" />
		<capsule pos="-17.25,-16.5,-13.799999999999997" vel="0,0,0" mass="1" elasticityCoef="1" ang="90,0,0" color="0,220,0" radius="0.5" length="4" />
		<capsule pos="-17.25,-16.5,-11.5" vel="0,0,0" mass="1" elasticityCoef="1" ang="90,0,0" color="0,220,0" radius="0.5" length="4" />
		<capsule pos="-17.25,-16.5,-9.199999999999996" vel="0,0,0" mass="1" elasticityCoef="1" ang="90,0,0" color="0,220,0" radius="0.5" length="4" />
		<capsule pos="-17.25,-16.5,-6.899999999999999" vel="0,0,0" mass="1" elasticityCoef="1" ang="90,0,0" color="0,220,0" radius="0.5" length="4" />
		<capsule pos="-17.25,-16.5,-4.600000000000001" vel="0,0,0" mass="1" elasticityCoef="1" ang="90,0,0" color="0,220,0" radius="0.5" length="4" />
		<capsule pos="-17.25,-16.5,-2.299999999999997" vel="0,0,0" mass="1" elasticityCoef="1" ang="90,0,0" color="0,220,0" radius="0.5" length="4" />
		<capsule pos="-17.25,-16.5,0.0" vel="0,0,0" mass="1" elasticityCoef="1" ang="90,0,0" color="0,220,0" radius="0.5" length="4" />
		<capsule pos="-17.25,-16.5,2.3000000000000043" vel="0,0,0" mass="1" elasticityCoef="1" ang="90,0,0" color="0,220,0" radius="0.5" length="4" />
		<capsule pos="-17.25,-16.5,4.600000000000001" vel="0,0,0" mass="1" elasticityCoef="1" ang="90,0,0" color="0,220,0" radius="0.5" length="4" />
		<capsule pos="-17.25,-16.5,6.899999999999999" vel="0,0,0" mass="1" elasticityCoef="1" ang="90,0,0" color="0,220,0" radius="0.5" length="4" />
		<capsule pos="-17.25,-16.5,9.200000000000003" vel="0,0,0" mass="1" elasticityCoef="1" ang="90,0,0" color="0,220,0" radius="0.5" length="4" />
		<capsule pos="-17.25,-16.5,11.5" vel="0,0,0" mass="1" elasticityCoef="1" ang="90,0,0" color="0,220,0" radius="0.5" length="4" />
		<capsule pos="-17.25,-16.5,13.799999999999997" vel="0,0,0" mass="1" elasticityCoef="1" ang="90,0,0" color="0,220,0" radius="0.5" length="4" />
		<capsule pos="-17.25,-16.5,16.1" vel="0,0,0" mass="1" elasticityCoef="1" ang="90,0,0" color="0,220,0" radius="0.5" length="4" />
		<capsule pos="-17.25,-16.5,18.4" vel="0,0,0" mass="1" elasticityCoef="1" ang="90,0,0" color="0,220,0" radius="0.5" length="4" />
		<capsule pos="-17.25,-16.5,20.699999999999996" vel="0,0,0" mass="1" elasticityCoef="1" ang="90,0,0" color="0,220,0" radius="0.5" length="4" />
		<capsule pos="-17.25,-16.5,22.999999999999993" vel="0,0,0" mass="1" elasticityCoef="1" ang="90,0,0" color="0,220,0" radius="0.5" length="4" />
		<capsule pos="-17.25,-16.5,25.300000000000004" vel="0,0,0" mass="1" elasticityCoef="1" ang="90,0,0" color="0,220,0" radius="0.5" length="4" />
		<capsule pos="-17.25,-16.5,27.6" vel="0,0,0" mass="1" elasticityCoef="1" ang="90,0,0" color="0,220,0" radius="0.5" length="4" />
		<capsule pos="-17.25,-16.5,29.9" vel="0,0,0" mass="1" elasticityCoef="1" ang="90,0,0" color="0,220,0" radius="0.5" length="4" />
		<capsule pos="-17.25,-16.5,32.199999999999996" vel="0,0,0" mass="1" elasticityCoef="1" ang="90,0,0" color="0,220,0" radius="0.5" length="4" />
		<capsule pos="-17.25,-16.5,34.49999999999999" vel="0,0,0" mass="1" elasticityCoef="1" ang="90,0,0" color="0,220,0" radius="0.5" length="4" />
		<capsule pos="-17.25,-16.5,36.800000000000004" vel="0,0,0" mass="1" elasticityCoef="1" ang="90,0,0" color="0,220,0" radius="0.5" length="4" />
		<capsule pos="-17.25,-16.5,39.1" vel="0,0,0" mass="1" elasticityCoef="1" ang="90,0,0" color="0,220,0" radius="0.5" length="4" />
		<capsule pos="-17.25,-16.5,41.4" vel="0,0,0" mass="1" elasticityCoef="1" ang="90,0,0" color="0,220,0" radius="0.5" length="4" />
		<capsule pos="-17.25,-11.0,-43.699999999999996" vel="0,0,0" mass="1" elasticityCoef="1" ang="90,0,0" color="0,220,0" radius="0.5" length="4" />
		<capsule pos="-17.25,-11.0,-41.4" vel="0,0,0" mass="1" elasticityCoef="1" ang="90,0,0" color="0,220,0" radius="0.5" length="4" />
		<capsule pos="-17.25,-11.0,-39.099999999999994" vel="0,0,0" mass="1" elasticityCoef="1" ang="90,0,0" color="0,220,0" radius="0.5" length="4" />
		<capsule pos="-17.25,-11.0,-36.8" vel="0,0,0" mass="1" elasticityCoef="1" ang="90,0,0" color="0,220,0" radius="0.5" length="4" />
		<capsule pos="-17.25,-11.0,-34.5" vel="0,0,0" mass="1" elasticityCoef="1" ang="90,0,0" color="0,220,0" radius="0.5" length="4" />
		<capsule pos="-17.25,-11.0,-32.199999999999996" vel="0,0,0" mass="1" elasticityCoef="1" ang="90,0,0" color="0,220,0" radius="0.5" length="4" />
		<capsule pos="-17.25,-11.0,-29.9" vel="0,0,0" mass="1" elasticityCoef="1" ang="90,0,0" color="0,220,0" radius="0.5" length="4" />
		<capsule pos="-17.25,-11.0,-27.599999999999998" vel="0,0,0" mass="1" elasticityCoef="1" ang="90,0,0" color="0,220,0" radius="0.5" length="4" />
		<capsule pos="-17.25,-11.0,-25.299999999999997" vel="0,0,0" mass="1" elasticityCoef="1" ang="90,0,0" color="0,220,0" radius="0.5" length="4" />
		<capsule pos="-17.25,-11.0,-22.999999999999996" vel="0,0,0" mass="1" elasticityCoef="1" ang="90,0,0" color="0,220,0" radius="0.5" length="4" />
		<capsule pos="-17.25,-11.0,-20.699999999999996" vel="0,0,0" mass="1" elasticityCoef="1" ang="90,0,0" color="0,220,0" radius="0.5" length="4" />
		<capsule pos="-17.25,-11.0,-18.4" vel="0,0,0" mass="1" elasticityCoef="1" ang="90,0,0" color="0,220,0" radius="0.5" length="4" />
		<capsule pos="-17.25,-11.0,-16.099999999999998" vel="0,0,0" mass="1" elasticityCoef="1" ang="90,0,0" color="0,220,0" radius="0.5" length="4" />
		<capsule pos="-17.25,-11.0,-13.799999999999997" vel="0,0,0" mass="1" elasticityCoef="1" ang="90,0,0" color="0,220,0" radius="0.5" length="4" />
		<capsule pos="-17.25,-11.0,-11.5" vel="0,0,0" mass="1" elasticityCoef="1" ang="90,0,0" color="0,220,0" radius="0.5" length="4" />
		<capsule pos="-17.25,-11.0,-9.199999999999996" vel="0,0,0" mass="1" elasticityCoef="1" ang="90,0,0" color="0,220,0" radius="0.5" length="4" />
		<capsule pos="-17.25,-11.0,-6.899999999999999" vel="0,0,0" mass="1" elasticityCoef="1" ang="90,0,0" color="0,220,0" radius="0.5" length="4" />
		<capsule pos="-17.25,-11.0,-4.600000000000001" vel="0,0,0" mass="1" elasticityCoef="1" ang="90,0,0" color="0,220,0" radius="0.5" length="4" />
		<capsule pos="-17.25,-11.0,-2.299999999999997" vel="0,0,0" mass="1" elasticityCoef="1" ang="90,0,0" color="0,220,0" radius="0.5" length="4" />
		<capsule pos="-17.25,-11.0,0.0" vel="0,0,0" mass="1" elasticityCoef="1" ang="90,0,0" color="0,220,0" radius="0.5" length="4" />
		<capsule pos="-17.25,-11.0,2.3000000000000043" vel="0,0,0" mass="1" elasticityCoef="1" ang="90,0,0" color="0,220,0" radius="0.5" length="4" />
		<capsule pos="-17.25,-11.0,4.600000000000001" vel="0,0,0" mass="1" elasticityCoef="1" ang="90,0,0" color="0,220,0" radius="0.5" length="4" />
		<capsule pos="-17.25,-11.0,6.899999999999999" vel="0,0,0" mass="1" elasticityCoef="1" ang="90,0,0" color="0,220,0" radius="0.5" length="4" />
		<capsule pos="-17.25,-11.0,9.200000000000003" vel="0,0,0" mass="1" elasticityCoef="1" ang="90,0,0" color="0,220,0" radius="0.5" length="4" />
		<capsule pos="-17.25,-11.0,11.5" vel="0,0,0" mass="1" elasticityCoef="1" ang="90,0,0" color="0,220,0" radius="0.5" length="4" />
		<capsule pos="-17.25,-11.0,13.799999999999997" vel="0,0,0" mass="1" elasticityCoef="1" ang="90,0,0" color="0,220,0" radius="0.5" length="4" />
		<capsule pos="-17.25,-11.0,16.1" vel="0,0,0" mass="1" elasticityCoef="1" ang="90,0,0" color="0,220,0" radius="0.5" length="4" />
		<capsule pos="-17.25,-11.0,18.4" vel="0,0,0" mass="1" elasticityCoef="1" ang="90,0,0" color="0,220,0" radius="0.5" length="4" />
		<capsule pos="-17.25,-11.0,20.699999999999996" vel="0,0,0" mass="1" elasticityCoef="1" ang="90,0,0" color="0,220,0" radius="0.5" length="4" />
		<capsule pos="-17.25,-11.0,22.999999999999993" vel="0,0,0" mass="1" elasticityCoef="1" ang="90,0,0" color="0,220,0" radius="0.5" length="4" />
		<capsule pos="-17.25,-11.0,25.300000000000004" vel="0,0,0" mass="1" elasticityCoef="1" ang="90,0,0" color="0,220,0" radius="0.5" length="4" />
		<capsule pos="-17.25,-11.0,27.6" vel="0,0,0" mass="1" elasticityCoef="1" ang="90,0,0" color="0,220,0" radius="0.5" length="4" />
		<capsule pos="-17.25,-11.0,29.9" vel="0,0,0" mass="1" elasticityCoef="1" ang="90,0,0" color="0,220,0" radius="0.5" length="4" />
		<capsule pos="-17.25,-11.0,32.199999999999996" vel="0,0,0" mass="1" elasticityCoef="1" ang="90,0,0" color="0,220,0" radius="0.5" length="4" />
		<capsule pos="-17.25,-11.0,34.49999999999999" vel="0,0,0" mass="1" elasticityCoef="1" ang="90,0,0" color="0,220,0" radius="0.5" length="4" />
		<capsule pos="-17.25,-11.0,36.800000000000004" vel="0,0,0" mass="1" elasticityCoef="1" ang="90,0,0" color="0,220,0" radius="0.5" length="4" />
		<capsule pos="-17.25,-11.0,39.1" vel="0,0,0" mass="1" elasticityCoef="1" ang="90,0,0" color="0,220,0" radius="0.5" length="4" />
		<capsule pos="-17.25,-11.0,41.4" vel="0,0,0" mass="1" elasticityCoef="1" ang="90,0,0" color="0,220,0" radius="0.5" length="4" />
		<capsule pos="-17.25,-5.5,-43.699999999999996" vel="0,0,0" mass="1" elasticityCoef="1" ang="90,0,0" color="0,220,0" radius="0.5" length="4" />
		<capsule pos="-17.25,-5.5,-41.4" vel="0,0,0" mass="1" elasticityCoef="1" ang="90,0,0" color="0,220,0" radius="0.5" length="4" />
		<capsule pos="-17.25,-5.5,-39.099999999999994" vel="0,0,0" mass="1" elasticityCoef="1" ang="90,0,0" color="0,220,0" radius="0.5" length="4" />
		<capsule pos="-17.25,-5.5,-36.8" vel="0,0,0" mass="1" elasticityCoef="1" ang="90,0,0" color="0,220,0" radius="0.5" length="4" />
		<capsule pos="-17.25,-5.5,-34.5" vel="0,0,0" mass="1" elasticityCoef="1" ang="90,0,0" color="0,220,0" radius="0.5" length="4" />
		<capsule pos="-17.25,-5.5,-32.199999999999996" vel="0,0,0" mass="1" elasticityCoef="1" ang="90,0,0" color="0,220,0" radius="0.5" length="4" />
		<capsule pos="-17.25,-5.5,-29.9" vel="0,0,0" mass="1" elasticityCoef="1" ang="90,0,0" color="0,220,0" radius="0.5" length="4" />
		<capsule pos="-17.25,-5.5,-27.599999999999998" vel="0,0,0" mass="1" elasticityCoef="1" ang="90,0,0" color="0,220,0" radius="0.5" length="4" />
		<capsule pos="-17.25,-5.5,-25.299999999999997" vel="0,0,0" mass="1" elasticityCoef="1" ang="90,0,0" color="0,220,0" radius="0.5" length="4" />
		<capsule pos="-17.25,-5.5,-22.999999999999996" vel="0,0,0" mass="1" elasticityCoef="1" ang="90,0,0" color="0,220,0" radius="0.5" length="4" />
		<capsule pos="-17.25,-5.5,-20.699999999999996" vel="0,0,0" mass="1" elasticityCoef="1" ang="90,0,0" color="0,220,0" radius="0.5" length="4" />
		<capsule pos="-17.25,-5.5,-18.4" vel="0,0,0" mass="1" elasticityCoef="1" ang="90,0,0" color="0,220,0" radius="0.5" length="4" />
		<capsule pos="-17.25,-5.5,-16.099999999999998" vel="0,0,0" mass="1" elasticityCoef="1" ang="90,0,0" color="0,220,0" radius="0.5" length="4" />
		<capsule pos="-17.25,-5.5,-13.799999999999997" vel="0,0,0" mass="1" elasticityCoef="1" ang="90,0,0" color="0,220,0" radius="0.5" length="4" />
		<capsule pos="-17.25,-5.5,-11.5" vel="0,0,0" mass="1" elasticityCoef="1" ang="90,0,0" color="0,220,0" radius="0.5" length="4" />
		<capsule pos="-17.25,-5.5,-9.199999999999996" vel="0,0,0" mass="1" elasticityCoef="1" ang="90,0,0" color="0,220,0" radius="0.5" length="4" />
		<capsule pos="-17.25,-5.5,-6.899999999999999" vel="0,0,0" mass="1" elasticityCoef="1" ang="90,0,0" color="0,220,0" radius="0.5" length="4" />
		<capsule pos="-17.25,-5.5,-4.600000000000001" vel="0,0,0" mass="1" elasticityCoef="1" ang="90,0,0" color="0,220,0" radius="0.5" length="4" />
		<capsule pos="-17.25,-5.5,-2.299999999999997" vel="0,0,0" mass="1" elasticityCoef="1" ang="90,0,0" color="0,220,0" radius="0.5" length="4" />
		<capsule pos="-17.25,-5.5,0.0" vel="0,0,0" mass="1" elasticityCoef="1" ang="90,0,0" color="0,220,0" radius="0.5" length="4" />
		<capsule pos="-17.25,-5.5,2.3000000000000043" vel="0,0,0" mass="1" elasticityCoef="1" ang="90,0,0" color="0,220,0" radius="0.5" length="4" />
		<capsule pos="-17.25,-5.5,4.600000000000001" vel="0,0,0" mass="1" elasticityCoef="1" ang="90,0,0" color="0,220,0" radius="0.5" length="4" />
		<capsule pos="-17.25,-5.5,6.899999999999999" vel="0,0,0" mass="1" elasticityCoef="1" ang="90,0,0" color="0,220,0" radius="0.5" length="4" />
		<capsule pos="-17.25,-5.5,9.200000000000003" vel="0,0,0" mass="1" elasticityCoef="1" ang="90,0,0" color="0,220,0" radius="0.5" length="4" />
		<capsule pos="-17.25,-5.5,11.5" vel="0,0,0" mass="1" elasticityCoef="1" ang="90,0,0" color="0,220,0" radius="0.5" length="4" />
		<capsule pos="-17.25,-5.5,13.799999999999997" vel="0,0,0" mass="1" elasticityCoef="1" ang="90,0,0" color="0,220,0" radius="0.5" length="4" />
		<capsule pos="-17.25,-5.5,16.1" vel="0,0,0" mass="1" elasticityCoef="1" ang="90,0,0" color="0,220,0" radius="0.5" length="4" />
		<capsule pos="-17.25,-5.5,18.4" vel="0,0,0" mass="1" elasticityCoef="1" ang="90,0,0" color="0,220,0" radius="0.5" length="4" />
		<capsule pos="-17.25,-5.5,20.699999999999996" vel="0,0,0" mass="1" elasticityCoef="1" ang="90,0,0" color="0,220,0" radius="0.5" length="4" />
		<capsule pos="-17.25,-5.5,22.999999999999993" vel="0,0,0" mass="1" elasticityCoef="1" ang="90,0,0" color="0,220,0" radius="0.5" length="4" />
		<capsule pos="-17.25,-5.5,25.300000000000004" vel="0,0,0" mass="1" elasticityCoef="1" ang="90,0,0" color="0,220,0" radius="0.5" length="4" />
		<capsule pos="-17.25,-5.5,27.6" vel="0,0,0" mass="1" elasticityCoef="1" ang="90,0,0" color="0,220,0" radius="0.5" length="4" />
		<capsule pos="-17.25,-5.5,29.9" vel="0,0,0" mass="1" elasticityCoef="1" ang="90,0,0" color="0,220,0" radius="0.5" length="4" />
		<capsule pos="-17.25,-5.5,32.199999999999996" vel="0,0,0" mass="1" elasticityCoef="1" ang="90,0,0" color="0,220,0" radius="0.5" length="4" />
		<capsule pos="-17.25,-5.5,34.49999999999999" vel="0,0,0" mass="1" elasticityCoef="1" ang="90,0,0" color="0,220,0" radius="0.5" length="4" />
		<capsule pos="-17.25,-5.5,36.800000000000004" vel="0,0,0" mass="1" elasticityCoef="1" ang="90,0,0" color="0,220,0" radius="0.5" length="4" />
		<capsule pos="-17.25,-5.5,39.1" vel="0,0,0" mass="1" elasticityCoef="1" ang="90,0,0" color="0,220,0" radius="0.5" length="4" />
		<capsule pos="-17.25,-5.5,41.4" vel="0,0,0" mass="1" elasticityCoef="1" ang="90,0,0" color="0,220,0" radius="0.5" length="4" />
		<capsule pos="-17.25,0.0,-43.699999999999996" vel="0,0,0" mass="1" elasticityCoef="1" ang="90,0,0" color="0,220,0" radius="0.5" length="4" />
		<capsule pos="-17.25,0.0,-41.4" vel="0,0,0" mass="1" elasticityCoef="1" ang="90,0,0" color="0,220,0" radius="0.5" length="4" />
		<capsule pos="-17.25,0.0,-39.099999999999994" vel="0,0,0" mass="1" elasticityCoef="1" ang="90,0,0" color="0,220,0" radius="0.5" length="4" />
		<capsule pos="-17.25,0.0,-36.8" vel="0,0,0" mass="1" elasticityCoef="1" ang="90,0,0" color="0,220,0" radius="0.5" length="4" />
		<capsule pos="-17.25,0.0,-34.5" vel="0,0,0" mass="1" elasticityCoef="1" ang="90,0,0" color="0,220,0" radius="0.5" length="4" />
		<capsule pos="-17.25,0.0,-32.199999999999996" vel="0,0,0" mass="1" elasticityCoef="1" ang="90,0,0" color="0,220,0" radius="0.5" length="4" />
		<capsule pos="-17.25,0.0,-29.9" vel="0,0,0" mass="1" elasticityCoef="1" ang="90,0,0" color="0,220,0" radius="0.5" length="4" />
		<capsule pos="-17.25,0.0,-27.599999999999998" vel="0,0,0" mass="1" elasticityCoef="1" ang="90,0,0" color="0,220,0" radius="0.5" length="4" />
		<capsule pos="-17.25,0.0,-25.299999999999997" vel="0,0,0" mass="1" elasticityCoef="1" ang="90,0,0" color="0,220,0" radius="0.5" length="4" />
		<capsule pos="-17.25,0.0,-22.999999999999996" vel="0,0,0" mass="1" elasticityCoef="1" ang="90,0,0" color="0,220,0" radius="0.5" length="4" />
		<capsule pos="-17.25,0.0,-20.699999999999996" vel="0,0,0" mass="1" elasticityCoef="1" ang="90,0,0" color="0,220,0" radius="0.5" length="4" />
		<capsule pos="-17.25,0.0,-18.4" vel="0,0,0" mass="1" elasticityCoef="1" ang="90,0,0" color="0,220,0" radius="0.5" length="4" />
		<capsule pos="-17.25,0.0,-16.099999999999998" vel="0,0,0" mass="1" elasticityCoef="1" ang="90,0,0" color="0,220,0" radius="0.5" length="4" />
		<capsule pos="-17.25,0.0,-13.799999999999997" vel="0,0,0" mass="1" elasticityCoef="1" ang="90,0,0" color="0,220,0" radius="0.5" length="4" />
		<capsule pos="-17.25,0.0,-11.5" vel="0,0,0" mass="1" elasticityCoef="1" ang="90,0,0" color="0,220,0" radius="0.5" length="4" />
		<capsule pos="-17.25,0.0,-9.199999999999996" vel="0,0,0" mass="1" elasticityCoef="1" ang="90,0,0" color="0,220,0" radius="0.5" length="4" />
		<capsule pos="-17.25,0.0,-6.899999999999999" vel="0,0,0" mass="1" elasticityCoef="1" ang="90,0,0" color="0,220,0" radius="0.5" length="4" />
		<capsule pos="-17.25,0.0,-4.600000000000001" vel="0,0,0" mass="1" elasticityCoef="1" ang="90,0,0" color="0,220,0" radius="0.5" length="4" />
		<capsule pos="-17.25,0.0,-2.299999999999997" vel="0,0,0" mass="1" elasticityCoef="1" ang="90,0,0" color="0,220,0" radius="0.5" length="4" />
		<capsule pos="-17.25,0.0,0.0" vel="0,0,0" mass="1" elasticityCoef="1" ang="90,0,0" color="0,220,0" radius="0.5" length="4" />
		<capsule pos="-17.25,0.0,2.3000000000000043" vel="0,0,0" mass="1" elasticityCoef="1" ang="90,0,0" color="0,220,0" radius="0.5" length="4" />
		<capsule pos="-17.25,0.0,4.600000000000001" vel="0,0,0" mass="1" elasticityCoef="1" ang="90,0,0" color="0,220,0" radius="0.5" length="4" />
		<capsule pos="-17.25,0.0,6.899999999999999" vel="0,0,0" mass="1" elasticityCoef="1" ang="90,0,0" color="0,220,0" radius="0.5" length="4" />
		<capsule pos="-17.25,0.0,9.200000000000003" vel="0,0,0" mass="1" elasticityCoef="1" ang="90,0,0" color="0,220,0" radius="0.5" length="4" />
		<capsule pos="-17.25,0.0,11.5" vel="0,0,0" mass="1" elasticityCoef="1" ang="90,0,0" color="0,220,0" radius="0.5" length="4" />
		<capsule pos="-17.25,0.0,13.799999999999997" vel="0,0,0" mass="1" elasticityCoef="1" ang="90,0,0" color="0,220,0" radius="0.5" length="4" />
		<capsule pos="-17.25,0.0,16.1" vel="0,0,0" mass="1" elasticityCoef="1" ang="90,0,0" color="0,220,0" radius="0.5" length="4" />
		<capsule pos="-17.25,0.0,18.4" vel="0,0,0" mass="1" elasticityCoef="1" ang="90,0,0" color="0,220,0" radius="0.5" length="4" />
		<capsule pos="-17.25,0.0,20.699999999999996" vel="0,0,0" mass="1" elasticityCoef="1" ang="90,0,0" color="0,220,0" radius="0.5" length="4" />
		<capsule pos="-17.25,0.0,22.999999999999993" vel="0,0,0" mass="1" elasticityCoef="1" ang="90,0,0" color="0,220,0" radius="0.5" length="4" />
		<capsule pos="-17.25,0.0,25.300000000000004" vel="0,0,0" mass="1" elasticityCoef="1" ang="90,0,0" color="0,220,0" radius="0.5" length="4" />
		<capsule pos="-17.25,0.0,27.6" vel="0,0,0" mass="1" elasticityCoef="1" ang="90,0,0" color="0,220,0" radius="0.5" length="4" />
		<capsule pos="-17.25,0.0,29.9" vel="0,0,0" mass="1" elasticityCoef="1" ang="90,0,0" color="0,220,0" radius="0.5" length="4" />
		<capsule pos="-17.25,0.0,32.199999999999996" vel="0,0,0" mass="1" elasticityCoef="1" ang="90,0,0" color="0,220,0" radius="0.5" length="4" />
		<capsule pos="-17.25,0.0,34.49999999999999" vel="0,0,0" mass="1" elasticityCoef="1" ang="90,0,0" color="0,220,0" radius="0.5" length="4" />
		<capsule pos="-17.25,0.0,36.800000000000004" vel="0,0,0" mass="1" elasticityCoef="1" ang="90,0,0" color="0,220,0" radius="0.5" length="4" />
		<capsule pos="-17.25,0.0,39.1" vel="0,0,0" mass="1" elasticityCoef="1" ang="90,0,0" color="0,220,0" radius="0.5" length="4" />
		<capsule pos="-17.25,0.0,41.4" vel="0,0,0" mass="1" elasticityCoef="1" ang="90,0,0" color="0,220,0" radius="0.5" length="4" />
		<capsule pos="-17.25,5.5,-43.699999999999996" vel="0,0,0" mass="1" elasticityCoef="1" ang="90,0,0" color="0,220,0" radius="0.5" length="4" />
		<capsule pos="-17.25,5.5,-41.4" vel="0,0,0" mass="1" elasticityCoef="1" ang="90,0,0" color="0,220,0" radius="0.5" length="4" />
		<capsule pos="-17.25,5.5,-39.099999999999994" vel="0,0,0" mass="1" elasticityCoef="1" ang="90,0,0" color="0,220,0" radius="0.5" length="4" />
		<capsule pos="-17.25,5.5,-36.8" vel="0,0,0" mass="1" elasticityCoef="1" ang="90,0,0" color="0,220,0" radius="0.5" length="4" />
		<capsule pos="-17.25,5.5,-34.5" vel="0,0,0" mass="1" elasticityCoef="1" ang="90,0,0" color="0,220,0" radius="0.5" length="4" />
		<capsule pos="-17.25,5.5,-32.199999999999996" vel="0,0,0" mass="1" elasticityCoef="1" ang="90,0,0" color="0,220,0" radius="0.5" length="4" />
		<capsule pos="-17.25,5.5,-29.9" vel="0,0,0" mass="1" elasticityCoef="1" ang="90,0,0" color="0,220,0" radius="0.5" length="4" />
		<capsule pos="-17.25,5.5,-27.599999999999998" vel="0,0,0" mass="1" elasticityCoef="1" ang="90,0,0" color="0,220,0" radius="0.5" length="4" />
		<capsule pos="-17.25,5.5,-25.299999999999997" vel="0,0,0" mass="1" elasticityCoef="1" ang="90,0,0" color="0,220,0" radius="0.5" length="4" />
		<capsule pos="-17.25,5.5,-22.999999999999996" vel="0,0,0" mass="1" elasticityCoef="1" ang="90,0,0" color="0,220,0" radius="0.5" length="4" />
		<capsule pos="-17.25,5.5,-20.699999999999996" vel="0,0,0" mass="1" elasticityCoef="1" ang="90,0,0" color="0,220,0" radius="0.5" length="4" />
		<capsule pos="-17.25,5.5,-18.4" vel="0,0,0" mass="1" elasticityCoef="1" ang="90,0,0" color="0,220,0" radius="0.5" length="4" />
		<capsule pos="-17.25,5.5,-16.099999999999998" vel="0,0,0" mass="1" elasticityCoef="1" ang="90,0,0" color="0,220,0" radius="0.5" length="4" />
		<capsule pos="-17.25,5.5,-13.799999999999997" vel="0,0,0" mass="1" elasticityCoef="1" ang="90,0,0" color="0,220,0" radius="0.5" length="4" />
		<capsule pos="-17.25,5.5,-11.5" vel="0,0,0" mass="1" elasticityCoef="1" ang="90,0,0" color="0,220,0" radius="0.5" length="4" />
		<capsule pos="-17.25,5.5,-9.199999999999996" vel="0,0,0" mass="1" elasticityCoef="1" ang="90,0,0" color="0,220,0" radius="0.5" length="4" />
		<capsule pos="-17.25,5.5,-6.899999999999999" vel="0,0,0" mass="1" elasticityCoef="1" ang="90,0,0" color="0,220,0" radius="0.5" length="4" />
		<capsule pos="-17.25,5.5,-4.600000000000001" vel="0,0,0" mass="1" elasticityCoef="1" ang="90,0,0" color="0,220,0" radius="0.5" length="4" />
		<capsule pos="-17.25,5.5,-2.299999999999997" vel="0,0,0" mass="1" elasticityCoef="1" ang="90,0,0" color="0,220,0" radius="0.5" length="4" />
		<capsule pos="-17.25,5.5,0.0" vel="0,0,0" mass="1" elasticityCoef="1" ang="90,0,0" color="0,220,0" radius="0.5" length="4" />
		<capsule pos="-17.25,5.5,2.3000000000000043" vel="0,0,0" mass="1" elasticityCoef="1" ang="90,0,0" color="0,220,0" radius="0.5" length="4" />
		<capsule pos="-17.25,5.5,4.600000000000001" vel="0,0,0" mass="1" elasticityCoef="1" ang="90,0,0" color="0,220,0" radius="0.5" length="4" />
		<capsule pos="-17.25,5.5,6.899999999999999" vel="0,0,0" mass="1" elasticityCoef="1" ang="90,0,0" color="0,220,0" radius="0.5" length="4" />
		<capsule pos="-17.25,5.5,9.200000000000003" vel="0,0,0" mass="1" elasticityCoef="1" ang="90,0,0" color="0,220,0" radius="0.5" length="4" />
		<capsule pos="-17.25,5.5,11.5" vel="0,0,0" mass="1" elasticityCoef="1" ang="90,0,0" color="0,220,0" radius="0.5" length="4" />
		<capsule pos="-17.25,5.5,13.799999999999997" vel="0,0,0" mass="1" elasticityCoef="1" ang="90,0,0" color="0,220,0" radius="0.5" length="4" />
		<capsule pos="-17.25,5.5,16.1" vel="0,0,0" mass="1" elasticityCoef="1" ang="90,0,0" color="0,220,0" radius="0.5" length="4" />
		<capsule pos="-17.25,5.5,18.4" vel="0,0,0" mass="1" elasticityCoef="1" ang="90,0,0" color="0,220,0" radius="0.5" length="4" />
		<capsule pos="-17.25,5.5,20.699999999999996" vel="0,0,0" mass="1" elasticityCoef="1" ang="90,0,0" color="0,220,0" radius="0.5" length="4" />
		<capsule pos="-17.25,5.5,22.999999999999993" vel="0,0,0" mass="1" elasticityCoef="1" ang="90,0,0" color="0,220,0" radius="0.5" length="4" />
		<capsule pos="-17.25,5.5,25.300000000000004" vel="0,0,0" mass="1" elasticityCoef="1" ang="90,0,0" color="0,220,0" radius="0.5" length="4" />
		<capsule pos="-17.25,5.5,27.6" vel="0,0,0" mass="1" elasticityCoef="1" ang="90,0,0" color="0,220,0" radius="0.5" length="4" />
		<capsule pos="-17.25,5.5,29.9" vel="0,0,0" mass="1" elasticityCoef="1" ang="90,0,0" color="0,220,0" radius="0.5" length="4" />
		<capsule pos="-17.25,5.5,32.199999999999996" vel="0,0,0" mass="1" elasticityCoef="1" ang="90,0,0" color="0,220,0" radius="0.5" length="4" />
		<capsule pos="-17.25,5.5,34.49999999999999" vel="0,0,0" mass="1" elasticityCoef="1" ang="90,0,0" color="0,220,0" radius="0.5" length="4" />
		<capsule pos="-17.25,5.5,36.800000000000004" vel="0,0,0" mass="1" elasticityCoef="1" ang="90,0,0" color="0,220,0" radius="0.5" length="4" />
		<capsule pos="-17.25,5.5,39.1" vel="0,0,0" mass="1" elasticityCoef="1" ang="90,0,0" color="0,220,0" radius="0.5" length="4" />
		<capsule pos="-17.25,5.5,41.4" vel="0,0,0" mass="1" elasticityCoef="1" ang="90,0,0" color="0,220,0" radius="0.5" length="4" />
		<capsule pos="-17.25,11.0,-43.699999999999996" vel="0,0,0" mass="1" elasticityCoef="1" ang="90,0,0" color="0,220,0" radius="0.5" length="4" />
		<capsule pos="-17.25,11.0,-41.4" vel="0,0,0" mass="1" elasticityCoef="1" ang="90,0,0" color="0,220,0" radius="0.5" length="4" />
		<capsule pos="-17.25,11.0,-39.099999999999994" vel="0,0,0" mass="1" elasticityCoef="1" ang="90,0,0" color="0,220,0" radius="0.5" length="4" />
		<capsule pos="-17.25,11.0,-36.8" vel="0,0,0" mass="1" elasticityCoef="1" ang="90,0,0" color="0,220,0" radius="0.5" length="4" />
		<capsule pos="-17.25,11.0,-34.5" vel="0,0,0" mass="1" elasticityCoef="1" ang="90,0,0" color="0,220,0" radius="0.5" length="4" />
		<capsule pos="-17.25,11.0,-32.199999999999996" vel="0,0,0" mass="1" elasticityCoef="1" ang="90,0,0" color="0,220,0" radius="0.5" length="4" />
		<capsule pos="-17.25,11.0,-29.9" vel="0,0,0" mass="1" elasticityCoef="1" ang="90,0,0" color="0,220,0" radius="0.5" length="4" />
		<capsule pos="-17.25,11.0,-27.599999999999998" vel="0,0,0" mass="1" elasticityCoef="1" ang="90,0,0" color="0,220,0" radius="0.5" length="4" />
		<capsule pos="-17.25,11.0,-25.299999999999997" vel="0,0,0" mass="1" elasticityCoef="1" ang="90,0,0" color="0,220,0" radius="0.5" length="4" />
		<capsule pos="-17.25,11.0,-22.999999999999996" vel="0,0,0" mass="1" elasticityCoef="1" ang="90,0,0" color="0,220,0" radius="0.5" length="4" />
		<capsule pos="-17.25,11.0,-20.699999999999996" vel="0,0,0" mass="1" elasticityCoef="1" ang="90,0,0" color="0,220,0" radius="0.5" length="4" />
		<capsule pos="-17.25,11.0,-18.4" vel="0,0,0" mass="1" elasticityCoef="1" ang="90,0,0" color="0,220,0" radius="0.5" length="4" />
		<capsule pos="-17.25,11.0,-16.099999999999998" vel="0,0,0" mass="1" elasticityCoef="1" ang="90,0,0" color="0,220,0" radius="0.5" length="4" />
		<capsule pos="-17.25,11.0,-13.799999999999997" vel="0,0,0" mass="1" elasticityCoef="1" ang="90,0,0" color="0,220,0" radius="0.5" length="4" />
		<capsule pos="-17.25,11.0,-11.5" vel="0,0,0" mass="1" elasticityCoef="1" ang="90,0,0" color="0,220,0" radius="0.5" length="4" />
		<capsule pos="-17.25,11.0,-9.199999999999996" vel="0,0,0" mass="1" elasticityCoef="1" ang="90,0,0" color="0,220,0" radius="0.5" length="4" />
		<capsule pos="-17.25,11.0,-6.899999999999999" vel="0,0,0" mass="1" elasticityCoef="1" ang="90,0,0" color="0,220,0" radius="0.5" length="4" />
		<capsule pos="-17.25,11.0,-4.600000000000001" vel="0,0,0" mass="1" elasticityCoef="1" ang="90,0,0" color="0,220,0" radius="0.5" length="4" />
		<capsule pos="-17.25,11.0,-2.299999999999997" vel="0,0,0" mass="1" elasticityCoef="1" ang="90,0,0" color="0,220,0" radius="0.5" length="4" />
		<capsule pos="-17.25,11.0,0.0" vel="0,0,0" mass="1" elasticityCoef="1" ang="90,0,0" color="0,220,0" radius="0.5" length="4" />
		<capsule pos="-17.25,11.0,2.3000000000000043" vel="0,0,0" mass="1" elasticityCoef="1" ang="90,0,0" color="0,220,0" radius="0.5" length="4" />
		<capsule pos="-17.25,11.0,4.600000000000001" vel="0,0,0" mass="1" elasticityCoef="1" ang="90,0,0" color="0,220,0" radius="0.5" length="4" />
		<capsule pos="-17.25,11.0,6.899999999999999" vel="0,0,0" mass="1" elasticityCoef="1" ang="90,0,0" color="0,220,0" radius="0.5" length="4" />
		<capsule pos="-17.25,11.0,9.200000000000003" vel="0,0,0" mass="1" elasticityCoef="1" ang="90,0,0" color="0,220,0" radius="0.5" length="4" />
		<capsule pos="-17.25,11.0,11.5" vel="0,0,0" mass="1" elasticityCoef="1" ang="90,0,0" color="0,220,0" radius="0.5" length="4" />
		<capsule pos="-17.25,11.0,13.799999999999997" vel="0,0,0" mass="1" elasticityCoef="1" ang="90,0,0" color="0,220,0" radius="0.5" length="4" />
		<capsule pos="-17.25,11.0,16.1" vel="0,0,0" mass="1" elasticityCoef="1" ang="90,0,0" color="0,220,0" radius="0.5" length="4" />
		<capsule pos="-17.25,11.0,18.4" vel="0,0,0" mass="1" elasticityCoef="1" ang="90,0,0" color="0,220,0" radius="0.5" length="4" />
		<capsule pos="-17.25,11.0,20.699999999999996" vel="0,0,0" mass="1" elasticityCoef="1" ang="90,0,0" color="0,220,0" radius="0.5" length="4" />
		<capsule pos="-17.25,11.0,22.999999999999993" vel="0,0,0" mass="1" elasticityCoef="1" ang="90,0,0" color="0,220,0" radius="0.5" length="4" />
		<capsule pos="-17.25,11.0,25.300000000000004" vel="0,0,0" mass="1" elasticityCoef="1" ang="90,0,0" color="0,220,0" radius="0.5" length="4" />
		<capsule pos="-17.25,11.0,27.6" vel="0,0,0" mass="1" elasticityCoef="1" ang="90,0,0" color="0,220,0" radius="0.5" length="4" />
		<capsule pos="-17.25,11.0,29.9" vel="0,0,0" mass="1" elasticityCoef="1" ang="90,0,0" color="0,220,0" radius="0.5" length="4" />
		<capsule pos="-17.25,11.0,32.199999999999996" vel="0,0,0" mass="1" elasticityCoef="1" ang="90,0,0" color="0,220,0" radius="0.5" length="4" />
		<capsule pos="-17.25,11.0,34.49999999999999" vel="0,0,0" mass="1" elasticityCoef="1" ang="90,0,0" color="0,220,0" radius="0.5" length="4" />
		<capsule pos="-17.25,11.0,36.800000000000004" vel="0,0,0" mass="1" elasticityCoef="1" ang="90,0,0" color="0,220,0" radius="0.5" length="4" />
		<capsule pos="-17.25,11.0,39.1" vel="0,0,0" mass="1" elasticityCoef="1" ang="90,0,0" color="0,220,0" radius="0.5" length="4" />
		<capsule pos="-17.25,11.0,41.4" vel="0,0,0" mass="1" elasticityCoef="1" ang="90,0,0" color="0,220,0" radius="0.5" length="4" />
		<capsule pos="-17.25,16.5,-43.699999999999996" vel="0,0,0" mass="1" elasticityCoef="1" ang="90,0,0" color="0,220,0" radius="0.5" length="4" />
		<capsule pos="-17.25,16.5,-41.4" vel="0,0,0" mass="1" elasticityCoef="1" ang="90,0,0" color="0,220,0" radius="0.5" length="4" />
		<capsule pos="-17.25,16.5,-39.099999999999994" vel="0,0,0" mass="1" elasticityCoef="1" ang="90,0,0" color="0,220,0" radius="0.5" length="4" />
		<capsule pos="-17.25,16.5,-36.8" vel="0,0,0" mass="1" elasticityCoef="1" ang="90,0,0" color="0,220,0" radius="0.5" length="4" />
		<capsule pos="-17.25,16.5,-34.5" vel="0,0,0" mass="1" elasticityCoef="1" ang="90,0,0" color="0,220,0" radius="0.5" length="4" />
		<capsule pos="-17.25,16.5,-32.199999999999996" vel="0,0,0" mass="1" elasticityCoef="1" ang="90,0,0" color="0,220,0" radius="0.5" length="4" />
		<capsule pos="-17.25,16.5,-29.9" vel="0,0,0" mass="1" elasticityCoef="1" ang="90,0,0" color="0,220,0" radius="0.5" length="4" />
		<capsule pos="-17.25,16.5,-27.599999999999998" vel="0,0,0" mass="1" elasticityCoef="1" ang="90,0,0" color="0,220,0" radius="0.5" length="4" />
		<capsule pos="-17.25,16.5,-25.299999999999997" vel="0,0,0" mass="1" elasticityCoef="1" ang="90,0,0" color="0,220,0" radius="0.5" length="4" />
		<capsule pos="-17.25,16.5,-22.999999999999996" vel="0,0,0" mass="1" elasticityCoef="1" ang="90,0,0" color="0,220,0" radius="0.5" length="4" />
		<capsule pos="-17.25,16.5,-20.699999999999996" vel="0,0,0" mass="1" elasticityCoef="1" ang="90,0,0" color="0,220,0" radius="0.5" length="4" />
		<capsule pos="-17.25,16.5,-18.4" vel="0,0,0" mass="1" elasticityCoef="1" ang="90,0,0" color="0,220,0" radius="0.5" length="4" />
		<capsule pos="-17.25,16.5,-16.099999999999998" vel="0,0,0" mass="1" elasticityCoef="1" ang="90,0,0" color="0,220,0" radius="0.5" length="4" />
		<capsule pos="-17.25,16.5,-13.799999999999997" vel="0,0,0" mass="1" elasticityCoef="1" ang="90,0,0" color="0,220,0" radius="0.5" length="4" />
		<capsule pos="-17.25,16.5,-11.5" vel="0,0,0" mass="1" elasticityCoef="1" ang="90,0,0" color="0,220,0" radius="0.5" length="4" />
		<capsule pos="-17.25,16.5,-9.199999999999996" vel="0,0,0" mass="1" elasticityCoef="1" ang="90,0,0" color="0,220,0" radius="0.5" length="4" />
		<capsule pos="-17.25,16.5,-6.899999999999999" vel="0,0,0" mass="1" elasticityCoef="1" ang="90,0,0" color="0,220,0" radius="0.5" length="4" />
		<capsule pos="-17.25,16.5,-4.600000000000001" vel="0,0,0" mass="1" elasticityCoef="1" ang="90,0,0" color="0,220,0" radius="0.5" length="4" />
		<capsule pos="-17.25,16.5,-2.299999999999997" vel="0,0,0" mass="1" elasticityCoef="1" ang="90,0,0" color="0,220,0" radius="0.5" length="4" />
		<capsule pos="-17.25,16.5,0.0" vel="0,0,0" mass="1" elasticityCoef="1" ang="90,0,0" color="0,220,0" radius="0.5" length="4" />
		<capsule pos="-17.25,16.5,2.3000000000000043" vel="0,0,0" mass="1" elasticityCoef="1" ang="90,0,0" color="0,220,0" radius="0.5" length="4" />
		<capsule pos="-17.25,16.5,4.600000000000001" vel="0,0,0" mass="1" elasticityCoef="1" ang="90,0,0" color="0,220,0" radius="0.5" length="4" />
		<capsule pos="-17.25,16.5,6.899999999999999" vel="0,0,0" mass="1" elasticityCoef="1" ang="90,0,0" color="0,220,0" radius="0.5" length="4" />
		<capsule pos="-17.25,16.5,9.200000000000003" vel="0,0,0" mass="1" elasticityCoef="1" ang="90,0,0" color="0,220,0" radius="0.5" length="4" />
		<capsule pos="-17.25,16.5,11.5" vel="0,0,0" mass="1" elasticityCoef="1" ang="90,0,0" color="0,220,0" radius="0.5" length="4" />
		<capsule pos="-17.25,16.5,13.799999999999997" vel="0,0,0" mass="1" elasticityCoef="1" ang="90,0,0" color="0,220,0" radius="0.5" length="4" />
		<capsule pos="-17.25,16.5,16.1" vel="0,0,0" mass="1" elasticityCoef="1" ang="90,0,0" color="0,220,0" radius="0.5" length="4" />
		<capsule pos="-17.25,16.5,18.4" vel="0,0,0" mass="1" elasticityCoef="1" ang="90,0,0" color="0,220,0" radius="0.5" length="4" />
		<capsule pos="-17.25,16.5,20.699999999999996" vel="0,0,0" mass="1" elasticityCoef="1" ang="90,0,0" color="0,220,0" radius="0.5" length="4" />
		<capsule pos="-17.25,16.5,22.999999999999993" vel="0,0,0" mass="1" elasticityCoef="1" ang="90,0,0" color="0,220,0" radius="0.5" length="4" />
		<capsule pos="-17.25,16.5,25.300000000000004" vel="0,0,0" mass="1" elasticityCoef="1" ang="90,0,0" color="0,220,0" radius="0.5" length="4" />
		<capsule pos="-17.25,16.5,27.6" vel="0,0,0" mass="1" elasticityCoef="1" ang="90,0,0" color="0,220,0" radius="0.5" length="4" />
		<capsule pos="-17.25,16.5,29.9" vel="0,0,0" mass="1" elasticityCoef="1" ang="90,0,0" color="0,220,0" radius="0.5" length="4" />
		<capsule pos="-17.25,16.5,32.199999999999996" vel="0,0,0" mass="1" elasticityCoef="1" ang="90,0,0" color="0,220,0" radius="0.5" length="4" />
		<capsule pos="-17.25,16.5,34.49999999999999" vel="0,0,0" mass="1" elasticityCoef="1" ang="90,0,0" color="0,220,0" radius="0.5" length="4" />
		<capsule pos="-17.25,16.5,36.800000000000004" vel="0,0,0" mass="1" elasticityCoef="1" ang="90,0,0" color="0,220,0" radius="0.5" length="4" />
		<capsule pos="-17.25,16.5,39.1" vel="0,0,0" mass="1" elasticityCoef="1" ang="90,0,0" color="0,220,0" radius="0.5" length="4" />
		<capsule pos="-17.25,16.5,41.4" vel="0,0,0" mass="1" elasticityCoef="1" ang="90,0,0" color="0,220,0" radius="0.5" length="4" />
		<capsule pos="-17.25,22.0,-43.699999999999996" vel="0,0,0" mass="1" elasticityCoef="1" ang="90,0,0" color="0,220,0" radius="0.5" length="4" />
		<capsule pos="-17.25,22.0,-41.4" vel="0,0,0" mass="1" elasticityCoef="1" ang="90,0,0" color="0,220,0" radius="0.5" length="4" />
		<capsule pos="-17.25,22.0,-39.099999999999994" vel="0,0,0" mass="1" elasticityCoef="1" ang="90,0,0" color="0,220,0" radius="0.5" length="4" />
		<capsule pos="-17.25,22.0,-36.8" vel="0,0,0" mass="1" elasticityCoef="1" ang="90,0,0" color="0,220,0" radius="0.5" length="4" />
		<capsule pos="-17.25,22.0,-34.5" vel="0,0,0" mass="1" elasticityCoef="1" ang="90,0,0" color="0,220,0" radius="0.5" length="4" />
		<capsule pos="-17.25,22.0,-32.199999999999996" vel="0,0,0" mass="1" elasticityCoef="1" ang="90,0,0" color="0,220,0" radius="0.5" length="4" />
		<capsule pos="-17.25,22.0,-29.9" vel="0,0,0" mass="1" elasticityCoef="1" ang="90,0,0" color="0,220,0" radius="0.5" length="4" />
		<capsule pos="-17.25,22.0,-27.599999999999998" vel="0,0,0" mass="1" elasticityCoef="1" ang="90,0,0" color="0,220,0" radius="0.5" length="4" />
		<capsule pos="-17.25,22.0,-25.299999999999997" vel="0,0,0" mass="1" elasticityCoef="1" ang="90,0,0" color="0,220,0" radius="0.5" length="4" />
		<capsule pos="-17.25,22.0,-22.999999999999996" vel="0,0,0" mass="1" elasticityCoef="1" ang="90,0,0" color="0,220,0" radius="0.5" length="4" />
		<capsule pos="-17.25,22.0,-20.699999999999996" vel="0,0,0" mass="1" elasticityCoef="1" ang="90,0,0" color="0,220,0" radius="0.5" length="4" />
		<capsule pos="-17.25,22.0,-18.4" vel="0,0,0" mass="1" elasticityCoef="1" ang="90,0,0" color="0,220,0" radius="0.5" length="4" />
		<capsule pos="-17.25,22.0,-16.099999999999998" vel="0,0,0" mass="1" elasticityCoef="1" ang="90,0,0" color="0,220,0" radius="0.5" length="4" />
		<capsule pos="-17.25,22.0,-13.799999999999997" vel="0,0,0" mass="1" elasticityCoef="1" ang="90,0,0" color="0,220,0" radius="0.5" length="4" />
		<capsule pos="-17.25,22.0,-11.5" vel="0,0,0" mass="1" elasticityCoef="1" ang="90,0,0" color="0,220,0" radius="0.5" length="4" />
		<capsule pos="-17.25,22.0,-9.199999999999996" vel="0,0,0" mass="1" elasticityCoef="1" ang="90,0,0" color="0,220,0" radius="0.5" length="4" />
		<capsule pos="-17.25,22.0,-6.899999999999999" vel="0,0,0" mass="1" elasticityCoef="1" ang="90,0,0" color="0,220,0" radius="0.5" length="4" />
		<capsule pos="-17.25,22.0,-4.600000000000001" vel="0,0,0" mass="1" elasticityCoef="1" ang="90,0,0" color="0,220,0" radius="0.5" length="4" />
		<capsule pos="-17.25,22.0,-2.299999999999997" vel="0,0,0" mass="1" elasticityCoef="1" ang="90,0,0" color="0,220,0" radius="0.5" length="4" />
		<capsule pos="-17.25,22.0,0.0" vel="0,0,0" mass="1" elasticityCoef="1" ang="90,0,0" color="0,220,0" radius="0.5" length="4" />
		<capsule pos="-17.25,22.0,2.3000000000000043" vel="0,0,0" mass="1" elasticityCoef="1" ang="90,0,0" color="0,220,0" radius="0.5" length="4" />
		<capsule pos="-17.25,22.0,4.600000000000001" vel="0,0,0" mass="1" elasticityCoef="1" ang="90,0,0" color="0,220,0" radius="0.5" length="4" />
		<capsule pos="-17.25,22.0,6.899999999999999" vel="0,0,0" mass="1" elasticityCoef="1" ang="90,0,0" color="0,220,0" radius="0.5" length="4" />
		<capsule pos="-17.25,22.0,9.200000000000003" vel="0,0,0" mass="1" elasticityCoef="1" ang="90,0,0" color="0,220,0" radius="0.5" length="4" />
		<capsule pos="-17.25,22.0,11.5" vel="0,0,0" mass="1" elasticityCoef="1" ang="90,0,0" color="0,220,0" radius="0.5" length="4" />
		<capsule pos="-17.25,22.0,13.799999999999997" vel="0,0,0" mass="1" elasticityCoef="1" ang="90,0,0" color="0,220,0" radius="0.5" length="4" />
		<capsule pos="-17.25,22.0,16.1" vel="0,0,0" mass="1" elasticityCoef="1" ang="90,0,0" color="0,220,0" radius="0.5" length="4" />
		<capsule pos="-17.25,22.0,18.4" vel="0,0,0" mass="1" elasticityCoef="1" ang="90,0,0" color="0,220,0" radius="0.5" length="4" />
		<capsule pos="-17.25,22.0,20.699999999999996" vel="0,0,0" mass="1" elasticityCoef="1" ang="90,0,0" color="0,220,0" radius="0.5" length="4" />
		<capsule pos="-17.25,22.0,22.999999999999993" vel="0,0,0" mass="1" elasticityCoef="1" ang="90,0,0" color="0,220,0" radius="0.5" length="4" />
		<capsule pos="-17.25,22.0,25.300000000000004" vel="0,0,0" mass="1" elasticityCoef="1" ang="90,0,0" color="0,220,0" radius="0.5" length="4" />
		<capsule pos="-17.25,22.0,27.6" vel="0,0,0" mass="1" elasticityCoef="1" ang="90,0,0" color="0,220,0" radius="0.5" length="4" />
		<capsule pos="-17.25,22.0,29.9" vel="0,0,0" mass="1" elasticityCoef="1" ang="90,0,0" color="0,220,0" radius="0.5" length="4" />
		<capsule pos="-17.25,22.0,32.199999999999996" vel="0,0,0" mass="1" elasticityCoef="1" ang="90,0,0" color="0,220,0" radius="0.5" length="4" />
		<capsule pos="-17.25,22.0,34.49999999999999" vel="0,0,0" mass="1" elasticityCoef="1" ang="90,0,0" color="0,220,0" radius="0.5" length="4" />
		<capsule pos="-17.25,22.0,36.800000000000004" vel="0,0,0" mass="1" elasticityCoef="1" ang="90,0,0" color="0,220,0" radius="0.5" length="4" />
		<capsule pos="-17.25,22.0,39.1" vel="0,0,0" mass="1" elasticityCoef="1" ang="90,0,0" color="0,220,0" radius="0.5" length="4" />
		<capsule pos="-17.25,22.0,41.4" vel="0,0,0" mass="1" elasticityCoef="1" ang="90,0,0" color="0,220,0" radius="0.5" length="4" />
		<capsule pos="-17.25,27.5,-43.699999999999996" vel="0,0,0" mass="1" elasticityCoef="1" ang="90,0,0" color="0,220,0" radius="0.5" length="4" />
		<capsule pos="-17.25,27.5,-41.4" vel="0,0,0" mass="1" elasticityCoef="1" ang="90,0,0" color="0,220,0" radius="0.5" length="4" />
		<capsule pos="-17.25,27.5,-39.099999999999994" vel="0,0,0" mass="1" elasticityCoef="1" ang="90,0,0" color="0,220,0" radius="0.5" length="4" />
		<capsule pos="-17.25,27.5,-36.8" vel="0,0,0" mass="1" elasticityCoef="1" ang="90,0,0" color="0,220,0" radius="0.5" length="4" />
		<capsule pos="-17.25,27.5,-34.5" vel="0,0,0" mass="1" elasticityCoef="1" ang="90,0,0" color="0,220,0" radius="0.5" length="4" />
		<capsule pos="-17.25,27.5,-32.199999999999996" vel="0,0,0" mass="1" elasticityCoef="1" ang="90,0,0" color="0,220,0" radius="0.5" length="4" />
		<capsule pos="-17.25,27.5,-29.9" vel="0,0,0" mass="1" elasticityCoef="1" ang="90,0,0" color="0,220,0" radius="0.5" length="4" />
		<capsule pos="-17.25,27.5,-27.599999999999998" vel="0,0,0" mass="1" elasticityCoef="1" ang="90,0,0" color="0,220,0" radius="0.5" length="4" />
		<capsule pos="-17.25,27.5,-25.299999999999997" vel="0,0,0" mass="1" elasticityCoef="1" ang="90,0,0" color="0,220,0" radius="0.5" length="4" />
		<capsule pos="-17.25,27.5,-22.999999999999996" vel="0,0,0" mass="1" elasticityCoef="1" ang="90,0,0" color="0,220,0" radius="0.5" length="4" />
		<capsule pos="-17.25,27.5,-20.699999999999996" vel="0,0,0" mass="1" elasticityCoef="1" ang="90,0,0" color="0,220,0" radius="0.5" length="4" />
		<capsule pos="-17.25,27.5,-18.4" vel="0,0,0" mass="1" elasticityCoef="1" ang="90,0,0" color="0,220,0" radius="0.5" length="4" />
		<capsule pos="-17.25,27.5,-16.099999999999998" vel="0,0,0" mass="1" elasticityCoef="1" ang="90,0,0" color="0,220,0" radius="0.5" length="4" />
		<capsule pos="-17.25,27.5,-13.799999999999997" vel="0,0,0" mass="1" elasticityCoef="1" ang="90,0,0" color="0,220,0" radius="0.5" length="4" />
		<capsule pos="-17.25,27.5,-11.5" vel="0,0,0" mass="1" elasticityCoef="1" ang="90,0,0" color="0,220,0" radius="0.5" length="4" />
		<capsule pos="-17.25,27.5,-9.199999999999996" vel="0,0,0" mass="1" elasticityCoef="1" ang="90,0,0" color="0,220,0" radius="0.5" length="4" />
		<capsule pos="-17.25,27.5,-6.899999999999999" vel="0,0,0" mass="1" elasticityCoef="1" ang="90,0,0" color="0,220,0" radius="0.5" length="4" />
		<capsule pos="-17.25,27.5,-4.600000000000001" vel="0,0,0" mass="1" elasticityCoef="1" ang="90,0,0" color="0,220,0" radius="0.5" length="4" />
		<capsule pos="-17.25,27.5,-2.299999999999997" vel="0,0,0" mass="1" elasticityCoef="1" ang="90,0,0" color="0,220,0" radius="0.5" length="4" />
		<capsule pos="-17.25,27.5,0.0" vel="0,0,0" mass="1" elasticityCoef="1" ang="90,0,0" color="0,220,0" radius="0.5" length="4" />
		<capsule pos="-17.25,27.5,2.3000000000000043" vel="0,0,0" mass="1" elasticityCoef="1" ang="90,0,0" color="0,220,0" radius="0.5" length="4" />
		<capsule pos="-17.25,27.5,4.600000000000001" vel="0,0,0" mass="1" elasticityCoef="1" ang="90,0,0" color="0,220,0" radius="0.5" length="4" />
		<capsule pos="-17.25,27.5,6.899999999999999" vel="0,0,0" mass="1" elasticityCoef="1" ang="90,0,0" color="0,220,0" radius="0.5" length="4" />
		<capsule pos="-17.25,27.5,9.200000000000003" vel="0,0,0" mass="1" elasticityCoef="1" ang="90,0,0" color="0,220,0" radius="0.5" length="4" />
		<capsule pos="-17.25,27.5,11.5" vel="0,0,0" mass="1" elasticityCoef="1" ang="90,0,0" color="0,220,0" radius="0.5" length="4" />
		<capsule pos="-17.25,27.5,13.799999999999997" vel="0,0,0" mass="1" elasticityCoef="1" ang="90,0,0" color="0,220,0" radius="0.5" length="4" />
		<capsule pos="-17.25,27.5,16.1" vel="0,0,0" mass="1" elasticityCoef="1" ang="90,0,0" color="0,220,0" radius="0.5" length="4" />
		<capsule pos="-17.25,27.5,18.4" vel="0,0,0" mass="1" elasticityCoef="1" ang="90,0,0" color="0,220,0" radius="0.5" length="4" />
		<capsule pos="-17.25,27.5,20.699999999999996" vel="0,0,0" mass="1" elasticityCoef="1" ang="90,0,0" color="0,220,0" radius="0.5" length="4" />
		<capsule pos="-17.25,27.5,22.999999999999993" vel="0,0,0" mass="1" elasticityCoef="1" ang="90,0,0" color="0,220,0" radius="0.5" length="4" />
		<capsule pos="-17.25,27.5,25.300000000000004" vel="0,0,0" mass="1" elasticityCoef="1" ang="90,0,0" color="0,220,0" radius="0.5" length="4" />
		<capsule pos="-17.25,27.5,27.6" vel="0,0,0" mass="1" elasticityCoef="1" ang="90,0,0" color="0,220,0" radius="0.5" length="4" />
		<capsule pos="-17.25,27.5,29.9" vel="0,0,0" mass="1" elasticityCoef="1" ang="90,0,0" color="0,220,0" radius="0.5" length="4" />
		<capsule pos="-17.25,27.5,32.199999999999996" vel="0,0,0" mass="1" elasticityCoef="1" ang="90,0,0" color="0,220,0" radius="0.5" length="4" />
		<capsule pos="-17.25,27.5,34.49999999999999" vel="0,0,0" mass="1" elasticityCoef="1" ang="90,0,0" color="0,220,0" radius="0.5" length="4" />
		<capsule pos="-17.25,27.5,36.800000000000004" vel="0,0,0" mass="1" elasticityCoef="1" ang="90,0,0" color="0,220,0" radius="0.5" length="4" />
		<capsule pos="-17.25,27.5,39.1" vel="0,0,0" mass="1" elasticityCoef="1" ang="90,0,0" color="0,220,0" radius="0.5" length="4" />
		<capsule pos="-17.25,27.5,41.4" vel="0,0,0" mass="1" elasticityCoef="1" ang="90,0,0" color="0,220,0" radius="0.5" length="4" />
		<capsule pos="-17.25,33.0,-43.699999999999996" vel="0,0,0" mass="1" elasticityCoef="1" ang="90,0,0" color="0,220,0" radius="0.5" length="4" />
		<capsule pos="-17.25,33.0,-41.4" vel="0,0,0" mass="1" elasticityCoef="1" ang="90,0,0" color="0,220,0" radius="0.5" length="4" />
		<capsule pos="-17.25,33.0,-39.099999999999994" vel="0,0,0" mass="1" elasticityCoef="1" ang="90,0,0" color="0,220,0" radius="0.5" length="4" />
		<capsule pos="-17.25,33.0,-36.8" vel="0,0,0" mass="1" elasticityCoef="1" ang="90,0,0" color="0,220,0" radius="0.5" length="4" />
		<capsule pos="-17.25,33.0,-34.5" vel="0,0,0" mass="1" elasticityCoef="1" ang="90,0,0" color="0,220,0" radius="0.5" length="4" />
		<capsule pos="-17.25,33.0,-32.199999999999996" vel="0,0,0" mass="1" elasticityCoef="1" ang="90,0,0" color="0,220,0" radius="0.5" length="4" />
		<capsule pos="-17.25,33.0,-29.9" vel="0,0,0" mass="1" elasticityCoef="1" ang="90,0,0" color="0,220,0" radius="0.5" length="4" />
		<capsule pos="-17.25,33.0,-27.599999999999998" vel="0,0,0" mass="1" elasticityCoef="1" ang="90,0,0" color="0,220,0" radius="0.5" length="4" />
		<capsule pos="-17.25,33.0,-25.299999999999997" vel="0,0,0" mass="1" elasticityCoef="1" ang="90,0,0" color="0,220,0" radius="0.5" length="4" />
		<capsule pos="-17.25,33.0,-22.999999999999996" vel="0,0,0" mass="1" elasticityCoef="1" ang="90,0,0" color="0,220,0" radius="0.5" length="4" />
		<capsule pos="-17.25,33.0,-20.699999999999996" vel="0,0,0" mass="1" elasticityCoef="1" ang="90,0,0" color="0,220,0" radius="0.5" length="4" />
		<capsule pos="-17.25,33.0,-18.4" vel="0,0,0" mass="1" elasticityCoef="1" ang="90,0,0" color="0,220,0" radius="0.5" length="4" />
		<capsule pos="-17.25,33.0,-16.099999999999998" vel="0,0,0" mass="1" elasticityCoef="1" ang="90,0,0" color="0,220,0" radius="0.5" length="4" />
		<capsule pos="-17.25,33.0,-13.799999999999997" vel="0,0,0" mass="1" elasticityCoef="1" ang="90,0,0" color="0,220,0" radius="0.5" length="4" />
		<capsule pos="-17.25,33.0,-11.5" vel="0,0,0" mass="1" elasticityCoef="1" ang="90,0,0" color="0,220,0" radius="0.5" length="4" />
		<capsule pos="-17.25,33.0,-9.199999999999996" vel="0,0,0" mass="1" elasticityCoef="1" ang="90,0,0" color="0,220,0" radius="0.5" length="4" />
		<capsule pos="-17.25,33.0,-6.899999999999999" vel="0,0,0" mass="1" elasticityCoef="1" ang="90,0,0" color="0,220,0" radius="0.5" length="4" />
		<capsule pos="-17.25,33.0,-4.600000000000001" vel="0,0,0" mass="1" elasticityCoef="1" ang="90,0,0" color="0,220,0" radius="0.5" length="4" />
		<capsule pos="-17.25,33.0,-2.299999999999997" vel="0,0,0" mass="1" elasticityCoef="1" ang="90,0,0" color="0,220,0" radius="0.5" length="4" />
		<capsule pos="-17.25,33.0,0.0" vel="0,0,0" mass="1" elasticityCoef="1" ang="90,0,0" color="0,220,0" radius="0.5" length="4" />
		<capsule pos="-17.25,33.0,2.3000000000000043" vel="0,0,0" mass="1" elasticityCoef="1" ang="90,0,0" color="0,220,0" radius="0.5" length="4" />
		<capsule pos="-17.25,33.0,4.600000000000001" vel="0,0,0" mass="1" elasticityCoef="1" ang="90,0,0" color="0,220,0" radius="0.5" length="4" />
		<capsule pos="-17.25,33.0,6.899999999999999" vel="0,0,0" mass="1" elasticityCoef="1" ang="90,0,0" color="0,220,0" radius="0.5" length="4" />
		<capsule pos="-17.25,33.0,9.200000000000003" vel="0,0,0" mass="1" elasticityCoef="1" ang="90,0,0" color="0,220,0" radius="0.5" length="4" />
		<capsule pos="-17.25,33.0,11.5" vel="0,0,0" mass="1" elasticityCoef="1" ang="90,0,0" color="0,220,0" radius="0.5" length="4" />
		<capsule pos="-17.25,33.0,13.799999999999997" vel="0,0,0" mass="1" elasticityCoef="1" ang="90,0,0" color="0,220,0" radius="0.5" length="4" />
		<capsule pos="-17.25,33.0,16.1" vel="0,0,0" mass="1" elasticityCoef="1" ang="90,0,0" color="0,220,0" radius="0.5" length="4" />
		<capsule pos="-17.25,33.0,18.4" vel="0,0,0" mass="1" elasticityCoef="1" ang="90,0,0" color="0,220,0" radius="0.5" length="4" />
		<capsule pos="-17.25,33.0,20.699999999999996" vel="0,0,0" mass="1" elasticityCoef="1" ang="90,0,0" color="0,220,0" radius="0.5" length="4" />
		<capsule pos="-17.25,33.0,22.999999999999993" vel="0,0,0" mass="1" elasticityCoef="1" ang="90,0,0" color="0,220,0" radius="0.5" length="4" />
		<capsule pos="-17.25,33.0,25.300000000000004" vel="0,0,0" mass="1" elasticityCoef="1" ang="90,0,0" color="0,220,0" radius="0.5" length="4" />
		<capsule pos="-17.25,33.0,27.6" vel="0,0,0" mass="1" elasticityCoef="1" ang="90,0,0" color="0,220,0" radius="0.5" length="4" />
		<capsule pos="-17.25,33.0,29.9" vel="0,0,0" mass="1" elasticityCoef="1" ang="90,0,0" color="0,220,0" radius="0.5" length="4" />
		<capsule pos="-17.25,33.0,32.199999999999996" vel="0,0,0" mass="1" elasticityCoef="1" ang="90,0,0" color="0,220,0" radius="0.5" length="4" />
		<capsule pos="-17.25,33.0,34.49999999999999" vel="0,0,0" mass="1" elasticityCoef="1" ang="90,0,0" color="0,220,0" radius="0.5" length="4" />
		<capsule pos="-17.25,33.0,36.800000000000004" vel="0,0,0" mass="1" elasticityCoef="1" ang="90,0,0" color="0,220,0" radius="0.5" length="4" />
		<capsule pos="-17.25,33.0,39.1" vel="0,0,0" mass="1" elasticityCoef="1" ang="90,0,0" color="0,220,0" radius="0.5" length="4" />
		<capsule pos="-17.25,33.0,41.4" vel="0,0,0" mass="1" elasticityCoef="1" ang="90,0,0" color="0,220,0" radius="0.5" length="4" />
		<capsule pos="-17.25,38.5,-43.699999999999996" vel="0,0,0" mass="1" elasticityCoef="1" ang="90,0,0" color="0,220,0" radius="0.5" length="4" />
		<capsule pos="-17.25,38.5,-41.4" vel="0,0,0" mass="1" elasticityCoef="1" ang="90,0,0" color="0,220,0" radius="0.5" length="4" />
		<capsule pos="-17.25,38.5,-39.099999999999994" vel="0,0,0" mass="1" elasticityCoef="1" ang="90,0,0" color="0,220,0" radius="0.5" length="4" />
		<capsule pos="-17.25,38.5,-36.8" vel="0,0,0" mass="1" elasticityCoef="1" ang="90,0,0" color="0,220,0" radius="0.5" length="4" />
		<capsule pos="-17.25,38.5,-34.5" vel="0,0,0" mass="1" elasticityCoef="1" ang="90,0,0" color="0,220,0" radius="0.5" length="4" />
		<capsule pos="-17.25,38.5,-32.199999999999996" vel="0,0,0" mass="1" elasticityCoef="1" ang="90,0,0" color="0,220,0" radius="0.5" length="4" />
		<capsule pos="-17.25,38.5,-29.9" vel="0,0,0" mass="1" elasticityCoef="1" ang="90,0,0" color="0,220,0" radius="0.5" length="4" />
		<capsule pos="-17.25,38.5,-27.599999999999998" vel="0,0,0" mass="1" elasticityCoef="1" ang="90,0,0" color="0,220,0" radius="0.5" length="4" />
		<capsule pos="-17.25,38.5,-25.299999999999997" vel="0,0,0" mass="1" elasticityCoef="1" ang="90,0,0" color="0,220,0" radius="0.5" length="4" />
		<capsule pos="-17.25,38.5,-22.999999999999996" vel="0,0,0" mass="1" elasticityCoef="1" ang="90,0,0" color="0,220,0" radius="0.5" length="4" />
		<capsule pos="-17.25,38.5,-20.699999999999996" vel="0,0,0" mass="1" elasticityCoef="1" ang="90,0,0" color="0,220,0" radius="0.5" length="4" />
		<capsule pos="-17.25,38.5,-18.4" vel="0,0,0" mass="1" elasticityCoef="1" ang="90,0,0" color="0,220,0" radius="0.5" length="4" />
		<capsule pos="-17.25,38.5,-16.099999999999998" vel="0,0,0" mass="1" elasticityCoef="1" ang="90,0,0" color="0,220,0" radius="0.5" length="4" />
		<capsule pos="-17.25,38.5,-13.799999999999997" vel="0,0,0" mass="1" elasticityCoef="1" ang="90,0,0" color="0,220,0" radius="0.5" length="4" />
		<capsule pos="-17.25,38.5,-11.5" vel="0,0,0" mass="1" elasticityCoef="1" ang="90,0,0" color="0,220,0" radius="0.5" length="4" />
		<capsule pos="-17.25,38.5,-9.199999999999996" vel="0,0,0" mass="1" elasticityCoef="1" ang="90,0,0" color="0,220,0" radius="0.5" length="4" />
		<capsule pos="-17.25,38.5,-6.899999999999999" vel="0,0,0" mass="1" elasticityCoef="1" ang="90,0,0" color="0,220,0" radius="0.5" length="4" />
		<capsule pos="-17.25,38.5,-4.600000000000001" vel="0,0,0" mass="1" elasticityCoef="1" ang="90,0,0" color="0,220,0" radius="0.5" length="4" />
		<capsule pos="-17.25,38.5,-2.299999999999997" vel="0,0,0" mass="1" elasticityCoef="1" ang="90,0,0" color="0,220,0" radius="0.5" length="4" />
		<capsule pos="-17.25,38.5,0.0" vel="0,0,0" mass="1" elasticityCoef="1" ang="90,0,0" color="0,220,0" radius="0.5" length="4" />
		<capsule pos="-17.25,38.5,2.3000000000000043" vel="0,0,0" mass="1" elasticityCoef="1" ang="90,0,0" color="0,220,0" radius="0.5" length="4" />
		<capsule pos="-17.25,38.5,4.600000000000001" vel="0,0,0" mass="1" elasticityCoef="1" ang="90,0,0" color="0,220,0" radius="0.5" length="4" />
		<capsule pos="-17.25,38.5,6.899999999999999" vel="0,0,0" mass="1" elasticityCoef="1" ang="90,0,0" color="0,220,0" radius="0.5" length="4" />
		<capsule pos="-17.25,38.5,9.200000000000003" vel="0,0,0" mass="1" elasticityCoef="1" ang="90,0,0" color="0,220,0" radius="0.5" length="4" />
		<capsule pos="-17.25,38.5,11.5" vel="0,0,0" mass="1" elasticityCoef="1" ang="90,0,0" color="0,220,0" radius="0.5" length="4" />
		<capsule pos="-17.25,38.5,13.799999999999997" vel="0,0,0" mass="1" elasticityCoef="1" ang="90,0,0" color="0,220,0" radius="0.5" length="4" />
		<capsule pos="-17.25,38.5,16.1" vel="0,0,0" mass="1" elasticityCoef="1" ang="90,0,0" color="0,220,0" radius="0.5" length="4" />
		<capsule pos="-17.25,38.5,18.4" vel="0,0,0" mass="1" elasticityCoef="1" ang="90,0,0" color="0,220,0" radius="0.5" length="4" />
		<capsule pos="-17.25,38.5,20.699999999999996" vel="0,0,0" mass="1" elasticityCoef="1" ang="90,0,0" color="0,220,0" radius="0.5" length="4" />
		<capsule pos="-17.25,38.5,22.999999999999993" vel="0,0,0" mass="1" elasticityCoef="1" ang="90,0,0" color="0,220,0" radius="0.5" length="4" />
		<capsule pos="-17.25,38.5,25.300000000000004" vel="0,0,0" mass="1" elasticityCoef="1" ang="90,0,0" color="0,220,0" radius="0.5" length="4" />
		<capsule pos="-17.25,38.5,27.6" vel="0,0,0" mass="1" elasticityCoef="1" ang="90,0,0" color="0,220,0" radius="0.5" length="4" />
		<capsule pos="-17.25,38.5,29.9" vel="0,0,0" mass="1" elasticityCoef="1" ang="90,0,0" color="0,220,0" radius="0.5" length="4" />
		<capsule pos="-17.25,38.5,32.199999999999996" vel="0,0,0" mass="1" elasticityCoef="1" ang="90,0,0" color="0,220,0" radius="0.5" length="4" />
		<capsule pos="-17.25,38.5,34.49999999999999" vel="0,0,0" mass="1" elasticityCoef="1" ang="90,0,0" color="0,220,0" radius="0.5" length="4" />
		<capsule pos="-17.25,38.5,36.800000000000004" vel="0,0,0" mass="1" elasticityCoef="1" ang="90,0,0" color="0,220,0" radius="0.5" length="4" />
		<capsule pos="-17.25,38.5,39.1" vel="0,0,0" mass="1" elasticityCoef="1" ang="90,0,0" color="0,220,0" radius="0.5" length="4" />
		<capsule pos="-17.25,38.5,41.4" vel="0,0,0" mass="1" elasticityCoef="1" ang="90,0,0" color="0,220,0" radius="0.5" length="4" />
		<capsule pos="-17.25,44.0,-43.699999999999996" vel="0,0,0" mass="1" elasticityCoef="1" ang="90,0,0" color="0,220,0" radius="0.5" length="4" />
		<capsule pos="-17.25,44.0,-41.4" vel="0,0,0" mass="1" elasticityCoef="1" ang="90,0,0" color="0,220,0" radius="0.5" length="4" />
		<capsule pos="-17.25,44.0,-39.099999999999994" vel="0,0,0" mass="1" elasticityCoef="1" ang="90,0,0" color="0,220,0" radius="0.5" length="4" />
		<capsule pos="-17.25,44.0,-36.8" vel="0,0,0" mass="1" elasticityCoef="1" ang="90,0,0" color="0,220,0" radius="0.5" length="4" />
		<capsule pos="-17.25,44.0,-34.5" vel="0,0,0" mass="1" elasticityCoef="1" ang="90,0,0" color="0,220,0" radius="0.5" length="4" />
		<capsule pos="-17.25,44.0,-32.199999999999996" vel="0,0,0" mass="1" elasticityCoef="1" ang="90,0,0" color="0,220,0" radius="0.5" length="4" />
		<capsule pos="-17.25,44.0,-29.9" vel="0,0,0" mass="1" elasticityCoef="1" ang="90,0,0" color="0,220,0" radius="0.5" length="4" />
		<capsule pos="-17.25,44.0,-27.599999999999998" vel="0,0,0" mass="1" elasticityCoef="1" ang="90,0,0" color="0,220,0" radius="0.5" length="4" />
		<capsule pos="-17.25,44.0,-25.299999999999997" vel="0,0,0" mass="1" elasticityCoef="1" ang="90,0,0" color="0,220,0" radius="0.5" length="4" />
		<capsule pos="-17.25,44.0,-22.999999999999996" vel="0,0,0" mass="1" elasticityCoef="1" ang="90,0,0" color="0,220,0" radius="0.5" length="4" />
		<capsule pos="-17.25,44.0,-20.699999999999996" vel="0,0,0" mass="1" elasticityCoef="1" ang="90,0,0" color="0,220,0" radius="0.5" length="4" />
		<capsule pos="-17.25,44.0,-18.4" vel="0,0,0" mass="1" elasticityCoef="1" ang="90,0,0" color="0,220,0" radius="0.5" length="4" />
		<capsule pos="-17.25,44.0,-16.099999999999998" vel="0,0,0" mass="1" elasticityCoef="1" ang="90,0,0" color="0,220,0" radius="0.5" length="4" />
		<capsule pos="-17.25,44.0,-13.799999999999997" vel="0,0,0" mass="1" elasticityCoef="1" ang="90,0,0" color="0,220,0" radius="0.5" length="4" />
		<capsule pos="-17.25,44.0,-11.5" vel="0,0,0" mass="1" elasticityCoef="1" ang="90,0,0" color="0,220,0" radius="0.5" length="4" />
		<capsule pos="-17.25,44.0,-9.199999999999996" vel="0,0,0" mass="1" elasticityCoef="1" ang="90,0,0" color="0,220,0" radius="0.5" length="4" />
		<capsule pos="-17.25,44.0,-6.899999999999999" vel="0,0,0" mass="1" elasticityCoef="1" ang="90,0,0" color="0,220,0" radius="0.5" length="4" />
		<capsule pos="-17.25,44.0,-4.600000000000001" vel="0,0,0" mass="1" elasticityCoef="1" ang="90,0,0" color="0,220,0" radius="0.5" length="4" />
		<capsule pos="-17.25,44.0,-2.299999999999997" vel="0,0,0" mass="1" elasticityCoef="1" ang="90,0,0" color="0,220,0" radius="0.5" length="4" />
		<capsule pos="-17.25,44.0,0.0" vel="0,0,0" mass="1" elasticityCoef="1" ang="90,0,0" color="0,220,0" radius="0.5" length="4" />
		<capsule pos="-17.25,44.0,2.3000000000000043" vel="0,0,0" mass="1" elasticityCoef="1" ang="90,0,0" color="0,220,0" radius="0.5" length="4" />
		<capsule pos="-17.25,44.0,4.600000000000001" vel="0,0,0" mass="1" elasticityCoef="1" ang="90,0,0" color="0,220,0" radius="0.5" length="4" />
		<capsule pos="-17.25,44.0,6.899999999999999" vel="0,0,0" mass="1" elasticityCoef="1" ang="90,0,0" color="0,220,0" radius="0.5" length="4" />
		<capsule pos="-17.25,44.0,9.200000000000003" vel="0,0,0" mass="1" elasticityCoef="1" ang="90,0,0" color="0,220,0" radius="0.5" length="4" />
		<capsule pos="-17.25,44.0,11.5" vel="0,0,0" mass="1" elasticityCoef="1" ang="90,0,0" color="0,220,0" radius="0.5" length="4" />
		<capsule pos="-17.25,44.0,13.799999999999997" vel="0,0,0" mass="1" elasticityCoef="1" ang="90,0,0" color="0,220,0" radius="0.5" length="4" />
		<capsule pos="-17.25,44.0,16.1" vel="0,0,0" mass="1" elasticityCoef="1" ang="90,0,0" color="0,220,0" radius="0.5" length="4" />
		<capsule pos="-17.25,44.0,18.4" vel="0,0,0" mass="1" elasticityCoef="1" ang="90,0,0" color="0,220,0" radius="0.5" length="4" />
		<capsule pos="-17.25,44.0,20.699999999999996" vel="0,0,0" mass="1" elasticityCoef="1" ang="90,0,0" color="0,220,0" radius="0.5" length="4" />
		<capsule pos="-17.25,44.0,22.999999999999993" vel="0,0,0" mass="1" elasticityCoef="1" ang="90,0,0" color="0,220,0" radius="0.5" length="4" />
		<capsule pos="-17.25,44.0,25.300000000000004" vel="0,0,0" mass="1" elasticityCoef="1" ang="90,0,0" color="0,220,0" radius="0.5" length="4" />
		<capsule pos="-17.25,44.0,27.6" vel="0,0,0" mass="1" elasticityCoef="1" ang="90,0,0" color="0,220,0" radius="0.5" length="4" />
		<capsule pos="-17.25,44.0,29.9" vel="0,0,0" mass="1" elasticityCoef="1" ang="90,0,0" color="0,220,0" radius="0.5" length="4" />
		<capsule pos="-17.25,44.0,32.199999999999996" vel="0,0,0" mass="1" elasticityCoef="1" ang="90,0,0" color="0,220,0" radius="0.5" length="4" />
		<capsule pos="-17.25,44.0,34.49999999999999" vel="0,0,0" mass="1" elasticityCoef="1" ang="90,0,0" color="0,220,0" radius="0.5" length="4" />
		<capsule pos="-17.25,44.0,36.800000000000004" vel="0,0,0" mass="1" elasticityCoef="1" ang="90,0,0" color="0,220,0" radius="0.5" length="4" />
		<capsule pos="-17.25,44.0,39.1" vel="0,0,0" mass="1" elasticityCoef="1" ang="90,0,0" color="0,220,0" radius="0.5" length="4" />
		<capsule pos="-17.25,44.0,41.4" vel="0,0,0" mass="1" elasticityCoef="1" ang="90,0,0" color="0,220,0" radius="0.5" length="4" />
		<capsule pos="-14.95,-49.5,-43.699999999999996" vel="0,0,0" mass="1" elasticityCoef="1" ang="90,0,0" color="0,220,0" radius="0.5" length="4" />
		<capsule pos="-14.95,-49.5,-41.4" vel="0,0,0" mass="1" elasticityCoef="1" ang="90,0,0" color="0,220,0" radius="0.5" length="4" />
		<capsule pos="-14.95,-49.5,-39.099999999999994" vel="0,0,0" mass="1" elasticityCoef="1" ang="90,0,0" color="0,220,0" radius="0.5" length="4" />
		<capsule pos="-14.95,-49.5,-36.8" vel="0,0,0" mass="1" elasticityCoef="1" ang="90,0,0" color="0,220,0" radius="0.5" length="4" />
		<capsule pos="-14.95,-49.5,-34.5" vel="0,0,0" mass="1" elasticityCoef="1" ang="90,0,0" color="0,220,0" radius="0.5" length="4" />
		<capsule pos="-14.95,-49.5,-32.199999999999996" vel="0,0,0" mass="1" elasticityCoef="1" ang="90,0,0" color="0,220,0" radius="0.5" length="4" />
		<capsule pos="-14.95,-49.5,-29.9" vel="0,0,0" mass="1" elasticityCoef="1" ang="90,0,0" color="0,220,0" radius="0.5" length="4" />
		<capsule pos="-14.95,-49.5,-27.599999999999998" vel="0,0,0" mass="1" elasticityCoef="1" ang="90,0,0" color="0,220,0" radius="0.5" length="4" />
		<capsule pos="-14.95,-49.5,-25.299999999999997" vel="0,0,0" mass="1" elasticityCoef="1" ang="90,0,0" color="0,220,0" radius="0.5" length="4" />
		<capsule pos="-14.95,-49.5,-22.999999999999996" vel="0,0,0" mass="1" elasticityCoef="1" ang="90,0,0" color="0,220,0" radius="0.5" length="4" />
		<capsule pos="-14.95,-49.5,-20.699999999999996" vel="0,0,0" mass="1" elasticityCoef="1" ang="90,0,0" color="0,220,0" radius="0.5" length="4" />
		<capsule pos="-14.95,-49.5,-18.4" vel="0,0,0" mass="1" elasticityCoef="1" ang="90,0,0" color="0,220,0" radius="0.5" length="4" />
		<capsule pos="-14.95,-49.5,-16.099999999999998" vel="0,0,0" mass="1" elasticityCoef="1" ang="90,0,0" color="0,220,0" radius="0.5" length="4" />
		<capsule pos="-14.95,-49.5,-13.799999999999997" vel="0,0,0" mass="1" elasticityCoef="1" ang="90,0,0" color="0,220,0" radius="0.5" length="4" />
		<capsule pos="-14.95,-49.5,-11.5" vel="0,0,0" mass="1" elasticityCoef="1" ang="90,0,0" color="0,220,0" radius="0.5" length="4" />
		<capsule pos="-14.95,-49.5,-9.199999999999996" vel="0,0,0" mass="1" elasticityCoef="1" ang="90,0,0" color="0,220,0" radius="0.5" length="4" />
		<capsule pos="-14.95,-49.5,-6.899999999999999" vel="0,0,0" mass="1" elasticityCoef="1" ang="90,0,0" color="0,220,0" radius="0.5" length="4" />
		<capsule pos="-14.95,-49.5,-4.600000000000001" vel="0,0,0" mass="1" elasticityCoef="1" ang="90,0,0" color="0,220,0" radius="0.5" length="4" />
		<capsule pos="-14.95,-49.5,-2.299999999999997" vel="0,0,0" mass="1" elasticityCoef="1" ang="90,0,0" color="0,220,0" radius="0.5" length="4" />
		<capsule pos="-14.95,-49.5,0.0" vel="0,0,0" mass="1" elasticityCoef="1" ang="90,0,0" color="0,220,0" radius="0.5" length="4" />
		<capsule pos="-14.95,-49.5,2.3000000000000043" vel="0,0,0" mass="1" elasticityCoef="1" ang="90,0,0" color="0,220,0" radius="0.5" length="4" />
		<capsule pos="-14.95,-49.5,4.600000000000001" vel="0,0,0" mass="1" elasticityCoef="1" ang="90,0,0" color="0,220,0" radius="0.5" length="4" />
		<capsule pos="-14.95,-49.5,6.899999999999999" vel="0,0,0" mass="1" elasticityCoef="1" ang="90,0,0" color="0,220,0" radius="0.5" length="4" />
		<capsule pos="-14.95,-49.5,9.200000000000003" vel="0,0,0" mass="1" elasticityCoef="1" ang="90,0,0" color="0,220,0" radius="0.5" length="4" />
		<capsule pos="-14.95,-49.5,11.5" vel="0,0,0" mass="1" elasticityCoef="1" ang="90,0,0" color="0,220,0" radius="0.5" length="4" />
		<capsule pos="-14.95,-49.5,13.799999999999997" vel="0,0,0" mass="1" elasticityCoef="1" ang="90,0,0" color="0,220,0" radius="0.5" length="4" />
		<capsule pos="-14.95,-49.5,16.1" vel="0,0,0" mass="1" elasticityCoef="1" ang="90,0,0" color="0,220,0" radius="0.5" length="4" />
		<capsule pos="-14.95,-49.5,18.4" vel="0,0,0" mass="1" elasticityCoef="1" ang="90,0,0" color="0,220,0" radius="0.5" length="4" />
		<capsule pos="-14.95,-49.5,20.699999999999996" vel="0,0,0" mass="1" elasticityCoef="1" ang="90,0,0" color="0,220,0" radius="0.5" length="4" />
		<capsule pos="-14.95,-49.5,22.999999999999993" vel="0,0,0" mass="1" elasticityCoef="1" ang="90,0,0" color="0,220,0" radius="0.5" length="4" />
		<capsule pos="-14.95,-49.5,25.300000000000004" vel="0,0,0" mass="1" elasticityCoef="1" ang="90,0,0" color="0,220,0" radius="0.5" length="4" />
		<capsule pos="-14.95,-49.5,27.6" vel="0,0,0" mass="1" elasticityCoef="1" ang="90,0,0" color="0,220,0" radius="0.5" length="4" />
		<capsule pos="-14.95,-49.5,29.9" vel="0,0,0" mass="1" elasticityCoef="1" ang="90,0,0" color="0,220,0" radius="0.5" length="4" />
		<capsule pos="-14.95,-49.5,32.199999999999996" vel="0,0,0" mass="1" elasticityCoef="1" ang="90,0,0" color="0,220,0" radius="0.5" length="4" />
		<capsule pos="-14.95,-49.5,34.49999999999999" vel="0,0,0" mass="1" elasticityCoef="1" ang="90,0,0" color="0,220,0" radius="0.5" length="4" />
		<capsule pos="-14.95,-49.5,36.800000000000004" vel="0,0,0" mass="1" elasticityCoef="1" ang="90,0,0" color="0,220,0" radius="0.5" length="4" />
		<capsule pos="-14.95,-49.5,39.1" vel="0,0,0" mass="1" elasticityCoef="1" ang="90,0,0" color="0,220,0" radius="0.5" length="4" />
		<capsule pos="-14.95,-49.5,41.4" vel="0,0,0" mass="1" elasticityCoef="1" ang="90,0,0" color="0,220,0" radius="0.5" length="4" />
		<capsule pos="-14.95,-44.0,-43.699999999999996" vel="0,0,0" mass="1" elasticityCoef="1" ang="90,0,0" color="0,220,0" radius="0.5" length="4" />
		<capsule pos="-14.95,-44.0,-41.4" vel="0,0,0" mass="1" elasticityCoef="1" ang="90,0,0" color="0,220,0" radius="0.5" length="4" />
		<capsule pos="-14.95,-44.0,-39.099999999999994" vel="0,0,0" mass="1" elasticityCoef="1" ang="90,0,0" color="0,220,0" radius="0.5" length="4" />
		<capsule pos="-14.95,-44.0,-36.8" vel="0,0,0" mass="1" elasticityCoef="1" ang="90,0,0" color="0,220,0" radius="0.5" length="4" />
		<capsule pos="-14.95,-44.0,-34.5" vel="0,0,0" mass="1" elasticityCoef="1" ang="90,0,0" color="0,220,0" radius="0.5" length="4" />
		<capsule pos="-14.95,-44.0,-32.199999999999996" vel="0,0,0" mass="1" elasticityCoef="1" ang="90,0,0" color="0,220,0" radius="0.5" length="4" />
		<capsule pos="-14.95,-44.0,-29.9" vel="0,0,0" mass="1" elasticityCoef="1" ang="90,0,0" color="0,220,0" radius="0.5" length="4" />
		<capsule pos="-14.95,-44.0,-27.599999999999998" vel="0,0,0" mass="1" elasticityCoef="1" ang="90,0,0" color="0,220,0" radius="0.5" length="4" />
		<capsule pos="-14.95,-44.0,-25.299999999999997" vel="0,0,0" mass="1" elasticityCoef="1" ang="90,0,0" color="0,220,0" radius="0.5" length="4" />
		<capsule pos="-14.95,-44.0,-22.999999999999996" vel="0,0,0" mass="1" elasticityCoef="1" ang="90,0,0" color="0,220,0" radius="0.5" length="4" />
		<capsule pos="-14.95,-44.0,-20.699999999999996" vel="0,0,0" mass="1" elasticityCoef="1" ang="90,0,0" color="0,220,0" radius="0.5" length="4" />
		<capsule pos="-14.95,-44.0,-18.4" vel="0,0,0" mass="1" elasticityCoef="1" ang="90,0,0" color="0,220,0" radius="0.5" length="4" />
		<capsule pos="-14.95,-44.0,-16.099999999999998" vel="0,0,0" mass="1" elasticityCoef="1" ang="90,0,0" color="0,220,0" radius="0.5" length="4" />
		<capsule pos="-14.95,-44.0,-13.799999999999997" vel="0,0,0" mass="1" elasticityCoef="1" ang="90,0,0" color="0,220,0" radius="0.5" length="4" />
		<capsule pos="-14.95,-44.0,-11.5" vel="0,0,0" mass="1" elasticityCoef="1" ang="90,0,0" color="0,220,0" radius="0.5" length="4" />
		<capsule pos="-14.95,-44.0,-9.199999999999996" vel="0,0,0" mass="1" elasticityCoef="1" ang="90,0,0" color="0,220,0" radius="0.5" length="4" />
		<capsule pos="-14.95,-44.0,-6.899999999999999" vel="0,0,0" mass="1" elasticityCoef="1" ang="90,0,0" color="0,220,0" radius="0.5" length="4" />
		<capsule pos="-14.95,-44.0,-4.600000000000001" vel="0,0,0" mass="1" elasticityCoef="1" ang="90,0,0" color="0,220,0" radius="0.5" length="4" />
		<capsule pos="-14.95,-44.0,-2.299999999999997" vel="0,0,0" mass="1" elasticityCoef="1" ang="90,0,0" color="0,220,0" radius="0.5" length="4" />
		<capsule pos="-14.95,-44.0,0.0" vel="0,0,0" mass="1" elasticityCoef="1" ang="90,0,0" color="0,220,0" radius="0.5" length="4" />
		<capsule pos="-14.95,-44.0,2.3000000000000043" vel="0,0,0" mass="1" elasticityCoef="1" ang="90,0,0" color="0,220,0" radius="0.5" length="4" />
		<capsule pos="-14.95,-44.0,4.600000000000001" vel="0,0,0" mass="1" elasticityCoef="1" ang="90,0,0" color="0,220,0" radius="0.5" length="4" />
		<capsule pos="-14.95,-44.0,6.899999999999999" vel="0,0,0" mass="1" elasticityCoef="1" ang="90,0,0" color="0,220,0" radius="0.5" length="4" />
		<capsule pos="-14.95,-44.0,9.200000000000003" vel="0,0,0" mass="1" elasticityCoef="1" ang="90,0,0" color="0,220,0" radius="0.5" length="4" />
		<capsule pos="-14.95,-44.0,11.5" vel="0,0,0" mass="1" elasticityCoef="1" ang="90,0,0" color="0,220,0" radius="0.5" length="4" />
		<capsule pos="-14.95,-44.0,13.799999999999997" vel="0,0,0" mass="1" elasticityCoef="1" ang="90,0,0" color="0,220,0" radius="0.5" length="4" />
		<capsule pos="-14.95,-44.0,16.1" vel="0,0,0" mass="1" elasticityCoef="1" ang="90,0,0" color="0,220,0" radius="0.5" length="4" />
		<capsule pos="-14.95,-44.0,18.4" vel="0,0,0" mass="1" elasticityCoef="1" ang="90,0,0" color="0,220,0" radius="0.5" length="4" />
		<capsule pos="-14.95,-44.0,20.699999999999996" vel="0,0,0" mass="1" elasticityCoef="1" ang="90,0,0" color="0,220,0" radius="0.5" length="4" />
		<capsule pos="-14.95,-44.0,22.999999999999993" vel="0,0,0" mass="1" elasticityCoef="1" ang="90,0,0" color="0,220,0" radius="0.5" length="4" />
		<capsule pos="-14.95,-44.0,25.300000000000004" vel="0,0,0" mass="1" elasticityCoef="1" ang="90,0,0" color="0,220,0" radius="0.5" length="4" />
		<capsule pos="-14.95,-44.0,27.6" vel="0,0,0" mass="1" elasticityCoef="1" ang="90,0,0" color="0,220,0" radius="0.5" length="4" />
		<capsule pos="-14.95,-44.0,29.9" vel="0,0,0" mass="1" elasticityCoef="1" ang="90,0,0" color="0,220,0" radius="0.5" length="4" />
		<capsule pos="-14.95,-44.0,32.199999999999996" vel="0,0,0" mass="1" elasticityCoef="1" ang="90,0,0" color="0,220,0" radius="0.5" length="4" />
		<capsule pos="-14.95,-44.0,34.49999999999999" vel="0,0,0" mass="1" elasticityCoef="1" ang="90,0,0" color="0,220,0" radius="0.5" length="4" />
		<capsule pos="-14.95,-44.0,36.800000000000004" vel="0,0,0" mass="1" elasticityCoef="1" ang="90,0,0" color="0,220,0" radius="0.5" length="4" />
		<capsule pos="-14.95,-44.0,39.1" vel="0,0,0" mass="1" elasticityCoef="1" ang="90,0,0" color="0,220,0" radius="0.5" length="4" />
		<capsule pos="-14.95,-44.0,41.4" vel="0,0,0" mass="1" elasticityCoef="1" ang="90,0,0" color="0,220,0" radius="0.5" length="4" />
		<capsule pos="-14.95,-38.5,-43.699999999999996" vel="0,0,0" mass="1" elasticityCoef="1" ang="90,0,0" color="0,220,0" radius="0.5" length="4" />
		<capsule pos="-14.95,-38.5,-41.4" vel="0,0,0" mass="1" elasticityCoef="1" ang="90,0,0" color="0,220,0" radius="0.5" length="4" />
		<capsule pos="-14.95,-38.5,-39.099999999999994" vel="0,0,0" mass="1" elasticityCoef="1" ang="90,0,0" color="0,220,0" radius="0.5" length="4" />
		<capsule pos="-14.95,-38.5,-36.8" vel="0,0,0" mass="1" elasticityCoef="1" ang="90,0,0" color="0,220,0" radius="0.5" length="4" />
		<capsule pos="-14.95,-38.5,-34.5" vel="0,0,0" mass="1" elasticityCoef="1" ang="90,0,0" color="0,220,0" radius="0.5" length="4" />
		<capsule pos="-14.95,-38.5,-32.199999999999996" vel="0,0,0" mass="1" elasticityCoef="1" ang="90,0,0" color="0,220,0" radius="0.5" length="4" />
		<capsule pos="-14.95,-38.5,-29.9" vel="0,0,0" mass="1" elasticityCoef="1" ang="90,0,0" color="0,220,0" radius="0.5" length="4" />
		<capsule pos="-14.95,-38.5,-27.599999999999998" vel="0,0,0" mass="1" elasticityCoef="1" ang="90,0,0" color="0,220,0" radius="0.5" length="4" />
		<capsule pos="-14.95,-38.5,-25.299999999999997" vel="0,0,0" mass="1" elasticityCoef="1" ang="90,0,0" color="0,220,0" radius="0.5" length="4" />
		<capsule pos="-14.95,-38.5,-22.999999999999996" vel="0,0,0" mass="1" elasticityCoef="1" ang="90,0,0" color="0,220,0" radius="0.5" length="4" />
		<capsule pos="-14.95,-38.5,-20.699999999999996" vel="0,0,0" mass="1" elasticityCoef="1" ang="90,0,0" color="0,220,0" radius="0.5" length="4" />
		<capsule pos="-14.95,-38.5,-18.4" vel="0,0,0" mass="1" elasticityCoef="1" ang="90,0,0" color="0,220,0" radius="0.5" length="4" />
		<capsule pos="-14.95,-38.5,-16.099999999999998" vel="0,0,0" mass="1" elasticityCoef="1" ang="90,0,0" color="0,220,0" radius="0.5" length="4" />
		<capsule pos="-14.95,-38.5,-13.799999999999997" vel="0,0,0" mass="1" elasticityCoef="1" ang="90,0,0" color="0,220,0" radius="0.5" length="4" />
		<capsule pos="-14.95,-38.5,-11.5" vel="0,0,0" mass="1" elasticityCoef="1" ang="90,0,0" color="0,220,0" radius="0.5" length="4" />
		<capsule pos="-14.95,-38.5,-9.199999999999996" vel="0,0,0" mass="1" elasticityCoef="1" ang="90,0,0" color="0,220,0" radius="0.5" length="4" />
		<capsule pos="-14.95,-38.5,-6.899999999999999" vel="0,0,0" mass="1" elasticityCoef="1" ang="90,0,0" color="0,220,0" radius="0.5" length="4" />
		<capsule pos="-14.95,-38.5,-4.600000000000001" vel="0,0,0" mass="1" elasticityCoef="1" ang="90,0,0" color="0,220,0" radius="0.5" length="4" />
		<capsule pos="-14.95,-38.5,-2.299999999999997" vel="0,0,0" mass="1" elasticityCoef="1" ang="90,0,0" color="0,220,0" radius="0.5" length="4" />
		<capsule pos="-14.95,-38.5,0.0" vel="0,0,0" mass="1" elasticityCoef="1" ang="90,0,0" color="0,220,0" radius="0.5" length="4" />
		<capsule pos="-14.95,-38.5,2.3000000000000043" vel="0,0,0" mass="1" elasticityCoef="1" ang="90,0,0" color="0,220,0" radius="0.5" length="4" />
		<capsule pos="-14.95,-38.5,4.600000000000001" vel="0,0,0" mass="1" elasticityCoef="1" ang="90,0,0" color="0,220,0" radius="0.5" length="4" />
		<capsule pos="-14.95,-38.5,6.899999999999999" vel="0,0,0" mass="1" elasticityCoef="1" ang="90,0,0" color="0,220,0" radius="0.5" length="4" />
		<capsule pos="-14.95,-38.5,9.200000000000003" vel="0,0,0" mass="1" elasticityCoef="1" ang="90,0,0" color="0,220,0" radius="0.5" length="4" />
		<capsule pos="-14.95,-38.5,11.5" vel="0,0,0" mass="1" elasticityCoef="1" ang="90,0,0" color="0,220,0" radius="0.5" length="4" />
		<capsule pos="-14.95,-38.5,13.799999999999997" vel="0,0,0" mass="1" elasticityCoef="1" ang="90,0,0" color="0,220,0" radius="0.5" length="4" />
		<capsule pos="-14.95,-38.5,16.1" vel="0,0,0" mass="1" elasticityCoef="1" ang="90,0,0" color="0,220,0" radius="0.5" length="4" />
		<capsule pos="-14.95,-38.5,18.4" vel="0,0,0" mass="1" elasticityCoef="1" ang="90,0,0" color="0,220,0" radius="0.5" length="4" />
		<capsule pos="-14.95,-38.5,20.699999999999996" vel="0,0,0" mass="1" elasticityCoef="1" ang="90,0,0" color="0,220,0" radius="0.5" length="4" />
		<capsule pos="-14.95,-38.5,22.999999999999993" vel="0,0,0" mass="1" elasticityCoef="1" ang="90,0,0" color="0,220,0" radius="0.5" length="4" />
		<capsule pos="-14.95,-38.5,25.300000000000004" vel="0,0,0" mass="1" elasticityCoef="1" ang="90,0,0" color="0,220,0" radius="0.5" length="4" />
		<capsule pos="-14.95,-38.5,27.6" vel="0,0,0" mass="1" elasticityCoef="1" ang="90,0,0" color="0,220,0" radius="0.5" length="4" />
		<capsule pos="-14.95,-38.5,29.9" vel="0,0,0" mass="1" elasticityCoef="1" ang="90,0,0" color="0,220,0" radius="0.5" length="4" />
		<capsule pos="-14.95,-38.5,32.199999999999996" vel="0,0,0" mass="1" elasticityCoef="1" ang="90,0,0" color="0,220,0" radius="0.5" length="4" />
		<capsule pos="-14.95,-38.5,34.49999999999999" vel="0,0,0" mass="1" elasticityCoef="1" ang="90,0,0" color="0,220,0" radius="0.5" length="4" />
		<capsule pos="-14.95,-38.5,36.800000000000004" vel="0,0,0" mass="1" elasticityCoef="1" ang="90,0,0" color="0,220,0" radius="0.5" length="4" />
		<capsule pos="-14.95,-38.5,39.1" vel="0,0,0" mass="1" elasticityCoef="1" ang="90,0,0" color="0,220,0" radius="0.5" length="4" />
		<capsule pos="-14.95,-38.5,41.4" vel="0,0,0" mass="1" elasticityCoef="1" ang="90,0,0" color="0,220,0" radius="0.5" length="4" />
		<capsule pos="-14.95,-33.0,-43.699999999999996" vel="0,0,0" mass="1" elasticityCoef="1" ang="90,0,0" color="0,220,0" radius="0.5" length="4" />
		<capsule pos="-14.95,-33.0,-41.4" vel="0,0,0" mass="1" elasticityCoef="1" ang="90,0,0" color="0,220,0" radius="0.5" length="4" />
		<capsule pos="-14.95,-33.0,-39.099999999999994" vel="0,0,0" mass="1" elasticityCoef="1" ang="90,0,0" color="0,220,0" radius="0.5" length="4" />
		<capsule pos="-14.95,-33.0,-36.8" vel="0,0,0" mass="1" elasticityCoef="1" ang="90,0,0" color="0,220,0" radius="0.5" length="4" />
		<capsule pos="-14.95,-33.0,-34.5" vel="0,0,0" mass="1" elasticityCoef="1" ang="90,0,0" color="0,220,0" radius="0.5" length="4" />
		<capsule pos="-14.95,-33.0,-32.199999999999996" vel="0,0,0" mass="1" elasticityCoef="1" ang="90,0,0" color="0,220,0" radius="0.5" length="4" />
		<capsule pos="-14.95,-33.0,-29.9" vel="0,0,0" mass="1" elasticityCoef="1" ang="90,0,0" color="0,220,0" radius="0.5" length="4" />
		<capsule pos="-14.95,-33.0,-27.599999999999998" vel="0,0,0" mass="1" elasticityCoef="1" ang="90,0,0" color="0,220,0" radius="0.5" length="4" />
		<capsule pos="-14.95,-33.0,-25.299999999999997" vel="0,0,0" mass="1" elasticityCoef="1" ang="90,0,0" color="0,220,0" radius="0.5" length="4" />
		<capsule pos="-14.95,-33.0,-22.999999999999996" vel="0,0,0" mass="1" elasticityCoef="1" ang="90,0,0" color="0,220,0" radius="0.5" length="4" />
		<capsule pos="-14.95,-33.0,-20.699999999999996" vel="0,0,0" mass="1" elasticityCoef="1" ang="90,0,0" color="0,220,0" radius="0.5" length="4" />
		<capsule pos="-14.95,-33.0,-18.4" vel="0,0,0" mass="1" elasticityCoef="1" ang="90,0,0" color="0,220,0" radius="0.5" length="4" />
		<capsule pos="-14.95,-33.0,-16.099999999999998" vel="0,0,0" mass="1" elasticityCoef="1" ang="90,0,0" color="0,220,0" radius="0.5" length="4" />
		<capsule pos="-14.95,-33.0,-13.799999999999997" vel="0,0,0" mass="1" elasticityCoef="1" ang="90,0,0" color="0,220,0" radius="0.5" length="4" />
		<capsule pos="-14.95,-33.0,-11.5" vel="0,0,0" mass="1" elasticityCoef="1" ang="90,0,0" color="0,220,0" radius="0.5" length="4" />
		<capsule pos="-14.95,-33.0,-9.199999999999996" vel="0,0,0" mass="1" elasticityCoef="1" ang="90,0,0" color="0,220,0" radius="0.5" length="4" />
		<capsule pos="-14.95,-33.0,-6.899999999999999" vel="0,0,0" mass="1" elasticityCoef="1" ang="90,0,0" color="0,220,0" radius="0.5" length="4" />
		<capsule pos="-14.95,-33.0,-4.600000000000001" vel="0,0,0" mass="1" elasticityCoef="1" ang="90,0,0" color="0,220,0" radius="0.5" length="4" />
		<capsule pos="-14.95,-33.0,-2.299999999999997" vel="0,0,0" mass="1" elasticityCoef="1" ang="90,0,0" color="0,220,0" radius="0.5" length="4" />
		<capsule pos="-14.95,-33.0,0.0" vel="0,0,0" mass="1" elasticityCoef="1" ang="90,0,0" color="0,220,0" radius="0.5" length="4" />
		<capsule pos="-14.95,-33.0,2.3000000000000043" vel="0,0,0" mass="1" elasticityCoef="1" ang="90,0,0" color="0,220,0" radius="0.5" length="4" />
		<capsule pos="-14.95,-33.0,4.600000000000001" vel="0,0,0" mass="1" elasticityCoef="1" ang="90,0,0" color="0,220,0" radius="0.5" length="4" />
		<capsule pos="-14.95,-33.0,6.899999999999999" vel="0,0,0" mass="1" elasticityCoef="1" ang="90,0,0" color="0,220,0" radius="0.5" length="4" />
		<capsule pos="-14.95,-33.0,9.200000000000003" vel="0,0,0" mass="1" elasticityCoef="1" ang="90,0,0" color="0,220,0" radius="0.5" length="4" />
		<capsule pos="-14.95,-33.0,11.5" vel="0,0,0" mass="1" elasticityCoef="1" ang="90,0,0" color="0,220,0" radius="0.5" length="4" />
		<capsule pos="-14.95,-33.0,13.799999999999997" vel="0,0,0" mass="1" elasticityCoef="1" ang="90,0,0" color="0,220,0" radius="0.5" length="4" />
		<capsule pos="-14.95,-33.0,16.1" vel="0,0,0" mass="1" elasticityCoef="1" ang="90,0,0" color="0,220,0" radius="0.5" length="4" />
		<capsule pos="-14.95,-33.0,18.4" vel="0,0,0" mass="1" elasticityCoef="1" ang="90,0,0" color="0,220,0" radius="0.5" length="4" />
		<capsule pos="-14.95,-33.0,20.699999999999996" vel="0,0,0" mass="1" elasticityCoef="1" ang="90,0,0" color="0,220,0" radius="0.5" length="4" />
		<capsule pos="-14.95,-33.0,22.999999999999993" vel="0,0,0" mass="1" elasticityCoef="1" ang="90,0,0" color="0,220,0" radius="0.5" length="4" />
		<capsule pos="-14.95,-33.0,25.300000000000004" vel="0,0,0" mass="1" elasticityCoef="1" ang="90,0,0" color="0,220,0" radius="0.5" length="4" />
		<capsule pos="-14.95,-33.0,27.6" vel="0,0,0" mass="1" elasticityCoef="1" ang="90,0,0" color="0,220,0" radius="0.5" length="4" />
		<capsule pos="-14.95,-33.0,29.9" vel="0,0,0" mass="1" elasticityCoef="1" ang="90,0,0" color="0,220,0" radius="0.5" length="4" />
		<capsule pos="-14.95,-33.0,32.199999999999996" vel="0,0,0" mass="1" elasticityCoef="1" ang="90,0,0" color="0,220,0" radius="0.5" length="4" />
		<capsule pos="-14.95,-33.0,34.49999999999999" vel="0,0,0" mass="1" elasticityCoef="1" ang="90,0,0" color="0,220,0" radius="0.5" length="4" />
		<capsule pos="-14.95,-33.0,36.800000000000004" vel="0,0,0" mass="1" elasticityCoef="1" ang="90,0,0" color="0,220,0" radius="0.5" length="4" />
		<capsule pos="-14.95,-33.0,39.1" vel="0,0,0" mass="1" elasticityCoef="1" ang="90,0,0" color="0,220,0" radius="0.5" length="4" />
		<capsule pos="-14.95,-33.0,41.4" vel="0,0,0" mass="1" elasticityCoef="1" ang="90,0,0" color="0,220,0" radius="0.5" length="4" />
		<capsule pos="-14.95,-27.5,-43.699999999999996" vel="0,0,0" mass="1" elasticityCoef="1" ang="90,0,0" color="0,220,0" radius="0.5" length="4" />
		<capsule pos="-14.95,-27.5,-41.4" vel="0,0,0" mass="1" elasticityCoef="1" ang="90,0,0" color="0,220,0" radius="0.5" length="4" />
		<capsule pos="-14.95,-27.5,-39.099999999999994" vel="0,0,0" mass="1" elasticityCoef="1" ang="90,0,0" color="0,220,0" radius="0.5" length="4" />
		<capsule pos="-14.95,-27.5,-36.8" vel="0,0,0" mass="1" elasticityCoef="1" ang="90,0,0" color="0,220,0" radius="0.5" length="4" />
		<capsule pos="-14.95,-27.5,-34.5" vel="0,0,0" mass="1" elasticityCoef="1" ang="90,0,0" color="0,220,0" radius="0.5" length="4" />
		<capsule pos="-14.95,-27.5,-32.199999999999996" vel="0,0,0" mass="1" elasticityCoef="1" ang="90,0,0" color="0,220,0" radius="0.5" length="4" />
		<capsule pos="-14.95,-27.5,-29.9" vel="0,0,0" mass="1" elasticityCoef="1" ang="90,0,0" color="0,220,0" radius="0.5" length="4" />
		<capsule pos="-14.95,-27.5,-27.599999999999998" vel="0,0,0" mass="1" elasticityCoef="1" ang="90,0,0" color="0,220,0" radius="0.5" length="4" />
		<capsule pos="-14.95,-27.5,-25.299999999999997" vel="0,0,0" mass="1" elasticityCoef="1" ang="90,0,0" color="0,220,0" radius="0.5" length="4" />
		<capsule pos="-14.95,-27.5,-22.999999999999996" vel="0,0,0" mass="1" elasticityCoef="1" ang="90,0,0" color="0,220,0" radius="0.5" length="4" />
		<capsule pos="-14.95,-27.5,-20.699999999999996" vel="0,0,0" mass="1" elasticityCoef="1" ang="90,0,0" color="0,220,0" radius="0.5" length="4" />
		<capsule pos="-14.95,-27.5,-18.4" vel="0,0,0" mass="1" elasticityCoef="1" ang="90,0,0" color="0,220,0" radius="0.5" length="4" />
		<capsule pos="-14.95,-27.5,-16.099999999999998" vel="0,0,0" mass="1" elasticityCoef="1" ang="90,0,0" color="0,220,0" radius="0.5" length="4" />
		<capsule pos="-14.95,-27.5,-13.799999999999997" vel="0,0,0" mass="1" elasticityCoef="1" ang="90,0,0" color="0,220,0" radius="0.5" length="4" />
		<capsule pos="-14.95,-27.5,-11.5" vel="0,0,0" mass="1" elasticityCoef="1" ang="90,0,0" color="0,220,0" radius="0.5" length="4" />
		<capsule pos="-14.95,-27.5,-9.199999999999996" vel="0,0,0" mass="1" elasticityCoef="1" ang="90,0,0" color="0,220,0" radius="0.5" length="4" />
		<capsule pos="-14.95,-27.5,-6.899999999999999" vel="0,0,0" mass="1" elasticityCoef="1" ang="90,0,0" color="0,220,0" radius="0.5" length="4" />
		<capsule pos="-14.95,-27.5,-4.600000000000001" vel="0,0,0" mass="1" elasticityCoef="1" ang="90,0,0" color="0,220,0" radius="0.5" length="4" />
		<capsule pos="-14.95,-27.5,-2.299999999999997" vel="0,0,0" mass="1" elasticityCoef="1" ang="90,0,0" color="0,220,0" radius="0.5" length="4" />
		<capsule pos="-14.95,-27.5,0.0" vel="0,0,0" mass="1" elasticityCoef="1" ang="90,0,0" color="0,220,0" radius="0.5" length="4" />
		<capsule pos="-14.95,-27.5,2.3000000000000043" vel="0,0,0" mass="1" elasticityCoef="1" ang="90,0,0" color="0,220,0" radius="0.5" length="4" />
		<capsule pos="-14.95,-27.5,4.600000000000001" vel="0,0,0" mass="1" elasticityCoef="1" ang="90,0,0" color="0,220,0" radius="0.5" length="4" />
		<capsule pos="-14.95,-27.5,6.899999999999999" vel="0,0,0" mass="1" elasticityCoef="1" ang="90,0,0" color="0,220,0" radius="0.5" length="4" />
		<capsule pos="-14.95,-27.5,9.200000000000003" vel="0,0,0" mass="1" elasticityCoef="1" ang="90,0,0" color="0,220,0" radius="0.5" length="4" />
		<capsule pos="-14.95,-27.5,11.5" vel="0,0,0" mass="1" elasticityCoef="1" ang="90,0,0" color="0,220,0" radius="0.5" length="4" />
		<capsule pos="-14.95,-27.5,13.799999999999997" vel="0,0,0" mass="1" elasticityCoef="1" ang="90,0,0" color="0,220,0" radius="0.5" length="4" />
		<capsule pos="-14.95,-27.5,16.1" vel="0,0,0" mass="1" elasticityCoef="1" ang="90,0,0" color="0,220,0" radius="0.5" length="4" />
		<capsule pos="-14.95,-27.5,18.4" vel="0,0,0" mass="1" elasticityCoef="1" ang="90,0,0" color="0,220,0" radius="0.5" length="4" />
		<capsule pos="-14.95,-27.5,20.699999999999996" vel="0,0,0" mass="1" elasticityCoef="1" ang="90,0,0" color="0,220,0" radius="0.5" length="4" />
		<capsule pos="-14.95,-27.5,22.999999999999993" vel="0,0,0" mass="1" elasticityCoef="1" ang="90,0,0" color="0,220,0" radius="0.5" length="4" />
		<capsule pos="-14.95,-27.5,25.300000000000004" vel="0,0,0" mass="1" elasticityCoef="1" ang="90,0,0" color="0,220,0" radius="0.5" length="4" />
		<capsule pos="-14.95,-27.5,27.6" vel="0,0,0" mass="1" elasticityCoef="1" ang="90,0,0" color="0,220,0" radius="0.5" length="4" />
		<capsule pos="-14.95,-27.5,29.9" vel="0,0,0" mass="1" elasticityCoef="1" ang="90,0,0" color="0,220,0" radius="0.5" length="4" />
		<capsule pos="-14.95,-27.5,32.199999999999996" vel="0,0,0" mass="1" elasticityCoef="1" ang="90,0,0" color="0,220,0" radius="0.5" length="4" />
		<capsule pos="-14.95,-27.5,34.49999999999999" vel="0,0,0" mass="1" elasticityCoef="1" ang="90,0,0" color="0,220,0" radius="0.5" length="4" />
		<capsule pos="-14.95,-27.5,36.800000000000004" vel="0,0,0" mass="1" elasticityCoef="1" ang="90,0,0" color="0,220,0" radius="0.5" length="4" />
		<capsule pos="-14.95,-27.5,39.1" vel="0,0,0" mass="1" elasticityCoef="1" ang="90,0,0" color="0,220,0" radius="0.5" length="4" />
		<capsule pos="-14.95,-27.5,41.4" vel="0,0,0" mass="1" elasticityCoef="1" ang="90,0,0" color="0,220,0" radius="0.5" length="4" />
		<capsule pos="-14.95,-22.0,-43.699999999999996" vel="0,0,0" mass="1" elasticityCoef="1" ang="90,0,0" color="0,220,0" radius="0.5" length="4" />
		<capsule pos="-14.95,-22.0,-41.4" vel="0,0,0" mass="1" elasticityCoef="1" ang="90,0,0" color="0,220,0" radius="0.5" length="4" />
		<capsule pos="-14.95,-22.0,-39.099999999999994" vel="0,0,0" mass="1" elasticityCoef="1" ang="90,0,0" color="0,220,0" radius="0.5" length="4" />
		<capsule pos="-14.95,-22.0,-36.8" vel="0,0,0" mass="1" elasticityCoef="1" ang="90,0,0" color="0,220,0" radius="0.5" length="4" />
		<capsule pos="-14.95,-22.0,-34.5" vel="0,0,0" mass="1" elasticityCoef="1" ang="90,0,0" color="0,220,0" radius="0.5" length="4" />
		<capsule pos="-14.95,-22.0,-32.199999999999996" vel="0,0,0" mass="1" elasticityCoef="1" ang="90,0,0" color="0,220,0" radius="0.5" length="4" />
		<capsule pos="-14.95,-22.0,-29.9" vel="0,0,0" mass="1" elasticityCoef="1" ang="90,0,0" color="0,220,0" radius="0.5" length="4" />
		<capsule pos="-14.95,-22.0,-27.599999999999998" vel="0,0,0" mass="1" elasticityCoef="1" ang="90,0,0" color="0,220,0" radius="0.5" length="4" />
		<capsule pos="-14.95,-22.0,-25.299999999999997" vel="0,0,0" mass="1" elasticityCoef="1" ang="90,0,0" color="0,220,0" radius="0.5" length="4" />
		<capsule pos="-14.95,-22.0,-22.999999999999996" vel="0,0,0" mass="1" elasticityCoef="1" ang="90,0,0" color="0,220,0" radius="0.5" length="4" />
		<capsule pos="-14.95,-22.0,-20.699999999999996" vel="0,0,0" mass="1" elasticityCoef="1" ang="90,0,0" color="0,220,0" radius="0.5" length="4" />
		<capsule pos="-14.95,-22.0,-18.4" vel="0,0,0" mass="1" elasticityCoef="1" ang="90,0,0" color="0,220,0" radius="0.5" length="4" />
		<capsule pos="-14.95,-22.0,-16.099999999999998" vel="0,0,0" mass="1" elasticityCoef="1" ang="90,0,0" color="0,220,0" radius="0.5" length="4" />
		<capsule pos="-14.95,-22.0,-13.799999999999997" vel="0,0,0" mass="1" elasticityCoef="1" ang="90,0,0" color="0,220,0" radius="0.5" length="4" />
		<capsule pos="-14.95,-22.0,-11.5" vel="0,0,0" mass="1" elasticityCoef="1" ang="90,0,0" color="0,220,0" radius="0.5" length="4" />
		<capsule pos="-14.95,-22.0,-9.199999999999996" vel="0,0,0" mass="1" elasticityCoef="1" ang="90,0,0" color="0,220,0" radius="0.5" length="4" />
		<capsule pos="-14.95,-22.0,-6.899999999999999" vel="0,0,0" mass="1" elasticityCoef="1" ang="90,0,0" color="0,220,0" radius="0.5" length="4" />
		<capsule pos="-14.95,-22.0,-4.600000000000001" vel="0,0,0" mass="1" elasticityCoef="1" ang="90,0,0" color="0,220,0" radius="0.5" length="4" />
		<capsule pos="-14.95,-22.0,-2.299999999999997" vel="0,0,0" mass="1" elasticityCoef="1" ang="90,0,0" color="0,220,0" radius="0.5" length="4" />
		<capsule pos="-14.95,-22.0,0.0" vel="0,0,0" mass="1" elasticityCoef="1" ang="90,0,0" color="0,220,0" radius="0.5" length="4" />
		<capsule pos="-14.95,-22.0,2.3000000000000043" vel="0,0,0" mass="1" elasticityCoef="1" ang="90,0,0" color="0,220,0" radius="0.5" length="4" />
		<capsule pos="-14.95,-22.0,4.600000000000001" vel="0,0,0" mass="1" elasticityCoef="1" ang="90,0,0" color="0,220,0" radius="0.5" length="4" />
		<capsule pos="-14.95,-22.0,6.899999999999999" vel="0,0,0" mass="1" elasticityCoef="1" ang="90,0,0" color="0,220,0" radius="0.5" length="4" />
		<capsule pos="-14.95,-22.0,9.200000000000003" vel="0,0,0" mass="1" elasticityCoef="1" ang="90,0,0" color="0,220,0" radius="0.5" length="4" />
		<capsule pos="-14.95,-22.0,11.5" vel="0,0,0" mass="1" elasticityCoef="1" ang="90,0,0" color="0,220,0" radius="0.5" length="4" />
		<capsule pos="-14.95,-22.0,13.799999999999997" vel="0,0,0" mass="1" elasticityCoef="1" ang="90,0,0" color="0,220,0" radius="0.5" length="4" />
		<capsule pos="-14.95,-22.0,16.1" vel="0,0,0" mass="1" elasticityCoef="1" ang="90,0,0" color="0,220,0" radius="0.5" length="4" />
		<capsule pos="-14.95,-22.0,18.4" vel="0,0,0" mass="1" elasticityCoef="1" ang="90,0,0" color="0,220,0" radius="0.5" length="4" />
		<capsule pos="-14.95,-22.0,20.699999999999996" vel="0,0,0" mass="1" elasticityCoef="1" ang="90,0,0" color="0,220,0" radius="0.5" length="4" />
		<capsule pos="-14.95,-22.0,22.999999999999993" vel="0,0,0" mass="1" elasticityCoef="1" ang="90,0,0" color="0,220,0" radius="0.5" length="4" />
		<capsule pos="-14.95,-22.0,25.300000000000004" vel="0,0,0" mass="1" elasticityCoef="1" ang="90,0,0" color="0,220,0" radius="0.5" length="4" />
		<capsule pos="-14.95,-22.0,27.6" vel="0,0,0" mass="1" elasticityCoef="1" ang="90,0,0" color="0,220,0" radius="0.5" length="4" />
		<capsule pos="-14.95,-22.0,29.9" vel="0,0,0" mass="1" elasticityCoef="1" ang="90,0,0" color="0,220,0" radius="0.5" length="4" />
		<capsule pos="-14.95,-22.0,32.199999999999996" vel="0,0,0" mass="1" elasticityCoef="1" ang="90,0,0" color="0,220,0" radius="0.5" length="4" />
		<capsule pos="-14.95,-22.0,34.49999999999999" vel="0,0,0" mass="1" elasticityCoef="1" ang="90,0,0" color="0,220,0" radius="0.5" length="4" />
		<capsule pos="-14.95,-22.0,36.800000000000004" vel="0,0,0" mass="1" elasticityCoef="1" ang="90,0,0" color="0,220,0" radius="0.5" length="4" />
		<capsule pos="-14.95,-22.0,39.1" vel="0,0,0" mass="1" elasticityCoef="1" ang="90,0,0" color="0,220,0" radius="0.5" length="4" />
		<capsule pos="-14.95,-22.0,41.4" vel="0,0,0" mass="1" elasticityCoef="1" ang="90,0,0" color="0,220,0" radius="0.5" length="4" />
		<capsule pos="-14.95,-16.5,-43.699999999999996" vel="0,0,0" mass="1" elasticityCoef="1" ang="90,0,0" color="0,220,0" radius="0.5" length="4" />
		<capsule pos="-14.95,-16.5,-41.4" vel="0,0,0" mass="1" elasticityCoef="1" ang="90,0,0" color="0,220,0" radius="0.5" length="4" />
		<capsule pos="-14.95,-16.5,-39.099999999999994" vel="0,0,0" mass="1" elasticityCoef="1" ang="90,0,0" color="0,220,0" radius="0.5" length="4" />
		<capsule pos="-14.95,-16.5,-36.8" vel="0,0,0" mass="1" elasticityCoef="1" ang="90,0,0" color="0,220,0" radius="0.5" length="4" />
		<capsule pos="-14.95,-16.5,-34.5" vel="0,0,0" mass="1" elasticityCoef="1" ang="90,0,0" color="0,220,0" radius="0.5" length="4" />
		<capsule pos="-14.95,-16.5,-32.199999999999996" vel="0,0,0" mass="1" elasticityCoef="1" ang="90,0,0" color="0,220,0" radius="0.5" length="4" />
		<capsule pos="-14.95,-16.5,-29.9" vel="0,0,0" mass="1" elasticityCoef="1" ang="90,0,0" color="0,220,0" radius="0.5" length="4" />
		<capsule pos="-14.95,-16.5,-27.599999999999998" vel="0,0,0" mass="1" elasticityCoef="1" ang="90,0,0" color="0,220,0" radius="0.5" length="4" />
		<capsule pos="-14.95,-16.5,-25.299999999999997" vel="0,0,0" mass="1" elasticityCoef="1" ang="90,0,0" color="0,220,0" radius="0.5" length="4" />
		<capsule pos="-14.95,-16.5,-22.999999999999996" vel="0,0,0" mass="1" elasticityCoef="1" ang="90,0,0" color="0,220,0" radius="0.5" length="4" />
		<capsule pos="-14.95,-16.5,-20.699999999999996" vel="0,0,0" mass="1" elasticityCoef="1" ang="90,0,0" color="0,220,0" radius="0.5" length="4" />
		<capsule pos="-14.95,-16.5,-18.4" vel="0,0,0" mass="1" elasticityCoef="1" ang="90,0,0" color="0,220,0" radius="0.5" length="4" />
		<capsule pos="-14.95,-16.5,-16.099999999999998" vel="0,0,0" mass="1" elasticityCoef="1" ang="90,0,0" color="0,220,0" radius="0.5" length="4" />
		<capsule pos="-14.95,-16.5,-13.799999999999997" vel="0,0,0" mass="1" elasticityCoef="1" ang="90,0,0" color="0,220,0" radius="0.5" length="4" />
		<capsule pos="-14.95,-16.5,-11.5" vel="0,0,0" mass="1" elasticityCoef="1" ang="90,0,0" color="0,220,0" radius="0.5" length="4" />
		<capsule pos="-14.95,-16.5,-9.199999999999996" vel="0,0,0" mass="1" elasticityCoef="1" ang="90,0,0" color="0,220,0" radius="0.5" length="4" />
		<capsule pos="-14.95,-16.5,-6.899999999999999" vel="0,0,0" mass="1" elasticityCoef="1" ang="90,0,0" color="0,220,0" radius="0.5" length="4" />
		<capsule pos="-14.95,-16.5,-4.600000000000001" vel="0,0,0" mass="1" elasticityCoef="1" ang="90,0,0" color="0,220,0" radius="0.5" length="4" />
		<capsule pos="-14.95,-16.5,-2.299999999999997" vel="0,0,0" mass="1" elasticityCoef="1" ang="90,0,0" color="0,220,0" radius="0.5" length="4" />
		<capsule pos="-14.95,-16.5,0.0" vel="0,0,0" mass="1" elasticityCoef="1" ang="90,0,0" color="0,220,0" radius="0.5" length="4" />
		<capsule pos="-14.95,-16.5,2.3000000000000043" vel="0,0,0" mass="1" elasticityCoef="1" ang="90,0,0" color="0,220,0" radius="0.5" length="4" />
		<capsule pos="-14.95,-16.5,4.600000000000001" vel="0,0,0" mass="1" elasticityCoef="1" ang="90,0,0" color="0,220,0" radius="0.5" length="4" />
		<capsule pos="-14.95,-16.5,6.899999999999999" vel="0,0,0" mass="1" elasticityCoef="1" ang="90,0,0" color="0,220,0" radius="0.5" length="4" />
		<capsule pos="-14.95,-16.5,9.200000000000003" vel="0,0,0" mass="1" elasticityCoef="1" ang="90,0,0" color="0,220,0" radius="0.5" length="4" />
		<capsule pos="-14.95,-16.5,11.5" vel="0,0,0" mass="1" elasticityCoef="1" ang="90,0,0" color="0,220,0" radius="0.5" length="4" />
		<capsule pos="-14.95,-16.5,13.799999999999997" vel="0,0,0" mass="1" elasticityCoef="1" ang="90,0,0" color="0,220,0" radius="0.5" length="4" />
		<capsule pos="-14.95,-16.5,16.1" vel="0,0,0" mass="1" elasticityCoef="1" ang="90,0,0" color="0,220,0" radius="0.5" length="4" />
		<capsule pos="-14.95,-16.5,18.4" vel="0,0,0" mass="1" elasticityCoef="1" ang="90,0,0" color="0,220,0" radius="0.5" length="4" />
		<capsule pos="-14.95,-16.5,20.699999999999996" vel="0,0,0" mass="1" elasticityCoef="1" ang="90,0,0" color="0,220,0" radius="0.5" length="4" />
		<capsule pos="-14.95,-16.5,22.999999999999993" vel="0,0,0" mass="1" elasticityCoef="1" ang="90,0,0" color="0,220,0" radius="0.5" length="4" />
		<capsule pos="-14.95,-16.5,25.300000000000004" vel="0,0,0" mass="1" elasticityCoef="1" ang="90,0,0" color="0,220,0" radius="0.5" length="4" />
		<capsule pos="-14.95,-16.5,27.6" vel="0,0,0" mass="1" elasticityCoef="1" ang="90,0,0" color="0,220,0" radius="0.5" length="4" />
		<capsule pos="-14.95,-16.5,29.9" vel="0,0,0" mass="1" elasticityCoef="1" ang="90,0,0" color="0,220,0" radius="0.5" length="4" />
		<capsule pos="-14.95,-16.5,32.199999999999996" vel="0,0,0" mass="1" elasticityCoef="1" ang="90,0,0" color="0,220,0" radius="0.5" length="4" />
		<capsule pos="-14.95,-16.5,34.49999999999999" vel="0,0,0" mass="1" elasticityCoef="1" ang="90,0,0" color="0,220,0" radius="0.5" length="4" />
		<capsule pos="-14.95,-16.5,36.800000000000004" vel="0,0,0" mass="1" elasticityCoef="1" ang="90,0,0" color="0,220,0" radius="0.5" length="4" />
		<capsule pos="-14.95,-16.5,39.1" vel="0,0,0" mass="1" elasticityCoef="1" ang="90,0,0" color="0,220,0" radius="0.5" length="4" />
		<capsule pos="-14.95,-16.5,41.4" vel="0,0,0" mass="1" elasticityCoef="1" ang="90,0,0" color="0,220,0" radius="0.5" length="4" />
		<capsule pos="-14.95,-11.0,-43.699999999999996" vel="0,0,0" mass="1" elasticityCoef="1" ang="90,0,0" color="0,220,0" radius="0.5" length="4" />
		<capsule pos="-14.95,-11.0,-41.4" vel="0,0,0" mass="1" elasticityCoef="1" ang="90,0,0" color="0,220,0" radius="0.5" length="4" />
		<capsule pos="-14.95,-11.0,-39.099999999999994" vel="0,0,0" mass="1" elasticityCoef="1" ang="90,0,0" color="0,220,0" radius="0.5" length="4" />
		<capsule pos="-14.95,-11.0,-36.8" vel="0,0,0" mass="1" elasticityCoef="1" ang="90,0,0" color="0,220,0" radius="0.5" length="4" />
		<capsule pos="-14.95,-11.0,-34.5" vel="0,0,0" mass="1" elasticityCoef="1" ang="90,0,0" color="0,220,0" radius="0.5" length="4" />
		<capsule pos="-14.95,-11.0,-32.199999999999996" vel="0,0,0" mass="1" elasticityCoef="1" ang="90,0,0" color="0,220,0" radius="0.5" length="4" />
		<capsule pos="-14.95,-11.0,-29.9" vel="0,0,0" mass="1" elasticityCoef="1" ang="90,0,0" color="0,220,0" radius="0.5" length="4" />
		<capsule pos="-14.95,-11.0,-27.599999999999998" vel="0,0,0" mass="1" elasticityCoef="1" ang="90,0,0" color="0,220,0" radius="0.5" length="4" />
		<capsule pos="-14.95,-11.0,-25.299999999999997" vel="0,0,0" mass="1" elasticityCoef="1" ang="90,0,0" color="0,220,0" radius="0.5" length="4" />
		<capsule pos="-14.95,-11.0,-22.999999999999996" vel="0,0,0" mass="1" elasticityCoef="1" ang="90,0,0" color="0,220,0" radius="0.5" length="4" />
		<capsule pos="-14.95,-11.0,-20.699999999999996" vel="0,0,0" mass="1" elasticityCoef="1" ang="90,0,0" color="0,220,0" radius="0.5" length="4" />
		<capsule pos="-14.95,-11.0,-18.4" vel="0,0,0" mass="1" elasticityCoef="1" ang="90,0,0" color="0,220,0" radius="0.5" length="4" />
		<capsule pos="-14.95,-11.0,-16.099999999999998" vel="0,0,0" mass="1" elasticityCoef="1" ang="90,0,0" color="0,220,0" radius="0.5" length="4" />
		<capsule pos="-14.95,-11.0,-13.799999999999997" vel="0,0,0" mass="1" elasticityCoef="1" ang="90,0,0" color="0,220,0" radius="0.5" length="4" />
		<capsule pos="-14.95,-11.0,-11.5" vel="0,0,0" mass="1" elasticityCoef="1" ang="90,0,0" color="0,220,0" radius="0.5" length="4" />
		<capsule pos="-14.95,-11.0,-9.199999999999996" vel="0,0,0" mass="1" elasticityCoef="1" ang="90,0,0" color="0,220,0" radius="0.5" length="4" />
		<capsule pos="-14.95,-11.0,-6.899999999999999" vel="0,0,0" mass="1" elasticityCoef="1" ang="90,0,0" color="0,220,0" radius="0.5" length="4" />
		<capsule pos="-14.95,-11.0,-4.600000000000001" vel="0,0,0" mass="1" elasticityCoef="1" ang="90,0,0" color="0,220,0" radius="0.5" length="4" />
		<capsule pos="-14.95,-11.0,-2.299999999999997" vel="0,0,0" mass="1" elasticityCoef="1" ang="90,0,0" color="0,220,0" radius="0.5" length="4" />
		<capsule pos="-14.95,-11.0,0.0" vel="0,0,0" mass="1" elasticityCoef="1" ang="90,0,0" color="0,220,0" radius="0.5" length="4" />
		<capsule pos="-14.95,-11.0,2.3000000000000043" vel="0,0,0" mass="1" elasticityCoef="1" ang="90,0,0" color="0,220,0" radius="0.5" length="4" />
		<capsule pos="-14.95,-11.0,4.600000000000001" vel="0,0,0" mass="1" elasticityCoef="1" ang="90,0,0" color="0,220,0" radius="0.5" length="4" />
		<capsule pos="-14.95,-11.0,6.899999999999999" vel="0,0,0" mass="1" elasticityCoef="1" ang="90,0,0" color="0,220,0" radius="0.5" length="4" />
		<capsule pos="-14.95,-11.0,9.200000000000003" vel="0,0,0" mass="1" elasticityCoef="1" ang="90,0,0" color="0,220,0" radius="0.5" length="4" />
		<capsule pos="-14.95,-11.0,11.5" vel="0,0,0" mass="1" elasticityCoef="1" ang="90,0,0" color="0,220,0" radius="0.5" length="4" />
		<capsule pos="-14.95,-11.0,13.799999999999997" vel="0,0,0" mass="1" elasticityCoef="1" ang="90,0,0" color="0,220,0" radius="0.5" length="4" />
		<capsule pos="-14.95,-11.0,16.1" vel="0,0,0" mass="1" elasticityCoef="1" ang="90,0,0" color="0,220,0" radius="0.5" length="4" />
		<capsule pos="-14.95,-11.0,18.4" vel="0,0,0" mass="1" elasticityCoef="1" ang="90,0,0" color="0,220,0" radius="0.5" length="4" />
		<capsule pos="-14.95,-11.0,20.699999999999996" vel="0,0,0" mass="1" elasticityCoef="1" ang="90,0,0" color="0,220,0" radius="0.5" length="4" />
		<capsule pos="-14.95,-11.0,22.999999999999993" vel="0,0,0" mass="1" elasticityCoef="1" ang="90,0,0" color="0,220,0" radius="0.5" length="4" />
		<capsule pos="-14.95,-11.0,25.300000000000004" vel="0,0,0" mass="1" elasticityCoef="1" ang="90,0,0" color="0,220,0" radius="0.5" length="4" />
		<capsule pos="-14.95,-11.0,27.6" vel="0,0,0" mass="1" elasticityCoef="1" ang="90,0,0" color="0,220,0" radius="0.5" length="4" />
		<capsule pos="-14.95,-11.0,29.9" vel="0,0,0" mass="1" elasticityCoef="1" ang="90,0,0" color="0,220,0" radius="0.5" length="4" />
		<capsule pos="-14.95,-11.0,32.199999999999996" vel="0,0,0" mass="1" elasticityCoef="1" ang="90,0,0" color="0,220,0" radius="0.5" length="4" />
		<capsule pos="-14.95,-11.0,34.49999999999999" vel="0,0,0" mass="1" elasticityCoef="1" ang="90,0,0" color="0,220,0" radius="0.5" length="4" />
		<capsule pos="-14.95,-11.0,36.800000000000004" vel="0,0,0" mass="1" elasticityCoef="1" ang="90,0,0" color="0,220,0" radius="0.5" length="4" />
		<capsule pos="-14.95,-11.0,39.1" vel="0,0,0" mass="1" elasticityCoef="1" ang="90,0,0" color="0,220,0" radius="0.5" length="4" />
		<capsule pos="-14.95,-11.0,41.4" vel="0,0,0" mass="1" elasticityCoef="1" ang="90,0,0" color="0,220,0" radius="0.5" length="4" />
		<capsule pos="-14.95,-5.5,-43.699999999999996" vel="0,0,0" mass="1" elasticityCoef="1" ang="90,0,0" color="0,220,0" radius="0.5" length="4" />
		<capsule pos="-14.95,-5.5,-41.4" vel="0,0,0" mass="1" elasticityCoef="1" ang="90,0,0" color="0,220,0" radius="0.5" length="4" />
		<capsule pos="-14.95,-5.5,-39.099999999999994" vel="0,0,0" mass="1" elasticityCoef="1" ang="90,0,0" color="0,220,0" radius="0.5" length="4" />
		<capsule pos="-14.95,-5.5,-36.8" vel="0,0,0" mass="1" elasticityCoef="1" ang="90,0,0" color="0,220,0" radius="0.5" length="4" />
		<capsule pos="-14.95,-5.5,-34.5" vel="0,0,0" mass="1" elasticityCoef="1" ang="90,0,0" color="0,220,0" radius="0.5" length="4" />
		<capsule pos="-14.95,-5.5,-32.199999999999996" vel="0,0,0" mass="1" elasticityCoef="1" ang="90,0,0" color="0,220,0" radius="0.5" length="4" />
		<capsule pos="-14.95,-5.5,-29.9" vel="0,0,0" mass="1" elasticityCoef="1" ang="90,0,0" color="0,220,0" radius="0.5" length="4" />
		<capsule pos="-14.95,-5.5,-27.599999999999998" vel="0,0,0" mass="1" elasticityCoef="1" ang="90,0,0" color="0,220,0" radius="0.5" length="4" />
		<capsule pos="-14.95,-5.5,-25.299999999999997" vel="0,0,0" mass="1" elasticityCoef="1" ang="90,0,0" color="0,220,0" radius="0.5" length="4" />
		<capsule pos="-14.95,-5.5,-22.999999999999996" vel="0,0,0" mass="1" elasticityCoef="1" ang="90,0,0" color="0,220,0" radius="0.5" length="4" />
		<capsule pos="-14.95,-5.5,-20.699999999999996" vel="0,0,0" mass="1" elasticityCoef="1" ang="90,0,0" color="0,220,0" radius="0.5" length="4" />
		<capsule pos="-14.95,-5.5,-18.4" vel="0,0,0" mass="1" elasticityCoef="1" ang="90,0,0" color="0,220,0" radius="0.5" length="4" />
		<capsule pos="-14.95,-5.5,-16.099999999999998" vel="0,0,0" mass="1" elasticityCoef="1" ang="90,0,0" color="0,220,0" radius="0.5" length="4" />
		<capsule pos="-14.95,-5.5,-13.799999999999997" vel="0,0,0" mass="1" elasticityCoef="1" ang="90,0,0" color="0,220,0" radius="0.5" length="4" />
		<capsule pos="-14.95,-5.5,-11.5" vel="0,0,0" mass="1" elasticityCoef="1" ang="90,0,0" color="0,220,0" radius="0.5" length="4" />
		<capsule pos="-14.95,-5.5,-9.199999999999996" vel="0,0,0" mass="1" elasticityCoef="1" ang="90,0,0" color="0,220,0" radius="0.5" length="4" />
		<capsule pos="-14.95,-5.5,-6.899999999999999" vel="0,0,0" mass="1" elasticityCoef="1" ang="90,0,0" color="0,220,0" radius="0.5" length="4" />
		<capsule pos="-14.95,-5.5,-4.600000000000001" vel="0,0,0" mass="1" elasticityCoef="1" ang="90,0,0" color="0,220,0" radius="0.5" length="4" />
		<capsule pos="-14.95,-5.5,-2.299999999999997" vel="0,0,0" mass="1" elasticityCoef="1" ang="90,0,0" color="0,220,0" radius="0.5" length="4" />
		<capsule pos="-14.95,-5.5,0.0" vel="0,0,0" mass="1" elasticityCoef="1" ang="90,0,0" color="0,220,0" radius="0.5" length="4" />
		<capsule pos="-14.95,-5.5,2.3000000000000043" vel="0,0,0" mass="1" elasticityCoef="1" ang="90,0,0" color="0,220,0" radius="0.5" length="4" />
		<capsule pos="-14.95,-5.5,4.600000000000001" vel="0,0,0" mass="1" elasticityCoef="1" ang="90,0,0" color="0,220,0" radius="0.5" length="4" />
		<capsule pos="-14.95,-5.5,6.899999999999999" vel="0,0,0" mass="1" elasticityCoef="1" ang="90,0,0" color="0,220,0" radius="0.5" length="4" />
		<capsule pos="-14.95,-5.5,9.200000000000003" vel="0,0,0" mass="1" elasticityCoef="1" ang="90,0,0" color="0,220,0" radius="0.5" length="4" />
		<capsule pos="-14.95,-5.5,11.5" vel="0,0,0" mass="1" elasticityCoef="1" ang="90,0,0" color="0,220,0" radius="0.5" length="4" />
		<capsule pos="-14.95,-5.5,13.799999999999997" vel="0,0,0" mass="1" elasticityCoef="1" ang="90,0,0" color="0,220,0" radius="0.5" length="4" />
		<capsule pos="-14.95,-5.5,16.1" vel="0,0,0" mass="1" elasticityCoef="1" ang="90,0,0" color="0,220,0" radius="0.5" length="4" />
		<capsule pos="-14.95,-5.5,18.4" vel="0,0,0" mass="1" elasticityCoef="1" ang="90,0,0" color="0,220,0" radius="0.5" length="4" />
		<capsule pos="-14.95,-5.5,20.699999999999996" vel="0,0,0" mass="1" elasticityCoef="1" ang="90,0,0" color="0,220,0" radius="0.5" length="4" />
		<capsule pos="-14.95,-5.5,22.999999999999993" vel="0,0,0" mass="1" elasticityCoef="1" ang="90,0,0" color="0,220,0" radius="0.5" length="4" />
		<capsule pos="-14.95,-5.5,25.300000000000004" vel="0,0,0" mass="1" elasticityCoef="1" ang="90,0,0" color="0,220,0" radius="0.5" length="4" />
		<capsule pos="-14.95,-5.5,27.6" vel="0,0,0" mass="1" elasticityCoef="1" ang="90,0,0" color="0,220,0" radius="0.5" length="4" />
		<capsule pos="-14.95,-5.5,29.9" vel="0,0,0" mass="1" elasticityCoef="1" ang="90,0,0" color="0,220,0" radius="0.5" length="4" />
		<capsule pos="-14.95,-5.5,32.199999999999996" vel="0,0,0" mass="1" elasticityCoef="1" ang="90,0,0" color="0,220,0" radius="0.5" length="4" />
		<capsule pos="-14.95,-5.5,34.49999999999999" vel="0,0,0" mass="1" elasticityCoef="1" ang="90,0,0" color="0,220,0" radius="0.5" length="4" />
		<capsule pos="-14.95,-5.5,36.800000000000004" vel="0,0,0" mass="1" elasticityCoef="1" ang="90,0,0" color="0,220,0" radius="0.5" length="4" />
		<capsule pos="-14.95,-5.5,39.1" vel="0,0,0" mass="1" elasticityCoef="1" ang="90,0,0" color="0,220,0" radius="0.5" length="4" />
		<capsule pos="-14.95,-5.5,41.4" vel="0,0,0" mass="1" elasticityCoef="1" ang="90,0,0" color="0,220,0" radius="0.5" length="4" />
		<capsule pos="-14.95,0.0,-43.699999999999996" vel="0,0,0" mass="1" elasticityCoef="1" ang="90,0,0" color="0,220,0" radius="0.5" length="4" />
		<capsule pos="-14.95,0.0,-41.4" vel="0,0,0" mass="1" elasticityCoef="1" ang="90,0,0" color="0,220,0" radius="0.5" length="4" />
		<capsule pos="-14.95,0.0,-39.099999999999994" vel="0,0,0" mass="1" elasticityCoef="1" ang="90,0,0" color="0,220,0" radius="0.5" length="4" />
		<capsule pos="-14.95,0.0,-36.8" vel="0,0,0" mass="1" elasticityCoef="1" ang="90,0,0" color="0,220,0" radius="0.5" length="4" />
		<capsule pos="-14.95,0.0,-34.5" vel="0,0,0" mass="1" elasticityCoef="1" ang="90,0,0" color="0,220,0" radius="0.5" length="4" />
		<capsule pos="-14.95,0.0,-32.199999999999996" vel="0,0,0" mass="1" elasticityCoef="1" ang="90,0,0" color="0,220,0" radius="0.5" length="4" />
		<capsule pos="-14.95,0.0,-29.9" vel="0,0,0" mass="1" elasticityCoef="1" ang="90,0,0" color="0,220,0" radius="0.5" length="4" />
		<capsule pos="-14.95,0.0,-27.599999999999998" vel="0,0,0" mass="1" elasticityCoef="1" ang="90,0,0" color="0,220,0" radius="0.5" length="4" />
		<capsule pos="-14.95,0.0,-25.299999999999997" vel="0,0,0" mass="1" elasticityCoef="1" ang="90,0,0" color="0,220,0" radius="0.5" length="4" />
		<capsule pos="-14.95,0.0,-22.999999999999996" vel="0,0,0" mass="1" elasticityCoef="1" ang="90,0,0" color="0,220,0" radius="0.5" length="4" />
		<capsule pos="-14.95,0.0,-20.699999999999996" vel="0,0,0" mass="1" elasticityCoef="1" ang="90,0,0" color="0,220,0" radius="0.5" length="4" />
		<capsule pos="-14.95,0.0,-18.4" vel="0,0,0" mass="1" elasticityCoef="1" ang="90,0,0" color="0,220,0" radius="0.5" length="4" />
		<capsule pos="-14.95,0.0,-16.099999999999998" vel="0,0,0" mass="1" elasticityCoef="1" ang="90,0,0" color="0,220,0" radius="0.5" length="4" />
		<capsule pos="-14.95,0.0,-13.799999999999997" vel="0,0,0" mass="1" elasticityCoef="1" ang="90,0,0" color="0,220,0" radius="0.5" length="4" />
		<capsule pos="-14.95,0.0,-11.5" vel="0,0,0" mass="1" elasticityCoef="1" ang="90,0,0" color="0,220,0" radius="0.5" length="4" />
		<capsule pos="-14.95,0.0,-9.199999999999996" vel="0,0,0" mass="1" elasticityCoef="1" ang="90,0,0" color="0,220,0" radius="0.5" length="4" />
		<capsule pos="-14.95,0.0,-6.899999999999999" vel="0,0,0" mass="1" elasticityCoef="1" ang="90,0,0" color="0,220,0" radius="0.5" length="4" />
		<capsule pos="-14.95,0.0,-4.600000000000001" vel="0,0,0" mass="1" elasticityCoef="1" ang="90,0,0" color="0,220,0" radius="0.5" length="4" />
		<capsule pos="-14.95,0.0,-2.299999999999997" vel="0,0,0" mass="1" elasticityCoef="1" ang="90,0,0" color="0,220,0" radius="0.5" length="4" />
		<capsule pos="-14.95,0.0,0.0" vel="0,0,0" mass="1" elasticityCoef="1" ang="90,0,0" color="0,220,0" radius="0.5" length="4" />
		<capsule pos="-14.95,0.0,2.3000000000000043" vel="0,0,0" mass="1" elasticityCoef="1" ang="90,0,0" color="0,220,0" radius="0.5" length="4" />
		<capsule pos="-14.95,0.0,4.600000000000001" vel="0,0,0" mass="1" elasticityCoef="1" ang="90,0,0" color="0,220,0" radius="0.5" length="4" />
		<capsule pos="-14.95,0.0,6.899999999999999" vel="0,0,0" mass="1" elasticityCoef="1" ang="90,0,0" color="0,220,0" radius="0.5" length="4" />
		<capsule pos="-14.95,0.0,9.200000000000003" vel="0,0,0" mass="1" elasticityCoef="1" ang="90,0,0" color="0,220,0" radius="0.5" length="4" />
		<capsule pos="-14.95,0.0,11.5" vel="0,0,0" mass="1" elasticityCoef="1" ang="90,0,0" color="0,220,0" radius="0.5" length="4" />
		<capsule pos="-14.95,0.0,13.799999999999997" vel="0,0,0" mass="1" elasticityCoef="1" ang="90,0,0" color="0,220,0" radius="0.5" length="4" />
		<capsule pos="-14.95,0.0,16.1" vel="0,0,0" mass="1" elasticityCoef="1" ang="90,0,0" color="0,220,0" radius="0.5" length="4" />
		<capsule pos="-14.95,0.0,18.4" vel="0,0,0" mass="1" elasticityCoef="1" ang="90,0,0" color="0,220,0" radius="0.5" length="4" />
		<capsule pos="-14.95,0.0,20.699999999999996" vel="0,0,0" mass="1" elasticityCoef="1" ang="90,0,0" color="0,220,0" radius="0.5" length="4" />
		<capsule pos="-14.95,0.0,22.999999999999993" vel="0,0,0" mass="1" elasticityCoef="1" ang="90,0,0" color="0,220,0" radius="0.5" length="4" />
		<capsule pos="-14.95,0.0,25.300000000000004" vel="0,0,0" mass="1" elasticityCoef="1" ang="90,0,0" color="0,220,0" radius="0.5" length="4" />
		<capsule pos="-14.95,0.0,27.6" vel="0,0,0" mass="1" elasticityCoef="1" ang="90,0,0" color="0,220,0" radius="0.5" length="4" />
		<capsule pos="-14.95,0.0,29.9" vel="0,0,0" mass="1" elasticityCoef="1" ang="90,0,0" color="0,220,0" radius="0.5" length="4" />
		<capsule pos="-14.95,0.0,32.199999999999996" vel="0,0,0" mass="1" elasticityCoef="1" ang="90,0,0" color="0,220,0" radius="0.5" length="4" />
		<capsule pos="-14.95,0.0,34.49999999999999" vel="0,0,0" mass="1" elasticityCoef="1" ang="90,0,0" color="0,220,0" radius="0.5" length="4" />
		<capsule pos="-14.95,0.0,36.800000000000004" vel="0,0,0" mass="1" elasticityCoef="1" ang="90,0,0" color="0,220,0" radius="0.5" length="4" />
		<capsule pos="-14.95,0.0,39.1" vel="0,0,0" mass="1" elasticityCoef="1" ang="90,0,0" color="0,220,0" radius="0.5" length="4" />
		<capsule pos="-14.95,0.0,41.4" vel="0,0,0" mass="1" elasticityCoef="1" ang="90,0,0" color="0,220,0" radius="0.5" length="4" />
		<capsule pos="-14.95,5.5,-43.699999999999996" vel="0,0,0" mass="1" elasticityCoef="1" ang="90,0,0" color="0,220,0" radius="0.5" length="4" />
		<capsule pos="-14.95,5.5,-41.4" vel="0,0,0" mass="1" elasticityCoef="1" ang="90,0,0" color="0,220,0" radius="0.5" length="4" />
		<capsule pos="-14.95,5.5,-39.099999999999994" vel="0,0,0" mass="1" elasticityCoef="1" ang="90,0,0" color="0,220,0" radius="0.5" length="4" />
		<capsule pos="-14.95,5.5,-36.8" vel="0,0,0" mass="1" elasticityCoef="1" ang="90,0,0" color="0,220,0" radius="0.5" length="4" />
		<capsule pos="-14.95,5.5,-34.5" vel="0,0,0" mass="1" elasticityCoef="1" ang="90,0,0" color="0,220,0" radius="0.5" length="4" />
		<capsule pos="-14.95,5.5,-32.199999999999996" vel="0,0,0" mass="1" elasticityCoef="1" ang="90,0,0" color="0,220,0" radius="0.5" length="4" />
		<capsule pos="-14.95,5.5,-29.9" vel="0,0,0" mass="1" elasticityCoef="1" ang="90,0,0" color="0,220,0" radius="0.5" length="4" />
		<capsule pos="-14.95,5.5,-27.599999999999998" vel="0,0,0" mass="1" elasticityCoef="1" ang="90,0,0" color="0,220,0" radius="0.5" length="4" />
		<capsule pos="-14.95,5.5,-25.299999999999997" vel="0,0,0" mass="1" elasticityCoef="1" ang="90,0,0" color="0,220,0" radius="0.5" length="4" />
		<capsule pos="-14.95,5.5,-22.999999999999996" vel="0,0,0" mass="1" elasticityCoef="1" ang="90,0,0" color="0,220,0" radius="0.5" length="4" />
		<capsule pos="-14.95,5.5,-20.699999999999996" vel="0,0,0" mass="1" elasticityCoef="1" ang="90,0,0" color="0,220,0" radius="0.5" length="4" />
		<capsule pos="-14.95,5.5,-18.4" vel="0,0,0" mass="1" elasticityCoef="1" ang="90,0,0" color="0,220,0" radius="0.5" length="4" />
		<capsule pos="-14.95,5.5,-16.099999999999998" vel="0,0,0" mass="1" elasticityCoef="1" ang="90,0,0" color="0,220,0" radius="0.5" length="4" />
		<capsule pos="-14.95,5.5,-13.799999999999997" vel="0,0,0" mass="1" elasticityCoef="1" ang="90,0,0" color="0,220,0" radius="0.5" length="4" />
		<capsule pos="-14.95,5.5,-11.5" vel="0,0,0" mass="1" elasticityCoef="1" ang="90,0,0" color="0,220,0" radius="0.5" length="4" />
		<capsule pos="-14.95,5.5,-9.199999999999996" vel="0,0,0" mass="1" elasticityCoef="1" ang="90,0,0" color="0,220,0" radius="0.5" length="4" />
		<capsule pos="-14.95,5.5,-6.899999999999999" vel="0,0,0" mass="1" elasticityCoef="1" ang="90,0,0" color="0,220,0" radius="0.5" length="4" />
		<capsule pos="-14.95,5.5,-4.600000000000001" vel="0,0,0" mass="1" elasticityCoef="1" ang="90,0,0" color="0,220,0" radius="0.5" length="4" />
		<capsule pos="-14.95,5.5,-2.299999999999997" vel="0,0,0" mass="1" elasticityCoef="1" ang="90,0,0" color="0,220,0" radius="0.5" length="4" />
		<capsule pos="-14.95,5.5,0.0" vel="0,0,0" mass="1" elasticityCoef="1" ang="90,0,0" color="0,220,0" radius="0.5" length="4" />
		<capsule pos="-14.95,5.5,2.3000000000000043" vel="0,0,0" mass="1" elasticityCoef="1" ang="90,0,0" color="0,220,0" radius="0.5" length="4" />
		<capsule pos="-14.95,5.5,4.600000000000001" vel="0,0,0" mass="1" elasticityCoef="1" ang="90,0,0" color="0,220,0" radius="0.5" length="4" />
		<capsule pos="-14.95,5.5,6.899999999999999" vel="0,0,0" mass="1" elasticityCoef="1" ang="90,0,0" color="0,220,0" radius="0.5" length="4" />
		<capsule pos="-14.95,5.5,9.200000000000003" vel="0,0,0" mass="1" elasticityCoef="1" ang="90,0,0" color="0,220,0" radius="0.5" length="4" />
		<capsule pos="-14.95,5.5,11.5" vel="0,0,0" mass="1" elasticityCoef="1" ang="90,0,0" color="0,220,0" radius="0.5" length="4" />
		<capsule pos="-14.95,5.5,13.799999999999997" vel="0,0,0" mass="1" elasticityCoef="1" ang="90,0,0" color="0,220,0" radius="0.5" length="4" />
		<capsule pos="-14.95,5.5,16.1" vel="0,0,0" mass="1" elasticityCoef="1" ang="90,0,0" color="0,220,0" radius="0.5" length="4" />
		<capsule pos="-14.95,5.5,18.4" vel="0,0,0" mass="1" elasticityCoef="1" ang="90,0,0" color="0,220,0" radius="0.5" length="4" />
		<capsule pos="-14.95,5.5,20.699999999999996" vel="0,0,0" mass="1" elasticityCoef="1" ang="90,0,0" color="0,220,0" radius="0.5" length="4" />
		<capsule pos="-14.95,5.5,22.999999999999993" vel="0,0,0" mass="1" elasticityCoef="1" ang="90,0,0" color="0,220,0" radius="0.5" length="4" />
		<capsule pos="-14.95,5.5,25.300000000000004" vel="0,0,0" mass="1" elasticityCoef="1" ang="90,0,0" color="0,220,0" radius="0.5" length="4" />
		<capsule pos="-14.95,5.5,27.6" vel="0,0,0" mass="1" elasticityCoef="1" ang="90,0,0" color="0,220,0" radius="0.5" length="4" />
		<capsule pos="-14.95,5.5,29.9" vel="0,0,0" mass="1" elasticityCoef="1" ang="90,0,0" color="0,220,0" radius="0.5" length="4" />
		<capsule pos="-14.95,5.5,32.199999999999996" vel="0,0,0" mass="1" elasticityCoef="1" ang="90,0,0" color="0,220,0" radius="0.5" length="4" />
		<capsule pos="-14.95,5.5,34.49999999999999" vel="0,0,0" mass="1" elasticityCoef="1" ang="90,0,0" color="0,220,0" radius="0.5" length="4" />
		<capsule pos="-14.95,5.5,36.800000000000004" vel="0,0,0" mass="1" elasticityCoef="1" ang="90,0,0" color="0,220,0" radius="0.5" length="4" />
		<capsule pos="-14.95,5.5,39.1" vel="0,0,0" mass="1" elasticityCoef="1" ang="90,0,0" color="0,220,0" radius="0.5" length="4" />
		<capsule pos="-14.95,5.5,41.4" vel="0,0,0" mass="1" elasticityCoef="1" ang="90,0,0" color="0,220,0" radius="0.5" length="4" />
		<capsule pos="-14.95,11.0,-43.699999999999996" vel="0,0,0" mass="1" elasticityCoef="1" ang="90,0,0" color="0,220,0" radius="0.5" length="4" />
		<capsule pos="-14.95,11.0,-41.4" vel="0,0,0" mass="1" elasticityCoef="1" ang="90,0,0" color="0,220,0" radius="0.5" length="4" />
		<capsule pos="-14.95,11.0,-39.099999999999994" vel="0,0,0" mass="1" elasticityCoef="1" ang="90,0,0" color="0,220,0" radius="0.5" length="4" />
		<capsule pos="-14.95,11.0,-36.8" vel="0,0,0" mass="1" elasticityCoef="1" ang="90,0,0" color="0,220,0" radius="0.5" length="4" />
		<capsule pos="-14.95,11.0,-34.5" vel="0,0,0" mass="1" elasticityCoef="1" ang="90,0,0" color="0,220,0" radius="0.5" length="4" />
		<capsule pos="-14.95,11.0,-32.199999999999996" vel="0,0,0" mass="1" elasticityCoef="1" ang="90,0,0" color="0,220,0" radius="0.5" length="4" />
		<capsule pos="-14.95,11.0,-29.9" vel="0,0,0" mass="1" elasticityCoef="1" ang="90,0,0" color="0,220,0" radius="0.5" length="4" />
		<capsule pos="-14.95,11.0,-27.599999999999998" vel="0,0,0" mass="1" elasticityCoef="1" ang="90,0,0" color="0,220,0" radius="0.5" length="4" />
		<capsule pos="-14.95,11.0,-25.299999999999997" vel="0,0,0" mass="1" elasticityCoef="1" ang="90,0,0" color="0,220,0" radius="0.5" length="4" />
		<capsule pos="-14.95,11.0,-22.999999999999996" vel="0,0,0" mass="1" elasticityCoef="1" ang="90,0,0" color="0,220,0" radius="0.5" length="4" />
		<capsule pos="-14.95,11.0,-20.699999999999996" vel="0,0,0" mass="1" elasticityCoef="1" ang="90,0,0" color="0,220,0" radius="0.5" length="4" />
		<capsule pos="-14.95,11.0,-18.4" vel="0,0,0" mass="1" elasticityCoef="1" ang="90,0,0" color="0,220,0" radius="0.5" length="4" />
		<capsule pos="-14.95,11.0,-16.099999999999998" vel="0,0,0" mass="1" elasticityCoef="1" ang="90,0,0" color="0,220,0" radius="0.5" length="4" />
		<capsule pos="-14.95,11.0,-13.799999999999997" vel="0,0,0" mass="1" elasticityCoef="1" ang="90,0,0" color="0,220,0" radius="0.5" length="4" />
		<capsule pos="-14.95,11.0,-11.5" vel="0,0,0" mass="1" elasticityCoef="1" ang="90,0,0" color="0,220,0" radius="0.5" length="4" />
		<capsule pos="-14.95,11.0,-9.199999999999996" vel="0,0,0" mass="1" elasticityCoef="1" ang="90,0,0" color="0,220,0" radius="0.5" length="4" />
		<capsule pos="-14.95,11.0,-6.899999999999999" vel="0,0,0" mass="1" elasticityCoef="1" ang="90,0,0" color="0,220,0" radius="0.5" length="4" />
		<capsule pos="-14.95,11.0,-4.600000000000001" vel="0,0,0" mass="1" elasticityCoef="1" ang="90,0,0" color="0,220,0" radius="0.5" length="4" />
		<capsule pos="-14.95,11.0,-2.299999999999997" vel="0,0,0" mass="1" elasticityCoef="1" ang="90,0,0" color="0,220,0" radius="0.5" length="4" />
		<capsule pos="-14.95,11.0,0.0" vel="0,0,0" mass="1" elasticityCoef="1" ang="90,0,0" color="0,220,0" radius="0.5" length="4" />
		<capsule pos="-14.95,11.0,2.3000000000000043" vel="0,0,0" mass="1" elasticityCoef="1" ang="90,0,0" color="0,220,0" radius="0.5" length="4" />
		<capsule pos="-14.95,11.0,4.600000000000001" vel="0,0,0" mass="1" elasticityCoef="1" ang="90,0,0" color="0,220,0" radius="0.5" length="4" />
		<capsule pos="-14.95,11.0,6.899999999999999" vel="0,0,0" mass="1" elasticityCoef="1" ang="90,0,0" color="0,220,0" radius="0.5" length="4" />
		<capsule pos="-14.95,11.0,9.200000000000003" vel="0,0,0" mass="1" elasticityCoef="1" ang="90,0,0" color="0,220,0" radius="0.5" length="4" />
		<capsule pos="-14.95,11.0,11.5" vel="0,0,0" mass="1" elasticityCoef="1" ang="90,0,0" color="0,220,0" radius="0.5" length="4" />
		<capsule pos="-14.95,11.0,13.799999999999997" vel="0,0,0" mass="1" elasticityCoef="1" ang="90,0,0" color="0,220,0" radius="0.5" length="4" />
		<capsule pos="-14.95,11.0,16.1" vel="0,0,0" mass="1" elasticityCoef="1" ang="90,0,0" color="0,220,0" radius="0.5" length="4" />
		<capsule pos="-14.95,11.0,18.4" vel="0,0,0" mass="1" elasticityCoef="1" ang="90,0,0" color="0,220,0" radius="0.5" length="4" />
		<capsule pos="-14.95,11.0,20.699999999999996" vel="0,0,0" mass="1" elasticityCoef="1" ang="90,0,0" color="0,220,0" radius="0.5" length="4" />
		<capsule pos="-14.95,11.0,22.999999999999993" vel="0,0,0" mass="1" elasticityCoef="1" ang="90,0,0" color="0,220,0" radius="0.5" length="4" />
		<capsule pos="-14.95,11.0,25.300000000000004" vel="0,0,0" mass="1" elasticityCoef="1" ang="90,0,0" color="0,220,0" radius="0.5" length="4" />
		<capsule pos="-14.95,11.0,27.6" vel="0,0,0" mass="1" elasticityCoef="1" ang="90,0,0" color="0,220,0" radius="0.5" length="4" />
		<capsule pos="-14.95,11.0,29.9" vel="0,0,0" mass="1" elasticityCoef="1" ang="90,0,0" color="0,220,0" radius="0.5" length="4" />
		<capsule pos="-14.95,11.0,32.199999999999996" vel="0,0,0" mass="1" elasticityCoef="1" ang="90,0,0" color="0,220,0" radius="0.5" length="4" />
		<capsule pos="-14.95,11.0,34.49999999999999" vel="0,0,0" mass="1" elasticityCoef="1" ang="90,0,0" color="0,220,0" radius="0.5" length="4" />
		<capsule pos="-14.95,11.0,36.800000000000004" vel="0,0,0" mass="1" elasticityCoef="1" ang="90,0,0" color="0,220,0" radius="0.5" length="4" />
		<capsule pos="-14.95,11.0,39.1" vel="0,0,0" mass="1" elasticityCoef="1" ang="90,0,0" color="0,220,0" radius="0.5" length="4" />
		<capsule pos="-14.95,11.0,41.4" vel="0,0,0" mass="1" elasticityCoef="1" ang="90,0,0" color="0,220,0" radius="0.5" length="4" />
		<capsule pos="-14.95,16.5,-43.699999999999996" vel="0,0,0" mass="1" elasticityCoef="1" ang="90,0,0" color="0,220,0" radius="0.5" length="4" />
		<capsule pos="-14.95,16.5,-41.4" vel="0,0,0" mass="1" elasticityCoef="1" ang="90,0,0" color="0,220,0" radius="0.5" length="4" />
		<capsule pos="-14.95,16.5,-39.099999999999994" vel="0,0,0" mass="1" elasticityCoef="1" ang="90,0,0" color="0,220,0" radius="0.5" length="4" />
		<capsule pos="-14.95,16.5,-36.8" vel="0,0,0" mass="1" elasticityCoef="1" ang="90,0,0" color="0,220,0" radius="0.5" length="4" />
		<capsule pos="-14.95,16.5,-34.5" vel="0,0,0" mass="1" elasticityCoef="1" ang="90,0,0" color="0,220,0" radius="0.5" length="4" />
		<capsule pos="-14.95,16.5,-32.199999999999996" vel="0,0,0" mass="1" elasticityCoef="1" ang="90,0,0" color="0,220,0" radius="0.5" length="4" />
		<capsule pos="-14.95,16.5,-29.9" vel="0,0,0" mass="1" elasticityCoef="1" ang="90,0,0" color="0,220,0" radius="0.5" length="4" />
		<capsule pos="-14.95,16.5,-27.599999999999998" vel="0,0,0" mass="1" elasticityCoef="1" ang="90,0,0" color="0,220,0" radius="0.5" length="4" />
		<capsule pos="-14.95,16.5,-25.299999999999997" vel="0,0,0" mass="1" elasticityCoef="1" ang="90,0,0" color="0,220,0" radius="0.5" length="4" />
		<capsule pos="-14.95,16.5,-22.999999999999996" vel="0,0,0" mass="1" elasticityCoef="1" ang="90,0,0" color="0,220,0" radius="0.5" length="4" />
		<capsule pos="-14.95,16.5,-20.699999999999996" vel="0,0,0" mass="1" elasticityCoef="1" ang="90,0,0" color="0,220,0" radius="0.5" length="4" />
		<capsule pos="-14.95,16.5,-18.4" vel="0,0,0" mass="1" elasticityCoef="1" ang="90,0,0" color="0,220,0" radius="0.5" length="4" />
		<capsule pos="-14.95,16.5,-16.099999999999998" vel="0,0,0" mass="1" elasticityCoef="1" ang="90,0,0" color="0,220,0" radius="0.5" length="4" />
		<capsule pos="-14.95,16.5,-13.799999999999997" vel="0,0,0" mass="1" elasticityCoef="1" ang="90,0,0" color="0,220,0" radius="0.5" length="4" />
		<capsule pos="-14.95,16.5,-11.5" vel="0,0,0" mass="1" elasticityCoef="1" ang="90,0,0" color="0,220,0" radius="0.5" length="4" />
		<capsule pos="-14.95,16.5,-9.199999999999996" vel="0,0,0" mass="1" elasticityCoef="1" ang="90,0,0" color="0,220,0" radius="0.5" length="4" />
		<capsule pos="-14.95,16.5,-6.899999999999999" vel="0,0,0" mass="1" elasticityCoef="1" ang="90,0,0" color="0,220,0" radius="0.5" length="4" />
		<capsule pos="-14.95,16.5,-4.600000000000001" vel="0,0,0" mass="1" elasticityCoef="1" ang="90,0,0" color="0,220,0" radius="0.5" length="4" />
		<capsule pos="-14.95,16.5,-2.299999999999997" vel="0,0,0" mass="1" elasticityCoef="1" ang="90,0,0" color="0,220,0" radius="0.5" length="4" />
		<capsule pos="-14.95,16.5,0.0" vel="0,0,0" mass="1" elasticityCoef="1" ang="90,0,0" color="0,220,0" radius="0.5" length="4" />
		<capsule pos="-14.95,16.5,2.3000000000000043" vel="0,0,0" mass="1" elasticityCoef="1" ang="90,0,0" color="0,220,0" radius="0.5" length="4" />
		<capsule pos="-14.95,16.5,4.600000000000001" vel="0,0,0" mass="1" elasticityCoef="1" ang="90,0,0" color="0,220,0" radius="0.5" length="4" />
		<capsule pos="-14.95,16.5,6.899999999999999" vel="0,0,0" mass="1" elasticityCoef="1" ang="90,0,0" color="0,220,0" radius="0.5" length="4" />
		<capsule pos="-14.95,16.5,9.200000000000003" vel="0,0,0" mass="1" elasticityCoef="1" ang="90,0,0" color="0,220,0" radius="0.5" length="4" />
		<capsule pos="-14.95,16.5,11.5" vel="0,0,0" mass="1" elasticityCoef="1" ang="90,0,0" color="0,220,0" radius="0.5" length="4" />
		<capsule pos="-14.95,16.5,13.799999999999997" vel="0,0,0" mass="1" elasticityCoef="1" ang="90,0,0" color="0,220,0" radius="0.5" length="4" />
		<capsule pos="-14.95,16.5,16.1" vel="0,0,0" mass="1" elasticityCoef="1" ang="90,0,0" color="0,220,0" radius="0.5" length="4" />
		<capsule pos="-14.95,16.5,18.4" vel="0,0,0" mass="1" elasticityCoef="1" ang="90,0,0" color="0,220,0" radius="0.5" length="4" />
		<capsule pos="-14.95,16.5,20.699999999999996" vel="0,0,0" mass="1" elasticityCoef="1" ang="90,0,0" color="0,220,0" radius="0.5" length="4" />
		<capsule pos="-14.95,16.5,22.999999999999993" vel="0,0,0" mass="1" elasticityCoef="1" ang="90,0,0" color="0,220,0" radius="0.5" length="4" />
		<capsule pos="-14.95,16.5,25.300000000000004" vel="0,0,0" mass="1" elasticityCoef="1" ang="90,0,0" color="0,220,0" radius="0.5" length="4" />
		<capsule pos="-14.95,16.5,27.6" vel="0,0,0" mass="1" elasticityCoef="1" ang="90,0,0" color="0,220,0" radius="0.5" length="4" />
		<capsule pos="-14.95,16.5,29.9" vel="0,0,0" mass="1" elasticityCoef="1" ang="90,0,0" color="0,220,0" radius="0.5" length="4" />
		<capsule pos="-14.95,16.5,32.199999999999996" vel="0,0,0" mass="1" elasticityCoef="1" ang="90,0,0" color="0,220,0" radius="0.5" length="4" />
		<capsule pos="-14.95,16.5,34.49999999999999" vel="0,0,0" mass="1" elasticityCoef="1" ang="90,0,0" color="0,220,0" radius="0.5" length="4" />
		<capsule pos="-14.95,16.5,36.800000000000004" vel="0,0,0" mass="1" elasticityCoef="1" ang="90,0,0" color="0,220,0" radius="0.5" length="4" />
		<capsule pos="-14.95,16.5,39.1" vel="0,0,0" mass="1" elasticityCoef="1" ang="90,0,0" color="0,220,0" radius="0.5" length="4" />
		<capsule pos="-14.95,16.5,41.4" vel="0,0,0" mass="1" elasticityCoef="1" ang="90,0,0" color="0,220,0" radius="0.5" length="4" />
		<capsule pos="-14.95,22.0,-43.699999999999996" vel="0,0,0" mass="1" elasticityCoef="1" ang="90,0,0" color="0,220,0" radius="0.5" length="4" />
		<capsule pos="-14.95,22.0,-41.4" vel="0,0,0" mass="1" elasticityCoef="1" ang="90,0,0" color="0,220,0" radius="0.5" length="4" />
		<capsule pos="-14.95,22.0,-39.099999999999994" vel="0,0,0" mass="1" elasticityCoef="1" ang="90,0,0" color="0,220,0" radius="0.5" length="4" />
		<capsule pos="-14.95,22.0,-36.8" vel="0,0,0" mass="1" elasticityCoef="1" ang="90,0,0" color="0,220,0" radius="0.5" length="4" />
		<capsule pos="-14.95,22.0,-34.5" vel="0,0,0" mass="1" elasticityCoef="1" ang="90,0,0" color="0,220,0" radius="0.5" length="4" />
		<capsule pos="-14.95,22.0,-32.199999999999996" vel="0,0,0" mass="1" elasticityCoef="1" ang="90,0,0" color="0,220,0" radius="0.5" length="4" />
		<capsule pos="-14.95,22.0,-29.9" vel="0,0,0" mass="1" elasticityCoef="1" ang="90,0,0" color="0,220,0" radius="0.5" length="4" />
		<capsule pos="-14.95,22.0,-27.599999999999998" vel="0,0,0" mass="1" elasticityCoef="1" ang="90,0,0" color="0,220,0" radius="0.5" length="4" />
		<capsule pos="-14.95,22.0,-25.299999999999997" vel="0,0,0" mass="1" elasticityCoef="1" ang="90,0,0" color="0,220,0" radius="0.5" length="4" />
		<capsule pos="-14.95,22.0,-22.999999999999996" vel="0,0,0" mass="1" elasticityCoef="1" ang="90,0,0" color="0,220,0" radius="0.5" length="4" />
		<capsule pos="-14.95,22.0,-20.699999999999996" vel="0,0,0" mass="1" elasticityCoef="1" ang="90,0,0" color="0,220,0" radius="0.5" length="4" />
		<capsule pos="-14.95,22.0,-18.4" vel="0,0,0" mass="1" elasticityCoef="1" ang="90,0,0" color="0,220,0" radius="0.5" length="4" />
		<capsule pos="-14.95,22.0,-16.099999999999998" vel="0,0,0" mass="1" elasticityCoef="1" ang="90,0,0" color="0,220,0" radius="0.5" length="4" />
		<capsule pos="-14.95,22.0,-13.799999999999997" vel="0,0,0" mass="1" elasticityCoef="1" ang="90,0,0" color="0,220,0" radius="0.5" length="4" />
		<capsule pos="-14.95,22.0,-11.5" vel="0,0,0" mass="1" elasticityCoef="1" ang="90,0,0" color="0,220,0" radius="0.5" length="4" />
		<capsule pos="-14.95,22.0,-9.199999999999996" vel="0,0,0" mass="1" elasticityCoef="1" ang="90,0,0" color="0,220,0" radius="0.5" length="4" />
		<capsule pos="-14.95,22.0,-6.899999999999999" vel="0,0,0" mass="1" elasticityCoef="1" ang="90,0,0" color="0,220,0" radius="0.5" length="4" />
		<capsule pos="-14.95,22.0,-4.600000000000001" vel="0,0,0" mass="1" elasticityCoef="1" ang="90,0,0" color="0,220,0" radius="0.5" length="4" />
		<capsule pos="-14.95,22.0,-2.299999999999997" vel="0,0,0" mass="1" elasticityCoef="1" ang="90,0,0" color="0,220,0" radius="0.5" length="4" />
		<capsule pos="-14.95,22.0,0.0" vel="0,0,0" mass="1" elasticityCoef="1" ang="90,0,0" color="0,220,0" radius="0.5" length="4" />
		<capsule pos="-14.95,22.0,2.3000000000000043" vel="0,0,0" mass="1" elasticityCoef="1" ang="90,0,0" color="0,220,0" radius="0.5" length="4" />
		<capsule pos="-14.95,22.0,4.600000000000001" vel="0,0,0" mass="1" elasticityCoef="1" ang="90,0,0" color="0,220,0" radius="0.5" length="4" />
		<capsule pos="-14.95,22.0,6.899999999999999" vel="0,0,0" mass="1" elasticityCoef="1" ang="90,0,0" color="0,220,0" radius="0.5" length="4" />
		<capsule pos="-14.95,22.0,9.200000000000003" vel="0,0,0" mass="1" elasticityCoef="1" ang="90,0,0" color="0,220,0" radius="0.5" length="4" />
		<capsule pos="-14.95,22.0,11.5" vel="0,0,0" mass="1" elasticityCoef="1" ang="90,0,0" color="0,220,0" radius="0.5" length="4" />
		<capsule pos="-14.95,22.0,13.799999999999997" vel="0,0,0" mass="1" elasticityCoef="1" ang="90,0,0" color="0,220,0" radius="0.5" length="4" />
		<capsule pos="-14.95,22.0,16.1" vel="0,0,0" mass="1" elasticityCoef="1" ang="90,0,0" color="0,220,0" radius="0.5" length="4" />
		<capsule pos="-14.95,22.0,18.4" vel="0,0,0" mass="1" elasticityCoef="1" ang="90,0,0" color="0,220,0" radius="0.5" length="4" />
		<capsule pos="-14.95,22.0,20.699999999999996" vel="0,0,0" mass="1" elasticityCoef="1" ang="90,0,0" color="0,220,0" radius="0.5" length="4" />
		<capsule pos="-14.95,22.0,22.999999999999993" vel="0,0,0" mass="1" elasticityCoef="1" ang="90,0,0" color="0,220,0" radius="0.5" length="4" />
		<capsule pos="-14.95,22.0,25.300000000000004" vel="0,0,0" mass="1" elasticityCoef="1" ang="90,0,0" color="0,220,0" radius="0.5" length="4" />
		<capsule pos="-14.95,22.0,27.6" vel="0,0,0" mass="1" elasticityCoef="1" ang="90,0,0" color="0,220,0" radius="0.5" length="4" />
		<capsule pos="-14.95,22.0,29.9" vel="0,0,0" mass="1" elasticityCoef="1" ang="90,0,0" color="0,220,0" radius="0.5" length="4" />
		<capsule pos="-14.95,22.0,32.199999999999996" vel="0,0,0" mass="1" elasticityCoef="1" ang="90,0,0" color="0,220,0" radius="0.5" length="4" />
		<capsule pos="-14.95,22.0,34.49999999999999" vel="0,0,0" mass="1" elasticityCoef="1" ang="90,0,0" color="0,220,0" radius="0.5" length="4" />
		<capsule pos="-14.95,22.0,36.800000000000004" vel="0,0,0" mass="1" elasticityCoef="1" ang="90,0,0" color="0,220,0" radius="0.5" length="4" />
		<capsule pos="-14.95,22.0,39.1" vel="0,0,0" mass="1" elasticityCoef="1" ang="90,0,0" color="0,220,0" radius="0.5" length="4" />
		<capsule pos="-14.95,22.0,41.4" vel="0,0,0" mass="1" elasticityCoef="1" ang="90,0,0" color="0,220,0" radius="0.5" length="4" />
		<capsule pos="-14.95,27.5,-43.699999999999996" vel="0,0,0" mass="1" elasticityCoef="1" ang="90,0,0" color="0,220,0" radius="0.5" length="4" />
		<capsule pos="-14.95,27.5,-41.4" vel="0,0,0" mass="1" elasticityCoef="1" ang="90,0,0" color="0,220,0" radius="0.5" length="4" />
		<capsule pos="-14.95,27.5,-39.099999999999994" vel="0,0,0" mass="1" elasticityCoef="1" ang="90,0,0" color="0,220,0" radius="0.5" length="4" />
		<capsule pos="-14.95,27.5,-36.8" vel="0,0,0" mass="1" elasticityCoef="1" ang="90,0,0" color="0,220,0" radius="0.5" length="4" />
		<capsule pos="-14.95,27.5,-34.5" vel="0,0,0" mass="1" elasticityCoef="1" ang="90,0,0" color="0,220,0" radius="0.5" length="4" />
		<capsule pos="-14.95,27.5,-32.199999999999996" vel="0,0,0" mass="1" elasticityCoef="1" ang="90,0,0" color="0,220,0" radius="0.5" length="4" />
		<capsule pos="-14.95,27.5,-29.9" vel="0,0,0" mass="1" elasticityCoef="1" ang="90,0,0" color="0,220,0" radius="0.5" length="4" />
		<capsule pos="-14.95,27.5,-27.599999999999998" vel="0,0,0" mass="1" elasticityCoef="1" ang="90,0,0" color="0,220,0" radius="0.5" length="4" />
		<capsule pos="-14.95,27.5,-25.299999999999997" vel="0,0,0" mass="1" elasticityCoef="1" ang="90,0,0" color="0,220,0" radius="0.5" length="4" />
		<capsule pos="-14.95,27.5,-22.999999999999996" vel="0,0,0" mass="1" elasticityCoef="1" ang="90,0,0" color="0,220,0" radius="0.5" length="4" />
		<capsule pos="-14.95,27.5,-20.699999999999996" vel="0,0,0" mass="1" elasticityCoef="1" ang="90,0,0" color="0,220,0" radius="0.5" length="4" />
		<capsule pos="-14.95,27.5,-18.4" vel="0,0,0" mass="1" elasticityCoef="1" ang="90,0,0" color="0,220,0" radius="0.5" length="4" />
		<capsule pos="-14.95,27.5,-16.099999999999998" vel="0,0,0" mass="1" elasticityCoef="1" ang="90,0,0" color="0,220,0" radius="0.5" length="4" />
		<capsule pos="-14.95,27.5,-13.799999999999997" vel="0,0,0" mass="1" elasticityCoef="1" ang="90,0,0" color="0,220,0" radius="0.5" length="4" />
		<capsule pos="-14.95,27.5,-11.5" vel="0,0,0" mass="1" elasticityCoef="1" ang="90,0,0" color="0,220,0" radius="0.5" length="4" />
		<capsule pos="-14.95,27.5,-9.199999999999996" vel="0,0,0" mass="1" elasticityCoef="1" ang="90,0,0" color="0,220,0" radius="0.5" length="4" />
		<capsule pos="-14.95,27.5,-6.899999999999999" vel="0,0,0" mass="1" elasticityCoef="1" ang="90,0,0" color="0,220,0" radius="0.5" length="4" />
		<capsule pos="-14.95,27.5,-4.600000000000001" vel="0,0,0" mass="1" elasticityCoef="1" ang="90,0,0" color="0,220,0" radius="0.5" length="4" />
		<capsule pos="-14.95,27.5,-2.299999999999997" vel="0,0,0" mass="1" elasticityCoef="1" ang="90,0,0" color="0,220,0" radius="0.5" length="4" />
		<capsule pos="-14.95,27.5,0.0" vel="0,0,0" mass="1" elasticityCoef="1" ang="90,0,0" color="0,220,0" radius="0.5" length="4" />
		<capsule pos="-14.95,27.5,2.3000000000000043" vel="0,0,0" mass="1" elasticityCoef="1" ang="90,0,0" color="0,220,0" radius="0.5" length="4" />
		<capsule pos="-14.95,27.5,4.600000000000001" vel="0,0,0" mass="1" elasticityCoef="1" ang="90,0,0" color="0,220,0" radius="0.5" length="4" />
		<capsule pos="-14.95,27.5,6.899999999999999" vel="0,0,0" mass="1" elasticityCoef="1" ang="90,0,0" color="0,220,0" radius="0.5" length="4" />
		<capsule pos="-14.95,27.5,9.200000000000003" vel="0,0,0" mass="1" elasticityCoef="1" ang="90,0,0" color="0,220,0" radius="0.5" length="4" />
		<capsule pos="-14.95,27.5,11.5" vel="0,0,0" mass="1" elasticityCoef="1" ang="90,0,0" color="0,220,0" radius="0.5" length="4" />
		<capsule pos="-14.95,27.5,13.799999999999997" vel="0,0,0" mass="1" elasticityCoef="1" ang="90,0,0" color="0,220,0" radius="0.5" length="4" />
		<capsule pos="-14.95,27.5,16.1" vel="0,0,0" mass="1" elasticityCoef="1" ang="90,0,0" color="0,220,0" radius="0.5" length="4" />
		<capsule pos="-14.95,27.5,18.4" vel="0,0,0" mass="1" elasticityCoef="1" ang="90,0,0" color="0,220,0" radius="0.5" length="4" />
		<capsule pos="-14.95,27.5,20.699999999999996" vel="0,0,0" mass="1" elasticityCoef="1" ang="90,0,0" color="0,220,0" radius="0.5" length="4" />
		<capsule pos="-14.95,27.5,22.999999999999993" vel="0,0,0" mass="1" elasticityCoef="1" ang="90,0,0" color="0,220,0" radius="0.5" length="4" />
		<capsule pos="-14.95,27.5,25.300000000000004" vel="0,0,0" mass="1" elasticityCoef="1" ang="90,0,0" color="0,220,0" radius="0.5" length="4" />
		<capsule pos="-14.95,27.5,27.6" vel="0,0,0" mass="1" elasticityCoef="1" ang="90,0,0" color="0,220,0" radius="0.5" length="4" />
		<capsule pos="-14.95,27.5,29.9" vel="0,0,0" mass="1" elasticityCoef="1" ang="90,0,0" color="0,220,0" radius="0.5" length="4" />
		<capsule pos="-14.95,27.5,32.199999999999996" vel="0,0,0" mass="1" elasticityCoef="1" ang="90,0,0" color="0,220,0" radius="0.5" length="4" />
		<capsule pos="-14.95,27.5,34.49999999999999" vel="0,0,0" mass="1" elasticityCoef="1" ang="90,0,0" color="0,220,0" radius="0.5" length="4" />
		<capsule pos="-14.95,27.5,36.800000000000004" vel="0,0,0" mass="1" elasticityCoef="1" ang="90,0,0" color="0,220,0" radius="0.5" length="4" />
		<capsule pos="-14.95,27.5,39.1" vel="0,0,0" mass="1" elasticityCoef="1" ang="90,0,0" color="0,220,0" radius="0.5" length="4" />
		<capsule pos="-14.95,27.5,41.4" vel="0,0,0" mass="1" elasticityCoef="1" ang="90,0,0" color="0,220,0" radius="0.5" length="4" />
		<capsule pos="-14.95,33.0,-43.699999999999996" vel="0,0,0" mass="1" elasticityCoef="1" ang="90,0,0" color="0,220,0" radius="0.5" length="4" />
		<capsule pos="-14.95,33.0,-41.4" vel="0,0,0" mass="1" elasticityCoef="1" ang="90,0,0" color="0,220,0" radius="0.5" length="4" />
		<capsule pos="-14.95,33.0,-39.099999999999994" vel="0,0,0" mass="1" elasticityCoef="1" ang="90,0,0" color="0,220,0" radius="0.5" length="4" />
		<capsule pos="-14.95,33.0,-36.8" vel="0,0,0" mass="1" elasticityCoef="1" ang="90,0,0" color="0,220,0" radius="0.5" length="4" />
		<capsule pos="-14.95,33.0,-34.5" vel="0,0,0" mass="1" elasticityCoef="1" ang="90,0,0" color="0,220,0" radius="0.5" length="4" />
		<capsule pos="-14.95,33.0,-32.199999999999996" vel="0,0,0" mass="1" elasticityCoef="1" ang="90,0,0" color="0,220,0" radius="0.5" length="4" />
		<capsule pos="-14.95,33.0,-29.9" vel="0,0,0" mass="1" elasticityCoef="1" ang="90,0,0" color="0,220,0" radius="0.5" length="4" />
		<capsule pos="-14.95,33.0,-27.599999999999998" vel="0,0,0" mass="1" elasticityCoef="1" ang="90,0,0" color="0,220,0" radius="0.5" length="4" />
		<capsule pos="-14.95,33.0,-25.299999999999997" vel="0,0,0" mass="1" elasticityCoef="1" ang="90,0,0" color="0,220,0" radius="0.5" length="4" />
		<capsule pos="-14.95,33.0,-22.999999999999996" vel="0,0,0" mass="1" elasticityCoef="1" ang="90,0,0" color="0,220,0" radius="0.5" length="4" />
		<capsule pos="-14.95,33.0,-20.699999999999996" vel="0,0,0" mass="1" elasticityCoef="1" ang="90,0,0" color="0,220,0" radius="0.5" length="4" />
		<capsule pos="-14.95,33.0,-18.4" vel="0,0,0" mass="1" elasticityCoef="1" ang="90,0,0" color="0,220,0" radius="0.5" length="4" />
		<capsule pos="-14.95,33.0,-16.099999999999998" vel="0,0,0" mass="1" elasticityCoef="1" ang="90,0,0" color="0,220,0" radius="0.5" length="4" />
		<capsule pos="-14.95,33.0,-13.799999999999997" vel="0,0,0" mass="1" elasticityCoef="1" ang="90,0,0" color="0,220,0" radius="0.5" length="4" />
		<capsule pos="-14.95,33.0,-11.5" vel="0,0,0" mass="1" elasticityCoef="1" ang="90,0,0" color="0,220,0" radius="0.5" length="4" />
		<capsule pos="-14.95,33.0,-9.199999999999996" vel="0,0,0" mass="1" elasticityCoef="1" ang="90,0,0" color="0,220,0" radius="0.5" length="4" />
		<capsule pos="-14.95,33.0,-6.899999999999999" vel="0,0,0" mass="1" elasticityCoef="1" ang="90,0,0" color="0,220,0" radius="0.5" length="4" />
		<capsule pos="-14.95,33.0,-4.600000000000001" vel="0,0,0" mass="1" elasticityCoef="1" ang="90,0,0" color="0,220,0" radius="0.5" length="4" />
		<capsule pos="-14.95,33.0,-2.299999999999997" vel="0,0,0" mass="1" elasticityCoef="1" ang="90,0,0" color="0,220,0" radius="0.5" length="4" />
		<capsule pos="-14.95,33.0,0.0" vel="0,0,0" mass="1" elasticityCoef="1" ang="90,0,0" color="0,220,0" radius="0.5" length="4" />
		<capsule pos="-14.95,33.0,2.3000000000000043" vel="0,0,0" mass="1" elasticityCoef="1" ang="90,0,0" color="0,220,0" radius="0.5" length="4" />
		<capsule pos="-14.95,33.0,4.600000000000001" vel="0,0,0" mass="1" elasticityCoef="1" ang="90,0,0" color="0,220,0" radius="0.5" length="4" />
		<capsule pos="-14.95,33.0,6.899999999999999" vel="0,0,0" mass="1" elasticityCoef="1" ang="90,0,0" color="0,220,0" radius="0.5" length="4" />
		<capsule pos="-14.95,33.0,9.200000000000003" vel="0,0,0" mass="1" elasticityCoef="1" ang="90,0,0" color="0,220,0" radius="0.5" length="4" />
		<capsule pos="-14.95,33.0,11.5" vel="0,0,0" mass="1" elasticityCoef="1" ang="90,0,0" color="0,220,0" radius="0.5" length="4" />
		<capsule pos="-14.95,33.0,13.799999999999997" vel="0,0,0" mass="1" elasticityCoef="1" ang="90,0,0" color="0,220,0" radius="0.5" length="4" />
		<capsule pos="-14.95,33.0,16.1" vel="0,0,0" mass="1" elasticityCoef="1" ang="90,0,0" color="0,220,0" radius="0.5" length="4" />
		<capsule pos="-14.95,33.0,18.4" vel="0,0,0" mass="1" elasticityCoef="1" ang="90,0,0" color="0,220,0" radius="0.5" length="4" />
		<capsule pos="-14.95,33.0,20.699999999999996" vel="0,0,0" mass="1" elasticityCoef="1" ang="90,0,0" color="0,220,0" radius="0.5" length="4" />
		<capsule pos="-14.95,33.0,22.999999999999993" vel="0,0,0" mass="1" elasticityCoef="1" ang="90,0,0" color="0,220,0" radius="0.5" length="4" />
		<capsule pos="-14.95,33.0,25.300000000000004" vel="0,0,0" mass="1" elasticityCoef="1" ang="90,0,0" color="0,220,0" radius="0.5" length="4" />
		<capsule pos="-14.95,33.0,27.6" vel="0,0,0" mass="1" elasticityCoef="1" ang="90,0,0" color="0,220,0" radius="0.5" length="4" />
		<capsule pos="-14.95,33.0,29.9" vel="0,0,0" mass="1" elasticityCoef="1" ang="90,0,0" color="0,220,0" radius="0.5" length="4" />
		<capsule pos="-14.95,33.0,32.199999999999996" vel="0,0,0" mass="1" elasticityCoef="1" ang="90,0,0" color="0,220,0" radius="0.5" length="4" />
		<capsule pos="-14.95,33.0,34.49999999999999" vel="0,0,0" mass="1" elasticityCoef="1" ang="90,0,0" color="0,220,0" radius="0.5" length="4" />
		<capsule pos="-14.95,33.0,36.800000000000004" vel="0,0,0" mass="1" elasticityCoef="1" ang="90,0,0" color="0,220,0" radius="0.5" length="4" />
		<capsule pos="-14.95,33.0,39.1" vel="0,0,0" mass="1" elasticityCoef="1" ang="90,0,0" color="0,220,0" radius="0.5" length="4" />
		<capsule pos="-14.95,33.0,41.4" vel="0,0,0" mass="1" elasticityCoef="1" ang="90,0,0" color="0,220,0" radius="0.5" length="4" />
		<capsule pos="-14.95,38.5,-43.699999999999996" vel="0,0,0" mass="1" elasticityCoef="1" ang="90,0,0" color="0,220,0" radius="0.5" length="4" />
		<capsule pos="-14.95,38.5,-41.4" vel="0,0,0" mass="1" elasticityCoef="1" ang="90,0,0" color="0,220,0" radius="0.5" length="4" />
		<capsule pos="-14.95,38.5,-39.099999999999994" vel="0,0,0" mass="1" elasticityCoef="1" ang="90,0,0" color="0,220,0" radius="0.5" length="4" />
		<capsule pos="-14.95,38.5,-36.8" vel="0,0,0" mass="1" elasticityCoef="1" ang="90,0,0" color="0,220,0" radius="0.5" length="4" />
		<capsule pos="-14.95,38.5,-34.5" vel="0,0,0" mass="1" elasticityCoef="1" ang="90,0,0" color="0,220,0" radius="0.5" length="4" />
		<capsule pos="-14.95,38.5,-32.199999999999996" vel="0,0,0" mass="1" elasticityCoef="1" ang="90,0,0" color="0,220,0" radius="0.5" length="4" />
		<capsule pos="-14.95,38.5,-29.9" vel="0,0,0" mass="1" elasticityCoef="1" ang="90,0,0" color="0,220,0" radius="0.5" length="4" />
		<capsule pos="-14.95,38.5,-27.599999999999998" vel="0,0,0" mass="1" elasticityCoef="1" ang="90,0,0" color="0,220,0" radius="0.5" length="4" />
		<capsule pos="-14.95,38.5,-25.299999999999997" vel="0,0,0" mass="1" elasticityCoef="1" ang="90,0,0" color="0,220,0" radius="0.5" length="4" />
		<capsule pos="-14.95,38.5,-22.999999999999996" vel="0,0,0" mass="1" elasticityCoef="1" ang="90,0,0" color="0,220,0" radius="0.5" length="4" />
		<capsule pos="-14.95,38.5,-20.699999999999996" vel="0,0,0" mass="1" elasticityCoef="1" ang="90,0,0" color="0,220,0" radius="0.5" length="4" />
		<capsule pos="-14.95,38.5,-18.4" vel="0,0,0" mass="1" elasticityCoef="1" ang="90,0,0" color="0,220,0" radius="0.5" length="4" />
		<capsule pos="-14.95,38.5,-16.099999999999998" vel="0,0,0" mass="1" elasticityCoef="1" ang="90,0,0" color="0,220,0" radius="0.5" length="4" />
		<capsule pos="-14.95,38.5,-13.799999999999997" vel="0,0,0" mass="1" elasticityCoef="1" ang="90,0,0" color="0,220,0" radius="0.5" length="4" />
		<capsule pos="-14.95,38.5,-11.5" vel="0,0,0" mass="1" elasticityCoef="1" ang="90,0,0" color="0,220,0" radius="0.5" length="4" />
		<capsule pos="-14.95,38.5,-9.199999999999996" vel="0,0,0" mass="1" elasticityCoef="1" ang="90,0,0" color="0,220,0" radius="0.5" length="4" />
		<capsule pos="-14.95,38.5,-6.899999999999999" vel="0,0,0" mass="1" elasticityCoef="1" ang="90,0,0" color="0,220,0" radius="0.5" length="4" />
		<capsule pos="-14.95,38.5,-4.600000000000001" vel="0,0,0" mass="1" elasticityCoef="1" ang="90,0,0" color="0,220,0" radius="0.5" length="4" />
		<capsule pos="-14.95,38.5,-2.299999999999997" vel="0,0,0" mass="1" elasticityCoef="1" ang="90,0,0" color="0,220,0" radius="0.5" length="4" />
		<capsule pos="-14.95,38.5,0.0" vel="0,0,0" mass="1" elasticityCoef="1" ang="90,0,0" color="0,220,0" radius="0.5" length="4" />
		<capsule pos="-14.95,38.5,2.3000000000000043" vel="0,0,0" mass="1" elasticityCoef="1" ang="90,0,0" color="0,220,0" radius="0.5" length="4" />
		<capsule pos="-14.95,38.5,4.600000000000001" vel="0,0,0" mass="1" elasticityCoef="1" ang="90,0,0" color="0,220,0" radius="0.5" length="4" />
		<capsule pos="-14.95,38.5,6.899999999999999" vel="0,0,0" mass="1" elasticityCoef="1" ang="90,0,0" color="0,220,0" radius="0.5" length="4" />
		<capsule pos="-14.95,38.5,9.200000000000003" vel="0,0,0" mass="1" elasticityCoef="1" ang="90,0,0" color="0,220,0" radius="0.5" length="4" />
		<capsule pos="-14.95,38.5,11.5" vel="0,0,0" mass="1" elasticityCoef="1" ang="90,0,0" color="0,220,0" radius="0.5" length="4" />
		<capsule pos="-14.95,38.5,13.799999999999997" vel="0,0,0" mass="1" elasticityCoef="1" ang="90,0,0" color="0,220,0" radius="0.5" length="4" />
		<capsule pos="-14.95,38.5,16.1" vel="0,0,0" mass="1" elasticityCoef="1" ang="90,0,0" color="0,220,0" radius="0.5" length="4" />
		<capsule pos="-14.95,38.5,18.4" vel="0,0,0" mass="1" elasticityCoef="1" ang="90,0,0" color="0,220,0" radius="0.5" length="4" />
		<capsule pos="-14.95,38.5,20.699999999999996" vel="0,0,0" mass="1" elasticityCoef="1" ang="90,0,0" color="0,220,0" radius="0.5" length="4" />
		<capsule pos="-14.95,38.5,22.999999999999993" vel="0,0,0" mass="1" elasticityCoef="1" ang="90,0,0" color="0,220,0" radius="0.5" length="4" />
		<capsule pos="-14.95,38.5,25.300000000000004" vel="0,0,0" mass="1" elasticityCoef="1" ang="90,0,0" color="0,220,0" radius="0.5" length="4" />
		<capsule pos="-14.95,38.5,27.6" vel="0,0,0" mass="1" elasticityCoef="1" ang="90,0,0" color="0,220,0" radius="0.5" length="4" />
		<capsule pos="-14.95,38.5,29.9" vel="0,0,0" mass="1" elasticityCoef="1" ang="90,0,0" color="0,220,0" radius="0.5" length="4" />
		<capsule pos="-14.95,38.5,32.199999999999996" vel="0,0,0" mass="1" elasticityCoef="1" ang="90,0,0" color="0,220,0" radius="0.5" length="4" />
		<capsule pos="-14.95,38.5,34.49999999999999" vel="0,0,0" mass="1" elasticityCoef="1" ang="90,0,0" color="0,220,0" radius="0.5" length="4" />
		<capsule pos="-14.95,38.5,36.800000000000004" vel="0,0,0" mass="1" elasticityCoef="1" ang="90,0,0" color="0,220,0" radius="0.5" length="4" />
		<capsule pos="-14.95,38.5,39.1" vel="0,0,0" mass="1" elasticityCoef="1" ang="90,0,0" color="0,220,0" radius="0.5" length="4" />
		<capsule pos="-14.95,38.5,41.4" vel="0,0,0" mass="1" elasticityCoef="1" ang="90,0,0" color="0,220,0" radius="0.5" length="4" />
		<capsule pos="-14.95,44.0,-43.699999999999996" vel="0,0,0" mass="1" elasticityCoef="1" ang="90,0,0" color="0,220,0" radius="0.5" length="4" />
		<capsule pos="-14.95,44.0,-41.4" vel="0,0,0" mass="1" elasticityCoef="1" ang="90,0,0" color="0,220,0" radius="0.5" length="4" />
		<capsule pos="-14.95,44.0,-39.099999999999994" vel="0,0,0" mass="1" elasticityCoef="1" ang="90,0,0" color="0,220,0" radius="0.5" length="4" />
		<capsule pos="-14.95,44.0,-36.8" vel="0,0,0" mass="1" elasticityCoef="1" ang="90,0,0" color="0,220,0" radius="0.5" length="4" />
		<capsule pos="-14.95,44.0,-34.5" vel="0,0,0" mass="1" elasticityCoef="1" ang="90,0,0" color="0,220,0" radius="0.5" length="4" />
		<capsule pos="-14.95,44.0,-32.199999999999996" vel="0,0,0" mass="1" elasticityCoef="1" ang="90,0,0" color="0,220,0" radius="0.5" length="4" />
		<capsule pos="-14.95,44.0,-29.9" vel="0,0,0" mass="1" elasticityCoef="1" ang="90,0,0" color="0,220,0" radius="0.5" length="4" />
		<capsule pos="-14.95,44.0,-27.599999999999998" vel="0,0,0" mass="1" elasticityCoef="1" ang="90,0,0" color="0,220,0" radius="0.5" length="4" />
		<capsule pos="-14.95,44.0,-25.299999999999997" vel="0,0,0" mass="1" elasticityCoef="1" ang="90,0,0" color="0,220,0" radius="0.5" length="4" />
		<capsule pos="-14.95,44.0,-22.999999999999996" vel="0,0,0" mass="1" elasticityCoef="1" ang="90,0,0" color="0,220,0" radius="0.5" length="4" />
		<capsule pos="-14.95,44.0,-20.699999999999996" vel="0,0,0" mass="1" elasticityCoef="1" ang="90,0,0" color="0,220,0" radius="0.5" length="4" />
		<capsule pos="-14.95,44.0,-18.4" vel="0,0,0" mass="1" elasticityCoef="1" ang="90,0,0" color="0,220,0" radius="0.5" length="4" />
		<capsule pos="-14.95,44.0,-16.099999999999998" vel="0,0,0" mass="1" elasticityCoef="1" ang="90,0,0" color="0,220,0" radius="0.5" length="4" />
		<capsule pos="-14.95,44.0,-13.799999999999997" vel="0,0,0" mass="1" elasticityCoef="1" ang="90,0,0" color="0,220,0" radius="0.5" length="4" />
		<capsule pos="-14.95,44.0,-11.5" vel="0,0,0" mass="1" elasticityCoef="1" ang="90,0,0" color="0,220,0" radius="0.5" length="4" />
		<capsule pos="-14.95,44.0,-9.199999999999996" vel="0,0,0" mass="1" elasticityCoef="1" ang="90,0,0" color="0,220,0" radius="0.5" length="4" />
		<capsule pos="-14.95,44.0,-6.899999999999999" vel="0,0,0" mass="1" elasticityCoef="1" ang="90,0,0" color="0,220,0" radius="0.5" length="4" />
		<capsule pos="-14.95,44.0,-4.600000000000001" vel="0,0,0" mass="1" elasticityCoef="1" ang="90,0,0" color="0,220,0" radius="0.5" length="4" />
		<capsule pos="-14.95,44.0,-2.299999999999997" vel="0,0,0" mass="1" elasticityCoef="1" ang="90,0,0" color="0,220,0" radius="0.5" length="4" />
		<capsule pos="-14.95,44.0,0.0" vel="0,0,0" mass="1" elasticityCoef="1" ang="90,0,0" color="0,220,0" radius="0.5" length="4" />
		<capsule pos="-14.95,44.0,2.3000000000000043" vel="0,0,0" mass="1" elasticityCoef="1" ang="90,0,0" color="0,220,0" radius="0.5" length="4" />
		<capsule pos="-14.95,44.0,4.600000000000001" vel="0,0,0" mass="1" elasticityCoef="1" ang="90,0,0" color="0,220,0" radius="0.5" length="4" />
		<capsule pos="-14.95,44.0,6.899999999999999" vel="0,0,0" mass="1" elasticityCoef="1" ang="90,0,0" color="0,220,0" radius="0.5" length="4" />
		<capsule pos="-14.95,44.0,9.200000000000003" vel="0,0,0" mass="1" elasticityCoef="1" ang="90,0,0" color="0,220,0" radius="0.5" length="4" />
		<capsule pos="-14.95,44.0,11.5" vel="0,0,0" mass="1" elasticityCoef="1" ang="90,0,0" color="0,220,0" radius="0.5" length="4" />
		<capsule pos="-14.95,44.0,13.799999999999997" vel="0,0,0" mass="1" elasticityCoef="1" ang="90,0,0" color="0,220,0" radius="0.5" length="4" />
		<capsule pos="-14.95,44.0,16.1" vel="0,0,0" mass="1" elasticityCoef="1" ang="90,0,0" color="0,220,0" radius="0.5" length="4" />
		<capsule pos="-14.95,44.0,18.4" vel="0,0,0" mass="1" elasticityCoef="1" ang="90,0,0" color="0,220,0" radius="0.5" length="4" />
		<capsule pos="-14.95,44.0,20.699999999999996" vel="0,0,0" mass="1" elasticityCoef="1" ang="90,0,0" color="0,220,0" radius="0.5" length="4" />
		<capsule pos="-14.95,44.0,22.999999999999993" vel="0,0,0" mass="1" elasticityCoef="1" ang="90,0,0" color="0,220,0" radius="0.5" length="4" />
		<capsule pos="-14.95,44.0,25.300000000000004" vel="0,0,0" mass="1" elasticityCoef="1" ang="90,0,0" color="0,220,0" radius="0.5" length="4" />
		<capsule pos="-14.95,44.0,27.6" vel="0,0,0" mass="1" elasticityCoef="1" ang="90,0,0" color="0,220,0" radius="0.5" length="4" />
		<capsule pos="-14.95,44.0,29.9" vel="0,0,0" mass="1" elasticityCoef="1" ang="90,0,0" color="0,220,0" radius="0.5" length="4" />
		<capsule pos="-14.95,44.0,32.199999999999996" vel="0,0,0" mass="1" elasticityCoef="1" ang="90,0,0" color="0,220,0" radius="0.5" length="4" />
		<capsule pos="-14.95,44.0,34.49999999999999" vel="0,0,0" mass="1" elasticityCoef="1" ang="90,0,0" color="0,220,0" radius="0.5" length="4" />
		<capsule pos="-14.95,44.0,36.800000000000004" vel="0,0,0" mass="1" elasticityCoef="1" ang="90,0,0" color="0,220,0" radius="0.5" length="4" />
		<capsule pos="-14.95,44.0,39.1" vel="0,0,0" mass="1" elasticityCoef="1" ang="90,0,0" color="0,220,0" radius="0.5" length="4" />
		<capsule pos="-14.95,44.0,41.4" vel="0,0,0" mass="1" elasticityCoef="1" ang="90,0,0" color="0,220,0" radius="0.5" length="4" />
		<capsule pos="-12.649999999999999,-49.5,-43.699999999999996" vel="0,0,0" mass="1" elasticityCoef="1" ang="90,0,0" color="0,220,0" radius="0.5" length="4" />
		<capsule pos="-12.649999999999999,-49.5,-41.4" vel="0,0,0" mass="1" elasticityCoef="1" ang="90,0,0" color="0,220,0" radius="0.5" length="4" />
		<capsule pos="-12.649999999999999,-49.5,-39.099999999999994" vel="0,0,0" mass="1" elasticityCoef="1" ang="90,0,0" color="0,220,0" radius="0.5" length="4" />
		<capsule pos="-12.649999999999999,-49.5,-36.8" vel="0,0,0" mass="1" elasticityCoef="1" ang="90,0,0" color="0,220,0" radius="0.5" length="4" />
		<capsule pos="-12.649999999999999,-49.5,-34.5" vel="0,0,0" mass="1" elasticityCoef="1" ang="90,0,0" color="0,220,0" radius="0.5" length="4" />
		<capsule pos="-12.649999999999999,-49.5,-32.199999999999996" vel="0,0,0" mass="1" elasticityCoef="1" ang="90,0,0" color="0,220,0" radius="0.5" length="4" />
		<capsule pos="-12.649999999999999,-49.5,-29.9" vel="0,0,0" mass="1" elasticityCoef="1" ang="90,0,0" color="0,220,0" radius="0.5" length="4" />
		<capsule pos="-12.649999999999999,-49.5,-27.599999999999998" vel="0,0,0" mass="1" elasticityCoef="1" ang="90,0,0" color="0,220,0" radius="0.5" length="4" />
		<capsule pos="-12.649999999999999,-49.5,-25.299999999999997" vel="0,0,0" mass="1" elasticityCoef="1" ang="90,0,0" color="0,220,0" radius="0.5" length="4" />
		<capsule pos="-12.649999999999999,-49.5,-22.999999999999996" vel="0,0,0" mass="1" elasticityCoef="1" ang="90,0,0" color="0,220,0" radius="0.5" length="4" />
		<capsule pos="-12.649999999999999,-49.5,-20.699999999999996" vel="0,0,0" mass="1" elasticityCoef="1" ang="90,0,0" color="0,220,0" radius="0.5" length="4" />
		<capsule pos="-12.649999999999999,-49.5,-18.4" vel="0,0,0" mass="1" elasticityCoef="1" ang="90,0,0" color="0,220,0" radius="0.5" length="4" />
		<capsule pos="-12.649999999999999,-49.5,-16.099999999999998" vel="0,0,0" mass="1" elasticityCoef="1" ang="90,0,0" color="0,220,0" radius="0.5" length="4" />
		<capsule pos="-12.649999999999999,-49.5,-13.799999999999997" vel="0,0,0" mass="1" elasticityCoef="1" ang="90,0,0" color="0,220,0" radius="0.5" length="4" />
		<capsule pos="-12.649999999999999,-49.5,-11.5" vel="0,0,0" mass="1" elasticityCoef="1" ang="90,0,0" color="0,220,0" radius="0.5" length="4" />
		<capsule pos="-12.649999999999999,-49.5,-9.199999999999996" vel="0,0,0" mass="1" elasticityCoef="1" ang="90,0,0" color="0,220,0" radius="0.5" length="4" />
		<capsule pos="-12.649999999999999,-49.5,-6.899999999999999" vel="0,0,0" mass="1" elasticityCoef="1" ang="90,0,0" color="0,220,0" radius="0.5" length="4" />
		<capsule pos="-12.649999999999999,-49.5,-4.600000000000001" vel="0,0,0" mass="1" elasticityCoef="1" ang="90,0,0" color="0,220,0" radius="0.5" length="4" />
		<capsule pos="-12.649999999999999,-49.5,-2.299999999999997" vel="0,0,0" mass="1" elasticityCoef="1" ang="90,0,0" color="0,220,0" radius="0.5" length="4" />
		<capsule pos="-12.649999999999999,-49.5,0.0" vel="0,0,0" mass="1" elasticityCoef="1" ang="90,0,0" color="0,220,0" radius="0.5" length="4" />
		<capsule pos="-12.649999999999999,-49.5,2.3000000000000043" vel="0,0,0" mass="1" elasticityCoef="1" ang="90,0,0" color="0,220,0" radius="0.5" length="4" />
		<capsule pos="-12.649999999999999,-49.5,4.600000000000001" vel="0,0,0" mass="1" elasticityCoef="1" ang="90,0,0" color="0,220,0" radius="0.5" length="4" />
		<capsule pos="-12.649999999999999,-49.5,6.899999999999999" vel="0,0,0" mass="1" elasticityCoef="1" ang="90,0,0" color="0,220,0" radius="0.5" length="4" />
		<capsule pos="-12.649999999999999,-49.5,9.200000000000003" vel="0,0,0" mass="1" elasticityCoef="1" ang="90,0,0" color="0,220,0" radius="0.5" length="4" />
		<capsule pos="-12.649999999999999,-49.5,11.5" vel="0,0,0" mass="1" elasticityCoef="1" ang="90,0,0" color="0,220,0" radius="0.5" length="4" />
		<capsule pos="-12.649999999999999,-49.5,13.799999999999997" vel="0,0,0" mass="1" elasticityCoef="1" ang="90,0,0" color="0,220,0" radius="0.5" length="4" />
		<capsule pos="-12.649999999999999,-49.5,16.1" vel="0,0,0" mass="1" elasticityCoef="1" ang="90,0,0" color="0,220,0" radius="0.5" length="4" />
		<capsule pos="-12.649999999999999,-49.5,18.4" vel="0,0,0" mass="1" elasticityCoef="1" ang="90,0,0" color="0,220,0" radius="0.5" length="4" />
		<capsule pos="-12.649999999999999,-49.5,20.699999999999996" vel="0,0,0" mass="1" elasticityCoef="1" ang="90,0,0" color="0,220,0" radius="0.5" length="4" />
		<capsule pos="-12.649999999999999,-49.5,22.999999999999993" vel="0,0,0" mass="1" elasticityCoef="1" ang="90,0,0" color="0,220,0" radius="0.5" length="4" />
		<capsule pos="-12.649999999999999,-49.5,25.300000000000004" vel="0,0,0" mass="1" elasticityCoef="1" ang="90,0,0" color="0,220,0" radius="0.5" length="4" />
		<capsule pos="-12.649999999999999,-49.5,27.6" vel="0,0,0" mass="1" elasticityCoef="1" ang="90,0,0" color="0,220,0" radius="0.5" length="4" />
		<capsule pos="-12.649999999999999,-49.5,29.9" vel="0,0,0" mass="1" elasticityCoef="1" ang="90,0,0" color="0,220,0" radius="0.5" length="4" />
		<capsule pos="-12.649999999999999,-49.5,32.199999999999996" vel="0,0,0" mass="1" elasticityCoef="1" ang="90,0,0" color="0,220,0" radius="0.5" length="4" />
		<capsule pos="-12.649999999999999,-49.5,34.49999999999999" vel="0,0,0" mass="1" elasticityCoef="1" ang="90,0,0" color="0,220,0" radius="0.5" length="4" />
		<capsule pos="-12.649999999999999,-49.5,36.800000000000004" vel="0,0,0" mass="1" elasticityCoef="1" ang="90,0,0" color="0,220,0" radius="0.5" length="4" />
		<capsule pos="-12.649999999999999,-49.5,39.1" vel="0,0,0" mass="1" elasticityCoef="1" ang="90,0,0" color="0,220,0" radius="0.5" length="4" />
		<capsule pos="-12.649999999999999,-49.5,41.4" vel="0,0,0" mass="1" elasticityCoef="1" ang="90,0,0" color="0,220,0" radius="0.5" length="4" />
		<capsule pos="-12.649999999999999,-44.0,-43.699999999999996" vel="0,0,0" mass="1" elasticityCoef="1" ang="90,0,0" color="0,220,0" radius="0.5" length="4" />
		<capsule pos="-12.649999999999999,-44.0,-41.4" vel="0,0,0" mass="1" elasticityCoef="1" ang="90,0,0" color="0,220,0" radius="0.5" length="4" />
		<capsule pos="-12.649999999999999,-44.0,-39.099999999999994" vel="0,0,0" mass="1" elasticityCoef="1" ang="90,0,0" color="0,220,0" radius="0.5" length="4" />
		<capsule pos="-12.649999999999999,-44.0,-36.8" vel="0,0,0" mass="1" elasticityCoef="1" ang="90,0,0" color="0,220,0" radius="0.5" length="4" />
		<capsule pos="-12.649999999999999,-44.0,-34.5" vel="0,0,0" mass="1" elasticityCoef="1" ang="90,0,0" color="0,220,0" radius="0.5" length="4" />
		<capsule pos="-12.649999999999999,-44.0,-32.199999999999996" vel="0,0,0" mass="1" elasticityCoef="1" ang="90,0,0" color="0,220,0" radius="0.5" length="4" />
		<capsule pos="-12.649999999999999,-44.0,-29.9" vel="0,0,0" mass="1" elasticityCoef="1" ang="90,0,0" color="0,220,0" radius="0.5" length="4" />
		<capsule pos="-12.649999999999999,-44.0,-27.599999999999998" vel="0,0,0" mass="1" elasticityCoef="1" ang="90,0,0" color="0,220,0" radius="0.5" length="4" />
		<capsule pos="-12.649999999999999,-44.0,-25.299999999999997" vel="0,0,0" mass="1" elasticityCoef="1" ang="90,0,0" color="0,220,0" radius="0.5" length="4" />
		<capsule pos="-12.649999999999999,-44.0,-22.999999999999996" vel="0,0,0" mass="1" elasticityCoef="1" ang="90,0,0" color="0,220,0" radius="0.5" length="4" />
		<capsule pos="-12.649999999999999,-44.0,-20.699999999999996" vel="0,0,0" mass="1" elasticityCoef="1" ang="90,0,0" color="0,220,0" radius="0.5" length="4" />
		<capsule pos="-12.649999999999999,-44.0,-18.4" vel="0,0,0" mass="1" elasticityCoef="1" ang="90,0,0" color="0,220,0" radius="0.5" length="4" />
		<capsule pos="-12.649999999999999,-44.0,-16.099999999999998" vel="0,0,0" mass="1" elasticityCoef="1" ang="90,0,0" color="0,220,0" radius="0.5" length="4" />
		<capsule pos="-12.649999999999999,-44.0,-13.799999999999997" vel="0,0,0" mass="1" elasticityCoef="1" ang="90,0,0" color="0,220,0" radius="0.5" length="4" />
		<capsule pos="-12.649999999999999,-44.0,-11.5" vel="0,0,0" mass="1" elasticityCoef="1" ang="90,0,0" color="0,220,0" radius="0.5" length="4" />
		<capsule pos="-12.649999999999999,-44.0,-9.199999999999996" vel="0,0,0" mass="1" elasticityCoef="1" ang="90,0,0" color="0,220,0" radius="0.5" length="4" />
		<capsule pos="-12.649999999999999,-44.0,-6.899999999999999" vel="0,0,0" mass="1" elasticityCoef="1" ang="90,0,0" color="0,220,0" radius="0.5" length="4" />
		<capsule pos="-12.649999999999999,-44.0,-4.600000000000001" vel="0,0,0" mass="1" elasticityCoef="1" ang="90,0,0" color="0,220,0" radius="0.5" length="4" />
		<capsule pos="-12.649999999999999,-44.0,-2.299999999999997" vel="0,0,0" mass="1" elasticityCoef="1" ang="90,0,0" color="0,220,0" radius="0.5" length="4" />
		<capsule pos="-12.649999999999999,-44.0,0.0" vel="0,0,0" mass="1" elasticityCoef="1" ang="90,0,0" color="0,220,0" radius="0.5" length="4" />
		<capsule pos="-12.649999999999999,-44.0,2.3000000000000043" vel="0,0,0" mass="1" elasticityCoef="1" ang="90,0,0" color="0,220,0" radius="0.5" length="4" />
		<capsule pos="-12.649999999999999,-44.0,4.600000000000001" vel="0,0,0" mass="1" elasticityCoef="1" ang="90,0,0" color="0,220,0" radius="0.5" length="4" />
		<capsule pos="-12.649999999999999,-44.0,6.899999999999999" vel="0,0,0" mass="1" elasticityCoef="1" ang="90,0,0" color="0,220,0" radius="0.5" length="4" />
		<capsule pos="-12.649999999999999,-44.0,9.200000000000003" vel="0,0,0" mass="1" elasticityCoef="1" ang="90,0,0" color="0,220,0" radius="0.5" length="4" />
		<capsule pos="-12.649999999999999,-44.0,11.5" vel="0,0,0" mass="1" elasticityCoef="1" ang="90,0,0" color="0,220,0" radius="0.5" length="4" />
		<capsule pos="-12.649999999999999,-44.0,13.799999999999997" vel="0,0,0" mass="1" elasticityCoef="1" ang="90,0,0" color="0,220,0" radius="0.5" length="4" />
		<capsule pos="-12.649999999999999,-44.0,16.1" vel="0,0,0" mass="1" elasticityCoef="1" ang="90,0,0" color="0,220,0" radius="0.5" length="4" />
		<capsule pos="-12.649999999999999,-44.0,18.4" vel="0,0,0" mass="1" elasticityCoef="1" ang="90,0,0" color="0,220,0" radius="0.5" length="4" />
		<capsule pos="-12.649999999999999,-44.0,20.699999999999996" vel="0,0,0" mass="1" elasticityCoef="1" ang="90,0,0" color="0,220,0" radius="0.5" length="4" />
		<capsule pos="-12.649999999999999,-44.0,22.999999999999993" vel="0,0,0" mass="1" elasticityCoef="1" ang="90,0,0" color="0,220,0" radius="0.5" length="4" />
		<capsule pos="-12.649999999999999,-44.0,25.300000000000004" vel="0,0,0" mass="1" elasticityCoef="1" ang="90,0,0" color="0,220,0" radius="0.5" length="4" />
		<capsule pos="-12.649999999999999,-44.0,27.6" vel="0,0,0" mass="1" elasticityCoef="1" ang="90,0,0" color="0,220,0" radius="0.5" length="4" />
		<capsule pos="-12.649999999999999,-44.0,29.9" vel="0,0,0" mass="1" elasticityCoef="1" ang="90,0,0" color="0,220,0" radius="0.5" length="4" />
		<capsule pos="-12.649999999999999,-44.0,32.199999999999996" vel="0,0,0" mass="1" elasticityCoef="1" ang="90,0,0" color="0,220,0" radius="0.5" length="4" />
		<capsule pos="-12.649999999999999,-44.0,34.49999999999999" vel="0,0,0" mass="1" elasticityCoef="1" ang="90,0,0" color="0,220,0" radius="0.5" length="4" />
		<capsule pos="-12.649999999999999,-44.0,36.800000000000004" vel="0,0,0" mass="1" elasticityCoef="1" ang="90,0,0" color="0,220,0" radius="0.5" length="4" />
		<capsule pos="-12.649999999999999,-44.0,39.1" vel="0,0,0" mass="1" elasticityCoef="1" ang="90,0,0" color="0,220,0" radius="0.5" length="4" />
		<capsule pos="-12.649999999999999,-44.0,41.4" vel="0,0,0" mass="1" elasticityCoef="1" ang="90,0,0" color="0,220,0" radius="0.5" length="4" />
		<capsule pos="-12.649999999999999,-38.5,-43.699999999999996" vel="0,0,0" mass="1" elasticityCoef="1" ang="90,0,0" color="0,220,0" radius="0.5" length="4" />
		<capsule pos="-12.649999999999999,-38.5,-41.4" vel="0,0,0" mass="1" elasticityCoef="1" ang="90,0,0" color="0,220,0" radius="0.5" length="4" />
		<capsule pos="-12.649999999999999,-38.5,-39.099999999999994" vel="0,0,0" mass="1" elasticityCoef="1" ang="90,0,0" color="0,220,0" radius="0.5" length="4" />
		<capsule pos="-12.649999999999999,-38.5,-36.8" vel="0,0,0" mass="1" elasticityCoef="1" ang="90,0,0" color="0,220,0" radius="0.5" length="4" />
		<capsule pos="-12.649999999999999,-38.5,-34.5" vel="0,0,0" mass="1" elasticityCoef="1" ang="90,0,0" color="0,220,0" radius="0.5" length="4" />
		<capsule pos="-12.649999999999999,-38.5,-32.199999999999996" vel="0,0,0" mass="1" elasticityCoef="1" ang="90,0,0" color="0,220,0" radius="0.5" length="4" />
		<capsule pos="-12.649999999999999,-38.5,-29.9" vel="0,0,0" mass="1" elasticityCoef="1" ang="90,0,0" color="0,220,0" radius="0.5" length="4" />
		<capsule pos="-12.649999999999999,-38.5,-27.599999999999998" vel="0,0,0" mass="1" elasticityCoef="1" ang="90,0,0" color="0,220,0" radius="0.5" length="4" />
		<capsule pos="-12.649999999999999,-38.5,-25.299999999999997" vel="0,0,0" mass="1" elasticityCoef="1" ang="90,0,0" color="0,220,0" radius="0.5" length="4" />
		<capsule pos="-12.649999999999999,-38.5,-22.999999999999996" vel="0,0,0" mass="1" elasticityCoef="1" ang="90,0,0" color="0,220,0" radius="0.5" length="4" />
		<capsule pos="-12.649999999999999,-38.5,-20.699999999999996" vel="0,0,0" mass="1" elasticityCoef="1" ang="90,0,0" color="0,220,0" radius="0.5" length="4" />
		<capsule pos="-12.649999999999999,-38.5,-18.4" vel="0,0,0" mass="1" elasticityCoef="1" ang="90,0,0" color="0,220,0" radius="0.5" length="4" />
		<capsule pos="-12.649999999999999,-38.5,-16.099999999999998" vel="0,0,0" mass="1" elasticityCoef="1" ang="90,0,0" color="0,220,0" radius="0.5" length="4" />
		<capsule pos="-12.649999999999999,-38.5,-13.799999999999997" vel="0,0,0" mass="1" elasticityCoef="1" ang="90,0,0" color="0,220,0" radius="0.5" length="4" />
		<capsule pos="-12.649999999999999,-38.5,-11.5" vel="0,0,0" mass="1" elasticityCoef="1" ang="90,0,0" color="0,220,0" radius="0.5" length="4" />
		<capsule pos="-12.649999999999999,-38.5,-9.199999999999996" vel="0,0,0" mass="1" elasticityCoef="1" ang="90,0,0" color="0,220,0" radius="0.5" length="4" />
		<capsule pos="-12.649999999999999,-38.5,-6.899999999999999" vel="0,0,0" mass="1" elasticityCoef="1" ang="90,0,0" color="0,220,0" radius="0.5" length="4" />
		<capsule pos="-12.649999999999999,-38.5,-4.600000000000001" vel="0,0,0" mass="1" elasticityCoef="1" ang="90,0,0" color="0,220,0" radius="0.5" length="4" />
		<capsule pos="-12.649999999999999,-38.5,-2.299999999999997" vel="0,0,0" mass="1" elasticityCoef="1" ang="90,0,0" color="0,220,0" radius="0.5" length="4" />
		<capsule pos="-12.649999999999999,-38.5,0.0" vel="0,0,0" mass="1" elasticityCoef="1" ang="90,0,0" color="0,220,0" radius="0.5" length="4" />
		<capsule pos="-12.649999999999999,-38.5,2.3000000000000043" vel="0,0,0" mass="1" elasticityCoef="1" ang="90,0,0" color="0,220,0" radius="0.5" length="4" />
		<capsule pos="-12.649999999999999,-38.5,4.600000000000001" vel="0,0,0" mass="1" elasticityCoef="1" ang="90,0,0" color="0,220,0" radius="0.5" length="4" />
		<capsule pos="-12.649999999999999,-38.5,6.899999999999999" vel="0,0,0" mass="1" elasticityCoef="1" ang="90,0,0" color="0,220,0" radius="0.5" length="4" />
		<capsule pos="-12.649999999999999,-38.5,9.200000000000003" vel="0,0,0" mass="1" elasticityCoef="1" ang="90,0,0" color="0,220,0" radius="0.5" length="4" />
		<capsule pos="-12.649999999999999,-38.5,11.5" vel="0,0,0" mass="1" elasticityCoef="1" ang="90,0,0" color="0,220,0" radius="0.5" length="4" />
		<capsule pos="-12.649999999999999,-38.5,13.799999999999997" vel="0,0,0" mass="1" elasticityCoef="1" ang="90,0,0" color="0,220,0" radius="0.5" length="4" />
		<capsule pos="-12.649999999999999,-38.5,16.1" vel="0,0,0" mass="1" elasticityCoef="1" ang="90,0,0" color="0,220,0" radius="0.5" length="4" />
		<capsule pos="-12.649999999999999,-38.5,18.4" vel="0,0,0" mass="1" elasticityCoef="1" ang="90,0,0" color="0,220,0" radius="0.5" length="4" />
		<capsule pos="-12.649999999999999,-38.5,20.699999999999996" vel="0,0,0" mass="1" elasticityCoef="1" ang="90,0,0" color="0,220,0" radius="0.5" length="4" />
		<capsule pos="-12.649999999999999,-38.5,22.999999999999993" vel="0,0,0" mass="1" elasticityCoef="1" ang="90,0,0" color="0,220,0" radius="0.5" length="4" />
		<capsule pos="-12.649999999999999,-38.5,25.300000000000004" vel="0,0,0" mass="1" elasticityCoef="1" ang="90,0,0" color="0,220,0" radius="0.5" length="4" />
		<capsule pos="-12.649999999999999,-38.5,27.6" vel="0,0,0" mass="1" elasticityCoef="1" ang="90,0,0" color="0,220,0" radius="0.5" length="4" />
		<capsule pos="-12.649999999999999,-38.5,29.9" vel="0,0,0" mass="1" elasticityCoef="1" ang="90,0,0" color="0,220,0" radius="0.5" length="4" />
		<capsule pos="-12.649999999999999,-38.5,32.199999999999996" vel="0,0,0" mass="1" elasticityCoef="1" ang="90,0,0" color="0,220,0" radius="0.5" length="4" />
		<capsule pos="-12.649999999999999,-38.5,34.49999999999999" vel="0,0,0" mass="1" elasticityCoef="1" ang="90,0,0" color="0,220,0" radius="0.5" length="4" />
		<capsule pos="-12.649999999999999,-38.5,36.800000000000004" vel="0,0,0" mass="1" elasticityCoef="1" ang="90,0,0" color="0,220,0" radius="0.5" length="4" />
		<capsule pos="-12.649999999999999,-38.5,39.1" vel="0,0,0" mass="1" elasticityCoef="1" ang="90,0,0" color="0,220,0" radius="0.5" length="4" />
		<capsule pos="-12.649999999999999,-38.5,41.4" vel="0,0,0" mass="1" elasticityCoef="1" ang="90,0,0" color="0,220,0" radius="0.5" length="4" />
		<capsule pos="-12.649999999999999,-33.0,-43.699999999999996" vel="0,0,0" mass="1" elasticityCoef="1" ang="90,0,0" color="0,220,0" radius="0.5" length="4" />
		<capsule pos="-12.649999999999999,-33.0,-41.4" vel="0,0,0" mass="1" elasticityCoef="1" ang="90,0,0" color="0,220,0" radius="0.5" length="4" />
		<capsule pos="-12.649999999999999,-33.0,-39.099999999999994" vel="0,0,0" mass="1" elasticityCoef="1" ang="90,0,0" color="0,220,0" radius="0.5" length="4" />
		<capsule pos="-12.649999999999999,-33.0,-36.8" vel="0,0,0" mass="1" elasticityCoef="1" ang="90,0,0" color="0,220,0" radius="0.5" length="4" />
		<capsule pos="-12.649999999999999,-33.0,-34.5" vel="0,0,0" mass="1" elasticityCoef="1" ang="90,0,0" color="0,220,0" radius="0.5" length="4" />
		<capsule pos="-12.649999999999999,-33.0,-32.199999999999996" vel="0,0,0" mass="1" elasticityCoef="1" ang="90,0,0" color="0,220,0" radius="0.5" length="4" />
		<capsule pos="-12.649999999999999,-33.0,-29.9" vel="0,0,0" mass="1" elasticityCoef="1" ang="90,0,0" color="0,220,0" radius="0.5" length="4" />
		<capsule pos="-12.649999999999999,-33.0,-27.599999999999998" vel="0,0,0" mass="1" elasticityCoef="1" ang="90,0,0" color="0,220,0" radius="0.5" length="4" />
		<capsule pos="-12.649999999999999,-33.0,-25.299999999999997" vel="0,0,0" mass="1" elasticityCoef="1" ang="90,0,0" color="0,220,0" radius="0.5" length="4" />
		<capsule pos="-12.649999999999999,-33.0,-22.999999999999996" vel="0,0,0" mass="1" elasticityCoef="1" ang="90,0,0" color="0,220,0" radius="0.5" length="4" />
		<capsule pos="-12.649999999999999,-33.0,-20.699999999999996" vel="0,0,0" mass="1" elasticityCoef="1" ang="90,0,0" color="0,220,0" radius="0.5" length="4" />
		<capsule pos="-12.649999999999999,-33.0,-18.4" vel="0,0,0" mass="1" elasticityCoef="1" ang="90,0,0" color="0,220,0" radius="0.5" length="4" />
		<capsule pos="-12.649999999999999,-33.0,-16.099999999999998" vel="0,0,0" mass="1" elasticityCoef="1" ang="90,0,0" color="0,220,0" radius="0.5" length="4" />
		<capsule pos="-12.649999999999999,-33.0,-13.799999999999997" vel="0,0,0" mass="1" elasticityCoef="1" ang="90,0,0" color="0,220,0" radius="0.5" length="4" />
		<capsule pos="-12.649999999999999,-33.0,-11.5" vel="0,0,0" mass="1" elasticityCoef="1" ang="90,0,0" color="0,220,0" radius="0.5" length="4" />
		<capsule pos="-12.649999999999999,-33.0,-9.199999999999996" vel="0,0,0" mass="1" elasticityCoef="1" ang="90,0,0" color="0,220,0" radius="0.5" length="4" />
		<capsule pos="-12.649999999999999,-33.0,-6.899999999999999" vel="0,0,0" mass="1" elasticityCoef="1" ang="90,0,0" color="0,220,0" radius="0.5" length="4" />
		<capsule pos="-12.649999999999999,-33.0,-4.600000000000001" vel="0,0,0" mass="1" elasticityCoef="1" ang="90,0,0" color="0,220,0" radius="0.5" length="4" />
		<capsule pos="-12.649999999999999,-33.0,-2.299999999999997" vel="0,0,0" mass="1" elasticityCoef="1" ang="90,0,0" color="0,220,0" radius="0.5" length="4" />
		<capsule pos="-12.649999999999999,-33.0,0.0" vel="0,0,0" mass="1" elasticityCoef="1" ang="90,0,0" color="0,220,0" radius="0.5" length="4" />
		<capsule pos="-12.649999999999999,-33.0,2.3000000000000043" vel="0,0,0" mass="1" elasticityCoef="1" ang="90,0,0" color="0,220,0" radius="0.5" length="4" />
		<capsule pos="-12.649999999999999,-33.0,4.600000000000001" vel="0,0,0" mass="1" elasticityCoef="1" ang="90,0,0" color="0,220,0" radius="0.5" length="4" />
		<capsule pos="-12.649999999999999,-33.0,6.899999999999999" vel="0,0,0" mass="1" elasticityCoef="1" ang="90,0,0" color="0,220,0" radius="0.5" length="4" />
		<capsule pos="-12.649999999999999,-33.0,9.200000000000003" vel="0,0,0" mass="1" elasticityCoef="1" ang="90,0,0" color="0,220,0" radius="0.5" length="4" />
		<capsule pos="-12.649999999999999,-33.0,11.5" vel="0,0,0" mass="1" elasticityCoef="1" ang="90,0,0" color="0,220,0" radius="0.5" length="4" />
		<capsule pos="-12.649999999999999,-33.0,13.799999999999997" vel="0,0,0" mass="1" elasticityCoef="1" ang="90,0,0" color="0,220,0" radius="0.5" length="4" />
		<capsule pos="-12.649999999999999,-33.0,16.1" vel="0,0,0" mass="1" elasticityCoef="1" ang="90,0,0" color="0,220,0" radius="0.5" length="4" />
		<capsule pos="-12.649999999999999,-33.0,18.4" vel="0,0,0" mass="1" elasticityCoef="1" ang="90,0,0" color="0,220,0" radius="0.5" length="4" />
		<capsule pos="-12.649999999999999,-33.0,20.699999999999996" vel="0,0,0" mass="1" elasticityCoef="1" ang="90,0,0" color="0,220,0" radius="0.5" length="4" />
		<capsule pos="-12.649999999999999,-33.0,22.999999999999993" vel="0,0,0" mass="1" elasticityCoef="1" ang="90,0,0" color="0,220,0" radius="0.5" length="4" />
		<capsule pos="-12.649999999999999,-33.0,25.300000000000004" vel="0,0,0" mass="1" elasticityCoef="1" ang="90,0,0" color="0,220,0" radius="0.5" length="4" />
		<capsule pos="-12.649999999999999,-33.0,27.6" vel="0,0,0" mass="1" elasticityCoef="1" ang="90,0,0" color="0,220,0" radius="0.5" length="4" />
		<capsule pos="-12.649999999999999,-33.0,29.9" vel="0,0,0" mass="1" elasticityCoef="1" ang="90,0,0" color="0,220,0" radius="0.5" length="4" />
		<capsule pos="-12.649999999999999,-33.0,32.199999999999996" vel="0,0,0" mass="1" elasticityCoef="1" ang="90,0,0" color="0,220,0" radius="0.5" length="4" />
		<capsule pos="-12.649999999999999,-33.0,34.49999999999999" vel="0,0,0" mass="1" elasticityCoef="1" ang="90,0,0" color="0,220,0" radius="0.5" length="4" />
		<capsule pos="-12.649999999999999,-33.0,36.800000000000004" vel="0,0,0" mass="1" elasticityCoef="1" ang="90,0,0" color="0,220,0" radius="0.5" length="4" />
		<capsule pos="-12.649999999999999,-33.0,39.1" vel="0,0,0" mass="1" elasticityCoef="1" ang="90,0,0" color="0,220,0" radius="0.5" length="4" />
		<capsule pos="-12.649999999999999,-33.0,41.4" vel="0,0,0" mass="1" elasticityCoef="1" ang="90,0,0" color="0,220,0" radius="0.5" length="4" />
		<capsule pos="-12.649999999999999,-27.5,-43.699999999999996" vel="0,0,0" mass="1" elasticityCoef="1" ang="90,0,0" color="0,220,0" radius="0.5" length="4" />
		<capsule pos="-12.649999999999999,-27.5,-41.4" vel="0,0,0" mass="1" elasticityCoef="1" ang="90,0,0" color="0,220,0" radius="0.5" length="4" />
		<capsule pos="-12.649999999999999,-27.5,-39.099999999999994" vel="0,0,0" mass="1" elasticityCoef="1" ang="90,0,0" color="0,220,0" radius="0.5" length="4" />
		<capsule pos="-12.649999999999999,-27.5,-36.8" vel="0,0,0" mass="1" elasticityCoef="1" ang="90,0,0" color="0,220,0" radius="0.5" length="4" />
		<capsule pos="-12.649999999999999,-27.5,-34.5" vel="0,0,0" mass="1" elasticityCoef="1" ang="90,0,0" color="0,220,0" radius="0.5" length="4" />
		<capsule pos="-12.649999999999999,-27.5,-32.199999999999996" vel="0,0,0" mass="1" elasticityCoef="1" ang="90,0,0" color="0,220,0" radius="0.5" length="4" />
		<capsule pos="-12.649999999999999,-27.5,-29.9" vel="0,0,0" mass="1" elasticityCoef="1" ang="90,0,0" color="0,220,0" radius="0.5" length="4" />
		<capsule pos="-12.649999999999999,-27.5,-27.599999999999998" vel="0,0,0" mass="1" elasticityCoef="1" ang="90,0,0" color="0,220,0" radius="0.5" length="4" />
		<capsule pos="-12.649999999999999,-27.5,-25.299999999999997" vel="0,0,0" mass="1" elasticityCoef="1" ang="90,0,0" color="0,220,0" radius="0.5" length="4" />
		<capsule pos="-12.649999999999999,-27.5,-22.999999999999996" vel="0,0,0" mass="1" elasticityCoef="1" ang="90,0,0" color="0,220,0" radius="0.5" length="4" />
		<capsule pos="-12.649999999999999,-27.5,-20.699999999999996" vel="0,0,0" mass="1" elasticityCoef="1" ang="90,0,0" color="0,220,0" radius="0.5" length="4" />
		<capsule pos="-12.649999999999999,-27.5,-18.4" vel="0,0,0" mass="1" elasticityCoef="1" ang="90,0,0" color="0,220,0" radius="0.5" length="4" />
		<capsule pos="-12.649999999999999,-27.5,-16.099999999999998" vel="0,0,0" mass="1" elasticityCoef="1" ang="90,0,0" color="0,220,0" radius="0.5" length="4" />
		<capsule pos="-12.649999999999999,-27.5,-13.799999999999997" vel="0,0,0" mass="1" elasticityCoef="1" ang="90,0,0" color="0,220,0" radius="0.5" length="4" />
		<capsule pos="-12.649999999999999,-27.5,-11.5" vel="0,0,0" mass="1" elasticityCoef="1" ang="90,0,0" color="0,220,0" radius="0.5" length="4" />
		<capsule pos="-12.649999999999999,-27.5,-9.199999999999996" vel="0,0,0" mass="1" elasticityCoef="1" ang="90,0,0" color="0,220,0" radius="0.5" length="4" />
		<capsule pos="-12.649999999999999,-27.5,-6.899999999999999" vel="0,0,0" mass="1" elasticityCoef="1" ang="90,0,0" color="0,220,0" radius="0.5" length="4" />
		<capsule pos="-12.649999999999999,-27.5,-4.600000000000001" vel="0,0,0" mass="1" elasticityCoef="1" ang="90,0,0" color="0,220,0" radius="0.5" length="4" />
		<capsule pos="-12.649999999999999,-27.5,-2.299999999999997" vel="0,0,0" mass="1" elasticityCoef="1" ang="90,0,0" color="0,220,0" radius="0.5" length="4" />
		<capsule pos="-12.649999999999999,-27.5,0.0" vel="0,0,0" mass="1" elasticityCoef="1" ang="90,0,0" color="0,220,0" radius="0.5" length="4" />
		<capsule pos="-12.649999999999999,-27.5,2.3000000000000043" vel="0,0,0" mass="1" elasticityCoef="1" ang="90,0,0" color="0,220,0" radius="0.5" length="4" />
		<capsule pos="-12.649999999999999,-27.5,4.600000000000001" vel="0,0,0" mass="1" elasticityCoef="1" ang="90,0,0" color="0,220,0" radius="0.5" length="4" />
		<capsule pos="-12.649999999999999,-27.5,6.899999999999999" vel="0,0,0" mass="1" elasticityCoef="1" ang="90,0,0" color="0,220,0" radius="0.5" length="4" />
		<capsule pos="-12.649999999999999,-27.5,9.200000000000003" vel="0,0,0" mass="1" elasticityCoef="1" ang="90,0,0" color="0,220,0" radius="0.5" length="4" />
		<capsule pos="-12.649999999999999,-27.5,11.5" vel="0,0,0" mass="1" elasticityCoef="1" ang="90,0,0" color="0,220,0" radius="0.5" length="4" />
		<capsule pos="-12.649999999999999,-27.5,13.799999999999997" vel="0,0,0" mass="1" elasticityCoef="1" ang="90,0,0" color="0,220,0" radius="0.5" length="4" />
		<capsule pos="-12.649999999999999,-27.5,16.1" vel="0,0,0" mass="1" elasticityCoef="1" ang="90,0,0" color="0,220,0" radius="0.5" length="4" />
		<capsule pos="-12.649999999999999,-27.5,18.4" vel="0,0,0" mass="1" elasticityCoef="1" ang="90,0,0" color="0,220,0" radius="0.5" length="4" />
		<capsule pos="-12.649999999999999,-27.5,20.699999999999996" vel="0,0,0" mass="1" elasticityCoef="1" ang="90,0,0" color="0,220,0" radius="0.5" length="4" />
		<capsule pos="-12.649999999999999,-27.5,22.999999999999993" vel="0,0,0" mass="1" elasticityCoef="1" ang="90,0,0" color="0,220,0" radius="0.5" length="4" />
		<capsule pos="-12.649999999999999,-27.5,25.300000000000004" vel="0,0,0" mass="1" elasticityCoef="1" ang="90,0,0" color="0,220,0" radius="0.5" length="4" />
		<capsule pos="-12.649999999999999,-27.5,27.6" vel="0,0,0" mass="1" elasticityCoef="1" ang="90,0,0" color="0,220,0" radius="0.5" length="4" />
		<capsule pos="-12.649999999999999,-27.5,29.9" vel="0,0,0" mass="1" elasticityCoef="1" ang="90,0,0" color="0,220,0" radius="0.5" length="4" />
		<capsule pos="-12.649999999999999,-27.5,32.199999999999996" vel="0,0,0" mass="1" elasticityCoef="1" ang="90,0,0" color="0,220,0" radius="0.5" length="4" />
		<capsule pos="-12.649999999999999,-27.5,34.49999999999999" vel="0,0,0" mass="1" elasticityCoef="1" ang="90,0,0" color="0,220,0" radius="0.5" length="4" />
		<capsule pos="-12.649999999999999,-27.5,36.800000000000004" vel="0,0,0" mass="1" elasticityCoef="1" ang="90,0,0" color="0,220,0" radius="0.5" length="4" />
		<capsule pos="-12.649999999999999,-27.5,39.1" vel="0,0,0" mass="1" elasticityCoef="1" ang="90,0,0" color="0,220,0" radius="0.5" length="4" />
		<capsule pos="-12.649999999999999,-27.5,41.4" vel="0,0,0" mass="1" elasticityCoef="1" ang="90,0,0" color="0,220,0" radius="0.5" length="4" />
		<capsule pos="-12.649999999999999,-22.0,-43.699999999999996" vel="0,0,0" mass="1" elasticityCoef="1" ang="90,0,0" color="0,220,0" radius="0.5" length="4" />
		<capsule pos="-12.649999999999999,-22.0,-41.4" vel="0,0,0" mass="1" elasticityCoef="1" ang="90,0,0" color="0,220,0" radius="0.5" length="4" />
		<capsule pos="-12.649999999999999,-22.0,-39.099999999999994" vel="0,0,0" mass="1" elasticityCoef="1" ang="90,0,0" color="0,220,0" radius="0.5" length="4" />
		<capsule pos="-12.649999999999999,-22.0,-36.8" vel="0,0,0" mass="1" elasticityCoef="1" ang="90,0,0" color="0,220,0" radius="0.5" length="4" />
		<capsule pos="-12.649999999999999,-22.0,-34.5" vel="0,0,0" mass="1" elasticityCoef="1" ang="90,0,0" color="0,220,0" radius="0.5" length="4" />
		<capsule pos="-12.649999999999999,-22.0,-32.199999999999996" vel="0,0,0" mass="1" elasticityCoef="1" ang="90,0,0" color="0,220,0" radius="0.5" length="4" />
		<capsule pos="-12.649999999999999,-22.0,-29.9" vel="0,0,0" mass="1" elasticityCoef="1" ang="90,0,0" color="0,220,0" radius="0.5" length="4" />
		<capsule pos="-12.649999999999999,-22.0,-27.599999999999998" vel="0,0,0" mass="1" elasticityCoef="1" ang="90,0,0" color="0,220,0" radius="0.5" length="4" />
		<capsule pos="-12.649999999999999,-22.0,-25.299999999999997" vel="0,0,0" mass="1" elasticityCoef="1" ang="90,0,0" color="0,220,0" radius="0.5" length="4" />
		<capsule pos="-12.649999999999999,-22.0,-22.999999999999996" vel="0,0,0" mass="1" elasticityCoef="1" ang="90,0,0" color="0,220,0" radius="0.5" length="4" />
		<capsule pos="-12.649999999999999,-22.0,-20.699999999999996" vel="0,0,0" mass="1" elasticityCoef="1" ang="90,0,0" color="0,220,0" radius="0.5" length="4" />
		<capsule pos="-12.649999999999999,-22.0,-18.4" vel="0,0,0" mass="1" elasticityCoef="1" ang="90,0,0" color="0,220,0" radius="0.5" length="4" />
		<capsule pos="-12.649999999999999,-22.0,-16.099999999999998" vel="0,0,0" mass="1" elasticityCoef="1" ang="90,0,0" color="0,220,0" radius="0.5" length="4" />
		<capsule pos="-12.649999999999999,-22.0,-13.799999999999997" vel="0,0,0" mass="1" elasticityCoef="1" ang="90,0,0" color="0,220,0" radius="0.5" length="4" />
		<capsule pos="-12.649999999999999,-22.0,-11.5" vel="0,0,0" mass="1" elasticityCoef="1" ang="90,0,0" color="0,220,0" radius="0.5" length="4" />
		<capsule pos="-12.649999999999999,-22.0,-9.199999999999996" vel="0,0,0" mass="1" elasticityCoef="1" ang="90,0,0" color="0,220,0" radius="0.5" length="4" />
		<capsule pos="-12.649999999999999,-22.0,-6.899999999999999" vel="0,0,0" mass="1" elasticityCoef="1" ang="90,0,0" color="0,220,0" radius="0.5" length="4" />
		<capsule pos="-12.649999999999999,-22.0,-4.600000000000001" vel="0,0,0" mass="1" elasticityCoef="1" ang="90,0,0" color="0,220,0" radius="0.5" length="4" />
		<capsule pos="-12.649999999999999,-22.0,-2.299999999999997" vel="0,0,0" mass="1" elasticityCoef="1" ang="90,0,0" color="0,220,0" radius="0.5" length="4" />
		<capsule pos="-12.649999999999999,-22.0,0.0" vel="0,0,0" mass="1" elasticityCoef="1" ang="90,0,0" color="0,220,0" radius="0.5" length="4" />
		<capsule pos="-12.649999999999999,-22.0,2.3000000000000043" vel="0,0,0" mass="1" elasticityCoef="1" ang="90,0,0" color="0,220,0" radius="0.5" length="4" />
		<capsule pos="-12.649999999999999,-22.0,4.600000000000001" vel="0,0,0" mass="1" elasticityCoef="1" ang="90,0,0" color="0,220,0" radius="0.5" length="4" />
		<capsule pos="-12.649999999999999,-22.0,6.899999999999999" vel="0,0,0" mass="1" elasticityCoef="1" ang="90,0,0" color="0,220,0" radius="0.5" length="4" />
		<capsule pos="-12.649999999999999,-22.0,9.200000000000003" vel="0,0,0" mass="1" elasticityCoef="1" ang="90,0,0" color="0,220,0" radius="0.5" length="4" />
		<capsule pos="-12.649999999999999,-22.0,11.5" vel="0,0,0" mass="1" elasticityCoef="1" ang="90,0,0" color="0,220,0" radius="0.5" length="4" />
		<capsule pos="-12.649999999999999,-22.0,13.799999999999997" vel="0,0,0" mass="1" elasticityCoef="1" ang="90,0,0" color="0,220,0" radius="0.5" length="4" />
		<capsule pos="-12.649999999999999,-22.0,16.1" vel="0,0,0" mass="1" elasticityCoef="1" ang="90,0,0" color="0,220,0" radius="0.5" length="4" />
		<capsule pos="-12.649999999999999,-22.0,18.4" vel="0,0,0" mass="1" elasticityCoef="1" ang="90,0,0" color="0,220,0" radius="0.5" length="4" />
		<capsule pos="-12.649999999999999,-22.0,20.699999999999996" vel="0,0,0" mass="1" elasticityCoef="1" ang="90,0,0" color="0,220,0" radius="0.5" length="4" />
		<capsule pos="-12.649999999999999,-22.0,22.999999999999993" vel="0,0,0" mass="1" elasticityCoef="1" ang="90,0,0" color="0,220,0" radius="0.5" length="4" />
		<capsule pos="-12.649999999999999,-22.0,25.300000000000004" vel="0,0,0" mass="1" elasticityCoef="1" ang="90,0,0" color="0,220,0" radius="0.5" length="4" />
		<capsule pos="-12.649999999999999,-22.0,27.6" vel="0,0,0" mass="1" elasticityCoef="1" ang="90,0,0" color="0,220,0" radius="0.5" length="4" />
		<capsule pos="-12.649999999999999,-22.0,29.9" vel="0,0,0" mass="1" elasticityCoef="1" ang="90,0,0" color="0,220,0" radius="0.5" length="4" />
		<capsule pos="-12.649999999999999,-22.0,32.199999999999996" vel="0,0,0" mass="1" elasticityCoef="1" ang="90,0,0" color="0,220,0" radius="0.5" length="4" />
		<capsule pos="-12.649999999999999,-22.0,34.49999999999999" vel="0,0,0" mass="1" elasticityCoef="1" ang="90,0,0" color="0,220,0" radius="0.5" length="4" />
		<capsule pos="-12.649999999999999,-22.0,36.800000000000004" vel="0,0,0" mass="1" elasticityCoef="1" ang="90,0,0" color="0,220,0" radius="0.5" length="4" />
		<capsule pos="-12.649999999999999,-22.0,39.1" vel="0,0,0" mass="1" elasticityCoef="1" ang="90,0,0" color="0,220,0" radius="0.5" length="4" />
		<capsule pos="-12.649999999999999,-22.0,41.4" vel="0,0,0" mass="1" elasticityCoef="1" ang="90,0,0" color="0,220,0" radius="0.5" length="4" />
		<capsule pos="-12.649999999999999,-16.5,-43.699999999999996" vel="0,0,0" mass="1" elasticityCoef="1" ang="90,0,0" color="0,220,0" radius="0.5" length="4" />
		<capsule pos="-12.649999999999999,-16.5,-41.4" vel="0,0,0" mass="1" elasticityCoef="1" ang="90,0,0" color="0,220,0" radius="0.5" length="4" />
		<capsule pos="-12.649999999999999,-16.5,-39.099999999999994" vel="0,0,0" mass="1" elasticityCoef="1" ang="90,0,0" color="0,220,0" radius="0.5" length="4" />
		<capsule pos="-12.649999999999999,-16.5,-36.8" vel="0,0,0" mass="1" elasticityCoef="1" ang="90,0,0" color="0,220,0" radius="0.5" length="4" />
		<capsule pos="-12.649999999999999,-16.5,-34.5" vel="0,0,0" mass="1" elasticityCoef="1" ang="90,0,0" color="0,220,0" radius="0.5" length="4" />
		<capsule pos="-12.649999999999999,-16.5,-32.199999999999996" vel="0,0,0" mass="1" elasticityCoef="1" ang="90,0,0" color="0,220,0" radius="0.5" length="4" />
		<capsule pos="-12.649999999999999,-16.5,-29.9" vel="0,0,0" mass="1" elasticityCoef="1" ang="90,0,0" color="0,220,0" radius="0.5" length="4" />
		<capsule pos="-12.649999999999999,-16.5,-27.599999999999998" vel="0,0,0" mass="1" elasticityCoef="1" ang="90,0,0" color="0,220,0" radius="0.5" length="4" />
		<capsule pos="-12.649999999999999,-16.5,-25.299999999999997" vel="0,0,0" mass="1" elasticityCoef="1" ang="90,0,0" color="0,220,0" radius="0.5" length="4" />
		<capsule pos="-12.649999999999999,-16.5,-22.999999999999996" vel="0,0,0" mass="1" elasticityCoef="1" ang="90,0,0" color="0,220,0" radius="0.5" length="4" />
		<capsule pos="-12.649999999999999,-16.5,-20.699999999999996" vel="0,0,0" mass="1" elasticityCoef="1" ang="90,0,0" color="0,220,0" radius="0.5" length="4" />
		<capsule pos="-12.649999999999999,-16.5,-18.4" vel="0,0,0" mass="1" elasticityCoef="1" ang="90,0,0" color="0,220,0" radius="0.5" length="4" />
		<capsule pos="-12.649999999999999,-16.5,-16.099999999999998" vel="0,0,0" mass="1" elasticityCoef="1" ang="90,0,0" color="0,220,0" radius="0.5" length="4" />
		<capsule pos="-12.649999999999999,-16.5,-13.799999999999997" vel="0,0,0" mass="1" elasticityCoef="1" ang="90,0,0" color="0,220,0" radius="0.5" length="4" />
		<capsule pos="-12.649999999999999,-16.5,-11.5" vel="0,0,0" mass="1" elasticityCoef="1" ang="90,0,0" color="0,220,0" radius="0.5" length="4" />
		<capsule pos="-12.649999999999999,-16.5,-9.199999999999996" vel="0,0,0" mass="1" elasticityCoef="1" ang="90,0,0" color="0,220,0" radius="0.5" length="4" />
		<capsule pos="-12.649999999999999,-16.5,-6.899999999999999" vel="0,0,0" mass="1" elasticityCoef="1" ang="90,0,0" color="0,220,0" radius="0.5" length="4" />
		<capsule pos="-12.649999999999999,-16.5,-4.600000000000001" vel="0,0,0" mass="1" elasticityCoef="1" ang="90,0,0" color="0,220,0" radius="0.5" length="4" />
		<capsule pos="-12.649999999999999,-16.5,-2.299999999999997" vel="0,0,0" mass="1" elasticityCoef="1" ang="90,0,0" color="0,220,0" radius="0.5" length="4" />
		<capsule pos="-12.649999999999999,-16.5,0.0" vel="0,0,0" mass="1" elasticityCoef="1" ang="90,0,0" color="0,220,0" radius="0.5" length="4" />
		<capsule pos="-12.649999999999999,-16.5,2.3000000000000043" vel="0,0,0" mass="1" elasticityCoef="1" ang="90,0,0" color="0,220,0" radius="0.5" length="4" />
		<capsule pos="-12.649999999999999,-16.5,4.600000000000001" vel="0,0,0" mass="1" elasticityCoef="1" ang="90,0,0" color="0,220,0" radius="0.5" length="4" />
		<capsule pos="-12.649999999999999,-16.5,6.899999999999999" vel="0,0,0" mass="1" elasticityCoef="1" ang="90,0,0" color="0,220,0" radius="0.5" length="4" />
		<capsule pos="-12.649999999999999,-16.5,9.200000000000003" vel="0,0,0" mass="1" elasticityCoef="1" ang="90,0,0" color="0,220,0" radius="0.5" length="4" />
		<capsule pos="-12.649999999999999,-16.5,11.5" vel="0,0,0" mass="1" elasticityCoef="1" ang="90,0,0" color="0,220,0" radius="0.5" length="4" />
		<capsule pos="-12.649999999999999,-16.5,13.799999999999997" vel="0,0,0" mass="1" elasticityCoef="1" ang="90,0,0" color="0,220,0" radius="0.5" length="4" />
		<capsule pos="-12.649999999999999,-16.5,16.1" vel="0,0,0" mass="1" elasticityCoef="1" ang="90,0,0" color="0,220,0" radius="0.5" length="4" />
		<capsule pos="-12.649999999999999,-16.5,18.4" vel="0,0,0" mass="1" elasticityCoef="1" ang="90,0,0" color="0,220,0" radius="0.5" length="4" />
		<capsule pos="-12.649999999999999,-16.5,20.699999999999996" vel="0,0,0" mass="1" elasticityCoef="1" ang="90,0,0" color="0,220,0" radius="0.5" length="4" />
		<capsule pos="-12.649999999999999,-16.5,22.999999999999993" vel="0,0,0" mass="1" elasticityCoef="1" ang="90,0,0" color="0,220,0" radius="0.5" length="4" />
		<capsule pos="-12.649999999999999,-16.5,25.300000000000004" vel="0,0,0" mass="1" elasticityCoef="1" ang="90,0,0" color="0,220,0" radius="0.5" length="4" />
		<capsule pos="-12.649999999999999,-16.5,27.6" vel="0,0,0" mass="1" elasticityCoef="1" ang="90,0,0" color="0,220,0" radius="0.5" length="4" />
		<capsule pos="-12.649999999999999,-16.5,29.9" vel="0,0,0" mass="1" elasticityCoef="1" ang="90,0,0" color="0,220,0" radius="0.5" length="4" />
		<capsule pos="-12.649999999999999,-16.5,32.199999999999996" vel="0,0,0" mass="1" elasticityCoef="1" ang="90,0,0" color="0,220,0" radius="0.5" length="4" />
		<capsule pos="-12.649999999999999,-16.5,34.49999999999999" vel="0,0,0" mass="1" elasticityCoef="1" ang="90,0,0" color="0,220,0" radius="0.5" length="4" />
		<capsule pos="-12.649999999999999,-16.5,36.800000000000004" vel="0,0,0" mass="1" elasticityCoef="1" ang="90,0,0" color="0,220,0" radius="0.5" length="4" />
		<capsule pos="-12.649999999999999,-16.5,39.1" vel="0,0,0" mass="1" elasticityCoef="1" ang="90,0,0" color="0,220,0" radius="0.5" length="4" />
		<capsule pos="-12.649999999999999,-16.5,41.4" vel="0,0,0" mass="1" elasticityCoef="1" ang="90,0,0" color="0,220,0" radius="0.5" length="4" />
		<capsule pos="-12.649999999999999,-11.0,-43.699999999999996" vel="0,0,0" mass="1" elasticityCoef="1" ang="90,0,0" color="0,220,0" radius="0.5" length="4" />
		<capsule pos="-12.649999999999999,-11.0,-41.4" vel="0,0,0" mass="1" elasticityCoef="1" ang="90,0,0" color="0,220,0" radius="0.5" length="4" />
		<capsule pos="-12.649999999999999,-11.0,-39.099999999999994" vel="0,0,0" mass="1" elasticityCoef="1" ang="90,0,0" color="0,220,0" radius="0.5" length="4" />
		<capsule pos="-12.649999999999999,-11.0,-36.8" vel="0,0,0" mass="1" elasticityCoef="1" ang="90,0,0" color="0,220,0" radius="0.5" length="4" />
		<capsule pos="-12.649999999999999,-11.0,-34.5" vel="0,0,0" mass="1" elasticityCoef="1" ang="90,0,0" color="0,220,0" radius="0.5" length="4" />
		<capsule pos="-12.649999999999999,-11.0,-32.199999999999996" vel="0,0,0" mass="1" elasticityCoef="1" ang="90,0,0" color="0,220,0" radius="0.5" length="4" />
		<capsule pos="-12.649999999999999,-11.0,-29.9" vel="0,0,0" mass="1" elasticityCoef="1" ang="90,0,0" color="0,220,0" radius="0.5" length="4" />
		<capsule pos="-12.649999999999999,-11.0,-27.599999999999998" vel="0,0,0" mass="1" elasticityCoef="1" ang="90,0,0" color="0,220,0" radius="0.5" length="4" />
		<capsule pos="-12.649999999999999,-11.0,-25.299999999999997" vel="0,0,0" mass="1" elasticityCoef="1" ang="90,0,0" color="0,220,0" radius="0.5" length="4" />
		<capsule pos="-12.649999999999999,-11.0,-22.999999999999996" vel="0,0,0" mass="1" elasticityCoef="1" ang="90,0,0" color="0,220,0" radius="0.5" length="4" />
		<capsule pos="-12.649999999999999,-11.0,-20.699999999999996" vel="0,0,0" mass="1" elasticityCoef="1" ang="90,0,0" color="0,220,0" radius="0.5" length="4" />
		<capsule pos="-12.649999999999999,-11.0,-18.4" vel="0,0,0" mass="1" elasticityCoef="1" ang="90,0,0" color="0,220,0" radius="0.5" length="4" />
		<capsule pos="-12.649999999999999,-11.0,-16.099999999999998" vel="0,0,0" mass="1" elasticityCoef="1" ang="90,0,0" color="0,220,0" radius="0.5" length="4" />
		<capsule pos="-12.649999999999999,-11.0,-13.799999999999997" vel="0,0,0" mass="1" elasticityCoef="1" ang="90,0,0" color="0,220,0" radius="0.5" length="4" />
		<capsule pos="-12.649999999999999,-11.0,-11.5" vel="0,0,0" mass="1" elasticityCoef="1" ang="90,0,0" color="0,220,0" radius="0.5" length="4" />
		<capsule pos="-12.649999999999999,-11.0,-9.199999999999996" vel="0,0,0" mass="1" elasticityCoef="1" ang="90,0,0" color="0,220,0" radius="0.5" length="4" />
		<capsule pos="-12.649999999999999,-11.0,-6.899999999999999" vel="0,0,0" mass="1" elasticityCoef="1" ang="90,0,0" color="0,220,0" radius="0.5" length="4" />
		<capsule pos="-12.649999999999999,-11.0,-4.600000000000001" vel="0,0,0" mass="1" elasticityCoef="1" ang="90,0,0" color="0,220,0" radius="0.5" length="4" />
		<capsule pos="-12.649999999999999,-11.0,-2.299999999999997" vel="0,0,0" mass="1" elasticityCoef="1" ang="90,0,0" color="0,220,0" radius="0.5" length="4" />
		<capsule pos="-12.649999999999999,-11.0,0.0" vel="0,0,0" mass="1" elasticityCoef="1" ang="90,0,0" color="0,220,0" radius="0.5" length="4" />
		<capsule pos="-12.649999999999999,-11.0,2.3000000000000043" vel="0,0,0" mass="1" elasticityCoef="1" ang="90,0,0" color="0,220,0" radius="0.5" length="4" />
		<capsule pos="-12.649999999999999,-11.0,4.600000000000001" vel="0,0,0" mass="1" elasticityCoef="1" ang="90,0,0" color="0,220,0" radius="0.5" length="4" />
		<capsule pos="-12.649999999999999,-11.0,6.899999999999999" vel="0,0,0" mass="1" elasticityCoef="1" ang="90,0,0" color="0,220,0" radius="0.5" length="4" />
		<capsule pos="-12.649999999999999,-11.0,9.200000000000003" vel="0,0,0" mass="1" elasticityCoef="1" ang="90,0,0" color="0,220,0" radius="0.5" length="4" />
		<capsule pos="-12.649999999999999,-11.0,11.5" vel="0,0,0" mass="1" elasticityCoef="1" ang="90,0,0" color="0,220,0" radius="0.5" length="4" />
		<capsule pos="-12.649999999999999,-11.0,13.799999999999997" vel="0,0,0" mass="1" elasticityCoef="1" ang="90,0,0" color="0,220,0" radius="0.5" length="4" />
		<capsule pos="-12.649999999999999,-11.0,16.1" vel="0,0,0" mass="1" elasticityCoef="1" ang="90,0,0" color="0,220,0" radius="0.5" length="4" />
		<capsule pos="-12.649999999999999,-11.0,18.4" vel="0,0,0" mass="1" elasticityCoef="1" ang="90,0,0" color="0,220,0" radius="0.5" length="4" />
		<capsule pos="-12.649999999999999,-11.0,20.699999999999996" vel="0,0,0" mass="1" elasticityCoef="1" ang="90,0,0" color="0,220,0" radius="0.5" length="4" />
		<capsule pos="-12.649999999999999,-11.0,22.999999999999993" vel="0,0,0" mass="1" elasticityCoef="1" ang="90,0,0" color="0,220,0" radius="0.5" length="4" />
		<capsule pos="-12.649999999999999,-11.0,25.300000000000004" vel="0,0,0" mass="1" elasticityCoef="1" ang="90,0,0" color="0,220,0" radius="0.5" length="4" />
		<capsule pos="-12.649999999999999,-11.0,27.6" vel="0,0,0" mass="1" elasticityCoef="1" ang="90,0,0" color="0,220,0" radius="0.5" length="4" />
		<capsule pos="-12.649999999999999,-11.0,29.9" vel="0,0,0" mass="1" elasticityCoef="1" ang="90,0,0" color="0,220,0" radius="0.5" length="4" />
		<capsule pos="-12.649999999999999,-11.0,32.199999999999996" vel="0,0,0" mass="1" elasticityCoef="1" ang="90,0,0" color="0,220,0" radius="0.5" length="4" />
		<capsule pos="-12.649999999999999,-11.0,34.49999999999999" vel="0,0,0" mass="1" elasticityCoef="1" ang="90,0,0" color="0,220,0" radius="0.5" length="4" />
		<capsule pos="-12.649999999999999,-11.0,36.800000000000004" vel="0,0,0" mass="1" elasticityCoef="1" ang="90,0,0" color="0,220,0" radius="0.5" length="4" />
		<capsule pos="-12.649999999999999,-11.0,39.1" vel="0,0,0" mass="1" elasticityCoef="1" ang="90,0,0" color="0,220,0" radius="0.5" length="4" />
		<capsule pos="-12.649999999999999,-11.0,41.4" vel="0,0,0" mass="1" elasticityCoef="1" ang="90,0,0" color="0,220,0" radius="0.5" length="4" />
		<capsule pos="-12.649999999999999,-5.5,-43.699999999999996" vel="0,0,0" mass="1" elasticityCoef="1" ang="90,0,0" color="0,220,0" radius="0.5" length="4" />
		<capsule pos="-12.649999999999999,-5.5,-41.4" vel="0,0,0" mass="1" elasticityCoef="1" ang="90,0,0" color="0,220,0" radius="0.5" length="4" />
		<capsule pos="-12.649999999999999,-5.5,-39.099999999999994" vel="0,0,0" mass="1" elasticityCoef="1" ang="90,0,0" color="0,220,0" radius="0.5" length="4" />
		<capsule pos="-12.649999999999999,-5.5,-36.8" vel="0,0,0" mass="1" elasticityCoef="1" ang="90,0,0" color="0,220,0" radius="0.5" length="4" />
		<capsule pos="-12.649999999999999,-5.5,-34.5" vel="0,0,0" mass="1" elasticityCoef="1" ang="90,0,0" color="0,220,0" radius="0.5" length="4" />
		<capsule pos="-12.649999999999999,-5.5,-32.199999999999996" vel="0,0,0" mass="1" elasticityCoef="1" ang="90,0,0" color="0,220,0" radius="0.5" length="4" />
		<capsule pos="-12.649999999999999,-5.5,-29.9" vel="0,0,0" mass="1" elasticityCoef="1" ang="90,0,0" color="0,220,0" radius="0.5" length="4" />
		<capsule pos="-12.649999999999999,-5.5,-27.599999999999998" vel="0,0,0" mass="1" elasticityCoef="1" ang="90,0,0" color="0,220,0" radius="0.5" length="4" />
		<capsule pos="-12.649999999999999,-5.5,-25.299999999999997" vel="0,0,0" mass="1" elasticityCoef="1" ang="90,0,0" color="0,220,0" radius="0.5" length="4" />
		<capsule pos="-12.649999999999999,-5.5,-22.999999999999996" vel="0,0,0" mass="1" elasticityCoef="1" ang="90,0,0" color="0,220,0" radius="0.5" length="4" />
		<capsule pos="-12.649999999999999,-5.5,-20.699999999999996" vel="0,0,0" mass="1" elasticityCoef="1" ang="90,0,0" color="0,220,0" radius="0.5" length="4" />
		<capsule pos="-12.649999999999999,-5.5,-18.4" vel="0,0,0" mass="1" elasticityCoef="1" ang="90,0,0" color="0,220,0" radius="0.5" length="4" />
		<capsule pos="-12.649999999999999,-5.5,-16.099999999999998" vel="0,0,0" mass="1" elasticityCoef="1" ang="90,0,0" color="0,220,0" radius="0.5" length="4" />
		<capsule pos="-12.649999999999999,-5.5,-13.799999999999997" vel="0,0,0" mass="1" elasticityCoef="1" ang="90,0,0" color="0,220,0" radius="0.5" length="4" />
		<capsule pos="-12.649999999999999,-5.5,-11.5" vel="0,0,0" mass="1" elasticityCoef="1" ang="90,0,0" color="0,220,0" radius="0.5" length="4" />
		<capsule pos="-12.649999999999999,-5.5,-9.199999999999996" vel="0,0,0" mass="1" elasticityCoef="1" ang="90,0,0" color="0,220,0" radius="0.5" length="4" />
		<capsule pos="-12.649999999999999,-5.5,-6.899999999999999" vel="0,0,0" mass="1" elasticityCoef="1" ang="90,0,0" color="0,220,0" radius="0.5" length="4" />
		<capsule pos="-12.649999999999999,-5.5,-4.600000000000001" vel="0,0,0" mass="1" elasticityCoef="1" ang="90,0,0" color="0,220,0" radius="0.5" length="4" />
		<capsule pos="-12.649999999999999,-5.5,-2.299999999999997" vel="0,0,0" mass="1" elasticityCoef="1" ang="90,0,0" color="0,220,0" radius="0.5" length="4" />
		<capsule pos="-12.649999999999999,-5.5,0.0" vel="0,0,0" mass="1" elasticityCoef="1" ang="90,0,0" color="0,220,0" radius="0.5" length="4" />
		<capsule pos="-12.649999999999999,-5.5,2.3000000000000043" vel="0,0,0" mass="1" elasticityCoef="1" ang="90,0,0" color="0,220,0" radius="0.5" length="4" />
		<capsule pos="-12.649999999999999,-5.5,4.600000000000001" vel="0,0,0" mass="1" elasticityCoef="1" ang="90,0,0" color="0,220,0" radius="0.5" length="4" />
		<capsule pos="-12.649999999999999,-5.5,6.899999999999999" vel="0,0,0" mass="1" elasticityCoef="1" ang="90,0,0" color="0,220,0" radius="0.5" length="4" />
		<capsule pos="-12.649999999999999,-5.5,9.200000000000003" vel="0,0,0" mass="1" elasticityCoef="1" ang="90,0,0" color="0,220,0" radius="0.5" length="4" />
		<capsule pos="-12.649999999999999,-5.5,11.5" vel="0,0,0" mass="1" elasticityCoef="1" ang="90,0,0" color="0,220,0" radius="0.5" length="4" />
		<capsule pos="-12.649999999999999,-5.5,13.799999999999997" vel="0,0,0" mass="1" elasticityCoef="1" ang="90,0,0" color="0,220,0" radius="0.5" length="4" />
		<capsule pos="-12.649999999999999,-5.5,16.1" vel="0,0,0" mass="1" elasticityCoef="1" ang="90,0,0" color="0,220,0" radius="0.5" length="4" />
		<capsule pos="-12.649999999999999,-5.5,18.4" vel="0,0,0" mass="1" elasticityCoef="1" ang="90,0,0" color="0,220,0" radius="0.5" length="4" />
		<capsule pos="-12.649999999999999,-5.5,20.699999999999996" vel="0,0,0" mass="1" elasticityCoef="1" ang="90,0,0" color="0,220,0" radius="0.5" length="4" />
		<capsule pos="-12.649999999999999,-5.5,22.999999999999993" vel="0,0,0" mass="1" elasticityCoef="1" ang="90,0,0" color="0,220,0" radius="0.5" length="4" />
		<capsule pos="-12.649999999999999,-5.5,25.300000000000004" vel="0,0,0" mass="1" elasticityCoef="1" ang="90,0,0" color="0,220,0" radius="0.5" length="4" />
		<capsule pos="-12.649999999999999,-5.5,27.6" vel="0,0,0" mass="1" elasticityCoef="1" ang="90,0,0" color="0,220,0" radius="0.5" length="4" />
		<capsule pos="-12.649999999999999,-5.5,29.9" vel="0,0,0" mass="1" elasticityCoef="1" ang="90,0,0" color="0,220,0" radius="0.5" length="4" />
		<capsule pos="-12.649999999999999,-5.5,32.199999999999996" vel="0,0,0" mass="1" elasticityCoef="1" ang="90,0,0" color="0,220,0" radius="0.5" length="4" />
		<capsule pos="-12.649999999999999,-5.5,34.49999999999999" vel="0,0,0" mass="1" elasticityCoef="1" ang="90,0,0" color="0,220,0" radius="0.5" length="4" />
		<capsule pos="-12.649999999999999,-5.5,36.800000000000004" vel="0,0,0" mass="1" elasticityCoef="1" ang="90,0,0" color="0,220,0" radius="0.5" length="4" />
		<capsule pos="-12.649999999999999,-5.5,39.1" vel="0,0,0" mass="1" elasticityCoef="1" ang="90,0,0" color="0,220,0" radius="0.5" length="4" />
		<capsule pos="-12.649999999999999,-5.5,41.4" vel="0,0,0" mass="1" elasticityCoef="1" ang="90,0,0" color="0,220,0" radius="0.5" length="4" />
		<capsule pos="-12.649999999999999,0.0,-43.699999999999996" vel="0,0,0" mass="1" elasticityCoef="1" ang="90,0,0" color="0,220,0" radius="0.5" length="4" />
		<capsule pos="-12.649999999999999,0.0,-41.4" vel="0,0,0" mass="1" elasticityCoef="1" ang="90,0,0" color="0,220,0" radius="0.5" length="4" />
		<capsule pos="-12.649999999999999,0.0,-39.099999999999994" vel="0,0,0" mass="1" elasticityCoef="1" ang="90,0,0" color="0,220,0" radius="0.5" length="4" />
		<capsule pos="-12.649999999999999,0.0,-36.8" vel="0,0,0" mass="1" elasticityCoef="1" ang="90,0,0" color="0,220,0" radius="0.5" length="4" />
		<capsule pos="-12.649999999999999,0.0,-34.5" vel="0,0,0" mass="1" elasticityCoef="1" ang="90,0,0" color="0,220,0" radius="0.5" length="4" />
		<capsule pos="-12.649999999999999,0.0,-32.199999999999996" vel="0,0,0" mass="1" elasticityCoef="1" ang="90,0,0" color="0,220,0" radius="0.5" length="4" />
		<capsule pos="-12.649999999999999,0.0,-29.9" vel="0,0,0" mass="1" elasticityCoef="1" ang="90,0,0" color="0,220,0" radius="0.5" length="4" />
		<capsule pos="-12.649999999999999,0.0,-27.599999999999998" vel="0,0,0" mass="1" elasticityCoef="1" ang="90,0,0" color="0,220,0" radius="0.5" length="4" />
		<capsule pos="-12.649999999999999,0.0,-25.299999999999997" vel="0,0,0" mass="1" elasticityCoef="1" ang="90,0,0" color="0,220,0" radius="0.5" length="4" />
		<capsule pos="-12.649999999999999,0.0,-22.999999999999996" vel="0,0,0" mass="1" elasticityCoef="1" ang="90,0,0" color="0,220,0" radius="0.5" length="4" />
		<capsule pos="-12.649999999999999,0.0,-20.699999999999996" vel="0,0,0" mass="1" elasticityCoef="1" ang="90,0,0" color="0,220,0" radius="0.5" length="4" />
		<capsule pos="-12.649999999999999,0.0,-18.4" vel="0,0,0" mass="1" elasticityCoef="1" ang="90,0,0" color="0,220,0" radius="0.5" length="4" />
		<capsule pos="-12.649999999999999,0.0,-16.099999999999998" vel="0,0,0" mass="1" elasticityCoef="1" ang="90,0,0" color="0,220,0" radius="0.5" length="4" />
		<capsule pos="-12.649999999999999,0.0,-13.799999999999997" vel="0,0,0" mass="1" elasticityCoef="1" ang="90,0,0" color="0,220,0" radius="0.5" length="4" />
		<capsule pos="-12.649999999999999,0.0,-11.5" vel="0,0,0" mass="1" elasticityCoef="1" ang="90,0,0" color="0,220,0" radius="0.5" length="4" />
		<capsule pos="-12.649999999999999,0.0,-9.199999999999996" vel="0,0,0" mass="1" elasticityCoef="1" ang="90,0,0" color="0,220,0" radius="0.5" length="4" />
		<capsule pos="-12.649999999999999,0.0,-6.899999999999999" vel="0,0,0" mass="1" elasticityCoef="1" ang="90,0,0" color="0,220,0" radius="0.5" length="4" />
		<capsule pos="-12.649999999999999,0.0,-4.600000000000001" vel="0,0,0" mass="1" elasticityCoef="1" ang="90,0,0" color="0,220,0" radius="0.5" length="4" />
		<capsule pos="-12.649999999999999,0.0,-2.299999999999997" vel="0,0,0" mass="1" elasticityCoef="1" ang="90,0,0" color="0,220,0" radius="0.5" length="4" />
		<capsule pos="-12.649999999999999,0.0,0.0" vel="0,0,0" mass="1" elasticityCoef="1" ang="90,0,0" color="0,220,0" radius="0.5" length="4" />
		<capsule pos="-12.649999999999999,0.0,2.3000000000000043" vel="0,0,0" mass="1" elasticityCoef="1" ang="90,0,0" color="0,220,0" radius="0.5" length="4" />
		<capsule pos="-12.649999999999999,0.0,4.600000000000001" vel="0,0,0" mass="1" elasticityCoef="1" ang="90,0,0" color="0,220,0" radius="0.5" length="4" />
		<capsule pos="-12.649999999999999,0.0,6.899999999999999" vel="0,0,0" mass="1" elasticityCoef="1" ang="90,0,0" color="0,220,0" radius="0.5" length="4" />
		<capsule pos="-12.649999999999999,0.0,9.200000000000003" vel="0,0,0" mass="1" elasticityCoef="1" ang="90,0,0" color="0,220,0" radius="0.5" length="4" />
		<capsule pos="-12.649999999999999,0.0,11.5" vel="0,0,0" mass="1" elasticityCoef="1" ang="90,0,0" color="0,220,0" radius="0.5" length="4" />
		<capsule pos="-12.649999999999999,0.0,13.799999999999997" vel="0,0,0" mass="1" elasticityCoef="1" ang="90,0,0" color="0,220,0" radius="0.5" length="4" />
		<capsule pos="-12.649999999999999,0.0,16.1" vel="0,0,0" mass="1" elasticityCoef="1" ang="90,0,0" color="0,220,0" radius="0.5" length="4" />
		<capsule pos="-12.649999999999999,0.0,18.4" vel="0,0,0" mass="1" elasticityCoef="1" ang="90,0,0" color="0,220,0" radius="0.5" length="4" />
		<capsule pos="-12.649999999999999,0.0,20.699999999999996" vel="0,0,0" mass="1" elasticityCoef="1" ang="90,0,0" color="0,220,0" radius="0.5" length="4" />
		<capsule pos="-12.649999999999999,0.0,22.999999999999993" vel="0,0,0" mass="1" elasticityCoef="1" ang="90,0,0" color="0,220,0" radius="0.5" length="4" />
		<capsule pos="-12.649999999999999,0.0,25.300000000000004" vel="0,0,0" mass="1" elasticityCoef="1" ang="90,0,0" color="0,220,0" radius="0.5" length="4" />
		<capsule pos="-12.649999999999999,0.0,27.6" vel="0,0,0" mass="1" elasticityCoef="1" ang="90,0,0" color="0,220,0" radius="0.5" length="4" />
		<capsule pos="-12.649999999999999,0.0,29.9" vel="0,0,0" mass="1" elasticityCoef="1" ang="90,0,0" color="0,220,0" radius="0.5" length="4" />
		<capsule pos="-12.649999999999999,0.0,32.199999999999996" vel="0,0,0" mass="1" elasticityCoef="1" ang="90,0,0" color="0,220,0" radius="0.5" length="4" />
		<capsule pos="-12.649999999999999,0.0,34.49999999999999" vel="0,0,0" mass="1" elasticityCoef="1" ang="90,0,0" color="0,220,0" radius="0.5" length="4" />
		<capsule pos="-12.649999999999999,0.0,36.800000000000004" vel="0,0,0" mass="1" elasticityCoef="1" ang="90,0,0" color="0,220,0" radius="0.5" length="4" />
		<capsule pos="-12.649999999999999,0.0,39.1" vel="0,0,0" mass="1" elasticityCoef="1" ang="90,0,0" color="0,220,0" radius="0.5" length="4" />
		<capsule pos="-12.649999999999999,0.0,41.4" vel="0,0,0" mass="1" elasticityCoef="1" ang="90,0,0" color="0,220,0" radius="0.5" length="4" />
		<capsule pos="-12.649999999999999,5.5,-43.699999999999996" vel="0,0,0" mass="1" elasticityCoef="1" ang="90,0,0" color="0,220,0" radius="0.5" length="4" />
		<capsule pos="-12.649999999999999,5.5,-41.4" vel="0,0,0" mass="1" elasticityCoef="1" ang="90,0,0" color="0,220,0" radius="0.5" length="4" />
		<capsule pos="-12.649999999999999,5.5,-39.099999999999994" vel="0,0,0" mass="1" elasticityCoef="1" ang="90,0,0" color="0,220,0" radius="0.5" length="4" />
		<capsule pos="-12.649999999999999,5.5,-36.8" vel="0,0,0" mass="1" elasticityCoef="1" ang="90,0,0" color="0,220,0" radius="0.5" length="4" />
		<capsule pos="-12.649999999999999,5.5,-34.5" vel="0,0,0" mass="1" elasticityCoef="1" ang="90,0,0" color="0,220,0" radius="0.5" length="4" />
		<capsule pos="-12.649999999999999,5.5,-32.199999999999996" vel="0,0,0" mass="1" elasticityCoef="1" ang="90,0,0" color="0,220,0" radius="0.5" length="4" />
		<capsule pos="-12.649999999999999,5.5,-29.9" vel="0,0,0" mass="1" elasticityCoef="1" ang="90,0,0" color="0,220,0" radius="0.5" length="4" />
		<capsule pos="-12.649999999999999,5.5,-27.599999999999998" vel="0,0,0" mass="1" elasticityCoef="1" ang="90,0,0" color="0,220,0" radius="0.5" length="4" />
		<capsule pos="-12.649999999999999,5.5,-25.299999999999997" vel="0,0,0" mass="1" elasticityCoef="1" ang="90,0,0" color="0,220,0" radius="0.5" length="4" />
		<capsule pos="-12.649999999999999,5.5,-22.999999999999996" vel="0,0,0" mass="1" elasticityCoef="1" ang="90,0,0" color="0,220,0" radius="0.5" length="4" />
		<capsule pos="-12.649999999999999,5.5,-20.699999999999996" vel="0,0,0" mass="1" elasticityCoef="1" ang="90,0,0" color="0,220,0" radius="0.5" length="4" />
		<capsule pos="-12.649999999999999,5.5,-18.4" vel="0,0,0" mass="1" elasticityCoef="1" ang="90,0,0" color="0,220,0" radius="0.5" length="4" />
		<capsule pos="-12.649999999999999,5.5,-16.099999999999998" vel="0,0,0" mass="1" elasticityCoef="1" ang="90,0,0" color="0,220,0" radius="0.5" length="4" />
		<capsule pos="-12.649999999999999,5.5,-13.799999999999997" vel="0,0,0" mass="1" elasticityCoef="1" ang="90,0,0" color="0,220,0" radius="0.5" length="4" />
		<capsule pos="-12.649999999999999,5.5,-11.5" vel="0,0,0" mass="1" elasticityCoef="1" ang="90,0,0" color="0,220,0" radius="0.5" length="4" />
		<capsule pos="-12.649999999999999,5.5,-9.199999999999996" vel="0,0,0" mass="1" elasticityCoef="1" ang="90,0,0" color="0,220,0" radius="0.5" length="4" />
		<capsule pos="-12.649999999999999,5.5,-6.899999999999999" vel="0,0,0" mass="1" elasticityCoef="1" ang="90,0,0" color="0,220,0" radius="0.5" length="4" />
		<capsule pos="-12.649999999999999,5.5,-4.600000000000001" vel="0,0,0" mass="1" elasticityCoef="1" ang="90,0,0" color="0,220,0" radius="0.5" length="4" />
		<capsule pos="-12.649999999999999,5.5,-2.299999999999997" vel="0,0,0" mass="1" elasticityCoef="1" ang="90,0,0" color="0,220,0" radius="0.5" length="4" />
		<capsule pos="-12.649999999999999,5.5,0.0" vel="0,0,0" mass="1" elasticityCoef="1" ang="90,0,0" color="0,220,0" radius="0.5" length="4" />
		<capsule pos="-12.649999999999999,5.5,2.3000000000000043" vel="0,0,0" mass="1" elasticityCoef="1" ang="90,0,0" color="0,220,0" radius="0.5" length="4" />
		<capsule pos="-12.649999999999999,5.5,4.600000000000001" vel="0,0,0" mass="1" elasticityCoef="1" ang="90,0,0" color="0,220,0" radius="0.5" length="4" />
		<capsule pos="-12.649999999999999,5.5,6.899999999999999" vel="0,0,0" mass="1" elasticityCoef="1" ang="90,0,0" color="0,220,0" radius="0.5" length="4" />
		<capsule pos="-12.649999999999999,5.5,9.200000000000003" vel="0,0,0" mass="1" elasticityCoef="1" ang="90,0,0" color="0,220,0" radius="0.5" length="4" />
		<capsule pos="-12.649999999999999,5.5,11.5" vel="0,0,0" mass="1" elasticityCoef="1" ang="90,0,0" color="0,220,0" radius="0.5" length="4" />
		<capsule pos="-12.649999999999999,5.5,13.799999999999997" vel="0,0,0" mass="1" elasticityCoef="1" ang="90,0,0" color="0,220,0" radius="0.5" length="4" />
		<capsule pos="-12.649999999999999,5.5,16.1" vel="0,0,0" mass="1" elasticityCoef="1" ang="90,0,0" color="0,220,0" radius="0.5" length="4" />
		<capsule pos="-12.649999999999999,5.5,18.4" vel="0,0,0" mass="1" elasticityCoef="1" ang="90,0,0" color="0,220,0" radius="0.5" length="4" />
		<capsule pos="-12.649999999999999,5.5,20.699999999999996" vel="0,0,0" mass="1" elasticityCoef="1" ang="90,0,0" color="0,220,0" radius="0.5" length="4" />
		<capsule pos="-12.649999999999999,5.5,22.999999999999993" vel="0,0,0" mass="1" elasticityCoef="1" ang="90,0,0" color="0,220,0" radius="0.5" length="4" />
		<capsule pos="-12.649999999999999,5.5,25.300000000000004" vel="0,0,0" mass="1" elasticityCoef="1" ang="90,0,0" color="0,220,0" radius="0.5" length="4" />
		<capsule pos="-12.649999999999999,5.5,27.6" vel="0,0,0" mass="1" elasticityCoef="1" ang="90,0,0" color="0,220,0" radius="0.5" length="4" />
		<capsule pos="-12.649999999999999,5.5,29.9" vel="0,0,0" mass="1" elasticityCoef="1" ang="90,0,0" color="0,220,0" radius="0.5" length="4" />
		<capsule pos="-12.649999999999999,5.5,32.199999999999996" vel="0,0,0" mass="1" elasticityCoef="1" ang="90,0,0" color="0,220,0" radius="0.5" length="4" />
		<capsule pos="-12.649999999999999,5.5,34.49999999999999" vel="0,0,0" mass="1" elasticityCoef="1" ang="90,0,0" color="0,220,0" radius="0.5" length="4" />
		<capsule pos="-12.649999999999999,5.5,36.800000000000004" vel="0,0,0" mass="1" elasticityCoef="1" ang="90,0,0" color="0,220,0" radius="0.5" length="4" />
		<capsule pos="-12.649999999999999,5.5,39.1" vel="0,0,0" mass="1" elasticityCoef="1" ang="90,0,0" color="0,220,0" radius="0.5" length="4" />
		<capsule pos="-12.649999999999999,5.5,41.4" vel="0,0,0" mass="1" elasticityCoef="1" ang="90,0,0" color="0,220,0" radius="0.5" length="4" />
		<capsule pos="-12.649999999999999,11.0,-43.699999999999996" vel="0,0,0" mass="1" elasticityCoef="1" ang="90,0,0" color="0,220,0" radius="0.5" length="4" />
		<capsule pos="-12.649999999999999,11.0,-41.4" vel="0,0,0" mass="1" elasticityCoef="1" ang="90,0,0" color="0,220,0" radius="0.5" length="4" />
		<capsule pos="-12.649999999999999,11.0,-39.099999999999994" vel="0,0,0" mass="1" elasticityCoef="1" ang="90,0,0" color="0,220,0" radius="0.5" length="4" />
		<capsule pos="-12.649999999999999,11.0,-36.8" vel="0,0,0" mass="1" elasticityCoef="1" ang="90,0,0" color="0,220,0" radius="0.5" length="4" />
		<capsule pos="-12.649999999999999,11.0,-34.5" vel="0,0,0" mass="1" elasticityCoef="1" ang="90,0,0" color="0,220,0" radius="0.5" length="4" />
		<capsule pos="-12.649999999999999,11.0,-32.199999999999996" vel="0,0,0" mass="1" elasticityCoef="1" ang="90,0,0" color="0,220,0" radius="0.5" length="4" />
		<capsule pos="-12.649999999999999,11.0,-29.9" vel="0,0,0" mass="1" elasticityCoef="1" ang="90,0,0" color="0,220,0" radius="0.5" length="4" />
		<capsule pos="-12.649999999999999,11.0,-27.599999999999998" vel="0,0,0" mass="1" elasticityCoef="1" ang="90,0,0" color="0,220,0" radius="0.5" length="4" />
		<capsule pos="-12.649999999999999,11.0,-25.299999999999997" vel="0,0,0" mass="1" elasticityCoef="1" ang="90,0,0" color="0,220,0" radius="0.5" length="4" />
		<capsule pos="-12.649999999999999,11.0,-22.999999999999996" vel="0,0,0" mass="1" elasticityCoef="1" ang="90,0,0" color="0,220,0" radius="0.5" length="4" />
		<capsule pos="-12.649999999999999,11.0,-20.699999999999996" vel="0,0,0" mass="1" elasticityCoef="1" ang="90,0,0" color="0,220,0" radius="0.5" length="4" />
		<capsule pos="-12.649999999999999,11.0,-18.4" vel="0,0,0" mass="1" elasticityCoef="1" ang="90,0,0" color="0,220,0" radius="0.5" length="4" />
		<capsule pos="-12.649999999999999,11.0,-16.099999999999998" vel="0,0,0" mass="1" elasticityCoef="1" ang="90,0,0" color="0,220,0" radius="0.5" length="4" />
		<capsule pos="-12.649999999999999,11.0,-13.799999999999997" vel="0,0,0" mass="1" elasticityCoef="1" ang="90,0,0" color="0,220,0" radius="0.5" length="4" />
		<capsule pos="-12.649999999999999,11.0,-11.5" vel="0,0,0" mass="1" elasticityCoef="1" ang="90,0,0" color="0,220,0" radius="0.5" length="4" />
		<capsule pos="-12.649999999999999,11.0,-9.199999999999996" vel="0,0,0" mass="1" elasticityCoef="1" ang="90,0,0" color="0,220,0" radius="0.5" length="4" />
		<capsule pos="-12.649999999999999,11.0,-6.899999999999999" vel="0,0,0" mass="1" elasticityCoef="1" ang="90,0,0" color="0,220,0" radius="0.5" length="4" />
		<capsule pos="-12.649999999999999,11.0,-4.600000000000001" vel="0,0,0" mass="1" elasticityCoef="1" ang="90,0,0" color="0,220,0" radius="0.5" length="4" />
		<capsule pos="-12.649999999999999,11.0,-2.299999999999997" vel="0,0,0" mass="1" elasticityCoef="1" ang="90,0,0" color="0,220,0" radius="0.5" length="4" />
		<capsule pos="-12.649999999999999,11.0,0.0" vel="0,0,0" mass="1" elasticityCoef="1" ang="90,0,0" color="0,220,0" radius="0.5" length="4" />
		<capsule pos="-12.649999999999999,11.0,2.3000000000000043" vel="0,0,0" mass="1" elasticityCoef="1" ang="90,0,0" color="0,220,0" radius="0.5" length="4" />
		<capsule pos="-12.649999999999999,11.0,4.600000000000001" vel="0,0,0" mass="1" elasticityCoef="1" ang="90,0,0" color="0,220,0" radius="0.5" length="4" />
		<capsule pos="-12.649999999999999,11.0,6.899999999999999" vel="0,0,0" mass="1" elasticityCoef="1" ang="90,0,0" color="0,220,0" radius="0.5" length="4" />
		<capsule pos="-12.649999999999999,11.0,9.200000000000003" vel="0,0,0" mass="1" elasticityCoef="1" ang="90,0,0" color="0,220,0" radius="0.5" length="4" />
		<capsule pos="-12.649999999999999,11.0,11.5" vel="0,0,0" mass="1" elasticityCoef="1" ang="90,0,0" color="0,220,0" radius="0.5" length="4" />
		<capsule pos="-12.649999999999999,11.0,13.799999999999997" vel="0,0,0" mass="1" elasticityCoef="1" ang="90,0,0" color="0,220,0" radius="0.5" length="4" />
		<capsule pos="-12.649999999999999,11.0,16.1" vel="0,0,0" mass="1" elasticityCoef="1" ang="90,0,0" color="0,220,0" radius="0.5" length="4" />
		<capsule pos="-12.649999999999999,11.0,18.4" vel="0,0,0" mass="1" elasticityCoef="1" ang="90,0,0" color="0,220,0" radius="0.5" length="4" />
		<capsule pos="-12.649999999999999,11.0,20.699999999999996" vel="0,0,0" mass="1" elasticityCoef="1" ang="90,0,0" color="0,220,0" radius="0.5" length="4" />
		<capsule pos="-12.649999999999999,11.0,22.999999999999993" vel="0,0,0" mass="1" elasticityCoef="1" ang="90,0,0" color="0,220,0" radius="0.5" length="4" />
		<capsule pos="-12.649999999999999,11.0,25.300000000000004" vel="0,0,0" mass="1" elasticityCoef="1" ang="90,0,0" color="0,220,0" radius="0.5" length="4" />
		<capsule pos="-12.649999999999999,11.0,27.6" vel="0,0,0" mass="1" elasticityCoef="1" ang="90,0,0" color="0,220,0" radius="0.5" length="4" />
		<capsule pos="-12.649999999999999,11.0,29.9" vel="0,0,0" mass="1" elasticityCoef="1" ang="90,0,0" color="0,220,0" radius="0.5" length="4" />
		<capsule pos="-12.649999999999999,11.0,32.199999999999996" vel="0,0,0" mass="1" elasticityCoef="1" ang="90,0,0" color="0,220,0" radius="0.5" length="4" />
		<capsule pos="-12.649999999999999,11.0,34.49999999999999" vel="0,0,0" mass="1" elasticityCoef="1" ang="90,0,0" color="0,220,0" radius="0.5" length="4" />
		<capsule pos="-12.649999999999999,11.0,36.800000000000004" vel="0,0,0" mass="1" elasticityCoef="1" ang="90,0,0" color="0,220,0" radius="0.5" length="4" />
		<capsule pos="-12.649999999999999,11.0,39.1" vel="0,0,0" mass="1" elasticityCoef="1" ang="90,0,0" color="0,220,0" radius="0.5" length="4" />
		<capsule pos="-12.649999999999999,11.0,41.4" vel="0,0,0" mass="1" elasticityCoef="1" ang="90,0,0" color="0,220,0" radius="0.5" length="4" />
		<capsule pos="-12.649999999999999,16.5,-43.699999999999996" vel="0,0,0" mass="1" elasticityCoef="1" ang="90,0,0" color="0,220,0" radius="0.5" length="4" />
		<capsule pos="-12.649999999999999,16.5,-41.4" vel="0,0,0" mass="1" elasticityCoef="1" ang="90,0,0" color="0,220,0" radius="0.5" length="4" />
		<capsule pos="-12.649999999999999,16.5,-39.099999999999994" vel="0,0,0" mass="1" elasticityCoef="1" ang="90,0,0" color="0,220,0" radius="0.5" length="4" />
		<capsule pos="-12.649999999999999,16.5,-36.8" vel="0,0,0" mass="1" elasticityCoef="1" ang="90,0,0" color="0,220,0" radius="0.5" length="4" />
		<capsule pos="-12.649999999999999,16.5,-34.5" vel="0,0,0" mass="1" elasticityCoef="1" ang="90,0,0" color="0,220,0" radius="0.5" length="4" />
		<capsule pos="-12.649999999999999,16.5,-32.199999999999996" vel="0,0,0" mass="1" elasticityCoef="1" ang="90,0,0" color="0,220,0" radius="0.5" length="4" />
		<capsule pos="-12.649999999999999,16.5,-29.9" vel="0,0,0" mass="1" elasticityCoef="1" ang="90,0,0" color="0,220,0" radius="0.5" length="4" />
		<capsule pos="-12.649999999999999,16.5,-27.599999999999998" vel="0,0,0" mass="1" elasticityCoef="1" ang="90,0,0" color="0,220,0" radius="0.5" length="4" />
		<capsule pos="-12.649999999999999,16.5,-25.299999999999997" vel="0,0,0" mass="1" elasticityCoef="1" ang="90,0,0" color="0,220,0" radius="0.5" length="4" />
		<capsule pos="-12.649999999999999,16.5,-22.999999999999996" vel="0,0,0" mass="1" elasticityCoef="1" ang="90,0,0" color="0,220,0" radius="0.5" length="4" />
		<capsule pos="-12.649999999999999,16.5,-20.699999999999996" vel="0,0,0" mass="1" elasticityCoef="1" ang="90,0,0" color="0,220,0" radius="0.5" length="4" />
		<capsule pos="-12.649999999999999,16.5,-18.4" vel="0,0,0" mass="1" elasticityCoef="1" ang="90,0,0" color="0,220,0" radius="0.5" length="4" />
		<capsule pos="-12.649999999999999,16.5,-16.099999999999998" vel="0,0,0" mass="1" elasticityCoef="1" ang="90,0,0" color="0,220,0" radius="0.5" length="4" />
		<capsule pos="-12.649999999999999,16.5,-13.799999999999997" vel="0,0,0" mass="1" elasticityCoef="1" ang="90,0,0" color="0,220,0" radius="0.5" length="4" />
		<capsule pos="-12.649999999999999,16.5,-11.5" vel="0,0,0" mass="1" elasticityCoef="1" ang="90,0,0" color="0,220,0" radius="0.5" length="4" />
		<capsule pos="-12.649999999999999,16.5,-9.199999999999996" vel="0,0,0" mass="1" elasticityCoef="1" ang="90,0,0" color="0,220,0" radius="0.5" length="4" />
		<capsule pos="-12.649999999999999,16.5,-6.899999999999999" vel="0,0,0" mass="1" elasticityCoef="1" ang="90,0,0" color="0,220,0" radius="0.5" length="4" />
		<capsule pos="-12.649999999999999,16.5,-4.600000000000001" vel="0,0,0" mass="1" elasticityCoef="1" ang="90,0,0" color="0,220,0" radius="0.5" length="4" />
		<capsule pos="-12.649999999999999,16.5,-2.299999999999997" vel="0,0,0" mass="1" elasticityCoef="1" ang="90,0,0" color="0,220,0" radius="0.5" length="4" />
		<capsule pos="-12.649999999999999,16.5,0.0" vel="0,0,0" mass="1" elasticityCoef="1" ang="90,0,0" color="0,220,0" radius="0.5" length="4" />
		<capsule pos="-12.649999999999999,16.5,2.3000000000000043" vel="0,0,0" mass="1" elasticityCoef="1" ang="90,0,0" color="0,220,0" radius="0.5" length="4" />
		<capsule pos="-12.649999999999999,16.5,4.600000000000001" vel="0,0,0" mass="1" elasticityCoef="1" ang="90,0,0" color="0,220,0" radius="0.5" length="4" />
		<capsule pos="-12.649999999999999,16.5,6.899999999999999" vel="0,0,0" mass="1" elasticityCoef="1" ang="90,0,0" color="0,220,0" radius="0.5" length="4" />
		<capsule pos="-12.649999999999999,16.5,9.200000000000003" vel="0,0,0" mass="1" elasticityCoef="1" ang="90,0,0" color="0,220,0" radius="0.5" length="4" />
		<capsule pos="-12.649999999999999,16.5,11.5" vel="0,0,0" mass="1" elasticityCoef="1" ang="90,0,0" color="0,220,0" radius="0.5" length="4" />
		<capsule pos="-12.649999999999999,16.5,13.799999999999997" vel="0,0,0" mass="1" elasticityCoef="1" ang="90,0,0" color="0,220,0" radius="0.5" length="4" />
		<capsule pos="-12.649999999999999,16.5,16.1" vel="0,0,0" mass="1" elasticityCoef="1" ang="90,0,0" color="0,220,0" radius="0.5" length="4" />
		<capsule pos="-12.649999999999999,16.5,18.4" vel="0,0,0" mass="1" elasticityCoef="1" ang="90,0,0" color="0,220,0" radius="0.5" length="4" />
		<capsule pos="-12.649999999999999,16.5,20.699999999999996" vel="0,0,0" mass="1" elasticityCoef="1" ang="90,0,0" color="0,220,0" radius="0.5" length="4" />
		<capsule pos="-12.649999999999999,16.5,22.999999999999993" vel="0,0,0" mass="1" elasticityCoef="1" ang="90,0,0" color="0,220,0" radius="0.5" length="4" />
		<capsule pos="-12.649999999999999,16.5,25.300000000000004" vel="0,0,0" mass="1" elasticityCoef="1" ang="90,0,0" color="0,220,0" radius="0.5" length="4" />
		<capsule pos="-12.649999999999999,16.5,27.6" vel="0,0,0" mass="1" elasticityCoef="1" ang="90,0,0" color="0,220,0" radius="0.5" length="4" />
		<capsule pos="-12.649999999999999,16.5,29.9" vel="0,0,0" mass="1" elasticityCoef="1" ang="90,0,0" color="0,220,0" radius="0.5" length="4" />
		<capsule pos="-12.649999999999999,16.5,32.199999999999996" vel="0,0,0" mass="1" elasticityCoef="1" ang="90,0,0" color="0,220,0" radius="0.5" length="4" />
		<capsule pos="-12.649999999999999,16.5,34.49999999999999" vel="0,0,0" mass="1" elasticityCoef="1" ang="90,0,0" color="0,220,0" radius="0.5" length="4" />
		<capsule pos="-12.649999999999999,16.5,36.800000000000004" vel="0,0,0" mass="1" elasticityCoef="1" ang="90,0,0" color="0,220,0" radius="0.5" length="4" />
		<capsule pos="-12.649999999999999,16.5,39.1" vel="0,0,0" mass="1" elasticityCoef="1" ang="90,0,0" color="0,220,0" radius="0.5" length="4" />
		<capsule pos="-12.649999999999999,16.5,41.4" vel="0,0,0" mass="1" elasticityCoef="1" ang="90,0,0" color="0,220,0" radius="0.5" length="4" />
		<capsule pos="-12.649999999999999,22.0,-43.699999999999996" vel="0,0,0" mass="1" elasticityCoef="1" ang="90,0,0" color="0,220,0" radius="0.5" length="4" />
		<capsule pos="-12.649999999999999,22.0,-41.4" vel="0,0,0" mass="1" elasticityCoef="1" ang="90,0,0" color="0,220,0" radius="0.5" length="4" />
		<capsule pos="-12.649999999999999,22.0,-39.099999999999994" vel="0,0,0" mass="1" elasticityCoef="1" ang="90,0,0" color="0,220,0" radius="0.5" length="4" />
		<capsule pos="-12.649999999999999,22.0,-36.8" vel="0,0,0" mass="1" elasticityCoef="1" ang="90,0,0" color="0,220,0" radius="0.5" length="4" />
		<capsule pos="-12.649999999999999,22.0,-34.5" vel="0,0,0" mass="1" elasticityCoef="1" ang="90,0,0" color="0,220,0" radius="0.5" length="4" />
		<capsule pos="-12.649999999999999,22.0,-32.199999999999996" vel="0,0,0" mass="1" elasticityCoef="1" ang="90,0,0" color="0,220,0" radius="0.5" length="4" />
		<capsule pos="-12.649999999999999,22.0,-29.9" vel="0,0,0" mass="1" elasticityCoef="1" ang="90,0,0" color="0,220,0" radius="0.5" length="4" />
		<capsule pos="-12.649999999999999,22.0,-27.599999999999998" vel="0,0,0" mass="1" elasticityCoef="1" ang="90,0,0" color="0,220,0" radius="0.5" length="4" />
		<capsule pos="-12.649999999999999,22.0,-25.299999999999997" vel="0,0,0" mass="1" elasticityCoef="1" ang="90,0,0" color="0,220,0" radius="0.5" length="4" />
		<capsule pos="-12.649999999999999,22.0,-22.999999999999996" vel="0,0,0" mass="1" elasticityCoef="1" ang="90,0,0" color="0,220,0" radius="0.5" length="4" />
		<capsule pos="-12.649999999999999,22.0,-20.699999999999996" vel="0,0,0" mass="1" elasticityCoef="1" ang="90,0,0" color="0,220,0" radius="0.5" length="4" />
		<capsule pos="-12.649999999999999,22.0,-18.4" vel="0,0,0" mass="1" elasticityCoef="1" ang="90,0,0" color="0,220,0" radius="0.5" length="4" />
		<capsule pos="-12.649999999999999,22.0,-16.099999999999998" vel="0,0,0" mass="1" elasticityCoef="1" ang="90,0,0" color="0,220,0" radius="0.5" length="4" />
		<capsule pos="-12.649999999999999,22.0,-13.799999999999997" vel="0,0,0" mass="1" elasticityCoef="1" ang="90,0,0" color="0,220,0" radius="0.5" length="4" />
		<capsule pos="-12.649999999999999,22.0,-11.5" vel="0,0,0" mass="1" elasticityCoef="1" ang="90,0,0" color="0,220,0" radius="0.5" length="4" />
		<capsule pos="-12.649999999999999,22.0,-9.199999999999996" vel="0,0,0" mass="1" elasticityCoef="1" ang="90,0,0" color="0,220,0" radius="0.5" length="4" />
		<capsule pos="-12.649999999999999,22.0,-6.899999999999999" vel="0,0,0" mass="1" elasticityCoef="1" ang="90,0,0" color="0,220,0" radius="0.5" length="4" />
		<capsule pos="-12.649999999999999,22.0,-4.600000000000001" vel="0,0,0" mass="1" elasticityCoef="1" ang="90,0,0" color="0,220,0" radius="0.5" length="4" />
		<capsule pos="-12.649999999999999,22.0,-2.299999999999997" vel="0,0,0" mass="1" elasticityCoef="1" ang="90,0,0" color="0,220,0" radius="0.5" length="4" />
		<capsule pos="-12.649999999999999,22.0,0.0" vel="0,0,0" mass="1" elasticityCoef="1" ang="90,0,0" color="0,220,0" radius="0.5" length="4" />
		<capsule pos="-12.649999999999999,22.0,2.3000000000000043" vel="0,0,0" mass="1" elasticityCoef="1" ang="90,0,0" color="0,220,0" radius="0.5" length="4" />
		<capsule pos="-12.649999999999999,22.0,4.600000000000001" vel="0,0,0" mass="1" elasticityCoef="1" ang="90,0,0" color="0,220,0" radius="0.5" length="4" />
		<capsule pos="-12.649999999999999,22.0,6.899999999999999" vel="0,0,0" mass="1" elasticityCoef="1" ang="90,0,0" color="0,220,0" radius="0.5" length="4" />
		<capsule pos="-12.649999999999999,22.0,9.200000000000003" vel="0,0,0" mass="1" elasticityCoef="1" ang="90,0,0" color="0,220,0" radius="0.5" length="4" />
		<capsule pos="-12.649999999999999,22.0,11.5" vel="0,0,0" mass="1" elasticityCoef="1" ang="90,0,0" color="0,220,0" radius="0.5" length="4" />
		<capsule pos="-12.649999999999999,22.0,13.799999999999997" vel="0,0,0" mass="1" elasticityCoef="1" ang="90,0,0" color="0,220,0" radius="0.5" length="4" />
		<capsule pos="-12.649999999999999,22.0,16.1" vel="0,0,0" mass="1" elasticityCoef="1" ang="90,0,0" color="0,220,0" radius="0.5" length="4" />
		<capsule pos="-12.649999999999999,22.0,18.4" vel="0,0,0" mass="1" elasticityCoef="1" ang="90,0,0" color="0,220,0" radius="0.5" length="4" />
		<capsule pos="-12.649999999999999,22.0,20.699999999999996" vel="0,0,0" mass="1" elasticityCoef="1" ang="90,0,0" color="0,220,0" radius="0.5" length="4" />
		<capsule pos="-12.649999999999999,22.0,22.999999999999993" vel="0,0,0" mass="1" elasticityCoef="1" ang="90,0,0" color="0,220,0" radius="0.5" length="4" />
		<capsule pos="-12.649999999999999,22.0,25.300000000000004" vel="0,0,0" mass="1" elasticityCoef="1" ang="90,0,0" color="0,220,0" radius="0.5" length="4" />
		<capsule pos="-12.649999999999999,22.0,27.6" vel="0,0,0" mass="1" elasticityCoef="1" ang="90,0,0" color="0,220,0" radius="0.5" length="4" />
		<capsule pos="-12.649999999999999,22.0,29.9" vel="0,0,0" mass="1" elasticityCoef="1" ang="90,0,0" color="0,220,0" radius="0.5" length="4" />
		<capsule pos="-12.649999999999999,22.0,32.199999999999996" vel="0,0,0" mass="1" elasticityCoef="1" ang="90,0,0" color="0,220,0" radius="0.5" length="4" />
		<capsule pos="-12.649999999999999,22.0,34.49999999999999" vel="0,0,0" mass="1" elasticityCoef="1" ang="90,0,0" color="0,220,0" radius="0.5" length="4" />
		<capsule pos="-12.649999999999999,22.0,36.800000000000004" vel="0,0,0" mass="1" elasticityCoef="1" ang="90,0,0" color="0,220,0" radius="0.5" length="4" />
		<capsule pos="-12.649999999999999,22.0,39.1" vel="0,0,0" mass="1" elasticityCoef="1" ang="90,0,0" color="0,220,0" radius="0.5" length="4" />
		<capsule pos="-12.649999999999999,22.0,41.4" vel="0,0,0" mass="1" elasticityCoef="1" ang="90,0,0" color="0,220,0" radius="0.5" length="4" />
		<capsule pos="-12.649999999999999,27.5,-43.699999999999996" vel="0,0,0" mass="1" elasticityCoef="1" ang="90,0,0" color="0,220,0" radius="0.5" length="4" />
		<capsule pos="-12.649999999999999,27.5,-41.4" vel="0,0,0" mass="1" elasticityCoef="1" ang="90,0,0" color="0,220,0" radius="0.5" length="4" />
		<capsule pos="-12.649999999999999,27.5,-39.099999999999994" vel="0,0,0" mass="1" elasticityCoef="1" ang="90,0,0" color="0,220,0" radius="0.5" length="4" />
		<capsule pos="-12.649999999999999,27.5,-36.8" vel="0,0,0" mass="1" elasticityCoef="1" ang="90,0,0" color="0,220,0" radius="0.5" length="4" />
		<capsule pos="-12.649999999999999,27.5,-34.5" vel="0,0,0" mass="1" elasticityCoef="1" ang="90,0,0" color="0,220,0" radius="0.5" length="4" />
		<capsule pos="-12.649999999999999,27.5,-32.199999999999996" vel="0,0,0" mass="1" elasticityCoef="1" ang="90,0,0" color="0,220,0" radius="0.5" length="4" />
		<capsule pos="-12.649999999999999,27.5,-29.9" vel="0,0,0" mass="1" elasticityCoef="1" ang="90,0,0" color="0,220,0" radius="0.5" length="4" />
		<capsule pos="-12.649999999999999,27.5,-27.599999999999998" vel="0,0,0" mass="1" elasticityCoef="1" ang="90,0,0" color="0,220,0" radius="0.5" length="4" />
		<capsule pos="-12.649999999999999,27.5,-25.299999999999997" vel="0,0,0" mass="1" elasticityCoef="1" ang="90,0,0" color="0,220,0" radius="0.5" length="4" />
		<capsule pos="-12.649999999999999,27.5,-22.999999999999996" vel="0,0,0" mass="1" elasticityCoef="1" ang="90,0,0" color="0,220,0" radius="0.5" length="4" />
		<capsule pos="-12.649999999999999,27.5,-20.699999999999996" vel="0,0,0" mass="1" elasticityCoef="1" ang="90,0,0" color="0,220,0" radius="0.5" length="4" />
		<capsule pos="-12.649999999999999,27.5,-18.4" vel="0,0,0" mass="1" elasticityCoef="1" ang="90,0,0" color="0,220,0" radius="0.5" length="4" />
		<capsule pos="-12.649999999999999,27.5,-16.099999999999998" vel="0,0,0" mass="1" elasticityCoef="1" ang="90,0,0" color="0,220,0" radius="0.5" length="4" />
		<capsule pos="-12.649999999999999,27.5,-13.799999999999997" vel="0,0,0" mass="1" elasticityCoef="1" ang="90,0,0" color="0,220,0" radius="0.5" length="4" />
		<capsule pos="-12.649999999999999,27.5,-11.5" vel="0,0,0" mass="1" elasticityCoef="1" ang="90,0,0" color="0,220,0" radius="0.5" length="4" />
		<capsule pos="-12.649999999999999,27.5,-9.199999999999996" vel="0,0,0" mass="1" elasticityCoef="1" ang="90,0,0" color="0,220,0" radius="0.5" length="4" />
		<capsule pos="-12.649999999999999,27.5,-6.899999999999999" vel="0,0,0" mass="1" elasticityCoef="1" ang="90,0,0" color="0,220,0" radius="0.5" length="4" />
		<capsule pos="-12.649999999999999,27.5,-4.600000000000001" vel="0,0,0" mass="1" elasticityCoef="1" ang="90,0,0" color="0,220,0" radius="0.5" length="4" />
		<capsule pos="-12.649999999999999,27.5,-2.299999999999997" vel="0,0,0" mass="1" elasticityCoef="1" ang="90,0,0" color="0,220,0" radius="0.5" length="4" />
		<capsule pos="-12.649999999999999,27.5,0.0" vel="0,0,0" mass="1" elasticityCoef="1" ang="90,0,0" color="0,220,0" radius="0.5" length="4" />
		<capsule pos="-12.649999999999999,27.5,2.3000000000000043" vel="0,0,0" mass="1" elasticityCoef="1" ang="90,0,0" color="0,220,0" radius="0.5" length="4" />
		<capsule pos="-12.649999999999999,27.5,4.600000000000001" vel="0,0,0" mass="1" elasticityCoef="1" ang="90,0,0" color="0,220,0" radius="0.5" length="4" />
		<capsule pos="-12.649999999999999,27.5,6.899999999999999" vel="0,0,0" mass="1" elasticityCoef="1" ang="90,0,0" color="0,220,0" radius="0.5" length="4" />
		<capsule pos="-12.649999999999999,27.5,9.200000000000003" vel="0,0,0" mass="1" elasticityCoef="1" ang="90,0,0" color="0,220,0" radius="0.5" length="4" />
		<capsule pos="-12.649999999999999,27.5,11.5" vel="0,0,0" mass="1" elasticityCoef="1" ang="90,0,0" color="0,220,0" radius="0.5" length="4" />
		<capsule pos="-12.649999999999999,27.5,13.799999999999997" vel="0,0,0" mass="1" elasticityCoef="1" ang="90,0,0" color="0,220,0" radius="0.5" length="4" />
		<capsule pos="-12.649999999999999,27.5,16.1" vel="0,0,0" mass="1" elasticityCoef="1" ang="90,0,0" color="0,220,0" radius="0.5" length="4" />
		<capsule pos="-12.649999999999999,27.5,18.4" vel="0,0,0" mass="1" elasticityCoef="1" ang="90,0,0" color="0,220,0" radius="0.5" length="4" />
		<capsule pos="-12.649999999999999,27.5,20.699999999999996" vel="0,0,0" mass="1" elasticityCoef="1" ang="90,0,0" color="0,220,0" radius="0.5" length="4" />
		<capsule pos="-12.649999999999999,27.5,22.999999999999993" vel="0,0,0" mass="1" elasticityCoef="1" ang="90,0,0" color="0,220,0" radius="0.5" length="4" />
		<capsule pos="-12.649999999999999,27.5,25.300000000000004" vel="0,0,0" mass="1" elasticityCoef="1" ang="90,0,0" color="0,220,0" radius="0.5" length="4" />
		<capsule pos="-12.649999999999999,27.5,27.6" vel="0,0,0" mass="1" elasticityCoef="1" ang="90,0,0" color="0,220,0" radius="0.5" length="4" />
		<capsule pos="-12.649999999999999,27.5,29.9" vel="0,0,0" mass="1" elasticityCoef="1" ang="90,0,0" color="0,220,0" radius="0.5" length="4" />
		<capsule pos="-12.649999999999999,27.5,32.199999999999996" vel="0,0,0" mass="1" elasticityCoef="1" ang="90,0,0" color="0,220,0" radius="0.5" length="4" />
		<capsule pos="-12.649999999999999,27.5,34.49999999999999" vel="0,0,0" mass="1" elasticityCoef="1" ang="90,0,0" color="0,220,0" radius="0.5" length="4" />
		<capsule pos="-12.649999999999999,27.5,36.800000000000004" vel="0,0,0" mass="1" elasticityCoef="1" ang="90,0,0" color="0,220,0" radius="0.5" length="4" />
		<capsule pos="-12.649999999999999,27.5,39.1" vel="0,0,0" mass="1" elasticityCoef="1" ang="90,0,0" color="0,220,0" radius="0.5" length="4" />
		<capsule pos="-12.649999999999999,27.5,41.4" vel="0,0,0" mass="1" elasticityCoef="1" ang="90,0,0" color="0,220,0" radius="0.5" length="4" />
		<capsule pos="-12.649999999999999,33.0,-43.699999999999996" vel="0,0,0" mass="1" elasticityCoef="1" ang="90,0,0" color="0,220,0" radius="0.5" length="4" />
		<capsule pos="-12.649999999999999,33.0,-41.4" vel="0,0,0" mass="1" elasticityCoef="1" ang="90,0,0" color="0,220,0" radius="0.5" length="4" />
		<capsule pos="-12.649999999999999,33.0,-39.099999999999994" vel="0,0,0" mass="1" elasticityCoef="1" ang="90,0,0" color="0,220,0" radius="0.5" length="4" />
		<capsule pos="-12.649999999999999,33.0,-36.8" vel="0,0,0" mass="1" elasticityCoef="1" ang="90,0,0" color="0,220,0" radius="0.5" length="4" />
		<capsule pos="-12.649999999999999,33.0,-34.5" vel="0,0,0" mass="1" elasticityCoef="1" ang="90,0,0" color="0,220,0" radius="0.5" length="4" />
		<capsule pos="-12.649999999999999,33.0,-32.199999999999996" vel="0,0,0" mass="1" elasticityCoef="1" ang="90,0,0" color="0,220,0" radius="0.5" length="4" />
		<capsule pos="-12.649999999999999,33.0,-29.9" vel="0,0,0" mass="1" elasticityCoef="1" ang="90,0,0" color="0,220,0" radius="0.5" length="4" />
		<capsule pos="-12.649999999999999,33.0,-27.599999999999998" vel="0,0,0" mass="1" elasticityCoef="1" ang="90,0,0" color="0,220,0" radius="0.5" length="4" />
		<capsule pos="-12.649999999999999,33.0,-25.299999999999997" vel="0,0,0" mass="1" elasticityCoef="1" ang="90,0,0" color="0,220,0" radius="0.5" length="4" />
		<capsule pos="-12.649999999999999,33.0,-22.999999999999996" vel="0,0,0" mass="1" elasticityCoef="1" ang="90,0,0" color="0,220,0" radius="0.5" length="4" />
		<capsule pos="-12.649999999999999,33.0,-20.699999999999996" vel="0,0,0" mass="1" elasticityCoef="1" ang="90,0,0" color="0,220,0" radius="0.5" length="4" />
		<capsule pos="-12.649999999999999,33.0,-18.4" vel="0,0,0" mass="1" elasticityCoef="1" ang="90,0,0" color="0,220,0" radius="0.5" length="4" />
		<capsule pos="-12.649999999999999,33.0,-16.099999999999998" vel="0,0,0" mass="1" elasticityCoef="1" ang="90,0,0" color="0,220,0" radius="0.5" length="4" />
		<capsule pos="-12.649999999999999,33.0,-13.799999999999997" vel="0,0,0" mass="1" elasticityCoef="1" ang="90,0,0" color="0,220,0" radius="0.5" length="4" />
		<capsule pos="-12.649999999999999,33.0,-11.5" vel="0,0,0" mass="1" elasticityCoef="1" ang="90,0,0" color="0,220,0" radius="0.5" length="4" />
		<capsule pos="-12.649999999999999,33.0,-9.199999999999996" vel="0,0,0" mass="1" elasticityCoef="1" ang="90,0,0" color="0,220,0" radius="0.5" length="4" />
		<capsule pos="-12.649999999999999,33.0,-6.899999999999999" vel="0,0,0" mass="1" elasticityCoef="1" ang="90,0,0" color="0,220,0" radius="0.5" length="4" />
		<capsule pos="-12.649999999999999,33.0,-4.600000000000001" vel="0,0,0" mass="1" elasticityCoef="1" ang="90,0,0" color="0,220,0" radius="0.5" length="4" />
		<capsule pos="-12.649999999999999,33.0,-2.299999999999997" vel="0,0,0" mass="1" elasticityCoef="1" ang="90,0,0" color="0,220,0" radius="0.5" length="4" />
		<capsule pos="-12.649999999999999,33.0,0.0" vel="0,0,0" mass="1" elasticityCoef="1" ang="90,0,0" color="0,220,0" radius="0.5" length="4" />
		<capsule pos="-12.649999999999999,33.0,2.3000000000000043" vel="0,0,0" mass="1" elasticityCoef="1" ang="90,0,0" color="0,220,0" radius="0.5" length="4" />
		<capsule pos="-12.649999999999999,33.0,4.600000000000001" vel="0,0,0" mass="1" elasticityCoef="1" ang="90,0,0" color="0,220,0" radius="0.5" length="4" />
		<capsule pos="-12.649999999999999,33.0,6.899999999999999" vel="0,0,0" mass="1" elasticityCoef="1" ang="90,0,0" color="0,220,0" radius="0.5" length="4" />
		<capsule pos="-12.649999999999999,33.0,9.200000000000003" vel="0,0,0" mass="1" elasticityCoef="1" ang="90,0,0" color="0,220,0" radius="0.5" length="4" />
		<capsule pos="-12.649999999999999,33.0,11.5" vel="0,0,0" mass="1" elasticityCoef="1" ang="90,0,0" color="0,220,0" radius="0.5" length="4" />
		<capsule pos="-12.649999999999999,33.0,13.799999999999997" vel="0,0,0" mass="1" elasticityCoef="1" ang="90,0,0" color="0,220,0" radius="0.5" length="4" />
		<capsule pos="-12.649999999999999,33.0,16.1" vel="0,0,0" mass="1" elasticityCoef="1" ang="90,0,0" color="0,220,0" radius="0.5" length="4" />
		<capsule pos="-12.649999999999999,33.0,18.4" vel="0,0,0" mass="1" elasticityCoef="1" ang="90,0,0" color="0,220,0" radius="0.5" length="4" />
		<capsule pos="-12.649999999999999,33.0,20.699999999999996" vel="0,0,0" mass="1" elasticityCoef="1" ang="90,0,0" color="0,220,0" radius="0.5" length="4" />
		<capsule pos="-12.649999999999999,33.0,22.999999999999993" vel="0,0,0" mass="1" elasticityCoef="1" ang="90,0,0" color="0,220,0" radius="0.5" length="4" />
		<capsule pos="-12.649999999999999,33.0,25.300000000000004" vel="0,0,0" mass="1" elasticityCoef="1" ang="90,0,0" color="0,220,0" radius="0.5" length="4" />
		<capsule pos="-12.649999999999999,33.0,27.6" vel="0,0,0" mass="1" elasticityCoef="1" ang="90,0,0" color="0,220,0" radius="0.5" length="4" />
		<capsule pos="-12.649999999999999,33.0,29.9" vel="0,0,0" mass="1" elasticityCoef="1" ang="90,0,0" color="0,220,0" radius="0.5" length="4" />
		<capsule pos="-12.649999999999999,33.0,32.199999999999996" vel="0,0,0" mass="1" elasticityCoef="1" ang="90,0,0" color="0,220,0" radius="0.5" length="4" />
		<capsule pos="-12.649999999999999,33.0,34.49999999999999" vel="0,0,0" mass="1" elasticityCoef="1" ang="90,0,0" color="0,220,0" radius="0.5" length="4" />
		<capsule pos="-12.649999999999999,33.0,36.800000000000004" vel="0,0,0" mass="1" elasticityCoef="1" ang="90,0,0" color="0,220,0" radius="0.5" length="4" />
		<capsule pos="-12.649999999999999,33.0,39.1" vel="0,0,0" mass="1" elasticityCoef="1" ang="90,0,0" color="0,220,0" radius="0.5" length="4" />
		<capsule pos="-12.649999999999999,33.0,41.4" vel="0,0,0" mass="1" elasticityCoef="1" ang="90,0,0" color="0,220,0" radius="0.5" length="4" />
		<capsule pos="-12.649999999999999,38.5,-43.699999999999996" vel="0,0,0" mass="1" elasticityCoef="1" ang="90,0,0" color="0,220,0" radius="0.5" length="4" />
		<capsule pos="-12.649999999999999,38.5,-41.4" vel="0,0,0" mass="1" elasticityCoef="1" ang="90,0,0" color="0,220,0" radius="0.5" length="4" />
		<capsule pos="-12.649999999999999,38.5,-39.099999999999994" vel="0,0,0" mass="1" elasticityCoef="1" ang="90,0,0" color="0,220,0" radius="0.5" length="4" />
		<capsule pos="-12.649999999999999,38.5,-36.8" vel="0,0,0" mass="1" elasticityCoef="1" ang="90,0,0" color="0,220,0" radius="0.5" length="4" />
		<capsule pos="-12.649999999999999,38.5,-34.5" vel="0,0,0" mass="1" elasticityCoef="1" ang="90,0,0" color="0,220,0" radius="0.5" length="4" />
		<capsule pos="-12.649999999999999,38.5,-32.199999999999996" vel="0,0,0" mass="1" elasticityCoef="1" ang="90,0,0" color="0,220,0" radius="0.5" length="4" />
		<capsule pos="-12.649999999999999,38.5,-29.9" vel="0,0,0" mass="1" elasticityCoef="1" ang="90,0,0" color="0,220,0" radius="0.5" length="4" />
		<capsule pos="-12.649999999999999,38.5,-27.599999999999998" vel="0,0,0" mass="1" elasticityCoef="1" ang="90,0,0" color="0,220,0" radius="0.5" length="4" />
		<capsule pos="-12.649999999999999,38.5,-25.299999999999997" vel="0,0,0" mass="1" elasticityCoef="1" ang="90,0,0" color="0,220,0" radius="0.5" length="4" />
		<capsule pos="-12.649999999999999,38.5,-22.999999999999996" vel="0,0,0" mass="1" elasticityCoef="1" ang="90,0,0" color="0,220,0" radius="0.5" length="4" />
		<capsule pos="-12.649999999999999,38.5,-20.699999999999996" vel="0,0,0" mass="1" elasticityCoef="1" ang="90,0,0" color="0,220,0" radius="0.5" length="4" />
		<capsule pos="-12.649999999999999,38.5,-18.4" vel="0,0,0" mass="1" elasticityCoef="1" ang="90,0,0" color="0,220,0" radius="0.5" length="4" />
		<capsule pos="-12.649999999999999,38.5,-16.099999999999998" vel="0,0,0" mass="1" elasticityCoef="1" ang="90,0,0" color="0,220,0" radius="0.5" length="4" />
		<capsule pos="-12.649999999999999,38.5,-13.799999999999997" vel="0,0,0" mass="1" elasticityCoef="1" ang="90,0,0" color="0,220,0" radius="0.5" length="4" />
		<capsule pos="-12.649999999999999,38.5,-11.5" vel="0,0,0" mass="1" elasticityCoef="1" ang="90,0,0" color="0,220,0" radius="0.5" length="4" />
		<capsule pos="-12.649999999999999,38.5,-9.199999999999996" vel="0,0,0" mass="1" elasticityCoef="1" ang="90,0,0" color="0,220,0" radius="0.5" length="4" />
		<capsule pos="-12.649999999999999,38.5,-6.899999999999999" vel="0,0,0" mass="1" elasticityCoef="1" ang="90,0,0" color="0,220,0" radius="0.5" length="4" />
		<capsule pos="-12.649999999999999,38.5,-4.600000000000001" vel="0,0,0" mass="1" elasticityCoef="1" ang="90,0,0" color="0,220,0" radius="0.5" length="4" />
		<capsule pos="-12.649999999999999,38.5,-2.299999999999997" vel="0,0,0" mass="1" elasticityCoef="1" ang="90,0,0" color="0,220,0" radius="0.5" length="4" />
		<capsule pos="-12.649999999999999,38.5,0.0" vel="0,0,0" mass="1" elasticityCoef="1" ang="90,0,0" color="0,220,0" radius="0.5" length="4" />
		<capsule pos="-12.649999999999999,38.5,2.3000000000000043" vel="0,0,0" mass="1" elasticityCoef="1" ang="90,0,0" color="0,220,0" radius="0.5" length="4" />
		<capsule pos="-12.649999999999999,38.5,4.600000000000001" vel="0,0,0" mass="1" elasticityCoef="1" ang="90,0,0" color="0,220,0" radius="0.5" length="4" />
		<capsule pos="-12.649999999999999,38.5,6.899999999999999" vel="0,0,0" mass="1" elasticityCoef="1" ang="90,0,0" color="0,220,0" radius="0.5" length="4" />
		<capsule pos="-12.649999999999999,38.5,9.200000000000003" vel="0,0,0" mass="1" elasticityCoef="1" ang="90,0,0" color="0,220,0" radius="0.5" length="4" />
		<capsule pos="-12.649999999999999,38.5,11.5" vel="0,0,0" mass="1" elasticityCoef="1" ang="90,0,0" color="0,220,0" radius="0.5" length="4" />
		<capsule pos="-12.649999999999999,38.5,13.799999999999997" vel="0,0,0" mass="1" elasticityCoef="1" ang="90,0,0" color="0,220,0" radius="0.5" length="4" />
		<capsule pos="-12.649999999999999,38.5,16.1" vel="0,0,0" mass="1" elasticityCoef="1" ang="90,0,0" color="0,220,0" radius="0.5" length="4" />
		<capsule pos="-12.649999999999999,38.5,18.4" vel="0,0,0" mass="1" elasticityCoef="1" ang="90,0,0" color="0,220,0" radius="0.5" length="4" />
		<capsule pos="-12.649999999999999,38.5,20.699999999999996" vel="0,0,0" mass="1" elasticityCoef="1" ang="90,0,0" color="0,220,0" radius="0.5" length="4" />
		<capsule pos="-12.649999999999999,38.5,22.999999999999993" vel="0,0,0" mass="1" elasticityCoef="1" ang="90,0,0" color="0,220,0" radius="0.5" length="4" />
		<capsule pos="-12.649999999999999,38.5,25.300000000000004" vel="0,0,0" mass="1" elasticityCoef="1" ang="90,0,0" color="0,220,0" radius="0.5" length="4" />
		<capsule pos="-12.649999999999999,38.5,27.6" vel="0,0,0" mass="1" elasticityCoef="1" ang="90,0,0" color="0,220,0" radius="0.5" length="4" />
		<capsule pos="-12.649999999999999,38.5,29.9" vel="0,0,0" mass="1" elasticityCoef="1" ang="90,0,0" color="0,220,0" radius="0.5" length="4" />
		<capsule pos="-12.649999999999999,38.5,32.199999999999996" vel="0,0,0" mass="1" elasticityCoef="1" ang="90,0,0" color="0,220,0" radius="0.5" length="4" />
		<capsule pos="-12.649999999999999,38.5,34.49999999999999" vel="0,0,0" mass="1" elasticityCoef="1" ang="90,0,0" color="0,220,0" radius="0.5" length="4" />
		<capsule pos="-12.649999999999999,38.5,36.800000000000004" vel="0,0,0" mass="1" elasticityCoef="1" ang="90,0,0" color="0,220,0" radius="0.5" length="4" />
		<capsule pos="-12.649999999999999,38.5,39.1" vel="0,0,0" mass="1" elasticityCoef="1" ang="90,0,0" color="0,220,0" radius="0.5" length="4" />
		<capsule pos="-12.649999999999999,38.5,41.4" vel="0,0,0" mass="1" elasticityCoef="1" ang="90,0,0" color="0,220,0" radius="0.5" length="4" />
		<capsule pos="-12.649999999999999,44.0,-43.699999999999996" vel="0,0,0" mass="1" elasticityCoef="1" ang="90,0,0" color="0,220,0" radius="0.5" length="4" />
		<capsule pos="-12.649999999999999,44.0,-41.4" vel="0,0,0" mass="1" elasticityCoef="1" ang="90,0,0" color="0,220,0" radius="0.5" length="4" />
		<capsule pos="-12.649999999999999,44.0,-39.099999999999994" vel="0,0,0" mass="1" elasticityCoef="1" ang="90,0,0" color="0,220,0" radius="0.5" length="4" />
		<capsule pos="-12.649999999999999,44.0,-36.8" vel="0,0,0" mass="1" elasticityCoef="1" ang="90,0,0" color="0,220,0" radius="0.5" length="4" />
		<capsule pos="-12.649999999999999,44.0,-34.5" vel="0,0,0" mass="1" elasticityCoef="1" ang="90,0,0" color="0,220,0" radius="0.5" length="4" />
		<capsule pos="-12.649999999999999,44.0,-32.199999999999996" vel="0,0,0" mass="1" elasticityCoef="1" ang="90,0,0" color="0,220,0" radius="0.5" length="4" />
		<capsule pos="-12.649999999999999,44.0,-29.9" vel="0,0,0" mass="1" elasticityCoef="1" ang="90,0,0" color="0,220,0" radius="0.5" length="4" />
		<capsule pos="-12.649999999999999,44.0,-27.599999999999998" vel="0,0,0" mass="1" elasticityCoef="1" ang="90,0,0" color="0,220,0" radius="0.5" length="4" />
		<capsule pos="-12.649999999999999,44.0,-25.299999999999997" vel="0,0,0" mass="1" elasticityCoef="1" ang="90,0,0" color="0,220,0" radius="0.5" length="4" />
		<capsule pos="-12.649999999999999,44.0,-22.999999999999996" vel="0,0,0" mass="1" elasticityCoef="1" ang="90,0,0" color="0,220,0" radius="0.5" length="4" />
		<capsule pos="-12.649999999999999,44.0,-20.699999999999996" vel="0,0,0" mass="1" elasticityCoef="1" ang="90,0,0" color="0,220,0" radius="0.5" length="4" />
		<capsule pos="-12.649999999999999,44.0,-18.4" vel="0,0,0" mass="1" elasticityCoef="1" ang="90,0,0" color="0,220,0" radius="0.5" length="4" />
		<capsule pos="-12.649999999999999,44.0,-16.099999999999998" vel="0,0,0" mass="1" elasticityCoef="1" ang="90,0,0" color="0,220,0" radius="0.5" length="4" />
		<capsule pos="-12.649999999999999,44.0,-13.799999999999997" vel="0,0,0" mass="1" elasticityCoef="1" ang="90,0,0" color="0,220,0" radius="0.5" length="4" />
		<capsule pos="-12.649999999999999,44.0,-11.5" vel="0,0,0" mass="1" elasticityCoef="1" ang="90,0,0" color="0,220,0" radius="0.5" length="4" />
		<capsule pos="-12.649999999999999,44.0,-9.199999999999996" vel="0,0,0" mass="1" elasticityCoef="1" ang="90,0,0" color="0,220,0" radius="0.5" length="4" />
		<capsule pos="-12.649999999999999,44.0,-6.899999999999999" vel="0,0,0" mass="1" elasticityCoef="1" ang="90,0,0" color="0,220,0" radius="0.5" length="4" />
		<capsule pos="-12.649999999999999,44.0,-4.600000000000001" vel="0,0,0" mass="1" elasticityCoef="1" ang="90,0,0" color="0,220,0" radius="0.5" length="4" />
		<capsule pos="-12.649999999999999,44.0,-2.299999999999997" vel="0,0,0" mass="1" elasticityCoef="1" ang="90,0,0" color="0,220,0" radius="0.5" length="4" />
		<capsule pos="-12.649999999999999,44.0,0.0" vel="0,0,0" mass="1" elasticityCoef="1" ang="90,0,0" color="0,220,0" radius="0.5" length="4" />
		<capsule pos="-12.649999999999999,44.0,2.3000000000000043" vel="0,0,0" mass="1" elasticityCoef="1" ang="90,0,0" color="0,220,0" radius="0.5" length="4" />
		<capsule pos="-12.649999999999999,44.0,4.600000000000001" vel="0,0,0" mass="1" elasticityCoef="1" ang="90,0,0" color="0,220,0" radius="0.5" length="4" />
		<capsule pos="-12.649999999999999,44.0,6.899999999999999" vel="0,0,0" mass="1" elasticityCoef="1" ang="90,0,0" color="0,220,0" radius="0.5" length="4" />
		<capsule pos="-12.649999999999999,44.0,9.200000000000003" vel="0,0,0" mass="1" elasticityCoef="1" ang="90,0,0" color="0,220,0" radius="0.5" length="4" />
		<capsule pos="-12.649999999999999,44.0,11.5" vel="0,0,0" mass="1" elasticityCoef="1" ang="90,0,0" color="0,220,0" radius="0.5" length="4" />
		<capsule pos="-12.649999999999999,44.0,13.799999999999997" vel="0,0,0" mass="1" elasticityCoef="1" ang="90,0,0" color="0,220,0" radius="0.5" length="4" />
		<capsule pos="-12.649999999999999,44.0,16.1" vel="0,0,0" mass="1" elasticityCoef="1" ang="90,0,0" color="0,220,0" radius="0.5" length="4" />
		<capsule pos="-12.649999999999999,44.0,18.4" vel="0,0,0" mass="1" elasticityCoef="1" ang="90,0,0" color="0,220,0" radius="0.5" length="4" />
		<capsule pos="-12.649999999999999,44.0,20.699999999999996" vel="0,0,0" mass="1" elasticityCoef="1" ang="90,0,0" color="0,220,0" radius="0.5" length="4" />
		<capsule pos="-12.649999999999999,44.0,22.999999999999993" vel="0,0,0" mass="1" elasticityCoef="1" ang="90,0,0" color="0,220,0" radius="0.5" length="4" />
		<capsule pos="-12.649999999999999,44.0,25.300000000000004" vel="0,0,0" mass="1" elasticityCoef="1" ang="90,0,0" color="0,220,0" radius="0.5" length="4" />
		<capsule pos="-12.649999999999999,44.0,27.6" vel="0,0,0" mass="1" elasticityCoef="1" ang="90,0,0" color="0,220,0" radius="0.5" length="4" />
		<capsule pos="-12.649999999999999,44.0,29.9" vel="0,0,0" mass="1" elasticityCoef="1" ang="90,0,0" color="0,220,0" radius="0.5" length="4" />
		<capsule pos="-12.649999999999999,44.0,32.199999999999996" vel="0,0,0" mass="1" elasticityCoef="1" ang="90,0,0" color="0,220,0" radius="0.5" length="4" />
		<capsule pos="-12.649999999999999,44.0,34.49999999999999" vel="0,0,0" mass="1" elasticityCoef="1" ang="90,0,0" color="0,220,0" radius="0.5" length="4" />
		<capsule pos="-12.649999999999999,44.0,36.800000000000004" vel="0,0,0" mass="1" elasticityCoef="1" ang="90,0,0" color="0,220,0" radius="0.5" length="4" />
		<capsule pos="-12.649999999999999,44.0,39.1" vel="0,0,0" mass="1" elasticityCoef="1" ang="90,0,0" color="0,220,0" radius="0.5" length="4" />
		<capsule pos="-12.649999999999999,44.0,41.4" vel="0,0,0" mass="1" elasticityCoef="1" ang="90,0,0" color="0,220,0" radius="0.5" length="4" />
		<capsule pos="-10.350000000000001,-49.5,-43.699999999999996" vel="0,0,0" mass="1" elasticityCoef="1" ang="90,0,0" color="0,220,0" radius="0.5" length="4" />
		<capsule pos="-10.350000000000001,-49.5,-41.4" vel="0,0,0" mass="1" elasticityCoef="1" ang="90,0,0" color="0,220,0" radius="0.5" length="4" />
		<capsule pos="-10.350000000000001,-49.5,-39.099999999999994" vel="0,0,0" mass="1" elasticityCoef="1" ang="90,0,0" color="0,220,0" radius="0.5" length="4" />
		<capsule pos="-10.350000000000001,-49.5,-36.8" vel="0,0,0" mass="1" elasticityCoef="1" ang="90,0,0" color="0,220,0" radius="0.5" length="4" />
		<capsule pos="-10.350000000000001,-49.5,-34.5" vel="0,0,0" mass="1" elasticityCoef="1" ang="90,0,0" color="0,220,0" radius="0.5" length="4" />
		<capsule pos="-10.350000000000001,-49.5,-32.199999999999996" vel="0,0,0" mass="1" elasticityCoef="1" ang="90,0,0" color="0,220,0" radius="0.5" length="4" />
		<capsule pos="-10.350000000000001,-49.5,-29.9" vel="0,0,0" mass="1" elasticityCoef="1" ang="90,0,0" color="0,220,0" radius="0.5" length="4" />
		<capsule pos="-10.350000000000001,-49.5,-27.599999999999998" vel="0,0,0" mass="1" elasticityCoef="1" ang="90,0,0" color="0,220,0" radius="0.5" length="4" />
		<capsule pos="-10.350000000000001,-49.5,-25.299999999999997" vel="0,0,0" mass="1" elasticityCoef="1" ang="90,0,0" color="0,220,0" radius="0.5" length="4" />
		<capsule pos="-10.350000000000001,-49.5,-22.999999999999996" vel="0,0,0" mass="1" elasticityCoef="1" ang="90,0,0" color="0,220,0" radius="0.5" length="4" />
		<capsule pos="-10.350000000000001,-49.5,-20.699999999999996" vel="0,0,0" mass="1" elasticityCoef="1" ang="90,0,0" color="0,220,0" radius="0.5" length="4" />
		<capsule pos="-10.350000000000001,-49.5,-18.4" vel="0,0,0" mass="1" elasticityCoef="1" ang="90,0,0" color="0,220,0" radius="0.5" length="4" />
		<capsule pos="-10.350000000000001,-49.5,-16.099999999999998" vel="0,0,0" mass="1" elasticityCoef="1" ang="90,0,0" color="0,220,0" radius="0.5" length="4" />
		<capsule pos="-10.350000000000001,-49.5,-13.799999999999997" vel="0,0,0" mass="1" elasticityCoef="1" ang="90,0,0" color="0,220,0" radius="0.5" length="4" />
		<capsule pos="-10.350000000000001,-49.5,-11.5" vel="0,0,0" mass="1" elasticityCoef="1" ang="90,0,0" color="0,220,0" radius="0.5" length="4" />
		<capsule pos="-10.350000000000001,-49.5,-9.199999999999996" vel="0,0,0" mass="1" elasticityCoef="1" ang="90,0,0" color="0,220,0" radius="0.5" length="4" />
		<capsule pos="-10.350000000000001,-49.5,-6.899999999999999" vel="0,0,0" mass="1" elasticityCoef="1" ang="90,0,0" color="0,220,0" radius="0.5" length="4" />
		<capsule pos="-10.350000000000001,-49.5,-4.600000000000001" vel="0,0,0" mass="1" elasticityCoef="1" ang="90,0,0" color="0,220,0" radius="0.5" length="4" />
		<capsule pos="-10.350000000000001,-49.5,-2.299999999999997" vel="0,0,0" mass="1" elasticityCoef="1" ang="90,0,0" color="0,220,0" radius="0.5" length="4" />
		<capsule pos="-10.350000000000001,-49.5,0.0" vel="0,0,0" mass="1" elasticityCoef="1" ang="90,0,0" color="0,220,0" radius="0.5" length="4" />
		<capsule pos="-10.350000000000001,-49.5,2.3000000000000043" vel="0,0,0" mass="1" elasticityCoef="1" ang="90,0,0" color="0,220,0" radius="0.5" length="4" />
		<capsule pos="-10.350000000000001,-49.5,4.600000000000001" vel="0,0,0" mass="1" elasticityCoef="1" ang="90,0,0" color="0,220,0" radius="0.5" length="4" />
		<capsule pos="-10.350000000000001,-49.5,6.899999999999999" vel="0,0,0" mass="1" elasticityCoef="1" ang="90,0,0" color="0,220,0" radius="0.5" length="4" />
		<capsule pos="-10.350000000000001,-49.5,9.200000000000003" vel="0,0,0" mass="1" elasticityCoef="1" ang="90,0,0" color="0,220,0" radius="0.5" length="4" />
		<capsule pos="-10.350000000000001,-49.5,11.5" vel="0,0,0" mass="1" elasticityCoef="1" ang="90,0,0" color="0,220,0" radius="0.5" length="4" />
		<capsule pos="-10.350000000000001,-49.5,13.799999999999997" vel="0,0,0" mass="1" elasticityCoef="1" ang="90,0,0" color="0,220,0" radius="0.5" length="4" />
		<capsule pos="-10.350000000000001,-49.5,16.1" vel="0,0,0" mass="1" elasticityCoef="1" ang="90,0,0" color="0,220,0" radius="0.5" length="4" />
		<capsule pos="-10.350000000000001,-49.5,18.4" vel="0,0,0" mass="1" elasticityCoef="1" ang="90,0,0" color="0,220,0" radius="0.5" length="4" />
		<capsule pos="-10.350000000000001,-49.5,20.699999999999996" vel="0,0,0" mass="1" elasticityCoef="1" ang="90,0,0" color="0,220,0" radius="0.5" length="4" />
		<capsule pos="-10.350000000000001,-49.5,22.999999999999993" vel="0,0,0" mass="1" elasticityCoef="1" ang="90,0,0" color="0,220,0" radius="0.5" length="4" />
		<capsule pos="-10.350000000000001,-49.5,25.300000000000004" vel="0,0,0" mass="1" elasticityCoef="1" ang="90,0,0" color="0,220,0" radius="0.5" length="4" />
		<capsule pos="-10.350000000000001,-49.5,27.6" vel="0,0,0" mass="1" elasticityCoef="1" ang="90,0,0" color="0,220,0" radius="0.5" length="4" />
		<capsule pos="-10.350000000000001,-49.5,29.9" vel="0,0,0" mass="1" elasticityCoef="1" ang="90,0,0" color="0,220,0" radius="0.5" length="4" />
		<capsule pos="-10.350000000000001,-49.5,32.199999999999996" vel="0,0,0" mass="1" elasticityCoef="1" ang="90,0,0" color="0,220,0" radius="0.5" length="4" />
		<capsule pos="-10.350000000000001,-49.5,34.49999999999999" vel="0,0,0" mass="1" elasticityCoef="1" ang="90,0,0" color="0,220,0" radius="0.5" length="4" />
		<capsule pos="-10.350000000000001,-49.5,36.800000000000004" vel="0,0,0" mass="1" elasticityCoef="1" ang="90,0,0" color="0,220,0" radius="0.5" length="4" />
		<capsule pos="-10.350000000000001,-49.5,39.1" vel="0,0,0" mass="1" elasticityCoef="1" ang="90,0,0" color="0,220,0" radius="0.5" length="4" />
		<capsule pos="-10.350000000000001,-49.5,41.4" vel="0,0,0" mass="1" elasticityCoef="1" ang="90,0,0" color="0,220,0" radius="0.5" length="4" />
		<capsule pos="-10.350000000000001,-44.0,-43.699999999999996" vel="0,0,0" mass="1" elasticityCoef="1" ang="90,0,0" color="0,220,0" radius="0.5" length="4" />
		<capsule pos="-10.350000000000001,-44.0,-41.4" vel="0,0,0" mass="1" elasticityCoef="1" ang="90,0,0" color="0,220,0" radius="0.5" length="4" />
		<capsule pos="-10.350000000000001,-44.0,-39.099999999999994" vel="0,0,0" mass="1" elasticityCoef="1" ang="90,0,0" color="0,220,0" radius="0.5" length="4" />
		<capsule pos="-10.350000000000001,-44.0,-36.8" vel="0,0,0" mass="1" elasticityCoef="1" ang="90,0,0" color="0,220,0" radius="0.5" length="4" />
		<capsule pos="-10.350000000000001,-44.0,-34.5" vel="0,0,0" mass="1" elasticityCoef="1" ang="90,0,0" color="0,220,0" radius="0.5" length="4" />
		<capsule pos="-10.350000000000001,-44.0,-32.199999999999996" vel="0,0,0" mass="1" elasticityCoef="1" ang="90,0,0" color="0,220,0" radius="0.5" length="4" />
		<capsule pos="-10.350000000000001,-44.0,-29.9" vel="0,0,0" mass="1" elasticityCoef="1" ang="90,0,0" color="0,220,0" radius="0.5" length="4" />
		<capsule pos="-10.350000000000001,-44.0,-27.599999999999998" vel="0,0,0" mass="1" elasticityCoef="1" ang="90,0,0" color="0,220,0" radius="0.5" length="4" />
		<capsule pos="-10.350000000000001,-44.0,-25.299999999999997" vel="0,0,0" mass="1" elasticityCoef="1" ang="90,0,0" color="0,220,0" radius="0.5" length="4" />
		<capsule pos="-10.350000000000001,-44.0,-22.999999999999996" vel="0,0,0" mass="1" elasticityCoef="1" ang="90,0,0" color="0,220,0" radius="0.5" length="4" />
		<capsule pos="-10.350000000000001,-44.0,-20.699999999999996" vel="0,0,0" mass="1" elasticityCoef="1" ang="90,0,0" color="0,220,0" radius="0.5" length="4" />
		<capsule pos="-10.350000000000001,-44.0,-18.4" vel="0,0,0" mass="1" elasticityCoef="1" ang="90,0,0" color="0,220,0" radius="0.5" length="4" />
		<capsule pos="-10.350000000000001,-44.0,-16.099999999999998" vel="0,0,0" mass="1" elasticityCoef="1" ang="90,0,0" color="0,220,0" radius="0.5" length="4" />
		<capsule pos="-10.350000000000001,-44.0,-13.799999999999997" vel="0,0,0" mass="1" elasticityCoef="1" ang="90,0,0" color="0,220,0" radius="0.5" length="4" />
		<capsule pos="-10.350000000000001,-44.0,-11.5" vel="0,0,0" mass="1" elasticityCoef="1" ang="90,0,0" color="0,220,0" radius="0.5" length="4" />
		<capsule pos="-10.350000000000001,-44.0,-9.199999999999996" vel="0,0,0" mass="1" elasticityCoef="1" ang="90,0,0" color="0,220,0" radius="0.5" length="4" />
		<capsule pos="-10.350000000000001,-44.0,-6.899999999999999" vel="0,0,0" mass="1" elasticityCoef="1" ang="90,0,0" color="0,220,0" radius="0.5" length="4" />
		<capsule pos="-10.350000000000001,-44.0,-4.600000000000001" vel="0,0,0" mass="1" elasticityCoef="1" ang="90,0,0" color="0,220,0" radius="0.5" length="4" />
		<capsule pos="-10.350000000000001,-44.0,-2.299999999999997" vel="0,0,0" mass="1" elasticityCoef="1" ang="90,0,0" color="0,220,0" radius="0.5" length="4" />
		<capsule pos="-10.350000000000001,-44.0,0.0" vel="0,0,0" mass="1" elasticityCoef="1" ang="90,0,0" color="0,220,0" radius="0.5" length="4" />
		<capsule pos="-10.350000000000001,-44.0,2.3000000000000043" vel="0,0,0" mass="1" elasticityCoef="1" ang="90,0,0" color="0,220,0" radius="0.5" length="4" />
		<capsule pos="-10.350000000000001,-44.0,4.600000000000001" vel="0,0,0" mass="1" elasticityCoef="1" ang="90,0,0" color="0,220,0" radius="0.5" length="4" />
		<capsule pos="-10.350000000000001,-44.0,6.899999999999999" vel="0,0,0" mass="1" elasticityCoef="1" ang="90,0,0" color="0,220,0" radius="0.5" length="4" />
		<capsule pos="-10.350000000000001,-44.0,9.200000000000003" vel="0,0,0" mass="1" elasticityCoef="1" ang="90,0,0" color="0,220,0" radius="0.5" length="4" />
		<capsule pos="-10.350000000000001,-44.0,11.5" vel="0,0,0" mass="1" elasticityCoef="1" ang="90,0,0" color="0,220,0" radius="0.5" length="4" />
		<capsule pos="-10.350000000000001,-44.0,13.799999999999997" vel="0,0,0" mass="1" elasticityCoef="1" ang="90,0,0" color="0,220,0" radius="0.5" length="4" />
		<capsule pos="-10.350000000000001,-44.0,16.1" vel="0,0,0" mass="1" elasticityCoef="1" ang="90,0,0" color="0,220,0" radius="0.5" length="4" />
		<capsule pos="-10.350000000000001,-44.0,18.4" vel="0,0,0" mass="1" elasticityCoef="1" ang="90,0,0" color="0,220,0" radius="0.5" length="4" />
		<capsule pos="-10.350000000000001,-44.0,20.699999999999996" vel="0,0,0" mass="1" elasticityCoef="1" ang="90,0,0" color="0,220,0" radius="0.5" length="4" />
		<capsule pos="-10.350000000000001,-44.0,22.999999999999993" vel="0,0,0" mass="1" elasticityCoef="1" ang="90,0,0" color="0,220,0" radius="0.5" length="4" />
		<capsule pos="-10.350000000000001,-44.0,25.300000000000004" vel="0,0,0" mass="1" elasticityCoef="1" ang="90,0,0" color="0,220,0" radius="0.5" length="4" />
		<capsule pos="-10.350000000000001,-44.0,27.6" vel="0,0,0" mass="1" elasticityCoef="1" ang="90,0,0" color="0,220,0" radius="0.5" length="4" />
		<capsule pos="-10.350000000000001,-44.0,29.9" vel="0,0,0" mass="1" elasticityCoef="1" ang="90,0,0" color="0,220,0" radius="0.5" length="4" />
		<capsule pos="-10.350000000000001,-44.0,32.199999999999996" vel="0,0,0" mass="1" elasticityCoef="1" ang="90,0,0" color="0,220,0" radius="0.5" length="4" />
		<capsule pos="-10.350000000000001,-44.0,34.49999999999999" vel="0,0,0" mass="1" elasticityCoef="1" ang="90,0,0" color="0,220,0" radius="0.5" length="4" />
		<capsule pos="-10.350000000000001,-44.0,36.800000000000004" vel="0,0,0" mass="1" elasticityCoef="1" ang="90,0,0" color="0,220,0" radius="0.5" length="4" />
		<capsule pos="-10.350000000000001,-44.0,39.1" vel="0,0,0" mass="1" elasticityCoef="1" ang="90,0,0" color="0,220,0" radius="0.5" length="4" />
		<capsule pos="-10.350000000000001,-44.0,41.4" vel="0,0,0" mass="1" elasticityCoef="1" ang="90,0,0" color="0,220,0" radius="0.5" length="4" />
		<capsule pos="-10.350000000000001,-38.5,-43.699999999999996" vel="0,0,0" mass="1" elasticityCoef="1" ang="90,0,0" color="0,220,0" radius="0.5" length="4" />
		<capsule pos="-10.350000000000001,-38.5,-41.4" vel="0,0,0" mass="1" elasticityCoef="1" ang="90,0,0" color="0,220,0" radius="0.5" length="4" />
		<capsule pos="-10.350000000000001,-38.5,-39.099999999999994" vel="0,0,0" mass="1" elasticityCoef="1" ang="90,0,0" color="0,220,0" radius="0.5" length="4" />
		<capsule pos="-10.350000000000001,-38.5,-36.8" vel="0,0,0" mass="1" elasticityCoef="1" ang="90,0,0" color="0,220,0" radius="0.5" length="4" />
		<capsule pos="-10.350000000000001,-38.5,-34.5" vel="0,0,0" mass="1" elasticityCoef="1" ang="90,0,0" color="0,220,0" radius="0.5" length="4" />
		<capsule pos="-10.350000000000001,-38.5,-32.199999999999996" vel="0,0,0" mass="1" elasticityCoef="1" ang="90,0,0" color="0,220,0" radius="0.5" length="4" />
		<capsule pos="-10.350000000000001,-38.5,-29.9" vel="0,0,0" mass="1" elasticityCoef="1" ang="90,0,0" color="0,220,0" radius="0.5" length="4" />
		<capsule pos="-10.350000000000001,-38.5,-27.599999999999998" vel="0,0,0" mass="1" elasticityCoef="1" ang="90,0,0" color="0,220,0" radius="0.5" length="4" />
		<capsule pos="-10.350000000000001,-38.5,-25.299999999999997" vel="0,0,0" mass="1" elasticityCoef="1" ang="90,0,0" color="0,220,0" radius="0.5" length="4" />
		<capsule pos="-10.350000000000001,-38.5,-22.999999999999996" vel="0,0,0" mass="1" elasticityCoef="1" ang="90,0,0" color="0,220,0" radius="0.5" length="4" />
		<capsule pos="-10.350000000000001,-38.5,-20.699999999999996" vel="0,0,0" mass="1" elasticityCoef="1" ang="90,0,0" color="0,220,0" radius="0.5" length="4" />
		<capsule pos="-10.350000000000001,-38.5,-18.4" vel="0,0,0" mass="1" elasticityCoef="1" ang="90,0,0" color="0,220,0" radius="0.5" length="4" />
		<capsule pos="-10.350000000000001,-38.5,-16.099999999999998" vel="0,0,0" mass="1" elasticityCoef="1" ang="90,0,0" color="0,220,0" radius="0.5" length="4" />
		<capsule pos="-10.350000000000001,-38.5,-13.799999999999997" vel="0,0,0" mass="1" elasticityCoef="1" ang="90,0,0" color="0,220,0" radius="0.5" length="4" />
		<capsule pos="-10.350000000000001,-38.5,-11.5" vel="0,0,0" mass="1" elasticityCoef="1" ang="90,0,0" color="0,220,0" radius="0.5" length="4" />
		<capsule pos="-10.350000000000001,-38.5,-9.199999999999996" vel="0,0,0" mass="1" elasticityCoef="1" ang="90,0,0" color="0,220,0" radius="0.5" length="4" />
		<capsule pos="-10.350000000000001,-38.5,-6.899999999999999" vel="0,0,0" mass="1" elasticityCoef="1" ang="90,0,0" color="0,220,0" radius="0.5" length="4" />
		<capsule pos="-10.350000000000001,-38.5,-4.600000000000001" vel="0,0,0" mass="1" elasticityCoef="1" ang="90,0,0" color="0,220,0" radius="0.5" length="4" />
		<capsule pos="-10.350000000000001,-38.5,-2.299999999999997" vel="0,0,0" mass="1" elasticityCoef="1" ang="90,0,0" color="0,220,0" radius="0.5" length="4" />
		<capsule pos="-10.350000000000001,-38.5,0.0" vel="0,0,0" mass="1" elasticityCoef="1" ang="90,0,0" color="0,220,0" radius="0.5" length="4" />
		<capsule pos="-10.350000000000001,-38.5,2.3000000000000043" vel="0,0,0" mass="1" elasticityCoef="1" ang="90,0,0" color="0,220,0" radius="0.5" length="4" />
		<capsule pos="-10.350000000000001,-38.5,4.600000000000001" vel="0,0,0" mass="1" elasticityCoef="1" ang="90,0,0" color="0,220,0" radius="0.5" length="4" />
		<capsule pos="-10.350000000000001,-38.5,6.899999999999999" vel="0,0,0" mass="1" elasticityCoef="1" ang="90,0,0" color="0,220,0" radius="0.5" length="4" />
		<capsule pos="-10.350000000000001,-38.5,9.200000000000003" vel="0,0,0" mass="1" elasticityCoef="1" ang="90,0,0" color="0,220,0" radius="0.5" length="4" />
		<capsule pos="-10.350000000000001,-38.5,11.5" vel="0,0,0" mass="1" elasticityCoef="1" ang="90,0,0" color="0,220,0" radius="0.5" length="4" />
		<capsule pos="-10.350000000000001,-38.5,13.799999999999997" vel="0,0,0" mass="1" elasticityCoef="1" ang="90,0,0" color="0,220,0" radius="0.5" length="4" />
		<capsule pos="-10.350000000000001,-38.5,16.1" vel="0,0,0" mass="1" elasticityCoef="1" ang="90,0,0" color="0,220,0" radius="0.5" length="4" />
		<capsule pos="-10.350000000000001,-38.5,18.4" vel="0,0,0" mass="1" elasticityCoef="1" ang="90,0,0" color="0,220,0" radius="0.5" length="4" />
		<capsule pos="-10.350000000000001,-38.5,20.699999999999996" vel="0,0,0" mass="1" elasticityCoef="1" ang="90,0,0" color="0,220,0" radius="0.5" length="4" />
		<capsule pos="-10.350000000000001,-38.5,22.999999999999993" vel="0,0,0" mass="1" elasticityCoef="1" ang="90,0,0" color="0,220,0" radius="0.5" length="4" />
		<capsule pos="-10.350000000000001,-38.5,25.300000000000004" vel="0,0,0" mass="1" elasticityCoef="1" ang="90,0,0" color="0,220,0" radius="0.5" length="4" />
		<capsule pos="-10.350000000000001,-38.5,27.6" vel="0,0,0" mass="1" elasticityCoef="1" ang="90,0,0" color="0,220,0" radius="0.5" length="4" />
		<capsule pos="-10.350000000000001,-38.5,29.9" vel="0,0,0" mass="1" elasticityCoef="1" ang="90,0,0" color="0,220,0" radius="0.5" length="4" />
		<capsule pos="-10.350000000000001,-38.5,32.199999999999996" vel="0,0,0" mass="1" elasticityCoef="1" ang="90,0,0" color="0,220,0" radius="0.5" length="4" />
		<capsule pos="-10.350000000000001,-38.5,34.49999999999999" vel="0,0,0" mass="1" elasticityCoef="1" ang="90,0,0" color="0,220,0" radius="0.5" length="4" />
		<capsule pos="-10.350000000000001,-38.5,36.800000000000004" vel="0,0,0" mass="1" elasticityCoef="1" ang="90,0,0" color="0,220,0" radius="0.5" length="4" />
		<capsule pos="-10.350000000000001,-38.5,39.1" vel="0,0,0" mass="1" elasticityCoef="1" ang="90,0,0" color="0,220,0" radius="0.5" length="4" />
		<capsule pos="-10.350000000000001,-38.5,41.4" vel="0,0,0" mass="1" elasticityCoef="1" ang="90,0,0" color="0,220,0" radius="0.5" length="4" />
		<capsule pos="-10.350000000000001,-33.0,-43.699999999999996" vel="0,0,0" mass="1" elasticityCoef="1" ang="90,0,0" color="0,220,0" radius="0.5" length="4" />
		<capsule pos="-10.350000000000001,-33.0,-41.4" vel="0,0,0" mass="1" elasticityCoef="1" ang="90,0,0" color="0,220,0" radius="0.5" length="4" />
		<capsule pos="-10.350000000000001,-33.0,-39.099999999999994" vel="0,0,0" mass="1" elasticityCoef="1" ang="90,0,0" color="0,220,0" radius="0.5" length="4" />
		<capsule pos="-10.350000000000001,-33.0,-36.8" vel="0,0,0" mass="1" elasticityCoef="1" ang="90,0,0" color="0,220,0" radius="0.5" length="4" />
		<capsule pos="-10.350000000000001,-33.0,-34.5" vel="0,0,0" mass="1" elasticityCoef="1" ang="90,0,0" color="0,220,0" radius="0.5" length="4" />
		<capsule pos="-10.350000000000001,-33.0,-32.199999999999996" vel="0,0,0" mass="1" elasticityCoef="1" ang="90,0,0" color="0,220,0" radius="0.5" length="4" />
		<capsule pos="-10.350000000000001,-33.0,-29.9" vel="0,0,0" mass="1" elasticityCoef="1" ang="90,0,0" color="0,220,0" radius="0.5" length="4" />
		<capsule pos="-10.350000000000001,-33.0,-27.599999999999998" vel="0,0,0" mass="1" elasticityCoef="1" ang="90,0,0" color="0,220,0" radius="0.5" length="4" />
		<capsule pos="-10.350000000000001,-33.0,-25.299999999999997" vel="0,0,0" mass="1" elasticityCoef="1" ang="90,0,0" color="0,220,0" radius="0.5" length="4" />
		<capsule pos="-10.350000000000001,-33.0,-22.999999999999996" vel="0,0,0" mass="1" elasticityCoef="1" ang="90,0,0" color="0,220,0" radius="0.5" length="4" />
		<capsule pos="-10.350000000000001,-33.0,-20.699999999999996" vel="0,0,0" mass="1" elasticityCoef="1" ang="90,0,0" color="0,220,0" radius="0.5" length="4" />
		<capsule pos="-10.350000000000001,-33.0,-18.4" vel="0,0,0" mass="1" elasticityCoef="1" ang="90,0,0" color="0,220,0" radius="0.5" length="4" />
		<capsule pos="-10.350000000000001,-33.0,-16.099999999999998" vel="0,0,0" mass="1" elasticityCoef="1" ang="90,0,0" color="0,220,0" radius="0.5" length="4" />
		<capsule pos="-10.350000000000001,-33.0,-13.799999999999997" vel="0,0,0" mass="1" elasticityCoef="1" ang="90,0,0" color="0,220,0" radius="0.5" length="4" />
		<capsule pos="-10.350000000000001,-33.0,-11.5" vel="0,0,0" mass="1" elasticityCoef="1" ang="90,0,0" color="0,220,0" radius="0.5" length="4" />
		<capsule pos="-10.350000000000001,-33.0,-9.199999999999996" vel="0,0,0" mass="1" elasticityCoef="1" ang="90,0,0" color="0,220,0" radius="0.5" length="4" />
		<capsule pos="-10.350000000000001,-33.0,-6.899999999999999" vel="0,0,0" mass="1" elasticityCoef="1" ang="90,0,0" color="0,220,0" radius="0.5" length="4" />
		<capsule pos="-10.350000000000001,-33.0,-4.600000000000001" vel="0,0,0" mass="1" elasticityCoef="1" ang="90,0,0" color="0,220,0" radius="0.5" length="4" />
		<capsule pos="-10.350000000000001,-33.0,-2.299999999999997" vel="0,0,0" mass="1" elasticityCoef="1" ang="90,0,0" color="0,220,0" radius="0.5" length="4" />
		<capsule pos="-10.350000000000001,-33.0,0.0" vel="0,0,0" mass="1" elasticityCoef="1" ang="90,0,0" color="0,220,0" radius="0.5" length="4" />
		<capsule pos="-10.350000000000001,-33.0,2.3000000000000043" vel="0,0,0" mass="1" elasticityCoef="1" ang="90,0,0" color="0,220,0" radius="0.5" length="4" />
		<capsule pos="-10.350000000000001,-33.0,4.600000000000001" vel="0,0,0" mass="1" elasticityCoef="1" ang="90,0,0" color="0,220,0" radius="0.5" length="4" />
		<capsule pos="-10.350000000000001,-33.0,6.899999999999999" vel="0,0,0" mass="1" elasticityCoef="1" ang="90,0,0" color="0,220,0" radius="0.5" length="4" />
		<capsule pos="-10.350000000000001,-33.0,9.200000000000003" vel="0,0,0" mass="1" elasticityCoef="1" ang="90,0,0" color="0,220,0" radius="0.5" length="4" />
		<capsule pos="-10.350000000000001,-33.0,11.5" vel="0,0,0" mass="1" elasticityCoef="1" ang="90,0,0" color="0,220,0" radius="0.5" length="4" />
		<capsule pos="-10.350000000000001,-33.0,13.799999999999997" vel="0,0,0" mass="1" elasticityCoef="1" ang="90,0,0" color="0,220,0" radius="0.5" length="4" />
		<capsule pos="-10.350000000000001,-33.0,16.1" vel="0,0,0" mass="1" elasticityCoef="1" ang="90,0,0" color="0,220,0" radius="0.5" length="4" />
		<capsule pos="-10.350000000000001,-33.0,18.4" vel="0,0,0" mass="1" elasticityCoef="1" ang="90,0,0" color="0,220,0" radius="0.5" length="4" />
		<capsule pos="-10.350000000000001,-33.0,20.699999999999996" vel="0,0,0" mass="1" elasticityCoef="1" ang="90,0,0" color="0,220,0" radius="0.5" length="4" />
		<capsule pos="-10.350000000000001,-33.0,22.999999999999993" vel="0,0,0" mass="1" elasticityCoef="1" ang="90,0,0" color="0,220,0" radius="0.5" length="4" />
		<capsule pos="-10.350000000000001,-33.0,25.300000000000004" vel="0,0,0" mass="1" elasticityCoef="1" ang="90,0,0" color="0,220,0" radius="0.5" length="4" />
		<capsule pos="-10.350000000000001,-33.0,27.6" vel="0,0,0" mass="1" elasticityCoef="1" ang="90,0,0" color="0,220,0" radius="0.5" length="4" />
		<capsule pos="-10.350000000000001,-33.0,29.9" vel="0,0,0" mass="1" elasticityCoef="1" ang="90,0,0" color="0,220,0" radius="0.5" length="4" />
		<capsule pos="-10.350000000000001,-33.0,32.199999999999996" vel="0,0,0" mass="1" elasticityCoef="1" ang="90,0,0" color="0,220,0" radius="0.5" length="4" />
		<capsule pos="-10.350000000000001,-33.0,34.49999999999999" vel="0,0,0" mass="1" elasticityCoef="1" ang="90,0,0" color="0,220,0" radius="0.5" length="4" />
		<capsule pos="-10.350000000000001,-33.0,36.800000000000004" vel="0,0,0" mass="1" elasticityCoef="1" ang="90,0,0" color="0,220,0" radius="0.5" length="4" />
		<capsule pos="-10.350000000000001,-33.0,39.1" vel="0,0,0" mass="1" elasticityCoef="1" ang="90,0,0" color="0,220,0" radius="0.5" length="4" />
		<capsule pos="-10.350000000000001,-33.0,41.4" vel="0,0,0" mass="1" elasticityCoef="1" ang="90,0,0" color="0,220,0" radius="0.5" length="4" />
		<capsule pos="-10.350000000000001,-27.5,-43.699999999999996" vel="0,0,0" mass="1" elasticityCoef="1" ang="90,0,0" color="0,220,0" radius="0.5" length="4" />
		<capsule pos="-10.350000000000001,-27.5,-41.4" vel="0,0,0" mass="1" elasticityCoef="1" ang="90,0,0" color="0,220,0" radius="0.5" length="4" />
		<capsule pos="-10.350000000000001,-27.5,-39.099999999999994" vel="0,0,0" mass="1" elasticityCoef="1" ang="90,0,0" color="0,220,0" radius="0.5" length="4" />
		<capsule pos="-10.350000000000001,-27.5,-36.8" vel="0,0,0" mass="1" elasticityCoef="1" ang="90,0,0" color="0,220,0" radius="0.5" length="4" />
		<capsule pos="-10.350000000000001,-27.5,-34.5" vel="0,0,0" mass="1" elasticityCoef="1" ang="90,0,0" color="0,220,0" radius="0.5" length="4" />
		<capsule pos="-10.350000000000001,-27.5,-32.199999999999996" vel="0,0,0" mass="1" elasticityCoef="1" ang="90,0,0" color="0,220,0" radius="0.5" length="4" />
		<capsule pos="-10.350000000000001,-27.5,-29.9" vel="0,0,0" mass="1" elasticityCoef="1" ang="90,0,0" color="0,220,0" radius="0.5" length="4" />
		<capsule pos="-10.350000000000001,-27.5,-27.599999999999998" vel="0,0,0" mass="1" elasticityCoef="1" ang="90,0,0" color="0,220,0" radius="0.5" length="4" />
		<capsule pos="-10.350000000000001,-27.5,-25.299999999999997" vel="0,0,0" mass="1" elasticityCoef="1" ang="90,0,0" color="0,220,0" radius="0.5" length="4" />
		<capsule pos="-10.350000000000001,-27.5,-22.999999999999996" vel="0,0,0" mass="1" elasticityCoef="1" ang="90,0,0" color="0,220,0" radius="0.5" length="4" />
		<capsule pos="-10.350000000000001,-27.5,-20.699999999999996" vel="0,0,0" mass="1" elasticityCoef="1" ang="90,0,0" color="0,220,0" radius="0.5" length="4" />
		<capsule pos="-10.350000000000001,-27.5,-18.4" vel="0,0,0" mass="1" elasticityCoef="1" ang="90,0,0" color="0,220,0" radius="0.5" length="4" />
		<capsule pos="-10.350000000000001,-27.5,-16.099999999999998" vel="0,0,0" mass="1" elasticityCoef="1" ang="90,0,0" color="0,220,0" radius="0.5" length="4" />
		<capsule pos="-10.350000000000001,-27.5,-13.799999999999997" vel="0,0,0" mass="1" elasticityCoef="1" ang="90,0,0" color="0,220,0" radius="0.5" length="4" />
		<capsule pos="-10.350000000000001,-27.5,-11.5" vel="0,0,0" mass="1" elasticityCoef="1" ang="90,0,0" color="0,220,0" radius="0.5" length="4" />
		<capsule pos="-10.350000000000001,-27.5,-9.199999999999996" vel="0,0,0" mass="1" elasticityCoef="1" ang="90,0,0" color="0,220,0" radius="0.5" length="4" />
		<capsule pos="-10.350000000000001,-27.5,-6.899999999999999" vel="0,0,0" mass="1" elasticityCoef="1" ang="90,0,0" color="0,220,0" radius="0.5" length="4" />
		<capsule pos="-10.350000000000001,-27.5,-4.600000000000001" vel="0,0,0" mass="1" elasticityCoef="1" ang="90,0,0" color="0,220,0" radius="0.5" length="4" />
		<capsule pos="-10.350000000000001,-27.5,-2.299999999999997" vel="0,0,0" mass="1" elasticityCoef="1" ang="90,0,0" color="0,220,0" radius="0.5" length="4" />
		<capsule pos="-10.350000000000001,-27.5,0.0" vel="0,0,0" mass="1" elasticityCoef="1" ang="90,0,0" color="0,220,0" radius="0.5" length="4" />
		<capsule pos="-10.350000000000001,-27.5,2.3000000000000043" vel="0,0,0" mass="1" elasticityCoef="1" ang="90,0,0" color="0,220,0" radius="0.5" length="4" />
		<capsule pos="-10.350000000000001,-27.5,4.600000000000001" vel="0,0,0" mass="1" elasticityCoef="1" ang="90,0,0" color="0,220,0" radius="0.5" length="4" />
		<capsule pos="-10.350000000000001,-27.5,6.899999999999999" vel="0,0,0" mass="1" elasticityCoef="1" ang="90,0,0" color="0,220,0" radius="0.5" length="4" />
		<capsule pos="-10.350000000000001,-27.5,9.200000000000003" vel="0,0,0" mass="1" elasticityCoef="1" ang="90,0,0" color="0,220,0" radius="0.5" length="4" />
		<capsule pos="-10.350000000000001,-27.5,11.5" vel="0,0,0" mass="1" elasticityCoef="1" ang="90,0,0" color="0,220,0" radius="0.5" length="4" />
		<capsule pos="-10.350000000000001,-27.5,13.799999999999997" vel="0,0,0" mass="1" elasticityCoef="1" ang="90,0,0" color="0,220,0" radius="0.5" length="4" />
		<capsule pos="-10.350000000000001,-27.5,16.1" vel="0,0,0" mass="1" elasticityCoef="1" ang="90,0,0" color="0,220,0" radius="0.5" length="4" />
		<capsule pos="-10.350000000000001,-27.5,18.4" vel="0,0,0" mass="1" elasticityCoef="1" ang="90,0,0" color="0,220,0" radius="0.5" length="4" />
		<capsule pos="-10.350000000000001,-27.5,20.699999999999996" vel="0,0,0" mass="1" elasticityCoef="1" ang="90,0,0" color="0,220,0" radius="0.5" length="4" />
		<capsule pos="-10.350000000000001,-27.5,22.999999999999993" vel="0,0,0" mass="1" elasticityCoef="1" ang="90,0,0" color="0,220,0" radius="0.5" length="4" />
		<capsule pos="-10.350000000000001,-27.5,25.300000000000004" vel="0,0,0" mass="1" elasticityCoef="1" ang="90,0,0" color="0,220,0" radius="0.5" length="4" />
		<capsule pos="-10.350000000000001,-27.5,27.6" vel="0,0,0" mass="1" elasticityCoef="1" ang="90,0,0" color="0,220,0" radius="0.5" length="4" />
		<capsule pos="-10.350000000000001,-27.5,29.9" vel="0,0,0" mass="1" elasticityCoef="1" ang="90,0,0" color="0,220,0" radius="0.5" length="4" />
		<capsule pos="-10.350000000000001,-27.5,32.199999999999996" vel="0,0,0" mass="1" elasticityCoef="1" ang="90,0,0" color="0,220,0" radius="0.5" length="4" />
		<capsule pos="-10.350000000000001,-27.5,34.49999999999999" vel="0,0,0" mass="1" elasticityCoef="1" ang="90,0,0" color="0,220,0" radius="0.5" length="4" />
		<capsule pos="-10.350000000000001,-27.5,36.800000000000004" vel="0,0,0" mass="1" elasticityCoef="1" ang="90,0,0" color="0,220,0" radius="0.5" length="4" />
		<capsule pos="-10.350000000000001,-27.5,39.1" vel="0,0,0" mass="1" elasticityCoef="1" ang="90,0,0" color="0,220,0" radius="0.5" length="4" />
		<capsule pos="-10.350000000000001,-27.5,41.4" vel="0,0,0" mass="1" elasticityCoef="1" ang="90,0,0" color="0,220,0" radius="0.5" length="4" />
		<capsule pos="-10.350000000000001,-22.0,-43.699999999999996" vel="0,0,0" mass="1" elasticityCoef="1" ang="90,0,0" color="0,220,0" radius="0.5" length="4" />
		<capsule pos="-10.350000000000001,-22.0,-41.4" vel="0,0,0" mass="1" elasticityCoef="1" ang="90,0,0" color="0,220,0" radius="0.5" length="4" />
		<capsule pos="-10.350000000000001,-22.0,-39.099999999999994" vel="0,0,0" mass="1" elasticityCoef="1" ang="90,0,0" color="0,220,0" radius="0.5" length="4" />
		<capsule pos="-10.350000000000001,-22.0,-36.8" vel="0,0,0" mass="1" elasticityCoef="1" ang="90,0,0" color="0,220,0" radius="0.5" length="4" />
		<capsule pos="-10.350000000000001,-22.0,-34.5" vel="0,0,0" mass="1" elasticityCoef="1" ang="90,0,0" color="0,220,0" radius="0.5" length="4" />
		<capsule pos="-10.350000000000001,-22.0,-32.199999999999996" vel="0,0,0" mass="1" elasticityCoef="1" ang="90,0,0" color="0,220,0" radius="0.5" length="4" />
		<capsule pos="-10.350000000000001,-22.0,-29.9" vel="0,0,0" mass="1" elasticityCoef="1" ang="90,0,0" color="0,220,0" radius="0.5" length="4" />
		<capsule pos="-10.350000000000001,-22.0,-27.599999999999998" vel="0,0,0" mass="1" elasticityCoef="1" ang="90,0,0" color="0,220,0" radius="0.5" length="4" />
		<capsule pos="-10.350000000000001,-22.0,-25.299999999999997" vel="0,0,0" mass="1" elasticityCoef="1" ang="90,0,0" color="0,220,0" radius="0.5" length="4" />
		<capsule pos="-10.350000000000001,-22.0,-22.999999999999996" vel="0,0,0" mass="1" elasticityCoef="1" ang="90,0,0" color="0,220,0" radius="0.5" length="4" />
		<capsule pos="-10.350000000000001,-22.0,-20.699999999999996" vel="0,0,0" mass="1" elasticityCoef="1" ang="90,0,0" color="0,220,0" radius="0.5" length="4" />
		<capsule pos="-10.350000000000001,-22.0,-18.4" vel="0,0,0" mass="1" elasticityCoef="1" ang="90,0,0" color="0,220,0" radius="0.5" length="4" />
		<capsule pos="-10.350000000000001,-22.0,-16.099999999999998" vel="0,0,0" mass="1" elasticityCoef="1" ang="90,0,0" color="0,220,0" radius="0.5" length="4" />
		<capsule pos="-10.350000000000001,-22.0,-13.799999999999997" vel="0,0,0" mass="1" elasticityCoef="1" ang="90,0,0" color="0,220,0" radius="0.5" length="4" />
		<capsule pos="-10.350000000000001,-22.0,-11.5" vel="0,0,0" mass="1" elasticityCoef="1" ang="90,0,0" color="0,220,0" radius="0.5" length="4" />
		<capsule pos="-10.350000000000001,-22.0,-9.199999999999996" vel="0,0,0" mass="1" elasticityCoef="1" ang="90,0,0" color="0,220,0" radius="0.5" length="4" />
		<capsule pos="-10.350000000000001,-22.0,-6.899999999999999" vel="0,0,0" mass="1" elasticityCoef="1" ang="90,0,0" color="0,220,0" radius="0.5" length="4" />
		<capsule pos="-10.350000000000001,-22.0,-4.600000000000001" vel="0,0,0" mass="1" elasticityCoef="1" ang="90,0,0" color="0,220,0" radius="0.5" length="4" />
		<capsule pos="-10.350000000000001,-22.0,-2.299999999999997" vel="0,0,0" mass="1" elasticityCoef="1" ang="90,0,0" color="0,220,0" radius="0.5" length="4" />
		<capsule pos="-10.350000000000001,-22.0,0.0" vel="0,0,0" mass="1" elasticityCoef="1" ang="90,0,0" color="0,220,0" radius="0.5" length="4" />
		<capsule pos="-10.350000000000001,-22.0,2.3000000000000043" vel="0,0,0" mass="1" elasticityCoef="1" ang="90,0,0" color="0,220,0" radius="0.5" length="4" />
		<capsule pos="-10.350000000000001,-22.0,4.600000000000001" vel="0,0,0" mass="1" elasticityCoef="1" ang="90,0,0" color="0,220,0" radius="0.5" length="4" />
		<capsule pos="-10.350000000000001,-22.0,6.899999999999999" vel="0,0,0" mass="1" elasticityCoef="1" ang="90,0,0" color="0,220,0" radius="0.5" length="4" />
		<capsule pos="-10.350000000000001,-22.0,9.200000000000003" vel="0,0,0" mass="1" elasticityCoef="1" ang="90,0,0" color="0,220,0" radius="0.5" length="4" />
		<capsule pos="-10.350000000000001,-22.0,11.5" vel="0,0,0" mass="1" elasticityCoef="1" ang="90,0,0" color="0,220,0" radius="0.5" length="4" />
		<capsule pos="-10.350000000000001,-22.0,13.799999999999997" vel="0,0,0" mass="1" elasticityCoef="1" ang="90,0,0" color="0,220,0" radius="0.5" length="4" />
		<capsule pos="-10.350000000000001,-22.0,16.1" vel="0,0,0" mass="1" elasticityCoef="1" ang="90,0,0" color="0,220,0" radius="0.5" length="4" />
		<capsule pos="-10.350000000000001,-22.0,18.4" vel="0,0,0" mass="1" elasticityCoef="1" ang="90,0,0" color="0,220,0" radius="0.5" length="4" />
		<capsule pos="-10.350000000000001,-22.0,20.699999999999996" vel="0,0,0" mass="1" elasticityCoef="1" ang="90,0,0" color="0,220,0" radius="0.5" length="4" />
		<capsule pos="-10.350000000000001,-22.0,22.999999999999993" vel="0,0,0" mass="1" elasticityCoef="1" ang="90,0,0" color="0,220,0" radius="0.5" length="4" />
		<capsule pos="-10.350000000000001,-22.0,25.300000000000004" vel="0,0,0" mass="1" elasticityCoef="1" ang="90,0,0" color="0,220,0" radius="0.5" length="4" />
		<capsule pos="-10.350000000000001,-22.0,27.6" vel="0,0,0" mass="1" elasticityCoef="1" ang="90,0,0" color="0,220,0" radius="0.5" length="4" />
		<capsule pos="-10.350000000000001,-22.0,29.9" vel="0,0,0" mass="1" elasticityCoef="1" ang="90,0,0" color="0,220,0" radius="0.5" length="4" />
		<capsule pos="-10.350000000000001,-22.0,32.199999999999996" vel="0,0,0" mass="1" elasticityCoef="1" ang="90,0,0" color="0,220,0" radius="0.5" length="4" />
		<capsule pos="-10.350000000000001,-22.0,34.49999999999999" vel="0,0,0" mass="1" elasticityCoef="1" ang="90,0,0" color="0,220,0" radius="0.5" length="4" />
		<capsule pos="-10.350000000000001,-22.0,36.800000000000004" vel="0,0,0" mass="1" elasticityCoef="1" ang="90,0,0" color="0,220,0" radius="0.5" length="4" />
		<capsule pos="-10.350000000000001,-22.0,39.1" vel="0,0,0" mass="1" elasticityCoef="1" ang="90,0,0" color="0,220,0" radius="0.5" length="4" />
		<capsule pos="-10.350000000000001,-22.0,41.4" vel="0,0,0" mass="1" elasticityCoef="1" ang="90,0,0" color="0,220,0" radius="0.5" length="4" />
		<capsule pos="-10.350000000000001,-16.5,-43.699999999999996" vel="0,0,0" mass="1" elasticityCoef="1" ang="90,0,0" color="0,220,0" radius="0.5" length="4" />
		<capsule pos="-10.350000000000001,-16.5,-41.4" vel="0,0,0" mass="1" elasticityCoef="1" ang="90,0,0" color="0,220,0" radius="0.5" length="4" />
		<capsule pos="-10.350000000000001,-16.5,-39.099999999999994" vel="0,0,0" mass="1" elasticityCoef="1" ang="90,0,0" color="0,220,0" radius="0.5" length="4" />
		<capsule pos="-10.350000000000001,-16.5,-36.8" vel="0,0,0" mass="1" elasticityCoef="1" ang="90,0,0" color="0,220,0" radius="0.5" length="4" />
		<capsule pos="-10.350000000000001,-16.5,-34.5" vel="0,0,0" mass="1" elasticityCoef="1" ang="90,0,0" color="0,220,0" radius="0.5" length="4" />
		<capsule pos="-10.350000000000001,-16.5,-32.199999999999996" vel="0,0,0" mass="1" elasticityCoef="1" ang="90,0,0" color="0,220,0" radius="0.5" length="4" />
		<capsule pos="-10.350000000000001,-16.5,-29.9" vel="0,0,0" mass="1" elasticityCoef="1" ang="90,0,0" color="0,220,0" radius="0.5" length="4" />
		<capsule pos="-10.350000000000001,-16.5,-27.599999999999998" vel="0,0,0" mass="1" elasticityCoef="1" ang="90,0,0" color="0,220,0" radius="0.5" length="4" />
		<capsule pos="-10.350000000000001,-16.5,-25.299999999999997" vel="0,0,0" mass="1" elasticityCoef="1" ang="90,0,0" color="0,220,0" radius="0.5" length="4" />
		<capsule pos="-10.350000000000001,-16.5,-22.999999999999996" vel="0,0,0" mass="1" elasticityCoef="1" ang="90,0,0" color="0,220,0" radius="0.5" length="4" />
		<capsule pos="-10.350000000000001,-16.5,-20.699999999999996" vel="0,0,0" mass="1" elasticityCoef="1" ang="90,0,0" color="0,220,0" radius="0.5" length="4" />
		<capsule pos="-10.350000000000001,-16.5,-18.4" vel="0,0,0" mass="1" elasticityCoef="1" ang="90,0,0" color="0,220,0" radius="0.5" length="4" />
		<capsule pos="-10.350000000000001,-16.5,-16.099999999999998" vel="0,0,0" mass="1" elasticityCoef="1" ang="90,0,0" color="0,220,0" radius="0.5" length="4" />
		<capsule pos="-10.350000000000001,-16.5,-13.799999999999997" vel="0,0,0" mass="1" elasticityCoef="1" ang="90,0,0" color="0,220,0" radius="0.5" length="4" />
		<capsule pos="-10.350000000000001,-16.5,-11.5" vel="0,0,0" mass="1" elasticityCoef="1" ang="90,0,0" color="0,220,0" radius="0.5" length="4" />
		<capsule pos="-10.350000000000001,-16.5,-9.199999999999996" vel="0,0,0" mass="1" elasticityCoef="1" ang="90,0,0" color="0,220,0" radius="0.5" length="4" />
		<capsule pos="-10.350000000000001,-16.5,-6.899999999999999" vel="0,0,0" mass="1" elasticityCoef="1" ang="90,0,0" color="0,220,0" radius="0.5" length="4" />
		<capsule pos="-10.350000000000001,-16.5,-4.600000000000001" vel="0,0,0" mass="1" elasticityCoef="1" ang="90,0,0" color="0,220,0" radius="0.5" length="4" />
		<capsule pos="-10.350000000000001,-16.5,-2.299999999999997" vel="0,0,0" mass="1" elasticityCoef="1" ang="90,0,0" color="0,220,0" radius="0.5" length="4" />
		<capsule pos="-10.350000000000001,-16.5,0.0" vel="0,0,0" mass="1" elasticityCoef="1" ang="90,0,0" color="0,220,0" radius="0.5" length="4" />
		<capsule pos="-10.350000000000001,-16.5,2.3000000000000043" vel="0,0,0" mass="1" elasticityCoef="1" ang="90,0,0" color="0,220,0" radius="0.5" length="4" />
		<capsule pos="-10.350000000000001,-16.5,4.600000000000001" vel="0,0,0" mass="1" elasticityCoef="1" ang="90,0,0" color="0,220,0" radius="0.5" length="4" />
		<capsule pos="-10.350000000000001,-16.5,6.899999999999999" vel="0,0,0" mass="1" elasticityCoef="1" ang="90,0,0" color="0,220,0" radius="0.5" length="4" />
		<capsule pos="-10.350000000000001,-16.5,9.200000000000003" vel="0,0,0" mass="1" elasticityCoef="1" ang="90,0,0" color="0,220,0" radius="0.5" length="4" />
		<capsule pos="-10.350000000000001,-16.5,11.5" vel="0,0,0" mass="1" elasticityCoef="1" ang="90,0,0" color="0,220,0" radius="0.5" length="4" />
		<capsule pos="-10.350000000000001,-16.5,13.799999999999997" vel="0,0,0" mass="1" elasticityCoef="1" ang="90,0,0" color="0,220,0" radius="0.5" length="4" />
		<capsule pos="-10.350000000000001,-16.5,16.1" vel="0,0,0" mass="1" elasticityCoef="1" ang="90,0,0" color="0,220,0" radius="0.5" length="4" />
		<capsule pos="-10.350000000000001,-16.5,18.4" vel="0,0,0" mass="1" elasticityCoef="1" ang="90,0,0" color="0,220,0" radius="0.5" length="4" />
		<capsule pos="-10.350000000000001,-16.5,20.699999999999996" vel="0,0,0" mass="1" elasticityCoef="1" ang="90,0,0" color="0,220,0" radius="0.5" length="4" />
		<capsule pos="-10.350000000000001,-16.5,22.999999999999993" vel="0,0,0" mass="1" elasticityCoef="1" ang="90,0,0" color="0,220,0" radius="0.5" length="4" />
		<capsule pos="-10.350000000000001,-16.5,25.300000000000004" vel="0,0,0" mass="1" elasticityCoef="1" ang="90,0,0" color="0,220,0" radius="0.5" length="4" />
		<capsule pos="-10.350000000000001,-16.5,27.6" vel="0,0,0" mass="1" elasticityCoef="1" ang="90,0,0" color="0,220,0" radius="0.5" length="4" />
		<capsule pos="-10.350000000000001,-16.5,29.9" vel="0,0,0" mass="1" elasticityCoef="1" ang="90,0,0" color="0,220,0" radius="0.5" length="4" />
		<capsule pos="-10.350000000000001,-16.5,32.199999999999996" vel="0,0,0" mass="1" elasticityCoef="1" ang="90,0,0" color="0,220,0" radius="0.5" length="4" />
		<capsule pos="-10.350000000000001,-16.5,34.49999999999999" vel="0,0,0" mass="1" elasticityCoef="1" ang="90,0,0" color="0,220,0" radius="0.5" length="4" />
		<capsule pos="-10.350000000000001,-16.5,36.800000000000004" vel="0,0,0" mass="1" elasticityCoef="1" ang="90,0,0" color="0,220,0" radius="0.5" length="4" />
		<capsule pos="-10.350000000000001,-16.5,39.1" vel="0,0,0" mass="1" elasticityCoef="1" ang="90,0,0" color="0,220,0" radius="0.5" length="4" />
		<capsule pos="-10.350000000000001,-16.5,41.4" vel="0,0,0" mass="1" elasticityCoef="1" ang="90,0,0" color="0,220,0" radius="0.5" length="4" />
		<capsule pos="-10.350000000000001,-11.0,-43.699999999999996" vel="0,0,0" mass="1" elasticityCoef="1" ang="90,0,0" color="0,220,0" radius="0.5" length="4" />
		<capsule pos="-10.350000000000001,-11.0,-41.4" vel="0,0,0" mass="1" elasticityCoef="1" ang="90,0,0" color="0,220,0" radius="0.5" length="4" />
		<capsule pos="-10.350000000000001,-11.0,-39.099999999999994" vel="0,0,0" mass="1" elasticityCoef="1" ang="90,0,0" color="0,220,0" radius="0.5" length="4" />
		<capsule pos="-10.350000000000001,-11.0,-36.8" vel="0,0,0" mass="1" elasticityCoef="1" ang="90,0,0" color="0,220,0" radius="0.5" length="4" />
		<capsule pos="-10.350000000000001,-11.0,-34.5" vel="0,0,0" mass="1" elasticityCoef="1" ang="90,0,0" color="0,220,0" radius="0.5" length="4" />
		<capsule pos="-10.350000000000001,-11.0,-32.199999999999996" vel="0,0,0" mass="1" elasticityCoef="1" ang="90,0,0" color="0,220,0" radius="0.5" length="4" />
		<capsule pos="-10.350000000000001,-11.0,-29.9" vel="0,0,0" mass="1" elasticityCoef="1" ang="90,0,0" color="0,220,0" radius="0.5" length="4" />
		<capsule pos="-10.350000000000001,-11.0,-27.599999999999998" vel="0,0,0" mass="1" elasticityCoef="1" ang="90,0,0" color="0,220,0" radius="0.5" length="4" />
		<capsule pos="-10.350000000000001,-11.0,-25.299999999999997" vel="0,0,0" mass="1" elasticityCoef="1" ang="90,0,0" color="0,220,0" radius="0.5" length="4" />
		<capsule pos="-10.350000000000001,-11.0,-22.999999999999996" vel="0,0,0" mass="1" elasticityCoef="1" ang="90,0,0" color="0,220,0" radius="0.5" length="4" />
		<capsule pos="-10.350000000000001,-11.0,-20.699999999999996" vel="0,0,0" mass="1" elasticityCoef="1" ang="90,0,0" color="0,220,0" radius="0.5" length="4" />
		<capsule pos="-10.350000000000001,-11.0,-18.4" vel="0,0,0" mass="1" elasticityCoef="1" ang="90,0,0" color="0,220,0" radius="0.5" length="4" />
		<capsule pos="-10.350000000000001,-11.0,-16.099999999999998" vel="0,0,0" mass="1" elasticityCoef="1" ang="90,0,0" color="0,220,0" radius="0.5" length="4" />
		<capsule pos="-10.350000000000001,-11.0,-13.799999999999997" vel="0,0,0" mass="1" elasticityCoef="1" ang="90,0,0" color="0,220,0" radius="0.5" length="4" />
		<capsule pos="-10.350000000000001,-11.0,-11.5" vel="0,0,0" mass="1" elasticityCoef="1" ang="90,0,0" color="0,220,0" radius="0.5" length="4" />
		<capsule pos="-10.350000000000001,-11.0,-9.199999999999996" vel="0,0,0" mass="1" elasticityCoef="1" ang="90,0,0" color="0,220,0" radius="0.5" length="4" />
		<capsule pos="-10.350000000000001,-11.0,-6.899999999999999" vel="0,0,0" mass="1" elasticityCoef="1" ang="90,0,0" color="0,220,0" radius="0.5" length="4" />
		<capsule pos="-10.350000000000001,-11.0,-4.600000000000001" vel="0,0,0" mass="1" elasticityCoef="1" ang="90,0,0" color="0,220,0" radius="0.5" length="4" />
		<capsule pos="-10.350000000000001,-11.0,-2.299999999999997" vel="0,0,0" mass="1" elasticityCoef="1" ang="90,0,0" color="0,220,0" radius="0.5" length="4" />
		<capsule pos="-10.350000000000001,-11.0,0.0" vel="0,0,0" mass="1" elasticityCoef="1" ang="90,0,0" color="0,220,0" radius="0.5" length="4" />
		<capsule pos="-10.350000000000001,-11.0,2.3000000000000043" vel="0,0,0" mass="1" elasticityCoef="1" ang="90,0,0" color="0,220,0" radius="0.5" length="4" />
		<capsule pos="-10.350000000000001,-11.0,4.600000000000001" vel="0,0,0" mass="1" elasticityCoef="1" ang="90,0,0" color="0,220,0" radius="0.5" length="4" />
		<capsule pos="-10.350000000000001,-11.0,6.899999999999999" vel="0,0,0" mass="1" elasticityCoef="1" ang="90,0,0" color="0,220,0" radius="0.5" length="4" />
		<capsule pos="-10.350000000000001,-11.0,9.200000000000003" vel="0,0,0" mass="1" elasticityCoef="1" ang="90,0,0" color="0,220,0" radius="0.5" length="4" />
		<capsule pos="-10.350000000000001,-11.0,11.5" vel="0,0,0" mass="1" elasticityCoef="1" ang="90,0,0" color="0,220,0" radius="0.5" length="4" />
		<capsule pos="-10.350000000000001,-11.0,13.799999999999997" vel="0,0,0" mass="1" elasticityCoef="1" ang="90,0,0" color="0,220,0" radius="0.5" length="4" />
		<capsule pos="-10.350000000000001,-11.0,16.1" vel="0,0,0" mass="1" elasticityCoef="1" ang="90,0,0" color="0,220,0" radius="0.5" length="4" />
		<capsule pos="-10.350000000000001,-11.0,18.4" vel="0,0,0" mass="1" elasticityCoef="1" ang="90,0,0" color="0,220,0" radius="0.5" length="4" />
		<capsule pos="-10.350000000000001,-11.0,20.699999999999996" vel="0,0,0" mass="1" elasticityCoef="1" ang="90,0,0" color="0,220,0" radius="0.5" length="4" />
		<capsule pos="-10.350000000000001,-11.0,22.999999999999993" vel="0,0,0" mass="1" elasticityCoef="1" ang="90,0,0" color="0,220,0" radius="0.5" length="4" />
		<capsule pos="-10.350000000000001,-11.0,25.300000000000004" vel="0,0,0" mass="1" elasticityCoef="1" ang="90,0,0" color="0,220,0" radius="0.5" length="4" />
		<capsule pos="-10.350000000000001,-11.0,27.6" vel="0,0,0" mass="1" elasticityCoef="1" ang="90,0,0" color="0,220,0" radius="0.5" length="4" />
		<capsule pos="-10.350000000000001,-11.0,29.9" vel="0,0,0" mass="1" elasticityCoef="1" ang="90,0,0" color="0,220,0" radius="0.5" length="4" />
		<capsule pos="-10.350000000000001,-11.0,32.199999999999996" vel="0,0,0" mass="1" elasticityCoef="1" ang="90,0,0" color="0,220,0" radius="0.5" length="4" />
		<capsule pos="-10.350000000000001,-11.0,34.49999999999999" vel="0,0,0" mass="1" elasticityCoef="1" ang="90,0,0" color="0,220,0" radius="0.5" length="4" />
		<capsule pos="-10.350000000000001,-11.0,36.800000000000004" vel="0,0,0" mass="1" elasticityCoef="1" ang="90,0,0" color="0,220,0" radius="0.5" length="4" />
		<capsule pos="-10.350000000000001,-11.0,39.1" vel="0,0,0" mass="1" elasticityCoef="1" ang="90,0,0" color="0,220,0" radius="0.5" length="4" />
		<capsule pos="-10.350000000000001,-11.0,41.4" vel="0,0,0" mass="1" elasticityCoef="1" ang="90,0,0" color="0,220,0" radius="0.5" length="4" />
		<capsule pos="-10.350000000000001,-5.5,-43.699999999999996" vel="0,0,0" mass="1" elasticityCoef="1" ang="90,0,0" color="0,220,0" radius="0.5" length="4" />
		<capsule pos="-10.350000000000001,-5.5,-41.4" vel="0,0,0" mass="1" elasticityCoef="1" ang="90,0,0" color="0,220,0" radius="0.5" length="4" />
		<capsule pos="-10.350000000000001,-5.5,-39.099999999999994" vel="0,0,0" mass="1" elasticityCoef="1" ang="90,0,0" color="0,220,0" radius="0.5" length="4" />
		<capsule pos="-10.350000000000001,-5.5,-36.8" vel="0,0,0" mass="1" elasticityCoef="1" ang="90,0,0" color="0,220,0" radius="0.5" length="4" />
		<capsule pos="-10.350000000000001,-5.5,-34.5" vel="0,0,0" mass="1" elasticityCoef="1" ang="90,0,0" color="0,220,0" radius="0.5" length="4" />
		<capsule pos="-10.350000000000001,-5.5,-32.199999999999996" vel="0,0,0" mass="1" elasticityCoef="1" ang="90,0,0" color="0,220,0" radius="0.5" length="4" />
		<capsule pos="-10.350000000000001,-5.5,-29.9" vel="0,0,0" mass="1" elasticityCoef="1" ang="90,0,0" color="0,220,0" radius="0.5" length="4" />
		<capsule pos="-10.350000000000001,-5.5,-27.599999999999998" vel="0,0,0" mass="1" elasticityCoef="1" ang="90,0,0" color="0,220,0" radius="0.5" length="4" />
		<capsule pos="-10.350000000000001,-5.5,-25.299999999999997" vel="0,0,0" mass="1" elasticityCoef="1" ang="90,0,0" color="0,220,0" radius="0.5" length="4" />
		<capsule pos="-10.350000000000001,-5.5,-22.999999999999996" vel="0,0,0" mass="1" elasticityCoef="1" ang="90,0,0" color="0,220,0" radius="0.5" length="4" />
		<capsule pos="-10.350000000000001,-5.5,-20.699999999999996" vel="0,0,0" mass="1" elasticityCoef="1" ang="90,0,0" color="0,220,0" radius="0.5" length="4" />
		<capsule pos="-10.350000000000001,-5.5,-18.4" vel="0,0,0" mass="1" elasticityCoef="1" ang="90,0,0" color="0,220,0" radius="0.5" length="4" />
		<capsule pos="-10.350000000000001,-5.5,-16.099999999999998" vel="0,0,0" mass="1" elasticityCoef="1" ang="90,0,0" color="0,220,0" radius="0.5" length="4" />
		<capsule pos="-10.350000000000001,-5.5,-13.799999999999997" vel="0,0,0" mass="1" elasticityCoef="1" ang="90,0,0" color="0,220,0" radius="0.5" length="4" />
		<capsule pos="-10.350000000000001,-5.5,-11.5" vel="0,0,0" mass="1" elasticityCoef="1" ang="90,0,0" color="0,220,0" radius="0.5" length="4" />
		<capsule pos="-10.350000000000001,-5.5,-9.199999999999996" vel="0,0,0" mass="1" elasticityCoef="1" ang="90,0,0" color="0,220,0" radius="0.5" length="4" />
		<capsule pos="-10.350000000000001,-5.5,-6.899999999999999" vel="0,0,0" mass="1" elasticityCoef="1" ang="90,0,0" color="0,220,0" radius="0.5" length="4" />
		<capsule pos="-10.350000000000001,-5.5,-4.600000000000001" vel="0,0,0" mass="1" elasticityCoef="1" ang="90,0,0" color="0,220,0" radius="0.5" length="4" />
		<capsule pos="-10.350000000000001,-5.5,-2.299999999999997" vel="0,0,0" mass="1" elasticityCoef="1" ang="90,0,0" color="0,220,0" radius="0.5" length="4" />
		<capsule pos="-10.350000000000001,-5.5,0.0" vel="0,0,0" mass="1" elasticityCoef="1" ang="90,0,0" color="0,220,0" radius="0.5" length="4" />
		<capsule pos="-10.350000000000001,-5.5,2.3000000000000043" vel="0,0,0" mass="1" elasticityCoef="1" ang="90,0,0" color="0,220,0" radius="0.5" length="4" />
		<capsule pos="-10.350000000000001,-5.5,4.600000000000001" vel="0,0,0" mass="1" elasticityCoef="1" ang="90,0,0" color="0,220,0" radius="0.5" length="4" />
		<capsule pos="-10.350000000000001,-5.5,6.899999999999999" vel="0,0,0" mass="1" elasticityCoef="1" ang="90,0,0" color="0,220,0" radius="0.5" length="4" />
		<capsule pos="-10.350000000000001,-5.5,9.200000000000003" vel="0,0,0" mass="1" elasticityCoef="1" ang="90,0,0" color="0,220,0" radius="0.5" length="4" />
		<capsule pos="-10.350000000000001,-5.5,11.5" vel="0,0,0" mass="1" elasticityCoef="1" ang="90,0,0" color="0,220,0" radius="0.5" length="4" />
		<capsule pos="-10.350000000000001,-5.5,13.799999999999997" vel="0,0,0" mass="1" elasticityCoef="1" ang="90,0,0" color="0,220,0" radius="0.5" length="4" />
		<capsule pos="-10.350000000000001,-5.5,16.1" vel="0,0,0" mass="1" elasticityCoef="1" ang="90,0,0" color="0,220,0" radius="0.5" length="4" />
		<capsule pos="-10.350000000000001,-5.5,18.4" vel="0,0,0" mass="1" elasticityCoef="1" ang="90,0,0" color="0,220,0" radius="0.5" length="4" />
		<capsule pos="-10.350000000000001,-5.5,20.699999999999996" vel="0,0,0" mass="1" elasticityCoef="1" ang="90,0,0" color="0,220,0" radius="0.5" length="4" />
		<capsule pos="-10.350000000000001,-5.5,22.999999999999993" vel="0,0,0" mass="1" elasticityCoef="1" ang="90,0,0" color="0,220,0" radius="0.5" length="4" />
		<capsule pos="-10.350000000000001,-5.5,25.300000000000004" vel="0,0,0" mass="1" elasticityCoef="1" ang="90,0,0" color="0,220,0" radius="0.5" length="4" />
		<capsule pos="-10.350000000000001,-5.5,27.6" vel="0,0,0" mass="1" elasticityCoef="1" ang="90,0,0" color="0,220,0" radius="0.5" length="4" />
		<capsule pos="-10.350000000000001,-5.5,29.9" vel="0,0,0" mass="1" elasticityCoef="1" ang="90,0,0" color="0,220,0" radius="0.5" length="4" />
		<capsule pos="-10.350000000000001,-5.5,32.199999999999996" vel="0,0,0" mass="1" elasticityCoef="1" ang="90,0,0" color="0,220,0" radius="0.5" length="4" />
		<capsule pos="-10.350000000000001,-5.5,34.49999999999999" vel="0,0,0" mass="1" elasticityCoef="1" ang="90,0,0" color="0,220,0" radius="0.5" length="4" />
		<capsule pos="-10.350000000000001,-5.5,36.800000000000004" vel="0,0,0" mass="1" elasticityCoef="1" ang="90,0,0" color="0,220,0" radius="0.5" length="4" />
		<capsule pos="-10.350000000000001,-5.5,39.1" vel="0,0,0" mass="1" elasticityCoef="1" ang="90,0,0" color="0,220,0" radius="0.5" length="4" />
		<capsule pos="-10.350000000000001,-5.5,41.4" vel="0,0,0" mass="1" elasticityCoef="1" ang="90,0,0" color="0,220,0" radius="0.5" length="4" />
		<capsule pos="-10.350000000000001,0.0,-43.699999999999996" vel="0,0,0" mass="1" elasticityCoef="1" ang="90,0,0" color="0,220,0" radius="0.5" length="4" />
		<capsule pos="-10.350000000000001,0.0,-41.4" vel="0,0,0" mass="1" elasticityCoef="1" ang="90,0,0" color="0,220,0" radius="0.5" length="4" />
		<capsule pos="-10.350000000000001,0.0,-39.099999999999994" vel="0,0,0" mass="1" elasticityCoef="1" ang="90,0,0" color="0,220,0" radius="0.5" length="4" />
		<capsule pos="-10.350000000000001,0.0,-36.8" vel="0,0,0" mass="1" elasticityCoef="1" ang="90,0,0" color="0,220,0" radius="0.5" length="4" />
		<capsule pos="-10.350000000000001,0.0,-34.5" vel="0,0,0" mass="1" elasticityCoef="1" ang="90,0,0" color="0,220,0" radius="0.5" length="4" />
		<capsule pos="-10.350000000000001,0.0,-32.199999999999996" vel="0,0,0" mass="1" elasticityCoef="1" ang="90,0,0" color="0,220,0" radius="0.5" length="4" />
		<capsule pos="-10.350000000000001,0.0,-29.9" vel="0,0,0" mass="1" elasticityCoef="1" ang="90,0,0" color="0,220,0" radius="0.5" length="4" />
		<capsule pos="-10.350000000000001,0.0,-27.599999999999998" vel="0,0,0" mass="1" elasticityCoef="1" ang="90,0,0" color="0,220,0" radius="0.5" length="4" />
		<capsule pos="-10.350000000000001,0.0,-25.299999999999997" vel="0,0,0" mass="1" elasticityCoef="1" ang="90,0,0" color="0,220,0" radius="0.5" length="4" />
		<capsule pos="-10.350000000000001,0.0,-22.999999999999996" vel="0,0,0" mass="1" elasticityCoef="1" ang="90,0,0" color="0,220,0" radius="0.5" length="4" />
		<capsule pos="-10.350000000000001,0.0,-20.699999999999996" vel="0,0,0" mass="1" elasticityCoef="1" ang="90,0,0" color="0,220,0" radius="0.5" length="4" />
		<capsule pos="-10.350000000000001,0.0,-18.4" vel="0,0,0" mass="1" elasticityCoef="1" ang="90,0,0" color="0,220,0" radius="0.5" length="4" />
		<capsule pos="-10.350000000000001,0.0,-16.099999999999998" vel="0,0,0" mass="1" elasticityCoef="1" ang="90,0,0" color="0,220,0" radius="0.5" length="4" />
		<capsule pos="-10.350000000000001,0.0,-13.799999999999997" vel="0,0,0" mass="1" elasticityCoef="1" ang="90,0,0" color="0,220,0" radius="0.5" length="4" />
		<capsule pos="-10.350000000000001,0.0,-11.5" vel="0,0,0" mass="1" elasticityCoef="1" ang="90,0,0" color="0,220,0" radius="0.5" length="4" />
		<capsule pos="-10.350000000000001,0.0,-9.199999999999996" vel="0,0,0" mass="1" elasticityCoef="1" ang="90,0,0" color="0,220,0" radius="0.5" length="4" />
		<capsule pos="-10.350000000000001,0.0,-6.899999999999999" vel="0,0,0" mass="1" elasticityCoef="1" ang="90,0,0" color="0,220,0" radius="0.5" length="4" />
		<capsule pos="-10.350000000000001,0.0,-4.600000000000001" vel="0,0,0" mass="1" elasticityCoef="1" ang="90,0,0" color="0,220,0" radius="0.5" length="4" />
		<capsule pos="-10.350000000000001,0.0,-2.299999999999997" vel="0,0,0" mass="1" elasticityCoef="1" ang="90,0,0" color="0,220,0" radius="0.5" length="4" />
		<capsule pos="-10.350000000000001,0.0,0.0" vel="0,0,0" mass="1" elasticityCoef="1" ang="90,0,0" color="0,220,0" radius="0.5" length="4" />
		<capsule pos="-10.350000000000001,0.0,2.3000000000000043" vel="0,0,0" mass="1" elasticityCoef="1" ang="90,0,0" color="0,220,0" radius="0.5" length="4" />
		<capsule pos="-10.350000000000001,0.0,4.600000000000001" vel="0,0,0" mass="1" elasticityCoef="1" ang="90,0,0" color="0,220,0" radius="0.5" length="4" />
		<capsule pos="-10.350000000000001,0.0,6.899999999999999" vel="0,0,0" mass="1" elasticityCoef="1" ang="90,0,0" color="0,220,0" radius="0.5" length="4" />
		<capsule pos="-10.350000000000001,0.0,9.200000000000003" vel="0,0,0" mass="1" elasticityCoef="1" ang="90,0,0" color="0,220,0" radius="0.5" length="4" />
		<capsule pos="-10.350000000000001,0.0,11.5" vel="0,0,0" mass="1" elasticityCoef="1" ang="90,0,0" color="0,220,0" radius="0.5" length="4" />
		<capsule pos="-10.350000000000001,0.0,13.799999999999997" vel="0,0,0" mass="1" elasticityCoef="1" ang="90,0,0" color="0,220,0" radius="0.5" length="4" />
		<capsule pos="-10.350000000000001,0.0,16.1" vel="0,0,0" mass="1" elasticityCoef="1" ang="90,0,0" color="0,220,0" radius="0.5" length="4" />
		<capsule pos="-10.350000000000001,0.0,18.4" vel="0,0,0" mass="1" elasticityCoef="1" ang="90,0,0" color="0,220,0" radius="0.5" length="4" />
		<capsule pos="-10.350000000000001,0.0,20.699999999999996" vel="0,0,0" mass="1" elasticityCoef="1" ang="90,0,0" color="0,220,0" radius="0.5" length="4" />
		<capsule pos="-10.350000000000001,0.0,22.999999999999993" vel="0,0,0" mass="1" elasticityCoef="1" ang="90,0,0" color="0,220,0" radius="0.5" length="4" />
		<capsule pos="-10.350000000000001,0.0,25.300000000000004" vel="0,0,0" mass="1" elasticityCoef="1" ang="90,0,0" color="0,220,0" radius="0.5" length="4" />
		<capsule pos="-10.350000000000001,0.0,27.6" vel="0,0,0" mass="1" elasticityCoef="1" ang="90,0,0" color="0,220,0" radius="0.5" length="4" />
		<capsule pos="-10.350000000000001,0.0,29.9" vel="0,0,0" mass="1" elasticityCoef="1" ang="90,0,0" color="0,220,0" radius="0.5" length="4" />
		<capsule pos="-10.350000000000001,0.0,32.199999999999996" vel="0,0,0" mass="1" elasticityCoef="1" ang="90,0,0" color="0,220,0" radius="0.5" length="4" />
		<capsule pos="-10.350000000000001,0.0,34.49999999999999" vel="0,0,0" mass="1" elasticityCoef="1" ang="90,0,0" color="0,220,0" radius="0.5" length="4" />
		<capsule pos="-10.350000000000001,0.0,36.800000000000004" vel="0,0,0" mass="1" elasticityCoef="1" ang="90,0,0" color="0,220,0" radius="0.5" length="4" />
		<capsule pos="-10.350000000000001,0.0,39.1" vel="0,0,0" mass="1" elasticityCoef="1" ang="90,0,0" color="0,220,0" radius="0.5" length="4" />
		<capsule pos="-10.350000000000001,0.0,41.4" vel="0,0,0" mass="1" elasticityCoef="1" ang="90,0,0" color="0,220,0" radius="0.5" length="4" />
		<capsule pos="-10.350000000000001,5.5,-43.699999999999996" vel="0,0,0" mass="1" elasticityCoef="1" ang="90,0,0" color="0,220,0" radius="0.5" length="4" />
		<capsule pos="-10.350000000000001,5.5,-41.4" vel="0,0,0" mass="1" elasticityCoef="1" ang="90,0,0" color="0,220,0" radius="0.5" length="4" />
		<capsule pos="-10.350000000000001,5.5,-39.099999999999994" vel="0,0,0" mass="1" elasticityCoef="1" ang="90,0,0" color="0,220,0" radius="0.5" length="4" />
		<capsule pos="-10.350000000000001,5.5,-36.8" vel="0,0,0" mass="1" elasticityCoef="1" ang="90,0,0" color="0,220,0" radius="0.5" length="4" />
		<capsule pos="-10.350000000000001,5.5,-34.5" vel="0,0,0" mass="1" elasticityCoef="1" ang="90,0,0" color="0,220,0" radius="0.5" length="4" />
		<capsule pos="-10.350000000000001,5.5,-32.199999999999996" vel="0,0,0" mass="1" elasticityCoef="1" ang="90,0,0" color="0,220,0" radius="0.5" length="4" />
		<capsule pos="-10.350000000000001,5.5,-29.9" vel="0,0,0" mass="1" elasticityCoef="1" ang="90,0,0" color="0,220,0" radius="0.5" length="4" />
		<capsule pos="-10.350000000000001,5.5,-27.599999999999998" vel="0,0,0" mass="1" elasticityCoef="1" ang="90,0,0" color="0,220,0" radius="0.5" length="4" />
		<capsule pos="-10.350000000000001,5.5,-25.299999999999997" vel="0,0,0" mass="1" elasticityCoef="1" ang="90,0,0" color="0,220,0" radius="0.5" length="4" />
		<capsule pos="-10.350000000000001,5.5,-22.999999999999996" vel="0,0,0" mass="1" elasticityCoef="1" ang="90,0,0" color="0,220,0" radius="0.5" length="4" />
		<capsule pos="-10.350000000000001,5.5,-20.699999999999996" vel="0,0,0" mass="1" elasticityCoef="1" ang="90,0,0" color="0,220,0" radius="0.5" length="4" />
		<capsule pos="-10.350000000000001,5.5,-18.4" vel="0,0,0" mass="1" elasticityCoef="1" ang="90,0,0" color="0,220,0" radius="0.5" length="4" />
		<capsule pos="-10.350000000000001,5.5,-16.099999999999998" vel="0,0,0" mass="1" elasticityCoef="1" ang="90,0,0" color="0,220,0" radius="0.5" length="4" />
		<capsule pos="-10.350000000000001,5.5,-13.799999999999997" vel="0,0,0" mass="1" elasticityCoef="1" ang="90,0,0" color="0,220,0" radius="0.5" length="4" />
		<capsule pos="-10.350000000000001,5.5,-11.5" vel="0,0,0" mass="1" elasticityCoef="1" ang="90,0,0" color="0,220,0" radius="0.5" length="4" />
		<capsule pos="-10.350000000000001,5.5,-9.199999999999996" vel="0,0,0" mass="1" elasticityCoef="1" ang="90,0,0" color="0,220,0" radius="0.5" length="4" />
		<capsule pos="-10.350000000000001,5.5,-6.899999999999999" vel="0,0,0" mass="1" elasticityCoef="1" ang="90,0,0" color="0,220,0" radius="0.5" length="4" />
		<capsule pos="-10.350000000000001,5.5,-4.600000000000001" vel="0,0,0" mass="1" elasticityCoef="1" ang="90,0,0" color="0,220,0" radius="0.5" length="4" />
		<capsule pos="-10.350000000000001,5.5,-2.299999999999997" vel="0,0,0" mass="1" elasticityCoef="1" ang="90,0,0" color="0,220,0" radius="0.5" length="4" />
		<capsule pos="-10.350000000000001,5.5,0.0" vel="0,0,0" mass="1" elasticityCoef="1" ang="90,0,0" color="0,220,0" radius="0.5" length="4" />
		<capsule pos="-10.350000000000001,5.5,2.3000000000000043" vel="0,0,0" mass="1" elasticityCoef="1" ang="90,0,0" color="0,220,0" radius="0.5" length="4" />
		<capsule pos="-10.350000000000001,5.5,4.600000000000001" vel="0,0,0" mass="1" elasticityCoef="1" ang="90,0,0" color="0,220,0" radius="0.5" length="4" />
		<capsule pos="-10.350000000000001,5.5,6.899999999999999" vel="0,0,0" mass="1" elasticityCoef="1" ang="90,0,0" color="0,220,0" radius="0.5" length="4" />
		<capsule pos="-10.350000000000001,5.5,9.200000000000003" vel="0,0,0" mass="1" elasticityCoef="1" ang="90,0,0" color="0,220,0" radius="0.5" length="4" />
		<capsule pos="-10.350000000000001,5.5,11.5" vel="0,0,0" mass="1" elasticityCoef="1" ang="90,0,0" color="0,220,0" radius="0.5" length="4" />
		<capsule pos="-10.350000000000001,5.5,13.799999999999997" vel="0,0,0" mass="1" elasticityCoef="1" ang="90,0,0" color="0,220,0" radius="0.5" length="4" />
		<capsule pos="-10.350000000000001,5.5,16.1" vel="0,0,0" mass="1" elasticityCoef="1" ang="90,0,0" color="0,220,0" radius="0.5" length="4" />
		<capsule pos="-10.350000000000001,5.5,18.4" vel="0,0,0" mass="1" elasticityCoef="1" ang="90,0,0" color="0,220,0" radius="0.5" length="4" />
		<capsule pos="-10.350000000000001,5.5,20.699999999999996" vel="0,0,0" mass="1" elasticityCoef="1" ang="90,0,0" color="0,220,0" radius="0.5" length="4" />
		<capsule pos="-10.350000000000001,5.5,22.999999999999993" vel="0,0,0" mass="1" elasticityCoef="1" ang="90,0,0" color="0,220,0" radius="0.5" length="4" />
		<capsule pos="-10.350000000000001,5.5,25.300000000000004" vel="0,0,0" mass="1" elasticityCoef="1" ang="90,0,0" color="0,220,0" radius="0.5" length="4" />
		<capsule pos="-10.350000000000001,5.5,27.6" vel="0,0,0" mass="1" elasticityCoef="1" ang="90,0,0" color="0,220,0" radius="0.5" length="4" />
		<capsule pos="-10.350000000000001,5.5,29.9" vel="0,0,0" mass="1" elasticityCoef="1" ang="90,0,0" color="0,220,0" radius="0.5" length="4" />
		<capsule pos="-10.350000000000001,5.5,32.199999999999996" vel="0,0,0" mass="1" elasticityCoef="1" ang="90,0,0" color="0,220,0" radius="0.5" length="4" />
		<capsule pos="-10.350000000000001,5.5,34.49999999999999" vel="0,0,0" mass="1" elasticityCoef="1" ang="90,0,0" color="0,220,0" radius="0.5" length="4" />
		<capsule pos="-10.350000000000001,5.5,36.800000000000004" vel="0,0,0" mass="1" elasticityCoef="1" ang="90,0,0" color="0,220,0" radius="0.5" length="4" />
		<capsule pos="-10.350000000000001,5.5,39.1" vel="0,0,0" mass="1" elasticityCoef="1" ang="90,0,0" color="0,220,0" radius="0.5" length="4" />
		<capsule pos="-10.350000000000001,5.5,41.4" vel="0,0,0" mass="1" elasticityCoef="1" ang="90,0,0" color="0,220,0" radius="0.5" length="4" />
		<capsule pos="-10.350000000000001,11.0,-43.699999999999996" vel="0,0,0" mass="1" elasticityCoef="1" ang="90,0,0" color="0,220,0" radius="0.5" length="4" />
		<capsule pos="-10.350000000000001,11.0,-41.4" vel="0,0,0" mass="1" elasticityCoef="1" ang="90,0,0" color="0,220,0" radius="0.5" length="4" />
		<capsule pos="-10.350000000000001,11.0,-39.099999999999994" vel="0,0,0" mass="1" elasticityCoef="1" ang="90,0,0" color="0,220,0" radius="0.5" length="4" />
		<capsule pos="-10.350000000000001,11.0,-36.8" vel="0,0,0" mass="1" elasticityCoef="1" ang="90,0,0" color="0,220,0" radius="0.5" length="4" />
		<capsule pos="-10.350000000000001,11.0,-34.5" vel="0,0,0" mass="1" elasticityCoef="1" ang="90,0,0" color="0,220,0" radius="0.5" length="4" />
		<capsule pos="-10.350000000000001,11.0,-32.199999999999996" vel="0,0,0" mass="1" elasticityCoef="1" ang="90,0,0" color="0,220,0" radius="0.5" length="4" />
		<capsule pos="-10.350000000000001,11.0,-29.9" vel="0,0,0" mass="1" elasticityCoef="1" ang="90,0,0" color="0,220,0" radius="0.5" length="4" />
		<capsule pos="-10.350000000000001,11.0,-27.599999999999998" vel="0,0,0" mass="1" elasticityCoef="1" ang="90,0,0" color="0,220,0" radius="0.5" length="4" />
		<capsule pos="-10.350000000000001,11.0,-25.299999999999997" vel="0,0,0" mass="1" elasticityCoef="1" ang="90,0,0" color="0,220,0" radius="0.5" length="4" />
		<capsule pos="-10.350000000000001,11.0,-22.999999999999996" vel="0,0,0" mass="1" elasticityCoef="1" ang="90,0,0" color="0,220,0" radius="0.5" length="4" />
		<capsule pos="-10.350000000000001,11.0,-20.699999999999996" vel="0,0,0" mass="1" elasticityCoef="1" ang="90,0,0" color="0,220,0" radius="0.5" length="4" />
		<capsule pos="-10.350000000000001,11.0,-18.4" vel="0,0,0" mass="1" elasticityCoef="1" ang="90,0,0" color="0,220,0" radius="0.5" length="4" />
		<capsule pos="-10.350000000000001,11.0,-16.099999999999998" vel="0,0,0" mass="1" elasticityCoef="1" ang="90,0,0" color="0,220,0" radius="0.5" length="4" />
		<capsule pos="-10.350000000000001,11.0,-13.799999999999997" vel="0,0,0" mass="1" elasticityCoef="1" ang="90,0,0" color="0,220,0" radius="0.5" length="4" />
		<capsule pos="-10.350000000000001,11.0,-11.5" vel="0,0,0" mass="1" elasticityCoef="1" ang="90,0,0" color="0,220,0" radius="0.5" length="4" />
		<capsule pos="-10.350000000000001,11.0,-9.199999999999996" vel="0,0,0" mass="1" elasticityCoef="1" ang="90,0,0" color="0,220,0" radius="0.5" length="4" />
		<capsule pos="-10.350000000000001,11.0,-6.899999999999999" vel="0,0,0" mass="1" elasticityCoef="1" ang="90,0,0" color="0,220,0" radius="0.5" length="4" />
		<capsule pos="-10.350000000000001,11.0,-4.600000000000001" vel="0,0,0" mass="1" elasticityCoef="1" ang="90,0,0" color="0,220,0" radius="0.5" length="4" />
		<capsule pos="-10.350000000000001,11.0,-2.299999999999997" vel="0,0,0" mass="1" elasticityCoef="1" ang="90,0,0" color="0,220,0" radius="0.5" length="4" />
		<capsule pos="-10.350000000000001,11.0,0.0" vel="0,0,0" mass="1" elasticityCoef="1" ang="90,0,0" color="0,220,0" radius="0.5" length="4" />
		<capsule pos="-10.350000000000001,11.0,2.3000000000000043" vel="0,0,0" mass="1" elasticityCoef="1" ang="90,0,0" color="0,220,0" radius="0.5" length="4" />
		<capsule pos="-10.350000000000001,11.0,4.600000000000001" vel="0,0,0" mass="1" elasticityCoef="1" ang="90,0,0" color="0,220,0" radius="0.5" length="4" />
		<capsule pos="-10.350000000000001,11.0,6.899999999999999" vel="0,0,0" mass="1" elasticityCoef="1" ang="90,0,0" color="0,220,0" radius="0.5" length="4" />
		<capsule pos="-10.350000000000001,11.0,9.200000000000003" vel="0,0,0" mass="1" elasticityCoef="1" ang="90,0,0" color="0,220,0" radius="0.5" length="4" />
		<capsule pos="-10.350000000000001,11.0,11.5" vel="0,0,0" mass="1" elasticityCoef="1" ang="90,0,0" color="0,220,0" radius="0.5" length="4" />
		<capsule pos="-10.350000000000001,11.0,13.799999999999997" vel="0,0,0" mass="1" elasticityCoef="1" ang="90,0,0" color="0,220,0" radius="0.5" length="4" />
		<capsule pos="-10.350000000000001,11.0,16.1" vel="0,0,0" mass="1" elasticityCoef="1" ang="90,0,0" color="0,220,0" radius="0.5" length="4" />
		<capsule pos="-10.350000000000001,11.0,18.4" vel="0,0,0" mass="1" elasticityCoef="1" ang="90,0,0" color="0,220,0" radius="0.5" length="4" />
		<capsule pos="-10.350000000000001,11.0,20.699999999999996" vel="0,0,0" mass="1" elasticityCoef="1" ang="90,0,0" color="0,220,0" radius="0.5" length="4" />
		<capsule pos="-10.350000000000001,11.0,22.999999999999993" vel="0,0,0" mass="1" elasticityCoef="1" ang="90,0,0" color="0,220,0" radius="0.5" length="4" />
		<capsule pos="-10.350000000000001,11.0,25.300000000000004" vel="0,0,0" mass="1" elasticityCoef="1" ang="90,0,0" color="0,220,0" radius="0.5" length="4" />
		<capsule pos="-10.350000000000001,11.0,27.6" vel="0,0,0" mass="1" elasticityCoef="1" ang="90,0,0" color="0,220,0" radius="0.5" length="4" />
		<capsule pos="-10.350000000000001,11.0,29.9" vel="0,0,0" mass="1" elasticityCoef="1" ang="90,0,0" color="0,220,0" radius="0.5" length="4" />
		<capsule pos="-10.350000000000001,11.0,32.199999999999996" vel="0,0,0" mass="1" elasticityCoef="1" ang="90,0,0" color="0,220,0" radius="0.5" length="4" />
		<capsule pos="-10.350000000000001,11.0,34.49999999999999" vel="0,0,0" mass="1" elasticityCoef="1" ang="90,0,0" color="0,220,0" radius="0.5" length="4" />
		<capsule pos="-10.350000000000001,11.0,36.800000000000004" vel="0,0,0" mass="1" elasticityCoef="1" ang="90,0,0" color="0,220,0" radius="0.5" length="4" />
		<capsule pos="-10.350000000000001,11.0,39.1" vel="0,0,0" mass="1" elasticityCoef="1" ang="90,0,0" color="0,220,0" radius="0.5" length="4" />
		<capsule pos="-10.350000000000001,11.0,41.4" vel="0,0,0" mass="1" elasticityCoef="1" ang="90,0,0" color="0,220,0" radius="0.5" length="4" />
		<capsule pos="-10.350000000000001,16.5,-43.699999999999996" vel="0,0,0" mass="1" elasticityCoef="1" ang="90,0,0" color="0,220,0" radius="0.5" length="4" />
		<capsule pos="-10.350000000000001,16.5,-41.4" vel="0,0,0" mass="1" elasticityCoef="1" ang="90,0,0" color="0,220,0" radius="0.5" length="4" />
		<capsule pos="-10.350000000000001,16.5,-39.099999999999994" vel="0,0,0" mass="1" elasticityCoef="1" ang="90,0,0" color="0,220,0" radius="0.5" length="4" />
		<capsule pos="-10.350000000000001,16.5,-36.8" vel="0,0,0" mass="1" elasticityCoef="1" ang="90,0,0" color="0,220,0" radius="0.5" length="4" />
		<capsule pos="-10.350000000000001,16.5,-34.5" vel="0,0,0" mass="1" elasticityCoef="1" ang="90,0,0" color="0,220,0" radius="0.5" length="4" />
		<capsule pos="-10.350000000000001,16.5,-32.199999999999996" vel="0,0,0" mass="1" elasticityCoef="1" ang="90,0,0" color="0,220,0" radius="0.5" length="4" />
		<capsule pos="-10.350000000000001,16.5,-29.9" vel="0,0,0" mass="1" elasticityCoef="1" ang="90,0,0" color="0,220,0" radius="0.5" length="4" />
		<capsule pos="-10.350000000000001,16.5,-27.599999999999998" vel="0,0,0" mass="1" elasticityCoef="1" ang="90,0,0" color="0,220,0" radius="0.5" length="4" />
		<capsule pos="-10.350000000000001,16.5,-25.299999999999997" vel="0,0,0" mass="1" elasticityCoef="1" ang="90,0,0" color="0,220,0" radius="0.5" length="4" />
		<capsule pos="-10.350000000000001,16.5,-22.999999999999996" vel="0,0,0" mass="1" elasticityCoef="1" ang="90,0,0" color="0,220,0" radius="0.5" length="4" />
		<capsule pos="-10.350000000000001,16.5,-20.699999999999996" vel="0,0,0" mass="1" elasticityCoef="1" ang="90,0,0" color="0,220,0" radius="0.5" length="4" />
		<capsule pos="-10.350000000000001,16.5,-18.4" vel="0,0,0" mass="1" elasticityCoef="1" ang="90,0,0" color="0,220,0" radius="0.5" length="4" />
		<capsule pos="-10.350000000000001,16.5,-16.099999999999998" vel="0,0,0" mass="1" elasticityCoef="1" ang="90,0,0" color="0,220,0" radius="0.5" length="4" />
		<capsule pos="-10.350000000000001,16.5,-13.799999999999997" vel="0,0,0" mass="1" elasticityCoef="1" ang="90,0,0" color="0,220,0" radius="0.5" length="4" />
		<capsule pos="-10.350000000000001,16.5,-11.5" vel="0,0,0" mass="1" elasticityCoef="1" ang="90,0,0" color="0,220,0" radius="0.5" length="4" />
		<capsule pos="-10.350000000000001,16.5,-9.199999999999996" vel="0,0,0" mass="1" elasticityCoef="1" ang="90,0,0" color="0,220,0" radius="0.5" length="4" />
		<capsule pos="-10.350000000000001,16.5,-6.899999999999999" vel="0,0,0" mass="1" elasticityCoef="1" ang="90,0,0" color="0,220,0" radius="0.5" length="4" />
		<capsule pos="-10.350000000000001,16.5,-4.600000000000001" vel="0,0,0" mass="1" elasticityCoef="1" ang="90,0,0" color="0,220,0" radius="0.5" length="4" />
		<capsule pos="-10.350000000000001,16.5,-2.299999999999997" vel="0,0,0" mass="1" elasticityCoef="1" ang="90,0,0" color="0,220,0" radius="0.5" length="4" />
		<capsule pos="-10.350000000000001,16.5,0.0" vel="0,0,0" mass="1" elasticityCoef="1" ang="90,0,0" color="0,220,0" radius="0.5" length="4" />
		<capsule pos="-10.350000000000001,16.5,2.3000000000000043" vel="0,0,0" mass="1" elasticityCoef="1" ang="90,0,0" color="0,220,0" radius="0.5" length="4" />
		<capsule pos="-10.350000000000001,16.5,4.600000000000001" vel="0,0,0" mass="1" elasticityCoef="1" ang="90,0,0" color="0,220,0" radius="0.5" length="4" />
		<capsule pos="-10.350000000000001,16.5,6.899999999999999" vel="0,0,0" mass="1" elasticityCoef="1" ang="90,0,0" color="0,220,0" radius="0.5" length="4" />
		<capsule pos="-10.350000000000001,16.5,9.200000000000003" vel="0,0,0" mass="1" elasticityCoef="1" ang="90,0,0" color="0,220,0" radius="0.5" length="4" />
		<capsule pos="-10.350000000000001,16.5,11.5" vel="0,0,0" mass="1" elasticityCoef="1" ang="90,0,0" color="0,220,0" radius="0.5" length="4" />
		<capsule pos="-10.350000000000001,16.5,13.799999999999997" vel="0,0,0" mass="1" elasticityCoef="1" ang="90,0,0" color="0,220,0" radius="0.5" length="4" />
		<capsule pos="-10.350000000000001,16.5,16.1" vel="0,0,0" mass="1" elasticityCoef="1" ang="90,0,0" color="0,220,0" radius="0.5" length="4" />
		<capsule pos="-10.350000000000001,16.5,18.4" vel="0,0,0" mass="1" elasticityCoef="1" ang="90,0,0" color="0,220,0" radius="0.5" length="4" />
		<capsule pos="-10.350000000000001,16.5,20.699999999999996" vel="0,0,0" mass="1" elasticityCoef="1" ang="90,0,0" color="0,220,0" radius="0.5" length="4" />
		<capsule pos="-10.350000000000001,16.5,22.999999999999993" vel="0,0,0" mass="1" elasticityCoef="1" ang="90,0,0" color="0,220,0" radius="0.5" length="4" />
		<capsule pos="-10.350000000000001,16.5,25.300000000000004" vel="0,0,0" mass="1" elasticityCoef="1" ang="90,0,0" color="0,220,0" radius="0.5" length="4" />
		<capsule pos="-10.350000000000001,16.5,27.6" vel="0,0,0" mass="1" elasticityCoef="1" ang="90,0,0" color="0,220,0" radius="0.5" length="4" />
		<capsule pos="-10.350000000000001,16.5,29.9" vel="0,0,0" mass="1" elasticityCoef="1" ang="90,0,0" color="0,220,0" radius="0.5" length="4" />
		<capsule pos="-10.350000000000001,16.5,32.199999999999996" vel="0,0,0" mass="1" elasticityCoef="1" ang="90,0,0" color="0,220,0" radius="0.5" length="4" />
		<capsule pos="-10.350000000000001,16.5,34.49999999999999" vel="0,0,0" mass="1" elasticityCoef="1" ang="90,0,0" color="0,220,0" radius="0.5" length="4" />
		<capsule pos="-10.350000000000001,16.5,36.800000000000004" vel="0,0,0" mass="1" elasticityCoef="1" ang="90,0,0" color="0,220,0" radius="0.5" length="4" />
		<capsule pos="-10.350000000000001,16.5,39.1" vel="0,0,0" mass="1" elasticityCoef="1" ang="90,0,0" color="0,220,0" radius="0.5" length="4" />
		<capsule pos="-10.350000000000001,16.5,41.4" vel="0,0,0" mass="1" elasticityCoef="1" ang="90,0,0" color="0,220,0" radius="0.5" length="4" />
		<capsule pos="-10.350000000000001,22.0,-43.699999999999996" vel="0,0,0" mass="1" elasticityCoef="1" ang="90,0,0" color="0,220,0" radius="0.5" length="4" />
		<capsule pos="-10.350000000000001,22.0,-41.4" vel="0,0,0" mass="1" elasticityCoef="1" ang="90,0,0" color="0,220,0" radius="0.5" length="4" />
		<capsule pos="-10.350000000000001,22.0,-39.099999999999994" vel="0,0,0" mass="1" elasticityCoef="1" ang="90,0,0" color="0,220,0" radius="0.5" length="4" />
		<capsule pos="-10.350000000000001,22.0,-36.8" vel="0,0,0" mass="1" elasticityCoef="1" ang="90,0,0" color="0,220,0" radius="0.5" length="4" />
		<capsule pos="-10.350000000000001,22.0,-34.5" vel="0,0,0" mass="1" elasticityCoef="1" ang="90,0,0" color="0,220,0" radius="0.5" length="4" />
		<capsule pos="-10.350000000000001,22.0,-32.199999999999996" vel="0,0,0" mass="1" elasticityCoef="1" ang="90,0,0" color="0,220,0" radius="0.5" length="4" />
		<capsule pos="-10.350000000000001,22.0,-29.9" vel="0,0,0" mass="1" elasticityCoef="1" ang="90,0,0" color="0,220,0" radius="0.5" length="4" />
		<capsule pos="-10.350000000000001,22.0,-27.599999999999998" vel="0,0,0" mass="1" elasticityCoef="1" ang="90,0,0" color="0,220,0" radius="0.5" length="4" />
		<capsule pos="-10.350000000000001,22.0,-25.299999999999997" vel="0,0,0" mass="1" elasticityCoef="1" ang="90,0,0" color="0,220,0" radius="0.5" length="4" />
		<capsule pos="-10.350000000000001,22.0,-22.999999999999996" vel="0,0,0" mass="1" elasticityCoef="1" ang="90,0,0" color="0,220,0" radius="0.5" length="4" />
		<capsule pos="-10.350000000000001,22.0,-20.699999999999996" vel="0,0,0" mass="1" elasticityCoef="1" ang="90,0,0" color="0,220,0" radius="0.5" length="4" />
		<capsule pos="-10.350000000000001,22.0,-18.4" vel="0,0,0" mass="1" elasticityCoef="1" ang="90,0,0" color="0,220,0" radius="0.5" length="4" />
		<capsule pos="-10.350000000000001,22.0,-16.099999999999998" vel="0,0,0" mass="1" elasticityCoef="1" ang="90,0,0" color="0,220,0" radius="0.5" length="4" />
		<capsule pos="-10.350000000000001,22.0,-13.799999999999997" vel="0,0,0" mass="1" elasticityCoef="1" ang="90,0,0" color="0,220,0" radius="0.5" length="4" />
		<capsule pos="-10.350000000000001,22.0,-11.5" vel="0,0,0" mass="1" elasticityCoef="1" ang="90,0,0" color="0,220,0" radius="0.5" length="4" />
		<capsule pos="-10.350000000000001,22.0,-9.199999999999996" vel="0,0,0" mass="1" elasticityCoef="1" ang="90,0,0" color="0,220,0" radius="0.5" length="4" />
		<capsule pos="-10.350000000000001,22.0,-6.899999999999999" vel="0,0,0" mass="1" elasticityCoef="1" ang="90,0,0" color="0,220,0" radius="0.5" length="4" />
		<capsule pos="-10.350000000000001,22.0,-4.600000000000001" vel="0,0,0" mass="1" elasticityCoef="1" ang="90,0,0" color="0,220,0" radius="0.5" length="4" />
		<capsule pos="-10.350000000000001,22.0,-2.299999999999997" vel="0,0,0" mass="1" elasticityCoef="1" ang="90,0,0" color="0,220,0" radius="0.5" length="4" />
		<capsule pos="-10.350000000000001,22.0,0.0" vel="0,0,0" mass="1" elasticityCoef="1" ang="90,0,0" color="0,220,0" radius="0.5" length="4" />
		<capsule pos="-10.350000000000001,22.0,2.3000000000000043" vel="0,0,0" mass="1" elasticityCoef="1" ang="90,0,0" color="0,220,0" radius="0.5" length="4" />
		<capsule pos="-10.350000000000001,22.0,4.600000000000001" vel="0,0,0" mass="1" elasticityCoef="1" ang="90,0,0" color="0,220,0" radius="0.5" length="4" />
		<capsule pos="-10.350000000000001,22.0,6.899999999999999" vel="0,0,0" mass="1" elasticityCoef="1" ang="90,0,0" color="0,220,0" radius="0.5" length="4" />
		<capsule pos="-10.350000000000001,22.0,9.200000000000003" vel="0,0,0" mass="1" elasticityCoef="1" ang="90,0,0" color="0,220,0" radius="0.5" length="4" />
		<capsule pos="-10.350000000000001,22.0,11.5" vel="0,0,0" mass="1" elasticityCoef="1" ang="90,0,0" color="0,220,0" radius="0.5" length="4" />
		<capsule pos="-10.350000000000001,22.0,13.799999999999997" vel="0,0,0" mass="1" elasticityCoef="1" ang="90,0,0" color="0,220,0" radius="0.5" length="4" />
		<capsule pos="-10.350000000000001,22.0,16.1" vel="0,0,0" mass="1" elasticityCoef="1" ang="90,0,0" color="0,220,0" radius="0.5" length="4" />
		<capsule pos="-10.350000000000001,22.0,18.4" vel="0,0,0" mass="1" elasticityCoef="1" ang="90,0,0" color="0,220,0" radius="0.5" length="4" />
		<capsule pos="-10.350000000000001,22.0,20.699999999999996" vel="0,0,0" mass="1" elasticityCoef="1" ang="90,0,0" color="0,220,0" radius="0.5" length="4" />
		<capsule pos="-10.350000000000001,22.0,22.999999999999993" vel="0,0,0" mass="1" elasticityCoef="1" ang="90,0,0" color="0,220,0" radius="0.5" length="4" />
		<capsule pos="-10.350000000000001,22.0,25.300000000000004" vel="0,0,0" mass="1" elasticityCoef="1" ang="90,0,0" color="0,220,0" radius="0.5" length="4" />
		<capsule pos="-10.350000000000001,22.0,27.6" vel="0,0,0" mass="1" elasticityCoef="1" ang="90,0,0" color="0,220,0" radius="0.5" length="4" />
		<capsule pos="-10.350000000000001,22.0,29.9" vel="0,0,0" mass="1" elasticityCoef="1" ang="90,0,0" color="0,220,0" radius="0.5" length="4" />
		<capsule pos="-10.350000000000001,22.0,32.199999999999996" vel="0,0,0" mass="1" elasticityCoef="1" ang="90,0,0" color="0,220,0" radius="0.5" length="4" />
		<capsule pos="-10.350000000000001,22.0,34.49999999999999" vel="0,0,0" mass="1" elasticityCoef="1" ang="90,0,0" color="0,220,0" radius="0.5" length="4" />
		<capsule pos="-10.350000000000001,22.0,36.800000000000004" vel="0,0,0" mass="1" elasticityCoef="1" ang="90,0,0" color="0,220,0" radius="0.5" length="4" />
		<capsule pos="-10.350000000000001,22.0,39.1" vel="0,0,0" mass="1" elasticityCoef="1" ang="90,0,0" color="0,220,0" radius="0.5" length="4" />
		<capsule pos="-10.350000000000001,22.0,41.4" vel="0,0,0" mass="1" elasticityCoef="1" ang="90,0,0" color="0,220,0" radius="0.5" length="4" />
		<capsule pos="-10.350000000000001,27.5,-43.699999999999996" vel="0,0,0" mass="1" elasticityCoef="1" ang="90,0,0" color="0,220,0" radius="0.5" length="4" />
		<capsule pos="-10.350000000000001,27.5,-41.4" vel="0,0,0" mass="1" elasticityCoef="1" ang="90,0,0" color="0,220,0" radius="0.5" length="4" />
		<capsule pos="-10.350000000000001,27.5,-39.099999999999994" vel="0,0,0" mass="1" elasticityCoef="1" ang="90,0,0" color="0,220,0" radius="0.5" length="4" />
		<capsule pos="-10.350000000000001,27.5,-36.8" vel="0,0,0" mass="1" elasticityCoef="1" ang="90,0,0" color="0,220,0" radius="0.5" length="4" />
		<capsule pos="-10.350000000000001,27.5,-34.5" vel="0,0,0" mass="1" elasticityCoef="1" ang="90,0,0" color="0,220,0" radius="0.5" length="4" />
		<capsule pos="-10.350000000000001,27.5,-32.199999999999996" vel="0,0,0" mass="1" elasticityCoef="1" ang="90,0,0" color="0,220,0" radius="0.5" length="4" />
		<capsule pos="-10.350000000000001,27.5,-29.9" vel="0,0,0" mass="1" elasticityCoef="1" ang="90,0,0" color="0,220,0" radius="0.5" length="4" />
		<capsule pos="-10.350000000000001,27.5,-27.599999999999998" vel="0,0,0" mass="1" elasticityCoef="1" ang="90,0,0" color="0,220,0" radius="0.5" length="4" />
		<capsule pos="-10.350000000000001,27.5,-25.299999999999997" vel="0,0,0" mass="1" elasticityCoef="1" ang="90,0,0" color="0,220,0" radius="0.5" length="4" />
		<capsule pos="-10.350000000000001,27.5,-22.999999999999996" vel="0,0,0" mass="1" elasticityCoef="1" ang="90,0,0" color="0,220,0" radius="0.5" length="4" />
		<capsule pos="-10.350000000000001,27.5,-20.699999999999996" vel="0,0,0" mass="1" elasticityCoef="1" ang="90,0,0" color="0,220,0" radius="0.5" length="4" />
		<capsule pos="-10.350000000000001,27.5,-18.4" vel="0,0,0" mass="1" elasticityCoef="1" ang="90,0,0" color="0,220,0" radius="0.5" length="4" />
		<capsule pos="-10.350000000000001,27.5,-16.099999999999998" vel="0,0,0" mass="1" elasticityCoef="1" ang="90,0,0" color="0,220,0" radius="0.5" length="4" />
		<capsule pos="-10.350000000000001,27.5,-13.799999999999997" vel="0,0,0" mass="1" elasticityCoef="1" ang="90,0,0" color="0,220,0" radius="0.5" length="4" />
		<capsule pos="-10.350000000000001,27.5,-11.5" vel="0,0,0" mass="1" elasticityCoef="1" ang="90,0,0" color="0,220,0" radius="0.5" length="4" />
		<capsule pos="-10.350000000000001,27.5,-9.199999999999996" vel="0,0,0" mass="1" elasticityCoef="1" ang="90,0,0" color="0,220,0" radius="0.5" length="4" />
		<capsule pos="-10.350000000000001,27.5,-6.899999999999999" vel="0,0,0" mass="1" elasticityCoef="1" ang="90,0,0" color="0,220,0" radius="0.5" length="4" />
		<capsule pos="-10.350000000000001,27.5,-4.600000000000001" vel="0,0,0" mass="1" elasticityCoef="1" ang="90,0,0" color="0,220,0" radius="0.5" length="4" />
		<capsule pos="-10.350000000000001,27.5,-2.299999999999997" vel="0,0,0" mass="1" elasticityCoef="1" ang="90,0,0" color="0,220,0" radius="0.5" length="4" />
		<capsule pos="-10.350000000000001,27.5,0.0" vel="0,0,0" mass="1" elasticityCoef="1" ang="90,0,0" color="0,220,0" radius="0.5" length="4" />
		<capsule pos="-10.350000000000001,27.5,2.3000000000000043" vel="0,0,0" mass="1" elasticityCoef="1" ang="90,0,0" color="0,220,0" radius="0.5" length="4" />
		<capsule pos="-10.350000000000001,27.5,4.600000000000001" vel="0,0,0" mass="1" elasticityCoef="1" ang="90,0,0" color="0,220,0" radius="0.5" length="4" />
		<capsule pos="-10.350000000000001,27.5,6.899999999999999" vel="0,0,0" mass="1" elasticityCoef="1" ang="90,0,0" color="0,220,0" radius="0.5" length="4" />
		<capsule pos="-10.350000000000001,27.5,9.200000000000003" vel="0,0,0" mass="1" elasticityCoef="1" ang="90,0,0" color="0,220,0" radius="0.5" length="4" />
		<capsule pos="-10.350000000000001,27.5,11.5" vel="0,0,0" mass="1" elasticityCoef="1" ang="90,0,0" color="0,220,0" radius="0.5" length="4" />
		<capsule pos="-10.350000000000001,27.5,13.799999999999997" vel="0,0,0" mass="1" elasticityCoef="1" ang="90,0,0" color="0,220,0" radius="0.5" length="4" />
		<capsule pos="-10.350000000000001,27.5,16.1" vel="0,0,0" mass="1" elasticityCoef="1" ang="90,0,0" color="0,220,0" radius="0.5" length="4" />
		<capsule pos="-10.350000000000001,27.5,18.4" vel="0,0,0" mass="1" elasticityCoef="1" ang="90,0,0" color="0,220,0" radius="0.5" length="4" />
		<capsule pos="-10.350000000000001,27.5,20.699999999999996" vel="0,0,0" mass="1" elasticityCoef="1" ang="90,0,0" color="0,220,0" radius="0.5" length="4" />
		<capsule pos="-10.350000000000001,27.5,22.999999999999993" vel="0,0,0" mass="1" elasticityCoef="1" ang="90,0,0" color="0,220,0" radius="0.5" length="4" />
		<capsule pos="-10.350000000000001,27.5,25.300000000000004" vel="0,0,0" mass="1" elasticityCoef="1" ang="90,0,0" color="0,220,0" radius="0.5" length="4" />
		<capsule pos="-10.350000000000001,27.5,27.6" vel="0,0,0" mass="1" elasticityCoef="1" ang="90,0,0" color="0,220,0" radius="0.5" length="4" />
		<capsule pos="-10.350000000000001,27.5,29.9" vel="0,0,0" mass="1" elasticityCoef="1" ang="90,0,0" color="0,220,0" radius="0.5" length="4" />
		<capsule pos="-10.350000000000001,27.5,32.199999999999996" vel="0,0,0" mass="1" elasticityCoef="1" ang="90,0,0" color="0,220,0" radius="0.5" length="4" />
		<capsule pos="-10.350000000000001,27.5,34.49999999999999" vel="0,0,0" mass="1" elasticityCoef="1" ang="90,0,0" color="0,220,0" radius="0.5" length="4" />
		<capsule pos="-10.350000000000001,27.5,36.800000000000004" vel="0,0,0" mass="1" elasticityCoef="1" ang="90,0,0" color="0,220,0" radius="0.5" length="4" />
		<capsule pos="-10.350000000000001,27.5,39.1" vel="0,0,0" mass="1" elasticityCoef="1" ang="90,0,0" color="0,220,0" radius="0.5" length="4" />
		<capsule pos="-10.350000000000001,27.5,41.4" vel="0,0,0" mass="1" elasticityCoef="1" ang="90,0,0" color="0,220,0" radius="0.5" length="4" />
		<capsule pos="-10.350000000000001,33.0,-43.699999999999996" vel="0,0,0" mass="1" elasticityCoef="1" ang="90,0,0" color="0,220,0" radius="0.5" length="4" />
		<capsule pos="-10.350000000000001,33.0,-41.4" vel="0,0,0" mass="1" elasticityCoef="1" ang="90,0,0" color="0,220,0" radius="0.5" length="4" />
		<capsule pos="-10.350000000000001,33.0,-39.099999999999994" vel="0,0,0" mass="1" elasticityCoef="1" ang="90,0,0" color="0,220,0" radius="0.5" length="4" />
		<capsule pos="-10.350000000000001,33.0,-36.8" vel="0,0,0" mass="1" elasticityCoef="1" ang="90,0,0" color="0,220,0" radius="0.5" length="4" />
		<capsule pos="-10.350000000000001,33.0,-34.5" vel="0,0,0" mass="1" elasticityCoef="1" ang="90,0,0" color="0,220,0" radius="0.5" length="4" />
		<capsule pos="-10.350000000000001,33.0,-32.199999999999996" vel="0,0,0" mass="1" elasticityCoef="1" ang="90,0,0" color="0,220,0" radius="0.5" length="4" />
		<capsule pos="-10.350000000000001,33.0,-29.9" vel="0,0,0" mass="1" elasticityCoef="1" ang="90,0,0" color="0,220,0" radius="0.5" length="4" />
		<capsule pos="-10.350000000000001,33.0,-27.599999999999998" vel="0,0,0" mass="1" elasticityCoef="1" ang="90,0,0" color="0,220,0" radius="0.5" length="4" />
		<capsule pos="-10.350000000000001,33.0,-25.299999999999997" vel="0,0,0" mass="1" elasticityCoef="1" ang="90,0,0" color="0,220,0" radius="0.5" length="4" />
		<capsule pos="-10.350000000000001,33.0,-22.999999999999996" vel="0,0,0" mass="1" elasticityCoef="1" ang="90,0,0" color="0,220,0" radius="0.5" length="4" />
		<capsule pos="-10.350000000000001,33.0,-20.699999999999996" vel="0,0,0" mass="1" elasticityCoef="1" ang="90,0,0" color="0,220,0" radius="0.5" length="4" />
		<capsule pos="-10.350000000000001,33.0,-18.4" vel="0,0,0" mass="1" elasticityCoef="1" ang="90,0,0" color="0,220,0" radius="0.5" length="4" />
		<capsule pos="-10.350000000000001,33.0,-16.099999999999998" vel="0,0,0" mass="1" elasticityCoef="1" ang="90,0,0" color="0,220,0" radius="0.5" length="4" />
		<capsule pos="-10.350000000000001,33.0,-13.799999999999997" vel="0,0,0" mass="1" elasticityCoef="1" ang="90,0,0" color="0,220,0" radius="0.5" length="4" />
		<capsule pos="-10.350000000000001,33.0,-11.5" vel="0,0,0" mass="1" elasticityCoef="1" ang="90,0,0" color="0,220,0" radius="0.5" length="4" />
		<capsule pos="-10.350000000000001,33.0,-9.199999999999996" vel="0,0,0" mass="1" elasticityCoef="1" ang="90,0,0" color="0,220,0" radius="0.5" length="4" />
		<capsule pos="-10.350000000000001,33.0,-6.899999999999999" vel="0,0,0" mass="1" elasticityCoef="1" ang="90,0,0" color="0,220,0" radius="0.5" length="4" />
		<capsule pos="-10.350000000000001,33.0,-4.600000000000001" vel="0,0,0" mass="1" elasticityCoef="1" ang="90,0,0" color="0,220,0" radius="0.5" length="4" />
		<capsule pos="-10.350000000000001,33.0,-2.299999999999997" vel="0,0,0" mass="1" elasticityCoef="1" ang="90,0,0" color="0,220,0" radius="0.5" length="4" />
		<capsule pos="-10.350000000000001,33.0,0.0" vel="0,0,0" mass="1" elasticityCoef="1" ang="90,0,0" color="0,220,0" radius="0.5" length="4" />
		<capsule pos="-10.350000000000001,33.0,2.3000000000000043" vel="0,0,0" mass="1" elasticityCoef="1" ang="90,0,0" color="0,220,0" radius="0.5" length="4" />
		<capsule pos="-10.350000000000001,33.0,4.600000000000001" vel="0,0,0" mass="1" elasticityCoef="1" ang="90,0,0" color="0,220,0" radius="0.5" length="4" />
		<capsule pos="-10.350000000000001,33.0,6.899999999999999" vel="0,0,0" mass="1" elasticityCoef="1" ang="90,0,0" color="0,220,0" radius="0.5" length="4" />
		<capsule pos="-10.350000000000001,33.0,9.200000000000003" vel="0,0,0" mass="1" elasticityCoef="1" ang="90,0,0" color="0,220,0" radius="0.5" length="4" />
		<capsule pos="-10.350000000000001,33.0,11.5" vel="0,0,0" mass="1" elasticityCoef="1" ang="90,0,0" color="0,220,0" radius="0.5" length="4" />
		<capsule pos="-10.350000000000001,33.0,13.799999999999997" vel="0,0,0" mass="1" elasticityCoef="1" ang="90,0,0" color="0,220,0" radius="0.5" length="4" />
		<capsule pos="-10.350000000000001,33.0,16.1" vel="0,0,0" mass="1" elasticityCoef="1" ang="90,0,0" color="0,220,0" radius="0.5" length="4" />
		<capsule pos="-10.350000000000001,33.0,18.4" vel="0,0,0" mass="1" elasticityCoef="1" ang="90,0,0" color="0,220,0" radius="0.5" length="4" />
		<capsule pos="-10.350000000000001,33.0,20.699999999999996" vel="0,0,0" mass="1" elasticityCoef="1" ang="90,0,0" color="0,220,0" radius="0.5" length="4" />
		<capsule pos="-10.350000000000001,33.0,22.999999999999993" vel="0,0,0" mass="1" elasticityCoef="1" ang="90,0,0" color="0,220,0" radius="0.5" length="4" />
		<capsule pos="-10.350000000000001,33.0,25.300000000000004" vel="0,0,0" mass="1" elasticityCoef="1" ang="90,0,0" color="0,220,0" radius="0.5" length="4" />
		<capsule pos="-10.350000000000001,33.0,27.6" vel="0,0,0" mass="1" elasticityCoef="1" ang="90,0,0" color="0,220,0" radius="0.5" length="4" />
		<capsule pos="-10.350000000000001,33.0,29.9" vel="0,0,0" mass="1" elasticityCoef="1" ang="90,0,0" color="0,220,0" radius="0.5" length="4" />
		<capsule pos="-10.350000000000001,33.0,32.199999999999996" vel="0,0,0" mass="1" elasticityCoef="1" ang="90,0,0" color="0,220,0" radius="0.5" length="4" />
		<capsule pos="-10.350000000000001,33.0,34.49999999999999" vel="0,0,0" mass="1" elasticityCoef="1" ang="90,0,0" color="0,220,0" radius="0.5" length="4" />
		<capsule pos="-10.350000000000001,33.0,36.800000000000004" vel="0,0,0" mass="1" elasticityCoef="1" ang="90,0,0" color="0,220,0" radius="0.5" length="4" />
		<capsule pos="-10.350000000000001,33.0,39.1" vel="0,0,0" mass="1" elasticityCoef="1" ang="90,0,0" color="0,220,0" radius="0.5" length="4" />
		<capsule pos="-10.350000000000001,33.0,41.4" vel="0,0,0" mass="1" elasticityCoef="1" ang="90,0,0" color="0,220,0" radius="0.5" length="4" />
		<capsule pos="-10.350000000000001,38.5,-43.699999999999996" vel="0,0,0" mass="1" elasticityCoef="1" ang="90,0,0" color="0,220,0" radius="0.5" length="4" />
		<capsule pos="-10.350000000000001,38.5,-41.4" vel="0,0,0" mass="1" elasticityCoef="1" ang="90,0,0" color="0,220,0" radius="0.5" length="4" />
		<capsule pos="-10.350000000000001,38.5,-39.099999999999994" vel="0,0,0" mass="1" elasticityCoef="1" ang="90,0,0" color="0,220,0" radius="0.5" length="4" />
		<capsule pos="-10.350000000000001,38.5,-36.8" vel="0,0,0" mass="1" elasticityCoef="1" ang="90,0,0" color="0,220,0" radius="0.5" length="4" />
		<capsule pos="-10.350000000000001,38.5,-34.5" vel="0,0,0" mass="1" elasticityCoef="1" ang="90,0,0" color="0,220,0" radius="0.5" length="4" />
		<capsule pos="-10.350000000000001,38.5,-32.199999999999996" vel="0,0,0" mass="1" elasticityCoef="1" ang="90,0,0" color="0,220,0" radius="0.5" length="4" />
		<capsule pos="-10.350000000000001,38.5,-29.9" vel="0,0,0" mass="1" elasticityCoef="1" ang="90,0,0" color="0,220,0" radius="0.5" length="4" />
		<capsule pos="-10.350000000000001,38.5,-27.599999999999998" vel="0,0,0" mass="1" elasticityCoef="1" ang="90,0,0" color="0,220,0" radius="0.5" length="4" />
		<capsule pos="-10.350000000000001,38.5,-25.299999999999997" vel="0,0,0" mass="1" elasticityCoef="1" ang="90,0,0" color="0,220,0" radius="0.5" length="4" />
		<capsule pos="-10.350000000000001,38.5,-22.999999999999996" vel="0,0,0" mass="1" elasticityCoef="1" ang="90,0,0" color="0,220,0" radius="0.5" length="4" />
		<capsule pos="-10.350000000000001,38.5,-20.699999999999996" vel="0,0,0" mass="1" elasticityCoef="1" ang="90,0,0" color="0,220,0" radius="0.5" length="4" />
		<capsule pos="-10.350000000000001,38.5,-18.4" vel="0,0,0" mass="1" elasticityCoef="1" ang="90,0,0" color="0,220,0" radius="0.5" length="4" />
		<capsule pos="-10.350000000000001,38.5,-16.099999999999998" vel="0,0,0" mass="1" elasticityCoef="1" ang="90,0,0" color="0,220,0" radius="0.5" length="4" />
		<capsule pos="-10.350000000000001,38.5,-13.799999999999997" vel="0,0,0" mass="1" elasticityCoef="1" ang="90,0,0" color="0,220,0" radius="0.5" length="4" />
		<capsule pos="-10.350000000000001,38.5,-11.5" vel="0,0,0" mass="1" elasticityCoef="1" ang="90,0,0" color="0,220,0" radius="0.5" length="4" />
		<capsule pos="-10.350000000000001,38.5,-9.199999999999996" vel="0,0,0" mass="1" elasticityCoef="1" ang="90,0,0" color="0,220,0" radius="0.5" length="4" />
		<capsule pos="-10.350000000000001,38.5,-6.899999999999999" vel="0,0,0" mass="1" elasticityCoef="1" ang="90,0,0" color="0,220,0" radius="0.5" length="4" />
		<capsule pos="-10.350000000000001,38.5,-4.600000000000001" vel="0,0,0" mass="1" elasticityCoef="1" ang="90,0,0" color="0,220,0" radius="0.5" length="4" />
		<capsule pos="-10.350000000000001,38.5,-2.299999999999997" vel="0,0,0" mass="1" elasticityCoef="1" ang="90,0,0" color="0,220,0" radius="0.5" length="4" />
		<capsule pos="-10.350000000000001,38.5,0.0" vel="0,0,0" mass="1" elasticityCoef="1" ang="90,0,0" color="0,220,0" radius="0.5" length="4" />
		<capsule pos="-10.350000000000001,38.5,2.3000000000000043" vel="0,0,0" mass="1" elasticityCoef="1" ang="90,0,0" color="0,220,0" radius="0.5" length="4" />
		<capsule pos="-10.350000000000001,38.5,4.600000000000001" vel="0,0,0" mass="1" elasticityCoef="1" ang="90,0,0" color="0,220,0" radius="0.5" length="4" />
		<capsule pos="-10.350000000000001,38.5,6.899999999999999" vel="0,0,0" mass="1" elasticityCoef="1" ang="90,0,0" color="0,220,0" radius="0.5" length="4" />
		<capsule pos="-10.350000000000001,38.5,9.200000000000003" vel="0,0,0" mass="1" elasticityCoef="1" ang="90,0,0" color="0,220,0" radius="0.5" length="4" />
		<capsule pos="-10.350000000000001,38.5,11.5" vel="0,0,0" mass="1" elasticityCoef="1" ang="90,0,0" color="0,220,0" radius="0.5" length="4" />
		<capsule pos="-10.350000000000001,38.5,13.799999999999997" vel="0,0,0" mass="1" elasticityCoef="1" ang="90,0,0" color="0,220,0" radius="0.5" length="4" />
		<capsule pos="-10.350000000000001,38.5,16.1" vel="0,0,0" mass="1" elasticityCoef="1" ang="90,0,0" color="0,220,0" radius="0.5" length="4" />
		<capsule pos="-10.350000000000001,38.5,18.4" vel="0,0,0" mass="1" elasticityCoef="1" ang="90,0,0" color="0,220,0" radius="0.5" length="4" />
		<capsule pos="-10.350000000000001,38.5,20.699999999999996" vel="0,0,0" mass="1" elasticityCoef="1" ang="90,0,0" color="0,220,0" radius="0.5" length="4" />
		<capsule pos="-10.350000000000001,38.5,22.999999999999993" vel="0,0,0" mass="1" elasticityCoef="1" ang="90,0,0" color="0,220,0" radius="0.5" length="4" />
		<capsule pos="-10.350000000000001,38.5,25.300000000000004" vel="0,0,0" mass="1" elasticityCoef="1" ang="90,0,0" color="0,220,0" radius="0.5" length="4" />
		<capsule pos="-10.350000000000001,38.5,27.6" vel="0,0,0" mass="1" elasticityCoef="1" ang="90,0,0" color="0,220,0" radius="0.5" length="4" />
		<capsule pos="-10.350000000000001,38.5,29.9" vel="0,0,0" mass="1" elasticityCoef="1" ang="90,0,0" color="0,220,0" radius="0.5" length="4" />
		<capsule pos="-10.350000000000001,38.5,32.199999999999996" vel="0,0,0" mass="1" elasticityCoef="1" ang="90,0,0" color="0,220,0" radius="0.5" length="4" />
		<capsule pos="-10.350000000000001,38.5,34.49999999999999" vel="0,0,0" mass="1" elasticityCoef="1" ang="90,0,0" color="0,220,0" radius="0.5" length="4" />
		<capsule pos="-10.350000000000001,38.5,36.800000000000004" vel="0,0,0" mass="1" elasticityCoef="1" ang="90,0,0" color="0,220,0" radius="0.5" length="4" />
		<capsule pos="-10.350000000000001,38.5,39.1" vel="0,0,0" mass="1" elasticityCoef="1" ang="90,0,0" color="0,220,0" radius="0.5" length="4" />
		<capsule pos="-10.350000000000001,38.5,41.4" vel="0,0,0" mass="1" elasticityCoef="1" ang="90,0,0" color="0,220,0" radius="0.5" length="4" />
		<capsule pos="-10.350000000000001,44.0,-43.699999999999996" vel="0,0,0" mass="1" elasticityCoef="1" ang="90,0,0" color="0,220,0" radius="0.5" length="4" />
		<capsule pos="-10.350000000000001,44.0,-41.4" vel="0,0,0" mass="1" elasticityCoef="1" ang="90,0,0" color="0,220,0" radius="0.5" length="4" />
		<capsule pos="-10.350000000000001,44.0,-39.099999999999994" vel="0,0,0" mass="1" elasticityCoef="1" ang="90,0,0" color="0,220,0" radius="0.5" length="4" />
		<capsule pos="-10.350000000000001,44.0,-36.8" vel="0,0,0" mass="1" elasticityCoef="1" ang="90,0,0" color="0,220,0" radius="0.5" length="4" />
		<capsule pos="-10.350000000000001,44.0,-34.5" vel="0,0,0" mass="1" elasticityCoef="1" ang="90,0,0" color="0,220,0" radius="0.5" length="4" />
		<capsule pos="-10.350000000000001,44.0,-32.199999999999996" vel="0,0,0" mass="1" elasticityCoef="1" ang="90,0,0" color="0,220,0" radius="0.5" length="4" />
		<capsule pos="-10.350000000000001,44.0,-29.9" vel="0,0,0" mass="1" elasticityCoef="1" ang="90,0,0" color="0,220,0" radius="0.5" length="4" />
		<capsule pos="-10.350000000000001,44.0,-27.599999999999998" vel="0,0,0" mass="1" elasticityCoef="1" ang="90,0,0" color="0,220,0" radius="0.5" length="4" />
		<capsule pos="-10.350000000000001,44.0,-25.299999999999997" vel="0,0,0" mass="1" elasticityCoef="1" ang="90,0,0" color="0,220,0" radius="0.5" length="4" />
		<capsule pos="-10.350000000000001,44.0,-22.999999999999996" vel="0,0,0" mass="1" elasticityCoef="1" ang="90,0,0" color="0,220,0" radius="0.5" length="4" />
		<capsule pos="-10.350000000000001,44.0,-20.699999999999996" vel="0,0,0" mass="1" elasticityCoef="1" ang="90,0,0" color="0,220,0" radius="0.5" length="4" />
		<capsule pos="-10.350000000000001,44.0,-18.4" vel="0,0,0" mass="1" elasticityCoef="1" ang="90,0,0" color="0,220,0" radius="0.5" length="4" />
		<capsule pos="-10.350000000000001,44.0,-16.099999999999998" vel="0,0,0" mass="1" elasticityCoef="1" ang="90,0,0" color="0,220,0" radius="0.5" length="4" />
		<capsule pos="-10.350000000000001,44.0,-13.799999999999997" vel="0,0,0" mass="1" elasticityCoef="1" ang="90,0,0" color="0,220,0" radius="0.5" length="4" />
		<capsule pos="-10.350000000000001,44.0,-11.5" vel="0,0,0" mass="1" elasticityCoef="1" ang="90,0,0" color="0,220,0" radius="0.5" length="4" />
		<capsule pos="-10.350000000000001,44.0,-9.199999999999996" vel="0,0,0" mass="1" elasticityCoef="1" ang="90,0,0" color="0,220,0" radius="0.5" length="4" />
		<capsule pos="-10.350000000000001,44.0,-6.899999999999999" vel="0,0,0" mass="1" elasticityCoef="1" ang="90,0,0" color="0,220,0" radius="0.5" length="4" />
		<capsule pos="-10.350000000000001,44.0,-4.600000000000001" vel="0,0,0" mass="1" elasticityCoef="1" ang="90,0,0" color="0,220,0" radius="0.5" length="4" />
		<capsule pos="-10.350000000000001,44.0,-2.299999999999997" vel="0,0,0" mass="1" elasticityCoef="1" ang="90,0,0" color="0,220,0" radius="0.5" length="4" />
		<capsule pos="-10.350000000000001,44.0,0.0" vel="0,0,0" mass="1" elasticityCoef="1" ang="90,0,0" color="0,220,0" radius="0.5" length="4" />
		<capsule pos="-10.350000000000001,44.0,2.3000000000000043" vel="0,0,0" mass="1" elasticityCoef="1" ang="90,0,0" color="0,220,0" radius="0.5" length="4" />
		<capsule pos="-10.350000000000001,44.0,4.600000000000001" vel="0,0,0" mass="1" elasticityCoef="1" ang="90,0,0" color="0,220,0" radius="0.5" length="4" />
		<capsule pos="-10.350000000000001,44.0,6.899999999999999" vel="0,0,0" mass="1" elasticityCoef="1" ang="90,0,0" color="0,220,0" radius="0.5" length="4" />
		<capsule pos="-10.350000000000001,44.0,9.200000000000003" vel="0,0,0" mass="1" elasticityCoef="1" ang="90,0,0" color="0,220,0" radius="0.5" length="4" />
		<capsule pos="-10.350000000000001,44.0,11.5" vel="0,0,0" mass="1" elasticityCoef="1" ang="90,0,0" color="0,220,0" radius="0.5" length="4" />
		<capsule pos="-10.350000000000001,44.0,13.799999999999997" vel="0,0,0" mass="1" elasticityCoef="1" ang="90,0,0" color="0,220,0" radius="0.5" length="4" />
		<capsule pos="-10.350000000000001,44.0,16.1" vel="0,0,0" mass="1" elasticityCoef="1" ang="90,0,0" color="0,220,0" radius="0.5" length="4" />
		<capsule pos="-10.350000000000001,44.0,18.4" vel="0,0,0" mass="1" elasticityCoef="1" ang="90,0,0" color="0,220,0" radius="0.5" length="4" />
		<capsule pos="-10.350000000000001,44.0,20.699999999999996" vel="0,0,0" mass="1" elasticityCoef="1" ang="90,0,0" color="0,220,0" radius="0.5" length="4" />
		<capsule pos="-10.350000000000001,44.0,22.999999999999993" vel="0,0,0" mass="1" elasticityCoef="1" ang="90,0,0" color="0,220,0" radius="0.5" length="4" />
		<capsule pos="-10.350000000000001,44.0,25.300000000000004" vel="0,0,0" mass="1" elasticityCoef="1" ang="90,0,0" color="0,220,0" radius="0.5" length="4" />
		<capsule pos="-10.350000000000001,44.0,27.6" vel="0,0,0" mass="1" elasticityCoef="1" ang="90,0,0" color="0,220,0" radius="0.5" length="4" />
		<capsule pos="-10.350000000000001,44.0,29.9" vel="0,0,0" mass="1" elasticityCoef="1" ang="90,0,0" color="0,220,0" radius="0.5" length="4" />
		<capsule pos="-10.350000000000001,44.0,32.199999999999996" vel="0,0,0" mass="1" elasticityCoef="1" ang="90,0,0" color="0,220,0" radius="0.5" length="4" />
		<capsule pos="-10.350000000000001,44.0,34.49999999999999" vel="0,0,0" mass="1" elasticityCoef="1" ang="90,0,0" color="0,220,0" radius="0.5" length="4" />
		<capsule pos="-10.350000000000001,44.0,36.800000000000004" vel="0,0,0" mass="1" elasticityCoef="1" ang="90,0,0" color="0,220,0" radius="0.5" length="4" />
		<capsule pos="-10.350000000000001,44.0,39.1" vel="0,0,0" mass="1" elasticityCoef="1" ang="90,0,0" color="0,220,0" radius="0.5" length="4" />
		<capsule pos="-10.350000000000001,44.0,41.4" vel="0,0,0" mass="1" elasticityCoef="1" ang="90,0,0" color="0,220,0" radius="0.5" length="4" />
		<capsule pos="-8.049999999999997,-49.5,-43.699999999999996" vel="0,0,0" mass="1" elasticityCoef="1" ang="90,0,0" color="0,220,0" radius="0.5" length="4" />
		<capsule pos="-8.049999999999997,-49.5,-41.4" vel="0,0,0" mass="1" elasticityCoef="1" ang="90,0,0" color="0,220,0" radius="0.5" length="4" />
		<capsule pos="-8.049999999999997,-49.5,-39.099999999999994" vel="0,0,0" mass="1" elasticityCoef="1" ang="90,0,0" color="0,220,0" radius="0.5" length="4" />
		<capsule pos="-8.049999999999997,-49.5,-36.8" vel="0,0,0" mass="1" elasticityCoef="1" ang="90,0,0" color="0,220,0" radius="0.5" length="4" />
		<capsule pos="-8.049999999999997,-49.5,-34.5" vel="0,0,0" mass="1" elasticityCoef="1" ang="90,0,0" color="0,220,0" radius="0.5" length="4" />
		<capsule pos="-8.049999999999997,-49.5,-32.199999999999996" vel="0,0,0" mass="1" elasticityCoef="1" ang="90,0,0" color="0,220,0" radius="0.5" length="4" />
		<capsule pos="-8.049999999999997,-49.5,-29.9" vel="0,0,0" mass="1" elasticityCoef="1" ang="90,0,0" color="0,220,0" radius="0.5" length="4" />
		<capsule pos="-8.049999999999997,-49.5,-27.599999999999998" vel="0,0,0" mass="1" elasticityCoef="1" ang="90,0,0" color="0,220,0" radius="0.5" length="4" />
		<capsule pos="-8.049999999999997,-49.5,-25.299999999999997" vel="0,0,0" mass="1" elasticityCoef="1" ang="90,0,0" color="0,220,0" radius="0.5" length="4" />
		<capsule pos="-8.049999999999997,-49.5,-22.999999999999996" vel="0,0,0" mass="1" elasticityCoef="1" ang="90,0,0" color="0,220,0" radius="0.5" length="4" />
		<capsule pos="-8.049999999999997,-49.5,-20.699999999999996" vel="0,0,0" mass="1" elasticityCoef="1" ang="90,0,0" color="0,220,0" radius="0.5" length="4" />
		<capsule pos="-8.049999999999997,-49.5,-18.4" vel="0,0,0" mass="1" elasticityCoef="1" ang="90,0,0" color="0,220,0" radius="0.5" length="4" />
		<capsule pos="-8.049999999999997,-49.5,-16.099999999999998" vel="0,0,0" mass="1" elasticityCoef="1" ang="90,0,0" color="0,220,0" radius="0.5" length="4" />
		<capsule pos="-8.049999999999997,-49.5,-13.799999999999997" vel="0,0,0" mass="1" elasticityCoef="1" ang="90,0,0" color="0,220,0" radius="0.5" length="4" />
		<capsule pos="-8.049999999999997,-49.5,-11.5" vel="0,0,0" mass="1" elasticityCoef="1" ang="90,0,0" color="0,220,0" radius="0.5" length="4" />
		<capsule pos="-8.049999999999997,-49.5,-9.199999999999996" vel="0,0,0" mass="1" elasticityCoef="1" ang="90,0,0" color="0,220,0" radius="0.5" length="4" />
		<capsule pos="-8.049999999999997,-49.5,-6.899999999999999" vel="0,0,0" mass="1" elasticityCoef="1" ang="90,0,0" color="0,220,0" radius="0.5" length="4" />
		<capsule pos="-8.049999999999997,-49.5,-4.600000000000001" vel="0,0,0" mass="1" elasticityCoef="1" ang="90,0,0" color="0,220,0" radius="0.5" length="4" />
		<capsule pos="-8.049999999999997,-49.5,-2.299999999999997" vel="0,0,0" mass="1" elasticityCoef="1" ang="90,0,0" color="0,220,0" radius="0.5" length="4" />
		<capsule pos="-8.049999999999997,-49.5,0.0" vel="0,0,0" mass="1" elasticityCoef="1" ang="90,0,0" color="0,220,0" radius="0.5" length="4" />
		<capsule pos="-8.049999999999997,-49.5,2.3000000000000043" vel="0,0,0" mass="1" elasticityCoef="1" ang="90,0,0" color="0,220,0" radius="0.5" length="4" />
		<capsule pos="-8.049999999999997,-49.5,4.600000000000001" vel="0,0,0" mass="1" elasticityCoef="1" ang="90,0,0" color="0,220,0" radius="0.5" length="4" />
		<capsule pos="-8.049999999999997,-49.5,6.899999999999999" vel="0,0,0" mass="1" elasticityCoef="1" ang="90,0,0" color="0,220,0" radius="0.5" length="4" />
		<capsule pos="-8.049999999999997,-49.5,9.200000000000003" vel="0,0,0" mass="1" elasticityCoef="1" ang="90,0,0" color="0,220,0" radius="0.5" length="4" />
		<capsule pos="-8.049999999999997,-49.5,11.5" vel="0,0,0" mass="1" elasticityCoef="1" ang="90,0,0" color="0,220,0" radius="0.5" length="4" />
		<capsule pos="-8.049999999999997,-49.5,13.799999999999997" vel="0,0,0" mass="1" elasticityCoef="1" ang="90,0,0" color="0,220,0" radius="0.5" length="4" />
		<capsule pos="-8.049999999999997,-49.5,16.1" vel="0,0,0" mass="1" elasticityCoef="1" ang="90,0,0" color="0,220,0" radius="0.5" length="4" />
		<capsule pos="-8.049999999999997,-49.5,18.4" vel="0,0,0" mass="1" elasticityCoef="1" ang="90,0,0" color="0,220,0" radius="0.5" length="4" />
		<capsule pos="-8.049999999999997,-49.5,20.699999999999996" vel="0,0,0" mass="1" elasticityCoef="1" ang="90,0,0" color="0,220,0" radius="0.5" length="4" />
		<capsule pos="-8.049999999999997,-49.5,22.999999999999993" vel="0,0,0" mass="1" elasticityCoef="1" ang="90,0,0" color="0,220,0" radius="0.5" length="4" />
		<capsule pos="-8.049999999999997,-49.5,25.300000000000004" vel="0,0,0" mass="1" elasticityCoef="1" ang="90,0,0" color="0,220,0" radius="0.5" length="4" />
		<capsule pos="-8.049999999999997,-49.5,27.6" vel="0,0,0" mass="1" elasticityCoef="1" ang="90,0,0" color="0,220,0" radius="0.5" length="4" />
		<capsule pos="-8.049999999999997,-49.5,29.9" vel="0,0,0" mass="1" elasticityCoef="1" ang="90,0,0" color="0,220,0" radius="0.5" length="4" />
		<capsule pos="-8.049999999999997,-49.5,32.199999999999996" vel="0,0,0" mass="1" elasticityCoef="1" ang="90,0,0" color="0,220,0" radius="0.5" length="4" />
		<capsule pos="-8.049999999999997,-49.5,34.49999999999999" vel="0,0,0" mass="1" elasticityCoef="1" ang="90,0,0" color="0,220,0" radius="0.5" length="4" />
		<capsule pos="-8.049999999999997,-49.5,36.800000000000004" vel="0,0,0" mass="1" elasticityCoef="1" ang="90,0,0" color="0,220,0" radius="0.5" length="4" />
		<capsule pos="-8.049999999999997,-49.5,39.1" vel="0,0,0" mass="1" elasticityCoef="1" ang="90,0,0" color="0,220,0" radius="0.5" length="4" />
		<capsule pos="-8.049999999999997,-49.5,41.4" vel="0,0,0" mass="1" elasticityCoef="1" ang="90,0,0" color="0,220,0" radius="0.5" length="4" />
		<capsule pos="-8.049999999999997,-44.0,-43.699999999999996" vel="0,0,0" mass="1" elasticityCoef="1" ang="90,0,0" color="0,220,0" radius="0.5" length="4" />
		<capsule pos="-8.049999999999997,-44.0,-41.4" vel="0,0,0" mass="1" elasticityCoef="1" ang="90,0,0" color="0,220,0" radius="0.5" length="4" />
		<capsule pos="-8.049999999999997,-44.0,-39.099999999999994" vel="0,0,0" mass="1" elasticityCoef="1" ang="90,0,0" color="0,220,0" radius="0.5" length="4" />
		<capsule pos="-8.049999999999997,-44.0,-36.8" vel="0,0,0" mass="1" elasticityCoef="1" ang="90,0,0" color="0,220,0" radius="0.5" length="4" />
		<capsule pos="-8.049999999999997,-44.0,-34.5" vel="0,0,0" mass="1" elasticityCoef="1" ang="90,0,0" color="0,220,0" radius="0.5" length="4" />
		<capsule pos="-8.049999999999997,-44.0,-32.199999999999996" vel="0,0,0" mass="1" elasticityCoef="1" ang="90,0,0" color="0,220,0" radius="0.5" length="4" />
		<capsule pos="-8.049999999999997,-44.0,-29.9" vel="0,0,0" mass="1" elasticityCoef="1" ang="90,0,0" color="0,220,0" radius="0.5" length="4" />
		<capsule pos="-8.049999999999997,-44.0,-27.599999999999998" vel="0,0,0" mass="1" elasticityCoef="1" ang="90,0,0" color="0,220,0" radius="0.5" length="4" />
		<capsule pos="-8.049999999999997,-44.0,-25.299999999999997" vel="0,0,0" mass="1" elasticityCoef="1" ang="90,0,0" color="0,220,0" radius="0.5" length="4" />
		<capsule pos="-8.049999999999997,-44.0,-22.999999999999996" vel="0,0,0" mass="1" elasticityCoef="1" ang="90,0,0" color="0,220,0" radius="0.5" length="4" />
		<capsule pos="-8.049999999999997,-44.0,-20.699999999999996" vel="0,0,0" mass="1" elasticityCoef="1" ang="90,0,0" color="0,220,0" radius="0.5" length="4" />
		<capsule pos="-8.049999999999997,-44.0,-18.4" vel="0,0,0" mass="1" elasticityCoef="1" ang="90,0,0" color="0,220,0" radius="0.5" length="4" />
		<capsule pos="-8.049999999999997,-44.0,-16.099999999999998" vel="0,0,0" mass="1" elasticityCoef="1" ang="90,0,0" color="0,220,0" radius="0.5" length="4" />
		<capsule pos="-8.049999999999997,-44.0,-13.799999999999997" vel="0,0,0" mass="1" elasticityCoef="1" ang="90,0,0" color="0,220,0" radius="0.5" length="4" />
		<capsule pos="-8.049999999999997,-44.0,-11.5" vel="0,0,0" mass="1" elasticityCoef="1" ang="90,0,0" color="0,220,0" radius="0.5" length="4" />
		<capsule pos="-8.049999999999997,-44.0,-9.199999999999996" vel="0,0,0" mass="1" elasticityCoef="1" ang="90,0,0" color="0,220,0" radius="0.5" length="4" />
		<capsule pos="-8.049999999999997,-44.0,-6.899999999999999" vel="0,0,0" mass="1" elasticityCoef="1" ang="90,0,0" color="0,220,0" radius="0.5" length="4" />
		<capsule pos="-8.049999999999997,-44.0,-4.600000000000001" vel="0,0,0" mass="1" elasticityCoef="1" ang="90,0,0" color="0,220,0" radius="0.5" length="4" />
		<capsule pos="-8.049999999999997,-44.0,-2.299999999999997" vel="0,0,0" mass="1" elasticityCoef="1" ang="90,0,0" color="0,220,0" radius="0.5" length="4" />
		<capsule pos="-8.049999999999997,-44.0,0.0" vel="0,0,0" mass="1" elasticityCoef="1" ang="90,0,0" color="0,220,0" radius="0.5" length="4" />
		<capsule pos="-8.049999999999997,-44.0,2.3000000000000043" vel="0,0,0" mass="1" elasticityCoef="1" ang="90,0,0" color="0,220,0" radius="0.5" length="4" />
		<capsule pos="-8.049999999999997,-44.0,4.600000000000001" vel="0,0,0" mass="1" elasticityCoef="1" ang="90,0,0" color="0,220,0" radius="0.5" length="4" />
		<capsule pos="-8.049999999999997,-44.0,6.899999999999999" vel="0,0,0" mass="1" elasticityCoef="1" ang="90,0,0" color="0,220,0" radius="0.5" length="4" />
		<capsule pos="-8.049999999999997,-44.0,9.200000000000003" vel="0,0,0" mass="1" elasticityCoef="1" ang="90,0,0" color="0,220,0" radius="0.5" length="4" />
		<capsule pos="-8.049999999999997,-44.0,11.5" vel="0,0,0" mass="1" elasticityCoef="1" ang="90,0,0" color="0,220,0" radius="0.5" length="4" />
		<capsule pos="-8.049999999999997,-44.0,13.799999999999997" vel="0,0,0" mass="1" elasticityCoef="1" ang="90,0,0" color="0,220,0" radius="0.5" length="4" />
		<capsule pos="-8.049999999999997,-44.0,16.1" vel="0,0,0" mass="1" elasticityCoef="1" ang="90,0,0" color="0,220,0" radius="0.5" length="4" />
		<capsule pos="-8.049999999999997,-44.0,18.4" vel="0,0,0" mass="1" elasticityCoef="1" ang="90,0,0" color="0,220,0" radius="0.5" length="4" />
		<capsule pos="-8.049999999999997,-44.0,20.699999999999996" vel="0,0,0" mass="1" elasticityCoef="1" ang="90,0,0" color="0,220,0" radius="0.5" length="4" />
		<capsule pos="-8.049999999999997,-44.0,22.999999999999993" vel="0,0,0" mass="1" elasticityCoef="1" ang="90,0,0" color="0,220,0" radius="0.5" length="4" />
		<capsule pos="-8.049999999999997,-44.0,25.300000000000004" vel="0,0,0" mass="1" elasticityCoef="1" ang="90,0,0" color="0,220,0" radius="0.5" length="4" />
		<capsule pos="-8.049999999999997,-44.0,27.6" vel="0,0,0" mass="1" elasticityCoef="1" ang="90,0,0" color="0,220,0" radius="0.5" length="4" />
		<capsule pos="-8.049999999999997,-44.0,29.9" vel="0,0,0" mass="1" elasticityCoef="1" ang="90,0,0" color="0,220,0" radius="0.5" length="4" />
		<capsule pos="-8.049999999999997,-44.0,32.199999999999996" vel="0,0,0" mass="1" elasticityCoef="1" ang="90,0,0" color="0,220,0" radius="0.5" length="4" />
		<capsule pos="-8.049999999999997,-44.0,34.49999999999999" vel="0,0,0" mass="1" elasticityCoef="1" ang="90,0,0" color="0,220,0" radius="0.5" length="4" />
		<capsule pos="-8.049999999999997,-44.0,36.800000000000004" vel="0,0,0" mass="1" elasticityCoef="1" ang="90,0,0" color="0,220,0" radius="0.5" length="4" />
		<capsule pos="-8.049999999999997,-44.0,39.1" vel="0,0,0" mass="1" elasticityCoef="1" ang="90,0,0" color="0,220,0" radius="0.5" length="4" />
		<capsule pos="-8.049999999999997,-44.0,41.4" vel="0,0,0" mass="1" elasticityCoef="1" ang="90,0,0" color="0,220,0" radius="0.5" length="4" />
		<capsule pos="-8.049999999999997,-38.5,-43.699999999999996" vel="0,0,0" mass="1" elasticityCoef="1" ang="90,0,0" color="0,220,0" radius="0.5" length="4" />
		<capsule pos="-8.049999999999997,-38.5,-41.4" vel="0,0,0" mass="1" elasticityCoef="1" ang="90,0,0" color="0,220,0" radius="0.5" length="4" />
		<capsule pos="-8.049999999999997,-38.5,-39.099999999999994" vel="0,0,0" mass="1" elasticityCoef="1" ang="90,0,0" color="0,220,0" radius="0.5" length="4" />
		<capsule pos="-8.049999999999997,-38.5,-36.8" vel="0,0,0" mass="1" elasticityCoef="1" ang="90,0,0" color="0,220,0" radius="0.5" length="4" />
		<capsule pos="-8.049999999999997,-38.5,-34.5" vel="0,0,0" mass="1" elasticityCoef="1" ang="90,0,0" color="0,220,0" radius="0.5" length="4" />
		<capsule pos="-8.049999999999997,-38.5,-32.199999999999996" vel="0,0,0" mass="1" elasticityCoef="1" ang="90,0,0" color="0,220,0" radius="0.5" length="4" />
		<capsule pos="-8.049999999999997,-38.5,-29.9" vel="0,0,0" mass="1" elasticityCoef="1" ang="90,0,0" color="0,220,0" radius="0.5" length="4" />
		<capsule pos="-8.049999999999997,-38.5,-27.599999999999998" vel="0,0,0" mass="1" elasticityCoef="1" ang="90,0,0" color="0,220,0" radius="0.5" length="4" />
		<capsule pos="-8.049999999999997,-38.5,-25.299999999999997" vel="0,0,0" mass="1" elasticityCoef="1" ang="90,0,0" color="0,220,0" radius="0.5" length="4" />
		<capsule pos="-8.049999999999997,-38.5,-22.999999999999996" vel="0,0,0" mass="1" elasticityCoef="1" ang="90,0,0" color="0,220,0" radius="0.5" length="4" />
		<capsule pos="-8.049999999999997,-38.5,-20.699999999999996" vel="0,0,0" mass="1" elasticityCoef="1" ang="90,0,0" color="0,220,0" radius="0.5" length="4" />
		<capsule pos="-8.049999999999997,-38.5,-18.4" vel="0,0,0" mass="1" elasticityCoef="1" ang="90,0,0" color="0,220,0" radius="0.5" length="4" />
		<capsule pos="-8.049999999999997,-38.5,-16.099999999999998" vel="0,0,0" mass="1" elasticityCoef="1" ang="90,0,0" color="0,220,0" radius="0.5" length="4" />
		<capsule pos="-8.049999999999997,-38.5,-13.799999999999997" vel="0,0,0" mass="1" elasticityCoef="1" ang="90,0,0" color="0,220,0" radius="0.5" length="4" />
		<capsule pos="-8.049999999999997,-38.5,-11.5" vel="0,0,0" mass="1" elasticityCoef="1" ang="90,0,0" color="0,220,0" radius="0.5" length="4" />
		<capsule pos="-8.049999999999997,-38.5,-9.199999999999996" vel="0,0,0" mass="1" elasticityCoef="1" ang="90,0,0" color="0,220,0" radius="0.5" length="4" />
		<capsule pos="-8.049999999999997,-38.5,-6.899999999999999" vel="0,0,0" mass="1" elasticityCoef="1" ang="90,0,0" color="0,220,0" radius="0.5" length="4" />
		<capsule pos="-8.049999999999997,-38.5,-4.600000000000001" vel="0,0,0" mass="1" elasticityCoef="1" ang="90,0,0" color="0,220,0" radius="0.5" length="4" />
		<capsule pos="-8.049999999999997,-38.5,-2.299999999999997" vel="0,0,0" mass="1" elasticityCoef="1" ang="90,0,0" color="0,220,0" radius="0.5" length="4" />
		<capsule pos="-8.049999999999997,-38.5,0.0" vel="0,0,0" mass="1" elasticityCoef="1" ang="90,0,0" color="0,220,0" radius="0.5" length="4" />
		<capsule pos="-8.049999999999997,-38.5,2.3000000000000043" vel="0,0,0" mass="1" elasticityCoef="1" ang="90,0,0" color="0,220,0" radius="0.5" length="4" />
		<capsule pos="-8.049999999999997,-38.5,4.600000000000001" vel="0,0,0" mass="1" elasticityCoef="1" ang="90,0,0" color="0,220,0" radius="0.5" length="4" />
		<capsule pos="-8.049999999999997,-38.5,6.899999999999999" vel="0,0,0" mass="1" elasticityCoef="1" ang="90,0,0" color="0,220,0" radius="0.5" length="4" />
		<capsule pos="-8.049999999999997,-38.5,9.200000000000003" vel="0,0,0" mass="1" elasticityCoef="1" ang="90,0,0" color="0,220,0" radius="0.5" length="4" />
		<capsule pos="-8.049999999999997,-38.5,11.5" vel="0,0,0" mass="1" elasticityCoef="1" ang="90,0,0" color="0,220,0" radius="0.5" length="4" />
		<capsule pos="-8.049999999999997,-38.5,13.799999999999997" vel="0,0,0" mass="1" elasticityCoef="1" ang="90,0,0" color="0,220,0" radius="0.5" length="4" />
		<capsule pos="-8.049999999999997,-38.5,16.1" vel="0,0,0" mass="1" elasticityCoef="1" ang="90,0,0" color="0,220,0" radius="0.5" length="4" />
		<capsule pos="-8.049999999999997,-38.5,18.4" vel="0,0,0" mass="1" elasticityCoef="1" ang="90,0,0" color="0,220,0" radius="0.5" length="4" />
		<capsule pos="-8.049999999999997,-38.5,20.699999999999996" vel="0,0,0" mass="1" elasticityCoef="1" ang="90,0,0" color="0,220,0" radius="0.5" length="4" />
		<capsule pos="-8.049999999999997,-38.5,22.999999999999993" vel="0,0,0" mass="1" elasticityCoef="1" ang="90,0,0" color="0,220,0" radius="0.5" length="4" />
		<capsule pos="-8.049999999999997,-38.5,25.300000000000004" vel="0,0,0" mass="1" elasticityCoef="1" ang="90,0,0" color="0,220,0" radius="0.5" length="4" />
		<capsule pos="-8.049999999999997,-38.5,27.6" vel="0,0,0" mass="1" elasticityCoef="1" ang="90,0,0" color="0,220,0" radius="0.5" length="4" />
		<capsule pos="-8.049999999999997,-38.5,29.9" vel="0,0,0" mass="1" elasticityCoef="1" ang="90,0,0" color="0,220,0" radius="0.5" length="4" />
		<capsule pos="-8.049999999999997,-38.5,32.199999999999996" vel="0,0,0" mass="1" elasticityCoef="1" ang="90,0,0" color="0,220,0" radius="0.5" length="4" />
		<capsule pos="-8.049999999999997,-38.5,34.49999999999999" vel="0,0,0" mass="1" elasticityCoef="1" ang="90,0,0" color="0,220,0" radius="0.5" length="4" />
		<capsule pos="-8.049999999999997,-38.5,36.800000000000004" vel="0,0,0" mass="1" elasticityCoef="1" ang="90,0,0" color="0,220,0" radius="0.5" length="4" />
		<capsule pos="-8.049999999999997,-38.5,39.1" vel="0,0,0" mass="1" elasticityCoef="1" ang="90,0,0" color="0,220,0" radius="0.5" length="4" />
		<capsule pos="-8.049999999999997,-38.5,41.4" vel="0,0,0" mass="1" elasticityCoef="1" ang="90,0,0" color="0,220,0" radius="0.5" length="4" />
		<capsule pos="-8.049999999999997,-33.0,-43.699999999999996" vel="0,0,0" mass="1" elasticityCoef="1" ang="90,0,0" color="0,220,0" radius="0.5" length="4" />
		<capsule pos="-8.049999999999997,-33.0,-41.4" vel="0,0,0" mass="1" elasticityCoef="1" ang="90,0,0" color="0,220,0" radius="0.5" length="4" />
		<capsule pos="-8.049999999999997,-33.0,-39.099999999999994" vel="0,0,0" mass="1" elasticityCoef="1" ang="90,0,0" color="0,220,0" radius="0.5" length="4" />
		<capsule pos="-8.049999999999997,-33.0,-36.8" vel="0,0,0" mass="1" elasticityCoef="1" ang="90,0,0" color="0,220,0" radius="0.5" length="4" />
		<capsule pos="-8.049999999999997,-33.0,-34.5" vel="0,0,0" mass="1" elasticityCoef="1" ang="90,0,0" color="0,220,0" radius="0.5" length="4" />
		<capsule pos="-8.049999999999997,-33.0,-32.199999999999996" vel="0,0,0" mass="1" elasticityCoef="1" ang="90,0,0" color="0,220,0" radius="0.5" length="4" />
		<capsule pos="-8.049999999999997,-33.0,-29.9" vel="0,0,0" mass="1" elasticityCoef="1" ang="90,0,0" color="0,220,0" radius="0.5" length="4" />
		<capsule pos="-8.049999999999997,-33.0,-27.599999999999998" vel="0,0,0" mass="1" elasticityCoef="1" ang="90,0,0" color="0,220,0" radius="0.5" length="4" />
		<capsule pos="-8.049999999999997,-33.0,-25.299999999999997" vel="0,0,0" mass="1" elasticityCoef="1" ang="90,0,0" color="0,220,0" radius="0.5" length="4" />
		<capsule pos="-8.049999999999997,-33.0,-22.999999999999996" vel="0,0,0" mass="1" elasticityCoef="1" ang="90,0,0" color="0,220,0" radius="0.5" length="4" />
		<capsule pos="-8.049999999999997,-33.0,-20.699999999999996" vel="0,0,0" mass="1" elasticityCoef="1" ang="90,0,0" color="0,220,0" radius="0.5" length="4" />
		<capsule pos="-8.049999999999997,-33.0,-18.4" vel="0,0,0" mass="1" elasticityCoef="1" ang="90,0,0" color="0,220,0" radius="0.5" length="4" />
		<capsule pos="-8.049999999999997,-33.0,-16.099999999999998" vel="0,0,0" mass="1" elasticityCoef="1" ang="90,0,0" color="0,220,0" radius="0.5" length="4" />
		<capsule pos="-8.049999999999997,-33.0,-13.799999999999997" vel="0,0,0" mass="1" elasticityCoef="1" ang="90,0,0" color="0,220,0" radius="0.5" length="4" />
		<capsule pos="-8.049999999999997,-33.0,-11.5" vel="0,0,0" mass="1" elasticityCoef="1" ang="90,0,0" color="0,220,0" radius="0.5" length="4" />
		<capsule pos="-8.049999999999997,-33.0,-9.199999999999996" vel="0,0,0" mass="1" elasticityCoef="1" ang="90,0,0" color="0,220,0" radius="0.5" length="4" />
		<capsule pos="-8.049999999999997,-33.0,-6.899999999999999" vel="0,0,0" mass="1" elasticityCoef="1" ang="90,0,0" color="0,220,0" radius="0.5" length="4" />
		<capsule pos="-8.049999999999997,-33.0,-4.600000000000001" vel="0,0,0" mass="1" elasticityCoef="1" ang="90,0,0" color="0,220,0" radius="0.5" length="4" />
		<capsule pos="-8.049999999999997,-33.0,-2.299999999999997" vel="0,0,0" mass="1" elasticityCoef="1" ang="90,0,0" color="0,220,0" radius="0.5" length="4" />
		<capsule pos="-8.049999999999997,-33.0,0.0" vel="0,0,0" mass="1" elasticityCoef="1" ang="90,0,0" color="0,220,0" radius="0.5" length="4" />
		<capsule pos="-8.049999999999997,-33.0,2.3000000000000043" vel="0,0,0" mass="1" elasticityCoef="1" ang="90,0,0" color="0,220,0" radius="0.5" length="4" />
		<capsule pos="-8.049999999999997,-33.0,4.600000000000001" vel="0,0,0" mass="1" elasticityCoef="1" ang="90,0,0" color="0,220,0" radius="0.5" length="4" />
		<capsule pos="-8.049999999999997,-33.0,6.899999999999999" vel="0,0,0" mass="1" elasticityCoef="1" ang="90,0,0" color="0,220,0" radius="0.5" length="4" />
		<capsule pos="-8.049999999999997,-33.0,9.200000000000003" vel="0,0,0" mass="1" elasticityCoef="1" ang="90,0,0" color="0,220,0" radius="0.5" length="4" />
		<capsule pos="-8.049999999999997,-33.0,11.5" vel="0,0,0" mass="1" elasticityCoef="1" ang="90,0,0" color="0,220,0" radius="0.5" length="4" />
		<capsule pos="-8.049999999999997,-33.0,13.799999999999997" vel="0,0,0" mass="1" elasticityCoef="1" ang="90,0,0" color="0,220,0" radius="0.5" length="4" />
		<capsule pos="-8.049999999999997,-33.0,16.1" vel="0,0,0" mass="1" elasticityCoef="1" ang="90,0,0" color="0,220,0" radius="0.5" length="4" />
		<capsule pos="-8.049999999999997,-33.0,18.4" vel="0,0,0" mass="1" elasticityCoef="1" ang="90,0,0" color="0,220,0" radius="0.5" length="4" />
		<capsule pos="-8.049999999999997,-33.0,20.699999999999996" vel="0,0,0" mass="1" elasticityCoef="1" ang="90,0,0" color="0,220,0" radius="0.5" length="4" />
		<capsule pos="-8.049999999999997,-33.0,22.999999999999993" vel="0,0,0" mass="1" elasticityCoef="1" ang="90,0,0" color="0,220,0" radius="0.5" length="4" />
		<capsule pos="-8.049999999999997,-33.0,25.300000000000004" vel="0,0,0" mass="1" elasticityCoef="1" ang="90,0,0" color="0,220,0" radius="0.5" length="4" />
		<capsule pos="-8.049999999999997,-33.0,27.6" vel="0,0,0" mass="1" elasticityCoef="1" ang="90,0,0" color="0,220,0" radius="0.5" length="4" />
		<capsule pos="-8.049999999999997,-33.0,29.9" vel="0,0,0" mass="1" elasticityCoef="1" ang="90,0,0" color="0,220,0" radius="0.5" length="4" />
		<capsule pos="-8.049999999999997,-33.0,32.199999999999996" vel="0,0,0" mass="1" elasticityCoef="1" ang="90,0,0" color="0,220,0" radius="0.5" length="4" />
		<capsule pos="-8.049999999999997,-33.0,34.49999999999999" vel="0,0,0" mass="1" elasticityCoef="1" ang="90,0,0" color="0,220,0" radius="0.5" length="4" />
		<capsule pos="-8.049999999999997,-33.0,36.800000000000004" vel="0,0,0" mass="1" elasticityCoef="1" ang="90,0,0" color="0,220,0" radius="0.5" length="4" />
		<capsule pos="-8.049999999999997,-33.0,39.1" vel="0,0,0" mass="1" elasticityCoef="1" ang="90,0,0" color="0,220,0" radius="0.5" length="4" />
		<capsule pos="-8.049999999999997,-33.0,41.4" vel="0,0,0" mass="1" elasticityCoef="1" ang="90,0,0" color="0,220,0" radius="0.5" length="4" />
		<capsule pos="-8.049999999999997,-27.5,-43.699999999999996" vel="0,0,0" mass="1" elasticityCoef="1" ang="90,0,0" color="0,220,0" radius="0.5" length="4" />
		<capsule pos="-8.049999999999997,-27.5,-41.4" vel="0,0,0" mass="1" elasticityCoef="1" ang="90,0,0" color="0,220,0" radius="0.5" length="4" />
		<capsule pos="-8.049999999999997,-27.5,-39.099999999999994" vel="0,0,0" mass="1" elasticityCoef="1" ang="90,0,0" color="0,220,0" radius="0.5" length="4" />
		<capsule pos="-8.049999999999997,-27.5,-36.8" vel="0,0,0" mass="1" elasticityCoef="1" ang="90,0,0" color="0,220,0" radius="0.5" length="4" />
		<capsule pos="-8.049999999999997,-27.5,-34.5" vel="0,0,0" mass="1" elasticityCoef="1" ang="90,0,0" color="0,220,0" radius="0.5" length="4" />
		<capsule pos="-8.049999999999997,-27.5,-32.199999999999996" vel="0,0,0" mass="1" elasticityCoef="1" ang="90,0,0" color="0,220,0" radius="0.5" length="4" />
		<capsule pos="-8.049999999999997,-27.5,-29.9" vel="0,0,0" mass="1" elasticityCoef="1" ang="90,0,0" color="0,220,0" radius="0.5" length="4" />
		<capsule pos="-8.049999999999997,-27.5,-27.599999999999998" vel="0,0,0" mass="1" elasticityCoef="1" ang="90,0,0" color="0,220,0" radius="0.5" length="4" />
		<capsule pos="-8.049999999999997,-27.5,-25.299999999999997" vel="0,0,0" mass="1" elasticityCoef="1" ang="90,0,0" color="0,220,0" radius="0.5" length="4" />
		<capsule pos="-8.049999999999997,-27.5,-22.999999999999996" vel="0,0,0" mass="1" elasticityCoef="1" ang="90,0,0" color="0,220,0" radius="0.5" length="4" />
		<capsule pos="-8.049999999999997,-27.5,-20.699999999999996" vel="0,0,0" mass="1" elasticityCoef="1" ang="90,0,0" color="0,220,0" radius="0.5" length="4" />
		<capsule pos="-8.049999999999997,-27.5,-18.4" vel="0,0,0" mass="1" elasticityCoef="1" ang="90,0,0" color="0,220,0" radius="0.5" length="4" />
		<capsule pos="-8.049999999999997,-27.5,-16.099999999999998" vel="0,0,0" mass="1" elasticityCoef="1" ang="90,0,0" color="0,220,0" radius="0.5" length="4" />
		<capsule pos="-8.049999999999997,-27.5,-13.799999999999997" vel="0,0,0" mass="1" elasticityCoef="1" ang="90,0,0" color="0,220,0" radius="0.5" length="4" />
		<capsule pos="-8.049999999999997,-27.5,-11.5" vel="0,0,0" mass="1" elasticityCoef="1" ang="90,0,0" color="0,220,0" radius="0.5" length="4" />
		<capsule pos="-8.049999999999997,-27.5,-9.199999999999996" vel="0,0,0" mass="1" elasticityCoef="1" ang="90,0,0" color="0,220,0" radius="0.5" length="4" />
		<capsule pos="-8.049999999999997,-27.5,-6.899999999999999" vel="0,0,0" mass="1" elasticityCoef="1" ang="90,0,0" color="0,220,0" radius="0.5" length="4" />
		<capsule pos="-8.049999999999997,-27.5,-4.600000000000001" vel="0,0,0" mass="1" elasticityCoef="1" ang="90,0,0" color="0,220,0" radius="0.5" length="4" />
		<capsule pos="-8.049999999999997,-27.5,-2.299999999999997" vel="0,0,0" mass="1" elasticityCoef="1" ang="90,0,0" color="0,220,0" radius="0.5" length="4" />
		<capsule pos="-8.049999999999997,-27.5,0.0" vel="0,0,0" mass="1" elasticityCoef="1" ang="90,0,0" color="0,220,0" radius="0.5" length="4" />
		<capsule pos="-8.049999999999997,-27.5,2.3000000000000043" vel="0,0,0" mass="1" elasticityCoef="1" ang="90,0,0" color="0,220,0" radius="0.5" length="4" />
		<capsule pos="-8.049999999999997,-27.5,4.600000000000001" vel="0,0,0" mass="1" elasticityCoef="1" ang="90,0,0" color="0,220,0" radius="0.5" length="4" />
		<capsule pos="-8.049999999999997,-27.5,6.899999999999999" vel="0,0,0" mass="1" elasticityCoef="1" ang="90,0,0" color="0,220,0" radius="0.5" length="4" />
		<capsule pos="-8.049999999999997,-27.5,9.200000000000003" vel="0,0,0" mass="1" elasticityCoef="1" ang="90,0,0" color="0,220,0" radius="0.5" length="4" />
		<capsule pos="-8.049999999999997,-27.5,11.5" vel="0,0,0" mass="1" elasticityCoef="1" ang="90,0,0" color="0,220,0" radius="0.5" length="4" />
		<capsule pos="-8.049999999999997,-27.5,13.799999999999997" vel="0,0,0" mass="1" elasticityCoef="1" ang="90,0,0" color="0,220,0" radius="0.5" length="4" />
		<capsule pos="-8.049999999999997,-27.5,16.1" vel="0,0,0" mass="1" elasticityCoef="1" ang="90,0,0" color="0,220,0" radius="0.5" length="4" />
		<capsule pos="-8.049999999999997,-27.5,18.4" vel="0,0,0" mass="1" elasticityCoef="1" ang="90,0,0" color="0,220,0" radius="0.5" length="4" />
		<capsule pos="-8.049999999999997,-27.5,20.699999999999996" vel="0,0,0" mass="1" elasticityCoef="1" ang="90,0,0" color="0,220,0" radius="0.5" length="4" />
		<capsule pos="-8.049999999999997,-27.5,22.999999999999993" vel="0,0,0" mass="1" elasticityCoef="1" ang="90,0,0" color="0,220,0" radius="0.5" length="4" />
		<capsule pos="-8.049999999999997,-27.5,25.300000000000004" vel="0,0,0" mass="1" elasticityCoef="1" ang="90,0,0" color="0,220,0" radius="0.5" length="4" />
		<capsule pos="-8.049999999999997,-27.5,27.6" vel="0,0,0" mass="1" elasticityCoef="1" ang="90,0,0" color="0,220,0" radius="0.5" length="4" />
		<capsule pos="-8.049999999999997,-27.5,29.9" vel="0,0,0" mass="1" elasticityCoef="1" ang="90,0,0" color="0,220,0" radius="0.5" length="4" />
		<capsule pos="-8.049999999999997,-27.5,32.199999999999996" vel="0,0,0" mass="1" elasticityCoef="1" ang="90,0,0" color="0,220,0" radius="0.5" length="4" />
		<capsule pos="-8.049999999999997,-27.5,34.49999999999999" vel="0,0,0" mass="1" elasticityCoef="1" ang="90,0,0" color="0,220,0" radius="0.5" length="4" />
		<capsule pos="-8.049999999999997,-27.5,36.800000000000004" vel="0,0,0" mass="1" elasticityCoef="1" ang="90,0,0" color="0,220,0" radius="0.5" length="4" />
		<capsule pos="-8.049999999999997,-27.5,39.1" vel="0,0,0" mass="1" elasticityCoef="1" ang="90,0,0" color="0,220,0" radius="0.5" length="4" />
		<capsule pos="-8.049999999999997,-27.5,41.4" vel="0,0,0" mass="1" elasticityCoef="1" ang="90,0,0" color="0,220,0" radius="0.5" length="4" />
		<capsule pos="-8.049999999999997,-22.0,-43.699999999999996" vel="0,0,0" mass="1" elasticityCoef="1" ang="90,0,0" color="0,220,0" radius="0.5" length="4" />
		<capsule pos="-8.049999999999997,-22.0,-41.4" vel="0,0,0" mass="1" elasticityCoef="1" ang="90,0,0" color="0,220,0" radius="0.5" length="4" />
		<capsule pos="-8.049999999999997,-22.0,-39.099999999999994" vel="0,0,0" mass="1" elasticityCoef="1" ang="90,0,0" color="0,220,0" radius="0.5" length="4" />
		<capsule pos="-8.049999999999997,-22.0,-36.8" vel="0,0,0" mass="1" elasticityCoef="1" ang="90,0,0" color="0,220,0" radius="0.5" length="4" />
		<capsule pos="-8.049999999999997,-22.0,-34.5" vel="0,0,0" mass="1" elasticityCoef="1" ang="90,0,0" color="0,220,0" radius="0.5" length="4" />
		<capsule pos="-8.049999999999997,-22.0,-32.199999999999996" vel="0,0,0" mass="1" elasticityCoef="1" ang="90,0,0" color="0,220,0" radius="0.5" length="4" />
		<capsule pos="-8.049999999999997,-22.0,-29.9" vel="0,0,0" mass="1" elasticityCoef="1" ang="90,0,0" color="0,220,0" radius="0.5" length="4" />
		<capsule pos="-8.049999999999997,-22.0,-27.599999999999998" vel="0,0,0" mass="1" elasticityCoef="1" ang="90,0,0" color="0,220,0" radius="0.5" length="4" />
		<capsule pos="-8.049999999999997,-22.0,-25.299999999999997" vel="0,0,0" mass="1" elasticityCoef="1" ang="90,0,0" color="0,220,0" radius="0.5" length="4" />
		<capsule pos="-8.049999999999997,-22.0,-22.999999999999996" vel="0,0,0" mass="1" elasticityCoef="1" ang="90,0,0" color="0,220,0" radius="0.5" length="4" />
		<capsule pos="-8.049999999999997,-22.0,-20.699999999999996" vel="0,0,0" mass="1" elasticityCoef="1" ang="90,0,0" color="0,220,0" radius="0.5" length="4" />
		<capsule pos="-8.049999999999997,-22.0,-18.4" vel="0,0,0" mass="1" elasticityCoef="1" ang="90,0,0" color="0,220,0" radius="0.5" length="4" />
		<capsule pos="-8.049999999999997,-22.0,-16.099999999999998" vel="0,0,0" mass="1" elasticityCoef="1" ang="90,0,0" color="0,220,0" radius="0.5" length="4" />
		<capsule pos="-8.049999999999997,-22.0,-13.799999999999997" vel="0,0,0" mass="1" elasticityCoef="1" ang="90,0,0" color="0,220,0" radius="0.5" length="4" />
		<capsule pos="-8.049999999999997,-22.0,-11.5" vel="0,0,0" mass="1" elasticityCoef="1" ang="90,0,0" color="0,220,0" radius="0.5" length="4" />
		<capsule pos="-8.049999999999997,-22.0,-9.199999999999996" vel="0,0,0" mass="1" elasticityCoef="1" ang="90,0,0" color="0,220,0" radius="0.5" length="4" />
		<capsule pos="-8.049999999999997,-22.0,-6.899999999999999" vel="0,0,0" mass="1" elasticityCoef="1" ang="90,0,0" color="0,220,0" radius="0.5" length="4" />
		<capsule pos="-8.049999999999997,-22.0,-4.600000000000001" vel="0,0,0" mass="1" elasticityCoef="1" ang="90,0,0" color="0,220,0" radius="0.5" length="4" />
		<capsule pos="-8.049999999999997,-22.0,-2.299999999999997" vel="0,0,0" mass="1" elasticityCoef="1" ang="90,0,0" color="0,220,0" radius="0.5" length="4" />
		<capsule pos="-8.049999999999997,-22.0,0.0" vel="0,0,0" mass="1" elasticityCoef="1" ang="90,0,0" color="0,220,0" radius="0.5" length="4" />
		<capsule pos="-8.049999999999997,-22.0,2.3000000000000043" vel="0,0,0" mass="1" elasticityCoef="1" ang="90,0,0" color="0,220,0" radius="0.5" length="4" />
		<capsule pos="-8.049999999999997,-22.0,4.600000000000001" vel="0,0,0" mass="1" elasticityCoef="1" ang="90,0,0" color="0,220,0" radius="0.5" length="4" />
		<capsule pos="-8.049999999999997,-22.0,6.899999999999999" vel="0,0,0" mass="1" elasticityCoef="1" ang="90,0,0" color="0,220,0" radius="0.5" length="4" />
		<capsule pos="-8.049999999999997,-22.0,9.200000000000003" vel="0,0,0" mass="1" elasticityCoef="1" ang="90,0,0" color="0,220,0" radius="0.5" length="4" />
		<capsule pos="-8.049999999999997,-22.0,11.5" vel="0,0,0" mass="1" elasticityCoef="1" ang="90,0,0" color="0,220,0" radius="0.5" length="4" />
		<capsule pos="-8.049999999999997,-22.0,13.799999999999997" vel="0,0,0" mass="1" elasticityCoef="1" ang="90,0,0" color="0,220,0" radius="0.5" length="4" />
		<capsule pos="-8.049999999999997,-22.0,16.1" vel="0,0,0" mass="1" elasticityCoef="1" ang="90,0,0" color="0,220,0" radius="0.5" length="4" />
		<capsule pos="-8.049999999999997,-22.0,18.4" vel="0,0,0" mass="1" elasticityCoef="1" ang="90,0,0" color="0,220,0" radius="0.5" length="4" />
		<capsule pos="-8.049999999999997,-22.0,20.699999999999996" vel="0,0,0" mass="1" elasticityCoef="1" ang="90,0,0" color="0,220,0" radius="0.5" length="4" />
		<capsule pos="-8.049999999999997,-22.0,22.999999999999993" vel="0,0,0" mass="1" elasticityCoef="1" ang="90,0,0" color="0,220,0" radius="0.5" length="4" />
		<capsule pos="-8.049999999999997,-22.0,25.300000000000004" vel="0,0,0" mass="1" elasticityCoef="1" ang="90,0,0" color="0,220,0" radius="0.5" length="4" />
		<capsule pos="-8.049999999999997,-22.0,27.6" vel="0,0,0" mass="1" elasticityCoef="1" ang="90,0,0" color="0,220,0" radius="0.5" length="4" />
		<capsule pos="-8.049999999999997,-22.0,29.9" vel="0,0,0" mass="1" elasticityCoef="1" ang="90,0,0" color="0,220,0" radius="0.5" length="4" />
		<capsule pos="-8.049999999999997,-22.0,32.199999999999996" vel="0,0,0" mass="1" elasticityCoef="1" ang="90,0,0" color="0,220,0" radius="0.5" length="4" />
		<capsule pos="-8.049999999999997,-22.0,34.49999999999999" vel="0,0,0" mass="1" elasticityCoef="1" ang="90,0,0" color="0,220,0" radius="0.5" length="4" />
		<capsule pos="-8.049999999999997,-22.0,36.800000000000004" vel="0,0,0" mass="1" elasticityCoef="1" ang="90,0,0" color="0,220,0" radius="0.5" length="4" />
		<capsule pos="-8.049999999999997,-22.0,39.1" vel="0,0,0" mass="1" elasticityCoef="1" ang="90,0,0" color="0,220,0" radius="0.5" length="4" />
		<capsule pos="-8.049999999999997,-22.0,41.4" vel="0,0,0" mass="1" elasticityCoef="1" ang="90,0,0" color="0,220,0" radius="0.5" length="4" />
		<capsule pos="-8.049999999999997,-16.5,-43.699999999999996" vel="0,0,0" mass="1" elasticityCoef="1" ang="90,0,0" color="0,220,0" radius="0.5" length="4" />
		<capsule pos="-8.049999999999997,-16.5,-41.4" vel="0,0,0" mass="1" elasticityCoef="1" ang="90,0,0" color="0,220,0" radius="0.5" length="4" />
		<capsule pos="-8.049999999999997,-16.5,-39.099999999999994" vel="0,0,0" mass="1" elasticityCoef="1" ang="90,0,0" color="0,220,0" radius="0.5" length="4" />
		<capsule pos="-8.049999999999997,-16.5,-36.8" vel="0,0,0" mass="1" elasticityCoef="1" ang="90,0,0" color="0,220,0" radius="0.5" length="4" />
		<capsule pos="-8.049999999999997,-16.5,-34.5" vel="0,0,0" mass="1" elasticityCoef="1" ang="90,0,0" color="0,220,0" radius="0.5" length="4" />
		<capsule pos="-8.049999999999997,-16.5,-32.199999999999996" vel="0,0,0" mass="1" elasticityCoef="1" ang="90,0,0" color="0,220,0" radius="0.5" length="4" />
		<capsule pos="-8.049999999999997,-16.5,-29.9" vel="0,0,0" mass="1" elasticityCoef="1" ang="90,0,0" color="0,220,0" radius="0.5" length="4" />
		<capsule pos="-8.049999999999997,-16.5,-27.599999999999998" vel="0,0,0" mass="1" elasticityCoef="1" ang="90,0,0" color="0,220,0" radius="0.5" length="4" />
		<capsule pos="-8.049999999999997,-16.5,-25.299999999999997" vel="0,0,0" mass="1" elasticityCoef="1" ang="90,0,0" color="0,220,0" radius="0.5" length="4" />
		<capsule pos="-8.049999999999997,-16.5,-22.999999999999996" vel="0,0,0" mass="1" elasticityCoef="1" ang="90,0,0" color="0,220,0" radius="0.5" length="4" />
		<capsule pos="-8.049999999999997,-16.5,-20.699999999999996" vel="0,0,0" mass="1" elasticityCoef="1" ang="90,0,0" color="0,220,0" radius="0.5" length="4" />
		<capsule pos="-8.049999999999997,-16.5,-18.4" vel="0,0,0" mass="1" elasticityCoef="1" ang="90,0,0" color="0,220,0" radius="0.5" length="4" />
		<capsule pos="-8.049999999999997,-16.5,-16.099999999999998" vel="0,0,0" mass="1" elasticityCoef="1" ang="90,0,0" color="0,220,0" radius="0.5" length="4" />
		<capsule pos="-8.049999999999997,-16.5,-13.799999999999997" vel="0,0,0" mass="1" elasticityCoef="1" ang="90,0,0" color="0,220,0" radius="0.5" length="4" />
		<capsule pos="-8.049999999999997,-16.5,-11.5" vel="0,0,0" mass="1" elasticityCoef="1" ang="90,0,0" color="0,220,0" radius="0.5" length="4" />
		<capsule pos="-8.049999999999997,-16.5,-9.199999999999996" vel="0,0,0" mass="1" elasticityCoef="1" ang="90,0,0" color="0,220,0" radius="0.5" length="4" />
		<capsule pos="-8.049999999999997,-16.5,-6.899999999999999" vel="0,0,0" mass="1" elasticityCoef="1" ang="90,0,0" color="0,220,0" radius="0.5" length="4" />
		<capsule pos="-8.049999999999997,-16.5,-4.600000000000001" vel="0,0,0" mass="1" elasticityCoef="1" ang="90,0,0" color="0,220,0" radius="0.5" length="4" />
		<capsule pos="-8.049999999999997,-16.5,-2.299999999999997" vel="0,0,0" mass="1" elasticityCoef="1" ang="90,0,0" color="0,220,0" radius="0.5" length="4" />
		<capsule pos="-8.049999999999997,-16.5,0.0" vel="0,0,0" mass="1" elasticityCoef="1" ang="90,0,0" color="0,220,0" radius="0.5" length="4" />
		<capsule pos="-8.049999999999997,-16.5,2.3000000000000043" vel="0,0,0" mass="1" elasticityCoef="1" ang="90,0,0" color="0,220,0" radius="0.5" length="4" />
		<capsule pos="-8.049999999999997,-16.5,4.600000000000001" vel="0,0,0" mass="1" elasticityCoef="1" ang="90,0,0" color="0,220,0" radius="0.5" length="4" />
		<capsule pos="-8.049999999999997,-16.5,6.899999999999999" vel="0,0,0" mass="1" elasticityCoef="1" ang="90,0,0" color="0,220,0" radius="0.5" length="4" />
		<capsule pos="-8.049999999999997,-16.5,9.200000000000003" vel="0,0,0" mass="1" elasticityCoef="1" ang="90,0,0" color="0,220,0" radius="0.5" length="4" />
		<capsule pos="-8.049999999999997,-16.5,11.5" vel="0,0,0" mass="1" elasticityCoef="1" ang="90,0,0" color="0,220,0" radius="0.5" length="4" />
		<capsule pos="-8.049999999999997,-16.5,13.799999999999997" vel="0,0,0" mass="1" elasticityCoef="1" ang="90,0,0" color="0,220,0" radius="0.5" length="4" />
		<capsule pos="-8.049999999999997,-16.5,16.1" vel="0,0,0" mass="1" elasticityCoef="1" ang="90,0,0" color="0,220,0" radius="0.5" length="4" />
		<capsule pos="-8.049999999999997,-16.5,18.4" vel="0,0,0" mass="1" elasticityCoef="1" ang="90,0,0" color="0,220,0" radius="0.5" length="4" />
		<capsule pos="-8.049999999999997,-16.5,20.699999999999996" vel="0,0,0" mass="1" elasticityCoef="1" ang="90,0,0" color="0,220,0" radius="0.5" length="4" />
		<capsule pos="-8.049999999999997,-16.5,22.999999999999993" vel="0,0,0" mass="1" elasticityCoef="1" ang="90,0,0" color="0,220,0" radius="0.5" length="4" />
		<capsule pos="-8.049999999999997,-16.5,25.300000000000004" vel="0,0,0" mass="1" elasticityCoef="1" ang="90,0,0" color="0,220,0" radius="0.5" length="4" />
		<capsule pos="-8.049999999999997,-16.5,27.6" vel="0,0,0" mass="1" elasticityCoef="1" ang="90,0,0" color="0,220,0" radius="0.5" length="4" />
		<capsule pos="-8.049999999999997,-16.5,29.9" vel="0,0,0" mass="1" elasticityCoef="1" ang="90,0,0" color="0,220,0" radius="0.5" length="4" />
		<capsule pos="-8.049999999999997,-16.5,32.199999999999996" vel="0,0,0" mass="1" elasticityCoef="1" ang="90,0,0" color="0,220,0" radius="0.5" length="4" />
		<capsule pos="-8.049999999999997,-16.5,34.49999999999999" vel="0,0,0" mass="1" elasticityCoef="1" ang="90,0,0" color="0,220,0" radius="0.5" length="4" />
		<capsule pos="-8.049999999999997,-16.5,36.800000000000004" vel="0,0,0" mass="1" elasticityCoef="1" ang="90,0,0" color="0,220,0" radius="0.5" length="4" />
		<capsule pos="-8.049999999999997,-16.5,39.1" vel="0,0,0" mass="1" elasticityCoef="1" ang="90,0,0" color="0,220,0" radius="0.5" length="4" />
		<capsule pos="-8.049999999999997,-16.5,41.4" vel="0,0,0" mass="1" elasticityCoef="1" ang="90,0,0" color="0,220,0" radius="0.5" length="4" />
		<capsule pos="-8.049999999999997,-11.0,-43.699999999999996" vel="0,0,0" mass="1" elasticityCoef="1" ang="90,0,0" color="0,220,0" radius="0.5" length="4" />
		<capsule pos="-8.049999999999997,-11.0,-41.4" vel="0,0,0" mass="1" elasticityCoef="1" ang="90,0,0" color="0,220,0" radius="0.5" length="4" />
		<capsule pos="-8.049999999999997,-11.0,-39.099999999999994" vel="0,0,0" mass="1" elasticityCoef="1" ang="90,0,0" color="0,220,0" radius="0.5" length="4" />
		<capsule pos="-8.049999999999997,-11.0,-36.8" vel="0,0,0" mass="1" elasticityCoef="1" ang="90,0,0" color="0,220,0" radius="0.5" length="4" />
		<capsule pos="-8.049999999999997,-11.0,-34.5" vel="0,0,0" mass="1" elasticityCoef="1" ang="90,0,0" color="0,220,0" radius="0.5" length="4" />
		<capsule pos="-8.049999999999997,-11.0,-32.199999999999996" vel="0,0,0" mass="1" elasticityCoef="1" ang="90,0,0" color="0,220,0" radius="0.5" length="4" />
		<capsule pos="-8.049999999999997,-11.0,-29.9" vel="0,0,0" mass="1" elasticityCoef="1" ang="90,0,0" color="0,220,0" radius="0.5" length="4" />
		<capsule pos="-8.049999999999997,-11.0,-27.599999999999998" vel="0,0,0" mass="1" elasticityCoef="1" ang="90,0,0" color="0,220,0" radius="0.5" length="4" />
		<capsule pos="-8.049999999999997,-11.0,-25.299999999999997" vel="0,0,0" mass="1" elasticityCoef="1" ang="90,0,0" color="0,220,0" radius="0.5" length="4" />
		<capsule pos="-8.049999999999997,-11.0,-22.999999999999996" vel="0,0,0" mass="1" elasticityCoef="1" ang="90,0,0" color="0,220,0" radius="0.5" length="4" />
		<capsule pos="-8.049999999999997,-11.0,-20.699999999999996" vel="0,0,0" mass="1" elasticityCoef="1" ang="90,0,0" color="0,220,0" radius="0.5" length="4" />
		<capsule pos="-8.049999999999997,-11.0,-18.4" vel="0,0,0" mass="1" elasticityCoef="1" ang="90,0,0" color="0,220,0" radius="0.5" length="4" />
		<capsule pos="-8.049999999999997,-11.0,-16.099999999999998" vel="0,0,0" mass="1" elasticityCoef="1" ang="90,0,0" color="0,220,0" radius="0.5" length="4" />
		<capsule pos="-8.049999999999997,-11.0,-13.799999999999997" vel="0,0,0" mass="1" elasticityCoef="1" ang="90,0,0" color="0,220,0" radius="0.5" length="4" />
		<capsule pos="-8.049999999999997,-11.0,-11.5" vel="0,0,0" mass="1" elasticityCoef="1" ang="90,0,0" color="0,220,0" radius="0.5" length="4" />
		<capsule pos="-8.049999999999997,-11.0,-9.199999999999996" vel="0,0,0" mass="1" elasticityCoef="1" ang="90,0,0" color="0,220,0" radius="0.5" length="4" />
		<capsule pos="-8.049999999999997,-11.0,-6.899999999999999" vel="0,0,0" mass="1" elasticityCoef="1" ang="90,0,0" color="0,220,0" radius="0.5" length="4" />
		<capsule pos="-8.049999999999997,-11.0,-4.600000000000001" vel="0,0,0" mass="1" elasticityCoef="1" ang="90,0,0" color="0,220,0" radius="0.5" length="4" />
		<capsule pos="-8.049999999999997,-11.0,-2.299999999999997" vel="0,0,0" mass="1" elasticityCoef="1" ang="90,0,0" color="0,220,0" radius="0.5" length="4" />
		<capsule pos="-8.049999999999997,-11.0,0.0" vel="0,0,0" mass="1" elasticityCoef="1" ang="90,0,0" color="0,220,0" radius="0.5" length="4" />
		<capsule pos="-8.049999999999997,-11.0,2.3000000000000043" vel="0,0,0" mass="1" elasticityCoef="1" ang="90,0,0" color="0,220,0" radius="0.5" length="4" />
		<capsule pos="-8.049999999999997,-11.0,4.600000000000001" vel="0,0,0" mass="1" elasticityCoef="1" ang="90,0,0" color="0,220,0" radius="0.5" length="4" />
		<capsule pos="-8.049999999999997,-11.0,6.899999999999999" vel="0,0,0" mass="1" elasticityCoef="1" ang="90,0,0" color="0,220,0" radius="0.5" length="4" />
		<capsule pos="-8.049999999999997,-11.0,9.200000000000003" vel="0,0,0" mass="1" elasticityCoef="1" ang="90,0,0" color="0,220,0" radius="0.5" length="4" />
		<capsule pos="-8.049999999999997,-11.0,11.5" vel="0,0,0" mass="1" elasticityCoef="1" ang="90,0,0" color="0,220,0" radius="0.5" length="4" />
		<capsule pos="-8.049999999999997,-11.0,13.799999999999997" vel="0,0,0" mass="1" elasticityCoef="1" ang="90,0,0" color="0,220,0" radius="0.5" length="4" />
		<capsule pos="-8.049999999999997,-11.0,16.1" vel="0,0,0" mass="1" elasticityCoef="1" ang="90,0,0" color="0,220,0" radius="0.5" length="4" />
		<capsule pos="-8.049999999999997,-11.0,18.4" vel="0,0,0" mass="1" elasticityCoef="1" ang="90,0,0" color="0,220,0" radius="0.5" length="4" />
		<capsule pos="-8.049999999999997,-11.0,20.699999999999996" vel="0,0,0" mass="1" elasticityCoef="1" ang="90,0,0" color="0,220,0" radius="0.5" length="4" />
		<capsule pos="-8.049999999999997,-11.0,22.999999999999993" vel="0,0,0" mass="1" elasticityCoef="1" ang="90,0,0" color="0,220,0" radius="0.5" length="4" />
		<capsule pos="-8.049999999999997,-11.0,25.300000000000004" vel="0,0,0" mass="1" elasticityCoef="1" ang="90,0,0" color="0,220,0" radius="0.5" length="4" />
		<capsule pos="-8.049999999999997,-11.0,27.6" vel="0,0,0" mass="1" elasticityCoef="1" ang="90,0,0" color="0,220,0" radius="0.5" length="4" />
		<capsule pos="-8.049999999999997,-11.0,29.9" vel="0,0,0" mass="1" elasticityCoef="1" ang="90,0,0" color="0,220,0" radius="0.5" length="4" />
		<capsule pos="-8.049999999999997,-11.0,32.199999999999996" vel="0,0,0" mass="1" elasticityCoef="1" ang="90,0,0" color="0,220,0" radius="0.5" length="4" />
		<capsule pos="-8.049999999999997,-11.0,34.49999999999999" vel="0,0,0" mass="1" elasticityCoef="1" ang="90,0,0" color="0,220,0" radius="0.5" length="4" />
		<capsule pos="-8.049999999999997,-11.0,36.800000000000004" vel="0,0,0" mass="1" elasticityCoef="1" ang="90,0,0" color="0,220,0" radius="0.5" length="4" />
		<capsule pos="-8.049999999999997,-11.0,39.1" vel="0,0,0" mass="1" elasticityCoef="1" ang="90,0,0" color="0,220,0" radius="0.5" length="4" />
		<capsule pos="-8.049999999999997,-11.0,41.4" vel="0,0,0" mass="1" elasticityCoef="1" ang="90,0,0" color="0,220,0" radius="0.5" length="4" />
		<capsule pos="-8.049999999999997,-5.5,-43.699999999999996" vel="0,0,0" mass="1" elasticityCoef="1" ang="90,0,0" color="0,220,0" radius="0.5" length="4" />
		<capsule pos="-8.049999999999997,-5.5,-41.4" vel="0,0,0" mass="1" elasticityCoef="1" ang="90,0,0" color="0,220,0" radius="0.5" length="4" />
		<capsule pos="-8.049999999999997,-5.5,-39.099999999999994" vel="0,0,0" mass="1" elasticityCoef="1" ang="90,0,0" color="0,220,0" radius="0.5" length="4" />
		<capsule pos="-8.049999999999997,-5.5,-36.8" vel="0,0,0" mass="1" elasticityCoef="1" ang="90,0,0" color="0,220,0" radius="0.5" length="4" />
		<capsule pos="-8.049999999999997,-5.5,-34.5" vel="0,0,0" mass="1" elasticityCoef="1" ang="90,0,0" color="0,220,0" radius="0.5" length="4" />
		<capsule pos="-8.049999999999997,-5.5,-32.199999999999996" vel="0,0,0" mass="1" elasticityCoef="1" ang="90,0,0" color="0,220,0" radius="0.5" length="4" />
		<capsule pos="-8.049999999999997,-5.5,-29.9" vel="0,0,0" mass="1" elasticityCoef="1" ang="90,0,0" color="0,220,0" radius="0.5" length="4" />
		<capsule pos="-8.049999999999997,-5.5,-27.599999999999998" vel="0,0,0" mass="1" elasticityCoef="1" ang="90,0,0" color="0,220,0" radius="0.5" length="4" />
		<capsule pos="-8.049999999999997,-5.5,-25.299999999999997" vel="0,0,0" mass="1" elasticityCoef="1" ang="90,0,0" color="0,220,0" radius="0.5" length="4" />
		<capsule pos="-8.049999999999997,-5.5,-22.999999999999996" vel="0,0,0" mass="1" elasticityCoef="1" ang="90,0,0" color="0,220,0" radius="0.5" length="4" />
		<capsule pos="-8.049999999999997,-5.5,-20.699999999999996" vel="0,0,0" mass="1" elasticityCoef="1" ang="90,0,0" color="0,220,0" radius="0.5" length="4" />
		<capsule pos="-8.049999999999997,-5.5,-18.4" vel="0,0,0" mass="1" elasticityCoef="1" ang="90,0,0" color="0,220,0" radius="0.5" length="4" />
		<capsule pos="-8.049999999999997,-5.5,-16.099999999999998" vel="0,0,0" mass="1" elasticityCoef="1" ang="90,0,0" color="0,220,0" radius="0.5" length="4" />
		<capsule pos="-8.049999999999997,-5.5,-13.799999999999997" vel="0,0,0" mass="1" elasticityCoef="1" ang="90,0,0" color="0,220,0" radius="0.5" length="4" />
		<capsule pos="-8.049999999999997,-5.5,-11.5" vel="0,0,0" mass="1" elasticityCoef="1" ang="90,0,0" color="0,220,0" radius="0.5" length="4" />
		<capsule pos="-8.049999999999997,-5.5,-9.199999999999996" vel="0,0,0" mass="1" elasticityCoef="1" ang="90,0,0" color="0,220,0" radius="0.5" length="4" />
		<capsule pos="-8.049999999999997,-5.5,-6.899999999999999" vel="0,0,0" mass="1" elasticityCoef="1" ang="90,0,0" color="0,220,0" radius="0.5" length="4" />
		<capsule pos="-8.049999999999997,-5.5,-4.600000000000001" vel="0,0,0" mass="1" elasticityCoef="1" ang="90,0,0" color="0,220,0" radius="0.5" length="4" />
		<capsule pos="-8.049999999999997,-5.5,-2.299999999999997" vel="0,0,0" mass="1" elasticityCoef="1" ang="90,0,0" color="0,220,0" radius="0.5" length="4" />
		<capsule pos="-8.049999999999997,-5.5,0.0" vel="0,0,0" mass="1" elasticityCoef="1" ang="90,0,0" color="0,220,0" radius="0.5" length="4" />
		<capsule pos="-8.049999999999997,-5.5,2.3000000000000043" vel="0,0,0" mass="1" elasticityCoef="1" ang="90,0,0" color="0,220,0" radius="0.5" length="4" />
		<capsule pos="-8.049999999999997,-5.5,4.600000000000001" vel="0,0,0" mass="1" elasticityCoef="1" ang="90,0,0" color="0,220,0" radius="0.5" length="4" />
		<capsule pos="-8.049999999999997,-5.5,6.899999999999999" vel="0,0,0" mass="1" elasticityCoef="1" ang="90,0,0" color="0,220,0" radius="0.5" length="4" />
		<capsule pos="-8.049999999999997,-5.5,9.200000000000003" vel="0,0,0" mass="1" elasticityCoef="1" ang="90,0,0" color="0,220,0" radius="0.5" length="4" />
		<capsule pos="-8.049999999999997,-5.5,11.5" vel="0,0,0" mass="1" elasticityCoef="1" ang="90,0,0" color="0,220,0" radius="0.5" length="4" />
		<capsule pos="-8.049999999999997,-5.5,13.799999999999997" vel="0,0,0" mass="1" elasticityCoef="1" ang="90,0,0" color="0,220,0" radius="0.5" length="4" />
		<capsule pos="-8.049999999999997,-5.5,16.1" vel="0,0,0" mass="1" elasticityCoef="1" ang="90,0,0" color="0,220,0" radius="0.5" length="4" />
		<capsule pos="-8.049999999999997,-5.5,18.4" vel="0,0,0" mass="1" elasticityCoef="1" ang="90,0,0" color="0,220,0" radius="0.5" length="4" />
		<capsule pos="-8.049999999999997,-5.5,20.699999999999996" vel="0,0,0" mass="1" elasticityCoef="1" ang="90,0,0" color="0,220,0" radius="0.5" length="4" />
		<capsule pos="-8.049999999999997,-5.5,22.999999999999993" vel="0,0,0" mass="1" elasticityCoef="1" ang="90,0,0" color="0,220,0" radius="0.5" length="4" />
		<capsule pos="-8.049999999999997,-5.5,25.300000000000004" vel="0,0,0" mass="1" elasticityCoef="1" ang="90,0,0" color="0,220,0" radius="0.5" length="4" />
		<capsule pos="-8.049999999999997,-5.5,27.6" vel="0,0,0" mass="1" elasticityCoef="1" ang="90,0,0" color="0,220,0" radius="0.5" length="4" />
		<capsule pos="-8.049999999999997,-5.5,29.9" vel="0,0,0" mass="1" elasticityCoef="1" ang="90,0,0" color="0,220,0" radius="0.5" length="4" />
		<capsule pos="-8.049999999999997,-5.5,32.199999999999996" vel="0,0,0" mass="1" elasticityCoef="1" ang="90,0,0" color="0,220,0" radius="0.5" length="4" />
		<capsule pos="-8.049999999999997,-5.5,34.49999999999999" vel="0,0,0" mass="1" elasticityCoef="1" ang="90,0,0" color="0,220,0" radius="0.5" length="4" />
		<capsule pos="-8.049999999999997,-5.5,36.800000000000004" vel="0,0,0" mass="1" elasticityCoef="1" ang="90,0,0" color="0,220,0" radius="0.5" length="4" />
		<capsule pos="-8.049999999999997,-5.5,39.1" vel="0,0,0" mass="1" elasticityCoef="1" ang="90,0,0" color="0,220,0" radius="0.5" length="4" />
		<capsule pos="-8.049999999999997,-5.5,41.4" vel="0,0,0" mass="1" elasticityCoef="1" ang="90,0,0" color="0,220,0" radius="0.5" length="4" />
		<capsule pos="-8.049999999999997,0.0,-43.699999999999996" vel="0,0,0" mass="1" elasticityCoef="1" ang="90,0,0" color="0,220,0" radius="0.5" length="4" />
		<capsule pos="-8.049999999999997,0.0,-41.4" vel="0,0,0" mass="1" elasticityCoef="1" ang="90,0,0" color="0,220,0" radius="0.5" length="4" />
		<capsule pos="-8.049999999999997,0.0,-39.099999999999994" vel="0,0,0" mass="1" elasticityCoef="1" ang="90,0,0" color="0,220,0" radius="0.5" length="4" />
		<capsule pos="-8.049999999999997,0.0,-36.8" vel="0,0,0" mass="1" elasticityCoef="1" ang="90,0,0" color="0,220,0" radius="0.5" length="4" />
		<capsule pos="-8.049999999999997,0.0,-34.5" vel="0,0,0" mass="1" elasticityCoef="1" ang="90,0,0" color="0,220,0" radius="0.5" length="4" />
		<capsule pos="-8.049999999999997,0.0,-32.199999999999996" vel="0,0,0" mass="1" elasticityCoef="1" ang="90,0,0" color="0,220,0" radius="0.5" length="4" />
		<capsule pos="-8.049999999999997,0.0,-29.9" vel="0,0,0" mass="1" elasticityCoef="1" ang="90,0,0" color="0,220,0" radius="0.5" length="4" />
		<capsule pos="-8.049999999999997,0.0,-27.599999999999998" vel="0,0,0" mass="1" elasticityCoef="1" ang="90,0,0" color="0,220,0" radius="0.5" length="4" />
		<capsule pos="-8.049999999999997,0.0,-25.299999999999997" vel="0,0,0" mass="1" elasticityCoef="1" ang="90,0,0" color="0,220,0" radius="0.5" length="4" />
		<capsule pos="-8.049999999999997,0.0,-22.999999999999996" vel="0,0,0" mass="1" elasticityCoef="1" ang="90,0,0" color="0,220,0" radius="0.5" length="4" />
		<capsule pos="-8.049999999999997,0.0,-20.699999999999996" vel="0,0,0" mass="1" elasticityCoef="1" ang="90,0,0" color="0,220,0" radius="0.5" length="4" />
		<capsule pos="-8.049999999999997,0.0,-18.4" vel="0,0,0" mass="1" elasticityCoef="1" ang="90,0,0" color="0,220,0" radius="0.5" length="4" />
		<capsule pos="-8.049999999999997,0.0,-16.099999999999998" vel="0,0,0" mass="1" elasticityCoef="1" ang="90,0,0" color="0,220,0" radius="0.5" length="4" />
		<capsule pos="-8.049999999999997,0.0,-13.799999999999997" vel="0,0,0" mass="1" elasticityCoef="1" ang="90,0,0" color="0,220,0" radius="0.5" length="4" />
		<capsule pos="-8.049999999999997,0.0,-11.5" vel="0,0,0" mass="1" elasticityCoef="1" ang="90,0,0" color="0,220,0" radius="0.5" length="4" />
		<capsule pos="-8.049999999999997,0.0,-9.199999999999996" vel="0,0,0" mass="1" elasticityCoef="1" ang="90,0,0" color="0,220,0" radius="0.5" length="4" />
		<capsule pos="-8.049999999999997,0.0,-6.899999999999999" vel="0,0,0" mass="1" elasticityCoef="1" ang="90,0,0" color="0,220,0" radius="0.5" length="4" />
		<capsule pos="-8.049999999999997,0.0,-4.600000000000001" vel="0,0,0" mass="1" elasticityCoef="1" ang="90,0,0" color="0,220,0" radius="0.5" length="4" />
		<capsule pos="-8.049999999999997,0.0,-2.299999999999997" vel="0,0,0" mass="1" elasticityCoef="1" ang="90,0,0" color="0,220,0" radius="0.5" length="4" />
		<capsule pos="-8.049999999999997,0.0,0.0" vel="0,0,0" mass="1" elasticityCoef="1" ang="90,0,0" color="0,220,0" radius="0.5" length="4" />
		<capsule pos="-8.049999999999997,0.0,2.3000000000000043" vel="0,0,0" mass="1" elasticityCoef="1" ang="90,0,0" color="0,220,0" radius="0.5" length="4" />
		<capsule pos="-8.049999999999997,0.0,4.600000000000001" vel="0,0,0" mass="1" elasticityCoef="1" ang="90,0,0" color="0,220,0" radius="0.5" length="4" />
		<capsule pos="-8.049999999999997,0.0,6.899999999999999" vel="0,0,0" mass="1" elasticityCoef="1" ang="90,0,0" color="0,220,0" radius="0.5" length="4" />
		<capsule pos="-8.049999999999997,0.0,9.200000000000003" vel="0,0,0" mass="1" elasticityCoef="1" ang="90,0,0" color="0,220,0" radius="0.5" length="4" />
		<capsule pos="-8.049999999999997,0.0,11.5" vel="0,0,0" mass="1" elasticityCoef="1" ang="90,0,0" color="0,220,0" radius="0.5" length="4" />
		<capsule pos="-8.049999999999997,0.0,13.799999999999997" vel="0,0,0" mass="1" elasticityCoef="1" ang="90,0,0" color="0,220,0" radius="0.5" length="4" />
		<capsule pos="-8.049999999999997,0.0,16.1" vel="0,0,0" mass="1" elasticityCoef="1" ang="90,0,0" color="0,220,0" radius="0.5" length="4" />
		<capsule pos="-8.049999999999997,0.0,18.4" vel="0,0,0" mass="1" elasticityCoef="1" ang="90,0,0" color="0,220,0" radius="0.5" length="4" />
		<capsule pos="-8.049999999999997,0.0,20.699999999999996" vel="0,0,0" mass="1" elasticityCoef="1" ang="90,0,0" color="0,220,0" radius="0.5" length="4" />
		<capsule pos="-8.049999999999997,0.0,22.999999999999993" vel="0,0,0" mass="1" elasticityCoef="1" ang="90,0,0" color="0,220,0" radius="0.5" length="4" />
		<capsule pos="-8.049999999999997,0.0,25.300000000000004" vel="0,0,0" mass="1" elasticityCoef="1" ang="90,0,0" color="0,220,0" radius="0.5" length="4" />
		<capsule pos="-8.049999999999997,0.0,27.6" vel="0,0,0" mass="1" elasticityCoef="1" ang="90,0,0" color="0,220,0" radius="0.5" length="4" />
		<capsule pos="-8.049999999999997,0.0,29.9" vel="0,0,0" mass="1" elasticityCoef="1" ang="90,0,0" color="0,220,0" radius="0.5" length="4" />
		<capsule pos="-8.049999999999997,0.0,32.199999999999996" vel="0,0,0" mass="1" elasticityCoef="1" ang="90,0,0" color="0,220,0" radius="0.5" length="4" />
		<capsule pos="-8.049999999999997,0.0,34.49999999999999" vel="0,0,0" mass="1" elasticityCoef="1" ang="90,0,0" color="0,220,0" radius="0.5" length="4" />
		<capsule pos="-8.049999999999997,0.0,36.800000000000004" vel="0,0,0" mass="1" elasticityCoef="1" ang="90,0,0" color="0,220,0" radius="0.5" length="4" />
		<capsule pos="-8.049999999999997,0.0,39.1" vel="0,0,0" mass="1" elasticityCoef="1" ang="90,0,0" color="0,220,0" radius="0.5" length="4" />
		<capsule pos="-8.049999999999997,0.0,41.4" vel="0,0,0" mass="1" elasticityCoef="1" ang="90,0,0" color="0,220,0" radius="0.5" length="4" />
		<capsule pos="-8.049999999999997,5.5,-43.699999999999996" vel="0,0,0" mass="1" elasticityCoef="1" ang="90,0,0" color="0,220,0" radius="0.5" length="4" />
		<capsule pos="-8.049999999999997,5.5,-41.4" vel="0,0,0" mass="1" elasticityCoef="1" ang="90,0,0" color="0,220,0" radius="0.5" length="4" />
		<capsule pos="-8.049999999999997,5.5,-39.099999999999994" vel="0,0,0" mass="1" elasticityCoef="1" ang="90,0,0" color="0,220,0" radius="0.5" length="4" />
		<capsule pos="-8.049999999999997,5.5,-36.8" vel="0,0,0" mass="1" elasticityCoef="1" ang="90,0,0" color="0,220,0" radius="0.5" length="4" />
		<capsule pos="-8.049999999999997,5.5,-34.5" vel="0,0,0" mass="1" elasticityCoef="1" ang="90,0,0" color="0,220,0" radius="0.5" length="4" />
		<capsule pos="-8.049999999999997,5.5,-32.199999999999996" vel="0,0,0" mass="1" elasticityCoef="1" ang="90,0,0" color="0,220,0" radius="0.5" length="4" />
		<capsule pos="-8.049999999999997,5.5,-29.9" vel="0,0,0" mass="1" elasticityCoef="1" ang="90,0,0" color="0,220,0" radius="0.5" length="4" />
		<capsule pos="-8.049999999999997,5.5,-27.599999999999998" vel="0,0,0" mass="1" elasticityCoef="1" ang="90,0,0" color="0,220,0" radius="0.5" length="4" />
		<capsule pos="-8.049999999999997,5.5,-25.299999999999997" vel="0,0,0" mass="1" elasticityCoef="1" ang="90,0,0" color="0,220,0" radius="0.5" length="4" />
		<capsule pos="-8.049999999999997,5.5,-22.999999999999996" vel="0,0,0" mass="1" elasticityCoef="1" ang="90,0,0" color="0,220,0" radius="0.5" length="4" />
		<capsule pos="-8.049999999999997,5.5,-20.699999999999996" vel="0,0,0" mass="1" elasticityCoef="1" ang="90,0,0" color="0,220,0" radius="0.5" length="4" />
		<capsule pos="-8.049999999999997,5.5,-18.4" vel="0,0,0" mass="1" elasticityCoef="1" ang="90,0,0" color="0,220,0" radius="0.5" length="4" />
		<capsule pos="-8.049999999999997,5.5,-16.099999999999998" vel="0,0,0" mass="1" elasticityCoef="1" ang="90,0,0" color="0,220,0" radius="0.5" length="4" />
		<capsule pos="-8.049999999999997,5.5,-13.799999999999997" vel="0,0,0" mass="1" elasticityCoef="1" ang="90,0,0" color="0,220,0" radius="0.5" length="4" />
		<capsule pos="-8.049999999999997,5.5,-11.5" vel="0,0,0" mass="1" elasticityCoef="1" ang="90,0,0" color="0,220,0" radius="0.5" length="4" />
		<capsule pos="-8.049999999999997,5.5,-9.199999999999996" vel="0,0,0" mass="1" elasticityCoef="1" ang="90,0,0" color="0,220,0" radius="0.5" length="4" />
		<capsule pos="-8.049999999999997,5.5,-6.899999999999999" vel="0,0,0" mass="1" elasticityCoef="1" ang="90,0,0" color="0,220,0" radius="0.5" length="4" />
		<capsule pos="-8.049999999999997,5.5,-4.600000000000001" vel="0,0,0" mass="1" elasticityCoef="1" ang="90,0,0" color="0,220,0" radius="0.5" length="4" />
		<capsule pos="-8.049999999999997,5.5,-2.299999999999997" vel="0,0,0" mass="1" elasticityCoef="1" ang="90,0,0" color="0,220,0" radius="0.5" length="4" />
		<capsule pos="-8.049999999999997,5.5,0.0" vel="0,0,0" mass="1" elasticityCoef="1" ang="90,0,0" color="0,220,0" radius="0.5" length="4" />
		<capsule pos="-8.049999999999997,5.5,2.3000000000000043" vel="0,0,0" mass="1" elasticityCoef="1" ang="90,0,0" color="0,220,0" radius="0.5" length="4" />
		<capsule pos="-8.049999999999997,5.5,4.600000000000001" vel="0,0,0" mass="1" elasticityCoef="1" ang="90,0,0" color="0,220,0" radius="0.5" length="4" />
		<capsule pos="-8.049999999999997,5.5,6.899999999999999" vel="0,0,0" mass="1" elasticityCoef="1" ang="90,0,0" color="0,220,0" radius="0.5" length="4" />
		<capsule pos="-8.049999999999997,5.5,9.200000000000003" vel="0,0,0" mass="1" elasticityCoef="1" ang="90,0,0" color="0,220,0" radius="0.5" length="4" />
		<capsule pos="-8.049999999999997,5.5,11.5" vel="0,0,0" mass="1" elasticityCoef="1" ang="90,0,0" color="0,220,0" radius="0.5" length="4" />
		<capsule pos="-8.049999999999997,5.5,13.799999999999997" vel="0,0,0" mass="1" elasticityCoef="1" ang="90,0,0" color="0,220,0" radius="0.5" length="4" />
		<capsule pos="-8.049999999999997,5.5,16.1" vel="0,0,0" mass="1" elasticityCoef="1" ang="90,0,0" color="0,220,0" radius="0.5" length="4" />
		<capsule pos="-8.049999999999997,5.5,18.4" vel="0,0,0" mass="1" elasticityCoef="1" ang="90,0,0" color="0,220,0" radius="0.5" length="4" />
		<capsule pos="-8.049999999999997,5.5,20.699999999999996" vel="0,0,0" mass="1" elasticityCoef="1" ang="90,0,0" color="0,220,0" radius="0.5" length="4" />
		<capsule pos="-8.049999999999997,5.5,22.999999999999993" vel="0,0,0" mass="1" elasticityCoef="1" ang="90,0,0" color="0,220,0" radius="0.5" length="4" />
		<capsule pos="-8.049999999999997,5.5,25.300000000000004" vel="0,0,0" mass="1" elasticityCoef="1" ang="90,0,0" color="0,220,0" radius="0.5" length="4" />
		<capsule pos="-8.049999999999997,5.5,27.6" vel="0,0,0" mass="1" elasticityCoef="1" ang="90,0,0" color="0,220,0" radius="0.5" length="4" />
		<capsule pos="-8.049999999999997,5.5,29.9" vel="0,0,0" mass="1" elasticityCoef="1" ang="90,0,0" color="0,220,0" radius="0.5" length="4" />
		<capsule pos="-8.049999999999997,5.5,32.199999999999996" vel="0,0,0" mass="1" elasticityCoef="1" ang="90,0,0" color="0,220,0" radius="0.5" length="4" />
		<capsule pos="-8.049999999999997,5.5,34.49999999999999" vel="0,0,0" mass="1" elasticityCoef="1" ang="90,0,0" color="0,220,0" radius="0.5" length="4" />
		<capsule pos="-8.049999999999997,5.5,36.800000000000004" vel="0,0,0" mass="1" elasticityCoef="1" ang="90,0,0" color="0,220,0" radius="0.5" length="4" />
		<capsule pos="-8.049999999999997,5.5,39.1" vel="0,0,0" mass="1" elasticityCoef="1" ang="90,0,0" color="0,220,0" radius="0.5" length="4" />
		<capsule pos="-8.049999999999997,5.5,41.4" vel="0,0,0" mass="1" elasticityCoef="1" ang="90,0,0" color="0,220,0" radius="0.5" length="4" />
		<capsule pos="-8.049999999999997,11.0,-43.699999999999996" vel="0,0,0" mass="1" elasticityCoef="1" ang="90,0,0" color="0,220,0" radius="0.5" length="4" />
		<capsule pos="-8.049999999999997,11.0,-41.4" vel="0,0,0" mass="1" elasticityCoef="1" ang="90,0,0" color="0,220,0" radius="0.5" length="4" />
		<capsule pos="-8.049999999999997,11.0,-39.099999999999994" vel="0,0,0" mass="1" elasticityCoef="1" ang="90,0,0" color="0,220,0" radius="0.5" length="4" />
		<capsule pos="-8.049999999999997,11.0,-36.8" vel="0,0,0" mass="1" elasticityCoef="1" ang="90,0,0" color="0,220,0" radius="0.5" length="4" />
		<capsule pos="-8.049999999999997,11.0,-34.5" vel="0,0,0" mass="1" elasticityCoef="1" ang="90,0,0" color="0,220,0" radius="0.5" length="4" />
		<capsule pos="-8.049999999999997,11.0,-32.199999999999996" vel="0,0,0" mass="1" elasticityCoef="1" ang="90,0,0" color="0,220,0" radius="0.5" length="4" />
		<capsule pos="-8.049999999999997,11.0,-29.9" vel="0,0,0" mass="1" elasticityCoef="1" ang="90,0,0" color="0,220,0" radius="0.5" length="4" />
		<capsule pos="-8.049999999999997,11.0,-27.599999999999998" vel="0,0,0" mass="1" elasticityCoef="1" ang="90,0,0" color="0,220,0" radius="0.5" length="4" />
		<capsule pos="-8.049999999999997,11.0,-25.299999999999997" vel="0,0,0" mass="1" elasticityCoef="1" ang="90,0,0" color="0,220,0" radius="0.5" length="4" />
		<capsule pos="-8.049999999999997,11.0,-22.999999999999996" vel="0,0,0" mass="1" elasticityCoef="1" ang="90,0,0" color="0,220,0" radius="0.5" length="4" />
		<capsule pos="-8.049999999999997,11.0,-20.699999999999996" vel="0,0,0" mass="1" elasticityCoef="1" ang="90,0,0" color="0,220,0" radius="0.5" length="4" />
		<capsule pos="-8.049999999999997,11.0,-18.4" vel="0,0,0" mass="1" elasticityCoef="1" ang="90,0,0" color="0,220,0" radius="0.5" length="4" />
		<capsule pos="-8.049999999999997,11.0,-16.099999999999998" vel="0,0,0" mass="1" elasticityCoef="1" ang="90,0,0" color="0,220,0" radius="0.5" length="4" />
		<capsule pos="-8.049999999999997,11.0,-13.799999999999997" vel="0,0,0" mass="1" elasticityCoef="1" ang="90,0,0" color="0,220,0" radius="0.5" length="4" />
		<capsule pos="-8.049999999999997,11.0,-11.5" vel="0,0,0" mass="1" elasticityCoef="1" ang="90,0,0" color="0,220,0" radius="0.5" length="4" />
		<capsule pos="-8.049999999999997,11.0,-9.199999999999996" vel="0,0,0" mass="1" elasticityCoef="1" ang="90,0,0" color="0,220,0" radius="0.5" length="4" />
		<capsule pos="-8.049999999999997,11.0,-6.899999999999999" vel="0,0,0" mass="1" elasticityCoef="1" ang="90,0,0" color="0,220,0" radius="0.5" length="4" />
		<capsule pos="-8.049999999999997,11.0,-4.600000000000001" vel="0,0,0" mass="1" elasticityCoef="1" ang="90,0,0" color="0,220,0" radius="0.5" length="4" />
		<capsule pos="-8.049999999999997,11.0,-2.299999999999997" vel="0,0,0" mass="1" elasticityCoef="1" ang="90,0,0" color="0,220,0" radius="0.5" length="4" />
		<capsule pos="-8.049999999999997,11.0,0.0" vel="0,0,0" mass="1" elasticityCoef="1" ang="90,0,0" color="0,220,0" radius="0.5" length="4" />
		<capsule pos="-8.049999999999997,11.0,2.3000000000000043" vel="0,0,0" mass="1" elasticityCoef="1" ang="90,0,0" color="0,220,0" radius="0.5" length="4" />
		<capsule pos="-8.049999999999997,11.0,4.600000000000001" vel="0,0,0" mass="1" elasticityCoef="1" ang="90,0,0" color="0,220,0" radius="0.5" length="4" />
		<capsule pos="-8.049999999999997,11.0,6.899999999999999" vel="0,0,0" mass="1" elasticityCoef="1" ang="90,0,0" color="0,220,0" radius="0.5" length="4" />
		<capsule pos="-8.049999999999997,11.0,9.200000000000003" vel="0,0,0" mass="1" elasticityCoef="1" ang="90,0,0" color="0,220,0" radius="0.5" length="4" />
		<capsule pos="-8.049999999999997,11.0,11.5" vel="0,0,0" mass="1" elasticityCoef="1" ang="90,0,0" color="0,220,0" radius="0.5" length="4" />
		<capsule pos="-8.049999999999997,11.0,13.799999999999997" vel="0,0,0" mass="1" elasticityCoef="1" ang="90,0,0" color="0,220,0" radius="0.5" length="4" />
		<capsule pos="-8.049999999999997,11.0,16.1" vel="0,0,0" mass="1" elasticityCoef="1" ang="90,0,0" color="0,220,0" radius="0.5" length="4" />
		<capsule pos="-8.049999999999997,11.0,18.4" vel="0,0,0" mass="1" elasticityCoef="1" ang="90,0,0" color="0,220,0" radius="0.5" length="4" />
		<capsule pos="-8.049999999999997,11.0,20.699999999999996" vel="0,0,0" mass="1" elasticityCoef="1" ang="90,0,0" color="0,220,0" radius="0.5" length="4" />
		<capsule pos="-8.049999999999997,11.0,22.999999999999993" vel="0,0,0" mass="1" elasticityCoef="1" ang="90,0,0" color="0,220,0" radius="0.5" length="4" />
		<capsule pos="-8.049999999999997,11.0,25.300000000000004" vel="0,0,0" mass="1" elasticityCoef="1" ang="90,0,0" color="0,220,0" radius="0.5" length="4" />
		<capsule pos="-8.049999999999997,11.0,27.6" vel="0,0,0" mass="1" elasticityCoef="1" ang="90,0,0" color="0,220,0" radius="0.5" length="4" />
		<capsule pos="-8.049999999999997,11.0,29.9" vel="0,0,0" mass="1" elasticityCoef="1" ang="90,0,0" color="0,220,0" radius="0.5" length="4" />
		<capsule pos="-8.049999999999997,11.0,32.199999999999996" vel="0,0,0" mass="1" elasticityCoef="1" ang="90,0,0" color="0,220,0" radius="0.5" length="4" />
		<capsule pos="-8.049999999999997,11.0,34.49999999999999" vel="0,0,0" mass="1" elasticityCoef="1" ang="90,0,0" color="0,220,0" radius="0.5" length="4" />
		<capsule pos="-8.049999999999997,11.0,36.800000000000004" vel="0,0,0" mass="1" elasticityCoef="1" ang="90,0,0" color="0,220,0" radius="0.5" length="4" />
		<capsule pos="-8.049999999999997,11.0,39.1" vel="0,0,0" mass="1" elasticityCoef="1" ang="90,0,0" color="0,220,0" radius="0.5" length="4" />
		<capsule pos="-8.049999999999997,11.0,41.4" vel="0,0,0" mass="1" elasticityCoef="1" ang="90,0,0" color="0,220,0" radius="0.5" length="4" />
		<capsule pos="-8.049999999999997,16.5,-43.699999999999996" vel="0,0,0" mass="1" elasticityCoef="1" ang="90,0,0" color="0,220,0" radius="0.5" length="4" />
		<capsule pos="-8.049999999999997,16.5,-41.4" vel="0,0,0" mass="1" elasticityCoef="1" ang="90,0,0" color="0,220,0" radius="0.5" length="4" />
		<capsule pos="-8.049999999999997,16.5,-39.099999999999994" vel="0,0,0" mass="1" elasticityCoef="1" ang="90,0,0" color="0,220,0" radius="0.5" length="4" />
		<capsule pos="-8.049999999999997,16.5,-36.8" vel="0,0,0" mass="1" elasticityCoef="1" ang="90,0,0" color="0,220,0" radius="0.5" length="4" />
		<capsule pos="-8.049999999999997,16.5,-34.5" vel="0,0,0" mass="1" elasticityCoef="1" ang="90,0,0" color="0,220,0" radius="0.5" length="4" />
		<capsule pos="-8.049999999999997,16.5,-32.199999999999996" vel="0,0,0" mass="1" elasticityCoef="1" ang="90,0,0" color="0,220,0" radius="0.5" length="4" />
		<capsule pos="-8.049999999999997,16.5,-29.9" vel="0,0,0" mass="1" elasticityCoef="1" ang="90,0,0" color="0,220,0" radius="0.5" length="4" />
		<capsule pos="-8.049999999999997,16.5,-27.599999999999998" vel="0,0,0" mass="1" elasticityCoef="1" ang="90,0,0" color="0,220,0" radius="0.5" length="4" />
		<capsule pos="-8.049999999999997,16.5,-25.299999999999997" vel="0,0,0" mass="1" elasticityCoef="1" ang="90,0,0" color="0,220,0" radius="0.5" length="4" />
		<capsule pos="-8.049999999999997,16.5,-22.999999999999996" vel="0,0,0" mass="1" elasticityCoef="1" ang="90,0,0" color="0,220,0" radius="0.5" length="4" />
		<capsule pos="-8.049999999999997,16.5,-20.699999999999996" vel="0,0,0" mass="1" elasticityCoef="1" ang="90,0,0" color="0,220,0" radius="0.5" length="4" />
		<capsule pos="-8.049999999999997,16.5,-18.4" vel="0,0,0" mass="1" elasticityCoef="1" ang="90,0,0" color="0,220,0" radius="0.5" length="4" />
		<capsule pos="-8.049999999999997,16.5,-16.099999999999998" vel="0,0,0" mass="1" elasticityCoef="1" ang="90,0,0" color="0,220,0" radius="0.5" length="4" />
		<capsule pos="-8.049999999999997,16.5,-13.799999999999997" vel="0,0,0" mass="1" elasticityCoef="1" ang="90,0,0" color="0,220,0" radius="0.5" length="4" />
		<capsule pos="-8.049999999999997,16.5,-11.5" vel="0,0,0" mass="1" elasticityCoef="1" ang="90,0,0" color="0,220,0" radius="0.5" length="4" />
		<capsule pos="-8.049999999999997,16.5,-9.199999999999996" vel="0,0,0" mass="1" elasticityCoef="1" ang="90,0,0" color="0,220,0" radius="0.5" length="4" />
		<capsule pos="-8.049999999999997,16.5,-6.899999999999999" vel="0,0,0" mass="1" elasticityCoef="1" ang="90,0,0" color="0,220,0" radius="0.5" length="4" />
		<capsule pos="-8.049999999999997,16.5,-4.600000000000001" vel="0,0,0" mass="1" elasticityCoef="1" ang="90,0,0" color="0,220,0" radius="0.5" length="4" />
		<capsule pos="-8.049999999999997,16.5,-2.299999999999997" vel="0,0,0" mass="1" elasticityCoef="1" ang="90,0,0" color="0,220,0" radius="0.5" length="4" />
		<capsule pos="-8.049999999999997,16.5,0.0" vel="0,0,0" mass="1" elasticityCoef="1" ang="90,0,0" color="0,220,0" radius="0.5" length="4" />
		<capsule pos="-8.049999999999997,16.5,2.3000000000000043" vel="0,0,0" mass="1" elasticityCoef="1" ang="90,0,0" color="0,220,0" radius="0.5" length="4" />
		<capsule pos="-8.049999999999997,16.5,4.600000000000001" vel="0,0,0" mass="1" elasticityCoef="1" ang="90,0,0" color="0,220,0" radius="0.5" length="4" />
		<capsule pos="-8.049999999999997,16.5,6.899999999999999" vel="0,0,0" mass="1" elasticityCoef="1" ang="90,0,0" color="0,220,0" radius="0.5" length="4" />
		<capsule pos="-8.049999999999997,16.5,9.200000000000003" vel="0,0,0" mass="1" elasticityCoef="1" ang="90,0,0" color="0,220,0" radius="0.5" length="4" />
		<capsule pos="-8.049999999999997,16.5,11.5" vel="0,0,0" mass="1" elasticityCoef="1" ang="90,0,0" color="0,220,0" radius="0.5" length="4" />
		<capsule pos="-8.049999999999997,16.5,13.799999999999997" vel="0,0,0" mass="1" elasticityCoef="1" ang="90,0,0" color="0,220,0" radius="0.5" length="4" />
		<capsule pos="-8.049999999999997,16.5,16.1" vel="0,0,0" mass="1" elasticityCoef="1" ang="90,0,0" color="0,220,0" radius="0.5" length="4" />
		<capsule pos="-8.049999999999997,16.5,18.4" vel="0,0,0" mass="1" elasticityCoef="1" ang="90,0,0" color="0,220,0" radius="0.5" length="4" />
		<capsule pos="-8.049999999999997,16.5,20.699999999999996" vel="0,0,0" mass="1" elasticityCoef="1" ang="90,0,0" color="0,220,0" radius="0.5" length="4" />
		<capsule pos="-8.049999999999997,16.5,22.999999999999993" vel="0,0,0" mass="1" elasticityCoef="1" ang="90,0,0" color="0,220,0" radius="0.5" length="4" />
		<capsule pos="-8.049999999999997,16.5,25.300000000000004" vel="0,0,0" mass="1" elasticityCoef="1" ang="90,0,0" color="0,220,0" radius="0.5" length="4" />
		<capsule pos="-8.049999999999997,16.5,27.6" vel="0,0,0" mass="1" elasticityCoef="1" ang="90,0,0" color="0,220,0" radius="0.5" length="4" />
		<capsule pos="-8.049999999999997,16.5,29.9" vel="0,0,0" mass="1" elasticityCoef="1" ang="90,0,0" color="0,220,0" radius="0.5" length="4" />
		<capsule pos="-8.049999999999997,16.5,32.199999999999996" vel="0,0,0" mass="1" elasticityCoef="1" ang="90,0,0" color="0,220,0" radius="0.5" length="4" />
		<capsule pos="-8.049999999999997,16.5,34.49999999999999" vel="0,0,0" mass="1" elasticityCoef="1" ang="90,0,0" color="0,220,0" radius="0.5" length="4" />
		<capsule pos="-8.049999999999997,16.5,36.800000000000004" vel="0,0,0" mass="1" elasticityCoef="1" ang="90,0,0" color="0,220,0" radius="0.5" length="4" />
		<capsule pos="-8.049999999999997,16.5,39.1" vel="0,0,0" mass="1" elasticityCoef="1" ang="90,0,0" color="0,220,0" radius="0.5" length="4" />
		<capsule pos="-8.049999999999997,16.5,41.4" vel="0,0,0" mass="1" elasticityCoef="1" ang="90,0,0" color="0,220,0" radius="0.5" length="4" />
		<capsule pos="-8.049999999999997,22.0,-43.699999999999996" vel="0,0,0" mass="1" elasticityCoef="1" ang="90,0,0" color="0,220,0" radius="0.5" length="4" />
		<capsule pos="-8.049999999999997,22.0,-41.4" vel="0,0,0" mass="1" elasticityCoef="1" ang="90,0,0" color="0,220,0" radius="0.5" length="4" />
		<capsule pos="-8.049999999999997,22.0,-39.099999999999994" vel="0,0,0" mass="1" elasticityCoef="1" ang="90,0,0" color="0,220,0" radius="0.5" length="4" />
		<capsule pos="-8.049999999999997,22.0,-36.8" vel="0,0,0" mass="1" elasticityCoef="1" ang="90,0,0" color="0,220,0" radius="0.5" length="4" />
		<capsule pos="-8.049999999999997,22.0,-34.5" vel="0,0,0" mass="1" elasticityCoef="1" ang="90,0,0" color="0,220,0" radius="0.5" length="4" />
		<capsule pos="-8.049999999999997,22.0,-32.199999999999996" vel="0,0,0" mass="1" elasticityCoef="1" ang="90,0,0" color="0,220,0" radius="0.5" length="4" />
		<capsule pos="-8.049999999999997,22.0,-29.9" vel="0,0,0" mass="1" elasticityCoef="1" ang="90,0,0" color="0,220,0" radius="0.5" length="4" />
		<capsule pos="-8.049999999999997,22.0,-27.599999999999998" vel="0,0,0" mass="1" elasticityCoef="1" ang="90,0,0" color="0,220,0" radius="0.5" length="4" />
		<capsule pos="-8.049999999999997,22.0,-25.299999999999997" vel="0,0,0" mass="1" elasticityCoef="1" ang="90,0,0" color="0,220,0" radius="0.5" length="4" />
		<capsule pos="-8.049999999999997,22.0,-22.999999999999996" vel="0,0,0" mass="1" elasticityCoef="1" ang="90,0,0" color="0,220,0" radius="0.5" length="4" />
		<capsule pos="-8.049999999999997,22.0,-20.699999999999996" vel="0,0,0" mass="1" elasticityCoef="1" ang="90,0,0" color="0,220,0" radius="0.5" length="4" />
		<capsule pos="-8.049999999999997,22.0,-18.4" vel="0,0,0" mass="1" elasticityCoef="1" ang="90,0,0" color="0,220,0" radius="0.5" length="4" />
		<capsule pos="-8.049999999999997,22.0,-16.099999999999998" vel="0,0,0" mass="1" elasticityCoef="1" ang="90,0,0" color="0,220,0" radius="0.5" length="4" />
		<capsule pos="-8.049999999999997,22.0,-13.799999999999997" vel="0,0,0" mass="1" elasticityCoef="1" ang="90,0,0" color="0,220,0" radius="0.5" length="4" />
		<capsule pos="-8.049999999999997,22.0,-11.5" vel="0,0,0" mass="1" elasticityCoef="1" ang="90,0,0" color="0,220,0" radius="0.5" length="4" />
		<capsule pos="-8.049999999999997,22.0,-9.199999999999996" vel="0,0,0" mass="1" elasticityCoef="1" ang="90,0,0" color="0,220,0" radius="0.5" length="4" />
		<capsule pos="-8.049999999999997,22.0,-6.899999999999999" vel="0,0,0" mass="1" elasticityCoef="1" ang="90,0,0" color="0,220,0" radius="0.5" length="4" />
		<capsule pos="-8.049999999999997,22.0,-4.600000000000001" vel="0,0,0" mass="1" elasticityCoef="1" ang="90,0,0" color="0,220,0" radius="0.5" length="4" />
		<capsule pos="-8.049999999999997,22.0,-2.299999999999997" vel="0,0,0" mass="1" elasticityCoef="1" ang="90,0,0" color="0,220,0" radius="0.5" length="4" />
		<capsule pos="-8.049999999999997,22.0,0.0" vel="0,0,0" mass="1" elasticityCoef="1" ang="90,0,0" color="0,220,0" radius="0.5" length="4" />
		<capsule pos="-8.049999999999997,22.0,2.3000000000000043" vel="0,0,0" mass="1" elasticityCoef="1" ang="90,0,0" color="0,220,0" radius="0.5" length="4" />
		<capsule pos="-8.049999999999997,22.0,4.600000000000001" vel="0,0,0" mass="1" elasticityCoef="1" ang="90,0,0" color="0,220,0" radius="0.5" length="4" />
		<capsule pos="-8.049999999999997,22.0,6.899999999999999" vel="0,0,0" mass="1" elasticityCoef="1" ang="90,0,0" color="0,220,0" radius="0.5" length="4" />
		<capsule pos="-8.049999999999997,22.0,9.200000000000003" vel="0,0,0" mass="1" elasticityCoef="1" ang="90,0,0" color="0,220,0" radius="0.5" length="4" />
		<capsule pos="-8.049999999999997,22.0,11.5" vel="0,0,0" mass="1" elasticityCoef="1" ang="90,0,0" color="0,220,0" radius="0.5" length="4" />
		<capsule pos="-8.049999999999997,22.0,13.799999999999997" vel="0,0,0" mass="1" elasticityCoef="1" ang="90,0,0" color="0,220,0" radius="0.5" length="4" />
		<capsule pos="-8.049999999999997,22.0,16.1" vel="0,0,0" mass="1" elasticityCoef="1" ang="90,0,0" color="0,220,0" radius="0.5" length="4" />
		<capsule pos="-8.049999999999997,22.0,18.4" vel="0,0,0" mass="1" elasticityCoef="1" ang="90,0,0" color="0,220,0" radius="0.5" length="4" />
		<capsule pos="-8.049999999999997,22.0,20.699999999999996" vel="0,0,0" mass="1" elasticityCoef="1" ang="90,0,0" color="0,220,0" radius="0.5" length="4" />
		<capsule pos="-8.049999999999997,22.0,22.999999999999993" vel="0,0,0" mass="1" elasticityCoef="1" ang="90,0,0" color="0,220,0" radius="0.5" length="4" />
		<capsule pos="-8.049999999999997,22.0,25.300000000000004" vel="0,0,0" mass="1" elasticityCoef="1" ang="90,0,0" color="0,220,0" radius="0.5" length="4" />
		<capsule pos="-8.049999999999997,22.0,27.6" vel="0,0,0" mass="1" elasticityCoef="1" ang="90,0,0" color="0,220,0" radius="0.5" length="4" />
		<capsule pos="-8.049999999999997,22.0,29.9" vel="0,0,0" mass="1" elasticityCoef="1" ang="90,0,0" color="0,220,0" radius="0.5" length="4" />
		<capsule pos="-8.049999999999997,22.0,32.199999999999996" vel="0,0,0" mass="1" elasticityCoef="1" ang="90,0,0" color="0,220,0" radius="0.5" length="4" />
		<capsule pos="-8.049999999999997,22.0,34.49999999999999" vel="0,0,0" mass="1" elasticityCoef="1" ang="90,0,0" color="0,220,0" radius="0.5" length="4" />
		<capsule pos="-8.049999999999997,22.0,36.800000000000004" vel="0,0,0" mass="1" elasticityCoef="1" ang="90,0,0" color="0,220,0" radius="0.5" length="4" />
		<capsule pos="-8.049999999999997,22.0,39.1" vel="0,0,0" mass="1" elasticityCoef="1" ang="90,0,0" color="0,220,0" radius="0.5" length="4" />
		<capsule pos="-8.049999999999997,22.0,41.4" vel="0,0,0" mass="1" elasticityCoef="1" ang="90,0,0" color="0,220,0" radius="0.5" length="4" />
		<capsule pos="-8.049999999999997,27.5,-43.699999999999996" vel="0,0,0" mass="1" elasticityCoef="1" ang="90,0,0" color="0,220,0" radius="0.5" length="4" />
		<capsule pos="-8.049999999999997,27.5,-41.4" vel="0,0,0" mass="1" elasticityCoef="1" ang="90,0,0" color="0,220,0" radius="0.5" length="4" />
		<capsule pos="-8.049999999999997,27.5,-39.099999999999994" vel="0,0,0" mass="1" elasticityCoef="1" ang="90,0,0" color="0,220,0" radius="0.5" length="4" />
		<capsule pos="-8.049999999999997,27.5,-36.8" vel="0,0,0" mass="1" elasticityCoef="1" ang="90,0,0" color="0,220,0" radius="0.5" length="4" />
		<capsule pos="-8.049999999999997,27.5,-34.5" vel="0,0,0" mass="1" elasticityCoef="1" ang="90,0,0" color="0,220,0" radius="0.5" length="4" />
		<capsule pos="-8.049999999999997,27.5,-32.199999999999996" vel="0,0,0" mass="1" elasticityCoef="1" ang="90,0,0" color="0,220,0" radius="0.5" length="4" />
		<capsule pos="-8.049999999999997,27.5,-29.9" vel="0,0,0" mass="1" elasticityCoef="1" ang="90,0,0" color="0,220,0" radius="0.5" length="4" />
		<capsule pos="-8.049999999999997,27.5,-27.599999999999998" vel="0,0,0" mass="1" elasticityCoef="1" ang="90,0,0" color="0,220,0" radius="0.5" length="4" />
		<capsule pos="-8.049999999999997,27.5,-25.299999999999997" vel="0,0,0" mass="1" elasticityCoef="1" ang="90,0,0" color="0,220,0" radius="0.5" length="4" />
		<capsule pos="-8.049999999999997,27.5,-22.999999999999996" vel="0,0,0" mass="1" elasticityCoef="1" ang="90,0,0" color="0,220,0" radius="0.5" length="4" />
		<capsule pos="-8.049999999999997,27.5,-20.699999999999996" vel="0,0,0" mass="1" elasticityCoef="1" ang="90,0,0" color="0,220,0" radius="0.5" length="4" />
		<capsule pos="-8.049999999999997,27.5,-18.4" vel="0,0,0" mass="1" elasticityCoef="1" ang="90,0,0" color="0,220,0" radius="0.5" length="4" />
		<capsule pos="-8.049999999999997,27.5,-16.099999999999998" vel="0,0,0" mass="1" elasticityCoef="1" ang="90,0,0" color="0,220,0" radius="0.5" length="4" />
		<capsule pos="-8.049999999999997,27.5,-13.799999999999997" vel="0,0,0" mass="1" elasticityCoef="1" ang="90,0,0" color="0,220,0" radius="0.5" length="4" />
		<capsule pos="-8.049999999999997,27.5,-11.5" vel="0,0,0" mass="1" elasticityCoef="1" ang="90,0,0" color="0,220,0" radius="0.5" length="4" />
		<capsule pos="-8.049999999999997,27.5,-9.199999999999996" vel="0,0,0" mass="1" elasticityCoef="1" ang="90,0,0" color="0,220,0" radius="0.5" length="4" />
		<capsule pos="-8.049999999999997,27.5,-6.899999999999999" vel="0,0,0" mass="1" elasticityCoef="1" ang="90,0,0" color="0,220,0" radius="0.5" length="4" />
		<capsule pos="-8.049999999999997,27.5,-4.600000000000001" vel="0,0,0" mass="1" elasticityCoef="1" ang="90,0,0" color="0,220,0" radius="0.5" length="4" />
		<capsule pos="-8.049999999999997,27.5,-2.299999999999997" vel="0,0,0" mass="1" elasticityCoef="1" ang="90,0,0" color="0,220,0" radius="0.5" length="4" />
		<capsule pos="-8.049999999999997,27.5,0.0" vel="0,0,0" mass="1" elasticityCoef="1" ang="90,0,0" color="0,220,0" radius="0.5" length="4" />
		<capsule pos="-8.049999999999997,27.5,2.3000000000000043" vel="0,0,0" mass="1" elasticityCoef="1" ang="90,0,0" color="0,220,0" radius="0.5" length="4" />
		<capsule pos="-8.049999999999997,27.5,4.600000000000001" vel="0,0,0" mass="1" elasticityCoef="1" ang="90,0,0" color="0,220,0" radius="0.5" length="4" />
		<capsule pos="-8.049999999999997,27.5,6.899999999999999" vel="0,0,0" mass="1" elasticityCoef="1" ang="90,0,0" color="0,220,0" radius="0.5" length="4" />
		<capsule pos="-8.049999999999997,27.5,9.200000000000003" vel="0,0,0" mass="1" elasticityCoef="1" ang="90,0,0" color="0,220,0" radius="0.5" length="4" />
		<capsule pos="-8.049999999999997,27.5,11.5" vel="0,0,0" mass="1" elasticityCoef="1" ang="90,0,0" color="0,220,0" radius="0.5" length="4" />
		<capsule pos="-8.049999999999997,27.5,13.799999999999997" vel="0,0,0" mass="1" elasticityCoef="1" ang="90,0,0" color="0,220,0" radius="0.5" length="4" />
		<capsule pos="-8.049999999999997,27.5,16.1" vel="0,0,0" mass="1" elasticityCoef="1" ang="90,0,0" color="0,220,0" radius="0.5" length="4" />
		<capsule pos="-8.049999999999997,27.5,18.4" vel="0,0,0" mass="1" elasticityCoef="1" ang="90,0,0" color="0,220,0" radius="0.5" length="4" />
		<capsule pos="-8.049999999999997,27.5,20.699999999999996" vel="0,0,0" mass="1" elasticityCoef="1" ang="90,0,0" color="0,220,0" radius="0.5" length="4" />
		<capsule pos="-8.049999999999997,27.5,22.999999999999993" vel="0,0,0" mass="1" elasticityCoef="1" ang="90,0,0" color="0,220,0" radius="0.5" length="4" />
		<capsule pos="-8.049999999999997,27.5,25.300000000000004" vel="0,0,0" mass="1" elasticityCoef="1" ang="90,0,0" color="0,220,0" radius="0.5" length="4" />
		<capsule pos="-8.049999999999997,27.5,27.6" vel="0,0,0" mass="1" elasticityCoef="1" ang="90,0,0" color="0,220,0" radius="0.5" length="4" />
		<capsule pos="-8.049999999999997,27.5,29.9" vel="0,0,0" mass="1" elasticityCoef="1" ang="90,0,0" color="0,220,0" radius="0.5" length="4" />
		<capsule pos="-8.049999999999997,27.5,32.199999999999996" vel="0,0,0" mass="1" elasticityCoef="1" ang="90,0,0" color="0,220,0" radius="0.5" length="4" />
		<capsule pos="-8.049999999999997,27.5,34.49999999999999" vel="0,0,0" mass="1" elasticityCoef="1" ang="90,0,0" color="0,220,0" radius="0.5" length="4" />
		<capsule pos="-8.049999999999997,27.5,36.800000000000004" vel="0,0,0" mass="1" elasticityCoef="1" ang="90,0,0" color="0,220,0" radius="0.5" length="4" />
		<capsule pos="-8.049999999999997,27.5,39.1" vel="0,0,0" mass="1" elasticityCoef="1" ang="90,0,0" color="0,220,0" radius="0.5" length="4" />
		<capsule pos="-8.049999999999997,27.5,41.4" vel="0,0,0" mass="1" elasticityCoef="1" ang="90,0,0" color="0,220,0" radius="0.5" length="4" />
		<capsule pos="-8.049999999999997,33.0,-43.699999999999996" vel="0,0,0" mass="1" elasticityCoef="1" ang="90,0,0" color="0,220,0" radius="0.5" length="4" />
		<capsule pos="-8.049999999999997,33.0,-41.4" vel="0,0,0" mass="1" elasticityCoef="1" ang="90,0,0" color="0,220,0" radius="0.5" length="4" />
		<capsule pos="-8.049999999999997,33.0,-39.099999999999994" vel="0,0,0" mass="1" elasticityCoef="1" ang="90,0,0" color="0,220,0" radius="0.5" length="4" />
		<capsule pos="-8.049999999999997,33.0,-36.8" vel="0,0,0" mass="1" elasticityCoef="1" ang="90,0,0" color="0,220,0" radius="0.5" length="4" />
		<capsule pos="-8.049999999999997,33.0,-34.5" vel="0,0,0" mass="1" elasticityCoef="1" ang="90,0,0" color="0,220,0" radius="0.5" length="4" />
		<capsule pos="-8.049999999999997,33.0,-32.199999999999996" vel="0,0,0" mass="1" elasticityCoef="1" ang="90,0,0" color="0,220,0" radius="0.5" length="4" />
		<capsule pos="-8.049999999999997,33.0,-29.9" vel="0,0,0" mass="1" elasticityCoef="1" ang="90,0,0" color="0,220,0" radius="0.5" length="4" />
		<capsule pos="-8.049999999999997,33.0,-27.599999999999998" vel="0,0,0" mass="1" elasticityCoef="1" ang="90,0,0" color="0,220,0" radius="0.5" length="4" />
		<capsule pos="-8.049999999999997,33.0,-25.299999999999997" vel="0,0,0" mass="1" elasticityCoef="1" ang="90,0,0" color="0,220,0" radius="0.5" length="4" />
		<capsule pos="-8.049999999999997,33.0,-22.999999999999996" vel="0,0,0" mass="1" elasticityCoef="1" ang="90,0,0" color="0,220,0" radius="0.5" length="4" />
		<capsule pos="-8.049999999999997,33.0,-20.699999999999996" vel="0,0,0" mass="1" elasticityCoef="1" ang="90,0,0" color="0,220,0" radius="0.5" length="4" />
		<capsule pos="-8.049999999999997,33.0,-18.4" vel="0,0,0" mass="1" elasticityCoef="1" ang="90,0,0" color="0,220,0" radius="0.5" length="4" />
		<capsule pos="-8.049999999999997,33.0,-16.099999999999998" vel="0,0,0" mass="1" elasticityCoef="1" ang="90,0,0" color="0,220,0" radius="0.5" length="4" />
		<capsule pos="-8.049999999999997,33.0,-13.799999999999997" vel="0,0,0" mass="1" elasticityCoef="1" ang="90,0,0" color="0,220,0" radius="0.5" length="4" />
		<capsule pos="-8.049999999999997,33.0,-11.5" vel="0,0,0" mass="1" elasticityCoef="1" ang="90,0,0" color="0,220,0" radius="0.5" length="4" />
		<capsule pos="-8.049999999999997,33.0,-9.199999999999996" vel="0,0,0" mass="1" elasticityCoef="1" ang="90,0,0" color="0,220,0" radius="0.5" length="4" />
		<capsule pos="-8.049999999999997,33.0,-6.899999999999999" vel="0,0,0" mass="1" elasticityCoef="1" ang="90,0,0" color="0,220,0" radius="0.5" length="4" />
		<capsule pos="-8.049999999999997,33.0,-4.600000000000001" vel="0,0,0" mass="1" elasticityCoef="1" ang="90,0,0" color="0,220,0" radius="0.5" length="4" />
		<capsule pos="-8.049999999999997,33.0,-2.299999999999997" vel="0,0,0" mass="1" elasticityCoef="1" ang="90,0,0" color="0,220,0" radius="0.5" length="4" />
		<capsule pos="-8.049999999999997,33.0,0.0" vel="0,0,0" mass="1" elasticityCoef="1" ang="90,0,0" color="0,220,0" radius="0.5" length="4" />
		<capsule pos="-8.049999999999997,33.0,2.3000000000000043" vel="0,0,0" mass="1" elasticityCoef="1" ang="90,0,0" color="0,220,0" radius="0.5" length="4" />
		<capsule pos="-8.049999999999997,33.0,4.600000000000001" vel="0,0,0" mass="1" elasticityCoef="1" ang="90,0,0" color="0,220,0" radius="0.5" length="4" />
		<capsule pos="-8.049999999999997,33.0,6.899999999999999" vel="0,0,0" mass="1" elasticityCoef="1" ang="90,0,0" color="0,220,0" radius="0.5" length="4" />
		<capsule pos="-8.049999999999997,33.0,9.200000000000003" vel="0,0,0" mass="1" elasticityCoef="1" ang="90,0,0" color="0,220,0" radius="0.5" length="4" />
		<capsule pos="-8.049999999999997,33.0,11.5" vel="0,0,0" mass="1" elasticityCoef="1" ang="90,0,0" color="0,220,0" radius="0.5" length="4" />
		<capsule pos="-8.049999999999997,33.0,13.799999999999997" vel="0,0,0" mass="1" elasticityCoef="1" ang="90,0,0" color="0,220,0" radius="0.5" length="4" />
		<capsule pos="-8.049999999999997,33.0,16.1" vel="0,0,0" mass="1" elasticityCoef="1" ang="90,0,0" color="0,220,0" radius="0.5" length="4" />
		<capsule pos="-8.049999999999997,33.0,18.4" vel="0,0,0" mass="1" elasticityCoef="1" ang="90,0,0" color="0,220,0" radius="0.5" length="4" />
		<capsule pos="-8.049999999999997,33.0,20.699999999999996" vel="0,0,0" mass="1" elasticityCoef="1" ang="90,0,0" color="0,220,0" radius="0.5" length="4" />
		<capsule pos="-8.049999999999997,33.0,22.999999999999993" vel="0,0,0" mass="1" elasticityCoef="1" ang="90,0,0" color="0,220,0" radius="0.5" length="4" />
		<capsule pos="-8.049999999999997,33.0,25.300000000000004" vel="0,0,0" mass="1" elasticityCoef="1" ang="90,0,0" color="0,220,0" radius="0.5" length="4" />
		<capsule pos="-8.049999999999997,33.0,27.6" vel="0,0,0" mass="1" elasticityCoef="1" ang="90,0,0" color="0,220,0" radius="0.5" length="4" />
		<capsule pos="-8.049999999999997,33.0,29.9" vel="0,0,0" mass="1" elasticityCoef="1" ang="90,0,0" color="0,220,0" radius="0.5" length="4" />
		<capsule pos="-8.049999999999997,33.0,32.199999999999996" vel="0,0,0" mass="1" elasticityCoef="1" ang="90,0,0" color="0,220,0" radius="0.5" length="4" />
		<capsule pos="-8.049999999999997,33.0,34.49999999999999" vel="0,0,0" mass="1" elasticityCoef="1" ang="90,0,0" color="0,220,0" radius="0.5" length="4" />
		<capsule pos="-8.049999999999997,33.0,36.800000000000004" vel="0,0,0" mass="1" elasticityCoef="1" ang="90,0,0" color="0,220,0" radius="0.5" length="4" />
		<capsule pos="-8.049999999999997,33.0,39.1" vel="0,0,0" mass="1" elasticityCoef="1" ang="90,0,0" color="0,220,0" radius="0.5" length="4" />
		<capsule pos="-8.049999999999997,33.0,41.4" vel="0,0,0" mass="1" elasticityCoef="1" ang="90,0,0" color="0,220,0" radius="0.5" length="4" />
		<capsule pos="-8.049999999999997,38.5,-43.699999999999996" vel="0,0,0" mass="1" elasticityCoef="1" ang="90,0,0" color="0,220,0" radius="0.5" length="4" />
		<capsule pos="-8.049999999999997,38.5,-41.4" vel="0,0,0" mass="1" elasticityCoef="1" ang="90,0,0" color="0,220,0" radius="0.5" length="4" />
		<capsule pos="-8.049999999999997,38.5,-39.099999999999994" vel="0,0,0" mass="1" elasticityCoef="1" ang="90,0,0" color="0,220,0" radius="0.5" length="4" />
		<capsule pos="-8.049999999999997,38.5,-36.8" vel="0,0,0" mass="1" elasticityCoef="1" ang="90,0,0" color="0,220,0" radius="0.5" length="4" />
		<capsule pos="-8.049999999999997,38.5,-34.5" vel="0,0,0" mass="1" elasticityCoef="1" ang="90,0,0" color="0,220,0" radius="0.5" length="4" />
		<capsule pos="-8.049999999999997,38.5,-32.199999999999996" vel="0,0,0" mass="1" elasticityCoef="1" ang="90,0,0" color="0,220,0" radius="0.5" length="4" />
		<capsule pos="-8.049999999999997,38.5,-29.9" vel="0,0,0" mass="1" elasticityCoef="1" ang="90,0,0" color="0,220,0" radius="0.5" length="4" />
		<capsule pos="-8.049999999999997,38.5,-27.599999999999998" vel="0,0,0" mass="1" elasticityCoef="1" ang="90,0,0" color="0,220,0" radius="0.5" length="4" />
		<capsule pos="-8.049999999999997,38.5,-25.299999999999997" vel="0,0,0" mass="1" elasticityCoef="1" ang="90,0,0" color="0,220,0" radius="0.5" length="4" />
		<capsule pos="-8.049999999999997,38.5,-22.999999999999996" vel="0,0,0" mass="1" elasticityCoef="1" ang="90,0,0" color="0,220,0" radius="0.5" length="4" />
		<capsule pos="-8.049999999999997,38.5,-20.699999999999996" vel="0,0,0" mass="1" elasticityCoef="1" ang="90,0,0" color="0,220,0" radius="0.5" length="4" />
		<capsule pos="-8.049999999999997,38.5,-18.4" vel="0,0,0" mass="1" elasticityCoef="1" ang="90,0,0" color="0,220,0" radius="0.5" length="4" />
		<capsule pos="-8.049999999999997,38.5,-16.099999999999998" vel="0,0,0" mass="1" elasticityCoef="1" ang="90,0,0" color="0,220,0" radius="0.5" length="4" />
		<capsule pos="-8.049999999999997,38.5,-13.799999999999997" vel="0,0,0" mass="1" elasticityCoef="1" ang="90,0,0" color="0,220,0" radius="0.5" length="4" />
		<capsule pos="-8.049999999999997,38.5,-11.5" vel="0,0,0" mass="1" elasticityCoef="1" ang="90,0,0" color="0,220,0" radius="0.5" length="4" />
		<capsule pos="-8.049999999999997,38.5,-9.199999999999996" vel="0,0,0" mass="1" elasticityCoef="1" ang="90,0,0" color="0,220,0" radius="0.5" length="4" />
		<capsule pos="-8.049999999999997,38.5,-6.899999999999999" vel="0,0,0" mass="1" elasticityCoef="1" ang="90,0,0" color="0,220,0" radius="0.5" length="4" />
		<capsule pos="-8.049999999999997,38.5,-4.600000000000001" vel="0,0,0" mass="1" elasticityCoef="1" ang="90,0,0" color="0,220,0" radius="0.5" length="4" />
		<capsule pos="-8.049999999999997,38.5,-2.299999999999997" vel="0,0,0" mass="1" elasticityCoef="1" ang="90,0,0" color="0,220,0" radius="0.5" length="4" />
		<capsule pos="-8.049999999999997,38.5,0.0" vel="0,0,0" mass="1" elasticityCoef="1" ang="90,0,0" color="0,220,0" radius="0.5" length="4" />
		<capsule pos="-8.049999999999997,38.5,2.3000000000000043" vel="0,0,0" mass="1" elasticityCoef="1" ang="90,0,0" color="0,220,0" radius="0.5" length="4" />
		<capsule pos="-8.049999999999997,38.5,4.600000000000001" vel="0,0,0" mass="1" elasticityCoef="1" ang="90,0,0" color="0,220,0" radius="0.5" length="4" />
		<capsule pos="-8.049999999999997,38.5,6.899999999999999" vel="0,0,0" mass="1" elasticityCoef="1" ang="90,0,0" color="0,220,0" radius="0.5" length="4" />
		<capsule pos="-8.049999999999997,38.5,9.200000000000003" vel="0,0,0" mass="1" elasticityCoef="1" ang="90,0,0" color="0,220,0" radius="0.5" length="4" />
		<capsule pos="-8.049999999999997,38.5,11.5" vel="0,0,0" mass="1" elasticityCoef="1" ang="90,0,0" color="0,220,0" radius="0.5" length="4" />
		<capsule pos="-8.049999999999997,38.5,13.799999999999997" vel="0,0,0" mass="1" elasticityCoef="1" ang="90,0,0" color="0,220,0" radius="0.5" length="4" />
		<capsule pos="-8.049999999999997,38.5,16.1" vel="0,0,0" mass="1" elasticityCoef="1" ang="90,0,0" color="0,220,0" radius="0.5" length="4" />
		<capsule pos="-8.049999999999997,38.5,18.4" vel="0,0,0" mass="1" elasticityCoef="1" ang="90,0,0" color="0,220,0" radius="0.5" length="4" />
		<capsule pos="-8.049999999999997,38.5,20.699999999999996" vel="0,0,0" mass="1" elasticityCoef="1" ang="90,0,0" color="0,220,0" radius="0.5" length="4" />
		<capsule pos="-8.049999999999997,38.5,22.999999999999993" vel="0,0,0" mass="1" elasticityCoef="1" ang="90,0,0" color="0,220,0" radius="0.5" length="4" />
		<capsule pos="-8.049999999999997,38.5,25.300000000000004" vel="0,0,0" mass="1" elasticityCoef="1" ang="90,0,0" color="0,220,0" radius="0.5" length="4" />
		<capsule pos="-8.049999999999997,38.5,27.6" vel="0,0,0" mass="1" elasticityCoef="1" ang="90,0,0" color="0,220,0" radius="0.5" length="4" />
		<capsule pos="-8.049999999999997,38.5,29.9" vel="0,0,0" mass="1" elasticityCoef="1" ang="90,0,0" color="0,220,0" radius="0.5" length="4" />
		<capsule pos="-8.049999999999997,38.5,32.199999999999996" vel="0,0,0" mass="1" elasticityCoef="1" ang="90,0,0" color="0,220,0" radius="0.5" length="4" />
		<capsule pos="-8.049999999999997,38.5,34.49999999999999" vel="0,0,0" mass="1" elasticityCoef="1" ang="90,0,0" color="0,220,0" radius="0.5" length="4" />
		<capsule pos="-8.049999999999997,38.5,36.800000000000004" vel="0,0,0" mass="1" elasticityCoef="1" ang="90,0,0" color="0,220,0" radius="0.5" length="4" />
		<capsule pos="-8.049999999999997,38.5,39.1" vel="0,0,0" mass="1" elasticityCoef="1" ang="90,0,0" color="0,220,0" radius="0.5" length="4" />
		<capsule pos="-8.049999999999997,38.5,41.4" vel="0,0,0" mass="1" elasticityCoef="1" ang="90,0,0" color="0,220,0" radius="0.5" length="4" />
		<capsule pos="-8.049999999999997,44.0,-43.699999999999996" vel="0,0,0" mass="1" elasticityCoef="1" ang="90,0,0" color="0,220,0" radius="0.5" length="4" />
		<capsule pos="-8.049999999999997,44.0,-41.4" vel="0,0,0" mass="1" elasticityCoef="1" ang="90,0,0" color="0,220,0" radius="0.5" length="4" />
		<capsule pos="-8.049999999999997,44.0,-39.099999999999994" vel="0,0,0" mass="1" elasticityCoef="1" ang="90,0,0" color="0,220,0" radius="0.5" length="4" />
		<capsule pos="-8.049999999999997,44.0,-36.8" vel="0,0,0" mass="1" elasticityCoef="1" ang="90,0,0" color="0,220,0" radius="0.5" length="4" />
		<capsule pos="-8.049999999999997,44.0,-34.5" vel="0,0,0" mass="1" elasticityCoef="1" ang="90,0,0" color="0,220,0" radius="0.5" length="4" />
		<capsule pos="-8.049999999999997,44.0,-32.199999999999996" vel="0,0,0" mass="1" elasticityCoef="1" ang="90,0,0" color="0,220,0" radius="0.5" length="4" />
		<capsule pos="-8.049999999999997,44.0,-29.9" vel="0,0,0" mass="1" elasticityCoef="1" ang="90,0,0" color="0,220,0" radius="0.5" length="4" />
		<capsule pos="-8.049999999999997,44.0,-27.599999999999998" vel="0,0,0" mass="1" elasticityCoef="1" ang="90,0,0" color="0,220,0" radius="0.5" length="4" />
		<capsule pos="-8.049999999999997,44.0,-25.299999999999997" vel="0,0,0" mass="1" elasticityCoef="1" ang="90,0,0" color="0,220,0" radius="0.5" length="4" />
		<capsule pos="-8.049999999999997,44.0,-22.999999999999996" vel="0,0,0" mass="1" elasticityCoef="1" ang="90,0,0" color="0,220,0" radius="0.5" length="4" />
		<capsule pos="-8.049999999999997,44.0,-20.699999999999996" vel="0,0,0" mass="1" elasticityCoef="1" ang="90,0,0" color="0,220,0" radius="0.5" length="4" />
		<capsule pos="-8.049999999999997,44.0,-18.4" vel="0,0,0" mass="1" elasticityCoef="1" ang="90,0,0" color="0,220,0" radius="0.5" length="4" />
		<capsule pos="-8.049999999999997,44.0,-16.099999999999998" vel="0,0,0" mass="1" elasticityCoef="1" ang="90,0,0" color="0,220,0" radius="0.5" length="4" />
		<capsule pos="-8.049999999999997,44.0,-13.799999999999997" vel="0,0,0" mass="1" elasticityCoef="1" ang="90,0,0" color="0,220,0" radius="0.5" length="4" />
		<capsule pos="-8.049999999999997,44.0,-11.5" vel="0,0,0" mass="1" elasticityCoef="1" ang="90,0,0" color="0,220,0" radius="0.5" length="4" />
		<capsule pos="-8.049999999999997,44.0,-9.199999999999996" vel="0,0,0" mass="1" elasticityCoef="1" ang="90,0,0" color="0,220,0" radius="0.5" length="4" />
		<capsule pos="-8.049999999999997,44.0,-6.899999999999999" vel="0,0,0" mass="1" elasticityCoef="1" ang="90,0,0" color="0,220,0" radius="0.5" length="4" />
		<capsule pos="-8.049999999999997,44.0,-4.600000000000001" vel="0,0,0" mass="1" elasticityCoef="1" ang="90,0,0" color="0,220,0" radius="0.5" length="4" />
		<capsule pos="-8.049999999999997,44.0,-2.299999999999997" vel="0,0,0" mass="1" elasticityCoef="1" ang="90,0,0" color="0,220,0" radius="0.5" length="4" />
		<capsule pos="-8.049999999999997,44.0,0.0" vel="0,0,0" mass="1" elasticityCoef="1" ang="90,0,0" color="0,220,0" radius="0.5" length="4" />
		<capsule pos="-8.049999999999997,44.0,2.3000000000000043" vel="0,0,0" mass="1" elasticityCoef="1" ang="90,0,0" color="0,220,0" radius="0.5" length="4" />
		<capsule pos="-8.049999999999997,44.0,4.600000000000001" vel="0,0,0" mass="1" elasticityCoef="1" ang="90,0,0" color="0,220,0" radius="0.5" length="4" />
		<capsule pos="-8.049999999999997,44.0,6.899999999999999" vel="0,0,0" mass="1" elasticityCoef="1" ang="90,0,0" color="0,220,0" radius="0.5" length="4" />
		<capsule pos="-8.049999999999997,44.0,9.200000000000003" vel="0,0,0" mass="1" elasticityCoef="1" ang="90,0,0" color="0,220,0" radius="0.5" length="4" />
		<capsule pos="-8.049999999999997,44.0,11.5" vel="0,0,0" mass="1" elasticityCoef="1" ang="90,0,0" color="0,220,0" radius="0.5" length="4" />
		<capsule pos="-8.049999999999997,44.0,13.799999999999997" vel="0,0,0" mass="1" elasticityCoef="1" ang="90,0,0" color="0,220,0" radius="0.5" length="4" />
		<capsule pos="-8.049999999999997,44.0,16.1" vel="0,0,0" mass="1" elasticityCoef="1" ang="90,0,0" color="0,220,0" radius="0.5" length="4" />
		<capsule pos="-8.049999999999997,44.0,18.4" vel="0,0,0" mass="1" elasticityCoef="1" ang="90,0,0" color="0,220,0" radius="0.5" length="4" />
		<capsule pos="-8.049999999999997,44.0,20.699999999999996" vel="0,0,0" mass="1" elasticityCoef="1" ang="90,0,0" color="0,220,0" radius="0.5" length="4" />
		<capsule pos="-8.049999999999997,44.0,22.999999999999993" vel="0,0,0" mass="1" elasticityCoef="1" ang="90,0,0" color="0,220,0" radius="0.5" length="4" />
		<capsule pos="-8.049999999999997,44.0,25.300000000000004" vel="0,0,0" mass="1" elasticityCoef="1" ang="90,0,0" color="0,220,0" radius="0.5" length="4" />
		<capsule pos="-8.049999999999997,44.0,27.6" vel="0,0,0" mass="1" elasticityCoef="1" ang="90,0,0" color="0,220,0" radius="0.5" length="4" />
		<capsule pos="-8.049999999999997,44.0,29.9" vel="0,0,0" mass="1" elasticityCoef="1" ang="90,0,0" color="0,220,0" radius="0.5" length="4" />
		<capsule pos="-8.049999999999997,44.0,32.199999999999996" vel="0,0,0" mass="1" elasticityCoef="1" ang="90,0,0" color="0,220,0" radius="0.5" length="4" />
		<capsule pos="-8.049999999999997,44.0,34.49999999999999" vel="0,0,0" mass="1" elasticityCoef="1" ang="90,0,0" color="0,220,0" radius="0.5" length="4" />
		<capsule pos="-8.049999999999997,44.0,36.800000000000004" vel="0,0,0" mass="1" elasticityCoef="1" ang="90,0,0" color="0,220,0" radius="0.5" length="4" />
		<capsule pos="-8.049999999999997,44.0,39.1" vel="0,0,0" mass="1" elasticityCoef="1" ang="90,0,0" color="0,220,0" radius="0.5" length="4" />
		<capsule pos="-8.049999999999997,44.0,41.4" vel="0,0,0" mass="1" elasticityCoef="1" ang="90,0,0" color="0,220,0" radius="0.5" length="4" />
		<capsule pos="-5.75,-49.5,-43.699999999999996" vel="0,0,0" mass="1" elasticityCoef="1" ang="90,0,0" color="0,220,0" radius="0.5" length="4" />
		<capsule pos="-5.75,-49.5,-41.4" vel="0,0,0" mass="1" elasticityCoef="1" ang="90,0,0" color="0,220,0" radius="0.5" length="4" />
		<capsule pos="-5.75,-49.5,-39.099999999999994" vel="0,0,0" mass="1" elasticityCoef="1" ang="90,0,0" color="0,220,0" radius="0.5" length="4" />
		<capsule pos="-5.75,-49.5,-36.8" vel="0,0,0" mass="1" elasticityCoef="1" ang="90,0,0" color="0,220,0" radius="0.5" length="4" />
		<capsule pos="-5.75,-49.5,-34.5" vel="0,0,0" mass="1" elasticityCoef="1" ang="90,0,0" color="0,220,0" radius="0.5" length="4" />
		<capsule pos="-5.75,-49.5,-32.199999999999996" vel="0,0,0" mass="1" elasticityCoef="1" ang="90,0,0" color="0,220,0" radius="0.5" length="4" />
		<capsule pos="-5.75,-49.5,-29.9" vel="0,0,0" mass="1" elasticityCoef="1" ang="90,0,0" color="0,220,0" radius="0.5" length="4" />
		<capsule pos="-5.75,-49.5,-27.599999999999998" vel="0,0,0" mass="1" elasticityCoef="1" ang="90,0,0" color="0,220,0" radius="0.5" length="4" />
		<capsule pos="-5.75,-49.5,-25.299999999999997" vel="0,0,0" mass="1" elasticityCoef="1" ang="90,0,0" color="0,220,0" radius="0.5" length="4" />
		<capsule pos="-5.75,-49.5,-22.999999999999996" vel="0,0,0" mass="1" elasticityCoef="1" ang="90,0,0" color="0,220,0" radius="0.5" length="4" />
		<capsule pos="-5.75,-49.5,-20.699999999999996" vel="0,0,0" mass="1" elasticityCoef="1" ang="90,0,0" color="0,220,0" radius="0.5" length="4" />
		<capsule pos="-5.75,-49.5,-18.4" vel="0,0,0" mass="1" elasticityCoef="1" ang="90,0,0" color="0,220,0" radius="0.5" length="4" />
		<capsule pos="-5.75,-49.5,-16.099999999999998" vel="0,0,0" mass="1" elasticityCoef="1" ang="90,0,0" color="0,220,0" radius="0.5" length="4" />
		<capsule pos="-5.75,-49.5,-13.799999999999997" vel="0,0,0" mass="1" elasticityCoef="1" ang="90,0,0" color="0,220,0" radius="0.5" length="4" />
		<capsule pos="-5.75,-49.5,-11.5" vel="0,0,0" mass="1" elasticityCoef="1" ang="90,0,0" color="0,220,0" radius="0.5" length="4" />
		<capsule pos="-5.75,-49.5,-9.199999999999996" vel="0,0,0" mass="1" elasticityCoef="1" ang="90,0,0" color="0,220,0" radius="0.5" length="4" />
		<capsule pos="-5.75,-49.5,-6.899999999999999" vel="0,0,0" mass="1" elasticityCoef="1" ang="90,0,0" color="0,220,0" radius="0.5" length="4" />
		<capsule pos="-5.75,-49.5,-4.600000000000001" vel="0,0,0" mass="1" elasticityCoef="1" ang="90,0,0" color="0,220,0" radius="0.5" length="4" />
		<capsule pos="-5.75,-49.5,-2.299999999999997" vel="0,0,0" mass="1" elasticityCoef="1" ang="90,0,0" color="0,220,0" radius="0.5" length="4" />
		<capsule pos="-5.75,-49.5,0.0" vel="0,0,0" mass="1" elasticityCoef="1" ang="90,0,0" color="0,220,0" radius="0.5" length="4" />
		<capsule pos="-5.75,-49.5,2.3000000000000043" vel="0,0,0" mass="1" elasticityCoef="1" ang="90,0,0" color="0,220,0" radius="0.5" length="4" />
		<capsule pos="-5.75,-49.5,4.600000000000001" vel="0,0,0" mass="1" elasticityCoef="1" ang="90,0,0" color="0,220,0" radius="0.5" length="4" />
		<capsule pos="-5.75,-49.5,6.899999999999999" vel="0,0,0" mass="1" elasticityCoef="1" ang="90,0,0" color="0,220,0" radius="0.5" length="4" />
		<capsule pos="-5.75,-49.5,9.200000000000003" vel="0,0,0" mass="1" elasticityCoef="1" ang="90,0,0" color="0,220,0" radius="0.5" length="4" />
		<capsule pos="-5.75,-49.5,11.5" vel="0,0,0" mass="1" elasticityCoef="1" ang="90,0,0" color="0,220,0" radius="0.5" length="4" />
		<capsule pos="-5.75,-49.5,13.799999999999997" vel="0,0,0" mass="1" elasticityCoef="1" ang="90,0,0" color="0,220,0" radius="0.5" length="4" />
		<capsule pos="-5.75,-49.5,16.1" vel="0,0,0" mass="1" elasticityCoef="1" ang="90,0,0" color="0,220,0" radius="0.5" length="4" />
		<capsule pos="-5.75,-49.5,18.4" vel="0,0,0" mass="1" elasticityCoef="1" ang="90,0,0" color="0,220,0" radius="0.5" length="4" />
		<capsule pos="-5.75,-49.5,20.699999999999996" vel="0,0,0" mass="1" elasticityCoef="1" ang="90,0,0" color="0,220,0" radius="0.5" length="4" />
		<capsule pos="-5.75,-49.5,22.999999999999993" vel="0,0,0" mass="1" elasticityCoef="1" ang="90,0,0" color="0,220,0" radius="0.5" length="4" />
		<capsule pos="-5.75,-49.5,25.300000000000004" vel="0,0,0" mass="1" elasticityCoef="1" ang="90,0,0" color="0,220,0" radius="0.5" length="4" />
		<capsule pos="-5.75,-49.5,27.6" vel="0,0,0" mass="1" elasticityCoef="1" ang="90,0,0" color="0,220,0" radius="0.5" length="4" />
		<capsule pos="-5.75,-49.5,29.9" vel="0,0,0" mass="1" elasticityCoef="1" ang="90,0,0" color="0,220,0" radius="0.5" length="4" />
		<capsule pos="-5.75,-49.5,32.199999999999996" vel="0,0,0" mass="1" elasticityCoef="1" ang="90,0,0" color="0,220,0" radius="0.5" length="4" />
		<capsule pos="-5.75,-49.5,34.49999999999999" vel="0,0,0" mass="1" elasticityCoef="1" ang="90,0,0" color="0,220,0" radius="0.5" length="4" />
		<capsule pos="-5.75,-49.5,36.800000000000004" vel="0,0,0" mass="1" elasticityCoef="1" ang="90,0,0" color="0,220,0" radius="0.5" length="4" />
		<capsule pos="-5.75,-49.5,39.1" vel="0,0,0" mass="1" elasticityCoef="1" ang="90,0,0" color="0,220,0" radius="0.5" length="4" />
		<capsule pos="-5.75,-49.5,41.4" vel="0,0,0" mass="1" elasticityCoef="1" ang="90,0,0" color="0,220,0" radius="0.5" length="4" />
		<capsule pos="-5.75,-44.0,-43.699999999999996" vel="0,0,0" mass="1" elasticityCoef="1" ang="90,0,0" color="0,220,0" radius="0.5" length="4" />
		<capsule pos="-5.75,-44.0,-41.4" vel="0,0,0" mass="1" elasticityCoef="1" ang="90,0,0" color="0,220,0" radius="0.5" length="4" />
		<capsule pos="-5.75,-44.0,-39.099999999999994" vel="0,0,0" mass="1" elasticityCoef="1" ang="90,0,0" color="0,220,0" radius="0.5" length="4" />
		<capsule pos="-5.75,-44.0,-36.8" vel="0,0,0" mass="1" elasticityCoef="1" ang="90,0,0" color="0,220,0" radius="0.5" length="4" />
		<capsule pos="-5.75,-44.0,-34.5" vel="0,0,0" mass="1" elasticityCoef="1" ang="90,0,0" color="0,220,0" radius="0.5" length="4" />
		<capsule pos="-5.75,-44.0,-32.199999999999996" vel="0,0,0" mass="1" elasticityCoef="1" ang="90,0,0" color="0,220,0" radius="0.5" length="4" />
		<capsule pos="-5.75,-44.0,-29.9" vel="0,0,0" mass="1" elasticityCoef="1" ang="90,0,0" color="0,220,0" radius="0.5" length="4" />
		<capsule pos="-5.75,-44.0,-27.599999999999998" vel="0,0,0" mass="1" elasticityCoef="1" ang="90,0,0" color="0,220,0" radius="0.5" length="4" />
		<capsule pos="-5.75,-44.0,-25.299999999999997" vel="0,0,0" mass="1" elasticityCoef="1" ang="90,0,0" color="0,220,0" radius="0.5" length="4" />
		<capsule pos="-5.75,-44.0,-22.999999999999996" vel="0,0,0" mass="1" elasticityCoef="1" ang="90,0,0" color="0,220,0" radius="0.5" length="4" />
		<capsule pos="-5.75,-44.0,-20.699999999999996" vel="0,0,0" mass="1" elasticityCoef="1" ang="90,0,0" color="0,220,0" radius="0.5" length="4" />
		<capsule pos="-5.75,-44.0,-18.4" vel="0,0,0" mass="1" elasticityCoef="1" ang="90,0,0" color="0,220,0" radius="0.5" length="4" />
		<capsule pos="-5.75,-44.0,-16.099999999999998" vel="0,0,0" mass="1" elasticityCoef="1" ang="90,0,0" color="0,220,0" radius="0.5" length="4" />
		<capsule pos="-5.75,-44.0,-13.799999999999997" vel="0,0,0" mass="1" elasticityCoef="1" ang="90,0,0" color="0,220,0" radius="0.5" length="4" />
		<capsule pos="-5.75,-44.0,-11.5" vel="0,0,0" mass="1" elasticityCoef="1" ang="90,0,0" color="0,220,0" radius="0.5" length="4" />
		<capsule pos="-5.75,-44.0,-9.199999999999996" vel="0,0,0" mass="1" elasticityCoef="1" ang="90,0,0" color="0,220,0" radius="0.5" length="4" />
		<capsule pos="-5.75,-44.0,-6.899999999999999" vel="0,0,0" mass="1" elasticityCoef="1" ang="90,0,0" color="0,220,0" radius="0.5" length="4" />
		<capsule pos="-5.75,-44.0,-4.600000000000001" vel="0,0,0" mass="1" elasticityCoef="1" ang="90,0,0" color="0,220,0" radius="0.5" length="4" />
		<capsule pos="-5.75,-44.0,-2.299999999999997" vel="0,0,0" mass="1" elasticityCoef="1" ang="90,0,0" color="0,220,0" radius="0.5" length="4" />
		<capsule pos="-5.75,-44.0,0.0" vel="0,0,0" mass="1" elasticityCoef="1" ang="90,0,0" color="0,220,0" radius="0.5" length="4" />
		<capsule pos="-5.75,-44.0,2.3000000000000043" vel="0,0,0" mass="1" elasticityCoef="1" ang="90,0,0" color="0,220,0" radius="0.5" length="4" />
		<capsule pos="-5.75,-44.0,4.600000000000001" vel="0,0,0" mass="1" elasticityCoef="1" ang="90,0,0" color="0,220,0" radius="0.5" length="4" />
		<capsule pos="-5.75,-44.0,6.899999999999999" vel="0,0,0" mass="1" elasticityCoef="1" ang="90,0,0" color="0,220,0" radius="0.5" length="4" />
		<capsule pos="-5.75,-44.0,9.200000000000003" vel="0,0,0" mass="1" elasticityCoef="1" ang="90,0,0" color="0,220,0" radius="0.5" length="4" />
		<capsule pos="-5.75,-44.0,11.5" vel="0,0,0" mass="1" elasticityCoef="1" ang="90,0,0" color="0,220,0" radius="0.5" length="4" />
		<capsule pos="-5.75,-44.0,13.799999999999997" vel="0,0,0" mass="1" elasticityCoef="1" ang="90,0,0" color="0,220,0" radius="0.5" length="4" />
		<capsule pos="-5.75,-44.0,16.1" vel="0,0,0" mass="1" elasticityCoef="1" ang="90,0,0" color="0,220,0" radius="0.5" length="4" />
		<capsule pos="-5.75,-44.0,18.4" vel="0,0,0" mass="1" elasticityCoef="1" ang="90,0,0" color="0,220,0" radius="0.5" length="4" />
		<capsule pos="-5.75,-44.0,20.699999999999996" vel="0,0,0" mass="1" elasticityCoef="1" ang="90,0,0" color="0,220,0" radius="0.5" length="4" />
		<capsule pos="-5.75,-44.0,22.999999999999993" vel="0,0,0" mass="1" elasticityCoef="1" ang="90,0,0" color="0,220,0" radius="0.5" length="4" />
		<capsule pos="-5.75,-44.0,25.300000000000004" vel="0,0,0" mass="1" elasticityCoef="1" ang="90,0,0" color="0,220,0" radius="0.5" length="4" />
		<capsule pos="-5.75,-44.0,27.6" vel="0,0,0" mass="1" elasticityCoef="1" ang="90,0,0" color="0,220,0" radius="0.5" length="4" />
		<capsule pos="-5.75,-44.0,29.9" vel="0,0,0" mass="1" elasticityCoef="1" ang="90,0,0" color="0,220,0" radius="0.5" length="4" />
		<capsule pos="-5.75,-44.0,32.199999999999996" vel="0,0,0" mass="1" elasticityCoef="1" ang="90,0,0" color="0,220,0" radius="0.5" length="4" />
		<capsule pos="-5.75,-44.0,34.49999999999999" vel="0,0,0" mass="1" elasticityCoef="1" ang="90,0,0" color="0,220,0" radius="0.5" length="4" />
		<capsule pos="-5.75,-44.0,36.800000000000004" vel="0,0,0" mass="1" elasticityCoef="1" ang="90,0,0" color="0,220,0" radius="0.5" length="4" />
		<capsule pos="-5.75,-44.0,39.1" vel="0,0,0" mass="1" elasticityCoef="1" ang="90,0,0" color="0,220,0" radius="0.5" length="4" />
		<capsule pos="-5.75,-44.0,41.4" vel="0,0,0" mass="1" elasticityCoef="1" ang="90,0,0" color="0,220,0" radius="0.5" length="4" />
		<capsule pos="-5.75,-38.5,-43.699999999999996" vel="0,0,0" mass="1" elasticityCoef="1" ang="90,0,0" color="0,220,0" radius="0.5" length="4" />
		<capsule pos="-5.75,-38.5,-41.4" vel="0,0,0" mass="1" elasticityCoef="1" ang="90,0,0" color="0,220,0" radius="0.5" length="4" />
		<capsule pos="-5.75,-38.5,-39.099999999999994" vel="0,0,0" mass="1" elasticityCoef="1" ang="90,0,0" color="0,220,0" radius="0.5" length="4" />
		<capsule pos="-5.75,-38.5,-36.8" vel="0,0,0" mass="1" elasticityCoef="1" ang="90,0,0" color="0,220,0" radius="0.5" length="4" />
		<capsule pos="-5.75,-38.5,-34.5" vel="0,0,0" mass="1" elasticityCoef="1" ang="90,0,0" color="0,220,0" radius="0.5" length="4" />
		<capsule pos="-5.75,-38.5,-32.199999999999996" vel="0,0,0" mass="1" elasticityCoef="1" ang="90,0,0" color="0,220,0" radius="0.5" length="4" />
		<capsule pos="-5.75,-38.5,-29.9" vel="0,0,0" mass="1" elasticityCoef="1" ang="90,0,0" color="0,220,0" radius="0.5" length="4" />
		<capsule pos="-5.75,-38.5,-27.599999999999998" vel="0,0,0" mass="1" elasticityCoef="1" ang="90,0,0" color="0,220,0" radius="0.5" length="4" />
		<capsule pos="-5.75,-38.5,-25.299999999999997" vel="0,0,0" mass="1" elasticityCoef="1" ang="90,0,0" color="0,220,0" radius="0.5" length="4" />
		<capsule pos="-5.75,-38.5,-22.999999999999996" vel="0,0,0" mass="1" elasticityCoef="1" ang="90,0,0" color="0,220,0" radius="0.5" length="4" />
		<capsule pos="-5.75,-38.5,-20.699999999999996" vel="0,0,0" mass="1" elasticityCoef="1" ang="90,0,0" color="0,220,0" radius="0.5" length="4" />
		<capsule pos="-5.75,-38.5,-18.4" vel="0,0,0" mass="1" elasticityCoef="1" ang="90,0,0" color="0,220,0" radius="0.5" length="4" />
		<capsule pos="-5.75,-38.5,-16.099999999999998" vel="0,0,0" mass="1" elasticityCoef="1" ang="90,0,0" color="0,220,0" radius="0.5" length="4" />
		<capsule pos="-5.75,-38.5,-13.799999999999997" vel="0,0,0" mass="1" elasticityCoef="1" ang="90,0,0" color="0,220,0" radius="0.5" length="4" />
		<capsule pos="-5.75,-38.5,-11.5" vel="0,0,0" mass="1" elasticityCoef="1" ang="90,0,0" color="0,220,0" radius="0.5" length="4" />
		<capsule pos="-5.75,-38.5,-9.199999999999996" vel="0,0,0" mass="1" elasticityCoef="1" ang="90,0,0" color="0,220,0" radius="0.5" length="4" />
		<capsule pos="-5.75,-38.5,-6.899999999999999" vel="0,0,0" mass="1" elasticityCoef="1" ang="90,0,0" color="0,220,0" radius="0.5" length="4" />
		<capsule pos="-5.75,-38.5,-4.600000000000001" vel="0,0,0" mass="1" elasticityCoef="1" ang="90,0,0" color="0,220,0" radius="0.5" length="4" />
		<capsule pos="-5.75,-38.5,-2.299999999999997" vel="0,0,0" mass="1" elasticityCoef="1" ang="90,0,0" color="0,220,0" radius="0.5" length="4" />
		<capsule pos="-5.75,-38.5,0.0" vel="0,0,0" mass="1" elasticityCoef="1" ang="90,0,0" color="0,220,0" radius="0.5" length="4" />
		<capsule pos="-5.75,-38.5,2.3000000000000043" vel="0,0,0" mass="1" elasticityCoef="1" ang="90,0,0" color="0,220,0" radius="0.5" length="4" />
		<capsule pos="-5.75,-38.5,4.600000000000001" vel="0,0,0" mass="1" elasticityCoef="1" ang="90,0,0" color="0,220,0" radius="0.5" length="4" />
		<capsule pos="-5.75,-38.5,6.899999999999999" vel="0,0,0" mass="1" elasticityCoef="1" ang="90,0,0" color="0,220,0" radius="0.5" length="4" />
		<capsule pos="-5.75,-38.5,9.200000000000003" vel="0,0,0" mass="1" elasticityCoef="1" ang="90,0,0" color="0,220,0" radius="0.5" length="4" />
		<capsule pos="-5.75,-38.5,11.5" vel="0,0,0" mass="1" elasticityCoef="1" ang="90,0,0" color="0,220,0" radius="0.5" length="4" />
		<capsule pos="-5.75,-38.5,13.799999999999997" vel="0,0,0" mass="1" elasticityCoef="1" ang="90,0,0" color="0,220,0" radius="0.5" length="4" />
		<capsule pos="-5.75,-38.5,16.1" vel="0,0,0" mass="1" elasticityCoef="1" ang="90,0,0" color="0,220,0" radius="0.5" length="4" />
		<capsule pos="-5.75,-38.5,18.4" vel="0,0,0" mass="1" elasticityCoef="1" ang="90,0,0" color="0,220,0" radius="0.5" length="4" />
		<capsule pos="-5.75,-38.5,20.699999999999996" vel="0,0,0" mass="1" elasticityCoef="1" ang="90,0,0" color="0,220,0" radius="0.5" length="4" />
		<capsule pos="-5.75,-38.5,22.999999999999993" vel="0,0,0" mass="1" elasticityCoef="1" ang="90,0,0" color="0,220,0" radius="0.5" length="4" />
		<capsule pos="-5.75,-38.5,25.300000000000004" vel="0,0,0" mass="1" elasticityCoef="1" ang="90,0,0" color="0,220,0" radius="0.5" length="4" />
		<capsule pos="-5.75,-38.5,27.6" vel="0,0,0" mass="1" elasticityCoef="1" ang="90,0,0" color="0,220,0" radius="0.5" length="4" />
		<capsule pos="-5.75,-38.5,29.9" vel="0,0,0" mass="1" elasticityCoef="1" ang="90,0,0" color="0,220,0" radius="0.5" length="4" />
		<capsule pos="-5.75,-38.5,32.199999999999996" vel="0,0,0" mass="1" elasticityCoef="1" ang="90,0,0" color="0,220,0" radius="0.5" length="4" />
		<capsule pos="-5.75,-38.5,34.49999999999999" vel="0,0,0" mass="1" elasticityCoef="1" ang="90,0,0" color="0,220,0" radius="0.5" length="4" />
		<capsule pos="-5.75,-38.5,36.800000000000004" vel="0,0,0" mass="1" elasticityCoef="1" ang="90,0,0" color="0,220,0" radius="0.5" length="4" />
		<capsule pos="-5.75,-38.5,39.1" vel="0,0,0" mass="1" elasticityCoef="1" ang="90,0,0" color="0,220,0" radius="0.5" length="4" />
		<capsule pos="-5.75,-38.5,41.4" vel="0,0,0" mass="1" elasticityCoef="1" ang="90,0,0" color="0,220,0" radius="0.5" length="4" />
		<capsule pos="-5.75,-33.0,-43.699999999999996" vel="0,0,0" mass="1" elasticityCoef="1" ang="90,0,0" color="0,220,0" radius="0.5" length="4" />
		<capsule pos="-5.75,-33.0,-41.4" vel="0,0,0" mass="1" elasticityCoef="1" ang="90,0,0" color="0,220,0" radius="0.5" length="4" />
		<capsule pos="-5.75,-33.0,-39.099999999999994" vel="0,0,0" mass="1" elasticityCoef="1" ang="90,0,0" color="0,220,0" radius="0.5" length="4" />
		<capsule pos="-5.75,-33.0,-36.8" vel="0,0,0" mass="1" elasticityCoef="1" ang="90,0,0" color="0,220,0" radius="0.5" length="4" />
		<capsule pos="-5.75,-33.0,-34.5" vel="0,0,0" mass="1" elasticityCoef="1" ang="90,0,0" color="0,220,0" radius="0.5" length="4" />
		<capsule pos="-5.75,-33.0,-32.199999999999996" vel="0,0,0" mass="1" elasticityCoef="1" ang="90,0,0" color="0,220,0" radius="0.5" length="4" />
		<capsule pos="-5.75,-33.0,-29.9" vel="0,0,0" mass="1" elasticityCoef="1" ang="90,0,0" color="0,220,0" radius="0.5" length="4" />
		<capsule pos="-5.75,-33.0,-27.599999999999998" vel="0,0,0" mass="1" elasticityCoef="1" ang="90,0,0" color="0,220,0" radius="0.5" length="4" />
		<capsule pos="-5.75,-33.0,-25.299999999999997" vel="0,0,0" mass="1" elasticityCoef="1" ang="90,0,0" color="0,220,0" radius="0.5" length="4" />
		<capsule pos="-5.75,-33.0,-22.999999999999996" vel="0,0,0" mass="1" elasticityCoef="1" ang="90,0,0" color="0,220,0" radius="0.5" length="4" />
		<capsule pos="-5.75,-33.0,-20.699999999999996" vel="0,0,0" mass="1" elasticityCoef="1" ang="90,0,0" color="0,220,0" radius="0.5" length="4" />
		<capsule pos="-5.75,-33.0,-18.4" vel="0,0,0" mass="1" elasticityCoef="1" ang="90,0,0" color="0,220,0" radius="0.5" length="4" />
		<capsule pos="-5.75,-33.0,-16.099999999999998" vel="0,0,0" mass="1" elasticityCoef="1" ang="90,0,0" color="0,220,0" radius="0.5" length="4" />
		<capsule pos="-5.75,-33.0,-13.799999999999997" vel="0,0,0" mass="1" elasticityCoef="1" ang="90,0,0" color="0,220,0" radius="0.5" length="4" />
		<capsule pos="-5.75,-33.0,-11.5" vel="0,0,0" mass="1" elasticityCoef="1" ang="90,0,0" color="0,220,0" radius="0.5" length="4" />
		<capsule pos="-5.75,-33.0,-9.199999999999996" vel="0,0,0" mass="1" elasticityCoef="1" ang="90,0,0" color="0,220,0" radius="0.5" length="4" />
		<capsule pos="-5.75,-33.0,-6.899999999999999" vel="0,0,0" mass="1" elasticityCoef="1" ang="90,0,0" color="0,220,0" radius="0.5" length="4" />
		<capsule pos="-5.75,-33.0,-4.600000000000001" vel="0,0,0" mass="1" elasticityCoef="1" ang="90,0,0" color="0,220,0" radius="0.5" length="4" />
		<capsule pos="-5.75,-33.0,-2.299999999999997" vel="0,0,0" mass="1" elasticityCoef="1" ang="90,0,0" color="0,220,0" radius="0.5" length="4" />
		<capsule pos="-5.75,-33.0,0.0" vel="0,0,0" mass="1" elasticityCoef="1" ang="90,0,0" color="0,220,0" radius="0.5" length="4" />
		<capsule pos="-5.75,-33.0,2.3000000000000043" vel="0,0,0" mass="1" elasticityCoef="1" ang="90,0,0" color="0,220,0" radius="0.5" length="4" />
		<capsule pos="-5.75,-33.0,4.600000000000001" vel="0,0,0" mass="1" elasticityCoef="1" ang="90,0,0" color="0,220,0" radius="0.5" length="4" />
		<capsule pos="-5.75,-33.0,6.899999999999999" vel="0,0,0" mass="1" elasticityCoef="1" ang="90,0,0" color="0,220,0" radius="0.5" length="4" />
		<capsule pos="-5.75,-33.0,9.200000000000003" vel="0,0,0" mass="1" elasticityCoef="1" ang="90,0,0" color="0,220,0" radius="0.5" length="4" />
		<capsule pos="-5.75,-33.0,11.5" vel="0,0,0" mass="1" elasticityCoef="1" ang="90,0,0" color="0,220,0" radius="0.5" length="4" />
		<capsule pos="-5.75,-33.0,13.799999999999997" vel="0,0,0" mass="1" elasticityCoef="1" ang="90,0,0" color="0,220,0" radius="0.5" length="4" />
		<capsule pos="-5.75,-33.0,16.1" vel="0,0,0" mass="1" elasticityCoef="1" ang="90,0,0" color="0,220,0" radius="0.5" length="4" />
		<capsule pos="-5.75,-33.0,18.4" vel="0,0,0" mass="1" elasticityCoef="1" ang="90,0,0" color="0,220,0" radius="0.5" length="4" />
		<capsule pos="-5.75,-33.0,20.699999999999996" vel="0,0,0" mass="1" elasticityCoef="1" ang="90,0,0" color="0,220,0" radius="0.5" length="4" />
		<capsule pos="-5.75,-33.0,22.999999999999993" vel="0,0,0" mass="1" elasticityCoef="1" ang="90,0,0" color="0,220,0" radius="0.5" length="4" />
		<capsule pos="-5.75,-33.0,25.300000000000004" vel="0,0,0" mass="1" elasticityCoef="1" ang="90,0,0" color="0,220,0" radius="0.5" length="4" />
		<capsule pos="-5.75,-33.0,27.6" vel="0,0,0" mass="1" elasticityCoef="1" ang="90,0,0" color="0,220,0" radius="0.5" length="4" />
		<capsule pos="-5.75,-33.0,29.9" vel="0,0,0" mass="1" elasticityCoef="1" ang="90,0,0" color="0,220,0" radius="0.5" length="4" />
		<capsule pos="-5.75,-33.0,32.199999999999996" vel="0,0,0" mass="1" elasticityCoef="1" ang="90,0,0" color="0,220,0" radius="0.5" length="4" />
		<capsule pos="-5.75,-33.0,34.49999999999999" vel="0,0,0" mass="1" elasticityCoef="1" ang="90,0,0" color="0,220,0" radius="0.5" length="4" />
		<capsule pos="-5.75,-33.0,36.800000000000004" vel="0,0,0" mass="1" elasticityCoef="1" ang="90,0,0" color="0,220,0" radius="0.5" length="4" />
		<capsule pos="-5.75,-33.0,39.1" vel="0,0,0" mass="1" elasticityCoef="1" ang="90,0,0" color="0,220,0" radius="0.5" length="4" />
		<capsule pos="-5.75,-33.0,41.4" vel="0,0,0" mass="1" elasticityCoef="1" ang="90,0,0" color="0,220,0" radius="0.5" length="4" />
		<capsule pos="-5.75,-27.5,-43.699999999999996" vel="0,0,0" mass="1" elasticityCoef="1" ang="90,0,0" color="0,220,0" radius="0.5" length="4" />
		<capsule pos="-5.75,-27.5,-41.4" vel="0,0,0" mass="1" elasticityCoef="1" ang="90,0,0" color="0,220,0" radius="0.5" length="4" />
		<capsule pos="-5.75,-27.5,-39.099999999999994" vel="0,0,0" mass="1" elasticityCoef="1" ang="90,0,0" color="0,220,0" radius="0.5" length="4" />
		<capsule pos="-5.75,-27.5,-36.8" vel="0,0,0" mass="1" elasticityCoef="1" ang="90,0,0" color="0,220,0" radius="0.5" length="4" />
		<capsule pos="-5.75,-27.5,-34.5" vel="0,0,0" mass="1" elasticityCoef="1" ang="90,0,0" color="0,220,0" radius="0.5" length="4" />
		<capsule pos="-5.75,-27.5,-32.199999999999996" vel="0,0,0" mass="1" elasticityCoef="1" ang="90,0,0" color="0,220,0" radius="0.5" length="4" />
		<capsule pos="-5.75,-27.5,-29.9" vel="0,0,0" mass="1" elasticityCoef="1" ang="90,0,0" color="0,220,0" radius="0.5" length="4" />
		<capsule pos="-5.75,-27.5,-27.599999999999998" vel="0,0,0" mass="1" elasticityCoef="1" ang="90,0,0" color="0,220,0" radius="0.5" length="4" />
		<capsule pos="-5.75,-27.5,-25.299999999999997" vel="0,0,0" mass="1" elasticityCoef="1" ang="90,0,0" color="0,220,0" radius="0.5" length="4" />
		<capsule pos="-5.75,-27.5,-22.999999999999996" vel="0,0,0" mass="1" elasticityCoef="1" ang="90,0,0" color="0,220,0" radius="0.5" length="4" />
		<capsule pos="-5.75,-27.5,-20.699999999999996" vel="0,0,0" mass="1" elasticityCoef="1" ang="90,0,0" color="0,220,0" radius="0.5" length="4" />
		<capsule pos="-5.75,-27.5,-18.4" vel="0,0,0" mass="1" elasticityCoef="1" ang="90,0,0" color="0,220,0" radius="0.5" length="4" />
		<capsule pos="-5.75,-27.5,-16.099999999999998" vel="0,0,0" mass="1" elasticityCoef="1" ang="90,0,0" color="0,220,0" radius="0.5" length="4" />
		<capsule pos="-5.75,-27.5,-13.799999999999997" vel="0,0,0" mass="1" elasticityCoef="1" ang="90,0,0" color="0,220,0" radius="0.5" length="4" />
		<capsule pos="-5.75,-27.5,-11.5" vel="0,0,0" mass="1" elasticityCoef="1" ang="90,0,0" color="0,220,0" radius="0.5" length="4" />
		<capsule pos="-5.75,-27.5,-9.199999999999996" vel="0,0,0" mass="1" elasticityCoef="1" ang="90,0,0" color="0,220,0" radius="0.5" length="4" />
		<capsule pos="-5.75,-27.5,-6.899999999999999" vel="0,0,0" mass="1" elasticityCoef="1" ang="90,0,0" color="0,220,0" radius="0.5" length="4" />
		<capsule pos="-5.75,-27.5,-4.600000000000001" vel="0,0,0" mass="1" elasticityCoef="1" ang="90,0,0" color="0,220,0" radius="0.5" length="4" />
		<capsule pos="-5.75,-27.5,-2.299999999999997" vel="0,0,0" mass="1" elasticityCoef="1" ang="90,0,0" color="0,220,0" radius="0.5" length="4" />
		<capsule pos="-5.75,-27.5,0.0" vel="0,0,0" mass="1" elasticityCoef="1" ang="90,0,0" color="0,220,0" radius="0.5" length="4" />
		<capsule pos="-5.75,-27.5,2.3000000000000043" vel="0,0,0" mass="1" elasticityCoef="1" ang="90,0,0" color="0,220,0" radius="0.5" length="4" />
		<capsule pos="-5.75,-27.5,4.600000000000001" vel="0,0,0" mass="1" elasticityCoef="1" ang="90,0,0" color="0,220,0" radius="0.5" length="4" />
		<capsule pos="-5.75,-27.5,6.899999999999999" vel="0,0,0" mass="1" elasticityCoef="1" ang="90,0,0" color="0,220,0" radius="0.5" length="4" />
		<capsule pos="-5.75,-27.5,9.200000000000003" vel="0,0,0" mass="1" elasticityCoef="1" ang="90,0,0" color="0,220,0" radius="0.5" length="4" />
		<capsule pos="-5.75,-27.5,11.5" vel="0,0,0" mass="1" elasticityCoef="1" ang="90,0,0" color="0,220,0" radius="0.5" length="4" />
		<capsule pos="-5.75,-27.5,13.799999999999997" vel="0,0,0" mass="1" elasticityCoef="1" ang="90,0,0" color="0,220,0" radius="0.5" length="4" />
		<capsule pos="-5.75,-27.5,16.1" vel="0,0,0" mass="1" elasticityCoef="1" ang="90,0,0" color="0,220,0" radius="0.5" length="4" />
		<capsule pos="-5.75,-27.5,18.4" vel="0,0,0" mass="1" elasticityCoef="1" ang="90,0,0" color="0,220,0" radius="0.5" length="4" />
		<capsule pos="-5.75,-27.5,20.699999999999996" vel="0,0,0" mass="1" elasticityCoef="1" ang="90,0,0" color="0,220,0" radius="0.5" length="4" />
		<capsule pos="-5.75,-27.5,22.999999999999993" vel="0,0,0" mass="1" elasticityCoef="1" ang="90,0,0" color="0,220,0" radius="0.5" length="4" />
		<capsule pos="-5.75,-27.5,25.300000000000004" vel="0,0,0" mass="1" elasticityCoef="1" ang="90,0,0" color="0,220,0" radius="0.5" length="4" />
		<capsule pos="-5.75,-27.5,27.6" vel="0,0,0" mass="1" elasticityCoef="1" ang="90,0,0" color="0,220,0" radius="0.5" length="4" />
		<capsule pos="-5.75,-27.5,29.9" vel="0,0,0" mass="1" elasticityCoef="1" ang="90,0,0" color="0,220,0" radius="0.5" length="4" />
		<capsule pos="-5.75,-27.5,32.199999999999996" vel="0,0,0" mass="1" elasticityCoef="1" ang="90,0,0" color="0,220,0" radius="0.5" length="4" />
		<capsule pos="-5.75,-27.5,34.49999999999999" vel="0,0,0" mass="1" elasticityCoef="1" ang="90,0,0" color="0,220,0" radius="0.5" length="4" />
		<capsule pos="-5.75,-27.5,36.800000000000004" vel="0,0,0" mass="1" elasticityCoef="1" ang="90,0,0" color="0,220,0" radius="0.5" length="4" />
		<capsule pos="-5.75,-27.5,39.1" vel="0,0,0" mass="1" elasticityCoef="1" ang="90,0,0" color="0,220,0" radius="0.5" length="4" />
		<capsule pos="-5.75,-27.5,41.4" vel="0,0,0" mass="1" elasticityCoef="1" ang="90,0,0" color="0,220,0" radius="0.5" length="4" />
		<capsule pos="-5.75,-22.0,-43.699999999999996" vel="0,0,0" mass="1" elasticityCoef="1" ang="90,0,0" color="0,220,0" radius="0.5" length="4" />
		<capsule pos="-5.75,-22.0,-41.4" vel="0,0,0" mass="1" elasticityCoef="1" ang="90,0,0" color="0,220,0" radius="0.5" length="4" />
		<capsule pos="-5.75,-22.0,-39.099999999999994" vel="0,0,0" mass="1" elasticityCoef="1" ang="90,0,0" color="0,220,0" radius="0.5" length="4" />
		<capsule pos="-5.75,-22.0,-36.8" vel="0,0,0" mass="1" elasticityCoef="1" ang="90,0,0" color="0,220,0" radius="0.5" length="4" />
		<capsule pos="-5.75,-22.0,-34.5" vel="0,0,0" mass="1" elasticityCoef="1" ang="90,0,0" color="0,220,0" radius="0.5" length="4" />
		<capsule pos="-5.75,-22.0,-32.199999999999996" vel="0,0,0" mass="1" elasticityCoef="1" ang="90,0,0" color="0,220,0" radius="0.5" length="4" />
		<capsule pos="-5.75,-22.0,-29.9" vel="0,0,0" mass="1" elasticityCoef="1" ang="90,0,0" color="0,220,0" radius="0.5" length="4" />
		<capsule pos="-5.75,-22.0,-27.599999999999998" vel="0,0,0" mass="1" elasticityCoef="1" ang="90,0,0" color="0,220,0" radius="0.5" length="4" />
		<capsule pos="-5.75,-22.0,-25.299999999999997" vel="0,0,0" mass="1" elasticityCoef="1" ang="90,0,0" color="0,220,0" radius="0.5" length="4" />
		<capsule pos="-5.75,-22.0,-22.999999999999996" vel="0,0,0" mass="1" elasticityCoef="1" ang="90,0,0" color="0,220,0" radius="0.5" length="4" />
		<capsule pos="-5.75,-22.0,-20.699999999999996" vel="0,0,0" mass="1" elasticityCoef="1" ang="90,0,0" color="0,220,0" radius="0.5" length="4" />
		<capsule pos="-5.75,-22.0,-18.4" vel="0,0,0" mass="1" elasticityCoef="1" ang="90,0,0" color="0,220,0" radius="0.5" length="4" />
		<capsule pos="-5.75,-22.0,-16.099999999999998" vel="0,0,0" mass="1" elasticityCoef="1" ang="90,0,0" color="0,220,0" radius="0.5" length="4" />
		<capsule pos="-5.75,-22.0,-13.799999999999997" vel="0,0,0" mass="1" elasticityCoef="1" ang="90,0,0" color="0,220,0" radius="0.5" length="4" />
		<capsule pos="-5.75,-22.0,-11.5" vel="0,0,0" mass="1" elasticityCoef="1" ang="90,0,0" color="0,220,0" radius="0.5" length="4" />
		<capsule pos="-5.75,-22.0,-9.199999999999996" vel="0,0,0" mass="1" elasticityCoef="1" ang="90,0,0" color="0,220,0" radius="0.5" length="4" />
		<capsule pos="-5.75,-22.0,-6.899999999999999" vel="0,0,0" mass="1" elasticityCoef="1" ang="90,0,0" color="0,220,0" radius="0.5" length="4" />
		<capsule pos="-5.75,-22.0,-4.600000000000001" vel="0,0,0" mass="1" elasticityCoef="1" ang="90,0,0" color="0,220,0" radius="0.5" length="4" />
		<capsule pos="-5.75,-22.0,-2.299999999999997" vel="0,0,0" mass="1" elasticityCoef="1" ang="90,0,0" color="0,220,0" radius="0.5" length="4" />
		<capsule pos="-5.75,-22.0,0.0" vel="0,0,0" mass="1" elasticityCoef="1" ang="90,0,0" color="0,220,0" radius="0.5" length="4" />
		<capsule pos="-5.75,-22.0,2.3000000000000043" vel="0,0,0" mass="1" elasticityCoef="1" ang="90,0,0" color="0,220,0" radius="0.5" length="4" />
		<capsule pos="-5.75,-22.0,4.600000000000001" vel="0,0,0" mass="1" elasticityCoef="1" ang="90,0,0" color="0,220,0" radius="0.5" length="4" />
		<capsule pos="-5.75,-22.0,6.899999999999999" vel="0,0,0" mass="1" elasticityCoef="1" ang="90,0,0" color="0,220,0" radius="0.5" length="4" />
		<capsule pos="-5.75,-22.0,9.200000000000003" vel="0,0,0" mass="1" elasticityCoef="1" ang="90,0,0" color="0,220,0" radius="0.5" length="4" />
		<capsule pos="-5.75,-22.0,11.5" vel="0,0,0" mass="1" elasticityCoef="1" ang="90,0,0" color="0,220,0" radius="0.5" length="4" />
		<capsule pos="-5.75,-22.0,13.799999999999997" vel="0,0,0" mass="1" elasticityCoef="1" ang="90,0,0" color="0,220,0" radius="0.5" length="4" />
		<capsule pos="-5.75,-22.0,16.1" vel="0,0,0" mass="1" elasticityCoef="1" ang="90,0,0" color="0,220,0" radius="0.5" length="4" />
		<capsule pos="-5.75,-22.0,18.4" vel="0,0,0" mass="1" elasticityCoef="1" ang="90,0,0" color="0,220,0" radius="0.5" length="4" />
		<capsule pos="-5.75,-22.0,20.699999999999996" vel="0,0,0" mass="1" elasticityCoef="1" ang="90,0,0" color="0,220,0" radius="0.5" length="4" />
		<capsule pos="-5.75,-22.0,22.999999999999993" vel="0,0,0" mass="1" elasticityCoef="1" ang="90,0,0" color="0,220,0" radius="0.5" length="4" />
		<capsule pos="-5.75,-22.0,25.300000000000004" vel="0,0,0" mass="1" elasticityCoef="1" ang="90,0,0" color="0,220,0" radius="0.5" length="4" />
		<capsule pos="-5.75,-22.0,27.6" vel="0,0,0" mass="1" elasticityCoef="1" ang="90,0,0" color="0,220,0" radius="0.5" length="4" />
		<capsule pos="-5.75,-22.0,29.9" vel="0,0,0" mass="1" elasticityCoef="1" ang="90,0,0" color="0,220,0" radius="0.5" length="4" />
		<capsule pos="-5.75,-22.0,32.199999999999996" vel="0,0,0" mass="1" elasticityCoef="1" ang="90,0,0" color="0,220,0" radius="0.5" length="4" />
		<capsule pos="-5.75,-22.0,34.49999999999999" vel="0,0,0" mass="1" elasticityCoef="1" ang="90,0,0" color="0,220,0" radius="0.5" length="4" />
		<capsule pos="-5.75,-22.0,36.800000000000004" vel="0,0,0" mass="1" elasticityCoef="1" ang="90,0,0" color="0,220,0" radius="0.5" length="4" />
		<capsule pos="-5.75,-22.0,39.1" vel="0,0,0" mass="1" elasticityCoef="1" ang="90,0,0" color="0,220,0" radius="0.5" length="4" />
		<capsule pos="-5.75,-22.0,41.4" vel="0,0,0" mass="1" elasticityCoef="1" ang="90,0,0" color="0,220,0" radius="0.5" length="4" />
		<capsule pos="-5.75,-16.5,-43.699999999999996" vel="0,0,0" mass="1" elasticityCoef="1" ang="90,0,0" color="0,220,0" radius="0.5" length="4" />
		<capsule pos="-5.75,-16.5,-41.4" vel="0,0,0" mass="1" elasticityCoef="1" ang="90,0,0" color="0,220,0" radius="0.5" length="4" />
		<capsule pos="-5.75,-16.5,-39.099999999999994" vel="0,0,0" mass="1" elasticityCoef="1" ang="90,0,0" color="0,220,0" radius="0.5" length="4" />
		<capsule pos="-5.75,-16.5,-36.8" vel="0,0,0" mass="1" elasticityCoef="1" ang="90,0,0" color="0,220,0" radius="0.5" length="4" />
		<capsule pos="-5.75,-16.5,-34.5" vel="0,0,0" mass="1" elasticityCoef="1" ang="90,0,0" color="0,220,0" radius="0.5" length="4" />
		<capsule pos="-5.75,-16.5,-32.199999999999996" vel="0,0,0" mass="1" elasticityCoef="1" ang="90,0,0" color="0,220,0" radius="0.5" length="4" />
		<capsule pos="-5.75,-16.5,-29.9" vel="0,0,0" mass="1" elasticityCoef="1" ang="90,0,0" color="0,220,0" radius="0.5" length="4" />
		<capsule pos="-5.75,-16.5,-27.599999999999998" vel="0,0,0" mass="1" elasticityCoef="1" ang="90,0,0" color="0,220,0" radius="0.5" length="4" />
		<capsule pos="-5.75,-16.5,-25.299999999999997" vel="0,0,0" mass="1" elasticityCoef="1" ang="90,0,0" color="0,220,0" radius="0.5" length="4" />
		<capsule pos="-5.75,-16.5,-22.999999999999996" vel="0,0,0" mass="1" elasticityCoef="1" ang="90,0,0" color="0,220,0" radius="0.5" length="4" />
		<capsule pos="-5.75,-16.5,-20.699999999999996" vel="0,0,0" mass="1" elasticityCoef="1" ang="90,0,0" color="0,220,0" radius="0.5" length="4" />
		<capsule pos="-5.75,-16.5,-18.4" vel="0,0,0" mass="1" elasticityCoef="1" ang="90,0,0" color="0,220,0" radius="0.5" length="4" />
		<capsule pos="-5.75,-16.5,-16.099999999999998" vel="0,0,0" mass="1" elasticityCoef="1" ang="90,0,0" color="0,220,0" radius="0.5" length="4" />
		<capsule pos="-5.75,-16.5,-13.799999999999997" vel="0,0,0" mass="1" elasticityCoef="1" ang="90,0,0" color="0,220,0" radius="0.5" length="4" />
		<capsule pos="-5.75,-16.5,-11.5" vel="0,0,0" mass="1" elasticityCoef="1" ang="90,0,0" color="0,220,0" radius="0.5" length="4" />
		<capsule pos="-5.75,-16.5,-9.199999999999996" vel="0,0,0" mass="1" elasticityCoef="1" ang="90,0,0" color="0,220,0" radius="0.5" length="4" />
		<capsule pos="-5.75,-16.5,-6.899999999999999" vel="0,0,0" mass="1" elasticityCoef="1" ang="90,0,0" color="0,220,0" radius="0.5" length="4" />
		<capsule pos="-5.75,-16.5,-4.600000000000001" vel="0,0,0" mass="1" elasticityCoef="1" ang="90,0,0" color="0,220,0" radius="0.5" length="4" />
		<capsule pos="-5.75,-16.5,-2.299999999999997" vel="0,0,0" mass="1" elasticityCoef="1" ang="90,0,0" color="0,220,0" radius="0.5" length="4" />
		<capsule pos="-5.75,-16.5,0.0" vel="0,0,0" mass="1" elasticityCoef="1" ang="90,0,0" color="0,220,0" radius="0.5" length="4" />
		<capsule pos="-5.75,-16.5,2.3000000000000043" vel="0,0,0" mass="1" elasticityCoef="1" ang="90,0,0" color="0,220,0" radius="0.5" length="4" />
		<capsule pos="-5.75,-16.5,4.600000000000001" vel="0,0,0" mass="1" elasticityCoef="1" ang="90,0,0" color="0,220,0" radius="0.5" length="4" />
		<capsule pos="-5.75,-16.5,6.899999999999999" vel="0,0,0" mass="1" elasticityCoef="1" ang="90,0,0" color="0,220,0" radius="0.5" length="4" />
		<capsule pos="-5.75,-16.5,9.200000000000003" vel="0,0,0" mass="1" elasticityCoef="1" ang="90,0,0" color="0,220,0" radius="0.5" length="4" />
		<capsule pos="-5.75,-16.5,11.5" vel="0,0,0" mass="1" elasticityCoef="1" ang="90,0,0" color="0,220,0" radius="0.5" length="4" />
		<capsule pos="-5.75,-16.5,13.799999999999997" vel="0,0,0" mass="1" elasticityCoef="1" ang="90,0,0" color="0,220,0" radius="0.5" length="4" />
		<capsule pos="-5.75,-16.5,16.1" vel="0,0,0" mass="1" elasticityCoef="1" ang="90,0,0" color="0,220,0" radius="0.5" length="4" />
		<capsule pos="-5.75,-16.5,18.4" vel="0,0,0" mass="1" elasticityCoef="1" ang="90,0,0" color="0,220,0" radius="0.5" length="4" />
		<capsule pos="-5.75,-16.5,20.699999999999996" vel="0,0,0" mass="1" elasticityCoef="1" ang="90,0,0" color="0,220,0" radius="0.5" length="4" />
		<capsule pos="-5.75,-16.5,22.999999999999993" vel="0,0,0" mass="1" elasticityCoef="1" ang="90,0,0" color="0,220,0" radius="0.5" length="4" />
		<capsule pos="-5.75,-16.5,25.300000000000004" vel="0,0,0" mass="1" elasticityCoef="1" ang="90,0,0" color="0,220,0" radius="0.5" length="4" />
		<capsule pos="-5.75,-16.5,27.6" vel="0,0,0" mass="1" elasticityCoef="1" ang="90,0,0" color="0,220,0" radius="0.5" length="4" />
		<capsule pos="-5.75,-16.5,29.9" vel="0,0,0" mass="1" elasticityCoef="1" ang="90,0,0" color="0,220,0" radius="0.5" length="4" />
		<capsule pos="-5.75,-16.5,32.199999999999996" vel="0,0,0" mass="1" elasticityCoef="1" ang="90,0,0" color="0,220,0" radius="0.5" length="4" />
		<capsule pos="-5.75,-16.5,34.49999999999999" vel="0,0,0" mass="1" elasticityCoef="1" ang="90,0,0" color="0,220,0" radius="0.5" length="4" />
		<capsule pos="-5.75,-16.5,36.800000000000004" vel="0,0,0" mass="1" elasticityCoef="1" ang="90,0,0" color="0,220,0" radius="0.5" length="4" />
		<capsule pos="-5.75,-16.5,39.1" vel="0,0,0" mass="1" elasticityCoef="1" ang="90,0,0" color="0,220,0" radius="0.5" length="4" />
		<capsule pos="-5.75,-16.5,41.4" vel="0,0,0" mass="1" elasticityCoef="1" ang="90,0,0" color="0,220,0" radius="0.5" length="4" />
		<capsule pos="-5.75,-11.0,-43.699999999999996" vel="0,0,0" mass="1" elasticityCoef="1" ang="90,0,0" color="0,220,0" radius="0.5" length="4" />
		<capsule pos="-5.75,-11.0,-41.4" vel="0,0,0" mass="1" elasticityCoef="1" ang="90,0,0" color="0,220,0" radius="0.5" length="4" />
		<capsule pos="-5.75,-11.0,-39.099999999999994" vel="0,0,0" mass="1" elasticityCoef="1" ang="90,0,0" color="0,220,0" radius="0.5" length="4" />
		<capsule pos="-5.75,-11.0,-36.8" vel="0,0,0" mass="1" elasticityCoef="1" ang="90,0,0" color="0,220,0" radius="0.5" length="4" />
		<capsule pos="-5.75,-11.0,-34.5" vel="0,0,0" mass="1" elasticityCoef="1" ang="90,0,0" color="0,220,0" radius="0.5" length="4" />
		<capsule pos="-5.75,-11.0,-32.199999999999996" vel="0,0,0" mass="1" elasticityCoef="1" ang="90,0,0" color="0,220,0" radius="0.5" length="4" />
		<capsule pos="-5.75,-11.0,-29.9" vel="0,0,0" mass="1" elasticityCoef="1" ang="90,0,0" color="0,220,0" radius="0.5" length="4" />
		<capsule pos="-5.75,-11.0,-27.599999999999998" vel="0,0,0" mass="1" elasticityCoef="1" ang="90,0,0" color="0,220,0" radius="0.5" length="4" />
		<capsule pos="-5.75,-11.0,-25.299999999999997" vel="0,0,0" mass="1" elasticityCoef="1" ang="90,0,0" color="0,220,0" radius="0.5" length="4" />
		<capsule pos="-5.75,-11.0,-22.999999999999996" vel="0,0,0" mass="1" elasticityCoef="1" ang="90,0,0" color="0,220,0" radius="0.5" length="4" />
		<capsule pos="-5.75,-11.0,-20.699999999999996" vel="0,0,0" mass="1" elasticityCoef="1" ang="90,0,0" color="0,220,0" radius="0.5" length="4" />
		<capsule pos="-5.75,-11.0,-18.4" vel="0,0,0" mass="1" elasticityCoef="1" ang="90,0,0" color="0,220,0" radius="0.5" length="4" />
		<capsule pos="-5.75,-11.0,-16.099999999999998" vel="0,0,0" mass="1" elasticityCoef="1" ang="90,0,0" color="0,220,0" radius="0.5" length="4" />
		<capsule pos="-5.75,-11.0,-13.799999999999997" vel="0,0,0" mass="1" elasticityCoef="1" ang="90,0,0" color="0,220,0" radius="0.5" length="4" />
		<capsule pos="-5.75,-11.0,-11.5" vel="0,0,0" mass="1" elasticityCoef="1" ang="90,0,0" color="0,220,0" radius="0.5" length="4" />
		<capsule pos="-5.75,-11.0,-9.199999999999996" vel="0,0,0" mass="1" elasticityCoef="1" ang="90,0,0" color="0,220,0" radius="0.5" length="4" />
		<capsule pos="-5.75,-11.0,-6.899999999999999" vel="0,0,0" mass="1" elasticityCoef="1" ang="90,0,0" color="0,220,0" radius="0.5" length="4" />
		<capsule pos="-5.75,-11.0,-4.600000000000001" vel="0,0,0" mass="1" elasticityCoef="1" ang="90,0,0" color="0,220,0" radius="0.5" length="4" />
		<capsule pos="-5.75,-11.0,-2.299999999999997" vel="0,0,0" mass="1" elasticityCoef="1" ang="90,0,0" color="0,220,0" radius="0.5" length="4" />
		<capsule pos="-5.75,-11.0,0.0" vel="0,0,0" mass="1" elasticityCoef="1" ang="90,0,0" color="0,220,0" radius="0.5" length="4" />
		<capsule pos="-5.75,-11.0,2.3000000000000043" vel="0,0,0" mass="1" elasticityCoef="1" ang="90,0,0" color="0,220,0" radius="0.5" length="4" />
		<capsule pos="-5.75,-11.0,4.600000000000001" vel="0,0,0" mass="1" elasticityCoef="1" ang="90,0,0" color="0,220,0" radius="0.5" length="4" />
		<capsule pos="-5.75,-11.0,6.899999999999999" vel="0,0,0" mass="1" elasticityCoef="1" ang="90,0,0" color="0,220,0" radius="0.5" length="4" />
		<capsule pos="-5.75,-11.0,9.200000000000003" vel="0,0,0" mass="1" elasticityCoef="1" ang="90,0,0" color="0,220,0" radius="0.5" length="4" />
		<capsule pos="-5.75,-11.0,11.5" vel="0,0,0" mass="1" elasticityCoef="1" ang="90,0,0" color="0,220,0" radius="0.5" length="4" />
		<capsule pos="-5.75,-11.0,13.799999999999997" vel="0,0,0" mass="1" elasticityCoef="1" ang="90,0,0" color="0,220,0" radius="0.5" length="4" />
		<capsule pos="-5.75,-11.0,16.1" vel="0,0,0" mass="1" elasticityCoef="1" ang="90,0,0" color="0,220,0" radius="0.5" length="4" />
		<capsule pos="-5.75,-11.0,18.4" vel="0,0,0" mass="1" elasticityCoef="1" ang="90,0,0" color="0,220,0" radius="0.5" length="4" />
		<capsule pos="-5.75,-11.0,20.699999999999996" vel="0,0,0" mass="1" elasticityCoef="1" ang="90,0,0" color="0,220,0" radius="0.5" length="4" />
		<capsule pos="-5.75,-11.0,22.999999999999993" vel="0,0,0" mass="1" elasticityCoef="1" ang="90,0,0" color="0,220,0" radius="0.5" length="4" />
		<capsule pos="-5.75,-11.0,25.300000000000004" vel="0,0,0" mass="1" elasticityCoef="1" ang="90,0,0" color="0,220,0" radius="0.5" length="4" />
		<capsule pos="-5.75,-11.0,27.6" vel="0,0,0" mass="1" elasticityCoef="1" ang="90,0,0" color="0,220,0" radius="0.5" length="4" />
		<capsule pos="-5.75,-11.0,29.9" vel="0,0,0" mass="1" elasticityCoef="1" ang="90,0,0" color="0,220,0" radius="0.5" length="4" />
		<capsule pos="-5.75,-11.0,32.199999999999996" vel="0,0,0" mass="1" elasticityCoef="1" ang="90,0,0" color="0,220,0" radius="0.5" length="4" />
		<capsule pos="-5.75,-11.0,34.49999999999999" vel="0,0,0" mass="1" elasticityCoef="1" ang="90,0,0" color="0,220,0" radius="0.5" length="4" />
		<capsule pos="-5.75,-11.0,36.800000000000004" vel="0,0,0" mass="1" elasticityCoef="1" ang="90,0,0" color="0,220,0" radius="0.5" length="4" />
		<capsule pos="-5.75,-11.0,39.1" vel="0,0,0" mass="1" elasticityCoef="1" ang="90,0,0" color="0,220,0" radius="0.5" length="4" />
		<capsule pos="-5.75,-11.0,41.4" vel="0,0,0" mass="1" elasticityCoef="1" ang="90,0,0" color="0,220,0" radius="0.5" length="4" />
		<capsule pos="-5.75,-5.5,-43.699999999999996" vel="0,0,0" mass="1" elasticityCoef="1" ang="90,0,0" color="0,220,0" radius="0.5" length="4" />
		<capsule pos="-5.75,-5.5,-41.4" vel="0,0,0" mass="1" elasticityCoef="1" ang="90,0,0" color="0,220,0" radius="0.5" length="4" />
		<capsule pos="-5.75,-5.5,-39.099999999999994" vel="0,0,0" mass="1" elasticityCoef="1" ang="90,0,0" color="0,220,0" radius="0.5" length="4" />
		<capsule pos="-5.75,-5.5,-36.8" vel="0,0,0" mass="1" elasticityCoef="1" ang="90,0,0" color="0,220,0" radius="0.5" length="4" />
		<capsule pos="-5.75,-5.5,-34.5" vel="0,0,0" mass="1" elasticityCoef="1" ang="90,0,0" color="0,220,0" radius="0.5" length="4" />
		<capsule pos="-5.75,-5.5,-32.199999999999996" vel="0,0,0" mass="1" elasticityCoef="1" ang="90,0,0" color="0,220,0" radius="0.5" length="4" />
		<capsule pos="-5.75,-5.5,-29.9" vel="0,0,0" mass="1" elasticityCoef="1" ang="90,0,0" color="0,220,0" radius="0.5" length="4" />
		<capsule pos="-5.75,-5.5,-27.599999999999998" vel="0,0,0" mass="1" elasticityCoef="1" ang="90,0,0" color="0,220,0" radius="0.5" length="4" />
		<capsule pos="-5.75,-5.5,-25.299999999999997" vel="0,0,0" mass="1" elasticityCoef="1" ang="90,0,0" color="0,220,0" radius="0.5" length="4" />
		<capsule pos="-5.75,-5.5,-22.999999999999996" vel="0,0,0" mass="1" elasticityCoef="1" ang="90,0,0" color="0,220,0" radius="0.5" length="4" />
		<capsule pos="-5.75,-5.5,-20.699999999999996" vel="0,0,0" mass="1" elasticityCoef="1" ang="90,0,0" color="0,220,0" radius="0.5" length="4" />
		<capsule pos="-5.75,-5.5,-18.4" vel="0,0,0" mass="1" elasticityCoef="1" ang="90,0,0" color="0,220,0" radius="0.5" length="4" />
		<capsule pos="-5.75,-5.5,-16.099999999999998" vel="0,0,0" mass="1" elasticityCoef="1" ang="90,0,0" color="0,220,0" radius="0.5" length="4" />
		<capsule pos="-5.75,-5.5,-13.799999999999997" vel="0,0,0" mass="1" elasticityCoef="1" ang="90,0,0" color="0,220,0" radius="0.5" length="4" />
		<capsule pos="-5.75,-5.5,-11.5" vel="0,0,0" mass="1" elasticityCoef="1" ang="90,0,0" color="0,220,0" radius="0.5" length="4" />
		<capsule pos="-5.75,-5.5,-9.199999999999996" vel="0,0,0" mass="1" elasticityCoef="1" ang="90,0,0" color="0,220,0" radius="0.5" length="4" />
		<capsule pos="-5.75,-5.5,-6.899999999999999" vel="0,0,0" mass="1" elasticityCoef="1" ang="90,0,0" color="0,220,0" radius="0.5" length="4" />
		<capsule pos="-5.75,-5.5,-4.600000000000001" vel="0,0,0" mass="1" elasticityCoef="1" ang="90,0,0" color="0,220,0" radius="0.5" length="4" />
		<capsule pos="-5.75,-5.5,-2.299999999999997" vel="0,0,0" mass="1" elasticityCoef="1" ang="90,0,0" color="0,220,0" radius="0.5" length="4" />
		<capsule pos="-5.75,-5.5,0.0" vel="0,0,0" mass="1" elasticityCoef="1" ang="90,0,0" color="0,220,0" radius="0.5" length="4" />
		<capsule pos="-5.75,-5.5,2.3000000000000043" vel="0,0,0" mass="1" elasticityCoef="1" ang="90,0,0" color="0,220,0" radius="0.5" length="4" />
		<capsule pos="-5.75,-5.5,4.600000000000001" vel="0,0,0" mass="1" elasticityCoef="1" ang="90,0,0" color="0,220,0" radius="0.5" length="4" />
		<capsule pos="-5.75,-5.5,6.899999999999999" vel="0,0,0" mass="1" elasticityCoef="1" ang="90,0,0" color="0,220,0" radius="0.5" length="4" />
		<capsule pos="-5.75,-5.5,9.200000000000003" vel="0,0,0" mass="1" elasticityCoef="1" ang="90,0,0" color="0,220,0" radius="0.5" length="4" />
		<capsule pos="-5.75,-5.5,11.5" vel="0,0,0" mass="1" elasticityCoef="1" ang="90,0,0" color="0,220,0" radius="0.5" length="4" />
		<capsule pos="-5.75,-5.5,13.799999999999997" vel="0,0,0" mass="1" elasticityCoef="1" ang="90,0,0" color="0,220,0" radius="0.5" length="4" />
		<capsule pos="-5.75,-5.5,16.1" vel="0,0,0" mass="1" elasticityCoef="1" ang="90,0,0" color="0,220,0" radius="0.5" length="4" />
		<capsule pos="-5.75,-5.5,18.4" vel="0,0,0" mass="1" elasticityCoef="1" ang="90,0,0" color="0,220,0" radius="0.5" length="4" />
		<capsule pos="-5.75,-5.5,20.699999999999996" vel="0,0,0" mass="1" elasticityCoef="1" ang="90,0,0" color="0,220,0" radius="0.5" length="4" />
		<capsule pos="-5.75,-5.5,22.999999999999993" vel="0,0,0" mass="1" elasticityCoef="1" ang="90,0,0" color="0,220,0" radius="0.5" length="4" />
		<capsule pos="-5.75,-5.5,25.300000000000004" vel="0,0,0" mass="1" elasticityCoef="1" ang="90,0,0" color="0,220,0" radius="0.5" length="4" />
		<capsule pos="-5.75,-5.5,27.6" vel="0,0,0" mass="1" elasticityCoef="1" ang="90,0,0" color="0,220,0" radius="0.5" length="4" />
		<capsule pos="-5.75,-5.5,29.9" vel="0,0,0" mass="1" elasticityCoef="1" ang="90,0,0" color="0,220,0" radius="0.5" length="4" />
		<capsule pos="-5.75,-5.5,32.199999999999996" vel="0,0,0" mass="1" elasticityCoef="1" ang="90,0,0" color="0,220,0" radius="0.5" length="4" />
		<capsule pos="-5.75,-5.5,34.49999999999999" vel="0,0,0" mass="1" elasticityCoef="1" ang="90,0,0" color="0,220,0" radius="0.5" length="4" />
		<capsule pos="-5.75,-5.5,36.800000000000004" vel="0,0,0" mass="1" elasticityCoef="1" ang="90,0,0" color="0,220,0" radius="0.5" length="4" />
		<capsule pos="-5.75,-5.5,39.1" vel="0,0,0" mass="1" elasticityCoef="1" ang="90,0,0" color="0,220,0" radius="0.5" length="4" />
		<capsule pos="-5.75,-5.5,41.4" vel="0,0,0" mass="1" elasticityCoef="1" ang="90,0,0" color="0,220,0" radius="0.5" length="4" />
		<capsule pos="-5.75,0.0,-43.699999999999996" vel="0,0,0" mass="1" elasticityCoef="1" ang="90,0,0" color="0,220,0" radius="0.5" length="4" />
		<capsule pos="-5.75,0.0,-41.4" vel="0,0,0" mass="1" elasticityCoef="1" ang="90,0,0" color="0,220,0" radius="0.5" length="4" />
		<capsule pos="-5.75,0.0,-39.099999999999994" vel="0,0,0" mass="1" elasticityCoef="1" ang="90,0,0" color="0,220,0" radius="0.5" length="4" />
		<capsule pos="-5.75,0.0,-36.8" vel="0,0,0" mass="1" elasticityCoef="1" ang="90,0,0" color="0,220,0" radius="0.5" length="4" />
		<capsule pos="-5.75,0.0,-34.5" vel="0,0,0" mass="1" elasticityCoef="1" ang="90,0,0" color="0,220,0" radius="0.5" length="4" />
		<capsule pos="-5.75,0.0,-32.199999999999996" vel="0,0,0" mass="1" elasticityCoef="1" ang="90,0,0" color="0,220,0" radius="0.5" length="4" />
		<capsule pos="-5.75,0.0,-29.9" vel="0,0,0" mass="1" elasticityCoef="1" ang="90,0,0" color="0,220,0" radius="0.5" length="4" />
		<capsule pos="-5.75,0.0,-27.599999999999998" vel="0,0,0" mass="1" elasticityCoef="1" ang="90,0,0" color="0,220,0" radius="0.5" length="4" />
		<capsule pos="-5.75,0.0,-25.299999999999997" vel="0,0,0" mass="1" elasticityCoef="1" ang="90,0,0" color="0,220,0" radius="0.5" length="4" />
		<capsule pos="-5.75,0.0,-22.999999999999996" vel="0,0,0" mass="1" elasticityCoef="1" ang="90,0,0" color="0,220,0" radius="0.5" length="4" />
		<capsule pos="-5.75,0.0,-20.699999999999996" vel="0,0,0" mass="1" elasticityCoef="1" ang="90,0,0" color="0,220,0" radius="0.5" length="4" />
		<capsule pos="-5.75,0.0,-18.4" vel="0,0,0" mass="1" elasticityCoef="1" ang="90,0,0" color="0,220,0" radius="0.5" length="4" />
		<capsule pos="-5.75,0.0,-16.099999999999998" vel="0,0,0" mass="1" elasticityCoef="1" ang="90,0,0" color="0,220,0" radius="0.5" length="4" />
		<capsule pos="-5.75,0.0,-13.799999999999997" vel="0,0,0" mass="1" elasticityCoef="1" ang="90,0,0" color="0,220,0" radius="0.5" length="4" />
		<capsule pos="-5.75,0.0,-11.5" vel="0,0,0" mass="1" elasticityCoef="1" ang="90,0,0" color="0,220,0" radius="0.5" length="4" />
		<capsule pos="-5.75,0.0,-9.199999999999996" vel="0,0,0" mass="1" elasticityCoef="1" ang="90,0,0" color="0,220,0" radius="0.5" length="4" />
		<capsule pos="-5.75,0.0,-6.899999999999999" vel="0,0,0" mass="1" elasticityCoef="1" ang="90,0,0" color="0,220,0" radius="0.5" length="4" />
		<capsule pos="-5.75,0.0,-4.600000000000001" vel="0,0,0" mass="1" elasticityCoef="1" ang="90,0,0" color="0,220,0" radius="0.5" length="4" />
		<capsule pos="-5.75,0.0,-2.299999999999997" vel="0,0,0" mass="1" elasticityCoef="1" ang="90,0,0" color="0,220,0" radius="0.5" length="4" />
		<capsule pos="-5.75,0.0,0.0" vel="0,0,0" mass="1" elasticityCoef="1" ang="90,0,0" color="0,220,0" radius="0.5" length="4" />
		<capsule pos="-5.75,0.0,2.3000000000000043" vel="0,0,0" mass="1" elasticityCoef="1" ang="90,0,0" color="0,220,0" radius="0.5" length="4" />
		<capsule pos="-5.75,0.0,4.600000000000001" vel="0,0,0" mass="1" elasticityCoef="1" ang="90,0,0" color="0,220,0" radius="0.5" length="4" />
		<capsule pos="-5.75,0.0,6.899999999999999" vel="0,0,0" mass="1" elasticityCoef="1" ang="90,0,0" color="0,220,0" radius="0.5" length="4" />
		<capsule pos="-5.75,0.0,9.200000000000003" vel="0,0,0" mass="1" elasticityCoef="1" ang="90,0,0" color="0,220,0" radius="0.5" length="4" />
		<capsule pos="-5.75,0.0,11.5" vel="0,0,0" mass="1" elasticityCoef="1" ang="90,0,0" color="0,220,0" radius="0.5" length="4" />
		<capsule pos="-5.75,0.0,13.799999999999997" vel="0,0,0" mass="1" elasticityCoef="1" ang="90,0,0" color="0,220,0" radius="0.5" length="4" />
		<capsule pos="-5.75,0.0,16.1" vel="0,0,0" mass="1" elasticityCoef="1" ang="90,0,0" color="0,220,0" radius="0.5" length="4" />
		<capsule pos="-5.75,0.0,18.4" vel="0,0,0" mass="1" elasticityCoef="1" ang="90,0,0" color="0,220,0" radius="0.5" length="4" />
		<capsule pos="-5.75,0.0,20.699999999999996" vel="0,0,0" mass="1" elasticityCoef="1" ang="90,0,0" color="0,220,0" radius="0.5" length="4" />
		<capsule pos="-5.75,0.0,22.999999999999993" vel="0,0,0" mass="1" elasticityCoef="1" ang="90,0,0" color="0,220,0" radius="0.5" length="4" />
		<capsule pos="-5.75,0.0,25.300000000000004" vel="0,0,0" mass="1" elasticityCoef="1" ang="90,0,0" color="0,220,0" radius="0.5" length="4" />
		<capsule pos="-5.75,0.0,27.6" vel="0,0,0" mass="1" elasticityCoef="1" ang="90,0,0" color="0,220,0" radius="0.5" length="4" />
		<capsule pos="-5.75,0.0,29.9" vel="0,0,0" mass="1" elasticityCoef="1" ang="90,0,0" color="0,220,0" radius="0.5" length="4" />
		<capsule pos="-5.75,0.0,32.199999999999996" vel="0,0,0" mass="1" elasticityCoef="1" ang="90,0,0" color="0,220,0" radius="0.5" length="4" />
		<capsule pos="-5.75,0.0,34.49999999999999" vel="0,0,0" mass="1" elasticityCoef="1" ang="90,0,0" color="0,220,0" radius="0.5" length="4" />
		<capsule pos="-5.75,0.0,36.800000000000004" vel="0,0,0" mass="1" elasticityCoef="1" ang="90,0,0" color="0,220,0" radius="0.5" length="4" />
		<capsule pos="-5.75,0.0,39.1" vel="0,0,0" mass="1" elasticityCoef="1" ang="90,0,0" color="0,220,0" radius="0.5" length="4" />
		<capsule pos="-5.75,0.0,41.4" vel="0,0,0" mass="1" elasticityCoef="1" ang="90,0,0" color="0,220,0" radius="0.5" length="4" />
		<capsule pos="-5.75,5.5,-43.699999999999996" vel="0,0,0" mass="1" elasticityCoef="1" ang="90,0,0" color="0,220,0" radius="0.5" length="4" />
		<capsule pos="-5.75,5.5,-41.4" vel="0,0,0" mass="1" elasticityCoef="1" ang="90,0,0" color="0,220,0" radius="0.5" length="4" />
		<capsule pos="-5.75,5.5,-39.099999999999994" vel="0,0,0" mass="1" elasticityCoef="1" ang="90,0,0" color="0,220,0" radius="0.5" length="4" />
		<capsule pos="-5.75,5.5,-36.8" vel="0,0,0" mass="1" elasticityCoef="1" ang="90,0,0" color="0,220,0" radius="0.5" length="4" />
		<capsule pos="-5.75,5.5,-34.5" vel="0,0,0" mass="1" elasticityCoef="1" ang="90,0,0" color="0,220,0" radius="0.5" length="4" />
		<capsule pos="-5.75,5.5,-32.199999999999996" vel="0,0,0" mass="1" elasticityCoef="1" ang="90,0,0" color="0,220,0" radius="0.5" length="4" />
		<capsule pos="-5.75,5.5,-29.9" vel="0,0,0" mass="1" elasticityCoef="1" ang="90,0,0" color="0,220,0" radius="0.5" length="4" />
		<capsule pos="-5.75,5.5,-27.599999999999998" vel="0,0,0" mass="1" elasticityCoef="1" ang="90,0,0" color="0,220,0" radius="0.5" length="4" />
		<capsule pos="-5.75,5.5,-25.299999999999997" vel="0,0,0" mass="1" elasticityCoef="1" ang="90,0,0" color="0,220,0" radius="0.5" length="4" />
		<capsule pos="-5.75,5.5,-22.999999999999996" vel="0,0,0" mass="1" elasticityCoef="1" ang="90,0,0" color="0,220,0" radius="0.5" length="4" />
		<capsule pos="-5.75,5.5,-20.699999999999996" vel="0,0,0" mass="1" elasticityCoef="1" ang="90,0,0" color="0,220,0" radius="0.5" length="4" />
		<capsule pos="-5.75,5.5,-18.4" vel="0,0,0" mass="1" elasticityCoef="1" ang="90,0,0" color="0,220,0" radius="0.5" length="4" />
		<capsule pos="-5.75,5.5,-16.099999999999998" vel="0,0,0" mass="1" elasticityCoef="1" ang="90,0,0" color="0,220,0" radius="0.5" length="4" />
		<capsule pos="-5.75,5.5,-13.799999999999997" vel="0,0,0" mass="1" elasticityCoef="1" ang="90,0,0" color="0,220,0" radius="0.5" length="4" />
		<capsule pos="-5.75,5.5,-11.5" vel="0,0,0" mass="1" elasticityCoef="1" ang="90,0,0" color="0,220,0" radius="0.5" length="4" />
		<capsule pos="-5.75,5.5,-9.199999999999996" vel="0,0,0" mass="1" elasticityCoef="1" ang="90,0,0" color="0,220,0" radius="0.5" length="4" />
		<capsule pos="-5.75,5.5,-6.899999999999999" vel="0,0,0" mass="1" elasticityCoef="1" ang="90,0,0" color="0,220,0" radius="0.5" length="4" />
		<capsule pos="-5.75,5.5,-4.600000000000001" vel="0,0,0" mass="1" elasticityCoef="1" ang="90,0,0" color="0,220,0" radius="0.5" length="4" />
		<capsule pos="-5.75,5.5,-2.299999999999997" vel="0,0,0" mass="1" elasticityCoef="1" ang="90,0,0" color="0,220,0" radius="0.5" length="4" />
		<capsule pos="-5.75,5.5,0.0" vel="0,0,0" mass="1" elasticityCoef="1" ang="90,0,0" color="0,220,0" radius="0.5" length="4" />
		<capsule pos="-5.75,5.5,2.3000000000000043" vel="0,0,0" mass="1" elasticityCoef="1" ang="90,0,0" color="0,220,0" radius="0.5" length="4" />
		<capsule pos="-5.75,5.5,4.600000000000001" vel="0,0,0" mass="1" elasticityCoef="1" ang="90,0,0" color="0,220,0" radius="0.5" length="4" />
		<capsule pos="-5.75,5.5,6.899999999999999" vel="0,0,0" mass="1" elasticityCoef="1" ang="90,0,0" color="0,220,0" radius="0.5" length="4" />
		<capsule pos="-5.75,5.5,9.200000000000003" vel="0,0,0" mass="1" elasticityCoef="1" ang="90,0,0" color="0,220,0" radius="0.5" length="4" />
		<capsule pos="-5.75,5.5,11.5" vel="0,0,0" mass="1" elasticityCoef="1" ang="90,0,0" color="0,220,0" radius="0.5" length="4" />
		<capsule pos="-5.75,5.5,13.799999999999997" vel="0,0,0" mass="1" elasticityCoef="1" ang="90,0,0" color="0,220,0" radius="0.5" length="4" />
		<capsule pos="-5.75,5.5,16.1" vel="0,0,0" mass="1" elasticityCoef="1" ang="90,0,0" color="0,220,0" radius="0.5" length="4" />
		<capsule pos="-5.75,5.5,18.4" vel="0,0,0" mass="1" elasticityCoef="1" ang="90,0,0" color="0,220,0" radius="0.5" length="4" />
		<capsule pos="-5.75,5.5,20.699999999999996" vel="0,0,0" mass="1" elasticityCoef="1" ang="90,0,0" color="0,220,0" radius="0.5" length="4" />
		<capsule pos="-5.75,5.5,22.999999999999993" vel="0,0,0" mass="1" elasticityCoef="1" ang="90,0,0" color="0,220,0" radius="0.5" length="4" />
		<capsule pos="-5.75,5.5,25.300000000000004" vel="0,0,0" mass="1" elasticityCoef="1" ang="90,0,0" color="0,220,0" radius="0.5" length="4" />
		<capsule pos="-5.75,5.5,27.6" vel="0,0,0" mass="1" elasticityCoef="1" ang="90,0,0" color="0,220,0" radius="0.5" length="4" />
		<capsule pos="-5.75,5.5,29.9" vel="0,0,0" mass="1" elasticityCoef="1" ang="90,0,0" color="0,220,0" radius="0.5" length="4" />
		<capsule pos="-5.75,5.5,32.199999999999996" vel="0,0,0" mass="1" elasticityCoef="1" ang="90,0,0" color="0,220,0" radius="0.5" length="4" />
		<capsule pos="-5.75,5.5,34.49999999999999" vel="0,0,0" mass="1" elasticityCoef="1" ang="90,0,0" color="0,220,0" radius="0.5" length="4" />
		<capsule pos="-5.75,5.5,36.800000000000004" vel="0,0,0" mass="1" elasticityCoef="1" ang="90,0,0" color="0,220,0" radius="0.5" length="4" />
		<capsule pos="-5.75,5.5,39.1" vel="0,0,0" mass="1" elasticityCoef="1" ang="90,0,0" color="0,220,0" radius="0.5" length="4" />
		<capsule pos="-5.75,5.5,41.4" vel="0,0,0" mass="1" elasticityCoef="1" ang="90,0,0" color="0,220,0" radius="0.5" length="4" />
		<capsule pos="-5.75,11.0,-43.699999999999996" vel="0,0,0" mass="1" elasticityCoef="1" ang="90,0,0" color="0,220,0" radius="0.5" length="4" />
		<capsule pos="-5.75,11.0,-41.4" vel="0,0,0" mass="1" elasticityCoef="1" ang="90,0,0" color="0,220,0" radius="0.5" length="4" />
		<capsule pos="-5.75,11.0,-39.099999999999994" vel="0,0,0" mass="1" elasticityCoef="1" ang="90,0,0" color="0,220,0" radius="0.5" length="4" />
		<capsule pos="-5.75,11.0,-36.8" vel="0,0,0" mass="1" elasticityCoef="1" ang="90,0,0" color="0,220,0" radius="0.5" length="4" />
		<capsule pos="-5.75,11.0,-34.5" vel="0,0,0" mass="1" elasticityCoef="1" ang="90,0,0" color="0,220,0" radius="0.5" length="4" />
		<capsule pos="-5.75,11.0,-32.199999999999996" vel="0,0,0" mass="1" elasticityCoef="1" ang="90,0,0" color="0,220,0" radius="0.5" length="4" />
		<capsule pos="-5.75,11.0,-29.9" vel="0,0,0" mass="1" elasticityCoef="1" ang="90,0,0" color="0,220,0" radius="0.5" length="4" />
		<capsule pos="-5.75,11.0,-27.599999999999998" vel="0,0,0" mass="1" elasticityCoef="1" ang="90,0,0" color="0,220,0" radius="0.5" length="4" />
		<capsule pos="-5.75,11.0,-25.299999999999997" vel="0,0,0" mass="1" elasticityCoef="1" ang="90,0,0" color="0,220,0" radius="0.5" length="4" />
		<capsule pos="-5.75,11.0,-22.999999999999996" vel="0,0,0" mass="1" elasticityCoef="1" ang="90,0,0" color="0,220,0" radius="0.5" length="4" />
		<capsule pos="-5.75,11.0,-20.699999999999996" vel="0,0,0" mass="1" elasticityCoef="1" ang="90,0,0" color="0,220,0" radius="0.5" length="4" />
		<capsule pos="-5.75,11.0,-18.4" vel="0,0,0" mass="1" elasticityCoef="1" ang="90,0,0" color="0,220,0" radius="0.5" length="4" />
		<capsule pos="-5.75,11.0,-16.099999999999998" vel="0,0,0" mass="1" elasticityCoef="1" ang="90,0,0" color="0,220,0" radius="0.5" length="4" />
		<capsule pos="-5.75,11.0,-13.799999999999997" vel="0,0,0" mass="1" elasticityCoef="1" ang="90,0,0" color="0,220,0" radius="0.5" length="4" />
		<capsule pos="-5.75,11.0,-11.5" vel="0,0,0" mass="1" elasticityCoef="1" ang="90,0,0" color="0,220,0" radius="0.5" length="4" />
		<capsule pos="-5.75,11.0,-9.199999999999996" vel="0,0,0" mass="1" elasticityCoef="1" ang="90,0,0" color="0,220,0" radius="0.5" length="4" />
		<capsule pos="-5.75,11.0,-6.899999999999999" vel="0,0,0" mass="1" elasticityCoef="1" ang="90,0,0" color="0,220,0" radius="0.5" length="4" />
		<capsule pos="-5.75,11.0,-4.600000000000001" vel="0,0,0" mass="1" elasticityCoef="1" ang="90,0,0" color="0,220,0" radius="0.5" length="4" />
		<capsule pos="-5.75,11.0,-2.299999999999997" vel="0,0,0" mass="1" elasticityCoef="1" ang="90,0,0" color="0,220,0" radius="0.5" length="4" />
		<capsule pos="-5.75,11.0,0.0" vel="0,0,0" mass="1" elasticityCoef="1" ang="90,0,0" color="0,220,0" radius="0.5" length="4" />
		<capsule pos="-5.75,11.0,2.3000000000000043" vel="0,0,0" mass="1" elasticityCoef="1" ang="90,0,0" color="0,220,0" radius="0.5" length="4" />
		<capsule pos="-5.75,11.0,4.600000000000001" vel="0,0,0" mass="1" elasticityCoef="1" ang="90,0,0" color="0,220,0" radius="0.5" length="4" />
		<capsule pos="-5.75,11.0,6.899999999999999" vel="0,0,0" mass="1" elasticityCoef="1" ang="90,0,0" color="0,220,0" radius="0.5" length="4" />
		<capsule pos="-5.75,11.0,9.200000000000003" vel="0,0,0" mass="1" elasticityCoef="1" ang="90,0,0" color="0,220,0" radius="0.5" length="4" />
		<capsule pos="-5.75,11.0,11.5" vel="0,0,0" mass="1" elasticityCoef="1" ang="90,0,0" color="0,220,0" radius="0.5" length="4" />
		<capsule pos="-5.75,11.0,13.799999999999997" vel="0,0,0" mass="1" elasticityCoef="1" ang="90,0,0" color="0,220,0" radius="0.5" length="4" />
		<capsule pos="-5.75,11.0,16.1" vel="0,0,0" mass="1" elasticityCoef="1" ang="90,0,0" color="0,220,0" radius="0.5" length="4" />
		<capsule pos="-5.75,11.0,18.4" vel="0,0,0" mass="1" elasticityCoef="1" ang="90,0,0" color="0,220,0" radius="0.5" length="4" />
		<capsule pos="-5.75,11.0,20.699999999999996" vel="0,0,0" mass="1" elasticityCoef="1" ang="90,0,0" color="0,220,0" radius="0.5" length="4" />
		<capsule pos="-5.75,11.0,22.999999999999993" vel="0,0,0" mass="1" elasticityCoef="1" ang="90,0,0" color="0,220,0" radius="0.5" length="4" />
		<capsule pos="-5.75,11.0,25.300000000000004" vel="0,0,0" mass="1" elasticityCoef="1" ang="90,0,0" color="0,220,0" radius="0.5" length="4" />
		<capsule pos="-5.75,11.0,27.6" vel="0,0,0" mass="1" elasticityCoef="1" ang="90,0,0" color="0,220,0" radius="0.5" length="4" />
		<capsule pos="-5.75,11.0,29.9" vel="0,0,0" mass="1" elasticityCoef="1" ang="90,0,0" color="0,220,0" radius="0.5" length="4" />
		<capsule pos="-5.75,11.0,32.199999999999996" vel="0,0,0" mass="1" elasticityCoef="1" ang="90,0,0" color="0,220,0" radius="0.5" length="4" />
		<capsule pos="-5.75,11.0,34.49999999999999" vel="0,0,0" mass="1" elasticityCoef="1" ang="90,0,0" color="0,220,0" radius="0.5" length="4" />
		<capsule pos="-5.75,11.0,36.800000000000004" vel="0,0,0" mass="1" elasticityCoef="1" ang="90,0,0" color="0,220,0" radius="0.5" length="4" />
		<capsule pos="-5.75,11.0,39.1" vel="0,0,0" mass="1" elasticityCoef="1" ang="90,0,0" color="0,220,0" radius="0.5" length="4" />
		<capsule pos="-5.75,11.0,41.4" vel="0,0,0" mass="1" elasticityCoef="1" ang="90,0,0" color="0,220,0" radius="0.5" length="4" />
		<capsule pos="-5.75,16.5,-43.699999999999996" vel="0,0,0" mass="1" elasticityCoef="1" ang="90,0,0" color="0,220,0" radius="0.5" length="4" />
		<capsule pos="-5.75,16.5,-41.4" vel="0,0,0" mass="1" elasticityCoef="1" ang="90,0,0" color="0,220,0" radius="0.5" length="4" />
		<capsule pos="-5.75,16.5,-39.099999999999994" vel="0,0,0" mass="1" elasticityCoef="1" ang="90,0,0" color="0,220,0" radius="0.5" length="4" />
		<capsule pos="-5.75,16.5,-36.8" vel="0,0,0" mass="1" elasticityCoef="1" ang="90,0,0" color="0,220,0" radius="0.5" length="4" />
		<capsule pos="-5.75,16.5,-34.5" vel="0,0,0" mass="1" elasticityCoef="1" ang="90,0,0" color="0,220,0" radius="0.5" length="4" />
		<capsule pos="-5.75,16.5,-32.199999999999996" vel="0,0,0" mass="1" elasticityCoef="1" ang="90,0,0" color="0,220,0" radius="0.5" length="4" />
		<capsule pos="-5.75,16.5,-29.9" vel="0,0,0" mass="1" elasticityCoef="1" ang="90,0,0" color="0,220,0" radius="0.5" length="4" />
		<capsule pos="-5.75,16.5,-27.599999999999998" vel="0,0,0" mass="1" elasticityCoef="1" ang="90,0,0" color="0,220,0" radius="0.5" length="4" />
		<capsule pos="-5.75,16.5,-25.299999999999997" vel="0,0,0" mass="1" elasticityCoef="1" ang="90,0,0" color="0,220,0" radius="0.5" length="4" />
		<capsule pos="-5.75,16.5,-22.999999999999996" vel="0,0,0" mass="1" elasticityCoef="1" ang="90,0,0" color="0,220,0" radius="0.5" length="4" />
		<capsule pos="-5.75,16.5,-20.699999999999996" vel="0,0,0" mass="1" elasticityCoef="1" ang="90,0,0" color="0,220,0" radius="0.5" length="4" />
		<capsule pos="-5.75,16.5,-18.4" vel="0,0,0" mass="1" elasticityCoef="1" ang="90,0,0" color="0,220,0" radius="0.5" length="4" />
		<capsule pos="-5.75,16.5,-16.099999999999998" vel="0,0,0" mass="1" elasticityCoef="1" ang="90,0,0" color="0,220,0" radius="0.5" length="4" />
		<capsule pos="-5.75,16.5,-13.799999999999997" vel="0,0,0" mass="1" elasticityCoef="1" ang="90,0,0" color="0,220,0" radius="0.5" length="4" />
		<capsule pos="-5.75,16.5,-11.5" vel="0,0,0" mass="1" elasticityCoef="1" ang="90,0,0" color="0,220,0" radius="0.5" length="4" />
		<capsule pos="-5.75,16.5,-9.199999999999996" vel="0,0,0" mass="1" elasticityCoef="1" ang="90,0,0" color="0,220,0" radius="0.5" length="4" />
		<capsule pos="-5.75,16.5,-6.899999999999999" vel="0,0,0" mass="1" elasticityCoef="1" ang="90,0,0" color="0,220,0" radius="0.5" length="4" />
		<capsule pos="-5.75,16.5,-4.600000000000001" vel="0,0,0" mass="1" elasticityCoef="1" ang="90,0,0" color="0,220,0" radius="0.5" length="4" />
		<capsule pos="-5.75,16.5,-2.299999999999997" vel="0,0,0" mass="1" elasticityCoef="1" ang="90,0,0" color="0,220,0" radius="0.5" length="4" />
		<capsule pos="-5.75,16.5,0.0" vel="0,0,0" mass="1" elasticityCoef="1" ang="90,0,0" color="0,220,0" radius="0.5" length="4" />
		<capsule pos="-5.75,16.5,2.3000000000000043" vel="0,0,0" mass="1" elasticityCoef="1" ang="90,0,0" color="0,220,0" radius="0.5" length="4" />
		<capsule pos="-5.75,16.5,4.600000000000001" vel="0,0,0" mass="1" elasticityCoef="1" ang="90,0,0" color="0,220,0" radius="0.5" length="4" />
		<capsule pos="-5.75,16.5,6.899999999999999" vel="0,0,0" mass="1" elasticityCoef="1" ang="90,0,0" color="0,220,0" radius="0.5" length="4" />
		<capsule pos="-5.75,16.5,9.200000000000003" vel="0,0,0" mass="1" elasticityCoef="1" ang="90,0,0" color="0,220,0" radius="0.5" length="4" />
		<capsule pos="-5.75,16.5,11.5" vel="0,0,0" mass="1" elasticityCoef="1" ang="90,0,0" color="0,220,0" radius="0.5" length="4" />
		<capsule pos="-5.75,16.5,13.799999999999997" vel="0,0,0" mass="1" elasticityCoef="1" ang="90,0,0" color="0,220,0" radius="0.5" length="4" />
		<capsule pos="-5.75,16.5,16.1" vel="0,0,0" mass="1" elasticityCoef="1" ang="90,0,0" color="0,220,0" radius="0.5" length="4" />
		<capsule pos="-5.75,16.5,18.4" vel="0,0,0" mass="1" elasticityCoef="1" ang="90,0,0" color="0,220,0" radius="0.5" length="4" />
		<capsule pos="-5.75,16.5,20.699999999999996" vel="0,0,0" mass="1" elasticityCoef="1" ang="90,0,0" color="0,220,0" radius="0.5" length="4" />
		<capsule pos="-5.75,16.5,22.999999999999993" vel="0,0,0" mass="1" elasticityCoef="1" ang="90,0,0" color="0,220,0" radius="0.5" length="4" />
		<capsule pos="-5.75,16.5,25.300000000000004" vel="0,0,0" mass="1" elasticityCoef="1" ang="90,0,0" color="0,220,0" radius="0.5" length="4" />
		<capsule pos="-5.75,16.5,27.6" vel="0,0,0" mass="1" elasticityCoef="1" ang="90,0,0" color="0,220,0" radius="0.5" length="4" />
		<capsule pos="-5.75,16.5,29.9" vel="0,0,0" mass="1" elasticityCoef="1" ang="90,0,0" color="0,220,0" radius="0.5" length="4" />
		<capsule pos="-5.75,16.5,32.199999999999996" vel="0,0,0" mass="1" elasticityCoef="1" ang="90,0,0" color="0,220,0" radius="0.5" length="4" />
		<capsule pos="-5.75,16.5,34.49999999999999" vel="0,0,0" mass="1" elasticityCoef="1" ang="90,0,0" color="0,220,0" radius="0.5" length="4" />
		<capsule pos="-5.75,16.5,36.800000000000004" vel="0,0,0" mass="1" elasticityCoef="1" ang="90,0,0" color="0,220,0" radius="0.5" length="4" />
		<capsule pos="-5.75,16.5,39.1" vel="0,0,0" mass="1" elasticityCoef="1" ang="90,0,0" color="0,220,0" radius="0.5" length="4" />
		<capsule pos="-5.75,16.5,41.4" vel="0,0,0" mass="1" elasticityCoef="1" ang="90,0,0" color="0,220,0" radius="0.5" length="4" />
		<capsule pos="-5.75,22.0,-43.699999999999996" vel="0,0,0" mass="1" elasticityCoef="1" ang="90,0,0" color="0,220,0" radius="0.5" length="4" />
		<capsule pos="-5.75,22.0,-41.4" vel="0,0,0" mass="1" elasticityCoef="1" ang="90,0,0" color="0,220,0" radius="0.5" length="4" />
		<capsule pos="-5.75,22.0,-39.099999999999994" vel="0,0,0" mass="1" elasticityCoef="1" ang="90,0,0" color="0,220,0" radius="0.5" length="4" />
		<capsule pos="-5.75,22.0,-36.8" vel="0,0,0" mass="1" elasticityCoef="1" ang="90,0,0" color="0,220,0" radius="0.5" length="4" />
		<capsule pos="-5.75,22.0,-34.5" vel="0,0,0" mass="1" elasticityCoef="1" ang="90,0,0" color="0,220,0" radius="0.5" length="4" />
		<capsule pos="-5.75,22.0,-32.199999999999996" vel="0,0,0" mass="1" elasticityCoef="1" ang="90,0,0" color="0,220,0" radius="0.5" length="4" />
		<capsule pos="-5.75,22.0,-29.9" vel="0,0,0" mass="1" elasticityCoef="1" ang="90,0,0" color="0,220,0" radius="0.5" length="4" />
		<capsule pos="-5.75,22.0,-27.599999999999998" vel="0,0,0" mass="1" elasticityCoef="1" ang="90,0,0" color="0,220,0" radius="0.5" length="4" />
		<capsule pos="-5.75,22.0,-25.299999999999997" vel="0,0,0" mass="1" elasticityCoef="1" ang="90,0,0" color="0,220,0" radius="0.5" length="4" />
		<capsule pos="-5.75,22.0,-22.999999999999996" vel="0,0,0" mass="1" elasticityCoef="1" ang="90,0,0" color="0,220,0" radius="0.5" length="4" />
		<capsule pos="-5.75,22.0,-20.699999999999996" vel="0,0,0" mass="1" elasticityCoef="1" ang="90,0,0" color="0,220,0" radius="0.5" length="4" />
		<capsule pos="-5.75,22.0,-18.4" vel="0,0,0" mass="1" elasticityCoef="1" ang="90,0,0" color="0,220,0" radius="0.5" length="4" />
		<capsule pos="-5.75,22.0,-16.099999999999998" vel="0,0,0" mass="1" elasticityCoef="1" ang="90,0,0" color="0,220,0" radius="0.5" length="4" />
		<capsule pos="-5.75,22.0,-13.799999999999997" vel="0,0,0" mass="1" elasticityCoef="1" ang="90,0,0" color="0,220,0" radius="0.5" length="4" />
		<capsule pos="-5.75,22.0,-11.5" vel="0,0,0" mass="1" elasticityCoef="1" ang="90,0,0" color="0,220,0" radius="0.5" length="4" />
		<capsule pos="-5.75,22.0,-9.199999999999996" vel="0,0,0" mass="1" elasticityCoef="1" ang="90,0,0" color="0,220,0" radius="0.5" length="4" />
		<capsule pos="-5.75,22.0,-6.899999999999999" vel="0,0,0" mass="1" elasticityCoef="1" ang="90,0,0" color="0,220,0" radius="0.5" length="4" />
		<capsule pos="-5.75,22.0,-4.600000000000001" vel="0,0,0" mass="1" elasticityCoef="1" ang="90,0,0" color="0,220,0" radius="0.5" length="4" />
		<capsule pos="-5.75,22.0,-2.299999999999997" vel="0,0,0" mass="1" elasticityCoef="1" ang="90,0,0" color="0,220,0" radius="0.5" length="4" />
		<capsule pos="-5.75,22.0,0.0" vel="0,0,0" mass="1" elasticityCoef="1" ang="90,0,0" color="0,220,0" radius="0.5" length="4" />
		<capsule pos="-5.75,22.0,2.3000000000000043" vel="0,0,0" mass="1" elasticityCoef="1" ang="90,0,0" color="0,220,0" radius="0.5" length="4" />
		<capsule pos="-5.75,22.0,4.600000000000001" vel="0,0,0" mass="1" elasticityCoef="1" ang="90,0,0" color="0,220,0" radius="0.5" length="4" />
		<capsule pos="-5.75,22.0,6.899999999999999" vel="0,0,0" mass="1" elasticityCoef="1" ang="90,0,0" color="0,220,0" radius="0.5" length="4" />
		<capsule pos="-5.75,22.0,9.200000000000003" vel="0,0,0" mass="1" elasticityCoef="1" ang="90,0,0" color="0,220,0" radius="0.5" length="4" />
		<capsule pos="-5.75,22.0,11.5" vel="0,0,0" mass="1" elasticityCoef="1" ang="90,0,0" color="0,220,0" radius="0.5" length="4" />
		<capsule pos="-5.75,22.0,13.799999999999997" vel="0,0,0" mass="1" elasticityCoef="1" ang="90,0,0" color="0,220,0" radius="0.5" length="4" />
		<capsule pos="-5.75,22.0,16.1" vel="0,0,0" mass="1" elasticityCoef="1" ang="90,0,0" color="0,220,0" radius="0.5" length="4" />
		<capsule pos="-5.75,22.0,18.4" vel="0,0,0" mass="1" elasticityCoef="1" ang="90,0,0" color="0,220,0" radius="0.5" length="4" />
		<capsule pos="-5.75,22.0,20.699999999999996" vel="0,0,0" mass="1" elasticityCoef="1" ang="90,0,0" color="0,220,0" radius="0.5" length="4" />
		<capsule pos="-5.75,22.0,22.999999999999993" vel="0,0,0" mass="1" elasticityCoef="1" ang="90,0,0" color="0,220,0" radius="0.5" length="4" />
		<capsule pos="-5.75,22.0,25.300000000000004" vel="0,0,0" mass="1" elasticityCoef="1" ang="90,0,0" color="0,220,0" radius="0.5" length="4" />
		<capsule pos="-5.75,22.0,27.6" vel="0,0,0" mass="1" elasticityCoef="1" ang="90,0,0" color="0,220,0" radius="0.5" length="4" />
		<capsule pos="-5.75,22.0,29.9" vel="0,0,0" mass="1" elasticityCoef="1" ang="90,0,0" color="0,220,0" radius="0.5" length="4" />
		<capsule pos="-5.75,22.0,32.199999999999996" vel="0,0,0" mass="1" elasticityCoef="1" ang="90,0,0" color="0,220,0" radius="0.5" length="4" />
		<capsule pos="-5.75,22.0,34.49999999999999" vel="0,0,0" mass="1" elasticityCoef="1" ang="90,0,0" color="0,220,0" radius="0.5" length="4" />
		<capsule pos="-5.75,22.0,36.800000000000004" vel="0,0,0" mass="1" elasticityCoef="1" ang="90,0,0" color="0,220,0" radius="0.5" length="4" />
		<capsule pos="-5.75,22.0,39.1" vel="0,0,0" mass="1" elasticityCoef="1" ang="90,0,0" color="0,220,0" radius="0.5" length="4" />
		<capsule pos="-5.75,22.0,41.4" vel="0,0,0" mass="1" elasticityCoef="1" ang="90,0,0" color="0,220,0" radius="0.5" length="4" />
		<capsule pos="-5.75,27.5,-43.699999999999996" vel="0,0,0" mass="1" elasticityCoef="1" ang="90,0,0" color="0,220,0" radius="0.5" length="4" />
		<capsule pos="-5.75,27.5,-41.4" vel="0,0,0" mass="1" elasticityCoef="1" ang="90,0,0" color="0,220,0" radius="0.5" length="4" />
		<capsule pos="-5.75,27.5,-39.099999999999994" vel="0,0,0" mass="1" elasticityCoef="1" ang="90,0,0" color="0,220,0" radius="0.5" length="4" />
		<capsule pos="-5.75,27.5,-36.8" vel="0,0,0" mass="1" elasticityCoef="1" ang="90,0,0" color="0,220,0" radius="0.5" length="4" />
		<capsule pos="-5.75,27.5,-34.5" vel="0,0,0" mass="1" elasticityCoef="1" ang="90,0,0" color="0,220,0" radius="0.5" length="4" />
		<capsule pos="-5.75,27.5,-32.199999999999996" vel="0,0,0" mass="1" elasticityCoef="1" ang="90,0,0" color="0,220,0" radius="0.5" length="4" />
		<capsule pos="-5.75,27.5,-29.9" vel="0,0,0" mass="1" elasticityCoef="1" ang="90,0,0" color="0,220,0" radius="0.5" length="4" />
		<capsule pos="-5.75,27.5,-27.599999999999998" vel="0,0,0" mass="1" elasticityCoef="1" ang="90,0,0" color="0,220,0" radius="0.5" length="4" />
		<capsule pos="-5.75,27.5,-25.299999999999997" vel="0,0,0" mass="1" elasticityCoef="1" ang="90,0,0" color="0,220,0" radius="0.5" length="4" />
		<capsule pos="-5.75,27.5,-22.999999999999996" vel="0,0,0" mass="1" elasticityCoef="1" ang="90,0,0" color="0,220,0" radius="0.5" length="4" />
		<capsule pos="-5.75,27.5,-20.699999999999996" vel="0,0,0" mass="1" elasticityCoef="1" ang="90,0,0" color="0,220,0" radius="0.5" length="4" />
		<capsule pos="-5.75,27.5,-18.4" vel="0,0,0" mass="1" elasticityCoef="1" ang="90,0,0" color="0,220,0" radius="0.5" length="4" />
		<capsule pos="-5.75,27.5,-16.099999999999998" vel="0,0,0" mass="1" elasticityCoef="1" ang="90,0,0" color="0,220,0" radius="0.5" length="4" />
		<capsule pos="-5.75,27.5,-13.799999999999997" vel="0,0,0" mass="1" elasticityCoef="1" ang="90,0,0" color="0,220,0" radius="0.5" length="4" />
		<capsule pos="-5.75,27.5,-11.5" vel="0,0,0" mass="1" elasticityCoef="1" ang="90,0,0" color="0,220,0" radius="0.5" length="4" />
		<capsule pos="-5.75,27.5,-9.199999999999996" vel="0,0,0" mass="1" elasticityCoef="1" ang="90,0,0" color="0,220,0" radius="0.5" length="4" />
		<capsule pos="-5.75,27.5,-6.899999999999999" vel="0,0,0" mass="1" elasticityCoef="1" ang="90,0,0" color="0,220,0" radius="0.5" length="4" />
		<capsule pos="-5.75,27.5,-4.600000000000001" vel="0,0,0" mass="1" elasticityCoef="1" ang="90,0,0" color="0,220,0" radius="0.5" length="4" />
		<capsule pos="-5.75,27.5,-2.299999999999997" vel="0,0,0" mass="1" elasticityCoef="1" ang="90,0,0" color="0,220,0" radius="0.5" length="4" />
		<capsule pos="-5.75,27.5,0.0" vel="0,0,0" mass="1" elasticityCoef="1" ang="90,0,0" color="0,220,0" radius="0.5" length="4" />
		<capsule pos="-5.75,27.5,2.3000000000000043" vel="0,0,0" mass="1" elasticityCoef="1" ang="90,0,0" color="0,220,0" radius="0.5" length="4" />
		<capsule pos="-5.75,27.5,4.600000000000001" vel="0,0,0" mass="1" elasticityCoef="1" ang="90,0,0" color="0,220,0" radius="0.5" length="4" />
		<capsule pos="-5.75,27.5,6.899999999999999" vel="0,0,0" mass="1" elasticityCoef="1" ang="90,0,0" color="0,220,0" radius="0.5" length="4" />
		<capsule pos="-5.75,27.5,9.200000000000003" vel="0,0,0" mass="1" elasticityCoef="1" ang="90,0,0" color="0,220,0" radius="0.5" length="4" />
		<capsule pos="-5.75,27.5,11.5" vel="0,0,0" mass="1" elasticityCoef="1" ang="90,0,0" color="0,220,0" radius="0.5" length="4" />
		<capsule pos="-5.75,27.5,13.799999999999997" vel="0,0,0" mass="1" elasticityCoef="1" ang="90,0,0" color="0,220,0" radius="0.5" length="4" />
		<capsule pos="-5.75,27.5,16.1" vel="0,0,0" mass="1" elasticityCoef="1" ang="90,0,0" color="0,220,0" radius="0.5" length="4" />
		<capsule pos="-5.75,27.5,18.4" vel="0,0,0" mass="1" elasticityCoef="1" ang="90,0,0" color="0,220,0" radius="0.5" length="4" />
		<capsule pos="-5.75,27.5,20.699999999999996" vel="0,0,0" mass="1" elasticityCoef="1" ang="90,0,0" color="0,220,0" radius="0.5" length="4" />
		<capsule pos="-5.75,27.5,22.999999999999993" vel="0,0,0" mass="1" elasticityCoef="1" ang="90,0,0" color="0,220,0" radius="0.5" length="4" />
		<capsule pos="-5.75,27.5,25.300000000000004" vel="0,0,0" mass="1" elasticityCoef="1" ang="90,0,0" color="0,220,0" radius="0.5" length="4" />
		<capsule pos="-5.75,27.5,27.6" vel="0,0,0" mass="1" elasticityCoef="1" ang="90,0,0" color="0,220,0" radius="0.5" length="4" />
		<capsule pos="-5.75,27.5,29.9" vel="0,0,0" mass="1" elasticityCoef="1" ang="90,0,0" color="0,220,0" radius="0.5" length="4" />
		<capsule pos="-5.75,27.5,32.199999999999996" vel="0,0,0" mass="1" elasticityCoef="1" ang="90,0,0" color="0,220,0" radius="0.5" length="4" />
		<capsule pos="-5.75,27.5,34.49999999999999" vel="0,0,0" mass="1" elasticityCoef="1" ang="90,0,0" color="0,220,0" radius="0.5" length="4" />
		<capsule pos="-5.75,27.5,36.800000000000004" vel="0,0,0" mass="1" elasticityCoef="1" ang="90,0,0" color="0,220,0" radius="0.5" length="4" />
		<capsule pos="-5.75,27.5,39.1" vel="0,0,0" mass="1" elasticityCoef="1" ang="90,0,0" color="0,220,0" radius="0.5" length="4" />
		<capsule pos="-5.75,27.5,41.4" vel="0,0,0" mass="1" elasticityCoef="1" ang="90,0,0" color="0,220,0" radius="0.5" length="4" />
		<capsule pos="-5.75,33.0,-43.699999999999996" vel="0,0,0" mass="1" elasticityCoef="1" ang="90,0,0" color="0,220,0" radius="0.5" length="4" />
		<capsule pos="-5.75,33.0,-41.4" vel="0,0,0" mass="1" elasticityCoef="1" ang="90,0,0" color="0,220,0" radius="0.5" length="4" />
		<capsule pos="-5.75,33.0,-39.099999999999994" vel="0,0,0" mass="1" elasticityCoef="1" ang="90,0,0" color="0,220,0" radius="0.5" length="4" />
		<capsule pos="-5.75,33.0,-36.8" vel="0,0,0" mass="1" elasticityCoef="1" ang="90,0,0" color="0,220,0" radius="0.5" length="4" />
		<capsule pos="-5.75,33.0,-34.5" vel="0,0,0" mass="1" elasticityCoef="1" ang="90,0,0" color="0,220,0" radius="0.5" length="4" />
		<capsule pos="-5.75,33.0,-32.199999999999996" vel="0,0,0" mass="1" elasticityCoef="1" ang="90,0,0" color="0,220,0" radius="0.5" length="4" />
		<capsule pos="-5.75,33.0,-29.9" vel="0,0,0" mass="1" elasticityCoef="1" ang="90,0,0" color="0,220,0" radius="0.5" length="4" />
		<capsule pos="-5.75,33.0,-27.599999999999998" vel="0,0,0" mass="1" elasticityCoef="1" ang="90,0,0" color="0,220,0" radius="0.5" length="4" />
		<capsule pos="-5.75,33.0,-25.299999999999997" vel="0,0,0" mass="1" elasticityCoef="1" ang="90,0,0" color="0,220,0" radius="0.5" length="4" />
		<capsule pos="-5.75,33.0,-22.999999999999996" vel="0,0,0" mass="1" elasticityCoef="1" ang="90,0,0" color="0,220,0" radius="0.5" length="4" />
		<capsule pos="-5.75,33.0,-20.699999999999996" vel="0,0,0" mass="1" elasticityCoef="1" ang="90,0,0" color="0,220,0" radius="0.5" length="4" />
		<capsule pos="-5.75,33.0,-18.4" vel="0,0,0" mass="1" elasticityCoef="1" ang="90,0,0" color="0,220,0" radius="0.5" length="4" />
		<capsule pos="-5.75,33.0,-16.099999999999998" vel="0,0,0" mass="1" elasticityCoef="1" ang="90,0,0" color="0,220,0" radius="0.5" length="4" />
		<capsule pos="-5.75,33.0,-13.799999999999997" vel="0,0,0" mass="1" elasticityCoef="1" ang="90,0,0" color="0,220,0" radius="0.5" length="4" />
		<capsule pos="-5.75,33.0,-11.5" vel="0,0,0" mass="1" elasticityCoef="1" ang="90,0,0" color="0,220,0" radius="0.5" length="4" />
		<capsule pos="-5.75,33.0,-9.199999999999996" vel="0,0,0" mass="1" elasticityCoef="1" ang="90,0,0" color="0,220,0" radius="0.5" length="4" />
		<capsule pos="-5.75,33.0,-6.899999999999999" vel="0,0,0" mass="1" elasticityCoef="1" ang="90,0,0" color="0,220,0" radius="0.5" length="4" />
		<capsule pos="-5.75,33.0,-4.600000000000001" vel="0,0,0" mass="1" elasticityCoef="1" ang="90,0,0" color="0,220,0" radius="0.5" length="4" />
		<capsule pos="-5.75,33.0,-2.299999999999997" vel="0,0,0" mass="1" elasticityCoef="1" ang="90,0,0" color="0,220,0" radius="0.5" length="4" />
		<capsule pos="-5.75,33.0,0.0" vel="0,0,0" mass="1" elasticityCoef="1" ang="90,0,0" color="0,220,0" radius="0.5" length="4" />
		<capsule pos="-5.75,33.0,2.3000000000000043" vel="0,0,0" mass="1" elasticityCoef="1" ang="90,0,0" color="0,220,0" radius="0.5" length="4" />
		<capsule pos="-5.75,33.0,4.600000000000001" vel="0,0,0" mass="1" elasticityCoef="1" ang="90,0,0" color="0,220,0" radius="0.5" length="4" />
		<capsule pos="-5.75,33.0,6.899999999999999" vel="0,0,0" mass="1" elasticityCoef="1" ang="90,0,0" color="0,220,0" radius="0.5" length="4" />
		<capsule pos="-5.75,33.0,9.200000000000003" vel="0,0,0" mass="1" elasticityCoef="1" ang="90,0,0" color="0,220,0" radius="0.5" length="4" />
		<capsule pos="-5.75,33.0,11.5" vel="0,0,0" mass="1" elasticityCoef="1" ang="90,0,0" color="0,220,0" radius="0.5" length="4" />
		<capsule pos="-5.75,33.0,13.799999999999997" vel="0,0,0" mass="1" elasticityCoef="1" ang="90,0,0" color="0,220,0" radius="0.5" length="4" />
		<capsule pos="-5.75,33.0,16.1" vel="0,0,0" mass="1" elasticityCoef="1" ang="90,0,0" color="0,220,0" radius="0.5" length="4" />
		<capsule pos="-5.75,33.0,18.4" vel="0,0,0" mass="1" elasticityCoef="1" ang="90,0,0" color="0,220,0" radius="0.5" length="4" />
		<capsule pos="-5.75,33.0,20.699999999999996" vel="0,0,0" mass="1" elasticityCoef="1" ang="90,0,0" color="0,220,0" radius="0.5" length="4" />
		<capsule pos="-5.75,33.0,22.999999999999993" vel="0,0,0" mass="1" elasticityCoef="1" ang="90,0,0" color="0,220,0" radius="0.5" length="4" />
		<capsule pos="-5.75,33.0,25.300000000000004" vel="0,0,0" mass="1" elasticityCoef="1" ang="90,0,0" color="0,220,0" radius="0.5" length="4" />
		<capsule pos="-5.75,33.0,27.6" vel="0,0,0" mass="1" elasticityCoef="1" ang="90,0,0" color="0,220,0" radius="0.5" length="4" />
		<capsule pos="-5.75,33.0,29.9" vel="0,0,0" mass="1" elasticityCoef="1" ang="90,0,0" color="0,220,0" radius="0.5" length="4" />
		<capsule pos="-5.75,33.0,32.199999999999996" vel="0,0,0" mass="1" elasticityCoef="1" ang="90,0,0" color="0,220,0" radius="0.5" length="4" />
		<capsule pos="-5.75,33.0,34.49999999999999" vel="0,0,0" mass="1" elasticityCoef="1" ang="90,0,0" color="0,220,0" radius="0.5" length="4" />
		<capsule pos="-5.75,33.0,36.800000000000004" vel="0,0,0" mass="1" elasticityCoef="1" ang="90,0,0" color="0,220,0" radius="0.5" length="4" />
		<capsule pos="-5.75,33.0,39.1" vel="0,0,0" mass="1" elasticityCoef="1" ang="90,0,0" color="0,220,0" radius="0.5" length="4" />
		<capsule pos="-5.75,33.0,41.4" vel="0,0,0" mass="1" elasticityCoef="1" ang="90,0,0" color="0,220,0" radius="0.5" length="4" />
		<capsule pos="-5.75,38.5,-43.699999999999996" vel="0,0,0" mass="1" elasticityCoef="1" ang="90,0,0" color="0,220,0" radius="0.5" length="4" />
		<capsule pos="-5.75,38.5,-41.4" vel="0,0,0" mass="1" elasticityCoef="1" ang="90,0,0" color="0,220,0" radius="0.5" length="4" />
		<capsule pos="-5.75,38.5,-39.099999999999994" vel="0,0,0" mass="1" elasticityCoef="1" ang="90,0,0" color="0,220,0" radius="0.5" length="4" />
		<capsule pos="-5.75,38.5,-36.8" vel="0,0,0" mass="1" elasticityCoef="1" ang="90,0,0" color="0,220,0" radius="0.5" length="4" />
		<capsule pos="-5.75,38.5,-34.5" vel="0,0,0" mass="1" elasticityCoef="1" ang="90,0,0" color="0,220,0" radius="0.5" length="4" />
		<capsule pos="-5.75,38.5,-32.199999999999996" vel="0,0,0" mass="1" elasticityCoef="1" ang="90,0,0" color="0,220,0" radius="0.5" length="4" />
		<capsule pos="-5.75,38.5,-29.9" vel="0,0,0" mass="1" elasticityCoef="1" ang="90,0,0" color="0,220,0" radius="0.5" length="4" />
		<capsule pos="-5.75,38.5,-27.599999999999998" vel="0,0,0" mass="1" elasticityCoef="1" ang="90,0,0" color="0,220,0" radius="0.5" length="4" />
		<capsule pos="-5.75,38.5,-25.299999999999997" vel="0,0,0" mass="1" elasticityCoef="1" ang="90,0,0" color="0,220,0" radius="0.5" length="4" />
		<capsule pos="-5.75,38.5,-22.999999999999996" vel="0,0,0" mass="1" elasticityCoef="1" ang="90,0,0" color="0,220,0" radius="0.5" length="4" />
		<capsule pos="-5.75,38.5,-20.699999999999996" vel="0,0,0" mass="1" elasticityCoef="1" ang="90,0,0" color="0,220,0" radius="0.5" length="4" />
		<capsule pos="-5.75,38.5,-18.4" vel="0,0,0" mass="1" elasticityCoef="1" ang="90,0,0" color="0,220,0" radius="0.5" length="4" />
		<capsule pos="-5.75,38.5,-16.099999999999998" vel="0,0,0" mass="1" elasticityCoef="1" ang="90,0,0" color="0,220,0" radius="0.5" length="4" />
		<capsule pos="-5.75,38.5,-13.799999999999997" vel="0,0,0" mass="1" elasticityCoef="1" ang="90,0,0" color="0,220,0" radius="0.5" length="4" />
		<capsule pos="-5.75,38.5,-11.5" vel="0,0,0" mass="1" elasticityCoef="1" ang="90,0,0" color="0,220,0" radius="0.5" length="4" />
		<capsule pos="-5.75,38.5,-9.199999999999996" vel="0,0,0" mass="1" elasticityCoef="1" ang="90,0,0" color="0,220,0" radius="0.5" length="4" />
		<capsule pos="-5.75,38.5,-6.899999999999999" vel="0,0,0" mass="1" elasticityCoef="1" ang="90,0,0" color="0,220,0" radius="0.5" length="4" />
		<capsule pos="-5.75,38.5,-4.600000000000001" vel="0,0,0" mass="1" elasticityCoef="1" ang="90,0,0" color="0,220,0" radius="0.5" length="4" />
		<capsule pos="-5.75,38.5,-2.299999999999997" vel="0,0,0" mass="1" elasticityCoef="1" ang="90,0,0" color="0,220,0" radius="0.5" length="4" />
		<capsule pos="-5.75,38.5,0.0" vel="0,0,0" mass="1" elasticityCoef="1" ang="90,0,0" color="0,220,0" radius="0.5" length="4" />
		<capsule pos="-5.75,38.5,2.3000000000000043" vel="0,0,0" mass="1" elasticityCoef="1" ang="90,0,0" color="0,220,0" radius="0.5" length="4" />
		<capsule pos="-5.75,38.5,4.600000000000001" vel="0,0,0" mass="1" elasticityCoef="1" ang="90,0,0" color="0,220,0" radius="0.5" length="4" />
		<capsule pos="-5.75,38.5,6.899999999999999" vel="0,0,0" mass="1" elasticityCoef="1" ang="90,0,0" color="0,220,0" radius="0.5" length="4" />
		<capsule pos="-5.75,38.5,9.200000000000003" vel="0,0,0" mass="1" elasticityCoef="1" ang="90,0,0" color="0,220,0" radius="0.5" length="4" />
		<capsule pos="-5.75,38.5,11.5" vel="0,0,0" mass="1" elasticityCoef="1" ang="90,0,0" color="0,220,0" radius="0.5" length="4" />
		<capsule pos="-5.75,38.5,13.799999999999997" vel="0,0,0" mass="1" elasticityCoef="1" ang="90,0,0" color="0,220,0" radius="0.5" length="4" />
		<capsule pos="-5.75,38.5,16.1" vel="0,0,0" mass="1" elasticityCoef="1" ang="90,0,0" color="0,220,0" radius="0.5" length="4" />
		<capsule pos="-5.75,38.5,18.4" vel="0,0,0" mass="1" elasticityCoef="1" ang="90,0,0" color="0,220,0" radius="0.5" length="4" />
		<capsule pos="-5.75,38.5,20.699999999999996" vel="0,0,0" mass="1" elasticityCoef="1" ang="90,0,0" color="0,220,0" radius="0.5" length="4" />
		<capsule pos="-5.75,38.5,22.999999999999993" vel="0,0,0" mass="1" elasticityCoef="1" ang="90,0,0" color="0,220,0" radius="0.5" length="4" />
		<capsule pos="-5.75,38.5,25.300000000000004" vel="0,0,0" mass="1" elasticityCoef="1" ang="90,0,0" color="0,220,0" radius="0.5" length="4" />
		<capsule pos="-5.75,38.5,27.6" vel="0,0,0" mass="1" elasticityCoef="1" ang="90,0,0" color="0,220,0" radius="0.5" length="4" />
		<capsule pos="-5.75,38.5,29.9" vel="0,0,0" mass="1" elasticityCoef="1" ang="90,0,0" color="0,220,0" radius="0.5" length="4" />
		<capsule pos="-5.75,38.5,32.199999999999996" vel="0,0,0" mass="1" elasticityCoef="1" ang="90,0,0" color="0,220,0" radius="0.5" length="4" />
		<capsule pos="-5.75,38.5,34.49999999999999" vel="0,0,0" mass="1" elasticityCoef="1" ang="90,0,0" color="0,220,0" radius="0.5" length="4" />
		<capsule pos="-5.75,38.5,36.800000000000004" vel="0,0,0" mass="1" elasticityCoef="1" ang="90,0,0" color="0,220,0" radius="0.5" length="4" />
		<capsule pos="-5.75,38.5,39.1" vel="0,0,0" mass="1" elasticityCoef="1" ang="90,0,0" color="0,220,0" radius="0.5" length="4" />
		<capsule pos="-5.75,38.5,41.4" vel="0,0,0" mass="1" elasticityCoef="1" ang="90,0,0" color="0,220,0" radius="0.5" length="4" />
		<capsule pos="-5.75,44.0,-43.699999999999996" vel="0,0,0" mass="1" elasticityCoef="1" ang="90,0,0" color="0,220,0" radius="0.5" length="4" />
		<capsule pos="-5.75,44.0,-41.4" vel="0,0,0" mass="1" elasticityCoef="1" ang="90,0,0" color="0,220,0" radius="0.5" length="4" />
		<capsule pos="-5.75,44.0,-39.099999999999994" vel="0,0,0" mass="1" elasticityCoef="1" ang="90,0,0" color="0,220,0" radius="0.5" length="4" />
		<capsule pos="-5.75,44.0,-36.8" vel="0,0,0" mass="1" elasticityCoef="1" ang="90,0,0" color="0,220,0" radius="0.5" length="4" />
		<capsule pos="-5.75,44.0,-34.5" vel="0,0,0" mass="1" elasticityCoef="1" ang="90,0,0" color="0,220,0" radius="0.5" length="4" />
		<capsule pos="-5.75,44.0,-32.199999999999996" vel="0,0,0" mass="1" elasticityCoef="1" ang="90,0,0" color="0,220,0" radius="0.5" length="4" />
		<capsule pos="-5.75,44.0,-29.9" vel="0,0,0" mass="1" elasticityCoef="1" ang="90,0,0" color="0,220,0" radius="0.5" length="4" />
		<capsule pos="-5.75,44.0,-27.599999999999998" vel="0,0,0" mass="1" elasticityCoef="1" ang="90,0,0" color="0,220,0" radius="0.5" length="4" />
		<capsule pos="-5.75,44.0,-25.299999999999997" vel="0,0,0" mass="1" elasticityCoef="1" ang="90,0,0" color="0,220,0" radius="0.5" length="4" />
		<capsule pos="-5.75,44.0,-22.999999999999996" vel="0,0,0" mass="1" elasticityCoef="1" ang="90,0,0" color="0,220,0" radius="0.5" length="4" />
		<capsule pos="-5.75,44.0,-20.699999999999996" vel="0,0,0" mass="1" elasticityCoef="1" ang="90,0,0" color="0,220,0" radius="0.5" length="4" />
		<capsule pos="-5.75,44.0,-18.4" vel="0,0,0" mass="1" elasticityCoef="1" ang="90,0,0" color="0,220,0" radius="0.5" length="4" />
		<capsule pos="-5.75,44.0,-16.099999999999998" vel="0,0,0" mass="1" elasticityCoef="1" ang="90,0,0" color="0,220,0" radius="0.5" length="4" />
		<capsule pos="-5.75,44.0,-13.799999999999997" vel="0,0,0" mass="1" elasticityCoef="1" ang="90,0,0" color="0,220,0" radius="0.5" length="4" />
		<capsule pos="-5.75,44.0,-11.5" vel="0,0,0" mass="1" elasticityCoef="1" ang="90,0,0" color="0,220,0" radius="0.5" length="4" />
		<capsule pos="-5.75,44.0,-9.199999999999996" vel="0,0,0" mass="1" elasticityCoef="1" ang="90,0,0" color="0,220,0" radius="0.5" length="4" />
		<capsule pos="-5.75,44.0,-6.899999999999999" vel="0,0,0" mass="1" elasticityCoef="1" ang="90,0,0" color="0,220,0" radius="0.5" length="4" />
		<capsule pos="-5.75,44.0,-4.600000000000001" vel="0,0,0" mass="1" elasticityCoef="1" ang="90,0,0" color="0,220,0" radius="0.5" length="4" />
		<capsule pos="-5.75,44.0,-2.299999999999997" vel="0,0,0" mass="1" elasticityCoef="1" ang="90,0,0" color="0,220,0" radius="0.5" length="4" />
		<capsule pos="-5.75,44.0,0.0" vel="0,0,0" mass="1" elasticityCoef="1" ang="90,0,0" color="0,220,0" radius="0.5" length="4" />
		<capsule pos="-5.75,44.0,2.3000000000000043" vel="0,0,0" mass="1" elasticityCoef="1" ang="90,0,0" color="0,220,0" radius="0.5" length="4" />
		<capsule pos="-5.75,44.0,4.600000000000001" vel="0,0,0" mass="1" elasticityCoef="1" ang="90,0,0" color="0,220,0" radius="0.5" length="4" />
		<capsule pos="-5.75,44.0,6.899999999999999" vel="0,0,0" mass="1" elasticityCoef="1" ang="90,0,0" color="0,220,0" radius="0.5" length="4" />
		<capsule pos="-5.75,44.0,9.200000000000003" vel="0,0,0" mass="1" elasticityCoef="1" ang="90,0,0" color="0,220,0" radius="0.5" length="4" />
		<capsule pos="-5.75,44.0,11.5" vel="0,0,0" mass="1" elasticityCoef="1" ang="90,0,0" color="0,220,0" radius="0.5" length="4" />
		<capsule pos="-5.75,44.0,13.799999999999997" vel="0,0,0" mass="1" elasticityCoef="1" ang="90,0,0" color="0,220,0" radius="0.5" length="4" />
		<capsule pos="-5.75,44.0,16.1" vel="0,0,0" mass="1" elasticityCoef="1" ang="90,0,0" color="0,220,0" radius="0.5" length="4" />
		<capsule pos="-5.75,44.0,18.4" vel="0,0,0" mass="1" elasticityCoef="1" ang="90,0,0" color="0,220,0" radius="0.5" length="4" />
		<capsule pos="-5.75,44.0,20.699999999999996" vel="0,0,0" mass="1" elasticityCoef="1" ang="90,0,0" color="0,220,0" radius="0.5" length="4" />
		<capsule pos="-5.75,44.0,22.999999999999993" vel="0,0,0" mass="1" elasticityCoef="1" ang="90,0,0" color="0,220,0" radius="0.5" length="4" />
		<capsule pos="-5.75,44.0,25.300000000000004" vel="0,0,0" mass="1" elasticityCoef="1" ang="90,0,0" color="0,220,0" radius="0.5" length="4" />
		<capsule pos="-5.75,44.0,27.6" vel="0,0,0" mass="1" elasticityCoef="1" ang="90,0,0" color="0,220,0" radius="0.5" length="4" />
		<capsule pos="-5.75,44.0,29.9" vel="0,0,0" mass="1" elasticityCoef="1" ang="90,0,0" color="0,220,0" radius="0.5" length="4" />
		<capsule pos="-5.75,44.0,32.199999999999996" vel="0,0,0" mass="1" elasticityCoef="1" ang="90,0,0" color="0,220,0" radius="0.5" length="4" />
		<capsule pos="-5.75,44.0,34.49999999999999" vel="0,0,0" mass="1" elasticityCoef="1" ang="90,0,0" color="0,220,0" radius="0.5" length="4" />
		<capsule pos="-5.75,44.0,36.800000000000004" vel="0,0,0" mass="1" elasticityCoef="1" ang="90,0,0" color="0,220,0" radius="0.5" length="4" />
		<capsule pos="-5.75,44.0,39.1" vel="0,0,0" mass="1" elasticityCoef="1" ang="90,0,0" color="0,220,0" radius="0.5" length="4" />
		<capsule pos="-5.75,44.0,41.4" vel="0,0,0" mass="1" elasticityCoef="1" ang="90,0,0" color="0,220,0" radius="0.5" length="4" />
		<capsule pos="-3.450000000000003,-49.5,-43.699999999999996" vel="0,0,0" mass="1" elasticityCoef="1" ang="90,0,0" color="0,220,0" radius="0.5" length="4" />
		<capsule pos="-3.450000000000003,-49.5,-41.4" vel="0,0,0" mass="1" elasticityCoef="1" ang="90,0,0" color="0,220,0" radius="0.5" length="4" />
		<capsule pos="-3.450000000000003,-49.5,-39.099999999999994" vel="0,0,0" mass="1" elasticityCoef="1" ang="90,0,0" color="0,220,0" radius="0.5" length="4" />
		<capsule pos="-3.450000000000003,-49.5,-36.8" vel="0,0,0" mass="1" elasticityCoef="1" ang="90,0,0" color="0,220,0" radius="0.5" length="4" />
		<capsule pos="-3.450000000000003,-49.5,-34.5" vel="0,0,0" mass="1" elasticityCoef="1" ang="90,0,0" color="0,220,0" radius="0.5" length="4" />
		<capsule pos="-3.450000000000003,-49.5,-32.199999999999996" vel="0,0,0" mass="1" elasticityCoef="1" ang="90,0,0" color="0,220,0" radius="0.5" length="4" />
		<capsule pos="-3.450000000000003,-49.5,-29.9" vel="0,0,0" mass="1" elasticityCoef="1" ang="90,0,0" color="0,220,0" radius="0.5" length="4" />
		<capsule pos="-3.450000000000003,-49.5,-27.599999999999998" vel="0,0,0" mass="1" elasticityCoef="1" ang="90,0,0" color="0,220,0" radius="0.5" length="4" />
		<capsule pos="-3.450000000000003,-49.5,-25.299999999999997" vel="0,0,0" mass="1" elasticityCoef="1" ang="90,0,0" color="0,220,0" radius="0.5" length="4" />
		<capsule pos="-3.450000000000003,-49.5,-22.999999999999996" vel="0,0,0" mass="1" elasticityCoef="1" ang="90,0,0" color="0,220,0" radius="0.5" length="4" />
		<capsule pos="-3.450000000000003,-49.5,-20.699999999999996" vel="0,0,0" mass="1" elasticityCoef="1" ang="90,0,0" color="0,220,0" radius="0.5" length="4" />
		<capsule pos="-3.450000000000003,-49.5,-18.4" vel="0,0,0" mass="1" elasticityCoef="1" ang="90,0,0" color="0,220,0" radius="0.5" length="4" />
		<capsule pos="-3.450000000000003,-49.5,-16.099999999999998" vel="0,0,0" mass="1" elasticityCoef="1" ang="90,0,0" color="0,220,0" radius="0.5" length="4" />
		<capsule pos="-3.450000000000003,-49.5,-13.799999999999997" vel="0,0,0" mass="1" elasticityCoef="1" ang="90,0,0" color="0,220,0" radius="0.5" length="4" />
		<capsule pos="-3.450000000000003,-49.5,-11.5" vel="0,0,0" mass="1" elasticityCoef="1" ang="90,0,0" color="0,220,0" radius="0.5" length="4" />
		<capsule pos="-3.450000000000003,-49.5,-9.199999999999996" vel="0,0,0" mass="1" elasticityCoef="1" ang="90,0,0" color="0,220,0" radius="0.5" length="4" />
		<capsule pos="-3.450000000000003,-49.5,-6.899999999999999" vel="0,0,0" mass="1" elasticityCoef="1" ang="90,0,0" color="0,220,0" radius="0.5" length="4" />
		<capsule pos="-3.450000000000003,-49.5,-4.600000000000001" vel="0,0,0" mass="1" elasticityCoef="1" ang="90,0,0" color="0,220,0" radius="0.5" length="4" />
		<capsule pos="-3.450000000000003,-49.5,-2.299999999999997" vel="0,0,0" mass="1" elasticityCoef="1" ang="90,0,0" color="0,220,0" radius="0.5" length="4" />
		<capsule pos="-3.450000000000003,-49.5,0.0" vel="0,0,0" mass="1" elasticityCoef="1" ang="90,0,0" color="0,220,0" radius="0.5" length="4" />
		<capsule pos="-3.450000000000003,-49.5,2.3000000000000043" vel="0,0,0" mass="1" elasticityCoef="1" ang="90,0,0" color="0,220,0" radius="0.5" length="4" />
		<capsule pos="-3.450000000000003,-49.5,4.600000000000001" vel="0,0,0" mass="1" elasticityCoef="1" ang="90,0,0" color="0,220,0" radius="0.5" length="4" />
		<capsule pos="-3.450000000000003,-49.5,6.899999999999999" vel="0,0,0" mass="1" elasticityCoef="1" ang="90,0,0" color="0,220,0" radius="0.5" length="4" />
		<capsule pos="-3.450000000000003,-49.5,9.200000000000003" vel="0,0,0" mass="1" elasticityCoef="1" ang="90,0,0" color="0,220,0" radius="0.5" length="4" />
		<capsule pos="-3.450000000000003,-49.5,11.5" vel="0,0,0" mass="1" elasticityCoef="1" ang="90,0,0" color="0,220,0" radius="0.5" length="4" />
		<capsule pos="-3.450000000000003,-49.5,13.799999999999997" vel="0,0,0" mass="1" elasticityCoef="1" ang="90,0,0" color="0,220,0" radius="0.5" length="4" />
		<capsule pos="-3.450000000000003,-49.5,16.1" vel="0,0,0" mass="1" elasticityCoef="1" ang="90,0,0" color="0,220,0" radius="0.5" length="4" />
		<capsule pos="-3.450000000000003,-49.5,18.4" vel="0,0,0" mass="1" elasticityCoef="1" ang="90,0,0" color="0,220,0" radius="0.5" length="4" />
		<capsule pos="-3.450000000000003,-49.5,20.699999999999996" vel="0,0,0" mass="1" elasticityCoef="1" ang="90,0,0" color="0,220,0" radius="0.5" length="4" />
		<capsule pos="-3.450000000000003,-49.5,22.999999999999993" vel="0,0,0" mass="1" elasticityCoef="1" ang="90,0,0" color="0,220,0" radius="0.5" length="4" />
		<capsule pos="-3.450000000000003,-49.5,25.300000000000004" vel="0,0,0" mass="1" elasticityCoef="1" ang="90,0,0" color="0,220,0" radius="0.5" length="4" />
		<capsule pos="-3.450000000000003,-49.5,27.6" vel="0,0,0" mass="1" elasticityCoef="1" ang="90,0,0" color="0,220,0" radius="0.5" length="4" />
		<capsule pos="-3.450000000000003,-49.5,29.9" vel="0,0,0" mass="1" elasticityCoef="1" ang="90,0,0" color="0,220,0" radius="0.5" length="4" />
		<capsule pos="-3.450000000000003,-49.5,32.199999999999996" vel="0,0,0" mass="1" elasticityCoef="1" ang="90,0,0" color="0,220,0" radius="0.5" length="4" />
		<capsule pos="-3.450000000000003,-49.5,34.49999999999999" vel="0,0,0" mass="1" elasticityCoef="1" ang="90,0,0" color="0,220,0" radius="0.5" length="4" />
		<capsule pos="-3.450000000000003,-49.5,36.800000000000004" vel="0,0,0" mass="1" elasticityCoef="1" ang="90,0,0" color="0,220,0" radius="0.5" length="4" />
		<capsule pos="-3.450000000000003,-49.5,39.1" vel="0,0,0" mass="1" elasticityCoef="1" ang="90,0,0" color="0,220,0" radius="0.5" length="4" />
		<capsule pos="-3.450000000000003,-49.5,41.4" vel="0,0,0" mass="1" elasticityCoef="1" ang="90,0,0" color="0,220,0" radius="0.5" length="4" />
		<capsule pos="-3.450000000000003,-44.0,-43.699999999999996" vel="0,0,0" mass="1" elasticityCoef="1" ang="90,0,0" color="0,220,0" radius="0.5" length="4" />
		<capsule pos="-3.450000000000003,-44.0,-41.4" vel="0,0,0" mass="1" elasticityCoef="1" ang="90,0,0" color="0,220,0" radius="0.5" length="4" />
		<capsule pos="-3.450000000000003,-44.0,-39.099999999999994" vel="0,0,0" mass="1" elasticityCoef="1" ang="90,0,0" color="0,220,0" radius="0.5" length="4" />
		<capsule pos="-3.450000000000003,-44.0,-36.8" vel="0,0,0" mass="1" elasticityCoef="1" ang="90,0,0" color="0,220,0" radius="0.5" length="4" />
		<capsule pos="-3.450000000000003,-44.0,-34.5" vel="0,0,0" mass="1" elasticityCoef="1" ang="90,0,0" color="0,220,0" radius="0.5" length="4" />
		<capsule pos="-3.450000000000003,-44.0,-32.199999999999996" vel="0,0,0" mass="1" elasticityCoef="1" ang="90,0,0" color="0,220,0" radius="0.5" length="4" />
		<capsule pos="-3.450000000000003,-44.0,-29.9" vel="0,0,0" mass="1" elasticityCoef="1" ang="90,0,0" color="0,220,0" radius="0.5" length="4" />
		<capsule pos="-3.450000000000003,-44.0,-27.599999999999998" vel="0,0,0" mass="1" elasticityCoef="1" ang="90,0,0" color="0,220,0" radius="0.5" length="4" />
		<capsule pos="-3.450000000000003,-44.0,-25.299999999999997" vel="0,0,0" mass="1" elasticityCoef="1" ang="90,0,0" color="0,220,0" radius="0.5" length="4" />
		<capsule pos="-3.450000000000003,-44.0,-22.999999999999996" vel="0,0,0" mass="1" elasticityCoef="1" ang="90,0,0" color="0,220,0" radius="0.5" length="4" />
		<capsule pos="-3.450000000000003,-44.0,-20.699999999999996" vel="0,0,0" mass="1" elasticityCoef="1" ang="90,0,0" color="0,220,0" radius="0.5" length="4" />
		<capsule pos="-3.450000000000003,-44.0,-18.4" vel="0,0,0" mass="1" elasticityCoef="1" ang="90,0,0" color="0,220,0" radius="0.5" length="4" />
		<capsule pos="-3.450000000000003,-44.0,-16.099999999999998" vel="0,0,0" mass="1" elasticityCoef="1" ang="90,0,0" color="0,220,0" radius="0.5" length="4" />
		<capsule pos="-3.450000000000003,-44.0,-13.799999999999997" vel="0,0,0" mass="1" elasticityCoef="1" ang="90,0,0" color="0,220,0" radius="0.5" length="4" />
		<capsule pos="-3.450000000000003,-44.0,-11.5" vel="0,0,0" mass="1" elasticityCoef="1" ang="90,0,0" color="0,220,0" radius="0.5" length="4" />
		<capsule pos="-3.450000000000003,-44.0,-9.199999999999996" vel="0,0,0" mass="1" elasticityCoef="1" ang="90,0,0" color="0,220,0" radius="0.5" length="4" />
		<capsule pos="-3.450000000000003,-44.0,-6.899999999999999" vel="0,0,0" mass="1" elasticityCoef="1" ang="90,0,0" color="0,220,0" radius="0.5" length="4" />
		<capsule pos="-3.450000000000003,-44.0,-4.600000000000001" vel="0,0,0" mass="1" elasticityCoef="1" ang="90,0,0" color="0,220,0" radius="0.5" length="4" />
		<capsule pos="-3.450000000000003,-44.0,-2.299999999999997" vel="0,0,0" mass="1" elasticityCoef="1" ang="90,0,0" color="0,220,0" radius="0.5" length="4" />
		<capsule pos="-3.450000000000003,-44.0,0.0" vel="0,0,0" mass="1" elasticityCoef="1" ang="90,0,0" color="0,220,0" radius="0.5" length="4" />
		<capsule pos="-3.450000000000003,-44.0,2.3000000000000043" vel="0,0,0" mass="1" elasticityCoef="1" ang="90,0,0" color="0,220,0" radius="0.5" length="4" />
		<capsule pos="-3.450000000000003,-44.0,4.600000000000001" vel="0,0,0" mass="1" elasticityCoef="1" ang="90,0,0" color="0,220,0" radius="0.5" length="4" />
		<capsule pos="-3.450000000000003,-44.0,6.899999999999999" vel="0,0,0" mass="1" elasticityCoef="1" ang="90,0,0" color="0,220,0" radius="0.5" length="4" />
		<capsule pos="-3.450000000000003,-44.0,9.200000000000003" vel="0,0,0" mass="1" elasticityCoef="1" ang="90,0,0" color="0,220,0" radius="0.5" length="4" />
		<capsule pos="-3.450000000000003,-44.0,11.5" vel="0,0,0" mass="1" elasticityCoef="1" ang="90,0,0" color="0,220,0" radius="0.5" length="4" />
		<capsule pos="-3.450000000000003,-44.0,13.799999999999997" vel="0,0,0" mass="1" elasticityCoef="1" ang="90,0,0" color="0,220,0" radius="0.5" length="4" />
		<capsule pos="-3.450000000000003,-44.0,16.1" vel="0,0,0" mass="1" elasticityCoef="1" ang="90,0,0" color="0,220,0" radius="0.5" length="4" />
		<capsule pos="-3.450000000000003,-44.0,18.4" vel="0,0,0" mass="1" elasticityCoef="1" ang="90,0,0" color="0,220,0" radius="0.5" length="4" />
		<capsule pos="-3.450000000000003,-44.0,20.699999999999996" vel="0,0,0" mass="1" elasticityCoef="1" ang="90,0,0" color="0,220,0" radius="0.5" length="4" />
		<capsule pos="-3.450000000000003,-44.0,22.999999999999993" vel="0,0,0" mass="1" elasticityCoef="1" ang="90,0,0" color="0,220,0" radius="0.5" length="4" />
		<capsule pos="-3.450000000000003,-44.0,25.300000000000004" vel="0,0,0" mass="1" elasticityCoef="1" ang="90,0,0" color="0,220,0" radius="0.5" length="4" />
		<capsule pos="-3.450000000000003,-44.0,27.6" vel="0,0,0" mass="1" elasticityCoef="1" ang="90,0,0" color="0,220,0" radius="0.5" length="4" />
		<capsule pos="-3.450000000000003,-44.0,29.9" vel="0,0,0" mass="1" elasticityCoef="1" ang="90,0,0" color="0,220,0" radius="0.5" length="4" />
		<capsule pos="-3.450000000000003,-44.0,32.199999999999996" vel="0,0,0" mass="1" elasticityCoef="1" ang="90,0,0" color="0,220,0" radius="0.5" length="4" />
		<capsule pos="-3.450000000000003,-44.0,34.49999999999999" vel="0,0,0" mass="1" elasticityCoef="1" ang="90,0,0" color="0,220,0" radius="0.5" length="4" />
		<capsule pos="-3.450000000000003,-44.0,36.800000000000004" vel="0,0,0" mass="1" elasticityCoef="1" ang="90,0,0" color="0,220,0" radius="0.5" length="4" />
		<capsule pos="-3.450000000000003,-44.0,39.1" vel="0,0,0" mass="1" elasticityCoef="1" ang="90,0,0" color="0,220,0" radius="0.5" length="4" />
		<capsule pos="-3.450000000000003,-44.0,41.4" vel="0,0,0" mass="1" elasticityCoef="1" ang="90,0,0" color="0,220,0" radius="0.5" length="4" />
		<capsule pos="-3.450000000000003,-38.5,-43.699999999999996" vel="0,0,0" mass="1" elasticityCoef="1" ang="90,0,0" color="0,220,0" radius="0.5" length="4" />
		<capsule pos="-3.450000000000003,-38.5,-41.4" vel="0,0,0" mass="1" elasticityCoef="1" ang="90,0,0" color="0,220,0" radius="0.5" length="4" />
		<capsule pos="-3.450000000000003,-38.5,-39.099999999999994" vel="0,0,0" mass="1" elasticityCoef="1" ang="90,0,0" color="0,220,0" radius="0.5" length="4" />
		<capsule pos="-3.450000000000003,-38.5,-36.8" vel="0,0,0" mass="1" elasticityCoef="1" ang="90,0,0" color="0,220,0" radius="0.5" length="4" />
		<capsule pos="-3.450000000000003,-38.5,-34.5" vel="0,0,0" mass="1" elasticityCoef="1" ang="90,0,0" color="0,220,0" radius="0.5" length="4" />
		<capsule pos="-3.450000000000003,-38.5,-32.199999999999996" vel="0,0,0" mass="1" elasticityCoef="1" ang="90,0,0" color="0,220,0" radius="0.5" length="4" />
		<capsule pos="-3.450000000000003,-38.5,-29.9" vel="0,0,0" mass="1" elasticityCoef="1" ang="90,0,0" color="0,220,0" radius="0.5" length="4" />
		<capsule pos="-3.450000000000003,-38.5,-27.599999999999998" vel="0,0,0" mass="1" elasticityCoef="1" ang="90,0,0" color="0,220,0" radius="0.5" length="4" />
		<capsule pos="-3.450000000000003,-38.5,-25.299999999999997" vel="0,0,0" mass="1" elasticityCoef="1" ang="90,0,0" color="0,220,0" radius="0.5" length="4" />
		<capsule pos="-3.450000000000003,-38.5,-22.999999999999996" vel="0,0,0" mass="1" elasticityCoef="1" ang="90,0,0" color="0,220,0" radius="0.5" length="4" />
		<capsule pos="-3.450000000000003,-38.5,-20.699999999999996" vel="0,0,0" mass="1" elasticityCoef="1" ang="90,0,0" color="0,220,0" radius="0.5" length="4" />
		<capsule pos="-3.450000000000003,-38.5,-18.4" vel="0,0,0" mass="1" elasticityCoef="1" ang="90,0,0" color="0,220,0" radius="0.5" length="4" />
		<capsule pos="-3.450000000000003,-38.5,-16.099999999999998" vel="0,0,0" mass="1" elasticityCoef="1" ang="90,0,0" color="0,220,0" radius="0.5" length="4" />
		<capsule pos="-3.450000000000003,-38.5,-13.799999999999997" vel="0,0,0" mass="1" elasticityCoef="1" ang="90,0,0" color="0,220,0" radius="0.5" length="4" />
		<capsule pos="-3.450000000000003,-38.5,-11.5" vel="0,0,0" mass="1" elasticityCoef="1" ang="90,0,0" color="0,220,0" radius="0.5" length="4" />
		<capsule pos="-3.450000000000003,-38.5,-9.199999999999996" vel="0,0,0" mass="1" elasticityCoef="1" ang="90,0,0" color="0,220,0" radius="0.5" length="4" />
		<capsule pos="-3.450000000000003,-38.5,-6.899999999999999" vel="0,0,0" mass="1" elasticityCoef="1" ang="90,0,0" color="0,220,0" radius="0.5" length="4" />
		<capsule pos="-3.450000000000003,-38.5,-4.600000000000001" vel="0,0,0" mass="1" elasticityCoef="1" ang="90,0,0" color="0,220,0" radius="0.5" length="4" />
		<capsule pos="-3.450000000000003,-38.5,-2.299999999999997" vel="0,0,0" mass="1" elasticityCoef="1" ang="90,0,0" color="0,220,0" radius="0.5" length="4" />
		<capsule pos="-3.450000000000003,-38.5,0.0" vel="0,0,0" mass="1" elasticityCoef="1" ang="90,0,0" color="0,220,0" radius="0.5" length="4" />
		<capsule pos="-3.450000000000003,-38.5,2.3000000000000043" vel="0,0,0" mass="1" elasticityCoef="1" ang="90,0,0" color="0,220,0" radius="0.5" length="4" />
		<capsule pos="-3.450000000000003,-38.5,4.600000000000001" vel="0,0,0" mass="1" elasticityCoef="1" ang="90,0,0" color="0,220,0" radius="0.5" length="4" />
		<capsule pos="-3.450000000000003,-38.5,6.899999999999999" vel="0,0,0" mass="1" elasticityCoef="1" ang="90,0,0" color="0,220,0" radius="0.5" length="4" />
		<capsule pos="-3.450000000000003,-38.5,9.200000000000003" vel="0,0,0" mass="1" elasticityCoef="1" ang="90,0,0" color="0,220,0" radius="0.5" length="4" />
		<capsule pos="-3.450000000000003,-38.5,11.5" vel="0,0,0" mass="1" elasticityCoef="1" ang="90,0,0" color="0,220,0" radius="0.5" length="4" />
		<capsule pos="-3.450000000000003,-38.5,13.799999999999997" vel="0,0,0" mass="1" elasticityCoef="1" ang="90,0,0" color="0,220,0" radius="0.5" length="4" />
		<capsule pos="-3.450000000000003,-38.5,16.1" vel="0,0,0" mass="1" elasticityCoef="1" ang="90,0,0" color="0,220,0" radius="0.5" length="4" />
		<capsule pos="-3.450000000000003,-38.5,18.4" vel="0,0,0" mass="1" elasticityCoef="1" ang="90,0,0" color="0,220,0" radius="0.5" length="4" />
		<capsule pos="-3.450000000000003,-38.5,20.699999999999996" vel="0,0,0" mass="1" elasticityCoef="1" ang="90,0,0" color="0,220,0" radius="0.5" length="4" />
		<capsule pos="-3.450000000000003,-38.5,22.999999999999993" vel="0,0,0" mass="1" elasticityCoef="1" ang="90,0,0" color="0,220,0" radius="0.5" length="4" />
		<capsule pos="-3.450000000000003,-38.5,25.300000000000004" vel="0,0,0" mass="1" elasticityCoef="1" ang="90,0,0" color="0,220,0" radius="0.5" length="4" />
		<capsule pos="-3.450000000000003,-38.5,27.6" vel="0,0,0" mass="1" elasticityCoef="1" ang="90,0,0" color="0,220,0" radius="0.5" length="4" />
		<capsule pos="-3.450000000000003,-38.5,29.9" vel="0,0,0" mass="1" elasticityCoef="1" ang="90,0,0" color="0,220,0" radius="0.5" length="4" />
		<capsule pos="-3.450000000000003,-38.5,32.199999999999996" vel="0,0,0" mass="1" elasticityCoef="1" ang="90,0,0" color="0,220,0" radius="0.5" length="4" />
		<capsule pos="-3.450000000000003,-38.5,34.49999999999999" vel="0,0,0" mass="1" elasticityCoef="1" ang="90,0,0" color="0,220,0" radius="0.5" length="4" />
		<capsule pos="-3.450000000000003,-38.5,36.800000000000004" vel="0,0,0" mass="1" elasticityCoef="1" ang="90,0,0" color="0,220,0" radius="0.5" length="4" />
		<capsule pos="-3.450000000000003,-38.5,39.1" vel="0,0,0" mass="1" elasticityCoef="1" ang="90,0,0" color="0,220,0" radius="0.5" length="4" />
		<capsule pos="-3.450000000000003,-38.5,41.4" vel="0,0,0" mass="1" elasticityCoef="1" ang="90,0,0" color="0,220,0" radius="0.5" length="4" />
		<capsule pos="-3.450000000000003,-33.0,-43.699999999999996" vel="0,0,0" mass="1" elasticityCoef="1" ang="90,0,0" color="0,220,0" radius="0.5" length="4" />
		<capsule pos="-3.450000000000003,-33.0,-41.4" vel="0,0,0" mass="1" elasticityCoef="1" ang="90,0,0" color="0,220,0" radius="0.5" length="4" />
		<capsule pos="-3.450000000000003,-33.0,-39.099999999999994" vel="0,0,0" mass="1" elasticityCoef="1" ang="90,0,0" color="0,220,0" radius="0.5" length="4" />
		<capsule pos="-3.450000000000003,-33.0,-36.8" vel="0,0,0" mass="1" elasticityCoef="1" ang="90,0,0" color="0,220,0" radius="0.5" length="4" />
		<capsule pos="-3.450000000000003,-33.0,-34.5" vel="0,0,0" mass="1" elasticityCoef="1" ang="90,0,0" color="0,220,0" radius="0.5" length="4" />
		<capsule pos="-3.450000000000003,-33.0,-32.199999999999996" vel="0,0,0" mass="1" elasticityCoef="1" ang="90,0,0" color="0,220,0" radius="0.5" length="4" />
		<capsule pos="-3.450000000000003,-33.0,-29.9" vel="0,0,0" mass="1" elasticityCoef="1" ang="90,0,0" color="0,220,0" radius="0.5" length="4" />
		<capsule pos="-3.450000000000003,-33.0,-27.599999999999998" vel="0,0,0" mass="1" elasticityCoef="1" ang="90,0,0" color="0,220,0" radius="0.5" length="4" />
		<capsule pos="-3.450000000000003,-33.0,-25.299999999999997" vel="0,0,0" mass="1" elasticityCoef="1" ang="90,0,0" color="0,220,0" radius="0.5" length="4" />
		<capsule pos="-3.450000000000003,-33.0,-22.999999999999996" vel="0,0,0" mass="1" elasticityCoef="1" ang="90,0,0" color="0,220,0" radius="0.5" length="4" />
		<capsule pos="-3.450000000000003,-33.0,-20.699999999999996" vel="0,0,0" mass="1" elasticityCoef="1" ang="90,0,0" color="0,220,0" radius="0.5" length="4" />
		<capsule pos="-3.450000000000003,-33.0,-18.4" vel="0,0,0" mass="1" elasticityCoef="1" ang="90,0,0" color="0,220,0" radius="0.5" length="4" />
		<capsule pos="-3.450000000000003,-33.0,-16.099999999999998" vel="0,0,0" mass="1" elasticityCoef="1" ang="90,0,0" color="0,220,0" radius="0.5" length="4" />
		<capsule pos="-3.450000000000003,-33.0,-13.799999999999997" vel="0,0,0" mass="1" elasticityCoef="1" ang="90,0,0" color="0,220,0" radius="0.5" length="4" />
		<capsule pos="-3.450000000000003,-33.0,-11.5" vel="0,0,0" mass="1" elasticityCoef="1" ang="90,0,0" color="0,220,0" radius="0.5" length="4" />
		<capsule pos="-3.450000000000003,-33.0,-9.199999999999996" vel="0,0,0" mass="1" elasticityCoef="1" ang="90,0,0" color="0,220,0" radius="0.5" length="4" />
		<capsule pos="-3.450000000000003,-33.0,-6.899999999999999" vel="0,0,0" mass="1" elasticityCoef="1" ang="90,0,0" color="0,220,0" radius="0.5" length="4" />
		<capsule pos="-3.450000000000003,-33.0,-4.600000000000001" vel="0,0,0" mass="1" elasticityCoef="1" ang="90,0,0" color="0,220,0" radius="0.5" length="4" />
		<capsule pos="-3.450000000000003,-33.0,-2.299999999999997" vel="0,0,0" mass="1" elasticityCoef="1" ang="90,0,0" color="0,220,0" radius="0.5" length="4" />
		<capsule pos="-3.450000000000003,-33.0,0.0" vel="0,0,0" mass="1" elasticityCoef="1" ang="90,0,0" color="0,220,0" radius="0.5" length="4" />
		<capsule pos="-3.450000000000003,-33.0,2.3000000000000043" vel="0,0,0" mass="1" elasticityCoef="1" ang="90,0,0" color="0,220,0" radius="0.5" length="4" />
		<capsule pos="-3.450000000000003,-33.0,4.600000000000001" vel="0,0,0" mass="1" elasticityCoef="1" ang="90,0,0" color="0,220,0" radius="0.5" length="4" />
		<capsule pos="-3.450000000000003,-33.0,6.899999999999999" vel="0,0,0" mass="1" elasticityCoef="1" ang="90,0,0" color="0,220,0" radius="0.5" length="4" />
		<capsule pos="-3.450000000000003,-33.0,9.200000000000003" vel="0,0,0" mass="1" elasticityCoef="1" ang="90,0,0" color="0,220,0" radius="0.5" length="4" />
		<capsule pos="-3.450000000000003,-33.0,11.5" vel="0,0,0" mass="1" elasticityCoef="1" ang="90,0,0" color="0,220,0" radius="0.5" length="4" />
		<capsule pos="-3.450000000000003,-33.0,13.799999999999997" vel="0,0,0" mass="1" elasticityCoef="1" ang="90,0,0" color="0,220,0" radius="0.5" length="4" />
		<capsule pos="-3.450000000000003,-33.0,16.1" vel="0,0,0" mass="1" elasticityCoef="1" ang="90,0,0" color="0,220,0" radius="0.5" length="4" />
		<capsule pos="-3.450000000000003,-33.0,18.4" vel="0,0,0" mass="1" elasticityCoef="1" ang="90,0,0" color="0,220,0" radius="0.5" length="4" />
		<capsule pos="-3.450000000000003,-33.0,20.699999999999996" vel="0,0,0" mass="1" elasticityCoef="1" ang="90,0,0" color="0,220,0" radius="0.5" length="4" />
		<capsule pos="-3.450000000000003,-33.0,22.999999999999993" vel="0,0,0" mass="1" elasticityCoef="1" ang="90,0,0" color="0,220,0" radius="0.5" length="4" />
		<capsule pos="-3.450000000000003,-33.0,25.300000000000004" vel="0,0,0" mass="1" elasticityCoef="1" ang="90,0,0" color="0,220,0" radius="0.5" length="4" />
		<capsule pos="-3.450000000000003,-33.0,27.6" vel="0,0,0" mass="1" elasticityCoef="1" ang="90,0,0" color="0,220,0" radius="0.5" length="4" />
		<capsule pos="-3.450000000000003,-33.0,29.9" vel="0,0,0" mass="1" elasticityCoef="1" ang="90,0,0" color="0,220,0" radius="0.5" length="4" />
		<capsule pos="-3.450000000000003,-33.0,32.199999999999996" vel="0,0,0" mass="1" elasticityCoef="1" ang="90,0,0" color="0,220,0" radius="0.5" length="4" />
		<capsule pos="-3.450000000000003,-33.0,34.49999999999999" vel="0,0,0" mass="1" elasticityCoef="1" ang="90,0,0" color="0,220,0" radius="0.5" length="4" />
		<capsule pos="-3.450000000000003,-33.0,36.800000000000004" vel="0,0,0" mass="1" elasticityCoef="1" ang="90,0,0" color="0,220,0" radius="0.5" length="4" />
		<capsule pos="-3.450000000000003,-33.0,39.1" vel="0,0,0" mass="1" elasticityCoef="1" ang="90,0,0" color="0,220,0" radius="0.5" length="4" />
		<capsule pos="-3.450000000000003,-33.0,41.4" vel="0,0,0" mass="1" elasticityCoef="1" ang="90,0,0" color="0,220,0" radius="0.5" length="4" />
		<capsule pos="-3.450000000000003,-27.5,-43.699999999999996" vel="0,0,0" mass="1" elasticityCoef="1" ang="90,0,0" color="0,220,0" radius="0.5" length="4" />
		<capsule pos="-3.450000000000003,-27.5,-41.4" vel="0,0,0" mass="1" elasticityCoef="1" ang="90,0,0" color="0,220,0" radius="0.5" length="4" />
		<capsule pos="-3.450000000000003,-27.5,-39.099999999999994" vel="0,0,0" mass="1" elasticityCoef="1" ang="90,0,0" color="0,220,0" radius="0.5" length="4" />
		<capsule pos="-3.450000000000003,-27.5,-36.8" vel="0,0,0" mass="1" elasticityCoef="1" ang="90,0,0" color="0,220,0" radius="0.5" length="4" />
		<capsule pos="-3.450000000000003,-27.5,-34.5" vel="0,0,0" mass="1" elasticityCoef="1" ang="90,0,0" color="0,220,0" radius="0.5" length="4" />
		<capsule pos="-3.450000000000003,-27.5,-32.199999999999996" vel="0,0,0" mass="1" elasticityCoef="1" ang="90,0,0" color="0,220,0" radius="0.5" length="4" />
		<capsule pos="-3.450000000000003,-27.5,-29.9" vel="0,0,0" mass="1" elasticityCoef="1" ang="90,0,0" color="0,220,0" radius="0.5" length="4" />
		<capsule pos="-3.450000000000003,-27.5,-27.599999999999998" vel="0,0,0" mass="1" elasticityCoef="1" ang="90,0,0" color="0,220,0" radius="0.5" length="4" />
		<capsule pos="-3.450000000000003,-27.5,-25.299999999999997" vel="0,0,0" mass="1" elasticityCoef="1" ang="90,0,0" color="0,220,0" radius="0.5" length="4" />
		<capsule pos="-3.450000000000003,-27.5,-22.999999999999996" vel="0,0,0" mass="1" elasticityCoef="1" ang="90,0,0" color="0,220,0" radius="0.5" length="4" />
		<capsule pos="-3.450000000000003,-27.5,-20.699999999999996" vel="0,0,0" mass="1" elasticityCoef="1" ang="90,0,0" color="0,220,0" radius="0.5" length="4" />
		<capsule pos="-3.450000000000003,-27.5,-18.4" vel="0,0,0" mass="1" elasticityCoef="1" ang="90,0,0" color="0,220,0" radius="0.5" length="4" />
		<capsule pos="-3.450000000000003,-27.5,-16.099999999999998" vel="0,0,0" mass="1" elasticityCoef="1" ang="90,0,0" color="0,220,0" radius="0.5" length="4" />
		<capsule pos="-3.450000000000003,-27.5,-13.799999999999997" vel="0,0,0" mass="1" elasticityCoef="1" ang="90,0,0" color="0,220,0" radius="0.5" length="4" />
		<capsule pos="-3.450000000000003,-27.5,-11.5" vel="0,0,0" mass="1" elasticityCoef="1" ang="90,0,0" color="0,220,0" radius="0.5" length="4" />
		<capsule pos="-3.450000000000003,-27.5,-9.199999999999996" vel="0,0,0" mass="1" elasticityCoef="1" ang="90,0,0" color="0,220,0" radius="0.5" length="4" />
		<capsule pos="-3.450000000000003,-27.5,-6.899999999999999" vel="0,0,0" mass="1" elasticityCoef="1" ang="90,0,0" color="0,220,0" radius="0.5" length="4" />
		<capsule pos="-3.450000000000003,-27.5,-4.600000000000001" vel="0,0,0" mass="1" elasticityCoef="1" ang="90,0,0" color="0,220,0" radius="0.5" length="4" />
		<capsule pos="-3.450000000000003,-27.5,-2.299999999999997" vel="0,0,0" mass="1" elasticityCoef="1" ang="90,0,0" color="0,220,0" radius="0.5" length="4" />
		<capsule pos="-3.450000000000003,-27.5,0.0" vel="0,0,0" mass="1" elasticityCoef="1" ang="90,0,0" color="0,220,0" radius="0.5" length="4" />
		<capsule pos="-3.450000000000003,-27.5,2.3000000000000043" vel="0,0,0" mass="1" elasticityCoef="1" ang="90,0,0" color="0,220,0" radius="0.5" length="4" />
		<capsule pos="-3.450000000000003,-27.5,4.600000000000001" vel="0,0,0" mass="1" elasticityCoef="1" ang="90,0,0" color="0,220,0" radius="0.5" length="4" />
		<capsule pos="-3.450000000000003,-27.5,6.899999999999999" vel="0,0,0" mass="1" elasticityCoef="1" ang="90,0,0" color="0,220,0" radius="0.5" length="4" />
		<capsule pos="-3.450000000000003,-27.5,9.200000000000003" vel="0,0,0" mass="1" elasticityCoef="1" ang="90,0,0" color="0,220,0" radius="0.5" length="4" />
		<capsule pos="-3.450000000000003,-27.5,11.5" vel="0,0,0" mass="1" elasticityCoef="1" ang="90,0,0" color="0,220,0" radius="0.5" length="4" />
		<capsule pos="-3.450000000000003,-27.5,13.799999999999997" vel="0,0,0" mass="1" elasticityCoef="1" ang="90,0,0" color="0,220,0" radius="0.5" length="4" />
		<capsule pos="-3.450000000000003,-27.5,16.1" vel="0,0,0" mass="1" elasticityCoef="1" ang="90,0,0" color="0,220,0" radius="0.5" length="4" />
		<capsule pos="-3.450000000000003,-27.5,18.4" vel="0,0,0" mass="1" elasticityCoef="1" ang="90,0,0" color="0,220,0" radius="0.5" length="4" />
		<capsule pos="-3.450000000000003,-27.5,20.699999999999996" vel="0,0,0" mass="1" elasticityCoef="1" ang="90,0,0" color="0,220,0" radius="0.5" length="4" />
		<capsule pos="-3.450000000000003,-27.5,22.999999999999993" vel="0,0,0" mass="1" elasticityCoef="1" ang="90,0,0" color="0,220,0" radius="0.5" length="4" />
		<capsule pos="-3.450000000000003,-27.5,25.300000000000004" vel="0,0,0" mass="1" elasticityCoef="1" ang="90,0,0" color="0,220,0" radius="0.5" length="4" />
		<capsule pos="-3.450000000000003,-27.5,27.6" vel="0,0,0" mass="1" elasticityCoef="1" ang="90,0,0" color="0,220,0" radius="0.5" length="4" />
		<capsule pos="-3.450000000000003,-27.5,29.9" vel="0,0,0" mass="1" elasticityCoef="1" ang="90,0,0" color="0,220,0" radius="0.5" length="4" />
		<capsule pos="-3.450000000000003,-27.5,32.199999999999996" vel="0,0,0" mass="1" elasticityCoef="1" ang="90,0,0" color="0,220,0" radius="0.5" length="4" />
		<capsule pos="-3.450000000000003,-27.5,34.49999999999999" vel="0,0,0" mass="1" elasticityCoef="1" ang="90,0,0" color="0,220,0" radius="0.5" length="4" />
		<capsule pos="-3.450000000000003,-27.5,36.800000000000004" vel="0,0,0" mass="1" elasticityCoef="1" ang="90,0,0" color="0,220,0" radius="0.5" length="4" />
		<capsule pos="-3.450000000000003,-27.5,39.1" vel="0,0,0" mass="1" elasticityCoef="1" ang="90,0,0" color="0,220,0" radius="0.5" length="4" />
		<capsule pos="-3.450000000000003,-27.5,41.4" vel="0,0,0" mass="1" elasticityCoef="1" ang="90,0,0" color="0,220,0" radius="0.5" length="4" />
		<capsule pos="-3.450000000000003,-22.0,-43.699999999999996" vel="0,0,0" mass="1" elasticityCoef="1" ang="90,0,0" color="0,220,0" radius="0.5" length="4" />
		<capsule pos="-3.450000000000003,-22.0,-41.4" vel="0,0,0" mass="1" elasticityCoef="1" ang="90,0,0" color="0,220,0" radius="0.5" length="4" />
		<capsule pos="-3.450000000000003,-22.0,-39.099999999999994" vel="0,0,0" mass="1" elasticityCoef="1" ang="90,0,0" color="0,220,0" radius="0.5" length="4" />
		<capsule pos="-3.450000000000003,-22.0,-36.8" vel="0,0,0" mass="1" elasticityCoef="1" ang="90,0,0" color="0,220,0" radius="0.5" length="4" />
		<capsule pos="-3.450000000000003,-22.0,-34.5" vel="0,0,0" mass="1" elasticityCoef="1" ang="90,0,0" color="0,220,0" radius="0.5" length="4" />
		<capsule pos="-3.450000000000003,-22.0,-32.199999999999996" vel="0,0,0" mass="1" elasticityCoef="1" ang="90,0,0" color="0,220,0" radius="0.5" length="4" />
		<capsule pos="-3.450000000000003,-22.0,-29.9" vel="0,0,0" mass="1" elasticityCoef="1" ang="90,0,0" color="0,220,0" radius="0.5" length="4" />
		<capsule pos="-3.450000000000003,-22.0,-27.599999999999998" vel="0,0,0" mass="1" elasticityCoef="1" ang="90,0,0" color="0,220,0" radius="0.5" length="4" />
		<capsule pos="-3.450000000000003,-22.0,-25.299999999999997" vel="0,0,0" mass="1" elasticityCoef="1" ang="90,0,0" color="0,220,0" radius="0.5" length="4" />
		<capsule pos="-3.450000000000003,-22.0,-22.999999999999996" vel="0,0,0" mass="1" elasticityCoef="1" ang="90,0,0" color="0,220,0" radius="0.5" length="4" />
		<capsule pos="-3.450000000000003,-22.0,-20.699999999999996" vel="0,0,0" mass="1" elasticityCoef="1" ang="90,0,0" color="0,220,0" radius="0.5" length="4" />
		<capsule pos="-3.450000000000003,-22.0,-18.4" vel="0,0,0" mass="1" elasticityCoef="1" ang="90,0,0" color="0,220,0" radius="0.5" length="4" />
		<capsule pos="-3.450000000000003,-22.0,-16.099999999999998" vel="0,0,0" mass="1" elasticityCoef="1" ang="90,0,0" color="0,220,0" radius="0.5" length="4" />
		<capsule pos="-3.450000000000003,-22.0,-13.799999999999997" vel="0,0,0" mass="1" elasticityCoef="1" ang="90,0,0" color="0,220,0" radius="0.5" length="4" />
		<capsule pos="-3.450000000000003,-22.0,-11.5" vel="0,0,0" mass="1" elasticityCoef="1" ang="90,0,0" color="0,220,0" radius="0.5" length="4" />
		<capsule pos="-3.450000000000003,-22.0,-9.199999999999996" vel="0,0,0" mass="1" elasticityCoef="1" ang="90,0,0" color="0,220,0" radius="0.5" length="4" />
		<capsule pos="-3.450000000000003,-22.0,-6.899999999999999" vel="0,0,0" mass="1" elasticityCoef="1" ang="90,0,0" color="0,220,0" radius="0.5" length="4" />
		<capsule pos="-3.450000000000003,-22.0,-4.600000000000001" vel="0,0,0" mass="1" elasticityCoef="1" ang="90,0,0" color="0,220,0" radius="0.5" length="4" />
		<capsule pos="-3.450000000000003,-22.0,-2.299999999999997" vel="0,0,0" mass="1" elasticityCoef="1" ang="90,0,0" color="0,220,0" radius="0.5" length="4" />
		<capsule pos="-3.450000000000003,-22.0,0.0" vel="0,0,0" mass="1" elasticityCoef="1" ang="90,0,0" color="0,220,0" radius="0.5" length="4" />
		<capsule pos="-3.450000000000003,-22.0,2.3000000000000043" vel="0,0,0" mass="1" elasticityCoef="1" ang="90,0,0" color="0,220,0" radius="0.5" length="4" />
		<capsule pos="-3.450000000000003,-22.0,4.600000000000001" vel="0,0,0" mass="1" elasticityCoef="1" ang="90,0,0" color="0,220,0" radius="0.5" length="4" />
		<capsule pos="-3.450000000000003,-22.0,6.899999999999999" vel="0,0,0" mass="1" elasticityCoef="1" ang="90,0,0" color="0,220,0" radius="0.5" length="4" />
		<capsule pos="-3.450000000000003,-22.0,9.200000000000003" vel="0,0,0" mass="1" elasticityCoef="1" ang="90,0,0" color="0,220,0" radius="0.5" length="4" />
		<capsule pos="-3.450000000000003,-22.0,11.5" vel="0,0,0" mass="1" elasticityCoef="1" ang="90,0,0" color="0,220,0" radius="0.5" length="4" />
		<capsule pos="-3.450000000000003,-22.0,13.799999999999997" vel="0,0,0" mass="1" elasticityCoef="1" ang="90,0,0" color="0,220,0" radius="0.5" length="4" />
		<capsule pos="-3.450000000000003,-22.0,16.1" vel="0,0,0" mass="1" elasticityCoef="1" ang="90,0,0" color="0,220,0" radius="0.5" length="4" />
		<capsule pos="-3.450000000000003,-22.0,18.4" vel="0,0,0" mass="1" elasticityCoef="1" ang="90,0,0" color="0,220,0" radius="0.5" length="4" />
		<capsule pos="-3.450000000000003,-22.0,20.699999999999996" vel="0,0,0" mass="1" elasticityCoef="1" ang="90,0,0" color="0,220,0" radius="0.5" length="4" />
		<capsule pos="-3.450000000000003,-22.0,22.999999999999993" vel="0,0,0" mass="1" elasticityCoef="1" ang="90,0,0" color="0,220,0" radius="0.5" length="4" />
		<capsule pos="-3.450000000000003,-22.0,25.300000000000004" vel="0,0,0" mass="1" elasticityCoef="1" ang="90,0,0" color="0,220,0" radius="0.5" length="4" />
		<capsule pos="-3.450000000000003,-22.0,27.6" vel="0,0,0" mass="1" elasticityCoef="1" ang="90,0,0" color="0,220,0" radius="0.5" length="4" />
		<capsule pos="-3.450000000000003,-22.0,29.9" vel="0,0,0" mass="1" elasticityCoef="1" ang="90,0,0" color="0,220,0" radius="0.5" length="4" />
		<capsule pos="-3.450000000000003,-22.0,32.199999999999996" vel="0,0,0" mass="1" elasticityCoef="1" ang="90,0,0" color="0,220,0" radius="0.5" length="4" />
		<capsule pos="-3.450000000000003,-22.0,34.49999999999999" vel="0,0,0" mass="1" elasticityCoef="1" ang="90,0,0" color="0,220,0" radius="0.5" length="4" />
		<capsule pos="-3.450000000000003,-22.0,36.800000000000004" vel="0,0,0" mass="1" elasticityCoef="1" ang="90,0,0" color="0,220,0" radius="0.5" length="4" />
		<capsule pos="-3.450000000000003,-22.0,39.1" vel="0,0,0" mass="1" elasticityCoef="1" ang="90,0,0" color="0,220,0" radius="0.5" length="4" />
		<capsule pos="-3.450000000000003,-22.0,41.4" vel="0,0,0" mass="1" elasticityCoef="1" ang="90,0,0" color="0,220,0" radius="0.5" length="4" />
		<capsule pos="-3.450000000000003,-16.5,-43.699999999999996" vel="0,0,0" mass="1" elasticityCoef="1" ang="90,0,0" color="0,220,0" radius="0.5" length="4" />
		<capsule pos="-3.450000000000003,-16.5,-41.4" vel="0,0,0" mass="1" elasticityCoef="1" ang="90,0,0" color="0,220,0" radius="0.5" length="4" />
		<capsule pos="-3.450000000000003,-16.5,-39.099999999999994" vel="0,0,0" mass="1" elasticityCoef="1" ang="90,0,0" color="0,220,0" radius="0.5" length="4" />
		<capsule pos="-3.450000000000003,-16.5,-36.8" vel="0,0,0" mass="1" elasticityCoef="1" ang="90,0,0" color="0,220,0" radius="0.5" length="4" />
		<capsule pos="-3.450000000000003,-16.5,-34.5" vel="0,0,0" mass="1" elasticityCoef="1" ang="90,0,0" color="0,220,0" radius="0.5" length="4" />
		<capsule pos="-3.450000000000003,-16.5,-32.199999999999996" vel="0,0,0" mass="1" elasticityCoef="1" ang="90,0,0" color="0,220,0" radius="0.5" length="4" />
		<capsule pos="-3.450000000000003,-16.5,-29.9" vel="0,0,0" mass="1" elasticityCoef="1" ang="90,0,0" color="0,220,0" radius="0.5" length="4" />
		<capsule pos="-3.450000000000003,-16.5,-27.599999999999998" vel="0,0,0" mass="1" elasticityCoef="1" ang="90,0,0" color="0,220,0" radius="0.5" length="4" />
		<capsule pos="-3.450000000000003,-16.5,-25.299999999999997" vel="0,0,0" mass="1" elasticityCoef="1" ang="90,0,0" color="0,220,0" radius="0.5" length="4" />
		<capsule pos="-3.450000000000003,-16.5,-22.999999999999996" vel="0,0,0" mass="1" elasticityCoef="1" ang="90,0,0" color="0,220,0" radius="0.5" length="4" />
		<capsule pos="-3.450000000000003,-16.5,-20.699999999999996" vel="0,0,0" mass="1" elasticityCoef="1" ang="90,0,0" color="0,220,0" radius="0.5" length="4" />
		<capsule pos="-3.450000000000003,-16.5,-18.4" vel="0,0,0" mass="1" elasticityCoef="1" ang="90,0,0" color="0,220,0" radius="0.5" length="4" />
		<capsule pos="-3.450000000000003,-16.5,-16.099999999999998" vel="0,0,0" mass="1" elasticityCoef="1" ang="90,0,0" color="0,220,0" radius="0.5" length="4" />
		<capsule pos="-3.450000000000003,-16.5,-13.799999999999997" vel="0,0,0" mass="1" elasticityCoef="1" ang="90,0,0" color="0,220,0" radius="0.5" length="4" />
		<capsule pos="-3.450000000000003,-16.5,-11.5" vel="0,0,0" mass="1" elasticityCoef="1" ang="90,0,0" color="0,220,0" radius="0.5" length="4" />
		<capsule pos="-3.450000000000003,-16.5,-9.199999999999996" vel="0,0,0" mass="1" elasticityCoef="1" ang="90,0,0" color="0,220,0" radius="0.5" length="4" />
		<capsule pos="-3.450000000000003,-16.5,-6.899999999999999" vel="0,0,0" mass="1" elasticityCoef="1" ang="90,0,0" color="0,220,0" radius="0.5" length="4" />
		<capsule pos="-3.450000000000003,-16.5,-4.600000000000001" vel="0,0,0" mass="1" elasticityCoef="1" ang="90,0,0" color="0,220,0" radius="0.5" length="4" />
		<capsule pos="-3.450000000000003,-16.5,-2.299999999999997" vel="0,0,0" mass="1" elasticityCoef="1" ang="90,0,0" color="0,220,0" radius="0.5" length="4" />
		<capsule pos="-3.450000000000003,-16.5,0.0" vel="0,0,0" mass="1" elasticityCoef="1" ang="90,0,0" color="0,220,0" radius="0.5" length="4" />
		<capsule pos="-3.450000000000003,-16.5,2.3000000000000043" vel="0,0,0" mass="1" elasticityCoef="1" ang="90,0,0" color="0,220,0" radius="0.5" length="4" />
		<capsule pos="-3.450000000000003,-16.5,4.600000000000001" vel="0,0,0" mass="1" elasticityCoef="1" ang="90,0,0" color="0,220,0" radius="0.5" length="4" />
		<capsule pos="-3.450000000000003,-16.5,6.899999999999999" vel="0,0,0" mass="1" elasticityCoef="1" ang="90,0,0" color="0,220,0" radius="0.5" length="4" />
		<capsule pos="-3.450000000000003,-16.5,9.200000000000003" vel="0,0,0" mass="1" elasticityCoef="1" ang="90,0,0" color="0,220,0" radius="0.5" length="4" />
		<capsule pos="-3.450000000000003,-16.5,11.5" vel="0,0,0" mass="1" elasticityCoef="1" ang="90,0,0" color="0,220,0" radius="0.5" length="4" />
		<capsule pos="-3.450000000000003,-16.5,13.799999999999997" vel="0,0,0" mass="1" elasticityCoef="1" ang="90,0,0" color="0,220,0" radius="0.5" length="4" />
		<capsule pos="-3.450000000000003,-16.5,16.1" vel="0,0,0" mass="1" elasticityCoef="1" ang="90,0,0" color="0,220,0" radius="0.5" length="4" />
		<capsule pos="-3.450000000000003,-16.5,18.4" vel="0,0,0" mass="1" elasticityCoef="1" ang="90,0,0" color="0,220,0" radius="0.5" length="4" />
		<capsule pos="-3.450000000000003,-16.5,20.699999999999996" vel="0,0,0" mass="1" elasticityCoef="1" ang="90,0,0" color="0,220,0" radius="0.5" length="4" />
		<capsule pos="-3.450000000000003,-16.5,22.999999999999993" vel="0,0,0" mass="1" elasticityCoef="1" ang="90,0,0" color="0,220,0" radius="0.5" length="4" />
		<capsule pos="-3.450000000000003,-16.5,25.300000000000004" vel="0,0,0" mass="1" elasticityCoef="1" ang="90,0,0" color="0,220,0" radius="0.5" length="4" />
		<capsule pos="-3.450000000000003,-16.5,27.6" vel="0,0,0" mass="1" elasticityCoef="1" ang="90,0,0" color="0,220,0" radius="0.5" length="4" />
		<capsule pos="-3.450000000000003,-16.5,29.9" vel="0,0,0" mass="1" elasticityCoef="1" ang="90,0,0" color="0,220,0" radius="0.5" length="4" />
		<capsule pos="-3.450000000000003,-16.5,32.199999999999996" vel="0,0,0" mass="1" elasticityCoef="1" ang="90,0,0" color="0,220,0" radius="0.5" length="4" />
		<capsule pos="-3.450000000000003,-16.5,34.49999999999999" vel="0,0,0" mass="1" elasticityCoef="1" ang="90,0,0" color="0,220,0" radius="0.5" length="4" />
		<capsule pos="-3.450000000000003,-16.5,36.800000000000004" vel="0,0,0" mass="1" elasticityCoef="1" ang="90,0,0" color="0,220,0" radius="0.5" length="4" />
		<capsule pos="-3.450000000000003,-16.5,39.1" vel="0,0,0" mass="1" elasticityCoef="1" ang="90,0,0" color="0,220,0" radius="0.5" length="4" />
		<capsule pos="-3.450000000000003,-16.5,41.4" vel="0,0,0" mass="1" elasticityCoef="1" ang="90,0,0" color="0,220,0" radius="0.5" length="4" />
		<capsule pos="-3.450000000000003,-11.0,-43.699999999999996" vel="0,0,0" mass="1" elasticityCoef="1" ang="90,0,0" color="0,220,0" radius="0.5" length="4" />
		<capsule pos="-3.450000000000003,-11.0,-41.4" vel="0,0,0" mass="1" elasticityCoef="1" ang="90,0,0" color="0,220,0" radius="0.5" length="4" />
		<capsule pos="-3.450000000000003,-11.0,-39.099999999999994" vel="0,0,0" mass="1" elasticityCoef="1" ang="90,0,0" color="0,220,0" radius="0.5" length="4" />
		<capsule pos="-3.450000000000003,-11.0,-36.8" vel="0,0,0" mass="1" elasticityCoef="1" ang="90,0,0" color="0,220,0" radius="0.5" length="4" />
		<capsule pos="-3.450000000000003,-11.0,-34.5" vel="0,0,0" mass="1" elasticityCoef="1" ang="90,0,0" color="0,220,0" radius="0.5" length="4" />
		<capsule pos="-3.450000000000003,-11.0,-32.199999999999996" vel="0,0,0" mass="1" elasticityCoef="1" ang="90,0,0" color="0,220,0" radius="0.5" length="4" />
		<capsule pos="-3.450000000000003,-11.0,-29.9" vel="0,0,0" mass="1" elasticityCoef="1" ang="90,0,0" color="0,220,0" radius="0.5" length="4" />
		<capsule pos="-3.450000000000003,-11.0,-27.599999999999998" vel="0,0,0" mass="1" elasticityCoef="1" ang="90,0,0" color="0,220,0" radius="0.5" length="4" />
		<capsule pos="-3.450000000000003,-11.0,-25.299999999999997" vel="0,0,0" mass="1" elasticityCoef="1" ang="90,0,0" color="0,220,0" radius="0.5" length="4" />
		<capsule pos="-3.450000000000003,-11.0,-22.999999999999996" vel="0,0,0" mass="1" elasticityCoef="1" ang="90,0,0" color="0,220,0" radius="0.5" length="4" />
		<capsule pos="-3.450000000000003,-11.0,-20.699999999999996" vel="0,0,0" mass="1" elasticityCoef="1" ang="90,0,0" color="0,220,0" radius="0.5" length="4" />
		<capsule pos="-3.450000000000003,-11.0,-18.4" vel="0,0,0" mass="1" elasticityCoef="1" ang="90,0,0" color="0,220,0" radius="0.5" length="4" />
		<capsule pos="-3.450000000000003,-11.0,-16.099999999999998" vel="0,0,0" mass="1" elasticityCoef="1" ang="90,0,0" color="0,220,0" radius="0.5" length="4" />
		<capsule pos="-3.450000000000003,-11.0,-13.799999999999997" vel="0,0,0" mass="1" elasticityCoef="1" ang="90,0,0" color="0,220,0" radius="0.5" length="4" />
		<capsule pos="-3.450000000000003,-11.0,-11.5" vel="0,0,0" mass="1" elasticityCoef="1" ang="90,0,0" color="0,220,0" radius="0.5" length="4" />
		<capsule pos="-3.450000000000003,-11.0,-9.199999999999996" vel="0,0,0" mass="1" elasticityCoef="1" ang="90,0,0" color="0,220,0" radius="0.5" length="4" />
		<capsule pos="-3.450000000000003,-11.0,-6.899999999999999" vel="0,0,0" mass="1" elasticityCoef="1" ang="90,0,0" color="0,220,0" radius="0.5" length="4" />
		<capsule pos="-3.450000000000003,-11.0,-4.600000000000001" vel="0,0,0" mass="1" elasticityCoef="1" ang="90,0,0" color="0,220,0" radius="0.5" length="4" />
		<capsule pos="-3.450000000000003,-11.0,-2.299999999999997" vel="0,0,0" mass="1" elasticityCoef="1" ang="90,0,0" color="0,220,0" radius="0.5" length="4" />
		<capsule pos="-3.450000000000003,-11.0,0.0" vel="0,0,0" mass="1" elasticityCoef="1" ang="90,0,0" color="0,220,0" radius="0.5" length="4" />
		<capsule pos="-3.450000000000003,-11.0,2.3000000000000043" vel="0,0,0" mass="1" elasticityCoef="1" ang="90,0,0" color="0,220,0" radius="0.5" length="4" />
		<capsule pos="-3.450000000000003,-11.0,4.600000000000001" vel="0,0,0" mass="1" elasticityCoef="1" ang="90,0,0" color="0,220,0" radius="0.5" length="4" />
		<capsule pos="-3.450000000000003,-11.0,6.899999999999999" vel="0,0,0" mass="1" elasticityCoef="1" ang="90,0,0" color="0,220,0" radius="0.5" length="4" />
		<capsule pos="-3.450000000000003,-11.0,9.200000000000003" vel="0,0,0" mass="1" elasticityCoef="1" ang="90,0,0" color="0,220,0" radius="0.5" length="4" />
		<capsule pos="-3.450000000000003,-11.0,11.5" vel="0,0,0" mass="1" elasticityCoef="1" ang="90,0,0" color="0,220,0" radius="0.5" length="4" />
		<capsule pos="-3.450000000000003,-11.0,13.799999999999997" vel="0,0,0" mass="1" elasticityCoef="1" ang="90,0,0" color="0,220,0" radius="0.5" length="4" />
		<capsule pos="-3.450000000000003,-11.0,16.1" vel="0,0,0" mass="1" elasticityCoef="1" ang="90,0,0" color="0,220,0" radius="0.5" length="4" />
		<capsule pos="-3.450000000000003,-11.0,18.4" vel="0,0,0" mass="1" elasticityCoef="1" ang="90,0,0" color="0,220,0" radius="0.5" length="4" />
		<capsule pos="-3.450000000000003,-11.0,20.699999999999996" vel="0,0,0" mass="1" elasticityCoef="1" ang="90,0,0" color="0,220,0" radius="0.5" length="4" />
		<capsule pos="-3.450000000000003,-11.0,22.999999999999993" vel="0,0,0" mass="1" elasticityCoef="1" ang="90,0,0" color="0,220,0" radius="0.5" length="4" />
		<capsule pos="-3.450000000000003,-11.0,25.300000000000004" vel="0,0,0" mass="1" elasticityCoef="1" ang="90,0,0" color="0,220,0" radius="0.5" length="4" />
		<capsule pos="-3.450000000000003,-11.0,27.6" vel="0,0,0" mass="1" elasticityCoef="1" ang="90,0,0" color="0,220,0" radius="0.5" length="4" />
		<capsule pos="-3.450000000000003,-11.0,29.9" vel="0,0,0" mass="1" elasticityCoef="1" ang="90,0,0" color="0,220,0" radius="0.5" length="4" />
		<capsule pos="-3.450000000000003,-11.0,32.199999999999996" vel="0,0,0" mass="1" elasticityCoef="1" ang="90,0,0" color="0,220,0" radius="0.5" length="4" />
		<capsule pos="-3.450000000000003,-11.0,34.49999999999999" vel="0,0,0" mass="1" elasticityCoef="1" ang="90,0,0" color="0,220,0" radius="0.5" length="4" />
		<capsule pos="-3.450000000000003,-11.0,36.800000000000004" vel="0,0,0" mass="1" elasticityCoef="1" ang="90,0,0" color="0,220,0" radius="0.5" length="4" />
		<capsule pos="-3.450000000000003,-11.0,39.1" vel="0,0,0" mass="1" elasticityCoef="1" ang="90,0,0" color="0,220,0" radius="0.5" length="4" />
		<capsule pos="-3.450000000000003,-11.0,41.4" vel="0,0,0" mass="1" elasticityCoef="1" ang="90,0,0" color="0,220,0" radius="0.5" length="4" />
		<capsule pos="-3.450000000000003,-5.5,-43.699999999999996" vel="0,0,0" mass="1" elasticityCoef="1" ang="90,0,0" color="0,220,0" radius="0.5" length="4" />
		<capsule pos="-3.450000000000003,-5.5,-41.4" vel="0,0,0" mass="1" elasticityCoef="1" ang="90,0,0" color="0,220,0" radius="0.5" length="4" />
		<capsule pos="-3.450000000000003,-5.5,-39.099999999999994" vel="0,0,0" mass="1" elasticityCoef="1" ang="90,0,0" color="0,220,0" radius="0.5" length="4" />
		<capsule pos="-3.450000000000003,-5.5,-36.8" vel="0,0,0" mass="1" elasticityCoef="1" ang="90,0,0" color="0,220,0" radius="0.5" length="4" />
		<capsule pos="-3.450000000000003,-5.5,-34.5" vel="0,0,0" mass="1" elasticityCoef="1" ang="90,0,0" color="0,220,0" radius="0.5" length="4" />
		<capsule pos="-3.450000000000003,-5.5,-32.199999999999996" vel="0,0,0" mass="1" elasticityCoef="1" ang="90,0,0" color="0,220,0" radius="0.5" length="4" />
		<capsule pos="-3.450000000000003,-5.5,-29.9" vel="0,0,0" mass="1" elasticityCoef="1" ang="90,0,0" color="0,220,0" radius="0.5" length="4" />
		<capsule pos="-3.450000000000003,-5.5,-27.599999999999998" vel="0,0,0" mass="1" elasticityCoef="1" ang="90,0,0" color="0,220,0" radius="0.5" length="4" />
		<capsule pos="-3.450000000000003,-5.5,-25.299999999999997" vel="0,0,0" mass="1" elasticityCoef="1" ang="90,0,0" color="0,220,0" radius="0.5" length="4" />
		<capsule pos="-3.450000000000003,-5.5,-22.999999999999996" vel="0,0,0" mass="1" elasticityCoef="1" ang="90,0,0" color="0,220,0" radius="0.5" length="4" />
		<capsule pos="-3.450000000000003,-5.5,-20.699999999999996" vel="0,0,0" mass="1" elasticityCoef="1" ang="90,0,0" color="0,220,0" radius="0.5" length="4" />
		<capsule pos="-3.450000000000003,-5.5,-18.4" vel="0,0,0" mass="1" elasticityCoef="1" ang="90,0,0" color="0,220,0" radius="0.5" length="4" />
		<capsule pos="-3.450000000000003,-5.5,-16.099999999999998" vel="0,0,0" mass="1" elasticityCoef="1" ang="90,0,0" color="0,220,0" radius="0.5" length="4" />
		<capsule pos="-3.450000000000003,-5.5,-13.799999999999997" vel="0,0,0" mass="1" elasticityCoef="1" ang="90,0,0" color="0,220,0" radius="0.5" length="4" />
		<capsule pos="-3.450000000000003,-5.5,-11.5" vel="0,0,0" mass="1" elasticityCoef="1" ang="90,0,0" color="0,220,0" radius="0.5" length="4" />
		<capsule pos="-3.450000000000003,-5.5,-9.199999999999996" vel="0,0,0" mass="1" elasticityCoef="1" ang="90,0,0" color="0,220,0" radius="0.5" length="4" />
		<capsule pos="-3.450000000000003,-5.5,-6.899999999999999" vel="0,0,0" mass="1" elasticityCoef="1" ang="90,0,0" color="0,220,0" radius="0.5" length="4" />
		<capsule pos="-3.450000000000003,-5.5,-4.600000000000001" vel="0,0,0" mass="1" elasticityCoef="1" ang="90,0,0" color="0,220,0" radius="0.5" length="4" />
		<capsule pos="-3.450000000000003,-5.5,-2.299999999999997" vel="0,0,0" mass="1" elasticityCoef="1" ang="90,0,0" color="0,220,0" radius="0.5" length="4" />
		<capsule pos="-3.450000000000003,-5.5,0.0" vel="0,0,0" mass="1" elasticityCoef="1" ang="90,0,0" color="0,220,0" radius="0.5" length="4" />
		<capsule pos="-3.450000000000003,-5.5,2.3000000000000043" vel="0,0,0" mass="1" elasticityCoef="1" ang="90,0,0" color="0,220,0" radius="0.5" length="4" />
		<capsule pos="-3.450000000000003,-5.5,4.600000000000001" vel="0,0,0" mass="1" elasticityCoef="1" ang="90,0,0" color="0,220,0" radius="0.5" length="4" />
		<capsule pos="-3.450000000000003,-5.5,6.899999999999999" vel="0,0,0" mass="1" elasticityCoef="1" ang="90,0,0" color="0,220,0" radius="0.5" length="4" />
		<capsule pos="-3.450000000000003,-5.5,9.200000000000003" vel="0,0,0" mass="1" elasticityCoef="1" ang="90,0,0" color="0,220,0" radius="0.5" length="4" />
		<capsule pos="-3.450000000000003,-5.5,11.5" vel="0,0,0" mass="1" elasticityCoef="1" ang="90,0,0" color="0,220,0" radius="0.5" length="4" />
		<capsule pos="-3.450000000000003,-5.5,13.799999999999997" vel="0,0,0" mass="1" elasticityCoef="1" ang="90,0,0" color="0,220,0" radius="0.5" length="4" />
		<capsule pos="-3.450000000000003,-5.5,16.1" vel="0,0,0" mass="1" elasticityCoef="1" ang="90,0,0" color="0,220,0" radius="0.5" length="4" />
		<capsule pos="-3.450000000000003,-5.5,18.4" vel="0,0,0" mass="1" elasticityCoef="1" ang="90,0,0" color="0,220,0" radius="0.5" length="4" />
		<capsule pos="-3.450000000000003,-5.5,20.699999999999996" vel="0,0,0" mass="1" elasticityCoef="1" ang="90,0,0" color="0,220,0" radius="0.5" length="4" />
		<capsule pos="-3.450000000000003,-5.5,22.999999999999993" vel="0,0,0" mass="1" elasticityCoef="1" ang="90,0,0" color="0,220,0" radius="0.5" length="4" />
		<capsule pos="-3.450000000000003,-5.5,25.300000000000004" vel="0,0,0" mass="1" elasticityCoef="1" ang="90,0,0" color="0,220,0" radius="0.5" length="4" />
		<capsule pos="-3.450000000000003,-5.5,27.6" vel="0,0,0" mass="1" elasticityCoef="1" ang="90,0,0" color="0,220,0" radius="0.5" length="4" />
		<capsule pos="-3.450000000000003,-5.5,29.9" vel="0,0,0" mass="1" elasticityCoef="1" ang="90,0,0" color="0,220,0" radius="0.5" length="4" />
		<capsule pos="-3.450000000000003,-5.5,32.199999999999996" vel="0,0,0" mass="1" elasticityCoef="1" ang="90,0,0" color="0,220,0" radius="0.5" length="4" />
		<capsule pos="-3.450000000000003,-5.5,34.49999999999999" vel="0,0,0" mass="1" elasticityCoef="1" ang="90,0,0" color="0,220,0" radius="0.5" length="4" />
		<capsule pos="-3.450000000000003,-5.5,36.800000000000004" vel="0,0,0" mass="1" elasticityCoef="1" ang="90,0,0" color="0,220,0" radius="0.5" length="4" />
		<capsule pos="-3.450000000000003,-5.5,39.1" vel="0,0,0" mass="1" elasticityCoef="1" ang="90,0,0" color="0,220,0" radius="0.5" length="4" />
		<capsule pos="-3.450000000000003,-5.5,41.4" vel="0,0,0" mass="1" elasticityCoef="1" ang="90,0,0" color="0,220,0" radius="0.5" length="4" />
		<capsule pos="-3.450000000000003,0.0,-43.699999999999996" vel="0,0,0" mass="1" elasticityCoef="1" ang="90,0,0" color="0,220,0" radius="0.5" length="4" />
		<capsule pos="-3.450000000000003,0.0,-41.4" vel="0,0,0" mass="1" elasticityCoef="1" ang="90,0,0" color="0,220,0" radius="0.5" length="4" />
		<capsule pos="-3.450000000000003,0.0,-39.099999999999994" vel="0,0,0" mass="1" elasticityCoef="1" ang="90,0,0" color="0,220,0" radius="0.5" length="4" />
		<capsule pos="-3.450000000000003,0.0,-36.8" vel="0,0,0" mass="1" elasticityCoef="1" ang="90,0,0" color="0,220,0" radius="0.5" length="4" />
		<capsule pos="-3.450000000000003,0.0,-34.5" vel="0,0,0" mass="1" elasticityCoef="1" ang="90,0,0" color="0,220,0" radius="0.5" length="4" />
		<capsule pos="-3.450000000000003,0.0,-32.199999999999996" vel="0,0,0" mass="1" elasticityCoef="1" ang="90,0,0" color="0,220,0" radius="0.5" length="4" />
		<capsule pos="-3.450000000000003,0.0,-29.9" vel="0,0,0" mass="1" elasticityCoef="1" ang="90,0,0" color="0,220,0" radius="0.5" length="4" />
		<capsule pos="-3.450000000000003,0.0,-27.599999999999998" vel="0,0,0" mass="1" elasticityCoef="1" ang="90,0,0" color="0,220,0" radius="0.5" length="4" />
		<capsule pos="-3.450000000000003,0.0,-25.299999999999997" vel="0,0,0" mass="1" elasticityCoef="1" ang="90,0,0" color="0,220,0" radius="0.5" length="4" />
		<capsule pos="-3.450000000000003,0.0,-22.999999999999996" vel="0,0,0" mass="1" elasticityCoef="1" ang="90,0,0" color="0,220,0" radius="0.5" length="4" />
		<capsule pos="-3.450000000000003,0.0,-20.699999999999996" vel="0,0,0" mass="1" elasticityCoef="1" ang="90,0,0" color="0,220,0" radius="0.5" length="4" />
		<capsule pos="-3.450000000000003,0.0,-18.4" vel="0,0,0" mass="1" elasticityCoef="1" ang="90,0,0" color="0,220,0" radius="0.5" length="4" />
		<capsule pos="-3.450000000000003,0.0,-16.099999999999998" vel="0,0,0" mass="1" elasticityCoef="1" ang="90,0,0" color="0,220,0" radius="0.5" length="4" />
		<capsule pos="-3.450000000000003,0.0,-13.799999999999997" vel="0,0,0" mass="1" elasticityCoef="1" ang="90,0,0" color="0,220,0" radius="0.5" length="4" />
		<capsule pos="-3.450000000000003,0.0,-11.5" vel="0,0,0" mass="1" elasticityCoef="1" ang="90,0,0" color="0,220,0" radius="0.5" length="4" />
		<capsule pos="-3.450000000000003,0.0,-9.199999999999996" vel="0,0,0" mass="1" elasticityCoef="1" ang="90,0,0" color="0,220,0" radius="0.5" length="4" />
		<capsule pos="-3.450000000000003,0.0,-6.899999999999999" vel="0,0,0" mass="1" elasticityCoef="1" ang="90,0,0" color="0,220,0" radius="0.5" length="4" />
		<capsule pos="-3.450000000000003,0.0,-4.600000000000001" vel="0,0,0" mass="1" elasticityCoef="1" ang="90,0,0" color="0,220,0" radius="0.5" length="4" />
		<capsule pos="-3.450000000000003,0.0,-2.299999999999997" vel="0,0,0" mass="1" elasticityCoef="1" ang="90,0,0" color="0,220,0" radius="0.5" length="4" />
		<capsule pos="-3.450000000000003,0.0,0.0" vel="0,0,0" mass="1" elasticityCoef="1" ang="90,0,0" color="0,220,0" radius="0.5" length="4" />
		<capsule pos="-3.450000000000003,0.0,2.3000000000000043" vel="0,0,0" mass="1" elasticityCoef="1" ang="90,0,0" color="0,220,0" radius="0.5" length="4" />
		<capsule pos="-3.450000000000003,0.0,4.600000000000001" vel="0,0,0" mass="1" elasticityCoef="1" ang="90,0,0" color="0,220,0" radius="0.5" length="4" />
		<capsule pos="-3.450000000000003,0.0,6.899999999999999" vel="0,0,0" mass="1" elasticityCoef="1" ang="90,0,0" color="0,220,0" radius="0.5" length="4" />
		<capsule pos="-3.450000000000003,0.0,9.200000000000003" vel="0,0,0" mass="1" elasticityCoef="1" ang="90,0,0" color="0,220,0" radius="0.5" length="4" />
		<capsule pos="-3.450000000000003,0.0,11.5" vel="0,0,0" mass="1" elasticityCoef="1" ang="90,0,0" color="0,220,0" radius="0.5" length="4" />
		<capsule pos="-3.450000000000003,0.0,13.799999999999997" vel="0,0,0" mass="1" elasticityCoef="1" ang="90,0,0" color="0,220,0" radius="0.5" length="4" />
		<capsule pos="-3.450000000000003,0.0,16.1" vel="0,0,0" mass="1" elasticityCoef="1" ang="90,0,0" color="0,220,0" radius="0.5" length="4" />
		<capsule pos="-3.450000000000003,0.0,18.4" vel="0,0,0" mass="1" elasticityCoef="1" ang="90,0,0" color="0,220,0" radius="0.5" length="4" />
		<capsule pos="-3.450000000000003,0.0,20.699999999999996" vel="0,0,0" mass="1" elasticityCoef="1" ang="90,0,0" color="0,220,0" radius="0.5" length="4" />
		<capsule pos="-3.450000000000003,0.0,22.999999999999993" vel="0,0,0" mass="1" elasticityCoef="1" ang="90,0,0" color="0,220,0" radius="0.5" length="4" />
		<capsule pos="-3.450000000000003,0.0,25.300000000000004" vel="0,0,0" mass="1" elasticityCoef="1" ang="90,0,0" color="0,220,0" radius="0.5" length="4" />
		<capsule pos="-3.450000000000003,0.0,27.6" vel="0,0,0" mass="1" elasticityCoef="1" ang="90,0,0" color="0,220,0" radius="0.5" length="4" />
		<capsule pos="-3.450000000000003,0.0,29.9" vel="0,0,0" mass="1" elasticityCoef="1" ang="90,0,0" color="0,220,0" radius="0.5" length="4" />
		<capsule pos="-3.450000000000003,0.0,32.199999999999996" vel="0,0,0" mass="1" elasticityCoef="1" ang="90,0,0" color="0,220,0" radius="0.5" length="4" />
		<capsule pos="-3.450000000000003,0.0,34.49999999999999" vel="0,0,0" mass="1" elasticityCoef="1" ang="90,0,0" color="0,220,0" radius="0.5" length="4" />
		<capsule pos="-3.450000000000003,0.0,36.800000000000004" vel="0,0,0" mass="1" elasticityCoef="1" ang="90,0,0" color="0,220,0" radius="0.5" length="4" />
		<capsule pos="-3.450000000000003,0.0,39.1" vel="0,0,0" mass="1" elasticityCoef="1" ang="90,0,0" color="0,220,0" radius="0.5" length="4" />
		<capsule pos="-3.450000000000003,0.0,41.4" vel="0,0,0" mass="1" elasticityCoef="1" ang="90,0,0" color="0,220,0" radius="0.5" length="4" />
		<capsule pos="-3.450000000000003,5.5,-43.699999999999996" vel="0,0,0" mass="1" elasticityCoef="1" ang="90,0,0" color="0,220,0" radius="0.5" length="4" />
		<capsule pos="-3.450000000000003,5.5,-41.4" vel="0,0,0" mass="1" elasticityCoef="1" ang="90,0,0" color="0,220,0" radius="0.5" length="4" />
		<capsule pos="-3.450000000000003,5.5,-39.099999999999994" vel="0,0,0" mass="1" elasticityCoef="1" ang="90,0,0" color="0,220,0" radius="0.5" length="4" />
		<capsule pos="-3.450000000000003,5.5,-36.8" vel="0,0,0" mass="1" elasticityCoef="1" ang="90,0,0" color="0,220,0" radius="0.5" length="4" />
		<capsule pos="-3.450000000000003,5.5,-34.5" vel="0,0,0" mass="1" elasticityCoef="1" ang="90,0,0" color="0,220,0" radius="0.5" length="4" />
		<capsule pos="-3.450000000000003,5.5,-32.199999999999996" vel="0,0,0" mass="1" elasticityCoef="1" ang="90,0,0" color="0,220,0" radius="0.5" length="4" />
		<capsule pos="-3.450000000000003,5.5,-29.9" vel="0,0,0" mass="1" elasticityCoef="1" ang="90,0,0" color="0,220,0" radius="0.5" length="4" />
		<capsule pos="-3.450000000000003,5.5,-27.599999999999998" vel="0,0,0" mass="1" elasticityCoef="1" ang="90,0,0" color="0,220,0" radius="0.5" length="4" />
		<capsule pos="-3.450000000000003,5.5,-25.299999999999997" vel="0,0,0" mass="1" elasticityCoef="1" ang="90,0,0" color="0,220,0" radius="0.5" length="4" />
		<capsule pos="-3.450000000000003,5.5,-22.999999999999996" vel="0,0,0" mass="1" elasticityCoef="1" ang="90,0,0" color="0,220,0" radius="0.5" length="4" />
		<capsule pos="-3.450000000000003,5.5,-20.699999999999996" vel="0,0,0" mass="1" elasticityCoef="1" ang="90,0,0" color="0,220,0" radius="0.5" length="4" />
		<capsule pos="-3.450000000000003,5.5,-18.4" vel="0,0,0" mass="1" elasticityCoef="1" ang="90,0,0" color="0,220,0" radius="0.5" length="4" />
		<capsule pos="-3.450000000000003,5.5,-16.099999999999998" vel="0,0,0" mass="1" elasticityCoef="1" ang="90,0,0" color="0,220,0" radius="0.5" length="4" />
		<capsule pos="-3.450000000000003,5.5,-13.799999999999997" vel="0,0,0" mass="1" elasticityCoef="1" ang="90,0,0" color="0,220,0" radius="0.5" length="4" />
		<capsule pos="-3.450000000000003,5.5,-11.5" vel="0,0,0" mass="1" elasticityCoef="1" ang="90,0,0" color="0,220,0" radius="0.5" length="4" />
		<capsule pos="-3.450000000000003,5.5,-9.199999999999996" vel="0,0,0" mass="1" elasticityCoef="1" ang="90,0,0" color="0,220,0" radius="0.5" length="4" />
		<capsule pos="-3.450000000000003,5.5,-6.899999999999999" vel="0,0,0" mass="1" elasticityCoef="1" ang="90,0,0" color="0,220,0" radius="0.5" length="4" />
		<capsule pos="-3.450000000000003,5.5,-4.600000000000001" vel="0,0,0" mass="1" elasticityCoef="1" ang="90,0,0" color="0,220,0" radius="0.5" length="4" />
		<capsule pos="-3.450000000000003,5.5,-2.299999999999997" vel="0,0,0" mass="1" elasticityCoef="1" ang="90,0,0" color="0,220,0" radius="0.5" length="4" />
		<capsule pos="-3.450000000000003,5.5,0.0" vel="0,0,0" mass="1" elasticityCoef="1" ang="90,0,0" color="0,220,0" radius="0.5" length="4" />
		<capsule pos="-3.450000000000003,5.5,2.3000000000000043" vel="0,0,0" mass="1" elasticityCoef="1" ang="90,0,0" color="0,220,0" radius="0.5" length="4" />
		<capsule pos="-3.450000000000003,5.5,4.600000000000001" vel="0,0,0" mass="1" elasticityCoef="1" ang="90,0,0" color="0,220,0" radius="0.5" length="4" />
		<capsule pos="-3.450000000000003,5.5,6.899999999999999" vel="0,0,0" mass="1" elasticityCoef="1" ang="90,0,0" color="0,220,0" radius="0.5" length="4" />
		<capsule pos="-3.450000000000003,5.5,9.200000000000003" vel="0,0,0" mass="1" elasticityCoef="1" ang="90,0,0" color="0,220,0" radius="0.5" length="4" />
		<capsule pos="-3.450000000000003,5.5,11.5" vel="0,0,0" mass="1" elasticityCoef="1" ang="90,0,0" color="0,220,0" radius="0.5" length="4" />
		<capsule pos="-3.450000000000003,5.5,13.799999999999997" vel="0,0,0" mass="1" elasticityCoef="1" ang="90,0,0" color="0,220,0" radius="0.5" length="4" />
		<capsule pos="-3.450000000000003,5.5,16.1" vel="0,0,0" mass="1" elasticityCoef="1" ang="90,0,0" color="0,220,0" radius="0.5" length="4" />
		<capsule pos="-3.450000000000003,5.5,18.4" vel="0,0,0" mass="1" elasticityCoef="1" ang="90,0,0" color="0,220,0" radius="0.5" length="4" />
		<capsule pos="-3.450000000000003,5.5,20.699999999999996" vel="0,0,0" mass="1" elasticityCoef="1" ang="90,0,0" color="0,220,0" radius="0.5" length="4" />
		<capsule pos="-3.450000000000003,5.5,22.999999999999993" vel="0,0,0" mass="1" elasticityCoef="1" ang="90,0,0" color="0,220,0" radius="0.5" length="4" />
		<capsule pos="-3.450000000000003,5.5,25.300000000000004" vel="0,0,0" mass="1" elasticityCoef="1" ang="90,0,0" color="0,220,0" radius="0.5" length="4" />
		<capsule pos="-3.450000000000003,5.5,27.6" vel="0,0,0" mass="1" elasticityCoef="1" ang="90,0,0" color="0,220,0" radius="0.5" length="4" />
		<capsule pos="-3.450000000000003,5.5,29.9" vel="0,0,0" mass="1" elasticityCoef="1" ang="90,0,0" color="0,220,0" radius="0.5" length="4" />
		<capsule pos="-3.450000000000003,5.5,32.199999999999996" vel="0,0,0" mass="1" elasticityCoef="1" ang="90,0,0" color="0,220,0" radius="0.5" length="4" />
		<capsule pos="-3.450000000000003,5.5,34.49999999999999" vel="0,0,0" mass="1" elasticityCoef="1" ang="90,0,0" color="0,220,0" radius="0.5" length="4" />
		<capsule pos="-3.450000000000003,5.5,36.800000000000004" vel="0,0,0" mass="1" elasticityCoef="1" ang="90,0,0" color="0,220,0" radius="0.5" length="4" />
		<capsule pos="-3.450000000000003,5.5,39.1" vel="0,0,0" mass="1" elasticityCoef="1" ang="90,0,0" color="0,220,0" radius="0.5" length="4" />
		<capsule pos="-3.450000000000003,5.5,41.4" vel="0,0,0" mass="1" elasticityCoef="1" ang="90,0,0" color="0,220,0" radius="0.5" length="4" />
		<capsule pos="-3.450000000000003,11.0,-43.699999999999996" vel="0,0,0" mass="1" elasticityCoef="1" ang="90,0,0" color="0,220,0" radius="0.5" length="4" />
		<capsule pos="-3.450000000000003,11.0,-41.4" vel="0,0,0" mass="1" elasticityCoef="1" ang="90,0,0" color="0,220,0" radius="0.5" length="4" />
		<capsule pos="-3.450000000000003,11.0,-39.099999999999994" vel="0,0,0" mass="1" elasticityCoef="1" ang="90,0,0" color="0,220,0" radius="0.5" length="4" />
		<capsule pos="-3.450000000000003,11.0,-36.8" vel="0,0,0" mass="1" elasticityCoef="1" ang="90,0,0" color="0,220,0" radius="0.5" length="4" />
		<capsule pos="-3.450000000000003,11.0,-34.5" vel="0,0,0" mass="1" elasticityCoef="1" ang="90,0,0" color="0,220,0" radius="0.5" length="4" />
		<capsule pos="-3.450000000000003,11.0,-32.199999999999996" vel="0,0,0" mass="1" elasticityCoef="1" ang="90,0,0" color="0,220,0" radius="0.5" length="4" />
		<capsule pos="-3.450000000000003,11.0,-29.9" vel="0,0,0" mass="1" elasticityCoef="1" ang="90,0,0" color="0,220,0" radius="0.5" length="4" />
		<capsule pos="-3.450000000000003,11.0,-27.599999999999998" vel="0,0,0" mass="1" elasticityCoef="1" ang="90,0,0" color="0,220,0" radius="0.5" length="4" />
		<capsule pos="-3.450000000000003,11.0,-25.299999999999997" vel="0,0,0" mass="1" elasticityCoef="1" ang="90,0,0" color="0,220,0" radius="0.5" length="4" />
		<capsule pos="-3.450000000000003,11.0,-22.999999999999996" vel="0,0,0" mass="1" elasticityCoef="1" ang="90,0,0" color="0,220,0" radius="0.5" length="4" />
		<capsule pos="-3.450000000000003,11.0,-20.699999999999996" vel="0,0,0" mass="1" elasticityCoef="1" ang="90,0,0" color="0,220,0" radius="0.5" length="4" />
		<capsule pos="-3.450000000000003,11.0,-18.4" vel="0,0,0" mass="1" elasticityCoef="1" ang="90,0,0" color="0,220,0" radius="0.5" length="4" />
		<capsule pos="-3.450000000000003,11.0,-16.099999999999998" vel="0,0,0" mass="1" elasticityCoef="1" ang="90,0,0" color="0,220,0" radius="0.5" length="4" />
		<capsule pos="-3.450000000000003,11.0,-13.799999999999997" vel="0,0,0" mass="1" elasticityCoef="1" ang="90,0,0" color="0,220,0" radius="0.5" length="4" />
		<capsule pos="-3.450000000000003,11.0,-11.5" vel="0,0,0" mass="1" elasticityCoef="1" ang="90,0,0" color="0,220,0" radius="0.5" length="4" />
		<capsule pos="-3.450000000000003,11.0,-9.199999999999996" vel="0,0,0" mass="1" elasticityCoef="1" ang="90,0,0" color="0,220,0" radius="0.5" length="4" />
		<capsule pos="-3.450000000000003,11.0,-6.899999999999999" vel="0,0,0" mass="1" elasticityCoef="1" ang="90,0,0" color="0,220,0" radius="0.5" length="4" />
		<capsule pos="-3.450000000000003,11.0,-4.600000000000001" vel="0,0,0" mass="1" elasticityCoef="1" ang="90,0,0" color="0,220,0" radius="0.5" length="4" />
		<capsule pos="-3.450000000000003,11.0,-2.299999999999997" vel="0,0,0" mass="1" elasticityCoef="1" ang="90,0,0" color="0,220,0" radius="0.5" length="4" />
		<capsule pos="-3.450000000000003,11.0,0.0" vel="0,0,0" mass="1" elasticityCoef="1" ang="90,0,0" color="0,220,0" radius="0.5" length="4" />
		<capsule pos="-3.450000000000003,11.0,2.3000000000000043" vel="0,0,0" mass="1" elasticityCoef="1" ang="90,0,0" color="0,220,0" radius="0.5" length="4" />
		<capsule pos="-3.450000000000003,11.0,4.600000000000001" vel="0,0,0" mass="1" elasticityCoef="1" ang="90,0,0" color="0,220,0" radius="0.5" length="4" />
		<capsule pos="-3.450000000000003,11.0,6.899999999999999" vel="0,0,0" mass="1" elasticityCoef="1" ang="90,0,0" color="0,220,0" radius="0.5" length="4" />
		<capsule pos="-3.450000000000003,11.0,9.200000000000003" vel="0,0,0" mass="1" elasticityCoef="1" ang="90,0,0" color="0,220,0" radius="0.5" length="4" />
		<capsule pos="-3.450000000000003,11.0,11.5" vel="0,0,0" mass="1" elasticityCoef="1" ang="90,0,0" color="0,220,0" radius="0.5" length="4" />
		<capsule pos="-3.450000000000003,11.0,13.799999999999997" vel="0,0,0" mass="1" elasticityCoef="1" ang="90,0,0" color="0,220,0" radius="0.5" length="4" />
		<capsule pos="-3.450000000000003,11.0,16.1" vel="0,0,0" mass="1" elasticityCoef="1" ang="90,0,0" color="0,220,0" radius="0.5" length="4" />
		<capsule pos="-3.450000000000003,11.0,18.4" vel="0,0,0" mass="1" elasticityCoef="1" ang="90,0,0" color="0,220,0" radius="0.5" length="4" />
		<capsule pos="-3.450000000000003,11.0,20.699999999999996" vel="0,0,0" mass="1" elasticityCoef="1" ang="90,0,0" color="0,220,0" radius="0.5" length="4" />
		<capsule pos="-3.450000000000003,11.0,22.999999999999993" vel="0,0,0" mass="1" elasticityCoef="1" ang="90,0,0" color="0,220,0" radius="0.5" length="4" />
		<capsule pos="-3.450000000000003,11.0,25.300000000000004" vel="0,0,0" mass="1" elasticityCoef="1" ang="90,0,0" color="0,220,0" radius="0.5" length="4" />
		<capsule pos="-3.450000000000003,11.0,27.6" vel="0,0,0" mass="1" elasticityCoef="1" ang="90,0,0" color="0,220,0" radius="0.5" length="4" />
		<capsule pos="-3.450000000000003,11.0,29.9" vel="0,0,0" mass="1" elasticityCoef="1" ang="90,0,0" color="0,220,0" radius="0.5" length="4" />
		<capsule pos="-3.450000000000003,11.0,32.199999999999996" vel="0,0,0" mass="1" elasticityCoef="1" ang="90,0,0" color="0,220,0" radius="0.5" length="4" />
		<capsule pos="-3.450000000000003,11.0,34.49999999999999" vel="0,0,0" mass="1" elasticityCoef="1" ang="90,0,0" color="0,220,0" radius="0.5" length="4" />
		<capsule pos="-3.450000000000003,11.0,36.800000000000004" vel="0,0,0" mass="1" elasticityCoef="1" ang="90,0,0" color="0,220,0" radius="0.5" length="4" />
		<capsule pos="-3.450000000000003,11.0,39.1" vel="0,0,0" mass="1" elasticityCoef="1" ang="90,0,0" color="0,220,0" radius="0.5" length="4" />
		<capsule pos="-3.450000000000003,11.0,41.4" vel="0,0,0" mass="1" elasticityCoef="1" ang="90,0,0" color="0,220,0" radius="0.5" length="4" />
		<capsule pos="-3.450000000000003,16.5,-43.699999999999996" vel="0,0,0" mass="1" elasticityCoef="1" ang="90,0,0" color="0,220,0" radius="0.5" length="4" />
		<capsule pos="-3.450000000000003,16.5,-41.4" vel="0,0,0" mass="1" elasticityCoef="1" ang="90,0,0" color="0,220,0" radius="0.5" length="4" />
		<capsule pos="-3.450000000000003,16.5,-39.099999999999994" vel="0,0,0" mass="1" elasticityCoef="1" ang="90,0,0" color="0,220,0" radius="0.5" length="4" />
		<capsule pos="-3.450000000000003,16.5,-36.8" vel="0,0,0" mass="1" elasticityCoef="1" ang="90,0,0" color="0,220,0" radius="0.5" length="4" />
		<capsule pos="-3.450000000000003,16.5,-34.5" vel="0,0,0" mass="1" elasticityCoef="1" ang="90,0,0" color="0,220,0" radius="0.5" length="4" />
		<capsule pos="-3.450000000000003,16.5,-32.199999999999996" vel="0,0,0" mass="1" elasticityCoef="1" ang="90,0,0" color="0,220,0" radius="0.5" length="4" />
		<capsule pos="-3.450000000000003,16.5,-29.9" vel="0,0,0" mass="1" elasticityCoef="1" ang="90,0,0" color="0,220,0" radius="0.5" length="4" />
		<capsule pos="-3.450000000000003,16.5,-27.599999999999998" vel="0,0,0" mass="1" elasticityCoef="1" ang="90,0,0" color="0,220,0" radius="0.5" length="4" />
		<capsule pos="-3.450000000000003,16.5,-25.299999999999997" vel="0,0,0" mass="1" elasticityCoef="1" ang="90,0,0" color="0,220,0" radius="0.5" length="4" />
		<capsule pos="-3.450000000000003,16.5,-22.999999999999996" vel="0,0,0" mass="1" elasticityCoef="1" ang="90,0,0" color="0,220,0" radius="0.5" length="4" />
		<capsule pos="-3.450000000000003,16.5,-20.699999999999996" vel="0,0,0" mass="1" elasticityCoef="1" ang="90,0,0" color="0,220,0" radius="0.5" length="4" />
		<capsule pos="-3.450000000000003,16.5,-18.4" vel="0,0,0" mass="1" elasticityCoef="1" ang="90,0,0" color="0,220,0" radius="0.5" length="4" />
		<capsule pos="-3.450000000000003,16.5,-16.099999999999998" vel="0,0,0" mass="1" elasticityCoef="1" ang="90,0,0" color="0,220,0" radius="0.5" length="4" />
		<capsule pos="-3.450000000000003,16.5,-13.799999999999997" vel="0,0,0" mass="1" elasticityCoef="1" ang="90,0,0" color="0,220,0" radius="0.5" length="4" />
		<capsule pos="-3.450000000000003,16.5,-11.5" vel="0,0,0" mass="1" elasticityCoef="1" ang="90,0,0" color="0,220,0" radius="0.5" length="4" />
		<capsule pos="-3.450000000000003,16.5,-9.199999999999996" vel="0,0,0" mass="1" elasticityCoef="1" ang="90,0,0" color="0,220,0" radius="0.5" length="4" />
		<capsule pos="-3.450000000000003,16.5,-6.899999999999999" vel="0,0,0" mass="1" elasticityCoef="1" ang="90,0,0" color="0,220,0" radius="0.5" length="4" />
		<capsule pos="-3.450000000000003,16.5,-4.600000000000001" vel="0,0,0" mass="1" elasticityCoef="1" ang="90,0,0" color="0,220,0" radius="0.5" length="4" />
		<capsule pos="-3.450000000000003,16.5,-2.299999999999997" vel="0,0,0" mass="1" elasticityCoef="1" ang="90,0,0" color="0,220,0" radius="0.5" length="4" />
		<capsule pos="-3.450000000000003,16.5,0.0" vel="0,0,0" mass="1" elasticityCoef="1" ang="90,0,0" color="0,220,0" radius="0.5" length="4" />
		<capsule pos="-3.450000000000003,16.5,2.3000000000000043" vel="0,0,0" mass="1" elasticityCoef="1" ang="90,0,0" color="0,220,0" radius="0.5" length="4" />
		<capsule pos="-3.450000000000003,16.5,4.600000000000001" vel="0,0,0" mass="1" elasticityCoef="1" ang="90,0,0" color="0,220,0" radius="0.5" length="4" />
		<capsule pos="-3.450000000000003,16.5,6.899999999999999" vel="0,0,0" mass="1" elasticityCoef="1" ang="90,0,0" color="0,220,0" radius="0.5" length="4" />
		<capsule pos="-3.450000000000003,16.5,9.200000000000003" vel="0,0,0" mass="1" elasticityCoef="1" ang="90,0,0" color="0,220,0" radius="0.5" length="4" />
		<capsule pos="-3.450000000000003,16.5,11.5" vel="0,0,0" mass="1" elasticityCoef="1" ang="90,0,0" color="0,220,0" radius="0.5" length="4" />
		<capsule pos="-3.450000000000003,16.5,13.799999999999997" vel="0,0,0" mass="1" elasticityCoef="1" ang="90,0,0" color="0,220,0" radius="0.5" length="4" />
		<capsule pos="-3.450000000000003,16.5,16.1" vel="0,0,0" mass="1" elasticityCoef="1" ang="90,0,0" color="0,220,0" radius="0.5" length="4" />
		<capsule pos="-3.450000000000003,16.5,18.4" vel="0,0,0" mass="1" elasticityCoef="1" ang="90,0,0" color="0,220,0" radius="0.5" length="4" />
		<capsule pos="-3.450000000000003,16.5,20.699999999999996" vel="0,0,0" mass="1" elasticityCoef="1" ang="90,0,0" color="0,220,0" radius="0.5" length="4" />
		<capsule pos="-3.450000000000003,16.5,22.999999999999993" vel="0,0,0" mass="1" elasticityCoef="1" ang="90,0,0" color="0,220,0" radius="0.5" length="4" />
		<capsule pos="-3.450000000000003,16.5,25.300000000000004" vel="0,0,0" mass="1" elasticityCoef="1" ang="90,0,0" color="0,220,0" radius="0.5" length="4" />
		<capsule pos="-3.450000000000003,16.5,27.6" vel="0,0,0" mass="1" elasticityCoef="1" ang="90,0,0" color="0,220,0" radius="0.5" length="4" />
		<capsule pos="-3.450000000000003,16.5,29.9" vel="0,0,0" mass="1" elasticityCoef="1" ang="90,0,0" color="0,220,0" radius="0.5" length="4" />
		<capsule pos="-3.450000000000003,16.5,32.199999999999996" vel="0,0,0" mass="1" elasticityCoef="1" ang="90,0,0" color="0,220,0" radius="0.5" length="4" />
		<capsule pos="-3.450000000000003,16.5,34.49999999999999" vel="0,0,0" mass="1" elasticityCoef="1" ang="90,0,0" color="0,220,0" radius="0.5" length="4" />
		<capsule pos="-3.450000000000003,16.5,36.800000000000004" vel="0,0,0" mass="1" elasticityCoef="1" ang="90,0,0" color="0,220,0" radius="0.5" length="4" />
		<capsule pos="-3.450000000000003,16.5,39.1" vel="0,0,0" mass="1" elasticityCoef="1" ang="90,0,0" color="0,220,0" radius="0.5" length="4" />
		<capsule pos="-3.450000000000003,16.5,41.4" vel="0,0,0" mass="1" elasticityCoef="1" ang="90,0,0" color="0,220,0" radius="0.5" length="4" />
		<capsule pos="-3.450000000000003,22.0,-43.699999999999996" vel="0,0,0" mass="1" elasticityCoef="1" ang="90,0,0" color="0,220,0" radius="0.5" length="4" />
		<capsule pos="-3.450000000000003,22.0,-41.4" vel="0,0,0" mass="1" elasticityCoef="1" ang="90,0,0" color="0,220,0" radius="0.5" length="4" />
		<capsule pos="-3.450000000000003,22.0,-39.099999999999994" vel="0,0,0" mass="1" elasticityCoef="1" ang="90,0,0" color="0,220,0" radius="0.5" length="4" />
		<capsule pos="-3.450000000000003,22.0,-36.8" vel="0,0,0" mass="1" elasticityCoef="1" ang="90,0,0" color="0,220,0" radius="0.5" length="4" />
		<capsule pos="-3.450000000000003,22.0,-34.5" vel="0,0,0" mass="1" elasticityCoef="1" ang="90,0,0" color="0,220,0" radius="0.5" length="4" />
		<capsule pos="-3.450000000000003,22.0,-32.199999999999996" vel="0,0,0" mass="1" elasticityCoef="1" ang="90,0,0" color="0,220,0" radius="0.5" length="4" />
		<capsule pos="-3.450000000000003,22.0,-29.9" vel="0,0,0" mass="1" elasticityCoef="1" ang="90,0,0" color="0,220,0" radius="0.5" length="4" />
		<capsule pos="-3.450000000000003,22.0,-27.599999999999998" vel="0,0,0" mass="1" elasticityCoef="1" ang="90,0,0" color="0,220,0" radius="0.5" length="4" />
		<capsule pos="-3.450000000000003,22.0,-25.299999999999997" vel="0,0,0" mass="1" elasticityCoef="1" ang="90,0,0" color="0,220,0" radius="0.5" length="4" />
		<capsule pos="-3.450000000000003,22.0,-22.999999999999996" vel="0,0,0" mass="1" elasticityCoef="1" ang="90,0,0" color="0,220,0" radius="0.5" length="4" />
		<capsule pos="-3.450000000000003,22.0,-20.699999999999996" vel="0,0,0" mass="1" elasticityCoef="1" ang="90,0,0" color="0,220,0" radius="0.5" length="4" />
		<capsule pos="-3.450000000000003,22.0,-18.4" vel="0,0,0" mass="1" elasticityCoef="1" ang="90,0,0" color="0,220,0" radius="0.5" length="4" />
		<capsule pos="-3.450000000000003,22.0,-16.099999999999998" vel="0,0,0" mass="1" elasticityCoef="1" ang="90,0,0" color="0,220,0" radius="0.5" length="4" />
		<capsule pos="-3.450000000000003,22.0,-13.799999999999997" vel="0,0,0" mass="1" elasticityCoef="1" ang="90,0,0" color="0,220,0" radius="0.5" length="4" />
		<capsule pos="-3.450000000000003,22.0,-11.5" vel="0,0,0" mass="1" elasticityCoef="1" ang="90,0,0" color="0,220,0" radius="0.5" length="4" />
		<capsule pos="-3.450000000000003,22.0,-9.199999999999996" vel="0,0,0" mass="1" elasticityCoef="1" ang="90,0,0" color="0,220,0" radius="0.5" length="4" />
		<capsule pos="-3.450000000000003,22.0,-6.899999999999999" vel="0,0,0" mass="1" elasticityCoef="1" ang="90,0,0" color="0,220,0" radius="0.5" length="4" />
		<capsule pos="-3.450000000000003,22.0,-4.600000000000001" vel="0,0,0" mass="1" elasticityCoef="1" ang="90,0,0" color="0,220,0" radius="0.5" length="4" />
		<capsule pos="-3.450000000000003,22.0,-2.299999999999997" vel="0,0,0" mass="1" elasticityCoef="1" ang="90,0,0" color="0,220,0" radius="0.5" length="4" />
		<capsule pos="-3.450000000000003,22.0,0.0" vel="0,0,0" mass="1" elasticityCoef="1" ang="90,0,0" color="0,220,0" radius="0.5" length="4" />
		<capsule pos="-3.450000000000003,22.0,2.3000000000000043" vel="0,0,0" mass="1" elasticityCoef="1" ang="90,0,0" color="0,220,0" radius="0.5" length="4" />
		<capsule pos="-3.450000000000003,22.0,4.600000000000001" vel="0,0,0" mass="1" elasticityCoef="1" ang="90,0,0" color="0,220,0" radius="0.5" length="4" />
		<capsule pos="-3.450000000000003,22.0,6.899999999999999" vel="0,0,0" mass="1" elasticityCoef="1" ang="90,0,0" color="0,220,0" radius="0.5" length="4" />
		<capsule pos="-3.450000000000003,22.0,9.200000000000003" vel="0,0,0" mass="1" elasticityCoef="1" ang="90,0,0" color="0,220,0" radius="0.5" length="4" />
		<capsule pos="-3.450000000000003,22.0,11.5" vel="0,0,0" mass="1" elasticityCoef="1" ang="90,0,0" color="0,220,0" radius="0.5" length="4" />
		<capsule pos="-3.450000000000003,22.0,13.799999999999997" vel="0,0,0" mass="1" elasticityCoef="1" ang="90,0,0" color="0,220,0" radius="0.5" length="4" />
		<capsule pos="-3.450000000000003,22.0,16.1" vel="0,0,0" mass="1" elasticityCoef="1" ang="90,0,0" color="0,220,0" radius="0.5" length="4" />
		<capsule pos="-3.450000000000003,22.0,18.4" vel="0,0,0" mass="1" elasticityCoef="1" ang="90,0,0" color="0,220,0" radius="0.5" length="4" />
		<capsule pos="-3.450000000000003,22.0,20.699999999999996" vel="0,0,0" mass="1" elasticityCoef="1" ang="90,0,0" color="0,220,0" radius="0.5" length="4" />
		<capsule pos="-3.450000000000003,22.0,22.999999999999993" vel="0,0,0" mass="1" elasticityCoef="1" ang="90,0,0" color="0,220,0" radius="0.5" length="4" />
		<capsule pos="-3.450000000000003,22.0,25.300000000000004" vel="0,0,0" mass="1" elasticityCoef="1" ang="90,0,0" color="0,220,0" radius="0.5" length="4" />
		<capsule pos="-3.450000000000003,22.0,27.6" vel="0,0,0" mass="1" elasticityCoef="1" ang="90,0,0" color="0,220,0" radius="0.5" length="4" />
		<capsule pos="-3.450000000000003,22.0,29.9" vel="0,0,0" mass="1" elasticityCoef="1" ang="90,0,0" color="0,220,0" radius="0.5" length="4" />
		<capsule pos="-3.450000000000003,22.0,32.199999999999996" vel="0,0,0" mass="1" elasticityCoef="1" ang="90,0,0" color="0,220,0" radius="0.5" length="4" />
		<capsule pos="-3.450000000000003,22.0,34.49999999999999" vel="0,0,0" mass="1" elasticityCoef="1" ang="90,0,0" color="0,220,0" radius="0.5" length="4" />
		<capsule pos="-3.450000000000003,22.0,36.800000000000004" vel="0,0,0" mass="1" elasticityCoef="1" ang="90,0,0" color="0,220,0" radius="0.5" length="4" />
		<capsule pos="-3.450000000000003,22.0,39.1" vel="0,0,0" mass="1" elasticityCoef="1" ang="90,0,0" color="0,220,0" radius="0.5" length="4" />
		<capsule pos="-3.450000000000003,22.0,41.4" vel="0,0,0" mass="1" elasticityCoef="1" ang="90,0,0" color="0,220,0" radius="0.5" length="4" />
		<capsule pos="-3.450000000000003,27.5,-43.699999999999996" vel="0,0,0" mass="1" elasticityCoef="1" ang="90,0,0" color="0,220,0" radius="0.5" length="4" />
		<capsule pos="-3.450000000000003,27.5,-41.4" vel="0,0,0" mass="1" elasticityCoef="1" ang="90,0,0" color="0,220,0" radius="0.5" length="4" />
		<capsule pos="-3.450000000000003,27.5,-39.099999999999994" vel="0,0,0" mass="1" elasticityCoef="1" ang="90,0,0" color="0,220,0" radius="0.5" length="4" />
		<capsule pos="-3.450000000000003,27.5,-36.8" vel="0,0,0" mass="1" elasticityCoef="1" ang="90,0,0" color="0,220,0" radius="0.5" length="4" />
		<capsule pos="-3.450000000000003,27.5,-34.5" vel="0,0,0" mass="1" elasticityCoef="1" ang="90,0,0" color="0,220,0" radius="0.5" length="4" />
		<capsule pos="-3.450000000000003,27.5,-32.199999999999996" vel="0,0,0" mass="1" elasticityCoef="1" ang="90,0,0" color="0,220,0" radius="0.5" length="4" />
		<capsule pos="-3.450000000000003,27.5,-29.9" vel="0,0,0" mass="1" elasticityCoef="1" ang="90,0,0" color="0,220,0" radius="0.5" length="4" />
		<capsule pos="-3.450000000000003,27.5,-27.599999999999998" vel="0,0,0" mass="1" elasticityCoef="1" ang="90,0,0" color="0,220,0" radius="0.5" length="4" />
		<capsule pos="-3.450000000000003,27.5,-25.299999999999997" vel="0,0,0" mass="1" elasticityCoef="1" ang="90,0,0" color="0,220,0" radius="0.5" length="4" />
		<capsule pos="-3.450000000000003,27.5,-22.999999999999996" vel="0,0,0" mass="1" elasticityCoef="1" ang="90,0,0" color="0,220,0" radius="0.5" length="4" />
		<capsule pos="-3.450000000000003,27.5,-20.699999999999996" vel="0,0,0" mass="1" elasticityCoef="1" ang="90,0,0" color="0,220,0" radius="0.5" length="4" />
		<capsule pos="-3.450000000000003,27.5,-18.4" vel="0,0,0" mass="1" elasticityCoef="1" ang="90,0,0" color="0,220,0" radius="0.5" length="4" />
		<capsule pos="-3.450000000000003,27.5,-16.099999999999998" vel="0,0,0" mass="1" elasticityCoef="1" ang="90,0,0" color="0,220,0" radius="0.5" length="4" />
		<capsule pos="-3.450000000000003,27.5,-13.799999999999997" vel="0,0,0" mass="1" elasticityCoef="1" ang="90,0,0" color="0,220,0" radius="0.5" length="4" />
		<capsule pos="-3.450000000000003,27.5,-11.5" vel="0,0,0" mass="1" elasticityCoef="1" ang="90,0,0" color="0,220,0" radius="0.5" length="4" />
		<capsule pos="-3.450000000000003,27.5,-9.199999999999996" vel="0,0,0" mass="1" elasticityCoef="1" ang="90,0,0" color="0,220,0" radius="0.5" length="4" />
		<capsule pos="-3.450000000000003,27.5,-6.899999999999999" vel="0,0,0" mass="1" elasticityCoef="1" ang="90,0,0" color="0,220,0" radius="0.5" length="4" />
		<capsule pos="-3.450000000000003,27.5,-4.600000000000001" vel="0,0,0" mass="1" elasticityCoef="1" ang="90,0,0" color="0,220,0" radius="0.5" length="4" />
		<capsule pos="-3.450000000000003,27.5,-2.299999999999997" vel="0,0,0" mass="1" elasticityCoef="1" ang="90,0,0" color="0,220,0" radius="0.5" length="4" />
		<capsule pos="-3.450000000000003,27.5,0.0" vel="0,0,0" mass="1" elasticityCoef="1" ang="90,0,0" color="0,220,0" radius="0.5" length="4" />
		<capsule pos="-3.450000000000003,27.5,2.3000000000000043" vel="0,0,0" mass="1" elasticityCoef="1" ang="90,0,0" color="0,220,0" radius="0.5" length="4" />
		<capsule pos="-3.450000000000003,27.5,4.600000000000001" vel="0,0,0" mass="1" elasticityCoef="1" ang="90,0,0" color="0,220,0" radius="0.5" length="4" />
		<capsule pos="-3.450000000000003,27.5,6.899999999999999" vel="0,0,0" mass="1" elasticityCoef="1" ang="90,0,0" color="0,220,0" radius="0.5" length="4" />
		<capsule pos="-3.450000000000003,27.5,9.200000000000003" vel="0,0,0" mass="1" elasticityCoef="1" ang="90,0,0" color="0,220,0" radius="0.5" length="4" />
		<capsule pos="-3.450000000000003,27.5,11.5" vel="0,0,0" mass="1" elasticityCoef="1" ang="90,0,0" color="0,220,0" radius="0.5" length="4" />
		<capsule pos="-3.450000000000003,27.5,13.799999999999997" vel="0,0,0" mass="1" elasticityCoef="1" ang="90,0,0" color="0,220,0" radius="0.5" length="4" />
		<capsule pos="-3.450000000000003,27.5,16.1" vel="0,0,0" mass="1" elasticityCoef="1" ang="90,0,0" color="0,220,0" radius="0.5" length="4" />
		<capsule pos="-3.450000000000003,27.5,18.4" vel="0,0,0" mass="1" elasticityCoef="1" ang="90,0,0" color="0,220,0" radius="0.5" length="4" />
		<capsule pos="-3.450000000000003,27.5,20.699999999999996" vel="0,0,0" mass="1" elasticityCoef="1" ang="90,0,0" color="0,220,0" radius="0.5" length="4" />
		<capsule pos="-3.450000000000003,27.5,22.999999999999993" vel="0,0,0" mass="1" elasticityCoef="1" ang="90,0,0" color="0,220,0" radius="0.5" length="4" />
		<capsule pos="-3.450000000000003,27.5,25.300000000000004" vel="0,0,0" mass="1" elasticityCoef="1" ang="90,0,0" color="0,220,0" radius="0.5" length="4" />
		<capsule pos="-3.450000000000003,27.5,27.6" vel="0,0,0" mass="1" elasticityCoef="1" ang="90,0,0" color="0,220,0" radius="0.5" length="4" />
		<capsule pos="-3.450000000000003,27.5,29.9" vel="0,0,0" mass="1" elasticityCoef="1" ang="90,0,0" color="0,220,0" radius="0.5" length="4" />
		<capsule pos="-3.450000000000003,27.5,32.199999999999996" vel="0,0,0" mass="1" elasticityCoef="1" ang="90,0,0" color="0,220,0" radius="0.5" length="4" />
		<capsule pos="-3.450000000000003,27.5,34.49999999999999" vel="0,0,0" mass="1" elasticityCoef="1" ang="90,0,0" color="0,220,0" radius="0.5" length="4" />
		<capsule pos="-3.450000000000003,27.5,36.800000000000004" vel="0,0,0" mass="1" elasticityCoef="1" ang="90,0,0" color="0,220,0" radius="0.5" length="4" />
		<capsule pos="-3.450000000000003,27.5,39.1" vel="0,0,0" mass="1" elasticityCoef="1" ang="90,0,0" color="0,220,0" radius="0.5" length="4" />
		<capsule pos="-3.450000000000003,27.5,41.4" vel="0,0,0" mass="1" elasticityCoef="1" ang="90,0,0" color="0,220,0" radius="0.5" length="4" />
		<capsule pos="-3.450000000000003,33.0,-43.699999999999996" vel="0,0,0" mass="1" elasticityCoef="1" ang="90,0,0" color="0,220,0" radius="0.5" length="4" />
		<capsule pos="-3.450000000000003,33.0,-41.4" vel="0,0,0" mass="1" elasticityCoef="1" ang="90,0,0" color="0,220,0" radius="0.5" length="4" />
		<capsule pos="-3.450000000000003,33.0,-39.099999999999994" vel="0,0,0" mass="1" elasticityCoef="1" ang="90,0,0" color="0,220,0" radius="0.5" length="4" />
		<capsule pos="-3.450000000000003,33.0,-36.8" vel="0,0,0" mass="1" elasticityCoef="1" ang="90,0,0" color="0,220,0" radius="0.5" length="4" />
		<capsule pos="-3.450000000000003,33.0,-34.5" vel="0,0,0" mass="1" elasticityCoef="1" ang="90,0,0" color="0,220,0" radius="0.5" length="4" />
		<capsule pos="-3.450000000000003,33.0,-32.199999999999996" vel="0,0,0" mass="1" elasticityCoef="1" ang="90,0,0" color="0,220,0" radius="0.5" length="4" />
		<capsule pos="-3.450000000000003,33.0,-29.9" vel="0,0,0" mass="1" elasticityCoef="1" ang="90,0,0" color="0,220,0" radius="0.5" length="4" />
		<capsule pos="-3.450000000000003,33.0,-27.599999999999998" vel="0,0,0" mass="1" elasticityCoef="1" ang="90,0,0" color="0,220,0" radius="0.5" length="4" />
		<capsule pos="-3.450000000000003,33.0,-25.299999999999997" vel="0,0,0" mass="1" elasticityCoef="1" ang="90,0,0" color="0,220,0" radius="0.5" length="4" />
		<capsule pos="-3.450000000000003,33.0,-22.999999999999996" vel="0,0,0" mass="1" elasticityCoef="1" ang="90,0,0" color="0,220,0" radius="0.5" length="4" />
		<capsule pos="-3.450000000000003,33.0,-20.699999999999996" vel="0,0,0" mass="1" elasticityCoef="1" ang="90,0,0" color="0,220,0" radius="0.5" length="4" />
		<capsule pos="-3.450000000000003,33.0,-18.4" vel="0,0,0" mass="1" elasticityCoef="1" ang="90,0,0" color="0,220,0" radius="0.5" length="4" />
		<capsule pos="-3.450000000000003,33.0,-16.099999999999998" vel="0,0,0" mass="1" elasticityCoef="1" ang="90,0,0" color="0,220,0" radius="0.5" length="4" />
		<capsule pos="-3.450000000000003,33.0,-13.799999999999997" vel="0,0,0" mass="1" elasticityCoef="1" ang="90,0,0" color="0,220,0" radius="0.5" length="4" />
		<capsule pos="-3.450000000000003,33.0,-11.5" vel="0,0,0" mass="1" elasticityCoef="1" ang="90,0,0" color="0,220,0" radius="0.5" length="4" />
		<capsule pos="-3.450000000000003,33.0,-9.199999999999996" vel="0,0,0" mass="1" elasticityCoef="1" ang="90,0,0" color="0,220,0" radius="0.5" length="4" />
		<capsule pos="-3.450000000000003,33.0,-6.899999999999999" vel="0,0,0" mass="1" elasticityCoef="1" ang="90,0,0" color="0,220,0" radius="0.5" length="4" />
		<capsule pos="-3.450000000000003,33.0,-4.600000000000001" vel="0,0,0" mass="1" elasticityCoef="1" ang="90,0,0" color="0,220,0" radius="0.5" length="4" />
		<capsule pos="-3.450000000000003,33.0,-2.299999999999997" vel="0,0,0" mass="1" elasticityCoef="1" ang="90,0,0" color="0,220,0" radius="0.5" length="4" />
		<capsule pos="-3.450000000000003,33.0,0.0" vel="0,0,0" mass="1" elasticityCoef="1" ang="90,0,0" color="0,220,0" radius="0.5" length="4" />
		<capsule pos="-3.450000000000003,33.0,2.3000000000000043" vel="0,0,0" mass="1" elasticityCoef="1" ang="90,0,0" color="0,220,0" radius="0.5" length="4" />
		<capsule pos="-3.450000000000003,33.0,4.600000000000001" vel="0,0,0" mass="1" elasticityCoef="1" ang="90,0,0" color="0,220,0" radius="0.5" length="4" />
		<capsule pos="-3.450000000000003,33.0,6.899999999999999" vel="0,0,0" mass="1" elasticityCoef="1" ang="90,0,0" color="0,220,0" radius="0.5" length="4" />
		<capsule pos="-3.450000000000003,33.0,9.200000000000003" vel="0,0,0" mass="1" elasticityCoef="1" ang="90,0,0" color="0,220,0" radius="0.5" length="4" />
		<capsule pos="-3.450000000000003,33.0,11.5" vel="0,0,0" mass="1" elasticityCoef="1" ang="90,0,0" color="0,220,0" radius="0.5" length="4" />
		<capsule pos="-3.450000000000003,33.0,13.799999999999997" vel="0,0,0" mass="1" elasticityCoef="1" ang="90,0,0" color="0,220,0" radius="0.5" length="4" />
		<capsule pos="-3.450000000000003,33.0,16.1" vel="0,0,0" mass="1" elasticityCoef="1" ang="90,0,0" color="0,220,0" radius="0.5" length="4" />
		<capsule pos="-3.450000000000003,33.0,18.4" vel="0,0,0" mass="1" elasticityCoef="1" ang="90,0,0" color="0,220,0" radius="0.5" length="4" />
		<capsule pos="-3.450000000000003,33.0,20.699999999999996" vel="0,0,0" mass="1" elasticityCoef="1" ang="90,0,0" color="0,220,0" radius="0.5" length="4" />
		<capsule pos="-3.450000000000003,33.0,22.999999999999993" vel="0,0,0" mass="1" elasticityCoef="1" ang="90,0,0" color="0,220,0" radius="0.5" length="4" />
		<capsule pos="-3.450000000000003,33.0,25.300000000000004" vel="0,0,0" mass="1" elasticityCoef="1" ang="90,0,0" color="0,220,0" radius="0.5" length="4" />
		<capsule pos="-3.450000000000003,33.0,27.6" vel="0,0,0" mass="1" elasticityCoef="1" ang="90,0,0" color="0,220,0" radius="0.5" length="4" />
		<capsule pos="-3.450000000000003,33.0,29.9" vel="0,0,0" mass="1" elasticityCoef="1" ang="90,0,0" color="0,220,0" radius="0.5" length="4" />
		<capsule pos="-3.450000000000003,33.0,32.199999999999996" vel="0,0,0" mass="1" elasticityCoef="1" ang="90,0,0" color="0,220,0" radius="0.5" length="4" />
		<capsule pos="-3.450000000000003,33.0,34.49999999999999" vel="0,0,0" mass="1" elasticityCoef="1" ang="90,0,0" color="0,220,0" radius="0.5" length="4" />
		<capsule pos="-3.450000000000003,33.0,36.800000000000004" vel="0,0,0" mass="1" elasticityCoef="1" ang="90,0,0" color="0,220,0" radius="0.5" length="4" />
		<capsule pos="-3.450000000000003,33.0,39.1" vel="0,0,0" mass="1" elasticityCoef="1" ang="90,0,0" color="0,220,0" radius="0.5" length="4" />
		<capsule pos="-3.450000000000003,33.0,41.4" vel="0,0,0" mass="1" elasticityCoef="1" ang="90,0,0" color="0,220,0" radius="0.5" length="4" />
		<capsule pos="-3.450000000000003,38.5,-43.699999999999996" vel="0,0,0" mass="1" elasticityCoef="1" ang="90,0,0" color="0,220,0" radius="0.5" length="4" />
		<capsule pos="-3.450000000000003,38.5,-41.4" vel="0,0,0" mass="1" elasticityCoef="1" ang="90,0,0" color="0,220,0" radius="0.5" length="4" />
		<capsule pos="-3.450000000000003,38.5,-39.099999999999994" vel="0,0,0" mass="1" elasticityCoef="1" ang="90,0,0" color="0,220,0" radius="0.5" length="4" />
		<capsule pos="-3.450000000000003,38.5,-36.8" vel="0,0,0" mass="1" elasticityCoef="1" ang="90,0,0" color="0,220,0" radius="0.5" length="4" />
		<capsule pos="-3.450000000000003,38.5,-34.5" vel="0,0,0" mass="1" elasticityCoef="1" ang="90,0,0" color="0,220,0" radius="0.5" length="4" />
		<capsule pos="-3.450000000000003,38.5,-32.199999999999996" vel="0,0,0" mass="1" elasticityCoef="1" ang="90,0,0" color="0,220,0" radius="0.5" length="4" />
		<capsule pos="-3.450000000000003,38.5,-29.9" vel="0,0,0" mass="1" elasticityCoef="1" ang="90,0,0" color="0,220,0" radius="0.5" length="4" />
		<capsule pos="-3.450000000000003,38.5,-27.599999999999998" vel="0,0,0" mass="1" elasticityCoef="1" ang="90,0,0" color="0,220,0" radius="0.5" length="4" />
		<capsule pos="-3.450000000000003,38.5,-25.299999999999997" vel="0,0,0" mass="1" elasticityCoef="1" ang="90,0,0" color="0,220,0" radius="0.5" length="4" />
		<capsule pos="-3.450000000000003,38.5,-22.999999999999996" vel="0,0,0" mass="1" elasticityCoef="1" ang="90,0,0" color="0,220,0" radius="0.5" length="4" />
		<capsule pos="-3.450000000000003,38.5,-20.699999999999996" vel="0,0,0" mass="1" elasticityCoef="1" ang="90,0,0" color="0,220,0" radius="0.5" length="4" />
		<capsule pos="-3.450000000000003,38.5,-18.4" vel="0,0,0" mass="1" elasticityCoef="1" ang="90,0,0" color="0,220,0" radius="0.5" length="4" />
		<capsule pos="-3.450000000000003,38.5,-16.099999999999998" vel="0,0,0" mass="1" elasticityCoef="1" ang="90,0,0" color="0,220,0" radius="0.5" length="4" />
		<capsule pos="-3.450000000000003,38.5,-13.799999999999997" vel="0,0,0" mass="1" elasticityCoef="1" ang="90,0,0" color="0,220,0" radius="0.5" length="4" />
		<capsule pos="-3.450000000000003,38.5,-11.5" vel="0,0,0" mass="1" elasticityCoef="1" ang="90,0,0" color="0,220,0" radius="0.5" length="4" />
		<capsule pos="-3.450000000000003,38.5,-9.199999999999996" vel="0,0,0" mass="1" elasticityCoef="1" ang="90,0,0" color="0,220,0" radius="0.5" length="4" />
		<capsule pos="-3.450000000000003,38.5,-6.899999999999999" vel="0,0,0" mass="1" elasticityCoef="1" ang="90,0,0" color="0,220,0" radius="0.5" length="4" />
		<capsule pos="-3.450000000000003,38.5,-4.600000000000001" vel="0,0,0" mass="1" elasticityCoef="1" ang="90,0,0" color="0,220,0" radius="0.5" length="4" />
		<capsule pos="-3.450000000000003,38.5,-2.299999999999997" vel="0,0,0" mass="1" elasticityCoef="1" ang="90,0,0" color="0,220,0" radius="0.5" length="4" />
		<capsule pos="-3.450000000000003,38.5,0.0" vel="0,0,0" mass="1" elasticityCoef="1" ang="90,0,0" color="0,220,0" radius="0.5" length="4" />
		<capsule pos="-3.450000000000003,38.5,2.3000000000000043" vel="0,0,0" mass="1" elasticityCoef="1" ang="90,0,0" color="0,220,0" radius="0.5" length="4" />
		<capsule pos="-3.450000000000003,38.5,4.600000000000001" vel="0,0,0" mass="1" elasticityCoef="1" ang="90,0,0" color="0,220,0" radius="0.5" length="4" />
		<capsule pos="-3.450000000000003,38.5,6.899999999999999" vel="0,0,0" mass="1" elasticityCoef="1" ang="90,0,0" color="0,220,0" radius="0.5" length="4" />
		<capsule pos="-3.450000000000003,38.5,9.200000000000003" vel="0,0,0" mass="1" elasticityCoef="1" ang="90,0,0" color="0,220,0" radius="0.5" length="4" />
		<capsule pos="-3.450000000000003,38.5,11.5" vel="0,0,0" mass="1" elasticityCoef="1" ang="90,0,0" color="0,220,0" radius="0.5" length="4" />
		<capsule pos="-3.450000000000003,38.5,13.799999999999997" vel="0,0,0" mass="1" elasticityCoef="1" ang="90,0,0" color="0,220,0" radius="0.5" length="4" />
		<capsule pos="-3.450000000000003,38.5,16.1" vel="0,0,0" mass="1" elasticityCoef="1" ang="90,0,0" color="0,220,0" radius="0.5" length="4" />
		<capsule pos="-3.450000000000003,38.5,18.4" vel="0,0,0" mass="1" elasticityCoef="1" ang="90,0,0" color="0,220,0" radius="0.5" length="4" />
		<capsule pos="-3.450000000000003,38.5,20.699999999999996" vel="0,0,0" mass="1" elasticityCoef="1" ang="90,0,0" color="0,220,0" radius="0.5" length="4" />
		<capsule pos="-3.450000000000003,38.5,22.999999999999993" vel="0,0,0" mass="1" elasticityCoef="1" ang="90,0,0" color="0,220,0" radius="0.5" length="4" />
		<capsule pos="-3.450000000000003,38.5,25.300000000000004" vel="0,0,0" mass="1" elasticityCoef="1" ang="90,0,0" color="0,220,0" radius="0.5" length="4" />
		<capsule pos="-3.450000000000003,38.5,27.6" vel="0,0,0" mass="1" elasticityCoef="1" ang="90,0,0" color="0,220,0" radius="0.5" length="4" />
		<capsule pos="-3.450000000000003,38.5,29.9" vel="0,0,0" mass="1" elasticityCoef="1" ang="90,0,0" color="0,220,0" radius="0.5" length="4" />
		<capsule pos="-3.450000000000003,38.5,32.199999999999996" vel="0,0,0" mass="1" elasticityCoef="1" ang="90,0,0" color="0,220,0" radius="0.5" length="4" />
		<capsule pos="-3.450000000000003,38.5,34.49999999999999" vel="0,0,0" mass="1" elasticityCoef="1" ang="90,0,0" color="0,220,0" radius="0.5" length="4" />
		<capsule pos="-3.450000000000003,38.5,36.800000000000004" vel="0,0,0" mass="1" elasticityCoef="1" ang="90,0,0" color="0,220,0" radius="0.5" length="4" />
		<capsule pos="-3.450000000000003,38.5,39.1" vel="0,0,0" mass="1" elasticityCoef="1" ang="90,0,0" color="0,220,0" radius="0.5" length="4" />
		<capsule pos="-3.450000000000003,38.5,41.4" vel="0,0,0" mass="1" elasticityCoef="1" ang="90,0,0" color="0,220,0" radius="0.5" length="4" />
		<capsule pos="-3.450000000000003,44.0,-43.699999999999996" vel="0,0,0" mass="1" elasticityCoef="1" ang="90,0,0" color="0,220,0" radius="0.5" length="4" />
		<capsule pos="-3.450000000000003,44.0,-41.4" vel="0,0,0" mass="1" elasticityCoef="1" ang="90,0,0" color="0,220,0" radius="0.5" length="4" />
		<capsule pos="-3.450000000000003,44.0,-39.099999999999994" vel="0,0,0" mass="1" elasticityCoef="1" ang="90,0,0" color="0,220,0" radius="0.5" length="4" />
		<capsule pos="-3.450000000000003,44.0,-36.8" vel="0,0,0" mass="1" elasticityCoef="1" ang="90,0,0" color="0,220,0" radius="0.5" length="4" />
		<capsule pos="-3.450000000000003,44.0,-34.5" vel="0,0,0" mass="1" elasticityCoef="1" ang="90,0,0" color="0,220,0" radius="0.5" length="4" />
		<capsule pos="-3.450000000000003,44.0,-32.199999999999996" vel="0,0,0" mass="1" elasticityCoef="1" ang="90,0,0" color="0,220,0" radius="0.5" length="4" />
		<capsule pos="-3.450000000000003,44.0,-29.9" vel="0,0,0" mass="1" elasticityCoef="1" ang="90,0,0" color="0,220,0" radius="0.5" length="4" />
		<capsule pos="-3.450000000000003,44.0,-27.599999999999998" vel="0,0,0" mass="1" elasticityCoef="1" ang="90,0,0" color="0,220,0" radius="0.5" length="4" />
		<capsule pos="-3.450000000000003,44.0,-25.299999999999997" vel="0,0,0" mass="1" elasticityCoef="1" ang="90,0,0" color="0,220,0" radius="0.5" length="4" />
		<capsule pos="-3.450000000000003,44.0,-22.999999999999996" vel="0,0,0" mass="1" elasticityCoef="1" ang="90,0,0" color="0,220,0" radius="0.5" length="4" />
		<capsule pos="-3.450000000000003,44.0,-20.699999999999996" vel="0,0,0" mass="1" elasticityCoef="1" ang="90,0,0" color="0,220,0" radius="0.5" length="4" />
		<capsule pos="-3.450000000000003,44.0,-18.4" vel="0,0,0" mass="1" elasticityCoef="1" ang="90,0,0" color="0,220,0" radius="0.5" length="4" />
		<capsule pos="-3.450000000000003,44.0,-16.099999999999998" vel="0,0,0" mass="1" elasticityCoef="1" ang="90,0,0" color="0,220,0" radius="0.5" length="4" />
		<capsule pos="-3.450000000000003,44.0,-13.799999999999997" vel="0,0,0" mass="1" elasticityCoef="1" ang="90,0,0" color="0,220,0" radius="0.5" length="4" />
		<capsule pos="-3.450000000000003,44.0,-11.5" vel="0,0,0" mass="1" elasticityCoef="1" ang="90,0,0" color="0,220,0" radius="0.5" length="4" />
		<capsule pos="-3.450000000000003,44.0,-9.199999999999996" vel="0,0,0" mass="1" elasticityCoef="1" ang="90,0,0" color="0,220,0" radius="0.5" length="4" />
		<capsule pos="-3.450000000000003,44.0,-6.899999999999999" vel="0,0,0" mass="1" elasticityCoef="1" ang="90,0,0" color="0,220,0" radius="0.5" length="4" />
		<capsule pos="-3.450000000000003,44.0,-4.600000000000001" vel="0,0,0" mass="1" elasticityCoef="1" ang="90,0,0" color="0,220,0" radius="0.5" length="4" />
		<capsule pos="-3.450000000000003,44.0,-2.299999999999997" vel="0,0,0" mass="1" elasticityCoef="1" ang="90,0,0" color="0,220,0" radius="0.5" length="4" />
		<capsule pos="-3.450000000000003,44.0,0.0" vel="0,0,0" mass="1" elasticityCoef="1" ang="90,0,0" color="0,220,0" radius="0.5" length="4" />
		<capsule pos="-3.450000000000003,44.0,2.3000000000000043" vel="0,0,0" mass="1" elasticityCoef="1" ang="90,0,0" color="0,220,0" radius="0.5" length="4" />
		<capsule pos="-3.450000000000003,44.0,4.600000000000001" vel="0,0,0" mass="1" elasticityCoef="1" ang="90,0,0" color="0,220,0" radius="0.5" length="4" />
		<capsule pos="-3.450000000000003,44.0,6.899999999999999" vel="0,0,0" mass="1" elasticityCoef="1" ang="90,0,0" color="0,220,0" radius="0.5" length="4" />
		<capsule pos="-3.450000000000003,44.0,9.200000000000003" vel="0,0,0" mass="1" elasticityCoef="1" ang="90,0,0" color="0,220,0" radius="0.5" length="4" />
		<capsule pos="-3.450000000000003,44.0,11.5" vel="0,0,0" mass="1" elasticityCoef="1" ang="90,0,0" color="0,220,0" radius="0.5" length="4" />
		<capsule pos="-3.450000000000003,44.0,13.799999999999997" vel="0,0,0" mass="1" elasticityCoef="1" ang="90,0,0" color="0,220,0" radius="0.5" length="4" />
		<capsule pos="-3.450000000000003,44.0,16.1" vel="0,0,0" mass="1" elasticityCoef="1" ang="90,0,0" color="0,220,0" radius="0.5" length="4" />
		<capsule pos="-3.450000000000003,44.0,18.4" vel="0,0,0" mass="1" elasticityCoef="1" ang="90,0,0" color="0,220,0" radius="0.5" length="4" />
		<capsule pos="-3.450000000000003,44.0,20.699999999999996" vel="0,0,0" mass="1" elasticityCoef="1" ang="90,0,0" color="0,220,0" radius="0.5" length="4" />
		<capsule pos="-3.450000000000003,44.0,22.999999999999993" vel="0,0,0" mass="1" elasticityCoef="1" ang="90,0,0" color="0,220,0" radius="0.5" length="4" />
		<capsule pos="-3.450000000000003,44.0,25.300000000000004" vel="0,0,0" mass="1" elasticityCoef="1" ang="90,0,0" color="0,220,0" radius="0.5" length="4" />
		<capsule pos="-3.450000000000003,44.0,27.6" vel="0,0,0" mass="1" elasticityCoef="1" ang="90,0,0" color="0,220,0" radius="0.5" length="4" />
		<capsule pos="-3.450000000000003,44.0,29.9" vel="0,0,0" mass="1" elasticityCoef="1" ang="90,0,0" color="0,220,0" radius="0.5" length="4" />
		<capsule pos="-3.450000000000003,44.0,32.199999999999996" vel="0,0,0" mass="1" elasticityCoef="1" ang="90,0,0" color="0,220,0" radius="0.5" length="4" />
		<capsule pos="-3.450000000000003,44.0,34.49999999999999" vel="0,0,0" mass="1" elasticityCoef="1" ang="90,0,0" color="0,220,0" radius="0.5" length="4" />
		<capsule pos="-3.450000000000003,44.0,36.800000000000004" vel="0,0,0" mass="1" elasticityCoef="1" ang="90,0,0" color="0,220,0" radius="0.5" length="4" />
		<capsule pos="-3.450000000000003,44.0,39.1" vel="0,0,0" mass="1" elasticityCoef="1" ang="90,0,0" color="0,220,0" radius="0.5" length="4" />
		<capsule pos="-3.450000000000003,44.0,41.4" vel="0,0,0" mass="1" elasticityCoef="1" ang="90,0,0" color="0,220,0" radius="0.5" length="4" />
		<capsule pos="-1.1499999999999986,-49.5,-43.699999999999996" vel="0,0,0" mass="1" elasticityCoef="1" ang="90,0,0" color="0,220,0" radius="0.5" length="4" />
		<capsule pos="-1.1499999999999986,-49.5,-41.4" vel="0,0,0" mass="1" elasticityCoef="1" ang="90,0,0" color="0,220,0" radius="0.5" length="4" />
		<capsule pos="-1.1499999999999986,-49.5,-39.099999999999994" vel="0,0,0" mass="1" elasticityCoef="1" ang="90,0,0" color="0,220,0" radius="0.5" length="4" />
		<capsule pos="-1.1499999999999986,-49.5,-36.8" vel="0,0,0" mass="1" elasticityCoef="1" ang="90,0,0" color="0,220,0" radius="0.5" length="4" />
		<capsule pos="-1.1499999999999986,-49.5,-34.5" vel="0,0,0" mass="1" elasticityCoef="1" ang="90,0,0" color="0,220,0" radius="0.5" length="4" />
		<capsule pos="-1.1499999999999986,-49.5,-32.199999999999996" vel="0,0,0" mass="1" elasticityCoef="1" ang="90,0,0" color="0,220,0" radius="0.5" length="4" />
		<capsule pos="-1.1499999999999986,-49.5,-29.9" vel="0,0,0" mass="1" elasticityCoef="1" ang="90,0,0" color="0,220,0" radius="0.5" length="4" />
		<capsule pos="-1.1499999999999986,-49.5,-27.599999999999998" vel="0,0,0" mass="1" elasticityCoef="1" ang="90,0,0" color="0,220,0" radius="0.5" length="4" />
		<capsule pos="-1.1499999999999986,-49.5,-25.299999999999997" vel="0,0,0" mass="1" elasticityCoef="1" ang="90,0,0" color="0,220,0" radius="0.5" length="4" />
		<capsule pos="-1.1499999999999986,-49.5,-22.999999999999996" vel="0,0,0" mass="1" elasticityCoef="1" ang="90,0,0" color="0,220,0" radius="0.5" length="4" />
		<capsule pos="-1.1499999999999986,-49.5,-20.699999999999996" vel="0,0,0" mass="1" elasticityCoef="1" ang="90,0,0" color="0,220,0" radius="0.5" length="4" />
		<capsule pos="-1.1499999999999986,-49.5,-18.4" vel="0,0,0" mass="1" elasticityCoef="1" ang="90,0,0" color="0,220,0" radius="0.5" length="4" />
		<capsule pos="-1.1499999999999986,-49.5,-16.099999999999998" vel="0,0,0" mass="1" elasticityCoef="1" ang="90,0,0" color="0,220,0" radius="0.5" length="4" />
		<capsule pos="-1.1499999999999986,-49.5,-13.799999999999997" vel="0,0,0" mass="1" elasticityCoef="1" ang="90,0,0" color="0,220,0" radius="0.5" length="4" />
		<capsule pos="-1.1499999999999986,-49.5,-11.5" vel="0,0,0" mass="1" elasticityCoef="1" ang="90,0,0" color="0,220,0" radius="0.5" length="4" />
		<capsule pos="-1.1499999999999986,-49.5,-9.199999999999996" vel="0,0,0" mass="1" elasticityCoef="1" ang="90,0,0" color="0,220,0" radius="0.5" length="4" />
		<capsule pos="-1.1499999999999986,-49.5,-6.899999999999999" vel="0,0,0" mass="1" elasticityCoef="1" ang="90,0,0" color="0,220,0" radius="0.5" length="4" />
		<capsule pos="-1.1499999999999986,-49.5,-4.600000000000001" vel="0,0,0" mass="1" elasticityCoef="1" ang="90,0,0" color="0,220,0" radius="0.5" length="4" />
		<capsule pos="-1.1499999999999986,-49.5,-2.299999999999997" vel="0,0,0" mass="1" elasticityCoef="1" ang="90,0,0" color="0,220,0" radius="0.5" length="4" />
		<capsule pos="-1.1499999999999986,-49.5,0.0" vel="0,0,0" mass="1" elasticityCoef="1" ang="90,0,0" color="0,220,0" radius="0.5" length="4" />
		<capsule pos="-1.1499999999999986,-49.5,2.3000000000000043" vel="0,0,0" mass="1" elasticityCoef="1" ang="90,0,0" color="0,220,0" radius="0.5" length="4" />
		<capsule pos="-1.1499999999999986,-49.5,4.600000000000001" vel="0,0,0" mass="1" elasticityCoef="1" ang="90,0,0" color="0,220,0" radius="0.5" length="4" />
		<capsule pos="-1.1499999999999986,-49.5,6.899999999999999" vel="0,0,0" mass="1" elasticityCoef="1" ang="90,0,0" color="0,220,0" radius="0.5" length="4" />
		<capsule pos="-1.1499999999999986,-49.5,9.200000000000003" vel="0,0,0" mass="1" elasticityCoef="1" ang="90,0,0" color="0,220,0" radius="0.5" length="4" />
		<capsule pos="-1.1499999999999986,-49.5,11.5" vel="0,0,0" mass="1" elasticityCoef="1" ang="90,0,0" color="0,220,0" radius="0.5" length="4" />
		<capsule pos="-1.1499999999999986,-49.5,13.799999999999997" vel="0,0,0" mass="1" elasticityCoef="1" ang="90,0,0" color="0,220,0" radius="0.5" length="4" />
		<capsule pos="-1.1499999999999986,-49.5,16.1" vel="0,0,0" mass="1" elasticityCoef="1" ang="90,0,0" color="0,220,0" radius="0.5" length="4" />
		<capsule pos="-1.1499999999999986,-49.5,18.4" vel="0,0,0" mass="1" elasticityCoef="1" ang="90,0,0" color="0,220,0" radius="0.5" length="4" />
		<capsule pos="-1.1499999999999986,-49.5,20.699999999999996" vel="0,0,0" mass="1" elasticityCoef="1" ang="90,0,0" color="0,220,0" radius="0.5" length="4" />
		<capsule pos="-1.1499999999999986,-49.5,22.999999999999993" vel="0,0,0" mass="1" elasticityCoef="1" ang="90,0,0" color="0,220,0" radius="0.5" length="4" />
		<capsule pos="-1.1499999999999986,-49.5,25.300000000000004" vel="0,0,0" mass="1" elasticityCoef="1" ang="90,0,0" color="0,220,0" radius="0.5" length="4" />
		<capsule pos="-1.1499999999999986,-49.5,27.6" vel="0,0,0" mass="1" elasticityCoef="1" ang="90,0,0" color="0,220,0" radius="0.5" length="4" />
		<capsule pos="-1.1499999999999986,-49.5,29.9" vel="0,0,0" mass="1" elasticityCoef="1" ang="90,0,0" color="0,220,0" radius="0.5" length="4" />
		<capsule pos="-1.1499999999999986,-49.5,32.199999999999996" vel="0,0,0" mass="1" elasticityCoef="1" ang="90,0,0" color="0,220,0" radius="0.5" length="4" />
		<capsule pos="-1.1499999999999986,-49.5,34.49999999999999" vel="0,0,0" mass="1" elasticityCoef="1" ang="90,0,0" color="0,220,0" radius="0.5" length="4" />
		<capsule pos="-1.1499999999999986,-49.5,36.800000000000004" vel="0,0,0" mass="1" elasticityCoef="1" ang="90,0,0" color="0,220,0" radius="0.5" length="4" />
		<capsule pos="-1.1499999999999986,-49.5,39.1" vel="0,0,0" mass="1" elasticityCoef="1" ang="90,0,0" color="0,220,0" radius="0.5" length="4" />
		<capsule pos="-1.1499999999999986,-49.5,41.4" vel="0,0,0" mass="1" elasticityCoef="1" ang="90,0,0" color="0,220,0" radius="0.5" length="4" />
		<capsule pos="-1.1499999999999986,-44.0,-43.699999999999996" vel="0,0,0" mass="1" elasticityCoef="1" ang="90,0,0" color="0,220,0" radius="0.5" length="4" />
		<capsule pos="-1.1499999999999986,-44.0,-41.4" vel="0,0,0" mass="1" elasticityCoef="1" ang="90,0,0" color="0,220,0" radius="0.5" length="4" />
		<capsule pos="-1.1499999999999986,-44.0,-39.099999999999994" vel="0,0,0" mass="1" elasticityCoef="1" ang="90,0,0" color="0,220,0" radius="0.5" length="4" />
		<capsule pos="-1.1499999999999986,-44.0,-36.8" vel="0,0,0" mass="1" elasticityCoef="1" ang="90,0,0" color="0,220,0" radius="0.5" length="4" />
		<capsule pos="-1.1499999999999986,-44.0,-34.5" vel="0,0,0" mass="1" elasticityCoef="1" ang="90,0,0" color="0,220,0" radius="0.5" length="4" />
		<capsule pos="-1.1499999999999986,-44.0,-32.199999999999996" vel="0,0,0" mass="1" elasticityCoef="1" ang="90,0,0" color="0,220,0" radius="0.5" length="4" />
		<capsule pos="-1.1499999999999986,-44.0,-29.9" vel="0,0,0" mass="1" elasticityCoef="1" ang="90,0,0" color="0,220,0" radius="0.5" length="4" />
		<capsule pos="-1.1499999999999986,-44.0,-27.599999999999998" vel="0,0,0" mass="1" elasticityCoef="1" ang="90,0,0" color="0,220,0" radius="0.5" length="4" />
		<capsule pos="-1.1499999999999986,-44.0,-25.299999999999997" vel="0,0,0" mass="1" elasticityCoef="1" ang="90,0,0" color="0,220,0" radius="0.5" length="4" />
		<capsule pos="-1.1499999999999986,-44.0,-22.999999999999996" vel="0,0,0" mass="1" elasticityCoef="1" ang="90,0,0" color="0,220,0" radius="0.5" length="4" />
		<capsule pos="-1.1499999999999986,-44.0,-20.699999999999996" vel="0,0,0" mass="1" elasticityCoef="1" ang="90,0,0" color="0,220,0" radius="0.5" length="4" />
		<capsule pos="-1.1499999999999986,-44.0,-18.4" vel="0,0,0" mass="1" elasticityCoef="1" ang="90,0,0" color="0,220,0" radius="0.5" length="4" />
		<capsule pos="-1.1499999999999986,-44.0,-16.099999999999998" vel="0,0,0" mass="1" elasticityCoef="1" ang="90,0,0" color="0,220,0" radius="0.5" length="4" />
		<capsule pos="-1.1499999999999986,-44.0,-13.799999999999997" vel="0,0,0" mass="1" elasticityCoef="1" ang="90,0,0" color="0,220,0" radius="0.5" length="4" />
		<capsule pos="-1.1499999999999986,-44.0,-11.5" vel="0,0,0" mass="1" elasticityCoef="1" ang="90,0,0" color="0,220,0" radius="0.5" length="4" />
		<capsule pos="-1.1499999999999986,-44.0,-9.199999999999996" vel="0,0,0" mass="1" elasticityCoef="1" ang="90,0,0" color="0,220,0" radius="0.5" length="4" />
		<capsule pos="-1.1499999999999986,-44.0,-6.899999999999999" vel="0,0,0" mass="1" elasticityCoef="1" ang="90,0,0" color="0,220,0" radius="0.5" length="4" />
		<capsule pos="-1.1499999999999986,-44.0,-4.600000000000001" vel="0,0,0" mass="1" elasticityCoef="1" ang="90,0,0" color="0,220,0" radius="0.5" length="4" />
		<capsule pos="-1.1499999999999986,-44.0,-2.299999999999997" vel="0,0,0" mass="1" elasticityCoef="1" ang="90,0,0" color="0,220,0" radius="0.5" length="4" />
		<capsule pos="-1.1499999999999986,-44.0,0.0" vel="0,0,0" mass="1" elasticityCoef="1" ang="90,0,0" color="0,220,0" radius="0.5" length="4" />
		<capsule pos="-1.1499999999999986,-44.0,2.3000000000000043" vel="0,0,0" mass="1" elasticityCoef="1" ang="90,0,0" color="0,220,0" radius="0.5" length="4" />
		<capsule pos="-1.1499999999999986,-44.0,4.600000000000001" vel="0,0,0" mass="1" elasticityCoef="1" ang="90,0,0" color="0,220,0" radius="0.5" length="4" />
		<capsule pos="-1.1499999999999986,-44.0,6.899999999999999" vel="0,0,0" mass="1" elasticityCoef="1" ang="90,0,0" color="0,220,0" radius="0.5" length="4" />
		<capsule pos="-1.1499999999999986,-44.0,9.200000000000003" vel="0,0,0" mass="1" elasticityCoef="1" ang="90,0,0" color="0,220,0" radius="0.5" length="4" />
		<capsule pos="-1.1499999999999986,-44.0,11.5" vel="0,0,0" mass="1" elasticityCoef="1" ang="90,0,0" color="0,220,0" radius="0.5" length="4" />
		<capsule pos="-1.1499999999999986,-44.0,13.799999999999997" vel="0,0,0" mass="1" elasticityCoef="1" ang="90,0,0" color="0,220,0" radius="0.5" length="4" />
		<capsule pos="-1.1499999999999986,-44.0,16.1" vel="0,0,0" mass="1" elasticityCoef="1" ang="90,0,0" color="0,220,0" radius="0.5" length="4" />
		<capsule pos="-1.1499999999999986,-44.0,18.4" vel="0,0,0" mass="1" elasticityCoef="1" ang="90,0,0" color="0,220,0" radius="0.5" length="4" />
		<capsule pos="-1.1499999999999986,-44.0,20.699999999999996" vel="0,0,0" mass="1" elasticityCoef="1" ang="90,0,0" color="0,220,0" radius="0.5" length="4" />
		<capsule pos="-1.1499999999999986,-44.0,22.999999999999993" vel="0,0,0" mass="1" elasticityCoef="1" ang="90,0,0" color="0,220,0" radius="0.5" length="4" />
		<capsule pos="-1.1499999999999986,-44.0,25.300000000000004" vel="0,0,0" mass="1" elasticityCoef="1" ang="90,0,0" color="0,220,0" radius="0.5" length="4" />
		<capsule pos="-1.1499999999999986,-44.0,27.6" vel="0,0,0" mass="1" elasticityCoef="1" ang="90,0,0" color="0,220,0" radius="0.5" length="4" />
		<capsule pos="-1.1499999999999986,-44.0,29.9" vel="0,0,0" mass="1" elasticityCoef="1" ang="90,0,0" color="0,220,0" radius="0.5" length="4" />
		<capsule pos="-1.1499999999999986,-44.0,32.199999999999996" vel="0,0,0" mass="1" elasticityCoef="1" ang="90,0,0" color="0,220,0" radius="0.5" length="4" />
		<capsule pos="-1.1499999999999986,-44.0,34.49999999999999" vel="0,0,0" mass="1" elasticityCoef="1" ang="90,0,0" color="0,220,0" radius="0.5" length="4" />
		<capsule pos="-1.1499999999999986,-44.0,36.800000000000004" vel="0,0,0" mass="1" elasticityCoef="1" ang="90,0,0" color="0,220,0" radius="0.5" length="4" />
		<capsule pos="-1.1499999999999986,-44.0,39.1" vel="0,0,0" mass="1" elasticityCoef="1" ang="90,0,0" color="0,220,0" radius="0.5" length="4" />
		<capsule pos="-1.1499999999999986,-44.0,41.4" vel="0,0,0" mass="1" elasticityCoef="1" ang="90,0,0" color="0,220,0" radius="0.5" length="4" />
		<capsule pos="-1.1499999999999986,-38.5,-43.699999999999996" vel="0,0,0" mass="1" elasticityCoef="1" ang="90,0,0" color="0,220,0" radius="0.5" length="4" />
		<capsule pos="-1.1499999999999986,-38.5,-41.4" vel="0,0,0" mass="1" elasticityCoef="1" ang="90,0,0" color="0,220,0" radius="0.5" length="4" />
		<capsule pos="-1.1499999999999986,-38.5,-39.099999999999994" vel="0,0,0" mass="1" elasticityCoef="1" ang="90,0,0" color="0,220,0" radius="0.5" length="4" />
		<capsule pos="-1.1499999999999986,-38.5,-36.8" vel="0,0,0" mass="1" elasticityCoef="1" ang="90,0,0" color="0,220,0" radius="0.5" length="4" />
		<capsule pos="-1.1499999999999986,-38.5,-34.5" vel="0,0,0" mass="1" elasticityCoef="1" ang="90,0,0" color="0,220,0" radius="0.5" length="4" />
		<capsule pos="-1.1499999999999986,-38.5,-32.199999999999996" vel="0,0,0" mass="1" elasticityCoef="1" ang="90,0,0" color="0,220,0" radius="0.5" length="4" />
		<capsule pos="-1.1499999999999986,-38.5,-29.9" vel="0,0,0" mass="1" elasticityCoef="1" ang="90,0,0" color="0,220,0" radius="0.5" length="4" />
		<capsule pos="-1.1499999999999986,-38.5,-27.599999999999998" vel="0,0,0" mass="1" elasticityCoef="1" ang="90,0,0" color="0,220,0" radius="0.5" length="4" />
		<capsule pos="-1.1499999999999986,-38.5,-25.299999999999997" vel="0,0,0" mass="1" elasticityCoef="1" ang="90,0,0" color="0,220,0" radius="0.5" length="4" />
		<capsule pos="-1.1499999999999986,-38.5,-22.999999999999996" vel="0,0,0" mass="1" elasticityCoef="1" ang="90,0,0" color="0,220,0" radius="0.5" length="4" />
		<capsule pos="-1.1499999999999986,-38.5,-20.699999999999996" vel="0,0,0" mass="1" elasticityCoef="1" ang="90,0,0" color="0,220,0" radius="0.5" length="4" />
		<capsule pos="-1.1499999999999986,-38.5,-18.4" vel="0,0,0" mass="1" elasticityCoef="1" ang="90,0,0" color="0,220,0" radius="0.5" length="4" />
		<capsule pos="-1.1499999999999986,-38.5,-16.099999999999998" vel="0,0,0" mass="1" elasticityCoef="1" ang="90,0,0" color="0,220,0" radius="0.5" length="4" />
		<capsule pos="-1.1499999999999986,-38.5,-13.799999999999997" vel="0,0,0" mass="1" elasticityCoef="1" ang="90,0,0" color="0,220,0" radius="0.5" length="4" />
		<capsule pos="-1.1499999999999986,-38.5,-11.5" vel="0,0,0" mass="1" elasticityCoef="1" ang="90,0,0" color="0,220,0" radius="0.5" length="4" />
		<capsule pos="-1.1499999999999986,-38.5,-9.199999999999996" vel="0,0,0" mass="1" elasticityCoef="1" ang="90,0,0" color="0,220,0" radius="0.5" length="4" />
		<capsule pos="-1.1499999999999986,-38.5,-6.899999999999999" vel="0,0,0" mass="1" elasticityCoef="1" ang="90,0,0" color="0,220,0" radius="0.5" length="4" />
		<capsule pos="-1.1499999999999986,-38.5,-4.600000000000001" vel="0,0,0" mass="1" elasticityCoef="1" ang="90,0,0" color="0,220,0" radius="0.5" length="4" />
		<capsule pos="-1.1499999999999986,-38.5,-2.299999999999997" vel="0,0,0" mass="1" elasticityCoef="1" ang="90,0,0" color="0,220,0" radius="0.5" length="4" />
		<capsule pos="-1.1499999999999986,-38.5,0.0" vel="0,0,0" mass="1" elasticityCoef="1" ang="90,0,0" color="0,220,0" radius="0.5" length="4" />
		<capsule pos="-1.1499999999999986,-38.5,2.3000000000000043" vel="0,0,0" mass="1" elasticityCoef="1" ang="90,0,0" color="0,220,0" radius="0.5" length="4" />
		<capsule pos="-1.1499999999999986,-38.5,4.600000000000001" vel="0,0,0" mass="1" elasticityCoef="1" ang="90,0,0" color="0,220,0" radius="0.5" length="4" />
		<capsule pos="-1.1499999999999986,-38.5,6.899999999999999" vel="0,0,0" mass="1" elasticityCoef="1" ang="90,0,0" color="0,220,0" radius="0.5" length="4" />
		<capsule pos="-1.1499999999999986,-38.5,9.200000000000003" vel="0,0,0" mass="1" elasticityCoef="1" ang="90,0,0" color="0,220,0" radius="0.5" length="4" />
		<capsule pos="-1.1499999999999986,-38.5,11.5" vel="0,0,0" mass="1" elasticityCoef="1" ang="90,0,0" color="0,220,0" radius="0.5" length="4" />
		<capsule pos="-1.1499999999999986,-38.5,13.799999999999997" vel="0,0,0" mass="1" elasticityCoef="1" ang="90,0,0" color="0,220,0" radius="0.5" length="4" />
		<capsule pos="-1.1499999999999986,-38.5,16.1" vel="0,0,0" mass="1" elasticityCoef="1" ang="90,0,0" color="0,220,0" radius="0.5" length="4" />
		<capsule pos="-1.1499999999999986,-38.5,18.4" vel="0,0,0" mass="1" elasticityCoef="1" ang="90,0,0" color="0,220,0" radius="0.5" length="4" />
		<capsule pos="-1.1499999999999986,-38.5,20.699999999999996" vel="0,0,0" mass="1" elasticityCoef="1" ang="90,0,0" color="0,220,0" radius="0.5" length="4" />
		<capsule pos="-1.1499999999999986,-38.5,22.999999999999993" vel="0,0,0" mass="1" elasticityCoef="1" ang="90,0,0" color="0,220,0" radius="0.5" length="4" />
		<capsule pos="-1.1499999999999986,-38.5,25.300000000000004" vel="0,0,0" mass="1" elasticityCoef="1" ang="90,0,0" color="0,220,0" radius="0.5" length="4" />
		<capsule pos="-1.1499999999999986,-38.5,27.6" vel="0,0,0" mass="1" elasticityCoef="1" ang="90,0,0" color="0,220,0" radius="0.5" length="4" />
		<capsule pos="-1.1499999999999986,-38.5,29.9" vel="0,0,0" mass="1" elasticityCoef="1" ang="90,0,0" color="0,220,0" radius="0.5" length="4" />
		<capsule pos="-1.1499999999999986,-38.5,32.199999999999996" vel="0,0,0" mass="1" elasticityCoef="1" ang="90,0,0" color="0,220,0" radius="0.5" length="4" />
		<capsule pos="-1.1499999999999986,-38.5,34.49999999999999" vel="0,0,0" mass="1" elasticityCoef="1" ang="90,0,0" color="0,220,0" radius="0.5" length="4" />
		<capsule pos="-1.1499999999999986,-38.5,36.800000000000004" vel="0,0,0" mass="1" elasticityCoef="1" ang="90,0,0" color="0,220,0" radius="0.5" length="4" />
		<capsule pos="-1.1499999999999986,-38.5,39.1" vel="0,0,0" mass="1" elasticityCoef="1" ang="90,0,0" color="0,220,0" radius="0.5" length="4" />
		<capsule pos="-1.1499999999999986,-38.5,41.4" vel="0,0,0" mass="1" elasticityCoef="1" ang="90,0,0" color="0,220,0" radius="0.5" length="4" />
		<capsule pos="-1.1499999999999986,-33.0,-43.699999999999996" vel="0,0,0" mass="1" elasticityCoef="1" ang="90,0,0" color="0,220,0" radius="0.5" length="4" />
		<capsule pos="-1.1499999999999986,-33.0,-41.4" vel="0,0,0" mass="1" elasticityCoef="1" ang="90,0,0" color="0,220,0" radius="0.5" length="4" />
		<capsule pos="-1.1499999999999986,-33.0,-39.099999999999994" vel="0,0,0" mass="1" elasticityCoef="1" ang="90,0,0" color="0,220,0" radius="0.5" length="4" />
		<capsule pos="-1.1499999999999986,-33.0,-36.8" vel="0,0,0" mass="1" elasticityCoef="1" ang="90,0,0" color="0,220,0" radius="0.5" length="4" />
		<capsule pos="-1.1499999999999986,-33.0,-34.5" vel="0,0,0" mass="1" elasticityCoef="1" ang="90,0,0" color="0,220,0" radius="0.5" length="4" />
		<capsule pos="-1.1499999999999986,-33.0,-32.199999999999996" vel="0,0,0" mass="1" elasticityCoef="1" ang="90,0,0" color="0,220,0" radius="0.5" length="4" />
		<capsule pos="-1.1499999999999986,-33.0,-29.9" vel="0,0,0" mass="1" elasticityCoef="1" ang="90,0,0" color="0,220,0" radius="0.5" length="4" />
		<capsule pos="-1.1499999999999986,-33.0,-27.599999999999998" vel="0,0,0" mass="1" elasticityCoef="1" ang="90,0,0" color="0,220,0" radius="0.5" length="4" />
		<capsule pos="-1.1499999999999986,-33.0,-25.299999999999997" vel="0,0,0" mass="1" elasticityCoef="1" ang="90,0,0" color="0,220,0" radius="0.5" length="4" />
		<capsule pos="-1.1499999999999986,-33.0,-22.999999999999996" vel="0,0,0" mass="1" elasticityCoef="1" ang="90,0,0" color="0,220,0" radius="0.5" length="4" />
		<capsule pos="-1.1499999999999986,-33.0,-20.699999999999996" vel="0,0,0" mass="1" elasticityCoef="1" ang="90,0,0" color="0,220,0" radius="0.5" length="4" />
		<capsule pos="-1.1499999999999986,-33.0,-18.4" vel="0,0,0" mass="1" elasticityCoef="1" ang="90,0,0" color="0,220,0" radius="0.5" length="4" />
		<capsule pos="-1.1499999999999986,-33.0,-16.099999999999998" vel="0,0,0" mass="1" elasticityCoef="1" ang="90,0,0" color="0,220,0" radius="0.5" length="4" />
		<capsule pos="-1.1499999999999986,-33.0,-13.799999999999997" vel="0,0,0" mass="1" elasticityCoef="1" ang="90,0,0" color="0,220,0" radius="0.5" length="4" />
		<capsule pos="-1.1499999999999986,-33.0,-11.5" vel="0,0,0" mass="1" elasticityCoef="1" ang="90,0,0" color="0,220,0" radius="0.5" length="4" />
		<capsule pos="-1.1499999999999986,-33.0,-9.199999999999996" vel="0,0,0" mass="1" elasticityCoef="1" ang="90,0,0" color="0,220,0" radius="0.5" length="4" />
		<capsule pos="-1.1499999999999986,-33.0,-6.899999999999999" vel="0,0,0" mass="1" elasticityCoef="1" ang="90,0,0" color="0,220,0" radius="0.5" length="4" />
		<capsule pos="-1.1499999999999986,-33.0,-4.600000000000001" vel="0,0,0" mass="1" elasticityCoef="1" ang="90,0,0" color="0,220,0" radius="0.5" length="4" />
		<capsule pos="-1.1499999999999986,-33.0,-2.299999999999997" vel="0,0,0" mass="1" elasticityCoef="1" ang="90,0,0" color="0,220,0" radius="0.5" length="4" />
		<capsule pos="-1.1499999999999986,-33.0,0.0" vel="0,0,0" mass="1" elasticityCoef="1" ang="90,0,0" color="0,220,0" radius="0.5" length="4" />
		<capsule pos="-1.1499999999999986,-33.0,2.3000000000000043" vel="0,0,0" mass="1" elasticityCoef="1" ang="90,0,0" color="0,220,0" radius="0.5" length="4" />
		<capsule pos="-1.1499999999999986,-33.0,4.600000000000001" vel="0,0,0" mass="1" elasticityCoef="1" ang="90,0,0" color="0,220,0" radius="0.5" length="4" />
		<capsule pos="-1.1499999999999986,-33.0,6.899999999999999" vel="0,0,0" mass="1" elasticityCoef="1" ang="90,0,0" color="0,220,0" radius="0.5" length="4" />
		<capsule pos="-1.1499999999999986,-33.0,9.200000000000003" vel="0,0,0" mass="1" elasticityCoef="1" ang="90,0,0" color="0,220,0" radius="0.5" length="4" />
		<capsule pos="-1.1499999999999986,-33.0,11.5" vel="0,0,0" mass="1" elasticityCoef="1" ang="90,0,0" color="0,220,0" radius="0.5" length="4" />
		<capsule pos="-1.1499999999999986,-33.0,13.799999999999997" vel="0,0,0" mass="1" elasticityCoef="1" ang="90,0,0" color="0,220,0" radius="0.5" length="4" />
		<capsule pos="-1.1499999999999986,-33.0,16.1" vel="0,0,0" mass="1" elasticityCoef="1" ang="90,0,0" color="0,220,0" radius="0.5" length="4" />
		<capsule pos="-1.1499999999999986,-33.0,18.4" vel="0,0,0" mass="1" elasticityCoef="1" ang="90,0,0" color="0,220,0" radius="0.5" length="4" />
		<capsule pos="-1.1499999999999986,-33.0,20.699999999999996" vel="0,0,0" mass="1" elasticityCoef="1" ang="90,0,0" color="0,220,0" radius="0.5" length="4" />
		<capsule pos="-1.1499999999999986,-33.0,22.999999999999993" vel="0,0,0" mass="1" elasticityCoef="1" ang="90,0,0" color="0,220,0" radius="0.5" length="4" />
		<capsule pos="-1.1499999999999986,-33.0,25.300000000000004" vel="0,0,0" mass="1" elasticityCoef="1" ang="90,0,0" color="0,220,0" radius="0.5" length="4" />
		<capsule pos="-1.1499999999999986,-33.0,27.6" vel="0,0,0" mass="1" elasticityCoef="1" ang="90,0,0" color="0,220,0" radius="0.5" length="4" />
		<capsule pos="-1.1499999999999986,-33.0,29.9" vel="0,0,0" mass="1" elasticityCoef="1" ang="90,0,0" color="0,220,0" radius="0.5" length="4" />
		<capsule pos="-1.1499999999999986,-33.0,32.199999999999996" vel="0,0,0" mass="1" elasticityCoef="1" ang="90,0,0" color="0,220,0" radius="0.5" length="4" />
		<capsule pos="-1.1499999999999986,-33.0,34.49999999999999" vel="0,0,0" mass="1" elasticityCoef="1" ang="90,0,0" color="0,220,0" radius="0.5" length="4" />
		<capsule pos="-1.1499999999999986,-33.0,36.800000000000004" vel="0,0,0" mass="1" elasticityCoef="1" ang="90,0,0" color="0,220,0" radius="0.5" length="4" />
		<capsule pos="-1.1499999999999986,-33.0,39.1" vel="0,0,0" mass="1" elasticityCoef="1" ang="90,0,0" color="0,220,0" radius="0.5" length="4" />
		<capsule pos="-1.1499999999999986,-33.0,41.4" vel="0,0,0" mass="1" elasticityCoef="1" ang="90,0,0" color="0,220,0" radius="0.5" length="4" />
		<capsule pos="-1.1499999999999986,-27.5,-43.699999999999996" vel="0,0,0" mass="1" elasticityCoef="1" ang="90,0,0" color="0,220,0" radius="0.5" length="4" />
		<capsule pos="-1.1499999999999986,-27.5,-41.4" vel="0,0,0" mass="1" elasticityCoef="1" ang="90,0,0" color="0,220,0" radius="0.5" length="4" />
		<capsule pos="-1.1499999999999986,-27.5,-39.099999999999994" vel="0,0,0" mass="1" elasticityCoef="1" ang="90,0,0" color="0,220,0" radius="0.5" length="4" />
		<capsule pos="-1.1499999999999986,-27.5,-36.8" vel="0,0,0" mass="1" elasticityCoef="1" ang="90,0,0" color="0,220,0" radius="0.5" length="4" />
		<capsule pos="-1.1499999999999986,-27.5,-34.5" vel="0,0,0" mass="1" elasticityCoef="1" ang="90,0,0" color="0,220,0" radius="0.5" length="4" />
		<capsule pos="-1.1499999999999986,-27.5,-32.199999999999996" vel="0,0,0" mass="1" elasticityCoef="1" ang="90,0,0" color="0,220,0" radius="0.5" length="4" />
		<capsule pos="-1.1499999999999986,-27.5,-29.9" vel="0,0,0" mass="1" elasticityCoef="1" ang="90,0,0" color="0,220,0" radius="0.5" length="4" />
		<capsule pos="-1.1499999999999986,-27.5,-27.599999999999998" vel="0,0,0" mass="1" elasticityCoef="1" ang="90,0,0" color="0,220,0" radius="0.5" length="4" />
		<capsule pos="-1.1499999999999986,-27.5,-25.299999999999997" vel="0,0,0" mass="1" elasticityCoef="1" ang="90,0,0" color="0,220,0" radius="0.5" length="4" />
		<capsule pos="-1.1499999999999986,-27.5,-22.999999999999996" vel="0,0,0" mass="1" elasticityCoef="1" ang="90,0,0" color="0,220,0" radius="0.5" length="4" />
		<capsule pos="-1.1499999999999986,-27.5,-20.699999999999996" vel="0,0,0" mass="1" elasticityCoef="1" ang="90,0,0" color="0,220,0" radius="0.5" length="4" />
		<capsule pos="-1.1499999999999986,-27.5,-18.4" vel="0,0,0" mass="1" elasticityCoef="1" ang="90,0,0" color="0,220,0" radius="0.5" length="4" />
		<capsule pos="-1.1499999999999986,-27.5,-16.099999999999998" vel="0,0,0" mass="1" elasticityCoef="1" ang="90,0,0" color="0,220,0" radius="0.5" length="4" />
		<capsule pos="-1.1499999999999986,-27.5,-13.799999999999997" vel="0,0,0" mass="1" elasticityCoef="1" ang="90,0,0" color="0,220,0" radius="0.5" length="4" />
		<capsule pos="-1.1499999999999986,-27.5,-11.5" vel="0,0,0" mass="1" elasticityCoef="1" ang="90,0,0" color="0,220,0" radius="0.5" length="4" />
		<capsule pos="-1.1499999999999986,-27.5,-9.199999999999996" vel="0,0,0" mass="1" elasticityCoef="1" ang="90,0,0" color="0,220,0" radius="0.5" length="4" />
		<capsule pos="-1.1499999999999986,-27.5,-6.899999999999999" vel="0,0,0" mass="1" elasticityCoef="1" ang="90,0,0" color="0,220,0" radius="0.5" length="4" />
		<capsule pos="-1.1499999999999986,-27.5,-4.600000000000001" vel="0,0,0" mass="1" elasticityCoef="1" ang="90,0,0" color="0,220,0" radius="0.5" length="4" />
		<capsule pos="-1.1499999999999986,-27.5,-2.299999999999997" vel="0,0,0" mass="1" elasticityCoef="1" ang="90,0,0" color="0,220,0" radius="0.5" length="4" />
		<capsule pos="-1.1499999999999986,-27.5,0.0" vel="0,0,0" mass="1" elasticityCoef="1" ang="90,0,0" color="0,220,0" radius="0.5" length="4" />
		<capsule pos="-1.1499999999999986,-27.5,2.3000000000000043" vel="0,0,0" mass="1" elasticityCoef="1" ang="90,0,0" color="0,220,0" radius="0.5" length="4" />
		<capsule pos="-1.1499999999999986,-27.5,4.600000000000001" vel="0,0,0" mass="1" elasticityCoef="1" ang="90,0,0" color="0,220,0" radius="0.5" length="4" />
		<capsule pos="-1.1499999999999986,-27.5,6.899999999999999" vel="0,0,0" mass="1" elasticityCoef="1" ang="90,0,0" color="0,220,0" radius="0.5" length="4" />
		<capsule pos="-1.1499999999999986,-27.5,9.200000000000003" vel="0,0,0" mass="1" elasticityCoef="1" ang="90,0,0" color="0,220,0" radius="0.5" length="4" />
		<capsule pos="-1.1499999999999986,-27.5,11.5" vel="0,0,0" mass="1" elasticityCoef="1" ang="90,0,0" color="0,220,0" radius="0.5" length="4" />
		<capsule pos="-1.1499999999999986,-27.5,13.799999999999997" vel="0,0,0" mass="1" elasticityCoef="1" ang="90,0,0" color="0,220,0" radius="0.5" length="4" />
		<capsule pos="-1.1499999999999986,-27.5,16.1" vel="0,0,0" mass="1" elasticityCoef="1" ang="90,0,0" color="0,220,0" radius="0.5" length="4" />
		<capsule pos="-1.1499999999999986,-27.5,18.4" vel="0,0,0" mass="1" elasticityCoef="1" ang="90,0,0" color="0,220,0" radius="0.5" length="4" />
		<capsule pos="-1.1499999999999986,-27.5,20.699999999999996" vel="0,0,0" mass="1" elasticityCoef="1" ang="90,0,0" color="0,220,0" radius="0.5" length="4" />
		<capsule pos="-1.1499999999999986,-27.5,22.999999999999993" vel="0,0,0" mass="1" elasticityCoef="1" ang="90,0,0" color="0,220,0" radius="0.5" length="4" />
		<capsule pos="-1.1499999999999986,-27.5,25.300000000000004" vel="0,0,0" mass="1" elasticityCoef="1" ang="90,0,0" color="0,220,0" radius="0.5" length="4" />
		<capsule pos="-1.1499999999999986,-27.5,27.6" vel="0,0,0" mass="1" elasticityCoef="1" ang="90,0,0" color="0,220,0" radius="0.5" length="4" />
		<capsule pos="-1.1499999999999986,-27.5,29.9" vel="0,0,0" mass="1" elasticityCoef="1" ang="90,0,0" color="0,220,0" radius="0.5" length="4" />
		<capsule pos="-1.1499999999999986,-27.5,32.199999999999996" vel="0,0,0" mass="1" elasticityCoef="1" ang="90,0,0" color="0,220,0" radius="0.5" length="4" />
		<capsule pos="-1.1499999999999986,-27.5,34.49999999999999" vel="0,0,0" mass="1" elasticityCoef="1" ang="90,0,0" color="0,220,0" radius="0.5" length="4" />
		<capsule pos="-1.1499999999999986,-27.5,36.800000000000004" vel="0,0,0" mass="1" elasticityCoef="1" ang="90,0,0" color="0,220,0" radius="0.5" length="4" />
		<capsule pos="-1.1499999999999986,-27.5,39.1" vel="0,0,0" mass="1" elasticityCoef="1" ang="90,0,0" color="0,220,0" radius="0.5" length="4" />
		<capsule pos="-1.1499999999999986,-27.5,41.4" vel="0,0,0" mass="1" elasticityCoef="1" ang="90,0,0" color="0,220,0" radius="0.5" length="4" />
		<capsule pos="-1.1499999999999986,-22.0,-43.699999999999996" vel="0,0,0" mass="1" elasticityCoef="1" ang="90,0,0" color="0,220,0" radius="0.5" length="4" />
		<capsule pos="-1.1499999999999986,-22.0,-41.4" vel="0,0,0" mass="1" elasticityCoef="1" ang="90,0,0" color="0,220,0" radius="0.5" length="4" />
		<capsule pos="-1.1499999999999986,-22.0,-39.099999999999994" vel="0,0,0" mass="1" elasticityCoef="1" ang="90,0,0" color="0,220,0" radius="0.5" length="4" />
		<capsule pos="-1.1499999999999986,-22.0,-36.8" vel="0,0,0" mass="1" elasticityCoef="1" ang="90,0,0" color="0,220,0" radius="0.5" length="4" />
		<capsule pos="-1.1499999999999986,-22.0,-34.5" vel="0,0,0" mass="1" elasticityCoef="1" ang="90,0,0" color="0,220,0" radius="0.5" length="4" />
		<capsule pos="-1.1499999999999986,-22.0,-32.199999999999996" vel="0,0,0" mass="1" elasticityCoef="1" ang="90,0,0" color="0,220,0" radius="0.5" length="4" />
		<capsule pos="-1.1499999999999986,-22.0,-29.9" vel="0,0,0" mass="1" elasticityCoef="1" ang="90,0,0" color="0,220,0" radius="0.5" length="4" />
		<capsule pos="-1.1499999999999986,-22.0,-27.599999999999998" vel="0,0,0" mass="1" elasticityCoef="1" ang="90,0,0" color="0,220,0" radius="0.5" length="4" />
		<capsule pos="-1.1499999999999986,-22.0,-25.299999999999997" vel="0,0,0" mass="1" elasticityCoef="1" ang="90,0,0" color="0,220,0" radius="0.5" length="4" />
		<capsule pos="-1.1499999999999986,-22.0,-22.999999999999996" vel="0,0,0" mass="1" elasticityCoef="1" ang="90,0,0" color="0,220,0" radius="0.5" length="4" />
		<capsule pos="-1.1499999999999986,-22.0,-20.699999999999996" vel="0,0,0" mass="1" elasticityCoef="1" ang="90,0,0" color="0,220,0" radius="0.5" length="4" />
		<capsule pos="-1.1499999999999986,-22.0,-18.4" vel="0,0,0" mass="1" elasticityCoef="1" ang="90,0,0" color="0,220,0" radius="0.5" length="4" />
		<capsule pos="-1.1499999999999986,-22.0,-16.099999999999998" vel="0,0,0" mass="1" elasticityCoef="1" ang="90,0,0" color="0,220,0" radius="0.5" length="4" />
		<capsule pos="-1.1499999999999986,-22.0,-13.799999999999997" vel="0,0,0" mass="1" elasticityCoef="1" ang="90,0,0" color="0,220,0" radius="0.5" length="4" />
		<capsule pos="-1.1499999999999986,-22.0,-11.5" vel="0,0,0" mass="1" elasticityCoef="1" ang="90,0,0" color="0,220,0" radius="0.5" length="4" />
		<capsule pos="-1.1499999999999986,-22.0,-9.199999999999996" vel="0,0,0" mass="1" elasticityCoef="1" ang="90,0,0" color="0,220,0" radius="0.5" length="4" />
		<capsule pos="-1.1499999999999986,-22.0,-6.899999999999999" vel="0,0,0" mass="1" elasticityCoef="1" ang="90,0,0" color="0,220,0" radius="0.5" length="4" />
		<capsule pos="-1.1499999999999986,-22.0,-4.600000000000001" vel="0,0,0" mass="1" elasticityCoef="1" ang="90,0,0" color="0,220,0" radius="0.5" length="4" />
		<capsule pos="-1.1499999999999986,-22.0,-2.299999999999997" vel="0,0,0" mass="1" elasticityCoef="1" ang="90,0,0" color="0,220,0" radius="0.5" length="4" />
		<capsule pos="-1.1499999999999986,-22.0,0.0" vel="0,0,0" mass="1" elasticityCoef="1" ang="90,0,0" color="0,220,0" radius="0.5" length="4" />
		<capsule pos="-1.1499999999999986,-22.0,2.3000000000000043" vel="0,0,0" mass="1" elasticityCoef="1" ang="90,0,0" color="0,220,0" radius="0.5" length="4" />
		<capsule pos="-1.1499999999999986,-22.0,4.600000000000001" vel="0,0,0" mass="1" elasticityCoef="1" ang="90,0,0" color="0,220,0" radius="0.5" length="4" />
		<capsule pos="-1.1499999999999986,-22.0,6.899999999999999" vel="0,0,0" mass="1" elasticityCoef="1" ang="90,0,0" color="0,220,0" radius="0.5" length="4" />
		<capsule pos="-1.1499999999999986,-22.0,9.200000000000003" vel="0,0,0" mass="1" elasticityCoef="1" ang="90,0,0" color="0,220,0" radius="0.5" length="4" />
		<capsule pos="-1.1499999999999986,-22.0,11.5" vel="0,0,0" mass="1" elasticityCoef="1" ang="90,0,0" color="0,220,0" radius="0.5" length="4" />
		<capsule pos="-1.1499999999999986,-22.0,13.799999999999997" vel="0,0,0" mass="1" elasticityCoef="1" ang="90,0,0" color="0,220,0" radius="0.5" length="4" />
		<capsule pos="-1.1499999999999986,-22.0,16.1" vel="0,0,0" mass="1" elasticityCoef="1" ang="90,0,0" color="0,220,0" radius="0.5" length="4" />
		<capsule pos="-1.1499999999999986,-22.0,18.4" vel="0,0,0" mass="1" elasticityCoef="1" ang="90,0,0" color="0,220,0" radius="0.5" length="4" />
		<capsule pos="-1.1499999999999986,-22.0,20.699999999999996" vel="0,0,0" mass="1" elasticityCoef="1" ang="90,0,0" color="0,220,0" radius="0.5" length="4" />
		<capsule pos="-1.1499999999999986,-22.0,22.999999999999993" vel="0,0,0" mass="1" elasticityCoef="1" ang="90,0,0" color="0,220,0" radius="0.5" length="4" />
		<capsule pos="-1.1499999999999986,-22.0,25.300000000000004" vel="0,0,0" mass="1" elasticityCoef="1" ang="90,0,0" color="0,220,0" radius="0.5" length="4" />
		<capsule pos="-1.1499999999999986,-22.0,27.6" vel="0,0,0" mass="1" elasticityCoef="1" ang="90,0,0" color="0,220,0" radius="0.5" length="4" />
		<capsule pos="-1.1499999999999986,-22.0,29.9" vel="0,0,0" mass="1" elasticityCoef="1" ang="90,0,0" color="0,220,0" radius="0.5" length="4" />
		<capsule pos="-1.1499999999999986,-22.0,32.199999999999996" vel="0,0,0" mass="1" elasticityCoef="1" ang="90,0,0" color="0,220,0" radius="0.5" length="4" />
		<capsule pos="-1.1499999999999986,-22.0,34.49999999999999" vel="0,0,0" mass="1" elasticityCoef="1" ang="90,0,0" color="0,220,0" radius="0.5" length="4" />
		<capsule pos="-1.1499999999999986,-22.0,36.800000000000004" vel="0,0,0" mass="1" elasticityCoef="1" ang="90,0,0" color="0,220,0" radius="0.5" length="4" />
		<capsule pos="-1.1499999999999986,-22.0,39.1" vel="0,0,0" mass="1" elasticityCoef="1" ang="90,0,0" color="0,220,0" radius="0.5" length="4" />
		<capsule pos="-1.1499999999999986,-22.0,41.4" vel="0,0,0" mass="1" elasticityCoef="1" ang="90,0,0" color="0,220,0" radius="0.5" length="4" />
		<capsule pos="-1.1499999999999986,-16.5,-43.699999999999996" vel="0,0,0" mass="1" elasticityCoef="1" ang="90,0,0" color="0,220,0" radius="0.5" length="4" />
		<capsule pos="-1.1499999999999986,-16.5,-41.4" vel="0,0,0" mass="1" elasticityCoef="1" ang="90,0,0" color="0,220,0" radius="0.5" length="4" />
		<capsule pos="-1.1499999999999986,-16.5,-39.099999999999994" vel="0,0,0" mass="1" elasticityCoef="1" ang="90,0,0" color="0,220,0" radius="0.5" length="4" />
		<capsule pos="-1.1499999999999986,-16.5,-36.8" vel="0,0,0" mass="1" elasticityCoef="1" ang="90,0,0" color="0,220,0" radius="0.5" length="4" />
		<capsule pos="-1.1499999999999986,-16.5,-34.5" vel="0,0,0" mass="1" elasticityCoef="1" ang="90,0,0" color="0,220,0" radius="0.5" length="4" />
		<capsule pos="-1.1499999999999986,-16.5,-32.199999999999996" vel="0,0,0" mass="1" elasticityCoef="1" ang="90,0,0" color="0,220,0" radius="0.5" length="4" />
		<capsule pos="-1.1499999999999986,-16.5,-29.9" vel="0,0,0" mass="1" elasticityCoef="1" ang="90,0,0" color="0,220,0" radius="0.5" length="4" />
		<capsule pos="-1.1499999999999986,-16.5,-27.599999999999998" vel="0,0,0" mass="1" elasticityCoef="1" ang="90,0,0" color="0,220,0" radius="0.5" length="4" />
		<capsule pos="-1.1499999999999986,-16.5,-25.299999999999997" vel="0,0,0" mass="1" elasticityCoef="1" ang="90,0,0" color="0,220,0" radius="0.5" length="4" />
		<capsule pos="-1.1499999999999986,-16.5,-22.999999999999996" vel="0,0,0" mass="1" elasticityCoef="1" ang="90,0,0" color="0,220,0" radius="0.5" length="4" />
		<capsule pos="-1.1499999999999986,-16.5,-20.699999999999996" vel="0,0,0" mass="1" elasticityCoef="1" ang="90,0,0" color="0,220,0" radius="0.5" length="4" />
		<capsule pos="-1.1499999999999986,-16.5,-18.4" vel="0,0,0" mass="1" elasticityCoef="1" ang="90,0,0" color="0,220,0" radius="0.5" length="4" />
		<capsule pos="-1.1499999999999986,-16.5,-16.099999999999998" vel="0,0,0" mass="1" elasticityCoef="1" ang="90,0,0" color="0,220,0" radius="0.5" length="4" />
		<capsule pos="-1.1499999999999986,-16.5,-13.799999999999997" vel="0,0,0" mass="1" elasticityCoef="1" ang="90,0,0" color="0,220,0" radius="0.5" length="4" />
		<capsule pos="-1.1499999999999986,-16.5,-11.5" vel="0,0,0" mass="1" elasticityCoef="1" ang="90,0,0" color="0,220,0" radius="0.5" length="4" />
		<capsule pos="-1.1499999999999986,-16.5,-9.199999999999996" vel="0,0,0" mass="1" elasticityCoef="1" ang="90,0,0" color="0,220,0" radius="0.5" length="4" />
		<capsule pos="-1.1499999999999986,-16.5,-6.899999999999999" vel="0,0,0" mass="1" elasticityCoef="1" ang="90,0,0" color="0,220,0" radius="0.5" length="4" />
		<capsule pos="-1.1499999999999986,-16.5,-4.600000000000001" vel="0,0,0" mass="1" elasticityCoef="1" ang="90,0,0" color="0,220,0" radius="0.5" length="4" />
		<capsule pos="-1.1499999999999986,-16.5,-2.299999999999997" vel="0,0,0" mass="1" elasticityCoef="1" ang="90,0,0" color="0,220,0" radius="0.5" length="4" />
		<capsule pos="-1.1499999999999986,-16.5,0.0" vel="0,0,0" mass="1" elasticityCoef="1" ang="90,0,0" color="0,220,0" radius="0.5" length="4" />
		<capsule pos="-1.1499999999999986,-16.5,2.3000000000000043" vel="0,0,0" mass="1" elasticityCoef="1" ang="90,0,0" color="0,220,0" radius="0.5" length="4" />
		<capsule pos="-1.1499999999999986,-16.5,4.600000000000001" vel="0,0,0" mass="1" elasticityCoef="1" ang="90,0,0" color="0,220,0" radius="0.5" length="4" />
		<capsule pos="-1.1499999999999986,-16.5,6.899999999999999" vel="0,0,0" mass="1" elasticityCoef="1" ang="90,0,0" color="0,220,0" radius="0.5" length="4" />
		<capsule pos="-1.1499999999999986,-16.5,9.200000000000003" vel="0,0,0" mass="1" elasticityCoef="1" ang="90,0,0" color="0,220,0" radius="0.5" length="4" />
		<capsule pos="-1.1499999999999986,-16.5,11.5" vel="0,0,0" mass="1" elasticityCoef="1" ang="90,0,0" color="0,220,0" radius="0.5" length="4" />
		<capsule pos="-1.1499999999999986,-16.5,13.799999999999997" vel="0,0,0" mass="1" elasticityCoef="1" ang="90,0,0" color="0,220,0" radius="0.5" length="4" />
		<capsule pos="-1.1499999999999986,-16.5,16.1" vel="0,0,0" mass="1" elasticityCoef="1" ang="90,0,0" color="0,220,0" radius="0.5" length="4" />
		<capsule pos="-1.1499999999999986,-16.5,18.4" vel="0,0,0" mass="1" elasticityCoef="1" ang="90,0,0" color="0,220,0" radius="0.5" length="4" />
		<capsule pos="-1.1499999999999986,-16.5,20.699999999999996" vel="0,0,0" mass="1" elasticityCoef="1" ang="90,0,0" color="0,220,0" radius="0.5" length="4" />
		<capsule pos="-1.1499999999999986,-16.5,22.999999999999993" vel="0,0,0" mass="1" elasticityCoef="1" ang="90,0,0" color="0,220,0" radius="0.5" length="4" />
		<capsule pos="-1.1499999999999986,-16.5,25.300000000000004" vel="0,0,0" mass="1" elasticityCoef="1" ang="90,0,0" color="0,220,0" radius="0.5" length="4" />
		<capsule pos="-1.1499999999999986,-16.5,27.6" vel="0,0,0" mass="1" elasticityCoef="1" ang="90,0,0" color="0,220,0" radius="0.5" length="4" />
		<capsule pos="-1.1499999999999986,-16.5,29.9" vel="0,0,0" mass="1" elasticityCoef="1" ang="90,0,0" color="0,220,0" radius="0.5" length="4" />
		<capsule pos="-1.1499999999999986,-16.5,32.199999999999996" vel="0,0,0" mass="1" elasticityCoef="1" ang="90,0,0" color="0,220,0" radius="0.5" length="4" />
		<capsule pos="-1.1499999999999986,-16.5,34.49999999999999" vel="0,0,0" mass="1" elasticityCoef="1" ang="90,0,0" color="0,220,0" radius="0.5" length="4" />
		<capsule pos="-1.1499999999999986,-16.5,36.800000000000004" vel="0,0,0" mass="1" elasticityCoef="1" ang="90,0,0" color="0,220,0" radius="0.5" length="4" />
		<capsule pos="-1.1499999999999986,-16.5,39.1" vel="0,0,0" mass="1" elasticityCoef="1" ang="90,0,0" color="0,220,0" radius="0.5" length="4" />
		<capsule pos="-1.1499999999999986,-16.5,41.4" vel="0,0,0" mass="1" elasticityCoef="1" ang="90,0,0" color="0,220,0" radius="0.5" length="4" />
		<capsule pos="-1.1499999999999986,-11.0,-43.699999999999996" vel="0,0,0" mass="1" elasticityCoef="1" ang="90,0,0" color="0,220,0" radius="0.5" length="4" />
		<capsule pos="-1.1499999999999986,-11.0,-41.4" vel="0,0,0" mass="1" elasticityCoef="1" ang="90,0,0" color="0,220,0" radius="0.5" length="4" />
		<capsule pos="-1.1499999999999986,-11.0,-39.099999999999994" vel="0,0,0" mass="1" elasticityCoef="1" ang="90,0,0" color="0,220,0" radius="0.5" length="4" />
		<capsule pos="-1.1499999999999986,-11.0,-36.8" vel="0,0,0" mass="1" elasticityCoef="1" ang="90,0,0" color="0,220,0" radius="0.5" length="4" />
		<capsule pos="-1.1499999999999986,-11.0,-34.5" vel="0,0,0" mass="1" elasticityCoef="1" ang="90,0,0" color="0,220,0" radius="0.5" length="4" />
		<capsule pos="-1.1499999999999986,-11.0,-32.199999999999996" vel="0,0,0" mass="1" elasticityCoef="1" ang="90,0,0" color="0,220,0" radius="0.5" length="4" />
		<capsule pos="-1.1499999999999986,-11.0,-29.9" vel="0,0,0" mass="1" elasticityCoef="1" ang="90,0,0" color="0,220,0" radius="0.5" length="4" />
		<capsule pos="-1.1499999999999986,-11.0,-27.599999999999998" vel="0,0,0" mass="1" elasticityCoef="1" ang="90,0,0" color="0,220,0" radius="0.5" length="4" />
		<capsule pos="-1.1499999999999986,-11.0,-25.299999999999997" vel="0,0,0" mass="1" elasticityCoef="1" ang="90,0,0" color="0,220,0" radius="0.5" length="4" />
		<capsule pos="-1.1499999999999986,-11.0,-22.999999999999996" vel="0,0,0" mass="1" elasticityCoef="1" ang="90,0,0" color="0,220,0" radius="0.5" length="4" />
		<capsule pos="-1.1499999999999986,-11.0,-20.699999999999996" vel="0,0,0" mass="1" elasticityCoef="1" ang="90,0,0" color="0,220,0" radius="0.5" length="4" />
		<capsule pos="-1.1499999999999986,-11.0,-18.4" vel="0,0,0" mass="1" elasticityCoef="1" ang="90,0,0" color="0,220,0" radius="0.5" length="4" />
		<capsule pos="-1.1499999999999986,-11.0,-16.099999999999998" vel="0,0,0" mass="1" elasticityCoef="1" ang="90,0,0" color="0,220,0" radius="0.5" length="4" />
		<capsule pos="-1.1499999999999986,-11.0,-13.799999999999997" vel="0,0,0" mass="1" elasticityCoef="1" ang="90,0,0" color="0,220,0" radius="0.5" length="4" />
		<capsule pos="-1.1499999999999986,-11.0,-11.5" vel="0,0,0" mass="1" elasticityCoef="1" ang="90,0,0" color="0,220,0" radius="0.5" length="4" />
		<capsule pos="-1.1499999999999986,-11.0,-9.199999999999996" vel="0,0,0" mass="1" elasticityCoef="1" ang="90,0,0" color="0,220,0" radius="0.5" length="4" />
		<capsule pos="-1.1499999999999986,-11.0,-6.899999999999999" vel="0,0,0" mass="1" elasticityCoef="1" ang="90,0,0" color="0,220,0" radius="0.5" length="4" />
		<capsule pos="-1.1499999999999986,-11.0,-4.600000000000001" vel="0,0,0" mass="1" elasticityCoef="1" ang="90,0,0" color="0,220,0" radius="0.5" length="4" />
		<capsule pos="-1.1499999999999986,-11.0,-2.299999999999997" vel="0,0,0" mass="1" elasticityCoef="1" ang="90,0,0" color="0,220,0" radius="0.5" length="4" />
		<capsule pos="-1.1499999999999986,-11.0,0.0" vel="0,0,0" mass="1" elasticityCoef="1" ang="90,0,0" color="0,220,0" radius="0.5" length="4" />
		<capsule pos="-1.1499999999999986,-11.0,2.3000000000000043" vel="0,0,0" mass="1" elasticityCoef="1" ang="90,0,0" color="0,220,0" radius="0.5" length="4" />
		<capsule pos="-1.1499999999999986,-11.0,4.600000000000001" vel="0,0,0" mass="1" elasticityCoef="1" ang="90,0,0" color="0,220,0" radius="0.5" length="4" />
		<capsule pos="-1.1499999999999986,-11.0,6.899999999999999" vel="0,0,0" mass="1" elasticityCoef="1" ang="90,0,0" color="0,220,0" radius="0.5" length="4" />
		<capsule pos="-1.1499999999999986,-11.0,9.200000000000003" vel="0,0,0" mass="1" elasticityCoef="1" ang="90,0,0" color="0,220,0" radius="0.5" length="4" />
		<capsule pos="-1.1499999999999986,-11.0,11.5" vel="0,0,0" mass="1" elasticityCoef="1" ang="90,0,0" color="0,220,0" radius="0.5" length="4" />
		<capsule pos="-1.1499999999999986,-11.0,13.799999999999997" vel="0,0,0" mass="1" elasticityCoef="1" ang="90,0,0" color="0,220,0" radius="0.5" length="4" />
		<capsule pos="-1.1499999999999986,-11.0,16.1" vel="0,0,0" mass="1" elasticityCoef="1" ang="90,0,0" color="0,220,0" radius="0.5" length="4" />
		<capsule pos="-1.1499999999999986,-11.0,18.4" vel="0,0,0" mass="1" elasticityCoef="1" ang="90,0,0" color="0,220,0" radius="0.5" length="4" />
		<capsule pos="-1.1499999999999986,-11.0,20.699999999999996" vel="0,0,0" mass="1" elasticityCoef="1" ang="90,0,0" color="0,220,0" radius="0.5" length="4" />
		<capsule pos="-1.1499999999999986,-11.0,22.999999999999993" vel="0,0,0" mass="1" elasticityCoef="1" ang="90,0,0" color="0,220,0" radius="0.5" length="4" />
		<capsule pos="-1.1499999999999986,-11.0,25.300000000000004" vel="0,0,0" mass="1" elasticityCoef="1" ang="90,0,0" color="0,220,0" radius="0.5" length="4" />
		<capsule pos="-1.1499999999999986,-11.0,27.6" vel="0,0,0" mass="1" elasticityCoef="1" ang="90,0,0" color="0,220,0" radius="0.5" length="4" />
		<capsule pos="-1.1499999999999986,-11.0,29.9" vel="0,0,0" mass="1" elasticityCoef="1" ang="90,0,0" color="0,220,0" radius="0.5" length="4" />
		<capsule pos="-1.1499999999999986,-11.0,32.199999999999996" vel="0,0,0" mass="1" elasticityCoef="1" ang="90,0,0" color="0,220,0" radius="0.5" length="4" />
		<capsule pos="-1.1499999999999986,-11.0,34.49999999999999" vel="0,0,0" mass="1" elasticityCoef="1" ang="90,0,0" color="0,220,0" radius="0.5" length="4" />
		<capsule pos="-1.1499999999999986,-11.0,36.800000000000004" vel="0,0,0" mass="1" elasticityCoef="1" ang="90,0,0" color="0,220,0" radius="0.5" length="4" />
		<capsule pos="-1.1499999999999986,-11.0,39.1" vel="0,0,0" mass="1" elasticityCoef="1" ang="90,0,0" color="0,220,0" radius="0.5" length="4" />
		<capsule pos="-1.1499999999999986,-11.0,41.4" vel="0,0,0" mass="1" elasticityCoef="1" ang="90,0,0" color="0,220,0" radius="0.5" length="4" />
		<capsule pos="-1.1499999999999986,-5.5,-43.699999999999996" vel="0,0,0" mass="1" elasticityCoef="1" ang="90,0,0" color="0,220,0" radius="0.5" length="4" />
		<capsule pos="-1.1499999999999986,-5.5,-41.4" vel="0,0,0" mass="1" elasticityCoef="1" ang="90,0,0" color="0,220,0" radius="0.5" length="4" />
		<capsule pos="-1.1499999999999986,-5.5,-39.099999999999994" vel="0,0,0" mass="1" elasticityCoef="1" ang="90,0,0" color="0,220,0" radius="0.5" length="4" />
		<capsule pos="-1.1499999999999986,-5.5,-36.8" vel="0,0,0" mass="1" elasticityCoef="1" ang="90,0,0" color="0,220,0" radius="0.5" length="4" />
		<capsule pos="-1.1499999999999986,-5.5,-34.5" vel="0,0,0" mass="1" elasticityCoef="1" ang="90,0,0" color="0,220,0" radius="0.5" length="4" />
		<capsule pos="-1.1499999999999986,-5.5,-32.199999999999996" vel="0,0,0" mass="1" elasticityCoef="1" ang="90,0,0" color="0,220,0" radius="0.5" length="4" />
		<capsule pos="-1.1499999999999986,-5.5,-29.9" vel="0,0,0" mass="1" elasticityCoef="1" ang="90,0,0" color="0,220,0" radius="0.5" length="4" />
		<capsule pos="-1.1499999999999986,-5.5,-27.599999999999998" vel="0,0,0" mass="1" elasticityCoef="1" ang="90,0,0" color="0,220,0" radius="0.5" length="4" />
		<capsule pos="-1.1499999999999986,-5.5,-25.299999999999997" vel="0,0,0" mass="1" elasticityCoef="1" ang="90,0,0" color="0,220,0" radius="0.5" length="4" />
		<capsule pos="-1.1499999999999986,-5.5,-22.999999999999996" vel="0,0,0" mass="1" elasticityCoef="1" ang="90,0,0" color="0,220,0" radius="0.5" length="4" />
		<capsule pos="-1.1499999999999986,-5.5,-20.699999999999996" vel="0,0,0" mass="1" elasticityCoef="1" ang="90,0,0" color="0,220,0" radius="0.5" length="4" />
		<capsule pos="-1.1499999999999986,-5.5,-18.4" vel="0,0,0" mass="1" elasticityCoef="1" ang="90,0,0" color="0,220,0" radius="0.5" length="4" />
		<capsule pos="-1.1499999999999986,-5.5,-16.099999999999998" vel="0,0,0" mass="1" elasticityCoef="1" ang="90,0,0" color="0,220,0" radius="0.5" length="4" />
		<capsule pos="-1.1499999999999986,-5.5,-13.799999999999997" vel="0,0,0" mass="1" elasticityCoef="1" ang="90,0,0" color="0,220,0" radius="0.5" length="4" />
		<capsule pos="-1.1499999999999986,-5.5,-11.5" vel="0,0,0" mass="1" elasticityCoef="1" ang="90,0,0" color="0,220,0" radius="0.5" length="4" />
		<capsule pos="-1.1499999999999986,-5.5,-9.199999999999996" vel="0,0,0" mass="1" elasticityCoef="1" ang="90,0,0" color="0,220,0" radius="0.5" length="4" />
		<capsule pos="-1.1499999999999986,-5.5,-6.899999999999999" vel="0,0,0" mass="1" elasticityCoef="1" ang="90,0,0" color="0,220,0" radius="0.5" length="4" />
		<capsule pos="-1.1499999999999986,-5.5,-4.600000000000001" vel="0,0,0" mass="1" elasticityCoef="1" ang="90,0,0" color="0,220,0" radius="0.5" length="4" />
		<capsule pos="-1.1499999999999986,-5.5,-2.299999999999997" vel="0,0,0" mass="1" elasticityCoef="1" ang="90,0,0" color="0,220,0" radius="0.5" length="4" />
		<capsule pos="-1.1499999999999986,-5.5,0.0" vel="0,0,0" mass="1" elasticityCoef="1" ang="90,0,0" color="0,220,0" radius="0.5" length="4" />
		<capsule pos="-1.1499999999999986,-5.5,2.3000000000000043" vel="0,0,0" mass="1" elasticityCoef="1" ang="90,0,0" color="0,220,0" radius="0.5" length="4" />
		<capsule pos="-1.1499999999999986,-5.5,4.600000000000001" vel="0,0,0" mass="1" elasticityCoef="1" ang="90,0,0" color="0,220,0" radius="0.5" length="4" />
		<capsule pos="-1.1499999999999986,-5.5,6.899999999999999" vel="0,0,0" mass="1" elasticityCoef="1" ang="90,0,0" color="0,220,0" radius="0.5" length="4" />
		<capsule pos="-1.1499999999999986,-5.5,9.200000000000003" vel="0,0,0" mass="1" elasticityCoef="1" ang="90,0,0" color="0,220,0" radius="0.5" length="4" />
		<capsule pos="-1.1499999999999986,-5.5,11.5" vel="0,0,0" mass="1" elasticityCoef="1" ang="90,0,0" color="0,220,0" radius="0.5" length="4" />
		<capsule pos="-1.1499999999999986,-5.5,13.799999999999997" vel="0,0,0" mass="1" elasticityCoef="1" ang="90,0,0" color="0,220,0" radius="0.5" length="4" />
		<capsule pos="-1.1499999999999986,-5.5,16.1" vel="0,0,0" mass="1" elasticityCoef="1" ang="90,0,0" color="0,220,0" radius="0.5" length="4" />
		<capsule pos="-1.1499999999999986,-5.5,18.4" vel="0,0,0" mass="1" elasticityCoef="1" ang="90,0,0" color="0,220,0" radius="0.5" length="4" />
		<capsule pos="-1.1499999999999986,-5.5,20.699999999999996" vel="0,0,0" mass="1" elasticityCoef="1" ang="90,0,0" color="0,220,0" radius="0.5" length="4" />
		<capsule pos="-1.1499999999999986,-5.5,22.999999999999993" vel="0,0,0" mass="1" elasticityCoef="1" ang="90,0,0" color="0,220,0" radius="0.5" length="4" />
		<capsule pos="-1.1499999999999986,-5.5,25.300000000000004" vel="0,0,0" mass="1" elasticityCoef="1" ang="90,0,0" color="0,220,0" radius="0.5" length="4" />
		<capsule pos="-1.1499999999999986,-5.5,27.6" vel="0,0,0" mass="1" elasticityCoef="1" ang="90,0,0" color="0,220,0" radius="0.5" length="4" />
		<capsule pos="-1.1499999999999986,-5.5,29.9" vel="0,0,0" mass="1" elasticityCoef="1" ang="90,0,0" color="0,220,0" radius="0.5" length="4" />
		<capsule pos="-1.1499999999999986,-5.5,32.199999999999996" vel="0,0,0" mass="1" elasticityCoef="1" ang="90,0,0" color="0,220,0" radius="0.5" length="4" />
		<capsule pos="-1.1499999999999986,-5.5,34.49999999999999" vel="0,0,0" mass="1" elasticityCoef="1" ang="90,0,0" color="0,220,0" radius="0.5" length="4" />
		<capsule pos="-1.1499999999999986,-5.5,36.800000000000004" vel="0,0,0" mass="1" elasticityCoef="1" ang="90,0,0" color="0,220,0" radius="0.5" length="4" />
		<capsule pos="-1.1499999999999986,-5.5,39.1" vel="0,0,0" mass="1" elasticityCoef="1" ang="90,0,0" color="0,220,0" radius="0.5" length="4" />
		<capsule pos="-1.1499999999999986,-5.5,41.4" vel="0,0,0" mass="1" elasticityCoef="1" ang="90,0,0" color="0,220,0" radius="0.5" length="4" />
		<capsule pos="-1.1499999999999986,0.0,-43.699999999999996" vel="0,0,0" mass="1" elasticityCoef="1" ang="90,0,0" color="0,220,0" radius="0.5" length="4" />
		<capsule pos="-1.1499999999999986,0.0,-41.4" vel="0,0,0" mass="1" elasticityCoef="1" ang="90,0,0" color="0,220,0" radius="0.5" length="4" />
		<capsule pos="-1.1499999999999986,0.0,-39.099999999999994" vel="0,0,0" mass="1" elasticityCoef="1" ang="90,0,0" color="0,220,0" radius="0.5" length="4" />
		<capsule pos="-1.1499999999999986,0.0,-36.8" vel="0,0,0" mass="1" elasticityCoef="1" ang="90,0,0" color="0,220,0" radius="0.5" length="4" />
		<capsule pos="-1.1499999999999986,0.0,-34.5" vel="0,0,0" mass="1" elasticityCoef="1" ang="90,0,0" color="0,220,0" radius="0.5" length="4" />
		<capsule pos="-1.1499999999999986,0.0,-32.199999999999996" vel="0,0,0" mass="1" elasticityCoef="1" ang="90,0,0" color="0,220,0" radius="0.5" length="4" />
		<capsule pos="-1.1499999999999986,0.0,-29.9" vel="0,0,0" mass="1" elasticityCoef="1" ang="90,0,0" color="0,220,0" radius="0.5" length="4" />
		<capsule pos="-1.1499999999999986,0.0,-27.599999999999998" vel="0,0,0" mass="1" elasticityCoef="1" ang="90,0,0" color="0,220,0" radius="0.5" length="4" />
		<capsule pos="-1.1499999999999986,0.0,-25.299999999999997" vel="0,0,0" mass="1" elasticityCoef="1" ang="90,0,0" color="0,220,0" radius="0.5" length="4" />
		<capsule pos="-1.1499999999999986,0.0,-22.999999999999996" vel="0,0,0" mass="1" elasticityCoef="1" ang="90,0,0" color="0,220,0" radius="0.5" length="4" />
		<capsule pos="-1.1499999999999986,0.0,-20.699999999999996" vel="0,0,0" mass="1" elasticityCoef="1" ang="90,0,0" color="0,220,0" radius="0.5" length="4" />
		<capsule pos="-1.1499999999999986,0.0,-18.4" vel="0,0,0" mass="1" elasticityCoef="1" ang="90,0,0" color="0,220,0" radius="0.5" length="4" />
		<capsule pos="-1.1499999999999986,0.0,-16.099999999999998" vel="0,0,0" mass="1" elasticityCoef="1" ang="90,0,0" color="0,220,0" radius="0.5" length="4" />
		<capsule pos="-1.1499999999999986,0.0,-13.799999999999997" vel="0,0,0" mass="1" elasticityCoef="1" ang="90,0,0" color="0,220,0" radius="0.5" length="4" />
		<capsule pos="-1.1499999999999986,0.0,-11.5" vel="0,0,0" mass="1" elasticityCoef="1" ang="90,0,0" color="0,220,0" radius="0.5" length="4" />
		<capsule pos="-1.1499999999999986,0.0,-9.199999999999996" vel="0,0,0" mass="1" elasticityCoef="1" ang="90,0,0" color="0,220,0" radius="0.5" length="4" />
		<capsule pos="-1.1499999999999986,0.0,-6.899999999999999" vel="0,0,0" mass="1" elasticityCoef="1" ang="90,0,0" color="0,220,0" radius="0.5" length="4" />
		<capsule pos="-1.1499999999999986,0.0,-4.600000000000001" vel="0,0,0" mass="1" elasticityCoef="1" ang="90,0,0" color="0,220,0" radius="0.5" length="4" />
		<capsule pos="-1.1499999999999986,0.0,-2.299999999999997" vel="0,0,0" mass="1" elasticityCoef="1" ang="90,0,0" color="0,220,0" radius="0.5" length="4" />
		<capsule pos="-1.1499999999999986,0.0,0.0" vel="0,0,0" mass="1" elasticityCoef="1" ang="90,0,0" color="0,220,0" radius="0.5" length="4" />
		<capsule pos="-1.1499999999999986,0.0,2.3000000000000043" vel="0,0,0" mass="1" elasticityCoef="1" ang="90,0,0" color="0,220,0" radius="0.5" length="4" />
		<capsule pos="-1.1499999999999986,0.0,4.600000000000001" vel="0,0,0" mass="1" elasticityCoef="1" ang="90,0,0" color="0,220,0" radius="0.5" length="4" />
		<capsule pos="-1.1499999999999986,0.0,6.899999999999999" vel="0,0,0" mass="1" elasticityCoef="1" ang="90,0,0" color="0,220,0" radius="0.5" length="4" />
		<capsule pos="-1.1499999999999986,0.0,9.200000000000003" vel="0,0,0" mass="1" elasticityCoef="1" ang="90,0,0" color="0,220,0" radius="0.5" length="4" />
		<capsule pos="-1.1499999999999986,0.0,11.5" vel="0,0,0" mass="1" elasticityCoef="1" ang="90,0,0" color="0,220,0" radius="0.5" length="4" />
		<capsule pos="-1.1499999999999986,0.0,13.799999999999997" vel="0,0,0" mass="1" elasticityCoef="1" ang="90,0,0" color="0,220,0" radius="0.5" length="4" />
		<capsule pos="-1.1499999999999986,0.0,16.1" vel="0,0,0" mass="1" elasticityCoef="1" ang="90,0,0" color="0,220,0" radius="0.5" length="4" />
		<capsule pos="-1.1499999999999986,0.0,18.4" vel="0,0,0" mass="1" elasticityCoef="1" ang="90,0,0" color="0,220,0" radius="0.5" length="4" />
		<capsule pos="-1.1499999999999986,0.0,20.699999999999996" vel="0,0,0" mass="1" elasticityCoef="1" ang="90,0,0" color="0,220,0" radius="0.5" length="4" />
		<capsule pos="-1.1499999999999986,0.0,22.999999999999993" vel="0,0,0" mass="1" elasticityCoef="1" ang="90,0,0" color="0,220,0" radius="0.5" length="4" />
		<capsule pos="-1.1499999999999986,0.0,25.300000000000004" vel="0,0,0" mass="1" elasticityCoef="1" ang="90,0,0" color="0,220,0" radius="0.5" length="4" />
		<capsule pos="-1.1499999999999986,0.0,27.6" vel="0,0,0" mass="1" elasticityCoef="1" ang="90,0,0" color="0,220,0" radius="0.5" length="4" />
		<capsule pos="-1.1499999999999986,0.0,29.9" vel="0,0,0" mass="1" elasticityCoef="1" ang="90,0,0" color="0,220,0" radius="0.5" length="4" />
		<capsule pos="-1.1499999999999986,0.0,32.199999999999996" vel="0,0,0" mass="1" elasticityCoef="1" ang="90,0,0" color="0,220,0" radius="0.5" length="4" />
		<capsule pos="-1.1499999999999986,0.0,34.49999999999999" vel="0,0,0" mass="1" elasticityCoef="1" ang="90,0,0" color="0,220,0" radius="0.5" length="4" />
		<capsule pos="-1.1499999999999986,0.0,36.800000000000004" vel="0,0,0" mass="1" elasticityCoef="1" ang="90,0,0" color="0,220,0" radius="0.5" length="4" />
		<capsule pos="-1.1499999999999986,0.0,39.1" vel="0,0,0" mass="1" elasticityCoef="1" ang="90,0,0" color="0,220,0" radius="0.5" length="4" />
		<capsule pos="-1.1499999999999986,0.0,41.4" vel="0,0,0" mass="1" elasticityCoef="1" ang="90,0,0" color="0,220,0" radius="0.5" length="4" />
		<capsule pos="-1.1499999999999986,5.5,-43.699999999999996" vel="0,0,0" mass="1" elasticityCoef="1" ang="90,0,0" color="0,220,0" radius="0.5" length="4" />
		<capsule pos="-1.1499999999999986,5.5,-41.4" vel="0,0,0" mass="1" elasticityCoef="1" ang="90,0,0" color="0,220,0" radius="0.5" length="4" />
		<capsule pos="-1.1499999999999986,5.5,-39.099999999999994" vel="0,0,0" mass="1" elasticityCoef="1" ang="90,0,0" color="0,220,0" radius="0.5" length="4" />
		<capsule pos="-1.1499999999999986,5.5,-36.8" vel="0,0,0" mass="1" elasticityCoef="1" ang="90,0,0" color="0,220,0" radius="0.5" length="4" />
		<capsule pos="-1.1499999999999986,5.5,-34.5" vel="0,0,0" mass="1" elasticityCoef="1" ang="90,0,0" color="0,220,0" radius="0.5" length="4" />
		<capsule pos="-1.1499999999999986,5.5,-32.199999999999996" vel="0,0,0" mass="1" elasticityCoef="1" ang="90,0,0" color="0,220,0" radius="0.5" length="4" />
		<capsule pos="-1.1499999999999986,5.5,-29.9" vel="0,0,0" mass="1" elasticityCoef="1" ang="90,0,0" color="0,220,0" radius="0.5" length="4" />
		<capsule pos="-1.1499999999999986,5.5,-27.599999999999998" vel="0,0,0" mass="1" elasticityCoef="1" ang="90,0,0" color="0,220,0" radius="0.5" length="4" />
		<capsule pos="-1.1499999999999986,5.5,-25.299999999999997" vel="0,0,0" mass="1" elasticityCoef="1" ang="90,0,0" color="0,220,0" radius="0.5" length="4" />
		<capsule pos="-1.1499999999999986,5.5,-22.999999999999996" vel="0,0,0" mass="1" elasticityCoef="1" ang="90,0,0" color="0,220,0" radius="0.5" length="4" />
		<capsule pos="-1.1499999999999986,5.5,-20.699999999999996" vel="0,0,0" mass="1" elasticityCoef="1" ang="90,0,0" color="0,220,0" radius="0.5" length="4" />
		<capsule pos="-1.1499999999999986,5.5,-18.4" vel="0,0,0" mass="1" elasticityCoef="1" ang="90,0,0" color="0,220,0" radius="0.5" length="4" />
		<capsule pos="-1.1499999999999986,5.5,-16.099999999999998" vel="0,0,0" mass="1" elasticityCoef="1" ang="90,0,0" color="0,220,0" radius="0.5" length="4" />
		<capsule pos="-1.1499999999999986,5.5,-13.799999999999997" vel="0,0,0" mass="1" elasticityCoef="1" ang="90,0,0" color="0,220,0" radius="0.5" length="4" />
		<capsule pos="-1.1499999999999986,5.5,-11.5" vel="0,0,0" mass="1" elasticityCoef="1" ang="90,0,0" color="0,220,0" radius="0.5" length="4" />
		<capsule pos="-1.1499999999999986,5.5,-9.199999999999996" vel="0,0,0" mass="1" elasticityCoef="1" ang="90,0,0" color="0,220,0" radius="0.5" length="4" />
		<capsule pos="-1.1499999999999986,5.5,-6.899999999999999" vel="0,0,0" mass="1" elasticityCoef="1" ang="90,0,0" color="0,220,0" radius="0.5" length="4" />
		<capsule pos="-1.1499999999999986,5.5,-4.600000000000001" vel="0,0,0" mass="1" elasticityCoef="1" ang="90,0,0" color="0,220,0" radius="0.5" length="4" />
		<capsule pos="-1.1499999999999986,5.5,-2.299999999999997" vel="0,0,0" mass="1" elasticityCoef="1" ang="90,0,0" color="0,220,0" radius="0.5" length="4" />
		<capsule pos="-1.1499999999999986,5.5,0.0" vel="0,0,0" mass="1" elasticityCoef="1" ang="90,0,0" color="0,220,0" radius="0.5" length="4" />
		<capsule pos="-1.1499999999999986,5.5,2.3000000000000043" vel="0,0,0" mass="1" elasticityCoef="1" ang="90,0,0" color="0,220,0" radius="0.5" length="4" />
		<capsule pos="-1.1499999999999986,5.5,4.600000000000001" vel="0,0,0" mass="1" elasticityCoef="1" ang="90,0,0" color="0,220,0" radius="0.5" length="4" />
		<capsule pos="-1.1499999999999986,5.5,6.899999999999999" vel="0,0,0" mass="1" elasticityCoef="1" ang="90,0,0" color="0,220,0" radius="0.5" length="4" />
		<capsule pos="-1.1499999999999986,5.5,9.200000000000003" vel="0,0,0" mass="1" elasticityCoef="1" ang="90,0,0" color="0,220,0" radius="0.5" length="4" />
		<capsule pos="-1.1499999999999986,5.5,11.5" vel="0,0,0" mass="1" elasticityCoef="1" ang="90,0,0" color="0,220,0" radius="0.5" length="4" />
		<capsule pos="-1.1499999999999986,5.5,13.799999999999997" vel="0,0,0" mass="1" elasticityCoef="1" ang="90,0,0" color="0,220,0" radius="0.5" length="4" />
		<capsule pos="-1.1499999999999986,5.5,16.1" vel="0,0,0" mass="1" elasticityCoef="1" ang="90,0,0" color="0,220,0" radius="0.5" length="4" />
		<capsule pos="-1.1499999999999986,5.5,18.4" vel="0,0,0" mass="1" elasticityCoef="1" ang="90,0,0" color="0,220,0" radius="0.5" length="4" />
		<capsule pos="-1.1499999999999986,5.5,20.699999999999996" vel="0,0,0" mass="1" elasticityCoef="1" ang="90,0,0" color="0,220,0" radius="0.5" length="4" />
		<capsule pos="-1.1499999999999986,5.5,22.999999999999993" vel="0,0,0" mass="1" elasticityCoef="1" ang="90,0,0" color="0,220,0" radius="0.5" length="4" />
		<capsule pos="-1.1499999999999986,5.5,25.300000000000004" vel="0,0,0" mass="1" elasticityCoef="1" ang="90,0,0" color="0,220,0" radius="0.5" length="4" />
		<capsule pos="-1.1499999999999986,5.5,27.6" vel="0,0,0" mass="1" elasticityCoef="1" ang="90,0,0" color="0,220,0" radius="0.5" length="4" />
		<capsule pos="-1.1499999999999986,5.5,29.9" vel="0,0,0" mass="1" elasticityCoef="1" ang="90,0,0" color="0,220,0" radius="0.5" length="4" />
		<capsule pos="-1.1499999999999986,5.5,32.199999999999996" vel="0,0,0" mass="1" elasticityCoef="1" ang="90,0,0" color="0,220,0" radius="0.5" length="4" />
		<capsule pos="-1.1499999999999986,5.5,34.49999999999999" vel="0,0,0" mass="1" elasticityCoef="1" ang="90,0,0" color="0,220,0" radius="0.5" length="4" />
		<capsule pos="-1.1499999999999986,5.5,36.800000000000004" vel="0,0,0" mass="1" elasticityCoef="1" ang="90,0,0" color="0,220,0" radius="0.5" length="4" />
		<capsule pos="-1.1499999999999986,5.5,39.1" vel="0,0,0" mass="1" elasticityCoef="1" ang="90,0,0" color="0,220,0" radius="0.5" length="4" />
		<capsule pos="-1.1499999999999986,5.5,41.4" vel="0,0,0" mass="1" elasticityCoef="1" ang="90,0,0" color="0,220,0" radius="0.5" length="4" />
		<capsule pos="-1.1499999999999986,11.0,-43.699999999999996" vel="0,0,0" mass="1" elasticityCoef="1" ang="90,0,0" color="0,220,0" radius="0.5" length="4" />
		<capsule pos="-1.1499999999999986,11.0,-41.4" vel="0,0,0" mass="1" elasticityCoef="1" ang="90,0,0" color="0,220,0" radius="0.5" length="4" />
		<capsule pos="-1.1499999999999986,11.0,-39.099999999999994" vel="0,0,0" mass="1" elasticityCoef="1" ang="90,0,0" color="0,220,0" radius="0.5" length="4" />
		<capsule pos="-1.1499999999999986,11.0,-36.8" vel="0,0,0" mass="1" elasticityCoef="1" ang="90,0,0" color="0,220,0" radius="0.5" length="4" />
		<capsule pos="-1.1499999999999986,11.0,-34.5" vel="0,0,0" mass="1" elasticityCoef="1" ang="90,0,0" color="0,220,0" radius="0.5" length="4" />
		<capsule pos="-1.1499999999999986,11.0,-32.199999999999996" vel="0,0,0" mass="1" elasticityCoef="1" ang="90,0,0" color="0,220,0" radius="0.5" length="4" />
		<capsule pos="-1.1499999999999986,11.0,-29.9" vel="0,0,0" mass="1" elasticityCoef="1" ang="90,0,0" color="0,220,0" radius="0.5" length="4" />
		<capsule pos="-1.1499999999999986,11.0,-27.599999999999998" vel="0,0,0" mass="1" elasticityCoef="1" ang="90,0,0" color="0,220,0" radius="0.5" length="4" />
		<capsule pos="-1.1499999999999986,11.0,-25.299999999999997" vel="0,0,0" mass="1" elasticityCoef="1" ang="90,0,0" color="0,220,0" radius="0.5" length="4" />
		<capsule pos="-1.1499999999999986,11.0,-22.999999999999996" vel="0,0,0" mass="1" elasticityCoef="1" ang="90,0,0" color="0,220,0" radius="0.5" length="4" />
		<capsule pos="-1.1499999999999986,11.0,-20.699999999999996" vel="0,0,0" mass="1" elasticityCoef="1" ang="90,0,0" color="0,220,0" radius="0.5" length="4" />
		<capsule pos="-1.1499999999999986,11.0,-18.4" vel="0,0,0" mass="1" elasticityCoef="1" ang="90,0,0" color="0,220,0" radius="0.5" length="4" />
		<capsule pos="-1.1499999999999986,11.0,-16.099999999999998" vel="0,0,0" mass="1" elasticityCoef="1" ang="90,0,0" color="0,220,0" radius="0.5" length="4" />
		<capsule pos="-1.1499999999999986,11.0,-13.799999999999997" vel="0,0,0" mass="1" elasticityCoef="1" ang="90,0,0" color="0,220,0" radius="0.5" length="4" />
		<capsule pos="-1.1499999999999986,11.0,-11.5" vel="0,0,0" mass="1" elasticityCoef="1" ang="90,0,0" color="0,220,0" radius="0.5" length="4" />
		<capsule pos="-1.1499999999999986,11.0,-9.199999999999996" vel="0,0,0" mass="1" elasticityCoef="1" ang="90,0,0" color="0,220,0" radius="0.5" length="4" />
		<capsule pos="-1.1499999999999986,11.0,-6.899999999999999" vel="0,0,0" mass="1" elasticityCoef="1" ang="90,0,0" color="0,220,0" radius="0.5" length="4" />
		<capsule pos="-1.1499999999999986,11.0,-4.600000000000001" vel="0,0,0" mass="1" elasticityCoef="1" ang="90,0,0" color="0,220,0" radius="0.5" length="4" />
		<capsule pos="-1.1499999999999986,11.0,-2.299999999999997" vel="0,0,0" mass="1" elasticityCoef="1" ang="90,0,0" color="0,220,0" radius="0.5" length="4" />
		<capsule pos="-1.1499999999999986,11.0,0.0" vel="0,0,0" mass="1" elasticityCoef="1" ang="90,0,0" color="0,220,0" radius="0.5" length="4" />
		<capsule pos="-1.1499999999999986,11.0,2.3000000000000043" vel="0,0,0" mass="1" elasticityCoef="1" ang="90,0,0" color="0,220,0" radius="0.5" length="4" />
		<capsule pos="-1.1499999999999986,11.0,4.600000000000001" vel="0,0,0" mass="1" elasticityCoef="1" ang="90,0,0" color="0,220,0" radius="0.5" length="4" />
		<capsule pos="-1.1499999999999986,11.0,6.899999999999999" vel="0,0,0" mass="1" elasticityCoef="1" ang="90,0,0" color="0,220,0" radius="0.5" length="4" />
		<capsule pos="-1.1499999999999986,11.0,9.200000000000003" vel="0,0,0" mass="1" elasticityCoef="1" ang="90,0,0" color="0,220,0" radius="0.5" length="4" />
		<capsule pos="-1.1499999999999986,11.0,11.5" vel="0,0,0" mass="1" elasticityCoef="1" ang="90,0,0" color="0,220,0" radius="0.5" length="4" />
		<capsule pos="-1.1499999999999986,11.0,13.799999999999997" vel="0,0,0" mass="1" elasticityCoef="1" ang="90,0,0" color="0,220,0" radius="0.5" length="4" />
		<capsule pos="-1.1499999999999986,11.0,16.1" vel="0,0,0" mass="1" elasticityCoef="1" ang="90,0,0" color="0,220,0" radius="0.5" length="4" />
		<capsule pos="-1.1499999999999986,11.0,18.4" vel="0,0,0" mass="1" elasticityCoef="1" ang="90,0,0" color="0,220,0" radius="0.5" length="4" />
		<capsule pos="-1.1499999999999986,11.0,20.699999999999996" vel="0,0,0" mass="1" elasticityCoef="1" ang="90,0,0" color="0,220,0" radius="0.5" length="4" />
		<capsule pos="-1.1499999999999986,11.0,22.999999999999993" vel="0,0,0" mass="1" elasticityCoef="1" ang="90,0,0" color="0,220,0" radius="0.5" length="4" />
		<capsule pos="-1.1499999999999986,11.0,25.300000000000004" vel="0,0,0" mass="1" elasticityCoef="1" ang="90,0,0" color="0,220,0" radius="0.5" length="4" />
		<capsule pos="-1.1499999999999986,11.0,27.6" vel="0,0,0" mass="1" elasticityCoef="1" ang="90,0,0" color="0,220,0" radius="0.5" length="4" />
		<capsule pos="-1.1499999999999986,11.0,29.9" vel="0,0,0" mass="1" elasticityCoef="1" ang="90,0,0" color="0,220,0" radius="0.5" length="4" />
		<capsule pos="-1.1499999999999986,11.0,32.199999999999996" vel="0,0,0" mass="1" elasticityCoef="1" ang="90,0,0" color="0,220,0" radius="0.5" length="4" />
		<capsule pos="-1.1499999999999986,11.0,34.49999999999999" vel="0,0,0" mass="1" elasticityCoef="1" ang="90,0,0" color="0,220,0" radius="0.5" length="4" />
		<capsule pos="-1.1499999999999986,11.0,36.800000000000004" vel="0,0,0" mass="1" elasticityCoef="1" ang="90,0,0" color="0,220,0" radius="0.5" length="4" />
		<capsule pos="-1.1499999999999986,11.0,39.1" vel="0,0,0" mass="1" elasticityCoef="1" ang="90,0,0" color="0,220,0" radius="0.5" length="4" />
		<capsule pos="-1.1499999999999986,11.0,41.4" vel="0,0,0" mass="1" elasticityCoef="1" ang="90,0,0" color="0,220,0" radius="0.5" length="4" />
		<capsule pos="-1.1499999999999986,16.5,-43.699999999999996" vel="0,0,0" mass="1" elasticityCoef="1" ang="90,0,0" color="0,220,0" radius="0.5" length="4" />
		<capsule pos="-1.1499999999999986,16.5,-41.4" vel="0,0,0" mass="1" elasticityCoef="1" ang="90,0,0" color="0,220,0" radius="0.5" length="4" />
		<capsule pos="-1.1499999999999986,16.5,-39.099999999999994" vel="0,0,0" mass="1" elasticityCoef="1" ang="90,0,0" color="0,220,0" radius="0.5" length="4" />
		<capsule pos="-1.1499999999999986,16.5,-36.8" vel="0,0,0" mass="1" elasticityCoef="1" ang="90,0,0" color="0,220,0" radius="0.5" length="4" />
		<capsule pos="-1.1499999999999986,16.5,-34.5" vel="0,0,0" mass="1" elasticityCoef="1" ang="90,0,0" color="0,220,0" radius="0.5" length="4" />
		<capsule pos="-1.1499999999999986,16.5,-32.199999999999996" vel="0,0,0" mass="1" elasticityCoef="1" ang="90,0,0" color="0,220,0" radius="0.5" length="4" />
		<capsule pos="-1.1499999999999986,16.5,-29.9" vel="0,0,0" mass="1" elasticityCoef="1" ang="90,0,0" color="0,220,0" radius="0.5" length="4" />
		<capsule pos="-1.1499999999999986,16.5,-27.599999999999998" vel="0,0,0" mass="1" elasticityCoef="1" ang="90,0,0" color="0,220,0" radius="0.5" length="4" />
		<capsule pos="-1.1499999999999986,16.5,-25.299999999999997" vel="0,0,0" mass="1" elasticityCoef="1" ang="90,0,0" color="0,220,0" radius="0.5" length="4" />
		<capsule pos="-1.1499999999999986,16.5,-22.999999999999996" vel="0,0,0" mass="1" elasticityCoef="1" ang="90,0,0" color="0,220,0" radius="0.5" length="4" />
		<capsule pos="-1.1499999999999986,16.5,-20.699999999999996" vel="0,0,0" mass="1" elasticityCoef="1" ang="90,0,0" color="0,220,0" radius="0.5" length="4" />
		<capsule pos="-1.1499999999999986,16.5,-18.4" vel="0,0,0" mass="1" elasticityCoef="1" ang="90,0,0" color="0,220,0" radius="0.5" length="4" />
		<capsule pos="-1.1499999999999986,16.5,-16.099999999999998" vel="0,0,0" mass="1" elasticityCoef="1" ang="90,0,0" color="0,220,0" radius="0.5" length="4" />
		<capsule pos="-1.1499999999999986,16.5,-13.799999999999997" vel="0,0,0" mass="1" elasticityCoef="1" ang="90,0,0" color="0,220,0" radius="0.5" length="4" />
		<capsule pos="-1.1499999999999986,16.5,-11.5" vel="0,0,0" mass="1" elasticityCoef="1" ang="90,0,0" color="0,220,0" radius="0.5" length="4" />
		<capsule pos="-1.1499999999999986,16.5,-9.199999999999996" vel="0,0,0" mass="1" elasticityCoef="1" ang="90,0,0" color="0,220,0" radius="0.5" length="4" />
		<capsule pos="-1.1499999999999986,16.5,-6.899999999999999" vel="0,0,0" mass="1" elasticityCoef="1" ang="90,0,0" color="0,220,0" radius="0.5" length="4" />
		<capsule pos="-1.1499999999999986,16.5,-4.600000000000001" vel="0,0,0" mass="1" elasticityCoef="1" ang="90,0,0" color="0,220,0" radius="0.5" length="4" />
		<capsule pos="-1.1499999999999986,16.5,-2.299999999999997" vel="0,0,0" mass="1" elasticityCoef="1" ang="90,0,0" color="0,220,0" radius="0.5" length="4" />
		<capsule pos="-1.1499999999999986,16.5,0.0" vel="0,0,0" mass="1" elasticityCoef="1" ang="90,0,0" color="0,220,0" radius="0.5" length="4" />
		<capsule pos="-1.1499999999999986,16.5,2.3000000000000043" vel="0,0,0" mass="1" elasticityCoef="1" ang="90,0,0" color="0,220,0" radius="0.5" length="4" />
		<capsule pos="-1.1499999999999986,16.5,4.600000000000001" vel="0,0,0" mass="1" elasticityCoef="1" ang="90,0,0" color="0,220,0" radius="0.5" length="4" />
		<capsule pos="-1.1499999999999986,16.5,6.899999999999999" vel="0,0,0" mass="1" elasticityCoef="1" ang="90,0,0" color="0,220,0" radius="0.5" length="4" />
		<capsule pos="-1.1499999999999986,16.5,9.200000000000003" vel="0,0,0" mass="1" elasticityCoef="1" ang="90,0,0" color="0,220,0" radius="0.5" length="4" />
		<capsule pos="-1.1499999999999986,16.5,11.5" vel="0,0,0" mass="1" elasticityCoef="1" ang="90,0,0" color="0,220,0" radius="0.5" length="4" />
		<capsule pos="-1.1499999999999986,16.5,13.799999999999997" vel="0,0,0" mass="1" elasticityCoef="1" ang="90,0,0" color="0,220,0" radius="0.5" length="4" />
		<capsule pos="-1.1499999999999986,16.5,16.1" vel="0,0,0" mass="1" elasticityCoef="1" ang="90,0,0" color="0,220,0" radius="0.5" length="4" />
		<capsule pos="-1.1499999999999986,16.5,18.4" vel="0,0,0" mass="1" elasticityCoef="1" ang="90,0,0" color="0,220,0" radius="0.5" length="4" />
		<capsule pos="-1.1499999999999986,16.5,20.699999999999996" vel="0,0,0" mass="1" elasticityCoef="1" ang="90,0,0" color="0,220,0" radius="0.5" length="4" />
		<capsule pos="-1.1499999999999986,16.5,22.999999999999993" vel="0,0,0" mass="1" elasticityCoef="1" ang="90,0,0" color="0,220,0" radius="0.5" length="4" />
		<capsule pos="-1.1499999999999986,16.5,25.300000000000004" vel="0,0,0" mass="1" elasticityCoef="1" ang="90,0,0" color="0,220,0" radius="0.5" length="4" />
		<capsule pos="-1.1499999999999986,16.5,27.6" vel="0,0,0" mass="1" elasticityCoef="1" ang="90,0,0" color="0,220,0" radius="0.5" length="4" />
		<capsule pos="-1.1499999999999986,16.5,29.9" vel="0,0,0" mass="1" elasticityCoef="1" ang="90,0,0" color="0,220,0" radius="0.5" length="4" />
		<capsule pos="-1.1499999999999986,16.5,32.199999999999996" vel="0,0,0" mass="1" elasticityCoef="1" ang="90,0,0" color="0,220,0" radius="0.5" length="4" />
		<capsule pos="-1.1499999999999986,16.5,34.49999999999999" vel="0,0,0" mass="1" elasticityCoef="1" ang="90,0,0" color="0,220,0" radius="0.5" length="4" />
		<capsule pos="-1.1499999999999986,16.5,36.800000000000004" vel="0,0,0" mass="1" elasticityCoef="1" ang="90,0,0" color="0,220,0" radius="0.5" length="4" />
		<capsule pos="-1.1499999999999986,16.5,39.1" vel="0,0,0" mass="1" elasticityCoef="1" ang="90,0,0" color="0,220,0" radius="0.5" length="4" />
		<capsule pos="-1.1499999999999986,16.5,41.4" vel="0,0,0" mass="1" elasticityCoef="1" ang="90,0,0" color="0,220,0" radius="0.5" length="4" />
		<capsule pos="-1.1499999999999986,22.0,-43.699999999999996" vel="0,0,0" mass="1" elasticityCoef="1" ang="90,0,0" color="0,220,0" radius="0.5" length="4" />
		<capsule pos="-1.1499999999999986,22.0,-41.4" vel="0,0,0" mass="1" elasticityCoef="1" ang="90,0,0" color="0,220,0" radius="0.5" length="4" />
		<capsule pos="-1.1499999999999986,22.0,-39.099999999999994" vel="0,0,0" mass="1" elasticityCoef="1" ang="90,0,0" color="0,220,0" radius="0.5" length="4" />
		<capsule pos="-1.1499999999999986,22.0,-36.8" vel="0,0,0" mass="1" elasticityCoef="1" ang="90,0,0" color="0,220,0" radius="0.5" length="4" />
		<capsule pos="-1.1499999999999986,22.0,-34.5" vel="0,0,0" mass="1" elasticityCoef="1" ang="90,0,0" color="0,220,0" radius="0.5" length="4" />
		<capsule pos="-1.1499999999999986,22.0,-32.199999999999996" vel="0,0,0" mass="1" elasticityCoef="1" ang="90,0,0" color="0,220,0" radius="0.5" length="4" />
		<capsule pos="-1.1499999999999986,22.0,-29.9" vel="0,0,0" mass="1" elasticityCoef="1" ang="90,0,0" color="0,220,0" radius="0.5" length="4" />
		<capsule pos="-1.1499999999999986,22.0,-27.599999999999998" vel="0,0,0" mass="1" elasticityCoef="1" ang="90,0,0" color="0,220,0" radius="0.5" length="4" />
		<capsule pos="-1.1499999999999986,22.0,-25.299999999999997" vel="0,0,0" mass="1" elasticityCoef="1" ang="90,0,0" color="0,220,0" radius="0.5" length="4" />
		<capsule pos="-1.1499999999999986,22.0,-22.999999999999996" vel="0,0,0" mass="1" elasticityCoef="1" ang="90,0,0" color="0,220,0" radius="0.5" length="4" />
		<capsule pos="-1.1499999999999986,22.0,-20.699999999999996" vel="0,0,0" mass="1" elasticityCoef="1" ang="90,0,0" color="0,220,0" radius="0.5" length="4" />
		<capsule pos="-1.1499999999999986,22.0,-18.4" vel="0,0,0" mass="1" elasticityCoef="1" ang="90,0,0" color="0,220,0" radius="0.5" length="4" />
		<capsule pos="-1.1499999999999986,22.0,-16.099999999999998" vel="0,0,0" mass="1" elasticityCoef="1" ang="90,0,0" color="0,220,0" radius="0.5" length="4" />
		<capsule pos="-1.1499999999999986,22.0,-13.799999999999997" vel="0,0,0" mass="1" elasticityCoef="1" ang="90,0,0" color="0,220,0" radius="0.5" length="4" />
		<capsule pos="-1.1499999999999986,22.0,-11.5" vel="0,0,0" mass="1" elasticityCoef="1" ang="90,0,0" color="0,220,0" radius="0.5" length="4" />
		<capsule pos="-1.1499999999999986,22.0,-9.199999999999996" vel="0,0,0" mass="1" elasticityCoef="1" ang="90,0,0" color="0,220,0" radius="0.5" length="4" />
		<capsule pos="-1.1499999999999986,22.0,-6.899999999999999" vel="0,0,0" mass="1" elasticityCoef="1" ang="90,0,0" color="0,220,0" radius="0.5" length="4" />
		<capsule pos="-1.1499999999999986,22.0,-4.600000000000001" vel="0,0,0" mass="1" elasticityCoef="1" ang="90,0,0" color="0,220,0" radius="0.5" length="4" />
		<capsule pos="-1.1499999999999986,22.0,-2.299999999999997" vel="0,0,0" mass="1" elasticityCoef="1" ang="90,0,0" color="0,220,0" radius="0.5" length="4" />
		<capsule pos="-1.1499999999999986,22.0,0.0" vel="0,0,0" mass="1" elasticityCoef="1" ang="90,0,0" color="0,220,0" radius="0.5" length="4" />
		<capsule pos="-1.1499999999999986,22.0,2.3000000000000043" vel="0,0,0" mass="1" elasticityCoef="1" ang="90,0,0" color="0,220,0" radius="0.5" length="4" />
		<capsule pos="-1.1499999999999986,22.0,4.600000000000001" vel="0,0,0" mass="1" elasticityCoef="1" ang="90,0,0" color="0,220,0" radius="0.5" length="4" />
		<capsule pos="-1.1499999999999986,22.0,6.899999999999999" vel="0,0,0" mass="1" elasticityCoef="1" ang="90,0,0" color="0,220,0" radius="0.5" length="4" />
		<capsule pos="-1.1499999999999986,22.0,9.200000000000003" vel="0,0,0" mass="1" elasticityCoef="1" ang="90,0,0" color="0,220,0" radius="0.5" length="4" />
		<capsule pos="-1.1499999999999986,22.0,11.5" vel="0,0,0" mass="1" elasticityCoef="1" ang="90,0,0" color="0,220,0" radius="0.5" length="4" />
		<capsule pos="-1.1499999999999986,22.0,13.799999999999997" vel="0,0,0" mass="1" elasticityCoef="1" ang="90,0,0" color="0,220,0" radius="0.5" length="4" />
		<capsule pos="-1.1499999999999986,22.0,16.1" vel="0,0,0" mass="1" elasticityCoef="1" ang="90,0,0" color="0,220,0" radius="0.5" length="4" />
		<capsule pos="-1.1499999999999986,22.0,18.4" vel="0,0,0" mass="1" elasticityCoef="1" ang="90,0,0" color="0,220,0" radius="0.5" length="4" />
		<capsule pos="-1.1499999999999986,22.0,20.699999999999996" vel="0,0,0" mass="1" elasticityCoef="1" ang="90,0,0" color="0,220,0" radius="0.5" length="4" />
		<capsule pos="-1.1499999999999986,22.0,22.999999999999993" vel="0,0,0" mass="1" elasticityCoef="1" ang="90,0,0" color="0,220,0" radius="0.5" length="4" />
		<capsule pos="-1.1499999999999986,22.0,25.300000000000004" vel="0,0,0" mass="1" elasticityCoef="1" ang="90,0,0" color="0,220,0" radius="0.5" length="4" />
		<capsule pos="-1.1499999999999986,22.0,27.6" vel="0,0,0" mass="1" elasticityCoef="1" ang="90,0,0" color="0,220,0" radius="0.5" length="4" />
		<capsule pos="-1.1499999999999986,22.0,29.9" vel="0,0,0" mass="1" elasticityCoef="1" ang="90,0,0" color="0,220,0" radius="0.5" length="4" />
		<capsule pos="-1.1499999999999986,22.0,32.199999999999996" vel="0,0,0" mass="1" elasticityCoef="1" ang="90,0,0" color="0,220,0" radius="0.5" length="4" />
		<capsule pos="-1.1499999999999986,22.0,34.49999999999999" vel="0,0,0" mass="1" elasticityCoef="1" ang="90,0,0" color="0,220,0" radius="0.5" length="4" />
		<capsule pos="-1.1499999999999986,22.0,36.800000000000004" vel="0,0,0" mass="1" elasticityCoef="1" ang="90,0,0" color="0,220,0" radius="0.5" length="4" />
		<capsule pos="-1.1499999999999986,22.0,39.1" vel="0,0,0" mass="1" elasticityCoef="1" ang="90,0,0" color="0,220,0" radius="0.5" length="4" />
		<capsule pos="-1.1499999999999986,22.0,41.4" vel="0,0,0" mass="1" elasticityCoef="1" ang="90,0,0" color="0,220,0" radius="0.5" length="4" />
		<capsule pos="-1.1499999999999986,27.5,-43.699999999999996" vel="0,0,0" mass="1" elasticityCoef="1" ang="90,0,0" color="0,220,0" radius="0.5" length="4" />
		<capsule pos="-1.1499999999999986,27.5,-41.4" vel="0,0,0" mass="1" elasticityCoef="1" ang="90,0,0" color="0,220,0" radius="0.5" length="4" />
		<capsule pos="-1.1499999999999986,27.5,-39.099999999999994" vel="0,0,0" mass="1" elasticityCoef="1" ang="90,0,0" color="0,220,0" radius="0.5" length="4" />
		<capsule pos="-1.1499999999999986,27.5,-36.8" vel="0,0,0" mass="1" elasticityCoef="1" ang="90,0,0" color="0,220,0" radius="0.5" length="4" />
		<capsule pos="-1.1499999999999986,27.5,-34.5" vel="0,0,0" mass="1" elasticityCoef="1" ang="90,0,0" color="0,220,0" radius="0.5" length="4" />
		<capsule pos="-1.1499999999999986,27.5,-32.199999999999996" vel="0,0,0" mass="1" elasticityCoef="1" ang="90,0,0" color="0,220,0" radius="0.5" length="4" />
		<capsule pos="-1.1499999999999986,27.5,-29.9" vel="0,0,0" mass="1" elasticityCoef="1" ang="90,0,0" color="0,220,0" radius="0.5" length="4" />
		<capsule pos="-1.1499999999999986,27.5,-27.599999999999998" vel="0,0,0" mass="1" elasticityCoef="1" ang="90,0,0" color="0,220,0" radius="0.5" length="4" />
		<capsule pos="-1.1499999999999986,27.5,-25.299999999999997" vel="0,0,0" mass="1" elasticityCoef="1" ang="90,0,0" color="0,220,0" radius="0.5" length="4" />
		<capsule pos="-1.1499999999999986,27.5,-22.999999999999996" vel="0,0,0" mass="1" elasticityCoef="1" ang="90,0,0" color="0,220,0" radius="0.5" length="4" />
		<capsule pos="-1.1499999999999986,27.5,-20.699999999999996" vel="0,0,0" mass="1" elasticityCoef="1" ang="90,0,0" color="0,220,0" radius="0.5" length="4" />
		<capsule pos="-1.1499999999999986,27.5,-18.4" vel="0,0,0" mass="1" elasticityCoef="1" ang="90,0,0" color="0,220,0" radius="0.5" length="4" />
		<capsule pos="-1.1499999999999986,27.5,-16.099999999999998" vel="0,0,0" mass="1" elasticityCoef="1" ang="90,0,0" color="0,220,0" radius="0.5" length="4" />
		<capsule pos="-1.1499999999999986,27.5,-13.799999999999997" vel="0,0,0" mass="1" elasticityCoef="1" ang="90,0,0" color="0,220,0" radius="0.5" length="4" />
		<capsule pos="-1.1499999999999986,27.5,-11.5" vel="0,0,0" mass="1" elasticityCoef="1" ang="90,0,0" color="0,220,0" radius="0.5" length="4" />
		<capsule pos="-1.1499999999999986,27.5,-9.199999999999996" vel="0,0,0" mass="1" elasticityCoef="1" ang="90,0,0" color="0,220,0" radius="0.5" length="4" />
		<capsule pos="-1.1499999999999986,27.5,-6.899999999999999" vel="0,0,0" mass="1" elasticityCoef="1" ang="90,0,0" color="0,220,0" radius="0.5" length="4" />
		<capsule pos="-1.1499999999999986,27.5,-4.600000000000001" vel="0,0,0" mass="1" elasticityCoef="1" ang="90,0,0" color="0,220,0" radius="0.5" length="4" />
		<capsule pos="-1.1499999999999986,27.5,-2.299999999999997" vel="0,0,0" mass="1" elasticityCoef="1" ang="90,0,0" color="0,220,0" radius="0.5" length="4" />
		<capsule pos="-1.1499999999999986,27.5,0.0" vel="0,0,0" mass="1" elasticityCoef="1" ang="90,0,0" color="0,220,0" radius="0.5" length="4" />
		<capsule pos="-1.1499999999999986,27.5,2.3000000000000043" vel="0,0,0" mass="1" elasticityCoef="1" ang="90,0,0" color="0,220,0" radius="0.5" length="4" />
		<capsule pos="-1.1499999999999986,27.5,4.600000000000001" vel="0,0,0" mass="1" elasticityCoef="1" ang="90,0,0" color="0,220,0" radius="0.5" length="4" />
		<capsule pos="-1.1499999999999986,27.5,6.899999999999999" vel="0,0,0" mass="1" elasticityCoef="1" ang="90,0,0" color="0,220,0" radius="0.5" length="4" />
		<capsule pos="-1.1499999999999986,27.5,9.200000000000003" vel="0,0,0" mass="1" elasticityCoef="1" ang="90,0,0" color="0,220,0" radius="0.5" length="4" />
		<capsule pos="-1.1499999999999986,27.5,11.5" vel="0,0,0" mass="1" elasticityCoef="1" ang="90,0,0" color="0,220,0" radius="0.5" length="4" />
		<capsule pos="-1.1499999999999986,27.5,13.799999999999997" vel="0,0,0" mass="1" elasticityCoef="1" ang="90,0,0" color="0,220,0" radius="0.5" length="4" />
		<capsule pos="-1.1499999999999986,27.5,16.1" vel="0,0,0" mass="1" elasticityCoef="1" ang="90,0,0" color="0,220,0" radius="0.5" length="4" />
		<capsule pos="-1.1499999999999986,27.5,18.4" vel="0,0,0" mass="1" elasticityCoef="1" ang="90,0,0" color="0,220,0" radius="0.5" length="4" />
		<capsule pos="-1.1499999999999986,27.5,20.699999999999996" vel="0,0,0" mass="1" elasticityCoef="1" ang="90,0,0" color="0,220,0" radius="0.5" length="4" />
		<capsule pos="-1.1499999999999986,27.5,22.999999999999993" vel="0,0,0" mass="1" elasticityCoef="1" ang="90,0,0" color="0,220,0" radius="0.5" length="4" />
		<capsule pos="-1.1499999999999986,27.5,25.300000000000004" vel="0,0,0" mass="1" elasticityCoef="1" ang="90,0,0" color="0,220,0" radius="0.5" length="4" />
		<capsule pos="-1.1499999999999986,27.5,27.6" vel="0,0,0" mass="1" elasticityCoef="1" ang="90,0,0" color="0,220,0" radius="0.5" length="4" />
		<capsule pos="-1.1499999999999986,27.5,29.9" vel="0,0,0" mass="1" elasticityCoef="1" ang="90,0,0" color="0,220,0" radius="0.5" length="4" />
		<capsule pos="-1.1499999999999986,27.5,32.199999999999996" vel="0,0,0" mass="1" elasticityCoef="1" ang="90,0,0" color="0,220,0" radius="0.5" length="4" />
		<capsule pos="-1.1499999999999986,27.5,34.49999999999999" vel="0,0,0" mass="1" elasticityCoef="1" ang="90,0,0" color="0,220,0" radius="0.5" length="4" />
		<capsule pos="-1.1499999999999986,27.5,36.800000000000004" vel="0,0,0" mass="1" elasticityCoef="1" ang="90,0,0" color="0,220,0" radius="0.5" length="4" />
		<capsule pos="-1.1499999999999986,27.5,39.1" vel="0,0,0" mass="1" elasticityCoef="1" ang="90,0,0" color="0,220,0" radius="0.5" length="4" />
		<capsule pos="-1.1499999999999986,27.5,41.4" vel="0,0,0" mass="1" elasticityCoef="1" ang="90,0,0" color="0,220,0" radius="0.5" length="4" />
		<capsule pos="-1.1499999999999986,33.0,-43.699999999999996" vel="0,0,0" mass="1" elasticityCoef="1" ang="90,0,0" color="0,220,0" radius="0.5" length="4" />
		<capsule pos="-1.1499999999999986,33.0,-41.4" vel="0,0,0" mass="1" elasticityCoef="1" ang="90,0,0" color="0,220,0" radius="0.5" length="4" />
		<capsule pos="-1.1499999999999986,33.0,-39.099999999999994" vel="0,0,0" mass="1" elasticityCoef="1" ang="90,0,0" color="0,220,0" radius="0.5" length="4" />
		<capsule pos="-1.1499999999999986,33.0,-36.8" vel="0,0,0" mass="1" elasticityCoef="1" ang="90,0,0" color="0,220,0" radius="0.5" length="4" />
		<capsule pos="-1.1499999999999986,33.0,-34.5" vel="0,0,0" mass="1" elasticityCoef="1" ang="90,0,0" color="0,220,0" radius="0.5" length="4" />
		<capsule pos="-1.1499999999999986,33.0,-32.199999999999996" vel="0,0,0" mass="1" elasticityCoef="1" ang="90,0,0" color="0,220,0" radius="0.5" length="4" />
		<capsule pos="-1.1499999999999986,33.0,-29.9" vel="0,0,0" mass="1" elasticityCoef="1" ang="90,0,0" color="0,220,0" radius="0.5" length="4" />
		<capsule pos="-1.1499999999999986,33.0,-27.599999999999998" vel="0,0,0" mass="1" elasticityCoef="1" ang="90,0,0" color="0,220,0" radius="0.5" length="4" />
		<capsule pos="-1.1499999999999986,33.0,-25.299999999999997" vel="0,0,0" mass="1" elasticityCoef="1" ang="90,0,0" color="0,220,0" radius="0.5" length="4" />
		<capsule pos="-1.1499999999999986,33.0,-22.999999999999996" vel="0,0,0" mass="1" elasticityCoef="1" ang="90,0,0" color="0,220,0" radius="0.5" length="4" />
		<capsule pos="-1.1499999999999986,33.0,-20.699999999999996" vel="0,0,0" mass="1" elasticityCoef="1" ang="90,0,0" color="0,220,0" radius="0.5" length="4" />
		<capsule pos="-1.1499999999999986,33.0,-18.4" vel="0,0,0" mass="1" elasticityCoef="1" ang="90,0,0" color="0,220,0" radius="0.5" length="4" />
		<capsule pos="-1.1499999999999986,33.0,-16.099999999999998" vel="0,0,0" mass="1" elasticityCoef="1" ang="90,0,0" color="0,220,0" radius="0.5" length="4" />
		<capsule pos="-1.1499999999999986,33.0,-13.799999999999997" vel="0,0,0" mass="1" elasticityCoef="1" ang="90,0,0" color="0,220,0" radius="0.5" length="4" />
		<capsule pos="-1.1499999999999986,33.0,-11.5" vel="0,0,0" mass="1" elasticityCoef="1" ang="90,0,0" color="0,220,0" radius="0.5" length="4" />
		<capsule pos="-1.1499999999999986,33.0,-9.199999999999996" vel="0,0,0" mass="1" elasticityCoef="1" ang="90,0,0" color="0,220,0" radius="0.5" length="4" />
		<capsule pos="-1.1499999999999986,33.0,-6.899999999999999" vel="0,0,0" mass="1" elasticityCoef="1" ang="90,0,0" color="0,220,0" radius="0.5" length="4" />
		<capsule pos="-1.1499999999999986,33.0,-4.600000000000001" vel="0,0,0" mass="1" elasticityCoef="1" ang="90,0,0" color="0,220,0" radius="0.5" length="4" />
		<capsule pos="-1.1499999999999986,33.0,-2.299999999999997" vel="0,0,0" mass="1" elasticityCoef="1" ang="90,0,0" color="0,220,0" radius="0.5" length="4" />
		<capsule pos="-1.1499999999999986,33.0,0.0" vel="0,0,0" mass="1" elasticityCoef="1" ang="90,0,0" color="0,220,0" radius="0.5" length="4" />
		<capsule pos="-1.1499999999999986,33.0,2.3000000000000043" vel="0,0,0" mass="1" elasticityCoef="1" ang="90,0,0" color="0,220,0" radius="0.5" length="4" />
		<capsule pos="-1.1499999999999986,33.0,4.600000000000001" vel="0,0,0" mass="1" elasticityCoef="1" ang="90,0,0" color="0,220,0" radius="0.5" length="4" />
		<capsule pos="-1.1499999999999986,33.0,6.899999999999999" vel="0,0,0" mass="1" elasticityCoef="1" ang="90,0,0" color="0,220,0" radius="0.5" length="4" />
		<capsule pos="-1.1499999999999986,33.0,9.200000000000003" vel="0,0,0" mass="1" elasticityCoef="1" ang="90,0,0" color="0,220,0" radius="0.5" length="4" />
		<capsule pos="-1.1499999999999986,33.0,11.5" vel="0,0,0" mass="1" elasticityCoef="1" ang="90,0,0" color="0,220,0" radius="0.5" length="4" />
		<capsule pos="-1.1499999999999986,33.0,13.799999999999997" vel="0,0,0" mass="1" elasticityCoef="1" ang="90,0,0" color="0,220,0" radius="0.5" length="4" />
		<capsule pos="-1.1499999999999986,33.0,16.1" vel="0,0,0" mass="1" elasticityCoef="1" ang="90,0,0" color="0,220,0" radius="0.5" length="4" />
		<capsule pos="-1.1499999999999986,33.0,18.4" vel="0,0,0" mass="1" elasticityCoef="1" ang="90,0,0" color="0,220,0" radius="0.5" length="4" />
		<capsule pos="-1.1499999999999986,33.0,20.699999999999996" vel="0,0,0" mass="1" elasticityCoef="1" ang="90,0,0" color="0,220,0" radius="0.5" length="4" />
		<capsule pos="-1.1499999999999986,33.0,22.999999999999993" vel="0,0,0" mass="1" elasticityCoef="1" ang="90,0,0" color="0,220,0" radius="0.5" length="4" />
		<capsule pos="-1.1499999999999986,33.0,25.300000000000004" vel="0,0,0" mass="1" elasticityCoef="1" ang="90,0,0" color="0,220,0" radius="0.5" length="4" />
		<capsule pos="-1.1499999999999986,33.0,27.6" vel="0,0,0" mass="1" elasticityCoef="1" ang="90,0,0" color="0,220,0" radius="0.5" length="4" />
		<capsule pos="-1.1499999999999986,33.0,29.9" vel="0,0,0" mass="1" elasticityCoef="1" ang="90,0,0" color="0,220,0" radius="0.5" length="4" />
		<capsule pos="-1.1499999999999986,33.0,32.199999999999996" vel="0,0,0" mass="1" elasticityCoef="1" ang="90,0,0" color="0,220,0" radius="0.5" length="4" />
		<capsule pos="-1.1499999999999986,33.0,34.49999999999999" vel="0,0,0" mass="1" elasticityCoef="1" ang="90,0,0" color="0,220,0" radius="0.5" length="4" />
		<capsule pos="-1.1499999999999986,33.0,36.800000000000004" vel="0,0,0" mass="1" elasticityCoef="1" ang="90,0,0" color="0,220,0" radius="0.5" length="4" />
		<capsule pos="-1.1499999999999986,33.0,39.1" vel="0,0,0" mass="1" elasticityCoef="1" ang="90,0,0" color="0,220,0" radius="0.5" length="4" />
		<capsule pos="-1.1499999999999986,33.0,41.4" vel="0,0,0" mass="1" elasticityCoef="1" ang="90,0,0" color="0,220,0" radius="0.5" length="4" />
		<capsule pos="-1.1499999999999986,38.5,-43.699999999999996" vel="0,0,0" mass="1" elasticityCoef="1" ang="90,0,0" color="0,220,0" radius="0.5" length="4" />
		<capsule pos="-1.1499999999999986,38.5,-41.4" vel="0,0,0" mass="1" elasticityCoef="1" ang="90,0,0" color="0,220,0" radius="0.5" length="4" />
		<capsule pos="-1.1499999999999986,38.5,-39.099999999999994" vel="0,0,0" mass="1" elasticityCoef="1" ang="90,0,0" color="0,220,0" radius="0.5" length="4" />
		<capsule pos="-1.1499999999999986,38.5,-36.8" vel="0,0,0" mass="1" elasticityCoef="1" ang="90,0,0" color="0,220,0" radius="0.5" length="4" />
		<capsule pos="-1.1499999999999986,38.5,-34.5" vel="0,0,0" mass="1" elasticityCoef="1" ang="90,0,0" color="0,220,0" radius="0.5" length="4" />
		<capsule pos="-1.1499999999999986,38.5,-32.199999999999996" vel="0,0,0" mass="1" elasticityCoef="1" ang="90,0,0" color="0,220,0" radius="0.5" length="4" />
		<capsule pos="-1.1499999999999986,38.5,-29.9" vel="0,0,0" mass="1" elasticityCoef="1" ang="90,0,0" color="0,220,0" radius="0.5" length="4" />
		<capsule pos="-1.1499999999999986,38.5,-27.599999999999998" vel="0,0,0" mass="1" elasticityCoef="1" ang="90,0,0" color="0,220,0" radius="0.5" length="4" />
		<capsule pos="-1.1499999999999986,38.5,-25.299999999999997" vel="0,0,0" mass="1" elasticityCoef="1" ang="90,0,0" color="0,220,0" radius="0.5" length="4" />
		<capsule pos="-1.1499999999999986,38.5,-22.999999999999996" vel="0,0,0" mass="1" elasticityCoef="1" ang="90,0,0" color="0,220,0" radius="0.5" length="4" />
		<capsule pos="-1.1499999999999986,38.5,-20.699999999999996" vel="0,0,0" mass="1" elasticityCoef="1" ang="90,0,0" color="0,220,0" radius="0.5" length="4" />
		<capsule pos="-1.1499999999999986,38.5,-18.4" vel="0,0,0" mass="1" elasticityCoef="1" ang="90,0,0" color="0,220,0" radius="0.5" length="4" />
		<capsule pos="-1.1499999999999986,38.5,-16.099999999999998" vel="0,0,0" mass="1" elasticityCoef="1" ang="90,0,0" color="0,220,0" radius="0.5" length="4" />
		<capsule pos="-1.1499999999999986,38.5,-13.799999999999997" vel="0,0,0" mass="1" elasticityCoef="1" ang="90,0,0" color="0,220,0" radius="0.5" length="4" />
		<capsule pos="-1.1499999999999986,38.5,-11.5" vel="0,0,0" mass="1" elasticityCoef="1" ang="90,0,0" color="0,220,0" radius="0.5" length="4" />
		<capsule pos="-1.1499999999999986,38.5,-9.199999999999996" vel="0,0,0" mass="1" elasticityCoef="1" ang="90,0,0" color="0,220,0" radius="0.5" length="4" />
		<capsule pos="-1.1499999999999986,38.5,-6.899999999999999" vel="0,0,0" mass="1" elasticityCoef="1" ang="90,0,0" color="0,220,0" radius="0.5" length="4" />
		<capsule pos="-1.1499999999999986,38.5,-4.600000000000001" vel="0,0,0" mass="1" elasticityCoef="1" ang="90,0,0" color="0,220,0" radius="0.5" length="4" />
		<capsule pos="-1.1499999999999986,38.5,-2.299999999999997" vel="0,0,0" mass="1" elasticityCoef="1" ang="90,0,0" color="0,220,0" radius="0.5" length="4" />
		<capsule pos="-1.1499999999999986,38.5,0.0" vel="0,0,0" mass="1" elasticityCoef="1" ang="90,0,0" color="0,220,0" radius="0.5" length="4" />
		<capsule pos="-1.1499999999999986,38.5,2.3000000000000043" vel="0,0,0" mass="1" elasticityCoef="1" ang="90,0,0" color="0,220,0" radius="0.5" length="4" />
		<capsule pos="-1.1499999999999986,38.5,4.600000000000001" vel="0,0,0" mass="1" elasticityCoef="1" ang="90,0,0" color="0,220,0" radius="0.5" length="4" />
		<capsule pos="-1.1499999999999986,38.5,6.899999999999999" vel="0,0,0" mass="1" elasticityCoef="1" ang="90,0,0" color="0,220,0" radius="0.5" length="4" />
		<capsule pos="-1.1499999999999986,38.5,9.200000000000003" vel="0,0,0" mass="1" elasticityCoef="1" ang="90,0,0" color="0,220,0" radius="0.5" length="4" />
		<capsule pos="-1.1499999999999986,38.5,11.5" vel="0,0,0" mass="1" elasticityCoef="1" ang="90,0,0" color="0,220,0" radius="0.5" length="4" />
		<capsule pos="-1.1499999999999986,38.5,13.799999999999997" vel="0,0,0" mass="1" elasticityCoef="1" ang="90,0,0" color="0,220,0" radius="0.5" length="4" />
		<capsule pos="-1.1499999999999986,38.5,16.1" vel="0,0,0" mass="1" elasticityCoef="1" ang="90,0,0" color="0,220,0" radius="0.5" length="4" />
		<capsule pos="-1.1499999999999986,38.5,18.4" vel="0,0,0" mass="1" elasticityCoef="1" ang="90,0,0" color="0,220,0" radius="0.5" length="4" />
		<capsule pos="-1.1499999999999986,38.5,20.699999999999996" vel="0,0,0" mass="1" elasticityCoef="1" ang="90,0,0" color="0,220,0" radius="0.5" length="4" />
		<capsule pos="-1.1499999999999986,38.5,22.999999999999993" vel="0,0,0" mass="1" elasticityCoef="1" ang="90,0,0" color="0,220,0" radius="0.5" length="4" />
		<capsule pos="-1.1499999999999986,38.5,25.300000000000004" vel="0,0,0" mass="1" elasticityCoef="1" ang="90,0,0" color="0,220,0" radius="0.5" length="4" />
		<capsule pos="-1.1499999999999986,38.5,27.6" vel="0,0,0" mass="1" elasticityCoef="1" ang="90,0,0" color="0,220,0" radius="0.5" length="4" />
		<capsule pos="-1.1499999999999986,38.5,29.9" vel="0,0,0" mass="1" elasticityCoef="1" ang="90,0,0" color="0,220,0" radius="0.5" length="4" />
		<capsule pos="-1.1499999999999986,38.5,32.199999999999996" vel="0,0,0" mass="1" elasticityCoef="1" ang="90,0,0" color="0,220,0" radius="0.5" length="4" />
		<capsule pos="-1.1499999999999986,38.5,34.49999999999999" vel="0,0,0" mass="1" elasticityCoef="1" ang="90,0,0" color="0,220,0" radius="0.5" length="4" />
		<capsule pos="-1.1499999999999986,38.5,36.800000000000004" vel="0,0,0" mass="1" elasticityCoef="1" ang="90,0,0" color="0,220,0" radius="0.5" length="4" />
		<capsule pos="-1.1499999999999986,38.5,39.1" vel="0,0,0" mass="1" elasticityCoef="1" ang="90,0,0" color="0,220,0" radius="0.5" length="4" />
		<capsule pos="-1.1499999999999986,38.5,41.4" vel="0,0,0" mass="1" elasticityCoef="1" ang="90,0,0" color="0,220,0" radius="0.5" length="4" />
		<capsule pos="-1.1499999999999986,44.0,-43.699999999999996" vel="0,0,0" mass="1" elasticityCoef="1" ang="90,0,0" color="0,220,0" radius="0.5" length="4" />
		<capsule pos="-1.1499999999999986,44.0,-41.4" vel="0,0,0" mass="1" elasticityCoef="1" ang="90,0,0" color="0,220,0" radius="0.5" length="4" />
		<capsule pos="-1.1499999999999986,44.0,-39.099999999999994" vel="0,0,0" mass="1" elasticityCoef="1" ang="90,0,0" color="0,220,0" radius="0.5" length="4" />
		<capsule pos="-1.1499999999999986,44.0,-36.8" vel="0,0,0" mass="1" elasticityCoef="1" ang="90,0,0" color="0,220,0" radius="0.5" length="4" />
		<capsule pos="-1.1499999999999986,44.0,-34.5" vel="0,0,0" mass="1" elasticityCoef="1" ang="90,0,0" color="0,220,0" radius="0.5" length="4" />
		<capsule pos="-1.1499999999999986,44.0,-32.199999999999996" vel="0,0,0" mass="1" elasticityCoef="1" ang="90,0,0" color="0,220,0" radius="0.5" length="4" />
		<capsule pos="-1.1499999999999986,44.0,-29.9" vel="0,0,0" mass="1" elasticityCoef="1" ang="90,0,0" color="0,220,0" radius="0.5" length="4" />
		<capsule pos="-1.1499999999999986,44.0,-27.599999999999998" vel="0,0,0" mass="1" elasticityCoef="1" ang="90,0,0" color="0,220,0" radius="0.5" length="4" />
		<capsule pos="-1.1499999999999986,44.0,-25.299999999999997" vel="0,0,0" mass="1" elasticityCoef="1" ang="90,0,0" color="0,220,0" radius="0.5" length="4" />
		<capsule pos="-1.1499999999999986,44.0,-22.999999999999996" vel="0,0,0" mass="1" elasticityCoef="1" ang="90,0,0" color="0,220,0" radius="0.5" length="4" />
		<capsule pos="-1.1499999999999986,44.0,-20.699999999999996" vel="0,0,0" mass="1" elasticityCoef="1" ang="90,0,0" color="0,220,0" radius="0.5" length="4" />
		<capsule pos="-1.1499999999999986,44.0,-18.4" vel="0,0,0" mass="1" elasticityCoef="1" ang="90,0,0" color="0,220,0" radius="0.5" length="4" />
		<capsule pos="-1.1499999999999986,44.0,-16.099999999999998" vel="0,0,0" mass="1" elasticityCoef="1" ang="90,0,0" color="0,220,0" radius="0.5" length="4" />
		<capsule pos="-1.1499999999999986,44.0,-13.799999999999997" vel="0,0,0" mass="1" elasticityCoef="1" ang="90,0,0" color="0,220,0" radius="0.5" length="4" />
		<capsule pos="-1.1499999999999986,44.0,-11.5" vel="0,0,0" mass="1" elasticityCoef="1" ang="90,0,0" color="0,220,0" radius="0.5" length="4" />
		<capsule pos="-1.1499999999999986,44.0,-9.199999999999996" vel="0,0,0" mass="1" elasticityCoef="1" ang="90,0,0" color="0,220,0" radius="0.5" length="4" />
		<capsule pos="-1.1499999999999986,44.0,-6.899999999999999" vel="0,0,0" mass="1" elasticityCoef="1" ang="90,0,0" color="0,220,0" radius="0.5" length="4" />
		<capsule pos="-1.1499999999999986,44.0,-4.600000000000001" vel="0,0,0" mass="1" elasticityCoef="1" ang="90,0,0" color="0,220,0" radius="0.5" length="4" />
		<capsule pos="-1.1499999999999986,44.0,-2.299999999999997" vel="0,0,0" mass="1" elasticityCoef="1" ang="90,0,0" color="0,220,0" radius="0.5" length="4" />
		<capsule pos="-1.1499999999999986,44.0,0.0" vel="0,0,0" mass="1" elasticityCoef="1" ang="90,0,0" color="0,220,0" radius="0.5" length="4" />
		<capsule pos="-1.1499999999999986,44.0,2.3000000000000043" vel="0,0,0" mass="1" elasticityCoef="1" ang="90,0,0" color="0,220,0" radius="0.5" length="4" />
		<capsule pos="-1.1499999999999986,44.0,4.600000000000001" vel="0,0,0" mass="1" elasticityCoef="1" ang="90,0,0" color="0,220,0" radius="0.5" length="4" />
		<capsule pos="-1.1499999999999986,44.0,6.899999999999999" vel="0,0,0" mass="1" elasticityCoef="1" ang="90,0,0" color="0,220,0" radius="0.5" length="4" />
		<capsule pos="-1.1499999999999986,44.0,9.200000000000003" vel="0,0,0" mass="1" elasticityCoef="1" ang="90,0,0" color="0,220,0" radius="0.5" length="4" />
		<capsule pos="-1.1499999999999986,44.0,11.5" vel="0,0,0" mass="1" elasticityCoef="1" ang="90,0,0" color="0,220,0" radius="0.5" length="4" />
		<capsule pos="-1.1499999999999986,44.0,13.799999999999997" vel="0,0,0" mass="1" elasticityCoef="1" ang="90,0,0" color="0,220,0" radius="0.5" length="4" />
		<capsule pos="-1.1499999999999986,44.0,16.1" vel="0,0,0" mass="1" elasticityCoef="1" ang="90,0,0" color="0,220,0" radius="0.5" length="4" />
		<capsule pos="-1.1499999999999986,44.0,18.4" vel="0,0,0" mass="1" elasticityCoef="1" ang="90,0,0" color="0,220,0" radius="0.5" length="4" />
		<capsule pos="-1.1499999999999986,44.0,20.699999999999996" vel="0,0,0" mass="1" elasticityCoef="1" ang="90,0,0" color="0,220,0" radius="0.5" length="4" />
		<capsule pos="-1.1499999999999986,44.0,22.999999999999993" vel="0,0,0" mass="1" elasticityCoef="1" ang="90,0,0" color="0,220,0" radius="0.5" length="4" />
		<capsule pos="-1.1499999999999986,44.0,25.300000000000004" vel="0,0,0" mass="1" elasticityCoef="1" ang="90,0,0" color="0,220,0" radius="0.5" length="4" />
		<capsule pos="-1.1499999999999986,44.0,27.6" vel="0,0,0" mass="1" elasticityCoef="1" ang="90,0,0" color="0,220,0" radius="0.5" length="4" />
		<capsule pos="-1.1499999999999986,44.0,29.9" vel="0,0,0" mass="1" elasticityCoef="1" ang="90,0,0" color="0,220,0" radius="0.5" length="4" />
		<capsule pos="-1.1499999999999986,44.0,32.199999999999996" vel="0,0,0" mass="1" elasticityCoef="1" ang="90,0,0" color="0,220,0" radius="0.5" length="4" />
		<capsule pos="-1.1499999999999986,44.0,34.49999999999999" vel="0,0,0" mass="1" elasticityCoef="1" ang="90,0,0" color="0,220,0" radius="0.5" length="4" />
		<capsule pos="-1.1499999999999986,44.0,36.800000000000004" vel="0,0,0" mass="1" elasticityCoef="1" ang="90,0,0" color="0,220,0" radius="0.5" length="4" />
		<capsule pos="-1.1499999999999986,44.0,39.1" vel="0,0,0" mass="1" elasticityCoef="1" ang="90,0,0" color="0,220,0" radius="0.5" length="4" />
		<capsule pos="-1.1499999999999986,44.0,41.4" vel="0,0,0" mass="1" elasticityCoef="1" ang="90,0,0" color="0,220,0" radius="0.5" length="4" />
		<capsule pos="1.1499999999999986,-49.5,-43.699999999999996" vel="0,0,0" mass="1" elasticityCoef="1" ang="90,0,0" color="0,220,0" radius="0.5" length="4" />
		<capsule pos="1.1499999999999986,-49.5,-41.4" vel="0,0,0" mass="1" elasticityCoef="1" ang="90,0,0" color="0,220,0" radius="0.5" length="4" />
		<capsule pos="1.1499999999999986,-49.5,-39.099999999999994" vel="0,0,0" mass="1" elasticityCoef="1" ang="90,0,0" color="0,220,0" radius="0.5" length="4" />
		<capsule pos="1.1499999999999986,-49.5,-36.8" vel="0,0,0" mass="1" elasticityCoef="1" ang="90,0,0" color="0,220,0" radius="0.5" length="4" />
		<capsule pos="1.1499999999999986,-49.5,-34.5" vel="0,0,0" mass="1" elasticityCoef="1" ang="90,0,0" color="0,220,0" radius="0.5" length="4" />
		<capsule pos="1.1499999999999986,-49.5,-32.199999999999996" vel="0,0,0" mass="1" elasticityCoef="1" ang="90,0,0" color="0,220,0" radius="0.5" length="4" />
		<capsule pos="1.1499999999999986,-49.5,-29.9" vel="0,0,0" mass="1" elasticityCoef="1" ang="90,0,0" color="0,220,0" radius="0.5" length="4" />
		<capsule pos="1.1499999999999986,-49.5,-27.599999999999998" vel="0,0,0" mass="1" elasticityCoef="1" ang="90,0,0" color="0,220,0" radius="0.5" length="4" />
		<capsule pos="1.1499999999999986,-49.5,-25.299999999999997" vel="0,0,0" mass="1" elasticityCoef="1" ang="90,0,0" color="0,220,0" radius="0.5" length="4" />
		<capsule pos="1.1499999999999986,-49.5,-22.999999999999996" vel="0,0,0" mass="1" elasticityCoef="1" ang="90,0,0" color="0,220,0" radius="0.5" length="4" />
		<capsule pos="1.1499999999999986,-49.5,-20.699999999999996" vel="0,0,0" mass="1" elasticityCoef="1" ang="90,0,0" color="0,220,0" radius="0.5" length="4" />
		<capsule pos="1.1499999999999986,-49.5,-18.4" vel="0,0,0" mass="1" elasticityCoef="1" ang="90,0,0" color="0,220,0" radius="0.5" length="4" />
		<capsule pos="1.1499999999999986,-49.5,-16.099999999999998" vel="0,0,0" mass="1" elasticityCoef="1" ang="90,0,0" color="0,220,0" radius="0.5" length="4" />
		<capsule pos="1.1499999999999986,-49.5,-13.799999999999997" vel="0,0,0" mass="1" elasticityCoef="1" ang="90,0,0" color="0,220,0" radius="0.5" length="4" />
		<capsule pos="1.1499999999999986,-49.5,-11.5" vel="0,0,0" mass="1" elasticityCoef="1" ang="90,0,0" color="0,220,0" radius="0.5" length="4" />
		<capsule pos="1.1499999999999986,-49.5,-9.199999999999996" vel="0,0,0" mass="1" elasticityCoef="1" ang="90,0,0" color="0,220,0" radius="0.5" length="4" />
		<capsule pos="1.1499999999999986,-49.5,-6.899999999999999" vel="0,0,0" mass="1" elasticityCoef="1" ang="90,0,0" color="0,220,0" radius="0.5" length="4" />
		<capsule pos="1.1499999999999986,-49.5,-4.600000000000001" vel="0,0,0" mass="1" elasticityCoef="1" ang="90,0,0" color="0,220,0" radius="0.5" length="4" />
		<capsule pos="1.1499999999999986,-49.5,-2.299999999999997" vel="0,0,0" mass="1" elasticityCoef="1" ang="90,0,0" color="0,220,0" radius="0.5" length="4" />
		<capsule pos="1.1499999999999986,-49.5,0.0" vel="0,0,0" mass="1" elasticityCoef="1" ang="90,0,0" color="0,220,0" radius="0.5" length="4" />
		<capsule pos="1.1499999999999986,-49.5,2.3000000000000043" vel="0,0,0" mass="1" elasticityCoef="1" ang="90,0,0" color="0,220,0" radius="0.5" length="4" />
		<capsule pos="1.1499999999999986,-49.5,4.600000000000001" vel="0,0,0" mass="1" elasticityCoef="1" ang="90,0,0" color="0,220,0" radius="0.5" length="4" />
		<capsule pos="1.1499999999999986,-49.5,6.899999999999999" vel="0,0,0" mass="1" elasticityCoef="1" ang="90,0,0" color="0,220,0" radius="0.5" length="4" />
		<capsule pos="1.1499999999999986,-49.5,9.200000000000003" vel="0,0,0" mass="1" elasticityCoef="1" ang="90,0,0" color="0,220,0" radius="0.5" length="4" />
		<capsule pos="1.1499999999999986,-49.5,11.5" vel="0,0,0" mass="1" elasticityCoef="1" ang="90,0,0" color="0,220,0" radius="0.5" length="4" />
		<capsule pos="1.1499999999999986,-49.5,13.799999999999997" vel="0,0,0" mass="1" elasticityCoef="1" ang="90,0,0" color="0,220,0" radius="0.5" length="4" />
		<capsule pos="1.1499999999999986,-49.5,16.1" vel="0,0,0" mass="1" elasticityCoef="1" ang="90,0,0" color="0,220,0" radius="0.5" length="4" />
		<capsule pos="1.1499999999999986,-49.5,18.4" vel="0,0,0" mass="1" elasticityCoef="1" ang="90,0,0" color="0,220,0" radius="0.5" length="4" />
		<capsule pos="1.1499999999999986,-49.5,20.699999999999996" vel="0,0,0" mass="1" elasticityCoef="1" ang="90,0,0" color="0,220,0" radius="0.5" length="4" />
		<capsule pos="1.1499999999999986,-49.5,22.999999999999993" vel="0,0,0" mass="1" elasticityCoef="1" ang="90,0,0" color="0,220,0" radius="0.5" length="4" />
		<capsule pos="1.1499999999999986,-49.5,25.300000000000004" vel="0,0,0" mass="1" elasticityCoef="1" ang="90,0,0" color="0,220,0" radius="0.5" length="4" />
		<capsule pos="1.1499999999999986,-49.5,27.6" vel="0,0,0" mass="1" elasticityCoef="1" ang="90,0,0" color="0,220,0" radius="0.5" length="4" />
		<capsule pos="1.1499999999999986,-49.5,29.9" vel="0,0,0" mass="1" elasticityCoef="1" ang="90,0,0" color="0,220,0" radius="0.5" length="4" />
		<capsule pos="1.1499999999999986,-49.5,32.199999999999996" vel="0,0,0" mass="1" elasticityCoef="1" ang="90,0,0" color="0,220,0" radius="0.5" length="4" />
		<capsule pos="1.1499999999999986,-49.5,34.49999999999999" vel="0,0,0" mass="1" elasticityCoef="1" ang="90,0,0" color="0,220,0" radius="0.5" length="4" />
		<capsule pos="1.1499999999999986,-49.5,36.800000000000004" vel="0,0,0" mass="1" elasticityCoef="1" ang="90,0,0" color="0,220,0" radius="0.5" length="4" />
		<capsule pos="1.1499999999999986,-49.5,39.1" vel="0,0,0" mass="1" elasticityCoef="1" ang="90,0,0" color="0,220,0" radius="0.5" length="4" />
		<capsule pos="1.1499999999999986,-49.5,41.4" vel="0,0,0" mass="1" elasticityCoef="1" ang="90,0,0" color="0,220,0" radius="0.5" length="4" />
		<capsule pos="1.1499999999999986,-44.0,-43.699999999999996" vel="0,0,0" mass="1" elasticityCoef="1" ang="90,0,0" color="0,220,0" radius="0.5" length="4" />
		<capsule pos="1.1499999999999986,-44.0,-41.4" vel="0,0,0" mass="1" elasticityCoef="1" ang="90,0,0" color="0,220,0" radius="0.5" length="4" />
		<capsule pos="1.1499999999999986,-44.0,-39.099999999999994" vel="0,0,0" mass="1" elasticityCoef="1" ang="90,0,0" color="0,220,0" radius="0.5" length="4" />
		<capsule pos="1.1499999999999986,-44.0,-36.8" vel="0,0,0" mass="1" elasticityCoef="1" ang="90,0,0" color="0,220,0" radius="0.5" length="4" />
		<capsule pos="1.1499999999999986,-44.0,-34.5" vel="0,0,0" mass="1" elasticityCoef="1" ang="90,0,0" color="0,220,0" radius="0.5" length="4" />
		<capsule pos="1.1499999999999986,-44.0,-32.199999999999996" vel="0,0,0" mass="1" elasticityCoef="1" ang="90,0,0" color="0,220,0" radius="0.5" length="4" />
		<capsule pos="1.1499999999999986,-44.0,-29.9" vel="0,0,0" mass="1" elasticityCoef="1" ang="90,0,0" color="0,220,0" radius="0.5" length="4" />
		<capsule pos="1.1499999999999986,-44.0,-27.599999999999998" vel="0,0,0" mass="1" elasticityCoef="1" ang="90,0,0" color="0,220,0" radius="0.5" length="4" />
		<capsule pos="1.1499999999999986,-44.0,-25.299999999999997" vel="0,0,0" mass="1" elasticityCoef="1" ang="90,0,0" color="0,220,0" radius="0.5" length="4" />
		<capsule pos="1.1499999999999986,-44.0,-22.999999999999996" vel="0,0,0" mass="1" elasticityCoef="1" ang="90,0,0" color="0,220,0" radius="0.5" length="4" />
		<capsule pos="1.1499999999999986,-44.0,-20.699999999999996" vel="0,0,0" mass="1" elasticityCoef="1" ang="90,0,0" color="0,220,0" radius="0.5" length="4" />
		<capsule pos="1.1499999999999986,-44.0,-18.4" vel="0,0,0" mass="1" elasticityCoef="1" ang="90,0,0" color="0,220,0" radius="0.5" length="4" />
		<capsule pos="1.1499999999999986,-44.0,-16.099999999999998" vel="0,0,0" mass="1" elasticityCoef="1" ang="90,0,0" color="0,220,0" radius="0.5" length="4" />
		<capsule pos="1.1499999999999986,-44.0,-13.799999999999997" vel="0,0,0" mass="1" elasticityCoef="1" ang="90,0,0" color="0,220,0" radius="0.5" length="4" />
		<capsule pos="1.1499999999999986,-44.0,-11.5" vel="0,0,0" mass="1" elasticityCoef="1" ang="90,0,0" color="0,220,0" radius="0.5" length="4" />
		<capsule pos="1.1499999999999986,-44.0,-9.199999999999996" vel="0,0,0" mass="1" elasticityCoef="1" ang="90,0,0" color="0,220,0" radius="0.5" length="4" />
		<capsule pos="1.1499999999999986,-44.0,-6.899999999999999" vel="0,0,0" mass="1" elasticityCoef="1" ang="90,0,0" color="0,220,0" radius="0.5" length="4" />
		<capsule pos="1.1499999999999986,-44.0,-4.600000000000001" vel="0,0,0" mass="1" elasticityCoef="1" ang="90,0,0" color="0,220,0" radius="0.5" length="4" />
		<capsule pos="1.1499999999999986,-44.0,-2.299999999999997" vel="0,0,0" mass="1" elasticityCoef="1" ang="90,0,0" color="0,220,0" radius="0.5" length="4" />
		<capsule pos="1.1499999999999986,-44.0,0.0" vel="0,0,0" mass="1" elasticityCoef="1" ang="90,0,0" color="0,220,0" radius="0.5" length="4" />
		<capsule pos="1.1499999999999986,-44.0,2.3000000000000043" vel="0,0,0" mass="1" elasticityCoef="1" ang="90,0,0" color="0,220,0" radius="0.5" length="4" />
		<capsule pos="1.1499999999999986,-44.0,4.600000000000001" vel="0,0,0" mass="1" elasticityCoef="1" ang="90,0,0" color="0,220,0" radius="0.5" length="4" />
		<capsule pos="1.1499999999999986,-44.0,6.899999999999999" vel="0,0,0" mass="1" elasticityCoef="1" ang="90,0,0" color="0,220,0" radius="0.5" length="4" />
		<capsule pos="1.1499999999999986,-44.0,9.200000000000003" vel="0,0,0" mass="1" elasticityCoef="1" ang="90,0,0" color="0,220,0" radius="0.5" length="4" />
		<capsule pos="1.1499999999999986,-44.0,11.5" vel="0,0,0" mass="1" elasticityCoef="1" ang="90,0,0" color="0,220,0" radius="0.5" length="4" />
		<capsule pos="1.1499999999999986,-44.0,13.799999999999997" vel="0,0,0" mass="1" elasticityCoef="1" ang="90,0,0" color="0,220,0" radius="0.5" length="4" />
		<capsule pos="1.1499999999999986,-44.0,16.1" vel="0,0,0" mass="1" elasticityCoef="1" ang="90,0,0" color="0,220,0" radius="0.5" length="4" />
		<capsule pos="1.1499999999999986,-44.0,18.4" vel="0,0,0" mass="1" elasticityCoef="1" ang="90,0,0" color="0,220,0" radius="0.5" length="4" />
		<capsule pos="1.1499999999999986,-44.0,20.699999999999996" vel="0,0,0" mass="1" elasticityCoef="1" ang="90,0,0" color="0,220,0" radius="0.5" length="4" />
		<capsule pos="1.1499999999999986,-44.0,22.999999999999993" vel="0,0,0" mass="1" elasticityCoef="1" ang="90,0,0" color="0,220,0" radius="0.5" length="4" />
		<capsule pos="1.1499999999999986,-44.0,25.300000000000004" vel="0,0,0" mass="1" elasticityCoef="1" ang="90,0,0" color="0,220,0" radius="0.5" length="4" />
		<capsule pos="1.1499999999999986,-44.0,27.6" vel="0,0,0" mass="1" elasticityCoef="1" ang="90,0,0" color="0,220,0" radius="0.5" length="4" />
		<capsule pos="1.1499999999999986,-44.0,29.9" vel="0,0,0" mass="1" elasticityCoef="1" ang="90,0,0" color="0,220,0" radius="0.5" length="4" />
		<capsule pos="1.1499999999999986,-44.0,32.199999999999996" vel="0,0,0" mass="1" elasticityCoef="1" ang="90,0,0" color="0,220,0" radius="0.5" length="4" />
		<capsule pos="1.1499999999999986,-44.0,34.49999999999999" vel="0,0,0" mass="1" elasticityCoef="1" ang="90,0,0" color="0,220,0" radius="0.5" length="4" />
		<capsule pos="1.1499999999999986,-44.0,36.800000000000004" vel="0,0,0" mass="1" elasticityCoef="1" ang="90,0,0" color="0,220,0" radius="0.5" length="4" />
		<capsule pos="1.1499999999999986,-44.0,39.1" vel="0,0,0" mass="1" elasticityCoef="1" ang="90,0,0" color="0,220,0" radius="0.5" length="4" />
		<capsule pos="1.1499999999999986,-44.0,41.4" vel="0,0,0" mass="1" elasticityCoef="1" ang="90,0,0" color="0,220,0" radius="0.5" length="4" />
		<capsule pos="1.1499999999999986,-38.5,-43.699999999999996" vel="0,0,0" mass="1" elasticityCoef="1" ang="90,0,0" color="0,220,0" radius="0.5" length="4" />
		<capsule pos="1.1499999999999986,-38.5,-41.4" vel="0,0,0" mass="1" elasticityCoef="1" ang="90,0,0" color="0,220,0" radius="0.5" length="4" />
		<capsule pos="1.1499999999999986,-38.5,-39.099999999999994" vel="0,0,0" mass="1" elasticityCoef="1" ang="90,0,0" color="0,220,0" radius="0.5" length="4" />
		<capsule pos="1.1499999999999986,-38.5,-36.8" vel="0,0,0" mass="1" elasticityCoef="1" ang="90,0,0" color="0,220,0" radius="0.5" length="4" />
		<capsule pos="1.1499999999999986,-38.5,-34.5" vel="0,0,0" mass="1" elasticityCoef="1" ang="90,0,0" color="0,220,0" radius="0.5" length="4" />
		<capsule pos="1.1499999999999986,-38.5,-32.199999999999996" vel="0,0,0" mass="1" elasticityCoef="1" ang="90,0,0" color="0,220,0" radius="0.5" length="4" />
		<capsule pos="1.1499999999999986,-38.5,-29.9" vel="0,0,0" mass="1" elasticityCoef="1" ang="90,0,0" color="0,220,0" radius="0.5" length="4" />
		<capsule pos="1.1499999999999986,-38.5,-27.599999999999998" vel="0,0,0" mass="1" elasticityCoef="1" ang="90,0,0" color="0,220,0" radius="0.5" length="4" />
		<capsule pos="1.1499999999999986,-38.5,-25.299999999999997" vel="0,0,0" mass="1" elasticityCoef="1" ang="90,0,0" color="0,220,0" radius="0.5" length="4" />
		<capsule pos="1.1499999999999986,-38.5,-22.999999999999996" vel="0,0,0" mass="1" elasticityCoef="1" ang="90,0,0" color="0,220,0" radius="0.5" length="4" />
		<capsule pos="1.1499999999999986,-38.5,-20.699999999999996" vel="0,0,0" mass="1" elasticityCoef="1" ang="90,0,0" color="0,220,0" radius="0.5" length="4" />
		<capsule pos="1.1499999999999986,-38.5,-18.4" vel="0,0,0" mass="1" elasticityCoef="1" ang="90,0,0" color="0,220,0" radius="0.5" length="4" />
		<capsule pos="1.1499999999999986,-38.5,-16.099999999999998" vel="0,0,0" mass="1" elasticityCoef="1" ang="90,0,0" color="0,220,0" radius="0.5" length="4" />
		<capsule pos="1.1499999999999986,-38.5,-13.799999999999997" vel="0,0,0" mass="1" elasticityCoef="1" ang="90,0,0" color="0,220,0" radius="0.5" length="4" />
		<capsule pos="1.1499999999999986,-38.5,-11.5" vel="0,0,0" mass="1" elasticityCoef="1" ang="90,0,0" color="0,220,0" radius="0.5" length="4" />
		<capsule pos="1.1499999999999986,-38.5,-9.199999999999996" vel="0,0,0" mass="1" elasticityCoef="1" ang="90,0,0" color="0,220,0" radius="0.5" length="4" />
		<capsule pos="1.1499999999999986,-38.5,-6.899999999999999" vel="0,0,0" mass="1" elasticityCoef="1" ang="90,0,0" color="0,220,0" radius="0.5" length="4" />
		<capsule pos="1.1499999999999986,-38.5,-4.600000000000001" vel="0,0,0" mass="1" elasticityCoef="1" ang="90,0,0" color="0,220,0" radius="0.5" length="4" />
		<capsule pos="1.1499999999999986,-38.5,-2.299999999999997" vel="0,0,0" mass="1" elasticityCoef="1" ang="90,0,0" color="0,220,0" radius="0.5" length="4" />
		<capsule pos="1.1499999999999986,-38.5,0.0" vel="0,0,0" mass="1" elasticityCoef="1" ang="90,0,0" color="0,220,0" radius="0.5" length="4" />
		<capsule pos="1.1499999999999986,-38.5,2.3000000000000043" vel="0,0,0" mass="1" elasticityCoef="1" ang="90,0,0" color="0,220,0" radius="0.5" length="4" />
		<capsule pos="1.1499999999999986,-38.5,4.600000000000001" vel="0,0,0" mass="1" elasticityCoef="1" ang="90,0,0" color="0,220,0" radius="0.5" length="4" />
		<capsule pos="1.1499999999999986,-38.5,6.899999999999999" vel="0,0,0" mass="1" elasticityCoef="1" ang="90,0,0" color="0,220,0" radius="0.5" length="4" />
		<capsule pos="1.1499999999999986,-38.5,9.200000000000003" vel="0,0,0" mass="1" elasticityCoef="1" ang="90,0,0" color="0,220,0" radius="0.5" length="4" />
		<capsule pos="1.1499999999999986,-38.5,11.5" vel="0,0,0" mass="1" elasticityCoef="1" ang="90,0,0" color="0,220,0" radius="0.5" length="4" />
		<capsule pos="1.1499999999999986,-38.5,13.799999999999997" vel="0,0,0" mass="1" elasticityCoef="1" ang="90,0,0" color="0,220,0" radius="0.5" length="4" />
		<capsule pos="1.1499999999999986,-38.5,16.1" vel="0,0,0" mass="1" elasticityCoef="1" ang="90,0,0" color="0,220,0" radius="0.5" length="4" />
		<capsule pos="1.1499999999999986,-38.5,18.4" vel="0,0,0" mass="1" elasticityCoef="1" ang="90,0,0" color="0,220,0" radius="0.5" length="4" />
		<capsule pos="1.1499999999999986,-38.5,20.699999999999996" vel="0,0,0" mass="1" elasticityCoef="1" ang="90,0,0" color="0,220,0" radius="0.5" length="4" />
		<capsule pos="1.1499999999999986,-38.5,22.999999999999993" vel="0,0,0" mass="1" elasticityCoef="1" ang="90,0,0" color="0,220,0" radius="0.5" length="4" />
		<capsule pos="1.1499999999999986,-38.5,25.300000000000004" vel="0,0,0" mass="1" elasticityCoef="1" ang="90,0,0" color="0,220,0" radius="0.5" length="4" />
		<capsule pos="1.1499999999999986,-38.5,27.6" vel="0,0,0" mass="1" elasticityCoef="1" ang="90,0,0" color="0,220,0" radius="0.5" length="4" />
		<capsule pos="1.1499999999999986,-38.5,29.9" vel="0,0,0" mass="1" elasticityCoef="1" ang="90,0,0" color="0,220,0" radius="0.5" length="4" />
		<capsule pos="1.1499999999999986,-38.5,32.199999999999996" vel="0,0,0" mass="1" elasticityCoef="1" ang="90,0,0" color="0,220,0" radius="0.5" length="4" />
		<capsule pos="1.1499999999999986,-38.5,34.49999999999999" vel="0,0,0" mass="1" elasticityCoef="1" ang="90,0,0" color="0,220,0" radius="0.5" length="4" />
		<capsule pos="1.1499999999999986,-38.5,36.800000000000004" vel="0,0,0" mass="1" elasticityCoef="1" ang="90,0,0" color="0,220,0" radius="0.5" length="4" />
		<capsule pos="1.1499999999999986,-38.5,39.1" vel="0,0,0" mass="1" elasticityCoef="1" ang="90,0,0" color="0,220,0" radius="0.5" length="4" />
		<capsule pos="1.1499999999999986,-38.5,41.4" vel="0,0,0" mass="1" elasticityCoef="1" ang="90,0,0" color="0,220,0" radius="0.5" length="4" />
		<capsule pos="1.1499999999999986,-33.0,-43.699999999999996" vel="0,0,0" mass="1" elasticityCoef="1" ang="90,0,0" color="0,220,0" radius="0.5" length="4" />
		<capsule pos="1.1499999999999986,-33.0,-41.4" vel="0,0,0" mass="1" elasticityCoef="1" ang="90,0,0" color="0,220,0" radius="0.5" length="4" />
		<capsule pos="1.1499999999999986,-33.0,-39.099999999999994" vel="0,0,0" mass="1" elasticityCoef="1" ang="90,0,0" color="0,220,0" radius="0.5" length="4" />
		<capsule pos="1.1499999999999986,-33.0,-36.8" vel="0,0,0" mass="1" elasticityCoef="1" ang="90,0,0" color="0,220,0" radius="0.5" length="4" />
		<capsule pos="1.1499999999999986,-33.0,-34.5" vel="0,0,0" mass="1" elasticityCoef="1" ang="90,0,0" color="0,220,0" radius="0.5" length="4" />
		<capsule pos="1.1499999999999986,-33.0,-32.199999999999996" vel="0,0,0" mass="1" elasticityCoef="1" ang="90,0,0" color="0,220,0" radius="0.5" length="4" />
		<capsule pos="1.1499999999999986,-33.0,-29.9" vel="0,0,0" mass="1" elasticityCoef="1" ang="90,0,0" color="0,220,0" radius="0.5" length="4" />
		<capsule pos="1.1499999999999986,-33.0,-27.599999999999998" vel="0,0,0" mass="1" elasticityCoef="1" ang="90,0,0" color="0,220,0" radius="0.5" length="4" />
		<capsule pos="1.1499999999999986,-33.0,-25.299999999999997" vel="0,0,0" mass="1" elasticityCoef="1" ang="90,0,0" color="0,220,0" radius="0.5" length="4" />
		<capsule pos="1.1499999999999986,-33.0,-22.999999999999996" vel="0,0,0" mass="1" elasticityCoef="1" ang="90,0,0" color="0,220,0" radius="0.5" length="4" />
		<capsule pos="1.1499999999999986,-33.0,-20.699999999999996" vel="0,0,0" mass="1" elasticityCoef="1" ang="90,0,0" color="0,220,0" radius="0.5" length="4" />
		<capsule pos="1.1499999999999986,-33.0,-18.4" vel="0,0,0" mass="1" elasticityCoef="1" ang="90,0,0" color="0,220,0" radius="0.5" length="4" />
		<capsule pos="1.1499999999999986,-33.0,-16.099999999999998" vel="0,0,0" mass="1" elasticityCoef="1" ang="90,0,0" color="0,220,0" radius="0.5" length="4" />
		<capsule pos="1.1499999999999986,-33.0,-13.799999999999997" vel="0,0,0" mass="1" elasticityCoef="1" ang="90,0,0" color="0,220,0" radius="0.5" length="4" />
		<capsule pos="1.1499999999999986,-33.0,-11.5" vel="0,0,0" mass="1" elasticityCoef="1" ang="90,0,0" color="0,220,0" radius="0.5" length="4" />
		<capsule pos="1.1499999999999986,-33.0,-9.199999999999996" vel="0,0,0" mass="1" elasticityCoef="1" ang="90,0,0" color="0,220,0" radius="0.5" length="4" />
		<capsule pos="1.1499999999999986,-33.0,-6.899999999999999" vel="0,0,0" mass="1" elasticityCoef="1" ang="90,0,0" color="0,220,0" radius="0.5" length="4" />
		<capsule pos="1.1499999999999986,-33.0,-4.600000000000001" vel="0,0,0" mass="1" elasticityCoef="1" ang="90,0,0" color="0,220,0" radius="0.5" length="4" />
		<capsule pos="1.1499999999999986,-33.0,-2.299999999999997" vel="0,0,0" mass="1" elasticityCoef="1" ang="90,0,0" color="0,220,0" radius="0.5" length="4" />
		<capsule pos="1.1499999999999986,-33.0,0.0" vel="0,0,0" mass="1" elasticityCoef="1" ang="90,0,0" color="0,220,0" radius="0.5" length="4" />
		<capsule pos="1.1499999999999986,-33.0,2.3000000000000043" vel="0,0,0" mass="1" elasticityCoef="1" ang="90,0,0" color="0,220,0" radius="0.5" length="4" />
		<capsule pos="1.1499999999999986,-33.0,4.600000000000001" vel="0,0,0" mass="1" elasticityCoef="1" ang="90,0,0" color="0,220,0" radius="0.5" length="4" />
		<capsule pos="1.1499999999999986,-33.0,6.899999999999999" vel="0,0,0" mass="1" elasticityCoef="1" ang="90,0,0" color="0,220,0" radius="0.5" length="4" />
		<capsule pos="1.1499999999999986,-33.0,9.200000000000003" vel="0,0,0" mass="1" elasticityCoef="1" ang="90,0,0" color="0,220,0" radius="0.5" length="4" />
		<capsule pos="1.1499999999999986,-33.0,11.5" vel="0,0,0" mass="1" elasticityCoef="1" ang="90,0,0" color="0,220,0" radius="0.5" length="4" />
		<capsule pos="1.1499999999999986,-33.0,13.799999999999997" vel="0,0,0" mass="1" elasticityCoef="1" ang="90,0,0" color="0,220,0" radius="0.5" length="4" />
		<capsule pos="1.1499999999999986,-33.0,16.1" vel="0,0,0" mass="1" elasticityCoef="1" ang="90,0,0" color="0,220,0" radius="0.5" length="4" />
		<capsule pos="1.1499999999999986,-33.0,18.4" vel="0,0,0" mass="1" elasticityCoef="1" ang="90,0,0" color="0,220,0" radius="0.5" length="4" />
		<capsule pos="1.1499999999999986,-33.0,20.699999999999996" vel="0,0,0" mass="1" elasticityCoef="1" ang="90,0,0" color="0,220,0" radius="0.5" length="4" />
		<capsule pos="1.1499999999999986,-33.0,22.999999999999993" vel="0,0,0" mass="1" elasticityCoef="1" ang="90,0,0" color="0,220,0" radius="0.5" length="4" />
		<capsule pos="1.1499999999999986,-33.0,25.300000000000004" vel="0,0,0" mass="1" elasticityCoef="1" ang="90,0,0" color="0,220,0" radius="0.5" length="4" />
		<capsule pos="1.1499999999999986,-33.0,27.6" vel="0,0,0" mass="1" elasticityCoef="1" ang="90,0,0" color="0,220,0" radius="0.5" length="4" />
		<capsule pos="1.1499999999999986,-33.0,29.9" vel="0,0,0" mass="1" elasticityCoef="1" ang="90,0,0" color="0,220,0" radius="0.5" length="4" />
		<capsule pos="1.1499999999999986,-33.0,32.199999999999996" vel="0,0,0" mass="1" elasticityCoef="1" ang="90,0,0" color="0,220,0" radius="0.5" length="4" />
		<capsule pos="1.1499999999999986,-33.0,34.49999999999999" vel="0,0,0" mass="1" elasticityCoef="1" ang="90,0,0" color="0,220,0" radius="0.5" length="4" />
		<capsule pos="1.1499999999999986,-33.0,36.800000000000004" vel="0,0,0" mass="1" elasticityCoef="1" ang="90,0,0" color="0,220,0" radius="0.5" length="4" />
		<capsule pos="1.1499999999999986,-33.0,39.1" vel="0,0,0" mass="1" elasticityCoef="1" ang="90,0,0" color="0,220,0" radius="0.5" length="4" />
		<capsule pos="1.1499999999999986,-33.0,41.4" vel="0,0,0" mass="1" elasticityCoef="1" ang="90,0,0" color="0,220,0" radius="0.5" length="4" />
		<capsule pos="1.1499999999999986,-27.5,-43.699999999999996" vel="0,0,0" mass="1" elasticityCoef="1" ang="90,0,0" color="0,220,0" radius="0.5" length="4" />
		<capsule pos="1.1499999999999986,-27.5,-41.4" vel="0,0,0" mass="1" elasticityCoef="1" ang="90,0,0" color="0,220,0" radius="0.5" length="4" />
		<capsule pos="1.1499999999999986,-27.5,-39.099999999999994" vel="0,0,0" mass="1" elasticityCoef="1" ang="90,0,0" color="0,220,0" radius="0.5" length="4" />
		<capsule pos="1.1499999999999986,-27.5,-36.8" vel="0,0,0" mass="1" elasticityCoef="1" ang="90,0,0" color="0,220,0" radius="0.5" length="4" />
		<capsule pos="1.1499999999999986,-27.5,-34.5" vel="0,0,0" mass="1" elasticityCoef="1" ang="90,0,0" color="0,220,0" radius="0.5" length="4" />
		<capsule pos="1.1499999999999986,-27.5,-32.199999999999996" vel="0,0,0" mass="1" elasticityCoef="1" ang="90,0,0" color="0,220,0" radius="0.5" length="4" />
		<capsule pos="1.1499999999999986,-27.5,-29.9" vel="0,0,0" mass="1" elasticityCoef="1" ang="90,0,0" color="0,220,0" radius="0.5" length="4" />
		<capsule pos="1.1499999999999986,-27.5,-27.599999999999998" vel="0,0,0" mass="1" elasticityCoef="1" ang="90,0,0" color="0,220,0" radius="0.5" length="4" />
		<capsule pos="1.1499999999999986,-27.5,-25.299999999999997" vel="0,0,0" mass="1" elasticityCoef="1" ang="90,0,0" color="0,220,0" radius="0.5" length="4" />
		<capsule pos="1.1499999999999986,-27.5,-22.999999999999996" vel="0,0,0" mass="1" elasticityCoef="1" ang="90,0,0" color="0,220,0" radius="0.5" length="4" />
		<capsule pos="1.1499999999999986,-27.5,-20.699999999999996" vel="0,0,0" mass="1" elasticityCoef="1" ang="90,0,0" color="0,220,0" radius="0.5" length="4" />
		<capsule pos="1.1499999999999986,-27.5,-18.4" vel="0,0,0" mass="1" elasticityCoef="1" ang="90,0,0" color="0,220,0" radius="0.5" length="4" />
		<capsule pos="1.1499999999999986,-27.5,-16.099999999999998" vel="0,0,0" mass="1" elasticityCoef="1" ang="90,0,0" color="0,220,0" radius="0.5" length="4" />
		<capsule pos="1.1499999999999986,-27.5,-13.799999999999997" vel="0,0,0" mass="1" elasticityCoef="1" ang="90,0,0" color="0,220,0" radius="0.5" length="4" />
		<capsule pos="1.1499999999999986,-27.5,-11.5" vel="0,0,0" mass="1" elasticityCoef="1" ang="90,0,0" color="0,220,0" radius="0.5" length="4" />
		<capsule pos="1.1499999999999986,-27.5,-9.199999999999996" vel="0,0,0" mass="1" elasticityCoef="1" ang="90,0,0" color="0,220,0" radius="0.5" length="4" />
		<capsule pos="1.1499999999999986,-27.5,-6.899999999999999" vel="0,0,0" mass="1" elasticityCoef="1" ang="90,0,0" color="0,220,0" radius="0.5" length="4" />
		<capsule pos="1.1499999999999986,-27.5,-4.600000000000001" vel="0,0,0" mass="1" elasticityCoef="1" ang="90,0,0" color="0,220,0" radius="0.5" length="4" />
		<capsule pos="1.1499999999999986,-27.5,-2.299999999999997" vel="0,0,0" mass="1" elasticityCoef="1" ang="90,0,0" color="0,220,0" radius="0.5" length="4" />
		<capsule pos="1.1499999999999986,-27.5,0.0" vel="0,0,0" mass="1" elasticityCoef="1" ang="90,0,0" color="0,220,0" radius="0.5" length="4" />
		<capsule pos="1.1499999999999986,-27.5,2.3000000000000043" vel="0,0,0" mass="1" elasticityCoef="1" ang="90,0,0" color="0,220,0" radius="0.5" length="4" />
		<capsule pos="1.1499999999999986,-27.5,4.600000000000001" vel="0,0,0" mass="1" elasticityCoef="1" ang="90,0,0" color="0,220,0" radius="0.5" length="4" />
		<capsule pos="1.1499999999999986,-27.5,6.899999999999999" vel="0,0,0" mass="1" elasticityCoef="1" ang="90,0,0" color="0,220,0" radius="0.5" length="4" />
		<capsule pos="1.1499999999999986,-27.5,9.200000000000003" vel="0,0,0" mass="1" elasticityCoef="1" ang="90,0,0" color="0,220,0" radius="0.5" length="4" />
		<capsule pos="1.1499999999999986,-27.5,11.5" vel="0,0,0" mass="1" elasticityCoef="1" ang="90,0,0" color="0,220,0" radius="0.5" length="4" />
		<capsule pos="1.1499999999999986,-27.5,13.799999999999997" vel="0,0,0" mass="1" elasticityCoef="1" ang="90,0,0" color="0,220,0" radius="0.5" length="4" />
		<capsule pos="1.1499999999999986,-27.5,16.1" vel="0,0,0" mass="1" elasticityCoef="1" ang="90,0,0" color="0,220,0" radius="0.5" length="4" />
		<capsule pos="1.1499999999999986,-27.5,18.4" vel="0,0,0" mass="1" elasticityCoef="1" ang="90,0,0" color="0,220,0" radius="0.5" length="4" />
		<capsule pos="1.1499999999999986,-27.5,20.699999999999996" vel="0,0,0" mass="1" elasticityCoef="1" ang="90,0,0" color="0,220,0" radius="0.5" length="4" />
		<capsule pos="1.1499999999999986,-27.5,22.999999999999993" vel="0,0,0" mass="1" elasticityCoef="1" ang="90,0,0" color="0,220,0" radius="0.5" length="4" />
		<capsule pos="1.1499999999999986,-27.5,25.300000000000004" vel="0,0,0" mass="1" elasticityCoef="1" ang="90,0,0" color="0,220,0" radius="0.5" length="4" />
		<capsule pos="1.1499999999999986,-27.5,27.6" vel="0,0,0" mass="1" elasticityCoef="1" ang="90,0,0" color="0,220,0" radius="0.5" length="4" />
		<capsule pos="1.1499999999999986,-27.5,29.9" vel="0,0,0" mass="1" elasticityCoef="1" ang="90,0,0" color="0,220,0" radius="0.5" length="4" />
		<capsule pos="1.1499999999999986,-27.5,32.199999999999996" vel="0,0,0" mass="1" elasticityCoef="1" ang="90,0,0" color="0,220,0" radius="0.5" length="4" />
		<capsule pos="1.1499999999999986,-27.5,34.49999999999999" vel="0,0,0" mass="1" elasticityCoef="1" ang="90,0,0" color="0,220,0" radius="0.5" length="4" />
		<capsule pos="1.1499999999999986,-27.5,36.800000000000004" vel="0,0,0" mass="1" elasticityCoef="1" ang="90,0,0" color="0,220,0" radius="0.5" length="4" />
		<capsule pos="1.1499999999999986,-27.5,39.1" vel="0,0,0" mass="1" elasticityCoef="1" ang="90,0,0" color="0,220,0" radius="0.5" length="4" />
		<capsule pos="1.1499999999999986,-27.5,41.4" vel="0,0,0" mass="1" elasticityCoef="1" ang="90,0,0" color="0,220,0" radius="0.5" length="4" />
		<capsule pos="1.1499999999999986,-22.0,-43.699999999999996" vel="0,0,0" mass="1" elasticityCoef="1" ang="90,0,0" color="0,220,0" radius="0.5" length="4" />
		<capsule pos="1.1499999999999986,-22.0,-41.4" vel="0,0,0" mass="1" elasticityCoef="1" ang="90,0,0" color="0,220,0" radius="0.5" length="4" />
		<capsule pos="1.1499999999999986,-22.0,-39.099999999999994" vel="0,0,0" mass="1" elasticityCoef="1" ang="90,0,0" color="0,220,0" radius="0.5" length="4" />
		<capsule pos="1.1499999999999986,-22.0,-36.8" vel="0,0,0" mass="1" elasticityCoef="1" ang="90,0,0" color="0,220,0" radius="0.5" length="4" />
		<capsule pos="1.1499999999999986,-22.0,-34.5" vel="0,0,0" mass="1" elasticityCoef="1" ang="90,0,0" color="0,220,0" radius="0.5" length="4" />
		<capsule pos="1.1499999999999986,-22.0,-32.199999999999996" vel="0,0,0" mass="1" elasticityCoef="1" ang="90,0,0" color="0,220,0" radius="0.5" length="4" />
		<capsule pos="1.1499999999999986,-22.0,-29.9" vel="0,0,0" mass="1" elasticityCoef="1" ang="90,0,0" color="0,220,0" radius="0.5" length="4" />
		<capsule pos="1.1499999999999986,-22.0,-27.599999999999998" vel="0,0,0" mass="1" elasticityCoef="1" ang="90,0,0" color="0,220,0" radius="0.5" length="4" />
		<capsule pos="1.1499999999999986,-22.0,-25.299999999999997" vel="0,0,0" mass="1" elasticityCoef="1" ang="90,0,0" color="0,220,0" radius="0.5" length="4" />
		<capsule pos="1.1499999999999986,-22.0,-22.999999999999996" vel="0,0,0" mass="1" elasticityCoef="1" ang="90,0,0" color="0,220,0" radius="0.5" length="4" />
		<capsule pos="1.1499999999999986,-22.0,-20.699999999999996" vel="0,0,0" mass="1" elasticityCoef="1" ang="90,0,0" color="0,220,0" radius="0.5" length="4" />
		<capsule pos="1.1499999999999986,-22.0,-18.4" vel="0,0,0" mass="1" elasticityCoef="1" ang="90,0,0" color="0,220,0" radius="0.5" length="4" />
		<capsule pos="1.1499999999999986,-22.0,-16.099999999999998" vel="0,0,0" mass="1" elasticityCoef="1" ang="90,0,0" color="0,220,0" radius="0.5" length="4" />
		<capsule pos="1.1499999999999986,-22.0,-13.799999999999997" vel="0,0,0" mass="1" elasticityCoef="1" ang="90,0,0" color="0,220,0" radius="0.5" length="4" />
		<capsule pos="1.1499999999999986,-22.0,-11.5" vel="0,0,0" mass="1" elasticityCoef="1" ang="90,0,0" color="0,220,0" radius="0.5" length="4" />
		<capsule pos="1.1499999999999986,-22.0,-9.199999999999996" vel="0,0,0" mass="1" elasticityCoef="1" ang="90,0,0" color="0,220,0" radius="0.5" length="4" />
		<capsule pos="1.1499999999999986,-22.0,-6.899999999999999" vel="0,0,0" mass="1" elasticityCoef="1" ang="90,0,0" color="0,220,0" radius="0.5" length="4" />
		<capsule pos="1.1499999999999986,-22.0,-4.600000000000001" vel="0,0,0" mass="1" elasticityCoef="1" ang="90,0,0" color="0,220,0" radius="0.5" length="4" />
		<capsule pos="1.1499999999999986,-22.0,-2.299999999999997" vel="0,0,0" mass="1" elasticityCoef="1" ang="90,0,0" color="0,220,0" radius="0.5" length="4" />
		<capsule pos="1.1499999999999986,-22.0,0.0" vel="0,0,0" mass="1" elasticityCoef="1" ang="90,0,0" color="0,220,0" radius="0.5" length="4" />
		<capsule pos="1.1499999999999986,-22.0,2.3000000000000043" vel="0,0,0" mass="1" elasticityCoef="1" ang="90,0,0" color="0,220,0" radius="0.5" length="4" />
		<capsule pos="1.1499999999999986,-22.0,4.600000000000001" vel="0,0,0" mass="1" elasticityCoef="1" ang="90,0,0" color="0,220,0" radius="0.5" length="4" />
		<capsule pos="1.1499999999999986,-22.0,6.899999999999999" vel="0,0,0" mass="1" elasticityCoef="1" ang="90,0,0" color="0,220,0" radius="0.5" length="4" />
		<capsule pos="1.1499999999999986,-22.0,9.200000000000003" vel="0,0,0" mass="1" elasticityCoef="1" ang="90,0,0" color="0,220,0" radius="0.5" length="4" />
		<capsule pos="1.1499999999999986,-22.0,11.5" vel="0,0,0" mass="1" elasticityCoef="1" ang="90,0,0" color="0,220,0" radius="0.5" length="4" />
		<capsule pos="1.1499999999999986,-22.0,13.799999999999997" vel="0,0,0" mass="1" elasticityCoef="1" ang="90,0,0" color="0,220,0" radius="0.5" length="4" />
		<capsule pos="1.1499999999999986,-22.0,16.1" vel="0,0,0" mass="1" elasticityCoef="1" ang="90,0,0" color="0,220,0" radius="0.5" length="4" />
		<capsule pos="1.1499999999999986,-22.0,18.4" vel="0,0,0" mass="1" elasticityCoef="1" ang="90,0,0" color="0,220,0" radius="0.5" length="4" />
		<capsule pos="1.1499999999999986,-22.0,20.699999999999996" vel="0,0,0" mass="1" elasticityCoef="1" ang="90,0,0" color="0,220,0" radius="0.5" length="4" />
		<capsule pos="1.1499999999999986,-22.0,22.999999999999993" vel="0,0,0" mass="1" elasticityCoef="1" ang="90,0,0" color="0,220,0" radius="0.5" length="4" />
		<capsule pos="1.1499999999999986,-22.0,25.300000000000004" vel="0,0,0" mass="1" elasticityCoef="1" ang="90,0,0" color="0,220,0" radius="0.5" length="4" />
		<capsule pos="1.1499999999999986,-22.0,27.6" vel="0,0,0" mass="1" elasticityCoef="1" ang="90,0,0" color="0,220,0" radius="0.5" length="4" />
		<capsule pos="1.1499999999999986,-22.0,29.9" vel="0,0,0" mass="1" elasticityCoef="1" ang="90,0,0" color="0,220,0" radius="0.5" length="4" />
		<capsule pos="1.1499999999999986,-22.0,32.199999999999996" vel="0,0,0" mass="1" elasticityCoef="1" ang="90,0,0" color="0,220,0" radius="0.5" length="4" />
		<capsule pos="1.1499999999999986,-22.0,34.49999999999999" vel="0,0,0" mass="1" elasticityCoef="1" ang="90,0,0" color="0,220,0" radius="0.5" length="4" />
		<capsule pos="1.1499999999999986,-22.0,36.800000000000004" vel="0,0,0" mass="1" elasticityCoef="1" ang="90,0,0" color="0,220,0" radius="0.5" length="4" />
		<capsule pos="1.1499999999999986,-22.0,39.1" vel="0,0,0" mass="1" elasticityCoef="1" ang="90,0,0" color="0,220,0" radius="0.5" length="4" />
		<capsule pos="1.1499999999999986,-22.0,41.4" vel="0,0,0" mass="1" elasticityCoef="1" ang="90,0,0" color="0,220,0" radius="0.5" length="4" />
		<capsule pos="1.1499999999999986,-16.5,-43.699999999999996" vel="0,0,0" mass="1" elasticityCoef="1" ang="90,0,0" color="0,220,0" radius="0.5" length="4" />
		<capsule pos="1.1499999999999986,-16.5,-41.4" vel="0,0,0" mass="1" elasticityCoef="1" ang="90,0,0" color="0,220,0" radius="0.5" length="4" />
		<capsule pos="1.1499999999999986,-16.5,-39.099999999999994" vel="0,0,0" mass="1" elasticityCoef="1" ang="90,0,0" color="0,220,0" radius="0.5" length="4" />
		<capsule pos="1.1499999999999986,-16.5,-36.8" vel="0,0,0" mass="1" elasticityCoef="1" ang="90,0,0" color="0,220,0" radius="0.5" length="4" />
		<capsule pos="1.1499999999999986,-16.5,-34.5" vel="0,0,0" mass="1" elasticityCoef="1" ang="90,0,0" color="0,220,0" radius="0.5" length="4" />
		<capsule pos="1.1499999999999986,-16.5,-32.199999999999996" vel="0,0,0" mass="1" elasticityCoef="1" ang="90,0,0" color="0,220,0" radius="0.5" length="4" />
		<capsule pos="1.1499999999999986,-16.5,-29.9" vel="0,0,0" mass="1" elasticityCoef="1" ang="90,0,0" color="0,220,0" radius="0.5" length="4" />
		<capsule pos="1.1499999999999986,-16.5,-27.599999999999998" vel="0,0,0" mass="1" elasticityCoef="1" ang="90,0,0" color="0,220,0" radius="0.5" length="4" />
		<capsule pos="1.1499999999999986,-16.5,-25.299999999999997" vel="0,0,0" mass="1" elasticityCoef="1" ang="90,0,0" color="0,220,0" radius="0.5" length="4" />
		<capsule pos="1.1499999999999986,-16.5,-22.999999999999996" vel="0,0,0" mass="1" elasticityCoef="1" ang="90,0,0" color="0,220,0" radius="0.5" length="4" />
		<capsule pos="1.1499999999999986,-16.5,-20.699999999999996" vel="0,0,0" mass="1" elasticityCoef="1" ang="90,0,0" color="0,220,0" radius="0.5" length="4" />
		<capsule pos="1.1499999999999986,-16.5,-18.4" vel="0,0,0" mass="1" elasticityCoef="1" ang="90,0,0" color="0,220,0" radius="0.5" length="4" />
		<capsule pos="1.1499999999999986,-16.5,-16.099999999999998" vel="0,0,0" mass="1" elasticityCoef="1" ang="90,0,0" color="0,220,0" radius="0.5" length="4" />
		<capsule pos="1.1499999999999986,-16.5,-13.799999999999997" vel="0,0,0" mass="1" elasticityCoef="1" ang="90,0,0" color="0,220,0" radius="0.5" length="4" />
		<capsule pos="1.1499999999999986,-16.5,-11.5" vel="0,0,0" mass="1" elasticityCoef="1" ang="90,0,0" color="0,220,0" radius="0.5" length="4" />
		<capsule pos="1.1499999999999986,-16.5,-9.199999999999996" vel="0,0,0" mass="1" elasticityCoef="1" ang="90,0,0" color="0,220,0" radius="0.5" length="4" />
		<capsule pos="1.1499999999999986,-16.5,-6.899999999999999" vel="0,0,0" mass="1" elasticityCoef="1" ang="90,0,0" color="0,220,0" radius="0.5" length="4" />
		<capsule pos="1.1499999999999986,-16.5,-4.600000000000001" vel="0,0,0" mass="1" elasticityCoef="1" ang="90,0,0" color="0,220,0" radius="0.5" length="4" />
		<capsule pos="1.1499999999999986,-16.5,-2.299999999999997" vel="0,0,0" mass="1" elasticityCoef="1" ang="90,0,0" color="0,220,0" radius="0.5" length="4" />
		<capsule pos="1.1499999999999986,-16.5,0.0" vel="0,0,0" mass="1" elasticityCoef="1" ang="90,0,0" color="0,220,0" radius="0.5" length="4" />
		<capsule pos="1.1499999999999986,-16.5,2.3000000000000043" vel="0,0,0" mass="1" elasticityCoef="1" ang="90,0,0" color="0,220,0" radius="0.5" length="4" />
		<capsule pos="1.1499999999999986,-16.5,4.600000000000001" vel="0,0,0" mass="1" elasticityCoef="1" ang="90,0,0" color="0,220,0" radius="0.5" length="4" />
		<capsule pos="1.1499999999999986,-16.5,6.899999999999999" vel="0,0,0" mass="1" elasticityCoef="1" ang="90,0,0" color="0,220,0" radius="0.5" length="4" />
		<capsule pos="1.1499999999999986,-16.5,9.200000000000003" vel="0,0,0" mass="1" elasticityCoef="1" ang="90,0,0" color="0,220,0" radius="0.5" length="4" />
		<capsule pos="1.1499999999999986,-16.5,11.5" vel="0,0,0" mass="1" elasticityCoef="1" ang="90,0,0" color="0,220,0" radius="0.5" length="4" />
		<capsule pos="1.1499999999999986,-16.5,13.799999999999997" vel="0,0,0" mass="1" elasticityCoef="1" ang="90,0,0" color="0,220,0" radius="0.5" length="4" />
		<capsule pos="1.1499999999999986,-16.5,16.1" vel="0,0,0" mass="1" elasticityCoef="1" ang="90,0,0" color="0,220,0" radius="0.5" length="4" />
		<capsule pos="1.1499999999999986,-16.5,18.4" vel="0,0,0" mass="1" elasticityCoef="1" ang="90,0,0" color="0,220,0" radius="0.5" length="4" />
		<capsule pos="1.1499999999999986,-16.5,20.699999999999996" vel="0,0,0" mass="1" elasticityCoef="1" ang="90,0,0" color="0,220,0" radius="0.5" length="4" />
		<capsule pos="1.1499999999999986,-16.5,22.999999999999993" vel="0,0,0" mass="1" elasticityCoef="1" ang="90,0,0" color="0,220,0" radius="0.5" length="4" />
		<capsule pos="1.1499999999999986,-16.5,25.300000000000004" vel="0,0,0" mass="1" elasticityCoef="1" ang="90,0,0" color="0,220,0" radius="0.5" length="4" />
		<capsule pos="1.1499999999999986,-16.5,27.6" vel="0,0,0" mass="1" elasticityCoef="1" ang="90,0,0" color="0,220,0" radius="0.5" length="4" />
		<capsule pos="1.1499999999999986,-16.5,29.9" vel="0,0,0" mass="1" elasticityCoef="1" ang="90,0,0" color="0,220,0" radius="0.5" length="4" />
		<capsule pos="1.1499999999999986,-16.5,32.199999999999996" vel="0,0,0" mass="1" elasticityCoef="1" ang="90,0,0" color="0,220,0" radius="0.5" length="4" />
		<capsule pos="1.1499999999999986,-16.5,34.49999999999999" vel="0,0,0" mass="1" elasticityCoef="1" ang="90,0,0" color="0,220,0" radius="0.5" length="4" />
		<capsule pos="1.1499999999999986,-16.5,36.800000000000004" vel="0,0,0" mass="1" elasticityCoef="1" ang="90,0,0" color="0,220,0" radius="0.5" length="4" />
		<capsule pos="1.1499999999999986,-16.5,39.1" vel="0,0,0" mass="1" elasticityCoef="1" ang="90,0,0" color="0,220,0" radius="0.5" length="4" />
		<capsule pos="1.1499999999999986,-16.5,41.4" vel="0,0,0" mass="1" elasticityCoef="1" ang="90,0,0" color="0,220,0" radius="0.5" length="4" />
		<capsule pos="1.1499999999999986,-11.0,-43.699999999999996" vel="0,0,0" mass="1" elasticityCoef="1" ang="90,0,0" color="0,220,0" radius="0.5" length="4" />
		<capsule pos="1.1499999999999986,-11.0,-41.4" vel="0,0,0" mass="1" elasticityCoef="1" ang="90,0,0" color="0,220,0" radius="0.5" length="4" />
		<capsule pos="1.1499999999999986,-11.0,-39.099999999999994" vel="0,0,0" mass="1" elasticityCoef="1" ang="90,0,0" color="0,220,0" radius="0.5" length="4" />
		<capsule pos="1.1499999999999986,-11.0,-36.8" vel="0,0,0" mass="1" elasticityCoef="1" ang="90,0,0" color="0,220,0" radius="0.5" length="4" />
		<capsule pos="1.1499999999999986,-11.0,-34.5" vel="0,0,0" mass="1" elasticityCoef="1" ang="90,0,0" color="0,220,0" radius="0.5" length="4" />
		<capsule pos="1.1499999999999986,-11.0,-32.199999999999996" vel="0,0,0" mass="1" elasticityCoef="1" ang="90,0,0" color="0,220,0" radius="0.5" length="4" />
		<capsule pos="1.1499999999999986,-11.0,-29.9" vel="0,0,0" mass="1" elasticityCoef="1" ang="90,0,0" color="0,220,0" radius="0.5" length="4" />
		<capsule pos="1.1499999999999986,-11.0,-27.599999999999998" vel="0,0,0" mass="1" elasticityCoef="1" ang="90,0,0" color="0,220,0" radius="0.5" length="4" />
		<capsule pos="1.1499999999999986,-11.0,-25.299999999999997" vel="0,0,0" mass="1" elasticityCoef="1" ang="90,0,0" color="0,220,0" radius="0.5" length="4" />
		<capsule pos="1.1499999999999986,-11.0,-22.999999999999996" vel="0,0,0" mass="1" elasticityCoef="1" ang="90,0,0" color="0,220,0" radius="0.5" length="4" />
		<capsule pos="1.1499999999999986,-11.0,-20.699999999999996" vel="0,0,0" mass="1" elasticityCoef="1" ang="90,0,0" color="0,220,0" radius="0.5" length="4" />
		<capsule pos="1.1499999999999986,-11.0,-18.4" vel="0,0,0" mass="1" elasticityCoef="1" ang="90,0,0" color="0,220,0" radius="0.5" length="4" />
		<capsule pos="1.1499999999999986,-11.0,-16.099999999999998" vel="0,0,0" mass="1" elasticityCoef="1" ang="90,0,0" color="0,220,0" radius="0.5" length="4" />
		<capsule pos="1.1499999999999986,-11.0,-13.799999999999997" vel="0,0,0" mass="1" elasticityCoef="1" ang="90,0,0" color="0,220,0" radius="0.5" length="4" />
		<capsule pos="1.1499999999999986,-11.0,-11.5" vel="0,0,0" mass="1" elasticityCoef="1" ang="90,0,0" color="0,220,0" radius="0.5" length="4" />
		<capsule pos="1.1499999999999986,-11.0,-9.199999999999996" vel="0,0,0" mass="1" elasticityCoef="1" ang="90,0,0" color="0,220,0" radius="0.5" length="4" />
		<capsule pos="1.1499999999999986,-11.0,-6.899999999999999" vel="0,0,0" mass="1" elasticityCoef="1" ang="90,0,0" color="0,220,0" radius="0.5" length="4" />
		<capsule pos="1.1499999999999986,-11.0,-4.600000000000001" vel="0,0,0" mass="1" elasticityCoef="1" ang="90,0,0" color="0,220,0" radius="0.5" length="4" />
		<capsule pos="1.1499999999999986,-11.0,-2.299999999999997" vel="0,0,0" mass="1" elasticityCoef="1" ang="90,0,0" color="0,220,0" radius="0.5" length="4" />
		<capsule pos="1.1499999999999986,-11.0,0.0" vel="0,0,0" mass="1" elasticityCoef="1" ang="90,0,0" color="0,220,0" radius="0.5" length="4" />
		<capsule pos="1.1499999999999986,-11.0,2.3000000000000043" vel="0,0,0" mass="1" elasticityCoef="1" ang="90,0,0" color="0,220,0" radius="0.5" length="4" />
		<capsule pos="1.1499999999999986,-11.0,4.600000000000001" vel="0,0,0" mass="1" elasticityCoef="1" ang="90,0,0" color="0,220,0" radius="0.5" length="4" />
		<capsule pos="1.1499999999999986,-11.0,6.899999999999999" vel="0,0,0" mass="1" elasticityCoef="1" ang="90,0,0" color="0,220,0" radius="0.5" length="4" />
		<capsule pos="1.1499999999999986,-11.0,9.200000000000003" vel="0,0,0" mass="1" elasticityCoef="1" ang="90,0,0" color="0,220,0" radius="0.5" length="4" />
		<capsule pos="1.1499999999999986,-11.0,11.5" vel="0,0,0" mass="1" elasticityCoef="1" ang="90,0,0" color="0,220,0" radius="0.5" length="4" />
		<capsule pos="1.1499999999999986,-11.0,13.799999999999997" vel="0,0,0" mass="1" elasticityCoef="1" ang="90,0,0" color="0,220,0" radius="0.5" length="4" />
		<capsule pos="1.1499999999999986,-11.0,16.1" vel="0,0,0" mass="1" elasticityCoef="1" ang="90,0,0" color="0,220,0" radius="0.5" length="4" />
		<capsule pos="1.1499999999999986,-11.0,18.4" vel="0,0,0" mass="1" elasticityCoef="1" ang="90,0,0" color="0,220,0" radius="0.5" length="4" />
		<capsule pos="1.1499999999999986,-11.0,20.699999999999996" vel="0,0,0" mass="1" elasticityCoef="1" ang="90,0,0" color="0,220,0" radius="0.5" length="4" />
		<capsule pos="1.1499999999999986,-11.0,22.999999999999993" vel="0,0,0" mass="1" elasticityCoef="1" ang="90,0,0" color="0,220,0" radius="0.5" length="4" />
		<capsule pos="1.1499999999999986,-11.0,25.300000000000004" vel="0,0,0" mass="1" elasticityCoef="1" ang="90,0,0" color="0,220,0" radius="0.5" length="4" />
		<capsule pos="1.1499999999999986,-11.0,27.6" vel="0,0,0" mass="1" elasticityCoef="1" ang="90,0,0" color="0,220,0" radius="0.5" length="4" />
		<capsule pos="1.1499999999999986,-11.0,29.9" vel="0,0,0" mass="1" elasticityCoef="1" ang="90,0,0" color="0,220,0" radius="0.5" length="4" />
		<capsule pos="1.1499999999999986,-11.0,32.199999999999996" vel="0,0,0" mass="1" elasticityCoef="1" ang="90,0,0" color="0,220,0" radius="0.5" length="4" />
		<capsule pos="1.1499999999999986,-11.0,34.49999999999999" vel="0,0,0" mass="1" elasticityCoef="1" ang="90,0,0" color="0,220,0" radius="0.5" length="4" />
		<capsule pos="1.1499999999999986,-11.0,36.800000000000004" vel="0,0,0" mass="1" elasticityCoef="1" ang="90,0,0" color="0,220,0" radius="0.5" length="4" />
		<capsule pos="1.1499999999999986,-11.0,39.1" vel="0,0,0" mass="1" elasticityCoef="1" ang="90,0,0" color="0,220,0" radius="0.5" length="4" />
		<capsule pos="1.1499999999999986,-11.0,41.4" vel="0,0,0" mass="1" elasticityCoef="1" ang="90,0,0" color="0,220,0" radius="0.5" length="4" />
		<capsule pos="1.1499999999999986,-5.5,-43.699999999999996" vel="0,0,0" mass="1" elasticityCoef="1" ang="90,0,0" color="0,220,0" radius="0.5" length="4" />
		<capsule pos="1.1499999999999986,-5.5,-41.4" vel="0,0,0" mass="1" elasticityCoef="1" ang="90,0,0" color="0,220,0" radius="0.5" length="4" />
		<capsule pos="1.1499999999999986,-5.5,-39.099999999999994" vel="0,0,0" mass="1" elasticityCoef="1" ang="90,0,0" color="0,220,0" radius="0.5" length="4" />
		<capsule pos="1.1499999999999986,-5.5,-36.8" vel="0,0,0" mass="1" elasticityCoef="1" ang="90,0,0" color="0,220,0" radius="0.5" length="4" />
		<capsule pos="1.1499999999999986,-5.5,-34.5" vel="0,0,0" mass="1" elasticityCoef="1" ang="90,0,0" color="0,220,0" radius="0.5" length="4" />
		<capsule pos="1.1499999999999986,-5.5,-32.199999999999996" vel="0,0,0" mass="1" elasticityCoef="1" ang="90,0,0" color="0,220,0" radius="0.5" length="4" />
		<capsule pos="1.1499999999999986,-5.5,-29.9" vel="0,0,0" mass="1" elasticityCoef="1" ang="90,0,0" color="0,220,0" radius="0.5" length="4" />
		<capsule pos="1.1499999999999986,-5.5,-27.599999999999998" vel="0,0,0" mass="1" elasticityCoef="1" ang="90,0,0" color="0,220,0" radius="0.5" length="4" />
		<capsule pos="1.1499999999999986,-5.5,-25.299999999999997" vel="0,0,0" mass="1" elasticityCoef="1" ang="90,0,0" color="0,220,0" radius="0.5" length="4" />
		<capsule pos="1.1499999999999986,-5.5,-22.999999999999996" vel="0,0,0" mass="1" elasticityCoef="1" ang="90,0,0" color="0,220,0" radius="0.5" length="4" />
		<capsule pos="1.1499999999999986,-5.5,-20.699999999999996" vel="0,0,0" mass="1" elasticityCoef="1" ang="90,0,0" color="0,220,0" radius="0.5" length="4" />
		<capsule pos="1.1499999999999986,-5.5,-18.4" vel="0,0,0" mass="1" elasticityCoef="1" ang="90,0,0" color="0,220,0" radius="0.5" length="4" />
		<capsule pos="1.1499999999999986,-5.5,-16.099999999999998" vel="0,0,0" mass="1" elasticityCoef="1" ang="90,0,0" color="0,220,0" radius="0.5" length="4" />
		<capsule pos="1.1499999999999986,-5.5,-13.799999999999997" vel="0,0,0" mass="1" elasticityCoef="1" ang="90,0,0" color="0,220,0" radius="0.5" length="4" />
		<capsule pos="1.1499999999999986,-5.5,-11.5" vel="0,0,0" mass="1" elasticityCoef="1" ang="90,0,0" color="0,220,0" radius="0.5" length="4" />
		<capsule pos="1.1499999999999986,-5.5,-9.199999999999996" vel="0,0,0" mass="1" elasticityCoef="1" ang="90,0,0" color="0,220,0" radius="0.5" length="4" />
		<capsule pos="1.1499999999999986,-5.5,-6.899999999999999" vel="0,0,0" mass="1" elasticityCoef="1" ang="90,0,0" color="0,220,0" radius="0.5" length="4" />
		<capsule pos="1.1499999999999986,-5.5,-4.600000000000001" vel="0,0,0" mass="1" elasticityCoef="1" ang="90,0,0" color="0,220,0" radius="0.5" length="4" />
		<capsule pos="1.1499999999999986,-5.5,-2.299999999999997" vel="0,0,0" mass="1" elasticityCoef="1" ang="90,0,0" color="0,220,0" radius="0.5" length="4" />
		<capsule pos="1.1499999999999986,-5.5,0.0" vel="0,0,0" mass="1" elasticityCoef="1" ang="90,0,0" color="0,220,0" radius="0.5" length="4" />
		<capsule pos="1.1499999999999986,-5.5,2.3000000000000043" vel="0,0,0" mass="1" elasticityCoef="1" ang="90,0,0" color="0,220,0" radius="0.5" length="4" />
		<capsule pos="1.1499999999999986,-5.5,4.600000000000001" vel="0,0,0" mass="1" elasticityCoef="1" ang="90,0,0" color="0,220,0" radius="0.5" length="4" />
		<capsule pos="1.1499999999999986,-5.5,6.899999999999999" vel="0,0,0" mass="1" elasticityCoef="1" ang="90,0,0" color="0,220,0" radius="0.5" length="4" />
		<capsule pos="1.1499999999999986,-5.5,9.200000000000003" vel="0,0,0" mass="1" elasticityCoef="1" ang="90,0,0" color="0,220,0" radius="0.5" length="4" />
		<capsule pos="1.1499999999999986,-5.5,11.5" vel="0,0,0" mass="1" elasticityCoef="1" ang="90,0,0" color="0,220,0" radius="0.5" length="4" />
		<capsule pos="1.1499999999999986,-5.5,13.799999999999997" vel="0,0,0" mass="1" elasticityCoef="1" ang="90,0,0" color="0,220,0" radius="0.5" length="4" />
		<capsule pos="1.1499999999999986,-5.5,16.1" vel="0,0,0" mass="1" elasticityCoef="1" ang="90,0,0" color="0,220,0" radius="0.5" length="4" />
		<capsule pos="1.1499999999999986,-5.5,18.4" vel="0,0,0" mass="1" elasticityCoef="1" ang="90,0,0" color="0,220,0" radius="0.5" length="4" />
		<capsule pos="1.1499999999999986,-5.5,20.699999999999996" vel="0,0,0" mass="1" elasticityCoef="1" ang="90,0,0" color="0,220,0" radius="0.5" length="4" />
		<capsule pos="1.1499999999999986,-5.5,22.999999999999993" vel="0,0,0" mass="1" elasticityCoef="1" ang="90,0,0" color="0,220,0" radius="0.5" length="4" />
		<capsule pos="1.1499999999999986,-5.5,25.300000000000004" vel="0,0,0" mass="1" elasticityCoef="1" ang="90,0,0" color="0,220,0" radius="0.5" length="4" />
		<capsule pos="1.1499999999999986,-5.5,27.6" vel="0,0,0" mass="1" elasticityCoef="1" ang="90,0,0" color="0,220,0" radius="0.5" length="4" />
		<capsule pos="1.1499999999999986,-5.5,29.9" vel="0,0,0" mass="1" elasticityCoef="1" ang="90,0,0" color="0,220,0" radius="0.5" length="4" />
		<capsule pos="1.1499999999999986,-5.5,32.199999999999996" vel="0,0,0" mass="1" elasticityCoef="1" ang="90,0,0" color="0,220,0" radius="0.5" length="4" />
		<capsule pos="1.1499999999999986,-5.5,34.49999999999999" vel="0,0,0" mass="1" elasticityCoef="1" ang="90,0,0" color="0,220,0" radius="0.5" length="4" />
		<capsule pos="1.1499999999999986,-5.5,36.800000000000004" vel="0,0,0" mass="1" elasticityCoef="1" ang="90,0,0" color="0,220,0" radius="0.5" length="4" />
		<capsule pos="1.1499999999999986,-5.5,39.1" vel="0,0,0" mass="1" elasticityCoef="1" ang="90,0,0" color="0,220,0" radius="0.5" length="4" />
		<capsule pos="1.1499999999999986,-5.5,41.4" vel="0,0,0" mass="1" elasticityCoef="1" ang="90,0,0" color="0,220,0" radius="0.5" length="4" />
		<capsule pos="1.1499999999999986,0.0,-43.699999999999996" vel="0,0,0" mass="1" elasticityCoef="1" ang="90,0,0" color="0,220,0" radius="0.5" length="4" />
		<capsule pos="1.1499999999999986,0.0,-41.4" vel="0,0,0" mass="1" elasticityCoef="1" ang="90,0,0" color="0,220,0" radius="0.5" length="4" />
		<capsule pos="1.1499999999999986,0.0,-39.099999999999994" vel="0,0,0" mass="1" elasticityCoef="1" ang="90,0,0" color="0,220,0" radius="0.5" length="4" />
		<capsule pos="1.1499999999999986,0.0,-36.8" vel="0,0,0" mass="1" elasticityCoef="1" ang="90,0,0" color="0,220,0" radius="0.5" length="4" />
		<capsule pos="1.1499999999999986,0.0,-34.5" vel="0,0,0" mass="1" elasticityCoef="1" ang="90,0,0" color="0,220,0" radius="0.5" length="4" />
		<capsule pos="1.1499999999999986,0.0,-32.199999999999996" vel="0,0,0" mass="1" elasticityCoef="1" ang="90,0,0" color="0,220,0" radius="0.5" length="4" />
		<capsule pos="1.1499999999999986,0.0,-29.9" vel="0,0,0" mass="1" elasticityCoef="1" ang="90,0,0" color="0,220,0" radius="0.5" length="4" />
		<capsule pos="1.1499999999999986,0.0,-27.599999999999998" vel="0,0,0" mass="1" elasticityCoef="1" ang="90,0,0" color="0,220,0" radius="0.5" length="4" />
		<capsule pos="1.1499999999999986,0.0,-25.299999999999997" vel="0,0,0" mass="1" elasticityCoef="1" ang="90,0,0" color="0,220,0" radius="0.5" length="4" />
		<capsule pos="1.1499999999999986,0.0,-22.999999999999996" vel="0,0,0" mass="1" elasticityCoef="1" ang="90,0,0" color="0,220,0" radius="0.5" length="4" />
		<capsule pos="1.1499999999999986,0.0,-20.699999999999996" vel="0,0,0" mass="1" elasticityCoef="1" ang="90,0,0" color="0,220,0" radius="0.5" length="4" />
		<capsule pos="1.1499999999999986,0.0,-18.4" vel="0,0,0" mass="1" elasticityCoef="1" ang="90,0,0" color="0,220,0" radius="0.5" length="4" />
		<capsule pos="1.1499999999999986,0.0,-16.099999999999998" vel="0,0,0" mass="1" elasticityCoef="1" ang="90,0,0" color="0,220,0" radius="0.5" length="4" />
		<capsule pos="1.1499999999999986,0.0,-13.799999999999997" vel="0,0,0" mass="1" elasticityCoef="1" ang="90,0,0" color="0,220,0" radius="0.5" length="4" />
		<capsule pos="1.1499999999999986,0.0,-11.5" vel="0,0,0" mass="1" elasticityCoef="1" ang="90,0,0" color="0,220,0" radius="0.5" length="4" />
		<capsule pos="1.1499999999999986,0.0,-9.199999999999996" vel="0,0,0" mass="1" elasticityCoef="1" ang="90,0,0" color="0,220,0" radius="0.5" length="4" />
		<capsule pos="1.1499999999999986,0.0,-6.899999999999999" vel="0,0,0" mass="1" elasticityCoef="1" ang="90,0,0" color="0,220,0" radius="0.5" length="4" />
		<capsule pos="1.1499999999999986,0.0,-4.600000000000001" vel="0,0,0" mass="1" elasticityCoef="1" ang="90,0,0" color="0,220,0" radius="0.5" length="4" />
		<capsule pos="1.1499999999999986,0.0,-2.299999999999997" vel="0,0,0" mass="1" elasticityCoef="1" ang="90,0,0" color="0,220,0" radius="0.5" length="4" />
		<capsule pos="1.1499999999999986,0.0,0.0" vel="0,0,0" mass="1" elasticityCoef="1" ang="90,0,0" color="0,220,0" radius="0.5" length="4" />
		<capsule pos="1.1499999999999986,0.0,2.3000000000000043" vel="0,0,0" mass="1" elasticityCoef="1" ang="90,0,0" color="0,220,0" radius="0.5" length="4" />
		<capsule pos="1.1499999999999986,0.0,4.600000000000001" vel="0,0,0" mass="1" elasticityCoef="1" ang="90,0,0" color="0,220,0" radius="0.5" length="4" />
		<capsule pos="1.1499999999999986,0.0,6.899999999999999" vel="0,0,0" mass="1" elasticityCoef="1" ang="90,0,0" color="0,220,0" radius="0.5" length="4" />
		<capsule pos="1.1499999999999986,0.0,9.200000000000003" vel="0,0,0" mass="1" elasticityCoef="1" ang="90,0,0" color="0,220,0" radius="0.5" length="4" />
		<capsule pos="1.1499999999999986,0.0,11.5" vel="0,0,0" mass="1" elasticityCoef="1" ang="90,0,0" color="0,220,0" radius="0.5" length="4" />
		<capsule pos="1.1499999999999986,0.0,13.799999999999997" vel="0,0,0" mass="1" elasticityCoef="1" ang="90,0,0" color="0,220,0" radius="0.5" length="4" />
		<capsule pos="1.1499999999999986,0.0,16.1" vel="0,0,0" mass="1" elasticityCoef="1" ang="90,0,0" color="0,220,0" radius="0.5" length="4" />
		<capsule pos="1.1499999999999986,0.0,18.4" vel="0,0,0" mass="1" elasticityCoef="1" ang="90,0,0" color="0,220,0" radius="0.5" length="4" />
		<capsule pos="1.1499999999999986,0.0,20.699999999999996" vel="0,0,0" mass="1" elasticityCoef="1" ang="90,0,0" color="0,220,0" radius="0.5" length="4" />
		<capsule pos="1.1499999999999986,0.0,22.999999999999993" vel="0,0,0" mass="1" elasticityCoef="1" ang="90,0,0" color="0,220,0" radius="0.5" length="4" />
		<capsule pos="1.1499999999999986,0.0,25.300000000000004" vel="0,0,0" mass="1" elasticityCoef="1" ang="90,0,0" color="0,220,0" radius="0.5" length="4" />
		<capsule pos="1.1499999999999986,0.0,27.6" vel="0,0,0" mass="1" elasticityCoef="1" ang="90,0,0" color="0,220,0" radius="0.5" length="4" />
		<capsule pos="1.1499999999999986,0.0,29.9" vel="0,0,0" mass="1" elasticityCoef="1" ang="90,0,0" color="0,220,0" radius="0.5" length="4" />
		<capsule pos="1.1499999999999986,0.0,32.199999999999996" vel="0,0,0" mass="1" elasticityCoef="1" ang="90,0,0" color="0,220,0" radius="0.5" length="4" />
		<capsule pos="1.1499999999999986,0.0,34.49999999999999" vel="0,0,0" mass="1" elasticityCoef="1" ang="90,0,0" color="0,220,0" radius="0.5" length="4" />
		<capsule pos="1.1499999999999986,0.0,36.800000000000004" vel="0,0,0" mass="1" elasticityCoef="1" ang="90,0,0" color="0,220,0" radius="0.5" length="4" />
		<capsule pos="1.1499999999999986,0.0,39.1" vel="0,0,0" mass="1" elasticityCoef="1" ang="90,0,0" color="0,220,0" radius="0.5" length="4" />
		<capsule pos="1.1499999999999986,0.0,41.4" vel="0,0,0" mass="1" elasticityCoef="1" ang="90,0,0" color="0,220,0" radius="0.5" length="4" />
		<capsule pos="1.1499999999999986,5.5,-43.699999999999996" vel="0,0,0" mass="1" elasticityCoef="1" ang="90,0,0" color="0,220,0" radius="0.5" length="4" />
		<capsule pos="1.1499999999999986,5.5,-41.4" vel="0,0,0" mass="1" elasticityCoef="1" ang="90,0,0" color="0,220,0" radius="0.5" length="4" />
		<capsule pos="1.1499999999999986,5.5,-39.099999999999994" vel="0,0,0" mass="1" elasticityCoef="1" ang="90,0,0" color="0,220,0" radius="0.5" length="4" />
		<capsule pos="1.1499999999999986,5.5,-36.8" vel="0,0,0" mass="1" elasticityCoef="1" ang="90,0,0" color="0,220,0" radius="0.5" length="4" />
		<capsule pos="1.1499999999999986,5.5,-34.5" vel="0,0,0" mass="1" elasticityCoef="1" ang="90,0,0" color="0,220,0" radius="0.5" length="4" />
		<capsule pos="1.1499999999999986,5.5,-32.199999999999996" vel="0,0,0" mass="1" elasticityCoef="1" ang="90,0,0" color="0,220,0" radius="0.5" length="4" />
		<capsule pos="1.1499999999999986,5.5,-29.9" vel="0,0,0" mass="1" elasticityCoef="1" ang="90,0,0" color="0,220,0" radius="0.5" length="4" />
		<capsule pos="1.1499999999999986,5.5,-27.599999999999998" vel="0,0,0" mass="1" elasticityCoef="1" ang="90,0,0" color="0,220,0" radius="0.5" length="4" />
		<capsule pos="1.1499999999999986,5.5,-25.299999999999997" vel="0,0,0" mass="1" elasticityCoef="1" ang="90,0,0" color="0,220,0" radius="0.5" length="4" />
		<capsule pos="1.1499999999999986,5.5,-22.999999999999996" vel="0,0,0" mass="1" elasticityCoef="1" ang="90,0,0" color="0,220,0" radius="0.5" length="4" />
		<capsule pos="1.1499999999999986,5.5,-20.699999999999996" vel="0,0,0" mass="1" elasticityCoef="1" ang="90,0,0" color="0,220,0" radius="0.5" length="4" />
		<capsule pos="1.1499999999999986,5.5,-18.4" vel="0,0,0" mass="1" elasticityCoef="1" ang="90,0,0" color="0,220,0" radius="0.5" length="4" />
		<capsule pos="1.1499999999999986,5.5,-16.099999999999998" vel="0,0,0" mass="1" elasticityCoef="1" ang="90,0,0" color="0,220,0" radius="0.5" length="4" />
		<capsule pos="1.1499999999999986,5.5,-13.799999999999997" vel="0,0,0" mass="1" elasticityCoef="1" ang="90,0,0" color="0,220,0" radius="0.5" length="4" />
		<capsule pos="1.1499999999999986,5.5,-11.5" vel="0,0,0" mass="1" elasticityCoef="1" ang="90,0,0" color="0,220,0" radius="0.5" length="4" />
		<capsule pos="1.1499999999999986,5.5,-9.199999999999996" vel="0,0,0" mass="1" elasticityCoef="1" ang="90,0,0" color="0,220,0" radius="0.5" length="4" />
		<capsule pos="1.1499999999999986,5.5,-6.899999999999999" vel="0,0,0" mass="1" elasticityCoef="1" ang="90,0,0" color="0,220,0" radius="0.5" length="4" />
		<capsule pos="1.1499999999999986,5.5,-4.600000000000001" vel="0,0,0" mass="1" elasticityCoef="1" ang="90,0,0" color="0,220,0" radius="0.5" length="4" />
		<capsule pos="1.1499999999999986,5.5,-2.299999999999997" vel="0,0,0" mass="1" elasticityCoef="1" ang="90,0,0" color="0,220,0" radius="0.5" length="4" />
		<capsule pos="1.1499999999999986,5.5,0.0" vel="0,0,0" mass="1" elasticityCoef="1" ang="90,0,0" color="0,220,0" radius="0.5" length="4" />
		<capsule pos="1.1499999999999986,5.5,2.3000000000000043" vel="0,0,0" mass="1" elasticityCoef="1" ang="90,0,0" color="0,220,0" radius="0.5" length="4" />
		<capsule pos="1.1499999999999986,5.5,4.600000000000001" vel="0,0,0" mass="1" elasticityCoef="1" ang="90,0,0" color="0,220,0" radius="0.5" length="4" />
		<capsule pos="1.1499999999999986,5.5,6.899999999999999" vel="0,0,0" mass="1" elasticityCoef="1" ang="90,0,0" color="0,220,0" radius="0.5" length="4" />
		<capsule pos="1.1499999999999986,5.5,9.200000000000003" vel="0,0,0" mass="1" elasticityCoef="1" ang="90,0,0" color="0,220,0" radius="0.5" length="4" />
		<capsule pos="1.1499999999999986,5.5,11.5" vel="0,0,0" mass="1" elasticityCoef="1" ang="90,0,0" color="0,220,0" radius="0.5" length="4" />
		<capsule pos="1.1499999999999986,5.5,13.799999999999997" vel="0,0,0" mass="1" elasticityCoef="1" ang="90,0,0" color="0,220,0" radius="0.5" length="4" />
		<capsule pos="1.1499999999999986,5.5,16.1" vel="0,0,0" mass="1" elasticityCoef="1" ang="90,0,0" color="0,220,0" radius="0.5" length="4" />
		<capsule pos="1.1499999999999986,5.5,18.4" vel="0,0,0" mass="1" elasticityCoef="1" ang="90,0,0" color="0,220,0" radius="0.5" length="4" />
		<capsule pos="1.1499999999999986,5.5,20.699999999999996" vel="0,0,0" mass="1" elasticityCoef="1" ang="90,0,0" color="0,220,0" radius="0.5" length="4" />
		<capsule pos="1.1499999999999986,5.5,22.999999999999993" vel="0,0,0" mass="1" elasticityCoef="1" ang="90,0,0" color="0,220,0" radius="0.5" length="4" />
		<capsule pos="1.1499999999999986,5.5,25.300000000000004" vel="0,0,0" mass="1" elasticityCoef="1" ang="90,0,0" color="0,220,0" radius="0.5" length="4" />
		<capsule pos="1.1499999999999986,5.5,27.6" vel="0,0,0" mass="1" elasticityCoef="1" ang="90,0,0" color="0,220,0" radius="0.5" length="4" />
		<capsule pos="1.1499999999999986,5.5,29.9" vel="0,0,0" mass="1" elasticityCoef="1" ang="90,0,0" color="0,220,0" radius="0.5" length="4" />
		<capsule pos="1.1499999999999986,5.5,32.199999999999996" vel="0,0,0" mass="1" elasticityCoef="1" ang="90,0,0" color="0,220,0" radius="0.5" length="4" />
		<capsule pos="1.1499999999999986,5.5,34.49999999999999" vel="0,0,0" mass="1" elasticityCoef="1" ang="90,0,0" color="0,220,0" radius="0.5" length="4" />
		<capsule pos="1.1499999999999986,5.5,36.800000000000004" vel="0,0,0" mass="1" elasticityCoef="1" ang="90,0,0" color="0,220,0" radius="0.5" length="4" />
		<capsule pos="1.1499999999999986,5.5,39.1" vel="0,0,0" mass="1" elasticityCoef="1" ang="90,0,0" color="0,220,0" radius="0.5" length="4" />
		<capsule pos="1.1499999999999986,5.5,41.4" vel="0,0,0" mass="1" elasticityCoef="1" ang="90,0,0" color="0,220,0" radius="0.5" length="4" />
		<capsule pos="1.1499999999999986,11.0,-43.699999999999996" vel="0,0,0" mass="1" elasticityCoef="1" ang="90,0,0" color="0,220,0" radius="0.5" length="4" />
		<capsule pos="1.1499999999999986,11.0,-41.4" vel="0,0,0" mass="1" elasticityCoef="1" ang="90,0,0" color="0,220,0" radius="0.5" length="4" />
		<capsule pos="1.1499999999999986,11.0,-39.099999999999994" vel="0,0,0" mass="1" elasticityCoef="1" ang="90,0,0" color="0,220,0" radius="0.5" length="4" />
		<capsule pos="1.1499999999999986,11.0,-36.8" vel="0,0,0" mass="1" elasticityCoef="1" ang="90,0,0" color="0,220,0" radius="0.5" length="4" />
		<capsule pos="1.1499999999999986,11.0,-34.5" vel="0,0,0" mass="1" elasticityCoef="1" ang="90,0,0" color="0,220,0" radius="0.5" length="4" />
		<capsule pos="1.1499999999999986,11.0,-32.199999999999996" vel="0,0,0" mass="1" elasticityCoef="1" ang="90,0,0" color="0,220,0" radius="0.5" length="4" />
		<capsule pos="1.1499999999999986,11.0,-29.9" vel="0,0,0" mass="1" elasticityCoef="1" ang="90,0,0" color="0,220,0" radius="0.5" length="4" />
		<capsule pos="1.1499999999999986,11.0,-27.599999999999998" vel="0,0,0" mass="1" elasticityCoef="1" ang="90,0,0" color="0,220,0" radius="0.5" length="4" />
		<capsule pos="1.1499999999999986,11.0,-25.299999999999997" vel="0,0,0" mass="1" elasticityCoef="1" ang="90,0,0" color="0,220,0" radius="0.5" length="4" />
		<capsule pos="1.1499999999999986,11.0,-22.999999999999996" vel="0,0,0" mass="1" elasticityCoef="1" ang="90,0,0" color="0,220,0" radius="0.5" length="4" />
		<capsule pos="1.1499999999999986,11.0,-20.699999999999996" vel="0,0,0" mass="1" elasticityCoef="1" ang="90,0,0" color="0,220,0" radius="0.5" length="4" />
		<capsule pos="1.1499999999999986,11.0,-18.4" vel="0,0,0" mass="1" elasticityCoef="1" ang="90,0,0" color="0,220,0" radius="0.5" length="4" />
		<capsule pos="1.1499999999999986,11.0,-16.099999999999998" vel="0,0,0" mass="1" elasticityCoef="1" ang="90,0,0" color="0,220,0" radius="0.5" length="4" />
		<capsule pos="1.1499999999999986,11.0,-13.799999999999997" vel="0,0,0" mass="1" elasticityCoef="1" ang="90,0,0" color="0,220,0" radius="0.5" length="4" />
		<capsule pos="1.1499999999999986,11.0,-11.5" vel="0,0,0" mass="1" elasticityCoef="1" ang="90,0,0" color="0,220,0" radius="0.5" length="4" />
		<capsule pos="1.1499999999999986,11.0,-9.199999999999996" vel="0,0,0" mass="1" elasticityCoef="1" ang="90,0,0" color="0,220,0" radius="0.5" length="4" />
		<capsule pos="1.1499999999999986,11.0,-6.899999999999999" vel="0,0,0" mass="1" elasticityCoef="1" ang="90,0,0" color="0,220,0" radius="0.5" length="4" />
		<capsule pos="1.1499999999999986,11.0,-4.600000000000001" vel="0,0,0" mass="1" elasticityCoef="1" ang="90,0,0" color="0,220,0" radius="0.5" length="4" />
		<capsule pos="1.1499999999999986,11.0,-2.299999999999997" vel="0,0,0" mass="1" elasticityCoef="1" ang="90,0,0" color="0,220,0" radius="0.5" length="4" />
		<capsule pos="1.1499999999999986,11.0,0.0" vel="0,0,0" mass="1" elasticityCoef="1" ang="90,0,0" color="0,220,0" radius="0.5" length="4" />
		<capsule pos="1.1499999999999986,11.0,2.3000000000000043" vel="0,0,0" mass="1" elasticityCoef="1" ang="90,0,0" color="0,220,0" radius="0.5" length="4" />
		<capsule pos="1.1499999999999986,11.0,4.600000000000001" vel="0,0,0" mass="1" elasticityCoef="1" ang="90,0,0" color="0,220,0" radius="0.5" length="4" />
		<capsule pos="1.1499999999999986,11.0,6.899999999999999" vel="0,0,0" mass="1" elasticityCoef="1" ang="90,0,0" color="0,220,0" radius="0.5" length="4" />
		<capsule pos="1.1499999999999986,11.0,9.200000000000003" vel="0,0,0" mass="1" elasticityCoef="1" ang="90,0,0" color="0,220,0" radius="0.5" length="4" />
		<capsule pos="1.1499999999999986,11.0,11.5" vel="0,0,0" mass="1" elasticityCoef="1" ang="90,0,0" color="0,220,0" radius="0.5" length="4" />
		<capsule pos="1.1499999999999986,11.0,13.799999999999997" vel="0,0,0" mass="1" elasticityCoef="1" ang="90,0,0" color="0,220,0" radius="0.5" length="4" />
		<capsule pos="1.1499999999999986,11.0,16.1" vel="0,0,0" mass="1" elasticityCoef="1" ang="90,0,0" color="0,220,0" radius="0.5" length="4" />
		<capsule pos="1.1499999999999986,11.0,18.4" vel="0,0,0" mass="1" elasticityCoef="1" ang="90,0,0" color="0,220,0" radius="0.5" length="4" />
		<capsule pos="1.1499999999999986,11.0,20.699999999999996" vel="0,0,0" mass="1" elasticityCoef="1" ang="90,0,0" color="0,220,0" radius="0.5" length="4" />
		<capsule pos="1.1499999999999986,11.0,22.999999999999993" vel="0,0,0" mass="1" elasticityCoef="1" ang="90,0,0" color="0,220,0" radius="0.5" length="4" />
		<capsule pos="1.1499999999999986,11.0,25.300000000000004" vel="0,0,0" mass="1" elasticityCoef="1" ang="90,0,0" color="0,220,0" radius="0.5" length="4" />
		<capsule pos="1.1499999999999986,11.0,27.6" vel="0,0,0" mass="1" elasticityCoef="1" ang="90,0,0" color="0,220,0" radius="0.5" length="4" />
		<capsule pos="1.1499999999999986,11.0,29.9" vel="0,0,0" mass="1" elasticityCoef="1" ang="90,0,0" color="0,220,0" radius="0.5" length="4" />
		<capsule pos="1.1499999999999986,11.0,32.199999999999996" vel="0,0,0" mass="1" elasticityCoef="1" ang="90,0,0" color="0,220,0" radius="0.5" length="4" />
		<capsule pos="1.1499999999999986,11.0,34.49999999999999" vel="0,0,0" mass="1" elasticityCoef="1" ang="90,0,0" color="0,220,0" radius="0.5" length="4" />
		<capsule pos="1.1499999999999986,11.0,36.800000000000004" vel="0,0,0" mass="1" elasticityCoef="1" ang="90,0,0" color="0,220,0" radius="0.5" length="4" />
		<capsule pos="1.1499999999999986,11.0,39.1" vel="0,0,0" mass="1" elasticityCoef="1" ang="90,0,0" color="0,220,0" radius="0.5" length="4" />
		<capsule pos="1.1499999999999986,11.0,41.4" vel="0,0,0" mass="1" elasticityCoef="1" ang="90,0,0" color="0,220,0" radius="0.5" length="4" />
		<capsule pos="1.1499999999999986,16.5,-43.699999999999996" vel="0,0,0" mass="1" elasticityCoef="1" ang="90,0,0" color="0,220,0" radius="0.5" length="4" />
		<capsule pos="1.1499999999999986,16.5,-41.4" vel="0,0,0" mass="1" elasticityCoef="1" ang="90,0,0" color="0,220,0" radius="0.5" length="4" />
		<capsule pos="1.1499999999999986,16.5,-39.099999999999994" vel="0,0,0" mass="1" elasticityCoef="1" ang="90,0,0" color="0,220,0" radius="0.5" length="4" />
		<capsule pos="1.1499999999999986,16.5,-36.8" vel="0,0,0" mass="1" elasticityCoef="1" ang="90,0,0" color="0,220,0" radius="0.5" length="4" />
		<capsule pos="1.1499999999999986,16.5,-34.5" vel="0,0,0" mass="1" elasticityCoef="1" ang="90,0,0" color="0,220,0" radius="0.5" length="4" />
		<capsule pos="1.1499999999999986,16.5,-32.199999999999996" vel="0,0,0" mass="1" elasticityCoef="1" ang="90,0,0" color="0,220,0" radius="0.5" length="4" />
		<capsule pos="1.1499999999999986,16.5,-29.9" vel="0,0,0" mass="1" elasticityCoef="1" ang="90,0,0" color="0,220,0" radius="0.5" length="4" />
		<capsule pos="1.1499999999999986,16.5,-27.599999999999998" vel="0,0,0" mass="1" elasticityCoef="1" ang="90,0,0" color="0,220,0" radius="0.5" length="4" />
		<capsule pos="1.1499999999999986,16.5,-25.299999999999997" vel="0,0,0" mass="1" elasticityCoef="1" ang="90,0,0" color="0,220,0" radius="0.5" length="4" />
		<capsule pos="1.1499999999999986,16.5,-22.999999999999996" vel="0,0,0" mass="1" elasticityCoef="1" ang="90,0,0" color="0,220,0" radius="0.5" length="4" />
		<capsule pos="1.1499999999999986,16.5,-20.699999999999996" vel="0,0,0" mass="1" elasticityCoef="1" ang="90,0,0" color="0,220,0" radius="0.5" length="4" />
		<capsule pos="1.1499999999999986,16.5,-18.4" vel="0,0,0" mass="1" elasticityCoef="1" ang="90,0,0" color="0,220,0" radius="0.5" length="4" />
		<capsule pos="1.1499999999999986,16.5,-16.099999999999998" vel="0,0,0" mass="1" elasticityCoef="1" ang="90,0,0" color="0,220,0" radius="0.5" length="4" />
		<capsule pos="1.1499999999999986,16.5,-13.799999999999997" vel="0,0,0" mass="1" elasticityCoef="1" ang="90,0,0" color="0,220,0" radius="0.5" length="4" />
		<capsule pos="1.1499999999999986,16.5,-11.5" vel="0,0,0" mass="1" elasticityCoef="1" ang="90,0,0" color="0,220,0" radius="0.5" length="4" />
		<capsule pos="1.1499999999999986,16.5,-9.199999999999996" vel="0,0,0" mass="1" elasticityCoef="1" ang="90,0,0" color="0,220,0" radius="0.5" length="4" />
		<capsule pos="1.1499999999999986,16.5,-6.899999999999999" vel="0,0,0" mass="1" elasticityCoef="1" ang="90,0,0" color="0,220,0" radius="0.5" length="4" />
		<capsule pos="1.1499999999999986,16.5,-4.600000000000001" vel="0,0,0" mass="1" elasticityCoef="1" ang="90,0,0" color="0,220,0" radius="0.5" length="4" />
		<capsule pos="1.1499999999999986,16.5,-2.299999999999997" vel="0,0,0" mass="1" elasticityCoef="1" ang="90,0,0" color="0,220,0" radius="0.5" length="4" />
		<capsule pos="1.1499999999999986,16.5,0.0" vel="0,0,0" mass="1" elasticityCoef="1" ang="90,0,0" color="0,220,0" radius="0.5" length="4" />
		<capsule pos="1.1499999999999986,16.5,2.3000000000000043" vel="0,0,0" mass="1" elasticityCoef="1" ang="90,0,0" color="0,220,0" radius="0.5" length="4" />
		<capsule pos="1.1499999999999986,16.5,4.600000000000001" vel="0,0,0" mass="1" elasticityCoef="1" ang="90,0,0" color="0,220,0" radius="0.5" length="4" />
		<capsule pos="1.1499999999999986,16.5,6.899999999999999" vel="0,0,0" mass="1" elasticityCoef="1" ang="90,0,0" color="0,220,0" radius="0.5" length="4" />
		<capsule pos="1.1499999999999986,16.5,9.200000000000003" vel="0,0,0" mass="1" elasticityCoef="1" ang="90,0,0" color="0,220,0" radius="0.5" length="4" />
		<capsule pos="1.1499999999999986,16.5,11.5" vel="0,0,0" mass="1" elasticityCoef="1" ang="90,0,0" color="0,220,0" radius="0.5" length="4" />
		<capsule pos="1.1499999999999986,16.5,13.799999999999997" vel="0,0,0" mass="1" elasticityCoef="1" ang="90,0,0" color="0,220,0" radius="0.5" length="4" />
		<capsule pos="1.1499999999999986,16.5,16.1" vel="0,0,0" mass="1" elasticityCoef="1" ang="90,0,0" color="0,220,0" radius="0.5" length="4" />
		<capsule pos="1.1499999999999986,16.5,18.4" vel="0,0,0" mass="1" elasticityCoef="1" ang="90,0,0" color="0,220,0" radius="0.5" length="4" />
		<capsule pos="1.1499999999999986,16.5,20.699999999999996" vel="0,0,0" mass="1" elasticityCoef="1" ang="90,0,0" color="0,220,0" radius="0.5" length="4" />
		<capsule pos="1.1499999999999986,16.5,22.999999999999993" vel="0,0,0" mass="1" elasticityCoef="1" ang="90,0,0" color="0,220,0" radius="0.5" length="4" />
		<capsule pos="1.1499999999999986,16.5,25.300000000000004" vel="0,0,0" mass="1" elasticityCoef="1" ang="90,0,0" color="0,220,0" radius="0.5" length="4" />
		<capsule pos="1.1499999999999986,16.5,27.6" vel="0,0,0" mass="1" elasticityCoef="1" ang="90,0,0" color="0,220,0" radius="0.5" length="4" />
		<capsule pos="1.1499999999999986,16.5,29.9" vel="0,0,0" mass="1" elasticityCoef="1" ang="90,0,0" color="0,220,0" radius="0.5" length="4" />
		<capsule pos="1.1499999999999986,16.5,32.199999999999996" vel="0,0,0" mass="1" elasticityCoef="1" ang="90,0,0" color="0,220,0" radius="0.5" length="4" />
		<capsule pos="1.1499999999999986,16.5,34.49999999999999" vel="0,0,0" mass="1" elasticityCoef="1" ang="90,0,0" color="0,220,0" radius="0.5" length="4" />
		<capsule pos="1.1499999999999986,16.5,36.800000000000004" vel="0,0,0" mass="1" elasticityCoef="1" ang="90,0,0" color="0,220,0" radius="0.5" length="4" />
		<capsule pos="1.1499999999999986,16.5,39.1" vel="0,0,0" mass="1" elasticityCoef="1" ang="90,0,0" color="0,220,0" radius="0.5" length="4" />
		<capsule pos="1.1499999999999986,16.5,41.4" vel="0,0,0" mass="1" elasticityCoef="1" ang="90,0,0" color="0,220,0" radius="0.5" length="4" />
		<capsule pos="1.1499999999999986,22.0,-43.699999999999996" vel="0,0,0" mass="1" elasticityCoef="1" ang="90,0,0" color="0,220,0" radius="0.5" length="4" />
		<capsule pos="1.1499999999999986,22.0,-41.4" vel="0,0,0" mass="1" elasticityCoef="1" ang="90,0,0" color="0,220,0" radius="0.5" length="4" />
		<capsule pos="1.1499999999999986,22.0,-39.099999999999994" vel="0,0,0" mass="1" elasticityCoef="1" ang="90,0,0" color="0,220,0" radius="0.5" length="4" />
		<capsule pos="1.1499999999999986,22.0,-36.8" vel="0,0,0" mass="1" elasticityCoef="1" ang="90,0,0" color="0,220,0" radius="0.5" length="4" />
		<capsule pos="1.1499999999999986,22.0,-34.5" vel="0,0,0" mass="1" elasticityCoef="1" ang="90,0,0" color="0,220,0" radius="0.5" length="4" />
		<capsule pos="1.1499999999999986,22.0,-32.199999999999996" vel="0,0,0" mass="1" elasticityCoef="1" ang="90,0,0" color="0,220,0" radius="0.5" length="4" />
		<capsule pos="1.1499999999999986,22.0,-29.9" vel="0,0,0" mass="1" elasticityCoef="1" ang="90,0,0" color="0,220,0" radius="0.5" length="4" />
		<capsule pos="1.1499999999999986,22.0,-27.599999999999998" vel="0,0,0" mass="1" elasticityCoef="1" ang="90,0,0" color="0,220,0" radius="0.5" length="4" />
		<capsule pos="1.1499999999999986,22.0,-25.299999999999997" vel="0,0,0" mass="1" elasticityCoef="1" ang="90,0,0" color="0,220,0" radius="0.5" length="4" />
		<capsule pos="1.1499999999999986,22.0,-22.999999999999996" vel="0,0,0" mass="1" elasticityCoef="1" ang="90,0,0" color="0,220,0" radius="0.5" length="4" />
		<capsule pos="1.1499999999999986,22.0,-20.699999999999996" vel="0,0,0" mass="1" elasticityCoef="1" ang="90,0,0" color="0,220,0" radius="0.5" length="4" />
		<capsule pos="1.1499999999999986,22.0,-18.4" vel="0,0,0" mass="1" elasticityCoef="1" ang="90,0,0" color="0,220,0" radius="0.5" length="4" />
		<capsule pos="1.1499999999999986,22.0,-16.099999999999998" vel="0,0,0" mass="1" elasticityCoef="1" ang="90,0,0" color="0,220,0" radius="0.5" length="4" />
		<capsule pos="1.1499999999999986,22.0,-13.799999999999997" vel="0,0,0" mass="1" elasticityCoef="1" ang="90,0,0" color="0,220,0" radius="0.5" length="4" />
		<capsule pos="1.1499999999999986,22.0,-11.5" vel="0,0,0" mass="1" elasticityCoef="1" ang="90,0,0" color="0,220,0" radius="0.5" length="4" />
		<capsule pos="1.1499999999999986,22.0,-9.199999999999996" vel="0,0,0" mass="1" elasticityCoef="1" ang="90,0,0" color="0,220,0" radius="0.5" length="4" />
		<capsule pos="1.1499999999999986,22.0,-6.899999999999999" vel="0,0,0" mass="1" elasticityCoef="1" ang="90,0,0" color="0,220,0" radius="0.5" length="4" />
		<capsule pos="1.1499999999999986,22.0,-4.600000000000001" vel="0,0,0" mass="1" elasticityCoef="1" ang="90,0,0" color="0,220,0" radius="0.5" length="4" />
		<capsule pos="1.1499999999999986,22.0,-2.299999999999997" vel="0,0,0" mass="1" elasticityCoef="1" ang="90,0,0" color="0,220,0" radius="0.5" length="4" />
		<capsule pos="1.1499999999999986,22.0,0.0" vel="0,0,0" mass="1" elasticityCoef="1" ang="90,0,0" color="0,220,0" radius="0.5" length="4" />
		<capsule pos="1.1499999999999986,22.0,2.3000000000000043" vel="0,0,0" mass="1" elasticityCoef="1" ang="90,0,0" color="0,220,0" radius="0.5" length="4" />
		<capsule pos="1.1499999999999986,22.0,4.600000000000001" vel="0,0,0" mass="1" elasticityCoef="1" ang="90,0,0" color="0,220,0" radius="0.5" length="4" />
		<capsule pos="1.1499999999999986,22.0,6.899999999999999" vel="0,0,0" mass="1" elasticityCoef="1" ang="90,0,0" color="0,220,0" radius="0.5" length="4" />
		<capsule pos="1.1499999999999986,22.0,9.200000000000003" vel="0,0,0" mass="1" elasticityCoef="1" ang="90,0,0" color="0,220,0" radius="0.5" length="4" />
		<capsule pos="1.1499999999999986,22.0,11.5" vel="0,0,0" mass="1" elasticityCoef="1" ang="90,0,0" color="0,220,0" radius="0.5" length="4" />
		<capsule pos="1.1499999999999986,22.0,13.799999999999997" vel="0,0,0" mass="1" elasticityCoef="1" ang="90,0,0" color="0,220,0" radius="0.5" length="4" />
		<capsule pos="1.1499999999999986,22.0,16.1" vel="0,0,0" mass="1" elasticityCoef="1" ang="90,0,0" color="0,220,0" radius="0.5" length="4" />
		<capsule pos="1.1499999999999986,22.0,18.4" vel="0,0,0" mass="1" elasticityCoef="1" ang="90,0,0" color="0,220,0" radius="0.5" length="4" />
		<capsule pos="1.1499999999999986,22.0,20.699999999999996" vel="0,0,0" mass="1" elasticityCoef="1" ang="90,0,0" color="0,220,0" radius="0.5" length="4" />
		<capsule pos="1.1499999999999986,22.0,22.999999999999993" vel="0,0,0" mass="1" elasticityCoef="1" ang="90,0,0" color="0,220,0" radius="0.5" length="4" />
		<capsule pos="1.1499999999999986,22.0,25.300000000000004" vel="0,0,0" mass="1" elasticityCoef="1" ang="90,0,0" color="0,220,0" radius="0.5" length="4" />
		<capsule pos="1.1499999999999986,22.0,27.6" vel="0,0,0" mass="1" elasticityCoef="1" ang="90,0,0" color="0,220,0" radius="0.5" length="4" />
		<capsule pos="1.1499999999999986,22.0,29.9" vel="0,0,0" mass="1" elasticityCoef="1" ang="90,0,0" color="0,220,0" radius="0.5" length="4" />
		<capsule pos="1.1499999999999986,22.0,32.199999999999996" vel="0,0,0" mass="1" elasticityCoef="1" ang="90,0,0" color="0,220,0" radius="0.5" length="4" />
		<capsule pos="1.1499999999999986,22.0,34.49999999999999" vel="0,0,0" mass="1" elasticityCoef="1" ang="90,0,0" color="0,220,0" radius="0.5" length="4" />
		<capsule pos="1.1499999999999986,22.0,36.800000000000004" vel="0,0,0" mass="1" elasticityCoef="1" ang="90,0,0" color="0,220,0" radius="0.5" length="4" />
		<capsule pos="1.1499999999999986,22.0,39.1" vel="0,0,0" mass="1" elasticityCoef="1" ang="90,0,0" color="0,220,0" radius="0.5" length="4" />
		<capsule pos="1.1499999999999986,22.0,41.4" vel="0,0,0" mass="1" elasticityCoef="1" ang="90,0,0" color="0,220,0" radius="0.5" length="4" />
		<capsule pos="1.1499999999999986,27.5,-43.699999999999996" vel="0,0,0" mass="1" elasticityCoef="1" ang="90,0,0" color="0,220,0" radius="0.5" length="4" />
		<capsule pos="1.1499999999999986,27.5,-41.4" vel="0,0,0" mass="1" elasticityCoef="1" ang="90,0,0" color="0,220,0" radius="0.5" length="4" />
		<capsule pos="1.1499999999999986,27.5,-39.099999999999994" vel="0,0,0" mass="1" elasticityCoef="1" ang="90,0,0" color="0,220,0" radius="0.5" length="4" />
		<capsule pos="1.1499999999999986,27.5,-36.8" vel="0,0,0" mass="1" elasticityCoef="1" ang="90,0,0" color="0,220,0" radius="0.5" length="4" />
		<capsule pos="1.1499999999999986,27.5,-34.5" vel="0,0,0" mass="1" elasticityCoef="1" ang="90,0,0" color="0,220,0" radius="0.5" length="4" />
		<capsule pos="1.1499999999999986,27.5,-32.199999999999996" vel="0,0,0" mass="1" elasticityCoef="1" ang="90,0,0" color="0,220,0" radius="0.5" length="4" />
		<capsule pos="1.1499999999999986,27.5,-29.9" vel="0,0,0" mass="1" elasticityCoef="1" ang="90,0,0" color="0,220,0" radius="0.5" length="4" />
		<capsule pos="1.1499999999999986,27.5,-27.599999999999998" vel="0,0,0" mass="1" elasticityCoef="1" ang="90,0,0" color="0,220,0" radius="0.5" length="4" />
		<capsule pos="1.1499999999999986,27.5,-25.299999999999997" vel="0,0,0" mass="1" elasticityCoef="1" ang="90,0,0" color="0,220,0" radius="0.5" length="4" />
		<capsule pos="1.1499999999999986,27.5,-22.999999999999996" vel="0,0,0" mass="1" elasticityCoef="1" ang="90,0,0" color="0,220,0" radius="0.5" length="4" />
		<capsule pos="1.1499999999999986,27.5,-20.699999999999996" vel="0,0,0" mass="1" elasticityCoef="1" ang="90,0,0" color="0,220,0" radius="0.5" length="4" />
		<capsule pos="1.1499999999999986,27.5,-18.4" vel="0,0,0" mass="1" elasticityCoef="1" ang="90,0,0" color="0,220,0" radius="0.5" length="4" />
		<capsule pos="1.1499999999999986,27.5,-16.099999999999998" vel="0,0,0" mass="1" elasticityCoef="1" ang="90,0,0" color="0,220,0" radius="0.5" length="4" />
		<capsule pos="1.1499999999999986,27.5,-13.799999999999997" vel="0,0,0" mass="1" elasticityCoef="1" ang="90,0,0" color="0,220,0" radius="0.5" length="4" />
		<capsule pos="1.1499999999999986,27.5,-11.5" vel="0,0,0" mass="1" elasticityCoef="1" ang="90,0,0" color="0,220,0" radius="0.5" length="4" />
		<capsule pos="1.1499999999999986,27.5,-9.199999999999996" vel="0,0,0" mass="1" elasticityCoef="1" ang="90,0,0" color="0,220,0" radius="0.5" length="4" />
		<capsule pos="1.1499999999999986,27.5,-6.899999999999999" vel="0,0,0" mass="1" elasticityCoef="1" ang="90,0,0" color="0,220,0" radius="0.5" length="4" />
		<capsule pos="1.1499999999999986,27.5,-4.600000000000001" vel="0,0,0" mass="1" elasticityCoef="1" ang="90,0,0" color="0,220,0" radius="0.5" length="4" />
		<capsule pos="1.1499999999999986,27.5,-2.299999999999997" vel="0,0,0" mass="1" elasticityCoef="1" ang="90,0,0" color="0,220,0" radius="0.5" length="4" />
		<capsule pos="1.1499999999999986,27.5,0.0" vel="0,0,0" mass="1" elasticityCoef="1" ang="90,0,0" color="0,220,0" radius="0.5" length="4" />
		<capsule pos="1.1499999999999986,27.5,2.3000000000000043" vel="0,0,0" mass="1" elasticityCoef="1" ang="90,0,0" color="0,220,0" radius="0.5" length="4" />
		<capsule pos="1.1499999999999986,27.5,4.600000000000001" vel="0,0,0" mass="1" elasticityCoef="1" ang="90,0,0" color="0,220,0" radius="0.5" length="4" />
		<capsule pos="1.1499999999999986,27.5,6.899999999999999" vel="0,0,0" mass="1" elasticityCoef="1" ang="90,0,0" color="0,220,0" radius="0.5" length="4" />
		<capsule pos="1.1499999999999986,27.5,9.200000000000003" vel="0,0,0" mass="1" elasticityCoef="1" ang="90,0,0" color="0,220,0" radius="0.5" length="4" />
		<capsule pos="1.1499999999999986,27.5,11.5" vel="0,0,0" mass="1" elasticityCoef="1" ang="90,0,0" color="0,220,0" radius="0.5" length="4" />
		<capsule pos="1.1499999999999986,27.5,13.799999999999997" vel="0,0,0" mass="1" elasticityCoef="1" ang="90,0,0" color="0,220,0" radius="0.5" length="4" />
		<capsule pos="1.1499999999999986,27.5,16.1" vel="0,0,0" mass="1" elasticityCoef="1" ang="90,0,0" color="0,220,0" radius="0.5" length="4" />
		<capsule pos="1.1499999999999986,27.5,18.4" vel="0,0,0" mass="1" elasticityCoef="1" ang="90,0,0" color="0,220,0" radius="0.5" length="4" />
		<capsule pos="1.1499999999999986,27.5,20.699999999999996" vel="0,0,0" mass="1" elasticityCoef="1" ang="90,0,0" color="0,220,0" radius="0.5" length="4" />
		<capsule pos="1.1499999999999986,27.5,22.999999999999993" vel="0,0,0" mass="1" elasticityCoef="1" ang="90,0,0" color="0,220,0" radius="0.5" length="4" />
		<capsule pos="1.1499999999999986,27.5,25.300000000000004" vel="0,0,0" mass="1" elasticityCoef="1" ang="90,0,0" color="0,220,0" radius="0.5" length="4" />
		<capsule pos="1.1499999999999986,27.5,27.6" vel="0,0,0" mass="1" elasticityCoef="1" ang="90,0,0" color="0,220,0" radius="0.5" length="4" />
		<capsule pos="1.1499999999999986,27.5,29.9" vel="0,0,0" mass="1" elasticityCoef="1" ang="90,0,0" color="0,220,0" radius="0.5" length="4" />
		<capsule pos="1.1499999999999986,27.5,32.199999999999996" vel="0,0,0" mass="1" elasticityCoef="1" ang="90,0,0" color="0,220,0" radius="0.5" length="4" />
		<capsule pos="1.1499999999999986,27.5,34.49999999999999" vel="0,0,0" mass="1" elasticityCoef="1" ang="90,0,0" color="0,220,0" radius="0.5" length="4" />
		<capsule pos="1.1499999999999986,27.5,36.800000000000004" vel="0,0,0" mass="1" elasticityCoef="1" ang="90,0,0" color="0,220,0" radius="0.5" length="4" />
		<capsule pos="1.1499999999999986,27.5,39.1" vel="0,0,0" mass="1" elasticityCoef="1" ang="90,0,0" color="0,220,0" radius="0.5" length="4" />
		<capsule pos="1.1499999999999986,27.5,41.4" vel="0,0,0" mass="1" elasticityCoef="1" ang="90,0,0" color="0,220,0" radius="0.5" length="4" />
		<capsule pos="1.1499999999999986,33.0,-43.699999999999996" vel="0,0,0" mass="1" elasticityCoef="1" ang="90,0,0" color="0,220,0" radius="0.5" length="4" />
		<capsule pos="1.1499999999999986,33.0,-41.4" vel="0,0,0" mass="1" elasticityCoef="1" ang="90,0,0" color="0,220,0" radius="0.5" length="4" />
		<capsule pos="1.1499999999999986,33.0,-39.099999999999994" vel="0,0,0" mass="1" elasticityCoef="1" ang="90,0,0" color="0,220,0" radius="0.5" length="4" />
		<capsule pos="1.1499999999999986,33.0,-36.8" vel="0,0,0" mass="1" elasticityCoef="1" ang="90,0,0" color="0,220,0" radius="0.5" length="4" />
		<capsule pos="1.1499999999999986,33.0,-34.5" vel="0,0,0" mass="1" elasticityCoef="1" ang="90,0,0" color="0,220,0" radius="0.5" length="4" />
		<capsule pos="1.1499999999999986,33.0,-32.199999999999996" vel="0,0,0" mass="1" elasticityCoef="1" ang="90,0,0" color="0,220,0" radius="0.5" length="4" />
		<capsule pos="1.1499999999999986,33.0,-29.9" vel="0,0,0" mass="1" elasticityCoef="1" ang="90,0,0" color="0,220,0" radius="0.5" length="4" />
		<capsule pos="1.1499999999999986,33.0,-27.599999999999998" vel="0,0,0" mass="1" elasticityCoef="1" ang="90,0,0" color="0,220,0" radius="0.5" length="4" />
		<capsule pos="1.1499999999999986,33.0,-25.299999999999997" vel="0,0,0" mass="1" elasticityCoef="1" ang="90,0,0" color="0,220,0" radius="0.5" length="4" />
		<capsule pos="1.1499999999999986,33.0,-22.999999999999996" vel="0,0,0" mass="1" elasticityCoef="1" ang="90,0,0" color="0,220,0" radius="0.5" length="4" />
		<capsule pos="1.1499999999999986,33.0,-20.699999999999996" vel="0,0,0" mass="1" elasticityCoef="1" ang="90,0,0" color="0,220,0" radius="0.5" length="4" />
		<capsule pos="1.1499999999999986,33.0,-18.4" vel="0,0,0" mass="1" elasticityCoef="1" ang="90,0,0" color="0,220,0" radius="0.5" length="4" />
		<capsule pos="1.1499999999999986,33.0,-16.099999999999998" vel="0,0,0" mass="1" elasticityCoef="1" ang="90,0,0" color="0,220,0" radius="0.5" length="4" />
		<capsule pos="1.1499999999999986,33.0,-13.799999999999997" vel="0,0,0" mass="1" elasticityCoef="1" ang="90,0,0" color="0,220,0" radius="0.5" length="4" />
		<capsule pos="1.1499999999999986,33.0,-11.5" vel="0,0,0" mass="1" elasticityCoef="1" ang="90,0,0" color="0,220,0" radius="0.5" length="4" />
		<capsule pos="1.1499999999999986,33.0,-9.199999999999996" vel="0,0,0" mass="1" elasticityCoef="1" ang="90,0,0" color="0,220,0" radius="0.5" length="4" />
		<capsule pos="1.1499999999999986,33.0,-6.899999999999999" vel="0,0,0" mass="1" elasticityCoef="1" ang="90,0,0" color="0,220,0" radius="0.5" length="4" />
		<capsule pos="1.1499999999999986,33.0,-4.600000000000001" vel="0,0,0" mass="1" elasticityCoef="1" ang="90,0,0" color="0,220,0" radius="0.5" length="4" />
		<capsule pos="1.1499999999999986,33.0,-2.299999999999997" vel="0,0,0" mass="1" elasticityCoef="1" ang="90,0,0" color="0,220,0" radius="0.5" length="4" />
		<capsule pos="1.1499999999999986,33.0,0.0" vel="0,0,0" mass="1" elasticityCoef="1" ang="90,0,0" color="0,220,0" radius="0.5" length="4" />
		<capsule pos="1.1499999999999986,33.0,2.3000000000000043" vel="0,0,0" mass="1" elasticityCoef="1" ang="90,0,0" color="0,220,0" radius="0.5" length="4" />
		<capsule pos="1.1499999999999986,33.0,4.600000000000001" vel="0,0,0" mass="1" elasticityCoef="1" ang="90,0,0" color="0,220,0" radius="0.5" length="4" />
		<capsule pos="1.1499999999999986,33.0,6.899999999999999" vel="0,0,0" mass="1" elasticityCoef="1" ang="90,0,0" color="0,220,0" radius="0.5" length="4" />
		<capsule pos="1.1499999999999986,33.0,9.200000000000003" vel="0,0,0" mass="1" elasticityCoef="1" ang="90,0,0" color="0,220,0" radius="0.5" length="4" />
		<capsule pos="1.1499999999999986,33.0,11.5" vel="0,0,0" mass="1" elasticityCoef="1" ang="90,0,0" color="0,220,0" radius="0.5" length="4" />
		<capsule pos="1.1499999999999986,33.0,13.799999999999997" vel="0,0,0" mass="1" elasticityCoef="1" ang="90,0,0" color="0,220,0" radius="0.5" length="4" />
		<capsule pos="1.1499999999999986,33.0,16.1" vel="0,0,0" mass="1" elasticityCoef="1" ang="90,0,0" color="0,220,0" radius="0.5" length="4" />
		<capsule pos="1.1499999999999986,33.0,18.4" vel="0,0,0" mass="1" elasticityCoef="1" ang="90,0,0" color="0,220,0" radius="0.5" length="4" />
		<capsule pos="1.1499999999999986,33.0,20.699999999999996" vel="0,0,0" mass="1" elasticityCoef="1" ang="90,0,0" color="0,220,0" radius="0.5" length="4" />
		<capsule pos="1.1499999999999986,33.0,22.999999999999993" vel="0,0,0" mass="1" elasticityCoef="1" ang="90,0,0" color="0,220,0" radius="0.5" length="4" />
		<capsule pos="1.1499999999999986,33.0,25.300000000000004" vel="0,0,0" mass="1" elasticityCoef="1" ang="90,0,0" color="0,220,0" radius="0.5" length="4" />
		<capsule pos="1.1499999999999986,33.0,27.6" vel="0,0,0" mass="1" elasticityCoef="1" ang="90,0,0" color="0,220,0" radius="0.5" length="4" />
		<capsule pos="1.1499999999999986,33.0,29.9" vel="0,0,0" mass="1" elasticityCoef="1" ang="90,0,0" color="0,220,0" radius="0.5" length="4" />
		<capsule pos="1.1499999999999986,33.0,32.199999999999996" vel="0,0,0" mass="1" elasticityCoef="1" ang="90,0,0" color="0,220,0" radius="0.5" length="4" />
		<capsule pos="1.1499999999999986,33.0,34.49999999999999" vel="0,0,0" mass="1" elasticityCoef="1" ang="90,0,0" color="0,220,0" radius="0.5" length="4" />
		<capsule pos="1.1499999999999986,33.0,36.800000000000004" vel="0,0,0" mass="1" elasticityCoef="1" ang="90,0,0" color="0,220,0" radius="0.5" length="4" />
		<capsule pos="1.1499999999999986,33.0,39.1" vel="0,0,0" mass="1" elasticityCoef="1" ang="90,0,0" color="0,220,0" radius="0.5" length="4" />
		<capsule pos="1.1499999999999986,33.0,41.4" vel="0,0,0" mass="1" elasticityCoef="1" ang="90,0,0" color="0,220,0" radius="0.5" length="4" />
		<capsule pos="1.1499999999999986,38.5,-43.699999999999996" vel="0,0,0" mass="1" elasticityCoef="1" ang="90,0,0" color="0,220,0" radius="0.5" length="4" />
		<capsule pos="1.1499999999999986,38.5,-41.4" vel="0,0,0" mass="1" elasticityCoef="1" ang="90,0,0" color="0,220,0" radius="0.5" length="4" />
		<capsule pos="1.1499999999999986,38.5,-39.099999999999994" vel="0,0,0" mass="1" elasticityCoef="1" ang="90,0,0" color="0,220,0" radius="0.5" length="4" />
		<capsule pos="1.1499999999999986,38.5,-36.8" vel="0,0,0" mass="1" elasticityCoef="1" ang="90,0,0" color="0,220,0" radius="0.5" length="4" />
		<capsule pos="1.1499999999999986,38.5,-34.5" vel="0,0,0" mass="1" elasticityCoef="1" ang="90,0,0" color="0,220,0" radius="0.5" length="4" />
		<capsule pos="1.1499999999999986,38.5,-32.199999999999996" vel="0,0,0" mass="1" elasticityCoef="1" ang="90,0,0" color="0,220,0" radius="0.5" length="4" />
		<capsule pos="1.1499999999999986,38.5,-29.9" vel="0,0,0" mass="1" elasticityCoef="1" ang="90,0,0" color="0,220,0" radius="0.5" length="4" />
		<capsule pos="1.1499999999999986,38.5,-27.599999999999998" vel="0,0,0" mass="1" elasticityCoef="1" ang="90,0,0" color="0,220,0" radius="0.5" length="4" />
		<capsule pos="1.1499999999999986,38.5,-25.299999999999997" vel="0,0,0" mass="1" elasticityCoef="1" ang="90,0,0" color="0,220,0" radius="0.5" length="4" />
		<capsule pos="1.1499999999999986,38.5,-22.999999999999996" vel="0,0,0" mass="1" elasticityCoef="1" ang="90,0,0" color="0,220,0" radius="0.5" length="4" />
		<capsule pos="1.1499999999999986,38.5,-20.699999999999996" vel="0,0,0" mass="1" elasticityCoef="1" ang="90,0,0" color="0,220,0" radius="0.5" length="4" />
		<capsule pos="1.1499999999999986,38.5,-18.4" vel="0,0,0" mass="1" elasticityCoef="1" ang="90,0,0" color="0,220,0" radius="0.5" length="4" />
		<capsule pos="1.1499999999999986,38.5,-16.099999999999998" vel="0,0,0" mass="1" elasticityCoef="1" ang="90,0,0" color="0,220,0" radius="0.5" length="4" />
		<capsule pos="1.1499999999999986,38.5,-13.799999999999997" vel="0,0,0" mass="1" elasticityCoef="1" ang="90,0,0" color="0,220,0" radius="0.5" length="4" />
		<capsule pos="1.1499999999999986,38.5,-11.5" vel="0,0,0" mass="1" elasticityCoef="1" ang="90,0,0" color="0,220,0" radius="0.5" length="4" />
		<capsule pos="1.1499999999999986,38.5,-9.199999999999996" vel="0,0,0" mass="1" elasticityCoef="1" ang="90,0,0" color="0,220,0" radius="0.5" length="4" />
		<capsule pos="1.1499999999999986,38.5,-6.899999999999999" vel="0,0,0" mass="1" elasticityCoef="1" ang="90,0,0" color="0,220,0" radius="0.5" length="4" />
		<capsule pos="1.1499999999999986,38.5,-4.600000000000001" vel="0,0,0" mass="1" elasticityCoef="1" ang="90,0,0" color="0,220,0" radius="0.5" length="4" />
		<capsule pos="1.1499999999999986,38.5,-2.299999999999997" vel="0,0,0" mass="1" elasticityCoef="1" ang="90,0,0" color="0,220,0" radius="0.5" length="4" />
		<capsule pos="1.1499999999999986,38.5,0.0" vel="0,0,0" mass="1" elasticityCoef="1" ang="90,0,0" color="0,220,0" radius="0.5" length="4" />
		<capsule pos="1.1499999999999986,38.5,2.3000000000000043" vel="0,0,0" mass="1" elasticityCoef="1" ang="90,0,0" color="0,220,0" radius="0.5" length="4" />
		<capsule pos="1.1499999999999986,38.5,4.600000000000001" vel="0,0,0" mass="1" elasticityCoef="1" ang="90,0,0" color="0,220,0" radius="0.5" length="4" />
		<capsule pos="1.1499999999999986,38.5,6.899999999999999" vel="0,0,0" mass="1" elasticityCoef="1" ang="90,0,0" color="0,220,0" radius="0.5" length="4" />
		<capsule pos="1.1499999999999986,38.5,9.200000000000003" vel="0,0,0" mass="1" elasticityCoef="1" ang="90,0,0" color="0,220,0" radius="0.5" length="4" />
		<capsule pos="1.1499999999999986,38.5,11.5" vel="0,0,0" mass="1" elasticityCoef="1" ang="90,0,0" color="0,220,0" radius="0.5" length="4" />
		<capsule pos="1.1499999999999986,38.5,13.799999999999997" vel="0,0,0" mass="1" elasticityCoef="1" ang="90,0,0" color="0,220,0" radius="0.5" length="4" />
		<capsule pos="1.1499999999999986,38.5,16.1" vel="0,0,0" mass="1" elasticityCoef="1" ang="90,0,0" color="0,220,0" radius="0.5" length="4" />
		<capsule pos="1.1499999999999986,38.5,18.4" vel="0,0,0" mass="1" elasticityCoef="1" ang="90,0,0" color="0,220,0" radius="0.5" length="4" />
		<capsule pos="1.1499999999999986,38.5,20.699999999999996" vel="0,0,0" mass="1" elasticityCoef="1" ang="90,0,0" color="0,220,0" radius="0.5" length="4" />
		<capsule pos="1.1499999999999986,38.5,22.999999999999993" vel="0,0,0" mass="1" elasticityCoef="1" ang="90,0,0" color="0,220,0" radius="0.5" length="4" />
		<capsule pos="1.1499999999999986,38.5,25.300000000000004" vel="0,0,0" mass="1" elasticityCoef="1" ang="90,0,0" color="0,220,0" radius="0.5" length="4" />
		<capsule pos="1.1499999999999986,38.5,27.6" vel="0,0,0" mass="1" elasticityCoef="1" ang="90,0,0" color="0,220,0" radius="0.5" length="4" />
		<capsule pos="1.1499999999999986,38.5,29.9" vel="0,0,0" mass="1" elasticityCoef="1" ang="90,0,0" color="0,220,0" radius="0.5" length="4" />
		<capsule pos="1.1499999999999986,38.5,32.199999999999996" vel="0,0,0" mass="1" elasticityCoef="1" ang="90,0,0" color="0,220,0" radius="0.5" length="4" />
		<capsule pos="1.1499999999999986,38.5,34.49999999999999" vel="0,0,0" mass="1" elasticityCoef="1" ang="90,0,0" color="0,220,0" radius="0.5" length="4" />
		<capsule pos="1.1499999999999986,38.5,36.800000000000004" vel="0,0,0" mass="1" elasticityCoef="1" ang="90,0,0" color="0,220,0" radius="0.5" length="4" />
		<capsule pos="1.1499999999999986,38.5,39.1" vel="0,0,0" mass="1" elasticityCoef="1" ang="90,0,0" color="0,220,0" radius="0.5" length="4" />
		<capsule pos="1.1499999999999986,38.5,41.4" vel="0,0,0" mass="1" elasticityCoef="1" ang="90,0,0" color="0,220,0" radius="0.5" length="4" />
		<capsule pos="1.1499999999999986,44.0,-43.699999999999996" vel="0,0,0" mass="1" elasticityCoef="1" ang="90,0,0" color="0,220,0" radius="0.5" length="4" />
		<capsule pos="1.1499999999999986,44.0,-41.4" vel="0,0,0" mass="1" elasticityCoef="1" ang="90,0,0" color="0,220,0" radius="0.5" length="4" />
		<capsule pos="1.1499999999999986,44.0,-39.099999999999994" vel="0,0,0" mass="1" elasticityCoef="1" ang="90,0,0" color="0,220,0" radius="0.5" length="4" />
		<capsule pos="1.1499999999999986,44.0,-36.8" vel="0,0,0" mass="1" elasticityCoef="1" ang="90,0,0" color="0,220,0" radius="0.5" length="4" />
		<capsule pos="1.1499999999999986,44.0,-34.5" vel="0,0,0" mass="1" elasticityCoef="1" ang="90,0,0" color="0,220,0" radius="0.5" length="4" />
		<capsule pos="1.1499999999999986,44.0,-32.199999999999996" vel="0,0,0" mass="1" elasticityCoef="1" ang="90,0,0" color="0,220,0" radius="0.5" length="4" />
		<capsule pos="1.1499999999999986,44.0,-29.9" vel="0,0,0" mass="1" elasticityCoef="1" ang="90,0,0" color="0,220,0" radius="0.5" length="4" />
		<capsule pos="1.1499999999999986,44.0,-27.599999999999998" vel="0,0,0" mass="1" elasticityCoef="1" ang="90,0,0" color="0,220,0" radius="0.5" length="4" />
		<capsule pos="1.1499999999999986,44.0,-25.299999999999997" vel="0,0,0" mass="1" elasticityCoef="1" ang="90,0,0" color="0,220,0" radius="0.5" length="4" />
		<capsule pos="1.1499999999999986,44.0,-22.999999999999996" vel="0,0,0" mass="1" elasticityCoef="1" ang="90,0,0" color="0,220,0" radius="0.5" length="4" />
		<capsule pos="1.1499999999999986,44.0,-20.699999999999996" vel="0,0,0" mass="1" elasticityCoef="1" ang="90,0,0" color="0,220,0" radius="0.5" length="4" />
		<capsule pos="1.1499999999999986,44.0,-18.4" vel="0,0,0" mass="1" elasticityCoef="1" ang="90,0,0" color="0,220,0" radius="0.5" length="4" />
		<capsule pos="1.1499999999999986,44.0,-16.099999999999998" vel="0,0,0" mass="1" elasticityCoef="1" ang="90,0,0" color="0,220,0" radius="0.5" length="4" />
		<capsule pos="1.1499999999999986,44.0,-13.799999999999997" vel="0,0,0" mass="1" elasticityCoef="1" ang="90,0,0" color="0,220,0" radius="0.5" length="4" />
		<capsule pos="1.1499999999999986,44.0,-11.5" vel="0,0,0" mass="1" elasticityCoef="1" ang="90,0,0" color="0,220,0" radius="0.5" length="4" />
		<capsule pos="1.1499999999999986,44.0,-9.199999999999996" vel="0,0,0" mass="1" elasticityCoef="1" ang="90,0,0" color="0,220,0" radius="0.5" length="4" />
		<capsule pos="1.1499999999999986,44.0,-6.899999999999999" vel="0,0,0" mass="1" elasticityCoef="1" ang="90,0,0" color="0,220,0" radius="0.5" length="4" />
		<capsule pos="1.1499999999999986,44.0,-4.600000000000001" vel="0,0,0" mass="1" elasticityCoef="1" ang="90,0,0" color="0,220,0" radius="0.5" length="4" />
		<capsule pos="1.1499999999999986,44.0,-2.299999999999997" vel="0,0,0" mass="1" elasticityCoef="1" ang="90,0,0" color="0,220,0" radius="0.5" length="4" />
		<capsule pos="1.1499999999999986,44.0,0.0" vel="0,0,0" mass="1" elasticityCoef="1" ang="90,0,0" color="0,220,0" radius="0.5" length="4" />
		<capsule pos="1.1499999999999986,44.0,2.3000000000000043" vel="0,0,0" mass="1" elasticityCoef="1" ang="90,0,0" color="0,220,0" radius="0.5" length="4" />
		<capsule pos="1.1499999999999986,44.0,4.600000000000001" vel="0,0,0" mass="1" elasticityCoef="1" ang="90,0,0" color="0,220,0" radius="0.5" length="4" />
		<capsule pos="1.1499999999999986,44.0,6.899999999999999" vel="0,0,0" mass="1" elasticityCoef="1" ang="90,0,0" color="0,220,0" radius="0.5" length="4" />
		<capsule pos="1.1499999999999986,44.0,9.200000000000003" vel="0,0,0" mass="1" elasticityCoef="1" ang="90,0,0" color="0,220,0" radius="0.5" length="4" />
		<capsule pos="1.1499999999999986,44.0,11.5" vel="0,0,0" mass="1" elasticityCoef="1" ang="90,0,0" color="0,220,0" radius="0.5" length="4" />
		<capsule pos="1.1499999999999986,44.0,13.799999999999997" vel="0,0,0" mass="1" elasticityCoef="1" ang="90,0,0" color="0,220,0" radius="0.5" length="4" />
		<capsule pos="1.1499999999999986,44.0,16.1" vel="0,0,0" mass="1" elasticityCoef="1" ang="90,0,0" color="0,220,0" radius="0.5" length="4" />
		<capsule pos="1.1499999999999986,44.0,18.4" vel="0,0,0" mass="1" elasticityCoef="1" ang="90,0,0" color="0,220,0" radius="0.5" length="4" />
		<capsule pos="1.1499999999999986,44.0,20.699999999999996" vel="0,0,0" mass="1" elasticityCoef="1" ang="90,0,0" color="0,220,0" radius="0.5" length="4" />
		<capsule pos="1.1499999999999986,44.0,22.999999999999993" vel="0,0,0" mass="1" elasticityCoef="1" ang="90,0,0" color="0,220,0" radius="0.5" length="4" />
		<capsule pos="1.1499999999999986,44.0,25.300000000000004" vel="0,0,0" mass="1" elasticityCoef="1" ang="90,0,0" color="0,220,0" radius="0.5" length="4" />
		<capsule pos="1.1499999999999986,44.0,27.6" vel="0,0,0" mass="1" elasticityCoef="1" ang="90,0,0" color="0,220,0" radius="0.5" length="4" />
		<capsule pos="1.1499999999999986,44.0,29.9" vel="0,0,0" mass="1" elasticityCoef="1" ang="90,0,0" color="0,220,0" radius="0.5" length="4" />
		<capsule pos="1.1499999999999986,44.0,32.199999999999996" vel="0,0,0" mass="1" elasticityCoef="1" ang="90,0,0" color="0,220,0" radius="0.5" length="4" />
		<capsule pos="1.1499999999999986,44.0,34.49999999999999" vel="0,0,0" mass="1" elasticityCoef="1" ang="90,0,0" color="0,220,0" radius="0.5" length="4" />
		<capsule pos="1.1499999999999986,44.0,36.800000000000004" vel="0,0,0" mass="1" elasticityCoef="1" ang="90,0,0" color="0,220,0" radius="0.5" length="4" />
		<capsule pos="1.1499999999999986,44.0,39.1" vel="0,0,0" mass="1" elasticityCoef="1" ang="90,0,0" color="0,220,0" radius="0.5" length="4" />
		<capsule pos="1.1499999999999986,44.0,41.4" vel="0,0,0" mass="1" elasticityCoef="1" ang="90,0,0" color="0,220,0" radius="0.5" length="4" />
		<capsule pos="3.450000000000003,-49.5,-43.699999999999996" vel="0,0,0" mass="1" elasticityCoef="1" ang="90,0,0" color="0,220,0" radius="0.5" length="4" />
		<capsule pos="3.450000000000003,-49.5,-41.4" vel="0,0,0" mass="1" elasticityCoef="1" ang="90,0,0" color="0,220,0" radius="0.5" length="4" />
		<capsule pos="3.450000000000003,-49.5,-39.099999999999994" vel="0,0,0" mass="1" elasticityCoef="1" ang="90,0,0" color="0,220,0" radius="0.5" length="4" />
		<capsule pos="3.450000000000003,-49.5,-36.8" vel="0,0,0" mass="1" elasticityCoef="1" ang="90,0,0" color="0,220,0" radius="0.5" length="4" />
		<capsule pos="3.450000000000003,-49.5,-34.5" vel="0,0,0" mass="1" elasticityCoef="1" ang="90,0,0" color="0,220,0" radius="0.5" length="4" />
		<capsule pos="3.450000000000003,-49.5,-32.199999999999996" vel="0,0,0" mass="1" elasticityCoef="1" ang="90,0,0" color="0,220,0" radius="0.5" length="4" />
		<capsule pos="3.450000000000003,-49.5,-29.9" vel="0,0,0" mass="1" elasticityCoef="1" ang="90,0,0" color="0,220,0" radius="0.5" length="4" />
		<capsule pos="3.450000000000003,-49.5,-27.599999999999998" vel="0,0,0" mass="1" elasticityCoef="1" ang="90,0,0" color="0,220,0" radius="0.5" length="4" />
		<capsule pos="3.450000000000003,-49.5,-25.299999999999997" vel="0,0,0" mass="1" elasticityCoef="1" ang="90,0,0" color="0,220,0" radius="0.5" length="4" />
		<capsule pos="3.450000000000003,-49.5,-22.999999999999996" vel="0,0,0" mass="1" elasticityCoef="1" ang="90,0,0" color="0,220,0" radius="0.5" length="4" />
		<capsule pos="3.450000000000003,-49.5,-20.699999999999996" vel="0,0,0" mass="1" elasticityCoef="1" ang="90,0,0" color="0,220,0" radius="0.5" length="4" />
		<capsule pos="3.450000000000003,-49.5,-18.4" vel="0,0,0" mass="1" elasticityCoef="1" ang="90,0,0" color="0,220,0" radius="0.5" length="4" />
		<capsule pos="3.450000000000003,-49.5,-16.099999999999998" vel="0,0,0" mass="1" elasticityCoef="1" ang="90,0,0" color="0,220,0" radius="0.5" length="4" />
		<capsule pos="3.450000000000003,-49.5,-13.799999999999997" vel="0,0,0" mass="1" elasticityCoef="1" ang="90,0,0" color="0,220,0" radius="0.5" length="4" />
		<capsule pos="3.450000000000003,-49.5,-11.5" vel="0,0,0" mass="1" elasticityCoef="1" ang="90,0,0" color="0,220,0" radius="0.5" length="4" />
		<capsule pos="3.450000000000003,-49.5,-9.199999999999996" vel="0,0,0" mass="1" elasticityCoef="1" ang="90,0,0" color="0,220,0" radius="0.5" length="4" />
		<capsule pos="3.450000000000003,-49.5,-6.899999999999999" vel="0,0,0" mass="1" elasticityCoef="1" ang="90,0,0" color="0,220,0" radius="0.5" length="4" />
		<capsule pos="3.450000000000003,-49.5,-4.600000000000001" vel="0,0,0" mass="1" elasticityCoef="1" ang="90,0,0" color="0,220,0" radius="0.5" length="4" />
		<capsule pos="3.450000000000003,-49.5,-2.299999999999997" vel="0,0,0" mass="1" elasticityCoef="1" ang="90,0,0" color="0,220,0" radius="0.5" length="4" />
		<capsule pos="3.450000000000003,-49.5,0.0" vel="0,0,0" mass="1" elasticityCoef="1" ang="90,0,0" color="0,220,0" radius="0.5" length="4" />
		<capsule pos="3.450000000000003,-49.5,2.3000000000000043" vel="0,0,0" mass="1" elasticityCoef="1" ang="90,0,0" color="0,220,0" radius="0.5" length="4" />
		<capsule pos="3.450000000000003,-49.5,4.600000000000001" vel="0,0,0" mass="1" elasticityCoef="1" ang="90,0,0" color="0,220,0" radius="0.5" length="4" />
		<capsule pos="3.450000000000003,-49.5,6.899999999999999" vel="0,0,0" mass="1" elasticityCoef="1" ang="90,0,0" color="0,220,0" radius="0.5" length="4" />
		<capsule pos="3.450000000000003,-49.5,9.200000000000003" vel="0,0,0" mass="1" elasticityCoef="1" ang="90,0,0" color="0,220,0" radius="0.5" length="4" />
		<capsule pos="3.450000000000003,-49.5,11.5" vel="0,0,0" mass="1" elasticityCoef="1" ang="90,0,0" color="0,220,0" radius="0.5" length="4" />
		<capsule pos="3.450000000000003,-49.5,13.799999999999997" vel="0,0,0" mass="1" elasticityCoef="1" ang="90,0,0" color="0,220,0" radius="0.5" length="4" />
		<capsule pos="3.450000000000003,-49.5,16.1" vel="0,0,0" mass="1" elasticityCoef="1" ang="90,0,0" color="0,220,0" radius="0.5" length="4" />
		<capsule pos="3.450000000000003,-49.5,18.4" vel="0,0,0" mass="1" elasticityCoef="1" ang="90,0,0" color="0,220,0" radius="0.5" length="4" />
		<capsule pos="3.450000000000003,-49.5,20.699999999999996" vel="0,0,0" mass="1" elasticityCoef="1" ang="90,0,0" color="0,220,0" radius="0.5" length="4" />
		<capsule pos="3.450000000000003,-49.5,22.999999999999993" vel="0,0,0" mass="1" elasticityCoef="1" ang="90,0,0" color="0,220,0" radius="0.5" length="4" />
		<capsule pos="3.450000000000003,-49.5,25.300000000000004" vel="0,0,0" mass="1" elasticityCoef="1" ang="90,0,0" color="0,220,0" radius="0.5" length="4" />
		<capsule pos="3.450000000000003,-49.5,27.6" vel="0,0,0" mass="1" elasticityCoef="1" ang="90,0,0" color="0,220,0" radius="0.5" length="4" />
		<capsule pos="3.450000000000003,-49.5,29.9" vel="0,0,0" mass="1" elasticityCoef="1" ang="90,0,0" color="0,220,0" radius="0.5" length="4" />
		<capsule pos="3.450000000000003,-49.5,32.199999999999996" vel="0,0,0" mass="1" elasticityCoef="1" ang="90,0,0" color="0,220,0" radius="0.5" length="4" />
		<capsule pos="3.450000000000003,-49.5,34.49999999999999" vel="0,0,0" mass="1" elasticityCoef="1" ang="90,0,0" color="0,220,0" radius="0.5" length="4" />
		<capsule pos="3.450000000000003,-49.5,36.800000000000004" vel="0,0,0" mass="1" elasticityCoef="1" ang="90,0,0" color="0,220,0" radius="0.5" length="4" />
		<capsule pos="3.450000000000003,-49.5,39.1" vel="0,0,0" mass="1" elasticityCoef="1" ang="90,0,0" color="0,220,0" radius="0.5" length="4" />
		<capsule pos="3.450000000000003,-49.5,41.4" vel="0,0,0" mass="1" elasticityCoef="1" ang="90,0,0" color="0,220,0" radius="0.5" length="4" />
		<capsule pos="3.450000000000003,-44.0,-43.699999999999996" vel="0,0,0" mass="1" elasticityCoef="1" ang="90,0,0" color="0,220,0" radius="0.5" length="4" />
		<capsule pos="3.450000000000003,-44.0,-41.4" vel="0,0,0" mass="1" elasticityCoef="1" ang="90,0,0" color="0,220,0" radius="0.5" length="4" />
		<capsule pos="3.450000000000003,-44.0,-39.099999999999994" vel="0,0,0" mass="1" elasticityCoef="1" ang="90,0,0" color="0,220,0" radius="0.5" length="4" />
		<capsule pos="3.450000000000003,-44.0,-36.8" vel="0,0,0" mass="1" elasticityCoef="1" ang="90,0,0" color="0,220,0" radius="0.5" length="4" />
		<capsule pos="3.450000000000003,-44.0,-34.5" vel="0,0,0" mass="1" elasticityCoef="1" ang="90,0,0" color="0,220,0" radius="0.5" length="4" />
		<capsule pos="3.450000000000003,-44.0,-32.199999999999996" vel="0,0,0" mass="1" elasticityCoef="1" ang="90,0,0" color="0,220,0" radius="0.5" length="4" />
		<capsule pos="3.450000000000003,-44.0,-29.9" vel="0,0,0" mass="1" elasticityCoef="1" ang="90,0,0" color="0,220,0" radius="0.5" length="4" />
		<capsule pos="3.450000000000003,-44.0,-27.599999999999998" vel="0,0,0" mass="1" elasticityCoef="1" ang="90,0,0" color="0,220,0" radius="0.5" length="4" />
		<capsule pos="3.450000000000003,-44.0,-25.299999999999997" vel="0,0,0" mass="1" elasticityCoef="1" ang="90,0,0" color="0,220,0" radius="0.5" length="4" />
		<capsule pos="3.450000000000003,-44.0,-22.999999999999996" vel="0,0,0" mass="1" elasticityCoef="1" ang="90,0,0" color="0,220,0" radius="0.5" length="4" />
		<capsule pos="3.450000000000003,-44.0,-20.699999999999996" vel="0,0,0" mass="1" elasticityCoef="1" ang="90,0,0" color="0,220,0" radius="0.5" length="4" />
		<capsule pos="3.450000000000003,-44.0,-18.4" vel="0,0,0" mass="1" elasticityCoef="1" ang="90,0,0" color="0,220,0" radius="0.5" length="4" />
		<capsule pos="3.450000000000003,-44.0,-16.099999999999998" vel="0,0,0" mass="1" elasticityCoef="1" ang="90,0,0" color="0,220,0" radius="0.5" length="4" />
		<capsule pos="3.450000000000003,-44.0,-13.799999999999997" vel="0,0,0" mass="1" elasticityCoef="1" ang="90,0,0" color="0,220,0" radius="0.5" length="4" />
		<capsule pos="3.450000000000003,-44.0,-11.5" vel="0,0,0" mass="1" elasticityCoef="1" ang="90,0,0" color="0,220,0" radius="0.5" length="4" />
		<capsule pos="3.450000000000003,-44.0,-9.199999999999996" vel="0,0,0" mass="1" elasticityCoef="1" ang="90,0,0" color="0,220,0" radius="0.5" length="4" />
		<capsule pos="3.450000000000003,-44.0,-6.899999999999999" vel="0,0,0" mass="1" elasticityCoef="1" ang="90,0,0" color="0,220,0" radius="0.5" length="4" />
		<capsule pos="3.450000000000003,-44.0,-4.600000000000001" vel="0,0,0" mass="1" elasticityCoef="1" ang="90,0,0" color="0,220,0" radius="0.5" length="4" />
		<capsule pos="3.450000000000003,-44.0,-2.299999999999997" vel="0,0,0" mass="1" elasticityCoef="1" ang="90,0,0" color="0,220,0" radius="0.5" length="4" />
		<capsule pos="3.450000000000003,-44.0,0.0" vel="0,0,0" mass="1" elasticityCoef="1" ang="90,0,0" color="0,220,0" radius="0.5" length="4" />
		<capsule pos="3.450000000000003,-44.0,2.3000000000000043" vel="0,0,0" mass="1" elasticityCoef="1" ang="90,0,0" color="0,220,0" radius="0.5" length="4" />
		<capsule pos="3.450000000000003,-44.0,4.600000000000001" vel="0,0,0" mass="1" elasticityCoef="1" ang="90,0,0" color="0,220,0" radius="0.5" length="4" />
		<capsule pos="3.450000000000003,-44.0,6.899999999999999" vel="0,0,0" mass="1" elasticityCoef="1" ang="90,0,0" color="0,220,0" radius="0.5" length="4" />
		<capsule pos="3.450000000000003,-44.0,9.200000000000003" vel="0,0,0" mass="1" elasticityCoef="1" ang="90,0,0" color="0,220,0" radius="0.5" length="4" />
		<capsule pos="3.450000000000003,-44.0,11.5" vel="0,0,0" mass="1" elasticityCoef="1" ang="90,0,0" color="0,220,0" radius="0.5" length="4" />
		<capsule pos="3.450000000000003,-44.0,13.799999999999997" vel="0,0,0" mass="1" elasticityCoef="1" ang="90,0,0" color="0,220,0" radius="0.5" length="4" />
		<capsule pos="3.450000000000003,-44.0,16.1" vel="0,0,0" mass="1" elasticityCoef="1" ang="90,0,0" color="0,220,0" radius="0.5" length="4" />
		<capsule pos="3.450000000000003,-44.0,18.4" vel="0,0,0" mass="1" elasticityCoef="1" ang="90,0,0" color="0,220,0" radius="0.5" length="4" />
		<capsule pos="3.450000000000003,-44.0,20.699999999999996" vel="0,0,0" mass="1" elasticityCoef="1" ang="90,0,0" color="0,220,0" radius="0.5" length="4" />
		<capsule pos="3.450000000000003,-44.0,22.999999999999993" vel="0,0,0" mass="1" elasticityCoef="1" ang="90,0,0" color="0,220,0" radius="0.5" length="4" />
		<capsule pos="3.450000000000003,-44.0,25.300000000000004" vel="0,0,0" mass="1" elasticityCoef="1" ang="90,0,0" color="0,220,0" radius="0.5" length="4" />
		<capsule pos="3.450000000000003,-44.0,27.6" vel="0,0,0" mass="1" elasticityCoef="1" ang="90,0,0" color="0,220,0" radius="0.5" length="4" />
		<capsule pos="3.450000000000003,-44.0,29.9" vel="0,0,0" mass="1" elasticityCoef="1" ang="90,0,0" color="0,220,0" radius="0.5" length="4" />
		<capsule pos="3.450000000000003,-44.0,32.199999999999996" vel="0,0,0" mass="1" elasticityCoef="1" ang="90,0,0" color="0,220,0" radius="0.5" length="4" />
		<capsule pos="3.450000000000003,-44.0,34.49999999999999" vel="0,0,0" mass="1" elasticityCoef="1" ang="90,0,0" color="0,220,0" radius="0.5" length="4" />
		<capsule pos="3.450000000000003,-44.0,36.800000000000004" vel="0,0,0" mass="1" elasticityCoef="1" ang="90,0,0" color="0,220,0" radius="0.5" length="4" />
		<capsule pos="3.450000000000003,-44.0,39.1" vel="0,0,0" mass="1" elasticityCoef="1" ang="90,0,0" color="0,220,0" radius="0.5" length="4" />
		<capsule pos="3.450000000000003,-44.0,41.4" vel="0,0,0" mass="1" elasticityCoef="1" ang="90,0,0" color="0,220,0" radius="0.5" length="4" />
		<capsule pos="3.450000000000003,-38.5,-43.699999999999996" vel="0,0,0" mass="1" elasticityCoef="1" ang="90,0,0" color="0,220,0" radius="0.5" length="4" />
		<capsule pos="3.450000000000003,-38.5,-41.4" vel="0,0,0" mass="1" elasticityCoef="1" ang="90,0,0" color="0,220,0" radius="0.5" length="4" />
		<capsule pos="3.450000000000003,-38.5,-39.099999999999994" vel="0,0,0" mass="1" elasticityCoef="1" ang="90,0,0" color="0,220,0" radius="0.5" length="4" />
		<capsule pos="3.450000000000003,-38.5,-36.8" vel="0,0,0" mass="1" elasticityCoef="1" ang="90,0,0" color="0,220,0" radius="0.5" length="4" />
		<capsule pos="3.450000000000003,-38.5,-34.5" vel="0,0,0" mass="1" elasticityCoef="1" ang="90,0,0" color="0,220,0" radius="0.5" length="4" />
		<capsule pos="3.450000000000003,-38.5,-32.199999999999996" vel="0,0,0" mass="1" elasticityCoef="1" ang="90,0,0" color="0,220,0" radius="0.5" length="4" />
		<capsule pos="3.450000000000003,-38.5,-29.9" vel="0,0,0" mass="1" elasticityCoef="1" ang="90,0,0" color="0,220,0" radius="0.5" length="4" />
		<capsule pos="3.450000000000003,-38.5,-27.599999999999998" vel="0,0,0" mass="1" elasticityCoef="1" ang="90,0,0" color="0,220,0" radius="0.5" length="4" />
		<capsule pos="3.450000000000003,-38.5,-25.299999999999997" vel="0,0,0" mass="1" elasticityCoef="1" ang="90,0,0" color="0,220,0" radius="0.5" length="4" />
		<capsule pos="3.450000000000003,-38.5,-22.999999999999996" vel="0,0,0" mass="1" elasticityCoef="1" ang="90,0,0" color="0,220,0" radius="0.5" length="4" />
		<capsule pos="3.450000000000003,-38.5,-20.699999999999996" vel="0,0,0" mass="1" elasticityCoef="1" ang="90,0,0" color="0,220,0" radius="0.5" length="4" />
		<capsule pos="3.450000000000003,-38.5,-18.4" vel="0,0,0" mass="1" elasticityCoef="1" ang="90,0,0" color="0,220,0" radius="0.5" length="4" />
		<capsule pos="3.450000000000003,-38.5,-16.099999999999998" vel="0,0,0" mass="1" elasticityCoef="1" ang="90,0,0" color="0,220,0" radius="0.5" length="4" />
		<capsule pos="3.450000000000003,-38.5,-13.799999999999997" vel="0,0,0" mass="1" elasticityCoef="1" ang="90,0,0" color="0,220,0" radius="0.5" length="4" />
		<capsule pos="3.450000000000003,-38.5,-11.5" vel="0,0,0" mass="1" elasticityCoef="1" ang="90,0,0" color="0,220,0" radius="0.5" length="4" />
		<capsule pos="3.450000000000003,-38.5,-9.199999999999996" vel="0,0,0" mass="1" elasticityCoef="1" ang="90,0,0" color="0,220,0" radius="0.5" length="4" />
		<capsule pos="3.450000000000003,-38.5,-6.899999999999999" vel="0,0,0" mass="1" elasticityCoef="1" ang="90,0,0" color="0,220,0" radius="0.5" length="4" />
		<capsule pos="3.450000000000003,-38.5,-4.600000000000001" vel="0,0,0" mass="1" elasticityCoef="1" ang="90,0,0" color="0,220,0" radius="0.5" length="4" />
		<capsule pos="3.450000000000003,-38.5,-2.299999999999997" vel="0,0,0" mass="1" elasticityCoef="1" ang="90,0,0" color="0,220,0" radius="0.5" length="4" />
		<capsule pos="3.450000000000003,-38.5,0.0" vel="0,0,0" mass="1" elasticityCoef="1" ang="90,0,0" color="0,220,0" radius="0.5" length="4" />
		<capsule pos="3.450000000000003,-38.5,2.3000000000000043" vel="0,0,0" mass="1" elasticityCoef="1" ang="90,0,0" color="0,220,0" radius="0.5" length="4" />
		<capsule pos="3.450000000000003,-38.5,4.600000000000001" vel="0,0,0" mass="1" elasticityCoef="1" ang="90,0,0" color="0,220,0" radius="0.5" length="4" />
		<capsule pos="3.450000000000003,-38.5,6.899999999999999" vel="0,0,0" mass="1" elasticityCoef="1" ang="90,0,0" color="0,220,0" radius="0.5" length="4" />
		<capsule pos="3.450000000000003,-38.5,9.200000000000003" vel="0,0,0" mass="1" elasticityCoef="1" ang="90,0,0" color="0,220,0" radius="0.5" length="4" />
		<capsule pos="3.450000000000003,-38.5,11.5" vel="0,0,0" mass="1" elasticityCoef="1" ang="90,0,0" color="0,220,0" radius="0.5" length="4" />
		<capsule pos="3.450000000000003,-38.5,13.799999999999997" vel="0,0,0" mass="1" elasticityCoef="1" ang="90,0,0" color="0,220,0" radius="0.5" length="4" />
		<capsule pos="3.450000000000003,-38.5,16.1" vel="0,0,0" mass="1" elasticityCoef="1" ang="90,0,0" color="0,220,0" radius="0.5" length="4" />
		<capsule pos="3.450000000000003,-38.5,18.4" vel="0,0,0" mass="1" elasticityCoef="1" ang="90,0,0" color="0,220,0" radius="0.5" length="4" />
		<capsule pos="3.450000000000003,-38.5,20.699999999999996" vel="0,0,0" mass="1" elasticityCoef="1" ang="90,0,0" color="0,220,0" radius="0.5" length="4" />
		<capsule pos="3.450000000000003,-38.5,22.999999999999993" vel="0,0,0" mass="1" elasticityCoef="1" ang="90,0,0" color="0,220,0" radius="0.5" length="4" />
		<capsule pos="3.450000000000003,-38.5,25.300000000000004" vel="0,0,0" mass="1" elasticityCoef="1" ang="90,0,0" color="0,220,0" radius="0.5" length="4" />
		<capsule pos="3.450000000000003,-38.5,27.6" vel="0,0,0" mass="1" elasticityCoef="1" ang="90,0,0" color="0,220,0" radius="0.5" length="4" />
		<capsule pos="3.450000000000003,-38.5,29.9" vel="0,0,0" mass="1" elasticityCoef="1" ang="90,0,0" color="0,220,0" radius="0.5" length="4" />
		<capsule pos="3.450000000000003,-38.5,32.199999999999996" vel="0,0,0" mass="1" elasticityCoef="1" ang="90,0,0" color="0,220,0" radius="0.5" length="4" />
		<capsule pos="3.450000000000003,-38.5,34.49999999999999" vel="0,0,0" mass="1" elasticityCoef="1" ang="90,0,0" color="0,220,0" radius="0.5" length="4" />
		<capsule pos="3.450000000000003,-38.5,36.800000000000004" vel="0,0,0" mass="1" elasticityCoef="1" ang="90,0,0" color="0,220,0" radius="0.5" length="4" />
		<capsule pos="3.450000000000003,-38.5,39.1" vel="0,0,0" mass="1" elasticityCoef="1" ang="90,0,0" color="0,220,0" radius="0.5" length="4" />
		<capsule pos="3.450000000000003,-38.5,41.4" vel="0,0,0" mass="1" elasticityCoef="1" ang="90,0,0" color="0,220,0" radius="0.5" length="4" />
		<capsule pos="3.450000000000003,-33.0,-43.699999999999996" vel="0,0,0" mass="1" elasticityCoef="1" ang="90,0,0" color="0,220,0" radius="0.5" length="4" />
		<capsule pos="3.450000000000003,-33.0,-41.4" vel="0,0,0" mass="1" elasticityCoef="1" ang="90,0,0" color="0,220,0" radius="0.5" length="4" />
		<capsule pos="3.450000000000003,-33.0,-39.099999999999994" vel="0,0,0" mass="1" elasticityCoef="1" ang="90,0,0" color="0,220,0" radius="0.5" length="4" />
		<capsule pos="3.450000000000003,-33.0,-36.8" vel="0,0,0" mass="1" elasticityCoef="1" ang="90,0,0" color="0,220,0" radius="0.5" length="4" />
		<capsule pos="3.450000000000003,-33.0,-34.5" vel="0,0,0" mass="1" elasticityCoef="1" ang="90,0,0" color="0,220,0" radius="0.5" length="4" />
		<capsule pos="3.450000000000003,-33.0,-32.199999999999996" vel="0,0,0" mass="1" elasticityCoef="1" ang="90,0,0" color="0,220,0" radius="0.5" length="4" />
		<capsule pos="3.450000000000003,-33.0,-29.9" vel="0,0,0" mass="1" elasticityCoef="1" ang="90,0,0" color="0,220,0" radius="0.5" length="4" />
		<capsule pos="3.450000000000003,-33.0,-27.599999999999998" vel="0,0,0" mass="1" elasticityCoef="1" ang="90,0,0" color="0,220,0" radius="0.5" length="4" />
		<capsule pos="3.450000000000003,-33.0,-25.299999999999997" vel="0,0,0" mass="1" elasticityCoef="1" ang="90,0,0" color="0,220,0" radius="0.5" length="4" />
		<capsule pos="3.450000000000003,-33.0,-22.999999999999996" vel="0,0,0" mass="1" elasticityCoef="1" ang="90,0,0" color="0,220,0" radius="0.5" length="4" />
		<capsule pos="3.450000000000003,-33.0,-20.699999999999996" vel="0,0,0" mass="1" elasticityCoef="1" ang="90,0,0" color="0,220,0" radius="0.5" length="4" />
		<capsule pos="3.450000000000003,-33.0,-18.4" vel="0,0,0" mass="1" elasticityCoef="1" ang="90,0,0" color="0,220,0" radius="0.5" length="4" />
		<capsule pos="3.450000000000003,-33.0,-16.099999999999998" vel="0,0,0" mass="1" elasticityCoef="1" ang="90,0,0" color="0,220,0" radius="0.5" length="4" />
		<capsule pos="3.450000000000003,-33.0,-13.799999999999997" vel="0,0,0" mass="1" elasticityCoef="1" ang="90,0,0" color="0,220,0" radius="0.5" length="4" />
		<capsule pos="3.450000000000003,-33.0,-11.5" vel="0,0,0" mass="1" elasticityCoef="1" ang="90,0,0" color="0,220,0" radius="0.5" length="4" />
		<capsule pos="3.450000000000003,-33.0,-9.199999999999996" vel="0,0,0" mass="1" elasticityCoef="1" ang="90,0,0" color="0,220,0" radius="0.5" length="4" />
		<capsule pos="3.450000000000003,-33.0,-6.899999999999999" vel="0,0,0" mass="1" elasticityCoef="1" ang="90,0,0" color="0,220,0" radius="0.5" length="4" />
		<capsule pos="3.450000000000003,-33.0,-4.600000000000001" vel="0,0,0" mass="1" elasticityCoef="1" ang="90,0,0" color="0,220,0" radius="0.5" length="4" />
		<capsule pos="3.450000000000003,-33.0,-2.299999999999997" vel="0,0,0" mass="1" elasticityCoef="1" ang="90,0,0" color="0,220,0" radius="0.5" length="4" />
		<capsule pos="3.450000000000003,-33.0,0.0" vel="0,0,0" mass="1" elasticityCoef="1" ang="90,0,0" color="0,220,0" radius="0.5" length="4" />
		<capsule pos="3.450000000000003,-33.0,2.3000000000000043" vel="0,0,0" mass="1" elasticityCoef="1" ang="90,0,0" color="0,220,0" radius="0.5" length="4" />
		<capsule pos="3.450000000000003,-33.0,4.600000000000001" vel="0,0,0" mass="1" elasticityCoef="1" ang="90,0,0" color="0,220,0" radius="0.5" length="4" />
		<capsule pos="3.450000000000003,-33.0,6.899999999999999" vel="0,0,0" mass="1" elasticityCoef="1" ang="90,0,0" color="0,220,0" radius="0.5" length="4" />
		<capsule pos="3.450000000000003,-33.0,9.200000000000003" vel="0,0,0" mass="1" elasticityCoef="1" ang="90,0,0" color="0,220,0" radius="0.5" length="4" />
		<capsule pos="3.450000000000003,-33.0,11.5" vel="0,0,0" mass="1" elasticityCoef="1" ang="90,0,0" color="0,220,0" radius="0.5" length="4" />
		<capsule pos="3.450000000000003,-33.0,13.799999999999997" vel="0,0,0" mass="1" elasticityCoef="1" ang="90,0,0" color="0,220,0" radius="0.5" length="4" />
		<capsule pos="3.450000000000003,-33.0,16.1" vel="0,0,0" mass="1" elasticityCoef="1" ang="90,0,0" color="0,220,0" radius="0.5" length="4" />
		<capsule pos="3.450000000000003,-33.0,18.4" vel="0,0,0" mass="1" elasticityCoef="1" ang="90,0,0" color="0,220,0" radius="0.5" length="4" />
		<capsule pos="3.450000000000003,-33.0,20.699999999999996" vel="0,0,0" mass="1" elasticityCoef="1" ang="90,0,0" color="0,220,0" radius="0.5" length="4" />
		<capsule pos="3.450000000000003,-33.0,22.999999999999993" vel="0,0,0" mass="1" elasticityCoef="1" ang="90,0,0" color="0,220,0" radius="0.5" length="4" />
		<capsule pos="3.450000000000003,-33.0,25.300000000000004" vel="0,0,0" mass="1" elasticityCoef="1" ang="90,0,0" color="0,220,0" radius="0.5" length="4" />
		<capsule pos="3.450000000000003,-33.0,27.6" vel="0,0,0" mass="1" elasticityCoef="1" ang="90,0,0" color="0,220,0" radius="0.5" length="4" />
		<capsule pos="3.450000000000003,-33.0,29.9" vel="0,0,0" mass="1" elasticityCoef="1" ang="90,0,0" color="0,220,0" radius="0.5" length="4" />
		<capsule pos="3.450000000000003,-33.0,32.199999999999996" vel="0,0,0" mass="1" elasticityCoef="1" ang="90,0,0" color="0,220,0" radius="0.5" length="4" />
		<capsule pos="3.450000000000003,-33.0,34.49999999999999" vel="0,0,0" mass="1" elasticityCoef="1" ang="90,0,0" color="0,220,0" radius="0.5" length="4" />
		<capsule pos="3.450000000000003,-33.0,36.800000000000004" vel="0,0,0" mass="1" elasticityCoef="1" ang="90,0,0" color="0,220,0" radius="0.5" length="4" />
		<capsule pos="3.450000000000003,-33.0,39.1" vel="0,0,0" mass="1" elasticityCoef="1" ang="90,0,0" color="0,220,0" radius="0.5" length="4" />
		<capsule pos="3.450000000000003,-33.0,41.4" vel="0,0,0" mass="1" elasticityCoef="1" ang="90,0,0" color="0,220,0" radius="0.5" length="4" />
		<capsule pos="3.450000000000003,-27.5,-43.699999999999996" vel="0,0,0" mass="1" elasticityCoef="1" ang="90,0,0" color="0,220,0" radius="0.5" length="4" />
		<capsule pos="3.450000000000003,-27.5,-41.4" vel="0,0,0" mass="1" elasticityCoef="1" ang="90,0,0" color="0,220,0" radius="0.5" length="4" />
		<capsule pos="3.450000000000003,-27.5,-39.099999999999994" vel="0,0,0" mass="1" elasticityCoef="1" ang="90,0,0" color="0,220,0" radius="0.5" length="4" />
		<capsule pos="3.450000000000003,-27.5,-36.8" vel="0,0,0" mass="1" elasticityCoef="1" ang="90,0,0" color="0,220,0" radius="0.5" length="4" />
		<capsule pos="3.450000000000003,-27.5,-34.5" vel="0,0,0" mass="1" elasticityCoef="1" ang="90,0,0" color="0,220,0" radius="0.5" length="4" />
		<capsule pos="3.450000000000003,-27.5,-32.199999999999996" vel="0,0,0" mass="1" elasticityCoef="1" ang="90,0,0" color="0,220,0" radius="0.5" length="4" />
		<capsule pos="3.450000000000003,-27.5,-29.9" vel="0,0,0" mass="1" elasticityCoef="1" ang="90,0,0" color="0,220,0" radius="0.5" length="4" />
		<capsule pos="3.450000000000003,-27.5,-27.599999999999998" vel="0,0,0" mass="1" elasticityCoef="1" ang="90,0,0" color="0,220,0" radius="0.5" length="4" />
		<capsule pos="3.450000000000003,-27.5,-25.299999999999997" vel="0,0,0" mass="1" elasticityCoef="1" ang="90,0,0" color="0,220,0" radius="0.5" length="4" />
		<capsule pos="3.450000000000003,-27.5,-22.999999999999996" vel="0,0,0" mass="1" elasticityCoef="1" ang="90,0,0" color="0,220,0" radius="0.5" length="4" />
		<capsule pos="3.450000000000003,-27.5,-20.699999999999996" vel="0,0,0" mass="1" elasticityCoef="1" ang="90,0,0" color="0,220,0" radius="0.5" length="4" />
		<capsule pos="3.450000000000003,-27.5,-18.4" vel="0,0,0" mass="1" elasticityCoef="1" ang="90,0,0" color="0,220,0" radius="0.5" length="4" />
		<capsule pos="3.450000000000003,-27.5,-16.099999999999998" vel="0,0,0" mass="1" elasticityCoef="1" ang="90,0,0" color="0,220,0" radius="0.5" length="4" />
		<capsule pos="3.450000000000003,-27.5,-13.799999999999997" vel="0,0,0" mass="1" elasticityCoef="1" ang="90,0,0" color="0,220,0" radius="0.5" length="4" />
		<capsule pos="3.450000000000003,-27.5,-11.5" vel="0,0,0" mass="1" elasticityCoef="1" ang="90,0,0" color="0,220,0" radius="0.5" length="4" />
		<capsule pos="3.450000000000003,-27.5,-9.199999999999996" vel="0,0,0" mass="1" elasticityCoef="1" ang="90,0,0" color="0,220,0" radius="0.5" length="4" />
		<capsule pos="3.450000000000003,-27.5,-6.899999999999999" vel="0,0,0" mass="1" elasticityCoef="1" ang="90,0,0" color="0,220,0" radius="0.5" length="4" />
		<capsule pos="3.450000000000003,-27.5,-4.600000000000001" vel="0,0,0" mass="1" elasticityCoef="1" ang="90,0,0" color="0,220,0" radius="0.5" length="4" />
		<capsule pos="3.450000000000003,-27.5,-2.299999999999997" vel="0,0,0" mass="1" elasticityCoef="1" ang="90,0,0" color="0,220,0" radius="0.5" length="4" />
		<capsule pos="3.450000000000003,-27.5,0.0" vel="0,0,0" mass="1" elasticityCoef="1" ang="90,0,0" color="0,220,0" radius="0.5" length="4" />
		<capsule pos="3.450000000000003,-27.5,2.3000000000000043" vel="0,0,0" mass="1" elasticityCoef="1" ang="90,0,0" color="0,220,0" radius="0.5" length="4" />
		<capsule pos="3.450000000000003,-27.5,4.600000000000001" vel="0,0,0" mass="1" elasticityCoef="1" ang="90,0,0" color="0,220,0" radius="0.5" length="4" />
		<capsule pos="3.450000000000003,-27.5,6.899999999999999" vel="0,0,0" mass="1" elasticityCoef="1" ang="90,0,0" color="0,220,0" radius="0.5" length="4" />
		<capsule pos="3.450000000000003,-27.5,9.200000000000003" vel="0,0,0" mass="1" elasticityCoef="1" ang="90,0,0" color="0,220,0" radius="0.5" length="4" />
		<capsule pos="3.450000000000003,-27.5,11.5" vel="0,0,0" mass="1" elasticityCoef="1" ang="90,0,0" color="0,220,0" radius="0.5" length="4" />
		<capsule pos="3.450000000000003,-27.5,13.799999999999997" vel="0,0,0" mass="1" elasticityCoef="1" ang="90,0,0" color="0,220,0" radius="0.5" length="4" />
		<capsule pos="3.450000000000003,-27.5,16.1" vel="0,0,0" mass="1" elasticityCoef="1" ang="90,0,0" color="0,220,0" radius="0.5" length="4" />
		<capsule pos="3.450000000000003,-27.5,18.4" vel="0,0,0" mass="1" elasticityCoef="1" ang="90,0,0" color="0,220,0" radius="0.5" length="4" />
		<capsule pos="3.450000000000003,-27.5,20.699999999999996" vel="0,0,0" mass="1" elasticityCoef="1" ang="90,0,0" color="0,220,0" radius="0.5" length="4" />
		<capsule pos="3.450000000000003,-27.5,22.999999999999993" vel="0,0,0" mass="1" elasticityCoef="1" ang="90,0,0" color="0,220,0" radius="0.5" length="4" />
		<capsule pos="3.450000000000003,-27.5,25.300000000000004" vel="0,0,0" mass="1" elasticityCoef="1" ang="90,0,0" color="0,220,0" radius="0.5" length="4" />
		<capsule pos="3.450000000000003,-27.5,27.6" vel="0,0,0" mass="1" elasticityCoef="1" ang="90,0,0" color="0,220,0" radius="0.5" length="4" />
		<capsule pos="3.450000000000003,-27.5,29.9" vel="0,0,0" mass="1" elasticityCoef="1" ang="90,0,0" color="0,220,0" radius="0.5" length="4" />
		<capsule pos="3.450000000000003,-27.5,32.199999999999996" vel="0,0,0" mass="1" elasticityCoef="1" ang="90,0,0" color="0,220,0" radius="0.5" length="4" />
		<capsule pos="3.450000000000003,-27.5,34.49999999999999" vel="0,0,0" mass="1" elasticityCoef="1" ang="90,0,0" color="0,220,0" radius="0.5" length="4" />
		<capsule pos="3.450000000000003,-27.5,36.800000000000004" vel="0,0,0" mass="1" elasticityCoef="1" ang="90,0,0" color="0,220,0" radius="0.5" length="4" />
		<capsule pos="3.450000000000003,-27.5,39.1" vel="0,0,0" mass="1" elasticityCoef="1" ang="90,0,0" color="0,220,0" radius="0.5" length="4" />
		<capsule pos="3.450000000000003,-27.5,41.4" vel="0,0,0" mass="1" elasticityCoef="1" ang="90,0,0" color="0,220,0" radius="0.5" length="4" />
		<capsule pos="3.450000000000003,-22.0,-43.699999999999996" vel="0,0,0" mass="1" elasticityCoef="1" ang="90,0,0" color="0,220,0" radius="0.5" length="4" />
		<capsule pos="3.450000000000003,-22.0,-41.4" vel="0,0,0" mass="1" elasticityCoef="1" ang="90,0,0" color="0,220,0" radius="0.5" length="4" />
		<capsule pos="3.450000000000003,-22.0,-39.099999999999994" vel="0,0,0" mass="1" elasticityCoef="1" ang="90,0,0" color="0,220,0" radius="0.5" length="4" />
		<capsule pos="3.450000000000003,-22.0,-36.8" vel="0,0,0" mass="1" elasticityCoef="1" ang="90,0,0" color="0,220,0" radius="0.5" length="4" />
		<capsule pos="3.450000000000003,-22.0,-34.5" vel="0,0,0" mass="1" elasticityCoef="1" ang="90,0,0" color="0,220,0" radius="0.5" length="4" />
		<capsule pos="3.450000000000003,-22.0,-32.199999999999996" vel="0,0,0" mass="1" elasticityCoef="1" ang="90,0,0" color="0,220,0" radius="0.5" length="4" />
		<capsule pos="3.450000000000003,-22.0,-29.9" vel="0,0,0" mass="1" elasticityCoef="1" ang="90,0,0" color="0,220,0" radius="0.5" length="4" />
		<capsule pos="3.450000000000003,-22.0,-27.599999999999998" vel="0,0,0" mass="1" elasticityCoef="1" ang="90,0,0" color="0,220,0" radius="0.5" length="4" />
		<capsule pos="3.450000000000003,-22.0,-25.299999999999997" vel="0,0,0" mass="1" elasticityCoef="1" ang="90,0,0" color="0,220,0" radius="0.5" length="4" />
		<capsule pos="3.450000000000003,-22.0,-22.999999999999996" vel="0,0,0" mass="1" elasticityCoef="1" ang="90,0,0" color="0,220,0" radius="0.5" length="4" />
		<capsule pos="3.450000000000003,-22.0,-20.699999999999996" vel="0,0,0" mass="1" elasticityCoef="1" ang="90,0,0" color="0,220,0" radius="0.5" length="4" />
		<capsule pos="3.450000000000003,-22.0,-18.4" vel="0,0,0" mass="1" elasticityCoef="1" ang="90,0,0" color="0,220,0" radius="0.5" length="4" />
		<capsule pos="3.450000000000003,-22.0,-16.099999999999998" vel="0,0,0" mass="1" elasticityCoef="1" ang="90,0,0" color="0,220,0" radius="0.5" length="4" />
		<capsule pos="3.450000000000003,-22.0,-13.799999999999997" vel="0,0,0" mass="1" elasticityCoef="1" ang="90,0,0" color="0,220,0" radius="0.5" length="4" />
		<capsule pos="3.450000000000003,-22.0,-11.5" vel="0,0,0" mass="1" elasticityCoef="1" ang="90,0,0" color="0,220,0" radius="0.5" length="4" />
		<capsule pos="3.450000000000003,-22.0,-9.199999999999996" vel="0,0,0" mass="1" elasticityCoef="1" ang="90,0,0" color="0,220,0" radius="0.5" length="4" />
		<capsule pos="3.450000000000003,-22.0,-6.899999999999999" vel="0,0,0" mass="1" elasticityCoef="1" ang="90,0,0" color="0,220,0" radius="0.5" length="4" />
		<capsule pos="3.450000000000003,-22.0,-4.600000000000001" vel="0,0,0" mass="1" elasticityCoef="1" ang="90,0,0" color="0,220,0" radius="0.5" length="4" />
		<capsule pos="3.450000000000003,-22.0,-2.299999999999997" vel="0,0,0" mass="1" elasticityCoef="1" ang="90,0,0" color="0,220,0" radius="0.5" length="4" />
		<capsule pos="3.450000000000003,-22.0,0.0" vel="0,0,0" mass="1" elasticityCoef="1" ang="90,0,0" color="0,220,0" radius="0.5" length="4" />
		<capsule pos="3.450000000000003,-22.0,2.3000000000000043" vel="0,0,0" mass="1" elasticityCoef="1" ang="90,0,0" color="0,220,0" radius="0.5" length="4" />
		<capsule pos="3.450000000000003,-22.0,4.600000000000001" vel="0,0,0" mass="1" elasticityCoef="1" ang="90,0,0" color="0,220,0" radius="0.5" length="4" />
		<capsule pos="3.450000000000003,-22.0,6.899999999999999" vel="0,0,0" mass="1" elasticityCoef="1" ang="90,0,0" color="0,220,0" radius="0.5" length="4" />
		<capsule pos="3.450000000000003,-22.0,9.200000000000003" vel="0,0,0" mass="1" elasticityCoef="1" ang="90,0,0" color="0,220,0" radius="0.5" length="4" />
		<capsule pos="3.450000000000003,-22.0,11.5" vel="0,0,0" mass="1" elasticityCoef="1" ang="90,0,0" color="0,220,0" radius="0.5" length="4" />
		<capsule pos="3.450000000000003,-22.0,13.799999999999997" vel="0,0,0" mass="1" elasticityCoef="1" ang="90,0,0" color="0,220,0" radius="0.5" length="4" />
		<capsule pos="3.450000000000003,-22.0,16.1" vel="0,0,0" mass="1" elasticityCoef="1" ang="90,0,0" color="0,220,0" radius="0.5" length="4" />
		<capsule pos="3.450000000000003,-22.0,18.4" vel="0,0,0" mass="1" elasticityCoef="1" ang="90,0,0" color="0,220,0" radius="0.5" length="4" />
		<capsule pos="3.450000000000003,-22.0,20.699999999999996" vel="0,0,0" mass="1" elasticityCoef="1" ang="90,0,0" color="0,220,0" radius="0.5" length="4" />
		<capsule pos="3.450000000000003,-22.0,22.999999999999993" vel="0,0,0" mass="1" elasticityCoef="1" ang="90,0,0" color="0,220,0" radius="0.5" length="4" />
		<capsule pos="3.450000000000003,-22.0,25.300000000000004" vel="0,0,0" mass="1" elasticityCoef="1" ang="90,0,0" color="0,220,0" radius="0.5" length="4" />
		<capsule pos="3.450000000000003,-22.0,27.6" vel="0,0,0" mass="1" elasticityCoef="1" ang="90,0,0" color="0,220,0" radius="0.5" length="4" />
		<capsule pos="3.450000000000003,-22.0,29.9" vel="0,0,0" mass="1" elasticityCoef="1" ang="90,0,0" color="0,220,0" radius="0.5" length="4" />
		<capsule pos="3.450000000000003,-22.0,32.199999999999996" vel="0,0,0" mass="1" elasticityCoef="1" ang="90,0,0" color="0,220,0" radius="0.5" length="4" />
		<capsule pos="3.450000000000003,-22.0,34.49999999999999" vel="0,0,0" mass="1" elasticityCoef="1" ang="90,0,0" color="0,220,0" radius="0.5" length="4" />
		<capsule pos="3.450000000000003,-22.0,36.800000000000004" vel="0,0,0" mass="1" elasticityCoef="1" ang="90,0,0" color="0,220,0" radius="0.5" length="4" />
		<capsule pos="3.450000000000003,-22.0,39.1" vel="0,0,0" mass="1" elasticityCoef="1" ang="90,0,0" color="0,220,0" radius="0.5" length="4" />
		<capsule pos="3.450000000000003,-22.0,41.4" vel="0,0,0" mass="1" elasticityCoef="1" ang="90,0,0" color="0,220,0" radius="0.5" length="4" />
		<capsule pos="3.450000000000003,-16.5,-43.699999999999996" vel="0,0,0" mass="1" elasticityCoef="1" ang="90,0,0" color="0,220,0" radius="0.5" length="4" />
		<capsule pos="3.450000000000003,-16.5,-41.4" vel="0,0,0" mass="1" elasticityCoef="1" ang="90,0,0" color="0,220,0" radius="0.5" length="4" />
		<capsule pos="3.450000000000003,-16.5,-39.099999999999994" vel="0,0,0" mass="1" elasticityCoef="1" ang="90,0,0" color="0,220,0" radius="0.5" length="4" />
		<capsule pos="3.450000000000003,-16.5,-36.8" vel="0,0,0" mass="1" elasticityCoef="1" ang="90,0,0" color="0,220,0" radius="0.5" length="4" />
		<capsule pos="3.450000000000003,-16.5,-34.5" vel="0,0,0" mass="1" elasticityCoef="1" ang="90,0,0" color="0,220,0" radius="0.5" length="4" />
		<capsule pos="3.450000000000003,-16.5,-32.199999999999996" vel="0,0,0" mass="1" elasticityCoef="1" ang="90,0,0" color="0,220,0" radius="0.5" length="4" />
		<capsule pos="3.450000000000003,-16.5,-29.9" vel="0,0,0" mass="1" elasticityCoef="1" ang="90,0,0" color="0,220,0" radius="0.5" length="4" />
		<capsule pos="3.450000000000003,-16.5,-27.599999999999998" vel="0,0,0" mass="1" elasticityCoef="1" ang="90,0,0" color="0,220,0" radius="0.5" length="4" />
		<capsule pos="3.450000000000003,-16.5,-25.299999999999997" vel="0,0,0" mass="1" elasticityCoef="1" ang="90,0,0" color="0,220,0" radius="0.5" length="4" />
		<capsule pos="3.450000000000003,-16.5,-22.999999999999996" vel="0,0,0" mass="1" elasticityCoef="1" ang="90,0,0" color="0,220,0" radius="0.5" length="4" />
		<capsule pos="3.450000000000003,-16.5,-20.699999999999996" vel="0,0,0" mass="1" elasticityCoef="1" ang="90,0,0" color="0,220,0" radius="0.5" length="4" />
		<capsule pos="3.450000000000003,-16.5,-18.4" vel="0,0,0" mass="1" elasticityCoef="1" ang="90,0,0" color="0,220,0" radius="0.5" length="4" />
		<capsule pos="3.450000000000003,-16.5,-16.099999999999998" vel="0,0,0" mass="1" elasticityCoef="1" ang="90,0,0" color="0,220,0" radius="0.5" length="4" />
		<capsule pos="3.450000000000003,-16.5,-13.799999999999997" vel="0,0,0" mass="1" elasticityCoef="1" ang="90,0,0" color="0,220,0" radius="0.5" length="4" />
		<capsule pos="3.450000000000003,-16.5,-11.5" vel="0,0,0" mass="1" elasticityCoef="1" ang="90,0,0" color="0,220,0" radius="0.5" length="4" />
		<capsule pos="3.450000000000003,-16.5,-9.199999999999996" vel="0,0,0" mass="1" elasticityCoef="1" ang="90,0,0" color="0,220,0" radius="0.5" length="4" />
		<capsule pos="3.450000000000003,-16.5,-6.899999999999999" vel="0,0,0" mass="1" elasticityCoef="1" ang="90,0,0" color="0,220,0" radius="0.5" length="4" />
		<capsule pos="3.450000000000003,-16.5,-4.600000000000001" vel="0,0,0" mass="1" elasticityCoef="1" ang="90,0,0" color="0,220,0" radius="0.5" length="4" />
		<capsule pos="3.450000000000003,-16.5,-2.299999999999997" vel="0,0,0" mass="1" elasticityCoef="1" ang="90,0,0" color="0,220,0" radius="0.5" length="4" />
		<capsule pos="3.450000000000003,-16.5,0.0" vel="0,0,0" mass="1" elasticityCoef="1" ang="90,0,0" color="0,220,0" radius="0.5" length="4" />
		<capsule pos="3.450000000000003,-16.5,2.3000000000000043" vel="0,0,0" mass="1" elasticityCoef="1" ang="90,0,0" color="0,220,0" radius="0.5" length="4" />
		<capsule pos="3.450000000000003,-16.5,4.600000000000001" vel="0,0,0" mass="1" elasticityCoef="1" ang="90,0,0" color="0,220,0" radius="0.5" length="4" />
		<capsule pos="3.450000000000003,-16.5,6.899999999999999" vel="0,0,0" mass="1" elasticityCoef="1" ang="90,0,0" color="0,220,0" radius="0.5" length="4" />
		<capsule pos="3.450000000000003,-16.5,9.200000000000003" vel="0,0,0" mass="1" elasticityCoef="1" ang="90,0,0" color="0,220,0" radius="0.5" length="4" />
		<capsule pos="3.450000000000003,-16.5,11.5" vel="0,0,0" mass="1" elasticityCoef="1" ang="90,0,0" color="0,220,0" radius="0.5" length="4" />
		<capsule pos="3.450000000000003,-16.5,13.799999999999997" vel="0,0,0" mass="1" elasticityCoef="1" ang="90,0,0" color="0,220,0" radius="0.5" length="4" />
		<capsule pos="3.450000000000003,-16.5,16.1" vel="0,0,0" mass="1" elasticityCoef="1" ang="90,0,0" color="0,220,0" radius="0.5" length="4" />
		<capsule pos="3.450000000000003,-16.5,18.4" vel="0,0,0" mass="1" elasticityCoef="1" ang="90,0,0" color="0,220,0" radius="0.5" length="4" />
		<capsule pos="3.450000000000003,-16.5,20.699999999999996" vel="0,0,0" mass="1" elasticityCoef="1" ang="90,0,0" color="0,220,0" radius="0.5" length="4" />
		<capsule pos="3.450000000000003,-16.5,22.999999999999993" vel="0,0,0" mass="1" elasticityCoef="1" ang="90,0,0" color="0,220,0" radius="0.5" length="4" />
		<capsule pos="3.450000000000003,-16.5,25.300000000000004" vel="0,0,0" mass="1" elasticityCoef="1" ang="90,0,0" color="0,220,0" radius="0.5" length="4" />
		<capsule pos="3.450000000000003,-16.5,27.6" vel="0,0,0" mass="1" elasticityCoef="1" ang="90,0,0" color="0,220,0" radius="0.5" length="4" />
		<capsule pos="3.450000000000003,-16.5,29.9" vel="0,0,0" mass="1" elasticityCoef="1" ang="90,0,0" color="0,220,0" radius="0.5" length="4" />
		<capsule pos="3.450000000000003,-16.5,32.199999999999996" vel="0,0,0" mass="1" elasticityCoef="1" ang="90,0,0" color="0,220,0" radius="0.5" length="4" />
		<capsule pos="3.450000000000003,-16.5,34.49999999999999" vel="0,0,0" mass="1" elasticityCoef="1" ang="90,0,0" color="0,220,0" radius="0.5" length="4" />
		<capsule pos="3.450000000000003,-16.5,36.800000000000004" vel="0,0,0" mass="1" elasticityCoef="1" ang="90,0,0" color="0,220,0" radius="0.5" length="4" />
		<capsule pos="3.450000000000003,-16.5,39.1" vel="0,0,0" mass="1" elasticityCoef="1" ang="90,0,0" color="0,220,0" radius="0.5" length="4" />
		<capsule pos="3.450000000000003,-16.5,41.4" vel="0,0,0" mass="1" elasticityCoef="1" ang="90,0,0" color="0,220,0" radius="0.5" length="4" />
		<capsule pos="3.450000000000003,-11.0,-43.699999999999996" vel="0,0,0" mass="1" elasticityCoef="1" ang="90,0,0" color="0,220,0" radius="0.5" length="4" />
		<capsule pos="3.450000000000003,-11.0,-41.4" vel="0,0,0" mass="1" elasticityCoef="1" ang="90,0,0" color="0,220,0" radius="0.5" length="4" />
		<capsule pos="3.450000000000003,-11.0,-39.099999999999994" vel="0,0,0" mass="1" elasticityCoef="1" ang="90,0,0" color="0,220,0" radius="0.5" length="4" />
		<capsule pos="3.450000000000003,-11.0,-36.8" vel="0,0,0" mass="1" elasticityCoef="1" ang="90,0,0" color="0,220,0" radius="0.5" length="4" />
		<capsule pos="3.450000000000003,-11.0,-34.5" vel="0,0,0" mass="1" elasticityCoef="1" ang="90,0,0" color="0,220,0" radius="0.5" length="4" />
		<capsule pos="3.450000000000003,-11.0,-32.199999999999996" vel="0,0,0" mass="1" elasticityCoef="1" ang="90,0,0" color="0,220,0" radius="0.5" length="4" />
		<capsule pos="3.450000000000003,-11.0,-29.9" vel="0,0,0" mass="1" elasticityCoef="1" ang="90,0,0" color="0,220,0" radius="0.5" length="4" />
		<capsule pos="3.450000000000003,-11.0,-27.599999999999998" vel="0,0,0" mass="1" elasticityCoef="1" ang="90,0,0" color="0,220,0" radius="0.5" length="4" />
		<capsule pos="3.450000000000003,-11.0,-25.299999999999997" vel="0,0,0" mass="1" elasticityCoef="1" ang="90,0,0" color="0,220,0" radius="0.5" length="4" />
		<capsule pos="3.450000000000003,-11.0,-22.999999999999996" vel="0,0,0" mass="1" elasticityCoef="1" ang="90,0,0" color="0,220,0" radius="0.5" length="4" />
		<capsule pos="3.450000000000003,-11.0,-20.699999999999996" vel="0,0,0" mass="1" elasticityCoef="1" ang="90,0,0" color="0,220,0" radius="0.5" length="4" />
		<capsule pos="3.450000000000003,-11.0,-18.4" vel="0,0,0" mass="1" elasticityCoef="1" ang="90,0,0" color="0,220,0" radius="0.5" length="4" />
		<capsule pos="3.450000000000003,-11.0,-16.099999999999998" vel="0,0,0" mass="1" elasticityCoef="1" ang="90,0,0" color="0,220,0" radius="0.5" length="4" />
		<capsule pos="3.450000000000003,-11.0,-13.799999999999997" vel="0,0,0" mass="1" elasticityCoef="1" ang="90,0,0" color="0,220,0" radius="0.5" length="4" />
		<capsule pos="3.450000000000003,-11.0,-11.5" vel="0,0,0" mass="1" elasticityCoef="1" ang="90,0,0" color="0,220,0" radius="0.5" length="4" />
		<capsule pos="3.450000000000003,-11.0,-9.199999999999996" vel="0,0,0" mass="1" elasticityCoef="1" ang="90,0,0" color="0,220,0" radius="0.5" length="4" />
		<capsule pos="3.450000000000003,-11.0,-6.899999999999999" vel="0,0,0" mass="1" elasticityCoef="1" ang="90,0,0" color="0,220,0" radius="0.5" length="4" />
		<capsule pos="3.450000000000003,-11.0,-4.600000000000001" vel="0,0,0" mass="1" elasticityCoef="1" ang="90,0,0" color="0,220,0" radius="0.5" length="4" />
		<capsule pos="3.450000000000003,-11.0,-2.299999999999997" vel="0,0,0" mass="1" elasticityCoef="1" ang="90,0,0" color="0,220,0" radius="0.5" length="4" />
		<capsule pos="3.450000000000003,-11.0,0.0" vel="0,0,0" mass="1" elasticityCoef="1" ang="90,0,0" color="0,220,0" radius="0.5" length="4" />
		<capsule pos="3.450000000000003,-11.0,2.3000000000000043" vel="0,0,0" mass="1" elasticityCoef="1" ang="90,0,0" color="0,220,0" radius="0.5" length="4" />
		<capsule pos="3.450000000000003,-11.0,4.600000000000001" vel="0,0,0" mass="1" elasticityCoef="1" ang="90,0,0" color="0,220,0" radius="0.5" length="4" />
		<capsule pos="3.450000000000003,-11.0,6.899999999999999" vel="0,0,0" mass="1" elasticityCoef="1" ang="90,0,0" color="0,220,0" radius="0.5" length="4" />
		<capsule pos="3.450000000000003,-11.0,9.200000000000003" vel="0,0,0" mass="1" elasticityCoef="1" ang="90,0,0" color="0,220,0" radius="0.5" length="4" />
		<capsule pos="3.450000000000003,-11.0,11.5" vel="0,0,0" mass="1" elasticityCoef="1" ang="90,0,0" color="0,220,0" radius="0.5" length="4" />
		<capsule pos="3.450000000000003,-11.0,13.799999999999997" vel="0,0,0" mass="1" elasticityCoef="1" ang="90,0,0" color="0,220,0" radius="0.5" length="4" />
		<capsule pos="3.450000000000003,-11.0,16.1" vel="0,0,0" mass="1" elasticityCoef="1" ang="90,0,0" color="0,220,0" radius="0.5" length="4" />
		<capsule pos="3.450000000000003,-11.0,18.4" vel="0,0,0" mass="1" elasticityCoef="1" ang="90,0,0" color="0,220,0" radius="0.5" length="4" />
		<capsule pos="3.450000000000003,-11.0,20.699999999999996" vel="0,0,0" mass="1" elasticityCoef="1" ang="90,0,0" color="0,220,0" radius="0.5" length="4" />
		<capsule pos="3.450000000000003,-11.0,22.999999999999993" vel="0,0,0" mass="1" elasticityCoef="1" ang="90,0,0" color="0,220,0" radius="0.5" length="4" />
		<capsule pos="3.450000000000003,-11.0,25.300000000000004" vel="0,0,0" mass="1" elasticityCoef="1" ang="90,0,0" color="0,220,0" radius="0.5" length="4" />
		<capsule pos="3.450000000000003,-11.0,27.6" vel="0,0,0" mass="1" elasticityCoef="1" ang="90,0,0" color="0,220,0" radius="0.5" length="4" />
		<capsule pos="3.450000000000003,-11.0,29.9" vel="0,0,0" mass="1" elasticityCoef="1" ang="90,0,0" color="0,220,0" radius="0.5" length="4" />
		<capsule pos="3.450000000000003,-11.0,32.199999999999996" vel="0,0,0" mass="1" elasticityCoef="1" ang="90,0,0" color="0,220,0" radius="0.5" length="4" />
		<capsule pos="3.450000000000003,-11.0,34.49999999999999" vel="0,0,0" mass="1" elasticityCoef="1" ang="90,0,0" color="0,220,0" radius="0.5" length="4" />
		<capsule pos="3.450000000000003,-11.0,36.800000000000004" vel="0,0,0" mass="1" elasticityCoef="1" ang="90,0,0" color="0,220,0" radius="0.5" length="4" />
		<capsule pos="3.450000000000003,-11.0,39.1" vel="0,0,0" mass="1" elasticityCoef="1" ang="90,0,0" color="0,220,0" radius="0.5" length="4" />
		<capsule pos="3.450000000000003,-11.0,41.4" vel="0,0,0" mass="1" elasticityCoef="1" ang="90,0,0" color="0,220,0" radius="0.5" length="4" />
		<capsule pos="3.450000000000003,-5.5,-43.699999999999996" vel="0,0,0" mass="1" elasticityCoef="1" ang="90,0,0" color="0,220,0" radius="0.5" length="4" />
		<capsule pos="3.450000000000003,-5.5,-41.4" vel="0,0,0" mass="1" elasticityCoef="1" ang="90,0,0" color="0,220,0" radius="0.5" length="4" />
		<capsule pos="3.450000000000003,-5.5,-39.099999999999994" vel="0,0,0" mass="1" elasticityCoef="1" ang="90,0,0" color="0,220,0" radius="0.5" length="4" />
		<capsule pos="3.450000000000003,-5.5,-36.8" vel="0,0,0" mass="1" elasticityCoef="1" ang="90,0,0" color="0,220,0" radius="0.5" length="4" />
		<capsule pos="3.450000000000003,-5.5,-34.5" vel="0,0,0" mass="1" elasticityCoef="1" ang="90,0,0" color="0,220,0" radius="0.5" length="4" />
		<capsule pos="3.450000000000003,-5.5,-32.199999999999996" vel="0,0,0" mass="1" elasticityCoef="1" ang="90,0,0" color="0,220,0" radius="0.5" length="4" />
		<capsule pos="3.450000000000003,-5.5,-29.9" vel="0,0,0" mass="1" elasticityCoef="1" ang="90,0,0" color="0,220,0" radius="0.5" length="4" />
		<capsule pos="3.450000000000003,-5.5,-27.599999999999998" vel="0,0,0" mass="1" elasticityCoef="1" ang="90,0,0" color="0,220,0" radius="0.5" length="4" />
		<capsule pos="3.450000000000003,-5.5,-25.299999999999997" vel="0,0,0" mass="1" elasticityCoef="1" ang="90,0,0" color="0,220,0" radius="0.5" length="4" />
		<capsule pos="3.450000000000003,-5.5,-22.999999999999996" vel="0,0,0" mass="1" elasticityCoef="1" ang="90,0,0" color="0,220,0" radius="0.5" length="4" />
		<capsule pos="3.450000000000003,-5.5,-20.699999999999996" vel="0,0,0" mass="1" elasticityCoef="1" ang="90,0,0" color="0,220,0" radius="0.5" length="4" />
		<capsule pos="3.450000000000003,-5.5,-18.4" vel="0,0,0" mass="1" elasticityCoef="1" ang="90,0,0" color="0,220,0" radius="0.5" length="4" />
		<capsule pos="3.450000000000003,-5.5,-16.099999999999998" vel="0,0,0" mass="1" elasticityCoef="1" ang="90,0,0" color="0,220,0" radius="0.5" length="4" />
		<capsule pos="3.450000000000003,-5.5,-13.799999999999997" vel="0,0,0" mass="1" elasticityCoef="1" ang="90,0,0" color="0,220,0" radius="0.5" length="4" />
		<capsule pos="3.450000000000003,-5.5,-11.5" vel="0,0,0" mass="1" elasticityCoef="1" ang="90,0,0" color="0,220,0" radius="0.5" length="4" />
		<capsule pos="3.450000000000003,-5.5,-9.199999999999996" vel="0,0,0" mass="1" elasticityCoef="1" ang="90,0,0" color="0,220,0" radius="0.5" length="4" />
		<capsule pos="3.450000000000003,-5.5,-6.899999999999999" vel="0,0,0" mass="1" elasticityCoef="1" ang="90,0,0" color="0,220,0" radius="0.5" length="4" />
		<capsule pos="3.450000000000003,-5.5,-4.600000000000001" vel="0,0,0" mass="1" elasticityCoef="1" ang="90,0,0" color="0,220,0" radius="0.5" length="4" />
		<capsule pos="3.450000000000003,-5.5,-2.299999999999997" vel="0,0,0" mass="1" elasticityCoef="1" ang="90,0,0" color="0,220,0" radius="0.5" length="4" />
		<capsule pos="3.450000000000003,-5.5,0.0" vel="0,0,0" mass="1" elasticityCoef="1" ang="90,0,0" color="0,220,0" radius="0.5" length="4" />
		<capsule pos="3.450000000000003,-5.5,2.3000000000000043" vel="0,0,0" mass="1" elasticityCoef="1" ang="90,0,0" color="0,220,0" radius="0.5" length="4" />
		<capsule pos="3.450000000000003,-5.5,4.600000000000001" vel="0,0,0" mass="1" elasticityCoef="1" ang="90,0,0" color="0,220,0" radius="0.5" length="4" />
		<capsule pos="3.450000000000003,-5.5,6.899999999999999" vel="0,0,0" mass="1" elasticityCoef="1" ang="90,0,0" color="0,220,0" radius="0.5" length="4" />
		<capsule pos="3.450000000000003,-5.5,9.200000000000003" vel="0,0,0" mass="1" elasticityCoef="1" ang="90,0,0" color="0,220,0" radius="0.5" length="4" />
		<capsule pos="3.450000000000003,-5.5,11.5" vel="0,0,0" mass="1" elasticityCoef="1" ang="90,0,0" color="0,220,0" radius="0.5" length="4" />
		<capsule pos="3.450000000000003,-5.5,13.799999999999997" vel="0,0,0" mass="1" elasticityCoef="1" ang="90,0,0" color="0,220,0" radius="0.5" length="4" />
		<capsule pos="3.450000000000003,-5.5,16.1" vel="0,0,0" mass="1" elasticityCoef="1" ang="90,0,0" color="0,220,0" radius="0.5" length="4" />
		<capsule pos="3.450000000000003,-5.5,18.4" vel="0,0,0" mass="1" elasticityCoef="1" ang="90,0,0" color="0,220,0" radius="0.5" length="4" />
		<capsule pos="3.450000000000003,-5.5,20.699999999999996" vel="0,0,0" mass="1" elasticityCoef="1" ang="90,0,0" color="0,220,0" radius="0.5" length="4" />
		<capsule pos="3.450000000000003,-5.5,22.999999999999993" vel="0,0,0" mass="1" elasticityCoef="1" ang="90,0,0" color="0,220,0" radius="0.5" length="4" />
		<capsule pos="3.450000000000003,-5.5,25.300000000000004" vel="0,0,0" mass="1" elasticityCoef="1" ang="90,0,0" color="0,220,0" radius="0.5" length="4" />
		<capsule pos="3.450000000000003,-5.5,27.6" vel="0,0,0" mass="1" elasticityCoef="1" ang="90,0,0" color="0,220,0" radius="0.5" length="4" />
		<capsule pos="3.450000000000003,-5.5,29.9" vel="0,0,0" mass="1" elasticityCoef="1" ang="90,0,0" color="0,220,0" radius="0.5" length="4" />
		<capsule pos="3.450000000000003,-5.5,32.199999999999996" vel="0,0,0" mass="1" elasticityCoef="1" ang="90,0,0" color="0,220,0" radius="0.5" length="4" />
		<capsule pos="3.450000000000003,-5.5,34.49999999999999" vel="0,0,0" mass="1" elasticityCoef="1" ang="90,0,0" color="0,220,0" radius="0.5" length="4" />
		<capsule pos="3.450000000000003,-5.5,36.800000000000004" vel="0,0,0" mass="1" elasticityCoef="1" ang="90,0,0" color="0,220,0" radius="0.5" length="4" />
		<capsule pos="3.450000000000003,-5.5,39.1" vel="0,0,0" mass="1" elasticityCoef="1" ang="90,0,0" color="0,220,0" radius="0.5" length="4" />
		<capsule pos="3.450000000000003,-5.5,41.4" vel="0,0,0" mass="1" elasticityCoef="1" ang="90,0,0" color="0,220,0" radius="0.5" length="4" />
		<capsule pos="3.450000000000003,0.0,-43.699999999999996" vel="0,0,0" mass="1" elasticityCoef="1" ang="90,0,0" color="0,220,0" radius="0.5" length="4" />
		<capsule pos="3.450000000000003,0.0,-41.4" vel="0,0,0" mass="1" elasticityCoef="1" ang="90,0,0" color="0,220,0" radius="0.5" length="4" />
		<capsule pos="3.450000000000003,0.0,-39.099999999999994" vel="0,0,0" mass="1" elasticityCoef="1" ang="90,0,0" color="0,220,0" radius="0.5" length="4" />
		<capsule pos="3.450000000000003,0.0,-36.8" vel="0,0,0" mass="1" elasticityCoef="1" ang="90,0,0" color="0,220,0" radius="0.5" length="4" />
		<capsule pos="3.450000000000003,0.0,-34.5" vel="0,0,0" mass="1" elasticityCoef="1" ang="90,0,0" color="0,220,0" radius="0.5" length="4" />
		<capsule pos="3.450000000000003,0.0,-32.199999999999996" vel="0,0,0" mass="1" elasticityCoef="1" ang="90,0,0" color="0,220,0" radius="0.5" length="4" />
		<capsule pos="3.450000000000003,0.0,-29.9" vel="0,0,0" mass="1" elasticityCoef="1" ang="90,0,0" color="0,220,0" radius="0.5" length="4" />
		<capsule pos="3.450000000000003,0.0,-27.599999999999998" vel="0,0,0" mass="1" elasticityCoef="1" ang="90,0,0" color="0,220,0" radius="0.5" length="4" />
		<capsule pos="3.450000000000003,0.0,-25.299999999999997" vel="0,0,0" mass="1" elasticityCoef="1" ang="90,0,0" color="0,220,0" radius="0.5" length="4" />
		<capsule pos="3.450000000000003,0.0,-22.999999999999996" vel="0,0,0" mass="1" elasticityCoef="1" ang="90,0,0" color="0,220,0" radius="0.5" length="4" />
		<capsule pos="3.450000000000003,0.0,-20.699999999999996" vel="0,0,0" mass="1" elasticityCoef="1" ang="90,0,0" color="0,220,0" radius="0.5" length="4" />
		<capsule pos="3.450000000000003,0.0,-18.4" vel="0,0,0" mass="1" elasticityCoef="1" ang="90,0,0" color="0,220,0" radius="0.5" length="4" />
		<capsule pos="3.450000000000003,0.0,-16.099999999999998" vel="0,0,0" mass="1" elasticityCoef="1" ang="90,0,0" color="0,220,0" radius="0.5" length="4" />
		<capsule pos="3.450000000000003,0.0,-13.799999999999997" vel="0,0,0" mass="1" elasticityCoef="1" ang="90,0,0" color="0,220,0" radius="0.5" length="4" />
		<capsule pos="3.450000000000003,0.0,-11.5" vel="0,0,0" mass="1" elasticityCoef="1" ang="90,0,0" color="0,220,0" radius="0.5" length="4" />
		<capsule pos="3.450000000000003,0.0,-9.199999999999996" vel="0,0,0" mass="1" elasticityCoef="1" ang="90,0,0" color="0,220,0" radius="0.5" length="4" />
		<capsule pos="3.450000000000003,0.0,-6.899999999999999" vel="0,0,0" mass="1" elasticityCoef="1" ang="90,0,0" color="0,220,0" radius="0.5" length="4" />
		<capsule pos="3.450000000000003,0.0,-4.600000000000001" vel="0,0,0" mass="1" elasticityCoef="1" ang="90,0,0" color="0,220,0" radius="0.5" length="4" />
		<capsule pos="3.450000000000003,0.0,-2.299999999999997" vel="0,0,0" mass="1" elasticityCoef="1" ang="90,0,0" color="0,220,0" radius="0.5" length="4" />
		<capsule pos="3.450000000000003,0.0,0.0" vel="0,0,0" mass="1" elasticityCoef="1" ang="90,0,0" color="0,220,0" radius="0.5" length="4" />
		<capsule pos="3.450000000000003,0.0,2.3000000000000043" vel="0,0,0" mass="1" elasticityCoef="1" ang="90,0,0" color="0,220,0" radius="0.5" length="4" />
		<capsule pos="3.450000000000003,0.0,4.600000000000001" vel="0,0,0" mass="1" elasticityCoef="1" ang="90,0,0" color="0,220,0" radius="0.5" length="4" />
		<capsule pos="3.450000000000003,0.0,6.899999999999999" vel="0,0,0" mass="1" elasticityCoef="1" ang="90,0,0" color="0,220,0" radius="0.5" length="4" />
		<capsule pos="3.450000000000003,0.0,9.200000000000003" vel="0,0,0" mass="1" elasticityCoef="1" ang="90,0,0" color="0,220,0" radius="0.5" length="4" />
		<capsule pos="3.450000000000003,0.0,11.5" vel="0,0,0" mass="1" elasticityCoef="1" ang="90,0,0" color="0,220,0" radius="0.5" length="4" />
		<capsule pos="3.450000000000003,0.0,13.799999999999997" vel="0,0,0" mass="1" elasticityCoef="1" ang="90,0,0" color="0,220,0" radius="0.5" length="4" />
		<capsule pos="3.450000000000003,0.0,16.1" vel="0,0,0" mass="1" elasticityCoef="1" ang="90,0,0" color="0,220,0" radius="0.5" length="4" />
		<capsule pos="3.450000000000003,0.0,18.4" vel="0,0,0" mass="1" elasticityCoef="1" ang="90,0,0" color="0,220,0" radius="0.5" length="4" />
		<capsule pos="3.450000000000003,0.0,20.699999999999996" vel="0,0,0" mass="1" elasticityCoef="1" ang="90,0,0" color="0,220,0" radius="0.5" length="4" />
		<capsule pos="3.450000000000003,0.0,22.999999999999993" vel="0,0,0" mass="1" elasticityCoef="1" ang="90,0,0" color="0,220,0" radius="0.5" length="4" />
		<capsule pos="3.450000000000003,0.0,25.300000000000004" vel="0,0,0" mass="1" elasticityCoef="1" ang="90,0,0" color="0,220,0" radius="0.5" length="4" />
		<capsule pos="3.450000000000003,0.0,27.6" vel="0,0,0" mass="1" elasticityCoef="1" ang="90,0,0" color="0,220,0" radius="0.5" length="4" />
		<capsule pos="3.450000000000003,0.0,29.9" vel="0,0,0" mass="1" elasticityCoef="1" ang="90,0,0" color="0,220,0" radius="0.5" length="4" />
		<capsule pos="3.450000000000003,0.0,32.199999999999996" vel="0,0,0" mass="1" elasticityCoef="1" ang="90,0,0" color="0,220,0" radius="0.5" length="4" />
		<capsule pos="3.450000000000003,0.0,34.49999999999999" vel="0,0,0" mass="1" elasticityCoef="1" ang="90,0,0" color="0,220,0" radius="0.5" length="4" />
		<capsule pos="3.450000000000003,0.0,36.800000000000004" vel="0,0,0" mass="1" elasticityCoef="1" ang="90,0,0" color="0,220,0" radius="0.5" length="4" />
		<capsule pos="3.450000000000003,0.0,39.1" vel="0,0,0" mass="1" elasticityCoef="1" ang="90,0,0" color="0,220,0" radius="0.5" length="4" />
		<capsule pos="3.450000000000003,0.0,41.4" vel="0,0,0" mass="1" elasticityCoef="1" ang="90,0,0" color="0,220,0" radius="0.5" length="4" />
		<capsule pos="3.450000000000003,5.5,-43.699999999999996" vel="0,0,0" mass="1" elasticityCoef="1" ang="90,0,0" color="0,220,0" radius="0.5" length="4" />
		<capsule pos="3.450000000000003,5.5,-41.4" vel="0,0,0" mass="1" elasticityCoef="1" ang="90,0,0" color="0,220,0" radius="0.5" length="4" />
		<capsule pos="3.450000000000003,5.5,-39.099999999999994" vel="0,0,0" mass="1" elasticityCoef="1" ang="90,0,0" color="0,220,0" radius="0.5" length="4" />
		<capsule pos="3.450000000000003,5.5,-36.8" vel="0,0,0" mass="1" elasticityCoef="1" ang="90,0,0" color="0,220,0" radius="0.5" length="4" />
		<capsule pos="3.450000000000003,5.5,-34.5" vel="0,0,0" mass="1" elasticityCoef="1" ang="90,0,0" color="0,220,0" radius="0.5" length="4" />
		<capsule pos="3.450000000000003,5.5,-32.199999999999996" vel="0,0,0" mass="1" elasticityCoef="1" ang="90,0,0" color="0,220,0" radius="0.5" length="4" />
		<capsule pos="3.450000000000003,5.5,-29.9" vel="0,0,0" mass="1" elasticityCoef="1" ang="90,0,0" color="0,220,0" radius="0.5" length="4" />
		<capsule pos="3.450000000000003,5.5,-27.599999999999998" vel="0,0,0" mass="1" elasticityCoef="1" ang="90,0,0" color="0,220,0" radius="0.5" length="4" />
		<capsule pos="3.450000000000003,5.5,-25.299999999999997" vel="0,0,0" mass="1" elasticityCoef="1" ang="90,0,0" color="0,220,0" radius="0.5" length="4" />
		<capsule pos="3.450000000000003,5.5,-22.999999999999996" vel="0,0,0" mass="1" elasticityCoef="1" ang="90,0,0" color="0,220,0" radius="0.5" length="4" />
		<capsule pos="3.450000000000003,5.5,-20.699999999999996" vel="0,0,0" mass="1" elasticityCoef="1" ang="90,0,0" color="0,220,0" radius="0.5" length="4" />
		<capsule pos="3.450000000000003,5.5,-18.4" vel="0,0,0" mass="1" elasticityCoef="1" ang="90,0,0" color="0,220,0" radius="0.5" length="4" />
		<capsule pos="3.450000000000003,5.5,-16.099999999999998" vel="0,0,0" mass="1" elasticityCoef="1" ang="90,0,0" color="0,220,0" radius="0.5" length="4" />
		<capsule pos="3.450000000000003,5.5,-13.799999999999997" vel="0,0,0" mass="1" elasticityCoef="1" ang="90,0,0" color="0,220,0" radius="0.5" length="4" />
		<capsule pos="3.450000000000003,5.5,-11.5" vel="0,0,0" mass="1" elasticityCoef="1" ang="90,0,0" color="0,220,0" radius="0.5" length="4" />
		<capsule pos="3.450000000000003,5.5,-9.199999999999996" vel="0,0,0" mass="1" elasticityCoef="1" ang="90,0,0" color="0,220,0" radius="0.5" length="4" />
		<capsule pos="3.450000000000003,5.5,-6.899999999999999" vel="0,0,0" mass="1" elasticityCoef="1" ang="90,0,0" color="0,220,0" radius="0.5" length="4" />
		<capsule pos="3.450000000000003,5.5,-4.600000000000001" vel="0,0,0" mass="1" elasticityCoef="1" ang="90,0,0" color="0,220,0" radius="0.5" length="4" />
		<capsule pos="3.450000000000003,5.5,-2.299999999999997" vel="0,0,0" mass="1" elasticityCoef="1" ang="90,0,0" color="0,220,0" radius="0.5" length="4" />
		<capsule pos="3.450000000000003,5.5,0.0" vel="0,0,0" mass="1" elasticityCoef="1" ang="90,0,0" color="0,220,0" radius="0.5" length="4" />
		<capsule pos="3.450000000000003,5.5,2.3000000000000043" vel="0,0,0" mass="1" elasticityCoef="1" ang="90,0,0" color="0,220,0" radius="0.5" length="4" />
		<capsule pos="3.450000000000003,5.5,4.600000000000001" vel="0,0,0" mass="1" elasticityCoef="1" ang="90,0,0" color="0,220,0" radius="0.5" length="4" />
		<capsule pos="3.450000000000003,5.5,6.899999999999999" vel="0,0,0" mass="1" elasticityCoef="1" ang="90,0,0" color="0,220,0" radius="0.5" length="4" />
		<capsule pos="3.450000000000003,5.5,9.200000000000003" vel="0,0,0" mass="1" elasticityCoef="1" ang="90,0,0" color="0,220,0" radius="0.5" length="4" />
		<capsule pos="3.450000000000003,5.5,11.5" vel="0,0,0" mass="1" elasticityCoef="1" ang="90,0,0" color="0,220,0" radius="0.5" length="4" />
		<capsule pos="3.450000000000003,5.5,13.799999999999997" vel="0,0,0" mass="1" elasticityCoef="1" ang="90,0,0" color="0,220,0" radius="0.5" length="4" />
		<capsule pos="3.450000000000003,5.5,16.1" vel="0,0,0" mass="1" elasticityCoef="1" ang="90,0,0" color="0,220,0" radius="0.5" length="4" />
		<capsule pos="3.450000000000003,5.5,18.4" vel="0,0,0" mass="1" elasticityCoef="1" ang="90,0,0" color="0,220,0" radius="0.5" length="4" />
		<capsule pos="3.450000000000003,5.5,20.699999999999996" vel="0,0,0" mass="1" elasticityCoef="1" ang="90,0,0" color="0,220,0" radius="0.5" length="4" />
		<capsule pos="3.450000000000003,5.5,22.999999999999993" vel="0,0,0" mass="1" elasticityCoef="1" ang="90,0,0" color="0,220,0" radius="0.5" length="4" />
		<capsule pos="3.450000000000003,5.5,25.300000000000004" vel="0,0,0" mass="1" elasticityCoef="1" ang="90,0,0" color="0,220,0" radius="0.5" length="4" />
		<capsule pos="3.450000000000003,5.5,27.6" vel="0,0,0" mass="1" elasticityCoef="1" ang="90,0,0" color="0,220,0" radius="0.5" length="4" />
		<capsule pos="3.450000000000003,5.5,29.9" vel="0,0,0" mass="1" elasticityCoef="1" ang="90,0,0" color="0,220,0" radius="0.5" length="4" />
		<capsule pos="3.450000000000003,5.5,32.199999999999996" vel="0,0,0" mass="1" elasticityCoef="1" ang="90,0,0" color="0,220,0" radius="0.5" length="4" />
		<capsule pos="3.450000000000003,5.5,34.49999999999999" vel="0,0,0" mass="1" elasticityCoef="1" ang="90,0,0" color="0,220,0" radius="0.5" length="4" />
		<capsule pos="3.450000000000003,5.5,36.800000000000004" vel="0,0,0" mass="1" elasticityCoef="1" ang="90,0,0" color="0,220,0" radius="0.5" length="4" />
		<capsule pos="3.450000000000003,5.5,39.1" vel="0,0,0" mass="1" elasticityCoef="1" ang="90,0,0" color="0,220,0" radius="0.5" length="4" />
		<capsule pos="3.450000000000003,5.5,41.4" vel="0,0,0" mass="1" elasticityCoef="1" ang="90,0,0" color="0,220,0" radius="0.5" length="4" />
		<capsule pos="3.450000000000003,11.0,-43.699999999999996" vel="0,0,0" mass="1" elasticityCoef="1" ang="90,0,0" color="0,220,0" radius="0.5" length="4" />
		<capsule pos="3.450000000000003,11.0,-41.4" vel="0,0,0" mass="1" elasticityCoef="1" ang="90,0,0" color="0,220,0" radius="0.5" length="4" />
		<capsule pos="3.450000000000003,11.0,-39.099999999999994" vel="0,0,0" mass="1" elasticityCoef="1" ang="90,0,0" color="0,220,0" radius="0.5" length="4" />
		<capsule pos="3.450000000000003,11.0,-36.8" vel="0,0,0" mass="1" elasticityCoef="1" ang="90,0,0" color="0,220,0" radius="0.5" length="4" />
		<capsule pos="3.450000000000003,11.0,-34.5" vel="0,0,0" mass="1" elasticityCoef="1" ang="90,0,0" color="0,220,0" radius="0.5" length="4" />
		<capsule pos="3.450000000000003,11.0,-32.199999999999996" vel="0,0,0" mass="1" elasticityCoef="1" ang="90,0,0" color="0,220,0" radius="0.5" length="4" />
		<capsule pos="3.450000000000003,11.0,-29.9" vel="0,0,0" mass="1" elasticityCoef="1" ang="90,0,0" color="0,220,0" radius="0.5" length="4" />
		<capsule pos="3.450000000000003,11.0,-27.599999999999998" vel="0,0,0" mass="1" elasticityCoef="1" ang="90,0,0" color="0,220,0" radius="0.5" length="4" />
		<capsule pos="3.450000000000003,11.0,-25.299999999999997" vel="0,0,0" mass="1" elasticityCoef="1" ang="90,0,0" color="0,220,0" radius="0.5" length="4" />
		<capsule pos="3.450000000000003,11.0,-22.999999999999996" vel="0,0,0" mass="1" elasticityCoef="1" ang="90,0,0" color="0,220,0" radius="0.5" length="4" />
		<capsule pos="3.450000000000003,11.0,-20.699999999999996" vel="0,0,0" mass="1" elasticityCoef="1" ang="90,0,0" color="0,220,0" radius="0.5" length="4" />
		<capsule pos="3.450000000000003,11.0,-18.4" vel="0,0,0" mass="1" elasticityCoef="1" ang="90,0,0" color="0,220,0" radius="0.5" length="4" />
		<capsule pos="3.450000000000003,11.0,-16.099999999999998" vel="0,0,0" mass="1" elasticityCoef="1" ang="90,0,0" color="0,220,0" radius="0.5" length="4" />
		<capsule pos="3.450000000000003,11.0,-13.799999999999997" vel="0,0,0" mass="1" elasticityCoef="1" ang="90,0,0" color="0,220,0" radius="0.5" length="4" />
		<capsule pos="3.450000000000003,11.0,-11.5" vel="0,0,0" mass="1" elasticityCoef="1" ang="90,0,0" color="0,220,0" radius="0.5" length="4" />
		<capsule pos="3.450000000000003,11.0,-9.199999999999996" vel="0,0,0" mass="1" elasticityCoef="1" ang="90,0,0" color="0,220,0" radius="0.5" length="4" />
		<capsule pos="3.450000000000003,11.0,-6.899999999999999" vel="0,0,0" mass="1" elasticityCoef="1" ang="90,0,0" color="0,220,0" radius="0.5" length="4" />
		<capsule pos="3.450000000000003,11.0,-4.600000000000001" vel="0,0,0" mass="1" elasticityCoef="1" ang="90,0,0" color="0,220,0" radius="0.5" length="4" />
		<capsule pos="3.450000000000003,11.0,-2.299999999999997" vel="0,0,0" mass="1" elasticityCoef="1" ang="90,0,0" color="0,220,0" radius="0.5" length="4" />
		<capsule pos="3.450000000000003,11.0,0.0" vel="0,0,0" mass="1" elasticityCoef="1" ang="90,0,0" color="0,220,0" radius="0.5" length="4" />
		<capsule pos="3.450000000000003,11.0,2.3000000000000043" vel="0,0,0" mass="1" elasticityCoef="1" ang="90,0,0" color="0,220,0" radius="0.5" length="4" />
		<capsule pos="3.450000000000003,11.0,4.600000000000001" vel="0,0,0" mass="1" elasticityCoef="1" ang="90,0,0" color="0,220,0" radius="0.5" length="4" />
		<capsule pos="3.450000000000003,11.0,6.899999999999999" vel="0,0,0" mass="1" elasticityCoef="1" ang="90,0,0" color="0,220,0" radius="0.5" length="4" />
		<capsule pos="3.450000000000003,11.0,9.200000000000003" vel="0,0,0" mass="1" elasticityCoef="1" ang="90,0,0" color="0,220,0" radius="0.5" length="4" />
		<capsule pos="3.450000000000003,11.0,11.5" vel="0,0,0" mass="1" elasticityCoef="1" ang="90,0,0" color="0,220,0" radius="0.5" length="4" />
		<capsule pos="3.450000000000003,11.0,13.799999999999997" vel="0,0,0" mass="1" elasticityCoef="1" ang="90,0,0" color="0,220,0" radius="0.5" length="4" />
		<capsule pos="3.450000000000003,11.0,16.1" vel="0,0,0" mass="1" elasticityCoef="1" ang="90,0,0" color="0,220,0" radius="0.5" length="4" />
		<capsule pos="3.450000000000003,11.0,18.4" vel="0,0,0" mass="1" elasticityCoef="1" ang="90,0,0" color="0,220,0" radius="0.5" length="4" />
		<capsule pos="3.450000000000003,11.0,20.699999999999996" vel="0,0,0" mass="1" elasticityCoef="1" ang="90,0,0" color="0,220,0" radius="0.5" length="4" />
		<capsule pos="3.450000000000003,11.0,22.999999999999993" vel="0,0,0" mass="1" elasticityCoef="1" ang="90,0,0" color="0,220,0" radius="0.5" length="4" />
		<capsule pos="3.450000000000003,11.0,25.300000000000004" vel="0,0,0" mass="1" elasticityCoef="1" ang="90,0,0" color="0,220,0" radius="0.5" length="4" />
		<capsule pos="3.450000000000003,11.0,27.6" vel="0,0,0" mass="1" elasticityCoef="1" ang="90,0,0" color="0,220,0" radius="0.5" length="4" />
		<capsule pos="3.450000000000003,11.0,29.9" vel="0,0,0" mass="1" elasticityCoef="1" ang="90,0,0" color="0,220,0" radius="0.5" length="4" />
		<capsule pos="3.450000000000003,11.0,32.199999999999996" vel="0,0,0" mass="1" elasticityCoef="1" ang="90,0,0" color="0,220,0" radius="0.5" length="4" />
		<capsule pos="3.450000000000003,11.0,34.49999999999999" vel="0,0,0" mass="1" elasticityCoef="1" ang="90,0,0" color="0,220,0" radius="0.5" length="4" />
		<capsule pos="3.450000000000003,11.0,36.800000000000004" vel="0,0,0" mass="1" elasticityCoef="1" ang="90,0,0" color="0,220,0" radius="0.5" length="4" />
		<capsule pos="3.450000000000003,11.0,39.1" vel="0,0,0" mass="1" elasticityCoef="1" ang="90,0,0" color="0,220,0" radius="0.5" length="4" />
		<capsule pos="3.450000000000003,11.0,41.4" vel="0,0,0" mass="1" elasticityCoef="1" ang="90,0,0" color="0,220,0" radius="0.5" length="4" />
		<capsule pos="3.450000000000003,16.5,-43.699999999999996" vel="0,0,0" mass="1" elasticityCoef="1" ang="90,0,0" color="0,220,0" radius="0.5" length="4" />
		<capsule pos="3.450000000000003,16.5,-41.4" vel="0,0,0" mass="1" elasticityCoef="1" ang="90,0,0" color="0,220,0" radius="0.5" length="4" />
		<capsule pos="3.450000000000003,16.5,-39.099999999999994" vel="0,0,0" mass="1" elasticityCoef="1" ang="90,0,0" color="0,220,0" radius="0.5" length="4" />
		<capsule pos="3.450000000000003,16.5,-36.8" vel="0,0,0" mass="1" elasticityCoef="1" ang="90,0,0" color="0,220,0" radius="0.5" length="4" />
		<capsule pos="3.450000000000003,16.5,-34.5" vel="0,0,0" mass="1" elasticityCoef="1" ang="90,0,0" color="0,220,0" radius="0.5" length="4" />
		<capsule pos="3.450000000000003,16.5,-32.199999999999996" vel="0,0,0" mass="1" elasticityCoef="1" ang="90,0,0" color="0,220,0" radius="0.5" length="4" />
		<capsule pos="3.450000000000003,16.5,-29.9" vel="0,0,0" mass="1" elasticityCoef="1" ang="90,0,0" color="0,220,0" radius="0.5" length="4" />
		<capsule pos="3.450000000000003,16.5,-27.599999999999998" vel="0,0,0" mass="1" elasticityCoef="1" ang="90,0,0" color="0,220,0" radius="0.5" length="4" />
		<capsule pos="3.450000000000003,16.5,-25.299999999999997" vel="0,0,0" mass="1" elasticityCoef="1" ang="90,0,0" color="0,220,0" radius="0.5" length="4" />
		<capsule pos="3.450000000000003,16.5,-22.999999999999996" vel="0,0,0" mass="1" elasticityCoef="1" ang="90,0,0" color="0,220,0" radius="0.5" length="4" />
		<capsule pos="3.450000000000003,16.5,-20.699999999999996" vel="0,0,0" mass="1" elasticityCoef="1" ang="90,0,0" color="0,220,0" radius="0.5" length="4" />
		<capsule pos="3.450000000000003,16.5,-18.4" vel="0,0,0" mass="1" elasticityCoef="1" ang="90,0,0" color="0,220,0" radius="0.5" length="4" />
		<capsule pos="3.450000000000003,16.5,-16.099999999999998" vel="0,0,0" mass="1" elasticityCoef="1" ang="90,0,0" color="0,220,0" radius="0.5" length="4" />
		<capsule pos="3.450000000000003,16.5,-13.799999999999997" vel="0,0,0" mass="1" elasticityCoef="1" ang="90,0,0" color="0,220,0" radius="0.5" length="4" />
		<capsule pos="3.450000000000003,16.5,-11.5" vel="0,0,0" mass="1" elasticityCoef="1" ang="90,0,0" color="0,220,0" radius="0.5" length="4" />
		<capsule pos="3.450000000000003,16.5,-9.199999999999996" vel="0,0,0" mass="1" elasticityCoef="1" ang="90,0,0" color="0,220,0" radius="0.5" length="4" />
		<capsule pos="3.450000000000003,16.5,-6.899999999999999" vel="0,0,0" mass="1" elasticityCoef="1" ang="90,0,0" color="0,220,0" radius="0.5" length="4" />
		<capsule pos="3.450000000000003,16.5,-4.600000000000001" vel="0,0,0" mass="1" elasticityCoef="1" ang="90,0,0" color="0,220,0" radius="0.5" length="4" />
		<capsule pos="3.450000000000003,16.5,-2.299999999999997" vel="0,0,0" mass="1" elasticityCoef="1" ang="90,0,0" color="0,220,0" radius="0.5" length="4" />
		<capsule pos="3.450000000000003,16.5,0.0" vel="0,0,0" mass="1" elasticityCoef="1" ang="90,0,0" color="0,220,0" radius="0.5" length="4" />
		<capsule pos="3.450000000000003,16.5,2.3000000000000043" vel="0,0,0" mass="1" elasticityCoef="1" ang="90,0,0" color="0,220,0" radius="0.5" length="4" />
		<capsule pos="3.450000000000003,16.5,4.600000000000001" vel="0,0,0" mass="1" elasticityCoef="1" ang="90,0,0" color="0,220,0" radius="0.5" length="4" />
		<capsule pos="3.450000000000003,16.5,6.899999999999999" vel="0,0,0" mass="1" elasticityCoef="1" ang="90,0,0" color="0,220,0" radius="0.5" length="4" />
		<capsule pos="3.450000000000003,16.5,9.200000000000003" vel="0,0,0" mass="1" elasticityCoef="1" ang="90,0,0" color="0,220,0" radius="0.5" length="4" />
		<capsule pos="3.450000000000003,16.5,11.5" vel="0,0,0" mass="1" elasticityCoef="1" ang="90,0,0" color="0,220,0" radius="0.5" length="4" />
		<capsule pos="3.450000000000003,16.5,13.799999999999997" vel="0,0,0" mass="1" elasticityCoef="1" ang="90,0,0" color="0,220,0" radius="0.5" length="4" />
		<capsule pos="3.450000000000003,16.5,16.1" vel="0,0,0" mass="1" elasticityCoef="1" ang="90,0,0" color="0,220,0" radius="0.5" length="4" />
		<capsule pos="3.450000000000003,16.5,18.4" vel="0,0,0" mass="1" elasticityCoef="1" ang="90,0,0" color="0,220,0" radius="0.5" length="4" />
		<capsule pos="3.450000000000003,16.5,20.699999999999996" vel="0,0,0" mass="1" elasticityCoef="1" ang="90,0,0" color="0,220,0" radius="0.5" length="4" />
		<capsule pos="3.450000000000003,16.5,22.999999999999993" vel="0,0,0" mass="1" elasticityCoef="1" ang="90,0,0" color="0,220,0" radius="0.5" length="4" />
		<capsule pos="3.450000000000003,16.5,25.300000000000004" vel="0,0,0" mass="1" elasticityCoef="1" ang="90,0,0" color="0,220,0" radius="0.5" length="4" />
		<capsule pos="3.450000000000003,16.5,27.6" vel="0,0,0" mass="1" elasticityCoef="1" ang="90,0,0" color="0,220,0" radius="0.5" length="4" />
		<capsule pos="3.450000000000003,16.5,29.9" vel="0,0,0" mass="1" elasticityCoef="1" ang="90,0,0" color="0,220,0" radius="0.5" length="4" />
		<capsule pos="3.450000000000003,16.5,32.199999999999996" vel="0,0,0" mass="1" elasticityCoef="1" ang="90,0,0" color="0,220,0" radius="0.5" length="4" />
		<capsule pos="3.450000000000003,16.5,34.49999999999999" vel="0,0,0" mass="1" elasticityCoef="1" ang="90,0,0" color="0,220,0" radius="0.5" length="4" />
		<capsule pos="3.450000000000003,16.5,36.800000000000004" vel="0,0,0" mass="1" elasticityCoef="1" ang="90,0,0" color="0,220,0" radius="0.5" length="4" />
		<capsule pos="3.450000000000003,16.5,39.1" vel="0,0,0" mass="1" elasticityCoef="1" ang="90,0,0" color="0,220,0" radius="0.5" length="4" />
		<capsule pos="3.450000000000003,16.5,41.4" vel="0,0,0" mass="1" elasticityCoef="1" ang="90,0,0" color="0,220,0" radius="0.5" length="4" />
		<capsule pos="3.450000000000003,22.0,-43.699999999999996" vel="0,0,0" mass="1" elasticityCoef="1" ang="90,0,0" color="0,220,0" radius="0.5" length="4" />
		<capsule pos="3.450000000000003,22.0,-41.4" vel="0,0,0" mass="1" elasticityCoef="1" ang="90,0,0" color="0,220,0" radius="0.5" length="4" />
		<capsule pos="3.450000000000003,22.0,-39.099999999999994" vel="0,0,0" mass="1" elasticityCoef="1" ang="90,0,0" color="0,220,0" radius="0.5" length="4" />
		<capsule pos="3.450000000000003,22.0,-36.8" vel="0,0,0" mass="1" elasticityCoef="1" ang="90,0,0" color="0,220,0" radius="0.5" length="4" />
		<capsule pos="3.450000000000003,22.0,-34.5" vel="0,0,0" mass="1" elasticityCoef="1" ang="90,0,0" color="0,220,0" radius="0.5" length="4" />
		<capsule pos="3.450000000000003,22.0,-32.199999999999996" vel="0,0,0" mass="1" elasticityCoef="1" ang="90,0,0" color="0,220,0" radius="0.5" length="4" />
		<capsule pos="3.450000000000003,22.0,-29.9" vel="0,0,0" mass="1" elasticityCoef="1" ang="90,0,0" color="0,220,0" radius="0.5" length="4" />
		<capsule pos="3.450000000000003,22.0,-27.599999999999998" vel="0,0,0" mass="1" elasticityCoef="1" ang="90,0,0" color="0,220,0" radius="0.5" length="4" />
		<capsule pos="3.450000000000003,22.0,-25.299999999999997" vel="0,0,0" mass="1" elasticityCoef="1" ang="90,0,0" color="0,220,0" radius="0.5" length="4" />
		<capsule pos="3.450000000000003,22.0,-22.999999999999996" vel="0,0,0" mass="1" elasticityCoef="1" ang="90,0,0" color="0,220,0" radius="0.5" length="4" />
		<capsule pos="3.450000000000003,22.0,-20.699999999999996" vel="0,0,0" mass="1" elasticityCoef="1" ang="90,0,0" color="0,220,0" radius="0.5" length="4" />
		<capsule pos="3.450000000000003,22.0,-18.4" vel="0,0,0" mass="1" elasticityCoef="1" ang="90,0,0" color="0,220,0" radius="0.5" length="4" />
		<capsule pos="3.450000000000003,22.0,-16.099999999999998" vel="0,0,0" mass="1" elasticityCoef="1" ang="90,0,0" color="0,220,0" radius="0.5" length="4" />
		<capsule pos="3.450000000000003,22.0,-13.799999999999997" vel="0,0,0" mass="1" elasticityCoef="1" ang="90,0,0" color="0,220,0" radius="0.5" length="4" />
		<capsule pos="3.450000000000003,22.0,-11.5" vel="0,0,0" mass="1" elasticityCoef="1" ang="90,0,0" color="0,220,0" radius="0.5" length="4" />
		<capsule pos="3.450000000000003,22.0,-9.199999999999996" vel="0,0,0" mass="1" elasticityCoef="1" ang="90,0,0" color="0,220,0" radius="0.5" length="4" />
		<capsule pos="3.450000000000003,22.0,-6.899999999999999" vel="0,0,0" mass="1" elasticityCoef="1" ang="90,0,0" color="0,220,0" radius="0.5" length="4" />
		<capsule pos="3.450000000000003,22.0,-4.600000000000001" vel="0,0,0" mass="1" elasticityCoef="1" ang="90,0,0" color="0,220,0" radius="0.5" length="4" />
		<capsule pos="3.450000000000003,22.0,-2.299999999999997" vel="0,0,0" mass="1" elasticityCoef="1" ang="90,0,0" color="0,220,0" radius="0.5" length="4" />
		<capsule pos="3.450000000000003,22.0,0.0" vel="0,0,0" mass="1" elasticityCoef="1" ang="90,0,0" color="0,220,0" radius="0.5" length="4" />
		<capsule pos="3.450000000000003,22.0,2.3000000000000043" vel="0,0,0" mass="1" elasticityCoef="1" ang="90,0,0" color="0,220,0" radius="0.5" length="4" />
		<capsule pos="3.450000000000003,22.0,4.600000000000001" vel="0,0,0" mass="1" elasticityCoef="1" ang="90,0,0" color="0,220,0" radius="0.5" length="4" />
		<capsule pos="3.450000000000003,22.0,6.899999999999999" vel="0,0,0" mass="1" elasticityCoef="1" ang="90,0,0" color="0,220,0" radius="0.5" length="4" />
		<capsule pos="3.450000000000003,22.0,9.200000000000003" vel="0,0,0" mass="1" elasticityCoef="1" ang="90,0,0" color="0,220,0" radius="0.5" length="4" />
		<capsule pos="3.450000000000003,22.0,11.5" vel="0,0,0" mass="1" elasticityCoef="1" ang="90,0,0" color="0,220,0" radius="0.5" length="4" />
		<capsule pos="3.450000000000003,22.0,13.799999999999997" vel="0,0,0" mass="1" elasticityCoef="1" ang="90,0,0" color="0,220,0" radius="0.5" length="4" />
		<capsule pos="3.450000000000003,22.0,16.1" vel="0,0,0" mass="1" elasticityCoef="1" ang="90,0,0" color="0,220,0" radius="0.5" length="4" />
		<capsule pos="3.450000000000003,22.0,18.4" vel="0,0,0" mass="1" elasticityCoef="1" ang="90,0,0" color="0,220,0" radius="0.5" length="4" />
		<capsule pos="3.450000000000003,22.0,20.699999999999996" vel="0,0,0" mass="1" elasticityCoef="1" ang="90,0,0" color="0,220,0" radius="0.5" length="4" />
		<capsule pos="3.450000000000003,22.0,22.999999999999993" vel="0,0,0" mass="1" elasticityCoef="1" ang="90,0,0" color="0,220,0" radius="0.5" length="4" />
		<capsule pos="3.450000000000003,22.0,25.300000000000004" vel="0,0,0" mass="1" elasticityCoef="1" ang="90,0,0" color="0,220,0" radius="0.5" length="4" />
		<capsule pos="3.450000000000003,22.0,27.6" vel="0,0,0" mass="1" elasticityCoef="1" ang="90,0,0" color="0,220,0" radius="0.5" length="4" />
		<capsule pos="3.450000000000003,22.0,29.9" vel="0,0,0" mass="1" elasticityCoef="1" ang="90,0,0" color="0,220,0" radius="0.5" length="4" />
		<capsule pos="3.450000000000003,22.0,32.199999999999996" vel="0,0,0" mass="1" elasticityCoef="1" ang="90,0,0" color="0,220,0" radius="0.5" length="4" />
		<capsule pos="3.450000000000003,22.0,34.49999999999999" vel="0,0,0" mass="1" elasticityCoef="1" ang="90,0,0" color="0,220,0" radius="0.5" length="4" />
		<capsule pos="3.450000000000003,22.0,36.800000000000004" vel="0,0,0" mass="1" elasticityCoef="1" ang="90,0,0" color="0,220,0" radius="0.5" length="4" />
		<capsule pos="3.450000000000003,22.0,39.1" vel="0,0,0" mass="1" elasticityCoef="1" ang="90,0,0" color="0,220,0" radius="0.5" length="4" />
		<capsule pos="3.450000000000003,22.0,41.4" vel="0,0,0" mass="1" elasticityCoef="1" ang="90,0,0" color="0,220,0" radius="0.5" length="4" />
		<capsule pos="3.450000000000003,27.5,-43.699999999999996" vel="0,0,0" mass="1" elasticityCoef="1" ang="90,0,0" color="0,220,0" radius="0.5" length="4" />
		<capsule pos="3.450000000000003,27.5,-41.4" vel="0,0,0" mass="1" elasticityCoef="1" ang="90,0,0" color="0,220,0" radius="0.5" length="4" />
		<capsule pos="3.450000000000003,27.5,-39.099999999999994" vel="0,0,0" mass="1" elasticityCoef="1" ang="90,0,0" color="0,220,0" radius="0.5" length="4" />
		<capsule pos="3.450000000000003,27.5,-36.8" vel="0,0,0" mass="1" elasticityCoef="1" ang="90,0,0" color="0,220,0" radius="0.5" length="4" />
		<capsule pos="3.450000000000003,27.5,-34.5" vel="0,0,0" mass="1" elasticityCoef="1" ang="90,0,0" color="0,220,0" radius="0.5" length="4" />
		<capsule pos="3.450000000000003,27.5,-32.199999999999996" vel="0,0,0" mass="1" elasticityCoef="1" ang="90,0,0" color="0,220,0" radius="0.5" length="4" />
		<capsule pos="3.450000000000003,27.5,-29.9" vel="0,0,0" mass="1" elasticityCoef="1" ang="90,0,0" color="0,220,0" radius="0.5" length="4" />
		<capsule pos="3.450000000000003,27.5,-27.599999999999998" vel="0,0,0" mass="1" elasticityCoef="1" ang="90,0,0" color="0,220,0" radius="0.5" length="4" />
		<capsule pos="3.450000000000003,27.5,-25.299999999999997" vel="0,0,0" mass="1" elasticityCoef="1" ang="90,0,0" color="0,220,0" radius="0.5" length="4" />
		<capsule pos="3.450000000000003,27.5,-22.999999999999996" vel="0,0,0" mass="1" elasticityCoef="1" ang="90,0,0" color="0,220,0" radius="0.5" length="4" />
		<capsule pos="3.450000000000003,27.5,-20.699999999999996" vel="0,0,0" mass="1" elasticityCoef="1" ang="90,0,0" color="0,220,0" radius="0.5" length="4" />
		<capsule pos="3.450000000000003,27.5,-18.4" vel="0,0,0" mass="1" elasticityCoef="1" ang="90,0,0" color="0,220,0" radius="0.5" length="4" />
		<capsule pos="3.450000000000003,27.5,-16.099999999999998" vel="0,0,0" mass="1" elasticityCoef="1" ang="90,0,0" color="0,220,0" radius="0.5" length="4" />
		<capsule pos="3.450000000000003,27.5,-13.799999999999997" vel="0,0,0" mass="1" elasticityCoef="1" ang="90,0,0" color="0,220,0" radius="0.5" length="4" />
		<capsule pos="3.450000000000003,27.5,-11.5" vel="0,0,0" mass="1" elasticityCoef="1" ang="90,0,0" color="0,220,0" radius="0.5" length="4" />
		<capsule pos="3.450000000000003,27.5,-9.199999999999996" vel="0,0,0" mass="1" elasticityCoef="1" ang="90,0,0" color="0,220,0" radius="0.5" length="4" />
		<capsule pos="3.450000000000003,27.5,-6.899999999999999" vel="0,0,0" mass="1" elasticityCoef="1" ang="90,0,0" color="0,220,0" radius="0.5" length="4" />
		<capsule pos="3.450000000000003,27.5,-4.600000000000001" vel="0,0,0" mass="1" elasticityCoef="1" ang="90,0,0" color="0,220,0" radius="0.5" length="4" />
		<capsule pos="3.450000000000003,27.5,-2.299999999999997" vel="0,0,0" mass="1" elasticityCoef="1" ang="90,0,0" color="0,220,0" radius="0.5" length="4" />
		<capsule pos="3.450000000000003,27.5,0.0" vel="0,0,0" mass="1" elasticityCoef="1" ang="90,0,0" color="0,220,0" radius="0.5" length="4" />
		<capsule pos="3.450000000000003,27.5,2.3000000000000043" vel="0,0,0" mass="1" elasticityCoef="1" ang="90,0,0" color="0,220,0" radius="0.5" length="4" />
		<capsule pos="3.450000000000003,27.5,4.600000000000001" vel="0,0,0" mass="1" elasticityCoef="1" ang="90,0,0" color="0,220,0" radius="0.5" length="4" />
		<capsule pos="3.450000000000003,27.5,6.899999999999999" vel="0,0,0" mass="1" elasticityCoef="1" ang="90,0,0" color="0,220,0" radius="0.5" length="4" />
		<capsule pos="3.450000000000003,27.5,9.200000000000003" vel="0,0,0" mass="1" elasticityCoef="1" ang="90,0,0" color="0,220,0" radius="0.5" length="4" />
		<capsule pos="3.450000000000003,27.5,11.5" vel="0,0,0" mass="1" elasticityCoef="1" ang="90,0,0" color="0,220,0" radius="0.5" length="4" />
		<capsule pos="3.450000000000003,27.5,13.799999999999997" vel="0,0,0" mass="1" elasticityCoef="1" ang="90,0,0" color="0,220,0" radius="0.5" length="4" />
		<capsule pos="3.450000000000003,27.5,16.1" vel="0,0,0" mass="1" elasticityCoef="1" ang="90,0,0" color="0,220,0" radius="0.5" length="4" />
		<capsule pos="3.450000000000003,27.5,18.4" vel="0,0,0" mass="1" elasticityCoef="1" ang="90,0,0" color="0,220,0" radius="0.5" length="4" />
		<capsule pos="3.450000000000003,27.5,20.699999999999996" vel="0,0,0" mass="1" elasticityCoef="1" ang="90,0,0" color="0,220,0" radius="0.5" length="4" />
		<capsule pos="3.450000000000003,27.5,22.999999999999993" vel="0,0,0" mass="1" elasticityCoef="1" ang="90,0,0" color="0,220,0" radius="0.5" length="4" />
		<capsule pos="3.450000000000003,27.5,25.300000000000004" vel="0,0,0" mass="1" elasticityCoef="1" ang="90,0,0" color="0,220,0" radius="0.5" length="4" />
		<capsule pos="3.450000000000003,27.5,27.6" vel="0,0,0" mass="1" elasticityCoef="1" ang="90,0,0" color="0,220,0" radius="0.5" length="4" />
		<capsule pos="3.450000000000003,27.5,29.9" vel="0,0,0" mass="1" elasticityCoef="1" ang="90,0,0" color="0,220,0" radius="0.5" length="4" />
		<capsule pos="3.450000000000003,27.5,32.199999999999996" vel="0,0,0" mass="1" elasticityCoef="1" ang="90,0,0" color="0,220,0" radius="0.5" length="4" />
		<capsule pos="3.450000000000003,27.5,34.49999999999999" vel="0,0,0" mass="1" elasticityCoef="1" ang="90,0,0" color="0,220,0" radius="0.5" length="4" />
		<capsule pos="3.450000000000003,27.5,36.800000000000004" vel="0,0,0" mass="1" elasticityCoef="1" ang="90,0,0" color="0,220,0" radius="0.5" length="4" />
		<capsule pos="3.450000000000003,27.5,39.1" vel="0,0,0" mass="1" elasticityCoef="1" ang="90,0,0" color="0,220,0" radius="0.5" length="4" />
		<capsule pos="3.450000000000003,27.5,41.4" vel="0,0,0" mass="1" elasticityCoef="1" ang="90,0,0" color="0,220,0" radius="0.5" length="4" />
		<capsule pos="3.450000000000003,33.0,-43.699999999999996" vel="0,0,0" mass="1" elasticityCoef="1" ang="90,0,0" color="0,220,0" radius="0.5" length="4" />
		<capsule pos="3.450000000000003,33.0,-41.4" vel="0,0,0" mass="1" elasticityCoef="1" ang="90,0,0" color="0,220,0" radius="0.5" length="4" />
		<capsule pos="3.450000000000003,33.0,-39.099999999999994" vel="0,0,0" mass="1" elasticityCoef="1" ang="90,0,0" color="0,220,0" radius="0.5" length="4" />
		<capsule pos="3.450000000000003,33.0,-36.8" vel="0,0,0" mass="1" elasticityCoef="1" ang="90,0,0" color="0,220,0" radius="0.5" length="4" />
		<capsule pos="3.450000000000003,33.0,-34.5" vel="0,0,0" mass="1" elasticityCoef="1" ang="90,0,0" color="0,220,0" radius="0.5" length="4" />
		<capsule pos="3.450000000000003,33.0,-32.199999999999996" vel="0,0,0" mass="1" elasticityCoef="1" ang="90,0,0" color="0,220,0" radius="0.5" length="4" />
		<capsule pos="3.450000000000003,33.0,-29.9" vel="0,0,0" mass="1" elasticityCoef="1" ang="90,0,0" color="0,220,0" radius="0.5" length="4" />
		<capsule pos="3.450000000000003,33.0,-27.599999999999998" vel="0,0,0" mass="1" elasticityCoef="1" ang="90,0,0" color="0,220,0" radius="0.5" length="4" />
		<capsule pos="3.450000000000003,33.0,-25.299999999999997" vel="0,0,0" mass="1" elasticityCoef="1" ang="90,0,0" color="0,220,0" radius="0.5" length="4" />
		<capsule pos="3.450000000000003,33.0,-22.999999999999996" vel="0,0,0" mass="1" elasticityCoef="1" ang="90,0,0" color="0,220,0" radius="0.5" length="4" />
		<capsule pos="3.450000000000003,33.0,-20.699999999999996" vel="0,0,0" mass="1" elasticityCoef="1" ang="90,0,0" color="0,220,0" radius="0.5" length="4" />
		<capsule pos="3.450000000000003,33.0,-18.4" vel="0,0,0" mass="1" elasticityCoef="1" ang="90,0,0" color="0,220,0" radius="0.5" length="4" />
		<capsule pos="3.450000000000003,33.0,-16.099999999999998" vel="0,0,0" mass="1" elasticityCoef="1" ang="90,0,0" color="0,220,0" radius="0.5" length="4" />
		<capsule pos="3.450000000000003,33.0,-13.799999999999997" vel="0,0,0" mass="1" elasticityCoef="1" ang="90,0,0" color="0,220,0" radius="0.5" length="4" />
		<capsule pos="3.450000000000003,33.0,-11.5" vel="0,0,0" mass="1" elasticityCoef="1" ang="90,0,0" color="0,220,0" radius="0.5" length="4" />
		<capsule pos="3.450000000000003,33.0,-9.199999999999996" vel="0,0,0" mass="1" elasticityCoef="1" ang="90,0,0" color="0,220,0" radius="0.5" length="4" />
		<capsule pos="3.450000000000003,33.0,-6.899999999999999" vel="0,0,0" mass="1" elasticityCoef="1" ang="90,0,0" color="0,220,0" radius="0.5" length="4" />
		<capsule pos="3.450000000000003,33.0,-4.600000000000001" vel="0,0,0" mass="1" elasticityCoef="1" ang="90,0,0" color="0,220,0" radius="0.5" length="4" />
		<capsule pos="3.450000000000003,33.0,-2.299999999999997" vel="0,0,0" mass="1" elasticityCoef="1" ang="90,0,0" color="0,220,0" radius="0.5" length="4" />
		<capsule pos="3.450000000000003,33.0,0.0" vel="0,0,0" mass="1" elasticityCoef="1" ang="90,0,0" color="0,220,0" radius="0.5" length="4" />
		<capsule pos="3.450000000000003,33.0,2.3000000000000043" vel="0,0,0" mass="1" elasticityCoef="1" ang="90,0,0" color="0,220,0" radius="0.5" length="4" />
		<capsule pos="3.450000000000003,33.0,4.600000000000001" vel="0,0,0" mass="1" elasticityCoef="1" ang="90,0,0" color="0,220,0" radius="0.5" length="4" />
		<capsule pos="3.450000000000003,33.0,6.899999999999999" vel="0,0,0" mass="1" elasticityCoef="1" ang="90,0,0" color="0,220,0" radius="0.5" length="4" />
		<capsule pos="3.450000000000003,33.0,9.200000000000003" vel="0,0,0" mass="1" elasticityCoef="1" ang="90,0,0" color="0,220,0" radius="0.5" length="4" />
		<capsule pos="3.450000000000003,33.0,11.5" vel="0,0,0" mass="1" elasticityCoef="1" ang="90,0,0" color="0,220,0" radius="0.5" length="4" />
		<capsule pos="3.450000000000003,33.0,13.799999999999997" vel="0,0,0" mass="1" elasticityCoef="1" ang="90,0,0" color="0,220,0" radius="0.5" length="4" />
		<capsule pos="3.450000000000003,33.0,16.1" vel="0,0,0" mass="1" elasticityCoef="1" ang="90,0,0" color="0,220,0" radius="0.5" length="4" />
		<capsule pos="3.450000000000003,33.0,18.4" vel="0,0,0" mass="1" elasticityCoef="1" ang="90,0,0" color="0,220,0" radius="0.5" length="4" />
		<capsule pos="3.450000000000003,33.0,20.699999999999996" vel="0,0,0" mass="1" elasticityCoef="1" ang="90,0,0" color="0,220,0" radius="0.5" length="4" />
		<capsule pos="3.450000000000003,33.0,22.999999999999993" vel="0,0,0" mass="1" elasticityCoef="1" ang="90,0,0" color="0,220,0" radius="0.5" length="4" />
		<capsule pos="3.450000000000003,33.0,25.300000000000004" vel="0,0,0" mass="1" elasticityCoef="1" ang="90,0,0" color="0,220,0" radius="0.5" length="4" />
		<capsule pos="3.450000000000003,33.0,27.6" vel="0,0,0" mass="1" elasticityCoef="1" ang="90,0,0" color="0,220,0" radius="0.5" length="4" />
		<capsule pos="3.450000000000003,33.0,29.9" vel="0,0,0" mass="1" elasticityCoef="1" ang="90,0,0" color="0,220,0" radius="0.5" length="4" />
		<capsule pos="3.450000000000003,33.0,32.199999999999996" vel="0,0,0" mass="1" elasticityCoef="1" ang="90,0,0" color="0,220,0" radius="0.5" length="4" />
		<capsule pos="3.450000000000003,33.0,34.49999999999999" vel="0,0,0" mass="1" elasticityCoef="1" ang="90,0,0" color="0,220,0" radius="0.5" length="4" />
		<capsule pos="3.450000000000003,33.0,36.800000000000004" vel="0,0,0" mass="1" elasticityCoef="1" ang="90,0,0" color="0,220,0" radius="0.5" length="4" />
		<capsule pos="3.450000000000003,33.0,39.1" vel="0,0,0" mass="1" elasticityCoef="1" ang="90,0,0" color="0,220,0" radius="0.5" length="4" />
		<capsule pos="3.450000000000003,33.0,41.4" vel="0,0,0" mass="1" elasticityCoef="1" ang="90,0,0" color="0,220,0" radius="0.5" length="4" />
		<capsule pos="3.450000000000003,38.5,-43.699999999999996" vel="0,0,0" mass="1" elasticityCoef="1" ang="90,0,0" color="0,220,0" radius="0.5" length="4" />
		<capsule pos="3.450000000000003,38.5,-41.4" vel="0,0,0" mass="1" elasticityCoef="1" ang="90,0,0" color="0,220,0" radius="0.5" length="4" />
		<capsule pos="3.450000000000003,38.5,-39.099999999999994" vel="0,0,0" mass="1" elasticityCoef="1" ang="90,0,0" color="0,220,0" radius="0.5" length="4" />
		<capsule pos="3.450000000000003,38.5,-36.8" vel="0,0,0" mass="1" elasticityCoef="1" ang="90,0,0" color="0,220,0" radius="0.5" length="4" />
		<capsule pos="3.450000000000003,38.5,-34.5" vel="0,0,0" mass="1" elasticityCoef="1" ang="90,0,0" color="0,220,0" radius="0.5" length="4" />
		<capsule pos="3.450000000000003,38.5,-32.199999999999996" vel="0,0,0" mass="1" elasticityCoef="1" ang="90,0,0" color="0,220,0" radius="0.5" length="4" />
		<capsule pos="3.450000000000003,38.5,-29.9" vel="0,0,0" mass="1" elasticityCoef="1" ang="90,0,0" color="0,220,0" radius="0.5" length="4" />
		<capsule pos="3.450000000000003,38.5,-27.599999999999998" vel="0,0,0" mass="1" elasticityCoef="1" ang="90,0,0" color="0,220,0" radius="0.5" length="4" />
		<capsule pos="3.450000000000003,38.5,-25.299999999999997" vel="0,0,0" mass="1" elasticityCoef="1" ang="90,0,0" color="0,220,0" radius="0.5" length="4" />
		<capsule pos="3.450000000000003,38.5,-22.999999999999996" vel="0,0,0" mass="1" elasticityCoef="1" ang="90,0,0" color="0,220,0" radius="0.5" length="4" />
		<capsule pos="3.450000000000003,38.5,-20.699999999999996" vel="0,0,0" mass="1" elasticityCoef="1" ang="90,0,0" color="0,220,0" radius="0.5" length="4" />
		<capsule pos="3.450000000000003,38.5,-18.4" vel="0,0,0" mass="1" elasticityCoef="1" ang="90,0,0" color="0,220,0" radius="0.5" length="4" />
		<capsule pos="3.450000000000003,38.5,-16.099999999999998" vel="0,0,0" mass="1" elasticityCoef="1" ang="90,0,0" color="0,220,0" radius="0.5" length="4" />
		<capsule pos="3.450000000000003,38.5,-13.799999999999997" vel="0,0,0" mass="1" elasticityCoef="1" ang="90,0,0" color="0,220,0" radius="0.5" length="4" />
		<capsule pos="3.450000000000003,38.5,-11.5" vel="0,0,0" mass="1" elasticityCoef="1" ang="90,0,0" color="0,220,0" radius="0.5" length="4" />
		<capsule pos="3.450000000000003,38.5,-9.199999999999996" vel="0,0,0" mass="1" elasticityCoef="1" ang="90,0,0" color="0,220,0" radius="0.5" length="4" />
		<capsule pos="3.450000000000003,38.5,-6.899999999999999" vel="0,0,0" mass="1" elasticityCoef="1" ang="90,0,0" color="0,220,0" radius="0.5" length="4" />
		<capsule pos="3.450000000000003,38.5,-4.600000000000001" vel="0,0,0" mass="1" elasticityCoef="1" ang="90,0,0" color="0,220,0" radius="0.5" length="4" />
		<capsule pos="3.450000000000003,38.5,-2.299999999999997" vel="0,0,0" mass="1" elasticityCoef="1" ang="90,0,0" color="0,220,0" radius="0.5" length="4" />
		<capsule pos="3.450000000000003,38.5,0.0" vel="0,0,0" mass="1" elasticityCoef="1" ang="90,0,0" color="0,220,0" radius="0.5" length="4" />
		<capsule pos="3.450000000000003,38.5,2.3000000000000043" vel="0,0,0" mass="1" elasticityCoef="1" ang="90,0,0" color="0,220,0" radius="0.5" length="4" />
		<capsule pos="3.450000000000003,38.5,4.600000000000001" vel="0,0,0" mass="1" elasticityCoef="1" ang="90,0,0" color="0,220,0" radius="0.5" length="4" />
		<capsule pos="3.450000000000003,38.5,6.899999999999999" vel="0,0,0" mass="1" elasticityCoef="1" ang="90,0,0" color="0,220,0" radius="0.5" length="4" />
		<capsule pos="3.450000000000003,38.5,9.200000000000003" vel="0,0,0" mass="1" elasticityCoef="1" ang="90,0,0" color="0,220,0" radius="0.5" length="4" />
		<capsule pos="3.450000000000003,38.5,11.5" vel="0,0,0" mass="1" elasticityCoef="1" ang="90,0,0" color="0,220,0" radius="0.5" length="4" />
		<capsule pos="3.450000000000003,38.5,13.799999999999997" vel="0,0,0" mass="1" elasticityCoef="1" ang="90,0,0" color="0,220,0" radius="0.5" length="4" />
		<capsule pos="3.450000000000003,38.5,16.1" vel="0,0,0" mass="1" elasticityCoef="1" ang="90,0,0" color="0,220,0" radius="0.5" length="4" />
		<capsule pos="3.450000000000003,38.5,18.4" vel="0,0,0" mass="1" elasticityCoef="1" ang="90,0,0" color="0,220,0" radius="0.5" length="4" />
		<capsule pos="3.450000000000003,38.5,20.699999999999996" vel="0,0,0" mass="1" elasticityCoef="1" ang="90,0,0" color="0,220,0" radius="0.5" length="4" />
		<capsule pos="3.450000000000003,38.5,22.999999999999993" vel="0,0,0" mass="1" elasticityCoef="1" ang="90,0,0" color="0,220,0" radius="0.5" length="4" />
		<capsule pos="3.450000000000003,38.5,25.300000000000004" vel="0,0,0" mass="1" elasticityCoef="1" ang="90,0,0" color="0,220,0" radius="0.5" length="4" />
		<capsule pos="3.450000000000003,38.5,27.6" vel="0,0,0" mass="1" elasticityCoef="1" ang="90,0,0" color="0,220,0" radius="0.5" length="4" />
		<capsule pos="3.450000000000003,38.5,29.9" vel="0,0,0" mass="1" elasticityCoef="1" ang="90,0,0" color="0,220,0" radius="0.5" length="4" />
		<capsule pos="3.450000000000003,38.5,32.199999999999996" vel="0,0,0" mass="1" elasticityCoef="1" ang="90,0,0" color="0,220,0" radius="0.5" length="4" />
		<capsule pos="3.450000000000003,38.5,34.49999999999999" vel="0,0,0" mass="1" elasticityCoef="1" ang="90,0,0" color="0,220,0" radius="0.5" length="4" />
		<capsule pos="3.450000000000003,38.5,36.800000000000004" vel="0,0,0" mass="1" elasticityCoef="1" ang="90,0,0" color="0,220,0" radius="0.5" length="4" />
		<capsule pos="3.450000000000003,38.5,39.1" vel="0,0,0" mass="1" elasticityCoef="1" ang="90,0,0" color="0,220,0" radius="0.5" length="4" />
		<capsule pos="3.450000000000003,38.5,41.4" vel="0,0,0" mass="1" elasticityCoef="1" ang="90,0,0" color="0,220,0" radius="0.5" length="4" />
		<capsule pos="3.450000000000003,44.0,-43.699999999999996" vel="0,0,0" mass="1" elasticityCoef="1" ang="90,0,0" color="0,220,0" radius="0.5" length="4" />
		<capsule pos="3.450000000000003,44.0,-41.4" vel="0,0,0" mass="1" elasticityCoef="1" ang="90,0,0" color="0,220,0" radius="0.5" length="4" />
		<capsule pos="3.450000000000003,44.0,-39.099999999999994" vel="0,0,0" mass="1" elasticityCoef="1" ang="90,0,0" color="0,220,0" radius="0.5" length="4" />
		<capsule pos="3.450000000000003,44.0,-36.8" vel="0,0,0" mass="1" elasticityCoef="1" ang="90,0,0" color="0,220,0" radius="0.5" length="4" />
		<capsule pos="3.450000000000003,44.0,-34.5" vel="0,0,0" mass="1" elasticityCoef="1" ang="90,0,0" color="0,220,0" radius="0.5" length="4" />
		<capsule pos="3.450000000000003,44.0,-32.199999999999996" vel="0,0,0" mass="1" elasticityCoef="1" ang="90,0,0" color="0,220,0" radius="0.5" length="4" />
		<capsule pos="3.450000000000003,44.0,-29.9" vel="0,0,0" mass="1" elasticityCoef="1" ang="90,0,0" color="0,220,0" radius="0.5" length="4" />
		<capsule pos="3.450000000000003,44.0,-27.599999999999998" vel="0,0,0" mass="1" elasticityCoef="1" ang="90,0,0" color="0,220,0" radius="0.5" length="4" />
		<capsule pos="3.450000000000003,44.0,-25.299999999999997" vel="0,0,0" mass="1" elasticityCoef="1" ang="90,0,0" color="0,220,0" radius="0.5" length="4" />
		<capsule pos="3.450000000000003,44.0,-22.999999999999996" vel="0,0,0" mass="1" elasticityCoef="1" ang="90,0,0" color="0,220,0" radius="0.5" length="4" />
		<capsule pos="3.450000000000003,44.0,-20.699999999999996" vel="0,0,0" mass="1" elasticityCoef="1" ang="90,0,0" color="0,220,0" radius="0.5" length="4" />
		<capsule pos="3.450000000000003,44.0,-18.4" vel="0,0,0" mass="1" elasticityCoef="1" ang="90,0,0" color="0,220,0" radius="0.5" length="4" />
		<capsule pos="3.450000000000003,44.0,-16.099999999999998" vel="0,0,0" mass="1" elasticityCoef="1" ang="90,0,0" color="0,220,0" radius="0.5" length="4" />
		<capsule pos="3.450000000000003,44.0,-13.799999999999997" vel="0,0,0" mass="1" elasticityCoef="1" ang="90,0,0" color="0,220,0" radius="0.5" length="4" />
		<capsule pos="3.450000000000003,44.0,-11.5" vel="0,0,0" mass="1" elasticityCoef="1" ang="90,0,0" color="0,220,0" radius="0.5" length="4" />
		<capsule pos="3.450000000000003,44.0,-9.199999999999996" vel="0,0,0" mass="1" elasticityCoef="1" ang="90,0,0" color="0,220,0" radius="0.5" length="4" />
		<capsule pos="3.450000000000003,44.0,-6.899999999999999" vel="0,0,0" mass="1" elasticityCoef="1" ang="90,0,0" color="0,220,0" radius="0.5" length="4" />
		<capsule pos="3.450000000000003,44.0,-4.600000000000001" vel="0,0,0" mass="1" elasticityCoef="1" ang="90,0,0" color="0,220,0" radius="0.5" length="4" />
		<capsule pos="3.450000000000003,44.0,-2.299999999999997" vel="0,0,0" mass="1" elasticityCoef="1" ang="90,0,0" color="0,220,0" radius="0.5" length="4" />
		<capsule pos="3.450000000000003,44.0,0.0" vel="0,0,0" mass="1" elasticityCoef="1" ang="90,0,0" color="0,220,0" radius="0.5" length="4" />
		<capsule pos="3.450000000000003,44.0,2.3000000000000043" vel="0,0,0" mass="1" elasticityCoef="1" ang="90,0,0" color="0,220,0" radius="0.5" length="4" />
		<capsule pos="3.450000000000003,44.0,4.600000000000001" vel="0,0,0" mass="1" elasticityCoef="1" ang="90,0,0" color="0,220,0" radius="0.5" length="4" />
		<capsule pos="3.450000000000003,44.0,6.899999999999999" vel="0,0,0" mass="1" elasticityCoef="1" ang="90,0,0" color="0,220,0" radius="0.5" length="4" />
		<capsule pos="3.450000000000003,44.0,9.200000000000003" vel="0,0,0" mass="1" elasticityCoef="1" ang="90,0,0" color="0,220,0" radius="0.5" length="4" />
		<capsule pos="3.450000000000003,44.0,11.5" vel="0,0,0" mass="1" elasticityCoef="1" ang="90,0,0" color="0,220,0" radius="0.5" length="4" />
		<capsule pos="3.450000000000003,44.0,13.799999999999997" vel="0,0,0" mass="1" elasticityCoef="1" ang="90,0,0" color="0,220,0" radius="0.5" length="4" />
		<capsule pos="3.450000000000003,44.0,16.1" vel="0,0,0" mass="1" elasticityCoef="1" ang="90,0,0" color="0,220,0" radius="0.5" length="4" />
		<capsule pos="3.450000000000003,44.0,18.4" vel="0,0,0" mass="1" elasticityCoef="1" ang="90,0,0" color="0,220,0" radius="0.5" length="4" />
		<capsule pos="3.450000000000003,44.0,20.699999999999996" vel="0,0,0" mass="1" elasticityCoef="1" ang="90,0,0" color="0,220,0" radius="0.5" length="4" />
		<capsule pos="3.450000000000003,44.0,22.999999999999993" vel="0,0,0" mass="1" elasticityCoef="1" ang="90,0,0" color="0,220,0" radius="0.5" length="4" />
		<capsule pos="3.450000000000003,44.0,25.300000000000004" vel="0,0,0" mass="1" elasticityCoef="1" ang="90,0,0" color="0,220,0" radius="0.5" length="4" />
		<capsule pos="3.450000000000003,44.0,27.6" vel="0,0,0" mass="1" elasticityCoef="1" ang="90,0,0" color="0,220,0" radius="0.5" length="4" />
		<capsule pos="3.450000000000003,44.0,29.9" vel="0,0,0" mass="1" elasticityCoef="1" ang="90,0,0" color="0,220,0" radius="0.5" length="4" />
		<capsule pos="3.450000000000003,44.0,32.199999999999996" vel="0,0,0" mass="1" elasticityCoef="1" ang="90,0,0" color="0,220,0" radius="0.5" length="4" />
		<capsule pos="3.450000000000003,44.0,34.49999999999999" vel="0,0,0" mass="1" elasticityCoef="1" ang="90,0,0" color="0,220,0" radius="0.5" length="4" />
		<capsule pos="3.450000000000003,44.0,36.800000000000004" vel="0,0,0" mass="1" elasticityCoef="1" ang="90,0,0" color="0,220,0" radius="0.5" length="4" />
		<capsule pos="3.450000000000003,44.0,39.1" vel="0,0,0" mass="1" elasticityCoef="1" ang="90,0,0" color="0,220,0" radius="0.5" length="4" />
		<capsule pos="3.450000000000003,44.0,41.4" vel="0,0,0" mass="1" elasticityCoef="1" ang="90,0,0" color="0,220,0" radius="0.5" length="4" />
		<capsule pos="5.75,-49.5,-43.699999999999996" vel="0,0,0" mass="1" elasticityCoef="1" ang="90,0,0" color="0,220,0" radius="0.5" length="4" />
		<capsule pos="5.75,-49.5,-41.4" vel="0,0,0" mass="1" elasticityCoef="1" ang="90,0,0" color="0,220,0" radius="0.5" length="4" />
		<capsule pos="5.75,-49.5,-39.099999999999994" vel="0,0,0" mass="1" elasticityCoef="1" ang="90,0,0" color="0,220,0" radius="0.5" length="4" />
		<capsule pos="5.75,-49.5,-36.8" vel="0,0,0" mass="1" elasticityCoef="1" ang="90,0,0" color="0,220,0" radius="0.5" length="4" />
		<capsule pos="5.75,-49.5,-34.5" vel="0,0,0" mass="1" elasticityCoef="1" ang="90,0,0" color="0,220,0" radius="0.5" length="4" />
		<capsule pos="5.75,-49.5,-32.199999999999996" vel="0,0,0" mass="1" elasticityCoef="1" ang="90,0,0" color="0,220,0" radius="0.5" length="4" />
		<capsule pos="5.75,-49.5,-29.9" vel="0,0,0" mass="1" elasticityCoef="1" ang="90,0,0" color="0,220,0" radius="0.5" length="4" />
		<capsule pos="5.75,-49.5,-27.599999999999998" vel="0,0,0" mass="1" elasticityCoef="1" ang="90,0,0" color="0,220,0" radius="0.5" length="4" />
		<capsule pos="5.75,-49.5,-25.299999999999997" vel="0,0,0" mass="1" elasticityCoef="1" ang="90,0,0" color="0,220,0" radius="0.5" length="4" />
		<capsule pos="5.75,-49.5,-22.999999999999996" vel="0,0,0" mass="1" elasticityCoef="1" ang="90,0,0" color="0,220,0" radius="0.5" length="4" />
		<capsule pos="5.75,-49.5,-20.699999999999996" vel="0,0,0" mass="1" elasticityCoef="1" ang="90,0,0" color="0,220,0" radius="0.5" length="4" />
		<capsule pos="5.75,-49.5,-18.4" vel="0,0,0" mass="1" elasticityCoef="1" ang="90,0,0" color="0,220,0" radius="0.5" length="4" />
		<capsule pos="5.75,-49.5,-16.099999999999998" vel="0,0,0" mass="1" elasticityCoef="1" ang="90,0,0" color="0,220,0" radius="0.5" length="4" />
		<capsule pos="5.75,-49.5,-13.799999999999997" vel="0,0,0" mass="1" elasticityCoef="1" ang="90,0,0" color="0,220,0" radius="0.5" length="4" />
		<capsule pos="5.75,-49.5,-11.5" vel="0,0,0" mass="1" elasticityCoef="1" ang="90,0,0" color="0,220,0" radius="0.5" length="4" />
		<capsule pos="5.75,-49.5,-9.199999999999996" vel="0,0,0" mass="1" elasticityCoef="1" ang="90,0,0" color="0,220,0" radius="0.5" length="4" />
		<capsule pos="5.75,-49.5,-6.899999999999999" vel="0,0,0" mass="1" elasticityCoef="1" ang="90,0,0" color="0,220,0" radius="0.5" length="4" />
		<capsule pos="5.75,-49.5,-4.600000000000001" vel="0,0,0" mass="1" elasticityCoef="1" ang="90,0,0" color="0,220,0" radius="0.5" length="4" />
		<capsule pos="5.75,-49.5,-2.299999999999997" vel="0,0,0" mass="1" elasticityCoef="1" ang="90,0,0" color="0,220,0" radius="0.5" length="4" />
		<capsule pos="5.75,-49.5,0.0" vel="0,0,0" mass="1" elasticityCoef="1" ang="90,0,0" color="0,220,0" radius="0.5" length="4" />
		<capsule pos="5.75,-49.5,2.3000000000000043" vel="0,0,0" mass="1" elasticityCoef="1" ang="90,0,0" color="0,220,0" radius="0.5" length="4" />
		<capsule pos="5.75,-49.5,4.600000000000001" vel="0,0,0" mass="1" elasticityCoef="1" ang="90,0,0" color="0,220,0" radius="0.5" length="4" />
		<capsule pos="5.75,-49.5,6.899999999999999" vel="0,0,0" mass="1" elasticityCoef="1" ang="90,0,0" color="0,220,0" radius="0.5" length="4" />
		<capsule pos="5.75,-49.5,9.200000000000003" vel="0,0,0" mass="1" elasticityCoef="1" ang="90,0,0" color="0,220,0" radius="0.5" length="4" />
		<capsule pos="5.75,-49.5,11.5" vel="0,0,0" mass="1" elasticityCoef="1" ang="90,0,0" color="0,220,0" radius="0.5" length="4" />
		<capsule pos="5.75,-49.5,13.799999999999997" vel="0,0,0" mass="1" elasticityCoef="1" ang="90,0,0" color="0,220,0" radius="0.5" length="4" />
		<capsule pos="5.75,-49.5,16.1" vel="0,0,0" mass="1" elasticityCoef="1" ang="90,0,0" color="0,220,0" radius="0.5" length="4" />
		<capsule pos="5.75,-49.5,18.4" vel="0,0,0" mass="1" elasticityCoef="1" ang="90,0,0" color="0,220,0" radius="0.5" length="4" />
		<capsule pos="5.75,-49.5,20.699999999999996" vel="0,0,0" mass="1" elasticityCoef="1" ang="90,0,0" color="0,220,0" radius="0.5" length="4" />
		<capsule pos="5.75,-49.5,22.999999999999993" vel="0,0,0" mass="1" elasticityCoef="1" ang="90,0,0" color="0,220,0" radius="0.5" length="4" />
		<capsule pos="5.75,-49.5,25.300000000000004" vel="0,0,0" mass="1" elasticityCoef="1" ang="90,0,0" color="0,220,0" radius="0.5" length="4" />
		<capsule pos="5.75,-49.5,27.6" vel="0,0,0" mass="1" elasticityCoef="1" ang="90,0,0" color="0,220,0" radius="0.5" length="4" />
		<capsule pos="5.75,-49.5,29.9" vel="0,0,0" mass="1" elasticityCoef="1" ang="90,0,0" color="0,220,0" radius="0.5" length="4" />
		<capsule pos="5.75,-49.5,32.199999999999996" vel="0,0,0" mass="1" elasticityCoef="1" ang="90,0,0" color="0,220,0" radius="0.5" length="4" />
		<capsule pos="5.75,-49.5,34.49999999999999" vel="0,0,0" mass="1" elasticityCoef="1" ang="90,0,0" color="0,220,0" radius="0.5" length="4" />
		<capsule pos="5.75,-49.5,36.800000000000004" vel="0,0,0" mass="1" elasticityCoef="1" ang="90,0,0" color="0,220,0" radius="0.5" length="4" />
		<capsule pos="5.75,-49.5,39.1" vel="0,0,0" mass="1" elasticityCoef="1" ang="90,0,0" color="0,220,0" radius="0.5" length="4" />
		<capsule pos="5.75,-49.5,41.4" vel="0,0,0" mass="1" elasticityCoef="1" ang="90,0,0" color="0,220,0" radius="0.5" length="4" />
		<capsule pos="5.75,-44.0,-43.699999999999996" vel="0,0,0" mass="1" elasticityCoef="1" ang="90,0,0" color="0,220,0" radius="0.5" length="4" />
		<capsule pos="5.75,-44.0,-41.4" vel="0,0,0" mass="1" elasticityCoef="1" ang="90,0,0" color="0,220,0" radius="0.5" length="4" />
		<capsule pos="5.75,-44.0,-39.099999999999994" vel="0,0,0" mass="1" elasticityCoef="1" ang="90,0,0" color="0,220,0" radius="0.5" length="4" />
		<capsule pos="5.75,-44.0,-36.8" vel="0,0,0" mass="1" elasticityCoef="1" ang="90,0,0" color="0,220,0" radius="0.5" length="4" />
		<capsule pos="5.75,-44.0,-34.5" vel="0,0,0" mass="1" elasticityCoef="1" ang="90,0,0" color="0,220,0" radius="0.5" length="4" />
		<capsule pos="5.75,-44.0,-32.199999999999996" vel="0,0,0" mass="1" elasticityCoef="1" ang="90,0,0" color="0,220,0" radius="0.5" length="4" />
		<capsule pos="5.75,-44.0,-29.9" vel="0,0,0" mass="1" elasticityCoef="1" ang="90,0,0" color="0,220,0" radius="0.5" length="4" />
		<capsule pos="5.75,-44.0,-27.599999999999998" vel="0,0,0" mass="1" elasticityCoef="1" ang="90,0,0" color="0,220,0" radius="0.5" length="4" />
		<capsule pos="5.75,-44.0,-25.299999999999997" vel="0,0,0" mass="1" elasticityCoef="1" ang="90,0,0" color="0,220,0" radius="0.5" length="4" />
		<capsule pos="5.75,-44.0,-22.999999999999996" vel="0,0,0" mass="1" elasticityCoef="1" ang="90,0,0" color="0,220,0" radius="0.5" length="4" />
		<capsule pos="5.75,-44.0,-20.699999999999996" vel="0,0,0" mass="1" elasticityCoef="1" ang="90,0,0" color="0,220,0" radius="0.5" length="4" />
		<capsule pos="5.75,-44.0,-18.4" vel="0,0,0" mass="1" elasticityCoef="1" ang="90,0,0" color="0,220,0" radius="0.5" length="4" />
		<capsule pos="5.75,-44.0,-16.099999999999998" vel="0,0,0" mass="1" elasticityCoef="1" ang="90,0,0" color="0,220,0" radius="0.5" length="4" />
		<capsule pos="5.75,-44.0,-13.799999999999997" vel="0,0,0" mass="1" elasticityCoef="1" ang="90,0,0" color="0,220,0" radius="0.5" length="4" />
		<capsule pos="5.75,-44.0,-11.5" vel="0,0,0" mass="1" elasticityCoef="1" ang="90,0,0" color="0,220,0" radius="0.5" length="4" />
		<capsule pos="5.75,-44.0,-9.199999999999996" vel="0,0,0" mass="1" elasticityCoef="1" ang="90,0,0" color="0,220,0" radius="0.5" length="4" />
		<capsule pos="5.75,-44.0,-6.899999999999999" vel="0,0,0" mass="1" elasticityCoef="1" ang="90,0,0" color="0,220,0" radius="0.5" length="4" />
		<capsule pos="5.75,-44.0,-4.600000000000001" vel="0,0,0" mass="1" elasticityCoef="1" ang="90,0,0" color="0,220,0" radius="0.5" length="4" />
		<capsule pos="5.75,-44.0,-2.299999999999997" vel="0,0,0" mass="1" elasticityCoef="1" ang="90,0,0" color="0,220,0" radius="0.5" length="4" />
		<capsule pos="5.75,-44.0,0.0" vel="0,0,0" mass="1" elasticityCoef="1" ang="90,0,0" color="0,220,0" radius="0.5" length="4" />
		<capsule pos="5.75,-44.0,2.3000000000000043" vel="0,0,0" mass="1" elasticityCoef="1" ang="90,0,0" color="0,220,0" radius="0.5" length="4" />
		<capsule pos="5.75,-44.0,4.600000000000001" vel="0,0,0" mass="1" elasticityCoef="1" ang="90,0,0" color="0,220,0" radius="0.5" length="4" />
		<capsule pos="5.75,-44.0,6.899999999999999" vel="0,0,0" mass="1" elasticityCoef="1" ang="90,0,0" color="0,220,0" radius="0.5" length="4" />
		<capsule pos="5.75,-44.0,9.200000000000003" vel="0,0,0" mass="1" elasticityCoef="1" ang="90,0,0" color="0,220,0" radius="0.5" length="4" />
		<capsule pos="5.75,-44.0,11.5" vel="0,0,0" mass="1" elasticityCoef="1" ang="90,0,0" color="0,220,0" radius="0.5" length="4" />
		<capsule pos="5.75,-44.0,13.799999999999997" vel="0,0,0" mass="1" elasticityCoef="1" ang="90,0,0" color="0,220,0" radius="0.5" length="4" />
		<capsule pos="5.75,-44.0,16.1" vel="0,0,0" mass="1" elasticityCoef="1" ang="90,0,0" color="0,220,0" radius="0.5" length="4" />
		<capsule pos="5.75,-44.0,18.4" vel="0,0,0" mass="1" elasticityCoef="1" ang="90,0,0" color="0,220,0" radius="0.5" length="4" />
		<capsule pos="5.75,-44.0,20.699999999999996" vel="0,0,0" mass="1" elasticityCoef="1" ang="90,0,0" color="0,220,0" radius="0.5" length="4" />
		<capsule pos="5.75,-44.0,22.999999999999993" vel="0,0,0" mass="1" elasticityCoef="1" ang="90,0,0" color="0,220,0" radius="0.5" length="4" />
		<capsule pos="5.75,-44.0,25.300000000000004" vel="0,0,0" mass="1" elasticityCoef="1" ang="90,0,0" color="0,220,0" radius="0.5" length="4" />
		<capsule pos="5.75,-44.0,27.6" vel="0,0,0" mass="1" elasticityCoef="1" ang="90,0,0" color="0,220,0" radius="0.5" length="4" />
		<capsule pos="5.75,-44.0,29.9" vel="0,0,0" mass="1" elasticityCoef="1" ang="90,0,0" color="0,220,0" radius="0.5" length="4" />
		<capsule pos="5.75,-44.0,32.199999999999996" vel="0,0,0" mass="1" elasticityCoef="1" ang="90,0,0" color="0,220,0" radius="0.5" length="4" />
		<capsule pos="5.75,-44.0,34.49999999999999" vel="0,0,0" mass="1" elasticityCoef="1" ang="90,0,0" color="0,220,0" radius="0.5" length="4" />
		<capsule pos="5.75,-44.0,36.800000000000004" vel="0,0,0" mass="1" elasticityCoef="1" ang="90,0,0" color="0,220,0" radius="0.5" length="4" />
		<capsule pos="5.75,-44.0,39.1" vel="0,0,0" mass="1" elasticityCoef="1" ang="90,0,0" color="0,220,0" radius="0.5" length="4" />
		<capsule pos="5.75,-44.0,41.4" vel="0,0,0" mass="1" elasticityCoef="1" ang="90,0,0" color="0,220,0" radius="0.5" length="4" />
		<capsule pos="5.75,-38.5,-43.699999999999996" vel="0,0,0" mass="1" elasticityCoef="1" ang="90,0,0" color="0,220,0" radius="0.5" length="4" />
		<capsule pos="5.75,-38.5,-41.4" vel="0,0,0" mass="1" elasticityCoef="1" ang="90,0,0" color="0,220,0" radius="0.5" length="4" />
		<capsule pos="5.75,-38.5,-39.099999999999994" vel="0,0,0" mass="1" elasticityCoef="1" ang="90,0,0" color="0,220,0" radius="0.5" length="4" />
		<capsule pos="5.75,-38.5,-36.8" vel="0,0,0" mass="1" elasticityCoef="1" ang="90,0,0" color="0,220,0" radius="0.5" length="4" />
		<capsule pos="5.75,-38.5,-34.5" vel="0,0,0" mass="1" elasticityCoef="1" ang="90,0,0" color="0,220,0" radius="0.5" length="4" />
		<capsule pos="5.75,-38.5,-32.199999999999996" vel="0,0,0" mass="1" elasticityCoef="1" ang="90,0,0" color="0,220,0" radius="0.5" length="4" />
		<capsule pos="5.75,-38.5,-29.9" vel="0,0,0" mass="1" elasticityCoef="1" ang="90,0,0" color="0,220,0" radius="0.5" length="4" />
		<capsule pos="5.75,-38.5,-27.599999999999998" vel="0,0,0" mass="1" elasticityCoef="1" ang="90,0,0" color="0,220,0" radius="0.5" length="4" />
		<capsule pos="5.75,-38.5,-25.299999999999997" vel="0,0,0" mass="1" elasticityCoef="1" ang="90,0,0" color="0,220,0" radius="0.5" length="4" />
		<capsule pos="5.75,-38.5,-22.999999999999996" vel="0,0,0" mass="1" elasticityCoef="1" ang="90,0,0" color="0,220,0" radius="0.5" length="4" />
		<capsule pos="5.75,-38.5,-20.699999999999996" vel="0,0,0" mass="1" elasticityCoef="1" ang="90,0,0" color="0,220,0" radius="0.5" length="4" />
		<capsule pos="5.75,-38.5,-18.4" vel="0,0,0" mass="1" elasticityCoef="1" ang="90,0,0" color="0,220,0" radius="0.5" length="4" />
		<capsule pos="5.75,-38.5,-16.099999999999998" vel="0,0,0" mass="1" elasticityCoef="1" ang="90,0,0" color="0,220,0" radius="0.5" length="4" />
		<capsule pos="5.75,-38.5,-13.799999999999997" vel="0,0,0" mass="1" elasticityCoef="1" ang="90,0,0" color="0,220,0" radius="0.5" length="4" />
		<capsule pos="5.75,-38.5,-11.5" vel="0,0,0" mass="1" elasticityCoef="1" ang="90,0,0" color="0,220,0" radius="0.5" length="4" />
		<capsule pos="5.75,-38.5,-9.199999999999996" vel="0,0,0" mass="1" elasticityCoef="1" ang="90,0,0" color="0,220,0" radius="0.5" length="4" />
		<capsule pos="5.75,-38.5,-6.899999999999999" vel="0,0,0" mass="1" elasticityCoef="1" ang="90,0,0" color="0,220,0" radius="0.5" length="4" />
		<capsule pos="5.75,-38.5,-4.600000000000001" vel="0,0,0" mass="1" elasticityCoef="1" ang="90,0,0" color="0,220,0" radius="0.5" length="4" />
		<capsule pos="5.75,-38.5,-2.299999999999997" vel="0,0,0" mass="1" elasticityCoef="1" ang="90,0,0" color="0,220,0" radius="0.5" length="4" />
		<capsule pos="5.75,-38.5,0.0" vel="0,0,0" mass="1" elasticityCoef="1" ang="90,0,0" color="0,220,0" radius="0.5" length="4" />
		<capsule pos="5.75,-38.5,2.3000000000000043" vel="0,0,0" mass="1" elasticityCoef="1" ang="90,0,0" color="0,220,0" radius="0.5" length="4" />
		<capsule pos="5.75,-38.5,4.600000000000001" vel="0,0,0" mass="1" elasticityCoef="1" ang="90,0,0" color="0,220,0" radius="0.5" length="4" />
		<capsule pos="5.75,-38.5,6.899999999999999" vel="0,0,0" mass="1" elasticityCoef="1" ang="90,0,0" color="0,220,0" radius="0.5" length="4" />
		<capsule pos="5.75,-38.5,9.200000000000003" vel="0,0,0" mass="1" elasticityCoef="1" ang="90,0,0" color="0,220,0" radius="0.5" length="4" />
		<capsule pos="5.75,-38.5,11.5" vel="0,0,0" mass="1" elasticityCoef="1" ang="90,0,0" color="0,220,0" radius="0.5" length="4" />
		<capsule pos="5.75,-38.5,13.799999999999997" vel="0,0,0" mass="1" elasticityCoef="1" ang="90,0,0" color="0,220,0" radius="0.5" length="4" />
		<capsule pos="5.75,-38.5,16.1" vel="0,0,0" mass="1" elasticityCoef="1" ang="90,0,0" color="0,220,0" radius="0.5" length="4" />
		<capsule pos="5.75,-38.5,18.4" vel="0,0,0" mass="1" elasticityCoef="1" ang="90,0,0" color="0,220,0" radius="0.5" length="4" />
		<capsule pos="5.75,-38.5,20.699999999999996" vel="0,0,0" mass="1" elasticityCoef="1" ang="90,0,0" color="0,220,0" radius="0.5" length="4" />
		<capsule pos="5.75,-38.5,22.999999999999993" vel="0,0,0" mass="1" elasticityCoef="1" ang="90,0,0" color="0,220,0" radius="0.5" length="4" />
		<capsule pos="5.75,-38.5,25.300000000000004" vel="0,0,0" mass="1" elasticityCoef="1" ang="90,0,0" color="0,220,0" radius="0.5" length="4" />
		<capsule pos="5.75,-38.5,27.6" vel="0,0,0" mass="1" elasticityCoef="1" ang="90,0,0" color="0,220,0" radius="0.5" length="4" />
		<capsule pos="5.75,-38.5,29.9" vel="0,0,0" mass="1" elasticityCoef="1" ang="90,0,0" color="0,220,0" radius="0.5" length="4" />
		<capsule pos="5.75,-38.5,32.199999999999996" vel="0,0,0" mass="1" elasticityCoef="1" ang="90,0,0" color="0,220,0" radius="0.5" length="4" />
		<capsule pos="5.75,-38.5,34.49999999999999" vel="0,0,0" mass="1" elasticityCoef="1" ang="90,0,0" color="0,220,0" radius="0.5" length="4" />
		<capsule pos="5.75,-38.5,36.800000000000004" vel="0,0,0" mass="1" elasticityCoef="1" ang="90,0,0" color="0,220,0" radius="0.5" length="4" />
		<capsule pos="5.75,-38.5,39.1" vel="0,0,0" mass="1" elasticityCoef="1" ang="90,0,0" color="0,220,0" radius="0.5" length="4" />
		<capsule pos="5.75,-38.5,41.4" vel="0,0,0" mass="1" elasticityCoef="1" ang="90,0,0" color="0,220,0" radius="0.5" length="4" />
		<capsule pos="5.75,-33.0,-43.699999999999996" vel="0,0,0" mass="1" elasticityCoef="1" ang="90,0,0" color="0,220,0" radius="0.5" length="4" />
		<capsule pos="5.75,-33.0,-41.4" vel="0,0,0" mass="1" elasticityCoef="1" ang="90,0,0" color="0,220,0" radius="0.5" length="4" />
		<capsule pos="5.75,-33.0,-39.099999999999994" vel="0,0,0" mass="1" elasticityCoef="1" ang="90,0,0" color="0,220,0" radius="0.5" length="4" />
		<capsule pos="5.75,-33.0,-36.8" vel="0,0,0" mass="1" elasticityCoef="1" ang="90,0,0" color="0,220,0" radius="0.5" length="4" />
		<capsule pos="5.75,-33.0,-34.5" vel="0,0,0" mass="1" elasticityCoef="1" ang="90,0,0" color="0,220,0" radius="0.5" length="4" />
		<capsule pos="5.75,-33.0,-32.199999999999996" vel="0,0,0" mass="1" elasticityCoef="1" ang="90,0,0" color="0,220,0" radius="0.5" length="4" />
		<capsule pos="5.75,-33.0,-29.9" vel="0,0,0" mass="1" elasticityCoef="1" ang="90,0,0" color="0,220,0" radius="0.5" length="4" />
		<capsule pos="5.75,-33.0,-27.599999999999998" vel="0,0,0" mass="1" elasticityCoef="1" ang="90,0,0" color="0,220,0" radius="0.5" length="4" />
		<capsule pos="5.75,-33.0,-25.299999999999997" vel="0,0,0" mass="1" elasticityCoef="1" ang="90,0,0" color="0,220,0" radius="0.5" length="4" />
		<capsule pos="5.75,-33.0,-22.999999999999996" vel="0,0,0" mass="1" elasticityCoef="1" ang="90,0,0" color="0,220,0" radius="0.5" length="4" />
		<capsule pos="5.75,-33.0,-20.699999999999996" vel="0,0,0" mass="1" elasticityCoef="1" ang="90,0,0" color="0,220,0" radius="0.5" length="4" />
		<capsule pos="5.75,-33.0,-18.4" vel="0,0,0" mass="1" elasticityCoef="1" ang="90,0,0" color="0,220,0" radius="0.5" length="4" />
		<capsule pos="5.75,-33.0,-16.099999999999998" vel="0,0,0" mass="1" elasticityCoef="1" ang="90,0,0" color="0,220,0" radius="0.5" length="4" />
		<capsule pos="5.75,-33.0,-13.799999999999997" vel="0,0,0" mass="1" elasticityCoef="1" ang="90,0,0" color="0,220,0" radius="0.5" length="4" />
		<capsule pos="5.75,-33.0,-11.5" vel="0,0,0" mass="1" elasticityCoef="1" ang="90,0,0" color="0,220,0" radius="0.5" length="4" />
		<capsule pos="5.75,-33.0,-9.199999999999996" vel="0,0,0" mass="1" elasticityCoef="1" ang="90,0,0" color="0,220,0" radius="0.5" length="4" />
		<capsule pos="5.75,-33.0,-6.899999999999999" vel="0,0,0" mass="1" elasticityCoef="1" ang="90,0,0" color="0,220,0" radius="0.5" length="4" />
		<capsule pos="5.75,-33.0,-4.600000000000001" vel="0,0,0" mass="1" elasticityCoef="1" ang="90,0,0" color="0,220,0" radius="0.5" length="4" />
		<capsule pos="5.75,-33.0,-2.299999999999997" vel="0,0,0" mass="1" elasticityCoef="1" ang="90,0,0" color="0,220,0" radius="0.5" length="4" />
		<capsule pos="5.75,-33.0,0.0" vel="0,0,0" mass="1" elasticityCoef="1" ang="90,0,0" color="0,220,0" radius="0.5" length="4" />
		<capsule pos="5.75,-33.0,2.3000000000000043" vel="0,0,0" mass="1" elasticityCoef="1" ang="90,0,0" color="0,220,0" radius="0.5" length="4" />
		<capsule pos="5.75,-33.0,4.600000000000001" vel="0,0,0" mass="1" elasticityCoef="1" ang="90,0,0" color="0,220,0" radius="0.5" length="4" />
		<capsule pos="5.75,-33.0,6.899999999999999" vel="0,0,0" mass="1" elasticityCoef="1" ang="90,0,0" color="0,220,0" radius="0.5" length="4" />
		<capsule pos="5.75,-33.0,9.200000000000003" vel="0,0,0" mass="1" elasticityCoef="1" ang="90,0,0" color="0,220,0" radius="0.5" length="4" />
		<capsule pos="5.75,-33.0,11.5" vel="0,0,0" mass="1" elasticityCoef="1" ang="90,0,0" color="0,220,0" radius="0.5" length="4" />
		<capsule pos="5.75,-33.0,13.799999999999997" vel="0,0,0" mass="1" elasticityCoef="1" ang="90,0,0" color="0,220,0" radius="0.5" length="4" />
		<capsule pos="5.75,-33.0,16.1" vel="0,0,0" mass="1" elasticityCoef="1" ang="90,0,0" color="0,220,0" radius="0.5" length="4" />
		<capsule pos="5.75,-33.0,18.4" vel="0,0,0" mass="1" elasticityCoef="1" ang="90,0,0" color="0,220,0" radius="0.5" length="4" />
		<capsule pos="5.75,-33.0,20.699999999999996" vel="0,0,0" mass="1" elasticityCoef="1" ang="90,0,0" color="0,220,0" radius="0.5" length="4" />
		<capsule pos="5.75,-33.0,22.999999999999993" vel="0,0,0" mass="1" elasticityCoef="1" ang="90,0,0" color="0,220,0" radius="0.5" length="4" />
		<capsule pos="5.75,-33.0,25.300000000000004" vel="0,0,0" mass="1" elasticityCoef="1" ang="90,0,0" color="0,220,0" radius="0.5" length="4" />
		<capsule pos="5.75,-33.0,27.6" vel="0,0,0" mass="1" elasticityCoef="1" ang="90,0,0" color="0,220,0" radius="0.5" length="4" />
		<capsule pos="5.75,-33.0,29.9" vel="0,0,0" mass="1" elasticityCoef="1" ang="90,0,0" color="0,220,0" radius="0.5" length="4" />
		<capsule pos="5.75,-33.0,32.199999999999996" vel="0,0,0" mass="1" elasticityCoef="1" ang="90,0,0" color="0,220,0" radius="0.5" length="4" />
		<capsule pos="5.75,-33.0,34.49999999999999" vel="0,0,0" mass="1" elasticityCoef="1" ang="90,0,0" color="0,220,0" radius="0.5" length="4" />
		<capsule pos="5.75,-33.0,36.800000000000004" vel="0,0,0" mass="1" elasticityCoef="1" ang="90,0,0" color="0,220,0" radius="0.5" length="4" />
		<capsule pos="5.75,-33.0,39.1" vel="0,0,0" mass="1" elasticityCoef="1" ang="90,0,0" color="0,220,0" radius="0.5" length="4" />
		<capsule pos="5.75,-33.0,41.4" vel="0,0,0" mass="1" elasticityCoef="1" ang="90,0,0" color="0,220,0" radius="0.5" length="4" />
		<capsule pos="5.75,-27.5,-43.699999999999996" vel="0,0,0" mass="1" elasticityCoef="1" ang="90,0,0" color="0,220,0" radius="0.5" length="4" />
		<capsule pos="5.75,-27.5,-41.4" vel="0,0,0" mass="1" elasticityCoef="1" ang="90,0,0" color="0,220,0" radius="0.5" length="4" />
		<capsule pos="5.75,-27.5,-39.099999999999994" vel="0,0,0" mass="1" elasticityCoef="1" ang="90,0,0" color="0,220,0" radius="0.5" length="4" />
		<capsule pos="5.75,-27.5,-36.8" vel="0,0,0" mass="1" elasticityCoef="1" ang="90,0,0" color="0,220,0" radius="0.5" length="4" />
		<capsule pos="5.75,-27.5,-34.5" vel="0,0,0" mass="1" elasticityCoef="1" ang="90,0,0" color="0,220,0" radius="0.5" length="4" />
		<capsule pos="5.75,-27.5,-32.199999999999996" vel="0,0,0" mass="1" elasticityCoef="1" ang="90,0,0" color="0,220,0" radius="0.5" length="4" />
		<capsule pos="5.75,-27.5,-29.9" vel="0,0,0" mass="1" elasticityCoef="1" ang="90,0,0" color="0,220,0" radius="0.5" length="4" />
		<capsule pos="5.75,-27.5,-27.599999999999998" vel="0,0,0" mass="1" elasticityCoef="1" ang="90,0,0" color="0,220,0" radius="0.5" length="4" />
		<capsule pos="5.75,-27.5,-25.299999999999997" vel="0,0,0" mass="1" elasticityCoef="1" ang="90,0,0" color="0,220,0" radius="0.5" length="4" />
		<capsule pos="5.75,-27.5,-22.999999999999996" vel="0,0,0" mass="1" elasticityCoef="1" ang="90,0,0" color="0,220,0" radius="0.5" length="4" />
		<capsule pos="5.75,-27.5,-20.699999999999996" vel="0,0,0" mass="1" elasticityCoef="1" ang="90,0,0" color="0,220,0" radius="0.5" length="4" />
		<capsule pos="5.75,-27.5,-18.4" vel="0,0,0" mass="1" elasticityCoef="1" ang="90,0,0" color="0,220,0" radius="0.5" length="4" />
		<capsule pos="5.75,-27.5,-16.099999999999998" vel="0,0,0" mass="1" elasticityCoef="1" ang="90,0,0" color="0,220,0" radius="0.5" length="4" />
		<capsule pos="5.75,-27.5,-13.799999999999997" vel="0,0,0" mass="1" elasticityCoef="1" ang="90,0,0" color="0,220,0" radius="0.5" length="4" />
		<capsule pos="5.75,-27.5,-11.5" vel="0,0,0" mass="1" elasticityCoef="1" ang="90,0,0" color="0,220,0" radius="0.5" length="4" />
		<capsule pos="5.75,-27.5,-9.199999999999996" vel="0,0,0" mass="1" elasticityCoef="1" ang="90,0,0" color="0,220,0" radius="0.5" length="4" />
		<capsule pos="5.75,-27.5,-6.899999999999999" vel="0,0,0" mass="1" elasticityCoef="1" ang="90,0,0" color="0,220,0" radius="0.5" length="4" />
		<capsule pos="5.75,-27.5,-4.600000000000001" vel="0,0,0" mass="1" elasticityCoef="1" ang="90,0,0" color="0,220,0" radius="0.5" length="4" />
		<capsule pos="5.75,-27.5,-2.299999999999997" vel="0,0,0" mass="1" elasticityCoef="1" ang="90,0,0" color="0,220,0" radius="0.5" length="4" />
		<capsule pos="5.75,-27.5,0.0" vel="0,0,0" mass="1" elasticityCoef="1" ang="90,0,0" color="0,220,0" radius="0.5" length="4" />
		<capsule pos="5.75,-27.5,2.3000000000000043" vel="0,0,0" mass="1" elasticityCoef="1" ang="90,0,0" color="0,220,0" radius="0.5" length="4" />
		<capsule pos="5.75,-27.5,4.600000000000001" vel="0,0,0" mass="1" elasticityCoef="1" ang="90,0,0" color="0,220,0" radius="0.5" length="4" />
		<capsule pos="5.75,-27.5,6.899999999999999" vel="0,0,0" mass="1" elasticityCoef="1" ang="90,0,0" color="0,220,0" radius="0.5" length="4" />
		<capsule pos="5.75,-27.5,9.200000000000003" vel="0,0,0" mass="1" elasticityCoef="1" ang="90,0,0" color="0,220,0" radius="0.5" length="4" />
		<capsule pos="5.75,-27.5,11.5" vel="0,0,0" mass="1" elasticityCoef="1" ang="90,0,0" color="0,220,0" radius="0.5" length="4" />
		<capsule pos="5.75,-27.5,13.799999999999997" vel="0,0,0" mass="1" elasticityCoef="1" ang="90,0,0" color="0,220,0" radius="0.5" length="4" />
		<capsule pos="5.75,-27.5,16.1" vel="0,0,0" mass="1" elasticityCoef="1" ang="90,0,0" color="0,220,0" radius="0.5" length="4" />
		<capsule pos="5.75,-27.5,18.4" vel="0,0,0" mass="1" elasticityCoef="1" ang="90,0,0" color="0,220,0" radius="0.5" length="4" />
		<capsule pos="5.75,-27.5,20.699999999999996" vel="0,0,0" mass="1" elasticityCoef="1" ang="90,0,0" color="0,220,0" radius="0.5" length="4" />
		<capsule pos="5.75,-27.5,22.999999999999993" vel="0,0,0" mass="1" elasticityCoef="1" ang="90,0,0" color="0,220,0" radius="0.5" length="4" />
		<capsule pos="5.75,-27.5,25.300000000000004" vel="0,0,0" mass="1" elasticityCoef="1" ang="90,0,0" color="0,220,0" radius="0.5" length="4" />
		<capsule pos="5.75,-27.5,27.6" vel="0,0,0" mass="1" elasticityCoef="1" ang="90,0,0" color="0,220,0" radius="0.5" length="4" />
		<capsule pos="5.75,-27.5,29.9" vel="0,0,0" mass="1" elasticityCoef="1" ang="90,0,0" color="0,220,0" radius="0.5" length="4" />
		<capsule pos="5.75,-27.5,32.199999999999996" vel="0,0,0" mass="1" elasticityCoef="1" ang="90,0,0" color="0,220,0" radius="0.5" length="4" />
		<capsule pos="5.75,-27.5,34.49999999999999" vel="0,0,0" mass="1" elasticityCoef="1" ang="90,0,0" color="0,220,0" radius="0.5" length="4" />
		<capsule pos="5.75,-27.5,36.800000000000004" vel="0,0,0" mass="1" elasticityCoef="1" ang="90,0,0" color="0,220,0" radius="0.5" length="4" />
		<capsule pos="5.75,-27.5,39.1" vel="0,0,0" mass="1" elasticityCoef="1" ang="90,0,0" color="0,220,0" radius="0.5" length="4" />
		<capsule pos="5.75,-27.5,41.4" vel="0,0,0" mass="1" elasticityCoef="1" ang="90,0,0" color="0,220,0" radius="0.5" length="4" />
		<capsule pos="5.75,-22.0,-43.699999999999996" vel="0,0,0" mass="1" elasticityCoef="1" ang="90,0,0" color="0,220,0" radius="0.5" length="4" />
		<capsule pos="5.75,-22.0,-41.4" vel="0,0,0" mass="1" elasticityCoef="1" ang="90,0,0" color="0,220,0" radius="0.5" length="4" />
		<capsule pos="5.75,-22.0,-39.099999999999994" vel="0,0,0" mass="1" elasticityCoef="1" ang="90,0,0" color="0,220,0" radius="0.5" length="4" />
		<capsule pos="5.75,-22.0,-36.8" vel="0,0,0" mass="1" elasticityCoef="1" ang="90,0,0" color="0,220,0" radius="0.5" length="4" />
		<capsule pos="5.75,-22.0,-34.5" vel="0,0,0" mass="1" elasticityCoef="1" ang="90,0,0" color="0,220,0" radius="0.5" length="4" />
		<capsule pos="5.75,-22.0,-32.199999999999996" vel="0,0,0" mass="1" elasticityCoef="1" ang="90,0,0" color="0,220,0" radius="0.5" length="4" />
		<capsule pos="5.75,-22.0,-29.9" vel="0,0,0" mass="1" elasticityCoef="1" ang="90,0,0" color="0,220,0" radius="0.5" length="4" />
		<capsule pos="5.75,-22.0,-27.599999999999998" vel="0,0,0" mass="1" elasticityCoef="1" ang="90,0,0" color="0,220,0" radius="0.5" length="4" />
		<capsule pos="5.75,-22.0,-25.299999999999997" vel="0,0,0" mass="1" elasticityCoef="1" ang="90,0,0" color="0,220,0" radius="0.5" length="4" />
		<capsule pos="5.75,-22.0,-22.999999999999996" vel="0,0,0" mass="1" elasticityCoef="1" ang="90,0,0" color="0,220,0" radius="0.5" length="4" />
		<capsule pos="5.75,-22.0,-20.699999999999996" vel="0,0,0" mass="1" elasticityCoef="1" ang="90,0,0" color="0,220,0" radius="0.5" length="4" />
		<capsule pos="5.75,-22.0,-18.4" vel="0,0,0" mass="1" elasticityCoef="1" ang="90,0,0" color="0,220,0" radius="0.5" length="4" />
		<capsule pos="5.75,-22.0,-16.099999999999998" vel="0,0,0" mass="1" elasticityCoef="1" ang="90,0,0" color="0,220,0" radius="0.5" length="4" />
		<capsule pos="5.75,-22.0,-13.799999999999997" vel="0,0,0" mass="1" elasticityCoef="1" ang="90,0,0" color="0,220,0" radius="0.5" length="4" />
		<capsule pos="5.75,-22.0,-11.5" vel="0,0,0" mass="1" elasticityCoef="1" ang="90,0,0" color="0,220,0" radius="0.5" length="4" />
		<capsule pos="5.75,-22.0,-9.199999999999996" vel="0,0,0" mass="1" elasticityCoef="1" ang="90,0,0" color="0,220,0" radius="0.5" length="4" />
		<capsule pos="5.75,-22.0,-6.899999999999999" vel="0,0,0" mass="1" elasticityCoef="1" ang="90,0,0" color="0,220,0" radius="0.5" length="4" />
		<capsule pos="5.75,-22.0,-4.600000000000001" vel="0,0,0" mass="1" elasticityCoef="1" ang="90,0,0" color="0,220,0" radius="0.5" length="4" />
		<capsule pos="5.75,-22.0,-2.299999999999997" vel="0,0,0" mass="1" elasticityCoef="1" ang="90,0,0" color="0,220,0" radius="0.5" length="4" />
		<capsule pos="5.75,-22.0,0.0" vel="0,0,0" mass="1" elasticityCoef="1" ang="90,0,0" color="0,220,0" radius="0.5" length="4" />
		<capsule pos="5.75,-22.0,2.3000000000000043" vel="0,0,0" mass="1" elasticityCoef="1" ang="90,0,0" color="0,220,0" radius="0.5" length="4" />
		<capsule pos="5.75,-22.0,4.600000000000001" vel="0,0,0" mass="1" elasticityCoef="1" ang="90,0,0" color="0,220,0" radius="0.5" length="4" />
		<capsule pos="5.75,-22.0,6.899999999999999" vel="0,0,0" mass="1" elasticityCoef="1" ang="90,0,0" color="0,220,0" radius="0.5" length="4" />
		<capsule pos="5.75,-22.0,9.200000000000003" vel="0,0,0" mass="1" elasticityCoef="1" ang="90,0,0" color="0,220,0" radius="0.5" length="4" />
		<capsule pos="5.75,-22.0,11.5" vel="0,0,0" mass="1" elasticityCoef="1" ang="90,0,0" color="0,220,0" radius="0.5" length="4" />
		<capsule pos="5.75,-22.0,13.799999999999997" vel="0,0,0" mass="1" elasticityCoef="1" ang="90,0,0" color="0,220,0" radius="0.5" length="4" />
		<capsule pos="5.75,-22.0,16.1" vel="0,0,0" mass="1" elasticityCoef="1" ang="90,0,0" color="0,220,0" radius="0.5" length="4" />
		<capsule pos="5.75,-22.0,18.4" vel="0,0,0" mass="1" elasticityCoef="1" ang="90,0,0" color="0,220,0" radius="0.5" length="4" />
		<capsule pos="5.75,-22.0,20.699999999999996" vel="0,0,0" mass="1" elasticityCoef="1" ang="90,0,0" color="0,220,0" radius="0.5" length="4" />
		<capsule pos="5.75,-22.0,22.999999999999993" vel="0,0,0" mass="1" elasticityCoef="1" ang="90,0,0" color="0,220,0" radius="0.5" length="4" />
		<capsule pos="5.75,-22.0,25.300000000000004" vel="0,0,0" mass="1" elasticityCoef="1" ang="90,0,0" color="0,220,0" radius="0.5" length="4" />
		<capsule pos="5.75,-22.0,27.6" vel="0,0,0" mass="1" elasticityCoef="1" ang="90,0,0" color="0,220,0" radius="0.5" length="4" />
		<capsule pos="5.75,-22.0,29.9" vel="0,0,0" mass="1" elasticityCoef="1" ang="90,0,0" color="0,220,0" radius="0.5" length="4" />
		<capsule pos="5.75,-22.0,32.199999999999996" vel="0,0,0" mass="1" elasticityCoef="1" ang="90,0,0" color="0,220,0" radius="0.5" length="4" />
		<capsule pos="5.75,-22.0,34.49999999999999" vel="0,0,0" mass="1" elasticityCoef="1" ang="90,0,0" color="0,220,0" radius="0.5" length="4" />
		<capsule pos="5.75,-22.0,36.800000000000004" vel="0,0,0" mass="1" elasticityCoef="1" ang="90,0,0" color="0,220,0" radius="0.5" length="4" />
		<capsule pos="5.75,-22.0,39.1" vel="0,0,0" mass="1" elasticityCoef="1" ang="90,0,0" color="0,220,0" radius="0.5" length="4" />
		<capsule pos="5.75,-22.0,41.4" vel="0,0,0" mass="1" elasticityCoef="1" ang="90,0,0" color="0,220,0" radius="0.5" length="4" />
		<capsule pos="5.75,-16.5,-43.699999999999996" vel="0,0,0" mass="1" elasticityCoef="1" ang="90,0,0" color="0,220,0" radius="0.5" length="4" />
		<capsule pos="5.75,-16.5,-41.4" vel="0,0,0" mass="1" elasticityCoef="1" ang="90,0,0" color="0,220,0" radius="0.5" length="4" />
		<capsule pos="5.75,-16.5,-39.099999999999994" vel="0,0,0" mass="1" elasticityCoef="1" ang="90,0,0" color="0,220,0" radius="0.5" length="4" />
		<capsule pos="5.75,-16.5,-36.8" vel="0,0,0" mass="1" elasticityCoef="1" ang="90,0,0" color="0,220,0" radius="0.5" length="4" />
		<capsule pos="5.75,-16.5,-34.5" vel="0,0,0" mass="1" elasticityCoef="1" ang="90,0,0" color="0,220,0" radius="0.5" length="4" />
		<capsule pos="5.75,-16.5,-32.199999999999996" vel="0,0,0" mass="1" elasticityCoef="1" ang="90,0,0" color="0,220,0" radius="0.5" length="4" />
		<capsule pos="5.75,-16.5,-29.9" vel="0,0,0" mass="1" elasticityCoef="1" ang="90,0,0" color="0,220,0" radius="0.5" length="4" />
		<capsule pos="5.75,-16.5,-27.599999999999998" vel="0,0,0" mass="1" elasticityCoef="1" ang="90,0,0" color="0,220,0" radius="0.5" length="4" />
		<capsule pos="5.75,-16.5,-25.299999999999997" vel="0,0,0" mass="1" elasticityCoef="1" ang="90,0,0" color="0,220,0" radius="0.5" length="4" />
		<capsule pos="5.75,-16.5,-22.999999999999996" vel="0,0,0" mass="1" elasticityCoef="1" ang="90,0,0" color="0,220,0" radius="0.5" length="4" />
		<capsule pos="5.75,-16.5,-20.699999999999996" vel="0,0,0" mass="1" elasticityCoef="1" ang="90,0,0" color="0,220,0" radius="0.5" length="4" />
		<capsule pos="5.75,-16.5,-18.4" vel="0,0,0" mass="1" elasticityCoef="1" ang="90,0,0" color="0,220,0" radius="0.5" length="4" />
		<capsule pos="5.75,-16.5,-16.099999999999998" vel="0,0,0" mass="1" elasticityCoef="1" ang="90,0,0" color="0,220,0" radius="0.5" length="4" />
		<capsule pos="5.75,-16.5,-13.799999999999997" vel="0,0,0" mass="1" elasticityCoef="1" ang="90,0,0" color="0,220,0" radius="0.5" length="4" />
		<capsule pos="5.75,-16.5,-11.5" vel="0,0,0" mass="1" elasticityCoef="1" ang="90,0,0" color="0,220,0" radius="0.5" length="4" />
		<capsule pos="5.75,-16.5,-9.199999999999996" vel="0,0,0" mass="1" elasticityCoef="1" ang="90,0,0" color="0,220,0" radius="0.5" length="4" />
		<capsule pos="5.75,-16.5,-6.899999999999999" vel="0,0,0" mass="1" elasticityCoef="1" ang="90,0,0" color="0,220,0" radius="0.5" length="4" />
		<capsule pos="5.75,-16.5,-4.600000000000001" vel="0,0,0" mass="1" elasticityCoef="1" ang="90,0,0" color="0,220,0" radius="0.5" length="4" />
		<capsule pos="5.75,-16.5,-2.299999999999997" vel="0,0,0" mass="1" elasticityCoef="1" ang="90,0,0" color="0,220,0" radius="0.5" length="4" />
		<capsule pos="5.75,-16.5,0.0" vel="0,0,0" mass="1" elasticityCoef="1" ang="90,0,0" color="0,220,0" radius="0.5" length="4" />
		<capsule pos="5.75,-16.5,2.3000000000000043" vel="0,0,0" mass="1" elasticityCoef="1" ang="90,0,0" color="0,220,0" radius="0.5" length="4" />
		<capsule pos="5.75,-16.5,4.600000000000001" vel="0,0,0" mass="1" elasticityCoef="1" ang="90,0,0" color="0,220,0" radius="0.5" length="4" />
		<capsule pos="5.75,-16.5,6.899999999999999" vel="0,0,0" mass="1" elasticityCoef="1" ang="90,0,0" color="0,220,0" radius="0.5" length="4" />
		<capsule pos="5.75,-16.5,9.200000000000003" vel="0,0,0" mass="1" elasticityCoef="1" ang="90,0,0" color="0,220,0" radius="0.5" length="4" />
		<capsule pos="5.75,-16.5,11.5" vel="0,0,0" mass="1" elasticityCoef="1" ang="90,0,0" color="0,220,0" radius="0.5" length="4" />
		<capsule pos="5.75,-16.5,13.799999999999997" vel="0,0,0" mass="1" elasticityCoef="1" ang="90,0,0" color="0,220,0" radius="0.5" length="4" />
		<capsule pos="5.75,-16.5,16.1" vel="0,0,0" mass="1" elasticityCoef="1" ang="90,0,0" color="0,220,0" radius="0.5" length="4" />
		<capsule pos="5.75,-16.5,18.4" vel="0,0,0" mass="1" elasticityCoef="1" ang="90,0,0" color="0,220,0" radius="0.5" length="4" />
		<capsule pos="5.75,-16.5,20.699999999999996" vel="0,0,0" mass="1" elasticityCoef="1" ang="90,0,0" color="0,220,0" radius="0.5" length="4" />
		<capsule pos="5.75,-16.5,22.999999999999993" vel="0,0,0" mass="1" elasticityCoef="1" ang="90,0,0" color="0,220,0" radius="0.5" length="4" />
		<capsule pos="5.75,-16.5,25.300000000000004" vel="0,0,0" mass="1" elasticityCoef="1" ang="90,0,0" color="0,220,0" radius="0.5" length="4" />
		<capsule pos="5.75,-16.5,27.6" vel="0,0,0" mass="1" elasticityCoef="1" ang="90,0,0" color="0,220,0" radius="0.5" length="4" />
		<capsule pos="5.75,-16.5,29.9" vel="0,0,0" mass="1" elasticityCoef="1" ang="90,0,0" color="0,220,0" radius="0.5" length="4" />
		<capsule pos="5.75,-16.5,32.199999999999996" vel="0,0,0" mass="1" elasticityCoef="1" ang="90,0,0" color="0,220,0" radius="0.5" length="4" />
		<capsule pos="5.75,-16.5,34.49999999999999" vel="0,0,0" mass="1" elasticityCoef="1" ang="90,0,0" color="0,220,0" radius="0.5" length="4" />
		<capsule pos="5.75,-16.5,36.800000000000004" vel="0,0,0" mass="1" elasticityCoef="1" ang="90,0,0" color="0,220,0" radius="0.5" length="4" />
		<capsule pos="5.75,-16.5,39.1" vel="0,0,0" mass="1" elasticityCoef="1" ang="90,0,0" color="0,220,0" radius="0.5" length="4" />
		<capsule pos="5.75,-16.5,41.4" vel="0,0,0" mass="1" elasticityCoef="1" ang="90,0,0" color="0,220,0" radius="0.5" length="4" />
		<capsule pos="5.75,-11.0,-43.699999999999996" vel="0,0,0" mass="1" elasticityCoef="1" ang="90,0,0" color="0,220,0" radius="0.5" length="4" />
		<capsule pos="5.75,-11.0,-41.4" vel="0,0,0" mass="1" elasticityCoef="1" ang="90,0,0" color="0,220,0" radius="0.5" length="4" />
		<capsule pos="5.75,-11.0,-39.099999999999994" vel="0,0,0" mass="1" elasticityCoef="1" ang="90,0,0" color="0,220,0" radius="0.5" length="4" />
		<capsule pos="5.75,-11.0,-36.8" vel="0,0,0" mass="1" elasticityCoef="1" ang="90,0,0" color="0,220,0" radius="0.5" length="4" />
		<capsule pos="5.75,-11.0,-34.5" vel="0,0,0" mass="1" elasticityCoef="1" ang="90,0,0" color="0,220,0" radius="0.5" length="4" />
		<capsule pos="5.75,-11.0,-32.199999999999996" vel="0,0,0" mass="1" elasticityCoef="1" ang="90,0,0" color="0,220,0" radius="0.5" length="4" />
		<capsule pos="5.75,-11.0,-29.9" vel="0,0,0" mass="1" elasticityCoef="1" ang="90,0,0" color="0,220,0" radius="0.5" length="4" />
		<capsule pos="5.75,-11.0,-27.599999999999998" vel="0,0,0" mass="1" elasticityCoef="1" ang="90,0,0" color="0,220,0" radius="0.5" length="4" />
		<capsule pos="5.75,-11.0,-25.299999999999997" vel="0,0,0" mass="1" elasticityCoef="1" ang="90,0,0" color="0,220,0" radius="0.5" length="4" />
		<capsule pos="5.75,-11.0,-22.999999999999996" vel="0,0,0" mass="1" elasticityCoef="1" ang="90,0,0" color="0,220,0" radius="0.5" length="4" />
		<capsule pos="5.75,-11.0,-20.699999999999996" vel="0,0,0" mass="1" elasticityCoef="1" ang="90,0,0" color="0,220,0" radius="0.5" length="4" />
		<capsule pos="5.75,-11.0,-18.4" vel="0,0,0" mass="1" elasticityCoef="1" ang="90,0,0" color="0,220,0" radius="0.5" length="4" />
		<capsule pos="5.75,-11.0,-16.099999999999998" vel="0,0,0" mass="1" elasticityCoef="1" ang="90,0,0" color="0,220,0" radius="0.5" length="4" />
		<capsule pos="5.75,-11.0,-13.799999999999997" vel="0,0,0" mass="1" elasticityCoef="1" ang="90,0,0" color="0,220,0" radius="0.5" length="4" />
		<capsule pos="5.75,-11.0,-11.5" vel="0,0,0" mass="1" elasticityCoef="1" ang="90,0,0" color="0,220,0" radius="0.5" length="4" />
		<capsule pos="5.75,-11.0,-9.199999999999996" vel="0,0,0" mass="1" elasticityCoef="1" ang="90,0,0" color="0,220,0" radius="0.5" length="4" />
		<capsule pos="5.75,-11.0,-6.899999999999999" vel="0,0,0" mass="1" elasticityCoef="1" ang="90,0,0" color="0,220,0" radius="0.5" length="4" />
		<capsule pos="5.75,-11.0,-4.600000000000001" vel="0,0,0" mass="1" elasticityCoef="1" ang="90,0,0" color="0,220,0" radius="0.5" length="4" />
		<capsule pos="5.75,-11.0,-2.299999999999997" vel="0,0,0" mass="1" elasticityCoef="1" ang="90,0,0" color="0,220,0" radius="0.5" length="4" />
		<capsule pos="5.75,-11.0,0.0" vel="0,0,0" mass="1" elasticityCoef="1" ang="90,0,0" color="0,220,0" radius="0.5" length="4" />
		<capsule pos="5.75,-11.0,2.3000000000000043" vel="0,0,0" mass="1" elasticityCoef="1" ang="90,0,0" color="0,220,0" radius="0.5" length="4" />
		<capsule pos="5.75,-11.0,4.600000000000001" vel="0,0,0" mass="1" elasticityCoef="1" ang="90,0,0" color="0,220,0" radius="0.5" length="4" />
		<capsule pos="5.75,-11.0,6.899999999999999" vel="0,0,0" mass="1" elasticityCoef="1" ang="90,0,0" color="0,220,0" radius="0.5" length="4" />
		<capsule pos="5.75,-11.0,9.200000000000003" vel="0,0,0" mass="1" elasticityCoef="1" ang="90,0,0" color="0,220,0" radius="0.5" length="4" />
		<capsule pos="5.75,-11.0,11.5" vel="0,0,0" mass="1" elasticityCoef="1" ang="90,0,0" color="0,220,0" radius="0.5" length="4" />
		<capsule pos="5.75,-11.0,13.799999999999997" vel="0,0,0" mass="1" elasticityCoef="1" ang="90,0,0" color="0,220,0" radius="0.5" length="4" />
		<capsule pos="5.75,-11.0,16.1" vel="0,0,0" mass="1" elasticityCoef="1" ang="90,0,0" color="0,220,0" radius="0.5" length="4" />
		<capsule pos="5.75,-11.0,18.4" vel="0,0,0" mass="1" elasticityCoef="1" ang="90,0,0" color="0,220,0" radius="0.5" length="4" />
		<capsule pos="5.75,-11.0,20.699999999999996" vel="0,0,0" mass="1" elasticityCoef="1" ang="90,0,0" color="0,220,0" radius="0.5" length="4" />
		<capsule pos="5.75,-11.0,22.999999999999993" vel="0,0,0" mass="1" elasticityCoef="1" ang="90,0,0" color="0,220,0" radius="0.5" length="4" />
		<capsule pos="5.75,-11.0,25.300000000000004" vel="0,0,0" mass="1" elasticityCoef="1" ang="90,0,0" color="0,220,0" radius="0.5" length="4" />
		<capsule pos="5.75,-11.0,27.6" vel="0,0,0" mass="1" elasticityCoef="1" ang="90,0,0" color="0,220,0" radius="0.5" length="4" />
		<capsule pos="5.75,-11.0,29.9" vel="0,0,0" mass="1" elasticityCoef="1" ang="90,0,0" color="0,220,0" radius="0.5" length="4" />
		<capsule pos="5.75,-11.0,32.199999999999996" vel="0,0,0" mass="1" elasticityCoef="1" ang="90,0,0" color="0,220,0" radius="0.5" length="4" />
		<capsule pos="5.75,-11.0,34.49999999999999" vel="0,0,0" mass="1" elasticityCoef="1" ang="90,0,0" color="0,220,0" radius="0.5" length="4" />
		<capsule pos="5.75,-11.0,36.800000000000004" vel="0,0,0" mass="1" elasticityCoef="1" ang="90,0,0" color="0,220,0" radius="0.5" length="4" />
		<capsule pos="5.75,-11.0,39.1" vel="0,0,0" mass="1" elasticityCoef="1" ang="90,0,0" color="0,220,0" radius="0.5" length="4" />
		<capsule pos="5.75,-11.0,41.4" vel="0,0,0" mass="1" elasticityCoef="1" ang="90,0,0" color="0,220,0" radius="0.5" length="4" />
		<capsule pos="5.75,-5.5,-43.699999999999996" vel="0,0,0" mass="1" elasticityCoef="1" ang="90,0,0" color="0,220,0" radius="0.5" length="4" />
		<capsule pos="5.75,-5.5,-41.4" vel="0,0,0" mass="1" elasticityCoef="1" ang="90,0,0" color="0,220,0" radius="0.5" length="4" />
		<capsule pos="5.75,-5.5,-39.099999999999994" vel="0,0,0" mass="1" elasticityCoef="1" ang="90,0,0" color="0,220,0" radius="0.5" length="4" />
		<capsule pos="5.75,-5.5,-36.8" vel="0,0,0" mass="1" elasticityCoef="1" ang="90,0,0" color="0,220,0" radius="0.5" length="4" />
		<capsule pos="5.75,-5.5,-34.5" vel="0,0,0" mass="1" elasticityCoef="1" ang="90,0,0" color="0,220,0" radius="0.5" length="4" />
		<capsule pos="5.75,-5.5,-32.199999999999996" vel="0,0,0" mass="1" elasticityCoef="1" ang="90,0,0" color="0,220,0" radius="0.5" length="4" />
		<capsule pos="5.75,-5.5,-29.9" vel="0,0,0" mass="1" elasticityCoef="1" ang="90,0,0" color="0,220,0" radius="0.5" length="4" />
		<capsule pos="5.75,-5.5,-27.599999999999998" vel="0,0,0" mass="1" elasticityCoef="1" ang="90,0,0" color="0,220,0" radius="0.5" length="4" />
		<capsule pos="5.75,-5.5,-25.299999999999997" vel="0,0,0" mass="1" elasticityCoef="1" ang="90,0,0" color="0,220,0" radius="0.5" length="4" />
		<capsule pos="5.75,-5.5,-22.999999999999996" vel="0,0,0" mass="1" elasticityCoef="1" ang="90,0,0" color="0,220,0" radius="0.5" length="4" />
		<capsule pos="5.75,-5.5,-20.699999999999996" vel="0,0,0" mass="1" elasticityCoef="1" ang="90,0,0" color="0,220,0" radius="0.5" length="4" />
		<capsule pos="5.75,-5.5,-18.4" vel="0,0,0" mass="1" elasticityCoef="1" ang="90,0,0" color="0,220,0" radius="0.5" length="4" />
		<capsule pos="5.75,-5.5,-16.099999999999998" vel="0,0,0" mass="1" elasticityCoef="1" ang="90,0,0" color="0,220,0" radius="0.5" length="4" />
		<capsule pos="5.75,-5.5,-13.799999999999997" vel="0,0,0" mass="1" elasticityCoef="1" ang="90,0,0" color="0,220,0" radius="0.5" length="4" />
		<capsule pos="5.75,-5.5,-11.5" vel="0,0,0" mass="1" elasticityCoef="1" ang="90,0,0" color="0,220,0" radius="0.5" length="4" />
		<capsule pos="5.75,-5.5,-9.199999999999996" vel="0,0,0" mass="1" elasticityCoef="1" ang="90,0,0" color="0,220,0" radius="0.5" length="4" />
		<capsule pos="5.75,-5.5,-6.899999999999999" vel="0,0,0" mass="1" elasticityCoef="1" ang="90,0,0" color="0,220,0" radius="0.5" length="4" />
		<capsule pos="5.75,-5.5,-4.600000000000001" vel="0,0,0" mass="1" elasticityCoef="1" ang="90,0,0" color="0,220,0" radius="0.5" length="4" />
		<capsule pos="5.75,-5.5,-2.299999999999997" vel="0,0,0" mass="1" elasticityCoef="1" ang="90,0,0" color="0,220,0" radius="0.5" length="4" />
		<capsule pos="5.75,-5.5,0.0" vel="0,0,0" mass="1" elasticityCoef="1" ang="90,0,0" color="0,220,0" radius="0.5" length="4" />
		<capsule pos="5.75,-5.5,2.3000000000000043" vel="0,0,0" mass="1" elasticityCoef="1" ang="90,0,0" color="0,220,0" radius="0.5" length="4" />
		<capsule pos="5.75,-5.5,4.600000000000001" vel="0,0,0" mass="1" elasticityCoef="1" ang="90,0,0" color="0,220,0" radius="0.5" length="4" />
		<capsule pos="5.75,-5.5,6.899999999999999" vel="0,0,0" mass="1" elasticityCoef="1" ang="90,0,0" color="0,220,0" radius="0.5" length="4" />
		<capsule pos="5.75,-5.5,9.200000000000003" vel="0,0,0" mass="1" elasticityCoef="1" ang="90,0,0" color="0,220,0" radius="0.5" length="4" />
		<capsule pos="5.75,-5.5,11.5" vel="0,0,0" mass="1" elasticityCoef="1" ang="90,0,0" color="0,220,0" radius="0.5" length="4" />
		<capsule pos="5.75,-5.5,13.799999999999997" vel="0,0,0" mass="1" elasticityCoef="1" ang="90,0,0" color="0,220,0" radius="0.5" length="4" />
		<capsule pos="5.75,-5.5,16.1" vel="0,0,0" mass="1" elasticityCoef="1" ang="90,0,0" color="0,220,0" radius="0.5" length="4" />
		<capsule pos="5.75,-5.5,18.4" vel="0,0,0" mass="1" elasticityCoef="1" ang="90,0,0" color="0,220,0" radius="0.5" length="4" />
		<capsule pos="5.75,-5.5,20.699999999999996" vel="0,0,0" mass="1" elasticityCoef="1" ang="90,0,0" color="0,220,0" radius="0.5" length="4" />
		<capsule pos="5.75,-5.5,22.999999999999993" vel="0,0,0" mass="1" elasticityCoef="1" ang="90,0,0" color="0,220,0" radius="0.5" length="4" />
		<capsule pos="5.75,-5.5,25.300000000000004" vel="0,0,0" mass="1" elasticityCoef="1" ang="90,0,0" color="0,220,0" radius="0.5" length="4" />
		<capsule pos="5.75,-5.5,27.6" vel="0,0,0" mass="1" elasticityCoef="1" ang="90,0,0" color="0,220,0" radius="0.5" length="4" />
		<capsule pos="5.75,-5.5,29.9" vel="0,0,0" mass="1" elasticityCoef="1" ang="90,0,0" color="0,220,0" radius="0.5" length="4" />
		<capsule pos="5.75,-5.5,32.199999999999996" vel="0,0,0" mass="1" elasticityCoef="1" ang="90,0,0" color="0,220,0" radius="0.5" length="4" />
		<capsule pos="5.75,-5.5,34.49999999999999" vel="0,0,0" mass="1" elasticityCoef="1" ang="90,0,0" color="0,220,0" radius="0.5" length="4" />
		<capsule pos="5.75,-5.5,36.800000000000004" vel="0,0,0" mass="1" elasticityCoef="1" ang="90,0,0" color="0,220,0" radius="0.5" length="4" />
		<capsule pos="5.75,-5.5,39.1" vel="0,0,0" mass="1" elasticityCoef="1" ang="90,0,0" color="0,220,0" radius="0.5" length="4" />
		<capsule pos="5.75,-5.5,41.4" vel="0,0,0" mass="1" elasticityCoef="1" ang="90,0,0" color="0,220,0" radius="0.5" length="4" />
		<capsule pos="5.75,0.0,-43.699999999999996" vel="0,0,0" mass="1" elasticityCoef="1" ang="90,0,0" color="0,220,0" radius="0.5" length="4" />
		<capsule pos="5.75,0.0,-41.4" vel="0,0,0" mass="1" elasticityCoef="1" ang="90,0,0" color="0,220,0" radius="0.5" length="4" />
		<capsule pos="5.75,0.0,-39.099999999999994" vel="0,0,0" mass="1" elasticityCoef="1" ang="90,0,0" color="0,220,0" radius="0.5" length="4" />
		<capsule pos="5.75,0.0,-36.8" vel="0,0,0" mass="1" elasticityCoef="1" ang="90,0,0" color="0,220,0" radius="0.5" length="4" />
		<capsule pos="5.75,0.0,-34.5" vel="0,0,0" mass="1" elasticityCoef="1" ang="90,0,0" color="0,220,0" radius="0.5" length="4" />
		<capsule pos="5.75,0.0,-32.199999999999996" vel="0,0,0" mass="1" elasticityCoef="1" ang="90,0,0" color="0,220,0" radius="0.5" length="4" />
		<capsule pos="5.75,0.0,-29.9" vel="0,0,0" mass="1" elasticityCoef="1" ang="90,0,0" color="0,220,0" radius="0.5" length="4" />
		<capsule pos="5.75,0.0,-27.599999999999998" vel="0,0,0" mass="1" elasticityCoef="1" ang="90,0,0" color="0,220,0" radius="0.5" length="4" />
		<capsule pos="5.75,0.0,-25.299999999999997" vel="0,0,0" mass="1" elasticityCoef="1" ang="90,0,0" color="0,220,0" radius="0.5" length="4" />
		<capsule pos="5.75,0.0,-22.999999999999996" vel="0,0,0" mass="1" elasticityCoef="1" ang="90,0,0" color="0,220,0" radius="0.5" length="4" />
		<capsule pos="5.75,0.0,-20.699999999999996" vel="0,0,0" mass="1" elasticityCoef="1" ang="90,0,0" color="0,220,0" radius="0.5" length="4" />
		<capsule pos="5.75,0.0,-18.4" vel="0,0,0" mass="1" elasticityCoef="1" ang="90,0,0" color="0,220,0" radius="0.5" length="4" />
		<capsule pos="5.75,0.0,-16.099999999999998" vel="0,0,0" mass="1" elasticityCoef="1" ang="90,0,0" color="0,220,0" radius="0.5" length="4" />
		<capsule pos="5.75,0.0,-13.799999999999997" vel="0,0,0" mass="1" elasticityCoef="1" ang="90,0,0" color="0,220,0" radius="0.5" length="4" />
		<capsule pos="5.75,0.0,-11.5" vel="0,0,0" mass="1" elasticityCoef="1" ang="90,0,0" color="0,220,0" radius="0.5" length="4" />
		<capsule pos="5.75,0.0,-9.199999999999996" vel="0,0,0" mass="1" elasticityCoef="1" ang="90,0,0" color="0,220,0" radius="0.5" length="4" />
		<capsule pos="5.75,0.0,-6.899999999999999" vel="0,0,0" mass="1" elasticityCoef="1" ang="90,0,0" color="0,220,0" radius="0.5" length="4" />
		<capsule pos="5.75,0.0,-4.600000000000001" vel="0,0,0" mass="1" elasticityCoef="1" ang="90,0,0" color="0,220,0" radius="0.5" length="4" />
		<capsule pos="5.75,0.0,-2.299999999999997" vel="0,0,0" mass="1" elasticityCoef="1" ang="90,0,0" color="0,220,0" radius="0.5" length="4" />
		<capsule pos="5.75,0.0,0.0" vel="0,0,0" mass="1" elasticityCoef="1" ang="90,0,0" color="0,220,0" radius="0.5" length="4" />
		<capsule pos="5.75,0.0,2.3000000000000043" vel="0,0,0" mass="1" elasticityCoef="1" ang="90,0,0" color="0,220,0" radius="0.5" length="4" />
		<capsule pos="5.75,0.0,4.600000000000001" vel="0,0,0" mass="1" elasticityCoef="1" ang="90,0,0" color="0,220,0" radius="0.5" length="4" />
		<capsule pos="5.75,0.0,6.899999999999999" vel="0,0,0" mass="1" elasticityCoef="1" ang="90,0,0" color="0,220,0" radius="0.5" length="4" />
		<capsule pos="5.75,0.0,9.200000000000003" vel="0,0,0" mass="1" elasticityCoef="1" ang="90,0,0" color="0,220,0" radius="0.5" length="4" />
		<capsule pos="5.75,0.0,11.5" vel="0,0,0" mass="1" elasticityCoef="1" ang="90,0,0" color="0,220,0" radius="0.5" length="4" />
		<capsule pos="5.75,0.0,13.799999999999997" vel="0,0,0" mass="1" elasticityCoef="1" ang="90,0,0" color="0,220,0" radius="0.5" length="4" />
		<capsule pos="5.75,0.0,16.1" vel="0,0,0" mass="1" elasticityCoef="1" ang="90,0,0" color="0,220,0" radius="0.5" length="4" />
		<capsule pos="5.75,0.0,18.4" vel="0,0,0" mass="1" elasticityCoef="1" ang="90,0,0" color="0,220,0" radius="0.5" length="4" />
		<capsule pos="5.75,0.0,20.699999999999996" vel="0,0,0" mass="1" elasticityCoef="1" ang="90,0,0" color="0,220,0" radius="0.5" length="4" />
		<capsule pos="5.75,0.0,22.999999999999993" vel="0,0,0" mass="1" elasticityCoef="1" ang="90,0,0" color="0,220,0" radius="0.5" length="4" />
		<capsule pos="5.75,0.0,25.300000000000004" vel="0,0,0" mass="1" elasticityCoef="1" ang="90,0,0" color="0,220,0" radius="0.5" length="4" />
		<capsule pos="5.75,0.0,27.6" vel="0,0,0" mass="1" elasticityCoef="1" ang="90,0,0" color="0,220,0" radius="0.5" length="4" />
		<capsule pos="5.75,0.0,29.9" vel="0,0,0" mass="1" elasticityCoef="1" ang="90,0,0" color="0,220,0" radius="0.5" length="4" />
		<capsule pos="5.75,0.0,32.199999999999996" vel="0,0,0" mass="1" elasticityCoef="1" ang="90,0,0" color="0,220,0" radius="0.5" length="4" />
		<capsule pos="5.75,0.0,34.49999999999999" vel="0,0,0" mass="1" elasticityCoef="1" ang="90,0,0" color="0,220,0" radius="0.5" length="4" />
		<capsule pos="5.75,0.0,36.800000000000004" vel="0,0,0" mass="1" elasticityCoef="1" ang="90,0,0" color="0,220,0" radius="0.5" length="4" />
		<capsule pos="5.75,0.0,39.1" vel="0,0,0" mass="1" elasticityCoef="1" ang="90,0,0" color="0,220,0" radius="0.5" length="4" />
		<capsule pos="5.75,0.0,41.4" vel="0,0,0" mass="1" elasticityCoef="1" ang="90,0,0" color="0,220,0" radius="0.5" length="4" />
		<capsule pos="5.75,5.5,-43.699999999999996" vel="0,0,0" mass="1" elasticityCoef="1" ang="90,0,0" color="0,220,0" radius="0.5" length="4" />
		<capsule pos="5.75,5.5,-41.4" vel="0,0,0" mass="1" elasticityCoef="1" ang="90,0,0" color="0,220,0" radius="0.5" length="4" />
		<capsule pos="5.75,5.5,-39.099999999999994" vel="0,0,0" mass="1" elasticityCoef="1" ang="90,0,0" color="0,220,0" radius="0.5" length="4" />
		<capsule pos="5.75,5.5,-36.8" vel="0,0,0" mass="1" elasticityCoef="1" ang="90,0,0" color="0,220,0" radius="0.5" length="4" />
		<capsule pos="5.75,5.5,-34.5" vel="0,0,0" mass="1" elasticityCoef="1" ang="90,0,0" color="0,220,0" radius="0.5" length="4" />
		<capsule pos="5.75,5.5,-32.199999999999996" vel="0,0,0" mass="1" elasticityCoef="1" ang="90,0,0" color="0,220,0" radius="0.5" length="4" />
		<capsule pos="5.75,5.5,-29.9" vel="0,0,0" mass="1" elasticityCoef="1" ang="90,0,0" color="0,220,0" radius="0.5" length="4" />
		<capsule pos="5.75,5.5,-27.599999999999998" vel="0,0,0" mass="1" elasticityCoef="1" ang="90,0,0" color="0,220,0" radius="0.5" length="4" />
		<capsule pos="5.75,5.5,-25.299999999999997" vel="0,0,0" mass="1" elasticityCoef="1" ang="90,0,0" color="0,220,0" radius="0.5" length="4" />
		<capsule pos="5.75,5.5,-22.999999999999996" vel="0,0,0" mass="1" elasticityCoef="1" ang="90,0,0" color="0,220,0" radius="0.5" length="4" />
		<capsule pos="5.75,5.5,-20.699999999999996" vel="0,0,0" mass="1" elasticityCoef="1" ang="90,0,0" color="0,220,0" radius="0.5" length="4" />
		<capsule pos="5.75,5.5,-18.4" vel="0,0,0" mass="1" elasticityCoef="1" ang="90,0,0" color="0,220,0" radius="0.5" length="4" />
		<capsule pos="5.75,5.5,-16.099999999999998" vel="0,0,0" mass="1" elasticityCoef="1" ang="90,0,0" color="0,220,0" radius="0.5" length="4" />
		<capsule pos="5.75,5.5,-13.799999999999997" vel="0,0,0" mass="1" elasticityCoef="1" ang="90,0,0" color="0,220,0" radius="0.5" length="4" />
		<capsule pos="5.75,5.5,-11.5" vel="0,0,0" mass="1" elasticityCoef="1" ang="90,0,0" color="0,220,0" radius="0.5" length="4" />
		<capsule pos="5.75,5.5,-9.199999999999996" vel="0,0,0" mass="1" elasticityCoef="1" ang="90,0,0" color="0,220,0" radius="0.5" length="4" />
		<capsule pos="5.75,5.5,-6.899999999999999" vel="0,0,0" mass="1" elasticityCoef="1" ang="90,0,0" color="0,220,0" radius="0.5" length="4" />
		<capsule pos="5.75,5.5,-4.600000000000001" vel="0,0,0" mass="1" elasticityCoef="1" ang="90,0,0" color="0,220,0" radius="0.5" length="4" />
		<capsule pos="5.75,5.5,-2.299999999999997" vel="0,0,0" mass="1" elasticityCoef="1" ang="90,0,0" color="0,220,0" radius="0.5" length="4" />
		<capsule pos="5.75,5.5,0.0" vel="0,0,0" mass="1" elasticityCoef="1" ang="90,0,0" color="0,220,0" radius="0.5" length="4" />
		<capsule pos="5.75,5.5,2.3000000000000043" vel="0,0,0" mass="1" elasticityCoef="1" ang="90,0,0" color="0,220,0" radius="0.5" length="4" />
		<capsule pos="5.75,5.5,4.600000000000001" vel="0,0,0" mass="1" elasticityCoef="1" ang="90,0,0" color="0,220,0" radius="0.5" length="4" />
		<capsule pos="5.75,5.5,6.899999999999999" vel="0,0,0" mass="1" elasticityCoef="1" ang="90,0,0" color="0,220,0" radius="0.5" length="4" />
		<capsule pos="5.75,5.5,9.200000000000003" vel="0,0,0" mass="1" elasticityCoef="1" ang="90,0,0" color="0,220,0" radius="0.5" length="4" />
		<capsule pos="5.75,5.5,11.5" vel="0,0,0" mass="1" elasticityCoef="1" ang="90,0,0" color="0,220,0" radius="0.5" length="4" />
		<capsule pos="5.75,5.5,13.799999999999997" vel="0,0,0" mass="1" elasticityCoef="1" ang="90,0,0" color="0,220,0" radius="0.5" length="4" />
		<capsule pos="5.75,5.5,16.1" vel="0,0,0" mass="1" elasticityCoef="1" ang="90,0,0" color="0,220,0" radius="0.5" length="4" />
		<capsule pos="5.75,5.5,18.4" vel="0,0,0" mass="1" elasticityCoef="1" ang="90,0,0" color="0,220,0" radius="0.5" length="4" />
		<capsule pos="5.75,5.5,20.699999999999996" vel="0,0,0" mass="1" elasticityCoef="1" ang="90,0,0" color="0,220,0" radius="0.5" length="4" />
		<capsule pos="5.75,5.5,22.999999999999993" vel="0,0,0" mass="1" elasticityCoef="1" ang="90,0,0" color="0,220,0" radius="0.5" length="4" />
		<capsule pos="5.75,5.5,25.300000000000004" vel="0,0,0" mass="1" elasticityCoef="1" ang="90,0,0" color="0,220,0" radius="0.5" length="4" />
		<capsule pos="5.75,5.5,27.6" vel="0,0,0" mass="1" elasticityCoef="1" ang="90,0,0" color="0,220,0" radius="0.5" length="4" />
		<capsule pos="5.75,5.5,29.9" vel="0,0,0" mass="1" elasticityCoef="1" ang="90,0,0" color="0,220,0" radius="0.5" length="4" />
		<capsule pos="5.75,5.5,32.199999999999996" vel="0,0,0" mass="1" elasticityCoef="1" ang="90,0,0" color="0,220,0" radius="0.5" length="4" />
		<capsule pos="5.75,5.5,34.49999999999999" vel="0,0,0" mass="1" elasticityCoef="1" ang="90,0,0" color="0,220,0" radius="0.5" length="4" />
		<capsule pos="5.75,5.5,36.800000000000004" vel="0,0,0" mass="1" elasticityCoef="1" ang="90,0,0" color="0,220,0" radius="0.5" length="4" />
		<capsule pos="5.75,5.5,39.1" vel="0,0,0" mass="1" elasticityCoef="1" ang="90,0,0" color="0,220,0" radius="0.5" length="4" />
		<capsule pos="5.75,5.5,41.4" vel="0,0,0" mass="1" elasticityCoef="1" ang="90,0,0" color="0,220,0" radius="0.5" length="4" />
		<capsule pos="5.75,11.0,-43.699999999999996" vel="0,0,0" mass="1" elasticityCoef="1" ang="90,0,0" color="0,220,0" radius="0.5" length="4" />
		<capsule pos="5.75,11.0,-41.4" vel="0,0,0" mass="1" elasticityCoef="1" ang="90,0,0" color="0,220,0" radius="0.5" length="4" />
		<capsule pos="5.75,11.0,-39.099999999999994" vel="0,0,0" mass="1" elasticityCoef="1" ang="90,0,0" color="0,220,0" radius="0.5" length="4" />
		<capsule pos="5.75,11.0,-36.8" vel="0,0,0" mass="1" elasticityCoef="1" ang="90,0,0" color="0,220,0" radius="0.5" length="4" />
		<capsule pos="5.75,11.0,-34.5" vel="0,0,0" mass="1" elasticityCoef="1" ang="90,0,0" color="0,220,0" radius="0.5" length="4" />
		<capsule pos="5.75,11.0,-32.199999999999996" vel="0,0,0" mass="1" elasticityCoef="1" ang="90,0,0" color="0,220,0" radius="0.5" length="4" />
		<capsule pos="5.75,11.0,-29.9" vel="0,0,0" mass="1" elasticityCoef="1" ang="90,0,0" color="0,220,0" radius="0.5" length="4" />
		<capsule pos="5.75,11.0,-27.599999999999998" vel="0,0,0" mass="1" elasticityCoef="1" ang="90,0,0" color="0,220,0" radius="0.5" length="4" />
		<capsule pos="5.75,11.0,-25.299999999999997" vel="0,0,0" mass="1" elasticityCoef="1" ang="90,0,0" color="0,220,0" radius="0.5" length="4" />
		<capsule pos="5.75,11.0,-22.999999999999996" vel="0,0,0" mass="1" elasticityCoef="1" ang="90,0,0" color="0,220,0" radius="0.5" length="4" />
		<capsule pos="5.75,11.0,-20.699999999999996" vel="0,0,0" mass="1" elasticityCoef="1" ang="90,0,0" color="0,220,0" radius="0.5" length="4" />
		<capsule pos="5.75,11.0,-18.4" vel="0,0,0" mass="1" elasticityCoef="1" ang="90,0,0" color="0,220,0" radius="0.5" length="4" />
		<capsule pos="5.75,11.0,-16.099999999999998" vel="0,0,0" mass="1" elasticityCoef="1" ang="90,0,0" color="0,220,0" radius="0.5" length="4" />
		<capsule pos="5.75,11.0,-13.799999999999997" vel="0,0,0" mass="1" elasticityCoef="1" ang="90,0,0" color="0,220,0" radius="0.5" length="4" />
		<capsule pos="5.75,11.0,-11.5" vel="0,0,0" mass="1" elasticityCoef="1" ang="90,0,0" color="0,220,0" radius="0.5" length="4" />
		<capsule pos="5.75,11.0,-9.199999999999996" vel="0,0,0" mass="1" elasticityCoef="1" ang="90,0,0" color="0,220,0" radius="0.5" length="4" />
		<capsule pos="5.75,11.0,-6.899999999999999" vel="0,0,0" mass="1" elasticityCoef="1" ang="90,0,0" color="0,220,0" radius="0.5" length="4" />
		<capsule pos="5.75,11.0,-4.600000000000001" vel="0,0,0" mass="1" elasticityCoef="1" ang="90,0,0" color="0,220,0" radius="0.5" length="4" />
		<capsule pos="5.75,11.0,-2.299999999999997" vel="0,0,0" mass="1" elasticityCoef="1" ang="90,0,0" color="0,220,0" radius="0.5" length="4" />
		<capsule pos="5.75,11.0,0.0" vel="0,0,0" mass="1" elasticityCoef="1" ang="90,0,0" color="0,220,0" radius="0.5" length="4" />
		<capsule pos="5.75,11.0,2.3000000000000043" vel="0,0,0" mass="1" elasticityCoef="1" ang="90,0,0" color="0,220,0" radius="0.5" length="4" />
		<capsule pos="5.75,11.0,4.600000000000001" vel="0,0,0" mass="1" elasticityCoef="1" ang="90,0,0" color="0,220,0" radius="0.5" length="4" />
		<capsule pos="5.75,11.0,6.899999999999999" vel="0,0,0" mass="1" elasticityCoef="1" ang="90,0,0" color="0,220,0" radius="0.5" length="4" />
		<capsule pos="5.75,11.0,9.200000000000003" vel="0,0,0" mass="1" elasticityCoef="1" ang="90,0,0" color="0,220,0" radius="0.5" length="4" />
		<capsule pos="5.75,11.0,11.5" vel="0,0,0" mass="1" elasticityCoef="1" ang="90,0,0" color="0,220,0" radius="0.5" length="4" />
		<capsule pos="5.75,11.0,13.799999999999997" vel="0,0,0" mass="1" elasticityCoef="1" ang="90,0,0" color="0,220,0" radius="0.5" length="4" />
		<capsule pos="5.75,11.0,16.1" vel="0,0,0" mass="1" elasticityCoef="1" ang="90,0,0" color="0,220,0" radius="0.5" length="4" />
		<capsule pos="5.75,11.0,18.4" vel="0,0,0" mass="1" elasticityCoef="1" ang="90,0,0" color="0,220,0" radius="0.5" length="4" />
		<capsule pos="5.75,11.0,20.699999999999996" vel="0,0,0" mass="1" elasticityCoef="1" ang="90,0,0" color="0,220,0" radius="0.5" length="4" />
		<capsule pos="5.75,11.0,22.999999999999993" vel="0,0,0" mass="1" elasticityCoef="1" ang="90,0,0" color="0,220,0" radius="0.5" length="4" />
		<capsule pos="5.75,11.0,25.300000000000004" vel="0,0,0" mass="1" elasticityCoef="1" ang="90,0,0" color="0,220,0" radius="0.5" length="4" />
		<capsule pos="5.75,11.0,27.6" vel="0,0,0" mass="1" elasticityCoef="1" ang="90,0,0" color="0,220,0" radius="0.5" length="4" />
		<capsule pos="5.75,11.0,29.9" vel="0,0,0" mass="1" elasticityCoef="1" ang="90,0,0" color="0,220,0" radius="0.5" length="4" />
		<capsule pos="5.75,11.0,32.199999999999996" vel="0,0,0" mass="1" elasticityCoef="1" ang="90,0,0" color="0,220,0" radius="0.5" length="4" />
		<capsule pos="5.75,11.0,34.49999999999999" vel="0,0,0" mass="1" elasticityCoef="1" ang="90,0,0" color="0,220,0" radius="0.5" length="4" />
		<capsule pos="5.75,11.0,36.800000000000004" vel="0,0,0" mass="1" elasticityCoef="1" ang="90,0,0" color="0,220,0" radius="0.5" length="4" />
		<capsule pos="5.75,11.0,39.1" vel="0,0,0" mass="1" elasticityCoef="1" ang="90,0,0" color="0,220,0" radius="0.5" length="4" />
		<capsule pos="5.75,11.0,41.4" vel="0,0,0" mass="1" elasticityCoef="1" ang="90,0,0" color="0,220,0" radius="0.5" length="4" />
		<capsule pos="5.75,16.5,-43.699999999999996" vel="0,0,0" mass="1" elasticityCoef="1" ang="90,0,0" color="0,220,0" radius="0.5" length="4" />
		<capsule pos="5.75,16.5,-41.4" vel="0,0,0" mass="1" elasticityCoef="1" ang="90,0,0" color="0,220,0" radius="0.5" length="4" />
		<capsule pos="5.75,16.5,-39.099999999999994" vel="0,0,0" mass="1" elasticityCoef="1" ang="90,0,0" color="0,220,0" radius="0.5" length="4" />
		<capsule pos="5.75,16.5,-36.8" vel="0,0,0" mass="1" elasticityCoef="1" ang="90,0,0" color="0,220,0" radius="0.5" length="4" />
		<capsule pos="5.75,16.5,-34.5" vel="0,0,0" mass="1" elasticityCoef="1" ang="90,0,0" color="0,220,0" radius="0.5" length="4" />
		<capsule pos="5.75,16.5,-32.199999999999996" vel="0,0,0" mass="1" elasticityCoef="1" ang="90,0,0" color="0,220,0" radius="0.5" length="4" />
		<capsule pos="5.75,16.5,-29.9" vel="0,0,0" mass="1" elasticityCoef="1" ang="90,0,0" color="0,220,0" radius="0.5" length="4" />
		<capsule pos="5.75,16.5,-27.599999999999998" vel="0,0,0" mass="1" elasticityCoef="1" ang="90,0,0" color="0,220,0" radius="0.5" length="4" />
		<capsule pos="5.75,16.5,-25.299999999999997" vel="0,0,0" mass="1" elasticityCoef="1" ang="90,0,0" color="0,220,0" radius="0.5" length="4" />
		<capsule pos="5.75,16.5,-22.999999999999996" vel="0,0,0" mass="1" elasticityCoef="1" ang="90,0,0" color="0,220,0" radius="0.5" length="4" />
		<capsule pos="5.75,16.5,-20.699999999999996" vel="0,0,0" mass="1" elasticityCoef="1" ang="90,0,0" color="0,220,0" radius="0.5" length="4" />
		<capsule pos="5.75,16.5,-18.4" vel="0,0,0" mass="1" elasticityCoef="1" ang="90,0,0" color="0,220,0" radius="0.5" length="4" />
		<capsule pos="5.75,16.5,-16.099999999999998" vel="0,0,0" mass="1" elasticityCoef="1" ang="90,0,0" color="0,220,0" radius="0.5" length="4" />
		<capsule pos="5.75,16.5,-13.799999999999997" vel="0,0,0" mass="1" elasticityCoef="1" ang="90,0,0" color="0,220,0" radius="0.5" length="4" />
		<capsule pos="5.75,16.5,-11.5" vel="0,0,0" mass="1" elasticityCoef="1" ang="90,0,0" color="0,220,0" radius="0.5" length="4" />
		<capsule pos="5.75,16.5,-9.199999999999996" vel="0,0,0" mass="1" elasticityCoef="1" ang="90,0,0" color="0,220,0" radius="0.5" length="4" />
		<capsule pos="5.75,16.5,-6.899999999999999" vel="0,0,0" mass="1" elasticityCoef="1" ang="90,0,0" color="0,220,0" radius="0.5" length="4" />
		<capsule pos="5.75,16.5,-4.600000000000001" vel="0,0,0" mass="1" elasticityCoef="1" ang="90,0,0" color="0,220,0" radius="0.5" length="4" />
		<capsule pos="5.75,16.5,-2.299999999999997" vel="0,0,0" mass="1" elasticityCoef="1" ang="90,0,0" color="0,220,0" radius="0.5" length="4" />
		<capsule pos="5.75,16.5,0.0" vel="0,0,0" mass="1" elasticityCoef="1" ang="90,0,0" color="0,220,0" radius="0.5" length="4" />
		<capsule pos="5.75,16.5,2.3000000000000043" vel="0,0,0" mass="1" elasticityCoef="1" ang="90,0,0" color="0,220,0" radius="0.5" length="4" />
		<capsule pos="5.75,16.5,4.600000000000001" vel="0,0,0" mass="1" elasticityCoef="1" ang="90,0,0" color="0,220,0" radius="0.5" length="4" />
		<capsule pos="5.75,16.5,6.899999999999999" vel="0,0,0" mass="1" elasticityCoef="1" ang="90,0,0" color="0,220,0" radius="0.5" length="4" />
		<capsule pos="5.75,16.5,9.200000000000003" vel="0,0,0" mass="1" elasticityCoef="1" ang="90,0,0" color="0,220,0" radius="0.5" length="4" />
		<capsule pos="5.75,16.5,11.5" vel="0,0,0" mass="1" elasticityCoef="1" ang="90,0,0" color="0,220,0" radius="0.5" length="4" />
		<capsule pos="5.75,16.5,13.799999999999997" vel="0,0,0" mass="1" elasticityCoef="1" ang="90,0,0" color="0,220,0" radius="0.5" length="4" />
		<capsule pos="5.75,16.5,16.1" vel="0,0,0" mass="1" elasticityCoef="1" ang="90,0,0" color="0,220,0" radius="0.5" length="4" />
		<capsule pos="5.75,16.5,18.4" vel="0,0,0" mass="1" elasticityCoef="1" ang="90,0,0" color="0,220,0" radius="0.5" length="4" />
		<capsule pos="5.75,16.5,20.699999999999996" vel="0,0,0" mass="1" elasticityCoef="1" ang="90,0,0" color="0,220,0" radius="0.5" length="4" />
		<capsule pos="5.75,16.5,22.999999999999993" vel="0,0,0" mass="1" elasticityCoef="1" ang="90,0,0" color="0,220,0" radius="0.5" length="4" />
		<capsule pos="5.75,16.5,25.300000000000004" vel="0,0,0" mass="1" elasticityCoef="1" ang="90,0,0" color="0,220,0" radius="0.5" length="4" />
		<capsule pos="5.75,16.5,27.6" vel="0,0,0" mass="1" elasticityCoef="1" ang="90,0,0" color="0,220,0" radius="0.5" length="4" />
		<capsule pos="5.75,16.5,29.9" vel="0,0,0" mass="1" elasticityCoef="1" ang="90,0,0" color="0,220,0" radius="0.5" length="4" />
		<capsule pos="5.75,16.5,32.199999999999996" vel="0,0,0" mass="1" elasticityCoef="1" ang="90,0,0" color="0,220,0" radius="0.5" length="4" />
		<capsule pos="5.75,16.5,34.49999999999999" vel="0,0,0" mass="1" elasticityCoef="1" ang="90,0,0" color="0,220,0" radius="0.5" length="4" />
		<capsule pos="5.75,16.5,36.800000000000004" vel="0,0,0" mass="1" elasticityCoef="1" ang="90,0,0" color="0,220,0" radius="0.5" length="4" />
		<capsule pos="5.75,16.5,39.1" vel="0,0,0" mass="1" elasticityCoef="1" ang="90,0,0" color="0,220,0" radius="0.5" length="4" />
		<capsule pos="5.75,16.5,41.4" vel="0,0,0" mass="1" elasticityCoef="1" ang="90,0,0" color="0,220,0" radius="0.5" length="4" />
		<capsule pos="5.75,22.0,-43.699999999999996" vel="0,0,0" mass="1" elasticityCoef="1" ang="90,0,0" color="0,220,0" radius="0.5" length="4" />
		<capsule pos="5.75,22.0,-41.4" vel="0,0,0" mass="1" elasticityCoef="1" ang="90,0,0" color="0,220,0" radius="0.5" length="4" />
		<capsule pos="5.75,22.0,-39.099999999999994" vel="0,0,0" mass="1" elasticityCoef="1" ang="90,0,0" color="0,220,0" radius="0.5" length="4" />
		<capsule pos="5.75,22.0,-36.8" vel="0,0,0" mass="1" elasticityCoef="1" ang="90,0,0" color="0,220,0" radius="0.5" length="4" />
		<capsule pos="5.75,22.0,-34.5" vel="0,0,0" mass="1" elasticityCoef="1" ang="90,0,0" color="0,220,0" radius="0.5" length="4" />
		<capsule pos="5.75,22.0,-32.199999999999996" vel="0,0,0" mass="1" elasticityCoef="1" ang="90,0,0" color="0,220,0" radius="0.5" length="4" />
		<capsule pos="5.75,22.0,-29.9" vel="0,0,0" mass="1" elasticityCoef="1" ang="90,0,0" color="0,220,0" radius="0.5" length="4" />
		<capsule pos="5.75,22.0,-27.599999999999998" vel="0,0,0" mass="1" elasticityCoef="1" ang="90,0,0" color="0,220,0" radius="0.5" length="4" />
		<capsule pos="5.75,22.0,-25.299999999999997" vel="0,0,0" mass="1" elasticityCoef="1" ang="90,0,0" color="0,220,0" radius="0.5" length="4" />
		<capsule pos="5.75,22.0,-22.999999999999996" vel="0,0,0" mass="1" elasticityCoef="1" ang="90,0,0" color="0,220,0" radius="0.5" length="4" />
		<capsule pos="5.75,22.0,-20.699999999999996" vel="0,0,0" mass="1" elasticityCoef="1" ang="90,0,0" color="0,220,0" radius="0.5" length="4" />
		<capsule pos="5.75,22.0,-18.4" vel="0,0,0" mass="1" elasticityCoef="1" ang="90,0,0" color="0,220,0" radius="0.5" length="4" />
		<capsule pos="5.75,22.0,-16.099999999999998" vel="0,0,0" mass="1" elasticityCoef="1" ang="90,0,0" color="0,220,0" radius="0.5" length="4" />
		<capsule pos="5.75,22.0,-13.799999999999997" vel="0,0,0" mass="1" elasticityCoef="1" ang="90,0,0" color="0,220,0" radius="0.5" length="4" />
		<capsule pos="5.75,22.0,-11.5" vel="0,0,0" mass="1" elasticityCoef="1" ang="90,0,0" color="0,220,0" radius="0.5" length="4" />
		<capsule pos="5.75,22.0,-9.199999999999996" vel="0,0,0" mass="1" elasticityCoef="1" ang="90,0,0" color="0,220,0" radius="0.5" length="4" />
		<capsule pos="5.75,22.0,-6.899999999999999" vel="0,0,0" mass="1" elasticityCoef="1" ang="90,0,0" color="0,220,0" radius="0.5" length="4" />
		<capsule pos="5.75,22.0,-4.600000000000001" vel="0,0,0" mass="1" elasticityCoef="1" ang="90,0,0" color="0,220,0" radius="0.5" length="4" />
		<capsule pos="5.75,22.0,-2.299999999999997" vel="0,0,0" mass="1" elasticityCoef="1" ang="90,0,0" color="0,220,0" radius="0.5" length="4" />
		<capsule pos="5.75,22.0,0.0" vel="0,0,0" mass="1" elasticityCoef="1" ang="90,0,0" color="0,220,0" radius="0.5" length="4" />
		<capsule pos="5.75,22.0,2.3000000000000043" vel="0,0,0" mass="1" elasticityCoef="1" ang="90,0,0" color="0,220,0" radius="0.5" length="4" />
		<capsule pos="5.75,22.0,4.600000000000001" vel="0,0,0" mass="1" elasticityCoef="1" ang="90,0,0" color="0,220,0" radius="0.5" length="4" />
		<capsule pos="5.75,22.0,6.899999999999999" vel="0,0,0" mass="1" elasticityCoef="1" ang="90,0,0" color="0,220,0" radius="0.5" length="4" />
		<capsule pos="5.75,22.0,9.200000000000003" vel="0,0,0" mass="1" elasticityCoef="1" ang="90,0,0" color="0,220,0" radius="0.5" length="4" />
		<capsule pos="5.75,22.0,11.5" vel="0,0,0" mass="1" elasticityCoef="1" ang="90,0,0" color="0,220,0" radius="0.5" length="4" />
		<capsule pos="5.75,22.0,13.799999999999997" vel="0,0,0" mass="1" elasticityCoef="1" ang="90,0,0" color="0,220,0" radius="0.5" length="4" />
		<capsule pos="5.75,22.0,16.1" vel="0,0,0" mass="1" elasticityCoef="1" ang="90,0,0" color="0,220,0" radius="0.5" length="4" />
		<capsule pos="5.75,22.0,18.4" vel="0,0,0" mass="1" elasticityCoef="1" ang="90,0,0" color="0,220,0" radius="0.5" length="4" />
		<capsule pos="5.75,22.0,20.699999999999996" vel="0,0,0" mass="1" elasticityCoef="1" ang="90,0,0" color="0,220,0" radius="0.5" length="4" />
		<capsule pos="5.75,22.0,22.999999999999993" vel="0,0,0" mass="1" elasticityCoef="1" ang="90,0,0" color="0,220,0" radius="0.5" length="4" />
		<capsule pos="5.75,22.0,25.300000000000004" vel="0,0,0" mass="1" elasticityCoef="1" ang="90,0,0" color="0,220,0" radius="0.5" length="4" />
		<capsule pos="5.75,22.0,27.6" vel="0,0,0" mass="1" elasticityCoef="1" ang="90,0,0" color="0,220,0" radius="0.5" length="4" />
		<capsule pos="5.75,22.0,29.9" vel="0,0,0" mass="1" elasticityCoef="1" ang="90,0,0" color="0,220,0" radius="0.5" length="4" />
		<capsule pos="5.75,22.0,32.199999999999996" vel="0,0,0" mass="1" elasticityCoef="1" ang="90,0,0" color="0,220,0" radius="0.5" length="4" />
		<capsule pos="5.75,22.0,34.49999999999999" vel="0,0,0" mass="1" elasticityCoef="1" ang="90,0,0" color="0,220,0" radius="0.5" length="4" />
		<capsule pos="5.75,22.0,36.800000000000004" vel="0,0,0" mass="1" elasticityCoef="1" ang="90,0,0" color="0,220,0" radius="0.5" length="4" />
		<capsule pos="5.75,22.0,39.1" vel="0,0,0" mass="1" elasticityCoef="1" ang="90,0,0" color="0,220,0" radius="0.5" length="4" />
		<capsule pos="5.75,22.0,41.4" vel="0,0,0" mass="1" elasticityCoef="1" ang="90,0,0" color="0,220,0" radius="0.5" length="4" />
		<capsule pos="5.75,27.5,-43.699999999999996" vel="0,0,0" mass="1" elasticityCoef="1" ang="90,0,0" color="0,220,0" radius="0.5" length="4" />
		<capsule pos="5.75,27.5,-41.4" vel="0,0,0" mass="1" elasticityCoef="1" ang="90,0,0" color="0,220,0" radius="0.5" length="4" />
		<capsule pos="5.75,27.5,-39.099999999999994" vel="0,0,0" mass="1" elasticityCoef="1" ang="90,0,0" color="0,220,0" radius="0.5" length="4" />
		<capsule pos="5.75,27.5,-36.8" vel="0,0,0" mass="1" elasticityCoef="1" ang="90,0,0" color="0,220,0" radius="0.5" length="4" />
		<capsule pos="5.75,27.5,-34.5" vel="0,0,0" mass="1" elasticityCoef="1" ang="90,0,0" color="0,220,0" radius="0.5" length="4" />
		<capsule pos="5.75,27.5,-32.199999999999996" vel="0,0,0" mass="1" elasticityCoef="1" ang="90,0,0" color="0,220,0" radius="0.5" length="4" />
		<capsule pos="5.75,27.5,-29.9" vel="0,0,0" mass="1" elasticityCoef="1" ang="90,0,0" color="0,220,0" radius="0.5" length="4" />
		<capsule pos="5.75,27.5,-27.599999999999998" vel="0,0,0" mass="1" elasticityCoef="1" ang="90,0,0" color="0,220,0" radius="0.5" length="4" />
		<capsule pos="5.75,27.5,-25.299999999999997" vel="0,0,0" mass="1" elasticityCoef="1" ang="90,0,0" color="0,220,0" radius="0.5" length="4" />
		<capsule pos="5.75,27.5,-22.999999999999996" vel="0,0,0" mass="1" elasticityCoef="1" ang="90,0,0" color="0,220,0" radius="0.5" length="4" />
		<capsule pos="5.75,27.5,-20.699999999999996" vel="0,0,0" mass="1" elasticityCoef="1" ang="90,0,0" color="0,220,0" radius="0.5" length="4" />
		<capsule pos="5.75,27.5,-18.4" vel="0,0,0" mass="1" elasticityCoef="1" ang="90,0,0" color="0,220,0" radius="0.5" length="4" />
		<capsule pos="5.75,27.5,-16.099999999999998" vel="0,0,0" mass="1" elasticityCoef="1" ang="90,0,0" color="0,220,0" radius="0.5" length="4" />
		<capsule pos="5.75,27.5,-13.799999999999997" vel="0,0,0" mass="1" elasticityCoef="1" ang="90,0,0" color="0,220,0" radius="0.5" length="4" />
		<capsule pos="5.75,27.5,-11.5" vel="0,0,0" mass="1" elasticityCoef="1" ang="90,0,0" color="0,220,0" radius="0.5" length="4" />
		<capsule pos="5.75,27.5,-9.199999999999996" vel="0,0,0" mass="1" elasticityCoef="1" ang="90,0,0" color="0,220,0" radius="0.5" length="4" />
		<capsule pos="5.75,27.5,-6.899999999999999" vel="0,0,0" mass="1" elasticityCoef="1" ang="90,0,0" color="0,220,0" radius="0.5" length="4" />
		<capsule pos="5.75,27.5,-4.600000000000001" vel="0,0,0" mass="1" elasticityCoef="1" ang="90,0,0" color="0,220,0" radius="0.5" length="4" />
		<capsule pos="5.75,27.5,-2.299999999999997" vel="0,0,0" mass="1" elasticityCoef="1" ang="90,0,0" color="0,220,0" radius="0.5" length="4" />
		<capsule pos="5.75,27.5,0.0" vel="0,0,0" mass="1" elasticityCoef="1" ang="90,0,0" color="0,220,0" radius="0.5" length="4" />
		<capsule pos="5.75,27.5,2.3000000000000043" vel="0,0,0" mass="1" elasticityCoef="1" ang="90,0,0" color="0,220,0" radius="0.5" length="4" />
		<capsule pos="5.75,27.5,4.600000000000001" vel="0,0,0" mass="1" elasticityCoef="1" ang="90,0,0" color="0,220,0" radius="0.5" length="4" />
		<capsule pos="5.75,27.5,6.899999999999999" vel="0,0,0" mass="1" elasticityCoef="1" ang="90,0,0" color="0,220,0" radius="0.5" length="4" />
		<capsule pos="5.75,27.5,9.200000000000003" vel="0,0,0" mass="1" elasticityCoef="1" ang="90,0,0" color="0,220,0" radius="0.5" length="4" />
		<capsule pos="5.75,27.5,11.5" vel="0,0,0" mass="1" elasticityCoef="1" ang="90,0,0" color="0,220,0" radius="0.5" length="4" />
		<capsule pos="5.75,27.5,13.799999999999997" vel="0,0,0" mass="1" elasticityCoef="1" ang="90,0,0" color="0,220,0" radius="0.5" length="4" />
		<capsule pos="5.75,27.5,16.1" vel="0,0,0" mass="1" elasticityCoef="1" ang="90,0,0" color="0,220,0" radius="0.5" length="4" />
		<capsule pos="5.75,27.5,18.4" vel="0,0,0" mass="1" elasticityCoef="1" ang="90,0,0" color="0,220,0" radius="0.5" length="4" />
		<capsule pos="5.75,27.5,20.699999999999996" vel="0,0,0" mass="1" elasticityCoef="1" ang="90,0,0" color="0,220,0" radius="0.5" length="4" />
		<capsule pos="5.75,27.5,22.999999999999993" vel="0,0,0" mass="1" elasticityCoef="1" ang="90,0,0" color="0,220,0" radius="0.5" length="4" />
		<capsule pos="5.75,27.5,25.300000000000004" vel="0,0,0" mass="1" elasticityCoef="1" ang="90,0,0" color="0,220,0" radius="0.5" length="4" />
		<capsule pos="5.75,27.5,27.6" vel="0,0,0" mass="1" elasticityCoef="1" ang="90,0,0" color="0,220,0" radius="0.5" length="4" />
		<capsule pos="5.75,27.5,29.9" vel="0,0,0" mass="1" elasticityCoef="1" ang="90,0,0" color="0,220,0" radius="0.5" length="4" />
		<capsule pos="5.75,27.5,32.199999999999996" vel="0,0,0" mass="1" elasticityCoef="1" ang="90,0,0" color="0,220,0" radius="0.5" length="4" />
		<capsule pos="5.75,27.5,34.49999999999999" vel="0,0,0" mass="1" elasticityCoef="1" ang="90,0,0" color="0,220,0" radius="0.5" length="4" />
		<capsule pos="5.75,27.5,36.800000000000004" vel="0,0,0" mass="1" elasticityCoef="1" ang="90,0,0" color="0,220,0" radius="0.5" length="4" />
		<capsule pos="5.75,27.5,39.1" vel="0,0,0" mass="1" elasticityCoef="1" ang="90,0,0" color="0,220,0" radius="0.5" length="4" />
		<capsule pos="5.75,27.5,41.4" vel="0,0,0" mass="1" elasticityCoef="1" ang="90,0,0" color="0,220,0" radius="0.5" length="4" />
		<capsule pos="5.75,33.0,-43.699999999999996" vel="0,0,0" mass="1" elasticityCoef="1" ang="90,0,0" color="0,220,0" radius="0.5" length="4" />
		<capsule pos="5.75,33.0,-41.4" vel="0,0,0" mass="1" elasticityCoef="1" ang="90,0,0" color="0,220,0" radius="0.5" length="4" />
		<capsule pos="5.75,33.0,-39.099999999999994" vel="0,0,0" mass="1" elasticityCoef="1" ang="90,0,0" color="0,220,0" radius="0.5" length="4" />
		<capsule pos="5.75,33.0,-36.8" vel="0,0,0" mass="1" elasticityCoef="1" ang="90,0,0" color="0,220,0" radius="0.5" length="4" />
		<capsule pos="5.75,33.0,-34.5" vel="0,0,0" mass="1" elasticityCoef="1" ang="90,0,0" color="0,220,0" radius="0.5" length="4" />
		<capsule pos="5.75,33.0,-32.199999999999996" vel="0,0,0" mass="1" elasticityCoef="1" ang="90,0,0" color="0,220,0" radius="0.5" length="4" />
		<capsule pos="5.75,33.0,-29.9" vel="0,0,0" mass="1" elasticityCoef="1" ang="90,0,0" color="0,220,0" radius="0.5" length="4" />
		<capsule pos="5.75,33.0,-27.599999999999998" vel="0,0,0" mass="1" elasticityCoef="1" ang="90,0,0" color="0,220,0" radius="0.5" length="4" />
		<capsule pos="5.75,33.0,-25.299999999999997" vel="0,0,0" mass="1" elasticityCoef="1" ang="90,0,0" color="0,220,0" radius="0.5" length="4" />
		<capsule pos="5.75,33.0,-22.999999999999996" vel="0,0,0" mass="1" elasticityCoef="1" ang="90,0,0" color="0,220,0" radius="0.5" length="4" />
		<capsule pos="5.75,33.0,-20.699999999999996" vel="0,0,0" mass="1" elasticityCoef="1" ang="90,0,0" color="0,220,0" radius="0.5" length="4" />
		<capsule pos="5.75,33.0,-18.4" vel="0,0,0" mass="1" elasticityCoef="1" ang="90,0,0" color="0,220,0" radius="0.5" length="4" />
		<capsule pos="5.75,33.0,-16.099999999999998" vel="0,0,0" mass="1" elasticityCoef="1" ang="90,0,0" color="0,220,0" radius="0.5" length="4" />
		<capsule pos="5.75,33.0,-13.799999999999997" vel="0,0,0" mass="1" elasticityCoef="1" ang="90,0,0" color="0,220,0" radius="0.5" length="4" />
		<capsule pos="5.75,33.0,-11.5" vel="0,0,0" mass="1" elasticityCoef="1" ang="90,0,0" color="0,220,0" radius="0.5" length="4" />
		<capsule pos="5.75,33.0,-9.199999999999996" vel="0,0,0" mass="1" elasticityCoef="1" ang="90,0,0" color="0,220,0" radius="0.5" length="4" />
		<capsule pos="5.75,33.0,-6.899999999999999" vel="0,0,0" mass="1" elasticityCoef="1" ang="90,0,0" color="0,220,0" radius="0.5" length="4" />
		<capsule pos="5.75,33.0,-4.600000000000001" vel="0,0,0" mass="1" elasticityCoef="1" ang="90,0,0" color="0,220,0" radius="0.5" length="4" />
		<capsule pos="5.75,33.0,-2.299999999999997" vel="0,0,0" mass="1" elasticityCoef="1" ang="90,0,0" color="0,220,0" radius="0.5" length="4" />
		<capsule pos="5.75,33.0,0.0" vel="0,0,0" mass="1" elasticityCoef="1" ang="90,0,0" color="0,220,0" radius="0.5" length="4" />
		<capsule pos="5.75,33.0,2.3000000000000043" vel="0,0,0" mass="1" elasticityCoef="1" ang="90,0,0" color="0,220,0" radius="0.5" length="4" />
		<capsule pos="5.75,33.0,4.600000000000001" vel="0,0,0" mass="1" elasticityCoef="1" ang="90,0,0" color="0,220,0" radius="0.5" length="4" />
		<capsule pos="5.75,33.0,6.899999999999999" vel="0,0,0" mass="1" elasticityCoef="1" ang="90,0,0" color="0,220,0" radius="0.5" length="4" />
		<capsule pos="5.75,33.0,9.200000000000003" vel="0,0,0" mass="1" elasticityCoef="1" ang="90,0,0" color="0,220,0" radius="0.5" length="4" />
		<capsule pos="5.75,33.0,11.5" vel="0,0,0" mass="1" elasticityCoef="1" ang="90,0,0" color="0,220,0" radius="0.5" length="4" />
		<capsule pos="5.75,33.0,13.799999999999997" vel="0,0,0" mass="1" elasticityCoef="1" ang="90,0,0" color="0,220,0" radius="0.5" length="4" />
		<capsule pos="5.75,33.0,16.1" vel="0,0,0" mass="1" elasticityCoef="1" ang="90,0,0" color="0,220,0" radius="0.5" length="4" />
		<capsule pos="5.75,33.0,18.4" vel="0,0,0" mass="1" elasticityCoef="1" ang="90,0,0" color="0,220,0" radius="0.5" length="4" />
		<capsule pos="5.75,33.0,20.699999999999996" vel="0,0,0" mass="1" elasticityCoef="1" ang="90,0,0" color="0,220,0" radius="0.5" length="4" />
		<capsule pos="5.75,33.0,22.999999999999993" vel="0,0,0" mass="1" elasticityCoef="1" ang="90,0,0" color="0,220,0" radius="0.5" length="4" />
		<capsule pos="5.75,33.0,25.300000000000004" vel="0,0,0" mass="1" elasticityCoef="1" ang="90,0,0" color="0,220,0" radius="0.5" length="4" />
		<capsule pos="5.75,33.0,27.6" vel="0,0,0" mass="1" elasticityCoef="1" ang="90,0,0" color="0,220,0" radius="0.5" length="4" />
		<capsule pos="5.75,33.0,29.9" vel="0,0,0" mass="1" elasticityCoef="1" ang="90,0,0" color="0,220,0" radius="0.5" length="4" />
		<capsule pos="5.75,33.0,32.199999999999996" vel="0,0,0" mass="1" elasticityCoef="1" ang="90,0,0" color="0,220,0" radius="0.5" length="4" />
		<capsule pos="5.75,33.0,34.49999999999999" vel="0,0,0" mass="1" elasticityCoef="1" ang="90,0,0" color="0,220,0" radius="0.5" length="4" />
		<capsule pos="5.75,33.0,36.800000000000004" vel="0,0,0" mass="1" elasticityCoef="1" ang="90,0,0" color="0,220,0" radius="0.5" length="4" />
		<capsule pos="5.75,33.0,39.1" vel="0,0,0" mass="1" elasticityCoef="1" ang="90,0,0" color="0,220,0" radius="0.5" length="4" />
		<capsule pos="5.75,33.0,41.4" vel="0,0,0" mass="1" elasticityCoef="1" ang="90,0,0" color="0,220,0" radius="0.5" length="4" />
		<capsule pos="5.75,38.5,-43.699999999999996" vel="0,0,0" mass="1" elasticityCoef="1" ang="90,0,0" color="0,220,0" radius="0.5" length="4" />
		<capsule pos="5.75,38.5,-41.4" vel="0,0,0" mass="1" elasticityCoef="1" ang="90,0,0" color="0,220,0" radius="0.5" length="4" />
		<capsule pos="5.75,38.5,-39.099999999999994" vel="0,0,0" mass="1" elasticityCoef="1" ang="90,0,0" color="0,220,0" radius="0.5" length="4" />
		<capsule pos="5.75,38.5,-36.8" vel="0,0,0" mass="1" elasticityCoef="1" ang="90,0,0" color="0,220,0" radius="0.5" length="4" />
		<capsule pos="5.75,38.5,-34.5" vel="0,0,0" mass="1" elasticityCoef="1" ang="90,0,0" color="0,220,0" radius="0.5" length="4" />
		<capsule pos="5.75,38.5,-32.199999999999996" vel="0,0,0" mass="1" elasticityCoef="1" ang="90,0,0" color="0,220,0" radius="0.5" length="4" />
		<capsule pos="5.75,38.5,-29.9" vel="0,0,0" mass="1" elasticityCoef="1" ang="90,0,0" color="0,220,0" radius="0.5" length="4" />
		<capsule pos="5.75,38.5,-27.599999999999998" vel="0,0,0" mass="1" elasticityCoef="1" ang="90,0,0" color="0,220,0" radius="0.5" length="4" />
		<capsule pos="5.75,38.5,-25.299999999999997" vel="0,0,0" mass="1" elasticityCoef="1" ang="90,0,0" color="0,220,0" radius="0.5" length="4" />
		<capsule pos="5.75,38.5,-22.999999999999996" vel="0,0,0" mass="1" elasticityCoef="1" ang="90,0,0" color="0,220,0" radius="0.5" length="4" />
		<capsule pos="5.75,38.5,-20.699999999999996" vel="0,0,0" mass="1" elasticityCoef="1" ang="90,0,0" color="0,220,0" radius="0.5" length="4" />
		<capsule pos="5.75,38.5,-18.4" vel="0,0,0" mass="1" elasticityCoef="1" ang="90,0,0" color="0,220,0" radius="0.5" length="4" />
		<capsule pos="5.75,38.5,-16.099999999999998" vel="0,0,0" mass="1" elasticityCoef="1" ang="90,0,0" color="0,220,0" radius="0.5" length="4" />
		<capsule pos="5.75,38.5,-13.799999999999997" vel="0,0,0" mass="1" elasticityCoef="1" ang="90,0,0" color="0,220,0" radius="0.5" length="4" />
		<capsule pos="5.75,38.5,-11.5" vel="0,0,0" mass="1" elasticityCoef="1" ang="90,0,0" color="0,220,0" radius="0.5" length="4" />
		<capsule pos="5.75,38.5,-9.199999999999996" vel="0,0,0" mass="1" elasticityCoef="1" ang="90,0,0" color="0,220,0" radius="0.5" length="4" />
		<capsule pos="5.75,38.5,-6.899999999999999" vel="0,0,0" mass="1" elasticityCoef="1" ang="90,0,0" color="0,220,0" radius="0.5" length="4" />
		<capsule pos="5.75,38.5,-4.600000000000001" vel="0,0,0" mass="1" elasticityCoef="1" ang="90,0,0" color="0,220,0" radius="0.5" length="4" />
		<capsule pos="5.75,38.5,-2.299999999999997" vel="0,0,0" mass="1" elasticityCoef="1" ang="90,0,0" color="0,220,0" radius="0.5" length="4" />
		<capsule pos="5.75,38.5,0.0" vel="0,0,0" mass="1" elasticityCoef="1" ang="90,0,0" color="0,220,0" radius="0.5" length="4" />
		<capsule pos="5.75,38.5,2.3000000000000043" vel="0,0,0" mass="1" elasticityCoef="1" ang="90,0,0" color="0,220,0" radius="0.5" length="4" />
		<capsule pos="5.75,38.5,4.600000000000001" vel="0,0,0" mass="1" elasticityCoef="1" ang="90,0,0" color="0,220,0" radius="0.5" length="4" />
		<capsule pos="5.75,38.5,6.899999999999999" vel="0,0,0" mass="1" elasticityCoef="1" ang="90,0,0" color="0,220,0" radius="0.5" length="4" />
		<capsule pos="5.75,38.5,9.200000000000003" vel="0,0,0" mass="1" elasticityCoef="1" ang="90,0,0" color="0,220,0" radius="0.5" length="4" />
		<capsule pos="5.75,38.5,11.5" vel="0,0,0" mass="1" elasticityCoef="1" ang="90,0,0" color="0,220,0" radius="0.5" length="4" />
		<capsule pos="5.75,38.5,13.799999999999997" vel="0,0,0" mass="1" elasticityCoef="1" ang="90,0,0" color="0,220,0" radius="0.5" length="4" />
		<capsule pos="5.75,38.5,16.1" vel="0,0,0" mass="1" elasticityCoef="1" ang="90,0,0" color="0,220,0" radius="0.5" length="4" />
		<capsule pos="5.75,38.5,18.4" vel="0,0,0" mass="1" elasticityCoef="1" ang="90,0,0" color="0,220,0" radius="0.5" length="4" />
		<capsule pos="5.75,38.5,20.699999999999996" vel="0,0,0" mass="1" elasticityCoef="1" ang="90,0,0" color="0,220,0" radius="0.5" length="4" />
		<capsule pos="5.75,38.5,22.999999999999993" vel="0,0,0" mass="1" elasticityCoef="1" ang="90,0,0" color="0,220,0" radius="0.5" length="4" />
		<capsule pos="5.75,38.5,25.300000000000004" vel="0,0,0" mass="1" elasticityCoef="1" ang="90,0,0" color="0,220,0" radius="0.5" length="4" />
		<capsule pos="5.75,38.5,27.6" vel="0,0,0" mass="1" elasticityCoef="1" ang="90,0,0" color="0,220,0" radius="0.5" length="4" />
		<capsule pos="5.75,38.5,29.9" vel="0,0,0" mass="1" elasticityCoef="1" ang="90,0,0" color="0,220,0" radius="0.5" length="4" />
		<capsule pos="5.75,38.5,32.199999999999996" vel="0,0,0" mass="1" elasticityCoef="1" ang="90,0,0" color="0,220,0" radius="0.5" length="4" />
		<capsule pos="5.75,38.5,34.49999999999999" vel="0,0,0" mass="1" elasticityCoef="1" ang="90,0,0" color="0,220,0" radius="0.5" length="4" />
		<capsule pos="5.75,38.5,36.800000000000004" vel="0,0,0" mass="1" elasticityCoef="1" ang="90,0,0" color="0,220,0" radius="0.5" length="4" />
		<capsule pos="5.75,38.5,39.1" vel="0,0,0" mass="1" elasticityCoef="1" ang="90,0,0" color="0,220,0" radius="0.5" length="4" />
		<capsule pos="5.75,38.5,41.4" vel="0,0,0" mass="1" elasticityCoef="1" ang="90,0,0" color="0,220,0" radius="0.5" length="4" />
		<capsule pos="5.75,44.0,-43.699999999999996" vel="0,0,0" mass="1" elasticityCoef="1" ang="90,0,0" color="0,220,0" radius="0.5" length="4" />
		<capsule pos="5.75,44.0,-41.4" vel="0,0,0" mass="1" elasticityCoef="1" ang="90,0,0" color="0,220,0" radius="0.5" length="4" />
		<capsule pos="5.75,44.0,-39.099999999999994" vel="0,0,0" mass="1" elasticityCoef="1" ang="90,0,0" color="0,220,0" radius="0.5" length="4" />
		<capsule pos="5.75,44.0,-36.8" vel="0,0,0" mass="1" elasticityCoef="1" ang="90,0,0" color="0,220,0" radius="0.5" length="4" />
		<capsule pos="5.75,44.0,-34.5" vel="0,0,0" mass="1" elasticityCoef="1" ang="90,0,0" color="0,220,0" radius="0.5" length="4" />
		<capsule pos="5.75,44.0,-32.199999999999996" vel="0,0,0" mass="1" elasticityCoef="1" ang="90,0,0" color="0,220,0" radius="0.5" length="4" />
		<capsule pos="5.75,44.0,-29.9" vel="0,0,0" mass="1" elasticityCoef="1" ang="90,0,0" color="0,220,0" radius="0.5" length="4" />
		<capsule pos="5.75,44.0,-27.599999999999998" vel="0,0,0" mass="1" elasticityCoef="1" ang="90,0,0" color="0,220,0" radius="0.5" length="4" />
		<capsule pos="5.75,44.0,-25.299999999999997" vel="0,0,0" mass="1" elasticityCoef="1" ang="90,0,0" color="0,220,0" radius="0.5" length="4" />
		<capsule pos="5.75,44.0,-22.999999999999996" vel="0,0,0" mass="1" elasticityCoef="1" ang="90,0,0" color="0,220,0" radius="0.5" length="4" />
		<capsule pos="5.75,44.0,-20.699999999999996" vel="0,0,0" mass="1" elasticityCoef="1" ang="90,0,0" color="0,220,0" radius="0.5" length="4" />
		<capsule pos="5.75,44.0,-18.4" vel="0,0,0" mass="1" elasticityCoef="1" ang="90,0,0" color="0,220,0" radius="0.5" length="4" />
		<capsule pos="5.75,44.0,-16.099999999999998" vel="0,0,0" mass="1" elasticityCoef="1" ang="90,0,0" color="0,220,0" radius="0.5" length="4" />
		<capsule pos="5.75,44.0,-13.799999999999997" vel="0,0,0" mass="1" elasticityCoef="1" ang="90,0,0" color="0,220,0" radius="0.5" length="4" />
		<capsule pos="5.75,44.0,-11.5" vel="0,0,0" mass="1" elasticityCoef="1" ang="90,0,0" color="0,220,0" radius="0.5" length="4" />
		<capsule pos="5.75,44.0,-9.199999999999996" vel="0,0,0" mass="1" elasticityCoef="1" ang="90,0,0" color="0,220,0" radius="0.5" length="4" />
		<capsule pos="5.75,44.0,-6.899999999999999" vel="0,0,0" mass="1" elasticityCoef="1" ang="90,0,0" color="0,220,0" radius="0.5" length="4" />
		<capsule pos="5.75,44.0,-4.600000000000001" vel="0,0,0" mass="1" elasticityCoef="1" ang="90,0,0" color="0,220,0" radius="0.5" length="4" />
		<capsule pos="5.75,44.0,-2.299999999999997" vel="0,0,0" mass="1" elasticityCoef="1" ang="90,0,0" color="0,220,0" radius="0.5" length="4" />
		<capsule pos="5.75,44.0,0.0" vel="0,0,0" mass="1" elasticityCoef="1" ang="90,0,0" color="0,220,0" radius="0.5" length="4" />
		<capsule pos="5.75,44.0,2.3000000000000043" vel="0,0,0" mass="1" elasticityCoef="1" ang="90,0,0" color="0,220,0" radius="0.5" length="4" />
		<capsule pos="5.75,44.0,4.600000000000001" vel="0,0,0" mass="1" elasticityCoef="1" ang="90,0,0" color="0,220,0" radius="0.5" length="4" />
		<capsule pos="5.75,44.0,6.899999999999999" vel="0,0,0" mass="1" elasticityCoef="1" ang="90,0,0" color="0,220,0" radius="0.5" length="4" />
		<capsule pos="5.75,44.0,9.200000000000003" vel="0,0,0" mass="1" elasticityCoef="1" ang="90,0,0" color="0,220,0" radius="0.5" length="4" />
		<capsule pos="5.75,44.0,11.5" vel="0,0,0" mass="1" elasticityCoef="1" ang="90,0,0" color="0,220,0" radius="0.5" length="4" />
		<capsule pos="5.75,44.0,13.799999999999997" vel="0,0,0" mass="1" elasticityCoef="1" ang="90,0,0" color="0,220,0" radius="0.5" length="4" />
		<capsule pos="5.75,44.0,16.1" vel="0,0,0" mass="1" elasticityCoef="1" ang="90,0,0" color="0,220,0" radius="0.5" length="4" />
		<capsule pos="5.75,44.0,18.4" vel="0,0,0" mass="1" elasticityCoef="1" ang="90,0,0" color="0,220,0" radius="0.5" length="4" />
		<capsule pos="5.75,44.0,20.699999999999996" vel="0,0,0" mass="1" elasticityCoef="1" ang="90,0,0" color="0,220,0" radius="0.5" length="4" />
		<capsule pos="5.75,44.0,22.999999999999993" vel="0,0,0" mass="1" elasticityCoef="1" ang="90,0,0" color="0,220,0" radius="0.5" length="4" />
		<capsule pos="5.75,44.0,25.300000000000004" vel="0,0,0" mass="1" elasticityCoef="1" ang="90,0,0" color="0,220,0" radius="0.5" length="4" />
		<capsule pos="5.75,44.0,27.6" vel="0,0,0" mass="1" elasticityCoef="1" ang="90,0,0" color="0,220,0" radius="0.5" length="4" />
		<capsule pos="5.75,44.0,29.9" vel="0,0,0" mass="1" elasticityCoef="1" ang="90,0,0" color="0,220,0" radius="0.5" length="4" />
		<capsule pos="5.75,44.0,32.199999999999996" vel="0,0,0" mass="1" elasticityCoef="1" ang="90,0,0" color="0,220,0" radius="0.5" length="4" />
		<capsule pos="5.75,44.0,34.49999999999999" vel="0,0,0" mass="1" elasticityCoef="1" ang="90,0,0" color="0,220,0" radius="0.5" length="4" />
		<capsule pos="5.75,44.0,36.800000000000004" vel="0,0,0" mass="1" elasticityCoef="1" ang="90,0,0" color="0,220,0" radius="0.5" length="4" />
		<capsule pos="5.75,44.0,39.1" vel="0,0,0" mass="1" elasticityCoef="1" ang="90,0,0" color="0,220,0" radius="0.5" length="4" />
		<capsule pos="5.75,44.0,41.4" vel="0,0,0" mass="1" elasticityCoef="1" ang="90,0,0" color="0,220,0" radius="0.5" length="4" />
		<capsule pos="8.049999999999997,-49.5,-43.699999999999996" vel="0,0,0" mass="1" elasticityCoef="1" ang="90,0,0" color="0,220,0" radius="0.5" length="4" />
		<capsule pos="8.049999999999997,-49.5,-41.4" vel="0,0,0" mass="1" elasticityCoef="1" ang="90,0,0" color="0,220,0" radius="0.5" length="4" />
		<capsule pos="8.049999999999997,-49.5,-39.099999999999994" vel="0,0,0" mass="1" elasticityCoef="1" ang="90,0,0" color="0,220,0" radius="0.5" length="4" />
		<capsule pos="8.049999999999997,-49.5,-36.8" vel="0,0,0" mass="1" elasticityCoef="1" ang="90,0,0" color="0,220,0" radius="0.5" length="4" />
		<capsule pos="8.049999999999997,-49.5,-34.5" vel="0,0,0" mass="1" elasticityCoef="1" ang="90,0,0" color="0,220,0" radius="0.5" length="4" />
		<capsule pos="8.049999999999997,-49.5,-32.199999999999996" vel="0,0,0" mass="1" elasticityCoef="1" ang="90,0,0" color="0,220,0" radius="0.5" length="4" />
		<capsule pos="8.049999999999997,-49.5,-29.9" vel="0,0,0" mass="1" elasticityCoef="1" ang="90,0,0" color="0,220,0" radius="0.5" length="4" />
		<capsule pos="8.049999999999997,-49.5,-27.599999999999998" vel="0,0,0" mass="1" elasticityCoef="1" ang="90,0,0" color="0,220,0" radius="0.5" length="4" />
		<capsule pos="8.049999999999997,-49.5,-25.299999999999997" vel="0,0,0" mass="1" elasticityCoef="1" ang="90,0,0" color="0,220,0" radius="0.5" length="4" />
		<capsule pos="8.049999999999997,-49.5,-22.999999999999996" vel="0,0,0" mass="1" elasticityCoef="1" ang="90,0,0" color="0,220,0" radius="0.5" length="4" />
		<capsule pos="8.049999999999997,-49.5,-20.699999999999996" vel="0,0,0" mass="1" elasticityCoef="1" ang="90,0,0" color="0,220,0" radius="0.5" length="4" />
		<capsule pos="8.049999999999997,-49.5,-18.4" vel="0,0,0" mass="1" elasticityCoef="1" ang="90,0,0" color="0,220,0" radius="0.5" length="4" />
		<capsule pos="8.049999999999997,-49.5,-16.099999999999998" vel="0,0,0" mass="1" elasticityCoef="1" ang="90,0,0" color="0,220,0" radius="0.5" length="4" />
		<capsule pos="8.049999999999997,-49.5,-13.799999999999997" vel="0,0,0" mass="1" elasticityCoef="1" ang="90,0,0" color="0,220,0" radius="0.5" length="4" />
		<capsule pos="8.049999999999997,-49.5,-11.5" vel="0,0,0" mass="1" elasticityCoef="1" ang="90,0,0" color="0,220,0" radius="0.5" length="4" />
		<capsule pos="8.049999999999997,-49.5,-9.199999999999996" vel="0,0,0" mass="1" elasticityCoef="1" ang="90,0,0" color="0,220,0" radius="0.5" length="4" />
		<capsule pos="8.049999999999997,-49.5,-6.899999999999999" vel="0,0,0" mass="1" elasticityCoef="1" ang="90,0,0" color="0,220,0" radius="0.5" length="4" />
		<capsule pos="8.049999999999997,-49.5,-4.600000000000001" vel="0,0,0" mass="1" elasticityCoef="1" ang="90,0,0" color="0,220,0" radius="0.5" length="4" />
		<capsule pos="8.049999999999997,-49.5,-2.299999999999997" vel="0,0,0" mass="1" elasticityCoef="1" ang="90,0,0" color="0,220,0" radius="0.5" length="4" />
		<capsule pos="8.049999999999997,-49.5,0.0" vel="0,0,0" mass="1" elasticityCoef="1" ang="90,0,0" color="0,220,0" radius="0.5" length="4" />
		<capsule pos="8.049999999999997,-49.5,2.3000000000000043" vel="0,0,0" mass="1" elasticityCoef="1" ang="90,0,0" color="0,220,0" radius="0.5" length="4" />
		<capsule pos="8.049999999999997,-49.5,4.600000000000001" vel="0,0,0" mass="1" elasticityCoef="1" ang="90,0,0" color="0,220,0" radius="0.5" length="4" />
		<capsule pos="8.049999999999997,-49.5,6.899999999999999" vel="0,0,0" mass="1" elasticityCoef="1" ang="90,0,0" color="0,220,0" radius="0.5" length="4" />
		<capsule pos="8.049999999999997,-49.5,9.200000000000003" vel="0,0,0" mass="1" elasticityCoef="1" ang="90,0,0" color="0,220,0" radius="0.5" length="4" />
		<capsule pos="8.049999999999997,-49.5,11.5" vel="0,0,0" mass="1" elasticityCoef="1" ang="90,0,0" color="0,220,0" radius="0.5" length="4" />
		<capsule pos="8.049999999999997,-49.5,13.799999999999997" vel="0,0,0" mass="1" elasticityCoef="1" ang="90,0,0" color="0,220,0" radius="0.5" length="4" />
		<capsule pos="8.049999999999997,-49.5,16.1" vel="0,0,0" mass="1" elasticityCoef="1" ang="90,0,0" color="0,220,0" radius="0.5" length="4" />
		<capsule pos="8.049999999999997,-49.5,18.4" vel="0,0,0" mass="1" elasticityCoef="1" ang="90,0,0" color="0,220,0" radius="0.5" length="4" />
		<capsule pos="8.049999999999997,-49.5,20.699999999999996" vel="0,0,0" mass="1" elasticityCoef="1" ang="90,0,0" color="0,220,0" radius="0.5" length="4" />
		<capsule pos="8.049999999999997,-49.5,22.999999999999993" vel="0,0,0" mass="1" elasticityCoef="1" ang="90,0,0" color="0,220,0" radius="0.5" length="4" />
		<capsule pos="8.049999999999997,-49.5,25.300000000000004" vel="0,0,0" mass="1" elasticityCoef="1" ang="90,0,0" color="0,220,0" radius="0.5" length="4" />
		<capsule pos="8.049999999999997,-49.5,27.6" vel="0,0,0" mass="1" elasticityCoef="1" ang="90,0,0" color="0,220,0" radius="0.5" length="4" />
		<capsule pos="8.049999999999997,-49.5,29.9" vel="0,0,0" mass="1" elasticityCoef="1" ang="90,0,0" color="0,220,0" radius="0.5" length="4" />
		<capsule pos="8.049999999999997,-49.5,32.199999999999996" vel="0,0,0" mass="1" elasticityCoef="1" ang="90,0,0" color="0,220,0" radius="0.5" length="4" />
		<capsule pos="8.049999999999997,-49.5,34.49999999999999" vel="0,0,0" mass="1" elasticityCoef="1" ang="90,0,0" color="0,220,0" radius="0.5" length="4" />
		<capsule pos="8.049999999999997,-49.5,36.800000000000004" vel="0,0,0" mass="1" elasticityCoef="1" ang="90,0,0" color="0,220,0" radius="0.5" length="4" />
		<capsule pos="8.049999999999997,-49.5,39.1" vel="0,0,0" mass="1" elasticityCoef="1" ang="90,0,0" color="0,220,0" radius="0.5" length="4" />
		<capsule pos="8.049999999999997,-49.5,41.4" vel="0,0,0" mass="1" elasticityCoef="1" ang="90,0,0" color="0,220,0" radius="0.5" length="4" />
		<capsule pos="8.049999999999997,-44.0,-43.699999999999996" vel="0,0,0" mass="1" elasticityCoef="1" ang="90,0,0" color="0,220,0" radius="0.5" length="4" />
		<capsule pos="8.049999999999997,-44.0,-41.4" vel="0,0,0" mass="1" elasticityCoef="1" ang="90,0,0" color="0,220,0" radius="0.5" length="4" />
		<capsule pos="8.049999999999997,-44.0,-39.099999999999994" vel="0,0,0" mass="1" elasticityCoef="1" ang="90,0,0" color="0,220,0" radius="0.5" length="4" />
		<capsule pos="8.049999999999997,-44.0,-36.8" vel="0,0,0" mass="1" elasticityCoef="1" ang="90,0,0" color="0,220,0" radius="0.5" length="4" />
		<capsule pos="8.049999999999997,-44.0,-34.5" vel="0,0,0" mass="1" elasticityCoef="1" ang="90,0,0" color="0,220,0" radius="0.5" length="4" />
		<capsule pos="8.049999999999997,-44.0,-32.199999999999996" vel="0,0,0" mass="1" elasticityCoef="1" ang="90,0,0" color="0,220,0" radius="0.5" length="4" />
		<capsule pos="8.049999999999997,-44.0,-29.9" vel="0,0,0" mass="1" elasticityCoef="1" ang="90,0,0" color="0,220,0" radius="0.5" length="4" />
		<capsule pos="8.049999999999997,-44.0,-27.599999999999998" vel="0,0,0" mass="1" elasticityCoef="1" ang="90,0,0" color="0,220,0" radius="0.5" length="4" />
		<capsule pos="8.049999999999997,-44.0,-25.299999999999997" vel="0,0,0" mass="1" elasticityCoef="1" ang="90,0,0" color="0,220,0" radius="0.5" length="4" />
		<capsule pos="8.049999999999997,-44.0,-22.999999999999996" vel="0,0,0" mass="1" elasticityCoef="1" ang="90,0,0" color="0,220,0" radius="0.5" length="4" />
		<capsule pos="8.049999999999997,-44.0,-20.699999999999996" vel="0,0,0" mass="1" elasticityCoef="1" ang="90,0,0" color="0,220,0" radius="0.5" length="4" />
		<capsule pos="8.049999999999997,-44.0,-18.4" vel="0,0,0" mass="1" elasticityCoef="1" ang="90,0,0" color="0,220,0" radius="0.5" length="4" />
		<capsule pos="8.049999999999997,-44.0,-16.099999999999998" vel="0,0,0" mass="1" elasticityCoef="1" ang="90,0,0" color="0,220,0" radius="0.5" length="4" />
		<capsule pos="8.049999999999997,-44.0,-13.799999999999997" vel="0,0,0" mass="1" elasticityCoef="1" ang="90,0,0" color="0,220,0" radius="0.5" length="4" />
		<capsule pos="8.049999999999997,-44.0,-11.5" vel="0,0,0" mass="1" elasticityCoef="1" ang="90,0,0" color="0,220,0" radius="0.5" length="4" />
		<capsule pos="8.049999999999997,-44.0,-9.199999999999996" vel="0,0,0" mass="1" elasticityCoef="1" ang="90,0,0" color="0,220,0" radius="0.5" length="4" />
		<capsule pos="8.049999999999997,-44.0,-6.899999999999999" vel="0,0,0" mass="1" elasticityCoef="1" ang="90,0,0" color="0,220,0" radius="0.5" length="4" />
		<capsule pos="8.049999999999997,-44.0,-4.600000000000001" vel="0,0,0" mass="1" elasticityCoef="1" ang="90,0,0" color="0,220,0" radius="0.5" length="4" />
		<capsule pos="8.049999999999997,-44.0,-2.299999999999997" vel="0,0,0" mass="1" elasticityCoef="1" ang="90,0,0" color="0,220,0" radius="0.5" length="4" />
		<capsule pos="8.049999999999997,-44.0,0.0" vel="0,0,0" mass="1" elasticityCoef="1" ang="90,0,0" color="0,220,0" radius="0.5" length="4" />
		<capsule pos="8.049999999999997,-44.0,2.3000000000000043" vel="0,0,0" mass="1" elasticityCoef="1" ang="90,0,0" color="0,220,0" radius="0.5" length="4" />
		<capsule pos="8.049999999999997,-44.0,4.600000000000001" vel="0,0,0" mass="1" elasticityCoef="1" ang="90,0,0" color="0,220,0" radius="0.5" length="4" />
		<capsule pos="8.049999999999997,-44.0,6.899999999999999" vel="0,0,0" mass="1" elasticityCoef="1" ang="90,0,0" color="0,220,0" radius="0.5" length="4" />
		<capsule pos="8.049999999999997,-44.0,9.200000000000003" vel="0,0,0" mass="1" elasticityCoef="1" ang="90,0,0" color="0,220,0" radius="0.5" length="4" />
		<capsule pos="8.049999999999997,-44.0,11.5" vel="0,0,0" mass="1" elasticityCoef="1" ang="90,0,0" color="0,220,0" radius="0.5" length="4" />
		<capsule pos="8.049999999999997,-44.0,13.799999999999997" vel="0,0,0" mass="1" elasticityCoef="1" ang="90,0,0" color="0,220,0" radius="0.5" length="4" />
		<capsule pos="8.049999999999997,-44.0,16.1" vel="0,0,0" mass="1" elasticityCoef="1" ang="90,0,0" color="0,220,0" radius="0.5" length="4" />
		<capsule pos="8.049999999999997,-44.0,18.4" vel="0,0,0" mass="1" elasticityCoef="1" ang="90,0,0" color="0,220,0" radius="0.5" length="4" />
		<capsule pos="8.049999999999997,-44.0,20.699999999999996" vel="0,0,0" mass="1" elasticityCoef="1" ang="90,0,0" color="0,220,0" radius="0.5" length="4" />
		<capsule pos="8.049999999999997,-44.0,22.999999999999993" vel="0,0,0" mass="1" elasticityCoef="1" ang="90,0,0" color="0,220,0" radius="0.5" length="4" />
		<capsule pos="8.049999999999997,-44.0,25.300000000000004" vel="0,0,0" mass="1" elasticityCoef="1" ang="90,0,0" color="0,220,0" radius="0.5" length="4" />
		<capsule pos="8.049999999999997,-44.0,27.6" vel="0,0,0" mass="1" elasticityCoef="1" ang="90,0,0" color="0,220,0" radius="0.5" length="4" />
		<capsule pos="8.049999999999997,-44.0,29.9" vel="0,0,0" mass="1" elasticityCoef="1" ang="90,0,0" color="0,220,0" radius="0.5" length="4" />
		<capsule pos="8.049999999999997,-44.0,32.199999999999996" vel="0,0,0" mass="1" elasticityCoef="1" ang="90,0,0" color="0,220,0" radius="0.5" length="4" />
		<capsule pos="8.049999999999997,-44.0,34.49999999999999" vel="0,0,0" mass="1" elasticityCoef="1" ang="90,0,0" color="0,220,0" radius="0.5" length="4" />
		<capsule pos="8.049999999999997,-44.0,36.800000000000004" vel="0,0,0" mass="1" elasticityCoef="1" ang="90,0,0" color="0,220,0" radius="0.5" length="4" />
		<capsule pos="8.049999999999997,-44.0,39.1" vel="0,0,0" mass="1" elasticityCoef="1" ang="90,0,0" color="0,220,0" radius="0.5" length="4" />
		<capsule pos="8.049999999999997,-44.0,41.4" vel="0,0,0" mass="1" elasticityCoef="1" ang="90,0,0" color="0,220,0" radius="0.5" length="4" />
		<capsule pos="8.049999999999997,-38.5,-43.699999999999996" vel="0,0,0" mass="1" elasticityCoef="1" ang="90,0,0" color="0,220,0" radius="0.5" length="4" />
		<capsule pos="8.049999999999997,-38.5,-41.4" vel="0,0,0" mass="1" elasticityCoef="1" ang="90,0,0" color="0,220,0" radius="0.5" length="4" />
		<capsule pos="8.049999999999997,-38.5,-39.099999999999994" vel="0,0,0" mass="1" elasticityCoef="1" ang="90,0,0" color="0,220,0" radius="0.5" length="4" />
		<capsule pos="8.049999999999997,-38.5,-36.8" vel="0,0,0" mass="1" elasticityCoef="1" ang="90,0,0" color="0,220,0" radius="0.5" length="4" />
		<capsule pos="8.049999999999997,-38.5,-34.5" vel="0,0,0" mass="1" elasticityCoef="1" ang="90,0,0" color="0,220,0" radius="0.5" length="4" />
		<capsule pos="8.049999999999997,-38.5,-32.199999999999996" vel="0,0,0" mass="1" elasticityCoef="1" ang="90,0,0" color="0,220,0" radius="0.5" length="4" />
		<capsule pos="8.049999999999997,-38.5,-29.9" vel="0,0,0" mass="1" elasticityCoef="1" ang="90,0,0" color="0,220,0" radius="0.5" length="4" />
		<capsule pos="8.049999999999997,-38.5,-27.599999999999998" vel="0,0,0" mass="1" elasticityCoef="1" ang="90,0,0" color="0,220,0" radius="0.5" length="4" />
		<capsule pos="8.049999999999997,-38.5,-25.299999999999997" vel="0,0,0" mass="1" elasticityCoef="1" ang="90,0,0" color="0,220,0" radius="0.5" length="4" />
		<capsule pos="8.049999999999997,-38.5,-22.999999999999996" vel="0,0,0" mass="1" elasticityCoef="1" ang="90,0,0" color="0,220,0" radius="0.5" length="4" />
		<capsule pos="8.049999999999997,-38.5,-20.699999999999996" vel="0,0,0" mass="1" elasticityCoef="1" ang="90,0,0" color="0,220,0" radius="0.5" length="4" />
		<capsule pos="8.049999999999997,-38.5,-18.4" vel="0,0,0" mass="1" elasticityCoef="1" ang="90,0,0" color="0,220,0" radius="0.5" length="4" />
		<capsule pos="8.049999999999997,-38.5,-16.099999999999998" vel="0,0,0" mass="1" elasticityCoef="1" ang="90,0,0" color="0,220,0" radius="0.5" length="4" />
		<capsule pos="8.049999999999997,-38.5,-13.799999999999997" vel="0,0,0" mass="1" elasticityCoef="1" ang="90,0,0" color="0,220,0" radius="0.5" length="4" />
		<capsule pos="8.049999999999997,-38.5,-11.5" vel="0,0,0" mass="1" elasticityCoef="1" ang="90,0,0" color="0,220,0" radius="0.5" length="4" />
		<capsule pos="8.049999999999997,-38.5,-9.199999999999996" vel="0,0,0" mass="1" elasticityCoef="1" ang="90,0,0" color="0,220,0" radius="0.5" length="4" />
		<capsule pos="8.049999999999997,-38.5,-6.899999999999999" vel="0,0,0" mass="1" elasticityCoef="1" ang="90,0,0" color="0,220,0" radius="0.5" length="4" />
		<capsule pos="8.049999999999997,-38.5,-4.600000000000001" vel="0,0,0" mass="1" elasticityCoef="1" ang="90,0,0" color="0,220,0" radius="0.5" length="4" />
		<capsule pos="8.049999999999997,-38.5,-2.299999999999997" vel="0,0,0" mass="1" elasticityCoef="1" ang="90,0,0" color="0,220,0" radius="0.5" length="4" />
		<capsule pos="8.049999999999997,-38.5,0.0" vel="0,0,0" mass="1" elasticityCoef="1" ang="90,0,0" color="0,220,0" radius="0.5" length="4" />
		<capsule pos="8.049999999999997,-38.5,2.3000000000000043" vel="0,0,0" mass="1" elasticityCoef="1" ang="90,0,0" color="0,220,0" radius="0.5" length="4" />
		<capsule pos="8.049999999999997,-38.5,4.600000000000001" vel="0,0,0" mass="1" elasticityCoef="1" ang="90,0,0" color="0,220,0" radius="0.5" length="4" />
		<capsule pos="8.049999999999997,-38.5,6.899999999999999" vel="0,0,0" mass="1" elasticityCoef="1" ang="90,0,0" color="0,220,0" radius="0.5" length="4" />
		<capsule pos="8.049999999999997,-38.5,9.200000000000003" vel="0,0,0" mass="1" elasticityCoef="1" ang="90,0,0" color="0,220,0" radius="0.5" length="4" />
		<capsule pos="8.049999999999997,-38.5,11.5" vel="0,0,0" mass="1" elasticityCoef="1" ang="90,0,0" color="0,220,0" radius="0.5" length="4" />
		<capsule pos="8.049999999999997,-38.5,13.799999999999997" vel="0,0,0" mass="1" elasticityCoef="1" ang="90,0,0" color="0,220,0" radius="0.5" length="4" />
		<capsule pos="8.049999999999997,-38.5,16.1" vel="0,0,0" mass="1" elasticityCoef="1" ang="90,0,0" color="0,220,0" radius="0.5" length="4" />
		<capsule pos="8.049999999999997,-38.5,18.4" vel="0,0,0" mass="1" elasticityCoef="1" ang="90,0,0" color="0,220,0" radius="0.5" length="4" />
		<capsule pos="8.049999999999997,-38.5,20.699999999999996" vel="0,0,0" mass="1" elasticityCoef="1" ang="90,0,0" color="0,220,0" radius="0.5" length="4" />
		<capsule pos="8.049999999999997,-38.5,22.999999999999993" vel="0,0,0" mass="1" elasticityCoef="1" ang="90,0,0" color="0,220,0" radius="0.5" length="4" />
		<capsule pos="8.049999999999997,-38.5,25.300000000000004" vel="0,0,0" mass="1" elasticityCoef="1" ang="90,0,0" color="0,220,0" radius="0.5" length="4" />
		<capsule pos="8.049999999999997,-38.5,27.6" vel="0,0,0" mass="1" elasticityCoef="1" ang="90,0,0" color="0,220,0" radius="0.5" length="4" />
		<capsule pos="8.049999999999997,-38.5,29.9" vel="0,0,0" mass="1" elasticityCoef="1" ang="90,0,0" color="0,220,0" radius="0.5" length="4" />
		<capsule pos="8.049999999999997,-38.5,32.199999999999996" vel="0,0,0" mass="1" elasticityCoef="1" ang="90,0,0" color="0,220,0" radius="0.5" length="4" />
		<capsule pos="8.049999999999997,-38.5,34.49999999999999" vel="0,0,0" mass="1" elasticityCoef="1" ang="90,0,0" color="0,220,0" radius="0.5" length="4" />
		<capsule pos="8.049999999999997,-38.5,36.800000000000004" vel="0,0,0" mass="1" elasticityCoef="1" ang="90,0,0" color="0,220,0" radius="0.5" length="4" />
		<capsule pos="8.049999999999997,-38.5,39.1" vel="0,0,0" mass="1" elasticityCoef="1" ang="90,0,0" color="0,220,0" radius="0.5" length="4" />
		<capsule pos="8.049999999999997,-38.5,41.4" vel="0,0,0" mass="1" elasticityCoef="1" ang="90,0,0" color="0,220,0" radius="0.5" length="4" />
		<capsule pos="8.049999999999997,-33.0,-43.699999999999996" vel="0,0,0" mass="1" elasticityCoef="1" ang="90,0,0" color="0,220,0" radius="0.5" length="4" />
		<capsule pos="8.049999999999997,-33.0,-41.4" vel="0,0,0" mass="1" elasticityCoef="1" ang="90,0,0" color="0,220,0" radius="0.5" length="4" />
		<capsule pos="8.049999999999997,-33.0,-39.099999999999994" vel="0,0,0" mass="1" elasticityCoef="1" ang="90,0,0" color="0,220,0" radius="0.5" length="4" />
		<capsule pos="8.049999999999997,-33.0,-36.8" vel="0,0,0" mass="1" elasticityCoef="1" ang="90,0,0" color="0,220,0" radius="0.5" length="4" />
		<capsule pos="8.049999999999997,-33.0,-34.5" vel="0,0,0" mass="1" elasticityCoef="1" ang="90,0,0" color="0,220,0" radius="0.5" length="4" />
		<capsule pos="8.049999999999997,-33.0,-32.199999999999996" vel="0,0,0" mass="1" elasticityCoef="1" ang="90,0,0" color="0,220,0" radius="0.5" length="4" />
		<capsule pos="8.049999999999997,-33.0,-29.9" vel="0,0,0" mass="1" elasticityCoef="1" ang="90,0,0" color="0,220,0" radius="0.5" length="4" />
		<capsule pos="8.049999999999997,-33.0,-27.599999999999998" vel="0,0,0" mass="1" elasticityCoef="1" ang="90,0,0" color="0,220,0" radius="0.5" length="4" />
		<capsule pos="8.049999999999997,-33.0,-25.299999999999997" vel="0,0,0" mass="1" elasticityCoef="1" ang="90,0,0" color="0,220,0" radius="0.5" length="4" />
		<capsule pos="8.049999999999997,-33.0,-22.999999999999996" vel="0,0,0" mass="1" elasticityCoef="1" ang="90,0,0" color="0,220,0" radius="0.5" length="4" />
		<capsule pos="8.049999999999997,-33.0,-20.699999999999996" vel="0,0,0" mass="1" elasticityCoef="1" ang="90,0,0" color="0,220,0" radius="0.5" length="4" />
		<capsule pos="8.049999999999997,-33.0,-18.4" vel="0,0,0" mass="1" elasticityCoef="1" ang="90,0,0" color="0,220,0" radius="0.5" length="4" />
		<capsule pos="8.049999999999997,-33.0,-16.099999999999998" vel="0,0,0" mass="1" elasticityCoef="1" ang="90,0,0" color="0,220,0" radius="0.5" length="4" />
		<capsule pos="8.049999999999997,-33.0,-13.799999999999997" vel="0,0,0" mass="1" elasticityCoef="1" ang="90,0,0" color="0,220,0" radius="0.5" length="4" />
		<capsule pos="8.049999999999997,-33.0,-11.5" vel="0,0,0" mass="1" elasticityCoef="1" ang="90,0,0" color="0,220,0" radius="0.5" length="4" />
		<capsule pos="8.049999999999997,-33.0,-9.199999999999996" vel="0,0,0" mass="1" elasticityCoef="1" ang="90,0,0" color="0,220,0" radius="0.5" length="4" />
		<capsule pos="8.049999999999997,-33.0,-6.899999999999999" vel="0,0,0" mass="1" elasticityCoef="1" ang="90,0,0" color="0,220,0" radius="0.5" length="4" />
		<capsule pos="8.049999999999997,-33.0,-4.600000000000001" vel="0,0,0" mass="1" elasticityCoef="1" ang="90,0,0" color="0,220,0" radius="0.5" length="4" />
		<capsule pos="8.049999999999997,-33.0,-2.299999999999997" vel="0,0,0" mass="1" elasticityCoef="1" ang="90,0,0" color="0,220,0" radius="0.5" length="4" />
		<capsule pos="8.049999999999997,-33.0,0.0" vel="0,0,0" mass="1" elasticityCoef="1" ang="90,0,0" color="0,220,0" radius="0.5" length="4" />
		<capsule pos="8.049999999999997,-33.0,2.3000000000000043" vel="0,0,0" mass="1" elasticityCoef="1" ang="90,0,0" color="0,220,0" radius="0.5" length="4" />
		<capsule pos="8.049999999999997,-33.0,4.600000000000001" vel="0,0,0" mass="1" elasticityCoef="1" ang="90,0,0" color="0,220,0" radius="0.5" length="4" />
		<capsule pos="8.049999999999997,-33.0,6.899999999999999" vel="0,0,0" mass="1" elasticityCoef="1" ang="90,0,0" color="0,220,0" radius="0.5" length="4" />
		<capsule pos="8.049999999999997,-33.0,9.200000000000003" vel="0,0,0" mass="1" elasticityCoef="1" ang="90,0,0" color="0,220,0" radius="0.5" length="4" />
		<capsule pos="8.049999999999997,-33.0,11.5" vel="0,0,0" mass="1" elasticityCoef="1" ang="90,0,0" color="0,220,0" radius="0.5" length="4" />
		<capsule pos="8.049999999999997,-33.0,13.799999999999997" vel="0,0,0" mass="1" elasticityCoef="1" ang="90,0,0" color="0,220,0" radius="0.5" length="4" />
		<capsule pos="8.049999999999997,-33.0,16.1" vel="0,0,0" mass="1" elasticityCoef="1" ang="90,0,0" color="0,220,0" radius="0.5" length="4" />
		<capsule pos="8.049999999999997,-33.0,18.4" vel="0,0,0" mass="1" elasticityCoef="1" ang="90,0,0" color="0,220,0" radius="0.5" length="4" />
		<capsule pos="8.049999999999997,-33.0,20.699999999999996" vel="0,0,0" mass="1" elasticityCoef="1" ang="90,0,0" color="0,220,0" radius="0.5" length="4" />
		<capsule pos="8.049999999999997,-33.0,22.999999999999993" vel="0,0,0" mass="1" elasticityCoef="1" ang="90,0,0" color="0,220,0" radius="0.5" length="4" />
		<capsule pos="8.049999999999997,-33.0,25.300000000000004" vel="0,0,0" mass="1" elasticityCoef="1" ang="90,0,0" color="0,220,0" radius="0.5" length="4" />
		<capsule pos="8.049999999999997,-33.0,27.6" vel="0,0,0" mass="1" elasticityCoef="1" ang="90,0,0" color="0,220,0" radius="0.5" length="4" />
		<capsule pos="8.049999999999997,-33.0,29.9" vel="0,0,0" mass="1" elasticityCoef="1" ang="90,0,0" color="0,220,0" radius="0.5" length="4" />
		<capsule pos="8.049999999999997,-33.0,32.199999999999996" vel="0,0,0" mass="1" elasticityCoef="1" ang="90,0,0" color="0,220,0" radius="0.5" length="4" />
		<capsule pos="8.049999999999997,-33.0,34.49999999999999" vel="0,0,0" mass="1" elasticityCoef="1" ang="90,0,0" color="0,220,0" radius="0.5" length="4" />
		<capsule pos="8.049999999999997,-33.0,36.800000000000004" vel="0,0,0" mass="1" elasticityCoef="1" ang="90,0,0" color="0,220,0" radius="0.5" length="4" />
		<capsule pos="8.049999999999997,-33.0,39.1" vel="0,0,0" mass="1" elasticityCoef="1" ang="90,0,0" color="0,220,0" radius="0.5" length="4" />
		<capsule pos="8.049999999999997,-33.0,41.4" vel="0,0,0" mass="1" elasticityCoef="1" ang="90,0,0" color="0,220,0" radius="0.5" length="4" />
		<capsule pos="8.049999999999997,-27.5,-43.699999999999996" vel="0,0,0" mass="1" elasticityCoef="1" ang="90,0,0" color="0,220,0" radius="0.5" length="4" />
		<capsule pos="8.049999999999997,-27.5,-41.4" vel="0,0,0" mass="1" elasticityCoef="1" ang="90,0,0" color="0,220,0" radius="0.5" length="4" />
		<capsule pos="8.049999999999997,-27.5,-39.099999999999994" vel="0,0,0" mass="1" elasticityCoef="1" ang="90,0,0" color="0,220,0" radius="0.5" length="4" />
		<capsule pos="8.049999999999997,-27.5,-36.8" vel="0,0,0" mass="1" elasticityCoef="1" ang="90,0,0" color="0,220,0" radius="0.5" length="4" />
		<capsule pos="8.049999999999997,-27.5,-34.5" vel="0,0,0" mass="1" elasticityCoef="1" ang="90,0,0" color="0,220,0" radius="0.5" length="4" />
		<capsule pos="8.049999999999997,-27.5,-32.199999999999996" vel="0,0,0" mass="1" elasticityCoef="1" ang="90,0,0" color="0,220,0" radius="0.5" length="4" />
		<capsule pos="8.049999999999997,-27.5,-29.9" vel="0,0,0" mass="1" elasticityCoef="1" ang="90,0,0" color="0,220,0" radius="0.5" length="4" />
		<capsule pos="8.049999999999997,-27.5,-27.599999999999998" vel="0,0,0" mass="1" elasticityCoef="1" ang="90,0,0" color="0,220,0" radius="0.5" length="4" />
		<capsule pos="8.049999999999997,-27.5,-25.299999999999997" vel="0,0,0" mass="1" elasticityCoef="1" ang="90,0,0" color="0,220,0" radius="0.5" length="4" />
		<capsule pos="8.049999999999997,-27.5,-22.999999999999996" vel="0,0,0" mass="1" elasticityCoef="1" ang="90,0,0" color="0,220,0" radius="0.5" length="4" />
		<capsule pos="8.049999999999997,-27.5,-20.699999999999996" vel="0,0,0" mass="1" elasticityCoef="1" ang="90,0,0" color="0,220,0" radius="0.5" length="4" />
		<capsule pos="8.049999999999997,-27.5,-18.4" vel="0,0,0" mass="1" elasticityCoef="1" ang="90,0,0" color="0,220,0" radius="0.5" length="4" />
		<capsule pos="8.049999999999997,-27.5,-16.099999999999998" vel="0,0,0" mass="1" elasticityCoef="1" ang="90,0,0" color="0,220,0" radius="0.5" length="4" />
		<capsule pos="8.049999999999997,-27.5,-13.799999999999997" vel="0,0,0" mass="1" elasticityCoef="1" ang="90,0,0" color="0,220,0" radius="0.5" length="4" />
		<capsule pos="8.049999999999997,-27.5,-11.5" vel="0,0,0" mass="1" elasticityCoef="1" ang="90,0,0" color="0,220,0" radius="0.5" length="4" />
		<capsule pos="8.049999999999997,-27.5,-9.199999999999996" vel="0,0,0" mass="1" elasticityCoef="1" ang="90,0,0" color="0,220,0" radius="0.5" length="4" />
		<capsule pos="8.049999999999997,-27.5,-6.899999999999999" vel="0,0,0" mass="1" elasticityCoef="1" ang="90,0,0" color="0,220,0" radius="0.5" length="4" />
		<capsule pos="8.049999999999997,-27.5,-4.600000000000001" vel="0,0,0" mass="1" elasticityCoef="1" ang="90,0,0" color="0,220,0" radius="0.5" length="4" />
		<capsule pos="8.049999999999997,-27.5,-2.299999999999997" vel="0,0,0" mass="1" elasticityCoef="1" ang="90,0,0" color="0,220,0" radius="0.5" length="4" />
		<capsule pos="8.049999999999997,-27.5,0.0" vel="0,0,0" mass="1" elasticityCoef="1" ang="90,0,0" color="0,220,0" radius="0.5" length="4" />
		<capsule pos="8.049999999999997,-27.5,2.3000000000000043" vel="0,0,0" mass="1" elasticityCoef="1" ang="90,0,0" color="0,220,0" radius="0.5" length="4" />
		<capsule pos="8.049999999999997,-27.5,4.600000000000001" vel="0,0,0" mass="1" elasticityCoef="1" ang="90,0,0" color="0,220,0" radius="0.5" length="4" />
		<capsule pos="8.049999999999997,-27.5,6.899999999999999" vel="0,0,0" mass="1" elasticityCoef="1" ang="90,0,0" color="0,220,0" radius="0.5" length="4" />
		<capsule pos="8.049999999999997,-27.5,9.200000000000003" vel="0,0,0" mass="1" elasticityCoef="1" ang="90,0,0" color="0,220,0" radius="0.5" length="4" />
		<capsule pos="8.049999999999997,-27.5,11.5" vel="0,0,0" mass="1" elasticityCoef="1" ang="90,0,0" color="0,220,0" radius="0.5" length="4" />
		<capsule pos="8.049999999999997,-27.5,13.799999999999997" vel="0,0,0" mass="1" elasticityCoef="1" ang="90,0,0" color="0,220,0" radius="0.5" length="4" />
		<capsule pos="8.049999999999997,-27.5,16.1" vel="0,0,0" mass="1" elasticityCoef="1" ang="90,0,0" color="0,220,0" radius="0.5" length="4" />
		<capsule pos="8.049999999999997,-27.5,18.4" vel="0,0,0" mass="1" elasticityCoef="1" ang="90,0,0" color="0,220,0" radius="0.5" length="4" />
		<capsule pos="8.049999999999997,-27.5,20.699999999999996" vel="0,0,0" mass="1" elasticityCoef="1" ang="90,0,0" color="0,220,0" radius="0.5" length="4" />
		<capsule pos="8.049999999999997,-27.5,22.999999999999993" vel="0,0,0" mass="1" elasticityCoef="1" ang="90,0,0" color="0,220,0" radius="0.5" length="4" />
		<capsule pos="8.049999999999997,-27.5,25.300000000000004" vel="0,0,0" mass="1" elasticityCoef="1" ang="90,0,0" color="0,220,0" radius="0.5" length="4" />
		<capsule pos="8.049999999999997,-27.5,27.6" vel="0,0,0" mass="1" elasticityCoef="1" ang="90,0,0" color="0,220,0" radius="0.5" length="4" />
		<capsule pos="8.049999999999997,-27.5,29.9" vel="0,0,0" mass="1" elasticityCoef="1" ang="90,0,0" color="0,220,0" radius="0.5" length="4" />
		<capsule pos="8.049999999999997,-27.5,32.199999999999996" vel="0,0,0" mass="1" elasticityCoef="1" ang="90,0,0" color="0,220,0" radius="0.5" length="4" />
		<capsule pos="8.049999999999997,-27.5,34.49999999999999" vel="0,0,0" mass="1" elasticityCoef="1" ang="90,0,0" color="0,220,0" radius="0.5" length="4" />
		<capsule pos="8.049999999999997,-27.5,36.800000000000004" vel="0,0,0" mass="1" elasticityCoef="1" ang="90,0,0" color="0,220,0" radius="0.5" length="4" />
		<capsule pos="8.049999999999997,-27.5,39.1" vel="0,0,0" mass="1" elasticityCoef="1" ang="90,0,0" color="0,220,0" radius="0.5" length="4" />
		<capsule pos="8.049999999999997,-27.5,41.4" vel="0,0,0" mass="1" elasticityCoef="1" ang="90,0,0" color="0,220,0" radius="0.5" length="4" />
		<capsule pos="8.049999999999997,-22.0,-43.699999999999996" vel="0,0,0" mass="1" elasticityCoef="1" ang="90,0,0" color="0,220,0" radius="0.5" length="4" />
		<capsule pos="8.049999999999997,-22.0,-41.4" vel="0,0,0" mass="1" elasticityCoef="1" ang="90,0,0" color="0,220,0" radius="0.5" length="4" />
		<capsule pos="8.049999999999997,-22.0,-39.099999999999994" vel="0,0,0" mass="1" elasticityCoef="1" ang="90,0,0" color="0,220,0" radius="0.5" length="4" />
		<capsule pos="8.049999999999997,-22.0,-36.8" vel="0,0,0" mass="1" elasticityCoef="1" ang="90,0,0" color="0,220,0" radius="0.5" length="4" />
		<capsule pos="8.049999999999997,-22.0,-34.5" vel="0,0,0" mass="1" elasticityCoef="1" ang="90,0,0" color="0,220,0" radius="0.5" length="4" />
		<capsule pos="8.049999999999997,-22.0,-32.199999999999996" vel="0,0,0" mass="1" elasticityCoef="1" ang="90,0,0" color="0,220,0" radius="0.5" length="4" />
		<capsule pos="8.049999999999997,-22.0,-29.9" vel="0,0,0" mass="1" elasticityCoef="1" ang="90,0,0" color="0,220,0" radius="0.5" length="4" />
		<capsule pos="8.049999999999997,-22.0,-27.599999999999998" vel="0,0,0" mass="1" elasticityCoef="1" ang="90,0,0" color="0,220,0" radius="0.5" length="4" />
		<capsule pos="8.049999999999997,-22.0,-25.299999999999997" vel="0,0,0" mass="1" elasticityCoef="1" ang="90,0,0" color="0,220,0" radius="0.5" length="4" />
		<capsule pos="8.049999999999997,-22.0,-22.999999999999996" vel="0,0,0" mass="1" elasticityCoef="1" ang="90,0,0" color="0,220,0" radius="0.5" length="4" />
		<capsule pos="8.049999999999997,-22.0,-20.699999999999996" vel="0,0,0" mass="1" elasticityCoef="1" ang="90,0,0" color="0,220,0" radius="0.5" length="4" />
		<capsule pos="8.049999999999997,-22.0,-18.4" vel="0,0,0" mass="1" elasticityCoef="1" ang="90,0,0" color="0,220,0" radius="0.5" length="4" />
		<capsule pos="8.049999999999997,-22.0,-16.099999999999998" vel="0,0,0" mass="1" elasticityCoef="1" ang="90,0,0" color="0,220,0" radius="0.5" length="4" />
		<capsule pos="8.049999999999997,-22.0,-13.799999999999997" vel="0,0,0" mass="1" elasticityCoef="1" ang="90,0,0" color="0,220,0" radius="0.5" length="4" />
		<capsule pos="8.049999999999997,-22.0,-11.5" vel="0,0,0" mass="1" elasticityCoef="1" ang="90,0,0" color="0,220,0" radius="0.5" length="4" />
		<capsule pos="8.049999999999997,-22.0,-9.199999999999996" vel="0,0,0" mass="1" elasticityCoef="1" ang="90,0,0" color="0,220,0" radius="0.5" length="4" />
		<capsule pos="8.049999999999997,-22.0,-6.899999999999999" vel="0,0,0" mass="1" elasticityCoef="1" ang="90,0,0" color="0,220,0" radius="0.5" length="4" />
		<capsule pos="8.049999999999997,-22.0,-4.600000000000001" vel="0,0,0" mass="1" elasticityCoef="1" ang="90,0,0" color="0,220,0" radius="0.5" length="4" />
		<capsule pos="8.049999999999997,-22.0,-2.299999999999997" vel="0,0,0" mass="1" elasticityCoef="1" ang="90,0,0" color="0,220,0" radius="0.5" length="4" />
		<capsule pos="8.049999999999997,-22.0,0.0" vel="0,0,0" mass="1" elasticityCoef="1" ang="90,0,0" color="0,220,0" radius="0.5" length="4" />
		<capsule pos="8.049999999999997,-22.0,2.3000000000000043" vel="0,0,0" mass="1" elasticityCoef="1" ang="90,0,0" color="0,220,0" radius="0.5" length="4" />
		<capsule pos="8.049999999999997,-22.0,4.600000000000001" vel="0,0,0" mass="1" elasticityCoef="1" ang="90,0,0" color="0,220,0" radius="0.5" length="4" />
		<capsule pos="8.049999999999997,-22.0,6.899999999999999" vel="0,0,0" mass="1" elasticityCoef="1" ang="90,0,0" color="0,220,0" radius="0.5" length="4" />
		<capsule pos="8.049999999999997,-22.0,9.200000000000003" vel="0,0,0" mass="1" elasticityCoef="1" ang="90,0,0" color="0,220,0" radius="0.5" length="4" />
		<capsule pos="8.049999999999997,-22.0,11.5" vel="0,0,0" mass="1" elasticityCoef="1" ang="90,0,0" color="0,220,0" radius="0.5" length="4" />
		<capsule pos="8.049999999999997,-22.0,13.799999999999997" vel="0,0,0" mass="1" elasticityCoef="1" ang="90,0,0" color="0,220,0" radius="0.5" length="4" />
		<capsule pos="8.049999999999997,-22.0,16.1" vel="0,0,0" mass="1" elasticityCoef="1" ang="90,0,0" color="0,220,0" radius="0.5" length="4" />
		<capsule pos="8.049999999999997,-22.0,18.4" vel="0,0,0" mass="1" elasticityCoef="1" ang="90,0,0" color="0,220,0" radius="0.5" length="4" />
		<capsule pos="8.049999999999997,-22.0,20.699999999999996" vel="0,0,0" mass="1" elasticityCoef="1" ang="90,0,0" color="0,220,0" radius="0.5" length="4" />
		<capsule pos="8.049999999999997,-22.0,22.999999999999993" vel="0,0,0" mass="1" elasticityCoef="1" ang="90,0,0" color="0,220,0" radius="0.5" length="4" />
		<capsule pos="8.049999999999997,-22.0,25.300000000000004" vel="0,0,0" mass="1" elasticityCoef="1" ang="90,0,0" color="0,220,0" radius="0.5" length="4" />
		<capsule pos="8.049999999999997,-22.0,27.6" vel="0,0,0" mass="1" elasticityCoef="1" ang="90,0,0" color="0,220,0" radius="0.5" length="4" />
		<capsule pos="8.049999999999997,-22.0,29.9" vel="0,0,0" mass="1" elasticityCoef="1" ang="90,0,0" color="0,220,0" radius="0.5" length="4" />
		<capsule pos="8.049999999999997,-22.0,32.199999999999996" vel="0,0,0" mass="1" elasticityCoef="1" ang="90,0,0" color="0,220,0" radius="0.5" length="4" />
		<capsule pos="8.049999999999997,-22.0,34.49999999999999" vel="0,0,0" mass="1" elasticityCoef="1" ang="90,0,0" color="0,220,0" radius="0.5" length="4" />
		<capsule pos="8.049999999999997,-22.0,36.800000000000004" vel="0,0,0" mass="1" elasticityCoef="1" ang="90,0,0" color="0,220,0" radius="0.5" length="4" />
		<capsule pos="8.049999999999997,-22.0,39.1" vel="0,0,0" mass="1" elasticityCoef="1" ang="90,0,0" color="0,220,0" radius="0.5" length="4" />
		<capsule pos="8.049999999999997,-22.0,41.4" vel="0,0,0" mass="1" elasticityCoef="1" ang="90,0,0" color="0,220,0" radius="0.5" length="4" />
		<capsule pos="8.049999999999997,-16.5,-43.699999999999996" vel="0,0,0" mass="1" elasticityCoef="1" ang="90,0,0" color="0,220,0" radius="0.5" length="4" />
		<capsule pos="8.049999999999997,-16.5,-41.4" vel="0,0,0" mass="1" elasticityCoef="1" ang="90,0,0" color="0,220,0" radius="0.5" length="4" />
		<capsule pos="8.049999999999997,-16.5,-39.099999999999994" vel="0,0,0" mass="1" elasticityCoef="1" ang="90,0,0" color="0,220,0" radius="0.5" length="4" />
		<capsule pos="8.049999999999997,-16.5,-36.8" vel="0,0,0" mass="1" elasticityCoef="1" ang="90,0,0" color="0,220,0" radius="0.5" length="4" />
		<capsule pos="8.049999999999997,-16.5,-34.5" vel="0,0,0" mass="1" elasticityCoef="1" ang="90,0,0" color="0,220,0" radius="0.5" length="4" />
		<capsule pos="8.049999999999997,-16.5,-32.199999999999996" vel="0,0,0" mass="1" elasticityCoef="1" ang="90,0,0" color="0,220,0" radius="0.5" length="4" />
		<capsule pos="8.049999999999997,-16.5,-29.9" vel="0,0,0" mass="1" elasticityCoef="1" ang="90,0,0" color="0,220,0" radius="0.5" length="4" />
		<capsule pos="8.049999999999997,-16.5,-27.599999999999998" vel="0,0,0" mass="1" elasticityCoef="1" ang="90,0,0" color="0,220,0" radius="0.5" length="4" />
		<capsule pos="8.049999999999997,-16.5,-25.299999999999997" vel="0,0,0" mass="1" elasticityCoef="1" ang="90,0,0" color="0,220,0" radius="0.5" length="4" />
		<capsule pos="8.049999999999997,-16.5,-22.999999999999996" vel="0,0,0" mass="1" elasticityCoef="1" ang="90,0,0" color="0,220,0" radius="0.5" length="4" />
		<capsule pos="8.049999999999997,-16.5,-20.699999999999996" vel="0,0,0" mass="1" elasticityCoef="1" ang="90,0,0" color="0,220,0" radius="0.5" length="4" />
		<capsule pos="8.049999999999997,-16.5,-18.4" vel="0,0,0" mass="1" elasticityCoef="1" ang="90,0,0" color="0,220,0" radius="0.5" length="4" />
		<capsule pos="8.049999999999997,-16.5,-16.099999999999998" vel="0,0,0" mass="1" elasticityCoef="1" ang="90,0,0" color="0,220,0" radius="0.5" length="4" />
		<capsule pos="8.049999999999997,-16.5,-13.799999999999997" vel="0,0,0" mass="1" elasticityCoef="1" ang="90,0,0" color="0,220,0" radius="0.5" length="4" />
		<capsule pos="8.049999999999997,-16.5,-11.5" vel="0,0,0" mass="1" elasticityCoef="1" ang="90,0,0" color="0,220,0" radius="0.5" length="4" />
		<capsule pos="8.049999999999997,-16.5,-9.199999999999996" vel="0,0,0" mass="1" elasticityCoef="1" ang="90,0,0" color="0,220,0" radius="0.5" length="4" />
		<capsule pos="8.049999999999997,-16.5,-6.899999999999999" vel="0,0,0" mass="1" elasticityCoef="1" ang="90,0,0" color="0,220,0" radius="0.5" length="4" />
		<capsule pos="8.049999999999997,-16.5,-4.600000000000001" vel="0,0,0" mass="1" elasticityCoef="1" ang="90,0,0" color="0,220,0" radius="0.5" length="4" />
		<capsule pos="8.049999999999997,-16.5,-2.299999999999997" vel="0,0,0" mass="1" elasticityCoef="1" ang="90,0,0" color="0,220,0" radius="0.5" length="4" />
		<capsule pos="8.049999999999997,-16.5,0.0" vel="0,0,0" mass="1" elasticityCoef="1" ang="90,0,0" color="0,220,0" radius="0.5" length="4" />
		<capsule pos="8.049999999999997,-16.5,2.3000000000000043" vel="0,0,0" mass="1" elasticityCoef="1" ang="90,0,0" color="0,220,0" radius="0.5" length="4" />
		<capsule pos="8.049999999999997,-16.5,4.600000000000001" vel="0,0,0" mass="1" elasticityCoef="1" ang="90,0,0" color="0,220,0" radius="0.5" length="4" />
		<capsule pos="8.049999999999997,-16.5,6.899999999999999" vel="0,0,0" mass="1" elasticityCoef="1" ang="90,0,0" color="0,220,0" radius="0.5" length="4" />
		<capsule pos="8.049999999999997,-16.5,9.200000000000003" vel="0,0,0" mass="1" elasticityCoef="1" ang="90,0,0" color="0,220,0" radius="0.5" length="4" />
		<capsule pos="8.049999999999997,-16.5,11.5" vel="0,0,0" mass="1" elasticityCoef="1" ang="90,0,0" color="0,220,0" radius="0.5" length="4" />
		<capsule pos="8.049999999999997,-16.5,13.799999999999997" vel="0,0,0" mass="1" elasticityCoef="1" ang="90,0,0" color="0,220,0" radius="0.5" length="4" />
		<capsule pos="8.049999999999997,-16.5,16.1" vel="0,0,0" mass="1" elasticityCoef="1" ang="90,0,0" color="0,220,0" radius="0.5" length="4" />
		<capsule pos="8.049999999999997,-16.5,18.4" vel="0,0,0" mass="1" elasticityCoef="1" ang="90,0,0" color="0,220,0" radius="0.5" length="4" />
		<capsule pos="8.049999999999997,-16.5,20.699999999999996" vel="0,0,0" mass="1" elasticityCoef="1" ang="90,0,0" color="0,220,0" radius="0.5" length="4" />
		<capsule pos="8.049999999999997,-16.5,22.999999999999993" vel="0,0,0" mass="1" elasticityCoef="1" ang="90,0,0" color="0,220,0" radius="0.5" length="4" />
		<capsule pos="8.049999999999997,-16.5,25.300000000000004" vel="0,0,0" mass="1" elasticityCoef="1" ang="90,0,0" color="0,220,0" radius="0.5" length="4" />
		<capsule pos="8.049999999999997,-16.5,27.6" vel="0,0,0" mass="1" elasticityCoef="1" ang="90,0,0" color="0,220,0" radius="0.5" length="4" />
		<capsule pos="8.049999999999997,-16.5,29.9" vel="0,0,0" mass="1" elasticityCoef="1" ang="90,0,0" color="0,220,0" radius="0.5" length="4" />
		<capsule pos="8.049999999999997,-16.5,32.199999999999996" vel="0,0,0" mass="1" elasticityCoef="1" ang="90,0,0" color="0,220,0" radius="0.5" length="4" />
		<capsule pos="8.049999999999997,-16.5,34.49999999999999" vel="0,0,0" mass="1" elasticityCoef="1" ang="90,0,0" color="0,220,0" radius="0.5" length="4" />
		<capsule pos="8.049999999999997,-16.5,36.800000000000004" vel="0,0,0" mass="1" elasticityCoef="1" ang="90,0,0" color="0,220,0" radius="0.5" length="4" />
		<capsule pos="8.049999999999997,-16.5,39.1" vel="0,0,0" mass="1" elasticityCoef="1" ang="90,0,0" color="0,220,0" radius="0.5" length="4" />
		<capsule pos="8.049999999999997,-16.5,41.4" vel="0,0,0" mass="1" elasticityCoef="1" ang="90,0,0" color="0,220,0" radius="0.5" length="4" />
		<capsule pos="8.049999999999997,-11.0,-43.699999999999996" vel="0,0,0" mass="1" elasticityCoef="1" ang="90,0,0" color="0,220,0" radius="0.5" length="4" />
		<capsule pos="8.049999999999997,-11.0,-41.4" vel="0,0,0" mass="1" elasticityCoef="1" ang="90,0,0" color="0,220,0" radius="0.5" length="4" />
		<capsule pos="8.049999999999997,-11.0,-39.099999999999994" vel="0,0,0" mass="1" elasticityCoef="1" ang="90,0,0" color="0,220,0" radius="0.5" length="4" />
		<capsule pos="8.049999999999997,-11.0,-36.8" vel="0,0,0" mass="1" elasticityCoef="1" ang="90,0,0" color="0,220,0" radius="0.5" length="4" />
		<capsule pos="8.049999999999997,-11.0,-34.5" vel="0,0,0" mass="1" elasticityCoef="1" ang="90,0,0" color="0,220,0" radius="0.5" length="4" />
		<capsule pos="8.049999999999997,-11.0,-32.199999999999996" vel="0,0,0" mass="1" elasticityCoef="1" ang="90,0,0" color="0,220,0" radius="0.5" length="4" />
		<capsule pos="8.049999999999997,-11.0,-29.9" vel="0,0,0" mass="1" elasticityCoef="1" ang="90,0,0" color="0,220,0" radius="0.5" length="4" />
		<capsule pos="8.049999999999997,-11.0,-27.599999999999998" vel="0,0,0" mass="1" elasticityCoef="1" ang="90,0,0" color="0,220,0" radius="0.5" length="4" />
		<capsule pos="8.049999999999997,-11.0,-25.299999999999997" vel="0,0,0" mass="1" elasticityCoef="1" ang="90,0,0" color="0,220,0" radius="0.5" length="4" />
		<capsule pos="8.049999999999997,-11.0,-22.999999999999996" vel="0,0,0" mass="1" elasticityCoef="1" ang="90,0,0" color="0,220,0" radius="0.5" length="4" />
		<capsule pos="8.049999999999997,-11.0,-20.699999999999996" vel="0,0,0" mass="1" elasticityCoef="1" ang="90,0,0" color="0,220,0" radius="0.5" length="4" />
		<capsule pos="8.049999999999997,-11.0,-18.4" vel="0,0,0" mass="1" elasticityCoef="1" ang="90,0,0" color="0,220,0" radius="0.5" length="4" />
		<capsule pos="8.049999999999997,-11.0,-16.099999999999998" vel="0,0,0" mass="1" elasticityCoef="1" ang="90,0,0" color="0,220,0" radius="0.5" length="4" />
		<capsule pos="8.049999999999997,-11.0,-13.799999999999997" vel="0,0,0" mass="1" elasticityCoef="1" ang="90,0,0" color="0,220,0" radius="0.5" length="4" />
		<capsule pos="8.049999999999997,-11.0,-11.5" vel="0,0,0" mass="1" elasticityCoef="1" ang="90,0,0" color="0,220,0" radius="0.5" length="4" />
		<capsule pos="8.049999999999997,-11.0,-9.199999999999996" vel="0,0,0" mass="1" elasticityCoef="1" ang="90,0,0" color="0,220,0" radius="0.5" length="4" />
		<capsule pos="8.049999999999997,-11.0,-6.899999999999999" vel="0,0,0" mass="1" elasticityCoef="1" ang="90,0,0" color="0,220,0" radius="0.5" length="4" />
		<capsule pos="8.049999999999997,-11.0,-4.600000000000001" vel="0,0,0" mass="1" elasticityCoef="1" ang="90,0,0" color="0,220,0" radius="0.5" length="4" />
		<capsule pos="8.049999999999997,-11.0,-2.299999999999997" vel="0,0,0" mass="1" elasticityCoef="1" ang="90,0,0" color="0,220,0" radius="0.5" length="4" />
		<capsule pos="8.049999999999997,-11.0,0.0" vel="0,0,0" mass="1" elasticityCoef="1" ang="90,0,0" color="0,220,0" radius="0.5" length="4" />
		<capsule pos="8.049999999999997,-11.0,2.3000000000000043" vel="0,0,0" mass="1" elasticityCoef="1" ang="90,0,0" color="0,220,0" radius="0.5" length="4" />
		<capsule pos="8.049999999999997,-11.0,4.600000000000001" vel="0,0,0" mass="1" elasticityCoef="1" ang="90,0,0" color="0,220,0" radius="0.5" length="4" />
		<capsule pos="8.049999999999997,-11.0,6.899999999999999" vel="0,0,0" mass="1" elasticityCoef="1" ang="90,0,0" color="0,220,0" radius="0.5" length="4" />
		<capsule pos="8.049999999999997,-11.0,9.200000000000003" vel="0,0,0" mass="1" elasticityCoef="1" ang="90,0,0" color="0,220,0" radius="0.5" length="4" />
		<capsule pos="8.049999999999997,-11.0,11.5" vel="0,0,0" mass="1" elasticityCoef="1" ang="90,0,0" color="0,220,0" radius="0.5" length="4" />
		<capsule pos="8.049999999999997,-11.0,13.799999999999997" vel="0,0,0" mass="1" elasticityCoef="1" ang="90,0,0" color="0,220,0" radius="0.5" length="4" />
		<capsule pos="8.049999999999997,-11.0,16.1" vel="0,0,0" mass="1" elasticityCoef="1" ang="90,0,0" color="0,220,0" radius="0.5" length="4" />
		<capsule pos="8.049999999999997,-11.0,18.4" vel="0,0,0" mass="1" elasticityCoef="1" ang="90,0,0" color="0,220,0" radius="0.5" length="4" />
		<capsule pos="8.049999999999997,-11.0,20.699999999999996" vel="0,0,0" mass="1" elasticityCoef="1" ang="90,0,0" color="0,220,0" radius="0.5" length="4" />
		<capsule pos="8.049999999999997,-11.0,22.999999999999993" vel="0,0,0" mass="1" elasticityCoef="1" ang="90,0,0" color="0,220,0" radius="0.5" length="4" />
		<capsule pos="8.049999999999997,-11.0,25.300000000000004" vel="0,0,0" mass="1" elasticityCoef="1" ang="90,0,0" color="0,220,0" radius="0.5" length="4" />
		<capsule pos="8.049999999999997,-11.0,27.6" vel="0,0,0" mass="1" elasticityCoef="1" ang="90,0,0" color="0,220,0" radius="0.5" length="4" />
		<capsule pos="8.049999999999997,-11.0,29.9" vel="0,0,0" mass="1" elasticityCoef="1" ang="90,0,0" color="0,220,0" radius="0.5" length="4" />
		<capsule pos="8.049999999999997,-11.0,32.199999999999996" vel="0,0,0" mass="1" elasticityCoef="1" ang="90,0,0" color="0,220,0" radius="0.5" length="4" />
		<capsule pos="8.049999999999997,-11.0,34.49999999999999" vel="0,0,0" mass="1" elasticityCoef="1" ang="90,0,0" color="0,220,0" radius="0.5" length="4" />
		<capsule pos="8.049999999999997,-11.0,36.800000000000004" vel="0,0,0" mass="1" elasticityCoef="1" ang="90,0,0" color="0,220,0" radius="0.5" length="4" />
		<capsule pos="8.049999999999997,-11.0,39.1" vel="0,0,0" mass="1" elasticityCoef="1" ang="90,0,0" color="0,220,0" radius="0.5" length="4" />
		<capsule pos="8.049999999999997,-11.0,41.4" vel="0,0,0" mass="1" elasticityCoef="1" ang="90,0,0" color="0,220,0" radius="0.5" length="4" />
		<capsule pos="8.049999999999997,-5.5,-43.699999999999996" vel="0,0,0" mass="1" elasticityCoef="1" ang="90,0,0" color="0,220,0" radius="0.5" length="4" />
		<capsule pos="8.049999999999997,-5.5,-41.4" vel="0,0,0" mass="1" elasticityCoef="1" ang="90,0,0" color="0,220,0" radius="0.5" length="4" />
		<capsule pos="8.049999999999997,-5.5,-39.099999999999994" vel="0,0,0" mass="1" elasticityCoef="1" ang="90,0,0" color="0,220,0" radius="0.5" length="4" />
		<capsule pos="8.049999999999997,-5.5,-36.8" vel="0,0,0" mass="1" elasticityCoef="1" ang="90,0,0" color="0,220,0" radius="0.5" length="4" />
		<capsule pos="8.049999999999997,-5.5,-34.5" vel="0,0,0" mass="1" elasticityCoef="1" ang="90,0,0" color="0,220,0" radius="0.5" length="4" />
		<capsule pos="8.049999999999997,-5.5,-32.199999999999996" vel="0,0,0" mass="1" elasticityCoef="1" ang="90,0,0" color="0,220,0" radius="0.5" length="4" />
		<capsule pos="8.049999999999997,-5.5,-29.9" vel="0,0,0" mass="1" elasticityCoef="1" ang="90,0,0" color="0,220,0" radius="0.5" length="4" />
		<capsule pos="8.049999999999997,-5.5,-27.599999999999998" vel="0,0,0" mass="1" elasticityCoef="1" ang="90,0,0" color="0,220,0" radius="0.5" length="4" />
		<capsule pos="8.049999999999997,-5.5,-25.299999999999997" vel="0,0,0" mass="1" elasticityCoef="1" ang="90,0,0" color="0,220,0" radius="0.5" length="4" />
		<capsule pos="8.049999999999997,-5.5,-22.999999999999996" vel="0,0,0" mass="1" elasticityCoef="1" ang="90,0,0" color="0,220,0" radius="0.5" length="4" />
		<capsule pos="8.049999999999997,-5.5,-20.699999999999996" vel="0,0,0" mass="1" elasticityCoef="1" ang="90,0,0" color="0,220,0" radius="0.5" length="4" />
		<capsule pos="8.049999999999997,-5.5,-18.4" vel="0,0,0" mass="1" elasticityCoef="1" ang="90,0,0" color="0,220,0" radius="0.5" length="4" />
		<capsule pos="8.049999999999997,-5.5,-16.099999999999998" vel="0,0,0" mass="1" elasticityCoef="1" ang="90,0,0" color="0,220,0" radius="0.5" length="4" />
		<capsule pos="8.049999999999997,-5.5,-13.799999999999997" vel="0,0,0" mass="1" elasticityCoef="1" ang="90,0,0" color="0,220,0" radius="0.5" length="4" />
		<capsule pos="8.049999999999997,-5.5,-11.5" vel="0,0,0" mass="1" elasticityCoef="1" ang="90,0,0" color="0,220,0" radius="0.5" length="4" />
		<capsule pos="8.049999999999997,-5.5,-9.199999999999996" vel="0,0,0" mass="1" elasticityCoef="1" ang="90,0,0" color="0,220,0" radius="0.5" length="4" />
		<capsule pos="8.049999999999997,-5.5,-6.899999999999999" vel="0,0,0" mass="1" elasticityCoef="1" ang="90,0,0" color="0,220,0" radius="0.5" length="4" />
		<capsule pos="8.049999999999997,-5.5,-4.600000000000001" vel="0,0,0" mass="1" elasticityCoef="1" ang="90,0,0" color="0,220,0" radius="0.5" length="4" />
		<capsule pos="8.049999999999997,-5.5,-2.299999999999997" vel="0,0,0" mass="1" elasticityCoef="1" ang="90,0,0" color="0,220,0" radius="0.5" length="4" />
		<capsule pos="8.049999999999997,-5.5,0.0" vel="0,0,0" mass="1" elasticityCoef="1" ang="90,0,0" color="0,220,0" radius="0.5" length="4" />
		<capsule pos="8.049999999999997,-5.5,2.3000000000000043" vel="0,0,0" mass="1" elasticityCoef="1" ang="90,0,0" color="0,220,0" radius="0.5" length="4" />
		<capsule pos="8.049999999999997,-5.5,4.600000000000001" vel="0,0,0" mass="1" elasticityCoef="1" ang="90,0,0" color="0,220,0" radius="0.5" length="4" />
		<capsule pos="8.049999999999997,-5.5,6.899999999999999" vel="0,0,0" mass="1" elasticityCoef="1" ang="90,0,0" color="0,220,0" radius="0.5" length="4" />
		<capsule pos="8.049999999999997,-5.5,9.200000000000003" vel="0,0,0" mass="1" elasticityCoef="1" ang="90,0,0" color="0,220,0" radius="0.5" length="4" />
		<capsule pos="8.049999999999997,-5.5,11.5" vel="0,0,0" mass="1" elasticityCoef="1" ang="90,0,0" color="0,220,0" radius="0.5" length="4" />
		<capsule pos="8.049999999999997,-5.5,13.799999999999997" vel="0,0,0" mass="1" elasticityCoef="1" ang="90,0,0" color="0,220,0" radius="0.5" length="4" />
		<capsule pos="8.049999999999997,-5.5,16.1" vel="0,0,0" mass="1" elasticityCoef="1" ang="90,0,0" color="0,220,0" radius="0.5" length="4" />
		<capsule pos="8.049999999999997,-5.5,18.4" vel="0,0,0" mass="1" elasticityCoef="1" ang="90,0,0" color="0,220,0" radius="0.5" length="4" />
		<capsule pos="8.049999999999997,-5.5,20.699999999999996" vel="0,0,0" mass="1" elasticityCoef="1" ang="90,0,0" color="0,220,0" radius="0.5" length="4" />
		<capsule pos="8.049999999999997,-5.5,22.999999999999993" vel="0,0,0" mass="1" elasticityCoef="1" ang="90,0,0" color="0,220,0" radius="0.5" length="4" />
		<capsule pos="8.049999999999997,-5.5,25.300000000000004" vel="0,0,0" mass="1" elasticityCoef="1" ang="90,0,0" color="0,220,0" radius="0.5" length="4" />
		<capsule pos="8.049999999999997,-5.5,27.6" vel="0,0,0" mass="1" elasticityCoef="1" ang="90,0,0" color="0,220,0" radius="0.5" length="4" />
		<capsule pos="8.049999999999997,-5.5,29.9" vel="0,0,0" mass="1" elasticityCoef="1" ang="90,0,0" color="0,220,0" radius="0.5" length="4" />
		<capsule pos="8.049999999999997,-5.5,32.199999999999996" vel="0,0,0" mass="1" elasticityCoef="1" ang="90,0,0" color="0,220,0" radius="0.5" length="4" />
		<capsule pos="8.049999999999997,-5.5,34.49999999999999" vel="0,0,0" mass="1" elasticityCoef="1" ang="90,0,0" color="0,220,0" radius="0.5" length="4" />
		<capsule pos="8.049999999999997,-5.5,36.800000000000004" vel="0,0,0" mass="1" elasticityCoef="1" ang="90,0,0" color="0,220,0" radius="0.5" length="4" />
		<capsule pos="8.049999999999997,-5.5,39.1" vel="0,0,0" mass="1" elasticityCoef="1" ang="90,0,0" color="0,220,0" radius="0.5" length="4" />
		<capsule pos="8.049999999999997,-5.5,41.4" vel="0,0,0" mass="1" elasticityCoef="1" ang="90,0,0" color="0,220,0" radius="0.5" length="4" />
		<capsule pos="8.049999999999997,0.0,-43.699999999999996" vel="0,0,0" mass="1" elasticityCoef="1" ang="90,0,0" color="0,220,0" radius="0.5" length="4" />
		<capsule pos="8.049999999999997,0.0,-41.4" vel="0,0,0" mass="1" elasticityCoef="1" ang="90,0,0" color="0,220,0" radius="0.5" length="4" />
		<capsule pos="8.049999999999997,0.0,-39.099999999999994" vel="0,0,0" mass="1" elasticityCoef="1" ang="90,0,0" color="0,220,0" radius="0.5" length="4" />
		<capsule pos="8.049999999999997,0.0,-36.8" vel="0,0,0" mass="1" elasticityCoef="1" ang="90,0,0" color="0,220,0" radius="0.5" length="4" />
		<capsule pos="8.049999999999997,0.0,-34.5" vel="0,0,0" mass="1" elasticityCoef="1" ang="90,0,0" color="0,220,0" radius="0.5" length="4" />
		<capsule pos="8.049999999999997,0.0,-32.199999999999996" vel="0,0,0" mass="1" elasticityCoef="1" ang="90,0,0" color="0,220,0" radius="0.5" length="4" />
		<capsule pos="8.049999999999997,0.0,-29.9" vel="0,0,0" mass="1" elasticityCoef="1" ang="90,0,0" color="0,220,0" radius="0.5" length="4" />
		<capsule pos="8.049999999999997,0.0,-27.599999999999998" vel="0,0,0" mass="1" elasticityCoef="1" ang="90,0,0" color="0,220,0" radius="0.5" length="4" />
		<capsule pos="8.049999999999997,0.0,-25.299999999999997" vel="0,0,0" mass="1" elasticityCoef="1" ang="90,0,0" color="0,220,0" radius="0.5" length="4" />
		<capsule pos="8.049999999999997,0.0,-22.999999999999996" vel="0,0,0" mass="1" elasticityCoef="1" ang="90,0,0" color="0,220,0" radius="0.5" length="4" />
		<capsule pos="8.049999999999997,0.0,-20.699999999999996" vel="0,0,0" mass="1" elasticityCoef="1" ang="90,0,0" color="0,220,0" radius="0.5" length="4" />
		<capsule pos="8.049999999999997,0.0,-18.4" vel="0,0,0" mass="1" elasticityCoef="1" ang="90,0,0" color="0,220,0" radius="0.5" length="4" />
		<capsule pos="8.049999999999997,0.0,-16.099999999999998" vel="0,0,0" mass="1" elasticityCoef="1" ang="90,0,0" color="0,220,0" radius="0.5" length="4" />
		<capsule pos="8.049999999999997,0.0,-13.799999999999997" vel="0,0,0" mass="1" elasticityCoef="1" ang="90,0,0" color="0,220,0" radius="0.5" length="4" />
		<capsule pos="8.049999999999997,0.0,-11.5" vel="0,0,0" mass="1" elasticityCoef="1" ang="90,0,0" color="0,220,0" radius="0.5" length="4" />
		<capsule pos="8.049999999999997,0.0,-9.199999999999996" vel="0,0,0" mass="1" elasticityCoef="1" ang="90,0,0" color="0,220,0" radius="0.5" length="4" />
		<capsule pos="8.049999999999997,0.0,-6.899999999999999" vel="0,0,0" mass="1" elasticityCoef="1" ang="90,0,0" color="0,220,0" radius="0.5" length="4" />
		<capsule pos="8.049999999999997,0.0,-4.600000000000001" vel="0,0,0" mass="1" elasticityCoef="1" ang="90,0,0" color="0,220,0" radius="0.5" length="4" />
		<capsule pos="8.049999999999997,0.0,-2.299999999999997" vel="0,0,0" mass="1" elasticityCoef="1" ang="90,0,0" color="0,220,0" radius="0.5" length="4" />
		<capsule pos="8.049999999999997,0.0,0.0" vel="0,0,0" mass="1" elasticityCoef="1" ang="90,0,0" color="0,220,0" radius="0.5" length="4" />
		<capsule pos="8.049999999999997,0.0,2.3000000000000043" vel="0,0,0" mass="1" elasticityCoef="1" ang="90,0,0" color="0,220,0" radius="0.5" length="4" />
		<capsule pos="8.049999999999997,0.0,4.600000000000001" vel="0,0,0" mass="1" elasticityCoef="1" ang="90,0,0" color="0,220,0" radius="0.5" length="4" />
		<capsule pos="8.049999999999997,0.0,6.899999999999999" vel="0,0,0" mass="1" elasticityCoef="1" ang="90,0,0" color="0,220,0" radius="0.5" length="4" />
		<capsule pos="8.049999999999997,0.0,9.200000000000003" vel="0,0,0" mass="1" elasticityCoef="1" ang="90,0,0" color="0,220,0" radius="0.5" length="4" />
		<capsule pos="8.049999999999997,0.0,11.5" vel="0,0,0" mass="1" elasticityCoef="1" ang="90,0,0" color="0,220,0" radius="0.5" length="4" />
		<capsule pos="8.049999999999997,0.0,13.799999999999997" vel="0,0,0" mass="1" elasticityCoef="1" ang="90,0,0" color="0,220,0" radius="0.5" length="4" />
		<capsule pos="8.049999999999997,0.0,16.1" vel="0,0,0" mass="1" elasticityCoef="1" ang="90,0,0" color="0,220,0" radius="0.5" length="4" />
		<capsule pos="8.049999999999997,0.0,18.4" vel="0,0,0" mass="1" elasticityCoef="1" ang="90,0,0" color="0,220,0" radius="0.5" length="4" />
		<capsule pos="8.049999999999997,0.0,20.699999999999996" vel="0,0,0" mass="1" elasticityCoef="1" ang="90,0,0" color="0,220,0" radius="0.5" length="4" />
		<capsule pos="8.049999999999997,0.0,22.999999999999993" vel="0,0,0" mass="1" elasticityCoef="1" ang="90,0,0" color="0,220,0" radius="0.5" length="4" />
		<capsule pos="8.049999999999997,0.0,25.300000000000004" vel="0,0,0" mass="1" elasticityCoef="1" ang="90,0,0" color="0,220,0" radius="0.5" length="4" />
		<capsule pos="8.049999999999997,0.0,27.6" vel="0,0,0" mass="1" elasticityCoef="1" ang="90,0,0" color="0,220,0" radius="0.5" length="4" />
		<capsule pos="8.049999999999997,0.0,29.9" vel="0,0,0" mass="1" elasticityCoef="1" ang="90,0,0" color="0,220,0" radius="0.5" length="4" />
		<capsule pos="8.049999999999997,0.0,32.199999999999996" vel="0,0,0" mass="1" elasticityCoef="1" ang="90,0,0" color="0,220,0" radius="0.5" length="4" />
		<capsule pos="8.049999999999997,0.0,34.49999999999999" vel="0,0,0" mass="1" elasticityCoef="1" ang="90,0,0" color="0,220,0" radius="0.5" length="4" />
		<capsule pos="8.049999999999997,0.0,36.800000000000004" vel="0,0,0" mass="1" elasticityCoef="1" ang="90,0,0" color="0,220,0" radius="0.5" length="4" />
		<capsule pos="8.049999999999997,0.0,39.1" vel="0,0,0" mass="1" elasticityCoef="1" ang="90,0,0" color="0,220,0" radius="0.5" length="4" />
		<capsule pos="8.049999999999997,0.0,41.4" vel="0,0,0" mass="1" elasticityCoef="1" ang="90,0,0" color="0,220,0" radius="0.5" length="4" />
		<capsule pos="8.049999999999997,5.5,-43.699999999999996" vel="0,0,0" mass="1" elasticityCoef="1" ang="90,0,0" color="0,220,0" radius="0.5" length="4" />
		<capsule pos="8.049999999999997,5.5,-41.4" vel="0,0,0" mass="1" elasticityCoef="1" ang="90,0,0" color="0,220,0" radius="0.5" length="4" />
		<capsule pos="8.049999999999997,5.5,-39.099999999999994" vel="0,0,0" mass="1" elasticityCoef="1" ang="90,0,0" color="0,220,0" radius="0.5" length="4" />
		<capsule pos="8.049999999999997,5.5,-36.8" vel="0,0,0" mass="1" elasticityCoef="1" ang="90,0,0" color="0,220,0" radius="0.5" length="4" />
		<capsule pos="8.049999999999997,5.5,-34.5" vel="0,0,0" mass="1" elasticityCoef="1" ang="90,0,0" color="0,220,0" radius="0.5" length="4" />
		<capsule pos="8.049999999999997,5.5,-32.199999999999996" vel="0,0,0" mass="1" elasticityCoef="1" ang="90,0,0" color="0,220,0" radius="0.5" length="4" />
		<capsule pos="8.049999999999997,5.5,-29.9" vel="0,0,0" mass="1" elasticityCoef="1" ang="90,0,0" color="0,220,0" radius="0.5" length="4" />
		<capsule pos="8.049999999999997,5.5,-27.599999999999998" vel="0,0,0" mass="1" elasticityCoef="1" ang="90,0,0" color="0,220,0" radius="0.5" length="4" />
		<capsule pos="8.049999999999997,5.5,-25.299999999999997" vel="0,0,0" mass="1" elasticityCoef="1" ang="90,0,0" color="0,220,0" radius="0.5" length="4" />
		<capsule pos="8.049999999999997,5.5,-22.999999999999996" vel="0,0,0" mass="1" elasticityCoef="1" ang="90,0,0" color="0,220,0" radius="0.5" length="4" />
		<capsule pos="8.049999999999997,5.5,-20.699999999999996" vel="0,0,0" mass="1" elasticityCoef="1" ang="90,0,0" color="0,220,0" radius="0.5" length="4" />
		<capsule pos="8.049999999999997,5.5,-18.4" vel="0,0,0" mass="1" elasticityCoef="1" ang="90,0,0" color="0,220,0" radius="0.5" length="4" />
		<capsule pos="8.049999999999997,5.5,-16.099999999999998" vel="0,0,0" mass="1" elasticityCoef="1" ang="90,0,0" color="0,220,0" radius="0.5" length="4" />
		<capsule pos="8.049999999999997,5.5,-13.799999999999997" vel="0,0,0" mass="1" elasticityCoef="1" ang="90,0,0" color="0,220,0" radius="0.5" length="4" />
		<capsule pos="8.049999999999997,5.5,-11.5" vel="0,0,0" mass="1" elasticityCoef="1" ang="90,0,0" color="0,220,0" radius="0.5" length="4" />
		<capsule pos="8.049999999999997,5.5,-9.199999999999996" vel="0,0,0" mass="1" elasticityCoef="1" ang="90,0,0" color="0,220,0" radius="0.5" length="4" />
		<capsule pos="8.049999999999997,5.5,-6.899999999999999" vel="0,0,0" mass="1" elasticityCoef="1" ang="90,0,0" color="0,220,0" radius="0.5" length="4" />
		<capsule pos="8.049999999999997,5.5,-4.600000000000001" vel="0,0,0" mass="1" elasticityCoef="1" ang="90,0,0" color="0,220,0" radius="0.5" length="4" />
		<capsule pos="8.049999999999997,5.5,-2.299999999999997" vel="0,0,0" mass="1" elasticityCoef="1" ang="90,0,0" color="0,220,0" radius="0.5" length="4" />
		<capsule pos="8.049999999999997,5.5,0.0" vel="0,0,0" mass="1" elasticityCoef="1" ang="90,0,0" color="0,220,0" radius="0.5" length="4" />
		<capsule pos="8.049999999999997,5.5,2.3000000000000043" vel="0,0,0" mass="1" elasticityCoef="1" ang="90,0,0" color="0,220,0" radius="0.5" length="4" />
		<capsule pos="8.049999999999997,5.5,4.600000000000001" vel="0,0,0" mass="1" elasticityCoef="1" ang="90,0,0" color="0,220,0" radius="0.5" length="4" />
		<capsule pos="8.049999999999997,5.5,6.899999999999999" vel="0,0,0" mass="1" elasticityCoef="1" ang="90,0,0" color="0,220,0" radius="0.5" length="4" />
		<capsule pos="8.049999999999997,5.5,9.200000000000003" vel="0,0,0" mass="1" elasticityCoef="1" ang="90,0,0" color="0,220,0" radius="0.5" length="4" />
		<capsule pos="8.049999999999997,5.5,11.5" vel="0,0,0" mass="1" elasticityCoef="1" ang="90,0,0" color="0,220,0" radius="0.5" length="4" />
		<capsule pos="8.049999999999997,5.5,13.799999999999997" vel="0,0,0" mass="1" elasticityCoef="1" ang="90,0,0" color="0,220,0" radius="0.5" length="4" />
		<capsule pos="8.049999999999997,5.5,16.1" vel="0,0,0" mass="1" elasticityCoef="1" ang="90,0,0" color="0,220,0" radius="0.5" length="4" />
		<capsule pos="8.049999999999997,5.5,18.4" vel="0,0,0" mass="1" elasticityCoef="1" ang="90,0,0" color="0,220,0" radius="0.5" length="4" />
		<capsule pos="8.049999999999997,5.5,20.699999999999996" vel="0,0,0" mass="1" elasticityCoef="1" ang="90,0,0" color="0,220,0" radius="0.5" length="4" />
		<capsule pos="8.049999999999997,5.5,22.999999999999993" vel="0,0,0" mass="1" elasticityCoef="1" ang="90,0,0" color="0,220,0" radius="0.5" length="4" />
		<capsule pos="8.049999999999997,5.5,25.300000000000004" vel="0,0,0" mass="1" elasticityCoef="1" ang="90,0,0" color="0,220,0" radius="0.5" length="4" />
		<capsule pos="8.049999999999997,5.5,27.6" vel="0,0,0" mass="1" elasticityCoef="1" ang="90,0,0" color="0,220,0" radius="0.5" length="4" />
		<capsule pos="8.049999999999997,5.5,29.9" vel="0,0,0" mass="1" elasticityCoef="1" ang="90,0,0" color="0,220,0" radius="0.5" length="4" />
		<capsule pos="8.049999999999997,5.5,32.199999999999996" vel="0,0,0" mass="1" elasticityCoef="1" ang="90,0,0" color="0,220,0" radius="0.5" length="4" />
		<capsule pos="8.049999999999997,5.5,34.49999999999999" vel="0,0,0" mass="1" elasticityCoef="1" ang="90,0,0" color="0,220,0" radius="0.5" length="4" />
		<capsule pos="8.049999999999997,5.5,36.800000000000004" vel="0,0,0" mass="1" elasticityCoef="1" ang="90,0,0" color="0,220,0" radius="0.5" length="4" />
		<capsule pos="8.049999999999997,5.5,39.1" vel="0,0,0" mass="1" elasticityCoef="1" ang="90,0,0" color="0,220,0" radius="0.5" length="4" />
		<capsule pos="8.049999999999997,5.5,41.4" vel="0,0,0" mass="1" elasticityCoef="1" ang="90,0,0" color="0,220,0" radius="0.5" length="4" />
		<capsule pos="8.049999999999997,11.0,-43.699999999999996" vel="0,0,0" mass="1" elasticityCoef="1" ang="90,0,0" color="0,220,0" radius="0.5" length="4" />
		<capsule pos="8.049999999999997,11.0,-41.4" vel="0,0,0" mass="1" elasticityCoef="1" ang="90,0,0" color="0,220,0" radius="0.5" length="4" />
		<capsule pos="8.049999999999997,11.0,-39.099999999999994" vel="0,0,0" mass="1" elasticityCoef="1" ang="90,0,0" color="0,220,0" radius="0.5" length="4" />
		<capsule pos="8.049999999999997,11.0,-36.8" vel="0,0,0" mass="1" elasticityCoef="1" ang="90,0,0" color="0,220,0" radius="0.5" length="4" />
		<capsule pos="8.049999999999997,11.0,-34.5" vel="0,0,0" mass="1" elasticityCoef="1" ang="90,0,0" color="0,220,0" radius="0.5" length="4" />
		<capsule pos="8.049999999999997,11.0,-32.199999999999996" vel="0,0,0" mass="1" elasticityCoef="1" ang="90,0,0" color="0,220,0" radius="0.5" length="4" />
		<capsule pos="8.049999999999997,11.0,-29.9" vel="0,0,0" mass="1" elasticityCoef="1" ang="90,0,0" color="0,220,0" radius="0.5" length="4" />
		<capsule pos="8.049999999999997,11.0,-27.599999999999998" vel="0,0,0" mass="1" elasticityCoef="1" ang="90,0,0" color="0,220,0" radius="0.5" length="4" />
		<capsule pos="8.049999999999997,11.0,-25.299999999999997" vel="0,0,0" mass="1" elasticityCoef="1" ang="90,0,0" color="0,220,0" radius="0.5" length="4" />
		<capsule pos="8.049999999999997,11.0,-22.999999999999996" vel="0,0,0" mass="1" elasticityCoef="1" ang="90,0,0" color="0,220,0" radius="0.5" length="4" />
		<capsule pos="8.049999999999997,11.0,-20.699999999999996" vel="0,0,0" mass="1" elasticityCoef="1" ang="90,0,0" color="0,220,0" radius="0.5" length="4" />
		<capsule pos="8.049999999999997,11.0,-18.4" vel="0,0,0" mass="1" elasticityCoef="1" ang="90,0,0" color="0,220,0" radius="0.5" length="4" />
		<capsule pos="8.049999999999997,11.0,-16.099999999999998" vel="0,0,0" mass="1" elasticityCoef="1" ang="90,0,0" color="0,220,0" radius="0.5" length="4" />
		<capsule pos="8.049999999999997,11.0,-13.799999999999997" vel="0,0,0" mass="1" elasticityCoef="1" ang="90,0,0" color="0,220,0" radius="0.5" length="4" />
		<capsule pos="8.049999999999997,11.0,-11.5" vel="0,0,0" mass="1" elasticityCoef="1" ang="90,0,0" color="0,220,0" radius="0.5" length="4" />
		<capsule pos="8.049999999999997,11.0,-9.199999999999996" vel="0,0,0" mass="1" elasticityCoef="1" ang="90,0,0" color="0,220,0" radius="0.5" length="4" />
		<capsule pos="8.049999999999997,11.0,-6.899999999999999" vel="0,0,0" mass="1" elasticityCoef="1" ang="90,0,0" color="0,220,0" radius="0.5" length="4" />
		<capsule pos="8.049999999999997,11.0,-4.600000000000001" vel="0,0,0" mass="1" elasticityCoef="1" ang="90,0,0" color="0,220,0" radius="0.5" length="4" />
		<capsule pos="8.049999999999997,11.0,-2.299999999999997" vel="0,0,0" mass="1" elasticityCoef="1" ang="90,0,0" color="0,220,0" radius="0.5" length="4" />
		<capsule pos="8.049999999999997,11.0,0.0" vel="0,0,0" mass="1" elasticityCoef="1" ang="90,0,0" color="0,220,0" radius="0.5" length="4" />
		<capsule pos="8.049999999999997,11.0,2.3000000000000043" vel="0,0,0" mass="1" elasticityCoef="1" ang="90,0,0" color="0,220,0" radius="0.5" length="4" />
		<capsule pos="8.049999999999997,11.0,4.600000000000001" vel="0,0,0" mass="1" elasticityCoef="1" ang="90,0,0" color="0,220,0" radius="0.5" length="4" />
		<capsule pos="8.049999999999997,11.0,6.899999999999999" vel="0,0,0" mass="1" elasticityCoef="1" ang="90,0,0" color="0,220,0" radius="0.5" length="4" />
		<capsule pos="8.049999999999997,11.0,9.200000000000003" vel="0,0,0" mass="1" elasticityCoef="1" ang="90,0,0" color="0,220,0" radius="0.5" length="4" />
		<capsule pos="8.049999999999997,11.0,11.5" vel="0,0,0" mass="1" elasticityCoef="1" ang="90,0,0" color="0,220,0" radius="0.5" length="4" />
		<capsule pos="8.049999999999997,11.0,13.799999999999997" vel="0,0,0" mass="1" elasticityCoef="1" ang="90,0,0" color="0,220,0" radius="0.5" length="4" />
		<capsule pos="8.049999999999997,11.0,16.1" vel="0,0,0" mass="1" elasticityCoef="1" ang="90,0,0" color="0,220,0" radius="0.5" length="4" />
		<capsule pos="8.049999999999997,11.0,18.4" vel="0,0,0" mass="1" elasticityCoef="1" ang="90,0,0" color="0,220,0" radius="0.5" length="4" />
		<capsule pos="8.049999999999997,11.0,20.699999999999996" vel="0,0,0" mass="1" elasticityCoef="1" ang="90,0,0" color="0,220,0" radius="0.5" length="4" />
		<capsule pos="8.049999999999997,11.0,22.999999999999993" vel="0,0,0" mass="1" elasticityCoef="1" ang="90,0,0" color="0,220,0" radius="0.5" length="4" />
		<capsule pos="8.049999999999997,11.0,25.300000000000004" vel="0,0,0" mass="1" elasticityCoef="1" ang="90,0,0" color="0,220,0" radius="0.5" length="4" />
		<capsule pos="8.049999999999997,11.0,27.6" vel="0,0,0" mass="1" elasticityCoef="1" ang="90,0,0" color="0,220,0" radius="0.5" length="4" />
		<capsule pos="8.049999999999997,11.0,29.9" vel="0,0,0" mass="1" elasticityCoef="1" ang="90,0,0" color="0,220,0" radius="0.5" length="4" />
		<capsule pos="8.049999999999997,11.0,32.199999999999996" vel="0,0,0" mass="1" elasticityCoef="1" ang="90,0,0" color="0,220,0" radius="0.5" length="4" />
		<capsule pos="8.049999999999997,11.0,34.49999999999999" vel="0,0,0" mass="1" elasticityCoef="1" ang="90,0,0" color="0,220,0" radius="0.5" length="4" />
		<capsule pos="8.049999999999997,11.0,36.800000000000004" vel="0,0,0" mass="1" elasticityCoef="1" ang="90,0,0" color="0,220,0" radius="0.5" length="4" />
		<capsule pos="8.049999999999997,11.0,39.1" vel="0,0,0" mass="1" elasticityCoef="1" ang="90,0,0" color="0,220,0" radius="0.5" length="4" />
		<capsule pos="8.049999999999997,11.0,41.4" vel="0,0,0" mass="1" elasticityCoef="1" ang="90,0,0" color="0,220,0" radius="0.5" length="4" />
		<capsule pos="8.049999999999997,16.5,-43.699999999999996" vel="0,0,0" mass="1" elasticityCoef="1" ang="90,0,0" color="0,220,0" radius="0.5" length="4" />
		<capsule pos="8.049999999999997,16.5,-41.4" vel="0,0,0" mass="1" elasticityCoef="1" ang="90,0,0" color="0,220,0" radius="0.5" length="4" />
		<capsule pos="8.049999999999997,16.5,-39.099999999999994" vel="0,0,0" mass="1" elasticityCoef="1" ang="90,0,0" color="0,220,0" radius="0.5" length="4" />
		<capsule pos="8.049999999999997,16.5,-36.8" vel="0,0,0" mass="1" elasticityCoef="1" ang="90,0,0" color="0,220,0" radius="0.5" length="4" />
		<capsule pos="8.049999999999997,16.5,-34.5" vel="0,0,0" mass="1" elasticityCoef="1" ang="90,0,0" color="0,220,0" radius="0.5" length="4" />
		<capsule pos="8.049999999999997,16.5,-32.199999999999996" vel="0,0,0" mass="1" elasticityCoef="1" ang="90,0,0" color="0,220,0" radius="0.5" length="4" />
		<capsule pos="8.049999999999997,16.5,-29.9" vel="0,0,0" mass="1" elasticityCoef="1" ang="90,0,0" color="0,220,0" radius="0.5" length="4" />
		<capsule pos="8.049999999999997,16.5,-27.599999999999998" vel="0,0,0" mass="1" elasticityCoef="1" ang="90,0,0" color="0,220,0" radius="0.5" length="4" />
		<capsule pos="8.049999999999997,16.5,-25.299999999999997" vel="0,0,0" mass="1" elasticityCoef="1" ang="90,0,0" color="0,220,0" radius="0.5" length="4" />
		<capsule pos="8.049999999999997,16.5,-22.999999999999996" vel="0,0,0" mass="1" elasticityCoef="1" ang="90,0,0" color="0,220,0" radius="0.5" length="4" />
		<capsule pos="8.049999999999997,16.5,-20.699999999999996" vel="0,0,0" mass="1" elasticityCoef="1" ang="90,0,0" color="0,220,0" radius="0.5" length="4" />
		<capsule pos="8.049999999999997,16.5,-18.4" vel="0,0,0" mass="1" elasticityCoef="1" ang="90,0,0" color="0,220,0" radius="0.5" length="4" />
		<capsule pos="8.049999999999997,16.5,-16.099999999999998" vel="0,0,0" mass="1" elasticityCoef="1" ang="90,0,0" color="0,220,0" radius="0.5" length="4" />
		<capsule pos="8.049999999999997,16.5,-13.799999999999997" vel="0,0,0" mass="1" elasticityCoef="1" ang="90,0,0" color="0,220,0" radius="0.5" length="4" />
		<capsule pos="8.049999999999997,16.5,-11.5" vel="0,0,0" mass="1" elasticityCoef="1" ang="90,0,0" color="0,220,0" radius="0.5" length="4" />
		<capsule pos="8.049999999999997,16.5,-9.199999999999996" vel="0,0,0" mass="1" elasticityCoef="1" ang="90,0,0" color="0,220,0" radius="0.5" length="4" />
		<capsule pos="8.049999999999997,16.5,-6.899999999999999" vel="0,0,0" mass="1" elasticityCoef="1" ang="90,0,0" color="0,220,0" radius="0.5" length="4" />
		<capsule pos="8.049999999999997,16.5,-4.600000000000001" vel="0,0,0" mass="1" elasticityCoef="1" ang="90,0,0" color="0,220,0" radius="0.5" length="4" />
		<capsule pos="8.049999999999997,16.5,-2.299999999999997" vel="0,0,0" mass="1" elasticityCoef="1" ang="90,0,0" color="0,220,0" radius="0.5" length="4" />
		<capsule pos="8.049999999999997,16.5,0.0" vel="0,0,0" mass="1" elasticityCoef="1" ang="90,0,0" color="0,220,0" radius="0.5" length="4" />
		<capsule pos="8.049999999999997,16.5,2.3000000000000043" vel="0,0,0" mass="1" elasticityCoef="1" ang="90,0,0" color="0,220,0" radius="0.5" length="4" />
		<capsule pos="8.049999999999997,16.5,4.600000000000001" vel="0,0,0" mass="1" elasticityCoef="1" ang="90,0,0" color="0,220,0" radius="0.5" length="4" />
		<capsule pos="8.049999999999997,16.5,6.899999999999999" vel="0,0,0" mass="1" elasticityCoef="1" ang="90,0,0" color="0,220,0" radius="0.5" length="4" />
		<capsule pos="8.049999999999997,16.5,9.200000000000003" vel="0,0,0" mass="1" elasticityCoef="1" ang="90,0,0" color="0,220,0" radius="0.5" length="4" />
		<capsule pos="8.049999999999997,16.5,11.5" vel="0,0,0" mass="1" elasticityCoef="1" ang="90,0,0" color="0,220,0" radius="0.5" length="4" />
		<capsule pos="8.049999999999997,16.5,13.799999999999997" vel="0,0,0" mass="1" elasticityCoef="1" ang="90,0,0" color="0,220,0" radius="0.5" length="4" />
		<capsule pos="8.049999999999997,16.5,16.1" vel="0,0,0" mass="1" elasticityCoef="1" ang="90,0,0" color="0,220,0" radius="0.5" length="4" />
		<capsule pos="8.049999999999997,16.5,18.4" vel="0,0,0" mass="1" elasticityCoef="1" ang="90,0,0" color="0,220,0" radius="0.5" length="4" />
		<capsule pos="8.049999999999997,16.5,20.699999999999996" vel="0,0,0" mass="1" elasticityCoef="1" ang="90,0,0" color="0,220,0" radius="0.5" length="4" />
		<capsule pos="8.049999999999997,16.5,22.999999999999993" vel="0,0,0" mass="1" elasticityCoef="1" ang="90,0,0" color="0,220,0" radius="0.5" length="4" />
		<capsule pos="8.049999999999997,16.5,25.300000000000004" vel="0,0,0" mass="1" elasticityCoef="1" ang="90,0,0" color="0,220,0" radius="0.5" length="4" />
		<capsule pos="8.049999999999997,16.5,27.6" vel="0,0,0" mass="1" elasticityCoef="1" ang="90,0,0" color="0,220,0" radius="0.5" length="4" />
		<capsule pos="8.049999999999997,16.5,29.9" vel="0,0,0" mass="1" elasticityCoef="1" ang="90,0,0" color="0,220,0" radius="0.5" length="4" />
		<capsule pos="8.049999999999997,16.5,32.199999999999996" vel="0,0,0" mass="1" elasticityCoef="1" ang="90,0,0" color="0,220,0" radius="0.5" length="4" />
		<capsule pos="8.049999999999997,16.5,34.49999999999999" vel="0,0,0" mass="1" elasticityCoef="1" ang="90,0,0" color="0,220,0" radius="0.5" length="4" />
		<capsule pos="8.049999999999997,16.5,36.800000000000004" vel="0,0,0" mass="1" elasticityCoef="1" ang="90,0,0" color="0,220,0" radius="0.5" length="4" />
		<capsule pos="8.049999999999997,16.5,39.1" vel="0,0,0" mass="1" elasticityCoef="1" ang="90,0,0" color="0,220,0" radius="0.5" length="4" />
		<capsule pos="8.049999999999997,16.5,41.4" vel="0,0,0" mass="1" elasticityCoef="1" ang="90,0,0" color="0,220,0" radius="0.5" length="4" />
		<capsule pos="8.049999999999997,22.0,-43.699999999999996" vel="0,0,0" mass="1" elasticityCoef="1" ang="90,0,0" color="0,220,0" radius="0.5" length="4" />
		<capsule pos="8.049999999999997,22.0,-41.4" vel="0,0,0" mass="1" elasticityCoef="1" ang="90,0,0" color="0,220,0" radius="0.5" length="4" />
		<capsule pos="8.049999999999997,22.0,-39.099999999999994" vel="0,0,0" mass="1" elasticityCoef="1" ang="90,0,0" color="0,220,0" radius="0.5" length="4" />
		<capsule pos="8.049999999999997,22.0,-36.8" vel="0,0,0" mass="1" elasticityCoef="1" ang="90,0,0" color="0,220,0" radius="0.5" length="4" />
		<capsule pos="8.049999999999997,22.0,-34.5" vel="0,0,0" mass="1" elasticityCoef="1" ang="90,0,0" color="0,220,0" radius="0.5" length="4" />
		<capsule pos="8.049999999999997,22.0,-32.199999999999996" vel="0,0,0" mass="1" elasticityCoef="1" ang="90,0,0" color="0,220,0" radius="0.5" length="4" />
		<capsule pos="8.049999999999997,22.0,-29.9" vel="0,0,0" mass="1" elasticityCoef="1" ang="90,0,0" color="0,220,0" radius="0.5" length="4" />
		<capsule pos="8.049999999999997,22.0,-27.599999999999998" vel="0,0,0" mass="1" elasticityCoef="1" ang="90,0,0" color="0,220,0" radius="0.5" length="4" />
		<capsule pos="8.049999999999997,22.0,-25.299999999999997" vel="0,0,0" mass="1" elasticityCoef="1" ang="90,0,0" color="0,220,0" radius="0.5" length="4" />
		<capsule pos="8.049999999999997,22.0,-22.999999999999996" vel="0,0,0" mass="1" elasticityCoef="1" ang="90,0,0" color="0,220,0" radius="0.5" length="4" />
		<capsule pos="8.049999999999997,22.0,-20.699999999999996" vel="0,0,0" mass="1" elasticityCoef="1" ang="90,0,0" color="0,220,0" radius="0.5" length="4" />
		<capsule pos="8.049999999999997,22.0,-18.4" vel="0,0,0" mass="1" elasticityCoef="1" ang="90,0,0" color="0,220,0" radius="0.5" length="4" />
		<capsule pos="8.049999999999997,22.0,-16.099999999999998" vel="0,0,0" mass="1" elasticityCoef="1" ang="90,0,0" color="0,220,0" radius="0.5" length="4" />
		<capsule pos="8.049999999999997,22.0,-13.799999999999997" vel="0,0,0" mass="1" elasticityCoef="1" ang="90,0,0" color="0,220,0" radius="0.5" length="4" />
		<capsule pos="8.049999999999997,22.0,-11.5" vel="0,0,0" mass="1" elasticityCoef="1" ang="90,0,0" color="0,220,0" radius="0.5" length="4" />
		<capsule pos="8.049999999999997,22.0,-9.199999999999996" vel="0,0,0" mass="1" elasticityCoef="1" ang="90,0,0" color="0,220,0" radius="0.5" length="4" />
		<capsule pos="8.049999999999997,22.0,-6.899999999999999" vel="0,0,0" mass="1" elasticityCoef="1" ang="90,0,0" color="0,220,0" radius="0.5" length="4" />
		<capsule pos="8.049999999999997,22.0,-4.600000000000001" vel="0,0,0" mass="1" elasticityCoef="1" ang="90,0,0" color="0,220,0" radius="0.5" length="4" />
		<capsule pos="8.049999999999997,22.0,-2.299999999999997" vel="0,0,0" mass="1" elasticityCoef="1" ang="90,0,0" color="0,220,0" radius="0.5" length="4" />
		<capsule pos="8.049999999999997,22.0,0.0" vel="0,0,0" mass="1" elasticityCoef="1" ang="90,0,0" color="0,220,0" radius="0.5" length="4" />
		<capsule pos="8.049999999999997,22.0,2.3000000000000043" vel="0,0,0" mass="1" elasticityCoef="1" ang="90,0,0" color="0,220,0" radius="0.5" length="4" />
		<capsule pos="8.049999999999997,22.0,4.600000000000001" vel="0,0,0" mass="1" elasticityCoef="1" ang="90,0,0" color="0,220,0" radius="0.5" length="4" />
		<capsule pos="8.049999999999997,22.0,6.899999999999999" vel="0,0,0" mass="1" elasticityCoef="1" ang="90,0,0" color="0,220,0" radius="0.5" length="4" />
		<capsule pos="8.049999999999997,22.0,9.200000000000003" vel="0,0,0" mass="1" elasticityCoef="1" ang="90,0,0" color="0,220,0" radius="0.5" length="4" />
		<capsule pos="8.049999999999997,22.0,11.5" vel="0,0,0" mass="1" elasticityCoef="1" ang="90,0,0" color="0,220,0" radius="0.5" length="4" />
		<capsule pos="8.049999999999997,22.0,13.799999999999997" vel="0,0,0" mass="1" elasticityCoef="1" ang="90,0,0" color="0,220,0" radius="0.5" length="4" />
		<capsule pos="8.049999999999997,22.0,16.1" vel="0,0,0" mass="1" elasticityCoef="1" ang="90,0,0" color="0,220,0" radius="0.5" length="4" />
		<capsule pos="8.049999999999997,22.0,18.4" vel="0,0,0" mass="1" elasticityCoef="1" ang="90,0,0" color="0,220,0" radius="0.5" length="4" />
		<capsule pos="8.049999999999997,22.0,20.699999999999996" vel="0,0,0" mass="1" elasticityCoef="1" ang="90,0,0" color="0,220,0" radius="0.5" length="4" />
		<capsule pos="8.049999999999997,22.0,22.999999999999993" vel="0,0,0" mass="1" elasticityCoef="1" ang="90,0,0" color="0,220,0" radius="0.5" length="4" />
		<capsule pos="8.049999999999997,22.0,25.300000000000004" vel="0,0,0" mass="1" elasticityCoef="1" ang="90,0,0" color="0,220,0" radius="0.5" length="4" />
		<capsule pos="8.049999999999997,22.0,27.6" vel="0,0,0" mass="1" elasticityCoef="1" ang="90,0,0" color="0,220,0" radius="0.5" length="4" />
		<capsule pos="8.049999999999997,22.0,29.9" vel="0,0,0" mass="1" elasticityCoef="1" ang="90,0,0" color="0,220,0" radius="0.5" length="4" />
		<capsule pos="8.049999999999997,22.0,32.199999999999996" vel="0,0,0" mass="1" elasticityCoef="1" ang="90,0,0" color="0,220,0" radius="0.5" length="4" />
		<capsule pos="8.049999999999997,22.0,34.49999999999999" vel="0,0,0" mass="1" elasticityCoef="1" ang="90,0,0" color="0,220,0" radius="0.5" length="4" />
		<capsule pos="8.049999999999997,22.0,36.800000000000004" vel="0,0,0" mass="1" elasticityCoef="1" ang="90,0,0" color="0,220,0" radius="0.5" length="4" />
		<capsule pos="8.049999999999997,22.0,39.1" vel="0,0,0" mass="1" elasticityCoef="1" ang="90,0,0" color="0,220,0" radius="0.5" length="4" />
		<capsule pos="8.049999999999997,22.0,41.4" vel="0,0,0" mass="1" elasticityCoef="1" ang="90,0,0" color="0,220,0" radius="0.5" length="4" />
		<capsule pos="8.049999999999997,27.5,-43.699999999999996" vel="0,0,0" mass="1" elasticityCoef="1" ang="90,0,0" color="0,220,0" radius="0.5" length="4" />
		<capsule pos="8.049999999999997,27.5,-41.4" vel="0,0,0" mass="1" elasticityCoef="1" ang="90,0,0" color="0,220,0" radius="0.5" length="4" />
		<capsule pos="8.049999999999997,27.5,-39.099999999999994" vel="0,0,0" mass="1" elasticityCoef="1" ang="90,0,0" color="0,220,0" radius="0.5" length="4" />
		<capsule pos="8.049999999999997,27.5,-36.8" vel="0,0,0" mass="1" elasticityCoef="1" ang="90,0,0" color="0,220,0" radius="0.5" length="4" />
		<capsule pos="8.049999999999997,27.5,-34.5" vel="0,0,0" mass="1" elasticityCoef="1" ang="90,0,0" color="0,220,0" radius="0.5" length="4" />
		<capsule pos="8.049999999999997,27.5,-32.199999999999996" vel="0,0,0" mass="1" elasticityCoef="1" ang="90,0,0" color="0,220,0" radius="0.5" length="4" />
		<capsule pos="8.049999999999997,27.5,-29.9" vel="0,0,0" mass="1" elasticityCoef="1" ang="90,0,0" color="0,220,0" radius="0.5" length="4" />
		<capsule pos="8.049999999999997,27.5,-27.599999999999998" vel="0,0,0" mass="1" elasticityCoef="1" ang="90,0,0" color="0,220,0" radius="0.5" length="4" />
		<capsule pos="8.049999999999997,27.5,-25.299999999999997" vel="0,0,0" mass="1" elasticityCoef="1" ang="90,0,0" color="0,220,0" radius="0.5" length="4" />
		<capsule pos="8.049999999999997,27.5,-22.999999999999996" vel="0,0,0" mass="1" elasticityCoef="1" ang="90,0,0" color="0,220,0" radius="0.5" length="4" />
		<capsule pos="8.049999999999997,27.5,-20.699999999999996" vel="0,0,0" mass="1" elasticityCoef="1" ang="90,0,0" color="0,220,0" radius="0.5" length="4" />
		<capsule pos="8.049999999999997,27.5,-18.4" vel="0,0,0" mass="1" elasticityCoef="1" ang="90,0,0" color="0,220,0" radius="0.5" length="4" />
		<capsule pos="8.049999999999997,27.5,-16.099999999999998" vel="0,0,0" mass="1" elasticityCoef="1" ang="90,0,0" color="0,220,0" radius="0.5" length="4" />
		<capsule pos="8.049999999999997,27.5,-13.799999999999997" vel="0,0,0" mass="1" elasticityCoef="1" ang="90,0,0" color="0,220,0" radius="0.5" length="4" />
		<capsule pos="8.049999999999997,27.5,-11.5" vel="0,0,0" mass="1" elasticityCoef="1" ang="90,0,0" color="0,220,0" radius="0.5" length="4" />
		<capsule pos="8.049999999999997,27.5,-9.199999999999996" vel="0,0,0" mass="1" elasticityCoef="1" ang="90,0,0" color="0,220,0" radius="0.5" length="4" />
		<capsule pos="8.049999999999997,27.5,-6.899999999999999" vel="0,0,0" mass="1" elasticityCoef="1" ang="90,0,0" color="0,220,0" radius="0.5" length="4" />
		<capsule pos="8.049999999999997,27.5,-4.600000000000001" vel="0,0,0" mass="1" elasticityCoef="1" ang="90,0,0" color="0,220,0" radius="0.5" length="4" />
		<capsule pos="8.049999999999997,27.5,-2.299999999999997" vel="0,0,0" mass="1" elasticityCoef="1" ang="90,0,0" color="0,220,0" radius="0.5" length="4" />
		<capsule pos="8.049999999999997,27.5,0.0" vel="0,0,0" mass="1" elasticityCoef="1" ang="90,0,0" color="0,220,0" radius="0.5" length="4" />
		<capsule pos="8.049999999999997,27.5,2.3000000000000043" vel="0,0,0" mass="1" elasticityCoef="1" ang="90,0,0" color="0,220,0" radius="0.5" length="4" />
		<capsule pos="8.049999999999997,27.5,4.600000000000001" vel="0,0,0" mass="1" elasticityCoef="1" ang="90,0,0" color="0,220,0" radius="0.5" length="4" />
		<capsule pos="8.049999999999997,27.5,6.899999999999999" vel="0,0,0" mass="1" elasticityCoef="1" ang="90,0,0" color="0,220,0" radius="0.5" length="4" />
		<capsule pos="8.049999999999997,27.5,9.200000000000003" vel="0,0,0" mass="1" elasticityCoef="1" ang="90,0,0" color="0,220,0" radius="0.5" length="4" />
		<capsule pos="8.049999999999997,27.5,11.5" vel="0,0,0" mass="1" elasticityCoef="1" ang="90,0,0" color="0,220,0" radius="0.5" length="4" />
		<capsule pos="8.049999999999997,27.5,13.799999999999997" vel="0,0,0" mass="1" elasticityCoef="1" ang="90,0,0" color="0,220,0" radius="0.5" length="4" />
		<capsule pos="8.049999999999997,27.5,16.1" vel="0,0,0" mass="1" elasticityCoef="1" ang="90,0,0" color="0,220,0" radius="0.5" length="4" />
		<capsule pos="8.049999999999997,27.5,18.4" vel="0,0,0" mass="1" elasticityCoef="1" ang="90,0,0" color="0,220,0" radius="0.5" length="4" />
		<capsule pos="8.049999999999997,27.5,20.699999999999996" vel="0,0,0" mass="1" elasticityCoef="1" ang="90,0,0" color="0,220,0" radius="0.5" length="4" />
		<capsule pos="8.049999999999997,27.5,22.999999999999993" vel="0,0,0" mass="1" elasticityCoef="1" ang="90,0,0" color="0,220,0" radius="0.5" length="4" />
		<capsule pos="8.049999999999997,27.5,25.300000000000004" vel="0,0,0" mass="1" elasticityCoef="1" ang="90,0,0" color="0,220,0" radius="0.5" length="4" />
		<capsule pos="8.049999999999997,27.5,27.6" vel="0,0,0" mass="1" elasticityCoef="1" ang="90,0,0" color="0,220,0" radius="0.5" length="4" />
		<capsule pos="8.049999999999997,27.5,29.9" vel="0,0,0" mass="1" elasticityCoef="1" ang="90,0,0" color="0,220,0" radius="0.5" length="4" />
		<capsule pos="8.049999999999997,27.5,32.199999999999996" vel="0,0,0" mass="1" elasticityCoef="1" ang="90,0,0" color="0,220,0" radius="0.5" length="4" />
		<capsule pos="8.049999999999997,27.5,34.49999999999999" vel="0,0,0" mass="1" elasticityCoef="1" ang="90,0,0" color="0,220,0" radius="0.5" length="4" />
		<capsule pos="8.049999999999997,27.5,36.800000000000004" vel="0,0,0" mass="1" elasticityCoef="1" ang="90,0,0" color="0,220,0" radius="0.5" length="4" />
		<capsule pos="8.049999999999997,27.5,39.1" vel="0,0,0" mass="1" elasticityCoef="1" ang="90,0,0" color="0,220,0" radius="0.5" length="4" />
		<capsule pos="8.049999999999997,27.5,41.4" vel="0,0,0" mass="1" elasticityCoef="1" ang="90,0,0" color="0,220,0" radius="0.5" length="4" />
		<capsule pos="8.049999999999997,33.0,-43.699999999999996" vel="0,0,0" mass="1" elasticityCoef="1" ang="90,0,0" color="0,220,0" radius="0.5" length="4" />
		<capsule pos="8.049999999999997,33.0,-41.4" vel="0,0,0" mass="1" elasticityCoef="1" ang="90,0,0" color="0,220,0" radius="0.5" length="4" />
		<capsule pos="8.049999999999997,33.0,-39.099999999999994" vel="0,0,0" mass="1" elasticityCoef="1" ang="90,0,0" color="0,220,0" radius="0.5" length="4" />
		<capsule pos="8.049999999999997,33.0,-36.8" vel="0,0,0" mass="1" elasticityCoef="1" ang="90,0,0" color="0,220,0" radius="0.5" length="4" />
		<capsule pos="8.049999999999997,33.0,-34.5" vel="0,0,0" mass="1" elasticityCoef="1" ang="90,0,0" color="0,220,0" radius="0.5" length="4" />
		<capsule pos="8.049999999999997,33.0,-32.199999999999996" vel="0,0,0" mass="1" elasticityCoef="1" ang="90,0,0" color="0,220,0" radius="0.5" length="4" />
		<capsule pos="8.049999999999997,33.0,-29.9" vel="0,0,0" mass="1" elasticityCoef="1" ang="90,0,0" color="0,220,0" radius="0.5" length="4" />
		<capsule pos="8.049999999999997,33.0,-27.599999999999998" vel="0,0,0" mass="1" elasticityCoef="1" ang="90,0,0" color="0,220,0" radius="0.5" length="4" />
		<capsule pos="8.049999999999997,33.0,-25.299999999999997" vel="0,0,0" mass="1" elasticityCoef="1" ang="90,0,0" color="0,220,0" radius="0.5" length="4" />
		<capsule pos="8.049999999999997,33.0,-22.999999999999996" vel="0,0,0" mass="1" elasticityCoef="1" ang="90,0,0" color="0,220,0" radius="0.5" length="4" />
		<capsule pos="8.049999999999997,33.0,-20.699999999999996" vel="0,0,0" mass="1" elasticityCoef="1" ang="90,0,0" color="0,220,0" radius="0.5" length="4" />
		<capsule pos="8.049999999999997,33.0,-18.4" vel="0,0,0" mass="1" elasticityCoef="1" ang="90,0,0" color="0,220,0" radius="0.5" length="4" />
		<capsule pos="8.049999999999997,33.0,-16.099999999999998" vel="0,0,0" mass="1" elasticityCoef="1" ang="90,0,0" color="0,220,0" radius="0.5" length="4" />
		<capsule pos="8.049999999999997,33.0,-13.799999999999997" vel="0,0,0" mass="1" elasticityCoef="1" ang="90,0,0" color="0,220,0" radius="0.5" length="4" />
		<capsule pos="8.049999999999997,33.0,-11.5" vel="0,0,0" mass="1" elasticityCoef="1" ang="90,0,0" color="0,220,0" radius="0.5" length="4" />
		<capsule pos="8.049999999999997,33.0,-9.199999999999996" vel="0,0,0" mass="1" elasticityCoef="1" ang="90,0,0" color="0,220,0" radius="0.5" length="4" />
		<capsule pos="8.049999999999997,33.0,-6.899999999999999" vel="0,0,0" mass="1" elasticityCoef="1" ang="90,0,0" color="0,220,0" radius="0.5" length="4" />
		<capsule pos="8.049999999999997,33.0,-4.600000000000001" vel="0,0,0" mass="1" elasticityCoef="1" ang="90,0,0" color="0,220,0" radius="0.5" length="4" />
		<capsule pos="8.049999999999997,33.0,-2.299999999999997" vel="0,0,0" mass="1" elasticityCoef="1" ang="90,0,0" color="0,220,0" radius="0.5" length="4" />
		<capsule pos="8.049999999999997,33.0,0.0" vel="0,0,0" mass="1" elasticityCoef="1" ang="90,0,0" color="0,220,0" radius="0.5" length="4" />
		<capsule pos="8.049999999999997,33.0,2.3000000000000043" vel="0,0,0" mass="1" elasticityCoef="1" ang="90,0,0" color="0,220,0" radius="0.5" length="4" />
		<capsule pos="8.049999999999997,33.0,4.600000000000001" vel="0,0,0" mass="1" elasticityCoef="1" ang="90,0,0" color="0,220,0" radius="0.5" length="4" />
		<capsule pos="8.049999999999997,33.0,6.899999999999999" vel="0,0,0" mass="1" elasticityCoef="1" ang="90,0,0" color="0,220,0" radius="0.5" length="4" />
		<capsule pos="8.049999999999997,33.0,9.200000000000003" vel="0,0,0" mass="1" elasticityCoef="1" ang="90,0,0" color="0,220,0" radius="0.5" length="4" />
		<capsule pos="8.049999999999997,33.0,11.5" vel="0,0,0" mass="1" elasticityCoef="1" ang="90,0,0" color="0,220,0" radius="0.5" length="4" />
		<capsule pos="8.049999999999997,33.0,13.799999999999997" vel="0,0,0" mass="1" elasticityCoef="1" ang="90,0,0" color="0,220,0" radius="0.5" length="4" />
		<capsule pos="8.049999999999997,33.0,16.1" vel="0,0,0" mass="1" elasticityCoef="1" ang="90,0,0" color="0,220,0" radius="0.5" length="4" />
		<capsule pos="8.049999999999997,33.0,18.4" vel="0,0,0" mass="1" elasticityCoef="1" ang="90,0,0" color="0,220,0" radius="0.5" length="4" />
		<capsule pos="8.049999999999997,33.0,20.699999999999996" vel="0,0,0" mass="1" elasticityCoef="1" ang="90,0,0" color="0,220,0" radius="0.5" length="4" />
		<capsule pos="8.049999999999997,33.0,22.999999999999993" vel="0,0,0" mass="1" elasticityCoef="1" ang="90,0,0" color="0,220,0" radius="0.5" length="4" />
		<capsule pos="8.049999999999997,33.0,25.300000000000004" vel="0,0,0" mass="1" elasticityCoef="1" ang="90,0,0" color="0,220,0" radius="0.5" length="4" />
		<capsule pos="8.049999999999997,33.0,27.6" vel="0,0,0" mass="1" elasticityCoef="1" ang="90,0,0" color="0,220,0" radius="0.5" length="4" />
		<capsule pos="8.049999999999997,33.0,29.9" vel="0,0,0" mass="1" elasticityCoef="1" ang="90,0,0" color="0,220,0" radius="0.5" length="4" />
		<capsule pos="8.049999999999997,33.0,32.199999999999996" vel="0,0,0" mass="1" elasticityCoef="1" ang="90,0,0" color="0,220,0" radius="0.5" length="4" />
		<capsule pos="8.049999999999997,33.0,34.49999999999999" vel="0,0,0" mass="1" elasticityCoef="1" ang="90,0,0" color="0,220,0" radius="0.5" length="4" />
		<capsule pos="8.049999999999997,33.0,36.800000000000004" vel="0,0,0" mass="1" elasticityCoef="1" ang="90,0,0" color="0,220,0" radius="0.5" length="4" />
		<capsule pos="8.049999999999997,33.0,39.1" vel="0,0,0" mass="1" elasticityCoef="1" ang="90,0,0" color="0,220,0" radius="0.5" length="4" />
		<capsule pos="8.049999999999997,33.0,41.4" vel="0,0,0" mass="1" elasticityCoef="1" ang="90,0,0" color="0,220,0" radius="0.5" length="4" />
		<capsule pos="8.049999999999997,38.5,-43.699999999999996" vel="0,0,0" mass="1" elasticityCoef="1" ang="90,0,0" color="0,220,0" radius="0.5" length="4" />
		<capsule pos="8.049999999999997,38.5,-41.4" vel="0,0,0" mass="1" elasticityCoef="1" ang="90,0,0" color="0,220,0" radius="0.5" length="4" />
		<capsule pos="8.049999999999997,38.5,-39.099999999999994" vel="0,0,0" mass="1" elasticityCoef="1" ang="90,0,0" color="0,220,0" radius="0.5" length="4" />
		<capsule pos="8.049999999999997,38.5,-36.8" vel="0,0,0" mass="1" elasticityCoef="1" ang="90,0,0" color="0,220,0" radius="0.5" length="4" />
		<capsule pos="8.049999999999997,38.5,-34.5" vel="0,0,0" mass="1" elasticityCoef="1" ang="90,0,0" color="0,220,0" radius="0.5" length="4" />
		<capsule pos="8.049999999999997,38.5,-32.199999999999996" vel="0,0,0" mass="1" elasticityCoef="1" ang="90,0,0" color="0,220,0" radius="0.5" length="4" />
		<capsule pos="8.049999999999997,38.5,-29.9" vel="0,0,0" mass="1" elasticityCoef="1" ang="90,0,0" color="0,220,0" radius="0.5" length="4" />
		<capsule pos="8.049999999999997,38.5,-27.599999999999998" vel="0,0,0" mass="1" elasticityCoef="1" ang="90,0,0" color="0,220,0" radius="0.5" length="4" />
		<capsule pos="8.049999999999997,38.5,-25.299999999999997" vel="0,0,0" mass="1" elasticityCoef="1" ang="90,0,0" color="0,220,0" radius="0.5" length="4" />
		<capsule pos="8.049999999999997,38.5,-22.999999999999996" vel="0,0,0" mass="1" elasticityCoef="1" ang="90,0,0" color="0,220,0" radius="0.5" length="4" />
		<capsule pos="8.049999999999997,38.5,-20.699999999999996" vel="0,0,0" mass="1" elasticityCoef="1" ang="90,0,0" color="0,220,0" radius="0.5" length="4" />
		<capsule pos="8.049999999999997,38.5,-18.4" vel="0,0,0" mass="1" elasticityCoef="1" ang="90,0,0" color="0,220,0" radius="0.5" length="4" />
		<capsule pos="8.049999999999997,38.5,-16.099999999999998" vel="0,0,0" mass="1" elasticityCoef="1" ang="90,0,0" color="0,220,0" radius="0.5" length="4" />
		<capsule pos="8.049999999999997,38.5,-13.799999999999997" vel="0,0,0" mass="1" elasticityCoef="1" ang="90,0,0" color="0,220,0" radius="0.5" length="4" />
		<capsule pos="8.049999999999997,38.5,-11.5" vel="0,0,0" mass="1" elasticityCoef="1" ang="90,0,0" color="0,220,0" radius="0.5" length="4" />
		<capsule pos="8.049999999999997,38.5,-9.199999999999996" vel="0,0,0" mass="1" elasticityCoef="1" ang="90,0,0" color="0,220,0" radius="0.5" length="4" />
		<capsule pos="8.049999999999997,38.5,-6.899999999999999" vel="0,0,0" mass="1" elasticityCoef="1" ang="90,0,0" color="0,220,0" radius="0.5" length="4" />
		<capsule pos="8.049999999999997,38.5,-4.600000000000001" vel="0,0,0" mass="1" elasticityCoef="1" ang="90,0,0" color="0,220,0" radius="0.5" length="4" />
		<capsule pos="8.049999999999997,38.5,-2.299999999999997" vel="0,0,0" mass="1" elasticityCoef="1" ang="90,0,0" color="0,220,0" radius="0.5" length="4" />
		<capsule pos="8.049999999999997,38.5,0.0" vel="0,0,0" mass="1" elasticityCoef="1" ang="90,0,0" color="0,220,0" radius="0.5" length="4" />
		<capsule pos="8.049999999999997,38.5,2.3000000000000043" vel="0,0,0" mass="1" elasticityCoef="1" ang="90,0,0" color="0,220,0" radius="0.5" length="4" />
		<capsule pos="8.049999999999997,38.5,4.600000000000001" vel="0,0,0" mass="1" elasticityCoef="1" ang="90,0,0" color="0,220,0" radius="0.5" length="4" />
		<capsule pos="8.049999999999997,38.5,6.899999999999999" vel="0,0,0" mass="1" elasticityCoef="1" ang="90,0,0" color="0,220,0" radius="0.5" length="4" />
		<capsule pos="8.049999999999997,38.5,9.200000000000003" vel="0,0,0" mass="1" elasticityCoef="1" ang="90,0,0" color="0,220,0" radius="0.5" length="4" />
		<capsule pos="8.049999999999997,38.5,11.5" vel="0,0,0" mass="1" elasticityCoef="1" ang="90,0,0" color="0,220,0" radius="0.5" length="4" />
		<capsule pos="8.049999999999997,38.5,13.799999999999997" vel="0,0,0" mass="1" elasticityCoef="1" ang="90,0,0" color="0,220,0" radius="0.5" length="4" />
		<capsule pos="8.049999999999997,38.5,16.1" vel="0,0,0" mass="1" elasticityCoef="1" ang="90,0,0" color="0,220,0" radius="0.5" length="4" />
		<capsule pos="8.049999999999997,38.5,18.4" vel="0,0,0" mass="1" elasticityCoef="1" ang="90,0,0" color="0,220,0" radius="0.5" length="4" />
		<capsule pos="8.049999999999997,38.5,20.699999999999996" vel="0,0,0" mass="1" elasticityCoef="1" ang="90,0,0" color="0,220,0" radius="0.5" length="4" />
		<capsule pos="8.049999999999997,38.5,22.999999999999993" vel="0,0,0" mass="1" elasticityCoef="1" ang="90,0,0" color="0,220,0" radius="0.5" length="4" />
		<capsule pos="8.049999999999997,38.5,25.300000000000004" vel="0,0,0" mass="1" elasticityCoef="1" ang="90,0,0" color="0,220,0" radius="0.5" length="4" />
		<capsule pos="8.049999999999997,38.5,27.6" vel="0,0,0" mass="1" elasticityCoef="1" ang="90,0,0" color="0,220,0" radius="0.5" length="4" />
		<capsule pos="8.049999999999997,38.5,29.9" vel="0,0,0" mass="1" elasticityCoef="1" ang="90,0,0" color="0,220,0" radius="0.5" length="4" />
		<capsule pos="8.049999999999997,38.5,32.199999999999996" vel="0,0,0" mass="1" elasticityCoef="1" ang="90,0,0" color="0,220,0" radius="0.5" length="4" />
		<capsule pos="8.049999999999997,38.5,34.49999999999999" vel="0,0,0" mass="1" elasticityCoef="1" ang="90,0,0" color="0,220,0" radius="0.5" length="4" />
		<capsule pos="8.049999999999997,38.5,36.800000000000004" vel="0,0,0" mass="1" elasticityCoef="1" ang="90,0,0" color="0,220,0" radius="0.5" length="4" />
		<capsule pos="8.049999999999997,38.5,39.1" vel="0,0,0" mass="1" elasticityCoef="1" ang="90,0,0" color="0,220,0" radius="0.5" length="4" />
		<capsule pos="8.049999999999997,38.5,41.4" vel="0,0,0" mass="1" elasticityCoef="1" ang="90,0,0" color="0,220,0" radius="0.5" length="4" />
		<capsule pos="8.049999999999997,44.0,-43.699999999999996" vel="0,0,0" mass="1" elasticityCoef="1" ang="90,0,0" color="0,220,0" radius="0.5" length="4" />
		<capsule pos="8.049999999999997,44.0,-41.4" vel="0,0,0" mass="1" elasticityCoef="1" ang="90,0,0" color="0,220,0" radius="0.5" length="4" />
		<capsule pos="8.049999999999997,44.0,-39.099999999999994" vel="0,0,0" mass="1" elasticityCoef="1" ang="90,0,0" color="0,220,0" radius="0.5" length="4" />
		<capsule pos="8.049999999999997,44.0,-36.8" vel="0,0,0" mass="1" elasticityCoef="1" ang="90,0,0" color="0,220,0" radius="0.5" length="4" />
		<capsule pos="8.049999999999997,44.0,-34.5" vel="0,0,0" mass="1" elasticityCoef="1" ang="90,0,0" color="0,220,0" radius="0.5" length="4" />
		<capsule pos="8.049999999999997,44.0,-32.199999999999996" vel="0,0,0" mass="1" elasticityCoef="1" ang="90,0,0" color="0,220,0" radius="0.5" length="4" />
		<capsule pos="8.049999999999997,44.0,-29.9" vel="0,0,0" mass="1" elasticityCoef="1" ang="90,0,0" color="0,220,0" radius="0.5" length="4" />
		<capsule pos="8.049999999999997,44.0,-27.599999999999998" vel="0,0,0" mass="1" elasticityCoef="1" ang="90,0,0" color="0,220,0" radius="0.5" length="4" />
		<capsule pos="8.049999999999997,44.0,-25.299999999999997" vel="0,0,0" mass="1" elasticityCoef="1" ang="90,0,0" color="0,220,0" radius="0.5" length="4" />
		<capsule pos="8.049999999999997,44.0,-22.999999999999996" vel="0,0,0" mass="1" elasticityCoef="1" ang="90,0,0" color="0,220,0" radius="0.5" length="4" />
		<capsule pos="8.049999999999997,44.0,-20.699999999999996" vel="0,0,0" mass="1" elasticityCoef="1" ang="90,0,0" color="0,220,0" radius="0.5" length="4" />
		<capsule pos="8.049999999999997,44.0,-18.4" vel="0,0,0" mass="1" elasticityCoef="1" ang="90,0,0" color="0,220,0" radius="0.5" length="4" />
		<capsule pos="8.049999999999997,44.0,-16.099999999999998" vel="0,0,0" mass="1" elasticityCoef="1" ang="90,0,0" color="0,220,0" radius="0.5" length="4" />
		<capsule pos="8.049999999999997,44.0,-13.799999999999997" vel="0,0,0" mass="1" elasticityCoef="1" ang="90,0,0" color="0,220,0" radius="0.5" length="4" />
		<capsule pos="8.049999999999997,44.0,-11.5" vel="0,0,0" mass="1" elasticityCoef="1" ang="90,0,0" color="0,220,0" radius="0.5" length="4" />
		<capsule pos="8.049999999999997,44.0,-9.199999999999996" vel="0,0,0" mass="1" elasticityCoef="1" ang="90,0,0" color="0,220,0" radius="0.5" length="4" />
		<capsule pos="8.049999999999997,44.0,-6.899999999999999" vel="0,0,0" mass="1" elasticityCoef="1" ang="90,0,0" color="0,220,0" radius="0.5" length="4" />
		<capsule pos="8.049999999999997,44.0,-4.600000000000001" vel="0,0,0" mass="1" elasticityCoef="1" ang="90,0,0" color="0,220,0" radius="0.5" length="4" />
		<capsule pos="8.049999999999997,44.0,-2.299999999999997" vel="0,0,0" mass="1" elasticityCoef="1" ang="90,0,0" color="0,220,0" radius="0.5" length="4" />
		<capsule pos="8.049999999999997,44.0,0.0" vel="0,0,0" mass="1" elasticityCoef="1" ang="90,0,0" color="0,220,0" radius="0.5" length="4" />
		<capsule pos="8.049999999999997,44.0,2.3000000000000043" vel="0,0,0" mass="1" elasticityCoef="1" ang="90,0,0" color="0,220,0" radius="0.5" length="4" />
		<capsule pos="8.049999999999997,44.0,4.600000000000001" vel="0,0,0" mass="1" elasticityCoef="1" ang="90,0,0" color="0,220,0" radius="0.5" length="4" />
		<capsule pos="8.049999999999997,44.0,6.899999999999999" vel="0,0,0" mass="1" elasticityCoef="1" ang="90,0,0" color="0,220,0" radius="0.5" length="4" />
		<capsule pos="8.049999999999997,44.0,9.200000000000003" vel="0,0,0" mass="1" elasticityCoef="1" ang="90,0,0" color="0,220,0" radius="0.5" length="4" />
		<capsule pos="8.049999999999997,44.0,11.5" vel="0,0,0" mass="1" elasticityCoef="1" ang="90,0,0" color="0,220,0" radius="0.5" length="4" />
		<capsule pos="8.049999999999997,44.0,13.799999999999997" vel="0,0,0" mass="1" elasticityCoef="1" ang="90,0,0" color="0,220,0" radius="0.5" length="4" />
		<capsule pos="8.049999999999997,44.0,16.1" vel="0,0,0" mass="1" elasticityCoef="1" ang="90,0,0" color="0,220,0" radius="0.5" length="4" />
		<capsule pos="8.049999999999997,44.0,18.4" vel="0,0,0" mass="1" elasticityCoef="1" ang="90,0,0" color="0,220,0" radius="0.5" length="4" />
		<capsule pos="8.049999999999997,44.0,20.699999999999996" vel="0,0,0" mass="1" elasticityCoef="1" ang="90,0,0" color="0,220,0" radius="0.5" length="4" />
		<capsule pos="8.049999999999997,44.0,22.999999999999993" vel="0,0,0" mass="1" elasticityCoef="1" ang="90,0,0" color="0,220,0" radius="0.5" length="4" />
		<capsule pos="8.049999999999997,44.0,25.300000000000004" vel="0,0,0" mass="1" elasticityCoef="1" ang="90,0,0" color="0,220,0" radius="0.5" length="4" />
		<capsule pos="8.049999999999997,44.0,27.6" vel="0,0,0" mass="1" elasticityCoef="1" ang="90,0,0" color="0,220,0" radius="0.5" length="4" />
		<capsule pos="8.049999999999997,44.0,29.9" vel="0,0,0" mass="1" elasticityCoef="1" ang="90,0,0" color="0,220,0" radius="0.5" length="4" />
		<capsule pos="8.049999999999997,44.0,32.199999999999996" vel="0,0,0" mass="1" elasticityCoef="1" ang="90,0,0" color="0,220,0" radius="0.5" length="4" />
		<capsule pos="8.049999999999997,44.0,34.49999999999999" vel="0,0,0" mass="1" elasticityCoef="1" ang="90,0,0" color="0,220,0" radius="0.5" length="4" />
		<capsule pos="8.049999999999997,44.0,36.800000000000004" vel="0,0,0" mass="1" elasticityCoef="1" ang="90,0,0" color="0,220,0" radius="0.5" length="4" />
		<capsule pos="8.049999999999997,44.0,39.1" vel="0,0,0" mass="1" elasticityCoef="1" ang="90,0,0" color="0,220,0" radius="0.5" length="4" />
		<capsule pos="8.049999999999997,44.0,41.4" vel="0,0,0" mass="1" elasticityCoef="1" ang="90,0,0" color="0,220,0" radius="0.5" length="4" />
		<capsule pos="10.350000000000001,-49.5,-43.699999999999996" vel="0,0,0" mass="1" elasticityCoef="1" ang="90,0,0" color="0,220,0" radius="0.5" length="4" />
		<capsule pos="10.350000000000001,-49.5,-41.4" vel="0,0,0" mass="1" elasticityCoef="1" ang="90,0,0" color="0,220,0" radius="0.5" length="4" />
		<capsule pos="10.350000000000001,-49.5,-39.099999999999994" vel="0,0,0" mass="1" elasticityCoef="1" ang="90,0,0" color="0,220,0" radius="0.5" length="4" />
		<capsule pos="10.350000000000001,-49.5,-36.8" vel="0,0,0" mass="1" elasticityCoef="1" ang="90,0,0" color="0,220,0" radius="0.5" length="4" />
		<capsule pos="10.350000000000001,-49.5,-34.5" vel="0,0,0" mass="1" elasticityCoef="1" ang="90,0,0" color="0,220,0" radius="0.5" length="4" />
		<capsule pos="10.350000000000001,-49.5,-32.199999999999996" vel="0,0,0" mass="1" elasticityCoef="1" ang="90,0,0" color="0,220,0" radius="0.5" length="4" />
		<capsule pos="10.350000000000001,-49.5,-29.9" vel="0,0,0" mass="1" elasticityCoef="1" ang="90,0,0" color="0,220,0" radius="0.5" length="4" />
		<capsule pos="10.350000000000001,-49.5,-27.599999999999998" vel="0,0,0" mass="1" elasticityCoef="1" ang="90,0,0" color="0,220,0" radius="0.5" length="4" />
		<capsule pos="10.350000000000001,-49.5,-25.299999999999997" vel="0,0,0" mass="1" elasticityCoef="1" ang="90,0,0" color="0,220,0" radius="0.5" length="4" />
		<capsule pos="10.350000000000001,-49.5,-22.999999999999996" vel="0,0,0" mass="1" elasticityCoef="1" ang="90,0,0" color="0,220,0" radius="0.5" length="4" />
		<capsule pos="10.350000000000001,-49.5,-20.699999999999996" vel="0,0,0" mass="1" elasticityCoef="1" ang="90,0,0" color="0,220,0" radius="0.5" length="4" />
		<capsule pos="10.350000000000001,-49.5,-18.4" vel="0,0,0" mass="1" elasticityCoef="1" ang="90,0,0" color="0,220,0" radius="0.5" length="4" />
		<capsule pos="10.350000000000001,-49.5,-16.099999999999998" vel="0,0,0" mass="1" elasticityCoef="1" ang="90,0,0" color="0,220,0" radius="0.5" length="4" />
		<capsule pos="10.350000000000001,-49.5,-13.799999999999997" vel="0,0,0" mass="1" elasticityCoef="1" ang="90,0,0" color="0,220,0" radius="0.5" length="4" />
		<capsule pos="10.350000000000001,-49.5,-11.5" vel="0,0,0" mass="1" elasticityCoef="1" ang="90,0,0" color="0,220,0" radius="0.5" length="4" />
		<capsule pos="10.350000000000001,-49.5,-9.199999999999996" vel="0,0,0" mass="1" elasticityCoef="1" ang="90,0,0" color="0,220,0" radius="0.5" length="4" />
		<capsule pos="10.350000000000001,-49.5,-6.899999999999999" vel="0,0,0" mass="1" elasticityCoef="1" ang="90,0,0" color="0,220,0" radius="0.5" length="4" />
		<capsule pos="10.350000000000001,-49.5,-4.600000000000001" vel="0,0,0" mass="1" elasticityCoef="1" ang="90,0,0" color="0,220,0" radius="0.5" length="4" />
		<capsule pos="10.350000000000001,-49.5,-2.299999999999997" vel="0,0,0" mass="1" elasticityCoef="1" ang="90,0,0" color="0,220,0" radius="0.5" length="4" />
		<capsule pos="10.350000000000001,-49.5,0.0" vel="0,0,0" mass="1" elasticityCoef="1" ang="90,0,0" color="0,220,0" radius="0.5" length="4" />
		<capsule pos="10.350000000000001,-49.5,2.3000000000000043" vel="0,0,0" mass="1" elasticityCoef="1" ang="90,0,0" color="0,220,0" radius="0.5" length="4" />
		<capsule pos="10.350000000000001,-49.5,4.600000000000001" vel="0,0,0" mass="1" elasticityCoef="1" ang="90,0,0" color="0,220,0" radius="0.5" length="4" />
		<capsule pos="10.350000000000001,-49.5,6.899999999999999" vel="0,0,0" mass="1" elasticityCoef="1" ang="90,0,0" color="0,220,0" radius="0.5" length="4" />
		<capsule pos="10.350000000000001,-49.5,9.200000000000003" vel="0,0,0" mass="1" elasticityCoef="1" ang="90,0,0" color="0,220,0" radius="0.5" length="4" />
		<capsule pos="10.350000000000001,-49.5,11.5" vel="0,0,0" mass="1" elasticityCoef="1" ang="90,0,0" color="0,220,0" radius="0.5" length="4" />
		<capsule pos="10.350000000000001,-49.5,13.799999999999997" vel="0,0,0" mass="1" elasticityCoef="1" ang="90,0,0" color="0,220,0" radius="0.5" length="4" />
		<capsule pos="10.350000000000001,-49.5,16.1" vel="0,0,0" mass="1" elasticityCoef="1" ang="90,0,0" color="0,220,0" radius="0.5" length="4" />
		<capsule pos="10.350000000000001,-49.5,18.4" vel="0,0,0" mass="1" elasticityCoef="1" ang="90,0,0" color="0,220,0" radius="0.5" length="4" />
		<capsule pos="10.350000000000001,-49.5,20.699999999999996" vel="0,0,0" mass="1" elasticityCoef="1" ang="90,0,0" color="0,220,0" radius="0.5" length="4" />
		<capsule pos="10.350000000000001,-49.5,22.999999999999993" vel="0,0,0" mass="1" elasticityCoef="1" ang="90,0,0" color="0,220,0" radius="0.5" length="4" />
		<capsule pos="10.350000000000001,-49.5,25.300000000000004" vel="0,0,0" mass="1" elasticityCoef="1" ang="90,0,0" color="0,220,0" radius="0.5" length="4" />
		<capsule pos="10.350000000000001,-49.5,27.6" vel="0,0,0" mass="1" elasticityCoef="1" ang="90,0,0" color="0,220,0" radius="0.5" length="4" />
		<capsule pos="10.350000000000001,-49.5,29.9" vel="0,0,0" mass="1" elasticityCoef="1" ang="90,0,0" color="0,220,0" radius="0.5" length="4" />
		<capsule pos="10.350000000000001,-49.5,32.199999999999996" vel="0,0,0" mass="1" elasticityCoef="1" ang="90,0,0" color="0,220,0" radius="0.5" length="4" />
		<capsule pos="10.350000000000001,-49.5,34.49999999999999" vel="0,0,0" mass="1" elasticityCoef="1" ang="90,0,0" color="0,220,0" radius="0.5" length="4" />
		<capsule pos="10.350000000000001,-49.5,36.800000000000004" vel="0,0,0" mass="1" elasticityCoef="1" ang="90,0,0" color="0,220,0" radius="0.5" length="4" />
		<capsule pos="10.350000000000001,-49.5,39.1" vel="0,0,0" mass="1" elasticityCoef="1" ang="90,0,0" color="0,220,0" radius="0.5" length="4" />
		<capsule pos="10.350000000000001,-49.5,41.4" vel="0,0,0" mass="1" elasticityCoef="1" ang="90,0,0" color="0,220,0" radius="0.5" length="4" />
		<capsule pos="10.350000000000001,-44.0,-43.699999999999996" vel="0,0,0" mass="1" elasticityCoef="1" ang="90,0,0" color="0,220,0" radius="0.5" length="4" />
		<capsule pos="10.350000000000001,-44.0,-41.4" vel="0,0,0" mass="1" elasticityCoef="1" ang="90,0,0" color="0,220,0" radius="0.5" length="4" />
		<capsule pos="10.350000000000001,-44.0,-39.099999999999994" vel="0,0,0" mass="1" elasticityCoef="1" ang="90,0,0" color="0,220,0" radius="0.5" length="4" />
		<capsule pos="10.350000000000001,-44.0,-36.8" vel="0,0,0" mass="1" elasticityCoef="1" ang="90,0,0" color="0,220,0" radius="0.5" length="4" />
		<capsule pos="10.350000000000001,-44.0,-34.5" vel="0,0,0" mass="1" elasticityCoef="1" ang="90,0,0" color="0,220,0" radius="0.5" length="4" />
		<capsule pos="10.350000000000001,-44.0,-32.199999999999996" vel="0,0,0" mass="1" elasticityCoef="1" ang="90,0,0" color="0,220,0" radius="0.5" length="4" />
		<capsule pos="10.350000000000001,-44.0,-29.9" vel="0,0,0" mass="1" elasticityCoef="1" ang="90,0,0" color="0,220,0" radius="0.5" length="4" />
		<capsule pos="10.350000000000001,-44.0,-27.599999999999998" vel="0,0,0" mass="1" elasticityCoef="1" ang="90,0,0" color="0,220,0" radius="0.5" length="4" />
		<capsule pos="10.350000000000001,-44.0,-25.299999999999997" vel="0,0,0" mass="1" elasticityCoef="1" ang="90,0,0" color="0,220,0" radius="0.5" length="4" />
		<capsule pos="10.350000000000001,-44.0,-22.999999999999996" vel="0,0,0" mass="1" elasticityCoef="1" ang="90,0,0" color="0,220,0" radius="0.5" length="4" />
		<capsule pos="10.350000000000001,-44.0,-20.699999999999996" vel="0,0,0" mass="1" elasticityCoef="1" ang="90,0,0" color="0,220,0" radius="0.5" length="4" />
		<capsule pos="10.350000000000001,-44.0,-18.4" vel="0,0,0" mass="1" elasticityCoef="1" ang="90,0,0" color="0,220,0" radius="0.5" length="4" />
		<capsule pos="10.350000000000001,-44.0,-16.099999999999998" vel="0,0,0" mass="1" elasticityCoef="1" ang="90,0,0" color="0,220,0" radius="0.5" length="4" />
		<capsule pos="10.350000000000001,-44.0,-13.799999999999997" vel="0,0,0" mass="1" elasticityCoef="1" ang="90,0,0" color="0,220,0" radius="0.5" length="4" />
		<capsule pos="10.350000000000001,-44.0,-11.5" vel="0,0,0" mass="1" elasticityCoef="1" ang="90,0,0" color="0,220,0" radius="0.5" length="4" />
		<capsule pos="10.350000000000001,-44.0,-9.199999999999996" vel="0,0,0" mass="1" elasticityCoef="1" ang="90,0,0" color="0,220,0" radius="0.5" length="4" />
		<capsule pos="10.350000000000001,-44.0,-6.899999999999999" vel="0,0,0" mass="1" elasticityCoef="1" ang="90,0,0" color="0,220,0" radius="0.5" length="4" />
		<capsule pos="10.350000000000001,-44.0,-4.600000000000001" vel="0,0,0" mass="1" elasticityCoef="1" ang="90,0,0" color="0,220,0" radius="0.5" length="4" />
		<capsule pos="10.350000000000001,-44.0,-2.299999999999997" vel="0,0,0" mass="1" elasticityCoef="1" ang="90,0,0" color="0,220,0" radius="0.5" length="4" />
		<capsule pos="10.350000000000001,-44.0,0.0" vel="0,0,0" mass="1" elasticityCoef="1" ang="90,0,0" color="0,220,0" radius="0.5" length="4" />
		<capsule pos="10.350000000000001,-44.0,2.3000000000000043" vel="0,0,0" mass="1" elasticityCoef="1" ang="90,0,0" color="0,220,0" radius="0.5" length="4" />
		<capsule pos="10.350000000000001,-44.0,4.600000000000001" vel="0,0,0" mass="1" elasticityCoef="1" ang="90,0,0" color="0,220,0" radius="0.5" length="4" />
		<capsule pos="10.350000000000001,-44.0,6.899999999999999" vel="0,0,0" mass="1" elasticityCoef="1" ang="90,0,0" color="0,220,0" radius="0.5" length="4" />
		<capsule pos="10.350000000000001,-44.0,9.200000000000003" vel="0,0,0" mass="1" elasticityCoef="1" ang="90,0,0" color="0,220,0" radius="0.5" length="4" />
		<capsule pos="10.350000000000001,-44.0,11.5" vel="0,0,0" mass="1" elasticityCoef="1" ang="90,0,0" color="0,220,0" radius="0.5" length="4" />
		<capsule pos="10.350000000000001,-44.0,13.799999999999997" vel="0,0,0" mass="1" elasticityCoef="1" ang="90,0,0" color="0,220,0" radius="0.5" length="4" />
		<capsule pos="10.350000000000001,-44.0,16.1" vel="0,0,0" mass="1" elasticityCoef="1" ang="90,0,0" color="0,220,0" radius="0.5" length="4" />
		<capsule pos="10.350000000000001,-44.0,18.4" vel="0,0,0" mass="1" elasticityCoef="1" ang="90,0,0" color="0,220,0" radius="0.5" length="4" />
		<capsule pos="10.350000000000001,-44.0,20.699999999999996" vel="0,0,0" mass="1" elasticityCoef="1" ang="90,0,0" color="0,220,0" radius="0.5" length="4" />
		<capsule pos="10.350000000000001,-44.0,22.999999999999993" vel="0,0,0" mass="1" elasticityCoef="1" ang="90,0,0" color="0,220,0" radius="0.5" length="4" />
		<capsule pos="10.350000000000001,-44.0,25.300000000000004" vel="0,0,0" mass="1" elasticityCoef="1" ang="90,0,0" color="0,220,0" radius="0.5" length="4" />
		<capsule pos="10.350000000000001,-44.0,27.6" vel="0,0,0" mass="1" elasticityCoef="1" ang="90,0,0" color="0,220,0" radius="0.5" length="4" />
		<capsule pos="10.350000000000001,-44.0,29.9" vel="0,0,0" mass="1" elasticityCoef="1" ang="90,0,0" color="0,220,0" radius="0.5" length="4" />
		<capsule pos="10.350000000000001,-44.0,32.199999999999996" vel="0,0,0" mass="1" elasticityCoef="1" ang="90,0,0" color="0,220,0" radius="0.5" length="4" />
		<capsule pos="10.350000000000001,-44.0,34.49999999999999" vel="0,0,0" mass="1" elasticityCoef="1" ang="90,0,0" color="0,220,0" radius="0.5" length="4" />
		<capsule pos="10.350000000000001,-44.0,36.800000000000004" vel="0,0,0" mass="1" elasticityCoef="1" ang="90,0,0" color="0,220,0" radius="0.5" length="4" />
		<capsule pos="10.350000000000001,-44.0,39.1" vel="0,0,0" mass="1" elasticityCoef="1" ang="90,0,0" color="0,220,0" radius="0.5" length="4" />
		<capsule pos="10.350000000000001,-44.0,41.4" vel="0,0,0" mass="1" elasticityCoef="1" ang="90,0,0" color="0,220,0" radius="0.5" length="4" />
		<capsule pos="10.350000000000001,-38.5,-43.699999999999996" vel="0,0,0" mass="1" elasticityCoef="1" ang="90,0,0" color="0,220,0" radius="0.5" length="4" />
		<capsule pos="10.350000000000001,-38.5,-41.4" vel="0,0,0" mass="1" elasticityCoef="1" ang="90,0,0" color="0,220,0" radius="0.5" length="4" />
		<capsule pos="10.350000000000001,-38.5,-39.099999999999994" vel="0,0,0" mass="1" elasticityCoef="1" ang="90,0,0" color="0,220,0" radius="0.5" length="4" />
		<capsule pos="10.350000000000001,-38.5,-36.8" vel="0,0,0" mass="1" elasticityCoef="1" ang="90,0,0" color="0,220,0" radius="0.5" length="4" />
		<capsule pos="10.350000000000001,-38.5,-34.5" vel="0,0,0" mass="1" elasticityCoef="1" ang="90,0,0" color="0,220,0" radius="0.5" length="4" />
		<capsule pos="10.350000000000001,-38.5,-32.199999999999996" vel="0,0,0" mass="1" elasticityCoef="1" ang="90,0,0" color="0,220,0" radius="0.5" length="4" />
		<capsule pos="10.350000000000001,-38.5,-29.9" vel="0,0,0" mass="1" elasticityCoef="1" ang="90,0,0" color="0,220,0" radius="0.5" length="4" />
		<capsule pos="10.350000000000001,-38.5,-27.599999999999998" vel="0,0,0" mass="1" elasticityCoef="1" ang="90,0,0" color="0,220,0" radius="0.5" length="4" />
		<capsule pos="10.350000000000001,-38.5,-25.299999999999997" vel="0,0,0" mass="1" elasticityCoef="1" ang="90,0,0" color="0,220,0" radius="0.5" length="4" />
		<capsule pos="10.350000000000001,-38.5,-22.999999999999996" vel="0,0,0" mass="1" elasticityCoef="1" ang="90,0,0" color="0,220,0" radius="0.5" length="4" />
		<capsule pos="10.350000000000001,-38.5,-20.699999999999996" vel="0,0,0" mass="1" elasticityCoef="1" ang="90,0,0" color="0,220,0" radius="0.5" length="4" />
		<capsule pos="10.350000000000001,-38.5,-18.4" vel="0,0,0" mass="1" elasticityCoef="1" ang="90,0,0" color="0,220,0" radius="0.5" length="4" />
		<capsule pos="10.350000000000001,-38.5,-16.099999999999998" vel="0,0,0" mass="1" elasticityCoef="1" ang="90,0,0" color="0,220,0" radius="0.5" length="4" />
		<capsule pos="10.350000000000001,-38.5,-13.799999999999997" vel="0,0,0" mass="1" elasticityCoef="1" ang="90,0,0" color="0,220,0" radius="0.5" length="4" />
		<capsule pos="10.350000000000001,-38.5,-11.5" vel="0,0,0" mass="1" elasticityCoef="1" ang="90,0,0" color="0,220,0" radius="0.5" length="4" />
		<capsule pos="10.350000000000001,-38.5,-9.199999999999996" vel="0,0,0" mass="1" elasticityCoef="1" ang="90,0,0" color="0,220,0" radius="0.5" length="4" />
		<capsule pos="10.350000000000001,-38.5,-6.899999999999999" vel="0,0,0" mass="1" elasticityCoef="1" ang="90,0,0" color="0,220,0" radius="0.5" length="4" />
		<capsule pos="10.350000000000001,-38.5,-4.600000000000001" vel="0,0,0" mass="1" elasticityCoef="1" ang="90,0,0" color="0,220,0" radius="0.5" length="4" />
		<capsule pos="10.350000000000001,-38.5,-2.299999999999997" vel="0,0,0" mass="1" elasticityCoef="1" ang="90,0,0" color="0,220,0" radius="0.5" length="4" />
		<capsule pos="10.350000000000001,-38.5,0.0" vel="0,0,0" mass="1" elasticityCoef="1" ang="90,0,0" color="0,220,0" radius="0.5" length="4" />
		<capsule pos="10.350000000000001,-38.5,2.3000000000000043" vel="0,0,0" mass="1" elasticityCoef="1" ang="90,0,0" color="0,220,0" radius="0.5" length="4" />
		<capsule pos="10.350000000000001,-38.5,4.600000000000001" vel="0,0,0" mass="1" elasticityCoef="1" ang="90,0,0" color="0,220,0" radius="0.5" length="4" />
		<capsule pos="10.350000000000001,-38.5,6.899999999999999" vel="0,0,0" mass="1" elasticityCoef="1" ang="90,0,0" color="0,220,0" radius="0.5" length="4" />
		<capsule pos="10.350000000000001,-38.5,9.200000000000003" vel="0,0,0" mass="1" elasticityCoef="1" ang="90,0,0" color="0,220,0" radius="0.5" length="4" />
		<capsule pos="10.350000000000001,-38.5,11.5" vel="0,0,0" mass="1" elasticityCoef="1" ang="90,0,0" color="0,220,0" radius="0.5" length="4" />
		<capsule pos="10.350000000000001,-38.5,13.799999999999997" vel="0,0,0" mass="1" elasticityCoef="1" ang="90,0,0" color="0,220,0" radius="0.5" length="4" />
		<capsule pos="10.350000000000001,-38.5,16.1" vel="0,0,0" mass="1" elasticityCoef="1" ang="90,0,0" color="0,220,0" radius="0.5" length="4" />
		<capsule pos="10.350000000000001,-38.5,18.4" vel="0,0,0" mass="1" elasticityCoef="1" ang="90,0,0" color="0,220,0" radius="0.5" length="4" />
		<capsule pos="10.350000000000001,-38.5,20.699999999999996" vel="0,0,0" mass="1" elasticityCoef="1" ang="90,0,0" color="0,220,0" radius="0.5" length="4" />
		<capsule pos="10.350000000000001,-38.5,22.999999999999993" vel="0,0,0" mass="1" elasticityCoef="1" ang="90,0,0" color="0,220,0" radius="0.5" length="4" />
		<capsule pos="10.350000000000001,-38.5,25.300000000000004" vel="0,0,0" mass="1" elasticityCoef="1" ang="90,0,0" color="0,220,0" radius="0.5" length="4" />
		<capsule pos="10.350000000000001,-38.5,27.6" vel="0,0,0" mass="1" elasticityCoef="1" ang="90,0,0" color="0,220,0" radius="0.5" length="4" />
		<capsule pos="10.350000000000001,-38.5,29.9" vel="0,0,0" mass="1" elasticityCoef="1" ang="90,0,0" color="0,220,0" radius="0.5" length="4" />
		<capsule pos="10.350000000000001,-38.5,32.199999999999996" vel="0,0,0" mass="1" elasticityCoef="1" ang="90,0,0" color="0,220,0" radius="0.5" length="4" />
		<capsule pos="10.350000000000001,-38.5,34.49999999999999" vel="0,0,0" mass="1" elasticityCoef="1" ang="90,0,0" color="0,220,0" radius="0.5" length="4" />
		<capsule pos="10.350000000000001,-38.5,36.800000000000004" vel="0,0,0" mass="1" elasticityCoef="1" ang="90,0,0" color="0,220,0" radius="0.5" length="4" />
		<capsule pos="10.350000000000001,-38.5,39.1" vel="0,0,0" mass="1" elasticityCoef="1" ang="90,0,0" color="0,220,0" radius="0.5" length="4" />
		<capsule pos="10.350000000000001,-38.5,41.4" vel="0,0,0" mass="1" elasticityCoef="1" ang="90,0,0" color="0,220,0" radius="0.5" length="4" />
		<capsule pos="10.350000000000001,-33.0,-43.699999999999996" vel="0,0,0" mass="1" elasticityCoef="1" ang="90,0,0" color="0,220,0" radius="0.5" length="4" />
		<capsule pos="10.350000000000001,-33.0,-41.4" vel="0,0,0" mass="1" elasticityCoef="1" ang="90,0,0" color="0,220,0" radius="0.5" length="4" />
		<capsule pos="10.350000000000001,-33.0,-39.099999999999994" vel="0,0,0" mass="1" elasticityCoef="1" ang="90,0,0" color="0,220,0" radius="0.5" length="4" />
		<capsule pos="10.350000000000001,-33.0,-36.8" vel="0,0,0" mass="1" elasticityCoef="1" ang="90,0,0" color="0,220,0" radius="0.5" length="4" />
		<capsule pos="10.350000000000001,-33.0,-34.5" vel="0,0,0" mass="1" elasticityCoef="1" ang="90,0,0" color="0,220,0" radius="0.5" length="4" />
		<capsule pos="10.350000000000001,-33.0,-32.199999999999996" vel="0,0,0" mass="1" elasticityCoef="1" ang="90,0,0" color="0,220,0" radius="0.5" length="4" />
		<capsule pos="10.350000000000001,-33.0,-29.9" vel="0,0,0" mass="1" elasticityCoef="1" ang="90,0,0" color="0,220,0" radius="0.5" length="4" />
		<capsule pos="10.350000000000001,-33.0,-27.599999999999998" vel="0,0,0" mass="1" elasticityCoef="1" ang="90,0,0" color="0,220,0" radius="0.5" length="4" />
		<capsule pos="10.350000000000001,-33.0,-25.299999999999997" vel="0,0,0" mass="1" elasticityCoef="1" ang="90,0,0" color="0,220,0" radius="0.5" length="4" />
		<capsule pos="10.350000000000001,-33.0,-22.999999999999996" vel="0,0,0" mass="1" elasticityCoef="1" ang="90,0,0" color="0,220,0" radius="0.5" length="4" />
		<capsule pos="10.350000000000001,-33.0,-20.699999999999996" vel="0,0,0" mass="1" elasticityCoef="1" ang="90,0,0" color="0,220,0" radius="0.5" length="4" />
		<capsule pos="10.350000000000001,-33.0,-18.4" vel="0,0,0" mass="1" elasticityCoef="1" ang="90,0,0" color="0,220,0" radius="0.5" length="4" />
		<capsule pos="10.350000000000001,-33.0,-16.099999999999998" vel="0,0,0" mass="1" elasticityCoef="1" ang="90,0,0" color="0,220,0" radius="0.5" length="4" />
		<capsule pos="10.350000000000001,-33.0,-13.799999999999997" vel="0,0,0" mass="1" elasticityCoef="1" ang="90,0,0" color="0,220,0" radius="0.5" length="4" />
		<capsule pos="10.350000000000001,-33.0,-11.5" vel="0,0,0" mass="1" elasticityCoef="1" ang="90,0,0" color="0,220,0" radius="0.5" length="4" />
		<capsule pos="10.350000000000001,-33.0,-9.199999999999996" vel="0,0,0" mass="1" elasticityCoef="1" ang="90,0,0" color="0,220,0" radius="0.5" length="4" />
		<capsule pos="10.350000000000001,-33.0,-6.899999999999999" vel="0,0,0" mass="1" elasticityCoef="1" ang="90,0,0" color="0,220,0" radius="0.5" length="4" />
		<capsule pos="10.350000000000001,-33.0,-4.600000000000001" vel="0,0,0" mass="1" elasticityCoef="1" ang="90,0,0" color="0,220,0" radius="0.5" length="4" />
		<capsule pos="10.350000000000001,-33.0,-2.299999999999997" vel="0,0,0" mass="1" elasticityCoef="1" ang="90,0,0" color="0,220,0" radius="0.5" length="4" />
		<capsule pos="10.350000000000001,-33.0,0.0" vel="0,0,0" mass="1" elasticityCoef="1" ang="90,0,0" color="0,220,0" radius="0.5" length="4" />
		<capsule pos="10.350000000000001,-33.0,2.3000000000000043" vel="0,0,0" mass="1" elasticityCoef="1" ang="90,0,0" color="0,220,0" radius="0.5" length="4" />
		<capsule pos="10.350000000000001,-33.0,4.600000000000001" vel="0,0,0" mass="1" elasticityCoef="1" ang="90,0,0" color="0,220,0" radius="0.5" length="4" />
		<capsule pos="10.350000000000001,-33.0,6.899999999999999" vel="0,0,0" mass="1" elasticityCoef="1" ang="90,0,0" color="0,220,0" radius="0.5" length="4" />
		<capsule pos="10.350000000000001,-33.0,9.200000000000003" vel="0,0,0" mass="1" elasticityCoef="1" ang="90,0,0" color="0,220,0" radius="0.5" length="4" />
		<capsule pos="10.350000000000001,-33.0,11.5" vel="0,0,0" mass="1" elasticityCoef="1" ang="90,0,0" color="0,220,0" radius="0.5" length="4" />
		<capsule pos="10.350000000000001,-33.0,13.799999999999997" vel="0,0,0" mass="1" elasticityCoef="1" ang="90,0,0" color="0,220,0" radius="0.5" length="4" />
		<capsule pos="10.350000000000001,-33.0,16.1" vel="0,0,0" mass="1" elasticityCoef="1" ang="90,0,0" color="0,220,0" radius="0.5" length="4" />
		<capsule pos="10.350000000000001,-33.0,18.4" vel="0,0,0" mass="1" elasticityCoef="1" ang="90,0,0" color="0,220,0" radius="0.5" length="4" />
		<capsule pos="10.350000000000001,-33.0,20.699999999999996" vel="0,0,0" mass="1" elasticityCoef="1" ang="90,0,0" color="0,220,0" radius="0.5" length="4" />
		<capsule pos="10.350000000000001,-33.0,22.999999999999993" vel="0,0,0" mass="1" elasticityCoef="1" ang="90,0,0" color="0,220,0" radius="0.5" length="4" />
		<capsule pos="10.350000000000001,-33.0,25.300000000000004" vel="0,0,0" mass="1" elasticityCoef="1" ang="90,0,0" color="0,220,0" radius="0.5" length="4" />
		<capsule pos="10.350000000000001,-33.0,27.6" vel="0,0,0" mass="1" elasticityCoef="1" ang="90,0,0" color="0,220,0" radius="0.5" length="4" />
		<capsule pos="10.350000000000001,-33.0,29.9" vel="0,0,0" mass="1" elasticityCoef="1" ang="90,0,0" color="0,220,0" radius="0.5" length="4" />
		<capsule pos="10.350000000000001,-33.0,32.199999999999996" vel="0,0,0" mass="1" elasticityCoef="1" ang="90,0,0" color="0,220,0" radius="0.5" length="4" />
		<capsule pos="10.350000000000001,-33.0,34.49999999999999" vel="0,0,0" mass="1" elasticityCoef="1" ang="90,0,0" color="0,220,0" radius="0.5" length="4" />
		<capsule pos="10.350000000000001,-33.0,36.800000000000004" vel="0,0,0" mass="1" elasticityCoef="1" ang="90,0,0" color="0,220,0" radius="0.5" length="4" />
		<capsule pos="10.350000000000001,-33.0,39.1" vel="0,0,0" mass="1" elasticityCoef="1" ang="90,0,0" color="0,220,0" radius="0.5" length="4" />
		<capsule pos="10.350000000000001,-33.0,41.4" vel="0,0,0" mass="1" elasticityCoef="1" ang="90,0,0" color="0,220,0" radius="0.5" length="4" />
		<capsule pos="10.350000000000001,-27.5,-43.699999999999996" vel="0,0,0" mass="1" elasticityCoef="1" ang="90,0,0" color="0,220,0" radius="0.5" length="4" />
		<capsule pos="10.350000000000001,-27.5,-41.4" vel="0,0,0" mass="1" elasticityCoef="1" ang="90,0,0" color="0,220,0" radius="0.5" length="4" />
		<capsule pos="10.350000000000001,-27.5,-39.099999999999994" vel="0,0,0" mass="1" elasticityCoef="1" ang="90,0,0" color="0,220,0" radius="0.5" length="4" />
		<capsule pos="10.350000000000001,-27.5,-36.8" vel="0,0,0" mass="1" elasticityCoef="1" ang="90,0,0" color="0,220,0" radius="0.5" length="4" />
		<capsule pos="10.350000000000001,-27.5,-34.5" vel="0,0,0" mass="1" elasticityCoef="1" ang="90,0,0" color="0,220,0" radius="0.5" length="4" />
		<capsule pos="10.350000000000001,-27.5,-32.199999999999996" vel="0,0,0" mass="1" elasticityCoef="1" ang="90,0,0" color="0,220,0" radius="0.5" length="4" />
		<capsule pos="10.350000000000001,-27.5,-29.9" vel="0,0,0" mass="1" elasticityCoef="1" ang="90,0,0" color="0,220,0" radius="0.5" length="4" />
		<capsule pos="10.350000000000001,-27.5,-27.599999999999998" vel="0,0,0" mass="1" elasticityCoef="1" ang="90,0,0" color="0,220,0" radius="0.5" length="4" />
		<capsule pos="10.350000000000001,-27.5,-25.299999999999997" vel="0,0,0" mass="1" elasticityCoef="1" ang="90,0,0" color="0,220,0" radius="0.5" length="4" />
		<capsule pos="10.350000000000001,-27.5,-22.999999999999996" vel="0,0,0" mass="1" elasticityCoef="1" ang="90,0,0" color="0,220,0" radius="0.5" length="4" />
		<capsule pos="10.350000000000001,-27.5,-20.699999999999996" vel="0,0,0" mass="1" elasticityCoef="1" ang="90,0,0" color="0,220,0" radius="0.5" length="4" />
		<capsule pos="10.350000000000001,-27.5,-18.4" vel="0,0,0" mass="1" elasticityCoef="1" ang="90,0,0" color="0,220,0" radius="0.5" length="4" />
		<capsule pos="10.350000000000001,-27.5,-16.099999999999998" vel="0,0,0" mass="1" elasticityCoef="1" ang="90,0,0" color="0,220,0" radius="0.5" length="4" />
		<capsule pos="10.350000000000001,-27.5,-13.799999999999997" vel="0,0,0" mass="1" elasticityCoef="1" ang="90,0,0" color="0,220,0" radius="0.5" length="4" />
		<capsule pos="10.350000000000001,-27.5,-11.5" vel="0,0,0" mass="1" elasticityCoef="1" ang="90,0,0" color="0,220,0" radius="0.5" length="4" />
		<capsule pos="10.350000000000001,-27.5,-9.199999999999996" vel="0,0,0" mass="1" elasticityCoef="1" ang="90,0,0" color="0,220,0" radius="0.5" length="4" />
		<capsule pos="10.350000000000001,-27.5,-6.899999999999999" vel="0,0,0" mass="1" elasticityCoef="1" ang="90,0,0" color="0,220,0" radius="0.5" length="4" />
		<capsule pos="10.350000000000001,-27.5,-4.600000000000001" vel="0,0,0" mass="1" elasticityCoef="1" ang="90,0,0" color="0,220,0" radius="0.5" length="4" />
		<capsule pos="10.350000000000001,-27.5,-2.299999999999997" vel="0,0,0" mass="1" elasticityCoef="1" ang="90,0,0" color="0,220,0" radius="0.5" length="4" />
		<capsule pos="10.350000000000001,-27.5,0.0" vel="0,0,0" mass="1" elasticityCoef="1" ang="90,0,0" color="0,220,0" radius="0.5" length="4" />
		<capsule pos="10.350000000000001,-27.5,2.3000000000000043" vel="0,0,0" mass="1" elasticityCoef="1" ang="90,0,0" color="0,220,0" radius="0.5" length="4" />
		<capsule pos="10.350000000000001,-27.5,4.600000000000001" vel="0,0,0" mass="1" elasticityCoef="1" ang="90,0,0" color="0,220,0" radius="0.5" length="4" />
		<capsule pos="10.350000000000001,-27.5,6.899999999999999" vel="0,0,0" mass="1" elasticityCoef="1" ang="90,0,0" color="0,220,0" radius="0.5" length="4" />
		<capsule pos="10.350000000000001,-27.5,9.200000000000003" vel="0,0,0" mass="1" elasticityCoef="1" ang="90,0,0" color="0,220,0" radius="0.5" length="4" />
		<capsule pos="10.350000000000001,-27.5,11.5" vel="0,0,0" mass="1" elasticityCoef="1" ang="90,0,0" color="0,220,0" radius="0.5" length="4" />
		<capsule pos="10.350000000000001,-27.5,13.799999999999997" vel="0,0,0" mass="1" elasticityCoef="1" ang="90,0,0" color="0,220,0" radius="0.5" length="4" />
		<capsule pos="10.350000000000001,-27.5,16.1" vel="0,0,0" mass="1" elasticityCoef="1" ang="90,0,0" color="0,220,0" radius="0.5" length="4" />
		<capsule pos="10.350000000000001,-27.5,18.4" vel="0,0,0" mass="1" elasticityCoef="1" ang="90,0,0" color="0,220,0" radius="0.5" length="4" />
		<capsule pos="10.350000000000001,-27.5,20.699999999999996" vel="0,0,0" mass="1" elasticityCoef="1" ang="90,0,0" color="0,220,0" radius="0.5" length="4" />
		<capsule pos="10.350000000000001,-27.5,22.999999999999993" vel="0,0,0" mass="1" elasticityCoef="1" ang="90,0,0" color="0,220,0" radius="0.5" length="4" />
		<capsule pos="10.350000000000001,-27.5,25.300000000000004" vel="0,0,0" mass="1" elasticityCoef="1" ang="90,0,0" color="0,220,0" radius="0.5" length="4" />
		<capsule pos="10.350000000000001,-27.5,27.6" vel="0,0,0" mass="1" elasticityCoef="1" ang="90,0,0" color="0,220,0" radius="0.5" length="4" />
		<capsule pos="10.350000000000001,-27.5,29.9" vel="0,0,0" mass="1" elasticityCoef="1" ang="90,0,0" color="0,220,0" radius="0.5" length="4" />
		<capsule pos="10.350000000000001,-27.5,32.199999999999996" vel="0,0,0" mass="1" elasticityCoef="1" ang="90,0,0" color="0,220,0" radius="0.5" length="4" />
		<capsule pos="10.350000000000001,-27.5,34.49999999999999" vel="0,0,0" mass="1" elasticityCoef="1" ang="90,0,0" color="0,220,0" radius="0.5" length="4" />
		<capsule pos="10.350000000000001,-27.5,36.800000000000004" vel="0,0,0" mass="1" elasticityCoef="1" ang="90,0,0" color="0,220,0" radius="0.5" length="4" />
		<capsule pos="10.350000000000001,-27.5,39.1" vel="0,0,0" mass="1" elasticityCoef="1" ang="90,0,0" color="0,220,0" radius="0.5" length="4" />
		<capsule pos="10.350000000000001,-27.5,41.4" vel="0,0,0" mass="1" elasticityCoef="1" ang="90,0,0" color="0,220,0" radius="0.5" length="4" />
		<capsule pos="10.350000000000001,-22.0,-43.699999999999996" vel="0,0,0" mass="1" elasticityCoef="1" ang="90,0,0" color="0,220,0" radius="0.5" length="4" />
		<capsule pos="10.350000000000001,-22.0,-41.4" vel="0,0,0" mass="1" elasticityCoef="1" ang="90,0,0" color="0,220,0" radius="0.5" length="4" />
		<capsule pos="10.350000000000001,-22.0,-39.099999999999994" vel="0,0,0" mass="1" elasticityCoef="1" ang="90,0,0" color="0,220,0" radius="0.5" length="4" />
		<capsule pos="10.350000000000001,-22.0,-36.8" vel="0,0,0" mass="1" elasticityCoef="1" ang="90,0,0" color="0,220,0" radius="0.5" length="4" />
		<capsule pos="10.350000000000001,-22.0,-34.5" vel="0,0,0" mass="1" elasticityCoef="1" ang="90,0,0" color="0,220,0" radius="0.5" length="4" />
		<capsule pos="10.350000000000001,-22.0,-32.199999999999996" vel="0,0,0" mass="1" elasticityCoef="1" ang="90,0,0" color="0,220,0" radius="0.5" length="4" />
		<capsule pos="10.350000000000001,-22.0,-29.9" vel="0,0,0" mass="1" elasticityCoef="1" ang="90,0,0" color="0,220,0" radius="0.5" length="4" />
		<capsule pos="10.350000000000001,-22.0,-27.599999999999998" vel="0,0,0" mass="1" elasticityCoef="1" ang="90,0,0" color="0,220,0" radius="0.5" length="4" />
		<capsule pos="10.350000000000001,-22.0,-25.299999999999997" vel="0,0,0" mass="1" elasticityCoef="1" ang="90,0,0" color="0,220,0" radius="0.5" length="4" />
		<capsule pos="10.350000000000001,-22.0,-22.999999999999996" vel="0,0,0" mass="1" elasticityCoef="1" ang="90,0,0" color="0,220,0" radius="0.5" length="4" />
		<capsule pos="10.350000000000001,-22.0,-20.699999999999996" vel="0,0,0" mass="1" elasticityCoef="1" ang="90,0,0" color="0,220,0" radius="0.5" length="4" />
		<capsule pos="10.350000000000001,-22.0,-18.4" vel="0,0,0" mass="1" elasticityCoef="1" ang="90,0,0" color="0,220,0" radius="0.5" length="4" />
		<capsule pos="10.350000000000001,-22.0,-16.099999999999998" vel="0,0,0" mass="1" elasticityCoef="1" ang="90,0,0" color="0,220,0" radius="0.5" length="4" />
		<capsule pos="10.350000000000001,-22.0,-13.799999999999997" vel="0,0,0" mass="1" elasticityCoef="1" ang="90,0,0" color="0,220,0" radius="0.5" length="4" />
		<capsule pos="10.350000000000001,-22.0,-11.5" vel="0,0,0" mass="1" elasticityCoef="1" ang="90,0,0" color="0,220,0" radius="0.5" length="4" />
		<capsule pos="10.350000000000001,-22.0,-9.199999999999996" vel="0,0,0" mass="1" elasticityCoef="1" ang="90,0,0" color="0,220,0" radius="0.5" length="4" />
		<capsule pos="10.350000000000001,-22.0,-6.899999999999999" vel="0,0,0" mass="1" elasticityCoef="1" ang="90,0,0" color="0,220,0" radius="0.5" length="4" />
		<capsule pos="10.350000000000001,-22.0,-4.600000000000001" vel="0,0,0" mass="1" elasticityCoef="1" ang="90,0,0" color="0,220,0" radius="0.5" length="4" />
		<capsule pos="10.350000000000001,-22.0,-2.299999999999997" vel="0,0,0" mass="1" elasticityCoef="1" ang="90,0,0" color="0,220,0" radius="0.5" length="4" />
		<capsule pos="10.350000000000001,-22.0,0.0" vel="0,0,0" mass="1" elasticityCoef="1" ang="90,0,0" color="0,220,0" radius="0.5" length="4" />
		<capsule pos="10.350000000000001,-22.0,2.3000000000000043" vel="0,0,0" mass="1" elasticityCoef="1" ang="90,0,0" color="0,220,0" radius="0.5" length="4" />
		<capsule pos="10.350000000000001,-22.0,4.600000000000001" vel="0,0,0" mass="1" elasticityCoef="1" ang="90,0,0" color="0,220,0" radius="0.5" length="4" />
		<capsule pos="10.350000000000001,-22.0,6.899999999999999" vel="0,0,0" mass="1" elasticityCoef="1" ang="90,0,0" color="0,220,0" radius="0.5" length="4" />
		<capsule pos="10.350000000000001,-22.0,9.200000000000003" vel="0,0,0" mass="1" elasticityCoef="1" ang="90,0,0" color="0,220,0" radius="0.5" length="4" />
		<capsule pos="10.350000000000001,-22.0,11.5" vel="0,0,0" mass="1" elasticityCoef="1" ang="90,0,0" color="0,220,0" radius="0.5" length="4" />
		<capsule pos="10.350000000000001,-22.0,13.799999999999997" vel="0,0,0" mass="1" elasticityCoef="1" ang="90,0,0" color="0,220,0" radius="0.5" length="4" />
		<capsule pos="10.350000000000001,-22.0,16.1" vel="0,0,0" mass="1" elasticityCoef="1" ang="90,0,0" color="0,220,0" radius="0.5" length="4" />
		<capsule pos="10.350000000000001,-22.0,18.4" vel="0,0,0" mass="1" elasticityCoef="1" ang="90,0,0" color="0,220,0" radius="0.5" length="4" />
		<capsule pos="10.350000000000001,-22.0,20.699999999999996" vel="0,0,0" mass="1" elasticityCoef="1" ang="90,0,0" color="0,220,0" radius="0.5" length="4" />
		<capsule pos="10.350000000000001,-22.0,22.999999999999993" vel="0,0,0" mass="1" elasticityCoef="1" ang="90,0,0" color="0,220,0" radius="0.5" length="4" />
		<capsule pos="10.350000000000001,-22.0,25.300000000000004" vel="0,0,0" mass="1" elasticityCoef="1" ang="90,0,0" color="0,220,0" radius="0.5" length="4" />
		<capsule pos="10.350000000000001,-22.0,27.6" vel="0,0,0" mass="1" elasticityCoef="1" ang="90,0,0" color="0,220,0" radius="0.5" length="4" />
		<capsule pos="10.350000000000001,-22.0,29.9" vel="0,0,0" mass="1" elasticityCoef="1" ang="90,0,0" color="0,220,0" radius="0.5" length="4" />
		<capsule pos="10.350000000000001,-22.0,32.199999999999996" vel="0,0,0" mass="1" elasticityCoef="1" ang="90,0,0" color="0,220,0" radius="0.5" length="4" />
		<capsule pos="10.350000000000001,-22.0,34.49999999999999" vel="0,0,0" mass="1" elasticityCoef="1" ang="90,0,0" color="0,220,0" radius="0.5" length="4" />
		<capsule pos="10.350000000000001,-22.0,36.800000000000004" vel="0,0,0" mass="1" elasticityCoef="1" ang="90,0,0" color="0,220,0" radius="0.5" length="4" />
		<capsule pos="10.350000000000001,-22.0,39.1" vel="0,0,0" mass="1" elasticityCoef="1" ang="90,0,0" color="0,220,0" radius="0.5" length="4" />
		<capsule pos="10.350000000000001,-22.0,41.4" vel="0,0,0" mass="1" elasticityCoef="1" ang="90,0,0" color="0,220,0" radius="0.5" length="4" />
		<capsule pos="10.350000000000001,-16.5,-43.699999999999996" vel="0,0,0" mass="1" elasticityCoef="1" ang="90,0,0" color="0,220,0" radius="0.5" length="4" />
		<capsule pos="10.350000000000001,-16.5,-41.4" vel="0,0,0" mass="1" elasticityCoef="1" ang="90,0,0" color="0,220,0" radius="0.5" length="4" />
		<capsule pos="10.350000000000001,-16.5,-39.099999999999994" vel="0,0,0" mass="1" elasticityCoef="1" ang="90,0,0" color="0,220,0" radius="0.5" length="4" />
		<capsule pos="10.350000000000001,-16.5,-36.8" vel="0,0,0" mass="1" elasticityCoef="1" ang="90,0,0" color="0,220,0" radius="0.5" length="4" />
		<capsule pos="10.350000000000001,-16.5,-34.5" vel="0,0,0" mass="1" elasticityCoef="1" ang="90,0,0" color="0,220,0" radius="0.5" length="4" />
		<capsule pos="10.350000000000001,-16.5,-32.199999999999996" vel="0,0,0" mass="1" elasticityCoef="1" ang="90,0,0" color="0,220,0" radius="0.5" length="4" />
		<capsule pos="10.350000000000001,-16.5,-29.9" vel="0,0,0" mass="1" elasticityCoef="1" ang="90,0,0" color="0,220,0" radius="0.5" length="4" />
		<capsule pos="10.350000000000001,-16.5,-27.599999999999998" vel="0,0,0" mass="1" elasticityCoef="1" ang="90,0,0" color="0,220,0" radius="0.5" length="4" />
		<capsule pos="10.350000000000001,-16.5,-25.299999999999997" vel="0,0,0" mass="1" elasticityCoef="1" ang="90,0,0" color="0,220,0" radius="0.5" length="4" />
		<capsule pos="10.350000000000001,-16.5,-22.999999999999996" vel="0,0,0" mass="1" elasticityCoef="1" ang="90,0,0" color="0,220,0" radius="0.5" length="4" />
		<capsule pos="10.350000000000001,-16.5,-20.699999999999996" vel="0,0,0" mass="1" elasticityCoef="1" ang="90,0,0" color="0,220,0" radius="0.5" length="4" />
		<capsule pos="10.350000000000001,-16.5,-18.4" vel="0,0,0" mass="1" elasticityCoef="1" ang="90,0,0" color="0,220,0" radius="0.5" length="4" />
		<capsule pos="10.350000000000001,-16.5,-16.099999999999998" vel="0,0,0" mass="1" elasticityCoef="1" ang="90,0,0" color="0,220,0" radius="0.5" length="4" />
		<capsule pos="10.350000000000001,-16.5,-13.799999999999997" vel="0,0,0" mass="1" elasticityCoef="1" ang="90,0,0" color="0,220,0" radius="0.5" length="4" />
		<capsule pos="10.350000000000001,-16.5,-11.5" vel="0,0,0" mass="1" elasticityCoef="1" ang="90,0,0" color="0,220,0" radius="0.5" length="4" />
		<capsule pos="10.350000000000001,-16.5,-9.199999999999996" vel="0,0,0" mass="1" elasticityCoef="1" ang="90,0,0" color="0,220,0" radius="0.5" length="4" />
		<capsule pos="10.350000000000001,-16.5,-6.899999999999999" vel="0,0,0" mass="1" elasticityCoef="1" ang="90,0,0" color="0,220,0" radius="0.5" length="4" />
		<capsule pos="10.350000000000001,-16.5,-4.600000000000001" vel="0,0,0" mass="1" elasticityCoef="1" ang="90,0,0" color="0,220,0" radius="0.5" length="4" />
		<capsule pos="10.350000000000001,-16.5,-2.299999999999997" vel="0,0,0" mass="1" elasticityCoef="1" ang="90,0,0" color="0,220,0" radius="0.5" length="4" />
		<capsule pos="10.350000000000001,-16.5,0.0" vel="0,0,0" mass="1" elasticityCoef="1" ang="90,0,0" color="0,220,0" radius="0.5" length="4" />
		<capsule pos="10.350000000000001,-16.5,2.3000000000000043" vel="0,0,0" mass="1" elasticityCoef="1" ang="90,0,0" color="0,220,0" radius="0.5" length="4" />
		<capsule pos="10.350000000000001,-16.5,4.600000000000001" vel="0,0,0" mass="1" elasticityCoef="1" ang="90,0,0" color="0,220,0" radius="0.5" length="4" />
		<capsule pos="10.350000000000001,-16.5,6.899999999999999" vel="0,0,0" mass="1" elasticityCoef="1" ang="90,0,0" color="0,220,0" radius="0.5" length="4" />
		<capsule pos="10.350000000000001,-16.5,9.200000000000003" vel="0,0,0" mass="1" elasticityCoef="1" ang="90,0,0" color="0,220,0" radius="0.5" length="4" />
		<capsule pos="10.350000000000001,-16.5,11.5" vel="0,0,0" mass="1" elasticityCoef="1" ang="90,0,0" color="0,220,0" radius="0.5" length="4" />
		<capsule pos="10.350000000000001,-16.5,13.799999999999997" vel="0,0,0" mass="1" elasticityCoef="1" ang="90,0,0" color="0,220,0" radius="0.5" length="4" />
		<capsule pos="10.350000000000001,-16.5,16.1" vel="0,0,0" mass="1" elasticityCoef="1" ang="90,0,0" color="0,220,0" radius="0.5" length="4" />
		<capsule pos="10.350000000000001,-16.5,18.4" vel="0,0,0" mass="1" elasticityCoef="1" ang="90,0,0" color="0,220,0" radius="0.5" length="4" />
		<capsule pos="10.350000000000001,-16.5,20.699999999999996" vel="0,0,0" mass="1" elasticityCoef="1" ang="90,0,0" color="0,220,0" radius="0.5" length="4" />
		<capsule pos="10.350000000000001,-16.5,22.999999999999993" vel="0,0,0" mass="1" elasticityCoef="1" ang="90,0,0" color="0,220,0" radius="0.5" length="4" />
		<capsule pos="10.350000000000001,-16.5,25.300000000000004" vel="0,0,0" mass="1" elasticityCoef="1" ang="90,0,0" color="0,220,0" radius="0.5" length="4" />
		<capsule pos="10.350000000000001,-16.5,27.6" vel="0,0,0" mass="1" elasticityCoef="1" ang="90,0,0" color="0,220,0" radius="0.5" length="4" />
		<capsule pos="10.350000000000001,-16.5,29.9" vel="0,0,0" mass="1" elasticityCoef="1" ang="90,0,0" color="0,220,0" radius="0.5" length="4" />
		<capsule pos="10.350000000000001,-16.5,32.199999999999996" vel="0,0,0" mass="1" elasticityCoef="1" ang="90,0,0" color="0,220,0" radius="0.5" length="4" />
		<capsule pos="10.350000000000001,-16.5,34.49999999999999" vel="0,0,0" mass="1" elasticityCoef="1" ang="90,0,0" color="0,220,0" radius="0.5" length="4" />
		<capsule pos="10.350000000000001,-16.5,36.800000000000004" vel="0,0,0" mass="1" elasticityCoef="1" ang="90,0,0" color="0,220,0" radius="0.5" length="4" />
		<capsule pos="10.350000000000001,-16.5,39.1" vel="0,0,0" mass="1" elasticityCoef="1" ang="90,0,0" color="0,220,0" radius="0.5" length="4" />
		<capsule pos="10.350000000000001,-16.5,41.4" vel="0,0,0" mass="1" elasticityCoef="1" ang="90,0,0" color="0,220,0" radius="0.5" length="4" />
		<capsule pos="10.350000000000001,-11.0,-43.699999999999996" vel="0,0,0" mass="1" elasticityCoef="1" ang="90,0,0" color="0,220,0" radius="0.5" length="4" />
		<capsule pos="10.350000000000001,-11.0,-41.4" vel="0,0,0" mass="1" elasticityCoef="1" ang="90,0,0" color="0,220,0" radius="0.5" length="4" />
		<capsule pos="10.350000000000001,-11.0,-39.099999999999994" vel="0,0,0" mass="1" elasticityCoef="1" ang="90,0,0" color="0,220,0" radius="0.5" length="4" />
		<capsule pos="10.350000000000001,-11.0,-36.8" vel="0,0,0" mass="1" elasticityCoef="1" ang="90,0,0" color="0,220,0" radius="0.5" length="4" />
		<capsule pos="10.350000000000001,-11.0,-34.5" vel="0,0,0" mass="1" elasticityCoef="1" ang="90,0,0" color="0,220,0" radius="0.5" length="4" />
		<capsule pos="10.350000000000001,-11.0,-32.199999999999996" vel="0,0,0" mass="1" elasticityCoef="1" ang="90,0,0" color="0,220,0" radius="0.5" length="4" />
		<capsule pos="10.350000000000001,-11.0,-29.9" vel="0,0,0" mass="1" elasticityCoef="1" ang="90,0,0" color="0,220,0" radius="0.5" length="4" />
		<capsule pos="10.350000000000001,-11.0,-27.599999999999998" vel="0,0,0" mass="1" elasticityCoef="1" ang="90,0,0" color="0,220,0" radius="0.5" length="4" />
		<capsule pos="10.350000000000001,-11.0,-25.299999999999997" vel="0,0,0" mass="1" elasticityCoef="1" ang="90,0,0" color="0,220,0" radius="0.5" length="4" />
		<capsule pos="10.350000000000001,-11.0,-22.999999999999996" vel="0,0,0" mass="1" elasticityCoef="1" ang="90,0,0" color="0,220,0" radius="0.5" length="4" />
		<capsule pos="10.350000000000001,-11.0,-20.699999999999996" vel="0,0,0" mass="1" elasticityCoef="1" ang="90,0,0" color="0,220,0" radius="0.5" length="4" />
		<capsule pos="10.350000000000001,-11.0,-18.4" vel="0,0,0" mass="1" elasticityCoef="1" ang="90,0,0" color="0,220,0" radius="0.5" length="4" />
		<capsule pos="10.350000000000001,-11.0,-16.099999999999998" vel="0,0,0" mass="1" elasticityCoef="1" ang="90,0,0" color="0,220,0" radius="0.5" length="4" />
		<capsule pos="10.350000000000001,-11.0,-13.799999999999997" vel="0,0,0" mass="1" elasticityCoef="1" ang="90,0,0" color="0,220,0" radius="0.5" length="4" />
		<capsule pos="10.350000000000001,-11.0,-11.5" vel="0,0,0" mass="1" elasticityCoef="1" ang="90,0,0" color="0,220,0" radius="0.5" length="4" />
		<capsule pos="10.350000000000001,-11.0,-9.199999999999996" vel="0,0,0" mass="1" elasticityCoef="1" ang="90,0,0" color="0,220,0" radius="0.5" length="4" />
		<capsule pos="10.350000000000001,-11.0,-6.899999999999999" vel="0,0,0" mass="1" elasticityCoef="1" ang="90,0,0" color="0,220,0" radius="0.5" length="4" />
		<capsule pos="10.350000000000001,-11.0,-4.600000000000001" vel="0,0,0" mass="1" elasticityCoef="1" ang="90,0,0" color="0,220,0" radius="0.5" length="4" />
		<capsule pos="10.350000000000001,-11.0,-2.299999999999997" vel="0,0,0" mass="1" elasticityCoef="1" ang="90,0,0" color="0,220,0" radius="0.5" length="4" />
		<capsule pos="10.350000000000001,-11.0,0.0" vel="0,0,0" mass="1" elasticityCoef="1" ang="90,0,0" color="0,220,0" radius="0.5" length="4" />
		<capsule pos="10.350000000000001,-11.0,2.3000000000000043" vel="0,0,0" mass="1" elasticityCoef="1" ang="90,0,0" color="0,220,0" radius="0.5" length="4" />
		<capsule pos="10.350000000000001,-11.0,4.600000000000001" vel="0,0,0" mass="1" elasticityCoef="1" ang="90,0,0" color="0,220,0" radius="0.5" length="4" />
		<capsule pos="10.350000000000001,-11.0,6.899999999999999" vel="0,0,0" mass="1" elasticityCoef="1" ang="90,0,0" color="0,220,0" radius="0.5" length="4" />
		<capsule pos="10.350000000000001,-11.0,9.200000000000003" vel="0,0,0" mass="1" elasticityCoef="1" ang="90,0,0" color="0,220,0" radius="0.5" length="4" />
		<capsule pos="10.350000000000001,-11.0,11.5" vel="0,0,0" mass="1" elasticityCoef="1" ang="90,0,0" color="0,220,0" radius="0.5" length="4" />
		<capsule pos="10.350000000000001,-11.0,13.799999999999997" vel="0,0,0" mass="1" elasticityCoef="1" ang="90,0,0" color="0,220,0" radius="0.5" length="4" />
		<capsule pos="10.350000000000001,-11.0,16.1" vel="0,0,0" mass="1" elasticityCoef="1" ang="90,0,0" color="0,220,0" radius="0.5" length="4" />
		<capsule pos="10.350000000000001,-11.0,18.4" vel="0,0,0" mass="1" elasticityCoef="1" ang="90,0,0" color="0,220,0" radius="0.5" length="4" />
		<capsule pos="10.350000000000001,-11.0,20.699999999999996" vel="0,0,0" mass="1" elasticityCoef="1" ang="90,0,0" color="0,220,0" radius="0.5" length="4" />
		<capsule pos="10.350000000000001,-11.0,22.999999999999993" vel="0,0,0" mass="1" elasticityCoef="1" ang="90,0,0" color="0,220,0" radius="0.5" length="4" />
		<capsule pos="10.350000000000001,-11.0,25.300000000000004" vel="0,0,0" mass="1" elasticityCoef="1" ang="90,0,0" color="0,220,0" radius="0.5" length="4" />
		<capsule pos="10.350000000000001,-11.0,27.6" vel="0,0,0" mass="1" elasticityCoef="1" ang="90,0,0" color="0,220,0" radius="0.5" length="4" />
		<capsule pos="10.350000000000001,-11.0,29.9" vel="0,0,0" mass="1" elasticityCoef="1" ang="90,0,0" color="0,220,0" radius="0.5" length="4" />
		<capsule pos="10.350000000000001,-11.0,32.199999999999996" vel="0,0,0" mass="1" elasticityCoef="1" ang="90,0,0" color="0,220,0" radius="0.5" length="4" />
		<capsule pos="10.350000000000001,-11.0,34.49999999999999" vel="0,0,0" mass="1" elasticityCoef="1" ang="90,0,0" color="0,220,0" radius="0.5" length="4" />
		<capsule pos="10.350000000000001,-11.0,36.800000000000004" vel="0,0,0" mass="1" elasticityCoef="1" ang="90,0,0" color="0,220,0" radius="0.5" length="4" />
		<capsule pos="10.350000000000001,-11.0,39.1" vel="0,0,0" mass="1" elasticityCoef="1" ang="90,0,0" color="0,220,0" radius="0.5" length="4" />
		<capsule pos="10.350000000000001,-11.0,41.4" vel="0,0,0" mass="1" elasticityCoef="1" ang="90,0,0" color="0,220,0" radius="0.5" length="4" />
		<capsule pos="10.350000000000001,-5.5,-43.699999999999996" vel="0,0,0" mass="1" elasticityCoef="1" ang="90,0,0" color="0,220,0" radius="0.5" length="4" />
		<capsule pos="10.350000000000001,-5.5,-41.4" vel="0,0,0" mass="1" elasticityCoef="1" ang="90,0,0" color="0,220,0" radius="0.5" length="4" />
		<capsule pos="10.350000000000001,-5.5,-39.099999999999994" vel="0,0,0" mass="1" elasticityCoef="1" ang="90,0,0" color="0,220,0" radius="0.5" length="4" />
		<capsule pos="10.350000000000001,-5.5,-36.8" vel="0,0,0" mass="1" elasticityCoef="1" ang="90,0,0" color="0,220,0" radius="0.5" length="4" />
		<capsule pos="10.350000000000001,-5.5,-34.5" vel="0,0,0" mass="1" elasticityCoef="1" ang="90,0,0" color="0,220,0" radius="0.5" length="4" />
		<capsule pos="10.350000000000001,-5.5,-32.199999999999996" vel="0,0,0" mass="1" elasticityCoef="1" ang="90,0,0" color="0,220,0" radius="0.5" length="4" />
		<capsule pos="10.350000000000001,-5.5,-29.9" vel="0,0,0" mass="1" elasticityCoef="1" ang="90,0,0" color="0,220,0" radius="0.5" length="4" />
		<capsule pos="10.350000000000001,-5.5,-27.599999999999998" vel="0,0,0" mass="1" elasticityCoef="1" ang="90,0,0" color="0,220,0" radius="0.5" length="4" />
		<capsule pos="10.350000000000001,-5.5,-25.299999999999997" vel="0,0,0" mass="1" elasticityCoef="1" ang="90,0,0" color="0,220,0" radius="0.5" length="4" />
		<capsule pos="10.350000000000001,-5.5,-22.999999999999996" vel="0,0,0" mass="1" elasticityCoef="1" ang="90,0,0" color="0,220,0" radius="0.5" length="4" />
		<capsule pos="10.350000000000001,-5.5,-20.699999999999996" vel="0,0,0" mass="1" elasticityCoef="1" ang="90,0,0" color="0,220,0" radius="0.5" length="4" />
		<capsule pos="10.350000000000001,-5.5,-18.4" vel="0,0,0" mass="1" elasticityCoef="1" ang="90,0,0" color="0,220,0" radius="0.5" length="4" />
		<capsule pos="10.350000000000001,-5.5,-16.099999999999998" vel="0,0,0" mass="1" elasticityCoef="1" ang="90,0,0" color="0,220,0" radius="0.5" length="4" />
		<capsule pos="10.350000000000001,-5.5,-13.799999999999997" vel="0,0,0" mass="1" elasticityCoef="1" ang="90,0,0" color="0,220,0" radius="0.5" length="4" />
		<capsule pos="10.350000000000001,-5.5,-11.5" vel="0,0,0" mass="1" elasticityCoef="1" ang="90,0,0" color="0,220,0" radius="0.5" length="4" />
		<capsule pos="10.350000000000001,-5.5,-9.199999999999996" vel="0,0,0" mass="1" elasticityCoef="1" ang="90,0,0" color="0,220,0" radius="0.5" length="4" />
		<capsule pos="10.350000000000001,-5.5,-6.899999999999999" vel="0,0,0" mass="1" elasticityCoef="1" ang="90,0,0" color="0,220,0" radius="0.5" length="4" />
		<capsule pos="10.350000000000001,-5.5,-4.600000000000001" vel="0,0,0" mass="1" elasticityCoef="1" ang="90,0,0" color="0,220,0" radius="0.5" length="4" />
		<capsule pos="10.350000000000001,-5.5,-2.299999999999997" vel="0,0,0" mass="1" elasticityCoef="1" ang="90,0,0" color="0,220,0" radius="0.5" length="4" />
		<capsule pos="10.350000000000001,-5.5,0.0" vel="0,0,0" mass="1" elasticityCoef="1" ang="90,0,0" color="0,220,0" radius="0.5" length="4" />
		<capsule pos="10.350000000000001,-5.5,2.3000000000000043" vel="0,0,0" mass="1" elasticityCoef="1" ang="90,0,0" color="0,220,0" radius="0.5" length="4" />
		<capsule pos="10.350000000000001,-5.5,4.600000000000001" vel="0,0,0" mass="1" elasticityCoef="1" ang="90,0,0" color="0,220,0" radius="0.5" length="4" />
		<capsule pos="10.350000000000001,-5.5,6.899999999999999" vel="0,0,0" mass="1" elasticityCoef="1" ang="90,0,0" color="0,220,0" radius="0.5" length="4" />
		<capsule pos="10.350000000000001,-5.5,9.200000000000003" vel="0,0,0" mass="1" elasticityCoef="1" ang="90,0,0" color="0,220,0" radius="0.5" length="4" />
		<capsule pos="10.350000000000001,-5.5,11.5" vel="0,0,0" mass="1" elasticityCoef="1" ang="90,0,0" color="0,220,0" radius="0.5" length="4" />
		<capsule pos="10.350000000000001,-5.5,13.799999999999997" vel="0,0,0" mass="1" elasticityCoef="1" ang="90,0,0" color="0,220,0" radius="0.5" length="4" />
		<capsule pos="10.350000000000001,-5.5,16.1" vel="0,0,0" mass="1" elasticityCoef="1" ang="90,0,0" color="0,220,0" radius="0.5" length="4" />
		<capsule pos="10.350000000000001,-5.5,18.4" vel="0,0,0" mass="1" elasticityCoef="1" ang="90,0,0" color="0,220,0" radius="0.5" length="4" />
		<capsule pos="10.350000000000001,-5.5,20.699999999999996" vel="0,0,0" mass="1" elasticityCoef="1" ang="90,0,0" color="0,220,0" radius="0.5" length="4" />
		<capsule pos="10.350000000000001,-5.5,22.999999999999993" vel="0,0,0" mass="1" elasticityCoef="1" ang="90,0,0" color="0,220,0" radius="0.5" length="4" />
		<capsule pos="10.350000000000001,-5.5,25.300000000000004" vel="0,0,0" mass="1" elasticityCoef="1" ang="90,0,0" color="0,220,0" radius="0.5" length="4" />
		<capsule pos="10.350000000000001,-5.5,27.6" vel="0,0,0" mass="1" elasticityCoef="1" ang="90,0,0" color="0,220,0" radius="0.5" length="4" />
		<capsule pos="10.350000000000001,-5.5,29.9" vel="0,0,0" mass="1" elasticityCoef="1" ang="90,0,0" color="0,220,0" radius="0.5" length="4" />
		<capsule pos="10.350000000000001,-5.5,32.199999999999996" vel="0,0,0" mass="1" elasticityCoef="1" ang="90,0,0" color="0,220,0" radius="0.5" length="4" />
		<capsule pos="10.350000000000001,-5.5,34.49999999999999" vel="0,0,0" mass="1" elasticityCoef="1" ang="90,0,0" color="0,220,0" radius="0.5" length="4" />
		<capsule pos="10.350000000000001,-5.5,36.800000000000004" vel="0,0,0" mass="1" elasticityCoef="1" ang="90,0,0" color="0,220,0" radius="0.5" length="4" />
		<capsule pos="10.350000000000001,-5.5,39.1" vel="0,0,0" mass="1" elasticityCoef="1" ang="90,0,0" color="0,220,0" radius="0.5" length="4" />
		<capsule pos="10.350000000000001,-5.5,41.4" vel="0,0,0" mass="1" elasticityCoef="1" ang="90,0,0" color="0,220,0" radius="0.5" length="4" />
		<capsule pos="10.350000000000001,0.0,-43.699999999999996" vel="0,0,0" mass="1" elasticityCoef="1" ang="90,0,0" color="0,220,0" radius="0.5" length="4" />
		<capsule pos="10.350000000000001,0.0,-41.4" vel="0,0,0" mass="1" elasticityCoef="1" ang="90,0,0" color="0,220,0" radius="0.5" length="4" />
		<capsule pos="10.350000000000001,0.0,-39.099999999999994" vel="0,0,0" mass="1" elasticityCoef="1" ang="90,0,0" color="0,220,0" radius="0.5" length="4" />
		<capsule pos="10.350000000000001,0.0,-36.8" vel="0,0,0" mass="1" elasticityCoef="1" ang="90,0,0" color="0,220,0" radius="0.5" length="4" />
		<capsule pos="10.350000000000001,0.0,-34.5" vel="0,0,0" mass="1" elasticityCoef="1" ang="90,0,0" color="0,220,0" radius="0.5" length="4" />
		<capsule pos="10.350000000000001,0.0,-32.199999999999996" vel="0,0,0" mass="1" elasticityCoef="1" ang="90,0,0" color="0,220,0" radius="0.5" length="4" />
		<capsule pos="10.350000000000001,0.0,-29.9" vel="0,0,0" mass="1" elasticityCoef="1" ang="90,0,0" color="0,220,0" radius="0.5" length="4" />
		<capsule pos="10.350000000000001,0.0,-27.599999999999998" vel="0,0,0" mass="1" elasticityCoef="1" ang="90,0,0" color="0,220,0" radius="0.5" length="4" />
		<capsule pos="10.350000000000001,0.0,-25.299999999999997" vel="0,0,0" mass="1" elasticityCoef="1" ang="90,0,0" color="0,220,0" radius="0.5" length="4" />
		<capsule pos="10.350000000000001,0.0,-22.999999999999996" vel="0,0,0" mass="1" elasticityCoef="1" ang="90,0,0" color="0,220,0" radius="0.5" length="4" />
		<capsule pos="10.350000000000001,0.0,-20.699999999999996" vel="0,0,0" mass="1" elasticityCoef="1" ang="90,0,0" color="0,220,0" radius="0.5" length="4" />
		<capsule pos="10.350000000000001,0.0,-18.4" vel="0,0,0" mass="1" elasticityCoef="1" ang="90,0,0" color="0,220,0" radius="0.5" length="4" />
		<capsule pos="10.350000000000001,0.0,-16.099999999999998" vel="0,0,0" mass="1" elasticityCoef="1" ang="90,0,0" color="0,220,0" radius="0.5" length="4" />
		<capsule pos="10.350000000000001,0.0,-13.799999999999997" vel="0,0,0" mass="1" elasticityCoef="1" ang="90,0,0" color="0,220,0" radius="0.5" length="4" />
		<capsule pos="10.350000000000001,0.0,-11.5" vel="0,0,0" mass="1" elasticityCoef="1" ang="90,0,0" color="0,220,0" radius="0.5" length="4" />
		<capsule pos="10.350000000000001,0.0,-9.199999999999996" vel="0,0,0" mass="1" elasticityCoef="1" ang="90,0,0" color="0,220,0" radius="0.5" length="4" />
		<capsule pos="10.350000000000001,0.0,-6.899999999999999" vel="0,0,0" mass="1" elasticityCoef="1" ang="90,0,0" color="0,220,0" radius="0.5" length="4" />
		<capsule pos="10.350000000000001,0.0,-4.600000000000001" vel="0,0,0" mass="1" elasticityCoef="1" ang="90,0,0" color="0,220,0" radius="0.5" length="4" />
		<capsule pos="10.350000000000001,0.0,-2.299999999999997" vel="0,0,0" mass="1" elasticityCoef="1" ang="90,0,0" color="0,220,0" radius="0.5" length="4" />
		<capsule pos="10.350000000000001,0.0,0.0" vel="0,0,0" mass="1" elasticityCoef="1" ang="90,0,0" color="0,220,0" radius="0.5" length="4" />
		<capsule pos="10.350000000000001,0.0,2.3000000000000043" vel="0,0,0" mass="1" elasticityCoef="1" ang="90,0,0" color="0,220,0" radius="0.5" length="4" />
		<capsule pos="10.350000000000001,0.0,4.600000000000001" vel="0,0,0" mass="1" elasticityCoef="1" ang="90,0,0" color="0,220,0" radius="0.5" length="4" />
		<capsule pos="10.350000000000001,0.0,6.899999999999999" vel="0,0,0" mass="1" elasticityCoef="1" ang="90,0,0" color="0,220,0" radius="0.5" length="4" />
		<capsule pos="10.350000000000001,0.0,9.200000000000003" vel="0,0,0" mass="1" elasticityCoef="1" ang="90,0,0" color="0,220,0" radius="0.5" length="4" />
		<capsule pos="10.350000000000001,0.0,11.5" vel="0,0,0" mass="1" elasticityCoef="1" ang="90,0,0" color="0,220,0" radius="0.5" length="4" />
		<capsule pos="10.350000000000001,0.0,13.799999999999997" vel="0,0,0" mass="1" elasticityCoef="1" ang="90,0,0" color="0,220,0" radius="0.5" length="4" />
		<capsule pos="10.350000000000001,0.0,16.1" vel="0,0,0" mass="1" elasticityCoef="1" ang="90,0,0" color="0,220,0" radius="0.5" length="4" />
		<capsule pos="10.350000000000001,0.0,18.4" vel="0,0,0" mass="1" elasticityCoef="1" ang="90,0,0" color="0,220,0" radius="0.5" length="4" />
		<capsule pos="10.350000000000001,0.0,20.699999999999996" vel="0,0,0" mass="1" elasticityCoef="1" ang="90,0,0" color="0,220,0" radius="0.5" length="4" />
		<capsule pos="10.350000000000001,0.0,22.999999999999993" vel="0,0,0" mass="1" elasticityCoef="1" ang="90,0,0" color="0,220,0" radius="0.5" length="4" />
		<capsule pos="10.350000000000001,0.0,25.300000000000004" vel="0,0,0" mass="1" elasticityCoef="1" ang="90,0,0" color="0,220,0" radius="0.5" length="4" />
		<capsule pos="10.350000000000001,0.0,27.6" vel="0,0,0" mass="1" elasticityCoef="1" ang="90,0,0" color="0,220,0" radius="0.5" length="4" />
		<capsule pos="10.350000000000001,0.0,29.9" vel="0,0,0" mass="1" elasticityCoef="1" ang="90,0,0" color="0,220,0" radius="0.5" length="4" />
		<capsule pos="10.350000000000001,0.0,32.199999999999996" vel="0,0,0" mass="1" elasticityCoef="1" ang="90,0,0" color="0,220,0" radius="0.5" length="4" />
		<capsule pos="10.350000000000001,0.0,34.49999999999999" vel="0,0,0" mass="1" elasticityCoef="1" ang="90,0,0" color="0,220,0" radius="0.5" length="4" />
		<capsule pos="10.350000000000001,0.0,36.800000000000004" vel="0,0,0" mass="1" elasticityCoef="1" ang="90,0,0" color="0,220,0" radius="0.5" length="4" />
		<capsule pos="10.350000000000001,0.0,39.1" vel="0,0,0" mass="1" elasticityCoef="1" ang="90,0,0" color="0,220,0" radius="0.5" length="4" />
		<capsule pos="10.350000000000001,0.0,41.4" vel="0,0,0" mass="1" elasticityCoef="1" ang="90,0,0" color="0,220,0" radius="0.5" length="4" />
		<capsule pos="10.350000000000001,5.5,-43.699999999999996" vel="0,0,0" mass="1" elasticityCoef="1" ang="90,0,0" color="0,220,0" radius="0.5" length="4" />
		<capsule pos="10.350000000000001,5.5,-41.4" vel="0,0,0" mass="1" elasticityCoef="1" ang="90,0,0" color="0,220,0" radius="0.5" length="4" />
		<capsule pos="10.350000000000001,5.5,-39.099999999999994" vel="0,0,0" mass="1" elasticityCoef="1" ang="90,0,0" color="0,220,0" radius="0.5" length="4" />
		<capsule pos="10.350000000000001,5.5,-36.8" vel="0,0,0" mass="1" elasticityCoef="1" ang="90,0,0" color="0,220,0" radius="0.5" length="4" />
		<capsule pos="10.350000000000001,5.5,-34.5" vel="0,0,0" mass="1" elasticityCoef="1" ang="90,0,0" color="0,220,0" radius="0.5" length="4" />
		<capsule pos="10.350000000000001,5.5,-32.199999999999996" vel="0,0,0" mass="1" elasticityCoef="1" ang="90,0,0" color="0,220,0" radius="0.5" length="4" />
		<capsule pos="10.350000000000001,5.5,-29.9" vel="0,0,0" mass="1" elasticityCoef="1" ang="90,0,0" color="0,220,0" radius="0.5" length="4" />
		<capsule pos="10.350000000000001,5.5,-27.599999999999998" vel="0,0,0" mass="1" elasticityCoef="1" ang="90,0,0" color="0,220,0" radius="0.5" length="4" />
		<capsule pos="10.350000000000001,5.5,-25.299999999999997" vel="0,0,0" mass="1" elasticityCoef="1" ang="90,0,0" color="0,220,0" radius="0.5" length="4" />
		<capsule pos="10.350000000000001,5.5,-22.999999999999996" vel="0,0,0" mass="1" elasticityCoef="1" ang="90,0,0" color="0,220,0" radius="0.5" length="4" />
		<capsule pos="10.350000000000001,5.5,-20.699999999999996" vel="0,0,0" mass="1" elasticityCoef="1" ang="90,0,0" color="0,220,0" radius="0.5" length="4" />
		<capsule pos="10.350000000000001,5.5,-18.4" vel="0,0,0" mass="1" elasticityCoef="1" ang="90,0,0" color="0,220,0" radius="0.5" length="4" />
		<capsule pos="10.350000000000001,5.5,-16.099999999999998" vel="0,0,0" mass="1" elasticityCoef="1" ang="90,0,0" color="0,220,0" radius="0.5" length="4" />
		<capsule pos="10.350000000000001,5.5,-13.799999999999997" vel="0,0,0" mass="1" elasticityCoef="1" ang="90,0,0" color="0,220,0" radius="0.5" length="4" />
		<capsule pos="10.350000000000001,5.5,-11.5" vel="0,0,0" mass="1" elasticityCoef="1" ang="90,0,0" color="0,220,0" radius="0.5" length="4" />
		<capsule pos="10.350000000000001,5.5,-9.199999999999996" vel="0,0,0" mass="1" elasticityCoef="1" ang="90,0,0" color="0,220,0" radius="0.5" length="4" />
		<capsule pos="10.350000000000001,5.5,-6.899999999999999" vel="0,0,0" mass="1" elasticityCoef="1" ang="90,0,0" color="0,220,0" radius="0.5" length="4" />
		<capsule pos="10.350000000000001,5.5,-4.600000000000001" vel="0,0,0" mass="1" elasticityCoef="1" ang="90,0,0" color="0,220,0" radius="0.5" length="4" />
		<capsule pos="10.350000000000001,5.5,-2.299999999999997" vel="0,0,0" mass="1" elasticityCoef="1" ang="90,0,0" color="0,220,0" radius="0.5" length="4" />
		<capsule pos="10.350000000000001,5.5,0.0" vel="0,0,0" mass="1" elasticityCoef="1" ang="90,0,0" color="0,220,0" radius="0.5" length="4" />
		<capsule pos="10.350000000000001,5.5,2.3000000000000043" vel="0,0,0" mass="1" elasticityCoef="1" ang="90,0,0" color="0,220,0" radius="0.5" length="4" />
		<capsule pos="10.350000000000001,5.5,4.600000000000001" vel="0,0,0" mass="1" elasticityCoef="1" ang="90,0,0" color="0,220,0" radius="0.5" length="4" />
		<capsule pos="10.350000000000001,5.5,6.899999999999999" vel="0,0,0" mass="1" elasticityCoef="1" ang="90,0,0" color="0,220,0" radius="0.5" length="4" />
		<capsule pos="10.350000000000001,5.5,9.200000000000003" vel="0,0,0" mass="1" elasticityCoef="1" ang="90,0,0" color="0,220,0" radius="0.5" length="4" />
		<capsule pos="10.350000000000001,5.5,11.5" vel="0,0,0" mass="1" elasticityCoef="1" ang="90,0,0" color="0,220,0" radius="0.5" length="4" />
		<capsule pos="10.350000000000001,5.5,13.799999999999997" vel="0,0,0" mass="1" elasticityCoef="1" ang="90,0,0" color="0,220,0" radius="0.5" length="4" />
		<capsule pos="10.350000000000001,5.5,16.1" vel="0,0,0" mass="1" elasticityCoef="1" ang="90,0,0" color="0,220,0" radius="0.5" length="4" />
		<capsule pos="10.350000000000001,5.5,18.4" vel="0,0,0" mass="1" elasticityCoef="1" ang="90,0,0" color="0,220,0" radius="0.5" length="4" />
		<capsule pos="10.350000000000001,5.5,20.699999999999996" vel="0,0,0" mass="1" elasticityCoef="1" ang="90,0,0" color="0,220,0" radius="0.5" length="4" />
		<capsule pos="10.350000000000001,5.5,22.999999999999993" vel="0,0,0" mass="1" elasticityCoef="1" ang="90,0,0" color="0,220,0" radius="0.5" length="4" />
		<capsule pos="10.350000000000001,5.5,25.300000000000004" vel="0,0,0" mass="1" elasticityCoef="1" ang="90,0,0" color="0,220,0" radius="0.5" length="4" />
		<capsule pos="10.350000000000001,5.5,27.6" vel="0,0,0" mass="1" elasticityCoef="1" ang="90,0,0" color="0,220,0" radius="0.5" length="4" />
		<capsule pos="10.350000000000001,5.5,29.9" vel="0,0,0" mass="1" elasticityCoef="1" ang="90,0,0" color="0,220,0" radius="0.5" length="4" />
		<capsule pos="10.350000000000001,5.5,32.199999999999996" vel="0,0,0" mass="1" elasticityCoef="1" ang="90,0,0" color="0,220,0" radius="0.5" length="4" />
		<capsule pos="10.350000000000001,5.5,34.49999999999999" vel="0,0,0" mass="1" elasticityCoef="1" ang="90,0,0" color="0,220,0" radius="0.5" length="4" />
		<capsule pos="10.350000000000001,5.5,36.800000000000004" vel="0,0,0" mass="1" elasticityCoef="1" ang="90,0,0" color="0,220,0" radius="0.5" length="4" />
		<capsule pos="10.350000000000001,5.5,39.1" vel="0,0,0" mass="1" elasticityCoef="1" ang="90,0,0" color="0,220,0" radius="0.5" length="4" />
		<capsule pos="10.350000000000001,5.5,41.4" vel="0,0,0" mass="1" elasticityCoef="1" ang="90,0,0" color="0,220,0" radius="0.5" length="4" />
		<capsule pos="10.350000000000001,11.0,-43.699999999999996" vel="0,0,0" mass="1" elasticityCoef="1" ang="90,0,0" color="0,220,0" radius="0.5" length="4" />
		<capsule pos="10.350000000000001,11.0,-41.4" vel="0,0,0" mass="1" elasticityCoef="1" ang="90,0,0" color="0,220,0" radius="0.5" length="4" />
		<capsule pos="10.350000000000001,11.0,-39.099999999999994" vel="0,0,0" mass="1" elasticityCoef="1" ang="90,0,0" color="0,220,0" radius="0.5" length="4" />
		<capsule pos="10.350000000000001,11.0,-36.8" vel="0,0,0" mass="1" elasticityCoef="1" ang="90,0,0" color="0,220,0" radius="0.5" length="4" />
		<capsule pos="10.350000000000001,11.0,-34.5" vel="0,0,0" mass="1" elasticityCoef="1" ang="90,0,0" color="0,220,0" radius="0.5" length="4" />
		<capsule pos="10.350000000000001,11.0,-32.199999999999996" vel="0,0,0" mass="1" elasticityCoef="1" ang="90,0,0" color="0,220,0" radius="0.5" length="4" />
		<capsule pos="10.350000000000001,11.0,-29.9" vel="0,0,0" mass="1" elasticityCoef="1" ang="90,0,0" color="0,220,0" radius="0.5" length="4" />
		<capsule pos="10.350000000000001,11.0,-27.599999999999998" vel="0,0,0" mass="1" elasticityCoef="1" ang="90,0,0" color="0,220,0" radius="0.5" length="4" />
		<capsule pos="10.350000000000001,11.0,-25.299999999999997" vel="0,0,0" mass="1" elasticityCoef="1" ang="90,0,0" color="0,220,0" radius="0.5" length="4" />
		<capsule pos="10.350000000000001,11.0,-22.999999999999996" vel="0,0,0" mass="1" elasticityCoef="1" ang="90,0,0" color="0,220,0" radius="0.5" length="4" />
		<capsule pos="10.350000000000001,11.0,-20.699999999999996" vel="0,0,0" mass="1" elasticityCoef="1" ang="90,0,0" color="0,220,0" radius="0.5" length="4" />
		<capsule pos="10.350000000000001,11.0,-18.4" vel="0,0,0" mass="1" elasticityCoef="1" ang="90,0,0" color="0,220,0" radius="0.5" length="4" />
		<capsule pos="10.350000000000001,11.0,-16.099999999999998" vel="0,0,0" mass="1" elasticityCoef="1" ang="90,0,0" color="0,220,0" radius="0.5" length="4" />
		<capsule pos="10.350000000000001,11.0,-13.799999999999997" vel="0,0,0" mass="1" elasticityCoef="1" ang="90,0,0" color="0,220,0" radius="0.5" length="4" />
		<capsule pos="10.350000000000001,11.0,-11.5" vel="0,0,0" mass="1" elasticityCoef="1" ang="90,0,0" color="0,220,0" radius="0.5" length="4" />
		<capsule pos="10.350000000000001,11.0,-9.199999999999996" vel="0,0,0" mass="1" elasticityCoef="1" ang="90,0,0" color="0,220,0" radius="0.5" length="4" />
		<capsule pos="10.350000000000001,11.0,-6.899999999999999" vel="0,0,0" mass="1" elasticityCoef="1" ang="90,0,0" color="0,220,0" radius="0.5" length="4" />
		<capsule pos="10.350000000000001,11.0,-4.600000000000001" vel="0,0,0" mass="1" elasticityCoef="1" ang="90,0,0" color="0,220,0" radius="0.5" length="4" />
		<capsule pos="10.350000000000001,11.0,-2.299999999999997" vel="0,0,0" mass="1" elasticityCoef="1" ang="90,0,0" color="0,220,0" radius="0.5" length="4" />
		<capsule pos="10.350000000000001,11.0,0.0" vel="0,0,0" mass="1" elasticityCoef="1" ang="90,0,0" color="0,220,0" radius="0.5" length="4" />
		<capsule pos="10.350000000000001,11.0,2.3000000000000043" vel="0,0,0" mass="1" elasticityCoef="1" ang="90,0,0" color="0,220,0" radius="0.5" length="4" />
		<capsule pos="10.350000000000001,11.0,4.600000000000001" vel="0,0,0" mass="1" elasticityCoef="1" ang="90,0,0" color="0,220,0" radius="0.5" length="4" />
		<capsule pos="10.350000000000001,11.0,6.899999999999999" vel="0,0,0" mass="1" elasticityCoef="1" ang="90,0,0" color="0,220,0" radius="0.5" length="4" />
		<capsule pos="10.350000000000001,11.0,9.200000000000003" vel="0,0,0" mass="1" elasticityCoef="1" ang="90,0,0" color="0,220,0" radius="0.5" length="4" />
		<capsule pos="10.350000000000001,11.0,11.5" vel="0,0,0" mass="1" elasticityCoef="1" ang="90,0,0" color="0,220,0" radius="0.5" length="4" />
		<capsule pos="10.350000000000001,11.0,13.799999999999997" vel="0,0,0" mass="1" elasticityCoef="1" ang="90,0,0" color="0,220,0" radius="0.5" length="4" />
		<capsule pos="10.350000000000001,11.0,16.1" vel="0,0,0" mass="1" elasticityCoef="1" ang="90,0,0" color="0,220,0" radius="0.5" length="4" />
		<capsule pos="10.350000000000001,11.0,18.4" vel="0,0,0" mass="1" elasticityCoef="1" ang="90,0,0" color="0,220,0" radius="0.5" length="4" />
		<capsule pos="10.350000000000001,11.0,20.699999999999996" vel="0,0,0" mass="1" elasticityCoef="1" ang="90,0,0" color="0,220,0" radius="0.5" length="4" />
		<capsule pos="10.350000000000001,11.0,22.999999999999993" vel="0,0,0" mass="1" elasticityCoef="1" ang="90,0,0" color="0,220,0" radius="0.5" length="4" />
		<capsule pos="10.350000000000001,11.0,25.300000000000004" vel="0,0,0" mass="1" elasticityCoef="1" ang="90,0,0" color="0,220,0" radius="0.5" length="4" />
		<capsule pos="10.350000000000001,11.0,27.6" vel="0,0,0" mass="1" elasticityCoef="1" ang="90,0,0" color="0,220,0" radius="0.5" length="4" />
		<capsule pos="10.350000000000001,11.0,29.9" vel="0,0,0" mass="1" elasticityCoef="1" ang="90,0,0" color="0,220,0" radius="0.5" length="4" />
		<capsule pos="10.350000000000001,11.0,32.199999999999996" vel="0,0,0" mass="1" elasticityCoef="1" ang="90,0,0" color="0,220,0" radius="0.5" length="4" />
		<capsule pos="10.350000000000001,11.0,34.49999999999999" vel="0,0,0" mass="1" elasticityCoef="1" ang="90,0,0" color="0,220,0" radius="0.5" length="4" />
		<capsule pos="10.350000000000001,11.0,36.800000000000004" vel="0,0,0" mass="1" elasticityCoef="1" ang="90,0,0" color="0,220,0" radius="0.5" length="4" />
		<capsule pos="10.350000000000001,11.0,39.1" vel="0,0,0" mass="1" elasticityCoef="1" ang="90,0,0" color="0,220,0" radius="0.5" length="4" />
		<capsule pos="10.350000000000001,11.0,41.4" vel="0,0,0" mass="1" elasticityCoef="1" ang="90,0,0" color="0,220,0" radius="0.5" length="4" />
		<capsule pos="10.350000000000001,16.5,-43.699999999999996" vel="0,0,0" mass="1" elasticityCoef="1" ang="90,0,0" color="0,220,0" radius="0.5" length="4" />
		<capsule pos="10.350000000000001,16.5,-41.4" vel="0,0,0" mass="1" elasticityCoef="1" ang="90,0,0" color="0,220,0" radius="0.5" length="4" />
		<capsule pos="10.350000000000001,16.5,-39.099999999999994" vel="0,0,0" mass="1" elasticityCoef="1" ang="90,0,0" color="0,220,0" radius="0.5" length="4" />
		<capsule pos="10.350000000000001,16.5,-36.8" vel="0,0,0" mass="1" elasticityCoef="1" ang="90,0,0" color="0,220,0" radius="0.5" length="4" />
		<capsule pos="10.350000000000001,16.5,-34.5" vel="0,0,0" mass="1" elasticityCoef="1" ang="90,0,0" color="0,220,0" radius="0.5" length="4" />
		<capsule pos="10.350000000000001,16.5,-32.199999999999996" vel="0,0,0" mass="1" elasticityCoef="1" ang="90,0,0" color="0,220,0" radius="0.5" length="4" />
		<capsule pos="10.350000000000001,16.5,-29.9" vel="0,0,0" mass="1" elasticityCoef="1" ang="90,0,0" color="0,220,0" radius="0.5" length="4" />
		<capsule pos="10.350000000000001,16.5,-27.599999999999998" vel="0,0,0" mass="1" elasticityCoef="1" ang="90,0,0" color="0,220,0" radius="0.5" length="4" />
		<capsule pos="10.350000000000001,16.5,-25.299999999999997" vel="0,0,0" mass="1" elasticityCoef="1" ang="90,0,0" color="0,220,0" radius="0.5" length="4" />
		<capsule pos="10.350000000000001,16.5,-22.999999999999996" vel="0,0,0" mass="1" elasticityCoef="1" ang="90,0,0" color="0,220,0" radius="0.5" length="4" />
		<capsule pos="10.350000000000001,16.5,-20.699999999999996" vel="0,0,0" mass="1" elasticityCoef="1" ang="90,0,0" color="0,220,0" radius="0.5" length="4" />
		<capsule pos="10.350000000000001,16.5,-18.4" vel="0,0,0" mass="1" elasticityCoef="1" ang="90,0,0" color="0,220,0" radius="0.5" length="4" />
		<capsule pos="10.350000000000001,16.5,-16.099999999999998" vel="0,0,0" mass="1" elasticityCoef="1" ang="90,0,0" color="0,220,0" radius="0.5" length="4" />
		<capsule pos="10.350000000000001,16.5,-13.799999999999997" vel="0,0,0" mass="1" elasticityCoef="1" ang="90,0,0" color="0,220,0" radius="0.5" length="4" />
		<capsule pos="10.350000000000001,16.5,-11.5" vel="0,0,0" mass="1" elasticityCoef="1" ang="90,0,0" color="0,220,0" radius="0.5" length="4" />
		<capsule pos="10.350000000000001,16.5,-9.199999999999996" vel="0,0,0" mass="1" elasticityCoef="1" ang="90,0,0" color="0,220,0" radius="0.5" length="4" />
		<capsule pos="10.350000000000001,16.5,-6.899999999999999" vel="0,0,0" mass="1" elasticityCoef="1" ang="90,0,0" color="0,220,0" radius="0.5" length="4" />
		<capsule pos="10.350000000000001,16.5,-4.600000000000001" vel="0,0,0" mass="1" elasticityCoef="1" ang="90,0,0" color="0,220,0" radius="0.5" length="4" />
		<capsule pos="10.350000000000001,16.5,-2.299999999999997" vel="0,0,0" mass="1" elasticityCoef="1" ang="90,0,0" color="0,220,0" radius="0.5" length="4" />
		<capsule pos="10.350000000000001,16.5,0.0" vel="0,0,0" mass="1" elasticityCoef="1" ang="90,0,0" color="0,220,0" radius="0.5" length="4" />
		<capsule pos="10.350000000000001,16.5,2.3000000000000043" vel="0,0,0" mass="1" elasticityCoef="1" ang="90,0,0" color="0,220,0" radius="0.5" length="4" />
		<capsule pos="10.350000000000001,16.5,4.600000000000001" vel="0,0,0" mass="1" elasticityCoef="1" ang="90,0,0" color="0,220,0" radius="0.5" length="4" />
		<capsule pos="10.350000000000001,16.5,6.899999999999999" vel="0,0,0" mass="1" elasticityCoef="1" ang="90,0,0" color="0,220,0" radius="0.5" length="4" />
		<capsule pos="10.350000000000001,16.5,9.200000000000003" vel="0,0,0" mass="1" elasticityCoef="1" ang="90,0,0" color="0,220,0" radius="0.5" length="4" />
		<capsule pos="10.350000000000001,16.5,11.5" vel="0,0,0" mass="1" elasticityCoef="1" ang="90,0,0" color="0,220,0" radius="0.5" length="4" />
		<capsule pos="10.350000000000001,16.5,13.799999999999997" vel="0,0,0" mass="1" elasticityCoef="1" ang="90,0,0" color="0,220,0" radius="0.5" length="4" />
		<capsule pos="10.350000000000001,16.5,16.1" vel="0,0,0" mass="1" elasticityCoef="1" ang="90,0,0" color="0,220,0" radius="0.5" length="4" />
		<capsule pos="10.350000000000001,16.5,18.4" vel="0,0,0" mass="1" elasticityCoef="1" ang="90,0,0" color="0,220,0" radius="0.5" length="4" />
		<capsule pos="10.350000000000001,16.5,20.699999999999996" vel="0,0,0" mass="1" elasticityCoef="1" ang="90,0,0" color="0,220,0" radius="0.5" length="4" />
		<capsule pos="10.350000000000001,16.5,22.999999999999993" vel="0,0,0" mass="1" elasticityCoef="1" ang="90,0,0" color="0,220,0" radius="0.5" length="4" />
		<capsule pos="10.350000000000001,16.5,25.300000000000004" vel="0,0,0" mass="1" elasticityCoef="1" ang="90,0,0" color="0,220,0" radius="0.5" length="4" />
		<capsule pos="10.350000000000001,16.5,27.6" vel="0,0,0" mass="1" elasticityCoef="1" ang="90,0,0" color="0,220,0" radius="0.5" length="4" />
		<capsule pos="10.350000000000001,16.5,29.9" vel="0,0,0" mass="1" elasticityCoef="1" ang="90,0,0" color="0,220,0" radius="0.5" length="4" />
		<capsule pos="10.350000000000001,16.5,32.199999999999996" vel="0,0,0" mass="1" elasticityCoef="1" ang="90,0,0" color="0,220,0" radius="0.5" length="4" />
		<capsule pos="10.350000000000001,16.5,34.49999999999999" vel="0,0,0" mass="1" elasticityCoef="1" ang="90,0,0" color="0,220,0" radius="0.5" length="4" />
		<capsule pos="10.350000000000001,16.5,36.800000000000004" vel="0,0,0" mass="1" elasticityCoef="1" ang="90,0,0" color="0,220,0" radius="0.5" length="4" />
		<capsule pos="10.350000000000001,16.5,39.1" vel="0,0,0" mass="1" elasticityCoef="1" ang="90,0,0" color="0,220,0" radius="0.5" length="4" />
		<capsule pos="10.350000000000001,16.5,41.4" vel="0,0,0" mass="1" elasticityCoef="1" ang="90,0,0" color="0,220,0" radius="0.5" length="4" />
		<capsule pos="10.350000000000001,22.0,-43.699999999999996" vel="0,0,0" mass="1" elasticityCoef="1" ang="90,0,0" color="0,220,0" radius="0.5" length="4" />
		<capsule pos="10.350000000000001,22.0,-41.4" vel="0,0,0" mass="1" elasticityCoef="1" ang="90,0,0" color="0,220,0" radius="0.5" length="4" />
		<capsule pos="10.350000000000001,22.0,-39.099999999999994" vel="0,0,0" mass="1" elasticityCoef="1" ang="90,0,0" color="0,220,0" radius="0.5" length="4" />
		<capsule pos="10.350000000000001,22.0,-36.8" vel="0,0,0" mass="1" elasticityCoef="1" ang="90,0,0" color="0,220,0" radius="0.5" length="4" />
		<capsule pos="10.350000000000001,22.0,-34.5" vel="0,0,0" mass="1" elasticityCoef="1" ang="90,0,0" color="0,220,0" radius="0.5" length="4" />
		<capsule pos="10.350000000000001,22.0,-32.199999999999996" vel="0,0,0" mass="1" elasticityCoef="1" ang="90,0,0" color="0,220,0" radius="0.5" length="4" />
		<capsule pos="10.350000000000001,22.0,-29.9" vel="0,0,0" mass="1" elasticityCoef="1" ang="90,0,0" color="0,220,0" radius="0.5" length="4" />
		<capsule pos="10.350000000000001,22.0,-27.599999999999998" vel="0,0,0" mass="1" elasticityCoef="1" ang="90,0,0" color="0,220,0" radius="0.5" length="4" />
		<capsule pos="10.350000000000001,22.0,-25.299999999999997" vel="0,0,0" mass="1" elasticityCoef="1" ang="90,0,0" color="0,220,0" radius="0.5" length="4" />
		<capsule pos="10.350000000000001,22.0,-22.999999999999996" vel="0,0,0" mass="1" elasticityCoef="1" ang="90,0,0" color="0,220,0" radius="0.5" length="4" />
		<capsule pos="10.350000000000001,22.0,-20.699999999999996" vel="0,0,0" mass="1" elasticityCoef="1" ang="90,0,0" color="0,220,0" radius="0.5" length="4" />
		<capsule pos="10.350000000000001,22.0,-18.4" vel="0,0,0" mass="1" elasticityCoef="1" ang="90,0,0" color="0,220,0" radius="0.5" length="4" />
		<capsule pos="10.350000000000001,22.0,-16.099999999999998" vel="0,0,0" mass="1" elasticityCoef="1" ang="90,0,0" color="0,220,0" radius="0.5" length="4" />
		<capsule pos="10.350000000000001,22.0,-13.799999999999997" vel="0,0,0" mass="1" elasticityCoef="1" ang="90,0,0" color="0,220,0" radius="0.5" length="4" />
		<capsule pos="10.350000000000001,22.0,-11.5" vel="0,0,0" mass="1" elasticityCoef="1" ang="90,0,0" color="0,220,0" radius="0.5" length="4" />
		<capsule pos="10.350000000000001,22.0,-9.199999999999996" vel="0,0,0" mass="1" elasticityCoef="1" ang="90,0,0" color="0,220,0" radius="0.5" length="4" />
		<capsule pos="10.350000000000001,22.0,-6.899999999999999" vel="0,0,0" mass="1" elasticityCoef="1" ang="90,0,0" color="0,220,0" radius="0.5" length="4" />
		<capsule pos="10.350000000000001,22.0,-4.600000000000001" vel="0,0,0" mass="1" elasticityCoef="1" ang="90,0,0" color="0,220,0" radius="0.5" length="4" />
		<capsule pos="10.350000000000001,22.0,-2.299999999999997" vel="0,0,0" mass="1" elasticityCoef="1" ang="90,0,0" color="0,220,0" radius="0.5" length="4" />
		<capsule pos="10.350000000000001,22.0,0.0" vel="0,0,0" mass="1" elasticityCoef="1" ang="90,0,0" color="0,220,0" radius="0.5" length="4" />
		<capsule pos="10.350000000000001,22.0,2.3000000000000043" vel="0,0,0" mass="1" elasticityCoef="1" ang="90,0,0" color="0,220,0" radius="0.5" length="4" />
		<capsule pos="10.350000000000001,22.0,4.600000000000001" vel="0,0,0" mass="1" elasticityCoef="1" ang="90,0,0" color="0,220,0" radius="0.5" length="4" />
		<capsule pos="10.350000000000001,22.0,6.899999999999999" vel="0,0,0" mass="1" elasticityCoef="1" ang="90,0,0" color="0,220,0" radius="0.5" length="4" />
		<capsule pos="10.350000000000001,22.0,9.200000000000003" vel="0,0,0" mass="1" elasticityCoef="1" ang="90,0,0" color="0,220,0" radius="0.5" length="4" />
		<capsule pos="10.350000000000001,22.0,11.5" vel="0,0,0" mass="1" elasticityCoef="1" ang="90,0,0" color="0,220,0" radius="0.5" length="4" />
		<capsule pos="10.350000000000001,22.0,13.799999999999997" vel="0,0,0" mass="1" elasticityCoef="1" ang="90,0,0" color="0,220,0" radius="0.5" length="4" />
		<capsule pos="10.350000000000001,22.0,16.1" vel="0,0,0" mass="1" elasticityCoef="1" ang="90,0,0" color="0,220,0" radius="0.5" length="4" />
		<capsule pos="10.350000000000001,22.0,18.4" vel="0,0,0" mass="1" elasticityCoef="1" ang="90,0,0" color="0,220,0" radius="0.5" length="4" />
		<capsule pos="10.350000000000001,22.0,20.699999999999996" vel="0,0,0" mass="1" elasticityCoef="1" ang="90,0,0" color="0,220,0" radius="0.5" length="4" />
		<capsule pos="10.350000000000001,22.0,22.999999999999993" vel="0,0,0" mass="1" elasticityCoef="1" ang="90,0,0" color="0,220,0" radius="0.5" length="4" />
		<capsule pos="10.350000000000001,22.0,25.300000000000004" vel="0,0,0" mass="1" elasticityCoef="1" ang="90,0,0" color="0,220,0" radius="0.5" length="4" />
		<capsule pos="10.350000000000001,22.0,27.6" vel="0,0,0" mass="1" elasticityCoef="1" ang="90,0,0" color="0,220,0" radius="0.5" length="4" />
		<capsule pos="10.350000000000001,22.0,29.9" vel="0,0,0" mass="1" elasticityCoef="1" ang="90,0,0" color="0,220,0" radius="0.5" length="4" />
		<capsule pos="10.350000000000001,22.0,32.199999999999996" vel="0,0,0" mass="1" elasticityCoef="1" ang="90,0,0" color="0,220,0" radius="0.5" length="4" />
		<capsule pos="10.350000000000001,22.0,34.49999999999999" vel="0,0,0" mass="1" elasticityCoef="1" ang="90,0,0" color="0,220,0" radius="0.5" length="4" />
		<capsule pos="10.350000000000001,22.0,36.800000000000004" vel="0,0,0" mass="1" elasticityCoef="1" ang="90,0,0" color="0,220,0" radius="0.5" length="4" />
		<capsule pos="10.350000000000001,22.0,39.1" vel="0,0,0" mass="1" elasticityCoef="1" ang="90,0,0" color="0,220,0" radius="0.5" length="4" />
		<capsule pos="10.350000000000001,22.0,41.4" vel="0,0,0" mass="1" elasticityCoef="1" ang="90,0,0" color="0,220,0" radius="0.5" length="4" />
		<capsule pos="10.350000000000001,27.5,-43.699999999999996" vel="0,0,0" mass="1" elasticityCoef="1" ang="90,0,0" color="0,220,0" radius="0.5" length="4" />
		<capsule pos="10.350000000000001,27.5,-41.4" vel="0,0,0" mass="1" elasticityCoef="1" ang="90,0,0" color="0,220,0" radius="0.5" length="4" />
		<capsule pos="10.350000000000001,27.5,-39.099999999999994" vel="0,0,0" mass="1" elasticityCoef="1" ang="90,0,0" color="0,220,0" radius="0.5" length="4" />
		<capsule pos="10.350000000000001,27.5,-36.8" vel="0,0,0" mass="1" elasticityCoef="1" ang="90,0,0" color="0,220,0" radius="0.5" length="4" />
		<capsule pos="10.350000000000001,27.5,-34.5" vel="0,0,0" mass="1" elasticityCoef="1" ang="90,0,0" color="0,220,0" radius="0.5" length="4" />
		<capsule pos="10.350000000000001,27.5,-32.199999999999996" vel="0,0,0" mass="1" elasticityCoef="1" ang="90,0,0" color="0,220,0" radius="0.5" length="4" />
		<capsule pos="10.350000000000001,27.5,-29.9" vel="0,0,0" mass="1" elasticityCoef="1" ang="90,0,0" color="0,220,0" radius="0.5" length="4" />
		<capsule pos="10.350000000000001,27.5,-27.599999999999998" vel="0,0,0" mass="1" elasticityCoef="1" ang="90,0,0" color="0,220,0" radius="0.5" length="4" />
		<capsule pos="10.350000000000001,27.5,-25.299999999999997" vel="0,0,0" mass="1" elasticityCoef="1" ang="90,0,0" color="0,220,0" radius="0.5" length="4" />
		<capsule pos="10.350000000000001,27.5,-22.999999999999996" vel="0,0,0" mass="1" elasticityCoef="1" ang="90,0,0" color="0,220,0" radius="0.5" length="4" />
		<capsule pos="10.350000000000001,27.5,-20.699999999999996" vel="0,0,0" mass="1" elasticityCoef="1" ang="90,0,0" color="0,220,0" radius="0.5" length="4" />
		<capsule pos="10.350000000000001,27.5,-18.4" vel="0,0,0" mass="1" elasticityCoef="1" ang="90,0,0" color="0,220,0" radius="0.5" length="4" />
		<capsule pos="10.350000000000001,27.5,-16.099999999999998" vel="0,0,0" mass="1" elasticityCoef="1" ang="90,0,0" color="0,220,0" radius="0.5" length="4" />
		<capsule pos="10.350000000000001,27.5,-13.799999999999997" vel="0,0,0" mass="1" elasticityCoef="1" ang="90,0,0" color="0,220,0" radius="0.5" length="4" />
		<capsule pos="10.350000000000001,27.5,-11.5" vel="0,0,0" mass="1" elasticityCoef="1" ang="90,0,0" color="0,220,0" radius="0.5" length="4" />
		<capsule pos="10.350000000000001,27.5,-9.199999999999996" vel="0,0,0" mass="1" elasticityCoef="1" ang="90,0,0" color="0,220,0" radius="0.5" length="4" />
		<capsule pos="10.350000000000001,27.5,-6.899999999999999" vel="0,0,0" mass="1" elasticityCoef="1" ang="90,0,0" color="0,220,0" radius="0.5" length="4" />
		<capsule pos="10.350000000000001,27.5,-4.600000000000001" vel="0,0,0" mass="1" elasticityCoef="1" ang="90,0,0" color="0,220,0" radius="0.5" length="4" />
		<capsule pos="10.350000000000001,27.5,-2.299999999999997" vel="0,0,0" mass="1" elasticityCoef="1" ang="90,0,0" color="0,220,0" radius="0.5" length="4" />
		<capsule pos="10.350000000000001,27.5,0.0" vel="0,0,0" mass="1" elasticityCoef="1" ang="90,0,0" color="0,220,0" radius="0.5" length="4" />
		<capsule pos="10.350000000000001,27.5,2.3000000000000043" vel="0,0,0" mass="1" elasticityCoef="1" ang="90,0,0" color="0,220,0" radius="0.5" length="4" />
		<capsule pos="10.350000000000001,27.5,4.600000000000001" vel="0,0,0" mass="1" elasticityCoef="1" ang="90,0,0" color="0,220,0" radius="0.5" length="4" />
		<capsule pos="10.350000000000001,27.5,6.899999999999999" vel="0,0,0" mass="1" elasticityCoef="1" ang="90,0,0" color="0,220,0" radius="0.5" length="4" />
		<capsule pos="10.350000000000001,27.5,9.200000000000003" vel="0,0,0" mass="1" elasticityCoef="1" ang="90,0,0" color="0,220,0" radius="0.5" length="4" />
		<capsule pos="10.350000000000001,27.5,11.5" vel="0,0,0" mass="1" elasticityCoef="1" ang="90,0,0" color="0,220,0" radius="0.5" length="4" />
		<capsule pos="10.350000000000001,27.5,13.799999999999997" vel="0,0,0" mass="1" elasticityCoef="1" ang="90,0,0" color="0,220,0" radius="0.5" length="4" />
		<capsule pos="10.350000000000001,27.5,16.1" vel="0,0,0" mass="1" elasticityCoef="1" ang="90,0,0" color="0,220,0" radius="0.5" length="4" />
		<capsule pos="10.350000000000001,27.5,18.4" vel="0,0,0" mass="1" elasticityCoef="1" ang="90,0,0" color="0,220,0" radius="0.5" length="4" />
		<capsule pos="10.350000000000001,27.5,20.699999999999996" vel="0,0,0" mass="1" elasticityCoef="1" ang="90,0,0" color="0,220,0" radius="0.5" length="4" />
		<capsule pos="10.350000000000001,27.5,22.999999999999993" vel="0,0,0" mass="1" elasticityCoef="1" ang="90,0,0" color="0,220,0" radius="0.5" length="4" />
		<capsule pos="10.350000000000001,27.5,25.300000000000004" vel="0,0,0" mass="1" elasticityCoef="1" ang="90,0,0" color="0,220,0" radius="0.5" length="4" />
		<capsule pos="10.350000000000001,27.5,27.6" vel="0,0,0" mass="1" elasticityCoef="1" ang="90,0,0" color="0,220,0" radius="0.5" length="4" />
		<capsule pos="10.350000000000001,27.5,29.9" vel="0,0,0" mass="1" elasticityCoef="1" ang="90,0,0" color="0,220,0" radius="0.5" length="4" />
		<capsule pos="10.350000000000001,27.5,32.199999999999996" vel="0,0,0" mass="1" elasticityCoef="1" ang="90,0,0" color="0,220,0" radius="0.5" length="4" />
		<capsule pos="10.350000000000001,27.5,34.49999999999999" vel="0,0,0" mass="1" elasticityCoef="1" ang="90,0,0" color="0,220,0" radius="0.5" length="4" />
		<capsule pos="10.350000000000001,27.5,36.800000000000004" vel="0,0,0" mass="1" elasticityCoef="1" ang="90,0,0" color="0,220,0" radius="0.5" length="4" />
		<capsule pos="10.350000000000001,27.5,39.1" vel="0,0,0" mass="1" elasticityCoef="1" ang="90,0,0" color="0,220,0" radius="0.5" length="4" />
		<capsule pos="10.350000000000001,27.5,41.4" vel="0,0,0" mass="1" elasticityCoef="1" ang="90,0,0" color="0,220,0" radius="0.5" length="4" />
		<capsule pos="10.350000000000001,33.0,-43.699999999999996" vel="0,0,0" mass="1" elasticityCoef="1" ang="90,0,0" color="0,220,0" radius="0.5" length="4" />
		<capsule pos="10.350000000000001,33.0,-41.4" vel="0,0,0" mass="1" elasticityCoef="1" ang="90,0,0" color="0,220,0" radius="0.5" length="4" />
		<capsule pos="10.350000000000001,33.0,-39.099999999999994" vel="0,0,0" mass="1" elasticityCoef="1" ang="90,0,0" color="0,220,0" radius="0.5" length="4" />
		<capsule pos="10.350000000000001,33.0,-36.8" vel="0,0,0" mass="1" elasticityCoef="1" ang="90,0,0" color="0,220,0" radius="0.5" length="4" />
		<capsule pos="10.350000000000001,33.0,-34.5" vel="0,0,0" mass="1" elasticityCoef="1" ang="90,0,0" color="0,220,0" radius="0.5" length="4" />
		<capsule pos="10.350000000000001,33.0,-32.199999999999996" vel="0,0,0" mass="1" elasticityCoef="1" ang="90,0,0" color="0,220,0" radius="0.5" length="4" />
		<capsule pos="10.350000000000001,33.0,-29.9" vel="0,0,0" mass="1" elasticityCoef="1" ang="90,0,0" color="0,220,0" radius="0.5" length="4" />
		<capsule pos="10.350000000000001,33.0,-27.599999999999998" vel="0,0,0" mass="1" elasticityCoef="1" ang="90,0,0" color="0,220,0" radius="0.5" length="4" />
		<capsule pos="10.350000000000001,33.0,-25.299999999999997" vel="0,0,0" mass="1" elasticityCoef="1" ang="90,0,0" color="0,220,0" radius="0.5" length="4" />
		<capsule pos="10.350000000000001,33.0,-22.999999999999996" vel="0,0,0" mass="1" elasticityCoef="1" ang="90,0,0" color="0,220,0" radius="0.5" length="4" />
		<capsule pos="10.350000000000001,33.0,-20.699999999999996" vel="0,0,0" mass="1" elasticityCoef="1" ang="90,0,0" color="0,220,0" radius="0.5" length="4" />
		<capsule pos="10.350000000000001,33.0,-18.4" vel="0,0,0" mass="1" elasticityCoef="1" ang="90,0,0" color="0,220,0" radius="0.5" length="4" />
		<capsule pos="10.350000000000001,33.0,-16.099999999999998" vel="0,0,0" mass="1" elasticityCoef="1" ang="90,0,0" color="0,220,0" radius="0.5" length="4" />
		<capsule pos="10.350000000000001,33.0,-13.799999999999997" vel="0,0,0" mass="1" elasticityCoef="1" ang="90,0,0" color="0,220,0" radius="0.5" length="4" />
		<capsule pos="10.350000000000001,33.0,-11.5" vel="0,0,0" mass="1" elasticityCoef="1" ang="90,0,0" color="0,220,0" radius="0.5" length="4" />
		<capsule pos="10.350000000000001,33.0,-9.199999999999996" vel="0,0,0" mass="1" elasticityCoef="1" ang="90,0,0" color="0,220,0" radius="0.5" length="4" />
		<capsule pos="10.350000000000001,33.0,-6.899999999999999" vel="0,0,0" mass="1" elasticityCoef="1" ang="90,0,0" color="0,220,0" radius="0.5" length="4" />
		<capsule pos="10.350000000000001,33.0,-4.600000000000001" vel="0,0,0" mass="1" elasticityCoef="1" ang="90,0,0" color="0,220,0" radius="0.5" length="4" />
		<capsule pos="10.350000000000001,33.0,-2.299999999999997" vel="0,0,0" mass="1" elasticityCoef="1" ang="90,0,0" color="0,220,0" radius="0.5" length="4" />
		<capsule pos="10.350000000000001,33.0,0.0" vel="0,0,0" mass="1" elasticityCoef="1" ang="90,0,0" color="0,220,0" radius="0.5" length="4" />
		<capsule pos="10.350000000000001,33.0,2.3000000000000043" vel="0,0,0" mass="1" elasticityCoef="1" ang="90,0,0" color="0,220,0" radius="0.5" length="4" />
		<capsule pos="10.350000000000001,33.0,4.600000000000001" vel="0,0,0" mass="1" elasticityCoef="1" ang="90,0,0" color="0,220,0" radius="0.5" length="4" />
		<capsule pos="10.350000000000001,33.0,6.899999999999999" vel="0,0,0" mass="1" elasticityCoef="1" ang="90,0,0" color="0,220,0" radius="0.5" length="4" />
		<capsule pos="10.350000000000001,33.0,9.200000000000003" vel="0,0,0" mass="1" elasticityCoef="1" ang="90,0,0" color="0,220,0" radius="0.5" length="4" />
		<capsule pos="10.350000000000001,33.0,11.5" vel="0,0,0" mass="1" elasticityCoef="1" ang="90,0,0" color="0,220,0" radius="0.5" length="4" />
		<capsule pos="10.350000000000001,33.0,13.799999999999997" vel="0,0,0" mass="1" elasticityCoef="1" ang="90,0,0" color="0,220,0" radius="0.5" length="4" />
		<capsule pos="10.350000000000001,33.0,16.1" vel="0,0,0" mass="1" elasticityCoef="1" ang="90,0,0" color="0,220,0" radius="0.5" length="4" />
		<capsule pos="10.350000000000001,33.0,18.4" vel="0,0,0" mass="1" elasticityCoef="1" ang="90,0,0" color="0,220,0" radius="0.5" length="4" />
		<capsule pos="10.350000000000001,33.0,20.699999999999996" vel="0,0,0" mass="1" elasticityCoef="1" ang="90,0,0" color="0,220,0" radius="0.5" length="4" />
		<capsule pos="10.350000000000001,33.0,22.999999999999993" vel="0,0,0" mass="1" elasticityCoef="1" ang="90,0,0" color="0,220,0" radius="0.5" length="4" />
		<capsule pos="10.350000000000001,33.0,25.300000000000004" vel="0,0,0" mass="1" elasticityCoef="1" ang="90,0,0" color="0,220,0" radius="0.5" length="4" />
		<capsule pos="10.350000000000001,33.0,27.6" vel="0,0,0" mass="1" elasticityCoef="1" ang="90,0,0" color="0,220,0" radius="0.5" length="4" />
		<capsule pos="10.350000000000001,33.0,29.9" vel="0,0,0" mass="1" elasticityCoef="1" ang="90,0,0" color="0,220,0" radius="0.5" length="4" />
		<capsule pos="10.350000000000001,33.0,32.199999999999996" vel="0,0,0" mass="1" elasticityCoef="1" ang="90,0,0" color="0,220,0" radius="0.5" length="4" />
		<capsule pos="10.350000000000001,33.0,34.49999999999999" vel="0,0,0" mass="1" elasticityCoef="1" ang="90,0,0" color="0,220,0" radius="0.5" length="4" />
		<capsule pos="10.350000000000001,33.0,36.800000000000004" vel="0,0,0" mass="1" elasticityCoef="1" ang="90,0,0" color="0,220,0" radius="0.5" length="4" />
		<capsule pos="10.350000000000001,33.0,39.1" vel="0,0,0" mass="1" elasticityCoef="1" ang="90,0,0" color="0,220,0" radius="0.5" length="4" />
		<capsule pos="10.350000000000001,33.0,41.4" vel="0,0,0" mass="1" elasticityCoef="1" ang="90,0,0" color="0,220,0" radius="0.5" length="4" />
		<capsule pos="10.350000000000001,38.5,-43.699999999999996" vel="0,0,0" mass="1" elasticityCoef="1" ang="90,0,0" color="0,220,0" radius="0.5" length="4" />
		<capsule pos="10.350000000000001,38.5,-41.4" vel="0,0,0" mass="1" elasticityCoef="1" ang="90,0,0" color="0,220,0" radius="0.5" length="4" />
		<capsule pos="10.350000000000001,38.5,-39.099999999999994" vel="0,0,0" mass="1" elasticityCoef="1" ang="90,0,0" color="0,220,0" radius="0.5" length="4" />
		<capsule pos="10.350000000000001,38.5,-36.8" vel="0,0,0" mass="1" elasticityCoef="1" ang="90,0,0" color="0,220,0" radius="0.5" length="4" />
		<capsule pos="10.350000000000001,38.5,-34.5" vel="0,0,0" mass="1" elasticityCoef="1" ang="90,0,0" color="0,220,0" radius="0.5" length="4" />
		<capsule pos="10.350000000000001,38.5,-32.199999999999996" vel="0,0,0" mass="1" elasticityCoef="1" ang="90,0,0" color="0,220,0" radius="0.5" length="4" />
		<capsule pos="10.350000000000001,38.5,-29.9" vel="0,0,0" mass="1" elasticityCoef="1" ang="90,0,0" color="0,220,0" radius="0.5" length="4" />
		<capsule pos="10.350000000000001,38.5,-27.599999999999998" vel="0,0,0" mass="1" elasticityCoef="1" ang="90,0,0" color="0,220,0" radius="0.5" length="4" />
		<capsule pos="10.350000000000001,38.5,-25.299999999999997" vel="0,0,0" mass="1" elasticityCoef="1" ang="90,0,0" color="0,220,0" radius="0.5" length="4" />
		<capsule pos="10.350000000000001,38.5,-22.999999999999996" vel="0,0,0" mass="1" elasticityCoef="1" ang="90,0,0" color="0,220,0" radius="0.5" length="4" />
		<capsule pos="10.350000000000001,38.5,-20.699999999999996" vel="0,0,0" mass="1" elasticityCoef="1" ang="90,0,0" color="0,220,0" radius="0.5" length="4" />
		<capsule pos="10.350000000000001,38.5,-18.4" vel="0,0,0" mass="1" elasticityCoef="1" ang="90,0,0" color="0,220,0" radius="0.5" length="4" />
		<capsule pos="10.350000000000001,38.5,-16.099999999999998" vel="0,0,0" mass="1" elasticityCoef="1" ang="90,0,0" color="0,220,0" radius="0.5" length="4" />
		<capsule pos="10.350000000000001,38.5,-13.799999999999997" vel="0,0,0" mass="1" elasticityCoef="1" ang="90,0,0" color="0,220,0" radius="0.5" length="4" />
		<capsule pos="10.350000000000001,38.5,-11.5" vel="0,0,0" mass="1" elasticityCoef="1" ang="90,0,0" color="0,220,0" radius="0.5" length="4" />
		<capsule pos="10.350000000000001,38.5,-9.199999999999996" vel="0,0,0" mass="1" elasticityCoef="1" ang="90,0,0" color="0,220,0" radius="0.5" length="4" />
		<capsule pos="10.350000000000001,38.5,-6.899999999999999" vel="0,0,0" mass="1" elasticityCoef="1" ang="90,0,0" color="0,220,0" radius="0.5" length="4" />
		<capsule pos="10.350000000000001,38.5,-4.600000000000001" vel="0,0,0" mass="1" elasticityCoef="1" ang="90,0,0" color="0,220,0" radius="0.5" length="4" />
		<capsule pos="10.350000000000001,38.5,-2.299999999999997" vel="0,0,0" mass="1" elasticityCoef="1" ang="90,0,0" color="0,220,0" radius="0.5" length="4" />
		<capsule pos="10.350000000000001,38.5,0.0" vel="0,0,0" mass="1" elasticityCoef="1" ang="90,0,0" color="0,220,0" radius="0.5" length="4" />
		<capsule pos="10.350000000000001,38.5,2.3000000000000043" vel="0,0,0" mass="1" elasticityCoef="1" ang="90,0,0" color="0,220,0" radius="0.5" length="4" />
		<capsule pos="10.350000000000001,38.5,4.600000000000001" vel="0,0,0" mass="1" elasticityCoef="1" ang="90,0,0" color="0,220,0" radius="0.5" length="4" />
		<capsule pos="10.350000000000001,38.5,6.899999999999999" vel="0,0,0" mass="1" elasticityCoef="1" ang="90,0,0" color="0,220,0" radius="0.5" length="4" />
		<capsule pos="10.350000000000001,38.5,9.200000000000003" vel="0,0,0" mass="1" elasticityCoef="1" ang="90,0,0" color="0,220,0" radius="0.5" length="4" />
		<capsule pos="10.350000000000001,38.5,11.5" vel="0,0,0" mass="1" elasticityCoef="1" ang="90,0,0" color="0,220,0" radius="0.5" length="4" />
		<capsule pos="10.350000000000001,38.5,13.799999999999997" vel="0,0,0" mass="1" elasticityCoef="1" ang="90,0,0" color="0,220,0" radius="0.5" length="4" />
		<capsule pos="10.350000000000001,38.5,16.1" vel="0,0,0" mass="1" elasticityCoef="1" ang="90,0,0" color="0,220,0" radius="0.5" length="4" />
		<capsule pos="10.350000000000001,38.5,18.4" vel="0,0,0" mass="1" elasticityCoef="1" ang="90,0,0" color="0,220,0" radius="0.5" length="4" />
		<capsule pos="10.350000000000001,38.5,20.699999999999996" vel="0,0,0" mass="1" elasticityCoef="1" ang="90,0,0" color="0,220,0" radius="0.5" length="4" />
		<capsule pos="10.350000000000001,38.5,22.999999999999993" vel="0,0,0" mass="1" elasticityCoef="1" ang="90,0,0" color="0,220,0" radius="0.5" length="4" />
		<capsule pos="10.350000000000001,38.5,25.300000000000004" vel="0,0,0" mass="1" elasticityCoef="1" ang="90,0,0" color="0,220,0" radius="0.5" length="4" />
		<capsule pos="10.350000000000001,38.5,27.6" vel="0,0,0" mass="1" elasticityCoef="1" ang="90,0,0" color="0,220,0" radius="0.5" length="4" />
		<capsule pos="10.350000000000001,38.5,29.9" vel="0,0,0" mass="1" elasticityCoef="1" ang="90,0,0" color="0,220,0" radius="0.5" length="4" />
		<capsule pos="10.350000000000001,38.5,32.199999999999996" vel="0,0,0" mass="1" elasticityCoef="1" ang="90,0,0" color="0,220,0" radius="0.5" length="4" />
		<capsule pos="10.350000000000001,38.5,34.49999999999999" vel="0,0,0" mass="1" elasticityCoef="1" ang="90,0,0" color="0,220,0" radius="0.5" length="4" />
		<capsule pos="10.350000000000001,38.5,36.800000000000004" vel="0,0,0" mass="1" elasticityCoef="1" ang="90,0,0" color="0,220,0" radius="0.5" length="4" />
		<capsule pos="10.350000000000001,38.5,39.1" vel="0,0,0" mass="1" elasticityCoef="1" ang="90,0,0" color="0,220,0" radius="0.5" length="4" />
		<capsule pos="10.350000000000001,38.5,41.4" vel="0,0,0" mass="1" elasticityCoef="1" ang="90,0,0" color="0,220,0" radius="0.5" length="4" />
		<capsule pos="10.350000000000001,44.0,-43.699999999999996" vel="0,0,0" mass="1" elasticityCoef="1" ang="90,0,0" color="0,220,0" radius="0.5" length="4" />
		<capsule pos="10.350000000000001,44.0,-41.4" vel="0,0,0" mass="1" elasticityCoef="1" ang="90,0,0" color="0,220,0" radius="0.5" length="4" />
		<capsule pos="10.350000000000001,44.0,-39.099999999999994" vel="0,0,0" mass="1" elasticityCoef="1" ang="90,0,0" color="0,220,0" radius="0.5" length="4" />
		<capsule pos="10.350000000000001,44.0,-36.8" vel="0,0,0" mass="1" elasticityCoef="1" ang="90,0,0" color="0,220,0" radius="0.5" length="4" />
		<capsule pos="10.350000000000001,44.0,-34.5" vel="0,0,0" mass="1" elasticityCoef="1" ang="90,0,0" color="0,220,0" radius="0.5" length="4" />
		<capsule pos="10.350000000000001,44.0,-32.199999999999996" vel="0,0,0" mass="1" elasticityCoef="1" ang="90,0,0" color="0,220,0" radius="0.5" length="4" />
		<capsule pos="10.350000000000001,44.0,-29.9" vel="0,0,0" mass="1" elasticityCoef="1" ang="90,0,0" color="0,220,0" radius="0.5" length="4" />
		<capsule pos="10.350000000000001,44.0,-27.599999999999998" vel="0,0,0" mass="1" elasticityCoef="1" ang="90,0,0" color="0,220,0" radius="0.5" length="4" />
		<capsule pos="10.350000000000001,44.0,-25.299999999999997" vel="0,0,0" mass="1" elasticityCoef="1" ang="90,0,0" color="0,220,0" radius="0.5" length="4" />
		<capsule pos="10.350000000000001,44.0,-22.999999999999996" vel="0,0,0" mass="1" elasticityCoef="1" ang="90,0,0" color="0,220,0" radius="0.5" length="4" />
		<capsule pos="10.350000000000001,44.0,-20.699999999999996" vel="0,0,0" mass="1" elasticityCoef="1" ang="90,0,0" color="0,220,0" radius="0.5" length="4" />
		<capsule pos="10.350000000000001,44.0,-18.4" vel="0,0,0" mass="1" elasticityCoef="1" ang="90,0,0" color="0,220,0" radius="0.5" length="4" />
		<capsule pos="10.350000000000001,44.0,-16.099999999999998" vel="0,0,0" mass="1" elasticityCoef="1" ang="90,0,0" color="0,220,0" radius="0.5" length="4" />
		<capsule pos="10.350000000000001,44.0,-13.799999999999997" vel="0,0,0" mass="1" elasticityCoef="1" ang="90,0,0" color="0,220,0" radius="0.5" length="4" />
		<capsule pos="10.350000000000001,44.0,-11.5" vel="0,0,0" mass="1" elasticityCoef="1" ang="90,0,0" color="0,220,0" radius="0.5" length="4" />
		<capsule pos="10.350000000000001,44.0,-9.199999999999996" vel="0,0,0" mass="1" elasticityCoef="1" ang="90,0,0" color="0,220,0" radius="0.5" length="4" />
		<capsule pos="10.350000000000001,44.0,-6.899999999999999" vel="0,0,0" mass="1" elasticityCoef="1" ang="90,0,0" color="0,220,0" radius="0.5" length="4" />
		<capsule pos="10.350000000000001,44.0,-4.600000000000001" vel="0,0,0" mass="1" elasticityCoef="1" ang="90,0,0" color="0,220,0" radius="0.5" length="4" />
		<capsule pos="10.350000000000001,44.0,-2.299999999999997" vel="0,0,0" mass="1" elasticityCoef="1" ang="90,0,0" color="0,220,0" radius="0.5" length="4" />
		<capsule pos="10.350000000000001,44.0,0.0" vel="0,0,0" mass="1" elasticityCoef="1" ang="90,0,0" color="0,220,0" radius="0.5" length="4" />
		<capsule pos="10.350000000000001,44.0,2.3000000000000043" vel="0,0,0" mass="1" elasticityCoef="1" ang="90,0,0" color="0,220,0" radius="0.5" length="4" />
		<capsule pos="10.350000000000001,44.0,4.600000000000001" vel="0,0,0" mass="1" elasticityCoef="1" ang="90,0,0" color="0,220,0" radius="0.5" length="4" />
		<capsule pos="10.350000000000001,44.0,6.899999999999999" vel="0,0,0" mass="1" elasticityCoef="1" ang="90,0,0" color="0,220,0" radius="0.5" length="4" />
		<capsule pos="10.350000000000001,44.0,9.200000000000003" vel="0,0,0" mass="1" elasticityCoef="1" ang="90,0,0" color="0,220,0" radius="0.5" length="4" />
		<capsule pos="10.350000000000001,44.0,11.5" vel="0,0,0" mass="1" elasticityCoef="1" ang="90,0,0" color="0,220,0" radius="0.5" length="4" />
		<capsule pos="10.350000000000001,44.0,13.799999999999997" vel="0,0,0" mass="1" elasticityCoef="1" ang="90,0,0" color="0,220,0" radius="0.5" length="4" />
		<capsule pos="10.350000000000001,44.0,16.1" vel="0,0,0" mass="1" elasticityCoef="1" ang="90,0,0" color="0,220,0" radius="0.5" length="4" />
		<capsule pos="10.350000000000001,44.0,18.4" vel="0,0,0" mass="1" elasticityCoef="1" ang="90,0,0" color="0,220,0" radius="0.5" length="4" />
		<capsule pos="10.350000000000001,44.0,20.699999999999996" vel="0,0,0" mass="1" elasticityCoef="1" ang="90,0,0" color="0,220,0" radius="0.5" length="4" />
		<capsule pos="10.350000000000001,44.0,22.999999999999993" vel="0,0,0" mass="1" elasticityCoef="1" ang="90,0,0" color="0,220,0" radius="0.5" length="4" />
		<capsule pos="10.350000000000001,44.0,25.300000000000004" vel="0,0,0" mass="1" elasticityCoef="1" ang="90,0,0" color="0,220,0" radius="0.5" length="4" />
		<capsule pos="10.350000000000001,44.0,27.6" vel="0,0,0" mass="1" elasticityCoef="1" ang="90,0,0" color="0,220,0" radius="0.5" length="4" />
		<capsule pos="10.350000000000001,44.0,29.9" vel="0,0,0" mass="1" elasticityCoef="1" ang="90,0,0" color="0,220,0" radius="0.5" length="4" />
		<capsule pos="10.350000000000001,44.0,32.199999999999996" vel="0,0,0" mass="1" elasticityCoef="1" ang="90,0,0" color="0,220,0" radius="0.5" length="4" />
		<capsule pos="10.350000000000001,44.0,34.49999999999999" vel="0,0,0" mass="1" elasticityCoef="1" ang="90,0,0" color="0,220,0" radius="0.5" length="4" />
		<capsule pos="10.350000000000001,44.0,36.800000000000004" vel="0,0,0" mass="1" elasticityCoef="1" ang="90,0,0" color="0,220,0" radius="0.5" length="4" />
		<capsule pos="10.350000000000001,44.0,39.1" vel="0,0,0" mass="1" elasticityCoef="1" ang="90,0,0" color="0,220,0" radius="0.5" length="4" />
		<capsule pos="10.350000000000001,44.0,41.4" vel="0,0,0" mass="1" elasticityCoef="1" ang="90,0,0" color="0,220,0" radius="0.5" length="4" />
		<capsule pos="12.649999999999999,-49.5,-43.699999999999996" vel="0,0,0" mass="1" elasticityCoef="1" ang="90,0,0" color="0,220,0" radius="0.5" length="4" />
		<capsule pos="12.649999999999999,-49.5,-41.4" vel="0,0,0" mass="1" elasticityCoef="1" ang="90,0,0" color="0,220,0" radius="0.5" length="4" />
		<capsule pos="12.649999999999999,-49.5,-39.099999999999994" vel="0,0,0" mass="1" elasticityCoef="1" ang="90,0,0" color="0,220,0" radius="0.5" length="4" />
		<capsule pos="12.649999999999999,-49.5,-36.8" vel="0,0,0" mass="1" elasticityCoef="1" ang="90,0,0" color="0,220,0" radius="0.5" length="4" />
		<capsule pos="12.649999999999999,-49.5,-34.5" vel="0,0,0" mass="1" elasticityCoef="1" ang="90,0,0" color="0,220,0" radius="0.5" length="4" />
		<capsule pos="12.649999999999999,-49.5,-32.199999999999996" vel="0,0,0" mass="1" elasticityCoef="1" ang="90,0,0" color="0,220,0" radius="0.5" length="4" />
		<capsule pos="12.649999999999999,-49.5,-29.9" vel="0,0,0" mass="1" elasticityCoef="1" ang="90,0,0" color="0,220,0" radius="0.5" length="4" />
		<capsule pos="12.649999999999999,-49.5,-27.599999999999998" vel="0,0,0" mass="1" elasticityCoef="1" ang="90,0,0" color="0,220,0" radius="0.5" length="4" />
		<capsule pos="12.649999999999999,-49.5,-25.299999999999997" vel="0,0,0" mass="1" elasticityCoef="1" ang="90,0,0" color="0,220,0" radius="0.5" length="4" />
		<capsule pos="12.649999999999999,-49.5,-22.999999999999996" vel="0,0,0" mass="1" elasticityCoef="1" ang="90,0,0" color="0,220,0" radius="0.5" length="4" />
		<capsule pos="12.649999999999999,-49.5,-20.699999999999996" vel="0,0,0" mass="1" elasticityCoef="1" ang="90,0,0" color="0,220,0" radius="0.5" length="4" />
		<capsule pos="12.649999999999999,-49.5,-18.4" vel="0,0,0" mass="1" elasticityCoef="1" ang="90,0,0" color="0,220,0" radius="0.5" length="4" />
		<capsule pos="12.649999999999999,-49.5,-16.099999999999998" vel="0,0,0" mass="1" elasticityCoef="1" ang="90,0,0" color="0,220,0" radius="0.5" length="4" />
		<capsule pos="12.649999999999999,-49.5,-13.799999999999997" vel="0,0,0" mass="1" elasticityCoef="1" ang="90,0,0" color="0,220,0" radius="0.5" length="4" />
		<capsule pos="12.649999999999999,-49.5,-11.5" vel="0,0,0" mass="1" elasticityCoef="1" ang="90,0,0" color="0,220,0" radius="0.5" length="4" />
		<capsule pos="12.649999999999999,-49.5,-9.199999999999996" vel="0,0,0" mass="1" elasticityCoef="1" ang="90,0,0" color="0,220,0" radius="0.5" length="4" />
		<capsule pos="12.649999999999999,-49.5,-6.899999999999999" vel="0,0,0" mass="1" elasticityCoef="1" ang="90,0,0" color="0,220,0" radius="0.5" length="4" />
		<capsule pos="12.649999999999999,-49.5,-4.600000000000001" vel="0,0,0" mass="1" elasticityCoef="1" ang="90,0,0" color="0,220,0" radius="0.5" length="4" />
		<capsule pos="12.649999999999999,-49.5,-2.299999999999997" vel="0,0,0" mass="1" elasticityCoef="1" ang="90,0,0" color="0,220,0" radius="0.5" length="4" />
		<capsule pos="12.649999999999999,-49.5,0.0" vel="0,0,0" mass="1" elasticityCoef="1" ang="90,0,0" color="0,220,0" radius="0.5" length="4" />
		<capsule pos="12.649999999999999,-49.5,2.3000000000000043" vel="0,0,0" mass="1" elasticityCoef="1" ang="90,0,0" color="0,220,0" radius="0.5" length="4" />
		<capsule pos="12.649999999999999,-49.5,4.600000000000001" vel="0,0,0" mass="1" elasticityCoef="1" ang="90,0,0" color="0,220,0" radius="0.5" length="4" />
		<capsule pos="12.649999999999999,-49.5,6.899999999999999" vel="0,0,0" mass="1" elasticityCoef="1" ang="90,0,0" color="0,220,0" radius="0.5" length="4" />
		<capsule pos="12.649999999999999,-49.5,9.200000000000003" vel="0,0,0" mass="1" elasticityCoef="1" ang="90,0,0" color="0,220,0" radius="0.5" length="4" />
		<capsule pos="12.649999999999999,-49.5,11.5" vel="0,0,0" mass="1" elasticityCoef="1" ang="90,0,0" color="0,220,0" radius="0.5" length="4" />
		<capsule pos="12.649999999999999,-49.5,13.799999999999997" vel="0,0,0" mass="1" elasticityCoef="1" ang="90,0,0" color="0,220,0" radius="0.5" length="4" />
		<capsule pos="12.649999999999999,-49.5,16.1" vel="0,0,0" mass="1" elasticityCoef="1" ang="90,0,0" color="0,220,0" radius="0.5" length="4" />
		<capsule pos="12.649999999999999,-49.5,18.4" vel="0,0,0" mass="1" elasticityCoef="1" ang="90,0,0" color="0,220,0" radius="0.5" length="4" />
		<capsule pos="12.649999999999999,-49.5,20.699999999999996" vel="0,0,0" mass="1" elasticityCoef="1" ang="90,0,0" color="0,220,0" radius="0.5" length="4" />
		<capsule pos="12.649999999999999,-49.5,22.999999999999993" vel="0,0,0" mass="1" elasticityCoef="1" ang="90,0,0" color="0,220,0" radius="0.5" length="4" />
		<capsule pos="12.649999999999999,-49.5,25.300000000000004" vel="0,0,0" mass="1" elasticityCoef="1" ang="90,0,0" color="0,220,0" radius="0.5" length="4" />
		<capsule pos="12.649999999999999,-49.5,27.6" vel="0,0,0" mass="1" elasticityCoef="1" ang="90,0,0" color="0,220,0" radius="0.5" length="4" />
		<capsule pos="12.649999999999999,-49.5,29.9" vel="0,0,0" mass="1" elasticityCoef="1" ang="90,0,0" color="0,220,0" radius="0.5" length="4" />
		<capsule pos="12.649999999999999,-49.5,32.199999999999996" vel="0,0,0" mass="1" elasticityCoef="1" ang="90,0,0" color="0,220,0" radius="0.5" length="4" />
		<capsule pos="12.649999999999999,-49.5,34.49999999999999" vel="0,0,0" mass="1" elasticityCoef="1" ang="90,0,0" color="0,220,0" radius="0.5" length="4" />
		<capsule pos="12.649999999999999,-49.5,36.800000000000004" vel="0,0,0" mass="1" elasticityCoef="1" ang="90,0,0" color="0,220,0" radius="0.5" length="4" />
		<capsule pos="12.649999999999999,-49.5,39.1" vel="0,0,0" mass="1" elasticityCoef="1" ang="90,0,0" color="0,220,0" radius="0.5" length="4" />
		<capsule pos="12.649999999999999,-49.5,41.4" vel="0,0,0" mass="1" elasticityCoef="1" ang="90,0,0" color="0,220,0" radius="0.5" length="4" />
		<capsule pos="12.649999999999999,-44.0,-43.699999999999996" vel="0,0,0" mass="1" elasticityCoef="1" ang="90,0,0" color="0,220,0" radius="0.5" length="4" />
		<capsule pos="12.649999999999999,-44.0,-41.4" vel="0,0,0" mass="1" elasticityCoef="1" ang="90,0,0" color="0,220,0" radius="0.5" length="4" />
		<capsule pos="12.649999999999999,-44.0,-39.099999999999994" vel="0,0,0" mass="1" elasticityCoef="1" ang="90,0,0" color="0,220,0" radius="0.5" length="4" />
		<capsule pos="12.649999999999999,-44.0,-36.8" vel="0,0,0" mass="1" elasticityCoef="1" ang="90,0,0" color="0,220,0" radius="0.5" length="4" />
		<capsule pos="12.649999999999999,-44.0,-34.5" vel="0,0,0" mass="1" elasticityCoef="1" ang="90,0,0" color="0,220,0" radius="0.5" length="4" />
		<capsule pos="12.649999999999999,-44.0,-32.199999999999996" vel="0,0,0" mass="1" elasticityCoef="1" ang="90,0,0" color="0,220,0" radius="0.5" length="4" />
		<capsule pos="12.649999999999999,-44.0,-29.9" vel="0,0,0" mass="1" elasticityCoef="1" ang="90,0,0" color="0,220,0" radius="0.5" length="4" />
		<capsule pos="12.649999999999999,-44.0,-27.599999999999998" vel="0,0,0" mass="1" elasticityCoef="1" ang="90,0,0" color="0,220,0" radius="0.5" length="4" />
		<capsule pos="12.649999999999999,-44.0,-25.299999999999997" vel="0,0,0" mass="1" elasticityCoef="1" ang="90,0,0" color="0,220,0" radius="0.5" length="4" />
		<capsule pos="12.649999999999999,-44.0,-22.999999999999996" vel="0,0,0" mass="1" elasticityCoef="1" ang="90,0,0" color="0,220,0" radius="0.5" length="4" />
		<capsule pos="12.649999999999999,-44.0,-20.699999999999996" vel="0,0,0" mass="1" elasticityCoef="1" ang="90,0,0" color="0,220,0" radius="0.5" length="4" />
		<capsule pos="12.649999999999999,-44.0,-18.4" vel="0,0,0" mass="1" elasticityCoef="1" ang="90,0,0" color="0,220,0" radius="0.5" length="4" />
		<capsule pos="12.649999999999999,-44.0,-16.099999999999998" vel="0,0,0" mass="1" elasticityCoef="1" ang="90,0,0" color="0,220,0" radius="0.5" length="4" />
		<capsule pos="12.649999999999999,-44.0,-13.799999999999997" vel="0,0,0" mass="1" elasticityCoef="1" ang="90,0,0" color="0,220,0" radius="0.5" length="4" />
		<capsule pos="12.649999999999999,-44.0,-11.5" vel="0,0,0" mass="1" elasticityCoef="1" ang="90,0,0" color="0,220,0" radius="0.5" length="4" />
		<capsule pos="12.649999999999999,-44.0,-9.199999999999996" vel="0,0,0" mass="1" elasticityCoef="1" ang="90,0,0" color="0,220,0" radius="0.5" length="4" />
		<capsule pos="12.649999999999999,-44.0,-6.899999999999999" vel="0,0,0" mass="1" elasticityCoef="1" ang="90,0,0" color="0,220,0" radius="0.5" length="4" />
		<capsule pos="12.649999999999999,-44.0,-4.600000000000001" vel="0,0,0" mass="1" elasticityCoef="1" ang="90,0,0" color="0,220,0" radius="0.5" length="4" />
		<capsule pos="12.649999999999999,-44.0,-2.299999999999997" vel="0,0,0" mass="1" elasticityCoef="1" ang="90,0,0" color="0,220,0" radius="0.5" length="4" />
		<capsule pos="12.649999999999999,-44.0,0.0" vel="0,0,0" mass="1" elasticityCoef="1" ang="90,0,0" color="0,220,0" radius="0.5" length="4" />
		<capsule pos="12.649999999999999,-44.0,2.3000000000000043" vel="0,0,0" mass="1" elasticityCoef="1" ang="90,0,0" color="0,220,0" radius="0.5" length="4" />
		<capsule pos="12.649999999999999,-44.0,4.600000000000001" vel="0,0,0" mass="1" elasticityCoef="1" ang="90,0,0" color="0,220,0" radius="0.5" length="4" />
		<capsule pos="12.649999999999999,-44.0,6.899999999999999" vel="0,0,0" mass="1" elasticityCoef="1" ang="90,0,0" color="0,220,0" radius="0.5" length="4" />
		<capsule pos="12.649999999999999,-44.0,9.200000000000003" vel="0,0,0" mass="1" elasticityCoef="1" ang="90,0,0" color="0,220,0" radius="0.5" length="4" />
		<capsule pos="12.649999999999999,-44.0,11.5" vel="0,0,0" mass="1" elasticityCoef="1" ang="90,0,0" color="0,220,0" radius="0.5" length="4" />
		<capsule pos="12.649999999999999,-44.0,13.799999999999997" vel="0,0,0" mass="1" elasticityCoef="1" ang="90,0,0" color="0,220,0" radius="0.5" length="4" />
		<capsule pos="12.649999999999999,-44.0,16.1" vel="0,0,0" mass="1" elasticityCoef="1" ang="90,0,0" color="0,220,0" radius="0.5" length="4" />
		<capsule pos="12.649999999999999,-44.0,18.4" vel="0,0,0" mass="1" elasticityCoef="1" ang="90,0,0" color="0,220,0" radius="0.5" length="4" />
		<capsule pos="12.649999999999999,-44.0,20.699999999999996" vel="0,0,0" mass="1" elasticityCoef="1" ang="90,0,0" color="0,220,0" radius="0.5" length="4" />
		<capsule pos="12.649999999999999,-44.0,22.999999999999993" vel="0,0,0" mass="1" elasticityCoef="1" ang="90,0,0" color="0,220,0" radius="0.5" length="4" />
		<capsule pos="12.649999999999999,-44.0,25.300000000000004" vel="0,0,0" mass="1" elasticityCoef="1" ang="90,0,0" color="0,220,0" radius="0.5" length="4" />
		<capsule pos="12.649999999999999,-44.0,27.6" vel="0,0,0" mass="1" elasticityCoef="1" ang="90,0,0" color="0,220,0" radius="0.5" length="4" />
		<capsule pos="12.649999999999999,-44.0,29.9" vel="0,0,0" mass="1" elasticityCoef="1" ang="90,0,0" color="0,220,0" radius="0.5" length="4" />
		<capsule pos="12.649999999999999,-44.0,32.199999999999996" vel="0,0,0" mass="1" elasticityCoef="1" ang="90,0,0" color="0,220,0" radius="0.5" length="4" />
		<capsule pos="12.649999999999999,-44.0,34.49999999999999" vel="0,0,0" mass="1" elasticityCoef="1" ang="90,0,0" color="0,220,0" radius="0.5" length="4" />
		<capsule pos="12.649999999999999,-44.0,36.800000000000004" vel="0,0,0" mass="1" elasticityCoef="1" ang="90,0,0" color="0,220,0" radius="0.5" length="4" />
		<capsule pos="12.649999999999999,-44.0,39.1" vel="0,0,0" mass="1" elasticityCoef="1" ang="90,0,0" color="0,220,0" radius="0.5" length="4" />
		<capsule pos="12.649999999999999,-44.0,41.4" vel="0,0,0" mass="1" elasticityCoef="1" ang="90,0,0" color="0,220,0" radius="0.5" length="4" />
		<capsule pos="12.649999999999999,-38.5,-43.699999999999996" vel="0,0,0" mass="1" elasticityCoef="1" ang="90,0,0" color="0,220,0" radius="0.5" length="4" />
		<capsule pos="12.649999999999999,-38.5,-41.4" vel="0,0,0" mass="1" elasticityCoef="1" ang="90,0,0" color="0,220,0" radius="0.5" length="4" />
		<capsule pos="12.649999999999999,-38.5,-39.099999999999994" vel="0,0,0" mass="1" elasticityCoef="1" ang="90,0,0" color="0,220,0" radius="0.5" length="4" />
		<capsule pos="12.649999999999999,-38.5,-36.8" vel="0,0,0" mass="1" elasticityCoef="1" ang="90,0,0" color="0,220,0" radius="0.5" length="4" />
		<capsule pos="12.649999999999999,-38.5,-34.5" vel="0,0,0" mass="1" elasticityCoef="1" ang="90,0,0" color="0,220,0" radius="0.5" length="4" />
		<capsule pos="12.649999999999999,-38.5,-32.199999999999996" vel="0,0,0" mass="1" elasticityCoef="1" ang="90,0,0" color="0,220,0" radius="0.5" length="4" />
		<capsule pos="12.649999999999999,-38.5,-29.9" vel="0,0,0" mass="1" elasticityCoef="1" ang="90,0,0" color="0,220,0" radius="0.5" length="4" />
		<capsule pos="12.649999999999999,-38.5,-27.599999999999998" vel="0,0,0" mass="1" elasticityCoef="1" ang="90,0,0" color="0,220,0" radius="0.5" length="4" />
		<capsule pos="12.649999999999999,-38.5,-25.299999999999997" vel="0,0,0" mass="1" elasticityCoef="1" ang="90,0,0" color="0,220,0" radius="0.5" length="4" />
		<capsule pos="12.649999999999999,-38.5,-22.999999999999996" vel="0,0,0" mass="1" elasticityCoef="1" ang="90,0,0" color="0,220,0" radius="0.5" length="4" />
		<capsule pos="12.649999999999999,-38.5,-20.699999999999996" vel="0,0,0" mass="1" elasticityCoef="1" ang="90,0,0" color="0,220,0" radius="0.5" length="4" />
		<capsule pos="12.649999999999999,-38.5,-18.4" vel="0,0,0" mass="1" elasticityCoef="1" ang="90,0,0" color="0,220,0" radius="0.5" length="4" />
		<capsule pos="12.649999999999999,-38.5,-16.099999999999998" vel="0,0,0" mass="1" elasticityCoef="1" ang="90,0,0" color="0,220,0" radius="0.5" length="4" />
		<capsule pos="12.649999999999999,-38.5,-13.799999999999997" vel="0,0,0" mass="1" elasticityCoef="1" ang="90,0,0" color="0,220,0" radius="0.5" length="4" />
		<capsule pos="12.649999999999999,-38.5,-11.5" vel="0,0,0" mass="1" elasticityCoef="1" ang="90,0,0" color="0,220,0" radius="0.5" length="4" />
		<capsule pos="12.649999999999999,-38.5,-9.199999999999996" vel="0,0,0" mass="1" elasticityCoef="1" ang="90,0,0" color="0,220,0" radius="0.5" length="4" />
		<capsule pos="12.649999999999999,-38.5,-6.899999999999999" vel="0,0,0" mass="1" elasticityCoef="1" ang="90,0,0" color="0,220,0" radius="0.5" length="4" />
		<capsule pos="12.649999999999999,-38.5,-4.600000000000001" vel="0,0,0" mass="1" elasticityCoef="1" ang="90,0,0" color="0,220,0" radius="0.5" length="4" />
		<capsule pos="12.649999999999999,-38.5,-2.299999999999997" vel="0,0,0" mass="1" elasticityCoef="1" ang="90,0,0" color="0,220,0" radius="0.5" length="4" />
		<capsule pos="12.649999999999999,-38.5,0.0" vel="0,0,0" mass="1" elasticityCoef="1" ang="90,0,0" color="0,220,0" radius="0.5" length="4" />
		<capsule pos="12.649999999999999,-38.5,2.3000000000000043" vel="0,0,0" mass="1" elasticityCoef="1" ang="90,0,0" color="0,220,0" radius="0.5" length="4" />
		<capsule pos="12.649999999999999,-38.5,4.600000000000001" vel="0,0,0" mass="1" elasticityCoef="1" ang="90,0,0" color="0,220,0" radius="0.5" length="4" />
		<capsule pos="12.649999999999999,-38.5,6.899999999999999" vel="0,0,0" mass="1" elasticityCoef="1" ang="90,0,0" color="0,220,0" radius="0.5" length="4" />
		<capsule pos="12.649999999999999,-38.5,9.200000000000003" vel="0,0,0" mass="1" elasticityCoef="1" ang="90,0,0" color="0,220,0" radius="0.5" length="4" />
		<capsule pos="12.649999999999999,-38.5,11.5" vel="0,0,0" mass="1" elasticityCoef="1" ang="90,0,0" color="0,220,0" radius="0.5" length="4" />
		<capsule pos="12.649999999999999,-38.5,13.799999999999997" vel="0,0,0" mass="1" elasticityCoef="1" ang="90,0,0" color="0,220,0" radius="0.5" length="4" />
		<capsule pos="12.649999999999999,-38.5,16.1" vel="0,0,0" mass="1" elasticityCoef="1" ang="90,0,0" color="0,220,0" radius="0.5" length="4" />
		<capsule pos="12.649999999999999,-38.5,18.4" vel="0,0,0" mass="1" elasticityCoef="1" ang="90,0,0" color="0,220,0" radius="0.5" length="4" />
		<capsule pos="12.649999999999999,-38.5,20.699999999999996" vel="0,0,0" mass="1" elasticityCoef="1" ang="90,0,0" color="0,220,0" radius="0.5" length="4" />
		<capsule pos="12.649999999999999,-38.5,22.999999999999993" vel="0,0,0" mass="1" elasticityCoef="1" ang="90,0,0" color="0,220,0" radius="0.5" length="4" />
		<capsule pos="12.649999999999999,-38.5,25.300000000000004" vel="0,0,0" mass="1" elasticityCoef="1" ang="90,0,0" color="0,220,0" radius="0.5" length="4" />
		<capsule pos="12.649999999999999,-38.5,27.6" vel="0,0,0" mass="1" elasticityCoef="1" ang="90,0,0" color="0,220,0" radius="0.5" length="4" />
		<capsule pos="12.649999999999999,-38.5,29.9" vel="0,0,0" mass="1" elasticityCoef="1" ang="90,0,0" color="0,220,0" radius="0.5" length="4" />
		<capsule pos="12.649999999999999,-38.5,32.199999999999996" vel="0,0,0" mass="1" elasticityCoef="1" ang="90,0,0" color="0,220,0" radius="0.5" length="4" />
		<capsule pos="12.649999999999999,-38.5,34.49999999999999" vel="0,0,0" mass="1" elasticityCoef="1" ang="90,0,0" color="0,220,0" radius="0.5" length="4" />
		<capsule pos="12.649999999999999,-38.5,36.800000000000004" vel="0,0,0" mass="1" elasticityCoef="1" ang="90,0,0" color="0,220,0" radius="0.5" length="4" />
		<capsule pos="12.649999999999999,-38.5,39.1" vel="0,0,0" mass="1" elasticityCoef="1" ang="90,0,0" color="0,220,0" radius="0.5" length="4" />
		<capsule pos="12.649999999999999,-38.5,41.4" vel="0,0,0" mass="1" elasticityCoef="1" ang="90,0,0" color="0,220,0" radius="0.5" length="4" />
		<capsule pos="12.649999999999999,-33.0,-43.699999999999996" vel="0,0,0" mass="1" elasticityCoef="1" ang="90,0,0" color="0,220,0" radius="0.5" length="4" />
		<capsule pos="12.649999999999999,-33.0,-41.4" vel="0,0,0" mass="1" elasticityCoef="1" ang="90,0,0" color="0,220,0" radius="0.5" length="4" />
		<capsule pos="12.649999999999999,-33.0,-39.099999999999994" vel="0,0,0" mass="1" elasticityCoef="1" ang="90,0,0" color="0,220,0" radius="0.5" length="4" />
		<capsule pos="12.649999999999999,-33.0,-36.8" vel="0,0,0" mass="1" elasticityCoef="1" ang="90,0,0" color="0,220,0" radius="0.5" length="4" />
		<capsule pos="12.649999999999999,-33.0,-34.5" vel="0,0,0" mass="1" elasticityCoef="1" ang="90,0,0" color="0,220,0" radius="0.5" length="4" />
		<capsule pos="12.649999999999999,-33.0,-32.199999999999996" vel="0,0,0" mass="1" elasticityCoef="1" ang="90,0,0" color="0,220,0" radius="0.5" length="4" />
		<capsule pos="12.649999999999999,-33.0,-29.9" vel="0,0,0" mass="1" elasticityCoef="1" ang="90,0,0" color="0,220,0" radius="0.5" length="4" />
		<capsule pos="12.649999999999999,-33.0,-27.599999999999998" vel="0,0,0" mass="1" elasticityCoef="1" ang="90,0,0" color="0,220,0" radius="0.5" length="4" />
		<capsule pos="12.649999999999999,-33.0,-25.299999999999997" vel="0,0,0" mass="1" elasticityCoef="1" ang="90,0,0" color="0,220,0" radius="0.5" length="4" />
		<capsule pos="12.649999999999999,-33.0,-22.999999999999996" vel="0,0,0" mass="1" elasticityCoef="1" ang="90,0,0" color="0,220,0" radius="0.5" length="4" />
		<capsule pos="12.649999999999999,-33.0,-20.699999999999996" vel="0,0,0" mass="1" elasticityCoef="1" ang="90,0,0" color="0,220,0" radius="0.5" length="4" />
		<capsule pos="12.649999999999999,-33.0,-18.4" vel="0,0,0" mass="1" elasticityCoef="1" ang="90,0,0" color="0,220,0" radius="0.5" length="4" />
		<capsule pos="12.649999999999999,-33.0,-16.099999999999998" vel="0,0,0" mass="1" elasticityCoef="1" ang="90,0,0" color="0,220,0" radius="0.5" length="4" />
		<capsule pos="12.649999999999999,-33.0,-13.799999999999997" vel="0,0,0" mass="1" elasticityCoef="1" ang="90,0,0" color="0,220,0" radius="0.5" length="4" />
		<capsule pos="12.649999999999999,-33.0,-11.5" vel="0,0,0" mass="1" elasticityCoef="1" ang="90,0,0" color="0,220,0" radius="0.5" length="4" />
		<capsule pos="12.649999999999999,-33.0,-9.199999999999996" vel="0,0,0" mass="1" elasticityCoef="1" ang="90,0,0" color="0,220,0" radius="0.5" length="4" />
		<capsule pos="12.649999999999999,-33.0,-6.899999999999999" vel="0,0,0" mass="1" elasticityCoef="1" ang="90,0,0" color="0,220,0" radius="0.5" length="4" />
		<capsule pos="12.649999999999999,-33.0,-4.600000000000001" vel="0,0,0" mass="1" elasticityCoef="1" ang="90,0,0" color="0,220,0" radius="0.5" length="4" />
		<capsule pos="12.649999999999999,-33.0,-2.299999999999997" vel="0,0,0" mass="1" elasticityCoef="1" ang="90,0,0" color="0,220,0" radius="0.5" length="4" />
		<capsule pos="12.649999999999999,-33.0,0.0" vel="0,0,0" mass="1" elasticityCoef="1" ang="90,0,0" color="0,220,0" radius="0.5" length="4" />
		<capsule pos="12.649999999999999,-33.0,2.3000000000000043" vel="0,0,0" mass="1" elasticityCoef="1" ang="90,0,0" color="0,220,0" radius="0.5" length="4" />
		<capsule pos="12.649999999999999,-33.0,4.600000000000001" vel="0,0,0" mass="1" elasticityCoef="1" ang="90,0,0" color="0,220,0" radius="0.5" length="4" />
		<capsule pos="12.649999999999999,-33.0,6.899999999999999" vel="0,0,0" mass="1" elasticityCoef="1" ang="90,0,0" color="0,220,0" radius="0.5" length="4" />
		<capsule pos="12.649999999999999,-33.0,9.200000000000003" vel="0,0,0" mass="1" elasticityCoef="1" ang="90,0,0" color="0,220,0" radius="0.5" length="4" />
		<capsule pos="12.649999999999999,-33.0,11.5" vel="0,0,0" mass="1" elasticityCoef="1" ang="90,0,0" color="0,220,0" radius="0.5" length="4" />
		<capsule pos="12.649999999999999,-33.0,13.799999999999997" vel="0,0,0" mass="1" elasticityCoef="1" ang="90,0,0" color="0,220,0" radius="0.5" length="4" />
		<capsule pos="12.649999999999999,-33.0,16.1" vel="0,0,0" mass="1" elasticityCoef="1" ang="90,0,0" color="0,220,0" radius="0.5" length="4" />
		<capsule pos="12.649999999999999,-33.0,18.4" vel="0,0,0" mass="1" elasticityCoef="1" ang="90,0,0" color="0,220,0" radius="0.5" length="4" />
		<capsule pos="12.649999999999999,-33.0,20.699999999999996" vel="0,0,0" mass="1" elasticityCoef="1" ang="90,0,0" color="0,220,0" radius="0.5" length="4" />
		<capsule pos="12.649999999999999,-33.0,22.999999999999993" vel="0,0,0" mass="1" elasticityCoef="1" ang="90,0,0" color="0,220,0" radius="0.5" length="4" />
		<capsule pos="12.649999999999999,-33.0,25.300000000000004" vel="0,0,0" mass="1" elasticityCoef="1" ang="90,0,0" color="0,220,0" radius="0.5" length="4" />
		<capsule pos="12.649999999999999,-33.0,27.6" vel="0,0,0" mass="1" elasticityCoef="1" ang="90,0,0" color="0,220,0" radius="0.5" length="4" />
		<capsule pos="12.649999999999999,-33.0,29.9" vel="0,0,0" mass="1" elasticityCoef="1" ang="90,0,0" color="0,220,0" radius="0.5" length="4" />
		<capsule pos="12.649999999999999,-33.0,32.199999999999996" vel="0,0,0" mass="1" elasticityCoef="1" ang="90,0,0" color="0,220,0" radius="0.5" length="4" />
		<capsule pos="12.649999999999999,-33.0,34.49999999999999" vel="0,0,0" mass="1" elasticityCoef="1" ang="90,0,0" color="0,220,0" radius="0.5" length="4" />
		<capsule pos="12.649999999999999,-33.0,36.800000000000004" vel="0,0,0" mass="1" elasticityCoef="1" ang="90,0,0" color="0,220,0" radius="0.5" length="4" />
		<capsule pos="12.649999999999999,-33.0,39.1" vel="0,0,0" mass="1" elasticityCoef="1" ang="90,0,0" color="0,220,0" radius="0.5" length="4" />
		<capsule pos="12.649999999999999,-33.0,41.4" vel="0,0,0" mass="1" elasticityCoef="1" ang="90,0,0" color="0,220,0" radius="0.5" length="4" />
		<capsule pos="12.649999999999999,-27.5,-43.699999999999996" vel="0,0,0" mass="1" elasticityCoef="1" ang="90,0,0" color="0,220,0" radius="0.5" length="4" />
		<capsule pos="12.649999999999999,-27.5,-41.4" vel="0,0,0" mass="1" elasticityCoef="1" ang="90,0,0" color="0,220,0" radius="0.5" length="4" />
		<capsule pos="12.649999999999999,-27.5,-39.099999999999994" vel="0,0,0" mass="1" elasticityCoef="1" ang="90,0,0" color="0,220,0" radius="0.5" length="4" />
		<capsule pos="12.649999999999999,-27.5,-36.8" vel="0,0,0" mass="1" elasticityCoef="1" ang="90,0,0" color="0,220,0" radius="0.5" length="4" />
		<capsule pos="12.649999999999999,-27.5,-34.5" vel="0,0,0" mass="1" elasticityCoef="1" ang="90,0,0" color="0,220,0" radius="0.5" length="4" />
		<capsule pos="12.649999999999999,-27.5,-32.199999999999996" vel="0,0,0" mass="1" elasticityCoef="1" ang="90,0,0" color="0,220,0" radius="0.5" length="4" />
		<capsule pos="12.649999999999999,-27.5,-29.9" vel="0,0,0" mass="1" elasticityCoef="1" ang="90,0,0" color="0,220,0" radius="0.5" length="4" />
		<capsule pos="12.649999999999999,-27.5,-27.599999999999998" vel="0,0,0" mass="1" elasticityCoef="1" ang="90,0,0" color="0,220,0" radius="0.5" length="4" />
		<capsule pos="12.649999999999999,-27.5,-25.299999999999997" vel="0,0,0" mass="1" elasticityCoef="1" ang="90,0,0" color="0,220,0" radius="0.5" length="4" />
		<capsule pos="12.649999999999999,-27.5,-22.999999999999996" vel="0,0,0" mass="1" elasticityCoef="1" ang="90,0,0" color="0,220,0" radius="0.5" length="4" />
		<capsule pos="12.649999999999999,-27.5,-20.699999999999996" vel="0,0,0" mass="1" elasticityCoef="1" ang="90,0,0" color="0,220,0" radius="0.5" length="4" />
		<capsule pos="12.649999999999999,-27.5,-18.4" vel="0,0,0" mass="1" elasticityCoef="1" ang="90,0,0" color="0,220,0" radius="0.5" length="4" />
		<capsule pos="12.649999999999999,-27.5,-16.099999999999998" vel="0,0,0" mass="1" elasticityCoef="1" ang="90,0,0" color="0,220,0" radius="0.5" length="4" />
		<capsule pos="12.649999999999999,-27.5,-13.799999999999997" vel="0,0,0" mass="1" elasticityCoef="1" ang="90,0,0" color="0,220,0" radius="0.5" length="4" />
		<capsule pos="12.649999999999999,-27.5,-11.5" vel="0,0,0" mass="1" elasticityCoef="1" ang="90,0,0" color="0,220,0" radius="0.5" length="4" />
		<capsule pos="12.649999999999999,-27.5,-9.199999999999996" vel="0,0,0" mass="1" elasticityCoef="1" ang="90,0,0" color="0,220,0" radius="0.5" length="4" />
		<capsule pos="12.649999999999999,-27.5,-6.899999999999999" vel="0,0,0" mass="1" elasticityCoef="1" ang="90,0,0" color="0,220,0" radius="0.5" length="4" />
		<capsule pos="12.649999999999999,-27.5,-4.600000000000001" vel="0,0,0" mass="1" elasticityCoef="1" ang="90,0,0" color="0,220,0" radius="0.5" length="4" />
		<capsule pos="12.649999999999999,-27.5,-2.299999999999997" vel="0,0,0" mass="1" elasticityCoef="1" ang="90,0,0" color="0,220,0" radius="0.5" length="4" />
		<capsule pos="12.649999999999999,-27.5,0.0" vel="0,0,0" mass="1" elasticityCoef="1" ang="90,0,0" color="0,220,0" radius="0.5" length="4" />
		<capsule pos="12.649999999999999,-27.5,2.3000000000000043" vel="0,0,0" mass="1" elasticityCoef="1" ang="90,0,0" color="0,220,0" radius="0.5" length="4" />
		<capsule pos="12.649999999999999,-27.5,4.600000000000001" vel="0,0,0" mass="1" elasticityCoef="1" ang="90,0,0" color="0,220,0" radius="0.5" length="4" />
		<capsule pos="12.649999999999999,-27.5,6.899999999999999" vel="0,0,0" mass="1" elasticityCoef="1" ang="90,0,0" color="0,220,0" radius="0.5" length="4" />
		<capsule pos="12.649999999999999,-27.5,9.200000000000003" vel="0,0,0" mass="1" elasticityCoef="1" ang="90,0,0" color="0,220,0" radius="0.5" length="4" />
		<capsule pos="12.649999999999999,-27.5,11.5" vel="0,0,0" mass="1" elasticityCoef="1" ang="90,0,0" color="0,220,0" radius="0.5" length="4" />
		<capsule pos="12.649999999999999,-27.5,13.799999999999997" vel="0,0,0" mass="1" elasticityCoef="1" ang="90,0,0" color="0,220,0" radius="0.5" length="4" />
		<capsule pos="12.649999999999999,-27.5,16.1" vel="0,0,0" mass="1" elasticityCoef="1" ang="90,0,0" color="0,220,0" radius="0.5" length="4" />
		<capsule pos="12.649999999999999,-27.5,18.4" vel="0,0,0" mass="1" elasticityCoef="1" ang="90,0,0" color="0,220,0" radius="0.5" length="4" />
		<capsule pos="12.649999999999999,-27.5,20.699999999999996" vel="0,0,0" mass="1" elasticityCoef="1" ang="90,0,0" color="0,220,0" radius="0.5" length="4" />
		<capsule pos="12.649999999999999,-27.5,22.999999999999993" vel="0,0,0" mass="1" elasticityCoef="1" ang="90,0,0" color="0,220,0" radius="0.5" length="4" />
		<capsule pos="12.649999999999999,-27.5,25.300000000000004" vel="0,0,0" mass="1" elasticityCoef="1" ang="90,0,0" color="0,220,0" radius="0.5" length="4" />
		<capsule pos="12.649999999999999,-27.5,27.6" vel="0,0,0" mass="1" elasticityCoef="1" ang="90,0,0" color="0,220,0" radius="0.5" length="4" />
		<capsule pos="12.649999999999999,-27.5,29.9" vel="0,0,0" mass="1" elasticityCoef="1" ang="90,0,0" color="0,220,0" radius="0.5" length="4" />
		<capsule pos="12.649999999999999,-27.5,32.199999999999996" vel="0,0,0" mass="1" elasticityCoef="1" ang="90,0,0" color="0,220,0" radius="0.5" length="4" />
		<capsule pos="12.649999999999999,-27.5,34.49999999999999" vel="0,0,0" mass="1" elasticityCoef="1" ang="90,0,0" color="0,220,0" radius="0.5" length="4" />
		<capsule pos="12.649999999999999,-27.5,36.800000000000004" vel="0,0,0" mass="1" elasticityCoef="1" ang="90,0,0" color="0,220,0" radius="0.5" length="4" />
		<capsule pos="12.649999999999999,-27.5,39.1" vel="0,0,0" mass="1" elasticityCoef="1" ang="90,0,0" color="0,220,0" radius="0.5" length="4" />
		<capsule pos="12.649999999999999,-27.5,41.4" vel="0,0,0" mass="1" elasticityCoef="1" ang="90,0,0" color="0,220,0" radius="0.5" length="4" />
		<capsule pos="12.649999999999999,-22.0,-43.699999999999996" vel="0,0,0" mass="1" elasticityCoef="1" ang="90,0,0" color="0,220,0" radius="0.5" length="4" />
		<capsule pos="12.649999999999999,-22.0,-41.4" vel="0,0,0" mass="1" elasticityCoef="1" ang="90,0,0" color="0,220,0" radius="0.5" length="4" />
		<capsule pos="12.649999999999999,-22.0,-39.099999999999994" vel="0,0,0" mass="1" elasticityCoef="1" ang="90,0,0" color="0,220,0" radius="0.5" length="4" />
		<capsule pos="12.649999999999999,-22.0,-36.8" vel="0,0,0" mass="1" elasticityCoef="1" ang="90,0,0" color="0,220,0" radius="0.5" length="4" />
		<capsule pos="12.649999999999999,-22.0,-34.5" vel="0,0,0" mass="1" elasticityCoef="1" ang="90,0,0" color="0,220,0" radius="0.5" length="4" />
		<capsule pos="12.649999999999999,-22.0,-32.199999999999996" vel="0,0,0" mass="1" elasticityCoef="1" ang="90,0,0" color="0,220,0" radius="0.5" length="4" />
		<capsule pos="12.649999999999999,-22.0,-29.9" vel="0,0,0" mass="1" elasticityCoef="1" ang="90,0,0" color="0,220,0" radius="0.5" length="4" />
		<capsule pos="12.649999999999999,-22.0,-27.599999999999998" vel="0,0,0" mass="1" elasticityCoef="1" ang="90,0,0" color="0,220,0" radius="0.5" length="4" />
		<capsule pos="12.649999999999999,-22.0,-25.299999999999997" vel="0,0,0" mass="1" elasticityCoef="1" ang="90,0,0" color="0,220,0" radius="0.5" length="4" />
		<capsule pos="12.649999999999999,-22.0,-22.999999999999996" vel="0,0,0" mass="1" elasticityCoef="1" ang="90,0,0" color="0,220,0" radius="0.5" length="4" />
		<capsule pos="12.649999999999999,-22.0,-20.699999999999996" vel="0,0,0" mass="1" elasticityCoef="1" ang="90,0,0" color="0,220,0" radius="0.5" length="4" />
		<capsule pos="12.649999999999999,-22.0,-18.4" vel="0,0,0" mass="1" elasticityCoef="1" ang="90,0,0" color="0,220,0" radius="0.5" length="4" />
		<capsule pos="12.649999999999999,-22.0,-16.099999999999998" vel="0,0,0" mass="1" elasticityCoef="1" ang="90,0,0" color="0,220,0" radius="0.5" length="4" />
		<capsule pos="12.649999999999999,-22.0,-13.799999999999997" vel="0,0,0" mass="1" elasticityCoef="1" ang="90,0,0" color="0,220,0" radius="0.5" length="4" />
		<capsule pos="12.649999999999999,-22.0,-11.5" vel="0,0,0" mass="1" elasticityCoef="1" ang="90,0,0" color="0,220,0" radius="0.5" length="4" />
		<capsule pos="12.649999999999999,-22.0,-9.199999999999996" vel="0,0,0" mass="1" elasticityCoef="1" ang="90,0,0" color="0,220,0" radius="0.5" length="4" />
		<capsule pos="12.649999999999999,-22.0,-6.899999999999999" vel="0,0,0" mass="1" elasticityCoef="1" ang="90,0,0" color="0,220,0" radius="0.5" length="4" />
		<capsule pos="12.649999999999999,-22.0,-4.600000000000001" vel="0,0,0" mass="1" elasticityCoef="1" ang="90,0,0" color="0,220,0" radius="0.5" length="4" />
		<capsule pos="12.649999999999999,-22.0,-2.299999999999997" vel="0,0,0" mass="1" elasticityCoef="1" ang="90,0,0" color="0,220,0" radius="0.5" length="4" />
		<capsule pos="12.649999999999999,-22.0,0.0" vel="0,0,0" mass="1" elasticityCoef="1" ang="90,0,0" color="0,220,0" radius="0.5" length="4" />
		<capsule pos="12.649999999999999,-22.0,2.3000000000000043" vel="0,0,0" mass="1" elasticityCoef="1" ang="90,0,0" color="0,220,0" radius="0.5" length="4" />
		<capsule pos="12.649999999999999,-22.0,4.600000000000001" vel="0,0,0" mass="1" elasticityCoef="1" ang="90,0,0" color="0,220,0" radius="0.5" length="4" />
		<capsule pos="12.649999999999999,-22.0,6.899999999999999" vel="0,0,0" mass="1" elasticityCoef="1" ang="90,0,0" color="0,220,0" radius="0.5" length="4" />
		<capsule pos="12.649999999999999,-22.0,9.200000000000003" vel="0,0,0" mass="1" elasticityCoef="1" ang="90,0,0" color="0,220,0" radius="0.5" length="4" />
		<capsule pos="12.649999999999999,-22.0,11.5" vel="0,0,0" mass="1" elasticityCoef="1" ang="90,0,0" color="0,220,0" radius="0.5" length="4" />
		<capsule pos="12.649999999999999,-22.0,13.799999999999997" vel="0,0,0" mass="1" elasticityCoef="1" ang="90,0,0" color="0,220,0" radius="0.5" length="4" />
		<capsule pos="12.649999999999999,-22.0,16.1" vel="0,0,0" mass="1" elasticityCoef="1" ang="90,0,0" color="0,220,0" radius="0.5" length="4" />
		<capsule pos="12.649999999999999,-22.0,18.4" vel="0,0,0" mass="1" elasticityCoef="1" ang="90,0,0" color="0,220,0" radius="0.5" length="4" />
		<capsule pos="12.649999999999999,-22.0,20.699999999999996" vel="0,0,0" mass="1" elasticityCoef="1" ang="90,0,0" color="0,220,0" radius="0.5" length="4" />
		<capsule pos="12.649999999999999,-22.0,22.999999999999993" vel="0,0,0" mass="1" elasticityCoef="1" ang="90,0,0" color="0,220,0" radius="0.5" length="4" />
		<capsule pos="12.649999999999999,-22.0,25.300000000000004" vel="0,0,0" mass="1" elasticityCoef="1" ang="90,0,0" color="0,220,0" radius="0.5" length="4" />
		<capsule pos="12.649999999999999,-22.0,27.6" vel="0,0,0" mass="1" elasticityCoef="1" ang="90,0,0" color="0,220,0" radius="0.5" length="4" />
		<capsule pos="12.649999999999999,-22.0,29.9" vel="0,0,0" mass="1" elasticityCoef="1" ang="90,0,0" color="0,220,0" radius="0.5" length="4" />
		<capsule pos="12.649999999999999,-22.0,32.199999999999996" vel="0,0,0" mass="1" elasticityCoef="1" ang="90,0,0" color="0,220,0" radius="0.5" length="4" />
		<capsule pos="12.649999999999999,-22.0,34.49999999999999" vel="0,0,0" mass="1" elasticityCoef="1" ang="90,0,0" color="0,220,0" radius="0.5" length="4" />
		<capsule pos="12.649999999999999,-22.0,36.800000000000004" vel="0,0,0" mass="1" elasticityCoef="1" ang="90,0,0" color="0,220,0" radius="0.5" length="4" />
		<capsule pos="12.649999999999999,-22.0,39.1" vel="0,0,0" mass="1" elasticityCoef="1" ang="90,0,0" color="0,220,0" radius="0.5" length="4" />
		<capsule pos="12.649999999999999,-22.0,41.4" vel="0,0,0" mass="1" elasticityCoef="1" ang="90,0,0" color="0,220,0" radius="0.5" length="4" />
		<capsule pos="12.649999999999999,-16.5,-43.699999999999996" vel="0,0,0" mass="1" elasticityCoef="1" ang="90,0,0" color="0,220,0" radius="0.5" length="4" />
		<capsule pos="12.649999999999999,-16.5,-41.4" vel="0,0,0" mass="1" elasticityCoef="1" ang="90,0,0" color="0,220,0" radius="0.5" length="4" />
		<capsule pos="12.649999999999999,-16.5,-39.099999999999994" vel="0,0,0" mass="1" elasticityCoef="1" ang="90,0,0" color="0,220,0" radius="0.5" length="4" />
		<capsule pos="12.649999999999999,-16.5,-36.8" vel="0,0,0" mass="1" elasticityCoef="1" ang="90,0,0" color="0,220,0" radius="0.5" length="4" />
		<capsule pos="12.649999999999999,-16.5,-34.5" vel="0,0,0" mass="1" elasticityCoef="1" ang="90,0,0" color="0,220,0" radius="0.5" length="4" />
		<capsule pos="12.649999999999999,-16.5,-32.199999999999996" vel="0,0,0" mass="1" elasticityCoef="1" ang="90,0,0" color="0,220,0" radius="0.5" length="4" />
		<capsule pos="12.649999999999999,-16.5,-29.9" vel="0,0,0" mass="1" elasticityCoef="1" ang="90,0,0" color="0,220,0" radius="0.5" length="4" />
		<capsule pos="12.649999999999999,-16.5,-27.599999999999998" vel="0,0,0" mass="1" elasticityCoef="1" ang="90,0,0" color="0,220,0" radius="0.5" length="4" />
		<capsule pos="12.649999999999999,-16.5,-25.299999999999997" vel="0,0,0" mass="1" elasticityCoef="1" ang="90,0,0" color="0,220,0" radius="0.5" length="4" />
		<capsule pos="12.649999999999999,-16.5,-22.999999999999996" vel="0,0,0" mass="1" elasticityCoef="1" ang="90,0,0" color="0,220,0" radius="0.5" length="4" />
		<capsule pos="12.649999999999999,-16.5,-20.699999999999996" vel="0,0,0" mass="1" elasticityCoef="1" ang="90,0,0" color="0,220,0" radius="0.5" length="4" />
		<capsule pos="12.649999999999999,-16.5,-18.4" vel="0,0,0" mass="1" elasticityCoef="1" ang="90,0,0" color="0,220,0" radius="0.5" length="4" />
		<capsule pos="12.649999999999999,-16.5,-16.099999999999998" vel="0,0,0" mass="1" elasticityCoef="1" ang="90,0,0" color="0,220,0" radius="0.5" length="4" />
		<capsule pos="12.649999999999999,-16.5,-13.799999999999997" vel="0,0,0" mass="1" elasticityCoef="1" ang="90,0,0" color="0,220,0" radius="0.5" length="4" />
		<capsule pos="12.649999999999999,-16.5,-11.5" vel="0,0,0" mass="1" elasticityCoef="1" ang="90,0,0" color="0,220,0" radius="0.5" length="4" />
		<capsule pos="12.649999999999999,-16.5,-9.199999999999996" vel="0,0,0" mass="1" elasticityCoef="1" ang="90,0,0" color="0,220,0" radius="0.5" length="4" />
		<capsule pos="12.649999999999999,-16.5,-6.899999999999999" vel="0,0,0" mass="1" elasticityCoef="1" ang="90,0,0" color="0,220,0" radius="0.5" length="4" />
		<capsule pos="12.649999999999999,-16.5,-4.600000000000001" vel="0,0,0" mass="1" elasticityCoef="1" ang="90,0,0" color="0,220,0" radius="0.5" length="4" />
		<capsule pos="12.649999999999999,-16.5,-2.299999999999997" vel="0,0,0" mass="1" elasticityCoef="1" ang="90,0,0" color="0,220,0" radius="0.5" length="4" />
		<capsule pos="12.649999999999999,-16.5,0.0" vel="0,0,0" mass="1" elasticityCoef="1" ang="90,0,0" color="0,220,0" radius="0.5" length="4" />
		<capsule pos="12.649999999999999,-16.5,2.3000000000000043" vel="0,0,0" mass="1" elasticityCoef="1" ang="90,0,0" color="0,220,0" radius="0.5" length="4" />
		<capsule pos="12.649999999999999,-16.5,4.600000000000001" vel="0,0,0" mass="1" elasticityCoef="1" ang="90,0,0" color="0,220,0" radius="0.5" length="4" />
		<capsule pos="12.649999999999999,-16.5,6.899999999999999" vel="0,0,0" mass="1" elasticityCoef="1" ang="90,0,0" color="0,220,0" radius="0.5" length="4" />
		<capsule pos="12.649999999999999,-16.5,9.200000000000003" vel="0,0,0" mass="1" elasticityCoef="1" ang="90,0,0" color="0,220,0" radius="0.5" length="4" />
		<capsule pos="12.649999999999999,-16.5,11.5" vel="0,0,0" mass="1" elasticityCoef="1" ang="90,0,0" color="0,220,0" radius="0.5" length="4" />
		<capsule pos="12.649999999999999,-16.5,13.799999999999997" vel="0,0,0" mass="1" elasticityCoef="1" ang="90,0,0" color="0,220,0" radius="0.5" length="4" />
		<capsule pos="12.649999999999999,-16.5,16.1" vel="0,0,0" mass="1" elasticityCoef="1" ang="90,0,0" color="0,220,0" radius="0.5" length="4" />
		<capsule pos="12.649999999999999,-16.5,18.4" vel="0,0,0" mass="1" elasticityCoef="1" ang="90,0,0" color="0,220,0" radius="0.5" length="4" />
		<capsule pos="12.649999999999999,-16.5,20.699999999999996" vel="0,0,0" mass="1" elasticityCoef="1" ang="90,0,0" color="0,220,0" radius="0.5" length="4" />
		<capsule pos="12.649999999999999,-16.5,22.999999999999993" vel="0,0,0" mass="1" elasticityCoef="1" ang="90,0,0" color="0,220,0" radius="0.5" length="4" />
		<capsule pos="12.649999999999999,-16.5,25.300000000000004" vel="0,0,0" mass="1" elasticityCoef="1" ang="90,0,0" color="0,220,0" radius="0.5" length="4" />
		<capsule pos="12.649999999999999,-16.5,27.6" vel="0,0,0" mass="1" elasticityCoef="1" ang="90,0,0" color="0,220,0" radius="0.5" length="4" />
		<capsule pos="12.649999999999999,-16.5,29.9" vel="0,0,0" mass="1" elasticityCoef="1" ang="90,0,0" color="0,220,0" radius="0.5" length="4" />
		<capsule pos="12.649999999999999,-16.5,32.199999999999996" vel="0,0,0" mass="1" elasticityCoef="1" ang="90,0,0" color="0,220,0" radius="0.5" length="4" />
		<capsule pos="12.649999999999999,-16.5,34.49999999999999" vel="0,0,0" mass="1" elasticityCoef="1" ang="90,0,0" color="0,220,0" radius="0.5" length="4" />
		<capsule pos="12.649999999999999,-16.5,36.800000000000004" vel="0,0,0" mass="1" elasticityCoef="1" ang="90,0,0" color="0,220,0" radius="0.5" length="4" />
		<capsule pos="12.649999999999999,-16.5,39.1" vel="0,0,0" mass="1" elasticityCoef="1" ang="90,0,0" color="0,220,0" radius="0.5" length="4" />
		<capsule pos="12.649999999999999,-16.5,41.4" vel="0,0,0" mass="1" elasticityCoef="1" ang="90,0,0" color="0,220,0" radius="0.5" length="4" />
		<capsule pos="12.649999999999999,-11.0,-43.699999999999996" vel="0,0,0" mass="1" elasticityCoef="1" ang="90,0,0" color="0,220,0" radius="0.5" length="4" />
		<capsule pos="12.649999999999999,-11.0,-41.4" vel="0,0,0" mass="1" elasticityCoef="1" ang="90,0,0" color="0,220,0" radius="0.5" length="4" />
		<capsule pos="12.649999999999999,-11.0,-39.099999999999994" vel="0,0,0" mass="1" elasticityCoef="1" ang="90,0,0" color="0,220,0" radius="0.5" length="4" />
		<capsule pos="12.649999999999999,-11.0,-36.8" vel="0,0,0" mass="1" elasticityCoef="1" ang="90,0,0" color="0,220,0" radius="0.5" length="4" />
		<capsule pos="12.649999999999999,-11.0,-34.5" vel="0,0,0" mass="1" elasticityCoef="1" ang="90,0,0" color="0,220,0" radius="0.5" length="4" />
		<capsule pos="12.649999999999999,-11.0,-32.199999999999996" vel="0,0,0" mass="1" elasticityCoef="1" ang="90,0,0" color="0,220,0" radius="0.5" length="4" />
		<capsule pos="12.649999999999999,-11.0,-29.9" vel="0,0,0" mass="1" elasticityCoef="1" ang="90,0,0" color="0,220,0" radius="0.5" length="4" />
		<capsule pos="12.649999999999999,-11.0,-27.599999999999998" vel="0,0,0" mass="1" elasticityCoef="1" ang="90,0,0" color="0,220,0" radius="0.5" length="4" />
		<capsule pos="12.649999999999999,-11.0,-25.299999999999997" vel="0,0,0" mass="1" elasticityCoef="1" ang="90,0,0" color="0,220,0" radius="0.5" length="4" />
		<capsule pos="12.649999999999999,-11.0,-22.999999999999996" vel="0,0,0" mass="1" elasticityCoef="1" ang="90,0,0" color="0,220,0" radius="0.5" length="4" />
		<capsule pos="12.649999999999999,-11.0,-20.699999999999996" vel="0,0,0" mass="1" elasticityCoef="1" ang="90,0,0" color="0,220,0" radius="0.5" length="4" />
		<capsule pos="12.649999999999999,-11.0,-18.4" vel="0,0,0" mass="1" elasticityCoef="1" ang="90,0,0" color="0,220,0" radius="0.5" length="4" />
		<capsule pos="12.649999999999999,-11.0,-16.099999999999998" vel="0,0,0" mass="1" elasticityCoef="1" ang="90,0,0" color="0,220,0" radius="0.5" length="4" />
		<capsule pos="12.649999999999999,-11.0,-13.799999999999997" vel="0,0,0" mass="1" elasticityCoef="1" ang="90,0,0" color="0,220,0" radius="0.5" length="4" />
		<capsule pos="12.649999999999999,-11.0,-11.5" vel="0,0,0" mass="1" elasticityCoef="1" ang="90,0,0" color="0,220,0" radius="0.5" length="4" />
		<capsule pos="12.649999999999999,-11.0,-9.199999999999996" vel="0,0,0" mass="1" elasticityCoef="1" ang="90,0,0" color="0,220,0" radius="0.5" length="4" />
		<capsule pos="12.649999999999999,-11.0,-6.899999999999999" vel="0,0,0" mass="1" elasticityCoef="1" ang="90,0,0" color="0,220,0" radius="0.5" length="4" />
		<capsule pos="12.649999999999999,-11.0,-4.600000000000001" vel="0,0,0" mass="1" elasticityCoef="1" ang="90,0,0" color="0,220,0" radius="0.5" length="4" />
		<capsule pos="12.649999999999999,-11.0,-2.299999999999997" vel="0,0,0" mass="1" elasticityCoef="1" ang="90,0,0" color="0,220,0" radius="0.5" length="4" />
		<capsule pos="12.649999999999999,-11.0,0.0" vel="0,0,0" mass="1" elasticityCoef="1" ang="90,0,0" color="0,220,0" radius="0.5" length="4" />
		<capsule pos="12.649999999999999,-11.0,2.3000000000000043" vel="0,0,0" mass="1" elasticityCoef="1" ang="90,0,0" color="0,220,0" radius="0.5" length="4" />
		<capsule pos="12.649999999999999,-11.0,4.600000000000001" vel="0,0,0" mass="1" elasticityCoef="1" ang="90,0,0" color="0,220,0" radius="0.5" length="4" />
		<capsule pos="12.649999999999999,-11.0,6.899999999999999" vel="0,0,0" mass="1" elasticityCoef="1" ang="90,0,0" color="0,220,0" radius="0.5" length="4" />
		<capsule pos="12.649999999999999,-11.0,9.200000000000003" vel="0,0,0" mass="1" elasticityCoef="1" ang="90,0,0" color="0,220,0" radius="0.5" length="4" />
		<capsule pos="12.649999999999999,-11.0,11.5" vel="0,0,0" mass="1" elasticityCoef="1" ang="90,0,0" color="0,220,0" radius="0.5" length="4" />
		<capsule pos="12.649999999999999,-11.0,13.799999999999997" vel="0,0,0" mass="1" elasticityCoef="1" ang="90,0,0" color="0,220,0" radius="0.5" length="4" />
		<capsule pos="12.649999999999999,-11.0,16.1" vel="0,0,0" mass="1" elasticityCoef="1" ang="90,0,0" color="0,220,0" radius="0.5" length="4" />
		<capsule pos="12.649999999999999,-11.0,18.4" vel="0,0,0" mass="1" elasticityCoef="1" ang="90,0,0" color="0,220,0" radius="0.5" length="4" />
		<capsule pos="12.649999999999999,-11.0,20.699999999999996" vel="0,0,0" mass="1" elasticityCoef="1" ang="90,0,0" color="0,220,0" radius="0.5" length="4" />
		<capsule pos="12.649999999999999,-11.0,22.999999999999993" vel="0,0,0" mass="1" elasticityCoef="1" ang="90,0,0" color="0,220,0" radius="0.5" length="4" />
		<capsule pos="12.649999999999999,-11.0,25.300000000000004" vel="0,0,0" mass="1" elasticityCoef="1" ang="90,0,0" color="0,220,0" radius="0.5" length="4" />
		<capsule pos="12.649999999999999,-11.0,27.6" vel="0,0,0" mass="1" elasticityCoef="1" ang="90,0,0" color="0,220,0" radius="0.5" length="4" />
		<capsule pos="12.649999999999999,-11.0,29.9" vel="0,0,0" mass="1" elasticityCoef="1" ang="90,0,0" color="0,220,0" radius="0.5" length="4" />
		<capsule pos="12.649999999999999,-11.0,32.199999999999996" vel="0,0,0" mass="1" elasticityCoef="1" ang="90,0,0" color="0,220,0" radius="0.5" length="4" />
		<capsule pos="12.649999999999999,-11.0,34.49999999999999" vel="0,0,0" mass="1" elasticityCoef="1" ang="90,0,0" color="0,220,0" radius="0.5" length="4" />
		<capsule pos="12.649999999999999,-11.0,36.800000000000004" vel="0,0,0" mass="1" elasticityCoef="1" ang="90,0,0" color="0,220,0" radius="0.5" length="4" />
		<capsule pos="12.649999999999999,-11.0,39.1" vel="0,0,0" mass="1" elasticityCoef="1" ang="90,0,0" color="0,220,0" radius="0.5" length="4" />
		<capsule pos="12.649999999999999,-11.0,41.4" vel="0,0,0" mass="1" elasticityCoef="1" ang="90,0,0" color="0,220,0" radius="0.5" length="4" />
		<capsule pos="12.649999999999999,-5.5,-43.699999999999996" vel="0,0,0" mass="1" elasticityCoef="1" ang="90,0,0" color="0,220,0" radius="0.5" length="4" />
		<capsule pos="12.649999999999999,-5.5,-41.4" vel="0,0,0" mass="1" elasticityCoef="1" ang="90,0,0" color="0,220,0" radius="0.5" length="4" />
		<capsule pos="12.649999999999999,-5.5,-39.099999999999994" vel="0,0,0" mass="1" elasticityCoef="1" ang="90,0,0" color="0,220,0" radius="0.5" length="4" />
		<capsule pos="12.649999999999999,-5.5,-36.8" vel="0,0,0" mass="1" elasticityCoef="1" ang="90,0,0" color="0,220,0" radius="0.5" length="4" />
		<capsule pos="12.649999999999999,-5.5,-34.5" vel="0,0,0" mass="1" elasticityCoef="1" ang="90,0,0" color="0,220,0" radius="0.5" length="4" />
		<capsule pos="12.649999999999999,-5.5,-32.199999999999996" vel="0,0,0" mass="1" elasticityCoef="1" ang="90,0,0" color="0,220,0" radius="0.5" length="4" />
		<capsule pos="12.649999999999999,-5.5,-29.9" vel="0,0,0" mass="1" elasticityCoef="1" ang="90,0,0" color="0,220,0" radius="0.5" length="4" />
		<capsule pos="12.649999999999999,-5.5,-27.599999999999998" vel="0,0,0" mass="1" elasticityCoef="1" ang="90,0,0" color="0,220,0" radius="0.5" length="4" />
		<capsule pos="12.649999999999999,-5.5,-25.299999999999997" vel="0,0,0" mass="1" elasticityCoef="1" ang="90,0,0" color="0,220,0" radius="0.5" length="4" />
		<capsule pos="12.649999999999999,-5.5,-22.999999999999996" vel="0,0,0" mass="1" elasticityCoef="1" ang="90,0,0" color="0,220,0" radius="0.5" length="4" />
		<capsule pos="12.649999999999999,-5.5,-20.699999999999996" vel="0,0,0" mass="1" elasticityCoef="1" ang="90,0,0" color="0,220,0" radius="0.5" length="4" />
		<capsule pos="12.649999999999999,-5.5,-18.4" vel="0,0,0" mass="1" elasticityCoef="1" ang="90,0,0" color="0,220,0" radius="0.5" length="4" />
		<capsule pos="12.649999999999999,-5.5,-16.099999999999998" vel="0,0,0" mass="1" elasticityCoef="1" ang="90,0,0" color="0,220,0" radius="0.5" length="4" />
		<capsule pos="12.649999999999999,-5.5,-13.799999999999997" vel="0,0,0" mass="1" elasticityCoef="1" ang="90,0,0" color="0,220,0" radius="0.5" length="4" />
		<capsule pos="12.649999999999999,-5.5,-11.5" vel="0,0,0" mass="1" elasticityCoef="1" ang="90,0,0" color="0,220,0" radius="0.5" length="4" />
		<capsule pos="12.649999999999999,-5.5,-9.199999999999996" vel="0,0,0" mass="1" elasticityCoef="1" ang="90,0,0" color="0,220,0" radius="0.5" length="4" />
		<capsule pos="12.649999999999999,-5.5,-6.899999999999999" vel="0,0,0" mass="1" elasticityCoef="1" ang="90,0,0" color="0,220,0" radius="0.5" length="4" />
		<capsule pos="12.649999999999999,-5.5,-4.600000000000001" vel="0,0,0" mass="1" elasticityCoef="1" ang="90,0,0" color="0,220,0" radius="0.5" length="4" />
		<capsule pos="12.649999999999999,-5.5,-2.299999999999997" vel="0,0,0" mass="1" elasticityCoef="1" ang="90,0,0" color="0,220,0" radius="0.5" length="4" />
		<capsule pos="12.649999999999999,-5.5,0.0" vel="0,0,0" mass="1" elasticityCoef="1" ang="90,0,0" color="0,220,0" radius="0.5" length="4" />
		<capsule pos="12.649999999999999,-5.5,2.3000000000000043" vel="0,0,0" mass="1" elasticityCoef="1" ang="90,0,0" color="0,220,0" radius="0.5" length="4" />
		<capsule pos="12.649999999999999,-5.5,4.600000000000001" vel="0,0,0" mass="1" elasticityCoef="1" ang="90,0,0" color="0,220,0" radius="0.5" length="4" />
		<capsule pos="12.649999999999999,-5.5,6.899999999999999" vel="0,0,0" mass="1" elasticityCoef="1" ang="90,0,0" color="0,220,0" radius="0.5" length="4" />
		<capsule pos="12.649999999999999,-5.5,9.200000000000003" vel="0,0,0" mass="1" elasticityCoef="1" ang="90,0,0" color="0,220,0" radius="0.5" length="4" />
		<capsule pos="12.649999999999999,-5.5,11.5" vel="0,0,0" mass="1" elasticityCoef="1" ang="90,0,0" color="0,220,0" radius="0.5" length="4" />
		<capsule pos="12.649999999999999,-5.5,13.799999999999997" vel="0,0,0" mass="1" elasticityCoef="1" ang="90,0,0" color="0,220,0" radius="0.5" length="4" />
		<capsule pos="12.649999999999999,-5.5,16.1" vel="0,0,0" mass="1" elasticityCoef="1" ang="90,0,0" color="0,220,0" radius="0.5" length="4" />
		<capsule pos="12.649999999999999,-5.5,18.4" vel="0,0,0" mass="1" elasticityCoef="1" ang="90,0,0" color="0,220,0" radius="0.5" length="4" />
		<capsule pos="12.649999999999999,-5.5,20.699999999999996" vel="0,0,0" mass="1" elasticityCoef="1" ang="90,0,0" color="0,220,0" radius="0.5" length="4" />
		<capsule pos="12.649999999999999,-5.5,22.999999999999993" vel="0,0,0" mass="1" elasticityCoef="1" ang="90,0,0" color="0,220,0" radius="0.5" length="4" />
		<capsule pos="12.649999999999999,-5.5,25.300000000000004" vel="0,0,0" mass="1" elasticityCoef="1" ang="90,0,0" color="0,220,0" radius="0.5" length="4" />
		<capsule pos="12.649999999999999,-5.5,27.6" vel="0,0,0" mass="1" elasticityCoef="1" ang="90,0,0" color="0,220,0" radius="0.5" length="4" />
		<capsule pos="12.649999999999999,-5.5,29.9" vel="0,0,0" mass="1" elasticityCoef="1" ang="90,0,0" color="0,220,0" radius="0.5" length="4" />
		<capsule pos="12.649999999999999,-5.5,32.199999999999996" vel="0,0,0" mass="1" elasticityCoef="1" ang="90,0,0" color="0,220,0" radius="0.5" length="4" />
		<capsule pos="12.649999999999999,-5.5,34.49999999999999" vel="0,0,0" mass="1" elasticityCoef="1" ang="90,0,0" color="0,220,0" radius="0.5" length="4" />
		<capsule pos="12.649999999999999,-5.5,36.800000000000004" vel="0,0,0" mass="1" elasticityCoef="1" ang="90,0,0" color="0,220,0" radius="0.5" length="4" />
		<capsule pos="12.649999999999999,-5.5,39.1" vel="0,0,0" mass="1" elasticityCoef="1" ang="90,0,0" color="0,220,0" radius="0.5" length="4" />
		<capsule pos="12.649999999999999,-5.5,41.4" vel="0,0,0" mass="1" elasticityCoef="1" ang="90,0,0" color="0,220,0" radius="0.5" length="4" />
		<capsule pos="12.649999999999999,0.0,-43.699999999999996" vel="0,0,0" mass="1" elasticityCoef="1" ang="90,0,0" color="0,220,0" radius="0.5" length="4" />
		<capsule pos="12.649999999999999,0.0,-41.4" vel="0,0,0" mass="1" elasticityCoef="1" ang="90,0,0" color="0,220,0" radius="0.5" length="4" />
		<capsule pos="12.649999999999999,0.0,-39.099999999999994" vel="0,0,0" mass="1" elasticityCoef="1" ang="90,0,0" color="0,220,0" radius="0.5" length="4" />
		<capsule pos="12.649999999999999,0.0,-36.8" vel="0,0,0" mass="1" elasticityCoef="1" ang="90,0,0" color="0,220,0" radius="0.5" length="4" />
		<capsule pos="12.649999999999999,0.0,-34.5" vel="0,0,0" mass="1" elasticityCoef="1" ang="90,0,0" color="0,220,0" radius="0.5" length="4" />
		<capsule pos="12.649999999999999,0.0,-32.199999999999996" vel="0,0,0" mass="1" elasticityCoef="1" ang="90,0,0" color="0,220,0" radius="0.5" length="4" />
		<capsule pos="12.649999999999999,0.0,-29.9" vel="0,0,0" mass="1" elasticityCoef="1" ang="90,0,0" color="0,220,0" radius="0.5" length="4" />
		<capsule pos="12.649999999999999,0.0,-27.599999999999998" vel="0,0,0" mass="1" elasticityCoef="1" ang="90,0,0" color="0,220,0" radius="0.5" length="4" />
		<capsule pos="12.649999999999999,0.0,-25.299999999999997" vel="0,0,0" mass="1" elasticityCoef="1" ang="90,0,0" color="0,220,0" radius="0.5" length="4" />
		<capsule pos="12.649999999999999,0.0,-22.999999999999996" vel="0,0,0" mass="1" elasticityCoef="1" ang="90,0,0" color="0,220,0" radius="0.5" length="4" />
		<capsule pos="12.649999999999999,0.0,-20.699999999999996" vel="0,0,0" mass="1" elasticityCoef="1" ang="90,0,0" color="0,220,0" radius="0.5" length="4" />
		<capsule pos="12.649999999999999,0.0,-18.4" vel="0,0,0" mass="1" elasticityCoef="1" ang="90,0,0" color="0,220,0" radius="0.5" length="4" />
		<capsule pos="12.649999999999999,0.0,-16.099999999999998" vel="0,0,0" mass="1" elasticityCoef="1" ang="90,0,0" color="0,220,0" radius="0.5" length="4" />
		<capsule pos="12.649999999999999,0.0,-13.799999999999997" vel="0,0,0" mass="1" elasticityCoef="1" ang="90,0,0" color="0,220,0" radius="0.5" length="4" />
		<capsule pos="12.649999999999999,0.0,-11.5" vel="0,0,0" mass="1" elasticityCoef="1" ang="90,0,0" color="0,220,0" radius="0.5" length="4" />
		<capsule pos="12.649999999999999,0.0,-9.199999999999996" vel="0,0,0" mass="1" elasticityCoef="1" ang="90,0,0" color="0,220,0" radius="0.5" length="4" />
		<capsule pos="12.649999999999999,0.0,-6.899999999999999" vel="0,0,0" mass="1" elasticityCoef="1" ang="90,0,0" color="0,220,0" radius="0.5" length="4" />
		<capsule pos="12.649999999999999,0.0,-4.600000000000001" vel="0,0,0" mass="1" elasticityCoef="1" ang="90,0,0" color="0,220,0" radius="0.5" length="4" />
		<capsule pos="12.649999999999999,0.0,-2.299999999999997" vel="0,0,0" mass="1" elasticityCoef="1" ang="90,0,0" color="0,220,0" radius="0.5" length="4" />
		<capsule pos="12.649999999999999,0.0,0.0" vel="0,0,0" mass="1" elasticityCoef="1" ang="90,0,0" color="0,220,0" radius="0.5" length="4" />
		<capsule pos="12.649999999999999,0.0,2.3000000000000043" vel="0,0,0" mass="1" elasticityCoef="1" ang="90,0,0" color="0,220,0" radius="0.5" length="4" />
		<capsule pos="12.649999999999999,0.0,4.600000000000001" vel="0,0,0" mass="1" elasticityCoef="1" ang="90,0,0" color="0,220,0" radius="0.5" length="4" />
		<capsule pos="12.649999999999999,0.0,6.899999999999999" vel="0,0,0" mass="1" elasticityCoef="1" ang="90,0,0" color="0,220,0" radius="0.5" length="4" />
		<capsule pos="12.649999999999999,0.0,9.200000000000003" vel="0,0,0" mass="1" elasticityCoef="1" ang="90,0,0" color="0,220,0" radius="0.5" length="4" />
		<capsule pos="12.649999999999999,0.0,11.5" vel="0,0,0" mass="1" elasticityCoef="1" ang="90,0,0" color="0,220,0" radius="0.5" length="4" />
		<capsule pos="12.649999999999999,0.0,13.799999999999997" vel="0,0,0" mass="1" elasticityCoef="1" ang="90,0,0" color="0,220,0" radius="0.5" length="4" />
		<capsule pos="12.649999999999999,0.0,16.1" vel="0,0,0" mass="1" elasticityCoef="1" ang="90,0,0" color="0,220,0" radius="0.5" length="4" />
		<capsule pos="12.649999999999999,0.0,18.4" vel="0,0,0" mass="1" elasticityCoef="1" ang="90,0,0" color="0,220,0" radius="0.5" length="4" />
		<capsule pos="12.649999999999999,0.0,20.699999999999996" vel="0,0,0" mass="1" elasticityCoef="1" ang="90,0,0" color="0,220,0" radius="0.5" length="4" />
		<capsule pos="12.649999999999999,0.0,22.999999999999993" vel="0,0,0" mass="1" elasticityCoef="1" ang="90,0,0" color="0,220,0" radius="0.5" length="4" />
		<capsule pos="12.649999999999999,0.0,25.300000000000004" vel="0,0,0" mass="1" elasticityCoef="1" ang="90,0,0" color="0,220,0" radius="0.5" length="4" />
		<capsule pos="12.649999999999999,0.0,27.6" vel="0,0,0" mass="1" elasticityCoef="1" ang="90,0,0" color="0,220,0" radius="0.5" length="4" />
		<capsule pos="12.649999999999999,0.0,29.9" vel="0,0,0" mass="1" elasticityCoef="1" ang="90,0,0" color="0,220,0" radius="0.5" length="4" />
		<capsule pos="12.649999999999999,0.0,32.199999999999996" vel="0,0,0" mass="1" elasticityCoef="1" ang="90,0,0" color="0,220,0" radius="0.5" length="4" />
		<capsule pos="12.649999999999999,0.0,34.49999999999999" vel="0,0,0" mass="1" elasticityCoef="1" ang="90,0,0" color="0,220,0" radius="0.5" length="4" />
		<capsule pos="12.649999999999999,0.0,36.800000000000004" vel="0,0,0" mass="1" elasticityCoef="1" ang="90,0,0" color="0,220,0" radius="0.5" length="4" />
		<capsule pos="12.649999999999999,0.0,39.1" vel="0,0,0" mass="1" elasticityCoef="1" ang="90,0,0" color="0,220,0" radius="0.5" length="4" />
		<capsule pos="12.649999999999999,0.0,41.4" vel="0,0,0" mass="1" elasticityCoef="1" ang="90,0,0" color="0,220,0" radius="0.5" length="4" />
		<capsule pos="12.649999999999999,5.5,-43.699999999999996" vel="0,0,0" mass="1" elasticityCoef="1" ang="90,0,0" color="0,220,0" radius="0.5" length="4" />
		<capsule pos="12.649999999999999,5.5,-41.4" vel="0,0,0" mass="1" elasticityCoef="1" ang="90,0,0" color="0,220,0" radius="0.5" length="4" />
		<capsule pos="12.649999999999999,5.5,-39.099999999999994" vel="0,0,0" mass="1" elasticityCoef="1" ang="90,0,0" color="0,220,0" radius="0.5" length="4" />
		<capsule pos="12.649999999999999,5.5,-36.8" vel="0,0,0" mass="1" elasticityCoef="1" ang="90,0,0" color="0,220,0" radius="0.5" length="4" />
		<capsule pos="12.649999999999999,5.5,-34.5" vel="0,0,0" mass="1" elasticityCoef="1" ang="90,0,0" color="0,220,0" radius="0.5" length="4" />
		<capsule pos="12.649999999999999,5.5,-32.199999999999996" vel="0,0,0" mass="1" elasticityCoef="1" ang="90,0,0" color="0,220,0" radius="0.5" length="4" />
		<capsule pos="12.649999999999999,5.5,-29.9" vel="0,0,0" mass="1" elasticityCoef="1" ang="90,0,0" color="0,220,0" radius="0.5" length="4" />
		<capsule pos="12.649999999999999,5.5,-27.599999999999998" vel="0,0,0" mass="1" elasticityCoef="1" ang="90,0,0" color="0,220,0" radius="0.5" length="4" />
		<capsule pos="12.649999999999999,5.5,-25.299999999999997" vel="0,0,0" mass="1" elasticityCoef="1" ang="90,0,0" color="0,220,0" radius="0.5" length="4" />
		<capsule pos="12.649999999999999,5.5,-22.999999999999996" vel="0,0,0" mass="1" elasticityCoef="1" ang="90,0,0" color="0,220,0" radius="0.5" length="4" />
		<capsule pos="12.649999999999999,5.5,-20.699999999999996" vel="0,0,0" mass="1" elasticityCoef="1" ang="90,0,0" color="0,220,0" radius="0.5" length="4" />
		<capsule pos="12.649999999999999,5.5,-18.4" vel="0,0,0" mass="1" elasticityCoef="1" ang="90,0,0" color="0,220,0" radius="0.5" length="4" />
		<capsule pos="12.649999999999999,5.5,-16.099999999999998" vel="0,0,0" mass="1" elasticityCoef="1" ang="90,0,0" color="0,220,0" radius="0.5" length="4" />
		<capsule pos="12.649999999999999,5.5,-13.799999999999997" vel="0,0,0" mass="1" elasticityCoef="1" ang="90,0,0" color="0,220,0" radius="0.5" length="4" />
		<capsule pos="12.649999999999999,5.5,-11.5" vel="0,0,0" mass="1" elasticityCoef="1" ang="90,0,0" color="0,220,0" radius="0.5" length="4" />
		<capsule pos="12.649999999999999,5.5,-9.199999999999996" vel="0,0,0" mass="1" elasticityCoef="1" ang="90,0,0" color="0,220,0" radius="0.5" length="4" />
		<capsule pos="12.649999999999999,5.5,-6.899999999999999" vel="0,0,0" mass="1" elasticityCoef="1" ang="90,0,0" color="0,220,0" radius="0.5" length="4" />
		<capsule pos="12.649999999999999,5.5,-4.600000000000001" vel="0,0,0" mass="1" elasticityCoef="1" ang="90,0,0" color="0,220,0" radius="0.5" length="4" />
		<capsule pos="12.649999999999999,5.5,-2.299999999999997" vel="0,0,0" mass="1" elasticityCoef="1" ang="90,0,0" color="0,220,0" radius="0.5" length="4" />
		<capsule pos="12.649999999999999,5.5,0.0" vel="0,0,0" mass="1" elasticityCoef="1" ang="90,0,0" color="0,220,0" radius="0.5" length="4" />
		<capsule pos="12.649999999999999,5.5,2.3000000000000043" vel="0,0,0" mass="1" elasticityCoef="1" ang="90,0,0" color="0,220,0" radius="0.5" length="4" />
		<capsule pos="12.649999999999999,5.5,4.600000000000001" vel="0,0,0" mass="1" elasticityCoef="1" ang="90,0,0" color="0,220,0" radius="0.5" length="4" />
		<capsule pos="12.649999999999999,5.5,6.899999999999999" vel="0,0,0" mass="1" elasticityCoef="1" ang="90,0,0" color="0,220,0" radius="0.5" length="4" />
		<capsule pos="12.649999999999999,5.5,9.200000000000003" vel="0,0,0" mass="1" elasticityCoef="1" ang="90,0,0" color="0,220,0" radius="0.5" length="4" />
		<capsule pos="12.649999999999999,5.5,11.5" vel="0,0,0" mass="1" elasticityCoef="1" ang="90,0,0" color="0,220,0" radius="0.5" length="4" />
		<capsule pos="12.649999999999999,5.5,13.799999999999997" vel="0,0,0" mass="1" elasticityCoef="1" ang="90,0,0" color="0,220,0" radius="0.5" length="4" />
		<capsule pos="12.649999999999999,5.5,16.1" vel="0,0,0" mass="1" elasticityCoef="1" ang="90,0,0" color="0,220,0" radius="0.5" length="4" />
		<capsule pos="12.649999999999999,5.5,18.4" vel="0,0,0" mass="1" elasticityCoef="1" ang="90,0,0" color="0,220,0" radius="0.5" length="4" />
		<capsule pos="12.649999999999999,5.5,20.699999999999996" vel="0,0,0" mass="1" elasticityCoef="1" ang="90,0,0" color="0,220,0" radius="0.5" length="4" />
		<capsule pos="12.649999999999999,5.5,22.999999999999993" vel="0,0,0" mass="1" elasticityCoef="1" ang="90,0,0" color="0,220,0" radius="0.5" length="4" />
		<capsule pos="12.649999999999999,5.5,25.300000000000004" vel="0,0,0" mass="1" elasticityCoef="1" ang="90,0,0" color="0,220,0" radius="0.5" length="4" />
		<capsule pos="12.649999999999999,5.5,27.6" vel="0,0,0" mass="1" elasticityCoef="1" ang="90,0,0" color="0,220,0" radius="0.5" length="4" />
		<capsule pos="12.649999999999999,5.5,29.9" vel="0,0,0" mass="1" elasticityCoef="1" ang="90,0,0" color="0,220,0" radius="0.5" length="4" />
		<capsule pos="12.649999999999999,5.5,32.199999999999996" vel="0,0,0" mass="1" elasticityCoef="1" ang="90,0,0" color="0,220,0" radius="0.5" length="4" />
		<capsule pos="12.649999999999999,5.5,34.49999999999999" vel="0,0,0" mass="1" elasticityCoef="1" ang="90,0,0" color="0,220,0" radius="0.5" length="4" />
		<capsule pos="12.649999999999999,5.5,36.800000000000004" vel="0,0,0" mass="1" elasticityCoef="1" ang="90,0,0" color="0,220,0" radius="0.5" length="4" />
		<capsule pos="12.649999999999999,5.5,39.1" vel="0,0,0" mass="1" elasticityCoef="1" ang="90,0,0" color="0,220,0" radius="0.5" length="4" />
		<capsule pos="12.649999999999999,5.5,41.4" vel="0,0,0" mass="1" elasticityCoef="1" ang="90,0,0" color="0,220,0" radius="0.5" length="4" />
		<capsule pos="12.649999999999999,11.0,-43.699999999999996" vel="0,0,0" mass="1" elasticityCoef="1" ang="90,0,0" color="0,220,0" radius="0.5" length="4" />
		<capsule pos="12.649999999999999,11.0,-41.4" vel="0,0,0" mass="1" elasticityCoef="1" ang="90,0,0" color="0,220,0" radius="0.5" length="4" />
		<capsule pos="12.649999999999999,11.0,-39.099999999999994" vel="0,0,0" mass="1" elasticityCoef="1" ang="90,0,0" color="0,220,0" radius="0.5" length="4" />
		<capsule pos="12.649999999999999,11.0,-36.8" vel="0,0,0" mass="1" elasticityCoef="1" ang="90,0,0" color="0,220,0" radius="0.5" length="4" />
		<capsule pos="12.649999999999999,11.0,-34.5" vel="0,0,0" mass="1" elasticityCoef="1" ang="90,0,0" color="0,220,0" radius="0.5" length="4" />
		<capsule pos="12.649999999999999,11.0,-32.199999999999996" vel="0,0,0" mass="1" elasticityCoef="1" ang="90,0,0" color="0,220,0" radius="0.5" length="4" />
		<capsule pos="12.649999999999999,11.0,-29.9" vel="0,0,0" mass="1" elasticityCoef="1" ang="90,0,0" color="0,220,0" radius="0.5" length="4" />
		<capsule pos="12.649999999999999,11.0,-27.599999999999998" vel="0,0,0" mass="1" elasticityCoef="1" ang="90,0,0" color="0,220,0" radius="0.5" length="4" />
		<capsule pos="12.649999999999999,11.0,-25.299999999999997" vel="0,0,0" mass="1" elasticityCoef="1" ang="90,0,0" color="0,220,0" radius="0.5" length="4" />
		<capsule pos="12.649999999999999,11.0,-22.999999999999996" vel="0,0,0" mass="1" elasticityCoef="1" ang="90,0,0" color="0,220,0" radius="0.5" length="4" />
		<capsule pos="12.649999999999999,11.0,-20.699999999999996" vel="0,0,0" mass="1" elasticityCoef="1" ang="90,0,0" color="0,220,0" radius="0.5" length="4" />
		<capsule pos="12.649999999999999,11.0,-18.4" vel="0,0,0" mass="1" elasticityCoef="1" ang="90,0,0" color="0,220,0" radius="0.5" length="4" />
		<capsule pos="12.649999999999999,11.0,-16.099999999999998" vel="0,0,0" mass="1" elasticityCoef="1" ang="90,0,0" color="0,220,0" radius="0.5" length="4" />
		<capsule pos="12.649999999999999,11.0,-13.799999999999997" vel="0,0,0" mass="1" elasticityCoef="1" ang="90,0,0" color="0,220,0" radius="0.5" length="4" />
		<capsule pos="12.649999999999999,11.0,-11.5" vel="0,0,0" mass="1" elasticityCoef="1" ang="90,0,0" color="0,220,0" radius="0.5" length="4" />
		<capsule pos="12.649999999999999,11.0,-9.199999999999996" vel="0,0,0" mass="1" elasticityCoef="1" ang="90,0,0" color="0,220,0" radius="0.5" length="4" />
		<capsule pos="12.649999999999999,11.0,-6.899999999999999" vel="0,0,0" mass="1" elasticityCoef="1" ang="90,0,0" color="0,220,0" radius="0.5" length="4" />
		<capsule pos="12.649999999999999,11.0,-4.600000000000001" vel="0,0,0" mass="1" elasticityCoef="1" ang="90,0,0" color="0,220,0" radius="0.5" length="4" />
		<capsule pos="12.649999999999999,11.0,-2.299999999999997" vel="0,0,0" mass="1" elasticityCoef="1" ang="90,0,0" color="0,220,0" radius="0.5" length="4" />
		<capsule pos="12.649999999999999,11.0,0.0" vel="0,0,0" mass="1" elasticityCoef="1" ang="90,0,0" color="0,220,0" radius="0.5" length="4" />
		<capsule pos="12.649999999999999,11.0,2.3000000000000043" vel="0,0,0" mass="1" elasticityCoef="1" ang="90,0,0" color="0,220,0" radius="0.5" length="4" />
		<capsule pos="12.649999999999999,11.0,4.600000000000001" vel="0,0,0" mass="1" elasticityCoef="1" ang="90,0,0" color="0,220,0" radius="0.5" length="4" />
		<capsule pos="12.649999999999999,11.0,6.899999999999999" vel="0,0,0" mass="1" elasticityCoef="1" ang="90,0,0" color="0,220,0" radius="0.5" length="4" />
		<capsule pos="12.649999999999999,11.0,9.200000000000003" vel="0,0,0" mass="1" elasticityCoef="1" ang="90,0,0" color="0,220,0" radius="0.5" length="4" />
		<capsule pos="12.649999999999999,11.0,11.5" vel="0,0,0" mass="1" elasticityCoef="1" ang="90,0,0" color="0,220,0" radius="0.5" length="4" />
		<capsule pos="12.649999999999999,11.0,13.799999999999997" vel="0,0,0" mass="1" elasticityCoef="1" ang="90,0,0" color="0,220,0" radius="0.5" length="4" />
		<capsule pos="12.649999999999999,11.0,16.1" vel="0,0,0" mass="1" elasticityCoef="1" ang="90,0,0" color="0,220,0" radius="0.5" length="4" />
		<capsule pos="12.649999999999999,11.0,18.4" vel="0,0,0" mass="1" elasticityCoef="1" ang="90,0,0" color="0,220,0" radius="0.5" length="4" />
		<capsule pos="12.649999999999999,11.0,20.699999999999996" vel="0,0,0" mass="1" elasticityCoef="1" ang="90,0,0" color="0,220,0" radius="0.5" length="4" />
		<capsule pos="12.649999999999999,11.0,22.999999999999993" vel="0,0,0" mass="1" elasticityCoef="1" ang="90,0,0" color="0,220,0" radius="0.5" length="4" />
		<capsule pos="12.649999999999999,11.0,25.300000000000004" vel="0,0,0" mass="1" elasticityCoef="1" ang="90,0,0" color="0,220,0" radius="0.5" length="4" />
		<capsule pos="12.649999999999999,11.0,27.6" vel="0,0,0" mass="1" elasticityCoef="1" ang="90,0,0" color="0,220,0" radius="0.5" length="4" />
		<capsule pos="12.649999999999999,11.0,29.9" vel="0,0,0" mass="1" elasticityCoef="1" ang="90,0,0" color="0,220,0" radius="0.5" length="4" />
		<capsule pos="12.649999999999999,11.0,32.199999999999996" vel="0,0,0" mass="1" elasticityCoef="1" ang="90,0,0" color="0,220,0" radius="0.5" length="4" />
		<capsule pos="12.649999999999999,11.0,34.49999999999999" vel="0,0,0" mass="1" elasticityCoef="1" ang="90,0,0" color="0,220,0" radius="0.5" length="4" />
		<capsule pos="12.649999999999999,11.0,36.800000000000004" vel="0,0,0" mass="1" elasticityCoef="1" ang="90,0,0" color="0,220,0" radius="0.5" length="4" />
		<capsule pos="12.649999999999999,11.0,39.1" vel="0,0,0" mass="1" elasticityCoef="1" ang="90,0,0" color="0,220,0" radius="0.5" length="4" />
		<capsule pos="12.649999999999999,11.0,41.4" vel="0,0,0" mass="1" elasticityCoef="1" ang="90,0,0" color="0,220,0" radius="0.5" length="4" />
		<capsule pos="12.649999999999999,16.5,-43.699999999999996" vel="0,0,0" mass="1" elasticityCoef="1" ang="90,0,0" color="0,220,0" radius="0.5" length="4" />
		<capsule pos="12.649999999999999,16.5,-41.4" vel="0,0,0" mass="1" elasticityCoef="1" ang="90,0,0" color="0,220,0" radius="0.5" length="4" />
		<capsule pos="12.649999999999999,16.5,-39.099999999999994" vel="0,0,0" mass="1" elasticityCoef="1" ang="90,0,0" color="0,220,0" radius="0.5" length="4" />
		<capsule pos="12.649999999999999,16.5,-36.8" vel="0,0,0" mass="1" elasticityCoef="1" ang="90,0,0" color="0,220,0" radius="0.5" length="4" />
		<capsule pos="12.649999999999999,16.5,-34.5" vel="0,0,0" mass="1" elasticityCoef="1" ang="90,0,0" color="0,220,0" radius="0.5" length="4" />
		<capsule pos="12.649999999999999,16.5,-32.199999999999996" vel="0,0,0" mass="1" elasticityCoef="1" ang="90,0,0" color="0,220,0" radius="0.5" length="4" />
		<capsule pos="12.649999999999999,16.5,-29.9" vel="0,0,0" mass="1" elasticityCoef="1" ang="90,0,0" color="0,220,0" radius="0.5" length="4" />
		<capsule pos="12.649999999999999,16.5,-27.599999999999998" vel="0,0,0" mass="1" elasticityCoef="1" ang="90,0,0" color="0,220,0" radius="0.5" length="4" />
		<capsule pos="12.649999999999999,16.5,-25.299999999999997" vel="0,0,0" mass="1" elasticityCoef="1" ang="90,0,0" color="0,220,0" radius="0.5" length="4" />
		<capsule pos="12.649999999999999,16.5,-22.999999999999996" vel="0,0,0" mass="1" elasticityCoef="1" ang="90,0,0" color="0,220,0" radius="0.5" length="4" />
		<capsule pos="12.649999999999999,16.5,-20.699999999999996" vel="0,0,0" mass="1" elasticityCoef="1" ang="90,0,0" color="0,220,0" radius="0.5" length="4" />
		<capsule pos="12.649999999999999,16.5,-18.4" vel="0,0,0" mass="1" elasticityCoef="1" ang="90,0,0" color="0,220,0" radius="0.5" length="4" />
		<capsule pos="12.649999999999999,16.5,-16.099999999999998" vel="0,0,0" mass="1" elasticityCoef="1" ang="90,0,0" color="0,220,0" radius="0.5" length="4" />
		<capsule pos="12.649999999999999,16.5,-13.799999999999997" vel="0,0,0" mass="1" elasticityCoef="1" ang="90,0,0" color="0,220,0" radius="0.5" length="4" />
		<capsule pos="12.649999999999999,16.5,-11.5" vel="0,0,0" mass="1" elasticityCoef="1" ang="90,0,0" color="0,220,0" radius="0.5" length="4" />
		<capsule pos="12.649999999999999,16.5,-9.199999999999996" vel="0,0,0" mass="1" elasticityCoef="1" ang="90,0,0" color="0,220,0" radius="0.5" length="4" />
		<capsule pos="12.649999999999999,16.5,-6.899999999999999" vel="0,0,0" mass="1" elasticityCoef="1" ang="90,0,0" color="0,220,0" radius="0.5" length="4" />
		<capsule pos="12.649999999999999,16.5,-4.600000000000001" vel="0,0,0" mass="1" elasticityCoef="1" ang="90,0,0" color="0,220,0" radius="0.5" length="4" />
		<capsule pos="12.649999999999999,16.5,-2.299999999999997" vel="0,0,0" mass="1" elasticityCoef="1" ang="90,0,0" color="0,220,0" radius="0.5" length="4" />
		<capsule pos="12.649999999999999,16.5,0.0" vel="0,0,0" mass="1" elasticityCoef="1" ang="90,0,0" color="0,220,0" radius="0.5" length="4" />
		<capsule pos="12.649999999999999,16.5,2.3000000000000043" vel="0,0,0" mass="1" elasticityCoef="1" ang="90,0,0" color="0,220,0" radius="0.5" length="4" />
		<capsule pos="12.649999999999999,16.5,4.600000000000001" vel="0,0,0" mass="1" elasticityCoef="1" ang="90,0,0" color="0,220,0" radius="0.5" length="4" />
		<capsule pos="12.649999999999999,16.5,6.899999999999999" vel="0,0,0" mass="1" elasticityCoef="1" ang="90,0,0" color="0,220,0" radius="0.5" length="4" />
		<capsule pos="12.649999999999999,16.5,9.200000000000003" vel="0,0,0" mass="1" elasticityCoef="1" ang="90,0,0" color="0,220,0" radius="0.5" length="4" />
		<capsule pos="12.649999999999999,16.5,11.5" vel="0,0,0" mass="1" elasticityCoef="1" ang="90,0,0" color="0,220,0" radius="0.5" length="4" />
		<capsule pos="12.649999999999999,16.5,13.799999999999997" vel="0,0,0" mass="1" elasticityCoef="1" ang="90,0,0" color="0,220,0" radius="0.5" length="4" />
		<capsule pos="12.649999999999999,16.5,16.1" vel="0,0,0" mass="1" elasticityCoef="1" ang="90,0,0" color="0,220,0" radius="0.5" length="4" />
		<capsule pos="12.649999999999999,16.5,18.4" vel="0,0,0" mass="1" elasticityCoef="1" ang="90,0,0" color="0,220,0" radius="0.5" length="4" />
		<capsule pos="12.649999999999999,16.5,20.699999999999996" vel="0,0,0" mass="1" elasticityCoef="1" ang="90,0,0" color="0,220,0" radius="0.5" length="4" />
		<capsule pos="12.649999999999999,16.5,22.999999999999993" vel="0,0,0" mass="1" elasticityCoef="1" ang="90,0,0" color="0,220,0" radius="0.5" length="4" />
		<capsule pos="12.649999999999999,16.5,25.300000000000004" vel="0,0,0" mass="1" elasticityCoef="1" ang="90,0,0" color="0,220,0" radius="0.5" length="4" />
		<capsule pos="12.649999999999999,16.5,27.6" vel="0,0,0" mass="1" elasticityCoef="1" ang="90,0,0" color="0,220,0" radius="0.5" length="4" />
		<capsule pos="12.649999999999999,16.5,29.9" vel="0,0,0" mass="1" elasticityCoef="1" ang="90,0,0" color="0,220,0" radius="0.5" length="4" />
		<capsule pos="12.649999999999999,16.5,32.199999999999996" vel="0,0,0" mass="1" elasticityCoef="1" ang="90,0,0" color="0,220,0" radius="0.5" length="4" />
		<capsule pos="12.649999999999999,16.5,34.49999999999999" vel="0,0,0" mass="1" elasticityCoef="1" ang="90,0,0" color="0,220,0" radius="0.5" length="4" />
		<capsule pos="12.649999999999999,16.5,36.800000000000004" vel="0,0,0" mass="1" elasticityCoef="1" ang="90,0,0" color="0,220,0" radius="0.5" length="4" />
		<capsule pos="12.649999999999999,16.5,39.1" vel="0,0,0" mass="1" elasticityCoef="1" ang="90,0,0" color="0,220,0" radius="0.5" length="4" />
		<capsule pos="12.649999999999999,16.5,41.4" vel="0,0,0" mass="1" elasticityCoef="1" ang="90,0,0" color="0,220,0" radius="0.5" length="4" />
		<capsule pos="12.649999999999999,22.0,-43.699999999999996" vel="0,0,0" mass="1" elasticityCoef="1" ang="90,0,0" color="0,220,0" radius="0.5" length="4" />
		<capsule pos="12.649999999999999,22.0,-41.4" vel="0,0,0" mass="1" elasticityCoef="1" ang="90,0,0" color="0,220,0" radius="0.5" length="4" />
		<capsule pos="12.649999999999999,22.0,-39.099999999999994" vel="0,0,0" mass="1" elasticityCoef="1" ang="90,0,0" color="0,220,0" radius="0.5" length="4" />
		<capsule pos="12.649999999999999,22.0,-36.8" vel="0,0,0" mass="1" elasticityCoef="1" ang="90,0,0" color="0,220,0" radius="0.5" length="4" />
		<capsule pos="12.649999999999999,22.0,-34.5" vel="0,0,0" mass="1" elasticityCoef="1" ang="90,0,0" color="0,220,0" radius="0.5" length="4" />
		<capsule pos="12.649999999999999,22.0,-32.199999999999996" vel="0,0,0" mass="1" elasticityCoef="1" ang="90,0,0" color="0,220,0" radius="0.5" length="4" />
		<capsule pos="12.649999999999999,22.0,-29.9" vel="0,0,0" mass="1" elasticityCoef="1" ang="90,0,0" color="0,220,0" radius="0.5" length="4" />
		<capsule pos="12.649999999999999,22.0,-27.599999999999998" vel="0,0,0" mass="1" elasticityCoef="1" ang="90,0,0" color="0,220,0" radius="0.5" length="4" />
		<capsule pos="12.649999999999999,22.0,-25.299999999999997" vel="0,0,0" mass="1" elasticityCoef="1" ang="90,0,0" color="0,220,0" radius="0.5" length="4" />
		<capsule pos="12.649999999999999,22.0,-22.999999999999996" vel="0,0,0" mass="1" elasticityCoef="1" ang="90,0,0" color="0,220,0" radius="0.5" length="4" />
		<capsule pos="12.649999999999999,22.0,-20.699999999999996" vel="0,0,0" mass="1" elasticityCoef="1" ang="90,0,0" color="0,220,0" radius="0.5" length="4" />
		<capsule pos="12.649999999999999,22.0,-18.4" vel="0,0,0" mass="1" elasticityCoef="1" ang="90,0,0" color="0,220,0" radius="0.5" length="4" />
		<capsule pos="12.649999999999999,22.0,-16.099999999999998" vel="0,0,0" mass="1" elasticityCoef="1" ang="90,0,0" color="0,220,0" radius="0.5" length="4" />
		<capsule pos="12.649999999999999,22.0,-13.799999999999997" vel="0,0,0" mass="1" elasticityCoef="1" ang="90,0,0" color="0,220,0" radius="0.5" length="4" />
		<capsule pos="12.649999999999999,22.0,-11.5" vel="0,0,0" mass="1" elasticityCoef="1" ang="90,0,0" color="0,220,0" radius="0.5" length="4" />
		<capsule pos="12.649999999999999,22.0,-9.199999999999996" vel="0,0,0" mass="1" elasticityCoef="1" ang="90,0,0" color="0,220,0" radius="0.5" length="4" />
		<capsule pos="12.649999999999999,22.0,-6.899999999999999" vel="0,0,0" mass="1" elasticityCoef="1" ang="90,0,0" color="0,220,0" radius="0.5" length="4" />
		<capsule pos="12.649999999999999,22.0,-4.600000000000001" vel="0,0,0" mass="1" elasticityCoef="1" ang="90,0,0" color="0,220,0" radius="0.5" length="4" />
		<capsule pos="12.649999999999999,22.0,-2.299999999999997" vel="0,0,0" mass="1" elasticityCoef="1" ang="90,0,0" color="0,220,0" radius="0.5" length="4" />
		<capsule pos="12.649999999999999,22.0,0.0" vel="0,0,0" mass="1" elasticityCoef="1" ang="90,0,0" color="0,220,0" radius="0.5" length="4" />
		<capsule pos="12.649999999999999,22.0,2.3000000000000043" vel="0,0,0" mass="1" elasticityCoef="1" ang="90,0,0" color="0,220,0" radius="0.5" length="4" />
		<capsule pos="12.649999999999999,22.0,4.600000000000001" vel="0,0,0" mass="1" elasticityCoef="1" ang="90,0,0" color="0,220,0" radius="0.5" length="4" />
		<capsule pos="12.649999999999999,22.0,6.899999999999999" vel="0,0,0" mass="1" elasticityCoef="1" ang="90,0,0" color="0,220,0" radius="0.5" length="4" />
		<capsule pos="12.649999999999999,22.0,9.200000000000003" vel="0,0,0" mass="1" elasticityCoef="1" ang="90,0,0" color="0,220,0" radius="0.5" length="4" />
		<capsule pos="12.649999999999999,22.0,11.5" vel="0,0,0" mass="1" elasticityCoef="1" ang="90,0,0" color="0,220,0" radius="0.5" length="4" />
		<capsule pos="12.649999999999999,22.0,13.799999999999997" vel="0,0,0" mass="1" elasticityCoef="1" ang="90,0,0" color="0,220,0" radius="0.5" length="4" />
		<capsule pos="12.649999999999999,22.0,16.1" vel="0,0,0" mass="1" elasticityCoef="1" ang="90,0,0" color="0,220,0" radius="0.5" length="4" />
		<capsule pos="12.649999999999999,22.0,18.4" vel="0,0,0" mass="1" elasticityCoef="1" ang="90,0,0" color="0,220,0" radius="0.5" length="4" />
		<capsule pos="12.649999999999999,22.0,20.699999999999996" vel="0,0,0" mass="1" elasticityCoef="1" ang="90,0,0" color="0,220,0" radius="0.5" length="4" />
		<capsule pos="12.649999999999999,22.0,22.999999999999993" vel="0,0,0" mass="1" elasticityCoef="1" ang="90,0,0" color="0,220,0" radius="0.5" length="4" />
		<capsule pos="12.649999999999999,22.0,25.300000000000004" vel="0,0,0" mass="1" elasticityCoef="1" ang="90,0,0" color="0,220,0" radius="0.5" length="4" />
		<capsule pos="12.649999999999999,22.0,27.6" vel="0,0,0" mass="1" elasticityCoef="1" ang="90,0,0" color="0,220,0" radius="0.5" length="4" />
		<capsule pos="12.649999999999999,22.0,29.9" vel="0,0,0" mass="1" elasticityCoef="1" ang="90,0,0" color="0,220,0" radius="0.5" length="4" />
		<capsule pos="12.649999999999999,22.0,32.199999999999996" vel="0,0,0" mass="1" elasticityCoef="1" ang="90,0,0" color="0,220,0" radius="0.5" length="4" />
		<capsule pos="12.649999999999999,22.0,34.49999999999999" vel="0,0,0" mass="1" elasticityCoef="1" ang="90,0,0" color="0,220,0" radius="0.5" length="4" />
		<capsule pos="12.649999999999999,22.0,36.800000000000004" vel="0,0,0" mass="1" elasticityCoef="1" ang="90,0,0" color="0,220,0" radius="0.5" length="4" />
		<capsule pos="12.649999999999999,22.0,39.1" vel="0,0,0" mass="1" elasticityCoef="1" ang="90,0,0" color="0,220,0" radius="0.5" length="4" />
		<capsule pos="12.649999999999999,22.0,41.4" vel="0,0,0" mass="1" elasticityCoef="1" ang="90,0,0" color="0,220,0" radius="0.5" length="4" />
		<capsule pos="12.649999999999999,27.5,-43.699999999999996" vel="0,0,0" mass="1" elasticityCoef="1" ang="90,0,0" color="0,220,0" radius="0.5" length="4" />
		<capsule pos="12.649999999999999,27.5,-41.4" vel="0,0,0" mass="1" elasticityCoef="1" ang="90,0,0" color="0,220,0" radius="0.5" length="4" />
		<capsule pos="12.649999999999999,27.5,-39.099999999999994" vel="0,0,0" mass="1" elasticityCoef="1" ang="90,0,0" color="0,220,0" radius="0.5" length="4" />
		<capsule pos="12.649999999999999,27.5,-36.8" vel="0,0,0" mass="1" elasticityCoef="1" ang="90,0,0" color="0,220,0" radius="0.5" length="4" />
		<capsule pos="12.649999999999999,27.5,-34.5" vel="0,0,0" mass="1" elasticityCoef="1" ang="90,0,0" color="0,220,0" radius="0.5" length="4" />
		<capsule pos="12.649999999999999,27.5,-32.199999999999996" vel="0,0,0" mass="1" elasticityCoef="1" ang="90,0,0" color="0,220,0" radius="0.5" length="4" />
		<capsule pos="12.649999999999999,27.5,-29.9" vel="0,0,0" mass="1" elasticityCoef="1" ang="90,0,0" color="0,220,0" radius="0.5" length="4" />
		<capsule pos="12.649999999999999,27.5,-27.599999999999998" vel="0,0,0" mass="1" elasticityCoef="1" ang="90,0,0" color="0,220,0" radius="0.5" length="4" />
		<capsule pos="12.649999999999999,27.5,-25.299999999999997" vel="0,0,0" mass="1" elasticityCoef="1" ang="90,0,0" color="0,220,0" radius="0.5" length="4" />
		<capsule pos="12.649999999999999,27.5,-22.999999999999996" vel="0,0,0" mass="1" elasticityCoef="1" ang="90,0,0" color="0,220,0" radius="0.5" length="4" />
		<capsule pos="12.649999999999999,27.5,-20.699999999999996" vel="0,0,0" mass="1" elasticityCoef="1" ang="90,0,0" color="0,220,0" radius="0.5" length="4" />
		<capsule pos="12.649999999999999,27.5,-18.4" vel="0,0,0" mass="1" elasticityCoef="1" ang="90,0,0" color="0,220,0" radius="0.5" length="4" />
		<capsule pos="12.649999999999999,27.5,-16.099999999999998" vel="0,0,0" mass="1" elasticityCoef="1" ang="90,0,0" color="0,220,0" radius="0.5" length="4" />
		<capsule pos="12.649999999999999,27.5,-13.799999999999997" vel="0,0,0" mass="1" elasticityCoef="1" ang="90,0,0" color="0,220,0" radius="0.5" length="4" />
		<capsule pos="12.649999999999999,27.5,-11.5" vel="0,0,0" mass="1" elasticityCoef="1" ang="90,0,0" color="0,220,0" radius="0.5" length="4" />
		<capsule pos="12.649999999999999,27.5,-9.199999999999996" vel="0,0,0" mass="1" elasticityCoef="1" ang="90,0,0" color="0,220,0" radius="0.5" length="4" />
		<capsule pos="12.649999999999999,27.5,-6.899999999999999" vel="0,0,0" mass="1" elasticityCoef="1" ang="90,0,0" color="0,220,0" radius="0.5" length="4" />
		<capsule pos="12.649999999999999,27.5,-4.600000000000001" vel="0,0,0" mass="1" elasticityCoef="1" ang="90,0,0" color="0,220,0" radius="0.5" length="4" />
		<capsule pos="12.649999999999999,27.5,-2.299999999999997" vel="0,0,0" mass="1" elasticityCoef="1" ang="90,0,0" color="0,220,0" radius="0.5" length="4" />
		<capsule pos="12.649999999999999,27.5,0.0" vel="0,0,0" mass="1" elasticityCoef="1" ang="90,0,0" color="0,220,0" radius="0.5" length="4" />
		<capsule pos="12.649999999999999,27.5,2.3000000000000043" vel="0,0,0" mass="1" elasticityCoef="1" ang="90,0,0" color="0,220,0" radius="0.5" length="4" />
		<capsule pos="12.649999999999999,27.5,4.600000000000001" vel="0,0,0" mass="1" elasticityCoef="1" ang="90,0,0" color="0,220,0" radius="0.5" length="4" />
		<capsule pos="12.649999999999999,27.5,6.899999999999999" vel="0,0,0" mass="1" elasticityCoef="1" ang="90,0,0" color="0,220,0" radius="0.5" length="4" />
		<capsule pos="12.649999999999999,27.5,9.200000000000003" vel="0,0,0" mass="1" elasticityCoef="1" ang="90,0,0" color="0,220,0" radius="0.5" length="4" />
		<capsule pos="12.649999999999999,27.5,11.5" vel="0,0,0" mass="1" elasticityCoef="1" ang="90,0,0" color="0,220,0" radius="0.5" length="4" />
		<capsule pos="12.649999999999999,27.5,13.799999999999997" vel="0,0,0" mass="1" elasticityCoef="1" ang="90,0,0" color="0,220,0" radius="0.5" length="4" />
		<capsule pos="12.649999999999999,27.5,16.1" vel="0,0,0" mass="1" elasticityCoef="1" ang="90,0,0" color="0,220,0" radius="0.5" length="4" />
		<capsule pos="12.649999999999999,27.5,18.4" vel="0,0,0" mass="1" elasticityCoef="1" ang="90,0,0" color="0,220,0" radius="0.5" length="4" />
		<capsule pos="12.649999999999999,27.5,20.699999999999996" vel="0,0,0" mass="1" elasticityCoef="1" ang="90,0,0" color="0,220,0" radius="0.5" length="4" />
		<capsule pos="12.649999999999999,27.5,22.999999999999993" vel="0,0,0" mass="1" elasticityCoef="1" ang="90,0,0" color="0,220,0" radius="0.5" length="4" />
		<capsule pos="12.649999999999999,27.5,25.300000000000004" vel="0,0,0" mass="1" elasticityCoef="1" ang="90,0,0" color="0,220,0" radius="0.5" length="4" />
		<capsule pos="12.649999999999999,27.5,27.6" vel="0,0,0" mass="1" elasticityCoef="1" ang="90,0,0" color="0,220,0" radius="0.5" length="4" />
		<capsule pos="12.649999999999999,27.5,29.9" vel="0,0,0" mass="1" elasticityCoef="1" ang="90,0,0" color="0,220,0" radius="0.5" length="4" />
		<capsule pos="12.649999999999999,27.5,32.199999999999996" vel="0,0,0" mass="1" elasticityCoef="1" ang="90,0,0" color="0,220,0" radius="0.5" length="4" />
		<capsule pos="12.649999999999999,27.5,34.49999999999999" vel="0,0,0" mass="1" elasticityCoef="1" ang="90,0,0" color="0,220,0" radius="0.5" length="4" />
		<capsule pos="12.649999999999999,27.5,36.800000000000004" vel="0,0,0" mass="1" elasticityCoef="1" ang="90,0,0" color="0,220,0" radius="0.5" length="4" />
		<capsule pos="12.649999999999999,27.5,39.1" vel="0,0,0" mass="1" elasticityCoef="1" ang="90,0,0" color="0,220,0" radius="0.5" length="4" />
		<capsule pos="12.649999999999999,27.5,41.4" vel="0,0,0" mass="1" elasticityCoef="1" ang="90,0,0" color="0,220,0" radius="0.5" length="4" />
		<capsule pos="12.649999999999999,33.0,-43.699999999999996" vel="0,0,0" mass="1" elasticityCoef="1" ang="90,0,0" color="0,220,0" radius="0.5" length="4" />
		<capsule pos="12.649999999999999,33.0,-41.4" vel="0,0,0" mass="1" elasticityCoef="1" ang="90,0,0" color="0,220,0" radius="0.5" length="4" />
		<capsule pos="12.649999999999999,33.0,-39.099999999999994" vel="0,0,0" mass="1" elasticityCoef="1" ang="90,0,0" color="0,220,0" radius="0.5" length="4" />
		<capsule pos="12.649999999999999,33.0,-36.8" vel="0,0,0" mass="1" elasticityCoef="1" ang="90,0,0" color="0,220,0" radius="0.5" length="4" />
		<capsule pos="12.649999999999999,33.0,-34.5" vel="0,0,0" mass="1" elasticityCoef="1" ang="90,0,0" color="0,220,0" radius="0.5" length="4" />
		<capsule pos="12.649999999999999,33.0,-32.199999999999996" vel="0,0,0" mass="1" elasticityCoef="1" ang="90,0,0" color="0,220,0" radius="0.5" length="4" />
		<capsule pos="12.649999999999999,33.0,-29.9" vel="0,0,0" mass="1" elasticityCoef="1" ang="90,0,0" color="0,220,0" radius="0.5" length="4" />
		<capsule pos="12.649999999999999,33.0,-27.599999999999998" vel="0,0,0" mass="1" elasticityCoef="1" ang="90,0,0" color="0,220,0" radius="0.5" length="4" />
		<capsule pos="12.649999999999999,33.0,-25.299999999999997" vel="0,0,0" mass="1" elasticityCoef="1" ang="90,0,0" color="0,220,0" radius="0.5" length="4" />
		<capsule pos="12.649999999999999,33.0,-22.999999999999996" vel="0,0,0" mass="1" elasticityCoef="1" ang="90,0,0" color="0,220,0" radius="0.5" length="4" />
		<capsule pos="12.649999999999999,33.0,-20.699999999999996" vel="0,0,0" mass="1" elasticityCoef="1" ang="90,0,0" color="0,220,0" radius="0.5" length="4" />
		<capsule pos="12.649999999999999,33.0,-18.4" vel="0,0,0" mass="1" elasticityCoef="1" ang="90,0,0" color="0,220,0" radius="0.5" length="4" />
		<capsule pos="12.649999999999999,33.0,-16.099999999999998" vel="0,0,0" mass="1" elasticityCoef="1" ang="90,0,0" color="0,220,0" radius="0.5" length="4" />
		<capsule pos="12.649999999999999,33.0,-13.799999999999997" vel="0,0,0" mass="1" elasticityCoef="1" ang="90,0,0" color="0,220,0" radius="0.5" length="4" />
		<capsule pos="12.649999999999999,33.0,-11.5" vel="0,0,0" mass="1" elasticityCoef="1" ang="90,0,0" color="0,220,0" radius="0.5" length="4" />
		<capsule pos="12.649999999999999,33.0,-9.199999999999996" vel="0,0,0" mass="1" elasticityCoef="1" ang="90,0,0" color="0,220,0" radius="0.5" length="4" />
		<capsule pos="12.649999999999999,33.0,-6.899999999999999" vel="0,0,0" mass="1" elasticityCoef="1" ang="90,0,0" color="0,220,0" radius="0.5" length="4" />
		<capsule pos="12.649999999999999,33.0,-4.600000000000001" vel="0,0,0" mass="1" elasticityCoef="1" ang="90,0,0" color="0,220,0" radius="0.5" length="4" />
		<capsule pos="12.649999999999999,33.0,-2.299999999999997" vel="0,0,0" mass="1" elasticityCoef="1" ang="90,0,0" color="0,220,0" radius="0.5" length="4" />
		<capsule pos="12.649999999999999,33.0,0.0" vel="0,0,0" mass="1" elasticityCoef="1" ang="90,0,0" color="0,220,0" radius="0.5" length="4" />
		<capsule pos="12.649999999999999,33.0,2.3000000000000043" vel="0,0,0" mass="1" elasticityCoef="1" ang="90,0,0" color="0,220,0" radius="0.5" length="4" />
		<capsule pos="12.649999999999999,33.0,4.600000000000001" vel="0,0,0" mass="1" elasticityCoef="1" ang="90,0,0" color="0,220,0" radius="0.5" length="4" />
		<capsule pos="12.649999999999999,33.0,6.899999999999999" vel="0,0,0" mass="1" elasticityCoef="1" ang="90,0,0" color="0,220,0" radius="0.5" length="4" />
		<capsule pos="12.649999999999999,33.0,9.200000000000003" vel="0,0,0" mass="1" elasticityCoef="1" ang="90,0,0" color="0,220,0" radius="0.5" length="4" />
		<capsule pos="12.649999999999999,33.0,11.5" vel="0,0,0" mass="1" elasticityCoef="1" ang="90,0,0" color="0,220,0" radius="0.5" length="4" />
		<capsule pos="12.649999999999999,33.0,13.799999999999997" vel="0,0,0" mass="1" elasticityCoef="1" ang="90,0,0" color="0,220,0" radius="0.5" length="4" />
		<capsule pos="12.649999999999999,33.0,16.1" vel="0,0,0" mass="1" elasticityCoef="1" ang="90,0,0" color="0,220,0" radius="0.5" length="4" />
		<capsule pos="12.649999999999999,33.0,18.4" vel="0,0,0" mass="1" elasticityCoef="1" ang="90,0,0" color="0,220,0" radius="0.5" length="4" />
		<capsule pos="12.649999999999999,33.0,20.699999999999996" vel="0,0,0" mass="1" elasticityCoef="1" ang="90,0,0" color="0,220,0" radius="0.5" length="4" />
		<capsule pos="12.649999999999999,33.0,22.999999999999993" vel="0,0,0" mass="1" elasticityCoef="1" ang="90,0,0" color="0,220,0" radius="0.5" length="4" />
		<capsule pos="12.649999999999999,33.0,25.300000000000004" vel="0,0,0" mass="1" elasticityCoef="1" ang="90,0,0" color="0,220,0" radius="0.5" length="4" />
		<capsule pos="12.649999999999999,33.0,27.6" vel="0,0,0" mass="1" elasticityCoef="1" ang="90,0,0" color="0,220,0" radius="0.5" length="4" />
		<capsule pos="12.649999999999999,33.0,29.9" vel="0,0,0" mass="1" elasticityCoef="1" ang="90,0,0" color="0,220,0" radius="0.5" length="4" />
		<capsule pos="12.649999999999999,33.0,32.199999999999996" vel="0,0,0" mass="1" elasticityCoef="1" ang="90,0,0" color="0,220,0" radius="0.5" length="4" />
		<capsule pos="12.649999999999999,33.0,34.49999999999999" vel="0,0,0" mass="1" elasticityCoef="1" ang="90,0,0" color="0,220,0" radius="0.5" length="4" />
		<capsule pos="12.649999999999999,33.0,36.800000000000004" vel="0,0,0" mass="1" elasticityCoef="1" ang="90,0,0" color="0,220,0" radius="0.5" length="4" />
		<capsule pos="12.649999999999999,33.0,39.1" vel="0,0,0" mass="1" elasticityCoef="1" ang="90,0,0" color="0,220,0" radius="0.5" length="4" />
		<capsule pos="12.649999999999999,33.0,41.4" vel="0,0,0" mass="1" elasticityCoef="1" ang="90,0,0" color="0,220,0" radius="0.5" length="4" />
		<capsule pos="12.649999999999999,38.5,-43.699999999999996" vel="0,0,0" mass="1" elasticityCoef="1" ang="90,0,0" color="0,220,0" radius="0.5" length="4" />
		<capsule pos="12.649999999999999,38.5,-41.4" vel="0,0,0" mass="1" elasticityCoef="1" ang="90,0,0" color="0,220,0" radius="0.5" length="4" />
		<capsule pos="12.649999999999999,38.5,-39.099999999999994" vel="0,0,0" mass="1" elasticityCoef="1" ang="90,0,0" color="0,220,0" radius="0.5" length="4" />
		<capsule pos="12.649999999999999,38.5,-36.8" vel="0,0,0" mass="1" elasticityCoef="1" ang="90,0,0" color="0,220,0" radius="0.5" length="4" />
		<capsule pos="12.649999999999999,38.5,-34.5" vel="0,0,0" mass="1" elasticityCoef="1" ang="90,0,0" color="0,220,0" radius="0.5" length="4" />
		<capsule pos="12.649999999999999,38.5,-32.199999999999996" vel="0,0,0" mass="1" elasticityCoef="1" ang="90,0,0" color="0,220,0" radius="0.5" length="4" />
		<capsule pos="12.649999999999999,38.5,-29.9" vel="0,0,0" mass="1" elasticityCoef="1" ang="90,0,0" color="0,220,0" radius="0.5" length="4" />
		<capsule pos="12.649999999999999,38.5,-27.599999999999998" vel="0,0,0" mass="1" elasticityCoef="1" ang="90,0,0" color="0,220,0" radius="0.5" length="4" />
		<capsule pos="12.649999999999999,38.5,-25.299999999999997" vel="0,0,0" mass="1" elasticityCoef="1" ang="90,0,0" color="0,220,0" radius="0.5" length="4" />
		<capsule pos="12.649999999999999,38.5,-22.999999999999996" vel="0,0,0" mass="1" elasticityCoef="1" ang="90,0,0" color="0,220,0" radius="0.5" length="4" />
		<capsule pos="12.649999999999999,38.5,-20.699999999999996" vel="0,0,0" mass="1" elasticityCoef="1" ang="90,0,0" color="0,220,0" radius="0.5" length="4" />
		<capsule pos="12.649999999999999,38.5,-18.4" vel="0,0,0" mass="1" elasticityCoef="1" ang="90,0,0" color="0,220,0" radius="0.5" length="4" />
		<capsule pos="12.649999999999999,38.5,-16.099999999999998" vel="0,0,0" mass="1" elasticityCoef="1" ang="90,0,0" color="0,220,0" radius="0.5" length="4" />
		<capsule pos="12.649999999999999,38.5,-13.799999999999997" vel="0,0,0" mass="1" elasticityCoef="1" ang="90,0,0" color="0,220,0" radius="0.5" length="4" />
		<capsule pos="12.649999999999999,38.5,-11.5" vel="0,0,0" mass="1" elasticityCoef="1" ang="90,0,0" color="0,220,0" radius="0.5" length="4" />
		<capsule pos="12.649999999999999,38.5,-9.199999999999996" vel="0,0,0" mass="1" elasticityCoef="1" ang="90,0,0" color="0,220,0" radius="0.5" length="4" />
		<capsule pos="12.649999999999999,38.5,-6.899999999999999" vel="0,0,0" mass="1" elasticityCoef="1" ang="90,0,0" color="0,220,0" radius="0.5" length="4" />
		<capsule pos="12.649999999999999,38.5,-4.600000000000001" vel="0,0,0" mass="1" elasticityCoef="1" ang="90,0,0" color="0,220,0" radius="0.5" length="4" />
		<capsule pos="12.649999999999999,38.5,-2.299999999999997" vel="0,0,0" mass="1" elasticityCoef="1" ang="90,0,0" color="0,220,0" radius="0.5" length="4" />
		<capsule pos="12.649999999999999,38.5,0.0" vel="0,0,0" mass="1" elasticityCoef="1" ang="90,0,0" color="0,220,0" radius="0.5" length="4" />
		<capsule pos="12.649999999999999,38.5,2.3000000000000043" vel="0,0,0" mass="1" elasticityCoef="1" ang="90,0,0" color="0,220,0" radius="0.5" length="4" />
		<capsule pos="12.649999999999999,38.5,4.600000000000001" vel="0,0,0" mass="1" elasticityCoef="1" ang="90,0,0" color="0,220,0" radius="0.5" length="4" />
		<capsule pos="12.649999999999999,38.5,6.899999999999999" vel="0,0,0" mass="1" elasticityCoef="1" ang="90,0,0" color="0,220,0" radius="0.5" length="4" />
		<capsule pos="12.649999999999999,38.5,9.200000000000003" vel="0,0,0" mass="1" elasticityCoef="1" ang="90,0,0" color="0,220,0" radius="0.5" length="4" />
		<capsule pos="12.649999999999999,38.5,11.5" vel="0,0,0" mass="1" elasticityCoef="1" ang="90,0,0" color="0,220,0" radius="0.5" length="4" />
		<capsule pos="12.649999999999999,38.5,13.799999999999997" vel="0,0,0" mass="1" elasticityCoef="1" ang="90,0,0" color="0,220,0" radius="0.5" length="4" />
		<capsule pos="12.649999999999999,38.5,16.1" vel="0,0,0" mass="1" elasticityCoef="1" ang="90,0,0" color="0,220,0" radius="0.5" length="4" />
		<capsule pos="12.649999999999999,38.5,18.4" vel="0,0,0" mass="1" elasticityCoef="1" ang="90,0,0" color="0,220,0" radius="0.5" length="4" />
		<capsule pos="12.649999999999999,38.5,20.699999999999996" vel="0,0,0" mass="1" elasticityCoef="1" ang="90,0,0" color="0,220,0" radius="0.5" length="4" />
		<capsule pos="12.649999999999999,38.5,22.999999999999993" vel="0,0,0" mass="1" elasticityCoef="1" ang="90,0,0" color="0,220,0" radius="0.5" length="4" />
		<capsule pos="12.649999999999999,38.5,25.300000000000004" vel="0,0,0" mass="1" elasticityCoef="1" ang="90,0,0" color="0,220,0" radius="0.5" length="4" />
		<capsule pos="12.649999999999999,38.5,27.6" vel="0,0,0" mass="1" elasticityCoef="1" ang="90,0,0" color="0,220,0" radius="0.5" length="4" />
		<capsule pos="12.649999999999999,38.5,29.9" vel="0,0,0" mass="1" elasticityCoef="1" ang="90,0,0" color="0,220,0" radius="0.5" length="4" />
		<capsule pos="12.649999999999999,38.5,32.199999999999996" vel="0,0,0" mass="1" elasticityCoef="1" ang="90,0,0" color="0,220,0" radius="0.5" length="4" />
		<capsule pos="12.649999999999999,38.5,34.49999999999999" vel="0,0,0" mass="1" elasticityCoef="1" ang="90,0,0" color="0,220,0" radius="0.5" length="4" />
		<capsule pos="12.649999999999999,38.5,36.800000000000004" vel="0,0,0" mass="1" elasticityCoef="1" ang="90,0,0" color="0,220,0" radius="0.5" length="4" />
		<capsule pos="12.649999999999999,38.5,39.1" vel="0,0,0" mass="1" elasticityCoef="1" ang="90,0,0" color="0,220,0" radius="0.5" length="4" />
		<capsule pos="12.649999999999999,38.5,41.4" vel="0,0,0" mass="1" elasticityCoef="1" ang="90,0,0" color="0,220,0" radius="0.5" length="4" />
		<capsule pos="12.649999999999999,44.0,-43.699999999999996" vel="0,0,0" mass="1" elasticityCoef="1" ang="90,0,0" color="0,220,0" radius="0.5" length="4" />
		<capsule pos="12.649999999999999,44.0,-41.4" vel="0,0,0" mass="1" elasticityCoef="1" ang="90,0,0" color="0,220,0" radius="0.5" length="4" />
		<capsule pos="12.649999999999999,44.0,-39.099999999999994" vel="0,0,0" mass="1" elasticityCoef="1" ang="90,0,0" color="0,220,0" radius="0.5" length="4" />
		<capsule pos="12.649999999999999,44.0,-36.8" vel="0,0,0" mass="1" elasticityCoef="1" ang="90,0,0" color="0,220,0" radius="0.5" length="4" />
		<capsule pos="12.649999999999999,44.0,-34.5" vel="0,0,0" mass="1" elasticityCoef="1" ang="90,0,0" color="0,220,0" radius="0.5" length="4" />
		<capsule pos="12.649999999999999,44.0,-32.199999999999996" vel="0,0,0" mass="1" elasticityCoef="1" ang="90,0,0" color="0,220,0" radius="0.5" length="4" />
		<capsule pos="12.649999999999999,44.0,-29.9" vel="0,0,0" mass="1" elasticityCoef="1" ang="90,0,0" color="0,220,0" radius="0.5" length="4" />
		<capsule pos="12.649999999999999,44.0,-27.599999999999998" vel="0,0,0" mass="1" elasticityCoef="1" ang="90,0,0" color="0,220,0" radius="0.5" length="4" />
		<capsule pos="12.649999999999999,44.0,-25.299999999999997" vel="0,0,0" mass="1" elasticityCoef="1" ang="90,0,0" color="0,220,0" radius="0.5" length="4" />
		<capsule pos="12.649999999999999,44.0,-22.999999999999996" vel="0,0,0" mass="1" elasticityCoef="1" ang="90,0,0" color="0,220,0" radius="0.5" length="4" />
		<capsule pos="12.649999999999999,44.0,-20.699999999999996" vel="0,0,0" mass="1" elasticityCoef="1" ang="90,0,0" color="0,220,0" radius="0.5" length="4" />
		<capsule pos="12.649999999999999,44.0,-18.4" vel="0,0,0" mass="1" elasticityCoef="1" ang="90,0,0" color="0,220,0" radius="0.5" length="4" />
		<capsule pos="12.649999999999999,44.0,-16.099999999999998" vel="0,0,0" mass="1" elasticityCoef="1" ang="90,0,0" color="0,220,0" radius="0.5" length="4" />
		<capsule pos="12.649999999999999,44.0,-13.799999999999997" vel="0,0,0" mass="1" elasticityCoef="1" ang="90,0,0" color="0,220,0" radius="0.5" length="4" />
		<capsule pos="12.649999999999999,44.0,-11.5" vel="0,0,0" mass="1" elasticityCoef="1" ang="90,0,0" color="0,220,0" radius="0.5" length="4" />
		<capsule pos="12.649999999999999,44.0,-9.199999999999996" vel="0,0,0" mass="1" elasticityCoef="1" ang="90,0,0" color="0,220,0" radius="0.5" length="4" />
		<capsule pos="12.649999999999999,44.0,-6.899999999999999" vel="0,0,0" mass="1" elasticityCoef="1" ang="90,0,0" color="0,220,0" radius="0.5" length="4" />
		<capsule pos="12.649999999999999,44.0,-4.600000000000001" vel="0,0,0" mass="1" elasticityCoef="1" ang="90,0,0" color="0,220,0" radius="0.5" length="4" />
		<capsule pos="12.649999999999999,44.0,-2.299999999999997" vel="0,0,0" mass="1" elasticityCoef="1" ang="90,0,0" color="0,220,0" radius="0.5" length="4" />
		<capsule pos="12.649999999999999,44.0,0.0" vel="0,0,0" mass="1" elasticityCoef="1" ang="90,0,0" color="0,220,0" radius="0.5" length="4" />
		<capsule pos="12.649999999999999,44.0,2.3000000000000043" vel="0,0,0" mass="1" elasticityCoef="1" ang="90,0,0" color="0,220,0" radius="0.5" length="4" />
		<capsule pos="12.649999999999999,44.0,4.600000000000001" vel="0,0,0" mass="1" elasticityCoef="1" ang="90,0,0" color="0,220,0" radius="0.5" length="4" />
		<capsule pos="12.649999999999999,44.0,6.899999999999999" vel="0,0,0" mass="1" elasticityCoef="1" ang="90,0,0" color="0,220,0" radius="0.5" length="4" />
		<capsule pos="12.649999999999999,44.0,9.200000000000003" vel="0,0,0" mass="1" elasticityCoef="1" ang="90,0,0" color="0,220,0" radius="0.5" length="4" />
		<capsule pos="12.649999999999999,44.0,11.5" vel="0,0,0" mass="1" elasticityCoef="1" ang="90,0,0" color="0,220,0" radius="0.5" length="4" />
		<capsule pos="12.649999999999999,44.0,13.799999999999997" vel="0,0,0" mass="1" elasticityCoef="1" ang="90,0,0" color="0,220,0" radius="0.5" length="4" />
		<capsule pos="12.649999999999999,44.0,16.1" vel="0,0,0" mass="1" elasticityCoef="1" ang="90,0,0" color="0,220,0" radius="0.5" length="4" />
		<capsule pos="12.649999999999999,44.0,18.4" vel="0,0,0" mass="1" elasticityCoef="1" ang="90,0,0" color="0,220,0" radius="0.5" length="4" />
		<capsule pos="12.649999999999999,44.0,20.699999999999996" vel="0,0,0" mass="1" elasticityCoef="1" ang="90,0,0" color="0,220,0" radius="0.5" length="4" />
		<capsule pos="12.649999999999999,44.0,22.999999999999993" vel="0,0,0" mass="1" elasticityCoef="1" ang="90,0,0" color="0,220,0" radius="0.5" length="4" />
		<capsule pos="12.649999999999999,44.0,25.300000000000004" vel="0,0,0" mass="1" elasticityCoef="1" ang="90,0,0" color="0,220,0" radius="0.5" length="4" />
		<capsule pos="12.649999999999999,44.0,27.6" vel="0,0,0" mass="1" elasticityCoef="1" ang="90,0,0" color="0,220,0" radius="0.5" length="4" />
		<capsule pos="12.649999999999999,44.0,29.9" vel="0,0,0" mass="1" elasticityCoef="1" ang="90,0,0" color="0,220,0" radius="0.5" length="4" />
		<capsule pos="12.649999999999999,44.0,32.199999999999996" vel="0,0,0" mass="1" elasticityCoef="1" ang="90,0,0" color="0,220,0" radius="0.5" length="4" />
		<capsule pos="12.649999999999999,44.0,34.49999999999999" vel="0,0,0" mass="1" elasticityCoef="1" ang="90,0,0" color="0,220,0" radius="0.5" length="4" />
		<capsule pos="12.649999999999999,44.0,36.800000000000004" vel="0,0,0" mass="1" elasticityCoef="1" ang="90,0,0" color="0,220,0" radius="0.5" length="4" />
		<capsule pos="12.649999999999999,44.0,39.1" vel="0,0,0" mass="1" elasticityCoef="1" ang="90,0,0" color="0,220,0" radius="0.5" length="4" />
		<capsule pos="12.649999999999999,44.0,41.4" vel="0,0,0" mass="1" elasticityCoef="1" ang="90,0,0" color="0,220,0" radius="0.5" length="4" />
		<capsule pos="14.949999999999996,-49.5,-43.699999999999996" vel="0,0,0" mass="1" elasticityCoef="1" ang="90,0,0" color="0,220,0" radius="0.5" length="4" />
		<capsule pos="14.949999999999996,-49.5,-41.4" vel="0,0,0" mass="1" elasticityCoef="1" ang="90,0,0" color="0,220,0" radius="0.5" length="4" />
		<capsule pos="14.949999999999996,-49.5,-39.099999999999994" vel="0,0,0" mass="1" elasticityCoef="1" ang="90,0,0" color="0,220,0" radius="0.5" length="4" />
		<capsule pos="14.949999999999996,-49.5,-36.8" vel="0,0,0" mass="1" elasticityCoef="1" ang="90,0,0" color="0,220,0" radius="0.5" length="4" />
		<capsule pos="14.949999999999996,-49.5,-34.5" vel="0,0,0" mass="1" elasticityCoef="1" ang="90,0,0" color="0,220,0" radius="0.5" length="4" />
		<capsule pos="14.949999999999996,-49.5,-32.199999999999996" vel="0,0,0" mass="1" elasticityCoef="1" ang="90,0,0" color="0,220,0" radius="0.5" length="4" />
		<capsule pos="14.949999999999996,-49.5,-29.9" vel="0,0,0" mass="1" elasticityCoef="1" ang="90,0,0" color="0,220,0" radius="0.5" length="4" />
		<capsule pos="14.949999999999996,-49.5,-27.599999999999998" vel="0,0,0" mass="1" elasticityCoef="1" ang="90,0,0" color="0,220,0" radius="0.5" length="4" />
		<capsule pos="14.949999999999996,-49.5,-25.299999999999997" vel="0,0,0" mass="1" elasticityCoef="1" ang="90,0,0" color="0,220,0" radius="0.5" length="4" />
		<capsule pos="14.949999999999996,-49.5,-22.999999999999996" vel="0,0,0" mass="1" elasticityCoef="1" ang="90,0,0" color="0,220,0" radius="0.5" length="4" />
		<capsule pos="14.949999999999996,-49.5,-20.699999999999996" vel="0,0,0" mass="1" elasticityCoef="1" ang="90,0,0" color="0,220,0" radius="0.5" length="4" />
		<capsule pos="14.949999999999996,-49.5,-18.4" vel="0,0,0" mass="1" elasticityCoef="1" ang="90,0,0" color="0,220,0" radius="0.5" length="4" />
		<capsule pos="14.949999999999996,-49.5,-16.099999999999998" vel="0,0,0" mass="1" elasticityCoef="1" ang="90,0,0" color="0,220,0" radius="0.5" length="4" />
		<capsule pos="14.949999999999996,-49.5,-13.799999999999997" vel="0,0,0" mass="1" elasticityCoef="1" ang="90,0,0" color="0,220,0" radius="0.5" length="4" />
		<capsule pos="14.949999999999996,-49.5,-11.5" vel="0,0,0" mass="1" elasticityCoef="1" ang="90,0,0" color="0,220,0" radius="0.5" length="4" />
		<capsule pos="14.949999999999996,-49.5,-9.199999999999996" vel="0,0,0" mass="1" elasticityCoef="1" ang="90,0,0" color="0,220,0" radius="0.5" length="4" />
		<capsule pos="14.949999999999996,-49.5,-6.899999999999999" vel="0,0,0" mass="1" elasticityCoef="1" ang="90,0,0" color="0,220,0" radius="0.5" length="4" />
		<capsule pos="14.949999999999996,-49.5,-4.600000000000001" vel="0,0,0" mass="1" elasticityCoef="1" ang="90,0,0" color="0,220,0" radius="0.5" length="4" />
		<capsule pos="14.949999999999996,-49.5,-2.299999999999997" vel="0,0,0" mass="1" elasticityCoef="1" ang="90,0,0" color="0,220,0" radius="0.5" length="4" />
		<capsule pos="14.949999999999996,-49.5,0.0" vel="0,0,0" mass="1" elasticityCoef="1" ang="90,0,0" color="0,220,0" radius="0.5" length="4" />
		<capsule pos="14.949999999999996,-49.5,2.3000000000000043" vel="0,0,0" mass="1" elasticityCoef="1" ang="90,0,0" color="0,220,0" radius="0.5" length="4" />
		<capsule pos="14.949999999999996,-49.5,4.600000000000001" vel="0,0,0" mass="1" elasticityCoef="1" ang="90,0,0" color="0,220,0" radius="0.5" length="4" />
		<capsule pos="14.949999999999996,-49.5,6.899999999999999" vel="0,0,0" mass="1" elasticityCoef="1" ang="90,0,0" color="0,220,0" radius="0.5" length="4" />
		<capsule pos="14.949999999999996,-49.5,9.200000000000003" vel="0,0,0" mass="1" elasticityCoef="1" ang="90,0,0" color="0,220,0" radius="0.5" length="4" />
		<capsule pos="14.949999999999996,-49.5,11.5" vel="0,0,0" mass="1" elasticityCoef="1" ang="90,0,0" color="0,220,0" radius="0.5" length="4" />
		<capsule pos="14.949999999999996,-49.5,13.799999999999997" vel="0,0,0" mass="1" elasticityCoef="1" ang="90,0,0" color="0,220,0" radius="0.5" length="4" />
		<capsule pos="14.949999999999996,-49.5,16.1" vel="0,0,0" mass="1" elasticityCoef="1" ang="90,0,0" color="0,220,0" radius="0.5" length="4" />
		<capsule pos="14.949999999999996,-49.5,18.4" vel="0,0,0" mass="1" elasticityCoef="1" ang="90,0,0" color="0,220,0" radius="0.5" length="4" />
		<capsule pos="14.949999999999996,-49.5,20.699999999999996" vel="0,0,0" mass="1" elasticityCoef="1" ang="90,0,0" color="0,220,0" radius="0.5" length="4" />
		<capsule pos="14.949999999999996,-49.5,22.999999999999993" vel="0,0,0" mass="1" elasticityCoef="1" ang="90,0,0" color="0,220,0" radius="0.5" length="4" />
		<capsule pos="14.949999999999996,-49.5,25.300000000000004" vel="0,0,0" mass="1" elasticityCoef="1" ang="90,0,0" color="0,220,0" radius="0.5" length="4" />
		<capsule pos="14.949999999999996,-49.5,27.6" vel="0,0,0" mass="1" elasticityCoef="1" ang="90,0,0" color="0,220,0" radius="0.5" length="4" />
		<capsule pos="14.949999999999996,-49.5,29.9" vel="0,0,0" mass="1" elasticityCoef="1" ang="90,0,0" color="0,220,0" radius="0.5" length="4" />
		<capsule pos="14.949999999999996,-49.5,32.199999999999996" vel="0,0,0" mass="1" elasticityCoef="1" ang="90,0,0" color="0,220,0" radius="0.5" length="4" />
		<capsule pos="14.949999999999996,-49.5,34.49999999999999" vel="0,0,0" mass="1" elasticityCoef="1" ang="90,0,0" color="0,220,0" radius="0.5" length="4" />
		<capsule pos="14.949999999999996,-49.5,36.800000000000004" vel="0,0,0" mass="1" elasticityCoef="1" ang="90,0,0" color="0,220,0" radius="0.5" length="4" />
		<capsule pos="14.949999999999996,-49.5,39.1" vel="0,0,0" mass="1" elasticityCoef="1" ang="90,0,0" color="0,220,0" radius="0.5" length="4" />
		<capsule pos="14.949999999999996,-49.5,41.4" vel="0,0,0" mass="1" elasticityCoef="1" ang="90,0,0" color="0,220,0" radius="0.5" length="4" />
		<capsule pos="14.949999999999996,-44.0,-43.699999999999996" vel="0,0,0" mass="1" elasticityCoef="1" ang="90,0,0" color="0,220,0" radius="0.5" length="4" />
		<capsule pos="14.949999999999996,-44.0,-41.4" vel="0,0,0" mass="1" elasticityCoef="1" ang="90,0,0" color="0,220,0" radius="0.5" length="4" />
		<capsule pos="14.949999999999996,-44.0,-39.099999999999994" vel="0,0,0" mass="1" elasticityCoef="1" ang="90,0,0" color="0,220,0" radius="0.5" length="4" />
		<capsule pos="14.949999999999996,-44.0,-36.8" vel="0,0,0" mass="1" elasticityCoef="1" ang="90,0,0" color="0,220,0" radius="0.5" length="4" />
		<capsule pos="14.949999999999996,-44.0,-34.5" vel="0,0,0" mass="1" elasticityCoef="1" ang="90,0,0" color="0,220,0" radius="0.5" length="4" />
		<capsule pos="14.949999999999996,-44.0,-32.199999999999996" vel="0,0,0" mass="1" elasticityCoef="1" ang="90,0,0" color="0,220,0" radius="0.5" length="4" />
		<capsule pos="14.949999999999996,-44.0,-29.9" vel="0,0,0" mass="1" elasticityCoef="1" ang="90,0,0" color="0,220,0" radius="0.5" length="4" />
		<capsule pos="14.949999999999996,-44.0,-27.599999999999998" vel="0,0,0" mass="1" elasticityCoef="1" ang="90,0,0" color="0,220,0" radius="0.5" length="4" />
		<capsule pos="14.949999999999996,-44.0,-25.299999999999997" vel="0,0,0" mass="1" elasticityCoef="1" ang="90,0,0" color="0,220,0" radius="0.5" length="4" />
		<capsule pos="14.949999999999996,-44.0,-22.999999999999996" vel="0,0,0" mass="1" elasticityCoef="1" ang="90,0,0" color="0,220,0" radius="0.5" length="4" />
		<capsule pos="14.949999999999996,-44.0,-20.699999999999996" vel="0,0,0" mass="1" elasticityCoef="1" ang="90,0,0" color="0,220,0" radius="0.5" length="4" />
		<capsule pos="14.949999999999996,-44.0,-18.4" vel="0,0,0" mass="1" elasticityCoef="1" ang="90,0,0" color="0,220,0" radius="0.5" length="4" />
		<capsule pos="14.949999999999996,-44.0,-16.099999999999998" vel="0,0,0" mass="1" elasticityCoef="1" ang="90,0,0" color="0,220,0" radius="0.5" length="4" />
		<capsule pos="14.949999999999996,-44.0,-13.799999999999997" vel="0,0,0" mass="1" elasticityCoef="1" ang="90,0,0" color="0,220,0" radius="0.5" length="4" />
		<capsule pos="14.949999999999996,-44.0,-11.5" vel="0,0,0" mass="1" elasticityCoef="1" ang="90,0,0" color="0,220,0" radius="0.5" length="4" />
		<capsule pos="14.949999999999996,-44.0,-9.199999999999996" vel="0,0,0" mass="1" elasticityCoef="1" ang="90,0,0" color="0,220,0" radius="0.5" length="4" />
		<capsule pos="14.949999999999996,-44.0,-6.899999999999999" vel="0,0,0" mass="1" elasticityCoef="1" ang="90,0,0" color="0,220,0" radius="0.5" length="4" />
		<capsule pos="14.949999999999996,-44.0,-4.600000000000001" vel="0,0,0" mass="1" elasticityCoef="1" ang="90,0,0" color="0,220,0" radius="0.5" length="4" />
		<capsule pos="14.949999999999996,-44.0,-2.299999999999997" vel="0,0,0" mass="1" elasticityCoef="1" ang="90,0,0" color="0,220,0" radius="0.5" length="4" />
		<capsule pos="14.949999999999996,-44.0,0.0" vel="0,0,0" mass="1" elasticityCoef="1" ang="90,0,0" color="0,220,0" radius="0.5" length="4" />
		<capsule pos="14.949999999999996,-44.0,2.3000000000000043" vel="0,0,0" mass="1" elasticityCoef="1" ang="90,0,0" color="0,220,0" radius="0.5" length="4" />
		<capsule pos="14.949999999999996,-44.0,4.600000000000001" vel="0,0,0" mass="1" elasticityCoef="1" ang="90,0,0" color="0,220,0" radius="0.5" length="4" />
		<capsule pos="14.949999999999996,-44.0,6.899999999999999" vel="0,0,0" mass="1" elasticityCoef="1" ang="90,0,0" color="0,220,0" radius="0.5" length="4" />
		<capsule pos="14.949999999999996,-44.0,9.200000000000003" vel="0,0,0" mass="1" elasticityCoef="1" ang="90,0,0" color="0,220,0" radius="0.5" length="4" />
		<capsule pos="14.949999999999996,-44.0,11.5" vel="0,0,0" mass="1" elasticityCoef="1" ang="90,0,0" color="0,220,0" radius="0.5" length="4" />
		<capsule pos="14.949999999999996,-44.0,13.799999999999997" vel="0,0,0" mass="1" elasticityCoef="1" ang="90,0,0" color="0,220,0" radius="0.5" length="4" />
		<capsule pos="14.949999999999996,-44.0,16.1" vel="0,0,0" mass="1" elasticityCoef="1" ang="90,0,0" color="0,220,0" radius="0.5" length="4" />
		<capsule pos="14.949999999999996,-44.0,18.4" vel="0,0,0" mass="1" elasticityCoef="1" ang="90,0,0" color="0,220,0" radius="0.5" length="4" />
		<capsule pos="14.949999999999996,-44.0,20.699999999999996" vel="0,0,0" mass="1" elasticityCoef="1" ang="90,0,0" color="0,220,0" radius="0.5" length="4" />
		<capsule pos="14.949999999999996,-44.0,22.999999999999993" vel="0,0,0" mass="1" elasticityCoef="1" ang="90,0,0" color="0,220,0" radius="0.5" length="4" />
		<capsule pos="14.949999999999996,-44.0,25.300000000000004" vel="0,0,0" mass="1" elasticityCoef="1" ang="90,0,0" color="0,220,0" radius="0.5" length="4" />
		<capsule pos="14.949999999999996,-44.0,27.6" vel="0,0,0" mass="1" elasticityCoef="1" ang="90,0,0" color="0,220,0" radius="0.5" length="4" />
		<capsule pos="14.949999999999996,-44.0,29.9" vel="0,0,0" mass="1" elasticityCoef="1" ang="90,0,0" color="0,220,0" radius="0.5" length="4" />
		<capsule pos="14.949999999999996,-44.0,32.199999999999996" vel="0,0,0" mass="1" elasticityCoef="1" ang="90,0,0" color="0,220,0" radius="0.5" length="4" />
		<capsule pos="14.949999999999996,-44.0,34.49999999999999" vel="0,0,0" mass="1" elasticityCoef="1" ang="90,0,0" color="0,220,0" radius="0.5" length="4" />
		<capsule pos="14.949999999999996,-44.0,36.800000000000004" vel="0,0,0" mass="1" elasticityCoef="1" ang="90,0,0" color="0,220,0" radius="0.5" length="4" />
		<capsule pos="14.949999999999996,-44.0,39.1" vel="0,0,0" mass="1" elasticityCoef="1" ang="90,0,0" color="0,220,0" radius="0.5" length="4" />
		<capsule pos="14.949999999999996,-44.0,41.4" vel="0,0,0" mass="1" elasticityCoef="1" ang="90,0,0" color="0,220,0" radius="0.5" length="4" />
		<capsule pos="14.949999999999996,-38.5,-43.699999999999996" vel="0,0,0" mass="1" elasticityCoef="1" ang="90,0,0" color="0,220,0" radius="0.5" length="4" />
		<capsule pos="14.949999999999996,-38.5,-41.4" vel="0,0,0" mass="1" elasticityCoef="1" ang="90,0,0" color="0,220,0" radius="0.5" length="4" />
		<capsule pos="14.949999999999996,-38.5,-39.099999999999994" vel="0,0,0" mass="1" elasticityCoef="1" ang="90,0,0" color="0,220,0" radius="0.5" length="4" />
		<capsule pos="14.949999999999996,-38.5,-36.8" vel="0,0,0" mass="1" elasticityCoef="1" ang="90,0,0" color="0,220,0" radius="0.5" length="4" />
		<capsule pos="14.949999999999996,-38.5,-34.5" vel="0,0,0" mass="1" elasticityCoef="1" ang="90,0,0" color="0,220,0" radius="0.5" length="4" />
		<capsule pos="14.949999999999996,-38.5,-32.199999999999996" vel="0,0,0" mass="1" elasticityCoef="1" ang="90,0,0" color="0,220,0" radius="0.5" length="4" />
		<capsule pos="14.949999999999996,-38.5,-29.9" vel="0,0,0" mass="1" elasticityCoef="1" ang="90,0,0" color="0,220,0" radius="0.5" length="4" />
		<capsule pos="14.949999999999996,-38.5,-27.599999999999998" vel="0,0,0" mass="1" elasticityCoef="1" ang="90,0,0" color="0,220,0" radius="0.5" length="4" />
		<capsule pos="14.949999999999996,-38.5,-25.299999999999997" vel="0,0,0" mass="1" elasticityCoef="1" ang="90,0,0" color="0,220,0" radius="0.5" length="4" />
		<capsule pos="14.949999999999996,-38.5,-22.999999999999996" vel="0,0,0" mass="1" elasticityCoef="1" ang="90,0,0" color="0,220,0" radius="0.5" length="4" />
		<capsule pos="14.949999999999996,-38.5,-20.699999999999996" vel="0,0,0" mass="1" elasticityCoef="1" ang="90,0,0" color="0,220,0" radius="0.5" length="4" />
		<capsule pos="14.949999999999996,-38.5,-18.4" vel="0,0,0" mass="1" elasticityCoef="1" ang="90,0,0" color="0,220,0" radius="0.5" length="4" />
		<capsule pos="14.949999999999996,-38.5,-16.099999999999998" vel="0,0,0" mass="1" elasticityCoef="1" ang="90,0,0" color="0,220,0" radius="0.5" length="4" />
		<capsule pos="14.949999999999996,-38.5,-13.799999999999997" vel="0,0,0" mass="1" elasticityCoef="1" ang="90,0,0" color="0,220,0" radius="0.5" length="4" />
		<capsule pos="14.949999999999996,-38.5,-11.5" vel="0,0,0" mass="1" elasticityCoef="1" ang="90,0,0" color="0,220,0" radius="0.5" length="4" />
		<capsule pos="14.949999999999996,-38.5,-9.199999999999996" vel="0,0,0" mass="1" elasticityCoef="1" ang="90,0,0" color="0,220,0" radius="0.5" length="4" />
		<capsule pos="14.949999999999996,-38.5,-6.899999999999999" vel="0,0,0" mass="1" elasticityCoef="1" ang="90,0,0" color="0,220,0" radius="0.5" length="4" />
		<capsule pos="14.949999999999996,-38.5,-4.600000000000001" vel="0,0,0" mass="1" elasticityCoef="1" ang="90,0,0" color="0,220,0" radius="0.5" length="4" />
		<capsule pos="14.949999999999996,-38.5,-2.299999999999997" vel="0,0,0" mass="1" elasticityCoef="1" ang="90,0,0" color="0,220,0" radius="0.5" length="4" />
		<capsule pos="14.949999999999996,-38.5,0.0" vel="0,0,0" mass="1" elasticityCoef="1" ang="90,0,0" color="0,220,0" radius="0.5" length="4" />
		<capsule pos="14.949999999999996,-38.5,2.3000000000000043" vel="0,0,0" mass="1" elasticityCoef="1" ang="90,0,0" color="0,220,0" radius="0.5" length="4" />
		<capsule pos="14.949999999999996,-38.5,4.600000000000001" vel="0,0,0" mass="1" elasticityCoef="1" ang="90,0,0" color="0,220,0" radius="0.5" length="4" />
		<capsule pos="14.949999999999996,-38.5,6.899999999999999" vel="0,0,0" mass="1" elasticityCoef="1" ang="90,0,0" color="0,220,0" radius="0.5" length="4" />
		<capsule pos="14.949999999999996,-38.5,9.200000000000003" vel="0,0,0" mass="1" elasticityCoef="1" ang="90,0,0" color="0,220,0" radius="0.5" length="4" />
		<capsule pos="14.949999999999996,-38.5,11.5" vel="0,0,0" mass="1" elasticityCoef="1" ang="90,0,0" color="0,220,0" radius="0.5" length="4" />
		<capsule pos="14.949999999999996,-38.5,13.799999999999997" vel="0,0,0" mass="1" elasticityCoef="1" ang="90,0,0" color="0,220,0" radius="0.5" length="4" />
		<capsule pos="14.949999999999996,-38.5,16.1" vel="0,0,0" mass="1" elasticityCoef="1" ang="90,0,0" color="0,220,0" radius="0.5" length="4" />
		<capsule pos="14.949999999999996,-38.5,18.4" vel="0,0,0" mass="1" elasticityCoef="1" ang="90,0,0" color="0,220,0" radius="0.5" length="4" />
		<capsule pos="14.949999999999996,-38.5,20.699999999999996" vel="0,0,0" mass="1" elasticityCoef="1" ang="90,0,0" color="0,220,0" radius="0.5" length="4" />
		<capsule pos="14.949999999999996,-38.5,22.999999999999993" vel="0,0,0" mass="1" elasticityCoef="1" ang="90,0,0" color="0,220,0" radius="0.5" length="4" />
		<capsule pos="14.949999999999996,-38.5,25.300000000000004" vel="0,0,0" mass="1" elasticityCoef="1" ang="90,0,0" color="0,220,0" radius="0.5" length="4" />
		<capsule pos="14.949999999999996,-38.5,27.6" vel="0,0,0" mass="1" elasticityCoef="1" ang="90,0,0" color="0,220,0" radius="0.5" length="4" />
		<capsule pos="14.949999999999996,-38.5,29.9" vel="0,0,0" mass="1" elasticityCoef="1" ang="90,0,0" color="0,220,0" radius="0.5" length="4" />
		<capsule pos="14.949999999999996,-38.5,32.199999999999996" vel="0,0,0" mass="1" elasticityCoef="1" ang="90,0,0" color="0,220,0" radius="0.5" length="4" />
		<capsule pos="14.949999999999996,-38.5,34.49999999999999" vel="0,0,0" mass="1" elasticityCoef="1" ang="90,0,0" color="0,220,0" radius="0.5" length="4" />
		<capsule pos="14.949999999999996,-38.5,36.800000000000004" vel="0,0,0" mass="1" elasticityCoef="1" ang="90,0,0" color="0,220,0" radius="0.5" length="4" />
		<capsule pos="14.949999999999996,-38.5,39.1" vel="0,0,0" mass="1" elasticityCoef="1" ang="90,0,0" color="0,220,0" radius="0.5" length="4" />
		<capsule pos="14.949999999999996,-38.5,41.4" vel="0,0,0" mass="1" elasticityCoef="1" ang="90,0,0" color="0,220,0" radius="0.5" length="4" />
		<capsule pos="14.949999999999996,-33.0,-43.699999999999996" vel="0,0,0" mass="1" elasticityCoef="1" ang="90,0,0" color="0,220,0" radius="0.5" length="4" />
		<capsule pos="14.949999999999996,-33.0,-41.4" vel="0,0,0" mass="1" elasticityCoef="1" ang="90,0,0" color="0,220,0" radius="0.5" length="4" />
		<capsule pos="14.949999999999996,-33.0,-39.099999999999994" vel="0,0,0" mass="1" elasticityCoef="1" ang="90,0,0" color="0,220,0" radius="0.5" length="4" />
		<capsule pos="14.949999999999996,-33.0,-36.8" vel="0,0,0" mass="1" elasticityCoef="1" ang="90,0,0" color="0,220,0" radius="0.5" length="4" />
		<capsule pos="14.949999999999996,-33.0,-34.5" vel="0,0,0" mass="1" elasticityCoef="1" ang="90,0,0" color="0,220,0" radius="0.5" length="4" />
		<capsule pos="14.949999999999996,-33.0,-32.199999999999996" vel="0,0,0" mass="1" elasticityCoef="1" ang="90,0,0" color="0,220,0" radius="0.5" length="4" />
		<capsule pos="14.949999999999996,-33.0,-29.9" vel="0,0,0" mass="1" elasticityCoef="1" ang="90,0,0" color="0,220,0" radius="0.5" length="4" />
		<capsule pos="14.949999999999996,-33.0,-27.599999999999998" vel="0,0,0" mass="1" elasticityCoef="1" ang="90,0,0" color="0,220,0" radius="0.5" length="4" />
		<capsule pos="14.949999999999996,-33.0,-25.299999999999997" vel="0,0,0" mass="1" elasticityCoef="1" ang="90,0,0" color="0,220,0" radius="0.5" length="4" />
		<capsule pos="14.949999999999996,-33.0,-22.999999999999996" vel="0,0,0" mass="1" elasticityCoef="1" ang="90,0,0" color="0,220,0" radius="0.5" length="4" />
		<capsule pos="14.949999999999996,-33.0,-20.699999999999996" vel="0,0,0" mass="1" elasticityCoef="1" ang="90,0,0" color="0,220,0" radius="0.5" length="4" />
		<capsule pos="14.949999999999996,-33.0,-18.4" vel="0,0,0" mass="1" elasticityCoef="1" ang="90,0,0" color="0,220,0" radius="0.5" length="4" />
		<capsule pos="14.949999999999996,-33.0,-16.099999999999998" vel="0,0,0" mass="1" elasticityCoef="1" ang="90,0,0" color="0,220,0" radius="0.5" length="4" />
		<capsule pos="14.949999999999996,-33.0,-13.799999999999997" vel="0,0,0" mass="1" elasticityCoef="1" ang="90,0,0" color="0,220,0" radius="0.5" length="4" />
		<capsule pos="14.949999999999996,-33.0,-11.5" vel="0,0,0" mass="1" elasticityCoef="1" ang="90,0,0" color="0,220,0" radius="0.5" length="4" />
		<capsule pos="14.949999999999996,-33.0,-9.199999999999996" vel="0,0,0" mass="1" elasticityCoef="1" ang="90,0,0" color="0,220,0" radius="0.5" length="4" />
		<capsule pos="14.949999999999996,-33.0,-6.899999999999999" vel="0,0,0" mass="1" elasticityCoef="1" ang="90,0,0" color="0,220,0" radius="0.5" length="4" />
		<capsule pos="14.949999999999996,-33.0,-4.600000000000001" vel="0,0,0" mass="1" elasticityCoef="1" ang="90,0,0" color="0,220,0" radius="0.5" length="4" />
		<capsule pos="14.949999999999996,-33.0,-2.299999999999997" vel="0,0,0" mass="1" elasticityCoef="1" ang="90,0,0" color="0,220,0" radius="0.5" length="4" />
		<capsule pos="14.949999999999996,-33.0,0.0" vel="0,0,0" mass="1" elasticityCoef="1" ang="90,0,0" color="0,220,0" radius="0.5" length="4" />
		<capsule pos="14.949999999999996,-33.0,2.3000000000000043" vel="0,0,0" mass="1" elasticityCoef="1" ang="90,0,0" color="0,220,0" radius="0.5" length="4" />
		<capsule pos="14.949999999999996,-33.0,4.600000000000001" vel="0,0,0" mass="1" elasticityCoef="1" ang="90,0,0" color="0,220,0" radius="0.5" length="4" />
		<capsule pos="14.949999999999996,-33.0,6.899999999999999" vel="0,0,0" mass="1" elasticityCoef="1" ang="90,0,0" color="0,220,0" radius="0.5" length="4" />
		<capsule pos="14.949999999999996,-33.0,9.200000000000003" vel="0,0,0" mass="1" elasticityCoef="1" ang="90,0,0" color="0,220,0" radius="0.5" length="4" />
		<capsule pos="14.949999999999996,-33.0,11.5" vel="0,0,0" mass="1" elasticityCoef="1" ang="90,0,0" color="0,220,0" radius="0.5" length="4" />
		<capsule pos="14.949999999999996,-33.0,13.799999999999997" vel="0,0,0" mass="1" elasticityCoef="1" ang="90,0,0" color="0,220,0" radius="0.5" length="4" />
		<capsule pos="14.949999999999996,-33.0,16.1" vel="0,0,0" mass="1" elasticityCoef="1" ang="90,0,0" color="0,220,0" radius="0.5" length="4" />
		<capsule pos="14.949999999999996,-33.0,18.4" vel="0,0,0" mass="1" elasticityCoef="1" ang="90,0,0" color="0,220,0" radius="0.5" length="4" />
		<capsule pos="14.949999999999996,-33.0,20.699999999999996" vel="0,0,0" mass="1" elasticityCoef="1" ang="90,0,0" color="0,220,0" radius="0.5" length="4" />
		<capsule pos="14.949999999999996,-33.0,22.999999999999993" vel="0,0,0" mass="1" elasticityCoef="1" ang="90,0,0" color="0,220,0" radius="0.5" length="4" />
		<capsule pos="14.949999999999996,-33.0,25.300000000000004" vel="0,0,0" mass="1" elasticityCoef="1" ang="90,0,0" color="0,220,0" radius="0.5" length="4" />
		<capsule pos="14.949999999999996,-33.0,27.6" vel="0,0,0" mass="1" elasticityCoef="1" ang="90,0,0" color="0,220,0" radius="0.5" length="4" />
		<capsule pos="14.949999999999996,-33.0,29.9" vel="0,0,0" mass="1" elasticityCoef="1" ang="90,0,0" color="0,220,0" radius="0.5" length="4" />
		<capsule pos="14.949999999999996,-33.0,32.199999999999996" vel="0,0,0" mass="1" elasticityCoef="1" ang="90,0,0" color="0,220,0" radius="0.5" length="4" />
		<capsule pos="14.949999999999996,-33.0,34.49999999999999" vel="0,0,0" mass="1" elasticityCoef="1" ang="90,0,0" color="0,220,0" radius="0.5" length="4" />
		<capsule pos="14.949999999999996,-33.0,36.800000000000004" vel="0,0,0" mass="1" elasticityCoef="1" ang="90,0,0" color="0,220,0" radius="0.5" length="4" />
		<capsule pos="14.949999999999996,-33.0,39.1" vel="0,0,0" mass="1" elasticityCoef="1" ang="90,0,0" color="0,220,0" radius="0.5" length="4" />
		<capsule pos="14.949999999999996,-33.0,41.4" vel="0,0,0" mass="1" elasticityCoef="1" ang="90,0,0" color="0,220,0" radius="0.5" length="4" />
		<capsule pos="14.949999999999996,-27.5,-43.699999999999996" vel="0,0,0" mass="1" elasticityCoef="1" ang="90,0,0" color="0,220,0" radius="0.5" length="4" />
		<capsule pos="14.949999999999996,-27.5,-41.4" vel="0,0,0" mass="1" elasticityCoef="1" ang="90,0,0" color="0,220,0" radius="0.5" length="4" />
		<capsule pos="14.949999999999996,-27.5,-39.099999999999994" vel="0,0,0" mass="1" elasticityCoef="1" ang="90,0,0" color="0,220,0" radius="0.5" length="4" />
		<capsule pos="14.949999999999996,-27.5,-36.8" vel="0,0,0" mass="1" elasticityCoef="1" ang="90,0,0" color="0,220,0" radius="0.5" length="4" />
		<capsule pos="14.949999999999996,-27.5,-34.5" vel="0,0,0" mass="1" elasticityCoef="1" ang="90,0,0" color="0,220,0" radius="0.5" length="4" />
		<capsule pos="14.949999999999996,-27.5,-32.199999999999996" vel="0,0,0" mass="1" elasticityCoef="1" ang="90,0,0" color="0,220,0" radius="0.5" length="4" />
		<capsule pos="14.949999999999996,-27.5,-29.9" vel="0,0,0" mass="1" elasticityCoef="1" ang="90,0,0" color="0,220,0" radius="0.5" length="4" />
		<capsule pos="14.949999999999996,-27.5,-27.599999999999998" vel="0,0,0" mass="1" elasticityCoef="1" ang="90,0,0" color="0,220,0" radius="0.5" length="4" />
		<capsule pos="14.949999999999996,-27.5,-25.299999999999997" vel="0,0,0" mass="1" elasticityCoef="1" ang="90,0,0" color="0,220,0" radius="0.5" length="4" />
		<capsule pos="14.949999999999996,-27.5,-22.999999999999996" vel="0,0,0" mass="1" elasticityCoef="1" ang="90,0,0" color="0,220,0" radius="0.5" length="4" />
		<capsule pos="14.949999999999996,-27.5,-20.699999999999996" vel="0,0,0" mass="1" elasticityCoef="1" ang="90,0,0" color="0,220,0" radius="0.5" length="4" />
		<capsule pos="14.949999999999996,-27.5,-18.4" vel="0,0,0" mass="1" elasticityCoef="1" ang="90,0,0" color="0,220,0" radius="0.5" length="4" />
		<capsule pos="14.949999999999996,-27.5,-16.099999999999998" vel="0,0,0" mass="1" elasticityCoef="1" ang="90,0,0" color="0,220,0" radius="0.5" length="4" />
		<capsule pos="14.949999999999996,-27.5,-13.799999999999997" vel="0,0,0" mass="1" elasticityCoef="1" ang="90,0,0" color="0,220,0" radius="0.5" length="4" />
		<capsule pos="14.949999999999996,-27.5,-11.5" vel="0,0,0" mass="1" elasticityCoef="1" ang="90,0,0" color="0,220,0" radius="0.5" length="4" />
		<capsule pos="14.949999999999996,-27.5,-9.199999999999996" vel="0,0,0" mass="1" elasticityCoef="1" ang="90,0,0" color="0,220,0" radius="0.5" length="4" />
		<capsule pos="14.949999999999996,-27.5,-6.899999999999999" vel="0,0,0" mass="1" elasticityCoef="1" ang="90,0,0" color="0,220,0" radius="0.5" length="4" />
		<capsule pos="14.949999999999996,-27.5,-4.600000000000001" vel="0,0,0" mass="1" elasticityCoef="1" ang="90,0,0" color="0,220,0" radius="0.5" length="4" />
		<capsule pos="14.949999999999996,-27.5,-2.299999999999997" vel="0,0,0" mass="1" elasticityCoef="1" ang="90,0,0" color="0,220,0" radius="0.5" length="4" />
		<capsule pos="14.949999999999996,-27.5,0.0" vel="0,0,0" mass="1" elasticityCoef="1" ang="90,0,0" color="0,220,0" radius="0.5" length="4" />
		<capsule pos="14.949999999999996,-27.5,2.3000000000000043" vel="0,0,0" mass="1" elasticityCoef="1" ang="90,0,0" color="0,220,0" radius="0.5" length="4" />
		<capsule pos="14.949999999999996,-27.5,4.600000000000001" vel="0,0,0" mass="1" elasticityCoef="1" ang="90,0,0" color="0,220,0" radius="0.5" length="4" />
		<capsule pos="14.949999999999996,-27.5,6.899999999999999" vel="0,0,0" mass="1" elasticityCoef="1" ang="90,0,0" color="0,220,0" radius="0.5" length="4" />
		<capsule pos="14.949999999999996,-27.5,9.200000000000003" vel="0,0,0" mass="1" elasticityCoef="1" ang="90,0,0" color="0,220,0" radius="0.5" length="4" />
		<capsule pos="14.949999999999996,-27.5,11.5" vel="0,0,0" mass="1" elasticityCoef="1" ang="90,0,0" color="0,220,0" radius="0.5" length="4" />
		<capsule pos="14.949999999999996,-27.5,13.799999999999997" vel="0,0,0" mass="1" elasticityCoef="1" ang="90,0,0" color="0,220,0" radius="0.5" length="4" />
		<capsule pos="14.949999999999996,-27.5,16.1" vel="0,0,0" mass="1" elasticityCoef="1" ang="90,0,0" color="0,220,0" radius="0.5" length="4" />
		<capsule pos="14.949999999999996,-27.5,18.4" vel="0,0,0" mass="1" elasticityCoef="1" ang="90,0,0" color="0,220,0" radius="0.5" length="4" />
		<capsule pos="14.949999999999996,-27.5,20.699999999999996" vel="0,0,0" mass="1" elasticityCoef="1" ang="90,0,0" color="0,220,0" radius="0.5" length="4" />
		<capsule pos="14.949999999999996,-27.5,22.999999999999993" vel="0,0,0" mass="1" elasticityCoef="1" ang="90,0,0" color="0,220,0" radius="0.5" length="4" />
		<capsule pos="14.949999999999996,-27.5,25.300000000000004" vel="0,0,0" mass="1" elasticityCoef="1" ang="90,0,0" color="0,220,0" radius="0.5" length="4" />
		<capsule pos="14.949999999999996,-27.5,27.6" vel="0,0,0" mass="1" elasticityCoef="1" ang="90,0,0" color="0,220,0" radius="0.5" length="4" />
		<capsule pos="14.949999999999996,-27.5,29.9" vel="0,0,0" mass="1" elasticityCoef="1" ang="90,0,0" color="0,220,0" radius="0.5" length="4" />
		<capsule pos="14.949999999999996,-27.5,32.199999999999996" vel="0,0,0" mass="1" elasticityCoef="1" ang="90,0,0" color="0,220,0" radius="0.5" length="4" />
		<capsule pos="14.949999999999996,-27.5,34.49999999999999" vel="0,0,0" mass="1" elasticityCoef="1" ang="90,0,0" color="0,220,0" radius="0.5" length="4" />
		<capsule pos="14.949999999999996,-27.5,36.800000000000004" vel="0,0,0" mass="1" elasticityCoef="1" ang="90,0,0" color="0,220,0" radius="0.5" length="4" />
		<capsule pos="14.949999999999996,-27.5,39.1" vel="0,0,0" mass="1" elasticityCoef="1" ang="90,0,0" color="0,220,0" radius="0.5" length="4" />
		<capsule pos="14.949999999999996,-27.5,41.4" vel="0,0,0" mass="1" elasticityCoef="1" ang="90,0,0" color="0,220,0" radius="0.5" length="4" />
		<capsule pos="14.949999999999996,-22.0,-43.699999999999996" vel="0,0,0" mass="1" elasticityCoef="1" ang="90,0,0" color="0,220,0" radius="0.5" length="4" />
		<capsule pos="14.949999999999996,-22.0,-41.4" vel="0,0,0" mass="1" elasticityCoef="1" ang="90,0,0" color="0,220,0" radius="0.5" length="4" />
		<capsule pos="14.949999999999996,-22.0,-39.099999999999994" vel="0,0,0" mass="1" elasticityCoef="1" ang="90,0,0" color="0,220,0" radius="0.5" length="4" />
		<capsule pos="14.949999999999996,-22.0,-36.8" vel="0,0,0" mass="1" elasticityCoef="1" ang="90,0,0" color="0,220,0" radius="0.5" length="4" />
		<capsule pos="14.949999999999996,-22.0,-34.5" vel="0,0,0" mass="1" elasticityCoef="1" ang="90,0,0" color="0,220,0" radius="0.5" length="4" />
		<capsule pos="14.949999999999996,-22.0,-32.199999999999996" vel="0,0,0" mass="1" elasticityCoef="1" ang="90,0,0" color="0,220,0" radius="0.5" length="4" />
		<capsule pos="14.949999999999996,-22.0,-29.9" vel="0,0,0" mass="1" elasticityCoef="1" ang="90,0,0" color="0,220,0" radius="0.5" length="4" />
		<capsule pos="14.949999999999996,-22.0,-27.599999999999998" vel="0,0,0" mass="1" elasticityCoef="1" ang="90,0,0" color="0,220,0" radius="0.5" length="4" />
		<capsule pos="14.949999999999996,-22.0,-25.299999999999997" vel="0,0,0" mass="1" elasticityCoef="1" ang="90,0,0" color="0,220,0" radius="0.5" length="4" />
		<capsule pos="14.949999999999996,-22.0,-22.999999999999996" vel="0,0,0" mass="1" elasticityCoef="1" ang="90,0,0" color="0,220,0" radius="0.5" length="4" />
		<capsule pos="14.949999999999996,-22.0,-20.699999999999996" vel="0,0,0" mass="1" elasticityCoef="1" ang="90,0,0" color="0,220,0" radius="0.5" length="4" />
		<capsule pos="14.949999999999996,-22.0,-18.4" vel="0,0,0" mass="1" elasticityCoef="1" ang="90,0,0" color="0,220,0" radius="0.5" length="4" />
		<capsule pos="14.949999999999996,-22.0,-16.099999999999998" vel="0,0,0" mass="1" elasticityCoef="1" ang="90,0,0" color="0,220,0" radius="0.5" length="4" />
		<capsule pos="14.949999999999996,-22.0,-13.799999999999997" vel="0,0,0" mass="1" elasticityCoef="1" ang="90,0,0" color="0,220,0" radius="0.5" length="4" />
		<capsule pos="14.949999999999996,-22.0,-11.5" vel="0,0,0" mass="1" elasticityCoef="1" ang="90,0,0" color="0,220,0" radius="0.5" length="4" />
		<capsule pos="14.949999999999996,-22.0,-9.199999999999996" vel="0,0,0" mass="1" elasticityCoef="1" ang="90,0,0" color="0,220,0" radius="0.5" length="4" />
		<capsule pos="14.949999999999996,-22.0,-6.899999999999999" vel="0,0,0" mass="1" elasticityCoef="1" ang="90,0,0" color="0,220,0" radius="0.5" length="4" />
		<capsule pos="14.949999999999996,-22.0,-4.600000000000001" vel="0,0,0" mass="1" elasticityCoef="1" ang="90,0,0" color="0,220,0" radius="0.5" length="4" />
		<capsule pos="14.949999999999996,-22.0,-2.299999999999997" vel="0,0,0" mass="1" elasticityCoef="1" ang="90,0,0" color="0,220,0" radius="0.5" length="4" />
		<capsule pos="14.949999999999996,-22.0,0.0" vel="0,0,0" mass="1" elasticityCoef="1" ang="90,0,0" color="0,220,0" radius="0.5" length="4" />
		<capsule pos="14.949999999999996,-22.0,2.3000000000000043" vel="0,0,0" mass="1" elasticityCoef="1" ang="90,0,0" color="0,220,0" radius="0.5" length="4" />
		<capsule pos="14.949999999999996,-22.0,4.600000000000001" vel="0,0,0" mass="1" elasticityCoef="1" ang="90,0,0" color="0,220,0" radius="0.5" length="4" />
		<capsule pos="14.949999999999996,-22.0,6.899999999999999" vel="0,0,0" mass="1" elasticityCoef="1" ang="90,0,0" color="0,220,0" radius="0.5" length="4" />
		<capsule pos="14.949999999999996,-22.0,9.200000000000003" vel="0,0,0" mass="1" elasticityCoef="1" ang="90,0,0" color="0,220,0" radius="0.5" length="4" />
		<capsule pos="14.949999999999996,-22.0,11.5" vel="0,0,0" mass="1" elasticityCoef="1" ang="90,0,0" color="0,220,0" radius="0.5" length="4" />
		<capsule pos="14.949999999999996,-22.0,13.799999999999997" vel="0,0,0" mass="1" elasticityCoef="1" ang="90,0,0" color="0,220,0" radius="0.5" length="4" />
		<capsule pos="14.949999999999996,-22.0,16.1" vel="0,0,0" mass="1" elasticityCoef="1" ang="90,0,0" color="0,220,0" radius="0.5" length="4" />
		<capsule pos="14.949999999999996,-22.0,18.4" vel="0,0,0" mass="1" elasticityCoef="1" ang="90,0,0" color="0,220,0" radius="0.5" length="4" />
		<capsule pos="14.949999999999996,-22.0,20.699999999999996" vel="0,0,0" mass="1" elasticityCoef="1" ang="90,0,0" color="0,220,0" radius="0.5" length="4" />
		<capsule pos="14.949999999999996,-22.0,22.999999999999993" vel="0,0,0" mass="1" elasticityCoef="1" ang="90,0,0" color="0,220,0" radius="0.5" length="4" />
		<capsule pos="14.949999999999996,-22.0,25.300000000000004" vel="0,0,0" mass="1" elasticityCoef="1" ang="90,0,0" color="0,220,0" radius="0.5" length="4" />
		<capsule pos="14.949999999999996,-22.0,27.6" vel="0,0,0" mass="1" elasticityCoef="1" ang="90,0,0" color="0,220,0" radius="0.5" length="4" />
		<capsule pos="14.949999999999996,-22.0,29.9" vel="0,0,0" mass="1" elasticityCoef="1" ang="90,0,0" color="0,220,0" radius="0.5" length="4" />
		<capsule pos="14.949999999999996,-22.0,32.199999999999996" vel="0,0,0" mass="1" elasticityCoef="1" ang="90,0,0" color="0,220,0" radius="0.5" length="4" />
		<capsule pos="14.949999999999996,-22.0,34.49999999999999" vel="0,0,0" mass="1" elasticityCoef="1" ang="90,0,0" color="0,220,0" radius="0.5" length="4" />
		<capsule pos="14.949999999999996,-22.0,36.800000000000004" vel="0,0,0" mass="1" elasticityCoef="1" ang="90,0,0" color="0,220,0" radius="0.5" length="4" />
		<capsule pos="14.949999999999996,-22.0,39.1" vel="0,0,0" mass="1" elasticityCoef="1" ang="90,0,0" color="0,220,0" radius="0.5" length="4" />
		<capsule pos="14.949999999999996,-22.0,41.4" vel="0,0,0" mass="1" elasticityCoef="1" ang="90,0,0" color="0,220,0" radius="0.5" length="4" />
		<capsule pos="14.949999999999996,-16.5,-43.699999999999996" vel="0,0,0" mass="1" elasticityCoef="1" ang="90,0,0" color="0,220,0" radius="0.5" length="4" />
		<capsule pos="14.949999999999996,-16.5,-41.4" vel="0,0,0" mass="1" elasticityCoef="1" ang="90,0,0" color="0,220,0" radius="0.5" length="4" />
		<capsule pos="14.949999999999996,-16.5,-39.099999999999994" vel="0,0,0" mass="1" elasticityCoef="1" ang="90,0,0" color="0,220,0" radius="0.5" length="4" />
		<capsule pos="14.949999999999996,-16.5,-36.8" vel="0,0,0" mass="1" elasticityCoef="1" ang="90,0,0" color="0,220,0" radius="0.5" length="4" />
		<capsule pos="14.949999999999996,-16.5,-34.5" vel="0,0,0" mass="1" elasticityCoef="1" ang="90,0,0" color="0,220,0" radius="0.5" length="4" />
		<capsule pos="14.949999999999996,-16.5,-32.199999999999996" vel="0,0,0" mass="1" elasticityCoef="1" ang="90,0,0" color="0,220,0" radius="0.5" length="4" />
		<capsule pos="14.949999999999996,-16.5,-29.9" vel="0,0,0" mass="1" elasticityCoef="1" ang="90,0,0" color="0,220,0" radius="0.5" length="4" />
		<capsule pos="14.949999999999996,-16.5,-27.599999999999998" vel="0,0,0" mass="1" elasticityCoef="1" ang="90,0,0" color="0,220,0" radius="0.5" length="4" />
		<capsule pos="14.949999999999996,-16.5,-25.299999999999997" vel="0,0,0" mass="1" elasticityCoef="1" ang="90,0,0" color="0,220,0" radius="0.5" length="4" />
		<capsule pos="14.949999999999996,-16.5,-22.999999999999996" vel="0,0,0" mass="1" elasticityCoef="1" ang="90,0,0" color="0,220,0" radius="0.5" length="4" />
		<capsule pos="14.949999999999996,-16.5,-20.699999999999996" vel="0,0,0" mass="1" elasticityCoef="1" ang="90,0,0" color="0,220,0" radius="0.5" length="4" />
		<capsule pos="14.949999999999996,-16.5,-18.4" vel="0,0,0" mass="1" elasticityCoef="1" ang="90,0,0" color="0,220,0" radius="0.5" length="4" />
		<capsule pos="14.949999999999996,-16.5,-16.099999999999998" vel="0,0,0" mass="1" elasticityCoef="1" ang="90,0,0" color="0,220,0" radius="0.5" length="4" />
		<capsule pos="14.949999999999996,-16.5,-13.799999999999997" vel="0,0,0" mass="1" elasticityCoef="1" ang="90,0,0" color="0,220,0" radius="0.5" length="4" />
		<capsule pos="14.949999999999996,-16.5,-11.5" vel="0,0,0" mass="1" elasticityCoef="1" ang="90,0,0" color="0,220,0" radius="0.5" length="4" />
		<capsule pos="14.949999999999996,-16.5,-9.199999999999996" vel="0,0,0" mass="1" elasticityCoef="1" ang="90,0,0" color="0,220,0" radius="0.5" length="4" />
		<capsule pos="14.949999999999996,-16.5,-6.899999999999999" vel="0,0,0" mass="1" elasticityCoef="1" ang="90,0,0" color="0,220,0" radius="0.5" length="4" />
		<capsule pos="14.949999999999996,-16.5,-4.600000000000001" vel="0,0,0" mass="1" elasticityCoef="1" ang="90,0,0" color="0,220,0" radius="0.5" length="4" />
		<capsule pos="14.949999999999996,-16.5,-2.299999999999997" vel="0,0,0" mass="1" elasticityCoef="1" ang="90,0,0" color="0,220,0" radius="0.5" length="4" />
		<capsule pos="14.949999999999996,-16.5,0.0" vel="0,0,0" mass="1" elasticityCoef="1" ang="90,0,0" color="0,220,0" radius="0.5" length="4" />
		<capsule pos="14.949999999999996,-16.5,2.3000000000000043" vel="0,0,0" mass="1" elasticityCoef="1" ang="90,0,0" color="0,220,0" radius="0.5" length="4" />
		<capsule pos="14.949999999999996,-16.5,4.600000000000001" vel="0,0,0" mass="1" elasticityCoef="1" ang="90,0,0" color="0,220,0" radius="0.5" length="4" />
		<capsule pos="14.949999999999996,-16.5,6.899999999999999" vel="0,0,0" mass="1" elasticityCoef="1" ang="90,0,0" color="0,220,0" radius="0.5" length="4" />
		<capsule pos="14.949999999999996,-16.5,9.200000000000003" vel="0,0,0" mass="1" elasticityCoef="1" ang="90,0,0" color="0,220,0" radius="0.5" length="4" />
		<capsule pos="14.949999999999996,-16.5,11.5" vel="0,0,0" mass="1" elasticityCoef="1" ang="90,0,0" color="0,220,0" radius="0.5" length="4" />
		<capsule pos="14.949999999999996,-16.5,13.799999999999997" vel="0,0,0" mass="1" elasticityCoef="1" ang="90,0,0" color="0,220,0" radius="0.5" length="4" />
		<capsule pos="14.949999999999996,-16.5,16.1" vel="0,0,0" mass="1" elasticityCoef="1" ang="90,0,0" color="0,220,0" radius="0.5" length="4" />
		<capsule pos="14.949999999999996,-16.5,18.4" vel="0,0,0" mass="1" elasticityCoef="1" ang="90,0,0" color="0,220,0" radius="0.5" length="4" />
		<capsule pos="14.949999999999996,-16.5,20.699999999999996" vel="0,0,0" mass="1" elasticityCoef="1" ang="90,0,0" color="0,220,0" radius="0.5" length="4" />
		<capsule pos="14.949999999999996,-16.5,22.999999999999993" vel="0,0,0" mass="1" elasticityCoef="1" ang="90,0,0" color="0,220,0" radius="0.5" length="4" />
		<capsule pos="14.949999999999996,-16.5,25.300000000000004" vel="0,0,0" mass="1" elasticityCoef="1" ang="90,0,0" color="0,220,0" radius="0.5" length="4" />
		<capsule pos="14.949999999999996,-16.5,27.6" vel="0,0,0" mass="1" elasticityCoef="1" ang="90,0,0" color="0,220,0" radius="0.5" length="4" />
		<capsule pos="14.949999999999996,-16.5,29.9" vel="0,0,0" mass="1" elasticityCoef="1" ang="90,0,0" color="0,220,0" radius="0.5" length="4" />
		<capsule pos="14.949999999999996,-16.5,32.199999999999996" vel="0,0,0" mass="1" elasticityCoef="1" ang="90,0,0" color="0,220,0" radius="0.5" length="4" />
		<capsule pos="14.949999999999996,-16.5,34.49999999999999" vel="0,0,0" mass="1" elasticityCoef="1" ang="90,0,0" color="0,220,0" radius="0.5" length="4" />
		<capsule pos="14.949999999999996,-16.5,36.800000000000004" vel="0,0,0" mass="1" elasticityCoef="1" ang="90,0,0" color="0,220,0" radius="0.5" length="4" />
		<capsule pos="14.949999999999996,-16.5,39.1" vel="0,0,0" mass="1" elasticityCoef="1" ang="90,0,0" color="0,220,0" radius="0.5" length="4" />
		<capsule pos="14.949999999999996,-16.5,41.4" vel="0,0,0" mass="1" elasticityCoef="1" ang="90,0,0" color="0,220,0" radius="0.5" length="4" />
		<capsule pos="14.949999999999996,-11.0,-43.699999999999996" vel="0,0,0" mass="1" elasticityCoef="1" ang="90,0,0" color="0,220,0" radius="0.5" length="4" />
		<capsule pos="14.949999999999996,-11.0,-41.4" vel="0,0,0" mass="1" elasticityCoef="1" ang="90,0,0" color="0,220,0" radius="0.5" length="4" />
		<capsule pos="14.949999999999996,-11.0,-39.099999999999994" vel="0,0,0" mass="1" elasticityCoef="1" ang="90,0,0" color="0,220,0" radius="0.5" length="4" />
		<capsule pos="14.949999999999996,-11.0,-36.8" vel="0,0,0" mass="1" elasticityCoef="1" ang="90,0,0" color="0,220,0" radius="0.5" length="4" />
		<capsule pos="14.949999999999996,-11.0,-34.5" vel="0,0,0" mass="1" elasticityCoef="1" ang="90,0,0" color="0,220,0" radius="0.5" length="4" />
		<capsule pos="14.949999999999996,-11.0,-32.199999999999996" vel="0,0,0" mass="1" elasticityCoef="1" ang="90,0,0" color="0,220,0" radius="0.5" length="4" />
		<capsule pos="14.949999999999996,-11.0,-29.9" vel="0,0,0" mass="1" elasticityCoef="1" ang="90,0,0" color="0,220,0" radius="0.5" length="4" />
		<capsule pos="14.949999999999996,-11.0,-27.599999999999998" vel="0,0,0" mass="1" elasticityCoef="1" ang="90,0,0" color="0,220,0" radius="0.5" length="4" />
		<capsule pos="14.949999999999996,-11.0,-25.299999999999997" vel="0,0,0" mass="1" elasticityCoef="1" ang="90,0,0" color="0,220,0" radius="0.5" length="4" />
		<capsule pos="14.949999999999996,-11.0,-22.999999999999996" vel="0,0,0" mass="1" elasticityCoef="1" ang="90,0,0" color="0,220,0" radius="0.5" length="4" />
		<capsule pos="14.949999999999996,-11.0,-20.699999999999996" vel="0,0,0" mass="1" elasticityCoef="1" ang="90,0,0" color="0,220,0" radius="0.5" length="4" />
		<capsule pos="14.949999999999996,-11.0,-18.4" vel="0,0,0" mass="1" elasticityCoef="1" ang="90,0,0" color="0,220,0" radius="0.5" length="4" />
		<capsule pos="14.949999999999996,-11.0,-16.099999999999998" vel="0,0,0" mass="1" elasticityCoef="1" ang="90,0,0" color="0,220,0" radius="0.5" length="4" />
		<capsule pos="14.949999999999996,-11.0,-13.799999999999997" vel="0,0,0" mass="1" elasticityCoef="1" ang="90,0,0" color="0,220,0" radius="0.5" length="4" />
		<capsule pos="14.949999999999996,-11.0,-11.5" vel="0,0,0" mass="1" elasticityCoef="1" ang="90,0,0" color="0,220,0" radius="0.5" length="4" />
		<capsule pos="14.949999999999996,-11.0,-9.199999999999996" vel="0,0,0" mass="1" elasticityCoef="1" ang="90,0,0" color="0,220,0" radius="0.5" length="4" />
		<capsule pos="14.949999999999996,-11.0,-6.899999999999999" vel="0,0,0" mass="1" elasticityCoef="1" ang="90,0,0" color="0,220,0" radius="0.5" length="4" />
		<capsule pos="14.949999999999996,-11.0,-4.600000000000001" vel="0,0,0" mass="1" elasticityCoef="1" ang="90,0,0" color="0,220,0" radius="0.5" length="4" />
		<capsule pos="14.949999999999996,-11.0,-2.299999999999997" vel="0,0,0" mass="1" elasticityCoef="1" ang="90,0,0" color="0,220,0" radius="0.5" length="4" />
		<capsule pos="14.949999999999996,-11.0,0.0" vel="0,0,0" mass="1" elasticityCoef="1" ang="90,0,0" color="0,220,0" radius="0.5" length="4" />
		<capsule pos="14.949999999999996,-11.0,2.3000000000000043" vel="0,0,0" mass="1" elasticityCoef="1" ang="90,0,0" color="0,220,0" radius="0.5" length="4" />
		<capsule pos="14.949999999999996,-11.0,4.600000000000001" vel="0,0,0" mass="1" elasticityCoef="1" ang="90,0,0" color="0,220,0" radius="0.5" length="4" />
		<capsule pos="14.949999999999996,-11.0,6.899999999999999" vel="0,0,0" mass="1" elasticityCoef="1" ang="90,0,0" color="0,220,0" radius="0.5" length="4" />
		<capsule pos="14.949999999999996,-11.0,9.200000000000003" vel="0,0,0" mass="1" elasticityCoef="1" ang="90,0,0" color="0,220,0" radius="0.5" length="4" />
		<capsule pos="14.949999999999996,-11.0,11.5" vel="0,0,0" mass="1" elasticityCoef="1" ang="90,0,0" color="0,220,0" radius="0.5" length="4" />
		<capsule pos="14.949999999999996,-11.0,13.799999999999997" vel="0,0,0" mass="1" elasticityCoef="1" ang="90,0,0" color="0,220,0" radius="0.5" length="4" />
		<capsule pos="14.949999999999996,-11.0,16.1" vel="0,0,0" mass="1" elasticityCoef="1" ang="90,0,0" color="0,220,0" radius="0.5" length="4" />
		<capsule pos="14.949999999999996,-11.0,18.4" vel="0,0,0" mass="1" elasticityCoef="1" ang="90,0,0" color="0,220,0" radius="0.5" length="4" />
		<capsule pos="14.949999999999996,-11.0,20.699999999999996" vel="0,0,0" mass="1" elasticityCoef="1" ang="90,0,0" color="0,220,0" radius="0.5" length="4" />
		<capsule pos="14.949999999999996,-11.0,22.999999999999993" vel="0,0,0" mass="1" elasticityCoef="1" ang="90,0,0" color="0,220,0" radius="0.5" length="4" />
		<capsule pos="14.949999999999996,-11.0,25.300000000000004" vel="0,0,0" mass="1" elasticityCoef="1" ang="90,0,0" color="0,220,0" radius="0.5" length="4" />
		<capsule pos="14.949999999999996,-11.0,27.6" vel="0,0,0" mass="1" elasticityCoef="1" ang="90,0,0" color="0,220,0" radius="0.5" length="4" />
		<capsule pos="14.949999999999996,-11.0,29.9" vel="0,0,0" mass="1" elasticityCoef="1" ang="90,0,0" color="0,220,0" radius="0.5" length="4" />
		<capsule pos="14.949999999999996,-11.0,32.199999999999996" vel="0,0,0" mass="1" elasticityCoef="1" ang="90,0,0" color="0,220,0" radius="0.5" length="4" />
		<capsule pos="14.949999999999996,-11.0,34.49999999999999" vel="0,0,0" mass="1" elasticityCoef="1" ang="90,0,0" color="0,220,0" radius="0.5" length="4" />
		<capsule pos="14.949999999999996,-11.0,36.800000000000004" vel="0,0,0" mass="1" elasticityCoef="1" ang="90,0,0" color="0,220,0" radius="0.5" length="4" />
		<capsule pos="14.949999999999996,-11.0,39.1" vel="0,0,0" mass="1" elasticityCoef="1" ang="90,0,0" color="0,220,0" radius="0.5" length="4" />
		<capsule pos="14.949999999999996,-11.0,41.4" vel="0,0,0" mass="1" elasticityCoef="1" ang="90,0,0" color="0,220,0" radius="0.5" length="4" />
		<capsule pos="14.949999999999996,-5.5,-43.699999999999996" vel="0,0,0" mass="1" elasticityCoef="1" ang="90,0,0" color="0,220,0" radius="0.5" length="4" />
		<capsule pos="14.949999999999996,-5.5,-41.4" vel="0,0,0" mass="1" elasticityCoef="1" ang="90,0,0" color="0,220,0" radius="0.5" length="4" />
		<capsule pos="14.949999999999996,-5.5,-39.099999999999994" vel="0,0,0" mass="1" elasticityCoef="1" ang="90,0,0" color="0,220,0" radius="0.5" length="4" />
		<capsule pos="14.949999999999996,-5.5,-36.8" vel="0,0,0" mass="1" elasticityCoef="1" ang="90,0,0" color="0,220,0" radius="0.5" length="4" />
		<capsule pos="14.949999999999996,-5.5,-34.5" vel="0,0,0" mass="1" elasticityCoef="1" ang="90,0,0" color="0,220,0" radius="0.5" length="4" />
		<capsule pos="14.949999999999996,-5.5,-32.199999999999996" vel="0,0,0" mass="1" elasticityCoef="1" ang="90,0,0" color="0,220,0" radius="0.5" length="4" />
		<capsule pos="14.949999999999996,-5.5,-29.9" vel="0,0,0" mass="1" elasticityCoef="1" ang="90,0,0" color="0,220,0" radius="0.5" length="4" />
		<capsule pos="14.949999999999996,-5.5,-27.599999999999998" vel="0,0,0" mass="1" elasticityCoef="1" ang="90,0,0" color="0,220,0" radius="0.5" length="4" />
		<capsule pos="14.949999999999996,-5.5,-25.299999999999997" vel="0,0,0" mass="1" elasticityCoef="1" ang="90,0,0" color="0,220,0" radius="0.5" length="4" />
		<capsule pos="14.949999999999996,-5.5,-22.999999999999996" vel="0,0,0" mass="1" elasticityCoef="1" ang="90,0,0" color="0,220,0" radius="0.5" length="4" />
		<capsule pos="14.949999999999996,-5.5,-20.699999999999996" vel="0,0,0" mass="1" elasticityCoef="1" ang="90,0,0" color="0,220,0" radius="0.5" length="4" />
		<capsule pos="14.949999999999996,-5.5,-18.4" vel="0,0,0" mass="1" elasticityCoef="1" ang="90,0,0" color="0,220,0" radius="0.5" length="4" />
		<capsule pos="14.949999999999996,-5.5,-16.099999999999998" vel="0,0,0" mass="1" elasticityCoef="1" ang="90,0,0" color="0,220,0" radius="0.5" length="4" />
		<capsule pos="14.949999999999996,-5.5,-13.799999999999997" vel="0,0,0" mass="1" elasticityCoef="1" ang="90,0,0" color="0,220,0" radius="0.5" length="4" />
		<capsule pos="14.949999999999996,-5.5,-11.5" vel="0,0,0" mass="1" elasticityCoef="1" ang="90,0,0" color="0,220,0" radius="0.5" length="4" />
		<capsule pos="14.949999999999996,-5.5,-9.199999999999996" vel="0,0,0" mass="1" elasticityCoef="1" ang="90,0,0" color="0,220,0" radius="0.5" length="4" />
		<capsule pos="14.949999999999996,-5.5,-6.899999999999999" vel="0,0,0" mass="1" elasticityCoef="1" ang="90,0,0" color="0,220,0" radius="0.5" length="4" />
		<capsule pos="14.949999999999996,-5.5,-4.600000000000001" vel="0,0,0" mass="1" elasticityCoef="1" ang="90,0,0" color="0,220,0" radius="0.5" length="4" />
		<capsule pos="14.949999999999996,-5.5,-2.299999999999997" vel="0,0,0" mass="1" elasticityCoef="1" ang="90,0,0" color="0,220,0" radius="0.5" length="4" />
		<capsule pos="14.949999999999996,-5.5,0.0" vel="0,0,0" mass="1" elasticityCoef="1" ang="90,0,0" color="0,220,0" radius="0.5" length="4" />
		<capsule pos="14.949999999999996,-5.5,2.3000000000000043" vel="0,0,0" mass="1" elasticityCoef="1" ang="90,0,0" color="0,220,0" radius="0.5" length="4" />
		<capsule pos="14.949999999999996,-5.5,4.600000000000001" vel="0,0,0" mass="1" elasticityCoef="1" ang="90,0,0" color="0,220,0" radius="0.5" length="4" />
		<capsule pos="14.949999999999996,-5.5,6.899999999999999" vel="0,0,0" mass="1" elasticityCoef="1" ang="90,0,0" color="0,220,0" radius="0.5" length="4" />
		<capsule pos="14.949999999999996,-5.5,9.200000000000003" vel="0,0,0" mass="1" elasticityCoef="1" ang="90,0,0" color="0,220,0" radius="0.5" length="4" />
		<capsule pos="14.949999999999996,-5.5,11.5" vel="0,0,0" mass="1" elasticityCoef="1" ang="90,0,0" color="0,220,0" radius="0.5" length="4" />
		<capsule pos="14.949999999999996,-5.5,13.799999999999997" vel="0,0,0" mass="1" elasticityCoef="1" ang="90,0,0" color="0,220,0" radius="0.5" length="4" />
		<capsule pos="14.949999999999996,-5.5,16.1" vel="0,0,0" mass="1" elasticityCoef="1" ang="90,0,0" color="0,220,0" radius="0.5" length="4" />
		<capsule pos="14.949999999999996,-5.5,18.4" vel="0,0,0" mass="1" elasticityCoef="1" ang="90,0,0" color="0,220,0" radius="0.5" length="4" />
		<capsule pos="14.949999999999996,-5.5,20.699999999999996" vel="0,0,0" mass="1" elasticityCoef="1" ang="90,0,0" color="0,220,0" radius="0.5" length="4" />
		<capsule pos="14.949999999999996,-5.5,22.999999999999993" vel="0,0,0" mass="1" elasticityCoef="1" ang="90,0,0" color="0,220,0" radius="0.5" length="4" />
		<capsule pos="14.949999999999996,-5.5,25.300000000000004" vel="0,0,0" mass="1" elasticityCoef="1" ang="90,0,0" color="0,220,0" radius="0.5" length="4" />
		<capsule pos="14.949999999999996,-5.5,27.6" vel="0,0,0" mass="1" elasticityCoef="1" ang="90,0,0" color="0,220,0" radius="0.5" length="4" />
		<capsule pos="14.949999999999996,-5.5,29.9" vel="0,0,0" mass="1" elasticityCoef="1" ang="90,0,0" color="0,220,0" radius="0.5" length="4" />
		<capsule pos="14.949999999999996,-5.5,32.199999999999996" vel="0,0,0" mass="1" elasticityCoef="1" ang="90,0,0" color="0,220,0" radius="0.5" length="4" />
		<capsule pos="14.949999999999996,-5.5,34.49999999999999" vel="0,0,0" mass="1" elasticityCoef="1" ang="90,0,0" color="0,220,0" radius="0.5" length="4" />
		<capsule pos="14.949999999999996,-5.5,36.800000000000004" vel="0,0,0" mass="1" elasticityCoef="1" ang="90,0,0" color="0,220,0" radius="0.5" length="4" />
		<capsule pos="14.949999999999996,-5.5,39.1" vel="0,0,0" mass="1" elasticityCoef="1" ang="90,0,0" color="0,220,0" radius="0.5" length="4" />
		<capsule pos="14.949999999999996,-5.5,41.4" vel="0,0,0" mass="1" elasticityCoef="1" ang="90,0,0" color="0,220,0" radius="0.5" length="4" />
		<capsule pos="14.949999999999996,0.0,-43.699999999999996" vel="0,0,0" mass="1" elasticityCoef="1" ang="90,0,0" color="0,220,0" radius="0.5" length="4" />
		<capsule pos="14.949999999999996,0.0,-41.4" vel="0,0,0" mass="1" elasticityCoef="1" ang="90,0,0" color="0,220,0" radius="0.5" length="4" />
		<capsule pos="14.949999999999996,0.0,-39.099999999999994" vel="0,0,0" mass="1" elasticityCoef="1" ang="90,0,0" color="0,220,0" radius="0.5" length="4" />
		<capsule pos="14.949999999999996,0.0,-36.8" vel="0,0,0" mass="1" elasticityCoef="1" ang="90,0,0" color="0,220,0" radius="0.5" length="4" />
		<capsule pos="14.949999999999996,0.0,-34.5" vel="0,0,0" mass="1" elasticityCoef="1" ang="90,0,0" color="0,220,0" radius="0.5" length="4" />
		<capsule pos="14.949999999999996,0.0,-32.199999999999996" vel="0,0,0" mass="1" elasticityCoef="1" ang="90,0,0" color="0,220,0" radius="0.5" length="4" />
		<capsule pos="14.949999999999996,0.0,-29.9" vel="0,0,0" mass="1" elasticityCoef="1" ang="90,0,0" color="0,220,0" radius="0.5" length="4" />
		<capsule pos="14.949999999999996,0.0,-27.599999999999998" vel="0,0,0" mass="1" elasticityCoef="1" ang="90,0,0" color="0,220,0" radius="0.5" length="4" />
		<capsule pos="14.949999999999996,0.0,-25.299999999999997" vel="0,0,0" mass="1" elasticityCoef="1" ang="90,0,0" color="0,220,0" radius="0.5" length="4" />
		<capsule pos="14.949999999999996,0.0,-22.999999999999996" vel="0,0,0" mass="1" elasticityCoef="1" ang="90,0,0" color="0,220,0" radius="0.5" length="4" />
		<capsule pos="14.949999999999996,0.0,-20.699999999999996" vel="0,0,0" mass="1" elasticityCoef="1" ang="90,0,0" color="0,220,0" radius="0.5" length="4" />
		<capsule pos="14.949999999999996,0.0,-18.4" vel="0,0,0" mass="1" elasticityCoef="1" ang="90,0,0" color="0,220,0" radius="0.5" length="4" />
		<capsule pos="14.949999999999996,0.0,-16.099999999999998" vel="0,0,0" mass="1" elasticityCoef="1" ang="90,0,0" color="0,220,0" radius="0.5" length="4" />
		<capsule pos="14.949999999999996,0.0,-13.799999999999997" vel="0,0,0" mass="1" elasticityCoef="1" ang="90,0,0" color="0,220,0" radius="0.5" length="4" />
		<capsule pos="14.949999999999996,0.0,-11.5" vel="0,0,0" mass="1" elasticityCoef="1" ang="90,0,0" color="0,220,0" radius="0.5" length="4" />
		<capsule pos="14.949999999999996,0.0,-9.199999999999996" vel="0,0,0" mass="1" elasticityCoef="1" ang="90,0,0" color="0,220,0" radius="0.5" length="4" />
		<capsule pos="14.949999999999996,0.0,-6.899999999999999" vel="0,0,0" mass="1" elasticityCoef="1" ang="90,0,0" color="0,220,0" radius="0.5" length="4" />
		<capsule pos="14.949999999999996,0.0,-4.600000000000001" vel="0,0,0" mass="1" elasticityCoef="1" ang="90,0,0" color="0,220,0" radius="0.5" length="4" />
		<capsule pos="14.949999999999996,0.0,-2.299999999999997" vel="0,0,0" mass="1" elasticityCoef="1" ang="90,0,0" color="0,220,0" radius="0.5" length="4" />
		<capsule pos="14.949999999999996,0.0,0.0" vel="0,0,0" mass="1" elasticityCoef="1" ang="90,0,0" color="0,220,0" radius="0.5" length="4" />
		<capsule pos="14.949999999999996,0.0,2.3000000000000043" vel="0,0,0" mass="1" elasticityCoef="1" ang="90,0,0" color="0,220,0" radius="0.5" length="4" />
		<capsule pos="14.949999999999996,0.0,4.600000000000001" vel="0,0,0" mass="1" elasticityCoef="1" ang="90,0,0" color="0,220,0" radius="0.5" length="4" />
		<capsule pos="14.949999999999996,0.0,6.899999999999999" vel="0,0,0" mass="1" elasticityCoef="1" ang="90,0,0" color="0,220,0" radius="0.5" length="4" />
		<capsule pos="14.949999999999996,0.0,9.200000000000003" vel="0,0,0" mass="1" elasticityCoef="1" ang="90,0,0" color="0,220,0" radius="0.5" length="4" />
		<capsule pos="14.949999999999996,0.0,11.5" vel="0,0,0" mass="1" elasticityCoef="1" ang="90,0,0" color="0,220,0" radius="0.5" length="4" />
		<capsule pos="14.949999999999996,0.0,13.799999999999997" vel="0,0,0" mass="1" elasticityCoef="1" ang="90,0,0" color="0,220,0" radius="0.5" length="4" />
		<capsule pos="14.949999999999996,0.0,16.1" vel="0,0,0" mass="1" elasticityCoef="1" ang="90,0,0" color="0,220,0" radius="0.5" length="4" />
		<capsule pos="14.949999999999996,0.0,18.4" vel="0,0,0" mass="1" elasticityCoef="1" ang="90,0,0" color="0,220,0" radius="0.5" length="4" />
		<capsule pos="14.949999999999996,0.0,20.699999999999996" vel="0,0,0" mass="1" elasticityCoef="1" ang="90,0,0" color="0,220,0" radius="0.5" length="4" />
		<capsule pos="14.949999999999996,0.0,22.999999999999993" vel="0,0,0" mass="1" elasticityCoef="1" ang="90,0,0" color="0,220,0" radius="0.5" length="4" />
		<capsule pos="14.949999999999996,0.0,25.300000000000004" vel="0,0,0" mass="1" elasticityCoef="1" ang="90,0,0" color="0,220,0" radius="0.5" length="4" />
		<capsule pos="14.949999999999996,0.0,27.6" vel="0,0,0" mass="1" elasticityCoef="1" ang="90,0,0" color="0,220,0" radius="0.5" length="4" />
		<capsule pos="14.949999999999996,0.0,29.9" vel="0,0,0" mass="1" elasticityCoef="1" ang="90,0,0" color="0,220,0" radius="0.5" length="4" />
		<capsule pos="14.949999999999996,0.0,32.199999999999996" vel="0,0,0" mass="1" elasticityCoef="1" ang="90,0,0" color="0,220,0" radius="0.5" length="4" />
		<capsule pos="14.949999999999996,0.0,34.49999999999999" vel="0,0,0" mass="1" elasticityCoef="1" ang="90,0,0" color="0,220,0" radius="0.5" length="4" />
		<capsule pos="14.949999999999996,0.0,36.800000000000004" vel="0,0,0" mass="1" elasticityCoef="1" ang="90,0,0" color="0,220,0" radius="0.5" length="4" />
		<capsule pos="14.949999999999996,0.0,39.1" vel="0,0,0" mass="1" elasticityCoef="1" ang="90,0,0" color="0,220,0" radius="0.5" length="4" />
		<capsule pos="14.949999999999996,0.0,41.4" vel="0,0,0" mass="1" elasticityCoef="1" ang="90,0,0" color="0,220,0" radius="0.5" length="4" />
		<capsule pos="14.949999999999996,5.5,-43.699999999999996" vel="0,0,0" mass="1" elasticityCoef="1" ang="90,0,0" color="0,220,0" radius="0.5" length="4" />
		<capsule pos="14.949999999999996,5.5,-41.4" vel="0,0,0" mass="1" elasticityCoef="1" ang="90,0,0" color="0,220,0" radius="0.5" length="4" />
		<capsule pos="14.949999999999996,5.5,-39.099999999999994" vel="0,0,0" mass="1" elasticityCoef="1" ang="90,0,0" color="0,220,0" radius="0.5" length="4" />
		<capsule pos="14.949999999999996,5.5,-36.8" vel="0,0,0" mass="1" elasticityCoef="1" ang="90,0,0" color="0,220,0" radius="0.5" length="4" />
		<capsule pos="14.949999999999996,5.5,-34.5" vel="0,0,0" mass="1" elasticityCoef="1" ang="90,0,0" color="0,220,0" radius="0.5" length="4" />
		<capsule pos="14.949999999999996,5.5,-32.199999999999996" vel="0,0,0" mass="1" elasticityCoef="1" ang="90,0,0" color="0,220,0" radius="0.5" length="4" />
		<capsule pos="14.949999999999996,5.5,-29.9" vel="0,0,0" mass="1" elasticityCoef="1" ang="90,0,0" color="0,220,0" radius="0.5" length="4" />
		<capsule pos="14.949999999999996,5.5,-27.599999999999998" vel="0,0,0" mass="1" elasticityCoef="1" ang="90,0,0" color="0,220,0" radius="0.5" length="4" />
		<capsule pos="14.949999999999996,5.5,-25.299999999999997" vel="0,0,0" mass="1" elasticityCoef="1" ang="90,0,0" color="0,220,0" radius="0.5" length="4" />
		<capsule pos="14.949999999999996,5.5,-22.999999999999996" vel="0,0,0" mass="1" elasticityCoef="1" ang="90,0,0" color="0,220,0" radius="0.5" length="4" />
		<capsule pos="14.949999999999996,5.5,-20.699999999999996" vel="0,0,0" mass="1" elasticityCoef="1" ang="90,0,0" color="0,220,0" radius="0.5" length="4" />
		<capsule pos="14.949999999999996,5.5,-18.4" vel="0,0,0" mass="1" elasticityCoef="1" ang="90,0,0" color="0,220,0" radius="0.5" length="4" />
		<capsule pos="14.949999999999996,5.5,-16.099999999999998" vel="0,0,0" mass="1" elasticityCoef="1" ang="90,0,0" color="0,220,0" radius="0.5" length="4" />
		<capsule pos="14.949999999999996,5.5,-13.799999999999997" vel="0,0,0" mass="1" elasticityCoef="1" ang="90,0,0" color="0,220,0" radius="0.5" length="4" />
		<capsule pos="14.949999999999996,5.5,-11.5" vel="0,0,0" mass="1" elasticityCoef="1" ang="90,0,0" color="0,220,0" radius="0.5" length="4" />
		<capsule pos="14.949999999999996,5.5,-9.199999999999996" vel="0,0,0" mass="1" elasticityCoef="1" ang="90,0,0" color="0,220,0" radius="0.5" length="4" />
		<capsule pos="14.949999999999996,5.5,-6.899999999999999" vel="0,0,0" mass="1" elasticityCoef="1" ang="90,0,0" color="0,220,0" radius="0.5" length="4" />
		<capsule pos="14.949999999999996,5.5,-4.600000000000001" vel="0,0,0" mass="1" elasticityCoef="1" ang="90,0,0" color="0,220,0" radius="0.5" length="4" />
		<capsule pos="14.949999999999996,5.5,-2.299999999999997" vel="0,0,0" mass="1" elasticityCoef="1" ang="90,0,0" color="0,220,0" radius="0.5" length="4" />
		<capsule pos="14.949999999999996,5.5,0.0" vel="0,0,0" mass="1" elasticityCoef="1" ang="90,0,0" color="0,220,0" radius="0.5" length="4" />
		<capsule pos="14.949999999999996,5.5,2.3000000000000043" vel="0,0,0" mass="1" elasticityCoef="1" ang="90,0,0" color="0,220,0" radius="0.5" length="4" />
		<capsule pos="14.949999999999996,5.5,4.600000000000001" vel="0,0,0" mass="1" elasticityCoef="1" ang="90,0,0" color="0,220,0" radius="0.5" length="4" />
		<capsule pos="14.949999999999996,5.5,6.899999999999999" vel="0,0,0" mass="1" elasticityCoef="1" ang="90,0,0" color="0,220,0" radius="0.5" length="4" />
		<capsule pos="14.949999999999996,5.5,9.200000000000003" vel="0,0,0" mass="1" elasticityCoef="1" ang="90,0,0" color="0,220,0" radius="0.5" length="4" />
		<capsule pos="14.949999999999996,5.5,11.5" vel="0,0,0" mass="1" elasticityCoef="1" ang="90,0,0" color="0,220,0" radius="0.5" length="4" />
		<capsule pos="14.949999999999996,5.5,13.799999999999997" vel="0,0,0" mass="1" elasticityCoef="1" ang="90,0,0" color="0,220,0" radius="0.5" length="4" />
		<capsule pos="14.949999999999996,5.5,16.1" vel="0,0,0" mass="1" elasticityCoef="1" ang="90,0,0" color="0,220,0" radius="0.5" length="4" />
		<capsule pos="14.949999999999996,5.5,18.4" vel="0,0,0" mass="1" elasticityCoef="1" ang="90,0,0" color="0,220,0" radius="0.5" length="4" />
		<capsule pos="14.949999999999996,5.5,20.699999999999996" vel="0,0,0" mass="1" elasticityCoef="1" ang="90,0,0" color="0,220,0" radius="0.5" length="4" />
		<capsule pos="14.949999999999996,5.5,22.999999999999993" vel="0,0,0" mass="1" elasticityCoef="1" ang="90,0,0" color="0,220,0" radius="0.5" length="4" />
		<capsule pos="14.949999999999996,5.5,25.300000000000004" vel="0,0,0" mass="1" elasticityCoef="1" ang="90,0,0" color="0,220,0" radius="0.5" length="4" />
		<capsule pos="14.949999999999996,5.5,27.6" vel="0,0,0" mass="1" elasticityCoef="1" ang="90,0,0" color="0,220,0" radius="0.5" length="4" />
		<capsule pos="14.949999999999996,5.5,29.9" vel="0,0,0" mass="1" elasticityCoef="1" ang="90,0,0" color="0,220,0" radius="0.5" length="4" />
		<capsule pos="14.949999999999996,5.5,32.199999999999996" vel="0,0,0" mass="1" elasticityCoef="1" ang="90,0,0" color="0,220,0" radius="0.5" length="4" />
		<capsule pos="14.949999999999996,5.5,34.49999999999999" vel="0,0,0" mass="1" elasticityCoef="1" ang="90,0,0" color="0,220,0" radius="0.5" length="4" />
		<capsule pos="14.949999999999996,5.5,36.800000000000004" vel="0,0,0" mass="1" elasticityCoef="1" ang="90,0,0" color="0,220,0" radius="0.5" length="4" />
		<capsule pos="14.949999999999996,5.5,39.1" vel="0,0,0" mass="1" elasticityCoef="1" ang="90,0,0" color="0,220,0" radius="0.5" length="4" />
		<capsule pos="14.949999999999996,5.5,41.4" vel="0,0,0" mass="1" elasticityCoef="1" ang="90,0,0" color="0,220,0" radius="0.5" length="4" />
		<capsule pos="14.949999999999996,11.0,-43.699999999999996" vel="0,0,0" mass="1" elasticityCoef="1" ang="90,0,0" color="0,220,0" radius="0.5" length="4" />
		<capsule pos="14.949999999999996,11.0,-41.4" vel="0,0,0" mass="1" elasticityCoef="1" ang="90,0,0" color="0,220,0" radius="0.5" length="4" />
		<capsule pos="14.949999999999996,11.0,-39.099999999999994" vel="0,0,0" mass="1" elasticityCoef="1" ang="90,0,0" color="0,220,0" radius="0.5" length="4" />
		<capsule pos="14.949999999999996,11.0,-36.8" vel="0,0,0" mass="1" elasticityCoef="1" ang="90,0,0" color="0,220,0" radius="0.5" length="4" />
		<capsule pos="14.949999999999996,11.0,-34.5" vel="0,0,0" mass="1" elasticityCoef="1" ang="90,0,0" color="0,220,0" radius="0.5" length="4" />
		<capsule pos="14.949999999999996,11.0,-32.199999999999996" vel="0,0,0" mass="1" elasticityCoef="1" ang="90,0,0" color="0,220,0" radius="0.5" length="4" />
		<capsule pos="14.949999999999996,11.0,-29.9" vel="0,0,0" mass="1" elasticityCoef="1" ang="90,0,0" color="0,220,0" radius="0.5" length="4" />
		<capsule pos="14.949999999999996,11.0,-27.599999999999998" vel="0,0,0" mass="1" elasticityCoef="1" ang="90,0,0" color="0,220,0" radius="0.5" length="4" />
		<capsule pos="14.949999999999996,11.0,-25.299999999999997" vel="0,0,0" mass="1" elasticityCoef="1" ang="90,0,0" color="0,220,0" radius="0.5" length="4" />
		<capsule pos="14.949999999999996,11.0,-22.999999999999996" vel="0,0,0" mass="1" elasticityCoef="1" ang="90,0,0" color="0,220,0" radius="0.5" length="4" />
		<capsule pos="14.949999999999996,11.0,-20.699999999999996" vel="0,0,0" mass="1" elasticityCoef="1" ang="90,0,0" color="0,220,0" radius="0.5" length="4" />
		<capsule pos="14.949999999999996,11.0,-18.4" vel="0,0,0" mass="1" elasticityCoef="1" ang="90,0,0" color="0,220,0" radius="0.5" length="4" />
		<capsule pos="14.949999999999996,11.0,-16.099999999999998" vel="0,0,0" mass="1" elasticityCoef="1" ang="90,0,0" color="0,220,0" radius="0.5" length="4" />
		<capsule pos="14.949999999999996,11.0,-13.799999999999997" vel="0,0,0" mass="1" elasticityCoef="1" ang="90,0,0" color="0,220,0" radius="0.5" length="4" />
		<capsule pos="14.949999999999996,11.0,-11.5" vel="0,0,0" mass="1" elasticityCoef="1" ang="90,0,0" color="0,220,0" radius="0.5" length="4" />
		<capsule pos="14.949999999999996,11.0,-9.199999999999996" vel="0,0,0" mass="1" elasticityCoef="1" ang="90,0,0" color="0,220,0" radius="0.5" length="4" />
		<capsule pos="14.949999999999996,11.0,-6.899999999999999" vel="0,0,0" mass="1" elasticityCoef="1" ang="90,0,0" color="0,220,0" radius="0.5" length="4" />
		<capsule pos="14.949999999999996,11.0,-4.600000000000001" vel="0,0,0" mass="1" elasticityCoef="1" ang="90,0,0" color="0,220,0" radius="0.5" length="4" />
		<capsule pos="14.949999999999996,11.0,-2.299999999999997" vel="0,0,0" mass="1" elasticityCoef="1" ang="90,0,0" color="0,220,0" radius="0.5" length="4" />
		<capsule pos="14.949999999999996,11.0,0.0" vel="0,0,0" mass="1" elasticityCoef="1" ang="90,0,0" color="0,220,0" radius="0.5" length="4" />
		<capsule pos="14.949999999999996,11.0,2.3000000000000043" vel="0,0,0" mass="1" elasticityCoef="1" ang="90,0,0" color="0,220,0" radius="0.5" length="4" />
		<capsule pos="14.949999999999996,11.0,4.600000000000001" vel="0,0,0" mass="1" elasticityCoef="1" ang="90,0,0" color="0,220,0" radius="0.5" length="4" />
		<capsule pos="14.949999999999996,11.0,6.899999999999999" vel="0,0,0" mass="1" elasticityCoef="1" ang="90,0,0" color="0,220,0" radius="0.5" length="4" />
		<capsule pos="14.949999999999996,11.0,9.200000000000003" vel="0,0,0" mass="1" elasticityCoef="1" ang="90,0,0" color="0,220,0" radius="0.5" length="4" />
		<capsule pos="14.949999999999996,11.0,11.5" vel="0,0,0" mass="1" elasticityCoef="1" ang="90,0,0" color="0,220,0" radius="0.5" length="4" />
		<capsule pos="14.949999999999996,11.0,13.799999999999997" vel="0,0,0" mass="1" elasticityCoef="1" ang="90,0,0" color="0,220,0" radius="0.5" length="4" />
		<capsule pos="14.949999999999996,11.0,16.1" vel="0,0,0" mass="1" elasticityCoef="1" ang="90,0,0" color="0,220,0" radius="0.5" length="4" />
		<capsule pos="14.949999999999996,11.0,18.4" vel="0,0,0" mass="1" elasticityCoef="1" ang="90,0,0" color="0,220,0" radius="0.5" length="4" />
		<capsule pos="14.949999999999996,11.0,20.699999999999996" vel="0,0,0" mass="1" elasticityCoef="1" ang="90,0,0" color="0,220,0" radius="0.5" length="4" />
		<capsule pos="14.949999999999996,11.0,22.999999999999993" vel="0,0,0" mass="1" elasticityCoef="1" ang="90,0,0" color="0,220,0" radius="0.5" length="4" />
		<capsule pos="14.949999999999996,11.0,25.300000000000004" vel="0,0,0" mass="1" elasticityCoef="1" ang="90,0,0" color="0,220,0" radius="0.5" length="4" />
		<capsule pos="14.949999999999996,11.0,27.6" vel="0,0,0" mass="1" elasticityCoef="1" ang="90,0,0" color="0,220,0" radius="0.5" length="4" />
		<capsule pos="14.949999999999996,11.0,29.9" vel="0,0,0" mass="1" elasticityCoef="1" ang="90,0,0" color="0,220,0" radius="0.5" length="4" />
		<capsule pos="14.949999999999996,11.0,32.199999999999996" vel="0,0,0" mass="1" elasticityCoef="1" ang="90,0,0" color="0,220,0" radius="0.5" length="4" />
		<capsule pos="14.949999999999996,11.0,34.49999999999999" vel="0,0,0" mass="1" elasticityCoef="1" ang="90,0,0" color="0,220,0" radius="0.5" length="4" />
		<capsule pos="14.949999999999996,11.0,36.800000000000004" vel="0,0,0" mass="1" elasticityCoef="1" ang="90,0,0" color="0,220,0" radius="0.5" length="4" />
		<capsule pos="14.949999999999996,11.0,39.1" vel="0,0,0" mass="1" elasticityCoef="1" ang="90,0,0" color="0,220,0" radius="0.5" length="4" />
		<capsule pos="14.949999999999996,11.0,41.4" vel="0,0,0" mass="1" elasticityCoef="1" ang="90,0,0" color="0,220,0" radius="0.5" length="4" />
		<capsule pos="14.949999999999996,16.5,-43.699999999999996" vel="0,0,0" mass="1" elasticityCoef="1" ang="90,0,0" color="0,220,0" radius="0.5" length="4" />
		<capsule pos="14.949999999999996,16.5,-41.4" vel="0,0,0" mass="1" elasticityCoef="1" ang="90,0,0" color="0,220,0" radius="0.5" length="4" />
		<capsule pos="14.949999999999996,16.5,-39.099999999999994" vel="0,0,0" mass="1" elasticityCoef="1" ang="90,0,0" color="0,220,0" radius="0.5" length="4" />
		<capsule pos="14.949999999999996,16.5,-36.8" vel="0,0,0" mass="1" elasticityCoef="1" ang="90,0,0" color="0,220,0" radius="0.5" length="4" />
		<capsule pos="14.949999999999996,16.5,-34.5" vel="0,0,0" mass="1" elasticityCoef="1" ang="90,0,0" color="0,220,0" radius="0.5" length="4" />
		<capsule pos="14.949999999999996,16.5,-32.199999999999996" vel="0,0,0" mass="1" elasticityCoef="1" ang="90,0,0" color="0,220,0" radius="0.5" length="4" />
		<capsule pos="14.949999999999996,16.5,-29.9" vel="0,0,0" mass="1" elasticityCoef="1" ang="90,0,0" color="0,220,0" radius="0.5" length="4" />
		<capsule pos="14.949999999999996,16.5,-27.599999999999998" vel="0,0,0" mass="1" elasticityCoef="1" ang="90,0,0" color="0,220,0" radius="0.5" length="4" />
		<capsule pos="14.949999999999996,16.5,-25.299999999999997" vel="0,0,0" mass="1" elasticityCoef="1" ang="90,0,0" color="0,220,0" radius="0.5" length="4" />
		<capsule pos="14.949999999999996,16.5,-22.999999999999996" vel="0,0,0" mass="1" elasticityCoef="1" ang="90,0,0" color="0,220,0" radius="0.5" length="4" />
		<capsule pos="14.949999999999996,16.5,-20.699999999999996" vel="0,0,0" mass="1" elasticityCoef="1" ang="90,0,0" color="0,220,0" radius="0.5" length="4" />
		<capsule pos="14.949999999999996,16.5,-18.4" vel="0,0,0" mass="1" elasticityCoef="1" ang="90,0,0" color="0,220,0" radius="0.5" length="4" />
		<capsule pos="14.949999999999996,16.5,-16.099999999999998" vel="0,0,0" mass="1" elasticityCoef="1" ang="90,0,0" color="0,220,0" radius="0.5" length="4" />
		<capsule pos="14.949999999999996,16.5,-13.799999999999997" vel="0,0,0" mass="1" elasticityCoef="1" ang="90,0,0" color="0,220,0" radius="0.5" length="4" />
		<capsule pos="14.949999999999996,16.5,-11.5" vel="0,0,0" mass="1" elasticityCoef="1" ang="90,0,0" color="0,220,0" radius="0.5" length="4" />
		<capsule pos="14.949999999999996,16.5,-9.199999999999996" vel="0,0,0" mass="1" elasticityCoef="1" ang="90,0,0" color="0,220,0" radius="0.5" length="4" />
		<capsule pos="14.949999999999996,16.5,-6.899999999999999" vel="0,0,0" mass="1" elasticityCoef="1" ang="90,0,0" color="0,220,0" radius="0.5" length="4" />
		<capsule pos="14.949999999999996,16.5,-4.600000000000001" vel="0,0,0" mass="1" elasticityCoef="1" ang="90,0,0" color="0,220,0" radius="0.5" length="4" />
		<capsule pos="14.949999999999996,16.5,-2.299999999999997" vel="0,0,0" mass="1" elasticityCoef="1" ang="90,0,0" color="0,220,0" radius="0.5" length="4" />
		<capsule pos="14.949999999999996,16.5,0.0" vel="0,0,0" mass="1" elasticityCoef="1" ang="90,0,0" color="0,220,0" radius="0.5" length="4" />
		<capsule pos="14.949999999999996,16.5,2.3000000000000043" vel="0,0,0" mass="1" elasticityCoef="1" ang="90,0,0" color="0,220,0" radius="0.5" length="4" />
		<capsule pos="14.949999999999996,16.5,4.600000000000001" vel="0,0,0" mass="1" elasticityCoef="1" ang="90,0,0" color="0,220,0" radius="0.5" length="4" />
		<capsule pos="14.949999999999996,16.5,6.899999999999999" vel="0,0,0" mass="1" elasticityCoef="1" ang="90,0,0" color="0,220,0" radius="0.5" length="4" />
		<capsule pos="14.949999999999996,16.5,9.200000000000003" vel="0,0,0" mass="1" elasticityCoef="1" ang="90,0,0" color="0,220,0" radius="0.5" length="4" />
		<capsule pos="14.949999999999996,16.5,11.5" vel="0,0,0" mass="1" elasticityCoef="1" ang="90,0,0" color="0,220,0" radius="0.5" length="4" />
		<capsule pos="14.949999999999996,16.5,13.799999999999997" vel="0,0,0" mass="1" elasticityCoef="1" ang="90,0,0" color="0,220,0" radius="0.5" length="4" />
		<capsule pos="14.949999999999996,16.5,16.1" vel="0,0,0" mass="1" elasticityCoef="1" ang="90,0,0" color="0,220,0" radius="0.5" length="4" />
		<capsule pos="14.949999999999996,16.5,18.4" vel="0,0,0" mass="1" elasticityCoef="1" ang="90,0,0" color="0,220,0" radius="0.5" length="4" />
		<capsule pos="14.949999999999996,16.5,20.699999999999996" vel="0,0,0" mass="1" elasticityCoef="1" ang="90,0,0" color="0,220,0" radius="0.5" length="4" />
		<capsule pos="14.949999999999996,16.5,22.999999999999993" vel="0,0,0" mass="1" elasticityCoef="1" ang="90,0,0" color="0,220,0" radius="0.5" length="4" />
		<capsule pos="14.949999999999996,16.5,25.300000000000004" vel="0,0,0" mass="1" elasticityCoef="1" ang="90,0,0" color="0,220,0" radius="0.5" length="4" />
		<capsule pos="14.949999999999996,16.5,27.6" vel="0,0,0" mass="1" elasticityCoef="1" ang="90,0,0" color="0,220,0" radius="0.5" length="4" />
		<capsule pos="14.949999999999996,16.5,29.9" vel="0,0,0" mass="1" elasticityCoef="1" ang="90,0,0" color="0,220,0" radius="0.5" length="4" />
		<capsule pos="14.949999999999996,16.5,32.199999999999996" vel="0,0,0" mass="1" elasticityCoef="1" ang="90,0,0" color="0,220,0" radius="0.5" length="4" />
		<capsule pos="14.949999999999996,16.5,34.49999999999999" vel="0,0,0" mass="1" elasticityCoef="1" ang="90,0,0" color="0,220,0" radius="0.5" length="4" />
		<capsule pos="14.949999999999996,16.5,36.800000000000004" vel="0,0,0" mass="1" elasticityCoef="1" ang="90,0,0" color="0,220,0" radius="0.5" length="4" />
		<capsule pos="14.949999999999996,16.5,39.1" vel="0,0,0" mass="1" elasticityCoef="1" ang="90,0,0" color="0,220,0" radius="0.5" length="4" />
		<capsule pos="14.949999999999996,16.5,41.4" vel="0,0,0" mass="1" elasticityCoef="1" ang="90,0,0" color="0,220,0" radius="0.5" length="4" />
		<capsule pos="14.949999999999996,22.0,-43.699999999999996" vel="0,0,0" mass="1" elasticityCoef="1" ang="90,0,0" color="0,220,0" radius="0.5" length="4" />
		<capsule pos="14.949999999999996,22.0,-41.4" vel="0,0,0" mass="1" elasticityCoef="1" ang="90,0,0" color="0,220,0" radius="0.5" length="4" />
		<capsule pos="14.949999999999996,22.0,-39.099999999999994" vel="0,0,0" mass="1" elasticityCoef="1" ang="90,0,0" color="0,220,0" radius="0.5" length="4" />
		<capsule pos="14.949999999999996,22.0,-36.8" vel="0,0,0" mass="1" elasticityCoef="1" ang="90,0,0" color="0,220,0" radius="0.5" length="4" />
		<capsule pos="14.949999999999996,22.0,-34.5" vel="0,0,0" mass="1" elasticityCoef="1" ang="90,0,0" color="0,220,0" radius="0.5" length="4" />
		<capsule pos="14.949999999999996,22.0,-32.199999999999996" vel="0,0,0" mass="1" elasticityCoef="1" ang="90,0,0" color="0,220,0" radius="0.5" length="4" />
		<capsule pos="14.949999999999996,22.0,-29.9" vel="0,0,0" mass="1" elasticityCoef="1" ang="90,0,0" color="0,220,0" radius="0.5" length="4" />
		<capsule pos="14.949999999999996,22.0,-27.599999999999998" vel="0,0,0" mass="1" elasticityCoef="1" ang="90,0,0" color="0,220,0" radius="0.5" length="4" />
		<capsule pos="14.949999999999996,22.0,-25.299999999999997" vel="0,0,0" mass="1" elasticityCoef="1" ang="90,0,0" color="0,220,0" radius="0.5" length="4" />
		<capsule pos="14.949999999999996,22.0,-22.999999999999996" vel="0,0,0" mass="1" elasticityCoef="1" ang="90,0,0" color="0,220,0" radius="0.5" length="4" />
		<capsule pos="14.949999999999996,22.0,-20.699999999999996" vel="0,0,0" mass="1" elasticityCoef="1" ang="90,0,0" color="0,220,0" radius="0.5" length="4" />
		<capsule pos="14.949999999999996,22.0,-18.4" vel="0,0,0" mass="1" elasticityCoef="1" ang="90,0,0" color="0,220,0" radius="0.5" length="4" />
		<capsule pos="14.949999999999996,22.0,-16.099999999999998" vel="0,0,0" mass="1" elasticityCoef="1" ang="90,0,0" color="0,220,0" radius="0.5" length="4" />
		<capsule pos="14.949999999999996,22.0,-13.799999999999997" vel="0,0,0" mass="1" elasticityCoef="1" ang="90,0,0" color="0,220,0" radius="0.5" length="4" />
		<capsule pos="14.949999999999996,22.0,-11.5" vel="0,0,0" mass="1" elasticityCoef="1" ang="90,0,0" color="0,220,0" radius="0.5" length="4" />
		<capsule pos="14.949999999999996,22.0,-9.199999999999996" vel="0,0,0" mass="1" elasticityCoef="1" ang="90,0,0" color="0,220,0" radius="0.5" length="4" />
		<capsule pos="14.949999999999996,22.0,-6.899999999999999" vel="0,0,0" mass="1" elasticityCoef="1" ang="90,0,0" color="0,220,0" radius="0.5" length="4" />
		<capsule pos="14.949999999999996,22.0,-4.600000000000001" vel="0,0,0" mass="1" elasticityCoef="1" ang="90,0,0" color="0,220,0" radius="0.5" length="4" />
		<capsule pos="14.949999999999996,22.0,-2.299999999999997" vel="0,0,0" mass="1" elasticityCoef="1" ang="90,0,0" color="0,220,0" radius="0.5" length="4" />
		<capsule pos="14.949999999999996,22.0,0.0" vel="0,0,0" mass="1" elasticityCoef="1" ang="90,0,0" color="0,220,0" radius="0.5" length="4" />
		<capsule pos="14.949999999999996,22.0,2.3000000000000043" vel="0,0,0" mass="1" elasticityCoef="1" ang="90,0,0" color="0,220,0" radius="0.5" length="4" />
		<capsule pos="14.949999999999996,22.0,4.600000000000001" vel="0,0,0" mass="1" elasticityCoef="1" ang="90,0,0" color="0,220,0" radius="0.5" length="4" />
		<capsule pos="14.949999999999996,22.0,6.899999999999999" vel="0,0,0" mass="1" elasticityCoef="1" ang="90,0,0" color="0,220,0" radius="0.5" length="4" />
		<capsule pos="14.949999999999996,22.0,9.200000000000003" vel="0,0,0" mass="1" elasticityCoef="1" ang="90,0,0" color="0,220,0" radius="0.5" length="4" />
		<capsule pos="14.949999999999996,22.0,11.5" vel="0,0,0" mass="1" elasticityCoef="1" ang="90,0,0" color="0,220,0" radius="0.5" length="4" />
		<capsule pos="14.949999999999996,22.0,13.799999999999997" vel="0,0,0" mass="1" elasticityCoef="1" ang="90,0,0" color="0,220,0" radius="0.5" length="4" />
		<capsule pos="14.949999999999996,22.0,16.1" vel="0,0,0" mass="1" elasticityCoef="1" ang="90,0,0" color="0,220,0" radius="0.5" length="4" />
		<capsule pos="14.949999999999996,22.0,18.4" vel="0,0,0" mass="1" elasticityCoef="1" ang="90,0,0" color="0,220,0" radius="0.5" length="4" />
		<capsule pos="14.949999999999996,22.0,20.699999999999996" vel="0,0,0" mass="1" elasticityCoef="1" ang="90,0,0" color="0,220,0" radius="0.5" length="4" />
		<capsule pos="14.949999999999996,22.0,22.999999999999993" vel="0,0,0" mass="1" elasticityCoef="1" ang="90,0,0" color="0,220,0" radius="0.5" length="4" />
		<capsule pos="14.949999999999996,22.0,25.300000000000004" vel="0,0,0" mass="1" elasticityCoef="1" ang="90,0,0" color="0,220,0" radius="0.5" length="4" />
		<capsule pos="14.949999999999996,22.0,27.6" vel="0,0,0" mass="1" elasticityCoef="1" ang="90,0,0" color="0,220,0" radius="0.5" length="4" />
		<capsule pos="14.949999999999996,22.0,29.9" vel="0,0,0" mass="1" elasticityCoef="1" ang="90,0,0" color="0,220,0" radius="0.5" length="4" />
		<capsule pos="14.949999999999996,22.0,32.199999999999996" vel="0,0,0" mass="1" elasticityCoef="1" ang="90,0,0" color="0,220,0" radius="0.5" length="4" />
		<capsule pos="14.949999999999996,22.0,34.49999999999999" vel="0,0,0" mass="1" elasticityCoef="1" ang="90,0,0" color="0,220,0" radius="0.5" length="4" />
		<capsule pos="14.949999999999996,22.0,36.800000000000004" vel="0,0,0" mass="1" elasticityCoef="1" ang="90,0,0" color="0,220,0" radius="0.5" length="4" />
		<capsule pos="14.949999999999996,22.0,39.1" vel="0,0,0" mass="1" elasticityCoef="1" ang="90,0,0" color="0,220,0" radius="0.5" length="4" />
		<capsule pos="14.949999999999996,22.0,41.4" vel="0,0,0" mass="1" elasticityCoef="1" ang="90,0,0" color="0,220,0" radius="0.5" length="4" />
		<capsule pos="14.949999999999996,27.5,-43.699999999999996" vel="0,0,0" mass="1" elasticityCoef="1" ang="90,0,0" color="0,220,0" radius="0.5" length="4" />
		<capsule pos="14.949999999999996,27.5,-41.4" vel="0,0,0" mass="1" elasticityCoef="1" ang="90,0,0" color="0,220,0" radius="0.5" length="4" />
		<capsule pos="14.949999999999996,27.5,-39.099999999999994" vel="0,0,0" mass="1" elasticityCoef="1" ang="90,0,0" color="0,220,0" radius="0.5" length="4" />
		<capsule pos="14.949999999999996,27.5,-36.8" vel="0,0,0" mass="1" elasticityCoef="1" ang="90,0,0" color="0,220,0" radius="0.5" length="4" />
		<capsule pos="14.949999999999996,27.5,-34.5" vel="0,0,0" mass="1" elasticityCoef="1" ang="90,0,0" color="0,220,0" radius="0.5" length="4" />
		<capsule pos="14.949999999999996,27.5,-32.199999999999996" vel="0,0,0" mass="1" elasticityCoef="1" ang="90,0,0" color="0,220,0" radius="0.5" length="4" />
		<capsule pos="14.949999999999996,27.5,-29.9" vel="0,0,0" mass="1" elasticityCoef="1" ang="90,0,0" color="0,220,0" radius="0.5" length="4" />
		<capsule pos="14.949999999999996,27.5,-27.599999999999998" vel="0,0,0" mass="1" elasticityCoef="1" ang="90,0,0" color="0,220,0" radius="0.5" length="4" />
		<capsule pos="14.949999999999996,27.5,-25.299999999999997" vel="0,0,0" mass="1" elasticityCoef="1" ang="90,0,0" color="0,220,0" radius="0.5" length="4" />
		<capsule pos="14.949999999999996,27.5,-22.999999999999996" vel="0,0,0" mass="1" elasticityCoef="1" ang="90,0,0" color="0,220,0" radius="0.5" length="4" />
		<capsule pos="14.949999999999996,27.5,-20.699999999999996" vel="0,0,0" mass="1" elasticityCoef="1" ang="90,0,0" color="0,220,0" radius="0.5" length="4" />
		<capsule pos="14.949999999999996,27.5,-18.4" vel="0,0,0" mass="1" elasticityCoef="1" ang="90,0,0" color="0,220,0" radius="0.5" length="4" />
		<capsule pos="14.949999999999996,27.5,-16.099999999999998" vel="0,0,0" mass="1" elasticityCoef="1" ang="90,0,0" color="0,220,0" radius="0.5" length="4" />
		<capsule pos="14.949999999999996,27.5,-13.799999999999997" vel="0,0,0" mass="1" elasticityCoef="1" ang="90,0,0" color="0,220,0" radius="0.5" length="4" />
		<capsule pos="14.949999999999996,27.5,-11.5" vel="0,0,0" mass="1" elasticityCoef="1" ang="90,0,0" color="0,220,0" radius="0.5" length="4" />
		<capsule pos="14.949999999999996,27.5,-9.199999999999996" vel="0,0,0" mass="1" elasticityCoef="1" ang="90,0,0" color="0,220,0" radius="0.5" length="4" />
		<capsule pos="14.949999999999996,27.5,-6.899999999999999" vel="0,0,0" mass="1" elasticityCoef="1" ang="90,0,0" color="0,220,0" radius="0.5" length="4" />
		<capsule pos="14.949999999999996,27.5,-4.600000000000001" vel="0,0,0" mass="1" elasticityCoef="1" ang="90,0,0" color="0,220,0" radius="0.5" length="4" />
		<capsule pos="14.949999999999996,27.5,-2.299999999999997" vel="0,0,0" mass="1" elasticityCoef="1" ang="90,0,0" color="0,220,0" radius="0.5" length="4" />
		<capsule pos="14.949999999999996,27.5,0.0" vel="0,0,0" mass="1" elasticityCoef="1" ang="90,0,0" color="0,220,0" radius="0.5" length="4" />
		<capsule pos="14.949999999999996,27.5,2.3000000000000043" vel="0,0,0" mass="1" elasticityCoef="1" ang="90,0,0" color="0,220,0" radius="0.5" length="4" />
		<capsule pos="14.949999999999996,27.5,4.600000000000001" vel="0,0,0" mass="1" elasticityCoef="1" ang="90,0,0" color="0,220,0" radius="0.5" length="4" />
		<capsule pos="14.949999999999996,27.5,6.899999999999999" vel="0,0,0" mass="1" elasticityCoef="1" ang="90,0,0" color="0,220,0" radius="0.5" length="4" />
		<capsule pos="14.949999999999996,27.5,9.200000000000003" vel="0,0,0" mass="1" elasticityCoef="1" ang="90,0,0" color="0,220,0" radius="0.5" length="4" />
		<capsule pos="14.949999999999996,27.5,11.5" vel="0,0,0" mass="1" elasticityCoef="1" ang="90,0,0" color="0,220,0" radius="0.5" length="4" />
		<capsule pos="14.949999999999996,27.5,13.799999999999997" vel="0,0,0" mass="1" elasticityCoef="1" ang="90,0,0" color="0,220,0" radius="0.5" length="4" />
		<capsule pos="14.949999999999996,27.5,16.1" vel="0,0,0" mass="1" elasticityCoef="1" ang="90,0,0" color="0,220,0" radius="0.5" length="4" />
		<capsule pos="14.949999999999996,27.5,18.4" vel="0,0,0" mass="1" elasticityCoef="1" ang="90,0,0" color="0,220,0" radius="0.5" length="4" />
		<capsule pos="14.949999999999996,27.5,20.699999999999996" vel="0,0,0" mass="1" elasticityCoef="1" ang="90,0,0" color="0,220,0" radius="0.5" length="4" />
		<capsule pos="14.949999999999996,27.5,22.999999999999993" vel="0,0,0" mass="1" elasticityCoef="1" ang="90,0,0" color="0,220,0" radius="0.5" length="4" />
		<capsule pos="14.949999999999996,27.5,25.300000000000004" vel="0,0,0" mass="1" elasticityCoef="1" ang="90,0,0" color="0,220,0" radius="0.5" length="4" />
		<capsule pos="14.949999999999996,27.5,27.6" vel="0,0,0" mass="1" elasticityCoef="1" ang="90,0,0" color="0,220,0" radius="0.5" length="4" />
		<capsule pos="14.949999999999996,27.5,29.9" vel="0,0,0" mass="1" elasticityCoef="1" ang="90,0,0" color="0,220,0" radius="0.5" length="4" />
		<capsule pos="14.949999999999996,27.5,32.199999999999996" vel="0,0,0" mass="1" elasticityCoef="1" ang="90,0,0" color="0,220,0" radius="0.5" length="4" />
		<capsule pos="14.949999999999996,27.5,34.49999999999999" vel="0,0,0" mass="1" elasticityCoef="1" ang="90,0,0" color="0,220,0" radius="0.5" length="4" />
		<capsule pos="14.949999999999996,27.5,36.800000000000004" vel="0,0,0" mass="1" elasticityCoef="1" ang="90,0,0" color="0,220,0" radius="0.5" length="4" />
		<capsule pos="14.949999999999996,27.5,39.1" vel="0,0,0" mass="1" elasticityCoef="1" ang="90,0,0" color="0,220,0" radius="0.5" length="4" />
		<capsule pos="14.949999999999996,27.5,41.4" vel="0,0,0" mass="1" elasticityCoef="1" ang="90,0,0" color="0,220,0" radius="0.5" length="4" />
		<capsule pos="14.949999999999996,33.0,-43.699999999999996" vel="0,0,0" mass="1" elasticityCoef="1" ang="90,0,0" color="0,220,0" radius="0.5" length="4" />
		<capsule pos="14.949999999999996,33.0,-41.4" vel="0,0,0" mass="1" elasticityCoef="1" ang="90,0,0" color="0,220,0" radius="0.5" length="4" />
		<capsule pos="14.949999999999996,33.0,-39.099999999999994" vel="0,0,0" mass="1" elasticityCoef="1" ang="90,0,0" color="0,220,0" radius="0.5" length="4" />
		<capsule pos="14.949999999999996,33.0,-36.8" vel="0,0,0" mass="1" elasticityCoef="1" ang="90,0,0" color="0,220,0" radius="0.5" length="4" />
		<capsule pos="14.949999999999996,33.0,-34.5" vel="0,0,0" mass="1" elasticityCoef="1" ang="90,0,0" color="0,220,0" radius="0.5" length="4" />
		<capsule pos="14.949999999999996,33.0,-32.199999999999996" vel="0,0,0" mass="1" elasticityCoef="1" ang="90,0,0" color="0,220,0" radius="0.5" length="4" />
		<capsule pos="14.949999999999996,33.0,-29.9" vel="0,0,0" mass="1" elasticityCoef="1" ang="90,0,0" color="0,220,0" radius="0.5" length="4" />
		<capsule pos="14.949999999999996,33.0,-27.599999999999998" vel="0,0,0" mass="1" elasticityCoef="1" ang="90,0,0" color="0,220,0" radius="0.5" length="4" />
		<capsule pos="14.949999999999996,33.0,-25.299999999999997" vel="0,0,0" mass="1" elasticityCoef="1" ang="90,0,0" color="0,220,0" radius="0.5" length="4" />
		<capsule pos="14.949999999999996,33.0,-22.999999999999996" vel="0,0,0" mass="1" elasticityCoef="1" ang="90,0,0" color="0,220,0" radius="0.5" length="4" />
		<capsule pos="14.949999999999996,33.0,-20.699999999999996" vel="0,0,0" mass="1" elasticityCoef="1" ang="90,0,0" color="0,220,0" radius="0.5" length="4" />
		<capsule pos="14.949999999999996,33.0,-18.4" vel="0,0,0" mass="1" elasticityCoef="1" ang="90,0,0" color="0,220,0" radius="0.5" length="4" />
		<capsule pos="14.949999999999996,33.0,-16.099999999999998" vel="0,0,0" mass="1" elasticityCoef="1" ang="90,0,0" color="0,220,0" radius="0.5" length="4" />
		<capsule pos="14.949999999999996,33.0,-13.799999999999997" vel="0,0,0" mass="1" elasticityCoef="1" ang="90,0,0" color="0,220,0" radius="0.5" length="4" />
		<capsule pos="14.949999999999996,33.0,-11.5" vel="0,0,0" mass="1" elasticityCoef="1" ang="90,0,0" color="0,220,0" radius="0.5" length="4" />
		<capsule pos="14.949999999999996,33.0,-9.199999999999996" vel="0,0,0" mass="1" elasticityCoef="1" ang="90,0,0" color="0,220,0" radius="0.5" length="4" />
		<capsule pos="14.949999999999996,33.0,-6.899999999999999" vel="0,0,0" mass="1" elasticityCoef="1" ang="90,0,0" color="0,220,0" radius="0.5" length="4" />
		<capsule pos="14.949999999999996,33.0,-4.600000000000001" vel="0,0,0" mass="1" elasticityCoef="1" ang="90,0,0" color="0,220,0" radius="0.5" length="4" />
		<capsule pos="14.949999999999996,33.0,-2.299999999999997" vel="0,0,0" mass="1" elasticityCoef="1" ang="90,0,0" color="0,220,0" radius="0.5" length="4" />
		<capsule pos="14.949999999999996,33.0,0.0" vel="0,0,0" mass="1" elasticityCoef="1" ang="90,0,0" color="0,220,0" radius="0.5" length="4" />
		<capsule pos="14.949999999999996,33.0,2.3000000000000043" vel="0,0,0" mass="1" elasticityCoef="1" ang="90,0,0" color="0,220,0" radius="0.5" length="4" />
		<capsule pos="14.949999999999996,33.0,4.600000000000001" vel="0,0,0" mass="1" elasticityCoef="1" ang="90,0,0" color="0,220,0" radius="0.5" length="4" />
		<capsule pos="14.949999999999996,33.0,6.899999999999999" vel="0,0,0" mass="1" elasticityCoef="1" ang="90,0,0" color="0,220,0" radius="0.5" length="4" />
		<capsule pos="14.949999999999996,33.0,9.200000000000003" vel="0,0,0" mass="1" elasticityCoef="1" ang="90,0,0" color="0,220,0" radius="0.5" length="4" />
		<capsule pos="14.949999999999996,33.0,11.5" vel="0,0,0" mass="1" elasticityCoef="1" ang="90,0,0" color="0,220,0" radius="0.5" length="4" />
		<capsule pos="14.949999999999996,33.0,13.799999999999997" vel="0,0,0" mass="1" elasticityCoef="1" ang="90,0,0" color="0,220,0" radius="0.5" length="4" />
		<capsule pos="14.949999999999996,33.0,16.1" vel="0,0,0" mass="1" elasticityCoef="1" ang="90,0,0" color="0,220,0" radius="0.5" length="4" />
		<capsule pos="14.949999999999996,33.0,18.4" vel="0,0,0" mass="1" elasticityCoef="1" ang="90,0,0" color="0,220,0" radius="0.5" length="4" />
		<capsule pos="14.949999999999996,33.0,20.699999999999996" vel="0,0,0" mass="1" elasticityCoef="1" ang="90,0,0" color="0,220,0" radius="0.5" length="4" />
		<capsule pos="14.949999999999996,33.0,22.999999999999993" vel="0,0,0" mass="1" elasticityCoef="1" ang="90,0,0" color="0,220,0" radius="0.5" length="4" />
		<capsule pos="14.949999999999996,33.0,25.300000000000004" vel="0,0,0" mass="1" elasticityCoef="1" ang="90,0,0" color="0,220,0" radius="0.5" length="4" />
		<capsule pos="14.949999999999996,33.0,27.6" vel="0,0,0" mass="1" elasticityCoef="1" ang="90,0,0" color="0,220,0" radius="0.5" length="4" />
		<capsule pos="14.949999999999996,33.0,29.9" vel="0,0,0" mass="1" elasticityCoef="1" ang="90,0,0" color="0,220,0" radius="0.5" length="4" />
		<capsule pos="14.949999999999996,33.0,32.199999999999996" vel="0,0,0" mass="1" elasticityCoef="1" ang="90,0,0" color="0,220,0" radius="0.5" length="4" />
		<capsule pos="14.949999999999996,33.0,34.49999999999999" vel="0,0,0" mass="1" elasticityCoef="1" ang="90,0,0" color="0,220,0" radius="0.5" length="4" />
		<capsule pos="14.949999999999996,33.0,36.800000000000004" vel="0,0,0" mass="1" elasticityCoef="1" ang="90,0,0" color="0,220,0" radius="0.5" length="4" />
		<capsule pos="14.949999999999996,33.0,39.1" vel="0,0,0" mass="1" elasticityCoef="1" ang="90,0,0" color="0,220,0" radius="0.5" length="4" />
		<capsule pos="14.949999999999996,33.0,41.4" vel="0,0,0" mass="1" elasticityCoef="1" ang="90,0,0" color="0,220,0" radius="0.5" length="4" />
		<capsule pos="14.949999999999996,38.5,-43.699999999999996" vel="0,0,0" mass="1" elasticityCoef="1" ang="90,0,0" color="0,220,0" radius="0.5" length="4" />
		<capsule pos="14.949999999999996,38.5,-41.4" vel="0,0,0" mass="1" elasticityCoef="1" ang="90,0,0" color="0,220,0" radius="0.5" length="4" />
		<capsule pos="14.949999999999996,38.5,-39.099999999999994" vel="0,0,0" mass="1" elasticityCoef="1" ang="90,0,0" color="0,220,0" radius="0.5" length="4" />
		<capsule pos="14.949999999999996,38.5,-36.8" vel="0,0,0" mass="1" elasticityCoef="1" ang="90,0,0" color="0,220,0" radius="0.5" length="4" />
		<capsule pos="14.949999999999996,38.5,-34.5" vel="0,0,0" mass="1" elasticityCoef="1" ang="90,0,0" color="0,220,0" radius="0.5" length="4" />
		<capsule pos="14.949999999999996,38.5,-32.199999999999996" vel="0,0,0" mass="1" elasticityCoef="1" ang="90,0,0" color="0,220,0" radius="0.5" length="4" />
		<capsule pos="14.949999999999996,38.5,-29.9" vel="0,0,0" mass="1" elasticityCoef="1" ang="90,0,0" color="0,220,0" radius="0.5" length="4" />
		<capsule pos="14.949999999999996,38.5,-27.599999999999998" vel="0,0,0" mass="1" elasticityCoef="1" ang="90,0,0" color="0,220,0" radius="0.5" length="4" />
		<capsule pos="14.949999999999996,38.5,-25.299999999999997" vel="0,0,0" mass="1" elasticityCoef="1" ang="90,0,0" color="0,220,0" radius="0.5" length="4" />
		<capsule pos="14.949999999999996,38.5,-22.999999999999996" vel="0,0,0" mass="1" elasticityCoef="1" ang="90,0,0" color="0,220,0" radius="0.5" length="4" />
		<capsule pos="14.949999999999996,38.5,-20.699999999999996" vel="0,0,0" mass="1" elasticityCoef="1" ang="90,0,0" color="0,220,0" radius="0.5" length="4" />
		<capsule pos="14.949999999999996,38.5,-18.4" vel="0,0,0" mass="1" elasticityCoef="1" ang="90,0,0" color="0,220,0" radius="0.5" length="4" />
		<capsule pos="14.949999999999996,38.5,-16.099999999999998" vel="0,0,0" mass="1" elasticityCoef="1" ang="90,0,0" color="0,220,0" radius="0.5" length="4" />
		<capsule pos="14.949999999999996,38.5,-13.799999999999997" vel="0,0,0" mass="1" elasticityCoef="1" ang="90,0,0" color="0,220,0" radius="0.5" length="4" />
		<capsule pos="14.949999999999996,38.5,-11.5" vel="0,0,0" mass="1" elasticityCoef="1" ang="90,0,0" color="0,220,0" radius="0.5" length="4" />
		<capsule pos="14.949999999999996,38.5,-9.199999999999996" vel="0,0,0" mass="1" elasticityCoef="1" ang="90,0,0" color="0,220,0" radius="0.5" length="4" />
		<capsule pos="14.949999999999996,38.5,-6.899999999999999" vel="0,0,0" mass="1" elasticityCoef="1" ang="90,0,0" color="0,220,0" radius="0.5" length="4" />
		<capsule pos="14.949999999999996,38.5,-4.600000000000001" vel="0,0,0" mass="1" elasticityCoef="1" ang="90,0,0" color="0,220,0" radius="0.5" length="4" />
		<capsule pos="14.949999999999996,38.5,-2.299999999999997" vel="0,0,0" mass="1" elasticityCoef="1" ang="90,0,0" color="0,220,0" radius="0.5" length="4" />
		<capsule pos="14.949999999999996,38.5,0.0" vel="0,0,0" mass="1" elasticityCoef="1" ang="90,0,0" color="0,220,0" radius="0.5" length="4" />
		<capsule pos="14.949999999999996,38.5,2.3000000000000043" vel="0,0,0" mass="1" elasticityCoef="1" ang="90,0,0" color="0,220,0" radius="0.5" length="4" />
		<capsule pos="14.949999999999996,38.5,4.600000000000001" vel="0,0,0" mass="1" elasticityCoef="1" ang="90,0,0" color="0,220,0" radius="0.5" length="4" />
		<capsule pos="14.949999999999996,38.5,6.899999999999999" vel="0,0,0" mass="1" elasticityCoef="1" ang="90,0,0" color="0,220,0" radius="0.5" length="4" />
		<capsule pos="14.949999999999996,38.5,9.200000000000003" vel="0,0,0" mass="1" elasticityCoef="1" ang="90,0,0" color="0,220,0" radius="0.5" length="4" />
		<capsule pos="14.949999999999996,38.5,11.5" vel="0,0,0" mass="1" elasticityCoef="1" ang="90,0,0" color="0,220,0" radius="0.5" length="4" />
		<capsule pos="14.949999999999996,38.5,13.799999999999997" vel="0,0,0" mass="1" elasticityCoef="1" ang="90,0,0" color="0,220,0" radius="0.5" length="4" />
		<capsule pos="14.949999999999996,38.5,16.1" vel="0,0,0" mass="1" elasticityCoef="1" ang="90,0,0" color="0,220,0" radius="0.5" length="4" />
		<capsule pos="14.949999999999996,38.5,18.4" vel="0,0,0" mass="1" elasticityCoef="1" ang="90,0,0" color="0,220,0" radius="0.5" length="4" />
		<capsule pos="14.949999999999996,38.5,20.699999999999996" vel="0,0,0" mass="1" elasticityCoef="1" ang="90,0,0" color="0,220,0" radius="0.5" length="4" />
		<capsule pos="14.949999999999996,38.5,22.999999999999993" vel="0,0,0" mass="1" elasticityCoef="1" ang="90,0,0" color="0,220,0" radius="0.5" length="4" />
		<capsule pos="14.949999999999996,38.5,25.300000000000004" vel="0,0,0" mass="1" elasticityCoef="1" ang="90,0,0" color="0,220,0" radius="0.5" length="4" />
		<capsule pos="14.949999999999996,38.5,27.6" vel="0,0,0" mass="1" elasticityCoef="1" ang="90,0,0" color="0,220,0" radius="0.5" length="4" />
		<capsule pos="14.949999999999996,38.5,29.9" vel="0,0,0" mass="1" elasticityCoef="1" ang="90,0,0" color="0,220,0" radius="0.5" length="4" />
		<capsule pos="14.949999999999996,38.5,32.199999999999996" vel="0,0,0" mass="1" elasticityCoef="1" ang="90,0,0" color="0,220,0" radius="0.5" length="4" />
		<capsule pos="14.949999999999996,38.5,34.49999999999999" vel="0,0,0" mass="1" elasticityCoef="1" ang="90,0,0" color="0,220,0" radius="0.5" length="4" />
		<capsule pos="14.949999999999996,38.5,36.800000000000004" vel="0,0,0" mass="1" elasticityCoef="1" ang="90,0,0" color="0,220,0" radius="0.5" length="4" />
		<capsule pos="14.949999999999996,38.5,39.1" vel="0,0,0" mass="1" elasticityCoef="1" ang="90,0,0" color="0,220,0" radius="0.5" length="4" />
		<capsule pos="14.949999999999996,38.5,41.4" vel="0,0,0" mass="1" elasticityCoef="1" ang="90,0,0" color="0,220,0" radius="0.5" length="4" />
		<capsule pos="14.949999999999996,44.0,-43.699999999999996" vel="0,0,0" mass="1" elasticityCoef="1" ang="90,0,0" color="0,220,0" radius="0.5" length="4" />
		<capsule pos="14.949999999999996,44.0,-41.4" vel="0,0,0" mass="1" elasticityCoef="1" ang="90,0,0" color="0,220,0" radius="0.5" length="4" />
		<capsule pos="14.949999999999996,44.0,-39.099999999999994" vel="0,0,0" mass="1" elasticityCoef="1" ang="90,0,0" color="0,220,0" radius="0.5" length="4" />
		<capsule pos="14.949999999999996,44.0,-36.8" vel="0,0,0" mass="1" elasticityCoef="1" ang="90,0,0" color="0,220,0" radius="0.5" length="4" />
		<capsule pos="14.949999999999996,44.0,-34.5" vel="0,0,0" mass="1" elasticityCoef="1" ang="90,0,0" color="0,220,0" radius="0.5" length="4" />
		<capsule pos="14.949999999999996,44.0,-32.199999999999996" vel="0,0,0" mass="1" elasticityCoef="1" ang="90,0,0" color="0,220,0" radius="0.5" length="4" />
		<capsule pos="14.949999999999996,44.0,-29.9" vel="0,0,0" mass="1" elasticityCoef="1" ang="90,0,0" color="0,220,0" radius="0.5" length="4" />
		<capsule pos="14.949999999999996,44.0,-27.599999999999998" vel="0,0,0" mass="1" elasticityCoef="1" ang="90,0,0" color="0,220,0" radius="0.5" length="4" />
		<capsule pos="14.949999999999996,44.0,-25.299999999999997" vel="0,0,0" mass="1" elasticityCoef="1" ang="90,0,0" color="0,220,0" radius="0.5" length="4" />
		<capsule pos="14.949999999999996,44.0,-22.999999999999996" vel="0,0,0" mass="1" elasticityCoef="1" ang="90,0,0" color="0,220,0" radius="0.5" length="4" />
		<capsule pos="14.949999999999996,44.0,-20.699999999999996" vel="0,0,0" mass="1" elasticityCoef="1" ang="90,0,0" color="0,220,0" radius="0.5" length="4" />
		<capsule pos="14.949999999999996,44.0,-18.4" vel="0,0,0" mass="1" elasticityCoef="1" ang="90,0,0" color="0,220,0" radius="0.5" length="4" />
		<capsule pos="14.949999999999996,44.0,-16.099999999999998" vel="0,0,0" mass="1" elasticityCoef="1" ang="90,0,0" color="0,220,0" radius="0.5" length="4" />
		<capsule pos="14.949999999999996,44.0,-13.799999999999997" vel="0,0,0" mass="1" elasticityCoef="1" ang="90,0,0" color="0,220,0" radius="0.5" length="4" />
		<capsule pos="14.949999999999996,44.0,-11.5" vel="0,0,0" mass="1" elasticityCoef="1" ang="90,0,0" color="0,220,0" radius="0.5" length="4" />
		<capsule pos="14.949999999999996,44.0,-9.199999999999996" vel="0,0,0" mass="1" elasticityCoef="1" ang="90,0,0" color="0,220,0" radius="0.5" length="4" />
		<capsule pos="14.949999999999996,44.0,-6.899999999999999" vel="0,0,0" mass="1" elasticityCoef="1" ang="90,0,0" color="0,220,0" radius="0.5" length="4" />
		<capsule pos="14.949999999999996,44.0,-4.600000000000001" vel="0,0,0" mass="1" elasticityCoef="1" ang="90,0,0" color="0,220,0" radius="0.5" length="4" />
		<capsule pos="14.949999999999996,44.0,-2.299999999999997" vel="0,0,0" mass="1" elasticityCoef="1" ang="90,0,0" color="0,220,0" radius="0.5" length="4" />
		<capsule pos="14.949999999999996,44.0,0.0" vel="0,0,0" mass="1" elasticityCoef="1" ang="90,0,0" color="0,220,0" radius="0.5" length="4" />
		<capsule pos="14.949999999999996,44.0,2.3000000000000043" vel="0,0,0" mass="1" elasticityCoef="1" ang="90,0,0" color="0,220,0" radius="0.5" length="4" />
		<capsule pos="14.949999999999996,44.0,4.600000000000001" vel="0,0,0" mass="1" elasticityCoef="1" ang="90,0,0" color="0,220,0" radius="0.5" length="4" />
		<capsule pos="14.949999999999996,44.0,6.899999999999999" vel="0,0,0" mass="1" elasticityCoef="1" ang="90,0,0" color="0,220,0" radius="0.5" length="4" />
		<capsule pos="14.949999999999996,44.0,9.200000000000003" vel="0,0,0" mass="1" elasticityCoef="1" ang="90,0,0" color="0,220,0" radius="0.5" length="4" />
		<capsule pos="14.949999999999996,44.0,11.5" vel="0,0,0" mass="1" elasticityCoef="1" ang="90,0,0" color="0,220,0" radius="0.5" length="4" />
		<capsule pos="14.949999999999996,44.0,13.799999999999997" vel="0,0,0" mass="1" elasticityCoef="1" ang="90,0,0" color="0,220,0" radius="0.5" length="4" />
		<capsule pos="14.949999999999996,44.0,16.1" vel="0,0,0" mass="1" elasticityCoef="1" ang="90,0,0" color="0,220,0" radius="0.5" length="4" />
		<capsule pos="14.949999999999996,44.0,18.4" vel="0,0,0" mass="1" elasticityCoef="1" ang="90,0,0" color="0,220,0" radius="0.5" length="4" />
		<capsule pos="14.949999999999996,44.0,20.699999999999996" vel="0,0,0" mass="1" elasticityCoef="1" ang="90,0,0" color="0,220,0" radius="0.5" length="4" />
		<capsule pos="14.949999999999996,44.0,22.999999999999993" vel="0,0,0" mass="1" elasticityCoef="1" ang="90,0,0" color="0,220,0" radius="0.5" length="4" />
		<capsule pos="14.949999999999996,44.0,25.300000000000004" vel="0,0,0" mass="1" elasticityCoef="1" ang="90,0,0" color="0,220,0" radius="0.5" length="4" />
		<capsule pos="14.949999999999996,44.0,27.6" vel="0,0,0" mass="1" elasticityCoef="1" ang="90,0,0" color="0,220,0" radius="0.5" length="4" />
		<capsule pos="14.949999999999996,44.0,29.9" vel="0,0,0" mass="1" elasticityCoef="1" ang="90,0,0" color="0,220,0" radius="0.5" length="4" />
		<capsule pos="14.949999999999996,44.0,32.199999999999996" vel="0,0,0" mass="1" elasticityCoef="1" ang="90,0,0" color="0,220,0" radius="0.5" length="4" />
		<capsule pos="14.949999999999996,44.0,34.49999999999999" vel="0,0,0" mass="1" elasticityCoef="1" ang="90,0,0" color="0,220,0" radius="0.5" length="4" />
		<capsule pos="14.949999999999996,44.0,36.800000000000004" vel="0,0,0" mass="1" elasticityCoef="1" ang="90,0,0" color="0,220,0" radius="0.5" length="4" />
		<capsule pos="14.949999999999996,44.0,39.1" vel="0,0,0" mass="1" elasticityCoef="1" ang="90,0,0" color="0,220,0" radius="0.5" length="4" />
		<capsule pos="14.949999999999996,44.0,41.4" vel="0,0,0" mass="1" elasticityCoef="1" ang="90,0,0" color="0,220,0" radius="0.5" length="4" />
		<capsule pos="17.25,-49.5,-43.699999999999996" vel="0,0,0" mass="1" elasticityCoef="1" ang="90,0,0" color="0,220,0" radius="0.5" length="4" />
		<capsule pos="17.25,-49.5,-41.4" vel="0,0,0" mass="1" elasticityCoef="1" ang="90,0,0" color="0,220,0" radius="0.5" length="4" />
		<capsule pos="17.25,-49.5,-39.099999999999994" vel="0,0,0" mass="1" elasticityCoef="1" ang="90,0,0" color="0,220,0" radius="0.5" length="4" />
		<capsule pos="17.25,-49.5,-36.8" vel="0,0,0" mass="1" elasticityCoef="1" ang="90,0,0" color="0,220,0" radius="0.5" length="4" />
		<capsule pos="17.25,-49.5,-34.5" vel="0,0,0" mass="1" elasticityCoef="1" ang="90,0,0" color="0,220,0" radius="0.5" length="4" />
		<capsule pos="17.25,-49.5,-32.199999999999996" vel="0,0,0" mass="1" elasticityCoef="1" ang="90,0,0" color="0,220,0" radius="0.5" length="4" />
		<capsule pos="17.25,-49.5,-29.9" vel="0,0,0" mass="1" elasticityCoef="1" ang="90,0,0" color="0,220,0" radius="0.5" length="4" />
		<capsule pos="17.25,-49.5,-27.599999999999998" vel="0,0,0" mass="1" elasticityCoef="1" ang="90,0,0" color="0,220,0" radius="0.5" length="4" />
		<capsule pos="17.25,-49.5,-25.299999999999997" vel="0,0,0" mass="1" elasticityCoef="1" ang="90,0,0" color="0,220,0" radius="0.5" length="4" />
		<capsule pos="17.25,-49.5,-22.999999999999996" vel="0,0,0" mass="1" elasticityCoef="1" ang="90,0,0" color="0,220,0" radius="0.5" length="4" />
		<capsule pos="17.25,-49.5,-20.699999999999996" vel="0,0,0" mass="1" elasticityCoef="1" ang="90,0,0" color="0,220,0" radius="0.5" length="4" />
		<capsule pos="17.25,-49.5,-18.4" vel="0,0,0" mass="1" elasticityCoef="1" ang="90,0,0" color="0,220,0" radius="0.5" length="4" />
		<capsule pos="17.25,-49.5,-16.099999999999998" vel="0,0,0" mass="1" elasticityCoef="1" ang="90,0,0" color="0,220,0" radius="0.5" length="4" />
		<capsule pos="17.25,-49.5,-13.799999999999997" vel="0,0,0" mass="1" elasticityCoef="1" ang="90,0,0" color="0,220,0" radius="0.5" length="4" />
		<capsule pos="17.25,-49.5,-11.5" vel="0,0,0" mass="1" elasticityCoef="1" ang="90,0,0" color="0,220,0" radius="0.5" length="4" />
		<capsule pos="17.25,-49.5,-9.199999999999996" vel="0,0,0" mass="1" elasticityCoef="1" ang="90,0,0" color="0,220,0" radius="0.5" length="4" />
		<capsule pos="17.25,-49.5,-6.899999999999999" vel="0,0,0" mass="1" elasticityCoef="1" ang="90,0,0" color="0,220,0" radius="0.5" length="4" />
		<capsule pos="17.25,-49.5,-4.600000000000001" vel="0,0,0" mass="1" elasticityCoef="1" ang="90,0,0" color="0,220,0" radius="0.5" length="4" />
		<capsule pos="17.25,-49.5,-2.299999999999997" vel="0,0,0" mass="1" elasticityCoef="1" ang="90,0,0" color="0,220,0" radius="0.5" length="4" />
		<capsule pos="17.25,-49.5,0.0" vel="0,0,0" mass="1" elasticityCoef="1" ang="90,0,0" color="0,220,0" radius="0.5" length="4" />
		<capsule pos="17.25,-49.5,2.3000000000000043" vel="0,0,0" mass="1" elasticityCoef="1" ang="90,0,0" color="0,220,0" radius="0.5" length="4" />
		<capsule pos="17.25,-49.5,4.600000000000001" vel="0,0,0" mass="1" elasticityCoef="1" ang="90,0,0" color="0,220,0" radius="0.5" length="4" />
		<capsule pos="17.25,-49.5,6.899999999999999" vel="0,0,0" mass="1" elasticityCoef="1" ang="90,0,0" color="0,220,0" radius="0.5" length="4" />
		<capsule pos="17.25,-49.5,9.200000000000003" vel="0,0,0" mass="1" elasticityCoef="1" ang="90,0,0" color="0,220,0" radius="0.5" length="4" />
		<capsule pos="17.25,-49.5,11.5" vel="0,0,0" mass="1" elasticityCoef="1" ang="90,0,0" color="0,220,0" radius="0.5" length="4" />
		<capsule pos="17.25,-49.5,13.799999999999997" vel="0,0,0" mass="1" elasticityCoef="1" ang="90,0,0" color="0,220,0" radius="0.5" length="4" />
		<capsule pos="17.25,-49.5,16.1" vel="0,0,0" mass="1" elasticityCoef="1" ang="90,0,0" color="0,220,0" radius="0.5" length="4" />
		<capsule pos="17.25,-49.5,18.4" vel="0,0,0" mass="1" elasticityCoef="1" ang="90,0,0" color="0,220,0" radius="0.5" length="4" />
		<capsule pos="17.25,-49.5,20.699999999999996" vel="0,0,0" mass="1" elasticityCoef="1" ang="90,0,0" color="0,220,0" radius="0.5" length="4" />
		<capsule pos="17.25,-49.5,22.999999999999993" vel="0,0,0" mass="1" elasticityCoef="1" ang="90,0,0" color="0,220,0" radius="0.5" length="4" />
		<capsule pos="17.25,-49.5,25.300000000000004" vel="0,0,0" mass="1" elasticityCoef="1" ang="90,0,0" color="0,220,0" radius="0.5" length="4" />
		<capsule pos="17.25,-49.5,27.6" vel="0,0,0" mass="1" elasticityCoef="1" ang="90,0,0" color="0,220,0" radius="0.5" length="4" />
		<capsule pos="17.25,-49.5,29.9" vel="0,0,0" mass="1" elasticityCoef="1" ang="90,0,0" color="0,220,0" radius="0.5" length="4" />
		<capsule pos="17.25,-49.5,32.199999999999996" vel="0,0,0" mass="1" elasticityCoef="1" ang="90,0,0" color="0,220,0" radius="0.5" length="4" />
		<capsule pos="17.25,-49.5,34.49999999999999" vel="0,0,0" mass="1" elasticityCoef="1" ang="90,0,0" color="0,220,0" radius="0.5" length="4" />
		<capsule pos="17.25,-49.5,36.800000000000004" vel="0,0,0" mass="1" elasticityCoef="1" ang="90,0,0" color="0,220,0" radius="0.5" length="4" />
		<capsule pos="17.25,-49.5,39.1" vel="0,0,0" mass="1" elasticityCoef="1" ang="90,0,0" color="0,220,0" radius="0.5" length="4" />
		<capsule pos="17.25,-49.5,41.4" vel="0,0,0" mass="1" elasticityCoef="1" ang="90,0,0" color="0,220,0" radius="0.5" length="4" />
		<capsule pos="17.25,-44.0,-43.699999999999996" vel="0,0,0" mass="1" elasticityCoef="1" ang="90,0,0" color="0,220,0" radius="0.5" length="4" />
		<capsule pos="17.25,-44.0,-41.4" vel="0,0,0" mass="1" elasticityCoef="1" ang="90,0,0" color="0,220,0" radius="0.5" length="4" />
		<capsule pos="17.25,-44.0,-39.099999999999994" vel="0,0,0" mass="1" elasticityCoef="1" ang="90,0,0" color="0,220,0" radius="0.5" length="4" />
		<capsule pos="17.25,-44.0,-36.8" vel="0,0,0" mass="1" elasticityCoef="1" ang="90,0,0" color="0,220,0" radius="0.5" length="4" />
		<capsule pos="17.25,-44.0,-34.5" vel="0,0,0" mass="1" elasticityCoef="1" ang="90,0,0" color="0,220,0" radius="0.5" length="4" />
		<capsule pos="17.25,-44.0,-32.199999999999996" vel="0,0,0" mass="1" elasticityCoef="1" ang="90,0,0" color="0,220,0" radius="0.5" length="4" />
		<capsule pos="17.25,-44.0,-29.9" vel="0,0,0" mass="1" elasticityCoef="1" ang="90,0,0" color="0,220,0" radius="0.5" length="4" />
		<capsule pos="17.25,-44.0,-27.599999999999998" vel="0,0,0" mass="1" elasticityCoef="1" ang="90,0,0" color="0,220,0" radius="0.5" length="4" />
		<capsule pos="17.25,-44.0,-25.299999999999997" vel="0,0,0" mass="1" elasticityCoef="1" ang="90,0,0" color="0,220,0" radius="0.5" length="4" />
		<capsule pos="17.25,-44.0,-22.999999999999996" vel="0,0,0" mass="1" elasticityCoef="1" ang="90,0,0" color="0,220,0" radius="0.5" length="4" />
		<capsule pos="17.25,-44.0,-20.699999999999996" vel="0,0,0" mass="1" elasticityCoef="1" ang="90,0,0" color="0,220,0" radius="0.5" length="4" />
		<capsule pos="17.25,-44.0,-18.4" vel="0,0,0" mass="1" elasticityCoef="1" ang="90,0,0" color="0,220,0" radius="0.5" length="4" />
		<capsule pos="17.25,-44.0,-16.099999999999998" vel="0,0,0" mass="1" elasticityCoef="1" ang="90,0,0" color="0,220,0" radius="0.5" length="4" />
		<capsule pos="17.25,-44.0,-13.799999999999997" vel="0,0,0" mass="1" elasticityCoef="1" ang="90,0,0" color="0,220,0" radius="0.5" length="4" />
		<capsule pos="17.25,-44.0,-11.5" vel="0,0,0" mass="1" elasticityCoef="1" ang="90,0,0" color="0,220,0" radius="0.5" length="4" />
		<capsule pos="17.25,-44.0,-9.199999999999996" vel="0,0,0" mass="1" elasticityCoef="1" ang="90,0,0" color="0,220,0" radius="0.5" length="4" />
		<capsule pos="17.25,-44.0,-6.899999999999999" vel="0,0,0" mass="1" elasticityCoef="1" ang="90,0,0" color="0,220,0" radius="0.5" length="4" />
		<capsule pos="17.25,-44.0,-4.600000000000001" vel="0,0,0" mass="1" elasticityCoef="1" ang="90,0,0" color="0,220,0" radius="0.5" length="4" />
		<capsule pos="17.25,-44.0,-2.299999999999997" vel="0,0,0" mass="1" elasticityCoef="1" ang="90,0,0" color="0,220,0" radius="0.5" length="4" />
		<capsule pos="17.25,-44.0,0.0" vel="0,0,0" mass="1" elasticityCoef="1" ang="90,0,0" color="0,220,0" radius="0.5" length="4" />
		<capsule pos="17.25,-44.0,2.3000000000000043" vel="0,0,0" mass="1" elasticityCoef="1" ang="90,0,0" color="0,220,0" radius="0.5" length="4" />
		<capsule pos="17.25,-44.0,4.600000000000001" vel="0,0,0" mass="1" elasticityCoef="1" ang="90,0,0" color="0,220,0" radius="0.5" length="4" />
		<capsule pos="17.25,-44.0,6.899999999999999" vel="0,0,0" mass="1" elasticityCoef="1" ang="90,0,0" color="0,220,0" radius="0.5" length="4" />
		<capsule pos="17.25,-44.0,9.200000000000003" vel="0,0,0" mass="1" elasticityCoef="1" ang="90,0,0" color="0,220,0" radius="0.5" length="4" />
		<capsule pos="17.25,-44.0,11.5" vel="0,0,0" mass="1" elasticityCoef="1" ang="90,0,0" color="0,220,0" radius="0.5" length="4" />
		<capsule pos="17.25,-44.0,13.799999999999997" vel="0,0,0" mass="1" elasticityCoef="1" ang="90,0,0" color="0,220,0" radius="0.5" length="4" />
		<capsule pos="17.25,-44.0,16.1" vel="0,0,0" mass="1" elasticityCoef="1" ang="90,0,0" color="0,220,0" radius="0.5" length="4" />
		<capsule pos="17.25,-44.0,18.4" vel="0,0,0" mass="1" elasticityCoef="1" ang="90,0,0" color="0,220,0" radius="0.5" length="4" />
		<capsule pos="17.25,-44.0,20.699999999999996" vel="0,0,0" mass="1" elasticityCoef="1" ang="90,0,0" color="0,220,0" radius="0.5" length="4" />
		<capsule pos="17.25,-44.0,22.999999999999993" vel="0,0,0" mass="1" elasticityCoef="1" ang="90,0,0" color="0,220,0" radius="0.5" length="4" />
		<capsule pos="17.25,-44.0,25.300000000000004" vel="0,0,0" mass="1" elasticityCoef="1" ang="90,0,0" color="0,220,0" radius="0.5" length="4" />
		<capsule pos="17.25,-44.0,27.6" vel="0,0,0" mass="1" elasticityCoef="1" ang="90,0,0" color="0,220,0" radius="0.5" length="4" />
		<capsule pos="17.25,-44.0,29.9" vel="0,0,0" mass="1" elasticityCoef="1" ang="90,0,0" color="0,220,0" radius="0.5" length="4" />
		<capsule pos="17.25,-44.0,32.199999999999996" vel="0,0,0" mass="1" elasticityCoef="1" ang="90,0,0" color="0,220,0" radius="0.5" length="4" />
		<capsule pos="17.25,-44.0,34.49999999999999" vel="0,0,0" mass="1" elasticityCoef="1" ang="90,0,0" color="0,220,0" radius="0.5" length="4" />
		<capsule pos="17.25,-44.0,36.800000000000004" vel="0,0,0" mass="1" elasticityCoef="1" ang="90,0,0" color="0,220,0" radius="0.5" length="4" />
		<capsule pos="17.25,-44.0,39.1" vel="0,0,0" mass="1" elasticityCoef="1" ang="90,0,0" color="0,220,0" radius="0.5" length="4" />
		<capsule pos="17.25,-44.0,41.4" vel="0,0,0" mass="1" elasticityCoef="1" ang="90,0,0" color="0,220,0" radius="0.5" length="4" />
		<capsule pos="17.25,-38.5,-43.699999999999996" vel="0,0,0" mass="1" elasticityCoef="1" ang="90,0,0" color="0,220,0" radius="0.5" length="4" />
		<capsule pos="17.25,-38.5,-41.4" vel="0,0,0" mass="1" elasticityCoef="1" ang="90,0,0" color="0,220,0" radius="0.5" length="4" />
		<capsule pos="17.25,-38.5,-39.099999999999994" vel="0,0,0" mass="1" elasticityCoef="1" ang="90,0,0" color="0,220,0" radius="0.5" length="4" />
		<capsule pos="17.25,-38.5,-36.8" vel="0,0,0" mass="1" elasticityCoef="1" ang="90,0,0" color="0,220,0" radius="0.5" length="4" />
		<capsule pos="17.25,-38.5,-34.5" vel="0,0,0" mass="1" elasticityCoef="1" ang="90,0,0" color="0,220,0" radius="0.5" length="4" />
		<capsule pos="17.25,-38.5,-32.199999999999996" vel="0,0,0" mass="1" elasticityCoef="1" ang="90,0,0" color="0,220,0" radius="0.5" length="4" />
		<capsule pos="17.25,-38.5,-29.9" vel="0,0,0" mass="1" elasticityCoef="1" ang="90,0,0" color="0,220,0" radius="0.5" length="4" />
		<capsule pos="17.25,-38.5,-27.599999999999998" vel="0,0,0" mass="1" elasticityCoef="1" ang="90,0,0" color="0,220,0" radius="0.5" length="4" />
		<capsule pos="17.25,-38.5,-25.299999999999997" vel="0,0,0" mass="1" elasticityCoef="1" ang="90,0,0" color="0,220,0" radius="0.5" length="4" />
		<capsule pos="17.25,-38.5,-22.999999999999996" vel="0,0,0" mass="1" elasticityCoef="1" ang="90,0,0" color="0,220,0" radius="0.5" length="4" />
		<capsule pos="17.25,-38.5,-20.699999999999996" vel="0,0,0" mass="1" elasticityCoef="1" ang="90,0,0" color="0,220,0" radius="0.5" length="4" />
		<capsule pos="17.25,-38.5,-18.4" vel="0,0,0" mass="1" elasticityCoef="1" ang="90,0,0" color="0,220,0" radius="0.5" length="4" />
		<capsule pos="17.25,-38.5,-16.099999999999998" vel="0,0,0" mass="1" elasticityCoef="1" ang="90,0,0" color="0,220,0" radius="0.5" length="4" />
		<capsule pos="17.25,-38.5,-13.799999999999997" vel="0,0,0" mass="1" elasticityCoef="1" ang="90,0,0" color="0,220,0" radius="0.5" length="4" />
		<capsule pos="17.25,-38.5,-11.5" vel="0,0,0" mass="1" elasticityCoef="1" ang="90,0,0" color="0,220,0" radius="0.5" length="4" />
		<capsule pos="17.25,-38.5,-9.199999999999996" vel="0,0,0" mass="1" elasticityCoef="1" ang="90,0,0" color="0,220,0" radius="0.5" length="4" />
		<capsule pos="17.25,-38.5,-6.899999999999999" vel="0,0,0" mass="1" elasticityCoef="1" ang="90,0,0" color="0,220,0" radius="0.5" length="4" />
		<capsule pos="17.25,-38.5,-4.600000000000001" vel="0,0,0" mass="1" elasticityCoef="1" ang="90,0,0" color="0,220,0" radius="0.5" length="4" />
		<capsule pos="17.25,-38.5,-2.299999999999997" vel="0,0,0" mass="1" elasticityCoef="1" ang="90,0,0" color="0,220,0" radius="0.5" length="4" />
		<capsule pos="17.25,-38.5,0.0" vel="0,0,0" mass="1" elasticityCoef="1" ang="90,0,0" color="0,220,0" radius="0.5" length="4" />
		<capsule pos="17.25,-38.5,2.3000000000000043" vel="0,0,0" mass="1" elasticityCoef="1" ang="90,0,0" color="0,220,0" radius="0.5" length="4" />
		<capsule pos="17.25,-38.5,4.600000000000001" vel="0,0,0" mass="1" elasticityCoef="1" ang="90,0,0" color="0,220,0" radius="0.5" length="4" />
		<capsule pos="17.25,-38.5,6.899999999999999" vel="0,0,0" mass="1" elasticityCoef="1" ang="90,0,0" color="0,220,0" radius="0.5" length="4" />
		<capsule pos="17.25,-38.5,9.200000000000003" vel="0,0,0" mass="1" elasticityCoef="1" ang="90,0,0" color="0,220,0" radius="0.5" length="4" />
		<capsule pos="17.25,-38.5,11.5" vel="0,0,0" mass="1" elasticityCoef="1" ang="90,0,0" color="0,220,0" radius="0.5" length="4" />
		<capsule pos="17.25,-38.5,13.799999999999997" vel="0,0,0" mass="1" elasticityCoef="1" ang="90,0,0" color="0,220,0" radius="0.5" length="4" />
		<capsule pos="17.25,-38.5,16.1" vel="0,0,0" mass="1" elasticityCoef="1" ang="90,0,0" color="0,220,0" radius="0.5" length="4" />
		<capsule pos="17.25,-38.5,18.4" vel="0,0,0" mass="1" elasticityCoef="1" ang="90,0,0" color="0,220,0" radius="0.5" length="4" />
		<capsule pos="17.25,-38.5,20.699999999999996" vel="0,0,0" mass="1" elasticityCoef="1" ang="90,0,0" color="0,220,0" radius="0.5" length="4" />
		<capsule pos="17.25,-38.5,22.999999999999993" vel="0,0,0" mass="1" elasticityCoef="1" ang="90,0,0" color="0,220,0" radius="0.5" length="4" />
		<capsule pos="17.25,-38.5,25.300000000000004" vel="0,0,0" mass="1" elasticityCoef="1" ang="90,0,0" color="0,220,0" radius="0.5" length="4" />
		<capsule pos="17.25,-38.5,27.6" vel="0,0,0" mass="1" elasticityCoef="1" ang="90,0,0" color="0,220,0" radius="0.5" length="4" />
		<capsule pos="17.25,-38.5,29.9" vel="0,0,0" mass="1" elasticityCoef="1" ang="90,0,0" color="0,220,0" radius="0.5" length="4" />
		<capsule pos="17.25,-38.5,32.199999999999996" vel="0,0,0" mass="1" elasticityCoef="1" ang="90,0,0" color="0,220,0" radius="0.5" length="4" />
		<capsule pos="17.25,-38.5,34.49999999999999" vel="0,0,0" mass="1" elasticityCoef="1" ang="90,0,0" color="0,220,0" radius="0.5" length="4" />
		<capsule pos="17.25,-38.5,36.800000000000004" vel="0,0,0" mass="1" elasticityCoef="1" ang="90,0,0" color="0,220,0" radius="0.5" length="4" />
		<capsule pos="17.25,-38.5,39.1" vel="0,0,0" mass="1" elasticityCoef="1" ang="90,0,0" color="0,220,0" radius="0.5" length="4" />
		<capsule pos="17.25,-38.5,41.4" vel="0,0,0" mass="1" elasticityCoef="1" ang="90,0,0" color="0,220,0" radius="0.5" length="4" />
		<capsule pos="17.25,-33.0,-43.699999999999996" vel="0,0,0" mass="1" elasticityCoef="1" ang="90,0,0" color="0,220,0" radius="0.5" length="4" />
		<capsule pos="17.25,-33.0,-41.4" vel="0,0,0" mass="1" elasticityCoef="1" ang="90,0,0" color="0,220,0" radius="0.5" length="4" />
		<capsule pos="17.25,-33.0,-39.099999999999994" vel="0,0,0" mass="1" elasticityCoef="1" ang="90,0,0" color="0,220,0" radius="0.5" length="4" />
		<capsule pos="17.25,-33.0,-36.8" vel="0,0,0" mass="1" elasticityCoef="1" ang="90,0,0" color="0,220,0" radius="0.5" length="4" />
		<capsule pos="17.25,-33.0,-34.5" vel="0,0,0" mass="1" elasticityCoef="1" ang="90,0,0" color="0,220,0" radius="0.5" length="4" />
		<capsule pos="17.25,-33.0,-32.199999999999996" vel="0,0,0" mass="1" elasticityCoef="1" ang="90,0,0" color="0,220,0" radius="0.5" length="4" />
		<capsule pos="17.25,-33.0,-29.9" vel="0,0,0" mass="1" elasticityCoef="1" ang="90,0,0" color="0,220,0" radius="0.5" length="4" />
		<capsule pos="17.25,-33.0,-27.599999999999998" vel="0,0,0" mass="1" elasticityCoef="1" ang="90,0,0" color="0,220,0" radius="0.5" length="4" />
		<capsule pos="17.25,-33.0,-25.299999999999997" vel="0,0,0" mass="1" elasticityCoef="1" ang="90,0,0" color="0,220,0" radius="0.5" length="4" />
		<capsule pos="17.25,-33.0,-22.999999999999996" vel="0,0,0" mass="1" elasticityCoef="1" ang="90,0,0" color="0,220,0" radius="0.5" length="4" />
		<capsule pos="17.25,-33.0,-20.699999999999996" vel="0,0,0" mass="1" elasticityCoef="1" ang="90,0,0" color="0,220,0" radius="0.5" length="4" />
		<capsule pos="17.25,-33.0,-18.4" vel="0,0,0" mass="1" elasticityCoef="1" ang="90,0,0" color="0,220,0" radius="0.5" length="4" />
		<capsule pos="17.25,-33.0,-16.099999999999998" vel="0,0,0" mass="1" elasticityCoef="1" ang="90,0,0" color="0,220,0" radius="0.5" length="4" />
		<capsule pos="17.25,-33.0,-13.799999999999997" vel="0,0,0" mass="1" elasticityCoef="1" ang="90,0,0" color="0,220,0" radius="0.5" length="4" />
		<capsule pos="17.25,-33.0,-11.5" vel="0,0,0" mass="1" elasticityCoef="1" ang="90,0,0" color="0,220,0" radius="0.5" length="4" />
		<capsule pos="17.25,-33.0,-9.199999999999996" vel="0,0,0" mass="1" elasticityCoef="1" ang="90,0,0" color="0,220,0" radius="0.5" length="4" />
		<capsule pos="17.25,-33.0,-6.899999999999999" vel="0,0,0" mass="1" elasticityCoef="1" ang="90,0,0" color="0,220,0" radius="0.5" length="4" />
		<capsule pos="17.25,-33.0,-4.600000000000001" vel="0,0,0" mass="1" elasticityCoef="1" ang="90,0,0" color="0,220,0" radius="0.5" length="4" />
		<capsule pos="17.25,-33.0,-2.299999999999997" vel="0,0,0" mass="1" elasticityCoef="1" ang="90,0,0" color="0,220,0" radius="0.5" length="4" />
		<capsule pos="17.25,-33.0,0.0" vel="0,0,0" mass="1" elasticityCoef="1" ang="90,0,0" color="0,220,0" radius="0.5" length="4" />
		<capsule pos="17.25,-33.0,2.3000000000000043" vel="0,0,0" mass="1" elasticityCoef="1" ang="90,0,0" color="0,220,0" radius="0.5" length="4" />
		<capsule pos="17.25,-33.0,4.600000000000001" vel="0,0,0" mass="1" elasticityCoef="1" ang="90,0,0" color="0,220,0" radius="0.5" length="4" />
		<capsule pos="17.25,-33.0,6.899999999999999" vel="0,0,0" mass="1" elasticityCoef="1" ang="90,0,0" color="0,220,0" radius="0.5" length="4" />
		<capsule pos="17.25,-33.0,9.200000000000003" vel="0,0,0" mass="1" elasticityCoef="1" ang="90,0,0" color="0,220,0" radius="0.5" length="4" />
		<capsule pos="17.25,-33.0,11.5" vel="0,0,0" mass="1" elasticityCoef="1" ang="90,0,0" color="0,220,0" radius="0.5" length="4" />
		<capsule pos="17.25,-33.0,13.799999999999997" vel="0,0,0" mass="1" elasticityCoef="1" ang="90,0,0" color="0,220,0" radius="0.5" length="4" />
		<capsule pos="17.25,-33.0,16.1" vel="0,0,0" mass="1" elasticityCoef="1" ang="90,0,0" color="0,220,0" radius="0.5" length="4" />
		<capsule pos="17.25,-33.0,18.4" vel="0,0,0" mass="1" elasticityCoef="1" ang="90,0,0" color="0,220,0" radius="0.5" length="4" />
		<capsule pos="17.25,-33.0,20.699999999999996" vel="0,0,0" mass="1" elasticityCoef="1" ang="90,0,0" color="0,220,0" radius="0.5" length="4" />
		<capsule pos="17.25,-33.0,22.999999999999993" vel="0,0,0" mass="1" elasticityCoef="1" ang="90,0,0" color="0,220,0" radius="0.5" length="4" />
		<capsule pos="17.25,-33.0,25.300000000000004" vel="0,0,0" mass="1" elasticityCoef="1" ang="90,0,0" color="0,220,0" radius="0.5" length="4" />
		<capsule pos="17.25,-33.0,27.6" vel="0,0,0" mass="1" elasticityCoef="1" ang="90,0,0" color="0,220,0" radius="0.5" length="4" />
		<capsule pos="17.25,-33.0,29.9" vel="0,0,0" mass="1" elasticityCoef="1" ang="90,0,0" color="0,220,0" radius="0.5" length="4" />
		<capsule pos="17.25,-33.0,32.199999999999996" vel="0,0,0" mass="1" elasticityCoef="1" ang="90,0,0" color="0,220,0" radius="0.5" length="4" />
		<capsule pos="17.25,-33.0,34.49999999999999" vel="0,0,0" mass="1" elasticityCoef="1" ang="90,0,0" color="0,220,0" radius="0.5" length="4" />
		<capsule pos="17.25,-33.0,36.800000000000004" vel="0,0,0" mass="1" elasticityCoef="1" ang="90,0,0" color="0,220,0" radius="0.5" length="4" />
		<capsule pos="17.25,-33.0,39.1" vel="0,0,0" mass="1" elasticityCoef="1" ang="90,0,0" color="0,220,0" radius="0.5" length="4" />
		<capsule pos="17.25,-33.0,41.4" vel="0,0,0" mass="1" elasticityCoef="1" ang="90,0,0" color="0,220,0" radius="0.5" length="4" />
		<capsule pos="17.25,-27.5,-43.699999999999996" vel="0,0,0" mass="1" elasticityCoef="1" ang="90,0,0" color="0,220,0" radius="0.5" length="4" />
		<capsule pos="17.25,-27.5,-41.4" vel="0,0,0" mass="1" elasticityCoef="1" ang="90,0,0" color="0,220,0" radius="0.5" length="4" />
		<capsule pos="17.25,-27.5,-39.099999999999994" vel="0,0,0" mass="1" elasticityCoef="1" ang="90,0,0" color="0,220,0" radius="0.5" length="4" />
		<capsule pos="17.25,-27.5,-36.8" vel="0,0,0" mass="1" elasticityCoef="1" ang="90,0,0" color="0,220,0" radius="0.5" length="4" />
		<capsule pos="17.25,-27.5,-34.5" vel="0,0,0" mass="1" elasticityCoef="1" ang="90,0,0" color="0,220,0" radius="0.5" length="4" />
		<capsule pos="17.25,-27.5,-32.199999999999996" vel="0,0,0" mass="1" elasticityCoef="1" ang="90,0,0" color="0,220,0" radius="0.5" length="4" />
		<capsule pos="17.25,-27.5,-29.9" vel="0,0,0" mass="1" elasticityCoef="1" ang="90,0,0" color="0,220,0" radius="0.5" length="4" />
		<capsule pos="17.25,-27.5,-27.599999999999998" vel="0,0,0" mass="1" elasticityCoef="1" ang="90,0,0" color="0,220,0" radius="0.5" length="4" />
		<capsule pos="17.25,-27.5,-25.299999999999997" vel="0,0,0" mass="1" elasticityCoef="1" ang="90,0,0" color="0,220,0" radius="0.5" length="4" />
		<capsule pos="17.25,-27.5,-22.999999999999996" vel="0,0,0" mass="1" elasticityCoef="1" ang="90,0,0" color="0,220,0" radius="0.5" length="4" />
		<capsule pos="17.25,-27.5,-20.699999999999996" vel="0,0,0" mass="1" elasticityCoef="1" ang="90,0,0" color="0,220,0" radius="0.5" length="4" />
		<capsule pos="17.25,-27.5,-18.4" vel="0,0,0" mass="1" elasticityCoef="1" ang="90,0,0" color="0,220,0" radius="0.5" length="4" />
		<capsule pos="17.25,-27.5,-16.099999999999998" vel="0,0,0" mass="1" elasticityCoef="1" ang="90,0,0" color="0,220,0" radius="0.5" length="4" />
		<capsule pos="17.25,-27.5,-13.799999999999997" vel="0,0,0" mass="1" elasticityCoef="1" ang="90,0,0" color="0,220,0" radius="0.5" length="4" />
		<capsule pos="17.25,-27.5,-11.5" vel="0,0,0" mass="1" elasticityCoef="1" ang="90,0,0" color="0,220,0" radius="0.5" length="4" />
		<capsule pos="17.25,-27.5,-9.199999999999996" vel="0,0,0" mass="1" elasticityCoef="1" ang="90,0,0" color="0,220,0" radius="0.5" length="4" />
		<capsule pos="17.25,-27.5,-6.899999999999999" vel="0,0,0" mass="1" elasticityCoef="1" ang="90,0,0" color="0,220,0" radius="0.5" length="4" />
		<capsule pos="17.25,-27.5,-4.600000000000001" vel="0,0,0" mass="1" elasticityCoef="1" ang="90,0,0" color="0,220,0" radius="0.5" length="4" />
		<capsule pos="17.25,-27.5,-2.299999999999997" vel="0,0,0" mass="1" elasticityCoef="1" ang="90,0,0" color="0,220,0" radius="0.5" length="4" />
		<capsule pos="17.25,-27.5,0.0" vel="0,0,0" mass="1" elasticityCoef="1" ang="90,0,0" color="0,220,0" radius="0.5" length="4" />
		<capsule pos="17.25,-27.5,2.3000000000000043" vel="0,0,0" mass="1" elasticityCoef="1" ang="90,0,0" color="0,220,0" radius="0.5" length="4" />
		<capsule pos="17.25,-27.5,4.600000000000001" vel="0,0,0" mass="1" elasticityCoef="1" ang="90,0,0" color="0,220,0" radius="0.5" length="4" />
		<capsule pos="17.25,-27.5,6.899999999999999" vel="0,0,0" mass="1" elasticityCoef="1" ang="90,0,0" color="0,220,0" radius="0.5" length="4" />
		<capsule pos="17.25,-27.5,9.200000000000003" vel="0,0,0" mass="1" elasticityCoef="1" ang="90,0,0" color="0,220,0" radius="0.5" length="4" />
		<capsule pos="17.25,-27.5,11.5" vel="0,0,0" mass="1" elasticityCoef="1" ang="90,0,0" color="0,220,0" radius="0.5" length="4" />
		<capsule pos="17.25,-27.5,13.799999999999997" vel="0,0,0" mass="1" elasticityCoef="1" ang="90,0,0" color="0,220,0" radius="0.5" length="4" />
		<capsule pos="17.25,-27.5,16.1" vel="0,0,0" mass="1" elasticityCoef="1" ang="90,0,0" color="0,220,0" radius="0.5" length="4" />
		<capsule pos="17.25,-27.5,18.4" vel="0,0,0" mass="1" elasticityCoef="1" ang="90,0,0" color="0,220,0" radius="0.5" length="4" />
		<capsule pos="17.25,-27.5,20.699999999999996" vel="0,0,0" mass="1" elasticityCoef="1" ang="90,0,0" color="0,220,0" radius="0.5" length="4" />
		<capsule pos="17.25,-27.5,22.999999999999993" vel="0,0,0" mass="1" elasticityCoef="1" ang="90,0,0" color="0,220,0" radius="0.5" length="4" />
		<capsule pos="17.25,-27.5,25.300000000000004" vel="0,0,0" mass="1" elasticityCoef="1" ang="90,0,0" color="0,220,0" radius="0.5" length="4" />
		<capsule pos="17.25,-27.5,27.6" vel="0,0,0" mass="1" elasticityCoef="1" ang="90,0,0" color="0,220,0" radius="0.5" length="4" />
		<capsule pos="17.25,-27.5,29.9" vel="0,0,0" mass="1" elasticityCoef="1" ang="90,0,0" color="0,220,0" radius="0.5" length="4" />
		<capsule pos="17.25,-27.5,32.199999999999996" vel="0,0,0" mass="1" elasticityCoef="1" ang="90,0,0" color="0,220,0" radius="0.5" length="4" />
		<capsule pos="17.25,-27.5,34.49999999999999" vel="0,0,0" mass="1" elasticityCoef="1" ang="90,0,0" color="0,220,0" radius="0.5" length="4" />
		<capsule pos="17.25,-27.5,36.800000000000004" vel="0,0,0" mass="1" elasticityCoef="1" ang="90,0,0" color="0,220,0" radius="0.5" length="4" />
		<capsule pos="17.25,-27.5,39.1" vel="0,0,0" mass="1" elasticityCoef="1" ang="90,0,0" color="0,220,0" radius="0.5" length="4" />
		<capsule pos="17.25,-27.5,41.4" vel="0,0,0" mass="1" elasticityCoef="1" ang="90,0,0" color="0,220,0" radius="0.5" length="4" />
		<capsule pos="17.25,-22.0,-43.699999999999996" vel="0,0,0" mass="1" elasticityCoef="1" ang="90,0,0" color="0,220,0" radius="0.5" length="4" />
		<capsule pos="17.25,-22.0,-41.4" vel="0,0,0" mass="1" elasticityCoef="1" ang="90,0,0" color="0,220,0" radius="0.5" length="4" />
		<capsule pos="17.25,-22.0,-39.099999999999994" vel="0,0,0" mass="1" elasticityCoef="1" ang="90,0,0" color="0,220,0" radius="0.5" length="4" />
		<capsule pos="17.25,-22.0,-36.8" vel="0,0,0" mass="1" elasticityCoef="1" ang="90,0,0" color="0,220,0" radius="0.5" length="4" />
		<capsule pos="17.25,-22.0,-34.5" vel="0,0,0" mass="1" elasticityCoef="1" ang="90,0,0" color="0,220,0" radius="0.5" length="4" />
		<capsule pos="17.25,-22.0,-32.199999999999996" vel="0,0,0" mass="1" elasticityCoef="1" ang="90,0,0" color="0,220,0" radius="0.5" length="4" />
		<capsule pos="17.25,-22.0,-29.9" vel="0,0,0" mass="1" elasticityCoef="1" ang="90,0,0" color="0,220,0" radius="0.5" length="4" />
		<capsule pos="17.25,-22.0,-27.599999999999998" vel="0,0,0" mass="1" elasticityCoef="1" ang="90,0,0" color="0,220,0" radius="0.5" length="4" />
		<capsule pos="17.25,-22.0,-25.299999999999997" vel="0,0,0" mass="1" elasticityCoef="1" ang="90,0,0" color="0,220,0" radius="0.5" length="4" />
		<capsule pos="17.25,-22.0,-22.999999999999996" vel="0,0,0" mass="1" elasticityCoef="1" ang="90,0,0" color="0,220,0" radius="0.5" length="4" />
		<capsule pos="17.25,-22.0,-20.699999999999996" vel="0,0,0" mass="1" elasticityCoef="1" ang="90,0,0" color="0,220,0" radius="0.5" length="4" />
		<capsule pos="17.25,-22.0,-18.4" vel="0,0,0" mass="1" elasticityCoef="1" ang="90,0,0" color="0,220,0" radius="0.5" length="4" />
		<capsule pos="17.25,-22.0,-16.099999999999998" vel="0,0,0" mass="1" elasticityCoef="1" ang="90,0,0" color="0,220,0" radius="0.5" length="4" />
		<capsule pos="17.25,-22.0,-13.799999999999997" vel="0,0,0" mass="1" elasticityCoef="1" ang="90,0,0" color="0,220,0" radius="0.5" length="4" />
		<capsule pos="17.25,-22.0,-11.5" vel="0,0,0" mass="1" elasticityCoef="1" ang="90,0,0" color="0,220,0" radius="0.5" length="4" />
		<capsule pos="17.25,-22.0,-9.199999999999996" vel="0,0,0" mass="1" elasticityCoef="1" ang="90,0,0" color="0,220,0" radius="0.5" length="4" />
		<capsule pos="17.25,-22.0,-6.899999999999999" vel="0,0,0" mass="1" elasticityCoef="1" ang="90,0,0" color="0,220,0" radius="0.5" length="4" />
		<capsule pos="17.25,-22.0,-4.600000000000001" vel="0,0,0" mass="1" elasticityCoef="1" ang="90,0,0" color="0,220,0" radius="0.5" length="4" />
		<capsule pos="17.25,-22.0,-2.299999999999997" vel="0,0,0" mass="1" elasticityCoef="1" ang="90,0,0" color="0,220,0" radius="0.5" length="4" />
		<capsule pos="17.25,-22.0,0.0" vel="0,0,0" mass="1" elasticityCoef="1" ang="90,0,0" color="0,220,0" radius="0.5" length="4" />
		<capsule pos="17.25,-22.0,2.3000000000000043" vel="0,0,0" mass="1" elasticityCoef="1" ang="90,0,0" color="0,220,0" radius="0.5" length="4" />
		<capsule pos="17.25,-22.0,4.600000000000001" vel="0,0,0" mass="1" elasticityCoef="1" ang="90,0,0" color="0,220,0" radius="0.5" length="4" />
		<capsule pos="17.25,-22.0,6.899999999999999" vel="0,0,0" mass="1" elasticityCoef="1" ang="90,0,0" color="0,220,0" radius="0.5" length="4" />
		<capsule pos="17.25,-22.0,9.200000000000003" vel="0,0,0" mass="1" elasticityCoef="1" ang="90,0,0" color="0,220,0" radius="0.5" length="4" />
		<capsule pos="17.25,-22.0,11.5" vel="0,0,0" mass="1" elasticityCoef="1" ang="90,0,0" color="0,220,0" radius="0.5" length="4" />
		<capsule pos="17.25,-22.0,13.799999999999997" vel="0,0,0" mass="1" elasticityCoef="1" ang="90,0,0" color="0,220,0" radius="0.5" length="4" />
		<capsule pos="17.25,-22.0,16.1" vel="0,0,0" mass="1" elasticityCoef="1" ang="90,0,0" color="0,220,0" radius="0.5" length="4" />
		<capsule pos="17.25,-22.0,18.4" vel="0,0,0" mass="1" elasticityCoef="1" ang="90,0,0" color="0,220,0" radius="0.5" length="4" />
		<capsule pos="17.25,-22.0,20.699999999999996" vel="0,0,0" mass="1" elasticityCoef="1" ang="90,0,0" color="0,220,0" radius="0.5" length="4" />
		<capsule pos="17.25,-22.0,22.999999999999993" vel="0,0,0" mass="1" elasticityCoef="1" ang="90,0,0" color="0,220,0" radius="0.5" length="4" />
		<capsule pos="17.25,-22.0,25.300000000000004" vel="0,0,0" mass="1" elasticityCoef="1" ang="90,0,0" color="0,220,0" radius="0.5" length="4" />
		<capsule pos="17.25,-22.0,27.6" vel="0,0,0" mass="1" elasticityCoef="1" ang="90,0,0" color="0,220,0" radius="0.5" length="4" />
		<capsule pos="17.25,-22.0,29.9" vel="0,0,0" mass="1" elasticityCoef="1" ang="90,0,0" color="0,220,0" radius="0.5" length="4" />
		<capsule pos="17.25,-22.0,32.199999999999996" vel="0,0,0" mass="1" elasticityCoef="1" ang="90,0,0" color="0,220,0" radius="0.5" length="4" />
		<capsule pos="17.25,-22.0,34.49999999999999" vel="0,0,0" mass="1" elasticityCoef="1" ang="90,0,0" color="0,220,0" radius="0.5" length="4" />
		<capsule pos="17.25,-22.0,36.800000000000004" vel="0,0,0" mass="1" elasticityCoef="1" ang="90,0,0" color="0,220,0" radius="0.5" length="4" />
		<capsule pos="17.25,-22.0,39.1" vel="0,0,0" mass="1" elasticityCoef="1" ang="90,0,0" color="0,220,0" radius="0.5" length="4" />
		<capsule pos="17.25,-22.0,41.4" vel="0,0,0" mass="1" elasticityCoef="1" ang="90,0,0" color="0,220,0" radius="0.5" length="4" />
		<capsule pos="17.25,-16.5,-43.699999999999996" vel="0,0,0" mass="1" elasticityCoef="1" ang="90,0,0" color="0,220,0" radius="0.5" length="4" />
		<capsule pos="17.25,-16.5,-41.4" vel="0,0,0" mass="1" elasticityCoef="1" ang="90,0,0" color="0,220,0" radius="0.5" length="4" />
		<capsule pos="17.25,-16.5,-39.099999999999994" vel="0,0,0" mass="1" elasticityCoef="1" ang="90,0,0" color="0,220,0" radius="0.5" length="4" />
		<capsule pos="17.25,-16.5,-36.8" vel="0,0,0" mass="1" elasticityCoef="1" ang="90,0,0" color="0,220,0" radius="0.5" length="4" />
		<capsule pos="17.25,-16.5,-34.5" vel="0,0,0" mass="1" elasticityCoef="1" ang="90,0,0" color="0,220,0" radius="0.5" length="4" />
		<capsule pos="17.25,-16.5,-32.199999999999996" vel="0,0,0" mass="1" elasticityCoef="1" ang="90,0,0" color="0,220,0" radius="0.5" length="4" />
		<capsule pos="17.25,-16.5,-29.9" vel="0,0,0" mass="1" elasticityCoef="1" ang="90,0,0" color="0,220,0" radius="0.5" length="4" />
		<capsule pos="17.25,-16.5,-27.599999999999998" vel="0,0,0" mass="1" elasticityCoef="1" ang="90,0,0" color="0,220,0" radius="0.5" length="4" />
		<capsule pos="17.25,-16.5,-25.299999999999997" vel="0,0,0" mass="1" elasticityCoef="1" ang="90,0,0" color="0,220,0" radius="0.5" length="4" />
		<capsule pos="17.25,-16.5,-22.999999999999996" vel="0,0,0" mass="1" elasticityCoef="1" ang="90,0,0" color="0,220,0" radius="0.5" length="4" />
		<capsule pos="17.25,-16.5,-20.699999999999996" vel="0,0,0" mass="1" elasticityCoef="1" ang="90,0,0" color="0,220,0" radius="0.5" length="4" />
		<capsule pos="17.25,-16.5,-18.4" vel="0,0,0" mass="1" elasticityCoef="1" ang="90,0,0" color="0,220,0" radius="0.5" length="4" />
		<capsule pos="17.25,-16.5,-16.099999999999998" vel="0,0,0" mass="1" elasticityCoef="1" ang="90,0,0" color="0,220,0" radius="0.5" length="4" />
		<capsule pos="17.25,-16.5,-13.799999999999997" vel="0,0,0" mass="1" elasticityCoef="1" ang="90,0,0" color="0,220,0" radius="0.5" length="4" />
		<capsule pos="17.25,-16.5,-11.5" vel="0,0,0" mass="1" elasticityCoef="1" ang="90,0,0" color="0,220,0" radius="0.5" length="4" />
		<capsule pos="17.25,-16.5,-9.199999999999996" vel="0,0,0" mass="1" elasticityCoef="1" ang="90,0,0" color="0,220,0" radius="0.5" length="4" />
		<capsule pos="17.25,-16.5,-6.899999999999999" vel="0,0,0" mass="1" elasticityCoef="1" ang="90,0,0" color="0,220,0" radius="0.5" length="4" />
		<capsule pos="17.25,-16.5,-4.600000000000001" vel="0,0,0" mass="1" elasticityCoef="1" ang="90,0,0" color="0,220,0" radius="0.5" length="4" />
		<capsule pos="17.25,-16.5,-2.299999999999997" vel="0,0,0" mass="1" elasticityCoef="1" ang="90,0,0" color="0,220,0" radius="0.5" length="4" />
		<capsule pos="17.25,-16.5,0.0" vel="0,0,0" mass="1" elasticityCoef="1" ang="90,0,0" color="0,220,0" radius="0.5" length="4" />
		<capsule pos="17.25,-16.5,2.3000000000000043" vel="0,0,0" mass="1" elasticityCoef="1" ang="90,0,0" color="0,220,0" radius="0.5" length="4" />
		<capsule pos="17.25,-16.5,4.600000000000001" vel="0,0,0" mass="1" elasticityCoef="1" ang="90,0,0" color="0,220,0" radius="0.5" length="4" />
		<capsule pos="17.25,-16.5,6.899999999999999" vel="0,0,0" mass="1" elasticityCoef="1" ang="90,0,0" color="0,220,0" radius="0.5" length="4" />
		<capsule pos="17.25,-16.5,9.200000000000003" vel="0,0,0" mass="1" elasticityCoef="1" ang="90,0,0" color="0,220,0" radius="0.5" length="4" />
		<capsule pos="17.25,-16.5,11.5" vel="0,0,0" mass="1" elasticityCoef="1" ang="90,0,0" color="0,220,0" radius="0.5" length="4" />
		<capsule pos="17.25,-16.5,13.799999999999997" vel="0,0,0" mass="1" elasticityCoef="1" ang="90,0,0" color="0,220,0" radius="0.5" length="4" />
		<capsule pos="17.25,-16.5,16.1" vel="0,0,0" mass="1" elasticityCoef="1" ang="90,0,0" color="0,220,0" radius="0.5" length="4" />
		<capsule pos="17.25,-16.5,18.4" vel="0,0,0" mass="1" elasticityCoef="1" ang="90,0,0" color="0,220,0" radius="0.5" length="4" />
		<capsule pos="17.25,-16.5,20.699999999999996" vel="0,0,0" mass="1" elasticityCoef="1" ang="90,0,0" color="0,220,0" radius="0.5" length="4" />
		<capsule pos="17.25,-16.5,22.999999999999993" vel="0,0,0" mass="1" elasticityCoef="1" ang="90,0,0" color="0,220,0" radius="0.5" length="4" />
		<capsule pos="17.25,-16.5,25.300000000000004" vel="0,0,0" mass="1" elasticityCoef="1" ang="90,0,0" color="0,220,0" radius="0.5" length="4" />
		<capsule pos="17.25,-16.5,27.6" vel="0,0,0" mass="1" elasticityCoef="1" ang="90,0,0" color="0,220,0" radius="0.5" length="4" />
		<capsule pos="17.25,-16.5,29.9" vel="0,0,0" mass="1" elasticityCoef="1" ang="90,0,0" color="0,220,0" radius="0.5" length="4" />
		<capsule pos="17.25,-16.5,32.199999999999996" vel="0,0,0" mass="1" elasticityCoef="1" ang="90,0,0" color="0,220,0" radius="0.5" length="4" />
		<capsule pos="17.25,-16.5,34.49999999999999" vel="0,0,0" mass="1" elasticityCoef="1" ang="90,0,0" color="0,220,0" radius="0.5" length="4" />
		<capsule pos="17.25,-16.5,36.800000000000004" vel="0,0,0" mass="1" elasticityCoef="1" ang="90,0,0" color="0,220,0" radius="0.5" length="4" />
		<capsule pos="17.25,-16.5,39.1" vel="0,0,0" mass="1" elasticityCoef="1" ang="90,0,0" color="0,220,0" radius="0.5" length="4" />
		<capsule pos="17.25,-16.5,41.4" vel="0,0,0" mass="1" elasticityCoef="1" ang="90,0,0" color="0,220,0" radius="0.5" length="4" />
		<capsule pos="17.25,-11.0,-43.699999999999996" vel="0,0,0" mass="1" elasticityCoef="1" ang="90,0,0" color="0,220,0" radius="0.5" length="4" />
		<capsule pos="17.25,-11.0,-41.4" vel="0,0,0" mass="1" elasticityCoef="1" ang="90,0,0" color="0,220,0" radius="0.5" length="4" />
		<capsule pos="17.25,-11.0,-39.099999999999994" vel="0,0,0" mass="1" elasticityCoef="1" ang="90,0,0" color="0,220,0" radius="0.5" length="4" />
		<capsule pos="17.25,-11.0,-36.8" vel="0,0,0" mass="1" elasticityCoef="1" ang="90,0,0" color="0,220,0" radius="0.5" length="4" />
		<capsule pos="17.25,-11.0,-34.5" vel="0,0,0" mass="1" elasticityCoef="1" ang="90,0,0" color="0,220,0" radius="0.5" length="4" />
		<capsule pos="17.25,-11.0,-32.199999999999996" vel="0,0,0" mass="1" elasticityCoef="1" ang="90,0,0" color="0,220,0" radius="0.5" length="4" />
		<capsule pos="17.25,-11.0,-29.9" vel="0,0,0" mass="1" elasticityCoef="1" ang="90,0,0" color="0,220,0" radius="0.5" length="4" />
		<capsule pos="17.25,-11.0,-27.599999999999998" vel="0,0,0" mass="1" elasticityCoef="1" ang="90,0,0" color="0,220,0" radius="0.5" length="4" />
		<capsule pos="17.25,-11.0,-25.299999999999997" vel="0,0,0" mass="1" elasticityCoef="1" ang="90,0,0" color="0,220,0" radius="0.5" length="4" />
		<capsule pos="17.25,-11.0,-22.999999999999996" vel="0,0,0" mass="1" elasticityCoef="1" ang="90,0,0" color="0,220,0" radius="0.5" length="4" />
		<capsule pos="17.25,-11.0,-20.699999999999996" vel="0,0,0" mass="1" elasticityCoef="1" ang="90,0,0" color="0,220,0" radius="0.5" length="4" />
		<capsule pos="17.25,-11.0,-18.4" vel="0,0,0" mass="1" elasticityCoef="1" ang="90,0,0" color="0,220,0" radius="0.5" length="4" />
		<capsule pos="17.25,-11.0,-16.099999999999998" vel="0,0,0" mass="1" elasticityCoef="1" ang="90,0,0" color="0,220,0" radius="0.5" length="4" />
		<capsule pos="17.25,-11.0,-13.799999999999997" vel="0,0,0" mass="1" elasticityCoef="1" ang="90,0,0" color="0,220,0" radius="0.5" length="4" />
		<capsule pos="17.25,-11.0,-11.5" vel="0,0,0" mass="1" elasticityCoef="1" ang="90,0,0" color="0,220,0" radius="0.5" length="4" />
		<capsule pos="17.25,-11.0,-9.199999999999996" vel="0,0,0" mass="1" elasticityCoef="1" ang="90,0,0" color="0,220,0" radius="0.5" length="4" />
		<capsule pos="17.25,-11.0,-6.899999999999999" vel="0,0,0" mass="1" elasticityCoef="1" ang="90,0,0" color="0,220,0" radius="0.5" length="4" />
		<capsule pos="17.25,-11.0,-4.600000000000001" vel="0,0,0" mass="1" elasticityCoef="1" ang="90,0,0" color="0,220,0" radius="0.5" length="4" />
		<capsule pos="17.25,-11.0,-2.299999999999997" vel="0,0,0" mass="1" elasticityCoef="1" ang="90,0,0" color="0,220,0" radius="0.5" length="4" />
		<capsule pos="17.25,-11.0,0.0" vel="0,0,0" mass="1" elasticityCoef="1" ang="90,0,0" color="0,220,0" radius="0.5" length="4" />
		<capsule pos="17.25,-11.0,2.3000000000000043" vel="0,0,0" mass="1" elasticityCoef="1" ang="90,0,0" color="0,220,0" radius="0.5" length="4" />
		<capsule pos="17.25,-11.0,4.600000000000001" vel="0,0,0" mass="1" elasticityCoef="1" ang="90,0,0" color="0,220,0" radius="0.5" length="4" />
		<capsule pos="17.25,-11.0,6.899999999999999" vel="0,0,0" mass="1" elasticityCoef="1" ang="90,0,0" color="0,220,0" radius="0.5" length="4" />
		<capsule pos="17.25,-11.0,9.200000000000003" vel="0,0,0" mass="1" elasticityCoef="1" ang="90,0,0" color="0,220,0" radius="0.5" length="4" />
		<capsule pos="17.25,-11.0,11.5" vel="0,0,0" mass="1" elasticityCoef="1" ang="90,0,0" color="0,220,0" radius="0.5" length="4" />
		<capsule pos="17.25,-11.0,13.799999999999997" vel="0,0,0" mass="1" elasticityCoef="1" ang="90,0,0" color="0,220,0" radius="0.5" length="4" />
		<capsule pos="17.25,-11.0,16.1" vel="0,0,0" mass="1" elasticityCoef="1" ang="90,0,0" color="0,220,0" radius="0.5" length="4" />
		<capsule pos="17.25,-11.0,18.4" vel="0,0,0" mass="1" elasticityCoef="1" ang="90,0,0" color="0,220,0" radius="0.5" length="4" />
		<capsule pos="17.25,-11.0,20.699999999999996" vel="0,0,0" mass="1" elasticityCoef="1" ang="90,0,0" color="0,220,0" radius="0.5" length="4" />
		<capsule pos="17.25,-11.0,22.999999999999993" vel="0,0,0" mass="1" elasticityCoef="1" ang="90,0,0" color="0,220,0" radius="0.5" length="4" />
		<capsule pos="17.25,-11.0,25.300000000000004" vel="0,0,0" mass="1" elasticityCoef="1" ang="90,0,0" color="0,220,0" radius="0.5" length="4" />
		<capsule pos="17.25,-11.0,27.6" vel="0,0,0" mass="1" elasticityCoef="1" ang="90,0,0" color="0,220,0" radius="0.5" length="4" />
		<capsule pos="17.25,-11.0,29.9" vel="0,0,0" mass="1" elasticityCoef="1" ang="90,0,0" color="0,220,0" radius="0.5" length="4" />
		<capsule pos="17.25,-11.0,32.199999999999996" vel="0,0,0" mass="1" elasticityCoef="1" ang="90,0,0" color="0,220,0" radius="0.5" length="4" />
		<capsule pos="17.25,-11.0,34.49999999999999" vel="0,0,0" mass="1" elasticityCoef="1" ang="90,0,0" color="0,220,0" radius="0.5" length="4" />
		<capsule pos="17.25,-11.0,36.800000000000004" vel="0,0,0" mass="1" elasticityCoef="1" ang="90,0,0" color="0,220,0" radius="0.5" length="4" />
		<capsule pos="17.25,-11.0,39.1" vel="0,0,0" mass="1" elasticityCoef="1" ang="90,0,0" color="0,220,0" radius="0.5" length="4" />
		<capsule pos="17.25,-11.0,41.4" vel="0,0,0" mass="1" elasticityCoef="1" ang="90,0,0" color="0,220,0" radius="0.5" length="4" />
		<capsule pos="17.25,-5.5,-43.699999999999996" vel="0,0,0" mass="1" elasticityCoef="1" ang="90,0,0" color="0,220,0" radius="0.5" length="4" />
		<capsule pos="17.25,-5.5,-41.4" vel="0,0,0" mass="1" elasticityCoef="1" ang="90,0,0" color="0,220,0" radius="0.5" length="4" />
		<capsule pos="17.25,-5.5,-39.099999999999994" vel="0,0,0" mass="1" elasticityCoef="1" ang="90,0,0" color="0,220,0" radius="0.5" length="4" />
		<capsule pos="17.25,-5.5,-36.8" vel="0,0,0" mass="1" elasticityCoef="1" ang="90,0,0" color="0,220,0" radius="0.5" length="4" />
		<capsule pos="17.25,-5.5,-34.5" vel="0,0,0" mass="1" elasticityCoef="1" ang="90,0,0" color="0,220,0" radius="0.5" length="4" />
		<capsule pos="17.25,-5.5,-32.199999999999996" vel="0,0,0" mass="1" elasticityCoef="1" ang="90,0,0" color="0,220,0" radius="0.5" length="4" />
		<capsule pos="17.25,-5.5,-29.9" vel="0,0,0" mass="1" elasticityCoef="1" ang="90,0,0" color="0,220,0" radius="0.5" length="4" />
		<capsule pos="17.25,-5.5,-27.599999999999998" vel="0,0,0" mass="1" elasticityCoef="1" ang="90,0,0" color="0,220,0" radius="0.5" length="4" />
		<capsule pos="17.25,-5.5,-25.299999999999997" vel="0,0,0" mass="1" elasticityCoef="1" ang="90,0,0" color="0,220,0" radius="0.5" length="4" />
		<capsule pos="17.25,-5.5,-22.999999999999996" vel="0,0,0" mass="1" elasticityCoef="1" ang="90,0,0" color="0,220,0" radius="0.5" length="4" />
		<capsule pos="17.25,-5.5,-20.699999999999996" vel="0,0,0" mass="1" elasticityCoef="1" ang="90,0,0" color="0,220,0" radius="0.5" length="4" />
		<capsule pos="17.25,-5.5,-18.4" vel="0,0,0" mass="1" elasticityCoef="1" ang="90,0,0" color="0,220,0" radius="0.5" length="4" />
		<capsule pos="17.25,-5.5,-16.099999999999998" vel="0,0,0" mass="1" elasticityCoef="1" ang="90,0,0" color="0,220,0" radius="0.5" length="4" />
		<capsule pos="17.25,-5.5,-13.799999999999997" vel="0,0,0" mass="1" elasticityCoef="1" ang="90,0,0" color="0,220,0" radius="0.5" length="4" />
		<capsule pos="17.25,-5.5,-11.5" vel="0,0,0" mass="1" elasticityCoef="1" ang="90,0,0" color="0,220,0" radius="0.5" length="4" />
		<capsule pos="17.25,-5.5,-9.199999999999996" vel="0,0,0" mass="1" elasticityCoef="1" ang="90,0,0" color="0,220,0" radius="0.5" length="4" />
		<capsule pos="17.25,-5.5,-6.899999999999999" vel="0,0,0" mass="1" elasticityCoef="1" ang="90,0,0" color="0,220,0" radius="0.5" length="4" />
		<capsule pos="17.25,-5.5,-4.600000000000001" vel="0,0,0" mass="1" elasticityCoef="1" ang="90,0,0" color="0,220,0" radius="0.5" length="4" />
		<capsule pos="17.25,-5.5,-2.299999999999997" vel="0,0,0" mass="1" elasticityCoef="1" ang="90,0,0" color="0,220,0" radius="0.5" length="4" />
		<capsule pos="17.25,-5.5,0.0" vel="0,0,0" mass="1" elasticityCoef="1" ang="90,0,0" color="0,220,0" radius="0.5" length="4" />
		<capsule pos="17.25,-5.5,2.3000000000000043" vel="0,0,0" mass="1" elasticityCoef="1" ang="90,0,0" color="0,220,0" radius="0.5" length="4" />
		<capsule pos="17.25,-5.5,4.600000000000001" vel="0,0,0" mass="1" elasticityCoef="1" ang="90,0,0" color="0,220,0" radius="0.5" length="4" />
		<capsule pos="17.25,-5.5,6.899999999999999" vel="0,0,0" mass="1" elasticityCoef="1" ang="90,0,0" color="0,220,0" radius="0.5" length="4" />
		<capsule pos="17.25,-5.5,9.200000000000003" vel="0,0,0" mass="1" elasticityCoef="1" ang="90,0,0" color="0,220,0" radius="0.5" length="4" />
		<capsule pos="17.25,-5.5,11.5" vel="0,0,0" mass="1" elasticityCoef="1" ang="90,0,0" color="0,220,0" radius="0.5" length="4" />
		<capsule pos="17.25,-5.5,13.799999999999997" vel="0,0,0" mass="1" elasticityCoef="1" ang="90,0,0" color="0,220,0" radius="0.5" length="4" />
		<capsule pos="17.25,-5.5,16.1" vel="0,0,0" mass="1" elasticityCoef="1" ang="90,0,0" color="0,220,0" radius="0.5" length="4" />
		<capsule pos="17.25,-5.5,18.4" vel="0,0,0" mass="1" elasticityCoef="1" ang="90,0,0" color="0,220,0" radius="0.5" length="4" />
		<capsule pos="17.25,-5.5,20.699999999999996" vel="0,0,0" mass="1" elasticityCoef="1" ang="90,0,0" color="0,220,0" radius="0.5" length="4" />
		<capsule pos="17.25,-5.5,22.999999999999993" vel="0,0,0" mass="1" elasticityCoef="1" ang="90,0,0" color="0,220,0" radius="0.5" length="4" />
		<capsule pos="17.25,-5.5,25.300000000000004" vel="0,0,0" mass="1" elasticityCoef="1" ang="90,0,0" color="0,220,0" radius="0.5" length="4" />
		<capsule pos="17.25,-5.5,27.6" vel="0,0,0" mass="1" elasticityCoef="1" ang="90,0,0" color="0,220,0" radius="0.5" length="4" />
		<capsule pos="17.25,-5.5,29.9" vel="0,0,0" mass="1" elasticityCoef="1" ang="90,0,0" color="0,220,0" radius="0.5" length="4" />
		<capsule pos="17.25,-5.5,32.199999999999996" vel="0,0,0" mass="1" elasticityCoef="1" ang="90,0,0" color="0,220,0" radius="0.5" length="4" />
		<capsule pos="17.25,-5.5,34.49999999999999" vel="0,0,0" mass="1" elasticityCoef="1" ang="90,0,0" color="0,220,0" radius="0.5" length="4" />
		<capsule pos="17.25,-5.5,36.800000000000004" vel="0,0,0" mass="1" elasticityCoef="1" ang="90,0,0" color="0,220,0" radius="0.5" length="4" />
		<capsule pos="17.25,-5.5,39.1" vel="0,0,0" mass="1" elasticityCoef="1" ang="90,0,0" color="0,220,0" radius="0.5" length="4" />
		<capsule pos="17.25,-5.5,41.4" vel="0,0,0" mass="1" elasticityCoef="1" ang="90,0,0" color="0,220,0" radius="0.5" length="4" />
		<capsule pos="17.25,0.0,-43.699999999999996" vel="0,0,0" mass="1" elasticityCoef="1" ang="90,0,0" color="0,220,0" radius="0.5" length="4" />
		<capsule pos="17.25,0.0,-41.4" vel="0,0,0" mass="1" elasticityCoef="1" ang="90,0,0" color="0,220,0" radius="0.5" length="4" />
		<capsule pos="17.25,0.0,-39.099999999999994" vel="0,0,0" mass="1" elasticityCoef="1" ang="90,0,0" color="0,220,0" radius="0.5" length="4" />
		<capsule pos="17.25,0.0,-36.8" vel="0,0,0" mass="1" elasticityCoef="1" ang="90,0,0" color="0,220,0" radius="0.5" length="4" />
		<capsule pos="17.25,0.0,-34.5" vel="0,0,0" mass="1" elasticityCoef="1" ang="90,0,0" color="0,220,0" radius="0.5" length="4" />
		<capsule pos="17.25,0.0,-32.199999999999996" vel="0,0,0" mass="1" elasticityCoef="1" ang="90,0,0" color="0,220,0" radius="0.5" length="4" />
		<capsule pos="17.25,0.0,-29.9" vel="0,0,0" mass="1" elasticityCoef="1" ang="90,0,0" color="0,220,0" radius="0.5" length="4" />
		<capsule pos="17.25,0.0,-27.599999999999998" vel="0,0,0" mass="1" elasticityCoef="1" ang="90,0,0" color="0,220,0" radius="0.5" length="4" />
		<capsule pos="17.25,0.0,-25.299999999999997" vel="0,0,0" mass="1" elasticityCoef="1" ang="90,0,0" color="0,220,0" radius="0.5" length="4" />
		<capsule pos="17.25,0.0,-22.999999999999996" vel="0,0,0" mass="1" elasticityCoef="1" ang="90,0,0" color="0,220,0" radius="0.5" length="4" />
		<capsule pos="17.25,0.0,-20.699999999999996" vel="0,0,0" mass="1" elasticityCoef="1" ang="90,0,0" color="0,220,0" radius="0.5" length="4" />
		<capsule pos="17.25,0.0,-18.4" vel="0,0,0" mass="1" elasticityCoef="1" ang="90,0,0" color="0,220,0" radius="0.5" length="4" />
		<capsule pos="17.25,0.0,-16.099999999999998" vel="0,0,0" mass="1" elasticityCoef="1" ang="90,0,0" color="0,220,0" radius="0.5" length="4" />
		<capsule pos="17.25,0.0,-13.799999999999997" vel="0,0,0" mass="1" elasticityCoef="1" ang="90,0,0" color="0,220,0" radius="0.5" length="4" />
		<capsule pos="17.25,0.0,-11.5" vel="0,0,0" mass="1" elasticityCoef="1" ang="90,0,0" color="0,220,0" radius="0.5" length="4" />
		<capsule pos="17.25,0.0,-9.199999999999996" vel="0,0,0" mass="1" elasticityCoef="1" ang="90,0,0" color="0,220,0" radius="0.5" length="4" />
		<capsule pos="17.25,0.0,-6.899999999999999" vel="0,0,0" mass="1" elasticityCoef="1" ang="90,0,0" color="0,220,0" radius="0.5" length="4" />
		<capsule pos="17.25,0.0,-4.600000000000001" vel="0,0,0" mass="1" elasticityCoef="1" ang="90,0,0" color="0,220,0" radius="0.5" length="4" />
		<capsule pos="17.25,0.0,-2.299999999999997" vel="0,0,0" mass="1" elasticityCoef="1" ang="90,0,0" color="0,220,0" radius="0.5" length="4" />
		<capsule pos="17.25,0.0,0.0" vel="0,0,0" mass="1" elasticityCoef="1" ang="90,0,0" color="0,220,0" radius="0.5" length="4" />
		<capsule pos="17.25,0.0,2.3000000000000043" vel="0,0,0" mass="1" elasticityCoef="1" ang="90,0,0" color="0,220,0" radius="0.5" length="4" />
		<capsule pos="17.25,0.0,4.600000000000001" vel="0,0,0" mass="1" elasticityCoef="1" ang="90,0,0" color="0,220,0" radius="0.5" length="4" />
		<capsule pos="17.25,0.0,6.899999999999999" vel="0,0,0" mass="1" elasticityCoef="1" ang="90,0,0" color="0,220,0" radius="0.5" length="4" />
		<capsule pos="17.25,0.0,9.200000000000003" vel="0,0,0" mass="1" elasticityCoef="1" ang="90,0,0" color="0,220,0" radius="0.5" length="4" />
		<capsule pos="17.25,0.0,11.5" vel="0,0,0" mass="1" elasticityCoef="1" ang="90,0,0" color="0,220,0" radius="0.5" length="4" />
		<capsule pos="17.25,0.0,13.799999999999997" vel="0,0,0" mass="1" elasticityCoef="1" ang="90,0,0" color="0,220,0" radius="0.5" length="4" />
		<capsule pos="17.25,0.0,16.1" vel="0,0,0" mass="1" elasticityCoef="1" ang="90,0,0" color="0,220,0" radius="0.5" length="4" />
		<capsule pos="17.25,0.0,18.4" vel="0,0,0" mass="1" elasticityCoef="1" ang="90,0,0" color="0,220,0" radius="0.5" length="4" />
		<capsule pos="17.25,0.0,20.699999999999996" vel="0,0,0" mass="1" elasticityCoef="1" ang="90,0,0" color="0,220,0" radius="0.5" length="4" />
		<capsule pos="17.25,0.0,22.999999999999993" vel="0,0,0" mass="1" elasticityCoef="1" ang="90,0,0" color="0,220,0" radius="0.5" length="4" />
		<capsule pos="17.25,0.0,25.300000000000004" vel="0,0,0" mass="1" elasticityCoef="1" ang="90,0,0" color="0,220,0" radius="0.5" length="4" />
		<capsule pos="17.25,0.0,27.6" vel="0,0,0" mass="1" elasticityCoef="1" ang="90,0,0" color="0,220,0" radius="0.5" length="4" />
		<capsule pos="17.25,0.0,29.9" vel="0,0,0" mass="1" elasticityCoef="1" ang="90,0,0" color="0,220,0" radius="0.5" length="4" />
		<capsule pos="17.25,0.0,32.199999999999996" vel="0,0,0" mass="1" elasticityCoef="1" ang="90,0,0" color="0,220,0" radius="0.5" length="4" />
		<capsule pos="17.25,0.0,34.49999999999999" vel="0,0,0" mass="1" elasticityCoef="1" ang="90,0,0" color="0,220,0" radius="0.5" length="4" />
		<capsule pos="17.25,0.0,36.800000000000004" vel="0,0,0" mass="1" elasticityCoef="1" ang="90,0,0" color="0,220,0" radius="0.5" length="4" />
		<capsule pos="17.25,0.0,39.1" vel="0,0,0" mass="1" elasticityCoef="1" ang="90,0,0" color="0,220,0" radius="0.5" length="4" />
		<capsule pos="17.25,0.0,41.4" vel="0,0,0" mass="1" elasticityCoef="1" ang="90,0,0" color="0,220,0" radius="0.5" length="4" />
		<capsule pos="17.25,5.5,-43.699999999999996" vel="0,0,0" mass="1" elasticityCoef="1" ang="90,0,0" color="0,220,0" radius="0.5" length="4" />
		<capsule pos="17.25,5.5,-41.4" vel="0,0,0" mass="1" elasticityCoef="1" ang="90,0,0" color="0,220,0" radius="0.5" length="4" />
		<capsule pos="17.25,5.5,-39.099999999999994" vel="0,0,0" mass="1" elasticityCoef="1" ang="90,0,0" color="0,220,0" radius="0.5" length="4" />
		<capsule pos="17.25,5.5,-36.8" vel="0,0,0" mass="1" elasticityCoef="1" ang="90,0,0" color="0,220,0" radius="0.5" length="4" />
		<capsule pos="17.25,5.5,-34.5" vel="0,0,0" mass="1" elasticityCoef="1" ang="90,0,0" color="0,220,0" radius="0.5" length="4" />
		<capsule pos="17.25,5.5,-32.199999999999996" vel="0,0,0" mass="1" elasticityCoef="1" ang="90,0,0" color="0,220,0" radius="0.5" length="4" />
		<capsule pos="17.25,5.5,-29.9" vel="0,0,0" mass="1" elasticityCoef="1" ang="90,0,0" color="0,220,0" radius="0.5" length="4" />
		<capsule pos="17.25,5.5,-27.599999999999998" vel="0,0,0" mass="1" elasticityCoef="1" ang="90,0,0" color="0,220,0" radius="0.5" length="4" />
		<capsule pos="17.25,5.5,-25.299999999999997" vel="0,0,0" mass="1" elasticityCoef="1" ang="90,0,0" color="0,220,0" radius="0.5" length="4" />
		<capsule pos="17.25,5.5,-22.999999999999996" vel="0,0,0" mass="1" elasticityCoef="1" ang="90,0,0" color="0,220,0" radius="0.5" length="4" />
		<capsule pos="17.25,5.5,-20.699999999999996" vel="0,0,0" mass="1" elasticityCoef="1" ang="90,0,0" color="0,220,0" radius="0.5" length="4" />
		<capsule pos="17.25,5.5,-18.4" vel="0,0,0" mass="1" elasticityCoef="1" ang="90,0,0" color="0,220,0" radius="0.5" length="4" />
		<capsule pos="17.25,5.5,-16.099999999999998" vel="0,0,0" mass="1" elasticityCoef="1" ang="90,0,0" color="0,220,0" radius="0.5" length="4" />
		<capsule pos="17.25,5.5,-13.799999999999997" vel="0,0,0" mass="1" elasticityCoef="1" ang="90,0,0" color="0,220,0" radius="0.5" length="4" />
		<capsule pos="17.25,5.5,-11.5" vel="0,0,0" mass="1" elasticityCoef="1" ang="90,0,0" color="0,220,0" radius="0.5" length="4" />
		<capsule pos="17.25,5.5,-9.199999999999996" vel="0,0,0" mass="1" elasticityCoef="1" ang="90,0,0" color="0,220,0" radius="0.5" length="4" />
		<capsule pos="17.25,5.5,-6.899999999999999" vel="0,0,0" mass="1" elasticityCoef="1" ang="90,0,0" color="0,220,0" radius="0.5" length="4" />
		<capsule pos="17.25,5.5,-4.600000000000001" vel="0,0,0" mass="1" elasticityCoef="1" ang="90,0,0" color="0,220,0" radius="0.5" length="4" />
		<capsule pos="17.25,5.5,-2.299999999999997" vel="0,0,0" mass="1" elasticityCoef="1" ang="90,0,0" color="0,220,0" radius="0.5" length="4" />
		<capsule pos="17.25,5.5,0.0" vel="0,0,0" mass="1" elasticityCoef="1" ang="90,0,0" color="0,220,0" radius="0.5" length="4" />
		<capsule pos="17.25,5.5,2.3000000000000043" vel="0,0,0" mass="1" elasticityCoef="1" ang="90,0,0" color="0,220,0" radius="0.5" length="4" />
		<capsule pos="17.25,5.5,4.600000000000001" vel="0,0,0" mass="1" elasticityCoef="1" ang="90,0,0" color="0,220,0" radius="0.5" length="4" />
		<capsule pos="17.25,5.5,6.899999999999999" vel="0,0,0" mass="1" elasticityCoef="1" ang="90,0,0" color="0,220,0" radius="0.5" length="4" />
		<capsule pos="17.25,5.5,9.200000000000003" vel="0,0,0" mass="1" elasticityCoef="1" ang="90,0,0" color="0,220,0" radius="0.5" length="4" />
		<capsule pos="17.25,5.5,11.5" vel="0,0,0" mass="1" elasticityCoef="1" ang="90,0,0" color="0,220,0" radius="0.5" length="4" />
		<capsule pos="17.25,5.5,13.799999999999997" vel="0,0,0" mass="1" elasticityCoef="1" ang="90,0,0" color="0,220,0" radius="0.5" length="4" />
		<capsule pos="17.25,5.5,16.1" vel="0,0,0" mass="1" elasticityCoef="1" ang="90,0,0" color="0,220,0" radius="0.5" length="4" />
		<capsule pos="17.25,5.5,18.4" vel="0,0,0" mass="1" elasticityCoef="1" ang="90,0,0" color="0,220,0" radius="0.5" length="4" />
		<capsule pos="17.25,5.5,20.699999999999996" vel="0,0,0" mass="1" elasticityCoef="1" ang="90,0,0" color="0,220,0" radius="0.5" length="4" />
		<capsule pos="17.25,5.5,22.999999999999993" vel="0,0,0" mass="1" elasticityCoef="1" ang="90,0,0" color="0,220,0" radius="0.5" length="4" />
		<capsule pos="17.25,5.5,25.300000000000004" vel="0,0,0" mass="1" elasticityCoef="1" ang="90,0,0" color="0,220,0" radius="0.5" length="4" />
		<capsule pos="17.25,5.5,27.6" vel="0,0,0" mass="1" elasticityCoef="1" ang="90,0,0" color="0,220,0" radius="0.5" length="4" />
		<capsule pos="17.25,5.5,29.9" vel="0,0,0" mass="1" elasticityCoef="1" ang="90,0,0" color="0,220,0" radius="0.5" length="4" />
		<capsule pos="17.25,5.5,32.199999999999996" vel="0,0,0" mass="1" elasticityCoef="1" ang="90,0,0" color="0,220,0" radius="0.5" length="4" />
		<capsule pos="17.25,5.5,34.49999999999999" vel="0,0,0" mass="1" elasticityCoef="1" ang="90,0,0" color="0,220,0" radius="0.5" length="4" />
		<capsule pos="17.25,5.5,36.800000000000004" vel="0,0,0" mass="1" elasticityCoef="1" ang="90,0,0" color="0,220,0" radius="0.5" length="4" />
		<capsule pos="17.25,5.5,39.1" vel="0,0,0" mass="1" elasticityCoef="1" ang="90,0,0" color="0,220,0" radius="0.5" length="4" />
		<capsule pos="17.25,5.5,41.4" vel="0,0,0" mass="1" elasticityCoef="1" ang="90,0,0" color="0,220,0" radius="0.5" length="4" />
		<capsule pos="17.25,11.0,-43.699999999999996" vel="0,0,0" mass="1" elasticityCoef="1" ang="90,0,0" color="0,220,0" radius="0.5" length="4" />
		<capsule pos="17.25,11.0,-41.4" vel="0,0,0" mass="1" elasticityCoef="1" ang="90,0,0" color="0,220,0" radius="0.5" length="4" />
		<capsule pos="17.25,11.0,-39.099999999999994" vel="0,0,0" mass="1" elasticityCoef="1" ang="90,0,0" color="0,220,0" radius="0.5" length="4" />
		<capsule pos="17.25,11.0,-36.8" vel="0,0,0" mass="1" elasticityCoef="1" ang="90,0,0" color="0,220,0" radius="0.5" length="4" />
		<capsule pos="17.25,11.0,-34.5" vel="0,0,0" mass="1" elasticityCoef="1" ang="90,0,0" color="0,220,0" radius="0.5" length="4" />
		<capsule pos="17.25,11.0,-32.199999999999996" vel="0,0,0" mass="1" elasticityCoef="1" ang="90,0,0" color="0,220,0" radius="0.5" length="4" />
		<capsule pos="17.25,11.0,-29.9" vel="0,0,0" mass="1" elasticityCoef="1" ang="90,0,0" color="0,220,0" radius="0.5" length="4" />
		<capsule pos="17.25,11.0,-27.599999999999998" vel="0,0,0" mass="1" elasticityCoef="1" ang="90,0,0" color="0,220,0" radius="0.5" length="4" />
		<capsule pos="17.25,11.0,-25.299999999999997" vel="0,0,0" mass="1" elasticityCoef="1" ang="90,0,0" color="0,220,0" radius="0.5" length="4" />
		<capsule pos="17.25,11.0,-22.999999999999996" vel="0,0,0" mass="1" elasticityCoef="1" ang="90,0,0" color="0,220,0" radius="0.5" length="4" />
		<capsule pos="17.25,11.0,-20.699999999999996" vel="0,0,0" mass="1" elasticityCoef="1" ang="90,0,0" color="0,220,0" radius="0.5" length="4" />
		<capsule pos="17.25,11.0,-18.4" vel="0,0,0" mass="1" elasticityCoef="1" ang="90,0,0" color="0,220,0" radius="0.5" length="4" />
		<capsule pos="17.25,11.0,-16.099999999999998" vel="0,0,0" mass="1" elasticityCoef="1" ang="90,0,0" color="0,220,0" radius="0.5" length="4" />
		<capsule pos="17.25,11.0,-13.799999999999997" vel="0,0,0" mass="1" elasticityCoef="1" ang="90,0,0" color="0,220,0" radius="0.5" length="4" />
		<capsule pos="17.25,11.0,-11.5" vel="0,0,0" mass="1" elasticityCoef="1" ang="90,0,0" color="0,220,0" radius="0.5" length="4" />
		<capsule pos="17.25,11.0,-9.199999999999996" vel="0,0,0" mass="1" elasticityCoef="1" ang="90,0,0" color="0,220,0" radius="0.5" length="4" />
		<capsule pos="17.25,11.0,-6.899999999999999" vel="0,0,0" mass="1" elasticityCoef="1" ang="90,0,0" color="0,220,0" radius="0.5" length="4" />
		<capsule pos="17.25,11.0,-4.600000000000001" vel="0,0,0" mass="1" elasticityCoef="1" ang="90,0,0" color="0,220,0" radius="0.5" length="4" />
		<capsule pos="17.25,11.0,-2.299999999999997" vel="0,0,0" mass="1" elasticityCoef="1" ang="90,0,0" color="0,220,0" radius="0.5" length="4" />
		<capsule pos="17.25,11.0,0.0" vel="0,0,0" mass="1" elasticityCoef="1" ang="90,0,0" color="0,220,0" radius="0.5" length="4" />
		<capsule pos="17.25,11.0,2.3000000000000043" vel="0,0,0" mass="1" elasticityCoef="1" ang="90,0,0" color="0,220,0" radius="0.5" length="4" />
		<capsule pos="17.25,11.0,4.600000000000001" vel="0,0,0" mass="1" elasticityCoef="1" ang="90,0,0" color="0,220,0" radius="0.5" length="4" />
		<capsule pos="17.25,11.0,6.899999999999999" vel="0,0,0" mass="1" elasticityCoef="1" ang="90,0,0" color="0,220,0" radius="0.5" length="4" />
		<capsule pos="17.25,11.0,9.200000000000003" vel="0,0,0" mass="1" elasticityCoef="1" ang="90,0,0" color="0,220,0" radius="0.5" length="4" />
		<capsule pos="17.25,11.0,11.5" vel="0,0,0" mass="1" elasticityCoef="1" ang="90,0,0" color="0,220,0" radius="0.5" length="4" />
		<capsule pos="17.25,11.0,13.799999999999997" vel="0,0,0" mass="1" elasticityCoef="1" ang="90,0,0" color="0,220,0" radius="0.5" length="4" />
		<capsule pos="17.25,11.0,16.1" vel="0,0,0" mass="1" elasticityCoef="1" ang="90,0,0" color="0,220,0" radius="0.5" length="4" />
		<capsule pos="17.25,11.0,18.4" vel="0,0,0" mass="1" elasticityCoef="1" ang="90,0,0" color="0,220,0" radius="0.5" length="4" />
		<capsule pos="17.25,11.0,20.699999999999996" vel="0,0,0" mass="1" elasticityCoef="1" ang="90,0,0" color="0,220,0" radius="0.5" length="4" />
		<capsule pos="17.25,11.0,22.999999999999993" vel="0,0,0" mass="1" elasticityCoef="1" ang="90,0,0" color="0,220,0" radius="0.5" length="4" />
		<capsule pos="17.25,11.0,25.300000000000004" vel="0,0,0" mass="1" elasticityCoef="1" ang="90,0,0" color="0,220,0" radius="0.5" length="4" />
		<capsule pos="17.25,11.0,27.6" vel="0,0,0" mass="1" elasticityCoef="1" ang="90,0,0" color="0,220,0" radius="0.5" length="4" />
		<capsule pos="17.25,11.0,29.9" vel="0,0,0" mass="1" elasticityCoef="1" ang="90,0,0" color="0,220,0" radius="0.5" length="4" />
		<capsule pos="17.25,11.0,32.199999999999996" vel="0,0,0" mass="1" elasticityCoef="1" ang="90,0,0" color="0,220,0" radius="0.5" length="4" />
		<capsule pos="17.25,11.0,34.49999999999999" vel="0,0,0" mass="1" elasticityCoef="1" ang="90,0,0" color="0,220,0" radius="0.5" length="4" />
		<capsule pos="17.25,11.0,36.800000000000004" vel="0,0,0" mass="1" elasticityCoef="1" ang="90,0,0" color="0,220,0" radius="0.5" length="4" />
		<capsule pos="17.25,11.0,39.1" vel="0,0,0" mass="1" elasticityCoef="1" ang="90,0,0" color="0,220,0" radius="0.5" length="4" />
		<capsule pos="17.25,11.0,41.4" vel="0,0,0" mass="1" elasticityCoef="1" ang="90,0,0" color="0,220,0" radius="0.5" length="4" />
		<capsule pos="17.25,16.5,-43.699999999999996" vel="0,0,0" mass="1" elasticityCoef="1" ang="90,0,0" color="0,220,0" radius="0.5" length="4" />
		<capsule pos="17.25,16.5,-41.4" vel="0,0,0" mass="1" elasticityCoef="1" ang="90,0,0" color="0,220,0" radius="0.5" length="4" />
		<capsule pos="17.25,16.5,-39.099999999999994" vel="0,0,0" mass="1" elasticityCoef="1" ang="90,0,0" color="0,220,0" radius="0.5" length="4" />
		<capsule pos="17.25,16.5,-36.8" vel="0,0,0" mass="1" elasticityCoef="1" ang="90,0,0" color="0,220,0" radius="0.5" length="4" />
		<capsule pos="17.25,16.5,-34.5" vel="0,0,0" mass="1" elasticityCoef="1" ang="90,0,0" color="0,220,0" radius="0.5" length="4" />
		<capsule pos="17.25,16.5,-32.199999999999996" vel="0,0,0" mass="1" elasticityCoef="1" ang="90,0,0" color="0,220,0" radius="0.5" length="4" />
		<capsule pos="17.25,16.5,-29.9" vel="0,0,0" mass="1" elasticityCoef="1" ang="90,0,0" color="0,220,0" radius="0.5" length="4" />
		<capsule pos="17.25,16.5,-27.599999999999998" vel="0,0,0" mass="1" elasticityCoef="1" ang="90,0,0" color="0,220,0" radius="0.5" length="4" />
		<capsule pos="17.25,16.5,-25.299999999999997" vel="0,0,0" mass="1" elasticityCoef="1" ang="90,0,0" color="0,220,0" radius="0.5" length="4" />
		<capsule pos="17.25,16.5,-22.999999999999996" vel="0,0,0" mass="1" elasticityCoef="1" ang="90,0,0" color="0,220,0" radius="0.5" length="4" />
		<capsule pos="17.25,16.5,-20.699999999999996" vel="0,0,0" mass="1" elasticityCoef="1" ang="90,0,0" color="0,220,0" radius="0.5" length="4" />
		<capsule pos="17.25,16.5,-18.4" vel="0,0,0" mass="1" elasticityCoef="1" ang="90,0,0" color="0,220,0" radius="0.5" length="4" />
		<capsule pos="17.25,16.5,-16.099999999999998" vel="0,0,0" mass="1" elasticityCoef="1" ang="90,0,0" color="0,220,0" radius="0.5" length="4" />
		<capsule pos="17.25,16.5,-13.799999999999997" vel="0,0,0" mass="1" elasticityCoef="1" ang="90,0,0" color="0,220,0" radius="0.5" length="4" />
		<capsule pos="17.25,16.5,-11.5" vel="0,0,0" mass="1" elasticityCoef="1" ang="90,0,0" color="0,220,0" radius="0.5" length="4" />
		<capsule pos="17.25,16.5,-9.199999999999996" vel="0,0,0" mass="1" elasticityCoef="1" ang="90,0,0" color="0,220,0" radius="0.5" length="4" />
		<capsule pos="17.25,16.5,-6.899999999999999" vel="0,0,0" mass="1" elasticityCoef="1" ang="90,0,0" color="0,220,0" radius="0.5" length="4" />
		<capsule pos="17.25,16.5,-4.600000000000001" vel="0,0,0" mass="1" elasticityCoef="1" ang="90,0,0" color="0,220,0" radius="0.5" length="4" />
		<capsule pos="17.25,16.5,-2.299999999999997" vel="0,0,0" mass="1" elasticityCoef="1" ang="90,0,0" color="0,220,0" radius="0.5" length="4" />
		<capsule pos="17.25,16.5,0.0" vel="0,0,0" mass="1" elasticityCoef="1" ang="90,0,0" color="0,220,0" radius="0.5" length="4" />
		<capsule pos="17.25,16.5,2.3000000000000043" vel="0,0,0" mass="1" elasticityCoef="1" ang="90,0,0" color="0,220,0" radius="0.5" length="4" />
		<capsule pos="17.25,16.5,4.600000000000001" vel="0,0,0" mass="1" elasticityCoef="1" ang="90,0,0" color="0,220,0" radius="0.5" length="4" />
		<capsule pos="17.25,16.5,6.899999999999999" vel="0,0,0" mass="1" elasticityCoef="1" ang="90,0,0" color="0,220,0" radius="0.5" length="4" />
		<capsule pos="17.25,16.5,9.200000000000003" vel="0,0,0" mass="1" elasticityCoef="1" ang="90,0,0" color="0,220,0" radius="0.5" length="4" />
		<capsule pos="17.25,16.5,11.5" vel="0,0,0" mass="1" elasticityCoef="1" ang="90,0,0" color="0,220,0" radius="0.5" length="4" />
		<capsule pos="17.25,16.5,13.799999999999997" vel="0,0,0" mass="1" elasticityCoef="1" ang="90,0,0" color="0,220,0" radius="0.5" length="4" />
		<capsule pos="17.25,16.5,16.1" vel="0,0,0" mass="1" elasticityCoef="1" ang="90,0,0" color="0,220,0" radius="0.5" length="4" />
		<capsule pos="17.25,16.5,18.4" vel="0,0,0" mass="1" elasticityCoef="1" ang="90,0,0" color="0,220,0" radius="0.5" length="4" />
		<capsule pos="17.25,16.5,20.699999999999996" vel="0,0,0" mass="1" elasticityCoef="1" ang="90,0,0" color="0,220,0" radius="0.5" length="4" />
		<capsule pos="17.25,16.5,22.999999999999993" vel="0,0,0" mass="1" elasticityCoef="1" ang="90,0,0" color="0,220,0" radius="0.5" length="4" />
		<capsule pos="17.25,16.5,25.300000000000004" vel="0,0,0" mass="1" elasticityCoef="1" ang="90,0,0" color="0,220,0" radius="0.5" length="4" />
		<capsule pos="17.25,16.5,27.6" vel="0,0,0" mass="1" elasticityCoef="1" ang="90,0,0" color="0,220,0" radius="0.5" length="4" />
		<capsule pos="17.25,16.5,29.9" vel="0,0,0" mass="1" elasticityCoef="1" ang="90,0,0" color="0,220,0" radius="0.5" length="4" />
		<capsule pos="17.25,16.5,32.199999999999996" vel="0,0,0" mass="1" elasticityCoef="1" ang="90,0,0" color="0,220,0" radius="0.5" length="4" />
		<capsule pos="17.25,16.5,34.49999999999999" vel="0,0,0" mass="1" elasticityCoef="1" ang="90,0,0" color="0,220,0" radius="0.5" length="4" />
		<capsule pos="17.25,16.5,36.800000000000004" vel="0,0,0" mass="1" elasticityCoef="1" ang="90,0,0" color="0,220,0" radius="0.5" length="4" />
		<capsule pos="17.25,16.5,39.1" vel="0,0,0" mass="1" elasticityCoef="1" ang="90,0,0" color="0,220,0" radius="0.5" length="4" />
		<capsule pos="17.25,16.5,41.4" vel="0,0,0" mass="1" elasticityCoef="1" ang="90,0,0" color="0,220,0" radius="0.5" length="4" />
		<capsule pos="17.25,22.0,-43.699999999999996" vel="0,0,0" mass="1" elasticityCoef="1" ang="90,0,0" color="0,220,0" radius="0.5" length="4" />
		<capsule pos="17.25,22.0,-41.4" vel="0,0,0" mass="1" elasticityCoef="1" ang="90,0,0" color="0,220,0" radius="0.5" length="4" />
		<capsule pos="17.25,22.0,-39.099999999999994" vel="0,0,0" mass="1" elasticityCoef="1" ang="90,0,0" color="0,220,0" radius="0.5" length="4" />
		<capsule pos="17.25,22.0,-36.8" vel="0,0,0" mass="1" elasticityCoef="1" ang="90,0,0" color="0,220,0" radius="0.5" length="4" />
		<capsule pos="17.25,22.0,-34.5" vel="0,0,0" mass="1" elasticityCoef="1" ang="90,0,0" color="0,220,0" radius="0.5" length="4" />
		<capsule pos="17.25,22.0,-32.199999999999996" vel="0,0,0" mass="1" elasticityCoef="1" ang="90,0,0" color="0,220,0" radius="0.5" length="4" />
		<capsule pos="17.25,22.0,-29.9" vel="0,0,0" mass="1" elasticityCoef="1" ang="90,0,0" color="0,220,0" radius="0.5" length="4" />
		<capsule pos="17.25,22.0,-27.599999999999998" vel="0,0,0" mass="1" elasticityCoef="1" ang="90,0,0" color="0,220,0" radius="0.5" length="4" />
		<capsule pos="17.25,22.0,-25.299999999999997" vel="0,0,0" mass="1" elasticityCoef="1" ang="90,0,0" color="0,220,0" radius="0.5" length="4" />
		<capsule pos="17.25,22.0,-22.999999999999996" vel="0,0,0" mass="1" elasticityCoef="1" ang="90,0,0" color="0,220,0" radius="0.5" length="4" />
		<capsule pos="17.25,22.0,-20.699999999999996" vel="0,0,0" mass="1" elasticityCoef="1" ang="90,0,0" color="0,220,0" radius="0.5" length="4" />
		<capsule pos="17.25,22.0,-18.4" vel="0,0,0" mass="1" elasticityCoef="1" ang="90,0,0" color="0,220,0" radius="0.5" length="4" />
		<capsule pos="17.25,22.0,-16.099999999999998" vel="0,0,0" mass="1" elasticityCoef="1" ang="90,0,0" color="0,220,0" radius="0.5" length="4" />
		<capsule pos="17.25,22.0,-13.799999999999997" vel="0,0,0" mass="1" elasticityCoef="1" ang="90,0,0" color="0,220,0" radius="0.5" length="4" />
		<capsule pos="17.25,22.0,-11.5" vel="0,0,0" mass="1" elasticityCoef="1" ang="90,0,0" color="0,220,0" radius="0.5" length="4" />
		<capsule pos="17.25,22.0,-9.199999999999996" vel="0,0,0" mass="1" elasticityCoef="1" ang="90,0,0" color="0,220,0" radius="0.5" length="4" />
		<capsule pos="17.25,22.0,-6.899999999999999" vel="0,0,0" mass="1" elasticityCoef="1" ang="90,0,0" color="0,220,0" radius="0.5" length="4" />
		<capsule pos="17.25,22.0,-4.600000000000001" vel="0,0,0" mass="1" elasticityCoef="1" ang="90,0,0" color="0,220,0" radius="0.5" length="4" />
		<capsule pos="17.25,22.0,-2.299999999999997" vel="0,0,0" mass="1" elasticityCoef="1" ang="90,0,0" color="0,220,0" radius="0.5" length="4" />
		<capsule pos="17.25,22.0,0.0" vel="0,0,0" mass="1" elasticityCoef="1" ang="90,0,0" color="0,220,0" radius="0.5" length="4" />
		<capsule pos="17.25,22.0,2.3000000000000043" vel="0,0,0" mass="1" elasticityCoef="1" ang="90,0,0" color="0,220,0" radius="0.5" length="4" />
		<capsule pos="17.25,22.0,4.600000000000001" vel="0,0,0" mass="1" elasticityCoef="1" ang="90,0,0" color="0,220,0" radius="0.5" length="4" />
		<capsule pos="17.25,22.0,6.899999999999999" vel="0,0,0" mass="1" elasticityCoef="1" ang="90,0,0" color="0,220,0" radius="0.5" length="4" />
		<capsule pos="17.25,22.0,9.200000000000003" vel="0,0,0" mass="1" elasticityCoef="1" ang="90,0,0" color="0,220,0" radius="0.5" length="4" />
		<capsule pos="17.25,22.0,11.5" vel="0,0,0" mass="1" elasticityCoef="1" ang="90,0,0" color="0,220,0" radius="0.5" length="4" />
		<capsule pos="17.25,22.0,13.799999999999997" vel="0,0,0" mass="1" elasticityCoef="1" ang="90,0,0" color="0,220,0" radius="0.5" length="4" />
		<capsule pos="17.25,22.0,16.1" vel="0,0,0" mass="1" elasticityCoef="1" ang="90,0,0" color="0,220,0" radius="0.5" length="4" />
		<capsule pos="17.25,22.0,18.4" vel="0,0,0" mass="1" elasticityCoef="1" ang="90,0,0" color="0,220,0" radius="0.5" length="4" />
		<capsule pos="17.25,22.0,20.699999999999996" vel="0,0,0" mass="1" elasticityCoef="1" ang="90,0,0" color="0,220,0" radius="0.5" length="4" />
		<capsule pos="17.25,22.0,22.999999999999993" vel="0,0,0" mass="1" elasticityCoef="1" ang="90,0,0" color="0,220,0" radius="0.5" length="4" />
		<capsule pos="17.25,22.0,25.300000000000004" vel="0,0,0" mass="1" elasticityCoef="1" ang="90,0,0" color="0,220,0" radius="0.5" length="4" />
		<capsule pos="17.25,22.0,27.6" vel="0,0,0" mass="1" elasticityCoef="1" ang="90,0,0" color="0,220,0" radius="0.5" length="4" />
		<capsule pos="17.25,22.0,29.9" vel="0,0,0" mass="1" elasticityCoef="1" ang="90,0,0" color="0,220,0" radius="0.5" length="4" />
		<capsule pos="17.25,22.0,32.199999999999996" vel="0,0,0" mass="1" elasticityCoef="1" ang="90,0,0" color="0,220,0" radius="0.5" length="4" />
		<capsule pos="17.25,22.0,34.49999999999999" vel="0,0,0" mass="1" elasticityCoef="1" ang="90,0,0" color="0,220,0" radius="0.5" length="4" />
		<capsule pos="17.25,22.0,36.800000000000004" vel="0,0,0" mass="1" elasticityCoef="1" ang="90,0,0" color="0,220,0" radius="0.5" length="4" />
		<capsule pos="17.25,22.0,39.1" vel="0,0,0" mass="1" elasticityCoef="1" ang="90,0,0" color="0,220,0" radius="0.5" length="4" />
		<capsule pos="17.25,22.0,41.4" vel="0,0,0" mass="1" elasticityCoef="1" ang="90,0,0" color="0,220,0" radius="0.5" length="4" />
		<capsule pos="17.25,27.5,-43.699999999999996" vel="0,0,0" mass="1" elasticityCoef="1" ang="90,0,0" color="0,220,0" radius="0.5" length="4" />
		<capsule pos="17.25,27.5,-41.4" vel="0,0,0" mass="1" elasticityCoef="1" ang="90,0,0" color="0,220,0" radius="0.5" length="4" />
		<capsule pos="17.25,27.5,-39.099999999999994" vel="0,0,0" mass="1" elasticityCoef="1" ang="90,0,0" color="0,220,0" radius="0.5" length="4" />
		<capsule pos="17.25,27.5,-36.8" vel="0,0,0" mass="1" elasticityCoef="1" ang="90,0,0" color="0,220,0" radius="0.5" length="4" />
		<capsule pos="17.25,27.5,-34.5" vel="0,0,0" mass="1" elasticityCoef="1" ang="90,0,0" color="0,220,0" radius="0.5" length="4" />
		<capsule pos="17.25,27.5,-32.199999999999996" vel="0,0,0" mass="1" elasticityCoef="1" ang="90,0,0" color="0,220,0" radius="0.5" length="4" />
		<capsule pos="17.25,27.5,-29.9" vel="0,0,0" mass="1" elasticityCoef="1" ang="90,0,0" color="0,220,0" radius="0.5" length="4" />
		<capsule pos="17.25,27.5,-27.599999999999998" vel="0,0,0" mass="1" elasticityCoef="1" ang="90,0,0" color="0,220,0" radius="0.5" length="4" />
		<capsule pos="17.25,27.5,-25.299999999999997" vel="0,0,0" mass="1" elasticityCoef="1" ang="90,0,0" color="0,220,0" radius="0.5" length="4" />
		<capsule pos="17.25,27.5,-22.999999999999996" vel="0,0,0" mass="1" elasticityCoef="1" ang="90,0,0" color="0,220,0" radius="0.5" length="4" />
		<capsule pos="17.25,27.5,-20.699999999999996" vel="0,0,0" mass="1" elasticityCoef="1" ang="90,0,0" color="0,220,0" radius="0.5" length="4" />
		<capsule pos="17.25,27.5,-18.4" vel="0,0,0" mass="1" elasticityCoef="1" ang="90,0,0" color="0,220,0" radius="0.5" length="4" />
		<capsule pos="17.25,27.5,-16.099999999999998" vel="0,0,0" mass="1" elasticityCoef="1" ang="90,0,0" color="0,220,0" radius="0.5" length="4" />
		<capsule pos="17.25,27.5,-13.799999999999997" vel="0,0,0" mass="1" elasticityCoef="1" ang="90,0,0" color="0,220,0" radius="0.5" length="4" />
		<capsule pos="17.25,27.5,-11.5" vel="0,0,0" mass="1" elasticityCoef="1" ang="90,0,0" color="0,220,0" radius="0.5" length="4" />
		<capsule pos="17.25,27.5,-9.199999999999996" vel="0,0,0" mass="1" elasticityCoef="1" ang="90,0,0" color="0,220,0" radius="0.5" length="4" />
		<capsule pos="17.25,27.5,-6.899999999999999" vel="0,0,0" mass="1" elasticityCoef="1" ang="90,0,0" color="0,220,0" radius="0.5" length="4" />
		<capsule pos="17.25,27.5,-4.600000000000001" vel="0,0,0" mass="1" elasticityCoef="1" ang="90,0,0" color="0,220,0" radius="0.5" length="4" />
		<capsule pos="17.25,27.5,-2.299999999999997" vel="0,0,0" mass="1" elasticityCoef="1" ang="90,0,0" color="0,220,0" radius="0.5" length="4" />
		<capsule pos="17.25,27.5,0.0" vel="0,0,0" mass="1" elasticityCoef="1" ang="90,0,0" color="0,220,0" radius="0.5" length="4" />
		<capsule pos="17.25,27.5,2.3000000000000043" vel="0,0,0" mass="1" elasticityCoef="1" ang="90,0,0" color="0,220,0" radius="0.5" length="4" />
		<capsule pos="17.25,27.5,4.600000000000001" vel="0,0,0" mass="1" elasticityCoef="1" ang="90,0,0" color="0,220,0" radius="0.5" length="4" />
		<capsule pos="17.25,27.5,6.899999999999999" vel="0,0,0" mass="1" elasticityCoef="1" ang="90,0,0" color="0,220,0" radius="0.5" length="4" />
		<capsule pos="17.25,27.5,9.200000000000003" vel="0,0,0" mass="1" elasticityCoef="1" ang="90,0,0" color="0,220,0" radius="0.5" length="4" />
		<capsule pos="17.25,27.5,11.5" vel="0,0,0" mass="1" elasticityCoef="1" ang="90,0,0" color="0,220,0" radius="0.5" length="4" />
		<capsule pos="17.25,27.5,13.799999999999997" vel="0,0,0" mass="1" elasticityCoef="1" ang="90,0,0" color="0,220,0" radius="0.5" length="4" />
		<capsule pos="17.25,27.5,16.1" vel="0,0,0" mass="1" elasticityCoef="1" ang="90,0,0" color="0,220,0" radius="0.5" length="4" />
		<capsule pos="17.25,27.5,18.4" vel="0,0,0" mass="1" elasticityCoef="1" ang="90,0,0" color="0,220,0" radius="0.5" length="4" />
		<capsule pos="17.25,27.5,20.699999999999996" vel="0,0,0" mass="1" elasticityCoef="1" ang="90,0,0" color="0,220,0" radius="0.5" length="4" />
		<capsule pos="17.25,27.5,22.999999999999993" vel="0,0,0" mass="1" elasticityCoef="1" ang="90,0,0" color="0,220,0" radius="0.5" length="4" />
		<capsule pos="17.25,27.5,25.300000000000004" vel="0,0,0" mass="1" elasticityCoef="1" ang="90,0,0" color="0,220,0" radius="0.5" length="4" />
		<capsule pos="17.25,27.5,27.6" vel="0,0,0" mass="1" elasticityCoef="1" ang="90,0,0" color="0,220,0" radius="0.5" length="4" />
		<capsule pos="17.25,27.5,29.9" vel="0,0,0" mass="1" elasticityCoef="1" ang="90,0,0" color="0,220,0" radius="0.5" length="4" />
		<capsule pos="17.25,27.5,32.199999999999996" vel="0,0,0" mass="1" elasticityCoef="1" ang="90,0,0" color="0,220,0" radius="0.5" length="4" />
		<capsule pos="17.25,27.5,34.49999999999999" vel="0,0,0" mass="1" elasticityCoef="1" ang="90,0,0" color="0,220,0" radius="0.5" length="4" />
		<capsule pos="17.25,27.5,36.800000000000004" vel="0,0,0" mass="1" elasticityCoef="1" ang="90,0,0" color="0,220,0" radius="0.5" length="4" />
		<capsule pos="17.25,27.5,39.1" vel="0,0,0" mass="1" elasticityCoef="1" ang="90,0,0" color="0,220,0" radius="0.5" length="4" />
		<capsule pos="17.25,27.5,41.4" vel="0,0,0" mass="1" elasticityCoef="1" ang="90,0,0" color="0,220,0" radius="0.5" length="4" />
		<capsule pos="17.25,33.0,-43.699999999999996" vel="0,0,0" mass="1" elasticityCoef="1" ang="90,0,0" color="0,220,0" radius="0.5" length="4" />
		<capsule pos="17.25,33.0,-41.4" vel="0,0,0" mass="1" elasticityCoef="1" ang="90,0,0" color="0,220,0" radius="0.5" length="4" />
		<capsule pos="17.25,33.0,-39.099999999999994" vel="0,0,0" mass="1" elasticityCoef="1" ang="90,0,0" color="0,220,0" radius="0.5" length="4" />
		<capsule pos="17.25,33.0,-36.8" vel="0,0,0" mass="1" elasticityCoef="1" ang="90,0,0" color="0,220,0" radius="0.5" length="4" />
		<capsule pos="17.25,33.0,-34.5" vel="0,0,0" mass="1" elasticityCoef="1" ang="90,0,0" color="0,220,0" radius="0.5" length="4" />
		<capsule pos="17.25,33.0,-32.199999999999996" vel="0,0,0" mass="1" elasticityCoef="1" ang="90,0,0" color="0,220,0" radius="0.5" length="4" />
		<capsule pos="17.25,33.0,-29.9" vel="0,0,0" mass="1" elasticityCoef="1" ang="90,0,0" color="0,220,0" radius="0.5" length="4" />
		<capsule pos="17.25,33.0,-27.599999999999998" vel="0,0,0" mass="1" elasticityCoef="1" ang="90,0,0" color="0,220,0" radius="0.5" length="4" />
		<capsule pos="17.25,33.0,-25.299999999999997" vel="0,0,0" mass="1" elasticityCoef="1" ang="90,0,0" color="0,220,0" radius="0.5" length="4" />
		<capsule pos="17.25,33.0,-22.999999999999996" vel="0,0,0" mass="1" elasticityCoef="1" ang="90,0,0" color="0,220,0" radius="0.5" length="4" />
		<capsule pos="17.25,33.0,-20.699999999999996" vel="0,0,0" mass="1" elasticityCoef="1" ang="90,0,0" color="0,220,0" radius="0.5" length="4" />
		<capsule pos="17.25,33.0,-18.4" vel="0,0,0" mass="1" elasticityCoef="1" ang="90,0,0" color="0,220,0" radius="0.5" length="4" />
		<capsule pos="17.25,33.0,-16.099999999999998" vel="0,0,0" mass="1" elasticityCoef="1" ang="90,0,0" color="0,220,0" radius="0.5" length="4" />
		<capsule pos="17.25,33.0,-13.799999999999997" vel="0,0,0" mass="1" elasticityCoef="1" ang="90,0,0" color="0,220,0" radius="0.5" length="4" />
		<capsule pos="17.25,33.0,-11.5" vel="0,0,0" mass="1" elasticityCoef="1" ang="90,0,0" color="0,220,0" radius="0.5" length="4" />
		<capsule pos="17.25,33.0,-9.199999999999996" vel="0,0,0" mass="1" elasticityCoef="1" ang="90,0,0" color="0,220,0" radius="0.5" length="4" />
		<capsule pos="17.25,33.0,-6.899999999999999" vel="0,0,0" mass="1" elasticityCoef="1" ang="90,0,0" color="0,220,0" radius="0.5" length="4" />
		<capsule pos="17.25,33.0,-4.600000000000001" vel="0,0,0" mass="1" elasticityCoef="1" ang="90,0,0" color="0,220,0" radius="0.5" length="4" />
		<capsule pos="17.25,33.0,-2.299999999999997" vel="0,0,0" mass="1" elasticityCoef="1" ang="90,0,0" color="0,220,0" radius="0.5" length="4" />
		<capsule pos="17.25,33.0,0.0" vel="0,0,0" mass="1" elasticityCoef="1" ang="90,0,0" color="0,220,0" radius="0.5" length="4" />
		<capsule pos="17.25,33.0,2.3000000000000043" vel="0,0,0" mass="1" elasticityCoef="1" ang="90,0,0" color="0,220,0" radius="0.5" length="4" />
		<capsule pos="17.25,33.0,4.600000000000001" vel="0,0,0" mass="1" elasticityCoef="1" ang="90,0,0" color="0,220,0" radius="0.5" length="4" />
		<capsule pos="17.25,33.0,6.899999999999999" vel="0,0,0" mass="1" elasticityCoef="1" ang="90,0,0" color="0,220,0" radius="0.5" length="4" />
		<capsule pos="17.25,33.0,9.200000000000003" vel="0,0,0" mass="1" elasticityCoef="1" ang="90,0,0" color="0,220,0" radius="0.5" length="4" />
		<capsule pos="17.25,33.0,11.5" vel="0,0,0" mass="1" elasticityCoef="1" ang="90,0,0" color="0,220,0" radius="0.5" length="4" />
		<capsule pos="17.25,33.0,13.799999999999997" vel="0,0,0" mass="1" elasticityCoef="1" ang="90,0,0" color="0,220,0" radius="0.5" length="4" />
		<capsule pos="17.25,33.0,16.1" vel="0,0,0" mass="1" elasticityCoef="1" ang="90,0,0" color="0,220,0" radius="0.5" length="4" />
		<capsule pos="17.25,33.0,18.4" vel="0,0,0" mass="1" elasticityCoef="1" ang="90,0,0" color="0,220,0" radius="0.5" length="4" />
		<capsule pos="17.25,33.0,20.699999999999996" vel="0,0,0" mass="1" elasticityCoef="1" ang="90,0,0" color="0,220,0" radius="0.5" length="4" />
		<capsule pos="17.25,33.0,22.999999999999993" vel="0,0,0" mass="1" elasticityCoef="1" ang="90,0,0" color="0,220,0" radius="0.5" length="4" />
		<capsule pos="17.25,33.0,25.300000000000004" vel="0,0,0" mass="1" elasticityCoef="1" ang="90,0,0" color="0,220,0" radius="0.5" length="4" />
		<capsule pos="17.25,33.0,27.6" vel="0,0,0" mass="1" elasticityCoef="1" ang="90,0,0" color="0,220,0" radius="0.5" length="4" />
		<capsule pos="17.25,33.0,29.9" vel="0,0,0" mass="1" elasticityCoef="1" ang="90,0,0" color="0,220,0" radius="0.5" length="4" />
		<capsule pos="17.25,33.0,32.199999999999996" vel="0,0,0" mass="1" elasticityCoef="1" ang="90,0,0" color="0,220,0" radius="0.5" length="4" />
		<capsule pos="17.25,33.0,34.49999999999999" vel="0,0,0" mass="1" elasticityCoef="1" ang="90,0,0" color="0,220,0" radius="0.5" length="4" />
		<capsule pos="17.25,33.0,36.800000000000004" vel="0,0,0" mass="1" elasticityCoef="1" ang="90,0,0" color="0,220,0" radius="0.5" length="4" />
		<capsule pos="17.25,33.0,39.1" vel="0,0,0" mass="1" elasticityCoef="1" ang="90,0,0" color="0,220,0" radius="0.5" length="4" />
		<capsule pos="17.25,33.0,41.4" vel="0,0,0" mass="1" elasticityCoef="1" ang="90,0,0" color="0,220,0" radius="0.5" length="4" />
		<capsule pos="17.25,38.5,-43.699999999999996" vel="0,0,0" mass="1" elasticityCoef="1" ang="90,0,0" color="0,220,0" radius="0.5" length="4" />
		<capsule pos="17.25,38.5,-41.4" vel="0,0,0" mass="1" elasticityCoef="1" ang="90,0,0" color="0,220,0" radius="0.5" length="4" />
		<capsule pos="17.25,38.5,-39.099999999999994" vel="0,0,0" mass="1" elasticityCoef="1" ang="90,0,0" color="0,220,0" radius="0.5" length="4" />
		<capsule pos="17.25,38.5,-36.8" vel="0,0,0" mass="1" elasticityCoef="1" ang="90,0,0" color="0,220,0" radius="0.5" length="4" />
		<capsule pos="17.25,38.5,-34.5" vel="0,0,0" mass="1" elasticityCoef="1" ang="90,0,0" color="0,220,0" radius="0.5" length="4" />
		<capsule pos="17.25,38.5,-32.199999999999996" vel="0,0,0" mass="1" elasticityCoef="1" ang="90,0,0" color="0,220,0" radius="0.5" length="4" />
		<capsule pos="17.25,38.5,-29.9" vel="0,0,0" mass="1" elasticityCoef="1" ang="90,0,0" color="0,220,0" radius="0.5" length="4" />
		<capsule pos="17.25,38.5,-27.599999999999998" vel="0,0,0" mass="1" elasticityCoef="1" ang="90,0,0" color="0,220,0" radius="0.5" length="4" />
		<capsule pos="17.25,38.5,-25.299999999999997" vel="0,0,0" mass="1" elasticityCoef="1" ang="90,0,0" color="0,220,0" radius="0.5" length="4" />
		<capsule pos="17.25,38.5,-22.999999999999996" vel="0,0,0" mass="1" elasticityCoef="1" ang="90,0,0" color="0,220,0" radius="0.5" length="4" />
		<capsule pos="17.25,38.5,-20.699999999999996" vel="0,0,0" mass="1" elasticityCoef="1" ang="90,0,0" color="0,220,0" radius="0.5" length="4" />
		<capsule pos="17.25,38.5,-18.4" vel="0,0,0" mass="1" elasticityCoef="1" ang="90,0,0" color="0,220,0" radius="0.5" length="4" />
		<capsule pos="17.25,38.5,-16.099999999999998" vel="0,0,0" mass="1" elasticityCoef="1" ang="90,0,0" color="0,220,0" radius="0.5" length="4" />
		<capsule pos="17.25,38.5,-13.799999999999997" vel="0,0,0" mass="1" elasticityCoef="1" ang="90,0,0" color="0,220,0" radius="0.5" length="4" />
		<capsule pos="17.25,38.5,-11.5" vel="0,0,0" mass="1" elasticityCoef="1" ang="90,0,0" color="0,220,0" radius="0.5" length="4" />
		<capsule pos="17.25,38.5,-9.199999999999996" vel="0,0,0" mass="1" elasticityCoef="1" ang="90,0,0" color="0,220,0" radius="0.5" length="4" />
		<capsule pos="17.25,38.5,-6.899999999999999" vel="0,0,0" mass="1" elasticityCoef="1" ang="90,0,0" color="0,220,0" radius="0.5" length="4" />
		<capsule pos="17.25,38.5,-4.600000000000001" vel="0,0,0" mass="1" elasticityCoef="1" ang="90,0,0" color="0,220,0" radius="0.5" length="4" />
		<capsule pos="17.25,38.5,-2.299999999999997" vel="0,0,0" mass="1" elasticityCoef="1" ang="90,0,0" color="0,220,0" radius="0.5" length="4" />
		<capsule pos="17.25,38.5,0.0" vel="0,0,0" mass="1" elasticityCoef="1" ang="90,0,0" color="0,220,0" radius="0.5" length="4" />
		<capsule pos="17.25,38.5,2.3000000000000043" vel="0,0,0" mass="1" elasticityCoef="1" ang="90,0,0" color="0,220,0" radius="0.5" length="4" />
		<capsule pos="17.25,38.5,4.600000000000001" vel="0,0,0" mass="1" elasticityCoef="1" ang="90,0,0" color="0,220,0" radius="0.5" length="4" />
		<capsule pos="17.25,38.5,6.899999999999999" vel="0,0,0" mass="1" elasticityCoef="1" ang="90,0,0" color="0,220,0" radius="0.5" length="4" />
		<capsule pos="17.25,38.5,9.200000000000003" vel="0,0,0" mass="1" elasticityCoef="1" ang="90,0,0" color="0,220,0" radius="0.5" length="4" />
		<capsule pos="17.25,38.5,11.5" vel="0,0,0" mass="1" elasticityCoef="1" ang="90,0,0" color="0,220,0" radius="0.5" length="4" />
		<capsule pos="17.25,38.5,13.799999999999997" vel="0,0,0" mass="1" elasticityCoef="1" ang="90,0,0" color="0,220,0" radius="0.5" length="4" />
		<capsule pos="17.25,38.5,16.1" vel="0,0,0" mass="1" elasticityCoef="1" ang="90,0,0" color="0,220,0" radius="0.5" length="4" />
		<capsule pos="17.25,38.5,18.4" vel="0,0,0" mass="1" elasticityCoef="1" ang="90,0,0" color="0,220,0" radius="0.5" length="4" />
		<capsule pos="17.25,38.5,20.699999999999996" vel="0,0,0" mass="1" elasticityCoef="1" ang="90,0,0" color="0,220,0" radius="0.5" length="4" />
		<capsule pos="17.25,38.5,22.999999999999993" vel="0,0,0" mass="1" elasticityCoef="1" ang="90,0,0" color="0,220,0" radius="0.5" length="4" />
		<capsule pos="17.25,38.5,25.300000000000004" vel="0,0,0" mass="1" elasticityCoef="1" ang="90,0,0" color="0,220,0" radius="0.5" length="4" />
		<capsule pos="17.25,38.5,27.6" vel="0,0,0" mass="1" elasticityCoef="1" ang="90,0,0" color="0,220,0" radius="0.5" length="4" />
		<capsule pos="17.25,38.5,29.9" vel="0,0,0" mass="1" elasticityCoef="1" ang="90,0,0" color="0,220,0" radius="0.5" length="4" />
		<capsule pos="17.25,38.5,32.199999999999996" vel="0,0,0" mass="1" elasticityCoef="1" ang="90,0,0" color="0,220,0" radius="0.5" length="4" />
		<capsule pos="17.25,38.5,34.49999999999999" vel="0,0,0" mass="1" elasticityCoef="1" ang="90,0,0" color="0,220,0" radius="0.5" length="4" />
		<capsule pos="17.25,38.5,36.800000000000004" vel="0,0,0" mass="1" elasticityCoef="1" ang="90,0,0" color="0,220,0" radius="0.5" length="4" />
		<capsule pos="17.25,38.5,39.1" vel="0,0,0" mass="1" elasticityCoef="1" ang="90,0,0" color="0,220,0" radius="0.5" length="4" />
		<capsule pos="17.25,38.5,41.4" vel="0,0,0" mass="1" elasticityCoef="1" ang="90,0,0" color="0,220,0" radius="0.5" length="4" />
		<capsule pos="17.25,44.0,-43.699999999999996" vel="0,0,0" mass="1" elasticityCoef="1" ang="90,0,0" color="0,220,0" radius="0.5" length="4" />
		<capsule pos="17.25,44.0,-41.4" vel="0,0,0" mass="1" elasticityCoef="1" ang="90,0,0" color="0,220,0" radius="0.5" length="4" />
		<capsule pos="17.25,44.0,-39.099999999999994" vel="0,0,0" mass="1" elasticityCoef="1" ang="90,0,0" color="0,220,0" radius="0.5" length="4" />
		<capsule pos="17.25,44.0,-36.8" vel="0,0,0" mass="1" elasticityCoef="1" ang="90,0,0" color="0,220,0" radius="0.5" length="4" />
		<capsule pos="17.25,44.0,-34.5" vel="0,0,0" mass="1" elasticityCoef="1" ang="90,0,0" color="0,220,0" radius="0.5" length="4" />
		<capsule pos="17.25,44.0,-32.199999999999996" vel="0,0,0" mass="1" elasticityCoef="1" ang="90,0,0" color="0,220,0" radius="0.5" length="4" />
		<capsule pos="17.25,44.0,-29.9" vel="0,0,0" mass="1" elasticityCoef="1" ang="90,0,0" color="0,220,0" radius="0.5" length="4" />
		<capsule pos="17.25,44.0,-27.599999999999998" vel="0,0,0" mass="1" elasticityCoef="1" ang="90,0,0" color="0,220,0" radius="0.5" length="4" />
		<capsule pos="17.25,44.0,-25.299999999999997" vel="0,0,0" mass="1" elasticityCoef="1" ang="90,0,0" color="0,220,0" radius="0.5" length="4" />
		<capsule pos="17.25,44.0,-22.999999999999996" vel="0,0,0" mass="1" elasticityCoef="1" ang="90,0,0" color="0,220,0" radius="0.5" length="4" />
		<capsule pos="17.25,44.0,-20.699999999999996" vel="0,0,0" mass="1" elasticityCoef="1" ang="90,0,0" color="0,220,0" radius="0.5" length="4" />
		<capsule pos="17.25,44.0,-18.4" vel="0,0,0" mass="1" elasticityCoef="1" ang="90,0,0" color="0,220,0" radius="0.5" length="4" />
		<capsule pos="17.25,44.0,-16.099999999999998" vel="0,0,0" mass="1" elasticityCoef="1" ang="90,0,0" color="0,220,0" radius="0.5" length="4" />
		<capsule pos="17.25,44.0,-13.799999999999997" vel="0,0,0" mass="1" elasticityCoef="1" ang="90,0,0" color="0,220,0" radius="0.5" length="4" />
		<capsule pos="17.25,44.0,-11.5" vel="0,0,0" mass="1" elasticityCoef="1" ang="90,0,0" color="0,220,0" radius="0.5" length="4" />
		<capsule pos="17.25,44.0,-9.199999999999996" vel="0,0,0" mass="1" elasticityCoef="1" ang="90,0,0" color="0,220,0" radius="0.5" length="4" />
		<capsule pos="17.25,44.0,-6.899999999999999" vel="0,0,0" mass="1" elasticityCoef="1" ang="90,0,0" color="0,220,0" radius="0.5" length="4" />
		<capsule pos="17.25,44.0,-4.600000000000001" vel="0,0,0" mass="1" elasticityCoef="1" ang="90,0,0" color="0,220,0" radius="0.5" length="4" />
		<capsule pos="17.25,44.0,-2.299999999999997" vel="0,0,0" mass="1" elasticityCoef="1" ang="90,0,0" color="0,220,0" radius="0.5" length="4" />
		<capsule pos="17.25,44.0,0.0" vel="0,0,0" mass="1" elasticityCoef="1" ang="90,0,0" color="0,220,0" radius="0.5" length="4" />
		<capsule pos="17.25,44.0,2.3000000000000043" vel="0,0,0" mass="1" elasticityCoef="1" ang="90,0,0" color="0,220,0" radius="0.5" length="4" />
		<capsule pos="17.25,44.0,4.600000000000001" vel="0,0,0" mass="1" elasticityCoef="1" ang="90,0,0" color="0,220,0" radius="0.5" length="4" />
		<capsule pos="17.25,44.0,6.899999999999999" vel="0,0,0" mass="1" elasticityCoef="1" ang="90,0,0" color="0,220,0" radius="0.5" length="4" />
		<capsule pos="17.25,44.0,9.200000000000003" vel="0,0,0" mass="1" elasticityCoef="1" ang="90,0,0" color="0,220,0" radius="0.5" length="4" />
		<capsule pos="17.25,44.0,11.5" vel="0,0,0" mass="1" elasticityCoef="1" ang="90,0,0" color="0,220,0" radius="0.5" length="4" />
		<capsule pos="17.25,44.0,13.799999999999997" vel="0,0,0" mass="1" elasticityCoef="1" ang="90,0,0" color="0,220,0" radius="0.5" length="4" />
		<capsule pos="17.25,44.0,16.1" vel="0,0,0" mass="1" elasticityCoef="1" ang="90,0,0" color="0,220,0" radius="0.5" length="4" />
		<capsule pos="17.25,44.0,18.4" vel="0,0,0" mass="1" elasticityCoef="1" ang="90,0,0" color="0,220,0" radius="0.5" length="4" />
		<capsule pos="17.25,44.0,20.699999999999996" vel="0,0,0" mass="1" elasticityCoef="1" ang="90,0,0" color="0,220,0" radius="0.5" length="4" />
		<capsule pos="17.25,44.0,22.999999999999993" vel="0,0,0" mass="1" elasticityCoef="1" ang="90,0,0" color="0,220,0" radius="0.5" length="4" />
		<capsule pos="17.25,44.0,25.300000000000004" vel="0,0,0" mass="1" elasticityCoef="1" ang="90,0,0" color="0,220,0" radius="0.5" length="4" />
		<capsule pos="17.25,44.0,27.6" vel="0,0,0" mass="1" elasticityCoef="1" ang="90,0,0" color="0,220,0" radius="0.5" length="4" />
		<capsule pos="17.25,44.0,29.9" vel="0,0,0" mass="1" elasticityCoef="1" ang="90,0,0" color="0,220,0" radius="0.5" length="4" />
		<capsule pos="17.25,44.0,32.199999999999996" vel="0,0,0" mass="1" elasticityCoef="1" ang="90,0,0" color="0,220,0" radius="0.5" length="4" />
		<capsule pos="17.25,44.0,34.49999999999999" vel="0,0,0" mass="1" elasticityCoef="1" ang="90,0,0" color="0,220,0" radius="0.5" length="4" />
		<capsule pos="17.25,44.0,36.800000000000004" vel="0,0,0" mass="1" elasticityCoef="1" ang="90,0,0" color="0,220,0" radius="0.5" length="4" />
		<capsule pos="17.25,44.0,39.1" vel="0,0,0" mass="1" elasticityCoef="1" ang="90,0,0" color="0,220,0" radius="0.5" length="4" />
		<capsule pos="17.25,44.0,41.4" vel="0,0,0" mass="1" elasticityCoef="1" ang="90,0,0" color="0,220,0" radius="0.5" length="4" />
		<capsule pos="19.549999999999997,-49.5,-43.699999999999996" vel="0,0,0" mass="1" elasticityCoef="1" ang="90,0,0" color="0,220,0" radius="0.5" length="4" />
		<capsule pos="19.549999999999997,-49.5,-41.4" vel="0,0,0" mass="1" elasticityCoef="1" ang="90,0,0" color="0,220,0" radius="0.5" length="4" />
		<capsule pos="19.549999999999997,-49.5,-39.099999999999994" vel="0,0,0" mass="1" elasticityCoef="1" ang="90,0,0" color="0,220,0" radius="0.5" length="4" />
		<capsule pos="19.549999999999997,-49.5,-36.8" vel="0,0,0" mass="1" elasticityCoef="1" ang="90,0,0" color="0,220,0" radius="0.5" length="4" />
		<capsule pos="19.549999999999997,-49.5,-34.5" vel="0,0,0" mass="1" elasticityCoef="1" ang="90,0,0" color="0,220,0" radius="0.5" length="4" />
		<capsule pos="19.549999999999997,-49.5,-32.199999999999996" vel="0,0,0" mass="1" elasticityCoef="1" ang="90,0,0" color="0,220,0" radius="0.5" length="4" />
		<capsule pos="19.549999999999997,-49.5,-29.9" vel="0,0,0" mass="1" elasticityCoef="1" ang="90,0,0" color="0,220,0" radius="0.5" length="4" />
		<capsule pos="19.549999999999997,-49.5,-27.599999999999998" vel="0,0,0" mass="1" elasticityCoef="1" ang="90,0,0" color="0,220,0" radius="0.5" length="4" />
		<capsule pos="19.549999999999997,-49.5,-25.299999999999997" vel="0,0,0" mass="1" elasticityCoef="1" ang="90,0,0" color="0,220,0" radius="0.5" length="4" />
		<capsule pos="19.549999999999997,-49.5,-22.999999999999996" vel="0,0,0" mass="1" elasticityCoef="1" ang="90,0,0" color="0,220,0" radius="0.5" length="4" />
		<capsule pos="19.549999999999997,-49.5,-20.699999999999996" vel="0,0,0" mass="1" elasticityCoef="1" ang="90,0,0" color="0,220,0" radius="0.5" length="4" />
		<capsule pos="19.549999999999997,-49.5,-18.4" vel="0,0,0" mass="1" elasticityCoef="1" ang="90,0,0" color="0,220,0" radius="0.5" length="4" />
		<capsule pos="19.549999999999997,-49.5,-16.099999999999998" vel="0,0,0" mass="1" elasticityCoef="1" ang="90,0,0" color="0,220,0" radius="0.5" length="4" />
		<capsule pos="19.549999999999997,-49.5,-13.799999999999997" vel="0,0,0" mass="1" elasticityCoef="1" ang="90,0,0" color="0,220,0" radius="0.5" length="4" />
		<capsule pos="19.549999999999997,-49.5,-11.5" vel="0,0,0" mass="1" elasticityCoef="1" ang="90,0,0" color="0,220,0" radius="0.5" length="4" />
		<capsule pos="19.549999999999997,-49.5,-9.199999999999996" vel="0,0,0" mass="1" elasticityCoef="1" ang="90,0,0" color="0,220,0" radius="0.5" length="4" />
		<capsule pos="19.549999999999997,-49.5,-6.899999999999999" vel="0,0,0" mass="1" elasticityCoef="1" ang="90,0,0" color="0,220,0" radius="0.5" length="4" />
		<capsule pos="19.549999999999997,-49.5,-4.600000000000001" vel="0,0,0" mass="1" elasticityCoef="1" ang="90,0,0" color="0,220,0" radius="0.5" length="4" />
		<capsule pos="19.549999999999997,-49.5,-2.299999999999997" vel="0,0,0" mass="1" elasticityCoef="1" ang="90,0,0" color="0,220,0" radius="0.5" length="4" />
		<capsule pos="19.549999999999997,-49.5,0.0" vel="0,0,0" mass="1" elasticityCoef="1" ang="90,0,0" color="0,220,0" radius="0.5" length="4" />
		<capsule pos="19.549999999999997,-49.5,2.3000000000000043" vel="0,0,0" mass="1" elasticityCoef="1" ang="90,0,0" color="0,220,0" radius="0.5" length="4" />
		<capsule pos="19.549999999999997,-49.5,4.600000000000001" vel="0,0,0" mass="1" elasticityCoef="1" ang="90,0,0" color="0,220,0" radius="0.5" length="4" />
		<capsule pos="19.549999999999997,-49.5,6.899999999999999" vel="0,0,0" mass="1" elasticityCoef="1" ang="90,0,0" color="0,220,0" radius="0.5" length="4" />
		<capsule pos="19.549999999999997,-49.5,9.200000000000003" vel="0,0,0" mass="1" elasticityCoef="1" ang="90,0,0" color="0,220,0" radius="0.5" length="4" />
		<capsule pos="19.549999999999997,-49.5,11.5" vel="0,0,0" mass="1" elasticityCoef="1" ang="90,0,0" color="0,220,0" radius="0.5" length="4" />
		<capsule pos="19.549999999999997,-49.5,13.799999999999997" vel="0,0,0" mass="1" elasticityCoef="1" ang="90,0,0" color="0,220,0" radius="0.5" length="4" />
		<capsule pos="19.549999999999997,-49.5,16.1" vel="0,0,0" mass="1" elasticityCoef="1" ang="90,0,0" color="0,220,0" radius="0.5" length="4" />
		<capsule pos="19.549999999999997,-49.5,18.4" vel="0,0,0" mass="1" elasticityCoef="1" ang="90,0,0" color="0,220,0" radius="0.5" length="4" />
		<capsule pos="19.549999999999997,-49.5,20.699999999999996" vel="0,0,0" mass="1" elasticityCoef="1" ang="90,0,0" color="0,220,0" radius="0.5" length="4" />
		<capsule pos="19.549999999999997,-49.5,22.999999999999993" vel="0,0,0" mass="1" elasticityCoef="1" ang="90,0,0" color="0,220,0" radius="0.5" length="4" />
		<capsule pos="19.549999999999997,-49.5,25.300000000000004" vel="0,0,0" mass="1" elasticityCoef="1" ang="90,0,0" color="0,220,0" radius="0.5" length="4" />
		<capsule pos="19.549999999999997,-49.5,27.6" vel="0,0,0" mass="1" elasticityCoef="1" ang="90,0,0" color="0,220,0" radius="0.5" length="4" />
		<capsule pos="19.549999999999997,-49.5,29.9" vel="0,0,0" mass="1" elasticityCoef="1" ang="90,0,0" color="0,220,0" radius="0.5" length="4" />
		<capsule pos="19.549999999999997,-49.5,32.199999999999996" vel="0,0,0" mass="1" elasticityCoef="1" ang="90,0,0" color="0,220,0" radius="0.5" length="4" />
		<capsule pos="19.549999999999997,-49.5,34.49999999999999" vel="0,0,0" mass="1" elasticityCoef="1" ang="90,0,0" color="0,220,0" radius="0.5" length="4" />
		<capsule pos="19.549999999999997,-49.5,36.800000000000004" vel="0,0,0" mass="1" elasticityCoef="1" ang="90,0,0" color="0,220,0" radius="0.5" length="4" />
		<capsule pos="19.549999999999997,-49.5,39.1" vel="0,0,0" mass="1" elasticityCoef="1" ang="90,0,0" color="0,220,0" radius="0.5" length="4" />
		<capsule pos="19.549999999999997,-49.5,41.4" vel="0,0,0" mass="1" elasticityCoef="1" ang="90,0,0" color="0,220,0" radius="0.5" length="4" />
		<capsule pos="19.549999999999997,-44.0,-43.699999999999996" vel="0,0,0" mass="1" elasticityCoef="1" ang="90,0,0" color="0,220,0" radius="0.5" length="4" />
		<capsule pos="19.549999999999997,-44.0,-41.4" vel="0,0,0" mass="1" elasticityCoef="1" ang="90,0,0" color="0,220,0" radius="0.5" length="4" />
		<capsule pos="19.549999999999997,-44.0,-39.099999999999994" vel="0,0,0" mass="1" elasticityCoef="1" ang="90,0,0" color="0,220,0" radius="0.5" length="4" />
		<capsule pos="19.549999999999997,-44.0,-36.8" vel="0,0,0" mass="1" elasticityCoef="1" ang="90,0,0" color="0,220,0" radius="0.5" length="4" />
		<capsule pos="19.549999999999997,-44.0,-34.5" vel="0,0,0" mass="1" elasticityCoef="1" ang="90,0,0" color="0,220,0" radius="0.5" length="4" />
		<capsule pos="19.549999999999997,-44.0,-32.199999999999996" vel="0,0,0" mass="1" elasticityCoef="1" ang="90,0,0" color="0,220,0" radius="0.5" length="4" />
		<capsule pos="19.549999999999997,-44.0,-29.9" vel="0,0,0" mass="1" elasticityCoef="1" ang="90,0,0" color="0,220,0" radius="0.5" length="4" />
		<capsule pos="19.549999999999997,-44.0,-27.599999999999998" vel="0,0,0" mass="1" elasticityCoef="1" ang="90,0,0" color="0,220,0" radius="0.5" length="4" />
		<capsule pos="19.549999999999997,-44.0,-25.299999999999997" vel="0,0,0" mass="1" elasticityCoef="1" ang="90,0,0" color="0,220,0" radius="0.5" length="4" />
		<capsule pos="19.549999999999997,-44.0,-22.999999999999996" vel="0,0,0" mass="1" elasticityCoef="1" ang="90,0,0" color="0,220,0" radius="0.5" length="4" />
		<capsule pos="19.549999999999997,-44.0,-20.699999999999996" vel="0,0,0" mass="1" elasticityCoef="1" ang="90,0,0" color="0,220,0" radius="0.5" length="4" />
		<capsule pos="19.549999999999997,-44.0,-18.4" vel="0,0,0" mass="1" elasticityCoef="1" ang="90,0,0" color="0,220,0" radius="0.5" length="4" />
		<capsule pos="19.549999999999997,-44.0,-16.099999999999998" vel="0,0,0" mass="1" elasticityCoef="1" ang="90,0,0" color="0,220,0" radius="0.5" length="4" />
		<capsule pos="19.549999999999997,-44.0,-13.799999999999997" vel="0,0,0" mass="1" elasticityCoef="1" ang="90,0,0" color="0,220,0" radius="0.5" length="4" />
		<capsule pos="19.549999999999997,-44.0,-11.5" vel="0,0,0" mass="1" elasticityCoef="1" ang="90,0,0" color="0,220,0" radius="0.5" length="4" />
		<capsule pos="19.549999999999997,-44.0,-9.199999999999996" vel="0,0,0" mass="1" elasticityCoef="1" ang="90,0,0" color="0,220,0" radius="0.5" length="4" />
		<capsule pos="19.549999999999997,-44.0,-6.899999999999999" vel="0,0,0" mass="1" elasticityCoef="1" ang="90,0,0" color="0,220,0" radius="0.5" length="4" />
		<capsule pos="19.549999999999997,-44.0,-4.600000000000001" vel="0,0,0" mass="1" elasticityCoef="1" ang="90,0,0" color="0,220,0" radius="0.5" length="4" />
		<capsule pos="19.549999999999997,-44.0,-2.299999999999997" vel="0,0,0" mass="1" elasticityCoef="1" ang="90,0,0" color="0,220,0" radius="0.5" length="4" />
		<capsule pos="19.549999999999997,-44.0,0.0" vel="0,0,0" mass="1" elasticityCoef="1" ang="90,0,0" color="0,220,0" radius="0.5" length="4" />
		<capsule pos="19.549999999999997,-44.0,2.3000000000000043" vel="0,0,0" mass="1" elasticityCoef="1" ang="90,0,0" color="0,220,0" radius="0.5" length="4" />
		<capsule pos="19.549999999999997,-44.0,4.600000000000001" vel="0,0,0" mass="1" elasticityCoef="1" ang="90,0,0" color="0,220,0" radius="0.5" length="4" />
		<capsule pos="19.549999999999997,-44.0,6.899999999999999" vel="0,0,0" mass="1" elasticityCoef="1" ang="90,0,0" color="0,220,0" radius="0.5" length="4" />
		<capsule pos="19.549999999999997,-44.0,9.200000000000003" vel="0,0,0" mass="1" elasticityCoef="1" ang="90,0,0" color="0,220,0" radius="0.5" length="4" />
		<capsule pos="19.549999999999997,-44.0,11.5" vel="0,0,0" mass="1" elasticityCoef="1" ang="90,0,0" color="0,220,0" radius="0.5" length="4" />
		<capsule pos="19.549999999999997,-44.0,13.799999999999997" vel="0,0,0" mass="1" elasticityCoef="1" ang="90,0,0" color="0,220,0" radius="0.5" length="4" />
		<capsule pos="19.549999999999997,-44.0,16.1" vel="0,0,0" mass="1" elasticityCoef="1" ang="90,0,0" color="0,220,0" radius="0.5" length="4" />
		<capsule pos="19.549999999999997,-44.0,18.4" vel="0,0,0" mass="1" elasticityCoef="1" ang="90,0,0" color="0,220,0" radius="0.5" length="4" />
		<capsule pos="19.549999999999997,-44.0,20.699999999999996" vel="0,0,0" mass="1" elasticityCoef="1" ang="90,0,0" color="0,220,0" radius="0.5" length="4" />
		<capsule pos="19.549999999999997,-44.0,22.999999999999993" vel="0,0,0" mass="1" elasticityCoef="1" ang="90,0,0" color="0,220,0" radius="0.5" length="4" />
		<capsule pos="19.549999999999997,-44.0,25.300000000000004" vel="0,0,0" mass="1" elasticityCoef="1" ang="90,0,0" color="0,220,0" radius="0.5" length="4" />
		<capsule pos="19.549999999999997,-44.0,27.6" vel="0,0,0" mass="1" elasticityCoef="1" ang="90,0,0" color="0,220,0" radius="0.5" length="4" />
		<capsule pos="19.549999999999997,-44.0,29.9" vel="0,0,0" mass="1" elasticityCoef="1" ang="90,0,0" color="0,220,0" radius="0.5" length="4" />
		<capsule pos="19.549999999999997,-44.0,32.199999999999996" vel="0,0,0" mass="1" elasticityCoef="1" ang="90,0,0" color="0,220,0" radius="0.5" length="4" />
		<capsule pos="19.549999999999997,-44.0,34.49999999999999" vel="0,0,0" mass="1" elasticityCoef="1" ang="90,0,0" color="0,220,0" radius="0.5" length="4" />
		<capsule pos="19.549999999999997,-44.0,36.800000000000004" vel="0,0,0" mass="1" elasticityCoef="1" ang="90,0,0" color="0,220,0" radius="0.5" length="4" />
		<capsule pos="19.549999999999997,-44.0,39.1" vel="0,0,0" mass="1" elasticityCoef="1" ang="90,0,0" color="0,220,0" radius="0.5" length="4" />
		<capsule pos="19.549999999999997,-44.0,41.4" vel="0,0,0" mass="1" elasticityCoef="1" ang="90,0,0" color="0,220,0" radius="0.5" length="4" />
		<capsule pos="19.549999999999997,-38.5,-43.699999999999996" vel="0,0,0" mass="1" elasticityCoef="1" ang="90,0,0" color="0,220,0" radius="0.5" length="4" />
		<capsule pos="19.549999999999997,-38.5,-41.4" vel="0,0,0" mass="1" elasticityCoef="1" ang="90,0,0" color="0,220,0" radius="0.5" length="4" />
		<capsule pos="19.549999999999997,-38.5,-39.099999999999994" vel="0,0,0" mass="1" elasticityCoef="1" ang="90,0,0" color="0,220,0" radius="0.5" length="4" />
		<capsule pos="19.549999999999997,-38.5,-36.8" vel="0,0,0" mass="1" elasticityCoef="1" ang="90,0,0" color="0,220,0" radius="0.5" length="4" />
		<capsule pos="19.549999999999997,-38.5,-34.5" vel="0,0,0" mass="1" elasticityCoef="1" ang="90,0,0" color="0,220,0" radius="0.5" length="4" />
		<capsule pos="19.549999999999997,-38.5,-32.199999999999996" vel="0,0,0" mass="1" elasticityCoef="1" ang="90,0,0" color="0,220,0" radius="0.5" length="4" />
		<capsule pos="19.549999999999997,-38.5,-29.9" vel="0,0,0" mass="1" elasticityCoef="1" ang="90,0,0" color="0,220,0" radius="0.5" length="4" />
		<capsule pos="19.549999999999997,-38.5,-27.599999999999998" vel="0,0,0" mass="1" elasticityCoef="1" ang="90,0,0" color="0,220,0" radius="0.5" length="4" />
		<capsule pos="19.549999999999997,-38.5,-25.299999999999997" vel="0,0,0" mass="1" elasticityCoef="1" ang="90,0,0" color="0,220,0" radius="0.5" length="4" />
		<capsule pos="19.549999999999997,-38.5,-22.999999999999996" vel="0,0,0" mass="1" elasticityCoef="1" ang="90,0,0" color="0,220,0" radius="0.5" length="4" />
		<capsule pos="19.549999999999997,-38.5,-20.699999999999996" vel="0,0,0" mass="1" elasticityCoef="1" ang="90,0,0" color="0,220,0" radius="0.5" length="4" />
		<capsule pos="19.549999999999997,-38.5,-18.4" vel="0,0,0" mass="1" elasticityCoef="1" ang="90,0,0" color="0,220,0" radius="0.5" length="4" />
		<capsule pos="19.549999999999997,-38.5,-16.099999999999998" vel="0,0,0" mass="1" elasticityCoef="1" ang="90,0,0" color="0,220,0" radius="0.5" length="4" />
		<capsule pos="19.549999999999997,-38.5,-13.799999999999997" vel="0,0,0" mass="1" elasticityCoef="1" ang="90,0,0" color="0,220,0" radius="0.5" length="4" />
		<capsule pos="19.549999999999997,-38.5,-11.5" vel="0,0,0" mass="1" elasticityCoef="1" ang="90,0,0" color="0,220,0" radius="0.5" length="4" />
		<capsule pos="19.549999999999997,-38.5,-9.199999999999996" vel="0,0,0" mass="1" elasticityCoef="1" ang="90,0,0" color="0,220,0" radius="0.5" length="4" />
		<capsule pos="19.549999999999997,-38.5,-6.899999999999999" vel="0,0,0" mass="1" elasticityCoef="1" ang="90,0,0" color="0,220,0" radius="0.5" length="4" />
		<capsule pos="19.549999999999997,-38.5,-4.600000000000001" vel="0,0,0" mass="1" elasticityCoef="1" ang="90,0,0" color="0,220,0" radius="0.5" length="4" />
		<capsule pos="19.549999999999997,-38.5,-2.299999999999997" vel="0,0,0" mass="1" elasticityCoef="1" ang="90,0,0" color="0,220,0" radius="0.5" length="4" />
		<capsule pos="19.549999999999997,-38.5,0.0" vel="0,0,0" mass="1" elasticityCoef="1" ang="90,0,0" color="0,220,0" radius="0.5" length="4" />
		<capsule pos="19.549999999999997,-38.5,2.3000000000000043" vel="0,0,0" mass="1" elasticityCoef="1" ang="90,0,0" color="0,220,0" radius="0.5" length="4" />
		<capsule pos="19.549999999999997,-38.5,4.600000000000001" vel="0,0,0" mass="1" elasticityCoef="1" ang="90,0,0" color="0,220,0" radius="0.5" length="4" />
		<capsule pos="19.549999999999997,-38.5,6.899999999999999" vel="0,0,0" mass="1" elasticityCoef="1" ang="90,0,0" color="0,220,0" radius="0.5" length="4" />
		<capsule pos="19.549999999999997,-38.5,9.200000000000003" vel="0,0,0" mass="1" elasticityCoef="1" ang="90,0,0" color="0,220,0" radius="0.5" length="4" />
		<capsule pos="19.549999999999997,-38.5,11.5" vel="0,0,0" mass="1" elasticityCoef="1" ang="90,0,0" color="0,220,0" radius="0.5" length="4" />
		<capsule pos="19.549999999999997,-38.5,13.799999999999997" vel="0,0,0" mass="1" elasticityCoef="1" ang="90,0,0" color="0,220,0" radius="0.5" length="4" />
		<capsule pos="19.549999999999997,-38.5,16.1" vel="0,0,0" mass="1" elasticityCoef="1" ang="90,0,0" color="0,220,0" radius="0.5" length="4" />
		<capsule pos="19.549999999999997,-38.5,18.4" vel="0,0,0" mass="1" elasticityCoef="1" ang="90,0,0" color="0,220,0" radius="0.5" length="4" />
		<capsule pos="19.549999999999997,-38.5,20.699999999999996" vel="0,0,0" mass="1" elasticityCoef="1" ang="90,0,0" color="0,220,0" radius="0.5" length="4" />
		<capsule pos="19.549999999999997,-38.5,22.999999999999993" vel="0,0,0" mass="1" elasticityCoef="1" ang="90,0,0" color="0,220,0" radius="0.5" length="4" />
		<capsule pos="19.549999999999997,-38.5,25.300000000000004" vel="0,0,0" mass="1" elasticityCoef="1" ang="90,0,0" color="0,220,0" radius="0.5" length="4" />
		<capsule pos="19.549999999999997,-38.5,27.6" vel="0,0,0" mass="1" elasticityCoef="1" ang="90,0,0" color="0,220,0" radius="0.5" length="4" />
		<capsule pos="19.549999999999997,-38.5,29.9" vel="0,0,0" mass="1" elasticityCoef="1" ang="90,0,0" color="0,220,0" radius="0.5" length="4" />
		<capsule pos="19.549999999999997,-38.5,32.199999999999996" vel="0,0,0" mass="1" elasticityCoef="1" ang="90,0,0" color="0,220,0" radius="0.5" length="4" />
		<capsule pos="19.549999999999997,-38.5,34.49999999999999" vel="0,0,0" mass="1" elasticityCoef="1" ang="90,0,0" color="0,220,0" radius="0.5" length="4" />
		<capsule pos="19.549999999999997,-38.5,36.800000000000004" vel="0,0,0" mass="1" elasticityCoef="1" ang="90,0,0" color="0,220,0" radius="0.5" length="4" />
		<capsule pos="19.549999999999997,-38.5,39.1" vel="0,0,0" mass="1" elasticityCoef="1" ang="90,0,0" color="0,220,0" radius="0.5" length="4" />
		<capsule pos="19.549999999999997,-38.5,41.4" vel="0,0,0" mass="1" elasticityCoef="1" ang="90,0,0" color="0,220,0" radius="0.5" length="4" />
		<capsule pos="19.549999999999997,-33.0,-43.699999999999996" vel="0,0,0" mass="1" elasticityCoef="1" ang="90,0,0" color="0,220,0" radius="0.5" length="4" />
		<capsule pos="19.549999999999997,-33.0,-41.4" vel="0,0,0" mass="1" elasticityCoef="1" ang="90,0,0" color="0,220,0" radius="0.5" length="4" />
		<capsule pos="19.549999999999997,-33.0,-39.099999999999994" vel="0,0,0" mass="1" elasticityCoef="1" ang="90,0,0" color="0,220,0" radius="0.5" length="4" />
		<capsule pos="19.549999999999997,-33.0,-36.8" vel="0,0,0" mass="1" elasticityCoef="1" ang="90,0,0" color="0,220,0" radius="0.5" length="4" />
		<capsule pos="19.549999999999997,-33.0,-34.5" vel="0,0,0" mass="1" elasticityCoef="1" ang="90,0,0" color="0,220,0" radius="0.5" length="4" />
		<capsule pos="19.549999999999997,-33.0,-32.199999999999996" vel="0,0,0" mass="1" elasticityCoef="1" ang="90,0,0" color="0,220,0" radius="0.5" length="4" />
		<capsule pos="19.549999999999997,-33.0,-29.9" vel="0,0,0" mass="1" elasticityCoef="1" ang="90,0,0" color="0,220,0" radius="0.5" length="4" />
		<capsule pos="19.549999999999997,-33.0,-27.599999999999998" vel="0,0,0" mass="1" elasticityCoef="1" ang="90,0,0" color="0,220,0" radius="0.5" length="4" />
		<capsule pos="19.549999999999997,-33.0,-25.299999999999997" vel="0,0,0" mass="1" elasticityCoef="1" ang="90,0,0" color="0,220,0" radius="0.5" length="4" />
		<capsule pos="19.549999999999997,-33.0,-22.999999999999996" vel="0,0,0" mass="1" elasticityCoef="1" ang="90,0,0" color="0,220,0" radius="0.5" length="4" />
		<capsule pos="19.549999999999997,-33.0,-20.699999999999996" vel="0,0,0" mass="1" elasticityCoef="1" ang="90,0,0" color="0,220,0" radius="0.5" length="4" />
		<capsule pos="19.549999999999997,-33.0,-18.4" vel="0,0,0" mass="1" elasticityCoef="1" ang="90,0,0" color="0,220,0" radius="0.5" length="4" />
		<capsule pos="19.549999999999997,-33.0,-16.099999999999998" vel="0,0,0" mass="1" elasticityCoef="1" ang="90,0,0" color="0,220,0" radius="0.5" length="4" />
		<capsule pos="19.549999999999997,-33.0,-13.799999999999997" vel="0,0,0" mass="1" elasticityCoef="1" ang="90,0,0" color="0,220,0" radius="0.5" length="4" />
		<capsule pos="19.549999999999997,-33.0,-11.5" vel="0,0,0" mass="1" elasticityCoef="1" ang="90,0,0" color="0,220,0" radius="0.5" length="4" />
		<capsule pos="19.549999999999997,-33.0,-9.199999999999996" vel="0,0,0" mass="1" elasticityCoef="1" ang="90,0,0" color="0,220,0" radius="0.5" length="4" />
		<capsule pos="19.549999999999997,-33.0,-6.899999999999999" vel="0,0,0" mass="1" elasticityCoef="1" ang="90,0,0" color="0,220,0" radius="0.5" length="4" />
		<capsule pos="19.549999999999997,-33.0,-4.600000000000001" vel="0,0,0" mass="1" elasticityCoef="1" ang="90,0,0" color="0,220,0" radius="0.5" length="4" />
		<capsule pos="19.549999999999997,-33.0,-2.299999999999997" vel="0,0,0" mass="1" elasticityCoef="1" ang="90,0,0" color="0,220,0" radius="0.5" length="4" />
		<capsule pos="19.549999999999997,-33.0,0.0" vel="0,0,0" mass="1" elasticityCoef="1" ang="90,0,0" color="0,220,0" radius="0.5" length="4" />
		<capsule pos="19.549999999999997,-33.0,2.3000000000000043" vel="0,0,0" mass="1" elasticityCoef="1" ang="90,0,0" color="0,220,0" radius="0.5" length="4" />
		<capsule pos="19.549999999999997,-33.0,4.600000000000001" vel="0,0,0" mass="1" elasticityCoef="1" ang="90,0,0" color="0,220,0" radius="0.5" length="4" />
		<capsule pos="19.549999999999997,-33.0,6.899999999999999" vel="0,0,0" mass="1" elasticityCoef="1" ang="90,0,0" color="0,220,0" radius="0.5" length="4" />
		<capsule pos="19.549999999999997,-33.0,9.200000000000003" vel="0,0,0" mass="1" elasticityCoef="1" ang="90,0,0" color="0,220,0" radius="0.5" length="4" />
		<capsule pos="19.549999999999997,-33.0,11.5" vel="0,0,0" mass="1" elasticityCoef="1" ang="90,0,0" color="0,220,0" radius="0.5" length="4" />
		<capsule pos="19.549999999999997,-33.0,13.799999999999997" vel="0,0,0" mass="1" elasticityCoef="1" ang="90,0,0" color="0,220,0" radius="0.5" length="4" />
		<capsule pos="19.549999999999997,-33.0,16.1" vel="0,0,0" mass="1" elasticityCoef="1" ang="90,0,0" color="0,220,0" radius="0.5" length="4" />
		<capsule pos="19.549999999999997,-33.0,18.4" vel="0,0,0" mass="1" elasticityCoef="1" ang="90,0,0" color="0,220,0" radius="0.5" length="4" />
		<capsule pos="19.549999999999997,-33.0,20.699999999999996" vel="0,0,0" mass="1" elasticityCoef="1" ang="90,0,0" color="0,220,0" radius="0.5" length="4" />
		<capsule pos="19.549999999999997,-33.0,22.999999999999993" vel="0,0,0" mass="1" elasticityCoef="1" ang="90,0,0" color="0,220,0" radius="0.5" length="4" />
		<capsule pos="19.549999999999997,-33.0,25.300000000000004" vel="0,0,0" mass="1" elasticityCoef="1" ang="90,0,0" color="0,220,0" radius="0.5" length="4" />
		<capsule pos="19.549999999999997,-33.0,27.6" vel="0,0,0" mass="1" elasticityCoef="1" ang="90,0,0" color="0,220,0" radius="0.5" length="4" />
		<capsule pos="19.549999999999997,-33.0,29.9" vel="0,0,0" mass="1" elasticityCoef="1" ang="90,0,0" color="0,220,0" radius="0.5" length="4" />
		<capsule pos="19.549999999999997,-33.0,32.199999999999996" vel="0,0,0" mass="1" elasticityCoef="1" ang="90,0,0" color="0,220,0" radius="0.5" length="4" />
		<capsule pos="19.549999999999997,-33.0,34.49999999999999" vel="0,0,0" mass="1" elasticityCoef="1" ang="90,0,0" color="0,220,0" radius="0.5" length="4" />
		<capsule pos="19.549999999999997,-33.0,36.800000000000004" vel="0,0,0" mass="1" elasticityCoef="1" ang="90,0,0" color="0,220,0" radius="0.5" length="4" />
		<capsule pos="19.549999999999997,-33.0,39.1" vel="0,0,0" mass="1" elasticityCoef="1" ang="90,0,0" color="0,220,0" radius="0.5" length="4" />
		<capsule pos="19.549999999999997,-33.0,41.4" vel="0,0,0" mass="1" elasticityCoef="1" ang="90,0,0" color="0,220,0" radius="0.5" length="4" />
		<capsule pos="19.549999999999997,-27.5,-43.699999999999996" vel="0,0,0" mass="1" elasticityCoef="1" ang="90,0,0" color="0,220,0" radius="0.5" length="4" />
		<capsule pos="19.549999999999997,-27.5,-41.4" vel="0,0,0" mass="1" elasticityCoef="1" ang="90,0,0" color="0,220,0" radius="0.5" length="4" />
		<capsule pos="19.549999999999997,-27.5,-39.099999999999994" vel="0,0,0" mass="1" elasticityCoef="1" ang="90,0,0" color="0,220,0" radius="0.5" length="4" />
		<capsule pos="19.549999999999997,-27.5,-36.8" vel="0,0,0" mass="1" elasticityCoef="1" ang="90,0,0" color="0,220,0" radius="0.5" length="4" />
		<capsule pos="19.549999999999997,-27.5,-34.5" vel="0,0,0" mass="1" elasticityCoef="1" ang="90,0,0" color="0,220,0" radius="0.5" length="4" />
		<capsule pos="19.549999999999997,-27.5,-32.199999999999996" vel="0,0,0" mass="1" elasticityCoef="1" ang="90,0,0" color="0,220,0" radius="0.5" length="4" />
		<capsule pos="19.549999999999997,-27.5,-29.9" vel="0,0,0" mass="1" elasticityCoef="1" ang="90,0,0" color="0,220,0" radius="0.5" length="4" />
		<capsule pos="19.549999999999997,-27.5,-27.599999999999998" vel="0,0,0" mass="1" elasticityCoef="1" ang="90,0,0" color="0,220,0" radius="0.5" length="4" />
		<capsule pos="19.549999999999997,-27.5,-25.299999999999997" vel="0,0,0" mass="1" elasticityCoef="1" ang="90,0,0" color="0,220,0" radius="0.5" length="4" />
		<capsule pos="19.549999999999997,-27.5,-22.999999999999996" vel="0,0,0" mass="1" elasticityCoef="1" ang="90,0,0" color="0,220,0" radius="0.5" length="4" />
		<capsule pos="19.549999999999997,-27.5,-20.699999999999996" vel="0,0,0" mass="1" elasticityCoef="1" ang="90,0,0" color="0,220,0" radius="0.5" length="4" />
		<capsule pos="19.549999999999997,-27.5,-18.4" vel="0,0,0" mass="1" elasticityCoef="1" ang="90,0,0" color="0,220,0" radius="0.5" length="4" />
		<capsule pos="19.549999999999997,-27.5,-16.099999999999998" vel="0,0,0" mass="1" elasticityCoef="1" ang="90,0,0" color="0,220,0" radius="0.5" length="4" />
		<capsule pos="19.549999999999997,-27.5,-13.799999999999997" vel="0,0,0" mass="1" elasticityCoef="1" ang="90,0,0" color="0,220,0" radius="0.5" length="4" />
		<capsule pos="19.549999999999997,-27.5,-11.5" vel="0,0,0" mass="1" elasticityCoef="1" ang="90,0,0" color="0,220,0" radius="0.5" length="4" />
		<capsule pos="19.549999999999997,-27.5,-9.199999999999996" vel="0,0,0" mass="1" elasticityCoef="1" ang="90,0,0" color="0,220,0" radius="0.5" length="4" />
		<capsule pos="19.549999999999997,-27.5,-6.899999999999999" vel="0,0,0" mass="1" elasticityCoef="1" ang="90,0,0" color="0,220,0" radius="0.5" length="4" />
		<capsule pos="19.549999999999997,-27.5,-4.600000000000001" vel="0,0,0" mass="1" elasticityCoef="1" ang="90,0,0" color="0,220,0" radius="0.5" length="4" />
		<capsule pos="19.549999999999997,-27.5,-2.299999999999997" vel="0,0,0" mass="1" elasticityCoef="1" ang="90,0,0" color="0,220,0" radius="0.5" length="4" />
		<capsule pos="19.549999999999997,-27.5,0.0" vel="0,0,0" mass="1" elasticityCoef="1" ang="90,0,0" color="0,220,0" radius="0.5" length="4" />
		<capsule pos="19.549999999999997,-27.5,2.3000000000000043" vel="0,0,0" mass="1" elasticityCoef="1" ang="90,0,0" color="0,220,0" radius="0.5" length="4" />
		<capsule pos="19.549999999999997,-27.5,4.600000000000001" vel="0,0,0" mass="1" elasticityCoef="1" ang="90,0,0" color="0,220,0" radius="0.5" length="4" />
		<capsule pos="19.549999999999997,-27.5,6.899999999999999" vel="0,0,0" mass="1" elasticityCoef="1" ang="90,0,0" color="0,220,0" radius="0.5" length="4" />
		<capsule pos="19.549999999999997,-27.5,9.200000000000003" vel="0,0,0" mass="1" elasticityCoef="1" ang="90,0,0" color="0,220,0" radius="0.5" length="4" />
		<capsule pos="19.549999999999997,-27.5,11.5" vel="0,0,0" mass="1" elasticityCoef="1" ang="90,0,0" color="0,220,0" radius="0.5" length="4" />
		<capsule pos="19.549999999999997,-27.5,13.799999999999997" vel="0,0,0" mass="1" elasticityCoef="1" ang="90,0,0" color="0,220,0" radius="0.5" length="4" />
		<capsule pos="19.549999999999997,-27.5,16.1" vel="0,0,0" mass="1" elasticityCoef="1" ang="90,0,0" color="0,220,0" radius="0.5" length="4" />
		<capsule pos="19.549999999999997,-27.5,18.4" vel="0,0,0" mass="1" elasticityCoef="1" ang="90,0,0" color="0,220,0" radius="0.5" length="4" />
		<capsule pos="19.549999999999997,-27.5,20.699999999999996" vel="0,0,0" mass="1" elasticityCoef="1" ang="90,0,0" color="0,220,0" radius="0.5" length="4" />
		<capsule pos="19.549999999999997,-27.5,22.999999999999993" vel="0,0,0" mass="1" elasticityCoef="1" ang="90,0,0" color="0,220,0" radius="0.5" length="4" />
		<capsule pos="19.549999999999997,-27.5,25.300000000000004" vel="0,0,0" mass="1" elasticityCoef="1" ang="90,0,0" color="0,220,0" radius="0.5" length="4" />
		<capsule pos="19.549999999999997,-27.5,27.6" vel="0,0,0" mass="1" elasticityCoef="1" ang="90,0,0" color="0,220,0" radius="0.5" length="4" />
		<capsule pos="19.549999999999997,-27.5,29.9" vel="0,0,0" mass="1" elasticityCoef="1" ang="90,0,0" color="0,220,0" radius="0.5" length="4" />
		<capsule pos="19.549999999999997,-27.5,32.199999999999996" vel="0,0,0" mass="1" elasticityCoef="1" ang="90,0,0" color="0,220,0" radius="0.5" length="4" />
		<capsule pos="19.549999999999997,-27.5,34.49999999999999" vel="0,0,0" mass="1" elasticityCoef="1" ang="90,0,0" color="0,220,0" radius="0.5" length="4" />
		<capsule pos="19.549999999999997,-27.5,36.800000000000004" vel="0,0,0" mass="1" elasticityCoef="1" ang="90,0,0" color="0,220,0" radius="0.5" length="4" />
		<capsule pos="19.549999999999997,-27.5,39.1" vel="0,0,0" mass="1" elasticityCoef="1" ang="90,0,0" color="0,220,0" radius="0.5" length="4" />
		<capsule pos="19.549999999999997,-27.5,41.4" vel="0,0,0" mass="1" elasticityCoef="1" ang="90,0,0" color="0,220,0" radius="0.5" length="4" />
		<capsule pos="19.549999999999997,-22.0,-43.699999999999996" vel="0,0,0" mass="1" elasticityCoef="1" ang="90,0,0" color="0,220,0" radius="0.5" length="4" />
		<capsule pos="19.549999999999997,-22.0,-41.4" vel="0,0,0" mass="1" elasticityCoef="1" ang="90,0,0" color="0,220,0" radius="0.5" length="4" />
		<capsule pos="19.549999999999997,-22.0,-39.099999999999994" vel="0,0,0" mass="1" elasticityCoef="1" ang="90,0,0" color="0,220,0" radius="0.5" length="4" />
		<capsule pos="19.549999999999997,-22.0,-36.8" vel="0,0,0" mass="1" elasticityCoef="1" ang="90,0,0" color="0,220,0" radius="0.5" length="4" />
		<capsule pos="19.549999999999997,-22.0,-34.5" vel="0,0,0" mass="1" elasticityCoef="1" ang="90,0,0" color="0,220,0" radius="0.5" length="4" />
		<capsule pos="19.549999999999997,-22.0,-32.199999999999996" vel="0,0,0" mass="1" elasticityCoef="1" ang="90,0,0" color="0,220,0" radius="0.5" length="4" />
		<capsule pos="19.549999999999997,-22.0,-29.9" vel="0,0,0" mass="1" elasticityCoef="1" ang="90,0,0" color="0,220,0" radius="0.5" length="4" />
		<capsule pos="19.549999999999997,-22.0,-27.599999999999998" vel="0,0,0" mass="1" elasticityCoef="1" ang="90,0,0" color="0,220,0" radius="0.5" length="4" />
		<capsule pos="19.549999999999997,-22.0,-25.299999999999997" vel="0,0,0" mass="1" elasticityCoef="1" ang="90,0,0" color="0,220,0" radius="0.5" length="4" />
		<capsule pos="19.549999999999997,-22.0,-22.999999999999996" vel="0,0,0" mass="1" elasticityCoef="1" ang="90,0,0" color="0,220,0" radius="0.5" length="4" />
		<capsule pos="19.549999999999997,-22.0,-20.699999999999996" vel="0,0,0" mass="1" elasticityCoef="1" ang="90,0,0" color="0,220,0" radius="0.5" length="4" />
		<capsule pos="19.549999999999997,-22.0,-18.4" vel="0,0,0" mass="1" elasticityCoef="1" ang="90,0,0" color="0,220,0" radius="0.5" length="4" />
		<capsule pos="19.549999999999997,-22.0,-16.099999999999998" vel="0,0,0" mass="1" elasticityCoef="1" ang="90,0,0" color="0,220,0" radius="0.5" length="4" />
		<capsule pos="19.549999999999997,-22.0,-13.799999999999997" vel="0,0,0" mass="1" elasticityCoef="1" ang="90,0,0" color="0,220,0" radius="0.5" length="4" />
		<capsule pos="19.549999999999997,-22.0,-11.5" vel="0,0,0" mass="1" elasticityCoef="1" ang="90,0,0" color="0,220,0" radius="0.5" length="4" />
		<capsule pos="19.549999999999997,-22.0,-9.199999999999996" vel="0,0,0" mass="1" elasticityCoef="1" ang="90,0,0" color="0,220,0" radius="0.5" length="4" />
		<capsule pos="19.549999999999997,-22.0,-6.899999999999999" vel="0,0,0" mass="1" elasticityCoef="1" ang="90,0,0" color="0,220,0" radius="0.5" length="4" />
		<capsule pos="19.549999999999997,-22.0,-4.600000000000001" vel="0,0,0" mass="1" elasticityCoef="1" ang="90,0,0" color="0,220,0" radius="0.5" length="4" />
		<capsule pos="19.549999999999997,-22.0,-2.299999999999997" vel="0,0,0" mass="1" elasticityCoef="1" ang="90,0,0" color="0,220,0" radius="0.5" length="4" />
		<capsule pos="19.549999999999997,-22.0,0.0" vel="0,0,0" mass="1" elasticityCoef="1" ang="90,0,0" color="0,220,0" radius="0.5" length="4" />
		<capsule pos="19.549999999999997,-22.0,2.3000000000000043" vel="0,0,0" mass="1" elasticityCoef="1" ang="90,0,0" color="0,220,0" radius="0.5" length="4" />
		<capsule pos="19.549999999999997,-22.0,4.600000000000001" vel="0,0,0" mass="1" elasticityCoef="1" ang="90,0,0" color="0,220,0" radius="0.5" length="4" />
		<capsule pos="19.549999999999997,-22.0,6.899999999999999" vel="0,0,0" mass="1" elasticityCoef="1" ang="90,0,0" color="0,220,0" radius="0.5" length="4" />
		<capsule pos="19.549999999999997,-22.0,9.200000000000003" vel="0,0,0" mass="1" elasticityCoef="1" ang="90,0,0" color="0,220,0" radius="0.5" length="4" />
		<capsule pos="19.549999999999997,-22.0,11.5" vel="0,0,0" mass="1" elasticityCoef="1" ang="90,0,0" color="0,220,0" radius="0.5" length="4" />
		<capsule pos="19.549999999999997,-22.0,13.799999999999997" vel="0,0,0" mass="1" elasticityCoef="1" ang="90,0,0" color="0,220,0" radius="0.5" length="4" />
		<capsule pos="19.549999999999997,-22.0,16.1" vel="0,0,0" mass="1" elasticityCoef="1" ang="90,0,0" color="0,220,0" radius="0.5" length="4" />
		<capsule pos="19.549999999999997,-22.0,18.4" vel="0,0,0" mass="1" elasticityCoef="1" ang="90,0,0" color="0,220,0" radius="0.5" length="4" />
		<capsule pos="19.549999999999997,-22.0,20.699999999999996" vel="0,0,0" mass="1" elasticityCoef="1" ang="90,0,0" color="0,220,0" radius="0.5" length="4" />
		<capsule pos="19.549999999999997,-22.0,22.999999999999993" vel="0,0,0" mass="1" elasticityCoef="1" ang="90,0,0" color="0,220,0" radius="0.5" length="4" />
		<capsule pos="19.549999999999997,-22.0,25.300000000000004" vel="0,0,0" mass="1" elasticityCoef="1" ang="90,0,0" color="0,220,0" radius="0.5" length="4" />
		<capsule pos="19.549999999999997,-22.0,27.6" vel="0,0,0" mass="1" elasticityCoef="1" ang="90,0,0" color="0,220,0" radius="0.5" length="4" />
		<capsule pos="19.549999999999997,-22.0,29.9" vel="0,0,0" mass="1" elasticityCoef="1" ang="90,0,0" color="0,220,0" radius="0.5" length="4" />
		<capsule pos="19.549999999999997,-22.0,32.199999999999996" vel="0,0,0" mass="1" elasticityCoef="1" ang="90,0,0" color="0,220,0" radius="0.5" length="4" />
		<capsule pos="19.549999999999997,-22.0,34.49999999999999" vel="0,0,0" mass="1" elasticityCoef="1" ang="90,0,0" color="0,220,0" radius="0.5" length="4" />
		<capsule pos="19.549999999999997,-22.0,36.800000000000004" vel="0,0,0" mass="1" elasticityCoef="1" ang="90,0,0" color="0,220,0" radius="0.5" length="4" />
		<capsule pos="19.549999999999997,-22.0,39.1" vel="0,0,0" mass="1" elasticityCoef="1" ang="90,0,0" color="0,220,0" radius="0.5" length="4" />
		<capsule pos="19.549999999999997,-22.0,41.4" vel="0,0,0" mass="1" elasticityCoef="1" ang="90,0,0" color="0,220,0" radius="0.5" length="4" />
		<capsule pos="19.549999999999997,-16.5,-43.699999999999996" vel="0,0,0" mass="1" elasticityCoef="1" ang="90,0,0" color="0,220,0" radius="0.5" length="4" />
		<capsule pos="19.549999999999997,-16.5,-41.4" vel="0,0,0" mass="1" elasticityCoef="1" ang="90,0,0" color="0,220,0" radius="0.5" length="4" />
		<capsule pos="19.549999999999997,-16.5,-39.099999999999994" vel="0,0,0" mass="1" elasticityCoef="1" ang="90,0,0" color="0,220,0" radius="0.5" length="4" />
		<capsule pos="19.549999999999997,-16.5,-36.8" vel="0,0,0" mass="1" elasticityCoef="1" ang="90,0,0" color="0,220,0" radius="0.5" length="4" />
		<capsule pos="19.549999999999997,-16.5,-34.5" vel="0,0,0" mass="1" elasticityCoef="1" ang="90,0,0" color="0,220,0" radius="0.5" length="4" />
		<capsule pos="19.549999999999997,-16.5,-32.199999999999996" vel="0,0,0" mass="1" elasticityCoef="1" ang="90,0,0" color="0,220,0" radius="0.5" length="4" />
		<capsule pos="19.549999999999997,-16.5,-29.9" vel="0,0,0" mass="1" elasticityCoef="1" ang="90,0,0" color="0,220,0" radius="0.5" length="4" />
		<capsule pos="19.549999999999997,-16.5,-27.599999999999998" vel="0,0,0" mass="1" elasticityCoef="1" ang="90,0,0" color="0,220,0" radius="0.5" length="4" />
		<capsule pos="19.549999999999997,-16.5,-25.299999999999997" vel="0,0,0" mass="1" elasticityCoef="1" ang="90,0,0" color="0,220,0" radius="0.5" length="4" />
		<capsule pos="19.549999999999997,-16.5,-22.999999999999996" vel="0,0,0" mass="1" elasticityCoef="1" ang="90,0,0" color="0,220,0" radius="0.5" length="4" />
		<capsule pos="19.549999999999997,-16.5,-20.699999999999996" vel="0,0,0" mass="1" elasticityCoef="1" ang="90,0,0" color="0,220,0" radius="0.5" length="4" />
		<capsule pos="19.549999999999997,-16.5,-18.4" vel="0,0,0" mass="1" elasticityCoef="1" ang="90,0,0" color="0,220,0" radius="0.5" length="4" />
		<capsule pos="19.549999999999997,-16.5,-16.099999999999998" vel="0,0,0" mass="1" elasticityCoef="1" ang="90,0,0" color="0,220,0" radius="0.5" length="4" />
		<capsule pos="19.549999999999997,-16.5,-13.799999999999997" vel="0,0,0" mass="1" elasticityCoef="1" ang="90,0,0" color="0,220,0" radius="0.5" length="4" />
		<capsule pos="19.549999999999997,-16.5,-11.5" vel="0,0,0" mass="1" elasticityCoef="1" ang="90,0,0" color="0,220,0" radius="0.5" length="4" />
		<capsule pos="19.549999999999997,-16.5,-9.199999999999996" vel="0,0,0" mass="1" elasticityCoef="1" ang="90,0,0" color="0,220,0" radius="0.5" length="4" />
		<capsule pos="19.549999999999997,-16.5,-6.899999999999999" vel="0,0,0" mass="1" elasticityCoef="1" ang="90,0,0" color="0,220,0" radius="0.5" length="4" />
		<capsule pos="19.549999999999997,-16.5,-4.600000000000001" vel="0,0,0" mass="1" elasticityCoef="1" ang="90,0,0" color="0,220,0" radius="0.5" length="4" />
		<capsule pos="19.549999999999997,-16.5,-2.299999999999997" vel="0,0,0" mass="1" elasticityCoef="1" ang="90,0,0" color="0,220,0" radius="0.5" length="4" />
		<capsule pos="19.549999999999997,-16.5,0.0" vel="0,0,0" mass="1" elasticityCoef="1" ang="90,0,0" color="0,220,0" radius="0.5" length="4" />
		<capsule pos="19.549999999999997,-16.5,2.3000000000000043" vel="0,0,0" mass="1" elasticityCoef="1" ang="90,0,0" color="0,220,0" radius="0.5" length="4" />
		<capsule pos="19.549999999999997,-16.5,4.600000000000001" vel="0,0,0" mass="1" elasticityCoef="1" ang="90,0,0" color="0,220,0" radius="0.5" length="4" />
		<capsule pos="19.549999999999997,-16.5,6.899999999999999" vel="0,0,0" mass="1" elasticityCoef="1" ang="90,0,0" color="0,220,0" radius="0.5" length="4" />
		<capsule pos="19.549999999999997,-16.5,9.200000000000003" vel="0,0,0" mass="1" elasticityCoef="1" ang="90,0,0" color="0,220,0" radius="0.5" length="4" />
		<capsule pos="19.549999999999997,-16.5,11.5" vel="0,0,0" mass="1" elasticityCoef="1" ang="90,0,0" color="0,220,0" radius="0.5" length="4" />
		<capsule pos="19.549999999999997,-16.5,13.799999999999997" vel="0,0,0" mass="1" elasticityCoef="1" ang="90,0,0" color="0,220,0" radius="0.5" length="4" />
		<capsule pos="19.549999999999997,-16.5,16.1" vel="0,0,0" mass="1" elasticityCoef="1" ang="90,0,0" color="0,220,0" radius="0.5" length="4" />
		<capsule pos="19.549999999999997,-16.5,18.4" vel="0,0,0" mass="1" elasticityCoef="1" ang="90,0,0" color="0,220,0" radius="0.5" length="4" />
		<capsule pos="19.549999999999997,-16.5,20.699999999999996" vel="0,0,0" mass="1" elasticityCoef="1" ang="90,0,0" color="0,220,0" radius="0.5" length="4" />
		<capsule pos="19.549999999999997,-16.5,22.999999999999993" vel="0,0,0" mass="1" elasticityCoef="1" ang="90,0,0" color="0,220,0" radius="0.5" length="4" />
		<capsule pos="19.549999999999997,-16.5,25.300000000000004" vel="0,0,0" mass="1" elasticityCoef="1" ang="90,0,0" color="0,220,0" radius="0.5" length="4" />
		<capsule pos="19.549999999999997,-16.5,27.6" vel="0,0,0" mass="1" elasticityCoef="1" ang="90,0,0" color="0,220,0" radius="0.5" length="4" />
		<capsule pos="19.549999999999997,-16.5,29.9" vel="0,0,0" mass="1" elasticityCoef="1" ang="90,0,0" color="0,220,0" radius="0.5" length="4" />
		<capsule pos="19.549999999999997,-16.5,32.199999999999996" vel="0,0,0" mass="1" elasticityCoef="1" ang="90,0,0" color="0,220,0" radius="0.5" length="4" />
		<capsule pos="19.549999999999997,-16.5,34.49999999999999" vel="0,0,0" mass="1" elasticityCoef="1" ang="90,0,0" color="0,220,0" radius="0.5" length="4" />
		<capsule pos="19.549999999999997,-16.5,36.800000000000004" vel="0,0,0" mass="1" elasticityCoef="1" ang="90,0,0" color="0,220,0" radius="0.5" length="4" />
		<capsule pos="19.549999999999997,-16.5,39.1" vel="0,0,0" mass="1" elasticityCoef="1" ang="90,0,0" color="0,220,0" radius="0.5" length="4" />
		<capsule pos="19.549999999999997,-16.5,41.4" vel="0,0,0" mass="1" elasticityCoef="1" ang="90,0,0" color="0,220,0" radius="0.5" length="4" />
		<capsule pos="19.549999999999997,-11.0,-43.699999999999996" vel="0,0,0" mass="1" elasticityCoef="1" ang="90,0,0" color="0,220,0" radius="0.5" length="4" />
		<capsule pos="19.549999999999997,-11.0,-41.4" vel="0,0,0" mass="1" elasticityCoef="1" ang="90,0,0" color="0,220,0" radius="0.5" length="4" />
		<capsule pos="19.549999999999997,-11.0,-39.099999999999994" vel="0,0,0" mass="1" elasticityCoef="1" ang="90,0,0" color="0,220,0" radius="0.5" length="4" />
		<capsule pos="19.549999999999997,-11.0,-36.8" vel="0,0,0" mass="1" elasticityCoef="1" ang="90,0,0" color="0,220,0" radius="0.5" length="4" />
		<capsule pos="19.549999999999997,-11.0,-34.5" vel="0,0,0" mass="1" elasticityCoef="1" ang="90,0,0" color="0,220,0" radius="0.5" length="4" />
		<capsule pos="19.549999999999997,-11.0,-32.199999999999996" vel="0,0,0" mass="1" elasticityCoef="1" ang="90,0,0" color="0,220,0" radius="0.5" length="4" />
		<capsule pos="19.549999999999997,-11.0,-29.9" vel="0,0,0" mass="1" elasticityCoef="1" ang="90,0,0" color="0,220,0" radius="0.5" length="4" />
		<capsule pos="19.549999999999997,-11.0,-27.599999999999998" vel="0,0,0" mass="1" elasticityCoef="1" ang="90,0,0" color="0,220,0" radius="0.5" length="4" />
		<capsule pos="19.549999999999997,-11.0,-25.299999999999997" vel="0,0,0" mass="1" elasticityCoef="1" ang="90,0,0" color="0,220,0" radius="0.5" length="4" />
		<capsule pos="19.549999999999997,-11.0,-22.999999999999996" vel="0,0,0" mass="1" elasticityCoef="1" ang="90,0,0" color="0,220,0" radius="0.5" length="4" />
		<capsule pos="19.549999999999997,-11.0,-20.699999999999996" vel="0,0,0" mass="1" elasticityCoef="1" ang="90,0,0" color="0,220,0" radius="0.5" length="4" />
		<capsule pos="19.549999999999997,-11.0,-18.4" vel="0,0,0" mass="1" elasticityCoef="1" ang="90,0,0" color="0,220,0" radius="0.5" length="4" />
		<capsule pos="19.549999999999997,-11.0,-16.099999999999998" vel="0,0,0" mass="1" elasticityCoef="1" ang="90,0,0" color="0,220,0" radius="0.5" length="4" />
		<capsule pos="19.549999999999997,-11.0,-13.799999999999997" vel="0,0,0" mass="1" elasticityCoef="1" ang="90,0,0" color="0,220,0" radius="0.5" length="4" />
		<capsule pos="19.549999999999997,-11.0,-11.5" vel="0,0,0" mass="1" elasticityCoef="1" ang="90,0,0" color="0,220,0" radius="0.5" length="4" />
		<capsule pos="19.549999999999997,-11.0,-9.199999999999996" vel="0,0,0" mass="1" elasticityCoef="1" ang="90,0,0" color="0,220,0" radius="0.5" length="4" />
		<capsule pos="19.549999999999997,-11.0,-6.899999999999999" vel="0,0,0" mass="1" elasticityCoef="1" ang="90,0,0" color="0,220,0" radius="0.5" length="4" />
		<capsule pos="19.549999999999997,-11.0,-4.600000000000001" vel="0,0,0" mass="1" elasticityCoef="1" ang="90,0,0" color="0,220,0" radius="0.5" length="4" />
		<capsule pos="19.549999999999997,-11.0,-2.299999999999997" vel="0,0,0" mass="1" elasticityCoef="1" ang="90,0,0" color="0,220,0" radius="0.5" length="4" />
		<capsule pos="19.549999999999997,-11.0,0.0" vel="0,0,0" mass="1" elasticityCoef="1" ang="90,0,0" color="0,220,0" radius="0.5" length="4" />
		<capsule pos="19.549999999999997,-11.0,2.3000000000000043" vel="0,0,0" mass="1" elasticityCoef="1" ang="90,0,0" color="0,220,0" radius="0.5" length="4" />
		<capsule pos="19.549999999999997,-11.0,4.600000000000001" vel="0,0,0" mass="1" elasticityCoef="1" ang="90,0,0" color="0,220,0" radius="0.5" length="4" />
		<capsule pos="19.549999999999997,-11.0,6.899999999999999" vel="0,0,0" mass="1" elasticityCoef="1" ang="90,0,0" color="0,220,0" radius="0.5" length="4" />
		<capsule pos="19.549999999999997,-11.0,9.200000000000003" vel="0,0,0" mass="1" elasticityCoef="1" ang="90,0,0" color="0,220,0" radius="0.5" length="4" />
		<capsule pos="19.549999999999997,-11.0,11.5" vel="0,0,0" mass="1" elasticityCoef="1" ang="90,0,0" color="0,220,0" radius="0.5" length="4" />
		<capsule pos="19.549999999999997,-11.0,13.799999999999997" vel="0,0,0" mass="1" elasticityCoef="1" ang="90,0,0" color="0,220,0" radius="0.5" length="4" />
		<capsule pos="19.549999999999997,-11.0,16.1" vel="0,0,0" mass="1" elasticityCoef="1" ang="90,0,0" color="0,220,0" radius="0.5" length="4" />
		<capsule pos="19.549999999999997,-11.0,18.4" vel="0,0,0" mass="1" elasticityCoef="1" ang="90,0,0" color="0,220,0" radius="0.5" length="4" />
		<capsule pos="19.549999999999997,-11.0,20.699999999999996" vel="0,0,0" mass="1" elasticityCoef="1" ang="90,0,0" color="0,220,0" radius="0.5" length="4" />
		<capsule pos="19.549999999999997,-11.0,22.999999999999993" vel="0,0,0" mass="1" elasticityCoef="1" ang="90,0,0" color="0,220,0" radius="0.5" length="4" />
		<capsule pos="19.549999999999997,-11.0,25.300000000000004" vel="0,0,0" mass="1" elasticityCoef="1" ang="90,0,0" color="0,220,0" radius="0.5" length="4" />
		<capsule pos="19.549999999999997,-11.0,27.6" vel="0,0,0" mass="1" elasticityCoef="1" ang="90,0,0" color="0,220,0" radius="0.5" length="4" />
		<capsule pos="19.549999999999997,-11.0,29.9" vel="0,0,0" mass="1" elasticityCoef="1" ang="90,0,0" color="0,220,0" radius="0.5" length="4" />
		<capsule pos="19.549999999999997,-11.0,32.199999999999996" vel="0,0,0" mass="1" elasticityCoef="1" ang="90,0,0" color="0,220,0" radius="0.5" length="4" />
		<capsule pos="19.549999999999997,-11.0,34.49999999999999" vel="0,0,0" mass="1" elasticityCoef="1" ang="90,0,0" color="0,220,0" radius="0.5" length="4" />
		<capsule pos="19.549999999999997,-11.0,36.800000000000004" vel="0,0,0" mass="1" elasticityCoef="1" ang="90,0,0" color="0,220,0" radius="0.5" length="4" />
		<capsule pos="19.549999999999997,-11.0,39.1" vel="0,0,0" mass="1" elasticityCoef="1" ang="90,0,0" color="0,220,0" radius="0.5" length="4" />
		<capsule pos="19.549999999999997,-11.0,41.4" vel="0,0,0" mass="1" elasticityCoef="1" ang="90,0,0" color="0,220,0" radius="0.5" length="4" />
		<capsule pos="19.549999999999997,-5.5,-43.699999999999996" vel="0,0,0" mass="1" elasticityCoef="1" ang="90,0,0" color="0,220,0" radius="0.5" length="4" />
		<capsule pos="19.549999999999997,-5.5,-41.4" vel="0,0,0" mass="1" elasticityCoef="1" ang="90,0,0" color="0,220,0" radius="0.5" length="4" />
		<capsule pos="19.549999999999997,-5.5,-39.099999999999994" vel="0,0,0" mass="1" elasticityCoef="1" ang="90,0,0" color="0,220,0" radius="0.5" length="4" />
		<capsule pos="19.549999999999997,-5.5,-36.8" vel="0,0,0" mass="1" elasticityCoef="1" ang="90,0,0" color="0,220,0" radius="0.5" length="4" />
		<capsule pos="19.549999999999997,-5.5,-34.5" vel="0,0,0" mass="1" elasticityCoef="1" ang="90,0,0" color="0,220,0" radius="0.5" length="4" />
		<capsule pos="19.549999999999997,-5.5,-32.199999999999996" vel="0,0,0" mass="1" elasticityCoef="1" ang="90,0,0" color="0,220,0" radius="0.5" length="4" />
		<capsule pos="19.549999999999997,-5.5,-29.9" vel="0,0,0" mass="1" elasticityCoef="1" ang="90,0,0" color="0,220,0" radius="0.5" length="4" />
		<capsule pos="19.549999999999997,-5.5,-27.599999999999998" vel="0,0,0" mass="1" elasticityCoef="1" ang="90,0,0" color="0,220,0" radius="0.5" length="4" />
		<capsule pos="19.549999999999997,-5.5,-25.299999999999997" vel="0,0,0" mass="1" elasticityCoef="1" ang="90,0,0" color="0,220,0" radius="0.5" length="4" />
		<capsule pos="19.549999999999997,-5.5,-22.999999999999996" vel="0,0,0" mass="1" elasticityCoef="1" ang="90,0,0" color="0,220,0" radius="0.5" length="4" />
		<capsule pos="19.549999999999997,-5.5,-20.699999999999996" vel="0,0,0" mass="1" elasticityCoef="1" ang="90,0,0" color="0,220,0" radius="0.5" length="4" />
		<capsule pos="19.549999999999997,-5.5,-18.4" vel="0,0,0" mass="1" elasticityCoef="1" ang="90,0,0" color="0,220,0" radius="0.5" length="4" />
		<capsule pos="19.549999999999997,-5.5,-16.099999999999998" vel="0,0,0" mass="1" elasticityCoef="1" ang="90,0,0" color="0,220,0" radius="0.5" length="4" />
		<capsule pos="19.549999999999997,-5.5,-13.799999999999997" vel="0,0,0" mass="1" elasticityCoef="1" ang="90,0,0" color="0,220,0" radius="0.5" length="4" />
		<capsule pos="19.549999999999997,-5.5,-11.5" vel="0,0,0" mass="1" elasticityCoef="1" ang="90,0,0" color="0,220,0" radius="0.5" length="4" />
		<capsule pos="19.549999999999997,-5.5,-9.199999999999996" vel="0,0,0" mass="1" elasticityCoef="1" ang="90,0,0" color="0,220,0" radius="0.5" length="4" />
		<capsule pos="19.549999999999997,-5.5,-6.899999999999999" vel="0,0,0" mass="1" elasticityCoef="1" ang="90,0,0" color="0,220,0" radius="0.5" length="4" />
		<capsule pos="19.549999999999997,-5.5,-4.600000000000001" vel="0,0,0" mass="1" elasticityCoef="1" ang="90,0,0" color="0,220,0" radius="0.5" length="4" />
		<capsule pos="19.549999999999997,-5.5,-2.299999999999997" vel="0,0,0" mass="1" elasticityCoef="1" ang="90,0,0" color="0,220,0" radius="0.5" length="4" />
		<capsule pos="19.549999999999997,-5.5,0.0" vel="0,0,0" mass="1" elasticityCoef="1" ang="90,0,0" color="0,220,0" radius="0.5" length="4" />
		<capsule pos="19.549999999999997,-5.5,2.3000000000000043" vel="0,0,0" mass="1" elasticityCoef="1" ang="90,0,0" color="0,220,0" radius="0.5" length="4" />
		<capsule pos="19.549999999999997,-5.5,4.600000000000001" vel="0,0,0" mass="1" elasticityCoef="1" ang="90,0,0" color="0,220,0" radius="0.5" length="4" />
		<capsule pos="19.549999999999997,-5.5,6.899999999999999" vel="0,0,0" mass="1" elasticityCoef="1" ang="90,0,0" color="0,220,0" radius="0.5" length="4" />
		<capsule pos="19.549999999999997,-5.5,9.200000000000003" vel="0,0,0" mass="1" elasticityCoef="1" ang="90,0,0" color="0,220,0" radius="0.5" length="4" />
		<capsule pos="19.549999999999997,-5.5,11.5" vel="0,0,0" mass="1" elasticityCoef="1" ang="90,0,0" color="0,220,0" radius="0.5" length="4" />
		<capsule pos="19.549999999999997,-5.5,13.799999999999997" vel="0,0,0" mass="1" elasticityCoef="1" ang="90,0,0" color="0,220,0" radius="0.5" length="4" />
		<capsule pos="19.549999999999997,-5.5,16.1" vel="0,0,0" mass="1" elasticityCoef="1" ang="90,0,0" color="0,220,0" radius="0.5" length="4" />
		<capsule pos="19.549999999999997,-5.5,18.4" vel="0,0,0" mass="1" elasticityCoef="1" ang="90,0,0" color="0,220,0" radius="0.5" length="4" />
		<capsule pos="19.549999999999997,-5.5,20.699999999999996" vel="0,0,0" mass="1" elasticityCoef="1" ang="90,0,0" color="0,220,0" radius="0.5" length="4" />
		<capsule pos="19.549999999999997,-5.5,22.999999999999993" vel="0,0,0" mass="1" elasticityCoef="1" ang="90,0,0" color="0,220,0" radius="0.5" length="4" />
		<capsule pos="19.549999999999997,-5.5,25.300000000000004" vel="0,0,0" mass="1" elasticityCoef="1" ang="90,0,0" color="0,220,0" radius="0.5" length="4" />
		<capsule pos="19.549999999999997,-5.5,27.6" vel="0,0,0" mass="1" elasticityCoef="1" ang="90,0,0" color="0,220,0" radius="0.5" length="4" />
		<capsule pos="19.549999999999997,-5.5,29.9" vel="0,0,0" mass="1" elasticityCoef="1" ang="90,0,0" color="0,220,0" radius="0.5" length="4" />
		<capsule pos="19.549999999999997,-5.5,32.199999999999996" vel="0,0,0" mass="1" elasticityCoef="1" ang="90,0,0" color="0,220,0" radius="0.5" length="4" />
		<capsule pos="19.549999999999997,-5.5,34.49999999999999" vel="0,0,0" mass="1" elasticityCoef="1" ang="90,0,0" color="0,220,0" radius="0.5" length="4" />
		<capsule pos="19.549999999999997,-5.5,36.800000000000004" vel="0,0,0" mass="1" elasticityCoef="1" ang="90,0,0" color="0,220,0" radius="0.5" length="4" />
		<capsule pos="19.549999999999997,-5.5,39.1" vel="0,0,0" mass="1" elasticityCoef="1" ang="90,0,0" color="0,220,0" radius="0.5" length="4" />
		<capsule pos="19.549999999999997,-5.5,41.4" vel="0,0,0" mass="1" elasticityCoef="1" ang="90,0,0" color="0,220,0" radius="0.5" length="4" />
		<capsule pos="19.549999999999997,0.0,-43.699999999999996" vel="0,0,0" mass="1" elasticityCoef="1" ang="90,0,0" color="0,220,0" radius="0.5" length="4" />
		<capsule pos="19.549999999999997,0.0,-41.4" vel="0,0,0" mass="1" elasticityCoef="1" ang="90,0,0" color="0,220,0" radius="0.5" length="4" />
		<capsule pos="19.549999999999997,0.0,-39.099999999999994" vel="0,0,0" mass="1" elasticityCoef="1" ang="90,0,0" color="0,220,0" radius="0.5" length="4" />
		<capsule pos="19.549999999999997,0.0,-36.8" vel="0,0,0" mass="1" elasticityCoef="1" ang="90,0,0" color="0,220,0" radius="0.5" length="4" />
		<capsule pos="19.549999999999997,0.0,-34.5" vel="0,0,0" mass="1" elasticityCoef="1" ang="90,0,0" color="0,220,0" radius="0.5" length="4" />
		<capsule pos="19.549999999999997,0.0,-32.199999999999996" vel="0,0,0" mass="1" elasticityCoef="1" ang="90,0,0" color="0,220,0" radius="0.5" length="4" />
		<capsule pos="19.549999999999997,0.0,-29.9" vel="0,0,0" mass="1" elasticityCoef="1" ang="90,0,0" color="0,220,0" radius="0.5" length="4" />
		<capsule pos="19.549999999999997,0.0,-27.599999999999998" vel="0,0,0" mass="1" elasticityCoef="1" ang="90,0,0" color="0,220,0" radius="0.5" length="4" />
		<capsule pos="19.549999999999997,0.0,-25.299999999999997" vel="0,0,0" mass="1" elasticityCoef="1" ang="90,0,0" color="0,220,0" radius="0.5" length="4" />
		<capsule pos="19.549999999999997,0.0,-22.999999999999996" vel="0,0,0" mass="1" elasticityCoef="1" ang="90,0,0" color="0,220,0" radius="0.5" length="4" />
		<capsule pos="19.549999999999997,0.0,-20.699999999999996" vel="0,0,0" mass="1" elasticityCoef="1" ang="90,0,0" color="0,220,0" radius="0.5" length="4" />
		<capsule pos="19.549999999999997,0.0,-18.4" vel="0,0,0" mass="1" elasticityCoef="1" ang="90,0,0" color="0,220,0" radius="0.5" length="4" />
		<capsule pos="19.549999999999997,0.0,-16.099999999999998" vel="0,0,0" mass="1" elasticityCoef="1" ang="90,0,0" color="0,220,0" radius="0.5" length="4" />
		<capsule pos="19.549999999999997,0.0,-13.799999999999997" vel="0,0,0" mass="1" elasticityCoef="1" ang="90,0,0" color="0,220,0" radius="0.5" length="4" />
		<capsule pos="19.549999999999997,0.0,-11.5" vel="0,0,0" mass="1" elasticityCoef="1" ang="90,0,0" color="0,220,0" radius="0.5" length="4" />
		<capsule pos="19.549999999999997,0.0,-9.199999999999996" vel="0,0,0" mass="1" elasticityCoef="1" ang="90,0,0" color="0,220,0" radius="0.5" length="4" />
		<capsule pos="19.549999999999997,0.0,-6.899999999999999" vel="0,0,0" mass="1" elasticityCoef="1" ang="90,0,0" color="0,220,0" radius="0.5" length="4" />
		<capsule pos="19.549999999999997,0.0,-4.600000000000001" vel="0,0,0" mass="1" elasticityCoef="1" ang="90,0,0" color="0,220,0" radius="0.5" length="4" />
		<capsule pos="19.549999999999997,0.0,-2.299999999999997" vel="0,0,0" mass="1" elasticityCoef="1" ang="90,0,0" color="0,220,0" radius="0.5" length="4" />
		<capsule pos="19.549999999999997,0.0,0.0" vel="0,0,0" mass="1" elasticityCoef="1" ang="90,0,0" color="0,220,0" radius="0.5" length="4" />
		<capsule pos="19.549999999999997,0.0,2.3000000000000043" vel="0,0,0" mass="1" elasticityCoef="1" ang="90,0,0" color="0,220,0" radius="0.5" length="4" />
		<capsule pos="19.549999999999997,0.0,4.600000000000001" vel="0,0,0" mass="1" elasticityCoef="1" ang="90,0,0" color="0,220,0" radius="0.5" length="4" />
		<capsule pos="19.549999999999997,0.0,6.899999999999999" vel="0,0,0" mass="1" elasticityCoef="1" ang="90,0,0" color="0,220,0" radius="0.5" length="4" />
		<capsule pos="19.549999999999997,0.0,9.200000000000003" vel="0,0,0" mass="1" elasticityCoef="1" ang="90,0,0" color="0,220,0" radius="0.5" length="4" />
		<capsule pos="19.549999999999997,0.0,11.5" vel="0,0,0" mass="1" elasticityCoef="1" ang="90,0,0" color="0,220,0" radius="0.5" length="4" />
		<capsule pos="19.549999999999997,0.0,13.799999999999997" vel="0,0,0" mass="1" elasticityCoef="1" ang="90,0,0" color="0,220,0" radius="0.5" length="4" />
		<capsule pos="19.549999999999997,0.0,16.1" vel="0,0,0" mass="1" elasticityCoef="1" ang="90,0,0" color="0,220,0" radius="0.5" length="4" />
		<capsule pos="19.549999999999997,0.0,18.4" vel="0,0,0" mass="1" elasticityCoef="1" ang="90,0,0" color="0,220,0" radius="0.5" length="4" />
		<capsule pos="19.549999999999997,0.0,20.699999999999996" vel="0,0,0" mass="1" elasticityCoef="1" ang="90,0,0" color="0,220,0" radius="0.5" length="4" />
		<capsule pos="19.549999999999997,0.0,22.999999999999993" vel="0,0,0" mass="1" elasticityCoef="1" ang="90,0,0" color="0,220,0" radius="0.5" length="4" />
		<capsule pos="19.549999999999997,0.0,25.300000000000004" vel="0,0,0" mass="1" elasticityCoef="1" ang="90,0,0" color="0,220,0" radius="0.5" length="4" />
		<capsule pos="19.549999999999997,0.0,27.6" vel="0,0,0" mass="1" elasticityCoef="1" ang="90,0,0" color="0,220,0" radius="0.5" length="4" />
		<capsule pos="19.549999999999997,0.0,29.9" vel="0,0,0" mass="1" elasticityCoef="1" ang="90,0,0" color="0,220,0" radius="0.5" length="4" />
		<capsule pos="19.549999999999997,0.0,32.199999999999996" vel="0,0,0" mass="1" elasticityCoef="1" ang="90,0,0" color="0,220,0" radius="0.5" length="4" />
		<capsule pos="19.549999999999997,0.0,34.49999999999999" vel="0,0,0" mass="1" elasticityCoef="1" ang="90,0,0" color="0,220,0" radius="0.5" length="4" />
		<capsule pos="19.549999999999997,0.0,36.800000000000004" vel="0,0,0" mass="1" elasticityCoef="1" ang="90,0,0" color="0,220,0" radius="0.5" length="4" />
		<capsule pos="19.549999999999997,0.0,39.1" vel="0,0,0" mass="1" elasticityCoef="1" ang="90,0,0" color="0,220,0" radius="0.5" length="4" />
		<capsule pos="19.549999999999997,0.0,41.4" vel="0,0,0" mass="1" elasticityCoef="1" ang="90,0,0" color="0,220,0" radius="0.5" length="4" />
		<capsule pos="19.549999999999997,5.5,-43.699999999999996" vel="0,0,0" mass="1" elasticityCoef="1" ang="90,0,0" color="0,220,0" radius="0.5" length="4" />
		<capsule pos="19.549999999999997,5.5,-41.4" vel="0,0,0" mass="1" elasticityCoef="1" ang="90,0,0" color="0,220,0" radius="0.5" length="4" />
		<capsule pos="19.549999999999997,5.5,-39.099999999999994" vel="0,0,0" mass="1" elasticityCoef="1" ang="90,0,0" color="0,220,0" radius="0.5" length="4" />
		<capsule pos="19.549999999999997,5.5,-36.8" vel="0,0,0" mass="1" elasticityCoef="1" ang="90,0,0" color="0,220,0" radius="0.5" length="4" />
		<capsule pos="19.549999999999997,5.5,-34.5" vel="0,0,0" mass="1" elasticityCoef="1" ang="90,0,0" color="0,220,0" radius="0.5" length="4" />
		<capsule pos="19.549999999999997,5.5,-32.199999999999996" vel="0,0,0" mass="1" elasticityCoef="1" ang="90,0,0" color="0,220,0" radius="0.5" length="4" />
		<capsule pos="19.549999999999997,5.5,-29.9" vel="0,0,0" mass="1" elasticityCoef="1" ang="90,0,0" color="0,220,0" radius="0.5" length="4" />
		<capsule pos="19.549999999999997,5.5,-27.599999999999998" vel="0,0,0" mass="1" elasticityCoef="1" ang="90,0,0" color="0,220,0" radius="0.5" length="4" />
		<capsule pos="19.549999999999997,5.5,-25.299999999999997" vel="0,0,0" mass="1" elasticityCoef="1" ang="90,0,0" color="0,220,0" radius="0.5" length="4" />
		<capsule pos="19.549999999999997,5.5,-22.999999999999996" vel="0,0,0" mass="1" elasticityCoef="1" ang="90,0,0" color="0,220,0" radius="0.5" length="4" />
		<capsule pos="19.549999999999997,5.5,-20.699999999999996" vel="0,0,0" mass="1" elasticityCoef="1" ang="90,0,0" color="0,220,0" radius="0.5" length="4" />
		<capsule pos="19.549999999999997,5.5,-18.4" vel="0,0,0" mass="1" elasticityCoef="1" ang="90,0,0" color="0,220,0" radius="0.5" length="4" />
		<capsule pos="19.549999999999997,5.5,-16.099999999999998" vel="0,0,0" mass="1" elasticityCoef="1" ang="90,0,0" color="0,220,0" radius="0.5" length="4" />
		<capsule pos="19.549999999999997,5.5,-13.799999999999997" vel="0,0,0" mass="1" elasticityCoef="1" ang="90,0,0" color="0,220,0" radius="0.5" length="4" />
		<capsule pos="19.549999999999997,5.5,-11.5" vel="0,0,0" mass="1" elasticityCoef="1" ang="90,0,0" color="0,220,0" radius="0.5" length="4" />
		<capsule pos="19.549999999999997,5.5,-9.199999999999996" vel="0,0,0" mass="1" elasticityCoef="1" ang="90,0,0" color="0,220,0" radius="0.5" length="4" />
		<capsule pos="19.549999999999997,5.5,-6.899999999999999" vel="0,0,0" mass="1" elasticityCoef="1" ang="90,0,0" color="0,220,0" radius="0.5" length="4" />
		<capsule pos="19.549999999999997,5.5,-4.600000000000001" vel="0,0,0" mass="1" elasticityCoef="1" ang="90,0,0" color="0,220,0" radius="0.5" length="4" />
		<capsule pos="19.549999999999997,5.5,-2.299999999999997" vel="0,0,0" mass="1" elasticityCoef="1" ang="90,0,0" color="0,220,0" radius="0.5" length="4" />
		<capsule pos="19.549999999999997,5.5,0.0" vel="0,0,0" mass="1" elasticityCoef="1" ang="90,0,0" color="0,220,0" radius="0.5" length="4" />
		<capsule pos="19.549999999999997,5.5,2.3000000000000043" vel="0,0,0" mass="1" elasticityCoef="1" ang="90,0,0" color="0,220,0" radius="0.5" length="4" />
		<capsule pos="19.549999999999997,5.5,4.600000000000001" vel="0,0,0" mass="1" elasticityCoef="1" ang="90,0,0" color="0,220,0" radius="0.5" length="4" />
		<capsule pos="19.549999999999997,5.5,6.899999999999999" vel="0,0,0" mass="1" elasticityCoef="1" ang="90,0,0" color="0,220,0" radius="0.5" length="4" />
		<capsule pos="19.549999999999997,5.5,9.200000000000003" vel="0,0,0" mass="1" elasticityCoef="1" ang="90,0,0" color="0,220,0" radius="0.5" length="4" />
		<capsule pos="19.549999999999997,5.5,11.5" vel="0,0,0" mass="1" elasticityCoef="1" ang="90,0,0" color="0,220,0" radius="0.5" length="4" />
		<capsule pos="19.549999999999997,5.5,13.799999999999997" vel="0,0,0" mass="1" elasticityCoef="1" ang="90,0,0" color="0,220,0" radius="0.5" length="4" />
		<capsule pos="19.549999999999997,5.5,16.1" vel="0,0,0" mass="1" elasticityCoef="1" ang="90,0,0" color="0,220,0" radius="0.5" length="4" />
		<capsule pos="19.549999999999997,5.5,18.4" vel="0,0,0" mass="1" elasticityCoef="1" ang="90,0,0" color="0,220,0" radius="0.5" length="4" />
		<capsule pos="19.549999999999997,5.5,20.699999999999996" vel="0,0,0" mass="1" elasticityCoef="1" ang="90,0,0" color="0,220,0" radius="0.5" length="4" />
		<capsule pos="19.549999999999997,5.5,22.999999999999993" vel="0,0,0" mass="1" elasticityCoef="1" ang="90,0,0" color="0,220,0" radius="0.5" length="4" />
		<capsule pos="19.549999999999997,5.5,25.300000000000004" vel="0,0,0" mass="1" elasticityCoef="1" ang="90,0,0" color="0,220,0" radius="0.5" length="4" />
		<capsule pos="19.549999999999997,5.5,27.6" vel="0,0,0" mass="1" elasticityCoef="1" ang="90,0,0" color="0,220,0" radius="0.5" length="4" />
		<capsule pos="19.549999999999997,5.5,29.9" vel="0,0,0" mass="1" elasticityCoef="1" ang="90,0,0" color="0,220,0" radius="0.5" length="4" />
		<capsule pos="19.549999999999997,5.5,32.199999999999996" vel="0,0,0" mass="1" elasticityCoef="1" ang="90,0,0" color="0,220,0" radius="0.5" length="4" />
		<capsule pos="19.549999999999997,5.5,34.49999999999999" vel="0,0,0" mass="1" elasticityCoef="1" ang="90,0,0" color="0,220,0" radius="0.5" length="4" />
		<capsule pos="19.549999999999997,5.5,36.800000000000004" vel="0,0,0" mass="1" elasticityCoef="1" ang="90,0,0" color="0,220,0" radius="0.5" length="4" />
		<capsule pos="19.549999999999997,5.5,39.1" vel="0,0,0" mass="1" elasticityCoef="1" ang="90,0,0" color="0,220,0" radius="0.5" length="4" />
		<capsule pos="19.549999999999997,5.5,41.4" vel="0,0,0" mass="1" elasticityCoef="1" ang="90,0,0" color="0,220,0" radius="0.5" length="4" />
		<capsule pos="19.549999999999997,11.0,-43.699999999999996" vel="0,0,0" mass="1" elasticityCoef="1" ang="90,0,0" color="0,220,0" radius="0.5" length="4" />
		<capsule pos="19.549999999999997,11.0,-41.4" vel="0,0,0" mass="1" elasticityCoef="1" ang="90,0,0" color="0,220,0" radius="0.5" length="4" />
		<capsule pos="19.549999999999997,11.0,-39.099999999999994" vel="0,0,0" mass="1" elasticityCoef="1" ang="90,0,0" color="0,220,0" radius="0.5" length="4" />
		<capsule pos="19.549999999999997,11.0,-36.8" vel="0,0,0" mass="1" elasticityCoef="1" ang="90,0,0" color="0,220,0" radius="0.5" length="4" />
		<capsule pos="19.549999999999997,11.0,-34.5" vel="0,0,0" mass="1" elasticityCoef="1" ang="90,0,0" color="0,220,0" radius="0.5" length="4" />
		<capsule pos="19.549999999999997,11.0,-32.199999999999996" vel="0,0,0" mass="1" elasticityCoef="1" ang="90,0,0" color="0,220,0" radius="0.5" length="4" />
		<capsule pos="19.549999999999997,11.0,-29.9" vel="0,0,0" mass="1" elasticityCoef="1" ang="90,0,0" color="0,220,0" radius="0.5" length="4" />
		<capsule pos="19.549999999999997,11.0,-27.599999999999998" vel="0,0,0" mass="1" elasticityCoef="1" ang="90,0,0" color="0,220,0" radius="0.5" length="4" />
		<capsule pos="19.549999999999997,11.0,-25.299999999999997" vel="0,0,0" mass="1" elasticityCoef="1" ang="90,0,0" color="0,220,0" radius="0.5" length="4" />
		<capsule pos="19.549999999999997,11.0,-22.999999999999996" vel="0,0,0" mass="1" elasticityCoef="1" ang="90,0,0" color="0,220,0" radius="0.5" length="4" />
		<capsule pos="19.549999999999997,11.0,-20.699999999999996" vel="0,0,0" mass="1" elasticityCoef="1" ang="90,0,0" color="0,220,0" radius="0.5" length="4" />
		<capsule pos="19.549999999999997,11.0,-18.4" vel="0,0,0" mass="1" elasticityCoef="1" ang="90,0,0" color="0,220,0" radius="0.5" length="4" />
		<capsule pos="19.549999999999997,11.0,-16.099999999999998" vel="0,0,0" mass="1" elasticityCoef="1" ang="90,0,0" color="0,220,0" radius="0.5" length="4" />
		<capsule pos="19.549999999999997,11.0,-13.799999999999997" vel="0,0,0" mass="1" elasticityCoef="1" ang="90,0,0" color="0,220,0" radius="0.5" length="4" />
		<capsule pos="19.549999999999997,11.0,-11.5" vel="0,0,0" mass="1" elasticityCoef="1" ang="90,0,0" color="0,220,0" radius="0.5" length="4" />
		<capsule pos="19.549999999999997,11.0,-9.199999999999996" vel="0,0,0" mass="1" elasticityCoef="1" ang="90,0,0" color="0,220,0" radius="0.5" length="4" />
		<capsule pos="19.549999999999997,11.0,-6.899999999999999" vel="0,0,0" mass="1" elasticityCoef="1" ang="90,0,0" color="0,220,0" radius="0.5" length="4" />
		<capsule pos="19.549999999999997,11.0,-4.600000000000001" vel="0,0,0" mass="1" elasticityCoef="1" ang="90,0,0" color="0,220,0" radius="0.5" length="4" />
		<capsule pos="19.549999999999997,11.0,-2.299999999999997" vel="0,0,0" mass="1" elasticityCoef="1" ang="90,0,0" color="0,220,0" radius="0.5" length="4" />
		<capsule pos="19.549999999999997,11.0,0.0" vel="0,0,0" mass="1" elasticityCoef="1" ang="90,0,0" color="0,220,0" radius="0.5" length="4" />
		<capsule pos="19.549999999999997,11.0,2.3000000000000043" vel="0,0,0" mass="1" elasticityCoef="1" ang="90,0,0" color="0,220,0" radius="0.5" length="4" />
		<capsule pos="19.549999999999997,11.0,4.600000000000001" vel="0,0,0" mass="1" elasticityCoef="1" ang="90,0,0" color="0,220,0" radius="0.5" length="4" />
		<capsule pos="19.549999999999997,11.0,6.899999999999999" vel="0,0,0" mass="1" elasticityCoef="1" ang="90,0,0" color="0,220,0" radius="0.5" length="4" />
		<capsule pos="19.549999999999997,11.0,9.200000000000003" vel="0,0,0" mass="1" elasticityCoef="1" ang="90,0,0" color="0,220,0" radius="0.5" length="4" />
		<capsule pos="19.549999999999997,11.0,11.5" vel="0,0,0" mass="1" elasticityCoef="1" ang="90,0,0" color="0,220,0" radius="0.5" length="4" />
		<capsule pos="19.549999999999997,11.0,13.799999999999997" vel="0,0,0" mass="1" elasticityCoef="1" ang="90,0,0" color="0,220,0" radius="0.5" length="4" />
		<capsule pos="19.549999999999997,11.0,16.1" vel="0,0,0" mass="1" elasticityCoef="1" ang="90,0,0" color="0,220,0" radius="0.5" length="4" />
		<capsule pos="19.549999999999997,11.0,18.4" vel="0,0,0" mass="1" elasticityCoef="1" ang="90,0,0" color="0,220,0" radius="0.5" length="4" />
		<capsule pos="19.549999999999997,11.0,20.699999999999996" vel="0,0,0" mass="1" elasticityCoef="1" ang="90,0,0" color="0,220,0" radius="0.5" length="4" />
		<capsule pos="19.549999999999997,11.0,22.999999999999993" vel="0,0,0" mass="1" elasticityCoef="1" ang="90,0,0" color="0,220,0" radius="0.5" length="4" />
		<capsule pos="19.549999999999997,11.0,25.300000000000004" vel="0,0,0" mass="1" elasticityCoef="1" ang="90,0,0" color="0,220,0" radius="0.5" length="4" />
		<capsule pos="19.549999999999997,11.0,27.6" vel="0,0,0" mass="1" elasticityCoef="1" ang="90,0,0" color="0,220,0" radius="0.5" length="4" />
		<capsule pos="19.549999999999997,11.0,29.9" vel="0,0,0" mass="1" elasticityCoef="1" ang="90,0,0" color="0,220,0" radius="0.5" length="4" />
		<capsule pos="19.549999999999997,11.0,32.199999999999996" vel="0,0,0" mass="1" elasticityCoef="1" ang="90,0,0" color="0,220,0" radius="0.5" length="4" />
		<capsule pos="19.549999999999997,11.0,34.49999999999999" vel="0,0,0" mass="1" elasticityCoef="1" ang="90,0,0" color="0,220,0" radius="0.5" length="4" />
		<capsule pos="19.549999999999997,11.0,36.800000000000004" vel="0,0,0" mass="1" elasticityCoef="1" ang="90,0,0" color="0,220,0" radius="0.5" length="4" />
		<capsule pos="19.549999999999997,11.0,39.1" vel="0,0,0" mass="1" elasticityCoef="1" ang="90,0,0" color="0,220,0" radius="0.5" length="4" />
		<capsule pos="19.549999999999997,11.0,41.4" vel="0,0,0" mass="1" elasticityCoef="1" ang="90,0,0" color="0,220,0" radius="0.5" length="4" />
		<capsule pos="19.549999999999997,16.5,-43.699999999999996" vel="0,0,0" mass="1" elasticityCoef="1" ang="90,0,0" color="0,220,0" radius="0.5" length="4" />
		<capsule pos="19.549999999999997,16.5,-41.4" vel="0,0,0" mass="1" elasticityCoef="1" ang="90,0,0" color="0,220,0" radius="0.5" length="4" />
		<capsule pos="19.549999999999997,16.5,-39.099999999999994" vel="0,0,0" mass="1" elasticityCoef="1" ang="90,0,0" color="0,220,0" radius="0.5" length="4" />
		<capsule pos="19.549999999999997,16.5,-36.8" vel="0,0,0" mass="1" elasticityCoef="1" ang="90,0,0" color="0,220,0" radius="0.5" length="4" />
		<capsule pos="19.549999999999997,16.5,-34.5" vel="0,0,0" mass="1" elasticityCoef="1" ang="90,0,0" color="0,220,0" radius="0.5" length="4" />
		<capsule pos="19.549999999999997,16.5,-32.199999999999996" vel="0,0,0" mass="1" elasticityCoef="1" ang="90,0,0" color="0,220,0" radius="0.5" length="4" />
		<capsule pos="19.549999999999997,16.5,-29.9" vel="0,0,0" mass="1" elasticityCoef="1" ang="90,0,0" color="0,220,0" radius="0.5" length="4" />
		<capsule pos="19.549999999999997,16.5,-27.599999999999998" vel="0,0,0" mass="1" elasticityCoef="1" ang="90,0,0" color="0,220,0" radius="0.5" length="4" />
		<capsule pos="19.549999999999997,16.5,-25.299999999999997" vel="0,0,0" mass="1" elasticityCoef="1" ang="90,0,0" color="0,220,0" radius="0.5" length="4" />
		<capsule pos="19.549999999999997,16.5,-22.999999999999996" vel="0,0,0" mass="1" elasticityCoef="1" ang="90,0,0" color="0,220,0" radius="0.5" length="4" />
		<capsule pos="19.549999999999997,16.5,-20.699999999999996" vel="0,0,0" mass="1" elasticityCoef="1" ang="90,0,0" color="0,220,0" radius="0.5" length="4" />
		<capsule pos="19.549999999999997,16.5,-18.4" vel="0,0,0" mass="1" elasticityCoef="1" ang="90,0,0" color="0,220,0" radius="0.5" length="4" />
		<capsule pos="19.549999999999997,16.5,-16.099999999999998" vel="0,0,0" mass="1" elasticityCoef="1" ang="90,0,0" color="0,220,0" radius="0.5" length="4" />
		<capsule pos="19.549999999999997,16.5,-13.799999999999997" vel="0,0,0" mass="1" elasticityCoef="1" ang="90,0,0" color="0,220,0" radius="0.5" length="4" />
		<capsule pos="19.549999999999997,16.5,-11.5" vel="0,0,0" mass="1" elasticityCoef="1" ang="90,0,0" color="0,220,0" radius="0.5" length="4" />
		<capsule pos="19.549999999999997,16.5,-9.199999999999996" vel="0,0,0" mass="1" elasticityCoef="1" ang="90,0,0" color="0,220,0" radius="0.5" length="4" />
		<capsule pos="19.549999999999997,16.5,-6.899999999999999" vel="0,0,0" mass="1" elasticityCoef="1" ang="90,0,0" color="0,220,0" radius="0.5" length="4" />
		<capsule pos="19.549999999999997,16.5,-4.600000000000001" vel="0,0,0" mass="1" elasticityCoef="1" ang="90,0,0" color="0,220,0" radius="0.5" length="4" />
		<capsule pos="19.549999999999997,16.5,-2.299999999999997" vel="0,0,0" mass="1" elasticityCoef="1" ang="90,0,0" color="0,220,0" radius="0.5" length="4" />
		<capsule pos="19.549999999999997,16.5,0.0" vel="0,0,0" mass="1" elasticityCoef="1" ang="90,0,0" color="0,220,0" radius="0.5" length="4" />
		<capsule pos="19.549999999999997,16.5,2.3000000000000043" vel="0,0,0" mass="1" elasticityCoef="1" ang="90,0,0" color="0,220,0" radius="0.5" length="4" />
		<capsule pos="19.549999999999997,16.5,4.600000000000001" vel="0,0,0" mass="1" elasticityCoef="1" ang="90,0,0" color="0,220,0" radius="0.5" length="4" />
		<capsule pos="19.549999999999997,16.5,6.899999999999999" vel="0,0,0" mass="1" elasticityCoef="1" ang="90,0,0" color="0,220,0" radius="0.5" length="4" />
		<capsule pos="19.549999999999997,16.5,9.200000000000003" vel="0,0,0" mass="1" elasticityCoef="1" ang="90,0,0" color="0,220,0" radius="0.5" length="4" />
		<capsule pos="19.549999999999997,16.5,11.5" vel="0,0,0" mass="1" elasticityCoef="1" ang="90,0,0" color="0,220,0" radius="0.5" length="4" />
		<capsule pos="19.549999999999997,16.5,13.799999999999997" vel="0,0,0" mass="1" elasticityCoef="1" ang="90,0,0" color="0,220,0" radius="0.5" length="4" />
		<capsule pos="19.549999999999997,16.5,16.1" vel="0,0,0" mass="1" elasticityCoef="1" ang="90,0,0" color="0,220,0" radius="0.5" length="4" />
		<capsule pos="19.549999999999997,16.5,18.4" vel="0,0,0" mass="1" elasticityCoef="1" ang="90,0,0" color="0,220,0" radius="0.5" length="4" />
		<capsule pos="19.549999999999997,16.5,20.699999999999996" vel="0,0,0" mass="1" elasticityCoef="1" ang="90,0,0" color="0,220,0" radius="0.5" length="4" />
		<capsule pos="19.549999999999997,16.5,22.999999999999993" vel="0,0,0" mass="1" elasticityCoef="1" ang="90,0,0" color="0,220,0" radius="0.5" length="4" />
		<capsule pos="19.549999999999997,16.5,25.300000000000004" vel="0,0,0" mass="1" elasticityCoef="1" ang="90,0,0" color="0,220,0" radius="0.5" length="4" />
		<capsule pos="19.549999999999997,16.5,27.6" vel="0,0,0" mass="1" elasticityCoef="1" ang="90,0,0" color="0,220,0" radius="0.5" length="4" />
		<capsule pos="19.549999999999997,16.5,29.9" vel="0,0,0" mass="1" elasticityCoef="1" ang="90,0,0" color="0,220,0" radius="0.5" length="4" />
		<capsule pos="19.549999999999997,16.5,32.199999999999996" vel="0,0,0" mass="1" elasticityCoef="1" ang="90,0,0" color="0,220,0" radius="0.5" length="4" />
		<capsule pos="19.549999999999997,16.5,34.49999999999999" vel="0,0,0" mass="1" elasticityCoef="1" ang="90,0,0" color="0,220,0" radius="0.5" length="4" />
		<capsule pos="19.549999999999997,16.5,36.800000000000004" vel="0,0,0" mass="1" elasticityCoef="1" ang="90,0,0" color="0,220,0" radius="0.5" length="4" />
		<capsule pos="19.549999999999997,16.5,39.1" vel="0,0,0" mass="1" elasticityCoef="1" ang="90,0,0" color="0,220,0" radius="0.5" length="4" />
		<capsule pos="19.549999999999997,16.5,41.4" vel="0,0,0" mass="1" elasticityCoef="1" ang="90,0,0" color="0,220,0" radius="0.5" length="4" />
		<capsule pos="19.549999999999997,22.0,-43.699999999999996" vel="0,0,0" mass="1" elasticityCoef="1" ang="90,0,0" color="0,220,0" radius="0.5" length="4" />
		<capsule pos="19.549999999999997,22.0,-41.4" vel="0,0,0" mass="1" elasticityCoef="1" ang="90,0,0" color="0,220,0" radius="0.5" length="4" />
		<capsule pos="19.549999999999997,22.0,-39.099999999999994" vel="0,0,0" mass="1" elasticityCoef="1" ang="90,0,0" color="0,220,0" radius="0.5" length="4" />
		<capsule pos="19.549999999999997,22.0,-36.8" vel="0,0,0" mass="1" elasticityCoef="1" ang="90,0,0" color="0,220,0" radius="0.5" length="4" />
		<capsule pos="19.549999999999997,22.0,-34.5" vel="0,0,0" mass="1" elasticityCoef="1" ang="90,0,0" color="0,220,0" radius="0.5" length="4" />
		<capsule pos="19.549999999999997,22.0,-32.199999999999996" vel="0,0,0" mass="1" elasticityCoef="1" ang="90,0,0" color="0,220,0" radius="0.5" length="4" />
		<capsule pos="19.549999999999997,22.0,-29.9" vel="0,0,0" mass="1" elasticityCoef="1" ang="90,0,0" color="0,220,0" radius="0.5" length="4" />
		<capsule pos="19.549999999999997,22.0,-27.599999999999998" vel="0,0,0" mass="1" elasticityCoef="1" ang="90,0,0" color="0,220,0" radius="0.5" length="4" />
		<capsule pos="19.549999999999997,22.0,-25.299999999999997" vel="0,0,0" mass="1" elasticityCoef="1" ang="90,0,0" color="0,220,0" radius="0.5" length="4" />
		<capsule pos="19.549999999999997,22.0,-22.999999999999996" vel="0,0,0" mass="1" elasticityCoef="1" ang="90,0,0" color="0,220,0" radius="0.5" length="4" />
		<capsule pos="19.549999999999997,22.0,-20.699999999999996" vel="0,0,0" mass="1" elasticityCoef="1" ang="90,0,0" color="0,220,0" radius="0.5" length="4" />
		<capsule pos="19.549999999999997,22.0,-18.4" vel="0,0,0" mass="1" elasticityCoef="1" ang="90,0,0" color="0,220,0" radius="0.5" length="4" />
		<capsule pos="19.549999999999997,22.0,-16.099999999999998" vel="0,0,0" mass="1" elasticityCoef="1" ang="90,0,0" color="0,220,0" radius="0.5" length="4" />
		<capsule pos="19.549999999999997,22.0,-13.799999999999997" vel="0,0,0" mass="1" elasticityCoef="1" ang="90,0,0" color="0,220,0" radius="0.5" length="4" />
		<capsule pos="19.549999999999997,22.0,-11.5" vel="0,0,0" mass="1" elasticityCoef="1" ang="90,0,0" color="0,220,0" radius="0.5" length="4" />
		<capsule pos="19.549999999999997,22.0,-9.199999999999996" vel="0,0,0" mass="1" elasticityCoef="1" ang="90,0,0" color="0,220,0" radius="0.5" length="4" />
		<capsule pos="19.549999999999997,22.0,-6.899999999999999" vel="0,0,0" mass="1" elasticityCoef="1" ang="90,0,0" color="0,220,0" radius="0.5" length="4" />
		<capsule pos="19.549999999999997,22.0,-4.600000000000001" vel="0,0,0" mass="1" elasticityCoef="1" ang="90,0,0" color="0,220,0" radius="0.5" length="4" />
		<capsule pos="19.549999999999997,22.0,-2.299999999999997" vel="0,0,0" mass="1" elasticityCoef="1" ang="90,0,0" color="0,220,0" radius="0.5" length="4" />
		<capsule pos="19.549999999999997,22.0,0.0" vel="0,0,0" mass="1" elasticityCoef="1" ang="90,0,0" color="0,220,0" radius="0.5" length="4" />
		<capsule pos="19.549999999999997,22.0,2.3000000000000043" vel="0,0,0" mass="1" elasticityCoef="1" ang="90,0,0" color="0,220,0" radius="0.5" length="4" />
		<capsule pos="19.549999999999997,22.0,4.600000000000001" vel="0,0,0" mass="1" elasticityCoef="1" ang="90,0,0" color="0,220,0" radius="0.5" length="4" />
		<capsule pos="19.549999999999997,22.0,6.899999999999999" vel="0,0,0" mass="1" elasticityCoef="1" ang="90,0,0" color="0,220,0" radius="0.5" length="4" />
		<capsule pos="19.549999999999997,22.0,9.200000000000003" vel="0,0,0" mass="1" elasticityCoef="1" ang="90,0,0" color="0,220,0" radius="0.5" length="4" />
		<capsule pos="19.549999999999997,22.0,11.5" vel="0,0,0" mass="1" elasticityCoef="1" ang="90,0,0" color="0,220,0" radius="0.5" length="4" />
		<capsule pos="19.549999999999997,22.0,13.799999999999997" vel="0,0,0" mass="1" elasticityCoef="1" ang="90,0,0" color="0,220,0" radius="0.5" length="4" />
		<capsule pos="19.549999999999997,22.0,16.1" vel="0,0,0" mass="1" elasticityCoef="1" ang="90,0,0" color="0,220,0" radius="0.5" length="4" />
		<capsule pos="19.549999999999997,22.0,18.4" vel="0,0,0" mass="1" elasticityCoef="1" ang="90,0,0" color="0,220,0" radius="0.5" length="4" />
		<capsule pos="19.549999999999997,22.0,20.699999999999996" vel="0,0,0" mass="1" elasticityCoef="1" ang="90,0,0" color="0,220,0" radius="0.5" length="4" />
		<capsule pos="19.549999999999997,22.0,22.999999999999993" vel="0,0,0" mass="1" elasticityCoef="1" ang="90,0,0" color="0,220,0" radius="0.5" length="4" />
		<capsule pos="19.549999999999997,22.0,25.300000000000004" vel="0,0,0" mass="1" elasticityCoef="1" ang="90,0,0" color="0,220,0" radius="0.5" length="4" />
		<capsule pos="19.549999999999997,22.0,27.6" vel="0,0,0" mass="1" elasticityCoef="1" ang="90,0,0" color="0,220,0" radius="0.5" length="4" />
		<capsule pos="19.549999999999997,22.0,29.9" vel="0,0,0" mass="1" elasticityCoef="1" ang="90,0,0" color="0,220,0" radius="0.5" length="4" />
		<capsule pos="19.549999999999997,22.0,32.199999999999996" vel="0,0,0" mass="1" elasticityCoef="1" ang="90,0,0" color="0,220,0" radius="0.5" length="4" />
		<capsule pos="19.549999999999997,22.0,34.49999999999999" vel="0,0,0" mass="1" elasticityCoef="1" ang="90,0,0" color="0,220,0" radius="0.5" length="4" />
		<capsule pos="19.549999999999997,22.0,36.800000000000004" vel="0,0,0" mass="1" elasticityCoef="1" ang="90,0,0" color="0,220,0" radius="0.5" length="4" />
		<capsule pos="19.549999999999997,22.0,39.1" vel="0,0,0" mass="1" elasticityCoef="1" ang="90,0,0" color="0,220,0" radius="0.5" length="4" />
		<capsule pos="19.549999999999997,22.0,41.4" vel="0,0,0" mass="1" elasticityCoef="1" ang="90,0,0" color="0,220,0" radius="0.5" length="4" />
		<capsule pos="19.549999999999997,27.5,-43.699999999999996" vel="0,0,0" mass="1" elasticityCoef="1" ang="90,0,0" color="0,220,0" radius="0.5" length="4" />
		<capsule pos="19.549999999999997,27.5,-41.4" vel="0,0,0" mass="1" elasticityCoef="1" ang="90,0,0" color="0,220,0" radius="0.5" length="4" />
		<capsule pos="19.549999999999997,27.5,-39.099999999999994" vel="0,0,0" mass="1" elasticityCoef="1" ang="90,0,0" color="0,220,0" radius="0.5" length="4" />
		<capsule pos="19.549999999999997,27.5,-36.8" vel="0,0,0" mass="1" elasticityCoef="1" ang="90,0,0" color="0,220,0" radius="0.5" length="4" />
		<capsule pos="19.549999999999997,27.5,-34.5" vel="0,0,0" mass="1" elasticityCoef="1" ang="90,0,0" color="0,220,0" radius="0.5" length="4" />
		<capsule pos="19.549999999999997,27.5,-32.199999999999996" vel="0,0,0" mass="1" elasticityCoef="1" ang="90,0,0" color="0,220,0" radius="0.5" length="4" />
		<capsule pos="19.549999999999997,27.5,-29.9" vel="0,0,0" mass="1" elasticityCoef="1" ang="90,0,0" color="0,220,0" radius="0.5" length="4" />
		<capsule pos="19.549999999999997,27.5,-27.599999999999998" vel="0,0,0" mass="1" elasticityCoef="1" ang="90,0,0" color="0,220,0" radius="0.5" length="4" />
		<capsule pos="19.549999999999997,27.5,-25.299999999999997" vel="0,0,0" mass="1" elasticityCoef="1" ang="90,0,0" color="0,220,0" radius="0.5" length="4" />
		<capsule pos="19.549999999999997,27.5,-22.999999999999996" vel="0,0,0" mass="1" elasticityCoef="1" ang="90,0,0" color="0,220,0" radius="0.5" length="4" />
		<capsule pos="19.549999999999997,27.5,-20.699999999999996" vel="0,0,0" mass="1" elasticityCoef="1" ang="90,0,0" color="0,220,0" radius="0.5" length="4" />
		<capsule pos="19.549999999999997,27.5,-18.4" vel="0,0,0" mass="1" elasticityCoef="1" ang="90,0,0" color="0,220,0" radius="0.5" length="4" />
		<capsule pos="19.549999999999997,27.5,-16.099999999999998" vel="0,0,0" mass="1" elasticityCoef="1" ang="90,0,0" color="0,220,0" radius="0.5" length="4" />
		<capsule pos="19.549999999999997,27.5,-13.799999999999997" vel="0,0,0" mass="1" elasticityCoef="1" ang="90,0,0" color="0,220,0" radius="0.5" length="4" />
		<capsule pos="19.549999999999997,27.5,-11.5" vel="0,0,0" mass="1" elasticityCoef="1" ang="90,0,0" color="0,220,0" radius="0.5" length="4" />
		<capsule pos="19.549999999999997,27.5,-9.199999999999996" vel="0,0,0" mass="1" elasticityCoef="1" ang="90,0,0" color="0,220,0" radius="0.5" length="4" />
		<capsule pos="19.549999999999997,27.5,-6.899999999999999" vel="0,0,0" mass="1" elasticityCoef="1" ang="90,0,0" color="0,220,0" radius="0.5" length="4" />
		<capsule pos="19.549999999999997,27.5,-4.600000000000001" vel="0,0,0" mass="1" elasticityCoef="1" ang="90,0,0" color="0,220,0" radius="0.5" length="4" />
		<capsule pos="19.549999999999997,27.5,-2.299999999999997" vel="0,0,0" mass="1" elasticityCoef="1" ang="90,0,0" color="0,220,0" radius="0.5" length="4" />
		<capsule pos="19.549999999999997,27.5,0.0" vel="0,0,0" mass="1" elasticityCoef="1" ang="90,0,0" color="0,220,0" radius="0.5" length="4" />
		<capsule pos="19.549999999999997,27.5,2.3000000000000043" vel="0,0,0" mass="1" elasticityCoef="1" ang="90,0,0" color="0,220,0" radius="0.5" length="4" />
		<capsule pos="19.549999999999997,27.5,4.600000000000001" vel="0,0,0" mass="1" elasticityCoef="1" ang="90,0,0" color="0,220,0" radius="0.5" length="4" />
		<capsule pos="19.549999999999997,27.5,6.899999999999999" vel="0,0,0" mass="1" elasticityCoef="1" ang="90,0,0" color="0,220,0" radius="0.5" length="4" />
		<capsule pos="19.549999999999997,27.5,9.200000000000003" vel="0,0,0" mass="1" elasticityCoef="1" ang="90,0,0" color="0,220,0" radius="0.5" length="4" />
		<capsule pos="19.549999999999997,27.5,11.5" vel="0,0,0" mass="1" elasticityCoef="1" ang="90,0,0" color="0,220,0" radius="0.5" length="4" />
		<capsule pos="19.549999999999997,27.5,13.799999999999997" vel="0,0,0" mass="1" elasticityCoef="1" ang="90,0,0" color="0,220,0" radius="0.5" length="4" />
		<capsule pos="19.549999999999997,27.5,16.1" vel="0,0,0" mass="1" elasticityCoef="1" ang="90,0,0" color="0,220,0" radius="0.5" length="4" />
		<capsule pos="19.549999999999997,27.5,18.4" vel="0,0,0" mass="1" elasticityCoef="1" ang="90,0,0" color="0,220,0" radius="0.5" length="4" />
		<capsule pos="19.549999999999997,27.5,20.699999999999996" vel="0,0,0" mass="1" elasticityCoef="1" ang="90,0,0" color="0,220,0" radius="0.5" length="4" />
		<capsule pos="19.549999999999997,27.5,22.999999999999993" vel="0,0,0" mass="1" elasticityCoef="1" ang="90,0,0" color="0,220,0" radius="0.5" length="4" />
		<capsule pos="19.549999999999997,27.5,25.300000000000004" vel="0,0,0" mass="1" elasticityCoef="1" ang="90,0,0" color="0,220,0" radius="0.5" length="4" />
		<capsule pos="19.549999999999997,27.5,27.6" vel="0,0,0" mass="1" elasticityCoef="1" ang="90,0,0" color="0,220,0" radius="0.5" length="4" />
		<capsule pos="19.549999999999997,27.5,29.9" vel="0,0,0" mass="1" elasticityCoef="1" ang="90,0,0" color="0,220,0" radius="0.5" length="4" />
		<capsule pos="19.549999999999997,27.5,32.199999999999996" vel="0,0,0" mass="1" elasticityCoef="1" ang="90,0,0" color="0,220,0" radius="0.5" length="4" />
		<capsule pos="19.549999999999997,27.5,34.49999999999999" vel="0,0,0" mass="1" elasticityCoef="1" ang="90,0,0" color="0,220,0" radius="0.5" length="4" />
		<capsule pos="19.549999999999997,27.5,36.800000000000004" vel="0,0,0" mass="1" elasticityCoef="1" ang="90,0,0" color="0,220,0" radius="0.5" length="4" />
		<capsule pos="19.549999999999997,27.5,39.1" vel="0,0,0" mass="1" elasticityCoef="1" ang="90,0,0" color="0,220,0" radius="0.5" length="4" />
		<capsule pos="19.549999999999997,27.5,41.4" vel="0,0,0" mass="1" elasticityCoef="1" ang="90,0,0" color="0,220,0" radius="0.5" length="4" />
		<capsule pos="19.549999999999997,33.0,-43.699999999999996" vel="0,0,0" mass="1" elasticityCoef="1" ang="90,0,0" color="0,220,0" radius="0.5" length="4" />
		<capsule pos="19.549999999999997,33.0,-41.4" vel="0,0,0" mass="1" elasticityCoef="1" ang="90,0,0" color="0,220,0" radius="0.5" length="4" />
		<capsule pos="19.549999999999997,33.0,-39.099999999999994" vel="0,0,0" mass="1" elasticityCoef="1" ang="90,0,0" color="0,220,0" radius="0.5" length="4" />
		<capsule pos="19.549999999999997,33.0,-36.8" vel="0,0,0" mass="1" elasticityCoef="1" ang="90,0,0" color="0,220,0" radius="0.5" length="4" />
		<capsule pos="19.549999999999997,33.0,-34.5" vel="0,0,0" mass="1" elasticityCoef="1" ang="90,0,0" color="0,220,0" radius="0.5" length="4" />
		<capsule pos="19.549999999999997,33.0,-32.199999999999996" vel="0,0,0" mass="1" elasticityCoef="1" ang="90,0,0" color="0,220,0" radius="0.5" length="4" />
		<capsule pos="19.549999999999997,33.0,-29.9" vel="0,0,0" mass="1" elasticityCoef="1" ang="90,0,0" color="0,220,0" radius="0.5" length="4" />
		<capsule pos="19.549999999999997,33.0,-27.599999999999998" vel="0,0,0" mass="1" elasticityCoef="1" ang="90,0,0" color="0,220,0" radius="0.5" length="4" />
		<capsule pos="19.549999999999997,33.0,-25.299999999999997" vel="0,0,0" mass="1" elasticityCoef="1" ang="90,0,0" color="0,220,0" radius="0.5" length="4" />
		<capsule pos="19.549999999999997,33.0,-22.999999999999996" vel="0,0,0" mass="1" elasticityCoef="1" ang="90,0,0" color="0,220,0" radius="0.5" length="4" />
		<capsule pos="19.549999999999997,33.0,-20.699999999999996" vel="0,0,0" mass="1" elasticityCoef="1" ang="90,0,0" color="0,220,0" radius="0.5" length="4" />
		<capsule pos="19.549999999999997,33.0,-18.4" vel="0,0,0" mass="1" elasticityCoef="1" ang="90,0,0" color="0,220,0" radius="0.5" length="4" />
		<capsule pos="19.549999999999997,33.0,-16.099999999999998" vel="0,0,0" mass="1" elasticityCoef="1" ang="90,0,0" color="0,220,0" radius="0.5" length="4" />
		<capsule pos="19.549999999999997,33.0,-13.799999999999997" vel="0,0,0" mass="1" elasticityCoef="1" ang="90,0,0" color="0,220,0" radius="0.5" length="4" />
		<capsule pos="19.549999999999997,33.0,-11.5" vel="0,0,0" mass="1" elasticityCoef="1" ang="90,0,0" color="0,220,0" radius="0.5" length="4" />
		<capsule pos="19.549999999999997,33.0,-9.199999999999996" vel="0,0,0" mass="1" elasticityCoef="1" ang="90,0,0" color="0,220,0" radius="0.5" length="4" />
		<capsule pos="19.549999999999997,33.0,-6.899999999999999" vel="0,0,0" mass="1" elasticityCoef="1" ang="90,0,0" color="0,220,0" radius="0.5" length="4" />
		<capsule pos="19.549999999999997,33.0,-4.600000000000001" vel="0,0,0" mass="1" elasticityCoef="1" ang="90,0,0" color="0,220,0" radius="0.5" length="4" />
		<capsule pos="19.549999999999997,33.0,-2.299999999999997" vel="0,0,0" mass="1" elasticityCoef="1" ang="90,0,0" color="0,220,0" radius="0.5" length="4" />
		<capsule pos="19.549999999999997,33.0,0.0" vel="0,0,0" mass="1" elasticityCoef="1" ang="90,0,0" color="0,220,0" radius="0.5" length="4" />
		<capsule pos="19.549999999999997,33.0,2.3000000000000043" vel="0,0,0" mass="1" elasticityCoef="1" ang="90,0,0" color="0,220,0" radius="0.5" length="4" />
		<capsule pos="19.549999999999997,33.0,4.600000000000001" vel="0,0,0" mass="1" elasticityCoef="1" ang="90,0,0" color="0,220,0" radius="0.5" length="4" />
		<capsule pos="19.549999999999997,33.0,6.899999999999999" vel="0,0,0" mass="1" elasticityCoef="1" ang="90,0,0" color="0,220,0" radius="0.5" length="4" />
		<capsule pos="19.549999999999997,33.0,9.200000000000003" vel="0,0,0" mass="1" elasticityCoef="1" ang="90,0,0" color="0,220,0" radius="0.5" length="4" />
		<capsule pos="19.549999999999997,33.0,11.5" vel="0,0,0" mass="1" elasticityCoef="1" ang="90,0,0" color="0,220,0" radius="0.5" length="4" />
		<capsule pos="19.549999999999997,33.0,13.799999999999997" vel="0,0,0" mass="1" elasticityCoef="1" ang="90,0,0" color="0,220,0" radius="0.5" length="4" />
		<capsule pos="19.549999999999997,33.0,16.1" vel="0,0,0" mass="1" elasticityCoef="1" ang="90,0,0" color="0,220,0" radius="0.5" length="4" />
		<capsule pos="19.549999999999997,33.0,18.4" vel="0,0,0" mass="1" elasticityCoef="1" ang="90,0,0" color="0,220,0" radius="0.5" length="4" />
		<capsule pos="19.549999999999997,33.0,20.699999999999996" vel="0,0,0" mass="1" elasticityCoef="1" ang="90,0,0" color="0,220,0" radius="0.5" length="4" />
		<capsule pos="19.549999999999997,33.0,22.999999999999993" vel="0,0,0" mass="1" elasticityCoef="1" ang="90,0,0" color="0,220,0" radius="0.5" length="4" />
		<capsule pos="19.549999999999997,33.0,25.300000000000004" vel="0,0,0" mass="1" elasticityCoef="1" ang="90,0,0" color="0,220,0" radius="0.5" length="4" />
		<capsule pos="19.549999999999997,33.0,27.6" vel="0,0,0" mass="1" elasticityCoef="1" ang="90,0,0" color="0,220,0" radius="0.5" length="4" />
		<capsule pos="19.549999999999997,33.0,29.9" vel="0,0,0" mass="1" elasticityCoef="1" ang="90,0,0" color="0,220,0" radius="0.5" length="4" />
		<capsule pos="19.549999999999997,33.0,32.199999999999996" vel="0,0,0" mass="1" elasticityCoef="1" ang="90,0,0" color="0,220,0" radius="0.5" length="4" />
		<capsule pos="19.549999999999997,33.0,34.49999999999999" vel="0,0,0" mass="1" elasticityCoef="1" ang="90,0,0" color="0,220,0" radius="0.5" length="4" />
		<capsule pos="19.549999999999997,33.0,36.800000000000004" vel="0,0,0" mass="1" elasticityCoef="1" ang="90,0,0" color="0,220,0" radius="0.5" length="4" />
		<capsule pos="19.549999999999997,33.0,39.1" vel="0,0,0" mass="1" elasticityCoef="1" ang="90,0,0" color="0,220,0" radius="0.5" length="4" />
		<capsule pos="19.549999999999997,33.0,41.4" vel="0,0,0" mass="1" elasticityCoef="1" ang="90,0,0" color="0,220,0" radius="0.5" length="4" />
		<capsule pos="19.549999999999997,38.5,-43.699999999999996" vel="0,0,0" mass="1" elasticityCoef="1" ang="90,0,0" color="0,220,0" radius="0.5" length="4" />
		<capsule pos="19.549999999999997,38.5,-41.4" vel="0,0,0" mass="1" elasticityCoef="1" ang="90,0,0" color="0,220,0" radius="0.5" length="4" />
		<capsule pos="19.549999999999997,38.5,-39.099999999999994" vel="0,0,0" mass="1" elasticityCoef="1" ang="90,0,0" color="0,220,0" radius="0.5" length="4" />
		<capsule pos="19.549999999999997,38.5,-36.8" vel="0,0,0" mass="1" elasticityCoef="1" ang="90,0,0" color="0,220,0" radius="0.5" length="4" />
		<capsule pos="19.549999999999997,38.5,-34.5" vel="0,0,0" mass="1" elasticityCoef="1" ang="90,0,0" color="0,220,0" radius="0.5" length="4" />
		<capsule pos="19.549999999999997,38.5,-32.199999999999996" vel="0,0,0" mass="1" elasticityCoef="1" ang="90,0,0" color="0,220,0" radius="0.5" length="4" />
		<capsule pos="19.549999999999997,38.5,-29.9" vel="0,0,0" mass="1" elasticityCoef="1" ang="90,0,0" color="0,220,0" radius="0.5" length="4" />
		<capsule pos="19.549999999999997,38.5,-27.599999999999998" vel="0,0,0" mass="1" elasticityCoef="1" ang="90,0,0" color="0,220,0" radius="0.5" length="4" />
		<capsule pos="19.549999999999997,38.5,-25.299999999999997" vel="0,0,0" mass="1" elasticityCoef="1" ang="90,0,0" color="0,220,0" radius="0.5" length="4" />
		<capsule pos="19.549999999999997,38.5,-22.999999999999996" vel="0,0,0" mass="1" elasticityCoef="1" ang="90,0,0" color="0,220,0" radius="0.5" length="4" />
		<capsule pos="19.549999999999997,38.5,-20.699999999999996" vel="0,0,0" mass="1" elasticityCoef="1" ang="90,0,0" color="0,220,0" radius="0.5" length="4" />
		<capsule pos="19.549999999999997,38.5,-18.4" vel="0,0,0" mass="1" elasticityCoef="1" ang="90,0,0" color="0,220,0" radius="0.5" length="4" />
		<capsule pos="19.549999999999997,38.5,-16.099999999999998" vel="0,0,0" mass="1" elasticityCoef="1" ang="90,0,0" color="0,220,0" radius="0.5" length="4" />
		<capsule pos="19.549999999999997,38.5,-13.799999999999997" vel="0,0,0" mass="1" elasticityCoef="1" ang="90,0,0" color="0,220,0" radius="0.5" length="4" />
		<capsule pos="19.549999999999997,38.5,-11.5" vel="0,0,0" mass="1" elasticityCoef="1" ang="90,0,0" color="0,220,0" radius="0.5" length="4" />
		<capsule pos="19.549999999999997,38.5,-9.199999999999996" vel="0,0,0" mass="1" elasticityCoef="1" ang="90,0,0" color="0,220,0" radius="0.5" length="4" />
		<capsule pos="19.549999999999997,38.5,-6.899999999999999" vel="0,0,0" mass="1" elasticityCoef="1" ang="90,0,0" color="0,220,0" radius="0.5" length="4" />
		<capsule pos="19.549999999999997,38.5,-4.600000000000001" vel="0,0,0" mass="1" elasticityCoef="1" ang="90,0,0" color="0,220,0" radius="0.5" length="4" />
		<capsule pos="19.549999999999997,38.5,-2.299999999999997" vel="0,0,0" mass="1" elasticityCoef="1" ang="90,0,0" color="0,220,0" radius="0.5" length="4" />
		<capsule pos="19.549999999999997,38.5,0.0" vel="0,0,0" mass="1" elasticityCoef="1" ang="90,0,0" color="0,220,0" radius="0.5" length="4" />
		<capsule pos="19.549999999999997,38.5,2.3000000000000043" vel="0,0,0" mass="1" elasticityCoef="1" ang="90,0,0" color="0,220,0" radius="0.5" length="4" />
		<capsule pos="19.549999999999997,38.5,4.600000000000001" vel="0,0,0" mass="1" elasticityCoef="1" ang="90,0,0" color="0,220,0" radius="0.5" length="4" />
		<capsule pos="19.549999999999997,38.5,6.899999999999999" vel="0,0,0" mass="1" elasticityCoef="1" ang="90,0,0" color="0,220,0" radius="0.5" length="4" />
		<capsule pos="19.549999999999997,38.5,9.200000000000003" vel="0,0,0" mass="1" elasticityCoef="1" ang="90,0,0" color="0,220,0" radius="0.5" length="4" />
		<capsule pos="19.549999999999997,38.5,11.5" vel="0,0,0" mass="1" elasticityCoef="1" ang="90,0,0" color="0,220,0" radius="0.5" length="4" />
		<capsule pos="19.549999999999997,38.5,13.799999999999997" vel="0,0,0" mass="1" elasticityCoef="1" ang="90,0,0" color="0,220,0" radius="0.5" length="4" />
		<capsule pos="19.549999999999997,38.5,16.1" vel="0,0,0" mass="1" elasticityCoef="1" ang="90,0,0" color="0,220,0" radius="0.5" length="4" />
		<capsule pos="19.549999999999997,38.5,18.4" vel="0,0,0" mass="1" elasticityCoef="1" ang="90,0,0" color="0,220,0" radius="0.5" length="4" />
		<capsule pos="19.549999999999997,38.5,20.699999999999996" vel="0,0,0" mass="1" elasticityCoef="1" ang="90,0,0" color="0,220,0" radius="0.5" length="4" />
		<capsule pos="19.549999999999997,38.5,22.999999999999993" vel="0,0,0" mass="1" elasticityCoef="1" ang="90,0,0" color="0,220,0" radius="0.5" length="4" />
		<capsule pos="19.549999999999997,38.5,25.300000000000004" vel="0,0,0" mass="1" elasticityCoef="1" ang="90,0,0" color="0,220,0" radius="0.5" length="4" />
		<capsule pos="19.549999999999997,38.5,27.6" vel="0,0,0" mass="1" elasticityCoef="1" ang="90,0,0" color="0,220,0" radius="0.5" length="4" />
		<capsule pos="19.549999999999997,38.5,29.9" vel="0,0,0" mass="1" elasticityCoef="1" ang="90,0,0" color="0,220,0" radius="0.5" length="4" />
		<capsule pos="19.549999999999997,38.5,32.199999999999996" vel="0,0,0" mass="1" elasticityCoef="1" ang="90,0,0" color="0,220,0" radius="0.5" length="4" />
		<capsule pos="19.549999999999997,38.5,34.49999999999999" vel="0,0,0" mass="1" elasticityCoef="1" ang="90,0,0" color="0,220,0" radius="0.5" length="4" />
		<capsule pos="19.549999999999997,38.5,36.800000000000004" vel="0,0,0" mass="1" elasticityCoef="1" ang="90,0,0" color="0,220,0" radius="0.5" length="4" />
		<capsule pos="19.549999999999997,38.5,39.1" vel="0,0,0" mass="1" elasticityCoef="1" ang="90,0,0" color="0,220,0" radius="0.5" length="4" />
		<capsule pos="19.549999999999997,38.5,41.4" vel="0,0,0" mass="1" elasticityCoef="1" ang="90,0,0" color="0,220,0" radius="0.5" length="4" />
		<capsule pos="19.549999999999997,44.0,-43.699999999999996" vel="0,0,0" mass="1" elasticityCoef="1" ang="90,0,0" color="0,220,0" radius="0.5" length="4" />
		<capsule pos="19.549999999999997,44.0,-41.4" vel="0,0,0" mass="1" elasticityCoef="1" ang="90,0,0" color="0,220,0" radius="0.5" length="4" />
		<capsule pos="19.549999999999997,44.0,-39.099999999999994" vel="0,0,0" mass="1" elasticityCoef="1" ang="90,0,0" color="0,220,0" radius="0.5" length="4" />
		<capsule pos="19.549999999999997,44.0,-36.8" vel="0,0,0" mass="1" elasticityCoef="1" ang="90,0,0" color="0,220,0" radius="0.5" length="4" />
		<capsule pos="19.549999999999997,44.0,-34.5" vel="0,0,0" mass="1" elasticityCoef="1" ang="90,0,0" color="0,220,0" radius="0.5" length="4" />
		<capsule pos="19.549999999999997,44.0,-32.199999999999996" vel="0,0,0" mass="1" elasticityCoef="1" ang="90,0,0" color="0,220,0" radius="0.5" length="4" />
		<capsule pos="19.549999999999997,44.0,-29.9" vel="0,0,0" mass="1" elasticityCoef="1" ang="90,0,0" color="0,220,0" radius="0.5" length="4" />
		<capsule pos="19.549999999999997,44.0,-27.599999999999998" vel="0,0,0" mass="1" elasticityCoef="1" ang="90,0,0" color="0,220,0" radius="0.5" length="4" />
		<capsule pos="19.549999999999997,44.0,-25.299999999999997" vel="0,0,0" mass="1" elasticityCoef="1" ang="90,0,0" color="0,220,0" radius="0.5" length="4" />
		<capsule pos="19.549999999999997,44.0,-22.999999999999996" vel="0,0,0" mass="1" elasticityCoef="1" ang="90,0,0" color="0,220,0" radius="0.5" length="4" />
		<capsule pos="19.549999999999997,44.0,-20.699999999999996" vel="0,0,0" mass="1" elasticityCoef="1" ang="90,0,0" color="0,220,0" radius="0.5" length="4" />
		<capsule pos="19.549999999999997,44.0,-18.4" vel="0,0,0" mass="1" elasticityCoef="1" ang="90,0,0" color="0,220,0" radius="0.5" length="4" />
		<capsule pos="19.549999999999997,44.0,-16.099999999999998" vel="0,0,0" mass="1" elasticityCoef="1" ang="90,0,0" color="0,220,0" radius="0.5" length="4" />
		<capsule pos="19.549999999999997,44.0,-13.799999999999997" vel="0,0,0" mass="1" elasticityCoef="1" ang="90,0,0" color="0,220,0" radius="0.5" length="4" />
		<capsule pos="19.549999999999997,44.0,-11.5" vel="0,0,0" mass="1" elasticityCoef="1" ang="90,0,0" color="0,220,0" radius="0.5" length="4" />
		<capsule pos="19.549999999999997,44.0,-9.199999999999996" vel="0,0,0" mass="1" elasticityCoef="1" ang="90,0,0" color="0,220,0" radius="0.5" length="4" />
		<capsule pos="19.549999999999997,44.0,-6.899999999999999" vel="0,0,0" mass="1" elasticityCoef="1" ang="90,0,0" color="0,220,0" radius="0.5" length="4" />
		<capsule pos="19.549999999999997,44.0,-4.600000000000001" vel="0,0,0" mass="1" elasticityCoef="1" ang="90,0,0" color="0,220,0" radius="0.5" length="4" />
		<capsule pos="19.549999999999997,44.0,-2.299999999999997" vel="0,0,0" mass="1" elasticityCoef="1" ang="90,0,0" color="0,220,0" radius="0.5" length="4" />
		<capsule pos="19.549999999999997,44.0,0.0" vel="0,0,0" mass="1" elasticityCoef="1" ang="90,0,0" color="0,220,0" radius="0.5" length="4" />
		<capsule pos="19.549999999999997,44.0,2.3000000000000043" vel="0,0,0" mass="1" elasticityCoef="1" ang="90,0,0" color="0,220,0" radius="0.5" length="4" />
		<capsule pos="19.549999999999997,44.0,4.600000000000001" vel="0,0,0" mass="1" elasticityCoef="1" ang="90,0,0" color="0,220,0" radius="0.5" length="4" />
		<capsule pos="19.549999999999997,44.0,6.899999999999999" vel="0,0,0" mass="1" elasticityCoef="1" ang="90,0,0" color="0,220,0" radius="0.5" length="4" />
		<capsule pos="19.549999999999997,44.0,9.200000000000003" vel="0,0,0" mass="1" elasticityCoef="1" ang="90,0,0" color="0,220,0" radius="0.5" length="4" />
		<capsule pos="19.549999999999997,44.0,11.5" vel="0,0,0" mass="1" elasticityCoef="1" ang="90,0,0" color="0,220,0" radius="0.5" length="4" />
		<capsule pos="19.549999999999997,44.0,13.799999999999997" vel="0,0,0" mass="1" elasticityCoef="1" ang="90,0,0" color="0,220,0" radius="0.5" length="4" />
		<capsule pos="19.549999999999997,44.0,16.1" vel="0,0,0" mass="1" elasticityCoef="1" ang="90,0,0" color="0,220,0" radius="0.5" length="4" />
		<capsule pos="19.549999999999997,44.0,18.4" vel="0,0,0" mass="1" elasticityCoef="1" ang="90,0,0" color="0,220,0" radius="0.5" length="4" />
		<capsule pos="19.549999999999997,44.0,20.699999999999996" vel="0,0,0" mass="1" elasticityCoef="1" ang="90,0,0" color="0,220,0" radius="0.5" length="4" />
		<capsule pos="19.549999999999997,44.0,22.999999999999993" vel="0,0,0" mass="1" elasticityCoef="1" ang="90,0,0" color="0,220,0" radius="0.5" length="4" />
		<capsule pos="19.549999999999997,44.0,25.300000000000004" vel="0,0,0" mass="1" elasticityCoef="1" ang="90,0,0" color="0,220,0" radius="0.5" length="4" />
		<capsule pos="19.549999999999997,44.0,27.6" vel="0,0,0" mass="1" elasticityCoef="1" ang="90,0,0" color="0,220,0" radius="0.5" length="4" />
		<capsule pos="19.549999999999997,44.0,29.9" vel="0,0,0" mass="1" elasticityCoef="1" ang="90,0,0" color="0,220,0" radius="0.5" length="4" />
		<capsule pos="19.549999999999997,44.0,32.199999999999996" vel="0,0,0" mass="1" elasticityCoef="1" ang="90,0,0" color="0,220,0" radius="0.5" length="4" />
		<capsule pos="19.549999999999997,44.0,34.49999999999999" vel="0,0,0" mass="1" elasticityCoef="1" ang="90,0,0" color="0,220,0" radius="0.5" length="4" />
		<capsule pos="19.549999999999997,44.0,36.800000000000004" vel="0,0,0" mass="1" elasticityCoef="1" ang="90,0,0" color="0,220,0" radius="0.5" length="4" />
		<capsule pos="19.549999999999997,44.0,39.1" vel="0,0,0" mass="1" elasticityCoef="1" ang="90,0,0" color="0,220,0" radius="0.5" length="4" />
		<capsule pos="19.549999999999997,44.0,41.4" vel="0,0,0" mass="1" elasticityCoef="1" ang="90,0,0" color="0,220,0" radius="0.5" length="4" />
		<capsule pos="21.849999999999994,-49.5,-43.699999999999996" vel="0,0,0" mass="1" elasticityCoef="1" ang="90,0,0" color="0,220,0" radius="0.5" length="4" />
		<capsule pos="21.849999999999994,-49.5,-41.4" vel="0,0,0" mass="1" elasticityCoef="1" ang="90,0,0" color="0,220,0" radius="0.5" length="4" />
		<capsule pos="21.849999999999994,-49.5,-39.099999999999994" vel="0,0,0" mass="1" elasticityCoef="1" ang="90,0,0" color="0,220,0" radius="0.5" length="4" />
		<capsule pos="21.849999999999994,-49.5,-36.8" vel="0,0,0" mass="1" elasticityCoef="1" ang="90,0,0" color="0,220,0" radius="0.5" length="4" />
		<capsule pos="21.849999999999994,-49.5,-34.5" vel="0,0,0" mass="1" elasticityCoef="1" ang="90,0,0" color="0,220,0" radius="0.5" length="4" />
		<capsule pos="21.849999999999994,-49.5,-32.199999999999996" vel="0,0,0" mass="1" elasticityCoef="1" ang="90,0,0" color="0,220,0" radius="0.5" length="4" />
		<capsule pos="21.849999999999994,-49.5,-29.9" vel="0,0,0" mass="1" elasticityCoef="1" ang="90,0,0" color="0,220,0" radius="0.5" length="4" />
		<capsule pos="21.849999999999994,-49.5,-27.599999999999998" vel="0,0,0" mass="1" elasticityCoef="1" ang="90,0,0" color="0,220,0" radius="0.5" length="4" />
		<capsule pos="21.849999999999994,-49.5,-25.299999999999997" vel="0,0,0" mass="1" elasticityCoef="1" ang="90,0,0" color="0,220,0" radius="0.5" length="4" />
		<capsule pos="21.849999999999994,-49.5,-22.999999999999996" vel="0,0,0" mass="1" elasticityCoef="1" ang="90,0,0" color="0,220,0" radius="0.5" length="4" />
		<capsule pos="21.849999999999994,-49.5,-20.699999999999996" vel="0,0,0" mass="1" elasticityCoef="1" ang="90,0,0" color="0,220,0" radius="0.5" length="4" />
		<capsule pos="21.849999999999994,-49.5,-18.4" vel="0,0,0" mass="1" elasticityCoef="1" ang="90,0,0" color="0,220,0" radius="0.5" length="4" />
		<capsule pos="21.849999999999994,-49.5,-16.099999999999998" vel="0,0,0" mass="1" elasticityCoef="1" ang="90,0,0" color="0,220,0" radius="0.5" length="4" />
		<capsule pos="21.849999999999994,-49.5,-13.799999999999997" vel="0,0,0" mass="1" elasticityCoef="1" ang="90,0,0" color="0,220,0" radius="0.5" length="4" />
		<capsule pos="21.849999999999994,-49.5,-11.5" vel="0,0,0" mass="1" elasticityCoef="1" ang="90,0,0" color="0,220,0" radius="0.5" length="4" />
		<capsule pos="21.849999999999994,-49.5,-9.199999999999996" vel="0,0,0" mass="1" elasticityCoef="1" ang="90,0,0" color="0,220,0" radius="0.5" length="4" />
		<capsule pos="21.849999999999994,-49.5,-6.899999999999999" vel="0,0,0" mass="1" elasticityCoef="1" ang="90,0,0" color="0,220,0" radius="0.5" length="4" />
		<capsule pos="21.849999999999994,-49.5,-4.600000000000001" vel="0,0,0" mass="1" elasticityCoef="1" ang="90,0,0" color="0,220,0" radius="0.5" length="4" />
		<capsule pos="21.849999999999994,-49.5,-2.299999999999997" vel="0,0,0" mass="1" elasticityCoef="1" ang="90,0,0" color="0,220,0" radius="0.5" length="4" />
		<capsule pos="21.849999999999994,-49.5,0.0" vel="0,0,0" mass="1" elasticityCoef="1" ang="90,0,0" color="0,220,0" radius="0.5" length="4" />
		<capsule pos="21.849999999999994,-49.5,2.3000000000000043" vel="0,0,0" mass="1" elasticityCoef="1" ang="90,0,0" color="0,220,0" radius="0.5" length="4" />
		<capsule pos="21.849999999999994,-49.5,4.600000000000001" vel="0,0,0" mass="1" elasticityCoef="1" ang="90,0,0" color="0,220,0" radius="0.5" length="4" />
		<capsule pos="21.849999999999994,-49.5,6.899999999999999" vel="0,0,0" mass="1" elasticityCoef="1" ang="90,0,0" color="0,220,0" radius="0.5" length="4" />
		<capsule pos="21.849999999999994,-49.5,9.200000000000003" vel="0,0,0" mass="1" elasticityCoef="1" ang="90,0,0" color="0,220,0" radius="0.5" length="4" />
		<capsule pos="21.849999999999994,-49.5,11.5" vel="0,0,0" mass="1" elasticityCoef="1" ang="90,0,0" color="0,220,0" radius="0.5" length="4" />
		<capsule pos="21.849999999999994,-49.5,13.799999999999997" vel="0,0,0" mass="1" elasticityCoef="1" ang="90,0,0" color="0,220,0" radius="0.5" length="4" />
		<capsule pos="21.849999999999994,-49.5,16.1" vel="0,0,0" mass="1" elasticityCoef="1" ang="90,0,0" color="0,220,0" radius="0.5" length="4" />
		<capsule pos="21.849999999999994,-49.5,18.4" vel="0,0,0" mass="1" elasticityCoef="1" ang="90,0,0" color="0,220,0" radius="0.5" length="4" />
		<capsule pos="21.849999999999994,-49.5,20.699999999999996" vel="0,0,0" mass="1" elasticityCoef="1" ang="90,0,0" color="0,220,0" radius="0.5" length="4" />
		<capsule pos="21.849999999999994,-49.5,22.999999999999993" vel="0,0,0" mass="1" elasticityCoef="1" ang="90,0,0" color="0,220,0" radius="0.5" length="4" />
		<capsule pos="21.849999999999994,-49.5,25.300000000000004" vel="0,0,0" mass="1" elasticityCoef="1" ang="90,0,0" color="0,220,0" radius="0.5" length="4" />
		<capsule pos="21.849999999999994,-49.5,27.6" vel="0,0,0" mass="1" elasticityCoef="1" ang="90,0,0" color="0,220,0" radius="0.5" length="4" />
		<capsule pos="21.849999999999994,-49.5,29.9" vel="0,0,0" mass="1" elasticityCoef="1" ang="90,0,0" color="0,220,0" radius="0.5" length="4" />
		<capsule pos="21.849999999999994,-49.5,32.199999999999996" vel="0,0,0" mass="1" elasticityCoef="1" ang="90,0,0" color="0,220,0" radius="0.5" length="4" />
		<capsule pos="21.849999999999994,-49.5,34.49999999999999" vel="0,0,0" mass="1" elasticityCoef="1" ang="90,0,0" color="0,220,0" radius="0.5" length="4" />
		<capsule pos="21.849999999999994,-49.5,36.800000000000004" vel="0,0,0" mass="1" elasticityCoef="1" ang="90,0,0" color="0,220,0" radius="0.5" length="4" />
		<capsule pos="21.849999999999994,-49.5,39.1" vel="0,0,0" mass="1" elasticityCoef="1" ang="90,0,0" color="0,220,0" radius="0.5" length="4" />
		<capsule pos="21.849999999999994,-49.5,41.4" vel="0,0,0" mass="1" elasticityCoef="1" ang="90,0,0" color="0,220,0" radius="0.5" length="4" />
		<capsule pos="21.849999999999994,-44.0,-43.699999999999996" vel="0,0,0" mass="1" elasticityCoef="1" ang="90,0,0" color="0,220,0" radius="0.5" length="4" />
		<capsule pos="21.849999999999994,-44.0,-41.4" vel="0,0,0" mass="1" elasticityCoef="1" ang="90,0,0" color="0,220,0" radius="0.5" length="4" />
		<capsule pos="21.849999999999994,-44.0,-39.099999999999994" vel="0,0,0" mass="1" elasticityCoef="1" ang="90,0,0" color="0,220,0" radius="0.5" length="4" />
		<capsule pos="21.849999999999994,-44.0,-36.8" vel="0,0,0" mass="1" elasticityCoef="1" ang="90,0,0" color="0,220,0" radius="0.5" length="4" />
		<capsule pos="21.849999999999994,-44.0,-34.5" vel="0,0,0" mass="1" elasticityCoef="1" ang="90,0,0" color="0,220,0" radius="0.5" length="4" />
		<capsule pos="21.849999999999994,-44.0,-32.199999999999996" vel="0,0,0" mass="1" elasticityCoef="1" ang="90,0,0" color="0,220,0" radius="0.5" length="4" />
		<capsule pos="21.849999999999994,-44.0,-29.9" vel="0,0,0" mass="1" elasticityCoef="1" ang="90,0,0" color="0,220,0" radius="0.5" length="4" />
		<capsule pos="21.849999999999994,-44.0,-27.599999999999998" vel="0,0,0" mass="1" elasticityCoef="1" ang="90,0,0" color="0,220,0" radius="0.5" length="4" />
		<capsule pos="21.849999999999994,-44.0,-25.299999999999997" vel="0,0,0" mass="1" elasticityCoef="1" ang="90,0,0" color="0,220,0" radius="0.5" length="4" />
		<capsule pos="21.849999999999994,-44.0,-22.999999999999996" vel="0,0,0" mass="1" elasticityCoef="1" ang="90,0,0" color="0,220,0" radius="0.5" length="4" />
		<capsule pos="21.849999999999994,-44.0,-20.699999999999996" vel="0,0,0" mass="1" elasticityCoef="1" ang="90,0,0" color="0,220,0" radius="0.5" length="4" />
		<capsule pos="21.849999999999994,-44.0,-18.4" vel="0,0,0" mass="1" elasticityCoef="1" ang="90,0,0" color="0,220,0" radius="0.5" length="4" />
		<capsule pos="21.849999999999994,-44.0,-16.099999999999998" vel="0,0,0" mass="1" elasticityCoef="1" ang="90,0,0" color="0,220,0" radius="0.5" length="4" />
		<capsule pos="21.849999999999994,-44.0,-13.799999999999997" vel="0,0,0" mass="1" elasticityCoef="1" ang="90,0,0" color="0,220,0" radius="0.5" length="4" />
		<capsule pos="21.849999999999994,-44.0,-11.5" vel="0,0,0" mass="1" elasticityCoef="1" ang="90,0,0" color="0,220,0" radius="0.5" length="4" />
		<capsule pos="21.849999999999994,-44.0,-9.199999999999996" vel="0,0,0" mass="1" elasticityCoef="1" ang="90,0,0" color="0,220,0" radius="0.5" length="4" />
		<capsule pos="21.849999999999994,-44.0,-6.899999999999999" vel="0,0,0" mass="1" elasticityCoef="1" ang="90,0,0" color="0,220,0" radius="0.5" length="4" />
		<capsule pos="21.849999999999994,-44.0,-4.600000000000001" vel="0,0,0" mass="1" elasticityCoef="1" ang="90,0,0" color="0,220,0" radius="0.5" length="4" />
		<capsule pos="21.849999999999994,-44.0,-2.299999999999997" vel="0,0,0" mass="1" elasticityCoef="1" ang="90,0,0" color="0,220,0" radius="0.5" length="4" />
		<capsule pos="21.849999999999994,-44.0,0.0" vel="0,0,0" mass="1" elasticityCoef="1" ang="90,0,0" color="0,220,0" radius="0.5" length="4" />
		<capsule pos="21.849999999999994,-44.0,2.3000000000000043" vel="0,0,0" mass="1" elasticityCoef="1" ang="90,0,0" color="0,220,0" radius="0.5" length="4" />
		<capsule pos="21.849999999999994,-44.0,4.600000000000001" vel="0,0,0" mass="1" elasticityCoef="1" ang="90,0,0" color="0,220,0" radius="0.5" length="4" />
		<capsule pos="21.849999999999994,-44.0,6.899999999999999" vel="0,0,0" mass="1" elasticityCoef="1" ang="90,0,0" color="0,220,0" radius="0.5" length="4" />
		<capsule pos="21.849999999999994,-44.0,9.200000000000003" vel="0,0,0" mass="1" elasticityCoef="1" ang="90,0,0" color="0,220,0" radius="0.5" length="4" />
		<capsule pos="21.849999999999994,-44.0,11.5" vel="0,0,0" mass="1" elasticityCoef="1" ang="90,0,0" color="0,220,0" radius="0.5" length="4" />
		<capsule pos="21.849999999999994,-44.0,13.799999999999997" vel="0,0,0" mass="1" elasticityCoef="1" ang="90,0,0" color="0,220,0" radius="0.5" length="4" />
		<capsule pos="21.849999999999994,-44.0,16.1" vel="0,0,0" mass="1" elasticityCoef="1" ang="90,0,0" color="0,220,0" radius="0.5" length="4" />
		<capsule pos="21.849999999999994,-44.0,18.4" vel="0,0,0" mass="1" elasticityCoef="1" ang="90,0,0" color="0,220,0" radius="0.5" length="4" />
		<capsule pos="21.849999999999994,-44.0,20.699999999999996" vel="0,0,0" mass="1" elasticityCoef="1" ang="90,0,0" color="0,220,0" radius="0.5" length="4" />
		<capsule pos="21.849999999999994,-44.0,22.999999999999993" vel="0,0,0" mass="1" elasticityCoef="1" ang="90,0,0" color="0,220,0" radius="0.5" length="4" />
		<capsule pos="21.849999999999994,-44.0,25.300000000000004" vel="0,0,0" mass="1" elasticityCoef="1" ang="90,0,0" color="0,220,0" radius="0.5" length="4" />
		<capsule pos="21.849999999999994,-44.0,27.6" vel="0,0,0" mass="1" elasticityCoef="1" ang="90,0,0" color="0,220,0" radius="0.5" length="4" />
		<capsule pos="21.849999999999994,-44.0,29.9" vel="0,0,0" mass="1" elasticityCoef="1" ang="90,0,0" color="0,220,0" radius="0.5" length="4" />
		<capsule pos="21.849999999999994,-44.0,32.199999999999996" vel="0,0,0" mass="1" elasticityCoef="1" ang="90,0,0" color="0,220,0" radius="0.5" length="4" />
		<capsule pos="21.849999999999994,-44.0,34.49999999999999" vel="0,0,0" mass="1" elasticityCoef="1" ang="90,0,0" color="0,220,0" radius="0.5" length="4" />
		<capsule pos="21.849999999999994,-44.0,36.800000000000004" vel="0,0,0" mass="1" elasticityCoef="1" ang="90,0,0" color="0,220,0" radius="0.5" length="4" />
		<capsule pos="21.849999999999994,-44.0,39.1" vel="0,0,0" mass="1" elasticityCoef="1" ang="90,0,0" color="0,220,0" radius="0.5" length="4" />
		<capsule pos="21.849999999999994,-44.0,41.4" vel="0,0,0" mass="1" elasticityCoef="1" ang="90,0,0" color="0,220,0" radius="0.5" length="4" />
		<capsule pos="21.849999999999994,-38.5,-43.699999999999996" vel="0,0,0" mass="1" elasticityCoef="1" ang="90,0,0" color="0,220,0" radius="0.5" length="4" />
		<capsule pos="21.849999999999994,-38.5,-41.4" vel="0,0,0" mass="1" elasticityCoef="1" ang="90,0,0" color="0,220,0" radius="0.5" length="4" />
		<capsule pos="21.849999999999994,-38.5,-39.099999999999994" vel="0,0,0" mass="1" elasticityCoef="1" ang="90,0,0" color="0,220,0" radius="0.5" length="4" />
		<capsule pos="21.849999999999994,-38.5,-36.8" vel="0,0,0" mass="1" elasticityCoef="1" ang="90,0,0" color="0,220,0" radius="0.5" length="4" />
		<capsule pos="21.849999999999994,-38.5,-34.5" vel="0,0,0" mass="1" elasticityCoef="1" ang="90,0,0" color="0,220,0" radius="0.5" length="4" />
		<capsule pos="21.849999999999994,-38.5,-32.199999999999996" vel="0,0,0" mass="1" elasticityCoef="1" ang="90,0,0" color="0,220,0" radius="0.5" length="4" />
		<capsule pos="21.849999999999994,-38.5,-29.9" vel="0,0,0" mass="1" elasticityCoef="1" ang="90,0,0" color="0,220,0" radius="0.5" length="4" />
		<capsule pos="21.849999999999994,-38.5,-27.599999999999998" vel="0,0,0" mass="1" elasticityCoef="1" ang="90,0,0" color="0,220,0" radius="0.5" length="4" />
		<capsule pos="21.849999999999994,-38.5,-25.299999999999997" vel="0,0,0" mass="1" elasticityCoef="1" ang="90,0,0" color="0,220,0" radius="0.5" length="4" />
		<capsule pos="21.849999999999994,-38.5,-22.999999999999996" vel="0,0,0" mass="1" elasticityCoef="1" ang="90,0,0" color="0,220,0" radius="0.5" length="4" />
		<capsule pos="21.849999999999994,-38.5,-20.699999999999996" vel="0,0,0" mass="1" elasticityCoef="1" ang="90,0,0" color="0,220,0" radius="0.5" length="4" />
		<capsule pos="21.849999999999994,-38.5,-18.4" vel="0,0,0" mass="1" elasticityCoef="1" ang="90,0,0" color="0,220,0" radius="0.5" length="4" />
		<capsule pos="21.849999999999994,-38.5,-16.099999999999998" vel="0,0,0" mass="1" elasticityCoef="1" ang="90,0,0" color="0,220,0" radius="0.5" length="4" />
		<capsule pos="21.849999999999994,-38.5,-13.799999999999997" vel="0,0,0" mass="1" elasticityCoef="1" ang="90,0,0" color="0,220,0" radius="0.5" length="4" />
		<capsule pos="21.849999999999994,-38.5,-11.5" vel="0,0,0" mass="1" elasticityCoef="1" ang="90,0,0" color="0,220,0" radius="0.5" length="4" />
		<capsule pos="21.849999999999994,-38.5,-9.199999999999996" vel="0,0,0" mass="1" elasticityCoef="1" ang="90,0,0" color="0,220,0" radius="0.5" length="4" />
		<capsule pos="21.849999999999994,-38.5,-6.899999999999999" vel="0,0,0" mass="1" elasticityCoef="1" ang="90,0,0" color="0,220,0" radius="0.5" length="4" />
		<capsule pos="21.849999999999994,-38.5,-4.600000000000001" vel="0,0,0" mass="1" elasticityCoef="1" ang="90,0,0" color="0,220,0" radius="0.5" length="4" />
		<capsule pos="21.849999999999994,-38.5,-2.299999999999997" vel="0,0,0" mass="1" elasticityCoef="1" ang="90,0,0" color="0,220,0" radius="0.5" length="4" />
		<capsule pos="21.849999999999994,-38.5,0.0" vel="0,0,0" mass="1" elasticityCoef="1" ang="90,0,0" color="0,220,0" radius="0.5" length="4" />
		<capsule pos="21.849999999999994,-38.5,2.3000000000000043" vel="0,0,0" mass="1" elasticityCoef="1" ang="90,0,0" color="0,220,0" radius="0.5" length="4" />
		<capsule pos="21.849999999999994,-38.5,4.600000000000001" vel="0,0,0" mass="1" elasticityCoef="1" ang="90,0,0" color="0,220,0" radius="0.5" length="4" />
		<capsule pos="21.849999999999994,-38.5,6.899999999999999" vel="0,0,0" mass="1" elasticityCoef="1" ang="90,0,0" color="0,220,0" radius="0.5" length="4" />
		<capsule pos="21.849999999999994,-38.5,9.200000000000003" vel="0,0,0" mass="1" elasticityCoef="1" ang="90,0,0" color="0,220,0" radius="0.5" length="4" />
		<capsule pos="21.849999999999994,-38.5,11.5" vel="0,0,0" mass="1" elasticityCoef="1" ang="90,0,0" color="0,220,0" radius="0.5" length="4" />
		<capsule pos="21.849999999999994,-38.5,13.799999999999997" vel="0,0,0" mass="1" elasticityCoef="1" ang="90,0,0" color="0,220,0" radius="0.5" length="4" />
		<capsule pos="21.849999999999994,-38.5,16.1" vel="0,0,0" mass="1" elasticityCoef="1" ang="90,0,0" color="0,220,0" radius="0.5" length="4" />
		<capsule pos="21.849999999999994,-38.5,18.4" vel="0,0,0" mass="1" elasticityCoef="1" ang="90,0,0" color="0,220,0" radius="0.5" length="4" />
		<capsule pos="21.849999999999994,-38.5,20.699999999999996" vel="0,0,0" mass="1" elasticityCoef="1" ang="90,0,0" color="0,220,0" radius="0.5" length="4" />
		<capsule pos="21.849999999999994,-38.5,22.999999999999993" vel="0,0,0" mass="1" elasticityCoef="1" ang="90,0,0" color="0,220,0" radius="0.5" length="4" />
		<capsule pos="21.849999999999994,-38.5,25.300000000000004" vel="0,0,0" mass="1" elasticityCoef="1" ang="90,0,0" color="0,220,0" radius="0.5" length="4" />
		<capsule pos="21.849999999999994,-38.5,27.6" vel="0,0,0" mass="1" elasticityCoef="1" ang="90,0,0" color="0,220,0" radius="0.5" length="4" />
		<capsule pos="21.849999999999994,-38.5,29.9" vel="0,0,0" mass="1" elasticityCoef="1" ang="90,0,0" color="0,220,0" radius="0.5" length="4" />
		<capsule pos="21.849999999999994,-38.5,32.199999999999996" vel="0,0,0" mass="1" elasticityCoef="1" ang="90,0,0" color="0,220,0" radius="0.5" length="4" />
		<capsule pos="21.849999999999994,-38.5,34.49999999999999" vel="0,0,0" mass="1" elasticityCoef="1" ang="90,0,0" color="0,220,0" radius="0.5" length="4" />
		<capsule pos="21.849999999999994,-38.5,36.800000000000004" vel="0,0,0" mass="1" elasticityCoef="1" ang="90,0,0" color="0,220,0" radius="0.5" length="4" />
		<capsule pos="21.849999999999994,-38.5,39.1" vel="0,0,0" mass="1" elasticityCoef="1" ang="90,0,0" color="0,220,0" radius="0.5" length="4" />
		<capsule pos="21.849999999999994,-38.5,41.4" vel="0,0,0" mass="1" elasticityCoef="1" ang="90,0,0" color="0,220,0" radius="0.5" length="4" />
		<capsule pos="21.849999999999994,-33.0,-43.699999999999996" vel="0,0,0" mass="1" elasticityCoef="1" ang="90,0,0" color="0,220,0" radius="0.5" length="4" />
		<capsule pos="21.849999999999994,-33.0,-41.4" vel="0,0,0" mass="1" elasticityCoef="1" ang="90,0,0" color="0,220,0" radius="0.5" length="4" />
		<capsule pos="21.849999999999994,-33.0,-39.099999999999994" vel="0,0,0" mass="1" elasticityCoef="1" ang="90,0,0" color="0,220,0" radius="0.5" length="4" />
		<capsule pos="21.849999999999994,-33.0,-36.8" vel="0,0,0" mass="1" elasticityCoef="1" ang="90,0,0" color="0,220,0" radius="0.5" length="4" />
		<capsule pos="21.849999999999994,-33.0,-34.5" vel="0,0,0" mass="1" elasticityCoef="1" ang="90,0,0" color="0,220,0" radius="0.5" length="4" />
		<capsule pos="21.849999999999994,-33.0,-32.199999999999996" vel="0,0,0" mass="1" elasticityCoef="1" ang="90,0,0" color="0,220,0" radius="0.5" length="4" />
		<capsule pos="21.849999999999994,-33.0,-29.9" vel="0,0,0" mass="1" elasticityCoef="1" ang="90,0,0" color="0,220,0" radius="0.5" length="4" />
		<capsule pos="21.849999999999994,-33.0,-27.599999999999998" vel="0,0,0" mass="1" elasticityCoef="1" ang="90,0,0" color="0,220,0" radius="0.5" length="4" />
		<capsule pos="21.849999999999994,-33.0,-25.299999999999997" vel="0,0,0" mass="1" elasticityCoef="1" ang="90,0,0" color="0,220,0" radius="0.5" length="4" />
		<capsule pos="21.849999999999994,-33.0,-22.999999999999996" vel="0,0,0" mass="1" elasticityCoef="1" ang="90,0,0" color="0,220,0" radius="0.5" length="4" />
		<capsule pos="21.849999999999994,-33.0,-20.699999999999996" vel="0,0,0" mass="1" elasticityCoef="1" ang="90,0,0" color="0,220,0" radius="0.5" length="4" />
		<capsule pos="21.849999999999994,-33.0,-18.4" vel="0,0,0" mass="1" elasticityCoef="1" ang="90,0,0" color="0,220,0" radius="0.5" length="4" />
		<capsule pos="21.849999999999994,-33.0,-16.099999999999998" vel="0,0,0" mass="1" elasticityCoef="1" ang="90,0,0" color="0,220,0" radius="0.5" length="4" />
		<capsule pos="21.849999999999994,-33.0,-13.799999999999997" vel="0,0,0" mass="1" elasticityCoef="1" ang="90,0,0" color="0,220,0" radius="0.5" length="4" />
		<capsule pos="21.849999999999994,-33.0,-11.5" vel="0,0,0" mass="1" elasticityCoef="1" ang="90,0,0" color="0,220,0" radius="0.5" length="4" />
		<capsule pos="21.849999999999994,-33.0,-9.199999999999996" vel="0,0,0" mass="1" elasticityCoef="1" ang="90,0,0" color="0,220,0" radius="0.5" length="4" />
		<capsule pos="21.849999999999994,-33.0,-6.899999999999999" vel="0,0,0" mass="1" elasticityCoef="1" ang="90,0,0" color="0,220,0" radius="0.5" length="4" />
		<capsule pos="21.849999999999994,-33.0,-4.600000000000001" vel="0,0,0" mass="1" elasticityCoef="1" ang="90,0,0" color="0,220,0" radius="0.5" length="4" />
		<capsule pos="21.849999999999994,-33.0,-2.299999999999997" vel="0,0,0" mass="1" elasticityCoef="1" ang="90,0,0" color="0,220,0" radius="0.5" length="4" />
		<capsule pos="21.849999999999994,-33.0,0.0" vel="0,0,0" mass="1" elasticityCoef="1" ang="90,0,0" color="0,220,0" radius="0.5" length="4" />
		<capsule pos="21.849999999999994,-33.0,2.3000000000000043" vel="0,0,0" mass="1" elasticityCoef="1" ang="90,0,0" color="0,220,0" radius="0.5" length="4" />
		<capsule pos="21.849999999999994,-33.0,4.600000000000001" vel="0,0,0" mass="1" elasticityCoef="1" ang="90,0,0" color="0,220,0" radius="0.5" length="4" />
		<capsule pos="21.849999999999994,-33.0,6.899999999999999" vel="0,0,0" mass="1" elasticityCoef="1" ang="90,0,0" color="0,220,0" radius="0.5" length="4" />
		<capsule pos="21.849999999999994,-33.0,9.200000000000003" vel="0,0,0" mass="1" elasticityCoef="1" ang="90,0,0" color="0,220,0" radius="0.5" length="4" />
		<capsule pos="21.849999999999994,-33.0,11.5" vel="0,0,0" mass="1" elasticityCoef="1" ang="90,0,0" color="0,220,0" radius="0.5" length="4" />
		<capsule pos="21.849999999999994,-33.0,13.799999999999997" vel="0,0,0" mass="1" elasticityCoef="1" ang="90,0,0" color="0,220,0" radius="0.5" length="4" />
		<capsule pos="21.849999999999994,-33.0,16.1" vel="0,0,0" mass="1" elasticityCoef="1" ang="90,0,0" color="0,220,0" radius="0.5" length="4" />
		<capsule pos="21.849999999999994,-33.0,18.4" vel="0,0,0" mass="1" elasticityCoef="1" ang="90,0,0" color="0,220,0" radius="0.5" length="4" />
		<capsule pos="21.849999999999994,-33.0,20.699999999999996" vel="0,0,0" mass="1" elasticityCoef="1" ang="90,0,0" color="0,220,0" radius="0.5" length="4" />
		<capsule pos="21.849999999999994,-33.0,22.999999999999993" vel="0,0,0" mass="1" elasticityCoef="1" ang="90,0,0" color="0,220,0" radius="0.5" length="4" />
		<capsule pos="21.849999999999994,-33.0,25.300000000000004" vel="0,0,0" mass="1" elasticityCoef="1" ang="90,0,0" color="0,220,0" radius="0.5" length="4" />
		<capsule pos="21.849999999999994,-33.0,27.6" vel="0,0,0" mass="1" elasticityCoef="1" ang="90,0,0" color="0,220,0" radius="0.5" length="4" />
		<capsule pos="21.849999999999994,-33.0,29.9" vel="0,0,0" mass="1" elasticityCoef="1" ang="90,0,0" color="0,220,0" radius="0.5" length="4" />
		<capsule pos="21.849999999999994,-33.0,32.199999999999996" vel="0,0,0" mass="1" elasticityCoef="1" ang="90,0,0" color="0,220,0" radius="0.5" length="4" />
		<capsule pos="21.849999999999994,-33.0,34.49999999999999" vel="0,0,0" mass="1" elasticityCoef="1" ang="90,0,0" color="0,220,0" radius="0.5" length="4" />
		<capsule pos="21.849999999999994,-33.0,36.800000000000004" vel="0,0,0" mass="1" elasticityCoef="1" ang="90,0,0" color="0,220,0" radius="0.5" length="4" />
		<capsule pos="21.849999999999994,-33.0,39.1" vel="0,0,0" mass="1" elasticityCoef="1" ang="90,0,0" color="0,220,0" radius="0.5" length="4" />
		<capsule pos="21.849999999999994,-33.0,41.4" vel="0,0,0" mass="1" elasticityCoef="1" ang="90,0,0" color="0,220,0" radius="0.5" length="4" />
		<capsule pos="21.849999999999994,-27.5,-43.699999999999996" vel="0,0,0" mass="1" elasticityCoef="1" ang="90,0,0" color="0,220,0" radius="0.5" length="4" />
		<capsule pos="21.849999999999994,-27.5,-41.4" vel="0,0,0" mass="1" elasticityCoef="1" ang="90,0,0" color="0,220,0" radius="0.5" length="4" />
		<capsule pos="21.849999999999994,-27.5,-39.099999999999994" vel="0,0,0" mass="1" elasticityCoef="1" ang="90,0,0" color="0,220,0" radius="0.5" length="4" />
		<capsule pos="21.849999999999994,-27.5,-36.8" vel="0,0,0" mass="1" elasticityCoef="1" ang="90,0,0" color="0,220,0" radius="0.5" length="4" />
		<capsule pos="21.849999999999994,-27.5,-34.5" vel="0,0,0" mass="1" elasticityCoef="1" ang="90,0,0" color="0,220,0" radius="0.5" length="4" />
		<capsule pos="21.849999999999994,-27.5,-32.199999999999996" vel="0,0,0" mass="1" elasticityCoef="1" ang="90,0,0" color="0,220,0" radius="0.5" length="4" />
		<capsule pos="21.849999999999994,-27.5,-29.9" vel="0,0,0" mass="1" elasticityCoef="1" ang="90,0,0" color="0,220,0" radius="0.5" length="4" />
		<capsule pos="21.849999999999994,-27.5,-27.599999999999998" vel="0,0,0" mass="1" elasticityCoef="1" ang="90,0,0" color="0,220,0" radius="0.5" length="4" />
		<capsule pos="21.849999999999994,-27.5,-25.299999999999997" vel="0,0,0" mass="1" elasticityCoef="1" ang="90,0,0" color="0,220,0" radius="0.5" length="4" />
		<capsule pos="21.849999999999994,-27.5,-22.999999999999996" vel="0,0,0" mass="1" elasticityCoef="1" ang="90,0,0" color="0,220,0" radius="0.5" length="4" />
		<capsule pos="21.849999999999994,-27.5,-20.699999999999996" vel="0,0,0" mass="1" elasticityCoef="1" ang="90,0,0" color="0,220,0" radius="0.5" length="4" />
		<capsule pos="21.849999999999994,-27.5,-18.4" vel="0,0,0" mass="1" elasticityCoef="1" ang="90,0,0" color="0,220,0" radius="0.5" length="4" />
		<capsule pos="21.849999999999994,-27.5,-16.099999999999998" vel="0,0,0" mass="1" elasticityCoef="1" ang="90,0,0" color="0,220,0" radius="0.5" length="4" />
		<capsule pos="21.849999999999994,-27.5,-13.799999999999997" vel="0,0,0" mass="1" elasticityCoef="1" ang="90,0,0" color="0,220,0" radius="0.5" length="4" />
		<capsule pos="21.849999999999994,-27.5,-11.5" vel="0,0,0" mass="1" elasticityCoef="1" ang="90,0,0" color="0,220,0" radius="0.5" length="4" />
		<capsule pos="21.849999999999994,-27.5,-9.199999999999996" vel="0,0,0" mass="1" elasticityCoef="1" ang="90,0,0" color="0,220,0" radius="0.5" length="4" />
		<capsule pos="21.849999999999994,-27.5,-6.899999999999999" vel="0,0,0" mass="1" elasticityCoef="1" ang="90,0,0" color="0,220,0" radius="0.5" length="4" />
		<capsule pos="21.849999999999994,-27.5,-4.600000000000001" vel="0,0,0" mass="1" elasticityCoef="1" ang="90,0,0" color="0,220,0" radius="0.5" length="4" />
		<capsule pos="21.849999999999994,-27.5,-2.299999999999997" vel="0,0,0" mass="1" elasticityCoef="1" ang="90,0,0" color="0,220,0" radius="0.5" length="4" />
		<capsule pos="21.849999999999994,-27.5,0.0" vel="0,0,0" mass="1" elasticityCoef="1" ang="90,0,0" color="0,220,0" radius="0.5" length="4" />
		<capsule pos="21.849999999999994,-27.5,2.3000000000000043" vel="0,0,0" mass="1" elasticityCoef="1" ang="90,0,0" color="0,220,0" radius="0.5" length="4" />
		<capsule pos="21.849999999999994,-27.5,4.600000000000001" vel="0,0,0" mass="1" elasticityCoef="1" ang="90,0,0" color="0,220,0" radius="0.5" length="4" />
		<capsule pos="21.849999999999994,-27.5,6.899999999999999" vel="0,0,0" mass="1" elasticityCoef="1" ang="90,0,0" color="0,220,0" radius="0.5" length="4" />
		<capsule pos="21.849999999999994,-27.5,9.200000000000003" vel="0,0,0" mass="1" elasticityCoef="1" ang="90,0,0" color="0,220,0" radius="0.5" length="4" />
		<capsule pos="21.849999999999994,-27.5,11.5" vel="0,0,0" mass="1" elasticityCoef="1" ang="90,0,0" color="0,220,0" radius="0.5" length="4" />
		<capsule pos="21.849999999999994,-27.5,13.799999999999997" vel="0,0,0" mass="1" elasticityCoef="1" ang="90,0,0" color="0,220,0" radius="0.5" length="4" />
		<capsule pos="21.849999999999994,-27.5,16.1" vel="0,0,0" mass="1" elasticityCoef="1" ang="90,0,0" color="0,220,0" radius="0.5" length="4" />
		<capsule pos="21.849999999999994,-27.5,18.4" vel="0,0,0" mass="1" elasticityCoef="1" ang="90,0,0" color="0,220,0" radius="0.5" length="4" />
		<capsule pos="21.849999999999994,-27.5,20.699999999999996" vel="0,0,0" mass="1" elasticityCoef="1" ang="90,0,0" color="0,220,0" radius="0.5" length="4" />
		<capsule pos="21.849999999999994,-27.5,22.999999999999993" vel="0,0,0" mass="1" elasticityCoef="1" ang="90,0,0" color="0,220,0" radius="0.5" length="4" />
		<capsule pos="21.849999999999994,-27.5,25.300000000000004" vel="0,0,0" mass="1" elasticityCoef="1" ang="90,0,0" color="0,220,0" radius="0.5" length="4" />
		<capsule pos="21.849999999999994,-27.5,27.6" vel="0,0,0" mass="1" elasticityCoef="1" ang="90,0,0" color="0,220,0" radius="0.5" length="4" />
		<capsule pos="21.849999999999994,-27.5,29.9" vel="0,0,0" mass="1" elasticityCoef="1" ang="90,0,0" color="0,220,0" radius="0.5" length="4" />
		<capsule pos="21.849999999999994,-27.5,32.199999999999996" vel="0,0,0" mass="1" elasticityCoef="1" ang="90,0,0" color="0,220,0" radius="0.5" length="4" />
		<capsule pos="21.849999999999994,-27.5,34.49999999999999" vel="0,0,0" mass="1" elasticityCoef="1" ang="90,0,0" color="0,220,0" radius="0.5" length="4" />
		<capsule pos="21.849999999999994,-27.5,36.800000000000004" vel="0,0,0" mass="1" elasticityCoef="1" ang="90,0,0" color="0,220,0" radius="0.5" length="4" />
		<capsule pos="21.849999999999994,-27.5,39.1" vel="0,0,0" mass="1" elasticityCoef="1" ang="90,0,0" color="0,220,0" radius="0.5" length="4" />
		<capsule pos="21.849999999999994,-27.5,41.4" vel="0,0,0" mass="1" elasticityCoef="1" ang="90,0,0" color="0,220,0" radius="0.5" length="4" />
		<capsule pos="21.849999999999994,-22.0,-43.699999999999996" vel="0,0,0" mass="1" elasticityCoef="1" ang="90,0,0" color="0,220,0" radius="0.5" length="4" />
		<capsule pos="21.849999999999994,-22.0,-41.4" vel="0,0,0" mass="1" elasticityCoef="1" ang="90,0,0" color="0,220,0" radius="0.5" length="4" />
		<capsule pos="21.849999999999994,-22.0,-39.099999999999994" vel="0,0,0" mass="1" elasticityCoef="1" ang="90,0,0" color="0,220,0" radius="0.5" length="4" />
		<capsule pos="21.849999999999994,-22.0,-36.8" vel="0,0,0" mass="1" elasticityCoef="1" ang="90,0,0" color="0,220,0" radius="0.5" length="4" />
		<capsule pos="21.849999999999994,-22.0,-34.5" vel="0,0,0" mass="1" elasticityCoef="1" ang="90,0,0" color="0,220,0" radius="0.5" length="4" />
		<capsule pos="21.849999999999994,-22.0,-32.199999999999996" vel="0,0,0" mass="1" elasticityCoef="1" ang="90,0,0" color="0,220,0" radius="0.5" length="4" />
		<capsule pos="21.849999999999994,-22.0,-29.9" vel="0,0,0" mass="1" elasticityCoef="1" ang="90,0,0" color="0,220,0" radius="0.5" length="4" />
		<capsule pos="21.849999999999994,-22.0,-27.599999999999998" vel="0,0,0" mass="1" elasticityCoef="1" ang="90,0,0" color="0,220,0" radius="0.5" length="4" />
		<capsule pos="21.849999999999994,-22.0,-25.299999999999997" vel="0,0,0" mass="1" elasticityCoef="1" ang="90,0,0" color="0,220,0" radius="0.5" length="4" />
		<capsule pos="21.849999999999994,-22.0,-22.999999999999996" vel="0,0,0" mass="1" elasticityCoef="1" ang="90,0,0" color="0,220,0" radius="0.5" length="4" />
		<capsule pos="21.849999999999994,-22.0,-20.699999999999996" vel="0,0,0" mass="1" elasticityCoef="1" ang="90,0,0" color="0,220,0" radius="0.5" length="4" />
		<capsule pos="21.849999999999994,-22.0,-18.4" vel="0,0,0" mass="1" elasticityCoef="1" ang="90,0,0" color="0,220,0" radius="0.5" length="4" />
		<capsule pos="21.849999999999994,-22.0,-16.099999999999998" vel="0,0,0" mass="1" elasticityCoef="1" ang="90,0,0" color="0,220,0" radius="0.5" length="4" />
		<capsule pos="21.849999999999994,-22.0,-13.799999999999997" vel="0,0,0" mass="1" elasticityCoef="1" ang="90,0,0" color="0,220,0" radius="0.5" length="4" />
		<capsule pos="21.849999999999994,-22.0,-11.5" vel="0,0,0" mass="1" elasticityCoef="1" ang="90,0,0" color="0,220,0" radius="0.5" length="4" />
		<capsule pos="21.849999999999994,-22.0,-9.199999999999996" vel="0,0,0" mass="1" elasticityCoef="1" ang="90,0,0" color="0,220,0" radius="0.5" length="4" />
		<capsule pos="21.849999999999994,-22.0,-6.899999999999999" vel="0,0,0" mass="1" elasticityCoef="1" ang="90,0,0" color="0,220,0" radius="0.5" length="4" />
		<capsule pos="21.849999999999994,-22.0,-4.600000000000001" vel="0,0,0" mass="1" elasticityCoef="1" ang="90,0,0" color="0,220,0" radius="0.5" length="4" />
		<capsule pos="21.849999999999994,-22.0,-2.299999999999997" vel="0,0,0" mass="1" elasticityCoef="1" ang="90,0,0" color="0,220,0" radius="0.5" length="4" />
		<capsule pos="21.849999999999994,-22.0,0.0" vel="0,0,0" mass="1" elasticityCoef="1" ang="90,0,0" color="0,220,0" radius="0.5" length="4" />
		<capsule pos="21.849999999999994,-22.0,2.3000000000000043" vel="0,0,0" mass="1" elasticityCoef="1" ang="90,0,0" color="0,220,0" radius="0.5" length="4" />
		<capsule pos="21.849999999999994,-22.0,4.600000000000001" vel="0,0,0" mass="1" elasticityCoef="1" ang="90,0,0" color="0,220,0" radius="0.5" length="4" />
		<capsule pos="21.849999999999994,-22.0,6.899999999999999" vel="0,0,0" mass="1" elasticityCoef="1" ang="90,0,0" color="0,220,0" radius="0.5" length="4" />
		<capsule pos="21.849999999999994,-22.0,9.200000000000003" vel="0,0,0" mass="1" elasticityCoef="1" ang="90,0,0" color="0,220,0" radius="0.5" length="4" />
		<capsule pos="21.849999999999994,-22.0,11.5" vel="0,0,0" mass="1" elasticityCoef="1" ang="90,0,0" color="0,220,0" radius="0.5" length="4" />
		<capsule pos="21.849999999999994,-22.0,13.799999999999997" vel="0,0,0" mass="1" elasticityCoef="1" ang="90,0,0" color="0,220,0" radius="0.5" length="4" />
		<capsule pos="21.849999999999994,-22.0,16.1" vel="0,0,0" mass="1" elasticityCoef="1" ang="90,0,0" color="0,220,0" radius="0.5" length="4" />
		<capsule pos="21.849999999999994,-22.0,18.4" vel="0,0,0" mass="1" elasticityCoef="1" ang="90,0,0" color="0,220,0" radius="0.5" length="4" />
		<capsule pos="21.849999999999994,-22.0,20.699999999999996" vel="0,0,0" mass="1" elasticityCoef="1" ang="90,0,0" color="0,220,0" radius="0.5" length="4" />
		<capsule pos="21.849999999999994,-22.0,22.999999999999993" vel="0,0,0" mass="1" elasticityCoef="1" ang="90,0,0" color="0,220,0" radius="0.5" length="4" />
		<capsule pos="21.849999999999994,-22.0,25.300000000000004" vel="0,0,0" mass="1" elasticityCoef="1" ang="90,0,0" color="0,220,0" radius="0.5" length="4" />
		<capsule pos="21.849999999999994,-22.0,27.6" vel="0,0,0" mass="1" elasticityCoef="1" ang="90,0,0" color="0,220,0" radius="0.5" length="4" />
		<capsule pos="21.849999999999994,-22.0,29.9" vel="0,0,0" mass="1" elasticityCoef="1" ang="90,0,0" color="0,220,0" radius="0.5" length="4" />
		<capsule pos="21.849999999999994,-22.0,32.199999999999996" vel="0,0,0" mass="1" elasticityCoef="1" ang="90,0,0" color="0,220,0" radius="0.5" length="4" />
		<capsule pos="21.849999999999994,-22.0,34.49999999999999" vel="0,0,0" mass="1" elasticityCoef="1" ang="90,0,0" color="0,220,0" radius="0.5" length="4" />
		<capsule pos="21.849999999999994,-22.0,36.800000000000004" vel="0,0,0" mass="1" elasticityCoef="1" ang="90,0,0" color="0,220,0" radius="0.5" length="4" />
		<capsule pos="21.849999999999994,-22.0,39.1" vel="0,0,0" mass="1" elasticityCoef="1" ang="90,0,0" color="0,220,0" radius="0.5" length="4" />
		<capsule pos="21.849999999999994,-22.0,41.4" vel="0,0,0" mass="1" elasticityCoef="1" ang="90,0,0" color="0,220,0" radius="0.5" length="4" />
		<capsule pos="21.849999999999994,-16.5,-43.699999999999996" vel="0,0,0" mass="1" elasticityCoef="1" ang="90,0,0" color="0,220,0" radius="0.5" length="4" />
		<capsule pos="21.849999999999994,-16.5,-41.4" vel="0,0,0" mass="1" elasticityCoef="1" ang="90,0,0" color="0,220,0" radius="0.5" length="4" />
		<capsule pos="21.849999999999994,-16.5,-39.099999999999994" vel="0,0,0" mass="1" elasticityCoef="1" ang="90,0,0" color="0,220,0" radius="0.5" length="4" />
		<capsule pos="21.849999999999994,-16.5,-36.8" vel="0,0,0" mass="1" elasticityCoef="1" ang="90,0,0" color="0,220,0" radius="0.5" length="4" />
		<capsule pos="21.849999999999994,-16.5,-34.5" vel="0,0,0" mass="1" elasticityCoef="1" ang="90,0,0" color="0,220,0" radius="0.5" length="4" />
		<capsule pos="21.849999999999994,-16.5,-32.199999999999996" vel="0,0,0" mass="1" elasticityCoef="1" ang="90,0,0" color="0,220,0" radius="0.5" length="4" />
		<capsule pos="21.849999999999994,-16.5,-29.9" vel="0,0,0" mass="1" elasticityCoef="1" ang="90,0,0" color="0,220,0" radius="0.5" length="4" />
		<capsule pos="21.849999999999994,-16.5,-27.599999999999998" vel="0,0,0" mass="1" elasticityCoef="1" ang="90,0,0" color="0,220,0" radius="0.5" length="4" />
		<capsule pos="21.849999999999994,-16.5,-25.299999999999997" vel="0,0,0" mass="1" elasticityCoef="1" ang="90,0,0" color="0,220,0" radius="0.5" length="4" />
		<capsule pos="21.849999999999994,-16.5,-22.999999999999996" vel="0,0,0" mass="1" elasticityCoef="1" ang="90,0,0" color="0,220,0" radius="0.5" length="4" />
		<capsule pos="21.849999999999994,-16.5,-20.699999999999996" vel="0,0,0" mass="1" elasticityCoef="1" ang="90,0,0" color="0,220,0" radius="0.5" length="4" />
		<capsule pos="21.849999999999994,-16.5,-18.4" vel="0,0,0" mass="1" elasticityCoef="1" ang="90,0,0" color="0,220,0" radius="0.5" length="4" />
		<capsule pos="21.849999999999994,-16.5,-16.099999999999998" vel="0,0,0" mass="1" elasticityCoef="1" ang="90,0,0" color="0,220,0" radius="0.5" length="4" />
		<capsule pos="21.849999999999994,-16.5,-13.799999999999997" vel="0,0,0" mass="1" elasticityCoef="1" ang="90,0,0" color="0,220,0" radius="0.5" length="4" />
		<capsule pos="21.849999999999994,-16.5,-11.5" vel="0,0,0" mass="1" elasticityCoef="1" ang="90,0,0" color="0,220,0" radius="0.5" length="4" />
		<capsule pos="21.849999999999994,-16.5,-9.199999999999996" vel="0,0,0" mass="1" elasticityCoef="1" ang="90,0,0" color="0,220,0" radius="0.5" length="4" />
		<capsule pos="21.849999999999994,-16.5,-6.899999999999999" vel="0,0,0" mass="1" elasticityCoef="1" ang="90,0,0" color="0,220,0" radius="0.5" length="4" />
		<capsule pos="21.849999999999994,-16.5,-4.600000000000001" vel="0,0,0" mass="1" elasticityCoef="1" ang="90,0,0" color="0,220,0" radius="0.5" length="4" />
		<capsule pos="21.849999999999994,-16.5,-2.299999999999997" vel="0,0,0" mass="1" elasticityCoef="1" ang="90,0,0" color="0,220,0" radius="0.5" length="4" />
		<capsule pos="21.849999999999994,-16.5,0.0" vel="0,0,0" mass="1" elasticityCoef="1" ang="90,0,0" color="0,220,0" radius="0.5" length="4" />
		<capsule pos="21.849999999999994,-16.5,2.3000000000000043" vel="0,0,0" mass="1" elasticityCoef="1" ang="90,0,0" color="0,220,0" radius="0.5" length="4" />
		<capsule pos="21.849999999999994,-16.5,4.600000000000001" vel="0,0,0" mass="1" elasticityCoef="1" ang="90,0,0" color="0,220,0" radius="0.5" length="4" />
		<capsule pos="21.849999999999994,-16.5,6.899999999999999" vel="0,0,0" mass="1" elasticityCoef="1" ang="90,0,0" color="0,220,0" radius="0.5" length="4" />
		<capsule pos="21.849999999999994,-16.5,9.200000000000003" vel="0,0,0" mass="1" elasticityCoef="1" ang="90,0,0" color="0,220,0" radius="0.5" length="4" />
		<capsule pos="21.849999999999994,-16.5,11.5" vel="0,0,0" mass="1" elasticityCoef="1" ang="90,0,0" color="0,220,0" radius="0.5" length="4" />
		<capsule pos="21.849999999999994,-16.5,13.799999999999997" vel="0,0,0" mass="1" elasticityCoef="1" ang="90,0,0" color="0,220,0" radius="0.5" length="4" />
		<capsule pos="21.849999999999994,-16.5,16.1" vel="0,0,0" mass="1" elasticityCoef="1" ang="90,0,0" color="0,220,0" radius="0.5" length="4" />
		<capsule pos="21.849999999999994,-16.5,18.4" vel="0,0,0" mass="1" elasticityCoef="1" ang="90,0,0" color="0,220,0" radius="0.5" length="4" />
		<capsule pos="21.849999999999994,-16.5,20.699999999999996" vel="0,0,0" mass="1" elasticityCoef="1" ang="90,0,0" color="0,220,0" radius="0.5" length="4" />
		<capsule pos="21.849999999999994,-16.5,22.999999999999993" vel="0,0,0" mass="1" elasticityCoef="1" ang="90,0,0" color="0,220,0" radius="0.5" length="4" />
		<capsule pos="21.849999999999994,-16.5,25.300000000000004" vel="0,0,0" mass="1" elasticityCoef="1" ang="90,0,0" color="0,220,0" radius="0.5" length="4" />
		<capsule pos="21.849999999999994,-16.5,27.6" vel="0,0,0" mass="1" elasticityCoef="1" ang="90,0,0" color="0,220,0" radius="0.5" length="4" />
		<capsule pos="21.849999999999994,-16.5,29.9" vel="0,0,0" mass="1" elasticityCoef="1" ang="90,0,0" color="0,220,0" radius="0.5" length="4" />
		<capsule pos="21.849999999999994,-16.5,32.199999999999996" vel="0,0,0" mass="1" elasticityCoef="1" ang="90,0,0" color="0,220,0" radius="0.5" length="4" />
		<capsule pos="21.849999999999994,-16.5,34.49999999999999" vel="0,0,0" mass="1" elasticityCoef="1" ang="90,0,0" color="0,220,0" radius="0.5" length="4" />
		<capsule pos="21.849999999999994,-16.5,36.800000000000004" vel="0,0,0" mass="1" elasticityCoef="1" ang="90,0,0" color="0,220,0" radius="0.5" length="4" />
		<capsule pos="21.849999999999994,-16.5,39.1" vel="0,0,0" mass="1" elasticityCoef="1" ang="90,0,0" color="0,220,0" radius="0.5" length="4" />
		<capsule pos="21.849999999999994,-16.5,41.4" vel="0,0,0" mass="1" elasticityCoef="1" ang="90,0,0" color="0,220,0" radius="0.5" length="4" />
		<capsule pos="21.849999999999994,-11.0,-43.699999999999996" vel="0,0,0" mass="1" elasticityCoef="1" ang="90,0,0" color="0,220,0" radius="0.5" length="4" />
		<capsule pos="21.849999999999994,-11.0,-41.4" vel="0,0,0" mass="1" elasticityCoef="1" ang="90,0,0" color="0,220,0" radius="0.5" length="4" />
		<capsule pos="21.849999999999994,-11.0,-39.099999999999994" vel="0,0,0" mass="1" elasticityCoef="1" ang="90,0,0" color="0,220,0" radius="0.5" length="4" />
		<capsule pos="21.849999999999994,-11.0,-36.8" vel="0,0,0" mass="1" elasticityCoef="1" ang="90,0,0" color="0,220,0" radius="0.5" length="4" />
		<capsule pos="21.849999999999994,-11.0,-34.5" vel="0,0,0" mass="1" elasticityCoef="1" ang="90,0,0" color="0,220,0" radius="0.5" length="4" />
		<capsule pos="21.849999999999994,-11.0,-32.199999999999996" vel="0,0,0" mass="1" elasticityCoef="1" ang="90,0,0" color="0,220,0" radius="0.5" length="4" />
		<capsule pos="21.849999999999994,-11.0,-29.9" vel="0,0,0" mass="1" elasticityCoef="1" ang="90,0,0" color="0,220,0" radius="0.5" length="4" />
		<capsule pos="21.849999999999994,-11.0,-27.599999999999998" vel="0,0,0" mass="1" elasticityCoef="1" ang="90,0,0" color="0,220,0" radius="0.5" length="4" />
		<capsule pos="21.849999999999994,-11.0,-25.299999999999997" vel="0,0,0" mass="1" elasticityCoef="1" ang="90,0,0" color="0,220,0" radius="0.5" length="4" />
		<capsule pos="21.849999999999994,-11.0,-22.999999999999996" vel="0,0,0" mass="1" elasticityCoef="1" ang="90,0,0" color="0,220,0" radius="0.5" length="4" />
		<capsule pos="21.849999999999994,-11.0,-20.699999999999996" vel="0,0,0" mass="1" elasticityCoef="1" ang="90,0,0" color="0,220,0" radius="0.5" length="4" />
		<capsule pos="21.849999999999994,-11.0,-18.4" vel="0,0,0" mass="1" elasticityCoef="1" ang="90,0,0" color="0,220,0" radius="0.5" length="4" />
		<capsule pos="21.849999999999994,-11.0,-16.099999999999998" vel="0,0,0" mass="1" elasticityCoef="1" ang="90,0,0" color="0,220,0" radius="0.5" length="4" />
		<capsule pos="21.849999999999994,-11.0,-13.799999999999997" vel="0,0,0" mass="1" elasticityCoef="1" ang="90,0,0" color="0,220,0" radius="0.5" length="4" />
		<capsule pos="21.849999999999994,-11.0,-11.5" vel="0,0,0" mass="1" elasticityCoef="1" ang="90,0,0" color="0,220,0" radius="0.5" length="4" />
		<capsule pos="21.849999999999994,-11.0,-9.199999999999996" vel="0,0,0" mass="1" elasticityCoef="1" ang="90,0,0" color="0,220,0" radius="0.5" length="4" />
		<capsule pos="21.849999999999994,-11.0,-6.899999999999999" vel="0,0,0" mass="1" elasticityCoef="1" ang="90,0,0" color="0,220,0" radius="0.5" length="4" />
		<capsule pos="21.849999999999994,-11.0,-4.600000000000001" vel="0,0,0" mass="1" elasticityCoef="1" ang="90,0,0" color="0,220,0" radius="0.5" length="4" />
		<capsule pos="21.849999999999994,-11.0,-2.299999999999997" vel="0,0,0" mass="1" elasticityCoef="1" ang="90,0,0" color="0,220,0" radius="0.5" length="4" />
		<capsule pos="21.849999999999994,-11.0,0.0" vel="0,0,0" mass="1" elasticityCoef="1" ang="90,0,0" color="0,220,0" radius="0.5" length="4" />
		<capsule pos="21.849999999999994,-11.0,2.3000000000000043" vel="0,0,0" mass="1" elasticityCoef="1" ang="90,0,0" color="0,220,0" radius="0.5" length="4" />
		<capsule pos="21.849999999999994,-11.0,4.600000000000001" vel="0,0,0" mass="1" elasticityCoef="1" ang="90,0,0" color="0,220,0" radius="0.5" length="4" />
		<capsule pos="21.849999999999994,-11.0,6.899999999999999" vel="0,0,0" mass="1" elasticityCoef="1" ang="90,0,0" color="0,220,0" radius="0.5" length="4" />
		<capsule pos="21.849999999999994,-11.0,9.200000000000003" vel="0,0,0" mass="1" elasticityCoef="1" ang="90,0,0" color="0,220,0" radius="0.5" length="4" />
		<capsule pos="21.849999999999994,-11.0,11.5" vel="0,0,0" mass="1" elasticityCoef="1" ang="90,0,0" color="0,220,0" radius="0.5" length="4" />
		<capsule pos="21.849999999999994,-11.0,13.799999999999997" vel="0,0,0" mass="1" elasticityCoef="1" ang="90,0,0" color="0,220,0" radius="0.5" length="4" />
		<capsule pos="21.849999999999994,-11.0,16.1" vel="0,0,0" mass="1" elasticityCoef="1" ang="90,0,0" color="0,220,0" radius="0.5" length="4" />
		<capsule pos="21.849999999999994,-11.0,18.4" vel="0,0,0" mass="1" elasticityCoef="1" ang="90,0,0" color="0,220,0" radius="0.5" length="4" />
		<capsule pos="21.849999999999994,-11.0,20.699999999999996" vel="0,0,0" mass="1" elasticityCoef="1" ang="90,0,0" color="0,220,0" radius="0.5" length="4" />
		<capsule pos="21.849999999999994,-11.0,22.999999999999993" vel="0,0,0" mass="1" elasticityCoef="1" ang="90,0,0" color="0,220,0" radius="0.5" length="4" />
		<capsule pos="21.849999999999994,-11.0,25.300000000000004" vel="0,0,0" mass="1" elasticityCoef="1" ang="90,0,0" color="0,220,0" radius="0.5" length="4" />
		<capsule pos="21.849999999999994,-11.0,27.6" vel="0,0,0" mass="1" elasticityCoef="1" ang="90,0,0" color="0,220,0" radius="0.5" length="4" />
		<capsule pos="21.849999999999994,-11.0,29.9" vel="0,0,0" mass="1" elasticityCoef="1" ang="90,0,0" color="0,220,0" radius="0.5" length="4" />
		<capsule pos="21.849999999999994,-11.0,32.199999999999996" vel="0,0,0" mass="1" elasticityCoef="1" ang="90,0,0" color="0,220,0" radius="0.5" length="4" />
		<capsule pos="21.849999999999994,-11.0,34.49999999999999" vel="0,0,0" mass="1" elasticityCoef="1" ang="90,0,0" color="0,220,0" radius="0.5" length="4" />
		<capsule pos="21.849999999999994,-11.0,36.800000000000004" vel="0,0,0" mass="1" elasticityCoef="1" ang="90,0,0" color="0,220,0" radius="0.5" length="4" />
		<capsule pos="21.849999999999994,-11.0,39.1" vel="0,0,0" mass="1" elasticityCoef="1" ang="90,0,0" color="0,220,0" radius="0.5" length="4" />
		<capsule pos="21.849999999999994,-11.0,41.4" vel="0,0,0" mass="1" elasticityCoef="1" ang="90,0,0" color="0,220,0" radius="0.5" length="4" />
		<capsule pos="21.849999999999994,-5.5,-43.699999999999996" vel="0,0,0" mass="1" elasticityCoef="1" ang="90,0,0" color="0,220,0" radius="0.5" length="4" />
		<capsule pos="21.849999999999994,-5.5,-41.4" vel="0,0,0" mass="1" elasticityCoef="1" ang="90,0,0" color="0,220,0" radius="0.5" length="4" />
		<capsule pos="21.849999999999994,-5.5,-39.099999999999994" vel="0,0,0" mass="1" elasticityCoef="1" ang="90,0,0" color="0,220,0" radius="0.5" length="4" />
		<capsule pos="21.849999999999994,-5.5,-36.8" vel="0,0,0" mass="1" elasticityCoef="1" ang="90,0,0" color="0,220,0" radius="0.5" length="4" />
		<capsule pos="21.849999999999994,-5.5,-34.5" vel="0,0,0" mass="1" elasticityCoef="1" ang="90,0,0" color="0,220,0" radius="0.5" length="4" />
		<capsule pos="21.849999999999994,-5.5,-32.199999999999996" vel="0,0,0" mass="1" elasticityCoef="1" ang="90,0,0" color="0,220,0" radius="0.5" length="4" />
		<capsule pos="21.849999999999994,-5.5,-29.9" vel="0,0,0" mass="1" elasticityCoef="1" ang="90,0,0" color="0,220,0" radius="0.5" length="4" />
		<capsule pos="21.849999999999994,-5.5,-27.599999999999998" vel="0,0,0" mass="1" elasticityCoef="1" ang="90,0,0" color="0,220,0" radius="0.5" length="4" />
		<capsule pos="21.849999999999994,-5.5,-25.299999999999997" vel="0,0,0" mass="1" elasticityCoef="1" ang="90,0,0" color="0,220,0" radius="0.5" length="4" />
		<capsule pos="21.849999999999994,-5.5,-22.999999999999996" vel="0,0,0" mass="1" elasticityCoef="1" ang="90,0,0" color="0,220,0" radius="0.5" length="4" />
		<capsule pos="21.849999999999994,-5.5,-20.699999999999996" vel="0,0,0" mass="1" elasticityCoef="1" ang="90,0,0" color="0,220,0" radius="0.5" length="4" />
		<capsule pos="21.849999999999994,-5.5,-18.4" vel="0,0,0" mass="1" elasticityCoef="1" ang="90,0,0" color="0,220,0" radius="0.5" length="4" />
		<capsule pos="21.849999999999994,-5.5,-16.099999999999998" vel="0,0,0" mass="1" elasticityCoef="1" ang="90,0,0" color="0,220,0" radius="0.5" length="4" />
		<capsule pos="21.849999999999994,-5.5,-13.799999999999997" vel="0,0,0" mass="1" elasticityCoef="1" ang="90,0,0" color="0,220,0" radius="0.5" length="4" />
		<capsule pos="21.849999999999994,-5.5,-11.5" vel="0,0,0" mass="1" elasticityCoef="1" ang="90,0,0" color="0,220,0" radius="0.5" length="4" />
		<capsule pos="21.849999999999994,-5.5,-9.199999999999996" vel="0,0,0" mass="1" elasticityCoef="1" ang="90,0,0" color="0,220,0" radius="0.5" length="4" />
		<capsule pos="21.849999999999994,-5.5,-6.899999999999999" vel="0,0,0" mass="1" elasticityCoef="1" ang="90,0,0" color="0,220,0" radius="0.5" length="4" />
		<capsule pos="21.849999999999994,-5.5,-4.600000000000001" vel="0,0,0" mass="1" elasticityCoef="1" ang="90,0,0" color="0,220,0" radius="0.5" length="4" />
		<capsule pos="21.849999999999994,-5.5,-2.299999999999997" vel="0,0,0" mass="1" elasticityCoef="1" ang="90,0,0" color="0,220,0" radius="0.5" length="4" />
		<capsule pos="21.849999999999994,-5.5,0.0" vel="0,0,0" mass="1" elasticityCoef="1" ang="90,0,0" color="0,220,0" radius="0.5" length="4" />
		<capsule pos="21.849999999999994,-5.5,2.3000000000000043" vel="0,0,0" mass="1" elasticityCoef="1" ang="90,0,0" color="0,220,0" radius="0.5" length="4" />
		<capsule pos="21.849999999999994,-5.5,4.600000000000001" vel="0,0,0" mass="1" elasticityCoef="1" ang="90,0,0" color="0,220,0" radius="0.5" length="4" />
		<capsule pos="21.849999999999994,-5.5,6.899999999999999" vel="0,0,0" mass="1" elasticityCoef="1" ang="90,0,0" color="0,220,0" radius="0.5" length="4" />
		<capsule pos="21.849999999999994,-5.5,9.200000000000003" vel="0,0,0" mass="1" elasticityCoef="1" ang="90,0,0" color="0,220,0" radius="0.5" length="4" />
		<capsule pos="21.849999999999994,-5.5,11.5" vel="0,0,0" mass="1" elasticityCoef="1" ang="90,0,0" color="0,220,0" radius="0.5" length="4" />
		<capsule pos="21.849999999999994,-5.5,13.799999999999997" vel="0,0,0" mass="1" elasticityCoef="1" ang="90,0,0" color="0,220,0" radius="0.5" length="4" />
		<capsule pos="21.849999999999994,-5.5,16.1" vel="0,0,0" mass="1" elasticityCoef="1" ang="90,0,0" color="0,220,0" radius="0.5" length="4" />
		<capsule pos="21.849999999999994,-5.5,18.4" vel="0,0,0" mass="1" elasticityCoef="1" ang="90,0,0" color="0,220,0" radius="0.5" length="4" />
		<capsule pos="21.849999999999994,-5.5,20.699999999999996" vel="0,0,0" mass="1" elasticityCoef="1" ang="90,0,0" color="0,220,0" radius="0.5" length="4" />
		<capsule pos="21.849999999999994,-5.5,22.999999999999993" vel="0,0,0" mass="1" elasticityCoef="1" ang="90,0,0" color="0,220,0" radius="0.5" length="4" />
		<capsule pos="21.849999999999994,-5.5,25.300000000000004" vel="0,0,0" mass="1" elasticityCoef="1" ang="90,0,0" color="0,220,0" radius="0.5" length="4" />
		<capsule pos="21.849999999999994,-5.5,27.6" vel="0,0,0" mass="1" elasticityCoef="1" ang="90,0,0" color="0,220,0" radius="0.5" length="4" />
		<capsule pos="21.849999999999994,-5.5,29.9" vel="0,0,0" mass="1" elasticityCoef="1" ang="90,0,0" color="0,220,0" radius="0.5" length="4" />
		<capsule pos="21.849999999999994,-5.5,32.199999999999996" vel="0,0,0" mass="1" elasticityCoef="1" ang="90,0,0" color="0,220,0" radius="0.5" length="4" />
		<capsule pos="21.849999999999994,-5.5,34.49999999999999" vel="0,0,0" mass="1" elasticityCoef="1" ang="90,0,0" color="0,220,0" radius="0.5" length="4" />
		<capsule pos="21.849999999999994,-5.5,36.800000000000004" vel="0,0,0" mass="1" elasticityCoef="1" ang="90,0,0" color="0,220,0" radius="0.5" length="4" />
		<capsule pos="21.849999999999994,-5.5,39.1" vel="0,0,0" mass="1" elasticityCoef="1" ang="90,0,0" color="0,220,0" radius="0.5" length="4" />
		<capsule pos="21.849999999999994,-5.5,41.4" vel="0,0,0" mass="1" elasticityCoef="1" ang="90,0,0" color="0,220,0" radius="0.5" length="4" />
		<capsule pos="21.849999999999994,0.0,-43.699999999999996" vel="0,0,0" mass="1" elasticityCoef="1" ang="90,0,0" color="0,220,0" radius="0.5" length="4" />
		<capsule pos="21.849999999999994,0.0,-41.4" vel="0,0,0" mass="1" elasticityCoef="1" ang="90,0,0" color="0,220,0" radius="0.5" length="4" />
		<capsule pos="21.849999999999994,0.0,-39.099999999999994" vel="0,0,0" mass="1" elasticityCoef="1" ang="90,0,0" color="0,220,0" radius="0.5" length="4" />
		<capsule pos="21.849999999999994,0.0,-36.8" vel="0,0,0" mass="1" elasticityCoef="1" ang="90,0,0" color="0,220,0" radius="0.5" length="4" />
		<capsule pos="21.849999999999994,0.0,-34.5" vel="0,0,0" mass="1" elasticityCoef="1" ang="90,0,0" color="0,220,0" radius="0.5" length="4" />
		<capsule pos="21.849999999999994,0.0,-32.199999999999996" vel="0,0,0" mass="1" elasticityCoef="1" ang="90,0,0" color="0,220,0" radius="0.5" length="4" />
		<capsule pos="21.849999999999994,0.0,-29.9" vel="0,0,0" mass="1" elasticityCoef="1" ang="90,0,0" color="0,220,0" radius="0.5" length="4" />
		<capsule pos="21.849999999999994,0.0,-27.599999999999998" vel="0,0,0" mass="1" elasticityCoef="1" ang="90,0,0" color="0,220,0" radius="0.5" length="4" />
		<capsule pos="21.849999999999994,0.0,-25.299999999999997" vel="0,0,0" mass="1" elasticityCoef="1" ang="90,0,0" color="0,220,0" radius="0.5" length="4" />
		<capsule pos="21.849999999999994,0.0,-22.999999999999996" vel="0,0,0" mass="1" elasticityCoef="1" ang="90,0,0" color="0,220,0" radius="0.5" length="4" />
		<capsule pos="21.849999999999994,0.0,-20.699999999999996" vel="0,0,0" mass="1" elasticityCoef="1" ang="90,0,0" color="0,220,0" radius="0.5" length="4" />
		<capsule pos="21.849999999999994,0.0,-18.4" vel="0,0,0" mass="1" elasticityCoef="1" ang="90,0,0" color="0,220,0" radius="0.5" length="4" />
		<capsule pos="21.849999999999994,0.0,-16.099999999999998" vel="0,0,0" mass="1" elasticityCoef="1" ang="90,0,0" color="0,220,0" radius="0.5" length="4" />
		<capsule pos="21.849999999999994,0.0,-13.799999999999997" vel="0,0,0" mass="1" elasticityCoef="1" ang="90,0,0" color="0,220,0" radius="0.5" length="4" />
		<capsule pos="21.849999999999994,0.0,-11.5" vel="0,0,0" mass="1" elasticityCoef="1" ang="90,0,0" color="0,220,0" radius="0.5" length="4" />
		<capsule pos="21.849999999999994,0.0,-9.199999999999996" vel="0,0,0" mass="1" elasticityCoef="1" ang="90,0,0" color="0,220,0" radius="0.5" length="4" />
		<capsule pos="21.849999999999994,0.0,-6.899999999999999" vel="0,0,0" mass="1" elasticityCoef="1" ang="90,0,0" color="0,220,0" radius="0.5" length="4" />
		<capsule pos="21.849999999999994,0.0,-4.600000000000001" vel="0,0,0" mass="1" elasticityCoef="1" ang="90,0,0" color="0,220,0" radius="0.5" length="4" />
		<capsule pos="21.849999999999994,0.0,-2.299999999999997" vel="0,0,0" mass="1" elasticityCoef="1" ang="90,0,0" color="0,220,0" radius="0.5" length="4" />
		<capsule pos="21.849999999999994,0.0,0.0" vel="0,0,0" mass="1" elasticityCoef="1" ang="90,0,0" color="0,220,0" radius="0.5" length="4" />
		<capsule pos="21.849999999999994,0.0,2.3000000000000043" vel="0,0,0" mass="1" elasticityCoef="1" ang="90,0,0" color="0,220,0" radius="0.5" length="4" />
		<capsule pos="21.849999999999994,0.0,4.600000000000001" vel="0,0,0" mass="1" elasticityCoef="1" ang="90,0,0" color="0,220,0" radius="0.5" length="4" />
		<capsule pos="21.849999999999994,0.0,6.899999999999999" vel="0,0,0" mass="1" elasticityCoef="1" ang="90,0,0" color="0,220,0" radius="0.5" length="4" />
		<capsule pos="21.849999999999994,0.0,9.200000000000003" vel="0,0,0" mass="1" elasticityCoef="1" ang="90,0,0" color="0,220,0" radius="0.5" length="4" />
		<capsule pos="21.849999999999994,0.0,11.5" vel="0,0,0" mass="1" elasticityCoef="1" ang="90,0,0" color="0,220,0" radius="0.5" length="4" />
		<capsule pos="21.849999999999994,0.0,13.799999999999997" vel="0,0,0" mass="1" elasticityCoef="1" ang="90,0,0" color="0,220,0" radius="0.5" length="4" />
		<capsule pos="21.849999999999994,0.0,16.1" vel="0,0,0" mass="1" elasticityCoef="1" ang="90,0,0" color="0,220,0" radius="0.5" length="4" />
		<capsule pos="21.849999999999994,0.0,18.4" vel="0,0,0" mass="1" elasticityCoef="1" ang="90,0,0" color="0,220,0" radius="0.5" length="4" />
		<capsule pos="21.849999999999994,0.0,20.699999999999996" vel="0,0,0" mass="1" elasticityCoef="1" ang="90,0,0" color="0,220,0" radius="0.5" length="4" />
		<capsule pos="21.849999999999994,0.0,22.999999999999993" vel="0,0,0" mass="1" elasticityCoef="1" ang="90,0,0" color="0,220,0" radius="0.5" length="4" />
		<capsule pos="21.849999999999994,0.0,25.300000000000004" vel="0,0,0" mass="1" elasticityCoef="1" ang="90,0,0" color="0,220,0" radius="0.5" length="4" />
		<capsule pos="21.849999999999994,0.0,27.6" vel="0,0,0" mass="1" elasticityCoef="1" ang="90,0,0" color="0,220,0" radius="0.5" length="4" />
		<capsule pos="21.849999999999994,0.0,29.9" vel="0,0,0" mass="1" elasticityCoef="1" ang="90,0,0" color="0,220,0" radius="0.5" length="4" />
		<capsule pos="21.849999999999994,0.0,32.199999999999996" vel="0,0,0" mass="1" elasticityCoef="1" ang="90,0,0" color="0,220,0" radius="0.5" length="4" />
		<capsule pos="21.849999999999994,0.0,34.49999999999999" vel="0,0,0" mass="1" elasticityCoef="1" ang="90,0,0" color="0,220,0" radius="0.5" length="4" />
		<capsule pos="21.849999999999994,0.0,36.800000000000004" vel="0,0,0" mass="1" elasticityCoef="1" ang="90,0,0" color="0,220,0" radius="0.5" length="4" />
		<capsule pos="21.849999999999994,0.0,39.1" vel="0,0,0" mass="1" elasticityCoef="1" ang="90,0,0" color="0,220,0" radius="0.5" length="4" />
		<capsule pos="21.849999999999994,0.0,41.4" vel="0,0,0" mass="1" elasticityCoef="1" ang="90,0,0" color="0,220,0" radius="0.5" length="4" />
		<capsule pos="21.849999999999994,5.5,-43.699999999999996" vel="0,0,0" mass="1" elasticityCoef="1" ang="90,0,0" color="0,220,0" radius="0.5" length="4" />
		<capsule pos="21.849999999999994,5.5,-41.4" vel="0,0,0" mass="1" elasticityCoef="1" ang="90,0,0" color="0,220,0" radius="0.5" length="4" />
		<capsule pos="21.849999999999994,5.5,-39.099999999999994" vel="0,0,0" mass="1" elasticityCoef="1" ang="90,0,0" color="0,220,0" radius="0.5" length="4" />
		<capsule pos="21.849999999999994,5.5,-36.8" vel="0,0,0" mass="1" elasticityCoef="1" ang="90,0,0" color="0,220,0" radius="0.5" length="4" />
		<capsule pos="21.849999999999994,5.5,-34.5" vel="0,0,0" mass="1" elasticityCoef="1" ang="90,0,0" color="0,220,0" radius="0.5" length="4" />
		<capsule pos="21.849999999999994,5.5,-32.199999999999996" vel="0,0,0" mass="1" elasticityCoef="1" ang="90,0,0" color="0,220,0" radius="0.5" length="4" />
		<capsule pos="21.849999999999994,5.5,-29.9" vel="0,0,0" mass="1" elasticityCoef="1" ang="90,0,0" color="0,220,0" radius="0.5" length="4" />
		<capsule pos="21.849999999999994,5.5,-27.599999999999998" vel="0,0,0" mass="1" elasticityCoef="1" ang="90,0,0" color="0,220,0" radius="0.5" length="4" />
		<capsule pos="21.849999999999994,5.5,-25.299999999999997" vel="0,0,0" mass="1" elasticityCoef="1" ang="90,0,0" color="0,220,0" radius="0.5" length="4" />
		<capsule pos="21.849999999999994,5.5,-22.999999999999996" vel="0,0,0" mass="1" elasticityCoef="1" ang="90,0,0" color="0,220,0" radius="0.5" length="4" />
		<capsule pos="21.849999999999994,5.5,-20.699999999999996" vel="0,0,0" mass="1" elasticityCoef="1" ang="90,0,0" color="0,220,0" radius="0.5" length="4" />
		<capsule pos="21.849999999999994,5.5,-18.4" vel="0,0,0" mass="1" elasticityCoef="1" ang="90,0,0" color="0,220,0" radius="0.5" length="4" />
		<capsule pos="21.849999999999994,5.5,-16.099999999999998" vel="0,0,0" mass="1" elasticityCoef="1" ang="90,0,0" color="0,220,0" radius="0.5" length="4" />
		<capsule pos="21.849999999999994,5.5,-13.799999999999997" vel="0,0,0" mass="1" elasticityCoef="1" ang="90,0,0" color="0,220,0" radius="0.5" length="4" />
		<capsule pos="21.849999999999994,5.5,-11.5" vel="0,0,0" mass="1" elasticityCoef="1" ang="90,0,0" color="0,220,0" radius="0.5" length="4" />
		<capsule pos="21.849999999999994,5.5,-9.199999999999996" vel="0,0,0" mass="1" elasticityCoef="1" ang="90,0,0" color="0,220,0" radius="0.5" length="4" />
		<capsule pos="21.849999999999994,5.5,-6.899999999999999" vel="0,0,0" mass="1" elasticityCoef="1" ang="90,0,0" color="0,220,0" radius="0.5" length="4" />
		<capsule pos="21.849999999999994,5.5,-4.600000000000001" vel="0,0,0" mass="1" elasticityCoef="1" ang="90,0,0" color="0,220,0" radius="0.5" length="4" />
		<capsule pos="21.849999999999994,5.5,-2.299999999999997" vel="0,0,0" mass="1" elasticityCoef="1" ang="90,0,0" color="0,220,0" radius="0.5" length="4" />
		<capsule pos="21.849999999999994,5.5,0.0" vel="0,0,0" mass="1" elasticityCoef="1" ang="90,0,0" color="0,220,0" radius="0.5" length="4" />
		<capsule pos="21.849999999999994,5.5,2.3000000000000043" vel="0,0,0" mass="1" elasticityCoef="1" ang="90,0,0" color="0,220,0" radius="0.5" length="4" />
		<capsule pos="21.849999999999994,5.5,4.600000000000001" vel="0,0,0" mass="1" elasticityCoef="1" ang="90,0,0" color="0,220,0" radius="0.5" length="4" />
		<capsule pos="21.849999999999994,5.5,6.899999999999999" vel="0,0,0" mass="1" elasticityCoef="1" ang="90,0,0" color="0,220,0" radius="0.5" length="4" />
		<capsule pos="21.849999999999994,5.5,9.200000000000003" vel="0,0,0" mass="1" elasticityCoef="1" ang="90,0,0" color="0,220,0" radius="0.5" length="4" />
		<capsule pos="21.849999999999994,5.5,11.5" vel="0,0,0" mass="1" elasticityCoef="1" ang="90,0,0" color="0,220,0" radius="0.5" length="4" />
		<capsule pos="21.849999999999994,5.5,13.799999999999997" vel="0,0,0" mass="1" elasticityCoef="1" ang="90,0,0" color="0,220,0" radius="0.5" length="4" />
		<capsule pos="21.849999999999994,5.5,16.1" vel="0,0,0" mass="1" elasticityCoef="1" ang="90,0,0" color="0,220,0" radius="0.5" length="4" />
		<capsule pos="21.849999999999994,5.5,18.4" vel="0,0,0" mass="1" elasticityCoef="1" ang="90,0,0" color="0,220,0" radius="0.5" length="4" />
		<capsule pos="21.849999999999994,5.5,20.699999999999996" vel="0,0,0" mass="1" elasticityCoef="1" ang="90,0,0" color="0,220,0" radius="0.5" length="4" />
		<capsule pos="21.849999999999994,5.5,22.999999999999993" vel="0,0,0" mass="1" elasticityCoef="1" ang="90,0,0" color="0,220,0" radius="0.5" length="4" />
		<capsule pos="21.849999999999994,5.5,25.300000000000004" vel="0,0,0" mass="1" elasticityCoef="1" ang="90,0,0" color="0,220,0" radius="0.5" length="4" />
		<capsule pos="21.849999999999994,5.5,27.6" vel="0,0,0" mass="1" elasticityCoef="1" ang="90,0,0" color="0,220,0" radius="0.5" length="4" />
		<capsule pos="21.849999999999994,5.5,29.9" vel="0,0,0" mass="1" elasticityCoef="1" ang="90,0,0" color="0,220,0" radius="0.5" length="4" />
		<capsule pos="21.849999999999994,5.5,32.199999999999996" vel="0,0,0" mass="1" elasticityCoef="1" ang="90,0,0" color="0,220,0" radius="0.5" length="4" />
		<capsule pos="21.849999999999994,5.5,34.49999999999999" vel="0,0,0" mass="1" elasticityCoef="1" ang="90,0,0" color="0,220,0" radius="0.5" length="4" />
		<capsule pos="21.849999999999994,5.5,36.800000000000004" vel="0,0,0" mass="1" elasticityCoef="1" ang="90,0,0" color="0,220,0" radius="0.5" length="4" />
		<capsule pos="21.849999999999994,5.5,39.1" vel="0,0,0" mass="1" elasticityCoef="1" ang="90,0,0" color="0,220,0" radius="0.5" length="4" />
		<capsule pos="21.849999999999994,5.5,41.4" vel="0,0,0" mass="1" elasticityCoef="1" ang="90,0,0" color="0,220,0" radius="0.5" length="4" />
		<capsule pos="21.849999999999994,11.0,-43.699999999999996" vel="0,0,0" mass="1" elasticityCoef="1" ang="90,0,0" color="0,220,0" radius="0.5" length="4" />
		<capsule pos="21.849999999999994,11.0,-41.4" vel="0,0,0" mass="1" elasticityCoef="1" ang="90,0,0" color="0,220,0" radius="0.5" length="4" />
		<capsule pos="21.849999999999994,11.0,-39.099999999999994" vel="0,0,0" mass="1" elasticityCoef="1" ang="90,0,0" color="0,220,0" radius="0.5" length="4" />
		<capsule pos="21.849999999999994,11.0,-36.8" vel="0,0,0" mass="1" elasticityCoef="1" ang="90,0,0" color="0,220,0" radius="0.5" length="4" />
		<capsule pos="21.849999999999994,11.0,-34.5" vel="0,0,0" mass="1" elasticityCoef="1" ang="90,0,0" color="0,220,0" radius="0.5" length="4" />
		<capsule pos="21.849999999999994,11.0,-32.199999999999996" vel="0,0,0" mass="1" elasticityCoef="1" ang="90,0,0" color="0,220,0" radius="0.5" length="4" />
		<capsule pos="21.849999999999994,11.0,-29.9" vel="0,0,0" mass="1" elasticityCoef="1" ang="90,0,0" color="0,220,0" radius="0.5" length="4" />
		<capsule pos="21.849999999999994,11.0,-27.599999999999998" vel="0,0,0" mass="1" elasticityCoef="1" ang="90,0,0" color="0,220,0" radius="0.5" length="4" />
		<capsule pos="21.849999999999994,11.0,-25.299999999999997" vel="0,0,0" mass="1" elasticityCoef="1" ang="90,0,0" color="0,220,0" radius="0.5" length="4" />
		<capsule pos="21.849999999999994,11.0,-22.999999999999996" vel="0,0,0" mass="1" elasticityCoef="1" ang="90,0,0" color="0,220,0" radius="0.5" length="4" />
		<capsule pos="21.849999999999994,11.0,-20.699999999999996" vel="0,0,0" mass="1" elasticityCoef="1" ang="90,0,0" color="0,220,0" radius="0.5" length="4" />
		<capsule pos="21.849999999999994,11.0,-18.4" vel="0,0,0" mass="1" elasticityCoef="1" ang="90,0,0" color="0,220,0" radius="0.5" length="4" />
		<capsule pos="21.849999999999994,11.0,-16.099999999999998" vel="0,0,0" mass="1" elasticityCoef="1" ang="90,0,0" color="0,220,0" radius="0.5" length="4" />
		<capsule pos="21.849999999999994,11.0,-13.799999999999997" vel="0,0,0" mass="1" elasticityCoef="1" ang="90,0,0" color="0,220,0" radius="0.5" length="4" />
		<capsule pos="21.849999999999994,11.0,-11.5" vel="0,0,0" mass="1" elasticityCoef="1" ang="90,0,0" color="0,220,0" radius="0.5" length="4" />
		<capsule pos="21.849999999999994,11.0,-9.199999999999996" vel="0,0,0" mass="1" elasticityCoef="1" ang="90,0,0" color="0,220,0" radius="0.5" length="4" />
		<capsule pos="21.849999999999994,11.0,-6.899999999999999" vel="0,0,0" mass="1" elasticityCoef="1" ang="90,0,0" color="0,220,0" radius="0.5" length="4" />
		<capsule pos="21.849999999999994,11.0,-4.600000000000001" vel="0,0,0" mass="1" elasticityCoef="1" ang="90,0,0" color="0,220,0" radius="0.5" length="4" />
		<capsule pos="21.849999999999994,11.0,-2.299999999999997" vel="0,0,0" mass="1" elasticityCoef="1" ang="90,0,0" color="0,220,0" radius="0.5" length="4" />
		<capsule pos="21.849999999999994,11.0,0.0" vel="0,0,0" mass="1" elasticityCoef="1" ang="90,0,0" color="0,220,0" radius="0.5" length="4" />
		<capsule pos="21.849999999999994,11.0,2.3000000000000043" vel="0,0,0" mass="1" elasticityCoef="1" ang="90,0,0" color="0,220,0" radius="0.5" length="4" />
		<capsule pos="21.849999999999994,11.0,4.600000000000001" vel="0,0,0" mass="1" elasticityCoef="1" ang="90,0,0" color="0,220,0" radius="0.5" length="4" />
		<capsule pos="21.849999999999994,11.0,6.899999999999999" vel="0,0,0" mass="1" elasticityCoef="1" ang="90,0,0" color="0,220,0" radius="0.5" length="4" />
		<capsule pos="21.849999999999994,11.0,9.200000000000003" vel="0,0,0" mass="1" elasticityCoef="1" ang="90,0,0" color="0,220,0" radius="0.5" length="4" />
		<capsule pos="21.849999999999994,11.0,11.5" vel="0,0,0" mass="1" elasticityCoef="1" ang="90,0,0" color="0,220,0" radius="0.5" length="4" />
		<capsule pos="21.849999999999994,11.0,13.799999999999997" vel="0,0,0" mass="1" elasticityCoef="1" ang="90,0,0" color="0,220,0" radius="0.5" length="4" />
		<capsule pos="21.849999999999994,11.0,16.1" vel="0,0,0" mass="1" elasticityCoef="1" ang="90,0,0" color="0,220,0" radius="0.5" length="4" />
		<capsule pos="21.849999999999994,11.0,18.4" vel="0,0,0" mass="1" elasticityCoef="1" ang="90,0,0" color="0,220,0" radius="0.5" length="4" />
		<capsule pos="21.849999999999994,11.0,20.699999999999996" vel="0,0,0" mass="1" elasticityCoef="1" ang="90,0,0" color="0,220,0" radius="0.5" length="4" />
		<capsule pos="21.849999999999994,11.0,22.999999999999993" vel="0,0,0" mass="1" elasticityCoef="1" ang="90,0,0" color="0,220,0" radius="0.5" length="4" />
		<capsule pos="21.849999999999994,11.0,25.300000000000004" vel="0,0,0" mass="1" elasticityCoef="1" ang="90,0,0" color="0,220,0" radius="0.5" length="4" />
		<capsule pos="21.849999999999994,11.0,27.6" vel="0,0,0" mass="1" elasticityCoef="1" ang="90,0,0" color="0,220,0" radius="0.5" length="4" />
		<capsule pos="21.849999999999994,11.0,29.9" vel="0,0,0" mass="1" elasticityCoef="1" ang="90,0,0" color="0,220,0" radius="0.5" length="4" />
		<capsule pos="21.849999999999994,11.0,32.199999999999996" vel="0,0,0" mass="1" elasticityCoef="1" ang="90,0,0" color="0,220,0" radius="0.5" length="4" />
		<capsule pos="21.849999999999994,11.0,34.49999999999999" vel="0,0,0" mass="1" elasticityCoef="1" ang="90,0,0" color="0,220,0" radius="0.5" length="4" />
		<capsule pos="21.849999999999994,11.0,36.800000000000004" vel="0,0,0" mass="1" elasticityCoef="1" ang="90,0,0" color="0,220,0" radius="0.5" length="4" />
		<capsule pos="21.849999999999994,11.0,39.1" vel="0,0,0" mass="1" elasticityCoef="1" ang="90,0,0" color="0,220,0" radius="0.5" length="4" />
		<capsule pos="21.849999999999994,11.0,41.4" vel="0,0,0" mass="1" elasticityCoef="1" ang="90,0,0" color="0,220,0" radius="0.5" length="4" />
		<capsule pos="21.849999999999994,16.5,-43.699999999999996" vel="0,0,0" mass="1" elasticityCoef="1" ang="90,0,0" color="0,220,0" radius="0.5" length="4" />
		<capsule pos="21.849999999999994,16.5,-41.4" vel="0,0,0" mass="1" elasticityCoef="1" ang="90,0,0" color="0,220,0" radius="0.5" length="4" />
		<capsule pos="21.849999999999994,16.5,-39.099999999999994" vel="0,0,0" mass="1" elasticityCoef="1" ang="90,0,0" color="0,220,0" radius="0.5" length="4" />
		<capsule pos="21.849999999999994,16.5,-36.8" vel="0,0,0" mass="1" elasticityCoef="1" ang="90,0,0" color="0,220,0" radius="0.5" length="4" />
		<capsule pos="21.849999999999994,16.5,-34.5" vel="0,0,0" mass="1" elasticityCoef="1" ang="90,0,0" color="0,220,0" radius="0.5" length="4" />
		<capsule pos="21.849999999999994,16.5,-32.199999999999996" vel="0,0,0" mass="1" elasticityCoef="1" ang="90,0,0" color="0,220,0" radius="0.5" length="4" />
		<capsule pos="21.849999999999994,16.5,-29.9" vel="0,0,0" mass="1" elasticityCoef="1" ang="90,0,0" color="0,220,0" radius="0.5" length="4" />
		<capsule pos="21.849999999999994,16.5,-27.599999999999998" vel="0,0,0" mass="1" elasticityCoef="1" ang="90,0,0" color="0,220,0" radius="0.5" length="4" />
		<capsule pos="21.849999999999994,16.5,-25.299999999999997" vel="0,0,0" mass="1" elasticityCoef="1" ang="90,0,0" color="0,220,0" radius="0.5" length="4" />
		<capsule pos="21.849999999999994,16.5,-22.999999999999996" vel="0,0,0" mass="1" elasticityCoef="1" ang="90,0,0" color="0,220,0" radius="0.5" length="4" />
		<capsule pos="21.849999999999994,16.5,-20.699999999999996" vel="0,0,0" mass="1" elasticityCoef="1" ang="90,0,0" color="0,220,0" radius="0.5" length="4" />
		<capsule pos="21.849999999999994,16.5,-18.4" vel="0,0,0" mass="1" elasticityCoef="1" ang="90,0,0" color="0,220,0" radius="0.5" length="4" />
		<capsule pos="21.849999999999994,16.5,-16.099999999999998" vel="0,0,0" mass="1" elasticityCoef="1" ang="90,0,0" color="0,220,0" radius="0.5" length="4" />
		<capsule pos="21.849999999999994,16.5,-13.799999999999997" vel="0,0,0" mass="1" elasticityCoef="1" ang="90,0,0" color="0,220,0" radius="0.5" length="4" />
		<capsule pos="21.849999999999994,16.5,-11.5" vel="0,0,0" mass="1" elasticityCoef="1" ang="90,0,0" color="0,220,0" radius="0.5" length="4" />
		<capsule pos="21.849999999999994,16.5,-9.199999999999996" vel="0,0,0" mass="1" elasticityCoef="1" ang="90,0,0" color="0,220,0" radius="0.5" length="4" />
		<capsule pos="21.849999999999994,16.5,-6.899999999999999" vel="0,0,0" mass="1" elasticityCoef="1" ang="90,0,0" color="0,220,0" radius="0.5" length="4" />
		<capsule pos="21.849999999999994,16.5,-4.600000000000001" vel="0,0,0" mass="1" elasticityCoef="1" ang="90,0,0" color="0,220,0" radius="0.5" length="4" />
		<capsule pos="21.849999999999994,16.5,-2.299999999999997" vel="0,0,0" mass="1" elasticityCoef="1" ang="90,0,0" color="0,220,0" radius="0.5" length="4" />
		<capsule pos="21.849999999999994,16.5,0.0" vel="0,0,0" mass="1" elasticityCoef="1" ang="90,0,0" color="0,220,0" radius="0.5" length="4" />
		<capsule pos="21.849999999999994,16.5,2.3000000000000043" vel="0,0,0" mass="1" elasticityCoef="1" ang="90,0,0" color="0,220,0" radius="0.5" length="4" />
		<capsule pos="21.849999999999994,16.5,4.600000000000001" vel="0,0,0" mass="1" elasticityCoef="1" ang="90,0,0" color="0,220,0" radius="0.5" length="4" />
		<capsule pos="21.849999999999994,16.5,6.899999999999999" vel="0,0,0" mass="1" elasticityCoef="1" ang="90,0,0" color="0,220,0" radius="0.5" length="4" />
		<capsule pos="21.849999999999994,16.5,9.200000000000003" vel="0,0,0" mass="1" elasticityCoef="1" ang="90,0,0" color="0,220,0" radius="0.5" length="4" />
		<capsule pos="21.849999999999994,16.5,11.5" vel="0,0,0" mass="1" elasticityCoef="1" ang="90,0,0" color="0,220,0" radius="0.5" length="4" />
		<capsule pos="21.849999999999994,16.5,13.799999999999997" vel="0,0,0" mass="1" elasticityCoef="1" ang="90,0,0" color="0,220,0" radius="0.5" length="4" />
		<capsule pos="21.849999999999994,16.5,16.1" vel="0,0,0" mass="1" elasticityCoef="1" ang="90,0,0" color="0,220,0" radius="0.5" length="4" />
		<capsule pos="21.849999999999994,16.5,18.4" vel="0,0,0" mass="1" elasticityCoef="1" ang="90,0,0" color="0,220,0" radius="0.5" length="4" />
		<capsule pos="21.849999999999994,16.5,20.699999999999996" vel="0,0,0" mass="1" elasticityCoef="1" ang="90,0,0" color="0,220,0" radius="0.5" length="4" />
		<capsule pos="21.849999999999994,16.5,22.999999999999993" vel="0,0,0" mass="1" elasticityCoef="1" ang="90,0,0" color="0,220,0" radius="0.5" length="4" />
		<capsule pos="21.849999999999994,16.5,25.300000000000004" vel="0,0,0" mass="1" elasticityCoef="1" ang="90,0,0" color="0,220,0" radius="0.5" length="4" />
		<capsule pos="21.849999999999994,16.5,27.6" vel="0,0,0" mass="1" elasticityCoef="1" ang="90,0,0" color="0,220,0" radius="0.5" length="4" />
		<capsule pos="21.849999999999994,16.5,29.9" vel="0,0,0" mass="1" elasticityCoef="1" ang="90,0,0" color="0,220,0" radius="0.5" length="4" />
		<capsule pos="21.849999999999994,16.5,32.199999999999996" vel="0,0,0" mass="1" elasticityCoef="1" ang="90,0,0" color="0,220,0" radius="0.5" length="4" />
		<capsule pos="21.849999999999994,16.5,34.49999999999999" vel="0,0,0" mass="1" elasticityCoef="1" ang="90,0,0" color="0,220,0" radius="0.5" length="4" />
		<capsule pos="21.849999999999994,16.5,36.800000000000004" vel="0,0,0" mass="1" elasticityCoef="1" ang="90,0,0" color="0,220,0" radius="0.5" length="4" />
		<capsule pos="21.849999999999994,16.5,39.1" vel="0,0,0" mass="1" elasticityCoef="1" ang="90,0,0" color="0,220,0" radius="0.5" length="4" />
		<capsule pos="21.849999999999994,16.5,41.4" vel="0,0,0" mass="1" elasticityCoef="1" ang="90,0,0" color="0,220,0" radius="0.5" length="4" />
		<capsule pos="21.849999999999994,22.0,-43.699999999999996" vel="0,0,0" mass="1" elasticityCoef="1" ang="90,0,0" color="0,220,0" radius="0.5" length="4" />
		<capsule pos="21.849999999999994,22.0,-41.4" vel="0,0,0" mass="1" elasticityCoef="1" ang="90,0,0" color="0,220,0" radius="0.5" length="4" />
		<capsule pos="21.849999999999994,22.0,-39.099999999999994" vel="0,0,0" mass="1" elasticityCoef="1" ang="90,0,0" color="0,220,0" radius="0.5" length="4" />
		<capsule pos="21.849999999999994,22.0,-36.8" vel="0,0,0" mass="1" elasticityCoef="1" ang="90,0,0" color="0,220,0" radius="0.5" length="4" />
		<capsule pos="21.849999999999994,22.0,-34.5" vel="0,0,0" mass="1" elasticityCoef="1" ang="90,0,0" color="0,220,0" radius="0.5" length="4" />
		<capsule pos="21.849999999999994,22.0,-32.199999999999996" vel="0,0,0" mass="1" elasticityCoef="1" ang="90,0,0" color="0,220,0" radius="0.5" length="4" />
		<capsule pos="21.849999999999994,22.0,-29.9" vel="0,0,0" mass="1" elasticityCoef="1" ang="90,0,0" color="0,220,0" radius="0.5" length="4" />
		<capsule pos="21.849999999999994,22.0,-27.599999999999998" vel="0,0,0" mass="1" elasticityCoef="1" ang="90,0,0" color="0,220,0" radius="0.5" length="4" />
		<capsule pos="21.849999999999994,22.0,-25.299999999999997" vel="0,0,0" mass="1" elasticityCoef="1" ang="90,0,0" color="0,220,0" radius="0.5" length="4" />
		<capsule pos="21.849999999999994,22.0,-22.999999999999996" vel="0,0,0" mass="1" elasticityCoef="1" ang="90,0,0" color="0,220,0" radius="0.5" length="4" />
		<capsule pos="21.849999999999994,22.0,-20.699999999999996" vel="0,0,0" mass="1" elasticityCoef="1" ang="90,0,0" color="0,220,0" radius="0.5" length="4" />
		<capsule pos="21.849999999999994,22.0,-18.4" vel="0,0,0" mass="1" elasticityCoef="1" ang="90,0,0" color="0,220,0" radius="0.5" length="4" />
		<capsule pos="21.849999999999994,22.0,-16.099999999999998" vel="0,0,0" mass="1" elasticityCoef="1" ang="90,0,0" color="0,220,0" radius="0.5" length="4" />
		<capsule pos="21.849999999999994,22.0,-13.799999999999997" vel="0,0,0" mass="1" elasticityCoef="1" ang="90,0,0" color="0,220,0" radius="0.5" length="4" />
		<capsule pos="21.849999999999994,22.0,-11.5" vel="0,0,0" mass="1" elasticityCoef="1" ang="90,0,0" color="0,220,0" radius="0.5" length="4" />
		<capsule pos="21.849999999999994,22.0,-9.199999999999996" vel="0,0,0" mass="1" elasticityCoef="1" ang="90,0,0" color="0,220,0" radius="0.5" length="4" />
		<capsule pos="21.849999999999994,22.0,-6.899999999999999" vel="0,0,0" mass="1" elasticityCoef="1" ang="90,0,0" color="0,220,0" radius="0.5" length="4" />
		<capsule pos="21.849999999999994,22.0,-4.600000000000001" vel="0,0,0" mass="1" elasticityCoef="1" ang="90,0,0" color="0,220,0" radius="0.5" length="4" />
		<capsule pos="21.849999999999994,22.0,-2.299999999999997" vel="0,0,0" mass="1" elasticityCoef="1" ang="90,0,0" color="0,220,0" radius="0.5" length="4" />
		<capsule pos="21.849999999999994,22.0,0.0" vel="0,0,0" mass="1" elasticityCoef="1" ang="90,0,0" color="0,220,0" radius="0.5" length="4" />
		<capsule pos="21.849999999999994,22.0,2.3000000000000043" vel="0,0,0" mass="1" elasticityCoef="1" ang="90,0,0" color="0,220,0" radius="0.5" length="4" />
		<capsule pos="21.849999999999994,22.0,4.600000000000001" vel="0,0,0" mass="1" elasticityCoef="1" ang="90,0,0" color="0,220,0" radius="0.5" length="4" />
		<capsule pos="21.849999999999994,22.0,6.899999999999999" vel="0,0,0" mass="1" elasticityCoef="1" ang="90,0,0" color="0,220,0" radius="0.5" length="4" />
		<capsule pos="21.849999999999994,22.0,9.200000000000003" vel="0,0,0" mass="1" elasticityCoef="1" ang="90,0,0" color="0,220,0" radius="0.5" length="4" />
		<capsule pos="21.849999999999994,22.0,11.5" vel="0,0,0" mass="1" elasticityCoef="1" ang="90,0,0" color="0,220,0" radius="0.5" length="4" />
		<capsule pos="21.849999999999994,22.0,13.799999999999997" vel="0,0,0" mass="1" elasticityCoef="1" ang="90,0,0" color="0,220,0" radius="0.5" length="4" />
		<capsule pos="21.849999999999994,22.0,16.1" vel="0,0,0" mass="1" elasticityCoef="1" ang="90,0,0" color="0,220,0" radius="0.5" length="4" />
		<capsule pos="21.849999999999994,22.0,18.4" vel="0,0,0" mass="1" elasticityCoef="1" ang="90,0,0" color="0,220,0" radius="0.5" length="4" />
		<capsule pos="21.849999999999994,22.0,20.699999999999996" vel="0,0,0" mass="1" elasticityCoef="1" ang="90,0,0" color="0,220,0" radius="0.5" length="4" />
		<capsule pos="21.849999999999994,22.0,22.999999999999993" vel="0,0,0" mass="1" elasticityCoef="1" ang="90,0,0" color="0,220,0" radius="0.5" length="4" />
		<capsule pos="21.849999999999994,22.0,25.300000000000004" vel="0,0,0" mass="1" elasticityCoef="1" ang="90,0,0" color="0,220,0" radius="0.5" length="4" />
		<capsule pos="21.849999999999994,22.0,27.6" vel="0,0,0" mass="1" elasticityCoef="1" ang="90,0,0" color="0,220,0" radius="0.5" length="4" />
		<capsule pos="21.849999999999994,22.0,29.9" vel="0,0,0" mass="1" elasticityCoef="1" ang="90,0,0" color="0,220,0" radius="0.5" length="4" />
		<capsule pos="21.849999999999994,22.0,32.199999999999996" vel="0,0,0" mass="1" elasticityCoef="1" ang="90,0,0" color="0,220,0" radius="0.5" length="4" />
		<capsule pos="21.849999999999994,22.0,34.49999999999999" vel="0,0,0" mass="1" elasticityCoef="1" ang="90,0,0" color="0,220,0" radius="0.5" length="4" />
		<capsule pos="21.849999999999994,22.0,36.800000000000004" vel="0,0,0" mass="1" elasticityCoef="1" ang="90,0,0" color="0,220,0" radius="0.5" length="4" />
		<capsule pos="21.849999999999994,22.0,39.1" vel="0,0,0" mass="1" elasticityCoef="1" ang="90,0,0" color="0,220,0" radius="0.5" length="4" />
		<capsule pos="21.849999999999994,22.0,41.4" vel="0,0,0" mass="1" elasticityCoef="1" ang="90,0,0" color="0,220,0" radius="0.5" length="4" />
		<capsule pos="21.849999999999994,27.5,-43.699999999999996" vel="0,0,0" mass="1" elasticityCoef="1" ang="90,0,0" color="0,220,0" radius="0.5" length="4" />
		<capsule pos="21.849999999999994,27.5,-41.4" vel="0,0,0" mass="1" elasticityCoef="1" ang="90,0,0" color="0,220,0" radius="0.5" length="4" />
		<capsule pos="21.849999999999994,27.5,-39.099999999999994" vel="0,0,0" mass="1" elasticityCoef="1" ang="90,0,0" color="0,220,0" radius="0.5" length="4" />
		<capsule pos="21.849999999999994,27.5,-36.8" vel="0,0,0" mass="1" elasticityCoef="1" ang="90,0,0" color="0,220,0" radius="0.5" length="4" />
		<capsule pos="21.849999999999994,27.5,-34.5" vel="0,0,0" mass="1" elasticityCoef="1" ang="90,0,0" color="0,220,0" radius="0.5" length="4" />
		<capsule pos="21.849999999999994,27.5,-32.199999999999996" vel="0,0,0" mass="1" elasticityCoef="1" ang="90,0,0" color="0,220,0" radius="0.5" length="4" />
		<capsule pos="21.849999999999994,27.5,-29.9" vel="0,0,0" mass="1" elasticityCoef="1" ang="90,0,0" color="0,220,0" radius="0.5" length="4" />
		<capsule pos="21.849999999999994,27.5,-27.599999999999998" vel="0,0,0" mass="1" elasticityCoef="1" ang="90,0,0" color="0,220,0" radius="0.5" length="4" />
		<capsule pos="21.849999999999994,27.5,-25.299999999999997" vel="0,0,0" mass="1" elasticityCoef="1" ang="90,0,0" color="0,220,0" radius="0.5" length="4" />
		<capsule pos="21.849999999999994,27.5,-22.999999999999996" vel="0,0,0" mass="1" elasticityCoef="1" ang="90,0,0" color="0,220,0" radius="0.5" length="4" />
		<capsule pos="21.849999999999994,27.5,-20.699999999999996" vel="0,0,0" mass="1" elasticityCoef="1" ang="90,0,0" color="0,220,0" radius="0.5" length="4" />
		<capsule pos="21.849999999999994,27.5,-18.4" vel="0,0,0" mass="1" elasticityCoef="1" ang="90,0,0" color="0,220,0" radius="0.5" length="4" />
		<capsule pos="21.849999999999994,27.5,-16.099999999999998" vel="0,0,0" mass="1" elasticityCoef="1" ang="90,0,0" color="0,220,0" radius="0.5" length="4" />
		<capsule pos="21.849999999999994,27.5,-13.799999999999997" vel="0,0,0" mass="1" elasticityCoef="1" ang="90,0,0" color="0,220,0" radius="0.5" length="4" />
		<capsule pos="21.849999999999994,27.5,-11.5" vel="0,0,0" mass="1" elasticityCoef="1" ang="90,0,0" color="0,220,0" radius="0.5" length="4" />
		<capsule pos="21.849999999999994,27.5,-9.199999999999996" vel="0,0,0" mass="1" elasticityCoef="1" ang="90,0,0" color="0,220,0" radius="0.5" length="4" />
		<capsule pos="21.849999999999994,27.5,-6.899999999999999" vel="0,0,0" mass="1" elasticityCoef="1" ang="90,0,0" color="0,220,0" radius="0.5" length="4" />
		<capsule pos="21.849999999999994,27.5,-4.600000000000001" vel="0,0,0" mass="1" elasticityCoef="1" ang="90,0,0" color="0,220,0" radius="0.5" length="4" />
		<capsule pos="21.849999999999994,27.5,-2.299999999999997" vel="0,0,0" mass="1" elasticityCoef="1" ang="90,0,0" color="0,220,0" radius="0.5" length="4" />
		<capsule pos="21.849999999999994,27.5,0.0" vel="0,0,0" mass="1" elasticityCoef="1" ang="90,0,0" color="0,220,0" radius="0.5" length="4" />
		<capsule pos="21.849999999999994,27.5,2.3000000000000043" vel="0,0,0" mass="1" elasticityCoef="1" ang="90,0,0" color="0,220,0" radius="0.5" length="4" />
		<capsule pos="21.849999999999994,27.5,4.600000000000001" vel="0,0,0" mass="1" elasticityCoef="1" ang="90,0,0" color="0,220,0" radius="0.5" length="4" />
		<capsule pos="21.849999999999994,27.5,6.899999999999999" vel="0,0,0" mass="1" elasticityCoef="1" ang="90,0,0" color="0,220,0" radius="0.5" length="4" />
		<capsule pos="21.849999999999994,27.5,9.200000000000003" vel="0,0,0" mass="1" elasticityCoef="1" ang="90,0,0" color="0,220,0" radius="0.5" length="4" />
		<capsule pos="21.849999999999994,27.5,11.5" vel="0,0,0" mass="1" elasticityCoef="1" ang="90,0,0" color="0,220,0" radius="0.5" length="4" />
		<capsule pos="21.849999999999994,27.5,13.799999999999997" vel="0,0,0" mass="1" elasticityCoef="1" ang="90,0,0" color="0,220,0" radius="0.5" length="4" />
		<capsule pos="21.849999999999994,27.5,16.1" vel="0,0,0" mass="1" elasticityCoef="1" ang="90,0,0" color="0,220,0" radius="0.5" length="4" />
		<capsule pos="21.849999999999994,27.5,18.4" vel="0,0,0" mass="1" elasticityCoef="1" ang="90,0,0" color="0,220,0" radius="0.5" length="4" />
		<capsule pos="21.849999999999994,27.5,20.699999999999996" vel="0,0,0" mass="1" elasticityCoef="1" ang="90,0,0" color="0,220,0" radius="0.5" length="4" />
		<capsule pos="21.849999999999994,27.5,22.999999999999993" vel="0,0,0" mass="1" elasticityCoef="1" ang="90,0,0" color="0,220,0" radius="0.5" length="4" />
		<capsule pos="21.849999999999994,27.5,25.300000000000004" vel="0,0,0" mass="1" elasticityCoef="1" ang="90,0,0" color="0,220,0" radius="0.5" length="4" />
		<capsule pos="21.849999999999994,27.5,27.6" vel="0,0,0" mass="1" elasticityCoef="1" ang="90,0,0" color="0,220,0" radius="0.5" length="4" />
		<capsule pos="21.849999999999994,27.5,29.9" vel="0,0,0" mass="1" elasticityCoef="1" ang="90,0,0" color="0,220,0" radius="0.5" length="4" />
		<capsule pos="21.849999999999994,27.5,32.199999999999996" vel="0,0,0" mass="1" elasticityCoef="1" ang="90,0,0" color="0,220,0" radius="0.5" length="4" />
		<capsule pos="21.849999999999994,27.5,34.49999999999999" vel="0,0,0" mass="1" elasticityCoef="1" ang="90,0,0" color="0,220,0" radius="0.5" length="4" />
		<capsule pos="21.849999999999994,27.5,36.800000000000004" vel="0,0,0" mass="1" elasticityCoef="1" ang="90,0,0" color="0,220,0" radius="0.5" length="4" />
		<capsule pos="21.849999999999994,27.5,39.1" vel="0,0,0" mass="1" elasticityCoef="1" ang="90,0,0" color="0,220,0" radius="0.5" length="4" />
		<capsule pos="21.849999999999994,27.5,41.4" vel="0,0,0" mass="1" elasticityCoef="1" ang="90,0,0" color="0,220,0" radius="0.5" length="4" />
		<capsule pos="21.849999999999994,33.0,-43.699999999999996" vel="0,0,0" mass="1" elasticityCoef="1" ang="90,0,0" color="0,220,0" radius="0.5" length="4" />
		<capsule pos="21.849999999999994,33.0,-41.4" vel="0,0,0" mass="1" elasticityCoef="1" ang="90,0,0" color="0,220,0" radius="0.5" length="4" />
		<capsule pos="21.849999999999994,33.0,-39.099999999999994" vel="0,0,0" mass="1" elasticityCoef="1" ang="90,0,0" color="0,220,0" radius="0.5" length="4" />
		<capsule pos="21.849999999999994,33.0,-36.8" vel="0,0,0" mass="1" elasticityCoef="1" ang="90,0,0" color="0,220,0" radius="0.5" length="4" />
		<capsule pos="21.849999999999994,33.0,-34.5" vel="0,0,0" mass="1" elasticityCoef="1" ang="90,0,0" color="0,220,0" radius="0.5" length="4" />
		<capsule pos="21.849999999999994,33.0,-32.199999999999996" vel="0,0,0" mass="1" elasticityCoef="1" ang="90,0,0" color="0,220,0" radius="0.5" length="4" />
		<capsule pos="21.849999999999994,33.0,-29.9" vel="0,0,0" mass="1" elasticityCoef="1" ang="90,0,0" color="0,220,0" radius="0.5" length="4" />
		<capsule pos="21.849999999999994,33.0,-27.599999999999998" vel="0,0,0" mass="1" elasticityCoef="1" ang="90,0,0" color="0,220,0" radius="0.5" length="4" />
		<capsule pos="21.849999999999994,33.0,-25.299999999999997" vel="0,0,0" mass="1" elasticityCoef="1" ang="90,0,0" color="0,220,0" radius="0.5" length="4" />
		<capsule pos="21.849999999999994,33.0,-22.999999999999996" vel="0,0,0" mass="1" elasticityCoef="1" ang="90,0,0" color="0,220,0" radius="0.5" length="4" />
		<capsule pos="21.849999999999994,33.0,-20.699999999999996" vel="0,0,0" mass="1" elasticityCoef="1" ang="90,0,0" color="0,220,0" radius="0.5" length="4" />
		<capsule pos="21.849999999999994,33.0,-18.4" vel="0,0,0" mass="1" elasticityCoef="1" ang="90,0,0" color="0,220,0" radius="0.5" length="4" />
		<capsule pos="21.849999999999994,33.0,-16.099999999999998" vel="0,0,0" mass="1" elasticityCoef="1" ang="90,0,0" color="0,220,0" radius="0.5" length="4" />
		<capsule pos="21.849999999999994,33.0,-13.799999999999997" vel="0,0,0" mass="1" elasticityCoef="1" ang="90,0,0" color="0,220,0" radius="0.5" length="4" />
		<capsule pos="21.849999999999994,33.0,-11.5" vel="0,0,0" mass="1" elasticityCoef="1" ang="90,0,0" color="0,220,0" radius="0.5" length="4" />
		<capsule pos="21.849999999999994,33.0,-9.199999999999996" vel="0,0,0" mass="1" elasticityCoef="1" ang="90,0,0" color="0,220,0" radius="0.5" length="4" />
		<capsule pos="21.849999999999994,33.0,-6.899999999999999" vel="0,0,0" mass="1" elasticityCoef="1" ang="90,0,0" color="0,220,0" radius="0.5" length="4" />
		<capsule pos="21.849999999999994,33.0,-4.600000000000001" vel="0,0,0" mass="1" elasticityCoef="1" ang="90,0,0" color="0,220,0" radius="0.5" length="4" />
		<capsule pos="21.849999999999994,33.0,-2.299999999999997" vel="0,0,0" mass="1" elasticityCoef="1" ang="90,0,0" color="0,220,0" radius="0.5" length="4" />
		<capsule pos="21.849999999999994,33.0,0.0" vel="0,0,0" mass="1" elasticityCoef="1" ang="90,0,0" color="0,220,0" radius="0.5" length="4" />
		<capsule pos="21.849999999999994,33.0,2.3000000000000043" vel="0,0,0" mass="1" elasticityCoef="1" ang="90,0,0" color="0,220,0" radius="0.5" length="4" />
		<capsule pos="21.849999999999994,33.0,4.600000000000001" vel="0,0,0" mass="1" elasticityCoef="1" ang="90,0,0" color="0,220,0" radius="0.5" length="4" />
		<capsule pos="21.849999999999994,33.0,6.899999999999999" vel="0,0,0" mass="1" elasticityCoef="1" ang="90,0,0" color="0,220,0" radius="0.5" length="4" />
		<capsule pos="21.849999999999994,33.0,9.200000000000003" vel="0,0,0" mass="1" elasticityCoef="1" ang="90,0,0" color="0,220,0" radius="0.5" length="4" />
		<capsule pos="21.849999999999994,33.0,11.5" vel="0,0,0" mass="1" elasticityCoef="1" ang="90,0,0" color="0,220,0" radius="0.5" length="4" />
		<capsule pos="21.849999999999994,33.0,13.799999999999997" vel="0,0,0" mass="1" elasticityCoef="1" ang="90,0,0" color="0,220,0" radius="0.5" length="4" />
		<capsule pos="21.849999999999994,33.0,16.1" vel="0,0,0" mass="1" elasticityCoef="1" ang="90,0,0" color="0,220,0" radius="0.5" length="4" />
		<capsule pos="21.849999999999994,33.0,18.4" vel="0,0,0" mass="1" elasticityCoef="1" ang="90,0,0" color="0,220,0" radius="0.5" length="4" />
		<capsule pos="21.849999999999994,33.0,20.699999999999996" vel="0,0,0" mass="1" elasticityCoef="1" ang="90,0,0" color="0,220,0" radius="0.5" length="4" />
		<capsule pos="21.849999999999994,33.0,22.999999999999993" vel="0,0,0" mass="1" elasticityCoef="1" ang="90,0,0" color="0,220,0" radius="0.5" length="4" />
		<capsule pos="21.849999999999994,33.0,25.300000000000004" vel="0,0,0" mass="1" elasticityCoef="1" ang="90,0,0" color="0,220,0" radius="0.5" length="4" />
		<capsule pos="21.849999999999994,33.0,27.6" vel="0,0,0" mass="1" elasticityCoef="1" ang="90,0,0" color="0,220,0" radius="0.5" length="4" />
		<capsule pos="21.849999999999994,33.0,29.9" vel="0,0,0" mass="1" elasticityCoef="1" ang="90,0,0" color="0,220,0" radius="0.5" length="4" />
		<capsule pos="21.849999999999994,33.0,32.199999999999996" vel="0,0,0" mass="1" elasticityCoef="1" ang="90,0,0" color="0,220,0" radius="0.5" length="4" />
		<capsule pos="21.849999999999994,33.0,34.49999999999999" vel="0,0,0" mass="1" elasticityCoef="1" ang="90,0,0" color="0,220,0" radius="0.5" length="4" />
		<capsule pos="21.849999999999994,33.0,36.800000000000004" vel="0,0,0" mass="1" elasticityCoef="1" ang="90,0,0" color="0,220,0" radius="0.5" length="4" />
		<capsule pos="21.849999999999994,33.0,39.1" vel="0,0,0" mass="1" elasticityCoef="1" ang="90,0,0" color="0,220,0" radius="0.5" length="4" />
		<capsule pos="21.849999999999994,33.0,41.4" vel="0,0,0" mass="1" elasticityCoef="1" ang="90,0,0" color="0,220,0" radius="0.5" length="4" />
		<capsule pos="21.849999999999994,38.5,-43.699999999999996" vel="0,0,0" mass="1" elasticityCoef="1" ang="90,0,0" color="0,220,0" radius="0.5" length="4" />
		<capsule pos="21.849999999999994,38.5,-41.4" vel="0,0,0" mass="1" elasticityCoef="1" ang="90,0,0" color="0,220,0" radius="0.5" length="4" />
		<capsule pos="21.849999999999994,38.5,-39.099999999999994" vel="0,0,0" mass="1" elasticityCoef="1" ang="90,0,0" color="0,220,0" radius="0.5" length="4" />
		<capsule pos="21.849999999999994,38.5,-36.8" vel="0,0,0" mass="1" elasticityCoef="1" ang="90,0,0" color="0,220,0" radius="0.5" length="4" />
		<capsule pos="21.849999999999994,38.5,-34.5" vel="0,0,0" mass="1" elasticityCoef="1" ang="90,0,0" color="0,220,0" radius="0.5" length="4" />
		<capsule pos="21.849999999999994,38.5,-32.199999999999996" vel="0,0,0" mass="1" elasticityCoef="1" ang="90,0,0" color="0,220,0" radius="0.5" length="4" />
		<capsule pos="21.849999999999994,38.5,-29.9" vel="0,0,0" mass="1" elasticityCoef="1" ang="90,0,0" color="0,220,0" radius="0.5" length="4" />
		<capsule pos="21.849999999999994,38.5,-27.599999999999998" vel="0,0,0" mass="1" elasticityCoef="1" ang="90,0,0" color="0,220,0" radius="0.5" length="4" />
		<capsule pos="21.849999999999994,38.5,-25.299999999999997" vel="0,0,0" mass="1" elasticityCoef="1" ang="90,0,0" color="0,220,0" radius="0.5" length="4" />
		<capsule pos="21.849999999999994,38.5,-22.999999999999996" vel="0,0,0" mass="1" elasticityCoef="1" ang="90,0,0" color="0,220,0" radius="0.5" length="4" />
		<capsule pos="21.849999999999994,38.5,-20.699999999999996" vel="0,0,0" mass="1" elasticityCoef="1" ang="90,0,0" color="0,220,0" radius="0.5" length="4" />
		<capsule pos="21.849999999999994,38.5,-18.4" vel="0,0,0" mass="1" elasticityCoef="1" ang="90,0,0" color="0,220,0" radius="0.5" length="4" />
		<capsule pos="21.849999999999994,38.5,-16.099999999999998" vel="0,0,0" mass="1" elasticityCoef="1" ang="90,0,0" color="0,220,0" radius="0.5" length="4" />
		<capsule pos="21.849999999999994,38.5,-13.799999999999997" vel="0,0,0" mass="1" elasticityCoef="1" ang="90,0,0" color="0,220,0" radius="0.5" length="4" />
		<capsule pos="21.849999999999994,38.5,-11.5" vel="0,0,0" mass="1" elasticityCoef="1" ang="90,0,0" color="0,220,0" radius="0.5" length="4" />
		<capsule pos="21.849999999999994,38.5,-9.199999999999996" vel="0,0,0" mass="1" elasticityCoef="1" ang="90,0,0" color="0,220,0" radius="0.5" length="4" />
		<capsule pos="21.849999999999994,38.5,-6.899999999999999" vel="0,0,0" mass="1" elasticityCoef="1" ang="90,0,0" color="0,220,0" radius="0.5" length="4" />
		<capsule pos="21.849999999999994,38.5,-4.600000000000001" vel="0,0,0" mass="1" elasticityCoef="1" ang="90,0,0" color="0,220,0" radius="0.5" length="4" />
		<capsule pos="21.849999999999994,38.5,-2.299999999999997" vel="0,0,0" mass="1" elasticityCoef="1" ang="90,0,0" color="0,220,0" radius="0.5" length="4" />
		<capsule pos="21.849999999999994,38.5,0.0" vel="0,0,0" mass="1" elasticityCoef="1" ang="90,0,0" color="0,220,0" radius="0.5" length="4" />
		<capsule pos="21.849999999999994,38.5,2.3000000000000043" vel="0,0,0" mass="1" elasticityCoef="1" ang="90,0,0" color="0,220,0" radius="0.5" length="4" />
		<capsule pos="21.849999999999994,38.5,4.600000000000001" vel="0,0,0" mass="1" elasticityCoef="1" ang="90,0,0" color="0,220,0" radius="0.5" length="4" />
		<capsule pos="21.849999999999994,38.5,6.899999999999999" vel="0,0,0" mass="1" elasticityCoef="1" ang="90,0,0" color="0,220,0" radius="0.5" length="4" />
		<capsule pos="21.849999999999994,38.5,9.200000000000003" vel="0,0,0" mass="1" elasticityCoef="1" ang="90,0,0" color="0,220,0" radius="0.5" length="4" />
		<capsule pos="21.849999999999994,38.5,11.5" vel="0,0,0" mass="1" elasticityCoef="1" ang="90,0,0" color="0,220,0" radius="0.5" length="4" />
		<capsule pos="21.849999999999994,38.5,13.799999999999997" vel="0,0,0" mass="1" elasticityCoef="1" ang="90,0,0" color="0,220,0" radius="0.5" length="4" />
		<capsule pos="21.849999999999994,38.5,16.1" vel="0,0,0" mass="1" elasticityCoef="1" ang="90,0,0" color="0,220,0" radius="0.5" length="4" />
		<capsule pos="21.849999999999994,38.5,18.4" vel="0,0,0" mass="1" elasticityCoef="1" ang="90,0,0" color="0,220,0" radius="0.5" length="4" />
		<capsule pos="21.849999999999994,38.5,20.699999999999996" vel="0,0,0" mass="1" elasticityCoef="1" ang="90,0,0" color="0,220,0" radius="0.5" length="4" />
		<capsule pos="21.849999999999994,38.5,22.999999999999993" vel="0,0,0" mass="1" elasticityCoef="1" ang="90,0,0" color="0,220,0" radius="0.5" length="4" />
		<capsule pos="21.849999999999994,38.5,25.300000000000004" vel="0,0,0" mass="1" elasticityCoef="1" ang="90,0,0" color="0,220,0" radius="0.5" length="4" />
		<capsule pos="21.849999999999994,38.5,27.6" vel="0,0,0" mass="1" elasticityCoef="1" ang="90,0,0" color="0,220,0" radius="0.5" length="4" />
		<capsule pos="21.849999999999994,38.5,29.9" vel="0,0,0" mass="1" elasticityCoef="1" ang="90,0,0" color="0,220,0" radius="0.5" length="4" />
		<capsule pos="21.849999999999994,38.5,32.199999999999996" vel="0,0,0" mass="1" elasticityCoef="1" ang="90,0,0" color="0,220,0" radius="0.5" length="4" />
		<capsule pos="21.849999999999994,38.5,34.49999999999999" vel="0,0,0" mass="1" elasticityCoef="1" ang="90,0,0" color="0,220,0" radius="0.5" length="4" />
		<capsule pos="21.849999999999994,38.5,36.800000000000004" vel="0,0,0" mass="1" elasticityCoef="1" ang="90,0,0" color="0,220,0" radius="0.5" length="4" />
		<capsule pos="21.849999999999994,38.5,39.1" vel="0,0,0" mass="1" elasticityCoef="1" ang="90,0,0" color="0,220,0" radius="0.5" length="4" />
		<capsule pos="21.849999999999994,38.5,41.4" vel="0,0,0" mass="1" elasticityCoef="1" ang="90,0,0" color="0,220,0" radius="0.5" length="4" />
		<capsule pos="21.849999999999994,44.0,-43.699999999999996" vel="0,0,0" mass="1" elasticityCoef="1" ang="90,0,0" color="0,220,0" radius="0.5" length="4" />
		<capsule pos="21.849999999999994,44.0,-41.4" vel="0,0,0" mass="1" elasticityCoef="1" ang="90,0,0" color="0,220,0" radius="0.5" length="4" />
		<capsule pos="21.849999999999994,44.0,-39.099999999999994" vel="0,0,0" mass="1" elasticityCoef="1" ang="90,0,0" color="0,220,0" radius="0.5" length="4" />
		<capsule pos="21.849999999999994,44.0,-36.8" vel="0,0,0" mass="1" elasticityCoef="1" ang="90,0,0" color="0,220,0" radius="0.5" length="4" />
		<capsule pos="21.849999999999994,44.0,-34.5" vel="0,0,0" mass="1" elasticityCoef="1" ang="90,0,0" color="0,220,0" radius="0.5" length="4" />
		<capsule pos="21.849999999999994,44.0,-32.199999999999996" vel="0,0,0" mass="1" elasticityCoef="1" ang="90,0,0" color="0,220,0" radius="0.5" length="4" />
		<capsule pos="21.849999999999994,44.0,-29.9" vel="0,0,0" mass="1" elasticityCoef="1" ang="90,0,0" color="0,220,0" radius="0.5" length="4" />
		<capsule pos="21.849999999999994,44.0,-27.599999999999998" vel="0,0,0" mass="1" elasticityCoef="1" ang="90,0,0" color="0,220,0" radius="0.5" length="4" />
		<capsule pos="21.849999999999994,44.0,-25.299999999999997" vel="0,0,0" mass="1" elasticityCoef="1" ang="90,0,0" color="0,220,0" radius="0.5" length="4" />
		<capsule pos="21.849999999999994,44.0,-22.999999999999996" vel="0,0,0" mass="1" elasticityCoef="1" ang="90,0,0" color="0,220,0" radius="0.5" length="4" />
		<capsule pos="21.849999999999994,44.0,-20.699999999999996" vel="0,0,0" mass="1" elasticityCoef="1" ang="90,0,0" color="0,220,0" radius="0.5" length="4" />
		<capsule pos="21.849999999999994,44.0,-18.4" vel="0,0,0" mass="1" elasticityCoef="1" ang="90,0,0" color="0,220,0" radius="0.5" length="4" />
		<capsule pos="21.849999999999994,44.0,-16.099999999999998" vel="0,0,0" mass="1" elasticityCoef="1" ang="90,0,0" color="0,220,0" radius="0.5" length="4" />
		<capsule pos="21.849999999999994,44.0,-13.799999999999997" vel="0,0,0" mass="1" elasticityCoef="1" ang="90,0,0" color="0,220,0" radius="0.5" length="4" />
		<capsule pos="21.849999999999994,44.0,-11.5" vel="0,0,0" mass="1" elasticityCoef="1" ang="90,0,0" color="0,220,0" radius="0.5" length="4" />
		<capsule pos="21.849999999999994,44.0,-9.199999999999996" vel="0,0,0" mass="1" elasticityCoef="1" ang="90,0,0" color="0,220,0" radius="0.5" length="4" />
		<capsule pos="21.849999999999994,44.0,-6.899999999999999" vel="0,0,0" mass="1" elasticityCoef="1" ang="90,0,0" color="0,220,0" radius="0.5" length="4" />
		<capsule pos="21.849999999999994,44.0,-4.600000000000001" vel="0,0,0" mass="1" elasticityCoef="1" ang="90,0,0" color="0,220,0" radius="0.5" length="4" />
		<capsule pos="21.849999999999994,44.0,-2.299999999999997" vel="0,0,0" mass="1" elasticityCoef="1" ang="90,0,0" color="0,220,0" radius="0.5" length="4" />
		<capsule pos="21.849999999999994,44.0,0.0" vel="0,0,0" mass="1" elasticityCoef="1" ang="90,0,0" color="0,220,0" radius="0.5" length="4" />
		<capsule pos="21.849999999999994,44.0,2.3000000000000043" vel="0,0,0" mass="1" elasticityCoef="1" ang="90,0,0" color="0,220,0" radius="0.5" length="4" />
		<capsule pos="21.849999999999994,44.0,4.600000000000001" vel="0,0,0" mass="1" elasticityCoef="1" ang="90,0,0" color="0,220,0" radius="0.5" length="4" />
		<capsule pos="21.849999999999994,44.0,6.899999999999999" vel="0,0,0" mass="1" elasticityCoef="1" ang="90,0,0" color="0,220,0" radius="0.5" length="4" />
		<capsule pos="21.849999999999994,44.0,9.200000000000003" vel="0,0,0" mass="1" elasticityCoef="1" ang="90,0,0" color="0,220,0" radius="0.5" length="4" />
		<capsule pos="21.849999999999994,44.0,11.5" vel="0,0,0" mass="1" elasticityCoef="1" ang="90,0,0" color="0,220,0" radius="0.5" length="4" />
		<capsule pos="21.849999999999994,44.0,13.799999999999997" vel="0,0,0" mass="1" elasticityCoef="1" ang="90,0,0" color="0,220,0" radius="0.5" length="4" />
		<capsule pos="21.849999999999994,44.0,16.1" vel="0,0,0" mass="1" elasticityCoef="1" ang="90,0,0" color="0,220,0" radius="0.5" length="4" />
		<capsule pos="21.849999999999994,44.0,18.4" vel="0,0,0" mass="1" elasticityCoef="1" ang="90,0,0" color="0,220,0" radius="0.5" length="4" />
		<capsule pos="21.849999999999994,44.0,20.699999999999996" vel="0,0,0" mass="1" elasticityCoef="1" ang="90,0,0" color="0,220,0" radius="0.5" length="4" />
		<capsule pos="21.849999999999994,44.0,22.999999999999993" vel="0,0,0" mass="1" elasticityCoef="1" ang="90,0,0" color="0,220,0" radius="0.5" length="4" />
		<capsule pos="21.849999999999994,44.0,25.300000000000004" vel="0,0,0" mass="1" elasticityCoef="1" ang="90,0,0" color="0,220,0" radius="0.5" length="4" />
		<capsule pos="21.849999999999994,44.0,27.6" vel="0,0,0" mass="1" elasticityCoef="1" ang="90,0,0" color="0,220,0" radius="0.5" length="4" />
		<capsule pos="21.849999999999994,44.0,29.9" vel="0,0,0" mass="1" elasticityCoef="1" ang="90,0,0" color="0,220,0" radius="0.5" length="4" />
		<capsule pos="21.849999999999994,44.0,32.199999999999996" vel="0,0,0" mass="1" elasticityCoef="1" ang="90,0,0" color="0,220,0" radius="0.5" length="4" />
		<capsule pos="21.849999999999994,44.0,34.49999999999999" vel="0,0,0" mass="1" elasticityCoef="1" ang="90,0,0" color="0,220,0" radius="0.5" length="4" />
		<capsule pos="21.849999999999994,44.0,36.800000000000004" vel="0,0,0" mass="1" elasticityCoef="1" ang="90,0,0" color="0,220,0" radius="0.5" length="4" />
		<capsule pos="21.849999999999994,44.0,39.1" vel="0,0,0" mass="1" elasticityCoef="1" ang="90,0,0" color="0,220,0" radius="0.5" length="4" />
		<capsule pos="21.849999999999994,44.0,41.4" vel="0,0,0" mass="1" elasticityCoef="1" ang="90,0,0" color="0,220,0" radius="0.5" length="4" />
		<capsule pos="24.14999999999999,-49.5,-43.699999999999996" vel="0,0,0" mass="1" elasticityCoef="1" ang="90,0,0" color="0,220,0" radius="0.5" length="4" />
		<capsule pos="24.14999999999999,-49.5,-41.4" vel="0,0,0" mass="1" elasticityCoef="1" ang="90,0,0" color="0,220,0" radius="0.5" length="4" />
		<capsule pos="24.14999999999999,-49.5,-39.099999999999994" vel="0,0,0" mass="1" elasticityCoef="1" ang="90,0,0" color="0,220,0" radius="0.5" length="4" />
		<capsule pos="24.14999999999999,-49.5,-36.8" vel="0,0,0" mass="1" elasticityCoef="1" ang="90,0,0" color="0,220,0" radius="0.5" length="4" />
		<capsule pos="24.14999999999999,-49.5,-34.5" vel="0,0,0" mass="1" elasticityCoef="1" ang="90,0,0" color="0,220,0" radius="0.5" length="4" />
		<capsule pos="24.14999999999999,-49.5,-32.199999999999996" vel="0,0,0" mass="1" elasticityCoef="1" ang="90,0,0" color="0,220,0" radius="0.5" length="4" />
		<capsule pos="24.14999999999999,-49.5,-29.9" vel="0,0,0" mass="1" elasticityCoef="1" ang="90,0,0" color="0,220,0" radius="0.5" length="4" />
		<capsule pos="24.14999999999999,-49.5,-27.599999999999998" vel="0,0,0" mass="1" elasticityCoef="1" ang="90,0,0" color="0,220,0" radius="0.5" length="4" />
		<capsule pos="24.14999999999999,-49.5,-25.299999999999997" vel="0,0,0" mass="1" elasticityCoef="1" ang="90,0,0" color="0,220,0" radius="0.5" length="4" />
		<capsule pos="24.14999999999999,-49.5,-22.999999999999996" vel="0,0,0" mass="1" elasticityCoef="1" ang="90,0,0" color="0,220,0" radius="0.5" length="4" />
		<capsule pos="24.14999999999999,-49.5,-20.699999999999996" vel="0,0,0" mass="1" elasticityCoef="1" ang="90,0,0" color="0,220,0" radius="0.5" length="4" />
		<capsule pos="24.14999999999999,-49.5,-18.4" vel="0,0,0" mass="1" elasticityCoef="1" ang="90,0,0" color="0,220,0" radius="0.5" length="4" />
		<capsule pos="24.14999999999999,-49.5,-16.099999999999998" vel="0,0,0" mass="1" elasticityCoef="1" ang="90,0,0" color="0,220,0" radius="0.5" length="4" />
		<capsule pos="24.14999999999999,-49.5,-13.799999999999997" vel="0,0,0" mass="1" elasticityCoef="1" ang="90,0,0" color="0,220,0" radius="0.5" length="4" />
		<capsule pos="24.14999999999999,-49.5,-11.5" vel="0,0,0" mass="1" elasticityCoef="1" ang="90,0,0" color="0,220,0" radius="0.5" length="4" />
		<capsule pos="24.14999999999999,-49.5,-9.199999999999996" vel="0,0,0" mass="1" elasticityCoef="1" ang="90,0,0" color="0,220,0" radius="0.5" length="4" />
		<capsule pos="24.14999999999999,-49.5,-6.899999999999999" vel="0,0,0" mass="1" elasticityCoef="1" ang="90,0,0" color="0,220,0" radius="0.5" length="4" />
		<capsule pos="24.14999999999999,-49.5,-4.600000000000001" vel="0,0,0" mass="1" elasticityCoef="1" ang="90,0,0" color="0,220,0" radius="0.5" length="4" />
		<capsule pos="24.14999999999999,-49.5,-2.299999999999997" vel="0,0,0" mass="1" elasticityCoef="1" ang="90,0,0" color="0,220,0" radius="0.5" length="4" />
		<capsule pos="24.14999999999999,-49.5,0.0" vel="0,0,0" mass="1" elasticityCoef="1" ang="90,0,0" color="0,220,0" radius="0.5" length="4" />
		<capsule pos="24.14999999999999,-49.5,2.3000000000000043" vel="0,0,0" mass="1" elasticityCoef="1" ang="90,0,0" color="0,220,0" radius="0.5" length="4" />
		<capsule pos="24.14999999999999,-49.5,4.600000000000001" vel="0,0,0" mass="1" elasticityCoef="1" ang="90,0,0" color="0,220,0" radius="0.5" length="4" />
		<capsule pos="24.14999999999999,-49.5,6.899999999999999" vel="0,0,0" mass="1" elasticityCoef="1" ang="90,0,0" color="0,220,0" radius="0.5" length="4" />
		<capsule pos="24.14999999999999,-49.5,9.200000000000003" vel="0,0,0" mass="1" elasticityCoef="1" ang="90,0,0" color="0,220,0" radius="0.5" length="4" />
		<capsule pos="24.14999999999999,-49.5,11.5" vel="0,0,0" mass="1" elasticityCoef="1" ang="90,0,0" color="0,220,0" radius="0.5" length="4" />
		<capsule pos="24.14999999999999,-49.5,13.799999999999997" vel="0,0,0" mass="1" elasticityCoef="1" ang="90,0,0" color="0,220,0" radius="0.5" length="4" />
		<capsule pos="24.14999999999999,-49.5,16.1" vel="0,0,0" mass="1" elasticityCoef="1" ang="90,0,0" color="0,220,0" radius="0.5" length="4" />
		<capsule pos="24.14999999999999,-49.5,18.4" vel="0,0,0" mass="1" elasticityCoef="1" ang="90,0,0" color="0,220,0" radius="0.5" length="4" />
		<capsule pos="24.14999999999999,-49.5,20.699999999999996" vel="0,0,0" mass="1" elasticityCoef="1" ang="90,0,0" color="0,220,0" radius="0.5" length="4" />
		<capsule pos="24.14999999999999,-49.5,22.999999999999993" vel="0,0,0" mass="1" elasticityCoef="1" ang="90,0,0" color="0,220,0" radius="0.5" length="4" />
		<capsule pos="24.14999999999999,-49.5,25.300000000000004" vel="0,0,0" mass="1" elasticityCoef="1" ang="90,0,0" color="0,220,0" radius="0.5" length="4" />
		<capsule pos="24.14999999999999,-49.5,27.6" vel="0,0,0" mass="1" elasticityCoef="1" ang="90,0,0" color="0,220,0" radius="0.5" length="4" />
		<capsule pos="24.14999999999999,-49.5,29.9" vel="0,0,0" mass="1" elasticityCoef="1" ang="90,0,0" color="0,220,0" radius="0.5" length="4" />
		<capsule pos="24.14999999999999,-49.5,32.199999999999996" vel="0,0,0" mass="1" elasticityCoef="1" ang="90,0,0" color="0,220,0" radius="0.5" length="4" />
		<capsule pos="24.14999999999999,-49.5,34.49999999999999" vel="0,0,0" mass="1" elasticityCoef="1" ang="90,0,0" color="0,220,0" radius="0.5" length="4" />
		<capsule pos="24.14999999999999,-49.5,36.800000000000004" vel="0,0,0" mass="1" elasticityCoef="1" ang="90,0,0" color="0,220,0" radius="0.5" length="4" />
		<capsule pos="24.14999999999999,-49.5,39.1" vel="0,0,0" mass="1" elasticityCoef="1" ang="90,0,0" color="0,220,0" radius="0.5" length="4" />
		<capsule pos="24.14999999999999,-49.5,41.4" vel="0,0,0" mass="1" elasticityCoef="1" ang="90,0,0" color="0,220,0" radius="0.5" length="4" />
		<capsule pos="24.14999999999999,-44.0,-43.699999999999996" vel="0,0,0" mass="1" elasticityCoef="1" ang="90,0,0" color="0,220,0" radius="0.5" length="4" />
		<capsule pos="24.14999999999999,-44.0,-41.4" vel="0,0,0" mass="1" elasticityCoef="1" ang="90,0,0" color="0,220,0" radius="0.5" length="4" />
		<capsule pos="24.14999999999999,-44.0,-39.099999999999994" vel="0,0,0" mass="1" elasticityCoef="1" ang="90,0,0" color="0,220,0" radius="0.5" length="4" />
		<capsule pos="24.14999999999999,-44.0,-36.8" vel="0,0,0" mass="1" elasticityCoef="1" ang="90,0,0" color="0,220,0" radius="0.5" length="4" />
		<capsule pos="24.14999999999999,-44.0,-34.5" vel="0,0,0" mass="1" elasticityCoef="1" ang="90,0,0" color="0,220,0" radius="0.5" length="4" />
		<capsule pos="24.14999999999999,-44.0,-32.199999999999996" vel="0,0,0" mass="1" elasticityCoef="1" ang="90,0,0" color="0,220,0" radius="0.5" length="4" />
		<capsule pos="24.14999999999999,-44.0,-29.9" vel="0,0,0" mass="1" elasticityCoef="1" ang="90,0,0" color="0,220,0" radius="0.5" length="4" />
		<capsule pos="24.14999999999999,-44.0,-27.599999999999998" vel="0,0,0" mass="1" elasticityCoef="1" ang="90,0,0" color="0,220,0" radius="0.5" length="4" />
		<capsule pos="24.14999999999999,-44.0,-25.299999999999997" vel="0,0,0" mass="1" elasticityCoef="1" ang="90,0,0" color="0,220,0" radius="0.5" length="4" />
		<capsule pos="24.14999999999999,-44.0,-22.999999999999996" vel="0,0,0" mass="1" elasticityCoef="1" ang="90,0,0" color="0,220,0" radius="0.5" length="4" />
		<capsule pos="24.14999999999999,-44.0,-20.699999999999996" vel="0,0,0" mass="1" elasticityCoef="1" ang="90,0,0" color="0,220,0" radius="0.5" length="4" />
		<capsule pos="24.14999999999999,-44.0,-18.4" vel="0,0,0" mass="1" elasticityCoef="1" ang="90,0,0" color="0,220,0" radius="0.5" length="4" />
		<capsule pos="24.14999999999999,-44.0,-16.099999999999998" vel="0,0,0" mass="1" elasticityCoef="1" ang="90,0,0" color="0,220,0" radius="0.5" length="4" />
		<capsule pos="24.14999999999999,-44.0,-13.799999999999997" vel="0,0,0" mass="1" elasticityCoef="1" ang="90,0,0" color="0,220,0" radius="0.5" length="4" />
		<capsule pos="24.14999999999999,-44.0,-11.5" vel="0,0,0" mass="1" elasticityCoef="1" ang="90,0,0" color="0,220,0" radius="0.5" length="4" />
		<capsule pos="24.14999999999999,-44.0,-9.199999999999996" vel="0,0,0" mass="1" elasticityCoef="1" ang="90,0,0" color="0,220,0" radius="0.5" length="4" />
		<capsule pos="24.14999999999999,-44.0,-6.899999999999999" vel="0,0,0" mass="1" elasticityCoef="1" ang="90,0,0" color="0,220,0" radius="0.5" length="4" />
		<capsule pos="24.14999999999999,-44.0,-4.600000000000001" vel="0,0,0" mass="1" elasticityCoef="1" ang="90,0,0" color="0,220,0" radius="0.5" length="4" />
		<capsule pos="24.14999999999999,-44.0,-2.299999999999997" vel="0,0,0" mass="1" elasticityCoef="1" ang="90,0,0" color="0,220,0" radius="0.5" length="4" />
		<capsule pos="24.14999999999999,-44.0,0.0" vel="0,0,0" mass="1" elasticityCoef="1" ang="90,0,0" color="0,220,0" radius="0.5" length="4" />
		<capsule pos="24.14999999999999,-44.0,2.3000000000000043" vel="0,0,0" mass="1" elasticityCoef="1" ang="90,0,0" color="0,220,0" radius="0.5" length="4" />
		<capsule pos="24.14999999999999,-44.0,4.600000000000001" vel="0,0,0" mass="1" elasticityCoef="1" ang="90,0,0" color="0,220,0" radius="0.5" length="4" />
		<capsule pos="24.14999999999999,-44.0,6.899999999999999" vel="0,0,0" mass="1" elasticityCoef="1" ang="90,0,0" color="0,220,0" radius="0.5" length="4" />
		<capsule pos="24.14999999999999,-44.0,9.200000000000003" vel="0,0,0" mass="1" elasticityCoef="1" ang="90,0,0" color="0,220,0" radius="0.5" length="4" />
		<capsule pos="24.14999999999999,-44.0,11.5" vel="0,0,0" mass="1" elasticityCoef="1" ang="90,0,0" color="0,220,0" radius="0.5" length="4" />
		<capsule pos="24.14999999999999,-44.0,13.799999999999997" vel="0,0,0" mass="1" elasticityCoef="1" ang="90,0,0" color="0,220,0" radius="0.5" length="4" />
		<capsule pos="24.14999999999999,-44.0,16.1" vel="0,0,0" mass="1" elasticityCoef="1" ang="90,0,0" color="0,220,0" radius="0.5" length="4" />
		<capsule pos="24.14999999999999,-44.0,18.4" vel="0,0,0" mass="1" elasticityCoef="1" ang="90,0,0" color="0,220,0" radius="0.5" length="4" />
		<capsule pos="24.14999999999999,-44.0,20.699999999999996" vel="0,0,0" mass="1" elasticityCoef="1" ang="90,0,0" color="0,220,0" radius="0.5" length="4" />
		<capsule pos="24.14999999999999,-44.0,22.999999999999993" vel="0,0,0" mass="1" elasticityCoef="1" ang="90,0,0" color="0,220,0" radius="0.5" length="4" />
		<capsule pos="24.14999999999999,-44.0,25.300000000000004" vel="0,0,0" mass="1" elasticityCoef="1" ang="90,0,0" color="0,220,0" radius="0.5" length="4" />
		<capsule pos="24.14999999999999,-44.0,27.6" vel="0,0,0" mass="1" elasticityCoef="1" ang="90,0,0" color="0,220,0" radius="0.5" length="4" />
		<capsule pos="24.14999999999999,-44.0,29.9" vel="0,0,0" mass="1" elasticityCoef="1" ang="90,0,0" color="0,220,0" radius="0.5" length="4" />
		<capsule pos="24.14999999999999,-44.0,32.199999999999996" vel="0,0,0" mass="1" elasticityCoef="1" ang="90,0,0" color="0,220,0" radius="0.5" length="4" />
		<capsule pos="24.14999999999999,-44.0,34.49999999999999" vel="0,0,0" mass="1" elasticityCoef="1" ang="90,0,0" color="0,220,0" radius="0.5" length="4" />
		<capsule pos="24.14999999999999,-44.0,36.800000000000004" vel="0,0,0" mass="1" elasticityCoef="1" ang="90,0,0" color="0,220,0" radius="0.5" length="4" />
		<capsule pos="24.14999999999999,-44.0,39.1" vel="0,0,0" mass="1" elasticityCoef="1" ang="90,0,0" color="0,220,0" radius="0.5" length="4" />
		<capsule pos="24.14999999999999,-44.0,41.4" vel="0,0,0" mass="1" elasticityCoef="1" ang="90,0,0" color="0,220,0" radius="0.5" length="4" />
		<capsule pos="24.14999999999999,-38.5,-43.699999999999996" vel="0,0,0" mass="1" elasticityCoef="1" ang="90,0,0" color="0,220,0" radius="0.5" length="4" />
		<capsule pos="24.14999999999999,-38.5,-41.4" vel="0,0,0" mass="1" elasticityCoef="1" ang="90,0,0" color="0,220,0" radius="0.5" length="4" />
		<capsule pos="24.14999999999999,-38.5,-39.099999999999994" vel="0,0,0" mass="1" elasticityCoef="1" ang="90,0,0" color="0,220,0" radius="0.5" length="4" />
		<capsule pos="24.14999999999999,-38.5,-36.8" vel="0,0,0" mass="1" elasticityCoef="1" ang="90,0,0" color="0,220,0" radius="0.5" length="4" />
		<capsule pos="24.14999999999999,-38.5,-34.5" vel="0,0,0" mass="1" elasticityCoef="1" ang="90,0,0" color="0,220,0" radius="0.5" length="4" />
		<capsule pos="24.14999999999999,-38.5,-32.199999999999996" vel="0,0,0" mass="1" elasticityCoef="1" ang="90,0,0" color="0,220,0" radius="0.5" length="4" />
		<capsule pos="24.14999999999999,-38.5,-29.9" vel="0,0,0" mass="1" elasticityCoef="1" ang="90,0,0" color="0,220,0" radius="0.5" length="4" />
		<capsule pos="24.14999999999999,-38.5,-27.599999999999998" vel="0,0,0" mass="1" elasticityCoef="1" ang="90,0,0" color="0,220,0" radius="0.5" length="4" />
		<capsule pos="24.14999999999999,-38.5,-25.299999999999997" vel="0,0,0" mass="1" elasticityCoef="1" ang="90,0,0" color="0,220,0" radius="0.5" length="4" />
		<capsule pos="24.14999999999999,-38.5,-22.999999999999996" vel="0,0,0" mass="1" elasticityCoef="1" ang="90,0,0" color="0,220,0" radius="0.5" length="4" />
		<capsule pos="24.14999999999999,-38.5,-20.699999999999996" vel="0,0,0" mass="1" elasticityCoef="1" ang="90,0,0" color="0,220,0" radius="0.5" length="4" />
		<capsule pos="24.14999999999999,-38.5,-18.4" vel="0,0,0" mass="1" elasticityCoef="1" ang="90,0,0" color="0,220,0" radius="0.5" length="4" />
		<capsule pos="24.14999999999999,-38.5,-16.099999999999998" vel="0,0,0" mass="1" elasticityCoef="1" ang="90,0,0" color="0,220,0" radius="0.5" length="4" />
		<capsule pos="24.14999999999999,-38.5,-13.799999999999997" vel="0,0,0" mass="1" elasticityCoef="1" ang="90,0,0" color="0,220,0" radius="0.5" length="4" />
		<capsule pos="24.14999999999999,-38.5,-11.5" vel="0,0,0" mass="1" elasticityCoef="1" ang="90,0,0" color="0,220,0" radius="0.5" length="4" />
		<capsule pos="24.14999999999999,-38.5,-9.199999999999996" vel="0,0,0" mass="1" elasticityCoef="1" ang="90,0,0" color="0,220,0" radius="0.5" length="4" />
		<capsule pos="24.14999999999999,-38.5,-6.899999999999999" vel="0,0,0" mass="1" elasticityCoef="1" ang="90,0,0" color="0,220,0" radius="0.5" length="4" />
		<capsule pos="24.14999999999999,-38.5,-4.600000000000001" vel="0,0,0" mass="1" elasticityCoef="1" ang="90,0,0" color="0,220,0" radius="0.5" length="4" />
		<capsule pos="24.14999999999999,-38.5,-2.299999999999997" vel="0,0,0" mass="1" elasticityCoef="1" ang="90,0,0" color="0,220,0" radius="0.5" length="4" />
		<capsule pos="24.14999999999999,-38.5,0.0" vel="0,0,0" mass="1" elasticityCoef="1" ang="90,0,0" color="0,220,0" radius="0.5" length="4" />
		<capsule pos="24.14999999999999,-38.5,2.3000000000000043" vel="0,0,0" mass="1" elasticityCoef="1" ang="90,0,0" color="0,220,0" radius="0.5" length="4" />
		<capsule pos="24.14999999999999,-38.5,4.600000000000001" vel="0,0,0" mass="1" elasticityCoef="1" ang="90,0,0" color="0,220,0" radius="0.5" length="4" />
		<capsule pos="24.14999999999999,-38.5,6.899999999999999" vel="0,0,0" mass="1" elasticityCoef="1" ang="90,0,0" color="0,220,0" radius="0.5" length="4" />
		<capsule pos="24.14999999999999,-38.5,9.200000000000003" vel="0,0,0" mass="1" elasticityCoef="1" ang="90,0,0" color="0,220,0" radius="0.5" length="4" />
		<capsule pos="24.14999999999999,-38.5,11.5" vel="0,0,0" mass="1" elasticityCoef="1" ang="90,0,0" color="0,220,0" radius="0.5" length="4" />
		<capsule pos="24.14999999999999,-38.5,13.799999999999997" vel="0,0,0" mass="1" elasticityCoef="1" ang="90,0,0" color="0,220,0" radius="0.5" length="4" />
		<capsule pos="24.14999999999999,-38.5,16.1" vel="0,0,0" mass="1" elasticityCoef="1" ang="90,0,0" color="0,220,0" radius="0.5" length="4" />
		<capsule pos="24.14999999999999,-38.5,18.4" vel="0,0,0" mass="1" elasticityCoef="1" ang="90,0,0" color="0,220,0" radius="0.5" length="4" />
		<capsule pos="24.14999999999999,-38.5,20.699999999999996" vel="0,0,0" mass="1" elasticityCoef="1" ang="90,0,0" color="0,220,0" radius="0.5" length="4" />
		<capsule pos="24.14999999999999,-38.5,22.999999999999993" vel="0,0,0" mass="1" elasticityCoef="1" ang="90,0,0" color="0,220,0" radius="0.5" length="4" />
		<capsule pos="24.14999999999999,-38.5,25.300000000000004" vel="0,0,0" mass="1" elasticityCoef="1" ang="90,0,0" color="0,220,0" radius="0.5" length="4" />
		<capsule pos="24.14999999999999,-38.5,27.6" vel="0,0,0" mass="1" elasticityCoef="1" ang="90,0,0" color="0,220,0" radius="0.5" length="4" />
		<capsule pos="24.14999999999999,-38.5,29.9" vel="0,0,0" mass="1" elasticityCoef="1" ang="90,0,0" color="0,220,0" radius="0.5" length="4" />
		<capsule pos="24.14999999999999,-38.5,32.199999999999996" vel="0,0,0" mass="1" elasticityCoef="1" ang="90,0,0" color="0,220,0" radius="0.5" length="4" />
		<capsule pos="24.14999999999999,-38.5,34.49999999999999" vel="0,0,0" mass="1" elasticityCoef="1" ang="90,0,0" color="0,220,0" radius="0.5" length="4" />
		<capsule pos="24.14999999999999,-38.5,36.800000000000004" vel="0,0,0" mass="1" elasticityCoef="1" ang="90,0,0" color="0,220,0" radius="0.5" length="4" />
		<capsule pos="24.14999999999999,-38.5,39.1" vel="0,0,0" mass="1" elasticityCoef="1" ang="90,0,0" color="0,220,0" radius="0.5" length="4" />
		<capsule pos="24.14999999999999,-38.5,41.4" vel="0,0,0" mass="1" elasticityCoef="1" ang="90,0,0" color="0,220,0" radius="0.5" length="4" />
		<capsule pos="24.14999999999999,-33.0,-43.699999999999996" vel="0,0,0" mass="1" elasticityCoef="1" ang="90,0,0" color="0,220,0" radius="0.5" length="4" />
		<capsule pos="24.14999999999999,-33.0,-41.4" vel="0,0,0" mass="1" elasticityCoef="1" ang="90,0,0" color="0,220,0" radius="0.5" length="4" />
		<capsule pos="24.14999999999999,-33.0,-39.099999999999994" vel="0,0,0" mass="1" elasticityCoef="1" ang="90,0,0" color="0,220,0" radius="0.5" length="4" />
		<capsule pos="24.14999999999999,-33.0,-36.8" vel="0,0,0" mass="1" elasticityCoef="1" ang="90,0,0" color="0,220,0" radius="0.5" length="4" />
		<capsule pos="24.14999999999999,-33.0,-34.5" vel="0,0,0" mass="1" elasticityCoef="1" ang="90,0,0" color="0,220,0" radius="0.5" length="4" />
		<capsule pos="24.14999999999999,-33.0,-32.199999999999996" vel="0,0,0" mass="1" elasticityCoef="1" ang="90,0,0" color="0,220,0" radius="0.5" length="4" />
		<capsule pos="24.14999999999999,-33.0,-29.9" vel="0,0,0" mass="1" elasticityCoef="1" ang="90,0,0" color="0,220,0" radius="0.5" length="4" />
		<capsule pos="24.14999999999999,-33.0,-27.599999999999998" vel="0,0,0" mass="1" elasticityCoef="1" ang="90,0,0" color="0,220,0" radius="0.5" length="4" />
		<capsule pos="24.14999999999999,-33.0,-25.299999999999997" vel="0,0,0" mass="1" elasticityCoef="1" ang="90,0,0" color="0,220,0" radius="0.5" length="4" />
		<capsule pos="24.14999999999999,-33.0,-22.999999999999996" vel="0,0,0" mass="1" elasticityCoef="1" ang="90,0,0" color="0,220,0" radius="0.5" length="4" />
		<capsule pos="24.14999999999999,-33.0,-20.699999999999996" vel="0,0,0" mass="1" elasticityCoef="1" ang="90,0,0" color="0,220,0" radius="0.5" length="4" />
		<capsule pos="24.14999999999999,-33.0,-18.4" vel="0,0,0" mass="1" elasticityCoef="1" ang="90,0,0" color="0,220,0" radius="0.5" length="4" />
		<capsule pos="24.14999999999999,-33.0,-16.099999999999998" vel="0,0,0" mass="1" elasticityCoef="1" ang="90,0,0" color="0,220,0" radius="0.5" length="4" />
		<capsule pos="24.14999999999999,-33.0,-13.799999999999997" vel="0,0,0" mass="1" elasticityCoef="1" ang="90,0,0" color="0,220,0" radius="0.5" length="4" />
		<capsule pos="24.14999999999999,-33.0,-11.5" vel="0,0,0" mass="1" elasticityCoef="1" ang="90,0,0" color="0,220,0" radius="0.5" length="4" />
		<capsule pos="24.14999999999999,-33.0,-9.199999999999996" vel="0,0,0" mass="1" elasticityCoef="1" ang="90,0,0" color="0,220,0" radius="0.5" length="4" />
		<capsule pos="24.14999999999999,-33.0,-6.899999999999999" vel="0,0,0" mass="1" elasticityCoef="1" ang="90,0,0" color="0,220,0" radius="0.5" length="4" />
		<capsule pos="24.14999999999999,-33.0,-4.600000000000001" vel="0,0,0" mass="1" elasticityCoef="1" ang="90,0,0" color="0,220,0" radius="0.5" length="4" />
		<capsule pos="24.14999999999999,-33.0,-2.299999999999997" vel="0,0,0" mass="1" elasticityCoef="1" ang="90,0,0" color="0,220,0" radius="0.5" length="4" />
		<capsule pos="24.14999999999999,-33.0,0.0" vel="0,0,0" mass="1" elasticityCoef="1" ang="90,0,0" color="0,220,0" radius="0.5" length="4" />
		<capsule pos="24.14999999999999,-33.0,2.3000000000000043" vel="0,0,0" mass="1" elasticityCoef="1" ang="90,0,0" color="0,220,0" radius="0.5" length="4" />
		<capsule pos="24.14999999999999,-33.0,4.600000000000001" vel="0,0,0" mass="1" elasticityCoef="1" ang="90,0,0" color="0,220,0" radius="0.5" length="4" />
		<capsule pos="24.14999999999999,-33.0,6.899999999999999" vel="0,0,0" mass="1" elasticityCoef="1" ang="90,0,0" color="0,220,0" radius="0.5" length="4" />
		<capsule pos="24.14999999999999,-33.0,9.200000000000003" vel="0,0,0" mass="1" elasticityCoef="1" ang="90,0,0" color="0,220,0" radius="0.5" length="4" />
		<capsule pos="24.14999999999999,-33.0,11.5" vel="0,0,0" mass="1" elasticityCoef="1" ang="90,0,0" color="0,220,0" radius="0.5" length="4" />
		<capsule pos="24.14999999999999,-33.0,13.799999999999997" vel="0,0,0" mass="1" elasticityCoef="1" ang="90,0,0" color="0,220,0" radius="0.5" length="4" />
		<capsule pos="24.14999999999999,-33.0,16.1" vel="0,0,0" mass="1" elasticityCoef="1" ang="90,0,0" color="0,220,0" radius="0.5" length="4" />
		<capsule pos="24.14999999999999,-33.0,18.4" vel="0,0,0" mass="1" elasticityCoef="1" ang="90,0,0" color="0,220,0" radius="0.5" length="4" />
		<capsule pos="24.14999999999999,-33.0,20.699999999999996" vel="0,0,0" mass="1" elasticityCoef="1" ang="90,0,0" color="0,220,0" radius="0.5" length="4" />
		<capsule pos="24.14999999999999,-33.0,22.999999999999993" vel="0,0,0" mass="1" elasticityCoef="1" ang="90,0,0" color="0,220,0" radius="0.5" length="4" />
		<capsule pos="24.14999999999999,-33.0,25.300000000000004" vel="0,0,0" mass="1" elasticityCoef="1" ang="90,0,0" color="0,220,0" radius="0.5" length="4" />
		<capsule pos="24.14999999999999,-33.0,27.6" vel="0,0,0" mass="1" elasticityCoef="1" ang="90,0,0" color="0,220,0" radius="0.5" length="4" />
		<capsule pos="24.14999999999999,-33.0,29.9" vel="0,0,0" mass="1" elasticityCoef="1" ang="90,0,0" color="0,220,0" radius="0.5" length="4" />
		<capsule pos="24.14999999999999,-33.0,32.199999999999996" vel="0,0,0" mass="1" elasticityCoef="1" ang="90,0,0" color="0,220,0" radius="0.5" length="4" />
		<capsule pos="24.14999999999999,-33.0,34.49999999999999" vel="0,0,0" mass="1" elasticityCoef="1" ang="90,0,0" color="0,220,0" radius="0.5" length="4" />
		<capsule pos="24.14999999999999,-33.0,36.800000000000004" vel="0,0,0" mass="1" elasticityCoef="1" ang="90,0,0" color="0,220,0" radius="0.5" length="4" />
		<capsule pos="24.14999999999999,-33.0,39.1" vel="0,0,0" mass="1" elasticityCoef="1" ang="90,0,0" color="0,220,0" radius="0.5" length="4" />
		<capsule pos="24.14999999999999,-33.0,41.4" vel="0,0,0" mass="1" elasticityCoef="1" ang="90,0,0" color="0,220,0" radius="0.5" length="4" />
		<capsule pos="24.14999999999999,-27.5,-43.699999999999996" vel="0,0,0" mass="1" elasticityCoef="1" ang="90,0,0" color="0,220,0" radius="0.5" length="4" />
		<capsule pos="24.14999999999999,-27.5,-41.4" vel="0,0,0" mass="1" elasticityCoef="1" ang="90,0,0" color="0,220,0" radius="0.5" length="4" />
		<capsule pos="24.14999999999999,-27.5,-39.099999999999994" vel="0,0,0" mass="1" elasticityCoef="1" ang="90,0,0" color="0,220,0" radius="0.5" length="4" />
		<capsule pos="24.14999999999999,-27.5,-36.8" vel="0,0,0" mass="1" elasticityCoef="1" ang="90,0,0" color="0,220,0" radius="0.5" length="4" />
		<capsule pos="24.14999999999999,-27.5,-34.5" vel="0,0,0" mass="1" elasticityCoef="1" ang="90,0,0" color="0,220,0" radius="0.5" length="4" />
		<capsule pos="24.14999999999999,-27.5,-32.199999999999996" vel="0,0,0" mass="1" elasticityCoef="1" ang="90,0,0" color="0,220,0" radius="0.5" length="4" />
		<capsule pos="24.14999999999999,-27.5,-29.9" vel="0,0,0" mass="1" elasticityCoef="1" ang="90,0,0" color="0,220,0" radius="0.5" length="4" />
		<capsule pos="24.14999999999999,-27.5,-27.599999999999998" vel="0,0,0" mass="1" elasticityCoef="1" ang="90,0,0" color="0,220,0" radius="0.5" length="4" />
		<capsule pos="24.14999999999999,-27.5,-25.299999999999997" vel="0,0,0" mass="1" elasticityCoef="1" ang="90,0,0" color="0,220,0" radius="0.5" length="4" />
		<capsule pos="24.14999999999999,-27.5,-22.999999999999996" vel="0,0,0" mass="1" elasticityCoef="1" ang="90,0,0" color="0,220,0" radius="0.5" length="4" />
		<capsule pos="24.14999999999999,-27.5,-20.699999999999996" vel="0,0,0" mass="1" elasticityCoef="1" ang="90,0,0" color="0,220,0" radius="0.5" length="4" />
		<capsule pos="24.14999999999999,-27.5,-18.4" vel="0,0,0" mass="1" elasticityCoef="1" ang="90,0,0" color="0,220,0" radius="0.5" length="4" />
		<capsule pos="24.14999999999999,-27.5,-16.099999999999998" vel="0,0,0" mass="1" elasticityCoef="1" ang="90,0,0" color="0,220,0" radius="0.5" length="4" />
		<capsule pos="24.14999999999999,-27.5,-13.799999999999997" vel="0,0,0" mass="1" elasticityCoef="1" ang="90,0,0" color="0,220,0" radius="0.5" length="4" />
		<capsule pos="24.14999999999999,-27.5,-11.5" vel="0,0,0" mass="1" elasticityCoef="1" ang="90,0,0" color="0,220,0" radius="0.5" length="4" />
		<capsule pos="24.14999999999999,-27.5,-9.199999999999996" vel="0,0,0" mass="1" elasticityCoef="1" ang="90,0,0" color="0,220,0" radius="0.5" length="4" />
		<capsule pos="24.14999999999999,-27.5,-6.899999999999999" vel="0,0,0" mass="1" elasticityCoef="1" ang="90,0,0" color="0,220,0" radius="0.5" length="4" />
		<capsule pos="24.14999999999999,-27.5,-4.600000000000001" vel="0,0,0" mass="1" elasticityCoef="1" ang="90,0,0" color="0,220,0" radius="0.5" length="4" />
		<capsule pos="24.14999999999999,-27.5,-2.299999999999997" vel="0,0,0" mass="1" elasticityCoef="1" ang="90,0,0" color="0,220,0" radius="0.5" length="4" />
		<capsule pos="24.14999999999999,-27.5,0.0" vel="0,0,0" mass="1" elasticityCoef="1" ang="90,0,0" color="0,220,0" radius="0.5" length="4" />
		<capsule pos="24.14999999999999,-27.5,2.3000000000000043" vel="0,0,0" mass="1" elasticityCoef="1" ang="90,0,0" color="0,220,0" radius="0.5" length="4" />
		<capsule pos="24.14999999999999,-27.5,4.600000000000001" vel="0,0,0" mass="1" elasticityCoef="1" ang="90,0,0" color="0,220,0" radius="0.5" length="4" />
		<capsule pos="24.14999999999999,-27.5,6.899999999999999" vel="0,0,0" mass="1" elasticityCoef="1" ang="90,0,0" color="0,220,0" radius="0.5" length="4" />
		<capsule pos="24.14999999999999,-27.5,9.200000000000003" vel="0,0,0" mass="1" elasticityCoef="1" ang="90,0,0" color="0,220,0" radius="0.5" length="4" />
		<capsule pos="24.14999999999999,-27.5,11.5" vel="0,0,0" mass="1" elasticityCoef="1" ang="90,0,0" color="0,220,0" radius="0.5" length="4" />
		<capsule pos="24.14999999999999,-27.5,13.799999999999997" vel="0,0,0" mass="1" elasticityCoef="1" ang="90,0,0" color="0,220,0" radius="0.5" length="4" />
		<capsule pos="24.14999999999999,-27.5,16.1" vel="0,0,0" mass="1" elasticityCoef="1" ang="90,0,0" color="0,220,0" radius="0.5" length="4" />
		<capsule pos="24.14999999999999,-27.5,18.4" vel="0,0,0" mass="1" elasticityCoef="1" ang="90,0,0" color="0,220,0" radius="0.5" length="4" />
		<capsule pos="24.14999999999999,-27.5,20.699999999999996" vel="0,0,0" mass="1" elasticityCoef="1" ang="90,0,0" color="0,220,0" radius="0.5" length="4" />
		<capsule pos="24.14999999999999,-27.5,22.999999999999993" vel="0,0,0" mass="1" elasticityCoef="1" ang="90,0,0" color="0,220,0" radius="0.5" length="4" />
		<capsule pos="24.14999999999999,-27.5,25.300000000000004" vel="0,0,0" mass="1" elasticityCoef="1" ang="90,0,0" color="0,220,0" radius="0.5" length="4" />
		<capsule pos="24.14999999999999,-27.5,27.6" vel="0,0,0" mass="1" elasticityCoef="1" ang="90,0,0" color="0,220,0" radius="0.5" length="4" />
		<capsule pos="24.14999999999999,-27.5,29.9" vel="0,0,0" mass="1" elasticityCoef="1" ang="90,0,0" color="0,220,0" radius="0.5" length="4" />
		<capsule pos="24.14999999999999,-27.5,32.199999999999996" vel="0,0,0" mass="1" elasticityCoef="1" ang="90,0,0" color="0,220,0" radius="0.5" length="4" />
		<capsule pos="24.14999999999999,-27.5,34.49999999999999" vel="0,0,0" mass="1" elasticityCoef="1" ang="90,0,0" color="0,220,0" radius="0.5" length="4" />
		<capsule pos="24.14999999999999,-27.5,36.800000000000004" vel="0,0,0" mass="1" elasticityCoef="1" ang="90,0,0" color="0,220,0" radius="0.5" length="4" />
		<capsule pos="24.14999999999999,-27.5,39.1" vel="0,0,0" mass="1" elasticityCoef="1" ang="90,0,0" color="0,220,0" radius="0.5" length="4" />
		<capsule pos="24.14999999999999,-27.5,41.4" vel="0,0,0" mass="1" elasticityCoef="1" ang="90,0,0" color="0,220,0" radius="0.5" length="4" />
		<capsule pos="24.14999999999999,-22.0,-43.699999999999996" vel="0,0,0" mass="1" elasticityCoef="1" ang="90,0,0" color="0,220,0" radius="0.5" length="4" />
		<capsule pos="24.14999999999999,-22.0,-41.4" vel="0,0,0" mass="1" elasticityCoef="1" ang="90,0,0" color="0,220,0" radius="0.5" length="4" />
		<capsule pos="24.14999999999999,-22.0,-39.099999999999994" vel="0,0,0" mass="1" elasticityCoef="1" ang="90,0,0" color="0,220,0" radius="0.5" length="4" />
		<capsule pos="24.14999999999999,-22.0,-36.8" vel="0,0,0" mass="1" elasticityCoef="1" ang="90,0,0" color="0,220,0" radius="0.5" length="4" />
		<capsule pos="24.14999999999999,-22.0,-34.5" vel="0,0,0" mass="1" elasticityCoef="1" ang="90,0,0" color="0,220,0" radius="0.5" length="4" />
		<capsule pos="24.14999999999999,-22.0,-32.199999999999996" vel="0,0,0" mass="1" elasticityCoef="1" ang="90,0,0" color="0,220,0" radius="0.5" length="4" />
		<capsule pos="24.14999999999999,-22.0,-29.9" vel="0,0,0" mass="1" elasticityCoef="1" ang="90,0,0" color="0,220,0" radius="0.5" length="4" />
		<capsule pos="24.14999999999999,-22.0,-27.599999999999998" vel="0,0,0" mass="1" elasticityCoef="1" ang="90,0,0" color="0,220,0" radius="0.5" length="4" />
		<capsule pos="24.14999999999999,-22.0,-25.299999999999997" vel="0,0,0" mass="1" elasticityCoef="1" ang="90,0,0" color="0,220,0" radius="0.5" length="4" />
		<capsule pos="24.14999999999999,-22.0,-22.999999999999996" vel="0,0,0" mass="1" elasticityCoef="1" ang="90,0,0" color="0,220,0" radius="0.5" length="4" />
		<capsule pos="24.14999999999999,-22.0,-20.699999999999996" vel="0,0,0" mass="1" elasticityCoef="1" ang="90,0,0" color="0,220,0" radius="0.5" length="4" />
		<capsule pos="24.14999999999999,-22.0,-18.4" vel="0,0,0" mass="1" elasticityCoef="1" ang="90,0,0" color="0,220,0" radius="0.5" length="4" />
		<capsule pos="24.14999999999999,-22.0,-16.099999999999998" vel="0,0,0" mass="1" elasticityCoef="1" ang="90,0,0" color="0,220,0" radius="0.5" length="4" />
		<capsule pos="24.14999999999999,-22.0,-13.799999999999997" vel="0,0,0" mass="1" elasticityCoef="1" ang="90,0,0" color="0,220,0" radius="0.5" length="4" />
		<capsule pos="24.14999999999999,-22.0,-11.5" vel="0,0,0" mass="1" elasticityCoef="1" ang="90,0,0" color="0,220,0" radius="0.5" length="4" />
		<capsule pos="24.14999999999999,-22.0,-9.199999999999996" vel="0,0,0" mass="1" elasticityCoef="1" ang="90,0,0" color="0,220,0" radius="0.5" length="4" />
		<capsule pos="24.14999999999999,-22.0,-6.899999999999999" vel="0,0,0" mass="1" elasticityCoef="1" ang="90,0,0" color="0,220,0" radius="0.5" length="4" />
		<capsule pos="24.14999999999999,-22.0,-4.600000000000001" vel="0,0,0" mass="1" elasticityCoef="1" ang="90,0,0" color="0,220,0" radius="0.5" length="4" />
		<capsule pos="24.14999999999999,-22.0,-2.299999999999997" vel="0,0,0" mass="1" elasticityCoef="1" ang="90,0,0" color="0,220,0" radius="0.5" length="4" />
		<capsule pos="24.14999999999999,-22.0,0.0" vel="0,0,0" mass="1" elasticityCoef="1" ang="90,0,0" color="0,220,0" radius="0.5" length="4" />
		<capsule pos="24.14999999999999,-22.0,2.3000000000000043" vel="0,0,0" mass="1" elasticityCoef="1" ang="90,0,0" color="0,220,0" radius="0.5" length="4" />
		<capsule pos="24.14999999999999,-22.0,4.600000000000001" vel="0,0,0" mass="1" elasticityCoef="1" ang="90,0,0" color="0,220,0" radius="0.5" length="4" />
		<capsule pos="24.14999999999999,-22.0,6.899999999999999" vel="0,0,0" mass="1" elasticityCoef="1" ang="90,0,0" color="0,220,0" radius="0.5" length="4" />
		<capsule pos="24.14999999999999,-22.0,9.200000000000003" vel="0,0,0" mass="1" elasticityCoef="1" ang="90,0,0" color="0,220,0" radius="0.5" length="4" />
		<capsule pos="24.14999999999999,-22.0,11.5" vel="0,0,0" mass="1" elasticityCoef="1" ang="90,0,0" color="0,220,0" radius="0.5" length="4" />
		<capsule pos="24.14999999999999,-22.0,13.799999999999997" vel="0,0,0" mass="1" elasticityCoef="1" ang="90,0,0" color="0,220,0" radius="0.5" length="4" />
		<capsule pos="24.14999999999999,-22.0,16.1" vel="0,0,0" mass="1" elasticityCoef="1" ang="90,0,0" color="0,220,0" radius="0.5" length="4" />
		<capsule pos="24.14999999999999,-22.0,18.4" vel="0,0,0" mass="1" elasticityCoef="1" ang="90,0,0" color="0,220,0" radius="0.5" length="4" />
		<capsule pos="24.14999999999999,-22.0,20.699999999999996" vel="0,0,0" mass="1" elasticityCoef="1" ang="90,0,0" color="0,220,0" radius="0.5" length="4" />
		<capsule pos="24.14999999999999,-22.0,22.999999999999993" vel="0,0,0" mass="1" elasticityCoef="1" ang="90,0,0" color="0,220,0" radius="0.5" length="4" />
		<capsule pos="24.14999999999999,-22.0,25.300000000000004" vel="0,0,0" mass="1" elasticityCoef="1" ang="90,0,0" color="0,220,0" radius="0.5" length="4" />
		<capsule pos="24.14999999999999,-22.0,27.6" vel="0,0,0" mass="1" elasticityCoef="1" ang="90,0,0" color="0,220,0" radius="0.5" length="4" />
		<capsule pos="24.14999999999999,-22.0,29.9" vel="0,0,0" mass="1" elasticityCoef="1" ang="90,0,0" color="0,220,0" radius="0.5" length="4" />
		<capsule pos="24.14999999999999,-22.0,32.199999999999996" vel="0,0,0" mass="1" elasticityCoef="1" ang="90,0,0" color="0,220,0" radius="0.5" length="4" />
		<capsule pos="24.14999999999999,-22.0,34.49999999999999" vel="0,0,0" mass="1" elasticityCoef="1" ang="90,0,0" color="0,220,0" radius="0.5" length="4" />
		<capsule pos="24.14999999999999,-22.0,36.800000000000004" vel="0,0,0" mass="1" elasticityCoef="1" ang="90,0,0" color="0,220,0" radius="0.5" length="4" />
		<capsule pos="24.14999999999999,-22.0,39.1" vel="0,0,0" mass="1" elasticityCoef="1" ang="90,0,0" color="0,220,0" radius="0.5" length="4" />
		<capsule pos="24.14999999999999,-22.0,41.4" vel="0,0,0" mass="1" elasticityCoef="1" ang="90,0,0" color="0,220,0" radius="0.5" length="4" />
		<capsule pos="24.14999999999999,-16.5,-43.699999999999996" vel="0,0,0" mass="1" elasticityCoef="1" ang="90,0,0" color="0,220,0" radius="0.5" length="4" />
		<capsule pos="24.14999999999999,-16.5,-41.4" vel="0,0,0" mass="1" elasticityCoef="1" ang="90,0,0" color="0,220,0" radius="0.5" length="4" />
		<capsule pos="24.14999999999999,-16.5,-39.099999999999994" vel="0,0,0" mass="1" elasticityCoef="1" ang="90,0,0" color="0,220,0" radius="0.5" length="4" />
		<capsule pos="24.14999999999999,-16.5,-36.8" vel="0,0,0" mass="1" elasticityCoef="1" ang="90,0,0" color="0,220,0" radius="0.5" length="4" />
		<capsule pos="24.14999999999999,-16.5,-34.5" vel="0,0,0" mass="1" elasticityCoef="1" ang="90,0,0" color="0,220,0" radius="0.5" length="4" />
		<capsule pos="24.14999999999999,-16.5,-32.199999999999996" vel="0,0,0" mass="1" elasticityCoef="1" ang="90,0,0" color="0,220,0" radius="0.5" length="4" />
		<capsule pos="24.14999999999999,-16.5,-29.9" vel="0,0,0" mass="1" elasticityCoef="1" ang="90,0,0" color="0,220,0" radius="0.5" length="4" />
		<capsule pos="24.14999999999999,-16.5,-27.599999999999998" vel="0,0,0" mass="1" elasticityCoef="1" ang="90,0,0" color="0,220,0" radius="0.5" length="4" />
		<capsule pos="24.14999999999999,-16.5,-25.299999999999997" vel="0,0,0" mass="1" elasticityCoef="1" ang="90,0,0" color="0,220,0" radius="0.5" length="4" />
		<capsule pos="24.14999999999999,-16.5,-22.999999999999996" vel="0,0,0" mass="1" elasticityCoef="1" ang="90,0,0" color="0,220,0" radius="0.5" length="4" />
		<capsule pos="24.14999999999999,-16.5,-20.699999999999996" vel="0,0,0" mass="1" elasticityCoef="1" ang="90,0,0" color="0,220,0" radius="0.5" length="4" />
		<capsule pos="24.14999999999999,-16.5,-18.4" vel="0,0,0" mass="1" elasticityCoef="1" ang="90,0,0" color="0,220,0" radius="0.5" length="4" />
		<capsule pos="24.14999999999999,-16.5,-16.099999999999998" vel="0,0,0" mass="1" elasticityCoef="1" ang="90,0,0" color="0,220,0" radius="0.5" length="4" />
		<capsule pos="24.14999999999999,-16.5,-13.799999999999997" vel="0,0,0" mass="1" elasticityCoef="1" ang="90,0,0" color="0,220,0" radius="0.5" length="4" />
		<capsule pos="24.14999999999999,-16.5,-11.5" vel="0,0,0" mass="1" elasticityCoef="1" ang="90,0,0" color="0,220,0" radius="0.5" length="4" />
		<capsule pos="24.14999999999999,-16.5,-9.199999999999996" vel="0,0,0" mass="1" elasticityCoef="1" ang="90,0,0" color="0,220,0" radius="0.5" length="4" />
		<capsule pos="24.14999999999999,-16.5,-6.899999999999999" vel="0,0,0" mass="1" elasticityCoef="1" ang="90,0,0" color="0,220,0" radius="0.5" length="4" />
		<capsule pos="24.14999999999999,-16.5,-4.600000000000001" vel="0,0,0" mass="1" elasticityCoef="1" ang="90,0,0" color="0,220,0" radius="0.5" length="4" />
		<capsule pos="24.14999999999999,-16.5,-2.299999999999997" vel="0,0,0" mass="1" elasticityCoef="1" ang="90,0,0" color="0,220,0" radius="0.5" length="4" />
		<capsule pos="24.14999999999999,-16.5,0.0" vel="0,0,0" mass="1" elasticityCoef="1" ang="90,0,0" color="0,220,0" radius="0.5" length="4" />
		<capsule pos="24.14999999999999,-16.5,2.3000000000000043" vel="0,0,0" mass="1" elasticityCoef="1" ang="90,0,0" color="0,220,0" radius="0.5" length="4" />
		<capsule pos="24.14999999999999,-16.5,4.600000000000001" vel="0,0,0" mass="1" elasticityCoef="1" ang="90,0,0" color="0,220,0" radius="0.5" length="4" />
		<capsule pos="24.14999999999999,-16.5,6.899999999999999" vel="0,0,0" mass="1" elasticityCoef="1" ang="90,0,0" color="0,220,0" radius="0.5" length="4" />
		<capsule pos="24.14999999999999,-16.5,9.200000000000003" vel="0,0,0" mass="1" elasticityCoef="1" ang="90,0,0" color="0,220,0" radius="0.5" length="4" />
		<capsule pos="24.14999999999999,-16.5,11.5" vel="0,0,0" mass="1" elasticityCoef="1" ang="90,0,0" color="0,220,0" radius="0.5" length="4" />
		<capsule pos="24.14999999999999,-16.5,13.799999999999997" vel="0,0,0" mass="1" elasticityCoef="1" ang="90,0,0" color="0,220,0" radius="0.5" length="4" />
		<capsule pos="24.14999999999999,-16.5,16.1" vel="0,0,0" mass="1" elasticityCoef="1" ang="90,0,0" color="0,220,0" radius="0.5" length="4" />
		<capsule pos="24.14999999999999,-16.5,18.4" vel="0,0,0" mass="1" elasticityCoef="1" ang="90,0,0" color="0,220,0" radius="0.5" length="4" />
		<capsule pos="24.14999999999999,-16.5,20.699999999999996" vel="0,0,0" mass="1" elasticityCoef="1" ang="90,0,0" color="0,220,0" radius="0.5" length="4" />
		<capsule pos="24.14999999999999,-16.5,22.999999999999993" vel="0,0,0" mass="1" elasticityCoef="1" ang="90,0,0" color="0,220,0" radius="0.5" length="4" />
		<capsule pos="24.14999999999999,-16.5,25.300000000000004" vel="0,0,0" mass="1" elasticityCoef="1" ang="90,0,0" color="0,220,0" radius="0.5" length="4" />
		<capsule pos="24.14999999999999,-16.5,27.6" vel="0,0,0" mass="1" elasticityCoef="1" ang="90,0,0" color="0,220,0" radius="0.5" length="4" />
		<capsule pos="24.14999999999999,-16.5,29.9" vel="0,0,0" mass="1" elasticityCoef="1" ang="90,0,0" color="0,220,0" radius="0.5" length="4" />
		<capsule pos="24.14999999999999,-16.5,32.199999999999996" vel="0,0,0" mass="1" elasticityCoef="1" ang="90,0,0" color="0,220,0" radius="0.5" length="4" />
		<capsule pos="24.14999999999999,-16.5,34.49999999999999" vel="0,0,0" mass="1" elasticityCoef="1" ang="90,0,0" color="0,220,0" radius="0.5" length="4" />
		<capsule pos="24.14999999999999,-16.5,36.800000000000004" vel="0,0,0" mass="1" elasticityCoef="1" ang="90,0,0" color="0,220,0" radius="0.5" length="4" />
		<capsule pos="24.14999999999999,-16.5,39.1" vel="0,0,0" mass="1" elasticityCoef="1" ang="90,0,0" color="0,220,0" radius="0.5" length="4" />
		<capsule pos="24.14999999999999,-16.5,41.4" vel="0,0,0" mass="1" elasticityCoef="1" ang="90,0,0" color="0,220,0" radius="0.5" length="4" />
		<capsule pos="24.14999999999999,-11.0,-43.699999999999996" vel="0,0,0" mass="1" elasticityCoef="1" ang="90,0,0" color="0,220,0" radius="0.5" length="4" />
		<capsule pos="24.14999999999999,-11.0,-41.4" vel="0,0,0" mass="1" elasticityCoef="1" ang="90,0,0" color="0,220,0" radius="0.5" length="4" />
		<capsule pos="24.14999999999999,-11.0,-39.099999999999994" vel="0,0,0" mass="1" elasticityCoef="1" ang="90,0,0" color="0,220,0" radius="0.5" length="4" />
		<capsule pos="24.14999999999999,-11.0,-36.8" vel="0,0,0" mass="1" elasticityCoef="1" ang="90,0,0" color="0,220,0" radius="0.5" length="4" />
		<capsule pos="24.14999999999999,-11.0,-34.5" vel="0,0,0" mass="1" elasticityCoef="1" ang="90,0,0" color="0,220,0" radius="0.5" length="4" />
		<capsule pos="24.14999999999999,-11.0,-32.199999999999996" vel="0,0,0" mass="1" elasticityCoef="1" ang="90,0,0" color="0,220,0" radius="0.5" length="4" />
		<capsule pos="24.14999999999999,-11.0,-29.9" vel="0,0,0" mass="1" elasticityCoef="1" ang="90,0,0" color="0,220,0" radius="0.5" length="4" />
		<capsule pos="24.14999999999999,-11.0,-27.599999999999998" vel="0,0,0" mass="1" elasticityCoef="1" ang="90,0,0" color="0,220,0" radius="0.5" length="4" />
		<capsule pos="24.14999999999999,-11.0,-25.299999999999997" vel="0,0,0" mass="1" elasticityCoef="1" ang="90,0,0" color="0,220,0" radius="0.5" length="4" />
		<capsule pos="24.14999999999999,-11.0,-22.999999999999996" vel="0,0,0" mass="1" elasticityCoef="1" ang="90,0,0" color="0,220,0" radius="0.5" length="4" />
		<capsule pos="24.14999999999999,-11.0,-20.699999999999996" vel="0,0,0" mass="1" elasticityCoef="1" ang="90,0,0" color="0,220,0" radius="0.5" length="4" />
		<capsule pos="24.14999999999999,-11.0,-18.4" vel="0,0,0" mass="1" elasticityCoef="1" ang="90,0,0" color="0,220,0" radius="0.5" length="4" />
		<capsule pos="24.14999999999999,-11.0,-16.099999999999998" vel="0,0,0" mass="1" elasticityCoef="1" ang="90,0,0" color="0,220,0" radius="0.5" length="4" />
		<capsule pos="24.14999999999999,-11.0,-13.799999999999997" vel="0,0,0" mass="1" elasticityCoef="1" ang="90,0,0" color="0,220,0" radius="0.5" length="4" />
		<capsule pos="24.14999999999999,-11.0,-11.5" vel="0,0,0" mass="1" elasticityCoef="1" ang="90,0,0" color="0,220,0" radius="0.5" length="4" />
		<capsule pos="24.14999999999999,-11.0,-9.199999999999996" vel="0,0,0" mass="1" elasticityCoef="1" ang="90,0,0" color="0,220,0" radius="0.5" length="4" />
		<capsule pos="24.14999999999999,-11.0,-6.899999999999999" vel="0,0,0" mass="1" elasticityCoef="1" ang="90,0,0" color="0,220,0" radius="0.5" length="4" />
		<capsule pos="24.14999999999999,-11.0,-4.600000000000001" vel="0,0,0" mass="1" elasticityCoef="1" ang="90,0,0" color="0,220,0" radius="0.5" length="4" />
		<capsule pos="24.14999999999999,-11.0,-2.299999999999997" vel="0,0,0" mass="1" elasticityCoef="1" ang="90,0,0" color="0,220,0" radius="0.5" length="4" />
		<capsule pos="24.14999999999999,-11.0,0.0" vel="0,0,0" mass="1" elasticityCoef="1" ang="90,0,0" color="0,220,0" radius="0.5" length="4" />
		<capsule pos="24.14999999999999,-11.0,2.3000000000000043" vel="0,0,0" mass="1" elasticityCoef="1" ang="90,0,0" color="0,220,0" radius="0.5" length="4" />
		<capsule pos="24.14999999999999,-11.0,4.600000000000001" vel="0,0,0" mass="1" elasticityCoef="1" ang="90,0,0" color="0,220,0" radius="0.5" length="4" />
		<capsule pos="24.14999999999999,-11.0,6.899999999999999" vel="0,0,0" mass="1" elasticityCoef="1" ang="90,0,0" color="0,220,0" radius="0.5" length="4" />
		<capsule pos="24.14999999999999,-11.0,9.200000000000003" vel="0,0,0" mass="1" elasticityCoef="1" ang="90,0,0" color="0,220,0" radius="0.5" length="4" />
		<capsule pos="24.14999999999999,-11.0,11.5" vel="0,0,0" mass="1" elasticityCoef="1" ang="90,0,0" color="0,220,0" radius="0.5" length="4" />
		<capsule pos="24.14999999999999,-11.0,13.799999999999997" vel="0,0,0" mass="1" elasticityCoef="1" ang="90,0,0" color="0,220,0" radius="0.5" length="4" />
		<capsule pos="24.14999999999999,-11.0,16.1" vel="0,0,0" mass="1" elasticityCoef="1" ang="90,0,0" color="0,220,0" radius="0.5" length="4" />
		<capsule pos="24.14999999999999,-11.0,18.4" vel="0,0,0" mass="1" elasticityCoef="1" ang="90,0,0" color="0,220,0" radius="0.5" length="4" />
		<capsule pos="24.14999999999999,-11.0,20.699999999999996" vel="0,0,0" mass="1" elasticityCoef="1" ang="90,0,0" color="0,220,0" radius="0.5" length="4" />
		<capsule pos="24.14999999999999,-11.0,22.999999999999993" vel="0,0,0" mass="1" elasticityCoef="1" ang="90,0,0" color="0,220,0" radius="0.5" length="4" />
		<capsule pos="24.14999999999999,-11.0,25.300000000000004" vel="0,0,0" mass="1" elasticityCoef="1" ang="90,0,0" color="0,220,0" radius="0.5" length="4" />
		<capsule pos="24.14999999999999,-11.0,27.6" vel="0,0,0" mass="1" elasticityCoef="1" ang="90,0,0" color="0,220,0" radius="0.5" length="4" />
		<capsule pos="24.14999999999999,-11.0,29.9" vel="0,0,0" mass="1" elasticityCoef="1" ang="90,0,0" color="0,220,0" radius="0.5" length="4" />
		<capsule pos="24.14999999999999,-11.0,32.199999999999996" vel="0,0,0" mass="1" elasticityCoef="1" ang="90,0,0" color="0,220,0" radius="0.5" length="4" />
		<capsule pos="24.14999999999999,-11.0,34.49999999999999" vel="0,0,0" mass="1" elasticityCoef="1" ang="90,0,0" color="0,220,0" radius="0.5" length="4" />
		<capsule pos="24.14999999999999,-11.0,36.800000000000004" vel="0,0,0" mass="1" elasticityCoef="1" ang="90,0,0" color="0,220,0" radius="0.5" length="4" />
		<capsule pos="24.14999999999999,-11.0,39.1" vel="0,0,0" mass="1" elasticityCoef="1" ang="90,0,0" color="0,220,0" radius="0.5" length="4" />
		<capsule pos="24.14999999999999,-11.0,41.4" vel="0,0,0" mass="1" elasticityCoef="1" ang="90,0,0" color="0,220,0" radius="0.5" length="4" />
		<capsule pos="24.14999999999999,-5.5,-43.699999999999996" vel="0,0,0" mass="1" elasticityCoef="1" ang="90,0,0" color="0,220,0" radius="0.5" length="4" />
		<capsule pos="24.14999999999999,-5.5,-41.4" vel="0,0,0" mass="1" elasticityCoef="1" ang="90,0,0" color="0,220,0" radius="0.5" length="4" />
		<capsule pos="24.14999999999999,-5.5,-39.099999999999994" vel="0,0,0" mass="1" elasticityCoef="1" ang="90,0,0" color="0,220,0" radius="0.5" length="4" />
		<capsule pos="24.14999999999999,-5.5,-36.8" vel="0,0,0" mass="1" elasticityCoef="1" ang="90,0,0" color="0,220,0" radius="0.5" length="4" />
		<capsule pos="24.14999999999999,-5.5,-34.5" vel="0,0,0" mass="1" elasticityCoef="1" ang="90,0,0" color="0,220,0" radius="0.5" length="4" />
		<capsule pos="24.14999999999999,-5.5,-32.199999999999996" vel="0,0,0" mass="1" elasticityCoef="1" ang="90,0,0" color="0,220,0" radius="0.5" length="4" />
		<capsule pos="24.14999999999999,-5.5,-29.9" vel="0,0,0" mass="1" elasticityCoef="1" ang="90,0,0" color="0,220,0" radius="0.5" length="4" />
		<capsule pos="24.14999999999999,-5.5,-27.599999999999998" vel="0,0,0" mass="1" elasticityCoef="1" ang="90,0,0" color="0,220,0" radius="0.5" length="4" />
		<capsule pos="24.14999999999999,-5.5,-25.299999999999997" vel="0,0,0" mass="1" elasticityCoef="1" ang="90,0,0" color="0,220,0" radius="0.5" length="4" />
		<capsule pos="24.14999999999999,-5.5,-22.999999999999996" vel="0,0,0" mass="1" elasticityCoef="1" ang="90,0,0" color="0,220,0" radius="0.5" length="4" />
		<capsule pos="24.14999999999999,-5.5,-20.699999999999996" vel="0,0,0" mass="1" elasticityCoef="1" ang="90,0,0" color="0,220,0" radius="0.5" length="4" />
		<capsule pos="24.14999999999999,-5.5,-18.4" vel="0,0,0" mass="1" elasticityCoef="1" ang="90,0,0" color="0,220,0" radius="0.5" length="4" />
		<capsule pos="24.14999999999999,-5.5,-16.099999999999998" vel="0,0,0" mass="1" elasticityCoef="1" ang="90,0,0" color="0,220,0" radius="0.5" length="4" />
		<capsule pos="24.14999999999999,-5.5,-13.799999999999997" vel="0,0,0" mass="1" elasticityCoef="1" ang="90,0,0" color="0,220,0" radius="0.5" length="4" />
		<capsule pos="24.14999999999999,-5.5,-11.5" vel="0,0,0" mass="1" elasticityCoef="1" ang="90,0,0" color="0,220,0" radius="0.5" length="4" />
		<capsule pos="24.14999999999999,-5.5,-9.199999999999996" vel="0,0,0" mass="1" elasticityCoef="1" ang="90,0,0" color="0,220,0" radius="0.5" length="4" />
		<capsule pos="24.14999999999999,-5.5,-6.899999999999999" vel="0,0,0" mass="1" elasticityCoef="1" ang="90,0,0" color="0,220,0" radius="0.5" length="4" />
		<capsule pos="24.14999999999999,-5.5,-4.600000000000001" vel="0,0,0" mass="1" elasticityCoef="1" ang="90,0,0" color="0,220,0" radius="0.5" length="4" />
		<capsule pos="24.14999999999999,-5.5,-2.299999999999997" vel="0,0,0" mass="1" elasticityCoef="1" ang="90,0,0" color="0,220,0" radius="0.5" length="4" />
		<capsule pos="24.14999999999999,-5.5,0.0" vel="0,0,0" mass="1" elasticityCoef="1" ang="90,0,0" color="0,220,0" radius="0.5" length="4" />
		<capsule pos="24.14999999999999,-5.5,2.3000000000000043" vel="0,0,0" mass="1" elasticityCoef="1" ang="90,0,0" color="0,220,0" radius="0.5" length="4" />
		<capsule pos="24.14999999999999,-5.5,4.600000000000001" vel="0,0,0" mass="1" elasticityCoef="1" ang="90,0,0" color="0,220,0" radius="0.5" length="4" />
		<capsule pos="24.14999999999999,-5.5,6.899999999999999" vel="0,0,0" mass="1" elasticityCoef="1" ang="90,0,0" color="0,220,0" radius="0.5" length="4" />
		<capsule pos="24.14999999999999,-5.5,9.200000000000003" vel="0,0,0" mass="1" elasticityCoef="1" ang="90,0,0" color="0,220,0" radius="0.5" length="4" />
		<capsule pos="24.14999999999999,-5.5,11.5" vel="0,0,0" mass="1" elasticityCoef="1" ang="90,0,0" color="0,220,0" radius="0.5" length="4" />
		<capsule pos="24.14999999999999,-5.5,13.799999999999997" vel="0,0,0" mass="1" elasticityCoef="1" ang="90,0,0" color="0,220,0" radius="0.5" length="4" />
		<capsule pos="24.14999999999999,-5.5,16.1" vel="0,0,0" mass="1" elasticityCoef="1" ang="90,0,0" color="0,220,0" radius="0.5" length="4" />
		<capsule pos="24.14999999999999,-5.5,18.4" vel="0,0,0" mass="1" elasticityCoef="1" ang="90,0,0" color="0,220,0" radius="0.5" length="4" />
		<capsule pos="24.14999999999999,-5.5,20.699999999999996" vel="0,0,0" mass="1" elasticityCoef="1" ang="90,0,0" color="0,220,0" radius="0.5" length="4" />
		<capsule pos="24.14999999999999,-5.5,22.999999999999993" vel="0,0,0" mass="1" elasticityCoef="1" ang="90,0,0" color="0,220,0" radius="0.5" length="4" />
		<capsule pos="24.14999999999999,-5.5,25.300000000000004" vel="0,0,0" mass="1" elasticityCoef="1" ang="90,0,0" color="0,220,0" radius="0.5" length="4" />
		<capsule pos="24.14999999999999,-5.5,27.6" vel="0,0,0" mass="1" elasticityCoef="1" ang="90,0,0" color="0,220,0" radius="0.5" length="4" />
		<capsule pos="24.14999999999999,-5.5,29.9" vel="0,0,0" mass="1" elasticityCoef="1" ang="90,0,0" color="0,220,0" radius="0.5" length="4" />
		<capsule pos="24.14999999999999,-5.5,32.199999999999996" vel="0,0,0" mass="1" elasticityCoef="1" ang="90,0,0" color="0,220,0" radius="0.5" length="4" />
		<capsule pos="24.14999999999999,-5.5,34.49999999999999" vel="0,0,0" mass="1" elasticityCoef="1" ang="90,0,0" color="0,220,0" radius="0.5" length="4" />
		<capsule pos="24.14999999999999,-5.5,36.800000000000004" vel="0,0,0" mass="1" elasticityCoef="1" ang="90,0,0" color="0,220,0" radius="0.5" length="4" />
		<capsule pos="24.14999999999999,-5.5,39.1" vel="0,0,0" mass="1" elasticityCoef="1" ang="90,0,0" color="0,220,0" radius="0.5" length="4" />
		<capsule pos="24.14999999999999,-5.5,41.4" vel="0,0,0" mass="1" elasticityCoef="1" ang="90,0,0" color="0,220,0" radius="0.5" length="4" />
		<capsule pos="24.14999999999999,0.0,-43.699999999999996" vel="0,0,0" mass="1" elasticityCoef="1" ang="90,0,0" color="0,220,0" radius="0.5" length="4" />
		<capsule pos="24.14999999999999,0.0,-41.4" vel="0,0,0" mass="1" elasticityCoef="1" ang="90,0,0" color="0,220,0" radius="0.5" length="4" />
		<capsule pos="24.14999999999999,0.0,-39.099999999999994" vel="0,0,0" mass="1" elasticityCoef="1" ang="90,0,0" color="0,220,0" radius="0.5" length="4" />
		<capsule pos="24.14999999999999,0.0,-36.8" vel="0,0,0" mass="1" elasticityCoef="1" ang="90,0,0" color="0,220,0" radius="0.5" length="4" />
		<capsule pos="24.14999999999999,0.0,-34.5" vel="0,0,0" mass="1" elasticityCoef="1" ang="90,0,0" color="0,220,0" radius="0.5" length="4" />
		<capsule pos="24.14999999999999,0.0,-32.199999999999996" vel="0,0,0" mass="1" elasticityCoef="1" ang="90,0,0" color="0,220,0" radius="0.5" length="4" />
		<capsule pos="24.14999999999999,0.0,-29.9" vel="0,0,0" mass="1" elasticityCoef="1" ang="90,0,0" color="0,220,0" radius="0.5" length="4" />
		<capsule pos="24.14999999999999,0.0,-27.599999999999998" vel="0,0,0" mass="1" elasticityCoef="1" ang="90,0,0" color="0,220,0" radius="0.5" length="4" />
		<capsule pos="24.14999999999999,0.0,-25.299999999999997" vel="0,0,0" mass="1" elasticityCoef="1" ang="90,0,0" color="0,220,0" radius="0.5" length="4" />
		<capsule pos="24.14999999999999,0.0,-22.999999999999996" vel="0,0,0" mass="1" elasticityCoef="1" ang="90,0,0" color="0,220,0" radius="0.5" length="4" />
		<capsule pos="24.14999999999999,0.0,-20.699999999999996" vel="0,0,0" mass="1" elasticityCoef="1" ang="90,0,0" color="0,220,0" radius="0.5" length="4" />
		<capsule pos="24.14999999999999,0.0,-18.4" vel="0,0,0" mass="1" elasticityCoef="1" ang="90,0,0" color="0,220,0" radius="0.5" length="4" />
		<capsule pos="24.14999999999999,0.0,-16.099999999999998" vel="0,0,0" mass="1" elasticityCoef="1" ang="90,0,0" color="0,220,0" radius="0.5" length="4" />
		<capsule pos="24.14999999999999,0.0,-13.799999999999997" vel="0,0,0" mass="1" elasticityCoef="1" ang="90,0,0" color="0,220,0" radius="0.5" length="4" />
		<capsule pos="24.14999999999999,0.0,-11.5" vel="0,0,0" mass="1" elasticityCoef="1" ang="90,0,0" color="0,220,0" radius="0.5" length="4" />
		<capsule pos="24.14999999999999,0.0,-9.199999999999996" vel="0,0,0" mass="1" elasticityCoef="1" ang="90,0,0" color="0,220,0" radius="0.5" length="4" />
		<capsule pos="24.14999999999999,0.0,-6.899999999999999" vel="0,0,0" mass="1" elasticityCoef="1" ang="90,0,0" color="0,220,0" radius="0.5" length="4" />
		<capsule pos="24.14999999999999,0.0,-4.600000000000001" vel="0,0,0" mass="1" elasticityCoef="1" ang="90,0,0" color="0,220,0" radius="0.5" length="4" />
		<capsule pos="24.14999999999999,0.0,-2.299999999999997" vel="0,0,0" mass="1" elasticityCoef="1" ang="90,0,0" color="0,220,0" radius="0.5" length="4" />
		<capsule pos="24.14999999999999,0.0,0.0" vel="0,0,0" mass="1" elasticityCoef="1" ang="90,0,0" color="0,220,0" radius="0.5" length="4" />
		<capsule pos="24.14999999999999,0.0,2.3000000000000043" vel="0,0,0" mass="1" elasticityCoef="1" ang="90,0,0" color="0,220,0" radius="0.5" length="4" />
		<capsule pos="24.14999999999999,0.0,4.600000000000001" vel="0,0,0" mass="1" elasticityCoef="1" ang="90,0,0" color="0,220,0" radius="0.5" length="4" />
		<capsule pos="24.14999999999999,0.0,6.899999999999999" vel="0,0,0" mass="1" elasticityCoef="1" ang="90,0,0" color="0,220,0" radius="0.5" length="4" />
		<capsule pos="24.14999999999999,0.0,9.200000000000003" vel="0,0,0" mass="1" elasticityCoef="1" ang="90,0,0" color="0,220,0" radius="0.5" length="4" />
		<capsule pos="24.14999999999999,0.0,11.5" vel="0,0,0" mass="1" elasticityCoef="1" ang="90,0,0" color="0,220,0" radius="0.5" length="4" />
		<capsule pos="24.14999999999999,0.0,13.799999999999997" vel="0,0,0" mass="1" elasticityCoef="1" ang="90,0,0" color="0,220,0" radius="0.5" length="4" />
		<capsule pos="24.14999999999999,0.0,16.1" vel="0,0,0" mass="1" elasticityCoef="1" ang="90,0,0" color="0,220,0" radius="0.5" length="4" />
		<capsule pos="24.14999999999999,0.0,18.4" vel="0,0,0" mass="1" elasticityCoef="1" ang="90,0,0" color="0,220,0" radius="0.5" length="4" />
		<capsule pos="24.14999999999999,0.0,20.699999999999996" vel="0,0,0" mass="1" elasticityCoef="1" ang="90,0,0" color="0,220,0" radius="0.5" length="4" />
		<capsule pos="24.14999999999999,0.0,22.999999999999993" vel="0,0,0" mass="1" elasticityCoef="1" ang="90,0,0" color="0,220,0" radius="0.5" length="4" />
		<capsule pos="24.14999999999999,0.0,25.300000000000004" vel="0,0,0" mass="1" elasticityCoef="1" ang="90,0,0" color="0,220,0" radius="0.5" length="4" />
		<capsule pos="24.14999999999999,0.0,27.6" vel="0,0,0" mass="1" elasticityCoef="1" ang="90,0,0" color="0,220,0" radius="0.5" length="4" />
		<capsule pos="24.14999999999999,0.0,29.9" vel="0,0,0" mass="1" elasticityCoef="1" ang="90,0,0" color="0,220,0" radius="0.5" length="4" />
		<capsule pos="24.14999999999999,0.0,32.199999999999996" vel="0,0,0" mass="1" elasticityCoef="1" ang="90,0,0" color="0,220,0" radius="0.5" length="4" />
		<capsule pos="24.14999999999999,0.0,34.49999999999999" vel="0,0,0" mass="1" elasticityCoef="1" ang="90,0,0" color="0,220,0" radius="0.5" length="4" />
		<capsule pos="24.14999999999999,0.0,36.800000000000004" vel="0,0,0" mass="1" elasticityCoef="1" ang="90,0,0" color="0,220,0" radius="0.5" length="4" />
		<capsule pos="24.14999999999999,0.0,39.1" vel="0,0,0" mass="1" elasticityCoef="1" ang="90,0,0" color="0,220,0" radius="0.5" length="4" />
		<capsule pos="24.14999999999999,0.0,41.4" vel="0,0,0" mass="1" elasticityCoef="1" ang="90,0,0" color="0,220,0" radius="0.5" length="4" />
		<capsule pos="24.14999999999999,5.5,-43.699999999999996" vel="0,0,0" mass="1" elasticityCoef="1" ang="90,0,0" color="0,220,0" radius="0.5" length="4" />
		<capsule pos="24.14999999999999,5.5,-41.4" vel="0,0,0" mass="1" elasticityCoef="1" ang="90,0,0" color="0,220,0" radius="0.5" length="4" />
		<capsule pos="24.14999999999999,5.5,-39.099999999999994" vel="0,0,0" mass="1" elasticityCoef="1" ang="90,0,0" color="0,220,0" radius="0.5" length="4" />
		<capsule pos="24.14999999999999,5.5,-36.8" vel="0,0,0" mass="1" elasticityCoef="1" ang="90,0,0" color="0,220,0" radius="0.5" length="4" />
		<capsule pos="24.14999999999999,5.5,-34.5" vel="0,0,0" mass="1" elasticityCoef="1" ang="90,0,0" color="0,220,0" radius="0.5" length="4" />
		<capsule pos="24.14999999999999,5.5,-32.199999999999996" vel="0,0,0" mass="1" elasticityCoef="1" ang="90,0,0" color="0,220,0" radius="0.5" length="4" />
		<capsule pos="24.14999999999999,5.5,-29.9" vel="0,0,0" mass="1" elasticityCoef="1" ang="90,0,0" color="0,220,0" radius="0.5" length="4" />
		<capsule pos="24.14999999999999,5.5,-27.599999999999998" vel="0,0,0" mass="1" elasticityCoef="1" ang="90,0,0" color="0,220,0" radius="0.5" length="4" />
		<capsule pos="24.14999999999999,5.5,-25.299999999999997" vel="0,0,0" mass="1" elasticityCoef="1" ang="90,0,0" color="0,220,0" radius="0.5" length="4" />
		<capsule pos="24.14999999999999,5.5,-22.999999999999996" vel="0,0,0" mass="1" elasticityCoef="1" ang="90,0,0" color="0,220,0" radius="0.5" length="4" />
		<capsule pos="24.14999999999999,5.5,-20.699999999999996" vel="0,0,0" mass="1" elasticityCoef="1" ang="90,0,0" color="0,220,0" radius="0.5" length="4" />
		<capsule pos="24.14999999999999,5.5,-18.4" vel="0,0,0" mass="1" elasticityCoef="1" ang="90,0,0" color="0,220,0" radius="0.5" length="4" />
		<capsule pos="24.14999999999999,5.5,-16.099999999999998" vel="0,0,0" mass="1" elasticityCoef="1" ang="90,0,0" color="0,220,0" radius="0.5" length="4" />
		<capsule pos="24.14999999999999,5.5,-13.799999999999997" vel="0,0,0" mass="1" elasticityCoef="1" ang="90,0,0" color="0,220,0" radius="0.5" length="4" />
		<capsule pos="24.14999999999999,5.5,-11.5" vel="0,0,0" mass="1" elasticityCoef="1" ang="90,0,0" color="0,220,0" radius="0.5" length="4" />
		<capsule pos="24.14999999999999,5.5,-9.199999999999996" vel="0,0,0" mass="1" elasticityCoef="1" ang="90,0,0" color="0,220,0" radius="0.5" length="4" />
		<capsule pos="24.14999999999999,5.5,-6.899999999999999" vel="0,0,0" mass="1" elasticityCoef="1" ang="90,0,0" color="0,220,0" radius="0.5" length="4" />
		<capsule pos="24.14999999999999,5.5,-4.600000000000001" vel="0,0,0" mass="1" elasticityCoef="1" ang="90,0,0" color="0,220,0" radius="0.5" length="4" />
		<capsule pos="24.14999999999999,5.5,-2.299999999999997" vel="0,0,0" mass="1" elasticityCoef="1" ang="90,0,0" color="0,220,0" radius="0.5" length="4" />
		<capsule pos="24.14999999999999,5.5,0.0" vel="0,0,0" mass="1" elasticityCoef="1" ang="90,0,0" color="0,220,0" radius="0.5" length="4" />
		<capsule pos="24.14999999999999,5.5,2.3000000000000043" vel="0,0,0" mass="1" elasticityCoef="1" ang="90,0,0" color="0,220,0" radius="0.5" length="4" />
		<capsule pos="24.14999999999999,5.5,4.600000000000001" vel="0,0,0" mass="1" elasticityCoef="1" ang="90,0,0" color="0,220,0" radius="0.5" length="4" />
		<capsule pos="24.14999999999999,5.5,6.899999999999999" vel="0,0,0" mass="1" elasticityCoef="1" ang="90,0,0" color="0,220,0" radius="0.5" length="4" />
		<capsule pos="24.14999999999999,5.5,9.200000000000003" vel="0,0,0" mass="1" elasticityCoef="1" ang="90,0,0" color="0,220,0" radius="0.5" length="4" />
		<capsule pos="24.14999999999999,5.5,11.5" vel="0,0,0" mass="1" elasticityCoef="1" ang="90,0,0" color="0,220,0" radius="0.5" length="4" />
		<capsule pos="24.14999999999999,5.5,13.799999999999997" vel="0,0,0" mass="1" elasticityCoef="1" ang="90,0,0" color="0,220,0" radius="0.5" length="4" />
		<capsule pos="24.14999999999999,5.5,16.1" vel="0,0,0" mass="1" elasticityCoef="1" ang="90,0,0" color="0,220,0" radius="0.5" length="4" />
		<capsule pos="24.14999999999999,5.5,18.4" vel="0,0,0" mass="1" elasticityCoef="1" ang="90,0,0" color="0,220,0" radius="0.5" length="4" />
		<capsule pos="24.14999999999999,5.5,20.699999999999996" vel="0,0,0" mass="1" elasticityCoef="1" ang="90,0,0" color="0,220,0" radius="0.5" length="4" />
		<capsule pos="24.14999999999999,5.5,22.999999999999993" vel="0,0,0" mass="1" elasticityCoef="1" ang="90,0,0" color="0,220,0" radius="0.5" length="4" />
		<capsule pos="24.14999999999999,5.5,25.300000000000004" vel="0,0,0" mass="1" elasticityCoef="1" ang="90,0,0" color="0,220,0" radius="0.5" length="4" />
		<capsule pos="24.14999999999999,5.5,27.6" vel="0,0,0" mass="1" elasticityCoef="1" ang="90,0,0" color="0,220,0" radius="0.5" length="4" />
		<capsule pos="24.14999999999999,5.5,29.9" vel="0,0,0" mass="1" elasticityCoef="1" ang="90,0,0" color="0,220,0" radius="0.5" length="4" />
		<capsule pos="24.14999999999999,5.5,32.199999999999996" vel="0,0,0" mass="1" elasticityCoef="1" ang="90,0,0" color="0,220,0" radius="0.5" length="4" />
		<capsule pos="24.14999999999999,5.5,34.49999999999999" vel="0,0,0" mass="1" elasticityCoef="1" ang="90,0,0" color="0,220,0" radius="0.5" length="4" />
		<capsule pos="24.14999999999999,5.5,36.800000000000004" vel="0,0,0" mass="1" elasticityCoef="1" ang="90,0,0" color="0,220,0" radius="0.5" length="4" />
		<capsule pos="24.14999999999999,5.5,39.1" vel="0,0,0" mass="1" elasticityCoef="1" ang="90,0,0" color="0,220,0" radius="0.5" length="4" />
		<capsule pos="24.14999999999999,5.5,41.4" vel="0,0,0" mass="1" elasticityCoef="1" ang="90,0,0" color="0,220,0" radius="0.5" length="4" />
		<capsule pos="24.14999999999999,11.0,-43.699999999999996" vel="0,0,0" mass="1" elasticityCoef="1" ang="90,0,0" color="0,220,0" radius="0.5" length="4" />
		<capsule pos="24.14999999999999,11.0,-41.4" vel="0,0,0" mass="1" elasticityCoef="1" ang="90,0,0" color="0,220,0" radius="0.5" length="4" />
		<capsule pos="24.14999999999999,11.0,-39.099999999999994" vel="0,0,0" mass="1" elasticityCoef="1" ang="90,0,0" color="0,220,0" radius="0.5" length="4" />
		<capsule pos="24.14999999999999,11.0,-36.8" vel="0,0,0" mass="1" elasticityCoef="1" ang="90,0,0" color="0,220,0" radius="0.5" length="4" />
		<capsule pos="24.14999999999999,11.0,-34.5" vel="0,0,0" mass="1" elasticityCoef="1" ang="90,0,0" color="0,220,0" radius="0.5" length="4" />
		<capsule pos="24.14999999999999,11.0,-32.199999999999996" vel="0,0,0" mass="1" elasticityCoef="1" ang="90,0,0" color="0,220,0" radius="0.5" length="4" />
		<capsule pos="24.14999999999999,11.0,-29.9" vel="0,0,0" mass="1" elasticityCoef="1" ang="90,0,0" color="0,220,0" radius="0.5" length="4" />
		<capsule pos="24.14999999999999,11.0,-27.599999999999998" vel="0,0,0" mass="1" elasticityCoef="1" ang="90,0,0" color="0,220,0" radius="0.5" length="4" />
		<capsule pos="24.14999999999999,11.0,-25.299999999999997" vel="0,0,0" mass="1" elasticityCoef="1" ang="90,0,0" color="0,220,0" radius="0.5" length="4" />
		<capsule pos="24.14999999999999,11.0,-22.999999999999996" vel="0,0,0" mass="1" elasticityCoef="1" ang="90,0,0" color="0,220,0" radius="0.5" length="4" />
		<capsule pos="24.14999999999999,11.0,-20.699999999999996" vel="0,0,0" mass="1" elasticityCoef="1" ang="90,0,0" color="0,220,0" radius="0.5" length="4" />
		<capsule pos="24.14999999999999,11.0,-18.4" vel="0,0,0" mass="1" elasticityCoef="1" ang="90,0,0" color="0,220,0" radius="0.5" length="4" />
		<capsule pos="24.14999999999999,11.0,-16.099999999999998" vel="0,0,0" mass="1" elasticityCoef="1" ang="90,0,0" color="0,220,0" radius="0.5" length="4" />
		<capsule pos="24.14999999999999,11.0,-13.799999999999997" vel="0,0,0" mass="1" elasticityCoef="1" ang="90,0,0" color="0,220,0" radius="0.5" length="4" />
		<capsule pos="24.14999999999999,11.0,-11.5" vel="0,0,0" mass="1" elasticityCoef="1" ang="90,0,0" color="0,220,0" radius="0.5" length="4" />
		<capsule pos="24.14999999999999,11.0,-9.199999999999996" vel="0,0,0" mass="1" elasticityCoef="1" ang="90,0,0" color="0,220,0" radius="0.5" length="4" />
		<capsule pos="24.14999999999999,11.0,-6.899999999999999" vel="0,0,0" mass="1" elasticityCoef="1" ang="90,0,0" color="0,220,0" radius="0.5" length="4" />
		<capsule pos="24.14999999999999,11.0,-4.600000000000001" vel="0,0,0" mass="1" elasticityCoef="1" ang="90,0,0" color="0,220,0" radius="0.5" length="4" />
		<capsule pos="24.14999999999999,11.0,-2.299999999999997" vel="0,0,0" mass="1" elasticityCoef="1" ang="90,0,0" color="0,220,0" radius="0.5" length="4" />
		<capsule pos="24.14999999999999,11.0,0.0" vel="0,0,0" mass="1" elasticityCoef="1" ang="90,0,0" color="0,220,0" radius="0.5" length="4" />
		<capsule pos="24.14999999999999,11.0,2.3000000000000043" vel="0,0,0" mass="1" elasticityCoef="1" ang="90,0,0" color="0,220,0" radius="0.5" length="4" />
		<capsule pos="24.14999999999999,11.0,4.600000000000001" vel="0,0,0" mass="1" elasticityCoef="1" ang="90,0,0" color="0,220,0" radius="0.5" length="4" />
		<capsule pos="24.14999999999999,11.0,6.899999999999999" vel="0,0,0" mass="1" elasticityCoef="1" ang="90,0,0" color="0,220,0" radius="0.5" length="4" />
		<capsule pos="24.14999999999999,11.0,9.200000000000003" vel="0,0,0" mass="1" elasticityCoef="1" ang="90,0,0" color="0,220,0" radius="0.5" length="4" />
		<capsule pos="24.14999999999999,11.0,11.5" vel="0,0,0" mass="1" elasticityCoef="1" ang="90,0,0" color="0,220,0" radius="0.5" length="4" />
		<capsule pos="24.14999999999999,11.0,13.799999999999997" vel="0,0,0" mass="1" elasticityCoef="1" ang="90,0,0" color="0,220,0" radius="0.5" length="4" />
		<capsule pos="24.14999999999999,11.0,16.1" vel="0,0,0" mass="1" elasticityCoef="1" ang="90,0,0" color="0,220,0" radius="0.5" length="4" />
		<capsule pos="24.14999999999999,11.0,18.4" vel="0,0,0" mass="1" elasticityCoef="1" ang="90,0,0" color="0,220,0" radius="0.5" length="4" />
		<capsule pos="24.14999999999999,11.0,20.699999999999996" vel="0,0,0" mass="1" elasticityCoef="1" ang="90,0,0" color="0,220,0" radius="0.5" length="4" />
		<capsule pos="24.14999999999999,11.0,22.999999999999993" vel="0,0,0" mass="1" elasticityCoef="1" ang="90,0,0" color="0,220,0" radius="0.5" length="4" />
		<capsule pos="24.14999999999999,11.0,25.300000000000004" vel="0,0,0" mass="1" elasticityCoef="1" ang="90,0,0" color="0,220,0" radius="0.5" length="4" />
		<capsule pos="24.14999999999999,11.0,27.6" vel="0,0,0" mass="1" elasticityCoef="1" ang="90,0,0" color="0,220,0" radius="0.5" length="4" />
		<capsule pos="24.14999999999999,11.0,29.9" vel="0,0,0" mass="1" elasticityCoef="1" ang="90,0,0" color="0,220,0" radius="0.5" length="4" />
		<capsule pos="24.14999999999999,11.0,32.199999999999996" vel="0,0,0" mass="1" elasticityCoef="1" ang="90,0,0" color="0,220,0" radius="0.5" length="4" />
		<capsule pos="24.14999999999999,11.0,34.49999999999999" vel="0,0,0" mass="1" elasticityCoef="1" ang="90,0,0" color="0,220,0" radius="0.5" length="4" />
		<capsule pos="24.14999999999999,11.0,36.800000000000004" vel="0,0,0" mass="1" elasticityCoef="1" ang="90,0,0" color="0,220,0" radius="0.5" length="4" />
		<capsule pos="24.14999999999999,11.0,39.1" vel="0,0,0" mass="1" elasticityCoef="1" ang="90,0,0" color="0,220,0" radius="0.5" length="4" />
		<capsule pos="24.14999999999999,11.0,41.4" vel="0,0,0" mass="1" elasticityCoef="1" ang="90,0,0" color="0,220,0" radius="0.5" length="4" />
		<capsule pos="24.14999999999999,16.5,-43.699999999999996" vel="0,0,0" mass="1" elasticityCoef="1" ang="90,0,0" color="0,220,0" radius="0.5" length="4" />
		<capsule pos="24.14999999999999,16.5,-41.4" vel="0,0,0" mass="1" elasticityCoef="1" ang="90,0,0" color="0,220,0" radius="0.5" length="4" />
		<capsule pos="24.14999999999999,16.5,-39.099999999999994" vel="0,0,0" mass="1" elasticityCoef="1" ang="90,0,0" color="0,220,0" radius="0.5" length="4" />
		<capsule pos="24.14999999999999,16.5,-36.8" vel="0,0,0" mass="1" elasticityCoef="1" ang="90,0,0" color="0,220,0" radius="0.5" length="4" />
		<capsule pos="24.14999999999999,16.5,-34.5" vel="0,0,0" mass="1" elasticityCoef="1" ang="90,0,0" color="0,220,0" radius="0.5" length="4" />
		<capsule pos="24.14999999999999,16.5,-32.199999999999996" vel="0,0,0" mass="1" elasticityCoef="1" ang="90,0,0" color="0,220,0" radius="0.5" length="4" />
		<capsule pos="24.14999999999999,16.5,-29.9" vel="0,0,0" mass="1" elasticityCoef="1" ang="90,0,0" color="0,220,0" radius="0.5" length="4" />
		<capsule pos="24.14999999999999,16.5,-27.599999999999998" vel="0,0,0" mass="1" elasticityCoef="1" ang="90,0,0" color="0,220,0" radius="0.5" length="4" />
		<capsule pos="24.14999999999999,16.5,-25.299999999999997" vel="0,0,0" mass="1" elasticityCoef="1" ang="90,0,0" color="0,220,0" radius="0.5" length="4" />
		<capsule pos="24.14999999999999,16.5,-22.999999999999996" vel="0,0,0" mass="1" elasticityCoef="1" ang="90,0,0" color="0,220,0" radius="0.5" length="4" />
		<capsule pos="24.14999999999999,16.5,-20.699999999999996" vel="0,0,0" mass="1" elasticityCoef="1" ang="90,0,0" color="0,220,0" radius="0.5" length="4" />
		<capsule pos="24.14999999999999,16.5,-18.4" vel="0,0,0" mass="1" elasticityCoef="1" ang="90,0,0" color="0,220,0" radius="0.5" length="4" />
		<capsule pos="24.14999999999999,16.5,-16.099999999999998" vel="0,0,0" mass="1" elasticityCoef="1" ang="90,0,0" color="0,220,0" radius="0.5" length="4" />
		<capsule pos="24.14999999999999,16.5,-13.799999999999997" vel="0,0,0" mass="1" elasticityCoef="1" ang="90,0,0" color="0,220,0" radius="0.5" length="4" />
		<capsule pos="24.14999999999999,16.5,-11.5" vel="0,0,0" mass="1" elasticityCoef="1" ang="90,0,0" color="0,220,0" radius="0.5" length="4" />
		<capsule pos="24.14999999999999,16.5,-9.199999999999996" vel="0,0,0" mass="1" elasticityCoef="1" ang="90,0,0" color="0,220,0" radius="0.5" length="4" />
		<capsule pos="24.14999999999999,16.5,-6.899999999999999" vel="0,0,0" mass="1" elasticityCoef="1" ang="90,0,0" color="0,220,0" radius="0.5" length="4" />
		<capsule pos="24.14999999999999,16.5,-4.600000000000001" vel="0,0,0" mass="1" elasticityCoef="1" ang="90,0,0" color="0,220,0" radius="0.5" length="4" />
		<capsule pos="24.14999999999999,16.5,-2.299999999999997" vel="0,0,0" mass="1" elasticityCoef="1" ang="90,0,0" color="0,220,0" radius="0.5" length="4" />
		<capsule pos="24.14999999999999,16.5,0.0" vel="0,0,0" mass="1" elasticityCoef="1" ang="90,0,0" color="0,220,0" radius="0.5" length="4" />
		<capsule pos="24.14999999999999,16.5,2.3000000000000043" vel="0,0,0" mass="1" elasticityCoef="1" ang="90,0,0" color="0,220,0" radius="0.5" length="4" />
		<capsule pos="24.14999999999999,16.5,4.600000000000001" vel="0,0,0" mass="1" elasticityCoef="1" ang="90,0,0" color="0,220,0" radius="0.5" length="4" />
		<capsule pos="24.14999999999999,16.5,6.899999999999999" vel="0,0,0" mass="1" elasticityCoef="1" ang="90,0,0" color="0,220,0" radius="0.5" length="4" />
		<capsule pos="24.14999999999999,16.5,9.200000000000003" vel="0,0,0" mass="1" elasticityCoef="1" ang="90,0,0" color="0,220,0" radius="0.5" length="4" />
		<capsule pos="24.14999999999999,16.5,11.5" vel="0,0,0" mass="1" elasticityCoef="1" ang="90,0,0" color="0,220,0" radius="0.5" length="4" />
		<capsule pos="24.14999999999999,16.5,13.799999999999997" vel="0,0,0" mass="1" elasticityCoef="1" ang="90,0,0" color="0,220,0" radius="0.5" length="4" />
		<capsule pos="24.14999999999999,16.5,16.1" vel="0,0,0" mass="1" elasticityCoef="1" ang="90,0,0" color="0,220,0" radius="0.5" length="4" />
		<capsule pos="24.14999999999999,16.5,18.4" vel="0,0,0" mass="1" elasticityCoef="1" ang="90,0,0" color="0,220,0" radius="0.5" length="4" />
		<capsule pos="24.14999999999999,16.5,20.699999999999996" vel="0,0,0" mass="1" elasticityCoef="1" ang="90,0,0" color="0,220,0" radius="0.5" length="4" />
		<capsule pos="24.14999999999999,16.5,22.999999999999993" vel="0,0,0" mass="1" elasticityCoef="1" ang="90,0,0" color="0,220,0" radius="0.5" length="4" />
		<capsule pos="24.14999999999999,16.5,25.300000000000004" vel="0,0,0" mass="1" elasticityCoef="1" ang="90,0,0" color="0,220,0" radius="0.5" length="4" />
		<capsule pos="24.14999999999999,16.5,27.6" vel="0,0,0" mass="1" elasticityCoef="1" ang="90,0,0" color="0,220,0" radius="0.5" length="4" />
		<capsule pos="24.14999999999999,16.5,29.9" vel="0,0,0" mass="1" elasticityCoef="1" ang="90,0,0" color="0,220,0" radius="0.5" length="4" />
		<capsule pos="24.14999999999999,16.5,32.199999999999996" vel="0,0,0" mass="1" elasticityCoef="1" ang="90,0,0" color="0,220,0" radius="0.5" length="4" />
		<capsule pos="24.14999999999999,16.5,34.49999999999999" vel="0,0,0" mass="1" elasticityCoef="1" ang="90,0,0" color="0,220,0" radius="0.5" length="4" />
		<capsule pos="24.14999999999999,16.5,36.800000000000004" vel="0,0,0" mass="1" elasticityCoef="1" ang="90,0,0" color="0,220,0" radius="0.5" length="4" />
		<capsule pos="24.14999999999999,16.5,39.1" vel="0,0,0" mass="1" elasticityCoef="1" ang="90,0,0" color="0,220,0" radius="0.5" length="4" />
		<capsule pos="24.14999999999999,16.5,41.4" vel="0,0,0" mass="1" elasticityCoef="1" ang="90,0,0" color="0,220,0" radius="0.5" length="4" />
		<capsule pos="24.14999999999999,22.0,-43.699999999999996" vel="0,0,0" mass="1" elasticityCoef="1" ang="90,0,0" color="0,220,0" radius="0.5" length="4" />
		<capsule pos="24.14999999999999,22.0,-41.4" vel="0,0,0" mass="1" elasticityCoef="1" ang="90,0,0" color="0,220,0" radius="0.5" length="4" />
		<capsule pos="24.14999999999999,22.0,-39.099999999999994" vel="0,0,0" mass="1" elasticityCoef="1" ang="90,0,0" color="0,220,0" radius="0.5" length="4" />
		<capsule pos="24.14999999999999,22.0,-36.8" vel="0,0,0" mass="1" elasticityCoef="1" ang="90,0,0" color="0,220,0" radius="0.5" length="4" />
		<capsule pos="24.14999999999999,22.0,-34.5" vel="0,0,0" mass="1" elasticityCoef="1" ang="90,0,0" color="0,220,0" radius="0.5" length="4" />
		<capsule pos="24.14999999999999,22.0,-32.199999999999996" vel="0,0,0" mass="1" elasticityCoef="1" ang="90,0,0" color="0,220,0" radius="0.5" length="4" />
		<capsule pos="24.14999999999999,22.0,-29.9" vel="0,0,0" mass="1" elasticityCoef="1" ang="90,0,0" color="0,220,0" radius="0.5" length="4" />
		<capsule pos="24.14999999999999,22.0,-27.599999999999998" vel="0,0,0" mass="1" elasticityCoef="1" ang="90,0,0" color="0,220,0" radius="0.5" length="4" />
		<capsule pos="24.14999999999999,22.0,-25.299999999999997" vel="0,0,0" mass="1" elasticityCoef="1" ang="90,0,0" color="0,220,0" radius="0.5" length="4" />
		<capsule pos="24.14999999999999,22.0,-22.999999999999996" vel="0,0,0" mass="1" elasticityCoef="1" ang="90,0,0" color="0,220,0" radius="0.5" length="4" />
		<capsule pos="24.14999999999999,22.0,-20.699999999999996" vel="0,0,0" mass="1" elasticityCoef="1" ang="90,0,0" color="0,220,0" radius="0.5" length="4" />
		<capsule pos="24.14999999999999,22.0,-18.4" vel="0,0,0" mass="1" elasticityCoef="1" ang="90,0,0" color="0,220,0" radius="0.5" length="4" />
		<capsule pos="24.14999999999999,22.0,-16.099999999999998" vel="0,0,0" mass="1" elasticityCoef="1" ang="90,0,0" color="0,220,0" radius="0.5" length="4" />
		<capsule pos="24.14999999999999,22.0,-13.799999999999997" vel="0,0,0" mass="1" elasticityCoef="1" ang="90,0,0" color="0,220,0" radius="0.5" length="4" />
		<capsule pos="24.14999999999999,22.0,-11.5" vel="0,0,0" mass="1" elasticityCoef="1" ang="90,0,0" color="0,220,0" radius="0.5" length="4" />
		<capsule pos="24.14999999999999,22.0,-9.199999999999996" vel="0,0,0" mass="1" elasticityCoef="1" ang="90,0,0" color="0,220,0" radius="0.5" length="4" />
		<capsule pos="24.14999999999999,22.0,-6.899999999999999" vel="0,0,0" mass="1" elasticityCoef="1" ang="90,0,0" color="0,220,0" radius="0.5" length="4" />
		<capsule pos="24.14999999999999,22.0,-4.600000000000001" vel="0,0,0" mass="1" elasticityCoef="1" ang="90,0,0" color="0,220,0" radius="0.5" length="4" />
		<capsule pos="24.14999999999999,22.0,-2.299999999999997" vel="0,0,0" mass="1" elasticityCoef="1" ang="90,0,0" color="0,220,0" radius="0.5" length="4" />
		<capsule pos="24.14999999999999,22.0,0.0" vel="0,0,0" mass="1" elasticityCoef="1" ang="90,0,0" color="0,220,0" radius="0.5" length="4" />
		<capsule pos="24.14999999999999,22.0,2.3000000000000043" vel="0,0,0" mass="1" elasticityCoef="1" ang="90,0,0" color="0,220,0" radius="0.5" length="4" />
		<capsule pos="24.14999999999999,22.0,4.600000000000001" vel="0,0,0" mass="1" elasticityCoef="1" ang="90,0,0" color="0,220,0" radius="0.5" length="4" />
		<capsule pos="24.14999999999999,22.0,6.899999999999999" vel="0,0,0" mass="1" elasticityCoef="1" ang="90,0,0" color="0,220,0" radius="0.5" length="4" />
		<capsule pos="24.14999999999999,22.0,9.200000000000003" vel="0,0,0" mass="1" elasticityCoef="1" ang="90,0,0" color="0,220,0" radius="0.5" length="4" />
		<capsule pos="24.14999999999999,22.0,11.5" vel="0,0,0" mass="1" elasticityCoef="1" ang="90,0,0" color="0,220,0" radius="0.5" length="4" />
		<capsule pos="24.14999999999999,22.0,13.799999999999997" vel="0,0,0" mass="1" elasticityCoef="1" ang="90,0,0" color="0,220,0" radius="0.5" length="4" />
		<capsule pos="24.14999999999999,22.0,16.1" vel="0,0,0" mass="1" elasticityCoef="1" ang="90,0,0" color="0,220,0" radius="0.5" length="4" />
		<capsule pos="24.14999999999999,22.0,18.4" vel="0,0,0" mass="1" elasticityCoef="1" ang="90,0,0" color="0,220,0" radius="0.5" length="4" />
		<capsule pos="24.14999999999999,22.0,20.699999999999996" vel="0,0,0" mass="1" elasticityCoef="1" ang="90,0,0" color="0,220,0" radius="0.5" length="4" />
		<capsule pos="24.14999999999999,22.0,22.999999999999993" vel="0,0,0" mass="1" elasticityCoef="1" ang="90,0,0" color="0,220,0" radius="0.5" length="4" />
		<capsule pos="24.14999999999999,22.0,25.300000000000004" vel="0,0,0" mass="1" elasticityCoef="1" ang="90,0,0" color="0,220,0" radius="0.5" length="4" />
		<capsule pos="24.14999999999999,22.0,27.6" vel="0,0,0" mass="1" elasticityCoef="1" ang="90,0,0" color="0,220,0" radius="0.5" length="4" />
		<capsule pos="24.14999999999999,22.0,29.9" vel="0,0,0" mass="1" elasticityCoef="1" ang="90,0,0" color="0,220,0" radius="0.5" length="4" />
		<capsule pos="24.14999999999999,22.0,32.199999999999996" vel="0,0,0" mass="1" elasticityCoef="1" ang="90,0,0" color="0,220,0" radius="0.5" length="4" />
		<capsule pos="24.14999999999999,22.0,34.49999999999999" vel="0,0,0" mass="1" elasticityCoef="1" ang="90,0,0" color="0,220,0" radius="0.5" length="4" />
		<capsule pos="24.14999999999999,22.0,36.800000000000004" vel="0,0,0" mass="1" elasticityCoef="1" ang="90,0,0" color="0,220,0" radius="0.5" length="4" />
		<capsule pos="24.14999999999999,22.0,39.1" vel="0,0,0" mass="1" elasticityCoef="1" ang="90,0,0" color="0,220,0" radius="0.5" length="4" />
		<capsule pos="24.14999999999999,22.0,41.4" vel="0,0,0" mass="1" elasticityCoef="1" ang="90,0,0" color="0,220,0" radius="0.5" length="4" />
		<capsule pos="24.14999999999999,27.5,-43.699999999999996" vel="0,0,0" mass="1" elasticityCoef="1" ang="90,0,0" color="0,220,0" radius="0.5" length="4" />
		<capsule pos="24.14999999999999,27.5,-41.4" vel="0,0,0" mass="1" elasticityCoef="1" ang="90,0,0" color="0,220,0" radius="0.5" length="4" />
		<capsule pos="24.14999999999999,27.5,-39.099999999999994" vel="0,0,0" mass="1" elasticityCoef="1" ang="90,0,0" color="0,220,0" radius="0.5" length="4" />
		<capsule pos="24.14999999999999,27.5,-36.8" vel="0,0,0" mass="1" elasticityCoef="1" ang="90,0,0" color="0,220,0" radius="0.5" length="4" />
		<capsule pos="24.14999999999999,27.5,-34.5" vel="0,0,0" mass="1" elasticityCoef="1" ang="90,0,0" color="0,220,0" radius="0.5" length="4" />
		<capsule pos="24.14999999999999,27.5,-32.199999999999996" vel="0,0,0" mass="1" elasticityCoef="1" ang="90,0,0" color="0,220,0" radius="0.5" length="4" />
		<capsule pos="24.14999999999999,27.5,-29.9" vel="0,0,0" mass="1" elasticityCoef="1" ang="90,0,0" color="0,220,0" radius="0.5" length="4" />
		<capsule pos="24.14999999999999,27.5,-27.599999999999998" vel="0,0,0" mass="1" elasticityCoef="1" ang="90,0,0" color="0,220,0" radius="0.5" length="4" />
		<capsule pos="24.14999999999999,27.5,-25.299999999999997" vel="0,0,0" mass="1" elasticityCoef="1" ang="90,0,0" color="0,220,0" radius="0.5" length="4" />
		<capsule pos="24.14999999999999,27.5,-22.999999999999996" vel="0,0,0" mass="1" elasticityCoef="1" ang="90,0,0" color="0,220,0" radius="0.5" length="4" />
		<capsule pos="24.14999999999999,27.5,-20.699999999999996" vel="0,0,0" mass="1" elasticityCoef="1" ang="90,0,0" color="0,220,0" radius="0.5" length="4" />
		<capsule pos="24.14999999999999,27.5,-18.4" vel="0,0,0" mass="1" elasticityCoef="1" ang="90,0,0" color="0,220,0" radius="0.5" length="4" />
		<capsule pos="24.14999999999999,27.5,-16.099999999999998" vel="0,0,0" mass="1" elasticityCoef="1" ang="90,0,0" color="0,220,0" radius="0.5" length="4" />
		<capsule pos="24.14999999999999,27.5,-13.799999999999997" vel="0,0,0" mass="1" elasticityCoef="1" ang="90,0,0" color="0,220,0" radius="0.5" length="4" />
		<capsule pos="24.14999999999999,27.5,-11.5" vel="0,0,0" mass="1" elasticityCoef="1" ang="90,0,0" color="0,220,0" radius="0.5" length="4" />
		<capsule pos="24.14999999999999,27.5,-9.199999999999996" vel="0,0,0" mass="1" elasticityCoef="1" ang="90,0,0" color="0,220,0" radius="0.5" length="4" />
		<capsule pos="24.14999999999999,27.5,-6.899999999999999" vel="0,0,0" mass="1" elasticityCoef="1" ang="90,0,0" color="0,220,0" radius="0.5" length="4" />
		<capsule pos="24.14999999999999,27.5,-4.600000000000001" vel="0,0,0" mass="1" elasticityCoef="1" ang="90,0,0" color="0,220,0" radius="0.5" length="4" />
		<capsule pos="24.14999999999999,27.5,-2.299999999999997" vel="0,0,0" mass="1" elasticityCoef="1" ang="90,0,0" color="0,220,0" radius="0.5" length="4" />
		<capsule pos="24.14999999999999,27.5,0.0" vel="0,0,0" mass="1" elasticityCoef="1" ang="90,0,0" color="0,220,0" radius="0.5" length="4" />
		<capsule pos="24.14999999999999,27.5,2.3000000000000043" vel="0,0,0" mass="1" elasticityCoef="1" ang="90,0,0" color="0,220,0" radius="0.5" length="4" />
		<capsule pos="24.14999999999999,27.5,4.600000000000001" vel="0,0,0" mass="1" elasticityCoef="1" ang="90,0,0" color="0,220,0" radius="0.5" length="4" />
		<capsule pos="24.14999999999999,27.5,6.899999999999999" vel="0,0,0" mass="1" elasticityCoef="1" ang="90,0,0" color="0,220,0" radius="0.5" length="4" />
		<capsule pos="24.14999999999999,27.5,9.200000000000003" vel="0,0,0" mass="1" elasticityCoef="1" ang="90,0,0" color="0,220,0" radius="0.5" length="4" />
		<capsule pos="24.14999999999999,27.5,11.5" vel="0,0,0" mass="1" elasticityCoef="1" ang="90,0,0" color="0,220,0" radius="0.5" length="4" />
		<capsule pos="24.14999999999999,27.5,13.799999999999997" vel="0,0,0" mass="1" elasticityCoef="1" ang="90,0,0" color="0,220,0" radius="0.5" length="4" />
		<capsule pos="24.14999999999999,27.5,16.1" vel="0,0,0" mass="1" elasticityCoef="1" ang="90,0,0" color="0,220,0" radius="0.5" length="4" />
		<capsule pos="24.14999999999999,27.5,18.4" vel="0,0,0" mass="1" elasticityCoef="1" ang="90,0,0" color="0,220,0" radius="0.5" length="4" />
		<capsule pos="24.14999999999999,27.5,20.699999999999996" vel="0,0,0" mass="1" elasticityCoef="1" ang="90,0,0" color="0,220,0" radius="0.5" length="4" />
		<capsule pos="24.14999999999999,27.5,22.999999999999993" vel="0,0,0" mass="1" elasticityCoef="1" ang="90,0,0" color="0,220,0" radius="0.5" length="4" />
		<capsule pos="24.14999999999999,27.5,25.300000000000004" vel="0,0,0" mass="1" elasticityCoef="1" ang="90,0,0" color="0,220,0" radius="0.5" length="4" />
		<capsule pos="24.14999999999999,27.5,27.6" vel="0,0,0" mass="1" elasticityCoef="1" ang="90,0,0" color="0,220,0" radius="0.5" length="4" />
		<capsule pos="24.14999999999999,27.5,29.9" vel="0,0,0" mass="1" elasticityCoef="1" ang="90,0,0" color="0,220,0" radius="0.5" length="4" />
		<capsule pos="24.14999999999999,27.5,32.199999999999996" vel="0,0,0" mass="1" elasticityCoef="1" ang="90,0,0" color="0,220,0" radius="0.5" length="4" />
		<capsule pos="24.14999999999999,27.5,34.49999999999999" vel="0,0,0" mass="1" elasticityCoef="1" ang="90,0,0" color="0,220,0" radius="0.5" length="4" />
		<capsule pos="24.14999999999999,27.5,36.800000000000004" vel="0,0,0" mass="1" elasticityCoef="1" ang="90,0,0" color="0,220,0" radius="0.5" length="4" />
		<capsule pos="24.14999999999999,27.5,39.1" vel="0,0,0" mass="1" elasticityCoef="1" ang="90,0,0" color="0,220,0" radius="0.5" length="4" />
		<capsule pos="24.14999999999999,27.5,41.4" vel="0,0,0" mass="1" elasticityCoef="1" ang="90,0,0" color="0,220,0" radius="0.5" length="4" />
		<capsule pos="24.14999999999999,33.0,-43.699999999999996" vel="0,0,0" mass="1" elasticityCoef="1" ang="90,0,0" color="0,220,0" radius="0.5" length="4" />
		<capsule pos="24.14999999999999,33.0,-41.4" vel="0,0,0" mass="1" elasticityCoef="1" ang="90,0,0" color="0,220,0" radius="0.5" length="4" />
		<capsule pos="24.14999999999999,33.0,-39.099999999999994" vel="0,0,0" mass="1" elasticityCoef="1" ang="90,0,0" color="0,220,0" radius="0.5" length="4" />
		<capsule pos="24.14999999999999,33.0,-36.8" vel="0,0,0" mass="1" elasticityCoef="1" ang="90,0,0" color="0,220,0" radius="0.5" length="4" />
		<capsule pos="24.14999999999999,33.0,-34.5" vel="0,0,0" mass="1" elasticityCoef="1" ang="90,0,0" color="0,220,0" radius="0.5" length="4" />
		<capsule pos="24.14999999999999,33.0,-32.199999999999996" vel="0,0,0" mass="1" elasticityCoef="1" ang="90,0,0" color="0,220,0" radius="0.5" length="4" />
		<capsule pos="24.14999999999999,33.0,-29.9" vel="0,0,0" mass="1" elasticityCoef="1" ang="90,0,0" color="0,220,0" radius="0.5" length="4" />
		<capsule pos="24.14999999999999,33.0,-27.599999999999998" vel="0,0,0" mass="1" elasticityCoef="1" ang="90,0,0" color="0,220,0" radius="0.5" length="4" />
		<capsule pos="24.14999999999999,33.0,-25.299999999999997" vel="0,0,0" mass="1" elasticityCoef="1" ang="90,0,0" color="0,220,0" radius="0.5" length="4" />
		<capsule pos="24.14999999999999,33.0,-22.999999999999996" vel="0,0,0" mass="1" elasticityCoef="1" ang="90,0,0" color="0,220,0" radius="0.5" length="4" />
		<capsule pos="24.14999999999999,33.0,-20.699999999999996" vel="0,0,0" mass="1" elasticityCoef="1" ang="90,0,0" color="0,220,0" radius="0.5" length="4" />
		<capsule pos="24.14999999999999,33.0,-18.4" vel="0,0,0" mass="1" elasticityCoef="1" ang="90,0,0" color="0,220,0" radius="0.5" length="4" />
		<capsule pos="24.14999999999999,33.0,-16.099999999999998" vel="0,0,0" mass="1" elasticityCoef="1" ang="90,0,0" color="0,220,0" radius="0.5" length="4" />
		<capsule pos="24.14999999999999,33.0,-13.799999999999997" vel="0,0,0" mass="1" elasticityCoef="1" ang="90,0,0" color="0,220,0" radius="0.5" length="4" />
		<capsule pos="24.14999999999999,33.0,-11.5" vel="0,0,0" mass="1" elasticityCoef="1" ang="90,0,0" color="0,220,0" radius="0.5" length="4" />
		<capsule pos="24.14999999999999,33.0,-9.199999999999996" vel="0,0,0" mass="1" elasticityCoef="1" ang="90,0,0" color="0,220,0" radius="0.5" length="4" />
		<capsule pos="24.14999999999999,33.0,-6.899999999999999" vel="0,0,0" mass="1" elasticityCoef="1" ang="90,0,0" color="0,220,0" radius="0.5" length="4" />
		<capsule pos="24.14999999999999,33.0,-4.600000000000001" vel="0,0,0" mass="1" elasticityCoef="1" ang="90,0,0" color="0,220,0" radius="0.5" length="4" />
		<capsule pos="24.14999999999999,33.0,-2.299999999999997" vel="0,0,0" mass="1" elasticityCoef="1" ang="90,0,0" color="0,220,0" radius="0.5" length="4" />
		<capsule pos="24.14999999999999,33.0,0.0" vel="0,0,0" mass="1" elasticityCoef="1" ang="90,0,0" color="0,220,0" radius="0.5" length="4" />
		<capsule pos="24.14999999999999,33.0,2.3000000000000043" vel="0,0,0" mass="1" elasticityCoef="1" ang="90,0,0" color="0,220,0" radius="0.5" length="4" />
		<capsule pos="24.14999999999999,33.0,4.600000000000001" vel="0,0,0" mass="1" elasticityCoef="1" ang="90,0,0" color="0,220,0" radius="0.5" length="4" />
		<capsule pos="24.14999999999999,33.0,6.899999999999999" vel="0,0,0" mass="1" elasticityCoef="1" ang="90,0,0" color="0,220,0" radius="0.5" length="4" />
		<capsule pos="24.14999999999999,33.0,9.200000000000003" vel="0,0,0" mass="1" elasticityCoef="1" ang="90,0,0" color="0,220,0" radius="0.5" length="4" />
		<capsule pos="24.14999999999999,33.0,11.5" vel="0,0,0" mass="1" elasticityCoef="1" ang="90,0,0" color="0,220,0" radius="0.5" length="4" />
		<capsule pos="24.14999999999999,33.0,13.799999999999997" vel="0,0,0" mass="1" elasticityCoef="1" ang="90,0,0" color="0,220,0" radius="0.5" length="4" />
		<capsule pos="24.14999999999999,33.0,16.1" vel="0,0,0" mass="1" elasticityCoef="1" ang="90,0,0" color="0,220,0" radius="0.5" length="4" />
		<capsule pos="24.14999999999999,33.0,18.4" vel="0,0,0" mass="1" elasticityCoef="1" ang="90,0,0" color="0,220,0" radius="0.5" length="4" />
		<capsule pos="24.14999999999999,33.0,20.699999999999996" vel="0,0,0" mass="1" elasticityCoef="1" ang="90,0,0" color="0,220,0" radius="0.5" length="4" />
		<capsule pos="24.14999999999999,33.0,22.999999999999993" vel="0,0,0" mass="1" elasticityCoef="1" ang="90,0,0" color="0,220,0" radius="0.5" length="4" />
		<capsule pos="24.14999999999999,33.0,25.300000000000004" vel="0,0,0" mass="1" elasticityCoef="1" ang="90,0,0" color="0,220,0" radius="0.5" length="4" />
		<capsule pos="24.14999999999999,33.0,27.6" vel="0,0,0" mass="1" elasticityCoef="1" ang="90,0,0" color="0,220,0" radius="0.5" length="4" />
		<capsule pos="24.14999999999999,33.0,29.9" vel="0,0,0" mass="1" elasticityCoef="1" ang="90,0,0" color="0,220,0" radius="0.5" length="4" />
		<capsule pos="24.14999999999999,33.0,32.199999999999996" vel="0,0,0" mass="1" elasticityCoef="1" ang="90,0,0" color="0,220,0" radius="0.5" length="4" />
		<capsule pos="24.14999999999999,33.0,34.49999999999999" vel="0,0,0" mass="1" elasticityCoef="1" ang="90,0,0" color="0,220,0" radius="0.5" length="4" />
		<capsule pos="24.14999999999999,33.0,36.800000000000004" vel="0,0,0" mass="1" elasticityCoef="1" ang="90,0,0" color="0,220,0" radius="0.5" length="4" />
		<capsule pos="24.14999999999999,33.0,39.1" vel="0,0,0" mass="1" elasticityCoef="1" ang="90,0,0" color="0,220,0" radius="0.5" length="4" />
		<capsule pos="24.14999999999999,33.0,41.4" vel="0,0,0" mass="1" elasticityCoef="1" ang="90,0,0" color="0,220,0" radius="0.5" length="4" />
		<capsule pos="24.14999999999999,38.5,-43.699999999999996" vel="0,0,0" mass="1" elasticityCoef="1" ang="90,0,0" color="0,220,0" radius="0.5" length="4" />
		<capsule pos="24.14999999999999,38.5,-41.4" vel="0,0,0" mass="1" elasticityCoef="1" ang="90,0,0" color="0,220,0" radius="0.5" length="4" />
		<capsule pos="24.14999999999999,38.5,-39.099999999999994" vel="0,0,0" mass="1" elasticityCoef="1" ang="90,0,0" color="0,220,0" radius="0.5" length="4" />
		<capsule pos="24.14999999999999,38.5,-36.8" vel="0,0,0" mass="1" elasticityCoef="1" ang="90,0,0" color="0,220,0" radius="0.5" length="4" />
		<capsule pos="24.14999999999999,38.5,-34.5" vel="0,0,0" mass="1" elasticityCoef="1" ang="90,0,0" color="0,220,0" radius="0.5" length="4" />
		<capsule pos="24.14999999999999,38.5,-32.199999999999996" vel="0,0,0" mass="1" elasticityCoef="1" ang="90,0,0" color="0,220,0" radius="0.5" length="4" />
		<capsule pos="24.14999999999999,38.5,-29.9" vel="0,0,0" mass="1" elasticityCoef="1" ang="90,0,0" color="0,220,0" radius="0.5" length="4" />
		<capsule pos="24.14999999999999,38.5,-27.599999999999998" vel="0,0,0" mass="1" elasticityCoef="1" ang="90,0,0" color="0,220,0" radius="0.5" length="4" />
		<capsule pos="24.14999999999999,38.5,-25.299999999999997" vel="0,0,0" mass="1" elasticityCoef="1" ang="90,0,0" color="0,220,0" radius="0.5" length="4" />
		<capsule pos="24.14999999999999,38.5,-22.999999999999996" vel="0,0,0" mass="1" elasticityCoef="1" ang="90,0,0" color="0,220,0" radius="0.5" length="4" />
		<capsule pos="24.14999999999999,38.5,-20.699999999999996" vel="0,0,0" mass="1" elasticityCoef="1" ang="90,0,0" color="0,220,0" radius="0.5" length="4" />
		<capsule pos="24.14999999999999,38.5,-18.4" vel="0,0,0" mass="1" elasticityCoef="1" ang="90,0,0" color="0,220,0" radius="0.5" length="4" />
		<capsule pos="24.14999999999999,38.5,-16.099999999999998" vel="0,0,0" mass="1" elasticityCoef="1" ang="90,0,0" color="0,220,0" radius="0.5" length="4" />
		<capsule pos="24.14999999999999,38.5,-13.799999999999997" vel="0,0,0" mass="1" elasticityCoef="1" ang="90,0,0" color="0,220,0" radius="0.5" length="4" />
		<capsule pos="24.14999999999999,38.5,-11.5" vel="0,0,0" mass="1" elasticityCoef="1" ang="90,0,0" color="0,220,0" radius="0.5" length="4" />
		<capsule pos="24.14999999999999,38.5,-9.199999999999996" vel="0,0,0" mass="1" elasticityCoef="1" ang="90,0,0" color="0,220,0" radius="0.5" length="4" />
		<capsule pos="24.14999999999999,38.5,-6.899999999999999" vel="0,0,0" mass="1" elasticityCoef="1" ang="90,0,0" color="0,220,0" radius="0.5" length="4" />
		<capsule pos="24.14999999999999,38.5,-4.600000000000001" vel="0,0,0" mass="1" elasticityCoef="1" ang="90,0,0" color="0,220,0" radius="0.5" length="4" />
		<capsule pos="24.14999999999999,38.5,-2.299999999999997" vel="0,0,0" mass="1" elasticityCoef="1" ang="90,0,0" color="0,220,0" radius="0.5" length="4" />
		<capsule pos="24.14999999999999,38.5,0.0" vel="0,0,0" mass="1" elasticityCoef="1" ang="90,0,0" color="0,220,0" radius="0.5" length="4" />
		<capsule pos="24.14999999999999,38.5,2.3000000000000043" vel="0,0,0" mass="1" elasticityCoef="1" ang="90,0,0" color="0,220,0" radius="0.5" length="4" />
		<capsule pos="24.14999999999999,38.5,4.600000000000001" vel="0,0,0" mass="1" elasticityCoef="1" ang="90,0,0" color="0,220,0" radius="0.5" length="4" />
		<capsule pos="24.14999999999999,38.5,6.899999999999999" vel="0,0,0" mass="1" elasticityCoef="1" ang="90,0,0" color="0,220,0" radius="0.5" length="4" />
		<capsule pos="24.14999999999999,38.5,9.200000000000003" vel="0,0,0" mass="1" elasticityCoef="1" ang="90,0,0" color="0,220,0" radius="0.5" length="4" />
		<capsule pos="24.14999999999999,38.5,11.5" vel="0,0,0" mass="1" elasticityCoef="1" ang="90,0,0" color="0,220,0" radius="0.5" length="4" />
		<capsule pos="24.14999999999999,38.5,13.799999999999997" vel="0,0,0" mass="1" elasticityCoef="1" ang="90,0,0" color="0,220,0" radius="0.5" length="4" />
		<capsule pos="24.14999999999999,38.5,16.1" vel="0,0,0" mass="1" elasticityCoef="1" ang="90,0,0" color="0,220,0" radius="0.5" length="4" />
		<capsule pos="24.14999999999999,38.5,18.4" vel="0,0,0" mass="1" elasticityCoef="1" ang="90,0,0" color="0,220,0" radius="0.5" length="4" />
		<capsule pos="24.14999999999999,38.5,20.699999999999996" vel="0,0,0" mass="1" elasticityCoef="1" ang="90,0,0" color="0,220,0" radius="0.5" length="4" />
		<capsule pos="24.14999999999999,38.5,22.999999999999993" vel="0,0,0" mass="1" elasticityCoef="1" ang="90,0,0" color="0,220,0" radius="0.5" length="4" />
		<capsule pos="24.14999999999999,38.5,25.300000000000004" vel="0,0,0" mass="1" elasticityCoef="1" ang="90,0,0" color="0,220,0" radius="0.5" length="4" />
		<capsule pos="24.14999999999999,38.5,27.6" vel="0,0,0" mass="1" elasticityCoef="1" ang="90,0,0" color="0,220,0" radius="0.5" length="4" />
		<capsule pos="24.14999999999999,38.5,29.9" vel="0,0,0" mass="1" elasticityCoef="1" ang="90,0,0" color="0,220,0" radius="0.5" length="4" />
		<capsule pos="24.14999999999999,38.5,32.199999999999996" vel="0,0,0" mass="1" elasticityCoef="1" ang="90,0,0" color="0,220,0" radius="0.5" length="4" />
		<capsule pos="24.14999999999999,38.5,34.49999999999999" vel="0,0,0" mass="1" elasticityCoef="1" ang="90,0,0" color="0,220,0" radius="0.5" length="4" />
		<capsule pos="24.14999999999999,38.5,36.800000000000004" vel="0,0,0" mass="1" elasticityCoef="1" ang="90,0,0" color="0,220,0" radius="0.5" length="4" />
		<capsule pos="24.14999999999999,38.5,39.1" vel="0,0,0" mass="1" elasticityCoef="1" ang="90,0,0" color="0,220,0" radius="0.5" length="4" />
		<capsule pos="24.14999999999999,38.5,41.4" vel="0,0,0" mass="1" elasticityCoef="1" ang="90,0,0" color="0,220,0" radius="0.5" length="4" />
		<capsule pos="24.14999999999999,44.0,-43.699999999999996" vel="0,0,0" mass="1" elasticityCoef="1" ang="90,0,0" color="0,220,0" radius="0.5" length="4" />
		<capsule pos="24.14999999999999,44.0,-41.4" vel="0,0,0" mass="1" elasticityCoef="1" ang="90,0,0" color="0,220,0" radius="0.5" length="4" />
		<capsule pos="24.14999999999999,44.0,-39.099999999999994" vel="0,0,0" mass="1" elasticityCoef="1" ang="90,0,0" color="0,220,0" radius="0.5" length="4" />
		<capsule pos="24.14999999999999,44.0,-36.8" vel="0,0,0" mass="1" elasticityCoef="1" ang="90,0,0" color="0,220,0" radius="0.5" length="4" />
		<capsule pos="24.14999999999999,44.0,-34.5" vel="0,0,0" mass="1" elasticityCoef="1" ang="90,0,0" color="0,220,0" radius="0.5" length="4" />
		<capsule pos="24.14999999999999,44.0,-32.199999999999996" vel="0,0,0" mass="1" elasticityCoef="1" ang="90,0,0" color="0,220,0" radius="0.5" length="4" />
		<capsule pos="24.14999999999999,44.0,-29.9" vel="0,0,0" mass="1" elasticityCoef="1" ang="90,0,0" color="0,220,0" radius="0.5" length="4" />
		<capsule pos="24.14999999999999,44.0,-27.599999999999998" vel="0,0,0" mass="1" elasticityCoef="1" ang="90,0,0" color="0,220,0" radius="0.5" length="4" />
		<capsule pos="24.14999999999999,44.0,-25.299999999999997" vel="0,0,0" mass="1" elasticityCoef="1" ang="90,0,0" color="0,220,0" radius="0.5" length="4" />
		<capsule pos="24.14999999999999,44.0,-22.999999999999996" vel="0,0,0" mass="1" elasticityCoef="1" ang="90,0,0" color="0,220,0" radius="0.5" length="4" />
		<capsule pos="24.14999999999999,44.0,-20.699999999999996" vel="0,0,0" mass="1" elasticityCoef="1" ang="90,0,0" color="0,220,0" radius="0.5" length="4" />
		<capsule pos="24.14999999999999,44.0,-18.4" vel="0,0,0" mass="1" elasticityCoef="1" ang="90,0,0" color="0,220,0" radius="0.5" length="4" />
		<capsule pos="24.14999999999999,44.0,-16.099999999999998" vel="0,0,0" mass="1" elasticityCoef="1" ang="90,0,0" color="0,220,0" radius="0.5" length="4" />
		<capsule pos="24.14999999999999,44.0,-13.799999999999997" vel="0,0,0" mass="1" elasticityCoef="1" ang="90,0,0" color="0,220,0" radius="0.5" length="4" />
		<capsule pos="24.14999999999999,44.0,-11.5" vel="0,0,0" mass="1" elasticityCoef="1" ang="90,0,0" color="0,220,0" radius="0.5" length="4" />
		<capsule pos="24.14999999999999,44.0,-9.199999999999996" vel="0,0,0" mass="1" elasticityCoef="1" ang="90,0,0" color="0,220,0" radius="0.5" length="4" />
		<capsule pos="24.14999999999999,44.0,-6.899999999999999" vel="0,0,0" mass="1" elasticityCoef="1" ang="90,0,0" color="0,220,0" radius="0.5" length="4" />
		<capsule pos="24.14999999999999,44.0,-4.600000000000001" vel="0,0,0" mass="1" elasticityCoef="1" ang="90,0,0" color="0,220,0" radius="0.5" length="4" />
		<capsule pos="24.14999999999999,44.0,-2.299999999999997" vel="0,0,0" mass="1" elasticityCoef="1" ang="90,0,0" color="0,220,0" radius="0.5" length="4" />
		<capsule pos="24.14999999999999,44.0,0.0" vel="0,0,0" mass="1" elasticityCoef="1" ang="90,0,0" color="0,220,0" radius="0.5" length="4" />
		<capsule pos="24.14999999999999,44.0,2.3000000000000043" vel="0,0,0" mass="1" elasticityCoef="1" ang="90,0,0" color="0,220,0" radius="0.5" length="4" />
		<capsule pos="24.14999999999999,44.0,4.600000000000001" vel="0,0,0" mass="1" elasticityCoef="1" ang="90,0,0" color="0,220,0" radius="0.5" length="4" />
		<capsule pos="24.14999999999999,44.0,6.899999999999999" vel="0,0,0" mass="1" elasticityCoef="1" ang="90,0,0" color="0,220,0" radius="0.5" length="4" />
		<capsule pos="24.14999999999999,44.0,9.200000000000003" vel="0,0,0" mass="1" elasticityCoef="1" ang="90,0,0" color="0,220,0" radius="0.5" length="4" />
		<capsule pos="24.14999999999999,44.0,11.5" vel="0,0,0" mass="1" elasticityCoef="1" ang="90,0,0" color="0,220,0" radius="0.5" length="4" />
		<capsule pos="24.14999999999999,44.0,13.799999999999997" vel="0,0,0" mass="1" elasticityCoef="1" ang="90,0,0" color="0,220,0" radius="0.5" length="4" />
		<capsule pos="24.14999999999999,44.0,16.1" vel="0,0,0" mass="1" elasticityCoef="1" ang="90,0,0" color="0,220,0" radius="0.5" length="4" />
		<capsule pos="24.14999999999999,44.0,18.4" vel="0,0,0" mass="1" elasticityCoef="1" ang="90,0,0" color="0,220,0" radius="0.5" length="4" />
		<capsule pos="24.14999999999999,44.0,20.699999999999996" vel="0,0,0" mass="1" elasticityCoef="1" ang="90,0,0" color="0,220,0" radius="0.5" length="4" />
		<capsule pos="24.14999999999999,44.0,22.999999999999993" vel="0,0,0" mass="1" elasticityCoef="1" ang="90,0,0" color="0,220,0" radius="0.5" length="4" />
		<capsule pos="24.14999999999999,44.0,25.300000000000004" vel="0,0,0" mass="1" elasticityCoef="1" ang="90,0,0" color="0,220,0" radius="0.5" length="4" />
		<capsule pos="24.14999999999999,44.0,27.6" vel="0,0,0" mass="1" elasticityCoef="1" ang="90,0,0" color="0,220,0" radius="0.5" length="4" />
		<capsule pos="24.14999999999999,44.0,29.9" vel="0,0,0" mass="1" elasticityCoef="1" ang="90,0,0" color="0,220,0" radius="0.5" length="4" />
		<capsule pos="24.14999999999999,44.0,32.199999999999996" vel="0,0,0" mass="1" elasticityCoef="1" ang="90,0,0" color="0,220,0" radius="0.5" length="4" />
		<capsule pos="24.14999999999999,44.0,34.49999999999999" vel="0,0,0" mass="1" elasticityCoef="1" ang="90,0,0" color="0,220,0" radius="0.5" length="4" />
		<capsule pos="24.14999999999999,44.0,36.800000000000004" vel="0,0,0" mass="1" elasticityCoef="1" ang="90,0,0" color="0,220,0" radius="0.5" length="4" />
		<capsule pos="24.14999999999999,44.0,39.1" vel="0,0,0" mass="1" elasticityCoef="1" ang="90,0,0" color="0,220,0" radius="0.5" length="4" />
		<capsule pos="24.14999999999999,44.0,41.4" vel="0,0,0" mass="1" elasticityCoef="1" ang="90,0,0" color="0,220,0" radius="0.5" length="4" />
		<capsule pos="26.450000000000003,-49.5,-43.699999999999996" vel="0,0,0" mass="1" elasticityCoef="1" ang="90,0,0" color="0,220,0" radius="0.5" length="4" />
		<capsule pos="26.450000000000003,-49.5,-41.4" vel="0,0,0" mass="1" elasticityCoef="1" ang="90,0,0" color="0,220,0" radius="0.5" length="4" />
		<capsule pos="26.450000000000003,-49.5,-39.099999999999994" vel="0,0,0" mass="1" elasticityCoef="1" ang="90,0,0" color="0,220,0" radius="0.5" length="4" />
		<capsule pos="26.450000000000003,-49.5,-36.8" vel="0,0,0" mass="1" elasticityCoef="1" ang="90,0,0" color="0,220,0" radius="0.5" length="4" />
		<capsule pos="26.450000000000003,-49.5,-34.5" vel="0,0,0" mass="1" elasticityCoef="1" ang="90,0,0" color="0,220,0" radius="0.5" length="4" />
		<capsule pos="26.450000000000003,-49.5,-32.199999999999996" vel="0,0,0" mass="1" elasticityCoef="1" ang="90,0,0" color="0,220,0" radius="0.5" length="4" />
		<capsule pos="26.450000000000003,-49.5,-29.9" vel="0,0,0" mass="1" elasticityCoef="1" ang="90,0,0" color="0,220,0" radius="0.5" length="4" />
		<capsule pos="26.450000000000003,-49.5,-27.599999999999998" vel="0,0,0" mass="1" elasticityCoef="1" ang="90,0,0" color="0,220,0" radius="0.5" length="4" />
		<capsule pos="26.450000000000003,-49.5,-25.299999999999997" vel="0,0,0" mass="1" elasticityCoef="1" ang="90,0,0" color="0,220,0" radius="0.5" length="4" />
		<capsule pos="26.450000000000003,-49.5,-22.999999999999996" vel="0,0,0" mass="1" elasticityCoef="1" ang="90,0,0" color="0,220,0" radius="0.5" length="4" />
		<capsule pos="26.450000000000003,-49.5,-20.699999999999996" vel="0,0,0" mass="1" elasticityCoef="1" ang="90,0,0" color="0,220,0" radius="0.5" length="4" />
		<capsule pos="26.450000000000003,-49.5,-18.4" vel="0,0,0" mass="1" elasticityCoef="1" ang="90,0,0" color="0,220,0" radius="0.5" length="4" />
		<capsule pos="26.450000000000003,-49.5,-16.099999999999998" vel="0,0,0" mass="1" elasticityCoef="1" ang="90,0,0" color="0,220,0" radius="0.5" length="4" />
		<capsule pos="26.450000000000003,-49.5,-13.799999999999997" vel="0,0,0" mass="1" elasticityCoef="1" ang="90,0,0" color="0,220,0" radius="0.5" length="4" />
		<capsule pos="26.450000000000003,-49.5,-11.5" vel="0,0,0" mass="1" elasticityCoef="1" ang="90,0,0" color="0,220,0" radius="0.5" length="4" />
		<capsule pos="26.450000000000003,-49.5,-9.199999999999996" vel="0,0,0" mass="1" elasticityCoef="1" ang="90,0,0" color="0,220,0" radius="0.5" length="4" />
		<capsule pos="26.450000000000003,-49.5,-6.899999999999999" vel="0,0,0" mass="1" elasticityCoef="1" ang="90,0,0" color="0,220,0" radius="0.5" length="4" />
		<capsule pos="26.450000000000003,-49.5,-4.600000000000001" vel="0,0,0" mass="1" elasticityCoef="1" ang="90,0,0" color="0,220,0" radius="0.5" length="4" />
		<capsule pos="26.450000000000003,-49.5,-2.299999999999997" vel="0,0,0" mass="1" elasticityCoef="1" ang="90,0,0" color="0,220,0" radius="0.5" length="4" />
		<capsule pos="26.450000000000003,-49.5,0.0" vel="0,0,0" mass="1" elasticityCoef="1" ang="90,0,0" color="0,220,0" radius="0.5" length="4" />
		<capsule pos="26.450000000000003,-49.5,2.3000000000000043" vel="0,0,0" mass="1" elasticityCoef="1" ang="90,0,0" color="0,220,0" radius="0.5" length="4" />
		<capsule pos="26.450000000000003,-49.5,4.600000000000001" vel="0,0,0" mass="1" elasticityCoef="1" ang="90,0,0" color="0,220,0" radius="0.5" length="4" />
		<capsule pos="26.450000000000003,-49.5,6.899999999999999" vel="0,0,0" mass="1" elasticityCoef="1" ang="90,0,0" color="0,220,0" radius="0.5" length="4" />
		<capsule pos="26.450000000000003,-49.5,9.200000000000003" vel="0,0,0" mass="1" elasticityCoef="1" ang="90,0,0" color="0,220,0" radius="0.5" length="4" />
		<capsule pos="26.450000000000003,-49.5,11.5" vel="0,0,0" mass="1" elasticityCoef="1" ang="90,0,0" color="0,220,0" radius="0.5" length="4" />
		<capsule pos="26.450000000000003,-49.5,13.799999999999997" vel="0,0,0" mass="1" elasticityCoef="1" ang="90,0,0" color="0,220,0" radius="0.5" length="4" />
		<capsule pos="26.450000000000003,-49.5,16.1" vel="0,0,0" mass="1" elasticityCoef="1" ang="90,0,0" color="0,220,0" radius="0.5" length="4" />
		<capsule pos="26.450000000000003,-49.5,18.4" vel="0,0,0" mass="1" elasticityCoef="1" ang="90,0,0" color="0,220,0" radius="0.5" length="4" />
		<capsule pos="26.450000000000003,-49.5,20.699999999999996" vel="0,0,0" mass="1" elasticityCoef="1" ang="90,0,0" color="0,220,0" radius="0.5" length="4" />
		<capsule pos="26.450000000000003,-49.5,22.999999999999993" vel="0,0,0" mass="1" elasticityCoef="1" ang="90,0,0" color="0,220,0" radius="0.5" length="4" />
		<capsule pos="26.450000000000003,-49.5,25.300000000000004" vel="0,0,0" mass="1" elasticityCoef="1" ang="90,0,0" color="0,220,0" radius="0.5" length="4" />
		<capsule pos="26.450000000000003,-49.5,27.6" vel="0,0,0" mass="1" elasticityCoef="1" ang="90,0,0" color="0,220,0" radius="0.5" length="4" />
		<capsule pos="26.450000000000003,-49.5,29.9" vel="0,0,0" mass="1" elasticityCoef="1" ang="90,0,0" color="0,220,0" radius="0.5" length="4" />
		<capsule pos="26.450000000000003,-49.5,32.199999999999996" vel="0,0,0" mass="1" elasticityCoef="1" ang="90,0,0" color="0,220,0" radius="0.5" length="4" />
		<capsule pos="26.450000000000003,-49.5,34.49999999999999" vel="0,0,0" mass="1" elasticityCoef="1" ang="90,0,0" color="0,220,0" radius="0.5" length="4" />
		<capsule pos="26.450000000000003,-49.5,36.800000000000004" vel="0,0,0" mass="1" elasticityCoef="1" ang="90,0,0" color="0,220,0" radius="0.5" length="4" />
		<capsule pos="26.450000000000003,-49.5,39.1" vel="0,0,0" mass="1" elasticityCoef="1" ang="90,0,0" color="0,220,0" radius="0.5" length="4" />
		<capsule pos="26.450000000000003,-49.5,41.4" vel="0,0,0" mass="1" elasticityCoef="1" ang="90,0,0" color="0,220,0" radius="0.5" length="4" />
		<capsule pos="26.450000000000003,-44.0,-43.699999999999996" vel="0,0,0" mass="1" elasticityCoef="1" ang="90,0,0" color="0,220,0" radius="0.5" length="4" />
		<capsule pos="26.450000000000003,-44.0,-41.4" vel="0,0,0" mass="1" elasticityCoef="1" ang="90,0,0" color="0,220,0" radius="0.5" length="4" />
		<capsule pos="26.450000000000003,-44.0,-39.099999999999994" vel="0,0,0" mass="1" elasticityCoef="1" ang="90,0,0" color="0,220,0" radius="0.5" length="4" />
		<capsule pos="26.450000000000003,-44.0,-36.8" vel="0,0,0" mass="1" elasticityCoef="1" ang="90,0,0" color="0,220,0" radius="0.5" length="4" />
		<capsule pos="26.450000000000003,-44.0,-34.5" vel="0,0,0" mass="1" elasticityCoef="1" ang="90,0,0" color="0,220,0" radius="0.5" length="4" />
		<capsule pos="26.450000000000003,-44.0,-32.199999999999996" vel="0,0,0" mass="1" elasticityCoef="1" ang="90,0,0" color="0,220,0" radius="0.5" length="4" />
		<capsule pos="26.450000000000003,-44.0,-29.9" vel="0,0,0" mass="1" elasticityCoef="1" ang="90,0,0" color="0,220,0" radius="0.5" length="4" />
		<capsule pos="26.450000000000003,-44.0,-27.599999999999998" vel="0,0,0" mass="1" elasticityCoef="1" ang="90,0,0" color="0,220,0" radius="0.5" length="4" />
		<capsule pos="26.450000000000003,-44.0,-25.299999999999997" vel="0,0,0" mass="1" elasticityCoef="1" ang="90,0,0" color="0,220,0" radius="0.5" length="4" />
		<capsule pos="26.450000000000003,-44.0,-22.999999999999996" vel="0,0,0" mass="1" elasticityCoef="1" ang="90,0,0" color="0,220,0" radius="0.5" length="4" />
		<capsule pos="26.450000000000003,-44.0,-20.699999999999996" vel="0,0,0" mass="1" elasticityCoef="1" ang="90,0,0" color="0,220,0" radius="0.5" length="4" />
		<capsule pos="26.450000000000003,-44.0,-18.4" vel="0,0,0" mass="1" elasticityCoef="1" ang="90,0,0" color="0,220,0" radius="0.5" length="4" />
		<capsule pos="26.450000000000003,-44.0,-16.099999999999998" vel="0,0,0" mass="1" elasticityCoef="1" ang="90,0,0" color="0,220,0" radius="0.5" length="4" />
		<capsule pos="26.450000000000003,-44.0,-13.799999999999997" vel="0,0,0" mass="1" elasticityCoef="1" ang="90,0,0" color="0,220,0" radius="0.5" length="4" />
		<capsule pos="26.450000000000003,-44.0,-11.5" vel="0,0,0" mass="1" elasticityCoef="1" ang="90,0,0" color="0,220,0" radius="0.5" length="4" />
		<capsule pos="26.450000000000003,-44.0,-9.199999999999996" vel="0,0,0" mass="1" elasticityCoef="1" ang="90,0,0" color="0,220,0" radius="0.5" length="4" />
		<capsule pos="26.450000000000003,-44.0,-6.899999999999999" vel="0,0,0" mass="1" elasticityCoef="1" ang="90,0,0" color="0,220,0" radius="0.5" length="4" />
		<capsule pos="26.450000000000003,-44.0,-4.600000000000001" vel="0,0,0" mass="1" elasticityCoef="1" ang="90,0,0" color="0,220,0" radius="0.5" length="4" />
		<capsule pos="26.450000000000003,-44.0,-2.299999999999997" vel="0,0,0" mass="1" elasticityCoef="1" ang="90,0,0" color="0,220,0" radius="0.5" length="4" />
		<capsule pos="26.450000000000003,-44.0,0.0" vel="0,0,0" mass="1" elasticityCoef="1" ang="90,0,0" color="0,220,0" radius="0.5" length="4" />
		<capsule pos="26.450000000000003,-44.0,2.3000000000000043" vel="0,0,0" mass="1" elasticityCoef="1" ang="90,0,0" color="0,220,0" radius="0.5" length="4" />
		<capsule pos="26.450000000000003,-44.0,4.600000000000001" vel="0,0,0" mass="1" elasticityCoef="1" ang="90,0,0" color="0,220,0" radius="0.5" length="4" />
		<capsule pos="26.450000000000003,-44.0,6.899999999999999" vel="0,0,0" mass="1" elasticityCoef="1" ang="90,0,0" color="0,220,0" radius="0.5" length="4" />
		<capsule pos="26.450000000000003,-44.0,9.200000000000003" vel="0,0,0" mass="1" elasticityCoef="1" ang="90,0,0" color="0,220,0" radius="0.5" length="4" />
		<capsule pos="26.450000000000003,-44.0,11.5" vel="0,0,0" mass="1" elasticityCoef="1" ang="90,0,0" color="0,220,0" radius="0.5" length="4" />
		<capsule pos="26.450000000000003,-44.0,13.799999999999997" vel="0,0,0" mass="1" elasticityCoef="1" ang="90,0,0" color="0,220,0" radius="0.5" length="4" />
		<capsule pos="26.450000000000003,-44.0,16.1" vel="0,0,0" mass="1" elasticityCoef="1" ang="90,0,0" color="0,220,0" radius="0.5" length="4" />
		<capsule pos="26.450000000000003,-44.0,18.4" vel="0,0,0" mass="1" elasticityCoef="1" ang="90,0,0" color="0,220,0" radius="0.5" length="4" />
		<capsule pos="26.450000000000003,-44.0,20.699999999999996" vel="0,0,0" mass="1" elasticityCoef="1" ang="90,0,0" color="0,220,0" radius="0.5" length="4" />
		<capsule pos="26.450000000000003,-44.0,22.999999999999993" vel="0,0,0" mass="1" elasticityCoef="1" ang="90,0,0" color="0,220,0" radius="0.5" length="4" />
		<capsule pos="26.450000000000003,-44.0,25.300000000000004" vel="0,0,0" mass="1" elasticityCoef="1" ang="90,0,0" color="0,220,0" radius="0.5" length="4" />
		<capsule pos="26.450000000000003,-44.0,27.6" vel="0,0,0" mass="1" elasticityCoef="1" ang="90,0,0" color="0,220,0" radius="0.5" length="4" />
		<capsule pos="26.450000000000003,-44.0,29.9" vel="0,0,0" mass="1" elasticityCoef="1" ang="90,0,0" color="0,220,0" radius="0.5" length="4" />
		<capsule pos="26.450000000000003,-44.0,32.199999999999996" vel="0,0,0" mass="1" elasticityCoef="1" ang="90,0,0" color="0,220,0" radius="0.5" length="4" />
		<capsule pos="26.450000000000003,-44.0,34.49999999999999" vel="0,0,0" mass="1" elasticityCoef="1" ang="90,0,0" color="0,220,0" radius="0.5" length="4" />
		<capsule pos="26.450000000000003,-44.0,36.800000000000004" vel="0,0,0" mass="1" elasticityCoef="1" ang="90,0,0" color="0,220,0" radius="0.5" length="4" />
		<capsule pos="26.450000000000003,-44.0,39.1" vel="0,0,0" mass="1" elasticityCoef="1" ang="90,0,0" color="0,220,0" radius="0.5" length="4" />
		<capsule pos="26.450000000000003,-44.0,41.4" vel="0,0,0" mass="1" elasticityCoef="1" ang="90,0,0" color="0,220,0" radius="0.5" length="4" />
		<capsule pos="26.450000000000003,-38.5,-43.699999999999996" vel="0,0,0" mass="1" elasticityCoef="1" ang="90,0,0" color="0,220,0" radius="0.5" length="4" />
		<capsule pos="26.450000000000003,-38.5,-41.4" vel="0,0,0" mass="1" elasticityCoef="1" ang="90,0,0" color="0,220,0" radius="0.5" length="4" />
		<capsule pos="26.450000000000003,-38.5,-39.099999999999994" vel="0,0,0" mass="1" elasticityCoef="1" ang="90,0,0" color="0,220,0" radius="0.5" length="4" />
		<capsule pos="26.450000000000003,-38.5,-36.8" vel="0,0,0" mass="1" elasticityCoef="1" ang="90,0,0" color="0,220,0" radius="0.5" length="4" />
		<capsule pos="26.450000000000003,-38.5,-34.5" vel="0,0,0" mass="1" elasticityCoef="1" ang="90,0,0" color="0,220,0" radius="0.5" length="4" />
		<capsule pos="26.450000000000003,-38.5,-32.199999999999996" vel="0,0,0" mass="1" elasticityCoef="1" ang="90,0,0" color="0,220,0" radius="0.5" length="4" />
		<capsule pos="26.450000000000003,-38.5,-29.9" vel="0,0,0" mass="1" elasticityCoef="1" ang="90,0,0" color="0,220,0" radius="0.5" length="4" />
		<capsule pos="26.450000000000003,-38.5,-27.599999999999998" vel="0,0,0" mass="1" elasticityCoef="1" ang="90,0,0" color="0,220,0" radius="0.5" length="4" />
		<capsule pos="26.450000000000003,-38.5,-25.299999999999997" vel="0,0,0" mass="1" elasticityCoef="1" ang="90,0,0" color="0,220,0" radius="0.5" length="4" />
		<capsule pos="26.450000000000003,-38.5,-22.999999999999996" vel="0,0,0" mass="1" elasticityCoef="1" ang="90,0,0" color="0,220,0" radius="0.5" length="4" />
		<capsule pos="26.450000000000003,-38.5,-20.699999999999996" vel="0,0,0" mass="1" elasticityCoef="1" ang="90,0,0" color="0,220,0" radius="0.5" length="4" />
		<capsule pos="26.450000000000003,-38.5,-18.4" vel="0,0,0" mass="1" elasticityCoef="1" ang="90,0,0" color="0,220,0" radius="0.5" length="4" />
		<capsule pos="26.450000000000003,-38.5,-16.099999999999998" vel="0,0,0" mass="1" elasticityCoef="1" ang="90,0,0" color="0,220,0" radius="0.5" length="4" />
		<capsule pos="26.450000000000003,-38.5,-13.799999999999997" vel="0,0,0" mass="1" elasticityCoef="1" ang="90,0,0" color="0,220,0" radius="0.5" length="4" />
		<capsule pos="26.450000000000003,-38.5,-11.5" vel="0,0,0" mass="1" elasticityCoef="1" ang="90,0,0" color="0,220,0" radius="0.5" length="4" />
		<capsule pos="26.450000000000003,-38.5,-9.199999999999996" vel="0,0,0" mass="1" elasticityCoef="1" ang="90,0,0" color="0,220,0" radius="0.5" length="4" />
		<capsule pos="26.450000000000003,-38.5,-6.899999999999999" vel="0,0,0" mass="1" elasticityCoef="1" ang="90,0,0" color="0,220,0" radius="0.5" length="4" />
		<capsule pos="26.450000000000003,-38.5,-4.600000000000001" vel="0,0,0" mass="1" elasticityCoef="1" ang="90,0,0" color="0,220,0" radius="0.5" length="4" />
		<capsule pos="26.450000000000003,-38.5,-2.299999999999997" vel="0,0,0" mass="1" elasticityCoef="1" ang="90,0,0" color="0,220,0" radius="0.5" length="4" />
		<capsule pos="26.450000000000003,-38.5,0.0" vel="0,0,0" mass="1" elasticityCoef="1" ang="90,0,0" color="0,220,0" radius="0.5" length="4" />
		<capsule pos="26.450000000000003,-38.5,2.3000000000000043" vel="0,0,0" mass="1" elasticityCoef="1" ang="90,0,0" color="0,220,0" radius="0.5" length="4" />
		<capsule pos="26.450000000000003,-38.5,4.600000000000001" vel="0,0,0" mass="1" elasticityCoef="1" ang="90,0,0" color="0,220,0" radius="0.5" length="4" />
		<capsule pos="26.450000000000003,-38.5,6.899999999999999" vel="0,0,0" mass="1" elasticityCoef="1" ang="90,0,0" color="0,220,0" radius="0.5" length="4" />
		<capsule pos="26.450000000000003,-38.5,9.200000000000003" vel="0,0,0" mass="1" elasticityCoef="1" ang="90,0,0" color="0,220,0" radius="0.5" length="4" />
		<capsule pos="26.450000000000003,-38.5,11.5" vel="0,0,0" mass="1" elasticityCoef="1" ang="90,0,0" color="0,220,0" radius="0.5" length="4" />
		<capsule pos="26.450000000000003,-38.5,13.799999999999997" vel="0,0,0" mass="1" elasticityCoef="1" ang="90,0,0" color="0,220,0" radius="0.5" length="4" />
		<capsule pos="26.450000000000003,-38.5,16.1" vel="0,0,0" mass="1" elasticityCoef="1" ang="90,0,0" color="0,220,0" radius="0.5" length="4" />
		<capsule pos="26.450000000000003,-38.5,18.4" vel="0,0,0" mass="1" elasticityCoef="1" ang="90,0,0" color="0,220,0" radius="0.5" length="4" />
		<capsule pos="26.450000000000003,-38.5,20.699999999999996" vel="0,0,0" mass="1" elasticityCoef="1" ang="90,0,0" color="0,220,0" radius="0.5" length="4" />
		<capsule pos="26.450000000000003,-38.5,22.999999999999993" vel="0,0,0" mass="1" elasticityCoef="1" ang="90,0,0" color="0,220,0" radius="0.5" length="4" />
		<capsule pos="26.450000000000003,-38.5,25.300000000000004" vel="0,0,0" mass="1" elasticityCoef="1" ang="90,0,0" color="0,220,0" radius="0.5" length="4" />
		<capsule pos="26.450000000000003,-38.5,27.6" vel="0,0,0" mass="1" elasticityCoef="1" ang="90,0,0" color="0,220,0" radius="0.5" length="4" />
		<capsule pos="26.450000000000003,-38.5,29.9" vel="0,0,0" mass="1" elasticityCoef="1" ang="90,0,0" color="0,220,0" radius="0.5" length="4" />
		<capsule pos="26.450000000000003,-38.5,32.199999999999996" vel="0,0,0" mass="1" elasticityCoef="1" ang="90,0,0" color="0,220,0" radius="0.5" length="4" />
		<capsule pos="26.450000000000003,-38.5,34.49999999999999" vel="0,0,0" mass="1" elasticityCoef="1" ang="90,0,0" color="0,220,0" radius="0.5" length="4" />
		<capsule pos="26.450000000000003,-38.5,36.800000000000004" vel="0,0,0" mass="1" elasticityCoef="1" ang="90,0,0" color="0,220,0" radius="0.5" length="4" />
		<capsule pos="26.450000000000003,-38.5,39.1" vel="0,0,0" mass="1" elasticityCoef="1" ang="90,0,0" color="0,220,0" radius="0.5" length="4" />
		<capsule pos="26.450000000000003,-38.5,41.4" vel="0,0,0" mass="1" elasticityCoef="1" ang="90,0,0" color="0,220,0" radius="0.5" length="4" />
		<capsule pos="26.450000000000003,-33.0,-43.699999999999996" vel="0,0,0" mass="1" elasticityCoef="1" ang="90,0,0" color="0,220,0" radius="0.5" length="4" />
		<capsule pos="26.450000000000003,-33.0,-41.4" vel="0,0,0" mass="1" elasticityCoef="1" ang="90,0,0" color="0,220,0" radius="0.5" length="4" />
		<capsule pos="26.450000000000003,-33.0,-39.099999999999994" vel="0,0,0" mass="1" elasticityCoef="1" ang="90,0,0" color="0,220,0" radius="0.5" length="4" />
		<capsule pos="26.450000000000003,-33.0,-36.8" vel="0,0,0" mass="1" elasticityCoef="1" ang="90,0,0" color="0,220,0" radius="0.5" length="4" />
		<capsule pos="26.450000000000003,-33.0,-34.5" vel="0,0,0" mass="1" elasticityCoef="1" ang="90,0,0" color="0,220,0" radius="0.5" length="4" />
		<capsule pos="26.450000000000003,-33.0,-32.199999999999996" vel="0,0,0" mass="1" elasticityCoef="1" ang="90,0,0" color="0,220,0" radius="0.5" length="4" />
		<capsule pos="26.450000000000003,-33.0,-29.9" vel="0,0,0" mass="1" elasticityCoef="1" ang="90,0,0" color="0,220,0" radius="0.5" length="4" />
		<capsule pos="26.450000000000003,-33.0,-27.599999999999998" vel="0,0,0" mass="1" elasticityCoef="1" ang="90,0,0" color="0,220,0" radius="0.5" length="4" />
		<capsule pos="26.450000000000003,-33.0,-25.299999999999997" vel="0,0,0" mass="1" elasticityCoef="1" ang="90,0,0" color="0,220,0" radius="0.5" length="4" />
		<capsule pos="26.450000000000003,-33.0,-22.999999999999996" vel="0,0,0" mass="1" elasticityCoef="1" ang="90,0,0" color="0,220,0" radius="0.5" length="4" />
		<capsule pos="26.450000000000003,-33.0,-20.699999999999996" vel="0,0,0" mass="1" elasticityCoef="1" ang="90,0,0" color="0,220,0" radius="0.5" length="4" />
		<capsule pos="26.450000000000003,-33.0,-18.4" vel="0,0,0" mass="1" elasticityCoef="1" ang="90,0,0" color="0,220,0" radius="0.5" length="4" />
		<capsule pos="26.450000000000003,-33.0,-16.099999999999998" vel="0,0,0" mass="1" elasticityCoef="1" ang="90,0,0" color="0,220,0" radius="0.5" length="4" />
		<capsule pos="26.450000000000003,-33.0,-13.799999999999997" vel="0,0,0" mass="1" elasticityCoef="1" ang="90,0,0" color="0,220,0" radius="0.5" length="4" />
		<capsule pos="26.450000000000003,-33.0,-11.5" vel="0,0,0" mass="1" elasticityCoef="1" ang="90,0,0" color="0,220,0" radius="0.5" length="4" />
		<capsule pos="26.450000000000003,-33.0,-9.199999999999996" vel="0,0,0" mass="1" elasticityCoef="1" ang="90,0,0" color="0,220,0" radius="0.5" length="4" />
		<capsule pos="26.450000000000003,-33.0,-6.899999999999999" vel="0,0,0" mass="1" elasticityCoef="1" ang="90,0,0" color="0,220,0" radius="0.5" length="4" />
		<capsule pos="26.450000000000003,-33.0,-4.600000000000001" vel="0,0,0" mass="1" elasticityCoef="1" ang="90,0,0" color="0,220,0" radius="0.5" length="4" />
		<capsule pos="26.450000000000003,-33.0,-2.299999999999997" vel="0,0,0" mass="1" elasticityCoef="1" ang="90,0,0" color="0,220,0" radius="0.5" length="4" />
		<capsule pos="26.450000000000003,-33.0,0.0" vel="0,0,0" mass="1" elasticityCoef="1" ang="90,0,0" color="0,220,0" radius="0.5" length="4" />
		<capsule pos="26.450000000000003,-33.0,2.3000000000000043" vel="0,0,0" mass="1" elasticityCoef="1" ang="90,0,0" color="0,220,0" radius="0.5" length="4" />
		<capsule pos="26.450000000000003,-33.0,4.600000000000001" vel="0,0,0" mass="1" elasticityCoef="1" ang="90,0,0" color="0,220,0" radius="0.5" length="4" />
		<capsule pos="26.450000000000003,-33.0,6.899999999999999" vel="0,0,0" mass="1" elasticityCoef="1" ang="90,0,0" color="0,220,0" radius="0.5" length="4" />
		<capsule pos="26.450000000000003,-33.0,9.200000000000003" vel="0,0,0" mass="1" elasticityCoef="1" ang="90,0,0" color="0,220,0" radius="0.5" length="4" />
		<capsule pos="26.450000000000003,-33.0,11.5" vel="0,0,0" mass="1" elasticityCoef="1" ang="90,0,0" color="0,220,0" radius="0.5" length="4" />
		<capsule pos="26.450000000000003,-33.0,13.799999999999997" vel="0,0,0" mass="1" elasticityCoef="1" ang="90,0,0" color="0,220,0" radius="0.5" length="4" />
		<capsule pos="26.450000000000003,-33.0,16.1" vel="0,0,0" mass="1" elasticityCoef="1" ang="90,0,0" color="0,220,0" radius="0.5" length="4" />
		<capsule pos="26.450000000000003,-33.0,18.4" vel="0,0,0" mass="1" elasticityCoef="1" ang="90,0,0" color="0,220,0" radius="0.5" length="4" />
		<capsule pos="26.450000000000003,-33.0,20.699999999999996" vel="0,0,0" mass="1" elasticityCoef="1" ang="90,0,0" color="0,220,0" radius="0.5" length="4" />
		<capsule pos="26.450000000000003,-33.0,22.999999999999993" vel="0,0,0" mass="1" elasticityCoef="1" ang="90,0,0" color="0,220,0" radius="0.5" length="4" />
		<capsule pos="26.450000000000003,-33.0,25.300000000000004" vel="0,0,0" mass="1" elasticityCoef="1" ang="90,0,0" color="0,220,0" radius="0.5" length="4" />
		<capsule pos="26.450000000000003,-33.0,27.6" vel="0,0,0" mass="1" elasticityCoef="1" ang="90,0,0" color="0,220,0" radius="0.5" length="4" />
		<capsule pos="26.450000000000003,-33.0,29.9" vel="0,0,0" mass="1" elasticityCoef="1" ang="90,0,0" color="0,220,0" radius="0.5" length="4" />
		<capsule pos="26.450000000000003,-33.0,32.199999999999996" vel="0,0,0" mass="1" elasticityCoef="1" ang="90,0,0" color="0,220,0" radius="0.5" length="4" />
		<capsule pos="26.450000000000003,-33.0,34.49999999999999" vel="0,0,0" mass="1" elasticityCoef="1" ang="90,0,0" color="0,220,0" radius="0.5" length="4" />
		<capsule pos="26.450000000000003,-33.0,36.800000000000004" vel="0,0,0" mass="1" elasticityCoef="1" ang="90,0,0" color="0,220,0" radius="0.5" length="4" />
		<capsule pos="26.450000000000003,-33.0,39.1" vel="0,0,0" mass="1" elasticityCoef="1" ang="90,0,0" color="0,220,0" radius="0.5" length="4" />
		<capsule pos="26.450000000000003,-33.0,41.4" vel="0,0,0" mass="1" elasticityCoef="1" ang="90,0,0" color="0,220,0" radius="0.5" length="4" />
		<capsule pos="26.450000000000003,-27.5,-43.699999999999996" vel="0,0,0" mass="1" elasticityCoef="1" ang="90,0,0" color="0,220,0" radius="0.5" length="4" />
		<capsule pos="26.450000000000003,-27.5,-41.4" vel="0,0,0" mass="1" elasticityCoef="1" ang="90,0,0" color="0,220,0" radius="0.5" length="4" />
		<capsule pos="26.450000000000003,-27.5,-39.099999999999994" vel="0,0,0" mass="1" elasticityCoef="1" ang="90,0,0" color="0,220,0" radius="0.5" length="4" />
		<capsule pos="26.450000000000003,-27.5,-36.8" vel="0,0,0" mass="1" elasticityCoef="1" ang="90,0,0" color="0,220,0" radius="0.5" length="4" />
		<capsule pos="26.450000000000003,-27.5,-34.5" vel="0,0,0" mass="1" elasticityCoef="1" ang="90,0,0" color="0,220,0" radius="0.5" length="4" />
		<capsule pos="26.450000000000003,-27.5,-32.199999999999996" vel="0,0,0" mass="1" elasticityCoef="1" ang="90,0,0" color="0,220,0" radius="0.5" length="4" />
		<capsule pos="26.450000000000003,-27.5,-29.9" vel="0,0,0" mass="1" elasticityCoef="1" ang="90,0,0" color="0,220,0" radius="0.5" length="4" />
		<capsule pos="26.450000000000003,-27.5,-27.599999999999998" vel="0,0,0" mass="1" elasticityCoef="1" ang="90,0,0" color="0,220,0" radius="0.5" length="4" />
		<capsule pos="26.450000000000003,-27.5,-25.299999999999997" vel="0,0,0" mass="1" elasticityCoef="1" ang="90,0,0" color="0,220,0" radius="0.5" length="4" />
		<capsule pos="26.450000000000003,-27.5,-22.999999999999996" vel="0,0,0" mass="1" elasticityCoef="1" ang="90,0,0" color="0,220,0" radius="0.5" length="4" />
		<capsule pos="26.450000000000003,-27.5,-20.699999999999996" vel="0,0,0" mass="1" elasticityCoef="1" ang="90,0,0" color="0,220,0" radius="0.5" length="4" />
		<capsule pos="26.450000000000003,-27.5,-18.4" vel="0,0,0" mass="1" elasticityCoef="1" ang="90,0,0" color="0,220,0" radius="0.5" length="4" />
		<capsule pos="26.450000000000003,-27.5,-16.099999999999998" vel="0,0,0" mass="1" elasticityCoef="1" ang="90,0,0" color="0,220,0" radius="0.5" length="4" />
		<capsule pos="26.450000000000003,-27.5,-13.799999999999997" vel="0,0,0" mass="1" elasticityCoef="1" ang="90,0,0" color="0,220,0" radius="0.5" length="4" />
		<capsule pos="26.450000000000003,-27.5,-11.5" vel="0,0,0" mass="1" elasticityCoef="1" ang="90,0,0" color="0,220,0" radius="0.5" length="4" />
		<capsule pos="26.450000000000003,-27.5,-9.199999999999996" vel="0,0,0" mass="1" elasticityCoef="1" ang="90,0,0" color="0,220,0" radius="0.5" length="4" />
		<capsule pos="26.450000000000003,-27.5,-6.899999999999999" vel="0,0,0" mass="1" elasticityCoef="1" ang="90,0,0" color="0,220,0" radius="0.5" length="4" />
		<capsule pos="26.450000000000003,-27.5,-4.600000000000001" vel="0,0,0" mass="1" elasticityCoef="1" ang="90,0,0" color="0,220,0" radius="0.5" length="4" />
		<capsule pos="26.450000000000003,-27.5,-2.299999999999997" vel="0,0,0" mass="1" elasticityCoef="1" ang="90,0,0" color="0,220,0" radius="0.5" length="4" />
		<capsule pos="26.450000000000003,-27.5,0.0" vel="0,0,0" mass="1" elasticityCoef="1" ang="90,0,0" color="0,220,0" radius="0.5" length="4" />
		<capsule pos="26.450000000000003,-27.5,2.3000000000000043" vel="0,0,0" mass="1" elasticityCoef="1" ang="90,0,0" color="0,220,0" radius="0.5" length="4" />
		<capsule pos="26.450000000000003,-27.5,4.600000000000001" vel="0,0,0" mass="1" elasticityCoef="1" ang="90,0,0" color="0,220,0" radius="0.5" length="4" />
		<capsule pos="26.450000000000003,-27.5,6.899999999999999" vel="0,0,0" mass="1" elasticityCoef="1" ang="90,0,0" color="0,220,0" radius="0.5" length="4" />
		<capsule pos="26.450000000000003,-27.5,9.200000000000003" vel="0,0,0" mass="1" elasticityCoef="1" ang="90,0,0" color="0,220,0" radius="0.5" length="4" />
		<capsule pos="26.450000000000003,-27.5,11.5" vel="0,0,0" mass="1" elasticityCoef="1" ang="90,0,0" color="0,220,0" radius="0.5" length="4" />
		<capsule pos="26.450000000000003,-27.5,13.799999999999997" vel="0,0,0" mass="1" elasticityCoef="1" ang="90,0,0" color="0,220,0" radius="0.5" length="4" />
		<capsule pos="26.450000000000003,-27.5,16.1" vel="0,0,0" mass="1" elasticityCoef="1" ang="90,0,0" color="0,220,0" radius="0.5" length="4" />
		<capsule pos="26.450000000000003,-27.5,18.4" vel="0,0,0" mass="1" elasticityCoef="1" ang="90,0,0" color="0,220,0" radius="0.5" length="4" />
		<capsule pos="26.450000000000003,-27.5,20.699999999999996" vel="0,0,0" mass="1" elasticityCoef="1" ang="90,0,0" color="0,220,0" radius="0.5" length="4" />
		<capsule pos="26.450000000000003,-27.5,22.999999999999993" vel="0,0,0" mass="1" elasticityCoef="1" ang="90,0,0" color="0,220,0" radius="0.5" length="4" />
		<capsule pos="26.450000000000003,-27.5,25.300000000000004" vel="0,0,0" mass="1" elasticityCoef="1" ang="90,0,0" color="0,220,0" radius="0.5" length="4" />
		<capsule pos="26.450000000000003,-27.5,27.6" vel="0,0,0" mass="1" elasticityCoef="1" ang="90,0,0" color="0,220,0" radius="0.5" length="4" />
		<capsule pos="26.450000000000003,-27.5,29.9" vel="0,0,0" mass="1" elasticityCoef="1" ang="90,0,0" color="0,220,0" radius="0.5" length="4" />
		<capsule pos="26.450000000000003,-27.5,32.199999999999996" vel="0,0,0" mass="1" elasticityCoef="1" ang="90,0,0" color="0,220,0" radius="0.5" length="4" />
		<capsule pos="26.450000000000003,-27.5,34.49999999999999" vel="0,0,0" mass="1" elasticityCoef="1" ang="90,0,0" color="0,220,0" radius="0.5" length="4" />
		<capsule pos="26.450000000000003,-27.5,36.800000000000004" vel="0,0,0" mass="1" elasticityCoef="1" ang="90,0,0" color="0,220,0" radius="0.5" length="4" />
		<capsule pos="26.450000000000003,-27.5,39.1" vel="0,0,0" mass="1" elasticityCoef="1" ang="90,0,0" color="0,220,0" radius="0.5" length="4" />
		<capsule pos="26.450000000000003,-27.5,41.4" vel="0,0,0" mass="1" elasticityCoef="1" ang="90,0,0" color="0,220,0" radius="0.5" length="4" />
		<capsule pos="26.450000000000003,-22.0,-43.699999999999996" vel="0,0,0" mass="1" elasticityCoef="1" ang="90,0,0" color="0,220,0" radius="0.5" length="4" />
		<capsule pos="26.450000000000003,-22.0,-41.4" vel="0,0,0" mass="1" elasticityCoef="1" ang="90,0,0" color="0,220,0" radius="0.5" length="4" />
		<capsule pos="26.450000000000003,-22.0,-39.099999999999994" vel="0,0,0" mass="1" elasticityCoef="1" ang="90,0,0" color="0,220,0" radius="0.5" length="4" />
		<capsule pos="26.450000000000003,-22.0,-36.8" vel="0,0,0" mass="1" elasticityCoef="1" ang="90,0,0" color="0,220,0" radius="0.5" length="4" />
		<capsule pos="26.450000000000003,-22.0,-34.5" vel="0,0,0" mass="1" elasticityCoef="1" ang="90,0,0" color="0,220,0" radius="0.5" length="4" />
		<capsule pos="26.450000000000003,-22.0,-32.199999999999996" vel="0,0,0" mass="1" elasticityCoef="1" ang="90,0,0" color="0,220,0" radius="0.5" length="4" />
		<capsule pos="26.450000000000003,-22.0,-29.9" vel="0,0,0" mass="1" elasticityCoef="1" ang="90,0,0" color="0,220,0" radius="0.5" length="4" />
		<capsule pos="26.450000000000003,-22.0,-27.599999999999998" vel="0,0,0" mass="1" elasticityCoef="1" ang="90,0,0" color="0,220,0" radius="0.5" length="4" />
		<capsule pos="26.450000000000003,-22.0,-25.299999999999997" vel="0,0,0" mass="1" elasticityCoef="1" ang="90,0,0" color="0,220,0" radius="0.5" length="4" />
		<capsule pos="26.450000000000003,-22.0,-22.999999999999996" vel="0,0,0" mass="1" elasticityCoef="1" ang="90,0,0" color="0,220,0" radius="0.5" length="4" />
		<capsule pos="26.450000000000003,-22.0,-20.699999999999996" vel="0,0,0" mass="1" elasticityCoef="1" ang="90,0,0" color="0,220,0" radius="0.5" length="4" />
		<capsule pos="26.450000000000003,-22.0,-18.4" vel="0,0,0" mass="1" elasticityCoef="1" ang="90,0,0" color="0,220,0" radius="0.5" length="4" />
		<capsule pos="26.450000000000003,-22.0,-16.099999999999998" vel="0,0,0" mass="1" elasticityCoef="1" ang="90,0,0" color="0,220,0" radius="0.5" length="4" />
		<capsule pos="26.450000000000003,-22.0,-13.799999999999997" vel="0,0,0" mass="1" elasticityCoef="1" ang="90,0,0" color="0,220,0" radius="0.5" length="4" />
		<capsule pos="26.450000000000003,-22.0,-11.5" vel="0,0,0" mass="1" elasticityCoef="1" ang="90,0,0" color="0,220,0" radius="0.5" length="4" />
		<capsule pos="26.450000000000003,-22.0,-9.199999999999996" vel="0,0,0" mass="1" elasticityCoef="1" ang="90,0,0" color="0,220,0" radius="0.5" length="4" />
		<capsule pos="26.450000000000003,-22.0,-6.899999999999999" vel="0,0,0" mass="1" elasticityCoef="1" ang="90,0,0" color="0,220,0" radius="0.5" length="4" />
		<capsule pos="26.450000000000003,-22.0,-4.600000000000001" vel="0,0,0" mass="1" elasticityCoef="1" ang="90,0,0" color="0,220,0" radius="0.5" length="4" />
		<capsule pos="26.450000000000003,-22.0,-2.299999999999997" vel="0,0,0" mass="1" elasticityCoef="1" ang="90,0,0" color="0,220,0" radius="0.5" length="4" />
		<capsule pos="26.450000000000003,-22.0,0.0" vel="0,0,0" mass="1" elasticityCoef="1" ang="90,0,0" color="0,220,0" radius="0.5" length="4" />
		<capsule pos="26.450000000000003,-22.0,2.3000000000000043" vel="0,0,0" mass="1" elasticityCoef="1" ang="90,0,0" color="0,220,0" radius="0.5" length="4" />
		<capsule pos="26.450000000000003,-22.0,4.600000000000001" vel="0,0,0" mass="1" elasticityCoef="1" ang="90,0,0" color="0,220,0" radius="0.5" length="4" />
		<capsule pos="26.450000000000003,-22.0,6.899999999999999" vel="0,0,0" mass="1" elasticityCoef="1" ang="90,0,0" color="0,220,0" radius="0.5" length="4" />
		<capsule pos="26.450000000000003,-22.0,9.200000000000003" vel="0,0,0" mass="1" elasticityCoef="1" ang="90,0,0" color="0,220,0" radius="0.5" length="4" />
		<capsule pos="26.450000000000003,-22.0,11.5" vel="0,0,0" mass="1" elasticityCoef="1" ang="90,0,0" color="0,220,0" radius="0.5" length="4" />
		<capsule pos="26.450000000000003,-22.0,13.799999999999997" vel="0,0,0" mass="1" elasticityCoef="1" ang="90,0,0" color="0,220,0" radius="0.5" length="4" />
		<capsule pos="26.450000000000003,-22.0,16.1" vel="0,0,0" mass="1" elasticityCoef="1" ang="90,0,0" color="0,220,0" radius="0.5" length="4" />
		<capsule pos="26.450000000000003,-22.0,18.4" vel="0,0,0" mass="1" elasticityCoef="1" ang="90,0,0" color="0,220,0" radius="0.5" length="4" />
		<capsule pos="26.450000000000003,-22.0,20.699999999999996" vel="0,0,0" mass="1" elasticityCoef="1" ang="90,0,0" color="0,220,0" radius="0.5" length="4" />
		<capsule pos="26.450000000000003,-22.0,22.999999999999993" vel="0,0,0" mass="1" elasticityCoef="1" ang="90,0,0" color="0,220,0" radius="0.5" length="4" />
		<capsule pos="26.450000000000003,-22.0,25.300000000000004" vel="0,0,0" mass="1" elasticityCoef="1" ang="90,0,0" color="0,220,0" radius="0.5" length="4" />
		<capsule pos="26.450000000000003,-22.0,27.6" vel="0,0,0" mass="1" elasticityCoef="1" ang="90,0,0" color="0,220,0" radius="0.5" length="4" />
		<capsule pos="26.450000000000003,-22.0,29.9" vel="0,0,0" mass="1" elasticityCoef="1" ang="90,0,0" color="0,220,0" radius="0.5" length="4" />
		<capsule pos="26.450000000000003,-22.0,32.199999999999996" vel="0,0,0" mass="1" elasticityCoef="1" ang="90,0,0" color="0,220,0" radius="0.5" length="4" />
		<capsule pos="26.450000000000003,-22.0,34.49999999999999" vel="0,0,0" mass="1" elasticityCoef="1" ang="90,0,0" color="0,220,0" radius="0.5" length="4" />
		<capsule pos="26.450000000000003,-22.0,36.800000000000004" vel="0,0,0" mass="1" elasticityCoef="1" ang="90,0,0" color="0,220,0" radius="0.5" length="4" />
		<capsule pos="26.450000000000003,-22.0,39.1" vel="0,0,0" mass="1" elasticityCoef="1" ang="90,0,0" color="0,220,0" radius="0.5" length="4" />
		<capsule pos="26.450000000000003,-22.0,41.4" vel="0,0,0" mass="1" elasticityCoef="1" ang="90,0,0" color="0,220,0" radius="0.5" length="4" />
		<capsule pos="26.450000000000003,-16.5,-43.699999999999996" vel="0,0,0" mass="1" elasticityCoef="1" ang="90,0,0" color="0,220,0" radius="0.5" length="4" />
		<capsule pos="26.450000000000003,-16.5,-41.4" vel="0,0,0" mass="1" elasticityCoef="1" ang="90,0,0" color="0,220,0" radius="0.5" length="4" />
		<capsule pos="26.450000000000003,-16.5,-39.099999999999994" vel="0,0,0" mass="1" elasticityCoef="1" ang="90,0,0" color="0,220,0" radius="0.5" length="4" />
		<capsule pos="26.450000000000003,-16.5,-36.8" vel="0,0,0" mass="1" elasticityCoef="1" ang="90,0,0" color="0,220,0" radius="0.5" length="4" />
		<capsule pos="26.450000000000003,-16.5,-34.5" vel="0,0,0" mass="1" elasticityCoef="1" ang="90,0,0" color="0,220,0" radius="0.5" length="4" />
		<capsule pos="26.450000000000003,-16.5,-32.199999999999996" vel="0,0,0" mass="1" elasticityCoef="1" ang="90,0,0" color="0,220,0" radius="0.5" length="4" />
		<capsule pos="26.450000000000003,-16.5,-29.9" vel="0,0,0" mass="1" elasticityCoef="1" ang="90,0,0" color="0,220,0" radius="0.5" length="4" />
		<capsule pos="26.450000000000003,-16.5,-27.599999999999998" vel="0,0,0" mass="1" elasticityCoef="1" ang="90,0,0" color="0,220,0" radius="0.5" length="4" />
		<capsule pos="26.450000000000003,-16.5,-25.299999999999997" vel="0,0,0" mass="1" elasticityCoef="1" ang="90,0,0" color="0,220,0" radius="0.5" length="4" />
		<capsule pos="26.450000000000003,-16.5,-22.999999999999996" vel="0,0,0" mass="1" elasticityCoef="1" ang="90,0,0" color="0,220,0" radius="0.5" length="4" />
		<capsule pos="26.450000000000003,-16.5,-20.699999999999996" vel="0,0,0" mass="1" elasticityCoef="1" ang="90,0,0" color="0,220,0" radius="0.5" length="4" />
		<capsule pos="26.450000000000003,-16.5,-18.4" vel="0,0,0" mass="1" elasticityCoef="1" ang="90,0,0" color="0,220,0" radius="0.5" length="4" />
		<capsule pos="26.450000000000003,-16.5,-16.099999999999998" vel="0,0,0" mass="1" elasticityCoef="1" ang="90,0,0" color="0,220,0" radius="0.5" length="4" />
		<capsule pos="26.450000000000003,-16.5,-13.799999999999997" vel="0,0,0" mass="1" elasticityCoef="1" ang="90,0,0" color="0,220,0" radius="0.5" length="4" />
		<capsule pos="26.450000000000003,-16.5,-11.5" vel="0,0,0" mass="1" elasticityCoef="1" ang="90,0,0" color="0,220,0" radius="0.5" length="4" />
		<capsule pos="26.450000000000003,-16.5,-9.199999999999996" vel="0,0,0" mass="1" elasticityCoef="1" ang="90,0,0" color="0,220,0" radius="0.5" length="4" />
		<capsule pos="26.450000000000003,-16.5,-6.899999999999999" vel="0,0,0" mass="1" elasticityCoef="1" ang="90,0,0" color="0,220,0" radius="0.5" length="4" />
		<capsule pos="26.450000000000003,-16.5,-4.600000000000001" vel="0,0,0" mass="1" elasticityCoef="1" ang="90,0,0" color="0,220,0" radius="0.5" length="4" />
		<capsule pos="26.450000000000003,-16.5,-2.299999999999997" vel="0,0,0" mass="1" elasticityCoef="1" ang="90,0,0" color="0,220,0" radius="0.5" length="4" />
		<capsule pos="26.450000000000003,-16.5,0.0" vel="0,0,0" mass="1" elasticityCoef="1" ang="90,0,0" color="0,220,0" radius="0.5" length="4" />
		<capsule pos="26.450000000000003,-16.5,2.3000000000000043" vel="0,0,0" mass="1" elasticityCoef="1" ang="90,0,0" color="0,220,0" radius="0.5" length="4" />
		<capsule pos="26.450000000000003,-16.5,4.600000000000001" vel="0,0,0" mass="1" elasticityCoef="1" ang="90,0,0" color="0,220,0" radius="0.5" length="4" />
		<capsule pos="26.450000000000003,-16.5,6.899999999999999" vel="0,0,0" mass="1" elasticityCoef="1" ang="90,0,0" color="0,220,0" radius="0.5" length="4" />
		<capsule pos="26.450000000000003,-16.5,9.200000000000003" vel="0,0,0" mass="1" elasticityCoef="1" ang="90,0,0" color="0,220,0" radius="0.5" length="4" />
		<capsule pos="26.450000000000003,-16.5,11.5" vel="0,0,0" mass="1" elasticityCoef="1" ang="90,0,0" color="0,220,0" radius="0.5" length="4" />
		<capsule pos="26.450000000000003,-16.5,13.799999999999997" vel="0,0,0" mass="1" elasticityCoef="1" ang="90,0,0" color="0,220,0" radius="0.5" length="4" />
		<capsule pos="26.450000000000003,-16.5,16.1" vel="0,0,0" mass="1" elasticityCoef="1" ang="90,0,0" color="0,220,0" radius="0.5" length="4" />
		<capsule pos="26.450000000000003,-16.5,18.4" vel="0,0,0" mass="1" elasticityCoef="1" ang="90,0,0" color="0,220,0" radius="0.5" length="4" />
		<capsule pos="26.450000000000003,-16.5,20.699999999999996" vel="0,0,0" mass="1" elasticityCoef="1" ang="90,0,0" color="0,220,0" radius="0.5" length="4" />
		<capsule pos="26.450000000000003,-16.5,22.999999999999993" vel="0,0,0" mass="1" elasticityCoef="1" ang="90,0,0" color="0,220,0" radius="0.5" length="4" />
		<capsule pos="26.450000000000003,-16.5,25.300000000000004" vel="0,0,0" mass="1" elasticityCoef="1" ang="90,0,0" color="0,220,0" radius="0.5" length="4" />
		<capsule pos="26.450000000000003,-16.5,27.6" vel="0,0,0" mass="1" elasticityCoef="1" ang="90,0,0" color="0,220,0" radius="0.5" length="4" />
		<capsule pos="26.450000000000003,-16.5,29.9" vel="0,0,0" mass="1" elasticityCoef="1" ang="90,0,0" color="0,220,0" radius="0.5" length="4" />
		<capsule pos="26.450000000000003,-16.5,32.199999999999996" vel="0,0,0" mass="1" elasticityCoef="1" ang="90,0,0" color="0,220,0" radius="0.5" length="4" />
		<capsule pos="26.450000000000003,-16.5,34.49999999999999" vel="0,0,0" mass="1" elasticityCoef="1" ang="90,0,0" color="0,220,0" radius="0.5" length="4" />
		<capsule pos="26.450000000000003,-16.5,36.800000000000004" vel="0,0,0" mass="1" elasticityCoef="1" ang="90,0,0" color="0,220,0" radius="0.5" length="4" />
		<capsule pos="26.450000000000003,-16.5,39.1" vel="0,0,0" mass="1" elasticityCoef="1" ang="90,0,0" color="0,220,0" radius="0.5" length="4" />
		<capsule pos="26.450000000000003,-16.5,41.4" vel="0,0,0" mass="1" elasticityCoef="1" ang="90,0,0" color="0,220,0" radius="0.5" length="4" />
		<capsule pos="26.450000000000003,-11.0,-43.699999999999996" vel="0,0,0" mass="1" elasticityCoef="1" ang="90,0,0" color="0,220,0" radius="0.5" length="4" />
		<capsule pos="26.450000000000003,-11.0,-41.4" vel="0,0,0" mass="1" elasticityCoef="1" ang="90,0,0" color="0,220,0" radius="0.5" length="4" />
		<capsule pos="26.450000000000003,-11.0,-39.099999999999994" vel="0,0,0" mass="1" elasticityCoef="1" ang="90,0,0" color="0,220,0" radius="0.5" length="4" />
		<capsule pos="26.450000000000003,-11.0,-36.8" vel="0,0,0" mass="1" elasticityCoef="1" ang="90,0,0" color="0,220,0" radius="0.5" length="4" />
		<capsule pos="26.450000000000003,-11.0,-34.5" vel="0,0,0" mass="1" elasticityCoef="1" ang="90,0,0" color="0,220,0" radius="0.5" length="4" />
		<capsule pos="26.450000000000003,-11.0,-32.199999999999996" vel="0,0,0" mass="1" elasticityCoef="1" ang="90,0,0" color="0,220,0" radius="0.5" length="4" />
		<capsule pos="26.450000000000003,-11.0,-29.9" vel="0,0,0" mass="1" elasticityCoef="1" ang="90,0,0" color="0,220,0" radius="0.5" length="4" />
		<capsule pos="26.450000000000003,-11.0,-27.599999999999998" vel="0,0,0" mass="1" elasticityCoef="1" ang="90,0,0" color="0,220,0" radius="0.5" length="4" />
		<capsule pos="26.450000000000003,-11.0,-25.299999999999997" vel="0,0,0" mass="1" elasticityCoef="1" ang="90,0,0" color="0,220,0" radius="0.5" length="4" />
		<capsule pos="26.450000000000003,-11.0,-22.999999999999996" vel="0,0,0" mass="1" elasticityCoef="1" ang="90,0,0" color="0,220,0" radius="0.5" length="4" />
		<capsule pos="26.450000000000003,-11.0,-20.699999999999996" vel="0,0,0" mass="1" elasticityCoef="1" ang="90,0,0" color="0,220,0" radius="0.5" length="4" />
		<capsule pos="26.450000000000003,-11.0,-18.4" vel="0,0,0" mass="1" elasticityCoef="1" ang="90,0,0" color="0,220,0" radius="0.5" length="4" />
		<capsule pos="26.450000000000003,-11.0,-16.099999999999998" vel="0,0,0" mass="1" elasticityCoef="1" ang="90,0,0" color="0,220,0" radius="0.5" length="4" />
		<capsule pos="26.450000000000003,-11.0,-13.799999999999997" vel="0,0,0" mass="1" elasticityCoef="1" ang="90,0,0" color="0,220,0" radius="0.5" length="4" />
		<capsule pos="26.450000000000003,-11.0,-11.5" vel="0,0,0" mass="1" elasticityCoef="1" ang="90,0,0" color="0,220,0" radius="0.5" length="4" />
		<capsule pos="26.450000000000003,-11.0,-9.199999999999996" vel="0,0,0" mass="1" elasticityCoef="1" ang="90,0,0" color="0,220,0" radius="0.5" length="4" />
		<capsule pos="26.450000000000003,-11.0,-6.899999999999999" vel="0,0,0" mass="1" elasticityCoef="1" ang="90,0,0" color="0,220,0" radius="0.5" length="4" />
		<capsule pos="26.450000000000003,-11.0,-4.600000000000001" vel="0,0,0" mass="1" elasticityCoef="1" ang="90,0,0" color="0,220,0" radius="0.5" length="4" />
		<capsule pos="26.450000000000003,-11.0,-2.299999999999997" vel="0,0,0" mass="1" elasticityCoef="1" ang="90,0,0" color="0,220,0" radius="0.5" length="4" />
		<capsule pos="26.450000000000003,-11.0,0.0" vel="0,0,0" mass="1" elasticityCoef="1" ang="90,0,0" color="0,220,0" radius="0.5" length="4" />
		<capsule pos="26.450000000000003,-11.0,2.3000000000000043" vel="0,0,0" mass="1" elasticityCoef="1" ang="90,0,0" color="0,220,0" radius="0.5" length="4" />
		<capsule pos="26.450000000000003,-11.0,4.600000000000001" vel="0,0,0" mass="1" elasticityCoef="1" ang="90,0,0" color="0,220,0" radius="0.5" length="4" />
		<capsule pos="26.450000000000003,-11.0,6.899999999999999" vel="0,0,0" mass="1" elasticityCoef="1" ang="90,0,0" color="0,220,0" radius="0.5" length="4" />
		<capsule pos="26.450000000000003,-11.0,9.200000000000003" vel="0,0,0" mass="1" elasticityCoef="1" ang="90,0,0" color="0,220,0" radius="0.5" length="4" />
		<capsule pos="26.450000000000003,-11.0,11.5" vel="0,0,0" mass="1" elasticityCoef="1" ang="90,0,0" color="0,220,0" radius="0.5" length="4" />
		<capsule pos="26.450000000000003,-11.0,13.799999999999997" vel="0,0,0" mass="1" elasticityCoef="1" ang="90,0,0" color="0,220,0" radius="0.5" length="4" />
		<capsule pos="26.450000000000003,-11.0,16.1" vel="0,0,0" mass="1" elasticityCoef="1" ang="90,0,0" color="0,220,0" radius="0.5" length="4" />
		<capsule pos="26.450000000000003,-11.0,18.4" vel="0,0,0" mass="1" elasticityCoef="1" ang="90,0,0" color="0,220,0" radius="0.5" length="4" />
		<capsule pos="26.450000000000003,-11.0,20.699999999999996" vel="0,0,0" mass="1" elasticityCoef="1" ang="90,0,0" color="0,220,0" radius="0.5" length="4" />
		<capsule pos="26.450000000000003,-11.0,22.999999999999993" vel="0,0,0" mass="1" elasticityCoef="1" ang="90,0,0" color="0,220,0" radius="0.5" length="4" />
		<capsule pos="26.450000000000003,-11.0,25.300000000000004" vel="0,0,0" mass="1" elasticityCoef="1" ang="90,0,0" color="0,220,0" radius="0.5" length="4" />
		<capsule pos="26.450000000000003,-11.0,27.6" vel="0,0,0" mass="1" elasticityCoef="1" ang="90,0,0" color="0,220,0" radius="0.5" length="4" />
		<capsule pos="26.450000000000003,-11.0,29.9" vel="0,0,0" mass="1" elasticityCoef="1" ang="90,0,0" color="0,220,0" radius="0.5" length="4" />
		<capsule pos="26.450000000000003,-11.0,32.199999999999996" vel="0,0,0" mass="1" elasticityCoef="1" ang="90,0,0" color="0,220,0" radius="0.5" length="4" />
		<capsule pos="26.450000000000003,-11.0,34.49999999999999" vel="0,0,0" mass="1" elasticityCoef="1" ang="90,0,0" color="0,220,0" radius="0.5" length="4" />
		<capsule pos="26.450000000000003,-11.0,36.800000000000004" vel="0,0,0" mass="1" elasticityCoef="1" ang="90,0,0" color="0,220,0" radius="0.5" length="4" />
		<capsule pos="26.450000000000003,-11.0,39.1" vel="0,0,0" mass="1" elasticityCoef="1" ang="90,0,0" color="0,220,0" radius="0.5" length="4" />
		<capsule pos="26.450000000000003,-11.0,41.4" vel="0,0,0" mass="1" elasticityCoef="1" ang="90,0,0" color="0,220,0" radius="0.5" length="4" />
		<capsule pos="26.450000000000003,-5.5,-43.699999999999996" vel="0,0,0" mass="1" elasticityCoef="1" ang="90,0,0" color="0,220,0" radius="0.5" length="4" />
		<capsule pos="26.450000000000003,-5.5,-41.4" vel="0,0,0" mass="1" elasticityCoef="1" ang="90,0,0" color="0,220,0" radius="0.5" length="4" />
		<capsule pos="26.450000000000003,-5.5,-39.099999999999994" vel="0,0,0" mass="1" elasticityCoef="1" ang="90,0,0" color="0,220,0" radius="0.5" length="4" />
		<capsule pos="26.450000000000003,-5.5,-36.8" vel="0,0,0" mass="1" elasticityCoef="1" ang="90,0,0" color="0,220,0" radius="0.5" length="4" />
		<capsule pos="26.450000000000003,-5.5,-34.5" vel="0,0,0" mass="1" elasticityCoef="1" ang="90,0,0" color="0,220,0" radius="0.5" length="4" />
		<capsule pos="26.450000000000003,-5.5,-32.199999999999996" vel="0,0,0" mass="1" elasticityCoef="1" ang="90,0,0" color="0,220,0" radius="0.5" length="4" />
		<capsule pos="26.450000000000003,-5.5,-29.9" vel="0,0,0" mass="1" elasticityCoef="1" ang="90,0,0" color="0,220,0" radius="0.5" length="4" />
		<capsule pos="26.450000000000003,-5.5,-27.599999999999998" vel="0,0,0" mass="1" elasticityCoef="1" ang="90,0,0" color="0,220,0" radius="0.5" length="4" />
		<capsule pos="26.450000000000003,-5.5,-25.299999999999997" vel="0,0,0" mass="1" elasticityCoef="1" ang="90,0,0" color="0,220,0" radius="0.5" length="4" />
		<capsule pos="26.450000000000003,-5.5,-22.999999999999996" vel="0,0,0" mass="1" elasticityCoef="1" ang="90,0,0" color="0,220,0" radius="0.5" length="4" />
		<capsule pos="26.450000000000003,-5.5,-20.699999999999996" vel="0,0,0" mass="1" elasticityCoef="1" ang="90,0,0" color="0,220,0" radius="0.5" length="4" />
		<capsule pos="26.450000000000003,-5.5,-18.4" vel="0,0,0" mass="1" elasticityCoef="1" ang="90,0,0" color="0,220,0" radius="0.5" length="4" />
		<capsule pos="26.450000000000003,-5.5,-16.099999999999998" vel="0,0,0" mass="1" elasticityCoef="1" ang="90,0,0" color="0,220,0" radius="0.5" length="4" />
		<capsule pos="26.450000000000003,-5.5,-13.799999999999997" vel="0,0,0" mass="1" elasticityCoef="1" ang="90,0,0" color="0,220,0" radius="0.5" length="4" />
		<capsule pos="26.450000000000003,-5.5,-11.5" vel="0,0,0" mass="1" elasticityCoef="1" ang="90,0,0" color="0,220,0" radius="0.5" length="4" />
		<capsule pos="26.450000000000003,-5.5,-9.199999999999996" vel="0,0,0" mass="1" elasticityCoef="1" ang="90,0,0" color="0,220,0" radius="0.5" length="4" />
		<capsule pos="26.450000000000003,-5.5,-6.899999999999999" vel="0,0,0" mass="1" elasticityCoef="1" ang="90,0,0" color="0,220,0" radius="0.5" length="4" />
		<capsule pos="26.450000000000003,-5.5,-4.600000000000001" vel="0,0,0" mass="1" elasticityCoef="1" ang="90,0,0" color="0,220,0" radius="0.5" length="4" />
		<capsule pos="26.450000000000003,-5.5,-2.299999999999997" vel="0,0,0" mass="1" elasticityCoef="1" ang="90,0,0" color="0,220,0" radius="0.5" length="4" />
		<capsule pos="26.450000000000003,-5.5,0.0" vel="0,0,0" mass="1" elasticityCoef="1" ang="90,0,0" color="0,220,0" radius="0.5" length="4" />
		<capsule pos="26.450000000000003,-5.5,2.3000000000000043" vel="0,0,0" mass="1" elasticityCoef="1" ang="90,0,0" color="0,220,0" radius="0.5" length="4" />
		<capsule pos="26.450000000000003,-5.5,4.600000000000001" vel="0,0,0" mass="1" elasticityCoef="1" ang="90,0,0" color="0,220,0" radius="0.5" length="4" />
		<capsule pos="26.450000000000003,-5.5,6.899999999999999" vel="0,0,0" mass="1" elasticityCoef="1" ang="90,0,0" color="0,220,0" radius="0.5" length="4" />
		<capsule pos="26.450000000000003,-5.5,9.200000000000003" vel="0,0,0" mass="1" elasticityCoef="1" ang="90,0,0" color="0,220,0" radius="0.5" length="4" />
		<capsule pos="26.450000000000003,-5.5,11.5" vel="0,0,0" mass="1" elasticityCoef="1" ang="90,0,0" color="0,220,0" radius="0.5" length="4" />
		<capsule pos="26.450000000000003,-5.5,13.799999999999997" vel="0,0,0" mass="1" elasticityCoef="1" ang="90,0,0" color="0,220,0" radius="0.5" length="4" />
		<capsule pos="26.450000000000003,-5.5,16.1" vel="0,0,0" mass="1" elasticityCoef="1" ang="90,0,0" color="0,220,0" radius="0.5" length="4" />
		<capsule pos="26.450000000000003,-5.5,18.4" vel="0,0,0" mass="1" elasticityCoef="1" ang="90,0,0" color="0,220,0" radius="0.5" length="4" />
		<capsule pos="26.450000000000003,-5.5,20.699999999999996" vel="0,0,0" mass="1" elasticityCoef="1" ang="90,0,0" color="0,220,0" radius="0.5" length="4" />
		<capsule pos="26.450000000000003,-5.5,22.999999999999993" vel="0,0,0" mass="1" elasticityCoef="1" ang="90,0,0" color="0,220,0" radius="0.5" length="4" />
		<capsule pos="26.450000000000003,-5.5,25.300000000000004" vel="0,0,0" mass="1" elasticityCoef="1" ang="90,0,0" color="0,220,0" radius="0.5" length="4" />
		<capsule pos="26.450000000000003,-5.5,27.6" vel="0,0,0" mass="1" elasticityCoef="1" ang="90,0,0" color="0,220,0" radius="0.5" length="4" />
		<capsule pos="26.450000000000003,-5.5,29.9" vel="0,0,0" mass="1" elasticityCoef="1" ang="90,0,0" color="0,220,0" radius="0.5" length="4" />
		<capsule pos="26.450000000000003,-5.5,32.199999999999996" vel="0,0,0" mass="1" elasticityCoef="1" ang="90,0,0" color="0,220,0" radius="0.5" length="4" />
		<capsule pos="26.450000000000003,-5.5,34.49999999999999" vel="0,0,0" mass="1" elasticityCoef="1" ang="90,0,0" color="0,220,0" radius="0.5" length="4" />
		<capsule pos="26.450000000000003,-5.5,36.800000000000004" vel="0,0,0" mass="1" elasticityCoef="1" ang="90,0,0" color="0,220,0" radius="0.5" length="4" />
		<capsule pos="26.450000000000003,-5.5,39.1" vel="0,0,0" mass="1" elasticityCoef="1" ang="90,0,0" color="0,220,0" radius="0.5" length="4" />
		<capsule pos="26.450000000000003,-5.5,41.4" vel="0,0,0" mass="1" elasticityCoef="1" ang="90,0,0" color="0,220,0" radius="0.5" length="4" />
		<capsule pos="26.450000000000003,0.0,-43.699999999999996" vel="0,0,0" mass="1" elasticityCoef="1" ang="90,0,0" color="0,220,0" radius="0.5" length="4" />
		<capsule pos="26.450000000000003,0.0,-41.4" vel="0,0,0" mass="1" elasticityCoef="1" ang="90,0,0" color="0,220,0" radius="0.5" length="4" />
		<capsule pos="26.450000000000003,0.0,-39.099999999999994" vel="0,0,0" mass="1" elasticityCoef="1" ang="90,0,0" color="0,220,0" radius="0.5" length="4" />
		<capsule pos="26.450000000000003,0.0,-36.8" vel="0,0,0" mass="1" elasticityCoef="1" ang="90,0,0" color="0,220,0" radius="0.5" length="4" />
		<capsule pos="26.450000000000003,0.0,-34.5" vel="0,0,0" mass="1" elasticityCoef="1" ang="90,0,0" color="0,220,0" radius="0.5" length="4" />
		<capsule pos="26.450000000000003,0.0,-32.199999999999996" vel="0,0,0" mass="1" elasticityCoef="1" ang="90,0,0" color="0,220,0" radius="0.5" length="4" />
		<capsule pos="26.450000000000003,0.0,-29.9" vel="0,0,0" mass="1" elasticityCoef="1" ang="90,0,0" color="0,220,0" radius="0.5" length="4" />
		<capsule pos="26.450000000000003,0.0,-27.599999999999998" vel="0,0,0" mass="1" elasticityCoef="1" ang="90,0,0" color="0,220,0" radius="0.5" length="4" />
		<capsule pos="26.450000000000003,0.0,-25.299999999999997" vel="0,0,0" mass="1" elasticityCoef="1" ang="90,0,0" color="0,220,0" radius="0.5" length="4" />
		<capsule pos="26.450000000000003,0.0,-22.999999999999996" vel="0,0,0" mass="1" elasticityCoef="1" ang="90,0,0" color="0,220,0" radius="0.5" length="4" />
		<capsule pos="26.450000000000003,0.0,-20.699999999999996" vel="0,0,0" mass="1" elasticityCoef="1" ang="90,0,0" color="0,220,0" radius="0.5" length="4" />
		<capsule pos="26.450000000000003,0.0,-18.4" vel="0,0,0" mass="1" elasticityCoef="1" ang="90,0,0" color="0,220,0" radius="0.5" length="4" />
		<capsule pos="26.450000000000003,0.0,-16.099999999999998" vel="0,0,0" mass="1" elasticityCoef="1" ang="90,0,0" color="0,220,0" radius="0.5" length="4" />
		<capsule pos="26.450000000000003,0.0,-13.799999999999997" vel="0,0,0" mass="1" elasticityCoef="1" ang="90,0,0" color="0,220,0" radius="0.5" length="4" />
		<capsule pos="26.450000000000003,0.0,-11.5" vel="0,0,0" mass="1" elasticityCoef="1" ang="90,0,0" color="0,220,0" radius="0.5" length="4" />
		<capsule pos="26.450000000000003,0.0,-9.199999999999996" vel="0,0,0" mass="1" elasticityCoef="1" ang="90,0,0" color="0,220,0" radius="0.5" length="4" />
		<capsule pos="26.450000000000003,0.0,-6.899999999999999" vel="0,0,0" mass="1" elasticityCoef="1" ang="90,0,0" color="0,220,0" radius="0.5" length="4" />
		<capsule pos="26.450000000000003,0.0,-4.600000000000001" vel="0,0,0" mass="1" elasticityCoef="1" ang="90,0,0" color="0,220,0" radius="0.5" length="4" />
		<capsule pos="26.450000000000003,0.0,-2.299999999999997" vel="0,0,0" mass="1" elasticityCoef="1" ang="90,0,0" color="0,220,0" radius="0.5" length="4" />
		<capsule pos="26.450000000000003,0.0,0.0" vel="0,0,0" mass="1" elasticityCoef="1" ang="90,0,0" color="0,220,0" radius="0.5" length="4" />
		<capsule pos="26.450000000000003,0.0,2.3000000000000043" vel="0,0,0" mass="1" elasticityCoef="1" ang="90,0,0" color="0,220,0" radius="0.5" length="4" />
		<capsule pos="26.450000000000003,0.0,4.600000000000001" vel="0,0,0" mass="1" elasticityCoef="1" ang="90,0,0" color="0,220,0" radius="0.5" length="4" />
		<capsule pos="26.450000000000003,0.0,6.899999999999999" vel="0,0,0" mass="1" elasticityCoef="1" ang="90,0,0" color="0,220,0" radius="0.5" length="4" />
		<capsule pos="26.450000000000003,0.0,9.200000000000003" vel="0,0,0" mass="1" elasticityCoef="1" ang="90,0,0" color="0,220,0" radius="0.5" length="4" />
		<capsule pos="26.450000000000003,0.0,11.5" vel="0,0,0" mass="1" elasticityCoef="1" ang="90,0,0" color="0,220,0" radius="0.5" length="4" />
		<capsule pos="26.450000000000003,0.0,13.799999999999997" vel="0,0,0" mass="1" elasticityCoef="1" ang="90,0,0" color="0,220,0" radius="0.5" length="4" />
		<capsule pos="26.450000000000003,0.0,16.1" vel="0,0,0" mass="1" elasticityCoef="1" ang="90,0,0" color="0,220,0" radius="0.5" length="4" />
		<capsule pos="26.450000000000003,0.0,18.4" vel="0,0,0" mass="1" elasticityCoef="1" ang="90,0,0" color="0,220,0" radius="0.5" length="4" />
		<capsule pos="26.450000000000003,0.0,20.699999999999996" vel="0,0,0" mass="1" elasticityCoef="1" ang="90,0,0" color="0,220,0" radius="0.5" length="4" />
		<capsule pos="26.450000000000003,0.0,22.999999999999993" vel="0,0,0" mass="1" elasticityCoef="1" ang="90,0,0" color="0,220,0" radius="0.5" length="4" />
		<capsule pos="26.450000000000003,0.0,25.300000000000004" vel="0,0,0" mass="1" elasticityCoef="1" ang="90,0,0" color="0,220,0" radius="0.5" length="4" />
		<capsule pos="26.450000000000003,0.0,27.6" vel="0,0,0" mass="1" elasticityCoef="1" ang="90,0,0" color="0,220,0" radius="0.5" length="4" />
		<capsule pos="26.450000000000003,0.0,29.9" vel="0,0,0" mass="1" elasticityCoef="1" ang="90,0,0" color="0,220,0" radius="0.5" length="4" />
		<capsule pos="26.450000000000003,0.0,32.199999999999996" vel="0,0,0" mass="1" elasticityCoef="1" ang="90,0,0" color="0,220,0" radius="0.5" length="4" />
		<capsule pos="26.450000000000003,0.0,34.49999999999999" vel="0,0,0" mass="1" elasticityCoef="1" ang="90,0,0" color="0,220,0" radius="0.5" length="4" />
		<capsule pos="26.450000000000003,0.0,36.800000000000004" vel="0,0,0" mass="1" elasticityCoef="1" ang="90,0,0" color="0,220,0" radius="0.5" length="4" />
		<capsule pos="26.450000000000003,0.0,39.1" vel="0,0,0" mass="1" elasticityCoef="1" ang="90,0,0" color="0,220,0" radius="0.5" length="4" />
		<capsule pos="26.450000000000003,0.0,41.4" vel="0,0,0" mass="1" elasticityCoef="1" ang="90,0,0" color="0,220,0" radius="0.5" length="4" />
		<capsule pos="26.450000000000003,5.5,-43.699999999999996" vel="0,0,0" mass="1" elasticityCoef="1" ang="90,0,0" color="0,220,0" radius="0.5" length="4" />
		<capsule pos="26.450000000000003,5.5,-41.4" vel="0,0,0" mass="1" elasticityCoef="1" ang="90,0,0" color="0,220,0" radius="0.5" length="4" />
		<capsule pos="26.450000000000003,5.5,-39.099999999999994" vel="0,0,0" mass="1" elasticityCoef="1" ang="90,0,0" color="0,220,0" radius="0.5" length="4" />
		<capsule pos="26.450000000000003,5.5,-36.8" vel="0,0,0" mass="1" elasticityCoef="1" ang="90,0,0" color="0,220,0" radius="0.5" length="4" />
		<capsule pos="26.450000000000003,5.5,-34.5" vel="0,0,0" mass="1" elasticityCoef="1" ang="90,0,0" color="0,220,0" radius="0.5" length="4" />
		<capsule pos="26.450000000000003,5.5,-32.199999999999996" vel="0,0,0" mass="1" elasticityCoef="1" ang="90,0,0" color="0,220,0" radius="0.5" length="4" />
		<capsule pos="26.450000000000003,5.5,-29.9" vel="0,0,0" mass="1" elasticityCoef="1" ang="90,0,0" color="0,220,0" radius="0.5" length="4" />
		<capsule pos="26.450000000000003,5.5,-27.599999999999998" vel="0,0,0" mass="1" elasticityCoef="1" ang="90,0,0" color="0,220,0" radius="0.5" length="4" />
		<capsule pos="26.450000000000003,5.5,-25.299999999999997" vel="0,0,0" mass="1" elasticityCoef="1" ang="90,0,0" color="0,220,0" radius="0.5" length="4" />
		<capsule pos="26.450000000000003,5.5,-22.999999999999996" vel="0,0,0" mass="1" elasticityCoef="1" ang="90,0,0" color="0,220,0" radius="0.5" length="4" />
		<capsule pos="26.450000000000003,5.5,-20.699999999999996" vel="0,0,0" mass="1" elasticityCoef="1" ang="90,0,0" color="0,220,0" radius="0.5" length="4" />
		<capsule pos="26.450000000000003,5.5,-18.4" vel="0,0,0" mass="1" elasticityCoef="1" ang="90,0,0" color="0,220,0" radius="0.5" length="4" />
		<capsule pos="26.450000000000003,5.5,-16.099999999999998" vel="0,0,0" mass="1" elasticityCoef="1" ang="90,0,0" color="0,220,0" radius="0.5" length="4" />
		<capsule pos="26.450000000000003,5.5,-13.799999999999997" vel="0,0,0" mass="1" elasticityCoef="1" ang="90,0,0" color="0,220,0" radius="0.5" length="4" />
		<capsule pos="26.450000000000003,5.5,-11.5" vel="0,0,0" mass="1" elasticityCoef="1" ang="90,0,0" color="0,220,0" radius="0.5" length="4" />
		<capsule pos="26.450000000000003,5.5,-9.199999999999996" vel="0,0,0" mass="1" elasticityCoef="1" ang="90,0,0" color="0,220,0" radius="0.5" length="4" />
		<capsule pos="26.450000000000003,5.5,-6.899999999999999" vel="0,0,0" mass="1" elasticityCoef="1" ang="90,0,0" color="0,220,0" radius="0.5" length="4" />
		<capsule pos="26.450000000000003,5.5,-4.600000000000001" vel="0,0,0" mass="1" elasticityCoef="1" ang="90,0,0" color="0,220,0" radius="0.5" length="4" />
		<capsule pos="26.450000000000003,5.5,-2.299999999999997" vel="0,0,0" mass="1" elasticityCoef="1" ang="90,0,0" color="0,220,0" radius="0.5" length="4" />
		<capsule pos="26.450000000000003,5.5,0.0" vel="0,0,0" mass="1" elasticityCoef="1" ang="90,0,0" color="0,220,0" radius="0.5" length="4" />
		<capsule pos="26.450000000000003,5.5,2.3000000000000043" vel="0,0,0" mass="1" elasticityCoef="1" ang="90,0,0" color="0,220,0" radius="0.5" length="4" />
		<capsule pos="26.450000000000003,5.5,4.600000000000001" vel="0,0,0" mass="1" elasticityCoef="1" ang="90,0,0" color="0,220,0" radius="0.5" length="4" />
		<capsule pos="26.450000000000003,5.5,6.899999999999999" vel="0,0,0" mass="1" elasticityCoef="1" ang="90,0,0" color="0,220,0" radius="0.5" length="4" />
		<capsule pos="26.450000000000003,5.5,9.200000000000003" vel="0,0,0" mass="1" elasticityCoef="1" ang="90,0,0" color="0,220,0" radius="0.5" length="4" />
		<capsule pos="26.450000000000003,5.5,11.5" vel="0,0,0" mass="1" elasticityCoef="1" ang="90,0,0" color="0,220,0" radius="0.5" length="4" />
		<capsule pos="26.450000000000003,5.5,13.799999999999997" vel="0,0,0" mass="1" elasticityCoef="1" ang="90,0,0" color="0,220,0" radius="0.5" length="4" />
		<capsule pos="26.450000000000003,5.5,16.1" vel="0,0,0" mass="1" elasticityCoef="1" ang="90,0,0" color="0,220,0" radius="0.5" length="4" />
		<capsule pos="26.450000000000003,5.5,18.4" vel="0,0,0" mass="1" elasticityCoef="1" ang="90,0,0" color="0,220,0" radius="0.5" length="4" />
		<capsule pos="26.450000000000003,5.5,20.699999999999996" vel="0,0,0" mass="1" elasticityCoef="1" ang="90,0,0" color="0,220,0" radius="0.5" length="4" />
		<capsule pos="26.450000000000003,5.5,22.999999999999993" vel="0,0,0" mass="1" elasticityCoef="1" ang="90,0,0" color="0,220,0" radius="0.5" length="4" />
		<capsule pos="26.450000000000003,5.5,25.300000000000004" vel="0,0,0" mass="1" elasticityCoef="1" ang="90,0,0" color="0,220,0" radius="0.5" length="4" />
		<capsule pos="26.450000000000003,5.5,27.6" vel="0,0,0" mass="1" elasticityCoef="1" ang="90,0,0" color="0,220,0" radius="0.5" length="4" />
		<capsule pos="26.450000000000003,5.5,29.9" vel="0,0,0" mass="1" elasticityCoef="1" ang="90,0,0" color="0,220,0" radius="0.5" length="4" />
		<capsule pos="26.450000000000003,5.5,32.199999999999996" vel="0,0,0" mass="1" elasticityCoef="1" ang="90,0,0" color="0,220,0" radius="0.5" length="4" />
		<capsule pos="26.450000000000003,5.5,34.49999999999999" vel="0,0,0" mass="1" elasticityCoef="1" ang="90,0,0" color="0,220,0" radius="0.5" length="4" />
		<capsule pos="26.450000000000003,5.5,36.800000000000004" vel="0,0,0" mass="1" elasticityCoef="1" ang="90,0,0" color="0,220,0" radius="0.5" length="4" />
		<capsule pos="26.450000000000003,5.5,39.1" vel="0,0,0" mass="1" elasticityCoef="1" ang="90,0,0" color="0,220,0" radius="0.5" length="4" />
		<capsule pos="26.450000000000003,5.5,41.4" vel="0,0,0" mass="1" elasticityCoef="1" ang="90,0,0" color="0,220,0" radius="0.5" length="4" />
		<capsule pos="26.450000000000003,11.0,-43.699999999999996" vel="0,0,0" mass="1" elasticityCoef="1" ang="90,0,0" color="0,220,0" radius="0.5" length="4" />
		<capsule pos="26.450000000000003,11.0,-41.4" vel="0,0,0" mass="1" elasticityCoef="1" ang="90,0,0" color="0,220,0" radius="0.5" length="4" />
		<capsule pos="26.450000000000003,11.0,-39.099999999999994" vel="0,0,0" mass="1" elasticityCoef="1" ang="90,0,0" color="0,220,0" radius="0.5" length="4" />
		<capsule pos="26.450000000000003,11.0,-36.8" vel="0,0,0" mass="1" elasticityCoef="1" ang="90,0,0" color="0,220,0" radius="0.5" length="4" />
		<capsule pos="26.450000000000003,11.0,-34.5" vel="0,0,0" mass="1" elasticityCoef="1" ang="90,0,0" color="0,220,0" radius="0.5" length="4" />
		<capsule pos="26.450000000000003,11.0,-32.199999999999996" vel="0,0,0" mass="1" elasticityCoef="1" ang="90,0,0" color="0,220,0" radius="0.5" length="4" />
		<capsule pos="26.450000000000003,11.0,-29.9" vel="0,0,0" mass="1" elasticityCoef="1" ang="90,0,0" color="0,220,0" radius="0.5" length="4" />
		<capsule pos="26.450000000000003,11.0,-27.599999999999998" vel="0,0,0" mass="1" elasticityCoef="1" ang="90,0,0" color="0,220,0" radius="0.5" length="4" />
		<capsule pos="26.450000000000003,11.0,-25.299999999999997" vel="0,0,0" mass="1" elasticityCoef="1" ang="90,0,0" color="0,220,0" radius="0.5" length="4" />
		<capsule pos="26.450000000000003,11.0,-22.999999999999996" vel="0,0,0" mass="1" elasticityCoef="1" ang="90,0,0" color="0,220,0" radius="0.5" length="4" />
		<capsule pos="26.450000000000003,11.0,-20.699999999999996" vel="0,0,0" mass="1" elasticityCoef="1" ang="90,0,0" color="0,220,0" radius="0.5" length="4" />
		<capsule pos="26.450000000000003,11.0,-18.4" vel="0,0,0" mass="1" elasticityCoef="1" ang="90,0,0" color="0,220,0" radius="0.5" length="4" />
		<capsule pos="26.450000000000003,11.0,-16.099999999999998" vel="0,0,0" mass="1" elasticityCoef="1" ang="90,0,0" color="0,220,0" radius="0.5" length="4" />
		<capsule pos="26.450000000000003,11.0,-13.799999999999997" vel="0,0,0" mass="1" elasticityCoef="1" ang="90,0,0" color="0,220,0" radius="0.5" length="4" />
		<capsule pos="26.450000000000003,11.0,-11.5" vel="0,0,0" mass="1" elasticityCoef="1" ang="90,0,0" color="0,220,0" radius="0.5" length="4" />
		<capsule pos="26.450000000000003,11.0,-9.199999999999996" vel="0,0,0" mass="1" elasticityCoef="1" ang="90,0,0" color="0,220,0" radius="0.5" length="4" />
		<capsule pos="26.450000000000003,11.0,-6.899999999999999" vel="0,0,0" mass="1" elasticityCoef="1" ang="90,0,0" color="0,220,0" radius="0.5" length="4" />
		<capsule pos="26.450000000000003,11.0,-4.600000000000001" vel="0,0,0" mass="1" elasticityCoef="1" ang="90,0,0" color="0,220,0" radius="0.5" length="4" />
		<capsule pos="26.450000000000003,11.0,-2.299999999999997" vel="0,0,0" mass="1" elasticityCoef="1" ang="90,0,0" color="0,220,0" radius="0.5" length="4" />
		<capsule pos="26.450000000000003,11.0,0.0" vel="0,0,0" mass="1" elasticityCoef="1" ang="90,0,0" color="0,220,0" radius="0.5" length="4" />
		<capsule pos="26.450000000000003,11.0,2.3000000000000043" vel="0,0,0" mass="1" elasticityCoef="1" ang="90,0,0" color="0,220,0" radius="0.5" length="4" />
		<capsule pos="26.450000000000003,11.0,4.600000000000001" vel="0,0,0" mass="1" elasticityCoef="1" ang="90,0,0" color="0,220,0" radius="0.5" length="4" />
		<capsule pos="26.450000000000003,11.0,6.899999999999999" vel="0,0,0" mass="1" elasticityCoef="1" ang="90,0,0" color="0,220,0" radius="0.5" length="4" />
		<capsule pos="26.450000000000003,11.0,9.200000000000003" vel="0,0,0" mass="1" elasticityCoef="1" ang="90,0,0" color="0,220,0" radius="0.5" length="4" />
		<capsule pos="26.450000000000003,11.0,11.5" vel="0,0,0" mass="1" elasticityCoef="1" ang="90,0,0" color="0,220,0" radius="0.5" length="4" />
		<capsule pos="26.450000000000003,11.0,13.799999999999997" vel="0,0,0" mass="1" elasticityCoef="1" ang="90,0,0" color="0,220,0" radius="0.5" length="4" />
		<capsule pos="26.450000000000003,11.0,16.1" vel="0,0,0" mass="1" elasticityCoef="1" ang="90,0,0" color="0,220,0" radius="0.5" length="4" />
		<capsule pos="26.450000000000003,11.0,18.4" vel="0,0,0" mass="1" elasticityCoef="1" ang="90,0,0" color="0,220,0" radius="0.5" length="4" />
		<capsule pos="26.450000000000003,11.0,20.699999999999996" vel="0,0,0" mass="1" elasticityCoef="1" ang="90,0,0" color="0,220,0" radius="0.5" length="4" />
		<capsule pos="26.450000000000003,11.0,22.999999999999993" vel="0,0,0" mass="1" elasticityCoef="1" ang="90,0,0" color="0,220,0" radius="0.5" length="4" />
		<capsule pos="26.450000000000003,11.0,25.300000000000004" vel="0,0,0" mass="1" elasticityCoef="1" ang="90,0,0" color="0,220,0" radius="0.5" length="4" />
		<capsule pos="26.450000000000003,11.0,27.6" vel="0,0,0" mass="1" elasticityCoef="1" ang="90,0,0" color="0,220,0" radius="0.5" length="4" />
		<capsule pos="26.450000000000003,11.0,29.9" vel="0,0,0" mass="1" elasticityCoef="1" ang="90,0,0" color="0,220,0" radius="0.5" length="4" />
		<capsule pos="26.450000000000003,11.0,32.199999999999996" vel="0,0,0" mass="1" elasticityCoef="1" ang="90,0,0" color="0,220,0" radius="0.5" length="4" />
		<capsule pos="26.450000000000003,11.0,34.49999999999999" vel="0,0,0" mass="1" elasticityCoef="1" ang="90,0,0" color="0,220,0" radius="0.5" length="4" />
		<capsule pos="26.450000000000003,11.0,36.800000000000004" vel="0,0,0" mass="1" elasticityCoef="1" ang="90,0,0" color="0,220,0" radius="0.5" length="4" />
		<capsule pos="26.450000000000003,11.0,39.1" vel="0,0,0" mass="1" elasticityCoef="1" ang="90,0,0" color="0,220,0" radius="0.5" length="4" />
		<capsule pos="26.450000000000003,11.0,41.4" vel="0,0,0" mass="1" elasticityCoef="1" ang="90,0,0" color="0,220,0" radius="0.5" length="4" />
		<capsule pos="26.450000000000003,16.5,-43.699999999999996" vel="0,0,0" mass="1" elasticityCoef="1" ang="90,0,0" color="0,220,0" radius="0.5" length="4" />
		<capsule pos="26.450000000000003,16.5,-41.4" vel="0,0,0" mass="1" elasticityCoef="1" ang="90,0,0" color="0,220,0" radius="0.5" length="4" />
		<capsule pos="26.450000000000003,16.5,-39.099999999999994" vel="0,0,0" mass="1" elasticityCoef="1" ang="90,0,0" color="0,220,0" radius="0.5" length="4" />
		<capsule pos="26.450000000000003,16.5,-36.8" vel="0,0,0" mass="1" elasticityCoef="1" ang="90,0,0" color="0,220,0" radius="0.5" length="4" />
		<capsule pos="26.450000000000003,16.5,-34.5" vel="0,0,0" mass="1" elasticityCoef="1" ang="90,0,0" color="0,220,0" radius="0.5" length="4" />
		<capsule pos="26.450000000000003,16.5,-32.199999999999996" vel="0,0,0" mass="1" elasticityCoef="1" ang="90,0,0" color="0,220,0" radius="0.5" length="4" />
		<capsule pos="26.450000000000003,16.5,-29.9" vel="0,0,0" mass="1" elasticityCoef="1" ang="90,0,0" color="0,220,0" radius="0.5" length="4" />
		<capsule pos="26.450000000000003,16.5,-27.599999999999998" vel="0,0,0" mass="1" elasticityCoef="1" ang="90,0,0" color="0,220,0" radius="0.5" length="4" />
		<capsule pos="26.450000000000003,16.5,-25.299999999999997" vel="0,0,0" mass="1" elasticityCoef="1" ang="90,0,0" color="0,220,0" radius="0.5" length="4" />
		<capsule pos="26.450000000000003,16.5,-22.999999999999996" vel="0,0,0" mass="1" elasticityCoef="1" ang="90,0,0" color="0,220,0" radius="0.5" length="4" />
		<capsule pos="26.450000000000003,16.5,-20.699999999999996" vel="0,0,0" mass="1" elasticityCoef="1" ang="90,0,0" color="0,220,0" radius="0.5" length="4" />
		<capsule pos="26.450000000000003,16.5,-18.4" vel="0,0,0" mass="1" elasticityCoef="1" ang="90,0,0" color="0,220,0" radius="0.5" length="4" />
		<capsule pos="26.450000000000003,16.5,-16.099999999999998" vel="0,0,0" mass="1" elasticityCoef="1" ang="90,0,0" color="0,220,0" radius="0.5" length="4" />
		<capsule pos="26.450000000000003,16.5,-13.799999999999997" vel="0,0,0" mass="1" elasticityCoef="1" ang="90,0,0" color="0,220,0" radius="0.5" length="4" />
		<capsule pos="26.450000000000003,16.5,-11.5" vel="0,0,0" mass="1" elasticityCoef="1" ang="90,0,0" color="0,220,0" radius="0.5" length="4" />
		<capsule pos="26.450000000000003,16.5,-9.199999999999996" vel="0,0,0" mass="1" elasticityCoef="1" ang="90,0,0" color="0,220,0" radius="0.5" length="4" />
		<capsule pos="26.450000000000003,16.5,-6.899999999999999" vel="0,0,0" mass="1" elasticityCoef="1" ang="90,0,0" color="0,220,0" radius="0.5" length="4" />
		<capsule pos="26.450000000000003,16.5,-4.600000000000001" vel="0,0,0" mass="1" elasticityCoef="1" ang="90,0,0" color="0,220,0" radius="0.5" length="4" />
		<capsule pos="26.450000000000003,16.5,-2.299999999999997" vel="0,0,0" mass="1" elasticityCoef="1" ang="90,0,0" color="0,220,0" radius="0.5" length="4" />
		<capsule pos="26.450000000000003,16.5,0.0" vel="0,0,0" mass="1" elasticityCoef="1" ang="90,0,0" color="0,220,0" radius="0.5" length="4" />
		<capsule pos="26.450000000000003,16.5,2.3000000000000043" vel="0,0,0" mass="1" elasticityCoef="1" ang="90,0,0" color="0,220,0" radius="0.5" length="4" />
		<capsule pos="26.450000000000003,16.5,4.600000000000001" vel="0,0,0" mass="1" elasticityCoef="1" ang="90,0,0" color="0,220,0" radius="0.5" length="4" />
		<capsule pos="26.450000000000003,16.5,6.899999999999999" vel="0,0,0" mass="1" elasticityCoef="1" ang="90,0,0" color="0,220,0" radius="0.5" length="4" />
		<capsule pos="26.450000000000003,16.5,9.200000000000003" vel="0,0,0" mass="1" elasticityCoef="1" ang="90,0,0" color="0,220,0" radius="0.5" length="4" />
		<capsule pos="26.450000000000003,16.5,11.5" vel="0,0,0" mass="1" elasticityCoef="1" ang="90,0,0" color="0,220,0" radius="0.5" length="4" />
		<capsule pos="26.450000000000003,16.5,13.799999999999997" vel="0,0,0" mass="1" elasticityCoef="1" ang="90,0,0" color="0,220,0" radius="0.5" length="4" />
		<capsule pos="26.450000000000003,16.5,16.1" vel="0,0,0" mass="1" elasticityCoef="1" ang="90,0,0" color="0,220,0" radius="0.5" length="4" />
		<capsule pos="26.450000000000003,16.5,18.4" vel="0,0,0" mass="1" elasticityCoef="1" ang="90,0,0" color="0,220,0" radius="0.5" length="4" />
		<capsule pos="26.450000000000003,16.5,20.699999999999996" vel="0,0,0" mass="1" elasticityCoef="1" ang="90,0,0" color="0,220,0" radius="0.5" length="4" />
		<capsule pos="26.450000000000003,16.5,22.999999999999993" vel="0,0,0" mass="1" elasticityCoef="1" ang="90,0,0" color="0,220,0" radius="0.5" length="4" />
		<capsule pos="26.450000000000003,16.5,25.300000000000004" vel="0,0,0" mass="1" elasticityCoef="1" ang="90,0,0" color="0,220,0" radius="0.5" length="4" />
		<capsule pos="26.450000000000003,16.5,27.6" vel="0,0,0" mass="1" elasticityCoef="1" ang="90,0,0" color="0,220,0" radius="0.5" length="4" />
		<capsule pos="26.450000000000003,16.5,29.9" vel="0,0,0" mass="1" elasticityCoef="1" ang="90,0,0" color="0,220,0" radius="0.5" length="4" />
		<capsule pos="26.450000000000003,16.5,32.199999999999996" vel="0,0,0" mass="1" elasticityCoef="1" ang="90,0,0" color="0,220,0" radius="0.5" length="4" />
		<capsule pos="26.450000000000003,16.5,34.49999999999999" vel="0,0,0" mass="1" elasticityCoef="1" ang="90,0,0" color="0,220,0" radius="0.5" length="4" />
		<capsule pos="26.450000000000003,16.5,36.800000000000004" vel="0,0,0" mass="1" elasticityCoef="1" ang="90,0,0" color="0,220,0" radius="0.5" length="4" />
		<capsule pos="26.450000000000003,16.5,39.1" vel="0,0,0" mass="1" elasticityCoef="1" ang="90,0,0" color="0,220,0" radius="0.5" length="4" />
		<capsule pos="26.450000000000003,16.5,41.4" vel="0,0,0" mass="1" elasticityCoef="1" ang="90,0,0" color="0,220,0" radius="0.5" length="4" />
		<capsule pos="26.450000000000003,22.0,-43.699999999999996" vel="0,0,0" mass="1" elasticityCoef="1" ang="90,0,0" color="0,220,0" radius="0.5" length="4" />
		<capsule pos="26.450000000000003,22.0,-41.4" vel="0,0,0" mass="1" elasticityCoef="1" ang="90,0,0" color="0,220,0" radius="0.5" length="4" />
		<capsule pos="26.450000000000003,22.0,-39.099999999999994" vel="0,0,0" mass="1" elasticityCoef="1" ang="90,0,0" color="0,220,0" radius="0.5" length="4" />
		<capsule pos="26.450000000000003,22.0,-36.8" vel="0,0,0" mass="1" elasticityCoef="1" ang="90,0,0" color="0,220,0" radius="0.5" length="4" />
		<capsule pos="26.450000000000003,22.0,-34.5" vel="0,0,0" mass="1" elasticityCoef="1" ang="90,0,0" color="0,220,0" radius="0.5" length="4" />
		<capsule pos="26.450000000000003,22.0,-32.199999999999996" vel="0,0,0" mass="1" elasticityCoef="1" ang="90,0,0" color="0,220,0" radius="0.5" length="4" />
		<capsule pos="26.450000000000003,22.0,-29.9" vel="0,0,0" mass="1" elasticityCoef="1" ang="90,0,0" color="0,220,0" radius="0.5" length="4" />
		<capsule pos="26.450000000000003,22.0,-27.599999999999998" vel="0,0,0" mass="1" elasticityCoef="1" ang="90,0,0" color="0,220,0" radius="0.5" length="4" />
		<capsule pos="26.450000000000003,22.0,-25.299999999999997" vel="0,0,0" mass="1" elasticityCoef="1" ang="90,0,0" color="0,220,0" radius="0.5" length="4" />
		<capsule pos="26.450000000000003,22.0,-22.999999999999996" vel="0,0,0" mass="1" elasticityCoef="1" ang="90,0,0" color="0,220,0" radius="0.5" length="4" />
		<capsule pos="26.450000000000003,22.0,-20.699999999999996" vel="0,0,0" mass="1" elasticityCoef="1" ang="90,0,0" color="0,220,0" radius="0.5" length="4" />
		<capsule pos="26.450000000000003,22.0,-18.4" vel="0,0,0" mass="1" elasticityCoef="1" ang="90,0,0" color="0,220,0" radius="0.5" length="4" />
		<capsule pos="26.450000000000003,22.0,-16.099999999999998" vel="0,0,0" mass="1" elasticityCoef="1" ang="90,0,0" color="0,220,0" radius="0.5" length="4" />
		<capsule pos="26.450000000000003,22.0,-13.799999999999997" vel="0,0,0" mass="1" elasticityCoef="1" ang="90,0,0" color="0,220,0" radius="0.5" length="4" />
		<capsule pos="26.450000000000003,22.0,-11.5" vel="0,0,0" mass="1" elasticityCoef="1" ang="90,0,0" color="0,220,0" radius="0.5" length="4" />
		<capsule pos="26.450000000000003,22.0,-9.199999999999996" vel="0,0,0" mass="1" elasticityCoef="1" ang="90,0,0" color="0,220,0" radius="0.5" length="4" />
		<capsule pos="26.450000000000003,22.0,-6.899999999999999" vel="0,0,0" mass="1" elasticityCoef="1" ang="90,0,0" color="0,220,0" radius="0.5" length="4" />
		<capsule pos="26.450000000000003,22.0,-4.600000000000001" vel="0,0,0" mass="1" elasticityCoef="1" ang="90,0,0" color="0,220,0" radius="0.5" length="4" />
		<capsule pos="26.450000000000003,22.0,-2.299999999999997" vel="0,0,0" mass="1" elasticityCoef="1" ang="90,0,0" color="0,220,0" radius="0.5" length="4" />
		<capsule pos="26.450000000000003,22.0,0.0" vel="0,0,0" mass="1" elasticityCoef="1" ang="90,0,0" color="0,220,0" radius="0.5" length="4" />
		<capsule pos="26.450000000000003,22.0,2.3000000000000043" vel="0,0,0" mass="1" elasticityCoef="1" ang="90,0,0" color="0,220,0" radius="0.5" length="4" />
		<capsule pos="26.450000000000003,22.0,4.600000000000001" vel="0,0,0" mass="1" elasticityCoef="1" ang="90,0,0" color="0,220,0" radius="0.5" length="4" />
		<capsule pos="26.450000000000003,22.0,6.899999999999999" vel="0,0,0" mass="1" elasticityCoef="1" ang="90,0,0" color="0,220,0" radius="0.5" length="4" />
		<capsule pos="26.450000000000003,22.0,9.200000000000003" vel="0,0,0" mass="1" elasticityCoef="1" ang="90,0,0" color="0,220,0" radius="0.5" length="4" />
		<capsule pos="26.450000000000003,22.0,11.5" vel="0,0,0" mass="1" elasticityCoef="1" ang="90,0,0" color="0,220,0" radius="0.5" length="4" />
		<capsule pos="26.450000000000003,22.0,13.799999999999997" vel="0,0,0" mass="1" elasticityCoef="1" ang="90,0,0" color="0,220,0" radius="0.5" length="4" />
		<capsule pos="26.450000000000003,22.0,16.1" vel="0,0,0" mass="1" elasticityCoef="1" ang="90,0,0" color="0,220,0" radius="0.5" length="4" />
		<capsule pos="26.450000000000003,22.0,18.4" vel="0,0,0" mass="1" elasticityCoef="1" ang="90,0,0" color="0,220,0" radius="0.5" length="4" />
		<capsule pos="26.450000000000003,22.0,20.699999999999996" vel="0,0,0" mass="1" elasticityCoef="1" ang="90,0,0" color="0,220,0" radius="0.5" length="4" />
		<capsule pos="26.450000000000003,22.0,22.999999999999993" vel="0,0,0" mass="1" elasticityCoef="1" ang="90,0,0" color="0,220,0" radius="0.5" length="4" />
		<capsule pos="26.450000000000003,22.0,25.300000000000004" vel="0,0,0" mass="1" elasticityCoef="1" ang="90,0,0" color="0,220,0" radius="0.5" length="4" />
		<capsule pos="26.450000000000003,22.0,27.6" vel="0,0,0" mass="1" elasticityCoef="1" ang="90,0,0" color="0,220,0" radius="0.5" length="4" />
		<capsule pos="26.450000000000003,22.0,29.9" vel="0,0,0" mass="1" elasticityCoef="1" ang="90,0,0" color="0,220,0" radius="0.5" length="4" />
		<capsule pos="26.450000000000003,22.0,32.199999999999996" vel="0,0,0" mass="1" elasticityCoef="1" ang="90,0,0" color="0,220,0" radius="0.5" length="4" />
		<capsule pos="26.450000000000003,22.0,34.49999999999999" vel="0,0,0" mass="1" elasticityCoef="1" ang="90,0,0" color="0,220,0" radius="0.5" length="4" />
		<capsule pos="26.450000000000003,22.0,36.800000000000004" vel="0,0,0" mass="1" elasticityCoef="1" ang="90,0,0" color="0,220,0" radius="0.5" length="4" />
		<capsule pos="26.450000000000003,22.0,39.1" vel="0,0,0" mass="1" elasticityCoef="1" ang="90,0,0" color="0,220,0" radius="0.5" length="4" />
		<capsule pos="26.450000000000003,22.0,41.4" vel="0,0,0" mass="1" elasticityCoef="1" ang="90,0,0" color="0,220,0" radius="0.5" length="4" />
		<capsule pos="26.450000000000003,27.5,-43.699999999999996" vel="0,0,0" mass="1" elasticityCoef="1" ang="90,0,0" color="0,220,0" radius="0.5" length="4" />
		<capsule pos="26.450000000000003,27.5,-41.4" vel="0,0,0" mass="1" elasticityCoef="1" ang="90,0,0" color="0,220,0" radius="0.5" length="4" />
		<capsule pos="26.450000000000003,27.5,-39.099999999999994" vel="0,0,0" mass="1" elasticityCoef="1" ang="90,0,0" color="0,220,0" radius="0.5" length="4" />
		<capsule pos="26.450000000000003,27.5,-36.8" vel="0,0,0" mass="1" elasticityCoef="1" ang="90,0,0" color="0,220,0" radius="0.5" length="4" />
		<capsule pos="26.450000000000003,27.5,-34.5" vel="0,0,0" mass="1" elasticityCoef="1" ang="90,0,0" color="0,220,0" radius="0.5" length="4" />
		<capsule pos="26.450000000000003,27.5,-32.199999999999996" vel="0,0,0" mass="1" elasticityCoef="1" ang="90,0,0" color="0,220,0" radius="0.5" length="4" />
		<capsule pos="26.450000000000003,27.5,-29.9" vel="0,0,0" mass="1" elasticityCoef="1" ang="90,0,0" color="0,220,0" radius="0.5" length="4" />
		<capsule pos="26.450000000000003,27.5,-27.599999999999998" vel="0,0,0" mass="1" elasticityCoef="1" ang="90,0,0" color="0,220,0" radius="0.5" length="4" />
		<capsule pos="26.450000000000003,27.5,-25.299999999999997" vel="0,0,0" mass="1" elasticityCoef="1" ang="90,0,0" color="0,220,0" radius="0.5" length="4" />
		<capsule pos="26.450000000000003,27.5,-22.999999999999996" vel="0,0,0" mass="1" elasticityCoef="1" ang="90,0,0" color="0,220,0" radius="0.5" length="4" />
		<capsule pos="26.450000000000003,27.5,-20.699999999999996" vel="0,0,0" mass="1" elasticityCoef="1" ang="90,0,0" color="0,220,0" radius="0.5" length="4" />
		<capsule pos="26.450000000000003,27.5,-18.4" vel="0,0,0" mass="1" elasticityCoef="1" ang="90,0,0" color="0,220,0" radius="0.5" length="4" />
		<capsule pos="26.450000000000003,27.5,-16.099999999999998" vel="0,0,0" mass="1" elasticityCoef="1" ang="90,0,0" color="0,220,0" radius="0.5" length="4" />
		<capsule pos="26.450000000000003,27.5,-13.799999999999997" vel="0,0,0" mass="1" elasticityCoef="1" ang="90,0,0" color="0,220,0" radius="0.5" length="4" />
		<capsule pos="26.450000000000003,27.5,-11.5" vel="0,0,0" mass="1" elasticityCoef="1" ang="90,0,0" color="0,220,0" radius="0.5" length="4" />
		<capsule pos="26.450000000000003,27.5,-9.199999999999996" vel="0,0,0" mass="1" elasticityCoef="1" ang="90,0,0" color="0,220,0" radius="0.5" length="4" />
		<capsule pos="26.450000000000003,27.5,-6.899999999999999" vel="0,0,0" mass="1" elasticityCoef="1" ang="90,0,0" color="0,220,0" radius="0.5" length="4" />
		<capsule pos="26.450000000000003,27.5,-4.600000000000001" vel="0,0,0" mass="1" elasticityCoef="1" ang="90,0,0" color="0,220,0" radius="0.5" length="4" />
		<capsule pos="26.450000000000003,27.5,-2.299999999999997" vel="0,0,0" mass="1" elasticityCoef="1" ang="90,0,0" color="0,220,0" radius="0.5" length="4" />
		<capsule pos="26.450000000000003,27.5,0.0" vel="0,0,0" mass="1" elasticityCoef="1" ang="90,0,0" color="0,220,0" radius="0.5" length="4" />
		<capsule pos="26.450000000000003,27.5,2.3000000000000043" vel="0,0,0" mass="1" elasticityCoef="1" ang="90,0,0" color="0,220,0" radius="0.5" length="4" />
		<capsule pos="26.450000000000003,27.5,4.600000000000001" vel="0,0,0" mass="1" elasticityCoef="1" ang="90,0,0" color="0,220,0" radius="0.5" length="4" />
		<capsule pos="26.450000000000003,27.5,6.899999999999999" vel="0,0,0" mass="1" elasticityCoef="1" ang="90,0,0" color="0,220,0" radius="0.5" length="4" />
		<capsule pos="26.450000000000003,27.5,9.200000000000003" vel="0,0,0" mass="1" elasticityCoef="1" ang="90,0,0" color="0,220,0" radius="0.5" length="4" />
		<capsule pos="26.450000000000003,27.5,11.5" vel="0,0,0" mass="1" elasticityCoef="1" ang="90,0,0" color="0,220,0" radius="0.5" length="4" />
		<capsule pos="26.450000000000003,27.5,13.799999999999997" vel="0,0,0" mass="1" elasticityCoef="1" ang="90,0,0" color="0,220,0" radius="0.5" length="4" />
		<capsule pos="26.450000000000003,27.5,16.1" vel="0,0,0" mass="1" elasticityCoef="1" ang="90,0,0" color="0,220,0" radius="0.5" length="4" />
		<capsule pos="26.450000000000003,27.5,18.4" vel="0,0,0" mass="1" elasticityCoef="1" ang="90,0,0" color="0,220,0" radius="0.5" length="4" />
		<capsule pos="26.450000000000003,27.5,20.699999999999996" vel="0,0,0" mass="1" elasticityCoef="1" ang="90,0,0" color="0,220,0" radius="0.5" length="4" />
		<capsule pos="26.450000000000003,27.5,22.999999999999993" vel="0,0,0" mass="1" elasticityCoef="1" ang="90,0,0" color="0,220,0" radius="0.5" length="4" />
		<capsule pos="26.450000000000003,27.5,25.300000000000004" vel="0,0,0" mass="1" elasticityCoef="1" ang="90,0,0" color="0,220,0" radius="0.5" length="4" />
		<capsule pos="26.450000000000003,27.5,27.6" vel="0,0,0" mass="1" elasticityCoef="1" ang="90,0,0" color="0,220,0" radius="0.5" length="4" />
		<capsule pos="26.450000000000003,27.5,29.9" vel="0,0,0" mass="1" elasticityCoef="1" ang="90,0,0" color="0,220,0" radius="0.5" length="4" />
		<capsule pos="26.450000000000003,27.5,32.199999999999996" vel="0,0,0" mass="1" elasticityCoef="1" ang="90,0,0" color="0,220,0" radius="0.5" length="4" />
		<capsule pos="26.450000000000003,27.5,34.49999999999999" vel="0,0,0" mass="1" elasticityCoef="1" ang="90,0,0" color="0,220,0" radius="0.5" length="4" />
		<capsule pos="26.450000000000003,27.5,36.800000000000004" vel="0,0,0" mass="1" elasticityCoef="1" ang="90,0,0" color="0,220,0" radius="0.5" length="4" />
		<capsule pos="26.450000000000003,27.5,39.1" vel="0,0,0" mass="1" elasticityCoef="1" ang="90,0,0" color="0,220,0" radius="0.5" length="4" />
		<capsule pos="26.450000000000003,27.5,41.4" vel="0,0,0" mass="1" elasticityCoef="1" ang="90,0,0" color="0,220,0" radius="0.5" length="4" />
		<capsule pos="26.450000000000003,33.0,-43.699999999999996" vel="0,0,0" mass="1" elasticityCoef="1" ang="90,0,0" color="0,220,0" radius="0.5" length="4" />
		<capsule pos="26.450000000000003,33.0,-41.4" vel="0,0,0" mass="1" elasticityCoef="1" ang="90,0,0" color="0,220,0" radius="0.5" length="4" />
		<capsule pos="26.450000000000003,33.0,-39.099999999999994" vel="0,0,0" mass="1" elasticityCoef="1" ang="90,0,0" color="0,220,0" radius="0.5" length="4" />
		<capsule pos="26.450000000000003,33.0,-36.8" vel="0,0,0" mass="1" elasticityCoef="1" ang="90,0,0" color="0,220,0" radius="0.5" length="4" />
		<capsule pos="26.450000000000003,33.0,-34.5" vel="0,0,0" mass="1" elasticityCoef="1" ang="90,0,0" color="0,220,0" radius="0.5" length="4" />
		<capsule pos="26.450000000000003,33.0,-32.199999999999996" vel="0,0,0" mass="1" elasticityCoef="1" ang="90,0,0" color="0,220,0" radius="0.5" length="4" />
		<capsule pos="26.450000000000003,33.0,-29.9" vel="0,0,0" mass="1" elasticityCoef="1" ang="90,0,0" color="0,220,0" radius="0.5" length="4" />
		<capsule pos="26.450000000000003,33.0,-27.599999999999998" vel="0,0,0" mass="1" elasticityCoef="1" ang="90,0,0" color="0,220,0" radius="0.5" length="4" />
		<capsule pos="26.450000000000003,33.0,-25.299999999999997" vel="0,0,0" mass="1" elasticityCoef="1" ang="90,0,0" color="0,220,0" radius="0.5" length="4" />
		<capsule pos="26.450000000000003,33.0,-22.999999999999996" vel="0,0,0" mass="1" elasticityCoef="1" ang="90,0,0" color="0,220,0" radius="0.5" length="4" />
		<capsule pos="26.450000000000003,33.0,-20.699999999999996" vel="0,0,0" mass="1" elasticityCoef="1" ang="90,0,0" color="0,220,0" radius="0.5" length="4" />
		<capsule pos="26.450000000000003,33.0,-18.4" vel="0,0,0" mass="1" elasticityCoef="1" ang="90,0,0" color="0,220,0" radius="0.5" length="4" />
		<capsule pos="26.450000000000003,33.0,-16.099999999999998" vel="0,0,0" mass="1" elasticityCoef="1" ang="90,0,0" color="0,220,0" radius="0.5" length="4" />
		<capsule pos="26.450000000000003,33.0,-13.799999999999997" vel="0,0,0" mass="1" elasticityCoef="1" ang="90,0,0" color="0,220,0" radius="0.5" length="4" />
		<capsule pos="26.450000000000003,33.0,-11.5" vel="0,0,0" mass="1" elasticityCoef="1" ang="90,0,0" color="0,220,0" radius="0.5" length="4" />
		<capsule pos="26.450000000000003,33.0,-9.199999999999996" vel="0,0,0" mass="1" elasticityCoef="1" ang="90,0,0" color="0,220,0" radius="0.5" length="4" />
		<capsule pos="26.450000000000003,33.0,-6.899999999999999" vel="0,0,0" mass="1" elasticityCoef="1" ang="90,0,0" color="0,220,0" radius="0.5" length="4" />
		<capsule pos="26.450000000000003,33.0,-4.600000000000001" vel="0,0,0" mass="1" elasticityCoef="1" ang="90,0,0" color="0,220,0" radius="0.5" length="4" />
		<capsule pos="26.450000000000003,33.0,-2.299999999999997" vel="0,0,0" mass="1" elasticityCoef="1" ang="90,0,0" color="0,220,0" radius="0.5" length="4" />
		<capsule pos="26.450000000000003,33.0,0.0" vel="0,0,0" mass="1" elasticityCoef="1" ang="90,0,0" color="0,220,0" radius="0.5" length="4" />
		<capsule pos="26.450000000000003,33.0,2.3000000000000043" vel="0,0,0" mass="1" elasticityCoef="1" ang="90,0,0" color="0,220,0" radius="0.5" length="4" />
		<capsule pos="26.450000000000003,33.0,4.600000000000001" vel="0,0,0" mass="1" elasticityCoef="1" ang="90,0,0" color="0,220,0" radius="0.5" length="4" />
		<capsule pos="26.450000000000003,33.0,6.899999999999999" vel="0,0,0" mass="1" elasticityCoef="1" ang="90,0,0" color="0,220,0" radius="0.5" length="4" />
		<capsule pos="26.450000000000003,33.0,9.200000000000003" vel="0,0,0" mass="1" elasticityCoef="1" ang="90,0,0" color="0,220,0" radius="0.5" length="4" />
		<capsule pos="26.450000000000003,33.0,11.5" vel="0,0,0" mass="1" elasticityCoef="1" ang="90,0,0" color="0,220,0" radius="0.5" length="4" />
		<capsule pos="26.450000000000003,33.0,13.799999999999997" vel="0,0,0" mass="1" elasticityCoef="1" ang="90,0,0" color="0,220,0" radius="0.5" length="4" />
		<capsule pos="26.450000000000003,33.0,16.1" vel="0,0,0" mass="1" elasticityCoef="1" ang="90,0,0" color="0,220,0" radius="0.5" length="4" />
		<capsule pos="26.450000000000003,33.0,18.4" vel="0,0,0" mass="1" elasticityCoef="1" ang="90,0,0" color="0,220,0" radius="0.5" length="4" />
		<capsule pos="26.450000000000003,33.0,20.699999999999996" vel="0,0,0" mass="1" elasticityCoef="1" ang="90,0,0" color="0,220,0" radius="0.5" length="4" />
		<capsule pos="26.450000000000003,33.0,22.999999999999993" vel="0,0,0" mass="1" elasticityCoef="1" ang="90,0,0" color="0,220,0" radius="0.5" length="4" />
		<capsule pos="26.450000000000003,33.0,25.300000000000004" vel="0,0,0" mass="1" elasticityCoef="1" ang="90,0,0" color="0,220,0" radius="0.5" length="4" />
		<capsule pos="26.450000000000003,33.0,27.6" vel="0,0,0" mass="1" elasticityCoef="1" ang="90,0,0" color="0,220,0" radius="0.5" length="4" />
		<capsule pos="26.450000000000003,33.0,29.9" vel="0,0,0" mass="1" elasticityCoef="1" ang="90,0,0" color="0,220,0" radius="0.5" length="4" />
		<capsule pos="26.450000000000003,33.0,32.199999999999996" vel="0,0,0" mass="1" elasticityCoef="1" ang="90,0,0" color="0,220,0" radius="0.5" length="4" />
		<capsule pos="26.450000000000003,33.0,34.49999999999999" vel="0,0,0" mass="1" elasticityCoef="1" ang="90,0,0" color="0,220,0" radius="0.5" length="4" />
		<capsule pos="26.450000000000003,33.0,36.800000000000004" vel="0,0,0" mass="1" elasticityCoef="1" ang="90,0,0" color="0,220,0" radius="0.5" length="4" />
		<capsule pos="26.450000000000003,33.0,39.1" vel="0,0,0" mass="1" elasticityCoef="1" ang="90,0,0" color="0,220,0" radius="0.5" length="4" />
		<capsule pos="26.450000000000003,33.0,41.4" vel="0,0,0" mass="1" elasticityCoef="1" ang="90,0,0" color="0,220,0" radius="0.5" length="4" />
		<capsule pos="26.450000000000003,38.5,-43.699999999999996" vel="0,0,0" mass="1" elasticityCoef="1" ang="90,0,0" color="0,220,0" radius="0.5" length="4" />
		<capsule pos="26.450000000000003,38.5,-41.4" vel="0,0,0" mass="1" elasticityCoef="1" ang="90,0,0" color="0,220,0" radius="0.5" length="4" />
		<capsule pos="26.450000000000003,38.5,-39.099999999999994" vel="0,0,0" mass="1" elasticityCoef="1" ang="90,0,0" color="0,220,0" radius="0.5" length="4" />
		<capsule pos="26.450000000000003,38.5,-36.8" vel="0,0,0" mass="1" elasticityCoef="1" ang="90,0,0" color="0,220,0" radius="0.5" length="4" />
		<capsule pos="26.450000000000003,38.5,-34.5" vel="0,0,0" mass="1" elasticityCoef="1" ang="90,0,0" color="0,220,0" radius="0.5" length="4" />
		<capsule pos="26.450000000000003,38.5,-32.199999999999996" vel="0,0,0" mass="1" elasticityCoef="1" ang="90,0,0" color="0,220,0" radius="0.5" length="4" />
		<capsule pos="26.450000000000003,38.5,-29.9" vel="0,0,0" mass="1" elasticityCoef="1" ang="90,0,0" color="0,220,0" radius="0.5" length="4" />
		<capsule pos="26.450000000000003,38.5,-27.599999999999998" vel="0,0,0" mass="1" elasticityCoef="1" ang="90,0,0" color="0,220,0" radius="0.5" length="4" />
		<capsule pos="26.450000000000003,38.5,-25.299999999999997" vel="0,0,0" mass="1" elasticityCoef="1" ang="90,0,0" color="0,220,0" radius="0.5" length="4" />
		<capsule pos="26.450000000000003,38.5,-22.999999999999996" vel="0,0,0" mass="1" elasticityCoef="1" ang="90,0,0" color="0,220,0" radius="0.5" length="4" />
		<capsule pos="26.450000000000003,38.5,-20.699999999999996" vel="0,0,0" mass="1" elasticityCoef="1" ang="90,0,0" color="0,220,0" radius="0.5" length="4" />
		<capsule pos="26.450000000000003,38.5,-18.4" vel="0,0,0" mass="1" elasticityCoef="1" ang="90,0,0" color="0,220,0" radius="0.5" length="4" />
		<capsule pos="26.450000000000003,38.5,-16.099999999999998" vel="0,0,0" mass="1" elasticityCoef="1" ang="90,0,0" color="0,220,0" radius="0.5" length="4" />
		<capsule pos="26.450000000000003,38.5,-13.799999999999997" vel="0,0,0" mass="1" elasticityCoef="1" ang="90,0,0" color="0,220,0" radius="0.5" length="4" />
		<capsule pos="26.450000000000003,38.5,-11.5" vel="0,0,0" mass="1" elasticityCoef="1" ang="90,0,0" color="0,220,0" radius="0.5" length="4" />
		<capsule pos="26.450000000000003,38.5,-9.199999999999996" vel="0,0,0" mass="1" elasticityCoef="1" ang="90,0,0" color="0,220,0" radius="0.5" length="4" />
		<capsule pos="26.450000000000003,38.5,-6.899999999999999" vel="0,0,0" mass="1" elasticityCoef="1" ang="90,0,0" color="0,220,0" radius="0.5" length="4" />
		<capsule pos="26.450000000000003,38.5,-4.600000000000001" vel="0,0,0" mass="1" elasticityCoef="1" ang="90,0,0" color="0,220,0" radius="0.5" length="4" />
		<capsule pos="26.450000000000003,38.5,-2.299999999999997" vel="0,0,0" mass="1" elasticityCoef="1" ang="90,0,0" color="0,220,0" radius="0.5" length="4" />
		<capsule pos="26.450000000000003,38.5,0.0" vel="0,0,0" mass="1" elasticityCoef="1" ang="90,0,0" color="0,220,0" radius="0.5" length="4" />
		<capsule pos="26.450000000000003,38.5,2.3000000000000043" vel="0,0,0" mass="1" elasticityCoef="1" ang="90,0,0" color="0,220,0" radius="0.5" length="4" />
		<capsule pos="26.450000000000003,38.5,4.600000000000001" vel="0,0,0" mass="1" elasticityCoef="1" ang="90,0,0" color="0,220,0" radius="0.5" length="4" />
		<capsule pos="26.450000000000003,38.5,6.899999999999999" vel="0,0,0" mass="1" elasticityCoef="1" ang="90,0,0" color="0,220,0" radius="0.5" length="4" />
		<capsule pos="26.450000000000003,38.5,9.200000000000003" vel="0,0,0" mass="1" elasticityCoef="1" ang="90,0,0" color="0,220,0" radius="0.5" length="4" />
		<capsule pos="26.450000000000003,38.5,11.5" vel="0,0,0" mass="1" elasticityCoef="1" ang="90,0,0" color="0,220,0" radius="0.5" length="4" />
		<capsule pos="26.450000000000003,38.5,13.799999999999997" vel="0,0,0" mass="1" elasticityCoef="1" ang="90,0,0" color="0,220,0" radius="0.5" length="4" />
		<capsule pos="26.450000000000003,38.5,16.1" vel="0,0,0" mass="1" elasticityCoef="1" ang="90,0,0" color="0,220,0" radius="0.5" length="4" />
		<capsule pos="26.450000000000003,38.5,18.4" vel="0,0,0" mass="1" elasticityCoef="1" ang="90,0,0" color="0,220,0" radius="0.5" length="4" />
		<capsule pos="26.450000000000003,38.5,20.699999999999996" vel="0,0,0" mass="1" elasticityCoef="1" ang="90,0,0" color="0,220,0" radius="0.5" length="4" />
		<capsule pos="26.450000000000003,38.5,22.999999999999993" vel="0,0,0" mass="1" elasticityCoef="1" ang="90,0,0" color="0,220,0" radius="0.5" length="4" />
		<capsule pos="26.450000000000003,38.5,25.300000000000004" vel="0,0,0" mass="1" elasticityCoef="1" ang="90,0,0" color="0,220,0" radius="0.5" length="4" />
		<capsule pos="26.450000000000003,38.5,27.6" vel="0,0,0" mass="1" elasticityCoef="1" ang="90,0,0" color="0,220,0" radius="0.5" length="4" />
		<capsule pos="26.450000000000003,38.5,29.9" vel="0,0,0" mass="1" elasticityCoef="1" ang="90,0,0" color="0,220,0" radius="0.5" length="4" />
		<capsule pos="26.450000000000003,38.5,32.199999999999996" vel="0,0,0" mass="1" elasticityCoef="1" ang="90,0,0" color="0,220,0" radius="0.5" length="4" />
		<capsule pos="26.450000000000003,38.5,34.49999999999999" vel="0,0,0" mass="1" elasticityCoef="1" ang="90,0,0" color="0,220,0" radius="0.5" length="4" />
		<capsule pos="26.450000000000003,38.5,36.800000000000004" vel="0,0,0" mass="1" elasticityCoef="1" ang="90,0,0" color="0,220,0" radius="0.5" length="4" />
		<capsule pos="26.450000000000003,38.5,39.1" vel="0,0,0" mass="1" elasticityCoef="1" ang="90,0,0" color="0,220,0" radius="0.5" length="4" />
		<capsule pos="26.450000000000003,38.5,41.4" vel="0,0,0" mass="1" elasticityCoef="1" ang="90,0,0" color="0,220,0" radius="0.5" length="4" />
		<capsule pos="26.450000000000003,44.0,-43.699999999999996" vel="0,0,0" mass="1" elasticityCoef="1" ang="90,0,0" color="0,220,0" radius="0.5" length="4" />
		<capsule pos="26.450000000000003,44.0,-41.4" vel="0,0,0" mass="1" elasticityCoef="1" ang="90,0,0" color="0,220,0" radius="0.5" length="4" />
		<capsule pos="26.450000000000003,44.0,-39.099999999999994" vel="0,0,0" mass="1" elasticityCoef="1" ang="90,0,0" color="0,220,0" radius="0.5" length="4" />
		<capsule pos="26.450000000000003,44.0,-36.8" vel="0,0,0" mass="1" elasticityCoef="1" ang="90,0,0" color="0,220,0" radius="0.5" length="4" />
		<capsule pos="26.450000000000003,44.0,-34.5" vel="0,0,0" mass="1" elasticityCoef="1" ang="90,0,0" color="0,220,0" radius="0.5" length="4" />
		<capsule pos="26.450000000000003,44.0,-32.199999999999996" vel="0,0,0" mass="1" elasticityCoef="1" ang="90,0,0" color="0,220,0" radius="0.5" length="4" />
		<capsule pos="26.450000000000003,44.0,-29.9" vel="0,0,0" mass="1" elasticityCoef="1" ang="90,0,0" color="0,220,0" radius="0.5" length="4" />
		<capsule pos="26.450000000000003,44.0,-27.599999999999998" vel="0,0,0" mass="1" elasticityCoef="1" ang="90,0,0" color="0,220,0" radius="0.5" length="4" />
		<capsule pos="26.450000000000003,44.0,-25.299999999999997" vel="0,0,0" mass="1" elasticityCoef="1" ang="90,0,0" color="0,220,0" radius="0.5" length="4" />
		<capsule pos="26.450000000000003,44.0,-22.999999999999996" vel="0,0,0" mass="1" elasticityCoef="1" ang="90,0,0" color="0,220,0" radius="0.5" length="4" />
		<capsule pos="26.450000000000003,44.0,-20.699999999999996" vel="0,0,0" mass="1" elasticityCoef="1" ang="90,0,0" color="0,220,0" radius="0.5" length="4" />
		<capsule pos="26.450000000000003,44.0,-18.4" vel="0,0,0" mass="1" elasticityCoef="1" ang="90,0,0" color="0,220,0" radius="0.5" length="4" />
		<capsule pos="26.450000000000003,44.0,-16.099999999999998" vel="0,0,0" mass="1" elasticityCoef="1" ang="90,0,0" color="0,220,0" radius="0.5" length="4" />
		<capsule pos="26.450000000000003,44.0,-13.799999999999997" vel="0,0,0" mass="1" elasticityCoef="1" ang="90,0,0" color="0,220,0" radius="0.5" length="4" />
		<capsule pos="26.450000000000003,44.0,-11.5" vel="0,0,0" mass="1" elasticityCoef="1" ang="90,0,0" color="0,220,0" radius="0.5" length="4" />
		<capsule pos="26.450000000000003,44.0,-9.199999999999996" vel="0,0,0" mass="1" elasticityCoef="1" ang="90,0,0" color="0,220,0" radius="0.5" length="4" />
		<capsule pos="26.450000000000003,44.0,-6.899999999999999" vel="0,0,0" mass="1" elasticityCoef="1" ang="90,0,0" color="0,220,0" radius="0.5" length="4" />
		<capsule pos="26.450000000000003,44.0,-4.600000000000001" vel="0,0,0" mass="1" elasticityCoef="1" ang="90,0,0" color="0,220,0" radius="0.5" length="4" />
		<capsule pos="26.450000000000003,44.0,-2.299999999999997" vel="0,0,0" mass="1" elasticityCoef="1" ang="90,0,0" color="0,220,0" radius="0.5" length="4" />
		<capsule pos="26.450000000000003,44.0,0.0" vel="0,0,0" mass="1" elasticityCoef="1" ang="90,0,0" color="0,220,0" radius="0.5" length="4" />
		<capsule pos="26.450000000000003,44.0,2.3000000000000043" vel="0,0,0" mass="1" elasticityCoef="1" ang="90,0,0" color="0,220,0" radius="0.5" length="4" />
		<capsule pos="26.450000000000003,44.0,4.600000000000001" vel="0,0,0" mass="1" elasticityCoef="1" ang="90,0,0" color="0,220,0" radius="0.5" length="4" />
		<capsule pos="26.450000000000003,44.0,6.899999999999999" vel="0,0,0" mass="1" elasticityCoef="1" ang="90,0,0" color="0,220,0" radius="0.5" length="4" />
		<capsule pos="26.450000000000003,44.0,9.200000000000003" vel="0,0,0" mass="1" elasticityCoef="1" ang="90,0,0" color="0,220,0" radius="0.5" length="4" />
		<capsule pos="26.450000000000003,44.0,11.5" vel="0,0,0" mass="1" elasticityCoef="1" ang="90,0,0" color="0,220,0" radius="0.5" length="4" />
		<capsule pos="26.450000000000003,44.0,13.799999999999997" vel="0,0,0" mass="1" elasticityCoef="1" ang="90,0,0" color="0,220,0" radius="0.5" length="4" />
		<capsule pos="26.450000000000003,44.0,16.1" vel="0,0,0" mass="1" elasticityCoef="1" ang="90,0,0" color="0,220,0" radius="0.5" length="4" />
		<capsule pos="26.450000000000003,44.0,18.4" vel="0,0,0" mass="1" elasticityCoef="1" ang="90,0,0" color="0,220,0" radius="0.5" length="4" />
		<capsule pos="26.450000000000003,44.0,20.699999999999996" vel="0,0,0" mass="1" elasticityCoef="1" ang="90,0,0" color="0,220,0" radius="0.5" length="4" />
		<capsule pos="26.450000000000003,44.0,22.999999999999993" vel="0,0,0" mass="1" elasticityCoef="1" ang="90,0,0" color="0,220,0" radius="0.5" length="4" />
		<capsule pos="26.450000000000003,44.0,25.300000000000004" vel="0,0,0" mass="1" elasticityCoef="1" ang="90,0,0" color="0,220,0" radius="0.5" length="4" />
		<capsule pos="26.450000000000003,44.0,27.6" vel="0,0,0" mass="1" elasticityCoef="1" ang="90,0,0" color="0,220,0" radius="0.5" length="4" />
		<capsule pos="26.450000000000003,44.0,29.9" vel="0,0,0" mass="1" elasticityCoef="1" ang="90,0,0" color="0,220,0" radius="0.5" length="4" />
		<capsule pos="26.450000000000003,44.0,32.199999999999996" vel="0,0,0" mass="1" elasticityCoef="1" ang="90,0,0" color="0,220,0" radius="0.5" length="4" />
		<capsule pos="26.450000000000003,44.0,34.49999999999999" vel="0,0,0" mass="1" elasticityCoef="1" ang="90,0,0" color="0,220,0" radius="0.5" length="4" />
		<capsule pos="26.450000000000003,44.0,36.800000000000004" vel="0,0,0" mass="1" elasticityCoef="1" ang="90,0,0" color="0,220,0" radius="0.5" length="4" />
		<capsule pos="26.450000000000003,44.0,39.1" vel="0,0,0" mass="1" elasticityCoef="1" ang="90,0,0" color="0,220,0" radius="0.5" length="4" />
		<capsule pos="26.450000000000003,44.0,41.4" vel="0,0,0" mass="1" elasticityCoef="1" ang="90,0,0" color="0,220,0" radius="0.5" length="4" />
		<capsule pos="28.75,-49.5,-43.699999999999996" vel="0,0,0" mass="1" elasticityCoef="1" ang="90,0,0" color="0,220,0" radius="0.5" length="4" />
		<capsule pos="28.75,-49.5,-41.4" vel="0,0,0" mass="1" elasticityCoef="1" ang="90,0,0" color="0,220,0" radius="0.5" length="4" />
		<capsule pos="28.75,-49.5,-39.099999999999994" vel="0,0,0" mass="1" elasticityCoef="1" ang="90,0,0" color="0,220,0" radius="0.5" length="4" />
		<capsule pos="28.75,-49.5,-36.8" vel="0,0,0" mass="1" elasticityCoef="1" ang="90,0,0" color="0,220,0" radius="0.5" length="4" />
		<capsule pos="28.75,-49.5,-34.5" vel="0,0,0" mass="1" elasticityCoef="1" ang="90,0,0" color="0,220,0" radius="0.5" length="4" />
		<capsule pos="28.75,-49.5,-32.199999999999996" vel="0,0,0" mass="1" elasticityCoef="1" ang="90,0,0" color="0,220,0" radius="0.5" length="4" />
		<capsule pos="28.75,-49.5,-29.9" vel="0,0,0" mass="1" elasticityCoef="1" ang="90,0,0" color="0,220,0" radius="0.5" length="4" />
		<capsule pos="28.75,-49.5,-27.599999999999998" vel="0,0,0" mass="1" elasticityCoef="1" ang="90,0,0" color="0,220,0" radius="0.5" length="4" />
		<capsule pos="28.75,-49.5,-25.299999999999997" vel="0,0,0" mass="1" elasticityCoef="1" ang="90,0,0" color="0,220,0" radius="0.5" length="4" />
		<capsule pos="28.75,-49.5,-22.999999999999996" vel="0,0,0" mass="1" elasticityCoef="1" ang="90,0,0" color="0,220,0" radius="0.5" length="4" />
		<capsule pos="28.75,-49.5,-20.699999999999996" vel="0,0,0" mass="1" elasticityCoef="1" ang="90,0,0" color="0,220,0" radius="0.5" length="4" />
		<capsule pos="28.75,-49.5,-18.4" vel="0,0,0" mass="1" elasticityCoef="1" ang="90,0,0" color="0,220,0" radius="0.5" length="4" />
		<capsule pos="28.75,-49.5,-16.099999999999998" vel="0,0,0" mass="1" elasticityCoef="1" ang="90,0,0" color="0,220,0" radius="0.5" length="4" />
		<capsule pos="28.75,-49.5,-13.799999999999997" vel="0,0,0" mass="1" elasticityCoef="1" ang="90,0,0" color="0,220,0" radius="0.5" length="4" />
		<capsule pos="28.75,-49.5,-11.5" vel="0,0,0" mass="1" elasticityCoef="1" ang="90,0,0" color="0,220,0" radius="0.5" length="4" />
		<capsule pos="28.75,-49.5,-9.199999999999996" vel="0,0,0" mass="1" elasticityCoef="1" ang="90,0,0" color="0,220,0" radius="0.5" length="4" />
		<capsule pos="28.75,-49.5,-6.899999999999999" vel="0,0,0" mass="1" elasticityCoef="1" ang="90,0,0" color="0,220,0" radius="0.5" length="4" />
		<capsule pos="28.75,-49.5,-4.600000000000001" vel="0,0,0" mass="1" elasticityCoef="1" ang="90,0,0" color="0,220,0" radius="0.5" length="4" />
		<capsule pos="28.75,-49.5,-2.299999999999997" vel="0,0,0" mass="1" elasticityCoef="1" ang="90,0,0" color="0,220,0" radius="0.5" length="4" />
		<capsule pos="28.75,-49.5,0.0" vel="0,0,0" mass="1" elasticityCoef="1" ang="90,0,0" color="0,220,0" radius="0.5" length="4" />
		<capsule pos="28.75,-49.5,2.3000000000000043" vel="0,0,0" mass="1" elasticityCoef="1" ang="90,0,0" color="0,220,0" radius="0.5" length="4" />
		<capsule pos="28.75,-49.5,4.600000000000001" vel="0,0,0" mass="1" elasticityCoef="1" ang="90,0,0" color="0,220,0" radius="0.5" length="4" />
		<capsule pos="28.75,-49.5,6.899999999999999" vel="0,0,0" mass="1" elasticityCoef="1" ang="90,0,0" color="0,220,0" radius="0.5" length="4" />
		<capsule pos="28.75,-49.5,9.200000000000003" vel="0,0,0" mass="1" elasticityCoef="1" ang="90,0,0" color="0,220,0" radius="0.5" length="4" />
		<capsule pos="28.75,-49.5,11.5" vel="0,0,0" mass="1" elasticityCoef="1" ang="90,0,0" color="0,220,0" radius="0.5" length="4" />
		<capsule pos="28.75,-49.5,13.799999999999997" vel="0,0,0" mass="1" elasticityCoef="1" ang="90,0,0" color="0,220,0" radius="0.5" length="4" />
		<capsule pos="28.75,-49.5,16.1" vel="0,0,0" mass="1" elasticityCoef="1" ang="90,0,0" color="0,220,0" radius="0.5" length="4" />
		<capsule pos="28.75,-49.5,18.4" vel="0,0,0" mass="1" elasticityCoef="1" ang="90,0,0" color="0,220,0" radius="0.5" length="4" />
		<capsule pos="28.75,-49.5,20.699999999999996" vel="0,0,0" mass="1" elasticityCoef="1" ang="90,0,0" color="0,220,0" radius="0.5" length="4" />
		<capsule pos="28.75,-49.5,22.999999999999993" vel="0,0,0" mass="1" elasticityCoef="1" ang="90,0,0" color="0,220,0" radius="0.5" length="4" />
		<capsule pos="28.75,-49.5,25.300000000000004" vel="0,0,0" mass="1" elasticityCoef="1" ang="90,0,0" color="0,220,0" radius="0.5" length="4" />
		<capsule pos="28.75,-49.5,27.6" vel="0,0,0" mass="1" elasticityCoef="1" ang="90,0,0" color="0,220,0" radius="0.5" length="4" />
		<capsule pos="28.75,-49.5,29.9" vel="0,0,0" mass="1" elasticityCoef="1" ang="90,0,0" color="0,220,0" radius="0.5" length="4" />
		<capsule pos="28.75,-49.5,32.199999999999996" vel="0,0,0" mass="1" elasticityCoef="1" ang="90,0,0" color="0,220,0" radius="0.5" length="4" />
		<capsule pos="28.75,-49.5,34.49999999999999" vel="0,0,0" mass="1" elasticityCoef="1" ang="90,0,0" color="0,220,0" radius="0.5" length="4" />
		<capsule pos="28.75,-49.5,36.800000000000004" vel="0,0,0" mass="1" elasticityCoef="1" ang="90,0,0" color="0,220,0" radius="0.5" length="4" />
		<capsule pos="28.75,-49.5,39.1" vel="0,0,0" mass="1" elasticityCoef="1" ang="90,0,0" color="0,220,0" radius="0.5" length="4" />
		<capsule pos="28.75,-49.5,41.4" vel="0,0,0" mass="1" elasticityCoef="1" ang="90,0,0" color="0,220,0" radius="0.5" length="4" />
		<capsule pos="28.75,-44.0,-43.699999999999996" vel="0,0,0" mass="1" elasticityCoef="1" ang="90,0,0" color="0,220,0" radius="0.5" length="4" />
		<capsule pos="28.75,-44.0,-41.4" vel="0,0,0" mass="1" elasticityCoef="1" ang="90,0,0" color="0,220,0" radius="0.5" length="4" />
		<capsule pos="28.75,-44.0,-39.099999999999994" vel="0,0,0" mass="1" elasticityCoef="1" ang="90,0,0" color="0,220,0" radius="0.5" length="4" />
		<capsule pos="28.75,-44.0,-36.8" vel="0,0,0" mass="1" elasticityCoef="1" ang="90,0,0" color="0,220,0" radius="0.5" length="4" />
		<capsule pos="28.75,-44.0,-34.5" vel="0,0,0" mass="1" elasticityCoef="1" ang="90,0,0" color="0,220,0" radius="0.5" length="4" />
		<capsule pos="28.75,-44.0,-32.199999999999996" vel="0,0,0" mass="1" elasticityCoef="1" ang="90,0,0" color="0,220,0" radius="0.5" length="4" />
		<capsule pos="28.75,-44.0,-29.9" vel="0,0,0" mass="1" elasticityCoef="1" ang="90,0,0" color="0,220,0" radius="0.5" length="4" />
		<capsule pos="28.75,-44.0,-27.599999999999998" vel="0,0,0" mass="1" elasticityCoef="1" ang="90,0,0" color="0,220,0" radius="0.5" length="4" />
		<capsule pos="28.75,-44.0,-25.299999999999997" vel="0,0,0" mass="1" elasticityCoef="1" ang="90,0,0" color="0,220,0" radius="0.5" length="4" />
		<capsule pos="28.75,-44.0,-22.999999999999996" vel="0,0,0" mass="1" elasticityCoef="1" ang="90,0,0" color="0,220,0" radius="0.5" length="4" />
		<capsule pos="28.75,-44.0,-20.699999999999996" vel="0,0,0" mass="1" elasticityCoef="1" ang="90,0,0" color="0,220,0" radius="0.5" length="4" />
		<capsule pos="28.75,-44.0,-18.4" vel="0,0,0" mass="1" elasticityCoef="1" ang="90,0,0" color="0,220,0" radius="0.5" length="4" />
		<capsule pos="28.75,-44.0,-16.099999999999998" vel="0,0,0" mass="1" elasticityCoef="1" ang="90,0,0" color="0,220,0" radius="0.5" length="4" />
		<capsule pos="28.75,-44.0,-13.799999999999997" vel="0,0,0" mass="1" elasticityCoef="1" ang="90,0,0" color="0,220,0" radius="0.5" length="4" />
		<capsule pos="28.75,-44.0,-11.5" vel="0,0,0" mass="1" elasticityCoef="1" ang="90,0,0" color="0,220,0" radius="0.5" length="4" />
		<capsule pos="28.75,-44.0,-9.199999999999996" vel="0,0,0" mass="1" elasticityCoef="1" ang="90,0,0" color="0,220,0" radius="0.5" length="4" />
		<capsule pos="28.75,-44.0,-6.899999999999999" vel="0,0,0" mass="1" elasticityCoef="1" ang="90,0,0" color="0,220,0" radius="0.5" length="4" />
		<capsule pos="28.75,-44.0,-4.600000000000001" vel="0,0,0" mass="1" elasticityCoef="1" ang="90,0,0" color="0,220,0" radius="0.5" length="4" />
		<capsule pos="28.75,-44.0,-2.299999999999997" vel="0,0,0" mass="1" elasticityCoef="1" ang="90,0,0" color="0,220,0" radius="0.5" length="4" />
		<capsule pos="28.75,-44.0,0.0" vel="0,0,0" mass="1" elasticityCoef="1" ang="90,0,0" color="0,220,0" radius="0.5" length="4" />
		<capsule pos="28.75,-44.0,2.3000000000000043" vel="0,0,0" mass="1" elasticityCoef="1" ang="90,0,0" color="0,220,0" radius="0.5" length="4" />
		<capsule pos="28.75,-44.0,4.600000000000001" vel="0,0,0" mass="1" elasticityCoef="1" ang="90,0,0" color="0,220,0" radius="0.5" length="4" />
		<capsule pos="28.75,-44.0,6.899999999999999" vel="0,0,0" mass="1" elasticityCoef="1" ang="90,0,0" color="0,220,0" radius="0.5" length="4" />
		<capsule pos="28.75,-44.0,9.200000000000003" vel="0,0,0" mass="1" elasticityCoef="1" ang="90,0,0" color="0,220,0" radius="0.5" length="4" />
		<capsule pos="28.75,-44.0,11.5" vel="0,0,0" mass="1" elasticityCoef="1" ang="90,0,0" color="0,220,0" radius="0.5" length="4" />
		<capsule pos="28.75,-44.0,13.799999999999997" vel="0,0,0" mass="1" elasticityCoef="1" ang="90,0,0" color="0,220,0" radius="0.5" length="4" />
		<capsule pos="28.75,-44.0,16.1" vel="0,0,0" mass="1" elasticityCoef="1" ang="90,0,0" color="0,220,0" radius="0.5" length="4" />
		<capsule pos="28.75,-44.0,18.4" vel="0,0,0" mass="1" elasticityCoef="1" ang="90,0,0" color="0,220,0" radius="0.5" length="4" />
		<capsule pos="28.75,-44.0,20.699999999999996" vel="0,0,0" mass="1" elasticityCoef="1" ang="90,0,0" color="0,220,0" radius="0.5" length="4" />
		<capsule pos="28.75,-44.0,22.999999999999993" vel="0,0,0" mass="1" elasticityCoef="1" ang="90,0,0" color="0,220,0" radius="0.5" length="4" />
		<capsule pos="28.75,-44.0,25.300000000000004" vel="0,0,0" mass="1" elasticityCoef="1" ang="90,0,0" color="0,220,0" radius="0.5" length="4" />
		<capsule pos="28.75,-44.0,27.6" vel="0,0,0" mass="1" elasticityCoef="1" ang="90,0,0" color="0,220,0" radius="0.5" length="4" />
		<capsule pos="28.75,-44.0,29.9" vel="0,0,0" mass="1" elasticityCoef="1" ang="90,0,0" color="0,220,0" radius="0.5" length="4" />
		<capsule pos="28.75,-44.0,32.199999999999996" vel="0,0,0" mass="1" elasticityCoef="1" ang="90,0,0" color="0,220,0" radius="0.5" length="4" />
		<capsule pos="28.75,-44.0,34.49999999999999" vel="0,0,0" mass="1" elasticityCoef="1" ang="90,0,0" color="0,220,0" radius="0.5" length="4" />
		<capsule pos="28.75,-44.0,36.800000000000004" vel="0,0,0" mass="1" elasticityCoef="1" ang="90,0,0" color="0,220,0" radius="0.5" length="4" />
		<capsule pos="28.75,-44.0,39.1" vel="0,0,0" mass="1" elasticityCoef="1" ang="90,0,0" color="0,220,0" radius="0.5" length="4" />
		<capsule pos="28.75,-44.0,41.4" vel="0,0,0" mass="1" elasticityCoef="1" ang="90,0,0" color="0,220,0" radius="0.5" length="4" />
		<capsule pos="28.75,-38.5,-43.699999999999996" vel="0,0,0" mass="1" elasticityCoef="1" ang="90,0,0" color="0,220,0" radius="0.5" length="4" />
		<capsule pos="28.75,-38.5,-41.4" vel="0,0,0" mass="1" elasticityCoef="1" ang="90,0,0" color="0,220,0" radius="0.5" length="4" />
		<capsule pos="28.75,-38.5,-39.099999999999994" vel="0,0,0" mass="1" elasticityCoef="1" ang="90,0,0" color="0,220,0" radius="0.5" length="4" />
		<capsule pos="28.75,-38.5,-36.8" vel="0,0,0" mass="1" elasticityCoef="1" ang="90,0,0" color="0,220,0" radius="0.5" length="4" />
		<capsule pos="28.75,-38.5,-34.5" vel="0,0,0" mass="1" elasticityCoef="1" ang="90,0,0" color="0,220,0" radius="0.5" length="4" />
		<capsule pos="28.75,-38.5,-32.199999999999996" vel="0,0,0" mass="1" elasticityCoef="1" ang="90,0,0" color="0,220,0" radius="0.5" length="4" />
		<capsule pos="28.75,-38.5,-29.9" vel="0,0,0" mass="1" elasticityCoef="1" ang="90,0,0" color="0,220,0" radius="0.5" length="4" />
		<capsule pos="28.75,-38.5,-27.599999999999998" vel="0,0,0" mass="1" elasticityCoef="1" ang="90,0,0" color="0,220,0" radius="0.5" length="4" />
		<capsule pos="28.75,-38.5,-25.299999999999997" vel="0,0,0" mass="1" elasticityCoef="1" ang="90,0,0" color="0,220,0" radius="0.5" length="4" />
		<capsule pos="28.75,-38.5,-22.999999999999996" vel="0,0,0" mass="1" elasticityCoef="1" ang="90,0,0" color="0,220,0" radius="0.5" length="4" />
		<capsule pos="28.75,-38.5,-20.699999999999996" vel="0,0,0" mass="1" elasticityCoef="1" ang="90,0,0" color="0,220,0" radius="0.5" length="4" />
		<capsule pos="28.75,-38.5,-18.4" vel="0,0,0" mass="1" elasticityCoef="1" ang="90,0,0" color="0,220,0" radius="0.5" length="4" />
		<capsule pos="28.75,-38.5,-16.099999999999998" vel="0,0,0" mass="1" elasticityCoef="1" ang="90,0,0" color="0,220,0" radius="0.5" length="4" />
		<capsule pos="28.75,-38.5,-13.799999999999997" vel="0,0,0" mass="1" elasticityCoef="1" ang="90,0,0" color="0,220,0" radius="0.5" length="4" />
		<capsule pos="28.75,-38.5,-11.5" vel="0,0,0" mass="1" elasticityCoef="1" ang="90,0,0" color="0,220,0" radius="0.5" length="4" />
		<capsule pos="28.75,-38.5,-9.199999999999996" vel="0,0,0" mass="1" elasticityCoef="1" ang="90,0,0" color="0,220,0" radius="0.5" length="4" />
		<capsule pos="28.75,-38.5,-6.899999999999999" vel="0,0,0" mass="1" elasticityCoef="1" ang="90,0,0" color="0,220,0" radius="0.5" length="4" />
		<capsule pos="28.75,-38.5,-4.600000000000001" vel="0,0,0" mass="1" elasticityCoef="1" ang="90,0,0" color="0,220,0" radius="0.5" length="4" />
		<capsule pos="28.75,-38.5,-2.299999999999997" vel="0,0,0" mass="1" elasticityCoef="1" ang="90,0,0" color="0,220,0" radius="0.5" length="4" />
		<capsule pos="28.75,-38.5,0.0" vel="0,0,0" mass="1" elasticityCoef="1" ang="90,0,0" color="0,220,0" radius="0.5" length="4" />
		<capsule pos="28.75,-38.5,2.3000000000000043" vel="0,0,0" mass="1" elasticityCoef="1" ang="90,0,0" color="0,220,0" radius="0.5" length="4" />
		<capsule pos="28.75,-38.5,4.600000000000001" vel="0,0,0" mass="1" elasticityCoef="1" ang="90,0,0" color="0,220,0" radius="0.5" length="4" />
		<capsule pos="28.75,-38.5,6.899999999999999" vel="0,0,0" mass="1" elasticityCoef="1" ang="90,0,0" color="0,220,0" radius="0.5" length="4" />
		<capsule pos="28.75,-38.5,9.200000000000003" vel="0,0,0" mass="1" elasticityCoef="1" ang="90,0,0" color="0,220,0" radius="0.5" length="4" />
		<capsule pos="28.75,-38.5,11.5" vel="0,0,0" mass="1" elasticityCoef="1" ang="90,0,0" color="0,220,0" radius="0.5" length="4" />
		<capsule pos="28.75,-38.5,13.799999999999997" vel="0,0,0" mass="1" elasticityCoef="1" ang="90,0,0" color="0,220,0" radius="0.5" length="4" />
		<capsule pos="28.75,-38.5,16.1" vel="0,0,0" mass="1" elasticityCoef="1" ang="90,0,0" color="0,220,0" radius="0.5" length="4" />
		<capsule pos="28.75,-38.5,18.4" vel="0,0,0" mass="1" elasticityCoef="1" ang="90,0,0" color="0,220,0" radius="0.5" length="4" />
		<capsule pos="28.75,-38.5,20.699999999999996" vel="0,0,0" mass="1" elasticityCoef="1" ang="90,0,0" color="0,220,0" radius="0.5" length="4" />
		<capsule pos="28.75,-38.5,22.999999999999993" vel="0,0,0" mass="1" elasticityCoef="1" ang="90,0,0" color="0,220,0" radius="0.5" length="4" />
		<capsule pos="28.75,-38.5,25.300000000000004" vel="0,0,0" mass="1" elasticityCoef="1" ang="90,0,0" color="0,220,0" radius="0.5" length="4" />
		<capsule pos="28.75,-38.5,27.6" vel="0,0,0" mass="1" elasticityCoef="1" ang="90,0,0" color="0,220,0" radius="0.5" length="4" />
		<capsule pos="28.75,-38.5,29.9" vel="0,0,0" mass="1" elasticityCoef="1" ang="90,0,0" color="0,220,0" radius="0.5" length="4" />
		<capsule pos="28.75,-38.5,32.199999999999996" vel="0,0,0" mass="1" elasticityCoef="1" ang="90,0,0" color="0,220,0" radius="0.5" length="4" />
		<capsule pos="28.75,-38.5,34.49999999999999" vel="0,0,0" mass="1" elasticityCoef="1" ang="90,0,0" color="0,220,0" radius="0.5" length="4" />
		<capsule pos="28.75,-38.5,36.800000000000004" vel="0,0,0" mass="1" elasticityCoef="1" ang="90,0,0" color="0,220,0" radius="0.5" length="4" />
		<capsule pos="28.75,-38.5,39.1" vel="0,0,0" mass="1" elasticityCoef="1" ang="90,0,0" color="0,220,0" radius="0.5" length="4" />
		<capsule pos="28.75,-38.5,41.4" vel="0,0,0" mass="1" elasticityCoef="1" ang="90,0,0" color="0,220,0" radius="0.5" length="4" />
		<capsule pos="28.75,-33.0,-43.699999999999996" vel="0,0,0" mass="1" elasticityCoef="1" ang="90,0,0" color="0,220,0" radius="0.5" length="4" />
		<capsule pos="28.75,-33.0,-41.4" vel="0,0,0" mass="1" elasticityCoef="1" ang="90,0,0" color="0,220,0" radius="0.5" length="4" />
		<capsule pos="28.75,-33.0,-39.099999999999994" vel="0,0,0" mass="1" elasticityCoef="1" ang="90,0,0" color="0,220,0" radius="0.5" length="4" />
		<capsule pos="28.75,-33.0,-36.8" vel="0,0,0" mass="1" elasticityCoef="1" ang="90,0,0" color="0,220,0" radius="0.5" length="4" />
		<capsule pos="28.75,-33.0,-34.5" vel="0,0,0" mass="1" elasticityCoef="1" ang="90,0,0" color="0,220,0" radius="0.5" length="4" />
		<capsule pos="28.75,-33.0,-32.199999999999996" vel="0,0,0" mass="1" elasticityCoef="1" ang="90,0,0" color="0,220,0" radius="0.5" length="4" />
		<capsule pos="28.75,-33.0,-29.9" vel="0,0,0" mass="1" elasticityCoef="1" ang="90,0,0" color="0,220,0" radius="0.5" length="4" />
		<capsule pos="28.75,-33.0,-27.599999999999998" vel="0,0,0" mass="1" elasticityCoef="1" ang="90,0,0" color="0,220,0" radius="0.5" length="4" />
		<capsule pos="28.75,-33.0,-25.299999999999997" vel="0,0,0" mass="1" elasticityCoef="1" ang="90,0,0" color="0,220,0" radius="0.5" length="4" />
		<capsule pos="28.75,-33.0,-22.999999999999996" vel="0,0,0" mass="1" elasticityCoef="1" ang="90,0,0" color="0,220,0" radius="0.5" length="4" />
		<capsule pos="28.75,-33.0,-20.699999999999996" vel="0,0,0" mass="1" elasticityCoef="1" ang="90,0,0" color="0,220,0" radius="0.5" length="4" />
		<capsule pos="28.75,-33.0,-18.4" vel="0,0,0" mass="1" elasticityCoef="1" ang="90,0,0" color="0,220,0" radius="0.5" length="4" />
		<capsule pos="28.75,-33.0,-16.099999999999998" vel="0,0,0" mass="1" elasticityCoef="1" ang="90,0,0" color="0,220,0" radius="0.5" length="4" />
		<capsule pos="28.75,-33.0,-13.799999999999997" vel="0,0,0" mass="1" elasticityCoef="1" ang="90,0,0" color="0,220,0" radius="0.5" length="4" />
		<capsule pos="28.75,-33.0,-11.5" vel="0,0,0" mass="1" elasticityCoef="1" ang="90,0,0" color="0,220,0" radius="0.5" length="4" />
		<capsule pos="28.75,-33.0,-9.199999999999996" vel="0,0,0" mass="1" elasticityCoef="1" ang="90,0,0" color="0,220,0" radius="0.5" length="4" />
		<capsule pos="28.75,-33.0,-6.899999999999999" vel="0,0,0" mass="1" elasticityCoef="1" ang="90,0,0" color="0,220,0" radius="0.5" length="4" />
		<capsule pos="28.75,-33.0,-4.600000000000001" vel="0,0,0" mass="1" elasticityCoef="1" ang="90,0,0" color="0,220,0" radius="0.5" length="4" />
		<capsule pos="28.75,-33.0,-2.299999999999997" vel="0,0,0" mass="1" elasticityCoef="1" ang="90,0,0" color="0,220,0" radius="0.5" length="4" />
		<capsule pos="28.75,-33.0,0.0" vel="0,0,0" mass="1" elasticityCoef="1" ang="90,0,0" color="0,220,0" radius="0.5" length="4" />
		<capsule pos="28.75,-33.0,2.3000000000000043" vel="0,0,0" mass="1" elasticityCoef="1" ang="90,0,0" color="0,220,0" radius="0.5" length="4" />
		<capsule pos="28.75,-33.0,4.600000000000001" vel="0,0,0" mass="1" elasticityCoef="1" ang="90,0,0" color="0,220,0" radius="0.5" length="4" />
		<capsule pos="28.75,-33.0,6.899999999999999" vel="0,0,0" mass="1" elasticityCoef="1" ang="90,0,0" color="0,220,0" radius="0.5" length="4" />
		<capsule pos="28.75,-33.0,9.200000000000003" vel="0,0,0" mass="1" elasticityCoef="1" ang="90,0,0" color="0,220,0" radius="0.5" length="4" />
		<capsule pos="28.75,-33.0,11.5" vel="0,0,0" mass="1" elasticityCoef="1" ang="90,0,0" color="0,220,0" radius="0.5" length="4" />
		<capsule pos="28.75,-33.0,13.799999999999997" vel="0,0,0" mass="1" elasticityCoef="1" ang="90,0,0" color="0,220,0" radius="0.5" length="4" />
		<capsule pos="28.75,-33.0,16.1" vel="0,0,0" mass="1" elasticityCoef="1" ang="90,0,0" color="0,220,0" radius="0.5" length="4" />
		<capsule pos="28.75,-33.0,18.4" vel="0,0,0" mass="1" elasticityCoef="1" ang="90,0,0" color="0,220,0" radius="0.5" length="4" />
		<capsule pos="28.75,-33.0,20.699999999999996" vel="0,0,0" mass="1" elasticityCoef="1" ang="90,0,0" color="0,220,0" radius="0.5" length="4" />
		<capsule pos="28.75,-33.0,22.999999999999993" vel="0,0,0" mass="1" elasticityCoef="1" ang="90,0,0" color="0,220,0" radius="0.5" length="4" />
		<capsule pos="28.75,-33.0,25.300000000000004" vel="0,0,0" mass="1" elasticityCoef="1" ang="90,0,0" color="0,220,0" radius="0.5" length="4" />
		<capsule pos="28.75,-33.0,27.6" vel="0,0,0" mass="1" elasticityCoef="1" ang="90,0,0" color="0,220,0" radius="0.5" length="4" />
		<capsule pos="28.75,-33.0,29.9" vel="0,0,0" mass="1" elasticityCoef="1" ang="90,0,0" color="0,220,0" radius="0.5" length="4" />
		<capsule pos="28.75,-33.0,32.199999999999996" vel="0,0,0" mass="1" elasticityCoef="1" ang="90,0,0" color="0,220,0" radius="0.5" length="4" />
		<capsule pos="28.75,-33.0,34.49999999999999" vel="0,0,0" mass="1" elasticityCoef="1" ang="90,0,0" color="0,220,0" radius="0.5" length="4" />
		<capsule pos="28.75,-33.0,36.800000000000004" vel="0,0,0" mass="1" elasticityCoef="1" ang="90,0,0" color="0,220,0" radius="0.5" length="4" />
		<capsule pos="28.75,-33.0,39.1" vel="0,0,0" mass="1" elasticityCoef="1" ang="90,0,0" color="0,220,0" radius="0.5" length="4" />
		<capsule pos="28.75,-33.0,41.4" vel="0,0,0" mass="1" elasticityCoef="1" ang="90,0,0" color="0,220,0" radius="0.5" length="4" />
		<capsule pos="28.75,-27.5,-43.699999999999996" vel="0,0,0" mass="1" elasticityCoef="1" ang="90,0,0" color="0,220,0" radius="0.5" length="4" />
		<capsule pos="28.75,-27.5,-41.4" vel="0,0,0" mass="1" elasticityCoef="1" ang="90,0,0" color="0,220,0" radius="0.5" length="4" />
		<capsule pos="28.75,-27.5,-39.099999999999994" vel="0,0,0" mass="1" elasticityCoef="1" ang="90,0,0" color="0,220,0" radius="0.5" length="4" />
		<capsule pos="28.75,-27.5,-36.8" vel="0,0,0" mass="1" elasticityCoef="1" ang="90,0,0" color="0,220,0" radius="0.5" length="4" />
		<capsule pos="28.75,-27.5,-34.5" vel="0,0,0" mass="1" elasticityCoef="1" ang="90,0,0" color="0,220,0" radius="0.5" length="4" />
		<capsule pos="28.75,-27.5,-32.199999999999996" vel="0,0,0" mass="1" elasticityCoef="1" ang="90,0,0" color="0,220,0" radius="0.5" length="4" />
		<capsule pos="28.75,-27.5,-29.9" vel="0,0,0" mass="1" elasticityCoef="1" ang="90,0,0" color="0,220,0" radius="0.5" length="4" />
		<capsule pos="28.75,-27.5,-27.599999999999998" vel="0,0,0" mass="1" elasticityCoef="1" ang="90,0,0" color="0,220,0" radius="0.5" length="4" />
		<capsule pos="28.75,-27.5,-25.299999999999997" vel="0,0,0" mass="1" elasticityCoef="1" ang="90,0,0" color="0,220,0" radius="0.5" length="4" />
		<capsule pos="28.75,-27.5,-22.999999999999996" vel="0,0,0" mass="1" elasticityCoef="1" ang="90,0,0" color="0,220,0" radius="0.5" length="4" />
		<capsule pos="28.75,-27.5,-20.699999999999996" vel="0,0,0" mass="1" elasticityCoef="1" ang="90,0,0" color="0,220,0" radius="0.5" length="4" />
		<capsule pos="28.75,-27.5,-18.4" vel="0,0,0" mass="1" elasticityCoef="1" ang="90,0,0" color="0,220,0" radius="0.5" length="4" />
		<capsule pos="28.75,-27.5,-16.099999999999998" vel="0,0,0" mass="1" elasticityCoef="1" ang="90,0,0" color="0,220,0" radius="0.5" length="4" />
		<capsule pos="28.75,-27.5,-13.799999999999997" vel="0,0,0" mass="1" elasticityCoef="1" ang="90,0,0" color="0,220,0" radius="0.5" length="4" />
		<capsule pos="28.75,-27.5,-11.5" vel="0,0,0" mass="1" elasticityCoef="1" ang="90,0,0" color="0,220,0" radius="0.5" length="4" />
		<capsule pos="28.75,-27.5,-9.199999999999996" vel="0,0,0" mass="1" elasticityCoef="1" ang="90,0,0" color="0,220,0" radius="0.5" length="4" />
		<capsule pos="28.75,-27.5,-6.899999999999999" vel="0,0,0" mass="1" elasticityCoef="1" ang="90,0,0" color="0,220,0" radius="0.5" length="4" />
		<capsule pos="28.75,-27.5,-4.600000000000001" vel="0,0,0" mass="1" elasticityCoef="1" ang="90,0,0" color="0,220,0" radius="0.5" length="4" />
		<capsule pos="28.75,-27.5,-2.299999999999997" vel="0,0,0" mass="1" elasticityCoef="1" ang="90,0,0" color="0,220,0" radius="0.5" length="4" />
		<capsule pos="28.75,-27.5,0.0" vel="0,0,0" mass="1" elasticityCoef="1" ang="90,0,0" color="0,220,0" radius="0.5" length="4" />
		<capsule pos="28.75,-27.5,2.3000000000000043" vel="0,0,0" mass="1" elasticityCoef="1" ang="90,0,0" color="0,220,0" radius="0.5" length="4" />
		<capsule pos="28.75,-27.5,4.600000000000001" vel="0,0,0" mass="1" elasticityCoef="1" ang="90,0,0" color="0,220,0" radius="0.5" length="4" />
		<capsule pos="28.75,-27.5,6.899999999999999" vel="0,0,0" mass="1" elasticityCoef="1" ang="90,0,0" color="0,220,0" radius="0.5" length="4" />
		<capsule pos="28.75,-27.5,9.200000000000003" vel="0,0,0" mass="1" elasticityCoef="1" ang="90,0,0" color="0,220,0" radius="0.5" length="4" />
		<capsule pos="28.75,-27.5,11.5" vel="0,0,0" mass="1" elasticityCoef="1" ang="90,0,0" color="0,220,0" radius="0.5" length="4" />
		<capsule pos="28.75,-27.5,13.799999999999997" vel="0,0,0" mass="1" elasticityCoef="1" ang="90,0,0" color="0,220,0" radius="0.5" length="4" />
		<capsule pos="28.75,-27.5,16.1" vel="0,0,0" mass="1" elasticityCoef="1" ang="90,0,0" color="0,220,0" radius="0.5" length="4" />
		<capsule pos="28.75,-27.5,18.4" vel="0,0,0" mass="1" elasticityCoef="1" ang="90,0,0" color="0,220,0" radius="0.5" length="4" />
		<capsule pos="28.75,-27.5,20.699999999999996" vel="0,0,0" mass="1" elasticityCoef="1" ang="90,0,0" color="0,220,0" radius="0.5" length="4" />
		<capsule pos="28.75,-27.5,22.999999999999993" vel="0,0,0" mass="1" elasticityCoef="1" ang="90,0,0" color="0,220,0" radius="0.5" length="4" />
		<capsule pos="28.75,-27.5,25.300000000000004" vel="0,0,0" mass="1" elasticityCoef="1" ang="90,0,0" color="0,220,0" radius="0.5" length="4" />
		<capsule pos="28.75,-27.5,27.6" vel="0,0,0" mass="1" elasticityCoef="1" ang="90,0,0" color="0,220,0" radius="0.5" length="4" />
		<capsule pos="28.75,-27.5,29.9" vel="0,0,0" mass="1" elasticityCoef="1" ang="90,0,0" color="0,220,0" radius="0.5" length="4" />
		<capsule pos="28.75,-27.5,32.199999999999996" vel="0,0,0" mass="1" elasticityCoef="1" ang="90,0,0" color="0,220,0" radius="0.5" length="4" />
		<capsule pos="28.75,-27.5,34.49999999999999" vel="0,0,0" mass="1" elasticityCoef="1" ang="90,0,0" color="0,220,0" radius="0.5" length="4" />
		<capsule pos="28.75,-27.5,36.800000000000004" vel="0,0,0" mass="1" elasticityCoef="1" ang="90,0,0" color="0,220,0" radius="0.5" length="4" />
		<capsule pos="28.75,-27.5,39.1" vel="0,0,0" mass="1" elasticityCoef="1" ang="90,0,0" color="0,220,0" radius="0.5" length="4" />
		<capsule pos="28.75,-27.5,41.4" vel="0,0,0" mass="1" elasticityCoef="1" ang="90,0,0" color="0,220,0" radius="0.5" length="4" />
		<capsule pos="28.75,-22.0,-43.699999999999996" vel="0,0,0" mass="1" elasticityCoef="1" ang="90,0,0" color="0,220,0" radius="0.5" length="4" />
		<capsule pos="28.75,-22.0,-41.4" vel="0,0,0" mass="1" elasticityCoef="1" ang="90,0,0" color="0,220,0" radius="0.5" length="4" />
		<capsule pos="28.75,-22.0,-39.099999999999994" vel="0,0,0" mass="1" elasticityCoef="1" ang="90,0,0" color="0,220,0" radius="0.5" length="4" />
		<capsule pos="28.75,-22.0,-36.8" vel="0,0,0" mass="1" elasticityCoef="1" ang="90,0,0" color="0,220,0" radius="0.5" length="4" />
		<capsule pos="28.75,-22.0,-34.5" vel="0,0,0" mass="1" elasticityCoef="1" ang="90,0,0" color="0,220,0" radius="0.5" length="4" />
		<capsule pos="28.75,-22.0,-32.199999999999996" vel="0,0,0" mass="1" elasticityCoef="1" ang="90,0,0" color="0,220,0" radius="0.5" length="4" />
		<capsule pos="28.75,-22.0,-29.9" vel="0,0,0" mass="1" elasticityCoef="1" ang="90,0,0" color="0,220,0" radius="0.5" length="4" />
		<capsule pos="28.75,-22.0,-27.599999999999998" vel="0,0,0" mass="1" elasticityCoef="1" ang="90,0,0" color="0,220,0" radius="0.5" length="4" />
		<capsule pos="28.75,-22.0,-25.299999999999997" vel="0,0,0" mass="1" elasticityCoef="1" ang="90,0,0" color="0,220,0" radius="0.5" length="4" />
		<capsule pos="28.75,-22.0,-22.999999999999996" vel="0,0,0" mass="1" elasticityCoef="1" ang="90,0,0" color="0,220,0" radius="0.5" length="4" />
		<capsule pos="28.75,-22.0,-20.699999999999996" vel="0,0,0" mass="1" elasticityCoef="1" ang="90,0,0" color="0,220,0" radius="0.5" length="4" />
		<capsule pos="28.75,-22.0,-18.4" vel="0,0,0" mass="1" elasticityCoef="1" ang="90,0,0" color="0,220,0" radius="0.5" length="4" />
		<capsule pos="28.75,-22.0,-16.099999999999998" vel="0,0,0" mass="1" elasticityCoef="1" ang="90,0,0" color="0,220,0" radius="0.5" length="4" />
		<capsule pos="28.75,-22.0,-13.799999999999997" vel="0,0,0" mass="1" elasticityCoef="1" ang="90,0,0" color="0,220,0" radius="0.5" length="4" />
		<capsule pos="28.75,-22.0,-11.5" vel="0,0,0" mass="1" elasticityCoef="1" ang="90,0,0" color="0,220,0" radius="0.5" length="4" />
		<capsule pos="28.75,-22.0,-9.199999999999996" vel="0,0,0" mass="1" elasticityCoef="1" ang="90,0,0" color="0,220,0" radius="0.5" length="4" />
		<capsule pos="28.75,-22.0,-6.899999999999999" vel="0,0,0" mass="1" elasticityCoef="1" ang="90,0,0" color="0,220,0" radius="0.5" length="4" />
		<capsule pos="28.75,-22.0,-4.600000000000001" vel="0,0,0" mass="1" elasticityCoef="1" ang="90,0,0" color="0,220,0" radius="0.5" length="4" />
		<capsule pos="28.75,-22.0,-2.299999999999997" vel="0,0,0" mass="1" elasticityCoef="1" ang="90,0,0" color="0,220,0" radius="0.5" length="4" />
		<capsule pos="28.75,-22.0,0.0" vel="0,0,0" mass="1" elasticityCoef="1" ang="90,0,0" color="0,220,0" radius="0.5" length="4" />
		<capsule pos="28.75,-22.0,2.3000000000000043" vel="0,0,0" mass="1" elasticityCoef="1" ang="90,0,0" color="0,220,0" radius="0.5" length="4" />
		<capsule pos="28.75,-22.0,4.600000000000001" vel="0,0,0" mass="1" elasticityCoef="1" ang="90,0,0" color="0,220,0" radius="0.5" length="4" />
		<capsule pos="28.75,-22.0,6.899999999999999" vel="0,0,0" mass="1" elasticityCoef="1" ang="90,0,0" color="0,220,0" radius="0.5" length="4" />
		<capsule pos="28.75,-22.0,9.200000000000003" vel="0,0,0" mass="1" elasticityCoef="1" ang="90,0,0" color="0,220,0" radius="0.5" length="4" />
		<capsule pos="28.75,-22.0,11.5" vel="0,0,0" mass="1" elasticityCoef="1" ang="90,0,0" color="0,220,0" radius="0.5" length="4" />
		<capsule pos="28.75,-22.0,13.799999999999997" vel="0,0,0" mass="1" elasticityCoef="1" ang="90,0,0" color="0,220,0" radius="0.5" length="4" />
		<capsule pos="28.75,-22.0,16.1" vel="0,0,0" mass="1" elasticityCoef="1" ang="90,0,0" color="0,220,0" radius="0.5" length="4" />
		<capsule pos="28.75,-22.0,18.4" vel="0,0,0" mass="1" elasticityCoef="1" ang="90,0,0" color="0,220,0" radius="0.5" length="4" />
		<capsule pos="28.75,-22.0,20.699999999999996" vel="0,0,0" mass="1" elasticityCoef="1" ang="90,0,0" color="0,220,0" radius="0.5" length="4" />
		<capsule pos="28.75,-22.0,22.999999999999993" vel="0,0,0" mass="1" elasticityCoef="1" ang="90,0,0" color="0,220,0" radius="0.5" length="4" />
		<capsule pos="28.75,-22.0,25.300000000000004" vel="0,0,0" mass="1" elasticityCoef="1" ang="90,0,0" color="0,220,0" radius="0.5" length="4" />
		<capsule pos="28.75,-22.0,27.6" vel="0,0,0" mass="1" elasticityCoef="1" ang="90,0,0" color="0,220,0" radius="0.5" length="4" />
		<capsule pos="28.75,-22.0,29.9" vel="0,0,0" mass="1" elasticityCoef="1" ang="90,0,0" color="0,220,0" radius="0.5" length="4" />
		<capsule pos="28.75,-22.0,32.199999999999996" vel="0,0,0" mass="1" elasticityCoef="1" ang="90,0,0" color="0,220,0" radius="0.5" length="4" />
		<capsule pos="28.75,-22.0,34.49999999999999" vel="0,0,0" mass="1" elasticityCoef="1" ang="90,0,0" color="0,220,0" radius="0.5" length="4" />
		<capsule pos="28.75,-22.0,36.800000000000004" vel="0,0,0" mass="1" elasticityCoef="1" ang="90,0,0" color="0,220,0" radius="0.5" length="4" />
		<capsule pos="28.75,-22.0,39.1" vel="0,0,0" mass="1" elasticityCoef="1" ang="90,0,0" color="0,220,0" radius="0.5" length="4" />
		<capsule pos="28.75,-22.0,41.4" vel="0,0,0" mass="1" elasticityCoef="1" ang="90,0,0" color="0,220,0" radius="0.5" length="4" />
		<capsule pos="28.75,-16.5,-43.699999999999996" vel="0,0,0" mass="1" elasticityCoef="1" ang="90,0,0" color="0,220,0" radius="0.5" length="4" />
		<capsule pos="28.75,-16.5,-41.4" vel="0,0,0" mass="1" elasticityCoef="1" ang="90,0,0" color="0,220,0" radius="0.5" length="4" />
		<capsule pos="28.75,-16.5,-39.099999999999994" vel="0,0,0" mass="1" elasticityCoef="1" ang="90,0,0" color="0,220,0" radius="0.5" length="4" />
		<capsule pos="28.75,-16.5,-36.8" vel="0,0,0" mass="1" elasticityCoef="1" ang="90,0,0" color="0,220,0" radius="0.5" length="4" />
		<capsule pos="28.75,-16.5,-34.5" vel="0,0,0" mass="1" elasticityCoef="1" ang="90,0,0" color="0,220,0" radius="0.5" length="4" />
		<capsule pos="28.75,-16.5,-32.199999999999996" vel="0,0,0" mass="1" elasticityCoef="1" ang="90,0,0" color="0,220,0" radius="0.5" length="4" />
		<capsule pos="28.75,-16.5,-29.9" vel="0,0,0" mass="1" elasticityCoef="1" ang="90,0,0" color="0,220,0" radius="0.5" length="4" />
		<capsule pos="28.75,-16.5,-27.599999999999998" vel="0,0,0" mass="1" elasticityCoef="1" ang="90,0,0" color="0,220,0" radius="0.5" length="4" />
		<capsule pos="28.75,-16.5,-25.299999999999997" vel="0,0,0" mass="1" elasticityCoef="1" ang="90,0,0" color="0,220,0" radius="0.5" length="4" />
		<capsule pos="28.75,-16.5,-22.999999999999996" vel="0,0,0" mass="1" elasticityCoef="1" ang="90,0,0" color="0,220,0" radius="0.5" length="4" />
		<capsule pos="28.75,-16.5,-20.699999999999996" vel="0,0,0" mass="1" elasticityCoef="1" ang="90,0,0" color="0,220,0" radius="0.5" length="4" />
		<capsule pos="28.75,-16.5,-18.4" vel="0,0,0" mass="1" elasticityCoef="1" ang="90,0,0" color="0,220,0" radius="0.5" length="4" />
		<capsule pos="28.75,-16.5,-16.099999999999998" vel="0,0,0" mass="1" elasticityCoef="1" ang="90,0,0" color="0,220,0" radius="0.5" length="4" />
		<capsule pos="28.75,-16.5,-13.799999999999997" vel="0,0,0" mass="1" elasticityCoef="1" ang="90,0,0" color="0,220,0" radius="0.5" length="4" />
		<capsule pos="28.75,-16.5,-11.5" vel="0,0,0" mass="1" elasticityCoef="1" ang="90,0,0" color="0,220,0" radius="0.5" length="4" />
		<capsule pos="28.75,-16.5,-9.199999999999996" vel="0,0,0" mass="1" elasticityCoef="1" ang="90,0,0" color="0,220,0" radius="0.5" length="4" />
		<capsule pos="28.75,-16.5,-6.899999999999999" vel="0,0,0" mass="1" elasticityCoef="1" ang="90,0,0" color="0,220,0" radius="0.5" length="4" />
		<capsule pos="28.75,-16.5,-4.600000000000001" vel="0,0,0" mass="1" elasticityCoef="1" ang="90,0,0" color="0,220,0" radius="0.5" length="4" />
		<capsule pos="28.75,-16.5,-2.299999999999997" vel="0,0,0" mass="1" elasticityCoef="1" ang="90,0,0" color="0,220,0" radius="0.5" length="4" />
		<capsule pos="28.75,-16.5,0.0" vel="0,0,0" mass="1" elasticityCoef="1" ang="90,0,0" color="0,220,0" radius="0.5" length="4" />
		<capsule pos="28.75,-16.5,2.3000000000000043" vel="0,0,0" mass="1" elasticityCoef="1" ang="90,0,0" color="0,220,0" radius="0.5" length="4" />
		<capsule pos="28.75,-16.5,4.600000000000001" vel="0,0,0" mass="1" elasticityCoef="1" ang="90,0,0" color="0,220,0" radius="0.5" length="4" />
		<capsule pos="28.75,-16.5,6.899999999999999" vel="0,0,0" mass="1" elasticityCoef="1" ang="90,0,0" color="0,220,0" radius="0.5" length="4" />
		<capsule pos="28.75,-16.5,9.200000000000003" vel="0,0,0" mass="1" elasticityCoef="1" ang="90,0,0" color="0,220,0" radius="0.5" length="4" />
		<capsule pos="28.75,-16.5,11.5" vel="0,0,0" mass="1" elasticityCoef="1" ang="90,0,0" color="0,220,0" radius="0.5" length="4" />
		<capsule pos="28.75,-16.5,13.799999999999997" vel="0,0,0" mass="1" elasticityCoef="1" ang="90,0,0" color="0,220,0" radius="0.5" length="4" />
		<capsule pos="28.75,-16.5,16.1" vel="0,0,0" mass="1" elasticityCoef="1" ang="90,0,0" color="0,220,0" radius="0.5" length="4" />
		<capsule pos="28.75,-16.5,18.4" vel="0,0,0" mass="1" elasticityCoef="1" ang="90,0,0" color="0,220,0" radius="0.5" length="4" />
		<capsule pos="28.75,-16.5,20.699999999999996" vel="0,0,0" mass="1" elasticityCoef="1" ang="90,0,0" color="0,220,0" radius="0.5" length="4" />
		<capsule pos="28.75,-16.5,22.999999999999993" vel="0,0,0" mass="1" elasticityCoef="1" ang="90,0,0" color="0,220,0" radius="0.5" length="4" />
		<capsule pos="28.75,-16.5,25.300000000000004" vel="0,0,0" mass="1" elasticityCoef="1" ang="90,0,0" color="0,220,0" radius="0.5" length="4" />
		<capsule pos="28.75,-16.5,27.6" vel="0,0,0" mass="1" elasticityCoef="1" ang="90,0,0" color="0,220,0" radius="0.5" length="4" />
		<capsule pos="28.75,-16.5,29.9" vel="0,0,0" mass="1" elasticityCoef="1" ang="90,0,0" color="0,220,0" radius="0.5" length="4" />
		<capsule pos="28.75,-16.5,32.199999999999996" vel="0,0,0" mass="1" elasticityCoef="1" ang="90,0,0" color="0,220,0" radius="0.5" length="4" />
		<capsule pos="28.75,-16.5,34.49999999999999" vel="0,0,0" mass="1" elasticityCoef="1" ang="90,0,0" color="0,220,0" radius="0.5" length="4" />
		<capsule pos="28.75,-16.5,36.800000000000004" vel="0,0,0" mass="1" elasticityCoef="1" ang="90,0,0" color="0,220,0" radius="0.5" length="4" />
		<capsule pos="28.75,-16.5,39.1" vel="0,0,0" mass="1" elasticityCoef="1" ang="90,0,0" color="0,220,0" radius="0.5" length="4" />
		<capsule pos="28.75,-16.5,41.4" vel="0,0,0" mass="1" elasticityCoef="1" ang="90,0,0" color="0,220,0" radius="0.5" length="4" />
		<capsule pos="28.75,-11.0,-43.699999999999996" vel="0,0,0" mass="1" elasticityCoef="1" ang="90,0,0" color="0,220,0" radius="0.5" length="4" />
		<capsule pos="28.75,-11.0,-41.4" vel="0,0,0" mass="1" elasticityCoef="1" ang="90,0,0" color="0,220,0" radius="0.5" length="4" />
		<capsule pos="28.75,-11.0,-39.099999999999994" vel="0,0,0" mass="1" elasticityCoef="1" ang="90,0,0" color="0,220,0" radius="0.5" length="4" />
		<capsule pos="28.75,-11.0,-36.8" vel="0,0,0" mass="1" elasticityCoef="1" ang="90,0,0" color="0,220,0" radius="0.5" length="4" />
		<capsule pos="28.75,-11.0,-34.5" vel="0,0,0" mass="1" elasticityCoef="1" ang="90,0,0" color="0,220,0" radius="0.5" length="4" />
		<capsule pos="28.75,-11.0,-32.199999999999996" vel="0,0,0" mass="1" elasticityCoef="1" ang="90,0,0" color="0,220,0" radius="0.5" length="4" />
		<capsule pos="28.75,-11.0,-29.9" vel="0,0,0" mass="1" elasticityCoef="1" ang="90,0,0" color="0,220,0" radius="0.5" length="4" />
		<capsule pos="28.75,-11.0,-27.599999999999998" vel="0,0,0" mass="1" elasticityCoef="1" ang="90,0,0" color="0,220,0" radius="0.5" length="4" />
		<capsule pos="28.75,-11.0,-25.299999999999997" vel="0,0,0" mass="1" elasticityCoef="1" ang="90,0,0" color="0,220,0" radius="0.5" length="4" />
		<capsule pos="28.75,-11.0,-22.999999999999996" vel="0,0,0" mass="1" elasticityCoef="1" ang="90,0,0" color="0,220,0" radius="0.5" length="4" />
		<capsule pos="28.75,-11.0,-20.699999999999996" vel="0,0,0" mass="1" elasticityCoef="1" ang="90,0,0" color="0,220,0" radius="0.5" length="4" />
		<capsule pos="28.75,-11.0,-18.4" vel="0,0,0" mass="1" elasticityCoef="1" ang="90,0,0" color="0,220,0" radius="0.5" length="4" />
		<capsule pos="28.75,-11.0,-16.099999999999998" vel="0,0,0" mass="1" elasticityCoef="1" ang="90,0,0" color="0,220,0" radius="0.5" length="4" />
		<capsule pos="28.75,-11.0,-13.799999999999997" vel="0,0,0" mass="1" elasticityCoef="1" ang="90,0,0" color="0,220,0" radius="0.5" length="4" />
		<capsule pos="28.75,-11.0,-11.5" vel="0,0,0" mass="1" elasticityCoef="1" ang="90,0,0" color="0,220,0" radius="0.5" length="4" />
		<capsule pos="28.75,-11.0,-9.199999999999996" vel="0,0,0" mass="1" elasticityCoef="1" ang="90,0,0" color="0,220,0" radius="0.5" length="4" />
		<capsule pos="28.75,-11.0,-6.899999999999999" vel="0,0,0" mass="1" elasticityCoef="1" ang="90,0,0" color="0,220,0" radius="0.5" length="4" />
		<capsule pos="28.75,-11.0,-4.600000000000001" vel="0,0,0" mass="1" elasticityCoef="1" ang="90,0,0" color="0,220,0" radius="0.5" length="4" />
		<capsule pos="28.75,-11.0,-2.299999999999997" vel="0,0,0" mass="1" elasticityCoef="1" ang="90,0,0" color="0,220,0" radius="0.5" length="4" />
		<capsule pos="28.75,-11.0,0.0" vel="0,0,0" mass="1" elasticityCoef="1" ang="90,0,0" color="0,220,0" radius="0.5" length="4" />
		<capsule pos="28.75,-11.0,2.3000000000000043" vel="0,0,0" mass="1" elasticityCoef="1" ang="90,0,0" color="0,220,0" radius="0.5" length="4" />
		<capsule pos="28.75,-11.0,4.600000000000001" vel="0,0,0" mass="1" elasticityCoef="1" ang="90,0,0" color="0,220,0" radius="0.5" length="4" />
		<capsule pos="28.75,-11.0,6.899999999999999" vel="0,0,0" mass="1" elasticityCoef="1" ang="90,0,0" color="0,220,0" radius="0.5" length="4" />
		<capsule pos="28.75,-11.0,9.200000000000003" vel="0,0,0" mass="1" elasticityCoef="1" ang="90,0,0" color="0,220,0" radius="0.5" length="4" />
		<capsule pos="28.75,-11.0,11.5" vel="0,0,0" mass="1" elasticityCoef="1" ang="90,0,0" color="0,220,0" radius="0.5" length="4" />
		<capsule pos="28.75,-11.0,13.799999999999997" vel="0,0,0" mass="1" elasticityCoef="1" ang="90,0,0" color="0,220,0" radius="0.5" length="4" />
		<capsule pos="28.75,-11.0,16.1" vel="0,0,0" mass="1" elasticityCoef="1" ang="90,0,0" color="0,220,0" radius="0.5" length="4" />
		<capsule pos="28.75,-11.0,18.4" vel="0,0,0" mass="1" elasticityCoef="1" ang="90,0,0" color="0,220,0" radius="0.5" length="4" />
		<capsule pos="28.75,-11.0,20.699999999999996" vel="0,0,0" mass="1" elasticityCoef="1" ang="90,0,0" color="0,220,0" radius="0.5" length="4" />
		<capsule pos="28.75,-11.0,22.999999999999993" vel="0,0,0" mass="1" elasticityCoef="1" ang="90,0,0" color="0,220,0" radius="0.5" length="4" />
		<capsule pos="28.75,-11.0,25.300000000000004" vel="0,0,0" mass="1" elasticityCoef="1" ang="90,0,0" color="0,220,0" radius="0.5" length="4" />
		<capsule pos="28.75,-11.0,27.6" vel="0,0,0" mass="1" elasticityCoef="1" ang="90,0,0" color="0,220,0" radius="0.5" length="4" />
		<capsule pos="28.75,-11.0,29.9" vel="0,0,0" mass="1" elasticityCoef="1" ang="90,0,0" color="0,220,0" radius="0.5" length="4" />
		<capsule pos="28.75,-11.0,32.199999999999996" vel="0,0,0" mass="1" elasticityCoef="1" ang="90,0,0" color="0,220,0" radius="0.5" length="4" />
		<capsule pos="28.75,-11.0,34.49999999999999" vel="0,0,0" mass="1" elasticityCoef="1" ang="90,0,0" color="0,220,0" radius="0.5" length="4" />
		<capsule pos="28.75,-11.0,36.800000000000004" vel="0,0,0" mass="1" elasticityCoef="1" ang="90,0,0" color="0,220,0" radius="0.5" length="4" />
		<capsule pos="28.75,-11.0,39.1" vel="0,0,0" mass="1" elasticityCoef="1" ang="90,0,0" color="0,220,0" radius="0.5" length="4" />
		<capsule pos="28.75,-11.0,41.4" vel="0,0,0" mass="1" elasticityCoef="1" ang="90,0,0" color="0,220,0" radius="0.5" length="4" />
		<capsule pos="28.75,-5.5,-43.699999999999996" vel="0,0,0" mass="1" elasticityCoef="1" ang="90,0,0" color="0,220,0" radius="0.5" length="4" />
		<capsule pos="28.75,-5.5,-41.4" vel="0,0,0" mass="1" elasticityCoef="1" ang="90,0,0" color="0,220,0" radius="0.5" length="4" />
		<capsule pos="28.75,-5.5,-39.099999999999994" vel="0,0,0" mass="1" elasticityCoef="1" ang="90,0,0" color="0,220,0" radius="0.5" length="4" />
		<capsule pos="28.75,-5.5,-36.8" vel="0,0,0" mass="1" elasticityCoef="1" ang="90,0,0" color="0,220,0" radius="0.5" length="4" />
		<capsule pos="28.75,-5.5,-34.5" vel="0,0,0" mass="1" elasticityCoef="1" ang="90,0,0" color="0,220,0" radius="0.5" length="4" />
		<capsule pos="28.75,-5.5,-32.199999999999996" vel="0,0,0" mass="1" elasticityCoef="1" ang="90,0,0" color="0,220,0" radius="0.5" length="4" />
		<capsule pos="28.75,-5.5,-29.9" vel="0,0,0" mass="1" elasticityCoef="1" ang="90,0,0" color="0,220,0" radius="0.5" length="4" />
		<capsule pos="28.75,-5.5,-27.599999999999998" vel="0,0,0" mass="1" elasticityCoef="1" ang="90,0,0" color="0,220,0" radius="0.5" length="4" />
		<capsule pos="28.75,-5.5,-25.299999999999997" vel="0,0,0" mass="1" elasticityCoef="1" ang="90,0,0" color="0,220,0" radius="0.5" length="4" />
		<capsule pos="28.75,-5.5,-22.999999999999996" vel="0,0,0" mass="1" elasticityCoef="1" ang="90,0,0" color="0,220,0" radius="0.5" length="4" />
		<capsule pos="28.75,-5.5,-20.699999999999996" vel="0,0,0" mass="1" elasticityCoef="1" ang="90,0,0" color="0,220,0" radius="0.5" length="4" />
		<capsule pos="28.75,-5.5,-18.4" vel="0,0,0" mass="1" elasticityCoef="1" ang="90,0,0" color="0,220,0" radius="0.5" length="4" />
		<capsule pos="28.75,-5.5,-16.099999999999998" vel="0,0,0" mass="1" elasticityCoef="1" ang="90,0,0" color="0,220,0" radius="0.5" length="4" />
		<capsule pos="28.75,-5.5,-13.799999999999997" vel="0,0,0" mass="1" elasticityCoef="1" ang="90,0,0" color="0,220,0" radius="0.5" length="4" />
		<capsule pos="28.75,-5.5,-11.5" vel="0,0,0" mass="1" elasticityCoef="1" ang="90,0,0" color="0,220,0" radius="0.5" length="4" />
		<capsule pos="28.75,-5.5,-9.199999999999996" vel="0,0,0" mass="1" elasticityCoef="1" ang="90,0,0" color="0,220,0" radius="0.5" length="4" />
		<capsule pos="28.75,-5.5,-6.899999999999999" vel="0,0,0" mass="1" elasticityCoef="1" ang="90,0,0" color="0,220,0" radius="0.5" length="4" />
		<capsule pos="28.75,-5.5,-4.600000000000001" vel="0,0,0" mass="1" elasticityCoef="1" ang="90,0,0" color="0,220,0" radius="0.5" length="4" />
		<capsule pos="28.75,-5.5,-2.299999999999997" vel="0,0,0" mass="1" elasticityCoef="1" ang="90,0,0" color="0,220,0" radius="0.5" length="4" />
		<capsule pos="28.75,-5.5,0.0" vel="0,0,0" mass="1" elasticityCoef="1" ang="90,0,0" color="0,220,0" radius="0.5" length="4" />
		<capsule pos="28.75,-5.5,2.3000000000000043" vel="0,0,0" mass="1" elasticityCoef="1" ang="90,0,0" color="0,220,0" radius="0.5" length="4" />
		<capsule pos="28.75,-5.5,4.600000000000001" vel="0,0,0" mass="1" elasticityCoef="1" ang="90,0,0" color="0,220,0" radius="0.5" length="4" />
		<capsule pos="28.75,-5.5,6.899999999999999" vel="0,0,0" mass="1" elasticityCoef="1" ang="90,0,0" color="0,220,0" radius="0.5" length="4" />
		<capsule pos="28.75,-5.5,9.200000000000003" vel="0,0,0" mass="1" elasticityCoef="1" ang="90,0,0" color="0,220,0" radius="0.5" length="4" />
		<capsule pos="28.75,-5.5,11.5" vel="0,0,0" mass="1" elasticityCoef="1" ang="90,0,0" color="0,220,0" radius="0.5" length="4" />
		<capsule pos="28.75,-5.5,13.799999999999997" vel="0,0,0" mass="1" elasticityCoef="1" ang="90,0,0" color="0,220,0" radius="0.5" length="4" />
		<capsule pos="28.75,-5.5,16.1" vel="0,0,0" mass="1" elasticityCoef="1" ang="90,0,0" color="0,220,0" radius="0.5" length="4" />
		<capsule pos="28.75,-5.5,18.4" vel="0,0,0" mass="1" elasticityCoef="1" ang="90,0,0" color="0,220,0" radius="0.5" length="4" />
		<capsule pos="28.75,-5.5,20.699999999999996" vel="0,0,0" mass="1" elasticityCoef="1" ang="90,0,0" color="0,220,0" radius="0.5" length="4" />
		<capsule pos="28.75,-5.5,22.999999999999993" vel="0,0,0" mass="1" elasticityCoef="1" ang="90,0,0" color="0,220,0" radius="0.5" length="4" />
		<capsule pos="28.75,-5.5,25.300000000000004" vel="0,0,0" mass="1" elasticityCoef="1" ang="90,0,0" color="0,220,0" radius="0.5" length="4" />
		<capsule pos="28.75,-5.5,27.6" vel="0,0,0" mass="1" elasticityCoef="1" ang="90,0,0" color="0,220,0" radius="0.5" length="4" />
		<capsule pos="28.75,-5.5,29.9" vel="0,0,0" mass="1" elasticityCoef="1" ang="90,0,0" color="0,220,0" radius="0.5" length="4" />
		<capsule pos="28.75,-5.5,32.199999999999996" vel="0,0,0" mass="1" elasticityCoef="1" ang="90,0,0" color="0,220,0" radius="0.5" length="4" />
		<capsule pos="28.75,-5.5,34.49999999999999" vel="0,0,0" mass="1" elasticityCoef="1" ang="90,0,0" color="0,220,0" radius="0.5" length="4" />
		<capsule pos="28.75,-5.5,36.800000000000004" vel="0,0,0" mass="1" elasticityCoef="1" ang="90,0,0" color="0,220,0" radius="0.5" length="4" />
		<capsule pos="28.75,-5.5,39.1" vel="0,0,0" mass="1" elasticityCoef="1" ang="90,0,0" color="0,220,0" radius="0.5" length="4" />
		<capsule pos="28.75,-5.5,41.4" vel="0,0,0" mass="1" elasticityCoef="1" ang="90,0,0" color="0,220,0" radius="0.5" length="4" />
		<capsule pos="28.75,0.0,-43.699999999999996" vel="0,0,0" mass="1" elasticityCoef="1" ang="90,0,0" color="0,220,0" radius="0.5" length="4" />
		<capsule pos="28.75,0.0,-41.4" vel="0,0,0" mass="1" elasticityCoef="1" ang="90,0,0" color="0,220,0" radius="0.5" length="4" />
		<capsule pos="28.75,0.0,-39.099999999999994" vel="0,0,0" mass="1" elasticityCoef="1" ang="90,0,0" color="0,220,0" radius="0.5" length="4" />
		<capsule pos="28.75,0.0,-36.8" vel="0,0,0" mass="1" elasticityCoef="1" ang="90,0,0" color="0,220,0" radius="0.5" length="4" />
		<capsule pos="28.75,0.0,-34.5" vel="0,0,0" mass="1" elasticityCoef="1" ang="90,0,0" color="0,220,0" radius="0.5" length="4" />
		<capsule pos="28.75,0.0,-32.199999999999996" vel="0,0,0" mass="1" elasticityCoef="1" ang="90,0,0" color="0,220,0" radius="0.5" length="4" />
		<capsule pos="28.75,0.0,-29.9" vel="0,0,0" mass="1" elasticityCoef="1" ang="90,0,0" color="0,220,0" radius="0.5" length="4" />
		<capsule pos="28.75,0.0,-27.599999999999998" vel="0,0,0" mass="1" elasticityCoef="1" ang="90,0,0" color="0,220,0" radius="0.5" length="4" />
		<capsule pos="28.75,0.0,-25.299999999999997" vel="0,0,0" mass="1" elasticityCoef="1" ang="90,0,0" color="0,220,0" radius="0.5" length="4" />
		<capsule pos="28.75,0.0,-22.999999999999996" vel="0,0,0" mass="1" elasticityCoef="1" ang="90,0,0" color="0,220,0" radius="0.5" length="4" />
		<capsule pos="28.75,0.0,-20.699999999999996" vel="0,0,0" mass="1" elasticityCoef="1" ang="90,0,0" color="0,220,0" radius="0.5" length="4" />
		<capsule pos="28.75,0.0,-18.4" vel="0,0,0" mass="1" elasticityCoef="1" ang="90,0,0" color="0,220,0" radius="0.5" length="4" />
		<capsule pos="28.75,0.0,-16.099999999999998" vel="0,0,0" mass="1" elasticityCoef="1" ang="90,0,0" color="0,220,0" radius="0.5" length="4" />
		<capsule pos="28.75,0.0,-13.799999999999997" vel="0,0,0" mass="1" elasticityCoef="1" ang="90,0,0" color="0,220,0" radius="0.5" length="4" />
		<capsule pos="28.75,0.0,-11.5" vel="0,0,0" mass="1" elasticityCoef="1" ang="90,0,0" color="0,220,0" radius="0.5" length="4" />
		<capsule pos="28.75,0.0,-9.199999999999996" vel="0,0,0" mass="1" elasticityCoef="1" ang="90,0,0" color="0,220,0" radius="0.5" length="4" />
		<capsule pos="28.75,0.0,-6.899999999999999" vel="0,0,0" mass="1" elasticityCoef="1" ang="90,0,0" color="0,220,0" radius="0.5" length="4" />
		<capsule pos="28.75,0.0,-4.600000000000001" vel="0,0,0" mass="1" elasticityCoef="1" ang="90,0,0" color="0,220,0" radius="0.5" length="4" />
		<capsule pos="28.75,0.0,-2.299999999999997" vel="0,0,0" mass="1" elasticityCoef="1" ang="90,0,0" color="0,220,0" radius="0.5" length="4" />
		<capsule pos="28.75,0.0,0.0" vel="0,0,0" mass="1" elasticityCoef="1" ang="90,0,0" color="0,220,0" radius="0.5" length="4" />
		<capsule pos="28.75,0.0,2.3000000000000043" vel="0,0,0" mass="1" elasticityCoef="1" ang="90,0,0" color="0,220,0" radius="0.5" length="4" />
		<capsule pos="28.75,0.0,4.600000000000001" vel="0,0,0" mass="1" elasticityCoef="1" ang="90,0,0" color="0,220,0" radius="0.5" length="4" />
		<capsule pos="28.75,0.0,6.899999999999999" vel="0,0,0" mass="1" elasticityCoef="1" ang="90,0,0" color="0,220,0" radius="0.5" length="4" />
		<capsule pos="28.75,0.0,9.200000000000003" vel="0,0,0" mass="1" elasticityCoef="1" ang="90,0,0" color="0,220,0" radius="0.5" length="4" />
		<capsule pos="28.75,0.0,11.5" vel="0,0,0" mass="1" elasticityCoef="1" ang="90,0,0" color="0,220,0" radius="0.5" length="4" />
		<capsule pos="28.75,0.0,13.799999999999997" vel="0,0,0" mass="1" elasticityCoef="1" ang="90,0,0" color="0,220,0" radius="0.5" length="4" />
		<capsule pos="28.75,0.0,16.1" vel="0,0,0" mass="1" elasticityCoef="1" ang="90,0,0" color="0,220,0" radius="0.5" length="4" />
		<capsule pos="28.75,0.0,18.4" vel="0,0,0" mass="1" elasticityCoef="1" ang="90,0,0" color="0,220,0" radius="0.5" length="4" />
		<capsule pos="28.75,0.0,20.699999999999996" vel="0,0,0" mass="1" elasticityCoef="1" ang="90,0,0" color="0,220,0" radius="0.5" length="4" />
		<capsule pos="28.75,0.0,22.999999999999993" vel="0,0,0" mass="1" elasticityCoef="1" ang="90,0,0" color="0,220,0" radius="0.5" length="4" />
		<capsule pos="28.75,0.0,25.300000000000004" vel="0,0,0" mass="1" elasticityCoef="1" ang="90,0,0" color="0,220,0" radius="0.5" length="4" />
		<capsule pos="28.75,0.0,27.6" vel="0,0,0" mass="1" elasticityCoef="1" ang="90,0,0" color="0,220,0" radius="0.5" length="4" />
		<capsule pos="28.75,0.0,29.9" vel="0,0,0" mass="1" elasticityCoef="1" ang="90,0,0" color="0,220,0" radius="0.5" length="4" />
		<capsule pos="28.75,0.0,32.199999999999996" vel="0,0,0" mass="1" elasticityCoef="1" ang="90,0,0" color="0,220,0" radius="0.5" length="4" />
		<capsule pos="28.75,0.0,34.49999999999999" vel="0,0,0" mass="1" elasticityCoef="1" ang="90,0,0" color="0,220,0" radius="0.5" length="4" />
		<capsule pos="28.75,0.0,36.800000000000004" vel="0,0,0" mass="1" elasticityCoef="1" ang="90,0,0" color="0,220,0" radius="0.5" length="4" />
		<capsule pos="28.75,0.0,39.1" vel="0,0,0" mass="1" elasticityCoef="1" ang="90,0,0" color="0,220,0" radius="0.5" length="4" />
		<capsule pos="28.75,0.0,41.4" vel="0,0,0" mass="1" elasticityCoef="1" ang="90,0,0" color="0,220,0" radius="0.5" length="4" />
		<capsule pos="28.75,5.5,-43.699999999999996" vel="0,0,0" mass="1" elasticityCoef="1" ang="90,0,0" color="0,220,0" radius="0.5" length="4" />
		<capsule pos="28.75,5.5,-41.4" vel="0,0,0" mass="1" elasticityCoef="1" ang="90,0,0" color="0,220,0" radius="0.5" length="4" />
		<capsule pos="28.75,5.5,-39.099999999999994" vel="0,0,0" mass="1" elasticityCoef="1" ang="90,0,0" color="0,220,0" radius="0.5" length="4" />
		<capsule pos="28.75,5.5,-36.8" vel="0,0,0" mass="1" elasticityCoef="1" ang="90,0,0" color="0,220,0" radius="0.5" length="4" />
		<capsule pos="28.75,5.5,-34.5" vel="0,0,0" mass="1" elasticityCoef="1" ang="90,0,0" color="0,220,0" radius="0.5" length="4" />
		<capsule pos="28.75,5.5,-32.199999999999996" vel="0,0,0" mass="1" elasticityCoef="1" ang="90,0,0" color="0,220,0" radius="0.5" length="4" />
		<capsule pos="28.75,5.5,-29.9" vel="0,0,0" mass="1" elasticityCoef="1" ang="90,0,0" color="0,220,0" radius="0.5" length="4" />
		<capsule pos="28.75,5.5,-27.599999999999998" vel="0,0,0" mass="1" elasticityCoef="1" ang="90,0,0" color="0,220,0" radius="0.5" length="4" />
		<capsule pos="28.75,5.5,-25.299999999999997" vel="0,0,0" mass="1" elasticityCoef="1" ang="90,0,0" color="0,220,0" radius="0.5" length="4" />
		<capsule pos="28.75,5.5,-22.999999999999996" vel="0,0,0" mass="1" elasticityCoef="1" ang="90,0,0" color="0,220,0" radius="0.5" length="4" />
		<capsule pos="28.75,5.5,-20.699999999999996" vel="0,0,0" mass="1" elasticityCoef="1" ang="90,0,0" color="0,220,0" radius="0.5" length="4" />
		<capsule pos="28.75,5.5,-18.4" vel="0,0,0" mass="1" elasticityCoef="1" ang="90,0,0" color="0,220,0" radius="0.5" length="4" />
		<capsule pos="28.75,5.5,-16.099999999999998" vel="0,0,0" mass="1" elasticityCoef="1" ang="90,0,0" color="0,220,0" radius="0.5" length="4" />
		<capsule pos="28.75,5.5,-13.799999999999997" vel="0,0,0" mass="1" elasticityCoef="1" ang="90,0,0" color="0,220,0" radius="0.5" length="4" />
		<capsule pos="28.75,5.5,-11.5" vel="0,0,0" mass="1" elasticityCoef="1" ang="90,0,0" color="0,220,0" radius="0.5" length="4" />
		<capsule pos="28.75,5.5,-9.199999999999996" vel="0,0,0" mass="1" elasticityCoef="1" ang="90,0,0" color="0,220,0" radius="0.5" length="4" />
		<capsule pos="28.75,5.5,-6.899999999999999" vel="0,0,0" mass="1" elasticityCoef="1" ang="90,0,0" color="0,220,0" radius="0.5" length="4" />
		<capsule pos="28.75,5.5,-4.600000000000001" vel="0,0,0" mass="1" elasticityCoef="1" ang="90,0,0" color="0,220,0" radius="0.5" length="4" />
		<capsule pos="28.75,5.5,-2.299999999999997" vel="0,0,0" mass="1" elasticityCoef="1" ang="90,0,0" color="0,220,0" radius="0.5" length="4" />
		<capsule pos="28.75,5.5,0.0" vel="0,0,0" mass="1" elasticityCoef="1" ang="90,0,0" color="0,220,0" radius="0.5" length="4" />
		<capsule pos="28.75,5.5,2.3000000000000043" vel="0,0,0" mass="1" elasticityCoef="1" ang="90,0,0" color="0,220,0" radius="0.5" length="4" />
		<capsule pos="28.75,5.5,4.600000000000001" vel="0,0,0" mass="1" elasticityCoef="1" ang="90,0,0" color="0,220,0" radius="0.5" length="4" />
		<capsule pos="28.75,5.5,6.899999999999999" vel="0,0,0" mass="1" elasticityCoef="1" ang="90,0,0" color="0,220,0" radius="0.5" length="4" />
		<capsule pos="28.75,5.5,9.200000000000003" vel="0,0,0" mass="1" elasticityCoef="1" ang="90,0,0" color="0,220,0" radius="0.5" length="4" />
		<capsule pos="28.75,5.5,11.5" vel="0,0,0" mass="1" elasticityCoef="1" ang="90,0,0" color="0,220,0" radius="0.5" length="4" />
		<capsule pos="28.75,5.5,13.799999999999997" vel="0,0,0" mass="1" elasticityCoef="1" ang="90,0,0" color="0,220,0" radius="0.5" length="4" />
		<capsule pos="28.75,5.5,16.1" vel="0,0,0" mass="1" elasticityCoef="1" ang="90,0,0" color="0,220,0" radius="0.5" length="4" />
		<capsule pos="28.75,5.5,18.4" vel="0,0,0" mass="1" elasticityCoef="1" ang="90,0,0" color="0,220,0" radius="0.5" length="4" />
		<capsule pos="28.75,5.5,20.699999999999996" vel="0,0,0" mass="1" elasticityCoef="1" ang="90,0,0" color="0,220,0" radius="0.5" length="4" />
		<capsule pos="28.75,5.5,22.999999999999993" vel="0,0,0" mass="1" elasticityCoef="1" ang="90,0,0" color="0,220,0" radius="0.5" length="4" />
		<capsule pos="28.75,5.5,25.300000000000004" vel="0,0,0" mass="1" elasticityCoef="1" ang="90,0,0" color="0,220,0" radius="0.5" length="4" />
		<capsule pos="28.75,5.5,27.6" vel="0,0,0" mass="1" elasticityCoef="1" ang="90,0,0" color="0,220,0" radius="0.5" length="4" />
		<capsule pos="28.75,5.5,29.9" vel="0,0,0" mass="1" elasticityCoef="1" ang="90,0,0" color="0,220,0" radius="0.5" length="4" />
		<capsule pos="28.75,5.5,32.199999999999996" vel="0,0,0" mass="1" elasticityCoef="1" ang="90,0,0" color="0,220,0" radius="0.5" length="4" />
		<capsule pos="28.75,5.5,34.49999999999999" vel="0,0,0" mass="1" elasticityCoef="1" ang="90,0,0" color="0,220,0" radius="0.5" length="4" />
		<capsule pos="28.75,5.5,36.800000000000004" vel="0,0,0" mass="1" elasticityCoef="1" ang="90,0,0" color="0,220,0" radius="0.5" length="4" />
		<capsule pos="28.75,5.5,39.1" vel="0,0,0" mass="1" elasticityCoef="1" ang="90,0,0" color="0,220,0" radius="0.5" length="4" />
		<capsule pos="28.75,5.5,41.4" vel="0,0,0" mass="1" elasticityCoef="1" ang="90,0,0" color="0,220,0" radius="0.5" length="4" />
		<capsule pos="28.75,11.0,-43.699999999999996" vel="0,0,0" mass="1" elasticityCoef="1" ang="90,0,0" color="0,220,0" radius="0.5" length="4" />
		<capsule pos="28.75,11.0,-41.4" vel="0,0,0" mass="1" elasticityCoef="1" ang="90,0,0" color="0,220,0" radius="0.5" length="4" />
		<capsule pos="28.75,11.0,-39.099999999999994" vel="0,0,0" mass="1" elasticityCoef="1" ang="90,0,0" color="0,220,0" radius="0.5" length="4" />
		<capsule pos="28.75,11.0,-36.8" vel="0,0,0" mass="1" elasticityCoef="1" ang="90,0,0" color="0,220,0" radius="0.5" length="4" />
		<capsule pos="28.75,11.0,-34.5" vel="0,0,0" mass="1" elasticityCoef="1" ang="90,0,0" color="0,220,0" radius="0.5" length="4" />
		<capsule pos="28.75,11.0,-32.199999999999996" vel="0,0,0" mass="1" elasticityCoef="1" ang="90,0,0" color="0,220,0" radius="0.5" length="4" />
		<capsule pos="28.75,11.0,-29.9" vel="0,0,0" mass="1" elasticityCoef="1" ang="90,0,0" color="0,220,0" radius="0.5" length="4" />
		<capsule pos="28.75,11.0,-27.599999999999998" vel="0,0,0" mass="1" elasticityCoef="1" ang="90,0,0" color="0,220,0" radius="0.5" length="4" />
		<capsule pos="28.75,11.0,-25.299999999999997" vel="0,0,0" mass="1" elasticityCoef="1" ang="90,0,0" color="0,220,0" radius="0.5" length="4" />
		<capsule pos="28.75,11.0,-22.999999999999996" vel="0,0,0" mass="1" elasticityCoef="1" ang="90,0,0" color="0,220,0" radius="0.5" length="4" />
		<capsule pos="28.75,11.0,-20.699999999999996" vel="0,0,0" mass="1" elasticityCoef="1" ang="90,0,0" color="0,220,0" radius="0.5" length="4" />
		<capsule pos="28.75,11.0,-18.4" vel="0,0,0" mass="1" elasticityCoef="1" ang="90,0,0" color="0,220,0" radius="0.5" length="4" />
		<capsule pos="28.75,11.0,-16.099999999999998" vel="0,0,0" mass="1" elasticityCoef="1" ang="90,0,0" color="0,220,0" radius="0.5" length="4" />
		<capsule pos="28.75,11.0,-13.799999999999997" vel="0,0,0" mass="1" elasticityCoef="1" ang="90,0,0" color="0,220,0" radius="0.5" length="4" />
		<capsule pos="28.75,11.0,-11.5" vel="0,0,0" mass="1" elasticityCoef="1" ang="90,0,0" color="0,220,0" radius="0.5" length="4" />
		<capsule pos="28.75,11.0,-9.199999999999996" vel="0,0,0" mass="1" elasticityCoef="1" ang="90,0,0" color="0,220,0" radius="0.5" length="4" />
		<capsule pos="28.75,11.0,-6.899999999999999" vel="0,0,0" mass="1" elasticityCoef="1" ang="90,0,0" color="0,220,0" radius="0.5" length="4" />
		<capsule pos="28.75,11.0,-4.600000000000001" vel="0,0,0" mass="1" elasticityCoef="1" ang="90,0,0" color="0,220,0" radius="0.5" length="4" />
		<capsule pos="28.75,11.0,-2.299999999999997" vel="0,0,0" mass="1" elasticityCoef="1" ang="90,0,0" color="0,220,0" radius="0.5" length="4" />
		<capsule pos="28.75,11.0,0.0" vel="0,0,0" mass="1" elasticityCoef="1" ang="90,0,0" color="0,220,0" radius="0.5" length="4" />
		<capsule pos="28.75,11.0,2.3000000000000043" vel="0,0,0" mass="1" elasticityCoef="1" ang="90,0,0" color="0,220,0" radius="0.5" length="4" />
		<capsule pos="28.75,11.0,4.600000000000001" vel="0,0,0" mass="1" elasticityCoef="1" ang="90,0,0" color="0,220,0" radius="0.5" length="4" />
		<capsule pos="28.75,11.0,6.899999999999999" vel="0,0,0" mass="1" elasticityCoef="1" ang="90,0,0" color="0,220,0" radius="0.5" length="4" />
		<capsule pos="28.75,11.0,9.200000000000003" vel="0,0,0" mass="1" elasticityCoef="1" ang="90,0,0" color="0,220,0" radius="0.5" length="4" />
		<capsule pos="28.75,11.0,11.5" vel="0,0,0" mass="1" elasticityCoef="1" ang="90,0,0" color="0,220,0" radius="0.5" length="4" />
		<capsule pos="28.75,11.0,13.799999999999997" vel="0,0,0" mass="1" elasticityCoef="1" ang="90,0,0" color="0,220,0" radius="0.5" length="4" />
		<capsule pos="28.75,11.0,16.1" vel="0,0,0" mass="1" elasticityCoef="1" ang="90,0,0" color="0,220,0" radius="0.5" length="4" />
		<capsule pos="28.75,11.0,18.4" vel="0,0,0" mass="1" elasticityCoef="1" ang="90,0,0" color="0,220,0" radius="0.5" length="4" />
		<capsule pos="28.75,11.0,20.699999999999996" vel="0,0,0" mass="1" elasticityCoef="1" ang="90,0,0" color="0,220,0" radius="0.5" length="4" />
		<capsule pos="28.75,11.0,22.999999999999993" vel="0,0,0" mass="1" elasticityCoef="1" ang="90,0,0" color="0,220,0" radius="0.5" length="4" />
		<capsule pos="28.75,11.0,25.300000000000004" vel="0,0,0" mass="1" elasticityCoef="1" ang="90,0,0" color="0,220,0" radius="0.5" length="4" />
		<capsule pos="28.75,11.0,27.6" vel="0,0,0" mass="1" elasticityCoef="1" ang="90,0,0" color="0,220,0" radius="0.5" length="4" />
		<capsule pos="28.75,11.0,29.9" vel="0,0,0" mass="1" elasticityCoef="1" ang="90,0,0" color="0,220,0" radius="0.5" length="4" />
		<capsule pos="28.75,11.0,32.199999999999996" vel="0,0,0" mass="1" elasticityCoef="1" ang="90,0,0" color="0,220,0" radius="0.5" length="4" />
		<capsule pos="28.75,11.0,34.49999999999999" vel="0,0,0" mass="1" elasticityCoef="1" ang="90,0,0" color="0,220,0" radius="0.5" length="4" />
		<capsule pos="28.75,11.0,36.800000000000004" vel="0,0,0" mass="1" elasticityCoef="1" ang="90,0,0" color="0,220,0" radius="0.5" length="4" />
		<capsule pos="28.75,11.0,39.1" vel="0,0,0" mass="1" elasticityCoef="1" ang="90,0,0" color="0,220,0" radius="0.5" length="4" />
		<capsule pos="28.75,11.0,41.4" vel="0,0,0" mass="1" elasticityCoef="1" ang="90,0,0" color="0,220,0" radius="0.5" length="4" />
		<capsule pos="28.75,16.5,-43.699999999999996" vel="0,0,0" mass="1" elasticityCoef="1" ang="90,0,0" color="0,220,0" radius="0.5" length="4" />
		<capsule pos="28.75,16.5,-41.4" vel="0,0,0" mass="1" elasticityCoef="1" ang="90,0,0" color="0,220,0" radius="0.5" length="4" />
		<capsule pos="28.75,16.5,-39.099999999999994" vel="0,0,0" mass="1" elasticityCoef="1" ang="90,0,0" color="0,220,0" radius="0.5" length="4" />
		<capsule pos="28.75,16.5,-36.8" vel="0,0,0" mass="1" elasticityCoef="1" ang="90,0,0" color="0,220,0" radius="0.5" length="4" />
		<capsule pos="28.75,16.5,-34.5" vel="0,0,0" mass="1" elasticityCoef="1" ang="90,0,0" color="0,220,0" radius="0.5" length="4" />
		<capsule pos="28.75,16.5,-32.199999999999996" vel="0,0,0" mass="1" elasticityCoef="1" ang="90,0,0" color="0,220,0" radius="0.5" length="4" />
		<capsule pos="28.75,16.5,-29.9" vel="0,0,0" mass="1" elasticityCoef="1" ang="90,0,0" color="0,220,0" radius="0.5" length="4" />
		<capsule pos="28.75,16.5,-27.599999999999998" vel="0,0,0" mass="1" elasticityCoef="1" ang="90,0,0" color="0,220,0" radius="0.5" length="4" />
		<capsule pos="28.75,16.5,-25.299999999999997" vel="0,0,0" mass="1" elasticityCoef="1" ang="90,0,0" color="0,220,0" radius="0.5" length="4" />
		<capsule pos="28.75,16.5,-22.999999999999996" vel="0,0,0" mass="1" elasticityCoef="1" ang="90,0,0" color="0,220,0" radius="0.5" length="4" />
		<capsule pos="28.75,16.5,-20.699999999999996" vel="0,0,0" mass="1" elasticityCoef="1" ang="90,0,0" color="0,220,0" radius="0.5" length="4" />
		<capsule pos="28.75,16.5,-18.4" vel="0,0,0" mass="1" elasticityCoef="1" ang="90,0,0" color="0,220,0" radius="0.5" length="4" />
		<capsule pos="28.75,16.5,-16.099999999999998" vel="0,0,0" mass="1" elasticityCoef="1" ang="90,0,0" color="0,220,0" radius="0.5" length="4" />
		<capsule pos="28.75,16.5,-13.799999999999997" vel="0,0,0" mass="1" elasticityCoef="1" ang="90,0,0" color="0,220,0" radius="0.5" length="4" />
		<capsule pos="28.75,16.5,-11.5" vel="0,0,0" mass="1" elasticityCoef="1" ang="90,0,0" color="0,220,0" radius="0.5" length="4" />
		<capsule pos="28.75,16.5,-9.199999999999996" vel="0,0,0" mass="1" elasticityCoef="1" ang="90,0,0" color="0,220,0" radius="0.5" length="4" />
		<capsule pos="28.75,16.5,-6.899999999999999" vel="0,0,0" mass="1" elasticityCoef="1" ang="90,0,0" color="0,220,0" radius="0.5" length="4" />
		<capsule pos="28.75,16.5,-4.600000000000001" vel="0,0,0" mass="1" elasticityCoef="1" ang="90,0,0" color="0,220,0" radius="0.5" length="4" />
		<capsule pos="28.75,16.5,-2.299999999999997" vel="0,0,0" mass="1" elasticityCoef="1" ang="90,0,0" color="0,220,0" radius="0.5" length="4" />
		<capsule pos="28.75,16.5,0.0" vel="0,0,0" mass="1" elasticityCoef="1" ang="90,0,0" color="0,220,0" radius="0.5" length="4" />
		<capsule pos="28.75,16.5,2.3000000000000043" vel="0,0,0" mass="1" elasticityCoef="1" ang="90,0,0" color="0,220,0" radius="0.5" length="4" />
		<capsule pos="28.75,16.5,4.600000000000001" vel="0,0,0" mass="1" elasticityCoef="1" ang="90,0,0" color="0,220,0" radius="0.5" length="4" />
		<capsule pos="28.75,16.5,6.899999999999999" vel="0,0,0" mass="1" elasticityCoef="1" ang="90,0,0" color="0,220,0" radius="0.5" length="4" />
		<capsule pos="28.75,16.5,9.200000000000003" vel="0,0,0" mass="1" elasticityCoef="1" ang="90,0,0" color="0,220,0" radius="0.5" length="4" />
		<capsule pos="28.75,16.5,11.5" vel="0,0,0" mass="1" elasticityCoef="1" ang="90,0,0" color="0,220,0" radius="0.5" length="4" />
		<capsule pos="28.75,16.5,13.799999999999997" vel="0,0,0" mass="1" elasticityCoef="1" ang="90,0,0" color="0,220,0" radius="0.5" length="4" />
		<capsule pos="28.75,16.5,16.1" vel="0,0,0" mass="1" elasticityCoef="1" ang="90,0,0" color="0,220,0" radius="0.5" length="4" />
		<capsule pos="28.75,16.5,18.4" vel="0,0,0" mass="1" elasticityCoef="1" ang="90,0,0" color="0,220,0" radius="0.5" length="4" />
		<capsule pos="28.75,16.5,20.699999999999996" vel="0,0,0" mass="1" elasticityCoef="1" ang="90,0,0" color="0,220,0" radius="0.5" length="4" />
		<capsule pos="28.75,16.5,22.999999999999993" vel="0,0,0" mass="1" elasticityCoef="1" ang="90,0,0" color="0,220,0" radius="0.5" length="4" />
		<capsule pos="28.75,16.5,25.300000000000004" vel="0,0,0" mass="1" elasticityCoef="1" ang="90,0,0" color="0,220,0" radius="0.5" length="4" />
		<capsule pos="28.75,16.5,27.6" vel="0,0,0" mass="1" elasticityCoef="1" ang="90,0,0" color="0,220,0" radius="0.5" length="4" />
		<capsule pos="28.75,16.5,29.9" vel="0,0,0" mass="1" elasticityCoef="1" ang="90,0,0" color="0,220,0" radius="0.5" length="4" />
		<capsule pos="28.75,16.5,32.199999999999996" vel="0,0,0" mass="1" elasticityCoef="1" ang="90,0,0" color="0,220,0" radius="0.5" length="4" />
		<capsule pos="28.75,16.5,34.49999999999999" vel="0,0,0" mass="1" elasticityCoef="1" ang="90,0,0" color="0,220,0" radius="0.5" length="4" />
		<capsule pos="28.75,16.5,36.800000000000004" vel="0,0,0" mass="1" elasticityCoef="1" ang="90,0,0" color="0,220,0" radius="0.5" length="4" />
		<capsule pos="28.75,16.5,39.1" vel="0,0,0" mass="1" elasticityCoef="1" ang="90,0,0" color="0,220,0" radius="0.5" length="4" />
		<capsule pos="28.75,16.5,41.4" vel="0,0,0" mass="1" elasticityCoef="1" ang="90,0,0" color="0,220,0" radius="0.5" length="4" />
		<capsule pos="28.75,22.0,-43.699999999999996" vel="0,0,0" mass="1" elasticityCoef="1" ang="90,0,0" color="0,220,0" radius="0.5" length="4" />
		<capsule pos="28.75,22.0,-41.4" vel="0,0,0" mass="1" elasticityCoef="1" ang="90,0,0" color="0,220,0" radius="0.5" length="4" />
		<capsule pos="28.75,22.0,-39.099999999999994" vel="0,0,0" mass="1" elasticityCoef="1" ang="90,0,0" color="0,220,0" radius="0.5" length="4" />
		<capsule pos="28.75,22.0,-36.8" vel="0,0,0" mass="1" elasticityCoef="1" ang="90,0,0" color="0,220,0" radius="0.5" length="4" />
		<capsule pos="28.75,22.0,-34.5" vel="0,0,0" mass="1" elasticityCoef="1" ang="90,0,0" color="0,220,0" radius="0.5" length="4" />
		<capsule pos="28.75,22.0,-32.199999999999996" vel="0,0,0" mass="1" elasticityCoef="1" ang="90,0,0" color="0,220,0" radius="0.5" length="4" />
		<capsule pos="28.75,22.0,-29.9" vel="0,0,0" mass="1" elasticityCoef="1" ang="90,0,0" color="0,220,0" radius="0.5" length="4" />
		<capsule pos="28.75,22.0,-27.599999999999998" vel="0,0,0" mass="1" elasticityCoef="1" ang="90,0,0" color="0,220,0" radius="0.5" length="4" />
		<capsule pos="28.75,22.0,-25.299999999999997" vel="0,0,0" mass="1" elasticityCoef="1" ang="90,0,0" color="0,220,0" radius="0.5" length="4" />
		<capsule pos="28.75,22.0,-22.999999999999996" vel="0,0,0" mass="1" elasticityCoef="1" ang="90,0,0" color="0,220,0" radius="0.5" length="4" />
		<capsule pos="28.75,22.0,-20.699999999999996" vel="0,0,0" mass="1" elasticityCoef="1" ang="90,0,0" color="0,220,0" radius="0.5" length="4" />
		<capsule pos="28.75,22.0,-18.4" vel="0,0,0" mass="1" elasticityCoef="1" ang="90,0,0" color="0,220,0" radius="0.5" length="4" />
		<capsule pos="28.75,22.0,-16.099999999999998" vel="0,0,0" mass="1" elasticityCoef="1" ang="90,0,0" color="0,220,0" radius="0.5" length="4" />
		<capsule pos="28.75,22.0,-13.799999999999997" vel="0,0,0" mass="1" elasticityCoef="1" ang="90,0,0" color="0,220,0" radius="0.5" length="4" />
		<capsule pos="28.75,22.0,-11.5" vel="0,0,0" mass="1" elasticityCoef="1" ang="90,0,0" color="0,220,0" radius="0.5" length="4" />
		<capsule pos="28.75,22.0,-9.199999999999996" vel="0,0,0" mass="1" elasticityCoef="1" ang="90,0,0" color="0,220,0" radius="0.5" length="4" />
		<capsule pos="28.75,22.0,-6.899999999999999" vel="0,0,0" mass="1" elasticityCoef="1" ang="90,0,0" color="0,220,0" radius="0.5" length="4" />
		<capsule pos="28.75,22.0,-4.600000000000001" vel="0,0,0" mass="1" elasticityCoef="1" ang="90,0,0" color="0,220,0" radius="0.5" length="4" />
		<capsule pos="28.75,22.0,-2.299999999999997" vel="0,0,0" mass="1" elasticityCoef="1" ang="90,0,0" color="0,220,0" radius="0.5" length="4" />
		<capsule pos="28.75,22.0,0.0" vel="0,0,0" mass="1" elasticityCoef="1" ang="90,0,0" color="0,220,0" radius="0.5" length="4" />
		<capsule pos="28.75,22.0,2.3000000000000043" vel="0,0,0" mass="1" elasticityCoef="1" ang="90,0,0" color="0,220,0" radius="0.5" length="4" />
		<capsule pos="28.75,22.0,4.600000000000001" vel="0,0,0" mass="1" elasticityCoef="1" ang="90,0,0" color="0,220,0" radius="0.5" length="4" />
		<capsule pos="28.75,22.0,6.899999999999999" vel="0,0,0" mass="1" elasticityCoef="1" ang="90,0,0" color="0,220,0" radius="0.5" length="4" />
		<capsule pos="28.75,22.0,9.200000000000003" vel="0,0,0" mass="1" elasticityCoef="1" ang="90,0,0" color="0,220,0" radius="0.5" length="4" />
		<capsule pos="28.75,22.0,11.5" vel="0,0,0" mass="1" elasticityCoef="1" ang="90,0,0" color="0,220,0" radius="0.5" length="4" />
		<capsule pos="28.75,22.0,13.799999999999997" vel="0,0,0" mass="1" elasticityCoef="1" ang="90,0,0" color="0,220,0" radius="0.5" length="4" />
		<capsule pos="28.75,22.0,16.1" vel="0,0,0" mass="1" elasticityCoef="1" ang="90,0,0" color="0,220,0" radius="0.5" length="4" />
		<capsule pos="28.75,22.0,18.4" vel="0,0,0" mass="1" elasticityCoef="1" ang="90,0,0" color="0,220,0" radius="0.5" length="4" />
		<capsule pos="28.75,22.0,20.699999999999996" vel="0,0,0" mass="1" elasticityCoef="1" ang="90,0,0" color="0,220,0" radius="0.5" length="4" />
		<capsule pos="28.75,22.0,22.999999999999993" vel="0,0,0" mass="1" elasticityCoef="1" ang="90,0,0" color="0,220,0" radius="0.5" length="4" />
		<capsule pos="28.75,22.0,25.300000000000004" vel="0,0,0" mass="1" elasticityCoef="1" ang="90,0,0" color="0,220,0" radius="0.5" length="4" />
		<capsule pos="28.75,22.0,27.6" vel="0,0,0" mass="1" elasticityCoef="1" ang="90,0,0" color="0,220,0" radius="0.5" length="4" />
		<capsule pos="28.75,22.0,29.9" vel="0,0,0" mass="1" elasticityCoef="1" ang="90,0,0" color="0,220,0" radius="0.5" length="4" />
		<capsule pos="28.75,22.0,32.199999999999996" vel="0,0,0" mass="1" elasticityCoef="1" ang="90,0,0" color="0,220,0" radius="0.5" length="4" />
		<capsule pos="28.75,22.0,34.49999999999999" vel="0,0,0" mass="1" elasticityCoef="1" ang="90,0,0" color="0,220,0" radius="0.5" length="4" />
		<capsule pos="28.75,22.0,36.800000000000004" vel="0,0,0" mass="1" elasticityCoef="1" ang="90,0,0" color="0,220,0" radius="0.5" length="4" />
		<capsule pos="28.75,22.0,39.1" vel="0,0,0" mass="1" elasticityCoef="1" ang="90,0,0" color="0,220,0" radius="0.5" length="4" />
		<capsule pos="28.75,22.0,41.4" vel="0,0,0" mass="1" elasticityCoef="1" ang="90,0,0" color="0,220,0" radius="0.5" length="4" />
		<capsule pos="28.75,27.5,-43.699999999999996" vel="0,0,0" mass="1" elasticityCoef="1" ang="90,0,0" color="0,220,0" radius="0.5" length="4" />
		<capsule pos="28.75,27.5,-41.4" vel="0,0,0" mass="1" elasticityCoef="1" ang="90,0,0" color="0,220,0" radius="0.5" length="4" />
		<capsule pos="28.75,27.5,-39.099999999999994" vel="0,0,0" mass="1" elasticityCoef="1" ang="90,0,0" color="0,220,0" radius="0.5" length="4" />
		<capsule pos="28.75,27.5,-36.8" vel="0,0,0" mass="1" elasticityCoef="1" ang="90,0,0" color="0,220,0" radius="0.5" length="4" />
		<capsule pos="28.75,27.5,-34.5" vel="0,0,0" mass="1" elasticityCoef="1" ang="90,0,0" color="0,220,0" radius="0.5" length="4" />
		<capsule pos="28.75,27.5,-32.199999999999996" vel="0,0,0" mass="1" elasticityCoef="1" ang="90,0,0" color="0,220,0" radius="0.5" length="4" />
		<capsule pos="28.75,27.5,-29.9" vel="0,0,0" mass="1" elasticityCoef="1" ang="90,0,0" color="0,220,0" radius="0.5" length="4" />
		<capsule pos="28.75,27.5,-27.599999999999998" vel="0,0,0" mass="1" elasticityCoef="1" ang="90,0,0" color="0,220,0" radius="0.5" length="4" />
		<capsule pos="28.75,27.5,-25.299999999999997" vel="0,0,0" mass="1" elasticityCoef="1" ang="90,0,0" color="0,220,0" radius="0.5" length="4" />
		<capsule pos="28.75,27.5,-22.999999999999996" vel="0,0,0" mass="1" elasticityCoef="1" ang="90,0,0" color="0,220,0" radius="0.5" length="4" />
		<capsule pos="28.75,27.5,-20.699999999999996" vel="0,0,0" mass="1" elasticityCoef="1" ang="90,0,0" color="0,220,0" radius="0.5" length="4" />
		<capsule pos="28.75,27.5,-18.4" vel="0,0,0" mass="1" elasticityCoef="1" ang="90,0,0" color="0,220,0" radius="0.5" length="4" />
		<capsule pos="28.75,27.5,-16.099999999999998" vel="0,0,0" mass="1" elasticityCoef="1" ang="90,0,0" color="0,220,0" radius="0.5" length="4" />
		<capsule pos="28.75,27.5,-13.799999999999997" vel="0,0,0" mass="1" elasticityCoef="1" ang="90,0,0" color="0,220,0" radius="0.5" length="4" />
		<capsule pos="28.75,27.5,-11.5" vel="0,0,0" mass="1" elasticityCoef="1" ang="90,0,0" color="0,220,0" radius="0.5" length="4" />
		<capsule pos="28.75,27.5,-9.199999999999996" vel="0,0,0" mass="1" elasticityCoef="1" ang="90,0,0" color="0,220,0" radius="0.5" length="4" />
		<capsule pos="28.75,27.5,-6.899999999999999" vel="0,0,0" mass="1" elasticityCoef="1" ang="90,0,0" color="0,220,0" radius="0.5" length="4" />
		<capsule pos="28.75,27.5,-4.600000000000001" vel="0,0,0" mass="1" elasticityCoef="1" ang="90,0,0" color="0,220,0" radius="0.5" length="4" />
		<capsule pos="28.75,27.5,-2.299999999999997" vel="0,0,0" mass="1" elasticityCoef="1" ang="90,0,0" color="0,220,0" radius="0.5" length="4" />
		<capsule pos="28.75,27.5,0.0" vel="0,0,0" mass="1" elasticityCoef="1" ang="90,0,0" color="0,220,0" radius="0.5" length="4" />
		<capsule pos="28.75,27.5,2.3000000000000043" vel="0,0,0" mass="1" elasticityCoef="1" ang="90,0,0" color="0,220,0" radius="0.5" length="4" />
		<capsule pos="28.75,27.5,4.600000000000001" vel="0,0,0" mass="1" elasticityCoef="1" ang="90,0,0" color="0,220,0" radius="0.5" length="4" />
		<capsule pos="28.75,27.5,6.899999999999999" vel="0,0,0" mass="1" elasticityCoef="1" ang="90,0,0" color="0,220,0" radius="0.5" length="4" />
		<capsule pos="28.75,27.5,9.200000000000003" vel="0,0,0" mass="1" elasticityCoef="1" ang="90,0,0" color="0,220,0" radius="0.5" length="4" />
		<capsule pos="28.75,27.5,11.5" vel="0,0,0" mass="1" elasticityCoef="1" ang="90,0,0" color="0,220,0" radius="0.5" length="4" />
		<capsule pos="28.75,27.5,13.799999999999997" vel="0,0,0" mass="1" elasticityCoef="1" ang="90,0,0" color="0,220,0" radius="0.5" length="4" />
		<capsule pos="28.75,27.5,16.1" vel="0,0,0" mass="1" elasticityCoef="1" ang="90,0,0" color="0,220,0" radius="0.5" length="4" />
		<capsule pos="28.75,27.5,18.4" vel="0,0,0" mass="1" elasticityCoef="1" ang="90,0,0" color="0,220,0" radius="0.5" length="4" />
		<capsule pos="28.75,27.5,20.699999999999996" vel="0,0,0" mass="1" elasticityCoef="1" ang="90,0,0" color="0,220,0" radius="0.5" length="4" />
		<capsule pos="28.75,27.5,22.999999999999993" vel="0,0,0" mass="1" elasticityCoef="1" ang="90,0,0" color="0,220,0" radius="0.5" length="4" />
		<capsule pos="28.75,27.5,25.300000000000004" vel="0,0,0" mass="1" elasticityCoef="1" ang="90,0,0" color="0,220,0" radius="0.5" length="4" />
		<capsule pos="28.75,27.5,27.6" vel="0,0,0" mass="1" elasticityCoef="1" ang="90,0,0" color="0,220,0" radius="0.5" length="4" />
		<capsule pos="28.75,27.5,29.9" vel="0,0,0" mass="1" elasticityCoef="1" ang="90,0,0" color="0,220,0" radius="0.5" length="4" />
		<capsule pos="28.75,27.5,32.199999999999996" vel="0,0,0" mass="1" elasticityCoef="1" ang="90,0,0" color="0,220,0" radius="0.5" length="4" />
		<capsule pos="28.75,27.5,34.49999999999999" vel="0,0,0" mass="1" elasticityCoef="1" ang="90,0,0" color="0,220,0" radius="0.5" length="4" />
		<capsule pos="28.75,27.5,36.800000000000004" vel="0,0,0" mass="1" elasticityCoef="1" ang="90,0,0" color="0,220,0" radius="0.5" length="4" />
		<capsule pos="28.75,27.5,39.1" vel="0,0,0" mass="1" elasticityCoef="1" ang="90,0,0" color="0,220,0" radius="0.5" length="4" />
		<capsule pos="28.75,27.5,41.4" vel="0,0,0" mass="1" elasticityCoef="1" ang="90,0,0" color="0,220,0" radius="0.5" length="4" />
		<capsule pos="28.75,33.0,-43.699999999999996" vel="0,0,0" mass="1" elasticityCoef="1" ang="90,0,0" color="0,220,0" radius="0.5" length="4" />
		<capsule pos="28.75,33.0,-41.4" vel="0,0,0" mass="1" elasticityCoef="1" ang="90,0,0" color="0,220,0" radius="0.5" length="4" />
		<capsule pos="28.75,33.0,-39.099999999999994" vel="0,0,0" mass="1" elasticityCoef="1" ang="90,0,0" color="0,220,0" radius="0.5" length="4" />
		<capsule pos="28.75,33.0,-36.8" vel="0,0,0" mass="1" elasticityCoef="1" ang="90,0,0" color="0,220,0" radius="0.5" length="4" />
		<capsule pos="28.75,33.0,-34.5" vel="0,0,0" mass="1" elasticityCoef="1" ang="90,0,0" color="0,220,0" radius="0.5" length="4" />
		<capsule pos="28.75,33.0,-32.199999999999996" vel="0,0,0" mass="1" elasticityCoef="1" ang="90,0,0" color="0,220,0" radius="0.5" length="4" />
		<capsule pos="28.75,33.0,-29.9" vel="0,0,0" mass="1" elasticityCoef="1" ang="90,0,0" color="0,220,0" radius="0.5" length="4" />
		<capsule pos="28.75,33.0,-27.599999999999998" vel="0,0,0" mass="1" elasticityCoef="1" ang="90,0,0" color="0,220,0" radius="0.5" length="4" />
		<capsule pos="28.75,33.0,-25.299999999999997" vel="0,0,0" mass="1" elasticityCoef="1" ang="90,0,0" color="0,220,0" radius="0.5" length="4" />
		<capsule pos="28.75,33.0,-22.999999999999996" vel="0,0,0" mass="1" elasticityCoef="1" ang="90,0,0" color="0,220,0" radius="0.5" length="4" />
		<capsule pos="28.75,33.0,-20.699999999999996" vel="0,0,0" mass="1" elasticityCoef="1" ang="90,0,0" color="0,220,0" radius="0.5" length="4" />
		<capsule pos="28.75,33.0,-18.4" vel="0,0,0" mass="1" elasticityCoef="1" ang="90,0,0" color="0,220,0" radius="0.5" length="4" />
		<capsule pos="28.75,33.0,-16.099999999999998" vel="0,0,0" mass="1" elasticityCoef="1" ang="90,0,0" color="0,220,0" radius="0.5" length="4" />
		<capsule pos="28.75,33.0,-13.799999999999997" vel="0,0,0" mass="1" elasticityCoef="1" ang="90,0,0" color="0,220,0" radius="0.5" length="4" />
		<capsule pos="28.75,33.0,-11.5" vel="0,0,0" mass="1" elasticityCoef="1" ang="90,0,0" color="0,220,0" radius="0.5" length="4" />
		<capsule pos="28.75,33.0,-9.199999999999996" vel="0,0,0" mass="1" elasticityCoef="1" ang="90,0,0" color="0,220,0" radius="0.5" length="4" />
		<capsule pos="28.75,33.0,-6.899999999999999" vel="0,0,0" mass="1" elasticityCoef="1" ang="90,0,0" color="0,220,0" radius="0.5" length="4" />
		<capsule pos="28.75,33.0,-4.600000000000001" vel="0,0,0" mass="1" elasticityCoef="1" ang="90,0,0" color="0,220,0" radius="0.5" length="4" />
		<capsule pos="28.75,33.0,-2.299999999999997" vel="0,0,0" mass="1" elasticityCoef="1" ang="90,0,0" color="0,220,0" radius="0.5" length="4" />
		<capsule pos="28.75,33.0,0.0" vel="0,0,0" mass="1" elasticityCoef="1" ang="90,0,0" color="0,220,0" radius="0.5" length="4" />
		<capsule pos="28.75,33.0,2.3000000000000043" vel="0,0,0" mass="1" elasticityCoef="1" ang="90,0,0" color="0,220,0" radius="0.5" length="4" />
		<capsule pos="28.75,33.0,4.600000000000001" vel="0,0,0" mass="1" elasticityCoef="1" ang="90,0,0" color="0,220,0" radius="0.5" length="4" />
		<capsule pos="28.75,33.0,6.899999999999999" vel="0,0,0" mass="1" elasticityCoef="1" ang="90,0,0" color="0,220,0" radius="0.5" length="4" />
		<capsule pos="28.75,33.0,9.200000000000003" vel="0,0,0" mass="1" elasticityCoef="1" ang="90,0,0" color="0,220,0" radius="0.5" length="4" />
		<capsule pos="28.75,33.0,11.5" vel="0,0,0" mass="1" elasticityCoef="1" ang="90,0,0" color="0,220,0" radius="0.5" length="4" />
		<capsule pos="28.75,33.0,13.799999999999997" vel="0,0,0" mass="1" elasticityCoef="1" ang="90,0,0" color="0,220,0" radius="0.5" length="4" />
		<capsule pos="28.75,33.0,16.1" vel="0,0,0" mass="1" elasticityCoef="1" ang="90,0,0" color="0,220,0" radius="0.5" length="4" />
		<capsule pos="28.75,33.0,18.4" vel="0,0,0" mass="1" elasticityCoef="1" ang="90,0,0" color="0,220,0" radius="0.5" length="4" />
		<capsule pos="28.75,33.0,20.699999999999996" vel="0,0,0" mass="1" elasticityCoef="1" ang="90,0,0" color="0,220,0" radius="0.5" length="4" />
		<capsule pos="28.75,33.0,22.999999999999993" vel="0,0,0" mass="1" elasticityCoef="1" ang="90,0,0" color="0,220,0" radius="0.5" length="4" />
		<capsule pos="28.75,33.0,25.300000000000004" vel="0,0,0" mass="1" elasticityCoef="1" ang="90,0,0" color="0,220,0" radius="0.5" length="4" />
		<capsule pos="28.75,33.0,27.6" vel="0,0,0" mass="1" elasticityCoef="1" ang="90,0,0" color="0,220,0" radius="0.5" length="4" />
		<capsule pos="28.75,33.0,29.9" vel="0,0,0" mass="1" elasticityCoef="1" ang="90,0,0" color="0,220,0" radius="0.5" length="4" />
		<capsule pos="28.75,33.0,32.199999999999996" vel="0,0,0" mass="1" elasticityCoef="1" ang="90,0,0" color="0,220,0" radius="0.5" length="4" />
		<capsule pos="28.75,33.0,34.49999999999999" vel="0,0,0" mass="1" elasticityCoef="1" ang="90,0,0" color="0,220,0" radius="0.5" length="4" />
		<capsule pos="28.75,33.0,36.800000000000004" vel="0,0,0" mass="1" elasticityCoef="1" ang="90,0,0" color="0,220,0" radius="0.5" length="4" />
		<capsule pos="28.75,33.0,39.1" vel="0,0,0" mass="1" elasticityCoef="1" ang="90,0,0" color="0,220,0" radius="0.5" length="4" />
		<capsule pos="28.75,33.0,41.4" vel="0,0,0" mass="1" elasticityCoef="1" ang="90,0,0" color="0,220,0" radius="0.5" length="4" />
		<capsule pos="28.75,38.5,-43.699999999999996" vel="0,0,0" mass="1" elasticityCoef="1" ang="90,0,0" color="0,220,0" radius="0.5" length="4" />
		<capsule pos="28.75,38.5,-41.4" vel="0,0,0" mass="1" elasticityCoef="1" ang="90,0,0" color="0,220,0" radius="0.5" length="4" />
		<capsule pos="28.75,38.5,-39.099999999999994" vel="0,0,0" mass="1" elasticityCoef="1" ang="90,0,0" color="0,220,0" radius="0.5" length="4" />
		<capsule pos="28.75,38.5,-36.8" vel="0,0,0" mass="1" elasticityCoef="1" ang="90,0,0" color="0,220,0" radius="0.5" length="4" />
		<capsule pos="28.75,38.5,-34.5" vel="0,0,0" mass="1" elasticityCoef="1" ang="90,0,0" color="0,220,0" radius="0.5" length="4" />
		<capsule pos="28.75,38.5,-32.199999999999996" vel="0,0,0" mass="1" elasticityCoef="1" ang="90,0,0" color="0,220,0" radius="0.5" length="4" />
		<capsule pos="28.75,38.5,-29.9" vel="0,0,0" mass="1" elasticityCoef="1" ang="90,0,0" color="0,220,0" radius="0.5" length="4" />
		<capsule pos="28.75,38.5,-27.599999999999998" vel="0,0,0" mass="1" elasticityCoef="1" ang="90,0,0" color="0,220,0" radius="0.5" length="4" />
		<capsule pos="28.75,38.5,-25.299999999999997" vel="0,0,0" mass="1" elasticityCoef="1" ang="90,0,0" color="0,220,0" radius="0.5" length="4" />
		<capsule pos="28.75,38.5,-22.999999999999996" vel="0,0,0" mass="1" elasticityCoef="1" ang="90,0,0" color="0,220,0" radius="0.5" length="4" />
		<capsule pos="28.75,38.5,-20.699999999999996" vel="0,0,0" mass="1" elasticityCoef="1" ang="90,0,0" color="0,220,0" radius="0.5" length="4" />
		<capsule pos="28.75,38.5,-18.4" vel="0,0,0" mass="1" elasticityCoef="1" ang="90,0,0" color="0,220,0" radius="0.5" length="4" />
		<capsule pos="28.75,38.5,-16.099999999999998" vel="0,0,0" mass="1" elasticityCoef="1" ang="90,0,0" color="0,220,0" radius="0.5" length="4" />
		<capsule pos="28.75,38.5,-13.799999999999997" vel="0,0,0" mass="1" elasticityCoef="1" ang="90,0,0" color="0,220,0" radius="0.5" length="4" />
		<capsule pos="28.75,38.5,-11.5" vel="0,0,0" mass="1" elasticityCoef="1" ang="90,0,0" color="0,220,0" radius="0.5" length="4" />
		<capsule pos="28.75,38.5,-9.199999999999996" vel="0,0,0" mass="1" elasticityCoef="1" ang="90,0,0" color="0,220,0" radius="0.5" length="4" />
		<capsule pos="28.75,38.5,-6.899999999999999" vel="0,0,0" mass="1" elasticityCoef="1" ang="90,0,0" color="0,220,0" radius="0.5" length="4" />
		<capsule pos="28.75,38.5,-4.600000000000001" vel="0,0,0" mass="1" elasticityCoef="1" ang="90,0,0" color="0,220,0" radius="0.5" length="4" />
		<capsule pos="28.75,38.5,-2.299999999999997" vel="0,0,0" mass="1" elasticityCoef="1" ang="90,0,0" color="0,220,0" radius="0.5" length="4" />
		<capsule pos="28.75,38.5,0.0" vel="0,0,0" mass="1" elasticityCoef="1" ang="90,0,0" color="0,220,0" radius="0.5" length="4" />
		<capsule pos="28.75,38.5,2.3000000000000043" vel="0,0,0" mass="1" elasticityCoef="1" ang="90,0,0" color="0,220,0" radius="0.5" length="4" />
		<capsule pos="28.75,38.5,4.600000000000001" vel="0,0,0" mass="1" elasticityCoef="1" ang="90,0,0" color="0,220,0" radius="0.5" length="4" />
		<capsule pos="28.75,38.5,6.899999999999999" vel="0,0,0" mass="1" elasticityCoef="1" ang="90,0,0" color="0,220,0" radius="0.5" length="4" />
		<capsule pos="28.75,38.5,9.200000000000003" vel="0,0,0" mass="1" elasticityCoef="1" ang="90,0,0" color="0,220,0" radius="0.5" length="4" />
		<capsule pos="28.75,38.5,11.5" vel="0,0,0" mass="1" elasticityCoef="1" ang="90,0,0" color="0,220,0" radius="0.5" length="4" />
		<capsule pos="28.75,38.5,13.799999999999997" vel="0,0,0" mass="1" elasticityCoef="1" ang="90,0,0" color="0,220,0" radius="0.5" length="4" />
		<capsule pos="28.75,38.5,16.1" vel="0,0,0" mass="1" elasticityCoef="1" ang="90,0,0" color="0,220,0" radius="0.5" length="4" />
		<capsule pos="28.75,38.5,18.4" vel="0,0,0" mass="1" elasticityCoef="1" ang="90,0,0" color="0,220,0" radius="0.5" length="4" />
		<capsule pos="28.75,38.5,20.699999999999996" vel="0,0,0" mass="1" elasticityCoef="1" ang="90,0,0" color="0,220,0" radius="0.5" length="4" />
		<capsule pos="28.75,38.5,22.999999999999993" vel="0,0,0" mass="1" elasticityCoef="1" ang="90,0,0" color="0,220,0" radius="0.5" length="4" />
		<capsule pos="28.75,38.5,25.300000000000004" vel="0,0,0" mass="1" elasticityCoef="1" ang="90,0,0" color="0,220,0" radius="0.5" length="4" />
		<capsule pos="28.75,38.5,27.6" vel="0,0,0" mass="1" elasticityCoef="1" ang="90,0,0" color="0,220,0" radius="0.5" length="4" />
		<capsule pos="28.75,38.5,29.9" vel="0,0,0" mass="1" elasticityCoef="1" ang="90,0,0" color="0,220,0" radius="0.5" length="4" />
		<capsule pos="28.75,38.5,32.199999999999996" vel="0,0,0" mass="1" elasticityCoef="1" ang="90,0,0" color="0,220,0" radius="0.5" length="4" />
		<capsule pos="28.75,38.5,34.49999999999999" vel="0,0,0" mass="1" elasticityCoef="1" ang="90,0,0" color="0,220,0" radius="0.5" length="4" />
		<capsule pos="28.75,38.5,36.800000000000004" vel="0,0,0" mass="1" elasticityCoef="1" ang="90,0,0" color="0,220,0" radius="0.5" length="4" />
		<capsule pos="28.75,38.5,39.1" vel="0,0,0" mass="1" elasticityCoef="1" ang="90,0,0" color="0,220,0" radius="0.5" length="4" />
		<capsule pos="28.75,38.5,41.4" vel="0,0,0" mass="1" elasticityCoef="1" ang="90,0,0" color="0,220,0" radius="0.5" length="4" />
		<capsule pos="28.75,44.0,-43.699999999999996" vel="0,0,0" mass="1" elasticityCoef="1" ang="90,0,0" color="0,220,0" radius="0.5" length="4" />
		<capsule pos="28.75,44.0,-41.4" vel="0,0,0" mass="1" elasticityCoef="1" ang="90,0,0" color="0,220,0" radius="0.5" length="4" />
		<capsule pos="28.75,44.0,-39.099999999999994" vel="0,0,0" mass="1" elasticityCoef="1" ang="90,0,0" color="0,220,0" radius="0.5" length="4" />
		<capsule pos="28.75,44.0,-36.8" vel="0,0,0" mass="1" elasticityCoef="1" ang="90,0,0" color="0,220,0" radius="0.5" length="4" />
		<capsule pos="28.75,44.0,-34.5" vel="0,0,0" mass="1" elasticityCoef="1" ang="90,0,0" color="0,220,0" radius="0.5" length="4" />
		<capsule pos="28.75,44.0,-32.199999999999996" vel="0,0,0" mass="1" elasticityCoef="1" ang="90,0,0" color="0,220,0" radius="0.5" length="4" />
		<capsule pos="28.75,44.0,-29.9" vel="0,0,0" mass="1" elasticityCoef="1" ang="90,0,0" color="0,220,0" radius="0.5" length="4" />
		<capsule pos="28.75,44.0,-27.599999999999998" vel="0,0,0" mass="1" elasticityCoef="1" ang="90,0,0" color="0,220,0" radius="0.5" length="4" />
		<capsule pos="28.75,44.0,-25.299999999999997" vel="0,0,0" mass="1" elasticityCoef="1" ang="90,0,0" color="0,220,0" radius="0.5" length="4" />
		<capsule pos="28.75,44.0,-22.999999999999996" vel="0,0,0" mass="1" elasticityCoef="1" ang="90,0,0" color="0,220,0" radius="0.5" length="4" />
		<capsule pos="28.75,44.0,-20.699999999999996" vel="0,0,0" mass="1" elasticityCoef="1" ang="90,0,0" color="0,220,0" radius="0.5" length="4" />
		<capsule pos="28.75,44.0,-18.4" vel="0,0,0" mass="1" elasticityCoef="1" ang="90,0,0" color="0,220,0" radius="0.5" length="4" />
		<capsule pos="28.75,44.0,-16.099999999999998" vel="0,0,0" mass="1" elasticityCoef="1" ang="90,0,0" color="0,220,0" radius="0.5" length="4" />
		<capsule pos="28.75,44.0,-13.799999999999997" vel="0,0,0" mass="1" elasticityCoef="1" ang="90,0,0" color="0,220,0" radius="0.5" length="4" />
		<capsule pos="28.75,44.0,-11.5" vel="0,0,0" mass="1" elasticityCoef="1" ang="90,0,0" color="0,220,0" radius="0.5" length="4" />
		<capsule pos="28.75,44.0,-9.199999999999996" vel="0,0,0" mass="1" elasticityCoef="1" ang="90,0,0" color="0,220,0" radius="0.5" length="4" />
		<capsule pos="28.75,44.0,-6.899999999999999" vel="0,0,0" mass="1" elasticityCoef="1" ang="90,0,0" color="0,220,0" radius="0.5" length="4" />
		<capsule pos="28.75,44.0,-4.600000000000001" vel="0,0,0" mass="1" elasticityCoef="1" ang="90,0,0" color="0,220,0" radius="0.5" length="4" />
		<capsule pos="28.75,44.0,-2.299999999999997" vel="0,0,0" mass="1" elasticityCoef="1" ang="90,0,0" color="0,220,0" radius="0.5" length="4" />
		<capsule pos="28.75,44.0,0.0" vel="0,0,0" mass="1" elasticityCoef="1" ang="90,0,0" color="0,220,0" radius="0.5" length="4" />
		<capsule pos="28.75,44.0,2.3000000000000043" vel="0,0,0" mass="1" elasticityCoef="1" ang="90,0,0" color="0,220,0" radius="0.5" length="4" />
		<capsule pos="28.75,44.0,4.600000000000001" vel="0,0,0" mass="1" elasticityCoef="1" ang="90,0,0" color="0,220,0" radius="0.5" length="4" />
		<capsule pos="28.75,44.0,6.899999999999999" vel="0,0,0" mass="1" elasticityCoef="1" ang="90,0,0" color="0,220,0" radius="0.5" length="4" />
		<capsule pos="28.75,44.0,9.200000000000003" vel="0,0,0" mass="1" elasticityCoef="1" ang="90,0,0" color="0,220,0" radius="0.5" length="4" />
		<capsule pos="28.75,44.0,11.5" vel="0,0,0" mass="1" elasticityCoef="1" ang="90,0,0" color="0,220,0" radius="0.5" length="4" />
		<capsule pos="28.75,44.0,13.799999999999997" vel="0,0,0" mass="1" elasticityCoef="1" ang="90,0,0" color="0,220,0" radius="0.5" length="4" />
		<capsule pos="28.75,44.0,16.1" vel="0,0,0" mass="1" elasticityCoef="1" ang="90,0,0" color="0,220,0" radius="0.5" length="4" />
		<capsule pos="28.75,44.0,18.4" vel="0,0,0" mass="1" elasticityCoef="1" ang="90,0,0" color="0,220,0" radius="0.5" length="4" />
		<capsule pos="28.75,44.0,20.699999999999996" vel="0,0,0" mass="1" elasticityCoef="1" ang="90,0,0" color="0,220,0" radius="0.5" length="4" />
		<capsule pos="28.75,44.0,22.999999999999993" vel="0,0,0" mass="1" elasticityCoef="1" ang="90,0,0" color="0,220,0" radius="0.5" length="4" />
		<capsule pos="28.75,44.0,25.300000000000004" vel="0,0,0" mass="1" elasticityCoef="1" ang="90,0,0" color="0,220,0" radius="0.5" length="4" />
		<capsule pos="28.75,44.0,27.6" vel="0,0,0" mass="1" elasticityCoef="1" ang="90,0,0" color="0,220,0" radius="0.5" length="4" />
		<capsule pos="28.75,44.0,29.9" vel="0,0,0" mass="1" elasticityCoef="1" ang="90,0,0" color="0,220,0" radius="0.5" length="4" />
		<capsule pos="28.75,44.0,32.199999999999996" vel="0,0,0" mass="1" elasticityCoef="1" ang="90,0,0" color="0,220,0" radius="0.5" length="4" />
		<capsule pos="28.75,44.0,34.49999999999999" vel="0,0,0" mass="1" elasticityCoef="1" ang="90,0,0" color="0,220,0" radius="0.5" length="4" />
		<capsule pos="28.75,44.0,36.800000000000004" vel="0,0,0" mass="1" elasticityCoef="1" ang="90,0,0" color="0,220,0" radius="0.5" length="4" />
		<capsule pos="28.75,44.0,39.1" vel="0,0,0" mass="1" elasticityCoef="1" ang="90,0,0" color="0,220,0" radius="0.5" length="4" />
		<capsule pos="28.75,44.0,41.4" vel="0,0,0" mass="1" elasticityCoef="1" ang="90,0,0" color="0,220,0" radius="0.5" length="4" />
		<capsule pos="31.049999999999997,-49.5,-43.699999999999996" vel="0,0,0" mass="1" elasticityCoef="1" ang="90,0,0" color="0,220,0" radius="0.5" length="4" />
		<capsule pos="31.049999999999997,-49.5,-41.4" vel="0,0,0" mass="1" elasticityCoef="1" ang="90,0,0" color="0,220,0" radius="0.5" length="4" />
		<capsule pos="31.049999999999997,-49.5,-39.099999999999994" vel="0,0,0" mass="1" elasticityCoef="1" ang="90,0,0" color="0,220,0" radius="0.5" length="4" />
		<capsule pos="31.049999999999997,-49.5,-36.8" vel="0,0,0" mass="1" elasticityCoef="1" ang="90,0,0" color="0,220,0" radius="0.5" length="4" />
		<capsule pos="31.049999999999997,-49.5,-34.5" vel="0,0,0" mass="1" elasticityCoef="1" ang="90,0,0" color="0,220,0" radius="0.5" length="4" />
		<capsule pos="31.049999999999997,-49.5,-32.199999999999996" vel="0,0,0" mass="1" elasticityCoef="1" ang="90,0,0" color="0,220,0" radius="0.5" length="4" />
		<capsule pos="31.049999999999997,-49.5,-29.9" vel="0,0,0" mass="1" elasticityCoef="1" ang="90,0,0" color="0,220,0" radius="0.5" length="4" />
		<capsule pos="31.049999999999997,-49.5,-27.599999999999998" vel="0,0,0" mass="1" elasticityCoef="1" ang="90,0,0" color="0,220,0" radius="0.5" length="4" />
		<capsule pos="31.049999999999997,-49.5,-25.299999999999997" vel="0,0,0" mass="1" elasticityCoef="1" ang="90,0,0" color="0,220,0" radius="0.5" length="4" />
		<capsule pos="31.049999999999997,-49.5,-22.999999999999996" vel="0,0,0" mass="1" elasticityCoef="1" ang="90,0,0" color="0,220,0" radius="0.5" length="4" />
		<capsule pos="31.049999999999997,-49.5,-20.699999999999996" vel="0,0,0" mass="1" elasticityCoef="1" ang="90,0,0" color="0,220,0" radius="0.5" length="4" />
		<capsule pos="31.049999999999997,-49.5,-18.4" vel="0,0,0" mass="1" elasticityCoef="1" ang="90,0,0" color="0,220,0" radius="0.5" length="4" />
		<capsule pos="31.049999999999997,-49.5,-16.099999999999998" vel="0,0,0" mass="1" elasticityCoef="1" ang="90,0,0" color="0,220,0" radius="0.5" length="4" />
		<capsule pos="31.049999999999997,-49.5,-13.799999999999997" vel="0,0,0" mass="1" elasticityCoef="1" ang="90,0,0" color="0,220,0" radius="0.5" length="4" />
		<capsule pos="31.049999999999997,-49.5,-11.5" vel="0,0,0" mass="1" elasticityCoef="1" ang="90,0,0" color="0,220,0" radius="0.5" length="4" />
		<capsule pos="31.049999999999997,-49.5,-9.199999999999996" vel="0,0,0" mass="1" elasticityCoef="1" ang="90,0,0" color="0,220,0" radius="0.5" length="4" />
		<capsule pos="31.049999999999997,-49.5,-6.899999999999999" vel="0,0,0" mass="1" elasticityCoef="1" ang="90,0,0" color="0,220,0" radius="0.5" length="4" />
		<capsule pos="31.049999999999997,-49.5,-4.600000000000001" vel="0,0,0" mass="1" elasticityCoef="1" ang="90,0,0" color="0,220,0" radius="0.5" length="4" />
		<capsule pos="31.049999999999997,-49.5,-2.299999999999997" vel="0,0,0" mass="1" elasticityCoef="1" ang="90,0,0" color="0,220,0" radius="0.5" length="4" />
		<capsule pos="31.049999999999997,-49.5,0.0" vel="0,0,0" mass="1" elasticityCoef="1" ang="90,0,0" color="0,220,0" radius="0.5" length="4" />
		<capsule pos="31.049999999999997,-49.5,2.3000000000000043" vel="0,0,0" mass="1" elasticityCoef="1" ang="90,0,0" color="0,220,0" radius="0.5" length="4" />
		<capsule pos="31.049999999999997,-49.5,4.600000000000001" vel="0,0,0" mass="1" elasticityCoef="1" ang="90,0,0" color="0,220,0" radius="0.5" length="4" />
		<capsule pos="31.049999999999997,-49.5,6.899999999999999" vel="0,0,0" mass="1" elasticityCoef="1" ang="90,0,0" color="0,220,0" radius="0.5" length="4" />
		<capsule pos="31.049999999999997,-49.5,9.200000000000003" vel="0,0,0" mass="1" elasticityCoef="1" ang="90,0,0" color="0,220,0" radius="0.5" length="4" />
		<capsule pos="31.049999999999997,-49.5,11.5" vel="0,0,0" mass="1" elasticityCoef="1" ang="90,0,0" color="0,220,0" radius="0.5" length="4" />
		<capsule pos="31.049999999999997,-49.5,13.799999999999997" vel="0,0,0" mass="1" elasticityCoef="1" ang="90,0,0" color="0,220,0" radius="0.5" length="4" />
		<capsule pos="31.049999999999997,-49.5,16.1" vel="0,0,0" mass="1" elasticityCoef="1" ang="90,0,0" color="0,220,0" radius="0.5" length="4" />
		<capsule pos="31.049999999999997,-49.5,18.4" vel="0,0,0" mass="1" elasticityCoef="1" ang="90,0,0" color="0,220,0" radius="0.5" length="4" />
		<capsule pos="31.049999999999997,-49.5,20.699999999999996" vel="0,0,0" mass="1" elasticityCoef="1" ang="90,0,0" color="0,220,0" radius="0.5" length="4" />
		<capsule pos="31.049999999999997,-49.5,22.999999999999993" vel="0,0,0" mass="1" elasticityCoef="1" ang="90,0,0" color="0,220,0" radius="0.5" length="4" />
		<capsule pos="31.049999999999997,-49.5,25.300000000000004" vel="0,0,0" mass="1" elasticityCoef="1" ang="90,0,0" color="0,220,0" radius="0.5" length="4" />
		<capsule pos="31.049999999999997,-49.5,27.6" vel="0,0,0" mass="1" elasticityCoef="1" ang="90,0,0" color="0,220,0" radius="0.5" length="4" />
		<capsule pos="31.049999999999997,-49.5,29.9" vel="0,0,0" mass="1" elasticityCoef="1" ang="90,0,0" color="0,220,0" radius="0.5" length="4" />
		<capsule pos="31.049999999999997,-49.5,32.199999999999996" vel="0,0,0" mass="1" elasticityCoef="1" ang="90,0,0" color="0,220,0" radius="0.5" length="4" />
		<capsule pos="31.049999999999997,-49.5,34.49999999999999" vel="0,0,0" mass="1" elasticityCoef="1" ang="90,0,0" color="0,220,0" radius="0.5" length="4" />
		<capsule pos="31.049999999999997,-49.5,36.800000000000004" vel="0,0,0" mass="1" elasticityCoef="1" ang="90,0,0" color="0,220,0" radius="0.5" length="4" />
		<capsule pos="31.049999999999997,-49.5,39.1" vel="0,0,0" mass="1" elasticityCoef="1" ang="90,0,0" color="0,220,0" radius="0.5" length="4" />
		<capsule pos="31.049999999999997,-49.5,41.4" vel="0,0,0" mass="1" elasticityCoef="1" ang="90,0,0" color="0,220,0" radius="0.5" length="4" />
		<capsule pos="31.049999999999997,-44.0,-43.699999999999996" vel="0,0,0" mass="1" elasticityCoef="1" ang="90,0,0" color="0,220,0" radius="0.5" length="4" />
		<capsule pos="31.049999999999997,-44.0,-41.4" vel="0,0,0" mass="1" elasticityCoef="1" ang="90,0,0" color="0,220,0" radius="0.5" length="4" />
		<capsule pos="31.049999999999997,-44.0,-39.099999999999994" vel="0,0,0" mass="1" elasticityCoef="1" ang="90,0,0" color="0,220,0" radius="0.5" length="4" />
		<capsule pos="31.049999999999997,-44.0,-36.8" vel="0,0,0" mass="1" elasticityCoef="1" ang="90,0,0" color="0,220,0" radius="0.5" length="4" />
		<capsule pos="31.049999999999997,-44.0,-34.5" vel="0,0,0" mass="1" elasticityCoef="1" ang="90,0,0" color="0,220,0" radius="0.5" length="4" />
		<capsule pos="31.049999999999997,-44.0,-32.199999999999996" vel="0,0,0" mass="1" elasticityCoef="1" ang="90,0,0" color="0,220,0" radius="0.5" length="4" />
		<capsule pos="31.049999999999997,-44.0,-29.9" vel="0,0,0" mass="1" elasticityCoef="1" ang="90,0,0" color="0,220,0" radius="0.5" length="4" />
		<capsule pos="31.049999999999997,-44.0,-27.599999999999998" vel="0,0,0" mass="1" elasticityCoef="1" ang="90,0,0" color="0,220,0" radius="0.5" length="4" />
		<capsule pos="31.049999999999997,-44.0,-25.299999999999997" vel="0,0,0" mass="1" elasticityCoef="1" ang="90,0,0" color="0,220,0" radius="0.5" length="4" />
		<capsule pos="31.049999999999997,-44.0,-22.999999999999996" vel="0,0,0" mass="1" elasticityCoef="1" ang="90,0,0" color="0,220,0" radius="0.5" length="4" />
		<capsule pos="31.049999999999997,-44.0,-20.699999999999996" vel="0,0,0" mass="1" elasticityCoef="1" ang="90,0,0" color="0,220,0" radius="0.5" length="4" />
		<capsule pos="31.049999999999997,-44.0,-18.4" vel="0,0,0" mass="1" elasticityCoef="1" ang="90,0,0" color="0,220,0" radius="0.5" length="4" />
		<capsule pos="31.049999999999997,-44.0,-16.099999999999998" vel="0,0,0" mass="1" elasticityCoef="1" ang="90,0,0" color="0,220,0" radius="0.5" length="4" />
		<capsule pos="31.049999999999997,-44.0,-13.799999999999997" vel="0,0,0" mass="1" elasticityCoef="1" ang="90,0,0" color="0,220,0" radius="0.5" length="4" />
		<capsule pos="31.049999999999997,-44.0,-11.5" vel="0,0,0" mass="1" elasticityCoef="1" ang="90,0,0" color="0,220,0" radius="0.5" length="4" />
		<capsule pos="31.049999999999997,-44.0,-9.199999999999996" vel="0,0,0" mass="1" elasticityCoef="1" ang="90,0,0" color="0,220,0" radius="0.5" length="4" />
		<capsule pos="31.049999999999997,-44.0,-6.899999999999999" vel="0,0,0" mass="1" elasticityCoef="1" ang="90,0,0" color="0,220,0" radius="0.5" length="4" />
		<capsule pos="31.049999999999997,-44.0,-4.600000000000001" vel="0,0,0" mass="1" elasticityCoef="1" ang="90,0,0" color="0,220,0" radius="0.5" length="4" />
		<capsule pos="31.049999999999997,-44.0,-2.299999999999997" vel="0,0,0" mass="1" elasticityCoef="1" ang="90,0,0" color="0,220,0" radius="0.5" length="4" />
		<capsule pos="31.049999999999997,-44.0,0.0" vel="0,0,0" mass="1" elasticityCoef="1" ang="90,0,0" color="0,220,0" radius="0.5" length="4" />
		<capsule pos="31.049999999999997,-44.0,2.3000000000000043" vel="0,0,0" mass="1" elasticityCoef="1" ang="90,0,0" color="0,220,0" radius="0.5" length="4" />
		<capsule pos="31.049999999999997,-44.0,4.600000000000001" vel="0,0,0" mass="1" elasticityCoef="1" ang="90,0,0" color="0,220,0" radius="0.5" length="4" />
		<capsule pos="31.049999999999997,-44.0,6.899999999999999" vel="0,0,0" mass="1" elasticityCoef="1" ang="90,0,0" color="0,220,0" radius="0.5" length="4" />
		<capsule pos="31.049999999999997,-44.0,9.200000000000003" vel="0,0,0" mass="1" elasticityCoef="1" ang="90,0,0" color="0,220,0" radius="0.5" length="4" />
		<capsule pos="31.049999999999997,-44.0,11.5" vel="0,0,0" mass="1" elasticityCoef="1" ang="90,0,0" color="0,220,0" radius="0.5" length="4" />
		<capsule pos="31.049999999999997,-44.0,13.799999999999997" vel="0,0,0" mass="1" elasticityCoef="1" ang="90,0,0" color="0,220,0" radius="0.5" length="4" />
		<capsule pos="31.049999999999997,-44.0,16.1" vel="0,0,0" mass="1" elasticityCoef="1" ang="90,0,0" color="0,220,0" radius="0.5" length="4" />
		<capsule pos="31.049999999999997,-44.0,18.4" vel="0,0,0" mass="1" elasticityCoef="1" ang="90,0,0" color="0,220,0" radius="0.5" length="4" />
		<capsule pos="31.049999999999997,-44.0,20.699999999999996" vel="0,0,0" mass="1" elasticityCoef="1" ang="90,0,0" color="0,220,0" radius="0.5" length="4" />
		<capsule pos="31.049999999999997,-44.0,22.999999999999993" vel="0,0,0" mass="1" elasticityCoef="1" ang="90,0,0" color="0,220,0" radius="0.5" length="4" />
		<capsule pos="31.049999999999997,-44.0,25.300000000000004" vel="0,0,0" mass="1" elasticityCoef="1" ang="90,0,0" color="0,220,0" radius="0.5" length="4" />
		<capsule pos="31.049999999999997,-44.0,27.6" vel="0,0,0" mass="1" elasticityCoef="1" ang="90,0,0" color="0,220,0" radius="0.5" length="4" />
		<capsule pos="31.049999999999997,-44.0,29.9" vel="0,0,0" mass="1" elasticityCoef="1" ang="90,0,0" color="0,220,0" radius="0.5" length="4" />
		<capsule pos="31.049999999999997,-44.0,32.199999999999996" vel="0,0,0" mass="1" elasticityCoef="1" ang="90,0,0" color="0,220,0" radius="0.5" length="4" />
		<capsule pos="31.049999999999997,-44.0,34.49999999999999" vel="0,0,0" mass="1" elasticityCoef="1" ang="90,0,0" color="0,220,0" radius="0.5" length="4" />
		<capsule pos="31.049999999999997,-44.0,36.800000000000004" vel="0,0,0" mass="1" elasticityCoef="1" ang="90,0,0" color="0,220,0" radius="0.5" length="4" />
		<capsule pos="31.049999999999997,-44.0,39.1" vel="0,0,0" mass="1" elasticityCoef="1" ang="90,0,0" color="0,220,0" radius="0.5" length="4" />
		<capsule pos="31.049999999999997,-44.0,41.4" vel="0,0,0" mass="1" elasticityCoef="1" ang="90,0,0" color="0,220,0" radius="0.5" length="4" />
		<capsule pos="31.049999999999997,-38.5,-43.699999999999996" vel="0,0,0" mass="1" elasticityCoef="1" ang="90,0,0" color="0,220,0" radius="0.5" length="4" />
		<capsule pos="31.049999999999997,-38.5,-41.4" vel="0,0,0" mass="1" elasticityCoef="1" ang="90,0,0" color="0,220,0" radius="0.5" length="4" />
		<capsule pos="31.049999999999997,-38.5,-39.099999999999994" vel="0,0,0" mass="1" elasticityCoef="1" ang="90,0,0" color="0,220,0" radius="0.5" length="4" />
		<capsule pos="31.049999999999997,-38.5,-36.8" vel="0,0,0" mass="1" elasticityCoef="1" ang="90,0,0" color="0,220,0" radius="0.5" length="4" />
		<capsule pos="31.049999999999997,-38.5,-34.5" vel="0,0,0" mass="1" elasticityCoef="1" ang="90,0,0" color="0,220,0" radius="0.5" length="4" />
		<capsule pos="31.049999999999997,-38.5,-32.199999999999996" vel="0,0,0" mass="1" elasticityCoef="1" ang="90,0,0" color="0,220,0" radius="0.5" length="4" />
		<capsule pos="31.049999999999997,-38.5,-29.9" vel="0,0,0" mass="1" elasticityCoef="1" ang="90,0,0" color="0,220,0" radius="0.5" length="4" />
		<capsule pos="31.049999999999997,-38.5,-27.599999999999998" vel="0,0,0" mass="1" elasticityCoef="1" ang="90,0,0" color="0,220,0" radius="0.5" length="4" />
		<capsule pos="31.049999999999997,-38.5,-25.299999999999997" vel="0,0,0" mass="1" elasticityCoef="1" ang="90,0,0" color="0,220,0" radius="0.5" length="4" />
		<capsule pos="31.049999999999997,-38.5,-22.999999999999996" vel="0,0,0" mass="1" elasticityCoef="1" ang="90,0,0" color="0,220,0" radius="0.5" length="4" />
		<capsule pos="31.049999999999997,-38.5,-20.699999999999996" vel="0,0,0" mass="1" elasticityCoef="1" ang="90,0,0" color="0,220,0" radius="0.5" length="4" />
		<capsule pos="31.049999999999997,-38.5,-18.4" vel="0,0,0" mass="1" elasticityCoef="1" ang="90,0,0" color="0,220,0" radius="0.5" length="4" />
		<capsule pos="31.049999999999997,-38.5,-16.099999999999998" vel="0,0,0" mass="1" elasticityCoef="1" ang="90,0,0" color="0,220,0" radius="0.5" length="4" />
		<capsule pos="31.049999999999997,-38.5,-13.799999999999997" vel="0,0,0" mass="1" elasticityCoef="1" ang="90,0,0" color="0,220,0" radius="0.5" length="4" />
		<capsule pos="31.049999999999997,-38.5,-11.5" vel="0,0,0" mass="1" elasticityCoef="1" ang="90,0,0" color="0,220,0" radius="0.5" length="4" />
		<capsule pos="31.049999999999997,-38.5,-9.199999999999996" vel="0,0,0" mass="1" elasticityCoef="1" ang="90,0,0" color="0,220,0" radius="0.5" length="4" />
		<capsule pos="31.049999999999997,-38.5,-6.899999999999999" vel="0,0,0" mass="1" elasticityCoef="1" ang="90,0,0" color="0,220,0" radius="0.5" length="4" />
		<capsule pos="31.049999999999997,-38.5,-4.600000000000001" vel="0,0,0" mass="1" elasticityCoef="1" ang="90,0,0" color="0,220,0" radius="0.5" length="4" />
		<capsule pos="31.049999999999997,-38.5,-2.299999999999997" vel="0,0,0" mass="1" elasticityCoef="1" ang="90,0,0" color="0,220,0" radius="0.5" length="4" />
		<capsule pos="31.049999999999997,-38.5,0.0" vel="0,0,0" mass="1" elasticityCoef="1" ang="90,0,0" color="0,220,0" radius="0.5" length="4" />
		<capsule pos="31.049999999999997,-38.5,2.3000000000000043" vel="0,0,0" mass="1" elasticityCoef="1" ang="90,0,0" color="0,220,0" radius="0.5" length="4" />
		<capsule pos="31.049999999999997,-38.5,4.600000000000001" vel="0,0,0" mass="1" elasticityCoef="1" ang="90,0,0" color="0,220,0" radius="0.5" length="4" />
		<capsule pos="31.049999999999997,-38.5,6.899999999999999" vel="0,0,0" mass="1" elasticityCoef="1" ang="90,0,0" color="0,220,0" radius="0.5" length="4" />
		<capsule pos="31.049999999999997,-38.5,9.200000000000003" vel="0,0,0" mass="1" elasticityCoef="1" ang="90,0,0" color="0,220,0" radius="0.5" length="4" />
		<capsule pos="31.049999999999997,-38.5,11.5" vel="0,0,0" mass="1" elasticityCoef="1" ang="90,0,0" color="0,220,0" radius="0.5" length="4" />
		<capsule pos="31.049999999999997,-38.5,13.799999999999997" vel="0,0,0" mass="1" elasticityCoef="1" ang="90,0,0" color="0,220,0" radius="0.5" length="4" />
		<capsule pos="31.049999999999997,-38.5,16.1" vel="0,0,0" mass="1" elasticityCoef="1" ang="90,0,0" color="0,220,0" radius="0.5" length="4" />
		<capsule pos="31.049999999999997,-38.5,18.4" vel="0,0,0" mass="1" elasticityCoef="1" ang="90,0,0" color="0,220,0" radius="0.5" length="4" />
		<capsule pos="31.049999999999997,-38.5,20.699999999999996" vel="0,0,0" mass="1" elasticityCoef="1" ang="90,0,0" color="0,220,0" radius="0.5" length="4" />
		<capsule pos="31.049999999999997,-38.5,22.999999999999993" vel="0,0,0" mass="1" elasticityCoef="1" ang="90,0,0" color="0,220,0" radius="0.5" length="4" />
		<capsule pos="31.049999999999997,-38.5,25.300000000000004" vel="0,0,0" mass="1" elasticityCoef="1" ang="90,0,0" color="0,220,0" radius="0.5" length="4" />
		<capsule pos="31.049999999999997,-38.5,27.6" vel="0,0,0" mass="1" elasticityCoef="1" ang="90,0,0" color="0,220,0" radius="0.5" length="4" />
		<capsule pos="31.049999999999997,-38.5,29.9" vel="0,0,0" mass="1" elasticityCoef="1" ang="90,0,0" color="0,220,0" radius="0.5" length="4" />
		<capsule pos="31.049999999999997,-38.5,32.199999999999996" vel="0,0,0" mass="1" elasticityCoef="1" ang="90,0,0" color="0,220,0" radius="0.5" length="4" />
		<capsule pos="31.049999999999997,-38.5,34.49999999999999" vel="0,0,0" mass="1" elasticityCoef="1" ang="90,0,0" color="0,220,0" radius="0.5" length="4" />
		<capsule pos="31.049999999999997,-38.5,36.800000000000004" vel="0,0,0" mass="1" elasticityCoef="1" ang="90,0,0" color="0,220,0" radius="0.5" length="4" />
		<capsule pos="31.049999999999997,-38.5,39.1" vel="0,0,0" mass="1" elasticityCoef="1" ang="90,0,0" color="0,220,0" radius="0.5" length="4" />
		<capsule pos="31.049999999999997,-38.5,41.4" vel="0,0,0" mass="1" elasticityCoef="1" ang="90,0,0" color="0,220,0" radius="0.5" length="4" />
		<capsule pos="31.049999999999997,-33.0,-43.699999999999996" vel="0,0,0" mass="1" elasticityCoef="1" ang="90,0,0" color="0,220,0" radius="0.5" length="4" />
		<capsule pos="31.049999999999997,-33.0,-41.4" vel="0,0,0" mass="1" elasticityCoef="1" ang="90,0,0" color="0,220,0" radius="0.5" length="4" />
		<capsule pos="31.049999999999997,-33.0,-39.099999999999994" vel="0,0,0" mass="1" elasticityCoef="1" ang="90,0,0" color="0,220,0" radius="0.5" length="4" />
		<capsule pos="31.049999999999997,-33.0,-36.8" vel="0,0,0" mass="1" elasticityCoef="1" ang="90,0,0" color="0,220,0" radius="0.5" length="4" />
		<capsule pos="31.049999999999997,-33.0,-34.5" vel="0,0,0" mass="1" elasticityCoef="1" ang="90,0,0" color="0,220,0" radius="0.5" length="4" />
		<capsule pos="31.049999999999997,-33.0,-32.199999999999996" vel="0,0,0" mass="1" elasticityCoef="1" ang="90,0,0" color="0,220,0" radius="0.5" length="4" />
		<capsule pos="31.049999999999997,-33.0,-29.9" vel="0,0,0" mass="1" elasticityCoef="1" ang="90,0,0" color="0,220,0" radius="0.5" length="4" />
		<capsule pos="31.049999999999997,-33.0,-27.599999999999998" vel="0,0,0" mass="1" elasticityCoef="1" ang="90,0,0" color="0,220,0" radius="0.5" length="4" />
		<capsule pos="31.049999999999997,-33.0,-25.299999999999997" vel="0,0,0" mass="1" elasticityCoef="1" ang="90,0,0" color="0,220,0" radius="0.5" length="4" />
		<capsule pos="31.049999999999997,-33.0,-22.999999999999996" vel="0,0,0" mass="1" elasticityCoef="1" ang="90,0,0" color="0,220,0" radius="0.5" length="4" />
		<capsule pos="31.049999999999997,-33.0,-20.699999999999996" vel="0,0,0" mass="1" elasticityCoef="1" ang="90,0,0" color="0,220,0" radius="0.5" length="4" />
		<capsule pos="31.049999999999997,-33.0,-18.4" vel="0,0,0" mass="1" elasticityCoef="1" ang="90,0,0" color="0,220,0" radius="0.5" length="4" />
		<capsule pos="31.049999999999997,-33.0,-16.099999999999998" vel="0,0,0" mass="1" elasticityCoef="1" ang="90,0,0" color="0,220,0" radius="0.5" length="4" />
		<capsule pos="31.049999999999997,-33.0,-13.799999999999997" vel="0,0,0" mass="1" elasticityCoef="1" ang="90,0,0" color="0,220,0" radius="0.5" length="4" />
		<capsule pos="31.049999999999997,-33.0,-11.5" vel="0,0,0" mass="1" elasticityCoef="1" ang="90,0,0" color="0,220,0" radius="0.5" length="4" />
		<capsule pos="31.049999999999997,-33.0,-9.199999999999996" vel="0,0,0" mass="1" elasticityCoef="1" ang="90,0,0" color="0,220,0" radius="0.5" length="4" />
		<capsule pos="31.049999999999997,-33.0,-6.899999999999999" vel="0,0,0" mass="1" elasticityCoef="1" ang="90,0,0" color="0,220,0" radius="0.5" length="4" />
		<capsule pos="31.049999999999997,-33.0,-4.600000000000001" vel="0,0,0" mass="1" elasticityCoef="1" ang="90,0,0" color="0,220,0" radius="0.5" length="4" />
		<capsule pos="31.049999999999997,-33.0,-2.299999999999997" vel="0,0,0" mass="1" elasticityCoef="1" ang="90,0,0" color="0,220,0" radius="0.5" length="4" />
		<capsule pos="31.049999999999997,-33.0,0.0" vel="0,0,0" mass="1" elasticityCoef="1" ang="90,0,0" color="0,220,0" radius="0.5" length="4" />
		<capsule pos="31.049999999999997,-33.0,2.3000000000000043" vel="0,0,0" mass="1" elasticityCoef="1" ang="90,0,0" color="0,220,0" radius="0.5" length="4" />
		<capsule pos="31.049999999999997,-33.0,4.600000000000001" vel="0,0,0" mass="1" elasticityCoef="1" ang="90,0,0" color="0,220,0" radius="0.5" length="4" />
		<capsule pos="31.049999999999997,-33.0,6.899999999999999" vel="0,0,0" mass="1" elasticityCoef="1" ang="90,0,0" color="0,220,0" radius="0.5" length="4" />
		<capsule pos="31.049999999999997,-33.0,9.200000000000003" vel="0,0,0" mass="1" elasticityCoef="1" ang="90,0,0" color="0,220,0" radius="0.5" length="4" />
		<capsule pos="31.049999999999997,-33.0,11.5" vel="0,0,0" mass="1" elasticityCoef="1" ang="90,0,0" color="0,220,0" radius="0.5" length="4" />
		<capsule pos="31.049999999999997,-33.0,13.799999999999997" vel="0,0,0" mass="1" elasticityCoef="1" ang="90,0,0" color="0,220,0" radius="0.5" length="4" />
		<capsule pos="31.049999999999997,-33.0,16.1" vel="0,0,0" mass="1" elasticityCoef="1" ang="90,0,0" color="0,220,0" radius="0.5" length="4" />
		<capsule pos="31.049999999999997,-33.0,18.4" vel="0,0,0" mass="1" elasticityCoef="1" ang="90,0,0" color="0,220,0" radius="0.5" length="4" />
		<capsule pos="31.049999999999997,-33.0,20.699999999999996" vel="0,0,0" mass="1" elasticityCoef="1" ang="90,0,0" color="0,220,0" radius="0.5" length="4" />
		<capsule pos="31.049999999999997,-33.0,22.999999999999993" vel="0,0,0" mass="1" elasticityCoef="1" ang="90,0,0" color="0,220,0" radius="0.5" length="4" />
		<capsule pos="31.049999999999997,-33.0,25.300000000000004" vel="0,0,0" mass="1" elasticityCoef="1" ang="90,0,0" color="0,220,0" radius="0.5" length="4" />
		<capsule pos="31.049999999999997,-33.0,27.6" vel="0,0,0" mass="1" elasticityCoef="1" ang="90,0,0" color="0,220,0" radius="0.5" length="4" />
		<capsule pos="31.049999999999997,-33.0,29.9" vel="0,0,0" mass="1" elasticityCoef="1" ang="90,0,0" color="0,220,0" radius="0.5" length="4" />
		<capsule pos="31.049999999999997,-33.0,32.199999999999996" vel="0,0,0" mass="1" elasticityCoef="1" ang="90,0,0" color="0,220,0" radius="0.5" length="4" />
		<capsule pos="31.049999999999997,-33.0,34.49999999999999" vel="0,0,0" mass="1" elasticityCoef="1" ang="90,0,0" color="0,220,0" radius="0.5" length="4" />
		<capsule pos="31.049999999999997,-33.0,36.800000000000004" vel="0,0,0" mass="1" elasticityCoef="1" ang="90,0,0" color="0,220,0" radius="0.5" length="4" />
		<capsule pos="31.049999999999997,-33.0,39.1" vel="0,0,0" mass="1" elasticityCoef="1" ang="90,0,0" color="0,220,0" radius="0.5" length="4" />
		<capsule pos="31.049999999999997,-33.0,41.4" vel="0,0,0" mass="1" elasticityCoef="1" ang="90,0,0" color="0,220,0" radius="0.5" length="4" />
		<capsule pos="31.049999999999997,-27.5,-43.699999999999996" vel="0,0,0" mass="1" elasticityCoef="1" ang="90,0,0" color="0,220,0" radius="0.5" length="4" />
		<capsule pos="31.049999999999997,-27.5,-41.4" vel="0,0,0" mass="1" elasticityCoef="1" ang="90,0,0" color="0,220,0" radius="0.5" length="4" />
		<capsule pos="31.049999999999997,-27.5,-39.099999999999994" vel="0,0,0" mass="1" elasticityCoef="1" ang="90,0,0" color="0,220,0" radius="0.5" length="4" />
		<capsule pos="31.049999999999997,-27.5,-36.8" vel="0,0,0" mass="1" elasticityCoef="1" ang="90,0,0" color="0,220,0" radius="0.5" length="4" />
		<capsule pos="31.049999999999997,-27.5,-34.5" vel="0,0,0" mass="1" elasticityCoef="1" ang="90,0,0" color="0,220,0" radius="0.5" length="4" />
		<capsule pos="31.049999999999997,-27.5,-32.199999999999996" vel="0,0,0" mass="1" elasticityCoef="1" ang="90,0,0" color="0,220,0" radius="0.5" length="4" />
		<capsule pos="31.049999999999997,-27.5,-29.9" vel="0,0,0" mass="1" elasticityCoef="1" ang="90,0,0" color="0,220,0" radius="0.5" length="4" />
		<capsule pos="31.049999999999997,-27.5,-27.599999999999998" vel="0,0,0" mass="1" elasticityCoef="1" ang="90,0,0" color="0,220,0" radius="0.5" length="4" />
		<capsule pos="31.049999999999997,-27.5,-25.299999999999997" vel="0,0,0" mass="1" elasticityCoef="1" ang="90,0,0" color="0,220,0" radius="0.5" length="4" />
		<capsule pos="31.049999999999997,-27.5,-22.999999999999996" vel="0,0,0" mass="1" elasticityCoef="1" ang="90,0,0" color="0,220,0" radius="0.5" length="4" />
		<capsule pos="31.049999999999997,-27.5,-20.699999999999996" vel="0,0,0" mass="1" elasticityCoef="1" ang="90,0,0" color="0,220,0" radius="0.5" length="4" />
		<capsule pos="31.049999999999997,-27.5,-18.4" vel="0,0,0" mass="1" elasticityCoef="1" ang="90,0,0" color="0,220,0" radius="0.5" length="4" />
		<capsule pos="31.049999999999997,-27.5,-16.099999999999998" vel="0,0,0" mass="1" elasticityCoef="1" ang="90,0,0" color="0,220,0" radius="0.5" length="4" />
		<capsule pos="31.049999999999997,-27.5,-13.799999999999997" vel="0,0,0" mass="1" elasticityCoef="1" ang="90,0,0" color="0,220,0" radius="0.5" length="4" />
		<capsule pos="31.049999999999997,-27.5,-11.5" vel="0,0,0" mass="1" elasticityCoef="1" ang="90,0,0" color="0,220,0" radius="0.5" length="4" />
		<capsule pos="31.049999999999997,-27.5,-9.199999999999996" vel="0,0,0" mass="1" elasticityCoef="1" ang="90,0,0" color="0,220,0" radius="0.5" length="4" />
		<capsule pos="31.049999999999997,-27.5,-6.899999999999999" vel="0,0,0" mass="1" elasticityCoef="1" ang="90,0,0" color="0,220,0" radius="0.5" length="4" />
		<capsule pos="31.049999999999997,-27.5,-4.600000000000001" vel="0,0,0" mass="1" elasticityCoef="1" ang="90,0,0" color="0,220,0" radius="0.5" length="4" />
		<capsule pos="31.049999999999997,-27.5,-2.299999999999997" vel="0,0,0" mass="1" elasticityCoef="1" ang="90,0,0" color="0,220,0" radius="0.5" length="4" />
		<capsule pos="31.049999999999997,-27.5,0.0" vel="0,0,0" mass="1" elasticityCoef="1" ang="90,0,0" color="0,220,0" radius="0.5" length="4" />
		<capsule pos="31.049999999999997,-27.5,2.3000000000000043" vel="0,0,0" mass="1" elasticityCoef="1" ang="90,0,0" color="0,220,0" radius="0.5" length="4" />
		<capsule pos="31.049999999999997,-27.5,4.600000000000001" vel="0,0,0" mass="1" elasticityCoef="1" ang="90,0,0" color="0,220,0" radius="0.5" length="4" />
		<capsule pos="31.049999999999997,-27.5,6.899999999999999" vel="0,0,0" mass="1" elasticityCoef="1" ang="90,0,0" color="0,220,0" radius="0.5" length="4" />
		<capsule pos="31.049999999999997,-27.5,9.200000000000003" vel="0,0,0" mass="1" elasticityCoef="1" ang="90,0,0" color="0,220,0" radius="0.5" length="4" />
		<capsule pos="31.049999999999997,-27.5,11.5" vel="0,0,0" mass="1" elasticityCoef="1" ang="90,0,0" color="0,220,0" radius="0.5" length="4" />
		<capsule pos="31.049999999999997,-27.5,13.799999999999997" vel="0,0,0" mass="1" elasticityCoef="1" ang="90,0,0" color="0,220,0" radius="0.5" length="4" />
		<capsule pos="31.049999999999997,-27.5,16.1" vel="0,0,0" mass="1" elasticityCoef="1" ang="90,0,0" color="0,220,0" radius="0.5" length="4" />
		<capsule pos="31.049999999999997,-27.5,18.4" vel="0,0,0" mass="1" elasticityCoef="1" ang="90,0,0" color="0,220,0" radius="0.5" length="4" />
		<capsule pos="31.049999999999997,-27.5,20.699999999999996" vel="0,0,0" mass="1" elasticityCoef="1" ang="90,0,0" color="0,220,0" radius="0.5" length="4" />
		<capsule pos="31.049999999999997,-27.5,22.999999999999993" vel="0,0,0" mass="1" elasticityCoef="1" ang="90,0,0" color="0,220,0" radius="0.5" length="4" />
		<capsule pos="31.049999999999997,-27.5,25.300000000000004" vel="0,0,0" mass="1" elasticityCoef="1" ang="90,0,0" color="0,220,0" radius="0.5" length="4" />
		<capsule pos="31.049999999999997,-27.5,27.6" vel="0,0,0" mass="1" elasticityCoef="1" ang="90,0,0" color="0,220,0" radius="0.5" length="4" />
		<capsule pos="31.049999999999997,-27.5,29.9" vel="0,0,0" mass="1" elasticityCoef="1" ang="90,0,0" color="0,220,0" radius="0.5" length="4" />
		<capsule pos="31.049999999999997,-27.5,32.199999999999996" vel="0,0,0" mass="1" elasticityCoef="1" ang="90,0,0" color="0,220,0" radius="0.5" length="4" />
		<capsule pos="31.049999999999997,-27.5,34.49999999999999" vel="0,0,0" mass="1" elasticityCoef="1" ang="90,0,0" color="0,220,0" radius="0.5" length="4" />
		<capsule pos="31.049999999999997,-27.5,36.800000000000004" vel="0,0,0" mass="1" elasticityCoef="1" ang="90,0,0" color="0,220,0" radius="0.5" length="4" />
		<capsule pos="31.049999999999997,-27.5,39.1" vel="0,0,0" mass="1" elasticityCoef="1" ang="90,0,0" color="0,220,0" radius="0.5" length="4" />
		<capsule pos="31.049999999999997,-27.5,41.4" vel="0,0,0" mass="1" elasticityCoef="1" ang="90,0,0" color="0,220,0" radius="0.5" length="4" />
		<capsule pos="31.049999999999997,-22.0,-43.699999999999996" vel="0,0,0" mass="1" elasticityCoef="1" ang="90,0,0" color="0,220,0" radius="0.5" length="4" />
		<capsule pos="31.049999999999997,-22.0,-41.4" vel="0,0,0" mass="1" elasticityCoef="1" ang="90,0,0" color="0,220,0" radius="0.5" length="4" />
		<capsule pos="31.049999999999997,-22.0,-39.099999999999994" vel="0,0,0" mass="1" elasticityCoef="1" ang="90,0,0" color="0,220,0" radius="0.5" length="4" />
		<capsule pos="31.049999999999997,-22.0,-36.8" vel="0,0,0" mass="1" elasticityCoef="1" ang="90,0,0" color="0,220,0" radius="0.5" length="4" />
		<capsule pos="31.049999999999997,-22.0,-34.5" vel="0,0,0" mass="1" elasticityCoef="1" ang="90,0,0" color="0,220,0" radius="0.5" length="4" />
		<capsule pos="31.049999999999997,-22.0,-32.199999999999996" vel="0,0,0" mass="1" elasticityCoef="1" ang="90,0,0" color="0,220,0" radius="0.5" length="4" />
		<capsule pos="31.049999999999997,-22.0,-29.9" vel="0,0,0" mass="1" elasticityCoef="1" ang="90,0,0" color="0,220,0" radius="0.5" length="4" />
		<capsule pos="31.049999999999997,-22.0,-27.599999999999998" vel="0,0,0" mass="1" elasticityCoef="1" ang="90,0,0" color="0,220,0" radius="0.5" length="4" />
		<capsule pos="31.049999999999997,-22.0,-25.299999999999997" vel="0,0,0" mass="1" elasticityCoef="1" ang="90,0,0" color="0,220,0" radius="0.5" length="4" />
		<capsule pos="31.049999999999997,-22.0,-22.999999999999996" vel="0,0,0" mass="1" elasticityCoef="1" ang="90,0,0" color="0,220,0" radius="0.5" length="4" />
		<capsule pos="31.049999999999997,-22.0,-20.699999999999996" vel="0,0,0" mass="1" elasticityCoef="1" ang="90,0,0" color="0,220,0" radius="0.5" length="4" />
		<capsule pos="31.049999999999997,-22.0,-18.4" vel="0,0,0" mass="1" elasticityCoef="1" ang="90,0,0" color="0,220,0" radius="0.5" length="4" />
		<capsule pos="31.049999999999997,-22.0,-16.099999999999998" vel="0,0,0" mass="1" elasticityCoef="1" ang="90,0,0" color="0,220,0" radius="0.5" length="4" />
		<capsule pos="31.049999999999997,-22.0,-13.799999999999997" vel="0,0,0" mass="1" elasticityCoef="1" ang="90,0,0" color="0,220,0" radius="0.5" length="4" />
		<capsule pos="31.049999999999997,-22.0,-11.5" vel="0,0,0" mass="1" elasticityCoef="1" ang="90,0,0" color="0,220,0" radius="0.5" length="4" />
		<capsule pos="31.049999999999997,-22.0,-9.199999999999996" vel="0,0,0" mass="1" elasticityCoef="1" ang="90,0,0" color="0,220,0" radius="0.5" length="4" />
		<capsule pos="31.049999999999997,-22.0,-6.899999999999999" vel="0,0,0" mass="1" elasticityCoef="1" ang="90,0,0" color="0,220,0" radius="0.5" length="4" />
		<capsule pos="31.049999999999997,-22.0,-4.600000000000001" vel="0,0,0" mass="1" elasticityCoef="1" ang="90,0,0" color="0,220,0" radius="0.5" length="4" />
		<capsule pos="31.049999999999997,-22.0,-2.299999999999997" vel="0,0,0" mass="1" elasticityCoef="1" ang="90,0,0" color="0,220,0" radius="0.5" length="4" />
		<capsule pos="31.049999999999997,-22.0,0.0" vel="0,0,0" mass="1" elasticityCoef="1" ang="90,0,0" color="0,220,0" radius="0.5" length="4" />
		<capsule pos="31.049999999999997,-22.0,2.3000000000000043" vel="0,0,0" mass="1" elasticityCoef="1" ang="90,0,0" color="0,220,0" radius="0.5" length="4" />
		<capsule pos="31.049999999999997,-22.0,4.600000000000001" vel="0,0,0" mass="1" elasticityCoef="1" ang="90,0,0" color="0,220,0" radius="0.5" length="4" />
		<capsule pos="31.049999999999997,-22.0,6.899999999999999" vel="0,0,0" mass="1" elasticityCoef="1" ang="90,0,0" color="0,220,0" radius="0.5" length="4" />
		<capsule pos="31.049999999999997,-22.0,9.200000000000003" vel="0,0,0" mass="1" elasticityCoef="1" ang="90,0,0" color="0,220,0" radius="0.5" length="4" />
		<capsule pos="31.049999999999997,-22.0,11.5" vel="0,0,0" mass="1" elasticityCoef="1" ang="90,0,0" color="0,220,0" radius="0.5" length="4" />
		<capsule pos="31.049999999999997,-22.0,13.799999999999997" vel="0,0,0" mass="1" elasticityCoef="1" ang="90,0,0" color="0,220,0" radius="0.5" length="4" />
		<capsule pos="31.049999999999997,-22.0,16.1" vel="0,0,0" mass="1" elasticityCoef="1" ang="90,0,0" color="0,220,0" radius="0.5" length="4" />
		<capsule pos="31.049999999999997,-22.0,18.4" vel="0,0,0" mass="1" elasticityCoef="1" ang="90,0,0" color="0,220,0" radius="0.5" length="4" />
		<capsule pos="31.049999999999997,-22.0,20.699999999999996" vel="0,0,0" mass="1" elasticityCoef="1" ang="90,0,0" color="0,220,0" radius="0.5" length="4" />
		<capsule pos="31.049999999999997,-22.0,22.999999999999993" vel="0,0,0" mass="1" elasticityCoef="1" ang="90,0,0" color="0,220,0" radius="0.5" length="4" />
		<capsule pos="31.049999999999997,-22.0,25.300000000000004" vel="0,0,0" mass="1" elasticityCoef="1" ang="90,0,0" color="0,220,0" radius="0.5" length="4" />
		<capsule pos="31.049999999999997,-22.0,27.6" vel="0,0,0" mass="1" elasticityCoef="1" ang="90,0,0" color="0,220,0" radius="0.5" length="4" />
		<capsule pos="31.049999999999997,-22.0,29.9" vel="0,0,0" mass="1" elasticityCoef="1" ang="90,0,0" color="0,220,0" radius="0.5" length="4" />
		<capsule pos="31.049999999999997,-22.0,32.199999999999996" vel="0,0,0" mass="1" elasticityCoef="1" ang="90,0,0" color="0,220,0" radius="0.5" length="4" />
		<capsule pos="31.049999999999997,-22.0,34.49999999999999" vel="0,0,0" mass="1" elasticityCoef="1" ang="90,0,0" color="0,220,0" radius="0.5" length="4" />
		<capsule pos="31.049999999999997,-22.0,36.800000000000004" vel="0,0,0" mass="1" elasticityCoef="1" ang="90,0,0" color="0,220,0" radius="0.5" length="4" />
		<capsule pos="31.049999999999997,-22.0,39.1" vel="0,0,0" mass="1" elasticityCoef="1" ang="90,0,0" color="0,220,0" radius="0.5" length="4" />
		<capsule pos="31.049999999999997,-22.0,41.4" vel="0,0,0" mass="1" elasticityCoef="1" ang="90,0,0" color="0,220,0" radius="0.5" length="4" />
		<capsule pos="31.049999999999997,-16.5,-43.699999999999996" vel="0,0,0" mass="1" elasticityCoef="1" ang="90,0,0" color="0,220,0" radius="0.5" length="4" />
		<capsule pos="31.049999999999997,-16.5,-41.4" vel="0,0,0" mass="1" elasticityCoef="1" ang="90,0,0" color="0,220,0" radius="0.5" length="4" />
		<capsule pos="31.049999999999997,-16.5,-39.099999999999994" vel="0,0,0" mass="1" elasticityCoef="1" ang="90,0,0" color="0,220,0" radius="0.5" length="4" />
		<capsule pos="31.049999999999997,-16.5,-36.8" vel="0,0,0" mass="1" elasticityCoef="1" ang="90,0,0" color="0,220,0" radius="0.5" length="4" />
		<capsule pos="31.049999999999997,-16.5,-34.5" vel="0,0,0" mass="1" elasticityCoef="1" ang="90,0,0" color="0,220,0" radius="0.5" length="4" />
		<capsule pos="31.049999999999997,-16.5,-32.199999999999996" vel="0,0,0" mass="1" elasticityCoef="1" ang="90,0,0" color="0,220,0" radius="0.5" length="4" />
		<capsule pos="31.049999999999997,-16.5,-29.9" vel="0,0,0" mass="1" elasticityCoef="1" ang="90,0,0" color="0,220,0" radius="0.5" length="4" />
		<capsule pos="31.049999999999997,-16.5,-27.599999999999998" vel="0,0,0" mass="1" elasticityCoef="1" ang="90,0,0" color="0,220,0" radius="0.5" length="4" />
		<capsule pos="31.049999999999997,-16.5,-25.299999999999997" vel="0,0,0" mass="1" elasticityCoef="1" ang="90,0,0" color="0,220,0" radius="0.5" length="4" />
		<capsule pos="31.049999999999997,-16.5,-22.999999999999996" vel="0,0,0" mass="1" elasticityCoef="1" ang="90,0,0" color="0,220,0" radius="0.5" length="4" />
		<capsule pos="31.049999999999997,-16.5,-20.699999999999996" vel="0,0,0" mass="1" elasticityCoef="1" ang="90,0,0" color="0,220,0" radius="0.5" length="4" />
		<capsule pos="31.049999999999997,-16.5,-18.4" vel="0,0,0" mass="1" elasticityCoef="1" ang="90,0,0" color="0,220,0" radius="0.5" length="4" />
		<capsule pos="31.049999999999997,-16.5,-16.099999999999998" vel="0,0,0" mass="1" elasticityCoef="1" ang="90,0,0" color="0,220,0" radius="0.5" length="4" />
		<capsule pos="31.049999999999997,-16.5,-13.799999999999997" vel="0,0,0" mass="1" elasticityCoef="1" ang="90,0,0" color="0,220,0" radius="0.5" length="4" />
		<capsule pos="31.049999999999997,-16.5,-11.5" vel="0,0,0" mass="1" elasticityCoef="1" ang="90,0,0" color="0,220,0" radius="0.5" length="4" />
		<capsule pos="31.049999999999997,-16.5,-9.199999999999996" vel="0,0,0" mass="1" elasticityCoef="1" ang="90,0,0" color="0,220,0" radius="0.5" length="4" />
		<capsule pos="31.049999999999997,-16.5,-6.899999999999999" vel="0,0,0" mass="1" elasticityCoef="1" ang="90,0,0" color="0,220,0" radius="0.5" length="4" />
		<capsule pos="31.049999999999997,-16.5,-4.600000000000001" vel="0,0,0" mass="1" elasticityCoef="1" ang="90,0,0" color="0,220,0" radius="0.5" length="4" />
		<capsule pos="31.049999999999997,-16.5,-2.299999999999997" vel="0,0,0" mass="1" elasticityCoef="1" ang="90,0,0" color="0,220,0" radius="0.5" length="4" />
		<capsule pos="31.049999999999997,-16.5,0.0" vel="0,0,0" mass="1" elasticityCoef="1" ang="90,0,0" color="0,220,0" radius="0.5" length="4" />
		<capsule pos="31.049999999999997,-16.5,2.3000000000000043" vel="0,0,0" mass="1" elasticityCoef="1" ang="90,0,0" color="0,220,0" radius="0.5" length="4" />
		<capsule pos="31.049999999999997,-16.5,4.600000000000001" vel="0,0,0" mass="1" elasticityCoef="1" ang="90,0,0" color="0,220,0" radius="0.5" length="4" />
		<capsule pos="31.049999999999997,-16.5,6.899999999999999" vel="0,0,0" mass="1" elasticityCoef="1" ang="90,0,0" color="0,220,0" radius="0.5" length="4" />
		<capsule pos="31.049999999999997,-16.5,9.200000000000003" vel="0,0,0" mass="1" elasticityCoef="1" ang="90,0,0" color="0,220,0" radius="0.5" length="4" />
		<capsule pos="31.049999999999997,-16.5,11.5" vel="0,0,0" mass="1" elasticityCoef="1" ang="90,0,0" color="0,220,0" radius="0.5" length="4" />
		<capsule pos="31.049999999999997,-16.5,13.799999999999997" vel="0,0,0" mass="1" elasticityCoef="1" ang="90,0,0" color="0,220,0" radius="0.5" length="4" />
		<capsule pos="31.049999999999997,-16.5,16.1" vel="0,0,0" mass="1" elasticityCoef="1" ang="90,0,0" color="0,220,0" radius="0.5" length="4" />
		<capsule pos="31.049999999999997,-16.5,18.4" vel="0,0,0" mass="1" elasticityCoef="1" ang="90,0,0" color="0,220,0" radius="0.5" length="4" />
		<capsule pos="31.049999999999997,-16.5,20.699999999999996" vel="0,0,0" mass="1" elasticityCoef="1" ang="90,0,0" color="0,220,0" radius="0.5" length="4" />
		<capsule pos="31.049999999999997,-16.5,22.999999999999993" vel="0,0,0" mass="1" elasticityCoef="1" ang="90,0,0" color="0,220,0" radius="0.5" length="4" />
		<capsule pos="31.049999999999997,-16.5,25.300000000000004" vel="0,0,0" mass="1" elasticityCoef="1" ang="90,0,0" color="0,220,0" radius="0.5" length="4" />
		<capsule pos="31.049999999999997,-16.5,27.6" vel="0,0,0" mass="1" elasticityCoef="1" ang="90,0,0" color="0,220,0" radius="0.5" length="4" />
		<capsule pos="31.049999999999997,-16.5,29.9" vel="0,0,0" mass="1" elasticityCoef="1" ang="90,0,0" color="0,220,0" radius="0.5" length="4" />
		<capsule pos="31.049999999999997,-16.5,32.199999999999996" vel="0,0,0" mass="1" elasticityCoef="1" ang="90,0,0" color="0,220,0" radius="0.5" length="4" />
		<capsule pos="31.049999999999997,-16.5,34.49999999999999" vel="0,0,0" mass="1" elasticityCoef="1" ang="90,0,0" color="0,220,0" radius="0.5" length="4" />
		<capsule pos="31.049999999999997,-16.5,36.800000000000004" vel="0,0,0" mass="1" elasticityCoef="1" ang="90,0,0" color="0,220,0" radius="0.5" length="4" />
		<capsule pos="31.049999999999997,-16.5,39.1" vel="0,0,0" mass="1" elasticityCoef="1" ang="90,0,0" color="0,220,0" radius="0.5" length="4" />
		<capsule pos="31.049999999999997,-16.5,41.4" vel="0,0,0" mass="1" elasticityCoef="1" ang="90,0,0" color="0,220,0" radius="0.5" length="4" />
		<capsule pos="31.049999999999997,-11.0,-43.699999999999996" vel="0,0,0" mass="1" elasticityCoef="1" ang="90,0,0" color="0,220,0" radius="0.5" length="4" />
		<capsule pos="31.049999999999997,-11.0,-41.4" vel="0,0,0" mass="1" elasticityCoef="1" ang="90,0,0" color="0,220,0" radius="0.5" length="4" />
		<capsule pos="31.049999999999997,-11.0,-39.099999999999994" vel="0,0,0" mass="1" elasticityCoef="1" ang="90,0,0" color="0,220,0" radius="0.5" length="4" />
		<capsule pos="31.049999999999997,-11.0,-36.8" vel="0,0,0" mass="1" elasticityCoef="1" ang="90,0,0" color="0,220,0" radius="0.5" length="4" />
		<capsule pos="31.049999999999997,-11.0,-34.5" vel="0,0,0" mass="1" elasticityCoef="1" ang="90,0,0" color="0,220,0" radius="0.5" length="4" />
		<capsule pos="31.049999999999997,-11.0,-32.199999999999996" vel="0,0,0" mass="1" elasticityCoef="1" ang="90,0,0" color="0,220,0" radius="0.5" length="4" />
		<capsule pos="31.049999999999997,-11.0,-29.9" vel="0,0,0" mass="1" elasticityCoef="1" ang="90,0,0" color="0,220,0" radius="0.5" length="4" />
		<capsule pos="31.049999999999997,-11.0,-27.599999999999998" vel="0,0,0" mass="1" elasticityCoef="1" ang="90,0,0" color="0,220,0" radius="0.5" length="4" />
		<capsule pos="31.049999999999997,-11.0,-25.299999999999997" vel="0,0,0" mass="1" elasticityCoef="1" ang="90,0,0" color="0,220,0" radius="0.5" length="4" />
		<capsule pos="31.049999999999997,-11.0,-22.999999999999996" vel="0,0,0" mass="1" elasticityCoef="1" ang="90,0,0" color="0,220,0" radius="0.5" length="4" />
		<capsule pos="31.049999999999997,-11.0,-20.699999999999996" vel="0,0,0" mass="1" elasticityCoef="1" ang="90,0,0" color="0,220,0" radius="0.5" length="4" />
		<capsule pos="31.049999999999997,-11.0,-18.4" vel="0,0,0" mass="1" elasticityCoef="1" ang="90,0,0" color="0,220,0" radius="0.5" length="4" />
		<capsule pos="31.049999999999997,-11.0,-16.099999999999998" vel="0,0,0" mass="1" elasticityCoef="1" ang="90,0,0" color="0,220,0" radius="0.5" length="4" />
		<capsule pos="31.049999999999997,-11.0,-13.799999999999997" vel="0,0,0" mass="1" elasticityCoef="1" ang="90,0,0" color="0,220,0" radius="0.5" length="4" />
		<capsule pos="31.049999999999997,-11.0,-11.5" vel="0,0,0" mass="1" elasticityCoef="1" ang="90,0,0" color="0,220,0" radius="0.5" length="4" />
		<capsule pos="31.049999999999997,-11.0,-9.199999999999996" vel="0,0,0" mass="1" elasticityCoef="1" ang="90,0,0" color="0,220,0" radius="0.5" length="4" />
		<capsule pos="31.049999999999997,-11.0,-6.899999999999999" vel="0,0,0" mass="1" elasticityCoef="1" ang="90,0,0" color="0,220,0" radius="0.5" length="4" />
		<capsule pos="31.049999999999997,-11.0,-4.600000000000001" vel="0,0,0" mass="1" elasticityCoef="1" ang="90,0,0" color="0,220,0" radius="0.5" length="4" />
		<capsule pos="31.049999999999997,-11.0,-2.299999999999997" vel="0,0,0" mass="1" elasticityCoef="1" ang="90,0,0" color="0,220,0" radius="0.5" length="4" />
		<capsule pos="31.049999999999997,-11.0,0.0" vel="0,0,0" mass="1" elasticityCoef="1" ang="90,0,0" color="0,220,0" radius="0.5" length="4" />
		<capsule pos="31.049999999999997,-11.0,2.3000000000000043" vel="0,0,0" mass="1" elasticityCoef="1" ang="90,0,0" color="0,220,0" radius="0.5" length="4" />
		<capsule pos="31.049999999999997,-11.0,4.600000000000001" vel="0,0,0" mass="1" elasticityCoef="1" ang="90,0,0" color="0,220,0" radius="0.5" length="4" />
		<capsule pos="31.049999999999997,-11.0,6.899999999999999" vel="0,0,0" mass="1" elasticityCoef="1" ang="90,0,0" color="0,220,0" radius="0.5" length="4" />
		<capsule pos="31.049999999999997,-11.0,9.200000000000003" vel="0,0,0" mass="1" elasticityCoef="1" ang="90,0,0" color="0,220,0" radius="0.5" length="4" />
		<capsule pos="31.049999999999997,-11.0,11.5" vel="0,0,0" mass="1" elasticityCoef="1" ang="90,0,0" color="0,220,0" radius="0.5" length="4" />
		<capsule pos="31.049999999999997,-11.0,13.799999999999997" vel="0,0,0" mass="1" elasticityCoef="1" ang="90,0,0" color="0,220,0" radius="0.5" length="4" />
		<capsule pos="31.049999999999997,-11.0,16.1" vel="0,0,0" mass="1" elasticityCoef="1" ang="90,0,0" color="0,220,0" radius="0.5" length="4" />
		<capsule pos="31.049999999999997,-11.0,18.4" vel="0,0,0" mass="1" elasticityCoef="1" ang="90,0,0" color="0,220,0" radius="0.5" length="4" />
		<capsule pos="31.049999999999997,-11.0,20.699999999999996" vel="0,0,0" mass="1" elasticityCoef="1" ang="90,0,0" color="0,220,0" radius="0.5" length="4" />
		<capsule pos="31.049999999999997,-11.0,22.999999999999993" vel="0,0,0" mass="1" elasticityCoef="1" ang="90,0,0" color="0,220,0" radius="0.5" length="4" />
		<capsule pos="31.049999999999997,-11.0,25.300000000000004" vel="0,0,0" mass="1" elasticityCoef="1" ang="90,0,0" color="0,220,0" radius="0.5" length="4" />
		<capsule pos="31.049999999999997,-11.0,27.6" vel="0,0,0" mass="1" elasticityCoef="1" ang="90,0,0" color="0,220,0" radius="0.5" length="4" />
		<capsule pos="31.049999999999997,-11.0,29.9" vel="0,0,0" mass="1" elasticityCoef="1" ang="90,0,0" color="0,220,0" radius="0.5" length="4" />
		<capsule pos="31.049999999999997,-11.0,32.199999999999996" vel="0,0,0" mass="1" elasticityCoef="1" ang="90,0,0" color="0,220,0" radius="0.5" length="4" />
		<capsule pos="31.049999999999997,-11.0,34.49999999999999" vel="0,0,0" mass="1" elasticityCoef="1" ang="90,0,0" color="0,220,0" radius="0.5" length="4" />
		<capsule pos="31.049999999999997,-11.0,36.800000000000004" vel="0,0,0" mass="1" elasticityCoef="1" ang="90,0,0" color="0,220,0" radius="0.5" length="4" />
		<capsule pos="31.049999999999997,-11.0,39.1" vel="0,0,0" mass="1" elasticityCoef="1" ang="90,0,0" color="0,220,0" radius="0.5" length="4" />
		<capsule pos="31.049999999999997,-11.0,41.4" vel="0,0,0" mass="1" elasticityCoef="1" ang="90,0,0" color="0,220,0" radius="0.5" length="4" />
		<capsule pos="31.049999999999997,-5.5,-43.699999999999996" vel="0,0,0" mass="1" elasticityCoef="1" ang="90,0,0" color="0,220,0" radius="0.5" length="4" />
		<capsule pos="31.049999999999997,-5.5,-41.4" vel="0,0,0" mass="1" elasticityCoef="1" ang="90,0,0" color="0,220,0" radius="0.5" length="4" />
		<capsule pos="31.049999999999997,-5.5,-39.099999999999994" vel="0,0,0" mass="1" elasticityCoef="1" ang="90,0,0" color="0,220,0" radius="0.5" length="4" />
		<capsule pos="31.049999999999997,-5.5,-36.8" vel="0,0,0" mass="1" elasticityCoef="1" ang="90,0,0" color="0,220,0" radius="0.5" length="4" />
		<capsule pos="31.049999999999997,-5.5,-34.5" vel="0,0,0" mass="1" elasticityCoef="1" ang="90,0,0" color="0,220,0" radius="0.5" length="4" />
		<capsule pos="31.049999999999997,-5.5,-32.199999999999996" vel="0,0,0" mass="1" elasticityCoef="1" ang="90,0,0" color="0,220,0" radius="0.5" length="4" />
		<capsule pos="31.049999999999997,-5.5,-29.9" vel="0,0,0" mass="1" elasticityCoef="1" ang="90,0,0" color="0,220,0" radius="0.5" length="4" />
		<capsule pos="31.049999999999997,-5.5,-27.599999999999998" vel="0,0,0" mass="1" elasticityCoef="1" ang="90,0,0" color="0,220,0" radius="0.5" length="4" />
		<capsule pos="31.049999999999997,-5.5,-25.299999999999997" vel="0,0,0" mass="1" elasticityCoef="1" ang="90,0,0" color="0,220,0" radius="0.5" length="4" />
		<capsule pos="31.049999999999997,-5.5,-22.999999999999996" vel="0,0,0" mass="1" elasticityCoef="1" ang="90,0,0" color="0,220,0" radius="0.5" length="4" />
		<capsule pos="31.049999999999997,-5.5,-20.699999999999996" vel="0,0,0" mass="1" elasticityCoef="1" ang="90,0,0" color="0,220,0" radius="0.5" length="4" />
		<capsule pos="31.049999999999997,-5.5,-18.4" vel="0,0,0" mass="1" elasticityCoef="1" ang="90,0,0" color="0,220,0" radius="0.5" length="4" />
		<capsule pos="31.049999999999997,-5.5,-16.099999999999998" vel="0,0,0" mass="1" elasticityCoef="1" ang="90,0,0" color="0,220,0" radius="0.5" length="4" />
		<capsule pos="31.049999999999997,-5.5,-13.799999999999997" vel="0,0,0" mass="1" elasticityCoef="1" ang="90,0,0" color="0,220,0" radius="0.5" length="4" />
		<capsule pos="31.049999999999997,-5.5,-11.5" vel="0,0,0" mass="1" elasticityCoef="1" ang="90,0,0" color="0,220,0" radius="0.5" length="4" />
		<capsule pos="31.049999999999997,-5.5,-9.199999999999996" vel="0,0,0" mass="1" elasticityCoef="1" ang="90,0,0" color="0,220,0" radius="0.5" length="4" />
		<capsule pos="31.049999999999997,-5.5,-6.899999999999999" vel="0,0,0" mass="1" elasticityCoef="1" ang="90,0,0" color="0,220,0" radius="0.5" length="4" />
		<capsule pos="31.049999999999997,-5.5,-4.600000000000001" vel="0,0,0" mass="1" elasticityCoef="1" ang="90,0,0" color="0,220,0" radius="0.5" length="4" />
		<capsule pos="31.049999999999997,-5.5,-2.299999999999997" vel="0,0,0" mass="1" elasticityCoef="1" ang="90,0,0" color="0,220,0" radius="0.5" length="4" />
		<capsule pos="31.049999999999997,-5.5,0.0" vel="0,0,0" mass="1" elasticityCoef="1" ang="90,0,0" color="0,220,0" radius="0.5" length="4" />
		<capsule pos="31.049999999999997,-5.5,2.3000000000000043" vel="0,0,0" mass="1" elasticityCoef="1" ang="90,0,0" color="0,220,0" radius="0.5" length="4" />
		<capsule pos="31.049999999999997,-5.5,4.600000000000001" vel="0,0,0" mass="1" elasticityCoef="1" ang="90,0,0" color="0,220,0" radius="0.5" length="4" />
		<capsule pos="31.049999999999997,-5.5,6.899999999999999" vel="0,0,0" mass="1" elasticityCoef="1" ang="90,0,0" color="0,220,0" radius="0.5" length="4" />
		<capsule pos="31.049999999999997,-5.5,9.200000000000003" vel="0,0,0" mass="1" elasticityCoef="1" ang="90,0,0" color="0,220,0" radius="0.5" length="4" />
		<capsule pos="31.049999999999997,-5.5,11.5" vel="0,0,0" mass="1" elasticityCoef="1" ang="90,0,0" color="0,220,0" radius="0.5" length="4" />
		<capsule pos="31.049999999999997,-5.5,13.799999999999997" vel="0,0,0" mass="1" elasticityCoef="1" ang="90,0,0" color="0,220,0" radius="0.5" length="4" />
		<capsule pos="31.049999999999997,-5.5,16.1" vel="0,0,0" mass="1" elasticityCoef="1" ang="90,0,0" color="0,220,0" radius="0.5" length="4" />
		<capsule pos="31.049999999999997,-5.5,18.4" vel="0,0,0" mass="1" elasticityCoef="1" ang="90,0,0" color="0,220,0" radius="0.5" length="4" />
		<capsule pos="31.049999999999997,-5.5,20.699999999999996" vel="0,0,0" mass="1" elasticityCoef="1" ang="90,0,0" color="0,220,0" radius="0.5" length="4" />
		<capsule pos="31.049999999999997,-5.5,22.999999999999993" vel="0,0,0" mass="1" elasticityCoef="1" ang="90,0,0" color="0,220,0" radius="0.5" length="4" />
		<capsule pos="31.049999999999997,-5.5,25.300000000000004" vel="0,0,0" mass="1" elasticityCoef="1" ang="90,0,0" color="0,220,0" radius="0.5" length="4" />
		<capsule pos="31.049999999999997,-5.5,27.6" vel="0,0,0" mass="1" elasticityCoef="1" ang="90,0,0" color="0,220,0" radius="0.5" length="4" />
		<capsule pos="31.049999999999997,-5.5,29.9" vel="0,0,0" mass="1" elasticityCoef="1" ang="90,0,0" color="0,220,0" radius="0.5" length="4" />
		<capsule pos="31.049999999999997,-5.5,32.199999999999996" vel="0,0,0" mass="1" elasticityCoef="1" ang="90,0,0" color="0,220,0" radius="0.5" length="4" />
		<capsule pos="31.049999999999997,-5.5,34.49999999999999" vel="0,0,0" mass="1" elasticityCoef="1" ang="90,0,0" color="0,220,0" radius="0.5" length="4" />
		<capsule pos="31.049999999999997,-5.5,36.800000000000004" vel="0,0,0" mass="1" elasticityCoef="1" ang="90,0,0" color="0,220,0" radius="0.5" length="4" />
		<capsule pos="31.049999999999997,-5.5,39.1" vel="0,0,0" mass="1" elasticityCoef="1" ang="90,0,0" color="0,220,0" radius="0.5" length="4" />
		<capsule pos="31.049999999999997,-5.5,41.4" vel="0,0,0" mass="1" elasticityCoef="1" ang="90,0,0" color="0,220,0" radius="0.5" length="4" />
		<capsule pos="31.049999999999997,0.0,-43.699999999999996" vel="0,0,0" mass="1" elasticityCoef="1" ang="90,0,0" color="0,220,0" radius="0.5" length="4" />
		<capsule pos="31.049999999999997,0.0,-41.4" vel="0,0,0" mass="1" elasticityCoef="1" ang="90,0,0" color="0,220,0" radius="0.5" length="4" />
		<capsule pos="31.049999999999997,0.0,-39.099999999999994" vel="0,0,0" mass="1" elasticityCoef="1" ang="90,0,0" color="0,220,0" radius="0.5" length="4" />
		<capsule pos="31.049999999999997,0.0,-36.8" vel="0,0,0" mass="1" elasticityCoef="1" ang="90,0,0" color="0,220,0" radius="0.5" length="4" />
		<capsule pos="31.049999999999997,0.0,-34.5" vel="0,0,0" mass="1" elasticityCoef="1" ang="90,0,0" color="0,220,0" radius="0.5" length="4" />
		<capsule pos="31.049999999999997,0.0,-32.199999999999996" vel="0,0,0" mass="1" elasticityCoef="1" ang="90,0,0" color="0,220,0" radius="0.5" length="4" />
		<capsule pos="31.049999999999997,0.0,-29.9" vel="0,0,0" mass="1" elasticityCoef="1" ang="90,0,0" color="0,220,0" radius="0.5" length="4" />
		<capsule pos="31.049999999999997,0.0,-27.599999999999998" vel="0,0,0" mass="1" elasticityCoef="1" ang="90,0,0" color="0,220,0" radius="0.5" length="4" />
		<capsule pos="31.049999999999997,0.0,-25.299999999999997" vel="0,0,0" mass="1" elasticityCoef="1" ang="90,0,0" color="0,220,0" radius="0.5" length="4" />
		<capsule pos="31.049999999999997,0.0,-22.999999999999996" vel="0,0,0" mass="1" elasticityCoef="1" ang="90,0,0" color="0,220,0" radius="0.5" length="4" />
		<capsule pos="31.049999999999997,0.0,-20.699999999999996" vel="0,0,0" mass="1" elasticityCoef="1" ang="90,0,0" color="0,220,0" radius="0.5" length="4" />
		<capsule pos="31.049999999999997,0.0,-18.4" vel="0,0,0" mass="1" elasticityCoef="1" ang="90,0,0" color="0,220,0" radius="0.5" length="4" />
		<capsule pos="31.049999999999997,0.0,-16.099999999999998" vel="0,0,0" mass="1" elasticityCoef="1" ang="90,0,0" color="0,220,0" radius="0.5" length="4" />
		<capsule pos="31.049999999999997,0.0,-13.799999999999997" vel="0,0,0" mass="1" elasticityCoef="1" ang="90,0,0" color="0,220,0" radius="0.5" length="4" />
		<capsule pos="31.049999999999997,0.0,-11.5" vel="0,0,0" mass="1" elasticityCoef="1" ang="90,0,0" color="0,220,0" radius="0.5" length="4" />
		<capsule pos="31.049999999999997,0.0,-9.199999999999996" vel="0,0,0" mass="1" elasticityCoef="1" ang="90,0,0" color="0,220,0" radius="0.5" length="4" />
		<capsule pos="31.049999999999997,0.0,-6.899999999999999" vel="0,0,0" mass="1" elasticityCoef="1" ang="90,0,0" color="0,220,0" radius="0.5" length="4" />
		<capsule pos="31.049999999999997,0.0,-4.600000000000001" vel="0,0,0" mass="1" elasticityCoef="1" ang="90,0,0" color="0,220,0" radius="0.5" length="4" />
		<capsule pos="31.049999999999997,0.0,-2.299999999999997" vel="0,0,0" mass="1" elasticityCoef="1" ang="90,0,0" color="0,220,0" radius="0.5" length="4" />
		<capsule pos="31.049999999999997,0.0,0.0" vel="0,0,0" mass="1" elasticityCoef="1" ang="90,0,0" color="0,220,0" radius="0.5" length="4" />
		<capsule pos="31.049999999999997,0.0,2.3000000000000043" vel="0,0,0" mass="1" elasticityCoef="1" ang="90,0,0" color="0,220,0" radius="0.5" length="4" />
		<capsule pos="31.049999999999997,0.0,4.600000000000001" vel="0,0,0" mass="1" elasticityCoef="1" ang="90,0,0" color="0,220,0" radius="0.5" length="4" />
		<capsule pos="31.049999999999997,0.0,6.899999999999999" vel="0,0,0" mass="1" elasticityCoef="1" ang="90,0,0" color="0,220,0" radius="0.5" length="4" />
		<capsule pos="31.049999999999997,0.0,9.200000000000003" vel="0,0,0" mass="1" elasticityCoef="1" ang="90,0,0" color="0,220,0" radius="0.5" length="4" />
		<capsule pos="31.049999999999997,0.0,11.5" vel="0,0,0" mass="1" elasticityCoef="1" ang="90,0,0" color="0,220,0" radius="0.5" length="4" />
		<capsule pos="31.049999999999997,0.0,13.799999999999997" vel="0,0,0" mass="1" elasticityCoef="1" ang="90,0,0" color="0,220,0" radius="0.5" length="4" />
		<capsule pos="31.049999999999997,0.0,16.1" vel="0,0,0" mass="1" elasticityCoef="1" ang="90,0,0" color="0,220,0" radius="0.5" length="4" />
		<capsule pos="31.049999999999997,0.0,18.4" vel="0,0,0" mass="1" elasticityCoef="1" ang="90,0,0" color="0,220,0" radius="0.5" length="4" />
		<capsule pos="31.049999999999997,0.0,20.699999999999996" vel="0,0,0" mass="1" elasticityCoef="1" ang="90,0,0" color="0,220,0" radius="0.5" length="4" />
		<capsule pos="31.049999999999997,0.0,22.999999999999993" vel="0,0,0" mass="1" elasticityCoef="1" ang="90,0,0" color="0,220,0" radius="0.5" length="4" />
		<capsule pos="31.049999999999997,0.0,25.300000000000004" vel="0,0,0" mass="1" elasticityCoef="1" ang="90,0,0" color="0,220,0" radius="0.5" length="4" />
		<capsule pos="31.049999999999997,0.0,27.6" vel="0,0,0" mass="1" elasticityCoef="1" ang="90,0,0" color="0,220,0" radius="0.5" length="4" />
		<capsule pos="31.049999999999997,0.0,29.9" vel="0,0,0" mass="1" elasticityCoef="1" ang="90,0,0" color="0,220,0" radius="0.5" length="4" />
		<capsule pos="31.049999999999997,0.0,32.199999999999996" vel="0,0,0" mass="1" elasticityCoef="1" ang="90,0,0" color="0,220,0" radius="0.5" length="4" />
		<capsule pos="31.049999999999997,0.0,34.49999999999999" vel="0,0,0" mass="1" elasticityCoef="1" ang="90,0,0" color="0,220,0" radius="0.5" length="4" />
		<capsule pos="31.049999999999997,0.0,36.800000000000004" vel="0,0,0" mass="1" elasticityCoef="1" ang="90,0,0" color="0,220,0" radius="0.5" length="4" />
		<capsule pos="31.049999999999997,0.0,39.1" vel="0,0,0" mass="1" elasticityCoef="1" ang="90,0,0" color="0,220,0" radius="0.5" length="4" />
		<capsule pos="31.049999999999997,0.0,41.4" vel="0,0,0" mass="1" elasticityCoef="1" ang="90,0,0" color="0,220,0" radius="0.5" length="4" />
		<capsule pos="31.049999999999997,5.5,-43.699999999999996" vel="0,0,0" mass="1" elasticityCoef="1" ang="90,0,0" color="0,220,0" radius="0.5" length="4" />
		<capsule pos="31.049999999999997,5.5,-41.4" vel="0,0,0" mass="1" elasticityCoef="1" ang="90,0,0" color="0,220,0" radius="0.5" length="4" />
		<capsule pos="31.049999999999997,5.5,-39.099999999999994" vel="0,0,0" mass="1" elasticityCoef="1" ang="90,0,0" color="0,220,0" radius="0.5" length="4" />
		<capsule pos="31.049999999999997,5.5,-36.8" vel="0,0,0" mass="1" elasticityCoef="1" ang="90,0,0" color="0,220,0" radius="0.5" length="4" />
		<capsule pos="31.049999999999997,5.5,-34.5" vel="0,0,0" mass="1" elasticityCoef="1" ang="90,0,0" color="0,220,0" radius="0.5" length="4" />
		<capsule pos="31.049999999999997,5.5,-32.199999999999996" vel="0,0,0" mass="1" elasticityCoef="1" ang="90,0,0" color="0,220,0" radius="0.5" length="4" />
		<capsule pos="31.049999999999997,5.5,-29.9" vel="0,0,0" mass="1" elasticityCoef="1" ang="90,0,0" color="0,220,0" radius="0.5" length="4" />
		<capsule pos="31.049999999999997,5.5,-27.599999999999998" vel="0,0,0" mass="1" elasticityCoef="1" ang="90,0,0" color="0,220,0" radius="0.5" length="4" />
		<capsule pos="31.049999999999997,5.5,-25.299999999999997" vel="0,0,0" mass="1" elasticityCoef="1" ang="90,0,0" color="0,220,0" radius="0.5" length="4" />
		<capsule pos="31.049999999999997,5.5,-22.999999999999996" vel="0,0,0" mass="1" elasticityCoef="1" ang="90,0,0" color="0,220,0" radius="0.5" length="4" />
		<capsule pos="31.049999999999997,5.5,-20.699999999999996" vel="0,0,0" mass="1" elasticityCoef="1" ang="90,0,0" color="0,220,0" radius="0.5" length="4" />
		<capsule pos="31.049999999999997,5.5,-18.4" vel="0,0,0" mass="1" elasticityCoef="1" ang="90,0,0" color="0,220,0" radius="0.5" length="4" />
		<capsule pos="31.049999999999997,5.5,-16.099999999999998" vel="0,0,0" mass="1" elasticityCoef="1" ang="90,0,0" color="0,220,0" radius="0.5" length="4" />
		<capsule pos="31.049999999999997,5.5,-13.799999999999997" vel="0,0,0" mass="1" elasticityCoef="1" ang="90,0,0" color="0,220,0" radius="0.5" length="4" />
		<capsule pos="31.049999999999997,5.5,-11.5" vel="0,0,0" mass="1" elasticityCoef="1" ang="90,0,0" color="0,220,0" radius="0.5" length="4" />
		<capsule pos="31.049999999999997,5.5,-9.199999999999996" vel="0,0,0" mass="1" elasticityCoef="1" ang="90,0,0" color="0,220,0" radius="0.5" length="4" />
		<capsule pos="31.049999999999997,5.5,-6.899999999999999" vel="0,0,0" mass="1" elasticityCoef="1" ang="90,0,0" color="0,220,0" radius="0.5" length="4" />
		<capsule pos="31.049999999999997,5.5,-4.600000000000001" vel="0,0,0" mass="1" elasticityCoef="1" ang="90,0,0" color="0,220,0" radius="0.5" length="4" />
		<capsule pos="31.049999999999997,5.5,-2.299999999999997" vel="0,0,0" mass="1" elasticityCoef="1" ang="90,0,0" color="0,220,0" radius="0.5" length="4" />
		<capsule pos="31.049999999999997,5.5,0.0" vel="0,0,0" mass="1" elasticityCoef="1" ang="90,0,0" color="0,220,0" radius="0.5" length="4" />
		<capsule pos="31.049999999999997,5.5,2.3000000000000043" vel="0,0,0" mass="1" elasticityCoef="1" ang="90,0,0" color="0,220,0" radius="0.5" length="4" />
		<capsule pos="31.049999999999997,5.5,4.600000000000001" vel="0,0,0" mass="1" elasticityCoef="1" ang="90,0,0" color="0,220,0" radius="0.5" length="4" />
		<capsule pos="31.049999999999997,5.5,6.899999999999999" vel="0,0,0" mass="1" elasticityCoef="1" ang="90,0,0" color="0,220,0" radius="0.5" length="4" />
		<capsule pos="31.049999999999997,5.5,9.200000000000003" vel="0,0,0" mass="1" elasticityCoef="1" ang="90,0,0" color="0,220,0" radius="0.5" length="4" />
		<capsule pos="31.049999999999997,5.5,11.5" vel="0,0,0" mass="1" elasticityCoef="1" ang="90,0,0" color="0,220,0" radius="0.5" length="4" />
		<capsule pos="31.049999999999997,5.5,13.799999999999997" vel="0,0,0" mass="1" elasticityCoef="1" ang="90,0,0" color="0,220,0" radius="0.5" length="4" />
		<capsule pos="31.049999999999997,5.5,16.1" vel="0,0,0" mass="1" elasticityCoef="1" ang="90,0,0" color="0,220,0" radius="0.5" length="4" />
		<capsule pos="31.049999999999997,5.5,18.4" vel="0,0,0" mass="1" elasticityCoef="1" ang="90,0,0" color="0,220,0" radius="0.5" length="4" />
		<capsule pos="31.049999999999997,5.5,20.699999999999996" vel="0,0,0" mass="1" elasticityCoef="1" ang="90,0,0" color="0,220,0" radius="0.5" length="4" />
		<capsule pos="31.049999999999997,5.5,22.999999999999993" vel="0,0,0" mass="1" elasticityCoef="1" ang="90,0,0" color="0,220,0" radius="0.5" length="4" />
		<capsule pos="31.049999999999997,5.5,25.300000000000004" vel="0,0,0" mass="1" elasticityCoef="1" ang="90,0,0" color="0,220,0" radius="0.5" length="4" />
		<capsule pos="31.049999999999997,5.5,27.6" vel="0,0,0" mass="1" elasticityCoef="1" ang="90,0,0" color="0,220,0" radius="0.5" length="4" />
		<capsule pos="31.049999999999997,5.5,29.9" vel="0,0,0" mass="1" elasticityCoef="1" ang="90,0,0" color="0,220,0" radius="0.5" length="4" />
		<capsule pos="31.049999999999997,5.5,32.199999999999996" vel="0,0,0" mass="1" elasticityCoef="1" ang="90,0,0" color="0,220,0" radius="0.5" length="4" />
		<capsule pos="31.049999999999997,5.5,34.49999999999999" vel="0,0,0" mass="1" elasticityCoef="1" ang="90,0,0" color="0,220,0" radius="0.5" length="4" />
		<capsule pos="31.049999999999997,5.5,36.800000000000004" vel="0,0,0" mass="1" elasticityCoef="1" ang="90,0,0" color="0,220,0" radius="0.5" length="4" />
		<capsule pos="31.049999999999997,5.5,39.1" vel="0,0,0" mass="1" elasticityCoef="1" ang="90,0,0" color="0,220,0" radius="0.5" length="4" />
		<capsule pos="31.049999999999997,5.5,41.4" vel="0,0,0" mass="1" elasticityCoef="1" ang="90,0,0" color="0,220,0" radius="0.5" length="4" />
		<capsule pos="31.049999999999997,11.0,-43.699999999999996" vel="0,0,0" mass="1" elasticityCoef="1" ang="90,0,0" color="0,220,0" radius="0.5" length="4" />
		<capsule pos="31.049999999999997,11.0,-41.4" vel="0,0,0" mass="1" elasticityCoef="1" ang="90,0,0" color="0,220,0" radius="0.5" length="4" />
		<capsule pos="31.049999999999997,11.0,-39.099999999999994" vel="0,0,0" mass="1" elasticityCoef="1" ang="90,0,0" color="0,220,0" radius="0.5" length="4" />
		<capsule pos="31.049999999999997,11.0,-36.8" vel="0,0,0" mass="1" elasticityCoef="1" ang="90,0,0" color="0,220,0" radius="0.5" length="4" />
		<capsule pos="31.049999999999997,11.0,-34.5" vel="0,0,0" mass="1" elasticityCoef="1" ang="90,0,0" color="0,220,0" radius="0.5" length="4" />
		<capsule pos="31.049999999999997,11.0,-32.199999999999996" vel="0,0,0" mass="1" elasticityCoef="1" ang="90,0,0" color="0,220,0" radius="0.5" length="4" />
		<capsule pos="31.049999999999997,11.0,-29.9" vel="0,0,0" mass="1" elasticityCoef="1" ang="90,0,0" color="0,220,0" radius="0.5" length="4" />
		<capsule pos="31.049999999999997,11.0,-27.599999999999998" vel="0,0,0" mass="1" elasticityCoef="1" ang="90,0,0" color="0,220,0" radius="0.5" length="4" />
		<capsule pos="31.049999999999997,11.0,-25.299999999999997" vel="0,0,0" mass="1" elasticityCoef="1" ang="90,0,0" color="0,220,0" radius="0.5" length="4" />
		<capsule pos="31.049999999999997,11.0,-22.999999999999996" vel="0,0,0" mass="1" elasticityCoef="1" ang="90,0,0" color="0,220,0" radius="0.5" length="4" />
		<capsule pos="31.049999999999997,11.0,-20.699999999999996" vel="0,0,0" mass="1" elasticityCoef="1" ang="90,0,0" color="0,220,0" radius="0.5" length="4" />
		<capsule pos="31.049999999999997,11.0,-18.4" vel="0,0,0" mass="1" elasticityCoef="1" ang="90,0,0" color="0,220,0" radius="0.5" length="4" />
		<capsule pos="31.049999999999997,11.0,-16.099999999999998" vel="0,0,0" mass="1" elasticityCoef="1" ang="90,0,0" color="0,220,0" radius="0.5" length="4" />
		<capsule pos="31.049999999999997,11.0,-13.799999999999997" vel="0,0,0" mass="1" elasticityCoef="1" ang="90,0,0" color="0,220,0" radius="0.5" length="4" />
		<capsule pos="31.049999999999997,11.0,-11.5" vel="0,0,0" mass="1" elasticityCoef="1" ang="90,0,0" color="0,220,0" radius="0.5" length="4" />
		<capsule pos="31.049999999999997,11.0,-9.199999999999996" vel="0,0,0" mass="1" elasticityCoef="1" ang="90,0,0" color="0,220,0" radius="0.5" length="4" />
		<capsule pos="31.049999999999997,11.0,-6.899999999999999" vel="0,0,0" mass="1" elasticityCoef="1" ang="90,0,0" color="0,220,0" radius="0.5" length="4" />
		<capsule pos="31.049999999999997,11.0,-4.600000000000001" vel="0,0,0" mass="1" elasticityCoef="1" ang="90,0,0" color="0,220,0" radius="0.5" length="4" />
		<capsule pos="31.049999999999997,11.0,-2.299999999999997" vel="0,0,0" mass="1" elasticityCoef="1" ang="90,0,0" color="0,220,0" radius="0.5" length="4" />
		<capsule pos="31.049999999999997,11.0,0.0" vel="0,0,0" mass="1" elasticityCoef="1" ang="90,0,0" color="0,220,0" radius="0.5" length="4" />
		<capsule pos="31.049999999999997,11.0,2.3000000000000043" vel="0,0,0" mass="1" elasticityCoef="1" ang="90,0,0" color="0,220,0" radius="0.5" length="4" />
		<capsule pos="31.049999999999997,11.0,4.600000000000001" vel="0,0,0" mass="1" elasticityCoef="1" ang="90,0,0" color="0,220,0" radius="0.5" length="4" />
		<capsule pos="31.049999999999997,11.0,6.899999999999999" vel="0,0,0" mass="1" elasticityCoef="1" ang="90,0,0" color="0,220,0" radius="0.5" length="4" />
		<capsule pos="31.049999999999997,11.0,9.200000000000003" vel="0,0,0" mass="1" elasticityCoef="1" ang="90,0,0" color="0,220,0" radius="0.5" length="4" />
		<capsule pos="31.049999999999997,11.0,11.5" vel="0,0,0" mass="1" elasticityCoef="1" ang="90,0,0" color="0,220,0" radius="0.5" length="4" />
		<capsule pos="31.049999999999997,11.0,13.799999999999997" vel="0,0,0" mass="1" elasticityCoef="1" ang="90,0,0" color="0,220,0" radius="0.5" length="4" />
		<capsule pos="31.049999999999997,11.0,16.1" vel="0,0,0" mass="1" elasticityCoef="1" ang="90,0,0" color="0,220,0" radius="0.5" length="4" />
		<capsule pos="31.049999999999997,11.0,18.4" vel="0,0,0" mass="1" elasticityCoef="1" ang="90,0,0" color="0,220,0" radius="0.5" length="4" />
		<capsule pos="31.049999999999997,11.0,20.699999999999996" vel="0,0,0" mass="1" elasticityCoef="1" ang="90,0,0" color="0,220,0" radius="0.5" length="4" />
		<capsule pos="31.049999999999997,11.0,22.999999999999993" vel="0,0,0" mass="1" elasticityCoef="1" ang="90,0,0" color="0,220,0" radius="0.5" length="4" />
		<capsule pos="31.049999999999997,11.0,25.300000000000004" vel="0,0,0" mass="1" elasticityCoef="1" ang="90,0,0" color="0,220,0" radius="0.5" length="4" />
		<capsule pos="31.049999999999997,11.0,27.6" vel="0,0,0" mass="1" elasticityCoef="1" ang="90,0,0" color="0,220,0" radius="0.5" length="4" />
		<capsule pos="31.049999999999997,11.0,29.9" vel="0,0,0" mass="1" elasticityCoef="1" ang="90,0,0" color="0,220,0" radius="0.5" length="4" />
		<capsule pos="31.049999999999997,11.0,32.199999999999996" vel="0,0,0" mass="1" elasticityCoef="1" ang="90,0,0" color="0,220,0" radius="0.5" length="4" />
		<capsule pos="31.049999999999997,11.0,34.49999999999999" vel="0,0,0" mass="1" elasticityCoef="1" ang="90,0,0" color="0,220,0" radius="0.5" length="4" />
		<capsule pos="31.049999999999997,11.0,36.800000000000004" vel="0,0,0" mass="1" elasticityCoef="1" ang="90,0,0" color="0,220,0" radius="0.5" length="4" />
		<capsule pos="31.049999999999997,11.0,39.1" vel="0,0,0" mass="1" elasticityCoef="1" ang="90,0,0" color="0,220,0" radius="0.5" length="4" />
		<capsule pos="31.049999999999997,11.0,41.4" vel="0,0,0" mass="1" elasticityCoef="1" ang="90,0,0" color="0,220,0" radius="0.5" length="4" />
		<capsule pos="31.049999999999997,16.5,-43.699999999999996" vel="0,0,0" mass="1" elasticityCoef="1" ang="90,0,0" color="0,220,0" radius="0.5" length="4" />
		<capsule pos="31.049999999999997,16.5,-41.4" vel="0,0,0" mass="1" elasticityCoef="1" ang="90,0,0" color="0,220,0" radius="0.5" length="4" />
		<capsule pos="31.049999999999997,16.5,-39.099999999999994" vel="0,0,0" mass="1" elasticityCoef="1" ang="90,0,0" color="0,220,0" radius="0.5" length="4" />
		<capsule pos="31.049999999999997,16.5,-36.8" vel="0,0,0" mass="1" elasticityCoef="1" ang="90,0,0" color="0,220,0" radius="0.5" length="4" />
		<capsule pos="31.049999999999997,16.5,-34.5" vel="0,0,0" mass="1" elasticityCoef="1" ang="90,0,0" color="0,220,0" radius="0.5" length="4" />
		<capsule pos="31.049999999999997,16.5,-32.199999999999996" vel="0,0,0" mass="1" elasticityCoef="1" ang="90,0,0" color="0,220,0" radius="0.5" length="4" />
		<capsule pos="31.049999999999997,16.5,-29.9" vel="0,0,0" mass="1" elasticityCoef="1" ang="90,0,0" color="0,220,0" radius="0.5" length="4" />
		<capsule pos="31.049999999999997,16.5,-27.599999999999998" vel="0,0,0" mass="1" elasticityCoef="1" ang="90,0,0" color="0,220,0" radius="0.5" length="4" />
		<capsule pos="31.049999999999997,16.5,-25.299999999999997" vel="0,0,0" mass="1" elasticityCoef="1" ang="90,0,0" color="0,220,0" radius="0.5" length="4" />
		<capsule pos="31.049999999999997,16.5,-22.999999999999996" vel="0,0,0" mass="1" elasticityCoef="1" ang="90,0,0" color="0,220,0" radius="0.5" length="4" />
		<capsule pos="31.049999999999997,16.5,-20.699999999999996" vel="0,0,0" mass="1" elasticityCoef="1" ang="90,0,0" color="0,220,0" radius="0.5" length="4" />
		<capsule pos="31.049999999999997,16.5,-18.4" vel="0,0,0" mass="1" elasticityCoef="1" ang="90,0,0" color="0,220,0" radius="0.5" length="4" />
		<capsule pos="31.049999999999997,16.5,-16.099999999999998" vel="0,0,0" mass="1" elasticityCoef="1" ang="90,0,0" color="0,220,0" radius="0.5" length="4" />
		<capsule pos="31.049999999999997,16.5,-13.799999999999997" vel="0,0,0" mass="1" elasticityCoef="1" ang="90,0,0" color="0,220,0" radius="0.5" length="4" />
		<capsule pos="31.049999999999997,16.5,-11.5" vel="0,0,0" mass="1" elasticityCoef="1" ang="90,0,0" color="0,220,0" radius="0.5" length="4" />
		<capsule pos="31.049999999999997,16.5,-9.199999999999996" vel="0,0,0" mass="1" elasticityCoef="1" ang="90,0,0" color="0,220,0" radius="0.5" length="4" />
		<capsule pos="31.049999999999997,16.5,-6.899999999999999" vel="0,0,0" mass="1" elasticityCoef="1" ang="90,0,0" color="0,220,0" radius="0.5" length="4" />
		<capsule pos="31.049999999999997,16.5,-4.600000000000001" vel="0,0,0" mass="1" elasticityCoef="1" ang="90,0,0" color="0,220,0" radius="0.5" length="4" />
		<capsule pos="31.049999999999997,16.5,-2.299999999999997" vel="0,0,0" mass="1" elasticityCoef="1" ang="90,0,0" color="0,220,0" radius="0.5" length="4" />
		<capsule pos="31.049999999999997,16.5,0.0" vel="0,0,0" mass="1" elasticityCoef="1" ang="90,0,0" color="0,220,0" radius="0.5" length="4" />
		<capsule pos="31.049999999999997,16.5,2.3000000000000043" vel="0,0,0" mass="1" elasticityCoef="1" ang="90,0,0" color="0,220,0" radius="0.5" length="4" />
		<capsule pos="31.049999999999997,16.5,4.600000000000001" vel="0,0,0" mass="1" elasticityCoef="1" ang="90,0,0" color="0,220,0" radius="0.5" length="4" />
		<capsule pos="31.049999999999997,16.5,6.899999999999999" vel="0,0,0" mass="1" elasticityCoef="1" ang="90,0,0" color="0,220,0" radius="0.5" length="4" />
		<capsule pos="31.049999999999997,16.5,9.200000000000003" vel="0,0,0" mass="1" elasticityCoef="1" ang="90,0,0" color="0,220,0" radius="0.5" length="4" />
		<capsule pos="31.049999999999997,16.5,11.5" vel="0,0,0" mass="1" elasticityCoef="1" ang="90,0,0" color="0,220,0" radius="0.5" length="4" />
		<capsule pos="31.049999999999997,16.5,13.799999999999997" vel="0,0,0" mass="1" elasticityCoef="1" ang="90,0,0" color="0,220,0" radius="0.5" length="4" />
		<capsule pos="31.049999999999997,16.5,16.1" vel="0,0,0" mass="1" elasticityCoef="1" ang="90,0,0" color="0,220,0" radius="0.5" length="4" />
		<capsule pos="31.049999999999997,16.5,18.4" vel="0,0,0" mass="1" elasticityCoef="1" ang="90,0,0" color="0,220,0" radius="0.5" length="4" />
		<capsule pos="31.049999999999997,16.5,20.699999999999996" vel="0,0,0" mass="1" elasticityCoef="1" ang="90,0,0" color="0,220,0" radius="0.5" length="4" />
		<capsule pos="31.049999999999997,16.5,22.999999999999993" vel="0,0,0" mass="1" elasticityCoef="1" ang="90,0,0" color="0,220,0" radius="0.5" length="4" />
		<capsule pos="31.049999999999997,16.5,25.300000000000004" vel="0,0,0" mass="1" elasticityCoef="1" ang="90,0,0" color="0,220,0" radius="0.5" length="4" />
		<capsule pos="31.049999999999997,16.5,27.6" vel="0,0,0" mass="1" elasticityCoef="1" ang="90,0,0" color="0,220,0" radius="0.5" length="4" />
		<capsule pos="31.049999999999997,16.5,29.9" vel="0,0,0" mass="1" elasticityCoef="1" ang="90,0,0" color="0,220,0" radius="0.5" length="4" />
		<capsule pos="31.049999999999997,16.5,32.199999999999996" vel="0,0,0" mass="1" elasticityCoef="1" ang="90,0,0" color="0,220,0" radius="0.5" length="4" />
		<capsule pos="31.049999999999997,16.5,34.49999999999999" vel="0,0,0" mass="1" elasticityCoef="1" ang="90,0,0" color="0,220,0" radius="0.5" length="4" />
		<capsule pos="31.049999999999997,16.5,36.800000000000004" vel="0,0,0" mass="1" elasticityCoef="1" ang="90,0,0" color="0,220,0" radius="0.5" length="4" />
		<capsule pos="31.049999999999997,16.5,39.1" vel="0,0,0" mass="1" elasticityCoef="1" ang="90,0,0" color="0,220,0" radius="0.5" length="4" />
		<capsule pos="31.049999999999997,16.5,41.4" vel="0,0,0" mass="1" elasticityCoef="1" ang="90,0,0" color="0,220,0" radius="0.5" length="4" />
		<capsule pos="31.049999999999997,22.0,-43.699999999999996" vel="0,0,0" mass="1" elasticityCoef="1" ang="90,0,0" color="0,220,0" radius="0.5" length="4" />
		<capsule pos="31.049999999999997,22.0,-41.4" vel="0,0,0" mass="1" elasticityCoef="1" ang="90,0,0" color="0,220,0" radius="0.5" length="4" />
		<capsule pos="31.049999999999997,22.0,-39.099999999999994" vel="0,0,0" mass="1" elasticityCoef="1" ang="90,0,0" color="0,220,0" radius="0.5" length="4" />
		<capsule pos="31.049999999999997,22.0,-36.8" vel="0,0,0" mass="1" elasticityCoef="1" ang="90,0,0" color="0,220,0" radius="0.5" length="4" />
		<capsule pos="31.049999999999997,22.0,-34.5" vel="0,0,0" mass="1" elasticityCoef="1" ang="90,0,0" color="0,220,0" radius="0.5" length="4" />
		<capsule pos="31.049999999999997,22.0,-32.199999999999996" vel="0,0,0" mass="1" elasticityCoef="1" ang="90,0,0" color="0,220,0" radius="0.5" length="4" />
		<capsule pos="31.049999999999997,22.0,-29.9" vel="0,0,0" mass="1" elasticityCoef="1" ang="90,0,0" color="0,220,0" radius="0.5" length="4" />
		<capsule pos="31.049999999999997,22.0,-27.599999999999998" vel="0,0,0" mass="1" elasticityCoef="1" ang="90,0,0" color="0,220,0" radius="0.5" length="4" />
		<capsule pos="31.049999999999997,22.0,-25.299999999999997" vel="0,0,0" mass="1" elasticityCoef="1" ang="90,0,0" color="0,220,0" radius="0.5" length="4" />
		<capsule pos="31.049999999999997,22.0,-22.999999999999996" vel="0,0,0" mass="1" elasticityCoef="1" ang="90,0,0" color="0,220,0" radius="0.5" length="4" />
		<capsule pos="31.049999999999997,22.0,-20.699999999999996" vel="0,0,0" mass="1" elasticityCoef="1" ang="90,0,0" color="0,220,0" radius="0.5" length="4" />
		<capsule pos="31.049999999999997,22.0,-18.4" vel="0,0,0" mass="1" elasticityCoef="1" ang="90,0,0" color="0,220,0" radius="0.5" length="4" />
		<capsule pos="31.049999999999997,22.0,-16.099999999999998" vel="0,0,0" mass="1" elasticityCoef="1" ang="90,0,0" color="0,220,0" radius="0.5" length="4" />
		<capsule pos="31.049999999999997,22.0,-13.799999999999997" vel="0,0,0" mass="1" elasticityCoef="1" ang="90,0,0" color="0,220,0" radius="0.5" length="4" />
		<capsule pos="31.049999999999997,22.0,-11.5" vel="0,0,0" mass="1" elasticityCoef="1" ang="90,0,0" color="0,220,0" radius="0.5" length="4" />
		<capsule pos="31.049999999999997,22.0,-9.199999999999996" vel="0,0,0" mass="1" elasticityCoef="1" ang="90,0,0" color="0,220,0" radius="0.5" length="4" />
		<capsule pos="31.049999999999997,22.0,-6.899999999999999" vel="0,0,0" mass="1" elasticityCoef="1" ang="90,0,0" color="0,220,0" radius="0.5" length="4" />
		<capsule pos="31.049999999999997,22.0,-4.600000000000001" vel="0,0,0" mass="1" elasticityCoef="1" ang="90,0,0" color="0,220,0" radius="0.5" length="4" />
		<capsule pos="31.049999999999997,22.0,-2.299999999999997" vel="0,0,0" mass="1" elasticityCoef="1" ang="90,0,0" color="0,220,0" radius="0.5" length="4" />
		<capsule pos="31.049999999999997,22.0,0.0" vel="0,0,0" mass="1" elasticityCoef="1" ang="90,0,0" color="0,220,0" radius="0.5" length="4" />
		<capsule pos="31.049999999999997,22.0,2.3000000000000043" vel="0,0,0" mass="1" elasticityCoef="1" ang="90,0,0" color="0,220,0" radius="0.5" length="4" />
		<capsule pos="31.049999999999997,22.0,4.600000000000001" vel="0,0,0" mass="1" elasticityCoef="1" ang="90,0,0" color="0,220,0" radius="0.5" length="4" />
		<capsule pos="31.049999999999997,22.0,6.899999999999999" vel="0,0,0" mass="1" elasticityCoef="1" ang="90,0,0" color="0,220,0" radius="0.5" length="4" />
		<capsule pos="31.049999999999997,22.0,9.200000000000003" vel="0,0,0" mass="1" elasticityCoef="1" ang="90,0,0" color="0,220,0" radius="0.5" length="4" />
		<capsule pos="31.049999999999997,22.0,11.5" vel="0,0,0" mass="1" elasticityCoef="1" ang="90,0,0" color="0,220,0" radius="0.5" length="4" />
		<capsule pos="31.049999999999997,22.0,13.799999999999997" vel="0,0,0" mass="1" elasticityCoef="1" ang="90,0,0" color="0,220,0" radius="0.5" length="4" />
		<capsule pos="31.049999999999997,22.0,16.1" vel="0,0,0" mass="1" elasticityCoef="1" ang="90,0,0" color="0,220,0" radius="0.5" length="4" />
		<capsule pos="31.049999999999997,22.0,18.4" vel="0,0,0" mass="1" elasticityCoef="1" ang="90,0,0" color="0,220,0" radius="0.5" length="4" />
		<capsule pos="31.049999999999997,22.0,20.699999999999996" vel="0,0,0" mass="1" elasticityCoef="1" ang="90,0,0" color="0,220,0" radius="0.5" length="4" />
		<capsule pos="31.049999999999997,22.0,22.999999999999993" vel="0,0,0" mass="1" elasticityCoef="1" ang="90,0,0" color="0,220,0" radius="0.5" length="4" />
		<capsule pos="31.049999999999997,22.0,25.300000000000004" vel="0,0,0" mass="1" elasticityCoef="1" ang="90,0,0" color="0,220,0" radius="0.5" length="4" />
		<capsule pos="31.049999999999997,22.0,27.6" vel="0,0,0" mass="1" elasticityCoef="1" ang="90,0,0" color="0,220,0" radius="0.5" length="4" />
		<capsule pos="31.049999999999997,22.0,29.9" vel="0,0,0" mass="1" elasticityCoef="1" ang="90,0,0" color="0,220,0" radius="0.5" length="4" />
		<capsule pos="31.049999999999997,22.0,32.199999999999996" vel="0,0,0" mass="1" elasticityCoef="1" ang="90,0,0" color="0,220,0" radius="0.5" length="4" />
		<capsule pos="31.049999999999997,22.0,34.49999999999999" vel="0,0,0" mass="1" elasticityCoef="1" ang="90,0,0" color="0,220,0" radius="0.5" length="4" />
		<capsule pos="31.049999999999997,22.0,36.800000000000004" vel="0,0,0" mass="1" elasticityCoef="1" ang="90,0,0" color="0,220,0" radius="0.5" length="4" />
		<capsule pos="31.049999999999997,22.0,39.1" vel="0,0,0" mass="1" elasticityCoef="1" ang="90,0,0" color="0,220,0" radius="0.5" length="4" />
		<capsule pos="31.049999999999997,22.0,41.4" vel="0,0,0" mass="1" elasticityCoef="1" ang="90,0,0" color="0,220,0" radius="0.5" length="4" />
		<capsule pos="31.049999999999997,27.5,-43.699999999999996" vel="0,0,0" mass="1" elasticityCoef="1" ang="90,0,0" color="0,220,0" radius="0.5" length="4" />
		<capsule pos="31.049999999999997,27.5,-41.4" vel="0,0,0" mass="1" elasticityCoef="1" ang="90,0,0" color="0,220,0" radius="0.5" length="4" />
		<capsule pos="31.049999999999997,27.5,-39.099999999999994" vel="0,0,0" mass="1" elasticityCoef="1" ang="90,0,0" color="0,220,0" radius="0.5" length="4" />
		<capsule pos="31.049999999999997,27.5,-36.8" vel="0,0,0" mass="1" elasticityCoef="1" ang="90,0,0" color="0,220,0" radius="0.5" length="4" />
		<capsule pos="31.049999999999997,27.5,-34.5" vel="0,0,0" mass="1" elasticityCoef="1" ang="90,0,0" color="0,220,0" radius="0.5" length="4" />
		<capsule pos="31.049999999999997,27.5,-32.199999999999996" vel="0,0,0" mass="1" elasticityCoef="1" ang="90,0,0" color="0,220,0" radius="0.5" length="4" />
		<capsule pos="31.049999999999997,27.5,-29.9" vel="0,0,0" mass="1" elasticityCoef="1" ang="90,0,0" color="0,220,0" radius="0.5" length="4" />
		<capsule pos="31.049999999999997,27.5,-27.599999999999998" vel="0,0,0" mass="1" elasticityCoef="1" ang="90,0,0" color="0,220,0" radius="0.5" length="4" />
		<capsule pos="31.049999999999997,27.5,-25.299999999999997" vel="0,0,0" mass="1" elasticityCoef="1" ang="90,0,0" color="0,220,0" radius="0.5" length="4" />
		<capsule pos="31.049999999999997,27.5,-22.999999999999996" vel="0,0,0" mass="1" elasticityCoef="1" ang="90,0,0" color="0,220,0" radius="0.5" length="4" />
		<capsule pos="31.049999999999997,27.5,-20.699999999999996" vel="0,0,0" mass="1" elasticityCoef="1" ang="90,0,0" color="0,220,0" radius="0.5" length="4" />
		<capsule pos="31.049999999999997,27.5,-18.4" vel="0,0,0" mass="1" elasticityCoef="1" ang="90,0,0" color="0,220,0" radius="0.5" length="4" />
		<capsule pos="31.049999999999997,27.5,-16.099999999999998" vel="0,0,0" mass="1" elasticityCoef="1" ang="90,0,0" color="0,220,0" radius="0.5" length="4" />
		<capsule pos="31.049999999999997,27.5,-13.799999999999997" vel="0,0,0" mass="1" elasticityCoef="1" ang="90,0,0" color="0,220,0" radius="0.5" length="4" />
		<capsule pos="31.049999999999997,27.5,-11.5" vel="0,0,0" mass="1" elasticityCoef="1" ang="90,0,0" color="0,220,0" radius="0.5" length="4" />
		<capsule pos="31.049999999999997,27.5,-9.199999999999996" vel="0,0,0" mass="1" elasticityCoef="1" ang="90,0,0" color="0,220,0" radius="0.5" length="4" />
		<capsule pos="31.049999999999997,27.5,-6.899999999999999" vel="0,0,0" mass="1" elasticityCoef="1" ang="90,0,0" color="0,220,0" radius="0.5" length="4" />
		<capsule pos="31.049999999999997,27.5,-4.600000000000001" vel="0,0,0" mass="1" elasticityCoef="1" ang="90,0,0" color="0,220,0" radius="0.5" length="4" />
		<capsule pos="31.049999999999997,27.5,-2.299999999999997" vel="0,0,0" mass="1" elasticityCoef="1" ang="90,0,0" color="0,220,0" radius="0.5" length="4" />
		<capsule pos="31.049999999999997,27.5,0.0" vel="0,0,0" mass="1" elasticityCoef="1" ang="90,0,0" color="0,220,0" radius="0.5" length="4" />
		<capsule pos="31.049999999999997,27.5,2.3000000000000043" vel="0,0,0" mass="1" elasticityCoef="1" ang="90,0,0" color="0,220,0" radius="0.5" length="4" />
		<capsule pos="31.049999999999997,27.5,4.600000000000001" vel="0,0,0" mass="1" elasticityCoef="1" ang="90,0,0" color="0,220,0" radius="0.5" length="4" />
		<capsule pos="31.049999999999997,27.5,6.899999999999999" vel="0,0,0" mass="1" elasticityCoef="1" ang="90,0,0" color="0,220,0" radius="0.5" length="4" />
		<capsule pos="31.049999999999997,27.5,9.200000000000003" vel="0,0,0" mass="1" elasticityCoef="1" ang="90,0,0" color="0,220,0" radius="0.5" length="4" />
		<capsule pos="31.049999999999997,27.5,11.5" vel="0,0,0" mass="1" elasticityCoef="1" ang="90,0,0" color="0,220,0" radius="0.5" length="4" />
		<capsule pos="31.049999999999997,27.5,13.799999999999997" vel="0,0,0" mass="1" elasticityCoef="1" ang="90,0,0" color="0,220,0" radius="0.5" length="4" />
		<capsule pos="31.049999999999997,27.5,16.1" vel="0,0,0" mass="1" elasticityCoef="1" ang="90,0,0" color="0,220,0" radius="0.5" length="4" />
		<capsule pos="31.049999999999997,27.5,18.4" vel="0,0,0" mass="1" elasticityCoef="1" ang="90,0,0" color="0,220,0" radius="0.5" length="4" />
		<capsule pos="31.049999999999997,27.5,20.699999999999996" vel="0,0,0" mass="1" elasticityCoef="1" ang="90,0,0" color="0,220,0" radius="0.5" length="4" />
		<capsule pos="31.049999999999997,27.5,22.999999999999993" vel="0,0,0" mass="1" elasticityCoef="1" ang="90,0,0" color="0,220,0" radius="0.5" length="4" />
		<capsule pos="31.049999999999997,27.5,25.300000000000004" vel="0,0,0" mass="1" elasticityCoef="1" ang="90,0,0" color="0,220,0" radius="0.5" length="4" />
		<capsule pos="31.049999999999997,27.5,27.6" vel="0,0,0" mass="1" elasticityCoef="1" ang="90,0,0" color="0,220,0" radius="0.5" length="4" />
		<capsule pos="31.049999999999997,27.5,29.9" vel="0,0,0" mass="1" elasticityCoef="1" ang="90,0,0" color="0,220,0" radius="0.5" length="4" />
		<capsule pos="31.049999999999997,27.5,32.199999999999996" vel="0,0,0" mass="1" elasticityCoef="1" ang="90,0,0" color="0,220,0" radius="0.5" length="4" />
		<capsule pos="31.049999999999997,27.5,34.49999999999999" vel="0,0,0" mass="1" elasticityCoef="1" ang="90,0,0" color="0,220,0" radius="0.5" length="4" />
		<capsule pos="31.049999999999997,27.5,36.800000000000004" vel="0,0,0" mass="1" elasticityCoef="1" ang="90,0,0" color="0,220,0" radius="0.5" length="4" />
		<capsule pos="31.049999999999997,27.5,39.1" vel="0,0,0" mass="1" elasticityCoef="1" ang="90,0,0" color="0,220,0" radius="0.5" length="4" />
		<capsule pos="31.049999999999997,27.5,41.4" vel="0,0,0" mass="1" elasticityCoef="1" ang="90,0,0" color="0,220,0" radius="0.5" length="4" />
		<capsule pos="31.049999999999997,33.0,-43.699999999999996" vel="0,0,0" mass="1" elasticityCoef="1" ang="90,0,0" color="0,220,0" radius="0.5" length="4" />
		<capsule pos="31.049999999999997,33.0,-41.4" vel="0,0,0" mass="1" elasticityCoef="1" ang="90,0,0" color="0,220,0" radius="0.5" length="4" />
		<capsule pos="31.049999999999997,33.0,-39.099999999999994" vel="0,0,0" mass="1" elasticityCoef="1" ang="90,0,0" color="0,220,0" radius="0.5" length="4" />
		<capsule pos="31.049999999999997,33.0,-36.8" vel="0,0,0" mass="1" elasticityCoef="1" ang="90,0,0" color="0,220,0" radius="0.5" length="4" />
		<capsule pos="31.049999999999997,33.0,-34.5" vel="0,0,0" mass="1" elasticityCoef="1" ang="90,0,0" color="0,220,0" radius="0.5" length="4" />
		<capsule pos="31.049999999999997,33.0,-32.199999999999996" vel="0,0,0" mass="1" elasticityCoef="1" ang="90,0,0" color="0,220,0" radius="0.5" length="4" />
		<capsule pos="31.049999999999997,33.0,-29.9" vel="0,0,0" mass="1" elasticityCoef="1" ang="90,0,0" color="0,220,0" radius="0.5" length="4" />
		<capsule pos="31.049999999999997,33.0,-27.599999999999998" vel="0,0,0" mass="1" elasticityCoef="1" ang="90,0,0" color="0,220,0" radius="0.5" length="4" />
		<capsule pos="31.049999999999997,33.0,-25.299999999999997" vel="0,0,0" mass="1" elasticityCoef="1" ang="90,0,0" color="0,220,0" radius="0.5" length="4" />
		<capsule pos="31.049999999999997,33.0,-22.999999999999996" vel="0,0,0" mass="1" elasticityCoef="1" ang="90,0,0" color="0,220,0" radius="0.5" length="4" />
		<capsule pos="31.049999999999997,33.0,-20.699999999999996" vel="0,0,0" mass="1" elasticityCoef="1" ang="90,0,0" color="0,220,0" radius="0.5" length="4" />
		<capsule pos="31.049999999999997,33.0,-18.4" vel="0,0,0" mass="1" elasticityCoef="1" ang="90,0,0" color="0,220,0" radius="0.5" length="4" />
		<capsule pos="31.049999999999997,33.0,-16.099999999999998" vel="0,0,0" mass="1" elasticityCoef="1" ang="90,0,0" color="0,220,0" radius="0.5" length="4" />
		<capsule pos="31.049999999999997,33.0,-13.799999999999997" vel="0,0,0" mass="1" elasticityCoef="1" ang="90,0,0" color="0,220,0" radius="0.5" length="4" />
		<capsule pos="31.049999999999997,33.0,-11.5" vel="0,0,0" mass="1" elasticityCoef="1" ang="90,0,0" color="0,220,0" radius="0.5" length="4" />
		<capsule pos="31.049999999999997,33.0,-9.199999999999996" vel="0,0,0" mass="1" elasticityCoef="1" ang="90,0,0" color="0,220,0" radius="0.5" length="4" />
		<capsule pos="31.049999999999997,33.0,-6.899999999999999" vel="0,0,0" mass="1" elasticityCoef="1" ang="90,0,0" color="0,220,0" radius="0.5" length="4" />
		<capsule pos="31.049999999999997,33.0,-4.600000000000001" vel="0,0,0" mass="1" elasticityCoef="1" ang="90,0,0" color="0,220,0" radius="0.5" length="4" />
		<capsule pos="31.049999999999997,33.0,-2.299999999999997" vel="0,0,0" mass="1" elasticityCoef="1" ang="90,0,0" color="0,220,0" radius="0.5" length="4" />
		<capsule pos="31.049999999999997,33.0,0.0" vel="0,0,0" mass="1" elasticityCoef="1" ang="90,0,0" color="0,220,0" radius="0.5" length="4" />
		<capsule pos="31.049999999999997,33.0,2.3000000000000043" vel="0,0,0" mass="1" elasticityCoef="1" ang="90,0,0" color="0,220,0" radius="0.5" length="4" />
		<capsule pos="31.049999999999997,33.0,4.600000000000001" vel="0,0,0" mass="1" elasticityCoef="1" ang="90,0,0" color="0,220,0" radius="0.5" length="4" />
		<capsule pos="31.049999999999997,33.0,6.899999999999999" vel="0,0,0" mass="1" elasticityCoef="1" ang="90,0,0" color="0,220,0" radius="0.5" length="4" />
		<capsule pos="31.049999999999997,33.0,9.200000000000003" vel="0,0,0" mass="1" elasticityCoef="1" ang="90,0,0" color="0,220,0" radius="0.5" length="4" />
		<capsule pos="31.049999999999997,33.0,11.5" vel="0,0,0" mass="1" elasticityCoef="1" ang="90,0,0" color="0,220,0" radius="0.5" length="4" />
		<capsule pos="31.049999999999997,33.0,13.799999999999997" vel="0,0,0" mass="1" elasticityCoef="1" ang="90,0,0" color="0,220,0" radius="0.5" length="4" />
		<capsule pos="31.049999999999997,33.0,16.1" vel="0,0,0" mass="1" elasticityCoef="1" ang="90,0,0" color="0,220,0" radius="0.5" length="4" />
		<capsule pos="31.049999999999997,33.0,18.4" vel="0,0,0" mass="1" elasticityCoef="1" ang="90,0,0" color="0,220,0" radius="0.5" length="4" />
		<capsule pos="31.049999999999997,33.0,20.699999999999996" vel="0,0,0" mass="1" elasticityCoef="1" ang="90,0,0" color="0,220,0" radius="0.5" length="4" />
		<capsule pos="31.049999999999997,33.0,22.999999999999993" vel="0,0,0" mass="1" elasticityCoef="1" ang="90,0,0" color="0,220,0" radius="0.5" length="4" />
		<capsule pos="31.049999999999997,33.0,25.300000000000004" vel="0,0,0" mass="1" elasticityCoef="1" ang="90,0,0" color="0,220,0" radius="0.5" length="4" />
		<capsule pos="31.049999999999997,33.0,27.6" vel="0,0,0" mass="1" elasticityCoef="1" ang="90,0,0" color="0,220,0" radius="0.5" length="4" />
		<capsule pos="31.049999999999997,33.0,29.9" vel="0,0,0" mass="1" elasticityCoef="1" ang="90,0,0" color="0,220,0" radius="0.5" length="4" />
		<capsule pos="31.049999999999997,33.0,32.199999999999996" vel="0,0,0" mass="1" elasticityCoef="1" ang="90,0,0" color="0,220,0" radius="0.5" length="4" />
		<capsule pos="31.049999999999997,33.0,34.49999999999999" vel="0,0,0" mass="1" elasticityCoef="1" ang="90,0,0" color="0,220,0" radius="0.5" length="4" />
		<capsule pos="31.049999999999997,33.0,36.800000000000004" vel="0,0,0" mass="1" elasticityCoef="1" ang="90,0,0" color="0,220,0" radius="0.5" length="4" />
		<capsule pos="31.049999999999997,33.0,39.1" vel="0,0,0" mass="1" elasticityCoef="1" ang="90,0,0" color="0,220,0" radius="0.5" length="4" />
		<capsule pos="31.049999999999997,33.0,41.4" vel="0,0,0" mass="1" elasticityCoef="1" ang="90,0,0" color="0,220,0" radius="0.5" length="4" />
		<capsule pos="31.049999999999997,38.5,-43.699999999999996" vel="0,0,0" mass="1" elasticityCoef="1" ang="90,0,0" color="0,220,0" radius="0.5" length="4" />
		<capsule pos="31.049999999999997,38.5,-41.4" vel="0,0,0" mass="1" elasticityCoef="1" ang="90,0,0" color="0,220,0" radius="0.5" length="4" />
		<capsule pos="31.049999999999997,38.5,-39.099999999999994" vel="0,0,0" mass="1" elasticityCoef="1" ang="90,0,0" color="0,220,0" radius="0.5" length="4" />
		<capsule pos="31.049999999999997,38.5,-36.8" vel="0,0,0" mass="1" elasticityCoef="1" ang="90,0,0" color="0,220,0" radius="0.5" length="4" />
		<capsule pos="31.049999999999997,38.5,-34.5" vel="0,0,0" mass="1" elasticityCoef="1" ang="90,0,0" color="0,220,0" radius="0.5" length="4" />
		<capsule pos="31.049999999999997,38.5,-32.199999999999996" vel="0,0,0" mass="1" elasticityCoef="1" ang="90,0,0" color="0,220,0" radius="0.5" length="4" />
		<capsule pos="31.049999999999997,38.5,-29.9" vel="0,0,0" mass="1" elasticityCoef="1" ang="90,0,0" color="0,220,0" radius="0.5" length="4" />
		<capsule pos="31.049999999999997,38.5,-27.599999999999998" vel="0,0,0" mass="1" elasticityCoef="1" ang="90,0,0" color="0,220,0" radius="0.5" length="4" />
		<capsule pos="31.049999999999997,38.5,-25.299999999999997" vel="0,0,0" mass="1" elasticityCoef="1" ang="90,0,0" color="0,220,0" radius="0.5" length="4" />
		<capsule pos="31.049999999999997,38.5,-22.999999999999996" vel="0,0,0" mass="1" elasticityCoef="1" ang="90,0,0" color="0,220,0" radius="0.5" length="4" />
		<capsule pos="31.049999999999997,38.5,-20.699999999999996" vel="0,0,0" mass="1" elasticityCoef="1" ang="90,0,0" color="0,220,0" radius="0.5" length="4" />
		<capsule pos="31.049999999999997,38.5,-18.4" vel="0,0,0" mass="1" elasticityCoef="1" ang="90,0,0" color="0,220,0" radius="0.5" length="4" />
		<capsule pos="31.049999999999997,38.5,-16.099999999999998" vel="0,0,0" mass="1" elasticityCoef="1" ang="90,0,0" color="0,220,0" radius="0.5" length="4" />
		<capsule pos="31.049999999999997,38.5,-13.799999999999997" vel="0,0,0" mass="1" elasticityCoef="1" ang="90,0,0" color="0,220,0" radius="0.5" length="4" />
		<capsule pos="31.049999999999997,38.5,-11.5" vel="0,0,0" mass="1" elasticityCoef="1" ang="90,0,0" color="0,220,0" radius="0.5" length="4" />
		<capsule pos="31.049999999999997,38.5,-9.199999999999996" vel="0,0,0" mass="1" elasticityCoef="1" ang="90,0,0" color="0,220,0" radius="0.5" length="4" />
		<capsule pos="31.049999999999997,38.5,-6.899999999999999" vel="0,0,0" mass="1" elasticityCoef="1" ang="90,0,0" color="0,220,0" radius="0.5" length="4" />
		<capsule pos="31.049999999999997,38.5,-4.600000000000001" vel="0,0,0" mass="1" elasticityCoef="1" ang="90,0,0" color="0,220,0" radius="0.5" length="4" />
		<capsule pos="31.049999999999997,38.5,-2.299999999999997" vel="0,0,0" mass="1" elasticityCoef="1" ang="90,0,0" color="0,220,0" radius="0.5" length="4" />
		<capsule pos="31.049999999999997,38.5,0.0" vel="0,0,0" mass="1" elasticityCoef="1" ang="90,0,0" color="0,220,0" radius="0.5" length="4" />
		<capsule pos="31.049999999999997,38.5,2.3000000000000043" vel="0,0,0" mass="1" elasticityCoef="1" ang="90,0,0" color="0,220,0" radius="0.5" length="4" />
		<capsule pos="31.049999999999997,38.5,4.600000000000001" vel="0,0,0" mass="1" elasticityCoef="1" ang="90,0,0" color="0,220,0" radius="0.5" length="4" />
		<capsule pos="31.049999999999997,38.5,6.899999999999999" vel="0,0,0" mass="1" elasticityCoef="1" ang="90,0,0" color="0,220,0" radius="0.5" length="4" />
		<capsule pos="31.049999999999997,38.5,9.200000000000003" vel="0,0,0" mass="1" elasticityCoef="1" ang="90,0,0" color="0,220,0" radius="0.5" length="4" />
		<capsule pos="31.049999999999997,38.5,11.5" vel="0,0,0" mass="1" elasticityCoef="1" ang="90,0,0" color="0,220,0" radius="0.5" length="4" />
		<capsule pos="31.049999999999997,38.5,13.799999999999997" vel="0,0,0" mass="1" elasticityCoef="1" ang="90,0,0" color="0,220,0" radius="0.5" length="4" />
		<capsule pos="31.049999999999997,38.5,16.1" vel="0,0,0" mass="1" elasticityCoef="1" ang="90,0,0" color="0,220,0" radius="0.5" length="4" />
		<capsule pos="31.049999999999997,38.5,18.4" vel="0,0,0" mass="1" elasticityCoef="1" ang="90,0,0" color="0,220,0" radius="0.5" length="4" />
		<capsule pos="31.049999999999997,38.5,20.699999999999996" vel="0,0,0" mass="1" elasticityCoef="1" ang="90,0,0" color="0,220,0" radius="0.5" length="4" />
		<capsule pos="31.049999999999997,38.5,22.999999999999993" vel="0,0,0" mass="1" elasticityCoef="1" ang="90,0,0" color="0,220,0" radius="0.5" length="4" />
		<capsule pos="31.049999999999997,38.5,25.300000000000004" vel="0,0,0" mass="1" elasticityCoef="1" ang="90,0,0" color="0,220,0" radius="0.5" length="4" />
		<capsule pos="31.049999999999997,38.5,27.6" vel="0,0,0" mass="1" elasticityCoef="1" ang="90,0,0" color="0,220,0" radius="0.5" length="4" />
		<capsule pos="31.049999999999997,38.5,29.9" vel="0,0,0" mass="1" elasticityCoef="1" ang="90,0,0" color="0,220,0" radius="0.5" length="4" />
		<capsule pos="31.049999999999997,38.5,32.199999999999996" vel="0,0,0" mass="1" elasticityCoef="1" ang="90,0,0" color="0,220,0" radius="0.5" length="4" />
		<capsule pos="31.049999999999997,38.5,34.49999999999999" vel="0,0,0" mass="1" elasticityCoef="1" ang="90,0,0" color="0,220,0" radius="0.5" length="4" />
		<capsule pos="31.049999999999997,38.5,36.800000000000004" vel="0,0,0" mass="1" elasticityCoef="1" ang="90,0,0" color="0,220,0" radius="0.5" length="4" />
		<capsule pos="31.049999999999997,38.5,39.1" vel="0,0,0" mass="1" elasticityCoef="1" ang="90,0,0" color="0,220,0" radius="0.5" length="4" />
		<capsule pos="31.049999999999997,38.5,41.4" vel="0,0,0" mass="1" elasticityCoef="1" ang="90,0,0" color="0,220,0" radius="0.5" length="4" />
		<capsule pos="31.049999999999997,44.0,-43.699999999999996" vel="0,0,0" mass="1" elasticityCoef="1" ang="90,0,0" color="0,220,0" radius="0.5" length="4" />
		<capsule pos="31.049999999999997,44.0,-41.4" vel="0,0,0" mass="1" elasticityCoef="1" ang="90,0,0" color="0,220,0" radius="0.5" length="4" />
		<capsule pos="31.049999999999997,44.0,-39.099999999999994" vel="0,0,0" mass="1" elasticityCoef="1" ang="90,0,0" color="0,220,0" radius="0.5" length="4" />
		<capsule pos="31.049999999999997,44.0,-36.8" vel="0,0,0" mass="1" elasticityCoef="1" ang="90,0,0" color="0,220,0" radius="0.5" length="4" />
		<capsule pos="31.049999999999997,44.0,-34.5" vel="0,0,0" mass="1" elasticityCoef="1" ang="90,0,0" color="0,220,0" radius="0.5" length="4" />
		<capsule pos="31.049999999999997,44.0,-32.199999999999996" vel="0,0,0" mass="1" elasticityCoef="1" ang="90,0,0" color="0,220,0" radius="0.5" length="4" />
		<capsule pos="31.049999999999997,44.0,-29.9" vel="0,0,0" mass="1" elasticityCoef="1" ang="90,0,0" color="0,220,0" radius="0.5" length="4" />
		<capsule pos="31.049999999999997,44.0,-27.599999999999998" vel="0,0,0" mass="1" elasticityCoef="1" ang="90,0,0" color="0,220,0" radius="0.5" length="4" />
		<capsule pos="31.049999999999997,44.0,-25.299999999999997" vel="0,0,0" mass="1" elasticityCoef="1" ang="90,0,0" color="0,220,0" radius="0.5" length="4" />
		<capsule pos="31.049999999999997,44.0,-22.999999999999996" vel="0,0,0" mass="1" elasticityCoef="1" ang="90,0,0" color="0,220,0" radius="0.5" length="4" />
		<capsule pos="31.049999999999997,44.0,-20.699999999999996" vel="0,0,0" mass="1" elasticityCoef="1" ang="90,0,0" color="0,220,0" radius="0.5" length="4" />
		<capsule pos="31.049999999999997,44.0,-18.4" vel="0,0,0" mass="1" elasticityCoef="1" ang="90,0,0" color="0,220,0" radius="0.5" length="4" />
		<capsule pos="31.049999999999997,44.0,-16.099999999999998" vel="0,0,0" mass="1" elasticityCoef="1" ang="90,0,0" color="0,220,0" radius="0.5" length="4" />
		<capsule pos="31.049999999999997,44.0,-13.799999999999997" vel="0,0,0" mass="1" elasticityCoef="1" ang="90,0,0" color="0,220,0" radius="0.5" length="4" />
		<capsule pos="31.049999999999997,44.0,-11.5" vel="0,0,0" mass="1" elasticityCoef="1" ang="90,0,0" color="0,220,0" radius="0.5" length="4" />
		<capsule pos="31.049999999999997,44.0,-9.199999999999996" vel="0,0,0" mass="1" elasticityCoef="1" ang="90,0,0" color="0,220,0" radius="0.5" length="4" />
		<capsule pos="31.049999999999997,44.0,-6.899999999999999" vel="0,0,0" mass="1" elasticityCoef="1" ang="90,0,0" color="0,220,0" radius="0.5" length="4" />
		<capsule pos="31.049999999999997,44.0,-4.600000000000001" vel="0,0,0" mass="1" elasticityCoef="1" ang="90,0,0" color="0,220,0" radius="0.5" length="4" />
		<capsule pos="31.049999999999997,44.0,-2.299999999999997" vel="0,0,0" mass="1" elasticityCoef="1" ang="90,0,0" color="0,220,0" radius="0.5" length="4" />
		<capsule pos="31.049999999999997,44.0,0.0" vel="0,0,0" mass="1" elasticityCoef="1" ang="90,0,0" color="0,220,0" radius="0.5" length="4" />
		<capsule pos="31.049999999999997,44.0,2.3000000000000043" vel="0,0,0" mass="1" elasticityCoef="1" ang="90,0,0" color="0,220,0" radius="0.5" length="4" />
		<capsule pos="31.049999999999997,44.0,4.600000000000001" vel="0,0,0" mass="1" elasticityCoef="1" ang="90,0,0" color="0,220,0" radius="0.5" length="4" />
		<capsule pos="31.049999999999997,44.0,6.899999999999999" vel="0,0,0" mass="1" elasticityCoef="1" ang="90,0,0" color="0,220,0" radius="0.5" length="4" />
		<capsule pos="31.049999999999997,44.0,9.200000000000003" vel="0,0,0" mass="1" elasticityCoef="1" ang="90,0,0" color="0,220,0" radius="0.5" length="4" />
		<capsule pos="31.049999999999997,44.0,11.5" vel="0,0,0" mass="1" elasticityCoef="1" ang="90,0,0" color="0,220,0" radius="0.5" length="4" />
		<capsule pos="31.049999999999997,44.0,13.799999999999997" vel="0,0,0" mass="1" elasticityCoef="1" ang="90,0,0" color="0,220,0" radius="0.5" length="4" />
		<capsule pos="31.049999999999997,44.0,16.1" vel="0,0,0" mass="1" elasticityCoef="1" ang="90,0,0" color="0,220,0" radius="0.5" length="4" />
		<capsule pos="31.049999999999997,44.0,18.4" vel="0,0,0" mass="1" elasticityCoef="1" ang="90,0,0" color="0,220,0" radius="0.5" length="4" />
		<capsule pos="31.049999999999997,44.0,20.699999999999996" vel="0,0,0" mass="1" elasticityCoef="1" ang="90,0,0" color="0,220,0" radius="0.5" length="4" />
		<capsule pos="31.049999999999997,44.0,22.999999999999993" vel="0,0,0" mass="1" elasticityCoef="1" ang="90,0,0" color="0,220,0" radius="0.5" length="4" />
		<capsule pos="31.049999999999997,44.0,25.300000000000004" vel="0,0,0" mass="1" elasticityCoef="1" ang="90,0,0" color="0,220,0" radius="0.5" length="4" />
		<capsule pos="31.049999999999997,44.0,27.6" vel="0,0,0" mass="1" elasticityCoef="1" ang="90,0,0" color="0,220,0" radius="0.5" length="4" />
		<capsule pos="31.049999999999997,44.0,29.9" vel="0,0,0" mass="1" elasticityCoef="1" ang="90,0,0" color="0,220,0" radius="0.5" length="4" />
		<capsule pos="31.049999999999997,44.0,32.199999999999996" vel="0,0,0" mass="1" elasticityCoef="1" ang="90,0,0" color="0,220,0" radius="0.5" length="4" />
		<capsule pos="31.049999999999997,44.0,34.49999999999999" vel="0,0,0" mass="1" elasticityCoef="1" ang="90,0,0" color="0,220,0" radius="0.5" length="4" />
		<capsule pos="31.049999999999997,44.0,36.800000000000004" vel="0,0,0" mass="1" elasticityCoef="1" ang="90,0,0" color="0,220,0" radius="0.5" length="4" />
		<capsule pos="31.049999999999997,44.0,39.1" vel="0,0,0" mass="1" elasticityCoef="1" ang="90,0,0" color="0,220,0" radius="0.5" length="4" />
		<capsule pos="31.049999999999997,44.0,41.4" vel="0,0,0" mass="1" elasticityCoef="1" ang="90,0,0" color="0,220,0" radius="0.5" length="4" />
		<capsule pos="33.349999999999994,-49.5,-43.699999999999996" vel="0,0,0" mass="1" elasticityCoef="1" ang="90,0,0" color="0,220,0" radius="0.5" length="4" />
		<capsule pos="33.349999999999994,-49.5,-41.4" vel="0,0,0" mass="1" elasticityCoef="1" ang="90,0,0" color="0,220,0" radius="0.5" length="4" />
		<capsule pos="33.349999999999994,-49.5,-39.099999999999994" vel="0,0,0" mass="1" elasticityCoef="1" ang="90,0,0" color="0,220,0" radius="0.5" length="4" />
		<capsule pos="33.349999999999994,-49.5,-36.8" vel="0,0,0" mass="1" elasticityCoef="1" ang="90,0,0" color="0,220,0" radius="0.5" length="4" />
		<capsule pos="33.349999999999994,-49.5,-34.5" vel="0,0,0" mass="1" elasticityCoef="1" ang="90,0,0" color="0,220,0" radius="0.5" length="4" />
		<capsule pos="33.349999999999994,-49.5,-32.199999999999996" vel="0,0,0" mass="1" elasticityCoef="1" ang="90,0,0" color="0,220,0" radius="0.5" length="4" />
		<capsule pos="33.349999999999994,-49.5,-29.9" vel="0,0,0" mass="1" elasticityCoef="1" ang="90,0,0" color="0,220,0" radius="0.5" length="4" />
		<capsule pos="33.349999999999994,-49.5,-27.599999999999998" vel="0,0,0" mass="1" elasticityCoef="1" ang="90,0,0" color="0,220,0" radius="0.5" length="4" />
		<capsule pos="33.349999999999994,-49.5,-25.299999999999997" vel="0,0,0" mass="1" elasticityCoef="1" ang="90,0,0" color="0,220,0" radius="0.5" length="4" />
		<capsule pos="33.349999999999994,-49.5,-22.999999999999996" vel="0,0,0" mass="1" elasticityCoef="1" ang="90,0,0" color="0,220,0" radius="0.5" length="4" />
		<capsule pos="33.349999999999994,-49.5,-20.699999999999996" vel="0,0,0" mass="1" elasticityCoef="1" ang="90,0,0" color="0,220,0" radius="0.5" length="4" />
		<capsule pos="33.349999999999994,-49.5,-18.4" vel="0,0,0" mass="1" elasticityCoef="1" ang="90,0,0" color="0,220,0" radius="0.5" length="4" />
		<capsule pos="33.349999999999994,-49.5,-16.099999999999998" vel="0,0,0" mass="1" elasticityCoef="1" ang="90,0,0" color="0,220,0" radius="0.5" length="4" />
		<capsule pos="33.349999999999994,-49.5,-13.799999999999997" vel="0,0,0" mass="1" elasticityCoef="1" ang="90,0,0" color="0,220,0" radius="0.5" length="4" />
		<capsule pos="33.349999999999994,-49.5,-11.5" vel="0,0,0" mass="1" elasticityCoef="1" ang="90,0,0" color="0,220,0" radius="0.5" length="4" />
		<capsule pos="33.349999999999994,-49.5,-9.199999999999996" vel="0,0,0" mass="1" elasticityCoef="1" ang="90,0,0" color="0,220,0" radius="0.5" length="4" />
		<capsule pos="33.349999999999994,-49.5,-6.899999999999999" vel="0,0,0" mass="1" elasticityCoef="1" ang="90,0,0" color="0,220,0" radius="0.5" length="4" />
		<capsule pos="33.349999999999994,-49.5,-4.600000000000001" vel="0,0,0" mass="1" elasticityCoef="1" ang="90,0,0" color="0,220,0" radius="0.5" length="4" />
		<capsule pos="33.349999999999994,-49.5,-2.299999999999997" vel="0,0,0" mass="1" elasticityCoef="1" ang="90,0,0" color="0,220,0" radius="0.5" length="4" />
		<capsule pos="33.349999999999994,-49.5,0.0" vel="0,0,0" mass="1" elasticityCoef="1" ang="90,0,0" color="0,220,0" radius="0.5" length="4" />
		<capsule pos="33.349999999999994,-49.5,2.3000000000000043" vel="0,0,0" mass="1" elasticityCoef="1" ang="90,0,0" color="0,220,0" radius="0.5" length="4" />
		<capsule pos="33.349999999999994,-49.5,4.600000000000001" vel="0,0,0" mass="1" elasticityCoef="1" ang="90,0,0" color="0,220,0" radius="0.5" length="4" />
		<capsule pos="33.349999999999994,-49.5,6.899999999999999" vel="0,0,0" mass="1" elasticityCoef="1" ang="90,0,0" color="0,220,0" radius="0.5" length="4" />
		<capsule pos="33.349999999999994,-49.5,9.200000000000003" vel="0,0,0" mass="1" elasticityCoef="1" ang="90,0,0" color="0,220,0" radius="0.5" length="4" />
		<capsule pos="33.349999999999994,-49.5,11.5" vel="0,0,0" mass="1" elasticityCoef="1" ang="90,0,0" color="0,220,0" radius="0.5" length="4" />
		<capsule pos="33.349999999999994,-49.5,13.799999999999997" vel="0,0,0" mass="1" elasticityCoef="1" ang="90,0,0" color="0,220,0" radius="0.5" length="4" />
		<capsule pos="33.349999999999994,-49.5,16.1" vel="0,0,0" mass="1" elasticityCoef="1" ang="90,0,0" color="0,220,0" radius="0.5" length="4" />
		<capsule pos="33.349999999999994,-49.5,18.4" vel="0,0,0" mass="1" elasticityCoef="1" ang="90,0,0" color="0,220,0" radius="0.5" length="4" />
		<capsule pos="33.349999999999994,-49.5,20.699999999999996" vel="0,0,0" mass="1" elasticityCoef="1" ang="90,0,0" color="0,220,0" radius="0.5" length="4" />
		<capsule pos="33.349999999999994,-49.5,22.999999999999993" vel="0,0,0" mass="1" elasticityCoef="1" ang="90,0,0" color="0,220,0" radius="0.5" length="4" />
		<capsule pos="33.349999999999994,-49.5,25.300000000000004" vel="0,0,0" mass="1" elasticityCoef="1" ang="90,0,0" color="0,220,0" radius="0.5" length="4" />
		<capsule pos="33.349999999999994,-49.5,27.6" vel="0,0,0" mass="1" elasticityCoef="1" ang="90,0,0" color="0,220,0" radius="0.5" length="4" />
		<capsule pos="33.349999999999994,-49.5,29.9" vel="0,0,0" mass="1" elasticityCoef="1" ang="90,0,0" color="0,220,0" radius="0.5" length="4" />
		<capsule pos="33.349999999999994,-49.5,32.199999999999996" vel="0,0,0" mass="1" elasticityCoef="1" ang="90,0,0" color="0,220,0" radius="0.5" length="4" />
		<capsule pos="33.349999999999994,-49.5,34.49999999999999" vel="0,0,0" mass="1" elasticityCoef="1" ang="90,0,0" color="0,220,0" radius="0.5" length="4" />
		<capsule pos="33.349999999999994,-49.5,36.800000000000004" vel="0,0,0" mass="1" elasticityCoef="1" ang="90,0,0" color="0,220,0" radius="0.5" length="4" />
		<capsule pos="33.349999999999994,-49.5,39.1" vel="0,0,0" mass="1" elasticityCoef="1" ang="90,0,0" color="0,220,0" radius="0.5" length="4" />
		<capsule pos="33.349999999999994,-49.5,41.4" vel="0,0,0" mass="1" elasticityCoef="1" ang="90,0,0" color="0,220,0" radius="0.5" length="4" />
		<capsule pos="33.349999999999994,-44.0,-43.699999999999996" vel="0,0,0" mass="1" elasticityCoef="1" ang="90,0,0" color="0,220,0" radius="0.5" length="4" />
		<capsule pos="33.349999999999994,-44.0,-41.4" vel="0,0,0" mass="1" elasticityCoef="1" ang="90,0,0" color="0,220,0" radius="0.5" length="4" />
		<capsule pos="33.349999999999994,-44.0,-39.099999999999994" vel="0,0,0" mass="1" elasticityCoef="1" ang="90,0,0" color="0,220,0" radius="0.5" length="4" />
		<capsule pos="33.349999999999994,-44.0,-36.8" vel="0,0,0" mass="1" elasticityCoef="1" ang="90,0,0" color="0,220,0" radius="0.5" length="4" />
		<capsule pos="33.349999999999994,-44.0,-34.5" vel="0,0,0" mass="1" elasticityCoef="1" ang="90,0,0" color="0,220,0" radius="0.5" length="4" />
		<capsule pos="33.349999999999994,-44.0,-32.199999999999996" vel="0,0,0" mass="1" elasticityCoef="1" ang="90,0,0" color="0,220,0" radius="0.5" length="4" />
		<capsule pos="33.349999999999994,-44.0,-29.9" vel="0,0,0" mass="1" elasticityCoef="1" ang="90,0,0" color="0,220,0" radius="0.5" length="4" />
		<capsule pos="33.349999999999994,-44.0,-27.599999999999998" vel="0,0,0" mass="1" elasticityCoef="1" ang="90,0,0" color="0,220,0" radius="0.5" length="4" />
		<capsule pos="33.349999999999994,-44.0,-25.299999999999997" vel="0,0,0" mass="1" elasticityCoef="1" ang="90,0,0" color="0,220,0" radius="0.5" length="4" />
		<capsule pos="33.349999999999994,-44.0,-22.999999999999996" vel="0,0,0" mass="1" elasticityCoef="1" ang="90,0,0" color="0,220,0" radius="0.5" length="4" />
		<capsule pos="33.349999999999994,-44.0,-20.699999999999996" vel="0,0,0" mass="1" elasticityCoef="1" ang="90,0,0" color="0,220,0" radius="0.5" length="4" />
		<capsule pos="33.349999999999994,-44.0,-18.4" vel="0,0,0" mass="1" elasticityCoef="1" ang="90,0,0" color="0,220,0" radius="0.5" length="4" />
		<capsule pos="33.349999999999994,-44.0,-16.099999999999998" vel="0,0,0" mass="1" elasticityCoef="1" ang="90,0,0" color="0,220,0" radius="0.5" length="4" />
		<capsule pos="33.349999999999994,-44.0,-13.799999999999997" vel="0,0,0" mass="1" elasticityCoef="1" ang="90,0,0" color="0,220,0" radius="0.5" length="4" />
		<capsule pos="33.349999999999994,-44.0,-11.5" vel="0,0,0" mass="1" elasticityCoef="1" ang="90,0,0" color="0,220,0" radius="0.5" length="4" />
		<capsule pos="33.349999999999994,-44.0,-9.199999999999996" vel="0,0,0" mass="1" elasticityCoef="1" ang="90,0,0" color="0,220,0" radius="0.5" length="4" />
		<capsule pos="33.349999999999994,-44.0,-6.899999999999999" vel="0,0,0" mass="1" elasticityCoef="1" ang="90,0,0" color="0,220,0" radius="0.5" length="4" />
		<capsule pos="33.349999999999994,-44.0,-4.600000000000001" vel="0,0,0" mass="1" elasticityCoef="1" ang="90,0,0" color="0,220,0" radius="0.5" length="4" />
		<capsule pos="33.349999999999994,-44.0,-2.299999999999997" vel="0,0,0" mass="1" elasticityCoef="1" ang="90,0,0" color="0,220,0" radius="0.5" length="4" />
		<capsule pos="33.349999999999994,-44.0,0.0" vel="0,0,0" mass="1" elasticityCoef="1" ang="90,0,0" color="0,220,0" radius="0.5" length="4" />
		<capsule pos="33.349999999999994,-44.0,2.3000000000000043" vel="0,0,0" mass="1" elasticityCoef="1" ang="90,0,0" color="0,220,0" radius="0.5" length="4" />
		<capsule pos="33.349999999999994,-44.0,4.600000000000001" vel="0,0,0" mass="1" elasticityCoef="1" ang="90,0,0" color="0,220,0" radius="0.5" length="4" />
		<capsule pos="33.349999999999994,-44.0,6.899999999999999" vel="0,0,0" mass="1" elasticityCoef="1" ang="90,0,0" color="0,220,0" radius="0.5" length="4" />
		<capsule pos="33.349999999999994,-44.0,9.200000000000003" vel="0,0,0" mass="1" elasticityCoef="1" ang="90,0,0" color="0,220,0" radius="0.5" length="4" />
		<capsule pos="33.349999999999994,-44.0,11.5" vel="0,0,0" mass="1" elasticityCoef="1" ang="90,0,0" color="0,220,0" radius="0.5" length="4" />
		<capsule pos="33.349999999999994,-44.0,13.799999999999997" vel="0,0,0" mass="1" elasticityCoef="1" ang="90,0,0" color="0,220,0" radius="0.5" length="4" />
		<capsule pos="33.349999999999994,-44.0,16.1" vel="0,0,0" mass="1" elasticityCoef="1" ang="90,0,0" color="0,220,0" radius="0.5" length="4" />
		<capsule pos="33.349999999999994,-44.0,18.4" vel="0,0,0" mass="1" elasticityCoef="1" ang="90,0,0" color="0,220,0" radius="0.5" length="4" />
		<capsule pos="33.349999999999994,-44.0,20.699999999999996" vel="0,0,0" mass="1" elasticityCoef="1" ang="90,0,0" color="0,220,0" radius="0.5" length="4" />
		<capsule pos="33.349999999999994,-44.0,22.999999999999993" vel="0,0,0" mass="1" elasticityCoef="1" ang="90,0,0" color="0,220,0" radius="0.5" length="4" />
		<capsule pos="33.349999999999994,-44.0,25.300000000000004" vel="0,0,0" mass="1" elasticityCoef="1" ang="90,0,0" color="0,220,0" radius="0.5" length="4" />
		<capsule pos="33.349999999999994,-44.0,27.6" vel="0,0,0" mass="1" elasticityCoef="1" ang="90,0,0" color="0,220,0" radius="0.5" length="4" />
		<capsule pos="33.349999999999994,-44.0,29.9" vel="0,0,0" mass="1" elasticityCoef="1" ang="90,0,0" color="0,220,0" radius="0.5" length="4" />
		<capsule pos="33.349999999999994,-44.0,32.199999999999996" vel="0,0,0" mass="1" elasticityCoef="1" ang="90,0,0" color="0,220,0" radius="0.5" length="4" />
		<capsule pos="33.349999999999994,-44.0,34.49999999999999" vel="0,0,0" mass="1" elasticityCoef="1" ang="90,0,0" color="0,220,0" radius="0.5" length="4" />
		<capsule pos="33.349999999999994,-44.0,36.800000000000004" vel="0,0,0" mass="1" elasticityCoef="1" ang="90,0,0" color="0,220,0" radius="0.5" length="4" />
		<capsule pos="33.349999999999994,-44.0,39.1" vel="0,0,0" mass="1" elasticityCoef="1" ang="90,0,0" color="0,220,0" radius="0.5" length="4" />
		<capsule pos="33.349999999999994,-44.0,41.4" vel="0,0,0" mass="1" elasticityCoef="1" ang="90,0,0" color="0,220,0" radius="0.5" length="4" />
		<capsule pos="33.349999999999994,-38.5,-43.699999999999996" vel="0,0,0" mass="1" elasticityCoef="1" ang="90,0,0" color="0,220,0" radius="0.5" length="4" />
		<capsule pos="33.349999999999994,-38.5,-41.4" vel="0,0,0" mass="1" elasticityCoef="1" ang="90,0,0" color="0,220,0" radius="0.5" length="4" />
		<capsule pos="33.349999999999994,-38.5,-39.099999999999994" vel="0,0,0" mass="1" elasticityCoef="1" ang="90,0,0" color="0,220,0" radius="0.5" length="4" />
		<capsule pos="33.349999999999994,-38.5,-36.8" vel="0,0,0" mass="1" elasticityCoef="1" ang="90,0,0" color="0,220,0" radius="0.5" length="4" />
		<capsule pos="33.349999999999994,-38.5,-34.5" vel="0,0,0" mass="1" elasticityCoef="1" ang="90,0,0" color="0,220,0" radius="0.5" length="4" />
		<capsule pos="33.349999999999994,-38.5,-32.199999999999996" vel="0,0,0" mass="1" elasticityCoef="1" ang="90,0,0" color="0,220,0" radius="0.5" length="4" />
		<capsule pos="33.349999999999994,-38.5,-29.9" vel="0,0,0" mass="1" elasticityCoef="1" ang="90,0,0" color="0,220,0" radius="0.5" length="4" />
		<capsule pos="33.349999999999994,-38.5,-27.599999999999998" vel="0,0,0" mass="1" elasticityCoef="1" ang="90,0,0" color="0,220,0" radius="0.5" length="4" />
		<capsule pos="33.349999999999994,-38.5,-25.299999999999997" vel="0,0,0" mass="1" elasticityCoef="1" ang="90,0,0" color="0,220,0" radius="0.5" length="4" />
		<capsule pos="33.349999999999994,-38.5,-22.999999999999996" vel="0,0,0" mass="1" elasticityCoef="1" ang="90,0,0" color="0,220,0" radius="0.5" length="4" />
		<capsule pos="33.349999999999994,-38.5,-20.699999999999996" vel="0,0,0" mass="1" elasticityCoef="1" ang="90,0,0" color="0,220,0" radius="0.5" length="4" />
		<capsule pos="33.349999999999994,-38.5,-18.4" vel="0,0,0" mass="1" elasticityCoef="1" ang="90,0,0" color="0,220,0" radius="0.5" length="4" />
		<capsule pos="33.349999999999994,-38.5,-16.099999999999998" vel="0,0,0" mass="1" elasticityCoef="1" ang="90,0,0" color="0,220,0" radius="0.5" length="4" />
		<capsule pos="33.349999999999994,-38.5,-13.799999999999997" vel="0,0,0" mass="1" elasticityCoef="1" ang="90,0,0" color="0,220,0" radius="0.5" length="4" />
		<capsule pos="33.349999999999994,-38.5,-11.5" vel="0,0,0" mass="1" elasticityCoef="1" ang="90,0,0" color="0,220,0" radius="0.5" length="4" />
		<capsule pos="33.349999999999994,-38.5,-9.199999999999996" vel="0,0,0" mass="1" elasticityCoef="1" ang="90,0,0" color="0,220,0" radius="0.5" length="4" />
		<capsule pos="33.349999999999994,-38.5,-6.899999999999999" vel="0,0,0" mass="1" elasticityCoef="1" ang="90,0,0" color="0,220,0" radius="0.5" length="4" />
		<capsule pos="33.349999999999994,-38.5,-4.600000000000001" vel="0,0,0" mass="1" elasticityCoef="1" ang="90,0,0" color="0,220,0" radius="0.5" length="4" />
		<capsule pos="33.349999999999994,-38.5,-2.299999999999997" vel="0,0,0" mass="1" elasticityCoef="1" ang="90,0,0" color="0,220,0" radius="0.5" length="4" />
		<capsule pos="33.349999999999994,-38.5,0.0" vel="0,0,0" mass="1" elasticityCoef="1" ang="90,0,0" color="0,220,0" radius="0.5" length="4" />
		<capsule pos="33.349999999999994,-38.5,2.3000000000000043" vel="0,0,0" mass="1" elasticityCoef="1" ang="90,0,0" color="0,220,0" radius="0.5" length="4" />
		<capsule pos="33.349999999999994,-38.5,4.600000000000001" vel="0,0,0" mass="1" elasticityCoef="1" ang="90,0,0" color="0,220,0" radius="0.5" length="4" />
		<capsule pos="33.349999999999994,-38.5,6.899999999999999" vel="0,0,0" mass="1" elasticityCoef="1" ang="90,0,0" color="0,220,0" radius="0.5" length="4" />
		<capsule pos="33.349999999999994,-38.5,9.200000000000003" vel="0,0,0" mass="1" elasticityCoef="1" ang="90,0,0" color="0,220,0" radius="0.5" length="4" />
		<capsule pos="33.349999999999994,-38.5,11.5" vel="0,0,0" mass="1" elasticityCoef="1" ang="90,0,0" color="0,220,0" radius="0.5" length="4" />
		<capsule pos="33.349999999999994,-38.5,13.799999999999997" vel="0,0,0" mass="1" elasticityCoef="1" ang="90,0,0" color="0,220,0" radius="0.5" length="4" />
		<capsule pos="33.349999999999994,-38.5,16.1" vel="0,0,0" mass="1" elasticityCoef="1" ang="90,0,0" color="0,220,0" radius="0.5" length="4" />
		<capsule pos="33.349999999999994,-38.5,18.4" vel="0,0,0" mass="1" elasticityCoef="1" ang="90,0,0" color="0,220,0" radius="0.5" length="4" />
		<capsule pos="33.349999999999994,-38.5,20.699999999999996" vel="0,0,0" mass="1" elasticityCoef="1" ang="90,0,0" color="0,220,0" radius="0.5" length="4" />
		<capsule pos="33.349999999999994,-38.5,22.999999999999993" vel="0,0,0" mass="1" elasticityCoef="1" ang="90,0,0" color="0,220,0" radius="0.5" length="4" />
		<capsule pos="33.349999999999994,-38.5,25.300000000000004" vel="0,0,0" mass="1" elasticityCoef="1" ang="90,0,0" color="0,220,0" radius="0.5" length="4" />
		<capsule pos="33.349999999999994,-38.5,27.6" vel="0,0,0" mass="1" elasticityCoef="1" ang="90,0,0" color="0,220,0" radius="0.5" length="4" />
		<capsule pos="33.349999999999994,-38.5,29.9" vel="0,0,0" mass="1" elasticityCoef="1" ang="90,0,0" color="0,220,0" radius="0.5" length="4" />
		<capsule pos="33.349999999999994,-38.5,32.199999999999996" vel="0,0,0" mass="1" elasticityCoef="1" ang="90,0,0" color="0,220,0" radius="0.5" length="4" />
		<capsule pos="33.349999999999994,-38.5,34.49999999999999" vel="0,0,0" mass="1" elasticityCoef="1" ang="90,0,0" color="0,220,0" radius="0.5" length="4" />
		<capsule pos="33.349999999999994,-38.5,36.800000000000004" vel="0,0,0" mass="1" elasticityCoef="1" ang="90,0,0" color="0,220,0" radius="0.5" length="4" />
		<capsule pos="33.349999999999994,-38.5,39.1" vel="0,0,0" mass="1" elasticityCoef="1" ang="90,0,0" color="0,220,0" radius="0.5" length="4" />
		<capsule pos="33.349999999999994,-38.5,41.4" vel="0,0,0" mass="1" elasticityCoef="1" ang="90,0,0" color="0,220,0" radius="0.5" length="4" />
		<capsule pos="33.349999999999994,-33.0,-43.699999999999996" vel="0,0,0" mass="1" elasticityCoef="1" ang="90,0,0" color="0,220,0" radius="0.5" length="4" />
		<capsule pos="33.349999999999994,-33.0,-41.4" vel="0,0,0" mass="1" elasticityCoef="1" ang="90,0,0" color="0,220,0" radius="0.5" length="4" />
		<capsule pos="33.349999999999994,-33.0,-39.099999999999994" vel="0,0,0" mass="1" elasticityCoef="1" ang="90,0,0" color="0,220,0" radius="0.5" length="4" />
		<capsule pos="33.349999999999994,-33.0,-36.8" vel="0,0,0" mass="1" elasticityCoef="1" ang="90,0,0" color="0,220,0" radius="0.5" length="4" />
		<capsule pos="33.349999999999994,-33.0,-34.5" vel="0,0,0" mass="1" elasticityCoef="1" ang="90,0,0" color="0,220,0" radius="0.5" length="4" />
		<capsule pos="33.349999999999994,-33.0,-32.199999999999996" vel="0,0,0" mass="1" elasticityCoef="1" ang="90,0,0" color="0,220,0" radius="0.5" length="4" />
		<capsule pos="33.349999999999994,-33.0,-29.9" vel="0,0,0" mass="1" elasticityCoef="1" ang="90,0,0" color="0,220,0" radius="0.5" length="4" />
		<capsule pos="33.349999999999994,-33.0,-27.599999999999998" vel="0,0,0" mass="1" elasticityCoef="1" ang="90,0,0" color="0,220,0" radius="0.5" length="4" />
		<capsule pos="33.349999999999994,-33.0,-25.299999999999997" vel="0,0,0" mass="1" elasticityCoef="1" ang="90,0,0" color="0,220,0" radius="0.5" length="4" />
		<capsule pos="33.349999999999994,-33.0,-22.999999999999996" vel="0,0,0" mass="1" elasticityCoef="1" ang="90,0,0" color="0,220,0" radius="0.5" length="4" />
		<capsule pos="33.349999999999994,-33.0,-20.699999999999996" vel="0,0,0" mass="1" elasticityCoef="1" ang="90,0,0" color="0,220,0" radius="0.5" length="4" />
		<capsule pos="33.349999999999994,-33.0,-18.4" vel="0,0,0" mass="1" elasticityCoef="1" ang="90,0,0" color="0,220,0" radius="0.5" length="4" />
		<capsule pos="33.349999999999994,-33.0,-16.099999999999998" vel="0,0,0" mass="1" elasticityCoef="1" ang="90,0,0" color="0,220,0" radius="0.5" length="4" />
		<capsule pos="33.349999999999994,-33.0,-13.799999999999997" vel="0,0,0" mass="1" elasticityCoef="1" ang="90,0,0" color="0,220,0" radius="0.5" length="4" />
		<capsule pos="33.349999999999994,-33.0,-11.5" vel="0,0,0" mass="1" elasticityCoef="1" ang="90,0,0" color="0,220,0" radius="0.5" length="4" />
		<capsule pos="33.349999999999994,-33.0,-9.199999999999996" vel="0,0,0" mass="1" elasticityCoef="1" ang="90,0,0" color="0,220,0" radius="0.5" length="4" />
		<capsule pos="33.349999999999994,-33.0,-6.899999999999999" vel="0,0,0" mass="1" elasticityCoef="1" ang="90,0,0" color="0,220,0" radius="0.5" length="4" />
		<capsule pos="33.349999999999994,-33.0,-4.600000000000001" vel="0,0,0" mass="1" elasticityCoef="1" ang="90,0,0" color="0,220,0" radius="0.5" length="4" />
		<capsule pos="33.349999999999994,-33.0,-2.299999999999997" vel="0,0,0" mass="1" elasticityCoef="1" ang="90,0,0" color="0,220,0" radius="0.5" length="4" />
		<capsule pos="33.349999999999994,-33.0,0.0" vel="0,0,0" mass="1" elasticityCoef="1" ang="90,0,0" color="0,220,0" radius="0.5" length="4" />
		<capsule pos="33.349999999999994,-33.0,2.3000000000000043" vel="0,0,0" mass="1" elasticityCoef="1" ang="90,0,0" color="0,220,0" radius="0.5" length="4" />
		<capsule pos="33.349999999999994,-33.0,4.600000000000001" vel="0,0,0" mass="1" elasticityCoef="1" ang="90,0,0" color="0,220,0" radius="0.5" length="4" />
		<capsule pos="33.349999999999994,-33.0,6.899999999999999" vel="0,0,0" mass="1" elasticityCoef="1" ang="90,0,0" color="0,220,0" radius="0.5" length="4" />
		<capsule pos="33.349999999999994,-33.0,9.200000000000003" vel="0,0,0" mass="1" elasticityCoef="1" ang="90,0,0" color="0,220,0" radius="0.5" length="4" />
		<capsule pos="33.349999999999994,-33.0,11.5" vel="0,0,0" mass="1" elasticityCoef="1" ang="90,0,0" color="0,220,0" radius="0.5" length="4" />
		<capsule pos="33.349999999999994,-33.0,13.799999999999997" vel="0,0,0" mass="1" elasticityCoef="1" ang="90,0,0" color="0,220,0" radius="0.5" length="4" />
		<capsule pos="33.349999999999994,-33.0,16.1" vel="0,0,0" mass="1" elasticityCoef="1" ang="90,0,0" color="0,220,0" radius="0.5" length="4" />
		<capsule pos="33.349999999999994,-33.0,18.4" vel="0,0,0" mass="1" elasticityCoef="1" ang="90,0,0" color="0,220,0" radius="0.5" length="4" />
		<capsule pos="33.349999999999994,-33.0,20.699999999999996" vel="0,0,0" mass="1" elasticityCoef="1" ang="90,0,0" color="0,220,0" radius="0.5" length="4" />
		<capsule pos="33.349999999999994,-33.0,22.999999999999993" vel="0,0,0" mass="1" elasticityCoef="1" ang="90,0,0" color="0,220,0" radius="0.5" length="4" />
		<capsule pos="33.349999999999994,-33.0,25.300000000000004" vel="0,0,0" mass="1" elasticityCoef="1" ang="90,0,0" color="0,220,0" radius="0.5" length="4" />
		<capsule pos="33.349999999999994,-33.0,27.6" vel="0,0,0" mass="1" elasticityCoef="1" ang="90,0,0" color="0,220,0" radius="0.5" length="4" />
		<capsule pos="33.349999999999994,-33.0,29.9" vel="0,0,0" mass="1" elasticityCoef="1" ang="90,0,0" color="0,220,0" radius="0.5" length="4" />
		<capsule pos="33.349999999999994,-33.0,32.199999999999996" vel="0,0,0" mass="1" elasticityCoef="1" ang="90,0,0" color="0,220,0" radius="0.5" length="4" />
		<capsule pos="33.349999999999994,-33.0,34.49999999999999" vel="0,0,0" mass="1" elasticityCoef="1" ang="90,0,0" color="0,220,0" radius="0.5" length="4" />
		<capsule pos="33.349999999999994,-33.0,36.800000000000004" vel="0,0,0" mass="1" elasticityCoef="1" ang="90,0,0" color="0,220,0" radius="0.5" length="4" />
		<capsule pos="33.349999999999994,-33.0,39.1" vel="0,0,0" mass="1" elasticityCoef="1" ang="90,0,0" color="0,220,0" radius="0.5" length="4" />
		<capsule pos="33.349999999999994,-33.0,41.4" vel="0,0,0" mass="1" elasticityCoef="1" ang="90,0,0" color="0,220,0" radius="0.5" length="4" />
		<capsule pos="33.349999999999994,-27.5,-43.699999999999996" vel="0,0,0" mass="1" elasticityCoef="1" ang="90,0,0" color="0,220,0" radius="0.5" length="4" />
		<capsule pos="33.349999999999994,-27.5,-41.4" vel="0,0,0" mass="1" elasticityCoef="1" ang="90,0,0" color="0,220,0" radius="0.5" length="4" />
		<capsule pos="33.349999999999994,-27.5,-39.099999999999994" vel="0,0,0" mass="1" elasticityCoef="1" ang="90,0,0" color="0,220,0" radius="0.5" length="4" />
		<capsule pos="33.349999999999994,-27.5,-36.8" vel="0,0,0" mass="1" elasticityCoef="1" ang="90,0,0" color="0,220,0" radius="0.5" length="4" />
		<capsule pos="33.349999999999994,-27.5,-34.5" vel="0,0,0" mass="1" elasticityCoef="1" ang="90,0,0" color="0,220,0" radius="0.5" length="4" />
		<capsule pos="33.349999999999994,-27.5,-32.199999999999996" vel="0,0,0" mass="1" elasticityCoef="1" ang="90,0,0" color="0,220,0" radius="0.5" length="4" />
		<capsule pos="33.349999999999994,-27.5,-29.9" vel="0,0,0" mass="1" elasticityCoef="1" ang="90,0,0" color="0,220,0" radius="0.5" length="4" />
		<capsule pos="33.349999999999994,-27.5,-27.599999999999998" vel="0,0,0" mass="1" elasticityCoef="1" ang="90,0,0" color="0,220,0" radius="0.5" length="4" />
		<capsule pos="33.349999999999994,-27.5,-25.299999999999997" vel="0,0,0" mass="1" elasticityCoef="1" ang="90,0,0" color="0,220,0" radius="0.5" length="4" />
		<capsule pos="33.349999999999994,-27.5,-22.999999999999996" vel="0,0,0" mass="1" elasticityCoef="1" ang="90,0,0" color="0,220,0" radius="0.5" length="4" />
		<capsule pos="33.349999999999994,-27.5,-20.699999999999996" vel="0,0,0" mass="1" elasticityCoef="1" ang="90,0,0" color="0,220,0" radius="0.5" length="4" />
		<capsule pos="33.349999999999994,-27.5,-18.4" vel="0,0,0" mass="1" elasticityCoef="1" ang="90,0,0" color="0,220,0" radius="0.5" length="4" />
		<capsule pos="33.349999999999994,-27.5,-16.099999999999998" vel="0,0,0" mass="1" elasticityCoef="1" ang="90,0,0" color="0,220,0" radius="0.5" length="4" />
		<capsule pos="33.349999999999994,-27.5,-13.799999999999997" vel="0,0,0" mass="1" elasticityCoef="1" ang="90,0,0" color="0,220,0" radius="0.5" length="4" />
		<capsule pos="33.349999999999994,-27.5,-11.5" vel="0,0,0" mass="1" elasticityCoef="1" ang="90,0,0" color="0,220,0" radius="0.5" length="4" />
		<capsule pos="33.349999999999994,-27.5,-9.199999999999996" vel="0,0,0" mass="1" elasticityCoef="1" ang="90,0,0" color="0,220,0" radius="0.5" length="4" />
		<capsule pos="33.349999999999994,-27.5,-6.899999999999999" vel="0,0,0" mass="1" elasticityCoef="1" ang="90,0,0" color="0,220,0" radius="0.5" length="4" />
		<capsule pos="33.349999999999994,-27.5,-4.600000000000001" vel="0,0,0" mass="1" elasticityCoef="1" ang="90,0,0" color="0,220,0" radius="0.5" length="4" />
		<capsule pos="33.349999999999994,-27.5,-2.299999999999997" vel="0,0,0" mass="1" elasticityCoef="1" ang="90,0,0" color="0,220,0" radius="0.5" length="4" />
		<capsule pos="33.349999999999994,-27.5,0.0" vel="0,0,0" mass="1" elasticityCoef="1" ang="90,0,0" color="0,220,0" radius="0.5" length="4" />
		<capsule pos="33.349999999999994,-27.5,2.3000000000000043" vel="0,0,0" mass="1" elasticityCoef="1" ang="90,0,0" color="0,220,0" radius="0.5" length="4" />
		<capsule pos="33.349999999999994,-27.5,4.600000000000001" vel="0,0,0" mass="1" elasticityCoef="1" ang="90,0,0" color="0,220,0" radius="0.5" length="4" />
		<capsule pos="33.349999999999994,-27.5,6.899999999999999" vel="0,0,0" mass="1" elasticityCoef="1" ang="90,0,0" color="0,220,0" radius="0.5" length="4" />
		<capsule pos="33.349999999999994,-27.5,9.200000000000003" vel="0,0,0" mass="1" elasticityCoef="1" ang="90,0,0" color="0,220,0" radius="0.5" length="4" />
		<capsule pos="33.349999999999994,-27.5,11.5" vel="0,0,0" mass="1" elasticityCoef="1" ang="90,0,0" color="0,220,0" radius="0.5" length="4" />
		<capsule pos="33.349999999999994,-27.5,13.799999999999997" vel="0,0,0" mass="1" elasticityCoef="1" ang="90,0,0" color="0,220,0" radius="0.5" length="4" />
		<capsule pos="33.349999999999994,-27.5,16.1" vel="0,0,0" mass="1" elasticityCoef="1" ang="90,0,0" color="0,220,0" radius="0.5" length="4" />
		<capsule pos="33.349999999999994,-27.5,18.4" vel="0,0,0" mass="1" elasticityCoef="1" ang="90,0,0" color="0,220,0" radius="0.5" length="4" />
		<capsule pos="33.349999999999994,-27.5,20.699999999999996" vel="0,0,0" mass="1" elasticityCoef="1" ang="90,0,0" color="0,220,0" radius="0.5" length="4" />
		<capsule pos="33.349999999999994,-27.5,22.999999999999993" vel="0,0,0" mass="1" elasticityCoef="1" ang="90,0,0" color="0,220,0" radius="0.5" length="4" />
		<capsule pos="33.349999999999994,-27.5,25.300000000000004" vel="0,0,0" mass="1" elasticityCoef="1" ang="90,0,0" color="0,220,0" radius="0.5" length="4" />
		<capsule pos="33.349999999999994,-27.5,27.6" vel="0,0,0" mass="1" elasticityCoef="1" ang="90,0,0" color="0,220,0" radius="0.5" length="4" />
		<capsule pos="33.349999999999994,-27.5,29.9" vel="0,0,0" mass="1" elasticityCoef="1" ang="90,0,0" color="0,220,0" radius="0.5" length="4" />
		<capsule pos="33.349999999999994,-27.5,32.199999999999996" vel="0,0,0" mass="1" elasticityCoef="1" ang="90,0,0" color="0,220,0" radius="0.5" length="4" />
		<capsule pos="33.349999999999994,-27.5,34.49999999999999" vel="0,0,0" mass="1" elasticityCoef="1" ang="90,0,0" color="0,220,0" radius="0.5" length="4" />
		<capsule pos="33.349999999999994,-27.5,36.800000000000004" vel="0,0,0" mass="1" elasticityCoef="1" ang="90,0,0" color="0,220,0" radius="0.5" length="4" />
		<capsule pos="33.349999999999994,-27.5,39.1" vel="0,0,0" mass="1" elasticityCoef="1" ang="90,0,0" color="0,220,0" radius="0.5" length="4" />
		<capsule pos="33.349999999999994,-27.5,41.4" vel="0,0,0" mass="1" elasticityCoef="1" ang="90,0,0" color="0,220,0" radius="0.5" length="4" />
		<capsule pos="33.349999999999994,-22.0,-43.699999999999996" vel="0,0,0" mass="1" elasticityCoef="1" ang="90,0,0" color="0,220,0" radius="0.5" length="4" />
		<capsule pos="33.349999999999994,-22.0,-41.4" vel="0,0,0" mass="1" elasticityCoef="1" ang="90,0,0" color="0,220,0" radius="0.5" length="4" />
		<capsule pos="33.349999999999994,-22.0,-39.099999999999994" vel="0,0,0" mass="1" elasticityCoef="1" ang="90,0,0" color="0,220,0" radius="0.5" length="4" />
		<capsule pos="33.349999999999994,-22.0,-36.8" vel="0,0,0" mass="1" elasticityCoef="1" ang="90,0,0" color="0,220,0" radius="0.5" length="4" />
		<capsule pos="33.349999999999994,-22.0,-34.5" vel="0,0,0" mass="1" elasticityCoef="1" ang="90,0,0" color="0,220,0" radius="0.5" length="4" />
		<capsule pos="33.349999999999994,-22.0,-32.199999999999996" vel="0,0,0" mass="1" elasticityCoef="1" ang="90,0,0" color="0,220,0" radius="0.5" length="4" />
		<capsule pos="33.349999999999994,-22.0,-29.9" vel="0,0,0" mass="1" elasticityCoef="1" ang="90,0,0" color="0,220,0" radius="0.5" length="4" />
		<capsule pos="33.349999999999994,-22.0,-27.599999999999998" vel="0,0,0" mass="1" elasticityCoef="1" ang="90,0,0" color="0,220,0" radius="0.5" length="4" />
		<capsule pos="33.349999999999994,-22.0,-25.299999999999997" vel="0,0,0" mass="1" elasticityCoef="1" ang="90,0,0" color="0,220,0" radius="0.5" length="4" />
		<capsule pos="33.349999999999994,-22.0,-22.999999999999996" vel="0,0,0" mass="1" elasticityCoef="1" ang="90,0,0" color="0,220,0" radius="0.5" length="4" />
		<capsule pos="33.349999999999994,-22.0,-20.699999999999996" vel="0,0,0" mass="1" elasticityCoef="1" ang="90,0,0" color="0,220,0" radius="0.5" length="4" />
		<capsule pos="33.349999999999994,-22.0,-18.4" vel="0,0,0" mass="1" elasticityCoef="1" ang="90,0,0" color="0,220,0" radius="0.5" length="4" />
		<capsule pos="33.349999999999994,-22.0,-16.099999999999998" vel="0,0,0" mass="1" elasticityCoef="1" ang="90,0,0" color="0,220,0" radius="0.5" length="4" />
		<capsule pos="33.349999999999994,-22.0,-13.799999999999997" vel="0,0,0" mass="1" elasticityCoef="1" ang="90,0,0" color="0,220,0" radius="0.5" length="4" />
		<capsule pos="33.349999999999994,-22.0,-11.5" vel="0,0,0" mass="1" elasticityCoef="1" ang="90,0,0" color="0,220,0" radius="0.5" length="4" />
		<capsule pos="33.349999999999994,-22.0,-9.199999999999996" vel="0,0,0" mass="1" elasticityCoef="1" ang="90,0,0" color="0,220,0" radius="0.5" length="4" />
		<capsule pos="33.349999999999994,-22.0,-6.899999999999999" vel="0,0,0" mass="1" elasticityCoef="1" ang="90,0,0" color="0,220,0" radius="0.5" length="4" />
		<capsule pos="33.349999999999994,-22.0,-4.600000000000001" vel="0,0,0" mass="1" elasticityCoef="1" ang="90,0,0" color="0,220,0" radius="0.5" length="4" />
		<capsule pos="33.349999999999994,-22.0,-2.299999999999997" vel="0,0,0" mass="1" elasticityCoef="1" ang="90,0,0" color="0,220,0" radius="0.5" length="4" />
		<capsule pos="33.349999999999994,-22.0,0.0" vel="0,0,0" mass="1" elasticityCoef="1" ang="90,0,0" color="0,220,0" radius="0.5" length="4" />
		<capsule pos="33.349999999999994,-22.0,2.3000000000000043" vel="0,0,0" mass="1" elasticityCoef="1" ang="90,0,0" color="0,220,0" radius="0.5" length="4" />
		<capsule pos="33.349999999999994,-22.0,4.600000000000001" vel="0,0,0" mass="1" elasticityCoef="1" ang="90,0,0" color="0,220,0" radius="0.5" length="4" />
		<capsule pos="33.349999999999994,-22.0,6.899999999999999" vel="0,0,0" mass="1" elasticityCoef="1" ang="90,0,0" color="0,220,0" radius="0.5" length="4" />
		<capsule pos="33.349999999999994,-22.0,9.200000000000003" vel="0,0,0" mass="1" elasticityCoef="1" ang="90,0,0" color="0,220,0" radius="0.5" length="4" />
		<capsule pos="33.349999999999994,-22.0,11.5" vel="0,0,0" mass="1" elasticityCoef="1" ang="90,0,0" color="0,220,0" radius="0.5" length="4" />
		<capsule pos="33.349999999999994,-22.0,13.799999999999997" vel="0,0,0" mass="1" elasticityCoef="1" ang="90,0,0" color="0,220,0" radius="0.5" length="4" />
		<capsule pos="33.349999999999994,-22.0,16.1" vel="0,0,0" mass="1" elasticityCoef="1" ang="90,0,0" color="0,220,0" radius="0.5" length="4" />
		<capsule pos="33.349999999999994,-22.0,18.4" vel="0,0,0" mass="1" elasticityCoef="1" ang="90,0,0" color="0,220,0" radius="0.5" length="4" />
		<capsule pos="33.349999999999994,-22.0,20.699999999999996" vel="0,0,0" mass="1" elasticityCoef="1" ang="90,0,0" color="0,220,0" radius="0.5" length="4" />
		<capsule pos="33.349999999999994,-22.0,22.999999999999993" vel="0,0,0" mass="1" elasticityCoef="1" ang="90,0,0" color="0,220,0" radius="0.5" length="4" />
		<capsule pos="33.349999999999994,-22.0,25.300000000000004" vel="0,0,0" mass="1" elasticityCoef="1" ang="90,0,0" color="0,220,0" radius="0.5" length="4" />
		<capsule pos="33.349999999999994,-22.0,27.6" vel="0,0,0" mass="1" elasticityCoef="1" ang="90,0,0" color="0,220,0" radius="0.5" length="4" />
		<capsule pos="33.349999999999994,-22.0,29.9" vel="0,0,0" mass="1" elasticityCoef="1" ang="90,0,0" color="0,220,0" radius="0.5" length="4" />
		<capsule pos="33.349999999999994,-22.0,32.199999999999996" vel="0,0,0" mass="1" elasticityCoef="1" ang="90,0,0" color="0,220,0" radius="0.5" length="4" />
		<capsule pos="33.349999999999994,-22.0,34.49999999999999" vel="0,0,0" mass="1" elasticityCoef="1" ang="90,0,0" color="0,220,0" radius="0.5" length="4" />
		<capsule pos="33.349999999999994,-22.0,36.800000000000004" vel="0,0,0" mass="1" elasticityCoef="1" ang="90,0,0" color="0,220,0" radius="0.5" length="4" />
		<capsule pos="33.349999999999994,-22.0,39.1" vel="0,0,0" mass="1" elasticityCoef="1" ang="90,0,0" color="0,220,0" radius="0.5" length="4" />
		<capsule pos="33.349999999999994,-22.0,41.4" vel="0,0,0" mass="1" elasticityCoef="1" ang="90,0,0" color="0,220,0" radius="0.5" length="4" />
		<capsule pos="33.349999999999994,-16.5,-43.699999999999996" vel="0,0,0" mass="1" elasticityCoef="1" ang="90,0,0" color="0,220,0" radius="0.5" length="4" />
		<capsule pos="33.349999999999994,-16.5,-41.4" vel="0,0,0" mass="1" elasticityCoef="1" ang="90,0,0" color="0,220,0" radius="0.5" length="4" />
		<capsule pos="33.349999999999994,-16.5,-39.099999999999994" vel="0,0,0" mass="1" elasticityCoef="1" ang="90,0,0" color="0,220,0" radius="0.5" length="4" />
		<capsule pos="33.349999999999994,-16.5,-36.8" vel="0,0,0" mass="1" elasticityCoef="1" ang="90,0,0" color="0,220,0" radius="0.5" length="4" />
		<capsule pos="33.349999999999994,-16.5,-34.5" vel="0,0,0" mass="1" elasticityCoef="1" ang="90,0,0" color="0,220,0" radius="0.5" length="4" />
		<capsule pos="33.349999999999994,-16.5,-32.199999999999996" vel="0,0,0" mass="1" elasticityCoef="1" ang="90,0,0" color="0,220,0" radius="0.5" length="4" />
		<capsule pos="33.349999999999994,-16.5,-29.9" vel="0,0,0" mass="1" elasticityCoef="1" ang="90,0,0" color="0,220,0" radius="0.5" length="4" />
		<capsule pos="33.349999999999994,-16.5,-27.599999999999998" vel="0,0,0" mass="1" elasticityCoef="1" ang="90,0,0" color="0,220,0" radius="0.5" length="4" />
		<capsule pos="33.349999999999994,-16.5,-25.299999999999997" vel="0,0,0" mass="1" elasticityCoef="1" ang="90,0,0" color="0,220,0" radius="0.5" length="4" />
		<capsule pos="33.349999999999994,-16.5,-22.999999999999996" vel="0,0,0" mass="1" elasticityCoef="1" ang="90,0,0" color="0,220,0" radius="0.5" length="4" />
		<capsule pos="33.349999999999994,-16.5,-20.699999999999996" vel="0,0,0" mass="1" elasticityCoef="1" ang="90,0,0" color="0,220,0" radius="0.5" length="4" />
		<capsule pos="33.349999999999994,-16.5,-18.4" vel="0,0,0" mass="1" elasticityCoef="1" ang="90,0,0" color="0,220,0" radius="0.5" length="4" />
		<capsule pos="33.349999999999994,-16.5,-16.099999999999998" vel="0,0,0" mass="1" elasticityCoef="1" ang="90,0,0" color="0,220,0" radius="0.5" length="4" />
		<capsule pos="33.349999999999994,-16.5,-13.799999999999997" vel="0,0,0" mass="1" elasticityCoef="1" ang="90,0,0" color="0,220,0" radius="0.5" length="4" />
		<capsule pos="33.349999999999994,-16.5,-11.5" vel="0,0,0" mass="1" elasticityCoef="1" ang="90,0,0" color="0,220,0" radius="0.5" length="4" />
		<capsule pos="33.349999999999994,-16.5,-9.199999999999996" vel="0,0,0" mass="1" elasticityCoef="1" ang="90,0,0" color="0,220,0" radius="0.5" length="4" />
		<capsule pos="33.349999999999994,-16.5,-6.899999999999999" vel="0,0,0" mass="1" elasticityCoef="1" ang="90,0,0" color="0,220,0" radius="0.5" length="4" />
		<capsule pos="33.349999999999994,-16.5,-4.600000000000001" vel="0,0,0" mass="1" elasticityCoef="1" ang="90,0,0" color="0,220,0" radius="0.5" length="4" />
		<capsule pos="33.349999999999994,-16.5,-2.299999999999997" vel="0,0,0" mass="1" elasticityCoef="1" ang="90,0,0" color="0,220,0" radius="0.5" length="4" />
		<capsule pos="33.349999999999994,-16.5,0.0" vel="0,0,0" mass="1" elasticityCoef="1" ang="90,0,0" color="0,220,0" radius="0.5" length="4" />
		<capsule pos="33.349999999999994,-16.5,2.3000000000000043" vel="0,0,0" mass="1" elasticityCoef="1" ang="90,0,0" color="0,220,0" radius="0.5" length="4" />
		<capsule pos="33.349999999999994,-16.5,4.600000000000001" vel="0,0,0" mass="1" elasticityCoef="1" ang="90,0,0" color="0,220,0" radius="0.5" length="4" />
		<capsule pos="33.349999999999994,-16.5,6.899999999999999" vel="0,0,0" mass="1" elasticityCoef="1" ang="90,0,0" color="0,220,0" radius="0.5" length="4" />
		<capsule pos="33.349999999999994,-16.5,9.200000000000003" vel="0,0,0" mass="1" elasticityCoef="1" ang="90,0,0" color="0,220,0" radius="0.5" length="4" />
		<capsule pos="33.349999999999994,-16.5,11.5" vel="0,0,0" mass="1" elasticityCoef="1" ang="90,0,0" color="0,220,0" radius="0.5" length="4" />
		<capsule pos="33.349999999999994,-16.5,13.799999999999997" vel="0,0,0" mass="1" elasticityCoef="1" ang="90,0,0" color="0,220,0" radius="0.5" length="4" />
		<capsule pos="33.349999999999994,-16.5,16.1" vel="0,0,0" mass="1" elasticityCoef="1" ang="90,0,0" color="0,220,0" radius="0.5" length="4" />
		<capsule pos="33.349999999999994,-16.5,18.4" vel="0,0,0" mass="1" elasticityCoef="1" ang="90,0,0" color="0,220,0" radius="0.5" length="4" />
		<capsule pos="33.349999999999994,-16.5,20.699999999999996" vel="0,0,0" mass="1" elasticityCoef="1" ang="90,0,0" color="0,220,0" radius="0.5" length="4" />
		<capsule pos="33.349999999999994,-16.5,22.999999999999993" vel="0,0,0" mass="1" elasticityCoef="1" ang="90,0,0" color="0,220,0" radius="0.5" length="4" />
		<capsule pos="33.349999999999994,-16.5,25.300000000000004" vel="0,0,0" mass="1" elasticityCoef="1" ang="90,0,0" color="0,220,0" radius="0.5" length="4" />
		<capsule pos="33.349999999999994,-16.5,27.6" vel="0,0,0" mass="1" elasticityCoef="1" ang="90,0,0" color="0,220,0" radius="0.5" length="4" />
		<capsule pos="33.349999999999994,-16.5,29.9" vel="0,0,0" mass="1" elasticityCoef="1" ang="90,0,0" color="0,220,0" radius="0.5" length="4" />
		<capsule pos="33.349999999999994,-16.5,32.199999999999996" vel="0,0,0" mass="1" elasticityCoef="1" ang="90,0,0" color="0,220,0" radius="0.5" length="4" />
		<capsule pos="33.349999999999994,-16.5,34.49999999999999" vel="0,0,0" mass="1" elasticityCoef="1" ang="90,0,0" color="0,220,0" radius="0.5" length="4" />
		<capsule pos="33.349999999999994,-16.5,36.800000000000004" vel="0,0,0" mass="1" elasticityCoef="1" ang="90,0,0" color="0,220,0" radius="0.5" length="4" />
		<capsule pos="33.349999999999994,-16.5,39.1" vel="0,0,0" mass="1" elasticityCoef="1" ang="90,0,0" color="0,220,0" radius="0.5" length="4" />
		<capsule pos="33.349999999999994,-16.5,41.4" vel="0,0,0" mass="1" elasticityCoef="1" ang="90,0,0" color="0,220,0" radius="0.5" length="4" />
		<capsule pos="33.349999999999994,-11.0,-43.699999999999996" vel="0,0,0" mass="1" elasticityCoef="1" ang="90,0,0" color="0,220,0" radius="0.5" length="4" />
		<capsule pos="33.349999999999994,-11.0,-41.4" vel="0,0,0" mass="1" elasticityCoef="1" ang="90,0,0" color="0,220,0" radius="0.5" length="4" />
		<capsule pos="33.349999999999994,-11.0,-39.099999999999994" vel="0,0,0" mass="1" elasticityCoef="1" ang="90,0,0" color="0,220,0" radius="0.5" length="4" />
		<capsule pos="33.349999999999994,-11.0,-36.8" vel="0,0,0" mass="1" elasticityCoef="1" ang="90,0,0" color="0,220,0" radius="0.5" length="4" />
		<capsule pos="33.349999999999994,-11.0,-34.5" vel="0,0,0" mass="1" elasticityCoef="1" ang="90,0,0" color="0,220,0" radius="0.5" length="4" />
		<capsule pos="33.349999999999994,-11.0,-32.199999999999996" vel="0,0,0" mass="1" elasticityCoef="1" ang="90,0,0" color="0,220,0" radius="0.5" length="4" />
		<capsule pos="33.349999999999994,-11.0,-29.9" vel="0,0,0" mass="1" elasticityCoef="1" ang="90,0,0" color="0,220,0" radius="0.5" length="4" />
		<capsule pos="33.349999999999994,-11.0,-27.599999999999998" vel="0,0,0" mass="1" elasticityCoef="1" ang="90,0,0" color="0,220,0" radius="0.5" length="4" />
		<capsule pos="33.349999999999994,-11.0,-25.299999999999997" vel="0,0,0" mass="1" elasticityCoef="1" ang="90,0,0" color="0,220,0" radius="0.5" length="4" />
		<capsule pos="33.349999999999994,-11.0,-22.999999999999996" vel="0,0,0" mass="1" elasticityCoef="1" ang="90,0,0" color="0,220,0" radius="0.5" length="4" />
		<capsule pos="33.349999999999994,-11.0,-20.699999999999996" vel="0,0,0" mass="1" elasticityCoef="1" ang="90,0,0" color="0,220,0" radius="0.5" length="4" />
		<capsule pos="33.349999999999994,-11.0,-18.4" vel="0,0,0" mass="1" elasticityCoef="1" ang="90,0,0" color="0,220,0" radius="0.5" length="4" />
		<capsule pos="33.349999999999994,-11.0,-16.099999999999998" vel="0,0,0" mass="1" elasticityCoef="1" ang="90,0,0" color="0,220,0" radius="0.5" length="4" />
		<capsule pos="33.349999999999994,-11.0,-13.799999999999997" vel="0,0,0" mass="1" elasticityCoef="1" ang="90,0,0" color="0,220,0" radius="0.5" length="4" />
		<capsule pos="33.349999999999994,-11.0,-11.5" vel="0,0,0" mass="1" elasticityCoef="1" ang="90,0,0" color="0,220,0" radius="0.5" length="4" />
		<capsule pos="33.349999999999994,-11.0,-9.199999999999996" vel="0,0,0" mass="1" elasticityCoef="1" ang="90,0,0" color="0,220,0" radius="0.5" length="4" />
		<capsule pos="33.349999999999994,-11.0,-6.899999999999999" vel="0,0,0" mass="1" elasticityCoef="1" ang="90,0,0" color="0,220,0" radius="0.5" length="4" />
		<capsule pos="33.349999999999994,-11.0,-4.600000000000001" vel="0,0,0" mass="1" elasticityCoef="1" ang="90,0,0" color="0,220,0" radius="0.5" length="4" />
		<capsule pos="33.349999999999994,-11.0,-2.299999999999997" vel="0,0,0" mass="1" elasticityCoef="1" ang="90,0,0" color="0,220,0" radius="0.5" length="4" />
		<capsule pos="33.349999999999994,-11.0,0.0" vel="0,0,0" mass="1" elasticityCoef="1" ang="90,0,0" color="0,220,0" radius="0.5" length="4" />
		<capsule pos="33.349999999999994,-11.0,2.3000000000000043" vel="0,0,0" mass="1" elasticityCoef="1" ang="90,0,0" color="0,220,0" radius="0.5" length="4" />
		<capsule pos="33.349999999999994,-11.0,4.600000000000001" vel="0,0,0" mass="1" elasticityCoef="1" ang="90,0,0" color="0,220,0" radius="0.5" length="4" />
		<capsule pos="33.349999999999994,-11.0,6.899999999999999" vel="0,0,0" mass="1" elasticityCoef="1" ang="90,0,0" color="0,220,0" radius="0.5" length="4" />
		<capsule pos="33.349999999999994,-11.0,9.200000000000003" vel="0,0,0" mass="1" elasticityCoef="1" ang="90,0,0" color="0,220,0" radius="0.5" length="4" />
		<capsule pos="33.349999999999994,-11.0,11.5" vel="0,0,0" mass="1" elasticityCoef="1" ang="90,0,0" color="0,220,0" radius="0.5" length="4" />
		<capsule pos="33.349999999999994,-11.0,13.799999999999997" vel="0,0,0" mass="1" elasticityCoef="1" ang="90,0,0" color="0,220,0" radius="0.5" length="4" />
		<capsule pos="33.349999999999994,-11.0,16.1" vel="0,0,0" mass="1" elasticityCoef="1" ang="90,0,0" color="0,220,0" radius="0.5" length="4" />
		<capsule pos="33.349999999999994,-11.0,18.4" vel="0,0,0" mass="1" elasticityCoef="1" ang="90,0,0" color="0,220,0" radius="0.5" length="4" />
		<capsule pos="33.349999999999994,-11.0,20.699999999999996" vel="0,0,0" mass="1" elasticityCoef="1" ang="90,0,0" color="0,220,0" radius="0.5" length="4" />
		<capsule pos="33.349999999999994,-11.0,22.999999999999993" vel="0,0,0" mass="1" elasticityCoef="1" ang="90,0,0" color="0,220,0" radius="0.5" length="4" />
		<capsule pos="33.349999999999994,-11.0,25.300000000000004" vel="0,0,0" mass="1" elasticityCoef="1" ang="90,0,0" color="0,220,0" radius="0.5" length="4" />
		<capsule pos="33.349999999999994,-11.0,27.6" vel="0,0,0" mass="1" elasticityCoef="1" ang="90,0,0" color="0,220,0" radius="0.5" length="4" />
		<capsule pos="33.349999999999994,-11.0,29.9" vel="0,0,0" mass="1" elasticityCoef="1" ang="90,0,0" color="0,220,0" radius="0.5" length="4" />
		<capsule pos="33.349999999999994,-11.0,32.199999999999996" vel="0,0,0" mass="1" elasticityCoef="1" ang="90,0,0" color="0,220,0" radius="0.5" length="4" />
		<capsule pos="33.349999999999994,-11.0,34.49999999999999" vel="0,0,0" mass="1" elasticityCoef="1" ang="90,0,0" color="0,220,0" radius="0.5" length="4" />
		<capsule pos="33.349999999999994,-11.0,36.800000000000004" vel="0,0,0" mass="1" elasticityCoef="1" ang="90,0,0" color="0,220,0" radius="0.5" length="4" />
		<capsule pos="33.349999999999994,-11.0,39.1" vel="0,0,0" mass="1" elasticityCoef="1" ang="90,0,0" color="0,220,0" radius="0.5" length="4" />
		<capsule pos="33.349999999999994,-11.0,41.4" vel="0,0,0" mass="1" elasticityCoef="1" ang="90,0,0" color="0,220,0" radius="0.5" length="4" />
		<capsule pos="33.349999999999994,-5.5,-43.699999999999996" vel="0,0,0" mass="1" elasticityCoef="1" ang="90,0,0" color="0,220,0" radius="0.5" length="4" />
		<capsule pos="33.349999999999994,-5.5,-41.4" vel="0,0,0" mass="1" elasticityCoef="1" ang="90,0,0" color="0,220,0" radius="0.5" length="4" />
		<capsule pos="33.349999999999994,-5.5,-39.099999999999994" vel="0,0,0" mass="1" elasticityCoef="1" ang="90,0,0" color="0,220,0" radius="0.5" length="4" />
		<capsule pos="33.349999999999994,-5.5,-36.8" vel="0,0,0" mass="1" elasticityCoef="1" ang="90,0,0" color="0,220,0" radius="0.5" length="4" />
		<capsule pos="33.349999999999994,-5.5,-34.5" vel="0,0,0" mass="1" elasticityCoef="1" ang="90,0,0" color="0,220,0" radius="0.5" length="4" />
		<capsule pos="33.349999999999994,-5.5,-32.199999999999996" vel="0,0,0" mass="1" elasticityCoef="1" ang="90,0,0" color="0,220,0" radius="0.5" length="4" />
		<capsule pos="33.349999999999994,-5.5,-29.9" vel="0,0,0" mass="1" elasticityCoef="1" ang="90,0,0" color="0,220,0" radius="0.5" length="4" />
		<capsule pos="33.349999999999994,-5.5,-27.599999999999998" vel="0,0,0" mass="1" elasticityCoef="1" ang="90,0,0" color="0,220,0" radius="0.5" length="4" />
		<capsule pos="33.349999999999994,-5.5,-25.299999999999997" vel="0,0,0" mass="1" elasticityCoef="1" ang="90,0,0" color="0,220,0" radius="0.5" length="4" />
		<capsule pos="33.349999999999994,-5.5,-22.999999999999996" vel="0,0,0" mass="1" elasticityCoef="1" ang="90,0,0" color="0,220,0" radius="0.5" length="4" />
		<capsule pos="33.349999999999994,-5.5,-20.699999999999996" vel="0,0,0" mass="1" elasticityCoef="1" ang="90,0,0" color="0,220,0" radius="0.5" length="4" />
		<capsule pos="33.349999999999994,-5.5,-18.4" vel="0,0,0" mass="1" elasticityCoef="1" ang="90,0,0" color="0,220,0" radius="0.5" length="4" />
		<capsule pos="33.349999999999994,-5.5,-16.099999999999998" vel="0,0,0" mass="1" elasticityCoef="1" ang="90,0,0" color="0,220,0" radius="0.5" length="4" />
		<capsule pos="33.349999999999994,-5.5,-13.799999999999997" vel="0,0,0" mass="1" elasticityCoef="1" ang="90,0,0" color="0,220,0" radius="0.5" length="4" />
		<capsule pos="33.349999999999994,-5.5,-11.5" vel="0,0,0" mass="1" elasticityCoef="1" ang="90,0,0" color="0,220,0" radius="0.5" length="4" />
		<capsule pos="33.349999999999994,-5.5,-9.199999999999996" vel="0,0,0" mass="1" elasticityCoef="1" ang="90,0,0" color="0,220,0" radius="0.5" length="4" />
		<capsule pos="33.349999999999994,-5.5,-6.899999999999999" vel="0,0,0" mass="1" elasticityCoef="1" ang="90,0,0" color="0,220,0" radius="0.5" length="4" />
		<capsule pos="33.349999999999994,-5.5,-4.600000000000001" vel="0,0,0" mass="1" elasticityCoef="1" ang="90,0,0" color="0,220,0" radius="0.5" length="4" />
		<capsule pos="33.349999999999994,-5.5,-2.299999999999997" vel="0,0,0" mass="1" elasticityCoef="1" ang="90,0,0" color="0,220,0" radius="0.5" length="4" />
		<capsule pos="33.349999999999994,-5.5,0.0" vel="0,0,0" mass="1" elasticityCoef="1" ang="90,0,0" color="0,220,0" radius="0.5" length="4" />
		<capsule pos="33.349999999999994,-5.5,2.3000000000000043" vel="0,0,0" mass="1" elasticityCoef="1" ang="90,0,0" color="0,220,0" radius="0.5" length="4" />
		<capsule pos="33.349999999999994,-5.5,4.600000000000001" vel="0,0,0" mass="1" elasticityCoef="1" ang="90,0,0" color="0,220,0" radius="0.5" length="4" />
		<capsule pos="33.349999999999994,-5.5,6.899999999999999" vel="0,0,0" mass="1" elasticityCoef="1" ang="90,0,0" color="0,220,0" radius="0.5" length="4" />
		<capsule pos="33.349999999999994,-5.5,9.200000000000003" vel="0,0,0" mass="1" elasticityCoef="1" ang="90,0,0" color="0,220,0" radius="0.5" length="4" />
		<capsule pos="33.349999999999994,-5.5,11.5" vel="0,0,0" mass="1" elasticityCoef="1" ang="90,0,0" color="0,220,0" radius="0.5" length="4" />
		<capsule pos="33.349999999999994,-5.5,13.799999999999997" vel="0,0,0" mass="1" elasticityCoef="1" ang="90,0,0" color="0,220,0" radius="0.5" length="4" />
		<capsule pos="33.349999999999994,-5.5,16.1" vel="0,0,0" mass="1" elasticityCoef="1" ang="90,0,0" color="0,220,0" radius="0.5" length="4" />
		<capsule pos="33.349999999999994,-5.5,18.4" vel="0,0,0" mass="1" elasticityCoef="1" ang="90,0,0" color="0,220,0" radius="0.5" length="4" />
		<capsule pos="33.349999999999994,-5.5,20.699999999999996" vel="0,0,0" mass="1" elasticityCoef="1" ang="90,0,0" color="0,220,0" radius="0.5" length="4" />
		<capsule pos="33.349999999999994,-5.5,22.999999999999993" vel="0,0,0" mass="1" elasticityCoef="1" ang="90,0,0" color="0,220,0" radius="0.5" length="4" />
		<capsule pos="33.349999999999994,-5.5,25.300000000000004" vel="0,0,0" mass="1" elasticityCoef="1" ang="90,0,0" color="0,220,0" radius="0.5" length="4" />
		<capsule pos="33.349999999999994,-5.5,27.6" vel="0,0,0" mass="1" elasticityCoef="1" ang="90,0,0" color="0,220,0" radius="0.5" length="4" />
		<capsule pos="33.349999999999994,-5.5,29.9" vel="0,0,0" mass="1" elasticityCoef="1" ang="90,0,0" color="0,220,0" radius="0.5" length="4" />
		<capsule pos="33.349999999999994,-5.5,32.199999999999996" vel="0,0,0" mass="1" elasticityCoef="1" ang="90,0,0" color="0,220,0" radius="0.5" length="4" />
		<capsule pos="33.349999999999994,-5.5,34.49999999999999" vel="0,0,0" mass="1" elasticityCoef="1" ang="90,0,0" color="0,220,0" radius="0.5" length="4" />
		<capsule pos="33.349999999999994,-5.5,36.800000000000004" vel="0,0,0" mass="1" elasticityCoef="1" ang="90,0,0" color="0,220,0" radius="0.5" length="4" />
		<capsule pos="33.349999999999994,-5.5,39.1" vel="0,0,0" mass="1" elasticityCoef="1" ang="90,0,0" color="0,220,0" radius="0.5" length="4" />
		<capsule pos="33.349999999999994,-5.5,41.4" vel="0,0,0" mass="1" elasticityCoef="1" ang="90,0,0" color="0,220,0" radius="0.5" length="4" />
		<capsule pos="33.349999999999994,0.0,-43.699999999999996" vel="0,0,0" mass="1" elasticityCoef="1" ang="90,0,0" color="0,220,0" radius="0.5" length="4" />
		<capsule pos="33.349999999999994,0.0,-41.4" vel="0,0,0" mass="1" elasticityCoef="1" ang="90,0,0" color="0,220,0" radius="0.5" length="4" />
		<capsule pos="33.349999999999994,0.0,-39.099999999999994" vel="0,0,0" mass="1" elasticityCoef="1" ang="90,0,0" color="0,220,0" radius="0.5" length="4" />
		<capsule pos="33.349999999999994,0.0,-36.8" vel="0,0,0" mass="1" elasticityCoef="1" ang="90,0,0" color="0,220,0" radius="0.5" length="4" />
		<capsule pos="33.349999999999994,0.0,-34.5" vel="0,0,0" mass="1" elasticityCoef="1" ang="90,0,0" color="0,220,0" radius="0.5" length="4" />
		<capsule pos="33.349999999999994,0.0,-32.199999999999996" vel="0,0,0" mass="1" elasticityCoef="1" ang="90,0,0" color="0,220,0" radius="0.5" length="4" />
		<capsule pos="33.349999999999994,0.0,-29.9" vel="0,0,0" mass="1" elasticityCoef="1" ang="90,0,0" color="0,220,0" radius="0.5" length="4" />
		<capsule pos="33.349999999999994,0.0,-27.599999999999998" vel="0,0,0" mass="1" elasticityCoef="1" ang="90,0,0" color="0,220,0" radius="0.5" length="4" />
		<capsule pos="33.349999999999994,0.0,-25.299999999999997" vel="0,0,0" mass="1" elasticityCoef="1" ang="90,0,0" color="0,220,0" radius="0.5" length="4" />
		<capsule pos="33.349999999999994,0.0,-22.999999999999996" vel="0,0,0" mass="1" elasticityCoef="1" ang="90,0,0" color="0,220,0" radius="0.5" length="4" />
		<capsule pos="33.349999999999994,0.0,-20.699999999999996" vel="0,0,0" mass="1" elasticityCoef="1" ang="90,0,0" color="0,220,0" radius="0.5" length="4" />
		<capsule pos="33.349999999999994,0.0,-18.4" vel="0,0,0" mass="1" elasticityCoef="1" ang="90,0,0" color="0,220,0" radius="0.5" length="4" />
		<capsule pos="33.349999999999994,0.0,-16.099999999999998" vel="0,0,0" mass="1" elasticityCoef="1" ang="90,0,0" color="0,220,0" radius="0.5" length="4" />
		<capsule pos="33.349999999999994,0.0,-13.799999999999997" vel="0,0,0" mass="1" elasticityCoef="1" ang="90,0,0" color="0,220,0" radius="0.5" length="4" />
		<capsule pos="33.349999999999994,0.0,-11.5" vel="0,0,0" mass="1" elasticityCoef="1" ang="90,0,0" color="0,220,0" radius="0.5" length="4" />
		<capsule pos="33.349999999999994,0.0,-9.199999999999996" vel="0,0,0" mass="1" elasticityCoef="1" ang="90,0,0" color="0,220,0" radius="0.5" length="4" />
		<capsule pos="33.349999999999994,0.0,-6.899999999999999" vel="0,0,0" mass="1" elasticityCoef="1" ang="90,0,0" color="0,220,0" radius="0.5" length="4" />
		<capsule pos="33.349999999999994,0.0,-4.600000000000001" vel="0,0,0" mass="1" elasticityCoef="1" ang="90,0,0" color="0,220,0" radius="0.5" length="4" />
		<capsule pos="33.349999999999994,0.0,-2.299999999999997" vel="0,0,0" mass="1" elasticityCoef="1" ang="90,0,0" color="0,220,0" radius="0.5" length="4" />
		<capsule pos="33.349999999999994,0.0,0.0" vel="0,0,0" mass="1" elasticityCoef="1" ang="90,0,0" color="0,220,0" radius="0.5" length="4" />
		<capsule pos="33.349999999999994,0.0,2.3000000000000043" vel="0,0,0" mass="1" elasticityCoef="1" ang="90,0,0" color="0,220,0" radius="0.5" length="4" />
		<capsule pos="33.349999999999994,0.0,4.600000000000001" vel="0,0,0" mass="1" elasticityCoef="1" ang="90,0,0" color="0,220,0" radius="0.5" length="4" />
		<capsule pos="33.349999999999994,0.0,6.899999999999999" vel="0,0,0" mass="1" elasticityCoef="1" ang="90,0,0" color="0,220,0" radius="0.5" length="4" />
		<capsule pos="33.349999999999994,0.0,9.200000000000003" vel="0,0,0" mass="1" elasticityCoef="1" ang="90,0,0" color="0,220,0" radius="0.5" length="4" />
		<capsule pos="33.349999999999994,0.0,11.5" vel="0,0,0" mass="1" elasticityCoef="1" ang="90,0,0" color="0,220,0" radius="0.5" length="4" />
		<capsule pos="33.349999999999994,0.0,13.799999999999997" vel="0,0,0" mass="1" elasticityCoef="1" ang="90,0,0" color="0,220,0" radius="0.5" length="4" />
		<capsule pos="33.349999999999994,0.0,16.1" vel="0,0,0" mass="1" elasticityCoef="1" ang="90,0,0" color="0,220,0" radius="0.5" length="4" />
		<capsule pos="33.349999999999994,0.0,18.4" vel="0,0,0" mass="1" elasticityCoef="1" ang="90,0,0" color="0,220,0" radius="0.5" length="4" />
		<capsule pos="33.349999999999994,0.0,20.699999999999996" vel="0,0,0" mass="1" elasticityCoef="1" ang="90,0,0" color="0,220,0" radius="0.5" length="4" />
		<capsule pos="33.349999999999994,0.0,22.999999999999993" vel="0,0,0" mass="1" elasticityCoef="1" ang="90,0,0" color="0,220,0" radius="0.5" length="4" />
		<capsule pos="33.349999999999994,0.0,25.300000000000004" vel="0,0,0" mass="1" elasticityCoef="1" ang="90,0,0" color="0,220,0" radius="0.5" length="4" />
		<capsule pos="33.349999999999994,0.0,27.6" vel="0,0,0" mass="1" elasticityCoef="1" ang="90,0,0" color="0,220,0" radius="0.5" length="4" />
		<capsule pos="33.349999999999994,0.0,29.9" vel="0,0,0" mass="1" elasticityCoef="1" ang="90,0,0" color="0,220,0" radius="0.5" length="4" />
		<capsule pos="33.349999999999994,0.0,32.199999999999996" vel="0,0,0" mass="1" elasticityCoef="1" ang="90,0,0" color="0,220,0" radius="0.5" length="4" />
		<capsule pos="33.349999999999994,0.0,34.49999999999999" vel="0,0,0" mass="1" elasticityCoef="1" ang="90,0,0" color="0,220,0" radius="0.5" length="4" />
		<capsule pos="33.349999999999994,0.0,36.800000000000004" vel="0,0,0" mass="1" elasticityCoef="1" ang="90,0,0" color="0,220,0" radius="0.5" length="4" />
		<capsule pos="33.349999999999994,0.0,39.1" vel="0,0,0" mass="1" elasticityCoef="1" ang="90,0,0" color="0,220,0" radius="0.5" length="4" />
		<capsule pos="33.349999999999994,0.0,41.4" vel="0,0,0" mass="1" elasticityCoef="1" ang="90,0,0" color="0,220,0" radius="0.5" length="4" />
		<capsule pos="33.349999999999994,5.5,-43.699999999999996" vel="0,0,0" mass="1" elasticityCoef="1" ang="90,0,0" color="0,220,0" radius="0.5" length="4" />
		<capsule pos="33.349999999999994,5.5,-41.4" vel="0,0,0" mass="1" elasticityCoef="1" ang="90,0,0" color="0,220,0" radius="0.5" length="4" />
		<capsule pos="33.349999999999994,5.5,-39.099999999999994" vel="0,0,0" mass="1" elasticityCoef="1" ang="90,0,0" color="0,220,0" radius="0.5" length="4" />
		<capsule pos="33.349999999999994,5.5,-36.8" vel="0,0,0" mass="1" elasticityCoef="1" ang="90,0,0" color="0,220,0" radius="0.5" length="4" />
		<capsule pos="33.349999999999994,5.5,-34.5" vel="0,0,0" mass="1" elasticityCoef="1" ang="90,0,0" color="0,220,0" radius="0.5" length="4" />
		<capsule pos="33.349999999999994,5.5,-32.199999999999996" vel="0,0,0" mass="1" elasticityCoef="1" ang="90,0,0" color="0,220,0" radius="0.5" length="4" />
		<capsule pos="33.349999999999994,5.5,-29.9" vel="0,0,0" mass="1" elasticityCoef="1" ang="90,0,0" color="0,220,0" radius="0.5" length="4" />
		<capsule pos="33.349999999999994,5.5,-27.599999999999998" vel="0,0,0" mass="1" elasticityCoef="1" ang="90,0,0" color="0,220,0" radius="0.5" length="4" />
		<capsule pos="33.349999999999994,5.5,-25.299999999999997" vel="0,0,0" mass="1" elasticityCoef="1" ang="90,0,0" color="0,220,0" radius="0.5" length="4" />
		<capsule pos="33.349999999999994,5.5,-22.999999999999996" vel="0,0,0" mass="1" elasticityCoef="1" ang="90,0,0" color="0,220,0" radius="0.5" length="4" />
		<capsule pos="33.349999999999994,5.5,-20.699999999999996" vel="0,0,0" mass="1" elasticityCoef="1" ang="90,0,0" color="0,220,0" radius="0.5" length="4" />
		<capsule pos="33.349999999999994,5.5,-18.4" vel="0,0,0" mass="1" elasticityCoef="1" ang="90,0,0" color="0,220,0" radius="0.5" length="4" />
		<capsule pos="33.349999999999994,5.5,-16.099999999999998" vel="0,0,0" mass="1" elasticityCoef="1" ang="90,0,0" color="0,220,0" radius="0.5" length="4" />
		<capsule pos="33.349999999999994,5.5,-13.799999999999997" vel="0,0,0" mass="1" elasticityCoef="1" ang="90,0,0" color="0,220,0" radius="0.5" length="4" />
		<capsule pos="33.349999999999994,5.5,-11.5" vel="0,0,0" mass="1" elasticityCoef="1" ang="90,0,0" color="0,220,0" radius="0.5" length="4" />
		<capsule pos="33.349999999999994,5.5,-9.199999999999996" vel="0,0,0" mass="1" elasticityCoef="1" ang="90,0,0" color="0,220,0" radius="0.5" length="4" />
		<capsule pos="33.349999999999994,5.5,-6.899999999999999" vel="0,0,0" mass="1" elasticityCoef="1" ang="90,0,0" color="0,220,0" radius="0.5" length="4" />
		<capsule pos="33.349999999999994,5.5,-4.600000000000001" vel="0,0,0" mass="1" elasticityCoef="1" ang="90,0,0" color="0,220,0" radius="0.5" length="4" />
		<capsule pos="33.349999999999994,5.5,-2.299999999999997" vel="0,0,0" mass="1" elasticityCoef="1" ang="90,0,0" color="0,220,0" radius="0.5" length="4" />
		<capsule pos="33.349999999999994,5.5,0.0" vel="0,0,0" mass="1" elasticityCoef="1" ang="90,0,0" color="0,220,0" radius="0.5" length="4" />
		<capsule pos="33.349999999999994,5.5,2.3000000000000043" vel="0,0,0" mass="1" elasticityCoef="1" ang="90,0,0" color="0,220,0" radius="0.5" length="4" />
		<capsule pos="33.349999999999994,5.5,4.600000000000001" vel="0,0,0" mass="1" elasticityCoef="1" ang="90,0,0" color="0,220,0" radius="0.5" length="4" />
		<capsule pos="33.349999999999994,5.5,6.899999999999999" vel="0,0,0" mass="1" elasticityCoef="1" ang="90,0,0" color="0,220,0" radius="0.5" length="4" />
		<capsule pos="33.349999999999994,5.5,9.200000000000003" vel="0,0,0" mass="1" elasticityCoef="1" ang="90,0,0" color="0,220,0" radius="0.5" length="4" />
		<capsule pos="33.349999999999994,5.5,11.5" vel="0,0,0" mass="1" elasticityCoef="1" ang="90,0,0" color="0,220,0" radius="0.5" length="4" />
		<capsule pos="33.349999999999994,5.5,13.799999999999997" vel="0,0,0" mass="1" elasticityCoef="1" ang="90,0,0" color="0,220,0" radius="0.5" length="4" />
		<capsule pos="33.349999999999994,5.5,16.1" vel="0,0,0" mass="1" elasticityCoef="1" ang="90,0,0" color="0,220,0" radius="0.5" length="4" />
		<capsule pos="33.349999999999994,5.5,18.4" vel="0,0,0" mass="1" elasticityCoef="1" ang="90,0,0" color="0,220,0" radius="0.5" length="4" />
		<capsule pos="33.349999999999994,5.5,20.699999999999996" vel="0,0,0" mass="1" elasticityCoef="1" ang="90,0,0" color="0,220,0" radius="0.5" length="4" />
		<capsule pos="33.349999999999994,5.5,22.999999999999993" vel="0,0,0" mass="1" elasticityCoef="1" ang="90,0,0" color="0,220,0" radius="0.5" length="4" />
		<capsule pos="33.349999999999994,5.5,25.300000000000004" vel="0,0,0" mass="1" elasticityCoef="1" ang="90,0,0" color="0,220,0" radius="0.5" length="4" />
		<capsule pos="33.349999999999994,5.5,27.6" vel="0,0,0" mass="1" elasticityCoef="1" ang="90,0,0" color="0,220,0" radius="0.5" length="4" />
		<capsule pos="33.349999999999994,5.5,29.9" vel="0,0,0" mass="1" elasticityCoef="1" ang="90,0,0" color="0,220,0" radius="0.5" length="4" />
		<capsule pos="33.349999999999994,5.5,32.199999999999996" vel="0,0,0" mass="1" elasticityCoef="1" ang="90,0,0" color="0,220,0" radius="0.5" length="4" />
		<capsule pos="33.349999999999994,5.5,34.49999999999999" vel="0,0,0" mass="1" elasticityCoef="1" ang="90,0,0" color="0,220,0" radius="0.5" length="4" />
		<capsule pos="33.349999999999994,5.5,36.800000000000004" vel="0,0,0" mass="1" elasticityCoef="1" ang="90,0,0" color="0,220,0" radius="0.5" length="4" />
		<capsule pos="33.349999999999994,5.5,39.1" vel="0,0,0" mass="1" elasticityCoef="1" ang="90,0,0" color="0,220,0" radius="0.5" length="4" />
		<capsule pos="33.349999999999994,5.5,41.4" vel="0,0,0" mass="1" elasticityCoef="1" ang="90,0,0" color="0,220,0" radius="0.5" length="4" />
		<capsule pos="33.349999999999994,11.0,-43.699999999999996" vel="0,0,0" mass="1" elasticityCoef="1" ang="90,0,0" color="0,220,0" radius="0.5" length="4" />
		<capsule pos="33.349999999999994,11.0,-41.4" vel="0,0,0" mass="1" elasticityCoef="1" ang="90,0,0" color="0,220,0" radius="0.5" length="4" />
		<capsule pos="33.349999999999994,11.0,-39.099999999999994" vel="0,0,0" mass="1" elasticityCoef="1" ang="90,0,0" color="0,220,0" radius="0.5" length="4" />
		<capsule pos="33.349999999999994,11.0,-36.8" vel="0,0,0" mass="1" elasticityCoef="1" ang="90,0,0" color="0,220,0" radius="0.5" length="4" />
		<capsule pos="33.349999999999994,11.0,-34.5" vel="0,0,0" mass="1" elasticityCoef="1" ang="90,0,0" color="0,220,0" radius="0.5" length="4" />
		<capsule pos="33.349999999999994,11.0,-32.199999999999996" vel="0,0,0" mass="1" elasticityCoef="1" ang="90,0,0" color="0,220,0" radius="0.5" length="4" />
		<capsule pos="33.349999999999994,11.0,-29.9" vel="0,0,0" mass="1" elasticityCoef="1" ang="90,0,0" color="0,220,0" radius="0.5" length="4" />
		<capsule pos="33.349999999999994,11.0,-27.599999999999998" vel="0,0,0" mass="1" elasticityCoef="1" ang="90,0,0" color="0,220,0" radius="0.5" length="4" />
		<capsule pos="33.349999999999994,11.0,-25.299999999999997" vel="0,0,0" mass="1" elasticityCoef="1" ang="90,0,0" color="0,220,0" radius="0.5" length="4" />
		<capsule pos="33.349999999999994,11.0,-22.999999999999996" vel="0,0,0" mass="1" elasticityCoef="1" ang="90,0,0" color="0,220,0" radius="0.5" length="4" />
		<capsule pos="33.349999999999994,11.0,-20.699999999999996" vel="0,0,0" mass="1" elasticityCoef="1" ang="90,0,0" color="0,220,0" radius="0.5" length="4" />
		<capsule pos="33.349999999999994,11.0,-18.4" vel="0,0,0" mass="1" elasticityCoef="1" ang="90,0,0" color="0,220,0" radius="0.5" length="4" />
		<capsule pos="33.349999999999994,11.0,-16.099999999999998" vel="0,0,0" mass="1" elasticityCoef="1" ang="90,0,0" color="0,220,0" radius="0.5" length="4" />
		<capsule pos="33.349999999999994,11.0,-13.799999999999997" vel="0,0,0" mass="1" elasticityCoef="1" ang="90,0,0" color="0,220,0" radius="0.5" length="4" />
		<capsule pos="33.349999999999994,11.0,-11.5" vel="0,0,0" mass="1" elasticityCoef="1" ang="90,0,0" color="0,220,0" radius="0.5" length="4" />
		<capsule pos="33.349999999999994,11.0,-9.199999999999996" vel="0,0,0" mass="1" elasticityCoef="1" ang="90,0,0" color="0,220,0" radius="0.5" length="4" />
		<capsule pos="33.349999999999994,11.0,-6.899999999999999" vel="0,0,0" mass="1" elasticityCoef="1" ang="90,0,0" color="0,220,0" radius="0.5" length="4" />
		<capsule pos="33.349999999999994,11.0,-4.600000000000001" vel="0,0,0" mass="1" elasticityCoef="1" ang="90,0,0" color="0,220,0" radius="0.5" length="4" />
		<capsule pos="33.349999999999994,11.0,-2.299999999999997" vel="0,0,0" mass="1" elasticityCoef="1" ang="90,0,0" color="0,220,0" radius="0.5" length="4" />
		<capsule pos="33.349999999999994,11.0,0.0" vel="0,0,0" mass="1" elasticityCoef="1" ang="90,0,0" color="0,220,0" radius="0.5" length="4" />
		<capsule pos="33.349999999999994,11.0,2.3000000000000043" vel="0,0,0" mass="1" elasticityCoef="1" ang="90,0,0" color="0,220,0" radius="0.5" length="4" />
		<capsule pos="33.349999999999994,11.0,4.600000000000001" vel="0,0,0" mass="1" elasticityCoef="1" ang="90,0,0" color="0,220,0" radius="0.5" length="4" />
		<capsule pos="33.349999999999994,11.0,6.899999999999999" vel="0,0,0" mass="1" elasticityCoef="1" ang="90,0,0" color="0,220,0" radius="0.5" length="4" />
		<capsule pos="33.349999999999994,11.0,9.200000000000003" vel="0,0,0" mass="1" elasticityCoef="1" ang="90,0,0" color="0,220,0" radius="0.5" length="4" />
		<capsule pos="33.349999999999994,11.0,11.5" vel="0,0,0" mass="1" elasticityCoef="1" ang="90,0,0" color="0,220,0" radius="0.5" length="4" />
		<capsule pos="33.349999999999994,11.0,13.799999999999997" vel="0,0,0" mass="1" elasticityCoef="1" ang="90,0,0" color="0,220,0" radius="0.5" length="4" />
		<capsule pos="33.349999999999994,11.0,16.1" vel="0,0,0" mass="1" elasticityCoef="1" ang="90,0,0" color="0,220,0" radius="0.5" length="4" />
		<capsule pos="33.349999999999994,11.0,18.4" vel="0,0,0" mass="1" elasticityCoef="1" ang="90,0,0" color="0,220,0" radius="0.5" length="4" />
		<capsule pos="33.349999999999994,11.0,20.699999999999996" vel="0,0,0" mass="1" elasticityCoef="1" ang="90,0,0" color="0,220,0" radius="0.5" length="4" />
		<capsule pos="33.349999999999994,11.0,22.999999999999993" vel="0,0,0" mass="1" elasticityCoef="1" ang="90,0,0" color="0,220,0" radius="0.5" length="4" />
		<capsule pos="33.349999999999994,11.0,25.300000000000004" vel="0,0,0" mass="1" elasticityCoef="1" ang="90,0,0" color="0,220,0" radius="0.5" length="4" />
		<capsule pos="33.349999999999994,11.0,27.6" vel="0,0,0" mass="1" elasticityCoef="1" ang="90,0,0" color="0,220,0" radius="0.5" length="4" />
		<capsule pos="33.349999999999994,11.0,29.9" vel="0,0,0" mass="1" elasticityCoef="1" ang="90,0,0" color="0,220,0" radius="0.5" length="4" />
		<capsule pos="33.349999999999994,11.0,32.199999999999996" vel="0,0,0" mass="1" elasticityCoef="1" ang="90,0,0" color="0,220,0" radius="0.5" length="4" />
		<capsule pos="33.349999999999994,11.0,34.49999999999999" vel="0,0,0" mass="1" elasticityCoef="1" ang="90,0,0" color="0,220,0" radius="0.5" length="4" />
		<capsule pos="33.349999999999994,11.0,36.800000000000004" vel="0,0,0" mass="1" elasticityCoef="1" ang="90,0,0" color="0,220,0" radius="0.5" length="4" />
		<capsule pos="33.349999999999994,11.0,39.1" vel="0,0,0" mass="1" elasticityCoef="1" ang="90,0,0" color="0,220,0" radius="0.5" length="4" />
		<capsule pos="33.349999999999994,11.0,41.4" vel="0,0,0" mass="1" elasticityCoef="1" ang="90,0,0" color="0,220,0" radius="0.5" length="4" />
		<capsule pos="33.349999999999994,16.5,-43.699999999999996" vel="0,0,0" mass="1" elasticityCoef="1" ang="90,0,0" color="0,220,0" radius="0.5" length="4" />
		<capsule pos="33.349999999999994,16.5,-41.4" vel="0,0,0" mass="1" elasticityCoef="1" ang="90,0,0" color="0,220,0" radius="0.5" length="4" />
		<capsule pos="33.349999999999994,16.5,-39.099999999999994" vel="0,0,0" mass="1" elasticityCoef="1" ang="90,0,0" color="0,220,0" radius="0.5" length="4" />
		<capsule pos="33.349999999999994,16.5,-36.8" vel="0,0,0" mass="1" elasticityCoef="1" ang="90,0,0" color="0,220,0" radius="0.5" length="4" />
		<capsule pos="33.349999999999994,16.5,-34.5" vel="0,0,0" mass="1" elasticityCoef="1" ang="90,0,0" color="0,220,0" radius="0.5" length="4" />
		<capsule pos="33.349999999999994,16.5,-32.199999999999996" vel="0,0,0" mass="1" elasticityCoef="1" ang="90,0,0" color="0,220,0" radius="0.5" length="4" />
		<capsule pos="33.349999999999994,16.5,-29.9" vel="0,0,0" mass="1" elasticityCoef="1" ang="90,0,0" color="0,220,0" radius="0.5" length="4" />
		<capsule pos="33.349999999999994,16.5,-27.599999999999998" vel="0,0,0" mass="1" elasticityCoef="1" ang="90,0,0" color="0,220,0" radius="0.5" length="4" />
		<capsule pos="33.349999999999994,16.5,-25.299999999999997" vel="0,0,0" mass="1" elasticityCoef="1" ang="90,0,0" color="0,220,0" radius="0.5" length="4" />
		<capsule pos="33.349999999999994,16.5,-22.999999999999996" vel="0,0,0" mass="1" elasticityCoef="1" ang="90,0,0" color="0,220,0" radius="0.5" length="4" />
		<capsule pos="33.349999999999994,16.5,-20.699999999999996" vel="0,0,0" mass="1" elasticityCoef="1" ang="90,0,0" color="0,220,0" radius="0.5" length="4" />
		<capsule pos="33.349999999999994,16.5,-18.4" vel="0,0,0" mass="1" elasticityCoef="1" ang="90,0,0" color="0,220,0" radius="0.5" length="4" />
		<capsule pos="33.349999999999994,16.5,-16.099999999999998" vel="0,0,0" mass="1" elasticityCoef="1" ang="90,0,0" color="0,220,0" radius="0.5" length="4" />
		<capsule pos="33.349999999999994,16.5,-13.799999999999997" vel="0,0,0" mass="1" elasticityCoef="1" ang="90,0,0" color="0,220,0" radius="0.5" length="4" />
		<capsule pos="33.349999999999994,16.5,-11.5" vel="0,0,0" mass="1" elasticityCoef="1" ang="90,0,0" color="0,220,0" radius="0.5" length="4" />
		<capsule pos="33.349999999999994,16.5,-9.199999999999996" vel="0,0,0" mass="1" elasticityCoef="1" ang="90,0,0" color="0,220,0" radius="0.5" length="4" />
		<capsule pos="33.349999999999994,16.5,-6.899999999999999" vel="0,0,0" mass="1" elasticityCoef="1" ang="90,0,0" color="0,220,0" radius="0.5" length="4" />
		<capsule pos="33.349999999999994,16.5,-4.600000000000001" vel="0,0,0" mass="1" elasticityCoef="1" ang="90,0,0" color="0,220,0" radius="0.5" length="4" />
		<capsule pos="33.349999999999994,16.5,-2.299999999999997" vel="0,0,0" mass="1" elasticityCoef="1" ang="90,0,0" color="0,220,0" radius="0.5" length="4" />
		<capsule pos="33.349999999999994,16.5,0.0" vel="0,0,0" mass="1" elasticityCoef="1" ang="90,0,0" color="0,220,0" radius="0.5" length="4" />
		<capsule pos="33.349999999999994,16.5,2.3000000000000043" vel="0,0,0" mass="1" elasticityCoef="1" ang="90,0,0" color="0,220,0" radius="0.5" length="4" />
		<capsule pos="33.349999999999994,16.5,4.600000000000001" vel="0,0,0" mass="1" elasticityCoef="1" ang="90,0,0" color="0,220,0" radius="0.5" length="4" />
		<capsule pos="33.349999999999994,16.5,6.899999999999999" vel="0,0,0" mass="1" elasticityCoef="1" ang="90,0,0" color="0,220,0" radius="0.5" length="4" />
		<capsule pos="33.349999999999994,16.5,9.200000000000003" vel="0,0,0" mass="1" elasticityCoef="1" ang="90,0,0" color="0,220,0" radius="0.5" length="4" />
		<capsule pos="33.349999999999994,16.5,11.5" vel="0,0,0" mass="1" elasticityCoef="1" ang="90,0,0" color="0,220,0" radius="0.5" length="4" />
		<capsule pos="33.349999999999994,16.5,13.799999999999997" vel="0,0,0" mass="1" elasticityCoef="1" ang="90,0,0" color="0,220,0" radius="0.5" length="4" />
		<capsule pos="33.349999999999994,16.5,16.1" vel="0,0,0" mass="1" elasticityCoef="1" ang="90,0,0" color="0,220,0" radius="0.5" length="4" />
		<capsule pos="33.349999999999994,16.5,18.4" vel="0,0,0" mass="1" elasticityCoef="1" ang="90,0,0" color="0,220,0" radius="0.5" length="4" />
		<capsule pos="33.349999999999994,16.5,20.699999999999996" vel="0,0,0" mass="1" elasticityCoef="1" ang="90,0,0" color="0,220,0" radius="0.5" length="4" />
		<capsule pos="33.349999999999994,16.5,22.999999999999993" vel="0,0,0" mass="1" elasticityCoef="1" ang="90,0,0" color="0,220,0" radius="0.5" length="4" />
		<capsule pos="33.349999999999994,16.5,25.300000000000004" vel="0,0,0" mass="1" elasticityCoef="1" ang="90,0,0" color="0,220,0" radius="0.5" length="4" />
		<capsule pos="33.349999999999994,16.5,27.6" vel="0,0,0" mass="1" elasticityCoef="1" ang="90,0,0" color="0,220,0" radius="0.5" length="4" />
		<capsule pos="33.349999999999994,16.5,29.9" vel="0,0,0" mass="1" elasticityCoef="1" ang="90,0,0" color="0,220,0" radius="0.5" length="4" />
		<capsule pos="33.349999999999994,16.5,32.199999999999996" vel="0,0,0" mass="1" elasticityCoef="1" ang="90,0,0" color="0,220,0" radius="0.5" length="4" />
		<capsule pos="33.349999999999994,16.5,34.49999999999999" vel="0,0,0" mass="1" elasticityCoef="1" ang="90,0,0" color="0,220,0" radius="0.5" length="4" />
		<capsule pos="33.349999999999994,16.5,36.800000000000004" vel="0,0,0" mass="1" elasticityCoef="1" ang="90,0,0" color="0,220,0" radius="0.5" length="4" />
		<capsule pos="33.349999999999994,16.5,39.1" vel="0,0,0" mass="1" elasticityCoef="1" ang="90,0,0" color="0,220,0" radius="0.5" length="4" />
		<capsule pos="33.349999999999994,16.5,41.4" vel="0,0,0" mass="1" elasticityCoef="1" ang="90,0,0" color="0,220,0" radius="0.5" length="4" />
		<capsule pos="33.349999999999994,22.0,-43.699999999999996" vel="0,0,0" mass="1" elasticityCoef="1" ang="90,0,0" color="0,220,0" radius="0.5" length="4" />
		<capsule pos="33.349999999999994,22.0,-41.4" vel="0,0,0" mass="1" elasticityCoef="1" ang="90,0,0" color="0,220,0" radius="0.5" length="4" />
		<capsule pos="33.349999999999994,22.0,-39.099999999999994" vel="0,0,0" mass="1" elasticityCoef="1" ang="90,0,0" color="0,220,0" radius="0.5" length="4" />
		<capsule pos="33.349999999999994,22.0,-36.8" vel="0,0,0" mass="1" elasticityCoef="1" ang="90,0,0" color="0,220,0" radius="0.5" length="4" />
		<capsule pos="33.349999999999994,22.0,-34.5" vel="0,0,0" mass="1" elasticityCoef="1" ang="90,0,0" color="0,220,0" radius="0.5" length="4" />
		<capsule pos="33.349999999999994,22.0,-32.199999999999996" vel="0,0,0" mass="1" elasticityCoef="1" ang="90,0,0" color="0,220,0" radius="0.5" length="4" />
		<capsule pos="33.349999999999994,22.0,-29.9" vel="0,0,0" mass="1" elasticityCoef="1" ang="90,0,0" color="0,220,0" radius="0.5" length="4" />
		<capsule pos="33.349999999999994,22.0,-27.599999999999998" vel="0,0,0" mass="1" elasticityCoef="1" ang="90,0,0" color="0,220,0" radius="0.5" length="4" />
		<capsule pos="33.349999999999994,22.0,-25.299999999999997" vel="0,0,0" mass="1" elasticityCoef="1" ang="90,0,0" color="0,220,0" radius="0.5" length="4" />
		<capsule pos="33.349999999999994,22.0,-22.999999999999996" vel="0,0,0" mass="1" elasticityCoef="1" ang="90,0,0" color="0,220,0" radius="0.5" length="4" />
		<capsule pos="33.349999999999994,22.0,-20.699999999999996" vel="0,0,0" mass="1" elasticityCoef="1" ang="90,0,0" color="0,220,0" radius="0.5" length="4" />
		<capsule pos="33.349999999999994,22.0,-18.4" vel="0,0,0" mass="1" elasticityCoef="1" ang="90,0,0" color="0,220,0" radius="0.5" length="4" />
		<capsule pos="33.349999999999994,22.0,-16.099999999999998" vel="0,0,0" mass="1" elasticityCoef="1" ang="90,0,0" color="0,220,0" radius="0.5" length="4" />
		<capsule pos="33.349999999999994,22.0,-13.799999999999997" vel="0,0,0" mass="1" elasticityCoef="1" ang="90,0,0" color="0,220,0" radius="0.5" length="4" />
		<capsule pos="33.349999999999994,22.0,-11.5" vel="0,0,0" mass="1" elasticityCoef="1" ang="90,0,0" color="0,220,0" radius="0.5" length="4" />
		<capsule pos="33.349999999999994,22.0,-9.199999999999996" vel="0,0,0" mass="1" elasticityCoef="1" ang="90,0,0" color="0,220,0" radius="0.5" length="4" />
		<capsule pos="33.349999999999994,22.0,-6.899999999999999" vel="0,0,0" mass="1" elasticityCoef="1" ang="90,0,0" color="0,220,0" radius="0.5" length="4" />
		<capsule pos="33.349999999999994,22.0,-4.600000000000001" vel="0,0,0" mass="1" elasticityCoef="1" ang="90,0,0" color="0,220,0" radius="0.5" length="4" />
		<capsule pos="33.349999999999994,22.0,-2.299999999999997" vel="0,0,0" mass="1" elasticityCoef="1" ang="90,0,0" color="0,220,0" radius="0.5" length="4" />
		<capsule pos="33.349999999999994,22.0,0.0" vel="0,0,0" mass="1" elasticityCoef="1" ang="90,0,0" color="0,220,0" radius="0.5" length="4" />
		<capsule pos="33.349999999999994,22.0,2.3000000000000043" vel="0,0,0" mass="1" elasticityCoef="1" ang="90,0,0" color="0,220,0" radius="0.5" length="4" />
		<capsule pos="33.349999999999994,22.0,4.600000000000001" vel="0,0,0" mass="1" elasticityCoef="1" ang="90,0,0" color="0,220,0" radius="0.5" length="4" />
		<capsule pos="33.349999999999994,22.0,6.899999999999999" vel="0,0,0" mass="1" elasticityCoef="1" ang="90,0,0" color="0,220,0" radius="0.5" length="4" />
		<capsule pos="33.349999999999994,22.0,9.200000000000003" vel="0,0,0" mass="1" elasticityCoef="1" ang="90,0,0" color="0,220,0" radius="0.5" length="4" />
		<capsule pos="33.349999999999994,22.0,11.5" vel="0,0,0" mass="1" elasticityCoef="1" ang="90,0,0" color="0,220,0" radius="0.5" length="4" />
		<capsule pos="33.349999999999994,22.0,13.799999999999997" vel="0,0,0" mass="1" elasticityCoef="1" ang="90,0,0" color="0,220,0" radius="0.5" length="4" />
		<capsule pos="33.349999999999994,22.0,16.1" vel="0,0,0" mass="1" elasticityCoef="1" ang="90,0,0" color="0,220,0" radius="0.5" length="4" />
		<capsule pos="33.349999999999994,22.0,18.4" vel="0,0,0" mass="1" elasticityCoef="1" ang="90,0,0" color="0,220,0" radius="0.5" length="4" />
		<capsule pos="33.349999999999994,22.0,20.699999999999996" vel="0,0,0" mass="1" elasticityCoef="1" ang="90,0,0" color="0,220,0" radius="0.5" length="4" />
		<capsule pos="33.349999999999994,22.0,22.999999999999993" vel="0,0,0" mass="1" elasticityCoef="1" ang="90,0,0" color="0,220,0" radius="0.5" length="4" />
		<capsule pos="33.349999999999994,22.0,25.300000000000004" vel="0,0,0" mass="1" elasticityCoef="1" ang="90,0,0" color="0,220,0" radius="0.5" length="4" />
		<capsule pos="33.349999999999994,22.0,27.6" vel="0,0,0" mass="1" elasticityCoef="1" ang="90,0,0" color="0,220,0" radius="0.5" length="4" />
		<capsule pos="33.349999999999994,22.0,29.9" vel="0,0,0" mass="1" elasticityCoef="1" ang="90,0,0" color="0,220,0" radius="0.5" length="4" />
		<capsule pos="33.349999999999994,22.0,32.199999999999996" vel="0,0,0" mass="1" elasticityCoef="1" ang="90,0,0" color="0,220,0" radius="0.5" length="4" />
		<capsule pos="33.349999999999994,22.0,34.49999999999999" vel="0,0,0" mass="1" elasticityCoef="1" ang="90,0,0" color="0,220,0" radius="0.5" length="4" />
		<capsule pos="33.349999999999994,22.0,36.800000000000004" vel="0,0,0" mass="1" elasticityCoef="1" ang="90,0,0" color="0,220,0" radius="0.5" length="4" />
		<capsule pos="33.349999999999994,22.0,39.1" vel="0,0,0" mass="1" elasticityCoef="1" ang="90,0,0" color="0,220,0" radius="0.5" length="4" />
		<capsule pos="33.349999999999994,22.0,41.4" vel="0,0,0" mass="1" elasticityCoef="1" ang="90,0,0" color="0,220,0" radius="0.5" length="4" />
		<capsule pos="33.349999999999994,27.5,-43.699999999999996" vel="0,0,0" mass="1" elasticityCoef="1" ang="90,0,0" color="0,220,0" radius="0.5" length="4" />
		<capsule pos="33.349999999999994,27.5,-41.4" vel="0,0,0" mass="1" elasticityCoef="1" ang="90,0,0" color="0,220,0" radius="0.5" length="4" />
		<capsule pos="33.349999999999994,27.5,-39.099999999999994" vel="0,0,0" mass="1" elasticityCoef="1" ang="90,0,0" color="0,220,0" radius="0.5" length="4" />
		<capsule pos="33.349999999999994,27.5,-36.8" vel="0,0,0" mass="1" elasticityCoef="1" ang="90,0,0" color="0,220,0" radius="0.5" length="4" />
		<capsule pos="33.349999999999994,27.5,-34.5" vel="0,0,0" mass="1" elasticityCoef="1" ang="90,0,0" color="0,220,0" radius="0.5" length="4" />
		<capsule pos="33.349999999999994,27.5,-32.199999999999996" vel="0,0,0" mass="1" elasticityCoef="1" ang="90,0,0" color="0,220,0" radius="0.5" length="4" />
		<capsule pos="33.349999999999994,27.5,-29.9" vel="0,0,0" mass="1" elasticityCoef="1" ang="90,0,0" color="0,220,0" radius="0.5" length="4" />
		<capsule pos="33.349999999999994,27.5,-27.599999999999998" vel="0,0,0" mass="1" elasticityCoef="1" ang="90,0,0" color="0,220,0" radius="0.5" length="4" />
		<capsule pos="33.349999999999994,27.5,-25.299999999999997" vel="0,0,0" mass="1" elasticityCoef="1" ang="90,0,0" color="0,220,0" radius="0.5" length="4" />
		<capsule pos="33.349999999999994,27.5,-22.999999999999996" vel="0,0,0" mass="1" elasticityCoef="1" ang="90,0,0" color="0,220,0" radius="0.5" length="4" />
		<capsule pos="33.349999999999994,27.5,-20.699999999999996" vel="0,0,0" mass="1" elasticityCoef="1" ang="90,0,0" color="0,220,0" radius="0.5" length="4" />
		<capsule pos="33.349999999999994,27.5,-18.4" vel="0,0,0" mass="1" elasticityCoef="1" ang="90,0,0" color="0,220,0" radius="0.5" length="4" />
		<capsule pos="33.349999999999994,27.5,-16.099999999999998" vel="0,0,0" mass="1" elasticityCoef="1" ang="90,0,0" color="0,220,0" radius="0.5" length="4" />
		<capsule pos="33.349999999999994,27.5,-13.799999999999997" vel="0,0,0" mass="1" elasticityCoef="1" ang="90,0,0" color="0,220,0" radius="0.5" length="4" />
		<capsule pos="33.349999999999994,27.5,-11.5" vel="0,0,0" mass="1" elasticityCoef="1" ang="90,0,0" color="0,220,0" radius="0.5" length="4" />
		<capsule pos="33.349999999999994,27.5,-9.199999999999996" vel="0,0,0" mass="1" elasticityCoef="1" ang="90,0,0" color="0,220,0" radius="0.5" length="4" />
		<capsule pos="33.349999999999994,27.5,-6.899999999999999" vel="0,0,0" mass="1" elasticityCoef="1" ang="90,0,0" color="0,220,0" radius="0.5" length="4" />
		<capsule pos="33.349999999999994,27.5,-4.600000000000001" vel="0,0,0" mass="1" elasticityCoef="1" ang="90,0,0" color="0,220,0" radius="0.5" length="4" />
		<capsule pos="33.349999999999994,27.5,-2.299999999999997" vel="0,0,0" mass="1" elasticityCoef="1" ang="90,0,0" color="0,220,0" radius="0.5" length="4" />
		<capsule pos="33.349999999999994,27.5,0.0" vel="0,0,0" mass="1" elasticityCoef="1" ang="90,0,0" color="0,220,0" radius="0.5" length="4" />
		<capsule pos="33.349999999999994,27.5,2.3000000000000043" vel="0,0,0" mass="1" elasticityCoef="1" ang="90,0,0" color="0,220,0" radius="0.5" length="4" />
		<capsule pos="33.349999999999994,27.5,4.600000000000001" vel="0,0,0" mass="1" elasticityCoef="1" ang="90,0,0" color="0,220,0" radius="0.5" length="4" />
		<capsule pos="33.349999999999994,27.5,6.899999999999999" vel="0,0,0" mass="1" elasticityCoef="1" ang="90,0,0" color="0,220,0" radius="0.5" length="4" />
		<capsule pos="33.349999999999994,27.5,9.200000000000003" vel="0,0,0" mass="1" elasticityCoef="1" ang="90,0,0" color="0,220,0" radius="0.5" length="4" />
		<capsule pos="33.349999999999994,27.5,11.5" vel="0,0,0" mass="1" elasticityCoef="1" ang="90,0,0" color="0,220,0" radius="0.5" length="4" />
		<capsule pos="33.349999999999994,27.5,13.799999999999997" vel="0,0,0" mass="1" elasticityCoef="1" ang="90,0,0" color="0,220,0" radius="0.5" length="4" />
		<capsule pos="33.349999999999994,27.5,16.1" vel="0,0,0" mass="1" elasticityCoef="1" ang="90,0,0" color="0,220,0" radius="0.5" length="4" />
		<capsule pos="33.349999999999994,27.5,18.4" vel="0,0,0" mass="1" elasticityCoef="1" ang="90,0,0" color="0,220,0" radius="0.5" length="4" />
		<capsule pos="33.349999999999994,27.5,20.699999999999996" vel="0,0,0" mass="1" elasticityCoef="1" ang="90,0,0" color="0,220,0" radius="0.5" length="4" />
		<capsule pos="33.349999999999994,27.5,22.999999999999993" vel="0,0,0" mass="1" elasticityCoef="1" ang="90,0,0" color="0,220,0" radius="0.5" length="4" />
		<capsule pos="33.349999999999994,27.5,25.300000000000004" vel="0,0,0" mass="1" elasticityCoef="1" ang="90,0,0" color="0,220,0" radius="0.5" length="4" />
		<capsule pos="33.349999999999994,27.5,27.6" vel="0,0,0" mass="1" elasticityCoef="1" ang="90,0,0" color="0,220,0" radius="0.5" length="4" />
		<capsule pos="33.349999999999994,27.5,29.9" vel="0,0,0" mass="1" elasticityCoef="1" ang="90,0,0" color="0,220,0" radius="0.5" length="4" />
		<capsule pos="33.349999999999994,27.5,32.199999999999996" vel="0,0,0" mass="1" elasticityCoef="1" ang="90,0,0" color="0,220,0" radius="0.5" length="4" />
		<capsule pos="33.349999999999994,27.5,34.49999999999999" vel="0,0,0" mass="1" elasticityCoef="1" ang="90,0,0" color="0,220,0" radius="0.5" length="4" />
		<capsule pos="33.349999999999994,27.5,36.800000000000004" vel="0,0,0" mass="1" elasticityCoef="1" ang="90,0,0" color="0,220,0" radius="0.5" length="4" />
		<capsule pos="33.349999999999994,27.5,39.1" vel="0,0,0" mass="1" elasticityCoef="1" ang="90,0,0" color="0,220,0" radius="0.5" length="4" />
		<capsule pos="33.349999999999994,27.5,41.4" vel="0,0,0" mass="1" elasticityCoef="1" ang="90,0,0" color="0,220,0" radius="0.5" length="4" />
		<capsule pos="33.349999999999994,33.0,-43.699999999999996" vel="0,0,0" mass="1" elasticityCoef="1" ang="90,0,0" color="0,220,0" radius="0.5" length="4" />
		<capsule pos="33.349999999999994,33.0,-41.4" vel="0,0,0" mass="1" elasticityCoef="1" ang="90,0,0" color="0,220,0" radius="0.5" length="4" />
		<capsule pos="33.349999999999994,33.0,-39.099999999999994" vel="0,0,0" mass="1" elasticityCoef="1" ang="90,0,0" color="0,220,0" radius="0.5" length="4" />
		<capsule pos="33.349999999999994,33.0,-36.8" vel="0,0,0" mass="1" elasticityCoef="1" ang="90,0,0" color="0,220,0" radius="0.5" length="4" />
		<capsule pos="33.349999999999994,33.0,-34.5" vel="0,0,0" mass="1" elasticityCoef="1" ang="90,0,0" color="0,220,0" radius="0.5" length="4" />
		<capsule pos="33.349999999999994,33.0,-32.199999999999996" vel="0,0,0" mass="1" elasticityCoef="1" ang="90,0,0" color="0,220,0" radius="0.5" length="4" />
		<capsule pos="33.349999999999994,33.0,-29.9" vel="0,0,0" mass="1" elasticityCoef="1" ang="90,0,0" color="0,220,0" radius="0.5" length="4" />
		<capsule pos="33.349999999999994,33.0,-27.599999999999998" vel="0,0,0" mass="1" elasticityCoef="1" ang="90,0,0" color="0,220,0" radius="0.5" length="4" />
		<capsule pos="33.349999999999994,33.0,-25.299999999999997" vel="0,0,0" mass="1" elasticityCoef="1" ang="90,0,0" color="0,220,0" radius="0.5" length="4" />
		<capsule pos="33.349999999999994,33.0,-22.999999999999996" vel="0,0,0" mass="1" elasticityCoef="1" ang="90,0,0" color="0,220,0" radius="0.5" length="4" />
		<capsule pos="33.349999999999994,33.0,-20.699999999999996" vel="0,0,0" mass="1" elasticityCoef="1" ang="90,0,0" color="0,220,0" radius="0.5" length="4" />
		<capsule pos="33.349999999999994,33.0,-18.4" vel="0,0,0" mass="1" elasticityCoef="1" ang="90,0,0" color="0,220,0" radius="0.5" length="4" />
		<capsule pos="33.349999999999994,33.0,-16.099999999999998" vel="0,0,0" mass="1" elasticityCoef="1" ang="90,0,0" color="0,220,0" radius="0.5" length="4" />
		<capsule pos="33.349999999999994,33.0,-13.799999999999997" vel="0,0,0" mass="1" elasticityCoef="1" ang="90,0,0" color="0,220,0" radius="0.5" length="4" />
		<capsule pos="33.349999999999994,33.0,-11.5" vel="0,0,0" mass="1" elasticityCoef="1" ang="90,0,0" color="0,220,0" radius="0.5" length="4" />
		<capsule pos="33.349999999999994,33.0,-9.199999999999996" vel="0,0,0" mass="1" elasticityCoef="1" ang="90,0,0" color="0,220,0" radius="0.5" length="4" />
		<capsule pos="33.349999999999994,33.0,-6.899999999999999" vel="0,0,0" mass="1" elasticityCoef="1" ang="90,0,0" color="0,220,0" radius="0.5" length="4" />
		<capsule pos="33.349999999999994,33.0,-4.600000000000001" vel="0,0,0" mass="1" elasticityCoef="1" ang="90,0,0" color="0,220,0" radius="0.5" length="4" />
		<capsule pos="33.349999999999994,33.0,-2.299999999999997" vel="0,0,0" mass="1" elasticityCoef="1" ang="90,0,0" color="0,220,0" radius="0.5" length="4" />
		<capsule pos="33.349999999999994,33.0,0.0" vel="0,0,0" mass="1" elasticityCoef="1" ang="90,0,0" color="0,220,0" radius="0.5" length="4" />
		<capsule pos="33.349999999999994,33.0,2.3000000000000043" vel="0,0,0" mass="1" elasticityCoef="1" ang="90,0,0" color="0,220,0" radius="0.5" length="4" />
		<capsule pos="33.349999999999994,33.0,4.600000000000001" vel="0,0,0" mass="1" elasticityCoef="1" ang="90,0,0" color="0,220,0" radius="0.5" length="4" />
		<capsule pos="33.349999999999994,33.0,6.899999999999999" vel="0,0,0" mass="1" elasticityCoef="1" ang="90,0,0" color="0,220,0" radius="0.5" length="4" />
		<capsule pos="33.349999999999994,33.0,9.200000000000003" vel="0,0,0" mass="1" elasticityCoef="1" ang="90,0,0" color="0,220,0" radius="0.5" length="4" />
		<capsule pos="33.349999999999994,33.0,11.5" vel="0,0,0" mass="1" elasticityCoef="1" ang="90,0,0" color="0,220,0" radius="0.5" length="4" />
		<capsule pos="33.349999999999994,33.0,13.799999999999997" vel="0,0,0" mass="1" elasticityCoef="1" ang="90,0,0" color="0,220,0" radius="0.5" length="4" />
		<capsule pos="33.349999999999994,33.0,16.1" vel="0,0,0" mass="1" elasticityCoef="1" ang="90,0,0" color="0,220,0" radius="0.5" length="4" />
		<capsule pos="33.349999999999994,33.0,18.4" vel="0,0,0" mass="1" elasticityCoef="1" ang="90,0,0" color="0,220,0" radius="0.5" length="4" />
		<capsule pos="33.349999999999994,33.0,20.699999999999996" vel="0,0,0" mass="1" elasticityCoef="1" ang="90,0,0" color="0,220,0" radius="0.5" length="4" />
		<capsule pos="33.349999999999994,33.0,22.999999999999993" vel="0,0,0" mass="1" elasticityCoef="1" ang="90,0,0" color="0,220,0" radius="0.5" length="4" />
		<capsule pos="33.349999999999994,33.0,25.300000000000004" vel="0,0,0" mass="1" elasticityCoef="1" ang="90,0,0" color="0,220,0" radius="0.5" length="4" />
		<capsule pos="33.349999999999994,33.0,27.6" vel="0,0,0" mass="1" elasticityCoef="1" ang="90,0,0" color="0,220,0" radius="0.5" length="4" />
		<capsule pos="33.349999999999994,33.0,29.9" vel="0,0,0" mass="1" elasticityCoef="1" ang="90,0,0" color="0,220,0" radius="0.5" length="4" />
		<capsule pos="33.349999999999994,33.0,32.199999999999996" vel="0,0,0" mass="1" elasticityCoef="1" ang="90,0,0" color="0,220,0" radius="0.5" length="4" />
		<capsule pos="33.349999999999994,33.0,34.49999999999999" vel="0,0,0" mass="1" elasticityCoef="1" ang="90,0,0" color="0,220,0" radius="0.5" length="4" />
		<capsule pos="33.349999999999994,33.0,36.800000000000004" vel="0,0,0" mass="1" elasticityCoef="1" ang="90,0,0" color="0,220,0" radius="0.5" length="4" />
		<capsule pos="33.349999999999994,33.0,39.1" vel="0,0,0" mass="1" elasticityCoef="1" ang="90,0,0" color="0,220,0" radius="0.5" length="4" />
		<capsule pos="33.349999999999994,33.0,41.4" vel="0,0,0" mass="1" elasticityCoef="1" ang="90,0,0" color="0,220,0" radius="0.5" length="4" />
		<capsule pos="33.349999999999994,38.5,-43.699999999999996" vel="0,0,0" mass="1" elasticityCoef="1" ang="90,0,0" color="0,220,0" radius="0.5" length="4" />
		<capsule pos="33.349999999999994,38.5,-41.4" vel="0,0,0" mass="1" elasticityCoef="1" ang="90,0,0" color="0,220,0" radius="0.5" length="4" />
		<capsule pos="33.349999999999994,38.5,-39.099999999999994" vel="0,0,0" mass="1" elasticityCoef="1" ang="90,0,0" color="0,220,0" radius="0.5" length="4" />
		<capsule pos="33.349999999999994,38.5,-36.8" vel="0,0,0" mass="1" elasticityCoef="1" ang="90,0,0" color="0,220,0" radius="0.5" length="4" />
		<capsule pos="33.349999999999994,38.5,-34.5" vel="0,0,0" mass="1" elasticityCoef="1" ang="90,0,0" color="0,220,0" radius="0.5" length="4" />
		<capsule pos="33.349999999999994,38.5,-32.199999999999996" vel="0,0,0" mass="1" elasticityCoef="1" ang="90,0,0" color="0,220,0" radius="0.5" length="4" />
		<capsule pos="33.349999999999994,38.5,-29.9" vel="0,0,0" mass="1" elasticityCoef="1" ang="90,0,0" color="0,220,0" radius="0.5" length="4" />
		<capsule pos="33.349999999999994,38.5,-27.599999999999998" vel="0,0,0" mass="1" elasticityCoef="1" ang="90,0,0" color="0,220,0" radius="0.5" length="4" />
		<capsule pos="33.349999999999994,38.5,-25.299999999999997" vel="0,0,0" mass="1" elasticityCoef="1" ang="90,0,0" color="0,220,0" radius="0.5" length="4" />
		<capsule pos="33.349999999999994,38.5,-22.999999999999996" vel="0,0,0" mass="1" elasticityCoef="1" ang="90,0,0" color="0,220,0" radius="0.5" length="4" />
		<capsule pos="33.349999999999994,38.5,-20.699999999999996" vel="0,0,0" mass="1" elasticityCoef="1" ang="90,0,0" color="0,220,0" radius="0.5" length="4" />
		<capsule pos="33.349999999999994,38.5,-18.4" vel="0,0,0" mass="1" elasticityCoef="1" ang="90,0,0" color="0,220,0" radius="0.5" length="4" />
		<capsule pos="33.349999999999994,38.5,-16.099999999999998" vel="0,0,0" mass="1" elasticityCoef="1" ang="90,0,0" color="0,220,0" radius="0.5" length="4" />
		<capsule pos="33.349999999999994,38.5,-13.799999999999997" vel="0,0,0" mass="1" elasticityCoef="1" ang="90,0,0" color="0,220,0" radius="0.5" length="4" />
		<capsule pos="33.349999999999994,38.5,-11.5" vel="0,0,0" mass="1" elasticityCoef="1" ang="90,0,0" color="0,220,0" radius="0.5" length="4" />
		<capsule pos="33.349999999999994,38.5,-9.199999999999996" vel="0,0,0" mass="1" elasticityCoef="1" ang="90,0,0" color="0,220,0" radius="0.5" length="4" />
		<capsule pos="33.349999999999994,38.5,-6.899999999999999" vel="0,0,0" mass="1" elasticityCoef="1" ang="90,0,0" color="0,220,0" radius="0.5" length="4" />
		<capsule pos="33.349999999999994,38.5,-4.600000000000001" vel="0,0,0" mass="1" elasticityCoef="1" ang="90,0,0" color="0,220,0" radius="0.5" length="4" />
		<capsule pos="33.349999999999994,38.5,-2.299999999999997" vel="0,0,0" mass="1" elasticityCoef="1" ang="90,0,0" color="0,220,0" radius="0.5" length="4" />
		<capsule pos="33.349999999999994,38.5,0.0" vel="0,0,0" mass="1" elasticityCoef="1" ang="90,0,0" color="0,220,0" radius="0.5" length="4" />
		<capsule pos="33.349999999999994,38.5,2.3000000000000043" vel="0,0,0" mass="1" elasticityCoef="1" ang="90,0,0" color="0,220,0" radius="0.5" length="4" />
		<capsule pos="33.349999999999994,38.5,4.600000000000001" vel="0,0,0" mass="1" elasticityCoef="1" ang="90,0,0" color="0,220,0" radius="0.5" length="4" />
		<capsule pos="33.349999999999994,38.5,6.899999999999999" vel="0,0,0" mass="1" elasticityCoef="1" ang="90,0,0" color="0,220,0" radius="0.5" length="4" />
		<capsule pos="33.349999999999994,38.5,9.200000000000003" vel="0,0,0" mass="1" elasticityCoef="1" ang="90,0,0" color="0,220,0" radius="0.5" length="4" />
		<capsule pos="33.349999999999994,38.5,11.5" vel="0,0,0" mass="1" elasticityCoef="1" ang="90,0,0" color="0,220,0" radius="0.5" length="4" />
		<capsule pos="33.349999999999994,38.5,13.799999999999997" vel="0,0,0" mass="1" elasticityCoef="1" ang="90,0,0" color="0,220,0" radius="0.5" length="4" />
		<capsule pos="33.349999999999994,38.5,16.1" vel="0,0,0" mass="1" elasticityCoef="1" ang="90,0,0" color="0,220,0" radius="0.5" length="4" />
		<capsule pos="33.349999999999994,38.5,18.4" vel="0,0,0" mass="1" elasticityCoef="1" ang="90,0,0" color="0,220,0" radius="0.5" length="4" />
		<capsule pos="33.349999999999994,38.5,20.699999999999996" vel="0,0,0" mass="1" elasticityCoef="1" ang="90,0,0" color="0,220,0" radius="0.5" length="4" />
		<capsule pos="33.349999999999994,38.5,22.999999999999993" vel="0,0,0" mass="1" elasticityCoef="1" ang="90,0,0" color="0,220,0" radius="0.5" length="4" />
		<capsule pos="33.349999999999994,38.5,25.300000000000004" vel="0,0,0" mass="1" elasticityCoef="1" ang="90,0,0" color="0,220,0" radius="0.5" length="4" />
		<capsule pos="33.349999999999994,38.5,27.6" vel="0,0,0" mass="1" elasticityCoef="1" ang="90,0,0" color="0,220,0" radius="0.5" length="4" />
		<capsule pos="33.349999999999994,38.5,29.9" vel="0,0,0" mass="1" elasticityCoef="1" ang="90,0,0" color="0,220,0" radius="0.5" length="4" />
		<capsule pos="33.349999999999994,38.5,32.199999999999996" vel="0,0,0" mass="1" elasticityCoef="1" ang="90,0,0" color="0,220,0" radius="0.5" length="4" />
		<capsule pos="33.349999999999994,38.5,34.49999999999999" vel="0,0,0" mass="1" elasticityCoef="1" ang="90,0,0" color="0,220,0" radius="0.5" length="4" />
		<capsule pos="33.349999999999994,38.5,36.800000000000004" vel="0,0,0" mass="1" elasticityCoef="1" ang="90,0,0" color="0,220,0" radius="0.5" length="4" />
		<capsule pos="33.349999999999994,38.5,39.1" vel="0,0,0" mass="1" elasticityCoef="1" ang="90,0,0" color="0,220,0" radius="0.5" length="4" />
		<capsule pos="33.349999999999994,38.5,41.4" vel="0,0,0" mass="1" elasticityCoef="1" ang="90,0,0" color="0,220,0" radius="0.5" length="4" />
		<capsule pos="33.349999999999994,44.0,-43.699999999999996" vel="0,0,0" mass="1" elasticityCoef="1" ang="90,0,0" color="0,220,0" radius="0.5" length="4" />
		<capsule pos="33.349999999999994,44.0,-41.4" vel="0,0,0" mass="1" elasticityCoef="1" ang="90,0,0" color="0,220,0" radius="0.5" length="4" />
		<capsule pos="33.349999999999994,44.0,-39.099999999999994" vel="0,0,0" mass="1" elasticityCoef="1" ang="90,0,0" color="0,220,0" radius="0.5" length="4" />
		<capsule pos="33.349999999999994,44.0,-36.8" vel="0,0,0" mass="1" elasticityCoef="1" ang="90,0,0" color="0,220,0" radius="0.5" length="4" />
		<capsule pos="33.349999999999994,44.0,-34.5" vel="0,0,0" mass="1" elasticityCoef="1" ang="90,0,0" color="0,220,0" radius="0.5" length="4" />
		<capsule pos="33.349999999999994,44.0,-32.199999999999996" vel="0,0,0" mass="1" elasticityCoef="1" ang="90,0,0" color="0,220,0" radius="0.5" length="4" />
		<capsule pos="33.349999999999994,44.0,-29.9" vel="0,0,0" mass="1" elasticityCoef="1" ang="90,0,0" color="0,220,0" radius="0.5" length="4" />
		<capsule pos="33.349999999999994,44.0,-27.599999999999998" vel="0,0,0" mass="1" elasticityCoef="1" ang="90,0,0" color="0,220,0" radius="0.5" length="4" />
		<capsule pos="33.349999999999994,44.0,-25.299999999999997" vel="0,0,0" mass="1" elasticityCoef="1" ang="90,0,0" color="0,220,0" radius="0.5" length="4" />
		<capsule pos="33.349999999999994,44.0,-22.999999999999996" vel="0,0,0" mass="1" elasticityCoef="1" ang="90,0,0" color="0,220,0" radius="0.5" length="4" />
		<capsule pos="33.349999999999994,44.0,-20.699999999999996" vel="0,0,0" mass="1" elasticityCoef="1" ang="90,0,0" color="0,220,0" radius="0.5" length="4" />
		<capsule pos="33.349999999999994,44.0,-18.4" vel="0,0,0" mass="1" elasticityCoef="1" ang="90,0,0" color="0,220,0" radius="0.5" length="4" />
		<capsule pos="33.349999999999994,44.0,-16.099999999999998" vel="0,0,0" mass="1" elasticityCoef="1" ang="90,0,0" color="0,220,0" radius="0.5" length="4" />
		<capsule pos="33.349999999999994,44.0,-13.799999999999997" vel="0,0,0" mass="1" elasticityCoef="1" ang="90,0,0" color="0,220,0" radius="0.5" length="4" />
		<capsule pos="33.349999999999994,44.0,-11.5" vel="0,0,0" mass="1" elasticityCoef="1" ang="90,0,0" color="0,220,0" radius="0.5" length="4" />
		<capsule pos="33.349999999999994,44.0,-9.199999999999996" vel="0,0,0" mass="1" elasticityCoef="1" ang="90,0,0" color="0,220,0" radius="0.5" length="4" />
		<capsule pos="33.349999999999994,44.0,-6.899999999999999" vel="0,0,0" mass="1" elasticityCoef="1" ang="90,0,0" color="0,220,0" radius="0.5" length="4" />
		<capsule pos="33.349999999999994,44.0,-4.600000000000001" vel="0,0,0" mass="1" elasticityCoef="1" ang="90,0,0" color="0,220,0" radius="0.5" length="4" />
		<capsule pos="33.349999999999994,44.0,-2.299999999999997" vel="0,0,0" mass="1" elasticityCoef="1" ang="90,0,0" color="0,220,0" radius="0.5" length="4" />
		<capsule pos="33.349999999999994,44.0,0.0" vel="0,0,0" mass="1" elasticityCoef="1" ang="90,0,0" color="0,220,0" radius="0.5" length="4" />
		<capsule pos="33.349999999999994,44.0,2.3000000000000043" vel="0,0,0" mass="1" elasticityCoef="1" ang="90,0,0" color="0,220,0" radius="0.5" length="4" />
		<capsule pos="33.349999999999994,44.0,4.600000000000001" vel="0,0,0" mass="1" elasticityCoef="1" ang="90,0,0" color="0,220,0" radius="0.5" length="4" />
		<capsule pos="33.349999999999994,44.0,6.899999999999999" vel="0,0,0" mass="1" elasticityCoef="1" ang="90,0,0" color="0,220,0" radius="0.5" length="4" />
		<capsule pos="33.349999999999994,44.0,9.200000000000003" vel="0,0,0" mass="1" elasticityCoef="1" ang="90,0,0" color="0,220,0" radius="0.5" length="4" />
		<capsule pos="33.349999999999994,44.0,11.5" vel="0,0,0" mass="1" elasticityCoef="1" ang="90,0,0" color="0,220,0" radius="0.5" length="4" />
		<capsule pos="33.349999999999994,44.0,13.799999999999997" vel="0,0,0" mass="1" elasticityCoef="1" ang="90,0,0" color="0,220,0" radius="0.5" length="4" />
		<capsule pos="33.349999999999994,44.0,16.1" vel="0,0,0" mass="1" elasticityCoef="1" ang="90,0,0" color="0,220,0" radius="0.5" length="4" />
		<capsule pos="33.349999999999994,44.0,18.4" vel="0,0,0" mass="1" elasticityCoef="1" ang="90,0,0" color="0,220,0" radius="0.5" length="4" />
		<capsule pos="33.349999999999994,44.0,20.699999999999996" vel="0,0,0" mass="1" elasticityCoef="1" ang="90,0,0" color="0,220,0" radius="0.5" length="4" />
		<capsule pos="33.349999999999994,44.0,22.999999999999993" vel="0,0,0" mass="1" elasticityCoef="1" ang="90,0,0" color="0,220,0" radius="0.5" length="4" />
		<capsule pos="33.349999999999994,44.0,25.300000000000004" vel="0,0,0" mass="1" elasticityCoef="1" ang="90,0,0" color="0,220,0" radius="0.5" length="4" />
		<capsule pos="33.349999999999994,44.0,27.6" vel="0,0,0" mass="1" elasticityCoef="1" ang="90,0,0" color="0,220,0" radius="0.5" length="4" />
		<capsule pos="33.349999999999994,44.0,29.9" vel="0,0,0" mass="1" elasticityCoef="1" ang="90,0,0" color="0,220,0" radius="0.5" length="4" />
		<capsule pos="33.349999999999994,44.0,32.199999999999996" vel="0,0,0" mass="1" elasticityCoef="1" ang="90,0,0" color="0,220,0" radius="0.5" length="4" />
		<capsule pos="33.349999999999994,44.0,34.49999999999999" vel="0,0,0" mass="1" elasticityCoef="1" ang="90,0,0" color="0,220,0" radius="0.5" length="4" />
		<capsule pos="33.349999999999994,44.0,36.800000000000004" vel="0,0,0" mass="1" elasticityCoef="1" ang="90,0,0" color="0,220,0" radius="0.5" length="4" />
		<capsule pos="33.349999999999994,44.0,39.1" vel="0,0,0" mass="1" elasticityCoef="1" ang="90,0,0" color="0,220,0" radius="0.5" length="4" />
		<capsule pos="33.349999999999994,44.0,41.4" vel="0,0,0" mass="1" elasticityCoef="1" ang="90,0,0" color="0,220,0" radius="0.5" length="4" />
		<capsule pos="35.64999999999999,-49.5,-43.699999999999996" vel="0,0,0" mass="1" elasticityCoef="1" ang="90,0,0" color="0,220,0" radius="0.5" length="4" />
		<capsule pos="35.64999999999999,-49.5,-41.4" vel="0,0,0" mass="1" elasticityCoef="1" ang="90,0,0" color="0,220,0" radius="0.5" length="4" />
		<capsule pos="35.64999999999999,-49.5,-39.099999999999994" vel="0,0,0" mass="1" elasticityCoef="1" ang="90,0,0" color="0,220,0" radius="0.5" length="4" />
		<capsule pos="35.64999999999999,-49.5,-36.8" vel="0,0,0" mass="1" elasticityCoef="1" ang="90,0,0" color="0,220,0" radius="0.5" length="4" />
		<capsule pos="35.64999999999999,-49.5,-34.5" vel="0,0,0" mass="1" elasticityCoef="1" ang="90,0,0" color="0,220,0" radius="0.5" length="4" />
		<capsule pos="35.64999999999999,-49.5,-32.199999999999996" vel="0,0,0" mass="1" elasticityCoef="1" ang="90,0,0" color="0,220,0" radius="0.5" length="4" />
		<capsule pos="35.64999999999999,-49.5,-29.9" vel="0,0,0" mass="1" elasticityCoef="1" ang="90,0,0" color="0,220,0" radius="0.5" length="4" />
		<capsule pos="35.64999999999999,-49.5,-27.599999999999998" vel="0,0,0" mass="1" elasticityCoef="1" ang="90,0,0" color="0,220,0" radius="0.5" length="4" />
		<capsule pos="35.64999999999999,-49.5,-25.299999999999997" vel="0,0,0" mass="1" elasticityCoef="1" ang="90,0,0" color="0,220,0" radius="0.5" length="4" />
		<capsule pos="35.64999999999999,-49.5,-22.999999999999996" vel="0,0,0" mass="1" elasticityCoef="1" ang="90,0,0" color="0,220,0" radius="0.5" length="4" />
		<capsule pos="35.64999999999999,-49.5,-20.699999999999996" vel="0,0,0" mass="1" elasticityCoef="1" ang="90,0,0" color="0,220,0" radius="0.5" length="4" />
		<capsule pos="35.64999999999999,-49.5,-18.4" vel="0,0,0" mass="1" elasticityCoef="1" ang="90,0,0" color="0,220,0" radius="0.5" length="4" />
		<capsule pos="35.64999999999999,-49.5,-16.099999999999998" vel="0,0,0" mass="1" elasticityCoef="1" ang="90,0,0" color="0,220,0" radius="0.5" length="4" />
		<capsule pos="35.64999999999999,-49.5,-13.799999999999997" vel="0,0,0" mass="1" elasticityCoef="1" ang="90,0,0" color="0,220,0" radius="0.5" length="4" />
		<capsule pos="35.64999999999999,-49.5,-11.5" vel="0,0,0" mass="1" elasticityCoef="1" ang="90,0,0" color="0,220,0" radius="0.5" length="4" />
		<capsule pos="35.64999999999999,-49.5,-9.199999999999996" vel="0,0,0" mass="1" elasticityCoef="1" ang="90,0,0" color="0,220,0" radius="0.5" length="4" />
		<capsule pos="35.64999999999999,-49.5,-6.899999999999999" vel="0,0,0" mass="1" elasticityCoef="1" ang="90,0,0" color="0,220,0" radius="0.5" length="4" />
		<capsule pos="35.64999999999999,-49.5,-4.600000000000001" vel="0,0,0" mass="1" elasticityCoef="1" ang="90,0,0" color="0,220,0" radius="0.5" length="4" />
		<capsule pos="35.64999999999999,-49.5,-2.299999999999997" vel="0,0,0" mass="1" elasticityCoef="1" ang="90,0,0" color="0,220,0" radius="0.5" length="4" />
		<capsule pos="35.64999999999999,-49.5,0.0" vel="0,0,0" mass="1" elasticityCoef="1" ang="90,0,0" color="0,220,0" radius="0.5" length="4" />
		<capsule pos="35.64999999999999,-49.5,2.3000000000000043" vel="0,0,0" mass="1" elasticityCoef="1" ang="90,0,0" color="0,220,0" radius="0.5" length="4" />
		<capsule pos="35.64999999999999,-49.5,4.600000000000001" vel="0,0,0" mass="1" elasticityCoef="1" ang="90,0,0" color="0,220,0" radius="0.5" length="4" />
		<capsule pos="35.64999999999999,-49.5,6.899999999999999" vel="0,0,0" mass="1" elasticityCoef="1" ang="90,0,0" color="0,220,0" radius="0.5" length="4" />
		<capsule pos="35.64999999999999,-49.5,9.200000000000003" vel="0,0,0" mass="1" elasticityCoef="1" ang="90,0,0" color="0,220,0" radius="0.5" length="4" />
		<capsule pos="35.64999999999999,-49.5,11.5" vel="0,0,0" mass="1" elasticityCoef="1" ang="90,0,0" color="0,220,0" radius="0.5" length="4" />
		<capsule pos="35.64999999999999,-49.5,13.799999999999997" vel="0,0,0" mass="1" elasticityCoef="1" ang="90,0,0" color="0,220,0" radius="0.5" length="4" />
		<capsule pos="35.64999999999999,-49.5,16.1" vel="0,0,0" mass="1" elasticityCoef="1" ang="90,0,0" color="0,220,0" radius="0.5" length="4" />
		<capsule pos="35.64999999999999,-49.5,18.4" vel="0,0,0" mass="1" elasticityCoef="1" ang="90,0,0" color="0,220,0" radius="0.5" length="4" />
		<capsule pos="35.64999999999999,-49.5,20.699999999999996" vel="0,0,0" mass="1" elasticityCoef="1" ang="90,0,0" color="0,220,0" radius="0.5" length="4" />
		<capsule pos="35.64999999999999,-49.5,22.999999999999993" vel="0,0,0" mass="1" elasticityCoef="1" ang="90,0,0" color="0,220,0" radius="0.5" length="4" />
		<capsule pos="35.64999999999999,-49.5,25.300000000000004" vel="0,0,0" mass="1" elasticityCoef="1" ang="90,0,0" color="0,220,0" radius="0.5" length="4" />
		<capsule pos="35.64999999999999,-49.5,27.6" vel="0,0,0" mass="1" elasticityCoef="1" ang="90,0,0" color="0,220,0" radius="0.5" length="4" />
		<capsule pos="35.64999999999999,-49.5,29.9" vel="0,0,0" mass="1" elasticityCoef="1" ang="90,0,0" color="0,220,0" radius="0.5" length="4" />
		<capsule pos="35.64999999999999,-49.5,32.199999999999996" vel="0,0,0" mass="1" elasticityCoef="1" ang="90,0,0" color="0,220,0" radius="0.5" length="4" />
		<capsule pos="35.64999999999999,-49.5,34.49999999999999" vel="0,0,0" mass="1" elasticityCoef="1" ang="90,0,0" color="0,220,0" radius="0.5" length="4" />
		<capsule pos="35.64999999999999,-49.5,36.800000000000004" vel="0,0,0" mass="1" elasticityCoef="1" ang="90,0,0" color="0,220,0" radius="0.5" length="4" />
		<capsule pos="35.64999999999999,-49.5,39.1" vel="0,0,0" mass="1" elasticityCoef="1" ang="90,0,0" color="0,220,0" radius="0.5" length="4" />
		<capsule pos="35.64999999999999,-49.5,41.4" vel="0,0,0" mass="1" elasticityCoef="1" ang="90,0,0" color="0,220,0" radius="0.5" length="4" />
		<capsule pos="35.64999999999999,-44.0,-43.699999999999996" vel="0,0,0" mass="1" elasticityCoef="1" ang="90,0,0" color="0,220,0" radius="0.5" length="4" />
		<capsule pos="35.64999999999999,-44.0,-41.4" vel="0,0,0" mass="1" elasticityCoef="1" ang="90,0,0" color="0,220,0" radius="0.5" length="4" />
		<capsule pos="35.64999999999999,-44.0,-39.099999999999994" vel="0,0,0" mass="1" elasticityCoef="1" ang="90,0,0" color="0,220,0" radius="0.5" length="4" />
		<capsule pos="35.64999999999999,-44.0,-36.8" vel="0,0,0" mass="1" elasticityCoef="1" ang="90,0,0" color="0,220,0" radius="0.5" length="4" />
		<capsule pos="35.64999999999999,-44.0,-34.5" vel="0,0,0" mass="1" elasticityCoef="1" ang="90,0,0" color="0,220,0" radius="0.5" length="4" />
		<capsule pos="35.64999999999999,-44.0,-32.199999999999996" vel="0,0,0" mass="1" elasticityCoef="1" ang="90,0,0" color="0,220,0" radius="0.5" length="4" />
		<capsule pos="35.64999999999999,-44.0,-29.9" vel="0,0,0" mass="1" elasticityCoef="1" ang="90,0,0" color="0,220,0" radius="0.5" length="4" />
		<capsule pos="35.64999999999999,-44.0,-27.599999999999998" vel="0,0,0" mass="1" elasticityCoef="1" ang="90,0,0" color="0,220,0" radius="0.5" length="4" />
		<capsule pos="35.64999999999999,-44.0,-25.299999999999997" vel="0,0,0" mass="1" elasticityCoef="1" ang="90,0,0" color="0,220,0" radius="0.5" length="4" />
		<capsule pos="35.64999999999999,-44.0,-22.999999999999996" vel="0,0,0" mass="1" elasticityCoef="1" ang="90,0,0" color="0,220,0" radius="0.5" length="4" />
		<capsule pos="35.64999999999999,-44.0,-20.699999999999996" vel="0,0,0" mass="1" elasticityCoef="1" ang="90,0,0" color="0,220,0" radius="0.5" length="4" />
		<capsule pos="35.64999999999999,-44.0,-18.4" vel="0,0,0" mass="1" elasticityCoef="1" ang="90,0,0" color="0,220,0" radius="0.5" length="4" />
		<capsule pos="35.64999999999999,-44.0,-16.099999999999998" vel="0,0,0" mass="1" elasticityCoef="1" ang="90,0,0" color="0,220,0" radius="0.5" length="4" />
		<capsule pos="35.64999999999999,-44.0,-13.799999999999997" vel="0,0,0" mass="1" elasticityCoef="1" ang="90,0,0" color="0,220,0" radius="0.5" length="4" />
		<capsule pos="35.64999999999999,-44.0,-11.5" vel="0,0,0" mass="1" elasticityCoef="1" ang="90,0,0" color="0,220,0" radius="0.5" length="4" />
		<capsule pos="35.64999999999999,-44.0,-9.199999999999996" vel="0,0,0" mass="1" elasticityCoef="1" ang="90,0,0" color="0,220,0" radius="0.5" length="4" />
		<capsule pos="35.64999999999999,-44.0,-6.899999999999999" vel="0,0,0" mass="1" elasticityCoef="1" ang="90,0,0" color="0,220,0" radius="0.5" length="4" />
		<capsule pos="35.64999999999999,-44.0,-4.600000000000001" vel="0,0,0" mass="1" elasticityCoef="1" ang="90,0,0" color="0,220,0" radius="0.5" length="4" />
		<capsule pos="35.64999999999999,-44.0,-2.299999999999997" vel="0,0,0" mass="1" elasticityCoef="1" ang="90,0,0" color="0,220,0" radius="0.5" length="4" />
		<capsule pos="35.64999999999999,-44.0,0.0" vel="0,0,0" mass="1" elasticityCoef="1" ang="90,0,0" color="0,220,0" radius="0.5" length="4" />
		<capsule pos="35.64999999999999,-44.0,2.3000000000000043" vel="0,0,0" mass="1" elasticityCoef="1" ang="90,0,0" color="0,220,0" radius="0.5" length="4" />
		<capsule pos="35.64999999999999,-44.0,4.600000000000001" vel="0,0,0" mass="1" elasticityCoef="1" ang="90,0,0" color="0,220,0" radius="0.5" length="4" />
		<capsule pos="35.64999999999999,-44.0,6.899999999999999" vel="0,0,0" mass="1" elasticityCoef="1" ang="90,0,0" color="0,220,0" radius="0.5" length="4" />
		<capsule pos="35.64999999999999,-44.0,9.200000000000003" vel="0,0,0" mass="1" elasticityCoef="1" ang="90,0,0" color="0,220,0" radius="0.5" length="4" />
		<capsule pos="35.64999999999999,-44.0,11.5" vel="0,0,0" mass="1" elasticityCoef="1" ang="90,0,0" color="0,220,0" radius="0.5" length="4" />
		<capsule pos="35.64999999999999,-44.0,13.799999999999997" vel="0,0,0" mass="1" elasticityCoef="1" ang="90,0,0" color="0,220,0" radius="0.5" length="4" />
		<capsule pos="35.64999999999999,-44.0,16.1" vel="0,0,0" mass="1" elasticityCoef="1" ang="90,0,0" color="0,220,0" radius="0.5" length="4" />
		<capsule pos="35.64999999999999,-44.0,18.4" vel="0,0,0" mass="1" elasticityCoef="1" ang="90,0,0" color="0,220,0" radius="0.5" length="4" />
		<capsule pos="35.64999999999999,-44.0,20.699999999999996" vel="0,0,0" mass="1" elasticityCoef="1" ang="90,0,0" color="0,220,0" radius="0.5" length="4" />
		<capsule pos="35.64999999999999,-44.0,22.999999999999993" vel="0,0,0" mass="1" elasticityCoef="1" ang="90,0,0" color="0,220,0" radius="0.5" length="4" />
		<capsule pos="35.64999999999999,-44.0,25.300000000000004" vel="0,0,0" mass="1" elasticityCoef="1" ang="90,0,0" color="0,220,0" radius="0.5" length="4" />
		<capsule pos="35.64999999999999,-44.0,27.6" vel="0,0,0" mass="1" elasticityCoef="1" ang="90,0,0" color="0,220,0" radius="0.5" length="4" />
		<capsule pos="35.64999999999999,-44.0,29.9" vel="0,0,0" mass="1" elasticityCoef="1" ang="90,0,0" color="0,220,0" radius="0.5" length="4" />
		<capsule pos="35.64999999999999,-44.0,32.199999999999996" vel="0,0,0" mass="1" elasticityCoef="1" ang="90,0,0" color="0,220,0" radius="0.5" length="4" />
		<capsule pos="35.64999999999999,-44.0,34.49999999999999" vel="0,0,0" mass="1" elasticityCoef="1" ang="90,0,0" color="0,220,0" radius="0.5" length="4" />
		<capsule pos="35.64999999999999,-44.0,36.800000000000004" vel="0,0,0" mass="1" elasticityCoef="1" ang="90,0,0" color="0,220,0" radius="0.5" length="4" />
		<capsule pos="35.64999999999999,-44.0,39.1" vel="0,0,0" mass="1" elasticityCoef="1" ang="90,0,0" color="0,220,0" radius="0.5" length="4" />
		<capsule pos="35.64999999999999,-44.0,41.4" vel="0,0,0" mass="1" elasticityCoef="1" ang="90,0,0" color="0,220,0" radius="0.5" length="4" />
		<capsule pos="35.64999999999999,-38.5,-43.699999999999996" vel="0,0,0" mass="1" elasticityCoef="1" ang="90,0,0" color="0,220,0" radius="0.5" length="4" />
		<capsule pos="35.64999999999999,-38.5,-41.4" vel="0,0,0" mass="1" elasticityCoef="1" ang="90,0,0" color="0,220,0" radius="0.5" length="4" />
		<capsule pos="35.64999999999999,-38.5,-39.099999999999994" vel="0,0,0" mass="1" elasticityCoef="1" ang="90,0,0" color="0,220,0" radius="0.5" length="4" />
		<capsule pos="35.64999999999999,-38.5,-36.8" vel="0,0,0" mass="1" elasticityCoef="1" ang="90,0,0" color="0,220,0" radius="0.5" length="4" />
		<capsule pos="35.64999999999999,-38.5,-34.5" vel="0,0,0" mass="1" elasticityCoef="1" ang="90,0,0" color="0,220,0" radius="0.5" length="4" />
		<capsule pos="35.64999999999999,-38.5,-32.199999999999996" vel="0,0,0" mass="1" elasticityCoef="1" ang="90,0,0" color="0,220,0" radius="0.5" length="4" />
		<capsule pos="35.64999999999999,-38.5,-29.9" vel="0,0,0" mass="1" elasticityCoef="1" ang="90,0,0" color="0,220,0" radius="0.5" length="4" />
		<capsule pos="35.64999999999999,-38.5,-27.599999999999998" vel="0,0,0" mass="1" elasticityCoef="1" ang="90,0,0" color="0,220,0" radius="0.5" length="4" />
		<capsule pos="35.64999999999999,-38.5,-25.299999999999997" vel="0,0,0" mass="1" elasticityCoef="1" ang="90,0,0" color="0,220,0" radius="0.5" length="4" />
		<capsule pos="35.64999999999999,-38.5,-22.999999999999996" vel="0,0,0" mass="1" elasticityCoef="1" ang="90,0,0" color="0,220,0" radius="0.5" length="4" />
		<capsule pos="35.64999999999999,-38.5,-20.699999999999996" vel="0,0,0" mass="1" elasticityCoef="1" ang="90,0,0" color="0,220,0" radius="0.5" length="4" />
		<capsule pos="35.64999999999999,-38.5,-18.4" vel="0,0,0" mass="1" elasticityCoef="1" ang="90,0,0" color="0,220,0" radius="0.5" length="4" />
		<capsule pos="35.64999999999999,-38.5,-16.099999999999998" vel="0,0,0" mass="1" elasticityCoef="1" ang="90,0,0" color="0,220,0" radius="0.5" length="4" />
		<capsule pos="35.64999999999999,-38.5,-13.799999999999997" vel="0,0,0" mass="1" elasticityCoef="1" ang="90,0,0" color="0,220,0" radius="0.5" length="4" />
		<capsule pos="35.64999999999999,-38.5,-11.5" vel="0,0,0" mass="1" elasticityCoef="1" ang="90,0,0" color="0,220,0" radius="0.5" length="4" />
		<capsule pos="35.64999999999999,-38.5,-9.199999999999996" vel="0,0,0" mass="1" elasticityCoef="1" ang="90,0,0" color="0,220,0" radius="0.5" length="4" />
		<capsule pos="35.64999999999999,-38.5,-6.899999999999999" vel="0,0,0" mass="1" elasticityCoef="1" ang="90,0,0" color="0,220,0" radius="0.5" length="4" />
		<capsule pos="35.64999999999999,-38.5,-4.600000000000001" vel="0,0,0" mass="1" elasticityCoef="1" ang="90,0,0" color="0,220,0" radius="0.5" length="4" />
		<capsule pos="35.64999999999999,-38.5,-2.299999999999997" vel="0,0,0" mass="1" elasticityCoef="1" ang="90,0,0" color="0,220,0" radius="0.5" length="4" />
		<capsule pos="35.64999999999999,-38.5,0.0" vel="0,0,0" mass="1" elasticityCoef="1" ang="90,0,0" color="0,220,0" radius="0.5" length="4" />
		<capsule pos="35.64999999999999,-38.5,2.3000000000000043" vel="0,0,0" mass="1" elasticityCoef="1" ang="90,0,0" color="0,220,0" radius="0.5" length="4" />
		<capsule pos="35.64999999999999,-38.5,4.600000000000001" vel="0,0,0" mass="1" elasticityCoef="1" ang="90,0,0" color="0,220,0" radius="0.5" length="4" />
		<capsule pos="35.64999999999999,-38.5,6.899999999999999" vel="0,0,0" mass="1" elasticityCoef="1" ang="90,0,0" color="0,220,0" radius="0.5" length="4" />
		<capsule pos="35.64999999999999,-38.5,9.200000000000003" vel="0,0,0" mass="1" elasticityCoef="1" ang="90,0,0" color="0,220,0" radius="0.5" length="4" />
		<capsule pos="35.64999999999999,-38.5,11.5" vel="0,0,0" mass="1" elasticityCoef="1" ang="90,0,0" color="0,220,0" radius="0.5" length="4" />
		<capsule pos="35.64999999999999,-38.5,13.799999999999997" vel="0,0,0" mass="1" elasticityCoef="1" ang="90,0,0" color="0,220,0" radius="0.5" length="4" />
		<capsule pos="35.64999999999999,-38.5,16.1" vel="0,0,0" mass="1" elasticityCoef="1" ang="90,0,0" color="0,220,0" radius="0.5" length="4" />
		<capsule pos="35.64999999999999,-38.5,18.4" vel="0,0,0" mass="1" elasticityCoef="1" ang="90,0,0" color="0,220,0" radius="0.5" length="4" />
		<capsule pos="35.64999999999999,-38.5,20.699999999999996" vel="0,0,0" mass="1" elasticityCoef="1" ang="90,0,0" color="0,220,0" radius="0.5" length="4" />
		<capsule pos="35.64999999999999,-38.5,22.999999999999993" vel="0,0,0" mass="1" elasticityCoef="1" ang="90,0,0" color="0,220,0" radius="0.5" length="4" />
		<capsule pos="35.64999999999999,-38.5,25.300000000000004" vel="0,0,0" mass="1" elasticityCoef="1" ang="90,0,0" color="0,220,0" radius="0.5" length="4" />
		<capsule pos="35.64999999999999,-38.5,27.6" vel="0,0,0" mass="1" elasticityCoef="1" ang="90,0,0" color="0,220,0" radius="0.5" length="4" />
		<capsule pos="35.64999999999999,-38.5,29.9" vel="0,0,0" mass="1" elasticityCoef="1" ang="90,0,0" color="0,220,0" radius="0.5" length="4" />
		<capsule pos="35.64999999999999,-38.5,32.199999999999996" vel="0,0,0" mass="1" elasticityCoef="1" ang="90,0,0" color="0,220,0" radius="0.5" length="4" />
		<capsule pos="35.64999999999999,-38.5,34.49999999999999" vel="0,0,0" mass="1" elasticityCoef="1" ang="90,0,0" color="0,220,0" radius="0.5" length="4" />
		<capsule pos="35.64999999999999,-38.5,36.800000000000004" vel="0,0,0" mass="1" elasticityCoef="1" ang="90,0,0" color="0,220,0" radius="0.5" length="4" />
		<capsule pos="35.64999999999999,-38.5,39.1" vel="0,0,0" mass="1" elasticityCoef="1" ang="90,0,0" color="0,220,0" radius="0.5" length="4" />
		<capsule pos="35.64999999999999,-38.5,41.4" vel="0,0,0" mass="1" elasticityCoef="1" ang="90,0,0" color="0,220,0" radius="0.5" length="4" />
		<capsule pos="35.64999999999999,-33.0,-43.699999999999996" vel="0,0,0" mass="1" elasticityCoef="1" ang="90,0,0" color="0,220,0" radius="0.5" length="4" />
		<capsule pos="35.64999999999999,-33.0,-41.4" vel="0,0,0" mass="1" elasticityCoef="1" ang="90,0,0" color="0,220,0" radius="0.5" length="4" />
		<capsule pos="35.64999999999999,-33.0,-39.099999999999994" vel="0,0,0" mass="1" elasticityCoef="1" ang="90,0,0" color="0,220,0" radius="0.5" length="4" />
		<capsule pos="35.64999999999999,-33.0,-36.8" vel="0,0,0" mass="1" elasticityCoef="1" ang="90,0,0" color="0,220,0" radius="0.5" length="4" />
		<capsule pos="35.64999999999999,-33.0,-34.5" vel="0,0,0" mass="1" elasticityCoef="1" ang="90,0,0" color="0,220,0" radius="0.5" length="4" />
		<capsule pos="35.64999999999999,-33.0,-32.199999999999996" vel="0,0,0" mass="1" elasticityCoef="1" ang="90,0,0" color="0,220,0" radius="0.5" length="4" />
		<capsule pos="35.64999999999999,-33.0,-29.9" vel="0,0,0" mass="1" elasticityCoef="1" ang="90,0,0" color="0,220,0" radius="0.5" length="4" />
		<capsule pos="35.64999999999999,-33.0,-27.599999999999998" vel="0,0,0" mass="1" elasticityCoef="1" ang="90,0,0" color="0,220,0" radius="0.5" length="4" />
		<capsule pos="35.64999999999999,-33.0,-25.299999999999997" vel="0,0,0" mass="1" elasticityCoef="1" ang="90,0,0" color="0,220,0" radius="0.5" length="4" />
		<capsule pos="35.64999999999999,-33.0,-22.999999999999996" vel="0,0,0" mass="1" elasticityCoef="1" ang="90,0,0" color="0,220,0" radius="0.5" length="4" />
		<capsule pos="35.64999999999999,-33.0,-20.699999999999996" vel="0,0,0" mass="1" elasticityCoef="1" ang="90,0,0" color="0,220,0" radius="0.5" length="4" />
		<capsule pos="35.64999999999999,-33.0,-18.4" vel="0,0,0" mass="1" elasticityCoef="1" ang="90,0,0" color="0,220,0" radius="0.5" length="4" />
		<capsule pos="35.64999999999999,-33.0,-16.099999999999998" vel="0,0,0" mass="1" elasticityCoef="1" ang="90,0,0" color="0,220,0" radius="0.5" length="4" />
		<capsule pos="35.64999999999999,-33.0,-13.799999999999997" vel="0,0,0" mass="1" elasticityCoef="1" ang="90,0,0" color="0,220,0" radius="0.5" length="4" />
		<capsule pos="35.64999999999999,-33.0,-11.5" vel="0,0,0" mass="1" elasticityCoef="1" ang="90,0,0" color="0,220,0" radius="0.5" length="4" />
		<capsule pos="35.64999999999999,-33.0,-9.199999999999996" vel="0,0,0" mass="1" elasticityCoef="1" ang="90,0,0" color="0,220,0" radius="0.5" length="4" />
		<capsule pos="35.64999999999999,-33.0,-6.899999999999999" vel="0,0,0" mass="1" elasticityCoef="1" ang="90,0,0" color="0,220,0" radius="0.5" length="4" />
		<capsule pos="35.64999999999999,-33.0,-4.600000000000001" vel="0,0,0" mass="1" elasticityCoef="1" ang="90,0,0" color="0,220,0" radius="0.5" length="4" />
		<capsule pos="35.64999999999999,-33.0,-2.299999999999997" vel="0,0,0" mass="1" elasticityCoef="1" ang="90,0,0" color="0,220,0" radius="0.5" length="4" />
		<capsule pos="35.64999999999999,-33.0,0.0" vel="0,0,0" mass="1" elasticityCoef="1" ang="90,0,0" color="0,220,0" radius="0.5" length="4" />
		<capsule pos="35.64999999999999,-33.0,2.3000000000000043" vel="0,0,0" mass="1" elasticityCoef="1" ang="90,0,0" color="0,220,0" radius="0.5" length="4" />
		<capsule pos="35.64999999999999,-33.0,4.600000000000001" vel="0,0,0" mass="1" elasticityCoef="1" ang="90,0,0" color="0,220,0" radius="0.5" length="4" />
		<capsule pos="35.64999999999999,-33.0,6.899999999999999" vel="0,0,0" mass="1" elasticityCoef="1" ang="90,0,0" color="0,220,0" radius="0.5" length="4" />
		<capsule pos="35.64999999999999,-33.0,9.200000000000003" vel="0,0,0" mass="1" elasticityCoef="1" ang="90,0,0" color="0,220,0" radius="0.5" length="4" />
		<capsule pos="35.64999999999999,-33.0,11.5" vel="0,0,0" mass="1" elasticityCoef="1" ang="90,0,0" color="0,220,0" radius="0.5" length="4" />
		<capsule pos="35.64999999999999,-33.0,13.799999999999997" vel="0,0,0" mass="1" elasticityCoef="1" ang="90,0,0" color="0,220,0" radius="0.5" length="4" />
		<capsule pos="35.64999999999999,-33.0,16.1" vel="0,0,0" mass="1" elasticityCoef="1" ang="90,0,0" color="0,220,0" radius="0.5" length="4" />
		<capsule pos="35.64999999999999,-33.0,18.4" vel="0,0,0" mass="1" elasticityCoef="1" ang="90,0,0" color="0,220,0" radius="0.5" length="4" />
		<capsule pos="35.64999999999999,-33.0,20.699999999999996" vel="0,0,0" mass="1" elasticityCoef="1" ang="90,0,0" color="0,220,0" radius="0.5" length="4" />
		<capsule pos="35.64999999999999,-33.0,22.999999999999993" vel="0,0,0" mass="1" elasticityCoef="1" ang="90,0,0" color="0,220,0" radius="0.5" length="4" />
		<capsule pos="35.64999999999999,-33.0,25.300000000000004" vel="0,0,0" mass="1" elasticityCoef="1" ang="90,0,0" color="0,220,0" radius="0.5" length="4" />
		<capsule pos="35.64999999999999,-33.0,27.6" vel="0,0,0" mass="1" elasticityCoef="1" ang="90,0,0" color="0,220,0" radius="0.5" length="4" />
		<capsule pos="35.64999999999999,-33.0,29.9" vel="0,0,0" mass="1" elasticityCoef="1" ang="90,0,0" color="0,220,0" radius="0.5" length="4" />
		<capsule pos="35.64999999999999,-33.0,32.199999999999996" vel="0,0,0" mass="1" elasticityCoef="1" ang="90,0,0" color="0,220,0" radius="0.5" length="4" />
		<capsule pos="35.64999999999999,-33.0,34.49999999999999" vel="0,0,0" mass="1" elasticityCoef="1" ang="90,0,0" color="0,220,0" radius="0.5" length="4" />
		<capsule pos="35.64999999999999,-33.0,36.800000000000004" vel="0,0,0" mass="1" elasticityCoef="1" ang="90,0,0" color="0,220,0" radius="0.5" length="4" />
		<capsule pos="35.64999999999999,-33.0,39.1" vel="0,0,0" mass="1" elasticityCoef="1" ang="90,0,0" color="0,220,0" radius="0.5" length="4" />
		<capsule pos="35.64999999999999,-33.0,41.4" vel="0,0,0" mass="1" elasticityCoef="1" ang="90,0,0" color="0,220,0" radius="0.5" length="4" />
		<capsule pos="35.64999999999999,-27.5,-43.699999999999996" vel="0,0,0" mass="1" elasticityCoef="1" ang="90,0,0" color="0,220,0" radius="0.5" length="4" />
		<capsule pos="35.64999999999999,-27.5,-41.4" vel="0,0,0" mass="1" elasticityCoef="1" ang="90,0,0" color="0,220,0" radius="0.5" length="4" />
		<capsule pos="35.64999999999999,-27.5,-39.099999999999994" vel="0,0,0" mass="1" elasticityCoef="1" ang="90,0,0" color="0,220,0" radius="0.5" length="4" />
		<capsule pos="35.64999999999999,-27.5,-36.8" vel="0,0,0" mass="1" elasticityCoef="1" ang="90,0,0" color="0,220,0" radius="0.5" length="4" />
		<capsule pos="35.64999999999999,-27.5,-34.5" vel="0,0,0" mass="1" elasticityCoef="1" ang="90,0,0" color="0,220,0" radius="0.5" length="4" />
		<capsule pos="35.64999999999999,-27.5,-32.199999999999996" vel="0,0,0" mass="1" elasticityCoef="1" ang="90,0,0" color="0,220,0" radius="0.5" length="4" />
		<capsule pos="35.64999999999999,-27.5,-29.9" vel="0,0,0" mass="1" elasticityCoef="1" ang="90,0,0" color="0,220,0" radius="0.5" length="4" />
		<capsule pos="35.64999999999999,-27.5,-27.599999999999998" vel="0,0,0" mass="1" elasticityCoef="1" ang="90,0,0" color="0,220,0" radius="0.5" length="4" />
		<capsule pos="35.64999999999999,-27.5,-25.299999999999997" vel="0,0,0" mass="1" elasticityCoef="1" ang="90,0,0" color="0,220,0" radius="0.5" length="4" />
		<capsule pos="35.64999999999999,-27.5,-22.999999999999996" vel="0,0,0" mass="1" elasticityCoef="1" ang="90,0,0" color="0,220,0" radius="0.5" length="4" />
		<capsule pos="35.64999999999999,-27.5,-20.699999999999996" vel="0,0,0" mass="1" elasticityCoef="1" ang="90,0,0" color="0,220,0" radius="0.5" length="4" />
		<capsule pos="35.64999999999999,-27.5,-18.4" vel="0,0,0" mass="1" elasticityCoef="1" ang="90,0,0" color="0,220,0" radius="0.5" length="4" />
		<capsule pos="35.64999999999999,-27.5,-16.099999999999998" vel="0,0,0" mass="1" elasticityCoef="1" ang="90,0,0" color="0,220,0" radius="0.5" length="4" />
		<capsule pos="35.64999999999999,-27.5,-13.799999999999997" vel="0,0,0" mass="1" elasticityCoef="1" ang="90,0,0" color="0,220,0" radius="0.5" length="4" />
		<capsule pos="35.64999999999999,-27.5,-11.5" vel="0,0,0" mass="1" elasticityCoef="1" ang="90,0,0" color="0,220,0" radius="0.5" length="4" />
		<capsule pos="35.64999999999999,-27.5,-9.199999999999996" vel="0,0,0" mass="1" elasticityCoef="1" ang="90,0,0" color="0,220,0" radius="0.5" length="4" />
		<capsule pos="35.64999999999999,-27.5,-6.899999999999999" vel="0,0,0" mass="1" elasticityCoef="1" ang="90,0,0" color="0,220,0" radius="0.5" length="4" />
		<capsule pos="35.64999999999999,-27.5,-4.600000000000001" vel="0,0,0" mass="1" elasticityCoef="1" ang="90,0,0" color="0,220,0" radius="0.5" length="4" />
		<capsule pos="35.64999999999999,-27.5,-2.299999999999997" vel="0,0,0" mass="1" elasticityCoef="1" ang="90,0,0" color="0,220,0" radius="0.5" length="4" />
		<capsule pos="35.64999999999999,-27.5,0.0" vel="0,0,0" mass="1" elasticityCoef="1" ang="90,0,0" color="0,220,0" radius="0.5" length="4" />
		<capsule pos="35.64999999999999,-27.5,2.3000000000000043" vel="0,0,0" mass="1" elasticityCoef="1" ang="90,0,0" color="0,220,0" radius="0.5" length="4" />
		<capsule pos="35.64999999999999,-27.5,4.600000000000001" vel="0,0,0" mass="1" elasticityCoef="1" ang="90,0,0" color="0,220,0" radius="0.5" length="4" />
		<capsule pos="35.64999999999999,-27.5,6.899999999999999" vel="0,0,0" mass="1" elasticityCoef="1" ang="90,0,0" color="0,220,0" radius="0.5" length="4" />
		<capsule pos="35.64999999999999,-27.5,9.200000000000003" vel="0,0,0" mass="1" elasticityCoef="1" ang="90,0,0" color="0,220,0" radius="0.5" length="4" />
		<capsule pos="35.64999999999999,-27.5,11.5" vel="0,0,0" mass="1" elasticityCoef="1" ang="90,0,0" color="0,220,0" radius="0.5" length="4" />
		<capsule pos="35.64999999999999,-27.5,13.799999999999997" vel="0,0,0" mass="1" elasticityCoef="1" ang="90,0,0" color="0,220,0" radius="0.5" length="4" />
		<capsule pos="35.64999999999999,-27.5,16.1" vel="0,0,0" mass="1" elasticityCoef="1" ang="90,0,0" color="0,220,0" radius="0.5" length="4" />
		<capsule pos="35.64999999999999,-27.5,18.4" vel="0,0,0" mass="1" elasticityCoef="1" ang="90,0,0" color="0,220,0" radius="0.5" length="4" />
		<capsule pos="35.64999999999999,-27.5,20.699999999999996" vel="0,0,0" mass="1" elasticityCoef="1" ang="90,0,0" color="0,220,0" radius="0.5" length="4" />
		<capsule pos="35.64999999999999,-27.5,22.999999999999993" vel="0,0,0" mass="1" elasticityCoef="1" ang="90,0,0" color="0,220,0" radius="0.5" length="4" />
		<capsule pos="35.64999999999999,-27.5,25.300000000000004" vel="0,0,0" mass="1" elasticityCoef="1" ang="90,0,0" color="0,220,0" radius="0.5" length="4" />
		<capsule pos="35.64999999999999,-27.5,27.6" vel="0,0,0" mass="1" elasticityCoef="1" ang="90,0,0" color="0,220,0" radius="0.5" length="4" />
		<capsule pos="35.64999999999999,-27.5,29.9" vel="0,0,0" mass="1" elasticityCoef="1" ang="90,0,0" color="0,220,0" radius="0.5" length="4" />
		<capsule pos="35.64999999999999,-27.5,32.199999999999996" vel="0,0,0" mass="1" elasticityCoef="1" ang="90,0,0" color="0,220,0" radius="0.5" length="4" />
		<capsule pos="35.64999999999999,-27.5,34.49999999999999" vel="0,0,0" mass="1" elasticityCoef="1" ang="90,0,0" color="0,220,0" radius="0.5" length="4" />
		<capsule pos="35.64999999999999,-27.5,36.800000000000004" vel="0,0,0" mass="1" elasticityCoef="1" ang="90,0,0" color="0,220,0" radius="0.5" length="4" />
		<capsule pos="35.64999999999999,-27.5,39.1" vel="0,0,0" mass="1" elasticityCoef="1" ang="90,0,0" color="0,220,0" radius="0.5" length="4" />
		<capsule pos="35.64999999999999,-27.5,41.4" vel="0,0,0" mass="1" elasticityCoef="1" ang="90,0,0" color="0,220,0" radius="0.5" length="4" />
		<capsule pos="35.64999999999999,-22.0,-43.699999999999996" vel="0,0,0" mass="1" elasticityCoef="1" ang="90,0,0" color="0,220,0" radius="0.5" length="4" />
		<capsule pos="35.64999999999999,-22.0,-41.4" vel="0,0,0" mass="1" elasticityCoef="1" ang="90,0,0" color="0,220,0" radius="0.5" length="4" />
		<capsule pos="35.64999999999999,-22.0,-39.099999999999994" vel="0,0,0" mass="1" elasticityCoef="1" ang="90,0,0" color="0,220,0" radius="0.5" length="4" />
		<capsule pos="35.64999999999999,-22.0,-36.8" vel="0,0,0" mass="1" elasticityCoef="1" ang="90,0,0" color="0,220,0" radius="0.5" length="4" />
		<capsule pos="35.64999999999999,-22.0,-34.5" vel="0,0,0" mass="1" elasticityCoef="1" ang="90,0,0" color="0,220,0" radius="0.5" length="4" />
		<capsule pos="35.64999999999999,-22.0,-32.199999999999996" vel="0,0,0" mass="1" elasticityCoef="1" ang="90,0,0" color="0,220,0" radius="0.5" length="4" />
		<capsule pos="35.64999999999999,-22.0,-29.9" vel="0,0,0" mass="1" elasticityCoef="1" ang="90,0,0" color="0,220,0" radius="0.5" length="4" />
		<capsule pos="35.64999999999999,-22.0,-27.599999999999998" vel="0,0,0" mass="1" elasticityCoef="1" ang="90,0,0" color="0,220,0" radius="0.5" length="4" />
		<capsule pos="35.64999999999999,-22.0,-25.299999999999997" vel="0,0,0" mass="1" elasticityCoef="1" ang="90,0,0" color="0,220,0" radius="0.5" length="4" />
		<capsule pos="35.64999999999999,-22.0,-22.999999999999996" vel="0,0,0" mass="1" elasticityCoef="1" ang="90,0,0" color="0,220,0" radius="0.5" length="4" />
		<capsule pos="35.64999999999999,-22.0,-20.699999999999996" vel="0,0,0" mass="1" elasticityCoef="1" ang="90,0,0" color="0,220,0" radius="0.5" length="4" />
		<capsule pos="35.64999999999999,-22.0,-18.4" vel="0,0,0" mass="1" elasticityCoef="1" ang="90,0,0" color="0,220,0" radius="0.5" length="4" />
		<capsule pos="35.64999999999999,-22.0,-16.099999999999998" vel="0,0,0" mass="1" elasticityCoef="1" ang="90,0,0" color="0,220,0" radius="0.5" length="4" />
		<capsule pos="35.64999999999999,-22.0,-13.799999999999997" vel="0,0,0" mass="1" elasticityCoef="1" ang="90,0,0" color="0,220,0" radius="0.5" length="4" />
		<capsule pos="35.64999999999999,-22.0,-11.5" vel="0,0,0" mass="1" elasticityCoef="1" ang="90,0,0" color="0,220,0" radius="0.5" length="4" />
		<capsule pos="35.64999999999999,-22.0,-9.199999999999996" vel="0,0,0" mass="1" elasticityCoef="1" ang="90,0,0" color="0,220,0" radius="0.5" length="4" />
		<capsule pos="35.64999999999999,-22.0,-6.899999999999999" vel="0,0,0" mass="1" elasticityCoef="1" ang="90,0,0" color="0,220,0" radius="0.5" length="4" />
		<capsule pos="35.64999999999999,-22.0,-4.600000000000001" vel="0,0,0" mass="1" elasticityCoef="1" ang="90,0,0" color="0,220,0" radius="0.5" length="4" />
		<capsule pos="35.64999999999999,-22.0,-2.299999999999997" vel="0,0,0" mass="1" elasticityCoef="1" ang="90,0,0" color="0,220,0" radius="0.5" length="4" />
		<capsule pos="35.64999999999999,-22.0,0.0" vel="0,0,0" mass="1" elasticityCoef="1" ang="90,0,0" color="0,220,0" radius="0.5" length="4" />
		<capsule pos="35.64999999999999,-22.0,2.3000000000000043" vel="0,0,0" mass="1" elasticityCoef="1" ang="90,0,0" color="0,220,0" radius="0.5" length="4" />
		<capsule pos="35.64999999999999,-22.0,4.600000000000001" vel="0,0,0" mass="1" elasticityCoef="1" ang="90,0,0" color="0,220,0" radius="0.5" length="4" />
		<capsule pos="35.64999999999999,-22.0,6.899999999999999" vel="0,0,0" mass="1" elasticityCoef="1" ang="90,0,0" color="0,220,0" radius="0.5" length="4" />
		<capsule pos="35.64999999999999,-22.0,9.200000000000003" vel="0,0,0" mass="1" elasticityCoef="1" ang="90,0,0" color="0,220,0" radius="0.5" length="4" />
		<capsule pos="35.64999999999999,-22.0,11.5" vel="0,0,0" mass="1" elasticityCoef="1" ang="90,0,0" color="0,220,0" radius="0.5" length="4" />
		<capsule pos="35.64999999999999,-22.0,13.799999999999997" vel="0,0,0" mass="1" elasticityCoef="1" ang="90,0,0" color="0,220,0" radius="0.5" length="4" />
		<capsule pos="35.64999999999999,-22.0,16.1" vel="0,0,0" mass="1" elasticityCoef="1" ang="90,0,0" color="0,220,0" radius="0.5" length="4" />
		<capsule pos="35.64999999999999,-22.0,18.4" vel="0,0,0" mass="1" elasticityCoef="1" ang="90,0,0" color="0,220,0" radius="0.5" length="4" />
		<capsule pos="35.64999999999999,-22.0,20.699999999999996" vel="0,0,0" mass="1" elasticityCoef="1" ang="90,0,0" color="0,220,0" radius="0.5" length="4" />
		<capsule pos="35.64999999999999,-22.0,22.999999999999993" vel="0,0,0" mass="1" elasticityCoef="1" ang="90,0,0" color="0,220,0" radius="0.5" length="4" />
		<capsule pos="35.64999999999999,-22.0,25.300000000000004" vel="0,0,0" mass="1" elasticityCoef="1" ang="90,0,0" color="0,220,0" radius="0.5" length="4" />
		<capsule pos="35.64999999999999,-22.0,27.6" vel="0,0,0" mass="1" elasticityCoef="1" ang="90,0,0" color="0,220,0" radius="0.5" length="4" />
		<capsule pos="35.64999999999999,-22.0,29.9" vel="0,0,0" mass="1" elasticityCoef="1" ang="90,0,0" color="0,220,0" radius="0.5" length="4" />
		<capsule pos="35.64999999999999,-22.0,32.199999999999996" vel="0,0,0" mass="1" elasticityCoef="1" ang="90,0,0" color="0,220,0" radius="0.5" length="4" />
		<capsule pos="35.64999999999999,-22.0,34.49999999999999" vel="0,0,0" mass="1" elasticityCoef="1" ang="90,0,0" color="0,220,0" radius="0.5" length="4" />
		<capsule pos="35.64999999999999,-22.0,36.800000000000004" vel="0,0,0" mass="1" elasticityCoef="1" ang="90,0,0" color="0,220,0" radius="0.5" length="4" />
		<capsule pos="35.64999999999999,-22.0,39.1" vel="0,0,0" mass="1" elasticityCoef="1" ang="90,0,0" color="0,220,0" radius="0.5" length="4" />
		<capsule pos="35.64999999999999,-22.0,41.4" vel="0,0,0" mass="1" elasticityCoef="1" ang="90,0,0" color="0,220,0" radius="0.5" length="4" />
		<capsule pos="35.64999999999999,-16.5,-43.699999999999996" vel="0,0,0" mass="1" elasticityCoef="1" ang="90,0,0" color="0,220,0" radius="0.5" length="4" />
		<capsule pos="35.64999999999999,-16.5,-41.4" vel="0,0,0" mass="1" elasticityCoef="1" ang="90,0,0" color="0,220,0" radius="0.5" length="4" />
		<capsule pos="35.64999999999999,-16.5,-39.099999999999994" vel="0,0,0" mass="1" elasticityCoef="1" ang="90,0,0" color="0,220,0" radius="0.5" length="4" />
		<capsule pos="35.64999999999999,-16.5,-36.8" vel="0,0,0" mass="1" elasticityCoef="1" ang="90,0,0" color="0,220,0" radius="0.5" length="4" />
		<capsule pos="35.64999999999999,-16.5,-34.5" vel="0,0,0" mass="1" elasticityCoef="1" ang="90,0,0" color="0,220,0" radius="0.5" length="4" />
		<capsule pos="35.64999999999999,-16.5,-32.199999999999996" vel="0,0,0" mass="1" elasticityCoef="1" ang="90,0,0" color="0,220,0" radius="0.5" length="4" />
		<capsule pos="35.64999999999999,-16.5,-29.9" vel="0,0,0" mass="1" elasticityCoef="1" ang="90,0,0" color="0,220,0" radius="0.5" length="4" />
		<capsule pos="35.64999999999999,-16.5,-27.599999999999998" vel="0,0,0" mass="1" elasticityCoef="1" ang="90,0,0" color="0,220,0" radius="0.5" length="4" />
		<capsule pos="35.64999999999999,-16.5,-25.299999999999997" vel="0,0,0" mass="1" elasticityCoef="1" ang="90,0,0" color="0,220,0" radius="0.5" length="4" />
		<capsule pos="35.64999999999999,-16.5,-22.999999999999996" vel="0,0,0" mass="1" elasticityCoef="1" ang="90,0,0" color="0,220,0" radius="0.5" length="4" />
		<capsule pos="35.64999999999999,-16.5,-20.699999999999996" vel="0,0,0" mass="1" elasticityCoef="1" ang="90,0,0" color="0,220,0" radius="0.5" length="4" />
		<capsule pos="35.64999999999999,-16.5,-18.4" vel="0,0,0" mass="1" elasticityCoef="1" ang="90,0,0" color="0,220,0" radius="0.5" length="4" />
		<capsule pos="35.64999999999999,-16.5,-16.099999999999998" vel="0,0,0" mass="1" elasticityCoef="1" ang="90,0,0" color="0,220,0" radius="0.5" length="4" />
		<capsule pos="35.64999999999999,-16.5,-13.799999999999997" vel="0,0,0" mass="1" elasticityCoef="1" ang="90,0,0" color="0,220,0" radius="0.5" length="4" />
		<capsule pos="35.64999999999999,-16.5,-11.5" vel="0,0,0" mass="1" elasticityCoef="1" ang="90,0,0" color="0,220,0" radius="0.5" length="4" />
		<capsule pos="35.64999999999999,-16.5,-9.199999999999996" vel="0,0,0" mass="1" elasticityCoef="1" ang="90,0,0" color="0,220,0" radius="0.5" length="4" />
		<capsule pos="35.64999999999999,-16.5,-6.899999999999999" vel="0,0,0" mass="1" elasticityCoef="1" ang="90,0,0" color="0,220,0" radius="0.5" length="4" />
		<capsule pos="35.64999999999999,-16.5,-4.600000000000001" vel="0,0,0" mass="1" elasticityCoef="1" ang="90,0,0" color="0,220,0" radius="0.5" length="4" />
		<capsule pos="35.64999999999999,-16.5,-2.299999999999997" vel="0,0,0" mass="1" elasticityCoef="1" ang="90,0,0" color="0,220,0" radius="0.5" length="4" />
		<capsule pos="35.64999999999999,-16.5,0.0" vel="0,0,0" mass="1" elasticityCoef="1" ang="90,0,0" color="0,220,0" radius="0.5" length="4" />
		<capsule pos="35.64999999999999,-16.5,2.3000000000000043" vel="0,0,0" mass="1" elasticityCoef="1" ang="90,0,0" color="0,220,0" radius="0.5" length="4" />
		<capsule pos="35.64999999999999,-16.5,4.600000000000001" vel="0,0,0" mass="1" elasticityCoef="1" ang="90,0,0" color="0,220,0" radius="0.5" length="4" />
		<capsule pos="35.64999999999999,-16.5,6.899999999999999" vel="0,0,0" mass="1" elasticityCoef="1" ang="90,0,0" color="0,220,0" radius="0.5" length="4" />
		<capsule pos="35.64999999999999,-16.5,9.200000000000003" vel="0,0,0" mass="1" elasticityCoef="1" ang="90,0,0" color="0,220,0" radius="0.5" length="4" />
		<capsule pos="35.64999999999999,-16.5,11.5" vel="0,0,0" mass="1" elasticityCoef="1" ang="90,0,0" color="0,220,0" radius="0.5" length="4" />
		<capsule pos="35.64999999999999,-16.5,13.799999999999997" vel="0,0,0" mass="1" elasticityCoef="1" ang="90,0,0" color="0,220,0" radius="0.5" length="4" />
		<capsule pos="35.64999999999999,-16.5,16.1" vel="0,0,0" mass="1" elasticityCoef="1" ang="90,0,0" color="0,220,0" radius="0.5" length="4" />
		<capsule pos="35.64999999999999,-16.5,18.4" vel="0,0,0" mass="1" elasticityCoef="1" ang="90,0,0" color="0,220,0" radius="0.5" length="4" />
		<capsule pos="35.64999999999999,-16.5,20.699999999999996" vel="0,0,0" mass="1" elasticityCoef="1" ang="90,0,0" color="0,220,0" radius="0.5" length="4" />
		<capsule pos="35.64999999999999,-16.5,22.999999999999993" vel="0,0,0" mass="1" elasticityCoef="1" ang="90,0,0" color="0,220,0" radius="0.5" length="4" />
		<capsule pos="35.64999999999999,-16.5,25.300000000000004" vel="0,0,0" mass="1" elasticityCoef="1" ang="90,0,0" color="0,220,0" radius="0.5" length="4" />
		<capsule pos="35.64999999999999,-16.5,27.6" vel="0,0,0" mass="1" elasticityCoef="1" ang="90,0,0" color="0,220,0" radius="0.5" length="4" />
		<capsule pos="35.64999999999999,-16.5,29.9" vel="0,0,0" mass="1" elasticityCoef="1" ang="90,0,0" color="0,220,0" radius="0.5" length="4" />
		<capsule pos="35.64999999999999,-16.5,32.199999999999996" vel="0,0,0" mass="1" elasticityCoef="1" ang="90,0,0" color="0,220,0" radius="0.5" length="4" />
		<capsule pos="35.64999999999999,-16.5,34.49999999999999" vel="0,0,0" mass="1" elasticityCoef="1" ang="90,0,0" color="0,220,0" radius="0.5" length="4" />
		<capsule pos="35.64999999999999,-16.5,36.800000000000004" vel="0,0,0" mass="1" elasticityCoef="1" ang="90,0,0" color="0,220,0" radius="0.5" length="4" />
		<capsule pos="35.64999999999999,-16.5,39.1" vel="0,0,0" mass="1" elasticityCoef="1" ang="90,0,0" color="0,220,0" radius="0.5" length="4" />
		<capsule pos="35.64999999999999,-16.5,41.4" vel="0,0,0" mass="1" elasticityCoef="1" ang="90,0,0" color="0,220,0" radius="0.5" length="4" />
		<capsule pos="35.64999999999999,-11.0,-43.699999999999996" vel="0,0,0" mass="1" elasticityCoef="1" ang="90,0,0" color="0,220,0" radius="0.5" length="4" />
		<capsule pos="35.64999999999999,-11.0,-41.4" vel="0,0,0" mass="1" elasticityCoef="1" ang="90,0,0" color="0,220,0" radius="0.5" length="4" />
		<capsule pos="35.64999999999999,-11.0,-39.099999999999994" vel="0,0,0" mass="1" elasticityCoef="1" ang="90,0,0" color="0,220,0" radius="0.5" length="4" />
		<capsule pos="35.64999999999999,-11.0,-36.8" vel="0,0,0" mass="1" elasticityCoef="1" ang="90,0,0" color="0,220,0" radius="0.5" length="4" />
		<capsule pos="35.64999999999999,-11.0,-34.5" vel="0,0,0" mass="1" elasticityCoef="1" ang="90,0,0" color="0,220,0" radius="0.5" length="4" />
		<capsule pos="35.64999999999999,-11.0,-32.199999999999996" vel="0,0,0" mass="1" elasticityCoef="1" ang="90,0,0" color="0,220,0" radius="0.5" length="4" />
		<capsule pos="35.64999999999999,-11.0,-29.9" vel="0,0,0" mass="1" elasticityCoef="1" ang="90,0,0" color="0,220,0" radius="0.5" length="4" />
		<capsule pos="35.64999999999999,-11.0,-27.599999999999998" vel="0,0,0" mass="1" elasticityCoef="1" ang="90,0,0" color="0,220,0" radius="0.5" length="4" />
		<capsule pos="35.64999999999999,-11.0,-25.299999999999997" vel="0,0,0" mass="1" elasticityCoef="1" ang="90,0,0" color="0,220,0" radius="0.5" length="4" />
		<capsule pos="35.64999999999999,-11.0,-22.999999999999996" vel="0,0,0" mass="1" elasticityCoef="1" ang="90,0,0" color="0,220,0" radius="0.5" length="4" />
		<capsule pos="35.64999999999999,-11.0,-20.699999999999996" vel="0,0,0" mass="1" elasticityCoef="1" ang="90,0,0" color="0,220,0" radius="0.5" length="4" />
		<capsule pos="35.64999999999999,-11.0,-18.4" vel="0,0,0" mass="1" elasticityCoef="1" ang="90,0,0" color="0,220,0" radius="0.5" length="4" />
		<capsule pos="35.64999999999999,-11.0,-16.099999999999998" vel="0,0,0" mass="1" elasticityCoef="1" ang="90,0,0" color="0,220,0" radius="0.5" length="4" />
		<capsule pos="35.64999999999999,-11.0,-13.799999999999997" vel="0,0,0" mass="1" elasticityCoef="1" ang="90,0,0" color="0,220,0" radius="0.5" length="4" />
		<capsule pos="35.64999999999999,-11.0,-11.5" vel="0,0,0" mass="1" elasticityCoef="1" ang="90,0,0" color="0,220,0" radius="0.5" length="4" />
		<capsule pos="35.64999999999999,-11.0,-9.199999999999996" vel="0,0,0" mass="1" elasticityCoef="1" ang="90,0,0" color="0,220,0" radius="0.5" length="4" />
		<capsule pos="35.64999999999999,-11.0,-6.899999999999999" vel="0,0,0" mass="1" elasticityCoef="1" ang="90,0,0" color="0,220,0" radius="0.5" length="4" />
		<capsule pos="35.64999999999999,-11.0,-4.600000000000001" vel="0,0,0" mass="1" elasticityCoef="1" ang="90,0,0" color="0,220,0" radius="0.5" length="4" />
		<capsule pos="35.64999999999999,-11.0,-2.299999999999997" vel="0,0,0" mass="1" elasticityCoef="1" ang="90,0,0" color="0,220,0" radius="0.5" length="4" />
		<capsule pos="35.64999999999999,-11.0,0.0" vel="0,0,0" mass="1" elasticityCoef="1" ang="90,0,0" color="0,220,0" radius="0.5" length="4" />
		<capsule pos="35.64999999999999,-11.0,2.3000000000000043" vel="0,0,0" mass="1" elasticityCoef="1" ang="90,0,0" color="0,220,0" radius="0.5" length="4" />
		<capsule pos="35.64999999999999,-11.0,4.600000000000001" vel="0,0,0" mass="1" elasticityCoef="1" ang="90,0,0" color="0,220,0" radius="0.5" length="4" />
		<capsule pos="35.64999999999999,-11.0,6.899999999999999" vel="0,0,0" mass="1" elasticityCoef="1" ang="90,0,0" color="0,220,0" radius="0.5" length="4" />
		<capsule pos="35.64999999999999,-11.0,9.200000000000003" vel="0,0,0" mass="1" elasticityCoef="1" ang="90,0,0" color="0,220,0" radius="0.5" length="4" />
		<capsule pos="35.64999999999999,-11.0,11.5" vel="0,0,0" mass="1" elasticityCoef="1" ang="90,0,0" color="0,220,0" radius="0.5" length="4" />
		<capsule pos="35.64999999999999,-11.0,13.799999999999997" vel="0,0,0" mass="1" elasticityCoef="1" ang="90,0,0" color="0,220,0" radius="0.5" length="4" />
		<capsule pos="35.64999999999999,-11.0,16.1" vel="0,0,0" mass="1" elasticityCoef="1" ang="90,0,0" color="0,220,0" radius="0.5" length="4" />
		<capsule pos="35.64999999999999,-11.0,18.4" vel="0,0,0" mass="1" elasticityCoef="1" ang="90,0,0" color="0,220,0" radius="0.5" length="4" />
		<capsule pos="35.64999999999999,-11.0,20.699999999999996" vel="0,0,0" mass="1" elasticityCoef="1" ang="90,0,0" color="0,220,0" radius="0.5" length="4" />
		<capsule pos="35.64999999999999,-11.0,22.999999999999993" vel="0,0,0" mass="1" elasticityCoef="1" ang="90,0,0" color="0,220,0" radius="0.5" length="4" />
		<capsule pos="35.64999999999999,-11.0,25.300000000000004" vel="0,0,0" mass="1" elasticityCoef="1" ang="90,0,0" color="0,220,0" radius="0.5" length="4" />
		<capsule pos="35.64999999999999,-11.0,27.6" vel="0,0,0" mass="1" elasticityCoef="1" ang="90,0,0" color="0,220,0" radius="0.5" length="4" />
		<capsule pos="35.64999999999999,-11.0,29.9" vel="0,0,0" mass="1" elasticityCoef="1" ang="90,0,0" color="0,220,0" radius="0.5" length="4" />
		<capsule pos="35.64999999999999,-11.0,32.199999999999996" vel="0,0,0" mass="1" elasticityCoef="1" ang="90,0,0" color="0,220,0" radius="0.5" length="4" />
		<capsule pos="35.64999999999999,-11.0,34.49999999999999" vel="0,0,0" mass="1" elasticityCoef="1" ang="90,0,0" color="0,220,0" radius="0.5" length="4" />
		<capsule pos="35.64999999999999,-11.0,36.800000000000004" vel="0,0,0" mass="1" elasticityCoef="1" ang="90,0,0" color="0,220,0" radius="0.5" length="4" />
		<capsule pos="35.64999999999999,-11.0,39.1" vel="0,0,0" mass="1" elasticityCoef="1" ang="90,0,0" color="0,220,0" radius="0.5" length="4" />
		<capsule pos="35.64999999999999,-11.0,41.4" vel="0,0,0" mass="1" elasticityCoef="1" ang="90,0,0" color="0,220,0" radius="0.5" length="4" />
		<capsule pos="35.64999999999999,-5.5,-43.699999999999996" vel="0,0,0" mass="1" elasticityCoef="1" ang="90,0,0" color="0,220,0" radius="0.5" length="4" />
		<capsule pos="35.64999999999999,-5.5,-41.4" vel="0,0,0" mass="1" elasticityCoef="1" ang="90,0,0" color="0,220,0" radius="0.5" length="4" />
		<capsule pos="35.64999999999999,-5.5,-39.099999999999994" vel="0,0,0" mass="1" elasticityCoef="1" ang="90,0,0" color="0,220,0" radius="0.5" length="4" />
		<capsule pos="35.64999999999999,-5.5,-36.8" vel="0,0,0" mass="1" elasticityCoef="1" ang="90,0,0" color="0,220,0" radius="0.5" length="4" />
		<capsule pos="35.64999999999999,-5.5,-34.5" vel="0,0,0" mass="1" elasticityCoef="1" ang="90,0,0" color="0,220,0" radius="0.5" length="4" />
		<capsule pos="35.64999999999999,-5.5,-32.199999999999996" vel="0,0,0" mass="1" elasticityCoef="1" ang="90,0,0" color="0,220,0" radius="0.5" length="4" />
		<capsule pos="35.64999999999999,-5.5,-29.9" vel="0,0,0" mass="1" elasticityCoef="1" ang="90,0,0" color="0,220,0" radius="0.5" length="4" />
		<capsule pos="35.64999999999999,-5.5,-27.599999999999998" vel="0,0,0" mass="1" elasticityCoef="1" ang="90,0,0" color="0,220,0" radius="0.5" length="4" />
		<capsule pos="35.64999999999999,-5.5,-25.299999999999997" vel="0,0,0" mass="1" elasticityCoef="1" ang="90,0,0" color="0,220,0" radius="0.5" length="4" />
		<capsule pos="35.64999999999999,-5.5,-22.999999999999996" vel="0,0,0" mass="1" elasticityCoef="1" ang="90,0,0" color="0,220,0" radius="0.5" length="4" />
		<capsule pos="35.64999999999999,-5.5,-20.699999999999996" vel="0,0,0" mass="1" elasticityCoef="1" ang="90,0,0" color="0,220,0" radius="0.5" length="4" />
		<capsule pos="35.64999999999999,-5.5,-18.4" vel="0,0,0" mass="1" elasticityCoef="1" ang="90,0,0" color="0,220,0" radius="0.5" length="4" />
		<capsule pos="35.64999999999999,-5.5,-16.099999999999998" vel="0,0,0" mass="1" elasticityCoef="1" ang="90,0,0" color="0,220,0" radius="0.5" length="4" />
		<capsule pos="35.64999999999999,-5.5,-13.799999999999997" vel="0,0,0" mass="1" elasticityCoef="1" ang="90,0,0" color="0,220,0" radius="0.5" length="4" />
		<capsule pos="35.64999999999999,-5.5,-11.5" vel="0,0,0" mass="1" elasticityCoef="1" ang="90,0,0" color="0,220,0" radius="0.5" length="4" />
		<capsule pos="35.64999999999999,-5.5,-9.199999999999996" vel="0,0,0" mass="1" elasticityCoef="1" ang="90,0,0" color="0,220,0" radius="0.5" length="4" />
		<capsule pos="35.64999999999999,-5.5,-6.899999999999999" vel="0,0,0" mass="1" elasticityCoef="1" ang="90,0,0" color="0,220,0" radius="0.5" length="4" />
		<capsule pos="35.64999999999999,-5.5,-4.600000000000001" vel="0,0,0" mass="1" elasticityCoef="1" ang="90,0,0" color="0,220,0" radius="0.5" length="4" />
		<capsule pos="35.64999999999999,-5.5,-2.299999999999997" vel="0,0,0" mass="1" elasticityCoef="1" ang="90,0,0" color="0,220,0" radius="0.5" length="4" />
		<capsule pos="35.64999999999999,-5.5,0.0" vel="0,0,0" mass="1" elasticityCoef="1" ang="90,0,0" color="0,220,0" radius="0.5" length="4" />
		<capsule pos="35.64999999999999,-5.5,2.3000000000000043" vel="0,0,0" mass="1" elasticityCoef="1" ang="90,0,0" color="0,220,0" radius="0.5" length="4" />
		<capsule pos="35.64999999999999,-5.5,4.600000000000001" vel="0,0,0" mass="1" elasticityCoef="1" ang="90,0,0" color="0,220,0" radius="0.5" length="4" />
		<capsule pos="35.64999999999999,-5.5,6.899999999999999" vel="0,0,0" mass="1" elasticityCoef="1" ang="90,0,0" color="0,220,0" radius="0.5" length="4" />
		<capsule pos="35.64999999999999,-5.5,9.200000000000003" vel="0,0,0" mass="1" elasticityCoef="1" ang="90,0,0" color="0,220,0" radius="0.5" length="4" />
		<capsule pos="35.64999999999999,-5.5,11.5" vel="0,0,0" mass="1" elasticityCoef="1" ang="90,0,0" color="0,220,0" radius="0.5" length="4" />
		<capsule pos="35.64999999999999,-5.5,13.799999999999997" vel="0,0,0" mass="1" elasticityCoef="1" ang="90,0,0" color="0,220,0" radius="0.5" length="4" />
		<capsule pos="35.64999999999999,-5.5,16.1" vel="0,0,0" mass="1" elasticityCoef="1" ang="90,0,0" color="0,220,0" radius="0.5" length="4" />
		<capsule pos="35.64999999999999,-5.5,18.4" vel="0,0,0" mass="1" elasticityCoef="1" ang="90,0,0" color="0,220,0" radius="0.5" length="4" />
		<capsule pos="35.64999999999999,-5.5,20.699999999999996" vel="0,0,0" mass="1" elasticityCoef="1" ang="90,0,0" color="0,220,0" radius="0.5" length="4" />
		<capsule pos="35.64999999999999,-5.5,22.999999999999993" vel="0,0,0" mass="1" elasticityCoef="1" ang="90,0,0" color="0,220,0" radius="0.5" length="4" />
		<capsule pos="35.64999999999999,-5.5,25.300000000000004" vel="0,0,0" mass="1" elasticityCoef="1" ang="90,0,0" color="0,220,0" radius="0.5" length="4" />
		<capsule pos="35.64999999999999,-5.5,27.6" vel="0,0,0" mass="1" elasticityCoef="1" ang="90,0,0" color="0,220,0" radius="0.5" length="4" />
		<capsule pos="35.64999999999999,-5.5,29.9" vel="0,0,0" mass="1" elasticityCoef="1" ang="90,0,0" color="0,220,0" radius="0.5" length="4" />
		<capsule pos="35.64999999999999,-5.5,32.199999999999996" vel="0,0,0" mass="1" elasticityCoef="1" ang="90,0,0" color="0,220,0" radius="0.5" length="4" />
		<capsule pos="35.64999999999999,-5.5,34.49999999999999" vel="0,0,0" mass="1" elasticityCoef="1" ang="90,0,0" color="0,220,0" radius="0.5" length="4" />
		<capsule pos="35.64999999999999,-5.5,36.800000000000004" vel="0,0,0" mass="1" elasticityCoef="1" ang="90,0,0" color="0,220,0" radius="0.5" length="4" />
		<capsule pos="35.64999999999999,-5.5,39.1" vel="0,0,0" mass="1" elasticityCoef="1" ang="90,0,0" color="0,220,0" radius="0.5" length="4" />
		<capsule pos="35.64999999999999,-5.5,41.4" vel="0,0,0" mass="1" elasticityCoef="1" ang="90,0,0" color="0,220,0" radius="0.5" length="4" />
		<capsule pos="35.64999999999999,0.0,-43.699999999999996" vel="0,0,0" mass="1" elasticityCoef="1" ang="90,0,0" color="0,220,0" radius="0.5" length="4" />
		<capsule pos="35.64999999999999,0.0,-41.4" vel="0,0,0" mass="1" elasticityCoef="1" ang="90,0,0" color="0,220,0" radius="0.5" length="4" />
		<capsule pos="35.64999999999999,0.0,-39.099999999999994" vel="0,0,0" mass="1" elasticityCoef="1" ang="90,0,0" color="0,220,0" radius="0.5" length="4" />
		<capsule pos="35.64999999999999,0.0,-36.8" vel="0,0,0" mass="1" elasticityCoef="1" ang="90,0,0" color="0,220,0" radius="0.5" length="4" />
		<capsule pos="35.64999999999999,0.0,-34.5" vel="0,0,0" mass="1" elasticityCoef="1" ang="90,0,0" color="0,220,0" radius="0.5" length="4" />
		<capsule pos="35.64999999999999,0.0,-32.199999999999996" vel="0,0,0" mass="1" elasticityCoef="1" ang="90,0,0" color="0,220,0" radius="0.5" length="4" />
		<capsule pos="35.64999999999999,0.0,-29.9" vel="0,0,0" mass="1" elasticityCoef="1" ang="90,0,0" color="0,220,0" radius="0.5" length="4" />
		<capsule pos="35.64999999999999,0.0,-27.599999999999998" vel="0,0,0" mass="1" elasticityCoef="1" ang="90,0,0" color="0,220,0" radius="0.5" length="4" />
		<capsule pos="35.64999999999999,0.0,-25.299999999999997" vel="0,0,0" mass="1" elasticityCoef="1" ang="90,0,0" color="0,220,0" radius="0.5" length="4" />
		<capsule pos="35.64999999999999,0.0,-22.999999999999996" vel="0,0,0" mass="1" elasticityCoef="1" ang="90,0,0" color="0,220,0" radius="0.5" length="4" />
		<capsule pos="35.64999999999999,0.0,-20.699999999999996" vel="0,0,0" mass="1" elasticityCoef="1" ang="90,0,0" color="0,220,0" radius="0.5" length="4" />
		<capsule pos="35.64999999999999,0.0,-18.4" vel="0,0,0" mass="1" elasticityCoef="1" ang="90,0,0" color="0,220,0" radius="0.5" length="4" />
		<capsule pos="35.64999999999999,0.0,-16.099999999999998" vel="0,0,0" mass="1" elasticityCoef="1" ang="90,0,0" color="0,220,0" radius="0.5" length="4" />
		<capsule pos="35.64999999999999,0.0,-13.799999999999997" vel="0,0,0" mass="1" elasticityCoef="1" ang="90,0,0" color="0,220,0" radius="0.5" length="4" />
		<capsule pos="35.64999999999999,0.0,-11.5" vel="0,0,0" mass="1" elasticityCoef="1" ang="90,0,0" color="0,220,0" radius="0.5" length="4" />
		<capsule pos="35.64999999999999,0.0,-9.199999999999996" vel="0,0,0" mass="1" elasticityCoef="1" ang="90,0,0" color="0,220,0" radius="0.5" length="4" />
		<capsule pos="35.64999999999999,0.0,-6.899999999999999" vel="0,0,0" mass="1" elasticityCoef="1" ang="90,0,0" color="0,220,0" radius="0.5" length="4" />
		<capsule pos="35.64999999999999,0.0,-4.600000000000001" vel="0,0,0" mass="1" elasticityCoef="1" ang="90,0,0" color="0,220,0" radius="0.5" length="4" />
		<capsule pos="35.64999999999999,0.0,-2.299999999999997" vel="0,0,0" mass="1" elasticityCoef="1" ang="90,0,0" color="0,220,0" radius="0.5" length="4" />
		<capsule pos="35.64999999999999,0.0,0.0" vel="0,0,0" mass="1" elasticityCoef="1" ang="90,0,0" color="0,220,0" radius="0.5" length="4" />
		<capsule pos="35.64999999999999,0.0,2.3000000000000043" vel="0,0,0" mass="1" elasticityCoef="1" ang="90,0,0" color="0,220,0" radius="0.5" length="4" />
		<capsule pos="35.64999999999999,0.0,4.600000000000001" vel="0,0,0" mass="1" elasticityCoef="1" ang="90,0,0" color="0,220,0" radius="0.5" length="4" />
		<capsule pos="35.64999999999999,0.0,6.899999999999999" vel="0,0,0" mass="1" elasticityCoef="1" ang="90,0,0" color="0,220,0" radius="0.5" length="4" />
		<capsule pos="35.64999999999999,0.0,9.200000000000003" vel="0,0,0" mass="1" elasticityCoef="1" ang="90,0,0" color="0,220,0" radius="0.5" length="4" />
		<capsule pos="35.64999999999999,0.0,11.5" vel="0,0,0" mass="1" elasticityCoef="1" ang="90,0,0" color="0,220,0" radius="0.5" length="4" />
		<capsule pos="35.64999999999999,0.0,13.799999999999997" vel="0,0,0" mass="1" elasticityCoef="1" ang="90,0,0" color="0,220,0" radius="0.5" length="4" />
		<capsule pos="35.64999999999999,0.0,16.1" vel="0,0,0" mass="1" elasticityCoef="1" ang="90,0,0" color="0,220,0" radius="0.5" length="4" />
		<capsule pos="35.64999999999999,0.0,18.4" vel="0,0,0" mass="1" elasticityCoef="1" ang="90,0,0" color="0,220,0" radius="0.5" length="4" />
		<capsule pos="35.64999999999999,0.0,20.699999999999996" vel="0,0,0" mass="1" elasticityCoef="1" ang="90,0,0" color="0,220,0" radius="0.5" length="4" />
		<capsule pos="35.64999999999999,0.0,22.999999999999993" vel="0,0,0" mass="1" elasticityCoef="1" ang="90,0,0" color="0,220,0" radius="0.5" length="4" />
		<capsule pos="35.64999999999999,0.0,25.300000000000004" vel="0,0,0" mass="1" elasticityCoef="1" ang="90,0,0" color="0,220,0" radius="0.5" length="4" />
		<capsule pos="35.64999999999999,0.0,27.6" vel="0,0,0" mass="1" elasticityCoef="1" ang="90,0,0" color="0,220,0" radius="0.5" length="4" />
		<capsule pos="35.64999999999999,0.0,29.9" vel="0,0,0" mass="1" elasticityCoef="1" ang="90,0,0" color="0,220,0" radius="0.5" length="4" />
		<capsule pos="35.64999999999999,0.0,32.199999999999996" vel="0,0,0" mass="1" elasticityCoef="1" ang="90,0,0" color="0,220,0" radius="0.5" length="4" />
		<capsule pos="35.64999999999999,0.0,34.49999999999999" vel="0,0,0" mass="1" elasticityCoef="1" ang="90,0,0" color="0,220,0" radius="0.5" length="4" />
		<capsule pos="35.64999999999999,0.0,36.800000000000004" vel="0,0,0" mass="1" elasticityCoef="1" ang="90,0,0" color="0,220,0" radius="0.5" length="4" />
		<capsule pos="35.64999999999999,0.0,39.1" vel="0,0,0" mass="1" elasticityCoef="1" ang="90,0,0" color="0,220,0" radius="0.5" length="4" />
		<capsule pos="35.64999999999999,0.0,41.4" vel="0,0,0" mass="1" elasticityCoef="1" ang="90,0,0" color="0,220,0" radius="0.5" length="4" />
		<capsule pos="35.64999999999999,5.5,-43.699999999999996" vel="0,0,0" mass="1" elasticityCoef="1" ang="90,0,0" color="0,220,0" radius="0.5" length="4" />
		<capsule pos="35.64999999999999,5.5,-41.4" vel="0,0,0" mass="1" elasticityCoef="1" ang="90,0,0" color="0,220,0" radius="0.5" length="4" />
		<capsule pos="35.64999999999999,5.5,-39.099999999999994" vel="0,0,0" mass="1" elasticityCoef="1" ang="90,0,0" color="0,220,0" radius="0.5" length="4" />
		<capsule pos="35.64999999999999,5.5,-36.8" vel="0,0,0" mass="1" elasticityCoef="1" ang="90,0,0" color="0,220,0" radius="0.5" length="4" />
		<capsule pos="35.64999999999999,5.5,-34.5" vel="0,0,0" mass="1" elasticityCoef="1" ang="90,0,0" color="0,220,0" radius="0.5" length="4" />
		<capsule pos="35.64999999999999,5.5,-32.199999999999996" vel="0,0,0" mass="1" elasticityCoef="1" ang="90,0,0" color="0,220,0" radius="0.5" length="4" />
		<capsule pos="35.64999999999999,5.5,-29.9" vel="0,0,0" mass="1" elasticityCoef="1" ang="90,0,0" color="0,220,0" radius="0.5" length="4" />
		<capsule pos="35.64999999999999,5.5,-27.599999999999998" vel="0,0,0" mass="1" elasticityCoef="1" ang="90,0,0" color="0,220,0" radius="0.5" length="4" />
		<capsule pos="35.64999999999999,5.5,-25.299999999999997" vel="0,0,0" mass="1" elasticityCoef="1" ang="90,0,0" color="0,220,0" radius="0.5" length="4" />
		<capsule pos="35.64999999999999,5.5,-22.999999999999996" vel="0,0,0" mass="1" elasticityCoef="1" ang="90,0,0" color="0,220,0" radius="0.5" length="4" />
		<capsule pos="35.64999999999999,5.5,-20.699999999999996" vel="0,0,0" mass="1" elasticityCoef="1" ang="90,0,0" color="0,220,0" radius="0.5" length="4" />
		<capsule pos="35.64999999999999,5.5,-18.4" vel="0,0,0" mass="1" elasticityCoef="1" ang="90,0,0" color="0,220,0" radius="0.5" length="4" />
		<capsule pos="35.64999999999999,5.5,-16.099999999999998" vel="0,0,0" mass="1" elasticityCoef="1" ang="90,0,0" color="0,220,0" radius="0.5" length="4" />
		<capsule pos="35.64999999999999,5.5,-13.799999999999997" vel="0,0,0" mass="1" elasticityCoef="1" ang="90,0,0" color="0,220,0" radius="0.5" length="4" />
		<capsule pos="35.64999999999999,5.5,-11.5" vel="0,0,0" mass="1" elasticityCoef="1" ang="90,0,0" color="0,220,0" radius="0.5" length="4" />
		<capsule pos="35.64999999999999,5.5,-9.199999999999996" vel="0,0,0" mass="1" elasticityCoef="1" ang="90,0,0" color="0,220,0" radius="0.5" length="4" />
		<capsule pos="35.64999999999999,5.5,-6.899999999999999" vel="0,0,0" mass="1" elasticityCoef="1" ang="90,0,0" color="0,220,0" radius="0.5" length="4" />
		<capsule pos="35.64999999999999,5.5,-4.600000000000001" vel="0,0,0" mass="1" elasticityCoef="1" ang="90,0,0" color="0,220,0" radius="0.5" length="4" />
		<capsule pos="35.64999999999999,5.5,-2.299999999999997" vel="0,0,0" mass="1" elasticityCoef="1" ang="90,0,0" color="0,220,0" radius="0.5" length="4" />
		<capsule pos="35.64999999999999,5.5,0.0" vel="0,0,0" mass="1" elasticityCoef="1" ang="90,0,0" color="0,220,0" radius="0.5" length="4" />
		<capsule pos="35.64999999999999,5.5,2.3000000000000043" vel="0,0,0" mass="1" elasticityCoef="1" ang="90,0,0" color="0,220,0" radius="0.5" length="4" />
		<capsule pos="35.64999999999999,5.5,4.600000000000001" vel="0,0,0" mass="1" elasticityCoef="1" ang="90,0,0" color="0,220,0" radius="0.5" length="4" />
		<capsule pos="35.64999999999999,5.5,6.899999999999999" vel="0,0,0" mass="1" elasticityCoef="1" ang="90,0,0" color="0,220,0" radius="0.5" length="4" />
		<capsule pos="35.64999999999999,5.5,9.200000000000003" vel="0,0,0" mass="1" elasticityCoef="1" ang="90,0,0" color="0,220,0" radius="0.5" length="4" />
		<capsule pos="35.64999999999999,5.5,11.5" vel="0,0,0" mass="1" elasticityCoef="1" ang="90,0,0" color="0,220,0" radius="0.5" length="4" />
		<capsule pos="35.64999999999999,5.5,13.799999999999997" vel="0,0,0" mass="1" elasticityCoef="1" ang="90,0,0" color="0,220,0" radius="0.5" length="4" />
		<capsule pos="35.64999999999999,5.5,16.1" vel="0,0,0" mass="1" elasticityCoef="1" ang="90,0,0" color="0,220,0" radius="0.5" length="4" />
		<capsule pos="35.64999999999999,5.5,18.4" vel="0,0,0" mass="1" elasticityCoef="1" ang="90,0,0" color="0,220,0" radius="0.5" length="4" />
		<capsule pos="35.64999999999999,5.5,20.699999999999996" vel="0,0,0" mass="1" elasticityCoef="1" ang="90,0,0" color="0,220,0" radius="0.5" length="4" />
		<capsule pos="35.64999999999999,5.5,22.999999999999993" vel="0,0,0" mass="1" elasticityCoef="1" ang="90,0,0" color="0,220,0" radius="0.5" length="4" />
		<capsule pos="35.64999999999999,5.5,25.300000000000004" vel="0,0,0" mass="1" elasticityCoef="1" ang="90,0,0" color="0,220,0" radius="0.5" length="4" />
		<capsule pos="35.64999999999999,5.5,27.6" vel="0,0,0" mass="1" elasticityCoef="1" ang="90,0,0" color="0,220,0" radius="0.5" length="4" />
		<capsule pos="35.64999999999999,5.5,29.9" vel="0,0,0" mass="1" elasticityCoef="1" ang="90,0,0" color="0,220,0" radius="0.5" length="4" />
		<capsule pos="35.64999999999999,5.5,32.199999999999996" vel="0,0,0" mass="1" elasticityCoef="1" ang="90,0,0" color="0,220,0" radius="0.5" length="4" />
		<capsule pos="35.64999999999999,5.5,34.49999999999999" vel="0,0,0" mass="1" elasticityCoef="1" ang="90,0,0" color="0,220,0" radius="0.5" length="4" />
		<capsule pos="35.64999999999999,5.5,36.800000000000004" vel="0,0,0" mass="1" elasticityCoef="1" ang="90,0,0" color="0,220,0" radius="0.5" length="4" />
		<capsule pos="35.64999999999999,5.5,39.1" vel="0,0,0" mass="1" elasticityCoef="1" ang="90,0,0" color="0,220,0" radius="0.5" length="4" />
		<capsule pos="35.64999999999999,5.5,41.4" vel="0,0,0" mass="1" elasticityCoef="1" ang="90,0,0" color="0,220,0" radius="0.5" length="4" />
		<capsule pos="35.64999999999999,11.0,-43.699999999999996" vel="0,0,0" mass="1" elasticityCoef="1" ang="90,0,0" color="0,220,0" radius="0.5" length="4" />
		<capsule pos="35.64999999999999,11.0,-41.4" vel="0,0,0" mass="1" elasticityCoef="1" ang="90,0,0" color="0,220,0" radius="0.5" length="4" />
		<capsule pos="35.64999999999999,11.0,-39.099999999999994" vel="0,0,0" mass="1" elasticityCoef="1" ang="90,0,0" color="0,220,0" radius="0.5" length="4" />
		<capsule pos="35.64999999999999,11.0,-36.8" vel="0,0,0" mass="1" elasticityCoef="1" ang="90,0,0" color="0,220,0" radius="0.5" length="4" />
		<capsule pos="35.64999999999999,11.0,-34.5" vel="0,0,0" mass="1" elasticityCoef="1" ang="90,0,0" color="0,220,0" radius="0.5" length="4" />
		<capsule pos="35.64999999999999,11.0,-32.199999999999996" vel="0,0,0" mass="1" elasticityCoef="1" ang="90,0,0" color="0,220,0" radius="0.5" length="4" />
		<capsule pos="35.64999999999999,11.0,-29.9" vel="0,0,0" mass="1" elasticityCoef="1" ang="90,0,0" color="0,220,0" radius="0.5" length="4" />
		<capsule pos="35.64999999999999,11.0,-27.599999999999998" vel="0,0,0" mass="1" elasticityCoef="1" ang="90,0,0" color="0,220,0" radius="0.5" length="4" />
		<capsule pos="35.64999999999999,11.0,-25.299999999999997" vel="0,0,0" mass="1" elasticityCoef="1" ang="90,0,0" color="0,220,0" radius="0.5" length="4" />
		<capsule pos="35.64999999999999,11.0,-22.999999999999996" vel="0,0,0" mass="1" elasticityCoef="1" ang="90,0,0" color="0,220,0" radius="0.5" length="4" />
		<capsule pos="35.64999999999999,11.0,-20.699999999999996" vel="0,0,0" mass="1" elasticityCoef="1" ang="90,0,0" color="0,220,0" radius="0.5" length="4" />
		<capsule pos="35.64999999999999,11.0,-18.4" vel="0,0,0" mass="1" elasticityCoef="1" ang="90,0,0" color="0,220,0" radius="0.5" length="4" />
		<capsule pos="35.64999999999999,11.0,-16.099999999999998" vel="0,0,0" mass="1" elasticityCoef="1" ang="90,0,0" color="0,220,0" radius="0.5" length="4" />
		<capsule pos="35.64999999999999,11.0,-13.799999999999997" vel="0,0,0" mass="1" elasticityCoef="1" ang="90,0,0" color="0,220,0" radius="0.5" length="4" />
		<capsule pos="35.64999999999999,11.0,-11.5" vel="0,0,0" mass="1" elasticityCoef="1" ang="90,0,0" color="0,220,0" radius="0.5" length="4" />
		<capsule pos="35.64999999999999,11.0,-9.199999999999996" vel="0,0,0" mass="1" elasticityCoef="1" ang="90,0,0" color="0,220,0" radius="0.5" length="4" />
		<capsule pos="35.64999999999999,11.0,-6.899999999999999" vel="0,0,0" mass="1" elasticityCoef="1" ang="90,0,0" color="0,220,0" radius="0.5" length="4" />
		<capsule pos="35.64999999999999,11.0,-4.600000000000001" vel="0,0,0" mass="1" elasticityCoef="1" ang="90,0,0" color="0,220,0" radius="0.5" length="4" />
		<capsule pos="35.64999999999999,11.0,-2.299999999999997" vel="0,0,0" mass="1" elasticityCoef="1" ang="90,0,0" color="0,220,0" radius="0.5" length="4" />
		<capsule pos="35.64999999999999,11.0,0.0" vel="0,0,0" mass="1" elasticityCoef="1" ang="90,0,0" color="0,220,0" radius="0.5" length="4" />
		<capsule pos="35.64999999999999,11.0,2.3000000000000043" vel="0,0,0" mass="1" elasticityCoef="1" ang="90,0,0" color="0,220,0" radius="0.5" length="4" />
		<capsule pos="35.64999999999999,11.0,4.600000000000001" vel="0,0,0" mass="1" elasticityCoef="1" ang="90,0,0" color="0,220,0" radius="0.5" length="4" />
		<capsule pos="35.64999999999999,11.0,6.899999999999999" vel="0,0,0" mass="1" elasticityCoef="1" ang="90,0,0" color="0,220,0" radius="0.5" length="4" />
		<capsule pos="35.64999999999999,11.0,9.200000000000003" vel="0,0,0" mass="1" elasticityCoef="1" ang="90,0,0" color="0,220,0" radius="0.5" length="4" />
		<capsule pos="35.64999999999999,11.0,11.5" vel="0,0,0" mass="1" elasticityCoef="1" ang="90,0,0" color="0,220,0" radius="0.5" length="4" />
		<capsule pos="35.64999999999999,11.0,13.799999999999997" vel="0,0,0" mass="1" elasticityCoef="1" ang="90,0,0" color="0,220,0" radius="0.5" length="4" />
		<capsule pos="35.64999999999999,11.0,16.1" vel="0,0,0" mass="1" elasticityCoef="1" ang="90,0,0" color="0,220,0" radius="0.5" length="4" />
		<capsule pos="35.64999999999999,11.0,18.4" vel="0,0,0" mass="1" elasticityCoef="1" ang="90,0,0" color="0,220,0" radius="0.5" length="4" />
		<capsule pos="35.64999999999999,11.0,20.699999999999996" vel="0,0,0" mass="1" elasticityCoef="1" ang="90,0,0" color="0,220,0" radius="0.5" length="4" />
		<capsule pos="35.64999999999999,11.0,22.999999999999993" vel="0,0,0" mass="1" elasticityCoef="1" ang="90,0,0" color="0,220,0" radius="0.5" length="4" />
		<capsule pos="35.64999999999999,11.0,25.300000000000004" vel="0,0,0" mass="1" elasticityCoef="1" ang="90,0,0" color="0,220,0" radius="0.5" length="4" />
		<capsule pos="35.64999999999999,11.0,27.6" vel="0,0,0" mass="1" elasticityCoef="1" ang="90,0,0" color="0,220,0" radius="0.5" length="4" />
		<capsule pos="35.64999999999999,11.0,29.9" vel="0,0,0" mass="1" elasticityCoef="1" ang="90,0,0" color="0,220,0" radius="0.5" length="4" />
		<capsule pos="35.64999999999999,11.0,32.199999999999996" vel="0,0,0" mass="1" elasticityCoef="1" ang="90,0,0" color="0,220,0" radius="0.5" length="4" />
		<capsule pos="35.64999999999999,11.0,34.49999999999999" vel="0,0,0" mass="1" elasticityCoef="1" ang="90,0,0" color="0,220,0" radius="0.5" length="4" />
		<capsule pos="35.64999999999999,11.0,36.800000000000004" vel="0,0,0" mass="1" elasticityCoef="1" ang="90,0,0" color="0,220,0" radius="0.5" length="4" />
		<capsule pos="35.64999999999999,11.0,39.1" vel="0,0,0" mass="1" elasticityCoef="1" ang="90,0,0" color="0,220,0" radius="0.5" length="4" />
		<capsule pos="35.64999999999999,11.0,41.4" vel="0,0,0" mass="1" elasticityCoef="1" ang="90,0,0" color="0,220,0" radius="0.5" length="4" />
		<capsule pos="35.64999999999999,16.5,-43.699999999999996" vel="0,0,0" mass="1" elasticityCoef="1" ang="90,0,0" color="0,220,0" radius="0.5" length="4" />
		<capsule pos="35.64999999999999,16.5,-41.4" vel="0,0,0" mass="1" elasticityCoef="1" ang="90,0,0" color="0,220,0" radius="0.5" length="4" />
		<capsule pos="35.64999999999999,16.5,-39.099999999999994" vel="0,0,0" mass="1" elasticityCoef="1" ang="90,0,0" color="0,220,0" radius="0.5" length="4" />
		<capsule pos="35.64999999999999,16.5,-36.8" vel="0,0,0" mass="1" elasticityCoef="1" ang="90,0,0" color="0,220,0" radius="0.5" length="4" />
		<capsule pos="35.64999999999999,16.5,-34.5" vel="0,0,0" mass="1" elasticityCoef="1" ang="90,0,0" color="0,220,0" radius="0.5" length="4" />
		<capsule pos="35.64999999999999,16.5,-32.199999999999996" vel="0,0,0" mass="1" elasticityCoef="1" ang="90,0,0" color="0,220,0" radius="0.5" length="4" />
		<capsule pos="35.64999999999999,16.5,-29.9" vel="0,0,0" mass="1" elasticityCoef="1" ang="90,0,0" color="0,220,0" radius="0.5" length="4" />
		<capsule pos="35.64999999999999,16.5,-27.599999999999998" vel="0,0,0" mass="1" elasticityCoef="1" ang="90,0,0" color="0,220,0" radius="0.5" length="4" />
		<capsule pos="35.64999999999999,16.5,-25.299999999999997" vel="0,0,0" mass="1" elasticityCoef="1" ang="90,0,0" color="0,220,0" radius="0.5" length="4" />
		<capsule pos="35.64999999999999,16.5,-22.999999999999996" vel="0,0,0" mass="1" elasticityCoef="1" ang="90,0,0" color="0,220,0" radius="0.5" length="4" />
		<capsule pos="35.64999999999999,16.5,-20.699999999999996" vel="0,0,0" mass="1" elasticityCoef="1" ang="90,0,0" color="0,220,0" radius="0.5" length="4" />
		<capsule pos="35.64999999999999,16.5,-18.4" vel="0,0,0" mass="1" elasticityCoef="1" ang="90,0,0" color="0,220,0" radius="0.5" length="4" />
		<capsule pos="35.64999999999999,16.5,-16.099999999999998" vel="0,0,0" mass="1" elasticityCoef="1" ang="90,0,0" color="0,220,0" radius="0.5" length="4" />
		<capsule pos="35.64999999999999,16.5,-13.799999999999997" vel="0,0,0" mass="1" elasticityCoef="1" ang="90,0,0" color="0,220,0" radius="0.5" length="4" />
		<capsule pos="35.64999999999999,16.5,-11.5" vel="0,0,0" mass="1" elasticityCoef="1" ang="90,0,0" color="0,220,0" radius="0.5" length="4" />
		<capsule pos="35.64999999999999,16.5,-9.199999999999996" vel="0,0,0" mass="1" elasticityCoef="1" ang="90,0,0" color="0,220,0" radius="0.5" length="4" />
		<capsule pos="35.64999999999999,16.5,-6.899999999999999" vel="0,0,0" mass="1" elasticityCoef="1" ang="90,0,0" color="0,220,0" radius="0.5" length="4" />
		<capsule pos="35.64999999999999,16.5,-4.600000000000001" vel="0,0,0" mass="1" elasticityCoef="1" ang="90,0,0" color="0,220,0" radius="0.5" length="4" />
		<capsule pos="35.64999999999999,16.5,-2.299999999999997" vel="0,0,0" mass="1" elasticityCoef="1" ang="90,0,0" color="0,220,0" radius="0.5" length="4" />
		<capsule pos="35.64999999999999,16.5,0.0" vel="0,0,0" mass="1" elasticityCoef="1" ang="90,0,0" color="0,220,0" radius="0.5" length="4" />
		<capsule pos="35.64999999999999,16.5,2.3000000000000043" vel="0,0,0" mass="1" elasticityCoef="1" ang="90,0,0" color="0,220,0" radius="0.5" length="4" />
		<capsule pos="35.64999999999999,16.5,4.600000000000001" vel="0,0,0" mass="1" elasticityCoef="1" ang="90,0,0" color="0,220,0" radius="0.5" length="4" />
		<capsule pos="35.64999999999999,16.5,6.899999999999999" vel="0,0,0" mass="1" elasticityCoef="1" ang="90,0,0" color="0,220,0" radius="0.5" length="4" />
		<capsule pos="35.64999999999999,16.5,9.200000000000003" vel="0,0,0" mass="1" elasticityCoef="1" ang="90,0,0" color="0,220,0" radius="0.5" length="4" />
		<capsule pos="35.64999999999999,16.5,11.5" vel="0,0,0" mass="1" elasticityCoef="1" ang="90,0,0" color="0,220,0" radius="0.5" length="4" />
		<capsule pos="35.64999999999999,16.5,13.799999999999997" vel="0,0,0" mass="1" elasticityCoef="1" ang="90,0,0" color="0,220,0" radius="0.5" length="4" />
		<capsule pos="35.64999999999999,16.5,16.1" vel="0,0,0" mass="1" elasticityCoef="1" ang="90,0,0" color="0,220,0" radius="0.5" length="4" />
		<capsule pos="35.64999999999999,16.5,18.4" vel="0,0,0" mass="1" elasticityCoef="1" ang="90,0,0" color="0,220,0" radius="0.5" length="4" />
		<capsule pos="35.64999999999999,16.5,20.699999999999996" vel="0,0,0" mass="1" elasticityCoef="1" ang="90,0,0" color="0,220,0" radius="0.5" length="4" />
		<capsule pos="35.64999999999999,16.5,22.999999999999993" vel="0,0,0" mass="1" elasticityCoef="1" ang="90,0,0" color="0,220,0" radius="0.5" length="4" />
		<capsule pos="35.64999999999999,16.5,25.300000000000004" vel="0,0,0" mass="1" elasticityCoef="1" ang="90,0,0" color="0,220,0" radius="0.5" length="4" />
		<capsule pos="35.64999999999999,16.5,27.6" vel="0,0,0" mass="1" elasticityCoef="1" ang="90,0,0" color="0,220,0" radius="0.5" length="4" />
		<capsule pos="35.64999999999999,16.5,29.9" vel="0,0,0" mass="1" elasticityCoef="1" ang="90,0,0" color="0,220,0" radius="0.5" length="4" />
		<capsule pos="35.64999999999999,16.5,32.199999999999996" vel="0,0,0" mass="1" elasticityCoef="1" ang="90,0,0" color="0,220,0" radius="0.5" length="4" />
		<capsule pos="35.64999999999999,16.5,34.49999999999999" vel="0,0,0" mass="1" elasticityCoef="1" ang="90,0,0" color="0,220,0" radius="0.5" length="4" />
		<capsule pos="35.64999999999999,16.5,36.800000000000004" vel="0,0,0" mass="1" elasticityCoef="1" ang="90,0,0" color="0,220,0" radius="0.5" length="4" />
		<capsule pos="35.64999999999999,16.5,39.1" vel="0,0,0" mass="1" elasticityCoef="1" ang="90,0,0" color="0,220,0" radius="0.5" length="4" />
		<capsule pos="35.64999999999999,16.5,41.4" vel="0,0,0" mass="1" elasticityCoef="1" ang="90,0,0" color="0,220,0" radius="0.5" length="4" />
		<capsule pos="35.64999999999999,22.0,-43.699999999999996" vel="0,0,0" mass="1" elasticityCoef="1" ang="90,0,0" color="0,220,0" radius="0.5" length="4" />
		<capsule pos="35.64999999999999,22.0,-41.4" vel="0,0,0" mass="1" elasticityCoef="1" ang="90,0,0" color="0,220,0" radius="0.5" length="4" />
		<capsule pos="35.64999999999999,22.0,-39.099999999999994" vel="0,0,0" mass="1" elasticityCoef="1" ang="90,0,0" color="0,220,0" radius="0.5" length="4" />
		<capsule pos="35.64999999999999,22.0,-36.8" vel="0,0,0" mass="1" elasticityCoef="1" ang="90,0,0" color="0,220,0" radius="0.5" length="4" />
		<capsule pos="35.64999999999999,22.0,-34.5" vel="0,0,0" mass="1" elasticityCoef="1" ang="90,0,0" color="0,220,0" radius="0.5" length="4" />
		<capsule pos="35.64999999999999,22.0,-32.199999999999996" vel="0,0,0" mass="1" elasticityCoef="1" ang="90,0,0" color="0,220,0" radius="0.5" length="4" />
		<capsule pos="35.64999999999999,22.0,-29.9" vel="0,0,0" mass="1" elasticityCoef="1" ang="90,0,0" color="0,220,0" radius="0.5" length="4" />
		<capsule pos="35.64999999999999,22.0,-27.599999999999998" vel="0,0,0" mass="1" elasticityCoef="1" ang="90,0,0" color="0,220,0" radius="0.5" length="4" />
		<capsule pos="35.64999999999999,22.0,-25.299999999999997" vel="0,0,0" mass="1" elasticityCoef="1" ang="90,0,0" color="0,220,0" radius="0.5" length="4" />
		<capsule pos="35.64999999999999,22.0,-22.999999999999996" vel="0,0,0" mass="1" elasticityCoef="1" ang="90,0,0" color="0,220,0" radius="0.5" length="4" />
		<capsule pos="35.64999999999999,22.0,-20.699999999999996" vel="0,0,0" mass="1" elasticityCoef="1" ang="90,0,0" color="0,220,0" radius="0.5" length="4" />
		<capsule pos="35.64999999999999,22.0,-18.4" vel="0,0,0" mass="1" elasticityCoef="1" ang="90,0,0" color="0,220,0" radius="0.5" length="4" />
		<capsule pos="35.64999999999999,22.0,-16.099999999999998" vel="0,0,0" mass="1" elasticityCoef="1" ang="90,0,0" color="0,220,0" radius="0.5" length="4" />
		<capsule pos="35.64999999999999,22.0,-13.799999999999997" vel="0,0,0" mass="1" elasticityCoef="1" ang="90,0,0" color="0,220,0" radius="0.5" length="4" />
		<capsule pos="35.64999999999999,22.0,-11.5" vel="0,0,0" mass="1" elasticityCoef="1" ang="90,0,0" color="0,220,0" radius="0.5" length="4" />
		<capsule pos="35.64999999999999,22.0,-9.199999999999996" vel="0,0,0" mass="1" elasticityCoef="1" ang="90,0,0" color="0,220,0" radius="0.5" length="4" />
		<capsule pos="35.64999999999999,22.0,-6.899999999999999" vel="0,0,0" mass="1" elasticityCoef="1" ang="90,0,0" color="0,220,0" radius="0.5" length="4" />
		<capsule pos="35.64999999999999,22.0,-4.600000000000001" vel="0,0,0" mass="1" elasticityCoef="1" ang="90,0,0" color="0,220,0" radius="0.5" length="4" />
		<capsule pos="35.64999999999999,22.0,-2.299999999999997" vel="0,0,0" mass="1" elasticityCoef="1" ang="90,0,0" color="0,220,0" radius="0.5" length="4" />
		<capsule pos="35.64999999999999,22.0,0.0" vel="0,0,0" mass="1" elasticityCoef="1" ang="90,0,0" color="0,220,0" radius="0.5" length="4" />
		<capsule pos="35.64999999999999,22.0,2.3000000000000043" vel="0,0,0" mass="1" elasticityCoef="1" ang="90,0,0" color="0,220,0" radius="0.5" length="4" />
		<capsule pos="35.64999999999999,22.0,4.600000000000001" vel="0,0,0" mass="1" elasticityCoef="1" ang="90,0,0" color="0,220,0" radius="0.5" length="4" />
		<capsule pos="35.64999999999999,22.0,6.899999999999999" vel="0,0,0" mass="1" elasticityCoef="1" ang="90,0,0" color="0,220,0" radius="0.5" length="4" />
		<capsule pos="35.64999999999999,22.0,9.200000000000003" vel="0,0,0" mass="1" elasticityCoef="1" ang="90,0,0" color="0,220,0" radius="0.5" length="4" />
		<capsule pos="35.64999999999999,22.0,11.5" vel="0,0,0" mass="1" elasticityCoef="1" ang="90,0,0" color="0,220,0" radius="0.5" length="4" />
		<capsule pos="35.64999999999999,22.0,13.799999999999997" vel="0,0,0" mass="1" elasticityCoef="1" ang="90,0,0" color="0,220,0" radius="0.5" length="4" />
		<capsule pos="35.64999999999999,22.0,16.1" vel="0,0,0" mass="1" elasticityCoef="1" ang="90,0,0" color="0,220,0" radius="0.5" length="4" />
		<capsule pos="35.64999999999999,22.0,18.4" vel="0,0,0" mass="1" elasticityCoef="1" ang="90,0,0" color="0,220,0" radius="0.5" length="4" />
		<capsule pos="35.64999999999999,22.0,20.699999999999996" vel="0,0,0" mass="1" elasticityCoef="1" ang="90,0,0" color="0,220,0" radius="0.5" length="4" />
		<capsule pos="35.64999999999999,22.0,22.999999999999993" vel="0,0,0" mass="1" elasticityCoef="1" ang="90,0,0" color="0,220,0" radius="0.5" length="4" />
		<capsule pos="35.64999999999999,22.0,25.300000000000004" vel="0,0,0" mass="1" elasticityCoef="1" ang="90,0,0" color="0,220,0" radius="0.5" length="4" />
		<capsule pos="35.64999999999999,22.0,27.6" vel="0,0,0" mass="1" elasticityCoef="1" ang="90,0,0" color="0,220,0" radius="0.5" length="4" />
		<capsule pos="35.64999999999999,22.0,29.9" vel="0,0,0" mass="1" elasticityCoef="1" ang="90,0,0" color="0,220,0" radius="0.5" length="4" />
		<capsule pos="35.64999999999999,22.0,32.199999999999996" vel="0,0,0" mass="1" elasticityCoef="1" ang="90,0,0" color="0,220,0" radius="0.5" length="4" />
		<capsule pos="35.64999999999999,22.0,34.49999999999999" vel="0,0,0" mass="1" elasticityCoef="1" ang="90,0,0" color="0,220,0" radius="0.5" length="4" />
		<capsule pos="35.64999999999999,22.0,36.800000000000004" vel="0,0,0" mass="1" elasticityCoef="1" ang="90,0,0" color="0,220,0" radius="0.5" length="4" />
		<capsule pos="35.64999999999999,22.0,39.1" vel="0,0,0" mass="1" elasticityCoef="1" ang="90,0,0" color="0,220,0" radius="0.5" length="4" />
		<capsule pos="35.64999999999999,22.0,41.4" vel="0,0,0" mass="1" elasticityCoef="1" ang="90,0,0" color="0,220,0" radius="0.5" length="4" />
		<capsule pos="35.64999999999999,27.5,-43.699999999999996" vel="0,0,0" mass="1" elasticityCoef="1" ang="90,0,0" color="0,220,0" radius="0.5" length="4" />
		<capsule pos="35.64999999999999,27.5,-41.4" vel="0,0,0" mass="1" elasticityCoef="1" ang="90,0,0" color="0,220,0" radius="0.5" length="4" />
		<capsule pos="35.64999999999999,27.5,-39.099999999999994" vel="0,0,0" mass="1" elasticityCoef="1" ang="90,0,0" color="0,220,0" radius="0.5" length="4" />
		<capsule pos="35.64999999999999,27.5,-36.8" vel="0,0,0" mass="1" elasticityCoef="1" ang="90,0,0" color="0,220,0" radius="0.5" length="4" />
		<capsule pos="35.64999999999999,27.5,-34.5" vel="0,0,0" mass="1" elasticityCoef="1" ang="90,0,0" color="0,220,0" radius="0.5" length="4" />
		<capsule pos="35.64999999999999,27.5,-32.199999999999996" vel="0,0,0" mass="1" elasticityCoef="1" ang="90,0,0" color="0,220,0" radius="0.5" length="4" />
		<capsule pos="35.64999999999999,27.5,-29.9" vel="0,0,0" mass="1" elasticityCoef="1" ang="90,0,0" color="0,220,0" radius="0.5" length="4" />
		<capsule pos="35.64999999999999,27.5,-27.599999999999998" vel="0,0,0" mass="1" elasticityCoef="1" ang="90,0,0" color="0,220,0" radius="0.5" length="4" />
		<capsule pos="35.64999999999999,27.5,-25.299999999999997" vel="0,0,0" mass="1" elasticityCoef="1" ang="90,0,0" color="0,220,0" radius="0.5" length="4" />
		<capsule pos="35.64999999999999,27.5,-22.999999999999996" vel="0,0,0" mass="1" elasticityCoef="1" ang="90,0,0" color="0,220,0" radius="0.5" length="4" />
		<capsule pos="35.64999999999999,27.5,-20.699999999999996" vel="0,0,0" mass="1" elasticityCoef="1" ang="90,0,0" color="0,220,0" radius="0.5" length="4" />
		<capsule pos="35.64999999999999,27.5,-18.4" vel="0,0,0" mass="1" elasticityCoef="1" ang="90,0,0" color="0,220,0" radius="0.5" length="4" />
		<capsule pos="35.64999999999999,27.5,-16.099999999999998" vel="0,0,0" mass="1" elasticityCoef="1" ang="90,0,0" color="0,220,0" radius="0.5" length="4" />
		<capsule pos="35.64999999999999,27.5,-13.799999999999997" vel="0,0,0" mass="1" elasticityCoef="1" ang="90,0,0" color="0,220,0" radius="0.5" length="4" />
		<capsule pos="35.64999999999999,27.5,-11.5" vel="0,0,0" mass="1" elasticityCoef="1" ang="90,0,0" color="0,220,0" radius="0.5" length="4" />
		<capsule pos="35.64999999999999,27.5,-9.199999999999996" vel="0,0,0" mass="1" elasticityCoef="1" ang="90,0,0" color="0,220,0" radius="0.5" length="4" />
		<capsule pos="35.64999999999999,27.5,-6.899999999999999" vel="0,0,0" mass="1" elasticityCoef="1" ang="90,0,0" color="0,220,0" radius="0.5" length="4" />
		<capsule pos="35.64999999999999,27.5,-4.600000000000001" vel="0,0,0" mass="1" elasticityCoef="1" ang="90,0,0" color="0,220,0" radius="0.5" length="4" />
		<capsule pos="35.64999999999999,27.5,-2.299999999999997" vel="0,0,0" mass="1" elasticityCoef="1" ang="90,0,0" color="0,220,0" radius="0.5" length="4" />
		<capsule pos="35.64999999999999,27.5,0.0" vel="0,0,0" mass="1" elasticityCoef="1" ang="90,0,0" color="0,220,0" radius="0.5" length="4" />
		<capsule pos="35.64999999999999,27.5,2.3000000000000043" vel="0,0,0" mass="1" elasticityCoef="1" ang="90,0,0" color="0,220,0" radius="0.5" length="4" />
		<capsule pos="35.64999999999999,27.5,4.600000000000001" vel="0,0,0" mass="1" elasticityCoef="1" ang="90,0,0" color="0,220,0" radius="0.5" length="4" />
		<capsule pos="35.64999999999999,27.5,6.899999999999999" vel="0,0,0" mass="1" elasticityCoef="1" ang="90,0,0" color="0,220,0" radius="0.5" length="4" />
		<capsule pos="35.64999999999999,27.5,9.200000000000003" vel="0,0,0" mass="1" elasticityCoef="1" ang="90,0,0" color="0,220,0" radius="0.5" length="4" />
		<capsule pos="35.64999999999999,27.5,11.5" vel="0,0,0" mass="1" elasticityCoef="1" ang="90,0,0" color="0,220,0" radius="0.5" length="4" />
		<capsule pos="35.64999999999999,27.5,13.799999999999997" vel="0,0,0" mass="1" elasticityCoef="1" ang="90,0,0" color="0,220,0" radius="0.5" length="4" />
		<capsule pos="35.64999999999999,27.5,16.1" vel="0,0,0" mass="1" elasticityCoef="1" ang="90,0,0" color="0,220,0" radius="0.5" length="4" />
		<capsule pos="35.64999999999999,27.5,18.4" vel="0,0,0" mass="1" elasticityCoef="1" ang="90,0,0" color="0,220,0" radius="0.5" length="4" />
		<capsule pos="35.64999999999999,27.5,20.699999999999996" vel="0,0,0" mass="1" elasticityCoef="1" ang="90,0,0" color="0,220,0" radius="0.5" length="4" />
		<capsule pos="35.64999999999999,27.5,22.999999999999993" vel="0,0,0" mass="1" elasticityCoef="1" ang="90,0,0" color="0,220,0" radius="0.5" length="4" />
		<capsule pos="35.64999999999999,27.5,25.300000000000004" vel="0,0,0" mass="1" elasticityCoef="1" ang="90,0,0" color="0,220,0" radius="0.5" length="4" />
		<capsule pos="35.64999999999999,27.5,27.6" vel="0,0,0" mass="1" elasticityCoef="1" ang="90,0,0" color="0,220,0" radius="0.5" length="4" />
		<capsule pos="35.64999999999999,27.5,29.9" vel="0,0,0" mass="1" elasticityCoef="1" ang="90,0,0" color="0,220,0" radius="0.5" length="4" />
		<capsule pos="35.64999999999999,27.5,32.199999999999996" vel="0,0,0" mass="1" elasticityCoef="1" ang="90,0,0" color="0,220,0" radius="0.5" length="4" />
		<capsule pos="35.64999999999999,27.5,34.49999999999999" vel="0,0,0" mass="1" elasticityCoef="1" ang="90,0,0" color="0,220,0" radius="0.5" length="4" />
		<capsule pos="35.64999999999999,27.5,36.800000000000004" vel="0,0,0" mass="1" elasticityCoef="1" ang="90,0,0" color="0,220,0" radius="0.5" length="4" />
		<capsule pos="35.64999999999999,27.5,39.1" vel="0,0,0" mass="1" elasticityCoef="1" ang="90,0,0" color="0,220,0" radius="0.5" length="4" />
		<capsule pos="35.64999999999999,27.5,41.4" vel="0,0,0" mass="1" elasticityCoef="1" ang="90,0,0" color="0,220,0" radius="0.5" length="4" />
		<capsule pos="35.64999999999999,33.0,-43.699999999999996" vel="0,0,0" mass="1" elasticityCoef="1" ang="90,0,0" color="0,220,0" radius="0.5" length="4" />
		<capsule pos="35.64999999999999,33.0,-41.4" vel="0,0,0" mass="1" elasticityCoef="1" ang="90,0,0" color="0,220,0" radius="0.5" length="4" />
		<capsule pos="35.64999999999999,33.0,-39.099999999999994" vel="0,0,0" mass="1" elasticityCoef="1" ang="90,0,0" color="0,220,0" radius="0.5" length="4" />
		<capsule pos="35.64999999999999,33.0,-36.8" vel="0,0,0" mass="1" elasticityCoef="1" ang="90,0,0" color="0,220,0" radius="0.5" length="4" />
		<capsule pos="35.64999999999999,33.0,-34.5" vel="0,0,0" mass="1" elasticityCoef="1" ang="90,0,0" color="0,220,0" radius="0.5" length="4" />
		<capsule pos="35.64999999999999,33.0,-32.199999999999996" vel="0,0,0" mass="1" elasticityCoef="1" ang="90,0,0" color="0,220,0" radius="0.5" length="4" />
		<capsule pos="35.64999999999999,33.0,-29.9" vel="0,0,0" mass="1" elasticityCoef="1" ang="90,0,0" color="0,220,0" radius="0.5" length="4" />
		<capsule pos="35.64999999999999,33.0,-27.599999999999998" vel="0,0,0" mass="1" elasticityCoef="1" ang="90,0,0" color="0,220,0" radius="0.5" length="4" />
		<capsule pos="35.64999999999999,33.0,-25.299999999999997" vel="0,0,0" mass="1" elasticityCoef="1" ang="90,0,0" color="0,220,0" radius="0.5" length="4" />
		<capsule pos="35.64999999999999,33.0,-22.999999999999996" vel="0,0,0" mass="1" elasticityCoef="1" ang="90,0,0" color="0,220,0" radius="0.5" length="4" />
		<capsule pos="35.64999999999999,33.0,-20.699999999999996" vel="0,0,0" mass="1" elasticityCoef="1" ang="90,0,0" color="0,220,0" radius="0.5" length="4" />
		<capsule pos="35.64999999999999,33.0,-18.4" vel="0,0,0" mass="1" elasticityCoef="1" ang="90,0,0" color="0,220,0" radius="0.5" length="4" />
		<capsule pos="35.64999999999999,33.0,-16.099999999999998" vel="0,0,0" mass="1" elasticityCoef="1" ang="90,0,0" color="0,220,0" radius="0.5" length="4" />
		<capsule pos="35.64999999999999,33.0,-13.799999999999997" vel="0,0,0" mass="1" elasticityCoef="1" ang="90,0,0" color="0,220,0" radius="0.5" length="4" />
		<capsule pos="35.64999999999999,33.0,-11.5" vel="0,0,0" mass="1" elasticityCoef="1" ang="90,0,0" color="0,220,0" radius="0.5" length="4" />
		<capsule pos="35.64999999999999,33.0,-9.199999999999996" vel="0,0,0" mass="1" elasticityCoef="1" ang="90,0,0" color="0,220,0" radius="0.5" length="4" />
		<capsule pos="35.64999999999999,33.0,-6.899999999999999" vel="0,0,0" mass="1" elasticityCoef="1" ang="90,0,0" color="0,220,0" radius="0.5" length="4" />
		<capsule pos="35.64999999999999,33.0,-4.600000000000001" vel="0,0,0" mass="1" elasticityCoef="1" ang="90,0,0" color="0,220,0" radius="0.5" length="4" />
		<capsule pos="35.64999999999999,33.0,-2.299999999999997" vel="0,0,0" mass="1" elasticityCoef="1" ang="90,0,0" color="0,220,0" radius="0.5" length="4" />
		<capsule pos="35.64999999999999,33.0,0.0" vel="0,0,0" mass="1" elasticityCoef="1" ang="90,0,0" color="0,220,0" radius="0.5" length="4" />
		<capsule pos="35.64999999999999,33.0,2.3000000000000043" vel="0,0,0" mass="1" elasticityCoef="1" ang="90,0,0" color="0,220,0" radius="0.5" length="4" />
		<capsule pos="35.64999999999999,33.0,4.600000000000001" vel="0,0,0" mass="1" elasticityCoef="1" ang="90,0,0" color="0,220,0" radius="0.5" length="4" />
		<capsule pos="35.64999999999999,33.0,6.899999999999999" vel="0,0,0" mass="1" elasticityCoef="1" ang="90,0,0" color="0,220,0" radius="0.5" length="4" />
		<capsule pos="35.64999999999999,33.0,9.200000000000003" vel="0,0,0" mass="1" elasticityCoef="1" ang="90,0,0" color="0,220,0" radius="0.5" length="4" />
		<capsule pos="35.64999999999999,33.0,11.5" vel="0,0,0" mass="1" elasticityCoef="1" ang="90,0,0" color="0,220,0" radius="0.5" length="4" />
		<capsule pos="35.64999999999999,33.0,13.799999999999997" vel="0,0,0" mass="1" elasticityCoef="1" ang="90,0,0" color="0,220,0" radius="0.5" length="4" />
		<capsule pos="35.64999999999999,33.0,16.1" vel="0,0,0" mass="1" elasticityCoef="1" ang="90,0,0" color="0,220,0" radius="0.5" length="4" />
		<capsule pos="35.64999999999999,33.0,18.4" vel="0,0,0" mass="1" elasticityCoef="1" ang="90,0,0" color="0,220,0" radius="0.5" length="4" />
		<capsule pos="35.64999999999999,33.0,20.699999999999996" vel="0,0,0" mass="1" elasticityCoef="1" ang="90,0,0" color="0,220,0" radius="0.5" length="4" />
		<capsule pos="35.64999999999999,33.0,22.999999999999993" vel="0,0,0" mass="1" elasticityCoef="1" ang="90,0,0" color="0,220,0" radius="0.5" length="4" />
		<capsule pos="35.64999999999999,33.0,25.300000000000004" vel="0,0,0" mass="1" elasticityCoef="1" ang="90,0,0" color="0,220,0" radius="0.5" length="4" />
		<capsule pos="35.64999999999999,33.0,27.6" vel="0,0,0" mass="1" elasticityCoef="1" ang="90,0,0" color="0,220,0" radius="0.5" length="4" />
		<capsule pos="35.64999999999999,33.0,29.9" vel="0,0,0" mass="1" elasticityCoef="1" ang="90,0,0" color="0,220,0" radius="0.5" length="4" />
		<capsule pos="35.64999999999999,33.0,32.199999999999996" vel="0,0,0" mass="1" elasticityCoef="1" ang="90,0,0" color="0,220,0" radius="0.5" length="4" />
		<capsule pos="35.64999999999999,33.0,34.49999999999999" vel="0,0,0" mass="1" elasticityCoef="1" ang="90,0,0" color="0,220,0" radius="0.5" length="4" />
		<capsule pos="35.64999999999999,33.0,36.800000000000004" vel="0,0,0" mass="1" elasticityCoef="1" ang="90,0,0" color="0,220,0" radius="0.5" length="4" />
		<capsule pos="35.64999999999999,33.0,39.1" vel="0,0,0" mass="1" elasticityCoef="1" ang="90,0,0" color="0,220,0" radius="0.5" length="4" />
		<capsule pos="35.64999999999999,33.0,41.4" vel="0,0,0" mass="1" elasticityCoef="1" ang="90,0,0" color="0,220,0" radius="0.5" length="4" />
		<capsule pos="35.64999999999999,38.5,-43.699999999999996" vel="0,0,0" mass="1" elasticityCoef="1" ang="90,0,0" color="0,220,0" radius="0.5" length="4" />
		<capsule pos="35.64999999999999,38.5,-41.4" vel="0,0,0" mass="1" elasticityCoef="1" ang="90,0,0" color="0,220,0" radius="0.5" length="4" />
		<capsule pos="35.64999999999999,38.5,-39.099999999999994" vel="0,0,0" mass="1" elasticityCoef="1" ang="90,0,0" color="0,220,0" radius="0.5" length="4" />
		<capsule pos="35.64999999999999,38.5,-36.8" vel="0,0,0" mass="1" elasticityCoef="1" ang="90,0,0" color="0,220,0" radius="0.5" length="4" />
		<capsule pos="35.64999999999999,38.5,-34.5" vel="0,0,0" mass="1" elasticityCoef="1" ang="90,0,0" color="0,220,0" radius="0.5" length="4" />
		<capsule pos="35.64999999999999,38.5,-32.199999999999996" vel="0,0,0" mass="1" elasticityCoef="1" ang="90,0,0" color="0,220,0" radius="0.5" length="4" />
		<capsule pos="35.64999999999999,38.5,-29.9" vel="0,0,0" mass="1" elasticityCoef="1" ang="90,0,0" color="0,220,0" radius="0.5" length="4" />
		<capsule pos="35.64999999999999,38.5,-27.599999999999998" vel="0,0,0" mass="1" elasticityCoef="1" ang="90,0,0" color="0,220,0" radius="0.5" length="4" />
		<capsule pos="35.64999999999999,38.5,-25.299999999999997" vel="0,0,0" mass="1" elasticityCoef="1" ang="90,0,0" color="0,220,0" radius="0.5" length="4" />
		<capsule pos="35.64999999999999,38.5,-22.999999999999996" vel="0,0,0" mass="1" elasticityCoef="1" ang="90,0,0" color="0,220,0" radius="0.5" length="4" />
		<capsule pos="35.64999999999999,38.5,-20.699999999999996" vel="0,0,0" mass="1" elasticityCoef="1" ang="90,0,0" color="0,220,0" radius="0.5" length="4" />
		<capsule pos="35.64999999999999,38.5,-18.4" vel="0,0,0" mass="1" elasticityCoef="1" ang="90,0,0" color="0,220,0" radius="0.5" length="4" />
		<capsule pos="35.64999999999999,38.5,-16.099999999999998" vel="0,0,0" mass="1" elasticityCoef="1" ang="90,0,0" color="0,220,0" radius="0.5" length="4" />
		<capsule pos="35.64999999999999,38.5,-13.799999999999997" vel="0,0,0" mass="1" elasticityCoef="1" ang="90,0,0" color="0,220,0" radius="0.5" length="4" />
		<capsule pos="35.64999999999999,38.5,-11.5" vel="0,0,0" mass="1" elasticityCoef="1" ang="90,0,0" color="0,220,0" radius="0.5" length="4" />
		<capsule pos="35.64999999999999,38.5,-9.199999999999996" vel="0,0,0" mass="1" elasticityCoef="1" ang="90,0,0" color="0,220,0" radius="0.5" length="4" />
		<capsule pos="35.64999999999999,38.5,-6.899999999999999" vel="0,0,0" mass="1" elasticityCoef="1" ang="90,0,0" color="0,220,0" radius="0.5" length="4" />
		<capsule pos="35.64999999999999,38.5,-4.600000000000001" vel="0,0,0" mass="1" elasticityCoef="1" ang="90,0,0" color="0,220,0" radius="0.5" length="4" />
		<capsule pos="35.64999999999999,38.5,-2.299999999999997" vel="0,0,0" mass="1" elasticityCoef="1" ang="90,0,0" color="0,220,0" radius="0.5" length="4" />
		<capsule pos="35.64999999999999,38.5,0.0" vel="0,0,0" mass="1" elasticityCoef="1" ang="90,0,0" color="0,220,0" radius="0.5" length="4" />
		<capsule pos="35.64999999999999,38.5,2.3000000000000043" vel="0,0,0" mass="1" elasticityCoef="1" ang="90,0,0" color="0,220,0" radius="0.5" length="4" />
		<capsule pos="35.64999999999999,38.5,4.600000000000001" vel="0,0,0" mass="1" elasticityCoef="1" ang="90,0,0" color="0,220,0" radius="0.5" length="4" />
		<capsule pos="35.64999999999999,38.5,6.899999999999999" vel="0,0,0" mass="1" elasticityCoef="1" ang="90,0,0" color="0,220,0" radius="0.5" length="4" />
		<capsule pos="35.64999999999999,38.5,9.200000000000003" vel="0,0,0" mass="1" elasticityCoef="1" ang="90,0,0" color="0,220,0" radius="0.5" length="4" />
		<capsule pos="35.64999999999999,38.5,11.5" vel="0,0,0" mass="1" elasticityCoef="1" ang="90,0,0" color="0,220,0" radius="0.5" length="4" />
		<capsule pos="35.64999999999999,38.5,13.799999999999997" vel="0,0,0" mass="1" elasticityCoef="1" ang="90,0,0" color="0,220,0" radius="0.5" length="4" />
		<capsule pos="35.64999999999999,38.5,16.1" vel="0,0,0" mass="1" elasticityCoef="1" ang="90,0,0" color="0,220,0" radius="0.5" length="4" />
		<capsule pos="35.64999999999999,38.5,18.4" vel="0,0,0" mass="1" elasticityCoef="1" ang="90,0,0" color="0,220,0" radius="0.5" length="4" />
		<capsule pos="35.64999999999999,38.5,20.699999999999996" vel="0,0,0" mass="1" elasticityCoef="1" ang="90,0,0" color="0,220,0" radius="0.5" length="4" />
		<capsule pos="35.64999999999999,38.5,22.999999999999993" vel="0,0,0" mass="1" elasticityCoef="1" ang="90,0,0" color="0,220,0" radius="0.5" length="4" />
		<capsule pos="35.64999999999999,38.5,25.300000000000004" vel="0,0,0" mass="1" elasticityCoef="1" ang="90,0,0" color="0,220,0" radius="0.5" length="4" />
		<capsule pos="35.64999999999999,38.5,27.6" vel="0,0,0" mass="1" elasticityCoef="1" ang="90,0,0" color="0,220,0" radius="0.5" length="4" />
		<capsule pos="35.64999999999999,38.5,29.9" vel="0,0,0" mass="1" elasticityCoef="1" ang="90,0,0" color="0,220,0" radius="0.5" length="4" />
		<capsule pos="35.64999999999999,38.5,32.199999999999996" vel="0,0,0" mass="1" elasticityCoef="1" ang="90,0,0" color="0,220,0" radius="0.5" length="4" />
		<capsule pos="35.64999999999999,38.5,34.49999999999999" vel="0,0,0" mass="1" elasticityCoef="1" ang="90,0,0" color="0,220,0" radius="0.5" length="4" />
		<capsule pos="35.64999999999999,38.5,36.800000000000004" vel="0,0,0" mass="1" elasticityCoef="1" ang="90,0,0" color="0,220,0" radius="0.5" length="4" />
		<capsule pos="35.64999999999999,38.5,39.1" vel="0,0,0" mass="1" elasticityCoef="1" ang="90,0,0" color="0,220,0" radius="0.5" length="4" />
		<capsule pos="35.64999999999999,38.5,41.4" vel="0,0,0" mass="1" elasticityCoef="1" ang="90,0,0" color="0,220,0" radius="0.5" length="4" />
		<capsule pos="35.64999999999999,44.0,-43.699999999999996" vel="0,0,0" mass="1" elasticityCoef="1" ang="90,0,0" color="0,220,0" radius="0.5" length="4" />
		<capsule pos="35.64999999999999,44.0,-41.4" vel="0,0,0" mass="1" elasticityCoef="1" ang="90,0,0" color="0,220,0" radius="0.5" length="4" />
		<capsule pos="35.64999999999999,44.0,-39.099999999999994" vel="0,0,0" mass="1" elasticityCoef="1" ang="90,0,0" color="0,220,0" radius="0.5" length="4" />
		<capsule pos="35.64999999999999,44.0,-36.8" vel="0,0,0" mass="1" elasticityCoef="1" ang="90,0,0" color="0,220,0" radius="0.5" length="4" />
		<capsule pos="35.64999999999999,44.0,-34.5" vel="0,0,0" mass="1" elasticityCoef="1" ang="90,0,0" color="0,220,0" radius="0.5" length="4" />
		<capsule pos="35.64999999999999,44.0,-32.199999999999996" vel="0,0,0" mass="1" elasticityCoef="1" ang="90,0,0" color="0,220,0" radius="0.5" length="4" />
		<capsule pos="35.64999999999999,44.0,-29.9" vel="0,0,0" mass="1" elasticityCoef="1" ang="90,0,0" color="0,220,0" radius="0.5" length="4" />
		<capsule pos="35.64999999999999,44.0,-27.599999999999998" vel="0,0,0" mass="1" elasticityCoef="1" ang="90,0,0" color="0,220,0" radius="0.5" length="4" />
		<capsule pos="35.64999999999999,44.0,-25.299999999999997" vel="0,0,0" mass="1" elasticityCoef="1" ang="90,0,0" color="0,220,0" radius="0.5" length="4" />
		<capsule pos="35.64999999999999,44.0,-22.999999999999996" vel="0,0,0" mass="1" elasticityCoef="1" ang="90,0,0" color="0,220,0" radius="0.5" length="4" />
		<capsule pos="35.64999999999999,44.0,-20.699999999999996" vel="0,0,0" mass="1" elasticityCoef="1" ang="90,0,0" color="0,220,0" radius="0.5" length="4" />
		<capsule pos="35.64999999999999,44.0,-18.4" vel="0,0,0" mass="1" elasticityCoef="1" ang="90,0,0" color="0,220,0" radius="0.5" length="4" />
		<capsule pos="35.64999999999999,44.0,-16.099999999999998" vel="0,0,0" mass="1" elasticityCoef="1" ang="90,0,0" color="0,220,0" radius="0.5" length="4" />
		<capsule pos="35.64999999999999,44.0,-13.799999999999997" vel="0,0,0" mass="1" elasticityCoef="1" ang="90,0,0" color="0,220,0" radius="0.5" length="4" />
		<capsule pos="35.64999999999999,44.0,-11.5" vel="0,0,0" mass="1" elasticityCoef="1" ang="90,0,0" color="0,220,0" radius="0.5" length="4" />
		<capsule pos="35.64999999999999,44.0,-9.199999999999996" vel="0,0,0" mass="1" elasticityCoef="1" ang="90,0,0" color="0,220,0" radius="0.5" length="4" />
		<capsule pos="35.64999999999999,44.0,-6.899999999999999" vel="0,0,0" mass="1" elasticityCoef="1" ang="90,0,0" color="0,220,0" radius="0.5" length="4" />
		<capsule pos="35.64999999999999,44.0,-4.600000000000001" vel="0,0,0" mass="1" elasticityCoef="1" ang="90,0,0" color="0,220,0" radius="0.5" length="4" />
		<capsule pos="35.64999999999999,44.0,-2.299999999999997" vel="0,0,0" mass="1" elasticityCoef="1" ang="90,0,0" color="0,220,0" radius="0.5" length="4" />
		<capsule pos="35.64999999999999,44.0,0.0" vel="0,0,0" mass="1" elasticityCoef="1" ang="90,0,0" color="0,220,0" radius="0.5" length="4" />
		<capsule pos="35.64999999999999,44.0,2.3000000000000043" vel="0,0,0" mass="1" elasticityCoef="1" ang="90,0,0" color="0,220,0" radius="0.5" length="4" />
		<capsule pos="35.64999999999999,44.0,4.600000000000001" vel="0,0,0" mass="1" elasticityCoef="1" ang="90,0,0" color="0,220,0" radius="0.5" length="4" />
		<capsule pos="35.64999999999999,44.0,6.899999999999999" vel="0,0,0" mass="1" elasticityCoef="1" ang="90,0,0" color="0,220,0" radius="0.5" length="4" />
		<capsule pos="35.64999999999999,44.0,9.200000000000003" vel="0,0,0" mass="1" elasticityCoef="1" ang="90,0,0" color="0,220,0" radius="0.5" length="4" />
		<capsule pos="35.64999999999999,44.0,11.5" vel="0,0,0" mass="1" elasticityCoef="1" ang="90,0,0" color="0,220,0" radius="0.5" length="4" />
		<capsule pos="35.64999999999999,44.0,13.799999999999997" vel="0,0,0" mass="1" elasticityCoef="1" ang="90,0,0" color="0,220,0" radius="0.5" length="4" />
		<capsule pos="35.64999999999999,44.0,16.1" vel="0,0,0" mass="1" elasticityCoef="1" ang="90,0,0" color="0,220,0" radius="0.5" length="4" />
		<capsule pos="35.64999999999999,44.0,18.4" vel="0,0,0" mass="1" elasticityCoef="1" ang="90,0,0" color="0,220,0" radius="0.5" length="4" />
		<capsule pos="35.64999999999999,44.0,20.699999999999996" vel="0,0,0" mass="1" elasticityCoef="1" ang="90,0,0" color="0,220,0" radius="0.5" length="4" />
		<capsule pos="35.64999999999999,44.0,22.999999999999993" vel="0,0,0" mass="1" elasticityCoef="1" ang="90,0,0" color="0,220,0" radius="0.5" length="4" />
		<capsule pos="35.64999999999999,44.0,25.300000000000004" vel="0,0,0" mass="1" elasticityCoef="1" ang="90,0,0" color="0,220,0" radius="0.5" length="4" />
		<capsule pos="35.64999999999999,44.0,27.6" vel="0,0,0" mass="1" elasticityCoef="1" ang="90,0,0" color="0,220,0" radius="0.5" length="4" />
		<capsule pos="35.64999999999999,44.0,29.9" vel="0,0,0" mass="1" elasticityCoef="1" ang="90,0,0" color="0,220,0" radius="0.5" length="4" />
		<capsule pos="35.64999999999999,44.0,32.199999999999996" vel="0,0,0" mass="1" elasticityCoef="1" ang="90,0,0" color="0,220,0" radius="0.5" length="4" />
		<capsule pos="35.64999999999999,44.0,34.49999999999999" vel="0,0,0" mass="1" elasticityCoef="1" ang="90,0,0" color="0,220,0" radius="0.5" length="4" />
		<capsule pos="35.64999999999999,44.0,36.800000000000004" vel="0,0,0" mass="1" elasticityCoef="1" ang="90,0,0" color="0,220,0" radius="0.5" length="4" />
		<capsule pos="35.64999999999999,44.0,39.1" vel="0,0,0" mass="1" elasticityCoef="1" ang="90,0,0" color="0,220,0" radius="0.5" length="4" />
		<capsule pos="35.64999999999999,44.0,41.4" vel="0,0,0" mass="1" elasticityCoef="1" ang="90,0,0" color="0,220,0" radius="0.5" length="4" />
		<capsule pos="37.95,-49.5,-43.699999999999996" vel="0,0,0" mass="1" elasticityCoef="1" ang="90,0,0" color="0,220,0" radius="0.5" length="4" />
		<capsule pos="37.95,-49.5,-41.4" vel="0,0,0" mass="1" elasticityCoef="1" ang="90,0,0" color="0,220,0" radius="0.5" length="4" />
		<capsule pos="37.95,-49.5,-39.099999999999994" vel="0,0,0" mass="1" elasticityCoef="1" ang="90,0,0" color="0,220,0" radius="0.5" length="4" />
		<capsule pos="37.95,-49.5,-36.8" vel="0,0,0" mass="1" elasticityCoef="1" ang="90,0,0" color="0,220,0" radius="0.5" length="4" />
		<capsule pos="37.95,-49.5,-34.5" vel="0,0,0" mass="1" elasticityCoef="1" ang="90,0,0" color="0,220,0" radius="0.5" length="4" />
		<capsule pos="37.95,-49.5,-32.199999999999996" vel="0,0,0" mass="1" elasticityCoef="1" ang="90,0,0" color="0,220,0" radius="0.5" length="4" />
		<capsule pos="37.95,-49.5,-29.9" vel="0,0,0" mass="1" elasticityCoef="1" ang="90,0,0" color="0,220,0" radius="0.5" length="4" />
		<capsule pos="37.95,-49.5,-27.599999999999998" vel="0,0,0" mass="1" elasticityCoef="1" ang="90,0,0" color="0,220,0" radius="0.5" length="4" />
		<capsule pos="37.95,-49.5,-25.299999999999997" vel="0,0,0" mass="1" elasticityCoef="1" ang="90,0,0" color="0,220,0" radius="0.5" length="4" />
		<capsule pos="37.95,-49.5,-22.999999999999996" vel="0,0,0" mass="1" elasticityCoef="1" ang="90,0,0" color="0,220,0" radius="0.5" length="4" />
		<capsule pos="37.95,-49.5,-20.699999999999996" vel="0,0,0" mass="1" elasticityCoef="1" ang="90,0,0" color="0,220,0" radius="0.5" length="4" />
		<capsule pos="37.95,-49.5,-18.4" vel="0,0,0" mass="1" elasticityCoef="1" ang="90,0,0" color="0,220,0" radius="0.5" length="4" />
		<capsule pos="37.95,-49.5,-16.099999999999998" vel="0,0,0" mass="1" elasticityCoef="1" ang="90,0,0" color="0,220,0" radius="0.5" length="4" />
		<capsule pos="37.95,-49.5,-13.799999999999997" vel="0,0,0" mass="1" elasticityCoef="1" ang="90,0,0" color="0,220,0" radius="0.5" length="4" />
		<capsule pos="37.95,-49.5,-11.5" vel="0,0,0" mass="1" elasticityCoef="1" ang="90,0,0" color="0,220,0" radius="0.5" length="4" />
		<capsule pos="37.95,-49.5,-9.199999999999996" vel="0,0,0" mass="1" elasticityCoef="1" ang="90,0,0" color="0,220,0" radius="0.5" length="4" />
		<capsule pos="37.95,-49.5,-6.899999999999999" vel="0,0,0" mass="1" elasticityCoef="1" ang="90,0,0" color="0,220,0" radius="0.5" length="4" />
		<capsule pos="37.95,-49.5,-4.600000000000001" vel="0,0,0" mass="1" elasticityCoef="1" ang="90,0,0" color="0,220,0" radius="0.5" length="4" />
		<capsule pos="37.95,-49.5,-2.299999999999997" vel="0,0,0" mass="1" elasticityCoef="1" ang="90,0,0" color="0,220,0" radius="0.5" length="4" />
		<capsule pos="37.95,-49.5,0.0" vel="0,0,0" mass="1" elasticityCoef="1" ang="90,0,0" color="0,220,0" radius="0.5" length="4" />
		<capsule pos="37.95,-49.5,2.3000000000000043" vel="0,0,0" mass="1" elasticityCoef="1" ang="90,0,0" color="0,220,0" radius="0.5" length="4" />
		<capsule pos="37.95,-49.5,4.600000000000001" vel="0,0,0" mass="1" elasticityCoef="1" ang="90,0,0" color="0,220,0" radius="0.5" length="4" />
		<capsule pos="37.95,-49.5,6.899999999999999" vel="0,0,0" mass="1" elasticityCoef="1" ang="90,0,0" color="0,220,0" radius="0.5" length="4" />
		<capsule pos="37.95,-49.5,9.200000000000003" vel="0,0,0" mass="1" elasticityCoef="1" ang="90,0,0" color="0,220,0" radius="0.5" length="4" />
		<capsule pos="37.95,-49.5,11.5" vel="0,0,0" mass="1" elasticityCoef="1" ang="90,0,0" color="0,220,0" radius="0.5" length="4" />
		<capsule pos="37.95,-49.5,13.799999999999997" vel="0,0,0" mass="1" elasticityCoef="1" ang="90,0,0" color="0,220,0" radius="0.5" length="4" />
		<capsule pos="37.95,-49.5,16.1" vel="0,0,0" mass="1" elasticityCoef="1" ang="90,0,0" color="0,220,0" radius="0.5" length="4" />
		<capsule pos="37.95,-49.5,18.4" vel="0,0,0" mass="1" elasticityCoef="1" ang="90,0,0" color="0,220,0" radius="0.5" length="4" />
		<capsule pos="37.95,-49.5,20.699999999999996" vel="0,0,0" mass="1" elasticityCoef="1" ang="90,0,0" color="0,220,0" radius="0.5" length="4" />
		<capsule pos="37.95,-49.5,22.999999999999993" vel="0,0,0" mass="1" elasticityCoef="1" ang="90,0,0" color="0,220,0" radius="0.5" length="4" />
		<capsule pos="37.95,-49.5,25.300000000000004" vel="0,0,0" mass="1" elasticityCoef="1" ang="90,0,0" color="0,220,0" radius="0.5" length="4" />
		<capsule pos="37.95,-49.5,27.6" vel="0,0,0" mass="1" elasticityCoef="1" ang="90,0,0" color="0,220,0" radius="0.5" length="4" />
		<capsule pos="37.95,-49.5,29.9" vel="0,0,0" mass="1" elasticityCoef="1" ang="90,0,0" color="0,220,0" radius="0.5" length="4" />
		<capsule pos="37.95,-49.5,32.199999999999996" vel="0,0,0" mass="1" elasticityCoef="1" ang="90,0,0" color="0,220,0" radius="0.5" length="4" />
		<capsule pos="37.95,-49.5,34.49999999999999" vel="0,0,0" mass="1" elasticityCoef="1" ang="90,0,0" color="0,220,0" radius="0.5" length="4" />
		<capsule pos="37.95,-49.5,36.800000000000004" vel="0,0,0" mass="1" elasticityCoef="1" ang="90,0,0" color="0,220,0" radius="0.5" length="4" />
		<capsule pos="37.95,-49.5,39.1" vel="0,0,0" mass="1" elasticityCoef="1" ang="90,0,0" color="0,220,0" radius="0.5" length="4" />
		<capsule pos="37.95,-49.5,41.4" vel="0,0,0" mass="1" elasticityCoef="1" ang="90,0,0" color="0,220,0" radius="0.5" length="4" />
		<capsule pos="37.95,-44.0,-43.699999999999996" vel="0,0,0" mass="1" elasticityCoef="1" ang="90,0,0" color="0,220,0" radius="0.5" length="4" />
		<capsule pos="37.95,-44.0,-41.4" vel="0,0,0" mass="1" elasticityCoef="1" ang="90,0,0" color="0,220,0" radius="0.5" length="4" />
		<capsule pos="37.95,-44.0,-39.099999999999994" vel="0,0,0" mass="1" elasticityCoef="1" ang="90,0,0" color="0,220,0" radius="0.5" length="4" />
		<capsule pos="37.95,-44.0,-36.8" vel="0,0,0" mass="1" elasticityCoef="1" ang="90,0,0" color="0,220,0" radius="0.5" length="4" />
		<capsule pos="37.95,-44.0,-34.5" vel="0,0,0" mass="1" elasticityCoef="1" ang="90,0,0" color="0,220,0" radius="0.5" length="4" />
		<capsule pos="37.95,-44.0,-32.199999999999996" vel="0,0,0" mass="1" elasticityCoef="1" ang="90,0,0" color="0,220,0" radius="0.5" length="4" />
		<capsule pos="37.95,-44.0,-29.9" vel="0,0,0" mass="1" elasticityCoef="1" ang="90,0,0" color="0,220,0" radius="0.5" length="4" />
		<capsule pos="37.95,-44.0,-27.599999999999998" vel="0,0,0" mass="1" elasticityCoef="1" ang="90,0,0" color="0,220,0" radius="0.5" length="4" />
		<capsule pos="37.95,-44.0,-25.299999999999997" vel="0,0,0" mass="1" elasticityCoef="1" ang="90,0,0" color="0,220,0" radius="0.5" length="4" />
		<capsule pos="37.95,-44.0,-22.999999999999996" vel="0,0,0" mass="1" elasticityCoef="1" ang="90,0,0" color="0,220,0" radius="0.5" length="4" />
		<capsule pos="37.95,-44.0,-20.699999999999996" vel="0,0,0" mass="1" elasticityCoef="1" ang="90,0,0" color="0,220,0" radius="0.5" length="4" />
		<capsule pos="37.95,-44.0,-18.4" vel="0,0,0" mass="1" elasticityCoef="1" ang="90,0,0" color="0,220,0" radius="0.5" length="4" />
		<capsule pos="37.95,-44.0,-16.099999999999998" vel="0,0,0" mass="1" elasticityCoef="1" ang="90,0,0" color="0,220,0" radius="0.5" length="4" />
		<capsule pos="37.95,-44.0,-13.799999999999997" vel="0,0,0" mass="1" elasticityCoef="1" ang="90,0,0" color="0,220,0" radius="0.5" length="4" />
		<capsule pos="37.95,-44.0,-11.5" vel="0,0,0" mass="1" elasticityCoef="1" ang="90,0,0" color="0,220,0" radius="0.5" length="4" />
		<capsule pos="37.95,-44.0,-9.199999999999996" vel="0,0,0" mass="1" elasticityCoef="1" ang="90,0,0" color="0,220,0" radius="0.5" length="4" />
		<capsule pos="37.95,-44.0,-6.899999999999999" vel="0,0,0" mass="1" elasticityCoef="1" ang="90,0,0" color="0,220,0" radius="0.5" length="4" />
		<capsule pos="37.95,-44.0,-4.600000000000001" vel="0,0,0" mass="1" elasticityCoef="1" ang="90,0,0" color="0,220,0" radius="0.5" length="4" />
		<capsule pos="37.95,-44.0,-2.299999999999997" vel="0,0,0" mass="1" elasticityCoef="1" ang="90,0,0" color="0,220,0" radius="0.5" length="4" />
		<capsule pos="37.95,-44.0,0.0" vel="0,0,0" mass="1" elasticityCoef="1" ang="90,0,0" color="0,220,0" radius="0.5" length="4" />
		<capsule pos="37.95,-44.0,2.3000000000000043" vel="0,0,0" mass="1" elasticityCoef="1" ang="90,0,0" color="0,220,0" radius="0.5" length="4" />
		<capsule pos="37.95,-44.0,4.600000000000001" vel="0,0,0" mass="1" elasticityCoef="1" ang="90,0,0" color="0,220,0" radius="0.5" length="4" />
		<capsule pos="37.95,-44.0,6.899999999999999" vel="0,0,0" mass="1" elasticityCoef="1" ang="90,0,0" color="0,220,0" radius="0.5" length="4" />
		<capsule pos="37.95,-44.0,9.200000000000003" vel="0,0,0" mass="1" elasticityCoef="1" ang="90,0,0" color="0,220,0" radius="0.5" length="4" />
		<capsule pos="37.95,-44.0,11.5" vel="0,0,0" mass="1" elasticityCoef="1" ang="90,0,0" color="0,220,0" radius="0.5" length="4" />
		<capsule pos="37.95,-44.0,13.799999999999997" vel="0,0,0" mass="1" elasticityCoef="1" ang="90,0,0" color="0,220,0" radius="0.5" length="4" />
		<capsule pos="37.95,-44.0,16.1" vel="0,0,0" mass="1" elasticityCoef="1" ang="90,0,0" color="0,220,0" radius="0.5" length="4" />
		<capsule pos="37.95,-44.0,18.4" vel="0,0,0" mass="1" elasticityCoef="1" ang="90,0,0" color="0,220,0" radius="0.5" length="4" />
		<capsule pos="37.95,-44.0,20.699999999999996" vel="0,0,0" mass="1" elasticityCoef="1" ang="90,0,0" color="0,220,0" radius="0.5" length="4" />
		<capsule pos="37.95,-44.0,22.999999999999993" vel="0,0,0" mass="1" elasticityCoef="1" ang="90,0,0" color="0,220,0" radius="0.5" length="4" />
		<capsule pos="37.95,-44.0,25.300000000000004" vel="0,0,0" mass="1" elasticityCoef="1" ang="90,0,0" color="0,220,0" radius="0.5" length="4" />
		<capsule pos="37.95,-44.0,27.6" vel="0,0,0" mass="1" elasticityCoef="1" ang="90,0,0" color="0,220,0" radius="0.5" length="4" />
		<capsule pos="37.95,-44.0,29.9" vel="0,0,0" mass="1" elasticityCoef="1" ang="90,0,0" color="0,220,0" radius="0.5" length="4" />
		<capsule pos="37.95,-44.0,32.199999999999996" vel="0,0,0" mass="1" elasticityCoef="1" ang="90,0,0" color="0,220,0" radius="0.5" length="4" />
		<capsule pos="37.95,-44.0,34.49999999999999" vel="0,0,0" mass="1" elasticityCoef="1" ang="90,0,0" color="0,220,0" radius="0.5" length="4" />
		<capsule pos="37.95,-44.0,36.800000000000004" vel="0,0,0" mass="1" elasticityCoef="1" ang="90,0,0" color="0,220,0" radius="0.5" length="4" />
		<capsule pos="37.95,-44.0,39.1" vel="0,0,0" mass="1" elasticityCoef="1" ang="90,0,0" color="0,220,0" radius="0.5" length="4" />
		<capsule pos="37.95,-44.0,41.4" vel="0,0,0" mass="1" elasticityCoef="1" ang="90,0,0" color="0,220,0" radius="0.5" length="4" />
		<capsule pos="37.95,-38.5,-43.699999999999996" vel="0,0,0" mass="1" elasticityCoef="1" ang="90,0,0" color="0,220,0" radius="0.5" length="4" />
		<capsule pos="37.95,-38.5,-41.4" vel="0,0,0" mass="1" elasticityCoef="1" ang="90,0,0" color="0,220,0" radius="0.5" length="4" />
		<capsule pos="37.95,-38.5,-39.099999999999994" vel="0,0,0" mass="1" elasticityCoef="1" ang="90,0,0" color="0,220,0" radius="0.5" length="4" />
		<capsule pos="37.95,-38.5,-36.8" vel="0,0,0" mass="1" elasticityCoef="1" ang="90,0,0" color="0,220,0" radius="0.5" length="4" />
		<capsule pos="37.95,-38.5,-34.5" vel="0,0,0" mass="1" elasticityCoef="1" ang="90,0,0" color="0,220,0" radius="0.5" length="4" />
		<capsule pos="37.95,-38.5,-32.199999999999996" vel="0,0,0" mass="1" elasticityCoef="1" ang="90,0,0" color="0,220,0" radius="0.5" length="4" />
		<capsule pos="37.95,-38.5,-29.9" vel="0,0,0" mass="1" elasticityCoef="1" ang="90,0,0" color="0,220,0" radius="0.5" length="4" />
		<capsule pos="37.95,-38.5,-27.599999999999998" vel="0,0,0" mass="1" elasticityCoef="1" ang="90,0,0" color="0,220,0" radius="0.5" length="4" />
		<capsule pos="37.95,-38.5,-25.299999999999997" vel="0,0,0" mass="1" elasticityCoef="1" ang="90,0,0" color="0,220,0" radius="0.5" length="4" />
		<capsule pos="37.95,-38.5,-22.999999999999996" vel="0,0,0" mass="1" elasticityCoef="1" ang="90,0,0" color="0,220,0" radius="0.5" length="4" />
		<capsule pos="37.95,-38.5,-20.699999999999996" vel="0,0,0" mass="1" elasticityCoef="1" ang="90,0,0" color="0,220,0" radius="0.5" length="4" />
		<capsule pos="37.95,-38.5,-18.4" vel="0,0,0" mass="1" elasticityCoef="1" ang="90,0,0" color="0,220,0" radius="0.5" length="4" />
		<capsule pos="37.95,-38.5,-16.099999999999998" vel="0,0,0" mass="1" elasticityCoef="1" ang="90,0,0" color="0,220,0" radius="0.5" length="4" />
		<capsule pos="37.95,-38.5,-13.799999999999997" vel="0,0,0" mass="1" elasticityCoef="1" ang="90,0,0" color="0,220,0" radius="0.5" length="4" />
		<capsule pos="37.95,-38.5,-11.5" vel="0,0,0" mass="1" elasticityCoef="1" ang="90,0,0" color="0,220,0" radius="0.5" length="4" />
		<capsule pos="37.95,-38.5,-9.199999999999996" vel="0,0,0" mass="1" elasticityCoef="1" ang="90,0,0" color="0,220,0" radius="0.5" length="4" />
		<capsule pos="37.95,-38.5,-6.899999999999999" vel="0,0,0" mass="1" elasticityCoef="1" ang="90,0,0" color="0,220,0" radius="0.5" length="4" />
		<capsule pos="37.95,-38.5,-4.600000000000001" vel="0,0,0" mass="1" elasticityCoef="1" ang="90,0,0" color="0,220,0" radius="0.5" length="4" />
		<capsule pos="37.95,-38.5,-2.299999999999997" vel="0,0,0" mass="1" elasticityCoef="1" ang="90,0,0" color="0,220,0" radius="0.5" length="4" />
		<capsule pos="37.95,-38.5,0.0" vel="0,0,0" mass="1" elasticityCoef="1" ang="90,0,0" color="0,220,0" radius="0.5" length="4" />
		<capsule pos="37.95,-38.5,2.3000000000000043" vel="0,0,0" mass="1" elasticityCoef="1" ang="90,0,0" color="0,220,0" radius="0.5" length="4" />
		<capsule pos="37.95,-38.5,4.600000000000001" vel="0,0,0" mass="1" elasticityCoef="1" ang="90,0,0" color="0,220,0" radius="0.5" length="4" />
		<capsule pos="37.95,-38.5,6.899999999999999" vel="0,0,0" mass="1" elasticityCoef="1" ang="90,0,0" color="0,220,0" radius="0.5" length="4" />
		<capsule pos="37.95,-38.5,9.200000000000003" vel="0,0,0" mass="1" elasticityCoef="1" ang="90,0,0" color="0,220,0" radius="0.5" length="4" />
		<capsule pos="37.95,-38.5,11.5" vel="0,0,0" mass="1" elasticityCoef="1" ang="90,0,0" color="0,220,0" radius="0.5" length="4" />
		<capsule pos="37.95,-38.5,13.799999999999997" vel="0,0,0" mass="1" elasticityCoef="1" ang="90,0,0" color="0,220,0" radius="0.5" length="4" />
		<capsule pos="37.95,-38.5,16.1" vel="0,0,0" mass="1" elasticityCoef="1" ang="90,0,0" color="0,220,0" radius="0.5" length="4" />
		<capsule pos="37.95,-38.5,18.4" vel="0,0,0" mass="1" elasticityCoef="1" ang="90,0,0" color="0,220,0" radius="0.5" length="4" />
		<capsule pos="37.95,-38.5,20.699999999999996" vel="0,0,0" mass="1" elasticityCoef="1" ang="90,0,0" color="0,220,0" radius="0.5" length="4" />
		<capsule pos="37.95,-38.5,22.999999999999993" vel="0,0,0" mass="1" elasticityCoef="1" ang="90,0,0" color="0,220,0" radius="0.5" length="4" />
		<capsule pos="37.95,-38.5,25.300000000000004" vel="0,0,0" mass="1" elasticityCoef="1" ang="90,0,0" color="0,220,0" radius="0.5" length="4" />
		<capsule pos="37.95,-38.5,27.6" vel="0,0,0" mass="1" elasticityCoef="1" ang="90,0,0" color="0,220,0" radius="0.5" length="4" />
		<capsule pos="37.95,-38.5,29.9" vel="0,0,0" mass="1" elasticityCoef="1" ang="90,0,0" color="0,220,0" radius="0.5" length="4" />
		<capsule pos="37.95,-38.5,32.199999999999996" vel="0,0,0" mass="1" elasticityCoef="1" ang="90,0,0" color="0,220,0" radius="0.5" length="4" />
		<capsule pos="37.95,-38.5,34.49999999999999" vel="0,0,0" mass="1" elasticityCoef="1" ang="90,0,0" color="0,220,0" radius="0.5" length="4" />
		<capsule pos="37.95,-38.5,36.800000000000004" vel="0,0,0" mass="1" elasticityCoef="1" ang="90,0,0" color="0,220,0" radius="0.5" length="4" />
		<capsule pos="37.95,-38.5,39.1" vel="0,0,0" mass="1" elasticityCoef="1" ang="90,0,0" color="0,220,0" radius="0.5" length="4" />
		<capsule pos="37.95,-38.5,41.4" vel="0,0,0" mass="1" elasticityCoef="1" ang="90,0,0" color="0,220,0" radius="0.5" length="4" />
		<capsule pos="37.95,-33.0,-43.699999999999996" vel="0,0,0" mass="1" elasticityCoef="1" ang="90,0,0" color="0,220,0" radius="0.5" length="4" />
		<capsule pos="37.95,-33.0,-41.4" vel="0,0,0" mass="1" elasticityCoef="1" ang="90,0,0" color="0,220,0" radius="0.5" length="4" />
		<capsule pos="37.95,-33.0,-39.099999999999994" vel="0,0,0" mass="1" elasticityCoef="1" ang="90,0,0" color="0,220,0" radius="0.5" length="4" />
		<capsule pos="37.95,-33.0,-36.8" vel="0,0,0" mass="1" elasticityCoef="1" ang="90,0,0" color="0,220,0" radius="0.5" length="4" />
		<capsule pos="37.95,-33.0,-34.5" vel="0,0,0" mass="1" elasticityCoef="1" ang="90,0,0" color="0,220,0" radius="0.5" length="4" />
		<capsule pos="37.95,-33.0,-32.199999999999996" vel="0,0,0" mass="1" elasticityCoef="1" ang="90,0,0" color="0,220,0" radius="0.5" length="4" />
		<capsule pos="37.95,-33.0,-29.9" vel="0,0,0" mass="1" elasticityCoef="1" ang="90,0,0" color="0,220,0" radius="0.5" length="4" />
		<capsule pos="37.95,-33.0,-27.599999999999998" vel="0,0,0" mass="1" elasticityCoef="1" ang="90,0,0" color="0,220,0" radius="0.5" length="4" />
		<capsule pos="37.95,-33.0,-25.299999999999997" vel="0,0,0" mass="1" elasticityCoef="1" ang="90,0,0" color="0,220,0" radius="0.5" length="4" />
		<capsule pos="37.95,-33.0,-22.999999999999996" vel="0,0,0" mass="1" elasticityCoef="1" ang="90,0,0" color="0,220,0" radius="0.5" length="4" />
		<capsule pos="37.95,-33.0,-20.699999999999996" vel="0,0,0" mass="1" elasticityCoef="1" ang="90,0,0" color="0,220,0" radius="0.5" length="4" />
		<capsule pos="37.95,-33.0,-18.4" vel="0,0,0" mass="1" elasticityCoef="1" ang="90,0,0" color="0,220,0" radius="0.5" length="4" />
		<capsule pos="37.95,-33.0,-16.099999999999998" vel="0,0,0" mass="1" elasticityCoef="1" ang="90,0,0" color="0,220,0" radius="0.5" length="4" />
		<capsule pos="37.95,-33.0,-13.799999999999997" vel="0,0,0" mass="1" elasticityCoef="1" ang="90,0,0" color="0,220,0" radius="0.5" length="4" />
		<capsule pos="37.95,-33.0,-11.5" vel="0,0,0" mass="1" elasticityCoef="1" ang="90,0,0" color="0,220,0" radius="0.5" length="4" />
		<capsule pos="37.95,-33.0,-9.199999999999996" vel="0,0,0" mass="1" elasticityCoef="1" ang="90,0,0" color="0,220,0" radius="0.5" length="4" />
		<capsule pos="37.95,-33.0,-6.899999999999999" vel="0,0,0" mass="1" elasticityCoef="1" ang="90,0,0" color="0,220,0" radius="0.5" length="4" />
		<capsule pos="37.95,-33.0,-4.600000000000001" vel="0,0,0" mass="1" elasticityCoef="1" ang="90,0,0" color="0,220,0" radius="0.5" length="4" />
		<capsule pos="37.95,-33.0,-2.299999999999997" vel="0,0,0" mass="1" elasticityCoef="1" ang="90,0,0" color="0,220,0" radius="0.5" length="4" />
		<capsule pos="37.95,-33.0,0.0" vel="0,0,0" mass="1" elasticityCoef="1" ang="90,0,0" color="0,220,0" radius="0.5" length="4" />
		<capsule pos="37.95,-33.0,2.3000000000000043" vel="0,0,0" mass="1" elasticityCoef="1" ang="90,0,0" color="0,220,0" radius="0.5" length="4" />
		<capsule pos="37.95,-33.0,4.600000000000001" vel="0,0,0" mass="1" elasticityCoef="1" ang="90,0,0" color="0,220,0" radius="0.5" length="4" />
		<capsule pos="37.95,-33.0,6.899999999999999" vel="0,0,0" mass="1" elasticityCoef="1" ang="90,0,0" color="0,220,0" radius="0.5" length="4" />
		<capsule pos="37.95,-33.0,9.200000000000003" vel="0,0,0" mass="1" elasticityCoef="1" ang="90,0,0" color="0,220,0" radius="0.5" length="4" />
		<capsule pos="37.95,-33.0,11.5" vel="0,0,0" mass="1" elasticityCoef="1" ang="90,0,0" color="0,220,0" radius="0.5" length="4" />
		<capsule pos="37.95,-33.0,13.799999999999997" vel="0,0,0" mass="1" elasticityCoef="1" ang="90,0,0" color="0,220,0" radius="0.5" length="4" />
		<capsule pos="37.95,-33.0,16.1" vel="0,0,0" mass="1" elasticityCoef="1" ang="90,0,0" color="0,220,0" radius="0.5" length="4" />
		<capsule pos="37.95,-33.0,18.4" vel="0,0,0" mass="1" elasticityCoef="1" ang="90,0,0" color="0,220,0" radius="0.5" length="4" />
		<capsule pos="37.95,-33.0,20.699999999999996" vel="0,0,0" mass="1" elasticityCoef="1" ang="90,0,0" color="0,220,0" radius="0.5" length="4" />
		<capsule pos="37.95,-33.0,22.999999999999993" vel="0,0,0" mass="1" elasticityCoef="1" ang="90,0,0" color="0,220,0" radius="0.5" length="4" />
		<capsule pos="37.95,-33.0,25.300000000000004" vel="0,0,0" mass="1" elasticityCoef="1" ang="90,0,0" color="0,220,0" radius="0.5" length="4" />
		<capsule pos="37.95,-33.0,27.6" vel="0,0,0" mass="1" elasticityCoef="1" ang="90,0,0" color="0,220,0" radius="0.5" length="4" />
		<capsule pos="37.95,-33.0,29.9" vel="0,0,0" mass="1" elasticityCoef="1" ang="90,0,0" color="0,220,0" radius="0.5" length="4" />
		<capsule pos="37.95,-33.0,32.199999999999996" vel="0,0,0" mass="1" elasticityCoef="1" ang="90,0,0" color="0,220,0" radius="0.5" length="4" />
		<capsule pos="37.95,-33.0,34.49999999999999" vel="0,0,0" mass="1" elasticityCoef="1" ang="90,0,0" color="0,220,0" radius="0.5" length="4" />
		<capsule pos="37.95,-33.0,36.800000000000004" vel="0,0,0" mass="1" elasticityCoef="1" ang="90,0,0" color="0,220,0" radius="0.5" length="4" />
		<capsule pos="37.95,-33.0,39.1" vel="0,0,0" mass="1" elasticityCoef="1" ang="90,0,0" color="0,220,0" radius="0.5" length="4" />
		<capsule pos="37.95,-33.0,41.4" vel="0,0,0" mass="1" elasticityCoef="1" ang="90,0,0" color="0,220,0" radius="0.5" length="4" />
		<capsule pos="37.95,-27.5,-43.699999999999996" vel="0,0,0" mass="1" elasticityCoef="1" ang="90,0,0" color="0,220,0" radius="0.5" length="4" />
		<capsule pos="37.95,-27.5,-41.4" vel="0,0,0" mass="1" elasticityCoef="1" ang="90,0,0" color="0,220,0" radius="0.5" length="4" />
		<capsule pos="37.95,-27.5,-39.099999999999994" vel="0,0,0" mass="1" elasticityCoef="1" ang="90,0,0" color="0,220,0" radius="0.5" length="4" />
		<capsule pos="37.95,-27.5,-36.8" vel="0,0,0" mass="1" elasticityCoef="1" ang="90,0,0" color="0,220,0" radius="0.5" length="4" />
		<capsule pos="37.95,-27.5,-34.5" vel="0,0,0" mass="1" elasticityCoef="1" ang="90,0,0" color="0,220,0" radius="0.5" length="4" />
		<capsule pos="37.95,-27.5,-32.199999999999996" vel="0,0,0" mass="1" elasticityCoef="1" ang="90,0,0" color="0,220,0" radius="0.5" length="4" />
		<capsule pos="37.95,-27.5,-29.9" vel="0,0,0" mass="1" elasticityCoef="1" ang="90,0,0" color="0,220,0" radius="0.5" length="4" />
		<capsule pos="37.95,-27.5,-27.599999999999998" vel="0,0,0" mass="1" elasticityCoef="1" ang="90,0,0" color="0,220,0" radius="0.5" length="4" />
		<capsule pos="37.95,-27.5,-25.299999999999997" vel="0,0,0" mass="1" elasticityCoef="1" ang="90,0,0" color="0,220,0" radius="0.5" length="4" />
		<capsule pos="37.95,-27.5,-22.999999999999996" vel="0,0,0" mass="1" elasticityCoef="1" ang="90,0,0" color="0,220,0" radius="0.5" length="4" />
		<capsule pos="37.95,-27.5,-20.699999999999996" vel="0,0,0" mass="1" elasticityCoef="1" ang="90,0,0" color="0,220,0" radius="0.5" length="4" />
		<capsule pos="37.95,-27.5,-18.4" vel="0,0,0" mass="1" elasticityCoef="1" ang="90,0,0" color="0,220,0" radius="0.5" length="4" />
		<capsule pos="37.95,-27.5,-16.099999999999998" vel="0,0,0" mass="1" elasticityCoef="1" ang="90,0,0" color="0,220,0" radius="0.5" length="4" />
		<capsule pos="37.95,-27.5,-13.799999999999997" vel="0,0,0" mass="1" elasticityCoef="1" ang="90,0,0" color="0,220,0" radius="0.5" length="4" />
		<capsule pos="37.95,-27.5,-11.5" vel="0,0,0" mass="1" elasticityCoef="1" ang="90,0,0" color="0,220,0" radius="0.5" length="4" />
		<capsule pos="37.95,-27.5,-9.199999999999996" vel="0,0,0" mass="1" elasticityCoef="1" ang="90,0,0" color="0,220,0" radius="0.5" length="4" />
		<capsule pos="37.95,-27.5,-6.899999999999999" vel="0,0,0" mass="1" elasticityCoef="1" ang="90,0,0" color="0,220,0" radius="0.5" length="4" />
		<capsule pos="37.95,-27.5,-4.600000000000001" vel="0,0,0" mass="1" elasticityCoef="1" ang="90,0,0" color="0,220,0" radius="0.5" length="4" />
		<capsule pos="37.95,-27.5,-2.299999999999997" vel="0,0,0" mass="1" elasticityCoef="1" ang="90,0,0" color="0,220,0" radius="0.5" length="4" />
		<capsule pos="37.95,-27.5,0.0" vel="0,0,0" mass="1" elasticityCoef="1" ang="90,0,0" color="0,220,0" radius="0.5" length="4" />
		<capsule pos="37.95,-27.5,2.3000000000000043" vel="0,0,0" mass="1" elasticityCoef="1" ang="90,0,0" color="0,220,0" radius="0.5" length="4" />
		<capsule pos="37.95,-27.5,4.600000000000001" vel="0,0,0" mass="1" elasticityCoef="1" ang="90,0,0" color="0,220,0" radius="0.5" length="4" />
		<capsule pos="37.95,-27.5,6.899999999999999" vel="0,0,0" mass="1" elasticityCoef="1" ang="90,0,0" color="0,220,0" radius="0.5" length="4" />
		<capsule pos="37.95,-27.5,9.200000000000003" vel="0,0,0" mass="1" elasticityCoef="1" ang="90,0,0" color="0,220,0" radius="0.5" length="4" />
		<capsule pos="37.95,-27.5,11.5" vel="0,0,0" mass="1" elasticityCoef="1" ang="90,0,0" color="0,220,0" radius="0.5" length="4" />
		<capsule pos="37.95,-27.5,13.799999999999997" vel="0,0,0" mass="1" elasticityCoef="1" ang="90,0,0" color="0,220,0" radius="0.5" length="4" />
		<capsule pos="37.95,-27.5,16.1" vel="0,0,0" mass="1" elasticityCoef="1" ang="90,0,0" color="0,220,0" radius="0.5" length="4" />
		<capsule pos="37.95,-27.5,18.4" vel="0,0,0" mass="1" elasticityCoef="1" ang="90,0,0" color="0,220,0" radius="0.5" length="4" />
		<capsule pos="37.95,-27.5,20.699999999999996" vel="0,0,0" mass="1" elasticityCoef="1" ang="90,0,0" color="0,220,0" radius="0.5" length="4" />
		<capsule pos="37.95,-27.5,22.999999999999993" vel="0,0,0" mass="1" elasticityCoef="1" ang="90,0,0" color="0,220,0" radius="0.5" length="4" />
		<capsule pos="37.95,-27.5,25.300000000000004" vel="0,0,0" mass="1" elasticityCoef="1" ang="90,0,0" color="0,220,0" radius="0.5" length="4" />
		<capsule pos="37.95,-27.5,27.6" vel="0,0,0" mass="1" elasticityCoef="1" ang="90,0,0" color="0,220,0" radius="0.5" length="4" />
		<capsule pos="37.95,-27.5,29.9" vel="0,0,0" mass="1" elasticityCoef="1" ang="90,0,0" color="0,220,0" radius="0.5" length="4" />
		<capsule pos="37.95,-27.5,32.199999999999996" vel="0,0,0" mass="1" elasticityCoef="1" ang="90,0,0" color="0,220,0" radius="0.5" length="4" />
		<capsule pos="37.95,-27.5,34.49999999999999" vel="0,0,0" mass="1" elasticityCoef="1" ang="90,0,0" color="0,220,0" radius="0.5" length="4" />
		<capsule pos="37.95,-27.5,36.800000000000004" vel="0,0,0" mass="1" elasticityCoef="1" ang="90,0,0" color="0,220,0" radius="0.5" length="4" />
		<capsule pos="37.95,-27.5,39.1" vel="0,0,0" mass="1" elasticityCoef="1" ang="90,0,0" color="0,220,0" radius="0.5" length="4" />
		<capsule pos="37.95,-27.5,41.4" vel="0,0,0" mass="1" elasticityCoef="1" ang="90,0,0" color="0,220,0" radius="0.5" length="4" />
		<capsule pos="37.95,-22.0,-43.699999999999996" vel="0,0,0" mass="1" elasticityCoef="1" ang="90,0,0" color="0,220,0" radius="0.5" length="4" />
		<capsule pos="37.95,-22.0,-41.4" vel="0,0,0" mass="1" elasticityCoef="1" ang="90,0,0" color="0,220,0" radius="0.5" length="4" />
		<capsule pos="37.95,-22.0,-39.099999999999994" vel="0,0,0" mass="1" elasticityCoef="1" ang="90,0,0" color="0,220,0" radius="0.5" length="4" />
		<capsule pos="37.95,-22.0,-36.8" vel="0,0,0" mass="1" elasticityCoef="1" ang="90,0,0" color="0,220,0" radius="0.5" length="4" />
		<capsule pos="37.95,-22.0,-34.5" vel="0,0,0" mass="1" elasticityCoef="1" ang="90,0,0" color="0,220,0" radius="0.5" length="4" />
		<capsule pos="37.95,-22.0,-32.199999999999996" vel="0,0,0" mass="1" elasticityCoef="1" ang="90,0,0" color="0,220,0" radius="0.5" length="4" />
		<capsule pos="37.95,-22.0,-29.9" vel="0,0,0" mass="1" elasticityCoef="1" ang="90,0,0" color="0,220,0" radius="0.5" length="4" />
		<capsule pos="37.95,-22.0,-27.599999999999998" vel="0,0,0" mass="1" elasticityCoef="1" ang="90,0,0" color="0,220,0" radius="0.5" length="4" />
		<capsule pos="37.95,-22.0,-25.299999999999997" vel="0,0,0" mass="1" elasticityCoef="1" ang="90,0,0" color="0,220,0" radius="0.5" length="4" />
		<capsule pos="37.95,-22.0,-22.999999999999996" vel="0,0,0" mass="1" elasticityCoef="1" ang="90,0,0" color="0,220,0" radius="0.5" length="4" />
		<capsule pos="37.95,-22.0,-20.699999999999996" vel="0,0,0" mass="1" elasticityCoef="1" ang="90,0,0" color="0,220,0" radius="0.5" length="4" />
		<capsule pos="37.95,-22.0,-18.4" vel="0,0,0" mass="1" elasticityCoef="1" ang="90,0,0" color="0,220,0" radius="0.5" length="4" />
		<capsule pos="37.95,-22.0,-16.099999999999998" vel="0,0,0" mass="1" elasticityCoef="1" ang="90,0,0" color="0,220,0" radius="0.5" length="4" />
		<capsule pos="37.95,-22.0,-13.799999999999997" vel="0,0,0" mass="1" elasticityCoef="1" ang="90,0,0" color="0,220,0" radius="0.5" length="4" />
		<capsule pos="37.95,-22.0,-11.5" vel="0,0,0" mass="1" elasticityCoef="1" ang="90,0,0" color="0,220,0" radius="0.5" length="4" />
		<capsule pos="37.95,-22.0,-9.199999999999996" vel="0,0,0" mass="1" elasticityCoef="1" ang="90,0,0" color="0,220,0" radius="0.5" length="4" />
		<capsule pos="37.95,-22.0,-6.899999999999999" vel="0,0,0" mass="1" elasticityCoef="1" ang="90,0,0" color="0,220,0" radius="0.5" length="4" />
		<capsule pos="37.95,-22.0,-4.600000000000001" vel="0,0,0" mass="1" elasticityCoef="1" ang="90,0,0" color="0,220,0" radius="0.5" length="4" />
		<capsule pos="37.95,-22.0,-2.299999999999997" vel="0,0,0" mass="1" elasticityCoef="1" ang="90,0,0" color="0,220,0" radius="0.5" length="4" />
		<capsule pos="37.95,-22.0,0.0" vel="0,0,0" mass="1" elasticityCoef="1" ang="90,0,0" color="0,220,0" radius="0.5" length="4" />
		<capsule pos="37.95,-22.0,2.3000000000000043" vel="0,0,0" mass="1" elasticityCoef="1" ang="90,0,0" color="0,220,0" radius="0.5" length="4" />
		<capsule pos="37.95,-22.0,4.600000000000001" vel="0,0,0" mass="1" elasticityCoef="1" ang="90,0,0" color="0,220,0" radius="0.5" length="4" />
		<capsule pos="37.95,-22.0,6.899999999999999" vel="0,0,0" mass="1" elasticityCoef="1" ang="90,0,0" color="0,220,0" radius="0.5" length="4" />
		<capsule pos="37.95,-22.0,9.200000000000003" vel="0,0,0" mass="1" elasticityCoef="1" ang="90,0,0" color="0,220,0" radius="0.5" length="4" />
		<capsule pos="37.95,-22.0,11.5" vel="0,0,0" mass="1" elasticityCoef="1" ang="90,0,0" color="0,220,0" radius="0.5" length="4" />
		<capsule pos="37.95,-22.0,13.799999999999997" vel="0,0,0" mass="1" elasticityCoef="1" ang="90,0,0" color="0,220,0" radius="0.5" length="4" />
		<capsule pos="37.95,-22.0,16.1" vel="0,0,0" mass="1" elasticityCoef="1" ang="90,0,0" color="0,220,0" radius="0.5" length="4" />
		<capsule pos="37.95,-22.0,18.4" vel="0,0,0" mass="1" elasticityCoef="1" ang="90,0,0" color="0,220,0" radius="0.5" length="4" />
		<capsule pos="37.95,-22.0,20.699999999999996" vel="0,0,0" mass="1" elasticityCoef="1" ang="90,0,0" color="0,220,0" radius="0.5" length="4" />
		<capsule pos="37.95,-22.0,22.999999999999993" vel="0,0,0" mass="1" elasticityCoef="1" ang="90,0,0" color="0,220,0" radius="0.5" length="4" />
		<capsule pos="37.95,-22.0,25.300000000000004" vel="0,0,0" mass="1" elasticityCoef="1" ang="90,0,0" color="0,220,0" radius="0.5" length="4" />
		<capsule pos="37.95,-22.0,27.6" vel="0,0,0" mass="1" elasticityCoef="1" ang="90,0,0" color="0,220,0" radius="0.5" length="4" />
		<capsule pos="37.95,-22.0,29.9" vel="0,0,0" mass="1" elasticityCoef="1" ang="90,0,0" color="0,220,0" radius="0.5" length="4" />
		<capsule pos="37.95,-22.0,32.199999999999996" vel="0,0,0" mass="1" elasticityCoef="1" ang="90,0,0" color="0,220,0" radius="0.5" length="4" />
		<capsule pos="37.95,-22.0,34.49999999999999" vel="0,0,0" mass="1" elasticityCoef="1" ang="90,0,0" color="0,220,0" radius="0.5" length="4" />
		<capsule pos="37.95,-22.0,36.800000000000004" vel="0,0,0" mass="1" elasticityCoef="1" ang="90,0,0" color="0,220,0" radius="0.5" length="4" />
		<capsule pos="37.95,-22.0,39.1" vel="0,0,0" mass="1" elasticityCoef="1" ang="90,0,0" color="0,220,0" radius="0.5" length="4" />
		<capsule pos="37.95,-22.0,41.4" vel="0,0,0" mass="1" elasticityCoef="1" ang="90,0,0" color="0,220,0" radius="0.5" length="4" />
		<capsule pos="37.95,-16.5,-43.699999999999996" vel="0,0,0" mass="1" elasticityCoef="1" ang="90,0,0" color="0,220,0" radius="0.5" length="4" />
		<capsule pos="37.95,-16.5,-41.4" vel="0,0,0" mass="1" elasticityCoef="1" ang="90,0,0" color="0,220,0" radius="0.5" length="4" />
		<capsule pos="37.95,-16.5,-39.099999999999994" vel="0,0,0" mass="1" elasticityCoef="1" ang="90,0,0" color="0,220,0" radius="0.5" length="4" />
		<capsule pos="37.95,-16.5,-36.8" vel="0,0,0" mass="1" elasticityCoef="1" ang="90,0,0" color="0,220,0" radius="0.5" length="4" />
		<capsule pos="37.95,-16.5,-34.5" vel="0,0,0" mass="1" elasticityCoef="1" ang="90,0,0" color="0,220,0" radius="0.5" length="4" />
		<capsule pos="37.95,-16.5,-32.199999999999996" vel="0,0,0" mass="1" elasticityCoef="1" ang="90,0,0" color="0,220,0" radius="0.5" length="4" />
		<capsule pos="37.95,-16.5,-29.9" vel="0,0,0" mass="1" elasticityCoef="1" ang="90,0,0" color="0,220,0" radius="0.5" length="4" />
		<capsule pos="37.95,-16.5,-27.599999999999998" vel="0,0,0" mass="1" elasticityCoef="1" ang="90,0,0" color="0,220,0" radius="0.5" length="4" />
		<capsule pos="37.95,-16.5,-25.299999999999997" vel="0,0,0" mass="1" elasticityCoef="1" ang="90,0,0" color="0,220,0" radius="0.5" length="4" />
		<capsule pos="37.95,-16.5,-22.999999999999996" vel="0,0,0" mass="1" elasticityCoef="1" ang="90,0,0" color="0,220,0" radius="0.5" length="4" />
		<capsule pos="37.95,-16.5,-20.699999999999996" vel="0,0,0" mass="1" elasticityCoef="1" ang="90,0,0" color="0,220,0" radius="0.5" length="4" />
		<capsule pos="37.95,-16.5,-18.4" vel="0,0,0" mass="1" elasticityCoef="1" ang="90,0,0" color="0,220,0" radius="0.5" length="4" />
		<capsule pos="37.95,-16.5,-16.099999999999998" vel="0,0,0" mass="1" elasticityCoef="1" ang="90,0,0" color="0,220,0" radius="0.5" length="4" />
		<capsule pos="37.95,-16.5,-13.799999999999997" vel="0,0,0" mass="1" elasticityCoef="1" ang="90,0,0" color="0,220,0" radius="0.5" length="4" />
		<capsule pos="37.95,-16.5,-11.5" vel="0,0,0" mass="1" elasticityCoef="1" ang="90,0,0" color="0,220,0" radius="0.5" length="4" />
		<capsule pos="37.95,-16.5,-9.199999999999996" vel="0,0,0" mass="1" elasticityCoef="1" ang="90,0,0" color="0,220,0" radius="0.5" length="4" />
		<capsule pos="37.95,-16.5,-6.899999999999999" vel="0,0,0" mass="1" elasticityCoef="1" ang="90,0,0" color="0,220,0" radius="0.5" length="4" />
		<capsule pos="37.95,-16.5,-4.600000000000001" vel="0,0,0" mass="1" elasticityCoef="1" ang="90,0,0" color="0,220,0" radius="0.5" length="4" />
		<capsule pos="37.95,-16.5,-2.299999999999997" vel="0,0,0" mass="1" elasticityCoef="1" ang="90,0,0" color="0,220,0" radius="0.5" length="4" />
		<capsule pos="37.95,-16.5,0.0" vel="0,0,0" mass="1" elasticityCoef="1" ang="90,0,0" color="0,220,0" radius="0.5" length="4" />
		<capsule pos="37.95,-16.5,2.3000000000000043" vel="0,0,0" mass="1" elasticityCoef="1" ang="90,0,0" color="0,220,0" radius="0.5" length="4" />
		<capsule pos="37.95,-16.5,4.600000000000001" vel="0,0,0" mass="1" elasticityCoef="1" ang="90,0,0" color="0,220,0" radius="0.5" length="4" />
		<capsule pos="37.95,-16.5,6.899999999999999" vel="0,0,0" mass="1" elasticityCoef="1" ang="90,0,0" color="0,220,0" radius="0.5" length="4" />
		<capsule pos="37.95,-16.5,9.200000000000003" vel="0,0,0" mass="1" elasticityCoef="1" ang="90,0,0" color="0,220,0" radius="0.5" length="4" />
		<capsule pos="37.95,-16.5,11.5" vel="0,0,0" mass="1" elasticityCoef="1" ang="90,0,0" color="0,220,0" radius="0.5" length="4" />
		<capsule pos="37.95,-16.5,13.799999999999997" vel="0,0,0" mass="1" elasticityCoef="1" ang="90,0,0" color="0,220,0" radius="0.5" length="4" />
		<capsule pos="37.95,-16.5,16.1" vel="0,0,0" mass="1" elasticityCoef="1" ang="90,0,0" color="0,220,0" radius="0.5" length="4" />
		<capsule pos="37.95,-16.5,18.4" vel="0,0,0" mass="1" elasticityCoef="1" ang="90,0,0" color="0,220,0" radius="0.5" length="4" />
		<capsule pos="37.95,-16.5,20.699999999999996" vel="0,0,0" mass="1" elasticityCoef="1" ang="90,0,0" color="0,220,0" radius="0.5" length="4" />
		<capsule pos="37.95,-16.5,22.999999999999993" vel="0,0,0" mass="1" elasticityCoef="1" ang="90,0,0" color="0,220,0" radius="0.5" length="4" />
		<capsule pos="37.95,-16.5,25.300000000000004" vel="0,0,0" mass="1" elasticityCoef="1" ang="90,0,0" color="0,220,0" radius="0.5" length="4" />
		<capsule pos="37.95,-16.5,27.6" vel="0,0,0" mass="1" elasticityCoef="1" ang="90,0,0" color="0,220,0" radius="0.5" length="4" />
		<capsule pos="37.95,-16.5,29.9" vel="0,0,0" mass="1" elasticityCoef="1" ang="90,0,0" color="0,220,0" radius="0.5" length="4" />
		<capsule pos="37.95,-16.5,32.199999999999996" vel="0,0,0" mass="1" elasticityCoef="1" ang="90,0,0" color="0,220,0" radius="0.5" length="4" />
		<capsule pos="37.95,-16.5,34.49999999999999" vel="0,0,0" mass="1" elasticityCoef="1" ang="90,0,0" color="0,220,0" radius="0.5" length="4" />
		<capsule pos="37.95,-16.5,36.800000000000004" vel="0,0,0" mass="1" elasticityCoef="1" ang="90,0,0" color="0,220,0" radius="0.5" length="4" />
		<capsule pos="37.95,-16.5,39.1" vel="0,0,0" mass="1" elasticityCoef="1" ang="90,0,0" color="0,220,0" radius="0.5" length="4" />
		<capsule pos="37.95,-16.5,41.4" vel="0,0,0" mass="1" elasticityCoef="1" ang="90,0,0" color="0,220,0" radius="0.5" length="4" />
		<capsule pos="37.95,-11.0,-43.699999999999996" vel="0,0,0" mass="1" elasticityCoef="1" ang="90,0,0" color="0,220,0" radius="0.5" length="4" />
		<capsule pos="37.95,-11.0,-41.4" vel="0,0,0" mass="1" elasticityCoef="1" ang="90,0,0" color="0,220,0" radius="0.5" length="4" />
		<capsule pos="37.95,-11.0,-39.099999999999994" vel="0,0,0" mass="1" elasticityCoef="1" ang="90,0,0" color="0,220,0" radius="0.5" length="4" />
		<capsule pos="37.95,-11.0,-36.8" vel="0,0,0" mass="1" elasticityCoef="1" ang="90,0,0" color="0,220,0" radius="0.5" length="4" />
		<capsule pos="37.95,-11.0,-34.5" vel="0,0,0" mass="1" elasticityCoef="1" ang="90,0,0" color="0,220,0" radius="0.5" length="4" />
		<capsule pos="37.95,-11.0,-32.199999999999996" vel="0,0,0" mass="1" elasticityCoef="1" ang="90,0,0" color="0,220,0" radius="0.5" length="4" />
		<capsule pos="37.95,-11.0,-29.9" vel="0,0,0" mass="1" elasticityCoef="1" ang="90,0,0" color="0,220,0" radius="0.5" length="4" />
		<capsule pos="37.95,-11.0,-27.599999999999998" vel="0,0,0" mass="1" elasticityCoef="1" ang="90,0,0" color="0,220,0" radius="0.5" length="4" />
		<capsule pos="37.95,-11.0,-25.299999999999997" vel="0,0,0" mass="1" elasticityCoef="1" ang="90,0,0" color="0,220,0" radius="0.5" length="4" />
		<capsule pos="37.95,-11.0,-22.999999999999996" vel="0,0,0" mass="1" elasticityCoef="1" ang="90,0,0" color="0,220,0" radius="0.5" length="4" />
		<capsule pos="37.95,-11.0,-20.699999999999996" vel="0,0,0" mass="1" elasticityCoef="1" ang="90,0,0" color="0,220,0" radius="0.5" length="4" />
		<capsule pos="37.95,-11.0,-18.4" vel="0,0,0" mass="1" elasticityCoef="1" ang="90,0,0" color="0,220,0" radius="0.5" length="4" />
		<capsule pos="37.95,-11.0,-16.099999999999998" vel="0,0,0" mass="1" elasticityCoef="1" ang="90,0,0" color="0,220,0" radius="0.5" length="4" />
		<capsule pos="37.95,-11.0,-13.799999999999997" vel="0,0,0" mass="1" elasticityCoef="1" ang="90,0,0" color="0,220,0" radius="0.5" length="4" />
		<capsule pos="37.95,-11.0,-11.5" vel="0,0,0" mass="1" elasticityCoef="1" ang="90,0,0" color="0,220,0" radius="0.5" length="4" />
		<capsule pos="37.95,-11.0,-9.199999999999996" vel="0,0,0" mass="1" elasticityCoef="1" ang="90,0,0" color="0,220,0" radius="0.5" length="4" />
		<capsule pos="37.95,-11.0,-6.899999999999999" vel="0,0,0" mass="1" elasticityCoef="1" ang="90,0,0" color="0,220,0" radius="0.5" length="4" />
		<capsule pos="37.95,-11.0,-4.600000000000001" vel="0,0,0" mass="1" elasticityCoef="1" ang="90,0,0" color="0,220,0" radius="0.5" length="4" />
		<capsule pos="37.95,-11.0,-2.299999999999997" vel="0,0,0" mass="1" elasticityCoef="1" ang="90,0,0" color="0,220,0" radius="0.5" length="4" />
		<capsule pos="37.95,-11.0,0.0" vel="0,0,0" mass="1" elasticityCoef="1" ang="90,0,0" color="0,220,0" radius="0.5" length="4" />
		<capsule pos="37.95,-11.0,2.3000000000000043" vel="0,0,0" mass="1" elasticityCoef="1" ang="90,0,0" color="0,220,0" radius="0.5" length="4" />
		<capsule pos="37.95,-11.0,4.600000000000001" vel="0,0,0" mass="1" elasticityCoef="1" ang="90,0,0" color="0,220,0" radius="0.5" length="4" />
		<capsule pos="37.95,-11.0,6.899999999999999" vel="0,0,0" mass="1" elasticityCoef="1" ang="90,0,0" color="0,220,0" radius="0.5" length="4" />
		<capsule pos="37.95,-11.0,9.200000000000003" vel="0,0,0" mass="1" elasticityCoef="1" ang="90,0,0" color="0,220,0" radius="0.5" length="4" />
		<capsule pos="37.95,-11.0,11.5" vel="0,0,0" mass="1" elasticityCoef="1" ang="90,0,0" color="0,220,0" radius="0.5" length="4" />
		<capsule pos="37.95,-11.0,13.799999999999997" vel="0,0,0" mass="1" elasticityCoef="1" ang="90,0,0" color="0,220,0" radius="0.5" length="4" />
		<capsule pos="37.95,-11.0,16.1" vel="0,0,0" mass="1" elasticityCoef="1" ang="90,0,0" color="0,220,0" radius="0.5" length="4" />
		<capsule pos="37.95,-11.0,18.4" vel="0,0,0" mass="1" elasticityCoef="1" ang="90,0,0" color="0,220,0" radius="0.5" length="4" />
		<capsule pos="37.95,-11.0,20.699999999999996" vel="0,0,0" mass="1" elasticityCoef="1" ang="90,0,0" color="0,220,0" radius="0.5" length="4" />
		<capsule pos="37.95,-11.0,22.999999999999993" vel="0,0,0" mass="1" elasticityCoef="1" ang="90,0,0" color="0,220,0" radius="0.5" length="4" />
		<capsule pos="37.95,-11.0,25.300000000000004" vel="0,0,0" mass="1" elasticityCoef="1" ang="90,0,0" color="0,220,0" radius="0.5" length="4" />
		<capsule pos="37.95,-11.0,27.6" vel="0,0,0" mass="1" elasticityCoef="1" ang="90,0,0" color="0,220,0" radius="0.5" length="4" />
		<capsule pos="37.95,-11.0,29.9" vel="0,0,0" mass="1" elasticityCoef="1" ang="90,0,0" color="0,220,0" radius="0.5" length="4" />
		<capsule pos="37.95,-11.0,32.199999999999996" vel="0,0,0" mass="1" elasticityCoef="1" ang="90,0,0" color="0,220,0" radius="0.5" length="4" />
		<capsule pos="37.95,-11.0,34.49999999999999" vel="0,0,0" mass="1" elasticityCoef="1" ang="90,0,0" color="0,220,0" radius="0.5" length="4" />
		<capsule pos="37.95,-11.0,36.800000000000004" vel="0,0,0" mass="1" elasticityCoef="1" ang="90,0,0" color="0,220,0" radius="0.5" length="4" />
		<capsule pos="37.95,-11.0,39.1" vel="0,0,0" mass="1" elasticityCoef="1" ang="90,0,0" color="0,220,0" radius="0.5" length="4" />
		<capsule pos="37.95,-11.0,41.4" vel="0,0,0" mass="1" elasticityCoef="1" ang="90,0,0" color="0,220,0" radius="0.5" length="4" />
		<capsule pos="37.95,-5.5,-43.699999999999996" vel="0,0,0" mass="1" elasticityCoef="1" ang="90,0,0" color="0,220,0" radius="0.5" length="4" />
		<capsule pos="37.95,-5.5,-41.4" vel="0,0,0" mass="1" elasticityCoef="1" ang="90,0,0" color="0,220,0" radius="0.5" length="4" />
		<capsule pos="37.95,-5.5,-39.099999999999994" vel="0,0,0" mass="1" elasticityCoef="1" ang="90,0,0" color="0,220,0" radius="0.5" length="4" />
		<capsule pos="37.95,-5.5,-36.8" vel="0,0,0" mass="1" elasticityCoef="1" ang="90,0,0" color="0,220,0" radius="0.5" length="4" />
		<capsule pos="37.95,-5.5,-34.5" vel="0,0,0" mass="1" elasticityCoef="1" ang="90,0,0" color="0,220,0" radius="0.5" length="4" />
		<capsule pos="37.95,-5.5,-32.199999999999996" vel="0,0,0" mass="1" elasticityCoef="1" ang="90,0,0" color="0,220,0" radius="0.5" length="4" />
		<capsule pos="37.95,-5.5,-29.9" vel="0,0,0" mass="1" elasticityCoef="1" ang="90,0,0" color="0,220,0" radius="0.5" length="4" />
		<capsule pos="37.95,-5.5,-27.599999999999998" vel="0,0,0" mass="1" elasticityCoef="1" ang="90,0,0" color="0,220,0" radius="0.5" length="4" />
		<capsule pos="37.95,-5.5,-25.299999999999997" vel="0,0,0" mass="1" elasticityCoef="1" ang="90,0,0" color="0,220,0" radius="0.5" length="4" />
		<capsule pos="37.95,-5.5,-22.999999999999996" vel="0,0,0" mass="1" elasticityCoef="1" ang="90,0,0" color="0,220,0" radius="0.5" length="4" />
		<capsule pos="37.95,-5.5,-20.699999999999996" vel="0,0,0" mass="1" elasticityCoef="1" ang="90,0,0" color="0,220,0" radius="0.5" length="4" />
		<capsule pos="37.95,-5.5,-18.4" vel="0,0,0" mass="1" elasticityCoef="1" ang="90,0,0" color="0,220,0" radius="0.5" length="4" />
		<capsule pos="37.95,-5.5,-16.099999999999998" vel="0,0,0" mass="1" elasticityCoef="1" ang="90,0,0" color="0,220,0" radius="0.5" length="4" />
		<capsule pos="37.95,-5.5,-13.799999999999997" vel="0,0,0" mass="1" elasticityCoef="1" ang="90,0,0" color="0,220,0" radius="0.5" length="4" />
		<capsule pos="37.95,-5.5,-11.5" vel="0,0,0" mass="1" elasticityCoef="1" ang="90,0,0" color="0,220,0" radius="0.5" length="4" />
		<capsule pos="37.95,-5.5,-9.199999999999996" vel="0,0,0" mass="1" elasticityCoef="1" ang="90,0,0" color="0,220,0" radius="0.5" length="4" />
		<capsule pos="37.95,-5.5,-6.899999999999999" vel="0,0,0" mass="1" elasticityCoef="1" ang="90,0,0" color="0,220,0" radius="0.5" length="4" />
		<capsule pos="37.95,-5.5,-4.600000000000001" vel="0,0,0" mass="1" elasticityCoef="1" ang="90,0,0" color="0,220,0" radius="0.5" length="4" />
		<capsule pos="37.95,-5.5,-2.299999999999997" vel="0,0,0" mass="1" elasticityCoef="1" ang="90,0,0" color="0,220,0" radius="0.5" length="4" />
		<capsule pos="37.95,-5.5,0.0" vel="0,0,0" mass="1" elasticityCoef="1" ang="90,0,0" color="0,220,0" radius="0.5" length="4" />
		<capsule pos="37.95,-5.5,2.3000000000000043" vel="0,0,0" mass="1" elasticityCoef="1" ang="90,0,0" color="0,220,0" radius="0.5" length="4" />
		<capsule pos="37.95,-5.5,4.600000000000001" vel="0,0,0" mass="1" elasticityCoef="1" ang="90,0,0" color="0,220,0" radius="0.5" length="4" />
		<capsule pos="37.95,-5.5,6.899999999999999" vel="0,0,0" mass="1" elasticityCoef="1" ang="90,0,0" color="0,220,0" radius="0.5" length="4" />
		<capsule pos="37.95,-5.5,9.200000000000003" vel="0,0,0" mass="1" elasticityCoef="1" ang="90,0,0" color="0,220,0" radius="0.5" length="4" />
		<capsule pos="37.95,-5.5,11.5" vel="0,0,0" mass="1" elasticityCoef="1" ang="90,0,0" color="0,220,0" radius="0.5" length="4" />
		<capsule pos="37.95,-5.5,13.799999999999997" vel="0,0,0" mass="1" elasticityCoef="1" ang="90,0,0" color="0,220,0" radius="0.5" length="4" />
		<capsule pos="37.95,-5.5,16.1" vel="0,0,0" mass="1" elasticityCoef="1" ang="90,0,0" color="0,220,0" radius="0.5" length="4" />
		<capsule pos="37.95,-5.5,18.4" vel="0,0,0" mass="1" elasticityCoef="1" ang="90,0,0" color="0,220,0" radius="0.5" length="4" />
		<capsule pos="37.95,-5.5,20.699999999999996" vel="0,0,0" mass="1" elasticityCoef="1" ang="90,0,0" color="0,220,0" radius="0.5" length="4" />
		<capsule pos="37.95,-5.5,22.999999999999993" vel="0,0,0" mass="1" elasticityCoef="1" ang="90,0,0" color="0,220,0" radius="0.5" length="4" />
		<capsule pos="37.95,-5.5,25.300000000000004" vel="0,0,0" mass="1" elasticityCoef="1" ang="90,0,0" color="0,220,0" radius="0.5" length="4" />
		<capsule pos="37.95,-5.5,27.6" vel="0,0,0" mass="1" elasticityCoef="1" ang="90,0,0" color="0,220,0" radius="0.5" length="4" />
		<capsule pos="37.95,-5.5,29.9" vel="0,0,0" mass="1" elasticityCoef="1" ang="90,0,0" color="0,220,0" radius="0.5" length="4" />
		<capsule pos="37.95,-5.5,32.199999999999996" vel="0,0,0" mass="1" elasticityCoef="1" ang="90,0,0" color="0,220,0" radius="0.5" length="4" />
		<capsule pos="37.95,-5.5,34.49999999999999" vel="0,0,0" mass="1" elasticityCoef="1" ang="90,0,0" color="0,220,0" radius="0.5" length="4" />
		<capsule pos="37.95,-5.5,36.800000000000004" vel="0,0,0" mass="1" elasticityCoef="1" ang="90,0,0" color="0,220,0" radius="0.5" length="4" />
		<capsule pos="37.95,-5.5,39.1" vel="0,0,0" mass="1" elasticityCoef="1" ang="90,0,0" color="0,220,0" radius="0.5" length="4" />
		<capsule pos="37.95,-5.5,41.4" vel="0,0,0" mass="1" elasticityCoef="1" ang="90,0,0" color="0,220,0" radius="0.5" length="4" />
		<capsule pos="37.95,0.0,-43.699999999999996" vel="0,0,0" mass="1" elasticityCoef="1" ang="90,0,0" color="0,220,0" radius="0.5" length="4" />
		<capsule pos="37.95,0.0,-41.4" vel="0,0,0" mass="1" elasticityCoef="1" ang="90,0,0" color="0,220,0" radius="0.5" length="4" />
		<capsule pos="37.95,0.0,-39.099999999999994" vel="0,0,0" mass="1" elasticityCoef="1" ang="90,0,0" color="0,220,0" radius="0.5" length="4" />
		<capsule pos="37.95,0.0,-36.8" vel="0,0,0" mass="1" elasticityCoef="1" ang="90,0,0" color="0,220,0" radius="0.5" length="4" />
		<capsule pos="37.95,0.0,-34.5" vel="0,0,0" mass="1" elasticityCoef="1" ang="90,0,0" color="0,220,0" radius="0.5" length="4" />
		<capsule pos="37.95,0.0,-32.199999999999996" vel="0,0,0" mass="1" elasticityCoef="1" ang="90,0,0" color="0,220,0" radius="0.5" length="4" />
		<capsule pos="37.95,0.0,-29.9" vel="0,0,0" mass="1" elasticityCoef="1" ang="90,0,0" color="0,220,0" radius="0.5" length="4" />
		<capsule pos="37.95,0.0,-27.599999999999998" vel="0,0,0" mass="1" elasticityCoef="1" ang="90,0,0" color="0,220,0" radius="0.5" length="4" />
		<capsule pos="37.95,0.0,-25.299999999999997" vel="0,0,0" mass="1" elasticityCoef="1" ang="90,0,0" color="0,220,0" radius="0.5" length="4" />
		<capsule pos="37.95,0.0,-22.999999999999996" vel="0,0,0" mass="1" elasticityCoef="1" ang="90,0,0" color="0,220,0" radius="0.5" length="4" />
		<capsule pos="37.95,0.0,-20.699999999999996" vel="0,0,0" mass="1" elasticityCoef="1" ang="90,0,0" color="0,220,0" radius="0.5" length="4" />
		<capsule pos="37.95,0.0,-18.4" vel="0,0,0" mass="1" elasticityCoef="1" ang="90,0,0" color="0,220,0" radius="0.5" length="4" />
		<capsule pos="37.95,0.0,-16.099999999999998" vel="0,0,0" mass="1" elasticityCoef="1" ang="90,0,0" color="0,220,0" radius="0.5" length="4" />
		<capsule pos="37.95,0.0,-13.799999999999997" vel="0,0,0" mass="1" elasticityCoef="1" ang="90,0,0" color="0,220,0" radius="0.5" length="4" />
		<capsule pos="37.95,0.0,-11.5" vel="0,0,0" mass="1" elasticityCoef="1" ang="90,0,0" color="0,220,0" radius="0.5" length="4" />
		<capsule pos="37.95,0.0,-9.199999999999996" vel="0,0,0" mass="1" elasticityCoef="1" ang="90,0,0" color="0,220,0" radius="0.5" length="4" />
		<capsule pos="37.95,0.0,-6.899999999999999" vel="0,0,0" mass="1" elasticityCoef="1" ang="90,0,0" color="0,220,0" radius="0.5" length="4" />
		<capsule pos="37.95,0.0,-4.600000000000001" vel="0,0,0" mass="1" elasticityCoef="1" ang="90,0,0" color="0,220,0" radius="0.5" length="4" />
		<capsule pos="37.95,0.0,-2.299999999999997" vel="0,0,0" mass="1" elasticityCoef="1" ang="90,0,0" color="0,220,0" radius="0.5" length="4" />
		<capsule pos="37.95,0.0,0.0" vel="0,0,0" mass="1" elasticityCoef="1" ang="90,0,0" color="0,220,0" radius="0.5" length="4" />
		<capsule pos="37.95,0.0,2.3000000000000043" vel="0,0,0" mass="1" elasticityCoef="1" ang="90,0,0" color="0,220,0" radius="0.5" length="4" />
		<capsule pos="37.95,0.0,4.600000000000001" vel="0,0,0" mass="1" elasticityCoef="1" ang="90,0,0" color="0,220,0" radius="0.5" length="4" />
		<capsule pos="37.95,0.0,6.899999999999999" vel="0,0,0" mass="1" elasticityCoef="1" ang="90,0,0" color="0,220,0" radius="0.5" length="4" />
		<capsule pos="37.95,0.0,9.200000000000003" vel="0,0,0" mass="1" elasticityCoef="1" ang="90,0,0" color="0,220,0" radius="0.5" length="4" />
		<capsule pos="37.95,0.0,11.5" vel="0,0,0" mass="1" elasticityCoef="1" ang="90,0,0" color="0,220,0" radius="0.5" length="4" />
		<capsule pos="37.95,0.0,13.799999999999997" vel="0,0,0" mass="1" elasticityCoef="1" ang="90,0,0" color="0,220,0" radius="0.5" length="4" />
		<capsule pos="37.95,0.0,16.1" vel="0,0,0" mass="1" elasticityCoef="1" ang="90,0,0" color="0,220,0" radius="0.5" length="4" />
		<capsule pos="37.95,0.0,18.4" vel="0,0,0" mass="1" elasticityCoef="1" ang="90,0,0" color="0,220,0" radius="0.5" length="4" />
		<capsule pos="37.95,0.0,20.699999999999996" vel="0,0,0" mass="1" elasticityCoef="1" ang="90,0,0" color="0,220,0" radius="0.5" length="4" />
		<capsule pos="37.95,0.0,22.999999999999993" vel="0,0,0" mass="1" elasticityCoef="1" ang="90,0,0" color="0,220,0" radius="0.5" length="4" />
		<capsule pos="37.95,0.0,25.300000000000004" vel="0,0,0" mass="1" elasticityCoef="1" ang="90,0,0" color="0,220,0" radius="0.5" length="4" />
		<capsule pos="37.95,0.0,27.6" vel="0,0,0" mass="1" elasticityCoef="1" ang="90,0,0" color="0,220,0" radius="0.5" length="4" />
		<capsule pos="37.95,0.0,29.9" vel="0,0,0" mass="1" elasticityCoef="1" ang="90,0,0" color="0,220,0" radius="0.5" length="4" />
		<capsule pos="37.95,0.0,32.199999999999996" vel="0,0,0" mass="1" elasticityCoef="1" ang="90,0,0" color="0,220,0" radius="0.5" length="4" />
		<capsule pos="37.95,0.0,34.49999999999999" vel="0,0,0" mass="1" elasticityCoef="1" ang="90,0,0" color="0,220,0" radius="0.5" length="4" />
		<capsule pos="37.95,0.0,36.800000000000004" vel="0,0,0" mass="1" elasticityCoef="1" ang="90,0,0" color="0,220,0" radius="0.5" length="4" />
		<capsule pos="37.95,0.0,39.1" vel="0,0,0" mass="1" elasticityCoef="1" ang="90,0,0" color="0,220,0" radius="0.5" length="4" />
		<capsule pos="37.95,0.0,41.4" vel="0,0,0" mass="1" elasticityCoef="1" ang="90,0,0" color="0,220,0" radius="0.5" length="4" />
		<capsule pos="37.95,5.5,-43.699999999999996" vel="0,0,0" mass="1" elasticityCoef="1" ang="90,0,0" color="0,220,0" radius="0.5" length="4" />
		<capsule pos="37.95,5.5,-41.4" vel="0,0,0" mass="1" elasticityCoef="1" ang="90,0,0" color="0,220,0" radius="0.5" length="4" />
		<capsule pos="37.95,5.5,-39.099999999999994" vel="0,0,0" mass="1" elasticityCoef="1" ang="90,0,0" color="0,220,0" radius="0.5" length="4" />
		<capsule pos="37.95,5.5,-36.8" vel="0,0,0" mass="1" elasticityCoef="1" ang="90,0,0" color="0,220,0" radius="0.5" length="4" />
		<capsule pos="37.95,5.5,-34.5" vel="0,0,0" mass="1" elasticityCoef="1" ang="90,0,0" color="0,220,0" radius="0.5" length="4" />
		<capsule pos="37.95,5.5,-32.199999999999996" vel="0,0,0" mass="1" elasticityCoef="1" ang="90,0,0" color="0,220,0" radius="0.5" length="4" />
		<capsule pos="37.95,5.5,-29.9" vel="0,0,0" mass="1" elasticityCoef="1" ang="90,0,0" color="0,220,0" radius="0.5" length="4" />
		<capsule pos="37.95,5.5,-27.599999999999998" vel="0,0,0" mass="1" elasticityCoef="1" ang="90,0,0" color="0,220,0" radius="0.5" length="4" />
		<capsule pos="37.95,5.5,-25.299999999999997" vel="0,0,0" mass="1" elasticityCoef="1" ang="90,0,0" color="0,220,0" radius="0.5" length="4" />
		<capsule pos="37.95,5.5,-22.999999999999996" vel="0,0,0" mass="1" elasticityCoef="1" ang="90,0,0" color="0,220,0" radius="0.5" length="4" />
		<capsule pos="37.95,5.5,-20.699999999999996" vel="0,0,0" mass="1" elasticityCoef="1" ang="90,0,0" color="0,220,0" radius="0.5" length="4" />
		<capsule pos="37.95,5.5,-18.4" vel="0,0,0" mass="1" elasticityCoef="1" ang="90,0,0" color="0,220,0" radius="0.5" length="4" />
		<capsule pos="37.95,5.5,-16.099999999999998" vel="0,0,0" mass="1" elasticityCoef="1" ang="90,0,0" color="0,220,0" radius="0.5" length="4" />
		<capsule pos="37.95,5.5,-13.799999999999997" vel="0,0,0" mass="1" elasticityCoef="1" ang="90,0,0" color="0,220,0" radius="0.5" length="4" />
		<capsule pos="37.95,5.5,-11.5" vel="0,0,0" mass="1" elasticityCoef="1" ang="90,0,0" color="0,220,0" radius="0.5" length="4" />
		<capsule pos="37.95,5.5,-9.199999999999996" vel="0,0,0" mass="1" elasticityCoef="1" ang="90,0,0" color="0,220,0" radius="0.5" length="4" />
		<capsule pos="37.95,5.5,-6.899999999999999" vel="0,0,0" mass="1" elasticityCoef="1" ang="90,0,0" color="0,220,0" radius="0.5" length="4" />
		<capsule pos="37.95,5.5,-4.600000000000001" vel="0,0,0" mass="1" elasticityCoef="1" ang="90,0,0" color="0,220,0" radius="0.5" length="4" />
		<capsule pos="37.95,5.5,-2.299999999999997" vel="0,0,0" mass="1" elasticityCoef="1" ang="90,0,0" color="0,220,0" radius="0.5" length="4" />
		<capsule pos="37.95,5.5,0.0" vel="0,0,0" mass="1" elasticityCoef="1" ang="90,0,0" color="0,220,0" radius="0.5" length="4" />
		<capsule pos="37.95,5.5,2.3000000000000043" vel="0,0,0" mass="1" elasticityCoef="1" ang="90,0,0" color="0,220,0" radius="0.5" length="4" />
		<capsule pos="37.95,5.5,4.600000000000001" vel="0,0,0" mass="1" elasticityCoef="1" ang="90,0,0" color="0,220,0" radius="0.5" length="4" />
		<capsule pos="37.95,5.5,6.899999999999999" vel="0,0,0" mass="1" elasticityCoef="1" ang="90,0,0" color="0,220,0" radius="0.5" length="4" />
		<capsule pos="37.95,5.5,9.200000000000003" vel="0,0,0" mass="1" elasticityCoef="1" ang="90,0,0" color="0,220,0" radius="0.5" length="4" />
		<capsule pos="37.95,5.5,11.5" vel="0,0,0" mass="1" elasticityCoef="1" ang="90,0,0" color="0,220,0" radius="0.5" length="4" />
		<capsule pos="37.95,5.5,13.799999999999997" vel="0,0,0" mass="1" elasticityCoef="1" ang="90,0,0" color="0,220,0" radius="0.5" length="4" />
		<capsule pos="37.95,5.5,16.1" vel="0,0,0" mass="1" elasticityCoef="1" ang="90,0,0" color="0,220,0" radius="0.5" length="4" />
		<capsule pos="37.95,5.5,18.4" vel="0,0,0" mass="1" elasticityCoef="1" ang="90,0,0" color="0,220,0" radius="0.5" length="4" />
		<capsule pos="37.95,5.5,20.699999999999996" vel="0,0,0" mass="1" elasticityCoef="1" ang="90,0,0" color="0,220,0" radius="0.5" length="4" />
		<capsule pos="37.95,5.5,22.999999999999993" vel="0,0,0" mass="1" elasticityCoef="1" ang="90,0,0" color="0,220,0" radius="0.5" length="4" />
		<capsule pos="37.95,5.5,25.300000000000004" vel="0,0,0" mass="1" elasticityCoef="1" ang="90,0,0" color="0,220,0" radius="0.5" length="4" />
		<capsule pos="37.95,5.5,27.6" vel="0,0,0" mass="1" elasticityCoef="1" ang="90,0,0" color="0,220,0" radius="0.5" length="4" />
		<capsule pos="37.95,5.5,29.9" vel="0,0,0" mass="1" elasticityCoef="1" ang="90,0,0" color="0,220,0" radius="0.5" length="4" />
		<capsule pos="37.95,5.5,32.199999999999996" vel="0,0,0" mass="1" elasticityCoef="1" ang="90,0,0" color="0,220,0" radius="0.5" length="4" />
		<capsule pos="37.95,5.5,34.49999999999999" vel="0,0,0" mass="1" elasticityCoef="1" ang="90,0,0" color="0,220,0" radius="0.5" length="4" />
		<capsule pos="37.95,5.5,36.800000000000004" vel="0,0,0" mass="1" elasticityCoef="1" ang="90,0,0" color="0,220,0" radius="0.5" length="4" />
		<capsule pos="37.95,5.5,39.1" vel="0,0,0" mass="1" elasticityCoef="1" ang="90,0,0" color="0,220,0" radius="0.5" length="4" />
		<capsule pos="37.95,5.5,41.4" vel="0,0,0" mass="1" elasticityCoef="1" ang="90,0,0" color="0,220,0" radius="0.5" length="4" />
		<capsule pos="37.95,11.0,-43.699999999999996" vel="0,0,0" mass="1" elasticityCoef="1" ang="90,0,0" color="0,220,0" radius="0.5" length="4" />
		<capsule pos="37.95,11.0,-41.4" vel="0,0,0" mass="1" elasticityCoef="1" ang="90,0,0" color="0,220,0" radius="0.5" length="4" />
		<capsule pos="37.95,11.0,-39.099999999999994" vel="0,0,0" mass="1" elasticityCoef="1" ang="90,0,0" color="0,220,0" radius="0.5" length="4" />
		<capsule pos="37.95,11.0,-36.8" vel="0,0,0" mass="1" elasticityCoef="1" ang="90,0,0" color="0,220,0" radius="0.5" length="4" />
		<capsule pos="37.95,11.0,-34.5" vel="0,0,0" mass="1" elasticityCoef="1" ang="90,0,0" color="0,220,0" radius="0.5" length="4" />
		<capsule pos="37.95,11.0,-32.199999999999996" vel="0,0,0" mass="1" elasticityCoef="1" ang="90,0,0" color="0,220,0" radius="0.5" length="4" />
		<capsule pos="37.95,11.0,-29.9" vel="0,0,0" mass="1" elasticityCoef="1" ang="90,0,0" color="0,220,0" radius="0.5" length="4" />
		<capsule pos="37.95,11.0,-27.599999999999998" vel="0,0,0" mass="1" elasticityCoef="1" ang="90,0,0" color="0,220,0" radius="0.5" length="4" />
		<capsule pos="37.95,11.0,-25.299999999999997" vel="0,0,0" mass="1" elasticityCoef="1" ang="90,0,0" color="0,220,0" radius="0.5" length="4" />
		<capsule pos="37.95,11.0,-22.999999999999996" vel="0,0,0" mass="1" elasticityCoef="1" ang="90,0,0" color="0,220,0" radius="0.5" length="4" />
		<capsule pos="37.95,11.0,-20.699999999999996" vel="0,0,0" mass="1" elasticityCoef="1" ang="90,0,0" color="0,220,0" radius="0.5" length="4" />
		<capsule pos="37.95,11.0,-18.4" vel="0,0,0" mass="1" elasticityCoef="1" ang="90,0,0" color="0,220,0" radius="0.5" length="4" />
		<capsule pos="37.95,11.0,-16.099999999999998" vel="0,0,0" mass="1" elasticityCoef="1" ang="90,0,0" color="0,220,0" radius="0.5" length="4" />
		<capsule pos="37.95,11.0,-13.799999999999997" vel="0,0,0" mass="1" elasticityCoef="1" ang="90,0,0" color="0,220,0" radius="0.5" length="4" />
		<capsule pos="37.95,11.0,-11.5" vel="0,0,0" mass="1" elasticityCoef="1" ang="90,0,0" color="0,220,0" radius="0.5" length="4" />
		<capsule pos="37.95,11.0,-9.199999999999996" vel="0,0,0" mass="1" elasticityCoef="1" ang="90,0,0" color="0,220,0" radius="0.5" length="4" />
		<capsule pos="37.95,11.0,-6.899999999999999" vel="0,0,0" mass="1" elasticityCoef="1" ang="90,0,0" color="0,220,0" radius="0.5" length="4" />
		<capsule pos="37.95,11.0,-4.600000000000001" vel="0,0,0" mass="1" elasticityCoef="1" ang="90,0,0" color="0,220,0" radius="0.5" length="4" />
		<capsule pos="37.95,11.0,-2.299999999999997" vel="0,0,0" mass="1" elasticityCoef="1" ang="90,0,0" color="0,220,0" radius="0.5" length="4" />
		<capsule pos="37.95,11.0,0.0" vel="0,0,0" mass="1" elasticityCoef="1" ang="90,0,0" color="0,220,0" radius="0.5" length="4" />
		<capsule pos="37.95,11.0,2.3000000000000043" vel="0,0,0" mass="1" elasticityCoef="1" ang="90,0,0" color="0,220,0" radius="0.5" length="4" />
		<capsule pos="37.95,11.0,4.600000000000001" vel="0,0,0" mass="1" elasticityCoef="1" ang="90,0,0" color="0,220,0" radius="0.5" length="4" />
		<capsule pos="37.95,11.0,6.899999999999999" vel="0,0,0" mass="1" elasticityCoef="1" ang="90,0,0" color="0,220,0" radius="0.5" length="4" />
		<capsule pos="37.95,11.0,9.200000000000003" vel="0,0,0" mass="1" elasticityCoef="1" ang="90,0,0" color="0,220,0" radius="0.5" length="4" />
		<capsule pos="37.95,11.0,11.5" vel="0,0,0" mass="1" elasticityCoef="1" ang="90,0,0" color="0,220,0" radius="0.5" length="4" />
		<capsule pos="37.95,11.0,13.799999999999997" vel="0,0,0" mass="1" elasticityCoef="1" ang="90,0,0" color="0,220,0" radius="0.5" length="4" />
		<capsule pos="37.95,11.0,16.1" vel="0,0,0" mass="1" elasticityCoef="1" ang="90,0,0" color="0,220,0" radius="0.5" length="4" />
		<capsule pos="37.95,11.0,18.4" vel="0,0,0" mass="1" elasticityCoef="1" ang="90,0,0" color="0,220,0" radius="0.5" length="4" />
		<capsule pos="37.95,11.0,20.699999999999996" vel="0,0,0" mass="1" elasticityCoef="1" ang="90,0,0" color="0,220,0" radius="0.5" length="4" />
		<capsule pos="37.95,11.0,22.999999999999993" vel="0,0,0" mass="1" elasticityCoef="1" ang="90,0,0" color="0,220,0" radius="0.5" length="4" />
		<capsule pos="37.95,11.0,25.300000000000004" vel="0,0,0" mass="1" elasticityCoef="1" ang="90,0,0" color="0,220,0" radius="0.5" length="4" />
		<capsule pos="37.95,11.0,27.6" vel="0,0,0" mass="1" elasticityCoef="1" ang="90,0,0" color="0,220,0" radius="0.5" length="4" />
		<capsule pos="37.95,11.0,29.9" vel="0,0,0" mass="1" elasticityCoef="1" ang="90,0,0" color="0,220,0" radius="0.5" length="4" />
		<capsule pos="37.95,11.0,32.199999999999996" vel="0,0,0" mass="1" elasticityCoef="1" ang="90,0,0" color="0,220,0" radius="0.5" length="4" />
		<capsule pos="37.95,11.0,34.49999999999999" vel="0,0,0" mass="1" elasticityCoef="1" ang="90,0,0" color="0,220,0" radius="0.5" length="4" />
		<capsule pos="37.95,11.0,36.800000000000004" vel="0,0,0" mass="1" elasticityCoef="1" ang="90,0,0" color="0,220,0" radius="0.5" length="4" />
		<capsule pos="37.95,11.0,39.1" vel="0,0,0" mass="1" elasticityCoef="1" ang="90,0,0" color="0,220,0" radius="0.5" length="4" />
		<capsule pos="37.95,11.0,41.4" vel="0,0,0" mass="1" elasticityCoef="1" ang="90,0,0" color="0,220,0" radius="0.5" length="4" />
		<capsule pos="37.95,16.5,-43.699999999999996" vel="0,0,0" mass="1" elasticityCoef="1" ang="90,0,0" color="0,220,0" radius="0.5" length="4" />
		<capsule pos="37.95,16.5,-41.4" vel="0,0,0" mass="1" elasticityCoef="1" ang="90,0,0" color="0,220,0" radius="0.5" length="4" />
		<capsule pos="37.95,16.5,-39.099999999999994" vel="0,0,0" mass="1" elasticityCoef="1" ang="90,0,0" color="0,220,0" radius="0.5" length="4" />
		<capsule pos="37.95,16.5,-36.8" vel="0,0,0" mass="1" elasticityCoef="1" ang="90,0,0" color="0,220,0" radius="0.5" length="4" />
		<capsule pos="37.95,16.5,-34.5" vel="0,0,0" mass="1" elasticityCoef="1" ang="90,0,0" color="0,220,0" radius="0.5" length="4" />
		<capsule pos="37.95,16.5,-32.199999999999996" vel="0,0,0" mass="1" elasticityCoef="1" ang="90,0,0" color="0,220,0" radius="0.5" length="4" />
		<capsule pos="37.95,16.5,-29.9" vel="0,0,0" mass="1" elasticityCoef="1" ang="90,0,0" color="0,220,0" radius="0.5" length="4" />
		<capsule pos="37.95,16.5,-27.599999999999998" vel="0,0,0" mass="1" elasticityCoef="1" ang="90,0,0" color="0,220,0" radius="0.5" length="4" />
		<capsule pos="37.95,16.5,-25.299999999999997" vel="0,0,0" mass="1" elasticityCoef="1" ang="90,0,0" color="0,220,0" radius="0.5" length="4" />
		<capsule pos="37.95,16.5,-22.999999999999996" vel="0,0,0" mass="1" elasticityCoef="1" ang="90,0,0" color="0,220,0" radius="0.5" length="4" />
		<capsule pos="37.95,16.5,-20.699999999999996" vel="0,0,0" mass="1" elasticityCoef="1" ang="90,0,0" color="0,220,0" radius="0.5" length="4" />
		<capsule pos="37.95,16.5,-18.4" vel="0,0,0" mass="1" elasticityCoef="1" ang="90,0,0" color="0,220,0" radius="0.5" length="4" />
		<capsule pos="37.95,16.5,-16.099999999999998" vel="0,0,0" mass="1" elasticityCoef="1" ang="90,0,0" color="0,220,0" radius="0.5" length="4" />
		<capsule pos="37.95,16.5,-13.799999999999997" vel="0,0,0" mass="1" elasticityCoef="1" ang="90,0,0" color="0,220,0" radius="0.5" length="4" />
		<capsule pos="37.95,16.5,-11.5" vel="0,0,0" mass="1" elasticityCoef="1" ang="90,0,0" color="0,220,0" radius="0.5" length="4" />
		<capsule pos="37.95,16.5,-9.199999999999996" vel="0,0,0" mass="1" elasticityCoef="1" ang="90,0,0" color="0,220,0" radius="0.5" length="4" />
		<capsule pos="37.95,16.5,-6.899999999999999" vel="0,0,0" mass="1" elasticityCoef="1" ang="90,0,0" color="0,220,0" radius="0.5" length="4" />
		<capsule pos="37.95,16.5,-4.600000000000001" vel="0,0,0" mass="1" elasticityCoef="1" ang="90,0,0" color="0,220,0" radius="0.5" length="4" />
		<capsule pos="37.95,16.5,-2.299999999999997" vel="0,0,0" mass="1" elasticityCoef="1" ang="90,0,0" color="0,220,0" radius="0.5" length="4" />
		<capsule pos="37.95,16.5,0.0" vel="0,0,0" mass="1" elasticityCoef="1" ang="90,0,0" color="0,220,0" radius="0.5" length="4" />
		<capsule pos="37.95,16.5,2.3000000000000043" vel="0,0,0" mass="1" elasticityCoef="1" ang="90,0,0" color="0,220,0" radius="0.5" length="4" />
		<capsule pos="37.95,16.5,4.600000000000001" vel="0,0,0" mass="1" elasticityCoef="1" ang="90,0,0" color="0,220,0" radius="0.5" length="4" />
		<capsule pos="37.95,16.5,6.899999999999999" vel="0,0,0" mass="1" elasticityCoef="1" ang="90,0,0" color="0,220,0" radius="0.5" length="4" />
		<capsule pos="37.95,16.5,9.200000000000003" vel="0,0,0" mass="1" elasticityCoef="1" ang="90,0,0" color="0,220,0" radius="0.5" length="4" />
		<capsule pos="37.95,16.5,11.5" vel="0,0,0" mass="1" elasticityCoef="1" ang="90,0,0" color="0,220,0" radius="0.5" length="4" />
		<capsule pos="37.95,16.5,13.799999999999997" vel="0,0,0" mass="1" elasticityCoef="1" ang="90,0,0" color="0,220,0" radius="0.5" length="4" />
		<capsule pos="37.95,16.5,16.1" vel="0,0,0" mass="1" elasticityCoef="1" ang="90,0,0" color="0,220,0" radius="0.5" length="4" />
		<capsule pos="37.95,16.5,18.4" vel="0,0,0" mass="1" elasticityCoef="1" ang="90,0,0" color="0,220,0" radius="0.5" length="4" />
		<capsule pos="37.95,16.5,20.699999999999996" vel="0,0,0" mass="1" elasticityCoef="1" ang="90,0,0" color="0,220,0" radius="0.5" length="4" />
		<capsule pos="37.95,16.5,22.999999999999993" vel="0,0,0" mass="1" elasticityCoef="1" ang="90,0,0" color="0,220,0" radius="0.5" length="4" />
		<capsule pos="37.95,16.5,25.300000000000004" vel="0,0,0" mass="1" elasticityCoef="1" ang="90,0,0" color="0,220,0" radius="0.5" length="4" />
		<capsule pos="37.95,16.5,27.6" vel="0,0,0" mass="1" elasticityCoef="1" ang="90,0,0" color="0,220,0" radius="0.5" length="4" />
		<capsule pos="37.95,16.5,29.9" vel="0,0,0" mass="1" elasticityCoef="1" ang="90,0,0" color="0,220,0" radius="0.5" length="4" />
		<capsule pos="37.95,16.5,32.199999999999996" vel="0,0,0" mass="1" elasticityCoef="1" ang="90,0,0" color="0,220,0" radius="0.5" length="4" />
		<capsule pos="37.95,16.5,34.49999999999999" vel="0,0,0" mass="1" elasticityCoef="1" ang="90,0,0" color="0,220,0" radius="0.5" length="4" />
		<capsule pos="37.95,16.5,36.800000000000004" vel="0,0,0" mass="1" elasticityCoef="1" ang="90,0,0" color="0,220,0" radius="0.5" length="4" />
		<capsule pos="37.95,16.5,39.1" vel="0,0,0" mass="1" elasticityCoef="1" ang="90,0,0" color="0,220,0" radius="0.5" length="4" />
		<capsule pos="37.95,16.5,41.4" vel="0,0,0" mass="1" elasticityCoef="1" ang="90,0,0" color="0,220,0" radius="0.5" length="4" />
		<capsule pos="37.95,22.0,-43.699999999999996" vel="0,0,0" mass="1" elasticityCoef="1" ang="90,0,0" color="0,220,0" radius="0.5" length="4" />
		<capsule pos="37.95,22.0,-41.4" vel="0,0,0" mass="1" elasticityCoef="1" ang="90,0,0" color="0,220,0" radius="0.5" length="4" />
		<capsule pos="37.95,22.0,-39.099999999999994" vel="0,0,0" mass="1" elasticityCoef="1" ang="90,0,0" color="0,220,0" radius="0.5" length="4" />
		<capsule pos="37.95,22.0,-36.8" vel="0,0,0" mass="1" elasticityCoef="1" ang="90,0,0" color="0,220,0" radius="0.5" length="4" />
		<capsule pos="37.95,22.0,-34.5" vel="0,0,0" mass="1" elasticityCoef="1" ang="90,0,0" color="0,220,0" radius="0.5" length="4" />
		<capsule pos="37.95,22.0,-32.199999999999996" vel="0,0,0" mass="1" elasticityCoef="1" ang="90,0,0" color="0,220,0" radius="0.5" length="4" />
		<capsule pos="37.95,22.0,-29.9" vel="0,0,0" mass="1" elasticityCoef="1" ang="90,0,0" color="0,220,0" radius="0.5" length="4" />
		<capsule pos="37.95,22.0,-27.599999999999998" vel="0,0,0" mass="1" elasticityCoef="1" ang="90,0,0" color="0,220,0" radius="0.5" length="4" />
		<capsule pos="37.95,22.0,-25.299999999999997" vel="0,0,0" mass="1" elasticityCoef="1" ang="90,0,0" color="0,220,0" radius="0.5" length="4" />
		<capsule pos="37.95,22.0,-22.999999999999996" vel="0,0,0" mass="1" elasticityCoef="1" ang="90,0,0" color="0,220,0" radius="0.5" length="4" />
		<capsule pos="37.95,22.0,-20.699999999999996" vel="0,0,0" mass="1" elasticityCoef="1" ang="90,0,0" color="0,220,0" radius="0.5" length="4" />
		<capsule pos="37.95,22.0,-18.4" vel="0,0,0" mass="1" elasticityCoef="1" ang="90,0,0" color="0,220,0" radius="0.5" length="4" />
		<capsule pos="37.95,22.0,-16.099999999999998" vel="0,0,0" mass="1" elasticityCoef="1" ang="90,0,0" color="0,220,0" radius="0.5" length="4" />
		<capsule pos="37.95,22.0,-13.799999999999997" vel="0,0,0" mass="1" elasticityCoef="1" ang="90,0,0" color="0,220,0" radius="0.5" length="4" />
		<capsule pos="37.95,22.0,-11.5" vel="0,0,0" mass="1" elasticityCoef="1" ang="90,0,0" color="0,220,0" radius="0.5" length="4" />
		<capsule pos="37.95,22.0,-9.199999999999996" vel="0,0,0" mass="1" elasticityCoef="1" ang="90,0,0" color="0,220,0" radius="0.5" length="4" />
		<capsule pos="37.95,22.0,-6.899999999999999" vel="0,0,0" mass="1" elasticityCoef="1" ang="90,0,0" color="0,220,0" radius="0.5" length="4" />
		<capsule pos="37.95,22.0,-4.600000000000001" vel="0,0,0" mass="1" elasticityCoef="1" ang="90,0,0" color="0,220,0" radius="0.5" length="4" />
		<capsule pos="37.95,22.0,-2.299999999999997" vel="0,0,0" mass="1" elasticityCoef="1" ang="90,0,0" color="0,220,0" radius="0.5" length="4" />
		<capsule pos="37.95,22.0,0.0" vel="0,0,0" mass="1" elasticityCoef="1" ang="90,0,0" color="0,220,0" radius="0.5" length="4" />
		<capsule pos="37.95,22.0,2.3000000000000043" vel="0,0,0" mass="1" elasticityCoef="1" ang="90,0,0" color="0,220,0" radius="0.5" length="4" />
		<capsule pos="37.95,22.0,4.600000000000001" vel="0,0,0" mass="1" elasticityCoef="1" ang="90,0,0" color="0,220,0" radius="0.5" length="4" />
		<capsule pos="37.95,22.0,6.899999999999999" vel="0,0,0" mass="1" elasticityCoef="1" ang="90,0,0" color="0,220,0" radius="0.5" length="4" />
		<capsule pos="37.95,22.0,9.200000000000003" vel="0,0,0" mass="1" elasticityCoef="1" ang="90,0,0" color="0,220,0" radius="0.5" length="4" />
		<capsule pos="37.95,22.0,11.5" vel="0,0,0" mass="1" elasticityCoef="1" ang="90,0,0" color="0,220,0" radius="0.5" length="4" />
		<capsule pos="37.95,22.0,13.799999999999997" vel="0,0,0" mass="1" elasticityCoef="1" ang="90,0,0" color="0,220,0" radius="0.5" length="4" />
		<capsule pos="37.95,22.0,16.1" vel="0,0,0" mass="1" elasticityCoef="1" ang="90,0,0" color="0,220,0" radius="0.5" length="4" />
		<capsule pos="37.95,22.0,18.4" vel="0,0,0" mass="1" elasticityCoef="1" ang="90,0,0" color="0,220,0" radius="0.5" length="4" />
		<capsule pos="37.95,22.0,20.699999999999996" vel="0,0,0" mass="1" elasticityCoef="1" ang="90,0,0" color="0,220,0" radius="0.5" length="4" />
		<capsule pos="37.95,22.0,22.999999999999993" vel="0,0,0" mass="1" elasticityCoef="1" ang="90,0,0" color="0,220,0" radius="0.5" length="4" />
		<capsule pos="37.95,22.0,25.300000000000004" vel="0,0,0" mass="1" elasticityCoef="1" ang="90,0,0" color="0,220,0" radius="0.5" length="4" />
		<capsule pos="37.95,22.0,27.6" vel="0,0,0" mass="1" elasticityCoef="1" ang="90,0,0" color="0,220,0" radius="0.5" length="4" />
		<capsule pos="37.95,22.0,29.9" vel="0,0,0" mass="1" elasticityCoef="1" ang="90,0,0" color="0,220,0" radius="0.5" length="4" />
		<capsule pos="37.95,22.0,32.199999999999996" vel="0,0,0" mass="1" elasticityCoef="1" ang="90,0,0" color="0,220,0" radius="0.5" length="4" />
		<capsule pos="37.95,22.0,34.49999999999999" vel="0,0,0" mass="1" elasticityCoef="1" ang="90,0,0" color="0,220,0" radius="0.5" length="4" />
		<capsule pos="37.95,22.0,36.800000000000004" vel="0,0,0" mass="1" elasticityCoef="1" ang="90,0,0" color="0,220,0" radius="0.5" length="4" />
		<capsule pos="37.95,22.0,39.1" vel="0,0,0" mass="1" elasticityCoef="1" ang="90,0,0" color="0,220,0" radius="0.5" length="4" />
		<capsule pos="37.95,22.0,41.4" vel="0,0,0" mass="1" elasticityCoef="1" ang="90,0,0" color="0,220,0" radius="0.5" length="4" />
		<capsule pos="37.95,27.5,-43.699999999999996" vel="0,0,0" mass="1" elasticityCoef="1" ang="90,0,0" color="0,220,0" radius="0.5" length="4" />
		<capsule pos="37.95,27.5,-41.4" vel="0,0,0" mass="1" elasticityCoef="1" ang="90,0,0" color="0,220,0" radius="0.5" length="4" />
		<capsule pos="37.95,27.5,-39.099999999999994" vel="0,0,0" mass="1" elasticityCoef="1" ang="90,0,0" color="0,220,0" radius="0.5" length="4" />
		<capsule pos="37.95,27.5,-36.8" vel="0,0,0" mass="1" elasticityCoef="1" ang="90,0,0" color="0,220,0" radius="0.5" length="4" />
		<capsule pos="37.95,27.5,-34.5" vel="0,0,0" mass="1" elasticityCoef="1" ang="90,0,0" color="0,220,0" radius="0.5" length="4" />
		<capsule pos="37.95,27.5,-32.199999999999996" vel="0,0,0" mass="1" elasticityCoef="1" ang="90,0,0" color="0,220,0" radius="0.5" length="4" />
		<capsule pos="37.95,27.5,-29.9" vel="0,0,0" mass="1" elasticityCoef="1" ang="90,0,0" color="0,220,0" radius="0.5" length="4" />
		<capsule pos="37.95,27.5,-27.599999999999998" vel="0,0,0" mass="1" elasticityCoef="1" ang="90,0,0" color="0,220,0" radius="0.5" length="4" />
		<capsule pos="37.95,27.5,-25.299999999999997" vel="0,0,0" mass="1" elasticityCoef="1" ang="90,0,0" color="0,220,0" radius="0.5" length="4" />
		<capsule pos="37.95,27.5,-22.999999999999996" vel="0,0,0" mass="1" elasticityCoef="1" ang="90,0,0" color="0,220,0" radius="0.5" length="4" />
		<capsule pos="37.95,27.5,-20.699999999999996" vel="0,0,0" mass="1" elasticityCoef="1" ang="90,0,0" color="0,220,0" radius="0.5" length="4" />
		<capsule pos="37.95,27.5,-18.4" vel="0,0,0" mass="1" elasticityCoef="1" ang="90,0,0" color="0,220,0" radius="0.5" length="4" />
		<capsule pos="37.95,27.5,-16.099999999999998" vel="0,0,0" mass="1" elasticityCoef="1" ang="90,0,0" color="0,220,0" radius="0.5" length="4" />
		<capsule pos="37.95,27.5,-13.799999999999997" vel="0,0,0" mass="1" elasticityCoef="1" ang="90,0,0" color="0,220,0" radius="0.5" length="4" />
		<capsule pos="37.95,27.5,-11.5" vel="0,0,0" mass="1" elasticityCoef="1" ang="90,0,0" color="0,220,0" radius="0.5" length="4" />
		<capsule pos="37.95,27.5,-9.199999999999996" vel="0,0,0" mass="1" elasticityCoef="1" ang="90,0,0" color="0,220,0" radius="0.5" length="4" />
		<capsule pos="37.95,27.5,-6.899999999999999" vel="0,0,0" mass="1" elasticityCoef="1" ang="90,0,0" color="0,220,0" radius="0.5" length="4" />
		<capsule pos="37.95,27.5,-4.600000000000001" vel="0,0,0" mass="1" elasticityCoef="1" ang="90,0,0" color="0,220,0" radius="0.5" length="4" />
		<capsule pos="37.95,27.5,-2.299999999999997" vel="0,0,0" mass="1" elasticityCoef="1" ang="90,0,0" color="0,220,0" radius="0.5" length="4" />
		<capsule pos="37.95,27.5,0.0" vel="0,0,0" mass="1" elasticityCoef="1" ang="90,0,0" color="0,220,0" radius="0.5" length="4" />
		<capsule pos="37.95,27.5,2.3000000000000043" vel="0,0,0" mass="1" elasticityCoef="1" ang="90,0,0" color="0,220,0" radius="0.5" length="4" />
		<capsule pos="37.95,27.5,4.600000000000001" vel="0,0,0" mass="1" elasticityCoef="1" ang="90,0,0" color="0,220,0" radius="0.5" length="4" />
		<capsule pos="37.95,27.5,6.899999999999999" vel="0,0,0" mass="1" elasticityCoef="1" ang="90,0,0" color="0,220,0" radius="0.5" length="4" />
		<capsule pos="37.95,27.5,9.200000000000003" vel="0,0,0" mass="1" elasticityCoef="1" ang="90,0,0" color="0,220,0" radius="0.5" length="4" />
		<capsule pos="37.95,27.5,11.5" vel="0,0,0" mass="1" elasticityCoef="1" ang="90,0,0" color="0,220,0" radius="0.5" length="4" />
		<capsule pos="37.95,27.5,13.799999999999997" vel="0,0,0" mass="1" elasticityCoef="1" ang="90,0,0" color="0,220,0" radius="0.5" length="4" />
		<capsule pos="37.95,27.5,16.1" vel="0,0,0" mass="1" elasticityCoef="1" ang="90,0,0" color="0,220,0" radius="0.5" length="4" />
		<capsule pos="37.95,27.5,18.4" vel="0,0,0" mass="1" elasticityCoef="1" ang="90,0,0" color="0,220,0" radius="0.5" length="4" />
		<capsule pos="37.95,27.5,20.699999999999996" vel="0,0,0" mass="1" elasticityCoef="1" ang="90,0,0" color="0,220,0" radius="0.5" length="4" />
		<capsule pos="37.95,27.5,22.999999999999993" vel="0,0,0" mass="1" elasticityCoef="1" ang="90,0,0" color="0,220,0" radius="0.5" length="4" />
		<capsule pos="37.95,27.5,25.300000000000004" vel="0,0,0" mass="1" elasticityCoef="1" ang="90,0,0" color="0,220,0" radius="0.5" length="4" />
		<capsule pos="37.95,27.5,27.6" vel="0,0,0" mass="1" elasticityCoef="1" ang="90,0,0" color="0,220,0" radius="0.5" length="4" />
		<capsule pos="37.95,27.5,29.9" vel="0,0,0" mass="1" elasticityCoef="1" ang="90,0,0" color="0,220,0" radius="0.5" length="4" />
		<capsule pos="37.95,27.5,32.199999999999996" vel="0,0,0" mass="1" elasticityCoef="1" ang="90,0,0" color="0,220,0" radius="0.5" length="4" />
		<capsule pos="37.95,27.5,34.49999999999999" vel="0,0,0" mass="1" elasticityCoef="1" ang="90,0,0" color="0,220,0" radius="0.5" length="4" />
		<capsule pos="37.95,27.5,36.800000000000004" vel="0,0,0" mass="1" elasticityCoef="1" ang="90,0,0" color="0,220,0" radius="0.5" length="4" />
		<capsule pos="37.95,27.5,39.1" vel="0,0,0" mass="1" elasticityCoef="1" ang="90,0,0" color="0,220,0" radius="0.5" length="4" />
		<capsule pos="37.95,27.5,41.4" vel="0,0,0" mass="1" elasticityCoef="1" ang="90,0,0" color="0,220,0" radius="0.5" length="4" />
		<capsule pos="37.95,33.0,-43.699999999999996" vel="0,0,0" mass="1" elasticityCoef="1" ang="90,0,0" color="0,220,0" radius="0.5" length="4" />
		<capsule pos="37.95,33.0,-41.4" vel="0,0,0" mass="1" elasticityCoef="1" ang="90,0,0" color="0,220,0" radius="0.5" length="4" />
		<capsule pos="37.95,33.0,-39.099999999999994" vel="0,0,0" mass="1" elasticityCoef="1" ang="90,0,0" color="0,220,0" radius="0.5" length="4" />
		<capsule pos="37.95,33.0,-36.8" vel="0,0,0" mass="1" elasticityCoef="1" ang="90,0,0" color="0,220,0" radius="0.5" length="4" />
		<capsule pos="37.95,33.0,-34.5" vel="0,0,0" mass="1" elasticityCoef="1" ang="90,0,0" color="0,220,0" radius="0.5" length="4" />
		<capsule pos="37.95,33.0,-32.199999999999996" vel="0,0,0" mass="1" elasticityCoef="1" ang="90,0,0" color="0,220,0" radius="0.5" length="4" />
		<capsule pos="37.95,33.0,-29.9" vel="0,0,0" mass="1" elasticityCoef="1" ang="90,0,0" color="0,220,0" radius="0.5" length="4" />
		<capsule pos="37.95,33.0,-27.599999999999998" vel="0,0,0" mass="1" elasticityCoef="1" ang="90,0,0" color="0,220,0" radius="0.5" length="4" />
		<capsule pos="37.95,33.0,-25.299999999999997" vel="0,0,0" mass="1" elasticityCoef="1" ang="90,0,0" color="0,220,0" radius="0.5" length="4" />
		<capsule pos="37.95,33.0,-22.999999999999996" vel="0,0,0" mass="1" elasticityCoef="1" ang="90,0,0" color="0,220,0" radius="0.5" length="4" />
		<capsule pos="37.95,33.0,-20.699999999999996" vel="0,0,0" mass="1" elasticityCoef="1" ang="90,0,0" color="0,220,0" radius="0.5" length="4" />
		<capsule pos="37.95,33.0,-18.4" vel="0,0,0" mass="1" elasticityCoef="1" ang="90,0,0" color="0,220,0" radius="0.5" length="4" />
		<capsule pos="37.95,33.0,-16.099999999999998" vel="0,0,0" mass="1" elasticityCoef="1" ang="90,0,0" color="0,220,0" radius="0.5" length="4" />
		<capsule pos="37.95,33.0,-13.799999999999997" vel="0,0,0" mass="1" elasticityCoef="1" ang="90,0,0" color="0,220,0" radius="0.5" length="4" />
		<capsule pos="37.95,33.0,-11.5" vel="0,0,0" mass="1" elasticityCoef="1" ang="90,0,0" color="0,220,0" radius="0.5" length="4" />
		<capsule pos="37.95,33.0,-9.199999999999996" vel="0,0,0" mass="1" elasticityCoef="1" ang="90,0,0" color="0,220,0" radius="0.5" length="4" />
		<capsule pos="37.95,33.0,-6.899999999999999" vel="0,0,0" mass="1" elasticityCoef="1" ang="90,0,0" color="0,220,0" radius="0.5" length="4" />
		<capsule pos="37.95,33.0,-4.600000000000001" vel="0,0,0" mass="1" elasticityCoef="1" ang="90,0,0" color="0,220,0" radius="0.5" length="4" />
		<capsule pos="37.95,33.0,-2.299999999999997" vel="0,0,0" mass="1" elasticityCoef="1" ang="90,0,0" color="0,220,0" radius="0.5" length="4" />
		<capsule pos="37.95,33.0,0.0" vel="0,0,0" mass="1" elasticityCoef="1" ang="90,0,0" color="0,220,0" radius="0.5" length="4" />
		<capsule pos="37.95,33.0,2.3000000000000043" vel="0,0,0" mass="1" elasticityCoef="1" ang="90,0,0" color="0,220,0" radius="0.5" length="4" />
		<capsule pos="37.95,33.0,4.600000000000001" vel="0,0,0" mass="1" elasticityCoef="1" ang="90,0,0" color="0,220,0" radius="0.5" length="4" />
		<capsule pos="37.95,33.0,6.899999999999999" vel="0,0,0" mass="1" elasticityCoef="1" ang="90,0,0" color="0,220,0" radius="0.5" length="4" />
		<capsule pos="37.95,33.0,9.200000000000003" vel="0,0,0" mass="1" elasticityCoef="1" ang="90,0,0" color="0,220,0" radius="0.5" length="4" />
		<capsule pos="37.95,33.0,11.5" vel="0,0,0" mass="1" elasticityCoef="1" ang="90,0,0" color="0,220,0" radius="0.5" length="4" />
		<capsule pos="37.95,33.0,13.799999999999997" vel="0,0,0" mass="1" elasticityCoef="1" ang="90,0,0" color="0,220,0" radius="0.5" length="4" />
		<capsule pos="37.95,33.0,16.1" vel="0,0,0" mass="1" elasticityCoef="1" ang="90,0,0" color="0,220,0" radius="0.5" length="4" />
		<capsule pos="37.95,33.0,18.4" vel="0,0,0" mass="1" elasticityCoef="1" ang="90,0,0" color="0,220,0" radius="0.5" length="4" />
		<capsule pos="37.95,33.0,20.699999999999996" vel="0,0,0" mass="1" elasticityCoef="1" ang="90,0,0" color="0,220,0" radius="0.5" length="4" />
		<capsule pos="37.95,33.0,22.999999999999993" vel="0,0,0" mass="1" elasticityCoef="1" ang="90,0,0" color="0,220,0" radius="0.5" length="4" />
		<capsule pos="37.95,33.0,25.300000000000004" vel="0,0,0" mass="1" elasticityCoef="1" ang="90,0,0" color="0,220,0" radius="0.5" length="4" />
		<capsule pos="37.95,33.0,27.6" vel="0,0,0" mass="1" elasticityCoef="1" ang="90,0,0" color="0,220,0" radius="0.5" length="4" />
		<capsule pos="37.95,33.0,29.9" vel="0,0,0" mass="1" elasticityCoef="1" ang="90,0,0" color="0,220,0" radius="0.5" length="4" />
		<capsule pos="37.95,33.0,32.199999999999996" vel="0,0,0" mass="1" elasticityCoef="1" ang="90,0,0" color="0,220,0" radius="0.5" length="4" />
		<capsule pos="37.95,33.0,34.49999999999999" vel="0,0,0" mass="1" elasticityCoef="1" ang="90,0,0" color="0,220,0" radius="0.5" length="4" />
		<capsule pos="37.95,33.0,36.800000000000004" vel="0,0,0" mass="1" elasticityCoef="1" ang="90,0,0" color="0,220,0" radius="0.5" length="4" />
		<capsule pos="37.95,33.0,39.1" vel="0,0,0" mass="1" elasticityCoef="1" ang="90,0,0" color="0,220,0" radius="0.5" length="4" />
		<capsule pos="37.95,33.0,41.4" vel="0,0,0" mass="1" elasticityCoef="1" ang="90,0,0" color="0,220,0" radius="0.5" length="4" />
		<capsule pos="37.95,38.5,-43.699999999999996" vel="0,0,0" mass="1" elasticityCoef="1" ang="90,0,0" color="0,220,0" radius="0.5" length="4" />
		<capsule pos="37.95,38.5,-41.4" vel="0,0,0" mass="1" elasticityCoef="1" ang="90,0,0" color="0,220,0" radius="0.5" length="4" />
		<capsule pos="37.95,38.5,-39.099999999999994" vel="0,0,0" mass="1" elasticityCoef="1" ang="90,0,0" color="0,220,0" radius="0.5" length="4" />
		<capsule pos="37.95,38.5,-36.8" vel="0,0,0" mass="1" elasticityCoef="1" ang="90,0,0" color="0,220,0" radius="0.5" length="4" />
		<capsule pos="37.95,38.5,-34.5" vel="0,0,0" mass="1" elasticityCoef="1" ang="90,0,0" color="0,220,0" radius="0.5" length="4" />
		<capsule pos="37.95,38.5,-32.199999999999996" vel="0,0,0" mass="1" elasticityCoef="1" ang="90,0,0" color="0,220,0" radius="0.5" length="4" />
		<capsule pos="37.95,38.5,-29.9" vel="0,0,0" mass="1" elasticityCoef="1" ang="90,0,0" color="0,220,0" radius="0.5" length="4" />
		<capsule pos="37.95,38.5,-27.599999999999998" vel="0,0,0" mass="1" elasticityCoef="1" ang="90,0,0" color="0,220,0" radius="0.5" length="4" />
		<capsule pos="37.95,38.5,-25.299999999999997" vel="0,0,0" mass="1" elasticityCoef="1" ang="90,0,0" color="0,220,0" radius="0.5" length="4" />
		<capsule pos="37.95,38.5,-22.999999999999996" vel="0,0,0" mass="1" elasticityCoef="1" ang="90,0,0" color="0,220,0" radius="0.5" length="4" />
		<capsule pos="37.95,38.5,-20.699999999999996" vel="0,0,0" mass="1" elasticityCoef="1" ang="90,0,0" color="0,220,0" radius="0.5" length="4" />
		<capsule pos="37.95,38.5,-18.4" vel="0,0,0" mass="1" elasticityCoef="1" ang="90,0,0" color="0,220,0" radius="0.5" length="4" />
		<capsule pos="37.95,38.5,-16.099999999999998" vel="0,0,0" mass="1" elasticityCoef="1" ang="90,0,0" color="0,220,0" radius="0.5" length="4" />
		<capsule pos="37.95,38.5,-13.799999999999997" vel="0,0,0" mass="1" elasticityCoef="1" ang="90,0,0" color="0,220,0" radius="0.5" length="4" />
		<capsule pos="37.95,38.5,-11.5" vel="0,0,0" mass="1" elasticityCoef="1" ang="90,0,0" color="0,220,0" radius="0.5" length="4" />
		<capsule pos="37.95,38.5,-9.199999999999996" vel="0,0,0" mass="1" elasticityCoef="1" ang="90,0,0" color="0,220,0" radius="0.5" length="4" />
		<capsule pos="37.95,38.5,-6.899999999999999" vel="0,0,0" mass="1" elasticityCoef="1" ang="90,0,0" color="0,220,0" radius="0.5" length="4" />
		<capsule pos="37.95,38.5,-4.600000000000001" vel="0,0,0" mass="1" elasticityCoef="1" ang="90,0,0" color="0,220,0" radius="0.5" length="4" />
		<capsule pos="37.95,38.5,-2.299999999999997" vel="0,0,0" mass="1" elasticityCoef="1" ang="90,0,0" color="0,220,0" radius="0.5" length="4" />
		<capsule pos="37.95,38.5,0.0" vel="0,0,0" mass="1" elasticityCoef="1" ang="90,0,0" color="0,220,0" radius="0.5" length="4" />
		<capsule pos="37.95,38.5,2.3000000000000043" vel="0,0,0" mass="1" elasticityCoef="1" ang="90,0,0" color="0,220,0" radius="0.5" length="4" />
		<capsule pos="37.95,38.5,4.600000000000001" vel="0,0,0" mass="1" elasticityCoef="1" ang="90,0,0" color="0,220,0" radius="0.5" length="4" />
		<capsule pos="37.95,38.5,6.899999999999999" vel="0,0,0" mass="1" elasticityCoef="1" ang="90,0,0" color="0,220,0" radius="0.5" length="4" />
		<capsule pos="37.95,38.5,9.200000000000003" vel="0,0,0" mass="1" elasticityCoef="1" ang="90,0,0" color="0,220,0" radius="0.5" length="4" />
		<capsule pos="37.95,38.5,11.5" vel="0,0,0" mass="1" elasticityCoef="1" ang="90,0,0" color="0,220,0" radius="0.5" length="4" />
		<capsule pos="37.95,38.5,13.799999999999997" vel="0,0,0" mass="1" elasticityCoef="1" ang="90,0,0" color="0,220,0" radius="0.5" length="4" />
		<capsule pos="37.95,38.5,16.1" vel="0,0,0" mass="1" elasticityCoef="1" ang="90,0,0" color="0,220,0" radius="0.5" length="4" />
		<capsule pos="37.95,38.5,18.4" vel="0,0,0" mass="1" elasticityCoef="1" ang="90,0,0" color="0,220,0" radius="0.5" length="4" />
		<capsule pos="37.95,38.5,20.699999999999996" vel="0,0,0" mass="1" elasticityCoef="1" ang="90,0,0" color="0,220,0" radius="0.5" length="4" />
		<capsule pos="37.95,38.5,22.999999999999993" vel="0,0,0" mass="1" elasticityCoef="1" ang="90,0,0" color="0,220,0" radius="0.5" length="4" />
		<capsule pos="37.95,38.5,25.300000000000004" vel="0,0,0" mass="1" elasticityCoef="1" ang="90,0,0" color="0,220,0" radius="0.5" length="4" />
		<capsule pos="37.95,38.5,27.6" vel="0,0,0" mass="1" elasticityCoef="1" ang="90,0,0" color="0,220,0" radius="0.5" length="4" />
		<capsule pos="37.95,38.5,29.9" vel="0,0,0" mass="1" elasticityCoef="1" ang="90,0,0" color="0,220,0" radius="0.5" length="4" />
		<capsule pos="37.95,38.5,32.199999999999996" vel="0,0,0" mass="1" elasticityCoef="1" ang="90,0,0" color="0,220,0" radius="0.5" length="4" />
		<capsule pos="37.95,38.5,34.49999999999999" vel="0,0,0" mass="1" elasticityCoef="1" ang="90,0,0" color="0,220,0" radius="0.5" length="4" />
		<capsule pos="37.95,38.5,36.800000000000004" vel="0,0,0" mass="1" elasticityCoef="1" ang="90,0,0" color="0,220,0" radius="0.5" length="4" />
		<capsule pos="37.95,38.5,39.1" vel="0,0,0" mass="1" elasticityCoef="1" ang="90,0,0" color="0,220,0" radius="0.5" length="4" />
		<capsule pos="37.95,38.5,41.4" vel="0,0,0" mass="1" elasticityCoef="1" ang="90,0,0" color="0,220,0" radius="0.5" length="4" />
		<capsule pos="37.95,44.0,-43.699999999999996" vel="0,0,0" mass="1" elasticityCoef="1" ang="90,0,0" color="0,220,0" radius="0.5" length="4" />
		<capsule pos="37.95,44.0,-41.4" vel="0,0,0" mass="1" elasticityCoef="1" ang="90,0,0" color="0,220,0" radius="0.5" length="4" />
		<capsule pos="37.95,44.0,-39.099999999999994" vel="0,0,0" mass="1" elasticityCoef="1" ang="90,0,0" color="0,220,0" radius="0.5" length="4" />
		<capsule pos="37.95,44.0,-36.8" vel="0,0,0" mass="1" elasticityCoef="1" ang="90,0,0" color="0,220,0" radius="0.5" length="4" />
		<capsule pos="37.95,44.0,-34.5" vel="0,0,0" mass="1" elasticityCoef="1" ang="90,0,0" color="0,220,0" radius="0.5" length="4" />
		<capsule pos="37.95,44.0,-32.199999999999996" vel="0,0,0" mass="1" elasticityCoef="1" ang="90,0,0" color="0,220,0" radius="0.5" length="4" />
		<capsule pos="37.95,44.0,-29.9" vel="0,0,0" mass="1" elasticityCoef="1" ang="90,0,0" color="0,220,0" radius="0.5" length="4" />
		<capsule pos="37.95,44.0,-27.599999999999998" vel="0,0,0" mass="1" elasticityCoef="1" ang="90,0,0" color="0,220,0" radius="0.5" length="4" />
		<capsule pos="37.95,44.0,-25.299999999999997" vel="0,0,0" mass="1" elasticityCoef="1" ang="90,0,0" color="0,220,0" radius="0.5" length="4" />
		<capsule pos="37.95,44.0,-22.999999999999996" vel="0,0,0" mass="1" elasticityCoef="1" ang="90,0,0" color="0,220,0" radius="0.5" length="4" />
		<capsule pos="37.95,44.0,-20.699999999999996" vel="0,0,0" mass="1" elasticityCoef="1" ang="90,0,0" color="0,220,0" radius="0.5" length="4" />
		<capsule pos="37.95,44.0,-18.4" vel="0,0,0" mass="1" elasticityCoef="1" ang="90,0,0" color="0,220,0" radius="0.5" length="4" />
		<capsule pos="37.95,44.0,-16.099999999999998" vel="0,0,0" mass="1" elasticityCoef="1" ang="90,0,0" color="0,220,0" radius="0.5" length="4" />
		<capsule pos="37.95,44.0,-13.799999999999997" vel="0,0,0" mass="1" elasticityCoef="1" ang="90,0,0" color="0,220,0" radius="0.5" length="4" />
		<capsule pos="37.95,44.0,-11.5" vel="0,0,0" mass="1" elasticityCoef="1" ang="90,0,0" color="0,220,0" radius="0.5" length="4" />
		<capsule pos="37.95,44.0,-9.199999999999996" vel="0,0,0" mass="1" elasticityCoef="1" ang="90,0,0" color="0,220,0" radius="0.5" length="4" />
		<capsule pos="37.95,44.0,-6.899999999999999" vel="0,0,0" mass="1" elasticityCoef="1" ang="90,0,0" color="0,220,0" radius="0.5" length="4" />
		<capsule pos="37.95,44.0,-4.600000000000001" vel="0,0,0" mass="1" elasticityCoef="1" ang="90,0,0" color="0,220,0" radius="0.5" length="4" />
		<capsule pos="37.95,44.0,-2.299999999999997" vel="0,0,0" mass="1" elasticityCoef="1" ang="90,0,0" color="0,220,0" radius="0.5" length="4" />
		<capsule pos="37.95,44.0,0.0" vel="0,0,0" mass="1" elasticityCoef="1" ang="90,0,0" color="0,220,0" radius="0.5" length="4" />
		<capsule pos="37.95,44.0,2.3000000000000043" vel="0,0,0" mass="1" elasticityCoef="1" ang="90,0,0" color="0,220,0" radius="0.5" length="4" />
		<capsule pos="37.95,44.0,4.600000000000001" vel="0,0,0" mass="1" elasticityCoef="1" ang="90,0,0" color="0,220,0" radius="0.5" length="4" />
		<capsule pos="37.95,44.0,6.899999999999999" vel="0,0,0" mass="1" elasticityCoef="1" ang="90,0,0" color="0,220,0" radius="0.5" length="4" />
		<capsule pos="37.95,44.0,9.200000000000003" vel="0,0,0" mass="1" elasticityCoef="1" ang="90,0,0" color="0,220,0" radius="0.5" length="4" />
		<capsule pos="37.95,44.0,11.5" vel="0,0,0" mass="1" elasticityCoef="1" ang="90,0,0" color="0,220,0" radius="0.5" length="4" />
		<capsule pos="37.95,44.0,13.799999999999997" vel="0,0,0" mass="1" elasticityCoef="1" ang="90,0,0" color="0,220,0" radius="0.5" length="4" />
		<capsule pos="37.95,44.0,16.1" vel="0,0,0" mass="1" elasticityCoef="1" ang="90,0,0" color="0,220,0" radius="0.5" length="4" />
		<capsule pos="37.95,44.0,18.4" vel="0,0,0" mass="1" elasticityCoef="1" ang="90,0,0" color="0,220,0" radius="0.5" length="4" />
		<capsule pos="37.95,44.0,20.699999999999996" vel="0,0,0" mass="1" elasticityCoef="1" ang="90,0,0" color="0,220,0" radius="0.5" length="4" />
		<capsule pos="37.95,44.0,22.999999999999993" vel="0,0,0" mass="1" elasticityCoef="1" ang="90,0,0" color="0,220,0" radius="0.5" length="4" />
		<capsule pos="37.95,44.0,25.300000000000004" vel="0,0,0" mass="1" elasticityCoef="1" ang="90,0,0" color="0,220,0" radius="0.5" length="4" />
		<capsule pos="37.95,44.0,27.6" vel="0,0,0" mass="1" elasticityCoef="1" ang="90,0,0" color="0,220,0" radius="0.5" length="4" />
		<capsule pos="37.95,44.0,29.9" vel="0,0,0" mass="1" elasticityCoef="1" ang="90,0,0" color="0,220,0" radius="0.5" length="4" />
		<capsule pos="37.95,44.0,32.199999999999996" vel="0,0,0" mass="1" elasticityCoef="1" ang="90,0,0" color="0,220,0" radius="0.5" length="4" />
		<capsule pos="37.95,44.0,34.49999999999999" vel="0,0,0" mass="1" elasticityCoef="1" ang="90,0,0" color="0,220,0" radius="0.5" length="4" />
		<capsule pos="37.95,44.0,36.800000000000004" vel="0,0,0" mass="1" elasticityCoef="1" ang="90,0,0" color="0,220,0" radius="0.5" length="4" />
		<capsule pos="37.95,44.0,39.1" vel="0,0,0" mass="1" elasticityCoef="1" ang="90,0,0" color="0,220,0" radius="0.5" length="4" />
		<capsule pos="37.95,44.0,41.4" vel="0,0,0" mass="1" elasticityCoef="1" ang="90,0,0" color="0,220,0" radius="0.5" length="4" />
		<capsule pos="40.25,-49.5,-43.699999999999996" vel="0,0,0" mass="1" elasticityCoef="1" ang="90,0,0" color="0,220,0" radius="0.5" length="4" />
		<capsule pos="40.25,-49.5,-41.4" vel="0,0,0" mass="1" elasticityCoef="1" ang="90,0,0" color="0,220,0" radius="0.5" length="4" />
		<capsule pos="40.25,-49.5,-39.099999999999994" vel="0,0,0" mass="1" elasticityCoef="1" ang="90,0,0" color="0,220,0" radius="0.5" length="4" />
		<capsule pos="40.25,-49.5,-36.8" vel="0,0,0" mass="1" elasticityCoef="1" ang="90,0,0" color="0,220,0" radius="0.5" length="4" />
		<capsule pos="40.25,-49.5,-34.5" vel="0,0,0" mass="1" elasticityCoef="1" ang="90,0,0" color="0,220,0" radius="0.5" length="4" />
		<capsule pos="40.25,-49.5,-32.199999999999996" vel="0,0,0" mass="1" elasticityCoef="1" ang="90,0,0" color="0,220,0" radius="0.5" length="4" />
		<capsule pos="40.25,-49.5,-29.9" vel="0,0,0" mass="1" elasticityCoef="1" ang="90,0,0" color="0,220,0" radius="0.5" length="4" />
		<capsule pos="40.25,-49.5,-27.599999999999998" vel="0,0,0" mass="1" elasticityCoef="1" ang="90,0,0" color="0,220,0" radius="0.5" length="4" />
		<capsule pos="40.25,-49.5,-25.299999999999997" vel="0,0,0" mass="1" elasticityCoef="1" ang="90,0,0" color="0,220,0" radius="0.5" length="4" />
		<capsule pos="40.25,-49.5,-22.999999999999996" vel="0,0,0" mass="1" elasticityCoef="1" ang="90,0,0" color="0,220,0" radius="0.5" length="4" />
		<capsule pos="40.25,-49.5,-20.699999999999996" vel="0,0,0" mass="1" elasticityCoef="1" ang="90,0,0" color="0,220,0" radius="0.5" length="4" />
		<capsule pos="40.25,-49.5,-18.4" vel="0,0,0" mass="1" elasticityCoef="1" ang="90,0,0" color="0,220,0" radius="0.5" length="4" />
		<capsule pos="40.25,-49.5,-16.099999999999998" vel="0,0,0" mass="1" elasticityCoef="1" ang="90,0,0" color="0,220,0" radius="0.5" length="4" />
		<capsule pos="40.25,-49.5,-13.799999999999997" vel="0,0,0" mass="1" elasticityCoef="1" ang="90,0,0" color="0,220,0" radius="0.5" length="4" />
		<capsule pos="40.25,-49.5,-11.5" vel="0,0,0" mass="1" elasticityCoef="1" ang="90,0,0" color="0,220,0" radius="0.5" length="4" />
		<capsule pos="40.25,-49.5,-9.199999999999996" vel="0,0,0" mass="1" elasticityCoef="1" ang="90,0,0" color="0,220,0" radius="0.5" length="4" />
		<capsule pos="40.25,-49.5,-6.899999999999999" vel="0,0,0" mass="1" elasticityCoef="1" ang="90,0,0" color="0,220,0" radius="0.5" length="4" />
		<capsule pos="40.25,-49.5,-4.600000000000001" vel="0,0,0" mass="1" elasticityCoef="1" ang="90,0,0" color="0,220,0" radius="0.5" length="4" />
		<capsule pos="40.25,-49.5,-2.299999999999997" vel="0,0,0" mass="1" elasticityCoef="1" ang="90,0,0" color="0,220,0" radius="0.5" length="4" />
		<capsule pos="40.25,-49.5,0.0" vel="0,0,0" mass="1" elasticityCoef="1" ang="90,0,0" color="0,220,0" radius="0.5" length="4" />
		<capsule pos="40.25,-49.5,2.3000000000000043" vel="0,0,0" mass="1" elasticityCoef="1" ang="90,0,0" color="0,220,0" radius="0.5" length="4" />
		<capsule pos="40.25,-49.5,4.600000000000001" vel="0,0,0" mass="1" elasticityCoef="1" ang="90,0,0" color="0,220,0" radius="0.5" length="4" />
		<capsule pos="40.25,-49.5,6.899999999999999" vel="0,0,0" mass="1" elasticityCoef="1" ang="90,0,0" color="0,220,0" radius="0.5" length="4" />
		<capsule pos="40.25,-49.5,9.200000000000003" vel="0,0,0" mass="1" elasticityCoef="1" ang="90,0,0" color="0,220,0" radius="0.5" length="4" />
		<capsule pos="40.25,-49.5,11.5" vel="0,0,0" mass="1" elasticityCoef="1" ang="90,0,0" color="0,220,0" radius="0.5" length="4" />
		<capsule pos="40.25,-49.5,13.799999999999997" vel="0,0,0" mass="1" elasticityCoef="1" ang="90,0,0" color="0,220,0" radius="0.5" length="4" />
		<capsule pos="40.25,-49.5,16.1" vel="0,0,0" mass="1" elasticityCoef="1" ang="90,0,0" color="0,220,0" radius="0.5" length="4" />
		<capsule pos="40.25,-49.5,18.4" vel="0,0,0" mass="1" elasticityCoef="1" ang="90,0,0" color="0,220,0" radius="0.5" length="4" />
		<capsule pos="40.25,-49.5,20.699999999999996" vel="0,0,0" mass="1" elasticityCoef="1" ang="90,0,0" color="0,220,0" radius="0.5" length="4" />
		<capsule pos="40.25,-49.5,22.999999999999993" vel="0,0,0" mass="1" elasticityCoef="1" ang="90,0,0" color="0,220,0" radius="0.5" length="4" />
		<capsule pos="40.25,-49.5,25.300000000000004" vel="0,0,0" mass="1" elasticityCoef="1" ang="90,0,0" color="0,220,0" radius="0.5" length="4" />
		<capsule pos="40.25,-49.5,27.6" vel="0,0,0" mass="1" elasticityCoef="1" ang="90,0,0" color="0,220,0" radius="0.5" length="4" />
		<capsule pos="40.25,-49.5,29.9" vel="0,0,0" mass="1" elasticityCoef="1" ang="90,0,0" color="0,220,0" radius="0.5" length="4" />
		<capsule pos="40.25,-49.5,32.199999999999996" vel="0,0,0" mass="1" elasticityCoef="1" ang="90,0,0" color="0,220,0" radius="0.5" length="4" />
		<capsule pos="40.25,-49.5,34.49999999999999" vel="0,0,0" mass="1" elasticityCoef="1" ang="90,0,0" color="0,220,0" radius="0.5" length="4" />
		<capsule pos="40.25,-49.5,36.800000000000004" vel="0,0,0" mass="1" elasticityCoef="1" ang="90,0,0" color="0,220,0" radius="0.5" length="4" />
		<capsule pos="40.25,-49.5,39.1" vel="0,0,0" mass="1" elasticityCoef="1" ang="90,0,0" color="0,220,0" radius="0.5" length="4" />
		<capsule pos="40.25,-49.5,41.4" vel="0,0,0" mass="1" elasticityCoef="1" ang="90,0,0" color="0,220,0" radius="0.5" length="4" />
		<capsule pos="40.25,-44.0,-43.699999999999996" vel="0,0,0" mass="1" elasticityCoef="1" ang="90,0,0" color="0,220,0" radius="0.5" length="4" />
		<capsule pos="40.25,-44.0,-41.4" vel="0,0,0" mass="1" elasticityCoef="1" ang="90,0,0" color="0,220,0" radius="0.5" length="4" />
		<capsule pos="40.25,-44.0,-39.099999999999994" vel="0,0,0" mass="1" elasticityCoef="1" ang="90,0,0" color="0,220,0" radius="0.5" length="4" />
		<capsule pos="40.25,-44.0,-36.8" vel="0,0,0" mass="1" elasticityCoef="1" ang="90,0,0" color="0,220,0" radius="0.5" length="4" />
		<capsule pos="40.25,-44.0,-34.5" vel="0,0,0" mass="1" elasticityCoef="1" ang="90,0,0" color="0,220,0" radius="0.5" length="4" />
		<capsule pos="40.25,-44.0,-32.199999999999996" vel="0,0,0" mass="1" elasticityCoef="1" ang="90,0,0" color="0,220,0" radius="0.5" length="4" />
		<capsule pos="40.25,-44.0,-29.9" vel="0,0,0" mass="1" elasticityCoef="1" ang="90,0,0" color="0,220,0" radius="0.5" length="4" />
		<capsule pos="40.25,-44.0,-27.599999999999998" vel="0,0,0" mass="1" elasticityCoef="1" ang="90,0,0" color="0,220,0" radius="0.5" length="4" />
		<capsule pos="40.25,-44.0,-25.299999999999997" vel="0,0,0" mass="1" elasticityCoef="1" ang="90,0,0" color="0,220,0" radius="0.5" length="4" />
		<capsule pos="40.25,-44.0,-22.999999999999996" vel="0,0,0" mass="1" elasticityCoef="1" ang="90,0,0" color="0,220,0" radius="0.5" length="4" />
		<capsule pos="40.25,-44.0,-20.699999999999996" vel="0,0,0" mass="1" elasticityCoef="1" ang="90,0,0" color="0,220,0" radius="0.5" length="4" />
		<capsule pos="40.25,-44.0,-18.4" vel="0,0,0" mass="1" elasticityCoef="1" ang="90,0,0" color="0,220,0" radius="0.5" length="4" />
		<capsule pos="40.25,-44.0,-16.099999999999998" vel="0,0,0" mass="1" elasticityCoef="1" ang="90,0,0" color="0,220,0" radius="0.5" length="4" />
		<capsule pos="40.25,-44.0,-13.799999999999997" vel="0,0,0" mass="1" elasticityCoef="1" ang="90,0,0" color="0,220,0" radius="0.5" length="4" />
		<capsule pos="40.25,-44.0,-11.5" vel="0,0,0" mass="1" elasticityCoef="1" ang="90,0,0" color="0,220,0" radius="0.5" length="4" />
		<capsule pos="40.25,-44.0,-9.199999999999996" vel="0,0,0" mass="1" elasticityCoef="1" ang="90,0,0" color="0,220,0" radius="0.5" length="4" />
		<capsule pos="40.25,-44.0,-6.899999999999999" vel="0,0,0" mass="1" elasticityCoef="1" ang="90,0,0" color="0,220,0" radius="0.5" length="4" />
		<capsule pos="40.25,-44.0,-4.600000000000001" vel="0,0,0" mass="1" elasticityCoef="1" ang="90,0,0" color="0,220,0" radius="0.5" length="4" />
		<capsule pos="40.25,-44.0,-2.299999999999997" vel="0,0,0" mass="1" elasticityCoef="1" ang="90,0,0" color="0,220,0" radius="0.5" length="4" />
		<capsule pos="40.25,-44.0,0.0" vel="0,0,0" mass="1" elasticityCoef="1" ang="90,0,0" color="0,220,0" radius="0.5" length="4" />
		<capsule pos="40.25,-44.0,2.3000000000000043" vel="0,0,0" mass="1" elasticityCoef="1" ang="90,0,0" color="0,220,0" radius="0.5" length="4" />
		<capsule pos="40.25,-44.0,4.600000000000001" vel="0,0,0" mass="1" elasticityCoef="1" ang="90,0,0" color="0,220,0" radius="0.5" length="4" />
		<capsule pos="40.25,-44.0,6.899999999999999" vel="0,0,0" mass="1" elasticityCoef="1" ang="90,0,0" color="0,220,0" radius="0.5" length="4" />
		<capsule pos="40.25,-44.0,9.200000000000003" vel="0,0,0" mass="1" elasticityCoef="1" ang="90,0,0" color="0,220,0" radius="0.5" length="4" />
		<capsule pos="40.25,-44.0,11.5" vel="0,0,0" mass="1" elasticityCoef="1" ang="90,0,0" color="0,220,0" radius="0.5" length="4" />
		<capsule pos="40.25,-44.0,13.799999999999997" vel="0,0,0" mass="1" elasticityCoef="1" ang="90,0,0" color="0,220,0" radius="0.5" length="4" />
		<capsule pos="40.25,-44.0,16.1" vel="0,0,0" mass="1" elasticityCoef="1" ang="90,0,0" color="0,220,0" radius="0.5" length="4" />
		<capsule pos="40.25,-44.0,18.4" vel="0,0,0" mass="1" elasticityCoef="1" ang="90,0,0" color="0,220,0" radius="0.5" length="4" />
		<capsule pos="40.25,-44.0,20.699999999999996" vel="0,0,0" mass="1" elasticityCoef="1" ang="90,0,0" color="0,220,0" radius="0.5" length="4" />
		<capsule pos="40.25,-44.0,22.999999999999993" vel="0,0,0" mass="1" elasticityCoef="1" ang="90,0,0" color="0,220,0" radius="0.5" length="4" />
		<capsule pos="40.25,-44.0,25.300000000000004" vel="0,0,0" mass="1" elasticityCoef="1" ang="90,0,0" color="0,220,0" radius="0.5" length="4" />
		<capsule pos="40.25,-44.0,27.6" vel="0,0,0" mass="1" elasticityCoef="1" ang="90,0,0" color="0,220,0" radius="0.5" length="4" />
		<capsule pos="40.25,-44.0,29.9" vel="0,0,0" mass="1" elasticityCoef="1" ang="90,0,0" color="0,220,0" radius="0.5" length="4" />
		<capsule pos="40.25,-44.0,32.199999999999996" vel="0,0,0" mass="1" elasticityCoef="1" ang="90,0,0" color="0,220,0" radius="0.5" length="4" />
		<capsule pos="40.25,-44.0,34.49999999999999" vel="0,0,0" mass="1" elasticityCoef="1" ang="90,0,0" color="0,220,0" radius="0.5" length="4" />
		<capsule pos="40.25,-44.0,36.800000000000004" vel="0,0,0" mass="1" elasticityCoef="1" ang="90,0,0" color="0,220,0" radius="0.5" length="4" />
		<capsule pos="40.25,-44.0,39.1" vel="0,0,0" mass="1" elasticityCoef="1" ang="90,0,0" color="0,220,0" radius="0.5" length="4" />
		<capsule pos="40.25,-44.0,41.4" vel="0,0,0" mass="1" elasticityCoef="1" ang="90,0,0" color="0,220,0" radius="0.5" length="4" />
		<capsule pos="40.25,-38.5,-43.699999999999996" vel="0,0,0" mass="1" elasticityCoef="1" ang="90,0,0" color="0,220,0" radius="0.5" length="4" />
		<capsule pos="40.25,-38.5,-41.4" vel="0,0,0" mass="1" elasticityCoef="1" ang="90,0,0" color="0,220,0" radius="0.5" length="4" />
		<capsule pos="40.25,-38.5,-39.099999999999994" vel="0,0,0" mass="1" elasticityCoef="1" ang="90,0,0" color="0,220,0" radius="0.5" length="4" />
		<capsule pos="40.25,-38.5,-36.8" vel="0,0,0" mass="1" elasticityCoef="1" ang="90,0,0" color="0,220,0" radius="0.5" length="4" />
		<capsule pos="40.25,-38.5,-34.5" vel="0,0,0" mass="1" elasticityCoef="1" ang="90,0,0" color="0,220,0" radius="0.5" length="4" />
		<capsule pos="40.25,-38.5,-32.199999999999996" vel="0,0,0" mass="1" elasticityCoef="1" ang="90,0,0" color="0,220,0" radius="0.5" length="4" />
		<capsule pos="40.25,-38.5,-29.9" vel="0,0,0" mass="1" elasticityCoef="1" ang="90,0,0" color="0,220,0" radius="0.5" length="4" />
		<capsule pos="40.25,-38.5,-27.599999999999998" vel="0,0,0" mass="1" elasticityCoef="1" ang="90,0,0" color="0,220,0" radius="0.5" length="4" />
		<capsule pos="40.25,-38.5,-25.299999999999997" vel="0,0,0" mass="1" elasticityCoef="1" ang="90,0,0" color="0,220,0" radius="0.5" length="4" />
		<capsule pos="40.25,-38.5,-22.999999999999996" vel="0,0,0" mass="1" elasticityCoef="1" ang="90,0,0" color="0,220,0" radius="0.5" length="4" />
		<capsule pos="40.25,-38.5,-20.699999999999996" vel="0,0,0" mass="1" elasticityCoef="1" ang="90,0,0" color="0,220,0" radius="0.5" length="4" />
		<capsule pos="40.25,-38.5,-18.4" vel="0,0,0" mass="1" elasticityCoef="1" ang="90,0,0" color="0,220,0" radius="0.5" length="4" />
		<capsule pos="40.25,-38.5,-16.099999999999998" vel="0,0,0" mass="1" elasticityCoef="1" ang="90,0,0" color="0,220,0" radius="0.5" length="4" />
		<capsule pos="40.25,-38.5,-13.799999999999997" vel="0,0,0" mass="1" elasticityCoef="1" ang="90,0,0" color="0,220,0" radius="0.5" length="4" />
		<capsule pos="40.25,-38.5,-11.5" vel="0,0,0" mass="1" elasticityCoef="1" ang="90,0,0" color="0,220,0" radius="0.5" length="4" />
		<capsule pos="40.25,-38.5,-9.199999999999996" vel="0,0,0" mass="1" elasticityCoef="1" ang="90,0,0" color="0,220,0" radius="0.5" length="4" />
		<capsule pos="40.25,-38.5,-6.899999999999999" vel="0,0,0" mass="1" elasticityCoef="1" ang="90,0,0" color="0,220,0" radius="0.5" length="4" />
		<capsule pos="40.25,-38.5,-4.600000000000001" vel="0,0,0" mass="1" elasticityCoef="1" ang="90,0,0" color="0,220,0" radius="0.5" length="4" />
		<capsule pos="40.25,-38.5,-2.299999999999997" vel="0,0,0" mass="1" elasticityCoef="1" ang="90,0,0" color="0,220,0" radius="0.5" length="4" />
		<capsule pos="40.25,-38.5,0.0" vel="0,0,0" mass="1" elasticityCoef="1" ang="90,0,0" color="0,220,0" radius="0.5" length="4" />
		<capsule pos="40.25,-38.5,2.3000000000000043" vel="0,0,0" mass="1" elasticityCoef="1" ang="90,0,0" color="0,220,0" radius="0.5" length="4" />
		<capsule pos="40.25,-38.5,4.600000000000001" vel="0,0,0" mass="1" elasticityCoef="1" ang="90,0,0" color="0,220,0" radius="0.5" length="4" />
		<capsule pos="40.25,-38.5,6.899999999999999" vel="0,0,0" mass="1" elasticityCoef="1" ang="90,0,0" color="0,220,0" radius="0.5" length="4" />
		<capsule pos="40.25,-38.5,9.200000000000003" vel="0,0,0" mass="1" elasticityCoef="1" ang="90,0,0" color="0,220,0" radius="0.5" length="4" />
		<capsule pos="40.25,-38.5,11.5" vel="0,0,0" mass="1" elasticityCoef="1" ang="90,0,0" color="0,220,0" radius="0.5" length="4" />
		<capsule pos="40.25,-38.5,13.799999999999997" vel="0,0,0" mass="1" elasticityCoef="1" ang="90,0,0" color="0,220,0" radius="0.5" length="4" />
		<capsule pos="40.25,-38.5,16.1" vel="0,0,0" mass="1" elasticityCoef="1" ang="90,0,0" color="0,220,0" radius="0.5" length="4" />
		<capsule pos="40.25,-38.5,18.4" vel="0,0,0" mass="1" elasticityCoef="1" ang="90,0,0" color="0,220,0" radius="0.5" length="4" />
		<capsule pos="40.25,-38.5,20.699999999999996" vel="0,0,0" mass="1" elasticityCoef="1" ang="90,0,0" color="0,220,0" radius="0.5" length="4" />
		<capsule pos="40.25,-38.5,22.999999999999993" vel="0,0,0" mass="1" elasticityCoef="1" ang="90,0,0" color="0,220,0" radius="0.5" length="4" />
		<capsule pos="40.25,-38.5,25.300000000000004" vel="0,0,0" mass="1" elasticityCoef="1" ang="90,0,0" color="0,220,0" radius="0.5" length="4" />
		<capsule pos="40.25,-38.5,27.6" vel="0,0,0" mass="1" elasticityCoef="1" ang="90,0,0" color="0,220,0" radius="0.5" length="4" />
		<capsule pos="40.25,-38.5,29.9" vel="0,0,0" mass="1" elasticityCoef="1" ang="90,0,0" color="0,220,0" radius="0.5" length="4" />
		<capsule pos="40.25,-38.5,32.199999999999996" vel="0,0,0" mass="1" elasticityCoef="1" ang="90,0,0" color="0,220,0" radius="0.5" length="4" />
		<capsule pos="40.25,-38.5,34.49999999999999" vel="0,0,0" mass="1" elasticityCoef="1" ang="90,0,0" color="0,220,0" radius="0.5" length="4" />
		<capsule pos="40.25,-38.5,36.800000000000004" vel="0,0,0" mass="1" elasticityCoef="1" ang="90,0,0" color="0,220,0" radius="0.5" length="4" />
		<capsule pos="40.25,-38.5,39.1" vel="0,0,0" mass="1" elasticityCoef="1" ang="90,0,0" color="0,220,0" radius="0.5" length="4" />
		<capsule pos="40.25,-38.5,41.4" vel="0,0,0" mass="1" elasticityCoef="1" ang="90,0,0" color="0,220,0" radius="0.5" length="4" />
		<capsule pos="40.25,-33.0,-43.699999999999996" vel="0,0,0" mass="1" elasticityCoef="1" ang="90,0,0" color="0,220,0" radius="0.5" length="4" />
		<capsule pos="40.25,-33.0,-41.4" vel="0,0,0" mass="1" elasticityCoef="1" ang="90,0,0" color="0,220,0" radius="0.5" length="4" />
		<capsule pos="40.25,-33.0,-39.099999999999994" vel="0,0,0" mass="1" elasticityCoef="1" ang="90,0,0" color="0,220,0" radius="0.5" length="4" />
		<capsule pos="40.25,-33.0,-36.8" vel="0,0,0" mass="1" elasticityCoef="1" ang="90,0,0" color="0,220,0" radius="0.5" length="4" />
		<capsule pos="40.25,-33.0,-34.5" vel="0,0,0" mass="1" elasticityCoef="1" ang="90,0,0" color="0,220,0" radius="0.5" length="4" />
		<capsule pos="40.25,-33.0,-32.199999999999996" vel="0,0,0" mass="1" elasticityCoef="1" ang="90,0,0" color="0,220,0" radius="0.5" length="4" />
		<capsule pos="40.25,-33.0,-29.9" vel="0,0,0" mass="1" elasticityCoef="1" ang="90,0,0" color="0,220,0" radius="0.5" length="4" />
		<capsule pos="40.25,-33.0,-27.599999999999998" vel="0,0,0" mass="1" elasticityCoef="1" ang="90,0,0" color="0,220,0" radius="0.5" length="4" />
		<capsule pos="40.25,-33.0,-25.299999999999997" vel="0,0,0" mass="1" elasticityCoef="1" ang="90,0,0" color="0,220,0" radius="0.5" length="4" />
		<capsule pos="40.25,-33.0,-22.999999999999996" vel="0,0,0" mass="1" elasticityCoef="1" ang="90,0,0" color="0,220,0" radius="0.5" length="4" />
		<capsule pos="40.25,-33.0,-20.699999999999996" vel="0,0,0" mass="1" elasticityCoef="1" ang="90,0,0" color="0,220,0" radius="0.5" length="4" />
		<capsule pos="40.25,-33.0,-18.4" vel="0,0,0" mass="1" elasticityCoef="1" ang="90,0,0" color="0,220,0" radius="0.5" length="4" />
		<capsule pos="40.25,-33.0,-16.099999999999998" vel="0,0,0" mass="1" elasticityCoef="1" ang="90,0,0" color="0,220,0" radius="0.5" length="4" />
		<capsule pos="40.25,-33.0,-13.799999999999997" vel="0,0,0" mass="1" elasticityCoef="1" ang="90,0,0" color="0,220,0" radius="0.5" length="4" />
		<capsule pos="40.25,-33.0,-11.5" vel="0,0,0" mass="1" elasticityCoef="1" ang="90,0,0" color="0,220,0" radius="0.5" length="4" />
		<capsule pos="40.25,-33.0,-9.199999999999996" vel="0,0,0" mass="1" elasticityCoef="1" ang="90,0,0" color="0,220,0" radius="0.5" length="4" />
		<capsule pos="40.25,-33.0,-6.899999999999999" vel="0,0,0" mass="1" elasticityCoef="1" ang="90,0,0" color="0,220,0" radius="0.5" length="4" />
		<capsule pos="40.25,-33.0,-4.600000000000001" vel="0,0,0" mass="1" elasticityCoef="1" ang="90,0,0" color="0,220,0" radius="0.5" length="4" />
		<capsule pos="40.25,-33.0,-2.299999999999997" vel="0,0,0" mass="1" elasticityCoef="1" ang="90,0,0" color="0,220,0" radius="0.5" length="4" />
		<capsule pos="40.25,-33.0,0.0" vel="0,0,0" mass="1" elasticityCoef="1" ang="90,0,0" color="0,220,0" radius="0.5" length="4" />
		<capsule pos="40.25,-33.0,2.3000000000000043" vel="0,0,0" mass="1" elasticityCoef="1" ang="90,0,0" color="0,220,0" radius="0.5" length="4" />
		<capsule pos="40.25,-33.0,4.600000000000001" vel="0,0,0" mass="1" elasticityCoef="1" ang="90,0,0" color="0,220,0" radius="0.5" length="4" />
		<capsule pos="40.25,-33.0,6.899999999999999" vel="0,0,0" mass="1" elasticityCoef="1" ang="90,0,0" color="0,220,0" radius="0.5" length="4" />
		<capsule pos="40.25,-33.0,9.200000000000003" vel="0,0,0" mass="1" elasticityCoef="1" ang="90,0,0" color="0,220,0" radius="0.5" length="4" />
		<capsule pos="40.25,-33.0,11.5" vel="0,0,0" mass="1" elasticityCoef="1" ang="90,0,0" color="0,220,0" radius="0.5" length="4" />
		<capsule pos="40.25,-33.0,13.799999999999997" vel="0,0,0" mass="1" elasticityCoef="1" ang="90,0,0" color="0,220,0" radius="0.5" length="4" />
		<capsule pos="40.25,-33.0,16.1" vel="0,0,0" mass="1" elasticityCoef="1" ang="90,0,0" color="0,220,0" radius="0.5" length="4" />
		<capsule pos="40.25,-33.0,18.4" vel="0,0,0" mass="1" elasticityCoef="1" ang="90,0,0" color="0,220,0" radius="0.5" length="4" />
		<capsule pos="40.25,-33.0,20.699999999999996" vel="0,0,0" mass="1" elasticityCoef="1" ang="90,0,0" color="0,220,0" radius="0.5" length="4" />
		<capsule pos="40.25,-33.0,22.999999999999993" vel="0,0,0" mass="1" elasticityCoef="1" ang="90,0,0" color="0,220,0" radius="0.5" length="4" />
		<capsule pos="40.25,-33.0,25.300000000000004" vel="0,0,0" mass="1" elasticityCoef="1" ang="90,0,0" color="0,220,0" radius="0.5" length="4" />
		<capsule pos="40.25,-33.0,27.6" vel="0,0,0" mass="1" elasticityCoef="1" ang="90,0,0" color="0,220,0" radius="0.5" length="4" />
		<capsule pos="40.25,-33.0,29.9" vel="0,0,0" mass="1" elasticityCoef="1" ang="90,0,0" color="0,220,0" radius="0.5" length="4" />
		<capsule pos="40.25,-33.0,32.199999999999996" vel="0,0,0" mass="1" elasticityCoef="1" ang="90,0,0" color="0,220,0" radius="0.5" length="4" />
		<capsule pos="40.25,-33.0,34.49999999999999" vel="0,0,0" mass="1" elasticityCoef="1" ang="90,0,0" color="0,220,0" radius="0.5" length="4" />
		<capsule pos="40.25,-33.0,36.800000000000004" vel="0,0,0" mass="1" elasticityCoef="1" ang="90,0,0" color="0,220,0" radius="0.5" length="4" />
		<capsule pos="40.25,-33.0,39.1" vel="0,0,0" mass="1" elasticityCoef="1" ang="90,0,0" color="0,220,0" radius="0.5" length="4" />
		<capsule pos="40.25,-33.0,41.4" vel="0,0,0" mass="1" elasticityCoef="1" ang="90,0,0" color="0,220,0" radius="0.5" length="4" />
		<capsule pos="40.25,-27.5,-43.699999999999996" vel="0,0,0" mass="1" elasticityCoef="1" ang="90,0,0" color="0,220,0" radius="0.5" length="4" />
		<capsule pos="40.25,-27.5,-41.4" vel="0,0,0" mass="1" elasticityCoef="1" ang="90,0,0" color="0,220,0" radius="0.5" length="4" />
		<capsule pos="40.25,-27.5,-39.099999999999994" vel="0,0,0" mass="1" elasticityCoef="1" ang="90,0,0" color="0,220,0" radius="0.5" length="4" />
		<capsule pos="40.25,-27.5,-36.8" vel="0,0,0" mass="1" elasticityCoef="1" ang="90,0,0" color="0,220,0" radius="0.5" length="4" />
		<capsule pos="40.25,-27.5,-34.5" vel="0,0,0" mass="1" elasticityCoef="1" ang="90,0,0" color="0,220,0" radius="0.5" length="4" />
		<capsule pos="40.25,-27.5,-32.199999999999996" vel="0,0,0" mass="1" elasticityCoef="1" ang="90,0,0" color="0,220,0" radius="0.5" length="4" />
		<capsule pos="40.25,-27.5,-29.9" vel="0,0,0" mass="1" elasticityCoef="1" ang="90,0,0" color="0,220,0" radius="0.5" length="4" />
		<capsule pos="40.25,-27.5,-27.599999999999998" vel="0,0,0" mass="1" elasticityCoef="1" ang="90,0,0" color="0,220,0" radius="0.5" length="4" />
		<capsule pos="40.25,-27.5,-25.299999999999997" vel="0,0,0" mass="1" elasticityCoef="1" ang="90,0,0" color="0,220,0" radius="0.5" length="4" />
		<capsule pos="40.25,-27.5,-22.999999999999996" vel="0,0,0" mass="1" elasticityCoef="1" ang="90,0,0" color="0,220,0" radius="0.5" length="4" />
		<capsule pos="40.25,-27.5,-20.699999999999996" vel="0,0,0" mass="1" elasticityCoef="1" ang="90,0,0" color="0,220,0" radius="0.5" length="4" />
		<capsule pos="40.25,-27.5,-18.4" vel="0,0,0" mass="1" elasticityCoef="1" ang="90,0,0" color="0,220,0" radius="0.5" length="4" />
		<capsule pos="40.25,-27.5,-16.099999999999998" vel="0,0,0" mass="1" elasticityCoef="1" ang="90,0,0" color="0,220,0" radius="0.5" length="4" />
		<capsule pos="40.25,-27.5,-13.799999999999997" vel="0,0,0" mass="1" elasticityCoef="1" ang="90,0,0" color="0,220,0" radius="0.5" length="4" />
		<capsule pos="40.25,-27.5,-11.5" vel="0,0,0" mass="1" elasticityCoef="1" ang="90,0,0" color="0,220,0" radius="0.5" length="4" />
		<capsule pos="40.25,-27.5,-9.199999999999996" vel="0,0,0" mass="1" elasticityCoef="1" ang="90,0,0" color="0,220,0" radius="0.5" length="4" />
		<capsule pos="40.25,-27.5,-6.899999999999999" vel="0,0,0" mass="1" elasticityCoef="1" ang="90,0,0" color="0,220,0" radius="0.5" length="4" />
		<capsule pos="40.25,-27.5,-4.600000000000001" vel="0,0,0" mass="1" elasticityCoef="1" ang="90,0,0" color="0,220,0" radius="0.5" length="4" />
		<capsule pos="40.25,-27.5,-2.299999999999997" vel="0,0,0" mass="1" elasticityCoef="1" ang="90,0,0" color="0,220,0" radius="0.5" length="4" />
		<capsule pos="40.25,-27.5,0.0" vel="0,0,0" mass="1" elasticityCoef="1" ang="90,0,0" color="0,220,0" radius="0.5" length="4" />
		<capsule pos="40.25,-27.5,2.3000000000000043" vel="0,0,0" mass="1" elasticityCoef="1" ang="90,0,0" color="0,220,0" radius="0.5" length="4" />
		<capsule pos="40.25,-27.5,4.600000000000001" vel="0,0,0" mass="1" elasticityCoef="1" ang="90,0,0" color="0,220,0" radius="0.5" length="4" />
		<capsule pos="40.25,-27.5,6.899999999999999" vel="0,0,0" mass="1" elasticityCoef="1" ang="90,0,0" color="0,220,0" radius="0.5" length="4" />
		<capsule pos="40.25,-27.5,9.200000000000003" vel="0,0,0" mass="1" elasticityCoef="1" ang="90,0,0" color="0,220,0" radius="0.5" length="4" />
		<capsule pos="40.25,-27.5,11.5" vel="0,0,0" mass="1" elasticityCoef="1" ang="90,0,0" color="0,220,0" radius="0.5" length="4" />
		<capsule pos="40.25,-27.5,13.799999999999997" vel="0,0,0" mass="1" elasticityCoef="1" ang="90,0,0" color="0,220,0" radius="0.5" length="4" />
		<capsule pos="40.25,-27.5,16.1" vel="0,0,0" mass="1" elasticityCoef="1" ang="90,0,0" color="0,220,0" radius="0.5" length="4" />
		<capsule pos="40.25,-27.5,18.4" vel="0,0,0" mass="1" elasticityCoef="1" ang="90,0,0" color="0,220,0" radius="0.5" length="4" />
		<capsule pos="40.25,-27.5,20.699999999999996" vel="0,0,0" mass="1" elasticityCoef="1" ang="90,0,0" color="0,220,0" radius="0.5" length="4" />
		<capsule pos="40.25,-27.5,22.999999999999993" vel="0,0,0" mass="1" elasticityCoef="1" ang="90,0,0" color="0,220,0" radius="0.5" length="4" />
		<capsule pos="40.25,-27.5,25.300000000000004" vel="0,0,0" mass="1" elasticityCoef="1" ang="90,0,0" color="0,220,0" radius="0.5" length="4" />
		<capsule pos="40.25,-27.5,27.6" vel="0,0,0" mass="1" elasticityCoef="1" ang="90,0,0" color="0,220,0" radius="0.5" length="4" />
		<capsule pos="40.25,-27.5,29.9" vel="0,0,0" mass="1" elasticityCoef="1" ang="90,0,0" color="0,220,0" radius="0.5" length="4" />
		<capsule pos="40.25,-27.5,32.199999999999996" vel="0,0,0" mass="1" elasticityCoef="1" ang="90,0,0" color="0,220,0" radius="0.5" length="4" />
		<capsule pos="40.25,-27.5,34.49999999999999" vel="0,0,0" mass="1" elasticityCoef="1" ang="90,0,0" color="0,220,0" radius="0.5" length="4" />
		<capsule pos="40.25,-27.5,36.800000000000004" vel="0,0,0" mass="1" elasticityCoef="1" ang="90,0,0" color="0,220,0" radius="0.5" length="4" />
		<capsule pos="40.25,-27.5,39.1" vel="0,0,0" mass="1" elasticityCoef="1" ang="90,0,0" color="0,220,0" radius="0.5" length="4" />
		<capsule pos="40.25,-27.5,41.4" vel="0,0,0" mass="1" elasticityCoef="1" ang="90,0,0" color="0,220,0" radius="0.5" length="4" />
		<capsule pos="40.25,-22.0,-43.699999999999996" vel="0,0,0" mass="1" elasticityCoef="1" ang="90,0,0" color="0,220,0" radius="0.5" length="4" />
		<capsule pos="40.25,-22.0,-41.4" vel="0,0,0" mass="1" elasticityCoef="1" ang="90,0,0" color="0,220,0" radius="0.5" length="4" />
		<capsule pos="40.25,-22.0,-39.099999999999994" vel="0,0,0" mass="1" elasticityCoef="1" ang="90,0,0" color="0,220,0" radius="0.5" length="4" />
		<capsule pos="40.25,-22.0,-36.8" vel="0,0,0" mass="1" elasticityCoef="1" ang="90,0,0" color="0,220,0" radius="0.5" length="4" />
		<capsule pos="40.25,-22.0,-34.5" vel="0,0,0" mass="1" elasticityCoef="1" ang="90,0,0" color="0,220,0" radius="0.5" length="4" />
		<capsule pos="40.25,-22.0,-32.199999999999996" vel="0,0,0" mass="1" elasticityCoef="1" ang="90,0,0" color="0,220,0" radius="0.5" length="4" />
		<capsule pos="40.25,-22.0,-29.9" vel="0,0,0" mass="1" elasticityCoef="1" ang="90,0,0" color="0,220,0" radius="0.5" length="4" />
		<capsule pos="40.25,-22.0,-27.599999999999998" vel="0,0,0" mass="1" elasticityCoef="1" ang="90,0,0" color="0,220,0" radius="0.5" length="4" />
		<capsule pos="40.25,-22.0,-25.299999999999997" vel="0,0,0" mass="1" elasticityCoef="1" ang="90,0,0" color="0,220,0" radius="0.5" length="4" />
		<capsule pos="40.25,-22.0,-22.999999999999996" vel="0,0,0" mass="1" elasticityCoef="1" ang="90,0,0" color="0,220,0" radius="0.5" length="4" />
		<capsule pos="40.25,-22.0,-20.699999999999996" vel="0,0,0" mass="1" elasticityCoef="1" ang="90,0,0" color="0,220,0" radius="0.5" length="4" />
		<capsule pos="40.25,-22.0,-18.4" vel="0,0,0" mass="1" elasticityCoef="1" ang="90,0,0" color="0,220,0" radius="0.5" length="4" />
		<capsule pos="40.25,-22.0,-16.099999999999998" vel="0,0,0" mass="1" elasticityCoef="1" ang="90,0,0" color="0,220,0" radius="0.5" length="4" />
		<capsule pos="40.25,-22.0,-13.799999999999997" vel="0,0,0" mass="1" elasticityCoef="1" ang="90,0,0" color="0,220,0" radius="0.5" length="4" />
		<capsule pos="40.25,-22.0,-11.5" vel="0,0,0" mass="1" elasticityCoef="1" ang="90,0,0" color="0,220,0" radius="0.5" length="4" />
		<capsule pos="40.25,-22.0,-9.199999999999996" vel="0,0,0" mass="1" elasticityCoef="1" ang="90,0,0" color="0,220,0" radius="0.5" length="4" />
		<capsule pos="40.25,-22.0,-6.899999999999999" vel="0,0,0" mass="1" elasticityCoef="1" ang="90,0,0" color="0,220,0" radius="0.5" length="4" />
		<capsule pos="40.25,-22.0,-4.600000000000001" vel="0,0,0" mass="1" elasticityCoef="1" ang="90,0,0" color="0,220,0" radius="0.5" length="4" />
		<capsule pos="40.25,-22.0,-2.299999999999997" vel="0,0,0" mass="1" elasticityCoef="1" ang="90,0,0" color="0,220,0" radius="0.5" length="4" />
		<capsule pos="40.25,-22.0,0.0" vel="0,0,0" mass="1" elasticityCoef="1" ang="90,0,0" color="0,220,0" radius="0.5" length="4" />
		<capsule pos="40.25,-22.0,2.3000000000000043" vel="0,0,0" mass="1" elasticityCoef="1" ang="90,0,0" color="0,220,0" radius="0.5" length="4" />
		<capsule pos="40.25,-22.0,4.600000000000001" vel="0,0,0" mass="1" elasticityCoef="1" ang="90,0,0" color="0,220,0" radius="0.5" length="4" />
		<capsule pos="40.25,-22.0,6.899999999999999" vel="0,0,0" mass="1" elasticityCoef="1" ang="90,0,0" color="0,220,0" radius="0.5" length="4" />
		<capsule pos="40.25,-22.0,9.200000000000003" vel="0,0,0" mass="1" elasticityCoef="1" ang="90,0,0" color="0,220,0" radius="0.5" length="4" />
		<capsule pos="40.25,-22.0,11.5" vel="0,0,0" mass="1" elasticityCoef="1" ang="90,0,0" color="0,220,0" radius="0.5" length="4" />
		<capsule pos="40.25,-22.0,13.799999999999997" vel="0,0,0" mass="1" elasticityCoef="1" ang="90,0,0" color="0,220,0" radius="0.5" length="4" />
		<capsule pos="40.25,-22.0,16.1" vel="0,0,0" mass="1" elasticityCoef="1" ang="90,0,0" color="0,220,0" radius="0.5" length="4" />
		<capsule pos="40.25,-22.0,18.4" vel="0,0,0" mass="1" elasticityCoef="1" ang="90,0,0" color="0,220,0" radius="0.5" length="4" />
		<capsule pos="40.25,-22.0,20.699999999999996" vel="0,0,0" mass="1" elasticityCoef="1" ang="90,0,0" color="0,220,0" radius="0.5" length="4" />
		<capsule pos="40.25,-22.0,22.999999999999993" vel="0,0,0" mass="1" elasticityCoef="1" ang="90,0,0" color="0,220,0" radius="0.5" length="4" />
		<capsule pos="40.25,-22.0,25.300000000000004" vel="0,0,0" mass="1" elasticityCoef="1" ang="90,0,0" color="0,220,0" radius="0.5" length="4" />
		<capsule pos="40.25,-22.0,27.6" vel="0,0,0" mass="1" elasticityCoef="1" ang="90,0,0" color="0,220,0" radius="0.5" length="4" />
		<capsule pos="40.25,-22.0,29.9" vel="0,0,0" mass="1" elasticityCoef="1" ang="90,0,0" color="0,220,0" radius="0.5" length="4" />
		<capsule pos="40.25,-22.0,32.199999999999996" vel="0,0,0" mass="1" elasticityCoef="1" ang="90,0,0" color="0,220,0" radius="0.5" length="4" />
		<capsule pos="40.25,-22.0,34.49999999999999" vel="0,0,0" mass="1" elasticityCoef="1" ang="90,0,0" color="0,220,0" radius="0.5" length="4" />
		<capsule pos="40.25,-22.0,36.800000000000004" vel="0,0,0" mass="1" elasticityCoef="1" ang="90,0,0" color="0,220,0" radius="0.5" length="4" />
		<capsule pos="40.25,-22.0,39.1" vel="0,0,0" mass="1" elasticityCoef="1" ang="90,0,0" color="0,220,0" radius="0.5" length="4" />
		<capsule pos="40.25,-22.0,41.4" vel="0,0,0" mass="1" elasticityCoef="1" ang="90,0,0" color="0,220,0" radius="0.5" length="4" />
		<capsule pos="40.25,-16.5,-43.699999999999996" vel="0,0,0" mass="1" elasticityCoef="1" ang="90,0,0" color="0,220,0" radius="0.5" length="4" />
		<capsule pos="40.25,-16.5,-41.4" vel="0,0,0" mass="1" elasticityCoef="1" ang="90,0,0" color="0,220,0" radius="0.5" length="4" />
		<capsule pos="40.25,-16.5,-39.099999999999994" vel="0,0,0" mass="1" elasticityCoef="1" ang="90,0,0" color="0,220,0" radius="0.5" length="4" />
		<capsule pos="40.25,-16.5,-36.8" vel="0,0,0" mass="1" elasticityCoef="1" ang="90,0,0" color="0,220,0" radius="0.5" length="4" />
		<capsule pos="40.25,-16.5,-34.5" vel="0,0,0" mass="1" elasticityCoef="1" ang="90,0,0" color="0,220,0" radius="0.5" length="4" />
		<capsule pos="40.25,-16.5,-32.199999999999996" vel="0,0,0" mass="1" elasticityCoef="1" ang="90,0,0" color="0,220,0" radius="0.5" length="4" />
		<capsule pos="40.25,-16.5,-29.9" vel="0,0,0" mass="1" elasticityCoef="1" ang="90,0,0" color="0,220,0" radius="0.5" length="4" />
		<capsule pos="40.25,-16.5,-27.599999999999998" vel="0,0,0" mass="1" elasticityCoef="1" ang="90,0,0" color="0,220,0" radius="0.5" length="4" />
		<capsule pos="40.25,-16.5,-25.299999999999997" vel="0,0,0" mass="1" elasticityCoef="1" ang="90,0,0" color="0,220,0" radius="0.5" length="4" />
		<capsule pos="40.25,-16.5,-22.999999999999996" vel="0,0,0" mass="1" elasticityCoef="1" ang="90,0,0" color="0,220,0" radius="0.5" length="4" />
		<capsule pos="40.25,-16.5,-20.699999999999996" vel="0,0,0" mass="1" elasticityCoef="1" ang="90,0,0" color="0,220,0" radius="0.5" length="4" />
		<capsule pos="40.25,-16.5,-18.4" vel="0,0,0" mass="1" elasticityCoef="1" ang="90,0,0" color="0,220,0" radius="0.5" length="4" />
		<capsule pos="40.25,-16.5,-16.099999999999998" vel="0,0,0" mass="1" elasticityCoef="1" ang="90,0,0" color="0,220,0" radius="0.5" length="4" />
		<capsule pos="40.25,-16.5,-13.799999999999997" vel="0,0,0" mass="1" elasticityCoef="1" ang="90,0,0" color="0,220,0" radius="0.5" length="4" />
		<capsule pos="40.25,-16.5,-11.5" vel="0,0,0" mass="1" elasticityCoef="1" ang="90,0,0" color="0,220,0" radius="0.5" length="4" />
		<capsule pos="40.25,-16.5,-9.199999999999996" vel="0,0,0" mass="1" elasticityCoef="1" ang="90,0,0" color="0,220,0" radius="0.5" length="4" />
		<capsule pos="40.25,-16.5,-6.899999999999999" vel="0,0,0" mass="1" elasticityCoef="1" ang="90,0,0" color="0,220,0" radius="0.5" length="4" />
		<capsule pos="40.25,-16.5,-4.600000000000001" vel="0,0,0" mass="1" elasticityCoef="1" ang="90,0,0" color="0,220,0" radius="0.5" length="4" />
		<capsule pos="40.25,-16.5,-2.299999999999997" vel="0,0,0" mass="1" elasticityCoef="1" ang="90,0,0" color="0,220,0" radius="0.5" length="4" />
		<capsule pos="40.25,-16.5,0.0" vel="0,0,0" mass="1" elasticityCoef="1" ang="90,0,0" color="0,220,0" radius="0.5" length="4" />
		<capsule pos="40.25,-16.5,2.3000000000000043" vel="0,0,0" mass="1" elasticityCoef="1" ang="90,0,0" color="0,220,0" radius="0.5" length="4" />
		<capsule pos="40.25,-16.5,4.600000000000001" vel="0,0,0" mass="1" elasticityCoef="1" ang="90,0,0" color="0,220,0" radius="0.5" length="4" />
		<capsule pos="40.25,-16.5,6.899999999999999" vel="0,0,0" mass="1" elasticityCoef="1" ang="90,0,0" color="0,220,0" radius="0.5" length="4" />
		<capsule pos="40.25,-16.5,9.200000000000003" vel="0,0,0" mass="1" elasticityCoef="1" ang="90,0,0" color="0,220,0" radius="0.5" length="4" />
		<capsule pos="40.25,-16.5,11.5" vel="0,0,0" mass="1" elasticityCoef="1" ang="90,0,0" color="0,220,0" radius="0.5" length="4" />
		<capsule pos="40.25,-16.5,13.799999999999997" vel="0,0,0" mass="1" elasticityCoef="1" ang="90,0,0" color="0,220,0" radius="0.5" length="4" />
		<capsule pos="40.25,-16.5,16.1" vel="0,0,0" mass="1" elasticityCoef="1" ang="90,0,0" color="0,220,0" radius="0.5" length="4" />
		<capsule pos="40.25,-16.5,18.4" vel="0,0,0" mass="1" elasticityCoef="1" ang="90,0,0" color="0,220,0" radius="0.5" length="4" />
		<capsule pos="40.25,-16.5,20.699999999999996" vel="0,0,0" mass="1" elasticityCoef="1" ang="90,0,0" color="0,220,0" radius="0.5" length="4" />
		<capsule pos="40.25,-16.5,22.999999999999993" vel="0,0,0" mass="1" elasticityCoef="1" ang="90,0,0" color="0,220,0" radius="0.5" length="4" />
		<capsule pos="40.25,-16.5,25.300000000000004" vel="0,0,0" mass="1" elasticityCoef="1" ang="90,0,0" color="0,220,0" radius="0.5" length="4" />
		<capsule pos="40.25,-16.5,27.6" vel="0,0,0" mass="1" elasticityCoef="1" ang="90,0,0" color="0,220,0" radius="0.5" length="4" />
		<capsule pos="40.25,-16.5,29.9" vel="0,0,0" mass="1" elasticityCoef="1" ang="90,0,0" color="0,220,0" radius="0.5" length="4" />
		<capsule pos="40.25,-16.5,32.199999999999996" vel="0,0,0" mass="1" elasticityCoef="1" ang="90,0,0" color="0,220,0" radius="0.5" length="4" />
		<capsule pos="40.25,-16.5,34.49999999999999" vel="0,0,0" mass="1" elasticityCoef="1" ang="90,0,0" color="0,220,0" radius="0.5" length="4" />
		<capsule pos="40.25,-16.5,36.800000000000004" vel="0,0,0" mass="1" elasticityCoef="1" ang="90,0,0" color="0,220,0" radius="0.5" length="4" />
		<capsule pos="40.25,-16.5,39.1" vel="0,0,0" mass="1" elasticityCoef="1" ang="90,0,0" color="0,220,0" radius="0.5" length="4" />
		<capsule pos="40.25,-16.5,41.4" vel="0,0,0" mass="1" elasticityCoef="1" ang="90,0,0" color="0,220,0" radius="0.5" length="4" />
		<capsule pos="40.25,-11.0,-43.699999999999996" vel="0,0,0" mass="1" elasticityCoef="1" ang="90,0,0" color="0,220,0" radius="0.5" length="4" />
		<capsule pos="40.25,-11.0,-41.4" vel="0,0,0" mass="1" elasticityCoef="1" ang="90,0,0" color="0,220,0" radius="0.5" length="4" />
		<capsule pos="40.25,-11.0,-39.099999999999994" vel="0,0,0" mass="1" elasticityCoef="1" ang="90,0,0" color="0,220,0" radius="0.5" length="4" />
		<capsule pos="40.25,-11.0,-36.8" vel="0,0,0" mass="1" elasticityCoef="1" ang="90,0,0" color="0,220,0" radius="0.5" length="4" />
		<capsule pos="40.25,-11.0,-34.5" vel="0,0,0" mass="1" elasticityCoef="1" ang="90,0,0" color="0,220,0" radius="0.5" length="4" />
		<capsule pos="40.25,-11.0,-32.199999999999996" vel="0,0,0" mass="1" elasticityCoef="1" ang="90,0,0" color="0,220,0" radius="0.5" length="4" />
		<capsule pos="40.25,-11.0,-29.9" vel="0,0,0" mass="1" elasticityCoef="1" ang="90,0,0" color="0,220,0" radius="0.5" length="4" />
		<capsule pos="40.25,-11.0,-27.599999999999998" vel="0,0,0" mass="1" elasticityCoef="1" ang="90,0,0" color="0,220,0" radius="0.5" length="4" />
		<capsule pos="40.25,-11.0,-25.299999999999997" vel="0,0,0" mass="1" elasticityCoef="1" ang="90,0,0" color="0,220,0" radius="0.5" length="4" />
		<capsule pos="40.25,-11.0,-22.999999999999996" vel="0,0,0" mass="1" elasticityCoef="1" ang="90,0,0" color="0,220,0" radius="0.5" length="4" />
		<capsule pos="40.25,-11.0,-20.699999999999996" vel="0,0,0" mass="1" elasticityCoef="1" ang="90,0,0" color="0,220,0" radius="0.5" length="4" />
		<capsule pos="40.25,-11.0,-18.4" vel="0,0,0" mass="1" elasticityCoef="1" ang="90,0,0" color="0,220,0" radius="0.5" length="4" />
		<capsule pos="40.25,-11.0,-16.099999999999998" vel="0,0,0" mass="1" elasticityCoef="1" ang="90,0,0" color="0,220,0" radius="0.5" length="4" />
		<capsule pos="40.25,-11.0,-13.799999999999997" vel="0,0,0" mass="1" elasticityCoef="1" ang="90,0,0" color="0,220,0" radius="0.5" length="4" />
		<capsule pos="40.25,-11.0,-11.5" vel="0,0,0" mass="1" elasticityCoef="1" ang="90,0,0" color="0,220,0" radius="0.5" length="4" />
		<capsule pos="40.25,-11.0,-9.199999999999996" vel="0,0,0" mass="1" elasticityCoef="1" ang="90,0,0" color="0,220,0" radius="0.5" length="4" />
		<capsule pos="40.25,-11.0,-6.899999999999999" vel="0,0,0" mass="1" elasticityCoef="1" ang="90,0,0" color="0,220,0" radius="0.5" length="4" />
		<capsule pos="40.25,-11.0,-4.600000000000001" vel="0,0,0" mass="1" elasticityCoef="1" ang="90,0,0" color="0,220,0" radius="0.5" length="4" />
		<capsule pos="40.25,-11.0,-2.299999999999997" vel="0,0,0" mass="1" elasticityCoef="1" ang="90,0,0" color="0,220,0" radius="0.5" length="4" />
		<capsule pos="40.25,-11.0,0.0" vel="0,0,0" mass="1" elasticityCoef="1" ang="90,0,0" color="0,220,0" radius="0.5" length="4" />
		<capsule pos="40.25,-11.0,2.3000000000000043" vel="0,0,0" mass="1" elasticityCoef="1" ang="90,0,0" color="0,220,0" radius="0.5" length="4" />
		<capsule pos="40.25,-11.0,4.600000000000001" vel="0,0,0" mass="1" elasticityCoef="1" ang="90,0,0" color="0,220,0" radius="0.5" length="4" />
		<capsule pos="40.25,-11.0,6.899999999999999" vel="0,0,0" mass="1" elasticityCoef="1" ang="90,0,0" color="0,220,0" radius="0.5" length="4" />
		<capsule pos="40.25,-11.0,9.200000000000003" vel="0,0,0" mass="1" elasticityCoef="1" ang="90,0,0" color="0,220,0" radius="0.5" length="4" />
		<capsule pos="40.25,-11.0,11.5" vel="0,0,0" mass="1" elasticityCoef="1" ang="90,0,0" color="0,220,0" radius="0.5" length="4" />
		<capsule pos="40.25,-11.0,13.799999999999997" vel="0,0,0" mass="1" elasticityCoef="1" ang="90,0,0" color="0,220,0" radius="0.5" length="4" />
		<capsule pos="40.25,-11.0,16.1" vel="0,0,0" mass="1" elasticityCoef="1" ang="90,0,0" color="0,220,0" radius="0.5" length="4" />
		<capsule pos="40.25,-11.0,18.4" vel="0,0,0" mass="1" elasticityCoef="1" ang="90,0,0" color="0,220,0" radius="0.5" length="4" />
		<capsule pos="40.25,-11.0,20.699999999999996" vel="0,0,0" mass="1" elasticityCoef="1" ang="90,0,0" color="0,220,0" radius="0.5" length="4" />
		<capsule pos="40.25,-11.0,22.999999999999993" vel="0,0,0" mass="1" elasticityCoef="1" ang="90,0,0" color="0,220,0" radius="0.5" length="4" />
		<capsule pos="40.25,-11.0,25.300000000000004" vel="0,0,0" mass="1" elasticityCoef="1" ang="90,0,0" color="0,220,0" radius="0.5" length="4" />
		<capsule pos="40.25,-11.0,27.6" vel="0,0,0" mass="1" elasticityCoef="1" ang="90,0,0" color="0,220,0" radius="0.5" length="4" />
		<capsule pos="40.25,-11.0,29.9" vel="0,0,0" mass="1" elasticityCoef="1" ang="90,0,0" color="0,220,0" radius="0.5" length="4" />
		<capsule pos="40.25,-11.0,32.199999999999996" vel="0,0,0" mass="1" elasticityCoef="1" ang="90,0,0" color="0,220,0" radius="0.5" length="4" />
		<capsule pos="40.25,-11.0,34.49999999999999" vel="0,0,0" mass="1" elasticityCoef="1" ang="90,0,0" color="0,220,0" radius="0.5" length="4" />
		<capsule pos="40.25,-11.0,36.800000000000004" vel="0,0,0" mass="1" elasticityCoef="1" ang="90,0,0" color="0,220,0" radius="0.5" length="4" />
		<capsule pos="40.25,-11.0,39.1" vel="0,0,0" mass="1" elasticityCoef="1" ang="90,0,0" color="0,220,0" radius="0.5" length="4" />
		<capsule pos="40.25,-11.0,41.4" vel="0,0,0" mass="1" elasticityCoef="1" ang="90,0,0" color="0,220,0" radius="0.5" length="4" />
		<capsule pos="40.25,-5.5,-43.699999999999996" vel="0,0,0" mass="1" elasticityCoef="1" ang="90,0,0" color="0,220,0" radius="0.5" length="4" />
		<capsule pos="40.25,-5.5,-41.4" vel="0,0,0" mass="1" elasticityCoef="1" ang="90,0,0" color="0,220,0" radius="0.5" length="4" />
		<capsule pos="40.25,-5.5,-39.099999999999994" vel="0,0,0" mass="1" elasticityCoef="1" ang="90,0,0" color="0,220,0" radius="0.5" length="4" />
		<capsule pos="40.25,-5.5,-36.8" vel="0,0,0" mass="1" elasticityCoef="1" ang="90,0,0" color="0,220,0" radius="0.5" length="4" />
		<capsule pos="40.25,-5.5,-34.5" vel="0,0,0" mass="1" elasticityCoef="1" ang="90,0,0" color="0,220,0" radius="0.5" length="4" />
		<capsule pos="40.25,-5.5,-32.199999999999996" vel="0,0,0" mass="1" elasticityCoef="1" ang="90,0,0" color="0,220,0" radius="0.5" length="4" />
		<capsule pos="40.25,-5.5,-29.9" vel="0,0,0" mass="1" elasticityCoef="1" ang="90,0,0" color="0,220,0" radius="0.5" length="4" />
		<capsule pos="40.25,-5.5,-27.599999999999998" vel="0,0,0" mass="1" elasticityCoef="1" ang="90,0,0" color="0,220,0" radius="0.5" length="4" />
		<capsule pos="40.25,-5.5,-25.299999999999997" vel="0,0,0" mass="1" elasticityCoef="1" ang="90,0,0" color="0,220,0" radius="0.5" length="4" />
		<capsule pos="40.25,-5.5,-22.999999999999996" vel="0,0,0" mass="1" elasticityCoef="1" ang="90,0,0" color="0,220,0" radius="0.5" length="4" />
		<capsule pos="40.25,-5.5,-20.699999999999996" vel="0,0,0" mass="1" elasticityCoef="1" ang="90,0,0" color="0,220,0" radius="0.5" length="4" />
		<capsule pos="40.25,-5.5,-18.4" vel="0,0,0" mass="1" elasticityCoef="1" ang="90,0,0" color="0,220,0" radius="0.5" length="4" />
		<capsule pos="40.25,-5.5,-16.099999999999998" vel="0,0,0" mass="1" elasticityCoef="1" ang="90,0,0" color="0,220,0" radius="0.5" length="4" />
		<capsule pos="40.25,-5.5,-13.799999999999997" vel="0,0,0" mass="1" elasticityCoef="1" ang="90,0,0" color="0,220,0" radius="0.5" length="4" />
		<capsule pos="40.25,-5.5,-11.5" vel="0,0,0" mass="1" elasticityCoef="1" ang="90,0,0" color="0,220,0" radius="0.5" length="4" />
		<capsule pos="40.25,-5.5,-9.199999999999996" vel="0,0,0" mass="1" elasticityCoef="1" ang="90,0,0" color="0,220,0" radius="0.5" length="4" />
		<capsule pos="40.25,-5.5,-6.899999999999999" vel="0,0,0" mass="1" elasticityCoef="1" ang="90,0,0" color="0,220,0" radius="0.5" length="4" />
		<capsule pos="40.25,-5.5,-4.600000000000001" vel="0,0,0" mass="1" elasticityCoef="1" ang="90,0,0" color="0,220,0" radius="0.5" length="4" />
		<capsule pos="40.25,-5.5,-2.299999999999997" vel="0,0,0" mass="1" elasticityCoef="1" ang="90,0,0" color="0,220,0" radius="0.5" length="4" />
		<capsule pos="40.25,-5.5,0.0" vel="0,0,0" mass="1" elasticityCoef="1" ang="90,0,0" color="0,220,0" radius="0.5" length="4" />
		<capsule pos="40.25,-5.5,2.3000000000000043" vel="0,0,0" mass="1" elasticityCoef="1" ang="90,0,0" color="0,220,0" radius="0.5" length="4" />
		<capsule pos="40.25,-5.5,4.600000000000001" vel="0,0,0" mass="1" elasticityCoef="1" ang="90,0,0" color="0,220,0" radius="0.5" length="4" />
		<capsule pos="40.25,-5.5,6.899999999999999" vel="0,0,0" mass="1" elasticityCoef="1" ang="90,0,0" color="0,220,0" radius="0.5" length="4" />
		<capsule pos="40.25,-5.5,9.200000000000003" vel="0,0,0" mass="1" elasticityCoef="1" ang="90,0,0" color="0,220,0" radius="0.5" length="4" />
		<capsule pos="40.25,-5.5,11.5" vel="0,0,0" mass="1" elasticityCoef="1" ang="90,0,0" color="0,220,0" radius="0.5" length="4" />
		<capsule pos="40.25,-5.5,13.799999999999997" vel="0,0,0" mass="1" elasticityCoef="1" ang="90,0,0" color="0,220,0" radius="0.5" length="4" />
		<capsule pos="40.25,-5.5,16.1" vel="0,0,0" mass="1" elasticityCoef="1" ang="90,0,0" color="0,220,0" radius="0.5" length="4" />
		<capsule pos="40.25,-5.5,18.4" vel="0,0,0" mass="1" elasticityCoef="1" ang="90,0,0" color="0,220,0" radius="0.5" length="4" />
		<capsule pos="40.25,-5.5,20.699999999999996" vel="0,0,0" mass="1" elasticityCoef="1" ang="90,0,0" color="0,220,0" radius="0.5" length="4" />
		<capsule pos="40.25,-5.5,22.999999999999993" vel="0,0,0" mass="1" elasticityCoef="1" ang="90,0,0" color="0,220,0" radius="0.5" length="4" />
		<capsule pos="40.25,-5.5,25.300000000000004" vel="0,0,0" mass="1" elasticityCoef="1" ang="90,0,0" color="0,220,0" radius="0.5" length="4" />
		<capsule pos="40.25,-5.5,27.6" vel="0,0,0" mass="1" elasticityCoef="1" ang="90,0,0" color="0,220,0" radius="0.5" length="4" />
		<capsule pos="40.25,-5.5,29.9" vel="0,0,0" mass="1" elasticityCoef="1" ang="90,0,0" color="0,220,0" radius="0.5" length="4" />
		<capsule pos="40.25,-5.5,32.199999999999996" vel="0,0,0" mass="1" elasticityCoef="1" ang="90,0,0" color="0,220,0" radius="0.5" length="4" />
		<capsule pos="40.25,-5.5,34.49999999999999" vel="0,0,0" mass="1" elasticityCoef="1" ang="90,0,0" color="0,220,0" radius="0.5" length="4" />
		<capsule pos="40.25,-5.5,36.800000000000004" vel="0,0,0" mass="1" elasticityCoef="1" ang="90,0,0" color="0,220,0" radius="0.5" length="4" />
		<capsule pos="40.25,-5.5,39.1" vel="0,0,0" mass="1" elasticityCoef="1" ang="90,0,0" color="0,220,0" radius="0.5" length="4" />
		<capsule pos="40.25,-5.5,41.4" vel="0,0,0" mass="1" elasticityCoef="1" ang="90,0,0" color="0,220,0" radius="0.5" length="4" />
		<capsule pos="40.25,0.0,-43.699999999999996" vel="0,0,0" mass="1" elasticityCoef="1" ang="90,0,0" color="0,220,0" radius="0.5" length="4" />
		<capsule pos="40.25,0.0,-41.4" vel="0,0,0" mass="1" elasticityCoef="1" ang="90,0,0" color="0,220,0" radius="0.5" length="4" />
		<capsule pos="40.25,0.0,-39.099999999999994" vel="0,0,0" mass="1" elasticityCoef="1" ang="90,0,0" color="0,220,0" radius="0.5" length="4" />
		<capsule pos="40.25,0.0,-36.8" vel="0,0,0" mass="1" elasticityCoef="1" ang="90,0,0" color="0,220,0" radius="0.5" length="4" />
		<capsule pos="40.25,0.0,-34.5" vel="0,0,0" mass="1" elasticityCoef="1" ang="90,0,0" color="0,220,0" radius="0.5" length="4" />
		<capsule pos="40.25,0.0,-32.199999999999996" vel="0,0,0" mass="1" elasticityCoef="1" ang="90,0,0" color="0,220,0" radius="0.5" length="4" />
		<capsule pos="40.25,0.0,-29.9" vel="0,0,0" mass="1" elasticityCoef="1" ang="90,0,0" color="0,220,0" radius="0.5" length="4" />
		<capsule pos="40.25,0.0,-27.599999999999998" vel="0,0,0" mass="1" elasticityCoef="1" ang="90,0,0" color="0,220,0" radius="0.5" length="4" />
		<capsule pos="40.25,0.0,-25.299999999999997" vel="0,0,0" mass="1" elasticityCoef="1" ang="90,0,0" color="0,220,0" radius="0.5" length="4" />
		<capsule pos="40.25,0.0,-22.999999999999996" vel="0,0,0" mass="1" elasticityCoef="1" ang="90,0,0" color="0,220,0" radius="0.5" length="4" />
		<capsule pos="40.25,0.0,-20.699999999999996" vel="0,0,0" mass="1" elasticityCoef="1" ang="90,0,0" color="0,220,0" radius="0.5" length="4" />
		<capsule pos="40.25,0.0,-18.4" vel="0,0,0" mass="1" elasticityCoef="1" ang="90,0,0" color="0,220,0" radius="0.5" length="4" />
		<capsule pos="40.25,0.0,-16.099999999999998" vel="0,0,0" mass="1" elasticityCoef="1" ang="90,0,0" color="0,220,0" radius="0.5" length="4" />
		<capsule pos="40.25,0.0,-13.799999999999997" vel="0,0,0" mass="1" elasticityCoef="1" ang="90,0,0" color="0,220,0" radius="0.5" length="4" />
		<capsule pos="40.25,0.0,-11.5" vel="0,0,0" mass="1" elasticityCoef="1" ang="90,0,0" color="0,220,0" radius="0.5" length="4" />
		<capsule pos="40.25,0.0,-9.199999999999996" vel="0,0,0" mass="1" elasticityCoef="1" ang="90,0,0" color="0,220,0" radius="0.5" length="4" />
		<capsule pos="40.25,0.0,-6.899999999999999" vel="0,0,0" mass="1" elasticityCoef="1" ang="90,0,0" color="0,220,0" radius="0.5" length="4" />
		<capsule pos="40.25,0.0,-4.600000000000001" vel="0,0,0" mass="1" elasticityCoef="1" ang="90,0,0" color="0,220,0" radius="0.5" length="4" />
		<capsule pos="40.25,0.0,-2.299999999999997" vel="0,0,0" mass="1" elasticityCoef="1" ang="90,0,0" color="0,220,0" radius="0.5" length="4" />
		<capsule pos="40.25,0.0,0.0" vel="0,0,0" mass="1" elasticityCoef="1" ang="90,0,0" color="0,220,0" radius="0.5" length="4" />
		<capsule pos="40.25,0.0,2.3000000000000043" vel="0,0,0" mass="1" elasticityCoef="1" ang="90,0,0" color="0,220,0" radius="0.5" length="4" />
		<capsule pos="40.25,0.0,4.600000000000001" vel="0,0,0" mass="1" elasticityCoef="1" ang="90,0,0" color="0,220,0" radius="0.5" length="4" />
		<capsule pos="40.25,0.0,6.899999999999999" vel="0,0,0" mass="1" elasticityCoef="1" ang="90,0,0" color="0,220,0" radius="0.5" length="4" />
		<capsule pos="40.25,0.0,9.200000000000003" vel="0,0,0" mass="1" elasticityCoef="1" ang="90,0,0" color="0,220,0" radius="0.5" length="4" />
		<capsule pos="40.25,0.0,11.5" vel="0,0,0" mass="1" elasticityCoef="1" ang="90,0,0" color="0,220,0" radius="0.5" length="4" />
		<capsule pos="40.25,0.0,13.799999999999997" vel="0,0,0" mass="1" elasticityCoef="1" ang="90,0,0" color="0,220,0" radius="0.5" length="4" />
		<capsule pos="40.25,0.0,16.1" vel="0,0,0" mass="1" elasticityCoef="1" ang="90,0,0" color="0,220,0" radius="0.5" length="4" />
		<capsule pos="40.25,0.0,18.4" vel="0,0,0" mass="1" elasticityCoef="1" ang="90,0,0" color="0,220,0" radius="0.5" length="4" />
		<capsule pos="40.25,0.0,20.699999999999996" vel="0,0,0" mass="1" elasticityCoef="1" ang="90,0,0" color="0,220,0" radius="0.5" length="4" />
		<capsule pos="40.25,0.0,22.999999999999993" vel="0,0,0" mass="1" elasticityCoef="1" ang="90,0,0" color="0,220,0" radius="0.5" length="4" />
		<capsule pos="40.25,0.0,25.300000000000004" vel="0,0,0" mass="1" elasticityCoef="1" ang="90,0,0" color="0,220,0" radius="0.5" length="4" />
		<capsule pos="40.25,0.0,27.6" vel="0,0,0" mass="1" elasticityCoef="1" ang="90,0,0" color="0,220,0" radius="0.5" length="4" />
		<capsule pos="40.25,0.0,29.9" vel="0,0,0" mass="1" elasticityCoef="1" ang="90,0,0" color="0,220,0" radius="0.5" length="4" />
		<capsule pos="40.25,0.0,32.199999999999996" vel="0,0,0" mass="1" elasticityCoef="1" ang="90,0,0" color="0,220,0" radius="0.5" length="4" />
		<capsule pos="40.25,0.0,34.49999999999999" vel="0,0,0" mass="1" elasticityCoef="1" ang="90,0,0" color="0,220,0" radius="0.5" length="4" />
		<capsule pos="40.25,0.0,36.800000000000004" vel="0,0,0" mass="1" elasticityCoef="1" ang="90,0,0" color="0,220,0" radius="0.5" length="4" />
		<capsule pos="40.25,0.0,39.1" vel="0,0,0" mass="1" elasticityCoef="1" ang="90,0,0" color="0,220,0" radius="0.5" length="4" />
		<capsule pos="40.25,0.0,41.4" vel="0,0,0" mass="1" elasticityCoef="1" ang="90,0,0" color="0,220,0" radius="0.5" length="4" />
		<capsule pos="40.25,5.5,-43.699999999999996" vel="0,0,0" mass="1" elasticityCoef="1" ang="90,0,0" color="0,220,0" radius="0.5" length="4" />
		<capsule pos="40.25,5.5,-41.4" vel="0,0,0" mass="1" elasticityCoef="1" ang="90,0,0" color="0,220,0" radius="0.5" length="4" />
		<capsule pos="40.25,5.5,-39.099999999999994" vel="0,0,0" mass="1" elasticityCoef="1" ang="90,0,0" color="0,220,0" radius="0.5" length="4" />
		<capsule pos="40.25,5.5,-36.8" vel="0,0,0" mass="1" elasticityCoef="1" ang="90,0,0" color="0,220,0" radius="0.5" length="4" />
		<capsule pos="40.25,5.5,-34.5" vel="0,0,0" mass="1" elasticityCoef="1" ang="90,0,0" color="0,220,0" radius="0.5" length="4" />
		<capsule pos="40.25,5.5,-32.199999999999996" vel="0,0,0" mass="1" elasticityCoef="1" ang="90,0,0" color="0,220,0" radius="0.5" length="4" />
		<capsule pos="40.25,5.5,-29.9" vel="0,0,0" mass="1" elasticityCoef="1" ang="90,0,0" color="0,220,0" radius="0.5" length="4" />
		<capsule pos="40.25,5.5,-27.599999999999998" vel="0,0,0" mass="1" elasticityCoef="1" ang="90,0,0" color="0,220,0" radius="0.5" length="4" />
		<capsule pos="40.25,5.5,-25.299999999999997" vel="0,0,0" mass="1" elasticityCoef="1" ang="90,0,0" color="0,220,0" radius="0.5" length="4" />
		<capsule pos="40.25,5.5,-22.999999999999996" vel="0,0,0" mass="1" elasticityCoef="1" ang="90,0,0" color="0,220,0" radius="0.5" length="4" />
		<capsule pos="40.25,5.5,-20.699999999999996" vel="0,0,0" mass="1" elasticityCoef="1" ang="90,0,0" color="0,220,0" radius="0.5" length="4" />
		<capsule pos="40.25,5.5,-18.4" vel="0,0,0" mass="1" elasticityCoef="1" ang="90,0,0" color="0,220,0" radius="0.5" length="4" />
		<capsule pos="40.25,5.5,-16.099999999999998" vel="0,0,0" mass="1" elasticityCoef="1" ang="90,0,0" color="0,220,0" radius="0.5" length="4" />
		<capsule pos="40.25,5.5,-13.799999999999997" vel="0,0,0" mass="1" elasticityCoef="1" ang="90,0,0" color="0,220,0" radius="0.5" length="4" />
		<capsule pos="40.25,5.5,-11.5" vel="0,0,0" mass="1" elasticityCoef="1" ang="90,0,0" color="0,220,0" radius="0.5" length="4" />
		<capsule pos="40.25,5.5,-9.199999999999996" vel="0,0,0" mass="1" elasticityCoef="1" ang="90,0,0" color="0,220,0" radius="0.5" length="4" />
		<capsule pos="40.25,5.5,-6.899999999999999" vel="0,0,0" mass="1" elasticityCoef="1" ang="90,0,0" color="0,220,0" radius="0.5" length="4" />
		<capsule pos="40.25,5.5,-4.600000000000001" vel="0,0,0" mass="1" elasticityCoef="1" ang="90,0,0" color="0,220,0" radius="0.5" length="4" />
		<capsule pos="40.25,5.5,-2.299999999999997" vel="0,0,0" mass="1" elasticityCoef="1" ang="90,0,0" color="0,220,0" radius="0.5" length="4" />
		<capsule pos="40.25,5.5,0.0" vel="0,0,0" mass="1" elasticityCoef="1" ang="90,0,0" color="0,220,0" radius="0.5" length="4" />
		<capsule pos="40.25,5.5,2.3000000000000043" vel="0,0,0" mass="1" elasticityCoef="1" ang="90,0,0" color="0,220,0" radius="0.5" length="4" />
		<capsule pos="40.25,5.5,4.600000000000001" vel="0,0,0" mass="1" elasticityCoef="1" ang="90,0,0" color="0,220,0" radius="0.5" length="4" />
		<capsule pos="40.25,5.5,6.899999999999999" vel="0,0,0" mass="1" elasticityCoef="1" ang="90,0,0" color="0,220,0" radius="0.5" length="4" />
		<capsule pos="40.25,5.5,9.200000000000003" vel="0,0,0" mass="1" elasticityCoef="1" ang="90,0,0" color="0,220,0" radius="0.5" length="4" />
		<capsule pos="40.25,5.5,11.5" vel="0,0,0" mass="1" elasticityCoef="1" ang="90,0,0" color="0,220,0" radius="0.5" length="4" />
		<capsule pos="40.25,5.5,13.799999999999997" vel="0,0,0" mass="1" elasticityCoef="1" ang="90,0,0" color="0,220,0" radius="0.5" length="4" />
		<capsule pos="40.25,5.5,16.1" vel="0,0,0" mass="1" elasticityCoef="1" ang="90,0,0" color="0,220,0" radius="0.5" length="4" />
		<capsule pos="40.25,5.5,18.4" vel="0,0,0" mass="1" elasticityCoef="1" ang="90,0,0" color="0,220,0" radius="0.5" length="4" />
		<capsule pos="40.25,5.5,20.699999999999996" vel="0,0,0" mass="1" elasticityCoef="1" ang="90,0,0" color="0,220,0" radius="0.5" length="4" />
		<capsule pos="40.25,5.5,22.999999999999993" vel="0,0,0" mass="1" elasticityCoef="1" ang="90,0,0" color="0,220,0" radius="0.5" length="4" />
		<capsule pos="40.25,5.5,25.300000000000004" vel="0,0,0" mass="1" elasticityCoef="1" ang="90,0,0" color="0,220,0" radius="0.5" length="4" />
		<capsule pos="40.25,5.5,27.6" vel="0,0,0" mass="1" elasticityCoef="1" ang="90,0,0" color="0,220,0" radius="0.5" length="4" />
		<capsule pos="40.25,5.5,29.9" vel="0,0,0" mass="1" elasticityCoef="1" ang="90,0,0" color="0,220,0" radius="0.5" length="4" />
		<capsule pos="40.25,5.5,32.199999999999996" vel="0,0,0" mass="1" elasticityCoef="1" ang="90,0,0" color="0,220,0" radius="0.5" length="4" />
		<capsule pos="40.25,5.5,34.49999999999999" vel="0,0,0" mass="1" elasticityCoef="1" ang="90,0,0" color="0,220,0" radius="0.5" length="4" />
		<capsule pos="40.25,5.5,36.800000000000004" vel="0,0,0" mass="1" elasticityCoef="1" ang="90,0,0" color="0,220,0" radius="0.5" length="4" />
		<capsule pos="40.25,5.5,39.1" vel="0,0,0" mass="1" elasticityCoef="1" ang="90,0,0" color="0,220,0" radius="0.5" length="4" />
		<capsule pos="40.25,5.5,41.4" vel="0,0,0" mass="1" elasticityCoef="1" ang="90,0,0" color="0,220,0" radius="0.5" length="4" />
		<capsule pos="40.25,11.0,-43.699999999999996" vel="0,0,0" mass="1" elasticityCoef="1" ang="90,0,0" color="0,220,0" radius="0.5" length="4" />
		<capsule pos="40.25,11.0,-41.4" vel="0,0,0" mass="1" elasticityCoef="1" ang="90,0,0" color="0,220,0" radius="0.5" length="4" />
		<capsule pos="40.25,11.0,-39.099999999999994" vel="0,0,0" mass="1" elasticityCoef="1" ang="90,0,0" color="0,220,0" radius="0.5" length="4" />
		<capsule pos="40.25,11.0,-36.8" vel="0,0,0" mass="1" elasticityCoef="1" ang="90,0,0" color="0,220,0" radius="0.5" length="4" />
		<capsule pos="40.25,11.0,-34.5" vel="0,0,0" mass="1" elasticityCoef="1" ang="90,0,0" color="0,220,0" radius="0.5" length="4" />
		<capsule pos="40.25,11.0,-32.199999999999996" vel="0,0,0" mass="1" elasticityCoef="1" ang="90,0,0" color="0,220,0" radius="0.5" length="4" />
		<capsule pos="40.25,11.0,-29.9" vel="0,0,0" mass="1" elasticityCoef="1" ang="90,0,0" color="0,220,0" radius="0.5" length="4" />
		<capsule pos="40.25,11.0,-27.599999999999998" vel="0,0,0" mass="1" elasticityCoef="1" ang="90,0,0" color="0,220,0" radius="0.5" length="4" />
		<capsule pos="40.25,11.0,-25.299999999999997" vel="0,0,0" mass="1" elasticityCoef="1" ang="90,0,0" color="0,220,0" radius="0.5" length="4" />
		<capsule pos="40.25,11.0,-22.999999999999996" vel="0,0,0" mass="1" elasticityCoef="1" ang="90,0,0" color="0,220,0" radius="0.5" length="4" />
		<capsule pos="40.25,11.0,-20.699999999999996" vel="0,0,0" mass="1" elasticityCoef="1" ang="90,0,0" color="0,220,0" radius="0.5" length="4" />
		<capsule pos="40.25,11.0,-18.4" vel="0,0,0" mass="1" elasticityCoef="1" ang="90,0,0" color="0,220,0" radius="0.5" length="4" />
		<capsule pos="40.25,11.0,-16.099999999999998" vel="0,0,0" mass="1" elasticityCoef="1" ang="90,0,0" color="0,220,0" radius="0.5" length="4" />
		<capsule pos="40.25,11.0,-13.799999999999997" vel="0,0,0" mass="1" elasticityCoef="1" ang="90,0,0" color="0,220,0" radius="0.5" length="4" />
		<capsule pos="40.25,11.0,-11.5" vel="0,0,0" mass="1" elasticityCoef="1" ang="90,0,0" color="0,220,0" radius="0.5" length="4" />
		<capsule pos="40.25,11.0,-9.199999999999996" vel="0,0,0" mass="1" elasticityCoef="1" ang="90,0,0" color="0,220,0" radius="0.5" length="4" />
		<capsule pos="40.25,11.0,-6.899999999999999" vel="0,0,0" mass="1" elasticityCoef="1" ang="90,0,0" color="0,220,0" radius="0.5" length="4" />
		<capsule pos="40.25,11.0,-4.600000000000001" vel="0,0,0" mass="1" elasticityCoef="1" ang="90,0,0" color="0,220,0" radius="0.5" length="4" />
		<capsule pos="40.25,11.0,-2.299999999999997" vel="0,0,0" mass="1" elasticityCoef="1" ang="90,0,0" color="0,220,0" radius="0.5" length="4" />
		<capsule pos="40.25,11.0,0.0" vel="0,0,0" mass="1" elasticityCoef="1" ang="90,0,0" color="0,220,0" radius="0.5" length="4" />
		<capsule pos="40.25,11.0,2.3000000000000043" vel="0,0,0" mass="1" elasticityCoef="1" ang="90,0,0" color="0,220,0" radius="0.5" length="4" />
		<capsule pos="40.25,11.0,4.600000000000001" vel="0,0,0" mass="1" elasticityCoef="1" ang="90,0,0" color="0,220,0" radius="0.5" length="4" />
		<capsule pos="40.25,11.0,6.899999999999999" vel="0,0,0" mass="1" elasticityCoef="1" ang="90,0,0" color="0,220,0" radius="0.5" length="4" />
		<capsule pos="40.25,11.0,9.200000000000003" vel="0,0,0" mass="1" elasticityCoef="1" ang="90,0,0" color="0,220,0" radius="0.5" length="4" />
		<capsule pos="40.25,11.0,11.5" vel="0,0,0" mass="1" elasticityCoef="1" ang="90,0,0" color="0,220,0" radius="0.5" length="4" />
		<capsule pos="40.25,11.0,13.799999999999997" vel="0,0,0" mass="1" elasticityCoef="1" ang="90,0,0" color="0,220,0" radius="0.5" length="4" />
		<capsule pos="40.25,11.0,16.1" vel="0,0,0" mass="1" elasticityCoef="1" ang="90,0,0" color="0,220,0" radius="0.5" length="4" />
		<capsule pos="40.25,11.0,18.4" vel="0,0,0" mass="1" elasticityCoef="1" ang="90,0,0" color="0,220,0" radius="0.5" length="4" />
		<capsule pos="40.25,11.0,20.699999999999996" vel="0,0,0" mass="1" elasticityCoef="1" ang="90,0,0" color="0,220,0" radius="0.5" length="4" />
		<capsule pos="40.25,11.0,22.999999999999993" vel="0,0,0" mass="1" elasticityCoef="1" ang="90,0,0" color="0,220,0" radius="0.5" length="4" />
		<capsule pos="40.25,11.0,25.300000000000004" vel="0,0,0" mass="1" elasticityCoef="1" ang="90,0,0" color="0,220,0" radius="0.5" length="4" />
		<capsule pos="40.25,11.0,27.6" vel="0,0,0" mass="1" elasticityCoef="1" ang="90,0,0" color="0,220,0" radius="0.5" length="4" />
		<capsule pos="40.25,11.0,29.9" vel="0,0,0" mass="1" elasticityCoef="1" ang="90,0,0" color="0,220,0" radius="0.5" length="4" />
		<capsule pos="40.25,11.0,32.199999999999996" vel="0,0,0" mass="1" elasticityCoef="1" ang="90,0,0" color="0,220,0" radius="0.5" length="4" />
		<capsule pos="40.25,11.0,34.49999999999999" vel="0,0,0" mass="1" elasticityCoef="1" ang="90,0,0" color="0,220,0" radius="0.5" length="4" />
		<capsule pos="40.25,11.0,36.800000000000004" vel="0,0,0" mass="1" elasticityCoef="1" ang="90,0,0" color="0,220,0" radius="0.5" length="4" />
		<capsule pos="40.25,11.0,39.1" vel="0,0,0" mass="1" elasticityCoef="1" ang="90,0,0" color="0,220,0" radius="0.5" length="4" />
		<capsule pos="40.25,11.0,41.4" vel="0,0,0" mass="1" elasticityCoef="1" ang="90,0,0" color="0,220,0" radius="0.5" length="4" />
		<capsule pos="40.25,16.5,-43.699999999999996" vel="0,0,0" mass="1" elasticityCoef="1" ang="90,0,0" color="0,220,0" radius="0.5" length="4" />
		<capsule pos="40.25,16.5,-41.4" vel="0,0,0" mass="1" elasticityCoef="1" ang="90,0,0" color="0,220,0" radius="0.5" length="4" />
		<capsule pos="40.25,16.5,-39.099999999999994" vel="0,0,0" mass="1" elasticityCoef="1" ang="90,0,0" color="0,220,0" radius="0.5" length="4" />
		<capsule pos="40.25,16.5,-36.8" vel="0,0,0" mass="1" elasticityCoef="1" ang="90,0,0" color="0,220,0" radius="0.5" length="4" />
		<capsule pos="40.25,16.5,-34.5" vel="0,0,0" mass="1" elasticityCoef="1" ang="90,0,0" color="0,220,0" radius="0.5" length="4" />
		<capsule pos="40.25,16.5,-32.199999999999996" vel="0,0,0" mass="1" elasticityCoef="1" ang="90,0,0" color="0,220,0" radius="0.5" length="4" />
		<capsule pos="40.25,16.5,-29.9" vel="0,0,0" mass="1" elasticityCoef="1" ang="90,0,0" color="0,220,0" radius="0.5" length="4" />
		<capsule pos="40.25,16.5,-27.599999999999998" vel="0,0,0" mass="1" elasticityCoef="1" ang="90,0,0" color="0,220,0" radius="0.5" length="4" />
		<capsule pos="40.25,16.5,-25.299999999999997" vel="0,0,0" mass="1" elasticityCoef="1" ang="90,0,0" color="0,220,0" radius="0.5" length="4" />
		<capsule pos="40.25,16.5,-22.999999999999996" vel="0,0,0" mass="1" elasticityCoef="1" ang="90,0,0" color="0,220,0" radius="0.5" length="4" />
		<capsule pos="40.25,16.5,-20.699999999999996" vel="0,0,0" mass="1" elasticityCoef="1" ang="90,0,0" color="0,220,0" radius="0.5" length="4" />
		<capsule pos="40.25,16.5,-18.4" vel="0,0,0" mass="1" elasticityCoef="1" ang="90,0,0" color="0,220,0" radius="0.5" length="4" />
		<capsule pos="40.25,16.5,-16.099999999999998" vel="0,0,0" mass="1" elasticityCoef="1" ang="90,0,0" color="0,220,0" radius="0.5" length="4" />
		<capsule pos="40.25,16.5,-13.799999999999997" vel="0,0,0" mass="1" elasticityCoef="1" ang="90,0,0" color="0,220,0" radius="0.5" length="4" />
		<capsule pos="40.25,16.5,-11.5" vel="0,0,0" mass="1" elasticityCoef="1" ang="90,0,0" color="0,220,0" radius="0.5" length="4" />
		<capsule pos="40.25,16.5,-9.199999999999996" vel="0,0,0" mass="1" elasticityCoef="1" ang="90,0,0" color="0,220,0" radius="0.5" length="4" />
		<capsule pos="40.25,16.5,-6.899999999999999" vel="0,0,0" mass="1" elasticityCoef="1" ang="90,0,0" color="0,220,0" radius="0.5" length="4" />
		<capsule pos="40.25,16.5,-4.600000000000001" vel="0,0,0" mass="1" elasticityCoef="1" ang="90,0,0" color="0,220,0" radius="0.5" length="4" />
		<capsule pos="40.25,16.5,-2.299999999999997" vel="0,0,0" mass="1" elasticityCoef="1" ang="90,0,0" color="0,220,0" radius="0.5" length="4" />
		<capsule pos="40.25,16.5,0.0" vel="0,0,0" mass="1" elasticityCoef="1" ang="90,0,0" color="0,220,0" radius="0.5" length="4" />
		<capsule pos="40.25,16.5,2.3000000000000043" vel="0,0,0" mass="1" elasticityCoef="1" ang="90,0,0" color="0,220,0" radius="0.5" length="4" />
		<capsule pos="40.25,16.5,4.600000000000001" vel="0,0,0" mass="1" elasticityCoef="1" ang="90,0,0" color="0,220,0" radius="0.5" length="4" />
		<capsule pos="40.25,16.5,6.899999999999999" vel="0,0,0" mass="1" elasticityCoef="1" ang="90,0,0" color="0,220,0" radius="0.5" length="4" />
		<capsule pos="40.25,16.5,9.200000000000003" vel="0,0,0" mass="1" elasticityCoef="1" ang="90,0,0" color="0,220,0" radius="0.5" length="4" />
		<capsule pos="40.25,16.5,11.5" vel="0,0,0" mass="1" elasticityCoef="1" ang="90,0,0" color="0,220,0" radius="0.5" length="4" />
		<capsule pos="40.25,16.5,13.799999999999997" vel="0,0,0" mass="1" elasticityCoef="1" ang="90,0,0" color="0,220,0" radius="0.5" length="4" />
		<capsule pos="40.25,16.5,16.1" vel="0,0,0" mass="1" elasticityCoef="1" ang="90,0,0" color="0,220,0" radius="0.5" length="4" />
		<capsule pos="40.25,16.5,18.4" vel="0,0,0" mass="1" elasticityCoef="1" ang="90,0,0" color="0,220,0" radius="0.5" length="4" />
		<capsule pos="40.25,16.5,20.699999999999996" vel="0,0,0" mass="1" elasticityCoef="1" ang="90,0,0" color="0,220,0" radius="0.5" length="4" />
		<capsule pos="40.25,16.5,22.999999999999993" vel="0,0,0" mass="1" elasticityCoef="1" ang="90,0,0" color="0,220,0" radius="0.5" length="4" />
		<capsule pos="40.25,16.5,25.300000000000004" vel="0,0,0" mass="1" elasticityCoef="1" ang="90,0,0" color="0,220,0" radius="0.5" length="4" />
		<capsule pos="40.25,16.5,27.6" vel="0,0,0" mass="1" elasticityCoef="1" ang="90,0,0" color="0,220,0" radius="0.5" length="4" />
		<capsule pos="40.25,16.5,29.9" vel="0,0,0" mass="1" elasticityCoef="1" ang="90,0,0" color="0,220,0" radius="0.5" length="4" />
		<capsule pos="40.25,16.5,32.199999999999996" vel="0,0,0" mass="1" elasticityCoef="1" ang="90,0,0" color="0,220,0" radius="0.5" length="4" />
		<capsule pos="40.25,16.5,34.49999999999999" vel="0,0,0" mass="1" elasticityCoef="1" ang="90,0,0" color="0,220,0" radius="0.5" length="4" />
		<capsule pos="40.25,16.5,36.800000000000004" vel="0,0,0" mass="1" elasticityCoef="1" ang="90,0,0" color="0,220,0" radius="0.5" length="4" />
		<capsule pos="40.25,16.5,39.1" vel="0,0,0" mass="1" elasticityCoef="1" ang="90,0,0" color="0,220,0" radius="0.5" length="4" />
		<capsule pos="40.25,16.5,41.4" vel="0,0,0" mass="1" elasticityCoef="1" ang="90,0,0" color="0,220,0" radius="0.5" length="4" />
		<capsule pos="40.25,22.0,-43.699999999999996" vel="0,0,0" mass="1" elasticityCoef="1" ang="90,0,0" color="0,220,0" radius="0.5" length="4" />
		<capsule pos="40.25,22.0,-41.4" vel="0,0,0" mass="1" elasticityCoef="1" ang="90,0,0" color="0,220,0" radius="0.5" length="4" />
		<capsule pos="40.25,22.0,-39.099999999999994" vel="0,0,0" mass="1" elasticityCoef="1" ang="90,0,0" color="0,220,0" radius="0.5" length="4" />
		<capsule pos="40.25,22.0,-36.8" vel="0,0,0" mass="1" elasticityCoef="1" ang="90,0,0" color="0,220,0" radius="0.5" length="4" />
		<capsule pos="40.25,22.0,-34.5" vel="0,0,0" mass="1" elasticityCoef="1" ang="90,0,0" color="0,220,0" radius="0.5" length="4" />
		<capsule pos="40.25,22.0,-32.199999999999996" vel="0,0,0" mass="1" elasticityCoef="1" ang="90,0,0" color="0,220,0" radius="0.5" length="4" />
		<capsule pos="40.25,22.0,-29.9" vel="0,0,0" mass="1" elasticityCoef="1" ang="90,0,0" color="0,220,0" radius="0.5" length="4" />
		<capsule pos="40.25,22.0,-27.599999999999998" vel="0,0,0" mass="1" elasticityCoef="1" ang="90,0,0" color="0,220,0" radius="0.5" length="4" />
		<capsule pos="40.25,22.0,-25.299999999999997" vel="0,0,0" mass="1" elasticityCoef="1" ang="90,0,0" color="0,220,0" radius="0.5" length="4" />
		<capsule pos="40.25,22.0,-22.999999999999996" vel="0,0,0" mass="1" elasticityCoef="1" ang="90,0,0" color="0,220,0" radius="0.5" length="4" />
		<capsule pos="40.25,22.0,-20.699999999999996" vel="0,0,0" mass="1" elasticityCoef="1" ang="90,0,0" color="0,220,0" radius="0.5" length="4" />
		<capsule pos="40.25,22.0,-18.4" vel="0,0,0" mass="1" elasticityCoef="1" ang="90,0,0" color="0,220,0" radius="0.5" length="4" />
		<capsule pos="40.25,22.0,-16.099999999999998" vel="0,0,0" mass="1" elasticityCoef="1" ang="90,0,0" color="0,220,0" radius="0.5" length="4" />
		<capsule pos="40.25,22.0,-13.799999999999997" vel="0,0,0" mass="1" elasticityCoef="1" ang="90,0,0" color="0,220,0" radius="0.5" length="4" />
		<capsule pos="40.25,22.0,-11.5" vel="0,0,0" mass="1" elasticityCoef="1" ang="90,0,0" color="0,220,0" radius="0.5" length="4" />
		<capsule pos="40.25,22.0,-9.199999999999996" vel="0,0,0" mass="1" elasticityCoef="1" ang="90,0,0" color="0,220,0" radius="0.5" length="4" />
		<capsule pos="40.25,22.0,-6.899999999999999" vel="0,0,0" mass="1" elasticityCoef="1" ang="90,0,0" color="0,220,0" radius="0.5" length="4" />
		<capsule pos="40.25,22.0,-4.600000000000001" vel="0,0,0" mass="1" elasticityCoef="1" ang="90,0,0" color="0,220,0" radius="0.5" length="4" />
		<capsule pos="40.25,22.0,-2.299999999999997" vel="0,0,0" mass="1" elasticityCoef="1" ang="90,0,0" color="0,220,0" radius="0.5" length="4" />
		<capsule pos="40.25,22.0,0.0" vel="0,0,0" mass="1" elasticityCoef="1" ang="90,0,0" color="0,220,0" radius="0.5" length="4" />
		<capsule pos="40.25,22.0,2.3000000000000043" vel="0,0,0" mass="1" elasticityCoef="1" ang="90,0,0" color="0,220,0" radius="0.5" length="4" />
		<capsule pos="40.25,22.0,4.600000000000001" vel="0,0,0" mass="1" elasticityCoef="1" ang="90,0,0" color="0,220,0" radius="0.5" length="4" />
		<capsule pos="40.25,22.0,6.899999999999999" vel="0,0,0" mass="1" elasticityCoef="1" ang="90,0,0" color="0,220,0" radius="0.5" length="4" />
		<capsule pos="40.25,22.0,9.200000000000003" vel="0,0,0" mass="1" elasticityCoef="1" ang="90,0,0" color="0,220,0" radius="0.5" length="4" />
		<capsule pos="40.25,22.0,11.5" vel="0,0,0" mass="1" elasticityCoef="1" ang="90,0,0" color="0,220,0" radius="0.5" length="4" />
		<capsule pos="40.25,22.0,13.799999999999997" vel="0,0,0" mass="1" elasticityCoef="1" ang="90,0,0" color="0,220,0" radius="0.5" length="4" />
		<capsule pos="40.25,22.0,16.1" vel="0,0,0" mass="1" elasticityCoef="1" ang="90,0,0" color="0,220,0" radius="0.5" length="4" />
		<capsule pos="40.25,22.0,18.4" vel="0,0,0" mass="1" elasticityCoef="1" ang="90,0,0" color="0,220,0" radius="0.5" length="4" />
		<capsule pos="40.25,22.0,20.699999999999996" vel="0,0,0" mass="1" elasticityCoef="1" ang="90,0,0" color="0,220,0" radius="0.5" length="4" />
		<capsule pos="40.25,22.0,22.999999999999993" vel="0,0,0" mass="1" elasticityCoef="1" ang="90,0,0" color="0,220,0" radius="0.5" length="4" />
		<capsule pos="40.25,22.0,25.300000000000004" vel="0,0,0" mass="1" elasticityCoef="1" ang="90,0,0" color="0,220,0" radius="0.5" length="4" />
		<capsule pos="40.25,22.0,27.6" vel="0,0,0" mass="1" elasticityCoef="1" ang="90,0,0" color="0,220,0" radius="0.5" length="4" />
		<capsule pos="40.25,22.0,29.9" vel="0,0,0" mass="1" elasticityCoef="1" ang="90,0,0" color="0,220,0" radius="0.5" length="4" />
		<capsule pos="40.25,22.0,32.199999999999996" vel="0,0,0" mass="1" elasticityCoef="1" ang="90,0,0" color="0,220,0" radius="0.5" length="4" />
		<capsule pos="40.25,22.0,34.49999999999999" vel="0,0,0" mass="1" elasticityCoef="1" ang="90,0,0" color="0,220,0" radius="0.5" length="4" />
		<capsule pos="40.25,22.0,36.800000000000004" vel="0,0,0" mass="1" elasticityCoef="1" ang="90,0,0" color="0,220,0" radius="0.5" length="4" />
		<capsule pos="40.25,22.0,39.1" vel="0,0,0" mass="1" elasticityCoef="1" ang="90,0,0" color="0,220,0" radius="0.5" length="4" />
		<capsule pos="40.25,22.0,41.4" vel="0,0,0" mass="1" elasticityCoef="1" ang="90,0,0" color="0,220,0" radius="0.5" length="4" />
		<capsule pos="40.25,27.5,-43.699999999999996" vel="0,0,0" mass="1" elasticityCoef="1" ang="90,0,0" color="0,220,0" radius="0.5" length="4" />
		<capsule pos="40.25,27.5,-41.4" vel="0,0,0" mass="1" elasticityCoef="1" ang="90,0,0" color="0,220,0" radius="0.5" length="4" />
		<capsule pos="40.25,27.5,-39.099999999999994" vel="0,0,0" mass="1" elasticityCoef="1" ang="90,0,0" color="0,220,0" radius="0.5" length="4" />
		<capsule pos="40.25,27.5,-36.8" vel="0,0,0" mass="1" elasticityCoef="1" ang="90,0,0" color="0,220,0" radius="0.5" length="4" />
		<capsule pos="40.25,27.5,-34.5" vel="0,0,0" mass="1" elasticityCoef="1" ang="90,0,0" color="0,220,0" radius="0.5" length="4" />
		<capsule pos="40.25,27.5,-32.199999999999996" vel="0,0,0" mass="1" elasticityCoef="1" ang="90,0,0" color="0,220,0" radius="0.5" length="4" />
		<capsule pos="40.25,27.5,-29.9" vel="0,0,0" mass="1" elasticityCoef="1" ang="90,0,0" color="0,220,0" radius="0.5" length="4" />
		<capsule pos="40.25,27.5,-27.599999999999998" vel="0,0,0" mass="1" elasticityCoef="1" ang="90,0,0" color="0,220,0" radius="0.5" length="4" />
		<capsule pos="40.25,27.5,-25.299999999999997" vel="0,0,0" mass="1" elasticityCoef="1" ang="90,0,0" color="0,220,0" radius="0.5" length="4" />
		<capsule pos="40.25,27.5,-22.999999999999996" vel="0,0,0" mass="1" elasticityCoef="1" ang="90,0,0" color="0,220,0" radius="0.5" length="4" />
		<capsule pos="40.25,27.5,-20.699999999999996" vel="0,0,0" mass="1" elasticityCoef="1" ang="90,0,0" color="0,220,0" radius="0.5" length="4" />
		<capsule pos="40.25,27.5,-18.4" vel="0,0,0" mass="1" elasticityCoef="1" ang="90,0,0" color="0,220,0" radius="0.5" length="4" />
		<capsule pos="40.25,27.5,-16.099999999999998" vel="0,0,0" mass="1" elasticityCoef="1" ang="90,0,0" color="0,220,0" radius="0.5" length="4" />
		<capsule pos="40.25,27.5,-13.799999999999997" vel="0,0,0" mass="1" elasticityCoef="1" ang="90,0,0" color="0,220,0" radius="0.5" length="4" />
		<capsule pos="40.25,27.5,-11.5" vel="0,0,0" mass="1" elasticityCoef="1" ang="90,0,0" color="0,220,0" radius="0.5" length="4" />
		<capsule pos="40.25,27.5,-9.199999999999996" vel="0,0,0" mass="1" elasticityCoef="1" ang="90,0,0" color="0,220,0" radius="0.5" length="4" />
		<capsule pos="40.25,27.5,-6.899999999999999" vel="0,0,0" mass="1" elasticityCoef="1" ang="90,0,0" color="0,220,0" radius="0.5" length="4" />
		<capsule pos="40.25,27.5,-4.600000000000001" vel="0,0,0" mass="1" elasticityCoef="1" ang="90,0,0" color="0,220,0" radius="0.5" length="4" />
		<capsule pos="40.25,27.5,-2.299999999999997" vel="0,0,0" mass="1" elasticityCoef="1" ang="90,0,0" color="0,220,0" radius="0.5" length="4" />
		<capsule pos="40.25,27.5,0.0" vel="0,0,0" mass="1" elasticityCoef="1" ang="90,0,0" color="0,220,0" radius="0.5" length="4" />
		<capsule pos="40.25,27.5,2.3000000000000043" vel="0,0,0" mass="1" elasticityCoef="1" ang="90,0,0" color="0,220,0" radius="0.5" length="4" />
		<capsule pos="40.25,27.5,4.600000000000001" vel="0,0,0" mass="1" elasticityCoef="1" ang="90,0,0" color="0,220,0" radius="0.5" length="4" />
		<capsule pos="40.25,27.5,6.899999999999999" vel="0,0,0" mass="1" elasticityCoef="1" ang="90,0,0" color="0,220,0" radius="0.5" length="4" />
		<capsule pos="40.25,27.5,9.200000000000003" vel="0,0,0" mass="1" elasticityCoef="1" ang="90,0,0" color="0,220,0" radius="0.5" length="4" />
		<capsule pos="40.25,27.5,11.5" vel="0,0,0" mass="1" elasticityCoef="1" ang="90,0,0" color="0,220,0" radius="0.5" length="4" />
		<capsule pos="40.25,27.5,13.799999999999997" vel="0,0,0" mass="1" elasticityCoef="1" ang="90,0,0" color="0,220,0" radius="0.5" length="4" />
		<capsule pos="40.25,27.5,16.1" vel="0,0,0" mass="1" elasticityCoef="1" ang="90,0,0" color="0,220,0" radius="0.5" length="4" />
		<capsule pos="40.25,27.5,18.4" vel="0,0,0" mass="1" elasticityCoef="1" ang="90,0,0" color="0,220,0" radius="0.5" length="4" />
		<capsule pos="40.25,27.5,20.699999999999996" vel="0,0,0" mass="1" elasticityCoef="1" ang="90,0,0" color="0,220,0" radius="0.5" length="4" />
		<capsule pos="40.25,27.5,22.999999999999993" vel="0,0,0" mass="1" elasticityCoef="1" ang="90,0,0" color="0,220,0" radius="0.5" length="4" />
		<capsule pos="40.25,27.5,25.300000000000004" vel="0,0,0" mass="1" elasticityCoef="1" ang="90,0,0" color="0,220,0" radius="0.5" length="4" />
		<capsule pos="40.25,27.5,27.6" vel="0,0,0" mass="1" elasticityCoef="1" ang="90,0,0" color="0,220,0" radius="0.5" length="4" />
		<capsule pos="40.25,27.5,29.9" vel="0,0,0" mass="1" elasticityCoef="1" ang="90,0,0" color="0,220,0" radius="0.5" length="4" />
		<capsule pos="40.25,27.5,32.199999999999996" vel="0,0,0" mass="1" elasticityCoef="1" ang="90,0,0" color="0,220,0" radius="0.5" length="4" />
		<capsule pos="40.25,27.5,34.49999999999999" vel="0,0,0" mass="1" elasticityCoef="1" ang="90,0,0" color="0,220,0" radius="0.5" length="4" />
		<capsule pos="40.25,27.5,36.800000000000004" vel="0,0,0" mass="1" elasticityCoef="1" ang="90,0,0" color="0,220,0" radius="0.5" length="4" />
		<capsule pos="40.25,27.5,39.1" vel="0,0,0" mass="1" elasticityCoef="1" ang="90,0,0" color="0,220,0" radius="0.5" length="4" />
		<capsule pos="40.25,27.5,41.4" vel="0,0,0" mass="1" elasticityCoef="1" ang="90,0,0" color="0,220,0" radius="0.5" length="4" />
		<capsule pos="40.25,33.0,-43.699999999999996" vel="0,0,0" mass="1" elasticityCoef="1" ang="90,0,0" color="0,220,0" radius="0.5" length="4" />
		<capsule pos="40.25,33.0,-41.4" vel="0,0,0" mass="1" elasticityCoef="1" ang="90,0,0" color="0,220,0" radius="0.5" length="4" />
		<capsule pos="40.25,33.0,-39.099999999999994" vel="0,0,0" mass="1" elasticityCoef="1" ang="90,0,0" color="0,220,0" radius="0.5" length="4" />
		<capsule pos="40.25,33.0,-36.8" vel="0,0,0" mass="1" elasticityCoef="1" ang="90,0,0" color="0,220,0" radius="0.5" length="4" />
		<capsule pos="40.25,33.0,-34.5" vel="0,0,0" mass="1" elasticityCoef="1" ang="90,0,0" color="0,220,0" radius="0.5" length="4" />
		<capsule pos="40.25,33.0,-32.199999999999996" vel="0,0,0" mass="1" elasticityCoef="1" ang="90,0,0" color="0,220,0" radius="0.5" length="4" />
		<capsule pos="40.25,33.0,-29.9" vel="0,0,0" mass="1" elasticityCoef="1" ang="90,0,0" color="0,220,0" radius="0.5" length="4" />
		<capsule pos="40.25,33.0,-27.599999999999998" vel="0,0,0" mass="1" elasticityCoef="1" ang="90,0,0" color="0,220,0" radius="0.5" length="4" />
		<capsule pos="40.25,33.0,-25.299999999999997" vel="0,0,0" mass="1" elasticityCoef="1" ang="90,0,0" color="0,220,0" radius="0.5" length="4" />
		<capsule pos="40.25,33.0,-22.999999999999996" vel="0,0,0" mass="1" elasticityCoef="1" ang="90,0,0" color="0,220,0" radius="0.5" length="4" />
		<capsule pos="40.25,33.0,-20.699999999999996" vel="0,0,0" mass="1" elasticityCoef="1" ang="90,0,0" color="0,220,0" radius="0.5" length="4" />
		<capsule pos="40.25,33.0,-18.4" vel="0,0,0" mass="1" elasticityCoef="1" ang="90,0,0" color="0,220,0" radius="0.5" length="4" />
		<capsule pos="40.25,33.0,-16.099999999999998" vel="0,0,0" mass="1" elasticityCoef="1" ang="90,0,0" color="0,220,0" radius="0.5" length="4" />
		<capsule pos="40.25,33.0,-13.799999999999997" vel="0,0,0" mass="1" elasticityCoef="1" ang="90,0,0" color="0,220,0" radius="0.5" length="4" />
		<capsule pos="40.25,33.0,-11.5" vel="0,0,0" mass="1" elasticityCoef="1" ang="90,0,0" color="0,220,0" radius="0.5" length="4" />
		<capsule pos="40.25,33.0,-9.199999999999996" vel="0,0,0" mass="1" elasticityCoef="1" ang="90,0,0" color="0,220,0" radius="0.5" length="4" />
		<capsule pos="40.25,33.0,-6.899999999999999" vel="0,0,0" mass="1" elasticityCoef="1" ang="90,0,0" color="0,220,0" radius="0.5" length="4" />
		<capsule pos="40.25,33.0,-4.600000000000001" vel="0,0,0" mass="1" elasticityCoef="1" ang="90,0,0" color="0,220,0" radius="0.5" length="4" />
		<capsule pos="40.25,33.0,-2.299999999999997" vel="0,0,0" mass="1" elasticityCoef="1" ang="90,0,0" color="0,220,0" radius="0.5" length="4" />
		<capsule pos="40.25,33.0,0.0" vel="0,0,0" mass="1" elasticityCoef="1" ang="90,0,0" color="0,220,0" radius="0.5" length="4" />
		<capsule pos="40.25,33.0,2.3000000000000043" vel="0,0,0" mass="1" elasticityCoef="1" ang="90,0,0" color="0,220,0" radius="0.5" length="4" />
		<capsule pos="40.25,33.0,4.600000000000001" vel="0,0,0" mass="1" elasticityCoef="1" ang="90,0,0" color="0,220,0" radius="0.5" length="4" />
		<capsule pos="40.25,33.0,6.899999999999999" vel="0,0,0" mass="1" elasticityCoef="1" ang="90,0,0" color="0,220,0" radius="0.5" length="4" />
		<capsule pos="40.25,33.0,9.200000000000003" vel="0,0,0" mass="1" elasticityCoef="1" ang="90,0,0" color="0,220,0" radius="0.5" length="4" />
		<capsule pos="40.25,33.0,11.5" vel="0,0,0" mass="1" elasticityCoef="1" ang="90,0,0" color="0,220,0" radius="0.5" length="4" />
		<capsule pos="40.25,33.0,13.799999999999997" vel="0,0,0" mass="1" elasticityCoef="1" ang="90,0,0" color="0,220,0" radius="0.5" length="4" />
		<capsule pos="40.25,33.0,16.1" vel="0,0,0" mass="1" elasticityCoef="1" ang="90,0,0" color="0,220,0" radius="0.5" length="4" />
		<capsule pos="40.25,33.0,18.4" vel="0,0,0" mass="1" elasticityCoef="1" ang="90,0,0" color="0,220,0" radius="0.5" length="4" />
		<capsule pos="40.25,33.0,20.699999999999996" vel="0,0,0" mass="1" elasticityCoef="1" ang="90,0,0" color="0,220,0" radius="0.5" length="4" />
		<capsule pos="40.25,33.0,22.999999999999993" vel="0,0,0" mass="1" elasticityCoef="1" ang="90,0,0" color="0,220,0" radius="0.5" length="4" />
		<capsule pos="40.25,33.0,25.300000000000004" vel="0,0,0" mass="1" elasticityCoef="1" ang="90,0,0" color="0,220,0" radius="0.5" length="4" />
		<capsule pos="40.25,33.0,27.6" vel="0,0,0" mass="1" elasticityCoef="1" ang="90,0,0" color="0,220,0" radius="0.5" length="4" />
		<capsule pos="40.25,33.0,29.9" vel="0,0,0" mass="1" elasticityCoef="1" ang="90,0,0" color="0,220,0" radius="0.5" length="4" />
		<capsule pos="40.25,33.0,32.199999999999996" vel="0,0,0" mass="1" elasticityCoef="1" ang="90,0,0" color="0,220,0" radius="0.5" length="4" />
		<capsule pos="40.25,33.0,34.49999999999999" vel="0,0,0" mass="1" elasticityCoef="1" ang="90,0,0" color="0,220,0" radius="0.5" length="4" />
		<capsule pos="40.25,33.0,36.800000000000004" vel="0,0,0" mass="1" elasticityCoef="1" ang="90,0,0" color="0,220,0" radius="0.5" length="4" />
		<capsule pos="40.25,33.0,39.1" vel="0,0,0" mass="1" elasticityCoef="1" ang="90,0,0" color="0,220,0" radius="0.5" length="4" />
		<capsule pos="40.25,33.0,41.4" vel="0,0,0" mass="1" elasticityCoef="1" ang="90,0,0" color="0,220,0" radius="0.5" length="4" />
		<capsule pos="40.25,38.5,-43.699999999999996" vel="0,0,0" mass="1" elasticityCoef="1" ang="90,0,0" color="0,220,0" radius="0.5" length="4" />
		<capsule pos="40.25,38.5,-41.4" vel="0,0,0" mass="1" elasticityCoef="1" ang="90,0,0" color="0,220,0" radius="0.5" length="4" />
		<capsule pos="40.25,38.5,-39.099999999999994" vel="0,0,0" mass="1" elasticityCoef="1" ang="90,0,0" color="0,220,0" radius="0.5" length="4" />
		<capsule pos="40.25,38.5,-36.8" vel="0,0,0" mass="1" elasticityCoef="1" ang="90,0,0" color="0,220,0" radius="0.5" length="4" />
		<capsule pos="40.25,38.5,-34.5" vel="0,0,0" mass="1" elasticityCoef="1" ang="90,0,0" color="0,220,0" radius="0.5" length="4" />
		<capsule pos="40.25,38.5,-32.199999999999996" vel="0,0,0" mass="1" elasticityCoef="1" ang="90,0,0" color="0,220,0" radius="0.5" length="4" />
		<capsule pos="40.25,38.5,-29.9" vel="0,0,0" mass="1" elasticityCoef="1" ang="90,0,0" color="0,220,0" radius="0.5" length="4" />
		<capsule pos="40.25,38.5,-27.599999999999998" vel="0,0,0" mass="1" elasticityCoef="1" ang="90,0,0" color="0,220,0" radius="0.5" length="4" />
		<capsule pos="40.25,38.5,-25.299999999999997" vel="0,0,0" mass="1" elasticityCoef="1" ang="90,0,0" color="0,220,0" radius="0.5" length="4" />
		<capsule pos="40.25,38.5,-22.999999999999996" vel="0,0,0" mass="1" elasticityCoef="1" ang="90,0,0" color="0,220,0" radius="0.5" length="4" />
		<capsule pos="40.25,38.5,-20.699999999999996" vel="0,0,0" mass="1" elasticityCoef="1" ang="90,0,0" color="0,220,0" radius="0.5" length="4" />
		<capsule pos="40.25,38.5,-18.4" vel="0,0,0" mass="1" elasticityCoef="1" ang="90,0,0" color="0,220,0" radius="0.5" length="4" />
		<capsule pos="40.25,38.5,-16.099999999999998" vel="0,0,0" mass="1" elasticityCoef="1" ang="90,0,0" color="0,220,0" radius="0.5" length="4" />
		<capsule pos="40.25,38.5,-13.799999999999997" vel="0,0,0" mass="1" elasticityCoef="1" ang="90,0,0" color="0,220,0" radius="0.5" length="4" />
		<capsule pos="40.25,38.5,-11.5" vel="0,0,0" mass="1" elasticityCoef="1" ang="90,0,0" color="0,220,0" radius="0.5" length="4" />
		<capsule pos="40.25,38.5,-9.199999999999996" vel="0,0,0" mass="1" elasticityCoef="1" ang="90,0,0" color="0,220,0" radius="0.5" length="4" />
		<capsule pos="40.25,38.5,-6.899999999999999" vel="0,0,0" mass="1" elasticityCoef="1" ang="90,0,0" color="0,220,0" radius="0.5" length="4" />
		<capsule pos="40.25,38.5,-4.600000000000001" vel="0,0,0" mass="1" elasticityCoef="1" ang="90,0,0" color="0,220,0" radius="0.5" length="4" />
		<capsule pos="40.25,38.5,-2.299999999999997" vel="0,0,0" mass="1" elasticityCoef="1" ang="90,0,0" color="0,220,0" radius="0.5" length="4" />
		<capsule pos="40.25,38.5,0.0" vel="0,0,0" mass="1" elasticityCoef="1" ang="90,0,0" color="0,220,0" radius="0.5" length="4" />
		<capsule pos="40.25,38.5,2.3000000000000043" vel="0,0,0" mass="1" elasticityCoef="1" ang="90,0,0" color="0,220,0" radius="0.5" length="4" />
		<capsule pos="40.25,38.5,4.600000000000001" vel="0,0,0" mass="1" elasticityCoef="1" ang="90,0,0" color="0,220,0" radius="0.5" length="4" />
		<capsule pos="40.25,38.5,6.899999999999999" vel="0,0,0" mass="1" elasticityCoef="1" ang="90,0,0" color="0,220,0" radius="0.5" length="4" />
		<capsule pos="40.25,38.5,9.200000000000003" vel="0,0,0" mass="1" elasticityCoef="1" ang="90,0,0" color="0,220,0" radius="0.5" length="4" />
		<capsule pos="40.25,38.5,11.5" vel="0,0,0" mass="1" elasticityCoef="1" ang="90,0,0" color="0,220,0" radius="0.5" length="4" />
		<capsule pos="40.25,38.5,13.799999999999997" vel="0,0,0" mass="1" elasticityCoef="1" ang="90,0,0" color="0,220,0" radius="0.5" length="4" />
		<capsule pos="40.25,38.5,16.1" vel="0,0,0" mass="1" elasticityCoef="1" ang="90,0,0" color="0,220,0" radius="0.5" length="4" />
		<capsule pos="40.25,38.5,18.4" vel="0,0,0" mass="1" elasticityCoef="1" ang="90,0,0" color="0,220,0" radius="0.5" length="4" />
		<capsule pos="40.25,38.5,20.699999999999996" vel="0,0,0" mass="1" elasticityCoef="1" ang="90,0,0" color="0,220,0" radius="0.5" length="4" />
		<capsule pos="40.25,38.5,22.999999999999993" vel="0,0,0" mass="1" elasticityCoef="1" ang="90,0,0" color="0,220,0" radius="0.5" length="4" />
		<capsule pos="40.25,38.5,25.300000000000004" vel="0,0,0" mass="1" elasticityCoef="1" ang="90,0,0" color="0,220,0" radius="0.5" length="4" />
		<capsule pos="40.25,38.5,27.6" vel="0,0,0" mass="1" elasticityCoef="1" ang="90,0,0" color="0,220,0" radius="0.5" length="4" />
		<capsule pos="40.25,38.5,29.9" vel="0,0,0" mass="1" elasticityCoef="1" ang="90,0,0" color="0,220,0" radius="0.5" length="4" />
		<capsule pos="40.25,38.5,32.199999999999996" vel="0,0,0" mass="1" elasticityCoef="1" ang="90,0,0" color="0,220,0" radius="0.5" length="4" />
		<capsule pos="40.25,38.5,34.49999999999999" vel="0,0,0" mass="1" elasticityCoef="1" ang="90,0,0" color="0,220,0" radius="0.5" length="4" />
		<capsule pos="40.25,38.5,36.800000000000004" vel="0,0,0" mass="1" elasticityCoef="1" ang="90,0,0" color="0,220,0" radius="0.5" length="4" />
		<capsule pos="40.25,38.5,39.1" vel="0,0,0" mass="1" elasticityCoef="1" ang="90,0,0" color="0,220,0" radius="0.5" length="4" />
		<capsule pos="40.25,38.5,41.4" vel="0,0,0" mass="1" elasticityCoef="1" ang="90,0,0" color="0,220,0" radius="0.5" length="4" />
		<capsule pos="40.25,44.0,-43.699999999999996" vel="0,0,0" mass="1" elasticityCoef="1" ang="90,0,0" color="0,220,0" radius="0.5" length="4" />
		<capsule pos="40.25,44.0,-41.4" vel="0,0,0" mass="1" elasticityCoef="1" ang="90,0,0" color="0,220,0" radius="0.5" length="4" />
		<capsule pos="40.25,44.0,-39.099999999999994" vel="0,0,0" mass="1" elasticityCoef="1" ang="90,0,0" color="0,220,0" radius="0.5" length="4" />
		<capsule pos="40.25,44.0,-36.8" vel="0,0,0" mass="1" elasticityCoef="1" ang="90,0,0" color="0,220,0" radius="0.5" length="4" />
		<capsule pos="40.25,44.0,-34.5" vel="0,0,0" mass="1" elasticityCoef="1" ang="90,0,0" color="0,220,0" radius="0.5" length="4" />
		<capsule pos="40.25,44.0,-32.199999999999996" vel="0,0,0" mass="1" elasticityCoef="1" ang="90,0,0" color="0,220,0" radius="0.5" length="4" />
		<capsule pos="40.25,44.0,-29.9" vel="0,0,0" mass="1" elasticityCoef="1" ang="90,0,0" color="0,220,0" radius="0.5" length="4" />
		<capsule pos="40.25,44.0,-27.599999999999998" vel="0,0,0" mass="1" elasticityCoef="1" ang="90,0,0" color="0,220,0" radius="0.5" length="4" />
		<capsule pos="40.25,44.0,-25.299999999999997" vel="0,0,0" mass="1" elasticityCoef="1" ang="90,0,0" color="0,220,0" radius="0.5" length="4" />
		<capsule pos="40.25,44.0,-22.999999999999996" vel="0,0,0" mass="1" elasticityCoef="1" ang="90,0,0" color="0,220,0" radius="0.5" length="4" />
		<capsule pos="40.25,44.0,-20.699999999999996" vel="0,0,0" mass="1" elasticityCoef="1" ang="90,0,0" color="0,220,0" radius="0.5" length="4" />
		<capsule pos="40.25,44.0,-18.4" vel="0,0,0" mass="1" elasticityCoef="1" ang="90,0,0" color="0,220,0" radius="0.5" length="4" />
		<capsule pos="40.25,44.0,-16.099999999999998" vel="0,0,0" mass="1" elasticityCoef="1" ang="90,0,0" color="0,220,0" radius="0.5" length="4" />
		<capsule pos="40.25,44.0,-13.799999999999997" vel="0,0,0" mass="1" elasticityCoef="1" ang="90,0,0" color="0,220,0" radius="0.5" length="4" />
		<capsule pos="40.25,44.0,-11.5" vel="0,0,0" mass="1" elasticityCoef="1" ang="90,0,0" color="0,220,0" radius="0.5" length="4" />
		<capsule pos="40.25,44.0,-9.199999999999996" vel="0,0,0" mass="1" elasticityCoef="1" ang="90,0,0" color="0,220,0" radius="0.5" length="4" />
		<capsule pos="40.25,44.0,-6.899999999999999" vel="0,0,0" mass="1" elasticityCoef="1" ang="90,0,0" color="0,220,0" radius="0.5" length="4" />
		<capsule pos="40.25,44.0,-4.600000000000001" vel="0,0,0" mass="1" elasticityCoef="1" ang="90,0,0" color="0,220,0" radius="0.5" length="4" />
		<capsule pos="40.25,44.0,-2.299999999999997" vel="0,0,0" mass="1" elasticityCoef="1" ang="90,0,0" color="0,220,0" radius="0.5" length="4" />
		<capsule pos="40.25,44.0,0.0" vel="0,0,0" mass="1" elasticityCoef="1" ang="90,0,0" color="0,220,0" radius="0.5" length="4" />
		<capsule pos="40.25,44.0,2.3000000000000043" vel="0,0,0" mass="1" elasticityCoef="1" ang="90,0,0" color="0,220,0" radius="0.5" length="4" />
		<capsule pos="40.25,44.0,4.600000000000001" vel="0,0,0" mass="1" elasticityCoef="1" ang="90,0,0" color="0,220,0" radius="0.5" length="4" />
		<capsule pos="40.25,44.0,6.899999999999999" vel="0,0,0" mass="1" elasticityCoef="1" ang="90,0,0" color="0,220,0" radius="0.5" length="4" />
		<capsule pos="40.25,44.0,9.200000000000003" vel="0,0,0" mass="1" elasticityCoef="1" ang="90,0,0" color="0,220,0" radius="0.5" length="4" />
		<capsule pos="40.25,44.0,11.5" vel="0,0,0" mass="1" elasticityCoef="1" ang="90,0,0" color="0,220,0" radius="0.5" length="4" />
		<capsule pos="40.25,44.0,13.799999999999997" vel="0,0,0" mass="1" elasticityCoef="1" ang="90,0,0" color="0,220,0" radius="0.5" length="4" />
		<capsule pos="40.25,44.0,16.1" vel="0,0,0" mass="1" elasticityCoef="1" ang="90,0,0" color="0,220,0" radius="0.5" length="4" />
		<capsule pos="40.25,44.0,18.4" vel="0,0,0" mass="1" elasticityCoef="1" ang="90,0,0" color="0,220,0" radius="0.5" length="4" />
		<capsule pos="40.25,44.0,20.699999999999996" vel="0,0,0" mass="1" elasticityCoef="1" ang="90,0,0" color="0,220,0" radius="0.5" length="4" />
		<capsule pos="40.25,44.0,22.999999999999993" vel="0,0,0" mass="1" elasticityCoef="1" ang="90,0,0" color="0,220,0" radius="0.5" length="4" />
		<capsule pos="40.25,44.0,25.300000000000004" vel="0,0,0" mass="1" elasticityCoef="1" ang="90,0,0" color="0,220,0" radius="0.5" length="4" />
		<capsule pos="40.25,44.0,27.6" vel="0,0,0" mass="1" elasticityCoef="1" ang="90,0,0" color="0,220,0" radius="0.5" length="4" />
		<capsule pos="40.25,44.0,29.9" vel="0,0,0" mass="1" elasticityCoef="1" ang="90,0,0" color="0,220,0" radius="0.5" length="4" />
		<capsule pos="40.25,44.0,32.199999999999996" vel="0,0,0" mass="1" elasticityCoef="1" ang="90,0,0" color="0,220,0" radius="0.5" length="4" />
		<capsule pos="40.25,44.0,34.49999999999999" vel="0,0,0" mass="1" elasticityCoef="1" ang="90,0,0" color="0,220,0" radius="0.5" length="4" />
		<capsule pos="40.25,44.0,36.800000000000004" vel="0,0,0" mass="1" elasticityCoef="1" ang="90,0,0" color="0,220,0" radius="0.5" length="4" />
		<capsule pos="40.25,44.0,39.1" vel="0,0,0" mass="1" elasticityCoef="1" ang="90,0,0" color="0,220,0" radius="0.5" length="4" />
		<capsule pos="40.25,44.0,41.4" vel="0,0,0" mass="1" elasticityCoef="1" ang="90,0,0" color="0,220,0" radius="0.5" length="4" />
		<sphere pos="52.55,59.5,53.699999999999996" vel="-20,-20,-20" mass="1000" elasticityCoef="1" ang="0,0,0" color="200,200,200" radius="4" />

	</objects>
</config>
