<?xml version="1.0" encoding="utf-8"?>
<config>
	<camera rad="136" pitch="-50" yaw="50"/>
	<objects>
		<capsule pos="-33.349999999999994,-41.25,-33.349999999999994" vel="0,0,0" mass="1" elasticityCoef="1" ang="90,0,0" color="0,220,0" radius="0.5" length="4" />
		<capsule pos="-33.349999999999994,-41.25,-31.049999999999994" vel="0,0,0" mass="1" elasticityCoef="1" ang="90,0,0" color="0,220,0" radius="0.5" length="4" />
		<capsule pos="-33.349999999999994,-41.25,-28.749999999999993" vel="0,0,0" mass="1" elasticityCoef="1" ang="90,0,0" color="0,220,0" radius="0.5" length="4" />
		<capsule pos="-33.349999999999994,-41.25,-26.449999999999996" vel="0,0,0" mass="1" elasticityCoef="1" ang="90,0,0" color="0,220,0" radius="0.5" length="4" />
		<capsule pos="-33.349999999999994,-41.25,-24.149999999999995" vel="0,0,0" mass="1" elasticityCoef="1" ang="90,0,0" color="0,220,0" radius="0.5" length="4" />
		<capsule pos="-33.349999999999994,-41.25,-21.849999999999994" vel="0,0,0" mass="1" elasticityCoef="1" ang="90,0,0" color="0,220,0" radius="0.5" length="4" />
		<capsule pos="-33.349999999999994,-41.25,-19.549999999999997" vel="0,0,0" mass="1" elasticityCoef="1" ang="90,0,0" color="0,220,0" radius="0.5" length="4" />
		<capsule pos="-33.349999999999994,-41.25,-17.249999999999996" vel="0,0,0" mass="1" elasticityCoef="1" ang="90,0,0" color="0,220,0" radius="0.5" length="4" />
		<capsule pos="-33.349999999999994,-41.25,-14.949999999999996" vel="0,0,0" mass="1" elasticityCoef="1" ang="90,0,0" color="0,220,0" radius="0.5" length="4" />
		<capsule pos="-33.349999999999994,-41.25,-12.649999999999995" vel="0,0,0" mass="1" elasticityCoef="1" ang="90,0,0" color="0,220,0" radius="0.5" length="4" />
		<capsule pos="-33.349999999999994,-41.25,-10.349999999999994" vel="0,0,0" mass="1" elasticityCoef="1" ang="90,0,0" color="0,220,0" radius="0.5" length="4" />
		<capsule pos="-33.349999999999994,-41.25,-8.049999999999997" vel="0,0,0" mass="1" elasticityCoef="1" ang="90,0,0" color="0,220,0" radius="0.5" length="4" />
		<capsule pos="-33.349999999999994,-41.25,-5.7499999999999964" vel="0,0,0" mass="1" elasticityCoef="1" ang="90,0,0" color="0,220,0" radius="0.5" length="4" />
		<capsule pos="-33.349999999999994,-41.25,-3.4499999999999957" vel="0,0,0" mass="1" elasticityCoef="1" ang="90,0,0" color="0,220,0" radius="0.5" length="4" />
		<capsule pos="-33.349999999999994,-41.25,-1.1499999999999986" vel="0,0,0" mass="1" elasticityCoef="1" ang="90,0,0" color="0,220,0" radius="0.5" length="4" />
		<capsule pos="-33.349999999999994,-41.25,1.1500000000000057" vel="0,0,0" mass="1" elasticityCoef="1" ang="90,0,0" color="0,220,0" radius="0.5" length="4" />
		<capsule pos="-33.349999999999994,-41.25,3.450000000000003" vel="0,0,0" mass="1" elasticityCoef="1" ang="90,0,0" color="0,220,0" radius="0.5" length="4" />
		<capsule pos="-33.349999999999994,-41.25,5.75" vel="0,0,0" mass="1" elasticityCoef="1" ang="90,0,0" color="0,220,0" radius="0.5" length="4" />
		<capsule pos="-33.349999999999994,-41.25,8.050000000000004" vel="0,0,0" mass="1" elasticityCoef="1" ang="90,0,0" color="0,220,0" radius="0.5" length="4" />
		<capsule pos="-33.349999999999994,-41.25,10.350000000000001" vel="0,0,0" mass="1" elasticityCoef="1" ang="90,0,0" color="0,220,0" radius="0.5" length="4" />
		<capsule pos="-33.349999999999994,-41.25,12.650000000000006" vel="0,0,0" mass="1" elasticityCoef="1" ang="90,0,0" color="0,220,0" radius="0.5" length="4" />
		<capsule pos="-33.349999999999994,-41.25,14.950000000000003" vel="0,0,0" mass="1" elasticityCoef="1" ang="90,0,0" color="0,220,0" radius="0.5" length="4" />
		<capsule pos="-33.349999999999994,-41.25,17.25" vel="0,0,0" mass="1" elasticityCoef="1" ang="90,0,0" color="0,220,0" radius="0.5" length="4" />
		<capsule pos="-33.349999999999994,-41.25,19.550000000000004" vel="0,0,0" mass="1" elasticityCoef="1" ang="90,0,0" color="0,220,0" radius="0.5" length="4" />
		<capsule pos="-33.349999999999994,-41.25,21.85" vel="0,0,0" mass="1" elasticityCoef="1" ang="90,0,0" color="0,220,0" radius="0.5" length="4" />
		<capsule pos="-33.349999999999994,-41.25,24.15" vel="0,0,0" mass="1" elasticityCoef="1" ang="90,0,0" color="0,220,0" radius="0.5" length="4" />
		<capsule pos="-33.349999999999994,-41.25,26.450000000000003" vel="0,0,0" mass="1" elasticityCoef="1" ang="90,0,0" color="0,220,0" radius="0.5" length="4" />
		<capsule pos="-33.349999999999994,-41.25,28.75" vel="0,0,0" mass="1" elasticityCoef="1" ang="90,0,0" color="0,220,0" radius="0.5" length="4" />
		<capsule pos="-33.349999999999994,-41.25,31.049999999999997" vel="0,0,0" mass="1" elasticityCoef="1" ang="90,0,0" color="0,220,0" radius="0.5" length="4" />
		<capsule pos="-33.349999999999994,-35.75,-33.349999999999994" vel="0,0,0" mass="1" elasticityCoef="1" ang="90,0,0" color="0,220,0" radius="0.5" length="4" />
		<capsule pos="-33.349999999999994,-35.75,-31.049999999999994" vel="0,0,0" mass="1" elasticityCoef="1" ang="90,0,0" color="0,220,0" radius="0.5" length="4" />
		<capsule pos="-33.349999999999994,-35.75,-28.749999999999993" vel="0,0,0" mass="1" elasticityCoef="1" ang="90,0,0" color="0,220,0" radius="0.5" length="4" />
		<capsule pos="-33.349999999999994,-35.75,-26.449999999999996" vel="0,0,0" mass="1" elasticityCoef="1" ang="90,0,0" color="0,220,0" radius="0.5" length="4" />
		<capsule pos="-33.349999999999994,-35.75,-24.149999999999995" vel="0,0,0" mass="1" elasticityCoef="1" ang="90,0,0" color="0,220,0" radius="0.5" length="4" />
		<capsule pos="-33.349999999999994,-35.75,-21.849999999999994" vel="0,0,0" mass="1" elasticityCoef="1" ang="90,0,0" color="0,220,0" radius="0.5" length="4" />
		<capsule pos="-33.349999999999994,-35.75,-19.549999999999997" vel="0,0,0" mass="1" elasticityCoef="1" ang="90,0,0" color="0,220,0" radius="0.5" length="4" />
		<capsule pos="-33.349999999999994,-35.75,-17.249999999999996" vel="0,0,0" mass="1" elasticityCoef="1" ang="90,0,0" color="0,220,0" radius="0.5" length="4" />
		<capsule pos="-33.349999999999994,-35.75,-14.949999999999996" vel="0,0,0" mass="1" elasticityCoef="1" ang="90,0,0" color="0,220,0" radius="0.5" length="4" />
		<capsule pos="-33.349999999999994,-35.75,-12.649999999999995" vel="0,0,0" mass="1" elasticityCoef="1" ang="90,0,0" color="0,220,0" radius="0.5" length="4" />
		<capsule pos="-33.349999999999994,-35.75,-10.349999999999994" vel="0,0,0" mass="1" elasticityCoef="1" ang="90,0,0" color="0,220,0" radius="0.5" length="4" />
		<capsule pos="-33.349999999999994,-35.75,-8.049999999999997" vel="0,0,0" mass="1" elasticityCoef="1" ang="90,0,0" color="0,220,0" radius="0.5" length="4" />
		<capsule pos="-33.349999999999994,-35.75,-5.7499999999999964" vel="0,0,0" mass="1" elasticityCoef="1" ang="90,0,0" color="0,220,0" radius="0.5" length="4" />
		<capsule pos="-33.349999999999994,-35.75,-3.4499999999999957" vel="0,0,0" mass="1" elasticityCoef="1" ang="90,0,0" color="0,220,0" radius="0.5" length="4" />
		<capsule pos="-33.349999999999994,-35.75,-1.1499999999999986" vel="0,0,0" mass="1" elasticityCoef="1" ang="90,0,0" color="0,220,0" radius="0.5" length="4" />
		<capsule pos="-33.349999999999994,-35.75,1.1500000000000057" vel="0,0,0" mass="1" elasticityCoef="1" ang="90,0,0" color="0,220,0" radius="0.5" length="4" />
		<capsule pos="-33.349999999999994,-35.75,3.450000000000003" vel="0,0,0" mass="1" elasticityCoef="1" ang="90,0,0" color="0,220,0" radius="0.5" length="4" />
		<capsule pos="-33.349999999999994,-35.75,5.75" vel="0,0,0" mass="1" elasticityCoef="1" ang="90,0,0" color="0,220,0" radius="0.5" length="4" />
		<capsule pos="-33.349999999999994,-35.75,8.050000000000004" vel="0,0,0" mass="1" elasticityCoef="1" ang="90,0,0" color="0,220,0" radius="0.5" length="4" />
		<capsule pos="-33.349999999999994,-35.75,10.350000000000001" vel="0,0,0" mass="1" elasticityCoef="1" ang="90,0,0" color="0,220,0" radius="0.5" length="4" />
		<capsule pos="-33.349999999999994,-35.75,12.650000000000006" vel="0,0,0" mass="1" elasticityCoef="1" ang="90,0,0" color="0,220,0" radius="0.5" length="4" />
		<capsule pos="-33.349999999999994,-35.75,14.950000000000003" vel="0,0,0" mass="1" elasticityCoef="1" ang="90,0,0" color="0,220,0" radius="0.5" length="4" />
		<capsule pos="-33.349999999999994,-35.75,17.25" vel="0,0,0" mass="1" elasticityCoef="1" ang="90,0,0" color="0,220,0" radius="0.5" length="4" />
		<capsule pos="-33.349999999999994,-35.75,19.550000000000004" vel="0,0,0" mass="1" elasticityCoef="1" ang="90,0,0" color="0,220,0" radius="0.5" length="4" />
		<capsule pos="-33.349999999999994,-35.75,21.85" vel="0,0,0" mass="1" elasticityCoef="1" ang="90,0,0" color="0,220,0" radius="0.5" length="4" />
		<capsule pos="-33.349999999999994,-35.75,24.15" vel="0,0,0" mass="1" elasticityCoef="1" ang="90,0,0" color="0,220,0" radius="0.5" length="4" />
		<capsule pos="-33.349999999999994,-35.75,26.450000000000003" vel="0,0,0" mass="1" elasticityCoef="1" ang="90,0,0" color="0,220,0" radius="0.5" length="4" />
		<capsule pos="-33.349999999999994,-35.75,28.75" vel="0,0,0" mass="1" elasticityCoef="1" ang="90,0,0" color="0,220,0" radius="0.5" length="4" />
		<capsule pos="-33.349999999999994,-35.75,31.049999999999997" vel="0,0,0" mass="1" elasticityCoef="1" ang="90,0,0" color="0,220,0" radius="0.5" length="4" />
		<capsule pos="-33.349999999999994,-30.25,-33.349999999999994" vel="0,0,0" mass="1" elasticityCoef="1" ang="90,0,0" color="0,220,0" radius="0.5" length="4" />
		<capsule pos="-33.349999999999994,-30.25,-31.049999999999994" vel="0,0,0" mass="1" elasticityCoef="1" ang="90,0,0" color="0,220,0" radius="0.5" length="4" />
		<capsule pos="-33.349999999999994,-30.25,-28.749999999999993" vel="0,0,0" mass="1" elasticityCoef="1" ang="90,0,0" color="0,220,0" radius="0.5" length="4" />
		<capsule pos="-33.349999999999994,-30.25,-26.449999999999996" vel="0,0,0" mass="1" elasticityCoef="1" ang="90,0,0" color="0,220,0" radius="0.5" length="4" />
		<capsule pos="-33.349999999999994,-30.25,-24.149999999999995" vel="0,0,0" mass="1" elasticityCoef="1" ang="90,0,0" color="0,220,0" radius="0.5" length="4" />
		<capsule pos="-33.349999999999994,-30.25,-21.849999999999994" vel="0,0,0" mass="1" elasticityCoef="1" ang="90,0,0" color="0,220,0" radius="0.5" length="4" />
		<capsule pos="-33.349999999999994,-30.25,-19.549999999999997" vel="0,0,0" mass="1" elasticityCoef="1" ang="90,0,0" color="0,220,0" radius="0.5" length="4" />
		<capsule pos="-33.349999999999994,-30.25,-17.249999999999996" vel="0,0,0" mass="1" elasticityCoef="1" ang="90,0,0" color="0,220,0" radius="0.5" length="4" />
		<capsule pos="-33.349999999999994,-30.25,-14.949999999999996" vel="0,0,0" mass="1" elasticityCoef="1" ang="90,0,0" color="0,220,0" radius="0.5" length="4" />
		<capsule pos="-33.349999999999994,-30.25,-12.649999999999995" vel="0,0,0" mass="1" elasticityCoef="1" ang="90,0,0" color="0,220,0" radius="0.5" length="4" />
		<capsule pos="-33.349999999999994,-30.25,-10.349999999999994" vel="0,0,0" mass="1" elasticityCoef="1" ang="90,0,0" color="0,220,0" radius="0.5" length="4" />
		<capsule pos="-33.349999999999994,-30.25,-8.049999999999997" vel="0,0,0" mass="1" elasticityCoef="1" ang="90,0,0" color="0,220,0" radius="0.5" length="4" />
		<capsule pos="-33.349999999999994,-30.25,-5.7499999999999964" vel="0,0,0" mass="1" elasticityCoef="1" ang="90,0,0" color="0,220,0" radius="0.5" length="4" />
		<capsule pos="-33.349999999999994,-30.25,-3.4499999999999957" vel="0,0,0" mass="1" elasticityCoef="1" ang="90,0,0" color="0,220,0" radius="0.5" length="4" />
		<capsule pos="-33.349999999999994,-30.25,-1.1499999999999986" vel="0,0,0" mass="1" elasticityCoef="1" ang="90,0,0" color="0,220,0" radius="0.5" length="4" />
		<capsule pos="-33.349999999999994,-30.25,1.1500000000000057" vel="0,0,0" mass="1" elasticityCoef="1" ang="90,0,0" color="0,220,0" radius="0.5" length="4" />
		<capsule pos="-33.349999999999994,-30.25,3.450000000000003" vel="0,0,0" mass="1" elasticityCoef="1" ang="90,0,0" color="0,220,0" radius="0.5" length="4" />
		<capsule pos="-33.349999999999994,-30.25,5.75" vel="0,0,0" mass="1" elasticityCoef="1" ang="90,0,0" color="0,220,0" radius="0.5" length="4" />
		<capsule pos="-33.349999999999994,-30.25,8.050000000000004" vel="0,0,0" mass="1" elasticityCoef="1" ang="90,0,0" color="0,220,0" radius="0.5" length="4" />
		<capsule pos="-33.349999999999994,-30.25,10.350000000000001" vel="0,0,0" mass="1" elasticityCoef="1" ang="90,0,0" color="0,220,0" radius="0.5" length="4" />
		<capsule pos="-33.349999999999994,-30.25,12.650000000000006" vel="0,0,0" mass="1" elasticityCoef="1" ang="90,0,0" color="0,220,0" radius="0.5" length="4" />
		<capsule pos="-33.349999999999994,-30.25,14.950000000000003" vel="0,0,0" mass="1" elasticityCoef="1" ang="90,0,0" color="0,220,0" radius="0.5" length="4" />
		<capsule pos="-33.349999999999994,-30.25,17.25" vel="0,0,0" mass="1" elasticityCoef="1" ang="90,0,0" color="0,220,0" radius="0.5" length="4" />
		<capsule pos="-33.349999999999994,-30.25,19.550000000000004" vel="0,0,0" mass="1" elasticityCoef="1" ang="90,0,0" color="0,220,0" radius="0.5" length="4" />
		<capsule pos="-33.349999999999994,-30.25,21.85" vel="0,0,0" mass="1" elasticityCoef="1" ang="90,0,0" color="0,220,0" radius="0.5" length="4" />
		<capsule pos="-33.349999999999994,-30.25,24.15" vel="0,0,0" mass="1" elasticityCoef="1" ang="90,0,0" color="0,220,0" radius="0.5" length="4" />
		<capsule pos="-33.349999999999994,-30.25,26.450000000000003" vel="0,0,0" mass="1" elasticityCoef="1" ang="90,0,0" color="0,220,0" radius="0.5" length="4" />
		<capsule pos="-33.349999999999994,-30.25,28.75" vel="0,0,0" mass="1" elasticityCoef="1" ang="90,0,0" color="0,220,0" radius="0.5" length="4" />
		<capsule pos="-33.349999999999994,-30.25,31.049999999999997" vel="0,0,0" mass="1" elasticityCoef="1" ang="90,0,0" color="0,220,0" radius="0.5" length="4" />
		<capsule pos="-33.349999999999994,-24.75,-33.349999999999994" vel="0,0,0" mass="1" elasticityCoef="1" ang="90,0,0" color="0,220,0" radius="0.5" length="4" />
		<capsule pos="-33.349999999999994,-24.75,-31.049999999999994" vel="0,0,0" mass="1" elasticityCoef="1" ang="90,0,0" color="0,220,0" radius="0.5" length="4" />
		<capsule pos="-33.349999999999994,-24.75,-28.749999999999993" vel="0,0,0" mass="1" elasticityCoef="1" ang="90,0,0" color="0,220,0" radius="0.5" length="4" />
		<capsule pos="-33.349999999999994,-24.75,-26.449999999999996" vel="0,0,0" mass="1" elasticityCoef="1" ang="90,0,0" color="0,220,0" radius="0.5" length="4" />
		<capsule pos="-33.349999999999994,-24.75,-24.149999999999995" vel="0,0,0" mass="1" elasticityCoef="1" ang="90,0,0" color="0,220,0" radius="0.5" length="4" />
		<capsule pos="-33.349999999999994,-24.75,-21.849999999999994" vel="0,0,0" mass="1" elasticityCoef="1" ang="90,0,0" color="0,220,0" radius="0.5" length="4" />
		<capsule pos="-33.349999999999994,-24.75,-19.549999999999997" vel="0,0,0" mass="1" elasticityCoef="1" ang="90,0,0" color="0,220,0" radius="0.5" length="4" />
		<capsule pos="-33.349999999999994,-24.75,-17.249999999999996" vel="0,0,0" mass="1" elasticityCoef="1" ang="90,0,0" color="0,220,0" radius="0.5" length="4" />
		<capsule pos="-33.349999999999994,-24.75,-14.949999999999996" vel="0,0,0" mass="1" elasticityCoef="1" ang="90,0,0" color="0,220,0" radius="0.5" length="4" />
		<capsule pos="-33.349999999999994,-24.75,-12.649999999999995" vel="0,0,0" mass="1" elasticityCoef="1" ang="90,0,0" color="0,220,0" radius="0.5" length="4" />
		<capsule pos="-33.349999999999994,-24.75,-10.349999999999994" vel="0,0,0" mass="1" elasticityCoef="1" ang="90,0,0" color="0,220,0" radius="0.5" length="4" />
		<capsule pos="-33.349999999999994,-24.75,-8.049999999999997" vel="0,0,0" mass="1" elasticityCoef="1" ang="90,0,0" color="0,220,0" radius="0.5" length="4" />
		<capsule pos="-33.349999999999994,-24.75,-5.7499999999999964" vel="0,0,0" mass="1" elasticityCoef="1" ang="90,0,0" color="0,220,0" radius="0.5" length="4" />
		<capsule pos="-33.349999999999994,-24.75,-3.4499999999999957" vel="0,0,0" mass="1" elasticityCoef="1" ang="90,0,0" color="0,220,0" radius="0.5" length="4" />
		<capsule pos="-33.349999999999994,-24.75,-1.1499999999999986" vel="0,0,0" mass="1" elasticityCoef="1" ang="90,0,0" color="0,220,0" radius="0.5" length="4" />
		<capsule pos="-33.349999999999994,-24.75,1.1500000000000057" vel="0,0,0" mass="1" elasticityCoef="1" ang="90,0,0" color="0,220,0" radius="0.5" length="4" />
		<capsule pos="-33.349999999999994,-24.75,3.450000000000003" vel="0,0,0" mass="1" elasticityCoef="1" ang="90,0,0" color="0,220,0" radius="0.5" length="4" />
		<capsule pos="-33.349999999999994,-24.75,5.75" vel="0,0,0" mass="1" elasticityCoef="1" ang="90,0,0" color="0,220,0" radius="0.5" length="4" />
		<capsule pos="-33.349999999999994,-24.75,8.050000000000004" vel="0,0,0" mass="1" elasticityCoef="1" ang="90,0,0" color="0,220,0" radius="0.5" length="4" />
		<capsule pos="-33.349999999999994,-24.75,10.350000000000001" vel="0,0,0" mass="1" elasticityCoef="1" ang="90,0,0" color="0,220,0" radius="0.5" length="4" />
		<capsule pos="-33.349999999999994,-24.75,12.650000000000006" vel="0,0,0" mass="1" elasticityCoef="1" ang="90,0,0" color="0,220,0" radius="0.5" length="4" />
		<capsule pos="-33.349999999999994,-24.75,14.950000000000003" vel="0,0,0" mass="1" elasticityCoef="1" ang="90,0,0" color="0,220,0" radius="0.5" length="4" />
		<capsule pos="-33.349999999999994,-24.75,17.25" vel="0,0,0" mass="1" elasticityCoef="1" ang="90,0,0" color="0,220,0" radius="0.5" length="4" />
		<capsule pos="-33.349999999999994,-24.75,19.550000000000004" vel="0,0,0" mass="1" elasticityCoef="1" ang="90,0,0" color="0,220,0" radius="0.5" length="4" />
		<capsule pos="-33.349999999999994,-24.75,21.85" vel="0,0,0" mass="1" elasticityCoef="1" ang="90,0,0" color="0,220,0" radius="0.5" length="4" />
		<capsule pos="-33.349999999999994,-24.75,24.15" vel="0,0,0" mass="1" elasticityCoef="1" ang="90,0,0" color="0,220,0" radius="0.5" length="4" />
		<capsule pos="-33.349999999999994,-24.75,26.450000000000003" vel="0,0,0" mass="1" elasticityCoef="1" ang="90,0,0" color="0,220,0" radius="0.5" length="4" />
		<capsule pos="-33.349999999999994,-24.75,28.75" vel="0,0,0" mass="1" elasticityCoef="1" ang="90,0,0" color="0,220,0" radius="0.5" length="4" />
		<capsule pos="-33.349999999999994,-24.75,31.049999999999997" vel="0,0,0" mass="1" elasticityCoef="1" ang="90,0,0" color="0,220,0" radius="0.5" length="4" />
		<capsule pos="-33.349999999999994,-19.25,-33.349999999999994" vel="0,0,0" mass="1" elasticityCoef="1" ang="90,0,0" color="0,220,0" radius="0.5" length="4" />
		<capsule pos="-33.349999999999994,-19.25,-31.049999999999994" vel="0,0,0" mass="1" elasticityCoef="1" ang="90,0,0" color="0,220,0" radius="0.5" length="4" />
		<capsule pos="-33.349999999999994,-19.25,-28.749999999999993" vel="0,0,0" mass="1" elasticityCoef="1" ang="90,0,0" color="0,220,0" radius="0.5" length="4" />
		<capsule pos="-33.349999999999994,-19.25,-26.449999999999996" vel="0,0,0" mass="1" elasticityCoef="1" ang="90,0,0" color="0,220,0" radius="0.5" length="4" />
		<capsule pos="-33.349999999999994,-19.25,-24.149999999999995" vel="0,0,0" mass="1" elasticityCoef="1" ang="90,0,0" color="0,220,0" radius="0.5" length="4" />
		<capsule pos="-33.349999999999994,-19.25,-21.849999999999994" vel="0,0,0" mass="1" elasticityCoef="1" ang="90,0,0" color="0,220,0" radius="0.5" length="4" />
		<capsule pos="-33.349999999999994,-19.25,-19.549999999999997" vel="0,0,0" mass="1" elasticityCoef="1" ang="90,0,0" color="0,220,0" radius="0.5" length="4" />
		<capsule pos="-33.349999999999994,-19.25,-17.249999999999996" vel="0,0,0" mass="1" elasticityCoef="1" ang="90,0,0" color="0,220,0" radius="0.5" length="4" />
		<capsule pos="-33.349999999999994,-19.25,-14.949999999999996" vel="0,0,0" mass="1" elasticityCoef="1" ang="90,0,0" color="0,220,0" radius="0.5" length="4" />
		<capsule pos="-33.349999999999994,-19.25,-12.649999999999995" vel="0,0,0" mass="1" elasticityCoef="1" ang="90,0,0" color="0,220,0" radius="0.5" length="4" />
		<capsule pos="-33.349999999999994,-19.25,-10.349999999999994" vel="0,0,0" mass="1" elasticityCoef="1" ang="90,0,0" color="0,220,0" radius="0.5" length="4" />
		<capsule pos="-33.349999999999994,-19.25,-8.049999999999997" vel="0,0,0" mass="1" elasticityCoef="1" ang="90,0,0" color="0,220,0" radius="0.5" length="4" />
		<capsule pos="-33.349999999999994,-19.25,-5.7499999999999964" vel="0,0,0" mass="1" elasticityCoef="1" ang="90,0,0" color="0,220,0" radius="0.5" length="4" />
		<capsule pos="-33.349999999999994,-19.25,-3.4499999999999957" vel="0,0,0" mass="1" elasticityCoef="1" ang="90,0,0" color="0,220,0" radius="0.5" length="4" />
		<capsule pos="-33.349999999999994,-19.25,-1.1499999999999986" vel="0,0,0" mass="1" elasticityCoef="1" ang="90,0,0" color="0,220,0" radius="0.5" length="4" />
		<capsule pos="-33.349999999999994,-19.25,1.1500000000000057" vel="0,0,0" mass="1" elasticityCoef="1" ang="90,0,0" color="0,220,0" radius="0.5" length="4" />
		<capsule pos="-33.349999999999994,-19.25,3.450000000000003" vel="0,0,0" mass="1" elasticityCoef="1" ang="90,0,0" color="0,220,0" radius="0.5" length="4" />
		<capsule pos="-33.349999999999994,-19.25,5.75" vel="0,0,0" mass="1" elasticityCoef="1" ang="90,0,0" color="0,220,0" radius="0.5" length="4" />
		<capsule pos="-33.349999999999994,-19.25,8.050000000000004" vel="0,0,0" mass="1" elasticityCoef="1" ang="90,0,0" color="0,220,0" radius="0.5" length="4" />
		<capsule pos="-33.349999999999994,-19.25,10.350000000000001" vel="0,0,0" mass="1" elasticityCoef="1" ang="90,0,0" color="0,220,0" radius="0.5" length="4" />
		<capsule pos="-33.349999999999994,-19.25,12.650000000000006" vel="0,0,0" mass="1" elasticityCoef="1" ang="90,0,0" color="0,220,0" radius="0.5" length="4" />
		<capsule pos="-33.349999999999994,-19.25,14.950000000000003" vel="0,0,0" mass="1" elasticityCoef="1" ang="90,0,0" color="0,220,0" radius="0.5" length="4" />
		<capsule pos="-33.349999999999994,-19.25,17.25" vel="0,0,0" mass="1" elasticityCoef="1" ang="90,0,0" color="0,220,0" radius="0.5" length="4" />
		<capsule pos="-33.349999999999994,-19.25,19.550000000000004" vel="0,0,0" mass="1" elasticityCoef="1" ang="90,0,0" color="0,220,0" radius="0.5" length="4" />
		<capsule pos="-33.349999999999994,-19.25,21.85" vel="0,0,0" mass="1" elasticityCoef="1" ang="90,0,0" color="0,220,0" radius="0.5" length="4" />
		<capsule pos="-33.349999999999994,-19.25,24.15" vel="0,0,0" mass="1" elasticityCoef="1" ang="90,0,0" color="0,220,0" radius="0.5" length="4" />
		<capsule pos="-33.349999999999994,-19.25,26.450000000000003" vel="0,0,0" mass="1" elasticityCoef="1" ang="90,0,0" color="0,220,0" radius="0.5" length="4" />
		<capsule pos="-33.349999999999994,-19.25,28.75" vel="0,0,0" mass="1" elasticityCoef="1" ang="90,0,0" color="0,220,0" radius="0.5" length="4" />
		<capsule pos="-33.349999999999994,-19.25,31.049999999999997" vel="0,0,0" mass="1" elasticityCoef="1" ang="90,0,0" color="0,220,0" radius="0.5" length="4" />
		<capsule pos="-33.349999999999994,-13.75,-33.349999999999994" vel="0,0,0" mass="1" elasticityCoef="1" ang="90,0,0" color="0,220,0" radius="0.5" length="4" />
		<capsule pos="-33.349999999999994,-13.75,-31.049999999999994" vel="0,0,0" mass="1" elasticityCoef="1" ang="90,0,0" color="0,220,0" radius="0.5" length="4" />
		<capsule pos="-33.349999999999994,-13.75,-28.749999999999993" vel="0,0,0" mass="1" elasticityCoef="1" ang="90,0,0" color="0,220,0" radius="0.5" length="4" />
		<capsule pos="-33.349999999999994,-13.75,-26.449999999999996" vel="0,0,0" mass="1" elasticityCoef="1" ang="90,0,0" color="0,220,0" radius="0.5" length="4" />
		<capsule pos="-33.349999999999994,-13.75,-24.149999999999995" vel="0,0,0" mass="1" elasticityCoef="1" ang="90,0,0" color="0,220,0" radius="0.5" length="4" />
		<capsule pos="-33.349999999999994,-13.75,-21.849999999999994" vel="0,0,0" mass="1" elasticityCoef="1" ang="90,0,0" color="0,220,0" radius="0.5" length="4" />
		<capsule pos="-33.349999999999994,-13.75,-19.549999999999997" vel="0,0,0" mass="1" elasticityCoef="1" ang="90,0,0" color="0,220,0" radius="0.5" length="4" />
		<capsule pos="-33.349999999999994,-13.75,-17.249999999999996" vel="0,0,0" mass="1" elasticityCoef="1" ang="90,0,0" color="0,220,0" radius="0.5" length="4" />
		<capsule pos="-33.349999999999994,-13.75,-14.949999999999996" vel="0,0,0" mass="1" elasticityCoef="1" ang="90,0,0" color="0,220,0" radius="0.5" length="4" />
		<capsule pos="-33.349999999999994,-13.75,-12.649999999999995" vel="0,0,0" mass="1" elasticityCoef="1" ang="90,0,0" color="0,220,0" radius="0.5" length="4" />
		<capsule pos="-33.349999999999994,-13.75,-10.349999999999994" vel="0,0,0" mass="1" elasticityCoef="1" ang="90,0,0" color="0,220,0" radius="0.5" length="4" />
		<capsule pos="-33.349999999999994,-13.75,-8.049999999999997" vel="0,0,0" mass="1" elasticityCoef="1" ang="90,0,0" color="0,220,0" radius="0.5" length="4" />
		<capsule pos="-33.349999999999994,-13.75,-5.7499999999999964" vel="0,0,0" mass="1" elasticityCoef="1" ang="90,0,0" color="0,220,0" radius="0.5" length="4" />
		<capsule pos="-33.349999999999994,-13.75,-3.4499999999999957" vel="0,0,0" mass="1" elasticityCoef="1" ang="90,0,0" color="0,220,0" radius="0.5" length="4" />
		<capsule pos="-33.349999999999994,-13.75,-1.1499999999999986" vel="0,0,0" mass="1" elasticityCoef="1" ang="90,0,0" color="0,220,0" radius="0.5" length="4" />
		<capsule pos="-33.349999999999994,-13.75,1.1500000000000057" vel="0,0,0" mass="1" elasticityCoef="1" ang="90,0,0" color="0,220,0" radius="0.5" length="4" />
		<capsule pos="-33.349999999999994,-13.75,3.450000000000003" vel="0,0,0" mass="1" elasticityCoef="1" ang="90,0,0" color="0,220,0" radius="0.5" length="4" />
		<capsule pos="-33.349999999999994,-13.75,5.75" vel="0,0,0" mass="1" elasticityCoef="1" ang="90,0,0" color="0,220,0" radius="0.5" length="4" />
		<capsule pos="-33.349999999999994,-13.75,8.050000000000004" vel="0,0,0" mass="1" elasticityCoef="1" ang="90,0,0" color="0,220,0" radius="0.5" length="4" />
		<capsule pos="-33.349999999999994,-13.75,10.350000000000001" vel="0,0,0" mass="1" elasticityCoef="1" ang="90,0,0" color="0,220,0" radius="0.5" length="4" />
		<capsule pos="-33.349999999999994,-13.75,12.650000000000006" vel="0,0,0" mass="1" elasticityCoef="1" ang="90,0,0" color="0,220,0" radius="0.5" length="4" />
		<capsule pos="-33.349999999999994,-13.75,14.950000000000003" vel="0,0,0" mass="1" elasticityCoef="1" ang="90,0,0" color="0,220,0" radius="0.5" length="4" />
		<capsule pos="-33.349999999999994,-13.75,17.25" vel="0,0,0" mass="1" elasticityCoef="1" ang="90,0,0" color="0,220,0" radius="0.5" length="4" />
		<capsule pos="-33.349999999999994,-13.75,19.550000000000004" vel="0,0,0" mass="1" elasticityCoef="1" ang="90,0,0" color="0,220,0" radius="0.5" length="4" />
		<capsule pos="-33.349999999999994,-13.75,21.85" vel="0,0,0" mass="1" elasticityCoef="1" ang="90,0,0" color="0,220,0" radius="0.5" length="4" />
		<capsule pos="-33.349999999999994,-13.75,24.15" vel="0,0,0" mass="1" elasticityCoef="1" ang="90,0,0" color="0,220,0" radius="0.5" length="4" />
		<capsule pos="-33.349999999999994,-13.75,26.450000000000003" vel="0,0,0" mass="1" elasticityCoef="1" ang="90,0,0" color="0,220,0" radius="0.5" length="4" />
		<capsule pos="-33.349999999999994,-13.75,28.75" vel="0,0,0" mass="1" elasticityCoef="1" ang="90,0,0" color="0,220,0" radius="0.5" length="4" />
		<capsule pos="-33.349999999999994,-13.75,31.049999999999997" vel="0,0,0" mass="1" elasticityCoef="1" ang="90,0,0" color="0,220,0" radius="0.5" length="4" />
		<capsule pos="-33.349999999999994,-8.25,-33.349999999999994" vel="0,0,0" mass="1" elasticityCoef="1" ang="90,0,0" color="0,220,0" radius="0.5" length="4" />
		<capsule pos="-33.349999999999994,-8.25,-31.049999999999994" vel="0,0,0" mass="1" elasticityCoef="1" ang="90,0,0" color="0,220,0" radius="0.5" length="4" />
		<capsule pos="-33.349999999999994,-8.25,-28.749999999999993" vel="0,0,0" mass="1" elasticityCoef="1" ang="90,0,0" color="0,220,0" radius="0.5" length="4" />
		<capsule pos="-33.349999999999994,-8.25,-26.449999999999996" vel="0,0,0" mass="1" elasticityCoef="1" ang="90,0,0" color="0,220,0" radius="0.5" length="4" />
		<capsule pos="-33.349999999999994,-8.25,-24.149999999999995" vel="0,0,0" mass="1" elasticityCoef="1" ang="90,0,0" color="0,220,0" radius="0.5" length="4" />
		<capsule pos="-33.349999999999994,-8.25,-21.849999999999994" vel="0,0,0" mass="1" elasticityCoef="1" ang="90,0,0" color="0,220,0" radius="0.5" length="4" />
		<capsule pos="-33.349999999999994,-8.25,-19.549999999999997" vel="0,0,0" mass="1" elasticityCoef="1" ang="90,0,0" color="0,220,0" radius="0.5" length="4" />
		<capsule pos="-33.349999999999994,-8.25,-17.249999999999996" vel="0,0,0" mass="1" elasticityCoef="1" ang="90,0,0" color="0,220,0" radius="0.5" length="4" />
		<capsule pos="-33.349999999999994,-8.25,-14.949999999999996" vel="0,0,0" mass="1" elasticityCoef="1" ang="90,0,0" color="0,220,0" radius="0.5" length="4" />
		<capsule pos="-33.349999999999994,-8.25,-12.649999999999995" vel="0,0,0" mass="1" elasticityCoef="1" ang="90,0,0" color="0,220,0" radius="0.5" length="4" />
		<capsule pos="-33.349999999999994,-8.25,-10.349999999999994" vel="0,0,0" mass="1" elasticityCoef="1" ang="90,0,0" color="0,220,0" radius="0.5" length="4" />
		<capsule pos="-33.349999999999994,-8.25,-8.049999999999997" vel="0,0,0" mass="1" elasticityCoef="1" ang="90,0,0" color="0,220,0" radius="0.5" length="4" />
		<capsule pos="-33.349999999999994,-8.25,-5.7499999999999964" vel="0,0,0" mass="1" elasticityCoef="1" ang="90,0,0" color="0,220,0" radius="0.5" length="4" />
		<capsule pos="-33.349999999999994,-8.25,-3.4499999999999957" vel="0,0,0" mass="1" elasticityCoef="1" ang="90,0,0" color="0,220,0" radius="0.5" length="4" />
		<capsule pos="-33.349999999999994,-8.25,-1.1499999999999986" vel="0,0,0" mass="1" elasticityCoef="1" ang="90,0,0" color="0,220,0" radius="0.5" length="4" />
		<capsule pos="-33.349999999999994,-8.25,1.1500000000000057" vel="0,0,0" mass="1" elasticityCoef="1" ang="90,0,0" color="0,220,0" radius="0.5" length="4" />
		<capsule pos="-33.349999999999994,-8.25,3.450000000000003" vel="0,0,0" mass="1" elasticityCoef="1" ang="90,0,0" color="0,220,0" radius="0.5" length="4" />
		<capsule pos="-33.349999999999994,-8.25,5.75" vel="0,0,0" mass="1" elasticityCoef="1" ang="90,0,0" color="0,220,0" radius="0.5" length="4" />
		<capsule pos="-33.349999999999994,-8.25,8.050000000000004" vel="0,0,0" mass="1" elasticityCoef="1" ang="90,0,0" color="0,220,0" radius="0.5" length="4" />
		<capsule pos="-33.349999999999994,-8.25,10.350000000000001" vel="0,0,0" mass="1" elasticityCoef="1" ang="90,0,0" color="0,220,0" radius="0.5" length="4" />
		<capsule pos="-33.349999999999994,-8.25,12.650000000000006" vel="0,0,0" mass="1" elasticityCoef="1" ang="90,0,0" color="0,220,0" radius="0.5" length="4" />
		<capsule pos="-33.349999999999994,-8.25,14.950000000000003" vel="0,0,0" mass="1" elasticityCoef="1" ang="90,0,0" color="0,220,0" radius="0.5" length="4" />
		<capsule pos="-33.349999999999994,-8.25,17.25" vel="0,0,0" mass="1" elasticityCoef="1" ang="90,0,0" color="0,220,0" radius="0.5" length="4" />
		<capsule pos="-33.349999999999994,-8.25,19.550000000000004" vel="0,0,0" mass="1" elasticityCoef="1" ang="90,0,0" color="0,220,0" radius="0.5" length="4" />
		<capsule pos="-33.349999999999994,-8.25,21.85" vel="0,0,0" mass="1" elasticityCoef="1" ang="90,0,0" color="0,220,0" radius="0.5" length="4" />
		<capsule pos="-33.349999999999994,-8.25,24.15" vel="0,0,0" mass="1" elasticityCoef="1" ang="90,0,0" color="0,220,0" radius="0.5" length="4" />
		<capsule pos="-33.349999999999994,-8.25,26.450000000000003" vel="0,0,0" mass="1" elasticityCoef="1" ang="90,0,0" color="0,220,0" radius="0.5" length="4" />
		<capsule pos="-33.349999999999994,-8.25,28.75" vel="0,0,0" mass="1" elasticityCoef="1" ang="90,0,0" color="0,220,0" radius="0.5" length="4" />
		<capsule pos="-33.349999999999994,-8.25,31.049999999999997" vel="0,0,0" mass="1" elasticityCoef="1" ang="90,0,0" color="0,220,0" radius="0.5" length="4" />
		<capsule pos="-33.349999999999994,-2.75,-33.349999999999994" vel="0,0,0" mass="1" elasticityCoef="1" ang="90,0,0" color="0,220,0" radius="0.5" length="4" />
		<capsule pos="-33.349999999999994,-2.75,-31.049999999999994" vel="0,0,0" mass="1" elasticityCoef="1" ang="90,0,0" color="0,220,0" radius="0.5" length="4" />
		<capsule pos="-33.349999999999994,-2.75,-28.749999999999993" vel="0,0,0" mass="1" elasticityCoef="1" ang="90,0,0" color="0,220,0" radius="0.5" length="4" />
		<capsule pos="-33.349999999999994,-2.75,-26.449999999999996" vel="0,0,0" mass="1" elasticityCoef="1" ang="90,0,0" color="0,220,0" radius="0.5" length="4" />
		<capsule pos="-33.349999999999994,-2.75,-24.149999999999995" vel="0,0,0" mass="1" elasticityCoef="1" ang="90,0,0" color="0,220,0" radius="0.5" length="4" />
		<capsule pos="-33.349999999999994,-2.75,-21.849999999999994" vel="0,0,0" mass="1" elasticityCoef="1" ang="90,0,0" color="0,220,0" radius="0.5" length="4" />
		<capsule pos="-33.349999999999994,-2.75,-19.549999999999997" vel="0,0,0" mass="1" elasticityCoef="1" ang="90,0,0" color="0,220,0" radius="0.5" length="4" />
		<capsule pos="-33.349999999999994,-2.75,-17.249999999999996" vel="0,0,0" mass="1" elasticityCoef="1" ang="90,0,0" color="0,220,0" radius="0.5" length="4" />
		<capsule pos="-33.349999999999994,-2.75,-14.949999999999996" vel="0,0,0" mass="1" elasticityCoef="1" ang="90,0,0" color="0,220,0" radius="0.5" length="4" />
		<capsule pos="-33.349999999999994,-2.75,-12.649999999999995" vel="0,0,0" mass="1" elasticityCoef="1" ang="90,0,0" color="0,220,0" radius="0.5" length="4" />
		<capsule pos="-33.349999999999994,-2.75,-10.349999999999994" vel="0,0,0" mass="1" elasticityCoef="1" ang="90,0,0" color="0,220,0" radius="0.5" length="4" />
		<capsule pos="-33.349999999999994,-2.75,-8.049999999999997" vel="0,0,0" mass="1" elasticityCoef="1" ang="90,0,0" color="0,220,0" radius="0.5" length="4" />
		<capsule pos="-33.349999999999994,-2.75,-5.7499999999999964" vel="0,0,0" mass="1" elasticityCoef="1" ang="90,0,0" color="0,220,0" radius="0.5" length="4" />
		<capsule pos="-33.349999999999994,-2.75,-3.4499999999999957" vel="0,0,0" mass="1" elasticityCoef="1" ang="90,0,0" color="0,220,0" radius="0.5" length="4" />
		<capsule pos="-33.349999999999994,-2.75,-1.1499999999999986" vel="0,0,0" mass="1" elasticityCoef="1" ang="90,0,0" color="0,220,0" radius="0.5" length="4" />
		<capsule pos="-33.349999999999994,-2.75,1.1500000000000057" vel="0,0,0" mass="1" elasticityCoef="1" ang="90,0,0" color="0,220,0" radius="0.5" length="4" />
		<capsule pos="-33.349999999999994,-2.75,3.450000000000003" vel="0,0,0" mass="1" elasticityCoef="1" ang="90,0,0" color="0,220,0" radius="0.5" length="4" />
		<capsule pos="-33.349999999999994,-2.75,5.75" vel="0,0,0" mass="1" elasticityCoef="1" ang="90,0,0" color="0,220,0" radius="0.5" length="4" />
		<capsule pos="-33.349999999999994,-2.75,8.050000000000004" vel="0,0,0" mass="1" elasticityCoef="1" ang="90,0,0" color="0,220,0" radius="0.5" length="4" />
		<capsule pos="-33.349999999999994,-2.75,10.350000000000001" vel="0,0,0" mass="1" elasticityCoef="1" ang="90,0,0" color="0,220,0" radius="0.5" length="4" />
		<capsule pos="-33.349999999999994,-2.75,12.650000000000006" vel="0,0,0" mass="1" elasticityCoef="1" ang="90,0,0" color="0,220,0" radius="0.5" length="4" />
		<capsule pos="-33.349999999999994,-2.75,14.950000000000003" vel="0,0,0" mass="1" elasticityCoef="1" ang="90,0,0" color="0,220,0" radius="0.5" length="4" />
		<capsule pos="-33.349999999999994,-2.75,17.25" vel="0,0,0" mass="1" elasticityCoef="1" ang="90,0,0" color="0,220,0" radius="0.5" length="4" />
		<capsule pos="-33.349999999999994,-2.75,19.550000000000004" vel="0,0,0" mass="1" elasticityCoef="1" ang="90,0,0" color="0,220,0" radius="0.5" length="4" />
		<capsule pos="-33.349999999999994,-2.75,21.85" vel="0,0,0" mass="1" elasticityCoef="1" ang="90,0,0" color="0,220,0" radius="0.5" length="4" />
		<capsule pos="-33.349999999999994,-2.75,24.15" vel="0,0,0" mass="1" elasticityCoef="1" ang="90,0,0" color="0,220,0" radius="0.5" length="4" />
		<capsule pos="-33.349999999999994,-2.75,26.450000000000003" vel="0,0,0" mass="1" elasticityCoef="1" ang="90,0,0" color="0,220,0" radius="0.5" length="4" />
		<capsule pos="-33.349999999999994,-2.75,28.75" vel="0,0,0" mass="1" elasticityCoef="1" ang="90,0,0" color="0,220,0" radius="0.5" length="4" />
		<capsule pos="-33.349999999999994,-2.75,31.049999999999997" vel="0,0,0" mass="1" elasticityCoef="1" ang="90,0,0" color="0,220,0" radius="0.5" length="4" />
		<capsule pos="-33.349999999999994,2.75,-33.349999999999994" vel="0,0,0" mass="1" elasticityCoef="1" ang="90,0,0" color="0,220,0" radius="0.5" length="4" />
		<capsule pos="-33.349999999999994,2.75,-31.049999999999994" vel="0,0,0" mass="1" elasticityCoef="1" ang="90,0,0" color="0,220,0" radius="0.5" length="4" />
		<capsule pos="-33.349999999999994,2.75,-28.749999999999993" vel="0,0,0" mass="1" elasticityCoef="1" ang="90,0,0" color="0,220,0" radius="0.5" length="4" />
		<capsule pos="-33.349999999999994,2.75,-26.449999999999996" vel="0,0,0" mass="1" elasticityCoef="1" ang="90,0,0" color="0,220,0" radius="0.5" length="4" />
		<capsule pos="-33.349999999999994,2.75,-24.149999999999995" vel="0,0,0" mass="1" elasticityCoef="1" ang="90,0,0" color="0,220,0" radius="0.5" length="4" />
		<capsule pos="-33.349999999999994,2.75,-21.849999999999994" vel="0,0,0" mass="1" elasticityCoef="1" ang="90,0,0" color="0,220,0" radius="0.5" length="4" />
		<capsule pos="-33.349999999999994,2.75,-19.549999999999997" vel="0,0,0" mass="1" elasticityCoef="1" ang="90,0,0" color="0,220,0" radius="0.5" length="4" />
		<capsule pos="-33.349999999999994,2.75,-17.249999999999996" vel="0,0,0" mass="1" elasticityCoef="1" ang="90,0,0" color="0,220,0" radius="0.5" length="4" />
		<capsule pos="-33.349999999999994,2.75,-14.949999999999996" vel="0,0,0" mass="1" elasticityCoef="1" ang="90,0,0" color="0,220,0" radius="0.5" length="4" />
		<capsule pos="-33.349999999999994,2.75,-12.649999999999995" vel="0,0,0" mass="1" elasticityCoef="1" ang="90,0,0" color="0,220,0" radius="0.5" length="4" />
		<capsule pos="-33.349999999999994,2.75,-10.349999999999994" vel="0,0,0" mass="1" elasticityCoef="1" ang="90,0,0" color="0,220,0" radius="0.5" length="4" />
		<capsule pos="-33.349999999999994,2.75,-8.049999999999997" vel="0,0,0" mass="1" elasticityCoef="1" ang="90,0,0" color="0,220,0" radius="0.5" length="4" />
		<capsule pos="-33.349999999999994,2.75,-5.7499999999999964" vel="0,0,0" mass="1" elasticityCoef="1" ang="90,0,0" color="0,220,0" radius="0.5" length="4" />
		<capsule pos="-33.349999999999994,2.75,-3.4499999999999957" vel="0,0,0" mass="1" elasticityCoef="1" ang="90,0,0" color="0,220,0" radius="0.5" length="4" />
		<capsule pos="-33.349999999999994,2.75,-1.1499999999999986" vel="0,0,0" mass="1" elasticityCoef="1" ang="90,0,0" color="0,220,0" radius="0.5" length="4" />
		<capsule pos="-33.349999999999994,2.75,1.1500000000000057" vel="0,0,0" mass="1" elasticityCoef="1" ang="90,0,0" color="0,220,0" radius="0.5" length="4" />
		<capsule pos="-33.349999999999994,2.75,3.450000000000003" vel="0,0,0" mass="1" elasticityCoef="1" ang="90,0,0" color="0,220,0" radius="0.5" length="4" />
		<capsule pos="-33.349999999999994,2.75,5.75" vel="0,0,0" mass="1" elasticityCoef="1" ang="90,0,0" color="0,220,0" radius="0.5" length="4" />
		<capsule pos="-33.349999999999994,2.75,8.050000000000004" vel="0,0,0" mass="1" elasticityCoef="1" ang="90,0,0" color="0,220,0" radius="0.5" length="4" />
		<capsule pos="-33.349999999999994,2.75,10.350000000000001" vel="0,0,0" mass="1" elasticityCoef="1" ang="90,0,0" color="0,220,0" radius="0.5" length="4" />
		<capsule pos="-33.349999999999994,2.75,12.650000000000006" vel="0,0,0" mass="1" elasticityCoef="1" ang="90,0,0" color="0,220,0" radius="0.5" length="4" />
		<capsule pos="-33.349999999999994,2.75,14.950000000000003" vel="0,0,0" mass="1" elasticityCoef="1" ang="90,0,0" color="0,220,0" radius="0.5" length="4" />
		<capsule pos="-33.349999999999994,2.75,17.25" vel="0,0,0" mass="1" elasticityCoef="1" ang="90,0,0" color="0,220,0" radius="0.5" length="4" />
		<capsule pos="-33.349999999999994,2.75,19.550000000000004" vel="0,0,0" mass="1" elasticityCoef="1" ang="90,0,0" color="0,220,0" radius="0.5" length="4" />
		<capsule pos="-33.349999999999994,2.75,21.85" vel="0,0,0" mass="1" elasticityCoef="1" ang="90,0,0" color="0,220,0" radius="0.5" length="4" />
		<capsule pos="-33.349999999999994,2.75,24.15" vel="0,0,0" mass="1" elasticityCoef="1" ang="90,0,0" color="0,220,0" radius="0.5" length="4" />
		<capsule pos="-33.349999999999994,2.75,26.450000000000003" vel="0,0,0" mass="1" elasticityCoef="1" ang="90,0,0" color="0,220,0" radius="0.5" length="4" />
		<capsule pos="-33.349999999999994,2.75,28.75" vel="0,0,0" mass="1" elasticityCoef="1" ang="90,0,0" color="0,220,0" radius="0.5" length="4" />
		<capsule pos="-33.349999999999994,2.75,31.049999999999997" vel="0,0,0" mass="1" elasticityCoef="1" ang="90,0,0" color="0,220,0" radius="0.5" length="4" />
		<capsule pos="-33.349999999999994,8.25,-33.349999999999994" vel="0,0,0" mass="1" elasticityCoef="1" ang="90,0,0" color="0,220,0" radius="0.5" length="4" />
		<capsule pos="-33.349999999999994,8.25,-31.049999999999994" vel="0,0,0" mass="1" elasticityCoef="1" ang="90,0,0" color="0,220,0" radius="0.5" length="4" />
		<capsule pos="-33.349999999999994,8.25,-28.749999999999993" vel="0,0,0" mass="1" elasticityCoef="1" ang="90,0,0" color="0,220,0" radius="0.5" length="4" />
		<capsule pos="-33.349999999999994,8.25,-26.449999999999996" vel="0,0,0" mass="1" elasticityCoef="1" ang="90,0,0" color="0,220,0" radius="0.5" length="4" />
		<capsule pos="-33.349999999999994,8.25,-24.149999999999995" vel="0,0,0" mass="1" elasticityCoef="1" ang="90,0,0" color="0,220,0" radius="0.5" length="4" />
		<capsule pos="-33.349999999999994,8.25,-21.849999999999994" vel="0,0,0" mass="1" elasticityCoef="1" ang="90,0,0" color="0,220,0" radius="0.5" length="4" />
		<capsule pos="-33.349999999999994,8.25,-19.549999999999997" vel="0,0,0" mass="1" elasticityCoef="1" ang="90,0,0" color="0,220,0" radius="0.5" length="4" />
		<capsule pos="-33.349999999999994,8.25,-17.249999999999996" vel="0,0,0" mass="1" elasticityCoef="1" ang="90,0,0" color="0,220,0" radius="0.5" length="4" />
		<capsule pos="-33.349999999999994,8.25,-14.949999999999996" vel="0,0,0" mass="1" elasticityCoef="1" ang="90,0,0" color="0,220,0" radius="0.5" length="4" />
		<capsule pos="-33.349999999999994,8.25,-12.649999999999995" vel="0,0,0" mass="1" elasticityCoef="1" ang="90,0,0" color="0,220,0" radius="0.5" length="4" />
		<capsule pos="-33.349999999999994,8.25,-10.349999999999994" vel="0,0,0" mass="1" elasticityCoef="1" ang="90,0,0" color="0,220,0" radius="0.5" length="4" />
		<capsule pos="-33.349999999999994,8.25,-8.049999999999997" vel="0,0,0" mass="1" elasticityCoef="1" ang="90,0,0" color="0,220,0" radius="0.5" length="4" />
		<capsule pos="-33.349999999999994,8.25,-5.7499999999999964" vel="0,0,0" mass="1" elasticityCoef="1" ang="90,0,0" color="0,220,0" radius="0.5" length="4" />
		<capsule pos="-33.349999999999994,8.25,-3.4499999999999957" vel="0,0,0" mass="1" elasticityCoef="1" ang="90,0,0" color="0,220,0" radius="0.5" length="4" />
		<capsule pos="-33.349999999999994,8.25,-1.1499999999999986" vel="0,0,0" mass="1" elasticityCoef="1" ang="90,0,0" color="0,220,0" radius="0.5" length="4" />
		<capsule pos="-33.349999999999994,8.25,1.1500000000000057" vel="0,0,0" mass="1" elasticityCoef="1" ang="90,0,0" color="0,220,0" radius="0.5" length="4" />
		<capsule pos="-33.349999999999994,8.25,3.450000000000003" vel="0,0,0" mass="1" elasticityCoef="1" ang="90,0,0" color="0,220,0" radius="0.5" length="4" />
		<capsule pos="-33.349999999999994,8.25,5.75" vel="0,0,0" mass="1" elasticityCoef="1" ang="90,0,0" color="0,220,0" radius="0.5" length="4" />
		<capsule pos="-33.349999999999994,8.25,8.050000000000004" vel="0,0,0" mass="1" elasticityCoef="1" ang="90,0,0" color="0,220,0" radius="0.5" length="4" />
		<capsule pos="-33.349999999999994,8.25,10.350000000000001" vel="0,0,0" mass="1" elasticityCoef="1" ang="90,0,0" color="0,220,0" radius="0.5" length="4" />
		<capsule pos="-33.349999999999994,8.25,12.650000000000006" vel="0,0,0" mass="1" elasticityCoef="1" ang="90,0,0" color="0,220,0" radius="0.5" length="4" />
		<capsule pos="-33.349999999999994,8.25,14.950000000000003" vel="0,0,0" mass="1" elasticityCoef="1" ang="90,0,0" color="0,220,0" radius="0.5" length="4" />
		<capsule pos="-33.349999999999994,8.25,17.25" vel="0,0,0" mass="1" elasticityCoef="1" ang="90,0,0" color="0,220,0" radius="0.5" length="4" />
		<capsule pos="-33.349999999999994,8.25,19.550000000000004" vel="0,0,0" mass="1" elasticityCoef="1" ang="90,0,0" color="0,220,0" radius="0.5" length="4" />
		<capsule pos="-33.349999999999994,8.25,21.85" vel="0,0,0" mass="1" elasticityCoef="1" ang="90,0,0" color="0,220,0" radius="0.5" length="4" />
		<capsule pos="-33.349999999999994,8.25,24.15" vel="0,0,0" mass="1" elasticityCoef="1" ang="90,0,0" color="0,220,0" radius="0.5" length="4" />
		<capsule pos="-33.349999999999994,8.25,26.450000000000003" vel="0,0,0" mass="1" elasticityCoef="1" ang="90,0,0" color="0,220,0" radius="0.5" length="4" />
		<capsule pos="-33.349999999999994,8.25,28.75" vel="0,0,0" mass="1" elasticityCoef="1" ang="90,0,0" color="0,220,0" radius="0.5" length="4" />
		<capsule pos="-33.349999999999994,8.25,31.049999999999997" vel="0,0,0" mass="1" elasticityCoef="1" ang="90,0,0" color="0,220,0" radius="0.5" length="4" />
		<capsule pos="-33.349999999999994,13.75,-33.349999999999994" vel="0,0,0" mass="1" elasticityCoef="1" ang="90,0,0" color="0,220,0" radius="0.5" length="4" />
		<capsule pos="-33.349999999999994,13.75,-31.049999999999994" vel="0,0,0" mass="1" elasticityCoef="1" ang="90,0,0" color="0,220,0" radius="0.5" length="4" />
		<capsule pos="-33.349999999999994,13.75,-28.749999999999993" vel="0,0,0" mass="1" elasticityCoef="1" ang="90,0,0" color="0,220,0" radius="0.5" length="4" />
		<capsule pos="-33.349999999999994,13.75,-26.449999999999996" vel="0,0,0" mass="1" elasticityCoef="1" ang="90,0,0" color="0,220,0" radius="0.5" length="4" />
		<capsule pos="-33.349999999999994,13.75,-24.149999999999995" vel="0,0,0" mass="1" elasticityCoef="1" ang="90,0,0" color="0,220,0" radius="0.5" length="4" />
		<capsule pos="-33.349999999999994,13.75,-21.849999999999994" vel="0,0,0" mass="1" elasticityCoef="1" ang="90,0,0" color="0,220,0" radius="0.5" length="4" />
		<capsule pos="-33.349999999999994,13.75,-19.549999999999997" vel="0,0,0" mass="1" elasticityCoef="1" ang="90,0,0" color="0,220,0" radius="0.5" length="4" />
		<capsule pos="-33.349999999999994,13.75,-17.249999999999996" vel="0,0,0" mass="1" elasticityCoef="1" ang="90,0,0" color="0,220,0" radius="0.5" length="4" />
		<capsule pos="-33.349999999999994,13.75,-14.949999999999996" vel="0,0,0" mass="1" elasticityCoef="1" ang="90,0,0" color="0,220,0" radius="0.5" length="4" />
		<capsule pos="-33.349999999999994,13.75,-12.649999999999995" vel="0,0,0" mass="1" elasticityCoef="1" ang="90,0,0" color="0,220,0" radius="0.5" length="4" />
		<capsule pos="-33.349999999999994,13.75,-10.349999999999994" vel="0,0,0" mass="1" elasticityCoef="1" ang="90,0,0" color="0,220,0" radius="0.5" length="4" />
		<capsule pos="-33.349999999999994,13.75,-8.049999999999997" vel="0,0,0" mass="1" elasticityCoef="1" ang="90,0,0" color="0,220,0" radius="0.5" length="4" />
		<capsule pos="-33.349999999999994,13.75,-5.7499999999999964" vel="0,0,0" mass="1" elasticityCoef="1" ang="90,0,0" color="0,220,0" radius="0.5" length="4" />
		<capsule pos="-33.349999999999994,13.75,-3.4499999999999957" vel="0,0,0" mass="1" elasticityCoef="1" ang="90,0,0" color="0,220,0" radius="0.5" length="4" />
		<capsule pos="-33.349999999999994,13.75,-1.1499999999999986" vel="0,0,0" mass="1" elasticityCoef="1" ang="90,0,0" color="0,220,0" radius="0.5" length="4" />
		<capsule pos="-33.349999999999994,13.75,1.1500000000000057" vel="0,0,0" mass="1" elasticityCoef="1" ang="90,0,0" color="0,220,0" radius="0.5" length="4" />
		<capsule pos="-33.349999999999994,13.75,3.450000000000003" vel="0,0,0" mass="1" elasticityCoef="1" ang="90,0,0" color="0,220,0" radius="0.5" length="4" />
		<capsule pos="-33.349999999999994,13.75,5.75" vel="0,0,0" mass="1" elasticityCoef="1" ang="90,0,0" color="0,220,0" radius="0.5" length="4" />
		<capsule pos="-33.349999999999994,13.75,8.050000000000004" vel="0,0,0" mass="1" elasticityCoef="1" ang="90,0,0" color="0,220,0" radius="0.5" length="4" />
		<capsule pos="-33.349999999999994,13.75,10.350000000000001" vel="0,0,0" mass="1" elasticityCoef="1" ang="90,0,0" color="0,220,0" radius="0.5" length="4" />
		<capsule pos="-33.349999999999994,13.75,12.650000000000006" vel="0,0,0" mass="1" elasticityCoef="1" ang="90,0,0" color="0,220,0" radius="0.5" length="4" />
		<capsule pos="-33.349999999999994,13.75,14.950000000000003" vel="0,0,0" mass="1" elasticityCoef="1" ang="90,0,0" color="0,220,0" radius="0.5" length="4" />
		<capsule pos="-33.349999999999994,13.75,17.25" vel="0,0,0" mass="1" elasticityCoef="1" ang="90,0,0" color="0,220,0" radius="0.5" length="4" />
		<capsule pos="-33.349999999999994,13.75,19.550000000000004" vel="0,0,0" mass="1" elasticityCoef="1" ang="90,0,0" color="0,220,0" radius="0.5" length="4" />
		<capsule pos="-33.349999999999994,13.75,21.85" vel="0,0,0" mass="1" elasticityCoef="1" ang="90,0,0" color="0,220,0" radius="0.5" length="4" />
		<capsule pos="-33.349999999999994,13.75,24.15" vel="0,0,0" mass="1" elasticityCoef="1" ang="90,0,0" color="0,220,0" radius="0.5" length="4" />
		<capsule pos="-33.349999999999994,13.75,26.450000000000003" vel="0,0,0" mass="1" elasticityCoef="1" ang="90,0,0" color="0,220,0" radius="0.5" length="4" />
		<capsule pos="-33.349999999999994,13.75,28.75" vel="0,0,0" mass="1" elasticityCoef="1" ang="90,0,0" color="0,220,0" radius="0.5" length="4" />
		<capsule pos="-33.349999999999994,13.75,31.049999999999997" vel="0,0,0" mass="1" elasticityCoef="1" ang="90,0,0" color="0,220,0" radius="0.5" length="4" />
		<capsule pos="-33.349999999999994,19.25,-33.349999999999994" vel="0,0,0" mass="1" elasticityCoef="1" ang="90,0,0" color="0,220,0" radius="0.5" length="4" />
		<capsule pos="-33.349999999999994,19.25,-31.049999999999994" vel="0,0,0" mass="1" elasticityCoef="1" ang="90,0,0" color="0,220,0" radius="0.5" length="4" />
		<capsule pos="-33.349999999999994,19.25,-28.749999999999993" vel="0,0,0" mass="1" elasticityCoef="1" ang="90,0,0" color="0,220,0" radius="0.5" length="4" />
		<capsule pos="-33.349999999999994,19.25,-26.449999999999996" vel="0,0,0" mass="1" elasticityCoef="1" ang="90,0,0" color="0,220,0" radius="0.5" length="4" />
		<capsule pos="-33.349999999999994,19.25,-24.149999999999995" vel="0,0,0" mass="1" elasticityCoef="1" ang="90,0,0" color="0,220,0" radius="0.5" length="4" />
		<capsule pos="-33.349999999999994,19.25,-21.849999999999994" vel="0,0,0" mass="1" elasticityCoef="1" ang="90,0,0" color="0,220,0" radius="0.5" length="4" />
		<capsule pos="-33.349999999999994,19.25,-19.549999999999997" vel="0,0,0" mass="1" elasticityCoef="1" ang="90,0,0" color="0,220,0" radius="0.5" length="4" />
		<capsule pos="-33.349999999999994,19.25,-17.249999999999996" vel="0,0,0" mass="1" elasticityCoef="1" ang="90,0,0" color="0,220,0" radius="0.5" length="4" />
		<capsule pos="-33.349999999999994,19.25,-14.949999999999996" vel="0,0,0" mass="1" elasticityCoef="1" ang="90,0,0" color="0,220,0" radius="0.5" length="4" />
		<capsule pos="-33.349999999999994,19.25,-12.649999999999995" vel="0,0,0" mass="1" elasticityCoef="1" ang="90,0,0" color="0,220,0" radius="0.5" length="4" />
		<capsule pos="-33.349999999999994,19.25,-10.349999999999994" vel="0,0,0" mass="1" elasticityCoef="1" ang="90,0,0" color="0,220,0" radius="0.5" length="4" />
		<capsule pos="-33.349999999999994,19.25,-8.049999999999997" vel="0,0,0" mass="1" elasticityCoef="1" ang="90,0,0" color="0,220,0" radius="0.5" length="4" />
		<capsule pos="-33.349999999999994,19.25,-5.7499999999999964" vel="0,0,0" mass="1" elasticityCoef="1" ang="90,0,0" color="0,220,0" radius="0.5" length="4" />
		<capsule pos="-33.349999999999994,19.25,-3.4499999999999957" vel="0,0,0" mass="1" elasticityCoef="1" ang="90,0,0" color="0,220,0" radius="0.5" length="4" />
		<capsule pos="-33.349999999999994,19.25,-1.1499999999999986" vel="0,0,0" mass="1" elasticityCoef="1" ang="90,0,0" color="0,220,0" radius="0.5" length="4" />
		<capsule pos="-33.349999999999994,19.25,1.1500000000000057" vel="0,0,0" mass="1" elasticityCoef="1" ang="90,0,0" color="0,220,0" radius="0.5" length="4" />
		<capsule pos="-33.349999999999994,19.25,3.450000000000003" vel="0,0,0" mass="1" elasticityCoef="1" ang="90,0,0" color="0,220,0" radius="0.5" length="4" />
		<capsule pos="-33.349999999999994,19.25,5.75" vel="0,0,0" mass="1" elasticityCoef="1" ang="90,0,0" color="0,220,0" radius="0.5" length="4" />
		<capsule pos="-33.349999999999994,19.25,8.050000000000004" vel="0,0,0" mass="1" elasticityCoef="1" ang="90,0,0" color="0,220,0" radius="0.5" length="4" />
		<capsule pos="-33.349999999999994,19.25,10.350000000000001" vel="0,0,0" mass="1" elasticityCoef="1" ang="90,0,0" color="0,220,0" radius="0.5" length="4" />
		<capsule pos="-33.349999999999994,19.25,12.650000000000006" vel="0,0,0" mass="1" elasticityCoef="1" ang="90,0,0" color="0,220,0" radius="0.5" length="4" />
		<capsule pos="-33.349999999999994,19.25,14.950000000000003" vel="0,0,0" mass="1" elasticityCoef="1" ang="90,0,0" color="0,220,0" radius="0.5" length="4" />
		<capsule pos="-33.349999999999994,19.25,17.25" vel="0,0,0" mass="1" elasticityCoef="1" ang="90,0,0" color="0,220,0" radius="0.5" length="4" />
		<capsule pos="-33.349999999999994,19.25,19.550000000000004" vel="0,0,0" mass="1" elasticityCoef="1" ang="90,0,0" color="0,220,0" radius="0.5" length="4" />
		<capsule pos="-33.349999999999994,19.25,21.85" vel="0,0,0" mass="1" elasticityCoef="1" ang="90,0,0" color="0,220,0" radius="0.5" length="4" />
		<capsule pos="-33.349999999999994,19.25,24.15" vel="0,0,0" mass="1" elasticityCoef="1" ang="90,0,0" color="0,220,0" radius="0.5" length="4" />
		<capsule pos="-33.349999999999994,19.25,26.450000000000003" vel="0,0,0" mass="1" elasticityCoef="1" ang="90,0,0" color="0,220,0" radius="0.5" length="4" />
		<capsule pos="-33.349999999999994,19.25,28.75" vel="0,0,0" mass="1" elasticityCoef="1" ang="90,0,0" color="0,220,0" radius="0.5" length="4" />
		<capsule pos="-33.349999999999994,19.25,31.049999999999997" vel="0,0,0" mass="1" elasticityCoef="1" ang="90,0,0" color="0,220,0" radius="0.5" length="4" />
		<capsule pos="-33.349999999999994,24.75,-33.349999999999994" vel="0,0,0" mass="1" elasticityCoef="1" ang="90,0,0" color="0,220,0" radius="0.5" length="4" />
		<capsule pos="-33.349999999999994,24.75,-31.049999999999994" vel="0,0,0" mass="1" elasticityCoef="1" ang="90,0,0" color="0,220,0" radius="0.5" length="4" />
		<capsule pos="-33.349999999999994,24.75,-28.749999999999993" vel="0,0,0" mass="1" elasticityCoef="1" ang="90,0,0" color="0,220,0" radius="0.5" length="4" />
		<capsule pos="-33.349999999999994,24.75,-26.449999999999996" vel="0,0,0" mass="1" elasticityCoef="1" ang="90,0,0" color="0,220,0" radius="0.5" length="4" />
		<capsule pos="-33.349999999999994,24.75,-24.149999999999995" vel="0,0,0" mass="1" elasticityCoef="1" ang="90,0,0" color="0,220,0" radius="0.5" length="4" />
		<capsule pos="-33.349999999999994,24.75,-21.849999999999994" vel="0,0,0" mass="1" elasticityCoef="1" ang="90,0,0" color="0,220,0" radius="0.5" length="4" />
		<capsule pos="-33.349999999999994,24.75,-19.549999999999997" vel="0,0,0" mass="1" elasticityCoef="1" ang="90,0,0" color="0,220,0" radius="0.5" length="4" />
		<capsule pos="-33.349999999999994,24.75,-17.249999999999996" vel="0,0,0" mass="1" elasticityCoef="1" ang="90,0,0" color="0,220,0" radius="0.5" length="4" />
		<capsule pos="-33.349999999999994,24.75,-14.949999999999996" vel="0,0,0" mass="1" elasticityCoef="1" ang="90,0,0" color="0,220,0" radius="0.5" length="4" />
		<capsule pos="-33.349999999999994,24.75,-12.649999999999995" vel="0,0,0" mass="1" elasticityCoef="1" ang="90,0,0" color="0,220,0" radius="0.5" length="4" />
		<capsule pos="-33.349999999999994,24.75,-10.349999999999994" vel="0,0,0" mass="1" elasticityCoef="1" ang="90,0,0" color="0,220,0" radius="0.5" length="4" />
		<capsule pos="-33.349999999999994,24.75,-8.049999999999997" vel="0,0,0" mass="1" elasticityCoef="1" ang="90,0,0" color="0,220,0" radius="0.5" length="4" />
		<capsule pos="-33.349999999999994,24.75,-5.7499999999999964" vel="0,0,0" mass="1" elasticityCoef="1" ang="90,0,0" color="0,220,0" radius="0.5" length="4" />
		<capsule pos="-33.349999999999994,24.75,-3.4499999999999957" vel="0,0,0" mass="1" elasticityCoef="1" ang="90,0,0" color="0,220,0" radius="0.5" length="4" />
		<capsule pos="-33.349999999999994,24.75,-1.1499999999999986" vel="0,0,0" mass="1" elasticityCoef="1" ang="90,0,0" color="0,220,0" radius="0.5" length="4" />
		<capsule pos="-33.349999999999994,24.75,1.1500000000000057" vel="0,0,0" mass="1" elasticityCoef="1" ang="90,0,0" color="0,220,0" radius="0.5" length="4" />
		<capsule pos="-33.349999999999994,24.75,3.450000000000003" vel="0,0,0" mass="1" elasticityCoef="1" ang="90,0,0" color="0,220,0" radius="0.5" length="4" />
		<capsule pos="-33.349999999999994,24.75,5.75" vel="0,0,0" mass="1" elasticityCoef="1" ang="90,0,0" color="0,220,0" radius="0.5" length="4" />
		<capsule pos="-33.349999999999994,24.75,8.050000000000004" vel="0,0,0" mass="1" elasticityCoef="1" ang="90,0,0" color="0,220,0" radius="0.5" length="4" />
		<capsule pos="-33.349999999999994,24.75,10.350000000000001" vel="0,0,0" mass="1" elasticityCoef="1" ang="90,0,0" color="0,220,0" radius="0.5" length="4" />
		<capsule pos="-33.349999999999994,24.75,12.650000000000006" vel="0,0,0" mass="1" elasticityCoef="1" ang="90,0,0" color="0,220,0" radius="0.5" length="4" />
		<capsule pos="-33.349999999999994,24.75,14.950000000000003" vel="0,0,0" mass="1" elasticityCoef="1" ang="90,0,0" color="0,220,0" radius="0.5" length="4" />
		<capsule pos="-33.349999999999994,24.75,17.25" vel="0,0,0" mass="1" elasticityCoef="1" ang="90,0,0" color="0,220,0" radius="0.5" length="4" />
		<capsule pos="-33.349999999999994,24.75,19.550000000000004" vel="0,0,0" mass="1" elasticityCoef="1" ang="90,0,0" color="0,220,0" radius="0.5" length="4" />
		<capsule pos="-33.349999999999994,24.75,21.85" vel="0,0,0" mass="1" elasticityCoef="1" ang="90,0,0" color="0,220,0" radius="0.5" length="4" />
		<capsule pos="-33.349999999999994,24.75,24.15" vel="0,0,0" mass="1" elasticityCoef="1" ang="90,0,0" color="0,220,0" radius="0.5" length="4" />
		<capsule pos="-33.349999999999994,24.75,26.450000000000003" vel="0,0,0" mass="1" elasticityCoef="1" ang="90,0,0" color="0,220,0" radius="0.5" length="4" />
		<capsule pos="-33.349999999999994,24.75,28.75" vel="0,0,0" mass="1" elasticityCoef="1" ang="90,0,0" color="0,220,0" radius="0.5" length="4" />
		<capsule pos="-33.349999999999994,24.75,31.049999999999997" vel="0,0,0" mass="1" elasticityCoef="1" ang="90,0,0" color="0,220,0" radius="0.5" length="4" />
		<capsule pos="-33.349999999999994,30.25,-33.349999999999994" vel="0,0,0" mass="1" elasticityCoef="1" ang="90,0,0" color="0,220,0" radius="0.5" length="4" />
		<capsule pos="-33.349999999999994,30.25,-31.049999999999994" vel="0,0,0" mass="1" elasticityCoef="1" ang="90,0,0" color="0,220,0" radius="0.5" length="4" />
		<capsule pos="-33.349999999999994,30.25,-28.749999999999993" vel="0,0,0" mass="1" elasticityCoef="1" ang="90,0,0" color="0,220,0" radius="0.5" length="4" />
		<capsule pos="-33.349999999999994,30.25,-26.449999999999996" vel="0,0,0" mass="1" elasticityCoef="1" ang="90,0,0" color="0,220,0" radius="0.5" length="4" />
		<capsule pos="-33.349999999999994,30.25,-24.149999999999995" vel="0,0,0" mass="1" elasticityCoef="1" ang="90,0,0" color="0,220,0" radius="0.5" length="4" />
		<capsule pos="-33.349999999999994,30.25,-21.849999999999994" vel="0,0,0" mass="1" elasticityCoef="1" ang="90,0,0" color="0,220,0" radius="0.5" length="4" />
		<capsule pos="-33.349999999999994,30.25,-19.549999999999997" vel="0,0,0" mass="1" elasticityCoef="1" ang="90,0,0" color="0,220,0" radius="0.5" length="4" />
		<capsule pos="-33.349999999999994,30.25,-17.249999999999996" vel="0,0,0" mass="1" elasticityCoef="1" ang="90,0,0" color="0,220,0" radius="0.5" length="4" />
		<capsule pos="-33.349999999999994,30.25,-14.949999999999996" vel="0,0,0" mass="1" elasticityCoef="1" ang="90,0,0" color="0,220,0" radius="0.5" length="4" />
		<capsule pos="-33.349999999999994,30.25,-12.649999999999995" vel="0,0,0" mass="1" elasticityCoef="1" ang="90,0,0" color="0,220,0" radius="0.5" length="4" />
		<capsule pos="-33.349999999999994,30.25,-10.349999999999994" vel="0,0,0" mass="1" elasticityCoef="1" ang="90,0,0" color="0,220,0" radius="0.5" length="4" />
		<capsule pos="-33.349999999999994,30.25,-8.049999999999997" vel="0,0,0" mass="1" elasticityCoef="1" ang="90,0,0" color="0,220,0" radius="0.5" length="4" />
		<capsule pos="-33.349999999999994,30.25,-5.7499999999999964" vel="0,0,0" mass="1" elasticityCoef="1" ang="90,0,0" color="0,220,0" radius="0.5" length="4" />
		<capsule pos="-33.349999999999994,30.25,-3.4499999999999957" vel="0,0,0" mass="1" elasticityCoef="1" ang="90,0,0" color="0,220,0" radius="0.5" length="4" />
		<capsule pos="-33.349999999999994,30.25,-1.1499999999999986" vel="0,0,0" mass="1" elasticityCoef="1" ang="90,0,0" color="0,220,0" radius="0.5" length="4" />
		<capsule pos="-33.349999999999994,30.25,1.1500000000000057" vel="0,0,0" mass="1" elasticityCoef="1" ang="90,0,0" color="0,220,0" radius="0.5" length="4" />
		<capsule pos="-33.349999999999994,30.25,3.450000000000003" vel="0,0,0" mass="1" elasticityCoef="1" ang="90,0,0" color="0,220,0" radius="0.5" length="4" />
		<capsule pos="-33.349999999999994,30.25,5.75" vel="0,0,0" mass="1" elasticityCoef="1" ang="90,0,0" color="0,220,0" radius="0.5" length="4" />
		<capsule pos="-33.349999999999994,30.25,8.050000000000004" vel="0,0,0" mass="1" elasticityCoef="1" ang="90,0,0" color="0,220,0" radius="0.5" length="4" />
		<capsule pos="-33.349999999999994,30.25,10.350000000000001" vel="0,0,0" mass="1" elasticityCoef="1" ang="90,0,0" color="0,220,0" radius="0.5" length="4" />
		<capsule pos="-33.349999999999994,30.25,12.650000000000006" vel="0,0,0" mass="1" elasticityCoef="1" ang="90,0,0" color="0,220,0" radius="0.5" length="4" />
		<capsule pos="-33.349999999999994,30.25,14.950000000000003" vel="0,0,0" mass="1" elasticityCoef="1" ang="90,0,0" color="0,220,0" radius="0.5" length="4" />
		<capsule pos="-33.349999999999994,30.25,17.25" vel="0,0,0" mass="1" elasticityCoef="1" ang="90,0,0" color="0,220,0" radius="0.5" length="4" />
		<capsule pos="-33.349999999999994,30.25,19.550000000000004" vel="0,0,0" mass="1" elasticityCoef="1" ang="90,0,0" color="0,220,0" radius="0.5" length="4" />
		<capsule pos="-33.349999999999994,30.25,21.85" vel="0,0,0" mass="1" elasticityCoef="1" ang="90,0,0" color="0,220,0" radius="0.5" length="4" />
		<capsule pos="-33.349999999999994,30.25,24.15" vel="0,0,0" mass="1" elasticityCoef="1" ang="90,0,0" color="0,220,0" radius="0.5" length="4" />
		<capsule pos="-33.349999999999994,30.25,26.450000000000003" vel="0,0,0" mass="1" elasticityCoef="1" ang="90,0,0" color="0,220,0" radius="0.5" length="4" />
		<capsule pos="-33.349999999999994,30.25,28.75" vel="0,0,0" mass="1" elasticityCoef="1" ang="90,0,0" color="0,220,0" radius="0.5" length="4" />
		<capsule pos="-33.349999999999994,30.25,31.049999999999997" vel="0,0,0" mass="1" elasticityCoef="1" ang="90,0,0" color="0,220,0" radius="0.5" length="4" />
		<capsule pos="-33.349999999999994,35.75,-33.349999999999994" vel="0,0,0" mass="1" elasticityCoef="1" ang="90,0,0" color="0,220,0" radius="0.5" length="4" />
		<capsule pos="-33.349999999999994,35.75,-31.049999999999994" vel="0,0,0" mass="1" elasticityCoef="1" ang="90,0,0" color="0,220,0" radius="0.5" length="4" />
		<capsule pos="-33.349999999999994,35.75,-28.749999999999993" vel="0,0,0" mass="1" elasticityCoef="1" ang="90,0,0" color="0,220,0" radius="0.5" length="4" />
		<capsule pos="-33.349999999999994,35.75,-26.449999999999996" vel="0,0,0" mass="1" elasticityCoef="1" ang="90,0,0" color="0,220,0" radius="0.5" length="4" />
		<capsule pos="-33.349999999999994,35.75,-24.149999999999995" vel="0,0,0" mass="1" elasticityCoef="1" ang="90,0,0" color="0,220,0" radius="0.5" length="4" />
		<capsule pos="-33.349999999999994,35.75,-21.849999999999994" vel="0,0,0" mass="1" elasticityCoef="1" ang="90,0,0" color="0,220,0" radius="0.5" length="4" />
		<capsule pos="-33.349999999999994,35.75,-19.549999999999997" vel="0,0,0" mass="1" elasticityCoef="1" ang="90,0,0" color="0,220,0" radius="0.5" length="4" />
		<capsule pos="-33.349999999999994,35.75,-17.249999999999996" vel="0,0,0" mass="1" elasticityCoef="1" ang="90,0,0" color="0,220,0" radius="0.5" length="4" />
		<capsule pos="-33.349999999999994,35.75,-14.949999999999996" vel="0,0,0" mass="1" elasticityCoef="1" ang="90,0,0" color="0,220,0" radius="0.5" length="4" />
		<capsule pos="-33.349999999999994,35.75,-12.649999999999995" vel="0,0,0" mass="1" elasticityCoef="1" ang="90,0,0" color="0,220,0" radius="0.5" length="4" />
		<capsule pos="-33.349999999999994,35.75,-10.349999999999994" vel="0,0,0" mass="1" elasticityCoef="1" ang="90,0,0" color="0,220,0" radius="0.5" length="4" />
		<capsule pos="-33.349999999999994,35.75,-8.049999999999997" vel="0,0,0" mass="1" elasticityCoef="1" ang="90,0,0" color="0,220,0" radius="0.5" length="4" />
		<capsule pos="-33.349999999999994,35.75,-5.7499999999999964" vel="0,0,0" mass="1" elasticityCoef="1" ang="90,0,0" color="0,220,0" radius="0.5" length="4" />
		<capsule pos="-33.349999999999994,35.75,-3.4499999999999957" vel="0,0,0" mass="1" elasticityCoef="1" ang="90,0,0" color="0,220,0" radius="0.5" length="4" />
		<capsule pos="-33.349999999999994,35.75,-1.1499999999999986" vel="0,0,0" mass="1" elasticityCoef="1" ang="90,0,0" color="0,220,0" radius="0.5" length="4" />
		<capsule pos="-33.349999999999994,35.75,1.1500000000000057" vel="0,0,0" mass="1" elasticityCoef="1" ang="90,0,0" color="0,220,0" radius="0.5" length="4" />
		<capsule pos="-33.349999999999994,35.75,3.450000000000003" vel="0,0,0" mass="1" elasticityCoef="1" ang="90,0,0" color="0,220,0" radius="0.5" length="4" />
		<capsule pos="-33.349999999999994,35.75,5.75" vel="0,0,0" mass="1" elasticityCoef="1" ang="90,0,0" color="0,220,0" radius="0.5" length="4" />
		<capsule pos="-33.349999999999994,35.75,8.050000000000004" vel="0,0,0" mass="1" elasticityCoef="1" ang="90,0,0" color="0,220,0" radius="0.5" length="4" />
		<capsule pos="-33.349999999999994,35.75,10.350000000000001" vel="0,0,0" mass="1" elasticityCoef="1" ang="90,0,0" color="0,220,0" radius="0.5" length="4" />
		<capsule pos="-33.349999999999994,35.75,12.650000000000006" vel="0,0,0" mass="1" elasticityCoef="1" ang="90,0,0" color="0,220,0" radius="0.5" length="4" />
		<capsule pos="-33.349999999999994,35.75,14.950000000000003" vel="0,0,0" mass="1" elasticityCoef="1" ang="90,0,0" color="0,220,0" radius="0.5" length="4" />
		<capsule pos="-33.349999999999994,35.75,17.25" vel="0,0,0" mass="1" elasticityCoef="1" ang="90,0,0" color="0,220,0" radius="0.5" length="4" />
		<capsule pos="-33.349999999999994,35.75,19.550000000000004" vel="0,0,0" mass="1" elasticityCoef="1" ang="90,0,0" color="0,220,0" radius="0.5" length="4" />
		<capsule pos="-33.349999999999994,35.75,21.85" vel="0,0,0" mass="1" elasticityCoef="1" ang="90,0,0" color="0,220,0" radius="0.5" length="4" />
		<capsule pos="-33.349999999999994,35.75,24.15" vel="0,0,0" mass="1" elasticityCoef="1" ang="90,0,0" color="0,220,0" radius="0.5" length="4" />
		<capsule pos="-33.349999999999994,35.75,26.450000000000003" vel="0,0,0" mass="1" elasticityCoef="1" ang="90,0,0" color="0,220,0" radius="0.5" length="4" />
		<capsule pos="-33.349999999999994,35.75,28.75" vel="0,0,0" mass="1" elasticityCoef="1" ang="90,0,0" color="0,220,0" radius="0.5" length="4" />
		<capsule pos="-33.349999999999994,35.75,31.049999999999997" vel="0,0,0" mass="1" elasticityCoef="1" ang="90,0,0" color="0,220,0" radius="0.5" length="4" />
		<capsule pos="-31.049999999999994,-41.25,-33.349999999999994" vel="0,0,0" mass="1" elasticityCoef="1" ang="90,0,0" color="0,220,0" radius="0.5" length="4" />
		<capsule pos="-31.049999999999994,-41.25,-31.049999999999994" vel="0,0,0" mass="1" elasticityCoef="1" ang="90,0,0" color="0,220,0" radius="0.5" length="4" />
		<capsule pos="-31.049999999999994,-41.25,-28.749999999999993" vel="0,0,0" mass="1" elasticityCoef="1" ang="90,0,0" color="0,220,0" radius="0.5" length="4" />
		<capsule pos="-31.049999999999994,-41.25,-26.449999999999996" vel="0,0,0" mass="1" elasticityCoef="1" ang="90,0,0" color="0,220,0" radius="0.5" length="4" />
		<capsule pos="-31.049999999999994,-41.25,-24.149999999999995" vel="0,0,0" mass="1" elasticityCoef="1" ang="90,0,0" color="0,220,0" radius="0.5" length="4" />
		<capsule pos="-31.049999999999994,-41.25,-21.849999999999994" vel="0,0,0" mass="1" elasticityCoef="1" ang="90,0,0" color="0,220,0" radius="0.5" length="4" />
		<capsule pos="-31.049999999999994,-41.25,-19.549999999999997" vel="0,0,0" mass="1" elasticityCoef="1" ang="90,0,0" color="0,220,0" radius="0.5" length="4" />
		<capsule pos="-31.049999999999994,-41.25,-17.249999999999996" vel="0,0,0" mass="1" elasticityCoef="1" ang="90,0,0" color="0,220,0" radius="0.5" length="4" />
		<capsule pos="-31.049999999999994,-41.25,-14.949999999999996" vel="0,0,0" mass="1" elasticityCoef="1" ang="90,0,0" color="0,220,0" radius="0.5" length="4" />
		<capsule pos="-31.049999999999994,-41.25,-12.649999999999995" vel="0,0,0" mass="1" elasticityCoef="1" ang="90,0,0" color="0,220,0" radius="0.5" length="4" />
		<capsule pos="-31.049999999999994,-41.25,-10.349999999999994" vel="0,0,0" mass="1" elasticityCoef="1" ang="90,0,0" color="0,220,0" radius="0.5" length="4" />
		<capsule pos="-31.049999999999994,-41.25,-8.049999999999997" vel="0,0,0" mass="1" elasticityCoef="1" ang="90,0,0" color="0,220,0" radius="0.5" length="4" />
		<capsule pos="-31.049999999999994,-41.25,-5.7499999999999964" vel="0,0,0" mass="1" elasticityCoef="1" ang="90,0,0" color="0,220,0" radius="0.5" length="4" />
		<capsule pos="-31.049999999999994,-41.25,-3.4499999999999957" vel="0,0,0" mass="1" elasticityCoef="1" ang="90,0,0" color="0,220,0" radius="0.5" length="4" />
		<capsule pos="-31.049999999999994,-41.25,-1.1499999999999986" vel="0,0,0" mass="1" elasticityCoef="1" ang="90,0,0" color="0,220,0" radius="0.5" length="4" />
		<capsule pos="-31.049999999999994,-41.25,1.1500000000000057" vel="0,0,0" mass="1" elasticityCoef="1" ang="90,0,0" color="0,220,0" radius="0.5" length="4" />
		<capsule pos="-31.049999999999994,-41.25,3.450000000000003" vel="0,0,0" mass="1" elasticityCoef="1" ang="90,0,0" color="0,220,0" radius="0.5" length="4" />
		<capsule pos="-31.049999999999994,-41.25,5.75" vel="0,0,0" mass="1" elasticityCoef="1" ang="90,0,0" color="0,220,0" radius="0.5" length="4" />
		<capsule pos="-31.049999999999994,-41.25,8.050000000000004" vel="0,0,0" mass="1" elasticityCoef="1" ang="90,0,0" color="0,220,0" radius="0.5" length="4" />
		<capsule pos="-31.049999999999994,-41.25,10.350000000000001" vel="0,0,0" mass="1" elasticityCoef="1" ang="90,0,0" color="0,220,0" radius="0.5" length="4" />
		<capsule pos="-31.049999999999994,-41.25,12.650000000000006" vel="0,0,0" mass="1" elasticityCoef="1" ang="90,0,0" color="0,220,0" radius="0.5" length="4" />
		<capsule pos="-31.049999999999994,-41.25,14.950000000000003" vel="0,0,0" mass="1" elasticityCoef="1" ang="90,0,0" color="0,220,0" radius="0.5" length="4" />
		<capsule pos="-31.049999999999994,-41.25,17.25" vel="0,0,0" mass="1" elasticityCoef="1" ang="90,0,0" color="0,220,0" radius="0.5" length="4" />
		<capsule pos="-31.049999999999994,-41.25,19.550000000000004" vel="0,0,0" mass="1" elasticityCoef="1" ang="90,0,0" color="0,220,0" radius="0.5" length="4" />
		<capsule pos="-31.049999999999994,-41.25,21.85" vel="0,0,0" mass="1" elasticityCoef="1" ang="90,0,0" color="0,220,0" radius="0.5" length="4" />
		<capsule pos="-31.049999999999994,-41.25,24.15" vel="0,0,0" mass="1" elasticityCoef="1" ang="90,0,0" color="0,220,0" radius="0.5" length="4" />
		<capsule pos="-31.049999999999994,-41.25,26.450000000000003" vel="0,0,0" mass="1" elasticityCoef="1" ang="90,0,0" color="0,220,0" radius="0.5" length="4" />
		<capsule pos="-31.049999999999994,-41.25,28.75" vel="0,0,0" mass="1" elasticityCoef="1" ang="90,0,0" color="0,220,0" radius="0.5" length="4" />
		<capsule pos="-31.049999999999994,-41.25,31.049999999999997" vel="0,0,0" mass="1" elasticityCoef="1" ang="90,0,0" color="0,220,0" radius="0.5" length="4" />
		<capsule pos="-31.049999999999994,-35.75,-33.349999999999994" vel="0,0,0" mass="1" elasticityCoef="1" ang="90,0,0" color="0,220,0" radius="0.5" length="4" />
		<capsule pos="-31.049999999999994,-35.75,-31.049999999999994" vel="0,0,0" mass="1" elasticityCoef="1" ang="90,0,0" color="0,220,0" radius="0.5" length="4" />
		<capsule pos="-31.049999999999994,-35.75,-28.749999999999993" vel="0,0,0" mass="1" elasticityCoef="1" ang="90,0,0" color="0,220,0" radius="0.5" length="4" />
		<capsule pos="-31.049999999999994,-35.75,-26.449999999999996" vel="0,0,0" mass="1" elasticityCoef="1" ang="90,0,0" color="0,220,0" radius="0.5" length="4" />
		<capsule pos="-31.049999999999994,-35.75,-24.149999999999995" vel="0,0,0" mass="1" elasticityCoef="1" ang="90,0,0" color="0,220,0" radius="0.5" length="4" />
		<capsule pos="-31.049999999999994,-35.75,-21.849999999999994" vel="0,0,0" mass="1" elasticityCoef="1" ang="90,0,0" color="0,220,0" radius="0.5" length="4" />
		<capsule pos="-31.049999999999994,-35.75,-19.549999999999997" vel="0,0,0" mass="1" elasticityCoef="1" ang="90,0,0" color="0,220,0" radius="0.5" length="4" />
		<capsule pos="-31.049999999999994,-35.75,-17.249999999999996" vel="0,0,0" mass="1" elasticityCoef="1" ang="90,0,0" color="0,220,0" radius="0.5" length="4" />
		<capsule pos="-31.049999999999994,-35.75,-14.949999999999996" vel="0,0,0" mass="1" elasticityCoef="1" ang="90,0,0" color="0,220,0" radius="0.5" length="4" />
		<capsule pos="-31.049999999999994,-35.75,-12.649999999999995" vel="0,0,0" mass="1" elasticityCoef="1" ang="90,0,0" color="0,220,0" radius="0.5" length="4" />
		<capsule pos="-31.049999999999994,-35.75,-10.349999999999994" vel="0,0,0" mass="1" elasticityCoef="1" ang="90,0,0" color="0,220,0" radius="0.5" length="4" />
		<capsule pos="-31.049999999999994,-35.75,-8.049999999999997" vel="0,0,0" mass="1" elasticityCoef="1" ang="90,0,0" color="0,220,0" radius="0.5" length="4" />
		<capsule pos="-31.049999999999994,-35.75,-5.7499999999999964" vel="0,0,0" mass="1" elasticityCoef="1" ang="90,0,0" color="0,220,0" radius="0.5" length="4" />
		<capsule pos="-31.049999999999994,-35.75,-3.4499999999999957" vel="0,0,0" mass="1" elasticityCoef="1" ang="90,0,0" color="0,220,0" radius="0.5" length="4" />
		<capsule pos="-31.049999999999994,-35.75,-1.1499999999999986" vel="0,0,0" mass="1" elasticityCoef="1" ang="90,0,0" color="0,220,0" radius="0.5" length="4" />
		<capsule pos="-31.049999999999994,-35.75,1.1500000000000057" vel="0,0,0" mass="1" elasticityCoef="1" ang="90,0,0" color="0,220,0" radius="0.5" length="4" />
		<capsule pos="-31.049999999999994,-35.75,3.450000000000003" vel="0,0,0" mass="1" elasticityCoef="1" ang="90,0,0" color="0,220,0" radius="0.5" length="4" />
		<capsule pos="-31.049999999999994,-35.75,5.75" vel="0,0,0" mass="1" elasticityCoef="1" ang="90,0,0" color="0,220,0" radius="0.5" length="4" />
		<capsule pos="-31.049999999999994,-35.75,8.050000000000004" vel="0,0,0" mass="1" elasticityCoef="1" ang="90,0,0" color="0,220,0" radius="0.5" length="4" />
		<capsule pos="-31.049999999999994,-35.75,10.350000000000001" vel="0,0,0" mass="1" elasticityCoef="1" ang="90,0,0" color="0,220,0" radius="0.5" length="4" />
		<capsule pos="-31.049999999999994,-35.75,12.650000000000006" vel="0,0,0" mass="1" elasticityCoef="1" ang="90,0,0" color="0,220,0" radius="0.5" length="4" />
		<capsule pos="-31.049999999999994,-35.75,14.950000000000003" vel="0,0,0" mass="1" elasticityCoef="1" ang="90,0,0" color="0,220,0" radius="0.5" length="4" />
		<capsule pos="-31.049999999999994,-35.75,17.25" vel="0,0,0" mass="1" elasticityCoef="1" ang="90,0,0" color="0,220,0" radius="0.5" length="4" />
		<capsule pos="-31.049999999999994,-35.75,19.550000000000004" vel="0,0,0" mass="1" elasticityCoef="1" ang="90,0,0" color="0,220,0" radius="0.5" length="4" />
		<capsule pos="-31.049999999999994,-35.75,21.85" vel="0,0,0" mass="1" elasticityCoef="1" ang="90,0,0" color="0,220,0" radius="0.5" length="4" />
		<capsule pos="-31.049999999999994,-35.75,24.15" vel="0,0,0" mass="1" elasticityCoef="1" ang="90,0,0" color="0,220,0" radius="0.5" length="4" />
		<capsule pos="-31.049999999999994,-35.75,26.450000000000003" vel="0,0,0" mass="1" elasticityCoef="1" ang="90,0,0" color="0,220,0" radius="0.5" length="4" />
		<capsule pos="-31.049999999999994,-35.75,28.75" vel="0,0,0" mass="1" elasticityCoef="1" ang="90,0,0" color="0,220,0" radius="0.5" length="4" />
		<capsule pos="-31.049999999999994,-35.75,31.049999999999997" vel="0,0,0" mass="1" elasticityCoef="1" ang="90,0,0" color="0,220,0" radius="0.5" length="4" />
		<capsule pos="-31.049999999999994,-30.25,-33.349999999999994" vel="0,0,0" mass="1" elasticityCoef="1" ang="90,0,0" color="0,220,0" radius="0.5" length="4" />
		<capsule pos="-31.049999999999994,-30.25,-31.049999999999994" vel="0,0,0" mass="1" elasticityCoef="1" ang="90,0,0" color="0,220,0" radius="0.5" length="4" />
		<capsule pos="-31.049999999999994,-30.25,-28.749999999999993" vel="0,0,0" mass="1" elasticityCoef="1" ang="90,0,0" color="0,220,0" radius="0.5" length="4" />
		<capsule pos="-31.049999999999994,-30.25,-26.449999999999996" vel="0,0,0" mass="1" elasticityCoef="1" ang="90,0,0" color="0,220,0" radius="0.5" length="4" />
		<capsule pos="-31.049999999999994,-30.25,-24.149999999999995" vel="0,0,0" mass="1" elasticityCoef="1" ang="90,0,0" color="0,220,0" radius="0.5" length="4" />
		<capsule pos="-31.049999999999994,-30.25,-21.849999999999994" vel="0,0,0" mass="1" elasticityCoef="1" ang="90,0,0" color="0,220,0" radius="0.5" length="4" />
		<capsule pos="-31.049999999999994,-30.25,-19.549999999999997" vel="0,0,0" mass="1" elasticityCoef="1" ang="90,0,0" color="0,220,0" radius="0.5" length="4" />
		<capsule pos="-31.049999999999994,-30.25,-17.249999999999996" vel="0,0,0" mass="1" elasticityCoef="1" ang="90,0,0" color="0,220,0" radius="0.5" length="4" />
		<capsule pos="-31.049999999999994,-30.25,-14.949999999999996" vel="0,0,0" mass="1" elasticityCoef="1" ang="90,0,0" color="0,220,0" radius="0.5" length="4" />
		<capsule pos="-31.049999999999994,-30.25,-12.649999999999995" vel="0,0,0" mass="1" elasticityCoef="1" ang="90,0,0" color="0,220,0" radius="0.5" length="4" />
		<capsule pos="-31.049999999999994,-30.25,-10.349999999999994" vel="0,0,0" mass="1" elasticityCoef="1" ang="90,0,0" color="0,220,0" radius="0.5" length="4" />
		<capsule pos="-31.049999999999994,-30.25,-8.049999999999997" vel="0,0,0" mass="1" elasticityCoef="1" ang="90,0,0" color="0,220,0" radius="0.5" length="4" />
		<capsule pos="-31.049999999999994,-30.25,-5.7499999999999964" vel="0,0,0" mass="1" elasticityCoef="1" ang="90,0,0" color="0,220,0" radius="0.5" length="4" />
		<capsule pos="-31.049999999999994,-30.25,-3.4499999999999957" vel="0,0,0" mass="1" elasticityCoef="1" ang="90,0,0" color="0,220,0" radius="0.5" length="4" />
		<capsule pos="-31.049999999999994,-30.25,-1.1499999999999986" vel="0,0,0" mass="1" elasticityCoef="1" ang="90,0,0" color="0,220,0" radius="0.5" length="4" />
		<capsule pos="-31.049999999999994,-30.25,1.1500000000000057" vel="0,0,0" mass="1" elasticityCoef="1" ang="90,0,0" color="0,220,0" radius="0.5" length="4" />
		<capsule pos="-31.049999999999994,-30.25,3.450000000000003" vel="0,0,0" mass="1" elasticityCoef="1" ang="90,0,0" color="0,220,0" radius="0.5" length="4" />
		<capsule pos="-31.049999999999994,-30.25,5.75" vel="0,0,0" mass="1" elasticityCoef="1" ang="90,0,0" color="0,220,0" radius="0.5" length="4" />
		<capsule pos="-31.049999999999994,-30.25,8.050000000000004" vel="0,0,0" mass="1" elasticityCoef="1" ang="90,0,0" color="0,220,0" radius="0.5" length="4" />
		<capsule pos="-31.049999999999994,-30.25,10.350000000000001" vel="0,0,0" mass="1" elasticityCoef="1" ang="90,0,0" color="0,220,0" radius="0.5" length="4" />
		<capsule pos="-31.049999999999994,-30.25,12.650000000000006" vel="0,0,0" mass="1" elasticityCoef="1" ang="90,0,0" color="0,220,0" radius="0.5" length="4" />
		<capsule pos="-31.049999999999994,-30.25,14.950000000000003" vel="0,0,0" mass="1" elasticityCoef="1" ang="90,0,0" color="0,220,0" radius="0.5" length="4" />
		<capsule pos="-31.049999999999994,-30.25,17.25" vel="0,0,0" mass="1" elasticityCoef="1" ang="90,0,0" color="0,220,0" radius="0.5" length="4" />
		<capsule pos="-31.049999999999994,-30.25,19.550000000000004" vel="0,0,0" mass="1" elasticityCoef="1" ang="90,0,0" color="0,220,0" radius="0.5" length="4" />
		<capsule pos="-31.049999999999994,-30.25,21.85" vel="0,0,0" mass="1" elasticityCoef="1" ang="90,0,0" color="0,220,0" radius="0.5" length="4" />
		<capsule pos="-31.049999999999994,-30.25,24.15" vel="0,0,0" mass="1" elasticityCoef="1" ang="90,0,0" color="0,220,0" radius="0.5" length="4" />
		<capsule pos="-31.049999999999994,-30.25,26.450000000000003" vel="0,0,0" mass="1" elasticityCoef="1" ang="90,0,0" color="0,220,0" radius="0.5" length="4" />
		<capsule pos="-31.049999999999994,-30.25,28.75" vel="0,0,0" mass="1" elasticityCoef="1" ang="90,0,0" color="0,220,0" radius="0.5" length="4" />
		<capsule pos="-31.049999999999994,-30.25,31.049999999999997" vel="0,0,0" mass="1" elasticityCoef="1" ang="90,0,0" color="0,220,0" radius="0.5" length="4" />
		<capsule pos="-31.049999999999994,-24.75,-33.349999999999994" vel="0,0,0" mass="1" elasticityCoef="1" ang="90,0,0" color="0,220,0" radius="0.5" length="4" />
		<capsule pos="-31.049999999999994,-24.75,-31.049999999999994" vel="0,0,0" mass="1" elasticityCoef="1" ang="90,0,0" color="0,220,0" radius="0.5" length="4" />
		<capsule pos="-31.049999999999994,-24.75,-28.749999999999993" vel="0,0,0" mass="1" elasticityCoef="1" ang="90,0,0" color="0,220,0" radius="0.5" length="4" />
		<capsule pos="-31.049999999999994,-24.75,-26.449999999999996" vel="0,0,0" mass="1" elasticityCoef="1" ang="90,0,0" color="0,220,0" radius="0.5" length="4" />
		<capsule pos="-31.049999999999994,-24.75,-24.149999999999995" vel="0,0,0" mass="1" elasticityCoef="1" ang="90,0,0" color="0,220,0" radius="0.5" length="4" />
		<capsule pos="-31.049999999999994,-24.75,-21.849999999999994" vel="0,0,0" mass="1" elasticityCoef="1" ang="90,0,0" color="0,220,0" radius="0.5" length="4" />
		<capsule pos="-31.049999999999994,-24.75,-19.549999999999997" vel="0,0,0" mass="1" elasticityCoef="1" ang="90,0,0" color="0,220,0" radius="0.5" length="4" />
		<capsule pos="-31.049999999999994,-24.75,-17.249999999999996" vel="0,0,0" mass="1" elasticityCoef="1" ang="90,0,0" color="0,220,0" radius="0.5" length="4" />
		<capsule pos="-31.049999999999994,-24.75,-14.949999999999996" vel="0,0,0" mass="1" elasticityCoef="1" ang="90,0,0" color="0,220,0" radius="0.5" length="4" />
		<capsule pos="-31.049999999999994,-24.75,-12.649999999999995" vel="0,0,0" mass="1" elasticityCoef="1" ang="90,0,0" color="0,220,0" radius="0.5" length="4" />
		<capsule pos="-31.049999999999994,-24.75,-10.349999999999994" vel="0,0,0" mass="1" elasticityCoef="1" ang="90,0,0" color="0,220,0" radius="0.5" length="4" />
		<capsule pos="-31.049999999999994,-24.75,-8.049999999999997" vel="0,0,0" mass="1" elasticityCoef="1" ang="90,0,0" color="0,220,0" radius="0.5" length="4" />
		<capsule pos="-31.049999999999994,-24.75,-5.7499999999999964" vel="0,0,0" mass="1" elasticityCoef="1" ang="90,0,0" color="0,220,0" radius="0.5" length="4" />
		<capsule pos="-31.049999999999994,-24.75,-3.4499999999999957" vel="0,0,0" mass="1" elasticityCoef="1" ang="90,0,0" color="0,220,0" radius="0.5" length="4" />
		<capsule pos="-31.049999999999994,-24.75,-1.1499999999999986" vel="0,0,0" mass="1" elasticityCoef="1" ang="90,0,0" color="0,220,0" radius="0.5" length="4" />
		<capsule pos="-31.049999999999994,-24.75,1.1500000000000057" vel="0,0,0" mass="1" elasticityCoef="1" ang="90,0,0" color="0,220,0" radius="0.5" length="4" />
		<capsule pos="-31.049999999999994,-24.75,3.450000000000003" vel="0,0,0" mass="1" elasticityCoef="1" ang="90,0,0" color="0,220,0" radius="0.5" length="4" />
		<capsule pos="-31.049999999999994,-24.75,5.75" vel="0,0,0" mass="1" elasticityCoef="1" ang="90,0,0" color="0,220,0" radius="0.5" length="4" />
		<capsule pos="-31.049999999999994,-24.75,8.050000000000004" vel="0,0,0" mass="1" elasticityCoef="1" ang="90,0,0" color="0,220,0" radius="0.5" length="4" />
		<capsule pos="-31.049999999999994,-24.75,10.350000000000001" vel="0,0,0" mass="1" elasticityCoef="1" ang="90,0,0" color="0,220,0" radius="0.5" length="4" />
		<capsule pos="-31.049999999999994,-24.75,12.650000000000006" vel="0,0,0" mass="1" elasticityCoef="1" ang="90,0,0" color="0,220,0" radius="0.5" length="4" />
		<capsule pos="-31.049999999999994,-24.75,14.950000000000003" vel="0,0,0" mass="1" elasticityCoef="1" ang="90,0,0" color="0,220,0" radius="0.5" length="4" />
		<capsule pos="-31.049999999999994,-24.75,17.25" vel="0,0,0" mass="1" elasticityCoef="1" ang="90,0,0" color="0,220,0" radius="0.5" length="4" />
		<capsule pos="-31.049999999999994,-24.75,19.550000000000004" vel="0,0,0" mass="1" elasticityCoef="1" ang="90,0,0" color="0,220,0" radius="0.5" length="4" />
		<capsule pos="-31.049999999999994,-24.75,21.85" vel="0,0,0" mass="1" elasticityCoef="1" ang="90,0,0" color="0,220,0" radius="0.5" length="4" />
		<capsule pos="-31.049999999999994,-24.75,24.15" vel="0,0,0" mass="1" elasticityCoef="1" ang="90,0,0" color="0,220,0" radius="0.5" length="4" />
		<capsule pos="-31.049999999999994,-24.75,26.450000000000003" vel="0,0,0" mass="1" elasticityCoef="1" ang="90,0,0" color="0,220,0" radius="0.5" length="4" />
		<capsule pos="-31.049999999999994,-24.75,28.75" vel="0,0,0" mass="1" elasticityCoef="1" ang="90,0,0" color="0,220,0" radius="0.5" length="4" />
		<capsule pos="-31.049999999999994,-24.75,31.049999999999997" vel="0,0,0" mass="1" elasticityCoef="1" ang="90,0,0" color="0,220,0" radius="0.5" length="4" />
		<capsule pos="-31.049999999999994,-19.25,-33.349999999999994" vel="0,0,0" mass="1" elasticityCoef="1" ang="90,0,0" color="0,220,0" radius="0.5" length="4" />
		<capsule pos="-31.049999999999994,-19.25,-31.049999999999994" vel="0,0,0" mass="1" elasticityCoef="1" ang="90,0,0" color="0,220,0" radius="0.5" length="4" />
		<capsule pos="-31.049999999999994,-19.25,-28.749999999999993" vel="0,0,0" mass="1" elasticityCoef="1" ang="90,0,0" color="0,220,0" radius="0.5" length="4" />
		<capsule pos="-31.049999999999994,-19.25,-26.449999999999996" vel="0,0,0" mass="1" elasticityCoef="1" ang="90,0,0" color="0,220,0" radius="0.5" length="4" />
		<capsule pos="-31.049999999999994,-19.25,-24.149999999999995" vel="0,0,0" mass="1" elasticityCoef="1" ang="90,0,0" color="0,220,0" radius="0.5" length="4" />
		<capsule pos="-31.049999999999994,-19.25,-21.849999999999994" vel="0,0,0" mass="1" elasticityCoef="1" ang="90,0,0" color="0,220,0" radius="0.5" length="4" />
		<capsule pos="-31.049999999999994,-19.25,-19.549999999999997" vel="0,0,0" mass="1" elasticityCoef="1" ang="90,0,0" color="0,220,0" radius="0.5" length="4" />
		<capsule pos="-31.049999999999994,-19.25,-17.249999999999996" vel="0,0,0" mass="1" elasticityCoef="1" ang="90,0,0" color="0,220,0" radius="0.5" length="4" />
		<capsule pos="-31.049999999999994,-19.25,-14.949999999999996" vel="0,0,0" mass="1" elasticityCoef="1" ang="90,0,0" color="0,220,0" radius="0.5" length="4" />
		<capsule pos="-31.049999999999994,-19.25,-12.649999999999995" vel="0,0,0" mass="1" elasticityCoef="1" ang="90,0,0" color="0,220,0" radius="0.5" length="4" />
		<capsule pos="-31.049999999999994,-19.25,-10.349999999999994" vel="0,0,0" mass="1" elasticityCoef="1" ang="90,0,0" color="0,220,0" radius="0.5" length="4" />
		<capsule pos="-31.049999999999994,-19.25,-8.049999999999997" vel="0,0,0" mass="1" elasticityCoef="1" ang="90,0,0" color="0,220,0" radius="0.5" length="4" />
		<capsule pos="-31.049999999999994,-19.25,-5.7499999999999964" vel="0,0,0" mass="1" elasticityCoef="1" ang="90,0,0" color="0,220,0" radius="0.5" length="4" />
		<capsule pos="-31.049999999999994,-19.25,-3.4499999999999957" vel="0,0,0" mass="1" elasticityCoef="1" ang="90,0,0" color="0,220,0" radius="0.5" length="4" />
		<capsule pos="-31.049999999999994,-19.25,-1.1499999999999986" vel="0,0,0" mass="1" elasticityCoef="1" ang="90,0,0" color="0,220,0" radius="0.5" length="4" />
		<capsule pos="-31.049999999999994,-19.25,1.1500000000000057" vel="0,0,0" mass="1" elasticityCoef="1" ang="90,0,0" color="0,220,0" radius="0.5" length="4" />
		<capsule pos="-31.049999999999994,-19.25,3.450000000000003" vel="0,0,0" mass="1" elasticityCoef="1" ang="90,0,0" color="0,220,0" radius="0.5" length="4" />
		<capsule pos="-31.049999999999994,-19.25,5.75" vel="0,0,0" mass="1" elasticityCoef="1" ang="90,0,0" color="0,220,0" radius="0.5" length="4" />
		<capsule pos="-31.049999999999994,-19.25,8.050000000000004" vel="0,0,0" mass="1" elasticityCoef="1" ang="90,0,0" color="0,220,0" radius="0.5" length="4" />
		<capsule pos="-31.049999999999994,-19.25,10.350000000000001" vel="0,0,0" mass="1" elasticityCoef="1" ang="90,0,0" color="0,220,0" radius="0.5" length="4" />
		<capsule pos="-31.049999999999994,-19.25,12.650000000000006" vel="0,0,0" mass="1" elasticityCoef="1" ang="90,0,0" color="0,220,0" radius="0.5" length="4" />
		<capsule pos="-31.049999999999994,-19.25,14.950000000000003" vel="0,0,0" mass="1" elasticityCoef="1" ang="90,0,0" color="0,220,0" radius="0.5" length="4" />
		<capsule pos="-31.049999999999994,-19.25,17.25" vel="0,0,0" mass="1" elasticityCoef="1" ang="90,0,0" color="0,220,0" radius="0.5" length="4" />
		<capsule pos="-31.049999999999994,-19.25,19.550000000000004" vel="0,0,0" mass="1" elasticityCoef="1" ang="90,0,0" color="0,220,0" radius="0.5" length="4" />
		<capsule pos="-31.049999999999994,-19.25,21.85" vel="0,0,0" mass="1" elasticityCoef="1" ang="90,0,0" color="0,220,0" radius="0.5" length="4" />
		<capsule pos="-31.049999999999994,-19.25,24.15" vel="0,0,0" mass="1" elasticityCoef="1" ang="90,0,0" color="0,220,0" radius="0.5" length="4" />
		<capsule pos="-31.049999999999994,-19.25,26.450000000000003" vel="0,0,0" mass="1" elasticityCoef="1" ang="90,0,0" color="0,220,0" radius="0.5" length="4" />
		<capsule pos="-31.049999999999994,-19.25,28.75" vel="0,0,0" mass="1" elasticityCoef="1" ang="90,0,0" color="0,220,0" radius="0.5" length="4" />
		<capsule pos="-31.049999999999994,-19.25,31.049999999999997" vel="0,0,0" mass="1" elasticityCoef="1" ang="90,0,0" color="0,220,0" radius="0.5" length="4" />
		<capsule pos="-31.049999999999994,-13.75,-33.349999999999994" vel="0,0,0" mass="1" elasticityCoef="1" ang="90,0,0" color="0,220,0" radius="0.5" length="4" />
		<capsule pos="-31.049999999999994,-13.75,-31.049999999999994" vel="0,0,0" mass="1" elasticityCoef="1" ang="90,0,0" color="0,220,0" radius="0.5" length="4" />
		<capsule pos="-31.049999999999994,-13.75,-28.749999999999993" vel="0,0,0" mass="1" elasticityCoef="1" ang="90,0,0" color="0,220,0" radius="0.5" length="4" />
		<capsule pos="-31.049999999999994,-13.75,-26.449999999999996" vel="0,0,0" mass="1" elasticityCoef="1" ang="90,0,0" color="0,220,0" radius="0.5" length="4" />
		<capsule pos="-31.049999999999994,-13.75,-24.149999999999995" vel="0,0,0" mass="1" elasticityCoef="1" ang="90,0,0" color="0,220,0" radius="0.5" length="4" />
		<capsule pos="-31.049999999999994,-13.75,-21.849999999999994" vel="0,0,0" mass="1" elasticityCoef="1" ang="90,0,0" color="0,220,0" radius="0.5" length="4" />
		<capsule pos="-31.049999999999994,-13.75,-19.549999999999997" vel="0,0,0" mass="1" elasticityCoef="1" ang="90,0,0" color="0,220,0" radius="0.5" length="4" />
		<capsule pos="-31.049999999999994,-13.75,-17.249999999999996" vel="0,0,0" mass="1" elasticityCoef="1" ang="90,0,0" color="0,220,0" radius="0.5" length="4" />
		<capsule pos="-31.049999999999994,-13.75,-14.949999999999996" vel="0,0,0" mass="1" elasticityCoef="1" ang="90,0,0" color="0,220,0" radius="0.5" length="4" />
		<capsule pos="-31.049999999999994,-13.75,-12.649999999999995" vel="0,0,0" mass="1" elasticityCoef="1" ang="90,0,0" color="0,220,0" radius="0.5" length="4" />
		<capsule pos="-31.049999999999994,-13.75,-10.349999999999994" vel="0,0,0" mass="1" elasticityCoef="1" ang="90,0,0" color="0,220,0" radius="0.5" length="4" />
		<capsule pos="-31.049999999999994,-13.75,-8.049999999999997" vel="0,0,0" mass="1" elasticityCoef="1" ang="90,0,0" color="0,220,0" radius="0.5" length="4" />
		<capsule pos="-31.049999999999994,-13.75,-5.7499999999999964" vel="0,0,0" mass="1" elasticityCoef="1" ang="90,0,0" color="0,220,0" radius="0.5" length="4" />
		<capsule pos="-31.049999999999994,-13.75,-3.4499999999999957" vel="0,0,0" mass="1" elasticityCoef="1" ang="90,0,0" color="0,220,0" radius="0.5" length="4" />
		<capsule pos="-31.049999999999994,-13.75,-1.1499999999999986" vel="0,0,0" mass="1" elasticityCoef="1" ang="90,0,0" color="0,220,0" radius="0.5" length="4" />
		<capsule pos="-31.049999999999994,-13.75,1.1500000000000057" vel="0,0,0" mass="1" elasticityCoef="1" ang="90,0,0" color="0,220,0" radius="0.5" length="4" />
		<capsule pos="-31.049999999999994,-13.75,3.450000000000003" vel="0,0,0" mass="1" elasticityCoef="1" ang="90,0,0" color="0,220,0" radius="0.5" length="4" />
		<capsule pos="-31.049999999999994,-13.75,5.75" vel="0,0,0" mass="1" elasticityCoef="1" ang="90,0,0" color="0,220,0" radius="0.5" length="4" />
		<capsule pos="-31.049999999999994,-13.75,8.050000000000004" vel="0,0,0" mass="1" elasticityCoef="1" ang="90,0,0" color="0,220,0" radius="0.5" length="4" />
		<capsule pos="-31.049999999999994,-13.75,10.350000000000001" vel="0,0,0" mass="1" elasticityCoef="1" ang="90,0,0" color="0,220,0" radius="0.5" length="4" />
		<capsule pos="-31.049999999999994,-13.75,12.650000000000006" vel="0,0,0" mass="1" elasticityCoef="1" ang="90,0,0" color="0,220,0" radius="0.5" length="4" />
		<capsule pos="-31.049999999999994,-13.75,14.950000000000003" vel="0,0,0" mass="1" elasticityCoef="1" ang="90,0,0" color="0,220,0" radius="0.5" length="4" />
		<capsule pos="-31.049999999999994,-13.75,17.25" vel="0,0,0" mass="1" elasticityCoef="1" ang="90,0,0" color="0,220,0" radius="0.5" length="4" />
		<capsule pos="-31.049999999999994,-13.75,19.550000000000004" vel="0,0,0" mass="1" elasticityCoef="1" ang="90,0,0" color="0,220,0" radius="0.5" length="4" />
		<capsule pos="-31.049999999999994,-13.75,21.85" vel="0,0,0" mass="1" elasticityCoef="1" ang="90,0,0" color="0,220,0" radius="0.5" length="4" />
		<capsule pos="-31.049999999999994,-13.75,24.15" vel="0,0,0" mass="1" elasticityCoef="1" ang="90,0,0" color="0,220,0" radius="0.5" length="4" />
		<capsule pos="-31.049999999999994,-13.75,26.450000000000003" vel="0,0,0" mass="1" elasticityCoef="1" ang="90,0,0" color="0,220,0" radius="0.5" length="4" />
		<capsule pos="-31.049999999999994,-13.75,28.75" vel="0,0,0" mass="1" elasticityCoef="1" ang="90,0,0" color="0,220,0" radius="0.5" length="4" />
		<capsule pos="-31.049999999999994,-13.75,31.049999999999997" vel="0,0,0" mass="1" elasticityCoef="1" ang="90,0,0" color="0,220,0" radius="0.5" length="4" />
		<capsule pos="-31.049999999999994,-8.25,-33.349999999999994" vel="0,0,0" mass="1" elasticityCoef="1" ang="90,0,0" color="0,220,0" radius="0.5" length="4" />
		<capsule pos="-31.049999999999994,-8.25,-31.049999999999994" vel="0,0,0" mass="1" elasticityCoef="1" ang="90,0,0" color="0,220,0" radius="0.5" length="4" />
		<capsule pos="-31.049999999999994,-8.25,-28.749999999999993" vel="0,0,0" mass="1" elasticityCoef="1" ang="90,0,0" color="0,220,0" radius="0.5" length="4" />
		<capsule pos="-31.049999999999994,-8.25,-26.449999999999996" vel="0,0,0" mass="1" elasticityCoef="1" ang="90,0,0" color="0,220,0" radius="0.5" length="4" />
		<capsule pos="-31.049999999999994,-8.25,-24.149999999999995" vel="0,0,0" mass="1" elasticityCoef="1" ang="90,0,0" color="0,220,0" radius="0.5" length="4" />
		<capsule pos="-31.049999999999994,-8.25,-21.849999999999994" vel="0,0,0" mass="1" elasticityCoef="1" ang="90,0,0" color="0,220,0" radius="0.5" length="4" />
		<capsule pos="-31.049999999999994,-8.25,-19.549999999999997" vel="0,0,0" mass="1" elasticityCoef="1" ang="90,0,0" color="0,220,0" radius="0.5" length="4" />
		<capsule pos="-31.049999999999994,-8.25,-17.249999999999996" vel="0,0,0" mass="1" elasticityCoef="1" ang="90,0,0" color="0,220,0" radius="0.5" length="4" />
		<capsule pos="-31.049999999999994,-8.25,-14.949999999999996" vel="0,0,0" mass="1" elasticityCoef="1" ang="90,0,0" color="0,220,0" radius="0.5" length="4" />
		<capsule pos="-31.049999999999994,-8.25,-12.649999999999995" vel="0,0,0" mass="1" elasticityCoef="1" ang="90,0,0" color="0,220,0" radius="0.5" length="4" />
		<capsule pos="-31.049999999999994,-8.25,-10.349999999999994" vel="0,0,0" mass="1" elasticityCoef="1" ang="90,0,0" color="0,220,0" radius="0.5" length="4" />
		<capsule pos="-31.049999999999994,-8.25,-8.049999999999997" vel="0,0,0" mass="1" elasticityCoef="1" ang="90,0,0" color="0,220,0" radius="0.5" length="4" />
		<capsule pos="-31.049999999999994,-8.25,-5.7499999999999964" vel="0,0,0" mass="1" elasticityCoef="1" ang="90,0,0" color="0,220,0" radius="0.5" length="4" />
		<capsule pos="-31.049999999999994,-8.25,-3.4499999999999957" vel="0,0,0" mass="1" elasticityCoef="1" ang="90,0,0" color="0,220,0" radius="0.5" length="4" />
		<capsule pos="-31.049999999999994,-8.25,-1.1499999999999986" vel="0,0,0" mass="1" elasticityCoef="1" ang="90,0,0" color="0,220,0" radius="0.5" length="4" />
		<capsule pos="-31.049999999999994,-8.25,1.1500000000000057" vel="0,0,0" mass="1" elasticityCoef="1" ang="90,0,0" color="0,220,0" radius="0.5" length="4" />
		<capsule pos="-31.049999999999994,-8.25,3.450000000000003" vel="0,0,0" mass="1" elasticityCoef="1" ang="90,0,0" color="0,220,0" radius="0.5" length="4" />
		<capsule pos="-31.049999999999994,-8.25,5.75" vel="0,0,0" mass="1" elasticityCoef="1" ang="90,0,0" color="0,220,0" radius="0.5" length="4" />
		<capsule pos="-31.049999999999994,-8.25,8.050000000000004" vel="0,0,0" mass="1" elasticityCoef="1" ang="90,0,0" color="0,220,0" radius="0.5" length="4" />
		<capsule pos="-31.049999999999994,-8.25,10.350000000000001" vel="0,0,0" mass="1" elasticityCoef="1" ang="90,0,0" color="0,220,0" radius="0.5" length="4" />
		<capsule pos="-31.049999999999994,-8.25,12.650000000000006" vel="0,0,0" mass="1" elasticityCoef="1" ang="90,0,0" color="0,220,0" radius="0.5" length="4" />
		<capsule pos="-31.049999999999994,-8.25,14.950000000000003" vel="0,0,0" mass="1" elasticityCoef="1" ang="90,0,0" color="0,220,0" radius="0.5" length="4" />
		<capsule pos="-31.049999999999994,-8.25,17.25" vel="0,0,0" mass="1" elasticityCoef="1" ang="90,0,0" color="0,220,0" radius="0.5" length="4" />
		<capsule pos="-31.049999999999994,-8.25,19.550000000000004" vel="0,0,0" mass="1" elasticityCoef="1" ang="90,0,0" color="0,220,0" radius="0.5" length="4" />
		<capsule pos="-31.049999999999994,-8.25,21.85" vel="0,0,0" mass="1" elasticityCoef="1" ang="90,0,0" color="0,220,0" radius="0.5" length="4" />
		<capsule pos="-31.049999999999994,-8.25,24.15" vel="0,0,0" mass="1" elasticityCoef="1" ang="90,0,0" color="0,220,0" radius="0.5" length="4" />
		<capsule pos="-31.049999999999994,-8.25,26.450000000000003" vel="0,0,0" mass="1" elasticityCoef="1" ang="90,0,0" color="0,220,0" radius="0.5" length="4" />
		<capsule pos="-31.049999999999994,-8.25,28.75" vel="0,0,0" mass="1" elasticityCoef="1" ang="90,0,0" color="0,220,0" radius="0.5" length="4" />
		<capsule pos="-31.049999999999994,-8.25,31.049999999999997" vel="0,0,0" mass="1" elasticityCoef="1" ang="90,0,0" color="0,220,0" radius="0.5" length="4" />
		<capsule pos="-31.049999999999994,-2.75,-33.349999999999994" vel="0,0,0" mass="1" elasticityCoef="1" ang="90,0,0" color="0,220,0" radius="0.5" length="4" />
		<capsule pos="-31.049999999999994,-2.75,-31.049999999999994" vel="0,0,0" mass="1" elasticityCoef="1" ang="90,0,0" color="0,220,0" radius="0.5" length="4" />
		<capsule pos="-31.049999999999994,-2.75,-28.749999999999993" vel="0,0,0" mass="1" elasticityCoef="1" ang="90,0,0" color="0,220,0" radius="0.5" length="4" />
		<capsule pos="-31.049999999999994,-2.75,-26.449999999999996" vel="0,0,0" mass="1" elasticityCoef="1" ang="90,0,0" color="0,220,0" radius="0.5" length="4" />
		<capsule pos="-31.049999999999994,-2.75,-24.149999999999995" vel="0,0,0" mass="1" elasticityCoef="1" ang="90,0,0" color="0,220,0" radius="0.5" length="4" />
		<capsule pos="-31.049999999999994,-2.75,-21.849999999999994" vel="0,0,0" mass="1" elasticityCoef="1" ang="90,0,0" color="0,220,0" radius="0.5" length="4" />
		<capsule pos="-31.049999999999994,-2.75,-19.549999999999997" vel="0,0,0" mass="1" elasticityCoef="1" ang="90,0,0" color="0,220,0" radius="0.5" length="4" />
		<capsule pos="-31.049999999999994,-2.75,-17.249999999999996" vel="0,0,0" mass="1" elasticityCoef="1" ang="90,0,0" color="0,220,0" radius="0.5" length="4" />
		<capsule pos="-31.049999999999994,-2.75,-14.949999999999996" vel="0,0,0" mass="1" elasticityCoef="1" ang="90,0,0" color="0,220,0" radius="0.5" length="4" />
		<capsule pos="-31.049999999999994,-2.75,-12.649999999999995" vel="0,0,0" mass="1" elasticityCoef="1" ang="90,0,0" color="0,220,0" radius="0.5" length="4" />
		<capsule pos="-31.049999999999994,-2.75,-10.349999999999994" vel="0,0,0" mass="1" elasticityCoef="1" ang="90,0,0" color="0,220,0" radius="0.5" length="4" />
		<capsule pos="-31.049999999999994,-2.75,-8.049999999999997" vel="0,0,0" mass="1" elasticityCoef="1" ang="90,0,0" color="0,220,0" radius="0.5" length="4" />
		<capsule pos="-31.049999999999994,-2.75,-5.7499999999999964" vel="0,0,0" mass="1" elasticityCoef="1" ang="90,0,0" color="0,220,0" radius="0.5" length="4" />
		<capsule pos="-31.049999999999994,-2.75,-3.4499999999999957" vel="0,0,0" mass="1" elasticityCoef="1" ang="90,0,0" color="0,220,0" radius="0.5" length="4" />
		<capsule pos="-31.049999999999994,-2.75,-1.1499999999999986" vel="0,0,0" mass="1" elasticityCoef="1" ang="90,0,0" color="0,220,0" radius="0.5" length="4" />
		<capsule pos="-31.049999999999994,-2.75,1.1500000000000057" vel="0,0,0" mass="1" elasticityCoef="1" ang="90,0,0" color="0,220,0" radius="0.5" length="4" />
		<capsule pos="-31.049999999999994,-2.75,3.450000000000003" vel="0,0,0" mass="1" elasticityCoef="1" ang="90,0,0" color="0,220,0" radius="0.5" length="4" />
		<capsule pos="-31.049999999999994,-2.75,5.75" vel="0,0,0" mass="1" elasticityCoef="1" ang="90,0,0" color="0,220,0" radius="0.5" length="4" />
		<capsule pos="-31.049999999999994,-2.75,8.050000000000004" vel="0,0,0" mass="1" elasticityCoef="1" ang="90,0,0" color="0,220,0" radius="0.5" length="4" />
		<capsule pos="-31.049999999999994,-2.75,10.350000000000001" vel="0,0,0" mass="1" elasticityCoef="1" ang="90,0,0" color="0,220,0" radius="0.5" length="4" />
		<capsule pos="-31.049999999999994,-2.75,12.650000000000006" vel="0,0,0" mass="1" elasticityCoef="1" ang="90,0,0" color="0,220,0" radius="0.5" length="4" />
		<capsule pos="-31.049999999999994,-2.75,14.950000000000003" vel="0,0,0" mass="1" elasticityCoef="1" ang="90,0,0" color="0,220,0" radius="0.5" length="4" />
		<capsule pos="-31.049999999999994,-2.75,17.25" vel="0,0,0" mass="1" elasticityCoef="1" ang="90,0,0" color="0,220,0" radius="0.5" length="4" />
		<capsule pos="-31.049999999999994,-2.75,19.550000000000004" vel="0,0,0" mass="1" elasticityCoef="1" ang="90,0,0" color="0,220,0" radius="0.5" length="4" />
		<capsule pos="-31.049999999999994,-2.75,21.85" vel="0,0,0" mass="1" elasticityCoef="1" ang="90,0,0" color="0,220,0" radius="0.5" length="4" />
		<capsule pos="-31.049999999999994,-2.75,24.15" vel="0,0,0" mass="1" elasticityCoef="1" ang="90,0,0" color="0,220,0" radius="0.5" length="4" />
		<capsule pos="-31.049999999999994,-2.75,26.450000000000003" vel="0,0,0" mass="1" elasticityCoef="1" ang="90,0,0" color="0,220,0" radius="0.5" length="4" />
		<capsule pos="-31.049999999999994,-2.75,28.75" vel="0,0,0" mass="1" elasticityCoef="1" ang="90,0,0" color="0,220,0" radius="0.5" length="4" />
		<capsule pos="-31.049999999999994,-2.75,31.049999999999997" vel="0,0,0" mass="1" elasticityCoef="1" ang="90,0,0" color="0,220,0" radius="0.5" length="4" />
		<capsule pos="-31.049999999999994,2.75,-33.349999999999994" vel="0,0,0" mass="1" elasticityCoef="1" ang="90,0,0" color="0,220,0" radius="0.5" length="4" />
		<capsule pos="-31.049999999999994,2.75,-31.049999999999994" vel="0,0,0" mass="1" elasticityCoef="1" ang="90,0,0" color="0,220,0" radius="0.5" length="4" />
		<capsule pos="-31.049999999999994,2.75,-28.749999999999993" vel="0,0,0" mass="1" elasticityCoef="1" ang="90,0,0" color="0,220,0" radius="0.5" length="4" />
		<capsule pos="-31.049999999999994,2.75,-26.449999999999996" vel="0,0,0" mass="1" elasticityCoef="1" ang="90,0,0" color="0,220,0" radius="0.5" length="4" />
		<capsule pos="-31.049999999999994,2.75,-24.149999999999995" vel="0,0,0" mass="1" elasticityCoef="1" ang="90,0,0" color="0,220,0" radius="0.5" length="4" />
		<capsule pos="-31.049999999999994,2.75,-21.849999999999994" vel="0,0,0" mass="1" elasticityCoef="1" ang="90,0,0" color="0,220,0" radius="0.5" length="4" />
		<capsule pos="-31.049999999999994,2.75,-19.549999999999997" vel="0,0,0" mass="1" elasticityCoef="1" ang="90,0,0" color="0,220,0" radius="0.5" length="4" />
		<capsule pos="-31.049999999999994,2.75,-17.249999999999996" vel="0,0,0" mass="1" elasticityCoef="1" ang="90,0,0" color="0,220,0" radius="0.5" length="4" />
		<capsule pos="-31.049999999999994,2.75,-14.949999999999996" vel="0,0,0" mass="1" elasticityCoef="1" ang="90,0,0" color="0,220,0" radius="0.5" length="4" />
		<capsule pos="-31.049999999999994,2.75,-12.649999999999995" vel="0,0,0" mass="1" elasticityCoef="1" ang="90,0,0" color="0,220,0" radius="0.5" length="4" />
		<capsule pos="-31.049999999999994,2.75,-10.349999999999994" vel="0,0,0" mass="1" elasticityCoef="1" ang="90,0,0" color="0,220,0" radius="0.5" length="4" />
		<capsule pos="-31.049999999999994,2.75,-8.049999999999997" vel="0,0,0" mass="1" elasticityCoef="1" ang="90,0,0" color="0,220,0" radius="0.5" length="4" />
		<capsule pos="-31.049999999999994,2.75,-5.7499999999999964" vel="0,0,0" mass="1" elasticityCoef="1" ang="90,0,0" color="0,220,0" radius="0.5" length="4" />
		<capsule pos="-31.049999999999994,2.75,-3.4499999999999957" vel="0,0,0" mass="1" elasticityCoef="1" ang="90,0,0" color="0,220,0" radius="0.5" length="4" />
		<capsule pos="-31.049999999999994,2.75,-1.1499999999999986" vel="0,0,0" mass="1" elasticityCoef="1" ang="90,0,0" color="0,220,0" radius="0.5" length="4" />
		<capsule pos="-31.049999999999994,2.75,1.1500000000000057" vel="0,0,0" mass="1" elasticityCoef="1" ang="90,0,0" color="0,220,0" radius="0.5" length="4" />
		<capsule pos="-31.049999999999994,2.75,3.450000000000003" vel="0,0,0" mass="1" elasticityCoef="1" ang="90,0,0" color="0,220,0" radius="0.5" length="4" />
		<capsule pos="-31.049999999999994,2.75,5.75" vel="0,0,0" mass="1" elasticityCoef="1" ang="90,0,0" color="0,220,0" radius="0.5" length="4" />
		<capsule pos="-31.049999999999994,2.75,8.050000000000004" vel="0,0,0" mass="1" elasticityCoef="1" ang="90,0,0" color="0,220,0" radius="0.5" length="4" />
		<capsule pos="-31.049999999999994,2.75,10.350000000000001" vel="0,0,0" mass="1" elasticityCoef="1" ang="90,0,0" color="0,220,0" radius="0.5" length="4" />
		<capsule pos="-31.049999999999994,2.75,12.650000000000006" vel="0,0,0" mass="1" elasticityCoef="1" ang="90,0,0" color="0,220,0" radius="0.5" length="4" />
		<capsule pos="-31.049999999999994,2.75,14.950000000000003" vel="0,0,0" mass="1" elasticityCoef="1" ang="90,0,0" color="0,220,0" radius="0.5" length="4" />
		<capsule pos="-31.049999999999994,2.75,17.25" vel="0,0,0" mass="1" elasticityCoef="1" ang="90,0,0" color="0,220,0" radius="0.5" length="4" />
		<capsule pos="-31.049999999999994,2.75,19.550000000000004" vel="0,0,0" mass="1" elasticityCoef="1" ang="90,0,0" color="0,220,0" radius="0.5" length="4" />
		<capsule pos="-31.049999999999994,2.75,21.85" vel="0,0,0" mass="1" elasticityCoef="1" ang="90,0,0" color="0,220,0" radius="0.5" length="4" />
		<capsule pos="-31.049999999999994,2.75,24.15" vel="0,0,0" mass="1" elasticityCoef="1" ang="90,0,0" color="0,220,0" radius="0.5" length="4" />
		<capsule pos="-31.049999999999994,2.75,26.450000000000003" vel="0,0,0" mass="1" elasticityCoef="1" ang="90,0,0" color="0,220,0" radius="0.5" length="4" />
		<capsule pos="-31.049999999999994,2.75,28.75" vel="0,0,0" mass="1" elasticityCoef="1" ang="90,0,0" color="0,220,0" radius="0.5" length="4" />
		<capsule pos="-31.049999999999994,2.75,31.049999999999997" vel="0,0,0" mass="1" elasticityCoef="1" ang="90,0,0" color="0,220,0" radius="0.5" length="4" />
		<capsule pos="-31.049999999999994,8.25,-33.349999999999994" vel="0,0,0" mass="1" elasticityCoef="1" ang="90,0,0" color="0,220,0" radius="0.5" length="4" />
		<capsule pos="-31.049999999999994,8.25,-31.049999999999994" vel="0,0,0" mass="1" elasticityCoef="1" ang="90,0,0" color="0,220,0" radius="0.5" length="4" />
		<capsule pos="-31.049999999999994,8.25,-28.749999999999993" vel="0,0,0" mass="1" elasticityCoef="1" ang="90,0,0" color="0,220,0" radius="0.5" length="4" />
		<capsule pos="-31.049999999999994,8.25,-26.449999999999996" vel="0,0,0" mass="1" elasticityCoef="1" ang="90,0,0" color="0,220,0" radius="0.5" length="4" />
		<capsule pos="-31.049999999999994,8.25,-24.149999999999995" vel="0,0,0" mass="1" elasticityCoef="1" ang="90,0,0" color="0,220,0" radius="0.5" length="4" />
		<capsule pos="-31.049999999999994,8.25,-21.849999999999994" vel="0,0,0" mass="1" elasticityCoef="1" ang="90,0,0" color="0,220,0" radius="0.5" length="4" />
		<capsule pos="-31.049999999999994,8.25,-19.549999999999997" vel="0,0,0" mass="1" elasticityCoef="1" ang="90,0,0" color="0,220,0" radius="0.5" length="4" />
		<capsule pos="-31.049999999999994,8.25,-17.249999999999996" vel="0,0,0" mass="1" elasticityCoef="1" ang="90,0,0" color="0,220,0" radius="0.5" length="4" />
		<capsule pos="-31.049999999999994,8.25,-14.949999999999996" vel="0,0,0" mass="1" elasticityCoef="1" ang="90,0,0" color="0,220,0" radius="0.5" length="4" />
		<capsule pos="-31.049999999999994,8.25,-12.649999999999995" vel="0,0,0" mass="1" elasticityCoef="1" ang="90,0,0" color="0,220,0" radius="0.5" length="4" />
		<capsule pos="-31.049999999999994,8.25,-10.349999999999994" vel="0,0,0" mass="1" elasticityCoef="1" ang="90,0,0" color="0,220,0" radius="0.5" length="4" />
		<capsule pos="-31.049999999999994,8.25,-8.049999999999997" vel="0,0,0" mass="1" elasticityCoef="1" ang="90,0,0" color="0,220,0" radius="0.5" length="4" />
		<capsule pos="-31.049999999999994,8.25,-5.7499999999999964" vel="0,0,0" mass="1" elasticityCoef="1" ang="90,0,0" color="0,220,0" radius="0.5" length="4" />
		<capsule pos="-31.049999999999994,8.25,-3.4499999999999957" vel="0,0,0" mass="1" elasticityCoef="1" ang="90,0,0" color="0,220,0" radius="0.5" length="4" />
		<capsule pos="-31.049999999999994,8.25,-1.1499999999999986" vel="0,0,0" mass="1" elasticityCoef="1" ang="90,0,0" color="0,220,0" radius="0.5" length="4" />
		<capsule pos="-31.049999999999994,8.25,1.1500000000000057" vel="0,0,0" mass="1" elasticityCoef="1" ang="90,0,0" color="0,220,0" radius="0.5" length="4" />
		<capsule pos="-31.049999999999994,8.25,3.450000000000003" vel="0,0,0" mass="1" elasticityCoef="1" ang="90,0,0" color="0,220,0" radius="0.5" length="4" />
		<capsule pos="-31.049999999999994,8.25,5.75" vel="0,0,0" mass="1" elasticityCoef="1" ang="90,0,0" color="0,220,0" radius="0.5" length="4" />
		<capsule pos="-31.049999999999994,8.25,8.050000000000004" vel="0,0,0" mass="1" elasticityCoef="1" ang="90,0,0" color="0,220,0" radius="0.5" length="4" />
		<capsule pos="-31.049999999999994,8.25,10.350000000000001" vel="0,0,0" mass="1" elasticityCoef="1" ang="90,0,0" color="0,220,0" radius="0.5" length="4" />
		<capsule pos="-31.049999999999994,8.25,12.650000000000006" vel="0,0,0" mass="1" elasticityCoef="1" ang="90,0,0" color="0,220,0" radius="0.5" length="4" />
		<capsule pos="-31.049999999999994,8.25,14.950000000000003" vel="0,0,0" mass="1" elasticityCoef="1" ang="90,0,0" color="0,220,0" radius="0.5" length="4" />
		<capsule pos="-31.049999999999994,8.25,17.25" vel="0,0,0" mass="1" elasticityCoef="1" ang="90,0,0" color="0,220,0" radius="0.5" length="4" />
		<capsule pos="-31.049999999999994,8.25,19.550000000000004" vel="0,0,0" mass="1" elasticityCoef="1" ang="90,0,0" color="0,220,0" radius="0.5" length="4" />
		<capsule pos="-31.049999999999994,8.25,21.85" vel="0,0,0" mass="1" elasticityCoef="1" ang="90,0,0" color="0,220,0" radius="0.5" length="4" />
		<capsule pos="-31.049999999999994,8.25,24.15" vel="0,0,0" mass="1" elasticityCoef="1" ang="90,0,0" color="0,220,0" radius="0.5" length="4" />
		<capsule pos="-31.049999999999994,8.25,26.450000000000003" vel="0,0,0" mass="1" elasticityCoef="1" ang="90,0,0" color="0,220,0" radius="0.5" length="4" />
		<capsule pos="-31.049999999999994,8.25,28.75" vel="0,0,0" mass="1" elasticityCoef="1" ang="90,0,0" color="0,220,0" radius="0.5" length="4" />
		<capsule pos="-31.049999999999994,8.25,31.049999999999997" vel="0,0,0" mass="1" elasticityCoef="1" ang="90,0,0" color="0,220,0" radius="0.5" length="4" />
		<capsule pos="-31.049999999999994,13.75,-33.349999999999994" vel="0,0,0" mass="1" elasticityCoef="1" ang="90,0,0" color="0,220,0" radius="0.5" length="4" />
		<capsule pos="-31.049999999999994,13.75,-31.049999999999994" vel="0,0,0" mass="1" elasticityCoef="1" ang="90,0,0" color="0,220,0" radius="0.5" length="4" />
		<capsule pos="-31.049999999999994,13.75,-28.749999999999993" vel="0,0,0" mass="1" elasticityCoef="1" ang="90,0,0" color="0,220,0" radius="0.5" length="4" />
		<capsule pos="-31.049999999999994,13.75,-26.449999999999996" vel="0,0,0" mass="1" elasticityCoef="1" ang="90,0,0" color="0,220,0" radius="0.5" length="4" />
		<capsule pos="-31.049999999999994,13.75,-24.149999999999995" vel="0,0,0" mass="1" elasticityCoef="1" ang="90,0,0" color="0,220,0" radius="0.5" length="4" />
		<capsule pos="-31.049999999999994,13.75,-21.849999999999994" vel="0,0,0" mass="1" elasticityCoef="1" ang="90,0,0" color="0,220,0" radius="0.5" length="4" />
		<capsule pos="-31.049999999999994,13.75,-19.549999999999997" vel="0,0,0" mass="1" elasticityCoef="1" ang="90,0,0" color="0,220,0" radius="0.5" length="4" />
		<capsule pos="-31.049999999999994,13.75,-17.249999999999996" vel="0,0,0" mass="1" elasticityCoef="1" ang="90,0,0" color="0,220,0" radius="0.5" length="4" />
		<capsule pos="-31.049999999999994,13.75,-14.949999999999996" vel="0,0,0" mass="1" elasticityCoef="1" ang="90,0,0" color="0,220,0" radius="0.5" length="4" />
		<capsule pos="-31.049999999999994,13.75,-12.649999999999995" vel="0,0,0" mass="1" elasticityCoef="1" ang="90,0,0" color="0,220,0" radius="0.5" length="4" />
		<capsule pos="-31.049999999999994,13.75,-10.349999999999994" vel="0,0,0" mass="1" elasticityCoef="1" ang="90,0,0" color="0,220,0" radius="0.5" length="4" />
		<capsule pos="-31.049999999999994,13.75,-8.049999999999997" vel="0,0,0" mass="1" elasticityCoef="1" ang="90,0,0" color="0,220,0" radius="0.5" length="4" />
		<capsule pos="-31.049999999999994,13.75,-5.7499999999999964" vel="0,0,0" mass="1" elasticityCoef="1" ang="90,0,0" color="0,220,0" radius="0.5" length="4" />
		<capsule pos="-31.049999999999994,13.75,-3.4499999999999957" vel="0,0,0" mass="1" elasticityCoef="1" ang="90,0,0" color="0,220,0" radius="0.5" length="4" />
		<capsule pos="-31.049999999999994,13.75,-1.1499999999999986" vel="0,0,0" mass="1" elasticityCoef="1" ang="90,0,0" color="0,220,0" radius="0.5" length="4" />
		<capsule pos="-31.049999999999994,13.75,1.1500000000000057" vel="0,0,0" mass="1" elasticityCoef="1" ang="90,0,0" color="0,220,0" radius="0.5" length="4" />
		<capsule pos="-31.049999999999994,13.75,3.450000000000003" vel="0,0,0" mass="1" elasticityCoef="1" ang="90,0,0" color="0,220,0" radius="0.5" length="4" />
		<capsule pos="-31.049999999999994,13.75,5.75" vel="0,0,0" mass="1" elasticityCoef="1" ang="90,0,0" color="0,220,0" radius="0.5" length="4" />
		<capsule pos="-31.049999999999994,13.75,8.050000000000004" vel="0,0,0" mass="1" elasticityCoef="1" ang="90,0,0" color="0,220,0" radius="0.5" length="4" />
		<capsule pos="-31.049999999999994,13.75,10.350000000000001" vel="0,0,0" mass="1" elasticityCoef="1" ang="90,0,0" color="0,220,0" radius="0.5" length="4" />
		<capsule pos="-31.049999999999994,13.75,12.650000000000006" vel="0,0,0" mass="1" elasticityCoef="1" ang="90,0,0" color="0,220,0" radius="0.5" length="4" />
		<capsule pos="-31.049999999999994,13.75,14.950000000000003" vel="0,0,0" mass="1" elasticityCoef="1" ang="90,0,0" color="0,220,0" radius="0.5" length="4" />
		<capsule pos="-31.049999999999994,13.75,17.25" vel="0,0,0" mass="1" elasticityCoef="1" ang="90,0,0" color="0,220,0" radius="0.5" length="4" />
		<capsule pos="-31.049999999999994,13.75,19.550000000000004" vel="0,0,0" mass="1" elasticityCoef="1" ang="90,0,0" color="0,220,0" radius="0.5" length="4" />
		<capsule pos="-31.049999999999994,13.75,21.85" vel="0,0,0" mass="1" elasticityCoef="1" ang="90,0,0" color="0,220,0" radius="0.5" length="4" />
		<capsule pos="-31.049999999999994,13.75,24.15" vel="0,0,0" mass="1" elasticityCoef="1" ang="90,0,0" color="0,220,0" radius="0.5" length="4" />
		<capsule pos="-31.049999999999994,13.75,26.450000000000003" vel="0,0,0" mass="1" elasticityCoef="1" ang="90,0,0" color="0,220,0" radius="0.5" length="4" />
		<capsule pos="-31.049999999999994,13.75,28.75" vel="0,0,0" mass="1" elasticityCoef="1" ang="90,0,0" color="0,220,0" radius="0.5" length="4" />
		<capsule pos="-31.049999999999994,13.75,31.049999999999997" vel="0,0,0" mass="1" elasticityCoef="1" ang="90,0,0" color="0,220,0" radius="0.5" length="4" />
		<capsule pos="-31.049999999999994,19.25,-33.349999999999994" vel="0,0,0" mass="1" elasticityCoef="1" ang="90,0,0" color="0,220,0" radius="0.5" length="4" />
		<capsule pos="-31.049999999999994,19.25,-31.049999999999994" vel="0,0,0" mass="1" elasticityCoef="1" ang="90,0,0" color="0,220,0" radius="0.5" length="4" />
		<capsule pos="-31.049999999999994,19.25,-28.749999999999993" vel="0,0,0" mass="1" elasticityCoef="1" ang="90,0,0" color="0,220,0" radius="0.5" length="4" />
		<capsule pos="-31.049999999999994,19.25,-26.449999999999996" vel="0,0,0" mass="1" elasticityCoef="1" ang="90,0,0" color="0,220,0" radius="0.5" length="4" />
		<capsule pos="-31.049999999999994,19.25,-24.149999999999995" vel="0,0,0" mass="1" elasticityCoef="1" ang="90,0,0" color="0,220,0" radius="0.5" length="4" />
		<capsule pos="-31.049999999999994,19.25,-21.849999999999994" vel="0,0,0" mass="1" elasticityCoef="1" ang="90,0,0" color="0,220,0" radius="0.5" length="4" />
		<capsule pos="-31.049999999999994,19.25,-19.549999999999997" vel="0,0,0" mass="1" elasticityCoef="1" ang="90,0,0" color="0,220,0" radius="0.5" length="4" />
		<capsule pos="-31.049999999999994,19.25,-17.249999999999996" vel="0,0,0" mass="1" elasticityCoef="1" ang="90,0,0" color="0,220,0" radius="0.5" length="4" />
		<capsule pos="-31.049999999999994,19.25,-14.949999999999996" vel="0,0,0" mass="1" elasticityCoef="1" ang="90,0,0" color="0,220,0" radius="0.5" length="4" />
		<capsule pos="-31.049999999999994,19.25,-12.649999999999995" vel="0,0,0" mass="1" elasticityCoef="1" ang="90,0,0" color="0,220,0" radius="0.5" length="4" />
		<capsule pos="-31.049999999999994,19.25,-10.349999999999994" vel="0,0,0" mass="1" elasticityCoef="1" ang="90,0,0" color="0,220,0" radius="0.5" length="4" />
		<capsule pos="-31.049999999999994,19.25,-8.049999999999997" vel="0,0,0" mass="1" elasticityCoef="1" ang="90,0,0" color="0,220,0" radius="0.5" length="4" />
		<capsule pos="-31.049999999999994,19.25,-5.7499999999999964" vel="0,0,0" mass="1" elasticityCoef="1" ang="90,0,0" color="0,220,0" radius="0.5" length="4" />
		<capsule pos="-31.049999999999994,19.25,-3.4499999999999957" vel="0,0,0" mass="1" elasticityCoef="1" ang="90,0,0" color="0,220,0" radius="0.5" length="4" />
		<capsule pos="-31.049999999999994,19.25,-1.1499999999999986" vel="0,0,0" mass="1" elasticityCoef="1" ang="90,0,0" color="0,220,0" radius="0.5" length="4" />
		<capsule pos="-31.049999999999994,19.25,1.1500000000000057" vel="0,0,0" mass="1" elasticityCoef="1" ang="90,0,0" color="0,220,0" radius="0.5" length="4" />
		<capsule pos="-31.049999999999994,19.25,3.450000000000003" vel="0,0,0" mass="1" elasticityCoef="1" ang="90,0,0" color="0,220,0" radius="0.5" length="4" />
		<capsule pos="-31.049999999999994,19.25,5.75" vel="0,0,0" mass="1" elasticityCoef="1" ang="90,0,0" color="0,220,0" radius="0.5" length="4" />
		<capsule pos="-31.049999999999994,19.25,8.050000000000004" vel="0,0,0" mass="1" elasticityCoef="1" ang="90,0,0" color="0,220,0" radius="0.5" length="4" />
		<capsule pos="-31.049999999999994,19.25,10.350000000000001" vel="0,0,0" mass="1" elasticityCoef="1" ang="90,0,0" color="0,220,0" radius="0.5" length="4" />
		<capsule pos="-31.049999999999994,19.25,12.650000000000006" vel="0,0,0" mass="1" elasticityCoef="1" ang="90,0,0" color="0,220,0" radius="0.5" length="4" />
		<capsule pos="-31.049999999999994,19.25,14.950000000000003" vel="0,0,0" mass="1" elasticityCoef="1" ang="90,0,0" color="0,220,0" radius="0.5" length="4" />
		<capsule pos="-31.049999999999994,19.25,17.25" vel="0,0,0" mass="1" elasticityCoef="1" ang="90,0,0" color="0,220,0" radius="0.5" length="4" />
		<capsule pos="-31.049999999999994,19.25,19.550000000000004" vel="0,0,0" mass="1" elasticityCoef="1" ang="90,0,0" color="0,220,0" radius="0.5" length="4" />
		<capsule pos="-31.049999999999994,19.25,21.85" vel="0,0,0" mass="1" elasticityCoef="1" ang="90,0,0" color="0,220,0" radius="0.5" length="4" />
		<capsule pos="-31.049999999999994,19.25,24.15" vel="0,0,0" mass="1" elasticityCoef="1" ang="90,0,0" color="0,220,0" radius="0.5" length="4" />
		<capsule pos="-31.049999999999994,19.25,26.450000000000003" vel="0,0,0" mass="1" elasticityCoef="1" ang="90,0,0" color="0,220,0" radius="0.5" length="4" />
		<capsule pos="-31.049999999999994,19.25,28.75" vel="0,0,0" mass="1" elasticityCoef="1" ang="90,0,0" color="0,220,0" radius="0.5" length="4" />
		<capsule pos="-31.049999999999994,19.25,31.049999999999997" vel="0,0,0" mass="1" elasticityCoef="1" ang="90,0,0" color="0,220,0" radius="0.5" length="4" />
		<capsule pos="-31.049999999999994,24.75,-33.349999999999994" vel="0,0,0" mass="1" elasticityCoef="1" ang="90,0,0" color="0,220,0" radius="0.5" length="4" />
		<capsule pos="-31.049999999999994,24.75,-31.049999999999994" vel="0,0,0" mass="1" elasticityCoef="1" ang="90,0,0" color="0,220,0" radius="0.5" length="4" />
		<capsule pos="-31.049999999999994,24.75,-28.749999999999993" vel="0,0,0" mass="1" elasticityCoef="1" ang="90,0,0" color="0,220,0" radius="0.5" length="4" />
		<capsule pos="-31.049999999999994,24.75,-26.449999999999996" vel="0,0,0" mass="1" elasticityCoef="1" ang="90,0,0" color="0,220,0" radius="0.5" length="4" />
		<capsule pos="-31.049999999999994,24.75,-24.149999999999995" vel="0,0,0" mass="1" elasticityCoef="1" ang="90,0,0" color="0,220,0" radius="0.5" length="4" />
		<capsule pos="-31.049999999999994,24.75,-21.849999999999994" vel="0,0,0" mass="1" elasticityCoef="1" ang="90,0,0" color="0,220,0" radius="0.5" length="4" />
		<capsule pos="-31.049999999999994,24.75,-19.549999999999997" vel="0,0,0" mass="1" elasticityCoef="1" ang="90,0,0" color="0,220,0" radius="0.5" length="4" />
		<capsule pos="-31.049999999999994,24.75,-17.249999999999996" vel="0,0,0" mass="1" elasticityCoef="1" ang="90,0,0" color="0,220,0" radius="0.5" length="4" />
		<capsule pos="-31.049999999999994,24.75,-14.949999999999996" vel="0,0,0" mass="1" elasticityCoef="1" ang="90,0,0" color="0,220,0" radius="0.5" length="4" />
		<capsule pos="-31.049999999999994,24.75,-12.649999999999995" vel="0,0,0" mass="1" elasticityCoef="1" ang="90,0,0" color="0,220,0" radius="0.5" length="4" />
		<capsule pos="-31.049999999999994,24.75,-10.349999999999994" vel="0,0,0" mass="1" elasticityCoef="1" ang="90,0,0" color="0,220,0" radius="0.5" length="4" />
		<capsule pos="-31.049999999999994,24.75,-8.049999999999997" vel="0,0,0" mass="1" elasticityCoef="1" ang="90,0,0" color="0,220,0" radius="0.5" length="4" />
		<capsule pos="-31.049999999999994,24.75,-5.7499999999999964" vel="0,0,0" mass="1" elasticityCoef="1" ang="90,0,0" color="0,220,0" radius="0.5" length="4" />
		<capsule pos="-31.049999999999994,24.75,-3.4499999999999957" vel="0,0,0" mass="1" elasticityCoef="1" ang="90,0,0" color="0,220,0" radius="0.5" length="4" />
		<capsule pos="-31.049999999999994,24.75,-1.1499999999999986" vel="0,0,0" mass="1" elasticityCoef="1" ang="90,0,0" color="0,220,0" radius="0.5" length="4" />
		<capsule pos="-31.049999999999994,24.75,1.1500000000000057" vel="0,0,0" mass="1" elasticityCoef="1" ang="90,0,0" color="0,220,0" radius="0.5" length="4" />
		<capsule pos="-31.049999999999994,24.75,3.450000000000003" vel="0,0,0" mass="1" elasticityCoef="1" ang="90,0,0" color="0,220,0" radius="0.5" length="4" />
		<capsule pos="-31.049999999999994,24.75,5.75" vel="0,0,0" mass="1" elasticityCoef="1" ang="90,0,0" color="0,220,0" radius="0.5" length="4" />
		<capsule pos="-31.049999999999994,24.75,8.050000000000004" vel="0,0,0" mass="1" elasticityCoef="1" ang="90,0,0" color="0,220,0" radius="0.5" length="4" />
		<capsule pos="-31.049999999999994,24.75,10.350000000000001" vel="0,0,0" mass="1" elasticityCoef="1" ang="90,0,0" color="0,220,0" radius="0.5" length="4" />
		<capsule pos="-31.049999999999994,24.75,12.650000000000006" vel="0,0,0" mass="1" elasticityCoef="1" ang="90,0,0" color="0,220,0" radius="0.5" length="4" />
		<capsule pos="-31.049999999999994,24.75,14.950000000000003" vel="0,0,0" mass="1" elasticityCoef="1" ang="90,0,0" color="0,220,0" radius="0.5" length="4" />
		<capsule pos="-31.049999999999994,24.75,17.25" vel="0,0,0" mass="1" elasticityCoef="1" ang="90,0,0" color="0,220,0" radius="0.5" length="4" />
		<capsule pos="-31.049999999999994,24.75,19.550000000000004" vel="0,0,0" mass="1" elasticityCoef="1" ang="90,0,0" color="0,220,0" radius="0.5" length="4" />
		<capsule pos="-31.049999999999994,24.75,21.85" vel="0,0,0" mass="1" elasticityCoef="1" ang="90,0,0" color="0,220,0" radius="0.5" length="4" />
		<capsule pos="-31.049999999999994,24.75,24.15" vel="0,0,0" mass="1" elasticityCoef="1" ang="90,0,0" color="0,220,0" radius="0.5" length="4" />
		<capsule pos="-31.049999999999994,24.75,26.450000000000003" vel="0,0,0" mass="1" elasticityCoef="1" ang="90,0,0" color="0,220,0" radius="0.5" length="4" />
		<capsule pos="-31.049999999999994,24.75,28.75" vel="0,0,0" mass="1" elasticityCoef="1" ang="90,0,0" color="0,220,0" radius="0.5" length="4" />
		<capsule pos="-31.049999999999994,24.75,31.049999999999997" vel="0,0,0" mass="1" elasticityCoef="1" ang="90,0,0" color="0,220,0" radius="0.5" length="4" />
		<capsule pos="-31.049999999999994,30.25,-33.349999999999994" vel="0,0,0" mass="1" elasticityCoef="1" ang="90,0,0" color="0,220,0" radius="0.5" length="4" />
		<capsule pos="-31.049999999999994,30.25,-31.049999999999994" vel="0,0,0" mass="1" elasticityCoef="1" ang="90,0,0" color="0,220,0" radius="0.5" length="4" />
		<capsule pos="-31.049999999999994,30.25,-28.749999999999993" vel="0,0,0" mass="1" elasticityCoef="1" ang="90,0,0" color="0,220,0" radius="0.5" length="4" />
		<capsule pos="-31.049999999999994,30.25,-26.449999999999996" vel="0,0,0" mass="1" elasticityCoef="1" ang="90,0,0" color="0,220,0" radius="0.5" length="4" />
		<capsule pos="-31.049999999999994,30.25,-24.149999999999995" vel="0,0,0" mass="1" elasticityCoef="1" ang="90,0,0" color="0,220,0" radius="0.5" length="4" />
		<capsule pos="-31.049999999999994,30.25,-21.849999999999994" vel="0,0,0" mass="1" elasticityCoef="1" ang="90,0,0" color="0,220,0" radius="0.5" length="4" />
		<capsule pos="-31.049999999999994,30.25,-19.549999999999997" vel="0,0,0" mass="1" elasticityCoef="1" ang="90,0,0" color="0,220,0" radius="0.5" length="4" />
		<capsule pos="-31.049999999999994,30.25,-17.249999999999996" vel="0,0,0" mass="1" elasticityCoef="1" ang="90,0,0" color="0,220,0" radius="0.5" length="4" />
		<capsule pos="-31.049999999999994,30.25,-14.949999999999996" vel="0,0,0" mass="1" elasticityCoef="1" ang="90,0,0" color="0,220,0" radius="0.5" length="4" />
		<capsule pos="-31.049999999999994,30.25,-12.649999999999995" vel="0,0,0" mass="1" elasticityCoef="1" ang="90,0,0" color="0,220,0" radius="0.5" length="4" />
		<capsule pos="-31.049999999999994,30.25,-10.349999999999994" vel="0,0,0" mass="1" elasticityCoef="1" ang="90,0,0" color="0,220,0" radius="0.5" length="4" />
		<capsule pos="-31.049999999999994,30.25,-8.049999999999997" vel="0,0,0" mass="1" elasticityCoef="1" ang="90,0,0" color="0,220,0" radius="0.5" length="4" />
		<capsule pos="-31.049999999999994,30.25,-5.7499999999999964" vel="0,0,0" mass="1" elasticityCoef="1" ang="90,0,0" color="0,220,0" radius="0.5" length="4" />
		<capsule pos="-31.049999999999994,30.25,-3.4499999999999957" vel="0,0,0" mass="1" elasticityCoef="1" ang="90,0,0" color="0,220,0" radius="0.5" length="4" />
		<capsule pos="-31.049999999999994,30.25,-1.1499999999999986" vel="0,0,0" mass="1" elasticityCoef="1" ang="90,0,0" color="0,220,0" radius="0.5" length="4" />
		<capsule pos="-31.049999999999994,30.25,1.1500000000000057" vel="0,0,0" mass="1" elasticityCoef="1" ang="90,0,0" color="0,220,0" radius="0.5" length="4" />
		<capsule pos="-31.049999999999994,30.25,3.450000000000003" vel="0,0,0" mass="1" elasticityCoef="1" ang="90,0,0" color="0,220,0" radius="0.5" length="4" />
		<capsule pos="-31.049999999999994,30.25,5.75" vel="0,0,0" mass="1" elasticityCoef="1" ang="90,0,0" color="0,220,0" radius="0.5" length="4" />
		<capsule pos="-31.049999999999994,30.25,8.050000000000004" vel="0,0,0" mass="1" elasticityCoef="1" ang="90,0,0" color="0,220,0" radius="0.5" length="4" />
		<capsule pos="-31.049999999999994,30.25,10.350000000000001" vel="0,0,0" mass="1" elasticityCoef="1" ang="90,0,0" color="0,220,0" radius="0.5" length="4" />
		<capsule pos="-31.049999999999994,30.25,12.650000000000006" vel="0,0,0" mass="1" elasticityCoef="1" ang="90,0,0" color="0,220,0" radius="0.5" length="4" />
		<capsule pos="-31.049999999999994,30.25,14.950000000000003" vel="0,0,0" mass="1" elasticityCoef="1" ang="90,0,0" color="0,220,0" radius="0.5" length="4" />
		<capsule pos="-31.049999999999994,30.25,17.25" vel="0,0,0" mass="1" elasticityCoef="1" ang="90,0,0" color="0,220,0" radius="0.5" length="4" />
		<capsule pos="-31.049999999999994,30.25,19.550000000000004" vel="0,0,0" mass="1" elasticityCoef="1" ang="90,0,0" color="0,220,0" radius="0.5" length="4" />
		<capsule pos="-31.049999999999994,30.25,21.85" vel="0,0,0" mass="1" elasticityCoef="1" ang="90,0,0" color="0,220,0" radius="0.5" length="4" />
		<capsule pos="-31.049999999999994,30.25,24.15" vel="0,0,0" mass="1" elasticityCoef="1" ang="90,0,0" color="0,220,0" radius="0.5" length="4" />
		<capsule pos="-31.049999999999994,30.25,26.450000000000003" vel="0,0,0" mass="1" elasticityCoef="1" ang="90,0,0" color="0,220,0" radius="0.5" length="4" />
		<capsule pos="-31.049999999999994,30.25,28.75" vel="0,0,0" mass="1" elasticityCoef="1" ang="90,0,0" color="0,220,0" radius="0.5" length="4" />
		<capsule pos="-31.049999999999994,30.25,31.049999999999997" vel="0,0,0" mass="1" elasticityCoef="1" ang="90,0,0" color="0,220,0" radius="0.5" length="4" />
		<capsule pos="-31.049999999999994,35.75,-33.349999999999994" vel="0,0,0" mass="1" elasticityCoef="1" ang="90,0,0" color="0,220,0" radius="0.5" length="4" />
		<capsule pos="-31.049999999999994,35.75,-31.049999999999994" vel="0,0,0" mass="1" elasticityCoef="1" ang="90,0,0" color="0,220,0" radius="0.5" length="4" />
		<capsule pos="-31.049999999999994,35.75,-28.749999999999993" vel="0,0,0" mass="1" elasticityCoef="1" ang="90,0,0" color="0,220,0" radius="0.5" length="4" />
		<capsule pos="-31.049999999999994,35.75,-26.449999999999996" vel="0,0,0" mass="1" elasticityCoef="1" ang="90,0,0" color="0,220,0" radius="0.5" length="4" />
		<capsule pos="-31.049999999999994,35.75,-24.149999999999995" vel="0,0,0" mass="1" elasticityCoef="1" ang="90,0,0" color="0,220,0" radius="0.5" length="4" />
		<capsule pos="-31.049999999999994,35.75,-21.849999999999994" vel="0,0,0" mass="1" elasticityCoef="1" ang="90,0,0" color="0,220,0" radius="0.5" length="4" />
		<capsule pos="-31.049999999999994,35.75,-19.549999999999997" vel="0,0,0" mass="1" elasticityCoef="1" ang="90,0,0" color="0,220,0" radius="0.5" length="4" />
		<capsule pos="-31.049999999999994,35.75,-17.249999999999996" vel="0,0,0" mass="1" elasticityCoef="1" ang="90,0,0" color="0,220,0" radius="0.5" length="4" />
		<capsule pos="-31.049999999999994,35.75,-14.949999999999996" vel="0,0,0" mass="1" elasticityCoef="1" ang="90,0,0" color="0,220,0" radius="0.5" length="4" />
		<capsule pos="-31.049999999999994,35.75,-12.649999999999995" vel="0,0,0" mass="1" elasticityCoef="1" ang="90,0,0" color="0,220,0" radius="0.5" length="4" />
		<capsule pos="-31.049999999999994,35.75,-10.349999999999994" vel="0,0,0" mass="1" elasticityCoef="1" ang="90,0,0" color="0,220,0" radius="0.5" length="4" />
		<capsule pos="-31.049999999999994,35.75,-8.049999999999997" vel="0,0,0" mass="1" elasticityCoef="1" ang="90,0,0" color="0,220,0" radius="0.5" length="4" />
		<capsule pos="-31.049999999999994,35.75,-5.7499999999999964" vel="0,0,0" mass="1" elasticityCoef="1" ang="90,0,0" color="0,220,0" radius="0.5" length="4" />
		<capsule pos="-31.049999999999994,35.75,-3.4499999999999957" vel="0,0,0" mass="1" elasticityCoef="1" ang="90,0,0" color="0,220,0" radius="0.5" length="4" />
		<capsule pos="-31.049999999999994,35.75,-1.1499999999999986" vel="0,0,0" mass="1" elasticityCoef="1" ang="90,0,0" color="0,220,0" radius="0.5" length="4" />
		<capsule pos="-31.049999999999994,35.75,1.1500000000000057" vel="0,0,0" mass="1" elasticityCoef="1" ang="90,0,0" color="0,220,0" radius="0.5" length="4" />
		<capsule pos="-31.049999999999994,35.75,3.450000000000003" vel="0,0,0" mass="1" elasticityCoef="1" ang="90,0,0" color="0,220,0" radius="0.5" length="4" />
		<capsule pos="-31.049999999999994,35.75,5.75" vel="0,0,0" mass="1" elasticityCoef="1" ang="90,0,0" color="0,220,0" radius="0.5" length="4" />
		<capsule pos="-31.049999999999994,35.75,8.050000000000004" vel="0,0,0" mass="1" elasticityCoef="1" ang="90,0,0" color="0,220,0" radius="0.5" length="4" />
		<capsule pos="-31.049999999999994,35.75,10.350000000000001" vel="0,0,0" mass="1" elasticityCoef="1" ang="90,0,0" color="0,220,0" radius="0.5" length="4" />
		<capsule pos="-31.049999999999994,35.75,12.650000000000006" vel="0,0,0" mass="1" elasticityCoef="1" ang="90,0,0" color="0,220,0" radius="0.5" length="4" />
		<capsule pos="-31.049999999999994,35.75,14.950000000000003" vel="0,0,0" mass="1" elasticityCoef="1" ang="90,0,0" color="0,220,0" radius="0.5" length="4" />
		<capsule pos="-31.049999999999994,35.75,17.25" vel="0,0,0" mass="1" elasticityCoef="1" ang="90,0,0" color="0,220,0" radius="0.5" length="4" />
		<capsule pos="-31.049999999999994,35.75,19.550000000000004" vel="0,0,0" mass="1" elasticityCoef="1" ang="90,0,0" color="0,220,0" radius="0.5" length="4" />
		<capsule pos="-31.049999999999994,35.75,21.85" vel="0,0,0" mass="1" elasticityCoef="1" ang="90,0,0" color="0,220,0" radius="0.5" length="4" />
		<capsule pos="-31.049999999999994,35.75,24.15" vel="0,0,0" mass="1" elasticityCoef="1" ang="90,0,0" color="0,220,0" radius="0.5" length="4" />
		<capsule pos="-31.049999999999994,35.75,26.450000000000003" vel="0,0,0" mass="1" elasticityCoef="1" ang="90,0,0" color="0,220,0" radius="0.5" length="4" />
		<capsule pos="-31.049999999999994,35.75,28.75" vel="0,0,0" mass="1" elasticityCoef="1" ang="90,0,0" color="0,220,0" radius="0.5" length="4" />
		<capsule pos="-31.049999999999994,35.75,31.049999999999997" vel="0,0,0" mass="1" elasticityCoef="1" ang="90,0,0" color="0,220,0" radius="0.5" length="4" />
		<capsule pos="-28.749999999999993,-41.25,-33.349999999999994" vel="0,0,0" mass="1" elasticityCoef="1" ang="90,0,0" color="0,220,0" radius="0.5" length="4" />
		<capsule pos="-28.749999999999993,-41.25,-31.049999999999994" vel="0,0,0" mass="1" elasticityCoef="1" ang="90,0,0" color="0,220,0" radius="0.5" length="4" />
		<capsule pos="-28.749999999999993,-41.25,-28.749999999999993" vel="0,0,0" mass="1" elasticityCoef="1" ang="90,0,0" color="0,220,0" radius="0.5" length="4" />
		<capsule pos="-28.749999999999993,-41.25,-26.449999999999996" vel="0,0,0" mass="1" elasticityCoef="1" ang="90,0,0" color="0,220,0" radius="0.5" length="4" />
		<capsule pos="-28.749999999999993,-41.25,-24.149999999999995" vel="0,0,0" mass="1" elasticityCoef="1" ang="90,0,0" color="0,220,0" radius="0.5" length="4" />
		<capsule pos="-28.749999999999993,-41.25,-21.849999999999994" vel="0,0,0" mass="1" elasticityCoef="1" ang="90,0,0" color="0,220,0" radius="0.5" length="4" />
		<capsule pos="-28.749999999999993,-41.25,-19.549999999999997" vel="0,0,0" mass="1" elasticityCoef="1" ang="90,0,0" color="0,220,0" radius="0.5" length="4" />
		<capsule pos="-28.749999999999993,-41.25,-17.249999999999996" vel="0,0,0" mass="1" elasticityCoef="1" ang="90,0,0" color="0,220,0" radius="0.5" length="4" />
		<capsule pos="-28.749999999999993,-41.25,-14.949999999999996" vel="0,0,0" mass="1" elasticityCoef="1" ang="90,0,0" color="0,220,0" radius="0.5" length="4" />
		<capsule pos="-28.749999999999993,-41.25,-12.649999999999995" vel="0,0,0" mass="1" elasticityCoef="1" ang="90,0,0" color="0,220,0" radius="0.5" length="4" />
		<capsule pos="-28.749999999999993,-41.25,-10.349999999999994" vel="0,0,0" mass="1" elasticityCoef="1" ang="90,0,0" color="0,220,0" radius="0.5" length="4" />
		<capsule pos="-28.749999999999993,-41.25,-8.049999999999997" vel="0,0,0" mass="1" elasticityCoef="1" ang="90,0,0" color="0,220,0" radius="0.5" length="4" />
		<capsule pos="-28.749999999999993,-41.25,-5.7499999999999964" vel="0,0,0" mass="1" elasticityCoef="1" ang="90,0,0" color="0,220,0" radius="0.5" length="4" />
		<capsule pos="-28.749999999999993,-41.25,-3.4499999999999957" vel="0,0,0" mass="1" elasticityCoef="1" ang="90,0,0" color="0,220,0" radius="0.5" length="4" />
		<capsule pos="-28.749999999999993,-41.25,-1.1499999999999986" vel="0,0,0" mass="1" elasticityCoef="1" ang="90,0,0" color="0,220,0" radius="0.5" length="4" />
		<capsule pos="-28.749999999999993,-41.25,1.1500000000000057" vel="0,0,0" mass="1" elasticityCoef="1" ang="90,0,0" color="0,220,0" radius="0.5" length="4" />
		<capsule pos="-28.749999999999993,-41.25,3.450000000000003" vel="0,0,0" mass="1" elasticityCoef="1" ang="90,0,0" color="0,220,0" radius="0.5" length="4" />
		<capsule pos="-28.749999999999993,-41.25,5.75" vel="0,0,0" mass="1" elasticityCoef="1" ang="90,0,0" color="0,220,0" radius="0.5" length="4" />
		<capsule pos="-28.749999999999993,-41.25,8.050000000000004" vel="0,0,0" mass="1" elasticityCoef="1" ang="90,0,0" color="0,220,0" radius="0.5" length="4" />
		<capsule pos="-28.749999999999993,-41.25,10.350000000000001" vel="0,0,0" mass="1" elasticityCoef="1" ang="90,0,0" color="0,220,0" radius="0.5" length="4" />
		<capsule pos="-28.749999999999993,-41.25,12.650000000000006" vel="0,0,0" mass="1" elasticityCoef="1" ang="90,0,0" color="0,220,0" radius="0.5" length="4" />
		<capsule pos="-28.749999999999993,-41.25,14.950000000000003" vel="0,0,0" mass="1" elasticityCoef="1" ang="90,0,0" color="0,220,0" radius="0.5" length="4" />
		<capsule pos="-28.749999999999993,-41.25,17.25" vel="0,0,0" mass="1" elasticityCoef="1" ang="90,0,0" color="0,220,0" radius="0.5" length="4" />
		<capsule pos="-28.749999999999993,-41.25,19.550000000000004" vel="0,0,0" mass="1" elasticityCoef="1" ang="90,0,0" color="0,220,0" radius="0.5" length="4" />
		<capsule pos="-28.749999999999993,-41.25,21.85" vel="0,0,0" mass="1" elasticityCoef="1" ang="90,0,0" color="0,220,0" radius="0.5" length="4" />
		<capsule pos="-28.749999999999993,-41.25,24.15" vel="0,0,0" mass="1" elasticityCoef="1" ang="90,0,0" color="0,220,0" radius="0.5" length="4" />
		<capsule pos="-28.749999999999993,-41.25,26.450000000000003" vel="0,0,0" mass="1" elasticityCoef="1" ang="90,0,0" color="0,220,0" radius="0.5" length="4" />
		<capsule pos="-28.749999999999993,-41.25,28.75" vel="0,0,0" mass="1" elasticityCoef="1" ang="90,0,0" color="0,220,0" radius="0.5" length="4" />
		<capsule pos="-28.749999999999993,-41.25,31.049999999999997" vel="0,0,0" mass="1" elasticityCoef="1" ang="90,0,0" color="0,220,0" radius="0.5" length="4" />
		<capsule pos="-28.749999999999993,-35.75,-33.349999999999994" vel="0,0,0" mass="1" elasticityCoef="1" ang="90,0,0" color="0,220,0" radius="0.5" length="4" />
		<capsule pos="-28.749999999999993,-35.75,-31.049999999999994" vel="0,0,0" mass="1" elasticityCoef="1" ang="90,0,0" color="0,220,0" radius="0.5" length="4" />
		<capsule pos="-28.749999999999993,-35.75,-28.749999999999993" vel="0,0,0" mass="1" elasticityCoef="1" ang="90,0,0" color="0,220,0" radius="0.5" length="4" />
		<capsule pos="-28.749999999999993,-35.75,-26.449999999999996" vel="0,0,0" mass="1" elasticityCoef="1" ang="90,0,0" color="0,220,0" radius="0.5" length="4" />
		<capsule pos="-28.749999999999993,-35.75,-24.149999999999995" vel="0,0,0" mass="1" elasticityCoef="1" ang="90,0,0" color="0,220,0" radius="0.5" length="4" />
		<capsule pos="-28.749999999999993,-35.75,-21.849999999999994" vel="0,0,0" mass="1" elasticityCoef="1" ang="90,0,0" color="0,220,0" radius="0.5" length="4" />
		<capsule pos="-28.749999999999993,-35.75,-19.549999999999997" vel="0,0,0" mass="1" elasticityCoef="1" ang="90,0,0" color="0,220,0" radius="0.5" length="4" />
		<capsule pos="-28.749999999999993,-35.75,-17.249999999999996" vel="0,0,0" mass="1" elasticityCoef="1" ang="90,0,0" color="0,220,0" radius="0.5" length="4" />
		<capsule pos="-28.749999999999993,-35.75,-14.949999999999996" vel="0,0,0" mass="1" elasticityCoef="1" ang="90,0,0" color="0,220,0" radius="0.5" length="4" />
		<capsule pos="-28.749999999999993,-35.75,-12.649999999999995" vel="0,0,0" mass="1" elasticityCoef="1" ang="90,0,0" color="0,220,0" radius="0.5" length="4" />
		<capsule pos="-28.749999999999993,-35.75,-10.349999999999994" vel="0,0,0" mass="1" elasticityCoef="1" ang="90,0,0" color="0,220,0" radius="0.5" length="4" />
		<capsule pos="-28.749999999999993,-35.75,-8.049999999999997" vel="0,0,0" mass="1" elasticityCoef="1" ang="90,0,0" color="0,220,0" radius="0.5" length="4" />
		<capsule pos="-28.749999999999993,-35.75,-5.7499999999999964" vel="0,0,0" mass="1" elasticityCoef="1" ang="90,0,0" color="0,220,0" radius="0.5" length="4" />
		<capsule pos="-28.749999999999993,-35.75,-3.4499999999999957" vel="0,0,0" mass="1" elasticityCoef="1" ang="90,0,0" color="0,220,0" radius="0.5" length="4" />
		<capsule pos="-28.749999999999993,-35.75,-1.1499999999999986" vel="0,0,0" mass="1" elasticityCoef="1" ang="90,0,0" color="0,220,0" radius="0.5" length="4" />
		<capsule pos="-28.749999999999993,-35.75,1.1500000000000057" vel="0,0,0" mass="1" elasticityCoef="1" ang="90,0,0" color="0,220,0" radius="0.5" length="4" />
		<capsule pos="-28.749999999999993,-35.75,3.450000000000003" vel="0,0,0" mass="1" elasticityCoef="1" ang="90,0,0" color="0,220,0" radius="0.5" length="4" />
		<capsule pos="-28.749999999999993,-35.75,5.75" vel="0,0,0" mass="1" elasticityCoef="1" ang="90,0,0" color="0,220,0" radius="0.5" length="4" />
		<capsule pos="-28.749999999999993,-35.75,8.050000000000004" vel="0,0,0" mass="1" elasticityCoef="1" ang="90,0,0" color="0,220,0" radius="0.5" length="4" />
		<capsule pos="-28.749999999999993,-35.75,10.350000000000001" vel="0,0,0" mass="1" elasticityCoef="1" ang="90,0,0" color="0,220,0" radius="0.5" length="4" />
		<capsule pos="-28.749999999999993,-35.75,12.650000000000006" vel="0,0,0" mass="1" elasticityCoef="1" ang="90,0,0" color="0,220,0" radius="0.5" length="4" />
		<capsule pos="-28.749999999999993,-35.75,14.950000000000003" vel="0,0,0" mass="1" elasticityCoef="1" ang="90,0,0" color="0,220,0" radius="0.5" length="4" />
		<capsule pos="-28.749999999999993,-35.75,17.25" vel="0,0,0" mass="1" elasticityCoef="1" ang="90,0,0" color="0,220,0" radius="0.5" length="4" />
		<capsule pos="-28.749999999999993,-35.75,19.550000000000004" vel="0,0,0" mass="1" elasticityCoef="1" ang="90,0,0" color="0,220,0" radius="0.5" length="4" />
		<capsule pos="-28.749999999999993,-35.75,21.85" vel="0,0,0" mass="1" elasticityCoef="1" ang="90,0,0" color="0,220,0" radius="0.5" length="4" />
		<capsule pos="-28.749999999999993,-35.75,24.15" vel="0,0,0" mass="1" elasticityCoef="1" ang="90,0,0" color="0,220,0" radius="0.5" length="4" />
		<capsule pos="-28.749999999999993,-35.75,26.450000000000003" vel="0,0,0" mass="1" elasticityCoef="1" ang="90,0,0" color="0,220,0" radius="0.5" length="4" />
		<capsule pos="-28.749999999999993,-35.75,28.75" vel="0,0,0" mass="1" elasticityCoef="1" ang="90,0,0" color="0,220,0" radius="0.5" length="4" />
		<capsule pos="-28.749999999999993,-35.75,31.049999999999997" vel="0,0,0" mass="1" elasticityCoef="1" ang="90,0,0" color="0,220,0" radius="0.5" length="4" />
		<capsule pos="-28.749999999999993,-30.25,-33.349999999999994" vel="0,0,0" mass="1" elasticityCoef="1" ang="90,0,0" color="0,220,0" radius="0.5" length="4" />
		<capsule pos="-28.749999999999993,-30.25,-31.049999999999994" vel="0,0,0" mass="1" elasticityCoef="1" ang="90,0,0" color="0,220,0" radius="0.5" length="4" />
		<capsule pos="-28.749999999999993,-30.25,-28.749999999999993" vel="0,0,0" mass="1" elasticityCoef="1" ang="90,0,0" color="0,220,0" radius="0.5" length="4" />
		<capsule pos="-28.749999999999993,-30.25,-26.449999999999996" vel="0,0,0" mass="1" elasticityCoef="1" ang="90,0,0" color="0,220,0" radius="0.5" length="4" />
		<capsule pos="-28.749999999999993,-30.25,-24.149999999999995" vel="0,0,0" mass="1" elasticityCoef="1" ang="90,0,0" color="0,220,0" radius="0.5" length="4" />
		<capsule pos="-28.749999999999993,-30.25,-21.849999999999994" vel="0,0,0" mass="1" elasticityCoef="1" ang="90,0,0" color="0,220,0" radius="0.5" length="4" />
		<capsule pos="-28.749999999999993,-30.25,-19.549999999999997" vel="0,0,0" mass="1" elasticityCoef="1" ang="90,0,0" color="0,220,0" radius="0.5" length="4" />
		<capsule pos="-28.749999999999993,-30.25,-17.249999999999996" vel="0,0,0" mass="1" elasticityCoef="1" ang="90,0,0" color="0,220,0" radius="0.5" length="4" />
		<capsule pos="-28.749999999999993,-30.25,-14.949999999999996" vel="0,0,0" mass="1" elasticityCoef="1" ang="90,0,0" color="0,220,0" radius="0.5" length="4" />
		<capsule pos="-28.749999999999993,-30.25,-12.649999999999995" vel="0,0,0" mass="1" elasticityCoef="1" ang="90,0,0" color="0,220,0" radius="0.5" length="4" />
		<capsule pos="-28.749999999999993,-30.25,-10.349999999999994" vel="0,0,0" mass="1" elasticityCoef="1" ang="90,0,0" color="0,220,0" radius="0.5" length="4" />
		<capsule pos="-28.749999999999993,-30.25,-8.049999999999997" vel="0,0,0" mass="1" elasticityCoef="1" ang="90,0,0" color="0,220,0" radius="0.5" length="4" />
		<capsule pos="-28.749999999999993,-30.25,-5.7499999999999964" vel="0,0,0" mass="1" elasticityCoef="1" ang="90,0,0" color="0,220,0" radius="0.5" length="4" />
		<capsule pos="-28.749999999999993,-30.25,-3.4499999999999957" vel="0,0,0" mass="1" elasticityCoef="1" ang="90,0,0" color="0,220,0" radius="0.5" length="4" />
		<capsule pos="-28.749999999999993,-30.25,-1.1499999999999986" vel="0,0,0" mass="1" elasticityCoef="1" ang="90,0,0" color="0,220,0" radius="0.5" length="4" />
		<capsule pos="-28.749999999999993,-30.25,1.1500000000000057" vel="0,0,0" mass="1" elasticityCoef="1" ang="90,0,0" color="0,220,0" radius="0.5" length="4" />
		<capsule pos="-28.749999999999993,-30.25,3.450000000000003" vel="0,0,0" mass="1" elasticityCoef="1" ang="90,0,0" color="0,220,0" radius="0.5" length="4" />
		<capsule pos="-28.749999999999993,-30.25,5.75" vel="0,0,0" mass="1" elasticityCoef="1" ang="90,0,0" color="0,220,0" radius="0.5" length="4" />
		<capsule pos="-28.749999999999993,-30.25,8.050000000000004" vel="0,0,0" mass="1" elasticityCoef="1" ang="90,0,0" color="0,220,0" radius="0.5" length="4" />
		<capsule pos="-28.749999999999993,-30.25,10.350000000000001" vel="0,0,0" mass="1" elasticityCoef="1" ang="90,0,0" color="0,220,0" radius="0.5" length="4" />
		<capsule pos="-28.749999999999993,-30.25,12.650000000000006" vel="0,0,0" mass="1" elasticityCoef="1" ang="90,0,0" color="0,220,0" radius="0.5" length="4" />
		<capsule pos="-28.749999999999993,-30.25,14.950000000000003" vel="0,0,0" mass="1" elasticityCoef="1" ang="90,0,0" color="0,220,0" radius="0.5" length="4" />
		<capsule pos="-28.749999999999993,-30.25,17.25" vel="0,0,0" mass="1" elasticityCoef="1" ang="90,0,0" color="0,220,0" radius="0.5" length="4" />
		<capsule pos="-28.749999999999993,-30.25,19.550000000000004" vel="0,0,0" mass="1" elasticityCoef="1" ang="90,0,0" color="0,220,0" radius="0.5" length="4" />
		<capsule pos="-28.749999999999993,-30.25,21.85" vel="0,0,0" mass="1" elasticityCoef="1" ang="90,0,0" color="0,220,0" radius="0.5" length="4" />
		<capsule pos="-28.749999999999993,-30.25,24.15" vel="0,0,0" mass="1" elasticityCoef="1" ang="90,0,0" color="0,220,0" radius="0.5" length="4" />
		<capsule pos="-28.749999999999993,-30.25,26.450000000000003" vel="0,0,0" mass="1" elasticityCoef="1" ang="90,0,0" color="0,220,0" radius="0.5" length="4" />
		<capsule pos="-28.749999999999993,-30.25,28.75" vel="0,0,0" mass="1" elasticityCoef="1" ang="90,0,0" color="0,220,0" radius="0.5" length="4" />
		<capsule pos="-28.749999999999993,-30.25,31.049999999999997" vel="0,0,0" mass="1" elasticityCoef="1" ang="90,0,0" color="0,220,0" radius="0.5" length="4" />
		<capsule pos="-28.749999999999993,-24.75,-33.349999999999994" vel="0,0,0" mass="1" elasticityCoef="1" ang="90,0,0" color="0,220,0" radius="0.5" length="4" />
		<capsule pos="-28.749999999999993,-24.75,-31.049999999999994" vel="0,0,0" mass="1" elasticityCoef="1" ang="90,0,0" color="0,220,0" radius="0.5" length="4" />
		<capsule pos="-28.749999999999993,-24.75,-28.749999999999993" vel="0,0,0" mass="1" elasticityCoef="1" ang="90,0,0" color="0,220,0" radius="0.5" length="4" />
		<capsule pos="-28.749999999999993,-24.75,-26.449999999999996" vel="0,0,0" mass="1" elasticityCoef="1" ang="90,0,0" color="0,220,0" radius="0.5" length="4" />
		<capsule pos="-28.749999999999993,-24.75,-24.149999999999995" vel="0,0,0" mass="1" elasticityCoef="1" ang="90,0,0" color="0,220,0" radius="0.5" length="4" />
		<capsule pos="-28.749999999999993,-24.75,-21.849999999999994" vel="0,0,0" mass="1" elasticityCoef="1" ang="90,0,0" color="0,220,0" radius="0.5" length="4" />
		<capsule pos="-28.749999999999993,-24.75,-19.549999999999997" vel="0,0,0" mass="1" elasticityCoef="1" ang="90,0,0" color="0,220,0" radius="0.5" length="4" />
		<capsule pos="-28.749999999999993,-24.75,-17.249999999999996" vel="0,0,0" mass="1" elasticityCoef="1" ang="90,0,0" color="0,220,0" radius="0.5" length="4" />
		<capsule pos="-28.749999999999993,-24.75,-14.949999999999996" vel="0,0,0" mass="1" elasticityCoef="1" ang="90,0,0" color="0,220,0" radius="0.5" length="4" />
		<capsule pos="-28.749999999999993,-24.75,-12.649999999999995" vel="0,0,0" mass="1" elasticityCoef="1" ang="90,0,0" color="0,220,0" radius="0.5" length="4" />
		<capsule pos="-28.749999999999993,-24.75,-10.349999999999994" vel="0,0,0" mass="1" elasticityCoef="1" ang="90,0,0" color="0,220,0" radius="0.5" length="4" />
		<capsule pos="-28.749999999999993,-24.75,-8.049999999999997" vel="0,0,0" mass="1" elasticityCoef="1" ang="90,0,0" color="0,220,0" radius="0.5" length="4" />
		<capsule pos="-28.749999999999993,-24.75,-5.7499999999999964" vel="0,0,0" mass="1" elasticityCoef="1" ang="90,0,0" color="0,220,0" radius="0.5" length="4" />
		<capsule pos="-28.749999999999993,-24.75,-3.4499999999999957" vel="0,0,0" mass="1" elasticityCoef="1" ang="90,0,0" color="0,220,0" radius="0.5" length="4" />
		<capsule pos="-28.749999999999993,-24.75,-1.1499999999999986" vel="0,0,0" mass="1" elasticityCoef="1" ang="90,0,0" color="0,220,0" radius="0.5" length="4" />
		<capsule pos="-28.749999999999993,-24.75,1.1500000000000057" vel="0,0,0" mass="1" elasticityCoef="1" ang="90,0,0" color="0,220,0" radius="0.5" length="4" />
		<capsule pos="-28.749999999999993,-24.75,3.450000000000003" vel="0,0,0" mass="1" elasticityCoef="1" ang="90,0,0" color="0,220,0" radius="0.5" length="4" />
		<capsule pos="-28.749999999999993,-24.75,5.75" vel="0,0,0" mass="1" elasticityCoef="1" ang="90,0,0" color="0,220,0" radius="0.5" length="4" />
		<capsule pos="-28.749999999999993,-24.75,8.050000000000004" vel="0,0,0" mass="1" elasticityCoef="1" ang="90,0,0" color="0,220,0" radius="0.5" length="4" />
		<capsule pos="-28.749999999999993,-24.75,10.350000000000001" vel="0,0,0" mass="1" elasticityCoef="1" ang="90,0,0" color="0,220,0" radius="0.5" length="4" />
		<capsule pos="-28.749999999999993,-24.75,12.650000000000006" vel="0,0,0" mass="1" elasticityCoef="1" ang="90,0,0" color="0,220,0" radius="0.5" length="4" />
		<capsule pos="-28.749999999999993,-24.75,14.950000000000003" vel="0,0,0" mass="1" elasticityCoef="1" ang="90,0,0" color="0,220,0" radius="0.5" length="4" />
		<capsule pos="-28.749999999999993,-24.75,17.25" vel="0,0,0" mass="1" elasticityCoef="1" ang="90,0,0" color="0,220,0" radius="0.5" length="4" />
		<capsule pos="-28.749999999999993,-24.75,19.550000000000004" vel="0,0,0" mass="1" elasticityCoef="1" ang="90,0,0" color="0,220,0" radius="0.5" length="4" />
		<capsule pos="-28.749999999999993,-24.75,21.85" vel="0,0,0" mass="1" elasticityCoef="1" ang="90,0,0" color="0,220,0" radius="0.5" length="4" />
		<capsule pos="-28.749999999999993,-24.75,24.15" vel="0,0,0" mass="1" elasticityCoef="1" ang="90,0,0" color="0,220,0" radius="0.5" length="4" />
		<capsule pos="-28.749999999999993,-24.75,26.450000000000003" vel="0,0,0" mass="1" elasticityCoef="1" ang="90,0,0" color="0,220,0" radius="0.5" length="4" />
		<capsule pos="-28.749999999999993,-24.75,28.75" vel="0,0,0" mass="1" elasticityCoef="1" ang="90,0,0" color="0,220,0" radius="0.5" length="4" />
		<capsule pos="-28.749999999999993,-24.75,31.049999999999997" vel="0,0,0" mass="1" elasticityCoef="1" ang="90,0,0" color="0,220,0" radius="0.5" length="4" />
		<capsule pos="-28.749999999999993,-19.25,-33.349999999999994" vel="0,0,0" mass="1" elasticityCoef="1" ang="90,0,0" color="0,220,0" radius="0.5" length="4" />
		<capsule pos="-28.749999999999993,-19.25,-31.049999999999994" vel="0,0,0" mass="1" elasticityCoef="1" ang="90,0,0" color="0,220,0" radius="0.5" length="4" />
		<capsule pos="-28.749999999999993,-19.25,-28.749999999999993" vel="0,0,0" mass="1" elasticityCoef="1" ang="90,0,0" color="0,220,0" radius="0.5" length="4" />
		<capsule pos="-28.749999999999993,-19.25,-26.449999999999996" vel="0,0,0" mass="1" elasticityCoef="1" ang="90,0,0" color="0,220,0" radius="0.5" length="4" />
		<capsule pos="-28.749999999999993,-19.25,-24.149999999999995" vel="0,0,0" mass="1" elasticityCoef="1" ang="90,0,0" color="0,220,0" radius="0.5" length="4" />
		<capsule pos="-28.749999999999993,-19.25,-21.849999999999994" vel="0,0,0" mass="1" elasticityCoef="1" ang="90,0,0" color="0,220,0" radius="0.5" length="4" />
		<capsule pos="-28.749999999999993,-19.25,-19.549999999999997" vel="0,0,0" mass="1" elasticityCoef="1" ang="90,0,0" color="0,220,0" radius="0.5" length="4" />
		<capsule pos="-28.749999999999993,-19.25,-17.249999999999996" vel="0,0,0" mass="1" elasticityCoef="1" ang="90,0,0" color="0,220,0" radius="0.5" length="4" />
		<capsule pos="-28.749999999999993,-19.25,-14.949999999999996" vel="0,0,0" mass="1" elasticityCoef="1" ang="90,0,0" color="0,220,0" radius="0.5" length="4" />
		<capsule pos="-28.749999999999993,-19.25,-12.649999999999995" vel="0,0,0" mass="1" elasticityCoef="1" ang="90,0,0" color="0,220,0" radius="0.5" length="4" />
		<capsule pos="-28.749999999999993,-19.25,-10.349999999999994" vel="0,0,0" mass="1" elasticityCoef="1" ang="90,0,0" color="0,220,0" radius="0.5" length="4" />
		<capsule pos="-28.749999999999993,-19.25,-8.049999999999997" vel="0,0,0" mass="1" elasticityCoef="1" ang="90,0,0" color="0,220,0" radius="0.5" length="4" />
		<capsule pos="-28.749999999999993,-19.25,-5.7499999999999964" vel="0,0,0" mass="1" elasticityCoef="1" ang="90,0,0" color="0,220,0" radius="0.5" length="4" />
		<capsule pos="-28.749999999999993,-19.25,-3.4499999999999957" vel="0,0,0" mass="1" elasticityCoef="1" ang="90,0,0" color="0,220,0" radius="0.5" length="4" />
		<capsule pos="-28.749999999999993,-19.25,-1.1499999999999986" vel="0,0,0" mass="1" elasticityCoef="1" ang="90,0,0" color="0,220,0" radius="0.5" length="4" />
		<capsule pos="-28.749999999999993,-19.25,1.1500000000000057" vel="0,0,0" mass="1" elasticityCoef="1" ang="90,0,0" color="0,220,0" radius="0.5" length="4" />
		<capsule pos="-28.749999999999993,-19.25,3.450000000000003" vel="0,0,0" mass="1" elasticityCoef="1" ang="90,0,0" color="0,220,0" radius="0.5" length="4" />
		<capsule pos="-28.749999999999993,-19.25,5.75" vel="0,0,0" mass="1" elasticityCoef="1" ang="90,0,0" color="0,220,0" radius="0.5" length="4" />
		<capsule pos="-28.749999999999993,-19.25,8.050000000000004" vel="0,0,0" mass="1" elasticityCoef="1" ang="90,0,0" color="0,220,0" radius="0.5" length="4" />
		<capsule pos="-28.749999999999993,-19.25,10.350000000000001" vel="0,0,0" mass="1" elasticityCoef="1" ang="90,0,0" color="0,220,0" radius="0.5" length="4" />
		<capsule pos="-28.749999999999993,-19.25,12.650000000000006" vel="0,0,0" mass="1" elasticityCoef="1" ang="90,0,0" color="0,220,0" radius="0.5" length="4" />
		<capsule pos="-28.749999999999993,-19.25,14.950000000000003" vel="0,0,0" mass="1" elasticityCoef="1" ang="90,0,0" color="0,220,0" radius="0.5" length="4" />
		<capsule pos="-28.749999999999993,-19.25,17.25" vel="0,0,0" mass="1" elasticityCoef="1" ang="90,0,0" color="0,220,0" radius="0.5" length="4" />
		<capsule pos="-28.749999999999993,-19.25,19.550000000000004" vel="0,0,0" mass="1" elasticityCoef="1" ang="90,0,0" color="0,220,0" radius="0.5" length="4" />
		<capsule pos="-28.749999999999993,-19.25,21.85" vel="0,0,0" mass="1" elasticityCoef="1" ang="90,0,0" color="0,220,0" radius="0.5" length="4" />
		<capsule pos="-28.749999999999993,-19.25,24.15" vel="0,0,0" mass="1" elasticityCoef="1" ang="90,0,0" color="0,220,0" radius="0.5" length="4" />
		<capsule pos="-28.749999999999993,-19.25,26.450000000000003" vel="0,0,0" mass="1" elasticityCoef="1" ang="90,0,0" color="0,220,0" radius="0.5" length="4" />
		<capsule pos="-28.749999999999993,-19.25,28.75" vel="0,0,0" mass="1" elasticityCoef="1" ang="90,0,0" color="0,220,0" radius="0.5" length="4" />
		<capsule pos="-28.749999999999993,-19.25,31.049999999999997" vel="0,0,0" mass="1" elasticityCoef="1" ang="90,0,0" color="0,220,0" radius="0.5" length="4" />
		<capsule pos="-28.749999999999993,-13.75,-33.349999999999994" vel="0,0,0" mass="1" elasticityCoef="1" ang="90,0,0" color="0,220,0" radius="0.5" length="4" />
		<capsule pos="-28.749999999999993,-13.75,-31.049999999999994" vel="0,0,0" mass="1" elasticityCoef="1" ang="90,0,0" color="0,220,0" radius="0.5" length="4" />
		<capsule pos="-28.749999999999993,-13.75,-28.749999999999993" vel="0,0,0" mass="1" elasticityCoef="1" ang="90,0,0" color="0,220,0" radius="0.5" length="4" />
		<capsule pos="-28.749999999999993,-13.75,-26.449999999999996" vel="0,0,0" mass="1" elasticityCoef="1" ang="90,0,0" color="0,220,0" radius="0.5" length="4" />
		<capsule pos="-28.749999999999993,-13.75,-24.149999999999995" vel="0,0,0" mass="1" elasticityCoef="1" ang="90,0,0" color="0,220,0" radius="0.5" length="4" />
		<capsule pos="-28.749999999999993,-13.75,-21.849999999999994" vel="0,0,0" mass="1" elasticityCoef="1" ang="90,0,0" color="0,220,0" radius="0.5" length="4" />
		<capsule pos="-28.749999999999993,-13.75,-19.549999999999997" vel="0,0,0" mass="1" elasticityCoef="1" ang="90,0,0" color="0,220,0" radius="0.5" length="4" />
		<capsule pos="-28.749999999999993,-13.75,-17.249999999999996" vel="0,0,0" mass="1" elasticityCoef="1" ang="90,0,0" color="0,220,0" radius="0.5" length="4" />
		<capsule pos="-28.749999999999993,-13.75,-14.949999999999996" vel="0,0,0" mass="1" elasticityCoef="1" ang="90,0,0" color="0,220,0" radius="0.5" length="4" />
		<capsule pos="-28.749999999999993,-13.75,-12.649999999999995" vel="0,0,0" mass="1" elasticityCoef="1" ang="90,0,0" color="0,220,0" radius="0.5" length="4" />
		<capsule pos="-28.749999999999993,-13.75,-10.349999999999994" vel="0,0,0" mass="1" elasticityCoef="1" ang="90,0,0" color="0,220,0" radius="0.5" length="4" />
		<capsule pos="-28.749999999999993,-13.75,-8.049999999999997" vel="0,0,0" mass="1" elasticityCoef="1" ang="90,0,0" color="0,220,0" radius="0.5" length="4" />
		<capsule pos="-28.749999999999993,-13.75,-5.7499999999999964" vel="0,0,0" mass="1" elasticityCoef="1" ang="90,0,0" color="0,220,0" radius="0.5" length="4" />
		<capsule pos="-28.749999999999993,-13.75,-3.4499999999999957" vel="0,0,0" mass="1" elasticityCoef="1" ang="90,0,0" color="0,220,0" radius="0.5" length="4" />
		<capsule pos="-28.749999999999993,-13.75,-1.1499999999999986" vel="0,0,0" mass="1" elasticityCoef="1" ang="90,0,0" color="0,220,0" radius="0.5" length="4" />
		<capsule pos="-28.749999999999993,-13.75,1.1500000000000057" vel="0,0,0" mass="1" elasticityCoef="1" ang="90,0,0" color="0,220,0" radius="0.5" length="4" />
		<capsule pos="-28.749999999999993,-13.75,3.450000000000003" vel="0,0,0" mass="1" elasticityCoef="1" ang="90,0,0" color="0,220,0" radius="0.5" length="4" />
		<capsule pos="-28.749999999999993,-13.75,5.75" vel="0,0,0" mass="1" elasticityCoef="1" ang="90,0,0" color="0,220,0" radius="0.5" length="4" />
		<capsule pos="-28.749999999999993,-13.75,8.050000000000004" vel="0,0,0" mass="1" elasticityCoef="1" ang="90,0,0" color="0,220,0" radius="0.5" length="4" />
		<capsule pos="-28.749999999999993,-13.75,10.350000000000001" vel="0,0,0" mass="1" elasticityCoef="1" ang="90,0,0" color="0,220,0" radius="0.5" length="4" />
		<capsule pos="-28.749999999999993,-13.75,12.650000000000006" vel="0,0,0" mass="1" elasticityCoef="1" ang="90,0,0" color="0,220,0" radius="0.5" length="4" />
		<capsule pos="-28.749999999999993,-13.75,14.950000000000003" vel="0,0,0" mass="1" elasticityCoef="1" ang="90,0,0" color="0,220,0" radius="0.5" length="4" />
		<capsule pos="-28.749999999999993,-13.75,17.25" vel="0,0,0" mass="1" elasticityCoef="1" ang="90,0,0" color="0,220,0" radius="0.5" length="4" />
		<capsule pos="-28.749999999999993,-13.75,19.550000000000004" vel="0,0,0" mass="1" elasticityCoef="1" ang="90,0,0" color="0,220,0" radius="0.5" length="4" />
		<capsule pos="-28.749999999999993,-13.75,21.85" vel="0,0,0" mass="1" elasticityCoef="1" ang="90,0,0" color="0,220,0" radius="0.5" length="4" />
		<capsule pos="-28.749999999999993,-13.75,24.15" vel="0,0,0" mass="1" elasticityCoef="1" ang="90,0,0" color="0,220,0" radius="0.5" length="4" />
		<capsule pos="-28.749999999999993,-13.75,26.450000000000003" vel="0,0,0" mass="1" elasticityCoef="1" ang="90,0,0" color="0,220,0" radius="0.5" length="4" />
		<capsule pos="-28.749999999999993,-13.75,28.75" vel="0,0,0" mass="1" elasticityCoef="1" ang="90,0,0" color="0,220,0" radius="0.5" length="4" />
		<capsule pos="-28.749999999999993,-13.75,31.049999999999997" vel="0,0,0" mass="1" elasticityCoef="1" ang="90,0,0" color="0,220,0" radius="0.5" length="4" />
		<capsule pos="-28.749999999999993,-8.25,-33.349999999999994" vel="0,0,0" mass="1" elasticityCoef="1" ang="90,0,0" color="0,220,0" radius="0.5" length="4" />
		<capsule pos="-28.749999999999993,-8.25,-31.049999999999994" vel="0,0,0" mass="1" elasticityCoef="1" ang="90,0,0" color="0,220,0" radius="0.5" length="4" />
		<capsule pos="-28.749999999999993,-8.25,-28.749999999999993" vel="0,0,0" mass="1" elasticityCoef="1" ang="90,0,0" color="0,220,0" radius="0.5" length="4" />
		<capsule pos="-28.749999999999993,-8.25,-26.449999999999996" vel="0,0,0" mass="1" elasticityCoef="1" ang="90,0,0" color="0,220,0" radius="0.5" length="4" />
		<capsule pos="-28.749999999999993,-8.25,-24.149999999999995" vel="0,0,0" mass="1" elasticityCoef="1" ang="90,0,0" color="0,220,0" radius="0.5" length="4" />
		<capsule pos="-28.749999999999993,-8.25,-21.849999999999994" vel="0,0,0" mass="1" elasticityCoef="1" ang="90,0,0" color="0,220,0" radius="0.5" length="4" />
		<capsule pos="-28.749999999999993,-8.25,-19.549999999999997" vel="0,0,0" mass="1" elasticityCoef="1" ang="90,0,0" color="0,220,0" radius="0.5" length="4" />
		<capsule pos="-28.749999999999993,-8.25,-17.249999999999996" vel="0,0,0" mass="1" elasticityCoef="1" ang="90,0,0" color="0,220,0" radius="0.5" length="4" />
		<capsule pos="-28.749999999999993,-8.25,-14.949999999999996" vel="0,0,0" mass="1" elasticityCoef="1" ang="90,0,0" color="0,220,0" radius="0.5" length="4" />
		<capsule pos="-28.749999999999993,-8.25,-12.649999999999995" vel="0,0,0" mass="1" elasticityCoef="1" ang="90,0,0" color="0,220,0" radius="0.5" length="4" />
		<capsule pos="-28.749999999999993,-8.25,-10.349999999999994" vel="0,0,0" mass="1" elasticityCoef="1" ang="90,0,0" color="0,220,0" radius="0.5" length="4" />
		<capsule pos="-28.749999999999993,-8.25,-8.049999999999997" vel="0,0,0" mass="1" elasticityCoef="1" ang="90,0,0" color="0,220,0" radius="0.5" length="4" />
		<capsule pos="-28.749999999999993,-8.25,-5.7499999999999964" vel="0,0,0" mass="1" elasticityCoef="1" ang="90,0,0" color="0,220,0" radius="0.5" length="4" />
		<capsule pos="-28.749999999999993,-8.25,-3.4499999999999957" vel="0,0,0" mass="1" elasticityCoef="1" ang="90,0,0" color="0,220,0" radius="0.5" length="4" />
		<capsule pos="-28.749999999999993,-8.25,-1.1499999999999986" vel="0,0,0" mass="1" elasticityCoef="1" ang="90,0,0" color="0,220,0" radius="0.5" length="4" />
		<capsule pos="-28.749999999999993,-8.25,1.1500000000000057" vel="0,0,0" mass="1" elasticityCoef="1" ang="90,0,0" color="0,220,0" radius="0.5" length="4" />
		<capsule pos="-28.749999999999993,-8.25,3.450000000000003" vel="0,0,0" mass="1" elasticityCoef="1" ang="90,0,0" color="0,220,0" radius="0.5" length="4" />
		<capsule pos="-28.749999999999993,-8.25,5.75" vel="0,0,0" mass="1" elasticityCoef="1" ang="90,0,0" color="0,220,0" radius="0.5" length="4" />
		<capsule pos="-28.749999999999993,-8.25,8.050000000000004" vel="0,0,0" mass="1" elasticityCoef="1" ang="90,0,0" color="0,220,0" radius="0.5" length="4" />
		<capsule pos="-28.749999999999993,-8.25,10.350000000000001" vel="0,0,0" mass="1" elasticityCoef="1" ang="90,0,0" color="0,220,0" radius="0.5" length="4" />
		<capsule pos="-28.749999999999993,-8.25,12.650000000000006" vel="0,0,0" mass="1" elasticityCoef="1" ang="90,0,0" color="0,220,0" radius="0.5" length="4" />
		<capsule pos="-28.749999999999993,-8.25,14.950000000000003" vel="0,0,0" mass="1" elasticityCoef="1" ang="90,0,0" color="0,220,0" radius="0.5" length="4" />
		<capsule pos="-28.749999999999993,-8.25,17.25" vel="0,0,0" mass="1" elasticityCoef="1" ang="90,0,0" color="0,220,0" radius="0.5" length="4" />
		<capsule pos="-28.749999999999993,-8.25,19.550000000000004" vel="0,0,0" mass="1" elasticityCoef="1" ang="90,0,0" color="0,220,0" radius="0.5" length="4" />
		<capsule pos="-28.749999999999993,-8.25,21.85" vel="0,0,0" mass="1" elasticityCoef="1" ang="90,0,0" color="0,220,0" radius="0.5" length="4" />
		<capsule pos="-28.749999999999993,-8.25,24.15" vel="0,0,0" mass="1" elasticityCoef="1" ang="90,0,0" color="0,220,0" radius="0.5" length="4" />
		<capsule pos="-28.749999999999993,-8.25,26.450000000000003" vel="0,0,0" mass="1" elasticityCoef="1" ang="90,0,0" color="0,220,0" radius="0.5" length="4" />
		<capsule pos="-28.749999999999993,-8.25,28.75" vel="0,0,0" mass="1" elasticityCoef="1" ang="90,0,0" color="0,220,0" radius="0.5" length="4" />
		<capsule pos="-28.749999999999993,-8.25,31.049999999999997" vel="0,0,0" mass="1" elasticityCoef="1" ang="90,0,0" color="0,220,0" radius="0.5" length="4" />
		<capsule pos="-28.749999999999993,-2.75,-33.349999999999994" vel="0,0,0" mass="1" elasticityCoef="1" ang="90,0,0" color="0,220,0" radius="0.5" length="4" />
		<capsule pos="-28.749999999999993,-2.75,-31.049999999999994" vel="0,0,0" mass="1" elasticityCoef="1" ang="90,0,0" color="0,220,0" radius="0.5" length="4" />
		<capsule pos="-28.749999999999993,-2.75,-28.749999999999993" vel="0,0,0" mass="1" elasticityCoef="1" ang="90,0,0" color="0,220,0" radius="0.5" length="4" />
		<capsule pos="-28.749999999999993,-2.75,-26.449999999999996" vel="0,0,0" mass="1" elasticityCoef="1" ang="90,0,0" color="0,220,0" radius="0.5" length="4" />
		<capsule pos="-28.749999999999993,-2.75,-24.149999999999995" vel="0,0,0" mass="1" elasticityCoef="1" ang="90,0,0" color="0,220,0" radius="0.5" length="4" />
		<capsule pos="-28.749999999999993,-2.75,-21.849999999999994" vel="0,0,0" mass="1" elasticityCoef="1" ang="90,0,0" color="0,220,0" radius="0.5" length="4" />
		<capsule pos="-28.749999999999993,-2.75,-19.549999999999997" vel="0,0,0" mass="1" elasticityCoef="1" ang="90,0,0" color="0,220,0" radius="0.5" length="4" />
		<capsule pos="-28.749999999999993,-2.75,-17.249999999999996" vel="0,0,0" mass="1" elasticityCoef="1" ang="90,0,0" color="0,220,0" radius="0.5" length="4" />
		<capsule pos="-28.749999999999993,-2.75,-14.949999999999996" vel="0,0,0" mass="1" elasticityCoef="1" ang="90,0,0" color="0,220,0" radius="0.5" length="4" />
		<capsule pos="-28.749999999999993,-2.75,-12.649999999999995" vel="0,0,0" mass="1" elasticityCoef="1" ang="90,0,0" color="0,220,0" radius="0.5" length="4" />
		<capsule pos="-28.749999999999993,-2.75,-10.349999999999994" vel="0,0,0" mass="1" elasticityCoef="1" ang="90,0,0" color="0,220,0" radius="0.5" length="4" />
		<capsule pos="-28.749999999999993,-2.75,-8.049999999999997" vel="0,0,0" mass="1" elasticityCoef="1" ang="90,0,0" color="0,220,0" radius="0.5" length="4" />
		<capsule pos="-28.749999999999993,-2.75,-5.7499999999999964" vel="0,0,0" mass="1" elasticityCoef="1" ang="90,0,0" color="0,220,0" radius="0.5" length="4" />
		<capsule pos="-28.749999999999993,-2.75,-3.4499999999999957" vel="0,0,0" mass="1" elasticityCoef="1" ang="90,0,0" color="0,220,0" radius="0.5" length="4" />
		<capsule pos="-28.749999999999993,-2.75,-1.1499999999999986" vel="0,0,0" mass="1" elasticityCoef="1" ang="90,0,0" color="0,220,0" radius="0.5" length="4" />
		<capsule pos="-28.749999999999993,-2.75,1.1500000000000057" vel="0,0,0" mass="1" elasticityCoef="1" ang="90,0,0" color="0,220,0" radius="0.5" length="4" />
		<capsule pos="-28.749999999999993,-2.75,3.450000000000003" vel="0,0,0" mass="1" elasticityCoef="1" ang="90,0,0" color="0,220,0" radius="0.5" length="4" />
		<capsule pos="-28.749999999999993,-2.75,5.75" vel="0,0,0" mass="1" elasticityCoef="1" ang="90,0,0" color="0,220,0" radius="0.5" length="4" />
		<capsule pos="-28.749999999999993,-2.75,8.050000000000004" vel="0,0,0" mass="1" elasticityCoef="1" ang="90,0,0" color="0,220,0" radius="0.5" length="4" />
		<capsule pos="-28.749999999999993,-2.75,10.350000000000001" vel="0,0,0" mass="1" elasticityCoef="1" ang="90,0,0" color="0,220,0" radius="0.5" length="4" />
		<capsule pos="-28.749999999999993,-2.75,12.650000000000006" vel="0,0,0" mass="1" elasticityCoef="1" ang="90,0,0" color="0,220,0" radius="0.5" length="4" />
		<capsule pos="-28.749999999999993,-2.75,14.950000000000003" vel="0,0,0" mass="1" elasticityCoef="1" ang="90,0,0" color="0,220,0" radius="0.5" length="4" />
		<capsule pos="-28.749999999999993,-2.75,17.25" vel="0,0,0" mass="1" elasticityCoef="1" ang="90,0,0" color="0,220,0" radius="0.5" length="4" />
		<capsule pos="-28.749999999999993,-2.75,19.550000000000004" vel="0,0,0" mass="1" elasticityCoef="1" ang="90,0,0" color="0,220,0" radius="0.5" length="4" />
		<capsule pos="-28.749999999999993,-2.75,21.85" vel="0,0,0" mass="1" elasticityCoef="1" ang="90,0,0" color="0,220,0" radius="0.5" length="4" />
		<capsule pos="-28.749999999999993,-2.75,24.15" vel="0,0,0" mass="1" elasticityCoef="1" ang="90,0,0" color="0,220,0" radius="0.5" length="4" />
		<capsule pos="-28.749999999999993,-2.75,26.450000000000003" vel="0,0,0" mass="1" elasticityCoef="1" ang="90,0,0" color="0,220,0" radius="0.5" length="4" />
		<capsule pos="-28.749999999999993,-2.75,28.75" vel="0,0,0" mass="1" elasticityCoef="1" ang="90,0,0" color="0,220,0" radius="0.5" length="4" />
		<capsule pos="-28.749999999999993,-2.75,31.049999999999997" vel="0,0,0" mass="1" elasticityCoef="1" ang="90,0,0" color="0,220,0" radius="0.5" length="4" />
		<capsule pos="-28.749999999999993,2.75,-33.349999999999994" vel="0,0,0" mass="1" elasticityCoef="1" ang="90,0,0" color="0,220,0" radius="0.5" length="4" />
		<capsule pos="-28.749999999999993,2.75,-31.049999999999994" vel="0,0,0" mass="1" elasticityCoef="1" ang="90,0,0" color="0,220,0" radius="0.5" length="4" />
		<capsule pos="-28.749999999999993,2.75,-28.749999999999993" vel="0,0,0" mass="1" elasticityCoef="1" ang="90,0,0" color="0,220,0" radius="0.5" length="4" />
		<capsule pos="-28.749999999999993,2.75,-26.449999999999996" vel="0,0,0" mass="1" elasticityCoef="1" ang="90,0,0" color="0,220,0" radius="0.5" length="4" />
		<capsule pos="-28.749999999999993,2.75,-24.149999999999995" vel="0,0,0" mass="1" elasticityCoef="1" ang="90,0,0" color="0,220,0" radius="0.5" length="4" />
		<capsule pos="-28.749999999999993,2.75,-21.849999999999994" vel="0,0,0" mass="1" elasticityCoef="1" ang="90,0,0" color="0,220,0" radius="0.5" length="4" />
		<capsule pos="-28.749999999999993,2.75,-19.549999999999997" vel="0,0,0" mass="1" elasticityCoef="1" ang="90,0,0" color="0,220,0" radius="0.5" length="4" />
		<capsule pos="-28.749999999999993,2.75,-17.249999999999996" vel="0,0,0" mass="1" elasticityCoef="1" ang="90,0,0" color="0,220,0" radius="0.5" length="4" />
		<capsule pos="-28.749999999999993,2.75,-14.949999999999996" vel="0,0,0" mass="1" elasticityCoef="1" ang="90,0,0" color="0,220,0" radius="0.5" length="4" />
		<capsule pos="-28.749999999999993,2.75,-12.649999999999995" vel="0,0,0" mass="1" elasticityCoef="1" ang="90,0,0" color="0,220,0" radius="0.5" length="4" />
		<capsule pos="-28.749999999999993,2.75,-10.349999999999994" vel="0,0,0" mass="1" elasticityCoef="1" ang="90,0,0" color="0,220,0" radius="0.5" length="4" />
		<capsule pos="-28.749999999999993,2.75,-8.049999999999997" vel="0,0,0" mass="1" elasticityCoef="1" ang="90,0,0" color="0,220,0" radius="0.5" length="4" />
		<capsule pos="-28.749999999999993,2.75,-5.7499999999999964" vel="0,0,0" mass="1" elasticityCoef="1" ang="90,0,0" color="0,220,0" radius="0.5" length="4" />
		<capsule pos="-28.749999999999993,2.75,-3.4499999999999957" vel="0,0,0" mass="1" elasticityCoef="1" ang="90,0,0" color="0,220,0" radius="0.5" length="4" />
		<capsule pos="-28.749999999999993,2.75,-1.1499999999999986" vel="0,0,0" mass="1" elasticityCoef="1" ang="90,0,0" color="0,220,0" radius="0.5" length="4" />
		<capsule pos="-28.749999999999993,2.75,1.1500000000000057" vel="0,0,0" mass="1" elasticityCoef="1" ang="90,0,0" color="0,220,0" radius="0.5" length="4" />
		<capsule pos="-28.749999999999993,2.75,3.450000000000003" vel="0,0,0" mass="1" elasticityCoef="1" ang="90,0,0" color="0,220,0" radius="0.5" length="4" />
		<capsule pos="-28.749999999999993,2.75,5.75" vel="0,0,0" mass="1" elasticityCoef="1" ang="90,0,0" color="0,220,0" radius="0.5" length="4" />
		<capsule pos="-28.749999999999993,2.75,8.050000000000004" vel="0,0,0" mass="1" elasticityCoef="1" ang="90,0,0" color="0,220,0" radius="0.5" length="4" />
		<capsule pos="-28.749999999999993,2.75,10.350000000000001" vel="0,0,0" mass="1" elasticityCoef="1" ang="90,0,0" color="0,220,0" radius="0.5" length="4" />
		<capsule pos="-28.749999999999993,2.75,12.650000000000006" vel="0,0,0" mass="1" elasticityCoef="1" ang="90,0,0" color="0,220,0" radius="0.5" length="4" />
		<capsule pos="-28.749999999999993,2.75,14.950000000000003" vel="0,0,0" mass="1" elasticityCoef="1" ang="90,0,0" color="0,220,0" radius="0.5" length="4" />
		<capsule pos="-28.749999999999993,2.75,17.25" vel="0,0,0" mass="1" elasticityCoef="1" ang="90,0,0" color="0,220,0" radius="0.5" length="4" />
		<capsule pos="-28.749999999999993,2.75,19.550000000000004" vel="0,0,0" mass="1" elasticityCoef="1" ang="90,0,0" color="0,220,0" radius="0.5" length="4" />
		<capsule pos="-28.749999999999993,2.75,21.85" vel="0,0,0" mass="1" elasticityCoef="1" ang="90,0,0" color="0,220,0" radius="0.5" length="4" />
		<capsule pos="-28.749999999999993,2.75,24.15" vel="0,0,0" mass="1" elasticityCoef="1" ang="90,0,0" color="0,220,0" radius="0.5" length="4" />
		<capsule pos="-28.749999999999993,2.75,26.450000000000003" vel="0,0,0" mass="1" elasticityCoef="1" ang="90,0,0" color="0,220,0" radius="0.5" length="4" />
		<capsule pos="-28.749999999999993,2.75,28.75" vel="0,0,0" mass="1" elasticityCoef="1" ang="90,0,0" color="0,220,0" radius="0.5" length="4" />
		<capsule pos="-28.749999999999993,2.75,31.049999999999997" vel="0,0,0" mass="1" elasticityCoef="1" ang="90,0,0" color="0,220,0" radius="0.5" length="4" />
		<capsule pos="-28.749999999999993,8.25,-33.349999999999994" vel="0,0,0" mass="1" elasticityCoef="1" ang="90,0,0" color="0,220,0" radius="0.5" length="4" />
		<capsule pos="-28.749999999999993,8.25,-31.049999999999994" vel="0,0,0" mass="1" elasticityCoef="1" ang="90,0,0" color="0,220,0" radius="0.5" length="4" />
		<capsule pos="-28.749999999999993,8.25,-28.749999999999993" vel="0,0,0" mass="1" elasticityCoef="1" ang="90,0,0" color="0,220,0" radius="0.5" length="4" />
		<capsule pos="-28.749999999999993,8.25,-26.449999999999996" vel="0,0,0" mass="1" elasticityCoef="1" ang="90,0,0" color="0,220,0" radius="0.5" length="4" />
		<capsule pos="-28.749999999999993,8.25,-24.149999999999995" vel="0,0,0" mass="1" elasticityCoef="1" ang="90,0,0" color="0,220,0" radius="0.5" length="4" />
		<capsule pos="-28.749999999999993,8.25,-21.849999999999994" vel="0,0,0" mass="1" elasticityCoef="1" ang="90,0,0" color="0,220,0" radius="0.5" length="4" />
		<capsule pos="-28.749999999999993,8.25,-19.549999999999997" vel="0,0,0" mass="1" elasticityCoef="1" ang="90,0,0" color="0,220,0" radius="0.5" length="4" />
		<capsule pos="-28.749999999999993,8.25,-17.249999999999996" vel="0,0,0" mass="1" elasticityCoef="1" ang="90,0,0" color="0,220,0" radius="0.5" length="4" />
		<capsule pos="-28.749999999999993,8.25,-14.949999999999996" vel="0,0,0" mass="1" elasticityCoef="1" ang="90,0,0" color="0,220,0" radius="0.5" length="4" />
		<capsule pos="-28.749999999999993,8.25,-12.649999999999995" vel="0,0,0" mass="1" elasticityCoef="1" ang="90,0,0" color="0,220,0" radius="0.5" length="4" />
		<capsule pos="-28.749999999999993,8.25,-10.349999999999994" vel="0,0,0" mass="1" elasticityCoef="1" ang="90,0,0" color="0,220,0" radius="0.5" length="4" />
		<capsule pos="-28.749999999999993,8.25,-8.049999999999997" vel="0,0,0" mass="1" elasticityCoef="1" ang="90,0,0" color="0,220,0" radius="0.5" length="4" />
		<capsule pos="-28.749999999999993,8.25,-5.7499999999999964" vel="0,0,0" mass="1" elasticityCoef="1" ang="90,0,0" color="0,220,0" radius="0.5" length="4" />
		<capsule pos="-28.749999999999993,8.25,-3.4499999999999957" vel="0,0,0" mass="1" elasticityCoef="1" ang="90,0,0" color="0,220,0" radius="0.5" length="4" />
		<capsule pos="-28.749999999999993,8.25,-1.1499999999999986" vel="0,0,0" mass="1" elasticityCoef="1" ang="90,0,0" color="0,220,0" radius="0.5" length="4" />
		<capsule pos="-28.749999999999993,8.25,1.1500000000000057" vel="0,0,0" mass="1" elasticityCoef="1" ang="90,0,0" color="0,220,0" radius="0.5" length="4" />
		<capsule pos="-28.749999999999993,8.25,3.450000000000003" vel="0,0,0" mass="1" elasticityCoef="1" ang="90,0,0" color="0,220,0" radius="0.5" length="4" />
		<capsule pos="-28.749999999999993,8.25,5.75" vel="0,0,0" mass="1" elasticityCoef="1" ang="90,0,0" color="0,220,0" radius="0.5" length="4" />
		<capsule pos="-28.749999999999993,8.25,8.050000000000004" vel="0,0,0" mass="1" elasticityCoef="1" ang="90,0,0" color="0,220,0" radius="0.5" length="4" />
		<capsule pos="-28.749999999999993,8.25,10.350000000000001" vel="0,0,0" mass="1" elasticityCoef="1" ang="90,0,0" color="0,220,0" radius="0.5" length="4" />
		<capsule pos="-28.749999999999993,8.25,12.650000000000006" vel="0,0,0" mass="1" elasticityCoef="1" ang="90,0,0" color="0,220,0" radius="0.5" length="4" />
		<capsule pos="-28.749999999999993,8.25,14.950000000000003" vel="0,0,0" mass="1" elasticityCoef="1" ang="90,0,0" color="0,220,0" radius="0.5" length="4" />
		<capsule pos="-28.749999999999993,8.25,17.25" vel="0,0,0" mass="1" elasticityCoef="1" ang="90,0,0" color="0,220,0" radius="0.5" length="4" />
		<capsule pos="-28.749999999999993,8.25,19.550000000000004" vel="0,0,0" mass="1" elasticityCoef="1" ang="90,0,0" color="0,220,0" radius="0.5" length="4" />
		<capsule pos="-28.749999999999993,8.25,21.85" vel="0,0,0" mass="1" elasticityCoef="1" ang="90,0,0" color="0,220,0" radius="0.5" length="4" />
		<capsule pos="-28.749999999999993,8.25,24.15" vel="0,0,0" mass="1" elasticityCoef="1" ang="90,0,0" color="0,220,0" radius="0.5" length="4" />
		<capsule pos="-28.749999999999993,8.25,26.450000000000003" vel="0,0,0" mass="1" elasticityCoef="1" ang="90,0,0" color="0,220,0" radius="0.5" length="4" />
		<capsule pos="-28.749999999999993,8.25,28.75" vel="0,0,0" mass="1" elasticityCoef="1" ang="90,0,0" color="0,220,0" radius="0.5" length="4" />
		<capsule pos="-28.749999999999993,8.25,31.049999999999997" vel="0,0,0" mass="1" elasticityCoef="1" ang="90,0,0" color="0,220,0" radius="0.5" length="4" />
		<capsule pos="-28.749999999999993,13.75,-33.349999999999994" vel="0,0,0" mass="1" elasticityCoef="1" ang="90,0,0" color="0,220,0" radius="0.5" length="4" />
		<capsule pos="-28.749999999999993,13.75,-31.049999999999994" vel="0,0,0" mass="1" elasticityCoef="1" ang="90,0,0" color="0,220,0" radius="0.5" length="4" />
		<capsule pos="-28.749999999999993,13.75,-28.749999999999993" vel="0,0,0" mass="1" elasticityCoef="1" ang="90,0,0" color="0,220,0" radius="0.5" length="4" />
		<capsule pos="-28.749999999999993,13.75,-26.449999999999996" vel="0,0,0" mass="1" elasticityCoef="1" ang="90,0,0" color="0,220,0" radius="0.5" length="4" />
		<capsule pos="-28.749999999999993,13.75,-24.149999999999995" vel="0,0,0" mass="1" elasticityCoef="1" ang="90,0,0" color="0,220,0" radius="0.5" length="4" />
		<capsule pos="-28.749999999999993,13.75,-21.849999999999994" vel="0,0,0" mass="1" elasticityCoef="1" ang="90,0,0" color="0,220,0" radius="0.5" length="4" />
		<capsule pos="-28.749999999999993,13.75,-19.549999999999997" vel="0,0,0" mass="1" elasticityCoef="1" ang="90,0,0" color="0,220,0" radius="0.5" length="4" />
		<capsule pos="-28.749999999999993,13.75,-17.249999999999996" vel="0,0,0" mass="1" elasticityCoef="1" ang="90,0,0" color="0,220,0" radius="0.5" length="4" />
		<capsule pos="-28.749999999999993,13.75,-14.949999999999996" vel="0,0,0" mass="1" elasticityCoef="1" ang="90,0,0" color="0,220,0" radius="0.5" length="4" />
		<capsule pos="-28.749999999999993,13.75,-12.649999999999995" vel="0,0,0" mass="1" elasticityCoef="1" ang="90,0,0" color="0,220,0" radius="0.5" length="4" />
		<capsule pos="-28.749999999999993,13.75,-10.349999999999994" vel="0,0,0" mass="1" elasticityCoef="1" ang="90,0,0" color="0,220,0" radius="0.5" length="4" />
		<capsule pos="-28.749999999999993,13.75,-8.049999999999997" vel="0,0,0" mass="1" elasticityCoef="1" ang="90,0,0" color="0,220,0" radius="0.5" length="4" />
		<capsule pos="-28.749999999999993,13.75,-5.7499999999999964" vel="0,0,0" mass="1" elasticityCoef="1" ang="90,0,0" color="0,220,0" radius="0.5" length="4" />
		<capsule pos="-28.749999999999993,13.75,-3.4499999999999957" vel="0,0,0" mass="1" elasticityCoef="1" ang="90,0,0" color="0,220,0" radius="0.5" length="4" />
		<capsule pos="-28.749999999999993,13.75,-1.1499999999999986" vel="0,0,0" mass="1" elasticityCoef="1" ang="90,0,0" color="0,220,0" radius="0.5" length="4" />
		<capsule pos="-28.749999999999993,13.75,1.1500000000000057" vel="0,0,0" mass="1" elasticityCoef="1" ang="90,0,0" color="0,220,0" radius="0.5" length="4" />
		<capsule pos="-28.749999999999993,13.75,3.450000000000003" vel="0,0,0" mass="1" elasticityCoef="1" ang="90,0,0" color="0,220,0" radius="0.5" length="4" />
		<capsule pos="-28.749999999999993,13.75,5.75" vel="0,0,0" mass="1" elasticityCoef="1" ang="90,0,0" color="0,220,0" radius="0.5" length="4" />
		<capsule pos="-28.749999999999993,13.75,8.050000000000004" vel="0,0,0" mass="1" elasticityCoef="1" ang="90,0,0" color="0,220,0" radius="0.5" length="4" />
		<capsule pos="-28.749999999999993,13.75,10.350000000000001" vel="0,0,0" mass="1" elasticityCoef="1" ang="90,0,0" color="0,220,0" radius="0.5" length="4" />
		<capsule pos="-28.749999999999993,13.75,12.650000000000006" vel="0,0,0" mass="1" elasticityCoef="1" ang="90,0,0" color="0,220,0" radius="0.5" length="4" />
		<capsule pos="-28.749999999999993,13.75,14.950000000000003" vel="0,0,0" mass="1" elasticityCoef="1" ang="90,0,0" color="0,220,0" radius="0.5" length="4" />
		<capsule pos="-28.749999999999993,13.75,17.25" vel="0,0,0" mass="1" elasticityCoef="1" ang="90,0,0" color="0,220,0" radius="0.5" length="4" />
		<capsule pos="-28.749999999999993,13.75,19.550000000000004" vel="0,0,0" mass="1" elasticityCoef="1" ang="90,0,0" color="0,220,0" radius="0.5" length="4" />
		<capsule pos="-28.749999999999993,13.75,21.85" vel="0,0,0" mass="1" elasticityCoef="1" ang="90,0,0" color="0,220,0" radius="0.5" length="4" />
		<capsule pos="-28.749999999999993,13.75,24.15" vel="0,0,0" mass="1" elasticityCoef="1" ang="90,0,0" color="0,220,0" radius="0.5" length="4" />
		<capsule pos="-28.749999999999993,13.75,26.450000000000003" vel="0,0,0" mass="1" elasticityCoef="1" ang="90,0,0" color="0,220,0" radius="0.5" length="4" />
		<capsule pos="-28.749999999999993,13.75,28.75" vel="0,0,0" mass="1" elasticityCoef="1" ang="90,0,0" color="0,220,0" radius="0.5" length="4" />
		<capsule pos="-28.749999999999993,13.75,31.049999999999997" vel="0,0,0" mass="1" elasticityCoef="1" ang="90,0,0" color="0,220,0" radius="0.5" length="4" />
		<capsule pos="-28.749999999999993,19.25,-33.349999999999994" vel="0,0,0" mass="1" elasticityCoef="1" ang="90,0,0" color="0,220,0" radius="0.5" length="4" />
		<capsule pos="-28.749999999999993,19.25,-31.049999999999994" vel="0,0,0" mass="1" elasticityCoef="1" ang="90,0,0" color="0,220,0" radius="0.5" length="4" />
		<capsule pos="-28.749999999999993,19.25,-28.749999999999993" vel="0,0,0" mass="1" elasticityCoef="1" ang="90,0,0" color="0,220,0" radius="0.5" length="4" />
		<capsule pos="-28.749999999999993,19.25,-26.449999999999996" vel="0,0,0" mass="1" elasticityCoef="1" ang="90,0,0" color="0,220,0" radius="0.5" length="4" />
		<capsule pos="-28.749999999999993,19.25,-24.149999999999995" vel="0,0,0" mass="1" elasticityCoef="1" ang="90,0,0" color="0,220,0" radius="0.5" length="4" />
		<capsule pos="-28.749999999999993,19.25,-21.849999999999994" vel="0,0,0" mass="1" elasticityCoef="1" ang="90,0,0" color="0,220,0" radius="0.5" length="4" />
		<capsule pos="-28.749999999999993,19.25,-19.549999999999997" vel="0,0,0" mass="1" elasticityCoef="1" ang="90,0,0" color="0,220,0" radius="0.5" length="4" />
		<capsule pos="-28.749999999999993,19.25,-17.249999999999996" vel="0,0,0" mass="1" elasticityCoef="1" ang="90,0,0" color="0,220,0" radius="0.5" length="4" />
		<capsule pos="-28.749999999999993,19.25,-14.949999999999996" vel="0,0,0" mass="1" elasticityCoef="1" ang="90,0,0" color="0,220,0" radius="0.5" length="4" />
		<capsule pos="-28.749999999999993,19.25,-12.649999999999995" vel="0,0,0" mass="1" elasticityCoef="1" ang="90,0,0" color="0,220,0" radius="0.5" length="4" />
		<capsule pos="-28.749999999999993,19.25,-10.349999999999994" vel="0,0,0" mass="1" elasticityCoef="1" ang="90,0,0" color="0,220,0" radius="0.5" length="4" />
		<capsule pos="-28.749999999999993,19.25,-8.049999999999997" vel="0,0,0" mass="1" elasticityCoef="1" ang="90,0,0" color="0,220,0" radius="0.5" length="4" />
		<capsule pos="-28.749999999999993,19.25,-5.7499999999999964" vel="0,0,0" mass="1" elasticityCoef="1" ang="90,0,0" color="0,220,0" radius="0.5" length="4" />
		<capsule pos="-28.749999999999993,19.25,-3.4499999999999957" vel="0,0,0" mass="1" elasticityCoef="1" ang="90,0,0" color="0,220,0" radius="0.5" length="4" />
		<capsule pos="-28.749999999999993,19.25,-1.1499999999999986" vel="0,0,0" mass="1" elasticityCoef="1" ang="90,0,0" color="0,220,0" radius="0.5" length="4" />
		<capsule pos="-28.749999999999993,19.25,1.1500000000000057" vel="0,0,0" mass="1" elasticityCoef="1" ang="90,0,0" color="0,220,0" radius="0.5" length="4" />
		<capsule pos="-28.749999999999993,19.25,3.450000000000003" vel="0,0,0" mass="1" elasticityCoef="1" ang="90,0,0" color="0,220,0" radius="0.5" length="4" />
		<capsule pos="-28.749999999999993,19.25,5.75" vel="0,0,0" mass="1" elasticityCoef="1" ang="90,0,0" color="0,220,0" radius="0.5" length="4" />
		<capsule pos="-28.749999999999993,19.25,8.050000000000004" vel="0,0,0" mass="1" elasticityCoef="1" ang="90,0,0" color="0,220,0" radius="0.5" length="4" />
		<capsule pos="-28.749999999999993,19.25,10.350000000000001" vel="0,0,0" mass="1" elasticityCoef="1" ang="90,0,0" color="0,220,0" radius="0.5" length="4" />
		<capsule pos="-28.749999999999993,19.25,12.650000000000006" vel="0,0,0" mass="1" elasticityCoef="1" ang="90,0,0" color="0,220,0" radius="0.5" length="4" />
		<capsule pos="-28.749999999999993,19.25,14.950000000000003" vel="0,0,0" mass="1" elasticityCoef="1" ang="90,0,0" color="0,220,0" radius="0.5" length="4" />
		<capsule pos="-28.749999999999993,19.25,17.25" vel="0,0,0" mass="1" elasticityCoef="1" ang="90,0,0" color="0,220,0" radius="0.5" length="4" />
		<capsule pos="-28.749999999999993,19.25,19.550000000000004" vel="0,0,0" mass="1" elasticityCoef="1" ang="90,0,0" color="0,220,0" radius="0.5" length="4" />
		<capsule pos="-28.749999999999993,19.25,21.85" vel="0,0,0" mass="1" elasticityCoef="1" ang="90,0,0" color="0,220,0" radius="0.5" length="4" />
		<capsule pos="-28.749999999999993,19.25,24.15" vel="0,0,0" mass="1" elasticityCoef="1" ang="90,0,0" color="0,220,0" radius="0.5" length="4" />
		<capsule pos="-28.749999999999993,19.25,26.450000000000003" vel="0,0,0" mass="1" elasticityCoef="1" ang="90,0,0" color="0,220,0" radius="0.5" length="4" />
		<capsule pos="-28.749999999999993,19.25,28.75" vel="0,0,0" mass="1" elasticityCoef="1" ang="90,0,0" color="0,220,0" radius="0.5" length="4" />
		<capsule pos="-28.749999999999993,19.25,31.049999999999997" vel="0,0,0" mass="1" elasticityCoef="1" ang="90,0,0" color="0,220,0" radius="0.5" length="4" />
		<capsule pos="-28.749999999999993,24.75,-33.349999999999994" vel="0,0,0" mass="1" elasticityCoef="1" ang="90,0,0" color="0,220,0" radius="0.5" length="4" />
		<capsule pos="-28.749999999999993,24.75,-31.049999999999994" vel="0,0,0" mass="1" elasticityCoef="1" ang="90,0,0" color="0,220,0" radius="0.5" length="4" />
		<capsule pos="-28.749999999999993,24.75,-28.749999999999993" vel="0,0,0" mass="1" elasticityCoef="1" ang="90,0,0" color="0,220,0" radius="0.5" length="4" />
		<capsule pos="-28.749999999999993,24.75,-26.449999999999996" vel="0,0,0" mass="1" elasticityCoef="1" ang="90,0,0" color="0,220,0" radius="0.5" length="4" />
		<capsule pos="-28.749999999999993,24.75,-24.149999999999995" vel="0,0,0" mass="1" elasticityCoef="1" ang="90,0,0" color="0,220,0" radius="0.5" length="4" />
		<capsule pos="-28.749999999999993,24.75,-21.849999999999994" vel="0,0,0" mass="1" elasticityCoef="1" ang="90,0,0" color="0,220,0" radius="0.5" length="4" />
		<capsule pos="-28.749999999999993,24.75,-19.549999999999997" vel="0,0,0" mass="1" elasticityCoef="1" ang="90,0,0" color="0,220,0" radius="0.5" length="4" />
		<capsule pos="-28.749999999999993,24.75,-17.249999999999996" vel="0,0,0" mass="1" elasticityCoef="1" ang="90,0,0" color="0,220,0" radius="0.5" length="4" />
		<capsule pos="-28.749999999999993,24.75,-14.949999999999996" vel="0,0,0" mass="1" elasticityCoef="1" ang="90,0,0" color="0,220,0" radius="0.5" length="4" />
		<capsule pos="-28.749999999999993,24.75,-12.649999999999995" vel="0,0,0" mass="1" elasticityCoef="1" ang="90,0,0" color="0,220,0" radius="0.5" length="4" />
		<capsule pos="-28.749999999999993,24.75,-10.349999999999994" vel="0,0,0" mass="1" elasticityCoef="1" ang="90,0,0" color="0,220,0" radius="0.5" length="4" />
		<capsule pos="-28.749999999999993,24.75,-8.049999999999997" vel="0,0,0" mass="1" elasticityCoef="1" ang="90,0,0" color="0,220,0" radius="0.5" length="4" />
		<capsule pos="-28.749999999999993,24.75,-5.7499999999999964" vel="0,0,0" mass="1" elasticityCoef="1" ang="90,0,0" color="0,220,0" radius="0.5" length="4" />
		<capsule pos="-28.749999999999993,24.75,-3.4499999999999957" vel="0,0,0" mass="1" elasticityCoef="1" ang="90,0,0" color="0,220,0" radius="0.5" length="4" />
		<capsule pos="-28.749999999999993,24.75,-1.1499999999999986" vel="0,0,0" mass="1" elasticityCoef="1" ang="90,0,0" color="0,220,0" radius="0.5" length="4" />
		<capsule pos="-28.749999999999993,24.75,1.1500000000000057" vel="0,0,0" mass="1" elasticityCoef="1" ang="90,0,0" color="0,220,0" radius="0.5" length="4" />
		<capsule pos="-28.749999999999993,24.75,3.450000000000003" vel="0,0,0" mass="1" elasticityCoef="1" ang="90,0,0" color="0,220,0" radius="0.5" length="4" />
		<capsule pos="-28.749999999999993,24.75,5.75" vel="0,0,0" mass="1" elasticityCoef="1" ang="90,0,0" color="0,220,0" radius="0.5" length="4" />
		<capsule pos="-28.749999999999993,24.75,8.050000000000004" vel="0,0,0" mass="1" elasticityCoef="1" ang="90,0,0" color="0,220,0" radius="0.5" length="4" />
		<capsule pos="-28.749999999999993,24.75,10.350000000000001" vel="0,0,0" mass="1" elasticityCoef="1" ang="90,0,0" color="0,220,0" radius="0.5" length="4" />
		<capsule pos="-28.749999999999993,24.75,12.650000000000006" vel="0,0,0" mass="1" elasticityCoef="1" ang="90,0,0" color="0,220,0" radius="0.5" length="4" />
		<capsule pos="-28.749999999999993,24.75,14.950000000000003" vel="0,0,0" mass="1" elasticityCoef="1" ang="90,0,0" color="0,220,0" radius="0.5" length="4" />
		<capsule pos="-28.749999999999993,24.75,17.25" vel="0,0,0" mass="1" elasticityCoef="1" ang="90,0,0" color="0,220,0" radius="0.5" length="4" />
		<capsule pos="-28.749999999999993,24.75,19.550000000000004" vel="0,0,0" mass="1" elasticityCoef="1" ang="90,0,0" color="0,220,0" radius="0.5" length="4" />
		<capsule pos="-28.749999999999993,24.75,21.85" vel="0,0,0" mass="1" elasticityCoef="1" ang="90,0,0" color="0,220,0" radius="0.5" length="4" />
		<capsule pos="-28.749999999999993,24.75,24.15" vel="0,0,0" mass="1" elasticityCoef="1" ang="90,0,0" color="0,220,0" radius="0.5" length="4" />
		<capsule pos="-28.749999999999993,24.75,26.450000000000003" vel="0,0,0" mass="1" elasticityCoef="1" ang="90,0,0" color="0,220,0" radius="0.5" length="4" />
		<capsule pos="-28.749999999999993,24.75,28.75" vel="0,0,0" mass="1" elasticityCoef="1" ang="90,0,0" color="0,220,0" radius="0.5" length="4" />
		<capsule pos="-28.749999999999993,24.75,31.049999999999997" vel="0,0,0" mass="1" elasticityCoef="1" ang="90,0,0" color="0,220,0" radius="0.5" length="4" />
		<capsule pos="-28.749999999999993,30.25,-33.349999999999994" vel="0,0,0" mass="1" elasticityCoef="1" ang="90,0,0" color="0,220,0" radius="0.5" length="4" />
		<capsule pos="-28.749999999999993,30.25,-31.049999999999994" vel="0,0,0" mass="1" elasticityCoef="1" ang="90,0,0" color="0,220,0" radius="0.5" length="4" />
		<capsule pos="-28.749999999999993,30.25,-28.749999999999993" vel="0,0,0" mass="1" elasticityCoef="1" ang="90,0,0" color="0,220,0" radius="0.5" length="4" />
		<capsule pos="-28.749999999999993,30.25,-26.449999999999996" vel="0,0,0" mass="1" elasticityCoef="1" ang="90,0,0" color="0,220,0" radius="0.5" length="4" />
		<capsule pos="-28.749999999999993,30.25,-24.149999999999995" vel="0,0,0" mass="1" elasticityCoef="1" ang="90,0,0" color="0,220,0" radius="0.5" length="4" />
		<capsule pos="-28.749999999999993,30.25,-21.849999999999994" vel="0,0,0" mass="1" elasticityCoef="1" ang="90,0,0" color="0,220,0" radius="0.5" length="4" />
		<capsule pos="-28.749999999999993,30.25,-19.549999999999997" vel="0,0,0" mass="1" elasticityCoef="1" ang="90,0,0" color="0,220,0" radius="0.5" length="4" />
		<capsule pos="-28.749999999999993,30.25,-17.249999999999996" vel="0,0,0" mass="1" elasticityCoef="1" ang="90,0,0" color="0,220,0" radius="0.5" length="4" />
		<capsule pos="-28.749999999999993,30.25,-14.949999999999996" vel="0,0,0" mass="1" elasticityCoef="1" ang="90,0,0" color="0,220,0" radius="0.5" length="4" />
		<capsule pos="-28.749999999999993,30.25,-12.649999999999995" vel="0,0,0" mass="1" elasticityCoef="1" ang="90,0,0" color="0,220,0" radius="0.5" length="4" />
		<capsule pos="-28.749999999999993,30.25,-10.349999999999994" vel="0,0,0" mass="1" elasticityCoef="1" ang="90,0,0" color="0,220,0" radius="0.5" length="4" />
		<capsule pos="-28.749999999999993,30.25,-8.049999999999997" vel="0,0,0" mass="1" elasticityCoef="1" ang="90,0,0" color="0,220,0" radius="0.5" length="4" />
		<capsule pos="-28.749999999999993,30.25,-5.7499999999999964" vel="0,0,0" mass="1" elasticityCoef="1" ang="90,0,0" color="0,220,0" radius="0.5" length="4" />
		<capsule pos="-28.749999999999993,30.25,-3.4499999999999957" vel="0,0,0" mass="1" elasticityCoef="1" ang="90,0,0" color="0,220,0" radius="0.5" length="4" />
		<capsule pos="-28.749999999999993,30.25,-1.1499999999999986" vel="0,0,0" mass="1" elasticityCoef="1" ang="90,0,0" color="0,220,0" radius="0.5" length="4" />
		<capsule pos="-28.749999999999993,30.25,1.1500000000000057" vel="0,0,0" mass="1" elasticityCoef="1" ang="90,0,0" color="0,220,0" radius="0.5" length="4" />
		<capsule pos="-28.749999999999993,30.25,3.450000000000003" vel="0,0,0" mass="1" elasticityCoef="1" ang="90,0,0" color="0,220,0" radius="0.5" length="4" />
		<capsule pos="-28.749999999999993,30.25,5.75" vel="0,0,0" mass="1" elasticityCoef="1" ang="90,0,0" color="0,220,0" radius="0.5" length="4" />
		<capsule pos="-28.749999999999993,30.25,8.050000000000004" vel="0,0,0" mass="1" elasticityCoef="1" ang="90,0,0" color="0,220,0" radius="0.5" length="4" />
		<capsule pos="-28.749999999999993,30.25,10.350000000000001" vel="0,0,0" mass="1" elasticityCoef="1" ang="90,0,0" color="0,220,0" radius="0.5" length="4" />
		<capsule pos="-28.749999999999993,30.25,12.650000000000006" vel="0,0,0" mass="1" elasticityCoef="1" ang="90,0,0" color="0,220,0" radius="0.5" length="4" />
		<capsule pos="-28.749999999999993,30.25,14.950000000000003" vel="0,0,0" mass="1" elasticityCoef="1" ang="90,0,0" color="0,220,0" radius="0.5" length="4" />
		<capsule pos="-28.749999999999993,30.25,17.25" vel="0,0,0" mass="1" elasticityCoef="1" ang="90,0,0" color="0,220,0" radius="0.5" length="4" />
		<capsule pos="-28.749999999999993,30.25,19.550000000000004" vel="0,0,0" mass="1" elasticityCoef="1" ang="90,0,0" color="0,220,0" radius="0.5" length="4" />
		<capsule pos="-28.749999999999993,30.25,21.85" vel="0,0,0" mass="1" elasticityCoef="1" ang="90,0,0" color="0,220,0" radius="0.5" length="4" />
		<capsule pos="-28.749999999999993,30.25,24.15" vel="0,0,0" mass="1" elasticityCoef="1" ang="90,0,0" color="0,220,0" radius="0.5" length="4" />
		<capsule pos="-28.749999999999993,30.25,26.450000000000003" vel="0,0,0" mass="1" elasticityCoef="1" ang="90,0,0" color="0,220,0" radius="0.5" length="4" />
		<capsule pos="-28.749999999999993,30.25,28.75" vel="0,0,0" mass="1" elasticityCoef="1" ang="90,0,0" color="0,220,0" radius="0.5" length="4" />
		<capsule pos="-28.749999999999993,30.25,31.049999999999997" vel="0,0,0" mass="1" elasticityCoef="1" ang="90,0,0" color="0,220,0" radius="0.5" length="4" />
		<capsule pos="-28.749999999999993,35.75,-33.349999999999994" vel="0,0,0" mass="1" elasticityCoef="1" ang="90,0,0" color="0,220,0" radius="0.5" length="4" />
		<capsule pos="-28.749999999999993,35.75,-31.049999999999994" vel="0,0,0" mass="1" elasticityCoef="1" ang="90,0,0" color="0,220,0" radius="0.5" length="4" />
		<capsule pos="-28.749999999999993,35.75,-28.749999999999993" vel="0,0,0" mass="1" elasticityCoef="1" ang="90,0,0" color="0,220,0" radius="0.5" length="4" />
		<capsule pos="-28.749999999999993,35.75,-26.449999999999996" vel="0,0,0" mass="1" elasticityCoef="1" ang="90,0,0" color="0,220,0" radius="0.5" length="4" />
		<capsule pos="-28.749999999999993,35.75,-24.149999999999995" vel="0,0,0" mass="1" elasticityCoef="1" ang="90,0,0" color="0,220,0" radius="0.5" length="4" />
		<capsule pos="-28.749999999999993,35.75,-21.849999999999994" vel="0,0,0" mass="1" elasticityCoef="1" ang="90,0,0" color="0,220,0" radius="0.5" length="4" />
		<capsule pos="-28.749999999999993,35.75,-19.549999999999997" vel="0,0,0" mass="1" elasticityCoef="1" ang="90,0,0" color="0,220,0" radius="0.5" length="4" />
		<capsule pos="-28.749999999999993,35.75,-17.249999999999996" vel="0,0,0" mass="1" elasticityCoef="1" ang="90,0,0" color="0,220,0" radius="0.5" length="4" />
		<capsule pos="-28.749999999999993,35.75,-14.949999999999996" vel="0,0,0" mass="1" elasticityCoef="1" ang="90,0,0" color="0,220,0" radius="0.5" length="4" />
		<capsule pos="-28.749999999999993,35.75,-12.649999999999995" vel="0,0,0" mass="1" elasticityCoef="1" ang="90,0,0" color="0,220,0" radius="0.5" length="4" />
		<capsule pos="-28.749999999999993,35.75,-10.349999999999994" vel="0,0,0" mass="1" elasticityCoef="1" ang="90,0,0" color="0,220,0" radius="0.5" length="4" />
		<capsule pos="-28.749999999999993,35.75,-8.049999999999997" vel="0,0,0" mass="1" elasticityCoef="1" ang="90,0,0" color="0,220,0" radius="0.5" length="4" />
		<capsule pos="-28.749999999999993,35.75,-5.7499999999999964" vel="0,0,0" mass="1" elasticityCoef="1" ang="90,0,0" color="0,220,0" radius="0.5" length="4" />
		<capsule pos="-28.749999999999993,35.75,-3.4499999999999957" vel="0,0,0" mass="1" elasticityCoef="1" ang="90,0,0" color="0,220,0" radius="0.5" length="4" />
		<capsule pos="-28.749999999999993,35.75,-1.1499999999999986" vel="0,0,0" mass="1" elasticityCoef="1" ang="90,0,0" color="0,220,0" radius="0.5" length="4" />
		<capsule pos="-28.749999999999993,35.75,1.1500000000000057" vel="0,0,0" mass="1" elasticityCoef="1" ang="90,0,0" color="0,220,0" radius="0.5" length="4" />
		<capsule pos="-28.749999999999993,35.75,3.450000000000003" vel="0,0,0" mass="1" elasticityCoef="1" ang="90,0,0" color="0,220,0" radius="0.5" length="4" />
		<capsule pos="-28.749999999999993,35.75,5.75" vel="0,0,0" mass="1" elasticityCoef="1" ang="90,0,0" color="0,220,0" radius="0.5" length="4" />
		<capsule pos="-28.749999999999993,35.75,8.050000000000004" vel="0,0,0" mass="1" elasticityCoef="1" ang="90,0,0" color="0,220,0" radius="0.5" length="4" />
		<capsule pos="-28.749999999999993,35.75,10.350000000000001" vel="0,0,0" mass="1" elasticityCoef="1" ang="90,0,0" color="0,220,0" radius="0.5" length="4" />
		<capsule pos="-28.749999999999993,35.75,12.650000000000006" vel="0,0,0" mass="1" elasticityCoef="1" ang="90,0,0" color="0,220,0" radius="0.5" length="4" />
		<capsule pos="-28.749999999999993,35.75,14.950000000000003" vel="0,0,0" mass="1" elasticityCoef="1" ang="90,0,0" color="0,220,0" radius="0.5" length="4" />
		<capsule pos="-28.749999999999993,35.75,17.25" vel="0,0,0" mass="1" elasticityCoef="1" ang="90,0,0" color="0,220,0" radius="0.5" length="4" />
		<capsule pos="-28.749999999999993,35.75,19.550000000000004" vel="0,0,0" mass="1" elasticityCoef="1" ang="90,0,0" color="0,220,0" radius="0.5" length="4" />
		<capsule pos="-28.749999999999993,35.75,21.85" vel="0,0,0" mass="1" elasticityCoef="1" ang="90,0,0" color="0,220,0" radius="0.5" length="4" />
		<capsule pos="-28.749999999999993,35.75,24.15" vel="0,0,0" mass="1" elasticityCoef="1" ang="90,0,0" color="0,220,0" radius="0.5" length="4" />
		<capsule pos="-28.749999999999993,35.75,26.450000000000003" vel="0,0,0" mass="1" elasticityCoef="1" ang="90,0,0" color="0,220,0" radius="0.5" length="4" />
		<capsule pos="-28.749999999999993,35.75,28.75" vel="0,0,0" mass="1" elasticityCoef="1" ang="90,0,0" color="0,220,0" radius="0.5" length="4" />
		<capsule pos="-28.749999999999993,35.75,31.049999999999997" vel="0,0,0" mass="1" elasticityCoef="1" ang="90,0,0" color="0,220,0" radius="0.5" length="4" />
		<capsule pos="-26.449999999999996,-41.25,-33.349999999999994" vel="0,0,0" mass="1" elasticityCoef="1" ang="90,0,0" color="0,220,0" radius="0.5" length="4" />
		<capsule pos="-26.449999999999996,-41.25,-31.049999999999994" vel="0,0,0" mass="1" elasticityCoef="1" ang="90,0,0" color="0,220,0" radius="0.5" length="4" />
		<capsule pos="-26.449999999999996,-41.25,-28.749999999999993" vel="0,0,0" mass="1" elasticityCoef="1" ang="90,0,0" color="0,220,0" radius="0.5" length="4" />
		<capsule pos="-26.449999999999996,-41.25,-26.449999999999996" vel="0,0,0" mass="1" elasticityCoef="1" ang="90,0,0" color="0,220,0" radius="0.5" length="4" />
		<capsule pos="-26.449999999999996,-41.25,-24.149999999999995" vel="0,0,0" mass="1" elasticityCoef="1" ang="90,0,0" color="0,220,0" radius="0.5" length="4" />
		<capsule pos="-26.449999999999996,-41.25,-21.849999999999994" vel="0,0,0" mass="1" elasticityCoef="1" ang="90,0,0" color="0,220,0" radius="0.5" length="4" />
		<capsule pos="-26.449999999999996,-41.25,-19.549999999999997" vel="0,0,0" mass="1" elasticityCoef="1" ang="90,0,0" color="0,220,0" radius="0.5" length="4" />
		<capsule pos="-26.449999999999996,-41.25,-17.249999999999996" vel="0,0,0" mass="1" elasticityCoef="1" ang="90,0,0" color="0,220,0" radius="0.5" length="4" />
		<capsule pos="-26.449999999999996,-41.25,-14.949999999999996" vel="0,0,0" mass="1" elasticityCoef="1" ang="90,0,0" color="0,220,0" radius="0.5" length="4" />
		<capsule pos="-26.449999999999996,-41.25,-12.649999999999995" vel="0,0,0" mass="1" elasticityCoef="1" ang="90,0,0" color="0,220,0" radius="0.5" length="4" />
		<capsule pos="-26.449999999999996,-41.25,-10.349999999999994" vel="0,0,0" mass="1" elasticityCoef="1" ang="90,0,0" color="0,220,0" radius="0.5" length="4" />
		<capsule pos="-26.449999999999996,-41.25,-8.049999999999997" vel="0,0,0" mass="1" elasticityCoef="1" ang="90,0,0" color="0,220,0" radius="0.5" length="4" />
		<capsule pos="-26.449999999999996,-41.25,-5.7499999999999964" vel="0,0,0" mass="1" elasticityCoef="1" ang="90,0,0" color="0,220,0" radius="0.5" length="4" />
		<capsule pos="-26.449999999999996,-41.25,-3.4499999999999957" vel="0,0,0" mass="1" elasticityCoef="1" ang="90,0,0" color="0,220,0" radius="0.5" length="4" />
		<capsule pos="-26.449999999999996,-41.25,-1.1499999999999986" vel="0,0,0" mass="1" elasticityCoef="1" ang="90,0,0" color="0,220,0" radius="0.5" length="4" />
		<capsule pos="-26.449999999999996,-41.25,1.1500000000000057" vel="0,0,0" mass="1" elasticityCoef="1" ang="90,0,0" color="0,220,0" radius="0.5" length="4" />
		<capsule pos="-26.449999999999996,-41.25,3.450000000000003" vel="0,0,0" mass="1" elasticityCoef="1" ang="90,0,0" color="0,220,0" radius="0.5" length="4" />
		<capsule pos="-26.449999999999996,-41.25,5.75" vel="0,0,0" mass="1" elasticityCoef="1" ang="90,0,0" color="0,220,0" radius="0.5" length="4" />
		<capsule pos="-26.449999999999996,-41.25,8.050000000000004" vel="0,0,0" mass="1" elasticityCoef="1" ang="90,0,0" color="0,220,0" radius="0.5" length="4" />
		<capsule pos="-26.449999999999996,-41.25,10.350000000000001" vel="0,0,0" mass="1" elasticityCoef="1" ang="90,0,0" color="0,220,0" radius="0.5" length="4" />
		<capsule pos="-26.449999999999996,-41.25,12.650000000000006" vel="0,0,0" mass="1" elasticityCoef="1" ang="90,0,0" color="0,220,0" radius="0.5" length="4" />
		<capsule pos="-26.449999999999996,-41.25,14.950000000000003" vel="0,0,0" mass="1" elasticityCoef="1" ang="90,0,0" color="0,220,0" radius="0.5" length="4" />
		<capsule pos="-26.449999999999996,-41.25,17.25" vel="0,0,0" mass="1" elasticityCoef="1" ang="90,0,0" color="0,220,0" radius="0.5" length="4" />
		<capsule pos="-26.449999999999996,-41.25,19.550000000000004" vel="0,0,0" mass="1" elasticityCoef="1" ang="90,0,0" color="0,220,0" radius="0.5" length="4" />
		<capsule pos="-26.449999999999996,-41.25,21.85" vel="0,0,0" mass="1" elasticityCoef="1" ang="90,0,0" color="0,220,0" radius="0.5" length="4" />
		<capsule pos="-26.449999999999996,-41.25,24.15" vel="0,0,0" mass="1" elasticityCoef="1" ang="90,0,0" color="0,220,0" radius="0.5" length="4" />
		<capsule pos="-26.449999999999996,-41.25,26.450000000000003" vel="0,0,0" mass="1" elasticityCoef="1" ang="90,0,0" color="0,220,0" radius="0.5" length="4" />
		<capsule pos="-26.449999999999996,-41.25,28.75" vel="0,0,0" mass="1" elasticityCoef="1" ang="90,0,0" color="0,220,0" radius="0.5" length="4" />
		<capsule pos="-26.449999999999996,-41.25,31.049999999999997" vel="0,0,0" mass="1" elasticityCoef="1" ang="90,0,0" color="0,220,0" radius="0.5" length="4" />
		<capsule pos="-26.449999999999996,-35.75,-33.349999999999994" vel="0,0,0" mass="1" elasticityCoef="1" ang="90,0,0" color="0,220,0" radius="0.5" length="4" />
		<capsule pos="-26.449999999999996,-35.75,-31.049999999999994" vel="0,0,0" mass="1" elasticityCoef="1" ang="90,0,0" color="0,220,0" radius="0.5" length="4" />
		<capsule pos="-26.449999999999996,-35.75,-28.749999999999993" vel="0,0,0" mass="1" elasticityCoef="1" ang="90,0,0" color="0,220,0" radius="0.5" length="4" />
		<capsule pos="-26.449999999999996,-35.75,-26.449999999999996" vel="0,0,0" mass="1" elasticityCoef="1" ang="90,0,0" color="0,220,0" radius="0.5" length="4" />
		<capsule pos="-26.449999999999996,-35.75,-24.149999999999995" vel="0,0,0" mass="1" elasticityCoef="1" ang="90,0,0" color="0,220,0" radius="0.5" length="4" />
		<capsule pos="-26.449999999999996,-35.75,-21.849999999999994" vel="0,0,0" mass="1" elasticityCoef="1" ang="90,0,0" color="0,220,0" radius="0.5" length="4" />
		<capsule pos="-26.449999999999996,-35.75,-19.549999999999997" vel="0,0,0" mass="1" elasticityCoef="1" ang="90,0,0" color="0,220,0" radius="0.5" length="4" />
		<capsule pos="-26.449999999999996,-35.75,-17.249999999999996" vel="0,0,0" mass="1" elasticityCoef="1" ang="90,0,0" color="0,220,0" radius="0.5" length="4" />
		<capsule pos="-26.449999999999996,-35.75,-14.949999999999996" vel="0,0,0" mass="1" elasticityCoef="1" ang="90,0,0" color="0,220,0" radius="0.5" length="4" />
		<capsule pos="-26.449999999999996,-35.75,-12.649999999999995" vel="0,0,0" mass="1" elasticityCoef="1" ang="90,0,0" color="0,220,0" radius="0.5" length="4" />
		<capsule pos="-26.449999999999996,-35.75,-10.349999999999994" vel="0,0,0" mass="1" elasticityCoef="1" ang="90,0,0" color="0,220,0" radius="0.5" length="4" />
		<capsule pos="-26.449999999999996,-35.75,-8.049999999999997" vel="0,0,0" mass="1" elasticityCoef="1" ang="90,0,0" color="0,220,0" radius="0.5" length="4" />
		<capsule pos="-26.449999999999996,-35.75,-5.7499999999999964" vel="0,0,0" mass="1" elasticityCoef="1" ang="90,0,0" color="0,220,0" radius="0.5" length="4" />
		<capsule pos="-26.449999999999996,-35.75,-3.4499999999999957" vel="0,0,0" mass="1" elasticityCoef="1" ang="90,0,0" color="0,220,0" radius="0.5" length="4" />
		<capsule pos="-26.449999999999996,-35.75,-1.1499999999999986" vel="0,0,0" mass="1" elasticityCoef="1" ang="90,0,0" color="0,220,0" radius="0.5" length="4" />
		<capsule pos="-26.449999999999996,-35.75,1.1500000000000057" vel="0,0,0" mass="1" elasticityCoef="1" ang="90,0,0" color="0,220,0" radius="0.5" length="4" />
		<capsule pos="-26.449999999999996,-35.75,3.450000000000003" vel="0,0,0" mass="1" elasticityCoef="1" ang="90,0,0" color="0,220,0" radius="0.5" length="4" />
		<capsule pos="-26.449999999999996,-35.75,5.75" vel="0,0,0" mass="1" elasticityCoef="1" ang="90,0,0" color="0,220,0" radius="0.5" length="4" />
		<capsule pos="-26.449999999999996,-35.75,8.050000000000004" vel="0,0,0" mass="1" elasticityCoef="1" ang="90,0,0" color="0,220,0" radius="0.5" length="4" />
		<capsule pos="-26.449999999999996,-35.75,10.350000000000001" vel="0,0,0" mass="1" elasticityCoef="1" ang="90,0,0" color="0,220,0" radius="0.5" length="4" />
		<capsule pos="-26.449999999999996,-35.75,12.650000000000006" vel="0,0,0" mass="1" elasticityCoef="1" ang="90,0,0" color="0,220,0" radius="0.5" length="4" />
		<capsule pos="-26.449999999999996,-35.75,14.950000000000003" vel="0,0,0" mass="1" elasticityCoef="1" ang="90,0,0" color="0,220,0" radius="0.5" length="4" />
		<capsule pos="-26.449999999999996,-35.75,17.25" vel="0,0,0" mass="1" elasticityCoef="1" ang="90,0,0" color="0,220,0" radius="0.5" length="4" />
		<capsule pos="-26.449999999999996,-35.75,19.550000000000004" vel="0,0,0" mass="1" elasticityCoef="1" ang="90,0,0" color="0,220,0" radius="0.5" length="4" />
		<capsule pos="-26.449999999999996,-35.75,21.85" vel="0,0,0" mass="1" elasticityCoef="1" ang="90,0,0" color="0,220,0" radius="0.5" length="4" />
		<capsule pos="-26.449999999999996,-35.75,24.15" vel="0,0,0" mass="1" elasticityCoef="1" ang="90,0,0" color="0,220,0" radius="0.5" length="4" />
		<capsule pos="-26.449999999999996,-35.75,26.450000000000003" vel="0,0,0" mass="1" elasticityCoef="1" ang="90,0,0" color="0,220,0" radius="0.5" length="4" />
		<capsule pos="-26.449999999999996,-35.75,28.75" vel="0,0,0" mass="1" elasticityCoef="1" ang="90,0,0" color="0,220,0" radius="0.5" length="4" />
		<capsule pos="-26.449999999999996,-35.75,31.049999999999997" vel="0,0,0" mass="1" elasticityCoef="1" ang="90,0,0" color="0,220,0" radius="0.5" length="4" />
		<capsule pos="-26.449999999999996,-30.25,-33.349999999999994" vel="0,0,0" mass="1" elasticityCoef="1" ang="90,0,0" color="0,220,0" radius="0.5" length="4" />
		<capsule pos="-26.449999999999996,-30.25,-31.049999999999994" vel="0,0,0" mass="1" elasticityCoef="1" ang="90,0,0" color="0,220,0" radius="0.5" length="4" />
		<capsule pos="-26.449999999999996,-30.25,-28.749999999999993" vel="0,0,0" mass="1" elasticityCoef="1" ang="90,0,0" color="0,220,0" radius="0.5" length="4" />
		<capsule pos="-26.449999999999996,-30.25,-26.449999999999996" vel="0,0,0" mass="1" elasticityCoef="1" ang="90,0,0" color="0,220,0" radius="0.5" length="4" />
		<capsule pos="-26.449999999999996,-30.25,-24.149999999999995" vel="0,0,0" mass="1" elasticityCoef="1" ang="90,0,0" color="0,220,0" radius="0.5" length="4" />
		<capsule pos="-26.449999999999996,-30.25,-21.849999999999994" vel="0,0,0" mass="1" elasticityCoef="1" ang="90,0,0" color="0,220,0" radius="0.5" length="4" />
		<capsule pos="-26.449999999999996,-30.25,-19.549999999999997" vel="0,0,0" mass="1" elasticityCoef="1" ang="90,0,0" color="0,220,0" radius="0.5" length="4" />
		<capsule pos="-26.449999999999996,-30.25,-17.249999999999996" vel="0,0,0" mass="1" elasticityCoef="1" ang="90,0,0" color="0,220,0" radius="0.5" length="4" />
		<capsule pos="-26.449999999999996,-30.25,-14.949999999999996" vel="0,0,0" mass="1" elasticityCoef="1" ang="90,0,0" color="0,220,0" radius="0.5" length="4" />
		<capsule pos="-26.449999999999996,-30.25,-12.649999999999995" vel="0,0,0" mass="1" elasticityCoef="1" ang="90,0,0" color="0,220,0" radius="0.5" length="4" />
		<capsule pos="-26.449999999999996,-30.25,-10.349999999999994" vel="0,0,0" mass="1" elasticityCoef="1" ang="90,0,0" color="0,220,0" radius="0.5" length="4" />
		<capsule pos="-26.449999999999996,-30.25,-8.049999999999997" vel="0,0,0" mass="1" elasticityCoef="1" ang="90,0,0" color="0,220,0" radius="0.5" length="4" />
		<capsule pos="-26.449999999999996,-30.25,-5.7499999999999964" vel="0,0,0" mass="1" elasticityCoef="1" ang="90,0,0" color="0,220,0" radius="0.5" length="4" />
		<capsule pos="-26.449999999999996,-30.25,-3.4499999999999957" vel="0,0,0" mass="1" elasticityCoef="1" ang="90,0,0" color="0,220,0" radius="0.5" length="4" />
		<capsule pos="-26.449999999999996,-30.25,-1.1499999999999986" vel="0,0,0" mass="1" elasticityCoef="1" ang="90,0,0" color="0,220,0" radius="0.5" length="4" />
		<capsule pos="-26.449999999999996,-30.25,1.1500000000000057" vel="0,0,0" mass="1" elasticityCoef="1" ang="90,0,0" color="0,220,0" radius="0.5" length="4" />
		<capsule pos="-26.449999999999996,-30.25,3.450000000000003" vel="0,0,0" mass="1" elasticityCoef="1" ang="90,0,0" color="0,220,0" radius="0.5" length="4" />
		<capsule pos="-26.449999999999996,-30.25,5.75" vel="0,0,0" mass="1" elasticityCoef="1" ang="90,0,0" color="0,220,0" radius="0.5" length="4" />
		<capsule pos="-26.449999999999996,-30.25,8.050000000000004" vel="0,0,0" mass="1" elasticityCoef="1" ang="90,0,0" color="0,220,0" radius="0.5" length="4" />
		<capsule pos="-26.449999999999996,-30.25,10.350000000000001" vel="0,0,0" mass="1" elasticityCoef="1" ang="90,0,0" color="0,220,0" radius="0.5" length="4" />
		<capsule pos="-26.449999999999996,-30.25,12.650000000000006" vel="0,0,0" mass="1" elasticityCoef="1" ang="90,0,0" color="0,220,0" radius="0.5" length="4" />
		<capsule pos="-26.449999999999996,-30.25,14.950000000000003" vel="0,0,0" mass="1" elasticityCoef="1" ang="90,0,0" color="0,220,0" radius="0.5" length="4" />
		<capsule pos="-26.449999999999996,-30.25,17.25" vel="0,0,0" mass="1" elasticityCoef="1" ang="90,0,0" color="0,220,0" radius="0.5" length="4" />
		<capsule pos="-26.449999999999996,-30.25,19.550000000000004" vel="0,0,0" mass="1" elasticityCoef="1" ang="90,0,0" color="0,220,0" radius="0.5" length="4" />
		<capsule pos="-26.449999999999996,-30.25,21.85" vel="0,0,0" mass="1" elasticityCoef="1" ang="90,0,0" color="0,220,0" radius="0.5" length="4" />
		<capsule pos="-26.449999999999996,-30.25,24.15" vel="0,0,0" mass="1" elasticityCoef="1" ang="90,0,0" color="0,220,0" radius="0.5" length="4" />
		<capsule pos="-26.449999999999996,-30.25,26.450000000000003" vel="0,0,0" mass="1" elasticityCoef="1" ang="90,0,0" color="0,220,0" radius="0.5" length="4" />
		<capsule pos="-26.449999999999996,-30.25,28.75" vel="0,0,0" mass="1" elasticityCoef="1" ang="90,0,0" color="0,220,0" radius="0.5" length="4" />
		<capsule pos="-26.449999999999996,-30.25,31.049999999999997" vel="0,0,0" mass="1" elasticityCoef="1" ang="90,0,0" color="0,220,0" radius="0.5" length="4" />
		<capsule pos="-26.449999999999996,-24.75,-33.349999999999994" vel="0,0,0" mass="1" elasticityCoef="1" ang="90,0,0" color="0,220,0" radius="0.5" length="4" />
		<capsule pos="-26.449999999999996,-24.75,-31.049999999999994" vel="0,0,0" mass="1" elasticityCoef="1" ang="90,0,0" color="0,220,0" radius="0.5" length="4" />
		<capsule pos="-26.449999999999996,-24.75,-28.749999999999993" vel="0,0,0" mass="1" elasticityCoef="1" ang="90,0,0" color="0,220,0" radius="0.5" length="4" />
		<capsule pos="-26.449999999999996,-24.75,-26.449999999999996" vel="0,0,0" mass="1" elasticityCoef="1" ang="90,0,0" color="0,220,0" radius="0.5" length="4" />
		<capsule pos="-26.449999999999996,-24.75,-24.149999999999995" vel="0,0,0" mass="1" elasticityCoef="1" ang="90,0,0" color="0,220,0" radius="0.5" length="4" />
		<capsule pos="-26.449999999999996,-24.75,-21.849999999999994" vel="0,0,0" mass="1" elasticityCoef="1" ang="90,0,0" color="0,220,0" radius="0.5" length="4" />
		<capsule pos="-26.449999999999996,-24.75,-19.549999999999997" vel="0,0,0" mass="1" elasticityCoef="1" ang="90,0,0" color="0,220,0" radius="0.5" length="4" />
		<capsule pos="-26.449999999999996,-24.75,-17.249999999999996" vel="0,0,0" mass="1" elasticityCoef="1" ang="90,0,0" color="0,220,0" radius="0.5" length="4" />
		<capsule pos="-26.449999999999996,-24.75,-14.949999999999996" vel="0,0,0" mass="1" elasticityCoef="1" ang="90,0,0" color="0,220,0" radius="0.5" length="4" />
		<capsule pos="-26.449999999999996,-24.75,-12.649999999999995" vel="0,0,0" mass="1" elasticityCoef="1" ang="90,0,0" color="0,220,0" radius="0.5" length="4" />
		<capsule pos="-26.449999999999996,-24.75,-10.349999999999994" vel="0,0,0" mass="1" elasticityCoef="1" ang="90,0,0" color="0,220,0" radius="0.5" length="4" />
		<capsule pos="-26.449999999999996,-24.75,-8.049999999999997" vel="0,0,0" mass="1" elasticityCoef="1" ang="90,0,0" color="0,220,0" radius="0.5" length="4" />
		<capsule pos="-26.449999999999996,-24.75,-5.7499999999999964" vel="0,0,0" mass="1" elasticityCoef="1" ang="90,0,0" color="0,220,0" radius="0.5" length="4" />
		<capsule pos="-26.449999999999996,-24.75,-3.4499999999999957" vel="0,0,0" mass="1" elasticityCoef="1" ang="90,0,0" color="0,220,0" radius="0.5" length="4" />
		<capsule pos="-26.449999999999996,-24.75,-1.1499999999999986" vel="0,0,0" mass="1" elasticityCoef="1" ang="90,0,0" color="0,220,0" radius="0.5" length="4" />
		<capsule pos="-26.449999999999996,-24.75,1.1500000000000057" vel="0,0,0" mass="1" elasticityCoef="1" ang="90,0,0" color="0,220,0" radius="0.5" length="4" />
		<capsule pos="-26.449999999999996,-24.75,3.450000000000003" vel="0,0,0" mass="1" elasticityCoef="1" ang="90,0,0" color="0,220,0" radius="0.5" length="4" />
		<capsule pos="-26.449999999999996,-24.75,5.75" vel="0,0,0" mass="1" elasticityCoef="1" ang="90,0,0" color="0,220,0" radius="0.5" length="4" />
		<capsule pos="-26.449999999999996,-24.75,8.050000000000004" vel="0,0,0" mass="1" elasticityCoef="1" ang="90,0,0" color="0,220,0" radius="0.5" length="4" />
		<capsule pos="-26.449999999999996,-24.75,10.350000000000001" vel="0,0,0" mass="1" elasticityCoef="1" ang="90,0,0" color="0,220,0" radius="0.5" length="4" />
		<capsule pos="-26.449999999999996,-24.75,12.650000000000006" vel="0,0,0" mass="1" elasticityCoef="1" ang="90,0,0" color="0,220,0" radius="0.5" length="4" />
		<capsule pos="-26.449999999999996,-24.75,14.950000000000003" vel="0,0,0" mass="1" elasticityCoef="1" ang="90,0,0" color="0,220,0" radius="0.5" length="4" />
		<capsule pos="-26.449999999999996,-24.75,17.25" vel="0,0,0" mass="1" elasticityCoef="1" ang="90,0,0" color="0,220,0" radius="0.5" length="4" />
		<capsule pos="-26.449999999999996,-24.75,19.550000000000004" vel="0,0,0" mass="1" elasticityCoef="1" ang="90,0,0" color="0,220,0" radius="0.5" length="4" />
		<capsule pos="-26.449999999999996,-24.75,21.85" vel="0,0,0" mass="1" elasticityCoef="1" ang="90,0,0" color="0,220,0" radius="0.5" length="4" />
		<capsule pos="-26.449999999999996,-24.75,24.15" vel="0,0,0" mass="1" elasticityCoef="1" ang="90,0,0" color="0,220,0" radius="0.5" length="4" />
		<capsule pos="-26.449999999999996,-24.75,26.450000000000003" vel="0,0,0" mass="1" elasticityCoef="1" ang="90,0,0" color="0,220,0" radius="0.5" length="4" />
		<capsule pos="-26.449999999999996,-24.75,28.75" vel="0,0,0" mass="1" elasticityCoef="1" ang="90,0,0" color="0,220,0" radius="0.5" length="4" />
		<capsule pos="-26.449999999999996,-24.75,31.049999999999997" vel="0,0,0" mass="1" elasticityCoef="1" ang="90,0,0" color="0,220,0" radius="0.5" length="4" />
		<capsule pos="-26.449999999999996,-19.25,-33.349999999999994" vel="0,0,0" mass="1" elasticityCoef="1" ang="90,0,0" color="0,220,0" radius="0.5" length="4" />
		<capsule pos="-26.449999999999996,-19.25,-31.049999999999994" vel="0,0,0" mass="1" elasticityCoef="1" ang="90,0,0" color="0,220,0" radius="0.5" length="4" />
		<capsule pos="-26.449999999999996,-19.25,-28.749999999999993" vel="0,0,0" mass="1" elasticityCoef="1" ang="90,0,0" color="0,220,0" radius="0.5" length="4" />
		<capsule pos="-26.449999999999996,-19.25,-26.449999999999996" vel="0,0,0" mass="1" elasticityCoef="1" ang="90,0,0" color="0,220,0" radius="0.5" length="4" />
		<capsule pos="-26.449999999999996,-19.25,-24.149999999999995" vel="0,0,0" mass="1" elasticityCoef="1" ang="90,0,0" color="0,220,0" radius="0.5" length="4" />
		<capsule pos="-26.449999999999996,-19.25,-21.849999999999994" vel="0,0,0" mass="1" elasticityCoef="1" ang="90,0,0" color="0,220,0" radius="0.5" length="4" />
		<capsule pos="-26.449999999999996,-19.25,-19.549999999999997" vel="0,0,0" mass="1" elasticityCoef="1" ang="90,0,0" color="0,220,0" radius="0.5" length="4" />
		<capsule pos="-26.449999999999996,-19.25,-17.249999999999996" vel="0,0,0" mass="1" elasticityCoef="1" ang="90,0,0" color="0,220,0" radius="0.5" length="4" />
		<capsule pos="-26.449999999999996,-19.25,-14.949999999999996" vel="0,0,0" mass="1" elasticityCoef="1" ang="90,0,0" color="0,220,0" radius="0.5" length="4" />
		<capsule pos="-26.449999999999996,-19.25,-12.649999999999995" vel="0,0,0" mass="1" elasticityCoef="1" ang="90,0,0" color="0,220,0" radius="0.5" length="4" />
		<capsule pos="-26.449999999999996,-19.25,-10.349999999999994" vel="0,0,0" mass="1" elasticityCoef="1" ang="90,0,0" color="0,220,0" radius="0.5" length="4" />
		<capsule pos="-26.449999999999996,-19.25,-8.049999999999997" vel="0,0,0" mass="1" elasticityCoef="1" ang="90,0,0" color="0,220,0" radius="0.5" length="4" />
		<capsule pos="-26.449999999999996,-19.25,-5.7499999999999964" vel="0,0,0" mass="1" elasticityCoef="1" ang="90,0,0" color="0,220,0" radius="0.5" length="4" />
		<capsule pos="-26.449999999999996,-19.25,-3.4499999999999957" vel="0,0,0" mass="1" elasticityCoef="1" ang="90,0,0" color="0,220,0" radius="0.5" length="4" />
		<capsule pos="-26.449999999999996,-19.25,-1.1499999999999986" vel="0,0,0" mass="1" elasticityCoef="1" ang="90,0,0" color="0,220,0" radius="0.5" length="4" />
		<capsule pos="-26.449999999999996,-19.25,1.1500000000000057" vel="0,0,0" mass="1" elasticityCoef="1" ang="90,0,0" color="0,220,0" radius="0.5" length="4" />
		<capsule pos="-26.449999999999996,-19.25,3.450000000000003" vel="0,0,0" mass="1" elasticityCoef="1" ang="90,0,0" color="0,220,0" radius="0.5" length="4" />
		<capsule pos="-26.449999999999996,-19.25,5.75" vel="0,0,0" mass="1" elasticityCoef="1" ang="90,0,0" color="0,220,0" radius="0.5" length="4" />
		<capsule pos="-26.449999999999996,-19.25,8.050000000000004" vel="0,0,0" mass="1" elasticityCoef="1" ang="90,0,0" color="0,220,0" radius="0.5" length="4" />
		<capsule pos="-26.449999999999996,-19.25,10.350000000000001" vel="0,0,0" mass="1" elasticityCoef="1" ang="90,0,0" color="0,220,0" radius="0.5" length="4" />
		<capsule pos="-26.449999999999996,-19.25,12.650000000000006" vel="0,0,0" mass="1" elasticityCoef="1" ang="90,0,0" color="0,220,0" radius="0.5" length="4" />
		<capsule pos="-26.449999999999996,-19.25,14.950000000000003" vel="0,0,0" mass="1" elasticityCoef="1" ang="90,0,0" color="0,220,0" radius="0.5" length="4" />
		<capsule pos="-26.449999999999996,-19.25,17.25" vel="0,0,0" mass="1" elasticityCoef="1" ang="90,0,0" color="0,220,0" radius="0.5" length="4" />
		<capsule pos="-26.449999999999996,-19.25,19.550000000000004" vel="0,0,0" mass="1" elasticityCoef="1" ang="90,0,0" color="0,220,0" radius="0.5" length="4" />
		<capsule pos="-26.449999999999996,-19.25,21.85" vel="0,0,0" mass="1" elasticityCoef="1" ang="90,0,0" color="0,220,0" radius="0.5" length="4" />
		<capsule pos="-26.449999999999996,-19.25,24.15" vel="0,0,0" mass="1" elasticityCoef="1" ang="90,0,0" color="0,220,0" radius="0.5" length="4" />
		<capsule pos="-26.449999999999996,-19.25,26.450000000000003" vel="0,0,0" mass="1" elasticityCoef="1" ang="90,0,0" color="0,220,0" radius="0.5" length="4" />
		<capsule pos="-26.449999999999996,-19.25,28.75" vel="0,0,0" mass="1" elasticityCoef="1" ang="90,0,0" color="0,220,0" radius="0.5" length="4" />
		<capsule pos="-26.449999999999996,-19.25,31.049999999999997" vel="0,0,0" mass="1" elasticityCoef="1" ang="90,0,0" color="0,220,0" radius="0.5" length="4" />
		<capsule pos="-26.449999999999996,-13.75,-33.349999999999994" vel="0,0,0" mass="1" elasticityCoef="1" ang="90,0,0" color="0,220,0" radius="0.5" length="4" />
		<capsule pos="-26.449999999999996,-13.75,-31.049999999999994" vel="0,0,0" mass="1" elasticityCoef="1" ang="90,0,0" color="0,220,0" radius="0.5" length="4" />
		<capsule pos="-26.449999999999996,-13.75,-28.749999999999993" vel="0,0,0" mass="1" elasticityCoef="1" ang="90,0,0" color="0,220,0" radius="0.5" length="4" />
		<capsule pos="-26.449999999999996,-13.75,-26.449999999999996" vel="0,0,0" mass="1" elasticityCoef="1" ang="90,0,0" color="0,220,0" radius="0.5" length="4" />
		<capsule pos="-26.449999999999996,-13.75,-24.149999999999995" vel="0,0,0" mass="1" elasticityCoef="1" ang="90,0,0" color="0,220,0" radius="0.5" length="4" />
		<capsule pos="-26.449999999999996,-13.75,-21.849999999999994" vel="0,0,0" mass="1" elasticityCoef="1" ang="90,0,0" color="0,220,0" radius="0.5" length="4" />
		<capsule pos="-26.449999999999996,-13.75,-19.549999999999997" vel="0,0,0" mass="1" elasticityCoef="1" ang="90,0,0" color="0,220,0" radius="0.5" length="4" />
		<capsule pos="-26.449999999999996,-13.75,-17.249999999999996" vel="0,0,0" mass="1" elasticityCoef="1" ang="90,0,0" color="0,220,0" radius="0.5" length="4" />
		<capsule pos="-26.449999999999996,-13.75,-14.949999999999996" vel="0,0,0" mass="1" elasticityCoef="1" ang="90,0,0" color="0,220,0" radius="0.5" length="4" />
		<capsule pos="-26.449999999999996,-13.75,-12.649999999999995" vel="0,0,0" mass="1" elasticityCoef="1" ang="90,0,0" color="0,220,0" radius="0.5" length="4" />
		<capsule pos="-26.449999999999996,-13.75,-10.349999999999994" vel="0,0,0" mass="1" elasticityCoef="1" ang="90,0,0" color="0,220,0" radius="0.5" length="4" />
		<capsule pos="-26.449999999999996,-13.75,-8.049999999999997" vel="0,0,0" mass="1" elasticityCoef="1" ang="90,0,0" color="0,220,0" radius="0.5" length="4" />
		<capsule pos="-26.449999999999996,-13.75,-5.7499999999999964" vel="0,0,0" mass="1" elasticityCoef="1" ang="90,0,0" color="0,220,0" radius="0.5" length="4" />
		<capsule pos="-26.449999999999996,-13.75,-3.4499999999999957" vel="0,0,0" mass="1" elasticityCoef="1" ang="90,0,0" color="0,220,0" radius="0.5" length="4" />
		<capsule pos="-26.449999999999996,-13.75,-1.1499999999999986" vel="0,0,0" mass="1" elasticityCoef="1" ang="90,0,0" color="0,220,0" radius="0.5" length="4" />
		<capsule pos="-26.449999999999996,-13.75,1.1500000000000057" vel="0,0,0" mass="1" elasticityCoef="1" ang="90,0,0" color="0,220,0" radius="0.5" length="4" />
		<capsule pos="-26.449999999999996,-13.75,3.450000000000003" vel="0,0,0" mass="1" elasticityCoef="1" ang="90,0,0" color="0,220,0" radius="0.5" length="4" />
		<capsule pos="-26.449999999999996,-13.75,5.75" vel="0,0,0" mass="1" elasticityCoef="1" ang="90,0,0" color="0,220,0" radius="0.5" length="4" />
		<capsule pos="-26.449999999999996,-13.75,8.050000000000004" vel="0,0,0" mass="1" elasticityCoef="1" ang="90,0,0" color="0,220,0" radius="0.5" length="4" />
		<capsule pos="-26.449999999999996,-13.75,10.350000000000001" vel="0,0,0" mass="1" elasticityCoef="1" ang="90,0,0" color="0,220,0" radius="0.5" length="4" />
		<capsule pos="-26.449999999999996,-13.75,12.650000000000006" vel="0,0,0" mass="1" elasticityCoef="1" ang="90,0,0" color="0,220,0" radius="0.5" length="4" />
		<capsule pos="-26.449999999999996,-13.75,14.950000000000003" vel="0,0,0" mass="1" elasticityCoef="1" ang="90,0,0" color="0,220,0" radius="0.5" length="4" />
		<capsule pos="-26.449999999999996,-13.75,17.25" vel="0,0,0" mass="1" elasticityCoef="1" ang="90,0,0" color="0,220,0" radius="0.5" length="4" />
		<capsule pos="-26.449999999999996,-13.75,19.550000000000004" vel="0,0,0" mass="1" elasticityCoef="1" ang="90,0,0" color="0,220,0" radius="0.5" length="4" />
		<capsule pos="-26.449999999999996,-13.75,21.85" vel="0,0,0" mass="1" elasticityCoef="1" ang="90,0,0" color="0,220,0" radius="0.5" length="4" />
		<capsule pos="-26.449999999999996,-13.75,24.15" vel="0,0,0" mass="1" elasticityCoef="1" ang="90,0,0" color="0,220,0" radius="0.5" length="4" />
		<capsule pos="-26.449999999999996,-13.75,26.450000000000003" vel="0,0,0" mass="1" elasticityCoef="1" ang="90,0,0" color="0,220,0" radius="0.5" length="4" />
		<capsule pos="-26.449999999999996,-13.75,28.75" vel="0,0,0" mass="1" elasticityCoef="1" ang="90,0,0" color="0,220,0" radius="0.5" length="4" />
		<capsule pos="-26.449999999999996,-13.75,31.049999999999997" vel="0,0,0" mass="1" elasticityCoef="1" ang="90,0,0" color="0,220,0" radius="0.5" length="4" />
		<capsule pos="-26.449999999999996,-8.25,-33.349999999999994" vel="0,0,0" mass="1" elasticityCoef="1" ang="90,0,0" color="0,220,0" radius="0.5" length="4" />
		<capsule pos="-26.449999999999996,-8.25,-31.049999999999994" vel="0,0,0" mass="1" elasticityCoef="1" ang="90,0,0" color="0,220,0" radius="0.5" length="4" />
		<capsule pos="-26.449999999999996,-8.25,-28.749999999999993" vel="0,0,0" mass="1" elasticityCoef="1" ang="90,0,0" color="0,220,0" radius="0.5" length="4" />
		<capsule pos="-26.449999999999996,-8.25,-26.449999999999996" vel="0,0,0" mass="1" elasticityCoef="1" ang="90,0,0" color="0,220,0" radius="0.5" length="4" />
		<capsule pos="-26.449999999999996,-8.25,-24.149999999999995" vel="0,0,0" mass="1" elasticityCoef="1" ang="90,0,0" color="0,220,0" radius="0.5" length="4" />
		<capsule pos="-26.449999999999996,-8.25,-21.849999999999994" vel="0,0,0" mass="1" elasticityCoef="1" ang="90,0,0" color="0,220,0" radius="0.5" length="4" />
		<capsule pos="-26.449999999999996,-8.25,-19.549999999999997" vel="0,0,0" mass="1" elasticityCoef="1" ang="90,0,0" color="0,220,0" radius="0.5" length="4" />
		<capsule pos="-26.449999999999996,-8.25,-17.249999999999996" vel="0,0,0" mass="1" elasticityCoef="1" ang="90,0,0" color="0,220,0" radius="0.5" length="4" />
		<capsule pos="-26.449999999999996,-8.25,-14.949999999999996" vel="0,0,0" mass="1" elasticityCoef="1" ang="90,0,0" color="0,220,0" radius="0.5" length="4" />
		<capsule pos="-26.449999999999996,-8.25,-12.649999999999995" vel="0,0,0" mass="1" elasticityCoef="1" ang="90,0,0" color="0,220,0" radius="0.5" length="4" />
		<capsule pos="-26.449999999999996,-8.25,-10.349999999999994" vel="0,0,0" mass="1" elasticityCoef="1" ang="90,0,0" color="0,220,0" radius="0.5" length="4" />
		<capsule pos="-26.449999999999996,-8.25,-8.049999999999997" vel="0,0,0" mass="1" elasticityCoef="1" ang="90,0,0" color="0,220,0" radius="0.5" length="4" />
		<capsule pos="-26.449999999999996,-8.25,-5.7499999999999964" vel="0,0,0" mass="1" elasticityCoef="1" ang="90,0,0" color="0,220,0" radius="0.5" length="4" />
		<capsule pos="-26.449999999999996,-8.25,-3.4499999999999957" vel="0,0,0" mass="1" elasticityCoef="1" ang="90,0,0" color="0,220,0" radius="0.5" length="4" />
		<capsule pos="-26.449999999999996,-8.25,-1.1499999999999986" vel="0,0,0" mass="1" elasticityCoef="1" ang="90,0,0" color="0,220,0" radius="0.5" length="4" />
		<capsule pos="-26.449999999999996,-8.25,1.1500000000000057" vel="0,0,0" mass="1" elasticityCoef="1" ang="90,0,0" color="0,220,0" radius="0.5" length="4" />
		<capsule pos="-26.449999999999996,-8.25,3.450000000000003" vel="0,0,0" mass="1" elasticityCoef="1" ang="90,0,0" color="0,220,0" radius="0.5" length="4" />
		<capsule pos="-26.449999999999996,-8.25,5.75" vel="0,0,0" mass="1" elasticityCoef="1" ang="90,0,0" color="0,220,0" radius="0.5" length="4" />
		<capsule pos="-26.449999999999996,-8.25,8.050000000000004" vel="0,0,0" mass="1" elasticityCoef="1" ang="90,0,0" color="0,220,0" radius="0.5" length="4" />
		<capsule pos="-26.449999999999996,-8.25,10.350000000000001" vel="0,0,0" mass="1" elasticityCoef="1" ang="90,0,0" color="0,220,0" radius="0.5" length="4" />
		<capsule pos="-26.449999999999996,-8.25,12.650000000000006" vel="0,0,0" mass="1" elasticityCoef="1" ang="90,0,0" color="0,220,0" radius="0.5" length="4" />
		<capsule pos="-26.449999999999996,-8.25,14.950000000000003" vel="0,0,0" mass="1" elasticityCoef="1" ang="90,0,0" color="0,220,0" radius="0.5" length="4" />
		<capsule pos="-26.449999999999996,-8.25,17.25" vel="0,0,0" mass="1" elasticityCoef="1" ang="90,0,0" color="0,220,0" radius="0.5" length="4" />
		<capsule pos="-26.449999999999996,-8.25,19.550000000000004" vel="0,0,0" mass="1" elasticityCoef="1" ang="90,0,0" color="0,220,0" radius="0.5" length="4" />
		<capsule pos="-26.449999999999996,-8.25,21.85" vel="0,0,0" mass="1" elasticityCoef="1" ang="90,0,0" color="0,220,0" radius="0.5" length="4" />
		<capsule pos="-26.449999999999996,-8.25,24.15" vel="0,0,0" mass="1" elasticityCoef="1" ang="90,0,0" color="0,220,0" radius="0.5" length="4" />
		<capsule pos="-26.449999999999996,-8.25,26.450000000000003" vel="0,0,0" mass="1" elasticityCoef="1" ang="90,0,0" color="0,220,0" radius="0.5" length="4" />
		<capsule pos="-26.449999999999996,-8.25,28.75" vel="0,0,0" mass="1" elasticityCoef="1" ang="90,0,0" color="0,220,0" radius="0.5" length="4" />
		<capsule pos="-26.449999999999996,-8.25,31.049999999999997" vel="0,0,0" mass="1" elasticityCoef="1" ang="90,0,0" color="0,220,0" radius="0.5" length="4" />
		<capsule pos="-26.449999999999996,-2.75,-33.349999999999994" vel="0,0,0" mass="1" elasticityCoef="1" ang="90,0,0" color="0,220,0" radius="0.5" length="4" />
		<capsule pos="-26.449999999999996,-2.75,-31.049999999999994" vel="0,0,0" mass="1" elasticityCoef="1" ang="90,0,0" color="0,220,0" radius="0.5" length="4" />
		<capsule pos="-26.449999999999996,-2.75,-28.749999999999993" vel="0,0,0" mass="1" elasticityCoef="1" ang="90,0,0" color="0,220,0" radius="0.5" length="4" />
		<capsule pos="-26.449999999999996,-2.75,-26.449999999999996" vel="0,0,0" mass="1" elasticityCoef="1" ang="90,0,0" color="0,220,0" radius="0.5" length="4" />
		<capsule pos="-26.449999999999996,-2.75,-24.149999999999995" vel="0,0,0" mass="1" elasticityCoef="1" ang="90,0,0" color="0,220,0" radius="0.5" length="4" />
		<capsule pos="-26.449999999999996,-2.75,-21.849999999999994" vel="0,0,0" mass="1" elasticityCoef="1" ang="90,0,0" color="0,220,0" radius="0.5" length="4" />
		<capsule pos="-26.449999999999996,-2.75,-19.549999999999997" vel="0,0,0" mass="1" elasticityCoef="1" ang="90,0,0" color="0,220,0" radius="0.5" length="4" />
		<capsule pos="-26.449999999999996,-2.75,-17.249999999999996" vel="0,0,0" mass="1" elasticityCoef="1" ang="90,0,0" color="0,220,0" radius="0.5" length="4" />
		<capsule pos="-26.449999999999996,-2.75,-14.949999999999996" vel="0,0,0" mass="1" elasticityCoef="1" ang="90,0,0" color="0,220,0" radius="0.5" length="4" />
		<capsule pos="-26.449999999999996,-2.75,-12.649999999999995" vel="0,0,0" mass="1" elasticityCoef="1" ang="90,0,0" color="0,220,0" radius="0.5" length="4" />
		<capsule pos="-26.449999999999996,-2.75,-10.349999999999994" vel="0,0,0" mass="1" elasticityCoef="1" ang="90,0,0" color="0,220,0" radius="0.5" length="4" />
		<capsule pos="-26.449999999999996,-2.75,-8.049999999999997" vel="0,0,0" mass="1" elasticityCoef="1" ang="90,0,0" color="0,220,0" radius="0.5" length="4" />
		<capsule pos="-26.449999999999996,-2.75,-5.7499999999999964" vel="0,0,0" mass="1" elasticityCoef="1" ang="90,0,0" color="0,220,0" radius="0.5" length="4" />
		<capsule pos="-26.449999999999996,-2.75,-3.4499999999999957" vel="0,0,0" mass="1" elasticityCoef="1" ang="90,0,0" color="0,220,0" radius="0.5" length="4" />
		<capsule pos="-26.449999999999996,-2.75,-1.1499999999999986" vel="0,0,0" mass="1" elasticityCoef="1" ang="90,0,0" color="0,220,0" radius="0.5" length="4" />
		<capsule pos="-26.449999999999996,-2.75,1.1500000000000057" vel="0,0,0" mass="1" elasticityCoef="1" ang="90,0,0" color="0,220,0" radius="0.5" length="4" />
		<capsule pos="-26.449999999999996,-2.75,3.450000000000003" vel="0,0,0" mass="1" elasticityCoef="1" ang="90,0,0" color="0,220,0" radius="0.5" length="4" />
		<capsule pos="-26.449999999999996,-2.75,5.75" vel="0,0,0" mass="1" elasticityCoef="1" ang="90,0,0" color="0,220,0" radius="0.5" length="4" />
		<capsule pos="-26.449999999999996,-2.75,8.050000000000004" vel="0,0,0" mass="1" elasticityCoef="1" ang="90,0,0" color="0,220,0" radius="0.5" length="4" />
		<capsule pos="-26.449999999999996,-2.75,10.350000000000001" vel="0,0,0" mass="1" elasticityCoef="1" ang="90,0,0" color="0,220,0" radius="0.5" length="4" />
		<capsule pos="-26.449999999999996,-2.75,12.650000000000006" vel="0,0,0" mass="1" elasticityCoef="1" ang="90,0,0" color="0,220,0" radius="0.5" length="4" />
		<capsule pos="-26.449999999999996,-2.75,14.950000000000003" vel="0,0,0" mass="1" elasticityCoef="1" ang="90,0,0" color="0,220,0" radius="0.5" length="4" />
		<capsule pos="-26.449999999999996,-2.75,17.25" vel="0,0,0" mass="1" elasticityCoef="1" ang="90,0,0" color="0,220,0" radius="0.5" length="4" />
		<capsule pos="-26.449999999999996,-2.75,19.550000000000004" vel="0,0,0" mass="1" elasticityCoef="1" ang="90,0,0" color="0,220,0" radius="0.5" length="4" />
		<capsule pos="-26.449999999999996,-2.75,21.85" vel="0,0,0" mass="1" elasticityCoef="1" ang="90,0,0" color="0,220,0" radius="0.5" length="4" />
		<capsule pos="-26.449999999999996,-2.75,24.15" vel="0,0,0" mass="1" elasticityCoef="1" ang="90,0,0" color="0,220,0" radius="0.5" length="4" />
		<capsule pos="-26.449999999999996,-2.75,26.450000000000003" vel="0,0,0" mass="1" elasticityCoef="1" ang="90,0,0" color="0,220,0" radius="0.5" length="4" />
		<capsule pos="-26.449999999999996,-2.75,28.75" vel="0,0,0" mass="1" elasticityCoef="1" ang="90,0,0" color="0,220,0" radius="0.5" length="4" />
		<capsule pos="-26.449999999999996,-2.75,31.049999999999997" vel="0,0,0" mass="1" elasticityCoef="1" ang="90,0,0" color="0,220,0" radius="0.5" length="4" />
		<capsule pos="-26.449999999999996,2.75,-33.349999999999994" vel="0,0,0" mass="1" elasticityCoef="1" ang="90,0,0" color="0,220,0" radius="0.5" length="4" />
		<capsule pos="-26.449999999999996,2.75,-31.049999999999994" vel="0,0,0" mass="1" elasticityCoef="1" ang="90,0,0" color="0,220,0" radius="0.5" length="4" />
		<capsule pos="-26.449999999999996,2.75,-28.749999999999993" vel="0,0,0" mass="1" elasticityCoef="1" ang="90,0,0" color="0,220,0" radius="0.5" length="4" />
		<capsule pos="-26.449999999999996,2.75,-26.449999999999996" vel="0,0,0" mass="1" elasticityCoef="1" ang="90,0,0" color="0,220,0" radius="0.5" length="4" />
		<capsule pos="-26.449999999999996,2.75,-24.149999999999995" vel="0,0,0" mass="1" elasticityCoef="1" ang="90,0,0" color="0,220,0" radius="0.5" length="4" />
		<capsule pos="-26.449999999999996,2.75,-21.849999999999994" vel="0,0,0" mass="1" elasticityCoef="1" ang="90,0,0" color="0,220,0" radius="0.5" length="4" />
		<capsule pos="-26.449999999999996,2.75,-19.549999999999997" vel="0,0,0" mass="1" elasticityCoef="1" ang="90,0,0" color="0,220,0" radius="0.5" length="4" />
		<capsule pos="-26.449999999999996,2.75,-17.249999999999996" vel="0,0,0" mass="1" elasticityCoef="1" ang="90,0,0" color="0,220,0" radius="0.5" length="4" />
		<capsule pos="-26.449999999999996,2.75,-14.949999999999996" vel="0,0,0" mass="1" elasticityCoef="1" ang="90,0,0" color="0,220,0" radius="0.5" length="4" />
		<capsule pos="-26.449999999999996,2.75,-12.649999999999995" vel="0,0,0" mass="1" elasticityCoef="1" ang="90,0,0" color="0,220,0" radius="0.5" length="4" />
		<capsule pos="-26.449999999999996,2.75,-10.349999999999994" vel="0,0,0" mass="1" elasticityCoef="1" ang="90,0,0" color="0,220,0" radius="0.5" length="4" />
		<capsule pos="-26.449999999999996,2.75,-8.049999999999997" vel="0,0,0" mass="1" elasticityCoef="1" ang="90,0,0" color="0,220,0" radius="0.5" length="4" />
		<capsule pos="-26.449999999999996,2.75,-5.7499999999999964" vel="0,0,0" mass="1" elasticityCoef="1" ang="90,0,0" color="0,220,0" radius="0.5" length="4" />
		<capsule pos="-26.449999999999996,2.75,-3.4499999999999957" vel="0,0,0" mass="1" elasticityCoef="1" ang="90,0,0" color="0,220,0" radius="0.5" length="4" />
		<capsule pos="-26.449999999999996,2.75,-1.1499999999999986" vel="0,0,0" mass="1" elasticityCoef="1" ang="90,0,0" color="0,220,0" radius="0.5" length="4" />
		<capsule pos="-26.449999999999996,2.75,1.1500000000000057" vel="0,0,0" mass="1" elasticityCoef="1" ang="90,0,0" color="0,220,0" radius="0.5" length="4" />
		<capsule pos="-26.449999999999996,2.75,3.450000000000003" vel="0,0,0" mass="1" elasticityCoef="1" ang="90,0,0" color="0,220,0" radius="0.5" length="4" />
		<capsule pos="-26.449999999999996,2.75,5.75" vel="0,0,0" mass="1" elasticityCoef="1" ang="90,0,0" color="0,220,0" radius="0.5" length="4" />
		<capsule pos="-26.449999999999996,2.75,8.050000000000004" vel="0,0,0" mass="1" elasticityCoef="1" ang="90,0,0" color="0,220,0" radius="0.5" length="4" />
		<capsule pos="-26.449999999999996,2.75,10.350000000000001" vel="0,0,0" mass="1" elasticityCoef="1" ang="90,0,0" color="0,220,0" radius="0.5" length="4" />
		<capsule pos="-26.449999999999996,2.75,12.650000000000006" vel="0,0,0" mass="1" elasticityCoef="1" ang="90,0,0" color="0,220,0" radius="0.5" length="4" />
		<capsule pos="-26.449999999999996,2.75,14.950000000000003" vel="0,0,0" mass="1" elasticityCoef="1" ang="90,0,0" color="0,220,0" radius="0.5" length="4" />
		<capsule pos="-26.449999999999996,2.75,17.25" vel="0,0,0" mass="1" elasticityCoef="1" ang="90,0,0" color="0,220,0" radius="0.5" length="4" />
		<capsule pos="-26.449999999999996,2.75,19.550000000000004" vel="0,0,0" mass="1" elasticityCoef="1" ang="90,0,0" color="0,220,0" radius="0.5" length="4" />
		<capsule pos="-26.449999999999996,2.75,21.85" vel="0,0,0" mass="1" elasticityCoef="1" ang="90,0,0" color="0,220,0" radius="0.5" length="4" />
		<capsule pos="-26.449999999999996,2.75,24.15" vel="0,0,0" mass="1" elasticityCoef="1" ang="90,0,0" color="0,220,0" radius="0.5" length="4" />
		<capsule pos="-26.449999999999996,2.75,26.450000000000003" vel="0,0,0" mass="1" elasticityCoef="1" ang="90,0,0" color="0,220,0" radius="0.5" length="4" />
		<capsule pos="-26.449999999999996,2.75,28.75" vel="0,0,0" mass="1" elasticityCoef="1" ang="90,0,0" color="0,220,0" radius="0.5" length="4" />
		<capsule pos="-26.449999999999996,2.75,31.049999999999997" vel="0,0,0" mass="1" elasticityCoef="1" ang="90,0,0" color="0,220,0" radius="0.5" length="4" />
		<capsule pos="-26.449999999999996,8.25,-33.349999999999994" vel="0,0,0" mass="1" elasticityCoef="1" ang="90,0,0" color="0,220,0" radius="0.5" length="4" />
		<capsule pos="-26.449999999999996,8.25,-31.049999999999994" vel="0,0,0" mass="1" elasticityCoef="1" ang="90,0,0" color="0,220,0" radius="0.5" length="4" />
		<capsule pos="-26.449999999999996,8.25,-28.749999999999993" vel="0,0,0" mass="1" elasticityCoef="1" ang="90,0,0" color="0,220,0" radius="0.5" length="4" />
		<capsule pos="-26.449999999999996,8.25,-26.449999999999996" vel="0,0,0" mass="1" elasticityCoef="1" ang="90,0,0" color="0,220,0" radius="0.5" length="4" />
		<capsule pos="-26.449999999999996,8.25,-24.149999999999995" vel="0,0,0" mass="1" elasticityCoef="1" ang="90,0,0" color="0,220,0" radius="0.5" length="4" />
		<capsule pos="-26.449999999999996,8.25,-21.849999999999994" vel="0,0,0" mass="1" elasticityCoef="1" ang="90,0,0" color="0,220,0" radius="0.5" length="4" />
		<capsule pos="-26.449999999999996,8.25,-19.549999999999997" vel="0,0,0" mass="1" elasticityCoef="1" ang="90,0,0" color="0,220,0" radius="0.5" length="4" />
		<capsule pos="-26.449999999999996,8.25,-17.249999999999996" vel="0,0,0" mass="1" elasticityCoef="1" ang="90,0,0" color="0,220,0" radius="0.5" length="4" />
		<capsule pos="-26.449999999999996,8.25,-14.949999999999996" vel="0,0,0" mass="1" elasticityCoef="1" ang="90,0,0" color="0,220,0" radius="0.5" length="4" />
		<capsule pos="-26.449999999999996,8.25,-12.649999999999995" vel="0,0,0" mass="1" elasticityCoef="1" ang="90,0,0" color="0,220,0" radius="0.5" length="4" />
		<capsule pos="-26.449999999999996,8.25,-10.349999999999994" vel="0,0,0" mass="1" elasticityCoef="1" ang="90,0,0" color="0,220,0" radius="0.5" length="4" />
		<capsule pos="-26.449999999999996,8.25,-8.049999999999997" vel="0,0,0" mass="1" elasticityCoef="1" ang="90,0,0" color="0,220,0" radius="0.5" length="4" />
		<capsule pos="-26.449999999999996,8.25,-5.7499999999999964" vel="0,0,0" mass="1" elasticityCoef="1" ang="90,0,0" color="0,220,0" radius="0.5" length="4" />
		<capsule pos="-26.449999999999996,8.25,-3.4499999999999957" vel="0,0,0" mass="1" elasticityCoef="1" ang="90,0,0" color="0,220,0" radius="0.5" length="4" />
		<capsule pos="-26.449999999999996,8.25,-1.1499999999999986" vel="0,0,0" mass="1" elasticityCoef="1" ang="90,0,0" color="0,220,0" radius="0.5" length="4" />
		<capsule pos="-26.449999999999996,8.25,1.1500000000000057" vel="0,0,0" mass="1" elasticityCoef="1" ang="90,0,0" color="0,220,0" radius="0.5" length="4" />
		<capsule pos="-26.449999999999996,8.25,3.450000000000003" vel="0,0,0" mass="1" elasticityCoef="1" ang="90,0,0" color="0,220,0" radius="0.5" length="4" />
		<capsule pos="-26.449999999999996,8.25,5.75" vel="0,0,0" mass="1" elasticityCoef="1" ang="90,0,0" color="0,220,0" radius="0.5" length="4" />
		<capsule pos="-26.449999999999996,8.25,8.050000000000004" vel="0,0,0" mass="1" elasticityCoef="1" ang="90,0,0" color="0,220,0" radius="0.5" length="4" />
		<capsule pos="-26.449999999999996,8.25,10.350000000000001" vel="0,0,0" mass="1" elasticityCoef="1" ang="90,0,0" color="0,220,0" radius="0.5" length="4" />
		<capsule pos="-26.449999999999996,8.25,12.650000000000006" vel="0,0,0" mass="1" elasticityCoef="1" ang="90,0,0" color="0,220,0" radius="0.5" length="4" />
		<capsule pos="-26.449999999999996,8.25,14.950000000000003" vel="0,0,0" mass="1" elasticityCoef="1" ang="90,0,0" color="0,220,0" radius="0.5" length="4" />
		<capsule pos="-26.449999999999996,8.25,17.25" vel="0,0,0" mass="1" elasticityCoef="1" ang="90,0,0" color="0,220,0" radius="0.5" length="4" />
		<capsule pos="-26.449999999999996,8.25,19.550000000000004" vel="0,0,0" mass="1" elasticityCoef="1" ang="90,0,0" color="0,220,0" radius="0.5" length="4" />
		<capsule pos="-26.449999999999996,8.25,21.85" vel="0,0,0" mass="1" elasticityCoef="1" ang="90,0,0" color="0,220,0" radius="0.5" length="4" />
		<capsule pos="-26.449999999999996,8.25,24.15" vel="0,0,0" mass="1" elasticityCoef="1" ang="90,0,0" color="0,220,0" radius="0.5" length="4" />
		<capsule pos="-26.449999999999996,8.25,26.450000000000003" vel="0,0,0" mass="1" elasticityCoef="1" ang="90,0,0" color="0,220,0" radius="0.5" length="4" />
		<capsule pos="-26.449999999999996,8.25,28.75" vel="0,0,0" mass="1" elasticityCoef="1" ang="90,0,0" color="0,220,0" radius="0.5" length="4" />
		<capsule pos="-26.449999999999996,8.25,31.049999999999997" vel="0,0,0" mass="1" elasticityCoef="1" ang="90,0,0" color="0,220,0" radius="0.5" length="4" />
		<capsule pos="-26.449999999999996,13.75,-33.349999999999994" vel="0,0,0" mass="1" elasticityCoef="1" ang="90,0,0" color="0,220,0" radius="0.5" length="4" />
		<capsule pos="-26.449999999999996,13.75,-31.049999999999994" vel="0,0,0" mass="1" elasticityCoef="1" ang="90,0,0" color="0,220,0" radius="0.5" length="4" />
		<capsule pos="-26.449999999999996,13.75,-28.749999999999993" vel="0,0,0" mass="1" elasticityCoef="1" ang="90,0,0" color="0,220,0" radius="0.5" length="4" />
		<capsule pos="-26.449999999999996,13.75,-26.449999999999996" vel="0,0,0" mass="1" elasticityCoef="1" ang="90,0,0" color="0,220,0" radius="0.5" length="4" />
		<capsule pos="-26.449999999999996,13.75,-24.149999999999995" vel="0,0,0" mass="1" elasticityCoef="1" ang="90,0,0" color="0,220,0" radius="0.5" length="4" />
		<capsule pos="-26.449999999999996,13.75,-21.849999999999994" vel="0,0,0" mass="1" elasticityCoef="1" ang="90,0,0" color="0,220,0" radius="0.5" length="4" />
		<capsule pos="-26.449999999999996,13.75,-19.549999999999997" vel="0,0,0" mass="1" elasticityCoef="1" ang="90,0,0" color="0,220,0" radius="0.5" length="4" />
		<capsule pos="-26.449999999999996,13.75,-17.249999999999996" vel="0,0,0" mass="1" elasticityCoef="1" ang="90,0,0" color="0,220,0" radius="0.5" length="4" />
		<capsule pos="-26.449999999999996,13.75,-14.949999999999996" vel="0,0,0" mass="1" elasticityCoef="1" ang="90,0,0" color="0,220,0" radius="0.5" length="4" />
		<capsule pos="-26.449999999999996,13.75,-12.649999999999995" vel="0,0,0" mass="1" elasticityCoef="1" ang="90,0,0" color="0,220,0" radius="0.5" length="4" />
		<capsule pos="-26.449999999999996,13.75,-10.349999999999994" vel="0,0,0" mass="1" elasticityCoef="1" ang="90,0,0" color="0,220,0" radius="0.5" length="4" />
		<capsule pos="-26.449999999999996,13.75,-8.049999999999997" vel="0,0,0" mass="1" elasticityCoef="1" ang="90,0,0" color="0,220,0" radius="0.5" length="4" />
		<capsule pos="-26.449999999999996,13.75,-5.7499999999999964" vel="0,0,0" mass="1" elasticityCoef="1" ang="90,0,0" color="0,220,0" radius="0.5" length="4" />
		<capsule pos="-26.449999999999996,13.75,-3.4499999999999957" vel="0,0,0" mass="1" elasticityCoef="1" ang="90,0,0" color="0,220,0" radius="0.5" length="4" />
		<capsule pos="-26.449999999999996,13.75,-1.1499999999999986" vel="0,0,0" mass="1" elasticityCoef="1" ang="90,0,0" color="0,220,0" radius="0.5" length="4" />
		<capsule pos="-26.449999999999996,13.75,1.1500000000000057" vel="0,0,0" mass="1" elasticityCoef="1" ang="90,0,0" color="0,220,0" radius="0.5" length="4" />
		<capsule pos="-26.449999999999996,13.75,3.450000000000003" vel="0,0,0" mass="1" elasticityCoef="1" ang="90,0,0" color="0,220,0" radius="0.5" length="4" />
		<capsule pos="-26.449999999999996,13.75,5.75" vel="0,0,0" mass="1" elasticityCoef="1" ang="90,0,0" color="0,220,0" radius="0.5" length="4" />
		<capsule pos="-26.449999999999996,13.75,8.050000000000004" vel="0,0,0" mass="1" elasticityCoef="1" ang="90,0,0" color="0,220,0" radius="0.5" length="4" />
		<capsule pos="-26.449999999999996,13.75,10.350000000000001" vel="0,0,0" mass="1" elasticityCoef="1" ang="90,0,0" color="0,220,0" radius="0.5" length="4" />
		<capsule pos="-26.449999999999996,13.75,12.650000000000006" vel="0,0,0" mass="1" elasticityCoef="1" ang="90,0,0" color="0,220,0" radius="0.5" length="4" />
		<capsule pos="-26.449999999999996,13.75,14.950000000000003" vel="0,0,0" mass="1" elasticityCoef="1" ang="90,0,0" color="0,220,0" radius="0.5" length="4" />
		<capsule pos="-26.449999999999996,13.75,17.25" vel="0,0,0" mass="1" elasticityCoef="1" ang="90,0,0" color="0,220,0" radius="0.5" length="4" />
		<capsule pos="-26.449999999999996,13.75,19.550000000000004" vel="0,0,0" mass="1" elasticityCoef="1" ang="90,0,0" color="0,220,0" radius="0.5" length="4" />
		<capsule pos="-26.449999999999996,13.75,21.85" vel="0,0,0" mass="1" elasticityCoef="1" ang="90,0,0" color="0,220,0" radius="0.5" length="4" />
		<capsule pos="-26.449999999999996,13.75,24.15" vel="0,0,0" mass="1" elasticityCoef="1" ang="90,0,0" color="0,220,0" radius="0.5" length="4" />
		<capsule pos="-26.449999999999996,13.75,26.450000000000003" vel="0,0,0" mass="1" elasticityCoef="1" ang="90,0,0" color="0,220,0" radius="0.5" length="4" />
		<capsule pos="-26.449999999999996,13.75,28.75" vel="0,0,0" mass="1" elasticityCoef="1" ang="90,0,0" color="0,220,0" radius="0.5" length="4" />
		<capsule pos="-26.449999999999996,13.75,31.049999999999997" vel="0,0,0" mass="1" elasticityCoef="1" ang="90,0,0" color="0,220,0" radius="0.5" length="4" />
		<capsule pos="-26.449999999999996,19.25,-33.349999999999994" vel="0,0,0" mass="1" elasticityCoef="1" ang="90,0,0" color="0,220,0" radius="0.5" length="4" />
		<capsule pos="-26.449999999999996,19.25,-31.049999999999994" vel="0,0,0" mass="1" elasticityCoef="1" ang="90,0,0" color="0,220,0" radius="0.5" length="4" />
		<capsule pos="-26.449999999999996,19.25,-28.749999999999993" vel="0,0,0" mass="1" elasticityCoef="1" ang="90,0,0" color="0,220,0" radius="0.5" length="4" />
		<capsule pos="-26.449999999999996,19.25,-26.449999999999996" vel="0,0,0" mass="1" elasticityCoef="1" ang="90,0,0" color="0,220,0" radius="0.5" length="4" />
		<capsule pos="-26.449999999999996,19.25,-24.149999999999995" vel="0,0,0" mass="1" elasticityCoef="1" ang="90,0,0" color="0,220,0" radius="0.5" length="4" />
		<capsule pos="-26.449999999999996,19.25,-21.849999999999994" vel="0,0,0" mass="1" elasticityCoef="1" ang="90,0,0" color="0,220,0" radius="0.5" length="4" />
		<capsule pos="-26.449999999999996,19.25,-19.549999999999997" vel="0,0,0" mass="1" elasticityCoef="1" ang="90,0,0" color="0,220,0" radius="0.5" length="4" />
		<capsule pos="-26.449999999999996,19.25,-17.249999999999996" vel="0,0,0" mass="1" elasticityCoef="1" ang="90,0,0" color="0,220,0" radius="0.5" length="4" />
		<capsule pos="-26.449999999999996,19.25,-14.949999999999996" vel="0,0,0" mass="1" elasticityCoef="1" ang="90,0,0" color="0,220,0" radius="0.5" length="4" />
		<capsule pos="-26.449999999999996,19.25,-12.649999999999995" vel="0,0,0" mass="1" elasticityCoef="1" ang="90,0,0" color="0,220,0" radius="0.5" length="4" />
		<capsule pos="-26.449999999999996,19.25,-10.349999999999994" vel="0,0,0" mass="1" elasticityCoef="1" ang="90,0,0" color="0,220,0" radius="0.5" length="4" />
		<capsule pos="-26.449999999999996,19.25,-8.049999999999997" vel="0,0,0" mass="1" elasticityCoef="1" ang="90,0,0" color="0,220,0" radius="0.5" length="4" />
		<capsule pos="-26.449999999999996,19.25,-5.7499999999999964" vel="0,0,0" mass="1" elasticityCoef="1" ang="90,0,0" color="0,220,0" radius="0.5" length="4" />
		<capsule pos="-26.449999999999996,19.25,-3.4499999999999957" vel="0,0,0" mass="1" elasticityCoef="1" ang="90,0,0" color="0,220,0" radius="0.5" length="4" />
		<capsule pos="-26.449999999999996,19.25,-1.1499999999999986" vel="0,0,0" mass="1" elasticityCoef="1" ang="90,0,0" color="0,220,0" radius="0.5" length="4" />
		<capsule pos="-26.449999999999996,19.25,1.1500000000000057" vel="0,0,0" mass="1" elasticityCoef="1" ang="90,0,0" color="0,220,0" radius="0.5" length="4" />
		<capsule pos="-26.449999999999996,19.25,3.450000000000003" vel="0,0,0" mass="1" elasticityCoef="1" ang="90,0,0" color="0,220,0" radius="0.5" length="4" />
		<capsule pos="-26.449999999999996,19.25,5.75" vel="0,0,0" mass="1" elasticityCoef="1" ang="90,0,0" color="0,220,0" radius="0.5" length="4" />
		<capsule pos="-26.449999999999996,19.25,8.050000000000004" vel="0,0,0" mass="1" elasticityCoef="1" ang="90,0,0" color="0,220,0" radius="0.5" length="4" />
		<capsule pos="-26.449999999999996,19.25,10.350000000000001" vel="0,0,0" mass="1" elasticityCoef="1" ang="90,0,0" color="0,220,0" radius="0.5" length="4" />
		<capsule pos="-26.449999999999996,19.25,12.650000000000006" vel="0,0,0" mass="1" elasticityCoef="1" ang="90,0,0" color="0,220,0" radius="0.5" length="4" />
		<capsule pos="-26.449999999999996,19.25,14.950000000000003" vel="0,0,0" mass="1" elasticityCoef="1" ang="90,0,0" color="0,220,0" radius="0.5" length="4" />
		<capsule pos="-26.449999999999996,19.25,17.25" vel="0,0,0" mass="1" elasticityCoef="1" ang="90,0,0" color="0,220,0" radius="0.5" length="4" />
		<capsule pos="-26.449999999999996,19.25,19.550000000000004" vel="0,0,0" mass="1" elasticityCoef="1" ang="90,0,0" color="0,220,0" radius="0.5" length="4" />
		<capsule pos="-26.449999999999996,19.25,21.85" vel="0,0,0" mass="1" elasticityCoef="1" ang="90,0,0" color="0,220,0" radius="0.5" length="4" />
		<capsule pos="-26.449999999999996,19.25,24.15" vel="0,0,0" mass="1" elasticityCoef="1" ang="90,0,0" color="0,220,0" radius="0.5" length="4" />
		<capsule pos="-26.449999999999996,19.25,26.450000000000003" vel="0,0,0" mass="1" elasticityCoef="1" ang="90,0,0" color="0,220,0" radius="0.5" length="4" />
		<capsule pos="-26.449999999999996,19.25,28.75" vel="0,0,0" mass="1" elasticityCoef="1" ang="90,0,0" color="0,220,0" radius="0.5" length="4" />
		<capsule pos="-26.449999999999996,19.25,31.049999999999997" vel="0,0,0" mass="1" elasticityCoef="1" ang="90,0,0" color="0,220,0" radius="0.5" length="4" />
		<capsule pos="-26.449999999999996,24.75,-33.349999999999994" vel="0,0,0" mass="1" elasticityCoef="1" ang="90,0,0" color="0,220,0" radius="0.5" length="4" />
		<capsule pos="-26.449999999999996,24.75,-31.049999999999994" vel="0,0,0" mass="1" elasticityCoef="1" ang="90,0,0" color="0,220,0" radius="0.5" length="4" />
		<capsule pos="-26.449999999999996,24.75,-28.749999999999993" vel="0,0,0" mass="1" elasticityCoef="1" ang="90,0,0" color="0,220,0" radius="0.5" length="4" />
		<capsule pos="-26.449999999999996,24.75,-26.449999999999996" vel="0,0,0" mass="1" elasticityCoef="1" ang="90,0,0" color="0,220,0" radius="0.5" length="4" />
		<capsule pos="-26.449999999999996,24.75,-24.149999999999995" vel="0,0,0" mass="1" elasticityCoef="1" ang="90,0,0" color="0,220,0" radius="0.5" length="4" />
		<capsule pos="-26.449999999999996,24.75,-21.849999999999994" vel="0,0,0" mass="1" elasticityCoef="1" ang="90,0,0" color="0,220,0" radius="0.5" length="4" />
		<capsule pos="-26.449999999999996,24.75,-19.549999999999997" vel="0,0,0" mass="1" elasticityCoef="1" ang="90,0,0" color="0,220,0" radius="0.5" length="4" />
		<capsule pos="-26.449999999999996,24.75,-17.249999999999996" vel="0,0,0" mass="1" elasticityCoef="1" ang="90,0,0" color="0,220,0" radius="0.5" length="4" />
		<capsule pos="-26.449999999999996,24.75,-14.949999999999996" vel="0,0,0" mass="1" elasticityCoef="1" ang="90,0,0" color="0,220,0" radius="0.5" length="4" />
		<capsule pos="-26.449999999999996,24.75,-12.649999999999995" vel="0,0,0" mass="1" elasticityCoef="1" ang="90,0,0" color="0,220,0" radius="0.5" length="4" />
		<capsule pos="-26.449999999999996,24.75,-10.349999999999994" vel="0,0,0" mass="1" elasticityCoef="1" ang="90,0,0" color="0,220,0" radius="0.5" length="4" />
		<capsule pos="-26.449999999999996,24.75,-8.049999999999997" vel="0,0,0" mass="1" elasticityCoef="1" ang="90,0,0" color="0,220,0" radius="0.5" length="4" />
		<capsule pos="-26.449999999999996,24.75,-5.7499999999999964" vel="0,0,0" mass="1" elasticityCoef="1" ang="90,0,0" color="0,220,0" radius="0.5" length="4" />
		<capsule pos="-26.449999999999996,24.75,-3.4499999999999957" vel="0,0,0" mass="1" elasticityCoef="1" ang="90,0,0" color="0,220,0" radius="0.5" length="4" />
		<capsule pos="-26.449999999999996,24.75,-1.1499999999999986" vel="0,0,0" mass="1" elasticityCoef="1" ang="90,0,0" color="0,220,0" radius="0.5" length="4" />
		<capsule pos="-26.449999999999996,24.75,1.1500000000000057" vel="0,0,0" mass="1" elasticityCoef="1" ang="90,0,0" color="0,220,0" radius="0.5" length="4" />
		<capsule pos="-26.449999999999996,24.75,3.450000000000003" vel="0,0,0" mass="1" elasticityCoef="1" ang="90,0,0" color="0,220,0" radius="0.5" length="4" />
		<capsule pos="-26.449999999999996,24.75,5.75" vel="0,0,0" mass="1" elasticityCoef="1" ang="90,0,0" color="0,220,0" radius="0.5" length="4" />
		<capsule pos="-26.449999999999996,24.75,8.050000000000004" vel="0,0,0" mass="1" elasticityCoef="1" ang="90,0,0" color="0,220,0" radius="0.5" length="4" />
		<capsule pos="-26.449999999999996,24.75,10.350000000000001" vel="0,0,0" mass="1" elasticityCoef="1" ang="90,0,0" color="0,220,0" radius="0.5" length="4" />
		<capsule pos="-26.449999999999996,24.75,12.650000000000006" vel="0,0,0" mass="1" elasticityCoef="1" ang="90,0,0" color="0,220,0" radius="0.5" length="4" />
		<capsule pos="-26.449999999999996,24.75,14.950000000000003" vel="0,0,0" mass="1" elasticityCoef="1" ang="90,0,0" color="0,220,0" radius="0.5" length="4" />
		<capsule pos="-26.449999999999996,24.75,17.25" vel="0,0,0" mass="1" elasticityCoef="1" ang="90,0,0" color="0,220,0" radius="0.5" length="4" />
		<capsule pos="-26.449999999999996,24.75,19.550000000000004" vel="0,0,0" mass="1" elasticityCoef="1" ang="90,0,0" color="0,220,0" radius="0.5" length="4" />
		<capsule pos="-26.449999999999996,24.75,21.85" vel="0,0,0" mass="1" elasticityCoef="1" ang="90,0,0" color="0,220,0" radius="0.5" length="4" />
		<capsule pos="-26.449999999999996,24.75,24.15" vel="0,0,0" mass="1" elasticityCoef="1" ang="90,0,0" color="0,220,0" radius="0.5" length="4" />
		<capsule pos="-26.449999999999996,24.75,26.450000000000003" vel="0,0,0" mass="1" elasticityCoef="1" ang="90,0,0" color="0,220,0" radius="0.5" length="4" />
		<capsule pos="-26.449999999999996,24.75,28.75" vel="0,0,0" mass="1" elasticityCoef="1" ang="90,0,0" color="0,220,0" radius="0.5" length="4" />
		<capsule pos="-26.449999999999996,24.75,31.049999999999997" vel="0,0,0" mass="1" elasticityCoef="1" ang="90,0,0" color="0,220,0" radius="0.5" length="4" />
		<capsule pos="-26.449999999999996,30.25,-33.349999999999994" vel="0,0,0" mass="1" elasticityCoef="1" ang="90,0,0" color="0,220,0" radius="0.5" length="4" />
		<capsule pos="-26.449999999999996,30.25,-31.049999999999994" vel="0,0,0" mass="1" elasticityCoef="1" ang="90,0,0" color="0,220,0" radius="0.5" length="4" />
		<capsule pos="-26.449999999999996,30.25,-28.749999999999993" vel="0,0,0" mass="1" elasticityCoef="1" ang="90,0,0" color="0,220,0" radius="0.5" length="4" />
		<capsule pos="-26.449999999999996,30.25,-26.449999999999996" vel="0,0,0" mass="1" elasticityCoef="1" ang="90,0,0" color="0,220,0" radius="0.5" length="4" />
		<capsule pos="-26.449999999999996,30.25,-24.149999999999995" vel="0,0,0" mass="1" elasticityCoef="1" ang="90,0,0" color="0,220,0" radius="0.5" length="4" />
		<capsule pos="-26.449999999999996,30.25,-21.849999999999994" vel="0,0,0" mass="1" elasticityCoef="1" ang="90,0,0" color="0,220,0" radius="0.5" length="4" />
		<capsule pos="-26.449999999999996,30.25,-19.549999999999997" vel="0,0,0" mass="1" elasticityCoef="1" ang="90,0,0" color="0,220,0" radius="0.5" length="4" />
		<capsule pos="-26.449999999999996,30.25,-17.249999999999996" vel="0,0,0" mass="1" elasticityCoef="1" ang="90,0,0" color="0,220,0" radius="0.5" length="4" />
		<capsule pos="-26.449999999999996,30.25,-14.949999999999996" vel="0,0,0" mass="1" elasticityCoef="1" ang="90,0,0" color="0,220,0" radius="0.5" length="4" />
		<capsule pos="-26.449999999999996,30.25,-12.649999999999995" vel="0,0,0" mass="1" elasticityCoef="1" ang="90,0,0" color="0,220,0" radius="0.5" length="4" />
		<capsule pos="-26.449999999999996,30.25,-10.349999999999994" vel="0,0,0" mass="1" elasticityCoef="1" ang="90,0,0" color="0,220,0" radius="0.5" length="4" />
		<capsule pos="-26.449999999999996,30.25,-8.049999999999997" vel="0,0,0" mass="1" elasticityCoef="1" ang="90,0,0" color="0,220,0" radius="0.5" length="4" />
		<capsule pos="-26.449999999999996,30.25,-5.7499999999999964" vel="0,0,0" mass="1" elasticityCoef="1" ang="90,0,0" color="0,220,0" radius="0.5" length="4" />
		<capsule pos="-26.449999999999996,30.25,-3.4499999999999957" vel="0,0,0" mass="1" elasticityCoef="1" ang="90,0,0" color="0,220,0" radius="0.5" length="4" />
		<capsule pos="-26.449999999999996,30.25,-1.1499999999999986" vel="0,0,0" mass="1" elasticityCoef="1" ang="90,0,0" color="0,220,0" radius="0.5" length="4" />
		<capsule pos="-26.449999999999996,30.25,1.1500000000000057" vel="0,0,0" mass="1" elasticityCoef="1" ang="90,0,0" color="0,220,0" radius="0.5" length="4" />
		<capsule pos="-26.449999999999996,30.25,3.450000000000003" vel="0,0,0" mass="1" elasticityCoef="1" ang="90,0,0" color="0,220,0" radius="0.5" length="4" />
		<capsule pos="-26.449999999999996,30.25,5.75" vel="0,0,0" mass="1" elasticityCoef="1" ang="90,0,0" color="0,220,0" radius="0.5" length="4" />
		<capsule pos="-26.449999999999996,30.25,8.050000000000004" vel="0,0,0" mass="1" elasticityCoef="1" ang="90,0,0" color="0,220,0" radius="0.5" length="4" />
		<capsule pos="-26.449999999999996,30.25,10.350000000000001" vel="0,0,0" mass="1" elasticityCoef="1" ang="90,0,0" color="0,220,0" radius="0.5" length="4" />
		<capsule pos="-26.449999999999996,30.25,12.650000000000006" vel="0,0,0" mass="1" elasticityCoef="1" ang="90,0,0" color="0,220,0" radius="0.5" length="4" />
		<capsule pos="-26.449999999999996,30.25,14.950000000000003" vel="0,0,0" mass="1" elasticityCoef="1" ang="90,0,0" color="0,220,0" radius="0.5" length="4" />
		<capsule pos="-26.449999999999996,30.25,17.25" vel="0,0,0" mass="1" elasticityCoef="1" ang="90,0,0" color="0,220,0" radius="0.5" length="4" />
		<capsule pos="-26.449999999999996,30.25,19.550000000000004" vel="0,0,0" mass="1" elasticityCoef="1" ang="90,0,0" color="0,220,0" radius="0.5" length="4" />
		<capsule pos="-26.449999999999996,30.25,21.85" vel="0,0,0" mass="1" elasticityCoef="1" ang="90,0,0" color="0,220,0" radius="0.5" length="4" />
		<capsule pos="-26.449999999999996,30.25,24.15" vel="0,0,0" mass="1" elasticityCoef="1" ang="90,0,0" color="0,220,0" radius="0.5" length="4" />
		<capsule pos="-26.449999999999996,30.25,26.450000000000003" vel="0,0,0" mass="1" elasticityCoef="1" ang="90,0,0" color="0,220,0" radius="0.5" length="4" />
		<capsule pos="-26.449999999999996,30.25,28.75" vel="0,0,0" mass="1" elasticityCoef="1" ang="90,0,0" color="0,220,0" radius="0.5" length="4" />
		<capsule pos="-26.449999999999996,30.25,31.049999999999997" vel="0,0,0" mass="1" elasticityCoef="1" ang="90,0,0" color="0,220,0" radius="0.5" length="4" />
		<capsule pos="-26.449999999999996,35.75,-33.349999999999994" vel="0,0,0" mass="1" elasticityCoef="1" ang="90,0,0" color="0,220,0" radius="0.5" length="4" />
		<capsule pos="-26.449999999999996,35.75,-31.049999999999994" vel="0,0,0" mass="1" elasticityCoef="1" ang="90,0,0" color="0,220,0" radius="0.5" length="4" />
		<capsule pos="-26.449999999999996,35.75,-28.749999999999993" vel="0,0,0" mass="1" elasticityCoef="1" ang="90,0,0" color="0,220,0" radius="0.5" length="4" />
		<capsule pos="-26.449999999999996,35.75,-26.449999999999996" vel="0,0,0" mass="1" elasticityCoef="1" ang="90,0,0" color="0,220,0" radius="0.5" length="4" />
		<capsule pos="-26.449999999999996,35.75,-24.149999999999995" vel="0,0,0" mass="1" elasticityCoef="1" ang="90,0,0" color="0,220,0" radius="0.5" length="4" />
		<capsule pos="-26.449999999999996,35.75,-21.849999999999994" vel="0,0,0" mass="1" elasticityCoef="1" ang="90,0,0" color="0,220,0" radius="0.5" length="4" />
		<capsule pos="-26.449999999999996,35.75,-19.549999999999997" vel="0,0,0" mass="1" elasticityCoef="1" ang="90,0,0" color="0,220,0" radius="0.5" length="4" />
		<capsule pos="-26.449999999999996,35.75,-17.249999999999996" vel="0,0,0" mass="1" elasticityCoef="1" ang="90,0,0" color="0,220,0" radius="0.5" length="4" />
		<capsule pos="-26.449999999999996,35.75,-14.949999999999996" vel="0,0,0" mass="1" elasticityCoef="1" ang="90,0,0" color="0,220,0" radius="0.5" length="4" />
		<capsule pos="-26.449999999999996,35.75,-12.649999999999995" vel="0,0,0" mass="1" elasticityCoef="1" ang="90,0,0" color="0,220,0" radius="0.5" length="4" />
		<capsule pos="-26.449999999999996,35.75,-10.349999999999994" vel="0,0,0" mass="1" elasticityCoef="1" ang="90,0,0" color="0,220,0" radius="0.5" length="4" />
		<capsule pos="-26.449999999999996,35.75,-8.049999999999997" vel="0,0,0" mass="1" elasticityCoef="1" ang="90,0,0" color="0,220,0" radius="0.5" length="4" />
		<capsule pos="-26.449999999999996,35.75,-5.7499999999999964" vel="0,0,0" mass="1" elasticityCoef="1" ang="90,0,0" color="0,220,0" radius="0.5" length="4" />
		<capsule pos="-26.449999999999996,35.75,-3.4499999999999957" vel="0,0,0" mass="1" elasticityCoef="1" ang="90,0,0" color="0,220,0" radius="0.5" length="4" />
		<capsule pos="-26.449999999999996,35.75,-1.1499999999999986" vel="0,0,0" mass="1" elasticityCoef="1" ang="90,0,0" color="0,220,0" radius="0.5" length="4" />
		<capsule pos="-26.449999999999996,35.75,1.1500000000000057" vel="0,0,0" mass="1" elasticityCoef="1" ang="90,0,0" color="0,220,0" radius="0.5" length="4" />
		<capsule pos="-26.449999999999996,35.75,3.450000000000003" vel="0,0,0" mass="1" elasticityCoef="1" ang="90,0,0" color="0,220,0" radius="0.5" length="4" />
		<capsule pos="-26.449999999999996,35.75,5.75" vel="0,0,0" mass="1" elasticityCoef="1" ang="90,0,0" color="0,220,0" radius="0.5" length="4" />
		<capsule pos="-26.449999999999996,35.75,8.050000000000004" vel="0,0,0" mass="1" elasticityCoef="1" ang="90,0,0" color="0,220,0" radius="0.5" length="4" />
		<capsule pos="-26.449999999999996,35.75,10.350000000000001" vel="0,0,0" mass="1" elasticityCoef="1" ang="90,0,0" color="0,220,0" radius="0.5" length="4" />
		<capsule pos="-26.449999999999996,35.75,12.650000000000006" vel="0,0,0" mass="1" elasticityCoef="1" ang="90,0,0" color="0,220,0" radius="0.5" length="4" />
		<capsule pos="-26.449999999999996,35.75,14.950000000000003" vel="0,0,0" mass="1" elasticityCoef="1" ang="90,0,0" color="0,220,0" radius="0.5" length="4" />
		<capsule pos="-26.449999999999996,35.75,17.25" vel="0,0,0" mass="1" elasticityCoef="1" ang="90,0,0" color="0,220,0" radius="0.5" length="4" />
		<capsule pos="-26.449999999999996,35.75,19.550000000000004" vel="0,0,0" mass="1" elasticityCoef="1" ang="90,0,0" color="0,220,0" radius="0.5" length="4" />
		<capsule pos="-26.449999999999996,35.75,21.85" vel="0,0,0" mass="1" elasticityCoef="1" ang="90,0,0" color="0,220,0" radius="0.5" length="4" />
		<capsule pos="-26.449999999999996,35.75,24.15" vel="0,0,0" mass="1" elasticityCoef="1" ang="90,0,0" color="0,220,0" radius="0.5" length="4" />
		<capsule pos="-26.449999999999996,35.75,26.450000000000003" vel="0,0,0" mass="1" elasticityCoef="1" ang="90,0,0" color="0,220,0" radius="0.5" length="4" />
		<capsule pos="-26.449999999999996,35.75,28.75" vel="0,0,0" mass="1" elasticityCoef="1" ang="90,0,0" color="0,220,0" radius="0.5" length="4" />
		<capsule pos="-26.449999999999996,35.75,31.049999999999997" vel="0,0,0" mass="1" elasticityCoef="1" ang="90,0,0" color="0,220,0" radius="0.5" length="4" />
		<capsule pos="-24.149999999999995,-41.25,-33.349999999999994" vel="0,0,0" mass="1" elasticityCoef="1" ang="90,0,0" color="0,220,0" radius="0.5" length="4" />
		<capsule pos="-24.149999999999995,-41.25,-31.049999999999994" vel="0,0,0" mass="1" elasticityCoef="1" ang="90,0,0" color="0,220,0" radius="0.5" length="4" />
		<capsule pos="-24.149999999999995,-41.25,-28.749999999999993" vel="0,0,0" mass="1" elasticityCoef="1" ang="90,0,0" color="0,220,0" radius="0.5" length="4" />
		<capsule pos="-24.149999999999995,-41.25,-26.449999999999996" vel="0,0,0" mass="1" elasticityCoef="1" ang="90,0,0" color="0,220,0" radius="0.5" length="4" />
		<capsule pos="-24.149999999999995,-41.25,-24.149999999999995" vel="0,0,0" mass="1" elasticityCoef="1" ang="90,0,0" color="0,220,0" radius="0.5" length="4" />
		<capsule pos="-24.149999999999995,-41.25,-21.849999999999994" vel="0,0,0" mass="1" elasticityCoef="1" ang="90,0,0" color="0,220,0" radius="0.5" length="4" />
		<capsule pos="-24.149999999999995,-41.25,-19.549999999999997" vel="0,0,0" mass="1" elasticityCoef="1" ang="90,0,0" color="0,220,0" radius="0.5" length="4" />
		<capsule pos="-24.149999999999995,-41.25,-17.249999999999996" vel="0,0,0" mass="1" elasticityCoef="1" ang="90,0,0" color="0,220,0" radius="0.5" length="4" />
		<capsule pos="-24.149999999999995,-41.25,-14.949999999999996" vel="0,0,0" mass="1" elasticityCoef="1" ang="90,0,0" color="0,220,0" radius="0.5" length="4" />
		<capsule pos="-24.149999999999995,-41.25,-12.649999999999995" vel="0,0,0" mass="1" elasticityCoef="1" ang="90,0,0" color="0,220,0" radius="0.5" length="4" />
		<capsule pos="-24.149999999999995,-41.25,-10.349999999999994" vel="0,0,0" mass="1" elasticityCoef="1" ang="90,0,0" color="0,220,0" radius="0.5" length="4" />
		<capsule pos="-24.149999999999995,-41.25,-8.049999999999997" vel="0,0,0" mass="1" elasticityCoef="1" ang="90,0,0" color="0,220,0" radius="0.5" length="4" />
		<capsule pos="-24.149999999999995,-41.25,-5.7499999999999964" vel="0,0,0" mass="1" elasticityCoef="1" ang="90,0,0" color="0,220,0" radius="0.5" length="4" />
		<capsule pos="-24.149999999999995,-41.25,-3.4499999999999957" vel="0,0,0" mass="1" elasticityCoef="1" ang="90,0,0" color="0,220,0" radius="0.5" length="4" />
		<capsule pos="-24.149999999999995,-41.25,-1.1499999999999986" vel="0,0,0" mass="1" elasticityCoef="1" ang="90,0,0" color="0,220,0" radius="0.5" length="4" />
		<capsule pos="-24.149999999999995,-41.25,1.1500000000000057" vel="0,0,0" mass="1" elasticityCoef="1" ang="90,0,0" color="0,220,0" radius="0.5" length="4" />
		<capsule pos="-24.149999999999995,-41.25,3.450000000000003" vel="0,0,0" mass="1" elasticityCoef="1" ang="90,0,0" color="0,220,0" radius="0.5" length="4" />
		<capsule pos="-24.149999999999995,-41.25,5.75" vel="0,0,0" mass="1" elasticityCoef="1" ang="90,0,0" color="0,220,0" radius="0.5" length="4" />
		<capsule pos="-24.149999999999995,-41.25,8.050000000000004" vel="0,0,0" mass="1" elasticityCoef="1" ang="90,0,0" color="0,220,0" radius="0.5" length="4" />
		<capsule pos="-24.149999999999995,-41.25,10.350000000000001" vel="0,0,0" mass="1" elasticityCoef="1" ang="90,0,0" color="0,220,0" radius="0.5" length="4" />
		<capsule pos="-24.149999999999995,-41.25,12.650000000000006" vel="0,0,0" mass="1" elasticityCoef="1" ang="90,0,0" color="0,220,0" radius="0.5" length="4" />
		<capsule pos="-24.149999999999995,-41.25,14.950000000000003" vel="0,0,0" mass="1" elasticityCoef="1" ang="90,0,0" color="0,220,0" radius="0.5" length="4" />
		<capsule pos="-24.149999999999995,-41.25,17.25" vel="0,0,0" mass="1" elasticityCoef="1" ang="90,0,0" color="0,220,0" radius="0.5" length="4" />
		<capsule pos="-24.149999999999995,-41.25,19.550000000000004" vel="0,0,0" mass="1" elasticityCoef="1" ang="90,0,0" color="0,220,0" radius="0.5" length="4" />
		<capsule pos="-24.149999999999995,-41.25,21.85" vel="0,0,0" mass="1" elasticityCoef="1" ang="90,0,0" color="0,220,0" radius="0.5" length="4" />
		<capsule pos="-24.149999999999995,-41.25,24.15" vel="0,0,0" mass="1" elasticityCoef="1" ang="90,0,0" color="0,220,0" radius="0.5" length="4" />
		<capsule pos="-24.149999999999995,-41.25,26.450000000000003" vel="0,0,0" mass="1" elasticityCoef="1" ang="90,0,0" color="0,220,0" radius="0.5" length="4" />
		<capsule pos="-24.149999999999995,-41.25,28.75" vel="0,0,0" mass="1" elasticityCoef="1" ang="90,0,0" color="0,220,0" radius="0.5" length="4" />
		<capsule pos="-24.149999999999995,-41.25,31.049999999999997" vel="0,0,0" mass="1" elasticityCoef="1" ang="90,0,0" color="0,220,0" radius="0.5" length="4" />
		<capsule pos="-24.149999999999995,-35.75,-33.349999999999994" vel="0,0,0" mass="1" elasticityCoef="1" ang="90,0,0" color="0,220,0" radius="0.5" length="4" />
		<capsule pos="-24.149999999999995,-35.75,-31.049999999999994" vel="0,0,0" mass="1" elasticityCoef="1" ang="90,0,0" color="0,220,0" radius="0.5" length="4" />
		<capsule pos="-24.149999999999995,-35.75,-28.749999999999993" vel="0,0,0" mass="1" elasticityCoef="1" ang="90,0,0" color="0,220,0" radius="0.5" length="4" />
		<capsule pos="-24.149999999999995,-35.75,-26.449999999999996" vel="0,0,0" mass="1" elasticityCoef="1" ang="90,0,0" color="0,220,0" radius="0.5" length="4" />
		<capsule pos="-24.149999999999995,-35.75,-24.149999999999995" vel="0,0,0" mass="1" elasticityCoef="1" ang="90,0,0" color="0,220,0" radius="0.5" length="4" />
		<capsule pos="-24.149999999999995,-35.75,-21.849999999999994" vel="0,0,0" mass="1" elasticityCoef="1" ang="90,0,0" color="0,220,0" radius="0.5" length="4" />
		<capsule pos="-24.149999999999995,-35.75,-19.549999999999997" vel="0,0,0" mass="1" elasticityCoef="1" ang="90,0,0" color="0,220,0" radius="0.5" length="4" />
		<capsule pos="-24.149999999999995,-35.75,-17.249999999999996" vel="0,0,0" mass="1" elasticityCoef="1" ang="90,0,0" color="0,220,0" radius="0.5" length="4" />
		<capsule pos="-24.149999999999995,-35.75,-14.949999999999996" vel="0,0,0" mass="1" elasticityCoef="1" ang="90,0,0" color="0,220,0" radius="0.5" length="4" />
		<capsule pos="-24.149999999999995,-35.75,-12.649999999999995" vel="0,0,0" mass="1" elasticityCoef="1" ang="90,0,0" color="0,220,0" radius="0.5" length="4" />
		<capsule pos="-24.149999999999995,-35.75,-10.349999999999994" vel="0,0,0" mass="1" elasticityCoef="1" ang="90,0,0" color="0,220,0" radius="0.5" length="4" />
		<capsule pos="-24.149999999999995,-35.75,-8.049999999999997" vel="0,0,0" mass="1" elasticityCoef="1" ang="90,0,0" color="0,220,0" radius="0.5" length="4" />
		<capsule pos="-24.149999999999995,-35.75,-5.7499999999999964" vel="0,0,0" mass="1" elasticityCoef="1" ang="90,0,0" color="0,220,0" radius="0.5" length="4" />
		<capsule pos="-24.149999999999995,-35.75,-3.4499999999999957" vel="0,0,0" mass="1" elasticityCoef="1" ang="90,0,0" color="0,220,0" radius="0.5" length="4" />
		<capsule pos="-24.149999999999995,-35.75,-1.1499999999999986" vel="0,0,0" mass="1" elasticityCoef="1" ang="90,0,0" color="0,220,0" radius="0.5" length="4" />
		<capsule pos="-24.149999999999995,-35.75,1.1500000000000057" vel="0,0,0" mass="1" elasticityCoef="1" ang="90,0,0" color="0,220,0" radius="0.5" length="4" />
		<capsule pos="-24.149999999999995,-35.75,3.450000000000003" vel="0,0,0" mass="1" elasticityCoef="1" ang="90,0,0" color="0,220,0" radius="0.5" length="4" />
		<capsule pos="-24.149999999999995,-35.75,5.75" vel="0,0,0" mass="1" elasticityCoef="1" ang="90,0,0" color="0,220,0" radius="0.5" length="4" />
		<capsule pos="-24.149999999999995,-35.75,8.050000000000004" vel="0,0,0" mass="1" elasticityCoef="1" ang="90,0,0" color="0,220,0" radius="0.5" length="4" />
		<capsule pos="-24.149999999999995,-35.75,10.350000000000001" vel="0,0,0" mass="1" elasticityCoef="1" ang="90,0,0" color="0,220,0" radius="0.5" length="4" />
		<capsule pos="-24.149999999999995,-35.75,12.650000000000006" vel="0,0,0" mass="1" elasticityCoef="1" ang="90,0,0" color="0,220,0" radius="0.5" length="4" />
		<capsule pos="-24.149999999999995,-35.75,14.950000000000003" vel="0,0,0" mass="1" elasticityCoef="1" ang="90,0,0" color="0,220,0" radius="0.5" length="4" />
		<capsule pos="-24.149999999999995,-35.75,17.25" vel="0,0,0" mass="1" elasticityCoef="1" ang="90,0,0" color="0,220,0" radius="0.5" length="4" />
		<capsule pos="-24.149999999999995,-35.75,19.550000000000004" vel="0,0,0" mass="1" elasticityCoef="1" ang="90,0,0" color="0,220,0" radius="0.5" length="4" />
		<capsule pos="-24.149999999999995,-35.75,21.85" vel="0,0,0" mass="1" elasticityCoef="1" ang="90,0,0" color="0,220,0" radius="0.5" length="4" />
		<capsule pos="-24.149999999999995,-35.75,24.15" vel="0,0,0" mass="1" elasticityCoef="1" ang="90,0,0" color="0,220,0" radius="0.5" length="4" />
		<capsule pos="-24.149999999999995,-35.75,26.450000000000003" vel="0,0,0" mass="1" elasticityCoef="1" ang="90,0,0" color="0,220,0" radius="0.5" length="4" />
		<capsule pos="-24.149999999999995,-35.75,28.75" vel="0,0,0" mass="1" elasticityCoef="1" ang="90,0,0" color="0,220,0" radius="0.5" length="4" />
		<capsule pos="-24.149999999999995,-35.75,31.049999999999997" vel="0,0,0" mass="1" elasticityCoef="1" ang="90,0,0" color="0,220,0" radius="0.5" length="4" />
		<capsule pos="-24.149999999999995,-30.25,-33.349999999999994" vel="0,0,0" mass="1" elasticityCoef="1" ang="90,0,0" color="0,220,0" radius="0.5" length="4" />
		<capsule pos="-24.149999999999995,-30.25,-31.049999999999994" vel="0,0,0" mass="1" elasticityCoef="1" ang="90,0,0" color="0,220,0" radius="0.5" length="4" />
		<capsule pos="-24.149999999999995,-30.25,-28.749999999999993" vel="0,0,0" mass="1" elasticityCoef="1" ang="90,0,0" color="0,220,0" radius="0.5" length="4" />
		<capsule pos="-24.149999999999995,-30.25,-26.449999999999996" vel="0,0,0" mass="1" elasticityCoef="1" ang="90,0,0" color="0,220,0" radius="0.5" length="4" />
		<capsule pos="-24.149999999999995,-30.25,-24.149999999999995" vel="0,0,0" mass="1" elasticityCoef="1" ang="90,0,0" color="0,220,0" radius="0.5" length="4" />
		<capsule pos="-24.149999999999995,-30.25,-21.849999999999994" vel="0,0,0" mass="1" elasticityCoef="1" ang="90,0,0" color="0,220,0" radius="0.5" length="4" />
		<capsule pos="-24.149999999999995,-30.25,-19.549999999999997" vel="0,0,0" mass="1" elasticityCoef="1" ang="90,0,0" color="0,220,0" radius="0.5" length="4" />
		<capsule pos="-24.149999999999995,-30.25,-17.249999999999996" vel="0,0,0" mass="1" elasticityCoef="1" ang="90,0,0" color="0,220,0" radius="0.5" length="4" />
		<capsule pos="-24.149999999999995,-30.25,-14.949999999999996" vel="0,0,0" mass="1" elasticityCoef="1" ang="90,0,0" color="0,220,0" radius="0.5" length="4" />
		<capsule pos="-24.149999999999995,-30.25,-12.649999999999995" vel="0,0,0" mass="1" elasticityCoef="1" ang="90,0,0" color="0,220,0" radius="0.5" length="4" />
		<capsule pos="-24.149999999999995,-30.25,-10.349999999999994" vel="0,0,0" mass="1" elasticityCoef="1" ang="90,0,0" color="0,220,0" radius="0.5" length="4" />
		<capsule pos="-24.149999999999995,-30.25,-8.049999999999997" vel="0,0,0" mass="1" elasticityCoef="1" ang="90,0,0" color="0,220,0" radius="0.5" length="4" />
		<capsule pos="-24.149999999999995,-30.25,-5.7499999999999964" vel="0,0,0" mass="1" elasticityCoef="1" ang="90,0,0" color="0,220,0" radius="0.5" length="4" />
		<capsule pos="-24.149999999999995,-30.25,-3.4499999999999957" vel="0,0,0" mass="1" elasticityCoef="1" ang="90,0,0" color="0,220,0" radius="0.5" length="4" />
		<capsule pos="-24.149999999999995,-30.25,-1.1499999999999986" vel="0,0,0" mass="1" elasticityCoef="1" ang="90,0,0" color="0,220,0" radius="0.5" length="4" />
		<capsule pos="-24.149999999999995,-30.25,1.1500000000000057" vel="0,0,0" mass="1" elasticityCoef="1" ang="90,0,0" color="0,220,0" radius="0.5" length="4" />
		<capsule pos="-24.149999999999995,-30.25,3.450000000000003" vel="0,0,0" mass="1" elasticityCoef="1" ang="90,0,0" color="0,220,0" radius="0.5" length="4" />
		<capsule pos="-24.149999999999995,-30.25,5.75" vel="0,0,0" mass="1" elasticityCoef="1" ang="90,0,0" color="0,220,0" radius="0.5" length="4" />
		<capsule pos="-24.149999999999995,-30.25,8.050000000000004" vel="0,0,0" mass="1" elasticityCoef="1" ang="90,0,0" color="0,220,0" radius="0.5" length="4" />
		<capsule pos="-24.149999999999995,-30.25,10.350000000000001" vel="0,0,0" mass="1" elasticityCoef="1" ang="90,0,0" color="0,220,0" radius="0.5" length="4" />
		<capsule pos="-24.149999999999995,-30.25,12.650000000000006" vel="0,0,0" mass="1" elasticityCoef="1" ang="90,0,0" color="0,220,0" radius="0.5" length="4" />
		<capsule pos="-24.149999999999995,-30.25,14.950000000000003" vel="0,0,0" mass="1" elasticityCoef="1" ang="90,0,0" color="0,220,0" radius="0.5" length="4" />
		<capsule pos="-24.149999999999995,-30.25,17.25" vel="0,0,0" mass="1" elasticityCoef="1" ang="90,0,0" color="0,220,0" radius="0.5" length="4" />
		<capsule pos="-24.149999999999995,-30.25,19.550000000000004" vel="0,0,0" mass="1" elasticityCoef="1" ang="90,0,0" color="0,220,0" radius="0.5" length="4" />
		<capsule pos="-24.149999999999995,-30.25,21.85" vel="0,0,0" mass="1" elasticityCoef="1" ang="90,0,0" color="0,220,0" radius="0.5" length="4" />
		<capsule pos="-24.149999999999995,-30.25,24.15" vel="0,0,0" mass="1" elasticityCoef="1" ang="90,0,0" color="0,220,0" radius="0.5" length="4" />
		<capsule pos="-24.149999999999995,-30.25,26.450000000000003" vel="0,0,0" mass="1" elasticityCoef="1" ang="90,0,0" color="0,220,0" radius="0.5" length="4" />
		<capsule pos="-24.149999999999995,-30.25,28.75" vel="0,0,0" mass="1" elasticityCoef="1" ang="90,0,0" color="0,220,0" radius="0.5" length="4" />
		<capsule pos="-24.149999999999995,-30.25,31.049999999999997" vel="0,0,0" mass="1" elasticityCoef="1" ang="90,0,0" color="0,220,0" radius="0.5" length="4" />
		<capsule pos="-24.149999999999995,-24.75,-33.349999999999994" vel="0,0,0" mass="1" elasticityCoef="1" ang="90,0,0" color="0,220,0" radius="0.5" length="4" />
		<capsule pos="-24.149999999999995,-24.75,-31.049999999999994" vel="0,0,0" mass="1" elasticityCoef="1" ang="90,0,0" color="0,220,0" radius="0.5" length="4" />
		<capsule pos="-24.149999999999995,-24.75,-28.749999999999993" vel="0,0,0" mass="1" elasticityCoef="1" ang="90,0,0" color="0,220,0" radius="0.5" length="4" />
		<capsule pos="-24.149999999999995,-24.75,-26.449999999999996" vel="0,0,0" mass="1" elasticityCoef="1" ang="90,0,0" color="0,220,0" radius="0.5" length="4" />
		<capsule pos="-24.149999999999995,-24.75,-24.149999999999995" vel="0,0,0" mass="1" elasticityCoef="1" ang="90,0,0" color="0,220,0" radius="0.5" length="4" />
		<capsule pos="-24.149999999999995,-24.75,-21.849999999999994" vel="0,0,0" mass="1" elasticityCoef="1" ang="90,0,0" color="0,220,0" radius="0.5" length="4" />
		<capsule pos="-24.149999999999995,-24.75,-19.549999999999997" vel="0,0,0" mass="1" elasticityCoef="1" ang="90,0,0" color="0,220,0" radius="0.5" length="4" />
		<capsule pos="-24.149999999999995,-24.75,-17.249999999999996" vel="0,0,0" mass="1" elasticityCoef="1" ang="90,0,0" color="0,220,0" radius="0.5" length="4" />
		<capsule pos="-24.149999999999995,-24.75,-14.949999999999996" vel="0,0,0" mass="1" elasticityCoef="1" ang="90,0,0" color="0,220,0" radius="0.5" length="4" />
		<capsule pos="-24.149999999999995,-24.75,-12.649999999999995" vel="0,0,0" mass="1" elasticityCoef="1" ang="90,0,0" color="0,220,0" radius="0.5" length="4" />
		<capsule pos="-24.149999999999995,-24.75,-10.349999999999994" vel="0,0,0" mass="1" elasticityCoef="1" ang="90,0,0" color="0,220,0" radius="0.5" length="4" />
		<capsule pos="-24.149999999999995,-24.75,-8.049999999999997" vel="0,0,0" mass="1" elasticityCoef="1" ang="90,0,0" color="0,220,0" radius="0.5" length="4" />
		<capsule pos="-24.149999999999995,-24.75,-5.7499999999999964" vel="0,0,0" mass="1" elasticityCoef="1" ang="90,0,0" color="0,220,0" radius="0.5" length="4" />
		<capsule pos="-24.149999999999995,-24.75,-3.4499999999999957" vel="0,0,0" mass="1" elasticityCoef="1" ang="90,0,0" color="0,220,0" radius="0.5" length="4" />
		<capsule pos="-24.149999999999995,-24.75,-1.1499999999999986" vel="0,0,0" mass="1" elasticityCoef="1" ang="90,0,0" color="0,220,0" radius="0.5" length="4" />
		<capsule pos="-24.149999999999995,-24.75,1.1500000000000057" vel="0,0,0" mass="1" elasticityCoef="1" ang="90,0,0" color="0,220,0" radius="0.5" length="4" />
		<capsule pos="-24.149999999999995,-24.75,3.450000000000003" vel="0,0,0" mass="1" elasticityCoef="1" ang="90,0,0" color="0,220,0" radius="0.5" length="4" />
		<capsule pos="-24.149999999999995,-24.75,5.75" vel="0,0,0" mass="1" elasticityCoef="1" ang="90,0,0" color="0,220,0" radius="0.5" length="4" />
		<capsule pos="-24.149999999999995,-24.75,8.050000000000004" vel="0,0,0" mass="1" elasticityCoef="1" ang="90,0,0" color="0,220,0" radius="0.5" length="4" />
		<capsule pos="-24.149999999999995,-24.75,10.350000000000001" vel="0,0,0" mass="1" elasticityCoef="1" ang="90,0,0" color="0,220,0" radius="0.5" length="4" />
		<capsule pos="-24.149999999999995,-24.75,12.650000000000006" vel="0,0,0" mass="1" elasticityCoef="1" ang="90,0,0" color="0,220,0" radius="0.5" length="4" />
		<capsule pos="-24.149999999999995,-24.75,14.950000000000003" vel="0,0,0" mass="1" elasticityCoef="1" ang="90,0,0" color="0,220,0" radius="0.5" length="4" />
		<capsule pos="-24.149999999999995,-24.75,17.25" vel="0,0,0" mass="1" elasticityCoef="1" ang="90,0,0" color="0,220,0" radius="0.5" length="4" />
		<capsule pos="-24.149999999999995,-24.75,19.550000000000004" vel="0,0,0" mass="1" elasticityCoef="1" ang="90,0,0" color="0,220,0" radius="0.5" length="4" />
		<capsule pos="-24.149999999999995,-24.75,21.85" vel="0,0,0" mass="1" elasticityCoef="1" ang="90,0,0" color="0,220,0" radius="0.5" length="4" />
		<capsule pos="-24.149999999999995,-24.75,24.15" vel="0,0,0" mass="1" elasticityCoef="1" ang="90,0,0" color="0,220,0" radius="0.5" length="4" />
		<capsule pos="-24.149999999999995,-24.75,26.450000000000003" vel="0,0,0" mass="1" elasticityCoef="1" ang="90,0,0" color="0,220,0" radius="0.5" length="4" />
		<capsule pos="-24.149999999999995,-24.75,28.75" vel="0,0,0" mass="1" elasticityCoef="1" ang="90,0,0" color="0,220,0" radius="0.5" length="4" />
		<capsule pos="-24.149999999999995,-24.75,31.049999999999997" vel="0,0,0" mass="1" elasticityCoef="1" ang="90,0,0" color="0,220,0" radius="0.5" length="4" />
		<capsule pos="-24.149999999999995,-19.25,-33.349999999999994" vel="0,0,0" mass="1" elasticityCoef="1" ang="90,0,0" color="0,220,0" radius="0.5" length="4" />
		<capsule pos="-24.149999999999995,-19.25,-31.049999999999994" vel="0,0,0" mass="1" elasticityCoef="1" ang="90,0,0" color="0,220,0" radius="0.5" length="4" />
		<capsule pos="-24.149999999999995,-19.25,-28.749999999999993" vel="0,0,0" mass="1" elasticityCoef="1" ang="90,0,0" color="0,220,0" radius="0.5" length="4" />
		<capsule pos="-24.149999999999995,-19.25,-26.449999999999996" vel="0,0,0" mass="1" elasticityCoef="1" ang="90,0,0" color="0,220,0" radius="0.5" length="4" />
		<capsule pos="-24.149999999999995,-19.25,-24.149999999999995" vel="0,0,0" mass="1" elasticityCoef="1" ang="90,0,0" color="0,220,0" radius="0.5" length="4" />
		<capsule pos="-24.149999999999995,-19.25,-21.849999999999994" vel="0,0,0" mass="1" elasticityCoef="1" ang="90,0,0" color="0,220,0" radius="0.5" length="4" />
		<capsule pos="-24.149999999999995,-19.25,-19.549999999999997" vel="0,0,0" mass="1" elasticityCoef="1" ang="90,0,0" color="0,220,0" radius="0.5" length="4" />
		<capsule pos="-24.149999999999995,-19.25,-17.249999999999996" vel="0,0,0" mass="1" elasticityCoef="1" ang="90,0,0" color="0,220,0" radius="0.5" length="4" />
		<capsule pos="-24.149999999999995,-19.25,-14.949999999999996" vel="0,0,0" mass="1" elasticityCoef="1" ang="90,0,0" color="0,220,0" radius="0.5" length="4" />
		<capsule pos="-24.149999999999995,-19.25,-12.649999999999995" vel="0,0,0" mass="1" elasticityCoef="1" ang="90,0,0" color="0,220,0" radius="0.5" length="4" />
		<capsule pos="-24.149999999999995,-19.25,-10.349999999999994" vel="0,0,0" mass="1" elasticityCoef="1" ang="90,0,0" color="0,220,0" radius="0.5" length="4" />
		<capsule pos="-24.149999999999995,-19.25,-8.049999999999997" vel="0,0,0" mass="1" elasticityCoef="1" ang="90,0,0" color="0,220,0" radius="0.5" length="4" />
		<capsule pos="-24.149999999999995,-19.25,-5.7499999999999964" vel="0,0,0" mass="1" elasticityCoef="1" ang="90,0,0" color="0,220,0" radius="0.5" length="4" />
		<capsule pos="-24.149999999999995,-19.25,-3.4499999999999957" vel="0,0,0" mass="1" elasticityCoef="1" ang="90,0,0" color="0,220,0" radius="0.5" length="4" />
		<capsule pos="-24.149999999999995,-19.25,-1.1499999999999986" vel="0,0,0" mass="1" elasticityCoef="1" ang="90,0,0" color="0,220,0" radius="0.5" length="4" />
		<capsule pos="-24.149999999999995,-19.25,1.1500000000000057" vel="0,0,0" mass="1" elasticityCoef="1" ang="90,0,0" color="0,220,0" radius="0.5" length="4" />
		<capsule pos="-24.149999999999995,-19.25,3.450000000000003" vel="0,0,0" mass="1" elasticityCoef="1" ang="90,0,0" color="0,220,0" radius="0.5" length="4" />
		<capsule pos="-24.149999999999995,-19.25,5.75" vel="0,0,0" mass="1" elasticityCoef="1" ang="90,0,0" color="0,220,0" radius="0.5" length="4" />
		<capsule pos="-24.149999999999995,-19.25,8.050000000000004" vel="0,0,0" mass="1" elasticityCoef="1" ang="90,0,0" color="0,220,0" radius="0.5" length="4" />
		<capsule pos="-24.149999999999995,-19.25,10.350000000000001" vel="0,0,0" mass="1" elasticityCoef="1" ang="90,0,0" color="0,220,0" radius="0.5" length="4" />
		<capsule pos="-24.149999999999995,-19.25,12.650000000000006" vel="0,0,0" mass="1" elasticityCoef="1" ang="90,0,0" color="0,220,0" radius="0.5" length="4" />
		<capsule pos="-24.149999999999995,-19.25,14.950000000000003" vel="0,0,0" mass="1" elasticityCoef="1" ang="90,0,0" color="0,220,0" radius="0.5" length="4" />
		<capsule pos="-24.149999999999995,-19.25,17.25" vel="0,0,0" mass="1" elasticityCoef="1" ang="90,0,0" color="0,220,0" radius="0.5" length="4" />
		<capsule pos="-24.149999999999995,-19.25,19.550000000000004" vel="0,0,0" mass="1" elasticityCoef="1" ang="90,0,0" color="0,220,0" radius="0.5" length="4" />
		<capsule pos="-24.149999999999995,-19.25,21.85" vel="0,0,0" mass="1" elasticityCoef="1" ang="90,0,0" color="0,220,0" radius="0.5" length="4" />
		<capsule pos="-24.149999999999995,-19.25,24.15" vel="0,0,0" mass="1" elasticityCoef="1" ang="90,0,0" color="0,220,0" radius="0.5" length="4" />
		<capsule pos="-24.149999999999995,-19.25,26.450000000000003" vel="0,0,0" mass="1" elasticityCoef="1" ang="90,0,0" color="0,220,0" radius="0.5" length="4" />
		<capsule pos="-24.149999999999995,-19.25,28.75" vel="0,0,0" mass="1" elasticityCoef="1" ang="90,0,0" color="0,220,0" radius="0.5" length="4" />
		<capsule pos="-24.149999999999995,-19.25,31.049999999999997" vel="0,0,0" mass="1" elasticityCoef="1" ang="90,0,0" color="0,220,0" radius="0.5" length="4" />
		<capsule pos="-24.149999999999995,-13.75,-33.349999999999994" vel="0,0,0" mass="1" elasticityCoef="1" ang="90,0,0" color="0,220,0" radius="0.5" length="4" />
		<capsule pos="-24.149999999999995,-13.75,-31.049999999999994" vel="0,0,0" mass="1" elasticityCoef="1" ang="90,0,0" color="0,220,0" radius="0.5" length="4" />
		<capsule pos="-24.149999999999995,-13.75,-28.749999999999993" vel="0,0,0" mass="1" elasticityCoef="1" ang="90,0,0" color="0,220,0" radius="0.5" length="4" />
		<capsule pos="-24.149999999999995,-13.75,-26.449999999999996" vel="0,0,0" mass="1" elasticityCoef="1" ang="90,0,0" color="0,220,0" radius="0.5" length="4" />
		<capsule pos="-24.149999999999995,-13.75,-24.149999999999995" vel="0,0,0" mass="1" elasticityCoef="1" ang="90,0,0" color="0,220,0" radius="0.5" length="4" />
		<capsule pos="-24.149999999999995,-13.75,-21.849999999999994" vel="0,0,0" mass="1" elasticityCoef="1" ang="90,0,0" color="0,220,0" radius="0.5" length="4" />
		<capsule pos="-24.149999999999995,-13.75,-19.549999999999997" vel="0,0,0" mass="1" elasticityCoef="1" ang="90,0,0" color="0,220,0" radius="0.5" length="4" />
		<capsule pos="-24.149999999999995,-13.75,-17.249999999999996" vel="0,0,0" mass="1" elasticityCoef="1" ang="90,0,0" color="0,220,0" radius="0.5" length="4" />
		<capsule pos="-24.149999999999995,-13.75,-14.949999999999996" vel="0,0,0" mass="1" elasticityCoef="1" ang="90,0,0" color="0,220,0" radius="0.5" length="4" />
		<capsule pos="-24.149999999999995,-13.75,-12.649999999999995" vel="0,0,0" mass="1" elasticityCoef="1" ang="90,0,0" color="0,220,0" radius="0.5" length="4" />
		<capsule pos="-24.149999999999995,-13.75,-10.349999999999994" vel="0,0,0" mass="1" elasticityCoef="1" ang="90,0,0" color="0,220,0" radius="0.5" length="4" />
		<capsule pos="-24.149999999999995,-13.75,-8.049999999999997" vel="0,0,0" mass="1" elasticityCoef="1" ang="90,0,0" color="0,220,0" radius="0.5" length="4" />
		<capsule pos="-24.149999999999995,-13.75,-5.7499999999999964" vel="0,0,0" mass="1" elasticityCoef="1" ang="90,0,0" color="0,220,0" radius="0.5" length="4" />
		<capsule pos="-24.149999999999995,-13.75,-3.4499999999999957" vel="0,0,0" mass="1" elasticityCoef="1" ang="90,0,0" color="0,220,0" radius="0.5" length="4" />
		<capsule pos="-24.149999999999995,-13.75,-1.1499999999999986" vel="0,0,0" mass="1" elasticityCoef="1" ang="90,0,0" color="0,220,0" radius="0.5" length="4" />
		<capsule pos="-24.149999999999995,-13.75,1.1500000000000057" vel="0,0,0" mass="1" elasticityCoef="1" ang="90,0,0" color="0,220,0" radius="0.5" length="4" />
		<capsule pos="-24.149999999999995,-13.75,3.450000000000003" vel="0,0,0" mass="1" elasticityCoef="1" ang="90,0,0" color="0,220,0" radius="0.5" length="4" />
		<capsule pos="-24.149999999999995,-13.75,5.75" vel="0,0,0" mass="1" elasticityCoef="1" ang="90,0,0" color="0,220,0" radius="0.5" length="4" />
		<capsule pos="-24.149999999999995,-13.75,8.050000000000004" vel="0,0,0" mass="1" elasticityCoef="1" ang="90,0,0" color="0,220,0" radius="0.5" length="4" />
		<capsule pos="-24.149999999999995,-13.75,10.350000000000001" vel="0,0,0" mass="1" elasticityCoef="1" ang="90,0,0" color="0,220,0" radius="0.5" length="4" />
		<capsule pos="-24.149999999999995,-13.75,12.650000000000006" vel="0,0,0" mass="1" elasticityCoef="1" ang="90,0,0" color="0,220,0" radius="0.5" length="4" />
		<capsule pos="-24.149999999999995,-13.75,14.950000000000003" vel="0,0,0" mass="1" elasticityCoef="1" ang="90,0,0" color="0,220,0" radius="0.5" length="4" />
		<capsule pos="-24.149999999999995,-13.75,17.25" vel="0,0,0" mass="1" elasticityCoef="1" ang="90,0,0" color="0,220,0" radius="0.5" length="4" />
		<capsule pos="-24.149999999999995,-13.75,19.550000000000004" vel="0,0,0" mass="1" elasticityCoef="1" ang="90,0,0" color="0,220,0" radius="0.5" length="4" />
		<capsule pos="-24.149999999999995,-13.75,21.85" vel="0,0,0" mass="1" elasticityCoef="1" ang="90,0,0" color="0,220,0" radius="0.5" length="4" />
		<capsule pos="-24.149999999999995,-13.75,24.15" vel="0,0,0" mass="1" elasticityCoef="1" ang="90,0,0" color="0,220,0" radius="0.5" length="4" />
		<capsule pos="-24.149999999999995,-13.75,26.450000000000003" vel="0,0,0" mass="1" elasticityCoef="1" ang="90,0,0" color="0,220,0" radius="0.5" length="4" />
		<capsule pos="-24.149999999999995,-13.75,28.75" vel="0,0,0" mass="1" elasticityCoef="1" ang="90,0,0" color="0,220,0" radius="0.5" length="4" />
		<capsule pos="-24.149999999999995,-13.75,31.049999999999997" vel="0,0,0" mass="1" elasticityCoef="1" ang="90,0,0" color="0,220,0" radius="0.5" length="4" />
		<capsule pos="-24.149999999999995,-8.25,-33.349999999999994" vel="0,0,0" mass="1" elasticityCoef="1" ang="90,0,0" color="0,220,0" radius="0.5" length="4" />
		<capsule pos="-24.149999999999995,-8.25,-31.049999999999994" vel="0,0,0" mass="1" elasticityCoef="1" ang="90,0,0" color="0,220,0" radius="0.5" length="4" />
		<capsule pos="-24.149999999999995,-8.25,-28.749999999999993" vel="0,0,0" mass="1" elasticityCoef="1" ang="90,0,0" color="0,220,0" radius="0.5" length="4" />
		<capsule pos="-24.149999999999995,-8.25,-26.449999999999996" vel="0,0,0" mass="1" elasticityCoef="1" ang="90,0,0" color="0,220,0" radius="0.5" length="4" />
		<capsule pos="-24.149999999999995,-8.25,-24.149999999999995" vel="0,0,0" mass="1" elasticityCoef="1" ang="90,0,0" color="0,220,0" radius="0.5" length="4" />
		<capsule pos="-24.149999999999995,-8.25,-21.849999999999994" vel="0,0,0" mass="1" elasticityCoef="1" ang="90,0,0" color="0,220,0" radius="0.5" length="4" />
		<capsule pos="-24.149999999999995,-8.25,-19.549999999999997" vel="0,0,0" mass="1" elasticityCoef="1" ang="90,0,0" color="0,220,0" radius="0.5" length="4" />
		<capsule pos="-24.149999999999995,-8.25,-17.249999999999996" vel="0,0,0" mass="1" elasticityCoef="1" ang="90,0,0" color="0,220,0" radius="0.5" length="4" />
		<capsule pos="-24.149999999999995,-8.25,-14.949999999999996" vel="0,0,0" mass="1" elasticityCoef="1" ang="90,0,0" color="0,220,0" radius="0.5" length="4" />
		<capsule pos="-24.149999999999995,-8.25,-12.649999999999995" vel="0,0,0" mass="1" elasticityCoef="1" ang="90,0,0" color="0,220,0" radius="0.5" length="4" />
		<capsule pos="-24.149999999999995,-8.25,-10.349999999999994" vel="0,0,0" mass="1" elasticityCoef="1" ang="90,0,0" color="0,220,0" radius="0.5" length="4" />
		<capsule pos="-24.149999999999995,-8.25,-8.049999999999997" vel="0,0,0" mass="1" elasticityCoef="1" ang="90,0,0" color="0,220,0" radius="0.5" length="4" />
		<capsule pos="-24.149999999999995,-8.25,-5.7499999999999964" vel="0,0,0" mass="1" elasticityCoef="1" ang="90,0,0" color="0,220,0" radius="0.5" length="4" />
		<capsule pos="-24.149999999999995,-8.25,-3.4499999999999957" vel="0,0,0" mass="1" elasticityCoef="1" ang="90,0,0" color="0,220,0" radius="0.5" length="4" />
		<capsule pos="-24.149999999999995,-8.25,-1.1499999999999986" vel="0,0,0" mass="1" elasticityCoef="1" ang="90,0,0" color="0,220,0" radius="0.5" length="4" />
		<capsule pos="-24.149999999999995,-8.25,1.1500000000000057" vel="0,0,0" mass="1" elasticityCoef="1" ang="90,0,0" color="0,220,0" radius="0.5" length="4" />
		<capsule pos="-24.149999999999995,-8.25,3.450000000000003" vel="0,0,0" mass="1" elasticityCoef="1" ang="90,0,0" color="0,220,0" radius="0.5" length="4" />
		<capsule pos="-24.149999999999995,-8.25,5.75" vel="0,0,0" mass="1" elasticityCoef="1" ang="90,0,0" color="0,220,0" radius="0.5" length="4" />
		<capsule pos="-24.149999999999995,-8.25,8.050000000000004" vel="0,0,0" mass="1" elasticityCoef="1" ang="90,0,0" color="0,220,0" radius="0.5" length="4" />
		<capsule pos="-24.149999999999995,-8.25,10.350000000000001" vel="0,0,0" mass="1" elasticityCoef="1" ang="90,0,0" color="0,220,0" radius="0.5" length="4" />
		<capsule pos="-24.149999999999995,-8.25,12.650000000000006" vel="0,0,0" mass="1" elasticityCoef="1" ang="90,0,0" color="0,220,0" radius="0.5" length="4" />
		<capsule pos="-24.149999999999995,-8.25,14.950000000000003" vel="0,0,0" mass="1" elasticityCoef="1" ang="90,0,0" color="0,220,0" radius="0.5" length="4" />
		<capsule pos="-24.149999999999995,-8.25,17.25" vel="0,0,0" mass="1" elasticityCoef="1" ang="90,0,0" color="0,220,0" radius="0.5" length="4" />
		<capsule pos="-24.149999999999995,-8.25,19.550000000000004" vel="0,0,0" mass="1" elasticityCoef="1" ang="90,0,0" color="0,220,0" radius="0.5" length="4" />
		<capsule pos="-24.149999999999995,-8.25,21.85" vel="0,0,0" mass="1" elasticityCoef="1" ang="90,0,0" color="0,220,0" radius="0.5" length="4" />
		<capsule pos="-24.149999999999995,-8.25,24.15" vel="0,0,0" mass="1" elasticityCoef="1" ang="90,0,0" color="0,220,0" radius="0.5" length="4" />
		<capsule pos="-24.149999999999995,-8.25,26.450000000000003" vel="0,0,0" mass="1" elasticityCoef="1" ang="90,0,0" color="0,220,0" radius="0.5" length="4" />
		<capsule pos="-24.149999999999995,-8.25,28.75" vel="0,0,0" mass="1" elasticityCoef="1" ang="90,0,0" color="0,220,0" radius="0.5" length="4" />
		<capsule pos="-24.149999999999995,-8.25,31.049999999999997" vel="0,0,0" mass="1" elasticityCoef="1" ang="90,0,0" color="0,220,0" radius="0.5" length="4" />
		<capsule pos="-24.149999999999995,-2.75,-33.349999999999994" vel="0,0,0" mass="1" elasticityCoef="1" ang="90,0,0" color="0,220,0" radius="0.5" length="4" />
		<capsule pos="-24.149999999999995,-2.75,-31.049999999999994" vel="0,0,0" mass="1" elasticityCoef="1" ang="90,0,0" color="0,220,0" radius="0.5" length="4" />
		<capsule pos="-24.149999999999995,-2.75,-28.749999999999993" vel="0,0,0" mass="1" elasticityCoef="1" ang="90,0,0" color="0,220,0" radius="0.5" length="4" />
		<capsule pos="-24.149999999999995,-2.75,-26.449999999999996" vel="0,0,0" mass="1" elasticityCoef="1" ang="90,0,0" color="0,220,0" radius="0.5" length="4" />
		<capsule pos="-24.149999999999995,-2.75,-24.149999999999995" vel="0,0,0" mass="1" elasticityCoef="1" ang="90,0,0" color="0,220,0" radius="0.5" length="4" />
		<capsule pos="-24.149999999999995,-2.75,-21.849999999999994" vel="0,0,0" mass="1" elasticityCoef="1" ang="90,0,0" color="0,220,0" radius="0.5" length="4" />
		<capsule pos="-24.149999999999995,-2.75,-19.549999999999997" vel="0,0,0" mass="1" elasticityCoef="1" ang="90,0,0" color="0,220,0" radius="0.5" length="4" />
		<capsule pos="-24.149999999999995,-2.75,-17.249999999999996" vel="0,0,0" mass="1" elasticityCoef="1" ang="90,0,0" color="0,220,0" radius="0.5" length="4" />
		<capsule pos="-24.149999999999995,-2.75,-14.949999999999996" vel="0,0,0" mass="1" elasticityCoef="1" ang="90,0,0" color="0,220,0" radius="0.5" length="4" />
		<capsule pos="-24.149999999999995,-2.75,-12.649999999999995" vel="0,0,0" mass="1" elasticityCoef="1" ang="90,0,0" color="0,220,0" radius="0.5" length="4" />
		<capsule pos="-24.149999999999995,-2.75,-10.349999999999994" vel="0,0,0" mass="1" elasticityCoef="1" ang="90,0,0" color="0,220,0" radius="0.5" length="4" />
		<capsule pos="-24.149999999999995,-2.75,-8.049999999999997" vel="0,0,0" mass="1" elasticityCoef="1" ang="90,0,0" color="0,220,0" radius="0.5" length="4" />
		<capsule pos="-24.149999999999995,-2.75,-5.7499999999999964" vel="0,0,0" mass="1" elasticityCoef="1" ang="90,0,0" color="0,220,0" radius="0.5" length="4" />
		<capsule pos="-24.149999999999995,-2.75,-3.4499999999999957" vel="0,0,0" mass="1" elasticityCoef="1" ang="90,0,0" color="0,220,0" radius="0.5" length="4" />
		<capsule pos="-24.149999999999995,-2.75,-1.1499999999999986" vel="0,0,0" mass="1" elasticityCoef="1" ang="90,0,0" color="0,220,0" radius="0.5" length="4" />
		<capsule pos="-24.149999999999995,-2.75,1.1500000000000057" vel="0,0,0" mass="1" elasticityCoef="1" ang="90,0,0" color="0,220,0" radius="0.5" length="4" />
		<capsule pos="-24.149999999999995,-2.75,3.450000000000003" vel="0,0,0" mass="1" elasticityCoef="1" ang="90,0,0" color="0,220,0" radius="0.5" length="4" />
		<capsule pos="-24.149999999999995,-2.75,5.75" vel="0,0,0" mass="1" elasticityCoef="1" ang="90,0,0" color="0,220,0" radius="0.5" length="4" />
		<capsule pos="-24.149999999999995,-2.75,8.050000000000004" vel="0,0,0" mass="1" elasticityCoef="1" ang="90,0,0" color="0,220,0" radius="0.5" length="4" />
		<capsule pos="-24.149999999999995,-2.75,10.350000000000001" vel="0,0,0" mass="1" elasticityCoef="1" ang="90,0,0" color="0,220,0" radius="0.5" length="4" />
		<capsule pos="-24.149999999999995,-2.75,12.650000000000006" vel="0,0,0" mass="1" elasticityCoef="1" ang="90,0,0" color="0,220,0" radius="0.5" length="4" />
		<capsule pos="-24.149999999999995,-2.75,14.950000000000003" vel="0,0,0" mass="1" elasticityCoef="1" ang="90,0,0" color="0,220,0" radius="0.5" length="4" />
		<capsule pos="-24.149999999999995,-2.75,17.25" vel="0,0,0" mass="1" elasticityCoef="1" ang="90,0,0" color="0,220,0" radius="0.5" length="4" />
		<capsule pos="-24.149999999999995,-2.75,19.550000000000004" vel="0,0,0" mass="1" elasticityCoef="1" ang="90,0,0" color="0,220,0" radius="0.5" length="4" />
		<capsule pos="-24.149999999999995,-2.75,21.85" vel="0,0,0" mass="1" elasticityCoef="1" ang="90,0,0" color="0,220,0" radius="0.5" length="4" />
		<capsule pos="-24.149999999999995,-2.75,24.15" vel="0,0,0" mass="1" elasticityCoef="1" ang="90,0,0" color="0,220,0" radius="0.5" length="4" />
		<capsule pos="-24.149999999999995,-2.75,26.450000000000003" vel="0,0,0" mass="1" elasticityCoef="1" ang="90,0,0" color="0,220,0" radius="0.5" length="4" />
		<capsule pos="-24.149999999999995,-2.75,28.75" vel="0,0,0" mass="1" elasticityCoef="1" ang="90,0,0" color="0,220,0" radius="0.5" length="4" />
		<capsule pos="-24.149999999999995,-2.75,31.049999999999997" vel="0,0,0" mass="1" elasticityCoef="1" ang="90,0,0" color="0,220,0" radius="0.5" length="4" />
		<capsule pos="-24.149999999999995,2.75,-33.349999999999994" vel="0,0,0" mass="1" elasticityCoef="1" ang="90,0,0" color="0,220,0" radius="0.5" length="4" />
		<capsule pos="-24.149999999999995,2.75,-31.049999999999994" vel="0,0,0" mass="1" elasticityCoef="1" ang="90,0,0" color="0,220,0" radius="0.5" length="4" />
		<capsule pos="-24.149999999999995,2.75,-28.749999999999993" vel="0,0,0" mass="1" elasticityCoef="1" ang="90,0,0" color="0,220,0" radius="0.5" length="4" />
		<capsule pos="-24.149999999999995,2.75,-26.449999999999996" vel="0,0,0" mass="1" elasticityCoef="1" ang="90,0,0" color="0,220,0" radius="0.5" length="4" />
		<capsule pos="-24.149999999999995,2.75,-24.149999999999995" vel="0,0,0" mass="1" elasticityCoef="1" ang="90,0,0" color="0,220,0" radius="0.5" length="4" />
		<capsule pos="-24.149999999999995,2.75,-21.849999999999994" vel="0,0,0" mass="1" elasticityCoef="1" ang="90,0,0" color="0,220,0" radius="0.5" length="4" />
		<capsule pos="-24.149999999999995,2.75,-19.549999999999997" vel="0,0,0" mass="1" elasticityCoef="1" ang="90,0,0" color="0,220,0" radius="0.5" length="4" />
		<capsule pos="-24.149999999999995,2.75,-17.249999999999996" vel="0,0,0" mass="1" elasticityCoef="1" ang="90,0,0" color="0,220,0" radius="0.5" length="4" />
		<capsule pos="-24.149999999999995,2.75,-14.949999999999996" vel="0,0,0" mass="1" elasticityCoef="1" ang="90,0,0" color="0,220,0" radius="0.5" length="4" />
		<capsule pos="-24.149999999999995,2.75,-12.649999999999995" vel="0,0,0" mass="1" elasticityCoef="1" ang="90,0,0" color="0,220,0" radius="0.5" length="4" />
		<capsule pos="-24.149999999999995,2.75,-10.349999999999994" vel="0,0,0" mass="1" elasticityCoef="1" ang="90,0,0" color="0,220,0" radius="0.5" length="4" />
		<capsule pos="-24.149999999999995,2.75,-8.049999999999997" vel="0,0,0" mass="1" elasticityCoef="1" ang="90,0,0" color="0,220,0" radius="0.5" length="4" />
		<capsule pos="-24.149999999999995,2.75,-5.7499999999999964" vel="0,0,0" mass="1" elasticityCoef="1" ang="90,0,0" color="0,220,0" radius="0.5" length="4" />
		<capsule pos="-24.149999999999995,2.75,-3.4499999999999957" vel="0,0,0" mass="1" elasticityCoef="1" ang="90,0,0" color="0,220,0" radius="0.5" length="4" />
		<capsule pos="-24.149999999999995,2.75,-1.1499999999999986" vel="0,0,0" mass="1" elasticityCoef="1" ang="90,0,0" color="0,220,0" radius="0.5" length="4" />
		<capsule pos="-24.149999999999995,2.75,1.1500000000000057" vel="0,0,0" mass="1" elasticityCoef="1" ang="90,0,0" color="0,220,0" radius="0.5" length="4" />
		<capsule pos="-24.149999999999995,2.75,3.450000000000003" vel="0,0,0" mass="1" elasticityCoef="1" ang="90,0,0" color="0,220,0" radius="0.5" length="4" />
		<capsule pos="-24.149999999999995,2.75,5.75" vel="0,0,0" mass="1" elasticityCoef="1" ang="90,0,0" color="0,220,0" radius="0.5" length="4" />
		<capsule pos="-24.149999999999995,2.75,8.050000000000004" vel="0,0,0" mass="1" elasticityCoef="1" ang="90,0,0" color="0,220,0" radius="0.5" length="4" />
		<capsule pos="-24.149999999999995,2.75,10.350000000000001" vel="0,0,0" mass="1" elasticityCoef="1" ang="90,0,0" color="0,220,0" radius="0.5" length="4" />
		<capsule pos="-24.149999999999995,2.75,12.650000000000006" vel="0,0,0" mass="1" elasticityCoef="1" ang="90,0,0" color="0,220,0" radius="0.5" length="4" />
		<capsule pos="-24.149999999999995,2.75,14.950000000000003" vel="0,0,0" mass="1" elasticityCoef="1" ang="90,0,0" color="0,220,0" radius="0.5" length="4" />
		<capsule pos="-24.149999999999995,2.75,17.25" vel="0,0,0" mass="1" elasticityCoef="1" ang="90,0,0" color="0,220,0" radius="0.5" length="4" />
		<capsule pos="-24.149999999999995,2.75,19.550000000000004" vel="0,0,0" mass="1" elasticityCoef="1" ang="90,0,0" color="0,220,0" radius="0.5" length="4" />
		<capsule pos="-24.149999999999995,2.75,21.85" vel="0,0,0" mass="1" elasticityCoef="1" ang="90,0,0" color="0,220,0" radius="0.5" length="4" />
		<capsule pos="-24.149999999999995,2.75,24.15" vel="0,0,0" mass="1" elasticityCoef="1" ang="90,0,0" color="0,220,0" radius="0.5" length="4" />
		<capsule pos="-24.149999999999995,2.75,26.450000000000003" vel="0,0,0" mass="1" elasticityCoef="1" ang="90,0,0" color="0,220,0" radius="0.5" length="4" />
		<capsule pos="-24.149999999999995,2.75,28.75" vel="0,0,0" mass="1" elasticityCoef="1" ang="90,0,0" color="0,220,0" radius="0.5" length="4" />
		<capsule pos="-24.149999999999995,2.75,31.049999999999997" vel="0,0,0" mass="1" elasticityCoef="1" ang="90,0,0" color="0,220,0" radius="0.5" length="4" />
		<capsule pos="-24.149999999999995,8.25,-33.349999999999994" vel="0,0,0" mass="1" elasticityCoef="1" ang="90,0,0" color="0,220,0" radius="0.5" length="4" />
		<capsule pos="-24.149999999999995,8.25,-31.049999999999994" vel="0,0,0" mass="1" elasticityCoef="1" ang="90,0,0" color="0,220,0" radius="0.5" length="4" />
		<capsule pos="-24.149999999999995,8.25,-28.749999999999993" vel="0,0,0" mass="1" elasticityCoef="1" ang="90,0,0" color="0,220,0" radius="0.5" length="4" />
		<capsule pos="-24.149999999999995,8.25,-26.449999999999996" vel="0,0,0" mass="1" elasticityCoef="1" ang="90,0,0" color="0,220,0" radius="0.5" length="4" />
		<capsule pos="-24.149999999999995,8.25,-24.149999999999995" vel="0,0,0" mass="1" elasticityCoef="1" ang="90,0,0" color="0,220,0" radius="0.5" length="4" />
		<capsule pos="-24.149999999999995,8.25,-21.849999999999994" vel="0,0,0" mass="1" elasticityCoef="1" ang="90,0,0" color="0,220,0" radius="0.5" length="4" />
		<capsule pos="-24.149999999999995,8.25,-19.549999999999997" vel="0,0,0" mass="1" elasticityCoef="1" ang="90,0,0" color="0,220,0" radius="0.5" length="4" />
		<capsule pos="-24.149999999999995,8.25,-17.249999999999996" vel="0,0,0" mass="1" elasticityCoef="1" ang="90,0,0" color="0,220,0" radius="0.5" length="4" />
		<capsule pos="-24.149999999999995,8.25,-14.949999999999996" vel="0,0,0" mass="1" elasticityCoef="1" ang="90,0,0" color="0,220,0" radius="0.5" length="4" />
		<capsule pos="-24.149999999999995,8.25,-12.649999999999995" vel="0,0,0" mass="1" elasticityCoef="1" ang="90,0,0" color="0,220,0" radius="0.5" length="4" />
		<capsule pos="-24.149999999999995,8.25,-10.349999999999994" vel="0,0,0" mass="1" elasticityCoef="1" ang="90,0,0" color="0,220,0" radius="0.5" length="4" />
		<capsule pos="-24.149999999999995,8.25,-8.049999999999997" vel="0,0,0" mass="1" elasticityCoef="1" ang="90,0,0" color="0,220,0" radius="0.5" length="4" />
		<capsule pos="-24.149999999999995,8.25,-5.7499999999999964" vel="0,0,0" mass="1" elasticityCoef="1" ang="90,0,0" color="0,220,0" radius="0.5" length="4" />
		<capsule pos="-24.149999999999995,8.25,-3.4499999999999957" vel="0,0,0" mass="1" elasticityCoef="1" ang="90,0,0" color="0,220,0" radius="0.5" length="4" />
		<capsule pos="-24.149999999999995,8.25,-1.1499999999999986" vel="0,0,0" mass="1" elasticityCoef="1" ang="90,0,0" color="0,220,0" radius="0.5" length="4" />
		<capsule pos="-24.149999999999995,8.25,1.1500000000000057" vel="0,0,0" mass="1" elasticityCoef="1" ang="90,0,0" color="0,220,0" radius="0.5" length="4" />
		<capsule pos="-24.149999999999995,8.25,3.450000000000003" vel="0,0,0" mass="1" elasticityCoef="1" ang="90,0,0" color="0,220,0" radius="0.5" length="4" />
		<capsule pos="-24.149999999999995,8.25,5.75" vel="0,0,0" mass="1" elasticityCoef="1" ang="90,0,0" color="0,220,0" radius="0.5" length="4" />
		<capsule pos="-24.149999999999995,8.25,8.050000000000004" vel="0,0,0" mass="1" elasticityCoef="1" ang="90,0,0" color="0,220,0" radius="0.5" length="4" />
		<capsule pos="-24.149999999999995,8.25,10.350000000000001" vel="0,0,0" mass="1" elasticityCoef="1" ang="90,0,0" color="0,220,0" radius="0.5" length="4" />
		<capsule pos="-24.149999999999995,8.25,12.650000000000006" vel="0,0,0" mass="1" elasticityCoef="1" ang="90,0,0" color="0,220,0" radius="0.5" length="4" />
		<capsule pos="-24.149999999999995,8.25,14.950000000000003" vel="0,0,0" mass="1" elasticityCoef="1" ang="90,0,0" color="0,220,0" radius="0.5" length="4" />
		<capsule pos="-24.149999999999995,8.25,17.25" vel="0,0,0" mass="1" elasticityCoef="1" ang="90,0,0" color="0,220,0" radius="0.5" length="4" />
		<capsule pos="-24.149999999999995,8.25,19.550000000000004" vel="0,0,0" mass="1" elasticityCoef="1" ang="90,0,0" color="0,220,0" radius="0.5" length="4" />
		<capsule pos="-24.149999999999995,8.25,21.85" vel="0,0,0" mass="1" elasticityCoef="1" ang="90,0,0" color="0,220,0" radius="0.5" length="4" />
		<capsule pos="-24.149999999999995,8.25,24.15" vel="0,0,0" mass="1" elasticityCoef="1" ang="90,0,0" color="0,220,0" radius="0.5" length="4" />
		<capsule pos="-24.149999999999995,8.25,26.450000000000003" vel="0,0,0" mass="1" elasticityCoef="1" ang="90,0,0" color="0,220,0" radius="0.5" length="4" />
		<capsule pos="-24.149999999999995,8.25,28.75" vel="0,0,0" mass="1" elasticityCoef="1" ang="90,0,0" color="0,220,0" radius="0.5" length="4" />
		<capsule pos="-24.149999999999995,8.25,31.049999999999997" vel="0,0,0" mass="1" elasticityCoef="1" ang="90,0,0" color="0,220,0" radius="0.5" length="4" />
		<capsule pos="-24.149999999999995,13.75,-33.349999999999994" vel="0,0,0" mass="1" elasticityCoef="1" ang="90,0,0" color="0,220,0" radius="0.5" length="4" />
		<capsule pos="-24.149999999999995,13.75,-31.049999999999994" vel="0,0,0" mass="1" elasticityCoef="1" ang="90,0,0" color="0,220,0" radius="0.5" length="4" />
		<capsule pos="-24.149999999999995,13.75,-28.749999999999993" vel="0,0,0" mass="1" elasticityCoef="1" ang="90,0,0" color="0,220,0" radius="0.5" length="4" />
		<capsule pos="-24.149999999999995,13.75,-26.449999999999996" vel="0,0,0" mass="1" elasticityCoef="1" ang="90,0,0" color="0,220,0" radius="0.5" length="4" />
		<capsule pos="-24.149999999999995,13.75,-24.149999999999995" vel="0,0,0" mass="1" elasticityCoef="1" ang="90,0,0" color="0,220,0" radius="0.5" length="4" />
		<capsule pos="-24.149999999999995,13.75,-21.849999999999994" vel="0,0,0" mass="1" elasticityCoef="1" ang="90,0,0" color="0,220,0" radius="0.5" length="4" />
		<capsule pos="-24.149999999999995,13.75,-19.549999999999997" vel="0,0,0" mass="1" elasticityCoef="1" ang="90,0,0" color="0,220,0" radius="0.5" length="4" />
		<capsule pos="-24.149999999999995,13.75,-17.249999999999996" vel="0,0,0" mass="1" elasticityCoef="1" ang="90,0,0" color="0,220,0" radius="0.5" length="4" />
		<capsule pos="-24.149999999999995,13.75,-14.949999999999996" vel="0,0,0" mass="1" elasticityCoef="1" ang="90,0,0" color="0,220,0" radius="0.5" length="4" />
		<capsule pos="-24.149999999999995,13.75,-12.649999999999995" vel="0,0,0" mass="1" elasticityCoef="1" ang="90,0,0" color="0,220,0" radius="0.5" length="4" />
		<capsule pos="-24.149999999999995,13.75,-10.349999999999994" vel="0,0,0" mass="1" elasticityCoef="1" ang="90,0,0" color="0,220,0" radius="0.5" length="4" />
		<capsule pos="-24.149999999999995,13.75,-8.049999999999997" vel="0,0,0" mass="1" elasticityCoef="1" ang="90,0,0" color="0,220,0" radius="0.5" length="4" />
		<capsule pos="-24.149999999999995,13.75,-5.7499999999999964" vel="0,0,0" mass="1" elasticityCoef="1" ang="90,0,0" color="0,220,0" radius="0.5" length="4" />
		<capsule pos="-24.149999999999995,13.75,-3.4499999999999957" vel="0,0,0" mass="1" elasticityCoef="1" ang="90,0,0" color="0,220,0" radius="0.5" length="4" />
		<capsule pos="-24.149999999999995,13.75,-1.1499999999999986" vel="0,0,0" mass="1" elasticityCoef="1" ang="90,0,0" color="0,220,0" radius="0.5" length="4" />
		<capsule pos="-24.149999999999995,13.75,1.1500000000000057" vel="0,0,0" mass="1" elasticityCoef="1" ang="90,0,0" color="0,220,0" radius="0.5" length="4" />
		<capsule pos="-24.149999999999995,13.75,3.450000000000003" vel="0,0,0" mass="1" elasticityCoef="1" ang="90,0,0" color="0,220,0" radius="0.5" length="4" />
		<capsule pos="-24.149999999999995,13.75,5.75" vel="0,0,0" mass="1" elasticityCoef="1" ang="90,0,0" color="0,220,0" radius="0.5" length="4" />
		<capsule pos="-24.149999999999995,13.75,8.050000000000004" vel="0,0,0" mass="1" elasticityCoef="1" ang="90,0,0" color="0,220,0" radius="0.5" length="4" />
		<capsule pos="-24.149999999999995,13.75,10.350000000000001" vel="0,0,0" mass="1" elasticityCoef="1" ang="90,0,0" color="0,220,0" radius="0.5" length="4" />
		<capsule pos="-24.149999999999995,13.75,12.650000000000006" vel="0,0,0" mass="1" elasticityCoef="1" ang="90,0,0" color="0,220,0" radius="0.5" length="4" />
		<capsule pos="-24.149999999999995,13.75,14.950000000000003" vel="0,0,0" mass="1" elasticityCoef="1" ang="90,0,0" color="0,220,0" radius="0.5" length="4" />
		<capsule pos="-24.149999999999995,13.75,17.25" vel="0,0,0" mass="1" elasticityCoef="1" ang="90,0,0" color="0,220,0" radius="0.5" length="4" />
		<capsule pos="-24.149999999999995,13.75,19.550000000000004" vel="0,0,0" mass="1" elasticityCoef="1" ang="90,0,0" color="0,220,0" radius="0.5" length="4" />
		<capsule pos="-24.149999999999995,13.75,21.85" vel="0,0,0" mass="1" elasticityCoef="1" ang="90,0,0" color="0,220,0" radius="0.5" length="4" />
		<capsule pos="-24.149999999999995,13.75,24.15" vel="0,0,0" mass="1" elasticityCoef="1" ang="90,0,0" color="0,220,0" radius="0.5" length="4" />
		<capsule pos="-24.149999999999995,13.75,26.450000000000003" vel="0,0,0" mass="1" elasticityCoef="1" ang="90,0,0" color="0,220,0" radius="0.5" length="4" />
		<capsule pos="-24.149999999999995,13.75,28.75" vel="0,0,0" mass="1" elasticityCoef="1" ang="90,0,0" color="0,220,0" radius="0.5" length="4" />
		<capsule pos="-24.149999999999995,13.75,31.049999999999997" vel="0,0,0" mass="1" elasticityCoef="1" ang="90,0,0" color="0,220,0" radius="0.5" length="4" />
		<capsule pos="-24.149999999999995,19.25,-33.349999999999994" vel="0,0,0" mass="1" elasticityCoef="1" ang="90,0,0" color="0,220,0" radius="0.5" length="4" />
		<capsule pos="-24.149999999999995,19.25,-31.049999999999994" vel="0,0,0" mass="1" elasticityCoef="1" ang="90,0,0" color="0,220,0" radius="0.5" length="4" />
		<capsule pos="-24.149999999999995,19.25,-28.749999999999993" vel="0,0,0" mass="1" elasticityCoef="1" ang="90,0,0" color="0,220,0" radius="0.5" length="4" />
		<capsule pos="-24.149999999999995,19.25,-26.449999999999996" vel="0,0,0" mass="1" elasticityCoef="1" ang="90,0,0" color="0,220,0" radius="0.5" length="4" />
		<capsule pos="-24.149999999999995,19.25,-24.149999999999995" vel="0,0,0" mass="1" elasticityCoef="1" ang="90,0,0" color="0,220,0" radius="0.5" length="4" />
		<capsule pos="-24.149999999999995,19.25,-21.849999999999994" vel="0,0,0" mass="1" elasticityCoef="1" ang="90,0,0" color="0,220,0" radius="0.5" length="4" />
		<capsule pos="-24.149999999999995,19.25,-19.549999999999997" vel="0,0,0" mass="1" elasticityCoef="1" ang="90,0,0" color="0,220,0" radius="0.5" length="4" />
		<capsule pos="-24.149999999999995,19.25,-17.249999999999996" vel="0,0,0" mass="1" elasticityCoef="1" ang="90,0,0" color="0,220,0" radius="0.5" length="4" />
		<capsule pos="-24.149999999999995,19.25,-14.949999999999996" vel="0,0,0" mass="1" elasticityCoef="1" ang="90,0,0" color="0,220,0" radius="0.5" length="4" />
		<capsule pos="-24.149999999999995,19.25,-12.649999999999995" vel="0,0,0" mass="1" elasticityCoef="1" ang="90,0,0" color="0,220,0" radius="0.5" length="4" />
		<capsule pos="-24.149999999999995,19.25,-10.349999999999994" vel="0,0,0" mass="1" elasticityCoef="1" ang="90,0,0" color="0,220,0" radius="0.5" length="4" />
		<capsule pos="-24.149999999999995,19.25,-8.049999999999997" vel="0,0,0" mass="1" elasticityCoef="1" ang="90,0,0" color="0,220,0" radius="0.5" length="4" />
		<capsule pos="-24.149999999999995,19.25,-5.7499999999999964" vel="0,0,0" mass="1" elasticityCoef="1" ang="90,0,0" color="0,220,0" radius="0.5" length="4" />
		<capsule pos="-24.149999999999995,19.25,-3.4499999999999957" vel="0,0,0" mass="1" elasticityCoef="1" ang="90,0,0" color="0,220,0" radius="0.5" length="4" />
		<capsule pos="-24.149999999999995,19.25,-1.1499999999999986" vel="0,0,0" mass="1" elasticityCoef="1" ang="90,0,0" color="0,220,0" radius="0.5" length="4" />
		<capsule pos="-24.149999999999995,19.25,1.1500000000000057" vel="0,0,0" mass="1" elasticityCoef="1" ang="90,0,0" color="0,220,0" radius="0.5" length="4" />
		<capsule pos="-24.149999999999995,19.25,3.450000000000003" vel="0,0,0" mass="1" elasticityCoef="1" ang="90,0,0" color="0,220,0" radius="0.5" length="4" />
		<capsule pos="-24.149999999999995,19.25,5.75" vel="0,0,0" mass="1" elasticityCoef="1" ang="90,0,0" color="0,220,0" radius="0.5" length="4" />
		<capsule pos="-24.149999999999995,19.25,8.050000000000004" vel="0,0,0" mass="1" elasticityCoef="1" ang="90,0,0" color="0,220,0" radius="0.5" length="4" />
		<capsule pos="-24.149999999999995,19.25,10.350000000000001" vel="0,0,0" mass="1" elasticityCoef="1" ang="90,0,0" color="0,220,0" radius="0.5" length="4" />
		<capsule pos="-24.149999999999995,19.25,12.650000000000006" vel="0,0,0" mass="1" elasticityCoef="1" ang="90,0,0" color="0,220,0" radius="0.5" length="4" />
		<capsule pos="-24.149999999999995,19.25,14.950000000000003" vel="0,0,0" mass="1" elasticityCoef="1" ang="90,0,0" color="0,220,0" radius="0.5" length="4" />
		<capsule pos="-24.149999999999995,19.25,17.25" vel="0,0,0" mass="1" elasticityCoef="1" ang="90,0,0" color="0,220,0" radius="0.5" length="4" />
		<capsule pos="-24.149999999999995,19.25,19.550000000000004" vel="0,0,0" mass="1" elasticityCoef="1" ang="90,0,0" color="0,220,0" radius="0.5" length="4" />
		<capsule pos="-24.149999999999995,19.25,21.85" vel="0,0,0" mass="1" elasticityCoef="1" ang="90,0,0" color="0,220,0" radius="0.5" length="4" />
		<capsule pos="-24.149999999999995,19.25,24.15" vel="0,0,0" mass="1" elasticityCoef="1" ang="90,0,0" color="0,220,0" radius="0.5" length="4" />
		<capsule pos="-24.149999999999995,19.25,26.450000000000003" vel="0,0,0" mass="1" elasticityCoef="1" ang="90,0,0" color="0,220,0" radius="0.5" length="4" />
		<capsule pos="-24.149999999999995,19.25,28.75" vel="0,0,0" mass="1" elasticityCoef="1" ang="90,0,0" color="0,220,0" radius="0.5" length="4" />
		<capsule pos="-24.149999999999995,19.25,31.049999999999997" vel="0,0,0" mass="1" elasticityCoef="1" ang="90,0,0" color="0,220,0" radius="0.5" length="4" />
		<capsule pos="-24.149999999999995,24.75,-33.349999999999994" vel="0,0,0" mass="1" elasticityCoef="1" ang="90,0,0" color="0,220,0" radius="0.5" length="4" />
		<capsule pos="-24.149999999999995,24.75,-31.049999999999994" vel="0,0,0" mass="1" elasticityCoef="1" ang="90,0,0" color="0,220,0" radius="0.5" length="4" />
		<capsule pos="-24.149999999999995,24.75,-28.749999999999993" vel="0,0,0" mass="1" elasticityCoef="1" ang="90,0,0" color="0,220,0" radius="0.5" length="4" />
		<capsule pos="-24.149999999999995,24.75,-26.449999999999996" vel="0,0,0" mass="1" elasticityCoef="1" ang="90,0,0" color="0,220,0" radius="0.5" length="4" />
		<capsule pos="-24.149999999999995,24.75,-24.149999999999995" vel="0,0,0" mass="1" elasticityCoef="1" ang="90,0,0" color="0,220,0" radius="0.5" length="4" />
		<capsule pos="-24.149999999999995,24.75,-21.849999999999994" vel="0,0,0" mass="1" elasticityCoef="1" ang="90,0,0" color="0,220,0" radius="0.5" length="4" />
		<capsule pos="-24.149999999999995,24.75,-19.549999999999997" vel="0,0,0" mass="1" elasticityCoef="1" ang="90,0,0" color="0,220,0" radius="0.5" length="4" />
		<capsule pos="-24.149999999999995,24.75,-17.249999999999996" vel="0,0,0" mass="1" elasticityCoef="1" ang="90,0,0" color="0,220,0" radius="0.5" length="4" />
		<capsule pos="-24.149999999999995,24.75,-14.949999999999996" vel="0,0,0" mass="1" elasticityCoef="1" ang="90,0,0" color="0,220,0" radius="0.5" length="4" />
		<capsule pos="-24.149999999999995,24.75,-12.649999999999995" vel="0,0,0" mass="1" elasticityCoef="1" ang="90,0,0" color="0,220,0" radius="0.5" length="4" />
		<capsule pos="-24.149999999999995,24.75,-10.349999999999994" vel="0,0,0" mass="1" elasticityCoef="1" ang="90,0,0" color="0,220,0" radius="0.5" length="4" />
		<capsule pos="-24.149999999999995,24.75,-8.049999999999997" vel="0,0,0" mass="1" elasticityCoef="1" ang="90,0,0" color="0,220,0" radius="0.5" length="4" />
		<capsule pos="-24.149999999999995,24.75,-5.7499999999999964" vel="0,0,0" mass="1" elasticityCoef="1" ang="90,0,0" color="0,220,0" radius="0.5" length="4" />
		<capsule pos="-24.149999999999995,24.75,-3.4499999999999957" vel="0,0,0" mass="1" elasticityCoef="1" ang="90,0,0" color="0,220,0" radius="0.5" length="4" />
		<capsule pos="-24.149999999999995,24.75,-1.1499999999999986" vel="0,0,0" mass="1" elasticityCoef="1" ang="90,0,0" color="0,220,0" radius="0.5" length="4" />
		<capsule pos="-24.149999999999995,24.75,1.1500000000000057" vel="0,0,0" mass="1" elasticityCoef="1" ang="90,0,0" color="0,220,0" radius="0.5" length="4" />
		<capsule pos="-24.149999999999995,24.75,3.450000000000003" vel="0,0,0" mass="1" elasticityCoef="1" ang="90,0,0" color="0,220,0" radius="0.5" length="4" />
		<capsule pos="-24.149999999999995,24.75,5.75" vel="0,0,0" mass="1" elasticityCoef="1" ang="90,0,0" color="0,220,0" radius="0.5" length="4" />
		<capsule pos="-24.149999999999995,24.75,8.050000000000004" vel="0,0,0" mass="1" elasticityCoef="1" ang="90,0,0" color="0,220,0" radius="0.5" length="4" />
		<capsule pos="-24.149999999999995,24.75,10.350000000000001" vel="0,0,0" mass="1" elasticityCoef="1" ang="90,0,0" color="0,220,0" radius="0.5" length="4" />
		<capsule pos="-24.149999999999995,24.75,12.650000000000006" vel="0,0,0" mass="1" elasticityCoef="1" ang="90,0,0" color="0,220,0" radius="0.5" length="4" />
		<capsule pos="-24.149999999999995,24.75,14.950000000000003" vel="0,0,0" mass="1" elasticityCoef="1" ang="90,0,0" color="0,220,0" radius="0.5" length="4" />
		<capsule pos="-24.149999999999995,24.75,17.25" vel="0,0,0" mass="1" elasticityCoef="1" ang="90,0,0" color="0,220,0" radius="0.5" length="4" />
		<capsule pos="-24.149999999999995,24.75,19.550000000000004" vel="0,0,0" mass="1" elasticityCoef="1" ang="90,0,0" color="0,220,0" radius="0.5" length="4" />
		<capsule pos="-24.149999999999995,24.75,21.85" vel="0,0,0" mass="1" elasticityCoef="1" ang="90,0,0" color="0,220,0" radius="0.5" length="4" />
		<capsule pos="-24.149999999999995,24.75,24.15" vel="0,0,0" mass="1" elasticityCoef="1" ang="90,0,0" color="0,220,0" radius="0.5" length="4" />
		<capsule pos="-24.149999999999995,24.75,26.450000000000003" vel="0,0,0" mass="1" elasticityCoef="1" ang="90,0,0" color="0,220,0" radius="0.5" length="4" />
		<capsule pos="-24.149999999999995,24.75,28.75" vel="0,0,0" mass="1" elasticityCoef="1" ang="90,0,0" color="0,220,0" radius="0.5" length="4" />
		<capsule pos="-24.149999999999995,24.75,31.049999999999997" vel="0,0,0" mass="1" elasticityCoef="1" ang="90,0,0" color="0,220,0" radius="0.5" length="4" />
		<capsule pos="-24.149999999999995,30.25,-33.349999999999994" vel="0,0,0" mass="1" elasticityCoef="1" ang="90,0,0" color="0,220,0" radius="0.5" length="4" />
		<capsule pos="-24.149999999999995,30.25,-31.049999999999994" vel="0,0,0" mass="1" elasticityCoef="1" ang="90,0,0" color="0,220,0" radius="0.5" length="4" />
		<capsule pos="-24.149999999999995,30.25,-28.749999999999993" vel="0,0,0" mass="1" elasticityCoef="1" ang="90,0,0" color="0,220,0" radius="0.5" length="4" />
		<capsule pos="-24.149999999999995,30.25,-26.449999999999996" vel="0,0,0" mass="1" elasticityCoef="1" ang="90,0,0" color="0,220,0" radius="0.5" length="4" />
		<capsule pos="-24.149999999999995,30.25,-24.149999999999995" vel="0,0,0" mass="1" elasticityCoef="1" ang="90,0,0" color="0,220,0" radius="0.5" length="4" />
		<capsule pos="-24.149999999999995,30.25,-21.849999999999994" vel="0,0,0" mass="1" elasticityCoef="1" ang="90,0,0" color="0,220,0" radius="0.5" length="4" />
		<capsule pos="-24.149999999999995,30.25,-19.549999999999997" vel="0,0,0" mass="1" elasticityCoef="1" ang="90,0,0" color="0,220,0" radius="0.5" length="4" />
		<capsule pos="-24.149999999999995,30.25,-17.249999999999996" vel="0,0,0" mass="1" elasticityCoef="1" ang="90,0,0" color="0,220,0" radius="0.5" length="4" />
		<capsule pos="-24.149999999999995,30.25,-14.949999999999996" vel="0,0,0" mass="1" elasticityCoef="1" ang="90,0,0" color="0,220,0" radius="0.5" length="4" />
		<capsule pos="-24.149999999999995,30.25,-12.649999999999995" vel="0,0,0" mass="1" elasticityCoef="1" ang="90,0,0" color="0,220,0" radius="0.5" length="4" />
		<capsule pos="-24.149999999999995,30.25,-10.349999999999994" vel="0,0,0" mass="1" elasticityCoef="1" ang="90,0,0" color="0,220,0" radius="0.5" length="4" />
		<capsule pos="-24.149999999999995,30.25,-8.049999999999997" vel="0,0,0" mass="1" elasticityCoef="1" ang="90,0,0" color="0,220,0" radius="0.5" length="4" />
		<capsule pos="-24.149999999999995,30.25,-5.7499999999999964" vel="0,0,0" mass="1" elasticityCoef="1" ang="90,0,0" color="0,220,0" radius="0.5" length="4" />
		<capsule pos="-24.149999999999995,30.25,-3.4499999999999957" vel="0,0,0" mass="1" elasticityCoef="1" ang="90,0,0" color="0,220,0" radius="0.5" length="4" />
		<capsule pos="-24.149999999999995,30.25,-1.1499999999999986" vel="0,0,0" mass="1" elasticityCoef="1" ang="90,0,0" color="0,220,0" radius="0.5" length="4" />
		<capsule pos="-24.149999999999995,30.25,1.1500000000000057" vel="0,0,0" mass="1" elasticityCoef="1" ang="90,0,0" color="0,220,0" radius="0.5" length="4" />
		<capsule pos="-24.149999999999995,30.25,3.450000000000003" vel="0,0,0" mass="1" elasticityCoef="1" ang="90,0,0" color="0,220,0" radius="0.5" length="4" />
		<capsule pos="-24.149999999999995,30.25,5.75" vel="0,0,0" mass="1" elasticityCoef="1" ang="90,0,0" color="0,220,0" radius="0.5" length="4" />
		<capsule pos="-24.149999999999995,30.25,8.050000000000004" vel="0,0,0" mass="1" elasticityCoef="1" ang="90,0,0" color="0,220,0" radius="0.5" length="4" />
		<capsule pos="-24.149999999999995,30.25,10.350000000000001" vel="0,0,0" mass="1" elasticityCoef="1" ang="90,0,0" color="0,220,0" radius="0.5" length="4" />
		<capsule pos="-24.149999999999995,30.25,12.650000000000006" vel="0,0,0" mass="1" elasticityCoef="1" ang="90,0,0" color="0,220,0" radius="0.5" length="4" />
		<capsule pos="-24.149999999999995,30.25,14.950000000000003" vel="0,0,0" mass="1" elasticityCoef="1" ang="90,0,0" color="0,220,0" radius="0.5" length="4" />
		<capsule pos="-24.149999999999995,30.25,17.25" vel="0,0,0" mass="1" elasticityCoef="1" ang="90,0,0" color="0,220,0" radius="0.5" length="4" />
		<capsule pos="-24.149999999999995,30.25,19.550000000000004" vel="0,0,0" mass="1" elasticityCoef="1" ang="90,0,0" color="0,220,0" radius="0.5" length="4" />
		<capsule pos="-24.149999999999995,30.25,21.85" vel="0,0,0" mass="1" elasticityCoef="1" ang="90,0,0" color="0,220,0" radius="0.5" length="4" />
		<capsule pos="-24.149999999999995,30.25,24.15" vel="0,0,0" mass="1" elasticityCoef="1" ang="90,0,0" color="0,220,0" radius="0.5" length="4" />
		<capsule pos="-24.149999999999995,30.25,26.450000000000003" vel="0,0,0" mass="1" elasticityCoef="1" ang="90,0,0" color="0,220,0" radius="0.5" length="4" />
		<capsule pos="-24.149999999999995,30.25,28.75" vel="0,0,0" mass="1" elasticityCoef="1" ang="90,0,0" color="0,220,0" radius="0.5" length="4" />
		<capsule pos="-24.149999999999995,30.25,31.049999999999997" vel="0,0,0" mass="1" elasticityCoef="1" ang="90,0,0" color="0,220,0" radius="0.5" length="4" />
		<capsule pos="-24.149999999999995,35.75,-33.349999999999994" vel="0,0,0" mass="1" elasticityCoef="1" ang="90,0,0" color="0,220,0" radius="0.5" length="4" />
		<capsule pos="-24.149999999999995,35.75,-31.049999999999994" vel="0,0,0" mass="1" elasticityCoef="1" ang="90,0,0" color="0,220,0" radius="0.5" length="4" />
		<capsule pos="-24.149999999999995,35.75,-28.749999999999993" vel="0,0,0" mass="1" elasticityCoef="1" ang="90,0,0" color="0,220,0" radius="0.5" length="4" />
		<capsule pos="-24.149999999999995,35.75,-26.449999999999996" vel="0,0,0" mass="1" elasticityCoef="1" ang="90,0,0" color="0,220,0" radius="0.5" length="4" />
		<capsule pos="-24.149999999999995,35.75,-24.149999999999995" vel="0,0,0" mass="1" elasticityCoef="1" ang="90,0,0" color="0,220,0" radius="0.5" length="4" />
		<capsule pos="-24.149999999999995,35.75,-21.849999999999994" vel="0,0,0" mass="1" elasticityCoef="1" ang="90,0,0" color="0,220,0" radius="0.5" length="4" />
		<capsule pos="-24.149999999999995,35.75,-19.549999999999997" vel="0,0,0" mass="1" elasticityCoef="1" ang="90,0,0" color="0,220,0" radius="0.5" length="4" />
		<capsule pos="-24.149999999999995,35.75,-17.249999999999996" vel="0,0,0" mass="1" elasticityCoef="1" ang="90,0,0" color="0,220,0" radius="0.5" length="4" />
		<capsule pos="-24.149999999999995,35.75,-14.949999999999996" vel="0,0,0" mass="1" elasticityCoef="1" ang="90,0,0" color="0,220,0" radius="0.5" length="4" />
		<capsule pos="-24.149999999999995,35.75,-12.649999999999995" vel="0,0,0" mass="1" elasticityCoef="1" ang="90,0,0" color="0,220,0" radius="0.5" length="4" />
		<capsule pos="-24.149999999999995,35.75,-10.349999999999994" vel="0,0,0" mass="1" elasticityCoef="1" ang="90,0,0" color="0,220,0" radius="0.5" length="4" />
		<capsule pos="-24.149999999999995,35.75,-8.049999999999997" vel="0,0,0" mass="1" elasticityCoef="1" ang="90,0,0" color="0,220,0" radius="0.5" length="4" />
		<capsule pos="-24.149999999999995,35.75,-5.7499999999999964" vel="0,0,0" mass="1" elasticityCoef="1" ang="90,0,0" color="0,220,0" radius="0.5" length="4" />
		<capsule pos="-24.149999999999995,35.75,-3.4499999999999957" vel="0,0,0" mass="1" elasticityCoef="1" ang="90,0,0" color="0,220,0" radius="0.5" length="4" />
		<capsule pos="-24.149999999999995,35.75,-1.1499999999999986" vel="0,0,0" mass="1" elasticityCoef="1" ang="90,0,0" color="0,220,0" radius="0.5" length="4" />
		<capsule pos="-24.149999999999995,35.75,1.1500000000000057" vel="0,0,0" mass="1" elasticityCoef="1" ang="90,0,0" color="0,220,0" radius="0.5" length="4" />
		<capsule pos="-24.149999999999995,35.75,3.450000000000003" vel="0,0,0" mass="1" elasticityCoef="1" ang="90,0,0" color="0,220,0" radius="0.5" length="4" />
		<capsule pos="-24.149999999999995,35.75,5.75" vel="0,0,0" mass="1" elasticityCoef="1" ang="90,0,0" color="0,220,0" radius="0.5" length="4" />
		<capsule pos="-24.149999999999995,35.75,8.050000000000004" vel="0,0,0" mass="1" elasticityCoef="1" ang="90,0,0" color="0,220,0" radius="0.5" length="4" />
		<capsule pos="-24.149999999999995,35.75,10.350000000000001" vel="0,0,0" mass="1" elasticityCoef="1" ang="90,0,0" color="0,220,0" radius="0.5" length="4" />
		<capsule pos="-24.149999999999995,35.75,12.650000000000006" vel="0,0,0" mass="1" elasticityCoef="1" ang="90,0,0" color="0,220,0" radius="0.5" length="4" />
		<capsule pos="-24.149999999999995,35.75,14.950000000000003" vel="0,0,0" mass="1" elasticityCoef="1" ang="90,0,0" color="0,220,0" radius="0.5" length="4" />
		<capsule pos="-24.149999999999995,35.75,17.25" vel="0,0,0" mass="1" elasticityCoef="1" ang="90,0,0" color="0,220,0" radius="0.5" length="4" />
		<capsule pos="-24.149999999999995,35.75,19.550000000000004" vel="0,0,0" mass="1" elasticityCoef="1" ang="90,0,0" color="0,220,0" radius="0.5" length="4" />
		<capsule pos="-24.149999999999995,35.75,21.85" vel="0,0,0" mass="1" elasticityCoef="1" ang="90,0,0" color="0,220,0" radius="0.5" length="4" />
		<capsule pos="-24.149999999999995,35.75,24.15" vel="0,0,0" mass="1" elasticityCoef="1" ang="90,0,0" color="0,220,0" radius="0.5" length="4" />
		<capsule pos="-24.149999999999995,35.75,26.450000000000003" vel="0,0,0" mass="1" elasticityCoef="1" ang="90,0,0" color="0,220,0" radius="0.5" length="4" />
		<capsule pos="-24.149999999999995,35.75,28.75" vel="0,0,0" mass="1" elasticityCoef="1" ang="90,0,0" color="0,220,0" radius="0.5" length="4" />
		<capsule pos="-24.149999999999995,35.75,31.049999999999997" vel="0,0,0" mass="1" elasticityCoef="1" ang="90,0,0" color="0,220,0" radius="0.5" length="4" />
		<capsule pos="-21.849999999999994,-41.25,-33.349999999999994" vel="0,0,0" mass="1" elasticityCoef="1" ang="90,0,0" color="0,220,0" radius="0.5" length="4" />
		<capsule pos="-21.849999999999994,-41.25,-31.049999999999994" vel="0,0,0" mass="1" elasticityCoef="1" ang="90,0,0" color="0,220,0" radius="0.5" length="4" />
		<capsule pos="-21.849999999999994,-41.25,-28.749999999999993" vel="0,0,0" mass="1" elasticityCoef="1" ang="90,0,0" color="0,220,0" radius="0.5" length="4" />
		<capsule pos="-21.849999999999994,-41.25,-26.449999999999996" vel="0,0,0" mass="1" elasticityCoef="1" ang="90,0,0" color="0,220,0" radius="0.5" length="4" />
		<capsule pos="-21.849999999999994,-41.25,-24.149999999999995" vel="0,0,0" mass="1" elasticityCoef="1" ang="90,0,0" color="0,220,0" radius="0.5" length="4" />
		<capsule pos="-21.849999999999994,-41.25,-21.849999999999994" vel="0,0,0" mass="1" elasticityCoef="1" ang="90,0,0" color="0,220,0" radius="0.5" length="4" />
		<capsule pos="-21.849999999999994,-41.25,-19.549999999999997" vel="0,0,0" mass="1" elasticityCoef="1" ang="90,0,0" color="0,220,0" radius="0.5" length="4" />
		<capsule pos="-21.849999999999994,-41.25,-17.249999999999996" vel="0,0,0" mass="1" elasticityCoef="1" ang="90,0,0" color="0,220,0" radius="0.5" length="4" />
		<capsule pos="-21.849999999999994,-41.25,-14.949999999999996" vel="0,0,0" mass="1" elasticityCoef="1" ang="90,0,0" color="0,220,0" radius="0.5" length="4" />
		<capsule pos="-21.849999999999994,-41.25,-12.649999999999995" vel="0,0,0" mass="1" elasticityCoef="1" ang="90,0,0" color="0,220,0" radius="0.5" length="4" />
		<capsule pos="-21.849999999999994,-41.25,-10.349999999999994" vel="0,0,0" mass="1" elasticityCoef="1" ang="90,0,0" color="0,220,0" radius="0.5" length="4" />
		<capsule pos="-21.849999999999994,-41.25,-8.049999999999997" vel="0,0,0" mass="1" elasticityCoef="1" ang="90,0,0" color="0,220,0" radius="0.5" length="4" />
		<capsule pos="-21.849999999999994,-41.25,-5.7499999999999964" vel="0,0,0" mass="1" elasticityCoef="1" ang="90,0,0" color="0,220,0" radius="0.5" length="4" />
		<capsule pos="-21.849999999999994,-41.25,-3.4499999999999957" vel="0,0,0" mass="1" elasticityCoef="1" ang="90,0,0" color="0,220,0" radius="0.5" length="4" />
		<capsule pos="-21.849999999999994,-41.25,-1.1499999999999986" vel="0,0,0" mass="1" elasticityCoef="1" ang="90,0,0" color="0,220,0" radius="0.5" length="4" />
		<capsule pos="-21.849999999999994,-41.25,1.1500000000000057" vel="0,0,0" mass="1" elasticityCoef="1" ang="90,0,0" color="0,220,0" radius="0.5" length="4" />
		<capsule pos="-21.849999999999994,-41.25,3.450000000000003" vel="0,0,0" mass="1" elasticityCoef="1" ang="90,0,0" color="0,220,0" radius="0.5" length="4" />
		<capsule pos="-21.849999999999994,-41.25,5.75" vel="0,0,0" mass="1" elasticityCoef="1" ang="90,0,0" color="0,220,0" radius="0.5" length="4" />
		<capsule pos="-21.849999999999994,-41.25,8.050000000000004" vel="0,0,0" mass="1" elasticityCoef="1" ang="90,0,0" color="0,220,0" radius="0.5" length="4" />
		<capsule pos="-21.849999999999994,-41.25,10.350000000000001" vel="0,0,0" mass="1" elasticityCoef="1" ang="90,0,0" color="0,220,0" radius="0.5" length="4" />
		<capsule pos="-21.849999999999994,-41.25,12.650000000000006" vel="0,0,0" mass="1" elasticityCoef="1" ang="90,0,0" color="0,220,0" radius="0.5" length="4" />
		<capsule pos="-21.849999999999994,-41.25,14.950000000000003" vel="0,0,0" mass="1" elasticityCoef="1" ang="90,0,0" color="0,220,0" radius="0.5" length="4" />
		<capsule pos="-21.849999999999994,-41.25,17.25" vel="0,0,0" mass="1" elasticityCoef="1" ang="90,0,0" color="0,220,0" radius="0.5" length="4" />
		<capsule pos="-21.849999999999994,-41.25,19.550000000000004" vel="0,0,0" mass="1" elasticityCoef="1" ang="90,0,0" color="0,220,0" radius="0.5" length="4" />
		<capsule pos="-21.849999999999994,-41.25,21.85" vel="0,0,0" mass="1" elasticityCoef="1" ang="90,0,0" color="0,220,0" radius="0.5" length="4" />
		<capsule pos="-21.849999999999994,-41.25,24.15" vel="0,0,0" mass="1" elasticityCoef="1" ang="90,0,0" color="0,220,0" radius="0.5" length="4" />
		<capsule pos="-21.849999999999994,-41.25,26.450000000000003" vel="0,0,0" mass="1" elasticityCoef="1" ang="90,0,0" color="0,220,0" radius="0.5" length="4" />
		<capsule pos="-21.849999999999994,-41.25,28.75" vel="0,0,0" mass="1" elasticityCoef="1" ang="90,0,0" color="0,220,0" radius="0.5" length="4" />
		<capsule pos="-21.849999999999994,-41.25,31.049999999999997" vel="0,0,0" mass="1" elasticityCoef="1" ang="90,0,0" color="0,220,0" radius="0.5" length="4" />
		<capsule pos="-21.849999999999994,-35.75,-33.349999999999994" vel="0,0,0" mass="1" elasticityCoef="1" ang="90,0,0" color="0,220,0" radius="0.5" length="4" />
		<capsule pos="-21.849999999999994,-35.75,-31.049999999999994" vel="0,0,0" mass="1" elasticityCoef="1" ang="90,0,0" color="0,220,0" radius="0.5" length="4" />
		<capsule pos="-21.849999999999994,-35.75,-28.749999999999993" vel="0,0,0" mass="1" elasticityCoef="1" ang="90,0,0" color="0,220,0" radius="0.5" length="4" />
		<capsule pos="-21.849999999999994,-35.75,-26.449999999999996" vel="0,0,0" mass="1" elasticityCoef="1" ang="90,0,0" color="0,220,0" radius="0.5" length="4" />
		<capsule pos="-21.849999999999994,-35.75,-24.149999999999995" vel="0,0,0" mass="1" elasticityCoef="1" ang="90,0,0" color="0,220,0" radius="0.5" length="4" />
		<capsule pos="-21.849999999999994,-35.75,-21.849999999999994" vel="0,0,0" mass="1" elasticityCoef="1" ang="90,0,0" color="0,220,0" radius="0.5" length="4" />
		<capsule pos="-21.849999999999994,-35.75,-19.549999999999997" vel="0,0,0" mass="1" elasticityCoef="1" ang="90,0,0" color="0,220,0" radius="0.5" length="4" />
		<capsule pos="-21.849999999999994,-35.75,-17.249999999999996" vel="0,0,0" mass="1" elasticityCoef="1" ang="90,0,0" color="0,220,0" radius="0.5" length="4" />
		<capsule pos="-21.849999999999994,-35.75,-14.949999999999996" vel="0,0,0" mass="1" elasticityCoef="1" ang="90,0,0" color="0,220,0" radius="0.5" length="4" />
		<capsule pos="-21.849999999999994,-35.75,-12.649999999999995" vel="0,0,0" mass="1" elasticityCoef="1" ang="90,0,0" color="0,220,0" radius="0.5" length="4" />
		<capsule pos="-21.849999999999994,-35.75,-10.349999999999994" vel="0,0,0" mass="1" elasticityCoef="1" ang="90,0,0" color="0,220,0" radius="0.5" length="4" />
		<capsule pos="-21.849999999999994,-35.75,-8.049999999999997" vel="0,0,0" mass="1" elasticityCoef="1" ang="90,0,0" color="0,220,0" radius="0.5" length="4" />
		<capsule pos="-21.849999999999994,-35.75,-5.7499999999999964" vel="0,0,0" mass="1" elasticityCoef="1" ang="90,0,0" color="0,220,0" radius="0.5" length="4" />
		<capsule pos="-21.849999999999994,-35.75,-3.4499999999999957" vel="0,0,0" mass="1" elasticityCoef="1" ang="90,0,0" color="0,220,0" radius="0.5" length="4" />
		<capsule pos="-21.849999999999994,-35.75,-1.1499999999999986" vel="0,0,0" mass="1" elasticityCoef="1" ang="90,0,0" color="0,220,0" radius="0.5" length="4" />
		<capsule pos="-21.849999999999994,-35.75,1.1500000000000057" vel="0,0,0" mass="1" elasticityCoef="1" ang="90,0,0" color="0,220,0" radius="0.5" length="4" />
		<capsule pos="-21.849999999999994,-35.75,3.450000000000003" vel="0,0,0" mass="1" elasticityCoef="1" ang="90,0,0" color="0,220,0" radius="0.5" length="4" />
		<capsule pos="-21.849999999999994,-35.75,5.75" vel="0,0,0" mass="1" elasticityCoef="1" ang="90,0,0" color="0,220,0" radius="0.5" length="4" />
		<capsule pos="-21.849999999999994,-35.75,8.050000000000004" vel="0,0,0" mass="1" elasticityCoef="1" ang="90,0,0" color="0,220,0" radius="0.5" length="4" />
		<capsule pos="-21.849999999999994,-35.75,10.350000000000001" vel="0,0,0" mass="1" elasticityCoef="1" ang="90,0,0" color="0,220,0" radius="0.5" length="4" />
		<capsule pos="-21.849999999999994,-35.75,12.650000000000006" vel="0,0,0" mass="1" elasticityCoef="1" ang="90,0,0" color="0,220,0" radius="0.5" length="4" />
		<capsule pos="-21.849999999999994,-35.75,14.950000000000003" vel="0,0,0" mass="1" elasticityCoef="1" ang="90,0,0" color="0,220,0" radius="0.5" length="4" />
		<capsule pos="-21.849999999999994,-35.75,17.25" vel="0,0,0" mass="1" elasticityCoef="1" ang="90,0,0" color="0,220,0" radius="0.5" length="4" />
		<capsule pos="-21.849999999999994,-35.75,19.550000000000004" vel="0,0,0" mass="1" elasticityCoef="1" ang="90,0,0" color="0,220,0" radius="0.5" length="4" />
		<capsule pos="-21.849999999999994,-35.75,21.85" vel="0,0,0" mass="1" elasticityCoef="1" ang="90,0,0" color="0,220,0" radius="0.5" length="4" />
		<capsule pos="-21.849999999999994,-35.75,24.15" vel="0,0,0" mass="1" elasticityCoef="1" ang="90,0,0" color="0,220,0" radius="0.5" length="4" />
		<capsule pos="-21.849999999999994,-35.75,26.450000000000003" vel="0,0,0" mass="1" elasticityCoef="1" ang="90,0,0" color="0,220,0" radius="0.5" length="4" />
		<capsule pos="-21.849999999999994,-35.75,28.75" vel="0,0,0" mass="1" elasticityCoef="1" ang="90,0,0" color="0,220,0" radius="0.5" length="4" />
		<capsule pos="-21.849999999999994,-35.75,31.049999999999997" vel="0,0,0" mass="1" elasticityCoef="1" ang="90,0,0" color="0,220,0" radius="0.5" length="4" />
		<capsule pos="-21.849999999999994,-30.25,-33.349999999999994" vel="0,0,0" mass="1" elasticityCoef="1" ang="90,0,0" color="0,220,0" radius="0.5" length="4" />
		<capsule pos="-21.849999999999994,-30.25,-31.049999999999994" vel="0,0,0" mass="1" elasticityCoef="1" ang="90,0,0" color="0,220,0" radius="0.5" length="4" />
		<capsule pos="-21.849999999999994,-30.25,-28.749999999999993" vel="0,0,0" mass="1" elasticityCoef="1" ang="90,0,0" color="0,220,0" radius="0.5" length="4" />
		<capsule pos="-21.849999999999994,-30.25,-26.449999999999996" vel="0,0,0" mass="1" elasticityCoef="1" ang="90,0,0" color="0,220,0" radius="0.5" length="4" />
		<capsule pos="-21.849999999999994,-30.25,-24.149999999999995" vel="0,0,0" mass="1" elasticityCoef="1" ang="90,0,0" color="0,220,0" radius="0.5" length="4" />
		<capsule pos="-21.849999999999994,-30.25,-21.849999999999994" vel="0,0,0" mass="1" elasticityCoef="1" ang="90,0,0" color="0,220,0" radius="0.5" length="4" />
		<capsule pos="-21.849999999999994,-30.25,-19.549999999999997" vel="0,0,0" mass="1" elasticityCoef="1" ang="90,0,0" color="0,220,0" radius="0.5" length="4" />
		<capsule pos="-21.849999999999994,-30.25,-17.249999999999996" vel="0,0,0" mass="1" elasticityCoef="1" ang="90,0,0" color="0,220,0" radius="0.5" length="4" />
		<capsule pos="-21.849999999999994,-30.25,-14.949999999999996" vel="0,0,0" mass="1" elasticityCoef="1" ang="90,0,0" color="0,220,0" radius="0.5" length="4" />
		<capsule pos="-21.849999999999994,-30.25,-12.649999999999995" vel="0,0,0" mass="1" elasticityCoef="1" ang="90,0,0" color="0,220,0" radius="0.5" length="4" />
		<capsule pos="-21.849999999999994,-30.25,-10.349999999999994" vel="0,0,0" mass="1" elasticityCoef="1" ang="90,0,0" color="0,220,0" radius="0.5" length="4" />
		<capsule pos="-21.849999999999994,-30.25,-8.049999999999997" vel="0,0,0" mass="1" elasticityCoef="1" ang="90,0,0" color="0,220,0" radius="0.5" length="4" />
		<capsule pos="-21.849999999999994,-30.25,-5.7499999999999964" vel="0,0,0" mass="1" elasticityCoef="1" ang="90,0,0" color="0,220,0" radius="0.5" length="4" />
		<capsule pos="-21.849999999999994,-30.25,-3.4499999999999957" vel="0,0,0" mass="1" elasticityCoef="1" ang="90,0,0" color="0,220,0" radius="0.5" length="4" />
		<capsule pos="-21.849999999999994,-30.25,-1.1499999999999986" vel="0,0,0" mass="1" elasticityCoef="1" ang="90,0,0" color="0,220,0" radius="0.5" length="4" />
		<capsule pos="-21.849999999999994,-30.25,1.1500000000000057" vel="0,0,0" mass="1" elasticityCoef="1" ang="90,0,0" color="0,220,0" radius="0.5" length="4" />
		<capsule pos="-21.849999999999994,-30.25,3.450000000000003" vel="0,0,0" mass="1" elasticityCoef="1" ang="90,0,0" color="0,220,0" radius="0.5" length="4" />
		<capsule pos="-21.849999999999994,-30.25,5.75" vel="0,0,0" mass="1" elasticityCoef="1" ang="90,0,0" color="0,220,0" radius="0.5" length="4" />
		<capsule pos="-21.849999999999994,-30.25,8.050000000000004" vel="0,0,0" mass="1" elasticityCoef="1" ang="90,0,0" color="0,220,0" radius="0.5" length="4" />
		<capsule pos="-21.849999999999994,-30.25,10.350000000000001" vel="0,0,0" mass="1" elasticityCoef="1" ang="90,0,0" color="0,220,0" radius="0.5" length="4" />
		<capsule pos="-21.849999999999994,-30.25,12.650000000000006" vel="0,0,0" mass="1" elasticityCoef="1" ang="90,0,0" color="0,220,0" radius="0.5" length="4" />
		<capsule pos="-21.849999999999994,-30.25,14.950000000000003" vel="0,0,0" mass="1" elasticityCoef="1" ang="90,0,0" color="0,220,0" radius="0.5" length="4" />
		<capsule pos="-21.849999999999994,-30.25,17.25" vel="0,0,0" mass="1" elasticityCoef="1" ang="90,0,0" color="0,220,0" radius="0.5" length="4" />
		<capsule pos="-21.849999999999994,-30.25,19.550000000000004" vel="0,0,0" mass="1" elasticityCoef="1" ang="90,0,0" color="0,220,0" radius="0.5" length="4" />
		<capsule pos="-21.849999999999994,-30.25,21.85" vel="0,0,0" mass="1" elasticityCoef="1" ang="90,0,0" color="0,220,0" radius="0.5" length="4" />
		<capsule pos="-21.849999999999994,-30.25,24.15" vel="0,0,0" mass="1" elasticityCoef="1" ang="90,0,0" color="0,220,0" radius="0.5" length="4" />
		<capsule pos="-21.849999999999994,-30.25,26.450000000000003" vel="0,0,0" mass="1" elasticityCoef="1" ang="90,0,0" color="0,220,0" radius="0.5" length="4" />
		<capsule pos="-21.849999999999994,-30.25,28.75" vel="0,0,0" mass="1" elasticityCoef="1" ang="90,0,0" color="0,220,0" radius="0.5" length="4" />
		<capsule pos="-21.849999999999994,-30.25,31.049999999999997" vel="0,0,0" mass="1" elasticityCoef="1" ang="90,0,0" color="0,220,0" radius="0.5" length="4" />
		<capsule pos="-21.849999999999994,-24.75,-33.349999999999994" vel="0,0,0" mass="1" elasticityCoef="1" ang="90,0,0" color="0,220,0" radius="0.5" length="4" />
		<capsule pos="-21.849999999999994,-24.75,-31.049999999999994" vel="0,0,0" mass="1" elasticityCoef="1" ang="90,0,0" color="0,220,0" radius="0.5" length="4" />
		<capsule pos="-21.849999999999994,-24.75,-28.749999999999993" vel="0,0,0" mass="1" elasticityCoef="1" ang="90,0,0" color="0,220,0" radius="0.5" length="4" />
		<capsule pos="-21.849999999999994,-24.75,-26.449999999999996" vel="0,0,0" mass="1" elasticityCoef="1" ang="90,0,0" color="0,220,0" radius="0.5" length="4" />
		<capsule pos="-21.849999999999994,-24.75,-24.149999999999995" vel="0,0,0" mass="1" elasticityCoef="1" ang="90,0,0" color="0,220,0" radius="0.5" length="4" />
		<capsule pos="-21.849999999999994,-24.75,-21.849999999999994" vel="0,0,0" mass="1" elasticityCoef="1" ang="90,0,0" color="0,220,0" radius="0.5" length="4" />
		<capsule pos="-21.849999999999994,-24.75,-19.549999999999997" vel="0,0,0" mass="1" elasticityCoef="1" ang="90,0,0" color="0,220,0" radius="0.5" length="4" />
		<capsule pos="-21.849999999999994,-24.75,-17.249999999999996" vel="0,0,0" mass="1" elasticityCoef="1" ang="90,0,0" color="0,220,0" radius="0.5" length="4" />
		<capsule pos="-21.849999999999994,-24.75,-14.949999999999996" vel="0,0,0" mass="1" elasticityCoef="1" ang="90,0,0" color="0,220,0" radius="0.5" length="4" />
		<capsule pos="-21.849999999999994,-24.75,-12.649999999999995" vel="0,0,0" mass="1" elasticityCoef="1" ang="90,0,0" color="0,220,0" radius="0.5" length="4" />
		<capsule pos="-21.849999999999994,-24.75,-10.349999999999994" vel="0,0,0" mass="1" elasticityCoef="1" ang="90,0,0" color="0,220,0" radius="0.5" length="4" />
		<capsule pos="-21.849999999999994,-24.75,-8.049999999999997" vel="0,0,0" mass="1" elasticityCoef="1" ang="90,0,0" color="0,220,0" radius="0.5" length="4" />
		<capsule pos="-21.849999999999994,-24.75,-5.7499999999999964" vel="0,0,0" mass="1" elasticityCoef="1" ang="90,0,0" color="0,220,0" radius="0.5" length="4" />
		<capsule pos="-21.849999999999994,-24.75,-3.4499999999999957" vel="0,0,0" mass="1" elasticityCoef="1" ang="90,0,0" color="0,220,0" radius="0.5" length="4" />
		<capsule pos="-21.849999999999994,-24.75,-1.1499999999999986" vel="0,0,0" mass="1" elasticityCoef="1" ang="90,0,0" color="0,220,0" radius="0.5" length="4" />
		<capsule pos="-21.849999999999994,-24.75,1.1500000000000057" vel="0,0,0" mass="1" elasticityCoef="1" ang="90,0,0" color="0,220,0" radius="0.5" length="4" />
		<capsule pos="-21.849999999999994,-24.75,3.450000000000003" vel="0,0,0" mass="1" elasticityCoef="1" ang="90,0,0" color="0,220,0" radius="0.5" length="4" />
		<capsule pos="-21.849999999999994,-24.75,5.75" vel="0,0,0" mass="1" elasticityCoef="1" ang="90,0,0" color="0,220,0" radius="0.5" length="4" />
		<capsule pos="-21.849999999999994,-24.75,8.050000000000004" vel="0,0,0" mass="1" elasticityCoef="1" ang="90,0,0" color="0,220,0" radius="0.5" length="4" />
		<capsule pos="-21.849999999999994,-24.75,10.350000000000001" vel="0,0,0" mass="1" elasticityCoef="1" ang="90,0,0" color="0,220,0" radius="0.5" length="4" />
		<capsule pos="-21.849999999999994,-24.75,12.650000000000006" vel="0,0,0" mass="1" elasticityCoef="1" ang="90,0,0" color="0,220,0" radius="0.5" length="4" />
		<capsule pos="-21.849999999999994,-24.75,14.950000000000003" vel="0,0,0" mass="1" elasticityCoef="1" ang="90,0,0" color="0,220,0" radius="0.5" length="4" />
		<capsule pos="-21.849999999999994,-24.75,17.25" vel="0,0,0" mass="1" elasticityCoef="1" ang="90,0,0" color="0,220,0" radius="0.5" length="4" />
		<capsule pos="-21.849999999999994,-24.75,19.550000000000004" vel="0,0,0" mass="1" elasticityCoef="1" ang="90,0,0" color="0,220,0" radius="0.5" length="4" />
		<capsule pos="-21.849999999999994,-24.75,21.85" vel="0,0,0" mass="1" elasticityCoef="1" ang="90,0,0" color="0,220,0" radius="0.5" length="4" />
		<capsule pos="-21.849999999999994,-24.75,24.15" vel="0,0,0" mass="1" elasticityCoef="1" ang="90,0,0" color="0,220,0" radius="0.5" length="4" />
		<capsule pos="-21.849999999999994,-24.75,26.450000000000003" vel="0,0,0" mass="1" elasticityCoef="1" ang="90,0,0" color="0,220,0" radius="0.5" length="4" />
		<capsule pos="-21.849999999999994,-24.75,28.75" vel="0,0,0" mass="1" elasticityCoef="1" ang="90,0,0" color="0,220,0" radius="0.5" length="4" />
		<capsule pos="-21.849999999999994,-24.75,31.049999999999997" vel="0,0,0" mass="1" elasticityCoef="1" ang="90,0,0" color="0,220,0" radius="0.5" length="4" />
		<capsule pos="-21.849999999999994,-19.25,-33.349999999999994" vel="0,0,0" mass="1" elasticityCoef="1" ang="90,0,0" color="0,220,0" radius="0.5" length="4" />
		<capsule pos="-21.849999999999994,-19.25,-31.049999999999994" vel="0,0,0" mass="1" elasticityCoef="1" ang="90,0,0" color="0,220,0" radius="0.5" length="4" />
		<capsule pos="-21.849999999999994,-19.25,-28.749999999999993" vel="0,0,0" mass="1" elasticityCoef="1" ang="90,0,0" color="0,220,0" radius="0.5" length="4" />
		<capsule pos="-21.849999999999994,-19.25,-26.449999999999996" vel="0,0,0" mass="1" elasticityCoef="1" ang="90,0,0" color="0,220,0" radius="0.5" length="4" />
		<capsule pos="-21.849999999999994,-19.25,-24.149999999999995" vel="0,0,0" mass="1" elasticityCoef="1" ang="90,0,0" color="0,220,0" radius="0.5" length="4" />
		<capsule pos="-21.849999999999994,-19.25,-21.849999999999994" vel="0,0,0" mass="1" elasticityCoef="1" ang="90,0,0" color="0,220,0" radius="0.5" length="4" />
		<capsule pos="-21.849999999999994,-19.25,-19.549999999999997" vel="0,0,0" mass="1" elasticityCoef="1" ang="90,0,0" color="0,220,0" radius="0.5" length="4" />
		<capsule pos="-21.849999999999994,-19.25,-17.249999999999996" vel="0,0,0" mass="1" elasticityCoef="1" ang="90,0,0" color="0,220,0" radius="0.5" length="4" />
		<capsule pos="-21.849999999999994,-19.25,-14.949999999999996" vel="0,0,0" mass="1" elasticityCoef="1" ang="90,0,0" color="0,220,0" radius="0.5" length="4" />
		<capsule pos="-21.849999999999994,-19.25,-12.649999999999995" vel="0,0,0" mass="1" elasticityCoef="1" ang="90,0,0" color="0,220,0" radius="0.5" length="4" />
		<capsule pos="-21.849999999999994,-19.25,-10.349999999999994" vel="0,0,0" mass="1" elasticityCoef="1" ang="90,0,0" color="0,220,0" radius="0.5" length="4" />
		<capsule pos="-21.849999999999994,-19.25,-8.049999999999997" vel="0,0,0" mass="1" elasticityCoef="1" ang="90,0,0" color="0,220,0" radius="0.5" length="4" />
		<capsule pos="-21.849999999999994,-19.25,-5.7499999999999964" vel="0,0,0" mass="1" elasticityCoef="1" ang="90,0,0" color="0,220,0" radius="0.5" length="4" />
		<capsule pos="-21.849999999999994,-19.25,-3.4499999999999957" vel="0,0,0" mass="1" elasticityCoef="1" ang="90,0,0" color="0,220,0" radius="0.5" length="4" />
		<capsule pos="-21.849999999999994,-19.25,-1.1499999999999986" vel="0,0,0" mass="1" elasticityCoef="1" ang="90,0,0" color="0,220,0" radius="0.5" length="4" />
		<capsule pos="-21.849999999999994,-19.25,1.1500000000000057" vel="0,0,0" mass="1" elasticityCoef="1" ang="90,0,0" color="0,220,0" radius="0.5" length="4" />
		<capsule pos="-21.849999999999994,-19.25,3.450000000000003" vel="0,0,0" mass="1" elasticityCoef="1" ang="90,0,0" color="0,220,0" radius="0.5" length="4" />
		<capsule pos="-21.849999999999994,-19.25,5.75" vel="0,0,0" mass="1" elasticityCoef="1" ang="90,0,0" color="0,220,0" radius="0.5" length="4" />
		<capsule pos="-21.849999999999994,-19.25,8.050000000000004" vel="0,0,0" mass="1" elasticityCoef="1" ang="90,0,0" color="0,220,0" radius="0.5" length="4" />
		<capsule pos="-21.849999999999994,-19.25,10.350000000000001" vel="0,0,0" mass="1" elasticityCoef="1" ang="90,0,0" color="0,220,0" radius="0.5" length="4" />
		<capsule pos="-21.849999999999994,-19.25,12.650000000000006" vel="0,0,0" mass="1" elasticityCoef="1" ang="90,0,0" color="0,220,0" radius="0.5" length="4" />
		<capsule pos="-21.849999999999994,-19.25,14.950000000000003" vel="0,0,0" mass="1" elasticityCoef="1" ang="90,0,0" color="0,220,0" radius="0.5" length="4" />
		<capsule pos="-21.849999999999994,-19.25,17.25" vel="0,0,0" mass="1" elasticityCoef="1" ang="90,0,0" color="0,220,0" radius="0.5" length="4" />
		<capsule pos="-21.849999999999994,-19.25,19.550000000000004" vel="0,0,0" mass="1" elasticityCoef="1" ang="90,0,0" color="0,220,0" radius="0.5" length="4" />
		<capsule pos="-21.849999999999994,-19.25,21.85" vel="0,0,0" mass="1" elasticityCoef="1" ang="90,0,0" color="0,220,0" radius="0.5" length="4" />
		<capsule pos="-21.849999999999994,-19.25,24.15" vel="0,0,0" mass="1" elasticityCoef="1" ang="90,0,0" color="0,220,0" radius="0.5" length="4" />
		<capsule pos="-21.849999999999994,-19.25,26.450000000000003" vel="0,0,0" mass="1" elasticityCoef="1" ang="90,0,0" color="0,220,0" radius="0.5" length="4" />
		<capsule pos="-21.849999999999994,-19.25,28.75" vel="0,0,0" mass="1" elasticityCoef="1" ang="90,0,0" color="0,220,0" radius="0.5" length="4" />
		<capsule pos="-21.849999999999994,-19.25,31.049999999999997" vel="0,0,0" mass="1" elasticityCoef="1" ang="90,0,0" color="0,220,0" radius="0.5" length="4" />
		<capsule pos="-21.849999999999994,-13.75,-33.349999999999994" vel="0,0,0" mass="1" elasticityCoef="1" ang="90,0,0" color="0,220,0" radius="0.5" length="4" />
		<capsule pos="-21.849999999999994,-13.75,-31.049999999999994" vel="0,0,0" mass="1" elasticityCoef="1" ang="90,0,0" color="0,220,0" radius="0.5" length="4" />
		<capsule pos="-21.849999999999994,-13.75,-28.749999999999993" vel="0,0,0" mass="1" elasticityCoef="1" ang="90,0,0" color="0,220,0" radius="0.5" length="4" />
		<capsule pos="-21.849999999999994,-13.75,-26.449999999999996" vel="0,0,0" mass="1" elasticityCoef="1" ang="90,0,0" color="0,220,0" radius="0.5" length="4" />
		<capsule pos="-21.849999999999994,-13.75,-24.149999999999995" vel="0,0,0" mass="1" elasticityCoef="1" ang="90,0,0" color="0,220,0" radius="0.5" length="4" />
		<capsule pos="-21.849999999999994,-13.75,-21.849999999999994" vel="0,0,0" mass="1" elasticityCoef="1" ang="90,0,0" color="0,220,0" radius="0.5" length="4" />
		<capsule pos="-21.849999999999994,-13.75,-19.549999999999997" vel="0,0,0" mass="1" elasticityCoef="1" ang="90,0,0" color="0,220,0" radius="0.5" length="4" />
		<capsule pos="-21.849999999999994,-13.75,-17.249999999999996" vel="0,0,0" mass="1" elasticityCoef="1" ang="90,0,0" color="0,220,0" radius="0.5" length="4" />
		<capsule pos="-21.849999999999994,-13.75,-14.949999999999996" vel="0,0,0" mass="1" elasticityCoef="1" ang="90,0,0" color="0,220,0" radius="0.5" length="4" />
		<capsule pos="-21.849999999999994,-13.75,-12.649999999999995" vel="0,0,0" mass="1" elasticityCoef="1" ang="90,0,0" color="0,220,0" radius="0.5" length="4" />
		<capsule pos="-21.849999999999994,-13.75,-10.349999999999994" vel="0,0,0" mass="1" elasticityCoef="1" ang="90,0,0" color="0,220,0" radius="0.5" length="4" />
		<capsule pos="-21.849999999999994,-13.75,-8.049999999999997" vel="0,0,0" mass="1" elasticityCoef="1" ang="90,0,0" color="0,220,0" radius="0.5" length="4" />
		<capsule pos="-21.849999999999994,-13.75,-5.7499999999999964" vel="0,0,0" mass="1" elasticityCoef="1" ang="90,0,0" color="0,220,0" radius="0.5" length="4" />
		<capsule pos="-21.849999999999994,-13.75,-3.4499999999999957" vel="0,0,0" mass="1" elasticityCoef="1" ang="90,0,0" color="0,220,0" radius="0.5" length="4" />
		<capsule pos="-21.849999999999994,-13.75,-1.1499999999999986" vel="0,0,0" mass="1" elasticityCoef="1" ang="90,0,0" color="0,220,0" radius="0.5" length="4" />
		<capsule pos="-21.849999999999994,-13.75,1.1500000000000057" vel="0,0,0" mass="1" elasticityCoef="1" ang="90,0,0" color="0,220,0" radius="0.5" length="4" />
		<capsule pos="-21.849999999999994,-13.75,3.450000000000003" vel="0,0,0" mass="1" elasticityCoef="1" ang="90,0,0" color="0,220,0" radius="0.5" length="4" />
		<capsule pos="-21.849999999999994,-13.75,5.75" vel="0,0,0" mass="1" elasticityCoef="1" ang="90,0,0" color="0,220,0" radius="0.5" length="4" />
		<capsule pos="-21.849999999999994,-13.75,8.050000000000004" vel="0,0,0" mass="1" elasticityCoef="1" ang="90,0,0" color="0,220,0" radius="0.5" length="4" />
		<capsule pos="-21.849999999999994,-13.75,10.350000000000001" vel="0,0,0" mass="1" elasticityCoef="1" ang="90,0,0" color="0,220,0" radius="0.5" length="4" />
		<capsule pos="-21.849999999999994,-13.75,12.650000000000006" vel="0,0,0" mass="1" elasticityCoef="1" ang="90,0,0" color="0,220,0" radius="0.5" length="4" />
		<capsule pos="-21.849999999999994,-13.75,14.950000000000003" vel="0,0,0" mass="1" elasticityCoef="1" ang="90,0,0" color="0,220,0" radius="0.5" length="4" />
		<capsule pos="-21.849999999999994,-13.75,17.25" vel="0,0,0" mass="1" elasticityCoef="1" ang="90,0,0" color="0,220,0" radius="0.5" length="4" />
		<capsule pos="-21.849999999999994,-13.75,19.550000000000004" vel="0,0,0" mass="1" elasticityCoef="1" ang="90,0,0" color="0,220,0" radius="0.5" length="4" />
		<capsule pos="-21.849999999999994,-13.75,21.85" vel="0,0,0" mass="1" elasticityCoef="1" ang="90,0,0" color="0,220,0" radius="0.5" length="4" />
		<capsule pos="-21.849999999999994,-13.75,24.15" vel="0,0,0" mass="1" elasticityCoef="1" ang="90,0,0" color="0,220,0" radius="0.5" length="4" />
		<capsule pos="-21.849999999999994,-13.75,26.450000000000003" vel="0,0,0" mass="1" elasticityCoef="1" ang="90,0,0" color="0,220,0" radius="0.5" length="4" />
		<capsule pos="-21.849999999999994,-13.75,28.75" vel="0,0,0" mass="1" elasticityCoef="1" ang="90,0,0" color="0,220,0" radius="0.5" length="4" />
		<capsule pos="-21.849999999999994,-13.75,31.049999999999997" vel="0,0,0" mass="1" elasticityCoef="1" ang="90,0,0" color="0,220,0" radius="0.5" length="4" />
		<capsule pos="-21.849999999999994,-8.25,-33.349999999999994" vel="0,0,0" mass="1" elasticityCoef="1" ang="90,0,0" color="0,220,0" radius="0.5" length="4" />
		<capsule pos="-21.849999999999994,-8.25,-31.049999999999994" vel="0,0,0" mass="1" elasticityCoef="1" ang="90,0,0" color="0,220,0" radius="0.5" length="4" />
		<capsule pos="-21.849999999999994,-8.25,-28.749999999999993" vel="0,0,0" mass="1" elasticityCoef="1" ang="90,0,0" color="0,220,0" radius="0.5" length="4" />
		<capsule pos="-21.849999999999994,-8.25,-26.449999999999996" vel="0,0,0" mass="1" elasticityCoef="1" ang="90,0,0" color="0,220,0" radius="0.5" length="4" />
		<capsule pos="-21.849999999999994,-8.25,-24.149999999999995" vel="0,0,0" mass="1" elasticityCoef="1" ang="90,0,0" color="0,220,0" radius="0.5" length="4" />
		<capsule pos="-21.849999999999994,-8.25,-21.849999999999994" vel="0,0,0" mass="1" elasticityCoef="1" ang="90,0,0" color="0,220,0" radius="0.5" length="4" />
		<capsule pos="-21.849999999999994,-8.25,-19.549999999999997" vel="0,0,0" mass="1" elasticityCoef="1" ang="90,0,0" color="0,220,0" radius="0.5" length="4" />
		<capsule pos="-21.849999999999994,-8.25,-17.249999999999996" vel="0,0,0" mass="1" elasticityCoef="1" ang="90,0,0" color="0,220,0" radius="0.5" length="4" />
		<capsule pos="-21.849999999999994,-8.25,-14.949999999999996" vel="0,0,0" mass="1" elasticityCoef="1" ang="90,0,0" color="0,220,0" radius="0.5" length="4" />
		<capsule pos="-21.849999999999994,-8.25,-12.649999999999995" vel="0,0,0" mass="1" elasticityCoef="1" ang="90,0,0" color="0,220,0" radius="0.5" length="4" />
		<capsule pos="-21.849999999999994,-8.25,-10.349999999999994" vel="0,0,0" mass="1" elasticityCoef="1" ang="90,0,0" color="0,220,0" radius="0.5" length="4" />
		<capsule pos="-21.849999999999994,-8.25,-8.049999999999997" vel="0,0,0" mass="1" elasticityCoef="1" ang="90,0,0" color="0,220,0" radius="0.5" length="4" />
		<capsule pos="-21.849999999999994,-8.25,-5.7499999999999964" vel="0,0,0" mass="1" elasticityCoef="1" ang="90,0,0" color="0,220,0" radius="0.5" length="4" />
		<capsule pos="-21.849999999999994,-8.25,-3.4499999999999957" vel="0,0,0" mass="1" elasticityCoef="1" ang="90,0,0" color="0,220,0" radius="0.5" length="4" />
		<capsule pos="-21.849999999999994,-8.25,-1.1499999999999986" vel="0,0,0" mass="1" elasticityCoef="1" ang="90,0,0" color="0,220,0" radius="0.5" length="4" />
		<capsule pos="-21.849999999999994,-8.25,1.1500000000000057" vel="0,0,0" mass="1" elasticityCoef="1" ang="90,0,0" color="0,220,0" radius="0.5" length="4" />
		<capsule pos="-21.849999999999994,-8.25,3.450000000000003" vel="0,0,0" mass="1" elasticityCoef="1" ang="90,0,0" color="0,220,0" radius="0.5" length="4" />
		<capsule pos="-21.849999999999994,-8.25,5.75" vel="0,0,0" mass="1" elasticityCoef="1" ang="90,0,0" color="0,220,0" radius="0.5" length="4" />
		<capsule pos="-21.849999999999994,-8.25,8.050000000000004" vel="0,0,0" mass="1" elasticityCoef="1" ang="90,0,0" color="0,220,0" radius="0.5" length="4" />
		<capsule pos="-21.849999999999994,-8.25,10.350000000000001" vel="0,0,0" mass="1" elasticityCoef="1" ang="90,0,0" color="0,220,0" radius="0.5" length="4" />
		<capsule pos="-21.849999999999994,-8.25,12.650000000000006" vel="0,0,0" mass="1" elasticityCoef="1" ang="90,0,0" color="0,220,0" radius="0.5" length="4" />
		<capsule pos="-21.849999999999994,-8.25,14.950000000000003" vel="0,0,0" mass="1" elasticityCoef="1" ang="90,0,0" color="0,220,0" radius="0.5" length="4" />
		<capsule pos="-21.849999999999994,-8.25,17.25" vel="0,0,0" mass="1" elasticityCoef="1" ang="90,0,0" color="0,220,0" radius="0.5" length="4" />
		<capsule pos="-21.849999999999994,-8.25,19.550000000000004" vel="0,0,0" mass="1" elasticityCoef="1" ang="90,0,0" color="0,220,0" radius="0.5" length="4" />
		<capsule pos="-21.849999999999994,-8.25,21.85" vel="0,0,0" mass="1" elasticityCoef="1" ang="90,0,0" color="0,220,0" radius="0.5" length="4" />
		<capsule pos="-21.849999999999994,-8.25,24.15" vel="0,0,0" mass="1" elasticityCoef="1" ang="90,0,0" color="0,220,0" radius="0.5" length="4" />
		<capsule pos="-21.849999999999994,-8.25,26.450000000000003" vel="0,0,0" mass="1" elasticityCoef="1" ang="90,0,0" color="0,220,0" radius="0.5" length="4" />
		<capsule pos="-21.849999999999994,-8.25,28.75" vel="0,0,0" mass="1" elasticityCoef="1" ang="90,0,0" color="0,220,0" radius="0.5" length="4" />
		<capsule pos="-21.849999999999994,-8.25,31.049999999999997" vel="0,0,0" mass="1" elasticityCoef="1" ang="90,0,0" color="0,220,0" radius="0.5" length="4" />
		<capsule pos="-21.849999999999994,-2.75,-33.349999999999994" vel="0,0,0" mass="1" elasticityCoef="1" ang="90,0,0" color="0,220,0" radius="0.5" length="4" />
		<capsule pos="-21.849999999999994,-2.75,-31.049999999999994" vel="0,0,0" mass="1" elasticityCoef="1" ang="90,0,0" color="0,220,0" radius="0.5" length="4" />
		<capsule pos="-21.849999999999994,-2.75,-28.749999999999993" vel="0,0,0" mass="1" elasticityCoef="1" ang="90,0,0" color="0,220,0" radius="0.5" length="4" />
		<capsule pos="-21.849999999999994,-2.75,-26.449999999999996" vel="0,0,0" mass="1" elasticityCoef="1" ang="90,0,0" color="0,220,0" radius="0.5" length="4" />
		<capsule pos="-21.849999999999994,-2.75,-24.149999999999995" vel="0,0,0" mass="1" elasticityCoef="1" ang="90,0,0" color="0,220,0" radius="0.5" length="4" />
		<capsule pos="-21.849999999999994,-2.75,-21.849999999999994" vel="0,0,0" mass="1" elasticityCoef="1" ang="90,0,0" color="0,220,0" radius="0.5" length="4" />
		<capsule pos="-21.849999999999994,-2.75,-19.549999999999997" vel="0,0,0" mass="1" elasticityCoef="1" ang="90,0,0" color="0,220,0" radius="0.5" length="4" />
		<capsule pos="-21.849999999999994,-2.75,-17.249999999999996" vel="0,0,0" mass="1" elasticityCoef="1" ang="90,0,0" color="0,220,0" radius="0.5" length="4" />
		<capsule pos="-21.849999999999994,-2.75,-14.949999999999996" vel="0,0,0" mass="1" elasticityCoef="1" ang="90,0,0" color="0,220,0" radius="0.5" length="4" />
		<capsule pos="-21.849999999999994,-2.75,-12.649999999999995" vel="0,0,0" mass="1" elasticityCoef="1" ang="90,0,0" color="0,220,0" radius="0.5" length="4" />
		<capsule pos="-21.849999999999994,-2.75,-10.349999999999994" vel="0,0,0" mass="1" elasticityCoef="1" ang="90,0,0" color="0,220,0" radius="0.5" length="4" />
		<capsule pos="-21.849999999999994,-2.75,-8.049999999999997" vel="0,0,0" mass="1" elasticityCoef="1" ang="90,0,0" color="0,220,0" radius="0.5" length="4" />
		<capsule pos="-21.849999999999994,-2.75,-5.7499999999999964" vel="0,0,0" mass="1" elasticityCoef="1" ang="90,0,0" color="0,220,0" radius="0.5" length="4" />
		<capsule pos="-21.849999999999994,-2.75,-3.4499999999999957" vel="0,0,0" mass="1" elasticityCoef="1" ang="90,0,0" color="0,220,0" radius="0.5" length="4" />
		<capsule pos="-21.849999999999994,-2.75,-1.1499999999999986" vel="0,0,0" mass="1" elasticityCoef="1" ang="90,0,0" color="0,220,0" radius="0.5" length="4" />
		<capsule pos="-21.849999999999994,-2.75,1.1500000000000057" vel="0,0,0" mass="1" elasticityCoef="1" ang="90,0,0" color="0,220,0" radius="0.5" length="4" />
		<capsule pos="-21.849999999999994,-2.75,3.450000000000003" vel="0,0,0" mass="1" elasticityCoef="1" ang="90,0,0" color="0,220,0" radius="0.5" length="4" />
		<capsule pos="-21.849999999999994,-2.75,5.75" vel="0,0,0" mass="1" elasticityCoef="1" ang="90,0,0" color="0,220,0" radius="0.5" length="4" />
		<capsule pos="-21.849999999999994,-2.75,8.050000000000004" vel="0,0,0" mass="1" elasticityCoef="1" ang="90,0,0" color="0,220,0" radius="0.5" length="4" />
		<capsule pos="-21.849999999999994,-2.75,10.350000000000001" vel="0,0,0" mass="1" elasticityCoef="1" ang="90,0,0" color="0,220,0" radius="0.5" length="4" />
		<capsule pos="-21.849999999999994,-2.75,12.650000000000006" vel="0,0,0" mass="1" elasticityCoef="1" ang="90,0,0" color="0,220,0" radius="0.5" length="4" />
		<capsule pos="-21.849999999999994,-2.75,14.950000000000003" vel="0,0,0" mass="1" elasticityCoef="1" ang="90,0,0" color="0,220,0" radius="0.5" length="4" />
		<capsule pos="-21.849999999999994,-2.75,17.25" vel="0,0,0" mass="1" elasticityCoef="1" ang="90,0,0" color="0,220,0" radius="0.5" length="4" />
		<capsule pos="-21.849999999999994,-2.75,19.550000000000004" vel="0,0,0" mass="1" elasticityCoef="1" ang="90,0,0" color="0,220,0" radius="0.5" length="4" />
		<capsule pos="-21.849999999999994,-2.75,21.85" vel="0,0,0" mass="1" elasticityCoef="1" ang="90,0,0" color="0,220,0" radius="0.5" length="4" />
		<capsule pos="-21.849999999999994,-2.75,24.15" vel="0,0,0" mass="1" elasticityCoef="1" ang="90,0,0" color="0,220,0" radius="0.5" length="4" />
		<capsule pos="-21.849999999999994,-2.75,26.450000000000003" vel="0,0,0" mass="1" elasticityCoef="1" ang="90,0,0" color="0,220,0" radius="0.5" length="4" />
		<capsule pos="-21.849999999999994,-2.75,28.75" vel="0,0,0" mass="1" elasticityCoef="1" ang="90,0,0" color="0,220,0" radius="0.5" length="4" />
		<capsule pos="-21.849999999999994,-2.75,31.049999999999997" vel="0,0,0" mass="1" elasticityCoef="1" ang="90,0,0" color="0,220,0" radius="0.5" length="4" />
		<capsule pos="-21.849999999999994,2.75,-33.349999999999994" vel="0,0,0" mass="1" elasticityCoef="1" ang="90,0,0" color="0,220,0" radius="0.5" length="4" />
		<capsule pos="-21.849999999999994,2.75,-31.049999999999994" vel="0,0,0" mass="1" elasticityCoef="1" ang="90,0,0" color="0,220,0" radius="0.5" length="4" />
		<capsule pos="-21.849999999999994,2.75,-28.749999999999993" vel="0,0,0" mass="1" elasticityCoef="1" ang="90,0,0" color="0,220,0" radius="0.5" length="4" />
		<capsule pos="-21.849999999999994,2.75,-26.449999999999996" vel="0,0,0" mass="1" elasticityCoef="1" ang="90,0,0" color="0,220,0" radius="0.5" length="4" />
		<capsule pos="-21.849999999999994,2.75,-24.149999999999995" vel="0,0,0" mass="1" elasticityCoef="1" ang="90,0,0" color="0,220,0" radius="0.5" length="4" />
		<capsule pos="-21.849999999999994,2.75,-21.849999999999994" vel="0,0,0" mass="1" elasticityCoef="1" ang="90,0,0" color="0,220,0" radius="0.5" length="4" />
		<capsule pos="-21.849999999999994,2.75,-19.549999999999997" vel="0,0,0" mass="1" elasticityCoef="1" ang="90,0,0" color="0,220,0" radius="0.5" length="4" />
		<capsule pos="-21.849999999999994,2.75,-17.249999999999996" vel="0,0,0" mass="1" elasticityCoef="1" ang="90,0,0" color="0,220,0" radius="0.5" length="4" />
		<capsule pos="-21.849999999999994,2.75,-14.949999999999996" vel="0,0,0" mass="1" elasticityCoef="1" ang="90,0,0" color="0,220,0" radius="0.5" length="4" />
		<capsule pos="-21.849999999999994,2.75,-12.649999999999995" vel="0,0,0" mass="1" elasticityCoef="1" ang="90,0,0" color="0,220,0" radius="0.5" length="4" />
		<capsule pos="-21.849999999999994,2.75,-10.349999999999994" vel="0,0,0" mass="1" elasticityCoef="1" ang="90,0,0" color="0,220,0" radius="0.5" length="4" />
		<capsule pos="-21.849999999999994,2.75,-8.049999999999997" vel="0,0,0" mass="1" elasticityCoef="1" ang="90,0,0" color="0,220,0" radius="0.5" length="4" />
		<capsule pos="-21.849999999999994,2.75,-5.7499999999999964" vel="0,0,0" mass="1" elasticityCoef="1" ang="90,0,0" color="0,220,0" radius="0.5" length="4" />
		<capsule pos="-21.849999999999994,2.75,-3.4499999999999957" vel="0,0,0" mass="1" elasticityCoef="1" ang="90,0,0" color="0,220,0" radius="0.5" length="4" />
		<capsule pos="-21.849999999999994,2.75,-1.1499999999999986" vel="0,0,0" mass="1" elasticityCoef="1" ang="90,0,0" color="0,220,0" radius="0.5" length="4" />
		<capsule pos="-21.849999999999994,2.75,1.1500000000000057" vel="0,0,0" mass="1" elasticityCoef="1" ang="90,0,0" color="0,220,0" radius="0.5" length="4" />
		<capsule pos="-21.849999999999994,2.75,3.450000000000003" vel="0,0,0" mass="1" elasticityCoef="1" ang="90,0,0" color="0,220,0" radius="0.5" length="4" />
		<capsule pos="-21.849999999999994,2.75,5.75" vel="0,0,0" mass="1" elasticityCoef="1" ang="90,0,0" color="0,220,0" radius="0.5" length="4" />
		<capsule pos="-21.849999999999994,2.75,8.050000000000004" vel="0,0,0" mass="1" elasticityCoef="1" ang="90,0,0" color="0,220,0" radius="0.5" length="4" />
		<capsule pos="-21.849999999999994,2.75,10.350000000000001" vel="0,0,0" mass="1" elasticityCoef="1" ang="90,0,0" color="0,220,0" radius="0.5" length="4" />
		<capsule pos="-21.849999999999994,2.75,12.650000000000006" vel="0,0,0" mass="1" elasticityCoef="1" ang="90,0,0" color="0,220,0" radius="0.5" length="4" />
		<capsule pos="-21.849999999999994,2.75,14.950000000000003" vel="0,0,0" mass="1" elasticityCoef="1" ang="90,0,0" color="0,220,0" radius="0.5" length="4" />
		<capsule pos="-21.849999999999994,2.75,17.25" vel="0,0,0" mass="1" elasticityCoef="1" ang="90,0,0" color="0,220,0" radius="0.5" length="4" />
		<capsule pos="-21.849999999999994,2.75,19.550000000000004" vel="0,0,0" mass="1" elasticityCoef="1" ang="90,0,0" color="0,220,0" radius="0.5" length="4" />
		<capsule pos="-21.849999999999994,2.75,21.85" vel="0,0,0" mass="1" elasticityCoef="1" ang="90,0,0" color="0,220,0" radius="0.5" length="4" />
		<capsule pos="-21.849999999999994,2.75,24.15" vel="0,0,0" mass="1" elasticityCoef="1" ang="90,0,0" color="0,220,0" radius="0.5" length="4" />
		<capsule pos="-21.849999999999994,2.75,26.450000000000003" vel="0,0,0" mass="1" elasticityCoef="1" ang="90,0,0" color="0,220,0" radius="0.5" length="4" />
		<capsule pos="-21.849999999999994,2.75,28.75" vel="0,0,0" mass="1" elasticityCoef="1" ang="90,0,0" color="0,220,0" radius="0.5" length="4" />
		<capsule pos="-21.849999999999994,2.75,31.049999999999997" vel="0,0,0" mass="1" elasticityCoef="1" ang="90,0,0" color="0,220,0" radius="0.5" length="4" />
		<capsule pos="-21.849999999999994,8.25,-33.349999999999994" vel="0,0,0" mass="1" elasticityCoef="1" ang="90,0,0" color="0,220,0" radius="0.5" length="4" />
		<capsule pos="-21.849999999999994,8.25,-31.049999999999994" vel="0,0,0" mass="1" elasticityCoef="1" ang="90,0,0" color="0,220,0" radius="0.5" length="4" />
		<capsule pos="-21.849999999999994,8.25,-28.749999999999993" vel="0,0,0" mass="1" elasticityCoef="1" ang="90,0,0" color="0,220,0" radius="0.5" length="4" />
		<capsule pos="-21.849999999999994,8.25,-26.449999999999996" vel="0,0,0" mass="1" elasticityCoef="1" ang="90,0,0" color="0,220,0" radius="0.5" length="4" />
		<capsule pos="-21.849999999999994,8.25,-24.149999999999995" vel="0,0,0" mass="1" elasticityCoef="1" ang="90,0,0" color="0,220,0" radius="0.5" length="4" />
		<capsule pos="-21.849999999999994,8.25,-21.849999999999994" vel="0,0,0" mass="1" elasticityCoef="1" ang="90,0,0" color="0,220,0" radius="0.5" length="4" />
		<capsule pos="-21.849999999999994,8.25,-19.549999999999997" vel="0,0,0" mass="1" elasticityCoef="1" ang="90,0,0" color="0,220,0" radius="0.5" length="4" />
		<capsule pos="-21.849999999999994,8.25,-17.249999999999996" vel="0,0,0" mass="1" elasticityCoef="1" ang="90,0,0" color="0,220,0" radius="0.5" length="4" />
		<capsule pos="-21.849999999999994,8.25,-14.949999999999996" vel="0,0,0" mass="1" elasticityCoef="1" ang="90,0,0" color="0,220,0" radius="0.5" length="4" />
		<capsule pos="-21.849999999999994,8.25,-12.649999999999995" vel="0,0,0" mass="1" elasticityCoef="1" ang="90,0,0" color="0,220,0" radius="0.5" length="4" />
		<capsule pos="-21.849999999999994,8.25,-10.349999999999994" vel="0,0,0" mass="1" elasticityCoef="1" ang="90,0,0" color="0,220,0" radius="0.5" length="4" />
		<capsule pos="-21.849999999999994,8.25,-8.049999999999997" vel="0,0,0" mass="1" elasticityCoef="1" ang="90,0,0" color="0,220,0" radius="0.5" length="4" />
		<capsule pos="-21.849999999999994,8.25,-5.7499999999999964" vel="0,0,0" mass="1" elasticityCoef="1" ang="90,0,0" color="0,220,0" radius="0.5" length="4" />
		<capsule pos="-21.849999999999994,8.25,-3.4499999999999957" vel="0,0,0" mass="1" elasticityCoef="1" ang="90,0,0" color="0,220,0" radius="0.5" length="4" />
		<capsule pos="-21.849999999999994,8.25,-1.1499999999999986" vel="0,0,0" mass="1" elasticityCoef="1" ang="90,0,0" color="0,220,0" radius="0.5" length="4" />
		<capsule pos="-21.849999999999994,8.25,1.1500000000000057" vel="0,0,0" mass="1" elasticityCoef="1" ang="90,0,0" color="0,220,0" radius="0.5" length="4" />
		<capsule pos="-21.849999999999994,8.25,3.450000000000003" vel="0,0,0" mass="1" elasticityCoef="1" ang="90,0,0" color="0,220,0" radius="0.5" length="4" />
		<capsule pos="-21.849999999999994,8.25,5.75" vel="0,0,0" mass="1" elasticityCoef="1" ang="90,0,0" color="0,220,0" radius="0.5" length="4" />
		<capsule pos="-21.849999999999994,8.25,8.050000000000004" vel="0,0,0" mass="1" elasticityCoef="1" ang="90,0,0" color="0,220,0" radius="0.5" length="4" />
		<capsule pos="-21.849999999999994,8.25,10.350000000000001" vel="0,0,0" mass="1" elasticityCoef="1" ang="90,0,0" color="0,220,0" radius="0.5" length="4" />
		<capsule pos="-21.849999999999994,8.25,12.650000000000006" vel="0,0,0" mass="1" elasticityCoef="1" ang="90,0,0" color="0,220,0" radius="0.5" length="4" />
		<capsule pos="-21.849999999999994,8.25,14.950000000000003" vel="0,0,0" mass="1" elasticityCoef="1" ang="90,0,0" color="0,220,0" radius="0.5" length="4" />
		<capsule pos="-21.849999999999994,8.25,17.25" vel="0,0,0" mass="1" elasticityCoef="1" ang="90,0,0" color="0,220,0" radius="0.5" length="4" />
		<capsule pos="-21.849999999999994,8.25,19.550000000000004" vel="0,0,0" mass="1" elasticityCoef="1" ang="90,0,0" color="0,220,0" radius="0.5" length="4" />
		<capsule pos="-21.849999999999994,8.25,21.85" vel="0,0,0" mass="1" elasticityCoef="1" ang="90,0,0" color="0,220,0" radius="0.5" length="4" />
		<capsule pos="-21.849999999999994,8.25,24.15" vel="0,0,0" mass="1" elasticityCoef="1" ang="90,0,0" color="0,220,0" radius="0.5" length="4" />
		<capsule pos="-21.849999999999994,8.25,26.450000000000003" vel="0,0,0" mass="1" elasticityCoef="1" ang="90,0,0" color="0,220,0" radius="0.5" length="4" />
		<capsule pos="-21.849999999999994,8.25,28.75" vel="0,0,0" mass="1" elasticityCoef="1" ang="90,0,0" color="0,220,0" radius="0.5" length="4" />
		<capsule pos="-21.849999999999994,8.25,31.049999999999997" vel="0,0,0" mass="1" elasticityCoef="1" ang="90,0,0" color="0,220,0" radius="0.5" length="4" />
		<capsule pos="-21.849999999999994,13.75,-33.349999999999994" vel="0,0,0" mass="1" elasticityCoef="1" ang="90,0,0" color="0,220,0" radius="0.5" length="4" />
		<capsule pos="-21.849999999999994,13.75,-31.049999999999994" vel="0,0,0" mass="1" elasticityCoef="1" ang="90,0,0" color="0,220,0" radius="0.5" length="4" />
		<capsule pos="-21.849999999999994,13.75,-28.749999999999993" vel="0,0,0" mass="1" elasticityCoef="1" ang="90,0,0" color="0,220,0" radius="0.5" length="4" />
		<capsule pos="-21.849999999999994,13.75,-26.449999999999996" vel="0,0,0" mass="1" elasticityCoef="1" ang="90,0,0" color="0,220,0" radius="0.5" length="4" />
		<capsule pos="-21.849999999999994,13.75,-24.149999999999995" vel="0,0,0" mass="1" elasticityCoef="1" ang="90,0,0" color="0,220,0" radius="0.5" length="4" />
		<capsule pos="-21.849999999999994,13.75,-21.849999999999994" vel="0,0,0" mass="1" elasticityCoef="1" ang="90,0,0" color="0,220,0" radius="0.5" length="4" />
		<capsule pos="-21.849999999999994,13.75,-19.549999999999997" vel="0,0,0" mass="1" elasticityCoef="1" ang="90,0,0" color="0,220,0" radius="0.5" length="4" />
		<capsule pos="-21.849999999999994,13.75,-17.249999999999996" vel="0,0,0" mass="1" elasticityCoef="1" ang="90,0,0" color="0,220,0" radius="0.5" length="4" />
		<capsule pos="-21.849999999999994,13.75,-14.949999999999996" vel="0,0,0" mass="1" elasticityCoef="1" ang="90,0,0" color="0,220,0" radius="0.5" length="4" />
		<capsule pos="-21.849999999999994,13.75,-12.649999999999995" vel="0,0,0" mass="1" elasticityCoef="1" ang="90,0,0" color="0,220,0" radius="0.5" length="4" />
		<capsule pos="-21.849999999999994,13.75,-10.349999999999994" vel="0,0,0" mass="1" elasticityCoef="1" ang="90,0,0" color="0,220,0" radius="0.5" length="4" />
		<capsule pos="-21.849999999999994,13.75,-8.049999999999997" vel="0,0,0" mass="1" elasticityCoef="1" ang="90,0,0" color="0,220,0" radius="0.5" length="4" />
		<capsule pos="-21.849999999999994,13.75,-5.7499999999999964" vel="0,0,0" mass="1" elasticityCoef="1" ang="90,0,0" color="0,220,0" radius="0.5" length="4" />
		<capsule pos="-21.849999999999994,13.75,-3.4499999999999957" vel="0,0,0" mass="1" elasticityCoef="1" ang="90,0,0" color="0,220,0" radius="0.5" length="4" />
		<capsule pos="-21.849999999999994,13.75,-1.1499999999999986" vel="0,0,0" mass="1" elasticityCoef="1" ang="90,0,0" color="0,220,0" radius="0.5" length="4" />
		<capsule pos="-21.849999999999994,13.75,1.1500000000000057" vel="0,0,0" mass="1" elasticityCoef="1" ang="90,0,0" color="0,220,0" radius="0.5" length="4" />
		<capsule pos="-21.849999999999994,13.75,3.450000000000003" vel="0,0,0" mass="1" elasticityCoef="1" ang="90,0,0" color="0,220,0" radius="0.5" length="4" />
		<capsule pos="-21.849999999999994,13.75,5.75" vel="0,0,0" mass="1" elasticityCoef="1" ang="90,0,0" color="0,220,0" radius="0.5" length="4" />
		<capsule pos="-21.849999999999994,13.75,8.050000000000004" vel="0,0,0" mass="1" elasticityCoef="1" ang="90,0,0" color="0,220,0" radius="0.5" length="4" />
		<capsule pos="-21.849999999999994,13.75,10.350000000000001" vel="0,0,0" mass="1" elasticityCoef="1" ang="90,0,0" color="0,220,0" radius="0.5" length="4" />
		<capsule pos="-21.849999999999994,13.75,12.650000000000006" vel="0,0,0" mass="1" elasticityCoef="1" ang="90,0,0" color="0,220,0" radius="0.5" length="4" />
		<capsule pos="-21.849999999999994,13.75,14.950000000000003" vel="0,0,0" mass="1" elasticityCoef="1" ang="90,0,0" color="0,220,0" radius="0.5" length="4" />
		<capsule pos="-21.849999999999994,13.75,17.25" vel="0,0,0" mass="1" elasticityCoef="1" ang="90,0,0" color="0,220,0" radius="0.5" length="4" />
		<capsule pos="-21.849999999999994,13.75,19.550000000000004" vel="0,0,0" mass="1" elasticityCoef="1" ang="90,0,0" color="0,220,0" radius="0.5" length="4" />
		<capsule pos="-21.849999999999994,13.75,21.85" vel="0,0,0" mass="1" elasticityCoef="1" ang="90,0,0" color="0,220,0" radius="0.5" length="4" />
		<capsule pos="-21.849999999999994,13.75,24.15" vel="0,0,0" mass="1" elasticityCoef="1" ang="90,0,0" color="0,220,0" radius="0.5" length="4" />
		<capsule pos="-21.849999999999994,13.75,26.450000000000003" vel="0,0,0" mass="1" elasticityCoef="1" ang="90,0,0" color="0,220,0" radius="0.5" length="4" />
		<capsule pos="-21.849999999999994,13.75,28.75" vel="0,0,0" mass="1" elasticityCoef="1" ang="90,0,0" color="0,220,0" radius="0.5" length="4" />
		<capsule pos="-21.849999999999994,13.75,31.049999999999997" vel="0,0,0" mass="1" elasticityCoef="1" ang="90,0,0" color="0,220,0" radius="0.5" length="4" />
		<capsule pos="-21.849999999999994,19.25,-33.349999999999994" vel="0,0,0" mass="1" elasticityCoef="1" ang="90,0,0" color="0,220,0" radius="0.5" length="4" />
		<capsule pos="-21.849999999999994,19.25,-31.049999999999994" vel="0,0,0" mass="1" elasticityCoef="1" ang="90,0,0" color="0,220,0" radius="0.5" length="4" />
		<capsule pos="-21.849999999999994,19.25,-28.749999999999993" vel="0,0,0" mass="1" elasticityCoef="1" ang="90,0,0" color="0,220,0" radius="0.5" length="4" />
		<capsule pos="-21.849999999999994,19.25,-26.449999999999996" vel="0,0,0" mass="1" elasticityCoef="1" ang="90,0,0" color="0,220,0" radius="0.5" length="4" />
		<capsule pos="-21.849999999999994,19.25,-24.149999999999995" vel="0,0,0" mass="1" elasticityCoef="1" ang="90,0,0" color="0,220,0" radius="0.5" length="4" />
		<capsule pos="-21.849999999999994,19.25,-21.849999999999994" vel="0,0,0" mass="1" elasticityCoef="1" ang="90,0,0" color="0,220,0" radius="0.5" length="4" />
		<capsule pos="-21.849999999999994,19.25,-19.549999999999997" vel="0,0,0" mass="1" elasticityCoef="1" ang="90,0,0" color="0,220,0" radius="0.5" length="4" />
		<capsule pos="-21.849999999999994,19.25,-17.249999999999996" vel="0,0,0" mass="1" elasticityCoef="1" ang="90,0,0" color="0,220,0" radius="0.5" length="4" />
		<capsule pos="-21.849999999999994,19.25,-14.949999999999996" vel="0,0,0" mass="1" elasticityCoef="1" ang="90,0,0" color="0,220,0" radius="0.5" length="4" />
		<capsule pos="-21.849999999999994,19.25,-12.649999999999995" vel="0,0,0" mass="1" elasticityCoef="1" ang="90,0,0" color="0,220,0" radius="0.5" length="4" />
		<capsule pos="-21.849999999999994,19.25,-10.349999999999994" vel="0,0,0" mass="1" elasticityCoef="1" ang="90,0,0" color="0,220,0" radius="0.5" length="4" />
		<capsule pos="-21.849999999999994,19.25,-8.049999999999997" vel="0,0,0" mass="1" elasticityCoef="1" ang="90,0,0" color="0,220,0" radius="0.5" length="4" />
		<capsule pos="-21.849999999999994,19.25,-5.7499999999999964" vel="0,0,0" mass="1" elasticityCoef="1" ang="90,0,0" color="0,220,0" radius="0.5" length="4" />
		<capsule pos="-21.849999999999994,19.25,-3.4499999999999957" vel="0,0,0" mass="1" elasticityCoef="1" ang="90,0,0" color="0,220,0" radius="0.5" length="4" />
		<capsule pos="-21.849999999999994,19.25,-1.1499999999999986" vel="0,0,0" mass="1" elasticityCoef="1" ang="90,0,0" color="0,220,0" radius="0.5" length="4" />
		<capsule pos="-21.849999999999994,19.25,1.1500000000000057" vel="0,0,0" mass="1" elasticityCoef="1" ang="90,0,0" color="0,220,0" radius="0.5" length="4" />
		<capsule pos="-21.849999999999994,19.25,3.450000000000003" vel="0,0,0" mass="1" elasticityCoef="1" ang="90,0,0" color="0,220,0" radius="0.5" length="4" />
		<capsule pos="-21.849999999999994,19.25,5.75" vel="0,0,0" mass="1" elasticityCoef="1" ang="90,0,0" color="0,220,0" radius="0.5" length="4" />
		<capsule pos="-21.849999999999994,19.25,8.050000000000004" vel="0,0,0" mass="1" elasticityCoef="1" ang="90,0,0" color="0,220,0" radius="0.5" length="4" />
		<capsule pos="-21.849999999999994,19.25,10.350000000000001" vel="0,0,0" mass="1" elasticityCoef="1" ang="90,0,0" color="0,220,0" radius="0.5" length="4" />
		<capsule pos="-21.849999999999994,19.25,12.650000000000006" vel="0,0,0" mass="1" elasticityCoef="1" ang="90,0,0" color="0,220,0" radius="0.5" length="4" />
		<capsule pos="-21.849999999999994,19.25,14.950000000000003" vel="0,0,0" mass="1" elasticityCoef="1" ang="90,0,0" color="0,220,0" radius="0.5" length="4" />
		<capsule pos="-21.849999999999994,19.25,17.25" vel="0,0,0" mass="1" elasticityCoef="1" ang="90,0,0" color="0,220,0" radius="0.5" length="4" />
		<capsule pos="-21.849999999999994,19.25,19.550000000000004" vel="0,0,0" mass="1" elasticityCoef="1" ang="90,0,0" color="0,220,0" radius="0.5" length="4" />
		<capsule pos="-21.849999999999994,19.25,21.85" vel="0,0,0" mass="1" elasticityCoef="1" ang="90,0,0" color="0,220,0" radius="0.5" length="4" />
		<capsule pos="-21.849999999999994,19.25,24.15" vel="0,0,0" mass="1" elasticityCoef="1" ang="90,0,0" color="0,220,0" radius="0.5" length="4" />
		<capsule pos="-21.849999999999994,19.25,26.450000000000003" vel="0,0,0" mass="1" elasticityCoef="1" ang="90,0,0" color="0,220,0" radius="0.5" length="4" />
		<capsule pos="-21.849999999999994,19.25,28.75" vel="0,0,0" mass="1" elasticityCoef="1" ang="90,0,0" color="0,220,0" radius="0.5" length="4" />
		<capsule pos="-21.849999999999994,19.25,31.049999999999997" vel="0,0,0" mass="1" elasticityCoef="1" ang="90,0,0" color="0,220,0" radius="0.5" length="4" />
		<capsule pos="-21.849999999999994,24.75,-33.349999999999994" vel="0,0,0" mass="1" elasticityCoef="1" ang="90,0,0" color="0,220,0" radius="0.5" length="4" />
		<capsule pos="-21.849999999999994,24.75,-31.049999999999994" vel="0,0,0" mass="1" elasticityCoef="1" ang="90,0,0" color="0,220,0" radius="0.5" length="4" />
		<capsule pos="-21.849999999999994,24.75,-28.749999999999993" vel="0,0,0" mass="1" elasticityCoef="1" ang="90,0,0" color="0,220,0" radius="0.5" length="4" />
		<capsule pos="-21.849999999999994,24.75,-26.449999999999996" vel="0,0,0" mass="1" elasticityCoef="1" ang="90,0,0" color="0,220,0" radius="0.5" length="4" />
		<capsule pos="-21.849999999999994,24.75,-24.149999999999995" vel="0,0,0" mass="1" elasticityCoef="1" ang="90,0,0" color="0,220,0" radius="0.5" length="4" />
		<capsule pos="-21.849999999999994,24.75,-21.849999999999994" vel="0,0,0" mass="1" elasticityCoef="1" ang="90,0,0" color="0,220,0" radius="0.5" length="4" />
		<capsule pos="-21.849999999999994,24.75,-19.549999999999997" vel="0,0,0" mass="1" elasticityCoef="1" ang="90,0,0" color="0,220,0" radius="0.5" length="4" />
		<capsule pos="-21.849999999999994,24.75,-17.249999999999996" vel="0,0,0" mass="1" elasticityCoef="1" ang="90,0,0" color="0,220,0" radius="0.5" length="4" />
		<capsule pos="-21.849999999999994,24.75,-14.949999999999996" vel="0,0,0" mass="1" elasticityCoef="1" ang="90,0,0" color="0,220,0" radius="0.5" length="4" />
		<capsule pos="-21.849999999999994,24.75,-12.649999999999995" vel="0,0,0" mass="1" elasticityCoef="1" ang="90,0,0" color="0,220,0" radius="0.5" length="4" />
		<capsule pos="-21.849999999999994,24.75,-10.349999999999994" vel="0,0,0" mass="1" elasticityCoef="1" ang="90,0,0" color="0,220,0" radius="0.5" length="4" />
		<capsule pos="-21.849999999999994,24.75,-8.049999999999997" vel="0,0,0" mass="1" elasticityCoef="1" ang="90,0,0" color="0,220,0" radius="0.5" length="4" />
		<capsule pos="-21.849999999999994,24.75,-5.7499999999999964" vel="0,0,0" mass="1" elasticityCoef="1" ang="90,0,0" color="0,220,0" radius="0.5" length="4" />
		<capsule pos="-21.849999999999994,24.75,-3.4499999999999957" vel="0,0,0" mass="1" elasticityCoef="1" ang="90,0,0" color="0,220,0" radius="0.5" length="4" />
		<capsule pos="-21.849999999999994,24.75,-1.1499999999999986" vel="0,0,0" mass="1" elasticityCoef="1" ang="90,0,0" color="0,220,0" radius="0.5" length="4" />
		<capsule pos="-21.849999999999994,24.75,1.1500000000000057" vel="0,0,0" mass="1" elasticityCoef="1" ang="90,0,0" color="0,220,0" radius="0.5" length="4" />
		<capsule pos="-21.849999999999994,24.75,3.450000000000003" vel="0,0,0" mass="1" elasticityCoef="1" ang="90,0,0" color="0,220,0" radius="0.5" length="4" />
		<capsule pos="-21.849999999999994,24.75,5.75" vel="0,0,0" mass="1" elasticityCoef="1" ang="90,0,0" color="0,220,0" radius="0.5" length="4" />
		<capsule pos="-21.849999999999994,24.75,8.050000000000004" vel="0,0,0" mass="1" elasticityCoef="1" ang="90,0,0" color="0,220,0" radius="0.5" length="4" />
		<capsule pos="-21.849999999999994,24.75,10.350000000000001" vel="0,0,0" mass="1" elasticityCoef="1" ang="90,0,0" color="0,220,0" radius="0.5" length="4" />
		<capsule pos="-21.849999999999994,24.75,12.650000000000006" vel="0,0,0" mass="1" elasticityCoef="1" ang="90,0,0" color="0,220,0" radius="0.5" length="4" />
		<capsule pos="-21.849999999999994,24.75,14.950000000000003" vel="0,0,0" mass="1" elasticityCoef="1" ang="90,0,0" color="0,220,0" radius="0.5" length="4" />
		<capsule pos="-21.849999999999994,24.75,17.25" vel="0,0,0" mass="1" elasticityCoef="1" ang="90,0,0" color="0,220,0" radius="0.5" length="4" />
		<capsule pos="-21.849999999999994,24.75,19.550000000000004" vel="0,0,0" mass="1" elasticityCoef="1" ang="90,0,0" color="0,220,0" radius="0.5" length="4" />
		<capsule pos="-21.849999999999994,24.75,21.85" vel="0,0,0" mass="1" elasticityCoef="1" ang="90,0,0" color="0,220,0" radius="0.5" length="4" />
		<capsule pos="-21.849999999999994,24.75,24.15" vel="0,0,0" mass="1" elasticityCoef="1" ang="90,0,0" color="0,220,0" radius="0.5" length="4" />
		<capsule pos="-21.849999999999994,24.75,26.450000000000003" vel="0,0,0" mass="1" elasticityCoef="1" ang="90,0,0" color="0,220,0" radius="0.5" length="4" />
		<capsule pos="-21.849999999999994,24.75,28.75" vel="0,0,0" mass="1" elasticityCoef="1" ang="90,0,0" color="0,220,0" radius="0.5" length="4" />
		<capsule pos="-21.849999999999994,24.75,31.049999999999997" vel="0,0,0" mass="1" elasticityCoef="1" ang="90,0,0" color="0,220,0" radius="0.5" length="4" />
		<capsule pos="-21.849999999999994,30.25,-33.349999999999994" vel="0,0,0" mass="1" elasticityCoef="1" ang="90,0,0" color="0,220,0" radius="0.5" length="4" />
		<capsule pos="-21.849999999999994,30.25,-31.049999999999994" vel="0,0,0" mass="1" elasticityCoef="1" ang="90,0,0" color="0,220,0" radius="0.5" length="4" />
		<capsule pos="-21.849999999999994,30.25,-28.749999999999993" vel="0,0,0" mass="1" elasticityCoef="1" ang="90,0,0" color="0,220,0" radius="0.5" length="4" />
		<capsule pos="-21.849999999999994,30.25,-26.449999999999996" vel="0,0,0" mass="1" elasticityCoef="1" ang="90,0,0" color="0,220,0" radius="0.5" length="4" />
		<capsule pos="-21.849999999999994,30.25,-24.149999999999995" vel="0,0,0" mass="1" elasticityCoef="1" ang="90,0,0" color="0,220,0" radius="0.5" length="4" />
		<capsule pos="-21.849999999999994,30.25,-21.849999999999994" vel="0,0,0" mass="1" elasticityCoef="1" ang="90,0,0" color="0,220,0" radius="0.5" length="4" />
		<capsule pos="-21.849999999999994,30.25,-19.549999999999997" vel="0,0,0" mass="1" elasticityCoef="1" ang="90,0,0" color="0,220,0" radius="0.5" length="4" />
		<capsule pos="-21.849999999999994,30.25,-17.249999999999996" vel="0,0,0" mass="1" elasticityCoef="1" ang="90,0,0" color="0,220,0" radius="0.5" length="4" />
		<capsule pos="-21.849999999999994,30.25,-14.949999999999996" vel="0,0,0" mass="1" elasticityCoef="1" ang="90,0,0" color="0,220,0" radius="0.5" length="4" />
		<capsule pos="-21.849999999999994,30.25,-12.649999999999995" vel="0,0,0" mass="1" elasticityCoef="1" ang="90,0,0" color="0,220,0" radius="0.5" length="4" />
		<capsule pos="-21.849999999999994,30.25,-10.349999999999994" vel="0,0,0" mass="1" elasticityCoef="1" ang="90,0,0" color="0,220,0" radius="0.5" length="4" />
		<capsule pos="-21.849999999999994,30.25,-8.049999999999997" vel="0,0,0" mass="1" elasticityCoef="1" ang="90,0,0" color="0,220,0" radius="0.5" length="4" />
		<capsule pos="-21.849999999999994,30.25,-5.7499999999999964" vel="0,0,0" mass="1" elasticityCoef="1" ang="90,0,0" color="0,220,0" radius="0.5" length="4" />
		<capsule pos="-21.849999999999994,30.25,-3.4499999999999957" vel="0,0,0" mass="1" elasticityCoef="1" ang="90,0,0" color="0,220,0" radius="0.5" length="4" />
		<capsule pos="-21.849999999999994,30.25,-1.1499999999999986" vel="0,0,0" mass="1" elasticityCoef="1" ang="90,0,0" color="0,220,0" radius="0.5" length="4" />
		<capsule pos="-21.849999999999994,30.25,1.1500000000000057" vel="0,0,0" mass="1" elasticityCoef="1" ang="90,0,0" color="0,220,0" radius="0.5" length="4" />
		<capsule pos="-21.849999999999994,30.25,3.450000000000003" vel="0,0,0" mass="1" elasticityCoef="1" ang="90,0,0" color="0,220,0" radius="0.5" length="4" />
		<capsule pos="-21.849999999999994,30.25,5.75" vel="0,0,0" mass="1" elasticityCoef="1" ang="90,0,0" color="0,220,0" radius="0.5" length="4" />
		<capsule pos="-21.849999999999994,30.25,8.050000000000004" vel="0,0,0" mass="1" elasticityCoef="1" ang="90,0,0" color="0,220,0" radius="0.5" length="4" />
		<capsule pos="-21.849999999999994,30.25,10.350000000000001" vel="0,0,0" mass="1" elasticityCoef="1" ang="90,0,0" color="0,220,0" radius="0.5" length="4" />
		<capsule pos="-21.849999999999994,30.25,12.650000000000006" vel="0,0,0" mass="1" elasticityCoef="1" ang="90,0,0" color="0,220,0" radius="0.5" length="4" />
		<capsule pos="-21.849999999999994,30.25,14.950000000000003" vel="0,0,0" mass="1" elasticityCoef="1" ang="90,0,0" color="0,220,0" radius="0.5" length="4" />
		<capsule pos="-21.849999999999994,30.25,17.25" vel="0,0,0" mass="1" elasticityCoef="1" ang="90,0,0" color="0,220,0" radius="0.5" length="4" />
		<capsule pos="-21.849999999999994,30.25,19.550000000000004" vel="0,0,0" mass="1" elasticityCoef="1" ang="90,0,0" color="0,220,0" radius="0.5" length="4" />
		<capsule pos="-21.849999999999994,30.25,21.85" vel="0,0,0" mass="1" elasticityCoef="1" ang="90,0,0" color="0,220,0" radius="0.5" length="4" />
		<capsule pos="-21.849999999999994,30.25,24.15" vel="0,0,0" mass="1" elasticityCoef="1" ang="90,0,0" color="0,220,0" radius="0.5" length="4" />
		<capsule pos="-21.849999999999994,30.25,26.450000000000003" vel="0,0,0" mass="1" elasticityCoef="1" ang="90,0,0" color="0,220,0" radius="0.5" length="4" />
		<capsule pos="-21.849999999999994,30.25,28.75" vel="0,0,0" mass="1" elasticityCoef="1" ang="90,0,0" color="0,220,0" radius="0.5" length="4" />
		<capsule pos="-21.849999999999994,30.25,31.049999999999997" vel="0,0,0" mass="1" elasticityCoef="1" ang="90,0,0" color="0,220,0" radius="0.5" length="4" />
		<capsule pos="-21.849999999999994,35.75,-33.349999999999994" vel="0,0,0" mass="1" elasticityCoef="1" ang="90,0,0" color="0,220,0" radius="0.5" length="4" />
		<capsule pos="-21.849999999999994,35.75,-31.049999999999994" vel="0,0,0" mass="1" elasticityCoef="1" ang="90,0,0" color="0,220,0" radius="0.5" length="4" />
		<capsule pos="-21.849999999999994,35.75,-28.749999999999993" vel="0,0,0" mass="1" elasticityCoef="1" ang="90,0,0" color="0,220,0" radius="0.5" length="4" />
		<capsule pos="-21.849999999999994,35.75,-26.449999999999996" vel="0,0,0" mass="1" elasticityCoef="1" ang="90,0,0" color="0,220,0" radius="0.5" length="4" />
		<capsule pos="-21.849999999999994,35.75,-24.149999999999995" vel="0,0,0" mass="1" elasticityCoef="1" ang="90,0,0" color="0,220,0" radius="0.5" length="4" />
		<capsule pos="-21.849999999999994,35.75,-21.849999999999994" vel="0,0,0" mass="1" elasticityCoef="1" ang="90,0,0" color="0,220,0" radius="0.5" length="4" />
		<capsule pos="-21.849999999999994,35.75,-19.549999999999997" vel="0,0,0" mass="1" elasticityCoef="1" ang="90,0,0" color="0,220,0" radius="0.5" length="4" />
		<capsule pos="-21.849999999999994,35.75,-17.249999999999996" vel="0,0,0" mass="1" elasticityCoef="1" ang="90,0,0" color="0,220,0" radius="0.5" length="4" />
		<capsule pos="-21.849999999999994,35.75,-14.949999999999996" vel="0,0,0" mass="1" elasticityCoef="1" ang="90,0,0" color="0,220,0" radius="0.5" length="4" />
		<capsule pos="-21.849999999999994,35.75,-12.649999999999995" vel="0,0,0" mass="1" elasticityCoef="1" ang="90,0,0" color="0,220,0" radius="0.5" length="4" />
		<capsule pos="-21.849999999999994,35.75,-10.349999999999994" vel="0,0,0" mass="1" elasticityCoef="1" ang="90,0,0" color="0,220,0" radius="0.5" length="4" />
		<capsule pos="-21.849999999999994,35.75,-8.049999999999997" vel="0,0,0" mass="1" elasticityCoef="1" ang="90,0,0" color="0,220,0" radius="0.5" length="4" />
		<capsule pos="-21.849999999999994,35.75,-5.7499999999999964" vel="0,0,0" mass="1" elasticityCoef="1" ang="90,0,0" color="0,220,0" radius="0.5" length="4" />
		<capsule pos="-21.849999999999994,35.75,-3.4499999999999957" vel="0,0,0" mass="1" elasticityCoef="1" ang="90,0,0" color="0,220,0" radius="0.5" length="4" />
		<capsule pos="-21.849999999999994,35.75,-1.1499999999999986" vel="0,0,0" mass="1" elasticityCoef="1" ang="90,0,0" color="0,220,0" radius="0.5" length="4" />
		<capsule pos="-21.849999999999994,35.75,1.1500000000000057" vel="0,0,0" mass="1" elasticityCoef="1" ang="90,0,0" color="0,220,0" radius="0.5" length="4" />
		<capsule pos="-21.849999999999994,35.75,3.450000000000003" vel="0,0,0" mass="1" elasticityCoef="1" ang="90,0,0" color="0,220,0" radius="0.5" length="4" />
		<capsule pos="-21.849999999999994,35.75,5.75" vel="0,0,0" mass="1" elasticityCoef="1" ang="90,0,0" color="0,220,0" radius="0.5" length="4" />
		<capsule pos="-21.849999999999994,35.75,8.050000000000004" vel="0,0,0" mass="1" elasticityCoef="1" ang="90,0,0" color="0,220,0" radius="0.5" length="4" />
		<capsule pos="-21.849999999999994,35.75,10.350000000000001" vel="0,0,0" mass="1" elasticityCoef="1" ang="90,0,0" color="0,220,0" radius="0.5" length="4" />
		<capsule pos="-21.849999999999994,35.75,12.650000000000006" vel="0,0,0" mass="1" elasticityCoef="1" ang="90,0,0" color="0,220,0" radius="0.5" length="4" />
		<capsule pos="-21.849999999999994,35.75,14.950000000000003" vel="0,0,0" mass="1" elasticityCoef="1" ang="90,0,0" color="0,220,0" radius="0.5" length="4" />
		<capsule pos="-21.849999999999994,35.75,17.25" vel="0,0,0" mass="1" elasticityCoef="1" ang="90,0,0" color="0,220,0" radius="0.5" length="4" />
		<capsule pos="-21.849999999999994,35.75,19.550000000000004" vel="0,0,0" mass="1" elasticityCoef="1" ang="90,0,0" color="0,220,0" radius="0.5" length="4" />
		<capsule pos="-21.849999999999994,35.75,21.85" vel="0,0,0" mass="1" elasticityCoef="1" ang="90,0,0" color="0,220,0" radius="0.5" length="4" />
		<capsule pos="-21.849999999999994,35.75,24.15" vel="0,0,0" mass="1" elasticityCoef="1" ang="90,0,0" color="0,220,0" radius="0.5" length="4" />
		<capsule pos="-21.849999999999994,35.75,26.450000000000003" vel="0,0,0" mass="1" elasticityCoef="1" ang="90,0,0" color="0,220,0" radius="0.5" length="4" />
		<capsule pos="-21.849999999999994,35.75,28.75" vel="0,0,0" mass="1" elasticityCoef="1" ang="90,0,0" color="0,220,0" radius="0.5" length="4" />
		<capsule pos="-21.849999999999994,35.75,31.049999999999997" vel="0,0,0" mass="1" elasticityCoef="1" ang="90,0,0" color="0,220,0" radius="0.5" length="4" />
		<capsule pos="-19.549999999999997,-41.25,-33.349999999999994" vel="0,0,0" mass="1" elasticityCoef="1" ang="90,0,0" color="0,220,0" radius="0.5" length="4" />
		<capsule pos="-19.549999999999997,-41.25,-31.049999999999994" vel="0,0,0" mass="1" elasticityCoef="1" ang="90,0,0" color="0,220,0" radius="0.5" length="4" />
		<capsule pos="-19.549999999999997,-41.25,-28.749999999999993" vel="0,0,0" mass="1" elasticityCoef="1" ang="90,0,0" color="0,220,0" radius="0.5" length="4" />
		<capsule pos="-19.549999999999997,-41.25,-26.449999999999996" vel="0,0,0" mass="1" elasticityCoef="1" ang="90,0,0" color="0,220,0" radius="0.5" length="4" />
		<capsule pos="-19.549999999999997,-41.25,-24.149999999999995" vel="0,0,0" mass="1" elasticityCoef="1" ang="90,0,0" color="0,220,0" radius="0.5" length="4" />
		<capsule pos="-19.549999999999997,-41.25,-21.849999999999994" vel="0,0,0" mass="1" elasticityCoef="1" ang="90,0,0" color="0,220,0" radius="0.5" length="4" />
		<capsule pos="-19.549999999999997,-41.25,-19.549999999999997" vel="0,0,0" mass="1" elasticityCoef="1" ang="90,0,0" color="0,220,0" radius="0.5" length="4" />
		<capsule pos="-19.549999999999997,-41.25,-17.249999999999996" vel="0,0,0" mass="1" elasticityCoef="1" ang="90,0,0" color="0,220,0" radius="0.5" length="4" />
		<capsule pos="-19.549999999999997,-41.25,-14.949999999999996" vel="0,0,0" mass="1" elasticityCoef="1" ang="90,0,0" color="0,220,0" radius="0.5" length="4" />
		<capsule pos="-19.549999999999997,-41.25,-12.649999999999995" vel="0,0,0" mass="1" elasticityCoef="1" ang="90,0,0" color="0,220,0" radius="0.5" length="4" />
		<capsule pos="-19.549999999999997,-41.25,-10.349999999999994" vel="0,0,0" mass="1" elasticityCoef="1" ang="90,0,0" color="0,220,0" radius="0.5" length="4" />
		<capsule pos="-19.549999999999997,-41.25,-8.049999999999997" vel="0,0,0" mass="1" elasticityCoef="1" ang="90,0,0" color="0,220,0" radius="0.5" length="4" />
		<capsule pos="-19.549999999999997,-41.25,-5.7499999999999964" vel="0,0,0" mass="1" elasticityCoef="1" ang="90,0,0" color="0,220,0" radius="0.5" length="4" />
		<capsule pos="-19.549999999999997,-41.25,-3.4499999999999957" vel="0,0,0" mass="1" elasticityCoef="1" ang="90,0,0" color="0,220,0" radius="0.5" length="4" />
		<capsule pos="-19.549999999999997,-41.25,-1.1499999999999986" vel="0,0,0" mass="1" elasticityCoef="1" ang="90,0,0" color="0,220,0" radius="0.5" length="4" />
		<capsule pos="-19.549999999999997,-41.25,1.1500000000000057" vel="0,0,0" mass="1" elasticityCoef="1" ang="90,0,0" color="0,220,0" radius="0.5" length="4" />
		<capsule pos="-19.549999999999997,-41.25,3.450000000000003" vel="0,0,0" mass="1" elasticityCoef="1" ang="90,0,0" color="0,220,0" radius="0.5" length="4" />
		<capsule pos="-19.549999999999997,-41.25,5.75" vel="0,0,0" mass="1" elasticityCoef="1" ang="90,0,0" color="0,220,0" radius="0.5" length="4" />
		<capsule pos="-19.549999999999997,-41.25,8.050000000000004" vel="0,0,0" mass="1" elasticityCoef="1" ang="90,0,0" color="0,220,0" radius="0.5" length="4" />
		<capsule pos="-19.549999999999997,-41.25,10.350000000000001" vel="0,0,0" mass="1" elasticityCoef="1" ang="90,0,0" color="0,220,0" radius="0.5" length="4" />
		<capsule pos="-19.549999999999997,-41.25,12.650000000000006" vel="0,0,0" mass="1" elasticityCoef="1" ang="90,0,0" color="0,220,0" radius="0.5" length="4" />
		<capsule pos="-19.549999999999997,-41.25,14.950000000000003" vel="0,0,0" mass="1" elasticityCoef="1" ang="90,0,0" color="0,220,0" radius="0.5" length="4" />
		<capsule pos="-19.549999999999997,-41.25,17.25" vel="0,0,0" mass="1" elasticityCoef="1" ang="90,0,0" color="0,220,0" radius="0.5" length="4" />
		<capsule pos="-19.549999999999997,-41.25,19.550000000000004" vel="0,0,0" mass="1" elasticityCoef="1" ang="90,0,0" color="0,220,0" radius="0.5" length="4" />
		<capsule pos="-19.549999999999997,-41.25,21.85" vel="0,0,0" mass="1" elasticityCoef="1" ang="90,0,0" color="0,220,0" radius="0.5" length="4" />
		<capsule pos="-19.549999999999997,-41.25,24.15" vel="0,0,0" mass="1" elasticityCoef="1" ang="90,0,0" color="0,220,0" radius="0.5" length="4" />
		<capsule pos="-19.549999999999997,-41.25,26.450000000000003" vel="0,0,0" mass="1" elasticityCoef="1" ang="90,0,0" color="0,220,0" radius="0.5" length="4" />
		<capsule pos="-19.549999999999997,-41.25,28.75" vel="0,0,0" mass="1" elasticityCoef="1" ang="90,0,0" color="0,220,0" radius="0.5" length="4" />
		<capsule pos="-19.549999999999997,-41.25,31.049999999999997" vel="0,0,0" mass="1" elasticityCoef="1" ang="90,0,0" color="0,220,0" radius="0.5" length="4" />
		<capsule pos="-19.549999999999997,-35.75,-33.349999999999994" vel="0,0,0" mass="1" elasticityCoef="1" ang="90,0,0" color="0,220,0" radius="0.5" length="4" />
		<capsule pos="-19.549999999999997,-35.75,-31.049999999999994" vel="0,0,0" mass="1" elasticityCoef="1" ang="90,0,0" color="0,220,0" radius="0.5" length="4" />
		<capsule pos="-19.549999999999997,-35.75,-28.749999999999993" vel="0,0,0" mass="1" elasticityCoef="1" ang="90,0,0" color="0,220,0" radius="0.5" length="4" />
		<capsule pos="-19.549999999999997,-35.75,-26.449999999999996" vel="0,0,0" mass="1" elasticityCoef="1" ang="90,0,0" color="0,220,0" radius="0.5" length="4" />
		<capsule pos="-19.549999999999997,-35.75,-24.149999999999995" vel="0,0,0" mass="1" elasticityCoef="1" ang="90,0,0" color="0,220,0" radius="0.5" length="4" />
		<capsule pos="-19.549999999999997,-35.75,-21.849999999999994" vel="0,0,0" mass="1" elasticityCoef="1" ang="90,0,0" color="0,220,0" radius="0.5" length="4" />
		<capsule pos="-19.549999999999997,-35.75,-19.549999999999997" vel="0,0,0" mass="1" elasticityCoef="1" ang="90,0,0" color="0,220,0" radius="0.5" length="4" />
		<capsule pos="-19.549999999999997,-35.75,-17.249999999999996" vel="0,0,0" mass="1" elasticityCoef="1" ang="90,0,0" color="0,220,0" radius="0.5" length="4" />
		<capsule pos="-19.549999999999997,-35.75,-14.949999999999996" vel="0,0,0" mass="1" elasticityCoef="1" ang="90,0,0" color="0,220,0" radius="0.5" length="4" />
		<capsule pos="-19.549999999999997,-35.75,-12.649999999999995" vel="0,0,0" mass="1" elasticityCoef="1" ang="90,0,0" color="0,220,0" radius="0.5" length="4" />
		<capsule pos="-19.549999999999997,-35.75,-10.349999999999994" vel="0,0,0" mass="1" elasticityCoef="1" ang="90,0,0" color="0,220,0" radius="0.5" length="4" />
		<capsule pos="-19.549999999999997,-35.75,-8.049999999999997" vel="0,0,0" mass="1" elasticityCoef="1" ang="90,0,0" color="0,220,0" radius="0.5" length="4" />
		<capsule pos="-19.549999999999997,-35.75,-5.7499999999999964" vel="0,0,0" mass="1" elasticityCoef="1" ang="90,0,0" color="0,220,0" radius="0.5" length="4" />
		<capsule pos="-19.549999999999997,-35.75,-3.4499999999999957" vel="0,0,0" mass="1" elasticityCoef="1" ang="90,0,0" color="0,220,0" radius="0.5" length="4" />
		<capsule pos="-19.549999999999997,-35.75,-1.1499999999999986" vel="0,0,0" mass="1" elasticityCoef="1" ang="90,0,0" color="0,220,0" radius="0.5" length="4" />
		<capsule pos="-19.549999999999997,-35.75,1.1500000000000057" vel="0,0,0" mass="1" elasticityCoef="1" ang="90,0,0" color="0,220,0" radius="0.5" length="4" />
		<capsule pos="-19.549999999999997,-35.75,3.450000000000003" vel="0,0,0" mass="1" elasticityCoef="1" ang="90,0,0" color="0,220,0" radius="0.5" length="4" />
		<capsule pos="-19.549999999999997,-35.75,5.75" vel="0,0,0" mass="1" elasticityCoef="1" ang="90,0,0" color="0,220,0" radius="0.5" length="4" />
		<capsule pos="-19.549999999999997,-35.75,8.050000000000004" vel="0,0,0" mass="1" elasticityCoef="1" ang="90,0,0" color="0,220,0" radius="0.5" length="4" />
		<capsule pos="-19.549999999999997,-35.75,10.350000000000001" vel="0,0,0" mass="1" elasticityCoef="1" ang="90,0,0" color="0,220,0" radius="0.5" length="4" />
		<capsule pos="-19.549999999999997,-35.75,12.650000000000006" vel="0,0,0" mass="1" elasticityCoef="1" ang="90,0,0" color="0,220,0" radius="0.5" length="4" />
		<capsule pos="-19.549999999999997,-35.75,14.950000000000003" vel="0,0,0" mass="1" elasticityCoef="1" ang="90,0,0" color="0,220,0" radius="0.5" length="4" />
		<capsule pos="-19.549999999999997,-35.75,17.25" vel="0,0,0" mass="1" elasticityCoef="1" ang="90,0,0" color="0,220,0" radius="0.5" length="4" />
		<capsule pos="-19.549999999999997,-35.75,19.550000000000004" vel="0,0,0" mass="1" elasticityCoef="1" ang="90,0,0" color="0,220,0" radius="0.5" length="4" />
		<capsule pos="-19.549999999999997,-35.75,21.85" vel="0,0,0" mass="1" elasticityCoef="1" ang="90,0,0" color="0,220,0" radius="0.5" length="4" />
		<capsule pos="-19.549999999999997,-35.75,24.15" vel="0,0,0" mass="1" elasticityCoef="1" ang="90,0,0" color="0,220,0" radius="0.5" length="4" />
		<capsule pos="-19.549999999999997,-35.75,26.450000000000003" vel="0,0,0" mass="1" elasticityCoef="1" ang="90,0,0" color="0,220,0" radius="0.5" length="4" />
		<capsule pos="-19.549999999999997,-35.75,28.75" vel="0,0,0" mass="1" elasticityCoef="1" ang="90,0,0" color="0,220,0" radius="0.5" length="4" />
		<capsule pos="-19.549999999999997,-35.75,31.049999999999997" vel="0,0,0" mass="1" elasticityCoef="1" ang="90,0,0" color="0,220,0" radius="0.5" length="4" />
		<capsule pos="-19.549999999999997,-30.25,-33.349999999999994" vel="0,0,0" mass="1" elasticityCoef="1" ang="90,0,0" color="0,220,0" radius="0.5" length="4" />
		<capsule pos="-19.549999999999997,-30.25,-31.049999999999994" vel="0,0,0" mass="1" elasticityCoef="1" ang="90,0,0" color="0,220,0" radius="0.5" length="4" />
		<capsule pos="-19.549999999999997,-30.25,-28.749999999999993" vel="0,0,0" mass="1" elasticityCoef="1" ang="90,0,0" color="0,220,0" radius="0.5" length="4" />
		<capsule pos="-19.549999999999997,-30.25,-26.449999999999996" vel="0,0,0" mass="1" elasticityCoef="1" ang="90,0,0" color="0,220,0" radius="0.5" length="4" />
		<capsule pos="-19.549999999999997,-30.25,-24.149999999999995" vel="0,0,0" mass="1" elasticityCoef="1" ang="90,0,0" color="0,220,0" radius="0.5" length="4" />
		<capsule pos="-19.549999999999997,-30.25,-21.849999999999994" vel="0,0,0" mass="1" elasticityCoef="1" ang="90,0,0" color="0,220,0" radius="0.5" length="4" />
		<capsule pos="-19.549999999999997,-30.25,-19.549999999999997" vel="0,0,0" mass="1" elasticityCoef="1" ang="90,0,0" color="0,220,0" radius="0.5" length="4" />
		<capsule pos="-19.549999999999997,-30.25,-17.249999999999996" vel="0,0,0" mass="1" elasticityCoef="1" ang="90,0,0" color="0,220,0" radius="0.5" length="4" />
		<capsule pos="-19.549999999999997,-30.25,-14.949999999999996" vel="0,0,0" mass="1" elasticityCoef="1" ang="90,0,0" color="0,220,0" radius="0.5" length="4" />
		<capsule pos="-19.549999999999997,-30.25,-12.649999999999995" vel="0,0,0" mass="1" elasticityCoef="1" ang="90,0,0" color="0,220,0" radius="0.5" length="4" />
		<capsule pos="-19.549999999999997,-30.25,-10.349999999999994" vel="0,0,0" mass="1" elasticityCoef="1" ang="90,0,0" color="0,220,0" radius="0.5" length="4" />
		<capsule pos="-19.549999999999997,-30.25,-8.049999999999997" vel="0,0,0" mass="1" elasticityCoef="1" ang="90,0,0" color="0,220,0" radius="0.5" length="4" />
		<capsule pos="-19.549999999999997,-30.25,-5.7499999999999964" vel="0,0,0" mass="1" elasticityCoef="1" ang="90,0,0" color="0,220,0" radius="0.5" length="4" />
		<capsule pos="-19.549999999999997,-30.25,-3.4499999999999957" vel="0,0,0" mass="1" elasticityCoef="1" ang="90,0,0" color="0,220,0" radius="0.5" length="4" />
		<capsule pos="-19.549999999999997,-30.25,-1.1499999999999986" vel="0,0,0" mass="1" elasticityCoef="1" ang="90,0,0" color="0,220,0" radius="0.5" length="4" />
		<capsule pos="-19.549999999999997,-30.25,1.1500000000000057" vel="0,0,0" mass="1" elasticityCoef="1" ang="90,0,0" color="0,220,0" radius="0.5" length="4" />
		<capsule pos="-19.549999999999997,-30.25,3.450000000000003" vel="0,0,0" mass="1" elasticityCoef="1" ang="90,0,0" color="0,220,0" radius="0.5" length="4" />
		<capsule pos="-19.549999999999997,-30.25,5.75" vel="0,0,0" mass="1" elasticityCoef="1" ang="90,0,0" color="0,220,0" radius="0.5" length="4" />
		<capsule pos="-19.549999999999997,-30.25,8.050000000000004" vel="0,0,0" mass="1" elasticityCoef="1" ang="90,0,0" color="0,220,0" radius="0.5" length="4" />
		<capsule pos="-19.549999999999997,-30.25,10.350000000000001" vel="0,0,0" mass="1" elasticityCoef="1" ang="90,0,0" color="0,220,0" radius="0.5" length="4" />
		<capsule pos="-19.549999999999997,-30.25,12.650000000000006" vel="0,0,0" mass="1" elasticityCoef="1" ang="90,0,0" color="0,220,0" radius="0.5" length="4" />
		<capsule pos="-19.549999999999997,-30.25,14.950000000000003" vel="0,0,0" mass="1" elasticityCoef="1" ang="90,0,0" color="0,220,0" radius="0.5" length="4" />
		<capsule pos="-19.549999999999997,-30.25,17.25" vel="0,0,0" mass="1" elasticityCoef="1" ang="90,0,0" color="0,220,0" radius="0.5" length="4" />
		<capsule pos="-19.549999999999997,-30.25,19.550000000000004" vel="0,0,0" mass="1" elasticityCoef="1" ang="90,0,0" color="0,220,0" radius="0.5" length="4" />
		<capsule pos="-19.549999999999997,-30.25,21.85" vel="0,0,0" mass="1" elasticityCoef="1" ang="90,0,0" color="0,220,0" radius="0.5" length="4" />
		<capsule pos="-19.549999999999997,-30.25,24.15" vel="0,0,0" mass="1" elasticityCoef="1" ang="90,0,0" color="0,220,0" radius="0.5" length="4" />
		<capsule pos="-19.549999999999997,-30.25,26.450000000000003" vel="0,0,0" mass="1" elasticityCoef="1" ang="90,0,0" color="0,220,0" radius="0.5" length="4" />
		<capsule pos="-19.549999999999997,-30.25,28.75" vel="0,0,0" mass="1" elasticityCoef="1" ang="90,0,0" color="0,220,0" radius="0.5" length="4" />
		<capsule pos="-19.549999999999997,-30.25,31.049999999999997" vel="0,0,0" mass="1" elasticityCoef="1" ang="90,0,0" color="0,220,0" radius="0.5" length="4" />
		<capsule pos="-19.549999999999997,-24.75,-33.349999999999994" vel="0,0,0" mass="1" elasticityCoef="1" ang="90,0,0" color="0,220,0" radius="0.5" length="4" />
		<capsule pos="-19.549999999999997,-24.75,-31.049999999999994" vel="0,0,0" mass="1" elasticityCoef="1" ang="90,0,0" color="0,220,0" radius="0.5" length="4" />
		<capsule pos="-19.549999999999997,-24.75,-28.749999999999993" vel="0,0,0" mass="1" elasticityCoef="1" ang="90,0,0" color="0,220,0" radius="0.5" length="4" />
		<capsule pos="-19.549999999999997,-24.75,-26.449999999999996" vel="0,0,0" mass="1" elasticityCoef="1" ang="90,0,0" color="0,220,0" radius="0.5" length="4" />
		<capsule pos="-19.549999999999997,-24.75,-24.149999999999995" vel="0,0,0" mass="1" elasticityCoef="1" ang="90,0,0" color="0,220,0" radius="0.5" length="4" />
		<capsule pos="-19.549999999999997,-24.75,-21.849999999999994" vel="0,0,0" mass="1" elasticityCoef="1" ang="90,0,0" color="0,220,0" radius="0.5" length="4" />
		<capsule pos="-19.549999999999997,-24.75,-19.549999999999997" vel="0,0,0" mass="1" elasticityCoef="1" ang="90,0,0" color="0,220,0" radius="0.5" length="4" />
		<capsule pos="-19.549999999999997,-24.75,-17.249999999999996" vel="0,0,0" mass="1" elasticityCoef="1" ang="90,0,0" color="0,220,0" radius="0.5" length="4" />
		<capsule pos="-19.549999999999997,-24.75,-14.949999999999996" vel="0,0,0" mass="1" elasticityCoef="1" ang="90,0,0" color="0,220,0" radius="0.5" length="4" />
		<capsule pos="-19.549999999999997,-24.75,-12.649999999999995" vel="0,0,0" mass="1" elasticityCoef="1" ang="90,0,0" color="0,220,0" radius="0.5" length="4" />
		<capsule pos="-19.549999999999997,-24.75,-10.349999999999994" vel="0,0,0" mass="1" elasticityCoef="1" ang="90,0,0" color="0,220,0" radius="0.5" length="4" />
		<capsule pos="-19.549999999999997,-24.75,-8.049999999999997" vel="0,0,0" mass="1" elasticityCoef="1" ang="90,0,0" color="0,220,0" radius="0.5" length="4" />
		<capsule pos="-19.549999999999997,-24.75,-5.7499999999999964" vel="0,0,0" mass="1" elasticityCoef="1" ang="90,0,0" color="0,220,0" radius="0.5" length="4" />
		<capsule pos="-19.549999999999997,-24.75,-3.4499999999999957" vel="0,0,0" mass="1" elasticityCoef="1" ang="90,0,0" color="0,220,0" radius="0.5" length="4" />
		<capsule pos="-19.549999999999997,-24.75,-1.1499999999999986" vel="0,0,0" mass="1" elasticityCoef="1" ang="90,0,0" color="0,220,0" radius="0.5" length="4" />
		<capsule pos="-19.549999999999997,-24.75,1.1500000000000057" vel="0,0,0" mass="1" elasticityCoef="1" ang="90,0,0" color="0,220,0" radius="0.5" length="4" />
		<capsule pos="-19.549999999999997,-24.75,3.450000000000003" vel="0,0,0" mass="1" elasticityCoef="1" ang="90,0,0" color="0,220,0" radius="0.5" length="4" />
		<capsule pos="-19.549999999999997,-24.75,5.75" vel="0,0,0" mass="1" elasticityCoef="1" ang="90,0,0" color="0,220,0" radius="0.5" length="4" />
		<capsule pos="-19.549999999999997,-24.75,8.050000000000004" vel="0,0,0" mass="1" elasticityCoef="1" ang="90,0,0" color="0,220,0" radius="0.5" length="4" />
		<capsule pos="-19.549999999999997,-24.75,10.350000000000001" vel="0,0,0" mass="1" elasticityCoef="1" ang="90,0,0" color="0,220,0" radius="0.5" length="4" />
		<capsule pos="-19.549999999999997,-24.75,12.650000000000006" vel="0,0,0" mass="1" elasticityCoef="1" ang="90,0,0" color="0,220,0" radius="0.5" length="4" />
		<capsule pos="-19.549999999999997,-24.75,14.950000000000003" vel="0,0,0" mass="1" elasticityCoef="1" ang="90,0,0" color="0,220,0" radius="0.5" length="4" />
		<capsule pos="-19.549999999999997,-24.75,17.25" vel="0,0,0" mass="1" elasticityCoef="1" ang="90,0,0" color="0,220,0" radius="0.5" length="4" />
		<capsule pos="-19.549999999999997,-24.75,19.550000000000004" vel="0,0,0" mass="1" elasticityCoef="1" ang="90,0,0" color="0,220,0" radius="0.5" length="4" />
		<capsule pos="-19.549999999999997,-24.75,21.85" vel="0,0,0" mass="1" elasticityCoef="1" ang="90,0,0" color="0,220,0" radius="0.5" length="4" />
		<capsule pos="-19.549999999999997,-24.75,24.15" vel="0,0,0" mass="1" elasticityCoef="1" ang="90,0,0" color="0,220,0" radius="0.5" length="4" />
		<capsule pos="-19.549999999999997,-24.75,26.450000000000003" vel="0,0,0" mass="1" elasticityCoef="1" ang="90,0,0" color="0,220,0" radius="0.5" length="4" />
		<capsule pos="-19.549999999999997,-24.75,28.75" vel="0,0,0" mass="1" elasticityCoef="1" ang="90,0,0" color="0,220,0" radius="0.5" length="4" />
		<capsule pos="-19.549999999999997,-24.75,31.049999999999997" vel="0,0,0" mass="1" elasticityCoef="1" ang="90,0,0" color="0,220,0" radius="0.5" length="4" />
		<capsule pos="-19.549999999999997,-19.25,-33.349999999999994" vel="0,0,0" mass="1" elasticityCoef="1" ang="90,0,0" color="0,220,0" radius="0.5" length="4" />
		<capsule pos="-19.549999999999997,-19.25,-31.049999999999994" vel="0,0,0" mass="1" elasticityCoef="1" ang="90,0,0" color="0,220,0" radius="0.5" length="4" />
		<capsule pos="-19.549999999999997,-19.25,-28.749999999999993" vel="0,0,0" mass="1" elasticityCoef="1" ang="90,0,0" color="0,220,0" radius="0.5" length="4" />
		<capsule pos="-19.549999999999997,-19.25,-26.449999999999996" vel="0,0,0" mass="1" elasticityCoef="1" ang="90,0,0" color="0,220,0" radius="0.5" length="4" />
		<capsule pos="-19.549999999999997,-19.25,-24.149999999999995" vel="0,0,0" mass="1" elasticityCoef="1" ang="90,0,0" color="0,220,0" radius="0.5" length="4" />
		<capsule pos="-19.549999999999997,-19.25,-21.849999999999994" vel="0,0,0" mass="1" elasticityCoef="1" ang="90,0,0" color="0,220,0" radius="0.5" length="4" />
		<capsule pos="-19.549999999999997,-19.25,-19.549999999999997" vel="0,0,0" mass="1" elasticityCoef="1" ang="90,0,0" color="0,220,0" radius="0.5" length="4" />
		<capsule pos="-19.549999999999997,-19.25,-17.249999999999996" vel="0,0,0" mass="1" elasticityCoef="1" ang="90,0,0" color="0,220,0" radius="0.5" length="4" />
		<capsule pos="-19.549999999999997,-19.25,-14.949999999999996" vel="0,0,0" mass="1" elasticityCoef="1" ang="90,0,0" color="0,220,0" radius="0.5" length="4" />
		<capsule pos="-19.549999999999997,-19.25,-12.649999999999995" vel="0,0,0" mass="1" elasticityCoef="1" ang="90,0,0" color="0,220,0" radius="0.5" length="4" />
		<capsule pos="-19.549999999999997,-19.25,-10.349999999999994" vel="0,0,0" mass="1" elasticityCoef="1" ang="90,0,0" color="0,220,0" radius="0.5" length="4" />
		<capsule pos="-19.549999999999997,-19.25,-8.049999999999997" vel="0,0,0" mass="1" elasticityCoef="1" ang="90,0,0" color="0,220,0" radius="0.5" length="4" />
		<capsule pos="-19.549999999999997,-19.25,-5.7499999999999964" vel="0,0,0" mass="1" elasticityCoef="1" ang="90,0,0" color="0,220,0" radius="0.5" length="4" />
		<capsule pos="-19.549999999999997,-19.25,-3.4499999999999957" vel="0,0,0" mass="1" elasticityCoef="1" ang="90,0,0" color="0,220,0" radius="0.5" length="4" />
		<capsule pos="-19.549999999999997,-19.25,-1.1499999999999986" vel="0,0,0" mass="1" elasticityCoef="1" ang="90,0,0" color="0,220,0" radius="0.5" length="4" />
		<capsule pos="-19.549999999999997,-19.25,1.1500000000000057" vel="0,0,0" mass="1" elasticityCoef="1" ang="90,0,0" color="0,220,0" radius="0.5" length="4" />
		<capsule pos="-19.549999999999997,-19.25,3.450000000000003" vel="0,0,0" mass="1" elasticityCoef="1" ang="90,0,0" color="0,220,0" radius="0.5" length="4" />
		<capsule pos="-19.549999999999997,-19.25,5.75" vel="0,0,0" mass="1" elasticityCoef="1" ang="90,0,0" color="0,220,0" radius="0.5" length="4" />
		<capsule pos="-19.549999999999997,-19.25,8.050000000000004" vel="0,0,0" mass="1" elasticityCoef="1" ang="90,0,0" color="0,220,0" radius="0.5" length="4" />
		<capsule pos="-19.549999999999997,-19.25,10.350000000000001" vel="0,0,0" mass="1" elasticityCoef="1" ang="90,0,0" color="0,220,0" radius="0.5" length="4" />
		<capsule pos="-19.549999999999997,-19.25,12.650000000000006" vel="0,0,0" mass="1" elasticityCoef="1" ang="90,0,0" color="0,220,0" radius="0.5" length="4" />
		<capsule pos="-19.549999999999997,-19.25,14.950000000000003" vel="0,0,0" mass="1" elasticityCoef="1" ang="90,0,0" color="0,220,0" radius="0.5" length="4" />
		<capsule pos="-19.549999999999997,-19.25,17.25" vel="0,0,0" mass="1" elasticityCoef="1" ang="90,0,0" color="0,220,0" radius="0.5" length="4" />
		<capsule pos="-19.549999999999997,-19.25,19.550000000000004" vel="0,0,0" mass="1" elasticityCoef="1" ang="90,0,0" color="0,220,0" radius="0.5" length="4" />
		<capsule pos="-19.549999999999997,-19.25,21.85" vel="0,0,0" mass="1" elasticityCoef="1" ang="90,0,0" color="0,220,0" radius="0.5" length="4" />
		<capsule pos="-19.549999999999997,-19.25,24.15" vel="0,0,0" mass="1" elasticityCoef="1" ang="90,0,0" color="0,220,0" radius="0.5" length="4" />
		<capsule pos="-19.549999999999997,-19.25,26.450000000000003" vel="0,0,0" mass="1" elasticityCoef="1" ang="90,0,0" color="0,220,0" radius="0.5" length="4" />
		<capsule pos="-19.549999999999997,-19.25,28.75" vel="0,0,0" mass="1" elasticityCoef="1" ang="90,0,0" color="0,220,0" radius="0.5" length="4" />
		<capsule pos="-19.549999999999997,-19.25,31.049999999999997" vel="0,0,0" mass="1" elasticityCoef="1" ang="90,0,0" color="0,220,0" radius="0.5" length="4" />
		<capsule pos="-19.549999999999997,-13.75,-33.349999999999994" vel="0,0,0" mass="1" elasticityCoef="1" ang="90,0,0" color="0,220,0" radius="0.5" length="4" />
		<capsule pos="-19.549999999999997,-13.75,-31.049999999999994" vel="0,0,0" mass="1" elasticityCoef="1" ang="90,0,0" color="0,220,0" radius="0.5" length="4" />
		<capsule pos="-19.549999999999997,-13.75,-28.749999999999993" vel="0,0,0" mass="1" elasticityCoef="1" ang="90,0,0" color="0,220,0" radius="0.5" length="4" />
		<capsule pos="-19.549999999999997,-13.75,-26.449999999999996" vel="0,0,0" mass="1" elasticityCoef="1" ang="90,0,0" color="0,220,0" radius="0.5" length="4" />
		<capsule pos="-19.549999999999997,-13.75,-24.149999999999995" vel="0,0,0" mass="1" elasticityCoef="1" ang="90,0,0" color="0,220,0" radius="0.5" length="4" />
		<capsule pos="-19.549999999999997,-13.75,-21.849999999999994" vel="0,0,0" mass="1" elasticityCoef="1" ang="90,0,0" color="0,220,0" radius="0.5" length="4" />
		<capsule pos="-19.549999999999997,-13.75,-19.549999999999997" vel="0,0,0" mass="1" elasticityCoef="1" ang="90,0,0" color="0,220,0" radius="0.5" length="4" />
		<capsule pos="-19.549999999999997,-13.75,-17.249999999999996" vel="0,0,0" mass="1" elasticityCoef="1" ang="90,0,0" color="0,220,0" radius="0.5" length="4" />
		<capsule pos="-19.549999999999997,-13.75,-14.949999999999996" vel="0,0,0" mass="1" elasticityCoef="1" ang="90,0,0" color="0,220,0" radius="0.5" length="4" />
		<capsule pos="-19.549999999999997,-13.75,-12.649999999999995" vel="0,0,0" mass="1" elasticityCoef="1" ang="90,0,0" color="0,220,0" radius="0.5" length="4" />
		<capsule pos="-19.549999999999997,-13.75,-10.349999999999994" vel="0,0,0" mass="1" elasticityCoef="1" ang="90,0,0" color="0,220,0" radius="0.5" length="4" />
		<capsule pos="-19.549999999999997,-13.75,-8.049999999999997" vel="0,0,0" mass="1" elasticityCoef="1" ang="90,0,0" color="0,220,0" radius="0.5" length="4" />
		<capsule pos="-19.549999999999997,-13.75,-5.7499999999999964" vel="0,0,0" mass="1" elasticityCoef="1" ang="90,0,0" color="0,220,0" radius="0.5" length="4" />
		<capsule pos="-19.549999999999997,-13.75,-3.4499999999999957" vel="0,0,0" mass="1" elasticityCoef="1" ang="90,0,0" color="0,220,0" radius="0.5" length="4" />
		<capsule pos="-19.549999999999997,-13.75,-1.1499999999999986" vel="0,0,0" mass="1" elasticityCoef="1" ang="90,0,0" color="0,220,0" radius="0.5" length="4" />
		<capsule pos="-19.549999999999997,-13.75,1.1500000000000057" vel="0,0,0" mass="1" elasticityCoef="1" ang="90,0,0" color="0,220,0" radius="0.5" length="4" />
		<capsule pos="-19.549999999999997,-13.75,3.450000000000003" vel="0,0,0" mass="1" elasticityCoef="1" ang="90,0,0" color="0,220,0" radius="0.5" length="4" />
		<capsule pos="-19.549999999999997,-13.75,5.75" vel="0,0,0" mass="1" elasticityCoef="1" ang="90,0,0" color="0,220,0" radius="0.5" length="4" />
		<capsule pos="-19.549999999999997,-13.75,8.050000000000004" vel="0,0,0" mass="1" elasticityCoef="1" ang="90,0,0" color="0,220,0" radius="0.5" length="4" />
		<capsule pos="-19.549999999999997,-13.75,10.350000000000001" vel="0,0,0" mass="1" elasticityCoef="1" ang="90,0,0" color="0,220,0" radius="0.5" length="4" />
		<capsule pos="-19.549999999999997,-13.75,12.650000000000006" vel="0,0,0" mass="1" elasticityCoef="1" ang="90,0,0" color="0,220,0" radius="0.5" length="4" />
		<capsule pos="-19.549999999999997,-13.75,14.950000000000003" vel="0,0,0" mass="1" elasticityCoef="1" ang="90,0,0" color="0,220,0" radius="0.5" length="4" />
		<capsule pos="-19.549999999999997,-13.75,17.25" vel="0,0,0" mass="1" elasticityCoef="1" ang="90,0,0" color="0,220,0" radius="0.5" length="4" />
		<capsule pos="-19.549999999999997,-13.75,19.550000000000004" vel="0,0,0" mass="1" elasticityCoef="1" ang="90,0,0" color="0,220,0" radius="0.5" length="4" />
		<capsule pos="-19.549999999999997,-13.75,21.85" vel="0,0,0" mass="1" elasticityCoef="1" ang="90,0,0" color="0,220,0" radius="0.5" length="4" />
		<capsule pos="-19.549999999999997,-13.75,24.15" vel="0,0,0" mass="1" elasticityCoef="1" ang="90,0,0" color="0,220,0" radius="0.5" length="4" />
		<capsule pos="-19.549999999999997,-13.75,26.450000000000003" vel="0,0,0" mass="1" elasticityCoef="1" ang="90,0,0" color="0,220,0" radius="0.5" length="4" />
		<capsule pos="-19.549999999999997,-13.75,28.75" vel="0,0,0" mass="1" elasticityCoef="1" ang="90,0,0" color="0,220,0" radius="0.5" length="4" />
		<capsule pos="-19.549999999999997,-13.75,31.049999999999997" vel="0,0,0" mass="1" elasticityCoef="1" ang="90,0,0" color="0,220,0" radius="0.5" length="4" />
		<capsule pos="-19.549999999999997,-8.25,-33.349999999999994" vel="0,0,0" mass="1" elasticityCoef="1" ang="90,0,0" color="0,220,0" radius="0.5" length="4" />
		<capsule pos="-19.549999999999997,-8.25,-31.049999999999994" vel="0,0,0" mass="1" elasticityCoef="1" ang="90,0,0" color="0,220,0" radius="0.5" length="4" />
		<capsule pos="-19.549999999999997,-8.25,-28.749999999999993" vel="0,0,0" mass="1" elasticityCoef="1" ang="90,0,0" color="0,220,0" radius="0.5" length="4" />
		<capsule pos="-19.549999999999997,-8.25,-26.449999999999996" vel="0,0,0" mass="1" elasticityCoef="1" ang="90,0,0" color="0,220,0" radius="0.5" length="4" />
		<capsule pos="-19.549999999999997,-8.25,-24.149999999999995" vel="0,0,0" mass="1" elasticityCoef="1" ang="90,0,0" color="0,220,0" radius="0.5" length="4" />
		<capsule pos="-19.549999999999997,-8.25,-21.849999999999994" vel="0,0,0" mass="1" elasticityCoef="1" ang="90,0,0" color="0,220,0" radius="0.5" length="4" />
		<capsule pos="-19.549999999999997,-8.25,-19.549999999999997" vel="0,0,0" mass="1" elasticityCoef="1" ang="90,0,0" color="0,220,0" radius="0.5" length="4" />
		<capsule pos="-19.549999999999997,-8.25,-17.249999999999996" vel="0,0,0" mass="1" elasticityCoef="1" ang="90,0,0" color="0,220,0" radius="0.5" length="4" />
		<capsule pos="-19.549999999999997,-8.25,-14.949999999999996" vel="0,0,0" mass="1" elasticityCoef="1" ang="90,0,0" color="0,220,0" radius="0.5" length="4" />
		<capsule pos="-19.549999999999997,-8.25,-12.649999999999995" vel="0,0,0" mass="1" elasticityCoef="1" ang="90,0,0" color="0,220,0" radius="0.5" length="4" />
		<capsule pos="-19.549999999999997,-8.25,-10.349999999999994" vel="0,0,0" mass="1" elasticityCoef="1" ang="90,0,0" color="0,220,0" radius="0.5" length="4" />
		<capsule pos="-19.549999999999997,-8.25,-8.049999999999997" vel="0,0,0" mass="1" elasticityCoef="1" ang="90,0,0" color="0,220,0" radius="0.5" length="4" />
		<capsule pos="-19.549999999999997,-8.25,-5.7499999999999964" vel="0,0,0" mass="1" elasticityCoef="1" ang="90,0,0" color="0,220,0" radius="0.5" length="4" />
		<capsule pos="-19.549999999999997,-8.25,-3.4499999999999957" vel="0,0,0" mass="1" elasticityCoef="1" ang="90,0,0" color="0,220,0" radius="0.5" length="4" />
		<capsule pos="-19.549999999999997,-8.25,-1.1499999999999986" vel="0,0,0" mass="1" elasticityCoef="1" ang="90,0,0" color="0,220,0" radius="0.5" length="4" />
		<capsule pos="-19.549999999999997,-8.25,1.1500000000000057" vel="0,0,0" mass="1" elasticityCoef="1" ang="90,0,0" color="0,220,0" radius="0.5" length="4" />
		<capsule pos="-19.549999999999997,-8.25,3.450000000000003" vel="0,0,0" mass="1" elasticityCoef="1" ang="90,0,0" color="0,220,0" radius="0.5" length="4" />
		<capsule pos="-19.549999999999997,-8.25,5.75" vel="0,0,0" mass="1" elasticityCoef="1" ang="90,0,0" color="0,220,0" radius="0.5" length="4" />
		<capsule pos="-19.549999999999997,-8.25,8.050000000000004" vel="0,0,0" mass="1" elasticityCoef="1" ang="90,0,0" color="0,220,0" radius="0.5" length="4" />
		<capsule pos="-19.549999999999997,-8.25,10.350000000000001" vel="0,0,0" mass="1" elasticityCoef="1" ang="90,0,0" color="0,220,0" radius="0.5" length="4" />
		<capsule pos="-19.549999999999997,-8.25,12.650000000000006" vel="0,0,0" mass="1" elasticityCoef="1" ang="90,0,0" color="0,220,0" radius="0.5" length="4" />
		<capsule pos="-19.549999999999997,-8.25,14.950000000000003" vel="0,0,0" mass="1" elasticityCoef="1" ang="90,0,0" color="0,220,0" radius="0.5" length="4" />
		<capsule pos="-19.549999999999997,-8.25,17.25" vel="0,0,0" mass="1" elasticityCoef="1" ang="90,0,0" color="0,220,0" radius="0.5" length="4" />
		<capsule pos="-19.549999999999997,-8.25,19.550000000000004" vel="0,0,0" mass="1" elasticityCoef="1" ang="90,0,0" color="0,220,0" radius="0.5" length="4" />
		<capsule pos="-19.549999999999997,-8.25,21.85" vel="0,0,0" mass="1" elasticityCoef="1" ang="90,0,0" color="0,220,0" radius="0.5" length="4" />
		<capsule pos="-19.549999999999997,-8.25,24.15" vel="0,0,0" mass="1" elasticityCoef="1" ang="90,0,0" color="0,220,0" radius="0.5" length="4" />
		<capsule pos="-19.549999999999997,-8.25,26.450000000000003" vel="0,0,0" mass="1" elasticityCoef="1" ang="90,0,0" color="0,220,0" radius="0.5" length="4" />
		<capsule pos="-19.549999999999997,-8.25,28.75" vel="0,0,0" mass="1" elasticityCoef="1" ang="90,0,0" color="0,220,0" radius="0.5" length="4" />
		<capsule pos="-19.549999999999997,-8.25,31.049999999999997" vel="0,0,0" mass="1" elasticityCoef="1" ang="90,0,0" color="0,220,0" radius="0.5" length="4" />
		<capsule pos="-19.549999999999997,-2.75,-33.349999999999994" vel="0,0,0" mass="1" elasticityCoef="1" ang="90,0,0" color="0,220,0" radius="0.5" length="4" />
		<capsule pos="-19.549999999999997,-2.75,-31.049999999999994" vel="0,0,0" mass="1" elasticityCoef="1" ang="90,0,0" color="0,220,0" radius="0.5" length="4" />
		<capsule pos="-19.549999999999997,-2.75,-28.749999999999993" vel="0,0,0" mass="1" elasticityCoef="1" ang="90,0,0" color="0,220,0" radius="0.5" length="4" />
		<capsule pos="-19.549999999999997,-2.75,-26.449999999999996" vel="0,0,0" mass="1" elasticityCoef="1" ang="90,0,0" color="0,220,0" radius="0.5" length="4" />
		<capsule pos="-19.549999999999997,-2.75,-24.149999999999995" vel="0,0,0" mass="1" elasticityCoef="1" ang="90,0,0" color="0,220,0" radius="0.5" length="4" />
		<capsule pos="-19.549999999999997,-2.75,-21.849999999999994" vel="0,0,0" mass="1" elasticityCoef="1" ang="90,0,0" color="0,220,0" radius="0.5" length="4" />
		<capsule pos="-19.549999999999997,-2.75,-19.549999999999997" vel="0,0,0" mass="1" elasticityCoef="1" ang="90,0,0" color="0,220,0" radius="0.5" length="4" />
		<capsule pos="-19.549999999999997,-2.75,-17.249999999999996" vel="0,0,0" mass="1" elasticityCoef="1" ang="90,0,0" color="0,220,0" radius="0.5" length="4" />
		<capsule pos="-19.549999999999997,-2.75,-14.949999999999996" vel="0,0,0" mass="1" elasticityCoef="1" ang="90,0,0" color="0,220,0" radius="0.5" length="4" />
		<capsule pos="-19.549999999999997,-2.75,-12.649999999999995" vel="0,0,0" mass="1" elasticityCoef="1" ang="90,0,0" color="0,220,0" radius="0.5" length="4" />
		<capsule pos="-19.549999999999997,-2.75,-10.349999999999994" vel="0,0,0" mass="1" elasticityCoef="1" ang="90,0,0" color="0,220,0" radius="0.5" length="4" />
		<capsule pos="-19.549999999999997,-2.75,-8.049999999999997" vel="0,0,0" mass="1" elasticityCoef="1" ang="90,0,0" color="0,220,0" radius="0.5" length="4" />
		<capsule pos="-19.549999999999997,-2.75,-5.7499999999999964" vel="0,0,0" mass="1" elasticityCoef="1" ang="90,0,0" color="0,220,0" radius="0.5" length="4" />
		<capsule pos="-19.549999999999997,-2.75,-3.4499999999999957" vel="0,0,0" mass="1" elasticityCoef="1" ang="90,0,0" color="0,220,0" radius="0.5" length="4" />
		<capsule pos="-19.549999999999997,-2.75,-1.1499999999999986" vel="0,0,0" mass="1" elasticityCoef="1" ang="90,0,0" color="0,220,0" radius="0.5" length="4" />
		<capsule pos="-19.549999999999997,-2.75,1.1500000000000057" vel="0,0,0" mass="1" elasticityCoef="1" ang="90,0,0" color="0,220,0" radius="0.5" length="4" />
		<capsule pos="-19.549999999999997,-2.75,3.450000000000003" vel="0,0,0" mass="1" elasticityCoef="1" ang="90,0,0" color="0,220,0" radius="0.5" length="4" />
		<capsule pos="-19.549999999999997,-2.75,5.75" vel="0,0,0" mass="1" elasticityCoef="1" ang="90,0,0" color="0,220,0" radius="0.5" length="4" />
		<capsule pos="-19.549999999999997,-2.75,8.050000000000004" vel="0,0,0" mass="1" elasticityCoef="1" ang="90,0,0" color="0,220,0" radius="0.5" length="4" />
		<capsule pos="-19.549999999999997,-2.75,10.350000000000001" vel="0,0,0" mass="1" elasticityCoef="1" ang="90,0,0" color="0,220,0" radius="0.5" length="4" />
		<capsule pos="-19.549999999999997,-2.75,12.650000000000006" vel="0,0,0" mass="1" elasticityCoef="1" ang="90,0,0" color="0,220,0" radius="0.5" length="4" />
		<capsule pos="-19.549999999999997,-2.75,14.950000000000003" vel="0,0,0" mass="1" elasticityCoef="1" ang="90,0,0" color="0,220,0" radius="0.5" length="4" />
		<capsule pos="-19.549999999999997,-2.75,17.25" vel="0,0,0" mass="1" elasticityCoef="1" ang="90,0,0" color="0,220,0" radius="0.5" length="4" />
		<capsule pos="-19.549999999999997,-2.75,19.550000000000004" vel="0,0,0" mass="1" elasticityCoef="1" ang="90,0,0" color="0,220,0" radius="0.5" length="4" />
		<capsule pos="-19.549999999999997,-2.75,21.85" vel="0,0,0" mass="1" elasticityCoef="1" ang="90,0,0" color="0,220,0" radius="0.5" length="4" />
		<capsule pos="-19.549999999999997,-2.75,24.15" vel="0,0,0" mass="1" elasticityCoef="1" ang="90,0,0" color="0,220,0" radius="0.5" length="4" />
		<capsule pos="-19.549999999999997,-2.75,26.450000000000003" vel="0,0,0" mass="1" elasticityCoef="1" ang="90,0,0" color="0,220,0" radius="0.5" length="4" />
		<capsule pos="-19.549999999999997,-2.75,28.75" vel="0,0,0" mass="1" elasticityCoef="1" ang="90,0,0" color="0,220,0" radius="0.5" length="4" />
		<capsule pos="-19.549999999999997,-2.75,31.049999999999997" vel="0,0,0" mass="1" elasticityCoef="1" ang="90,0,0" color="0,220,0" radius="0.5" length="4" />
		<capsule pos="-19.549999999999997,2.75,-33.349999999999994" vel="0,0,0" mass="1" elasticityCoef="1" ang="90,0,0" color="0,220,0" radius="0.5" length="4" />
		<capsule pos="-19.549999999999997,2.75,-31.049999999999994" vel="0,0,0" mass="1" elasticityCoef="1" ang="90,0,0" color="0,220,0" radius="0.5" length="4" />
		<capsule pos="-19.549999999999997,2.75,-28.749999999999993" vel="0,0,0" mass="1" elasticityCoef="1" ang="90,0,0" color="0,220,0" radius="0.5" length="4" />
		<capsule pos="-19.549999999999997,2.75,-26.449999999999996" vel="0,0,0" mass="1" elasticityCoef="1" ang="90,0,0" color="0,220,0" radius="0.5" length="4" />
		<capsule pos="-19.549999999999997,2.75,-24.149999999999995" vel="0,0,0" mass="1" elasticityCoef="1" ang="90,0,0" color="0,220,0" radius="0.5" length="4" />
		<capsule pos="-19.549999999999997,2.75,-21.849999999999994" vel="0,0,0" mass="1" elasticityCoef="1" ang="90,0,0" color="0,220,0" radius="0.5" length="4" />
		<capsule pos="-19.549999999999997,2.75,-19.549999999999997" vel="0,0,0" mass="1" elasticityCoef="1" ang="90,0,0" color="0,220,0" radius="0.5" length="4" />
		<capsule pos="-19.549999999999997,2.75,-17.249999999999996" vel="0,0,0" mass="1" elasticityCoef="1" ang="90,0,0" color="0,220,0" radius="0.5" length="4" />
		<capsule pos="-19.549999999999997,2.75,-14.949999999999996" vel="0,0,0" mass="1" elasticityCoef="1" ang="90,0,0" color="0,220,0" radius="0.5" length="4" />
		<capsule pos="-19.549999999999997,2.75,-12.649999999999995" vel="0,0,0" mass="1" elasticityCoef="1" ang="90,0,0" color="0,220,0" radius="0.5" length="4" />
		<capsule pos="-19.549999999999997,2.75,-10.349999999999994" vel="0,0,0" mass="1" elasticityCoef="1" ang="90,0,0" color="0,220,0" radius="0.5" length="4" />
		<capsule pos="-19.549999999999997,2.75,-8.049999999999997" vel="0,0,0" mass="1" elasticityCoef="1" ang="90,0,0" color="0,220,0" radius="0.5" length="4" />
		<capsule pos="-19.549999999999997,2.75,-5.7499999999999964" vel="0,0,0" mass="1" elasticityCoef="1" ang="90,0,0" color="0,220,0" radius="0.5" length="4" />
		<capsule pos="-19.549999999999997,2.75,-3.4499999999999957" vel="0,0,0" mass="1" elasticityCoef="1" ang="90,0,0" color="0,220,0" radius="0.5" length="4" />
		<capsule pos="-19.549999999999997,2.75,-1.1499999999999986" vel="0,0,0" mass="1" elasticityCoef="1" ang="90,0,0" color="0,220,0" radius="0.5" length="4" />
		<capsule pos="-19.549999999999997,2.75,1.1500000000000057" vel="0,0,0" mass="1" elasticityCoef="1" ang="90,0,0" color="0,220,0" radius="0.5" length="4" />
		<capsule pos="-19.549999999999997,2.75,3.450000000000003" vel="0,0,0" mass="1" elasticityCoef="1" ang="90,0,0" color="0,220,0" radius="0.5" length="4" />
		<capsule pos="-19.549999999999997,2.75,5.75" vel="0,0,0" mass="1" elasticityCoef="1" ang="90,0,0" color="0,220,0" radius="0.5" length="4" />
		<capsule pos="-19.549999999999997,2.75,8.050000000000004" vel="0,0,0" mass="1" elasticityCoef="1" ang="90,0,0" color="0,220,0" radius="0.5" length="4" />
		<capsule pos="-19.549999999999997,2.75,10.350000000000001" vel="0,0,0" mass="1" elasticityCoef="1" ang="90,0,0" color="0,220,0" radius="0.5" length="4" />
		<capsule pos="-19.549999999999997,2.75,12.650000000000006" vel="0,0,0" mass="1" elasticityCoef="1" ang="90,0,0" color="0,220,0" radius="0.5" length="4" />
		<capsule pos="-19.549999999999997,2.75,14.950000000000003" vel="0,0,0" mass="1" elasticityCoef="1" ang="90,0,0" color="0,220,0" radius="0.5" length="4" />
		<capsule pos="-19.549999999999997,2.75,17.25" vel="0,0,0" mass="1" elasticityCoef="1" ang="90,0,0" color="0,220,0" radius="0.5" length="4" />
		<capsule pos="-19.549999999999997,2.75,19.550000000000004" vel="0,0,0" mass="1" elasticityCoef="1" ang="90,0,0" color="0,220,0" radius="0.5" length="4" />
		<capsule pos="-19.549999999999997,2.75,21.85" vel="0,0,0" mass="1" elasticityCoef="1" ang="90,0,0" color="0,220,0" radius="0.5" length="4" />
		<capsule pos="-19.549999999999997,2.75,24.15" vel="0,0,0" mass="1" elasticityCoef="1" ang="90,0,0" color="0,220,0" radius="0.5" length="4" />
		<capsule pos="-19.549999999999997,2.75,26.450000000000003" vel="0,0,0" mass="1" elasticityCoef="1" ang="90,0,0" color="0,220,0" radius="0.5" length="4" />
		<capsule pos="-19.549999999999997,2.75,28.75" vel="0,0,0" mass="1" elasticityCoef="1" ang="90,0,0" color="0,220,0" radius="0.5" length="4" />
		<capsule pos="-19.549999999999997,2.75,31.049999999999997" vel="0,0,0" mass="1" elasticityCoef="1" ang="90,0,0" color="0,220,0" radius="0.5" length="4" />
		<capsule pos="-19.549999999999997,8.25,-33.349999999999994" vel="0,0,0" mass="1" elasticityCoef="1" ang="90,0,0" color="0,220,0" radius="0.5" length="4" />
		<capsule pos="-19.549999999999997,8.25,-31.049999999999994" vel="0,0,0" mass="1" elasticityCoef="1" ang="90,0,0" color="0,220,0" radius="0.5" length="4" />
		<capsule pos="-19.549999999999997,8.25,-28.749999999999993" vel="0,0,0" mass="1" elasticityCoef="1" ang="90,0,0" color="0,220,0" radius="0.5" length="4" />
		<capsule pos="-19.549999999999997,8.25,-26.449999999999996" vel="0,0,0" mass="1" elasticityCoef="1" ang="90,0,0" color="0,220,0" radius="0.5" length="4" />
		<capsule pos="-19.549999999999997,8.25,-24.149999999999995" vel="0,0,0" mass="1" elasticityCoef="1" ang="90,0,0" color="0,220,0" radius="0.5" length="4" />
		<capsule pos="-19.549999999999997,8.25,-21.849999999999994" vel="0,0,0" mass="1" elasticityCoef="1" ang="90,0,0" color="0,220,0" radius="0.5" length="4" />
		<capsule pos="-19.549999999999997,8.25,-19.549999999999997" vel="0,0,0" mass="1" elasticityCoef="1" ang="90,0,0" color="0,220,0" radius="0.5" length="4" />
		<capsule pos="-19.549999999999997,8.25,-17.249999999999996" vel="0,0,0" mass="1" elasticityCoef="1" ang="90,0,0" color="0,220,0" radius="0.5" length="4" />
		<capsule pos="-19.549999999999997,8.25,-14.949999999999996" vel="0,0,0" mass="1" elasticityCoef="1" ang="90,0,0" color="0,220,0" radius="0.5" length="4" />
		<capsule pos="-19.549999999999997,8.25,-12.649999999999995" vel="0,0,0" mass="1" elasticityCoef="1" ang="90,0,0" color="0,220,0" radius="0.5" length="4" />
		<capsule pos="-19.549999999999997,8.25,-10.349999999999994" vel="0,0,0" mass="1" elasticityCoef="1" ang="90,0,0" color="0,220,0" radius="0.5" length="4" />
		<capsule pos="-19.549999999999997,8.25,-8.049999999999997" vel="0,0,0" mass="1" elasticityCoef="1" ang="90,0,0" color="0,220,0" radius="0.5" length="4" />
		<capsule pos="-19.549999999999997,8.25,-5.7499999999999964" vel="0,0,0" mass="1" elasticityCoef="1" ang="90,0,0" color="0,220,0" radius="0.5" length="4" />
		<capsule pos="-19.549999999999997,8.25,-3.4499999999999957" vel="0,0,0" mass="1" elasticityCoef="1" ang="90,0,0" color="0,220,0" radius="0.5" length="4" />
		<capsule pos="-19.549999999999997,8.25,-1.1499999999999986" vel="0,0,0" mass="1" elasticityCoef="1" ang="90,0,0" color="0,220,0" radius="0.5" length="4" />
		<capsule pos="-19.549999999999997,8.25,1.1500000000000057" vel="0,0,0" mass="1" elasticityCoef="1" ang="90,0,0" color="0,220,0" radius="0.5" length="4" />
		<capsule pos="-19.549999999999997,8.25,3.450000000000003" vel="0,0,0" mass="1" elasticityCoef="1" ang="90,0,0" color="0,220,0" radius="0.5" length="4" />
		<capsule pos="-19.549999999999997,8.25,5.75" vel="0,0,0" mass="1" elasticityCoef="1" ang="90,0,0" color="0,220,0" radius="0.5" length="4" />
		<capsule pos="-19.549999999999997,8.25,8.050000000000004" vel="0,0,0" mass="1" elasticityCoef="1" ang="90,0,0" color="0,220,0" radius="0.5" length="4" />
		<capsule pos="-19.549999999999997,8.25,10.350000000000001" vel="0,0,0" mass="1" elasticityCoef="1" ang="90,0,0" color="0,220,0" radius="0.5" length="4" />
		<capsule pos="-19.549999999999997,8.25,12.650000000000006" vel="0,0,0" mass="1" elasticityCoef="1" ang="90,0,0" color="0,220,0" radius="0.5" length="4" />
		<capsule pos="-19.549999999999997,8.25,14.950000000000003" vel="0,0,0" mass="1" elasticityCoef="1" ang="90,0,0" color="0,220,0" radius="0.5" length="4" />
		<capsule pos="-19.549999999999997,8.25,17.25" vel="0,0,0" mass="1" elasticityCoef="1" ang="90,0,0" color="0,220,0" radius="0.5" length="4" />
		<capsule pos="-19.549999999999997,8.25,19.550000000000004" vel="0,0,0" mass="1" elasticityCoef="1" ang="90,0,0" color="0,220,0" radius="0.5" length="4" />
		<capsule pos="-19.549999999999997,8.25,21.85" vel="0,0,0" mass="1" elasticityCoef="1" ang="90,0,0" color="0,220,0" radius="0.5" length="4" />
		<capsule pos="-19.549999999999997,8.25,24.15" vel="0,0,0" mass="1" elasticityCoef="1" ang="90,0,0" color="0,220,0" radius="0.5" length="4" />
		<capsule pos="-19.549999999999997,8.25,26.450000000000003" vel="0,0,0" mass="1" elasticityCoef="1" ang="90,0,0" color="0,220,0" radius="0.5" length="4" />
		<capsule pos="-19.549999999999997,8.25,28.75" vel="0,0,0" mass="1" elasticityCoef="1" ang="90,0,0" color="0,220,0" radius="0.5" length="4" />
		<capsule pos="-19.549999999999997,8.25,31.049999999999997" vel="0,0,0" mass="1" elasticityCoef="1" ang="90,0,0" color="0,220,0" radius="0.5" length="4" />
		<capsule pos="-19.549999999999997,13.75,-33.349999999999994" vel="0,0,0" mass="1" elasticityCoef="1" ang="90,0,0" color="0,220,0" radius="0.5" length="4" />
		<capsule pos="-19.549999999999997,13.75,-31.049999999999994" vel="0,0,0" mass="1" elasticityCoef="1" ang="90,0,0" color="0,220,0" radius="0.5" length="4" />
		<capsule pos="-19.549999999999997,13.75,-28.749999999999993" vel="0,0,0" mass="1" elasticityCoef="1" ang="90,0,0" color="0,220,0" radius="0.5" length="4" />
		<capsule pos="-19.549999999999997,13.75,-26.449999999999996" vel="0,0,0" mass="1" elasticityCoef="1" ang="90,0,0" color="0,220,0" radius="0.5" length="4" />
		<capsule pos="-19.549999999999997,13.75,-24.149999999999995" vel="0,0,0" mass="1" elasticityCoef="1" ang="90,0,0" color="0,220,0" radius="0.5" length="4" />
		<capsule pos="-19.549999999999997,13.75,-21.849999999999994" vel="0,0,0" mass="1" elasticityCoef="1" ang="90,0,0" color="0,220,0" radius="0.5" length="4" />
		<capsule pos="-19.549999999999997,13.75,-19.549999999999997" vel="0,0,0" mass="1" elasticityCoef="1" ang="90,0,0" color="0,220,0" radius="0.5" length="4" />
		<capsule pos="-19.549999999999997,13.75,-17.249999999999996" vel="0,0,0" mass="1" elasticityCoef="1" ang="90,0,0" color="0,220,0" radius="0.5" length="4" />
		<capsule pos="-19.549999999999997,13.75,-14.949999999999996" vel="0,0,0" mass="1" elasticityCoef="1" ang="90,0,0" color="0,220,0" radius="0.5" length="4" />
		<capsule pos="-19.549999999999997,13.75,-12.649999999999995" vel="0,0,0" mass="1" elasticityCoef="1" ang="90,0,0" color="0,220,0" radius="0.5" length="4" />
		<capsule pos="-19.549999999999997,13.75,-10.349999999999994" vel="0,0,0" mass="1" elasticityCoef="1" ang="90,0,0" color="0,220,0" radius="0.5" length="4" />
		<capsule pos="-19.549999999999997,13.75,-8.049999999999997" vel="0,0,0" mass="1" elasticityCoef="1" ang="90,0,0" color="0,220,0" radius="0.5" length="4" />
		<capsule pos="-19.549999999999997,13.75,-5.7499999999999964" vel="0,0,0" mass="1" elasticityCoef="1" ang="90,0,0" color="0,220,0" radius="0.5" length="4" />
		<capsule pos="-19.549999999999997,13.75,-3.4499999999999957" vel="0,0,0" mass="1" elasticityCoef="1" ang="90,0,0" color="0,220,0" radius="0.5" length="4" />
		<capsule pos="-19.549999999999997,13.75,-1.1499999999999986" vel="0,0,0" mass="1" elasticityCoef="1" ang="90,0,0" color="0,220,0" radius="0.5" length="4" />
		<capsule pos="-19.549999999999997,13.75,1.1500000000000057" vel="0,0,0" mass="1" elasticityCoef="1" ang="90,0,0" color="0,220,0" radius="0.5" length="4" />
		<capsule pos="-19.549999999999997,13.75,3.450000000000003" vel="0,0,0" mass="1" elasticityCoef="1" ang="90,0,0" color="0,220,0" radius="0.5" length="4" />
		<capsule pos="-19.549999999999997,13.75,5.75" vel="0,0,0" mass="1" elasticityCoef="1" ang="90,0,0" color="0,220,0" radius="0.5" length="4" />
		<capsule pos="-19.549999999999997,13.75,8.050000000000004" vel="0,0,0" mass="1" elasticityCoef="1" ang="90,0,0" color="0,220,0" radius="0.5" length="4" />
		<capsule pos="-19.549999999999997,13.75,10.350000000000001" vel="0,0,0" mass="1" elasticityCoef="1" ang="90,0,0" color="0,220,0" radius="0.5" length="4" />
		<capsule pos="-19.549999999999997,13.75,12.650000000000006" vel="0,0,0" mass="1" elasticityCoef="1" ang="90,0,0" color="0,220,0" radius="0.5" length="4" />
		<capsule pos="-19.549999999999997,13.75,14.950000000000003" vel="0,0,0" mass="1" elasticityCoef="1" ang="90,0,0" color="0,220,0" radius="0.5" length="4" />
		<capsule pos="-19.549999999999997,13.75,17.25" vel="0,0,0" mass="1" elasticityCoef="1" ang="90,0,0" color="0,220,0" radius="0.5" length="4" />
		<capsule pos="-19.549999999999997,13.75,19.550000000000004" vel="0,0,0" mass="1" elasticityCoef="1" ang="90,0,0" color="0,220,0" radius="0.5" length="4" />
		<capsule pos="-19.549999999999997,13.75,21.85" vel="0,0,0" mass="1" elasticityCoef="1" ang="90,0,0" color="0,220,0" radius="0.5" length="4" />
		<capsule pos="-19.549999999999997,13.75,24.15" vel="0,0,0" mass="1" elasticityCoef="1" ang="90,0,0" color="0,220,0" radius="0.5" length="4" />
		<capsule pos="-19.549999999999997,13.75,26.450000000000003" vel="0,0,0" mass="1" elasticityCoef="1" ang="90,0,0" color="0,220,0" radius="0.5" length="4" />
		<capsule pos="-19.549999999999997,13.75,28.75" vel="0,0,0" mass="1" elasticityCoef="1" ang="90,0,0" color="0,220,0" radius="0.5" length="4" />
		<capsule pos="-19.549999999999997,13.75,31.049999999999997" vel="0,0,0" mass="1" elasticityCoef="1" ang="90,0,0" color="0,220,0" radius="0.5" length="4" />
		<capsule pos="-19.549999999999997,19.25,-33.349999999999994" vel="0,0,0" mass="1" elasticityCoef="1" ang="90,0,0" color="0,220,0" radius="0.5" length="4" />
		<capsule pos="-19.549999999999997,19.25,-31.049999999999994" vel="0,0,0" mass="1" elasticityCoef="1" ang="90,0,0" color="0,220,0" radius="0.5" length="4" />
		<capsule pos="-19.549999999999997,19.25,-28.749999999999993" vel="0,0,0" mass="1" elasticityCoef="1" ang="90,0,0" color="0,220,0" radius="0.5" length="4" />
		<capsule pos="-19.549999999999997,19.25,-26.449999999999996" vel="0,0,0" mass="1" elasticityCoef="1" ang="90,0,0" color="0,220,0" radius="0.5" length="4" />
		<capsule pos="-19.549999999999997,19.25,-24.149999999999995" vel="0,0,0" mass="1" elasticityCoef="1" ang="90,0,0" color="0,220,0" radius="0.5" length="4" />
		<capsule pos="-19.549999999999997,19.25,-21.849999999999994" vel="0,0,0" mass="1" elasticityCoef="1" ang="90,0,0" color="0,220,0" radius="0.5" length="4" />
		<capsule pos="-19.549999999999997,19.25,-19.549999999999997" vel="0,0,0" mass="1" elasticityCoef="1" ang="90,0,0" color="0,220,0" radius="0.5" length="4" />
		<capsule pos="-19.549999999999997,19.25,-17.249999999999996" vel="0,0,0" mass="1" elasticityCoef="1" ang="90,0,0" color="0,220,0" radius="0.5" length="4" />
		<capsule pos="-19.549999999999997,19.25,-14.949999999999996" vel="0,0,0" mass="1" elasticityCoef="1" ang="90,0,0" color="0,220,0" radius="0.5" length="4" />
		<capsule pos="-19.549999999999997,19.25,-12.649999999999995" vel="0,0,0" mass="1" elasticityCoef="1" ang="90,0,0" color="0,220,0" radius="0.5" length="4" />
		<capsule pos="-19.549999999999997,19.25,-10.349999999999994" vel="0,0,0" mass="1" elasticityCoef="1" ang="90,0,0" color="0,220,0" radius="0.5" length="4" />
		<capsule pos="-19.549999999999997,19.25,-8.049999999999997" vel="0,0,0" mass="1" elasticityCoef="1" ang="90,0,0" color="0,220,0" radius="0.5" length="4" />
		<capsule pos="-19.549999999999997,19.25,-5.7499999999999964" vel="0,0,0" mass="1" elasticityCoef="1" ang="90,0,0" color="0,220,0" radius="0.5" length="4" />
		<capsule pos="-19.549999999999997,19.25,-3.4499999999999957" vel="0,0,0" mass="1" elasticityCoef="1" ang="90,0,0" color="0,220,0" radius="0.5" length="4" />
		<capsule pos="-19.549999999999997,19.25,-1.1499999999999986" vel="0,0,0" mass="1" elasticityCoef="1" ang="90,0,0" color="0,220,0" radius="0.5" length="4" />
		<capsule pos="-19.549999999999997,19.25,1.1500000000000057" vel="0,0,0" mass="1" elasticityCoef="1" ang="90,0,0" color="0,220,0" radius="0.5" length="4" />
		<capsule pos="-19.549999999999997,19.25,3.450000000000003" vel="0,0,0" mass="1" elasticityCoef="1" ang="90,0,0" color="0,220,0" radius="0.5" length="4" />
		<capsule pos="-19.549999999999997,19.25,5.75" vel="0,0,0" mass="1" elasticityCoef="1" ang="90,0,0" color="0,220,0" radius="0.5" length="4" />
		<capsule pos="-19.549999999999997,19.25,8.050000000000004" vel="0,0,0" mass="1" elasticityCoef="1" ang="90,0,0" color="0,220,0" radius="0.5" length="4" />
		<capsule pos="-19.549999999999997,19.25,10.350000000000001" vel="0,0,0" mass="1" elasticityCoef="1" ang="90,0,0" color="0,220,0" radius="0.5" length="4" />
		<capsule pos="-19.549999999999997,19.25,12.650000000000006" vel="0,0,0" mass="1" elasticityCoef="1" ang="90,0,0" color="0,220,0" radius="0.5" length="4" />
		<capsule pos="-19.549999999999997,19.25,14.950000000000003" vel="0,0,0" mass="1" elasticityCoef="1" ang="90,0,0" color="0,220,0" radius="0.5" length="4" />
		<capsule pos="-19.549999999999997,19.25,17.25" vel="0,0,0" mass="1" elasticityCoef="1" ang="90,0,0" color="0,220,0" radius="0.5" length="4" />
		<capsule pos="-19.549999999999997,19.25,19.550000000000004" vel="0,0,0" mass="1" elasticityCoef="1" ang="90,0,0" color="0,220,0" radius="0.5" length="4" />
		<capsule pos="-19.549999999999997,19.25,21.85" vel="0,0,0" mass="1" elasticityCoef="1" ang="90,0,0" color="0,220,0" radius="0.5" length="4" />
		<capsule pos="-19.549999999999997,19.25,24.15" vel="0,0,0" mass="1" elasticityCoef="1" ang="90,0,0" color="0,220,0" radius="0.5" length="4" />
		<capsule pos="-19.549999999999997,19.25,26.450000000000003" vel="0,0,0" mass="1" elasticityCoef="1" ang="90,0,0" color="0,220,0" radius="0.5" length="4" />
		<capsule pos="-19.549999999999997,19.25,28.75" vel="0,0,0" mass="1" elasticityCoef="1" ang="90,0,0" color="0,220,0" radius="0.5" length="4" />
		<capsule pos="-19.549999999999997,19.25,31.049999999999997" vel="0,0,0" mass="1" elasticityCoef="1" ang="90,0,0" color="0,220,0" radius="0.5" length="4" />
		<capsule pos="-19.549999999999997,24.75,-33.349999999999994" vel="0,0,0" mass="1" elasticityCoef="1" ang="90,0,0" color="0,220,0" radius="0.5" length="4" />
		<capsule pos="-19.549999999999997,24.75,-31.049999999999994" vel="0,0,0" mass="1" elasticityCoef="1" ang="90,0,0" color="0,220,0" radius="0.5" length="4" />
		<capsule pos="-19.549999999999997,24.75,-28.749999999999993" vel="0,0,0" mass="1" elasticityCoef="1" ang="90,0,0" color="0,220,0" radius="0.5" length="4" />
		<capsule pos="-19.549999999999997,24.75,-26.449999999999996" vel="0,0,0" mass="1" elasticityCoef="1" ang="90,0,0" color="0,220,0" radius="0.5" length="4" />
		<capsule pos="-19.549999999999997,24.75,-24.149999999999995" vel="0,0,0" mass="1" elasticityCoef="1" ang="90,0,0" color="0,220,0" radius="0.5" length="4" />
		<capsule pos="-19.549999999999997,24.75,-21.849999999999994" vel="0,0,0" mass="1" elasticityCoef="1" ang="90,0,0" color="0,220,0" radius="0.5" length="4" />
		<capsule pos="-19.549999999999997,24.75,-19.549999999999997" vel="0,0,0" mass="1" elasticityCoef="1" ang="90,0,0" color="0,220,0" radius="0.5" length="4" />
		<capsule pos="-19.549999999999997,24.75,-17.249999999999996" vel="0,0,0" mass="1" elasticityCoef="1" ang="90,0,0" color="0,220,0" radius="0.5" length="4" />
		<capsule pos="-19.549999999999997,24.75,-14.949999999999996" vel="0,0,0" mass="1" elasticityCoef="1" ang="90,0,0" color="0,220,0" radius="0.5" length="4" />
		<capsule pos="-19.549999999999997,24.75,-12.649999999999995" vel="0,0,0" mass="1" elasticityCoef="1" ang="90,0,0" color="0,220,0" radius="0.5" length="4" />
		<capsule pos="-19.549999999999997,24.75,-10.349999999999994" vel="0,0,0" mass="1" elasticityCoef="1" ang="90,0,0" color="0,220,0" radius="0.5" length="4" />
		<capsule pos="-19.549999999999997,24.75,-8.049999999999997" vel="0,0,0" mass="1" elasticityCoef="1" ang="90,0,0" color="0,220,0" radius="0.5" length="4" />
		<capsule pos="-19.549999999999997,24.75,-5.7499999999999964" vel="0,0,0" mass="1" elasticityCoef="1" ang="90,0,0" color="0,220,0" radius="0.5" length="4" />
		<capsule pos="-19.549999999999997,24.75,-3.4499999999999957" vel="0,0,0" mass="1" elasticityCoef="1" ang="90,0,0" color="0,220,0" radius="0.5" length="4" />
		<capsule pos="-19.549999999999997,24.75,-1.1499999999999986" vel="0,0,0" mass="1" elasticityCoef="1" ang="90,0,0" color="0,220,0" radius="0.5" length="4" />
		<capsule pos="-19.549999999999997,24.75,1.1500000000000057" vel="0,0,0" mass="1" elasticityCoef="1" ang="90,0,0" color="0,220,0" radius="0.5" length="4" />
		<capsule pos="-19.549999999999997,24.75,3.450000000000003" vel="0,0,0" mass="1" elasticityCoef="1" ang="90,0,0" color="0,220,0" radius="0.5" length="4" />
		<capsule pos="-19.549999999999997,24.75,5.75" vel="0,0,0" mass="1" elasticityCoef="1" ang="90,0,0" color="0,220,0" radius="0.5" length="4" />
		<capsule pos="-19.549999999999997,24.75,8.050000000000004" vel="0,0,0" mass="1" elasticityCoef="1" ang="90,0,0" color="0,220,0" radius="0.5" length="4" />
		<capsule pos="-19.549999999999997,24.75,10.350000000000001" vel="0,0,0" mass="1" elasticityCoef="1" ang="90,0,0" color="0,220,0" radius="0.5" length="4" />
		<capsule pos="-19.549999999999997,24.75,12.650000000000006" vel="0,0,0" mass="1" elasticityCoef="1" ang="90,0,0" color="0,220,0" radius="0.5" length="4" />
		<capsule pos="-19.549999999999997,24.75,14.950000000000003" vel="0,0,0" mass="1" elasticityCoef="1" ang="90,0,0" color="0,220,0" radius="0.5" length="4" />
		<capsule pos="-19.549999999999997,24.75,17.25" vel="0,0,0" mass="1" elasticityCoef="1" ang="90,0,0" color="0,220,0" radius="0.5" length="4" />
		<capsule pos="-19.549999999999997,24.75,19.550000000000004" vel="0,0,0" mass="1" elasticityCoef="1" ang="90,0,0" color="0,220,0" radius="0.5" length="4" />
		<capsule pos="-19.549999999999997,24.75,21.85" vel="0,0,0" mass="1" elasticityCoef="1" ang="90,0,0" color="0,220,0" radius="0.5" length="4" />
		<capsule pos="-19.549999999999997,24.75,24.15" vel="0,0,0" mass="1" elasticityCoef="1" ang="90,0,0" color="0,220,0" radius="0.5" length="4" />
		<capsule pos="-19.549999999999997,24.75,26.450000000000003" vel="0,0,0" mass="1" elasticityCoef="1" ang="90,0,0" color="0,220,0" radius="0.5" length="4" />
		<capsule pos="-19.549999999999997,24.75,28.75" vel="0,0,0" mass="1" elasticityCoef="1" ang="90,0,0" color="0,220,0" radius="0.5" length="4" />
		<capsule pos="-19.549999999999997,24.75,31.049999999999997" vel="0,0,0" mass="1" elasticityCoef="1" ang="90,0,0" color="0,220,0" radius="0.5" length="4" />
		<capsule pos="-19.549999999999997,30.25,-33.349999999999994" vel="0,0,0" mass="1" elasticityCoef="1" ang="90,0,0" color="0,220,0" radius="0.5" length="4" />
		<capsule pos="-19.549999999999997,30.25,-31.049999999999994" vel="0,0,0" mass="1" elasticityCoef="1" ang="90,0,0" color="0,220,0" radius="0.5" length="4" />
		<capsule pos="-19.549999999999997,30.25,-28.749999999999993" vel="0,0,0" mass="1" elasticityCoef="1" ang="90,0,0" color="0,220,0" radius="0.5" length="4" />
		<capsule pos="-19.549999999999997,30.25,-26.449999999999996" vel="0,0,0" mass="1" elasticityCoef="1" ang="90,0,0" color="0,220,0" radius="0.5" length="4" />
		<capsule pos="-19.549999999999997,30.25,-24.149999999999995" vel="0,0,0" mass="1" elasticityCoef="1" ang="90,0,0" color="0,220,0" radius="0.5" length="4" />
		<capsule pos="-19.549999999999997,30.25,-21.849999999999994" vel="0,0,0" mass="1" elasticityCoef="1" ang="90,0,0" color="0,220,0" radius="0.5" length="4" />
		<capsule pos="-19.549999999999997,30.25,-19.549999999999997" vel="0,0,0" mass="1" elasticityCoef="1" ang="90,0,0" color="0,220,0" radius="0.5" length="4" />
		<capsule pos="-19.549999999999997,30.25,-17.249999999999996" vel="0,0,0" mass="1" elasticityCoef="1" ang="90,0,0" color="0,220,0" radius="0.5" length="4" />
		<capsule pos="-19.549999999999997,30.25,-14.949999999999996" vel="0,0,0" mass="1" elasticityCoef="1" ang="90,0,0" color="0,220,0" radius="0.5" length="4" />
		<capsule pos="-19.549999999999997,30.25,-12.649999999999995" vel="0,0,0" mass="1" elasticityCoef="1" ang="90,0,0" color="0,220,0" radius="0.5" length="4" />
		<capsule pos="-19.549999999999997,30.25,-10.349999999999994" vel="0,0,0" mass="1" elasticityCoef="1" ang="90,0,0" color="0,220,0" radius="0.5" length="4" />
		<capsule pos="-19.549999999999997,30.25,-8.049999999999997" vel="0,0,0" mass="1" elasticityCoef="1" ang="90,0,0" color="0,220,0" radius="0.5" length="4" />
		<capsule pos="-19.549999999999997,30.25,-5.7499999999999964" vel="0,0,0" mass="1" elasticityCoef="1" ang="90,0,0" color="0,220,0" radius="0.5" length="4" />
		<capsule pos="-19.549999999999997,30.25,-3.4499999999999957" vel="0,0,0" mass="1" elasticityCoef="1" ang="90,0,0" color="0,220,0" radius="0.5" length="4" />
		<capsule pos="-19.549999999999997,30.25,-1.1499999999999986" vel="0,0,0" mass="1" elasticityCoef="1" ang="90,0,0" color="0,220,0" radius="0.5" length="4" />
		<capsule pos="-19.549999999999997,30.25,1.1500000000000057" vel="0,0,0" mass="1" elasticityCoef="1" ang="90,0,0" color="0,220,0" radius="0.5" length="4" />
		<capsule pos="-19.549999999999997,30.25,3.450000000000003" vel="0,0,0" mass="1" elasticityCoef="1" ang="90,0,0" color="0,220,0" radius="0.5" length="4" />
		<capsule pos="-19.549999999999997,30.25,5.75" vel="0,0,0" mass="1" elasticityCoef="1" ang="90,0,0" color="0,220,0" radius="0.5" length="4" />
		<capsule pos="-19.549999999999997,30.25,8.050000000000004" vel="0,0,0" mass="1" elasticityCoef="1" ang="90,0,0" color="0,220,0" radius="0.5" length="4" />
		<capsule pos="-19.549999999999997,30.25,10.350000000000001" vel="0,0,0" mass="1" elasticityCoef="1" ang="90,0,0" color="0,220,0" radius="0.5" length="4" />
		<capsule pos="-19.549999999999997,30.25,12.650000000000006" vel="0,0,0" mass="1" elasticityCoef="1" ang="90,0,0" color="0,220,0" radius="0.5" length="4" />
		<capsule pos="-19.549999999999997,30.25,14.950000000000003" vel="0,0,0" mass="1" elasticityCoef="1" ang="90,0,0" color="0,220,0" radius="0.5" length="4" />
		<capsule pos="-19.549999999999997,30.25,17.25" vel="0,0,0" mass="1" elasticityCoef="1" ang="90,0,0" color="0,220,0" radius="0.5" length="4" />
		<capsule pos="-19.549999999999997,30.25,19.550000000000004" vel="0,0,0" mass="1" elasticityCoef="1" ang="90,0,0" color="0,220,0" radius="0.5" length="4" />
		<capsule pos="-19.549999999999997,30.25,21.85" vel="0,0,0" mass="1" elasticityCoef="1" ang="90,0,0" color="0,220,0" radius="0.5" length="4" />
		<capsule pos="-19.549999999999997,30.25,24.15" vel="0,0,0" mass="1" elasticityCoef="1" ang="90,0,0" color="0,220,0" radius="0.5" length="4" />
		<capsule pos="-19.549999999999997,30.25,26.450000000000003" vel="0,0,0" mass="1" elasticityCoef="1" ang="90,0,0" color="0,220,0" radius="0.5" length="4" />
		<capsule pos="-19.549999999999997,30.25,28.75" vel="0,0,0" mass="1" elasticityCoef="1" ang="90,0,0" color="0,220,0" radius="0.5" length="4" />
		<capsule pos="-19.549999999999997,30.25,31.049999999999997" vel="0,0,0" mass="1" elasticityCoef="1" ang="90,0,0" color="0,220,0" radius="0.5" length="4" />
		<capsule pos="-19.549999999999997,35.75,-33.349999999999994" vel="0,0,0" mass="1" elasticityCoef="1" ang="90,0,0" color="0,220,0" radius="0.5" length="4" />
		<capsule pos="-19.549999999999997,35.75,-31.049999999999994" vel="0,0,0" mass="1" elasticityCoef="1" ang="90,0,0" color="0,220,0" radius="0.5" length="4" />
		<capsule pos="-19.549999999999997,35.75,-28.749999999999993" vel="0,0,0" mass="1" elasticityCoef="1" ang="90,0,0" color="0,220,0" radius="0.5" length="4" />
		<capsule pos="-19.549999999999997,35.75,-26.449999999999996" vel="0,0,0" mass="1" elasticityCoef="1" ang="90,0,0" color="0,220,0" radius="0.5" length="4" />
		<capsule pos="-19.549999999999997,35.75,-24.149999999999995" vel="0,0,0" mass="1" elasticityCoef="1" ang="90,0,0" color="0,220,0" radius="0.5" length="4" />
		<capsule pos="-19.549999999999997,35.75,-21.849999999999994" vel="0,0,0" mass="1" elasticityCoef="1" ang="90,0,0" color="0,220,0" radius="0.5" length="4" />
		<capsule pos="-19.549999999999997,35.75,-19.549999999999997" vel="0,0,0" mass="1" elasticityCoef="1" ang="90,0,0" color="0,220,0" radius="0.5" length="4" />
		<capsule pos="-19.549999999999997,35.75,-17.249999999999996" vel="0,0,0" mass="1" elasticityCoef="1" ang="90,0,0" color="0,220,0" radius="0.5" length="4" />
		<capsule pos="-19.549999999999997,35.75,-14.949999999999996" vel="0,0,0" mass="1" elasticityCoef="1" ang="90,0,0" color="0,220,0" radius="0.5" length="4" />
		<capsule pos="-19.549999999999997,35.75,-12.649999999999995" vel="0,0,0" mass="1" elasticityCoef="1" ang="90,0,0" color="0,220,0" radius="0.5" length="4" />
		<capsule pos="-19.549999999999997,35.75,-10.349999999999994" vel="0,0,0" mass="1" elasticityCoef="1" ang="90,0,0" color="0,220,0" radius="0.5" length="4" />
		<capsule pos="-19.549999999999997,35.75,-8.049999999999997" vel="0,0,0" mass="1" elasticityCoef="1" ang="90,0,0" color="0,220,0" radius="0.5" length="4" />
		<capsule pos="-19.549999999999997,35.75,-5.7499999999999964" vel="0,0,0" mass="1" elasticityCoef="1" ang="90,0,0" color="0,220,0" radius="0.5" length="4" />
		<capsule pos="-19.549999999999997,35.75,-3.4499999999999957" vel="0,0,0" mass="1" elasticityCoef="1" ang="90,0,0" color="0,220,0" radius="0.5" length="4" />
		<capsule pos="-19.549999999999997,35.75,-1.1499999999999986" vel="0,0,0" mass="1" elasticityCoef="1" ang="90,0,0" color="0,220,0" radius="0.5" length="4" />
		<capsule pos="-19.549999999999997,35.75,1.1500000000000057" vel="0,0,0" mass="1" elasticityCoef="1" ang="90,0,0" color="0,220,0" radius="0.5" length="4" />
		<capsule pos="-19.549999999999997,35.75,3.450000000000003" vel="0,0,0" mass="1" elasticityCoef="1" ang="90,0,0" color="0,220,0" radius="0.5" length="4" />
		<capsule pos="-19.549999999999997,35.75,5.75" vel="0,0,0" mass="1" elasticityCoef="1" ang="90,0,0" color="0,220,0" radius="0.5" length="4" />
		<capsule pos="-19.549999999999997,35.75,8.050000000000004" vel="0,0,0" mass="1" elasticityCoef="1" ang="90,0,0" color="0,220,0" radius="0.5" length="4" />
		<capsule pos="-19.549999999999997,35.75,10.350000000000001" vel="0,0,0" mass="1" elasticityCoef="1" ang="90,0,0" color="0,220,0" radius="0.5" length="4" />
		<capsule pos="-19.549999999999997,35.75,12.650000000000006" vel="0,0,0" mass="1" elasticityCoef="1" ang="90,0,0" color="0,220,0" radius="0.5" length="4" />
		<capsule pos="-19.549999999999997,35.75,14.950000000000003" vel="0,0,0" mass="1" elasticityCoef="1" ang="90,0,0" color="0,220,0" radius="0.5" length="4" />
		<capsule pos="-19.549999999999997,35.75,17.25" vel="0,0,0" mass="1" elasticityCoef="1" ang="90,0,0" color="0,220,0" radius="0.5" length="4" />
		<capsule pos="-19.549999999999997,35.75,19.550000000000004" vel="0,0,0" mass="1" elasticityCoef="1" ang="90,0,0" color="0,220,0" radius="0.5" length="4" />
		<capsule pos="-19.549999999999997,35.75,21.85" vel="0,0,0" mass="1" elasticityCoef="1" ang="90,0,0" color="0,220,0" radius="0.5" length="4" />
		<capsule pos="-19.549999999999997,35.75,24.15" vel="0,0,0" mass="1" elasticityCoef="1" ang="90,0,0" color="0,220,0" radius="0.5" length="4" />
		<capsule pos="-19.549999999999997,35.75,26.450000000000003" vel="0,0,0" mass="1" elasticityCoef="1" ang="90,0,0" color="0,220,0" radius="0.5" length="4" />
		<capsule pos="-19.549999999999997,35.75,28.75" vel="0,0,0" mass="1" elasticityCoef="1" ang="90,0,0" color="0,220,0" radius="0.5" length="4" />
		<capsule pos="-19.549999999999997,35.75,31.049999999999997" vel="0,0,0" mass="1" elasticityCoef="1" ang="90,0,0" color="0,220,0" radius="0.5" length="4" />
		<capsule pos="-17.249999999999996,-41.25,-33.349999999999994" vel="0,0,0" mass="1" elasticityCoef="1" ang="90,0,0" color="0,220,0" radius="0.5" length="4" />
		<capsule pos="-17.249999999999996,-41.25,-31.049999999999994" vel="0,0,0" mass="1" elasticityCoef="1" ang="90,0,0" color="0,220,0" radius="0.5" length="4" />
		<capsule pos="-17.249999999999996,-41.25,-28.749999999999993" vel="0,0,0" mass="1" elasticityCoef="1" ang="90,0,0" color="0,220,0" radius="0.5" length="4" />
		<capsule pos="-17.249999999999996,-41.25,-26.449999999999996" vel="0,0,0" mass="1" elasticityCoef="1" ang="90,0,0" color="0,220,0" radius="0.5" length="4" />
		<capsule pos="-17.249999999999996,-41.25,-24.149999999999995" vel="0,0,0" mass="1" elasticityCoef="1" ang="90,0,0" color="0,220,0" radius="0.5" length="4" />
		<capsule pos="-17.249999999999996,-41.25,-21.849999999999994" vel="0,0,0" mass="1" elasticityCoef="1" ang="90,0,0" color="0,220,0" radius="0.5" length="4" />
		<capsule pos="-17.249999999999996,-41.25,-19.549999999999997" vel="0,0,0" mass="1" elasticityCoef="1" ang="90,0,0" color="0,220,0" radius="0.5" length="4" />
		<capsule pos="-17.249999999999996,-41.25,-17.249999999999996" vel="0,0,0" mass="1" elasticityCoef="1" ang="90,0,0" color="0,220,0" radius="0.5" length="4" />
		<capsule pos="-17.249999999999996,-41.25,-14.949999999999996" vel="0,0,0" mass="1" elasticityCoef="1" ang="90,0,0" color="0,220,0" radius="0.5" length="4" />
		<capsule pos="-17.249999999999996,-41.25,-12.649999999999995" vel="0,0,0" mass="1" elasticityCoef="1" ang="90,0,0" color="0,220,0" radius="0.5" length="4" />
		<capsule pos="-17.249999999999996,-41.25,-10.349999999999994" vel="0,0,0" mass="1" elasticityCoef="1" ang="90,0,0" color="0,220,0" radius="0.5" length="4" />
		<capsule pos="-17.249999999999996,-41.25,-8.049999999999997" vel="0,0,0" mass="1" elasticityCoef="1" ang="90,0,0" color="0,220,0" radius="0.5" length="4" />
		<capsule pos="-17.249999999999996,-41.25,-5.7499999999999964" vel="0,0,0" mass="1" elasticityCoef="1" ang="90,0,0" color="0,220,0" radius="0.5" length="4" />
		<capsule pos="-17.249999999999996,-41.25,-3.4499999999999957" vel="0,0,0" mass="1" elasticityCoef="1" ang="90,0,0" color="0,220,0" radius="0.5" length="4" />
		<capsule pos="-17.249999999999996,-41.25,-1.1499999999999986" vel="0,0,0" mass="1" elasticityCoef="1" ang="90,0,0" color="0,220,0" radius="0.5" length="4" />
		<capsule pos="-17.249999999999996,-41.25,1.1500000000000057" vel="0,0,0" mass="1" elasticityCoef="1" ang="90,0,0" color="0,220,0" radius="0.5" length="4" />
		<capsule pos="-17.249999999999996,-41.25,3.450000000000003" vel="0,0,0" mass="1" elasticityCoef="1" ang="90,0,0" color="0,220,0" radius="0.5" length="4" />
		<capsule pos="-17.249999999999996,-41.25,5.75" vel="0,0,0" mass="1" elasticityCoef="1" ang="90,0,0" color="0,220,0" radius="0.5" length="4" />
		<capsule pos="-17.249999999999996,-41.25,8.050000000000004" vel="0,0,0" mass="1" elasticityCoef="1" ang="90,0,0" color="0,220,0" radius="0.5" length="4" />
		<capsule pos="-17.249999999999996,-41.25,10.350000000000001" vel="0,0,0" mass="1" elasticityCoef="1" ang="90,0,0" color="0,220,0" radius="0.5" length="4" />
		<capsule pos="-17.249999999999996,-41.25,12.650000000000006" vel="0,0,0" mass="1" elasticityCoef="1" ang="90,0,0" color="0,220,0" radius="0.5" length="4" />
		<capsule pos="-17.249999999999996,-41.25,14.950000000000003" vel="0,0,0" mass="1" elasticityCoef="1" ang="90,0,0" color="0,220,0" radius="0.5" length="4" />
		<capsule pos="-17.249999999999996,-41.25,17.25" vel="0,0,0" mass="1" elasticityCoef="1" ang="90,0,0" color="0,220,0" radius="0.5" length="4" />
		<capsule pos="-17.249999999999996,-41.25,19.550000000000004" vel="0,0,0" mass="1" elasticityCoef="1" ang="90,0,0" color="0,220,0" radius="0.5" length="4" />
		<capsule pos="-17.249999999999996,-41.25,21.85" vel="0,0,0" mass="1" elasticityCoef="1" ang="90,0,0" color="0,220,0" radius="0.5" length="4" />
		<capsule pos="-17.249999999999996,-41.25,24.15" vel="0,0,0" mass="1" elasticityCoef="1" ang="90,0,0" color="0,220,0" radius="0.5" length="4" />
		<capsule pos="-17.249999999999996,-41.25,26.450000000000003" vel="0,0,0" mass="1" elasticityCoef="1" ang="90,0,0" color="0,220,0" radius="0.5" length="4" />
		<capsule pos="-17.249999999999996,-41.25,28.75" vel="0,0,0" mass="1" elasticityCoef="1" ang="90,0,0" color="0,220,0" radius="0.5" length="4" />
		<capsule pos="-17.249999999999996,-41.25,31.049999999999997" vel="0,0,0" mass="1" elasticityCoef="1" ang="90,0,0" color="0,220,0" radius="0.5" length="4" />
		<capsule pos="-17.249999999999996,-35.75,-33.349999999999994" vel="0,0,0" mass="1" elasticityCoef="1" ang="90,0,0" color="0,220,0" radius="0.5" length="4" />
		<capsule pos="-17.249999999999996,-35.75,-31.049999999999994" vel="0,0,0" mass="1" elasticityCoef="1" ang="90,0,0" color="0,220,0" radius="0.5" length="4" />
		<capsule pos="-17.249999999999996,-35.75,-28.749999999999993" vel="0,0,0" mass="1" elasticityCoef="1" ang="90,0,0" color="0,220,0" radius="0.5" length="4" />
		<capsule pos="-17.249999999999996,-35.75,-26.449999999999996" vel="0,0,0" mass="1" elasticityCoef="1" ang="90,0,0" color="0,220,0" radius="0.5" length="4" />
		<capsule pos="-17.249999999999996,-35.75,-24.149999999999995" vel="0,0,0" mass="1" elasticityCoef="1" ang="90,0,0" color="0,220,0" radius="0.5" length="4" />
		<capsule pos="-17.249999999999996,-35.75,-21.849999999999994" vel="0,0,0" mass="1" elasticityCoef="1" ang="90,0,0" color="0,220,0" radius="0.5" length="4" />
		<capsule pos="-17.249999999999996,-35.75,-19.549999999999997" vel="0,0,0" mass="1" elasticityCoef="1" ang="90,0,0" color="0,220,0" radius="0.5" length="4" />
		<capsule pos="-17.249999999999996,-35.75,-17.249999999999996" vel="0,0,0" mass="1" elasticityCoef="1" ang="90,0,0" color="0,220,0" radius="0.5" length="4" />
		<capsule pos="-17.249999999999996,-35.75,-14.949999999999996" vel="0,0,0" mass="1" elasticityCoef="1" ang="90,0,0" color="0,220,0" radius="0.5" length="4" />
		<capsule pos="-17.249999999999996,-35.75,-12.649999999999995" vel="0,0,0" mass="1" elasticityCoef="1" ang="90,0,0" color="0,220,0" radius="0.5" length="4" />
		<capsule pos="-17.249999999999996,-35.75,-10.349999999999994" vel="0,0,0" mass="1" elasticityCoef="1" ang="90,0,0" color="0,220,0" radius="0.5" length="4" />
		<capsule pos="-17.249999999999996,-35.75,-8.049999999999997" vel="0,0,0" mass="1" elasticityCoef="1" ang="90,0,0" color="0,220,0" radius="0.5" length="4" />
		<capsule pos="-17.249999999999996,-35.75,-5.7499999999999964" vel="0,0,0" mass="1" elasticityCoef="1" ang="90,0,0" color="0,220,0" radius="0.5" length="4" />
		<capsule pos="-17.249999999999996,-35.75,-3.4499999999999957" vel="0,0,0" mass="1" elasticityCoef="1" ang="90,0,0" color="0,220,0" radius="0.5" length="4" />
		<capsule pos="-17.249999999999996,-35.75,-1.1499999999999986" vel="0,0,0" mass="1" elasticityCoef="1" ang="90,0,0" color="0,220,0" radius="0.5" length="4" />
		<capsule pos="-17.249999999999996,-35.75,1.1500000000000057" vel="0,0,0" mass="1" elasticityCoef="1" ang="90,0,0" color="0,220,0" radius="0.5" length="4" />
		<capsule pos="-17.249999999999996,-35.75,3.450000000000003" vel="0,0,0" mass="1" elasticityCoef="1" ang="90,0,0" color="0,220,0" radius="0.5" length="4" />
		<capsule pos="-17.249999999999996,-35.75,5.75" vel="0,0,0" mass="1" elasticityCoef="1" ang="90,0,0" color="0,220,0" radius="0.5" length="4" />
		<capsule pos="-17.249999999999996,-35.75,8.050000000000004" vel="0,0,0" mass="1" elasticityCoef="1" ang="90,0,0" color="0,220,0" radius="0.5" length="4" />
		<capsule pos="-17.249999999999996,-35.75,10.350000000000001" vel="0,0,0" mass="1" elasticityCoef="1" ang="90,0,0" color="0,220,0" radius="0.5" length="4" />
		<capsule pos="-17.249999999999996,-35.75,12.650000000000006" vel="0,0,0" mass="1" elasticityCoef="1" ang="90,0,0" color="0,220,0" radius="0.5" length="4" />
		<capsule pos="-17.249999999999996,-35.75,14.950000000000003" vel="0,0,0" mass="1" elasticityCoef="1" ang="90,0,0" color="0,220,0" radius="0.5" length="4" />
		<capsule pos="-17.249999999999996,-35.75,17.25" vel="0,0,0" mass="1" elasticityCoef="1" ang="90,0,0" color="0,220,0" radius="0.5" length="4" />
		<capsule pos="-17.249999999999996,-35.75,19.550000000000004" vel="0,0,0" mass="1" elasticityCoef="1" ang="90,0,0" color="0,220,0" radius="0.5" length="4" />
		<capsule pos="-17.249999999999996,-35.75,21.85" vel="0,0,0" mass="1" elasticityCoef="1" ang="90,0,0" color="0,220,0" radius="0.5" length="4" />
		<capsule pos="-17.249999999999996,-35.75,24.15" vel="0,0,0" mass="1" elasticityCoef="1" ang="90,0,0" color="0,220,0" radius="0.5" length="4" />
		<capsule pos="-17.249999999999996,-35.75,26.450000000000003" vel="0,0,0" mass="1" elasticityCoef="1" ang="90,0,0" color="0,220,0" radius="0.5" length="4" />
		<capsule pos="-17.249999999999996,-35.75,28.75" vel="0,0,0" mass="1" elasticityCoef="1" ang="90,0,0" color="0,220,0" radius="0.5" length="4" />
		<capsule pos="-17.249999999999996,-35.75,31.049999999999997" vel="0,0,0" mass="1" elasticityCoef="1" ang="90,0,0" color="0,220,0" radius="0.5" length="4" />
		<capsule pos="-17.249999999999996,-30.25,-33.349999999999994" vel="0,0,0" mass="1" elasticityCoef="1" ang="90,0,0" color="0,220,0" radius="0.5" length="4" />
		<capsule pos="-17.249999999999996,-30.25,-31.049999999999994" vel="0,0,0" mass="1" elasticityCoef="1" ang="90,0,0" color="0,220,0" radius="0.5" length="4" />
		<capsule pos="-17.249999999999996,-30.25,-28.749999999999993" vel="0,0,0" mass="1" elasticityCoef="1" ang="90,0,0" color="0,220,0" radius="0.5" length="4" />
		<capsule pos="-17.249999999999996,-30.25,-26.449999999999996" vel="0,0,0" mass="1" elasticityCoef="1" ang="90,0,0" color="0,220,0" radius="0.5" length="4" />
		<capsule pos="-17.249999999999996,-30.25,-24.149999999999995" vel="0,0,0" mass="1" elasticityCoef="1" ang="90,0,0" color="0,220,0" radius="0.5" length="4" />
		<capsule pos="-17.249999999999996,-30.25,-21.849999999999994" vel="0,0,0" mass="1" elasticityCoef="1" ang="90,0,0" color="0,220,0" radius="0.5" length="4" />
		<capsule pos="-17.249999999999996,-30.25,-19.549999999999997" vel="0,0,0" mass="1" elasticityCoef="1" ang="90,0,0" color="0,220,0" radius="0.5" length="4" />
		<capsule pos="-17.249999999999996,-30.25,-17.249999999999996" vel="0,0,0" mass="1" elasticityCoef="1" ang="90,0,0" color="0,220,0" radius="0.5" length="4" />
		<capsule pos="-17.249999999999996,-30.25,-14.949999999999996" vel="0,0,0" mass="1" elasticityCoef="1" ang="90,0,0" color="0,220,0" radius="0.5" length="4" />
		<capsule pos="-17.249999999999996,-30.25,-12.649999999999995" vel="0,0,0" mass="1" elasticityCoef="1" ang="90,0,0" color="0,220,0" radius="0.5" length="4" />
		<capsule pos="-17.249999999999996,-30.25,-10.349999999999994" vel="0,0,0" mass="1" elasticityCoef="1" ang="90,0,0" color="0,220,0" radius="0.5" length="4" />
		<capsule pos="-17.249999999999996,-30.25,-8.049999999999997" vel="0,0,0" mass="1" elasticityCoef="1" ang="90,0,0" color="0,220,0" radius="0.5" length="4" />
		<capsule pos="-17.249999999999996,-30.25,-5.7499999999999964" vel="0,0,0" mass="1" elasticityCoef="1" ang="90,0,0" color="0,220,0" radius="0.5" length="4" />
		<capsule pos="-17.249999999999996,-30.25,-3.4499999999999957" vel="0,0,0" mass="1" elasticityCoef="1" ang="90,0,0" color="0,220,0" radius="0.5" length="4" />
		<capsule pos="-17.249999999999996,-30.25,-1.1499999999999986" vel="0,0,0" mass="1" elasticityCoef="1" ang="90,0,0" color="0,220,0" radius="0.5" length="4" />
		<capsule pos="-17.249999999999996,-30.25,1.1500000000000057" vel="0,0,0" mass="1" elasticityCoef="1" ang="90,0,0" color="0,220,0" radius="0.5" length="4" />
		<capsule pos="-17.249999999999996,-30.25,3.450000000000003" vel="0,0,0" mass="1" elasticityCoef="1" ang="90,0,0" color="0,220,0" radius="0.5" length="4" />
		<capsule pos="-17.249999999999996,-30.25,5.75" vel="0,0,0" mass="1" elasticityCoef="1" ang="90,0,0" color="0,220,0" radius="0.5" length="4" />
		<capsule pos="-17.249999999999996,-30.25,8.050000000000004" vel="0,0,0" mass="1" elasticityCoef="1" ang="90,0,0" color="0,220,0" radius="0.5" length="4" />
		<capsule pos="-17.249999999999996,-30.25,10.350000000000001" vel="0,0,0" mass="1" elasticityCoef="1" ang="90,0,0" color="0,220,0" radius="0.5" length="4" />
		<capsule pos="-17.249999999999996,-30.25,12.650000000000006" vel="0,0,0" mass="1" elasticityCoef="1" ang="90,0,0" color="0,220,0" radius="0.5" length="4" />
		<capsule pos="-17.249999999999996,-30.25,14.950000000000003" vel="0,0,0" mass="1" elasticityCoef="1" ang="90,0,0" color="0,220,0" radius="0.5" length="4" />
		<capsule pos="-17.249999999999996,-30.25,17.25" vel="0,0,0" mass="1" elasticityCoef="1" ang="90,0,0" color="0,220,0" radius="0.5" length="4" />
		<capsule pos="-17.249999999999996,-30.25,19.550000000000004" vel="0,0,0" mass="1" elasticityCoef="1" ang="90,0,0" color="0,220,0" radius="0.5" length="4" />
		<capsule pos="-17.249999999999996,-30.25,21.85" vel="0,0,0" mass="1" elasticityCoef="1" ang="90,0,0" color="0,220,0" radius="0.5" length="4" />
		<capsule pos="-17.249999999999996,-30.25,24.15" vel="0,0,0" mass="1" elasticityCoef="1" ang="90,0,0" color="0,220,0" radius="0.5" length="4" />
		<capsule pos="-17.249999999999996,-30.25,26.450000000000003" vel="0,0,0" mass="1" elasticityCoef="1" ang="90,0,0" color="0,220,0" radius="0.5" length="4" />
		<capsule pos="-17.249999999999996,-30.25,28.75" vel="0,0,0" mass="1" elasticityCoef="1" ang="90,0,0" color="0,220,0" radius="0.5" length="4" />
		<capsule pos="-17.249999999999996,-30.25,31.049999999999997" vel="0,0,0" mass="1" elasticityCoef="1" ang="90,0,0" color="0,220,0" radius="0.5" length="4" />
		<capsule pos="-17.249999999999996,-24.75,-33.349999999999994" vel="0,0,0" mass="1" elasticityCoef="1" ang="90,0,0" color="0,220,0" radius="0.5" length="4" />
		<capsule pos="-17.249999999999996,-24.75,-31.049999999999994" vel="0,0,0" mass="1" elasticityCoef="1" ang="90,0,0" color="0,220,0" radius="0.5" length="4" />
		<capsule pos="-17.249999999999996,-24.75,-28.749999999999993" vel="0,0,0" mass="1" elasticityCoef="1" ang="90,0,0" color="0,220,0" radius="0.5" length="4" />
		<capsule pos="-17.249999999999996,-24.75,-26.449999999999996" vel="0,0,0" mass="1" elasticityCoef="1" ang="90,0,0" color="0,220,0" radius="0.5" length="4" />
		<capsule pos="-17.249999999999996,-24.75,-24.149999999999995" vel="0,0,0" mass="1" elasticityCoef="1" ang="90,0,0" color="0,220,0" radius="0.5" length="4" />
		<capsule pos="-17.249999999999996,-24.75,-21.849999999999994" vel="0,0,0" mass="1" elasticityCoef="1" ang="90,0,0" color="0,220,0" radius="0.5" length="4" />
		<capsule pos="-17.249999999999996,-24.75,-19.549999999999997" vel="0,0,0" mass="1" elasticityCoef="1" ang="90,0,0" color="0,220,0" radius="0.5" length="4" />
		<capsule pos="-17.249999999999996,-24.75,-17.249999999999996" vel="0,0,0" mass="1" elasticityCoef="1" ang="90,0,0" color="0,220,0" radius="0.5" length="4" />
		<capsule pos="-17.249999999999996,-24.75,-14.949999999999996" vel="0,0,0" mass="1" elasticityCoef="1" ang="90,0,0" color="0,220,0" radius="0.5" length="4" />
		<capsule pos="-17.249999999999996,-24.75,-12.649999999999995" vel="0,0,0" mass="1" elasticityCoef="1" ang="90,0,0" color="0,220,0" radius="0.5" length="4" />
		<capsule pos="-17.249999999999996,-24.75,-10.349999999999994" vel="0,0,0" mass="1" elasticityCoef="1" ang="90,0,0" color="0,220,0" radius="0.5" length="4" />
		<capsule pos="-17.249999999999996,-24.75,-8.049999999999997" vel="0,0,0" mass="1" elasticityCoef="1" ang="90,0,0" color="0,220,0" radius="0.5" length="4" />
		<capsule pos="-17.249999999999996,-24.75,-5.7499999999999964" vel="0,0,0" mass="1" elasticityCoef="1" ang="90,0,0" color="0,220,0" radius="0.5" length="4" />
		<capsule pos="-17.249999999999996,-24.75,-3.4499999999999957" vel="0,0,0" mass="1" elasticityCoef="1" ang="90,0,0" color="0,220,0" radius="0.5" length="4" />
		<capsule pos="-17.249999999999996,-24.75,-1.1499999999999986" vel="0,0,0" mass="1" elasticityCoef="1" ang="90,0,0" color="0,220,0" radius="0.5" length="4" />
		<capsule pos="-17.249999999999996,-24.75,1.1500000000000057" vel="0,0,0" mass="1" elasticityCoef="1" ang="90,0,0" color="0,220,0" radius="0.5" length="4" />
		<capsule pos="-17.249999999999996,-24.75,3.450000000000003" vel="0,0,0" mass="1" elasticityCoef="1" ang="90,0,0" color="0,220,0" radius="0.5" length="4" />
		<capsule pos="-17.249999999999996,-24.75,5.75" vel="0,0,0" mass="1" elasticityCoef="1" ang="90,0,0" color="0,220,0" radius="0.5" length="4" />
		<capsule pos="-17.249999999999996,-24.75,8.050000000000004" vel="0,0,0" mass="1" elasticityCoef="1" ang="90,0,0" color="0,220,0" radius="0.5" length="4" />
		<capsule pos="-17.249999999999996,-24.75,10.350000000000001" vel="0,0,0" mass="1" elasticityCoef="1" ang="90,0,0" color="0,220,0" radius="0.5" length="4" />
		<capsule pos="-17.249999999999996,-24.75,12.650000000000006" vel="0,0,0" mass="1" elasticityCoef="1" ang="90,0,0" color="0,220,0" radius="0.5" length="4" />
		<capsule pos="-17.249999999999996,-24.75,14.950000000000003" vel="0,0,0" mass="1" elasticityCoef="1" ang="90,0,0" color="0,220,0" radius="0.5" length="4" />
		<capsule pos="-17.249999999999996,-24.75,17.25" vel="0,0,0" mass="1" elasticityCoef="1" ang="90,0,0" color="0,220,0" radius="0.5" length="4" />
		<capsule pos="-17.249999999999996,-24.75,19.550000000000004" vel="0,0,0" mass="1" elasticityCoef="1" ang="90,0,0" color="0,220,0" radius="0.5" length="4" />
		<capsule pos="-17.249999999999996,-24.75,21.85" vel="0,0,0" mass="1" elasticityCoef="1" ang="90,0,0" color="0,220,0" radius="0.5" length="4" />
		<capsule pos="-17.249999999999996,-24.75,24.15" vel="0,0,0" mass="1" elasticityCoef="1" ang="90,0,0" color="0,220,0" radius="0.5" length="4" />
		<capsule pos="-17.249999999999996,-24.75,26.450000000000003" vel="0,0,0" mass="1" elasticityCoef="1" ang="90,0,0" color="0,220,0" radius="0.5" length="4" />
		<capsule pos="-17.249999999999996,-24.75,28.75" vel="0,0,0" mass="1" elasticityCoef="1" ang="90,0,0" color="0,220,0" radius="0.5" length="4" />
		<capsule pos="-17.249999999999996,-24.75,31.049999999999997" vel="0,0,0" mass="1" elasticityCoef="1" ang="90,0,0" color="0,220,0" radius="0.5" length="4" />
		<capsule pos="-17.249999999999996,-19.25,-33.349999999999994" vel="0,0,0" mass="1" elasticityCoef="1" ang="90,0,0" color="0,220,0" radius="0.5" length="4" />
		<capsule pos="-17.249999999999996,-19.25,-31.049999999999994" vel="0,0,0" mass="1" elasticityCoef="1" ang="90,0,0" color="0,220,0" radius="0.5" length="4" />
		<capsule pos="-17.249999999999996,-19.25,-28.749999999999993" vel="0,0,0" mass="1" elasticityCoef="1" ang="90,0,0" color="0,220,0" radius="0.5" length="4" />
		<capsule pos="-17.249999999999996,-19.25,-26.449999999999996" vel="0,0,0" mass="1" elasticityCoef="1" ang="90,0,0" color="0,220,0" radius="0.5" length="4" />
		<capsule pos="-17.249999999999996,-19.25,-24.149999999999995" vel="0,0,0" mass="1" elasticityCoef="1" ang="90,0,0" color="0,220,0" radius="0.5" length="4" />
		<capsule pos="-17.249999999999996,-19.25,-21.849999999999994" vel="0,0,0" mass="1" elasticityCoef="1" ang="90,0,0" color="0,220,0" radius="0.5" length="4" />
		<capsule pos="-17.249999999999996,-19.25,-19.549999999999997" vel="0,0,0" mass="1" elasticityCoef="1" ang="90,0,0" color="0,220,0" radius="0.5" length="4" />
		<capsule pos="-17.249999999999996,-19.25,-17.249999999999996" vel="0,0,0" mass="1" elasticityCoef="1" ang="90,0,0" color="0,220,0" radius="0.5" length="4" />
		<capsule pos="-17.249999999999996,-19.25,-14.949999999999996" vel="0,0,0" mass="1" elasticityCoef="1" ang="90,0,0" color="0,220,0" radius="0.5" length="4" />
		<capsule pos="-17.249999999999996,-19.25,-12.649999999999995" vel="0,0,0" mass="1" elasticityCoef="1" ang="90,0,0" color="0,220,0" radius="0.5" length="4" />
		<capsule pos="-17.249999999999996,-19.25,-10.349999999999994" vel="0,0,0" mass="1" elasticityCoef="1" ang="90,0,0" color="0,220,0" radius="0.5" length="4" />
		<capsule pos="-17.249999999999996,-19.25,-8.049999999999997" vel="0,0,0" mass="1" elasticityCoef="1" ang="90,0,0" color="0,220,0" radius="0.5" length="4" />
		<capsule pos="-17.249999999999996,-19.25,-5.7499999999999964" vel="0,0,0" mass="1" elasticityCoef="1" ang="90,0,0" color="0,220,0" radius="0.5" length="4" />
		<capsule pos="-17.249999999999996,-19.25,-3.4499999999999957" vel="0,0,0" mass="1" elasticityCoef="1" ang="90,0,0" color="0,220,0" radius="0.5" length="4" />
		<capsule pos="-17.249999999999996,-19.25,-1.1499999999999986" vel="0,0,0" mass="1" elasticityCoef="1" ang="90,0,0" color="0,220,0" radius="0.5" length="4" />
		<capsule pos="-17.249999999999996,-19.25,1.1500000000000057" vel="0,0,0" mass="1" elasticityCoef="1" ang="90,0,0" color="0,220,0" radius="0.5" length="4" />
		<capsule pos="-17.249999999999996,-19.25,3.450000000000003" vel="0,0,0" mass="1" elasticityCoef="1" ang="90,0,0" color="0,220,0" radius="0.5" length="4" />
		<capsule pos="-17.249999999999996,-19.25,5.75" vel="0,0,0" mass="1" elasticityCoef="1" ang="90,0,0" color="0,220,0" radius="0.5" length="4" />
		<capsule pos="-17.249999999999996,-19.25,8.050000000000004" vel="0,0,0" mass="1" elasticityCoef="1" ang="90,0,0" color="0,220,0" radius="0.5" length="4" />
		<capsule pos="-17.249999999999996,-19.25,10.350000000000001" vel="0,0,0" mass="1" elasticityCoef="1" ang="90,0,0" color="0,220,0" radius="0.5" length="4" />
		<capsule pos="-17.249999999999996,-19.25,12.650000000000006" vel="0,0,0" mass="1" elasticityCoef="1" ang="90,0,0" color="0,220,0" radius="0.5" length="4" />
		<capsule pos="-17.249999999999996,-19.25,14.950000000000003" vel="0,0,0" mass="1" elasticityCoef="1" ang="90,0,0" color="0,220,0" radius="0.5" length="4" />
		<capsule pos="-17.249999999999996,-19.25,17.25" vel="0,0,0" mass="1" elasticityCoef="1" ang="90,0,0" color="0,220,0" radius="0.5" length="4" />
		<capsule pos="-17.249999999999996,-19.25,19.550000000000004" vel="0,0,0" mass="1" elasticityCoef="1" ang="90,0,0" color="0,220,0" radius="0.5" length="4" />
		<capsule pos="-17.249999999999996,-19.25,21.85" vel="0,0,0" mass="1" elasticityCoef="1" ang="90,0,0" color="0,220,0" radius="0.5" length="4" />
		<capsule pos="-17.249999999999996,-19.25,24.15" vel="0,0,0" mass="1" elasticityCoef="1" ang="90,0,0" color="0,220,0" radius="0.5" length="4" />
		<capsule pos="-17.249999999999996,-19.25,26.450000000000003" vel="0,0,0" mass="1" elasticityCoef="1" ang="90,0,0" color="0,220,0" radius="0.5" length="4" />
		<capsule pos="-17.249999999999996,-19.25,28.75" vel="0,0,0" mass="1" elasticityCoef="1" ang="90,0,0" color="0,220,0" radius="0.5" length="4" />
		<capsule pos="-17.249999999999996,-19.25,31.049999999999997" vel="0,0,0" mass="1" elasticityCoef="1" ang="90,0,0" color="0,220,0" radius="0.5" length="4" />
		<capsule pos="-17.249999999999996,-13.75,-33.349999999999994" vel="0,0,0" mass="1" elasticityCoef="1" ang="90,0,0" color="0,220,0" radius="0.5" length="4" />
		<capsule pos="-17.249999999999996,-13.75,-31.049999999999994" vel="0,0,0" mass="1" elasticityCoef="1" ang="90,0,0" color="0,220,0" radius="0.5" length="4" />
		<capsule pos="-17.249999999999996,-13.75,-28.749999999999993" vel="0,0,0" mass="1" elasticityCoef="1" ang="90,0,0" color="0,220,0" radius="0.5" length="4" />
		<capsule pos="-17.249999999999996,-13.75,-26.449999999999996" vel="0,0,0" mass="1" elasticityCoef="1" ang="90,0,0" color="0,220,0" radius="0.5" length="4" />
		<capsule pos="-17.249999999999996,-13.75,-24.149999999999995" vel="0,0,0" mass="1" elasticityCoef="1" ang="90,0,0" color="0,220,0" radius="0.5" length="4" />
		<capsule pos="-17.249999999999996,-13.75,-21.849999999999994" vel="0,0,0" mass="1" elasticityCoef="1" ang="90,0,0" color="0,220,0" radius="0.5" length="4" />
		<capsule pos="-17.249999999999996,-13.75,-19.549999999999997" vel="0,0,0" mass="1" elasticityCoef="1" ang="90,0,0" color="0,220,0" radius="0.5" length="4" />
		<capsule pos="-17.249999999999996,-13.75,-17.249999999999996" vel="0,0,0" mass="1" elasticityCoef="1" ang="90,0,0" color="0,220,0" radius="0.5" length="4" />
		<capsule pos="-17.249999999999996,-13.75,-14.949999999999996" vel="0,0,0" mass="1" elasticityCoef="1" ang="90,0,0" color="0,220,0" radius="0.5" length="4" />
		<capsule pos="-17.249999999999996,-13.75,-12.649999999999995" vel="0,0,0" mass="1" elasticityCoef="1" ang="90,0,0" color="0,220,0" radius="0.5" length="4" />
		<capsule pos="-17.249999999999996,-13.75,-10.349999999999994" vel="0,0,0" mass="1" elasticityCoef="1" ang="90,0,0" color="0,220,0" radius="0.5" length="4" />
		<capsule pos="-17.249999999999996,-13.75,-8.049999999999997" vel="0,0,0" mass="1" elasticityCoef="1" ang="90,0,0" color="0,220,0" radius="0.5" length="4" />
		<capsule pos="-17.249999999999996,-13.75,-5.7499999999999964" vel="0,0,0" mass="1" elasticityCoef="1" ang="90,0,0" color="0,220,0" radius="0.5" length="4" />
		<capsule pos="-17.249999999999996,-13.75,-3.4499999999999957" vel="0,0,0" mass="1" elasticityCoef="1" ang="90,0,0" color="0,220,0" radius="0.5" length="4" />
		<capsule pos="-17.249999999999996,-13.75,-1.1499999999999986" vel="0,0,0" mass="1" elasticityCoef="1" ang="90,0,0" color="0,220,0" radius="0.5" length="4" />
		<capsule pos="-17.249999999999996,-13.75,1.1500000000000057" vel="0,0,0" mass="1" elasticityCoef="1" ang="90,0,0" color="0,220,0" radius="0.5" length="4" />
		<capsule pos="-17.249999999999996,-13.75,3.450000000000003" vel="0,0,0" mass="1" elasticityCoef="1" ang="90,0,0" color="0,220,0" radius="0.5" length="4" />
		<capsule pos="-17.249999999999996,-13.75,5.75" vel="0,0,0" mass="1" elasticityCoef="1" ang="90,0,0" color="0,220,0" radius="0.5" length="4" />
		<capsule pos="-17.249999999999996,-13.75,8.050000000000004" vel="0,0,0" mass="1" elasticityCoef="1" ang="90,0,0" color="0,220,0" radius="0.5" length="4" />
		<capsule pos="-17.249999999999996,-13.75,10.350000000000001" vel="0,0,0" mass="1" elasticityCoef="1" ang="90,0,0" color="0,220,0" radius="0.5" length="4" />
		<capsule pos="-17.249999999999996,-13.75,12.650000000000006" vel="0,0,0" mass="1" elasticityCoef="1" ang="90,0,0" color="0,220,0" radius="0.5" length="4" />
		<capsule pos="-17.249999999999996,-13.75,14.950000000000003" vel="0,0,0" mass="1" elasticityCoef="1" ang="90,0,0" color="0,220,0" radius="0.5" length="4" />
		<capsule pos="-17.249999999999996,-13.75,17.25" vel="0,0,0" mass="1" elasticityCoef="1" ang="90,0,0" color="0,220,0" radius="0.5" length="4" />
		<capsule pos="-17.249999999999996,-13.75,19.550000000000004" vel="0,0,0" mass="1" elasticityCoef="1" ang="90,0,0" color="0,220,0" radius="0.5" length="4" />
		<capsule pos="-17.249999999999996,-13.75,21.85" vel="0,0,0" mass="1" elasticityCoef="1" ang="90,0,0" color="0,220,0" radius="0.5" length="4" />
		<capsule pos="-17.249999999999996,-13.75,24.15" vel="0,0,0" mass="1" elasticityCoef="1" ang="90,0,0" color="0,220,0" radius="0.5" length="4" />
		<capsule pos="-17.249999999999996,-13.75,26.450000000000003" vel="0,0,0" mass="1" elasticityCoef="1" ang="90,0,0" color="0,220,0" radius="0.5" length="4" />
		<capsule pos="-17.249999999999996,-13.75,28.75" vel="0,0,0" mass="1" elasticityCoef="1" ang="90,0,0" color="0,220,0" radius="0.5" length="4" />
		<capsule pos="-17.249999999999996,-13.75,31.049999999999997" vel="0,0,0" mass="1" elasticityCoef="1" ang="90,0,0" color="0,220,0" radius="0.5" length="4" />
		<capsule pos="-17.249999999999996,-8.25,-33.349999999999994" vel="0,0,0" mass="1" elasticityCoef="1" ang="90,0,0" color="0,220,0" radius="0.5" length="4" />
		<capsule pos="-17.249999999999996,-8.25,-31.049999999999994" vel="0,0,0" mass="1" elasticityCoef="1" ang="90,0,0" color="0,220,0" radius="0.5" length="4" />
		<capsule pos="-17.249999999999996,-8.25,-28.749999999999993" vel="0,0,0" mass="1" elasticityCoef="1" ang="90,0,0" color="0,220,0" radius="0.5" length="4" />
		<capsule pos="-17.249999999999996,-8.25,-26.449999999999996" vel="0,0,0" mass="1" elasticityCoef="1" ang="90,0,0" color="0,220,0" radius="0.5" length="4" />
		<capsule pos="-17.249999999999996,-8.25,-24.149999999999995" vel="0,0,0" mass="1" elasticityCoef="1" ang="90,0,0" color="0,220,0" radius="0.5" length="4" />
		<capsule pos="-17.249999999999996,-8.25,-21.849999999999994" vel="0,0,0" mass="1" elasticityCoef="1" ang="90,0,0" color="0,220,0" radius="0.5" length="4" />
		<capsule pos="-17.249999999999996,-8.25,-19.549999999999997" vel="0,0,0" mass="1" elasticityCoef="1" ang="90,0,0" color="0,220,0" radius="0.5" length="4" />
		<capsule pos="-17.249999999999996,-8.25,-17.249999999999996" vel="0,0,0" mass="1" elasticityCoef="1" ang="90,0,0" color="0,220,0" radius="0.5" length="4" />
		<capsule pos="-17.249999999999996,-8.25,-14.949999999999996" vel="0,0,0" mass="1" elasticityCoef="1" ang="90,0,0" color="0,220,0" radius="0.5" length="4" />
		<capsule pos="-17.249999999999996,-8.25,-12.649999999999995" vel="0,0,0" mass="1" elasticityCoef="1" ang="90,0,0" color="0,220,0" radius="0.5" length="4" />
		<capsule pos="-17.249999999999996,-8.25,-10.349999999999994" vel="0,0,0" mass="1" elasticityCoef="1" ang="90,0,0" color="0,220,0" radius="0.5" length="4" />
		<capsule pos="-17.249999999999996,-8.25,-8.049999999999997" vel="0,0,0" mass="1" elasticityCoef="1" ang="90,0,0" color="0,220,0" radius="0.5" length="4" />
		<capsule pos="-17.249999999999996,-8.25,-5.7499999999999964" vel="0,0,0" mass="1" elasticityCoef="1" ang="90,0,0" color="0,220,0" radius="0.5" length="4" />
		<capsule pos="-17.249999999999996,-8.25,-3.4499999999999957" vel="0,0,0" mass="1" elasticityCoef="1" ang="90,0,0" color="0,220,0" radius="0.5" length="4" />
		<capsule pos="-17.249999999999996,-8.25,-1.1499999999999986" vel="0,0,0" mass="1" elasticityCoef="1" ang="90,0,0" color="0,220,0" radius="0.5" length="4" />
		<capsule pos="-17.249999999999996,-8.25,1.1500000000000057" vel="0,0,0" mass="1" elasticityCoef="1" ang="90,0,0" color="0,220,0" radius="0.5" length="4" />
		<capsule pos="-17.249999999999996,-8.25,3.450000000000003" vel="0,0,0" mass="1" elasticityCoef="1" ang="90,0,0" color="0,220,0" radius="0.5" length="4" />
		<capsule pos="-17.249999999999996,-8.25,5.75" vel="0,0,0" mass="1" elasticityCoef="1" ang="90,0,0" color="0,220,0" radius="0.5" length="4" />
		<capsule pos="-17.249999999999996,-8.25,8.050000000000004" vel="0,0,0" mass="1" elasticityCoef="1" ang="90,0,0" color="0,220,0" radius="0.5" length="4" />
		<capsule pos="-17.249999999999996,-8.25,10.350000000000001" vel="0,0,0" mass="1" elasticityCoef="1" ang="90,0,0" color="0,220,0" radius="0.5" length="4" />
		<capsule pos="-17.249999999999996,-8.25,12.650000000000006" vel="0,0,0" mass="1" elasticityCoef="1" ang="90,0,0" color="0,220,0" radius="0.5" length="4" />
		<capsule pos="-17.249999999999996,-8.25,14.950000000000003" vel="0,0,0" mass="1" elasticityCoef="1" ang="90,0,0" color="0,220,0" radius="0.5" length="4" />
		<capsule pos="-17.249999999999996,-8.25,17.25" vel="0,0,0" mass="1" elasticityCoef="1" ang="90,0,0" color="0,220,0" radius="0.5" length="4" />
		<capsule pos="-17.249999999999996,-8.25,19.550000000000004" vel="0,0,0" mass="1" elasticityCoef="1" ang="90,0,0" color="0,220,0" radius="0.5" length="4" />
		<capsule pos="-17.249999999999996,-8.25,21.85" vel="0,0,0" mass="1" elasticityCoef="1" ang="90,0,0" color="0,220,0" radius="0.5" length="4" />
		<capsule pos="-17.249999999999996,-8.25,24.15" vel="0,0,0" mass="1" elasticityCoef="1" ang="90,0,0" color="0,220,0" radius="0.5" length="4" />
		<capsule pos="-17.249999999999996,-8.25,26.450000000000003" vel="0,0,0" mass="1" elasticityCoef="1" ang="90,0,0" color="0,220,0" radius="0.5" length="4" />
		<capsule pos="-17.249999999999996,-8.25,28.75" vel="0,0,0" mass="1" elasticityCoef="1" ang="90,0,0" color="0,220,0" radius="0.5" length="4" />
		<capsule pos="-17.249999999999996,-8.25,31.049999999999997" vel="0,0,0" mass="1" elasticityCoef="1" ang="90,0,0" color="0,220,0" radius="0.5" length="4" />
		<capsule pos="-17.249999999999996,-2.75,-33.349999999999994" vel="0,0,0" mass="1" elasticityCoef="1" ang="90,0,0" color="0,220,0" radius="0.5" length="4" />
		<capsule pos="-17.249999999999996,-2.75,-31.049999999999994" vel="0,0,0" mass="1" elasticityCoef="1" ang="90,0,0" color="0,220,0" radius="0.5" length="4" />
		<capsule pos="-17.249999999999996,-2.75,-28.749999999999993" vel="0,0,0" mass="1" elasticityCoef="1" ang="90,0,0" color="0,220,0" radius="0.5" length="4" />
		<capsule pos="-17.249999999999996,-2.75,-26.449999999999996" vel="0,0,0" mass="1" elasticityCoef="1" ang="90,0,0" color="0,220,0" radius="0.5" length="4" />
		<capsule pos="-17.249999999999996,-2.75,-24.149999999999995" vel="0,0,0" mass="1" elasticityCoef="1" ang="90,0,0" color="0,220,0" radius="0.5" length="4" />
		<capsule pos="-17.249999999999996,-2.75,-21.849999999999994" vel="0,0,0" mass="1" elasticityCoef="1" ang="90,0,0" color="0,220,0" radius="0.5" length="4" />
		<capsule pos="-17.249999999999996,-2.75,-19.549999999999997" vel="0,0,0" mass="1" elasticityCoef="1" ang="90,0,0" color="0,220,0" radius="0.5" length="4" />
		<capsule pos="-17.249999999999996,-2.75,-17.249999999999996" vel="0,0,0" mass="1" elasticityCoef="1" ang="90,0,0" color="0,220,0" radius="0.5" length="4" />
		<capsule pos="-17.249999999999996,-2.75,-14.949999999999996" vel="0,0,0" mass="1" elasticityCoef="1" ang="90,0,0" color="0,220,0" radius="0.5" length="4" />
		<capsule pos="-17.249999999999996,-2.75,-12.649999999999995" vel="0,0,0" mass="1" elasticityCoef="1" ang="90,0,0" color="0,220,0" radius="0.5" length="4" />
		<capsule pos="-17.249999999999996,-2.75,-10.349999999999994" vel="0,0,0" mass="1" elasticityCoef="1" ang="90,0,0" color="0,220,0" radius="0.5" length="4" />
		<capsule pos="-17.249999999999996,-2.75,-8.049999999999997" vel="0,0,0" mass="1" elasticityCoef="1" ang="90,0,0" color="0,220,0" radius="0.5" length="4" />
		<capsule pos="-17.249999999999996,-2.75,-5.7499999999999964" vel="0,0,0" mass="1" elasticityCoef="1" ang="90,0,0" color="0,220,0" radius="0.5" length="4" />
		<capsule pos="-17.249999999999996,-2.75,-3.4499999999999957" vel="0,0,0" mass="1" elasticityCoef="1" ang="90,0,0" color="0,220,0" radius="0.5" length="4" />
		<capsule pos="-17.249999999999996,-2.75,-1.1499999999999986" vel="0,0,0" mass="1" elasticityCoef="1" ang="90,0,0" color="0,220,0" radius="0.5" length="4" />
		<capsule pos="-17.249999999999996,-2.75,1.1500000000000057" vel="0,0,0" mass="1" elasticityCoef="1" ang="90,0,0" color="0,220,0" radius="0.5" length="4" />
		<capsule pos="-17.249999999999996,-2.75,3.450000000000003" vel="0,0,0" mass="1" elasticityCoef="1" ang="90,0,0" color="0,220,0" radius="0.5" length="4" />
		<capsule pos="-17.249999999999996,-2.75,5.75" vel="0,0,0" mass="1" elasticityCoef="1" ang="90,0,0" color="0,220,0" radius="0.5" length="4" />
		<capsule pos="-17.249999999999996,-2.75,8.050000000000004" vel="0,0,0" mass="1" elasticityCoef="1" ang="90,0,0" color="0,220,0" radius="0.5" length="4" />
		<capsule pos="-17.249999999999996,-2.75,10.350000000000001" vel="0,0,0" mass="1" elasticityCoef="1" ang="90,0,0" color="0,220,0" radius="0.5" length="4" />
		<capsule pos="-17.249999999999996,-2.75,12.650000000000006" vel="0,0,0" mass="1" elasticityCoef="1" ang="90,0,0" color="0,220,0" radius="0.5" length="4" />
		<capsule pos="-17.249999999999996,-2.75,14.950000000000003" vel="0,0,0" mass="1" elasticityCoef="1" ang="90,0,0" color="0,220,0" radius="0.5" length="4" />
		<capsule pos="-17.249999999999996,-2.75,17.25" vel="0,0,0" mass="1" elasticityCoef="1" ang="90,0,0" color="0,220,0" radius="0.5" length="4" />
		<capsule pos="-17.249999999999996,-2.75,19.550000000000004" vel="0,0,0" mass="1" elasticityCoef="1" ang="90,0,0" color="0,220,0" radius="0.5" length="4" />
		<capsule pos="-17.249999999999996,-2.75,21.85" vel="0,0,0" mass="1" elasticityCoef="1" ang="90,0,0" color="0,220,0" radius="0.5" length="4" />
		<capsule pos="-17.249999999999996,-2.75,24.15" vel="0,0,0" mass="1" elasticityCoef="1" ang="90,0,0" color="0,220,0" radius="0.5" length="4" />
		<capsule pos="-17.249999999999996,-2.75,26.450000000000003" vel="0,0,0" mass="1" elasticityCoef="1" ang="90,0,0" color="0,220,0" radius="0.5" length="4" />
		<capsule pos="-17.249999999999996,-2.75,28.75" vel="0,0,0" mass="1" elasticityCoef="1" ang="90,0,0" color="0,220,0" radius="0.5" length="4" />
		<capsule pos="-17.249999999999996,-2.75,31.049999999999997" vel="0,0,0" mass="1" elasticityCoef="1" ang="90,0,0" color="0,220,0" radius="0.5" length="4" />
		<capsule pos="-17.249999999999996,2.75,-33.349999999999994" vel="0,0,0" mass="1" elasticityCoef="1" ang="90,0,0" color="0,220,0" radius="0.5" length="4" />
		<capsule pos="-17.249999999999996,2.75,-31.049999999999994" vel="0,0,0" mass="1" elasticityCoef="1" ang="90,0,0" color="0,220,0" radius="0.5" length="4" />
		<capsule pos="-17.249999999999996,2.75,-28.749999999999993" vel="0,0,0" mass="1" elasticityCoef="1" ang="90,0,0" color="0,220,0" radius="0.5" length="4" />
		<capsule pos="-17.249999999999996,2.75,-26.449999999999996" vel="0,0,0" mass="1" elasticityCoef="1" ang="90,0,0" color="0,220,0" radius="0.5" length="4" />
		<capsule pos="-17.249999999999996,2.75,-24.149999999999995" vel="0,0,0" mass="1" elasticityCoef="1" ang="90,0,0" color="0,220,0" radius="0.5" length="4" />
		<capsule pos="-17.249999999999996,2.75,-21.849999999999994" vel="0,0,0" mass="1" elasticityCoef="1" ang="90,0,0" color="0,220,0" radius="0.5" length="4" />
		<capsule pos="-17.249999999999996,2.75,-19.549999999999997" vel="0,0,0" mass="1" elasticityCoef="1" ang="90,0,0" color="0,220,0" radius="0.5" length="4" />
		<capsule pos="-17.249999999999996,2.75,-17.249999999999996" vel="0,0,0" mass="1" elasticityCoef="1" ang="90,0,0" color="0,220,0" radius="0.5" length="4" />
		<capsule pos="-17.249999999999996,2.75,-14.949999999999996" vel="0,0,0" mass="1" elasticityCoef="1" ang="90,0,0" color="0,220,0" radius="0.5" length="4" />
		<capsule pos="-17.249999999999996,2.75,-12.649999999999995" vel="0,0,0" mass="1" elasticityCoef="1" ang="90,0,0" color="0,220,0" radius="0.5" length="4" />
		<capsule pos="-17.249999999999996,2.75,-10.349999999999994" vel="0,0,0" mass="1" elasticityCoef="1" ang="90,0,0" color="0,220,0" radius="0.5" length="4" />
		<capsule pos="-17.249999999999996,2.75,-8.049999999999997" vel="0,0,0" mass="1" elasticityCoef="1" ang="90,0,0" color="0,220,0" radius="0.5" length="4" />
		<capsule pos="-17.249999999999996,2.75,-5.7499999999999964" vel="0,0,0" mass="1" elasticityCoef="1" ang="90,0,0" color="0,220,0" radius="0.5" length="4" />
		<capsule pos="-17.249999999999996,2.75,-3.4499999999999957" vel="0,0,0" mass="1" elasticityCoef="1" ang="90,0,0" color="0,220,0" radius="0.5" length="4" />
		<capsule pos="-17.249999999999996,2.75,-1.1499999999999986" vel="0,0,0" mass="1" elasticityCoef="1" ang="90,0,0" color="0,220,0" radius="0.5" length="4" />
		<capsule pos="-17.249999999999996,2.75,1.1500000000000057" vel="0,0,0" mass="1" elasticityCoef="1" ang="90,0,0" color="0,220,0" radius="0.5" length="4" />
		<capsule pos="-17.249999999999996,2.75,3.450000000000003" vel="0,0,0" mass="1" elasticityCoef="1" ang="90,0,0" color="0,220,0" radius="0.5" length="4" />
		<capsule pos="-17.249999999999996,2.75,5.75" vel="0,0,0" mass="1" elasticityCoef="1" ang="90,0,0" color="0,220,0" radius="0.5" length="4" />
		<capsule pos="-17.249999999999996,2.75,8.050000000000004" vel="0,0,0" mass="1" elasticityCoef="1" ang="90,0,0" color="0,220,0" radius="0.5" length="4" />
		<capsule pos="-17.249999999999996,2.75,10.350000000000001" vel="0,0,0" mass="1" elasticityCoef="1" ang="90,0,0" color="0,220,0" radius="0.5" length="4" />
		<capsule pos="-17.249999999999996,2.75,12.650000000000006" vel="0,0,0" mass="1" elasticityCoef="1" ang="90,0,0" color="0,220,0" radius="0.5" length="4" />
		<capsule pos="-17.249999999999996,2.75,14.950000000000003" vel="0,0,0" mass="1" elasticityCoef="1" ang="90,0,0" color="0,220,0" radius="0.5" length="4" />
		<capsule pos="-17.249999999999996,2.75,17.25" vel="0,0,0" mass="1" elasticityCoef="1" ang="90,0,0" color="0,220,0" radius="0.5" length="4" />
		<capsule pos="-17.249999999999996,2.75,19.550000000000004" vel="0,0,0" mass="1" elasticityCoef="1" ang="90,0,0" color="0,220,0" radius="0.5" length="4" />
		<capsule pos="-17.249999999999996,2.75,21.85" vel="0,0,0" mass="1" elasticityCoef="1" ang="90,0,0" color="0,220,0" radius="0.5" length="4" />
		<capsule pos="-17.249999999999996,2.75,24.15" vel="0,0,0" mass="1" elasticityCoef="1" ang="90,0,0" color="0,220,0" radius="0.5" length="4" />
		<capsule pos="-17.249999999999996,2.75,26.450000000000003" vel="0,0,0" mass="1" elasticityCoef="1" ang="90,0,0" color="0,220,0" radius="0.5" length="4" />
		<capsule pos="-17.249999999999996,2.75,28.75" vel="0,0,0" mass="1" elasticityCoef="1" ang="90,0,0" color="0,220,0" radius="0.5" length="4" />
		<capsule pos="-17.249999999999996,2.75,31.049999999999997" vel="0,0,0" mass="1" elasticityCoef="1" ang="90,0,0" color="0,220,0" radius="0.5" length="4" />
		<capsule pos="-17.249999999999996,8.25,-33.349999999999994" vel="0,0,0" mass="1" elasticityCoef="1" ang="90,0,0" color="0,220,0" radius="0.5" length="4" />
		<capsule pos="-17.249999999999996,8.25,-31.049999999999994" vel="0,0,0" mass="1" elasticityCoef="1" ang="90,0,0" color="0,220,0" radius="0.5" length="4" />
		<capsule pos="-17.249999999999996,8.25,-28.749999999999993" vel="0,0,0" mass="1" elasticityCoef="1" ang="90,0,0" color="0,220,0" radius="0.5" length="4" />
		<capsule pos="-17.249999999999996,8.25,-26.449999999999996" vel="0,0,0" mass="1" elasticityCoef="1" ang="90,0,0" color="0,220,0" radius="0.5" length="4" />
		<capsule pos="-17.249999999999996,8.25,-24.149999999999995" vel="0,0,0" mass="1" elasticityCoef="1" ang="90,0,0" color="0,220,0" radius="0.5" length="4" />
		<capsule pos="-17.249999999999996,8.25,-21.849999999999994" vel="0,0,0" mass="1" elasticityCoef="1" ang="90,0,0" color="0,220,0" radius="0.5" length="4" />
		<capsule pos="-17.249999999999996,8.25,-19.549999999999997" vel="0,0,0" mass="1" elasticityCoef="1" ang="90,0,0" color="0,220,0" radius="0.5" length="4" />
		<capsule pos="-17.249999999999996,8.25,-17.249999999999996" vel="0,0,0" mass="1" elasticityCoef="1" ang="90,0,0" color="0,220,0" radius="0.5" length="4" />
		<capsule pos="-17.249999999999996,8.25,-14.949999999999996" vel="0,0,0" mass="1" elasticityCoef="1" ang="90,0,0" color="0,220,0" radius="0.5" length="4" />
		<capsule pos="-17.249999999999996,8.25,-12.649999999999995" vel="0,0,0" mass="1" elasticityCoef="1" ang="90,0,0" color="0,220,0" radius="0.5" length="4" />
		<capsule pos="-17.249999999999996,8.25,-10.349999999999994" vel="0,0,0" mass="1" elasticityCoef="1" ang="90,0,0" color="0,220,0" radius="0.5" length="4" />
		<capsule pos="-17.249999999999996,8.25,-8.049999999999997" vel="0,0,0" mass="1" elasticityCoef="1" ang="90,0,0" color="0,220,0" radius="0.5" length="4" />
		<capsule pos="-17.249999999999996,8.25,-5.7499999999999964" vel="0,0,0" mass="1" elasticityCoef="1" ang="90,0,0" color="0,220,0" radius="0.5" length="4" />
		<capsule pos="-17.249999999999996,8.25,-3.4499999999999957" vel="0,0,0" mass="1" elasticityCoef="1" ang="90,0,0" color="0,220,0" radius="0.5" length="4" />
		<capsule pos="-17.249999999999996,8.25,-1.1499999999999986" vel="0,0,0" mass="1" elasticityCoef="1" ang="90,0,0" color="0,220,0" radius="0.5" length="4" />
		<capsule pos="-17.249999999999996,8.25,1.1500000000000057" vel="0,0,0" mass="1" elasticityCoef="1" ang="90,0,0" color="0,220,0" radius="0.5" length="4" />
		<capsule pos="-17.249999999999996,8.25,3.450000000000003" vel="0,0,0" mass="1" elasticityCoef="1" ang="90,0,0" color="0,220,0" radius="0.5" length="4" />
		<capsule pos="-17.249999999999996,8.25,5.75" vel="0,0,0" mass="1" elasticityCoef="1" ang="90,0,0" color="0,220,0" radius="0.5" length="4" />
		<capsule pos="-17.249999999999996,8.25,8.050000000000004" vel="0,0,0" mass="1" elasticityCoef="1" ang="90,0,0" color="0,220,0" radius="0.5" length="4" />
		<capsule pos="-17.249999999999996,8.25,10.350000000000001" vel="0,0,0" mass="1" elasticityCoef="1" ang="90,0,0" color="0,220,0" radius="0.5" length="4" />
		<capsule pos="-17.249999999999996,8.25,12.650000000000006" vel="0,0,0" mass="1" elasticityCoef="1" ang="90,0,0" color="0,220,0" radius="0.5" length="4" />
		<capsule pos="-17.249999999999996,8.25,14.950000000000003" vel="0,0,0" mass="1" elasticityCoef="1" ang="90,0,0" color="0,220,0" radius="0.5" length="4" />
		<capsule pos="-17.249999999999996,8.25,17.25" vel="0,0,0" mass="1" elasticityCoef="1" ang="90,0,0" color="0,220,0" radius="0.5" length="4" />
		<capsule pos="-17.249999999999996,8.25,19.550000000000004" vel="0,0,0" mass="1" elasticityCoef="1" ang="90,0,0" color="0,220,0" radius="0.5" length="4" />
		<capsule pos="-17.249999999999996,8.25,21.85" vel="0,0,0" mass="1" elasticityCoef="1" ang="90,0,0" color="0,220,0" radius="0.5" length="4" />
		<capsule pos="-17.249999999999996,8.25,24.15" vel="0,0,0" mass="1" elasticityCoef="1" ang="90,0,0" color="0,220,0" radius="0.5" length="4" />
		<capsule pos="-17.249999999999996,8.25,26.450000000000003" vel="0,0,0" mass="1" elasticityCoef="1" ang="90,0,0" color="0,220,0" radius="0.5" length="4" />
		<capsule pos="-17.249999999999996,8.25,28.75" vel="0,0,0" mass="1" elasticityCoef="1" ang="90,0,0" color="0,220,0" radius="0.5" length="4" />
		<capsule pos="-17.249999999999996,8.25,31.049999999999997" vel="0,0,0" mass="1" elasticityCoef="1" ang="90,0,0" color="0,220,0" radius="0.5" length="4" />
		<capsule pos="-17.249999999999996,13.75,-33.349999999999994" vel="0,0,0" mass="1" elasticityCoef="1" ang="90,0,0" color="0,220,0" radius="0.5" length="4" />
		<capsule pos="-17.249999999999996,13.75,-31.049999999999994" vel="0,0,0" mass="1" elasticityCoef="1" ang="90,0,0" color="0,220,0" radius="0.5" length="4" />
		<capsule pos="-17.249999999999996,13.75,-28.749999999999993" vel="0,0,0" mass="1" elasticityCoef="1" ang="90,0,0" color="0,220,0" radius="0.5" length="4" />
		<capsule pos="-17.249999999999996,13.75,-26.449999999999996" vel="0,0,0" mass="1" elasticityCoef="1" ang="90,0,0" color="0,220,0" radius="0.5" length="4" />
		<capsule pos="-17.249999999999996,13.75,-24.149999999999995" vel="0,0,0" mass="1" elasticityCoef="1" ang="90,0,0" color="0,220,0" radius="0.5" length="4" />
		<capsule pos="-17.249999999999996,13.75,-21.849999999999994" vel="0,0,0" mass="1" elasticityCoef="1" ang="90,0,0" color="0,220,0" radius="0.5" length="4" />
		<capsule pos="-17.249999999999996,13.75,-19.549999999999997" vel="0,0,0" mass="1" elasticityCoef="1" ang="90,0,0" color="0,220,0" radius="0.5" length="4" />
		<capsule pos="-17.249999999999996,13.75,-17.249999999999996" vel="0,0,0" mass="1" elasticityCoef="1" ang="90,0,0" color="0,220,0" radius="0.5" length="4" />
		<capsule pos="-17.249999999999996,13.75,-14.949999999999996" vel="0,0,0" mass="1" elasticityCoef="1" ang="90,0,0" color="0,220,0" radius="0.5" length="4" />
		<capsule pos="-17.249999999999996,13.75,-12.649999999999995" vel="0,0,0" mass="1" elasticityCoef="1" ang="90,0,0" color="0,220,0" radius="0.5" length="4" />
		<capsule pos="-17.249999999999996,13.75,-10.349999999999994" vel="0,0,0" mass="1" elasticityCoef="1" ang="90,0,0" color="0,220,0" radius="0.5" length="4" />
		<capsule pos="-17.249999999999996,13.75,-8.049999999999997" vel="0,0,0" mass="1" elasticityCoef="1" ang="90,0,0" color="0,220,0" radius="0.5" length="4" />
		<capsule pos="-17.249999999999996,13.75,-5.7499999999999964" vel="0,0,0" mass="1" elasticityCoef="1" ang="90,0,0" color="0,220,0" radius="0.5" length="4" />
		<capsule pos="-17.249999999999996,13.75,-3.4499999999999957" vel="0,0,0" mass="1" elasticityCoef="1" ang="90,0,0" color="0,220,0" radius="0.5" length="4" />
		<capsule pos="-17.249999999999996,13.75,-1.1499999999999986" vel="0,0,0" mass="1" elasticityCoef="1" ang="90,0,0" color="0,220,0" radius="0.5" length="4" />
		<capsule pos="-17.249999999999996,13.75,1.1500000000000057" vel="0,0,0" mass="1" elasticityCoef="1" ang="90,0,0" color="0,220,0" radius="0.5" length="4" />
		<capsule pos="-17.249999999999996,13.75,3.450000000000003" vel="0,0,0" mass="1" elasticityCoef="1" ang="90,0,0" color="0,220,0" radius="0.5" length="4" />
		<capsule pos="-17.249999999999996,13.75,5.75" vel="0,0,0" mass="1" elasticityCoef="1" ang="90,0,0" color="0,220,0" radius="0.5" length="4" />
		<capsule pos="-17.249999999999996,13.75,8.050000000000004" vel="0,0,0" mass="1" elasticityCoef="1" ang="90,0,0" color="0,220,0" radius="0.5" length="4" />
		<capsule pos="-17.249999999999996,13.75,10.350000000000001" vel="0,0,0" mass="1" elasticityCoef="1" ang="90,0,0" color="0,220,0" radius="0.5" length="4" />
		<capsule pos="-17.249999999999996,13.75,12.650000000000006" vel="0,0,0" mass="1" elasticityCoef="1" ang="90,0,0" color="0,220,0" radius="0.5" length="4" />
		<capsule pos="-17.249999999999996,13.75,14.950000000000003" vel="0,0,0" mass="1" elasticityCoef="1" ang="90,0,0" color="0,220,0" radius="0.5" length="4" />
		<capsule pos="-17.249999999999996,13.75,17.25" vel="0,0,0" mass="1" elasticityCoef="1" ang="90,0,0" color="0,220,0" radius="0.5" length="4" />
		<capsule pos="-17.249999999999996,13.75,19.550000000000004" vel="0,0,0" mass="1" elasticityCoef="1" ang="90,0,0" color="0,220,0" radius="0.5" length="4" />
		<capsule pos="-17.249999999999996,13.75,21.85" vel="0,0,0" mass="1" elasticityCoef="1" ang="90,0,0" color="0,220,0" radius="0.5" length="4" />
		<capsule pos="-17.249999999999996,13.75,24.15" vel="0,0,0" mass="1" elasticityCoef="1" ang="90,0,0" color="0,220,0" radius="0.5" length="4" />
		<capsule pos="-17.249999999999996,13.75,26.450000000000003" vel="0,0,0" mass="1" elasticityCoef="1" ang="90,0,0" color="0,220,0" radius="0.5" length="4" />
		<capsule pos="-17.249999999999996,13.75,28.75" vel="0,0,0" mass="1" elasticityCoef="1" ang="90,0,0" color="0,220,0" radius="0.5" length="4" />
		<capsule pos="-17.249999999999996,13.75,31.049999999999997" vel="0,0,0" mass="1" elasticityCoef="1" ang="90,0,0" color="0,220,0" radius="0.5" length="4" />
		<capsule pos="-17.249999999999996,19.25,-33.349999999999994" vel="0,0,0" mass="1" elasticityCoef="1" ang="90,0,0" color="0,220,0" radius="0.5" length="4" />
		<capsule pos="-17.249999999999996,19.25,-31.049999999999994" vel="0,0,0" mass="1" elasticityCoef="1" ang="90,0,0" color="0,220,0" radius="0.5" length="4" />
		<capsule pos="-17.249999999999996,19.25,-28.749999999999993" vel="0,0,0" mass="1" elasticityCoef="1" ang="90,0,0" color="0,220,0" radius="0.5" length="4" />
		<capsule pos="-17.249999999999996,19.25,-26.449999999999996" vel="0,0,0" mass="1" elasticityCoef="1" ang="90,0,0" color="0,220,0" radius="0.5" length="4" />
		<capsule pos="-17.249999999999996,19.25,-24.149999999999995" vel="0,0,0" mass="1" elasticityCoef="1" ang="90,0,0" color="0,220,0" radius="0.5" length="4" />
		<capsule pos="-17.249999999999996,19.25,-21.849999999999994" vel="0,0,0" mass="1" elasticityCoef="1" ang="90,0,0" color="0,220,0" radius="0.5" length="4" />
		<capsule pos="-17.249999999999996,19.25,-19.549999999999997" vel="0,0,0" mass="1" elasticityCoef="1" ang="90,0,0" color="0,220,0" radius="0.5" length="4" />
		<capsule pos="-17.249999999999996,19.25,-17.249999999999996" vel="0,0,0" mass="1" elasticityCoef="1" ang="90,0,0" color="0,220,0" radius="0.5" length="4" />
		<capsule pos="-17.249999999999996,19.25,-14.949999999999996" vel="0,0,0" mass="1" elasticityCoef="1" ang="90,0,0" color="0,220,0" radius="0.5" length="4" />
		<capsule pos="-17.249999999999996,19.25,-12.649999999999995" vel="0,0,0" mass="1" elasticityCoef="1" ang="90,0,0" color="0,220,0" radius="0.5" length="4" />
		<capsule pos="-17.249999999999996,19.25,-10.349999999999994" vel="0,0,0" mass="1" elasticityCoef="1" ang="90,0,0" color="0,220,0" radius="0.5" length="4" />
		<capsule pos="-17.249999999999996,19.25,-8.049999999999997" vel="0,0,0" mass="1" elasticityCoef="1" ang="90,0,0" color="0,220,0" radius="0.5" length="4" />
		<capsule pos="-17.249999999999996,19.25,-5.7499999999999964" vel="0,0,0" mass="1" elasticityCoef="1" ang="90,0,0" color="0,220,0" radius="0.5" length="4" />
		<capsule pos="-17.249999999999996,19.25,-3.4499999999999957" vel="0,0,0" mass="1" elasticityCoef="1" ang="90,0,0" color="0,220,0" radius="0.5" length="4" />
		<capsule pos="-17.249999999999996,19.25,-1.1499999999999986" vel="0,0,0" mass="1" elasticityCoef="1" ang="90,0,0" color="0,220,0" radius="0.5" length="4" />
		<capsule pos="-17.249999999999996,19.25,1.1500000000000057" vel="0,0,0" mass="1" elasticityCoef="1" ang="90,0,0" color="0,220,0" radius="0.5" length="4" />
		<capsule pos="-17.249999999999996,19.25,3.450000000000003" vel="0,0,0" mass="1" elasticityCoef="1" ang="90,0,0" color="0,220,0" radius="0.5" length="4" />
		<capsule pos="-17.249999999999996,19.25,5.75" vel="0,0,0" mass="1" elasticityCoef="1" ang="90,0,0" color="0,220,0" radius="0.5" length="4" />
		<capsule pos="-17.249999999999996,19.25,8.050000000000004" vel="0,0,0" mass="1" elasticityCoef="1" ang="90,0,0" color="0,220,0" radius="0.5" length="4" />
		<capsule pos="-17.249999999999996,19.25,10.350000000000001" vel="0,0,0" mass="1" elasticityCoef="1" ang="90,0,0" color="0,220,0" radius="0.5" length="4" />
		<capsule pos="-17.249999999999996,19.25,12.650000000000006" vel="0,0,0" mass="1" elasticityCoef="1" ang="90,0,0" color="0,220,0" radius="0.5" length="4" />
		<capsule pos="-17.249999999999996,19.25,14.950000000000003" vel="0,0,0" mass="1" elasticityCoef="1" ang="90,0,0" color="0,220,0" radius="0.5" length="4" />
		<capsule pos="-17.249999999999996,19.25,17.25" vel="0,0,0" mass="1" elasticityCoef="1" ang="90,0,0" color="0,220,0" radius="0.5" length="4" />
		<capsule pos="-17.249999999999996,19.25,19.550000000000004" vel="0,0,0" mass="1" elasticityCoef="1" ang="90,0,0" color="0,220,0" radius="0.5" length="4" />
		<capsule pos="-17.249999999999996,19.25,21.85" vel="0,0,0" mass="1" elasticityCoef="1" ang="90,0,0" color="0,220,0" radius="0.5" length="4" />
		<capsule pos="-17.249999999999996,19.25,24.15" vel="0,0,0" mass="1" elasticityCoef="1" ang="90,0,0" color="0,220,0" radius="0.5" length="4" />
		<capsule pos="-17.249999999999996,19.25,26.450000000000003" vel="0,0,0" mass="1" elasticityCoef="1" ang="90,0,0" color="0,220,0" radius="0.5" length="4" />
		<capsule pos="-17.249999999999996,19.25,28.75" vel="0,0,0" mass="1" elasticityCoef="1" ang="90,0,0" color="0,220,0" radius="0.5" length="4" />
		<capsule pos="-17.249999999999996,19.25,31.049999999999997" vel="0,0,0" mass="1" elasticityCoef="1" ang="90,0,0" color="0,220,0" radius="0.5" length="4" />
		<capsule pos="-17.249999999999996,24.75,-33.349999999999994" vel="0,0,0" mass="1" elasticityCoef="1" ang="90,0,0" color="0,220,0" radius="0.5" length="4" />
		<capsule pos="-17.249999999999996,24.75,-31.049999999999994" vel="0,0,0" mass="1" elasticityCoef="1" ang="90,0,0" color="0,220,0" radius="0.5" length="4" />
		<capsule pos="-17.249999999999996,24.75,-28.749999999999993" vel="0,0,0" mass="1" elasticityCoef="1" ang="90,0,0" color="0,220,0" radius="0.5" length="4" />
		<capsule pos="-17.249999999999996,24.75,-26.449999999999996" vel="0,0,0" mass="1" elasticityCoef="1" ang="90,0,0" color="0,220,0" radius="0.5" length="4" />
		<capsule pos="-17.249999999999996,24.75,-24.149999999999995" vel="0,0,0" mass="1" elasticityCoef="1" ang="90,0,0" color="0,220,0" radius="0.5" length="4" />
		<capsule pos="-17.249999999999996,24.75,-21.849999999999994" vel="0,0,0" mass="1" elasticityCoef="1" ang="90,0,0" color="0,220,0" radius="0.5" length="4" />
		<capsule pos="-17.249999999999996,24.75,-19.549999999999997" vel="0,0,0" mass="1" elasticityCoef="1" ang="90,0,0" color="0,220,0" radius="0.5" length="4" />
		<capsule pos="-17.249999999999996,24.75,-17.249999999999996" vel="0,0,0" mass="1" elasticityCoef="1" ang="90,0,0" color="0,220,0" radius="0.5" length="4" />
		<capsule pos="-17.249999999999996,24.75,-14.949999999999996" vel="0,0,0" mass="1" elasticityCoef="1" ang="90,0,0" color="0,220,0" radius="0.5" length="4" />
		<capsule pos="-17.249999999999996,24.75,-12.649999999999995" vel="0,0,0" mass="1" elasticityCoef="1" ang="90,0,0" color="0,220,0" radius="0.5" length="4" />
		<capsule pos="-17.249999999999996,24.75,-10.349999999999994" vel="0,0,0" mass="1" elasticityCoef="1" ang="90,0,0" color="0,220,0" radius="0.5" length="4" />
		<capsule pos="-17.249999999999996,24.75,-8.049999999999997" vel="0,0,0" mass="1" elasticityCoef="1" ang="90,0,0" color="0,220,0" radius="0.5" length="4" />
		<capsule pos="-17.249999999999996,24.75,-5.7499999999999964" vel="0,0,0" mass="1" elasticityCoef="1" ang="90,0,0" color="0,220,0" radius="0.5" length="4" />
		<capsule pos="-17.249999999999996,24.75,-3.4499999999999957" vel="0,0,0" mass="1" elasticityCoef="1" ang="90,0,0" color="0,220,0" radius="0.5" length="4" />
		<capsule pos="-17.249999999999996,24.75,-1.1499999999999986" vel="0,0,0" mass="1" elasticityCoef="1" ang="90,0,0" color="0,220,0" radius="0.5" length="4" />
		<capsule pos="-17.249999999999996,24.75,1.1500000000000057" vel="0,0,0" mass="1" elasticityCoef="1" ang="90,0,0" color="0,220,0" radius="0.5" length="4" />
		<capsule pos="-17.249999999999996,24.75,3.450000000000003" vel="0,0,0" mass="1" elasticityCoef="1" ang="90,0,0" color="0,220,0" radius="0.5" length="4" />
		<capsule pos="-17.249999999999996,24.75,5.75" vel="0,0,0" mass="1" elasticityCoef="1" ang="90,0,0" color="0,220,0" radius="0.5" length="4" />
		<capsule pos="-17.249999999999996,24.75,8.050000000000004" vel="0,0,0" mass="1" elasticityCoef="1" ang="90,0,0" color="0,220,0" radius="0.5" length="4" />
		<capsule pos="-17.249999999999996,24.75,10.350000000000001" vel="0,0,0" mass="1" elasticityCoef="1" ang="90,0,0" color="0,220,0" radius="0.5" length="4" />
		<capsule pos="-17.249999999999996,24.75,12.650000000000006" vel="0,0,0" mass="1" elasticityCoef="1" ang="90,0,0" color="0,220,0" radius="0.5" length="4" />
		<capsule pos="-17.249999999999996,24.75,14.950000000000003" vel="0,0,0" mass="1" elasticityCoef="1" ang="90,0,0" color="0,220,0" radius="0.5" length="4" />
		<capsule pos="-17.249999999999996,24.75,17.25" vel="0,0,0" mass="1" elasticityCoef="1" ang="90,0,0" color="0,220,0" radius="0.5" length="4" />
		<capsule pos="-17.249999999999996,24.75,19.550000000000004" vel="0,0,0" mass="1" elasticityCoef="1" ang="90,0,0" color="0,220,0" radius="0.5" length="4" />
		<capsule pos="-17.249999999999996,24.75,21.85" vel="0,0,0" mass="1" elasticityCoef="1" ang="90,0,0" color="0,220,0" radius="0.5" length="4" />
		<capsule pos="-17.249999999999996,24.75,24.15" vel="0,0,0" mass="1" elasticityCoef="1" ang="90,0,0" color="0,220,0" radius="0.5" length="4" />
		<capsule pos="-17.249999999999996,24.75,26.450000000000003" vel="0,0,0" mass="1" elasticityCoef="1" ang="90,0,0" color="0,220,0" radius="0.5" length="4" />
		<capsule pos="-17.249999999999996,24.75,28.75" vel="0,0,0" mass="1" elasticityCoef="1" ang="90,0,0" color="0,220,0" radius="0.5" length="4" />
		<capsule pos="-17.249999999999996,24.75,31.049999999999997" vel="0,0,0" mass="1" elasticityCoef="1" ang="90,0,0" color="0,220,0" radius="0.5" length="4" />
		<capsule pos="-17.249999999999996,30.25,-33.349999999999994" vel="0,0,0" mass="1" elasticityCoef="1" ang="90,0,0" color="0,220,0" radius="0.5" length="4" />
		<capsule pos="-17.249999999999996,30.25,-31.049999999999994" vel="0,0,0" mass="1" elasticityCoef="1" ang="90,0,0" color="0,220,0" radius="0.5" length="4" />
		<capsule pos="-17.249999999999996,30.25,-28.749999999999993" vel="0,0,0" mass="1" elasticityCoef="1" ang="90,0,0" color="0,220,0" radius="0.5" length="4" />
		<capsule pos="-17.249999999999996,30.25,-26.449999999999996" vel="0,0,0" mass="1" elasticityCoef="1" ang="90,0,0" color="0,220,0" radius="0.5" length="4" />
		<capsule pos="-17.249999999999996,30.25,-24.149999999999995" vel="0,0,0" mass="1" elasticityCoef="1" ang="90,0,0" color="0,220,0" radius="0.5" length="4" />
		<capsule pos="-17.249999999999996,30.25,-21.849999999999994" vel="0,0,0" mass="1" elasticityCoef="1" ang="90,0,0" color="0,220,0" radius="0.5" length="4" />
		<capsule pos="-17.249999999999996,30.25,-19.549999999999997" vel="0,0,0" mass="1" elasticityCoef="1" ang="90,0,0" color="0,220,0" radius="0.5" length="4" />
		<capsule pos="-17.249999999999996,30.25,-17.249999999999996" vel="0,0,0" mass="1" elasticityCoef="1" ang="90,0,0" color="0,220,0" radius="0.5" length="4" />
		<capsule pos="-17.249999999999996,30.25,-14.949999999999996" vel="0,0,0" mass="1" elasticityCoef="1" ang="90,0,0" color="0,220,0" radius="0.5" length="4" />
		<capsule pos="-17.249999999999996,30.25,-12.649999999999995" vel="0,0,0" mass="1" elasticityCoef="1" ang="90,0,0" color="0,220,0" radius="0.5" length="4" />
		<capsule pos="-17.249999999999996,30.25,-10.349999999999994" vel="0,0,0" mass="1" elasticityCoef="1" ang="90,0,0" color="0,220,0" radius="0.5" length="4" />
		<capsule pos="-17.249999999999996,30.25,-8.049999999999997" vel="0,0,0" mass="1" elasticityCoef="1" ang="90,0,0" color="0,220,0" radius="0.5" length="4" />
		<capsule pos="-17.249999999999996,30.25,-5.7499999999999964" vel="0,0,0" mass="1" elasticityCoef="1" ang="90,0,0" color="0,220,0" radius="0.5" length="4" />
		<capsule pos="-17.249999999999996,30.25,-3.4499999999999957" vel="0,0,0" mass="1" elasticityCoef="1" ang="90,0,0" color="0,220,0" radius="0.5" length="4" />
		<capsule pos="-17.249999999999996,30.25,-1.1499999999999986" vel="0,0,0" mass="1" elasticityCoef="1" ang="90,0,0" color="0,220,0" radius="0.5" length="4" />
		<capsule pos="-17.249999999999996,30.25,1.1500000000000057" vel="0,0,0" mass="1" elasticityCoef="1" ang="90,0,0" color="0,220,0" radius="0.5" length="4" />
		<capsule pos="-17.249999999999996,30.25,3.450000000000003" vel="0,0,0" mass="1" elasticityCoef="1" ang="90,0,0" color="0,220,0" radius="0.5" length="4" />
		<capsule pos="-17.249999999999996,30.25,5.75" vel="0,0,0" mass="1" elasticityCoef="1" ang="90,0,0" color="0,220,0" radius="0.5" length="4" />
		<capsule pos="-17.249999999999996,30.25,8.050000000000004" vel="0,0,0" mass="1" elasticityCoef="1" ang="90,0,0" color="0,220,0" radius="0.5" length="4" />
		<capsule pos="-17.249999999999996,30.25,10.350000000000001" vel="0,0,0" mass="1" elasticityCoef="1" ang="90,0,0" color="0,220,0" radius="0.5" length="4" />
		<capsule pos="-17.249999999999996,30.25,12.650000000000006" vel="0,0,0" mass="1" elasticityCoef="1" ang="90,0,0" color="0,220,0" radius="0.5" length="4" />
		<capsule pos="-17.249999999999996,30.25,14.950000000000003" vel="0,0,0" mass="1" elasticityCoef="1" ang="90,0,0" color="0,220,0" radius="0.5" length="4" />
		<capsule pos="-17.249999999999996,30.25,17.25" vel="0,0,0" mass="1" elasticityCoef="1" ang="90,0,0" color="0,220,0" radius="0.5" length="4" />
		<capsule pos="-17.249999999999996,30.25,19.550000000000004" vel="0,0,0" mass="1" elasticityCoef="1" ang="90,0,0" color="0,220,0" radius="0.5" length="4" />
		<capsule pos="-17.249999999999996,30.25,21.85" vel="0,0,0" mass="1" elasticityCoef="1" ang="90,0,0" color="0,220,0" radius="0.5" length="4" />
		<capsule pos="-17.249999999999996,30.25,24.15" vel="0,0,0" mass="1" elasticityCoef="1" ang="90,0,0" color="0,220,0" radius="0.5" length="4" />
		<capsule pos="-17.249999999999996,30.25,26.450000000000003" vel="0,0,0" mass="1" elasticityCoef="1" ang="90,0,0" color="0,220,0" radius="0.5" length="4" />
		<capsule pos="-17.249999999999996,30.25,28.75" vel="0,0,0" mass="1" elasticityCoef="1" ang="90,0,0" color="0,220,0" radius="0.5" length="4" />
		<capsule pos="-17.249999999999996,30.25,31.049999999999997" vel="0,0,0" mass="1" elasticityCoef="1" ang="90,0,0" color="0,220,0" radius="0.5" length="4" />
		<capsule pos="-17.249999999999996,35.75,-33.349999999999994" vel="0,0,0" mass="1" elasticityCoef="1" ang="90,0,0" color="0,220,0" radius="0.5" length="4" />
		<capsule pos="-17.249999999999996,35.75,-31.049999999999994" vel="0,0,0" mass="1" elasticityCoef="1" ang="90,0,0" color="0,220,0" radius="0.5" length="4" />
		<capsule pos="-17.249999999999996,35.75,-28.749999999999993" vel="0,0,0" mass="1" elasticityCoef="1" ang="90,0,0" color="0,220,0" radius="0.5" length="4" />
		<capsule pos="-17.249999999999996,35.75,-26.449999999999996" vel="0,0,0" mass="1" elasticityCoef="1" ang="90,0,0" color="0,220,0" radius="0.5" length="4" />
		<capsule pos="-17.249999999999996,35.75,-24.149999999999995" vel="0,0,0" mass="1" elasticityCoef="1" ang="90,0,0" color="0,220,0" radius="0.5" length="4" />
		<capsule pos="-17.249999999999996,35.75,-21.849999999999994" vel="0,0,0" mass="1" elasticityCoef="1" ang="90,0,0" color="0,220,0" radius="0.5" length="4" />
		<capsule pos="-17.249999999999996,35.75,-19.549999999999997" vel="0,0,0" mass="1" elasticityCoef="1" ang="90,0,0" color="0,220,0" radius="0.5" length="4" />
		<capsule pos="-17.249999999999996,35.75,-17.249999999999996" vel="0,0,0" mass="1" elasticityCoef="1" ang="90,0,0" color="0,220,0" radius="0.5" length="4" />
		<capsule pos="-17.249999999999996,35.75,-14.949999999999996" vel="0,0,0" mass="1" elasticityCoef="1" ang="90,0,0" color="0,220,0" radius="0.5" length="4" />
		<capsule pos="-17.249999999999996,35.75,-12.649999999999995" vel="0,0,0" mass="1" elasticityCoef="1" ang="90,0,0" color="0,220,0" radius="0.5" length="4" />
		<capsule pos="-17.249999999999996,35.75,-10.349999999999994" vel="0,0,0" mass="1" elasticityCoef="1" ang="90,0,0" color="0,220,0" radius="0.5" length="4" />
		<capsule pos="-17.249999999999996,35.75,-8.049999999999997" vel="0,0,0" mass="1" elasticityCoef="1" ang="90,0,0" color="0,220,0" radius="0.5" length="4" />
		<capsule pos="-17.249999999999996,35.75,-5.7499999999999964" vel="0,0,0" mass="1" elasticityCoef="1" ang="90,0,0" color="0,220,0" radius="0.5" length="4" />
		<capsule pos="-17.249999999999996,35.75,-3.4499999999999957" vel="0,0,0" mass="1" elasticityCoef="1" ang="90,0,0" color="0,220,0" radius="0.5" length="4" />
		<capsule pos="-17.249999999999996,35.75,-1.1499999999999986" vel="0,0,0" mass="1" elasticityCoef="1" ang="90,0,0" color="0,220,0" radius="0.5" length="4" />
		<capsule pos="-17.249999999999996,35.75,1.1500000000000057" vel="0,0,0" mass="1" elasticityCoef="1" ang="90,0,0" color="0,220,0" radius="0.5" length="4" />
		<capsule pos="-17.249999999999996,35.75,3.450000000000003" vel="0,0,0" mass="1" elasticityCoef="1" ang="90,0,0" color="0,220,0" radius="0.5" length="4" />
		<capsule pos="-17.249999999999996,35.75,5.75" vel="0,0,0" mass="1" elasticityCoef="1" ang="90,0,0" color="0,220,0" radius="0.5" length="4" />
		<capsule pos="-17.249999999999996,35.75,8.050000000000004" vel="0,0,0" mass="1" elasticityCoef="1" ang="90,0,0" color="0,220,0" radius="0.5" length="4" />
		<capsule pos="-17.249999999999996,35.75,10.350000000000001" vel="0,0,0" mass="1" elasticityCoef="1" ang="90,0,0" color="0,220,0" radius="0.5" length="4" />
		<capsule pos="-17.249999999999996,35.75,12.650000000000006" vel="0,0,0" mass="1" elasticityCoef="1" ang="90,0,0" color="0,220,0" radius="0.5" length="4" />
		<capsule pos="-17.249999999999996,35.75,14.950000000000003" vel="0,0,0" mass="1" elasticityCoef="1" ang="90,0,0" color="0,220,0" radius="0.5" length="4" />
		<capsule pos="-17.249999999999996,35.75,17.25" vel="0,0,0" mass="1" elasticityCoef="1" ang="90,0,0" color="0,220,0" radius="0.5" length="4" />
		<capsule pos="-17.249999999999996,35.75,19.550000000000004" vel="0,0,0" mass="1" elasticityCoef="1" ang="90,0,0" color="0,220,0" radius="0.5" length="4" />
		<capsule pos="-17.249999999999996,35.75,21.85" vel="0,0,0" mass="1" elasticityCoef="1" ang="90,0,0" color="0,220,0" radius="0.5" length="4" />
		<capsule pos="-17.249999999999996,35.75,24.15" vel="0,0,0" mass="1" elasticityCoef="1" ang="90,0,0" color="0,220,0" radius="0.5" length="4" />
		<capsule pos="-17.249999999999996,35.75,26.450000000000003" vel="0,0,0" mass="1" elasticityCoef="1" ang="90,0,0" color="0,220,0" radius="0.5" length="4" />
		<capsule pos="-17.249999999999996,35.75,28.75" vel="0,0,0" mass="1" elasticityCoef="1" ang="90,0,0" color="0,220,0" radius="0.5" length="4" />
		<capsule pos="-17.249999999999996,35.75,31.049999999999997" vel="0,0,0" mass="1" elasticityCoef="1" ang="90,0,0" color="0,220,0" radius="0.5" length="4" />
		<capsule pos="-14.949999999999996,-41.25,-33.349999999999994" vel="0,0,0" mass="1" elasticityCoef="1" ang="90,0,0" color="0,220,0" radius="0.5" length="4" />
		<capsule pos="-14.949999999999996,-41.25,-31.049999999999994" vel="0,0,0" mass="1" elasticityCoef="1" ang="90,0,0" color="0,220,0" radius="0.5" length="4" />
		<capsule pos="-14.949999999999996,-41.25,-28.749999999999993" vel="0,0,0" mass="1" elasticityCoef="1" ang="90,0,0" color="0,220,0" radius="0.5" length="4" />
		<capsule pos="-14.949999999999996,-41.25,-26.449999999999996" vel="0,0,0" mass="1" elasticityCoef="1" ang="90,0,0" color="0,220,0" radius="0.5" length="4" />
		<capsule pos="-14.949999999999996,-41.25,-24.149999999999995" vel="0,0,0" mass="1" elasticityCoef="1" ang="90,0,0" color="0,220,0" radius="0.5" length="4" />
		<capsule pos="-14.949999999999996,-41.25,-21.849999999999994" vel="0,0,0" mass="1" elasticityCoef="1" ang="90,0,0" color="0,220,0" radius="0.5" length="4" />
		<capsule pos="-14.949999999999996,-41.25,-19.549999999999997" vel="0,0,0" mass="1" elasticityCoef="1" ang="90,0,0" color="0,220,0" radius="0.5" length="4" />
		<capsule pos="-14.949999999999996,-41.25,-17.249999999999996" vel="0,0,0" mass="1" elasticityCoef="1" ang="90,0,0" color="0,220,0" radius="0.5" length="4" />
		<capsule pos="-14.949999999999996,-41.25,-14.949999999999996" vel="0,0,0" mass="1" elasticityCoef="1" ang="90,0,0" color="0,220,0" radius="0.5" length="4" />
		<capsule pos="-14.949999999999996,-41.25,-12.649999999999995" vel="0,0,0" mass="1" elasticityCoef="1" ang="90,0,0" color="0,220,0" radius="0.5" length="4" />
		<capsule pos="-14.949999999999996,-41.25,-10.349999999999994" vel="0,0,0" mass="1" elasticityCoef="1" ang="90,0,0" color="0,220,0" radius="0.5" length="4" />
		<capsule pos="-14.949999999999996,-41.25,-8.049999999999997" vel="0,0,0" mass="1" elasticityCoef="1" ang="90,0,0" color="0,220,0" radius="0.5" length="4" />
		<capsule pos="-14.949999999999996,-41.25,-5.7499999999999964" vel="0,0,0" mass="1" elasticityCoef="1" ang="90,0,0" color="0,220,0" radius="0.5" length="4" />
		<capsule pos="-14.949999999999996,-41.25,-3.4499999999999957" vel="0,0,0" mass="1" elasticityCoef="1" ang="90,0,0" color="0,220,0" radius="0.5" length="4" />
		<capsule pos="-14.949999999999996,-41.25,-1.1499999999999986" vel="0,0,0" mass="1" elasticityCoef="1" ang="90,0,0" color="0,220,0" radius="0.5" length="4" />
		<capsule pos="-14.949999999999996,-41.25,1.1500000000000057" vel="0,0,0" mass="1" elasticityCoef="1" ang="90,0,0" color="0,220,0" radius="0.5" length="4" />
		<capsule pos="-14.949999999999996,-41.25,3.450000000000003" vel="0,0,0" mass="1" elasticityCoef="1" ang="90,0,0" color="0,220,0" radius="0.5" length="4" />
		<capsule pos="-14.949999999999996,-41.25,5.75" vel="0,0,0" mass="1" elasticityCoef="1" ang="90,0,0" color="0,220,0" radius="0.5" length="4" />
		<capsule pos="-14.949999999999996,-41.25,8.050000000000004" vel="0,0,0" mass="1" elasticityCoef="1" ang="90,0,0" color="0,220,0" radius="0.5" length="4" />
		<capsule pos="-14.949999999999996,-41.25,10.350000000000001" vel="0,0,0" mass="1" elasticityCoef="1" ang="90,0,0" color="0,220,0" radius="0.5" length="4" />
		<capsule pos="-14.949999999999996,-41.25,12.650000000000006" vel="0,0,0" mass="1" elasticityCoef="1" ang="90,0,0" color="0,220,0" radius="0.5" length="4" />
		<capsule pos="-14.949999999999996,-41.25,14.950000000000003" vel="0,0,0" mass="1" elasticityCoef="1" ang="90,0,0" color="0,220,0" radius="0.5" length="4" />
		<capsule pos="-14.949999999999996,-41.25,17.25" vel="0,0,0" mass="1" elasticityCoef="1" ang="90,0,0" color="0,220,0" radius="0.5" length="4" />
		<capsule pos="-14.949999999999996,-41.25,19.550000000000004" vel="0,0,0" mass="1" elasticityCoef="1" ang="90,0,0" color="0,220,0" radius="0.5" length="4" />
		<capsule pos="-14.949999999999996,-41.25,21.85" vel="0,0,0" mass="1" elasticityCoef="1" ang="90,0,0" color="0,220,0" radius="0.5" length="4" />
		<capsule pos="-14.949999999999996,-41.25,24.15" vel="0,0,0" mass="1" elasticityCoef="1" ang="90,0,0" color="0,220,0" radius="0.5" length="4" />
		<capsule pos="-14.949999999999996,-41.25,26.450000000000003" vel="0,0,0" mass="1" elasticityCoef="1" ang="90,0,0" color="0,220,0" radius="0.5" length="4" />
		<capsule pos="-14.949999999999996,-41.25,28.75" vel="0,0,0" mass="1" elasticityCoef="1" ang="90,0,0" color="0,220,0" radius="0.5" length="4" />
		<capsule pos="-14.949999999999996,-41.25,31.049999999999997" vel="0,0,0" mass="1" elasticityCoef="1" ang="90,0,0" color="0,220,0" radius="0.5" length="4" />
		<capsule pos="-14.949999999999996,-35.75,-33.349999999999994" vel="0,0,0" mass="1" elasticityCoef="1" ang="90,0,0" color="0,220,0" radius="0.5" length="4" />
		<capsule pos="-14.949999999999996,-35.75,-31.049999999999994" vel="0,0,0" mass="1" elasticityCoef="1" ang="90,0,0" color="0,220,0" radius="0.5" length="4" />
		<capsule pos="-14.949999999999996,-35.75,-28.749999999999993" vel="0,0,0" mass="1" elasticityCoef="1" ang="90,0,0" color="0,220,0" radius="0.5" length="4" />
		<capsule pos="-14.949999999999996,-35.75,-26.449999999999996" vel="0,0,0" mass="1" elasticityCoef="1" ang="90,0,0" color="0,220,0" radius="0.5" length="4" />
		<capsule pos="-14.949999999999996,-35.75,-24.149999999999995" vel="0,0,0" mass="1" elasticityCoef="1" ang="90,0,0" color="0,220,0" radius="0.5" length="4" />
		<capsule pos="-14.949999999999996,-35.75,-21.849999999999994" vel="0,0,0" mass="1" elasticityCoef="1" ang="90,0,0" color="0,220,0" radius="0.5" length="4" />
		<capsule pos="-14.949999999999996,-35.75,-19.549999999999997" vel="0,0,0" mass="1" elasticityCoef="1" ang="90,0,0" color="0,220,0" radius="0.5" length="4" />
		<capsule pos="-14.949999999999996,-35.75,-17.249999999999996" vel="0,0,0" mass="1" elasticityCoef="1" ang="90,0,0" color="0,220,0" radius="0.5" length="4" />
		<capsule pos="-14.949999999999996,-35.75,-14.949999999999996" vel="0,0,0" mass="1" elasticityCoef="1" ang="90,0,0" color="0,220,0" radius="0.5" length="4" />
		<capsule pos="-14.949999999999996,-35.75,-12.649999999999995" vel="0,0,0" mass="1" elasticityCoef="1" ang="90,0,0" color="0,220,0" radius="0.5" length="4" />
		<capsule pos="-14.949999999999996,-35.75,-10.349999999999994" vel="0,0,0" mass="1" elasticityCoef="1" ang="90,0,0" color="0,220,0" radius="0.5" length="4" />
		<capsule pos="-14.949999999999996,-35.75,-8.049999999999997" vel="0,0,0" mass="1" elasticityCoef="1" ang="90,0,0" color="0,220,0" radius="0.5" length="4" />
		<capsule pos="-14.949999999999996,-35.75,-5.7499999999999964" vel="0,0,0" mass="1" elasticityCoef="1" ang="90,0,0" color="0,220,0" radius="0.5" length="4" />
		<capsule pos="-14.949999999999996,-35.75,-3.4499999999999957" vel="0,0,0" mass="1" elasticityCoef="1" ang="90,0,0" color="0,220,0" radius="0.5" length="4" />
		<capsule pos="-14.949999999999996,-35.75,-1.1499999999999986" vel="0,0,0" mass="1" elasticityCoef="1" ang="90,0,0" color="0,220,0" radius="0.5" length="4" />
		<capsule pos="-14.949999999999996,-35.75,1.1500000000000057" vel="0,0,0" mass="1" elasticityCoef="1" ang="90,0,0" color="0,220,0" radius="0.5" length="4" />
		<capsule pos="-14.949999999999996,-35.75,3.450000000000003" vel="0,0,0" mass="1" elasticityCoef="1" ang="90,0,0" color="0,220,0" radius="0.5" length="4" />
		<capsule pos="-14.949999999999996,-35.75,5.75" vel="0,0,0" mass="1" elasticityCoef="1" ang="90,0,0" color="0,220,0" radius="0.5" length="4" />
		<capsule pos="-14.949999999999996,-35.75,8.050000000000004" vel="0,0,0" mass="1" elasticityCoef="1" ang="90,0,0" color="0,220,0" radius="0.5" length="4" />
		<capsule pos="-14.949999999999996,-35.75,10.350000000000001" vel="0,0,0" mass="1" elasticityCoef="1" ang="90,0,0" color="0,220,0" radius="0.5" length="4" />
		<capsule pos="-14.949999999999996,-35.75,12.650000000000006" vel="0,0,0" mass="1" elasticityCoef="1" ang="90,0,0" color="0,220,0" radius="0.5" length="4" />
		<capsule pos="-14.949999999999996,-35.75,14.950000000000003" vel="0,0,0" mass="1" elasticityCoef="1" ang="90,0,0" color="0,220,0" radius="0.5" length="4" />
		<capsule pos="-14.949999999999996,-35.75,17.25" vel="0,0,0" mass="1" elasticityCoef="1" ang="90,0,0" color="0,220,0" radius="0.5" length="4" />
		<capsule pos="-14.949999999999996,-35.75,19.550000000000004" vel="0,0,0" mass="1" elasticityCoef="1" ang="90,0,0" color="0,220,0" radius="0.5" length="4" />
		<capsule pos="-14.949999999999996,-35.75,21.85" vel="0,0,0" mass="1" elasticityCoef="1" ang="90,0,0" color="0,220,0" radius="0.5" length="4" />
		<capsule pos="-14.949999999999996,-35.75,24.15" vel="0,0,0" mass="1" elasticityCoef="1" ang="90,0,0" color="0,220,0" radius="0.5" length="4" />
		<capsule pos="-14.949999999999996,-35.75,26.450000000000003" vel="0,0,0" mass="1" elasticityCoef="1" ang="90,0,0" color="0,220,0" radius="0.5" length="4" />
		<capsule pos="-14.949999999999996,-35.75,28.75" vel="0,0,0" mass="1" elasticityCoef="1" ang="90,0,0" color="0,220,0" radius="0.5" length="4" />
		<capsule pos="-14.949999999999996,-35.75,31.049999999999997" vel="0,0,0" mass="1" elasticityCoef="1" ang="90,0,0" color="0,220,0" radius="0.5" length="4" />
		<capsule pos="-14.949999999999996,-30.25,-33.349999999999994" vel="0,0,0" mass="1" elasticityCoef="1" ang="90,0,0" color="0,220,0" radius="0.5" length="4" />
		<capsule pos="-14.949999999999996,-30.25,-31.049999999999994" vel="0,0,0" mass="1" elasticityCoef="1" ang="90,0,0" color="0,220,0" radius="0.5" length="4" />
		<capsule pos="-14.949999999999996,-30.25,-28.749999999999993" vel="0,0,0" mass="1" elasticityCoef="1" ang="90,0,0" color="0,220,0" radius="0.5" length="4" />
		<capsule pos="-14.949999999999996,-30.25,-26.449999999999996" vel="0,0,0" mass="1" elasticityCoef="1" ang="90,0,0" color="0,220,0" radius="0.5" length="4" />
		<capsule pos="-14.949999999999996,-30.25,-24.149999999999995" vel="0,0,0" mass="1" elasticityCoef="1" ang="90,0,0" color="0,220,0" radius="0.5" length="4" />
		<capsule pos="-14.949999999999996,-30.25,-21.849999999999994" vel="0,0,0" mass="1" elasticityCoef="1" ang="90,0,0" color="0,220,0" radius="0.5" length="4" />
		<capsule pos="-14.949999999999996,-30.25,-19.549999999999997" vel="0,0,0" mass="1" elasticityCoef="1" ang="90,0,0" color="0,220,0" radius="0.5" length="4" />
		<capsule pos="-14.949999999999996,-30.25,-17.249999999999996" vel="0,0,0" mass="1" elasticityCoef="1" ang="90,0,0" color="0,220,0" radius="0.5" length="4" />
		<capsule pos="-14.949999999999996,-30.25,-14.949999999999996" vel="0,0,0" mass="1" elasticityCoef="1" ang="90,0,0" color="0,220,0" radius="0.5" length="4" />
		<capsule pos="-14.949999999999996,-30.25,-12.649999999999995" vel="0,0,0" mass="1" elasticityCoef="1" ang="90,0,0" color="0,220,0" radius="0.5" length="4" />
		<capsule pos="-14.949999999999996,-30.25,-10.349999999999994" vel="0,0,0" mass="1" elasticityCoef="1" ang="90,0,0" color="0,220,0" radius="0.5" length="4" />
		<capsule pos="-14.949999999999996,-30.25,-8.049999999999997" vel="0,0,0" mass="1" elasticityCoef="1" ang="90,0,0" color="0,220,0" radius="0.5" length="4" />
		<capsule pos="-14.949999999999996,-30.25,-5.7499999999999964" vel="0,0,0" mass="1" elasticityCoef="1" ang="90,0,0" color="0,220,0" radius="0.5" length="4" />
		<capsule pos="-14.949999999999996,-30.25,-3.4499999999999957" vel="0,0,0" mass="1" elasticityCoef="1" ang="90,0,0" color="0,220,0" radius="0.5" length="4" />
		<capsule pos="-14.949999999999996,-30.25,-1.1499999999999986" vel="0,0,0" mass="1" elasticityCoef="1" ang="90,0,0" color="0,220,0" radius="0.5" length="4" />
		<capsule pos="-14.949999999999996,-30.25,1.1500000000000057" vel="0,0,0" mass="1" elasticityCoef="1" ang="90,0,0" color="0,220,0" radius="0.5" length="4" />
		<capsule pos="-14.949999999999996,-30.25,3.450000000000003" vel="0,0,0" mass="1" elasticityCoef="1" ang="90,0,0" color="0,220,0" radius="0.5" length="4" />
		<capsule pos="-14.949999999999996,-30.25,5.75" vel="0,0,0" mass="1" elasticityCoef="1" ang="90,0,0" color="0,220,0" radius="0.5" length="4" />
		<capsule pos="-14.949999999999996,-30.25,8.050000000000004" vel="0,0,0" mass="1" elasticityCoef="1" ang="90,0,0" color="0,220,0" radius="0.5" length="4" />
		<capsule pos="-14.949999999999996,-30.25,10.350000000000001" vel="0,0,0" mass="1" elasticityCoef="1" ang="90,0,0" color="0,220,0" radius="0.5" length="4" />
		<capsule pos="-14.949999999999996,-30.25,12.650000000000006" vel="0,0,0" mass="1" elasticityCoef="1" ang="90,0,0" color="0,220,0" radius="0.5" length="4" />
		<capsule pos="-14.949999999999996,-30.25,14.950000000000003" vel="0,0,0" mass="1" elasticityCoef="1" ang="90,0,0" color="0,220,0" radius="0.5" length="4" />
		<capsule pos="-14.949999999999996,-30.25,17.25" vel="0,0,0" mass="1" elasticityCoef="1" ang="90,0,0" color="0,220,0" radius="0.5" length="4" />
		<capsule pos="-14.949999999999996,-30.25,19.550000000000004" vel="0,0,0" mass="1" elasticityCoef="1" ang="90,0,0" color="0,220,0" radius="0.5" length="4" />
		<capsule pos="-14.949999999999996,-30.25,21.85" vel="0,0,0" mass="1" elasticityCoef="1" ang="90,0,0" color="0,220,0" radius="0.5" length="4" />
		<capsule pos="-14.949999999999996,-30.25,24.15" vel="0,0,0" mass="1" elasticityCoef="1" ang="90,0,0" color="0,220,0" radius="0.5" length="4" />
		<capsule pos="-14.949999999999996,-30.25,26.450000000000003" vel="0,0,0" mass="1" elasticityCoef="1" ang="90,0,0" color="0,220,0" radius="0.5" length="4" />
		<capsule pos="-14.949999999999996,-30.25,28.75" vel="0,0,0" mass="1" elasticityCoef="1" ang="90,0,0" color="0,220,0" radius="0.5" length="4" />
		<capsule pos="-14.949999999999996,-30.25,31.049999999999997" vel="0,0,0" mass="1" elasticityCoef="1" ang="90,0,0" color="0,220,0" radius="0.5" length="4" />
		<capsule pos="-14.949999999999996,-24.75,-33.349999999999994" vel="0,0,0" mass="1" elasticityCoef="1" ang="90,0,0" color="0,220,0" radius="0.5" length="4" />
		<capsule pos="-14.949999999999996,-24.75,-31.049999999999994" vel="0,0,0" mass="1" elasticityCoef="1" ang="90,0,0" color="0,220,0" radius="0.5" length="4" />
		<capsule pos="-14.949999999999996,-24.75,-28.749999999999993" vel="0,0,0" mass="1" elasticityCoef="1" ang="90,0,0" color="0,220,0" radius="0.5" length="4" />
		<capsule pos="-14.949999999999996,-24.75,-26.449999999999996" vel="0,0,0" mass="1" elasticityCoef="1" ang="90,0,0" color="0,220,0" radius="0.5" length="4" />
		<capsule pos="-14.949999999999996,-24.75,-24.149999999999995" vel="0,0,0" mass="1" elasticityCoef="1" ang="90,0,0" color="0,220,0" radius="0.5" length="4" />
		<capsule pos="-14.949999999999996,-24.75,-21.849999999999994" vel="0,0,0" mass="1" elasticityCoef="1" ang="90,0,0" color="0,220,0" radius="0.5" length="4" />
		<capsule pos="-14.949999999999996,-24.75,-19.549999999999997" vel="0,0,0" mass="1" elasticityCoef="1" ang="90,0,0" color="0,220,0" radius="0.5" length="4" />
		<capsule pos="-14.949999999999996,-24.75,-17.249999999999996" vel="0,0,0" mass="1" elasticityCoef="1" ang="90,0,0" color="0,220,0" radius="0.5" length="4" />
		<capsule pos="-14.949999999999996,-24.75,-14.949999999999996" vel="0,0,0" mass="1" elasticityCoef="1" ang="90,0,0" color="0,220,0" radius="0.5" length="4" />
		<capsule pos="-14.949999999999996,-24.75,-12.649999999999995" vel="0,0,0" mass="1" elasticityCoef="1" ang="90,0,0" color="0,220,0" radius="0.5" length="4" />
		<capsule pos="-14.949999999999996,-24.75,-10.349999999999994" vel="0,0,0" mass="1" elasticityCoef="1" ang="90,0,0" color="0,220,0" radius="0.5" length="4" />
		<capsule pos="-14.949999999999996,-24.75,-8.049999999999997" vel="0,0,0" mass="1" elasticityCoef="1" ang="90,0,0" color="0,220,0" radius="0.5" length="4" />
		<capsule pos="-14.949999999999996,-24.75,-5.7499999999999964" vel="0,0,0" mass="1" elasticityCoef="1" ang="90,0,0" color="0,220,0" radius="0.5" length="4" />
		<capsule pos="-14.949999999999996,-24.75,-3.4499999999999957" vel="0,0,0" mass="1" elasticityCoef="1" ang="90,0,0" color="0,220,0" radius="0.5" length="4" />
		<capsule pos="-14.949999999999996,-24.75,-1.1499999999999986" vel="0,0,0" mass="1" elasticityCoef="1" ang="90,0,0" color="0,220,0" radius="0.5" length="4" />
		<capsule pos="-14.949999999999996,-24.75,1.1500000000000057" vel="0,0,0" mass="1" elasticityCoef="1" ang="90,0,0" color="0,220,0" radius="0.5" length="4" />
		<capsule pos="-14.949999999999996,-24.75,3.450000000000003" vel="0,0,0" mass="1" elasticityCoef="1" ang="90,0,0" color="0,220,0" radius="0.5" length="4" />
		<capsule pos="-14.949999999999996,-24.75,5.75" vel="0,0,0" mass="1" elasticityCoef="1" ang="90,0,0" color="0,220,0" radius="0.5" length="4" />
		<capsule pos="-14.949999999999996,-24.75,8.050000000000004" vel="0,0,0" mass="1" elasticityCoef="1" ang="90,0,0" color="0,220,0" radius="0.5" length="4" />
		<capsule pos="-14.949999999999996,-24.75,10.350000000000001" vel="0,0,0" mass="1" elasticityCoef="1" ang="90,0,0" color="0,220,0" radius="0.5" length="4" />
		<capsule pos="-14.949999999999996,-24.75,12.650000000000006" vel="0,0,0" mass="1" elasticityCoef="1" ang="90,0,0" color="0,220,0" radius="0.5" length="4" />
		<capsule pos="-14.949999999999996,-24.75,14.950000000000003" vel="0,0,0" mass="1" elasticityCoef="1" ang="90,0,0" color="0,220,0" radius="0.5" length="4" />
		<capsule pos="-14.949999999999996,-24.75,17.25" vel="0,0,0" mass="1" elasticityCoef="1" ang="90,0,0" color="0,220,0" radius="0.5" length="4" />
		<capsule pos="-14.949999999999996,-24.75,19.550000000000004" vel="0,0,0" mass="1" elasticityCoef="1" ang="90,0,0" color="0,220,0" radius="0.5" length="4" />
		<capsule pos="-14.949999999999996,-24.75,21.85" vel="0,0,0" mass="1" elasticityCoef="1" ang="90,0,0" color="0,220,0" radius="0.5" length="4" />
		<capsule pos="-14.949999999999996,-24.75,24.15" vel="0,0,0" mass="1" elasticityCoef="1" ang="90,0,0" color="0,220,0" radius="0.5" length="4" />
		<capsule pos="-14.949999999999996,-24.75,26.450000000000003" vel="0,0,0" mass="1" elasticityCoef="1" ang="90,0,0" color="0,220,0" radius="0.5" length="4" />
		<capsule pos="-14.949999999999996,-24.75,28.75" vel="0,0,0" mass="1" elasticityCoef="1" ang="90,0,0" color="0,220,0" radius="0.5" length="4" />
		<capsule pos="-14.949999999999996,-24.75,31.049999999999997" vel="0,0,0" mass="1" elasticityCoef="1" ang="90,0,0" color="0,220,0" radius="0.5" length="4" />
		<capsule pos="-14.949999999999996,-19.25,-33.349999999999994" vel="0,0,0" mass="1" elasticityCoef="1" ang="90,0,0" color="0,220,0" radius="0.5" length="4" />
		<capsule pos="-14.949999999999996,-19.25,-31.049999999999994" vel="0,0,0" mass="1" elasticityCoef="1" ang="90,0,0" color="0,220,0" radius="0.5" length="4" />
		<capsule pos="-14.949999999999996,-19.25,-28.749999999999993" vel="0,0,0" mass="1" elasticityCoef="1" ang="90,0,0" color="0,220,0" radius="0.5" length="4" />
		<capsule pos="-14.949999999999996,-19.25,-26.449999999999996" vel="0,0,0" mass="1" elasticityCoef="1" ang="90,0,0" color="0,220,0" radius="0.5" length="4" />
		<capsule pos="-14.949999999999996,-19.25,-24.149999999999995" vel="0,0,0" mass="1" elasticityCoef="1" ang="90,0,0" color="0,220,0" radius="0.5" length="4" />
		<capsule pos="-14.949999999999996,-19.25,-21.849999999999994" vel="0,0,0" mass="1" elasticityCoef="1" ang="90,0,0" color="0,220,0" radius="0.5" length="4" />
		<capsule pos="-14.949999999999996,-19.25,-19.549999999999997" vel="0,0,0" mass="1" elasticityCoef="1" ang="90,0,0" color="0,220,0" radius="0.5" length="4" />
		<capsule pos="-14.949999999999996,-19.25,-17.249999999999996" vel="0,0,0" mass="1" elasticityCoef="1" ang="90,0,0" color="0,220,0" radius="0.5" length="4" />
		<capsule pos="-14.949999999999996,-19.25,-14.949999999999996" vel="0,0,0" mass="1" elasticityCoef="1" ang="90,0,0" color="0,220,0" radius="0.5" length="4" />
		<capsule pos="-14.949999999999996,-19.25,-12.649999999999995" vel="0,0,0" mass="1" elasticityCoef="1" ang="90,0,0" color="0,220,0" radius="0.5" length="4" />
		<capsule pos="-14.949999999999996,-19.25,-10.349999999999994" vel="0,0,0" mass="1" elasticityCoef="1" ang="90,0,0" color="0,220,0" radius="0.5" length="4" />
		<capsule pos="-14.949999999999996,-19.25,-8.049999999999997" vel="0,0,0" mass="1" elasticityCoef="1" ang="90,0,0" color="0,220,0" radius="0.5" length="4" />
		<capsule pos="-14.949999999999996,-19.25,-5.7499999999999964" vel="0,0,0" mass="1" elasticityCoef="1" ang="90,0,0" color="0,220,0" radius="0.5" length="4" />
		<capsule pos="-14.949999999999996,-19.25,-3.4499999999999957" vel="0,0,0" mass="1" elasticityCoef="1" ang="90,0,0" color="0,220,0" radius="0.5" length="4" />
		<capsule pos="-14.949999999999996,-19.25,-1.1499999999999986" vel="0,0,0" mass="1" elasticityCoef="1" ang="90,0,0" color="0,220,0" radius="0.5" length="4" />
		<capsule pos="-14.949999999999996,-19.25,1.1500000000000057" vel="0,0,0" mass="1" elasticityCoef="1" ang="90,0,0" color="0,220,0" radius="0.5" length="4" />
		<capsule pos="-14.949999999999996,-19.25,3.450000000000003" vel="0,0,0" mass="1" elasticityCoef="1" ang="90,0,0" color="0,220,0" radius="0.5" length="4" />
		<capsule pos="-14.949999999999996,-19.25,5.75" vel="0,0,0" mass="1" elasticityCoef="1" ang="90,0,0" color="0,220,0" radius="0.5" length="4" />
		<capsule pos="-14.949999999999996,-19.25,8.050000000000004" vel="0,0,0" mass="1" elasticityCoef="1" ang="90,0,0" color="0,220,0" radius="0.5" length="4" />
		<capsule pos="-14.949999999999996,-19.25,10.350000000000001" vel="0,0,0" mass="1" elasticityCoef="1" ang="90,0,0" color="0,220,0" radius="0.5" length="4" />
		<capsule pos="-14.949999999999996,-19.25,12.650000000000006" vel="0,0,0" mass="1" elasticityCoef="1" ang="90,0,0" color="0,220,0" radius="0.5" length="4" />
		<capsule pos="-14.949999999999996,-19.25,14.950000000000003" vel="0,0,0" mass="1" elasticityCoef="1" ang="90,0,0" color="0,220,0" radius="0.5" length="4" />
		<capsule pos="-14.949999999999996,-19.25,17.25" vel="0,0,0" mass="1" elasticityCoef="1" ang="90,0,0" color="0,220,0" radius="0.5" length="4" />
		<capsule pos="-14.949999999999996,-19.25,19.550000000000004" vel="0,0,0" mass="1" elasticityCoef="1" ang="90,0,0" color="0,220,0" radius="0.5" length="4" />
		<capsule pos="-14.949999999999996,-19.25,21.85" vel="0,0,0" mass="1" elasticityCoef="1" ang="90,0,0" color="0,220,0" radius="0.5" length="4" />
		<capsule pos="-14.949999999999996,-19.25,24.15" vel="0,0,0" mass="1" elasticityCoef="1" ang="90,0,0" color="0,220,0" radius="0.5" length="4" />
		<capsule pos="-14.949999999999996,-19.25,26.450000000000003" vel="0,0,0" mass="1" elasticityCoef="1" ang="90,0,0" color="0,220,0" radius="0.5" length="4" />
		<capsule pos="-14.949999999999996,-19.25,28.75" vel="0,0,0" mass="1" elasticityCoef="1" ang="90,0,0" color="0,220,0" radius="0.5" length="4" />
		<capsule pos="-14.949999999999996,-19.25,31.049999999999997" vel="0,0,0" mass="1" elasticityCoef="1" ang="90,0,0" color="0,220,0" radius="0.5" length="4" />
		<capsule pos="-14.949999999999996,-13.75,-33.349999999999994" vel="0,0,0" mass="1" elasticityCoef="1" ang="90,0,0" color="0,220,0" radius="0.5" length="4" />
		<capsule pos="-14.949999999999996,-13.75,-31.049999999999994" vel="0,0,0" mass="1" elasticityCoef="1" ang="90,0,0" color="0,220,0" radius="0.5" length="4" />
		<capsule pos="-14.949999999999996,-13.75,-28.749999999999993" vel="0,0,0" mass="1" elasticityCoef="1" ang="90,0,0" color="0,220,0" radius="0.5" length="4" />
		<capsule pos="-14.949999999999996,-13.75,-26.449999999999996" vel="0,0,0" mass="1" elasticityCoef="1" ang="90,0,0" color="0,220,0" radius="0.5" length="4" />
		<capsule pos="-14.949999999999996,-13.75,-24.149999999999995" vel="0,0,0" mass="1" elasticityCoef="1" ang="90,0,0" color="0,220,0" radius="0.5" length="4" />
		<capsule pos="-14.949999999999996,-13.75,-21.849999999999994" vel="0,0,0" mass="1" elasticityCoef="1" ang="90,0,0" color="0,220,0" radius="0.5" length="4" />
		<capsule pos="-14.949999999999996,-13.75,-19.549999999999997" vel="0,0,0" mass="1" elasticityCoef="1" ang="90,0,0" color="0,220,0" radius="0.5" length="4" />
		<capsule pos="-14.949999999999996,-13.75,-17.249999999999996" vel="0,0,0" mass="1" elasticityCoef="1" ang="90,0,0" color="0,220,0" radius="0.5" length="4" />
		<capsule pos="-14.949999999999996,-13.75,-14.949999999999996" vel="0,0,0" mass="1" elasticityCoef="1" ang="90,0,0" color="0,220,0" radius="0.5" length="4" />
		<capsule pos="-14.949999999999996,-13.75,-12.649999999999995" vel="0,0,0" mass="1" elasticityCoef="1" ang="90,0,0" color="0,220,0" radius="0.5" length="4" />
		<capsule pos="-14.949999999999996,-13.75,-10.349999999999994" vel="0,0,0" mass="1" elasticityCoef="1" ang="90,0,0" color="0,220,0" radius="0.5" length="4" />
		<capsule pos="-14.949999999999996,-13.75,-8.049999999999997" vel="0,0,0" mass="1" elasticityCoef="1" ang="90,0,0" color="0,220,0" radius="0.5" length="4" />
		<capsule pos="-14.949999999999996,-13.75,-5.7499999999999964" vel="0,0,0" mass="1" elasticityCoef="1" ang="90,0,0" color="0,220,0" radius="0.5" length="4" />
		<capsule pos="-14.949999999999996,-13.75,-3.4499999999999957" vel="0,0,0" mass="1" elasticityCoef="1" ang="90,0,0" color="0,220,0" radius="0.5" length="4" />
		<capsule pos="-14.949999999999996,-13.75,-1.1499999999999986" vel="0,0,0" mass="1" elasticityCoef="1" ang="90,0,0" color="0,220,0" radius="0.5" length="4" />
		<capsule pos="-14.949999999999996,-13.75,1.1500000000000057" vel="0,0,0" mass="1" elasticityCoef="1" ang="90,0,0" color="0,220,0" radius="0.5" length="4" />
		<capsule pos="-14.949999999999996,-13.75,3.450000000000003" vel="0,0,0" mass="1" elasticityCoef="1" ang="90,0,0" color="0,220,0" radius="0.5" length="4" />
		<capsule pos="-14.949999999999996,-13.75,5.75" vel="0,0,0" mass="1" elasticityCoef="1" ang="90,0,0" color="0,220,0" radius="0.5" length="4" />
		<capsule pos="-14.949999999999996,-13.75,8.050000000000004" vel="0,0,0" mass="1" elasticityCoef="1" ang="90,0,0" color="0,220,0" radius="0.5" length="4" />
		<capsule pos="-14.949999999999996,-13.75,10.350000000000001" vel="0,0,0" mass="1" elasticityCoef="1" ang="90,0,0" color="0,220,0" radius="0.5" length="4" />
		<capsule pos="-14.949999999999996,-13.75,12.650000000000006" vel="0,0,0" mass="1" elasticityCoef="1" ang="90,0,0" color="0,220,0" radius="0.5" length="4" />
		<capsule pos="-14.949999999999996,-13.75,14.950000000000003" vel="0,0,0" mass="1" elasticityCoef="1" ang="90,0,0" color="0,220,0" radius="0.5" length="4" />
		<capsule pos="-14.949999999999996,-13.75,17.25" vel="0,0,0" mass="1" elasticityCoef="1" ang="90,0,0" color="0,220,0" radius="0.5" length="4" />
		<capsule pos="-14.949999999999996,-13.75,19.550000000000004" vel="0,0,0" mass="1" elasticityCoef="1" ang="90,0,0" color="0,220,0" radius="0.5" length="4" />
		<capsule pos="-14.949999999999996,-13.75,21.85" vel="0,0,0" mass="1" elasticityCoef="1" ang="90,0,0" color="0,220,0" radius="0.5" length="4" />
		<capsule pos="-14.949999999999996,-13.75,24.15" vel="0,0,0" mass="1" elasticityCoef="1" ang="90,0,0" color="0,220,0" radius="0.5" length="4" />
		<capsule pos="-14.949999999999996,-13.75,26.450000000000003" vel="0,0,0" mass="1" elasticityCoef="1" ang="90,0,0" color="0,220,0" radius="0.5" length="4" />
		<capsule pos="-14.949999999999996,-13.75,28.75" vel="0,0,0" mass="1" elasticityCoef="1" ang="90,0,0" color="0,220,0" radius="0.5" length="4" />
		<capsule pos="-14.949999999999996,-13.75,31.049999999999997" vel="0,0,0" mass="1" elasticityCoef="1" ang="90,0,0" color="0,220,0" radius="0.5" length="4" />
		<capsule pos="-14.949999999999996,-8.25,-33.349999999999994" vel="0,0,0" mass="1" elasticityCoef="1" ang="90,0,0" color="0,220,0" radius="0.5" length="4" />
		<capsule pos="-14.949999999999996,-8.25,-31.049999999999994" vel="0,0,0" mass="1" elasticityCoef="1" ang="90,0,0" color="0,220,0" radius="0.5" length="4" />
		<capsule pos="-14.949999999999996,-8.25,-28.749999999999993" vel="0,0,0" mass="1" elasticityCoef="1" ang="90,0,0" color="0,220,0" radius="0.5" length="4" />
		<capsule pos="-14.949999999999996,-8.25,-26.449999999999996" vel="0,0,0" mass="1" elasticityCoef="1" ang="90,0,0" color="0,220,0" radius="0.5" length="4" />
		<capsule pos="-14.949999999999996,-8.25,-24.149999999999995" vel="0,0,0" mass="1" elasticityCoef="1" ang="90,0,0" color="0,220,0" radius="0.5" length="4" />
		<capsule pos="-14.949999999999996,-8.25,-21.849999999999994" vel="0,0,0" mass="1" elasticityCoef="1" ang="90,0,0" color="0,220,0" radius="0.5" length="4" />
		<capsule pos="-14.949999999999996,-8.25,-19.549999999999997" vel="0,0,0" mass="1" elasticityCoef="1" ang="90,0,0" color="0,220,0" radius="0.5" length="4" />
		<capsule pos="-14.949999999999996,-8.25,-17.249999999999996" vel="0,0,0" mass="1" elasticityCoef="1" ang="90,0,0" color="0,220,0" radius="0.5" length="4" />
		<capsule pos="-14.949999999999996,-8.25,-14.949999999999996" vel="0,0,0" mass="1" elasticityCoef="1" ang="90,0,0" color="0,220,0" radius="0.5" length="4" />
		<capsule pos="-14.949999999999996,-8.25,-12.649999999999995" vel="0,0,0" mass="1" elasticityCoef="1" ang="90,0,0" color="0,220,0" radius="0.5" length="4" />
		<capsule pos="-14.949999999999996,-8.25,-10.349999999999994" vel="0,0,0" mass="1" elasticityCoef="1" ang="90,0,0" color="0,220,0" radius="0.5" length="4" />
		<capsule pos="-14.949999999999996,-8.25,-8.049999999999997" vel="0,0,0" mass="1" elasticityCoef="1" ang="90,0,0" color="0,220,0" radius="0.5" length="4" />
		<capsule pos="-14.949999999999996,-8.25,-5.7499999999999964" vel="0,0,0" mass="1" elasticityCoef="1" ang="90,0,0" color="0,220,0" radius="0.5" length="4" />
		<capsule pos="-14.949999999999996,-8.25,-3.4499999999999957" vel="0,0,0" mass="1" elasticityCoef="1" ang="90,0,0" color="0,220,0" radius="0.5" length="4" />
		<capsule pos="-14.949999999999996,-8.25,-1.1499999999999986" vel="0,0,0" mass="1" elasticityCoef="1" ang="90,0,0" color="0,220,0" radius="0.5" length="4" />
		<capsule pos="-14.949999999999996,-8.25,1.1500000000000057" vel="0,0,0" mass="1" elasticityCoef="1" ang="90,0,0" color="0,220,0" radius="0.5" length="4" />
		<capsule pos="-14.949999999999996,-8.25,3.450000000000003" vel="0,0,0" mass="1" elasticityCoef="1" ang="90,0,0" color="0,220,0" radius="0.5" length="4" />
		<capsule pos="-14.949999999999996,-8.25,5.75" vel="0,0,0" mass="1" elasticityCoef="1" ang="90,0,0" color="0,220,0" radius="0.5" length="4" />
		<capsule pos="-14.949999999999996,-8.25,8.050000000000004" vel="0,0,0" mass="1" elasticityCoef="1" ang="90,0,0" color="0,220,0" radius="0.5" length="4" />
		<capsule pos="-14.949999999999996,-8.25,10.350000000000001" vel="0,0,0" mass="1" elasticityCoef="1" ang="90,0,0" color="0,220,0" radius="0.5" length="4" />
		<capsule pos="-14.949999999999996,-8.25,12.650000000000006" vel="0,0,0" mass="1" elasticityCoef="1" ang="90,0,0" color="0,220,0" radius="0.5" length="4" />
		<capsule pos="-14.949999999999996,-8.25,14.950000000000003" vel="0,0,0" mass="1" elasticityCoef="1" ang="90,0,0" color="0,220,0" radius="0.5" length="4" />
		<capsule pos="-14.949999999999996,-8.25,17.25" vel="0,0,0" mass="1" elasticityCoef="1" ang="90,0,0" color="0,220,0" radius="0.5" length="4" />
		<capsule pos="-14.949999999999996,-8.25,19.550000000000004" vel="0,0,0" mass="1" elasticityCoef="1" ang="90,0,0" color="0,220,0" radius="0.5" length="4" />
		<capsule pos="-14.949999999999996,-8.25,21.85" vel="0,0,0" mass="1" elasticityCoef="1" ang="90,0,0" color="0,220,0" radius="0.5" length="4" />
		<capsule pos="-14.949999999999996,-8.25,24.15" vel="0,0,0" mass="1" elasticityCoef="1" ang="90,0,0" color="0,220,0" radius="0.5" length="4" />
		<capsule pos="-14.949999999999996,-8.25,26.450000000000003" vel="0,0,0" mass="1" elasticityCoef="1" ang="90,0,0" color="0,220,0" radius="0.5" length="4" />
		<capsule pos="-14.949999999999996,-8.25,28.75" vel="0,0,0" mass="1" elasticityCoef="1" ang="90,0,0" color="0,220,0" radius="0.5" length="4" />
		<capsule pos="-14.949999999999996,-8.25,31.049999999999997" vel="0,0,0" mass="1" elasticityCoef="1" ang="90,0,0" color="0,220,0" radius="0.5" length="4" />
		<capsule pos="-14.949999999999996,-2.75,-33.349999999999994" vel="0,0,0" mass="1" elasticityCoef="1" ang="90,0,0" color="0,220,0" radius="0.5" length="4" />
		<capsule pos="-14.949999999999996,-2.75,-31.049999999999994" vel="0,0,0" mass="1" elasticityCoef="1" ang="90,0,0" color="0,220,0" radius="0.5" length="4" />
		<capsule pos="-14.949999999999996,-2.75,-28.749999999999993" vel="0,0,0" mass="1" elasticityCoef="1" ang="90,0,0" color="0,220,0" radius="0.5" length="4" />
		<capsule pos="-14.949999999999996,-2.75,-26.449999999999996" vel="0,0,0" mass="1" elasticityCoef="1" ang="90,0,0" color="0,220,0" radius="0.5" length="4" />
		<capsule pos="-14.949999999999996,-2.75,-24.149999999999995" vel="0,0,0" mass="1" elasticityCoef="1" ang="90,0,0" color="0,220,0" radius="0.5" length="4" />
		<capsule pos="-14.949999999999996,-2.75,-21.849999999999994" vel="0,0,0" mass="1" elasticityCoef="1" ang="90,0,0" color="0,220,0" radius="0.5" length="4" />
		<capsule pos="-14.949999999999996,-2.75,-19.549999999999997" vel="0,0,0" mass="1" elasticityCoef="1" ang="90,0,0" color="0,220,0" radius="0.5" length="4" />
		<capsule pos="-14.949999999999996,-2.75,-17.249999999999996" vel="0,0,0" mass="1" elasticityCoef="1" ang="90,0,0" color="0,220,0" radius="0.5" length="4" />
		<capsule pos="-14.949999999999996,-2.75,-14.949999999999996" vel="0,0,0" mass="1" elasticityCoef="1" ang="90,0,0" color="0,220,0" radius="0.5" length="4" />
		<capsule pos="-14.949999999999996,-2.75,-12.649999999999995" vel="0,0,0" mass="1" elasticityCoef="1" ang="90,0,0" color="0,220,0" radius="0.5" length="4" />
		<capsule pos="-14.949999999999996,-2.75,-10.349999999999994" vel="0,0,0" mass="1" elasticityCoef="1" ang="90,0,0" color="0,220,0" radius="0.5" length="4" />
		<capsule pos="-14.949999999999996,-2.75,-8.049999999999997" vel="0,0,0" mass="1" elasticityCoef="1" ang="90,0,0" color="0,220,0" radius="0.5" length="4" />
		<capsule pos="-14.949999999999996,-2.75,-5.7499999999999964" vel="0,0,0" mass="1" elasticityCoef="1" ang="90,0,0" color="0,220,0" radius="0.5" length="4" />
		<capsule pos="-14.949999999999996,-2.75,-3.4499999999999957" vel="0,0,0" mass="1" elasticityCoef="1" ang="90,0,0" color="0,220,0" radius="0.5" length="4" />
		<capsule pos="-14.949999999999996,-2.75,-1.1499999999999986" vel="0,0,0" mass="1" elasticityCoef="1" ang="90,0,0" color="0,220,0" radius="0.5" length="4" />
		<capsule pos="-14.949999999999996,-2.75,1.1500000000000057" vel="0,0,0" mass="1" elasticityCoef="1" ang="90,0,0" color="0,220,0" radius="0.5" length="4" />
		<capsule pos="-14.949999999999996,-2.75,3.450000000000003" vel="0,0,0" mass="1" elasticityCoef="1" ang="90,0,0" color="0,220,0" radius="0.5" length="4" />
		<capsule pos="-14.949999999999996,-2.75,5.75" vel="0,0,0" mass="1" elasticityCoef="1" ang="90,0,0" color="0,220,0" radius="0.5" length="4" />
		<capsule pos="-14.949999999999996,-2.75,8.050000000000004" vel="0,0,0" mass="1" elasticityCoef="1" ang="90,0,0" color="0,220,0" radius="0.5" length="4" />
		<capsule pos="-14.949999999999996,-2.75,10.350000000000001" vel="0,0,0" mass="1" elasticityCoef="1" ang="90,0,0" color="0,220,0" radius="0.5" length="4" />
		<capsule pos="-14.949999999999996,-2.75,12.650000000000006" vel="0,0,0" mass="1" elasticityCoef="1" ang="90,0,0" color="0,220,0" radius="0.5" length="4" />
		<capsule pos="-14.949999999999996,-2.75,14.950000000000003" vel="0,0,0" mass="1" elasticityCoef="1" ang="90,0,0" color="0,220,0" radius="0.5" length="4" />
		<capsule pos="-14.949999999999996,-2.75,17.25" vel="0,0,0" mass="1" elasticityCoef="1" ang="90,0,0" color="0,220,0" radius="0.5" length="4" />
		<capsule pos="-14.949999999999996,-2.75,19.550000000000004" vel="0,0,0" mass="1" elasticityCoef="1" ang="90,0,0" color="0,220,0" radius="0.5" length="4" />
		<capsule pos="-14.949999999999996,-2.75,21.85" vel="0,0,0" mass="1" elasticityCoef="1" ang="90,0,0" color="0,220,0" radius="0.5" length="4" />
		<capsule pos="-14.949999999999996,-2.75,24.15" vel="0,0,0" mass="1" elasticityCoef="1" ang="90,0,0" color="0,220,0" radius="0.5" length="4" />
		<capsule pos="-14.949999999999996,-2.75,26.450000000000003" vel="0,0,0" mass="1" elasticityCoef="1" ang="90,0,0" color="0,220,0" radius="0.5" length="4" />
		<capsule pos="-14.949999999999996,-2.75,28.75" vel="0,0,0" mass="1" elasticityCoef="1" ang="90,0,0" color="0,220,0" radius="0.5" length="4" />
		<capsule pos="-14.949999999999996,-2.75,31.049999999999997" vel="0,0,0" mass="1" elasticityCoef="1" ang="90,0,0" color="0,220,0" radius="0.5" length="4" />
		<capsule pos="-14.949999999999996,2.75,-33.349999999999994" vel="0,0,0" mass="1" elasticityCoef="1" ang="90,0,0" color="0,220,0" radius="0.5" length="4" />
		<capsule pos="-14.949999999999996,2.75,-31.049999999999994" vel="0,0,0" mass="1" elasticityCoef="1" ang="90,0,0" color="0,220,0" radius="0.5" length="4" />
		<capsule pos="-14.949999999999996,2.75,-28.749999999999993" vel="0,0,0" mass="1" elasticityCoef="1" ang="90,0,0" color="0,220,0" radius="0.5" length="4" />
		<capsule pos="-14.949999999999996,2.75,-26.449999999999996" vel="0,0,0" mass="1" elasticityCoef="1" ang="90,0,0" color="0,220,0" radius="0.5" length="4" />
		<capsule pos="-14.949999999999996,2.75,-24.149999999999995" vel="0,0,0" mass="1" elasticityCoef="1" ang="90,0,0" color="0,220,0" radius="0.5" length="4" />
		<capsule pos="-14.949999999999996,2.75,-21.849999999999994" vel="0,0,0" mass="1" elasticityCoef="1" ang="90,0,0" color="0,220,0" radius="0.5" length="4" />
		<capsule pos="-14.949999999999996,2.75,-19.549999999999997" vel="0,0,0" mass="1" elasticityCoef="1" ang="90,0,0" color="0,220,0" radius="0.5" length="4" />
		<capsule pos="-14.949999999999996,2.75,-17.249999999999996" vel="0,0,0" mass="1" elasticityCoef="1" ang="90,0,0" color="0,220,0" radius="0.5" length="4" />
		<capsule pos="-14.949999999999996,2.75,-14.949999999999996" vel="0,0,0" mass="1" elasticityCoef="1" ang="90,0,0" color="0,220,0" radius="0.5" length="4" />
		<capsule pos="-14.949999999999996,2.75,-12.649999999999995" vel="0,0,0" mass="1" elasticityCoef="1" ang="90,0,0" color="0,220,0" radius="0.5" length="4" />
		<capsule pos="-14.949999999999996,2.75,-10.349999999999994" vel="0,0,0" mass="1" elasticityCoef="1" ang="90,0,0" color="0,220,0" radius="0.5" length="4" />
		<capsule pos="-14.949999999999996,2.75,-8.049999999999997" vel="0,0,0" mass="1" elasticityCoef="1" ang="90,0,0" color="0,220,0" radius="0.5" length="4" />
		<capsule pos="-14.949999999999996,2.75,-5.7499999999999964" vel="0,0,0" mass="1" elasticityCoef="1" ang="90,0,0" color="0,220,0" radius="0.5" length="4" />
		<capsule pos="-14.949999999999996,2.75,-3.4499999999999957" vel="0,0,0" mass="1" elasticityCoef="1" ang="90,0,0" color="0,220,0" radius="0.5" length="4" />
		<capsule pos="-14.949999999999996,2.75,-1.1499999999999986" vel="0,0,0" mass="1" elasticityCoef="1" ang="90,0,0" color="0,220,0" radius="0.5" length="4" />
		<capsule pos="-14.949999999999996,2.75,1.1500000000000057" vel="0,0,0" mass="1" elasticityCoef="1" ang="90,0,0" color="0,220,0" radius="0.5" length="4" />
		<capsule pos="-14.949999999999996,2.75,3.450000000000003" vel="0,0,0" mass="1" elasticityCoef="1" ang="90,0,0" color="0,220,0" radius="0.5" length="4" />
		<capsule pos="-14.949999999999996,2.75,5.75" vel="0,0,0" mass="1" elasticityCoef="1" ang="90,0,0" color="0,220,0" radius="0.5" length="4" />
		<capsule pos="-14.949999999999996,2.75,8.050000000000004" vel="0,0,0" mass="1" elasticityCoef="1" ang="90,0,0" color="0,220,0" radius="0.5" length="4" />
		<capsule pos="-14.949999999999996,2.75,10.350000000000001" vel="0,0,0" mass="1" elasticityCoef="1" ang="90,0,0" color="0,220,0" radius="0.5" length="4" />
		<capsule pos="-14.949999999999996,2.75,12.650000000000006" vel="0,0,0" mass="1" elasticityCoef="1" ang="90,0,0" color="0,220,0" radius="0.5" length="4" />
		<capsule pos="-14.949999999999996,2.75,14.950000000000003" vel="0,0,0" mass="1" elasticityCoef="1" ang="90,0,0" color="0,220,0" radius="0.5" length="4" />
		<capsule pos="-14.949999999999996,2.75,17.25" vel="0,0,0" mass="1" elasticityCoef="1" ang="90,0,0" color="0,220,0" radius="0.5" length="4" />
		<capsule pos="-14.949999999999996,2.75,19.550000000000004" vel="0,0,0" mass="1" elasticityCoef="1" ang="90,0,0" color="0,220,0" radius="0.5" length="4" />
		<capsule pos="-14.949999999999996,2.75,21.85" vel="0,0,0" mass="1" elasticityCoef="1" ang="90,0,0" color="0,220,0" radius="0.5" length="4" />
		<capsule pos="-14.949999999999996,2.75,24.15" vel="0,0,0" mass="1" elasticityCoef="1" ang="90,0,0" color="0,220,0" radius="0.5" length="4" />
		<capsule pos="-14.949999999999996,2.75,26.450000000000003" vel="0,0,0" mass="1" elasticityCoef="1" ang="90,0,0" color="0,220,0" radius="0.5" length="4" />
		<capsule pos="-14.949999999999996,2.75,28.75" vel="0,0,0" mass="1" elasticityCoef="1" ang="90,0,0" color="0,220,0" radius="0.5" length="4" />
		<capsule pos="-14.949999999999996,2.75,31.049999999999997" vel="0,0,0" mass="1" elasticityCoef="1" ang="90,0,0" color="0,220,0" radius="0.5" length="4" />
		<capsule pos="-14.949999999999996,8.25,-33.349999999999994" vel="0,0,0" mass="1" elasticityCoef="1" ang="90,0,0" color="0,220,0" radius="0.5" length="4" />
		<capsule pos="-14.949999999999996,8.25,-31.049999999999994" vel="0,0,0" mass="1" elasticityCoef="1" ang="90,0,0" color="0,220,0" radius="0.5" length="4" />
		<capsule pos="-14.949999999999996,8.25,-28.749999999999993" vel="0,0,0" mass="1" elasticityCoef="1" ang="90,0,0" color="0,220,0" radius="0.5" length="4" />
		<capsule pos="-14.949999999999996,8.25,-26.449999999999996" vel="0,0,0" mass="1" elasticityCoef="1" ang="90,0,0" color="0,220,0" radius="0.5" length="4" />
		<capsule pos="-14.949999999999996,8.25,-24.149999999999995" vel="0,0,0" mass="1" elasticityCoef="1" ang="90,0,0" color="0,220,0" radius="0.5" length="4" />
		<capsule pos="-14.949999999999996,8.25,-21.849999999999994" vel="0,0,0" mass="1" elasticityCoef="1" ang="90,0,0" color="0,220,0" radius="0.5" length="4" />
		<capsule pos="-14.949999999999996,8.25,-19.549999999999997" vel="0,0,0" mass="1" elasticityCoef="1" ang="90,0,0" color="0,220,0" radius="0.5" length="4" />
		<capsule pos="-14.949999999999996,8.25,-17.249999999999996" vel="0,0,0" mass="1" elasticityCoef="1" ang="90,0,0" color="0,220,0" radius="0.5" length="4" />
		<capsule pos="-14.949999999999996,8.25,-14.949999999999996" vel="0,0,0" mass="1" elasticityCoef="1" ang="90,0,0" color="0,220,0" radius="0.5" length="4" />
		<capsule pos="-14.949999999999996,8.25,-12.649999999999995" vel="0,0,0" mass="1" elasticityCoef="1" ang="90,0,0" color="0,220,0" radius="0.5" length="4" />
		<capsule pos="-14.949999999999996,8.25,-10.349999999999994" vel="0,0,0" mass="1" elasticityCoef="1" ang="90,0,0" color="0,220,0" radius="0.5" length="4" />
		<capsule pos="-14.949999999999996,8.25,-8.049999999999997" vel="0,0,0" mass="1" elasticityCoef="1" ang="90,0,0" color="0,220,0" radius="0.5" length="4" />
		<capsule pos="-14.949999999999996,8.25,-5.7499999999999964" vel="0,0,0" mass="1" elasticityCoef="1" ang="90,0,0" color="0,220,0" radius="0.5" length="4" />
		<capsule pos="-14.949999999999996,8.25,-3.4499999999999957" vel="0,0,0" mass="1" elasticityCoef="1" ang="90,0,0" color="0,220,0" radius="0.5" length="4" />
		<capsule pos="-14.949999999999996,8.25,-1.1499999999999986" vel="0,0,0" mass="1" elasticityCoef="1" ang="90,0,0" color="0,220,0" radius="0.5" length="4" />
		<capsule pos="-14.949999999999996,8.25,1.1500000000000057" vel="0,0,0" mass="1" elasticityCoef="1" ang="90,0,0" color="0,220,0" radius="0.5" length="4" />
		<capsule pos="-14.949999999999996,8.25,3.450000000000003" vel="0,0,0" mass="1" elasticityCoef="1" ang="90,0,0" color="0,220,0" radius="0.5" length="4" />
		<capsule pos="-14.949999999999996,8.25,5.75" vel="0,0,0" mass="1" elasticityCoef="1" ang="90,0,0" color="0,220,0" radius="0.5" length="4" />
		<capsule pos="-14.949999999999996,8.25,8.050000000000004" vel="0,0,0" mass="1" elasticityCoef="1" ang="90,0,0" color="0,220,0" radius="0.5" length="4" />
		<capsule pos="-14.949999999999996,8.25,10.350000000000001" vel="0,0,0" mass="1" elasticityCoef="1" ang="90,0,0" color="0,220,0" radius="0.5" length="4" />
		<capsule pos="-14.949999999999996,8.25,12.650000000000006" vel="0,0,0" mass="1" elasticityCoef="1" ang="90,0,0" color="0,220,0" radius="0.5" length="4" />
		<capsule pos="-14.949999999999996,8.25,14.950000000000003" vel="0,0,0" mass="1" elasticityCoef="1" ang="90,0,0" color="0,220,0" radius="0.5" length="4" />
		<capsule pos="-14.949999999999996,8.25,17.25" vel="0,0,0" mass="1" elasticityCoef="1" ang="90,0,0" color="0,220,0" radius="0.5" length="4" />
		<capsule pos="-14.949999999999996,8.25,19.550000000000004" vel="0,0,0" mass="1" elasticityCoef="1" ang="90,0,0" color="0,220,0" radius="0.5" length="4" />
		<capsule pos="-14.949999999999996,8.25,21.85" vel="0,0,0" mass="1" elasticityCoef="1" ang="90,0,0" color="0,220,0" radius="0.5" length="4" />
		<capsule pos="-14.949999999999996,8.25,24.15" vel="0,0,0" mass="1" elasticityCoef="1" ang="90,0,0" color="0,220,0" radius="0.5" length="4" />
		<capsule pos="-14.949999999999996,8.25,26.450000000000003" vel="0,0,0" mass="1" elasticityCoef="1" ang="90,0,0" color="0,220,0" radius="0.5" length="4" />
		<capsule pos="-14.949999999999996,8.25,28.75" vel="0,0,0" mass="1" elasticityCoef="1" ang="90,0,0" color="0,220,0" radius="0.5" length="4" />
		<capsule pos="-14.949999999999996,8.25,31.049999999999997" vel="0,0,0" mass="1" elasticityCoef="1" ang="90,0,0" color="0,220,0" radius="0.5" length="4" />
		<capsule pos="-14.949999999999996,13.75,-33.349999999999994" vel="0,0,0" mass="1" elasticityCoef="1" ang="90,0,0" color="0,220,0" radius="0.5" length="4" />
		<capsule pos="-14.949999999999996,13.75,-31.049999999999994" vel="0,0,0" mass="1" elasticityCoef="1" ang="90,0,0" color="0,220,0" radius="0.5" length="4" />
		<capsule pos="-14.949999999999996,13.75,-28.749999999999993" vel="0,0,0" mass="1" elasticityCoef="1" ang="90,0,0" color="0,220,0" radius="0.5" length="4" />
		<capsule pos="-14.949999999999996,13.75,-26.449999999999996" vel="0,0,0" mass="1" elasticityCoef="1" ang="90,0,0" color="0,220,0" radius="0.5" length="4" />
		<capsule pos="-14.949999999999996,13.75,-24.149999999999995" vel="0,0,0" mass="1" elasticityCoef="1" ang="90,0,0" color="0,220,0" radius="0.5" length="4" />
		<capsule pos="-14.949999999999996,13.75,-21.849999999999994" vel="0,0,0" mass="1" elasticityCoef="1" ang="90,0,0" color="0,220,0" radius="0.5" length="4" />
		<capsule pos="-14.949999999999996,13.75,-19.549999999999997" vel="0,0,0" mass="1" elasticityCoef="1" ang="90,0,0" color="0,220,0" radius="0.5" length="4" />
		<capsule pos="-14.949999999999996,13.75,-17.249999999999996" vel="0,0,0" mass="1" elasticityCoef="1" ang="90,0,0" color="0,220,0" radius="0.5" length="4" />
		<capsule pos="-14.949999999999996,13.75,-14.949999999999996" vel="0,0,0" mass="1" elasticityCoef="1" ang="90,0,0" color="0,220,0" radius="0.5" length="4" />
		<capsule pos="-14.949999999999996,13.75,-12.649999999999995" vel="0,0,0" mass="1" elasticityCoef="1" ang="90,0,0" color="0,220,0" radius="0.5" length="4" />
		<capsule pos="-14.949999999999996,13.75,-10.349999999999994" vel="0,0,0" mass="1" elasticityCoef="1" ang="90,0,0" color="0,220,0" radius="0.5" length="4" />
		<capsule pos="-14.949999999999996,13.75,-8.049999999999997" vel="0,0,0" mass="1" elasticityCoef="1" ang="90,0,0" color="0,220,0" radius="0.5" length="4" />
		<capsule pos="-14.949999999999996,13.75,-5.7499999999999964" vel="0,0,0" mass="1" elasticityCoef="1" ang="90,0,0" color="0,220,0" radius="0.5" length="4" />
		<capsule pos="-14.949999999999996,13.75,-3.4499999999999957" vel="0,0,0" mass="1" elasticityCoef="1" ang="90,0,0" color="0,220,0" radius="0.5" length="4" />
		<capsule pos="-14.949999999999996,13.75,-1.1499999999999986" vel="0,0,0" mass="1" elasticityCoef="1" ang="90,0,0" color="0,220,0" radius="0.5" length="4" />
		<capsule pos="-14.949999999999996,13.75,1.1500000000000057" vel="0,0,0" mass="1" elasticityCoef="1" ang="90,0,0" color="0,220,0" radius="0.5" length="4" />
		<capsule pos="-14.949999999999996,13.75,3.450000000000003" vel="0,0,0" mass="1" elasticityCoef="1" ang="90,0,0" color="0,220,0" radius="0.5" length="4" />
		<capsule pos="-14.949999999999996,13.75,5.75" vel="0,0,0" mass="1" elasticityCoef="1" ang="90,0,0" color="0,220,0" radius="0.5" length="4" />
		<capsule pos="-14.949999999999996,13.75,8.050000000000004" vel="0,0,0" mass="1" elasticityCoef="1" ang="90,0,0" color="0,220,0" radius="0.5" length="4" />
		<capsule pos="-14.949999999999996,13.75,10.350000000000001" vel="0,0,0" mass="1" elasticityCoef="1" ang="90,0,0" color="0,220,0" radius="0.5" length="4" />
		<capsule pos="-14.949999999999996,13.75,12.650000000000006" vel="0,0,0" mass="1" elasticityCoef="1" ang="90,0,0" color="0,220,0" radius="0.5" length="4" />
		<capsule pos="-14.949999999999996,13.75,14.950000000000003" vel="0,0,0" mass="1" elasticityCoef="1" ang="90,0,0" color="0,220,0" radius="0.5" length="4" />
		<capsule pos="-14.949999999999996,13.75,17.25" vel="0,0,0" mass="1" elasticityCoef="1" ang="90,0,0" color="0,220,0" radius="0.5" length="4" />
		<capsule pos="-14.949999999999996,13.75,19.550000000000004" vel="0,0,0" mass="1" elasticityCoef="1" ang="90,0,0" color="0,220,0" radius="0.5" length="4" />
		<capsule pos="-14.949999999999996,13.75,21.85" vel="0,0,0" mass="1" elasticityCoef="1" ang="90,0,0" color="0,220,0" radius="0.5" length="4" />
		<capsule pos="-14.949999999999996,13.75,24.15" vel="0,0,0" mass="1" elasticityCoef="1" ang="90,0,0" color="0,220,0" radius="0.5" length="4" />
		<capsule pos="-14.949999999999996,13.75,26.450000000000003" vel="0,0,0" mass="1" elasticityCoef="1" ang="90,0,0" color="0,220,0" radius="0.5" length="4" />
		<capsule pos="-14.949999999999996,13.75,28.75" vel="0,0,0" mass="1" elasticityCoef="1" ang="90,0,0" color="0,220,0" radius="0.5" length="4" />
		<capsule pos="-14.949999999999996,13.75,31.049999999999997" vel="0,0,0" mass="1" elasticityCoef="1" ang="90,0,0" color="0,220,0" radius="0.5" length="4" />
		<capsule pos="-14.949999999999996,19.25,-33.349999999999994" vel="0,0,0" mass="1" elasticityCoef="1" ang="90,0,0" color="0,220,0" radius="0.5" length="4" />
		<capsule pos="-14.949999999999996,19.25,-31.049999999999994" vel="0,0,0" mass="1" elasticityCoef="1" ang="90,0,0" color="0,220,0" radius="0.5" length="4" />
		<capsule pos="-14.949999999999996,19.25,-28.749999999999993" vel="0,0,0" mass="1" elasticityCoef="1" ang="90,0,0" color="0,220,0" radius="0.5" length="4" />
		<capsule pos="-14.949999999999996,19.25,-26.449999999999996" vel="0,0,0" mass="1" elasticityCoef="1" ang="90,0,0" color="0,220,0" radius="0.5" length="4" />
		<capsule pos="-14.949999999999996,19.25,-24.149999999999995" vel="0,0,0" mass="1" elasticityCoef="1" ang="90,0,0" color="0,220,0" radius="0.5" length="4" />
		<capsule pos="-14.949999999999996,19.25,-21.849999999999994" vel="0,0,0" mass="1" elasticityCoef="1" ang="90,0,0" color="0,220,0" radius="0.5" length="4" />
		<capsule pos="-14.949999999999996,19.25,-19.549999999999997" vel="0,0,0" mass="1" elasticityCoef="1" ang="90,0,0" color="0,220,0" radius="0.5" length="4" />
		<capsule pos="-14.949999999999996,19.25,-17.249999999999996" vel="0,0,0" mass="1" elasticityCoef="1" ang="90,0,0" color="0,220,0" radius="0.5" length="4" />
		<capsule pos="-14.949999999999996,19.25,-14.949999999999996" vel="0,0,0" mass="1" elasticityCoef="1" ang="90,0,0" color="0,220,0" radius="0.5" length="4" />
		<capsule pos="-14.949999999999996,19.25,-12.649999999999995" vel="0,0,0" mass="1" elasticityCoef="1" ang="90,0,0" color="0,220,0" radius="0.5" length="4" />
		<capsule pos="-14.949999999999996,19.25,-10.349999999999994" vel="0,0,0" mass="1" elasticityCoef="1" ang="90,0,0" color="0,220,0" radius="0.5" length="4" />
		<capsule pos="-14.949999999999996,19.25,-8.049999999999997" vel="0,0,0" mass="1" elasticityCoef="1" ang="90,0,0" color="0,220,0" radius="0.5" length="4" />
		<capsule pos="-14.949999999999996,19.25,-5.7499999999999964" vel="0,0,0" mass="1" elasticityCoef="1" ang="90,0,0" color="0,220,0" radius="0.5" length="4" />
		<capsule pos="-14.949999999999996,19.25,-3.4499999999999957" vel="0,0,0" mass="1" elasticityCoef="1" ang="90,0,0" color="0,220,0" radius="0.5" length="4" />
		<capsule pos="-14.949999999999996,19.25,-1.1499999999999986" vel="0,0,0" mass="1" elasticityCoef="1" ang="90,0,0" color="0,220,0" radius="0.5" length="4" />
		<capsule pos="-14.949999999999996,19.25,1.1500000000000057" vel="0,0,0" mass="1" elasticityCoef="1" ang="90,0,0" color="0,220,0" radius="0.5" length="4" />
		<capsule pos="-14.949999999999996,19.25,3.450000000000003" vel="0,0,0" mass="1" elasticityCoef="1" ang="90,0,0" color="0,220,0" radius="0.5" length="4" />
		<capsule pos="-14.949999999999996,19.25,5.75" vel="0,0,0" mass="1" elasticityCoef="1" ang="90,0,0" color="0,220,0" radius="0.5" length="4" />
		<capsule pos="-14.949999999999996,19.25,8.050000000000004" vel="0,0,0" mass="1" elasticityCoef="1" ang="90,0,0" color="0,220,0" radius="0.5" length="4" />
		<capsule pos="-14.949999999999996,19.25,10.350000000000001" vel="0,0,0" mass="1" elasticityCoef="1" ang="90,0,0" color="0,220,0" radius="0.5" length="4" />
		<capsule pos="-14.949999999999996,19.25,12.650000000000006" vel="0,0,0" mass="1" elasticityCoef="1" ang="90,0,0" color="0,220,0" radius="0.5" length="4" />
		<capsule pos="-14.949999999999996,19.25,14.950000000000003" vel="0,0,0" mass="1" elasticityCoef="1" ang="90,0,0" color="0,220,0" radius="0.5" length="4" />
		<capsule pos="-14.949999999999996,19.25,17.25" vel="0,0,0" mass="1" elasticityCoef="1" ang="90,0,0" color="0,220,0" radius="0.5" length="4" />
		<capsule pos="-14.949999999999996,19.25,19.550000000000004" vel="0,0,0" mass="1" elasticityCoef="1" ang="90,0,0" color="0,220,0" radius="0.5" length="4" />
		<capsule pos="-14.949999999999996,19.25,21.85" vel="0,0,0" mass="1" elasticityCoef="1" ang="90,0,0" color="0,220,0" radius="0.5" length="4" />
		<capsule pos="-14.949999999999996,19.25,24.15" vel="0,0,0" mass="1" elasticityCoef="1" ang="90,0,0" color="0,220,0" radius="0.5" length="4" />
		<capsule pos="-14.949999999999996,19.25,26.450000000000003" vel="0,0,0" mass="1" elasticityCoef="1" ang="90,0,0" color="0,220,0" radius="0.5" length="4" />
		<capsule pos="-14.949999999999996,19.25,28.75" vel="0,0,0" mass="1" elasticityCoef="1" ang="90,0,0" color="0,220,0" radius="0.5" length="4" />
		<capsule pos="-14.949999999999996,19.25,31.049999999999997" vel="0,0,0" mass="1" elasticityCoef="1" ang="90,0,0" color="0,220,0" radius="0.5" length="4" />
		<capsule pos="-14.949999999999996,24.75,-33.349999999999994" vel="0,0,0" mass="1" elasticityCoef="1" ang="90,0,0" color="0,220,0" radius="0.5" length="4" />
		<capsule pos="-14.949999999999996,24.75,-31.049999999999994" vel="0,0,0" mass="1" elasticityCoef="1" ang="90,0,0" color="0,220,0" radius="0.5" length="4" />
		<capsule pos="-14.949999999999996,24.75,-28.749999999999993" vel="0,0,0" mass="1" elasticityCoef="1" ang="90,0,0" color="0,220,0" radius="0.5" length="4" />
		<capsule pos="-14.949999999999996,24.75,-26.449999999999996" vel="0,0,0" mass="1" elasticityCoef="1" ang="90,0,0" color="0,220,0" radius="0.5" length="4" />
		<capsule pos="-14.949999999999996,24.75,-24.149999999999995" vel="0,0,0" mass="1" elasticityCoef="1" ang="90,0,0" color="0,220,0" radius="0.5" length="4" />
		<capsule pos="-14.949999999999996,24.75,-21.849999999999994" vel="0,0,0" mass="1" elasticityCoef="1" ang="90,0,0" color="0,220,0" radius="0.5" length="4" />
		<capsule pos="-14.949999999999996,24.75,-19.549999999999997" vel="0,0,0" mass="1" elasticityCoef="1" ang="90,0,0" color="0,220,0" radius="0.5" length="4" />
		<capsule pos="-14.949999999999996,24.75,-17.249999999999996" vel="0,0,0" mass="1" elasticityCoef="1" ang="90,0,0" color="0,220,0" radius="0.5" length="4" />
		<capsule pos="-14.949999999999996,24.75,-14.949999999999996" vel="0,0,0" mass="1" elasticityCoef="1" ang="90,0,0" color="0,220,0" radius="0.5" length="4" />
		<capsule pos="-14.949999999999996,24.75,-12.649999999999995" vel="0,0,0" mass="1" elasticityCoef="1" ang="90,0,0" color="0,220,0" radius="0.5" length="4" />
		<capsule pos="-14.949999999999996,24.75,-10.349999999999994" vel="0,0,0" mass="1" elasticityCoef="1" ang="90,0,0" color="0,220,0" radius="0.5" length="4" />
		<capsule pos="-14.949999999999996,24.75,-8.049999999999997" vel="0,0,0" mass="1" elasticityCoef="1" ang="90,0,0" color="0,220,0" radius="0.5" length="4" />
		<capsule pos="-14.949999999999996,24.75,-5.7499999999999964" vel="0,0,0" mass="1" elasticityCoef="1" ang="90,0,0" color="0,220,0" radius="0.5" length="4" />
		<capsule pos="-14.949999999999996,24.75,-3.4499999999999957" vel="0,0,0" mass="1" elasticityCoef="1" ang="90,0,0" color="0,220,0" radius="0.5" length="4" />
		<capsule pos="-14.949999999999996,24.75,-1.1499999999999986" vel="0,0,0" mass="1" elasticityCoef="1" ang="90,0,0" color="0,220,0" radius="0.5" length="4" />
		<capsule pos="-14.949999999999996,24.75,1.1500000000000057" vel="0,0,0" mass="1" elasticityCoef="1" ang="90,0,0" color="0,220,0" radius="0.5" length="4" />
		<capsule pos="-14.949999999999996,24.75,3.450000000000003" vel="0,0,0" mass="1" elasticityCoef="1" ang="90,0,0" color="0,220,0" radius="0.5" length="4" />
		<capsule pos="-14.949999999999996,24.75,5.75" vel="0,0,0" mass="1" elasticityCoef="1" ang="90,0,0" color="0,220,0" radius="0.5" length="4" />
		<capsule pos="-14.949999999999996,24.75,8.050000000000004" vel="0,0,0" mass="1" elasticityCoef="1" ang="90,0,0" color="0,220,0" radius="0.5" length="4" />
		<capsule pos="-14.949999999999996,24.75,10.350000000000001" vel="0,0,0" mass="1" elasticityCoef="1" ang="90,0,0" color="0,220,0" radius="0.5" length="4" />
		<capsule pos="-14.949999999999996,24.75,12.650000000000006" vel="0,0,0" mass="1" elasticityCoef="1" ang="90,0,0" color="0,220,0" radius="0.5" length="4" />
		<capsule pos="-14.949999999999996,24.75,14.950000000000003" vel="0,0,0" mass="1" elasticityCoef="1" ang="90,0,0" color="0,220,0" radius="0.5" length="4" />
		<capsule pos="-14.949999999999996,24.75,17.25" vel="0,0,0" mass="1" elasticityCoef="1" ang="90,0,0" color="0,220,0" radius="0.5" length="4" />
		<capsule pos="-14.949999999999996,24.75,19.550000000000004" vel="0,0,0" mass="1" elasticityCoef="1" ang="90,0,0" color="0,220,0" radius="0.5" length="4" />
		<capsule pos="-14.949999999999996,24.75,21.85" vel="0,0,0" mass="1" elasticityCoef="1" ang="90,0,0" color="0,220,0" radius="0.5" length="4" />
		<capsule pos="-14.949999999999996,24.75,24.15" vel="0,0,0" mass="1" elasticityCoef="1" ang="90,0,0" color="0,220,0" radius="0.5" length="4" />
		<capsule pos="-14.949999999999996,24.75,26.450000000000003" vel="0,0,0" mass="1" elasticityCoef="1" ang="90,0,0" color="0,220,0" radius="0.5" length="4" />
		<capsule pos="-14.949999999999996,24.75,28.75" vel="0,0,0" mass="1" elasticityCoef="1" ang="90,0,0" color="0,220,0" radius="0.5" length="4" />
		<capsule pos="-14.949999999999996,24.75,31.049999999999997" vel="0,0,0" mass="1" elasticityCoef="1" ang="90,0,0" color="0,220,0" radius="0.5" length="4" />
		<capsule pos="-14.949999999999996,30.25,-33.349999999999994" vel="0,0,0" mass="1" elasticityCoef="1" ang="90,0,0" color="0,220,0" radius="0.5" length="4" />
		<capsule pos="-14.949999999999996,30.25,-31.049999999999994" vel="0,0,0" mass="1" elasticityCoef="1" ang="90,0,0" color="0,220,0" radius="0.5" length="4" />
		<capsule pos="-14.949999999999996,30.25,-28.749999999999993" vel="0,0,0" mass="1" elasticityCoef="1" ang="90,0,0" color="0,220,0" radius="0.5" length="4" />
		<capsule pos="-14.949999999999996,30.25,-26.449999999999996" vel="0,0,0" mass="1" elasticityCoef="1" ang="90,0,0" color="0,220,0" radius="0.5" length="4" />
		<capsule pos="-14.949999999999996,30.25,-24.149999999999995" vel="0,0,0" mass="1" elasticityCoef="1" ang="90,0,0" color="0,220,0" radius="0.5" length="4" />
		<capsule pos="-14.949999999999996,30.25,-21.849999999999994" vel="0,0,0" mass="1" elasticityCoef="1" ang="90,0,0" color="0,220,0" radius="0.5" length="4" />
		<capsule pos="-14.949999999999996,30.25,-19.549999999999997" vel="0,0,0" mass="1" elasticityCoef="1" ang="90,0,0" color="0,220,0" radius="0.5" length="4" />
		<capsule pos="-14.949999999999996,30.25,-17.249999999999996" vel="0,0,0" mass="1" elasticityCoef="1" ang="90,0,0" color="0,220,0" radius="0.5" length="4" />
		<capsule pos="-14.949999999999996,30.25,-14.949999999999996" vel="0,0,0" mass="1" elasticityCoef="1" ang="90,0,0" color="0,220,0" radius="0.5" length="4" />
		<capsule pos="-14.949999999999996,30.25,-12.649999999999995" vel="0,0,0" mass="1" elasticityCoef="1" ang="90,0,0" color="0,220,0" radius="0.5" length="4" />
		<capsule pos="-14.949999999999996,30.25,-10.349999999999994" vel="0,0,0" mass="1" elasticityCoef="1" ang="90,0,0" color="0,220,0" radius="0.5" length="4" />
		<capsule pos="-14.949999999999996,30.25,-8.049999999999997" vel="0,0,0" mass="1" elasticityCoef="1" ang="90,0,0" color="0,220,0" radius="0.5" length="4" />
		<capsule pos="-14.949999999999996,30.25,-5.7499999999999964" vel="0,0,0" mass="1" elasticityCoef="1" ang="90,0,0" color="0,220,0" radius="0.5" length="4" />
		<capsule pos="-14.949999999999996,30.25,-3.4499999999999957" vel="0,0,0" mass="1" elasticityCoef="1" ang="90,0,0" color="0,220,0" radius="0.5" length="4" />
		<capsule pos="-14.949999999999996,30.25,-1.1499999999999986" vel="0,0,0" mass="1" elasticityCoef="1" ang="90,0,0" color="0,220,0" radius="0.5" length="4" />
		<capsule pos="-14.949999999999996,30.25,1.1500000000000057" vel="0,0,0" mass="1" elasticityCoef="1" ang="90,0,0" color="0,220,0" radius="0.5" length="4" />
		<capsule pos="-14.949999999999996,30.25,3.450000000000003" vel="0,0,0" mass="1" elasticityCoef="1" ang="90,0,0" color="0,220,0" radius="0.5" length="4" />
		<capsule pos="-14.949999999999996,30.25,5.75" vel="0,0,0" mass="1" elasticityCoef="1" ang="90,0,0" color="0,220,0" radius="0.5" length="4" />
		<capsule pos="-14.949999999999996,30.25,8.050000000000004" vel="0,0,0" mass="1" elasticityCoef="1" ang="90,0,0" color="0,220,0" radius="0.5" length="4" />
		<capsule pos="-14.949999999999996,30.25,10.350000000000001" vel="0,0,0" mass="1" elasticityCoef="1" ang="90,0,0" color="0,220,0" radius="0.5" length="4" />
		<capsule pos="-14.949999999999996,30.25,12.650000000000006" vel="0,0,0" mass="1" elasticityCoef="1" ang="90,0,0" color="0,220,0" radius="0.5" length="4" />
		<capsule pos="-14.949999999999996,30.25,14.950000000000003" vel="0,0,0" mass="1" elasticityCoef="1" ang="90,0,0" color="0,220,0" radius="0.5" length="4" />
		<capsule pos="-14.949999999999996,30.25,17.25" vel="0,0,0" mass="1" elasticityCoef="1" ang="90,0,0" color="0,220,0" radius="0.5" length="4" />
		<capsule pos="-14.949999999999996,30.25,19.550000000000004" vel="0,0,0" mass="1" elasticityCoef="1" ang="90,0,0" color="0,220,0" radius="0.5" length="4" />
		<capsule pos="-14.949999999999996,30.25,21.85" vel="0,0,0" mass="1" elasticityCoef="1" ang="90,0,0" color="0,220,0" radius="0.5" length="4" />
		<capsule pos="-14.949999999999996,30.25,24.15" vel="0,0,0" mass="1" elasticityCoef="1" ang="90,0,0" color="0,220,0" radius="0.5" length="4" />
		<capsule pos="-14.949999999999996,30.25,26.450000000000003" vel="0,0,0" mass="1" elasticityCoef="1" ang="90,0,0" color="0,220,0" radius="0.5" length="4" />
		<capsule pos="-14.949999999999996,30.25,28.75" vel="0,0,0" mass="1" elasticityCoef="1" ang="90,0,0" color="0,220,0" radius="0.5" length="4" />
		<capsule pos="-14.949999999999996,30.25,31.049999999999997" vel="0,0,0" mass="1" elasticityCoef="1" ang="90,0,0" color="0,220,0" radius="0.5" length="4" />
		<capsule pos="-14.949999999999996,35.75,-33.349999999999994" vel="0,0,0" mass="1" elasticityCoef="1" ang="90,0,0" color="0,220,0" radius="0.5" length="4" />
		<capsule pos="-14.949999999999996,35.75,-31.049999999999994" vel="0,0,0" mass="1" elasticityCoef="1" ang="90,0,0" color="0,220,0" radius="0.5" length="4" />
		<capsule pos="-14.949999999999996,35.75,-28.749999999999993" vel="0,0,0" mass="1" elasticityCoef="1" ang="90,0,0" color="0,220,0" radius="0.5" length="4" />
		<capsule pos="-14.949999999999996,35.75,-26.449999999999996" vel="0,0,0" mass="1" elasticityCoef="1" ang="90,0,0" color="0,220,0" radius="0.5" length="4" />
		<capsule pos="-14.949999999999996,35.75,-24.149999999999995" vel="0,0,0" mass="1" elasticityCoef="1" ang="90,0,0" color="0,220,0" radius="0.5" length="4" />
		<capsule pos="-14.949999999999996,35.75,-21.849999999999994" vel="0,0,0" mass="1" elasticityCoef="1" ang="90,0,0" color="0,220,0" radius="0.5" length="4" />
		<capsule pos="-14.949999999999996,35.75,-19.549999999999997" vel="0,0,0" mass="1" elasticityCoef="1" ang="90,0,0" color="0,220,0" radius="0.5" length="4" />
		<capsule pos="-14.949999999999996,35.75,-17.249999999999996" vel="0,0,0" mass="1" elasticityCoef="1" ang="90,0,0" color="0,220,0" radius="0.5" length="4" />
		<capsule pos="-14.949999999999996,35.75,-14.949999999999996" vel="0,0,0" mass="1" elasticityCoef="1" ang="90,0,0" color="0,220,0" radius="0.5" length="4" />
		<capsule pos="-14.949999999999996,35.75,-12.649999999999995" vel="0,0,0" mass="1" elasticityCoef="1" ang="90,0,0" color="0,220,0" radius="0.5" length="4" />
		<capsule pos="-14.949999999999996,35.75,-10.349999999999994" vel="0,0,0" mass="1" elasticityCoef="1" ang="90,0,0" color="0,220,0" radius="0.5" length="4" />
		<capsule pos="-14.949999999999996,35.75,-8.049999999999997" vel="0,0,0" mass="1" elasticityCoef="1" ang="90,0,0" color="0,220,0" radius="0.5" length="4" />
		<capsule pos="-14.949999999999996,35.75,-5.7499999999999964" vel="0,0,0" mass="1" elasticityCoef="1" ang="90,0,0" color="0,220,0" radius="0.5" length="4" />
		<capsule pos="-14.949999999999996,35.75,-3.4499999999999957" vel="0,0,0" mass="1" elasticityCoef="1" ang="90,0,0" color="0,220,0" radius="0.5" length="4" />
		<capsule pos="-14.949999999999996,35.75,-1.1499999999999986" vel="0,0,0" mass="1" elasticityCoef="1" ang="90,0,0" color="0,220,0" radius="0.5" length="4" />
		<capsule pos="-14.949999999999996,35.75,1.1500000000000057" vel="0,0,0" mass="1" elasticityCoef="1" ang="90,0,0" color="0,220,0" radius="0.5" length="4" />
		<capsule pos="-14.949999999999996,35.75,3.450000000000003" vel="0,0,0" mass="1" elasticityCoef="1" ang="90,0,0" color="0,220,0" radius="0.5" length="4" />
		<capsule pos="-14.949999999999996,35.75,5.75" vel="0,0,0" mass="1" elasticityCoef="1" ang="90,0,0" color="0,220,0" radius="0.5" length="4" />
		<capsule pos="-14.949999999999996,35.75,8.050000000000004" vel="0,0,0" mass="1" elasticityCoef="1" ang="90,0,0" color="0,220,0" radius="0.5" length="4" />
		<capsule pos="-14.949999999999996,35.75,10.350000000000001" vel="0,0,0" mass="1" elasticityCoef="1" ang="90,0,0" color="0,220,0" radius="0.5" length="4" />
		<capsule pos="-14.949999999999996,35.75,12.650000000000006" vel="0,0,0" mass="1" elasticityCoef="1" ang="90,0,0" color="0,220,0" radius="0.5" length="4" />
		<capsule pos="-14.949999999999996,35.75,14.950000000000003" vel="0,0,0" mass="1" elasticityCoef="1" ang="90,0,0" color="0,220,0" radius="0.5" length="4" />
		<capsule pos="-14.949999999999996,35.75,17.25" vel="0,0,0" mass="1" elasticityCoef="1" ang="90,0,0" color="0,220,0" radius="0.5" length="4" />
		<capsule pos="-14.949999999999996,35.75,19.550000000000004" vel="0,0,0" mass="1" elasticityCoef="1" ang="90,0,0" color="0,220,0" radius="0.5" length="4" />
		<capsule pos="-14.949999999999996,35.75,21.85" vel="0,0,0" mass="1" elasticityCoef="1" ang="90,0,0" color="0,220,0" radius="0.5" length="4" />
		<capsule pos="-14.949999999999996,35.75,24.15" vel="0,0,0" mass="1" elasticityCoef="1" ang="90,0,0" color="0,220,0" radius="0.5" length="4" />
		<capsule pos="-14.949999999999996,35.75,26.450000000000003" vel="0,0,0" mass="1" elasticityCoef="1" ang="90,0,0" color="0,220,0" radius="0.5" length="4" />
		<capsule pos="-14.949999999999996,35.75,28.75" vel="0,0,0" mass="1" elasticityCoef="1" ang="90,0,0" color="0,220,0" radius="0.5" length="4" />
		<capsule pos="-14.949999999999996,35.75,31.049999999999997" vel="0,0,0" mass="1" elasticityCoef="1" ang="90,0,0" color="0,220,0" radius="0.5" length="4" />
		<capsule pos="-12.649999999999995,-41.25,-33.349999999999994" vel="0,0,0" mass="1" elasticityCoef="1" ang="90,0,0" color="0,220,0" radius="0.5" length="4" />
		<capsule pos="-12.649999999999995,-41.25,-31.049999999999994" vel="0,0,0" mass="1" elasticityCoef="1" ang="90,0,0" color="0,220,0" radius="0.5" length="4" />
		<capsule pos="-12.649999999999995,-41.25,-28.749999999999993" vel="0,0,0" mass="1" elasticityCoef="1" ang="90,0,0" color="0,220,0" radius="0.5" length="4" />
		<capsule pos="-12.649999999999995,-41.25,-26.449999999999996" vel="0,0,0" mass="1" elasticityCoef="1" ang="90,0,0" color="0,220,0" radius="0.5" length="4" />
		<capsule pos="-12.649999999999995,-41.25,-24.149999999999995" vel="0,0,0" mass="1" elasticityCoef="1" ang="90,0,0" color="0,220,0" radius="0.5" length="4" />
		<capsule pos="-12.649999999999995,-41.25,-21.849999999999994" vel="0,0,0" mass="1" elasticityCoef="1" ang="90,0,0" color="0,220,0" radius="0.5" length="4" />
		<capsule pos="-12.649999999999995,-41.25,-19.549999999999997" vel="0,0,0" mass="1" elasticityCoef="1" ang="90,0,0" color="0,220,0" radius="0.5" length="4" />
		<capsule pos="-12.649999999999995,-41.25,-17.249999999999996" vel="0,0,0" mass="1" elasticityCoef="1" ang="90,0,0" color="0,220,0" radius="0.5" length="4" />
		<capsule pos="-12.649999999999995,-41.25,-14.949999999999996" vel="0,0,0" mass="1" elasticityCoef="1" ang="90,0,0" color="0,220,0" radius="0.5" length="4" />
		<capsule pos="-12.649999999999995,-41.25,-12.649999999999995" vel="0,0,0" mass="1" elasticityCoef="1" ang="90,0,0" color="0,220,0" radius="0.5" length="4" />
		<capsule pos="-12.649999999999995,-41.25,-10.349999999999994" vel="0,0,0" mass="1" elasticityCoef="1" ang="90,0,0" color="0,220,0" radius="0.5" length="4" />
		<capsule pos="-12.649999999999995,-41.25,-8.049999999999997" vel="0,0,0" mass="1" elasticityCoef="1" ang="90,0,0" color="0,220,0" radius="0.5" length="4" />
		<capsule pos="-12.649999999999995,-41.25,-5.7499999999999964" vel="0,0,0" mass="1" elasticityCoef="1" ang="90,0,0" color="0,220,0" radius="0.5" length="4" />
		<capsule pos="-12.649999999999995,-41.25,-3.4499999999999957" vel="0,0,0" mass="1" elasticityCoef="1" ang="90,0,0" color="0,220,0" radius="0.5" length="4" />
		<capsule pos="-12.649999999999995,-41.25,-1.1499999999999986" vel="0,0,0" mass="1" elasticityCoef="1" ang="90,0,0" color="0,220,0" radius="0.5" length="4" />
		<capsule pos="-12.649999999999995,-41.25,1.1500000000000057" vel="0,0,0" mass="1" elasticityCoef="1" ang="90,0,0" color="0,220,0" radius="0.5" length="4" />
		<capsule pos="-12.649999999999995,-41.25,3.450000000000003" vel="0,0,0" mass="1" elasticityCoef="1" ang="90,0,0" color="0,220,0" radius="0.5" length="4" />
		<capsule pos="-12.649999999999995,-41.25,5.75" vel="0,0,0" mass="1" elasticityCoef="1" ang="90,0,0" color="0,220,0" radius="0.5" length="4" />
		<capsule pos="-12.649999999999995,-41.25,8.050000000000004" vel="0,0,0" mass="1" elasticityCoef="1" ang="90,0,0" color="0,220,0" radius="0.5" length="4" />
		<capsule pos="-12.649999999999995,-41.25,10.350000000000001" vel="0,0,0" mass="1" elasticityCoef="1" ang="90,0,0" color="0,220,0" radius="0.5" length="4" />
		<capsule pos="-12.649999999999995,-41.25,12.650000000000006" vel="0,0,0" mass="1" elasticityCoef="1" ang="90,0,0" color="0,220,0" radius="0.5" length="4" />
		<capsule pos="-12.649999999999995,-41.25,14.950000000000003" vel="0,0,0" mass="1" elasticityCoef="1" ang="90,0,0" color="0,220,0" radius="0.5" length="4" />
		<capsule pos="-12.649999999999995,-41.25,17.25" vel="0,0,0" mass="1" elasticityCoef="1" ang="90,0,0" color="0,220,0" radius="0.5" length="4" />
		<capsule pos="-12.649999999999995,-41.25,19.550000000000004" vel="0,0,0" mass="1" elasticityCoef="1" ang="90,0,0" color="0,220,0" radius="0.5" length="4" />
		<capsule pos="-12.649999999999995,-41.25,21.85" vel="0,0,0" mass="1" elasticityCoef="1" ang="90,0,0" color="0,220,0" radius="0.5" length="4" />
		<capsule pos="-12.649999999999995,-41.25,24.15" vel="0,0,0" mass="1" elasticityCoef="1" ang="90,0,0" color="0,220,0" radius="0.5" length="4" />
		<capsule pos="-12.649999999999995,-41.25,26.450000000000003" vel="0,0,0" mass="1" elasticityCoef="1" ang="90,0,0" color="0,220,0" radius="0.5" length="4" />
		<capsule pos="-12.649999999999995,-41.25,28.75" vel="0,0,0" mass="1" elasticityCoef="1" ang="90,0,0" color="0,220,0" radius="0.5" length="4" />
		<capsule pos="-12.649999999999995,-41.25,31.049999999999997" vel="0,0,0" mass="1" elasticityCoef="1" ang="90,0,0" color="0,220,0" radius="0.5" length="4" />
		<capsule pos="-12.649999999999995,-35.75,-33.349999999999994" vel="0,0,0" mass="1" elasticityCoef="1" ang="90,0,0" color="0,220,0" radius="0.5" length="4" />
		<capsule pos="-12.649999999999995,-35.75,-31.049999999999994" vel="0,0,0" mass="1" elasticityCoef="1" ang="90,0,0" color="0,220,0" radius="0.5" length="4" />
		<capsule pos="-12.649999999999995,-35.75,-28.749999999999993" vel="0,0,0" mass="1" elasticityCoef="1" ang="90,0,0" color="0,220,0" radius="0.5" length="4" />
		<capsule pos="-12.649999999999995,-35.75,-26.449999999999996" vel="0,0,0" mass="1" elasticityCoef="1" ang="90,0,0" color="0,220,0" radius="0.5" length="4" />
		<capsule pos="-12.649999999999995,-35.75,-24.149999999999995" vel="0,0,0" mass="1" elasticityCoef="1" ang="90,0,0" color="0,220,0" radius="0.5" length="4" />
		<capsule pos="-12.649999999999995,-35.75,-21.849999999999994" vel="0,0,0" mass="1" elasticityCoef="1" ang="90,0,0" color="0,220,0" radius="0.5" length="4" />
		<capsule pos="-12.649999999999995,-35.75,-19.549999999999997" vel="0,0,0" mass="1" elasticityCoef="1" ang="90,0,0" color="0,220,0" radius="0.5" length="4" />
		<capsule pos="-12.649999999999995,-35.75,-17.249999999999996" vel="0,0,0" mass="1" elasticityCoef="1" ang="90,0,0" color="0,220,0" radius="0.5" length="4" />
		<capsule pos="-12.649999999999995,-35.75,-14.949999999999996" vel="0,0,0" mass="1" elasticityCoef="1" ang="90,0,0" color="0,220,0" radius="0.5" length="4" />
		<capsule pos="-12.649999999999995,-35.75,-12.649999999999995" vel="0,0,0" mass="1" elasticityCoef="1" ang="90,0,0" color="0,220,0" radius="0.5" length="4" />
		<capsule pos="-12.649999999999995,-35.75,-10.349999999999994" vel="0,0,0" mass="1" elasticityCoef="1" ang="90,0,0" color="0,220,0" radius="0.5" length="4" />
		<capsule pos="-12.649999999999995,-35.75,-8.049999999999997" vel="0,0,0" mass="1" elasticityCoef="1" ang="90,0,0" color="0,220,0" radius="0.5" length="4" />
		<capsule pos="-12.649999999999995,-35.75,-5.7499999999999964" vel="0,0,0" mass="1" elasticityCoef="1" ang="90,0,0" color="0,220,0" radius="0.5" length="4" />
		<capsule pos="-12.649999999999995,-35.75,-3.4499999999999957" vel="0,0,0" mass="1" elasticityCoef="1" ang="90,0,0" color="0,220,0" radius="0.5" length="4" />
		<capsule pos="-12.649999999999995,-35.75,-1.1499999999999986" vel="0,0,0" mass="1" elasticityCoef="1" ang="90,0,0" color="0,220,0" radius="0.5" length="4" />
		<capsule pos="-12.649999999999995,-35.75,1.1500000000000057" vel="0,0,0" mass="1" elasticityCoef="1" ang="90,0,0" color="0,220,0" radius="0.5" length="4" />
		<capsule pos="-12.649999999999995,-35.75,3.450000000000003" vel="0,0,0" mass="1" elasticityCoef="1" ang="90,0,0" color="0,220,0" radius="0.5" length="4" />
		<capsule pos="-12.649999999999995,-35.75,5.75" vel="0,0,0" mass="1" elasticityCoef="1" ang="90,0,0" color="0,220,0" radius="0.5" length="4" />
		<capsule pos="-12.649999999999995,-35.75,8.050000000000004" vel="0,0,0" mass="1" elasticityCoef="1" ang="90,0,0" color="0,220,0" radius="0.5" length="4" />
		<capsule pos="-12.649999999999995,-35.75,10.350000000000001" vel="0,0,0" mass="1" elasticityCoef="1" ang="90,0,0" color="0,220,0" radius="0.5" length="4" />
		<capsule pos="-12.649999999999995,-35.75,12.650000000000006" vel="0,0,0" mass="1" elasticityCoef="1" ang="90,0,0" color="0,220,0" radius="0.5" length="4" />
		<capsule pos="-12.649999999999995,-35.75,14.950000000000003" vel="0,0,0" mass="1" elasticityCoef="1" ang="90,0,0" color="0,220,0" radius="0.5" length="4" />
		<capsule pos="-12.649999999999995,-35.75,17.25" vel="0,0,0" mass="1" elasticityCoef="1" ang="90,0,0" color="0,220,0" radius="0.5" length="4" />
		<capsule pos="-12.649999999999995,-35.75,19.550000000000004" vel="0,0,0" mass="1" elasticityCoef="1" ang="90,0,0" color="0,220,0" radius="0.5" length="4" />
		<capsule pos="-12.649999999999995,-35.75,21.85" vel="0,0,0" mass="1" elasticityCoef="1" ang="90,0,0" color="0,220,0" radius="0.5" length="4" />
		<capsule pos="-12.649999999999995,-35.75,24.15" vel="0,0,0" mass="1" elasticityCoef="1" ang="90,0,0" color="0,220,0" radius="0.5" length="4" />
		<capsule pos="-12.649999999999995,-35.75,26.450000000000003" vel="0,0,0" mass="1" elasticityCoef="1" ang="90,0,0" color="0,220,0" radius="0.5" length="4" />
		<capsule pos="-12.649999999999995,-35.75,28.75" vel="0,0,0" mass="1" elasticityCoef="1" ang="90,0,0" color="0,220,0" radius="0.5" length="4" />
		<capsule pos="-12.649999999999995,-35.75,31.049999999999997" vel="0,0,0" mass="1" elasticityCoef="1" ang="90,0,0" color="0,220,0" radius="0.5" length="4" />
		<capsule pos="-12.649999999999995,-30.25,-33.349999999999994" vel="0,0,0" mass="1" elasticityCoef="1" ang="90,0,0" color="0,220,0" radius="0.5" length="4" />
		<capsule pos="-12.649999999999995,-30.25,-31.049999999999994" vel="0,0,0" mass="1" elasticityCoef="1" ang="90,0,0" color="0,220,0" radius="0.5" length="4" />
		<capsule pos="-12.649999999999995,-30.25,-28.749999999999993" vel="0,0,0" mass="1" elasticityCoef="1" ang="90,0,0" color="0,220,0" radius="0.5" length="4" />
		<capsule pos="-12.649999999999995,-30.25,-26.449999999999996" vel="0,0,0" mass="1" elasticityCoef="1" ang="90,0,0" color="0,220,0" radius="0.5" length="4" />
		<capsule pos="-12.649999999999995,-30.25,-24.149999999999995" vel="0,0,0" mass="1" elasticityCoef="1" ang="90,0,0" color="0,220,0" radius="0.5" length="4" />
		<capsule pos="-12.649999999999995,-30.25,-21.849999999999994" vel="0,0,0" mass="1" elasticityCoef="1" ang="90,0,0" color="0,220,0" radius="0.5" length="4" />
		<capsule pos="-12.649999999999995,-30.25,-19.549999999999997" vel="0,0,0" mass="1" elasticityCoef="1" ang="90,0,0" color="0,220,0" radius="0.5" length="4" />
		<capsule pos="-12.649999999999995,-30.25,-17.249999999999996" vel="0,0,0" mass="1" elasticityCoef="1" ang="90,0,0" color="0,220,0" radius="0.5" length="4" />
		<capsule pos="-12.649999999999995,-30.25,-14.949999999999996" vel="0,0,0" mass="1" elasticityCoef="1" ang="90,0,0" color="0,220,0" radius="0.5" length="4" />
		<capsule pos="-12.649999999999995,-30.25,-12.649999999999995" vel="0,0,0" mass="1" elasticityCoef="1" ang="90,0,0" color="0,220,0" radius="0.5" length="4" />
		<capsule pos="-12.649999999999995,-30.25,-10.349999999999994" vel="0,0,0" mass="1" elasticityCoef="1" ang="90,0,0" color="0,220,0" radius="0.5" length="4" />
		<capsule pos="-12.649999999999995,-30.25,-8.049999999999997" vel="0,0,0" mass="1" elasticityCoef="1" ang="90,0,0" color="0,220,0" radius="0.5" length="4" />
		<capsule pos="-12.649999999999995,-30.25,-5.7499999999999964" vel="0,0,0" mass="1" elasticityCoef="1" ang="90,0,0" color="0,220,0" radius="0.5" length="4" />
		<capsule pos="-12.649999999999995,-30.25,-3.4499999999999957" vel="0,0,0" mass="1" elasticityCoef="1" ang="90,0,0" color="0,220,0" radius="0.5" length="4" />
		<capsule pos="-12.649999999999995,-30.25,-1.1499999999999986" vel="0,0,0" mass="1" elasticityCoef="1" ang="90,0,0" color="0,220,0" radius="0.5" length="4" />
		<capsule pos="-12.649999999999995,-30.25,1.1500000000000057" vel="0,0,0" mass="1" elasticityCoef="1" ang="90,0,0" color="0,220,0" radius="0.5" length="4" />
		<capsule pos="-12.649999999999995,-30.25,3.450000000000003" vel="0,0,0" mass="1" elasticityCoef="1" ang="90,0,0" color="0,220,0" radius="0.5" length="4" />
		<capsule pos="-12.649999999999995,-30.25,5.75" vel="0,0,0" mass="1" elasticityCoef="1" ang="90,0,0" color="0,220,0" radius="0.5" length="4" />
		<capsule pos="-12.649999999999995,-30.25,8.050000000000004" vel="0,0,0" mass="1" elasticityCoef="1" ang="90,0,0" color="0,220,0" radius="0.5" length="4" />
		<capsule pos="-12.649999999999995,-30.25,10.350000000000001" vel="0,0,0" mass="1" elasticityCoef="1" ang="90,0,0" color="0,220,0" radius="0.5" length="4" />
		<capsule pos="-12.649999999999995,-30.25,12.650000000000006" vel="0,0,0" mass="1" elasticityCoef="1" ang="90,0,0" color="0,220,0" radius="0.5" length="4" />
		<capsule pos="-12.649999999999995,-30.25,14.950000000000003" vel="0,0,0" mass="1" elasticityCoef="1" ang="90,0,0" color="0,220,0" radius="0.5" length="4" />
		<capsule pos="-12.649999999999995,-30.25,17.25" vel="0,0,0" mass="1" elasticityCoef="1" ang="90,0,0" color="0,220,0" radius="0.5" length="4" />
		<capsule pos="-12.649999999999995,-30.25,19.550000000000004" vel="0,0,0" mass="1" elasticityCoef="1" ang="90,0,0" color="0,220,0" radius="0.5" length="4" />
		<capsule pos="-12.649999999999995,-30.25,21.85" vel="0,0,0" mass="1" elasticityCoef="1" ang="90,0,0" color="0,220,0" radius="0.5" length="4" />
		<capsule pos="-12.649999999999995,-30.25,24.15" vel="0,0,0" mass="1" elasticityCoef="1" ang="90,0,0" color="0,220,0" radius="0.5" length="4" />
		<capsule pos="-12.649999999999995,-30.25,26.450000000000003" vel="0,0,0" mass="1" elasticityCoef="1" ang="90,0,0" color="0,220,0" radius="0.5" length="4" />
		<capsule pos="-12.649999999999995,-30.25,28.75" vel="0,0,0" mass="1" elasticityCoef="1" ang="90,0,0" color="0,220,0" radius="0.5" length="4" />
		<capsule pos="-12.649999999999995,-30.25,31.049999999999997" vel="0,0,0" mass="1" elasticityCoef="1" ang="90,0,0" color="0,220,0" radius="0.5" length="4" />
		<capsule pos="-12.649999999999995,-24.75,-33.349999999999994" vel="0,0,0" mass="1" elasticityCoef="1" ang="90,0,0" color="0,220,0" radius="0.5" length="4" />
		<capsule pos="-12.649999999999995,-24.75,-31.049999999999994" vel="0,0,0" mass="1" elasticityCoef="1" ang="90,0,0" color="0,220,0" radius="0.5" length="4" />
		<capsule pos="-12.649999999999995,-24.75,-28.749999999999993" vel="0,0,0" mass="1" elasticityCoef="1" ang="90,0,0" color="0,220,0" radius="0.5" length="4" />
		<capsule pos="-12.649999999999995,-24.75,-26.449999999999996" vel="0,0,0" mass="1" elasticityCoef="1" ang="90,0,0" color="0,220,0" radius="0.5" length="4" />
		<capsule pos="-12.649999999999995,-24.75,-24.149999999999995" vel="0,0,0" mass="1" elasticityCoef="1" ang="90,0,0" color="0,220,0" radius="0.5" length="4" />
		<capsule pos="-12.649999999999995,-24.75,-21.849999999999994" vel="0,0,0" mass="1" elasticityCoef="1" ang="90,0,0" color="0,220,0" radius="0.5" length="4" />
		<capsule pos="-12.649999999999995,-24.75,-19.549999999999997" vel="0,0,0" mass="1" elasticityCoef="1" ang="90,0,0" color="0,220,0" radius="0.5" length="4" />
		<capsule pos="-12.649999999999995,-24.75,-17.249999999999996" vel="0,0,0" mass="1" elasticityCoef="1" ang="90,0,0" color="0,220,0" radius="0.5" length="4" />
		<capsule pos="-12.649999999999995,-24.75,-14.949999999999996" vel="0,0,0" mass="1" elasticityCoef="1" ang="90,0,0" color="0,220,0" radius="0.5" length="4" />
		<capsule pos="-12.649999999999995,-24.75,-12.649999999999995" vel="0,0,0" mass="1" elasticityCoef="1" ang="90,0,0" color="0,220,0" radius="0.5" length="4" />
		<capsule pos="-12.649999999999995,-24.75,-10.349999999999994" vel="0,0,0" mass="1" elasticityCoef="1" ang="90,0,0" color="0,220,0" radius="0.5" length="4" />
		<capsule pos="-12.649999999999995,-24.75,-8.049999999999997" vel="0,0,0" mass="1" elasticityCoef="1" ang="90,0,0" color="0,220,0" radius="0.5" length="4" />
		<capsule pos="-12.649999999999995,-24.75,-5.7499999999999964" vel="0,0,0" mass="1" elasticityCoef="1" ang="90,0,0" color="0,220,0" radius="0.5" length="4" />
		<capsule pos="-12.649999999999995,-24.75,-3.4499999999999957" vel="0,0,0" mass="1" elasticityCoef="1" ang="90,0,0" color="0,220,0" radius="0.5" length="4" />
		<capsule pos="-12.649999999999995,-24.75,-1.1499999999999986" vel="0,0,0" mass="1" elasticityCoef="1" ang="90,0,0" color="0,220,0" radius="0.5" length="4" />
		<capsule pos="-12.649999999999995,-24.75,1.1500000000000057" vel="0,0,0" mass="1" elasticityCoef="1" ang="90,0,0" color="0,220,0" radius="0.5" length="4" />
		<capsule pos="-12.649999999999995,-24.75,3.450000000000003" vel="0,0,0" mass="1" elasticityCoef="1" ang="90,0,0" color="0,220,0" radius="0.5" length="4" />
		<capsule pos="-12.649999999999995,-24.75,5.75" vel="0,0,0" mass="1" elasticityCoef="1" ang="90,0,0" color="0,220,0" radius="0.5" length="4" />
		<capsule pos="-12.649999999999995,-24.75,8.050000000000004" vel="0,0,0" mass="1" elasticityCoef="1" ang="90,0,0" color="0,220,0" radius="0.5" length="4" />
		<capsule pos="-12.649999999999995,-24.75,10.350000000000001" vel="0,0,0" mass="1" elasticityCoef="1" ang="90,0,0" color="0,220,0" radius="0.5" length="4" />
		<capsule pos="-12.649999999999995,-24.75,12.650000000000006" vel="0,0,0" mass="1" elasticityCoef="1" ang="90,0,0" color="0,220,0" radius="0.5" length="4" />
		<capsule pos="-12.649999999999995,-24.75,14.950000000000003" vel="0,0,0" mass="1" elasticityCoef="1" ang="90,0,0" color="0,220,0" radius="0.5" length="4" />
		<capsule pos="-12.649999999999995,-24.75,17.25" vel="0,0,0" mass="1" elasticityCoef="1" ang="90,0,0" color="0,220,0" radius="0.5" length="4" />
		<capsule pos="-12.649999999999995,-24.75,19.550000000000004" vel="0,0,0" mass="1" elasticityCoef="1" ang="90,0,0" color="0,220,0" radius="0.5" length="4" />
		<capsule pos="-12.649999999999995,-24.75,21.85" vel="0,0,0" mass="1" elasticityCoef="1" ang="90,0,0" color="0,220,0" radius="0.5" length="4" />
		<capsule pos="-12.649999999999995,-24.75,24.15" vel="0,0,0" mass="1" elasticityCoef="1" ang="90,0,0" color="0,220,0" radius="0.5" length="4" />
		<capsule pos="-12.649999999999995,-24.75,26.450000000000003" vel="0,0,0" mass="1" elasticityCoef="1" ang="90,0,0" color="0,220,0" radius="0.5" length="4" />
		<capsule pos="-12.649999999999995,-24.75,28.75" vel="0,0,0" mass="1" elasticityCoef="1" ang="90,0,0" color="0,220,0" radius="0.5" length="4" />
		<capsule pos="-12.649999999999995,-24.75,31.049999999999997" vel="0,0,0" mass="1" elasticityCoef="1" ang="90,0,0" color="0,220,0" radius="0.5" length="4" />
		<capsule pos="-12.649999999999995,-19.25,-33.349999999999994" vel="0,0,0" mass="1" elasticityCoef="1" ang="90,0,0" color="0,220,0" radius="0.5" length="4" />
		<capsule pos="-12.649999999999995,-19.25,-31.049999999999994" vel="0,0,0" mass="1" elasticityCoef="1" ang="90,0,0" color="0,220,0" radius="0.5" length="4" />
		<capsule pos="-12.649999999999995,-19.25,-28.749999999999993" vel="0,0,0" mass="1" elasticityCoef="1" ang="90,0,0" color="0,220,0" radius="0.5" length="4" />
		<capsule pos="-12.649999999999995,-19.25,-26.449999999999996" vel="0,0,0" mass="1" elasticityCoef="1" ang="90,0,0" color="0,220,0" radius="0.5" length="4" />
		<capsule pos="-12.649999999999995,-19.25,-24.149999999999995" vel="0,0,0" mass="1" elasticityCoef="1" ang="90,0,0" color="0,220,0" radius="0.5" length="4" />
		<capsule pos="-12.649999999999995,-19.25,-21.849999999999994" vel="0,0,0" mass="1" elasticityCoef="1" ang="90,0,0" color="0,220,0" radius="0.5" length="4" />
		<capsule pos="-12.649999999999995,-19.25,-19.549999999999997" vel="0,0,0" mass="1" elasticityCoef="1" ang="90,0,0" color="0,220,0" radius="0.5" length="4" />
		<capsule pos="-12.649999999999995,-19.25,-17.249999999999996" vel="0,0,0" mass="1" elasticityCoef="1" ang="90,0,0" color="0,220,0" radius="0.5" length="4" />
		<capsule pos="-12.649999999999995,-19.25,-14.949999999999996" vel="0,0,0" mass="1" elasticityCoef="1" ang="90,0,0" color="0,220,0" radius="0.5" length="4" />
		<capsule pos="-12.649999999999995,-19.25,-12.649999999999995" vel="0,0,0" mass="1" elasticityCoef="1" ang="90,0,0" color="0,220,0" radius="0.5" length="4" />
		<capsule pos="-12.649999999999995,-19.25,-10.349999999999994" vel="0,0,0" mass="1" elasticityCoef="1" ang="90,0,0" color="0,220,0" radius="0.5" length="4" />
		<capsule pos="-12.649999999999995,-19.25,-8.049999999999997" vel="0,0,0" mass="1" elasticityCoef="1" ang="90,0,0" color="0,220,0" radius="0.5" length="4" />
		<capsule pos="-12.649999999999995,-19.25,-5.7499999999999964" vel="0,0,0" mass="1" elasticityCoef="1" ang="90,0,0" color="0,220,0" radius="0.5" length="4" />
		<capsule pos="-12.649999999999995,-19.25,-3.4499999999999957" vel="0,0,0" mass="1" elasticityCoef="1" ang="90,0,0" color="0,220,0" radius="0.5" length="4" />
		<capsule pos="-12.649999999999995,-19.25,-1.1499999999999986" vel="0,0,0" mass="1" elasticityCoef="1" ang="90,0,0" color="0,220,0" radius="0.5" length="4" />
		<capsule pos="-12.649999999999995,-19.25,1.1500000000000057" vel="0,0,0" mass="1" elasticityCoef="1" ang="90,0,0" color="0,220,0" radius="0.5" length="4" />
		<capsule pos="-12.649999999999995,-19.25,3.450000000000003" vel="0,0,0" mass="1" elasticityCoef="1" ang="90,0,0" color="0,220,0" radius="0.5" length="4" />
		<capsule pos="-12.649999999999995,-19.25,5.75" vel="0,0,0" mass="1" elasticityCoef="1" ang="90,0,0" color="0,220,0" radius="0.5" length="4" />
		<capsule pos="-12.649999999999995,-19.25,8.050000000000004" vel="0,0,0" mass="1" elasticityCoef="1" ang="90,0,0" color="0,220,0" radius="0.5" length="4" />
		<capsule pos="-12.649999999999995,-19.25,10.350000000000001" vel="0,0,0" mass="1" elasticityCoef="1" ang="90,0,0" color="0,220,0" radius="0.5" length="4" />
		<capsule pos="-12.649999999999995,-19.25,12.650000000000006" vel="0,0,0" mass="1" elasticityCoef="1" ang="90,0,0" color="0,220,0" radius="0.5" length="4" />
		<capsule pos="-12.649999999999995,-19.25,14.950000000000003" vel="0,0,0" mass="1" elasticityCoef="1" ang="90,0,0" color="0,220,0" radius="0.5" length="4" />
		<capsule pos="-12.649999999999995,-19.25,17.25" vel="0,0,0" mass="1" elasticityCoef="1" ang="90,0,0" color="0,220,0" radius="0.5" length="4" />
		<capsule pos="-12.649999999999995,-19.25,19.550000000000004" vel="0,0,0" mass="1" elasticityCoef="1" ang="90,0,0" color="0,220,0" radius="0.5" length="4" />
		<capsule pos="-12.649999999999995,-19.25,21.85" vel="0,0,0" mass="1" elasticityCoef="1" ang="90,0,0" color="0,220,0" radius="0.5" length="4" />
		<capsule pos="-12.649999999999995,-19.25,24.15" vel="0,0,0" mass="1" elasticityCoef="1" ang="90,0,0" color="0,220,0" radius="0.5" length="4" />
		<capsule pos="-12.649999999999995,-19.25,26.450000000000003" vel="0,0,0" mass="1" elasticityCoef="1" ang="90,0,0" color="0,220,0" radius="0.5" length="4" />
		<capsule pos="-12.649999999999995,-19.25,28.75" vel="0,0,0" mass="1" elasticityCoef="1" ang="90,0,0" color="0,220,0" radius="0.5" length="4" />
		<capsule pos="-12.649999999999995,-19.25,31.049999999999997" vel="0,0,0" mass="1" elasticityCoef="1" ang="90,0,0" color="0,220,0" radius="0.5" length="4" />
		<capsule pos="-12.649999999999995,-13.75,-33.349999999999994" vel="0,0,0" mass="1" elasticityCoef="1" ang="90,0,0" color="0,220,0" radius="0.5" length="4" />
		<capsule pos="-12.649999999999995,-13.75,-31.049999999999994" vel="0,0,0" mass="1" elasticityCoef="1" ang="90,0,0" color="0,220,0" radius="0.5" length="4" />
		<capsule pos="-12.649999999999995,-13.75,-28.749999999999993" vel="0,0,0" mass="1" elasticityCoef="1" ang="90,0,0" color="0,220,0" radius="0.5" length="4" />
		<capsule pos="-12.649999999999995,-13.75,-26.449999999999996" vel="0,0,0" mass="1" elasticityCoef="1" ang="90,0,0" color="0,220,0" radius="0.5" length="4" />
		<capsule pos="-12.649999999999995,-13.75,-24.149999999999995" vel="0,0,0" mass="1" elasticityCoef="1" ang="90,0,0" color="0,220,0" radius="0.5" length="4" />
		<capsule pos="-12.649999999999995,-13.75,-21.849999999999994" vel="0,0,0" mass="1" elasticityCoef="1" ang="90,0,0" color="0,220,0" radius="0.5" length="4" />
		<capsule pos="-12.649999999999995,-13.75,-19.549999999999997" vel="0,0,0" mass="1" elasticityCoef="1" ang="90,0,0" color="0,220,0" radius="0.5" length="4" />
		<capsule pos="-12.649999999999995,-13.75,-17.249999999999996" vel="0,0,0" mass="1" elasticityCoef="1" ang="90,0,0" color="0,220,0" radius="0.5" length="4" />
		<capsule pos="-12.649999999999995,-13.75,-14.949999999999996" vel="0,0,0" mass="1" elasticityCoef="1" ang="90,0,0" color="0,220,0" radius="0.5" length="4" />
		<capsule pos="-12.649999999999995,-13.75,-12.649999999999995" vel="0,0,0" mass="1" elasticityCoef="1" ang="90,0,0" color="0,220,0" radius="0.5" length="4" />
		<capsule pos="-12.649999999999995,-13.75,-10.349999999999994" vel="0,0,0" mass="1" elasticityCoef="1" ang="90,0,0" color="0,220,0" radius="0.5" length="4" />
		<capsule pos="-12.649999999999995,-13.75,-8.049999999999997" vel="0,0,0" mass="1" elasticityCoef="1" ang="90,0,0" color="0,220,0" radius="0.5" length="4" />
		<capsule pos="-12.649999999999995,-13.75,-5.7499999999999964" vel="0,0,0" mass="1" elasticityCoef="1" ang="90,0,0" color="0,220,0" radius="0.5" length="4" />
		<capsule pos="-12.649999999999995,-13.75,-3.4499999999999957" vel="0,0,0" mass="1" elasticityCoef="1" ang="90,0,0" color="0,220,0" radius="0.5" length="4" />
		<capsule pos="-12.649999999999995,-13.75,-1.1499999999999986" vel="0,0,0" mass="1" elasticityCoef="1" ang="90,0,0" color="0,220,0" radius="0.5" length="4" />
		<capsule pos="-12.649999999999995,-13.75,1.1500000000000057" vel="0,0,0" mass="1" elasticityCoef="1" ang="90,0,0" color="0,220,0" radius="0.5" length="4" />
		<capsule pos="-12.649999999999995,-13.75,3.450000000000003" vel="0,0,0" mass="1" elasticityCoef="1" ang="90,0,0" color="0,220,0" radius="0.5" length="4" />
		<capsule pos="-12.649999999999995,-13.75,5.75" vel="0,0,0" mass="1" elasticityCoef="1" ang="90,0,0" color="0,220,0" radius="0.5" length="4" />
		<capsule pos="-12.649999999999995,-13.75,8.050000000000004" vel="0,0,0" mass="1" elasticityCoef="1" ang="90,0,0" color="0,220,0" radius="0.5" length="4" />
		<capsule pos="-12.649999999999995,-13.75,10.350000000000001" vel="0,0,0" mass="1" elasticityCoef="1" ang="90,0,0" color="0,220,0" radius="0.5" length="4" />
		<capsule pos="-12.649999999999995,-13.75,12.650000000000006" vel="0,0,0" mass="1" elasticityCoef="1" ang="90,0,0" color="0,220,0" radius="0.5" length="4" />
		<capsule pos="-12.649999999999995,-13.75,14.950000000000003" vel="0,0,0" mass="1" elasticityCoef="1" ang="90,0,0" color="0,220,0" radius="0.5" length="4" />
		<capsule pos="-12.649999999999995,-13.75,17.25" vel="0,0,0" mass="1" elasticityCoef="1" ang="90,0,0" color="0,220,0" radius="0.5" length="4" />
		<capsule pos="-12.649999999999995,-13.75,19.550000000000004" vel="0,0,0" mass="1" elasticityCoef="1" ang="90,0,0" color="0,220,0" radius="0.5" length="4" />
		<capsule pos="-12.649999999999995,-13.75,21.85" vel="0,0,0" mass="1" elasticityCoef="1" ang="90,0,0" color="0,220,0" radius="0.5" length="4" />
		<capsule pos="-12.649999999999995,-13.75,24.15" vel="0,0,0" mass="1" elasticityCoef="1" ang="90,0,0" color="0,220,0" radius="0.5" length="4" />
		<capsule pos="-12.649999999999995,-13.75,26.450000000000003" vel="0,0,0" mass="1" elasticityCoef="1" ang="90,0,0" color="0,220,0" radius="0.5" length="4" />
		<capsule pos="-12.649999999999995,-13.75,28.75" vel="0,0,0" mass="1" elasticityCoef="1" ang="90,0,0" color="0,220,0" radius="0.5" length="4" />
		<capsule pos="-12.649999999999995,-13.75,31.049999999999997" vel="0,0,0" mass="1" elasticityCoef="1" ang="90,0,0" color="0,220,0" radius="0.5" length="4" />
		<capsule pos="-12.649999999999995,-8.25,-33.349999999999994" vel="0,0,0" mass="1" elasticityCoef="1" ang="90,0,0" color="0,220,0" radius="0.5" length="4" />
		<capsule pos="-12.649999999999995,-8.25,-31.049999999999994" vel="0,0,0" mass="1" elasticityCoef="1" ang="90,0,0" color="0,220,0" radius="0.5" length="4" />
		<capsule pos="-12.649999999999995,-8.25,-28.749999999999993" vel="0,0,0" mass="1" elasticityCoef="1" ang="90,0,0" color="0,220,0" radius="0.5" length="4" />
		<capsule pos="-12.649999999999995,-8.25,-26.449999999999996" vel="0,0,0" mass="1" elasticityCoef="1" ang="90,0,0" color="0,220,0" radius="0.5" length="4" />
		<capsule pos="-12.649999999999995,-8.25,-24.149999999999995" vel="0,0,0" mass="1" elasticityCoef="1" ang="90,0,0" color="0,220,0" radius="0.5" length="4" />
		<capsule pos="-12.649999999999995,-8.25,-21.849999999999994" vel="0,0,0" mass="1" elasticityCoef="1" ang="90,0,0" color="0,220,0" radius="0.5" length="4" />
		<capsule pos="-12.649999999999995,-8.25,-19.549999999999997" vel="0,0,0" mass="1" elasticityCoef="1" ang="90,0,0" color="0,220,0" radius="0.5" length="4" />
		<capsule pos="-12.649999999999995,-8.25,-17.249999999999996" vel="0,0,0" mass="1" elasticityCoef="1" ang="90,0,0" color="0,220,0" radius="0.5" length="4" />
		<capsule pos="-12.649999999999995,-8.25,-14.949999999999996" vel="0,0,0" mass="1" elasticityCoef="1" ang="90,0,0" color="0,220,0" radius="0.5" length="4" />
		<capsule pos="-12.649999999999995,-8.25,-12.649999999999995" vel="0,0,0" mass="1" elasticityCoef="1" ang="90,0,0" color="0,220,0" radius="0.5" length="4" />
		<capsule pos="-12.649999999999995,-8.25,-10.349999999999994" vel="0,0,0" mass="1" elasticityCoef="1" ang="90,0,0" color="0,220,0" radius="0.5" length="4" />
		<capsule pos="-12.649999999999995,-8.25,-8.049999999999997" vel="0,0,0" mass="1" elasticityCoef="1" ang="90,0,0" color="0,220,0" radius="0.5" length="4" />
		<capsule pos="-12.649999999999995,-8.25,-5.7499999999999964" vel="0,0,0" mass="1" elasticityCoef="1" ang="90,0,0" color="0,220,0" radius="0.5" length="4" />
		<capsule pos="-12.649999999999995,-8.25,-3.4499999999999957" vel="0,0,0" mass="1" elasticityCoef="1" ang="90,0,0" color="0,220,0" radius="0.5" length="4" />
		<capsule pos="-12.649999999999995,-8.25,-1.1499999999999986" vel="0,0,0" mass="1" elasticityCoef="1" ang="90,0,0" color="0,220,0" radius="0.5" length="4" />
		<capsule pos="-12.649999999999995,-8.25,1.1500000000000057" vel="0,0,0" mass="1" elasticityCoef="1" ang="90,0,0" color="0,220,0" radius="0.5" length="4" />
		<capsule pos="-12.649999999999995,-8.25,3.450000000000003" vel="0,0,0" mass="1" elasticityCoef="1" ang="90,0,0" color="0,220,0" radius="0.5" length="4" />
		<capsule pos="-12.649999999999995,-8.25,5.75" vel="0,0,0" mass="1" elasticityCoef="1" ang="90,0,0" color="0,220,0" radius="0.5" length="4" />
		<capsule pos="-12.649999999999995,-8.25,8.050000000000004" vel="0,0,0" mass="1" elasticityCoef="1" ang="90,0,0" color="0,220,0" radius="0.5" length="4" />
		<capsule pos="-12.649999999999995,-8.25,10.350000000000001" vel="0,0,0" mass="1" elasticityCoef="1" ang="90,0,0" color="0,220,0" radius="0.5" length="4" />
		<capsule pos="-12.649999999999995,-8.25,12.650000000000006" vel="0,0,0" mass="1" elasticityCoef="1" ang="90,0,0" color="0,220,0" radius="0.5" length="4" />
		<capsule pos="-12.649999999999995,-8.25,14.950000000000003" vel="0,0,0" mass="1" elasticityCoef="1" ang="90,0,0" color="0,220,0" radius="0.5" length="4" />
		<capsule pos="-12.649999999999995,-8.25,17.25" vel="0,0,0" mass="1" elasticityCoef="1" ang="90,0,0" color="0,220,0" radius="0.5" length="4" />
		<capsule pos="-12.649999999999995,-8.25,19.550000000000004" vel="0,0,0" mass="1" elasticityCoef="1" ang="90,0,0" color="0,220,0" radius="0.5" length="4" />
		<capsule pos="-12.649999999999995,-8.25,21.85" vel="0,0,0" mass="1" elasticityCoef="1" ang="90,0,0" color="0,220,0" radius="0.5" length="4" />
		<capsule pos="-12.649999999999995,-8.25,24.15" vel="0,0,0" mass="1" elasticityCoef="1" ang="90,0,0" color="0,220,0" radius="0.5" length="4" />
		<capsule pos="-12.649999999999995,-8.25,26.450000000000003" vel="0,0,0" mass="1" elasticityCoef="1" ang="90,0,0" color="0,220,0" radius="0.5" length="4" />
		<capsule pos="-12.649999999999995,-8.25,28.75" vel="0,0,0" mass="1" elasticityCoef="1" ang="90,0,0" color="0,220,0" radius="0.5" length="4" />
		<capsule pos="-12.649999999999995,-8.25,31.049999999999997" vel="0,0,0" mass="1" elasticityCoef="1" ang="90,0,0" color="0,220,0" radius="0.5" length="4" />
		<capsule pos="-12.649999999999995,-2.75,-33.349999999999994" vel="0,0,0" mass="1" elasticityCoef="1" ang="90,0,0" color="0,220,0" radius="0.5" length="4" />
		<capsule pos="-12.649999999999995,-2.75,-31.049999999999994" vel="0,0,0" mass="1" elasticityCoef="1" ang="90,0,0" color="0,220,0" radius="0.5" length="4" />
		<capsule pos="-12.649999999999995,-2.75,-28.749999999999993" vel="0,0,0" mass="1" elasticityCoef="1" ang="90,0,0" color="0,220,0" radius="0.5" length="4" />
		<capsule pos="-12.649999999999995,-2.75,-26.449999999999996" vel="0,0,0" mass="1" elasticityCoef="1" ang="90,0,0" color="0,220,0" radius="0.5" length="4" />
		<capsule pos="-12.649999999999995,-2.75,-24.149999999999995" vel="0,0,0" mass="1" elasticityCoef="1" ang="90,0,0" color="0,220,0" radius="0.5" length="4" />
		<capsule pos="-12.649999999999995,-2.75,-21.849999999999994" vel="0,0,0" mass="1" elasticityCoef="1" ang="90,0,0" color="0,220,0" radius="0.5" length="4" />
		<capsule pos="-12.649999999999995,-2.75,-19.549999999999997" vel="0,0,0" mass="1" elasticityCoef="1" ang="90,0,0" color="0,220,0" radius="0.5" length="4" />
		<capsule pos="-12.649999999999995,-2.75,-17.249999999999996" vel="0,0,0" mass="1" elasticityCoef="1" ang="90,0,0" color="0,220,0" radius="0.5" length="4" />
		<capsule pos="-12.649999999999995,-2.75,-14.949999999999996" vel="0,0,0" mass="1" elasticityCoef="1" ang="90,0,0" color="0,220,0" radius="0.5" length="4" />
		<capsule pos="-12.649999999999995,-2.75,-12.649999999999995" vel="0,0,0" mass="1" elasticityCoef="1" ang="90,0,0" color="0,220,0" radius="0.5" length="4" />
		<capsule pos="-12.649999999999995,-2.75,-10.349999999999994" vel="0,0,0" mass="1" elasticityCoef="1" ang="90,0,0" color="0,220,0" radius="0.5" length="4" />
		<capsule pos="-12.649999999999995,-2.75,-8.049999999999997" vel="0,0,0" mass="1" elasticityCoef="1" ang="90,0,0" color="0,220,0" radius="0.5" length="4" />
		<capsule pos="-12.649999999999995,-2.75,-5.7499999999999964" vel="0,0,0" mass="1" elasticityCoef="1" ang="90,0,0" color="0,220,0" radius="0.5" length="4" />
		<capsule pos="-12.649999999999995,-2.75,-3.4499999999999957" vel="0,0,0" mass="1" elasticityCoef="1" ang="90,0,0" color="0,220,0" radius="0.5" length="4" />
		<capsule pos="-12.649999999999995,-2.75,-1.1499999999999986" vel="0,0,0" mass="1" elasticityCoef="1" ang="90,0,0" color="0,220,0" radius="0.5" length="4" />
		<capsule pos="-12.649999999999995,-2.75,1.1500000000000057" vel="0,0,0" mass="1" elasticityCoef="1" ang="90,0,0" color="0,220,0" radius="0.5" length="4" />
		<capsule pos="-12.649999999999995,-2.75,3.450000000000003" vel="0,0,0" mass="1" elasticityCoef="1" ang="90,0,0" color="0,220,0" radius="0.5" length="4" />
		<capsule pos="-12.649999999999995,-2.75,5.75" vel="0,0,0" mass="1" elasticityCoef="1" ang="90,0,0" color="0,220,0" radius="0.5" length="4" />
		<capsule pos="-12.649999999999995,-2.75,8.050000000000004" vel="0,0,0" mass="1" elasticityCoef="1" ang="90,0,0" color="0,220,0" radius="0.5" length="4" />
		<capsule pos="-12.649999999999995,-2.75,10.350000000000001" vel="0,0,0" mass="1" elasticityCoef="1" ang="90,0,0" color="0,220,0" radius="0.5" length="4" />
		<capsule pos="-12.649999999999995,-2.75,12.650000000000006" vel="0,0,0" mass="1" elasticityCoef="1" ang="90,0,0" color="0,220,0" radius="0.5" length="4" />
		<capsule pos="-12.649999999999995,-2.75,14.950000000000003" vel="0,0,0" mass="1" elasticityCoef="1" ang="90,0,0" color="0,220,0" radius="0.5" length="4" />
		<capsule pos="-12.649999999999995,-2.75,17.25" vel="0,0,0" mass="1" elasticityCoef="1" ang="90,0,0" color="0,220,0" radius="0.5" length="4" />
		<capsule pos="-12.649999999999995,-2.75,19.550000000000004" vel="0,0,0" mass="1" elasticityCoef="1" ang="90,0,0" color="0,220,0" radius="0.5" length="4" />
		<capsule pos="-12.649999999999995,-2.75,21.85" vel="0,0,0" mass="1" elasticityCoef="1" ang="90,0,0" color="0,220,0" radius="0.5" length="4" />
		<capsule pos="-12.649999999999995,-2.75,24.15" vel="0,0,0" mass="1" elasticityCoef="1" ang="90,0,0" color="0,220,0" radius="0.5" length="4" />
		<capsule pos="-12.649999999999995,-2.75,26.450000000000003" vel="0,0,0" mass="1" elasticityCoef="1" ang="90,0,0" color="0,220,0" radius="0.5" length="4" />
		<capsule pos="-12.649999999999995,-2.75,28.75" vel="0,0,0" mass="1" elasticityCoef="1" ang="90,0,0" color="0,220,0" radius="0.5" length="4" />
		<capsule pos="-12.649999999999995,-2.75,31.049999999999997" vel="0,0,0" mass="1" elasticityCoef="1" ang="90,0,0" color="0,220,0" radius="0.5" length="4" />
		<capsule pos="-12.649999999999995,2.75,-33.349999999999994" vel="0,0,0" mass="1" elasticityCoef="1" ang="90,0,0" color="0,220,0" radius="0.5" length="4" />
		<capsule pos="-12.649999999999995,2.75,-31.049999999999994" vel="0,0,0" mass="1" elasticityCoef="1" ang="90,0,0" color="0,220,0" radius="0.5" length="4" />
		<capsule pos="-12.649999999999995,2.75,-28.749999999999993" vel="0,0,0" mass="1" elasticityCoef="1" ang="90,0,0" color="0,220,0" radius="0.5" length="4" />
		<capsule pos="-12.649999999999995,2.75,-26.449999999999996" vel="0,0,0" mass="1" elasticityCoef="1" ang="90,0,0" color="0,220,0" radius="0.5" length="4" />
		<capsule pos="-12.649999999999995,2.75,-24.149999999999995" vel="0,0,0" mass="1" elasticityCoef="1" ang="90,0,0" color="0,220,0" radius="0.5" length="4" />
		<capsule pos="-12.649999999999995,2.75,-21.849999999999994" vel="0,0,0" mass="1" elasticityCoef="1" ang="90,0,0" color="0,220,0" radius="0.5" length="4" />
		<capsule pos="-12.649999999999995,2.75,-19.549999999999997" vel="0,0,0" mass="1" elasticityCoef="1" ang="90,0,0" color="0,220,0" radius="0.5" length="4" />
		<capsule pos="-12.649999999999995,2.75,-17.249999999999996" vel="0,0,0" mass="1" elasticityCoef="1" ang="90,0,0" color="0,220,0" radius="0.5" length="4" />
		<capsule pos="-12.649999999999995,2.75,-14.949999999999996" vel="0,0,0" mass="1" elasticityCoef="1" ang="90,0,0" color="0,220,0" radius="0.5" length="4" />
		<capsule pos="-12.649999999999995,2.75,-12.649999999999995" vel="0,0,0" mass="1" elasticityCoef="1" ang="90,0,0" color="0,220,0" radius="0.5" length="4" />
		<capsule pos="-12.649999999999995,2.75,-10.349999999999994" vel="0,0,0" mass="1" elasticityCoef="1" ang="90,0,0" color="0,220,0" radius="0.5" length="4" />
		<capsule pos="-12.649999999999995,2.75,-8.049999999999997" vel="0,0,0" mass="1" elasticityCoef="1" ang="90,0,0" color="0,220,0" radius="0.5" length="4" />
		<capsule pos="-12.649999999999995,2.75,-5.7499999999999964" vel="0,0,0" mass="1" elasticityCoef="1" ang="90,0,0" color="0,220,0" radius="0.5" length="4" />
		<capsule pos="-12.649999999999995,2.75,-3.4499999999999957" vel="0,0,0" mass="1" elasticityCoef="1" ang="90,0,0" color="0,220,0" radius="0.5" length="4" />
		<capsule pos="-12.649999999999995,2.75,-1.1499999999999986" vel="0,0,0" mass="1" elasticityCoef="1" ang="90,0,0" color="0,220,0" radius="0.5" length="4" />
		<capsule pos="-12.649999999999995,2.75,1.1500000000000057" vel="0,0,0" mass="1" elasticityCoef="1" ang="90,0,0" color="0,220,0" radius="0.5" length="4" />
		<capsule pos="-12.649999999999995,2.75,3.450000000000003" vel="0,0,0" mass="1" elasticityCoef="1" ang="90,0,0" color="0,220,0" radius="0.5" length="4" />
		<capsule pos="-12.649999999999995,2.75,5.75" vel="0,0,0" mass="1" elasticityCoef="1" ang="90,0,0" color="0,220,0" radius="0.5" length="4" />
		<capsule pos="-12.649999999999995,2.75,8.050000000000004" vel="0,0,0" mass="1" elasticityCoef="1" ang="90,0,0" color="0,220,0" radius="0.5" length="4" />
		<capsule pos="-12.649999999999995,2.75,10.350000000000001" vel="0,0,0" mass="1" elasticityCoef="1" ang="90,0,0" color="0,220,0" radius="0.5" length="4" />
		<capsule pos="-12.649999999999995,2.75,12.650000000000006" vel="0,0,0" mass="1" elasticityCoef="1" ang="90,0,0" color="0,220,0" radius="0.5" length="4" />
		<capsule pos="-12.649999999999995,2.75,14.950000000000003" vel="0,0,0" mass="1" elasticityCoef="1" ang="90,0,0" color="0,220,0" radius="0.5" length="4" />
		<capsule pos="-12.649999999999995,2.75,17.25" vel="0,0,0" mass="1" elasticityCoef="1" ang="90,0,0" color="0,220,0" radius="0.5" length="4" />
		<capsule pos="-12.649999999999995,2.75,19.550000000000004" vel="0,0,0" mass="1" elasticityCoef="1" ang="90,0,0" color="0,220,0" radius="0.5" length="4" />
		<capsule pos="-12.649999999999995,2.75,21.85" vel="0,0,0" mass="1" elasticityCoef="1" ang="90,0,0" color="0,220,0" radius="0.5" length="4" />
		<capsule pos="-12.649999999999995,2.75,24.15" vel="0,0,0" mass="1" elasticityCoef="1" ang="90,0,0" color="0,220,0" radius="0.5" length="4" />
		<capsule pos="-12.649999999999995,2.75,26.450000000000003" vel="0,0,0" mass="1" elasticityCoef="1" ang="90,0,0" color="0,220,0" radius="0.5" length="4" />
		<capsule pos="-12.649999999999995,2.75,28.75" vel="0,0,0" mass="1" elasticityCoef="1" ang="90,0,0" color="0,220,0" radius="0.5" length="4" />
		<capsule pos="-12.649999999999995,2.75,31.049999999999997" vel="0,0,0" mass="1" elasticityCoef="1" ang="90,0,0" color="0,220,0" radius="0.5" length="4" />
		<capsule pos="-12.649999999999995,8.25,-33.349999999999994" vel="0,0,0" mass="1" elasticityCoef="1" ang="90,0,0" color="0,220,0" radius="0.5" length="4" />
		<capsule pos="-12.649999999999995,8.25,-31.049999999999994" vel="0,0,0" mass="1" elasticityCoef="1" ang="90,0,0" color="0,220,0" radius="0.5" length="4" />
		<capsule pos="-12.649999999999995,8.25,-28.749999999999993" vel="0,0,0" mass="1" elasticityCoef="1" ang="90,0,0" color="0,220,0" radius="0.5" length="4" />
		<capsule pos="-12.649999999999995,8.25,-26.449999999999996" vel="0,0,0" mass="1" elasticityCoef="1" ang="90,0,0" color="0,220,0" radius="0.5" length="4" />
		<capsule pos="-12.649999999999995,8.25,-24.149999999999995" vel="0,0,0" mass="1" elasticityCoef="1" ang="90,0,0" color="0,220,0" radius="0.5" length="4" />
		<capsule pos="-12.649999999999995,8.25,-21.849999999999994" vel="0,0,0" mass="1" elasticityCoef="1" ang="90,0,0" color="0,220,0" radius="0.5" length="4" />
		<capsule pos="-12.649999999999995,8.25,-19.549999999999997" vel="0,0,0" mass="1" elasticityCoef="1" ang="90,0,0" color="0,220,0" radius="0.5" length="4" />
		<capsule pos="-12.649999999999995,8.25,-17.249999999999996" vel="0,0,0" mass="1" elasticityCoef="1" ang="90,0,0" color="0,220,0" radius="0.5" length="4" />
		<capsule pos="-12.649999999999995,8.25,-14.949999999999996" vel="0,0,0" mass="1" elasticityCoef="1" ang="90,0,0" color="0,220,0" radius="0.5" length="4" />
		<capsule pos="-12.649999999999995,8.25,-12.649999999999995" vel="0,0,0" mass="1" elasticityCoef="1" ang="90,0,0" color="0,220,0" radius="0.5" length="4" />
		<capsule pos="-12.649999999999995,8.25,-10.349999999999994" vel="0,0,0" mass="1" elasticityCoef="1" ang="90,0,0" color="0,220,0" radius="0.5" length="4" />
		<capsule pos="-12.649999999999995,8.25,-8.049999999999997" vel="0,0,0" mass="1" elasticityCoef="1" ang="90,0,0" color="0,220,0" radius="0.5" length="4" />
		<capsule pos="-12.649999999999995,8.25,-5.7499999999999964" vel="0,0,0" mass="1" elasticityCoef="1" ang="90,0,0" color="0,220,0" radius="0.5" length="4" />
		<capsule pos="-12.649999999999995,8.25,-3.4499999999999957" vel="0,0,0" mass="1" elasticityCoef="1" ang="90,0,0" color="0,220,0" radius="0.5" length="4" />
		<capsule pos="-12.649999999999995,8.25,-1.1499999999999986" vel="0,0,0" mass="1" elasticityCoef="1" ang="90,0,0" color="0,220,0" radius="0.5" length="4" />
		<capsule pos="-12.649999999999995,8.25,1.1500000000000057" vel="0,0,0" mass="1" elasticityCoef="1" ang="90,0,0" color="0,220,0" radius="0.5" length="4" />
		<capsule pos="-12.649999999999995,8.25,3.450000000000003" vel="0,0,0" mass="1" elasticityCoef="1" ang="90,0,0" color="0,220,0" radius="0.5" length="4" />
		<capsule pos="-12.649999999999995,8.25,5.75" vel="0,0,0" mass="1" elasticityCoef="1" ang="90,0,0" color="0,220,0" radius="0.5" length="4" />
		<capsule pos="-12.649999999999995,8.25,8.050000000000004" vel="0,0,0" mass="1" elasticityCoef="1" ang="90,0,0" color="0,220,0" radius="0.5" length="4" />
		<capsule pos="-12.649999999999995,8.25,10.350000000000001" vel="0,0,0" mass="1" elasticityCoef="1" ang="90,0,0" color="0,220,0" radius="0.5" length="4" />
		<capsule pos="-12.649999999999995,8.25,12.650000000000006" vel="0,0,0" mass="1" elasticityCoef="1" ang="90,0,0" color="0,220,0" radius="0.5" length="4" />
		<capsule pos="-12.649999999999995,8.25,14.950000000000003" vel="0,0,0" mass="1" elasticityCoef="1" ang="90,0,0" color="0,220,0" radius="0.5" length="4" />
		<capsule pos="-12.649999999999995,8.25,17.25" vel="0,0,0" mass="1" elasticityCoef="1" ang="90,0,0" color="0,220,0" radius="0.5" length="4" />
		<capsule pos="-12.649999999999995,8.25,19.550000000000004" vel="0,0,0" mass="1" elasticityCoef="1" ang="90,0,0" color="0,220,0" radius="0.5" length="4" />
		<capsule pos="-12.649999999999995,8.25,21.85" vel="0,0,0" mass="1" elasticityCoef="1" ang="90,0,0" color="0,220,0" radius="0.5" length="4" />
		<capsule pos="-12.649999999999995,8.25,24.15" vel="0,0,0" mass="1" elasticityCoef="1" ang="90,0,0" color="0,220,0" radius="0.5" length="4" />
		<capsule pos="-12.649999999999995,8.25,26.450000000000003" vel="0,0,0" mass="1" elasticityCoef="1" ang="90,0,0" color="0,220,0" radius="0.5" length="4" />
		<capsule pos="-12.649999999999995,8.25,28.75" vel="0,0,0" mass="1" elasticityCoef="1" ang="90,0,0" color="0,220,0" radius="0.5" length="4" />
		<capsule pos="-12.649999999999995,8.25,31.049999999999997" vel="0,0,0" mass="1" elasticityCoef="1" ang="90,0,0" color="0,220,0" radius="0.5" length="4" />
		<capsule pos="-12.649999999999995,13.75,-33.349999999999994" vel="0,0,0" mass="1" elasticityCoef="1" ang="90,0,0" color="0,220,0" radius="0.5" length="4" />
		<capsule pos="-12.649999999999995,13.75,-31.049999999999994" vel="0,0,0" mass="1" elasticityCoef="1" ang="90,0,0" color="0,220,0" radius="0.5" length="4" />
		<capsule pos="-12.649999999999995,13.75,-28.749999999999993" vel="0,0,0" mass="1" elasticityCoef="1" ang="90,0,0" color="0,220,0" radius="0.5" length="4" />
		<capsule pos="-12.649999999999995,13.75,-26.449999999999996" vel="0,0,0" mass="1" elasticityCoef="1" ang="90,0,0" color="0,220,0" radius="0.5" length="4" />
		<capsule pos="-12.649999999999995,13.75,-24.149999999999995" vel="0,0,0" mass="1" elasticityCoef="1" ang="90,0,0" color="0,220,0" radius="0.5" length="4" />
		<capsule pos="-12.649999999999995,13.75,-21.849999999999994" vel="0,0,0" mass="1" elasticityCoef="1" ang="90,0,0" color="0,220,0" radius="0.5" length="4" />
		<capsule pos="-12.649999999999995,13.75,-19.549999999999997" vel="0,0,0" mass="1" elasticityCoef="1" ang="90,0,0" color="0,220,0" radius="0.5" length="4" />
		<capsule pos="-12.649999999999995,13.75,-17.249999999999996" vel="0,0,0" mass="1" elasticityCoef="1" ang="90,0,0" color="0,220,0" radius="0.5" length="4" />
		<capsule pos="-12.649999999999995,13.75,-14.949999999999996" vel="0,0,0" mass="1" elasticityCoef="1" ang="90,0,0" color="0,220,0" radius="0.5" length="4" />
		<capsule pos="-12.649999999999995,13.75,-12.649999999999995" vel="0,0,0" mass="1" elasticityCoef="1" ang="90,0,0" color="0,220,0" radius="0.5" length="4" />
		<capsule pos="-12.649999999999995,13.75,-10.349999999999994" vel="0,0,0" mass="1" elasticityCoef="1" ang="90,0,0" color="0,220,0" radius="0.5" length="4" />
		<capsule pos="-12.649999999999995,13.75,-8.049999999999997" vel="0,0,0" mass="1" elasticityCoef="1" ang="90,0,0" color="0,220,0" radius="0.5" length="4" />
		<capsule pos="-12.649999999999995,13.75,-5.7499999999999964" vel="0,0,0" mass="1" elasticityCoef="1" ang="90,0,0" color="0,220,0" radius="0.5" length="4" />
		<capsule pos="-12.649999999999995,13.75,-3.4499999999999957" vel="0,0,0" mass="1" elasticityCoef="1" ang="90,0,0" color="0,220,0" radius="0.5" length="4" />
		<capsule pos="-12.649999999999995,13.75,-1.1499999999999986" vel="0,0,0" mass="1" elasticityCoef="1" ang="90,0,0" color="0,220,0" radius="0.5" length="4" />
		<capsule pos="-12.649999999999995,13.75,1.1500000000000057" vel="0,0,0" mass="1" elasticityCoef="1" ang="90,0,0" color="0,220,0" radius="0.5" length="4" />
		<capsule pos="-12.649999999999995,13.75,3.450000000000003" vel="0,0,0" mass="1" elasticityCoef="1" ang="90,0,0" color="0,220,0" radius="0.5" length="4" />
		<capsule pos="-12.649999999999995,13.75,5.75" vel="0,0,0" mass="1" elasticityCoef="1" ang="90,0,0" color="0,220,0" radius="0.5" length="4" />
		<capsule pos="-12.649999999999995,13.75,8.050000000000004" vel="0,0,0" mass="1" elasticityCoef="1" ang="90,0,0" color="0,220,0" radius="0.5" length="4" />
		<capsule pos="-12.649999999999995,13.75,10.350000000000001" vel="0,0,0" mass="1" elasticityCoef="1" ang="90,0,0" color="0,220,0" radius="0.5" length="4" />
		<capsule pos="-12.649999999999995,13.75,12.650000000000006" vel="0,0,0" mass="1" elasticityCoef="1" ang="90,0,0" color="0,220,0" radius="0.5" length="4" />
		<capsule pos="-12.649999999999995,13.75,14.950000000000003" vel="0,0,0" mass="1" elasticityCoef="1" ang="90,0,0" color="0,220,0" radius="0.5" length="4" />
		<capsule pos="-12.649999999999995,13.75,17.25" vel="0,0,0" mass="1" elasticityCoef="1" ang="90,0,0" color="0,220,0" radius="0.5" length="4" />
		<capsule pos="-12.649999999999995,13.75,19.550000000000004" vel="0,0,0" mass="1" elasticityCoef="1" ang="90,0,0" color="0,220,0" radius="0.5" length="4" />
		<capsule pos="-12.649999999999995,13.75,21.85" vel="0,0,0" mass="1" elasticityCoef="1" ang="90,0,0" color="0,220,0" radius="0.5" length="4" />
		<capsule pos="-12.649999999999995,13.75,24.15" vel="0,0,0" mass="1" elasticityCoef="1" ang="90,0,0" color="0,220,0" radius="0.5" length="4" />
		<capsule pos="-12.649999999999995,13.75,26.450000000000003" vel="0,0,0" mass="1" elasticityCoef="1" ang="90,0,0" color="0,220,0" radius="0.5" length="4" />
		<capsule pos="-12.649999999999995,13.75,28.75" vel="0,0,0" mass="1" elasticityCoef="1" ang="90,0,0" color="0,220,0" radius="0.5" length="4" />
		<capsule pos="-12.649999999999995,13.75,31.049999999999997" vel="0,0,0" mass="1" elasticityCoef="1" ang="90,0,0" color="0,220,0" radius="0.5" length="4" />
		<capsule pos="-12.649999999999995,19.25,-33.349999999999994" vel="0,0,0" mass="1" elasticityCoef="1" ang="90,0,0" color="0,220,0" radius="0.5" length="4" />
		<capsule pos="-12.649999999999995,19.25,-31.049999999999994" vel="0,0,0" mass="1" elasticityCoef="1" ang="90,0,0" color="0,220,0" radius="0.5" length="4" />
		<capsule pos="-12.649999999999995,19.25,-28.749999999999993" vel="0,0,0" mass="1" elasticityCoef="1" ang="90,0,0" color="0,220,0" radius="0.5" length="4" />
		<capsule pos="-12.649999999999995,19.25,-26.449999999999996" vel="0,0,0" mass="1" elasticityCoef="1" ang="90,0,0" color="0,220,0" radius="0.5" length="4" />
		<capsule pos="-12.649999999999995,19.25,-24.149999999999995" vel="0,0,0" mass="1" elasticityCoef="1" ang="90,0,0" color="0,220,0" radius="0.5" length="4" />
		<capsule pos="-12.649999999999995,19.25,-21.849999999999994" vel="0,0,0" mass="1" elasticityCoef="1" ang="90,0,0" color="0,220,0" radius="0.5" length="4" />
		<capsule pos="-12.649999999999995,19.25,-19.549999999999997" vel="0,0,0" mass="1" elasticityCoef="1" ang="90,0,0" color="0,220,0" radius="0.5" length="4" />
		<capsule pos="-12.649999999999995,19.25,-17.249999999999996" vel="0,0,0" mass="1" elasticityCoef="1" ang="90,0,0" color="0,220,0" radius="0.5" length="4" />
		<capsule pos="-12.649999999999995,19.25,-14.949999999999996" vel="0,0,0" mass="1" elasticityCoef="1" ang="90,0,0" color="0,220,0" radius="0.5" length="4" />
		<capsule pos="-12.649999999999995,19.25,-12.649999999999995" vel="0,0,0" mass="1" elasticityCoef="1" ang="90,0,0" color="0,220,0" radius="0.5" length="4" />
		<capsule pos="-12.649999999999995,19.25,-10.349999999999994" vel="0,0,0" mass="1" elasticityCoef="1" ang="90,0,0" color="0,220,0" radius="0.5" length="4" />
		<capsule pos="-12.649999999999995,19.25,-8.049999999999997" vel="0,0,0" mass="1" elasticityCoef="1" ang="90,0,0" color="0,220,0" radius="0.5" length="4" />
		<capsule pos="-12.649999999999995,19.25,-5.7499999999999964" vel="0,0,0" mass="1" elasticityCoef="1" ang="90,0,0" color="0,220,0" radius="0.5" length="4" />
		<capsule pos="-12.649999999999995,19.25,-3.4499999999999957" vel="0,0,0" mass="1" elasticityCoef="1" ang="90,0,0" color="0,220,0" radius="0.5" length="4" />
		<capsule pos="-12.649999999999995,19.25,-1.1499999999999986" vel="0,0,0" mass="1" elasticityCoef="1" ang="90,0,0" color="0,220,0" radius="0.5" length="4" />
		<capsule pos="-12.649999999999995,19.25,1.1500000000000057" vel="0,0,0" mass="1" elasticityCoef="1" ang="90,0,0" color="0,220,0" radius="0.5" length="4" />
		<capsule pos="-12.649999999999995,19.25,3.450000000000003" vel="0,0,0" mass="1" elasticityCoef="1" ang="90,0,0" color="0,220,0" radius="0.5" length="4" />
		<capsule pos="-12.649999999999995,19.25,5.75" vel="0,0,0" mass="1" elasticityCoef="1" ang="90,0,0" color="0,220,0" radius="0.5" length="4" />
		<capsule pos="-12.649999999999995,19.25,8.050000000000004" vel="0,0,0" mass="1" elasticityCoef="1" ang="90,0,0" color="0,220,0" radius="0.5" length="4" />
		<capsule pos="-12.649999999999995,19.25,10.350000000000001" vel="0,0,0" mass="1" elasticityCoef="1" ang="90,0,0" color="0,220,0" radius="0.5" length="4" />
		<capsule pos="-12.649999999999995,19.25,12.650000000000006" vel="0,0,0" mass="1" elasticityCoef="1" ang="90,0,0" color="0,220,0" radius="0.5" length="4" />
		<capsule pos="-12.649999999999995,19.25,14.950000000000003" vel="0,0,0" mass="1" elasticityCoef="1" ang="90,0,0" color="0,220,0" radius="0.5" length="4" />
		<capsule pos="-12.649999999999995,19.25,17.25" vel="0,0,0" mass="1" elasticityCoef="1" ang="90,0,0" color="0,220,0" radius="0.5" length="4" />
		<capsule pos="-12.649999999999995,19.25,19.550000000000004" vel="0,0,0" mass="1" elasticityCoef="1" ang="90,0,0" color="0,220,0" radius="0.5" length="4" />
		<capsule pos="-12.649999999999995,19.25,21.85" vel="0,0,0" mass="1" elasticityCoef="1" ang="90,0,0" color="0,220,0" radius="0.5" length="4" />
		<capsule pos="-12.649999999999995,19.25,24.15" vel="0,0,0" mass="1" elasticityCoef="1" ang="90,0,0" color="0,220,0" radius="0.5" length="4" />
		<capsule pos="-12.649999999999995,19.25,26.450000000000003" vel="0,0,0" mass="1" elasticityCoef="1" ang="90,0,0" color="0,220,0" radius="0.5" length="4" />
		<capsule pos="-12.649999999999995,19.25,28.75" vel="0,0,0" mass="1" elasticityCoef="1" ang="90,0,0" color="0,220,0" radius="0.5" length="4" />
		<capsule pos="-12.649999999999995,19.25,31.049999999999997" vel="0,0,0" mass="1" elasticityCoef="1" ang="90,0,0" color="0,220,0" radius="0.5" length="4" />
		<capsule pos="-12.649999999999995,24.75,-33.349999999999994" vel="0,0,0" mass="1" elasticityCoef="1" ang="90,0,0" color="0,220,0" radius="0.5" length="4" />
		<capsule pos="-12.649999999999995,24.75,-31.049999999999994" vel="0,0,0" mass="1" elasticityCoef="1" ang="90,0,0" color="0,220,0" radius="0.5" length="4" />
		<capsule pos="-12.649999999999995,24.75,-28.749999999999993" vel="0,0,0" mass="1" elasticityCoef="1" ang="90,0,0" color="0,220,0" radius="0.5" length="4" />
		<capsule pos="-12.649999999999995,24.75,-26.449999999999996" vel="0,0,0" mass="1" elasticityCoef="1" ang="90,0,0" color="0,220,0" radius="0.5" length="4" />
		<capsule pos="-12.649999999999995,24.75,-24.149999999999995" vel="0,0,0" mass="1" elasticityCoef="1" ang="90,0,0" color="0,220,0" radius="0.5" length="4" />
		<capsule pos="-12.649999999999995,24.75,-21.849999999999994" vel="0,0,0" mass="1" elasticityCoef="1" ang="90,0,0" color="0,220,0" radius="0.5" length="4" />
		<capsule pos="-12.649999999999995,24.75,-19.549999999999997" vel="0,0,0" mass="1" elasticityCoef="1" ang="90,0,0" color="0,220,0" radius="0.5" length="4" />
		<capsule pos="-12.649999999999995,24.75,-17.249999999999996" vel="0,0,0" mass="1" elasticityCoef="1" ang="90,0,0" color="0,220,0" radius="0.5" length="4" />
		<capsule pos="-12.649999999999995,24.75,-14.949999999999996" vel="0,0,0" mass="1" elasticityCoef="1" ang="90,0,0" color="0,220,0" radius="0.5" length="4" />
		<capsule pos="-12.649999999999995,24.75,-12.649999999999995" vel="0,0,0" mass="1" elasticityCoef="1" ang="90,0,0" color="0,220,0" radius="0.5" length="4" />
		<capsule pos="-12.649999999999995,24.75,-10.349999999999994" vel="0,0,0" mass="1" elasticityCoef="1" ang="90,0,0" color="0,220,0" radius="0.5" length="4" />
		<capsule pos="-12.649999999999995,24.75,-8.049999999999997" vel="0,0,0" mass="1" elasticityCoef="1" ang="90,0,0" color="0,220,0" radius="0.5" length="4" />
		<capsule pos="-12.649999999999995,24.75,-5.7499999999999964" vel="0,0,0" mass="1" elasticityCoef="1" ang="90,0,0" color="0,220,0" radius="0.5" length="4" />
		<capsule pos="-12.649999999999995,24.75,-3.4499999999999957" vel="0,0,0" mass="1" elasticityCoef="1" ang="90,0,0" color="0,220,0" radius="0.5" length="4" />
		<capsule pos="-12.649999999999995,24.75,-1.1499999999999986" vel="0,0,0" mass="1" elasticityCoef="1" ang="90,0,0" color="0,220,0" radius="0.5" length="4" />
		<capsule pos="-12.649999999999995,24.75,1.1500000000000057" vel="0,0,0" mass="1" elasticityCoef="1" ang="90,0,0" color="0,220,0" radius="0.5" length="4" />
		<capsule pos="-12.649999999999995,24.75,3.450000000000003" vel="0,0,0" mass="1" elasticityCoef="1" ang="90,0,0" color="0,220,0" radius="0.5" length="4" />
		<capsule pos="-12.649999999999995,24.75,5.75" vel="0,0,0" mass="1" elasticityCoef="1" ang="90,0,0" color="0,220,0" radius="0.5" length="4" />
		<capsule pos="-12.649999999999995,24.75,8.050000000000004" vel="0,0,0" mass="1" elasticityCoef="1" ang="90,0,0" color="0,220,0" radius="0.5" length="4" />
		<capsule pos="-12.649999999999995,24.75,10.350000000000001" vel="0,0,0" mass="1" elasticityCoef="1" ang="90,0,0" color="0,220,0" radius="0.5" length="4" />
		<capsule pos="-12.649999999999995,24.75,12.650000000000006" vel="0,0,0" mass="1" elasticityCoef="1" ang="90,0,0" color="0,220,0" radius="0.5" length="4" />
		<capsule pos="-12.649999999999995,24.75,14.950000000000003" vel="0,0,0" mass="1" elasticityCoef="1" ang="90,0,0" color="0,220,0" radius="0.5" length="4" />
		<capsule pos="-12.649999999999995,24.75,17.25" vel="0,0,0" mass="1" elasticityCoef="1" ang="90,0,0" color="0,220,0" radius="0.5" length="4" />
		<capsule pos="-12.649999999999995,24.75,19.550000000000004" vel="0,0,0" mass="1" elasticityCoef="1" ang="90,0,0" color="0,220,0" radius="0.5" length="4" />
		<capsule pos="-12.649999999999995,24.75,21.85" vel="0,0,0" mass="1" elasticityCoef="1" ang="90,0,0" color="0,220,0" radius="0.5" length="4" />
		<capsule pos="-12.649999999999995,24.75,24.15" vel="0,0,0" mass="1" elasticityCoef="1" ang="90,0,0" color="0,220,0" radius="0.5" length="4" />
		<capsule pos="-12.649999999999995,24.75,26.450000000000003" vel="0,0,0" mass="1" elasticityCoef="1" ang="90,0,0" color="0,220,0" radius="0.5" length="4" />
		<capsule pos="-12.649999999999995,24.75,28.75" vel="0,0,0" mass="1" elasticityCoef="1" ang="90,0,0" color="0,220,0" radius="0.5" length="4" />
		<capsule pos="-12.649999999999995,24.75,31.049999999999997" vel="0,0,0" mass="1" elasticityCoef="1" ang="90,0,0" color="0,220,0" radius="0.5" length="4" />
		<capsule pos="-12.649999999999995,30.25,-33.349999999999994" vel="0,0,0" mass="1" elasticityCoef="1" ang="90,0,0" color="0,220,0" radius="0.5" length="4" />
		<capsule pos="-12.649999999999995,30.25,-31.049999999999994" vel="0,0,0" mass="1" elasticityCoef="1" ang="90,0,0" color="0,220,0" radius="0.5" length="4" />
		<capsule pos="-12.649999999999995,30.25,-28.749999999999993" vel="0,0,0" mass="1" elasticityCoef="1" ang="90,0,0" color="0,220,0" radius="0.5" length="4" />
		<capsule pos="-12.649999999999995,30.25,-26.449999999999996" vel="0,0,0" mass="1" elasticityCoef="1" ang="90,0,0" color="0,220,0" radius="0.5" length="4" />
		<capsule pos="-12.649999999999995,30.25,-24.149999999999995" vel="0,0,0" mass="1" elasticityCoef="1" ang="90,0,0" color="0,220,0" radius="0.5" length="4" />
		<capsule pos="-12.649999999999995,30.25,-21.849999999999994" vel="0,0,0" mass="1" elasticityCoef="1" ang="90,0,0" color="0,220,0" radius="0.5" length="4" />
		<capsule pos="-12.649999999999995,30.25,-19.549999999999997" vel="0,0,0" mass="1" elasticityCoef="1" ang="90,0,0" color="0,220,0" radius="0.5" length="4" />
		<capsule pos="-12.649999999999995,30.25,-17.249999999999996" vel="0,0,0" mass="1" elasticityCoef="1" ang="90,0,0" color="0,220,0" radius="0.5" length="4" />
		<capsule pos="-12.649999999999995,30.25,-14.949999999999996" vel="0,0,0" mass="1" elasticityCoef="1" ang="90,0,0" color="0,220,0" radius="0.5" length="4" />
		<capsule pos="-12.649999999999995,30.25,-12.649999999999995" vel="0,0,0" mass="1" elasticityCoef="1" ang="90,0,0" color="0,220,0" radius="0.5" length="4" />
		<capsule pos="-12.649999999999995,30.25,-10.349999999999994" vel="0,0,0" mass="1" elasticityCoef="1" ang="90,0,0" color="0,220,0" radius="0.5" length="4" />
		<capsule pos="-12.649999999999995,30.25,-8.049999999999997" vel="0,0,0" mass="1" elasticityCoef="1" ang="90,0,0" color="0,220,0" radius="0.5" length="4" />
		<capsule pos="-12.649999999999995,30.25,-5.7499999999999964" vel="0,0,0" mass="1" elasticityCoef="1" ang="90,0,0" color="0,220,0" radius="0.5" length="4" />
		<capsule pos="-12.649999999999995,30.25,-3.4499999999999957" vel="0,0,0" mass="1" elasticityCoef="1" ang="90,0,0" color="0,220,0" radius="0.5" length="4" />
		<capsule pos="-12.649999999999995,30.25,-1.1499999999999986" vel="0,0,0" mass="1" elasticityCoef="1" ang="90,0,0" color="0,220,0" radius="0.5" length="4" />
		<capsule pos="-12.649999999999995,30.25,1.1500000000000057" vel="0,0,0" mass="1" elasticityCoef="1" ang="90,0,0" color="0,220,0" radius="0.5" length="4" />
		<capsule pos="-12.649999999999995,30.25,3.450000000000003" vel="0,0,0" mass="1" elasticityCoef="1" ang="90,0,0" color="0,220,0" radius="0.5" length="4" />
		<capsule pos="-12.649999999999995,30.25,5.75" vel="0,0,0" mass="1" elasticityCoef="1" ang="90,0,0" color="0,220,0" radius="0.5" length="4" />
		<capsule pos="-12.649999999999995,30.25,8.050000000000004" vel="0,0,0" mass="1" elasticityCoef="1" ang="90,0,0" color="0,220,0" radius="0.5" length="4" />
		<capsule pos="-12.649999999999995,30.25,10.350000000000001" vel="0,0,0" mass="1" elasticityCoef="1" ang="90,0,0" color="0,220,0" radius="0.5" length="4" />
		<capsule pos="-12.649999999999995,30.25,12.650000000000006" vel="0,0,0" mass="1" elasticityCoef="1" ang="90,0,0" color="0,220,0" radius="0.5" length="4" />
		<capsule pos="-12.649999999999995,30.25,14.950000000000003" vel="0,0,0" mass="1" elasticityCoef="1" ang="90,0,0" color="0,220,0" radius="0.5" length="4" />
		<capsule pos="-12.649999999999995,30.25,17.25" vel="0,0,0" mass="1" elasticityCoef="1" ang="90,0,0" color="0,220,0" radius="0.5" length="4" />
		<capsule pos="-12.649999999999995,30.25,19.550000000000004" vel="0,0,0" mass="1" elasticityCoef="1" ang="90,0,0" color="0,220,0" radius="0.5" length="4" />
		<capsule pos="-12.649999999999995,30.25,21.85" vel="0,0,0" mass="1" elasticityCoef="1" ang="90,0,0" color="0,220,0" radius="0.5" length="4" />
		<capsule pos="-12.649999999999995,30.25,24.15" vel="0,0,0" mass="1" elasticityCoef="1" ang="90,0,0" color="0,220,0" radius="0.5" length="4" />
		<capsule pos="-12.649999999999995,30.25,26.450000000000003" vel="0,0,0" mass="1" elasticityCoef="1" ang="90,0,0" color="0,220,0" radius="0.5" length="4" />
		<capsule pos="-12.649999999999995,30.25,28.75" vel="0,0,0" mass="1" elasticityCoef="1" ang="90,0,0" color="0,220,0" radius="0.5" length="4" />
		<capsule pos="-12.649999999999995,30.25,31.049999999999997" vel="0,0,0" mass="1" elasticityCoef="1" ang="90,0,0" color="0,220,0" radius="0.5" length="4" />
		<capsule pos="-12.649999999999995,35.75,-33.349999999999994" vel="0,0,0" mass="1" elasticityCoef="1" ang="90,0,0" color="0,220,0" radius="0.5" length="4" />
		<capsule pos="-12.649999999999995,35.75,-31.049999999999994" vel="0,0,0" mass="1" elasticityCoef="1" ang="90,0,0" color="0,220,0" radius="0.5" length="4" />
		<capsule pos="-12.649999999999995,35.75,-28.749999999999993" vel="0,0,0" mass="1" elasticityCoef="1" ang="90,0,0" color="0,220,0" radius="0.5" length="4" />
		<capsule pos="-12.649999999999995,35.75,-26.449999999999996" vel="0,0,0" mass="1" elasticityCoef="1" ang="90,0,0" color="0,220,0" radius="0.5" length="4" />
		<capsule pos="-12.649999999999995,35.75,-24.149999999999995" vel="0,0,0" mass="1" elasticityCoef="1" ang="90,0,0" color="0,220,0" radius="0.5" length="4" />
		<capsule pos="-12.649999999999995,35.75,-21.849999999999994" vel="0,0,0" mass="1" elasticityCoef="1" ang="90,0,0" color="0,220,0" radius="0.5" length="4" />
		<capsule pos="-12.649999999999995,35.75,-19.549999999999997" vel="0,0,0" mass="1" elasticityCoef="1" ang="90,0,0" color="0,220,0" radius="0.5" length="4" />
		<capsule pos="-12.649999999999995,35.75,-17.249999999999996" vel="0,0,0" mass="1" elasticityCoef="1" ang="90,0,0" color="0,220,0" radius="0.5" length="4" />
		<capsule pos="-12.649999999999995,35.75,-14.949999999999996" vel="0,0,0" mass="1" elasticityCoef="1" ang="90,0,0" color="0,220,0" radius="0.5" length="4" />
		<capsule pos="-12.649999999999995,35.75,-12.649999999999995" vel="0,0,0" mass="1" elasticityCoef="1" ang="90,0,0" color="0,220,0" radius="0.5" length="4" />
		<capsule pos="-12.649999999999995,35.75,-10.349999999999994" vel="0,0,0" mass="1" elasticityCoef="1" ang="90,0,0" color="0,220,0" radius="0.5" length="4" />
		<capsule pos="-12.649999999999995,35.75,-8.049999999999997" vel="0,0,0" mass="1" elasticityCoef="1" ang="90,0,0" color="0,220,0" radius="0.5" length="4" />
		<capsule pos="-12.649999999999995,35.75,-5.7499999999999964" vel="0,0,0" mass="1" elasticityCoef="1" ang="90,0,0" color="0,220,0" radius="0.5" length="4" />
		<capsule pos="-12.649999999999995,35.75,-3.4499999999999957" vel="0,0,0" mass="1" elasticityCoef="1" ang="90,0,0" color="0,220,0" radius="0.5" length="4" />
		<capsule pos="-12.649999999999995,35.75,-1.1499999999999986" vel="0,0,0" mass="1" elasticityCoef="1" ang="90,0,0" color="0,220,0" radius="0.5" length="4" />
		<capsule pos="-12.649999999999995,35.75,1.1500000000000057" vel="0,0,0" mass="1" elasticityCoef="1" ang="90,0,0" color="0,220,0" radius="0.5" length="4" />
		<capsule pos="-12.649999999999995,35.75,3.450000000000003" vel="0,0,0" mass="1" elasticityCoef="1" ang="90,0,0" color="0,220,0" radius="0.5" length="4" />
		<capsule pos="-12.649999999999995,35.75,5.75" vel="0,0,0" mass="1" elasticityCoef="1" ang="90,0,0" color="0,220,0" radius="0.5" length="4" />
		<capsule pos="-12.649999999999995,35.75,8.050000000000004" vel="0,0,0" mass="1" elasticityCoef="1" ang="90,0,0" color="0,220,0" radius="0.5" length="4" />
		<capsule pos="-12.649999999999995,35.75,10.350000000000001" vel="0,0,0" mass="1" elasticityCoef="1" ang="90,0,0" color="0,220,0" radius="0.5" length="4" />
		<capsule pos="-12.649999999999995,35.75,12.650000000000006" vel="0,0,0" mass="1" elasticityCoef="1" ang="90,0,0" color="0,220,0" radius="0.5" length="4" />
		<capsule pos="-12.649999999999995,35.75,14.950000000000003" vel="0,0,0" mass="1" elasticityCoef="1" ang="90,0,0" color="0,220,0" radius="0.5" length="4" />
		<capsule pos="-12.649999999999995,35.75,17.25" vel="0,0,0" mass="1" elasticityCoef="1" ang="90,0,0" color="0,220,0" radius="0.5" length="4" />
		<capsule pos="-12.649999999999995,35.75,19.550000000000004" vel="0,0,0" mass="1" elasticityCoef="1" ang="90,0,0" color="0,220,0" radius="0.5" length="4" />
		<capsule pos="-12.649999999999995,35.75,21.85" vel="0,0,0" mass="1" elasticityCoef="1" ang="90,0,0" color="0,220,0" radius="0.5" length="4" />
		<capsule pos="-12.649999999999995,35.75,24.15" vel="0,0,0" mass="1" elasticityCoef="1" ang="90,0,0" color="0,220,0" radius="0.5" length="4" />
		<capsule pos="-12.649999999999995,35.75,26.450000000000003" vel="0,0,0" mass="1" elasticityCoef="1" ang="90,0,0" color="0,220,0" radius="0.5" length="4" />
		<capsule pos="-12.649999999999995,35.75,28.75" vel="0,0,0" mass="1" elasticityCoef="1" ang="90,0,0" color="0,220,0" radius="0.5" length="4" />
		<capsule pos="-12.649999999999995,35.75,31.049999999999997" vel="0,0,0" mass="1" elasticityCoef="1" ang="90,0,0" color="0,220,0" radius="0.5" length="4" />
		<capsule pos="-10.349999999999994,-41.25,-33.349999999999994" vel="0,0,0" mass="1" elasticityCoef="1" ang="90,0,0" color="0,220,0" radius="0.5" length="4" />
		<capsule pos="-10.349999999999994,-41.25,-31.049999999999994" vel="0,0,0" mass="1" elasticityCoef="1" ang="90,0,0" color="0,220,0" radius="0.5" length="4" />
		<capsule pos="-10.349999999999994,-41.25,-28.749999999999993" vel="0,0,0" mass="1" elasticityCoef="1" ang="90,0,0" color="0,220,0" radius="0.5" length="4" />
		<capsule pos="-10.349999999999994,-41.25,-26.449999999999996" vel="0,0,0" mass="1" elasticityCoef="1" ang="90,0,0" color="0,220,0" radius="0.5" length="4" />
		<capsule pos="-10.349999999999994,-41.25,-24.149999999999995" vel="0,0,0" mass="1" elasticityCoef="1" ang="90,0,0" color="0,220,0" radius="0.5" length="4" />
		<capsule pos="-10.349999999999994,-41.25,-21.849999999999994" vel="0,0,0" mass="1" elasticityCoef="1" ang="90,0,0" color="0,220,0" radius="0.5" length="4" />
		<capsule pos="-10.349999999999994,-41.25,-19.549999999999997" vel="0,0,0" mass="1" elasticityCoef="1" ang="90,0,0" color="0,220,0" radius="0.5" length="4" />
		<capsule pos="-10.349999999999994,-41.25,-17.249999999999996" vel="0,0,0" mass="1" elasticityCoef="1" ang="90,0,0" color="0,220,0" radius="0.5" length="4" />
		<capsule pos="-10.349999999999994,-41.25,-14.949999999999996" vel="0,0,0" mass="1" elasticityCoef="1" ang="90,0,0" color="0,220,0" radius="0.5" length="4" />
		<capsule pos="-10.349999999999994,-41.25,-12.649999999999995" vel="0,0,0" mass="1" elasticityCoef="1" ang="90,0,0" color="0,220,0" radius="0.5" length="4" />
		<capsule pos="-10.349999999999994,-41.25,-10.349999999999994" vel="0,0,0" mass="1" elasticityCoef="1" ang="90,0,0" color="0,220,0" radius="0.5" length="4" />
		<capsule pos="-10.349999999999994,-41.25,-8.049999999999997" vel="0,0,0" mass="1" elasticityCoef="1" ang="90,0,0" color="0,220,0" radius="0.5" length="4" />
		<capsule pos="-10.349999999999994,-41.25,-5.7499999999999964" vel="0,0,0" mass="1" elasticityCoef="1" ang="90,0,0" color="0,220,0" radius="0.5" length="4" />
		<capsule pos="-10.349999999999994,-41.25,-3.4499999999999957" vel="0,0,0" mass="1" elasticityCoef="1" ang="90,0,0" color="0,220,0" radius="0.5" length="4" />
		<capsule pos="-10.349999999999994,-41.25,-1.1499999999999986" vel="0,0,0" mass="1" elasticityCoef="1" ang="90,0,0" color="0,220,0" radius="0.5" length="4" />
		<capsule pos="-10.349999999999994,-41.25,1.1500000000000057" vel="0,0,0" mass="1" elasticityCoef="1" ang="90,0,0" color="0,220,0" radius="0.5" length="4" />
		<capsule pos="-10.349999999999994,-41.25,3.450000000000003" vel="0,0,0" mass="1" elasticityCoef="1" ang="90,0,0" color="0,220,0" radius="0.5" length="4" />
		<capsule pos="-10.349999999999994,-41.25,5.75" vel="0,0,0" mass="1" elasticityCoef="1" ang="90,0,0" color="0,220,0" radius="0.5" length="4" />
		<capsule pos="-10.349999999999994,-41.25,8.050000000000004" vel="0,0,0" mass="1" elasticityCoef="1" ang="90,0,0" color="0,220,0" radius="0.5" length="4" />
		<capsule pos="-10.349999999999994,-41.25,10.350000000000001" vel="0,0,0" mass="1" elasticityCoef="1" ang="90,0,0" color="0,220,0" radius="0.5" length="4" />
		<capsule pos="-10.349999999999994,-41.25,12.650000000000006" vel="0,0,0" mass="1" elasticityCoef="1" ang="90,0,0" color="0,220,0" radius="0.5" length="4" />
		<capsule pos="-10.349999999999994,-41.25,14.950000000000003" vel="0,0,0" mass="1" elasticityCoef="1" ang="90,0,0" color="0,220,0" radius="0.5" length="4" />
		<capsule pos="-10.349999999999994,-41.25,17.25" vel="0,0,0" mass="1" elasticityCoef="1" ang="90,0,0" color="0,220,0" radius="0.5" length="4" />
		<capsule pos="-10.349999999999994,-41.25,19.550000000000004" vel="0,0,0" mass="1" elasticityCoef="1" ang="90,0,0" color="0,220,0" radius="0.5" length="4" />
		<capsule pos="-10.349999999999994,-41.25,21.85" vel="0,0,0" mass="1" elasticityCoef="1" ang="90,0,0" color="0,220,0" radius="0.5" length="4" />
		<capsule pos="-10.349999999999994,-41.25,24.15" vel="0,0,0" mass="1" elasticityCoef="1" ang="90,0,0" color="0,220,0" radius="0.5" length="4" />
		<capsule pos="-10.349999999999994,-41.25,26.450000000000003" vel="0,0,0" mass="1" elasticityCoef="1" ang="90,0,0" color="0,220,0" radius="0.5" length="4" />
		<capsule pos="-10.349999999999994,-41.25,28.75" vel="0,0,0" mass="1" elasticityCoef="1" ang="90,0,0" color="0,220,0" radius="0.5" length="4" />
		<capsule pos="-10.349999999999994,-41.25,31.049999999999997" vel="0,0,0" mass="1" elasticityCoef="1" ang="90,0,0" color="0,220,0" radius="0.5" length="4" />
		<capsule pos="-10.349999999999994,-35.75,-33.349999999999994" vel="0,0,0" mass="1" elasticityCoef="1" ang="90,0,0" color="0,220,0" radius="0.5" length="4" />
		<capsule pos="-10.349999999999994,-35.75,-31.049999999999994" vel="0,0,0" mass="1" elasticityCoef="1" ang="90,0,0" color="0,220,0" radius="0.5" length="4" />
		<capsule pos="-10.349999999999994,-35.75,-28.749999999999993" vel="0,0,0" mass="1" elasticityCoef="1" ang="90,0,0" color="0,220,0" radius="0.5" length="4" />
		<capsule pos="-10.349999999999994,-35.75,-26.449999999999996" vel="0,0,0" mass="1" elasticityCoef="1" ang="90,0,0" color="0,220,0" radius="0.5" length="4" />
		<capsule pos="-10.349999999999994,-35.75,-24.149999999999995" vel="0,0,0" mass="1" elasticityCoef="1" ang="90,0,0" color="0,220,0" radius="0.5" length="4" />
		<capsule pos="-10.349999999999994,-35.75,-21.849999999999994" vel="0,0,0" mass="1" elasticityCoef="1" ang="90,0,0" color="0,220,0" radius="0.5" length="4" />
		<capsule pos="-10.349999999999994,-35.75,-19.549999999999997" vel="0,0,0" mass="1" elasticityCoef="1" ang="90,0,0" color="0,220,0" radius="0.5" length="4" />
		<capsule pos="-10.349999999999994,-35.75,-17.249999999999996" vel="0,0,0" mass="1" elasticityCoef="1" ang="90,0,0" color="0,220,0" radius="0.5" length="4" />
		<capsule pos="-10.349999999999994,-35.75,-14.949999999999996" vel="0,0,0" mass="1" elasticityCoef="1" ang="90,0,0" color="0,220,0" radius="0.5" length="4" />
		<capsule pos="-10.349999999999994,-35.75,-12.649999999999995" vel="0,0,0" mass="1" elasticityCoef="1" ang="90,0,0" color="0,220,0" radius="0.5" length="4" />
		<capsule pos="-10.349999999999994,-35.75,-10.349999999999994" vel="0,0,0" mass="1" elasticityCoef="1" ang="90,0,0" color="0,220,0" radius="0.5" length="4" />
		<capsule pos="-10.349999999999994,-35.75,-8.049999999999997" vel="0,0,0" mass="1" elasticityCoef="1" ang="90,0,0" color="0,220,0" radius="0.5" length="4" />
		<capsule pos="-10.349999999999994,-35.75,-5.7499999999999964" vel="0,0,0" mass="1" elasticityCoef="1" ang="90,0,0" color="0,220,0" radius="0.5" length="4" />
		<capsule pos="-10.349999999999994,-35.75,-3.4499999999999957" vel="0,0,0" mass="1" elasticityCoef="1" ang="90,0,0" color="0,220,0" radius="0.5" length="4" />
		<capsule pos="-10.349999999999994,-35.75,-1.1499999999999986" vel="0,0,0" mass="1" elasticityCoef="1" ang="90,0,0" color="0,220,0" radius="0.5" length="4" />
		<capsule pos="-10.349999999999994,-35.75,1.1500000000000057" vel="0,0,0" mass="1" elasticityCoef="1" ang="90,0,0" color="0,220,0" radius="0.5" length="4" />
		<capsule pos="-10.349999999999994,-35.75,3.450000000000003" vel="0,0,0" mass="1" elasticityCoef="1" ang="90,0,0" color="0,220,0" radius="0.5" length="4" />
		<capsule pos="-10.349999999999994,-35.75,5.75" vel="0,0,0" mass="1" elasticityCoef="1" ang="90,0,0" color="0,220,0" radius="0.5" length="4" />
		<capsule pos="-10.349999999999994,-35.75,8.050000000000004" vel="0,0,0" mass="1" elasticityCoef="1" ang="90,0,0" color="0,220,0" radius="0.5" length="4" />
		<capsule pos="-10.349999999999994,-35.75,10.350000000000001" vel="0,0,0" mass="1" elasticityCoef="1" ang="90,0,0" color="0,220,0" radius="0.5" length="4" />
		<capsule pos="-10.349999999999994,-35.75,12.650000000000006" vel="0,0,0" mass="1" elasticityCoef="1" ang="90,0,0" color="0,220,0" radius="0.5" length="4" />
		<capsule pos="-10.349999999999994,-35.75,14.950000000000003" vel="0,0,0" mass="1" elasticityCoef="1" ang="90,0,0" color="0,220,0" radius="0.5" length="4" />
		<capsule pos="-10.349999999999994,-35.75,17.25" vel="0,0,0" mass="1" elasticityCoef="1" ang="90,0,0" color="0,220,0" radius="0.5" length="4" />
		<capsule pos="-10.349999999999994,-35.75,19.550000000000004" vel="0,0,0" mass="1" elasticityCoef="1" ang="90,0,0" color="0,220,0" radius="0.5" length="4" />
		<capsule pos="-10.349999999999994,-35.75,21.85" vel="0,0,0" mass="1" elasticityCoef="1" ang="90,0,0" color="0,220,0" radius="0.5" length="4" />
		<capsule pos="-10.349999999999994,-35.75,24.15" vel="0,0,0" mass="1" elasticityCoef="1" ang="90,0,0" color="0,220,0" radius="0.5" length="4" />
		<capsule pos="-10.349999999999994,-35.75,26.450000000000003" vel="0,0,0" mass="1" elasticityCoef="1" ang="90,0,0" color="0,220,0" radius="0.5" length="4" />
		<capsule pos="-10.349999999999994,-35.75,28.75" vel="0,0,0" mass="1" elasticityCoef="1" ang="90,0,0" color="0,220,0" radius="0.5" length="4" />
		<capsule pos="-10.349999999999994,-35.75,31.049999999999997" vel="0,0,0" mass="1" elasticityCoef="1" ang="90,0,0" color="0,220,0" radius="0.5" length="4" />
		<capsule pos="-10.349999999999994,-30.25,-33.349999999999994" vel="0,0,0" mass="1" elasticityCoef="1" ang="90,0,0" color="0,220,0" radius="0.5" length="4" />
		<capsule pos="-10.349999999999994,-30.25,-31.049999999999994" vel="0,0,0" mass="1" elasticityCoef="1" ang="90,0,0" color="0,220,0" radius="0.5" length="4" />
		<capsule pos="-10.349999999999994,-30.25,-28.749999999999993" vel="0,0,0" mass="1" elasticityCoef="1" ang="90,0,0" color="0,220,0" radius="0.5" length="4" />
		<capsule pos="-10.349999999999994,-30.25,-26.449999999999996" vel="0,0,0" mass="1" elasticityCoef="1" ang="90,0,0" color="0,220,0" radius="0.5" length="4" />
		<capsule pos="-10.349999999999994,-30.25,-24.149999999999995" vel="0,0,0" mass="1" elasticityCoef="1" ang="90,0,0" color="0,220,0" radius="0.5" length="4" />
		<capsule pos="-10.349999999999994,-30.25,-21.849999999999994" vel="0,0,0" mass="1" elasticityCoef="1" ang="90,0,0" color="0,220,0" radius="0.5" length="4" />
		<capsule pos="-10.349999999999994,-30.25,-19.549999999999997" vel="0,0,0" mass="1" elasticityCoef="1" ang="90,0,0" color="0,220,0" radius="0.5" length="4" />
		<capsule pos="-10.349999999999994,-30.25,-17.249999999999996" vel="0,0,0" mass="1" elasticityCoef="1" ang="90,0,0" color="0,220,0" radius="0.5" length="4" />
		<capsule pos="-10.349999999999994,-30.25,-14.949999999999996" vel="0,0,0" mass="1" elasticityCoef="1" ang="90,0,0" color="0,220,0" radius="0.5" length="4" />
		<capsule pos="-10.349999999999994,-30.25,-12.649999999999995" vel="0,0,0" mass="1" elasticityCoef="1" ang="90,0,0" color="0,220,0" radius="0.5" length="4" />
		<capsule pos="-10.349999999999994,-30.25,-10.349999999999994" vel="0,0,0" mass="1" elasticityCoef="1" ang="90,0,0" color="0,220,0" radius="0.5" length="4" />
		<capsule pos="-10.349999999999994,-30.25,-8.049999999999997" vel="0,0,0" mass="1" elasticityCoef="1" ang="90,0,0" color="0,220,0" radius="0.5" length="4" />
		<capsule pos="-10.349999999999994,-30.25,-5.7499999999999964" vel="0,0,0" mass="1" elasticityCoef="1" ang="90,0,0" color="0,220,0" radius="0.5" length="4" />
		<capsule pos="-10.349999999999994,-30.25,-3.4499999999999957" vel="0,0,0" mass="1" elasticityCoef="1" ang="90,0,0" color="0,220,0" radius="0.5" length="4" />
		<capsule pos="-10.349999999999994,-30.25,-1.1499999999999986" vel="0,0,0" mass="1" elasticityCoef="1" ang="90,0,0" color="0,220,0" radius="0.5" length="4" />
		<capsule pos="-10.349999999999994,-30.25,1.1500000000000057" vel="0,0,0" mass="1" elasticityCoef="1" ang="90,0,0" color="0,220,0" radius="0.5" length="4" />
		<capsule pos="-10.349999999999994,-30.25,3.450000000000003" vel="0,0,0" mass="1" elasticityCoef="1" ang="90,0,0" color="0,220,0" radius="0.5" length="4" />
		<capsule pos="-10.349999999999994,-30.25,5.75" vel="0,0,0" mass="1" elasticityCoef="1" ang="90,0,0" color="0,220,0" radius="0.5" length="4" />
		<capsule pos="-10.349999999999994,-30.25,8.050000000000004" vel="0,0,0" mass="1" elasticityCoef="1" ang="90,0,0" color="0,220,0" radius="0.5" length="4" />
		<capsule pos="-10.349999999999994,-30.25,10.350000000000001" vel="0,0,0" mass="1" elasticityCoef="1" ang="90,0,0" color="0,220,0" radius="0.5" length="4" />
		<capsule pos="-10.349999999999994,-30.25,12.650000000000006" vel="0,0,0" mass="1" elasticityCoef="1" ang="90,0,0" color="0,220,0" radius="0.5" length="4" />
		<capsule pos="-10.349999999999994,-30.25,14.950000000000003" vel="0,0,0" mass="1" elasticityCoef="1" ang="90,0,0" color="0,220,0" radius="0.5" length="4" />
		<capsule pos="-10.349999999999994,-30.25,17.25" vel="0,0,0" mass="1" elasticityCoef="1" ang="90,0,0" color="0,220,0" radius="0.5" length="4" />
		<capsule pos="-10.349999999999994,-30.25,19.550000000000004" vel="0,0,0" mass="1" elasticityCoef="1" ang="90,0,0" color="0,220,0" radius="0.5" length="4" />
		<capsule pos="-10.349999999999994,-30.25,21.85" vel="0,0,0" mass="1" elasticityCoef="1" ang="90,0,0" color="0,220,0" radius="0.5" length="4" />
		<capsule pos="-10.349999999999994,-30.25,24.15" vel="0,0,0" mass="1" elasticityCoef="1" ang="90,0,0" color="0,220,0" radius="0.5" length="4" />
		<capsule pos="-10.349999999999994,-30.25,26.450000000000003" vel="0,0,0" mass="1" elasticityCoef="1" ang="90,0,0" color="0,220,0" radius="0.5" length="4" />
		<capsule pos="-10.349999999999994,-30.25,28.75" vel="0,0,0" mass="1" elasticityCoef="1" ang="90,0,0" color="0,220,0" radius="0.5" length="4" />
		<capsule pos="-10.349999999999994,-30.25,31.049999999999997" vel="0,0,0" mass="1" elasticityCoef="1" ang="90,0,0" color="0,220,0" radius="0.5" length="4" />
		<capsule pos="-10.349999999999994,-24.75,-33.349999999999994" vel="0,0,0" mass="1" elasticityCoef="1" ang="90,0,0" color="0,220,0" radius="0.5" length="4" />
		<capsule pos="-10.349999999999994,-24.75,-31.049999999999994" vel="0,0,0" mass="1" elasticityCoef="1" ang="90,0,0" color="0,220,0" radius="0.5" length="4" />
		<capsule pos="-10.349999999999994,-24.75,-28.749999999999993" vel="0,0,0" mass="1" elasticityCoef="1" ang="90,0,0" color="0,220,0" radius="0.5" length="4" />
		<capsule pos="-10.349999999999994,-24.75,-26.449999999999996" vel="0,0,0" mass="1" elasticityCoef="1" ang="90,0,0" color="0,220,0" radius="0.5" length="4" />
		<capsule pos="-10.349999999999994,-24.75,-24.149999999999995" vel="0,0,0" mass="1" elasticityCoef="1" ang="90,0,0" color="0,220,0" radius="0.5" length="4" />
		<capsule pos="-10.349999999999994,-24.75,-21.849999999999994" vel="0,0,0" mass="1" elasticityCoef="1" ang="90,0,0" color="0,220,0" radius="0.5" length="4" />
		<capsule pos="-10.349999999999994,-24.75,-19.549999999999997" vel="0,0,0" mass="1" elasticityCoef="1" ang="90,0,0" color="0,220,0" radius="0.5" length="4" />
		<capsule pos="-10.349999999999994,-24.75,-17.249999999999996" vel="0,0,0" mass="1" elasticityCoef="1" ang="90,0,0" color="0,220,0" radius="0.5" length="4" />
		<capsule pos="-10.349999999999994,-24.75,-14.949999999999996" vel="0,0,0" mass="1" elasticityCoef="1" ang="90,0,0" color="0,220,0" radius="0.5" length="4" />
		<capsule pos="-10.349999999999994,-24.75,-12.649999999999995" vel="0,0,0" mass="1" elasticityCoef="1" ang="90,0,0" color="0,220,0" radius="0.5" length="4" />
		<capsule pos="-10.349999999999994,-24.75,-10.349999999999994" vel="0,0,0" mass="1" elasticityCoef="1" ang="90,0,0" color="0,220,0" radius="0.5" length="4" />
		<capsule pos="-10.349999999999994,-24.75,-8.049999999999997" vel="0,0,0" mass="1" elasticityCoef="1" ang="90,0,0" color="0,220,0" radius="0.5" length="4" />
		<capsule pos="-10.349999999999994,-24.75,-5.7499999999999964" vel="0,0,0" mass="1" elasticityCoef="1" ang="90,0,0" color="0,220,0" radius="0.5" length="4" />
		<capsule pos="-10.349999999999994,-24.75,-3.4499999999999957" vel="0,0,0" mass="1" elasticityCoef="1" ang="90,0,0" color="0,220,0" radius="0.5" length="4" />
		<capsule pos="-10.349999999999994,-24.75,-1.1499999999999986" vel="0,0,0" mass="1" elasticityCoef="1" ang="90,0,0" color="0,220,0" radius="0.5" length="4" />
		<capsule pos="-10.349999999999994,-24.75,1.1500000000000057" vel="0,0,0" mass="1" elasticityCoef="1" ang="90,0,0" color="0,220,0" radius="0.5" length="4" />
		<capsule pos="-10.349999999999994,-24.75,3.450000000000003" vel="0,0,0" mass="1" elasticityCoef="1" ang="90,0,0" color="0,220,0" radius="0.5" length="4" />
		<capsule pos="-10.349999999999994,-24.75,5.75" vel="0,0,0" mass="1" elasticityCoef="1" ang="90,0,0" color="0,220,0" radius="0.5" length="4" />
		<capsule pos="-10.349999999999994,-24.75,8.050000000000004" vel="0,0,0" mass="1" elasticityCoef="1" ang="90,0,0" color="0,220,0" radius="0.5" length="4" />
		<capsule pos="-10.349999999999994,-24.75,10.350000000000001" vel="0,0,0" mass="1" elasticityCoef="1" ang="90,0,0" color="0,220,0" radius="0.5" length="4" />
		<capsule pos="-10.349999999999994,-24.75,12.650000000000006" vel="0,0,0" mass="1" elasticityCoef="1" ang="90,0,0" color="0,220,0" radius="0.5" length="4" />
		<capsule pos="-10.349999999999994,-24.75,14.950000000000003" vel="0,0,0" mass="1" elasticityCoef="1" ang="90,0,0" color="0,220,0" radius="0.5" length="4" />
		<capsule pos="-10.349999999999994,-24.75,17.25" vel="0,0,0" mass="1" elasticityCoef="1" ang="90,0,0" color="0,220,0" radius="0.5" length="4" />
		<capsule pos="-10.349999999999994,-24.75,19.550000000000004" vel="0,0,0" mass="1" elasticityCoef="1" ang="90,0,0" color="0,220,0" radius="0.5" length="4" />
		<capsule pos="-10.349999999999994,-24.75,21.85" vel="0,0,0" mass="1" elasticityCoef="1" ang="90,0,0" color="0,220,0" radius="0.5" length="4" />
		<capsule pos="-10.349999999999994,-24.75,24.15" vel="0,0,0" mass="1" elasticityCoef="1" ang="90,0,0" color="0,220,0" radius="0.5" length="4" />
		<capsule pos="-10.349999999999994,-24.75,26.450000000000003" vel="0,0,0" mass="1" elasticityCoef="1" ang="90,0,0" color="0,220,0" radius="0.5" length="4" />
		<capsule pos="-10.349999999999994,-24.75,28.75" vel="0,0,0" mass="1" elasticityCoef="1" ang="90,0,0" color="0,220,0" radius="0.5" length="4" />
		<capsule pos="-10.349999999999994,-24.75,31.049999999999997" vel="0,0,0" mass="1" elasticityCoef="1" ang="90,0,0" color="0,220,0" radius="0.5" length="4" />
		<capsule pos="-10.349999999999994,-19.25,-33.349999999999994" vel="0,0,0" mass="1" elasticityCoef="1" ang="90,0,0" color="0,220,0" radius="0.5" length="4" />
		<capsule pos="-10.349999999999994,-19.25,-31.049999999999994" vel="0,0,0" mass="1" elasticityCoef="1" ang="90,0,0" color="0,220,0" radius="0.5" length="4" />
		<capsule pos="-10.349999999999994,-19.25,-28.749999999999993" vel="0,0,0" mass="1" elasticityCoef="1" ang="90,0,0" color="0,220,0" radius="0.5" length="4" />
		<capsule pos="-10.349999999999994,-19.25,-26.449999999999996" vel="0,0,0" mass="1" elasticityCoef="1" ang="90,0,0" color="0,220,0" radius="0.5" length="4" />
		<capsule pos="-10.349999999999994,-19.25,-24.149999999999995" vel="0,0,0" mass="1" elasticityCoef="1" ang="90,0,0" color="0,220,0" radius="0.5" length="4" />
		<capsule pos="-10.349999999999994,-19.25,-21.849999999999994" vel="0,0,0" mass="1" elasticityCoef="1" ang="90,0,0" color="0,220,0" radius="0.5" length="4" />
		<capsule pos="-10.349999999999994,-19.25,-19.549999999999997" vel="0,0,0" mass="1" elasticityCoef="1" ang="90,0,0" color="0,220,0" radius="0.5" length="4" />
		<capsule pos="-10.349999999999994,-19.25,-17.249999999999996" vel="0,0,0" mass="1" elasticityCoef="1" ang="90,0,0" color="0,220,0" radius="0.5" length="4" />
		<capsule pos="-10.349999999999994,-19.25,-14.949999999999996" vel="0,0,0" mass="1" elasticityCoef="1" ang="90,0,0" color="0,220,0" radius="0.5" length="4" />
		<capsule pos="-10.349999999999994,-19.25,-12.649999999999995" vel="0,0,0" mass="1" elasticityCoef="1" ang="90,0,0" color="0,220,0" radius="0.5" length="4" />
		<capsule pos="-10.349999999999994,-19.25,-10.349999999999994" vel="0,0,0" mass="1" elasticityCoef="1" ang="90,0,0" color="0,220,0" radius="0.5" length="4" />
		<capsule pos="-10.349999999999994,-19.25,-8.049999999999997" vel="0,0,0" mass="1" elasticityCoef="1" ang="90,0,0" color="0,220,0" radius="0.5" length="4" />
		<capsule pos="-10.349999999999994,-19.25,-5.7499999999999964" vel="0,0,0" mass="1" elasticityCoef="1" ang="90,0,0" color="0,220,0" radius="0.5" length="4" />
		<capsule pos="-10.349999999999994,-19.25,-3.4499999999999957" vel="0,0,0" mass="1" elasticityCoef="1" ang="90,0,0" color="0,220,0" radius="0.5" length="4" />
		<capsule pos="-10.349999999999994,-19.25,-1.1499999999999986" vel="0,0,0" mass="1" elasticityCoef="1" ang="90,0,0" color="0,220,0" radius="0.5" length="4" />
		<capsule pos="-10.349999999999994,-19.25,1.1500000000000057" vel="0,0,0" mass="1" elasticityCoef="1" ang="90,0,0" color="0,220,0" radius="0.5" length="4" />
		<capsule pos="-10.349999999999994,-19.25,3.450000000000003" vel="0,0,0" mass="1" elasticityCoef="1" ang="90,0,0" color="0,220,0" radius="0.5" length="4" />
		<capsule pos="-10.349999999999994,-19.25,5.75" vel="0,0,0" mass="1" elasticityCoef="1" ang="90,0,0" color="0,220,0" radius="0.5" length="4" />
		<capsule pos="-10.349999999999994,-19.25,8.050000000000004" vel="0,0,0" mass="1" elasticityCoef="1" ang="90,0,0" color="0,220,0" radius="0.5" length="4" />
		<capsule pos="-10.349999999999994,-19.25,10.350000000000001" vel="0,0,0" mass="1" elasticityCoef="1" ang="90,0,0" color="0,220,0" radius="0.5" length="4" />
		<capsule pos="-10.349999999999994,-19.25,12.650000000000006" vel="0,0,0" mass="1" elasticityCoef="1" ang="90,0,0" color="0,220,0" radius="0.5" length="4" />
		<capsule pos="-10.349999999999994,-19.25,14.950000000000003" vel="0,0,0" mass="1" elasticityCoef="1" ang="90,0,0" color="0,220,0" radius="0.5" length="4" />
		<capsule pos="-10.349999999999994,-19.25,17.25" vel="0,0,0" mass="1" elasticityCoef="1" ang="90,0,0" color="0,220,0" radius="0.5" length="4" />
		<capsule pos="-10.349999999999994,-19.25,19.550000000000004" vel="0,0,0" mass="1" elasticityCoef="1" ang="90,0,0" color="0,220,0" radius="0.5" length="4" />
		<capsule pos="-10.349999999999994,-19.25,21.85" vel="0,0,0" mass="1" elasticityCoef="1" ang="90,0,0" color="0,220,0" radius="0.5" length="4" />
		<capsule pos="-10.349999999999994,-19.25,24.15" vel="0,0,0" mass="1" elasticityCoef="1" ang="90,0,0" color="0,220,0" radius="0.5" length="4" />
		<capsule pos="-10.349999999999994,-19.25,26.450000000000003" vel="0,0,0" mass="1" elasticityCoef="1" ang="90,0,0" color="0,220,0" radius="0.5" length="4" />
		<capsule pos="-10.349999999999994,-19.25,28.75" vel="0,0,0" mass="1" elasticityCoef="1" ang="90,0,0" color="0,220,0" radius="0.5" length="4" />
		<capsule pos="-10.349999999999994,-19.25,31.049999999999997" vel="0,0,0" mass="1" elasticityCoef="1" ang="90,0,0" color="0,220,0" radius="0.5" length="4" />
		<capsule pos="-10.349999999999994,-13.75,-33.349999999999994" vel="0,0,0" mass="1" elasticityCoef="1" ang="90,0,0" color="0,220,0" radius="0.5" length="4" />
		<capsule pos="-10.349999999999994,-13.75,-31.049999999999994" vel="0,0,0" mass="1" elasticityCoef="1" ang="90,0,0" color="0,220,0" radius="0.5" length="4" />
		<capsule pos="-10.349999999999994,-13.75,-28.749999999999993" vel="0,0,0" mass="1" elasticityCoef="1" ang="90,0,0" color="0,220,0" radius="0.5" length="4" />
		<capsule pos="-10.349999999999994,-13.75,-26.449999999999996" vel="0,0,0" mass="1" elasticityCoef="1" ang="90,0,0" color="0,220,0" radius="0.5" length="4" />
		<capsule pos="-10.349999999999994,-13.75,-24.149999999999995" vel="0,0,0" mass="1" elasticityCoef="1" ang="90,0,0" color="0,220,0" radius="0.5" length="4" />
		<capsule pos="-10.349999999999994,-13.75,-21.849999999999994" vel="0,0,0" mass="1" elasticityCoef="1" ang="90,0,0" color="0,220,0" radius="0.5" length="4" />
		<capsule pos="-10.349999999999994,-13.75,-19.549999999999997" vel="0,0,0" mass="1" elasticityCoef="1" ang="90,0,0" color="0,220,0" radius="0.5" length="4" />
		<capsule pos="-10.349999999999994,-13.75,-17.249999999999996" vel="0,0,0" mass="1" elasticityCoef="1" ang="90,0,0" color="0,220,0" radius="0.5" length="4" />
		<capsule pos="-10.349999999999994,-13.75,-14.949999999999996" vel="0,0,0" mass="1" elasticityCoef="1" ang="90,0,0" color="0,220,0" radius="0.5" length="4" />
		<capsule pos="-10.349999999999994,-13.75,-12.649999999999995" vel="0,0,0" mass="1" elasticityCoef="1" ang="90,0,0" color="0,220,0" radius="0.5" length="4" />
		<capsule pos="-10.349999999999994,-13.75,-10.349999999999994" vel="0,0,0" mass="1" elasticityCoef="1" ang="90,0,0" color="0,220,0" radius="0.5" length="4" />
		<capsule pos="-10.349999999999994,-13.75,-8.049999999999997" vel="0,0,0" mass="1" elasticityCoef="1" ang="90,0,0" color="0,220,0" radius="0.5" length="4" />
		<capsule pos="-10.349999999999994,-13.75,-5.7499999999999964" vel="0,0,0" mass="1" elasticityCoef="1" ang="90,0,0" color="0,220,0" radius="0.5" length="4" />
		<capsule pos="-10.349999999999994,-13.75,-3.4499999999999957" vel="0,0,0" mass="1" elasticityCoef="1" ang="90,0,0" color="0,220,0" radius="0.5" length="4" />
		<capsule pos="-10.349999999999994,-13.75,-1.1499999999999986" vel="0,0,0" mass="1" elasticityCoef="1" ang="90,0,0" color="0,220,0" radius="0.5" length="4" />
		<capsule pos="-10.349999999999994,-13.75,1.1500000000000057" vel="0,0,0" mass="1" elasticityCoef="1" ang="90,0,0" color="0,220,0" radius="0.5" length="4" />
		<capsule pos="-10.349999999999994,-13.75,3.450000000000003" vel="0,0,0" mass="1" elasticityCoef="1" ang="90,0,0" color="0,220,0" radius="0.5" length="4" />
		<capsule pos="-10.349999999999994,-13.75,5.75" vel="0,0,0" mass="1" elasticityCoef="1" ang="90,0,0" color="0,220,0" radius="0.5" length="4" />
		<capsule pos="-10.349999999999994,-13.75,8.050000000000004" vel="0,0,0" mass="1" elasticityCoef="1" ang="90,0,0" color="0,220,0" radius="0.5" length="4" />
		<capsule pos="-10.349999999999994,-13.75,10.350000000000001" vel="0,0,0" mass="1" elasticityCoef="1" ang="90,0,0" color="0,220,0" radius="0.5" length="4" />
		<capsule pos="-10.349999999999994,-13.75,12.650000000000006" vel="0,0,0" mass="1" elasticityCoef="1" ang="90,0,0" color="0,220,0" radius="0.5" length="4" />
		<capsule pos="-10.349999999999994,-13.75,14.950000000000003" vel="0,0,0" mass="1" elasticityCoef="1" ang="90,0,0" color="0,220,0" radius="0.5" length="4" />
		<capsule pos="-10.349999999999994,-13.75,17.25" vel="0,0,0" mass="1" elasticityCoef="1" ang="90,0,0" color="0,220,0" radius="0.5" length="4" />
		<capsule pos="-10.349999999999994,-13.75,19.550000000000004" vel="0,0,0" mass="1" elasticityCoef="1" ang="90,0,0" color="0,220,0" radius="0.5" length="4" />
		<capsule pos="-10.349999999999994,-13.75,21.85" vel="0,0,0" mass="1" elasticityCoef="1" ang="90,0,0" color="0,220,0" radius="0.5" length="4" />
		<capsule pos="-10.349999999999994,-13.75,24.15" vel="0,0,0" mass="1" elasticityCoef="1" ang="90,0,0" color="0,220,0" radius="0.5" length="4" />
		<capsule pos="-10.349999999999994,-13.75,26.450000000000003" vel="0,0,0" mass="1" elasticityCoef="1" ang="90,0,0" color="0,220,0" radius="0.5" length="4" />
		<capsule pos="-10.349999999999994,-13.75,28.75" vel="0,0,0" mass="1" elasticityCoef="1" ang="90,0,0" color="0,220,0" radius="0.5" length="4" />
		<capsule pos="-10.349999999999994,-13.75,31.049999999999997" vel="0,0,0" mass="1" elasticityCoef="1" ang="90,0,0" color="0,220,0" radius="0.5" length="4" />
		<capsule pos="-10.349999999999994,-8.25,-33.349999999999994" vel="0,0,0" mass="1" elasticityCoef="1" ang="90,0,0" color="0,220,0" radius="0.5" length="4" />
		<capsule pos="-10.349999999999994,-8.25,-31.049999999999994" vel="0,0,0" mass="1" elasticityCoef="1" ang="90,0,0" color="0,220,0" radius="0.5" length="4" />
		<capsule pos="-10.349999999999994,-8.25,-28.749999999999993" vel="0,0,0" mass="1" elasticityCoef="1" ang="90,0,0" color="0,220,0" radius="0.5" length="4" />
		<capsule pos="-10.349999999999994,-8.25,-26.449999999999996" vel="0,0,0" mass="1" elasticityCoef="1" ang="90,0,0" color="0,220,0" radius="0.5" length="4" />
		<capsule pos="-10.349999999999994,-8.25,-24.149999999999995" vel="0,0,0" mass="1" elasticityCoef="1" ang="90,0,0" color="0,220,0" radius="0.5" length="4" />
		<capsule pos="-10.349999999999994,-8.25,-21.849999999999994" vel="0,0,0" mass="1" elasticityCoef="1" ang="90,0,0" color="0,220,0" radius="0.5" length="4" />
		<capsule pos="-10.349999999999994,-8.25,-19.549999999999997" vel="0,0,0" mass="1" elasticityCoef="1" ang="90,0,0" color="0,220,0" radius="0.5" length="4" />
		<capsule pos="-10.349999999999994,-8.25,-17.249999999999996" vel="0,0,0" mass="1" elasticityCoef="1" ang="90,0,0" color="0,220,0" radius="0.5" length="4" />
		<capsule pos="-10.349999999999994,-8.25,-14.949999999999996" vel="0,0,0" mass="1" elasticityCoef="1" ang="90,0,0" color="0,220,0" radius="0.5" length="4" />
		<capsule pos="-10.349999999999994,-8.25,-12.649999999999995" vel="0,0,0" mass="1" elasticityCoef="1" ang="90,0,0" color="0,220,0" radius="0.5" length="4" />
		<capsule pos="-10.349999999999994,-8.25,-10.349999999999994" vel="0,0,0" mass="1" elasticityCoef="1" ang="90,0,0" color="0,220,0" radius="0.5" length="4" />
		<capsule pos="-10.349999999999994,-8.25,-8.049999999999997" vel="0,0,0" mass="1" elasticityCoef="1" ang="90,0,0" color="0,220,0" radius="0.5" length="4" />
		<capsule pos="-10.349999999999994,-8.25,-5.7499999999999964" vel="0,0,0" mass="1" elasticityCoef="1" ang="90,0,0" color="0,220,0" radius="0.5" length="4" />
		<capsule pos="-10.349999999999994,-8.25,-3.4499999999999957" vel="0,0,0" mass="1" elasticityCoef="1" ang="90,0,0" color="0,220,0" radius="0.5" length="4" />
		<capsule pos="-10.349999999999994,-8.25,-1.1499999999999986" vel="0,0,0" mass="1" elasticityCoef="1" ang="90,0,0" color="0,220,0" radius="0.5" length="4" />
		<capsule pos="-10.349999999999994,-8.25,1.1500000000000057" vel="0,0,0" mass="1" elasticityCoef="1" ang="90,0,0" color="0,220,0" radius="0.5" length="4" />
		<capsule pos="-10.349999999999994,-8.25,3.450000000000003" vel="0,0,0" mass="1" elasticityCoef="1" ang="90,0,0" color="0,220,0" radius="0.5" length="4" />
		<capsule pos="-10.349999999999994,-8.25,5.75" vel="0,0,0" mass="1" elasticityCoef="1" ang="90,0,0" color="0,220,0" radius="0.5" length="4" />
		<capsule pos="-10.349999999999994,-8.25,8.050000000000004" vel="0,0,0" mass="1" elasticityCoef="1" ang="90,0,0" color="0,220,0" radius="0.5" length="4" />
		<capsule pos="-10.349999999999994,-8.25,10.350000000000001" vel="0,0,0" mass="1" elasticityCoef="1" ang="90,0,0" color="0,220,0" radius="0.5" length="4" />
		<capsule pos="-10.349999999999994,-8.25,12.650000000000006" vel="0,0,0" mass="1" elasticityCoef="1" ang="90,0,0" color="0,220,0" radius="0.5" length="4" />
		<capsule pos="-10.349999999999994,-8.25,14.950000000000003" vel="0,0,0" mass="1" elasticityCoef="1" ang="90,0,0" color="0,220,0" radius="0.5" length="4" />
		<capsule pos="-10.349999999999994,-8.25,17.25" vel="0,0,0" mass="1" elasticityCoef="1" ang="90,0,0" color="0,220,0" radius="0.5" length="4" />
		<capsule pos="-10.349999999999994,-8.25,19.550000000000004" vel="0,0,0" mass="1" elasticityCoef="1" ang="90,0,0" color="0,220,0" radius="0.5" length="4" />
		<capsule pos="-10.349999999999994,-8.25,21.85" vel="0,0,0" mass="1" elasticityCoef="1" ang="90,0,0" color="0,220,0" radius="0.5" length="4" />
		<capsule pos="-10.349999999999994,-8.25,24.15" vel="0,0,0" mass="1" elasticityCoef="1" ang="90,0,0" color="0,220,0" radius="0.5" length="4" />
		<capsule pos="-10.349999999999994,-8.25,26.450000000000003" vel="0,0,0" mass="1" elasticityCoef="1" ang="90,0,0" color="0,220,0" radius="0.5" length="4" />
		<capsule pos="-10.349999999999994,-8.25,28.75" vel="0,0,0" mass="1" elasticityCoef="1" ang="90,0,0" color="0,220,0" radius="0.5" length="4" />
		<capsule pos="-10.349999999999994,-8.25,31.049999999999997" vel="0,0,0" mass="1" elasticityCoef="1" ang="90,0,0" color="0,220,0" radius="0.5" length="4" />
		<capsule pos="-10.349999999999994,-2.75,-33.349999999999994" vel="0,0,0" mass="1" elasticityCoef="1" ang="90,0,0" color="0,220,0" radius="0.5" length="4" />
		<capsule pos="-10.349999999999994,-2.75,-31.049999999999994" vel="0,0,0" mass="1" elasticityCoef="1" ang="90,0,0" color="0,220,0" radius="0.5" length="4" />
		<capsule pos="-10.349999999999994,-2.75,-28.749999999999993" vel="0,0,0" mass="1" elasticityCoef="1" ang="90,0,0" color="0,220,0" radius="0.5" length="4" />
		<capsule pos="-10.349999999999994,-2.75,-26.449999999999996" vel="0,0,0" mass="1" elasticityCoef="1" ang="90,0,0" color="0,220,0" radius="0.5" length="4" />
		<capsule pos="-10.349999999999994,-2.75,-24.149999999999995" vel="0,0,0" mass="1" elasticityCoef="1" ang="90,0,0" color="0,220,0" radius="0.5" length="4" />
		<capsule pos="-10.349999999999994,-2.75,-21.849999999999994" vel="0,0,0" mass="1" elasticityCoef="1" ang="90,0,0" color="0,220,0" radius="0.5" length="4" />
		<capsule pos="-10.349999999999994,-2.75,-19.549999999999997" vel="0,0,0" mass="1" elasticityCoef="1" ang="90,0,0" color="0,220,0" radius="0.5" length="4" />
		<capsule pos="-10.349999999999994,-2.75,-17.249999999999996" vel="0,0,0" mass="1" elasticityCoef="1" ang="90,0,0" color="0,220,0" radius="0.5" length="4" />
		<capsule pos="-10.349999999999994,-2.75,-14.949999999999996" vel="0,0,0" mass="1" elasticityCoef="1" ang="90,0,0" color="0,220,0" radius="0.5" length="4" />
		<capsule pos="-10.349999999999994,-2.75,-12.649999999999995" vel="0,0,0" mass="1" elasticityCoef="1" ang="90,0,0" color="0,220,0" radius="0.5" length="4" />
		<capsule pos="-10.349999999999994,-2.75,-10.349999999999994" vel="0,0,0" mass="1" elasticityCoef="1" ang="90,0,0" color="0,220,0" radius="0.5" length="4" />
		<capsule pos="-10.349999999999994,-2.75,-8.049999999999997" vel="0,0,0" mass="1" elasticityCoef="1" ang="90,0,0" color="0,220,0" radius="0.5" length="4" />
		<capsule pos="-10.349999999999994,-2.75,-5.7499999999999964" vel="0,0,0" mass="1" elasticityCoef="1" ang="90,0,0" color="0,220,0" radius="0.5" length="4" />
		<capsule pos="-10.349999999999994,-2.75,-3.4499999999999957" vel="0,0,0" mass="1" elasticityCoef="1" ang="90,0,0" color="0,220,0" radius="0.5" length="4" />
		<capsule pos="-10.349999999999994,-2.75,-1.1499999999999986" vel="0,0,0" mass="1" elasticityCoef="1" ang="90,0,0" color="0,220,0" radius="0.5" length="4" />
		<capsule pos="-10.349999999999994,-2.75,1.1500000000000057" vel="0,0,0" mass="1" elasticityCoef="1" ang="90,0,0" color="0,220,0" radius="0.5" length="4" />
		<capsule pos="-10.349999999999994,-2.75,3.450000000000003" vel="0,0,0" mass="1" elasticityCoef="1" ang="90,0,0" color="0,220,0" radius="0.5" length="4" />
		<capsule pos="-10.349999999999994,-2.75,5.75" vel="0,0,0" mass="1" elasticityCoef="1" ang="90,0,0" color="0,220,0" radius="0.5" length="4" />
		<capsule pos="-10.349999999999994,-2.75,8.050000000000004" vel="0,0,0" mass="1" elasticityCoef="1" ang="90,0,0" color="0,220,0" radius="0.5" length="4" />
		<capsule pos="-10.349999999999994,-2.75,10.350000000000001" vel="0,0,0" mass="1" elasticityCoef="1" ang="90,0,0" color="0,220,0" radius="0.5" length="4" />
		<capsule pos="-10.349999999999994,-2.75,12.650000000000006" vel="0,0,0" mass="1" elasticityCoef="1" ang="90,0,0" color="0,220,0" radius="0.5" length="4" />
		<capsule pos="-10.349999999999994,-2.75,14.950000000000003" vel="0,0,0" mass="1" elasticityCoef="1" ang="90,0,0" color="0,220,0" radius="0.5" length="4" />
		<capsule pos="-10.349999999999994,-2.75,17.25" vel="0,0,0" mass="1" elasticityCoef="1" ang="90,0,0" color="0,220,0" radius="0.5" length="4" />
		<capsule pos="-10.349999999999994,-2.75,19.550000000000004" vel="0,0,0" mass="1" elasticityCoef="1" ang="90,0,0" color="0,220,0" radius="0.5" length="4" />
		<capsule pos="-10.349999999999994,-2.75,21.85" vel="0,0,0" mass="1" elasticityCoef="1" ang="90,0,0" color="0,220,0" radius="0.5" length="4" />
		<capsule pos="-10.349999999999994,-2.75,24.15" vel="0,0,0" mass="1" elasticityCoef="1" ang="90,0,0" color="0,220,0" radius="0.5" length="4" />
		<capsule pos="-10.349999999999994,-2.75,26.450000000000003" vel="0,0,0" mass="1" elasticityCoef="1" ang="90,0,0" color="0,220,0" radius="0.5" length="4" />
		<capsule pos="-10.349999999999994,-2.75,28.75" vel="0,0,0" mass="1" elasticityCoef="1" ang="90,0,0" color="0,220,0" radius="0.5" length="4" />
		<capsule pos="-10.349999999999994,-2.75,31.049999999999997" vel="0,0,0" mass="1" elasticityCoef="1" ang="90,0,0" color="0,220,0" radius="0.5" length="4" />
		<capsule pos="-10.349999999999994,2.75,-33.349999999999994" vel="0,0,0" mass="1" elasticityCoef="1" ang="90,0,0" color="0,220,0" radius="0.5" length="4" />
		<capsule pos="-10.349999999999994,2.75,-31.049999999999994" vel="0,0,0" mass="1" elasticityCoef="1" ang="90,0,0" color="0,220,0" radius="0.5" length="4" />
		<capsule pos="-10.349999999999994,2.75,-28.749999999999993" vel="0,0,0" mass="1" elasticityCoef="1" ang="90,0,0" color="0,220,0" radius="0.5" length="4" />
		<capsule pos="-10.349999999999994,2.75,-26.449999999999996" vel="0,0,0" mass="1" elasticityCoef="1" ang="90,0,0" color="0,220,0" radius="0.5" length="4" />
		<capsule pos="-10.349999999999994,2.75,-24.149999999999995" vel="0,0,0" mass="1" elasticityCoef="1" ang="90,0,0" color="0,220,0" radius="0.5" length="4" />
		<capsule pos="-10.349999999999994,2.75,-21.849999999999994" vel="0,0,0" mass="1" elasticityCoef="1" ang="90,0,0" color="0,220,0" radius="0.5" length="4" />
		<capsule pos="-10.349999999999994,2.75,-19.549999999999997" vel="0,0,0" mass="1" elasticityCoef="1" ang="90,0,0" color="0,220,0" radius="0.5" length="4" />
		<capsule pos="-10.349999999999994,2.75,-17.249999999999996" vel="0,0,0" mass="1" elasticityCoef="1" ang="90,0,0" color="0,220,0" radius="0.5" length="4" />
		<capsule pos="-10.349999999999994,2.75,-14.949999999999996" vel="0,0,0" mass="1" elasticityCoef="1" ang="90,0,0" color="0,220,0" radius="0.5" length="4" />
		<capsule pos="-10.349999999999994,2.75,-12.649999999999995" vel="0,0,0" mass="1" elasticityCoef="1" ang="90,0,0" color="0,220,0" radius="0.5" length="4" />
		<capsule pos="-10.349999999999994,2.75,-10.349999999999994" vel="0,0,0" mass="1" elasticityCoef="1" ang="90,0,0" color="0,220,0" radius="0.5" length="4" />
		<capsule pos="-10.349999999999994,2.75,-8.049999999999997" vel="0,0,0" mass="1" elasticityCoef="1" ang="90,0,0" color="0,220,0" radius="0.5" length="4" />
		<capsule pos="-10.349999999999994,2.75,-5.7499999999999964" vel="0,0,0" mass="1" elasticityCoef="1" ang="90,0,0" color="0,220,0" radius="0.5" length="4" />
		<capsule pos="-10.349999999999994,2.75,-3.4499999999999957" vel="0,0,0" mass="1" elasticityCoef="1" ang="90,0,0" color="0,220,0" radius="0.5" length="4" />
		<capsule pos="-10.349999999999994,2.75,-1.1499999999999986" vel="0,0,0" mass="1" elasticityCoef="1" ang="90,0,0" color="0,220,0" radius="0.5" length="4" />
		<capsule pos="-10.349999999999994,2.75,1.1500000000000057" vel="0,0,0" mass="1" elasticityCoef="1" ang="90,0,0" color="0,220,0" radius="0.5" length="4" />
		<capsule pos="-10.349999999999994,2.75,3.450000000000003" vel="0,0,0" mass="1" elasticityCoef="1" ang="90,0,0" color="0,220,0" radius="0.5" length="4" />
		<capsule pos="-10.349999999999994,2.75,5.75" vel="0,0,0" mass="1" elasticityCoef="1" ang="90,0,0" color="0,220,0" radius="0.5" length="4" />
		<capsule pos="-10.349999999999994,2.75,8.050000000000004" vel="0,0,0" mass="1" elasticityCoef="1" ang="90,0,0" color="0,220,0" radius="0.5" length="4" />
		<capsule pos="-10.349999999999994,2.75,10.350000000000001" vel="0,0,0" mass="1" elasticityCoef="1" ang="90,0,0" color="0,220,0" radius="0.5" length="4" />
		<capsule pos="-10.349999999999994,2.75,12.650000000000006" vel="0,0,0" mass="1" elasticityCoef="1" ang="90,0,0" color="0,220,0" radius="0.5" length="4" />
		<capsule pos="-10.349999999999994,2.75,14.950000000000003" vel="0,0,0" mass="1" elasticityCoef="1" ang="90,0,0" color="0,220,0" radius="0.5" length="4" />
		<capsule pos="-10.349999999999994,2.75,17.25" vel="0,0,0" mass="1" elasticityCoef="1" ang="90,0,0" color="0,220,0" radius="0.5" length="4" />
		<capsule pos="-10.349999999999994,2.75,19.550000000000004" vel="0,0,0" mass="1" elasticityCoef="1" ang="90,0,0" color="0,220,0" radius="0.5" length="4" />
		<capsule pos="-10.349999999999994,2.75,21.85" vel="0,0,0" mass="1" elasticityCoef="1" ang="90,0,0" color="0,220,0" radius="0.5" length="4" />
		<capsule pos="-10.349999999999994,2.75,24.15" vel="0,0,0" mass="1" elasticityCoef="1" ang="90,0,0" color="0,220,0" radius="0.5" length="4" />
		<capsule pos="-10.349999999999994,2.75,26.450000000000003" vel="0,0,0" mass="1" elasticityCoef="1" ang="90,0,0" color="0,220,0" radius="0.5" length="4" />
		<capsule pos="-10.349999999999994,2.75,28.75" vel="0,0,0" mass="1" elasticityCoef="1" ang="90,0,0" color="0,220,0" radius="0.5" length="4" />
		<capsule pos="-10.349999999999994,2.75,31.049999999999997" vel="0,0,0" mass="1" elasticityCoef="1" ang="90,0,0" color="0,220,0" radius="0.5" length="4" />
		<capsule pos="-10.349999999999994,8.25,-33.349999999999994" vel="0,0,0" mass="1" elasticityCoef="1" ang="90,0,0" color="0,220,0" radius="0.5" length="4" />
		<capsule pos="-10.349999999999994,8.25,-31.049999999999994" vel="0,0,0" mass="1" elasticityCoef="1" ang="90,0,0" color="0,220,0" radius="0.5" length="4" />
		<capsule pos="-10.349999999999994,8.25,-28.749999999999993" vel="0,0,0" mass="1" elasticityCoef="1" ang="90,0,0" color="0,220,0" radius="0.5" length="4" />
		<capsule pos="-10.349999999999994,8.25,-26.449999999999996" vel="0,0,0" mass="1" elasticityCoef="1" ang="90,0,0" color="0,220,0" radius="0.5" length="4" />
		<capsule pos="-10.349999999999994,8.25,-24.149999999999995" vel="0,0,0" mass="1" elasticityCoef="1" ang="90,0,0" color="0,220,0" radius="0.5" length="4" />
		<capsule pos="-10.349999999999994,8.25,-21.849999999999994" vel="0,0,0" mass="1" elasticityCoef="1" ang="90,0,0" color="0,220,0" radius="0.5" length="4" />
		<capsule pos="-10.349999999999994,8.25,-19.549999999999997" vel="0,0,0" mass="1" elasticityCoef="1" ang="90,0,0" color="0,220,0" radius="0.5" length="4" />
		<capsule pos="-10.349999999999994,8.25,-17.249999999999996" vel="0,0,0" mass="1" elasticityCoef="1" ang="90,0,0" color="0,220,0" radius="0.5" length="4" />
		<capsule pos="-10.349999999999994,8.25,-14.949999999999996" vel="0,0,0" mass="1" elasticityCoef="1" ang="90,0,0" color="0,220,0" radius="0.5" length="4" />
		<capsule pos="-10.349999999999994,8.25,-12.649999999999995" vel="0,0,0" mass="1" elasticityCoef="1" ang="90,0,0" color="0,220,0" radius="0.5" length="4" />
		<capsule pos="-10.349999999999994,8.25,-10.349999999999994" vel="0,0,0" mass="1" elasticityCoef="1" ang="90,0,0" color="0,220,0" radius="0.5" length="4" />
		<capsule pos="-10.349999999999994,8.25,-8.049999999999997" vel="0,0,0" mass="1" elasticityCoef="1" ang="90,0,0" color="0,220,0" radius="0.5" length="4" />
		<capsule pos="-10.349999999999994,8.25,-5.7499999999999964" vel="0,0,0" mass="1" elasticityCoef="1" ang="90,0,0" color="0,220,0" radius="0.5" length="4" />
		<capsule pos="-10.349999999999994,8.25,-3.4499999999999957" vel="0,0,0" mass="1" elasticityCoef="1" ang="90,0,0" color="0,220,0" radius="0.5" length="4" />
		<capsule pos="-10.349999999999994,8.25,-1.1499999999999986" vel="0,0,0" mass="1" elasticityCoef="1" ang="90,0,0" color="0,220,0" radius="0.5" length="4" />
		<capsule pos="-10.349999999999994,8.25,1.1500000000000057" vel="0,0,0" mass="1" elasticityCoef="1" ang="90,0,0" color="0,220,0" radius="0.5" length="4" />
		<capsule pos="-10.349999999999994,8.25,3.450000000000003" vel="0,0,0" mass="1" elasticityCoef="1" ang="90,0,0" color="0,220,0" radius="0.5" length="4" />
		<capsule pos="-10.349999999999994,8.25,5.75" vel="0,0,0" mass="1" elasticityCoef="1" ang="90,0,0" color="0,220,0" radius="0.5" length="4" />
		<capsule pos="-10.349999999999994,8.25,8.050000000000004" vel="0,0,0" mass="1" elasticityCoef="1" ang="90,0,0" color="0,220,0" radius="0.5" length="4" />
		<capsule pos="-10.349999999999994,8.25,10.350000000000001" vel="0,0,0" mass="1" elasticityCoef="1" ang="90,0,0" color="0,220,0" radius="0.5" length="4" />
		<capsule pos="-10.349999999999994,8.25,12.650000000000006" vel="0,0,0" mass="1" elasticityCoef="1" ang="90,0,0" color="0,220,0" radius="0.5" length="4" />
		<capsule pos="-10.349999999999994,8.25,14.950000000000003" vel="0,0,0" mass="1" elasticityCoef="1" ang="90,0,0" color="0,220,0" radius="0.5" length="4" />
		<capsule pos="-10.349999999999994,8.25,17.25" vel="0,0,0" mass="1" elasticityCoef="1" ang="90,0,0" color="0,220,0" radius="0.5" length="4" />
		<capsule pos="-10.349999999999994,8.25,19.550000000000004" vel="0,0,0" mass="1" elasticityCoef="1" ang="90,0,0" color="0,220,0" radius="0.5" length="4" />
		<capsule pos="-10.349999999999994,8.25,21.85" vel="0,0,0" mass="1" elasticityCoef="1" ang="90,0,0" color="0,220,0" radius="0.5" length="4" />
		<capsule pos="-10.349999999999994,8.25,24.15" vel="0,0,0" mass="1" elasticityCoef="1" ang="90,0,0" color="0,220,0" radius="0.5" length="4" />
		<capsule pos="-10.349999999999994,8.25,26.450000000000003" vel="0,0,0" mass="1" elasticityCoef="1" ang="90,0,0" color="0,220,0" radius="0.5" length="4" />
		<capsule pos="-10.349999999999994,8.25,28.75" vel="0,0,0" mass="1" elasticityCoef="1" ang="90,0,0" color="0,220,0" radius="0.5" length="4" />
		<capsule pos="-10.349999999999994,8.25,31.049999999999997" vel="0,0,0" mass="1" elasticityCoef="1" ang="90,0,0" color="0,220,0" radius="0.5" length="4" />
		<capsule pos="-10.349999999999994,13.75,-33.349999999999994" vel="0,0,0" mass="1" elasticityCoef="1" ang="90,0,0" color="0,220,0" radius="0.5" length="4" />
		<capsule pos="-10.349999999999994,13.75,-31.049999999999994" vel="0,0,0" mass="1" elasticityCoef="1" ang="90,0,0" color="0,220,0" radius="0.5" length="4" />
		<capsule pos="-10.349999999999994,13.75,-28.749999999999993" vel="0,0,0" mass="1" elasticityCoef="1" ang="90,0,0" color="0,220,0" radius="0.5" length="4" />
		<capsule pos="-10.349999999999994,13.75,-26.449999999999996" vel="0,0,0" mass="1" elasticityCoef="1" ang="90,0,0" color="0,220,0" radius="0.5" length="4" />
		<capsule pos="-10.349999999999994,13.75,-24.149999999999995" vel="0,0,0" mass="1" elasticityCoef="1" ang="90,0,0" color="0,220,0" radius="0.5" length="4" />
		<capsule pos="-10.349999999999994,13.75,-21.849999999999994" vel="0,0,0" mass="1" elasticityCoef="1" ang="90,0,0" color="0,220,0" radius="0.5" length="4" />
		<capsule pos="-10.349999999999994,13.75,-19.549999999999997" vel="0,0,0" mass="1" elasticityCoef="1" ang="90,0,0" color="0,220,0" radius="0.5" length="4" />
		<capsule pos="-10.349999999999994,13.75,-17.249999999999996" vel="0,0,0" mass="1" elasticityCoef="1" ang="90,0,0" color="0,220,0" radius="0.5" length="4" />
		<capsule pos="-10.349999999999994,13.75,-14.949999999999996" vel="0,0,0" mass="1" elasticityCoef="1" ang="90,0,0" color="0,220,0" radius="0.5" length="4" />
		<capsule pos="-10.349999999999994,13.75,-12.649999999999995" vel="0,0,0" mass="1" elasticityCoef="1" ang="90,0,0" color="0,220,0" radius="0.5" length="4" />
		<capsule pos="-10.349999999999994,13.75,-10.349999999999994" vel="0,0,0" mass="1" elasticityCoef="1" ang="90,0,0" color="0,220,0" radius="0.5" length="4" />
		<capsule pos="-10.349999999999994,13.75,-8.049999999999997" vel="0,0,0" mass="1" elasticityCoef="1" ang="90,0,0" color="0,220,0" radius="0.5" length="4" />
		<capsule pos="-10.349999999999994,13.75,-5.7499999999999964" vel="0,0,0" mass="1" elasticityCoef="1" ang="90,0,0" color="0,220,0" radius="0.5" length="4" />
		<capsule pos="-10.349999999999994,13.75,-3.4499999999999957" vel="0,0,0" mass="1" elasticityCoef="1" ang="90,0,0" color="0,220,0" radius="0.5" length="4" />
		<capsule pos="-10.349999999999994,13.75,-1.1499999999999986" vel="0,0,0" mass="1" elasticityCoef="1" ang="90,0,0" color="0,220,0" radius="0.5" length="4" />
		<capsule pos="-10.349999999999994,13.75,1.1500000000000057" vel="0,0,0" mass="1" elasticityCoef="1" ang="90,0,0" color="0,220,0" radius="0.5" length="4" />
		<capsule pos="-10.349999999999994,13.75,3.450000000000003" vel="0,0,0" mass="1" elasticityCoef="1" ang="90,0,0" color="0,220,0" radius="0.5" length="4" />
		<capsule pos="-10.349999999999994,13.75,5.75" vel="0,0,0" mass="1" elasticityCoef="1" ang="90,0,0" color="0,220,0" radius="0.5" length="4" />
		<capsule pos="-10.349999999999994,13.75,8.050000000000004" vel="0,0,0" mass="1" elasticityCoef="1" ang="90,0,0" color="0,220,0" radius="0.5" length="4" />
		<capsule pos="-10.349999999999994,13.75,10.350000000000001" vel="0,0,0" mass="1" elasticityCoef="1" ang="90,0,0" color="0,220,0" radius="0.5" length="4" />
		<capsule pos="-10.349999999999994,13.75,12.650000000000006" vel="0,0,0" mass="1" elasticityCoef="1" ang="90,0,0" color="0,220,0" radius="0.5" length="4" />
		<capsule pos="-10.349999999999994,13.75,14.950000000000003" vel="0,0,0" mass="1" elasticityCoef="1" ang="90,0,0" color="0,220,0" radius="0.5" length="4" />
		<capsule pos="-10.349999999999994,13.75,17.25" vel="0,0,0" mass="1" elasticityCoef="1" ang="90,0,0" color="0,220,0" radius="0.5" length="4" />
		<capsule pos="-10.349999999999994,13.75,19.550000000000004" vel="0,0,0" mass="1" elasticityCoef="1" ang="90,0,0" color="0,220,0" radius="0.5" length="4" />
		<capsule pos="-10.349999999999994,13.75,21.85" vel="0,0,0" mass="1" elasticityCoef="1" ang="90,0,0" color="0,220,0" radius="0.5" length="4" />
		<capsule pos="-10.349999999999994,13.75,24.15" vel="0,0,0" mass="1" elasticityCoef="1" ang="90,0,0" color="0,220,0" radius="0.5" length="4" />
		<capsule pos="-10.349999999999994,13.75,26.450000000000003" vel="0,0,0" mass="1" elasticityCoef="1" ang="90,0,0" color="0,220,0" radius="0.5" length="4" />
		<capsule pos="-10.349999999999994,13.75,28.75" vel="0,0,0" mass="1" elasticityCoef="1" ang="90,0,0" color="0,220,0" radius="0.5" length="4" />
		<capsule pos="-10.349999999999994,13.75,31.049999999999997" vel="0,0,0" mass="1" elasticityCoef="1" ang="90,0,0" color="0,220,0" radius="0.5" length="4" />
		<capsule pos="-10.349999999999994,19.25,-33.349999999999994" vel="0,0,0" mass="1" elasticityCoef="1" ang="90,0,0" color="0,220,0" radius="0.5" length="4" />
		<capsule pos="-10.349999999999994,19.25,-31.049999999999994" vel="0,0,0" mass="1" elasticityCoef="1" ang="90,0,0" color="0,220,0" radius="0.5" length="4" />
		<capsule pos="-10.349999999999994,19.25,-28.749999999999993" vel="0,0,0" mass="1" elasticityCoef="1" ang="90,0,0" color="0,220,0" radius="0.5" length="4" />
		<capsule pos="-10.349999999999994,19.25,-26.449999999999996" vel="0,0,0" mass="1" elasticityCoef="1" ang="90,0,0" color="0,220,0" radius="0.5" length="4" />
		<capsule pos="-10.349999999999994,19.25,-24.149999999999995" vel="0,0,0" mass="1" elasticityCoef="1" ang="90,0,0" color="0,220,0" radius="0.5" length="4" />
		<capsule pos="-10.349999999999994,19.25,-21.849999999999994" vel="0,0,0" mass="1" elasticityCoef="1" ang="90,0,0" color="0,220,0" radius="0.5" length="4" />
		<capsule pos="-10.349999999999994,19.25,-19.549999999999997" vel="0,0,0" mass="1" elasticityCoef="1" ang="90,0,0" color="0,220,0" radius="0.5" length="4" />
		<capsule pos="-10.349999999999994,19.25,-17.249999999999996" vel="0,0,0" mass="1" elasticityCoef="1" ang="90,0,0" color="0,220,0" radius="0.5" length="4" />
		<capsule pos="-10.349999999999994,19.25,-14.949999999999996" vel="0,0,0" mass="1" elasticityCoef="1" ang="90,0,0" color="0,220,0" radius="0.5" length="4" />
		<capsule pos="-10.349999999999994,19.25,-12.649999999999995" vel="0,0,0" mass="1" elasticityCoef="1" ang="90,0,0" color="0,220,0" radius="0.5" length="4" />
		<capsule pos="-10.349999999999994,19.25,-10.349999999999994" vel="0,0,0" mass="1" elasticityCoef="1" ang="90,0,0" color="0,220,0" radius="0.5" length="4" />
		<capsule pos="-10.349999999999994,19.25,-8.049999999999997" vel="0,0,0" mass="1" elasticityCoef="1" ang="90,0,0" color="0,220,0" radius="0.5" length="4" />
		<capsule pos="-10.349999999999994,19.25,-5.7499999999999964" vel="0,0,0" mass="1" elasticityCoef="1" ang="90,0,0" color="0,220,0" radius="0.5" length="4" />
		<capsule pos="-10.349999999999994,19.25,-3.4499999999999957" vel="0,0,0" mass="1" elasticityCoef="1" ang="90,0,0" color="0,220,0" radius="0.5" length="4" />
		<capsule pos="-10.349999999999994,19.25,-1.1499999999999986" vel="0,0,0" mass="1" elasticityCoef="1" ang="90,0,0" color="0,220,0" radius="0.5" length="4" />
		<capsule pos="-10.349999999999994,19.25,1.1500000000000057" vel="0,0,0" mass="1" elasticityCoef="1" ang="90,0,0" color="0,220,0" radius="0.5" length="4" />
		<capsule pos="-10.349999999999994,19.25,3.450000000000003" vel="0,0,0" mass="1" elasticityCoef="1" ang="90,0,0" color="0,220,0" radius="0.5" length="4" />
		<capsule pos="-10.349999999999994,19.25,5.75" vel="0,0,0" mass="1" elasticityCoef="1" ang="90,0,0" color="0,220,0" radius="0.5" length="4" />
		<capsule pos="-10.349999999999994,19.25,8.050000000000004" vel="0,0,0" mass="1" elasticityCoef="1" ang="90,0,0" color="0,220,0" radius="0.5" length="4" />
		<capsule pos="-10.349999999999994,19.25,10.350000000000001" vel="0,0,0" mass="1" elasticityCoef="1" ang="90,0,0" color="0,220,0" radius="0.5" length="4" />
		<capsule pos="-10.349999999999994,19.25,12.650000000000006" vel="0,0,0" mass="1" elasticityCoef="1" ang="90,0,0" color="0,220,0" radius="0.5" length="4" />
		<capsule pos="-10.349999999999994,19.25,14.950000000000003" vel="0,0,0" mass="1" elasticityCoef="1" ang="90,0,0" color="0,220,0" radius="0.5" length="4" />
		<capsule pos="-10.349999999999994,19.25,17.25" vel="0,0,0" mass="1" elasticityCoef="1" ang="90,0,0" color="0,220,0" radius="0.5" length="4" />
		<capsule pos="-10.349999999999994,19.25,19.550000000000004" vel="0,0,0" mass="1" elasticityCoef="1" ang="90,0,0" color="0,220,0" radius="0.5" length="4" />
		<capsule pos="-10.349999999999994,19.25,21.85" vel="0,0,0" mass="1" elasticityCoef="1" ang="90,0,0" color="0,220,0" radius="0.5" length="4" />
		<capsule pos="-10.349999999999994,19.25,24.15" vel="0,0,0" mass="1" elasticityCoef="1" ang="90,0,0" color="0,220,0" radius="0.5" length="4" />
		<capsule pos="-10.349999999999994,19.25,26.450000000000003" vel="0,0,0" mass="1" elasticityCoef="1" ang="90,0,0" color="0,220,0" radius="0.5" length="4" />
		<capsule pos="-10.349999999999994,19.25,28.75" vel="0,0,0" mass="1" elasticityCoef="1" ang="90,0,0" color="0,220,0" radius="0.5" length="4" />
		<capsule pos="-10.349999999999994,19.25,31.049999999999997" vel="0,0,0" mass="1" elasticityCoef="1" ang="90,0,0" color="0,220,0" radius="0.5" length="4" />
		<capsule pos="-10.349999999999994,24.75,-33.349999999999994" vel="0,0,0" mass="1" elasticityCoef="1" ang="90,0,0" color="0,220,0" radius="0.5" length="4" />
		<capsule pos="-10.349999999999994,24.75,-31.049999999999994" vel="0,0,0" mass="1" elasticityCoef="1" ang="90,0,0" color="0,220,0" radius="0.5" length="4" />
		<capsule pos="-10.349999999999994,24.75,-28.749999999999993" vel="0,0,0" mass="1" elasticityCoef="1" ang="90,0,0" color="0,220,0" radius="0.5" length="4" />
		<capsule pos="-10.349999999999994,24.75,-26.449999999999996" vel="0,0,0" mass="1" elasticityCoef="1" ang="90,0,0" color="0,220,0" radius="0.5" length="4" />
		<capsule pos="-10.349999999999994,24.75,-24.149999999999995" vel="0,0,0" mass="1" elasticityCoef="1" ang="90,0,0" color="0,220,0" radius="0.5" length="4" />
		<capsule pos="-10.349999999999994,24.75,-21.849999999999994" vel="0,0,0" mass="1" elasticityCoef="1" ang="90,0,0" color="0,220,0" radius="0.5" length="4" />
		<capsule pos="-10.349999999999994,24.75,-19.549999999999997" vel="0,0,0" mass="1" elasticityCoef="1" ang="90,0,0" color="0,220,0" radius="0.5" length="4" />
		<capsule pos="-10.349999999999994,24.75,-17.249999999999996" vel="0,0,0" mass="1" elasticityCoef="1" ang="90,0,0" color="0,220,0" radius="0.5" length="4" />
		<capsule pos="-10.349999999999994,24.75,-14.949999999999996" vel="0,0,0" mass="1" elasticityCoef="1" ang="90,0,0" color="0,220,0" radius="0.5" length="4" />
		<capsule pos="-10.349999999999994,24.75,-12.649999999999995" vel="0,0,0" mass="1" elasticityCoef="1" ang="90,0,0" color="0,220,0" radius="0.5" length="4" />
		<capsule pos="-10.349999999999994,24.75,-10.349999999999994" vel="0,0,0" mass="1" elasticityCoef="1" ang="90,0,0" color="0,220,0" radius="0.5" length="4" />
		<capsule pos="-10.349999999999994,24.75,-8.049999999999997" vel="0,0,0" mass="1" elasticityCoef="1" ang="90,0,0" color="0,220,0" radius="0.5" length="4" />
		<capsule pos="-10.349999999999994,24.75,-5.7499999999999964" vel="0,0,0" mass="1" elasticityCoef="1" ang="90,0,0" color="0,220,0" radius="0.5" length="4" />
		<capsule pos="-10.349999999999994,24.75,-3.4499999999999957" vel="0,0,0" mass="1" elasticityCoef="1" ang="90,0,0" color="0,220,0" radius="0.5" length="4" />
		<capsule pos="-10.349999999999994,24.75,-1.1499999999999986" vel="0,0,0" mass="1" elasticityCoef="1" ang="90,0,0" color="0,220,0" radius="0.5" length="4" />
		<capsule pos="-10.349999999999994,24.75,1.1500000000000057" vel="0,0,0" mass="1" elasticityCoef="1" ang="90,0,0" color="0,220,0" radius="0.5" length="4" />
		<capsule pos="-10.349999999999994,24.75,3.450000000000003" vel="0,0,0" mass="1" elasticityCoef="1" ang="90,0,0" color="0,220,0" radius="0.5" length="4" />
		<capsule pos="-10.349999999999994,24.75,5.75" vel="0,0,0" mass="1" elasticityCoef="1" ang="90,0,0" color="0,220,0" radius="0.5" length="4" />
		<capsule pos="-10.349999999999994,24.75,8.050000000000004" vel="0,0,0" mass="1" elasticityCoef="1" ang="90,0,0" color="0,220,0" radius="0.5" length="4" />
		<capsule pos="-10.349999999999994,24.75,10.350000000000001" vel="0,0,0" mass="1" elasticityCoef="1" ang="90,0,0" color="0,220,0" radius="0.5" length="4" />
		<capsule pos="-10.349999999999994,24.75,12.650000000000006" vel="0,0,0" mass="1" elasticityCoef="1" ang="90,0,0" color="0,220,0" radius="0.5" length="4" />
		<capsule pos="-10.349999999999994,24.75,14.950000000000003" vel="0,0,0" mass="1" elasticityCoef="1" ang="90,0,0" color="0,220,0" radius="0.5" length="4" />
		<capsule pos="-10.349999999999994,24.75,17.25" vel="0,0,0" mass="1" elasticityCoef="1" ang="90,0,0" color="0,220,0" radius="0.5" length="4" />
		<capsule pos="-10.349999999999994,24.75,19.550000000000004" vel="0,0,0" mass="1" elasticityCoef="1" ang="90,0,0" color="0,220,0" radius="0.5" length="4" />
		<capsule pos="-10.349999999999994,24.75,21.85" vel="0,0,0" mass="1" elasticityCoef="1" ang="90,0,0" color="0,220,0" radius="0.5" length="4" />
		<capsule pos="-10.349999999999994,24.75,24.15" vel="0,0,0" mass="1" elasticityCoef="1" ang="90,0,0" color="0,220,0" radius="0.5" length="4" />
		<capsule pos="-10.349999999999994,24.75,26.450000000000003" vel="0,0,0" mass="1" elasticityCoef="1" ang="90,0,0" color="0,220,0" radius="0.5" length="4" />
		<capsule pos="-10.349999999999994,24.75,28.75" vel="0,0,0" mass="1" elasticityCoef="1" ang="90,0,0" color="0,220,0" radius="0.5" length="4" />
		<capsule pos="-10.349999999999994,24.75,31.049999999999997" vel="0,0,0" mass="1" elasticityCoef="1" ang="90,0,0" color="0,220,0" radius="0.5" length="4" />
		<capsule pos="-10.349999999999994,30.25,-33.349999999999994" vel="0,0,0" mass="1" elasticityCoef="1" ang="90,0,0" color="0,220,0" radius="0.5" length="4" />
		<capsule pos="-10.349999999999994,30.25,-31.049999999999994" vel="0,0,0" mass="1" elasticityCoef="1" ang="90,0,0" color="0,220,0" radius="0.5" length="4" />
		<capsule pos="-10.349999999999994,30.25,-28.749999999999993" vel="0,0,0" mass="1" elasticityCoef="1" ang="90,0,0" color="0,220,0" radius="0.5" length="4" />
		<capsule pos="-10.349999999999994,30.25,-26.449999999999996" vel="0,0,0" mass="1" elasticityCoef="1" ang="90,0,0" color="0,220,0" radius="0.5" length="4" />
		<capsule pos="-10.349999999999994,30.25,-24.149999999999995" vel="0,0,0" mass="1" elasticityCoef="1" ang="90,0,0" color="0,220,0" radius="0.5" length="4" />
		<capsule pos="-10.349999999999994,30.25,-21.849999999999994" vel="0,0,0" mass="1" elasticityCoef="1" ang="90,0,0" color="0,220,0" radius="0.5" length="4" />
		<capsule pos="-10.349999999999994,30.25,-19.549999999999997" vel="0,0,0" mass="1" elasticityCoef="1" ang="90,0,0" color="0,220,0" radius="0.5" length="4" />
		<capsule pos="-10.349999999999994,30.25,-17.249999999999996" vel="0,0,0" mass="1" elasticityCoef="1" ang="90,0,0" color="0,220,0" radius="0.5" length="4" />
		<capsule pos="-10.349999999999994,30.25,-14.949999999999996" vel="0,0,0" mass="1" elasticityCoef="1" ang="90,0,0" color="0,220,0" radius="0.5" length="4" />
		<capsule pos="-10.349999999999994,30.25,-12.649999999999995" vel="0,0,0" mass="1" elasticityCoef="1" ang="90,0,0" color="0,220,0" radius="0.5" length="4" />
		<capsule pos="-10.349999999999994,30.25,-10.349999999999994" vel="0,0,0" mass="1" elasticityCoef="1" ang="90,0,0" color="0,220,0" radius="0.5" length="4" />
		<capsule pos="-10.349999999999994,30.25,-8.049999999999997" vel="0,0,0" mass="1" elasticityCoef="1" ang="90,0,0" color="0,220,0" radius="0.5" length="4" />
		<capsule pos="-10.349999999999994,30.25,-5.7499999999999964" vel="0,0,0" mass="1" elasticityCoef="1" ang="90,0,0" color="0,220,0" radius="0.5" length="4" />
		<capsule pos="-10.349999999999994,30.25,-3.4499999999999957" vel="0,0,0" mass="1" elasticityCoef="1" ang="90,0,0" color="0,220,0" radius="0.5" length="4" />
		<capsule pos="-10.349999999999994,30.25,-1.1499999999999986" vel="0,0,0" mass="1" elasticityCoef="1" ang="90,0,0" color="0,220,0" radius="0.5" length="4" />
		<capsule pos="-10.349999999999994,30.25,1.1500000000000057" vel="0,0,0" mass="1" elasticityCoef="1" ang="90,0,0" color="0,220,0" radius="0.5" length="4" />
		<capsule pos="-10.349999999999994,30.25,3.450000000000003" vel="0,0,0" mass="1" elasticityCoef="1" ang="90,0,0" color="0,220,0" radius="0.5" length="4" />
		<capsule pos="-10.349999999999994,30.25,5.75" vel="0,0,0" mass="1" elasticityCoef="1" ang="90,0,0" color="0,220,0" radius="0.5" length="4" />
		<capsule pos="-10.349999999999994,30.25,8.050000000000004" vel="0,0,0" mass="1" elasticityCoef="1" ang="90,0,0" color="0,220,0" radius="0.5" length="4" />
		<capsule pos="-10.349999999999994,30.25,10.350000000000001" vel="0,0,0" mass="1" elasticityCoef="1" ang="90,0,0" color="0,220,0" radius="0.5" length="4" />
		<capsule pos="-10.349999999999994,30.25,12.650000000000006" vel="0,0,0" mass="1" elasticityCoef="1" ang="90,0,0" color="0,220,0" radius="0.5" length="4" />
		<capsule pos="-10.349999999999994,30.25,14.950000000000003" vel="0,0,0" mass="1" elasticityCoef="1" ang="90,0,0" color="0,220,0" radius="0.5" length="4" />
		<capsule pos="-10.349999999999994,30.25,17.25" vel="0,0,0" mass="1" elasticityCoef="1" ang="90,0,0" color="0,220,0" radius="0.5" length="4" />
		<capsule pos="-10.349999999999994,30.25,19.550000000000004" vel="0,0,0" mass="1" elasticityCoef="1" ang="90,0,0" color="0,220,0" radius="0.5" length="4" />
		<capsule pos="-10.349999999999994,30.25,21.85" vel="0,0,0" mass="1" elasticityCoef="1" ang="90,0,0" color="0,220,0" radius="0.5" length="4" />
		<capsule pos="-10.349999999999994,30.25,24.15" vel="0,0,0" mass="1" elasticityCoef="1" ang="90,0,0" color="0,220,0" radius="0.5" length="4" />
		<capsule pos="-10.349999999999994,30.25,26.450000000000003" vel="0,0,0" mass="1" elasticityCoef="1" ang="90,0,0" color="0,220,0" radius="0.5" length="4" />
		<capsule pos="-10.349999999999994,30.25,28.75" vel="0,0,0" mass="1" elasticityCoef="1" ang="90,0,0" color="0,220,0" radius="0.5" length="4" />
		<capsule pos="-10.349999999999994,30.25,31.049999999999997" vel="0,0,0" mass="1" elasticityCoef="1" ang="90,0,0" color="0,220,0" radius="0.5" length="4" />
		<capsule pos="-10.349999999999994,35.75,-33.349999999999994" vel="0,0,0" mass="1" elasticityCoef="1" ang="90,0,0" color="0,220,0" radius="0.5" length="4" />
		<capsule pos="-10.349999999999994,35.75,-31.049999999999994" vel="0,0,0" mass="1" elasticityCoef="1" ang="90,0,0" color="0,220,0" radius="0.5" length="4" />
		<capsule pos="-10.349999999999994,35.75,-28.749999999999993" vel="0,0,0" mass="1" elasticityCoef="1" ang="90,0,0" color="0,220,0" radius="0.5" length="4" />
		<capsule pos="-10.349999999999994,35.75,-26.449999999999996" vel="0,0,0" mass="1" elasticityCoef="1" ang="90,0,0" color="0,220,0" radius="0.5" length="4" />
		<capsule pos="-10.349999999999994,35.75,-24.149999999999995" vel="0,0,0" mass="1" elasticityCoef="1" ang="90,0,0" color="0,220,0" radius="0.5" length="4" />
		<capsule pos="-10.349999999999994,35.75,-21.849999999999994" vel="0,0,0" mass="1" elasticityCoef="1" ang="90,0,0" color="0,220,0" radius="0.5" length="4" />
		<capsule pos="-10.349999999999994,35.75,-19.549999999999997" vel="0,0,0" mass="1" elasticityCoef="1" ang="90,0,0" color="0,220,0" radius="0.5" length="4" />
		<capsule pos="-10.349999999999994,35.75,-17.249999999999996" vel="0,0,0" mass="1" elasticityCoef="1" ang="90,0,0" color="0,220,0" radius="0.5" length="4" />
		<capsule pos="-10.349999999999994,35.75,-14.949999999999996" vel="0,0,0" mass="1" elasticityCoef="1" ang="90,0,0" color="0,220,0" radius="0.5" length="4" />
		<capsule pos="-10.349999999999994,35.75,-12.649999999999995" vel="0,0,0" mass="1" elasticityCoef="1" ang="90,0,0" color="0,220,0" radius="0.5" length="4" />
		<capsule pos="-10.349999999999994,35.75,-10.349999999999994" vel="0,0,0" mass="1" elasticityCoef="1" ang="90,0,0" color="0,220,0" radius="0.5" length="4" />
		<capsule pos="-10.349999999999994,35.75,-8.049999999999997" vel="0,0,0" mass="1" elasticityCoef="1" ang="90,0,0" color="0,220,0" radius="0.5" length="4" />
		<capsule pos="-10.349999999999994,35.75,-5.7499999999999964" vel="0,0,0" mass="1" elasticityCoef="1" ang="90,0,0" color="0,220,0" radius="0.5" length="4" />
		<capsule pos="-10.349999999999994,35.75,-3.4499999999999957" vel="0,0,0" mass="1" elasticityCoef="1" ang="90,0,0" color="0,220,0" radius="0.5" length="4" />
		<capsule pos="-10.349999999999994,35.75,-1.1499999999999986" vel="0,0,0" mass="1" elasticityCoef="1" ang="90,0,0" color="0,220,0" radius="0.5" length="4" />
		<capsule pos="-10.349999999999994,35.75,1.1500000000000057" vel="0,0,0" mass="1" elasticityCoef="1" ang="90,0,0" color="0,220,0" radius="0.5" length="4" />
		<capsule pos="-10.349999999999994,35.75,3.450000000000003" vel="0,0,0" mass="1" elasticityCoef="1" ang="90,0,0" color="0,220,0" radius="0.5" length="4" />
		<capsule pos="-10.349999999999994,35.75,5.75" vel="0,0,0" mass="1" elasticityCoef="1" ang="90,0,0" color="0,220,0" radius="0.5" length="4" />
		<capsule pos="-10.349999999999994,35.75,8.050000000000004" vel="0,0,0" mass="1" elasticityCoef="1" ang="90,0,0" color="0,220,0" radius="0.5" length="4" />
		<capsule pos="-10.349999999999994,35.75,10.350000000000001" vel="0,0,0" mass="1" elasticityCoef="1" ang="90,0,0" color="0,220,0" radius="0.5" length="4" />
		<capsule pos="-10.349999999999994,35.75,12.650000000000006" vel="0,0,0" mass="1" elasticityCoef="1" ang="90,0,0" color="0,220,0" radius="0.5" length="4" />
		<capsule pos="-10.349999999999994,35.75,14.950000000000003" vel="0,0,0" mass="1" elasticityCoef="1" ang="90,0,0" color="0,220,0" radius="0.5" length="4" />
		<capsule pos="-10.349999999999994,35.75,17.25" vel="0,0,0" mass="1" elasticityCoef="1" ang="90,0,0" color="0,220,0" radius="0.5" length="4" />
		<capsule pos="-10.349999999999994,35.75,19.550000000000004" vel="0,0,0" mass="1" elasticityCoef="1" ang="90,0,0" color="0,220,0" radius="0.5" length="4" />
		<capsule pos="-10.349999999999994,35.75,21.85" vel="0,0,0" mass="1" elasticityCoef="1" ang="90,0,0" color="0,220,0" radius="0.5" length="4" />
		<capsule pos="-10.349999999999994,35.75,24.15" vel="0,0,0" mass="1" elasticityCoef="1" ang="90,0,0" color="0,220,0" radius="0.5" length="4" />
		<capsule pos="-10.349999999999994,35.75,26.450000000000003" vel="0,0,0" mass="1" elasticityCoef="1" ang="90,0,0" color="0,220,0" radius="0.5" length="4" />
		<capsule pos="-10.349999999999994,35.75,28.75" vel="0,0,0" mass="1" elasticityCoef="1" ang="90,0,0" color="0,220,0" radius="0.5" length="4" />
		<capsule pos="-10.349999999999994,35.75,31.049999999999997" vel="0,0,0" mass="1" elasticityCoef="1" ang="90,0,0" color="0,220,0" radius="0.5" length="4" />
		<capsule pos="-8.049999999999997,-41.25,-33.349999999999994" vel="0,0,0" mass="1" elasticityCoef="1" ang="90,0,0" color="0,220,0" radius="0.5" length="4" />
		<capsule pos="-8.049999999999997,-41.25,-31.049999999999994" vel="0,0,0" mass="1" elasticityCoef="1" ang="90,0,0" color="0,220,0" radius="0.5" length="4" />
		<capsule pos="-8.049999999999997,-41.25,-28.749999999999993" vel="0,0,0" mass="1" elasticityCoef="1" ang="90,0,0" color="0,220,0" radius="0.5" length="4" />
		<capsule pos="-8.049999999999997,-41.25,-26.449999999999996" vel="0,0,0" mass="1" elasticityCoef="1" ang="90,0,0" color="0,220,0" radius="0.5" length="4" />
		<capsule pos="-8.049999999999997,-41.25,-24.149999999999995" vel="0,0,0" mass="1" elasticityCoef="1" ang="90,0,0" color="0,220,0" radius="0.5" length="4" />
		<capsule pos="-8.049999999999997,-41.25,-21.849999999999994" vel="0,0,0" mass="1" elasticityCoef="1" ang="90,0,0" color="0,220,0" radius="0.5" length="4" />
		<capsule pos="-8.049999999999997,-41.25,-19.549999999999997" vel="0,0,0" mass="1" elasticityCoef="1" ang="90,0,0" color="0,220,0" radius="0.5" length="4" />
		<capsule pos="-8.049999999999997,-41.25,-17.249999999999996" vel="0,0,0" mass="1" elasticityCoef="1" ang="90,0,0" color="0,220,0" radius="0.5" length="4" />
		<capsule pos="-8.049999999999997,-41.25,-14.949999999999996" vel="0,0,0" mass="1" elasticityCoef="1" ang="90,0,0" color="0,220,0" radius="0.5" length="4" />
		<capsule pos="-8.049999999999997,-41.25,-12.649999999999995" vel="0,0,0" mass="1" elasticityCoef="1" ang="90,0,0" color="0,220,0" radius="0.5" length="4" />
		<capsule pos="-8.049999999999997,-41.25,-10.349999999999994" vel="0,0,0" mass="1" elasticityCoef="1" ang="90,0,0" color="0,220,0" radius="0.5" length="4" />
		<capsule pos="-8.049999999999997,-41.25,-8.049999999999997" vel="0,0,0" mass="1" elasticityCoef="1" ang="90,0,0" color="0,220,0" radius="0.5" length="4" />
		<capsule pos="-8.049999999999997,-41.25,-5.7499999999999964" vel="0,0,0" mass="1" elasticityCoef="1" ang="90,0,0" color="0,220,0" radius="0.5" length="4" />
		<capsule pos="-8.049999999999997,-41.25,-3.4499999999999957" vel="0,0,0" mass="1" elasticityCoef="1" ang="90,0,0" color="0,220,0" radius="0.5" length="4" />
		<capsule pos="-8.049999999999997,-41.25,-1.1499999999999986" vel="0,0,0" mass="1" elasticityCoef="1" ang="90,0,0" color="0,220,0" radius="0.5" length="4" />
		<capsule pos="-8.049999999999997,-41.25,1.1500000000000057" vel="0,0,0" mass="1" elasticityCoef="1" ang="90,0,0" color="0,220,0" radius="0.5" length="4" />
		<capsule pos="-8.049999999999997,-41.25,3.450000000000003" vel="0,0,0" mass="1" elasticityCoef="1" ang="90,0,0" color="0,220,0" radius="0.5" length="4" />
		<capsule pos="-8.049999999999997,-41.25,5.75" vel="0,0,0" mass="1" elasticityCoef="1" ang="90,0,0" color="0,220,0" radius="0.5" length="4" />
		<capsule pos="-8.049999999999997,-41.25,8.050000000000004" vel="0,0,0" mass="1" elasticityCoef="1" ang="90,0,0" color="0,220,0" radius="0.5" length="4" />
		<capsule pos="-8.049999999999997,-41.25,10.350000000000001" vel="0,0,0" mass="1" elasticityCoef="1" ang="90,0,0" color="0,220,0" radius="0.5" length="4" />
		<capsule pos="-8.049999999999997,-41.25,12.650000000000006" vel="0,0,0" mass="1" elasticityCoef="1" ang="90,0,0" color="0,220,0" radius="0.5" length="4" />
		<capsule pos="-8.049999999999997,-41.25,14.950000000000003" vel="0,0,0" mass="1" elasticityCoef="1" ang="90,0,0" color="0,220,0" radius="0.5" length="4" />
		<capsule pos="-8.049999999999997,-41.25,17.25" vel="0,0,0" mass="1" elasticityCoef="1" ang="90,0,0" color="0,220,0" radius="0.5" length="4" />
		<capsule pos="-8.049999999999997,-41.25,19.550000000000004" vel="0,0,0" mass="1" elasticityCoef="1" ang="90,0,0" color="0,220,0" radius="0.5" length="4" />
		<capsule pos="-8.049999999999997,-41.25,21.85" vel="0,0,0" mass="1" elasticityCoef="1" ang="90,0,0" color="0,220,0" radius="0.5" length="4" />
		<capsule pos="-8.049999999999997,-41.25,24.15" vel="0,0,0" mass="1" elasticityCoef="1" ang="90,0,0" color="0,220,0" radius="0.5" length="4" />
		<capsule pos="-8.049999999999997,-41.25,26.450000000000003" vel="0,0,0" mass="1" elasticityCoef="1" ang="90,0,0" color="0,220,0" radius="0.5" length="4" />
		<capsule pos="-8.049999999999997,-41.25,28.75" vel="0,0,0" mass="1" elasticityCoef="1" ang="90,0,0" color="0,220,0" radius="0.5" length="4" />
		<capsule pos="-8.049999999999997,-41.25,31.049999999999997" vel="0,0,0" mass="1" elasticityCoef="1" ang="90,0,0" color="0,220,0" radius="0.5" length="4" />
		<capsule pos="-8.049999999999997,-35.75,-33.349999999999994" vel="0,0,0" mass="1" elasticityCoef="1" ang="90,0,0" color="0,220,0" radius="0.5" length="4" />
		<capsule pos="-8.049999999999997,-35.75,-31.049999999999994" vel="0,0,0" mass="1" elasticityCoef="1" ang="90,0,0" color="0,220,0" radius="0.5" length="4" />
		<capsule pos="-8.049999999999997,-35.75,-28.749999999999993" vel="0,0,0" mass="1" elasticityCoef="1" ang="90,0,0" color="0,220,0" radius="0.5" length="4" />
		<capsule pos="-8.049999999999997,-35.75,-26.449999999999996" vel="0,0,0" mass="1" elasticityCoef="1" ang="90,0,0" color="0,220,0" radius="0.5" length="4" />
		<capsule pos="-8.049999999999997,-35.75,-24.149999999999995" vel="0,0,0" mass="1" elasticityCoef="1" ang="90,0,0" color="0,220,0" radius="0.5" length="4" />
		<capsule pos="-8.049999999999997,-35.75,-21.849999999999994" vel="0,0,0" mass="1" elasticityCoef="1" ang="90,0,0" color="0,220,0" radius="0.5" length="4" />
		<capsule pos="-8.049999999999997,-35.75,-19.549999999999997" vel="0,0,0" mass="1" elasticityCoef="1" ang="90,0,0" color="0,220,0" radius="0.5" length="4" />
		<capsule pos="-8.049999999999997,-35.75,-17.249999999999996" vel="0,0,0" mass="1" elasticityCoef="1" ang="90,0,0" color="0,220,0" radius="0.5" length="4" />
		<capsule pos="-8.049999999999997,-35.75,-14.949999999999996" vel="0,0,0" mass="1" elasticityCoef="1" ang="90,0,0" color="0,220,0" radius="0.5" length="4" />
		<capsule pos="-8.049999999999997,-35.75,-12.649999999999995" vel="0,0,0" mass="1" elasticityCoef="1" ang="90,0,0" color="0,220,0" radius="0.5" length="4" />
		<capsule pos="-8.049999999999997,-35.75,-10.349999999999994" vel="0,0,0" mass="1" elasticityCoef="1" ang="90,0,0" color="0,220,0" radius="0.5" length="4" />
		<capsule pos="-8.049999999999997,-35.75,-8.049999999999997" vel="0,0,0" mass="1" elasticityCoef="1" ang="90,0,0" color="0,220,0" radius="0.5" length="4" />
		<capsule pos="-8.049999999999997,-35.75,-5.7499999999999964" vel="0,0,0" mass="1" elasticityCoef="1" ang="90,0,0" color="0,220,0" radius="0.5" length="4" />
		<capsule pos="-8.049999999999997,-35.75,-3.4499999999999957" vel="0,0,0" mass="1" elasticityCoef="1" ang="90,0,0" color="0,220,0" radius="0.5" length="4" />
		<capsule pos="-8.049999999999997,-35.75,-1.1499999999999986" vel="0,0,0" mass="1" elasticityCoef="1" ang="90,0,0" color="0,220,0" radius="0.5" length="4" />
		<capsule pos="-8.049999999999997,-35.75,1.1500000000000057" vel="0,0,0" mass="1" elasticityCoef="1" ang="90,0,0" color="0,220,0" radius="0.5" length="4" />
		<capsule pos="-8.049999999999997,-35.75,3.450000000000003" vel="0,0,0" mass="1" elasticityCoef="1" ang="90,0,0" color="0,220,0" radius="0.5" length="4" />
		<capsule pos="-8.049999999999997,-35.75,5.75" vel="0,0,0" mass="1" elasticityCoef="1" ang="90,0,0" color="0,220,0" radius="0.5" length="4" />
		<capsule pos="-8.049999999999997,-35.75,8.050000000000004" vel="0,0,0" mass="1" elasticityCoef="1" ang="90,0,0" color="0,220,0" radius="0.5" length="4" />
		<capsule pos="-8.049999999999997,-35.75,10.350000000000001" vel="0,0,0" mass="1" elasticityCoef="1" ang="90,0,0" color="0,220,0" radius="0.5" length="4" />
		<capsule pos="-8.049999999999997,-35.75,12.650000000000006" vel="0,0,0" mass="1" elasticityCoef="1" ang="90,0,0" color="0,220,0" radius="0.5" length="4" />
		<capsule pos="-8.049999999999997,-35.75,14.950000000000003" vel="0,0,0" mass="1" elasticityCoef="1" ang="90,0,0" color="0,220,0" radius="0.5" length="4" />
		<capsule pos="-8.049999999999997,-35.75,17.25" vel="0,0,0" mass="1" elasticityCoef="1" ang="90,0,0" color="0,220,0" radius="0.5" length="4" />
		<capsule pos="-8.049999999999997,-35.75,19.550000000000004" vel="0,0,0" mass="1" elasticityCoef="1" ang="90,0,0" color="0,220,0" radius="0.5" length="4" />
		<capsule pos="-8.049999999999997,-35.75,21.85" vel="0,0,0" mass="1" elasticityCoef="1" ang="90,0,0" color="0,220,0" radius="0.5" length="4" />
		<capsule pos="-8.049999999999997,-35.75,24.15" vel="0,0,0" mass="1" elasticityCoef="1" ang="90,0,0" color="0,220,0" radius="0.5" length="4" />
		<capsule pos="-8.049999999999997,-35.75,26.450000000000003" vel="0,0,0" mass="1" elasticityCoef="1" ang="90,0,0" color="0,220,0" radius="0.5" length="4" />
		<capsule pos="-8.049999999999997,-35.75,28.75" vel="0,0,0" mass="1" elasticityCoef="1" ang="90,0,0" color="0,220,0" radius="0.5" length="4" />
		<capsule pos="-8.049999999999997,-35.75,31.049999999999997" vel="0,0,0" mass="1" elasticityCoef="1" ang="90,0,0" color="0,220,0" radius="0.5" length="4" />
		<capsule pos="-8.049999999999997,-30.25,-33.349999999999994" vel="0,0,0" mass="1" elasticityCoef="1" ang="90,0,0" color="0,220,0" radius="0.5" length="4" />
		<capsule pos="-8.049999999999997,-30.25,-31.049999999999994" vel="0,0,0" mass="1" elasticityCoef="1" ang="90,0,0" color="0,220,0" radius="0.5" length="4" />
		<capsule pos="-8.049999999999997,-30.25,-28.749999999999993" vel="0,0,0" mass="1" elasticityCoef="1" ang="90,0,0" color="0,220,0" radius="0.5" length="4" />
		<capsule pos="-8.049999999999997,-30.25,-26.449999999999996" vel="0,0,0" mass="1" elasticityCoef="1" ang="90,0,0" color="0,220,0" radius="0.5" length="4" />
		<capsule pos="-8.049999999999997,-30.25,-24.149999999999995" vel="0,0,0" mass="1" elasticityCoef="1" ang="90,0,0" color="0,220,0" radius="0.5" length="4" />
		<capsule pos="-8.049999999999997,-30.25,-21.849999999999994" vel="0,0,0" mass="1" elasticityCoef="1" ang="90,0,0" color="0,220,0" radius="0.5" length="4" />
		<capsule pos="-8.049999999999997,-30.25,-19.549999999999997" vel="0,0,0" mass="1" elasticityCoef="1" ang="90,0,0" color="0,220,0" radius="0.5" length="4" />
		<capsule pos="-8.049999999999997,-30.25,-17.249999999999996" vel="0,0,0" mass="1" elasticityCoef="1" ang="90,0,0" color="0,220,0" radius="0.5" length="4" />
		<capsule pos="-8.049999999999997,-30.25,-14.949999999999996" vel="0,0,0" mass="1" elasticityCoef="1" ang="90,0,0" color="0,220,0" radius="0.5" length="4" />
		<capsule pos="-8.049999999999997,-30.25,-12.649999999999995" vel="0,0,0" mass="1" elasticityCoef="1" ang="90,0,0" color="0,220,0" radius="0.5" length="4" />
		<capsule pos="-8.049999999999997,-30.25,-10.349999999999994" vel="0,0,0" mass="1" elasticityCoef="1" ang="90,0,0" color="0,220,0" radius="0.5" length="4" />
		<capsule pos="-8.049999999999997,-30.25,-8.049999999999997" vel="0,0,0" mass="1" elasticityCoef="1" ang="90,0,0" color="0,220,0" radius="0.5" length="4" />
		<capsule pos="-8.049999999999997,-30.25,-5.7499999999999964" vel="0,0,0" mass="1" elasticityCoef="1" ang="90,0,0" color="0,220,0" radius="0.5" length="4" />
		<capsule pos="-8.049999999999997,-30.25,-3.4499999999999957" vel="0,0,0" mass="1" elasticityCoef="1" ang="90,0,0" color="0,220,0" radius="0.5" length="4" />
		<capsule pos="-8.049999999999997,-30.25,-1.1499999999999986" vel="0,0,0" mass="1" elasticityCoef="1" ang="90,0,0" color="0,220,0" radius="0.5" length="4" />
		<capsule pos="-8.049999999999997,-30.25,1.1500000000000057" vel="0,0,0" mass="1" elasticityCoef="1" ang="90,0,0" color="0,220,0" radius="0.5" length="4" />
		<capsule pos="-8.049999999999997,-30.25,3.450000000000003" vel="0,0,0" mass="1" elasticityCoef="1" ang="90,0,0" color="0,220,0" radius="0.5" length="4" />
		<capsule pos="-8.049999999999997,-30.25,5.75" vel="0,0,0" mass="1" elasticityCoef="1" ang="90,0,0" color="0,220,0" radius="0.5" length="4" />
		<capsule pos="-8.049999999999997,-30.25,8.050000000000004" vel="0,0,0" mass="1" elasticityCoef="1" ang="90,0,0" color="0,220,0" radius="0.5" length="4" />
		<capsule pos="-8.049999999999997,-30.25,10.350000000000001" vel="0,0,0" mass="1" elasticityCoef="1" ang="90,0,0" color="0,220,0" radius="0.5" length="4" />
		<capsule pos="-8.049999999999997,-30.25,12.650000000000006" vel="0,0,0" mass="1" elasticityCoef="1" ang="90,0,0" color="0,220,0" radius="0.5" length="4" />
		<capsule pos="-8.049999999999997,-30.25,14.950000000000003" vel="0,0,0" mass="1" elasticityCoef="1" ang="90,0,0" color="0,220,0" radius="0.5" length="4" />
		<capsule pos="-8.049999999999997,-30.25,17.25" vel="0,0,0" mass="1" elasticityCoef="1" ang="90,0,0" color="0,220,0" radius="0.5" length="4" />
		<capsule pos="-8.049999999999997,-30.25,19.550000000000004" vel="0,0,0" mass="1" elasticityCoef="1" ang="90,0,0" color="0,220,0" radius="0.5" length="4" />
		<capsule pos="-8.049999999999997,-30.25,21.85" vel="0,0,0" mass="1" elasticityCoef="1" ang="90,0,0" color="0,220,0" radius="0.5" length="4" />
		<capsule pos="-8.049999999999997,-30.25,24.15" vel="0,0,0" mass="1" elasticityCoef="1" ang="90,0,0" color="0,220,0" radius="0.5" length="4" />
		<capsule pos="-8.049999999999997,-30.25,26.450000000000003" vel="0,0,0" mass="1" elasticityCoef="1" ang="90,0,0" color="0,220,0" radius="0.5" length="4" />
		<capsule pos="-8.049999999999997,-30.25,28.75" vel="0,0,0" mass="1" elasticityCoef="1" ang="90,0,0" color="0,220,0" radius="0.5" length="4" />
		<capsule pos="-8.049999999999997,-30.25,31.049999999999997" vel="0,0,0" mass="1" elasticityCoef="1" ang="90,0,0" color="0,220,0" radius="0.5" length="4" />
		<capsule pos="-8.049999999999997,-24.75,-33.349999999999994" vel="0,0,0" mass="1" elasticityCoef="1" ang="90,0,0" color="0,220,0" radius="0.5" length="4" />
		<capsule pos="-8.049999999999997,-24.75,-31.049999999999994" vel="0,0,0" mass="1" elasticityCoef="1" ang="90,0,0" color="0,220,0" radius="0.5" length="4" />
		<capsule pos="-8.049999999999997,-24.75,-28.749999999999993" vel="0,0,0" mass="1" elasticityCoef="1" ang="90,0,0" color="0,220,0" radius="0.5" length="4" />
		<capsule pos="-8.049999999999997,-24.75,-26.449999999999996" vel="0,0,0" mass="1" elasticityCoef="1" ang="90,0,0" color="0,220,0" radius="0.5" length="4" />
		<capsule pos="-8.049999999999997,-24.75,-24.149999999999995" vel="0,0,0" mass="1" elasticityCoef="1" ang="90,0,0" color="0,220,0" radius="0.5" length="4" />
		<capsule pos="-8.049999999999997,-24.75,-21.849999999999994" vel="0,0,0" mass="1" elasticityCoef="1" ang="90,0,0" color="0,220,0" radius="0.5" length="4" />
		<capsule pos="-8.049999999999997,-24.75,-19.549999999999997" vel="0,0,0" mass="1" elasticityCoef="1" ang="90,0,0" color="0,220,0" radius="0.5" length="4" />
		<capsule pos="-8.049999999999997,-24.75,-17.249999999999996" vel="0,0,0" mass="1" elasticityCoef="1" ang="90,0,0" color="0,220,0" radius="0.5" length="4" />
		<capsule pos="-8.049999999999997,-24.75,-14.949999999999996" vel="0,0,0" mass="1" elasticityCoef="1" ang="90,0,0" color="0,220,0" radius="0.5" length="4" />
		<capsule pos="-8.049999999999997,-24.75,-12.649999999999995" vel="0,0,0" mass="1" elasticityCoef="1" ang="90,0,0" color="0,220,0" radius="0.5" length="4" />
		<capsule pos="-8.049999999999997,-24.75,-10.349999999999994" vel="0,0,0" mass="1" elasticityCoef="1" ang="90,0,0" color="0,220,0" radius="0.5" length="4" />
		<capsule pos="-8.049999999999997,-24.75,-8.049999999999997" vel="0,0,0" mass="1" elasticityCoef="1" ang="90,0,0" color="0,220,0" radius="0.5" length="4" />
		<capsule pos="-8.049999999999997,-24.75,-5.7499999999999964" vel="0,0,0" mass="1" elasticityCoef="1" ang="90,0,0" color="0,220,0" radius="0.5" length="4" />
		<capsule pos="-8.049999999999997,-24.75,-3.4499999999999957" vel="0,0,0" mass="1" elasticityCoef="1" ang="90,0,0" color="0,220,0" radius="0.5" length="4" />
		<capsule pos="-8.049999999999997,-24.75,-1.1499999999999986" vel="0,0,0" mass="1" elasticityCoef="1" ang="90,0,0" color="0,220,0" radius="0.5" length="4" />
		<capsule pos="-8.049999999999997,-24.75,1.1500000000000057" vel="0,0,0" mass="1" elasticityCoef="1" ang="90,0,0" color="0,220,0" radius="0.5" length="4" />
		<capsule pos="-8.049999999999997,-24.75,3.450000000000003" vel="0,0,0" mass="1" elasticityCoef="1" ang="90,0,0" color="0,220,0" radius="0.5" length="4" />
		<capsule pos="-8.049999999999997,-24.75,5.75" vel="0,0,0" mass="1" elasticityCoef="1" ang="90,0,0" color="0,220,0" radius="0.5" length="4" />
		<capsule pos="-8.049999999999997,-24.75,8.050000000000004" vel="0,0,0" mass="1" elasticityCoef="1" ang="90,0,0" color="0,220,0" radius="0.5" length="4" />
		<capsule pos="-8.049999999999997,-24.75,10.350000000000001" vel="0,0,0" mass="1" elasticityCoef="1" ang="90,0,0" color="0,220,0" radius="0.5" length="4" />
		<capsule pos="-8.049999999999997,-24.75,12.650000000000006" vel="0,0,0" mass="1" elasticityCoef="1" ang="90,0,0" color="0,220,0" radius="0.5" length="4" />
		<capsule pos="-8.049999999999997,-24.75,14.950000000000003" vel="0,0,0" mass="1" elasticityCoef="1" ang="90,0,0" color="0,220,0" radius="0.5" length="4" />
		<capsule pos="-8.049999999999997,-24.75,17.25" vel="0,0,0" mass="1" elasticityCoef="1" ang="90,0,0" color="0,220,0" radius="0.5" length="4" />
		<capsule pos="-8.049999999999997,-24.75,19.550000000000004" vel="0,0,0" mass="1" elasticityCoef="1" ang="90,0,0" color="0,220,0" radius="0.5" length="4" />
		<capsule pos="-8.049999999999997,-24.75,21.85" vel="0,0,0" mass="1" elasticityCoef="1" ang="90,0,0" color="0,220,0" radius="0.5" length="4" />
		<capsule pos="-8.049999999999997,-24.75,24.15" vel="0,0,0" mass="1" elasticityCoef="1" ang="90,0,0" color="0,220,0" radius="0.5" length="4" />
		<capsule pos="-8.049999999999997,-24.75,26.450000000000003" vel="0,0,0" mass="1" elasticityCoef="1" ang="90,0,0" color="0,220,0" radius="0.5" length="4" />
		<capsule pos="-8.049999999999997,-24.75,28.75" vel="0,0,0" mass="1" elasticityCoef="1" ang="90,0,0" color="0,220,0" radius="0.5" length="4" />
		<capsule pos="-8.049999999999997,-24.75,31.049999999999997" vel="0,0,0" mass="1" elasticityCoef="1" ang="90,0,0" color="0,220,0" radius="0.5" length="4" />
		<capsule pos="-8.049999999999997,-19.25,-33.349999999999994" vel="0,0,0" mass="1" elasticityCoef="1" ang="90,0,0" color="0,220,0" radius="0.5" length="4" />
		<capsule pos="-8.049999999999997,-19.25,-31.049999999999994" vel="0,0,0" mass="1" elasticityCoef="1" ang="90,0,0" color="0,220,0" radius="0.5" length="4" />
		<capsule pos="-8.049999999999997,-19.25,-28.749999999999993" vel="0,0,0" mass="1" elasticityCoef="1" ang="90,0,0" color="0,220,0" radius="0.5" length="4" />
		<capsule pos="-8.049999999999997,-19.25,-26.449999999999996" vel="0,0,0" mass="1" elasticityCoef="1" ang="90,0,0" color="0,220,0" radius="0.5" length="4" />
		<capsule pos="-8.049999999999997,-19.25,-24.149999999999995" vel="0,0,0" mass="1" elasticityCoef="1" ang="90,0,0" color="0,220,0" radius="0.5" length="4" />
		<capsule pos="-8.049999999999997,-19.25,-21.849999999999994" vel="0,0,0" mass="1" elasticityCoef="1" ang="90,0,0" color="0,220,0" radius="0.5" length="4" />
		<capsule pos="-8.049999999999997,-19.25,-19.549999999999997" vel="0,0,0" mass="1" elasticityCoef="1" ang="90,0,0" color="0,220,0" radius="0.5" length="4" />
		<capsule pos="-8.049999999999997,-19.25,-17.249999999999996" vel="0,0,0" mass="1" elasticityCoef="1" ang="90,0,0" color="0,220,0" radius="0.5" length="4" />
		<capsule pos="-8.049999999999997,-19.25,-14.949999999999996" vel="0,0,0" mass="1" elasticityCoef="1" ang="90,0,0" color="0,220,0" radius="0.5" length="4" />
		<capsule pos="-8.049999999999997,-19.25,-12.649999999999995" vel="0,0,0" mass="1" elasticityCoef="1" ang="90,0,0" color="0,220,0" radius="0.5" length="4" />
		<capsule pos="-8.049999999999997,-19.25,-10.349999999999994" vel="0,0,0" mass="1" elasticityCoef="1" ang="90,0,0" color="0,220,0" radius="0.5" length="4" />
		<capsule pos="-8.049999999999997,-19.25,-8.049999999999997" vel="0,0,0" mass="1" elasticityCoef="1" ang="90,0,0" color="0,220,0" radius="0.5" length="4" />
		<capsule pos="-8.049999999999997,-19.25,-5.7499999999999964" vel="0,0,0" mass="1" elasticityCoef="1" ang="90,0,0" color="0,220,0" radius="0.5" length="4" />
		<capsule pos="-8.049999999999997,-19.25,-3.4499999999999957" vel="0,0,0" mass="1" elasticityCoef="1" ang="90,0,0" color="0,220,0" radius="0.5" length="4" />
		<capsule pos="-8.049999999999997,-19.25,-1.1499999999999986" vel="0,0,0" mass="1" elasticityCoef="1" ang="90,0,0" color="0,220,0" radius="0.5" length="4" />
		<capsule pos="-8.049999999999997,-19.25,1.1500000000000057" vel="0,0,0" mass="1" elasticityCoef="1" ang="90,0,0" color="0,220,0" radius="0.5" length="4" />
		<capsule pos="-8.049999999999997,-19.25,3.450000000000003" vel="0,0,0" mass="1" elasticityCoef="1" ang="90,0,0" color="0,220,0" radius="0.5" length="4" />
		<capsule pos="-8.049999999999997,-19.25,5.75" vel="0,0,0" mass="1" elasticityCoef="1" ang="90,0,0" color="0,220,0" radius="0.5" length="4" />
		<capsule pos="-8.049999999999997,-19.25,8.050000000000004" vel="0,0,0" mass="1" elasticityCoef="1" ang="90,0,0" color="0,220,0" radius="0.5" length="4" />
		<capsule pos="-8.049999999999997,-19.25,10.350000000000001" vel="0,0,0" mass="1" elasticityCoef="1" ang="90,0,0" color="0,220,0" radius="0.5" length="4" />
		<capsule pos="-8.049999999999997,-19.25,12.650000000000006" vel="0,0,0" mass="1" elasticityCoef="1" ang="90,0,0" color="0,220,0" radius="0.5" length="4" />
		<capsule pos="-8.049999999999997,-19.25,14.950000000000003" vel="0,0,0" mass="1" elasticityCoef="1" ang="90,0,0" color="0,220,0" radius="0.5" length="4" />
		<capsule pos="-8.049999999999997,-19.25,17.25" vel="0,0,0" mass="1" elasticityCoef="1" ang="90,0,0" color="0,220,0" radius="0.5" length="4" />
		<capsule pos="-8.049999999999997,-19.25,19.550000000000004" vel="0,0,0" mass="1" elasticityCoef="1" ang="90,0,0" color="0,220,0" radius="0.5" length="4" />
		<capsule pos="-8.049999999999997,-19.25,21.85" vel="0,0,0" mass="1" elasticityCoef="1" ang="90,0,0" color="0,220,0" radius="0.5" length="4" />
		<capsule pos="-8.049999999999997,-19.25,24.15" vel="0,0,0" mass="1" elasticityCoef="1" ang="90,0,0" color="0,220,0" radius="0.5" length="4" />
		<capsule pos="-8.049999999999997,-19.25,26.450000000000003" vel="0,0,0" mass="1" elasticityCoef="1" ang="90,0,0" color="0,220,0" radius="0.5" length="4" />
		<capsule pos="-8.049999999999997,-19.25,28.75" vel="0,0,0" mass="1" elasticityCoef="1" ang="90,0,0" color="0,220,0" radius="0.5" length="4" />
		<capsule pos="-8.049999999999997,-19.25,31.049999999999997" vel="0,0,0" mass="1" elasticityCoef="1" ang="90,0,0" color="0,220,0" radius="0.5" length="4" />
		<capsule pos="-8.049999999999997,-13.75,-33.349999999999994" vel="0,0,0" mass="1" elasticityCoef="1" ang="90,0,0" color="0,220,0" radius="0.5" length="4" />
		<capsule pos="-8.049999999999997,-13.75,-31.049999999999994" vel="0,0,0" mass="1" elasticityCoef="1" ang="90,0,0" color="0,220,0" radius="0.5" length="4" />
		<capsule pos="-8.049999999999997,-13.75,-28.749999999999993" vel="0,0,0" mass="1" elasticityCoef="1" ang="90,0,0" color="0,220,0" radius="0.5" length="4" />
		<capsule pos="-8.049999999999997,-13.75,-26.449999999999996" vel="0,0,0" mass="1" elasticityCoef="1" ang="90,0,0" color="0,220,0" radius="0.5" length="4" />
		<capsule pos="-8.049999999999997,-13.75,-24.149999999999995" vel="0,0,0" mass="1" elasticityCoef="1" ang="90,0,0" color="0,220,0" radius="0.5" length="4" />
		<capsule pos="-8.049999999999997,-13.75,-21.849999999999994" vel="0,0,0" mass="1" elasticityCoef="1" ang="90,0,0" color="0,220,0" radius="0.5" length="4" />
		<capsule pos="-8.049999999999997,-13.75,-19.549999999999997" vel="0,0,0" mass="1" elasticityCoef="1" ang="90,0,0" color="0,220,0" radius="0.5" length="4" />
		<capsule pos="-8.049999999999997,-13.75,-17.249999999999996" vel="0,0,0" mass="1" elasticityCoef="1" ang="90,0,0" color="0,220,0" radius="0.5" length="4" />
		<capsule pos="-8.049999999999997,-13.75,-14.949999999999996" vel="0,0,0" mass="1" elasticityCoef="1" ang="90,0,0" color="0,220,0" radius="0.5" length="4" />
		<capsule pos="-8.049999999999997,-13.75,-12.649999999999995" vel="0,0,0" mass="1" elasticityCoef="1" ang="90,0,0" color="0,220,0" radius="0.5" length="4" />
		<capsule pos="-8.049999999999997,-13.75,-10.349999999999994" vel="0,0,0" mass="1" elasticityCoef="1" ang="90,0,0" color="0,220,0" radius="0.5" length="4" />
		<capsule pos="-8.049999999999997,-13.75,-8.049999999999997" vel="0,0,0" mass="1" elasticityCoef="1" ang="90,0,0" color="0,220,0" radius="0.5" length="4" />
		<capsule pos="-8.049999999999997,-13.75,-5.7499999999999964" vel="0,0,0" mass="1" elasticityCoef="1" ang="90,0,0" color="0,220,0" radius="0.5" length="4" />
		<capsule pos="-8.049999999999997,-13.75,-3.4499999999999957" vel="0,0,0" mass="1" elasticityCoef="1" ang="90,0,0" color="0,220,0" radius="0.5" length="4" />
		<capsule pos="-8.049999999999997,-13.75,-1.1499999999999986" vel="0,0,0" mass="1" elasticityCoef="1" ang="90,0,0" color="0,220,0" radius="0.5" length="4" />
		<capsule pos="-8.049999999999997,-13.75,1.1500000000000057" vel="0,0,0" mass="1" elasticityCoef="1" ang="90,0,0" color="0,220,0" radius="0.5" length="4" />
		<capsule pos="-8.049999999999997,-13.75,3.450000000000003" vel="0,0,0" mass="1" elasticityCoef="1" ang="90,0,0" color="0,220,0" radius="0.5" length="4" />
		<capsule pos="-8.049999999999997,-13.75,5.75" vel="0,0,0" mass="1" elasticityCoef="1" ang="90,0,0" color="0,220,0" radius="0.5" length="4" />
		<capsule pos="-8.049999999999997,-13.75,8.050000000000004" vel="0,0,0" mass="1" elasticityCoef="1" ang="90,0,0" color="0,220,0" radius="0.5" length="4" />
		<capsule pos="-8.049999999999997,-13.75,10.350000000000001" vel="0,0,0" mass="1" elasticityCoef="1" ang="90,0,0" color="0,220,0" radius="0.5" length="4" />
		<capsule pos="-8.049999999999997,-13.75,12.650000000000006" vel="0,0,0" mass="1" elasticityCoef="1" ang="90,0,0" color="0,220,0" radius="0.5" length="4" />
		<capsule pos="-8.049999999999997,-13.75,14.950000000000003" vel="0,0,0" mass="1" elasticityCoef="1" ang="90,0,0" color="0,220,0" radius="0.5" length="4" />
		<capsule pos="-8.049999999999997,-13.75,17.25" vel="0,0,0" mass="1" elasticityCoef="1" ang="90,0,0" color="0,220,0" radius="0.5" length="4" />
		<capsule pos="-8.049999999999997,-13.75,19.550000000000004" vel="0,0,0" mass="1" elasticityCoef="1" ang="90,0,0" color="0,220,0" radius="0.5" length="4" />
		<capsule pos="-8.049999999999997,-13.75,21.85" vel="0,0,0" mass="1" elasticityCoef="1" ang="90,0,0" color="0,220,0" radius="0.5" length="4" />
		<capsule pos="-8.049999999999997,-13.75,24.15" vel="0,0,0" mass="1" elasticityCoef="1" ang="90,0,0" color="0,220,0" radius="0.5" length="4" />
		<capsule pos="-8.049999999999997,-13.75,26.450000000000003" vel="0,0,0" mass="1" elasticityCoef="1" ang="90,0,0" color="0,220,0" radius="0.5" length="4" />
		<capsule pos="-8.049999999999997,-13.75,28.75" vel="0,0,0" mass="1" elasticityCoef="1" ang="90,0,0" color="0,220,0" radius="0.5" length="4" />
		<capsule pos="-8.049999999999997,-13.75,31.049999999999997" vel="0,0,0" mass="1" elasticityCoef="1" ang="90,0,0" color="0,220,0" radius="0.5" length="4" />
		<capsule pos="-8.049999999999997,-8.25,-33.349999999999994" vel="0,0,0" mass="1" elasticityCoef="1" ang="90,0,0" color="0,220,0" radius="0.5" length="4" />
		<capsule pos="-8.049999999999997,-8.25,-31.049999999999994" vel="0,0,0" mass="1" elasticityCoef="1" ang="90,0,0" color="0,220,0" radius="0.5" length="4" />
		<capsule pos="-8.049999999999997,-8.25,-28.749999999999993" vel="0,0,0" mass="1" elasticityCoef="1" ang="90,0,0" color="0,220,0" radius="0.5" length="4" />
		<capsule pos="-8.049999999999997,-8.25,-26.449999999999996" vel="0,0,0" mass="1" elasticityCoef="1" ang="90,0,0" color="0,220,0" radius="0.5" length="4" />
		<capsule pos="-8.049999999999997,-8.25,-24.149999999999995" vel="0,0,0" mass="1" elasticityCoef="1" ang="90,0,0" color="0,220,0" radius="0.5" length="4" />
		<capsule pos="-8.049999999999997,-8.25,-21.849999999999994" vel="0,0,0" mass="1" elasticityCoef="1" ang="90,0,0" color="0,220,0" radius="0.5" length="4" />
		<capsule pos="-8.049999999999997,-8.25,-19.549999999999997" vel="0,0,0" mass="1" elasticityCoef="1" ang="90,0,0" color="0,220,0" radius="0.5" length="4" />
		<capsule pos="-8.049999999999997,-8.25,-17.249999999999996" vel="0,0,0" mass="1" elasticityCoef="1" ang="90,0,0" color="0,220,0" radius="0.5" length="4" />
		<capsule pos="-8.049999999999997,-8.25,-14.949999999999996" vel="0,0,0" mass="1" elasticityCoef="1" ang="90,0,0" color="0,220,0" radius="0.5" length="4" />
		<capsule pos="-8.049999999999997,-8.25,-12.649999999999995" vel="0,0,0" mass="1" elasticityCoef="1" ang="90,0,0" color="0,220,0" radius="0.5" length="4" />
		<capsule pos="-8.049999999999997,-8.25,-10.349999999999994" vel="0,0,0" mass="1" elasticityCoef="1" ang="90,0,0" color="0,220,0" radius="0.5" length="4" />
		<capsule pos="-8.049999999999997,-8.25,-8.049999999999997" vel="0,0,0" mass="1" elasticityCoef="1" ang="90,0,0" color="0,220,0" radius="0.5" length="4" />
		<capsule pos="-8.049999999999997,-8.25,-5.7499999999999964" vel="0,0,0" mass="1" elasticityCoef="1" ang="90,0,0" color="0,220,0" radius="0.5" length="4" />
		<capsule pos="-8.049999999999997,-8.25,-3.4499999999999957" vel="0,0,0" mass="1" elasticityCoef="1" ang="90,0,0" color="0,220,0" radius="0.5" length="4" />
		<capsule pos="-8.049999999999997,-8.25,-1.1499999999999986" vel="0,0,0" mass="1" elasticityCoef="1" ang="90,0,0" color="0,220,0" radius="0.5" length="4" />
		<capsule pos="-8.049999999999997,-8.25,1.1500000000000057" vel="0,0,0" mass="1" elasticityCoef="1" ang="90,0,0" color="0,220,0" radius="0.5" length="4" />
		<capsule pos="-8.049999999999997,-8.25,3.450000000000003" vel="0,0,0" mass="1" elasticityCoef="1" ang="90,0,0" color="0,220,0" radius="0.5" length="4" />
		<capsule pos="-8.049999999999997,-8.25,5.75" vel="0,0,0" mass="1" elasticityCoef="1" ang="90,0,0" color="0,220,0" radius="0.5" length="4" />
		<capsule pos="-8.049999999999997,-8.25,8.050000000000004" vel="0,0,0" mass="1" elasticityCoef="1" ang="90,0,0" color="0,220,0" radius="0.5" length="4" />
		<capsule pos="-8.049999999999997,-8.25,10.350000000000001" vel="0,0,0" mass="1" elasticityCoef="1" ang="90,0,0" color="0,220,0" radius="0.5" length="4" />
		<capsule pos="-8.049999999999997,-8.25,12.650000000000006" vel="0,0,0" mass="1" elasticityCoef="1" ang="90,0,0" color="0,220,0" radius="0.5" length="4" />
		<capsule pos="-8.049999999999997,-8.25,14.950000000000003" vel="0,0,0" mass="1" elasticityCoef="1" ang="90,0,0" color="0,220,0" radius="0.5" length="4" />
		<capsule pos="-8.049999999999997,-8.25,17.25" vel="0,0,0" mass="1" elasticityCoef="1" ang="90,0,0" color="0,220,0" radius="0.5" length="4" />
		<capsule pos="-8.049999999999997,-8.25,19.550000000000004" vel="0,0,0" mass="1" elasticityCoef="1" ang="90,0,0" color="0,220,0" radius="0.5" length="4" />
		<capsule pos="-8.049999999999997,-8.25,21.85" vel="0,0,0" mass="1" elasticityCoef="1" ang="90,0,0" color="0,220,0" radius="0.5" length="4" />
		<capsule pos="-8.049999999999997,-8.25,24.15" vel="0,0,0" mass="1" elasticityCoef="1" ang="90,0,0" color="0,220,0" radius="0.5" length="4" />
		<capsule pos="-8.049999999999997,-8.25,26.450000000000003" vel="0,0,0" mass="1" elasticityCoef="1" ang="90,0,0" color="0,220,0" radius="0.5" length="4" />
		<capsule pos="-8.049999999999997,-8.25,28.75" vel="0,0,0" mass="1" elasticityCoef="1" ang="90,0,0" color="0,220,0" radius="0.5" length="4" />
		<capsule pos="-8.049999999999997,-8.25,31.049999999999997" vel="0,0,0" mass="1" elasticityCoef="1" ang="90,0,0" color="0,220,0" radius="0.5" length="4" />
		<capsule pos="-8.049999999999997,-2.75,-33.349999999999994" vel="0,0,0" mass="1" elasticityCoef="1" ang="90,0,0" color="0,220,0" radius="0.5" length="4" />
		<capsule pos="-8.049999999999997,-2.75,-31.049999999999994" vel="0,0,0" mass="1" elasticityCoef="1" ang="90,0,0" color="0,220,0" radius="0.5" length="4" />
		<capsule pos="-8.049999999999997,-2.75,-28.749999999999993" vel="0,0,0" mass="1" elasticityCoef="1" ang="90,0,0" color="0,220,0" radius="0.5" length="4" />
		<capsule pos="-8.049999999999997,-2.75,-26.449999999999996" vel="0,0,0" mass="1" elasticityCoef="1" ang="90,0,0" color="0,220,0" radius="0.5" length="4" />
		<capsule pos="-8.049999999999997,-2.75,-24.149999999999995" vel="0,0,0" mass="1" elasticityCoef="1" ang="90,0,0" color="0,220,0" radius="0.5" length="4" />
		<capsule pos="-8.049999999999997,-2.75,-21.849999999999994" vel="0,0,0" mass="1" elasticityCoef="1" ang="90,0,0" color="0,220,0" radius="0.5" length="4" />
		<capsule pos="-8.049999999999997,-2.75,-19.549999999999997" vel="0,0,0" mass="1" elasticityCoef="1" ang="90,0,0" color="0,220,0" radius="0.5" length="4" />
		<capsule pos="-8.049999999999997,-2.75,-17.249999999999996" vel="0,0,0" mass="1" elasticityCoef="1" ang="90,0,0" color="0,220,0" radius="0.5" length="4" />
		<capsule pos="-8.049999999999997,-2.75,-14.949999999999996" vel="0,0,0" mass="1" elasticityCoef="1" ang="90,0,0" color="0,220,0" radius="0.5" length="4" />
		<capsule pos="-8.049999999999997,-2.75,-12.649999999999995" vel="0,0,0" mass="1" elasticityCoef="1" ang="90,0,0" color="0,220,0" radius="0.5" length="4" />
		<capsule pos="-8.049999999999997,-2.75,-10.349999999999994" vel="0,0,0" mass="1" elasticityCoef="1" ang="90,0,0" color="0,220,0" radius="0.5" length="4" />
		<capsule pos="-8.049999999999997,-2.75,-8.049999999999997" vel="0,0,0" mass="1" elasticityCoef="1" ang="90,0,0" color="0,220,0" radius="0.5" length="4" />
		<capsule pos="-8.049999999999997,-2.75,-5.7499999999999964" vel="0,0,0" mass="1" elasticityCoef="1" ang="90,0,0" color="0,220,0" radius="0.5" length="4" />
		<capsule pos="-8.049999999999997,-2.75,-3.4499999999999957" vel="0,0,0" mass="1" elasticityCoef="1" ang="90,0,0" color="0,220,0" radius="0.5" length="4" />
		<capsule pos="-8.049999999999997,-2.75,-1.1499999999999986" vel="0,0,0" mass="1" elasticityCoef="1" ang="90,0,0" color="0,220,0" radius="0.5" length="4" />
		<capsule pos="-8.049999999999997,-2.75,1.1500000000000057" vel="0,0,0" mass="1" elasticityCoef="1" ang="90,0,0" color="0,220,0" radius="0.5" length="4" />
		<capsule pos="-8.049999999999997,-2.75,3.450000000000003" vel="0,0,0" mass="1" elasticityCoef="1" ang="90,0,0" color="0,220,0" radius="0.5" length="4" />
		<capsule pos="-8.049999999999997,-2.75,5.75" vel="0,0,0" mass="1" elasticityCoef="1" ang="90,0,0" color="0,220,0" radius="0.5" length="4" />
		<capsule pos="-8.049999999999997,-2.75,8.050000000000004" vel="0,0,0" mass="1" elasticityCoef="1" ang="90,0,0" color="0,220,0" radius="0.5" length="4" />
		<capsule pos="-8.049999999999997,-2.75,10.350000000000001" vel="0,0,0" mass="1" elasticityCoef="1" ang="90,0,0" color="0,220,0" radius="0.5" length="4" />
		<capsule pos="-8.049999999999997,-2.75,12.650000000000006" vel="0,0,0" mass="1" elasticityCoef="1" ang="90,0,0" color="0,220,0" radius="0.5" length="4" />
		<capsule pos="-8.049999999999997,-2.75,14.950000000000003" vel="0,0,0" mass="1" elasticityCoef="1" ang="90,0,0" color="0,220,0" radius="0.5" length="4" />
		<capsule pos="-8.049999999999997,-2.75,17.25" vel="0,0,0" mass="1" elasticityCoef="1" ang="90,0,0" color="0,220,0" radius="0.5" length="4" />
		<capsule pos="-8.049999999999997,-2.75,19.550000000000004" vel="0,0,0" mass="1" elasticityCoef="1" ang="90,0,0" color="0,220,0" radius="0.5" length="4" />
		<capsule pos="-8.049999999999997,-2.75,21.85" vel="0,0,0" mass="1" elasticityCoef="1" ang="90,0,0" color="0,220,0" radius="0.5" length="4" />
		<capsule pos="-8.049999999999997,-2.75,24.15" vel="0,0,0" mass="1" elasticityCoef="1" ang="90,0,0" color="0,220,0" radius="0.5" length="4" />
		<capsule pos="-8.049999999999997,-2.75,26.450000000000003" vel="0,0,0" mass="1" elasticityCoef="1" ang="90,0,0" color="0,220,0" radius="0.5" length="4" />
		<capsule pos="-8.049999999999997,-2.75,28.75" vel="0,0,0" mass="1" elasticityCoef="1" ang="90,0,0" color="0,220,0" radius="0.5" length="4" />
		<capsule pos="-8.049999999999997,-2.75,31.049999999999997" vel="0,0,0" mass="1" elasticityCoef="1" ang="90,0,0" color="0,220,0" radius="0.5" length="4" />
		<capsule pos="-8.049999999999997,2.75,-33.349999999999994" vel="0,0,0" mass="1" elasticityCoef="1" ang="90,0,0" color="0,220,0" radius="0.5" length="4" />
		<capsule pos="-8.049999999999997,2.75,-31.049999999999994" vel="0,0,0" mass="1" elasticityCoef="1" ang="90,0,0" color="0,220,0" radius="0.5" length="4" />
		<capsule pos="-8.049999999999997,2.75,-28.749999999999993" vel="0,0,0" mass="1" elasticityCoef="1" ang="90,0,0" color="0,220,0" radius="0.5" length="4" />
		<capsule pos="-8.049999999999997,2.75,-26.449999999999996" vel="0,0,0" mass="1" elasticityCoef="1" ang="90,0,0" color="0,220,0" radius="0.5" length="4" />
		<capsule pos="-8.049999999999997,2.75,-24.149999999999995" vel="0,0,0" mass="1" elasticityCoef="1" ang="90,0,0" color="0,220,0" radius="0.5" length="4" />
		<capsule pos="-8.049999999999997,2.75,-21.849999999999994" vel="0,0,0" mass="1" elasticityCoef="1" ang="90,0,0" color="0,220,0" radius="0.5" length="4" />
		<capsule pos="-8.049999999999997,2.75,-19.549999999999997" vel="0,0,0" mass="1" elasticityCoef="1" ang="90,0,0" color="0,220,0" radius="0.5" length="4" />
		<capsule pos="-8.049999999999997,2.75,-17.249999999999996" vel="0,0,0" mass="1" elasticityCoef="1" ang="90,0,0" color="0,220,0" radius="0.5" length="4" />
		<capsule pos="-8.049999999999997,2.75,-14.949999999999996" vel="0,0,0" mass="1" elasticityCoef="1" ang="90,0,0" color="0,220,0" radius="0.5" length="4" />
		<capsule pos="-8.049999999999997,2.75,-12.649999999999995" vel="0,0,0" mass="1" elasticityCoef="1" ang="90,0,0" color="0,220,0" radius="0.5" length="4" />
		<capsule pos="-8.049999999999997,2.75,-10.349999999999994" vel="0,0,0" mass="1" elasticityCoef="1" ang="90,0,0" color="0,220,0" radius="0.5" length="4" />
		<capsule pos="-8.049999999999997,2.75,-8.049999999999997" vel="0,0,0" mass="1" elasticityCoef="1" ang="90,0,0" color="0,220,0" radius="0.5" length="4" />
		<capsule pos="-8.049999999999997,2.75,-5.7499999999999964" vel="0,0,0" mass="1" elasticityCoef="1" ang="90,0,0" color="0,220,0" radius="0.5" length="4" />
		<capsule pos="-8.049999999999997,2.75,-3.4499999999999957" vel="0,0,0" mass="1" elasticityCoef="1" ang="90,0,0" color="0,220,0" radius="0.5" length="4" />
		<capsule pos="-8.049999999999997,2.75,-1.1499999999999986" vel="0,0,0" mass="1" elasticityCoef="1" ang="90,0,0" color="0,220,0" radius="0.5" length="4" />
		<capsule pos="-8.049999999999997,2.75,1.1500000000000057" vel="0,0,0" mass="1" elasticityCoef="1" ang="90,0,0" color="0,220,0" radius="0.5" length="4" />
		<capsule pos="-8.049999999999997,2.75,3.450000000000003" vel="0,0,0" mass="1" elasticityCoef="1" ang="90,0,0" color="0,220,0" radius="0.5" length="4" />
		<capsule pos="-8.049999999999997,2.75,5.75" vel="0,0,0" mass="1" elasticityCoef="1" ang="90,0,0" color="0,220,0" radius="0.5" length="4" />
		<capsule pos="-8.049999999999997,2.75,8.050000000000004" vel="0,0,0" mass="1" elasticityCoef="1" ang="90,0,0" color="0,220,0" radius="0.5" length="4" />
		<capsule pos="-8.049999999999997,2.75,10.350000000000001" vel="0,0,0" mass="1" elasticityCoef="1" ang="90,0,0" color="0,220,0" radius="0.5" length="4" />
		<capsule pos="-8.049999999999997,2.75,12.650000000000006" vel="0,0,0" mass="1" elasticityCoef="1" ang="90,0,0" color="0,220,0" radius="0.5" length="4" />
		<capsule pos="-8.049999999999997,2.75,14.950000000000003" vel="0,0,0" mass="1" elasticityCoef="1" ang="90,0,0" color="0,220,0" radius="0.5" length="4" />
		<capsule pos="-8.049999999999997,2.75,17.25" vel="0,0,0" mass="1" elasticityCoef="1" ang="90,0,0" color="0,220,0" radius="0.5" length="4" />
		<capsule pos="-8.049999999999997,2.75,19.550000000000004" vel="0,0,0" mass="1" elasticityCoef="1" ang="90,0,0" color="0,220,0" radius="0.5" length="4" />
		<capsule pos="-8.049999999999997,2.75,21.85" vel="0,0,0" mass="1" elasticityCoef="1" ang="90,0,0" color="0,220,0" radius="0.5" length="4" />
		<capsule pos="-8.049999999999997,2.75,24.15" vel="0,0,0" mass="1" elasticityCoef="1" ang="90,0,0" color="0,220,0" radius="0.5" length="4" />
		<capsule pos="-8.049999999999997,2.75,26.450000000000003" vel="0,0,0" mass="1" elasticityCoef="1" ang="90,0,0" color="0,220,0" radius="0.5" length="4" />
		<capsule pos="-8.049999999999997,2.75,28.75" vel="0,0,0" mass="1" elasticityCoef="1" ang="90,0,0" color="0,220,0" radius="0.5" length="4" />
		<capsule pos="-8.049999999999997,2.75,31.049999999999997" vel="0,0,0" mass="1" elasticityCoef="1" ang="90,0,0" color="0,220,0" radius="0.5" length="4" />
		<capsule pos="-8.049999999999997,8.25,-33.349999999999994" vel="0,0,0" mass="1" elasticityCoef="1" ang="90,0,0" color="0,220,0" radius="0.5" length="4" />
		<capsule pos="-8.049999999999997,8.25,-31.049999999999994" vel="0,0,0" mass="1" elasticityCoef="1" ang="90,0,0" color="0,220,0" radius="0.5" length="4" />
		<capsule pos="-8.049999999999997,8.25,-28.749999999999993" vel="0,0,0" mass="1" elasticityCoef="1" ang="90,0,0" color="0,220,0" radius="0.5" length="4" />
		<capsule pos="-8.049999999999997,8.25,-26.449999999999996" vel="0,0,0" mass="1" elasticityCoef="1" ang="90,0,0" color="0,220,0" radius="0.5" length="4" />
		<capsule pos="-8.049999999999997,8.25,-24.149999999999995" vel="0,0,0" mass="1" elasticityCoef="1" ang="90,0,0" color="0,220,0" radius="0.5" length="4" />
		<capsule pos="-8.049999999999997,8.25,-21.849999999999994" vel="0,0,0" mass="1" elasticityCoef="1" ang="90,0,0" color="0,220,0" radius="0.5" length="4" />
		<capsule pos="-8.049999999999997,8.25,-19.549999999999997" vel="0,0,0" mass="1" elasticityCoef="1" ang="90,0,0" color="0,220,0" radius="0.5" length="4" />
		<capsule pos="-8.049999999999997,8.25,-17.249999999999996" vel="0,0,0" mass="1" elasticityCoef="1" ang="90,0,0" color="0,220,0" radius="0.5" length="4" />
		<capsule pos="-8.049999999999997,8.25,-14.949999999999996" vel="0,0,0" mass="1" elasticityCoef="1" ang="90,0,0" color="0,220,0" radius="0.5" length="4" />
		<capsule pos="-8.049999999999997,8.25,-12.649999999999995" vel="0,0,0" mass="1" elasticityCoef="1" ang="90,0,0" color="0,220,0" radius="0.5" length="4" />
		<capsule pos="-8.049999999999997,8.25,-10.349999999999994" vel="0,0,0" mass="1" elasticityCoef="1" ang="90,0,0" color="0,220,0" radius="0.5" length="4" />
		<capsule pos="-8.049999999999997,8.25,-8.049999999999997" vel="0,0,0" mass="1" elasticityCoef="1" ang="90,0,0" color="0,220,0" radius="0.5" length="4" />
		<capsule pos="-8.049999999999997,8.25,-5.7499999999999964" vel="0,0,0" mass="1" elasticityCoef="1" ang="90,0,0" color="0,220,0" radius="0.5" length="4" />
		<capsule pos="-8.049999999999997,8.25,-3.4499999999999957" vel="0,0,0" mass="1" elasticityCoef="1" ang="90,0,0" color="0,220,0" radius="0.5" length="4" />
		<capsule pos="-8.049999999999997,8.25,-1.1499999999999986" vel="0,0,0" mass="1" elasticityCoef="1" ang="90,0,0" color="0,220,0" radius="0.5" length="4" />
		<capsule pos="-8.049999999999997,8.25,1.1500000000000057" vel="0,0,0" mass="1" elasticityCoef="1" ang="90,0,0" color="0,220,0" radius="0.5" length="4" />
		<capsule pos="-8.049999999999997,8.25,3.450000000000003" vel="0,0,0" mass="1" elasticityCoef="1" ang="90,0,0" color="0,220,0" radius="0.5" length="4" />
		<capsule pos="-8.049999999999997,8.25,5.75" vel="0,0,0" mass="1" elasticityCoef="1" ang="90,0,0" color="0,220,0" radius="0.5" length="4" />
		<capsule pos="-8.049999999999997,8.25,8.050000000000004" vel="0,0,0" mass="1" elasticityCoef="1" ang="90,0,0" color="0,220,0" radius="0.5" length="4" />
		<capsule pos="-8.049999999999997,8.25,10.350000000000001" vel="0,0,0" mass="1" elasticityCoef="1" ang="90,0,0" color="0,220,0" radius="0.5" length="4" />
		<capsule pos="-8.049999999999997,8.25,12.650000000000006" vel="0,0,0" mass="1" elasticityCoef="1" ang="90,0,0" color="0,220,0" radius="0.5" length="4" />
		<capsule pos="-8.049999999999997,8.25,14.950000000000003" vel="0,0,0" mass="1" elasticityCoef="1" ang="90,0,0" color="0,220,0" radius="0.5" length="4" />
		<capsule pos="-8.049999999999997,8.25,17.25" vel="0,0,0" mass="1" elasticityCoef="1" ang="90,0,0" color="0,220,0" radius="0.5" length="4" />
		<capsule pos="-8.049999999999997,8.25,19.550000000000004" vel="0,0,0" mass="1" elasticityCoef="1" ang="90,0,0" color="0,220,0" radius="0.5" length="4" />
		<capsule pos="-8.049999999999997,8.25,21.85" vel="0,0,0" mass="1" elasticityCoef="1" ang="90,0,0" color="0,220,0" radius="0.5" length="4" />
		<capsule pos="-8.049999999999997,8.25,24.15" vel="0,0,0" mass="1" elasticityCoef="1" ang="90,0,0" color="0,220,0" radius="0.5" length="4" />
		<capsule pos="-8.049999999999997,8.25,26.450000000000003" vel="0,0,0" mass="1" elasticityCoef="1" ang="90,0,0" color="0,220,0" radius="0.5" length="4" />
		<capsule pos="-8.049999999999997,8.25,28.75" vel="0,0,0" mass="1" elasticityCoef="1" ang="90,0,0" color="0,220,0" radius="0.5" length="4" />
		<capsule pos="-8.049999999999997,8.25,31.049999999999997" vel="0,0,0" mass="1" elasticityCoef="1" ang="90,0,0" color="0,220,0" radius="0.5" length="4" />
		<capsule pos="-8.049999999999997,13.75,-33.349999999999994" vel="0,0,0" mass="1" elasticityCoef="1" ang="90,0,0" color="0,220,0" radius="0.5" length="4" />
		<capsule pos="-8.049999999999997,13.75,-31.049999999999994" vel="0,0,0" mass="1" elasticityCoef="1" ang="90,0,0" color="0,220,0" radius="0.5" length="4" />
		<capsule pos="-8.049999999999997,13.75,-28.749999999999993" vel="0,0,0" mass="1" elasticityCoef="1" ang="90,0,0" color="0,220,0" radius="0.5" length="4" />
		<capsule pos="-8.049999999999997,13.75,-26.449999999999996" vel="0,0,0" mass="1" elasticityCoef="1" ang="90,0,0" color="0,220,0" radius="0.5" length="4" />
		<capsule pos="-8.049999999999997,13.75,-24.149999999999995" vel="0,0,0" mass="1" elasticityCoef="1" ang="90,0,0" color="0,220,0" radius="0.5" length="4" />
		<capsule pos="-8.049999999999997,13.75,-21.849999999999994" vel="0,0,0" mass="1" elasticityCoef="1" ang="90,0,0" color="0,220,0" radius="0.5" length="4" />
		<capsule pos="-8.049999999999997,13.75,-19.549999999999997" vel="0,0,0" mass="1" elasticityCoef="1" ang="90,0,0" color="0,220,0" radius="0.5" length="4" />
		<capsule pos="-8.049999999999997,13.75,-17.249999999999996" vel="0,0,0" mass="1" elasticityCoef="1" ang="90,0,0" color="0,220,0" radius="0.5" length="4" />
		<capsule pos="-8.049999999999997,13.75,-14.949999999999996" vel="0,0,0" mass="1" elasticityCoef="1" ang="90,0,0" color="0,220,0" radius="0.5" length="4" />
		<capsule pos="-8.049999999999997,13.75,-12.649999999999995" vel="0,0,0" mass="1" elasticityCoef="1" ang="90,0,0" color="0,220,0" radius="0.5" length="4" />
		<capsule pos="-8.049999999999997,13.75,-10.349999999999994" vel="0,0,0" mass="1" elasticityCoef="1" ang="90,0,0" color="0,220,0" radius="0.5" length="4" />
		<capsule pos="-8.049999999999997,13.75,-8.049999999999997" vel="0,0,0" mass="1" elasticityCoef="1" ang="90,0,0" color="0,220,0" radius="0.5" length="4" />
		<capsule pos="-8.049999999999997,13.75,-5.7499999999999964" vel="0,0,0" mass="1" elasticityCoef="1" ang="90,0,0" color="0,220,0" radius="0.5" length="4" />
		<capsule pos="-8.049999999999997,13.75,-3.4499999999999957" vel="0,0,0" mass="1" elasticityCoef="1" ang="90,0,0" color="0,220,0" radius="0.5" length="4" />
		<capsule pos="-8.049999999999997,13.75,-1.1499999999999986" vel="0,0,0" mass="1" elasticityCoef="1" ang="90,0,0" color="0,220,0" radius="0.5" length="4" />
		<capsule pos="-8.049999999999997,13.75,1.1500000000000057" vel="0,0,0" mass="1" elasticityCoef="1" ang="90,0,0" color="0,220,0" radius="0.5" length="4" />
		<capsule pos="-8.049999999999997,13.75,3.450000000000003" vel="0,0,0" mass="1" elasticityCoef="1" ang="90,0,0" color="0,220,0" radius="0.5" length="4" />
		<capsule pos="-8.049999999999997,13.75,5.75" vel="0,0,0" mass="1" elasticityCoef="1" ang="90,0,0" color="0,220,0" radius="0.5" length="4" />
		<capsule pos="-8.049999999999997,13.75,8.050000000000004" vel="0,0,0" mass="1" elasticityCoef="1" ang="90,0,0" color="0,220,0" radius="0.5" length="4" />
		<capsule pos="-8.049999999999997,13.75,10.350000000000001" vel="0,0,0" mass="1" elasticityCoef="1" ang="90,0,0" color="0,220,0" radius="0.5" length="4" />
		<capsule pos="-8.049999999999997,13.75,12.650000000000006" vel="0,0,0" mass="1" elasticityCoef="1" ang="90,0,0" color="0,220,0" radius="0.5" length="4" />
		<capsule pos="-8.049999999999997,13.75,14.950000000000003" vel="0,0,0" mass="1" elasticityCoef="1" ang="90,0,0" color="0,220,0" radius="0.5" length="4" />
		<capsule pos="-8.049999999999997,13.75,17.25" vel="0,0,0" mass="1" elasticityCoef="1" ang="90,0,0" color="0,220,0" radius="0.5" length="4" />
		<capsule pos="-8.049999999999997,13.75,19.550000000000004" vel="0,0,0" mass="1" elasticityCoef="1" ang="90,0,0" color="0,220,0" radius="0.5" length="4" />
		<capsule pos="-8.049999999999997,13.75,21.85" vel="0,0,0" mass="1" elasticityCoef="1" ang="90,0,0" color="0,220,0" radius="0.5" length="4" />
		<capsule pos="-8.049999999999997,13.75,24.15" vel="0,0,0" mass="1" elasticityCoef="1" ang="90,0,0" color="0,220,0" radius="0.5" length="4" />
		<capsule pos="-8.049999999999997,13.75,26.450000000000003" vel="0,0,0" mass="1" elasticityCoef="1" ang="90,0,0" color="0,220,0" radius="0.5" length="4" />
		<capsule pos="-8.049999999999997,13.75,28.75" vel="0,0,0" mass="1" elasticityCoef="1" ang="90,0,0" color="0,220,0" radius="0.5" length="4" />
		<capsule pos="-8.049999999999997,13.75,31.049999999999997" vel="0,0,0" mass="1" elasticityCoef="1" ang="90,0,0" color="0,220,0" radius="0.5" length="4" />
		<capsule pos="-8.049999999999997,19.25,-33.349999999999994" vel="0,0,0" mass="1" elasticityCoef="1" ang="90,0,0" color="0,220,0" radius="0.5" length="4" />
		<capsule pos="-8.049999999999997,19.25,-31.049999999999994" vel="0,0,0" mass="1" elasticityCoef="1" ang="90,0,0" color="0,220,0" radius="0.5" length="4" />
		<capsule pos="-8.049999999999997,19.25,-28.749999999999993" vel="0,0,0" mass="1" elasticityCoef="1" ang="90,0,0" color="0,220,0" radius="0.5" length="4" />
		<capsule pos="-8.049999999999997,19.25,-26.449999999999996" vel="0,0,0" mass="1" elasticityCoef="1" ang="90,0,0" color="0,220,0" radius="0.5" length="4" />
		<capsule pos="-8.049999999999997,19.25,-24.149999999999995" vel="0,0,0" mass="1" elasticityCoef="1" ang="90,0,0" color="0,220,0" radius="0.5" length="4" />
		<capsule pos="-8.049999999999997,19.25,-21.849999999999994" vel="0,0,0" mass="1" elasticityCoef="1" ang="90,0,0" color="0,220,0" radius="0.5" length="4" />
		<capsule pos="-8.049999999999997,19.25,-19.549999999999997" vel="0,0,0" mass="1" elasticityCoef="1" ang="90,0,0" color="0,220,0" radius="0.5" length="4" />
		<capsule pos="-8.049999999999997,19.25,-17.249999999999996" vel="0,0,0" mass="1" elasticityCoef="1" ang="90,0,0" color="0,220,0" radius="0.5" length="4" />
		<capsule pos="-8.049999999999997,19.25,-14.949999999999996" vel="0,0,0" mass="1" elasticityCoef="1" ang="90,0,0" color="0,220,0" radius="0.5" length="4" />
		<capsule pos="-8.049999999999997,19.25,-12.649999999999995" vel="0,0,0" mass="1" elasticityCoef="1" ang="90,0,0" color="0,220,0" radius="0.5" length="4" />
		<capsule pos="-8.049999999999997,19.25,-10.349999999999994" vel="0,0,0" mass="1" elasticityCoef="1" ang="90,0,0" color="0,220,0" radius="0.5" length="4" />
		<capsule pos="-8.049999999999997,19.25,-8.049999999999997" vel="0,0,0" mass="1" elasticityCoef="1" ang="90,0,0" color="0,220,0" radius="0.5" length="4" />
		<capsule pos="-8.049999999999997,19.25,-5.7499999999999964" vel="0,0,0" mass="1" elasticityCoef="1" ang="90,0,0" color="0,220,0" radius="0.5" length="4" />
		<capsule pos="-8.049999999999997,19.25,-3.4499999999999957" vel="0,0,0" mass="1" elasticityCoef="1" ang="90,0,0" color="0,220,0" radius="0.5" length="4" />
		<capsule pos="-8.049999999999997,19.25,-1.1499999999999986" vel="0,0,0" mass="1" elasticityCoef="1" ang="90,0,0" color="0,220,0" radius="0.5" length="4" />
		<capsule pos="-8.049999999999997,19.25,1.1500000000000057" vel="0,0,0" mass="1" elasticityCoef="1" ang="90,0,0" color="0,220,0" radius="0.5" length="4" />
		<capsule pos="-8.049999999999997,19.25,3.450000000000003" vel="0,0,0" mass="1" elasticityCoef="1" ang="90,0,0" color="0,220,0" radius="0.5" length="4" />
		<capsule pos="-8.049999999999997,19.25,5.75" vel="0,0,0" mass="1" elasticityCoef="1" ang="90,0,0" color="0,220,0" radius="0.5" length="4" />
		<capsule pos="-8.049999999999997,19.25,8.050000000000004" vel="0,0,0" mass="1" elasticityCoef="1" ang="90,0,0" color="0,220,0" radius="0.5" length="4" />
		<capsule pos="-8.049999999999997,19.25,10.350000000000001" vel="0,0,0" mass="1" elasticityCoef="1" ang="90,0,0" color="0,220,0" radius="0.5" length="4" />
		<capsule pos="-8.049999999999997,19.25,12.650000000000006" vel="0,0,0" mass="1" elasticityCoef="1" ang="90,0,0" color="0,220,0" radius="0.5" length="4" />
		<capsule pos="-8.049999999999997,19.25,14.950000000000003" vel="0,0,0" mass="1" elasticityCoef="1" ang="90,0,0" color="0,220,0" radius="0.5" length="4" />
		<capsule pos="-8.049999999999997,19.25,17.25" vel="0,0,0" mass="1" elasticityCoef="1" ang="90,0,0" color="0,220,0" radius="0.5" length="4" />
		<capsule pos="-8.049999999999997,19.25,19.550000000000004" vel="0,0,0" mass="1" elasticityCoef="1" ang="90,0,0" color="0,220,0" radius="0.5" length="4" />
		<capsule pos="-8.049999999999997,19.25,21.85" vel="0,0,0" mass="1" elasticityCoef="1" ang="90,0,0" color="0,220,0" radius="0.5" length="4" />
		<capsule pos="-8.049999999999997,19.25,24.15" vel="0,0,0" mass="1" elasticityCoef="1" ang="90,0,0" color="0,220,0" radius="0.5" length="4" />
		<capsule pos="-8.049999999999997,19.25,26.450000000000003" vel="0,0,0" mass="1" elasticityCoef="1" ang="90,0,0" color="0,220,0" radius="0.5" length="4" />
		<capsule pos="-8.049999999999997,19.25,28.75" vel="0,0,0" mass="1" elasticityCoef="1" ang="90,0,0" color="0,220,0" radius="0.5" length="4" />
		<capsule pos="-8.049999999999997,19.25,31.049999999999997" vel="0,0,0" mass="1" elasticityCoef="1" ang="90,0,0" color="0,220,0" radius="0.5" length="4" />
		<capsule pos="-8.049999999999997,24.75,-33.349999999999994" vel="0,0,0" mass="1" elasticityCoef="1" ang="90,0,0" color="0,220,0" radius="0.5" length="4" />
		<capsule pos="-8.049999999999997,24.75,-31.049999999999994" vel="0,0,0" mass="1" elasticityCoef="1" ang="90,0,0" color="0,220,0" radius="0.5" length="4" />
		<capsule pos="-8.049999999999997,24.75,-28.749999999999993" vel="0,0,0" mass="1" elasticityCoef="1" ang="90,0,0" color="0,220,0" radius="0.5" length="4" />
		<capsule pos="-8.049999999999997,24.75,-26.449999999999996" vel="0,0,0" mass="1" elasticityCoef="1" ang="90,0,0" color="0,220,0" radius="0.5" length="4" />
		<capsule pos="-8.049999999999997,24.75,-24.149999999999995" vel="0,0,0" mass="1" elasticityCoef="1" ang="90,0,0" color="0,220,0" radius="0.5" length="4" />
		<capsule pos="-8.049999999999997,24.75,-21.849999999999994" vel="0,0,0" mass="1" elasticityCoef="1" ang="90,0,0" color="0,220,0" radius="0.5" length="4" />
		<capsule pos="-8.049999999999997,24.75,-19.549999999999997" vel="0,0,0" mass="1" elasticityCoef="1" ang="90,0,0" color="0,220,0" radius="0.5" length="4" />
		<capsule pos="-8.049999999999997,24.75,-17.249999999999996" vel="0,0,0" mass="1" elasticityCoef="1" ang="90,0,0" color="0,220,0" radius="0.5" length="4" />
		<capsule pos="-8.049999999999997,24.75,-14.949999999999996" vel="0,0,0" mass="1" elasticityCoef="1" ang="90,0,0" color="0,220,0" radius="0.5" length="4" />
		<capsule pos="-8.049999999999997,24.75,-12.649999999999995" vel="0,0,0" mass="1" elasticityCoef="1" ang="90,0,0" color="0,220,0" radius="0.5" length="4" />
		<capsule pos="-8.049999999999997,24.75,-10.349999999999994" vel="0,0,0" mass="1" elasticityCoef="1" ang="90,0,0" color="0,220,0" radius="0.5" length="4" />
		<capsule pos="-8.049999999999997,24.75,-8.049999999999997" vel="0,0,0" mass="1" elasticityCoef="1" ang="90,0,0" color="0,220,0" radius="0.5" length="4" />
		<capsule pos="-8.049999999999997,24.75,-5.7499999999999964" vel="0,0,0" mass="1" elasticityCoef="1" ang="90,0,0" color="0,220,0" radius="0.5" length="4" />
		<capsule pos="-8.049999999999997,24.75,-3.4499999999999957" vel="0,0,0" mass="1" elasticityCoef="1" ang="90,0,0" color="0,220,0" radius="0.5" length="4" />
		<capsule pos="-8.049999999999997,24.75,-1.1499999999999986" vel="0,0,0" mass="1" elasticityCoef="1" ang="90,0,0" color="0,220,0" radius="0.5" length="4" />
		<capsule pos="-8.049999999999997,24.75,1.1500000000000057" vel="0,0,0" mass="1" elasticityCoef="1" ang="90,0,0" color="0,220,0" radius="0.5" length="4" />
		<capsule pos="-8.049999999999997,24.75,3.450000000000003" vel="0,0,0" mass="1" elasticityCoef="1" ang="90,0,0" color="0,220,0" radius="0.5" length="4" />
		<capsule pos="-8.049999999999997,24.75,5.75" vel="0,0,0" mass="1" elasticityCoef="1" ang="90,0,0" color="0,220,0" radius="0.5" length="4" />
		<capsule pos="-8.049999999999997,24.75,8.050000000000004" vel="0,0,0" mass="1" elasticityCoef="1" ang="90,0,0" color="0,220,0" radius="0.5" length="4" />
		<capsule pos="-8.049999999999997,24.75,10.350000000000001" vel="0,0,0" mass="1" elasticityCoef="1" ang="90,0,0" color="0,220,0" radius="0.5" length="4" />
		<capsule pos="-8.049999999999997,24.75,12.650000000000006" vel="0,0,0" mass="1" elasticityCoef="1" ang="90,0,0" color="0,220,0" radius="0.5" length="4" />
		<capsule pos="-8.049999999999997,24.75,14.950000000000003" vel="0,0,0" mass="1" elasticityCoef="1" ang="90,0,0" color="0,220,0" radius="0.5" length="4" />
		<capsule pos="-8.049999999999997,24.75,17.25" vel="0,0,0" mass="1" elasticityCoef="1" ang="90,0,0" color="0,220,0" radius="0.5" length="4" />
		<capsule pos="-8.049999999999997,24.75,19.550000000000004" vel="0,0,0" mass="1" elasticityCoef="1" ang="90,0,0" color="0,220,0" radius="0.5" length="4" />
		<capsule pos="-8.049999999999997,24.75,21.85" vel="0,0,0" mass="1" elasticityCoef="1" ang="90,0,0" color="0,220,0" radius="0.5" length="4" />
		<capsule pos="-8.049999999999997,24.75,24.15" vel="0,0,0" mass="1" elasticityCoef="1" ang="90,0,0" color="0,220,0" radius="0.5" length="4" />
		<capsule pos="-8.049999999999997,24.75,26.450000000000003" vel="0,0,0" mass="1" elasticityCoef="1" ang="90,0,0" color="0,220,0" radius="0.5" length="4" />
		<capsule pos="-8.049999999999997,24.75,28.75" vel="0,0,0" mass="1" elasticityCoef="1" ang="90,0,0" color="0,220,0" radius="0.5" length="4" />
		<capsule pos="-8.049999999999997,24.75,31.049999999999997" vel="0,0,0" mass="1" elasticityCoef="1" ang="90,0,0" color="0,220,0" radius="0.5" length="4" />
		<capsule pos="-8.049999999999997,30.25,-33.349999999999994" vel="0,0,0" mass="1" elasticityCoef="1" ang="90,0,0" color="0,220,0" radius="0.5" length="4" />
		<capsule pos="-8.049999999999997,30.25,-31.049999999999994" vel="0,0,0" mass="1" elasticityCoef="1" ang="90,0,0" color="0,220,0" radius="0.5" length="4" />
		<capsule pos="-8.049999999999997,30.25,-28.749999999999993" vel="0,0,0" mass="1" elasticityCoef="1" ang="90,0,0" color="0,220,0" radius="0.5" length="4" />
		<capsule pos="-8.049999999999997,30.25,-26.449999999999996" vel="0,0,0" mass="1" elasticityCoef="1" ang="90,0,0" color="0,220,0" radius="0.5" length="4" />
		<capsule pos="-8.049999999999997,30.25,-24.149999999999995" vel="0,0,0" mass="1" elasticityCoef="1" ang="90,0,0" color="0,220,0" radius="0.5" length="4" />
		<capsule pos="-8.049999999999997,30.25,-21.849999999999994" vel="0,0,0" mass="1" elasticityCoef="1" ang="90,0,0" color="0,220,0" radius="0.5" length="4" />
		<capsule pos="-8.049999999999997,30.25,-19.549999999999997" vel="0,0,0" mass="1" elasticityCoef="1" ang="90,0,0" color="0,220,0" radius="0.5" length="4" />
		<capsule pos="-8.049999999999997,30.25,-17.249999999999996" vel="0,0,0" mass="1" elasticityCoef="1" ang="90,0,0" color="0,220,0" radius="0.5" length="4" />
		<capsule pos="-8.049999999999997,30.25,-14.949999999999996" vel="0,0,0" mass="1" elasticityCoef="1" ang="90,0,0" color="0,220,0" radius="0.5" length="4" />
		<capsule pos="-8.049999999999997,30.25,-12.649999999999995" vel="0,0,0" mass="1" elasticityCoef="1" ang="90,0,0" color="0,220,0" radius="0.5" length="4" />
		<capsule pos="-8.049999999999997,30.25,-10.349999999999994" vel="0,0,0" mass="1" elasticityCoef="1" ang="90,0,0" color="0,220,0" radius="0.5" length="4" />
		<capsule pos="-8.049999999999997,30.25,-8.049999999999997" vel="0,0,0" mass="1" elasticityCoef="1" ang="90,0,0" color="0,220,0" radius="0.5" length="4" />
		<capsule pos="-8.049999999999997,30.25,-5.7499999999999964" vel="0,0,0" mass="1" elasticityCoef="1" ang="90,0,0" color="0,220,0" radius="0.5" length="4" />
		<capsule pos="-8.049999999999997,30.25,-3.4499999999999957" vel="0,0,0" mass="1" elasticityCoef="1" ang="90,0,0" color="0,220,0" radius="0.5" length="4" />
		<capsule pos="-8.049999999999997,30.25,-1.1499999999999986" vel="0,0,0" mass="1" elasticityCoef="1" ang="90,0,0" color="0,220,0" radius="0.5" length="4" />
		<capsule pos="-8.049999999999997,30.25,1.1500000000000057" vel="0,0,0" mass="1" elasticityCoef="1" ang="90,0,0" color="0,220,0" radius="0.5" length="4" />
		<capsule pos="-8.049999999999997,30.25,3.450000000000003" vel="0,0,0" mass="1" elasticityCoef="1" ang="90,0,0" color="0,220,0" radius="0.5" length="4" />
		<capsule pos="-8.049999999999997,30.25,5.75" vel="0,0,0" mass="1" elasticityCoef="1" ang="90,0,0" color="0,220,0" radius="0.5" length="4" />
		<capsule pos="-8.049999999999997,30.25,8.050000000000004" vel="0,0,0" mass="1" elasticityCoef="1" ang="90,0,0" color="0,220,0" radius="0.5" length="4" />
		<capsule pos="-8.049999999999997,30.25,10.350000000000001" vel="0,0,0" mass="1" elasticityCoef="1" ang="90,0,0" color="0,220,0" radius="0.5" length="4" />
		<capsule pos="-8.049999999999997,30.25,12.650000000000006" vel="0,0,0" mass="1" elasticityCoef="1" ang="90,0,0" color="0,220,0" radius="0.5" length="4" />
		<capsule pos="-8.049999999999997,30.25,14.950000000000003" vel="0,0,0" mass="1" elasticityCoef="1" ang="90,0,0" color="0,220,0" radius="0.5" length="4" />
		<capsule pos="-8.049999999999997,30.25,17.25" vel="0,0,0" mass="1" elasticityCoef="1" ang="90,0,0" color="0,220,0" radius="0.5" length="4" />
		<capsule pos="-8.049999999999997,30.25,19.550000000000004" vel="0,0,0" mass="1" elasticityCoef="1" ang="90,0,0" color="0,220,0" radius="0.5" length="4" />
		<capsule pos="-8.049999999999997,30.25,21.85" vel="0,0,0" mass="1" elasticityCoef="1" ang="90,0,0" color="0,220,0" radius="0.5" length="4" />
		<capsule pos="-8.049999999999997,30.25,24.15" vel="0,0,0" mass="1" elasticityCoef="1" ang="90,0,0" color="0,220,0" radius="0.5" length="4" />
		<capsule pos="-8.049999999999997,30.25,26.450000000000003" vel="0,0,0" mass="1" elasticityCoef="1" ang="90,0,0" color="0,220,0" radius="0.5" length="4" />
		<capsule pos="-8.049999999999997,30.25,28.75" vel="0,0,0" mass="1" elasticityCoef="1" ang="90,0,0" color="0,220,0" radius="0.5" length="4" />
		<capsule pos="-8.049999999999997,30.25,31.049999999999997" vel="0,0,0" mass="1" elasticityCoef="1" ang="90,0,0" color="0,220,0" radius="0.5" length="4" />
		<capsule pos="-8.049999999999997,35.75,-33.349999999999994" vel="0,0,0" mass="1" elasticityCoef="1" ang="90,0,0" color="0,220,0" radius="0.5" length="4" />
		<capsule pos="-8.049999999999997,35.75,-31.049999999999994" vel="0,0,0" mass="1" elasticityCoef="1" ang="90,0,0" color="0,220,0" radius="0.5" length="4" />
		<capsule pos="-8.049999999999997,35.75,-28.749999999999993" vel="0,0,0" mass="1" elasticityCoef="1" ang="90,0,0" color="0,220,0" radius="0.5" length="4" />
		<capsule pos="-8.049999999999997,35.75,-26.449999999999996" vel="0,0,0" mass="1" elasticityCoef="1" ang="90,0,0" color="0,220,0" radius="0.5" length="4" />
		<capsule pos="-8.049999999999997,35.75,-24.149999999999995" vel="0,0,0" mass="1" elasticityCoef="1" ang="90,0,0" color="0,220,0" radius="0.5" length="4" />
		<capsule pos="-8.049999999999997,35.75,-21.849999999999994" vel="0,0,0" mass="1" elasticityCoef="1" ang="90,0,0" color="0,220,0" radius="0.5" length="4" />
		<capsule pos="-8.049999999999997,35.75,-19.549999999999997" vel="0,0,0" mass="1" elasticityCoef="1" ang="90,0,0" color="0,220,0" radius="0.5" length="4" />
		<capsule pos="-8.049999999999997,35.75,-17.249999999999996" vel="0,0,0" mass="1" elasticityCoef="1" ang="90,0,0" color="0,220,0" radius="0.5" length="4" />
		<capsule pos="-8.049999999999997,35.75,-14.949999999999996" vel="0,0,0" mass="1" elasticityCoef="1" ang="90,0,0" color="0,220,0" radius="0.5" length="4" />
		<capsule pos="-8.049999999999997,35.75,-12.649999999999995" vel="0,0,0" mass="1" elasticityCoef="1" ang="90,0,0" color="0,220,0" radius="0.5" length="4" />
		<capsule pos="-8.049999999999997,35.75,-10.349999999999994" vel="0,0,0" mass="1" elasticityCoef="1" ang="90,0,0" color="0,220,0" radius="0.5" length="4" />
		<capsule pos="-8.049999999999997,35.75,-8.049999999999997" vel="0,0,0" mass="1" elasticityCoef="1" ang="90,0,0" color="0,220,0" radius="0.5" length="4" />
		<capsule pos="-8.049999999999997,35.75,-5.7499999999999964" vel="0,0,0" mass="1" elasticityCoef="1" ang="90,0,0" color="0,220,0" radius="0.5" length="4" />
		<capsule pos="-8.049999999999997,35.75,-3.4499999999999957" vel="0,0,0" mass="1" elasticityCoef="1" ang="90,0,0" color="0,220,0" radius="0.5" length="4" />
		<capsule pos="-8.049999999999997,35.75,-1.1499999999999986" vel="0,0,0" mass="1" elasticityCoef="1" ang="90,0,0" color="0,220,0" radius="0.5" length="4" />
		<capsule pos="-8.049999999999997,35.75,1.1500000000000057" vel="0,0,0" mass="1" elasticityCoef="1" ang="90,0,0" color="0,220,0" radius="0.5" length="4" />
		<capsule pos="-8.049999999999997,35.75,3.450000000000003" vel="0,0,0" mass="1" elasticityCoef="1" ang="90,0,0" color="0,220,0" radius="0.5" length="4" />
		<capsule pos="-8.049999999999997,35.75,5.75" vel="0,0,0" mass="1" elasticityCoef="1" ang="90,0,0" color="0,220,0" radius="0.5" length="4" />
		<capsule pos="-8.049999999999997,35.75,8.050000000000004" vel="0,0,0" mass="1" elasticityCoef="1" ang="90,0,0" color="0,220,0" radius="0.5" length="4" />
		<capsule pos="-8.049999999999997,35.75,10.350000000000001" vel="0,0,0" mass="1" elasticityCoef="1" ang="90,0,0" color="0,220,0" radius="0.5" length="4" />
		<capsule pos="-8.049999999999997,35.75,12.650000000000006" vel="0,0,0" mass="1" elasticityCoef="1" ang="90,0,0" color="0,220,0" radius="0.5" length="4" />
		<capsule pos="-8.049999999999997,35.75,14.950000000000003" vel="0,0,0" mass="1" elasticityCoef="1" ang="90,0,0" color="0,220,0" radius="0.5" length="4" />
		<capsule pos="-8.049999999999997,35.75,17.25" vel="0,0,0" mass="1" elasticityCoef="1" ang="90,0,0" color="0,220,0" radius="0.5" length="4" />
		<capsule pos="-8.049999999999997,35.75,19.550000000000004" vel="0,0,0" mass="1" elasticityCoef="1" ang="90,0,0" color="0,220,0" radius="0.5" length="4" />
		<capsule pos="-8.049999999999997,35.75,21.85" vel="0,0,0" mass="1" elasticityCoef="1" ang="90,0,0" color="0,220,0" radius="0.5" length="4" />
		<capsule pos="-8.049999999999997,35.75,24.15" vel="0,0,0" mass="1" elasticityCoef="1" ang="90,0,0" color="0,220,0" radius="0.5" length="4" />
		<capsule pos="-8.049999999999997,35.75,26.450000000000003" vel="0,0,0" mass="1" elasticityCoef="1" ang="90,0,0" color="0,220,0" radius="0.5" length="4" />
		<capsule pos="-8.049999999999997,35.75,28.75" vel="0,0,0" mass="1" elasticityCoef="1" ang="90,0,0" color="0,220,0" radius="0.5" length="4" />
		<capsule pos="-8.049999999999997,35.75,31.049999999999997" vel="0,0,0" mass="1" elasticityCoef="1" ang="90,0,0" color="0,220,0" radius="0.5" length="4" />
		<capsule pos="-5.7499999999999964,-41.25,-33.349999999999994" vel="0,0,0" mass="1" elasticityCoef="1" ang="90,0,0" color="0,220,0" radius="0.5" length="4" />
		<capsule pos="-5.7499999999999964,-41.25,-31.049999999999994" vel="0,0,0" mass="1" elasticityCoef="1" ang="90,0,0" color="0,220,0" radius="0.5" length="4" />
		<capsule pos="-5.7499999999999964,-41.25,-28.749999999999993" vel="0,0,0" mass="1" elasticityCoef="1" ang="90,0,0" color="0,220,0" radius="0.5" length="4" />
		<capsule pos="-5.7499999999999964,-41.25,-26.449999999999996" vel="0,0,0" mass="1" elasticityCoef="1" ang="90,0,0" color="0,220,0" radius="0.5" length="4" />
		<capsule pos="-5.7499999999999964,-41.25,-24.149999999999995" vel="0,0,0" mass="1" elasticityCoef="1" ang="90,0,0" color="0,220,0" radius="0.5" length="4" />
		<capsule pos="-5.7499999999999964,-41.25,-21.849999999999994" vel="0,0,0" mass="1" elasticityCoef="1" ang="90,0,0" color="0,220,0" radius="0.5" length="4" />
		<capsule pos="-5.7499999999999964,-41.25,-19.549999999999997" vel="0,0,0" mass="1" elasticityCoef="1" ang="90,0,0" color="0,220,0" radius="0.5" length="4" />
		<capsule pos="-5.7499999999999964,-41.25,-17.249999999999996" vel="0,0,0" mass="1" elasticityCoef="1" ang="90,0,0" color="0,220,0" radius="0.5" length="4" />
		<capsule pos="-5.7499999999999964,-41.25,-14.949999999999996" vel="0,0,0" mass="1" elasticityCoef="1" ang="90,0,0" color="0,220,0" radius="0.5" length="4" />
		<capsule pos="-5.7499999999999964,-41.25,-12.649999999999995" vel="0,0,0" mass="1" elasticityCoef="1" ang="90,0,0" color="0,220,0" radius="0.5" length="4" />
		<capsule pos="-5.7499999999999964,-41.25,-10.349999999999994" vel="0,0,0" mass="1" elasticityCoef="1" ang="90,0,0" color="0,220,0" radius="0.5" length="4" />
		<capsule pos="-5.7499999999999964,-41.25,-8.049999999999997" vel="0,0,0" mass="1" elasticityCoef="1" ang="90,0,0" color="0,220,0" radius="0.5" length="4" />
		<capsule pos="-5.7499999999999964,-41.25,-5.7499999999999964" vel="0,0,0" mass="1" elasticityCoef="1" ang="90,0,0" color="0,220,0" radius="0.5" length="4" />
		<capsule pos="-5.7499999999999964,-41.25,-3.4499999999999957" vel="0,0,0" mass="1" elasticityCoef="1" ang="90,0,0" color="0,220,0" radius="0.5" length="4" />
		<capsule pos="-5.7499999999999964,-41.25,-1.1499999999999986" vel="0,0,0" mass="1" elasticityCoef="1" ang="90,0,0" color="0,220,0" radius="0.5" length="4" />
		<capsule pos="-5.7499999999999964,-41.25,1.1500000000000057" vel="0,0,0" mass="1" elasticityCoef="1" ang="90,0,0" color="0,220,0" radius="0.5" length="4" />
		<capsule pos="-5.7499999999999964,-41.25,3.450000000000003" vel="0,0,0" mass="1" elasticityCoef="1" ang="90,0,0" color="0,220,0" radius="0.5" length="4" />
		<capsule pos="-5.7499999999999964,-41.25,5.75" vel="0,0,0" mass="1" elasticityCoef="1" ang="90,0,0" color="0,220,0" radius="0.5" length="4" />
		<capsule pos="-5.7499999999999964,-41.25,8.050000000000004" vel="0,0,0" mass="1" elasticityCoef="1" ang="90,0,0" color="0,220,0" radius="0.5" length="4" />
		<capsule pos="-5.7499999999999964,-41.25,10.350000000000001" vel="0,0,0" mass="1" elasticityCoef="1" ang="90,0,0" color="0,220,0" radius="0.5" length="4" />
		<capsule pos="-5.7499999999999964,-41.25,12.650000000000006" vel="0,0,0" mass="1" elasticityCoef="1" ang="90,0,0" color="0,220,0" radius="0.5" length="4" />
		<capsule pos="-5.7499999999999964,-41.25,14.950000000000003" vel="0,0,0" mass="1" elasticityCoef="1" ang="90,0,0" color="0,220,0" radius="0.5" length="4" />
		<capsule pos="-5.7499999999999964,-41.25,17.25" vel="0,0,0" mass="1" elasticityCoef="1" ang="90,0,0" color="0,220,0" radius="0.5" length="4" />
		<capsule pos="-5.7499999999999964,-41.25,19.550000000000004" vel="0,0,0" mass="1" elasticityCoef="1" ang="90,0,0" color="0,220,0" radius="0.5" length="4" />
		<capsule pos="-5.7499999999999964,-41.25,21.85" vel="0,0,0" mass="1" elasticityCoef="1" ang="90,0,0" color="0,220,0" radius="0.5" length="4" />
		<capsule pos="-5.7499999999999964,-41.25,24.15" vel="0,0,0" mass="1" elasticityCoef="1" ang="90,0,0" color="0,220,0" radius="0.5" length="4" />
		<capsule pos="-5.7499999999999964,-41.25,26.450000000000003" vel="0,0,0" mass="1" elasticityCoef="1" ang="90,0,0" color="0,220,0" radius="0.5" length="4" />
		<capsule pos="-5.7499999999999964,-41.25,28.75" vel="0,0,0" mass="1" elasticityCoef="1" ang="90,0,0" color="0,220,0" radius="0.5" length="4" />
		<capsule pos="-5.7499999999999964,-41.25,31.049999999999997" vel="0,0,0" mass="1" elasticityCoef="1" ang="90,0,0" color="0,220,0" radius="0.5" length="4" />
		<capsule pos="-5.7499999999999964,-35.75,-33.349999999999994" vel="0,0,0" mass="1" elasticityCoef="1" ang="90,0,0" color="0,220,0" radius="0.5" length="4" />
		<capsule pos="-5.7499999999999964,-35.75,-31.049999999999994" vel="0,0,0" mass="1" elasticityCoef="1" ang="90,0,0" color="0,220,0" radius="0.5" length="4" />
		<capsule pos="-5.7499999999999964,-35.75,-28.749999999999993" vel="0,0,0" mass="1" elasticityCoef="1" ang="90,0,0" color="0,220,0" radius="0.5" length="4" />
		<capsule pos="-5.7499999999999964,-35.75,-26.449999999999996" vel="0,0,0" mass="1" elasticityCoef="1" ang="90,0,0" color="0,220,0" radius="0.5" length="4" />
		<capsule pos="-5.7499999999999964,-35.75,-24.149999999999995" vel="0,0,0" mass="1" elasticityCoef="1" ang="90,0,0" color="0,220,0" radius="0.5" length="4" />
		<capsule pos="-5.7499999999999964,-35.75,-21.849999999999994" vel="0,0,0" mass="1" elasticityCoef="1" ang="90,0,0" color="0,220,0" radius="0.5" length="4" />
		<capsule pos="-5.7499999999999964,-35.75,-19.549999999999997" vel="0,0,0" mass="1" elasticityCoef="1" ang="90,0,0" color="0,220,0" radius="0.5" length="4" />
		<capsule pos="-5.7499999999999964,-35.75,-17.249999999999996" vel="0,0,0" mass="1" elasticityCoef="1" ang="90,0,0" color="0,220,0" radius="0.5" length="4" />
		<capsule pos="-5.7499999999999964,-35.75,-14.949999999999996" vel="0,0,0" mass="1" elasticityCoef="1" ang="90,0,0" color="0,220,0" radius="0.5" length="4" />
		<capsule pos="-5.7499999999999964,-35.75,-12.649999999999995" vel="0,0,0" mass="1" elasticityCoef="1" ang="90,0,0" color="0,220,0" radius="0.5" length="4" />
		<capsule pos="-5.7499999999999964,-35.75,-10.349999999999994" vel="0,0,0" mass="1" elasticityCoef="1" ang="90,0,0" color="0,220,0" radius="0.5" length="4" />
		<capsule pos="-5.7499999999999964,-35.75,-8.049999999999997" vel="0,0,0" mass="1" elasticityCoef="1" ang="90,0,0" color="0,220,0" radius="0.5" length="4" />
		<capsule pos="-5.7499999999999964,-35.75,-5.7499999999999964" vel="0,0,0" mass="1" elasticityCoef="1" ang="90,0,0" color="0,220,0" radius="0.5" length="4" />
		<capsule pos="-5.7499999999999964,-35.75,-3.4499999999999957" vel="0,0,0" mass="1" elasticityCoef="1" ang="90,0,0" color="0,220,0" radius="0.5" length="4" />
		<capsule pos="-5.7499999999999964,-35.75,-1.1499999999999986" vel="0,0,0" mass="1" elasticityCoef="1" ang="90,0,0" color="0,220,0" radius="0.5" length="4" />
		<capsule pos="-5.7499999999999964,-35.75,1.1500000000000057" vel="0,0,0" mass="1" elasticityCoef="1" ang="90,0,0" color="0,220,0" radius="0.5" length="4" />
		<capsule pos="-5.7499999999999964,-35.75,3.450000000000003" vel="0,0,0" mass="1" elasticityCoef="1" ang="90,0,0" color="0,220,0" radius="0.5" length="4" />
		<capsule pos="-5.7499999999999964,-35.75,5.75" vel="0,0,0" mass="1" elasticityCoef="1" ang="90,0,0" color="0,220,0" radius="0.5" length="4" />
		<capsule pos="-5.7499999999999964,-35.75,8.050000000000004" vel="0,0,0" mass="1" elasticityCoef="1" ang="90,0,0" color="0,220,0" radius="0.5" length="4" />
		<capsule pos="-5.7499999999999964,-35.75,10.350000000000001" vel="0,0,0" mass="1" elasticityCoef="1" ang="90,0,0" color="0,220,0" radius="0.5" length="4" />
		<capsule pos="-5.7499999999999964,-35.75,12.650000000000006" vel="0,0,0" mass="1" elasticityCoef="1" ang="90,0,0" color="0,220,0" radius="0.5" length="4" />
		<capsule pos="-5.7499999999999964,-35.75,14.950000000000003" vel="0,0,0" mass="1" elasticityCoef="1" ang="90,0,0" color="0,220,0" radius="0.5" length="4" />
		<capsule pos="-5.7499999999999964,-35.75,17.25" vel="0,0,0" mass="1" elasticityCoef="1" ang="90,0,0" color="0,220,0" radius="0.5" length="4" />
		<capsule pos="-5.7499999999999964,-35.75,19.550000000000004" vel="0,0,0" mass="1" elasticityCoef="1" ang="90,0,0" color="0,220,0" radius="0.5" length="4" />
		<capsule pos="-5.7499999999999964,-35.75,21.85" vel="0,0,0" mass="1" elasticityCoef="1" ang="90,0,0" color="0,220,0" radius="0.5" length="4" />
		<capsule pos="-5.7499999999999964,-35.75,24.15" vel="0,0,0" mass="1" elasticityCoef="1" ang="90,0,0" color="0,220,0" radius="0.5" length="4" />
		<capsule pos="-5.7499999999999964,-35.75,26.450000000000003" vel="0,0,0" mass="1" elasticityCoef="1" ang="90,0,0" color="0,220,0" radius="0.5" length="4" />
		<capsule pos="-5.7499999999999964,-35.75,28.75" vel="0,0,0" mass="1" elasticityCoef="1" ang="90,0,0" color="0,220,0" radius="0.5" length="4" />
		<capsule pos="-5.7499999999999964,-35.75,31.049999999999997" vel="0,0,0" mass="1" elasticityCoef="1" ang="90,0,0" color="0,220,0" radius="0.5" length="4" />
		<capsule pos="-5.7499999999999964,-30.25,-33.349999999999994" vel="0,0,0" mass="1" elasticityCoef="1" ang="90,0,0" color="0,220,0" radius="0.5" length="4" />
		<capsule pos="-5.7499999999999964,-30.25,-31.049999999999994" vel="0,0,0" mass="1" elasticityCoef="1" ang="90,0,0" color="0,220,0" radius="0.5" length="4" />
		<capsule pos="-5.7499999999999964,-30.25,-28.749999999999993" vel="0,0,0" mass="1" elasticityCoef="1" ang="90,0,0" color="0,220,0" radius="0.5" length="4" />
		<capsule pos="-5.7499999999999964,-30.25,-26.449999999999996" vel="0,0,0" mass="1" elasticityCoef="1" ang="90,0,0" color="0,220,0" radius="0.5" length="4" />
		<capsule pos="-5.7499999999999964,-30.25,-24.149999999999995" vel="0,0,0" mass="1" elasticityCoef="1" ang="90,0,0" color="0,220,0" radius="0.5" length="4" />
		<capsule pos="-5.7499999999999964,-30.25,-21.849999999999994" vel="0,0,0" mass="1" elasticityCoef="1" ang="90,0,0" color="0,220,0" radius="0.5" length="4" />
		<capsule pos="-5.7499999999999964,-30.25,-19.549999999999997" vel="0,0,0" mass="1" elasticityCoef="1" ang="90,0,0" color="0,220,0" radius="0.5" length="4" />
		<capsule pos="-5.7499999999999964,-30.25,-17.249999999999996" vel="0,0,0" mass="1" elasticityCoef="1" ang="90,0,0" color="0,220,0" radius="0.5" length="4" />
		<capsule pos="-5.7499999999999964,-30.25,-14.949999999999996" vel="0,0,0" mass="1" elasticityCoef="1" ang="90,0,0" color="0,220,0" radius="0.5" length="4" />
		<capsule pos="-5.7499999999999964,-30.25,-12.649999999999995" vel="0,0,0" mass="1" elasticityCoef="1" ang="90,0,0" color="0,220,0" radius="0.5" length="4" />
		<capsule pos="-5.7499999999999964,-30.25,-10.349999999999994" vel="0,0,0" mass="1" elasticityCoef="1" ang="90,0,0" color="0,220,0" radius="0.5" length="4" />
		<capsule pos="-5.7499999999999964,-30.25,-8.049999999999997" vel="0,0,0" mass="1" elasticityCoef="1" ang="90,0,0" color="0,220,0" radius="0.5" length="4" />
		<capsule pos="-5.7499999999999964,-30.25,-5.7499999999999964" vel="0,0,0" mass="1" elasticityCoef="1" ang="90,0,0" color="0,220,0" radius="0.5" length="4" />
		<capsule pos="-5.7499999999999964,-30.25,-3.4499999999999957" vel="0,0,0" mass="1" elasticityCoef="1" ang="90,0,0" color="0,220,0" radius="0.5" length="4" />
		<capsule pos="-5.7499999999999964,-30.25,-1.1499999999999986" vel="0,0,0" mass="1" elasticityCoef="1" ang="90,0,0" color="0,220,0" radius="0.5" length="4" />
		<capsule pos="-5.7499999999999964,-30.25,1.1500000000000057" vel="0,0,0" mass="1" elasticityCoef="1" ang="90,0,0" color="0,220,0" radius="0.5" length="4" />
		<capsule pos="-5.7499999999999964,-30.25,3.450000000000003" vel="0,0,0" mass="1" elasticityCoef="1" ang="90,0,0" color="0,220,0" radius="0.5" length="4" />
		<capsule pos="-5.7499999999999964,-30.25,5.75" vel="0,0,0" mass="1" elasticityCoef="1" ang="90,0,0" color="0,220,0" radius="0.5" length="4" />
		<capsule pos="-5.7499999999999964,-30.25,8.050000000000004" vel="0,0,0" mass="1" elasticityCoef="1" ang="90,0,0" color="0,220,0" radius="0.5" length="4" />
		<capsule pos="-5.7499999999999964,-30.25,10.350000000000001" vel="0,0,0" mass="1" elasticityCoef="1" ang="90,0,0" color="0,220,0" radius="0.5" length="4" />
		<capsule pos="-5.7499999999999964,-30.25,12.650000000000006" vel="0,0,0" mass="1" elasticityCoef="1" ang="90,0,0" color="0,220,0" radius="0.5" length="4" />
		<capsule pos="-5.7499999999999964,-30.25,14.950000000000003" vel="0,0,0" mass="1" elasticityCoef="1" ang="90,0,0" color="0,220,0" radius="0.5" length="4" />
		<capsule pos="-5.7499999999999964,-30.25,17.25" vel="0,0,0" mass="1" elasticityCoef="1" ang="90,0,0" color="0,220,0" radius="0.5" length="4" />
		<capsule pos="-5.7499999999999964,-30.25,19.550000000000004" vel="0,0,0" mass="1" elasticityCoef="1" ang="90,0,0" color="0,220,0" radius="0.5" length="4" />
		<capsule pos="-5.7499999999999964,-30.25,21.85" vel="0,0,0" mass="1" elasticityCoef="1" ang="90,0,0" color="0,220,0" radius="0.5" length="4" />
		<capsule pos="-5.7499999999999964,-30.25,24.15" vel="0,0,0" mass="1" elasticityCoef="1" ang="90,0,0" color="0,220,0" radius="0.5" length="4" />
		<capsule pos="-5.7499999999999964,-30.25,26.450000000000003" vel="0,0,0" mass="1" elasticityCoef="1" ang="90,0,0" color="0,220,0" radius="0.5" length="4" />
		<capsule pos="-5.7499999999999964,-30.25,28.75" vel="0,0,0" mass="1" elasticityCoef="1" ang="90,0,0" color="0,220,0" radius="0.5" length="4" />
		<capsule pos="-5.7499999999999964,-30.25,31.049999999999997" vel="0,0,0" mass="1" elasticityCoef="1" ang="90,0,0" color="0,220,0" radius="0.5" length="4" />
		<capsule pos="-5.7499999999999964,-24.75,-33.349999999999994" vel="0,0,0" mass="1" elasticityCoef="1" ang="90,0,0" color="0,220,0" radius="0.5" length="4" />
		<capsule pos="-5.7499999999999964,-24.75,-31.049999999999994" vel="0,0,0" mass="1" elasticityCoef="1" ang="90,0,0" color="0,220,0" radius="0.5" length="4" />
		<capsule pos="-5.7499999999999964,-24.75,-28.749999999999993" vel="0,0,0" mass="1" elasticityCoef="1" ang="90,0,0" color="0,220,0" radius="0.5" length="4" />
		<capsule pos="-5.7499999999999964,-24.75,-26.449999999999996" vel="0,0,0" mass="1" elasticityCoef="1" ang="90,0,0" color="0,220,0" radius="0.5" length="4" />
		<capsule pos="-5.7499999999999964,-24.75,-24.149999999999995" vel="0,0,0" mass="1" elasticityCoef="1" ang="90,0,0" color="0,220,0" radius="0.5" length="4" />
		<capsule pos="-5.7499999999999964,-24.75,-21.849999999999994" vel="0,0,0" mass="1" elasticityCoef="1" ang="90,0,0" color="0,220,0" radius="0.5" length="4" />
		<capsule pos="-5.7499999999999964,-24.75,-19.549999999999997" vel="0,0,0" mass="1" elasticityCoef="1" ang="90,0,0" color="0,220,0" radius="0.5" length="4" />
		<capsule pos="-5.7499999999999964,-24.75,-17.249999999999996" vel="0,0,0" mass="1" elasticityCoef="1" ang="90,0,0" color="0,220,0" radius="0.5" length="4" />
		<capsule pos="-5.7499999999999964,-24.75,-14.949999999999996" vel="0,0,0" mass="1" elasticityCoef="1" ang="90,0,0" color="0,220,0" radius="0.5" length="4" />
		<capsule pos="-5.7499999999999964,-24.75,-12.649999999999995" vel="0,0,0" mass="1" elasticityCoef="1" ang="90,0,0" color="0,220,0" radius="0.5" length="4" />
		<capsule pos="-5.7499999999999964,-24.75,-10.349999999999994" vel="0,0,0" mass="1" elasticityCoef="1" ang="90,0,0" color="0,220,0" radius="0.5" length="4" />
		<capsule pos="-5.7499999999999964,-24.75,-8.049999999999997" vel="0,0,0" mass="1" elasticityCoef="1" ang="90,0,0" color="0,220,0" radius="0.5" length="4" />
		<capsule pos="-5.7499999999999964,-24.75,-5.7499999999999964" vel="0,0,0" mass="1" elasticityCoef="1" ang="90,0,0" color="0,220,0" radius="0.5" length="4" />
		<capsule pos="-5.7499999999999964,-24.75,-3.4499999999999957" vel="0,0,0" mass="1" elasticityCoef="1" ang="90,0,0" color="0,220,0" radius="0.5" length="4" />
		<capsule pos="-5.7499999999999964,-24.75,-1.1499999999999986" vel="0,0,0" mass="1" elasticityCoef="1" ang="90,0,0" color="0,220,0" radius="0.5" length="4" />
		<capsule pos="-5.7499999999999964,-24.75,1.1500000000000057" vel="0,0,0" mass="1" elasticityCoef="1" ang="90,0,0" color="0,220,0" radius="0.5" length="4" />
		<capsule pos="-5.7499999999999964,-24.75,3.450000000000003" vel="0,0,0" mass="1" elasticityCoef="1" ang="90,0,0" color="0,220,0" radius="0.5" length="4" />
		<capsule pos="-5.7499999999999964,-24.75,5.75" vel="0,0,0" mass="1" elasticityCoef="1" ang="90,0,0" color="0,220,0" radius="0.5" length="4" />
		<capsule pos="-5.7499999999999964,-24.75,8.050000000000004" vel="0,0,0" mass="1" elasticityCoef="1" ang="90,0,0" color="0,220,0" radius="0.5" length="4" />
		<capsule pos="-5.7499999999999964,-24.75,10.350000000000001" vel="0,0,0" mass="1" elasticityCoef="1" ang="90,0,0" color="0,220,0" radius="0.5" length="4" />
		<capsule pos="-5.7499999999999964,-24.75,12.650000000000006" vel="0,0,0" mass="1" elasticityCoef="1" ang="90,0,0" color="0,220,0" radius="0.5" length="4" />
		<capsule pos="-5.7499999999999964,-24.75,14.950000000000003" vel="0,0,0" mass="1" elasticityCoef="1" ang="90,0,0" color="0,220,0" radius="0.5" length="4" />
		<capsule pos="-5.7499999999999964,-24.75,17.25" vel="0,0,0" mass="1" elasticityCoef="1" ang="90,0,0" color="0,220,0" radius="0.5" length="4" />
		<capsule pos="-5.7499999999999964,-24.75,19.550000000000004" vel="0,0,0" mass="1" elasticityCoef="1" ang="90,0,0" color="0,220,0" radius="0.5" length="4" />
		<capsule pos="-5.7499999999999964,-24.75,21.85" vel="0,0,0" mass="1" elasticityCoef="1" ang="90,0,0" color="0,220,0" radius="0.5" length="4" />
		<capsule pos="-5.7499999999999964,-24.75,24.15" vel="0,0,0" mass="1" elasticityCoef="1" ang="90,0,0" color="0,220,0" radius="0.5" length="4" />
		<capsule pos="-5.7499999999999964,-24.75,26.450000000000003" vel="0,0,0" mass="1" elasticityCoef="1" ang="90,0,0" color="0,220,0" radius="0.5" length="4" />
		<capsule pos="-5.7499999999999964,-24.75,28.75" vel="0,0,0" mass="1" elasticityCoef="1" ang="90,0,0" color="0,220,0" radius="0.5" length="4" />
		<capsule pos="-5.7499999999999964,-24.75,31.049999999999997" vel="0,0,0" mass="1" elasticityCoef="1" ang="90,0,0" color="0,220,0" radius="0.5" length="4" />
		<capsule pos="-5.7499999999999964,-19.25,-33.349999999999994" vel="0,0,0" mass="1" elasticityCoef="1" ang="90,0,0" color="0,220,0" radius="0.5" length="4" />
		<capsule pos="-5.7499999999999964,-19.25,-31.049999999999994" vel="0,0,0" mass="1" elasticityCoef="1" ang="90,0,0" color="0,220,0" radius="0.5" length="4" />
		<capsule pos="-5.7499999999999964,-19.25,-28.749999999999993" vel="0,0,0" mass="1" elasticityCoef="1" ang="90,0,0" color="0,220,0" radius="0.5" length="4" />
		<capsule pos="-5.7499999999999964,-19.25,-26.449999999999996" vel="0,0,0" mass="1" elasticityCoef="1" ang="90,0,0" color="0,220,0" radius="0.5" length="4" />
		<capsule pos="-5.7499999999999964,-19.25,-24.149999999999995" vel="0,0,0" mass="1" elasticityCoef="1" ang="90,0,0" color="0,220,0" radius="0.5" length="4" />
		<capsule pos="-5.7499999999999964,-19.25,-21.849999999999994" vel="0,0,0" mass="1" elasticityCoef="1" ang="90,0,0" color="0,220,0" radius="0.5" length="4" />
		<capsule pos="-5.7499999999999964,-19.25,-19.549999999999997" vel="0,0,0" mass="1" elasticityCoef="1" ang="90,0,0" color="0,220,0" radius="0.5" length="4" />
		<capsule pos="-5.7499999999999964,-19.25,-17.249999999999996" vel="0,0,0" mass="1" elasticityCoef="1" ang="90,0,0" color="0,220,0" radius="0.5" length="4" />
		<capsule pos="-5.7499999999999964,-19.25,-14.949999999999996" vel="0,0,0" mass="1" elasticityCoef="1" ang="90,0,0" color="0,220,0" radius="0.5" length="4" />
		<capsule pos="-5.7499999999999964,-19.25,-12.649999999999995" vel="0,0,0" mass="1" elasticityCoef="1" ang="90,0,0" color="0,220,0" radius="0.5" length="4" />
		<capsule pos="-5.7499999999999964,-19.25,-10.349999999999994" vel="0,0,0" mass="1" elasticityCoef="1" ang="90,0,0" color="0,220,0" radius="0.5" length="4" />
		<capsule pos="-5.7499999999999964,-19.25,-8.049999999999997" vel="0,0,0" mass="1" elasticityCoef="1" ang="90,0,0" color="0,220,0" radius="0.5" length="4" />
		<capsule pos="-5.7499999999999964,-19.25,-5.7499999999999964" vel="0,0,0" mass="1" elasticityCoef="1" ang="90,0,0" color="0,220,0" radius="0.5" length="4" />
		<capsule pos="-5.7499999999999964,-19.25,-3.4499999999999957" vel="0,0,0" mass="1" elasticityCoef="1" ang="90,0,0" color="0,220,0" radius="0.5" length="4" />
		<capsule pos="-5.7499999999999964,-19.25,-1.1499999999999986" vel="0,0,0" mass="1" elasticityCoef="1" ang="90,0,0" color="0,220,0" radius="0.5" length="4" />
		<capsule pos="-5.7499999999999964,-19.25,1.1500000000000057" vel="0,0,0" mass="1" elasticityCoef="1" ang="90,0,0" color="0,220,0" radius="0.5" length="4" />
		<capsule pos="-5.7499999999999964,-19.25,3.450000000000003" vel="0,0,0" mass="1" elasticityCoef="1" ang="90,0,0" color="0,220,0" radius="0.5" length="4" />
		<capsule pos="-5.7499999999999964,-19.25,5.75" vel="0,0,0" mass="1" elasticityCoef="1" ang="90,0,0" color="0,220,0" radius="0.5" length="4" />
		<capsule pos="-5.7499999999999964,-19.25,8.050000000000004" vel="0,0,0" mass="1" elasticityCoef="1" ang="90,0,0" color="0,220,0" radius="0.5" length="4" />
		<capsule pos="-5.7499999999999964,-19.25,10.350000000000001" vel="0,0,0" mass="1" elasticityCoef="1" ang="90,0,0" color="0,220,0" radius="0.5" length="4" />
		<capsule pos="-5.7499999999999964,-19.25,12.650000000000006" vel="0,0,0" mass="1" elasticityCoef="1" ang="90,0,0" color="0,220,0" radius="0.5" length="4" />
		<capsule pos="-5.7499999999999964,-19.25,14.950000000000003" vel="0,0,0" mass="1" elasticityCoef="1" ang="90,0,0" color="0,220,0" radius="0.5" length="4" />
		<capsule pos="-5.7499999999999964,-19.25,17.25" vel="0,0,0" mass="1" elasticityCoef="1" ang="90,0,0" color="0,220,0" radius="0.5" length="4" />
		<capsule pos="-5.7499999999999964,-19.25,19.550000000000004" vel="0,0,0" mass="1" elasticityCoef="1" ang="90,0,0" color="0,220,0" radius="0.5" length="4" />
		<capsule pos="-5.7499999999999964,-19.25,21.85" vel="0,0,0" mass="1" elasticityCoef="1" ang="90,0,0" color="0,220,0" radius="0.5" length="4" />
		<capsule pos="-5.7499999999999964,-19.25,24.15" vel="0,0,0" mass="1" elasticityCoef="1" ang="90,0,0" color="0,220,0" radius="0.5" length="4" />
		<capsule pos="-5.7499999999999964,-19.25,26.450000000000003" vel="0,0,0" mass="1" elasticityCoef="1" ang="90,0,0" color="0,220,0" radius="0.5" length="4" />
		<capsule pos="-5.7499999999999964,-19.25,28.75" vel="0,0,0" mass="1" elasticityCoef="1" ang="90,0,0" color="0,220,0" radius="0.5" length="4" />
		<capsule pos="-5.7499999999999964,-19.25,31.049999999999997" vel="0,0,0" mass="1" elasticityCoef="1" ang="90,0,0" color="0,220,0" radius="0.5" length="4" />
		<capsule pos="-5.7499999999999964,-13.75,-33.349999999999994" vel="0,0,0" mass="1" elasticityCoef="1" ang="90,0,0" color="0,220,0" radius="0.5" length="4" />
		<capsule pos="-5.7499999999999964,-13.75,-31.049999999999994" vel="0,0,0" mass="1" elasticityCoef="1" ang="90,0,0" color="0,220,0" radius="0.5" length="4" />
		<capsule pos="-5.7499999999999964,-13.75,-28.749999999999993" vel="0,0,0" mass="1" elasticityCoef="1" ang="90,0,0" color="0,220,0" radius="0.5" length="4" />
		<capsule pos="-5.7499999999999964,-13.75,-26.449999999999996" vel="0,0,0" mass="1" elasticityCoef="1" ang="90,0,0" color="0,220,0" radius="0.5" length="4" />
		<capsule pos="-5.7499999999999964,-13.75,-24.149999999999995" vel="0,0,0" mass="1" elasticityCoef="1" ang="90,0,0" color="0,220,0" radius="0.5" length="4" />
		<capsule pos="-5.7499999999999964,-13.75,-21.849999999999994" vel="0,0,0" mass="1" elasticityCoef="1" ang="90,0,0" color="0,220,0" radius="0.5" length="4" />
		<capsule pos="-5.7499999999999964,-13.75,-19.549999999999997" vel="0,0,0" mass="1" elasticityCoef="1" ang="90,0,0" color="0,220,0" radius="0.5" length="4" />
		<capsule pos="-5.7499999999999964,-13.75,-17.249999999999996" vel="0,0,0" mass="1" elasticityCoef="1" ang="90,0,0" color="0,220,0" radius="0.5" length="4" />
		<capsule pos="-5.7499999999999964,-13.75,-14.949999999999996" vel="0,0,0" mass="1" elasticityCoef="1" ang="90,0,0" color="0,220,0" radius="0.5" length="4" />
		<capsule pos="-5.7499999999999964,-13.75,-12.649999999999995" vel="0,0,0" mass="1" elasticityCoef="1" ang="90,0,0" color="0,220,0" radius="0.5" length="4" />
		<capsule pos="-5.7499999999999964,-13.75,-10.349999999999994" vel="0,0,0" mass="1" elasticityCoef="1" ang="90,0,0" color="0,220,0" radius="0.5" length="4" />
		<capsule pos="-5.7499999999999964,-13.75,-8.049999999999997" vel="0,0,0" mass="1" elasticityCoef="1" ang="90,0,0" color="0,220,0" radius="0.5" length="4" />
		<capsule pos="-5.7499999999999964,-13.75,-5.7499999999999964" vel="0,0,0" mass="1" elasticityCoef="1" ang="90,0,0" color="0,220,0" radius="0.5" length="4" />
		<capsule pos="-5.7499999999999964,-13.75,-3.4499999999999957" vel="0,0,0" mass="1" elasticityCoef="1" ang="90,0,0" color="0,220,0" radius="0.5" length="4" />
		<capsule pos="-5.7499999999999964,-13.75,-1.1499999999999986" vel="0,0,0" mass="1" elasticityCoef="1" ang="90,0,0" color="0,220,0" radius="0.5" length="4" />
		<capsule pos="-5.7499999999999964,-13.75,1.1500000000000057" vel="0,0,0" mass="1" elasticityCoef="1" ang="90,0,0" color="0,220,0" radius="0.5" length="4" />
		<capsule pos="-5.7499999999999964,-13.75,3.450000000000003" vel="0,0,0" mass="1" elasticityCoef="1" ang="90,0,0" color="0,220,0" radius="0.5" length="4" />
		<capsule pos="-5.7499999999999964,-13.75,5.75" vel="0,0,0" mass="1" elasticityCoef="1" ang="90,0,0" color="0,220,0" radius="0.5" length="4" />
		<capsule pos="-5.7499999999999964,-13.75,8.050000000000004" vel="0,0,0" mass="1" elasticityCoef="1" ang="90,0,0" color="0,220,0" radius="0.5" length="4" />
		<capsule pos="-5.7499999999999964,-13.75,10.350000000000001" vel="0,0,0" mass="1" elasticityCoef="1" ang="90,0,0" color="0,220,0" radius="0.5" length="4" />
		<capsule pos="-5.7499999999999964,-13.75,12.650000000000006" vel="0,0,0" mass="1" elasticityCoef="1" ang="90,0,0" color="0,220,0" radius="0.5" length="4" />
		<capsule pos="-5.7499999999999964,-13.75,14.950000000000003" vel="0,0,0" mass="1" elasticityCoef="1" ang="90,0,0" color="0,220,0" radius="0.5" length="4" />
		<capsule pos="-5.7499999999999964,-13.75,17.25" vel="0,0,0" mass="1" elasticityCoef="1" ang="90,0,0" color="0,220,0" radius="0.5" length="4" />
		<capsule pos="-5.7499999999999964,-13.75,19.550000000000004" vel="0,0,0" mass="1" elasticityCoef="1" ang="90,0,0" color="0,220,0" radius="0.5" length="4" />
		<capsule pos="-5.7499999999999964,-13.75,21.85" vel="0,0,0" mass="1" elasticityCoef="1" ang="90,0,0" color="0,220,0" radius="0.5" length="4" />
		<capsule pos="-5.7499999999999964,-13.75,24.15" vel="0,0,0" mass="1" elasticityCoef="1" ang="90,0,0" color="0,220,0" radius="0.5" length="4" />
		<capsule pos="-5.7499999999999964,-13.75,26.450000000000003" vel="0,0,0" mass="1" elasticityCoef="1" ang="90,0,0" color="0,220,0" radius="0.5" length="4" />
		<capsule pos="-5.7499999999999964,-13.75,28.75" vel="0,0,0" mass="1" elasticityCoef="1" ang="90,0,0" color="0,220,0" radius="0.5" length="4" />
		<capsule pos="-5.7499999999999964,-13.75,31.049999999999997" vel="0,0,0" mass="1" elasticityCoef="1" ang="90,0,0" color="0,220,0" radius="0.5" length="4" />
		<capsule pos="-5.7499999999999964,-8.25,-33.349999999999994" vel="0,0,0" mass="1" elasticityCoef="1" ang="90,0,0" color="0,220,0" radius="0.5" length="4" />
		<capsule pos="-5.7499999999999964,-8.25,-31.049999999999994" vel="0,0,0" mass="1" elasticityCoef="1" ang="90,0,0" color="0,220,0" radius="0.5" length="4" />
		<capsule pos="-5.7499999999999964,-8.25,-28.749999999999993" vel="0,0,0" mass="1" elasticityCoef="1" ang="90,0,0" color="0,220,0" radius="0.5" length="4" />
		<capsule pos="-5.7499999999999964,-8.25,-26.449999999999996" vel="0,0,0" mass="1" elasticityCoef="1" ang="90,0,0" color="0,220,0" radius="0.5" length="4" />
		<capsule pos="-5.7499999999999964,-8.25,-24.149999999999995" vel="0,0,0" mass="1" elasticityCoef="1" ang="90,0,0" color="0,220,0" radius="0.5" length="4" />
		<capsule pos="-5.7499999999999964,-8.25,-21.849999999999994" vel="0,0,0" mass="1" elasticityCoef="1" ang="90,0,0" color="0,220,0" radius="0.5" length="4" />
		<capsule pos="-5.7499999999999964,-8.25,-19.549999999999997" vel="0,0,0" mass="1" elasticityCoef="1" ang="90,0,0" color="0,220,0" radius="0.5" length="4" />
		<capsule pos="-5.7499999999999964,-8.25,-17.249999999999996" vel="0,0,0" mass="1" elasticityCoef="1" ang="90,0,0" color="0,220,0" radius="0.5" length="4" />
		<capsule pos="-5.7499999999999964,-8.25,-14.949999999999996" vel="0,0,0" mass="1" elasticityCoef="1" ang="90,0,0" color="0,220,0" radius="0.5" length="4" />
		<capsule pos="-5.7499999999999964,-8.25,-12.649999999999995" vel="0,0,0" mass="1" elasticityCoef="1" ang="90,0,0" color="0,220,0" radius="0.5" length="4" />
		<capsule pos="-5.7499999999999964,-8.25,-10.349999999999994" vel="0,0,0" mass="1" elasticityCoef="1" ang="90,0,0" color="0,220,0" radius="0.5" length="4" />
		<capsule pos="-5.7499999999999964,-8.25,-8.049999999999997" vel="0,0,0" mass="1" elasticityCoef="1" ang="90,0,0" color="0,220,0" radius="0.5" length="4" />
		<capsule pos="-5.7499999999999964,-8.25,-5.7499999999999964" vel="0,0,0" mass="1" elasticityCoef="1" ang="90,0,0" color="0,220,0" radius="0.5" length="4" />
		<capsule pos="-5.7499999999999964,-8.25,-3.4499999999999957" vel="0,0,0" mass="1" elasticityCoef="1" ang="90,0,0" color="0,220,0" radius="0.5" length="4" />
		<capsule pos="-5.7499999999999964,-8.25,-1.1499999999999986" vel="0,0,0" mass="1" elasticityCoef="1" ang="90,0,0" color="0,220,0" radius="0.5" length="4" />
		<capsule pos="-5.7499999999999964,-8.25,1.1500000000000057" vel="0,0,0" mass="1" elasticityCoef="1" ang="90,0,0" color="0,220,0" radius="0.5" length="4" />
		<capsule pos="-5.7499999999999964,-8.25,3.450000000000003" vel="0,0,0" mass="1" elasticityCoef="1" ang="90,0,0" color="0,220,0" radius="0.5" length="4" />
		<capsule pos="-5.7499999999999964,-8.25,5.75" vel="0,0,0" mass="1" elasticityCoef="1" ang="90,0,0" color="0,220,0" radius="0.5" length="4" />
		<capsule pos="-5.7499999999999964,-8.25,8.050000000000004" vel="0,0,0" mass="1" elasticityCoef="1" ang="90,0,0" color="0,220,0" radius="0.5" length="4" />
		<capsule pos="-5.7499999999999964,-8.25,10.350000000000001" vel="0,0,0" mass="1" elasticityCoef="1" ang="90,0,0" color="0,220,0" radius="0.5" length="4" />
		<capsule pos="-5.7499999999999964,-8.25,12.650000000000006" vel="0,0,0" mass="1" elasticityCoef="1" ang="90,0,0" color="0,220,0" radius="0.5" length="4" />
		<capsule pos="-5.7499999999999964,-8.25,14.950000000000003" vel="0,0,0" mass="1" elasticityCoef="1" ang="90,0,0" color="0,220,0" radius="0.5" length="4" />
		<capsule pos="-5.7499999999999964,-8.25,17.25" vel="0,0,0" mass="1" elasticityCoef="1" ang="90,0,0" color="0,220,0" radius="0.5" length="4" />
		<capsule pos="-5.7499999999999964,-8.25,19.550000000000004" vel="0,0,0" mass="1" elasticityCoef="1" ang="90,0,0" color="0,220,0" radius="0.5" length="4" />
		<capsule pos="-5.7499999999999964,-8.25,21.85" vel="0,0,0" mass="1" elasticityCoef="1" ang="90,0,0" color="0,220,0" radius="0.5" length="4" />
		<capsule pos="-5.7499999999999964,-8.25,24.15" vel="0,0,0" mass="1" elasticityCoef="1" ang="90,0,0" color="0,220,0" radius="0.5" length="4" />
		<capsule pos="-5.7499999999999964,-8.25,26.450000000000003" vel="0,0,0" mass="1" elasticityCoef="1" ang="90,0,0" color="0,220,0" radius="0.5" length="4" />
		<capsule pos="-5.7499999999999964,-8.25,28.75" vel="0,0,0" mass="1" elasticityCoef="1" ang="90,0,0" color="0,220,0" radius="0.5" length="4" />
		<capsule pos="-5.7499999999999964,-8.25,31.049999999999997" vel="0,0,0" mass="1" elasticityCoef="1" ang="90,0,0" color="0,220,0" radius="0.5" length="4" />
		<capsule pos="-5.7499999999999964,-2.75,-33.349999999999994" vel="0,0,0" mass="1" elasticityCoef="1" ang="90,0,0" color="0,220,0" radius="0.5" length="4" />
		<capsule pos="-5.7499999999999964,-2.75,-31.049999999999994" vel="0,0,0" mass="1" elasticityCoef="1" ang="90,0,0" color="0,220,0" radius="0.5" length="4" />
		<capsule pos="-5.7499999999999964,-2.75,-28.749999999999993" vel="0,0,0" mass="1" elasticityCoef="1" ang="90,0,0" color="0,220,0" radius="0.5" length="4" />
		<capsule pos="-5.7499999999999964,-2.75,-26.449999999999996" vel="0,0,0" mass="1" elasticityCoef="1" ang="90,0,0" color="0,220,0" radius="0.5" length="4" />
		<capsule pos="-5.7499999999999964,-2.75,-24.149999999999995" vel="0,0,0" mass="1" elasticityCoef="1" ang="90,0,0" color="0,220,0" radius="0.5" length="4" />
		<capsule pos="-5.7499999999999964,-2.75,-21.849999999999994" vel="0,0,0" mass="1" elasticityCoef="1" ang="90,0,0" color="0,220,0" radius="0.5" length="4" />
		<capsule pos="-5.7499999999999964,-2.75,-19.549999999999997" vel="0,0,0" mass="1" elasticityCoef="1" ang="90,0,0" color="0,220,0" radius="0.5" length="4" />
		<capsule pos="-5.7499999999999964,-2.75,-17.249999999999996" vel="0,0,0" mass="1" elasticityCoef="1" ang="90,0,0" color="0,220,0" radius="0.5" length="4" />
		<capsule pos="-5.7499999999999964,-2.75,-14.949999999999996" vel="0,0,0" mass="1" elasticityCoef="1" ang="90,0,0" color="0,220,0" radius="0.5" length="4" />
		<capsule pos="-5.7499999999999964,-2.75,-12.649999999999995" vel="0,0,0" mass="1" elasticityCoef="1" ang="90,0,0" color="0,220,0" radius="0.5" length="4" />
		<capsule pos="-5.7499999999999964,-2.75,-10.349999999999994" vel="0,0,0" mass="1" elasticityCoef="1" ang="90,0,0" color="0,220,0" radius="0.5" length="4" />
		<capsule pos="-5.7499999999999964,-2.75,-8.049999999999997" vel="0,0,0" mass="1" elasticityCoef="1" ang="90,0,0" color="0,220,0" radius="0.5" length="4" />
		<capsule pos="-5.7499999999999964,-2.75,-5.7499999999999964" vel="0,0,0" mass="1" elasticityCoef="1" ang="90,0,0" color="0,220,0" radius="0.5" length="4" />
		<capsule pos="-5.7499999999999964,-2.75,-3.4499999999999957" vel="0,0,0" mass="1" elasticityCoef="1" ang="90,0,0" color="0,220,0" radius="0.5" length="4" />
		<capsule pos="-5.7499999999999964,-2.75,-1.1499999999999986" vel="0,0,0" mass="1" elasticityCoef="1" ang="90,0,0" color="0,220,0" radius="0.5" length="4" />
		<capsule pos="-5.7499999999999964,-2.75,1.1500000000000057" vel="0,0,0" mass="1" elasticityCoef="1" ang="90,0,0" color="0,220,0" radius="0.5" length="4" />
		<capsule pos="-5.7499999999999964,-2.75,3.450000000000003" vel="0,0,0" mass="1" elasticityCoef="1" ang="90,0,0" color="0,220,0" radius="0.5" length="4" />
		<capsule pos="-5.7499999999999964,-2.75,5.75" vel="0,0,0" mass="1" elasticityCoef="1" ang="90,0,0" color="0,220,0" radius="0.5" length="4" />
		<capsule pos="-5.7499999999999964,-2.75,8.050000000000004" vel="0,0,0" mass="1" elasticityCoef="1" ang="90,0,0" color="0,220,0" radius="0.5" length="4" />
		<capsule pos="-5.7499999999999964,-2.75,10.350000000000001" vel="0,0,0" mass="1" elasticityCoef="1" ang="90,0,0" color="0,220,0" radius="0.5" length="4" />
		<capsule pos="-5.7499999999999964,-2.75,12.650000000000006" vel="0,0,0" mass="1" elasticityCoef="1" ang="90,0,0" color="0,220,0" radius="0.5" length="4" />
		<capsule pos="-5.7499999999999964,-2.75,14.950000000000003" vel="0,0,0" mass="1" elasticityCoef="1" ang="90,0,0" color="0,220,0" radius="0.5" length="4" />
		<capsule pos="-5.7499999999999964,-2.75,17.25" vel="0,0,0" mass="1" elasticityCoef="1" ang="90,0,0" color="0,220,0" radius="0.5" length="4" />
		<capsule pos="-5.7499999999999964,-2.75,19.550000000000004" vel="0,0,0" mass="1" elasticityCoef="1" ang="90,0,0" color="0,220,0" radius="0.5" length="4" />
		<capsule pos="-5.7499999999999964,-2.75,21.85" vel="0,0,0" mass="1" elasticityCoef="1" ang="90,0,0" color="0,220,0" radius="0.5" length="4" />
		<capsule pos="-5.7499999999999964,-2.75,24.15" vel="0,0,0" mass="1" elasticityCoef="1" ang="90,0,0" color="0,220,0" radius="0.5" length="4" />
		<capsule pos="-5.7499999999999964,-2.75,26.450000000000003" vel="0,0,0" mass="1" elasticityCoef="1" ang="90,0,0" color="0,220,0" radius="0.5" length="4" />
		<capsule pos="-5.7499999999999964,-2.75,28.75" vel="0,0,0" mass="1" elasticityCoef="1" ang="90,0,0" color="0,220,0" radius="0.5" length="4" />
		<capsule pos="-5.7499999999999964,-2.75,31.049999999999997" vel="0,0,0" mass="1" elasticityCoef="1" ang="90,0,0" color="0,220,0" radius="0.5" length="4" />
		<capsule pos="-5.7499999999999964,2.75,-33.349999999999994" vel="0,0,0" mass="1" elasticityCoef="1" ang="90,0,0" color="0,220,0" radius="0.5" length="4" />
		<capsule pos="-5.7499999999999964,2.75,-31.049999999999994" vel="0,0,0" mass="1" elasticityCoef="1" ang="90,0,0" color="0,220,0" radius="0.5" length="4" />
		<capsule pos="-5.7499999999999964,2.75,-28.749999999999993" vel="0,0,0" mass="1" elasticityCoef="1" ang="90,0,0" color="0,220,0" radius="0.5" length="4" />
		<capsule pos="-5.7499999999999964,2.75,-26.449999999999996" vel="0,0,0" mass="1" elasticityCoef="1" ang="90,0,0" color="0,220,0" radius="0.5" length="4" />
		<capsule pos="-5.7499999999999964,2.75,-24.149999999999995" vel="0,0,0" mass="1" elasticityCoef="1" ang="90,0,0" color="0,220,0" radius="0.5" length="4" />
		<capsule pos="-5.7499999999999964,2.75,-21.849999999999994" vel="0,0,0" mass="1" elasticityCoef="1" ang="90,0,0" color="0,220,0" radius="0.5" length="4" />
		<capsule pos="-5.7499999999999964,2.75,-19.549999999999997" vel="0,0,0" mass="1" elasticityCoef="1" ang="90,0,0" color="0,220,0" radius="0.5" length="4" />
		<capsule pos="-5.7499999999999964,2.75,-17.249999999999996" vel="0,0,0" mass="1" elasticityCoef="1" ang="90,0,0" color="0,220,0" radius="0.5" length="4" />
		<capsule pos="-5.7499999999999964,2.75,-14.949999999999996" vel="0,0,0" mass="1" elasticityCoef="1" ang="90,0,0" color="0,220,0" radius="0.5" length="4" />
		<capsule pos="-5.7499999999999964,2.75,-12.649999999999995" vel="0,0,0" mass="1" elasticityCoef="1" ang="90,0,0" color="0,220,0" radius="0.5" length="4" />
		<capsule pos="-5.7499999999999964,2.75,-10.349999999999994" vel="0,0,0" mass="1" elasticityCoef="1" ang="90,0,0" color="0,220,0" radius="0.5" length="4" />
		<capsule pos="-5.7499999999999964,2.75,-8.049999999999997" vel="0,0,0" mass="1" elasticityCoef="1" ang="90,0,0" color="0,220,0" radius="0.5" length="4" />
		<capsule pos="-5.7499999999999964,2.75,-5.7499999999999964" vel="0,0,0" mass="1" elasticityCoef="1" ang="90,0,0" color="0,220,0" radius="0.5" length="4" />
		<capsule pos="-5.7499999999999964,2.75,-3.4499999999999957" vel="0,0,0" mass="1" elasticityCoef="1" ang="90,0,0" color="0,220,0" radius="0.5" length="4" />
		<capsule pos="-5.7499999999999964,2.75,-1.1499999999999986" vel="0,0,0" mass="1" elasticityCoef="1" ang="90,0,0" color="0,220,0" radius="0.5" length="4" />
		<capsule pos="-5.7499999999999964,2.75,1.1500000000000057" vel="0,0,0" mass="1" elasticityCoef="1" ang="90,0,0" color="0,220,0" radius="0.5" length="4" />
		<capsule pos="-5.7499999999999964,2.75,3.450000000000003" vel="0,0,0" mass="1" elasticityCoef="1" ang="90,0,0" color="0,220,0" radius="0.5" length="4" />
		<capsule pos="-5.7499999999999964,2.75,5.75" vel="0,0,0" mass="1" elasticityCoef="1" ang="90,0,0" color="0,220,0" radius="0.5" length="4" />
		<capsule pos="-5.7499999999999964,2.75,8.050000000000004" vel="0,0,0" mass="1" elasticityCoef="1" ang="90,0,0" color="0,220,0" radius="0.5" length="4" />
		<capsule pos="-5.7499999999999964,2.75,10.350000000000001" vel="0,0,0" mass="1" elasticityCoef="1" ang="90,0,0" color="0,220,0" radius="0.5" length="4" />
		<capsule pos="-5.7499999999999964,2.75,12.650000000000006" vel="0,0,0" mass="1" elasticityCoef="1" ang="90,0,0" color="0,220,0" radius="0.5" length="4" />
		<capsule pos="-5.7499999999999964,2.75,14.950000000000003" vel="0,0,0" mass="1" elasticityCoef="1" ang="90,0,0" color="0,220,0" radius="0.5" length="4" />
		<capsule pos="-5.7499999999999964,2.75,17.25" vel="0,0,0" mass="1" elasticityCoef="1" ang="90,0,0" color="0,220,0" radius="0.5" length="4" />
		<capsule pos="-5.7499999999999964,2.75,19.550000000000004" vel="0,0,0" mass="1" elasticityCoef="1" ang="90,0,0" color="0,220,0" radius="0.5" length="4" />
		<capsule pos="-5.7499999999999964,2.75,21.85" vel="0,0,0" mass="1" elasticityCoef="1" ang="90,0,0" color="0,220,0" radius="0.5" length="4" />
		<capsule pos="-5.7499999999999964,2.75,24.15" vel="0,0,0" mass="1" elasticityCoef="1" ang="90,0,0" color="0,220,0" radius="0.5" length="4" />
		<capsule pos="-5.7499999999999964,2.75,26.450000000000003" vel="0,0,0" mass="1" elasticityCoef="1" ang="90,0,0" color="0,220,0" radius="0.5" length="4" />
		<capsule pos="-5.7499999999999964,2.75,28.75" vel="0,0,0" mass="1" elasticityCoef="1" ang="90,0,0" color="0,220,0" radius="0.5" length="4" />
		<capsule pos="-5.7499999999999964,2.75,31.049999999999997" vel="0,0,0" mass="1" elasticityCoef="1" ang="90,0,0" color="0,220,0" radius="0.5" length="4" />
		<capsule pos="-5.7499999999999964,8.25,-33.349999999999994" vel="0,0,0" mass="1" elasticityCoef="1" ang="90,0,0" color="0,220,0" radius="0.5" length="4" />
		<capsule pos="-5.7499999999999964,8.25,-31.049999999999994" vel="0,0,0" mass="1" elasticityCoef="1" ang="90,0,0" color="0,220,0" radius="0.5" length="4" />
		<capsule pos="-5.7499999999999964,8.25,-28.749999999999993" vel="0,0,0" mass="1" elasticityCoef="1" ang="90,0,0" color="0,220,0" radius="0.5" length="4" />
		<capsule pos="-5.7499999999999964,8.25,-26.449999999999996" vel="0,0,0" mass="1" elasticityCoef="1" ang="90,0,0" color="0,220,0" radius="0.5" length="4" />
		<capsule pos="-5.7499999999999964,8.25,-24.149999999999995" vel="0,0,0" mass="1" elasticityCoef="1" ang="90,0,0" color="0,220,0" radius="0.5" length="4" />
		<capsule pos="-5.7499999999999964,8.25,-21.849999999999994" vel="0,0,0" mass="1" elasticityCoef="1" ang="90,0,0" color="0,220,0" radius="0.5" length="4" />
		<capsule pos="-5.7499999999999964,8.25,-19.549999999999997" vel="0,0,0" mass="1" elasticityCoef="1" ang="90,0,0" color="0,220,0" radius="0.5" length="4" />
		<capsule pos="-5.7499999999999964,8.25,-17.249999999999996" vel="0,0,0" mass="1" elasticityCoef="1" ang="90,0,0" color="0,220,0" radius="0.5" length="4" />
		<capsule pos="-5.7499999999999964,8.25,-14.949999999999996" vel="0,0,0" mass="1" elasticityCoef="1" ang="90,0,0" color="0,220,0" radius="0.5" length="4" />
		<capsule pos="-5.7499999999999964,8.25,-12.649999999999995" vel="0,0,0" mass="1" elasticityCoef="1" ang="90,0,0" color="0,220,0" radius="0.5" length="4" />
		<capsule pos="-5.7499999999999964,8.25,-10.349999999999994" vel="0,0,0" mass="1" elasticityCoef="1" ang="90,0,0" color="0,220,0" radius="0.5" length="4" />
		<capsule pos="-5.7499999999999964,8.25,-8.049999999999997" vel="0,0,0" mass="1" elasticityCoef="1" ang="90,0,0" color="0,220,0" radius="0.5" length="4" />
		<capsule pos="-5.7499999999999964,8.25,-5.7499999999999964" vel="0,0,0" mass="1" elasticityCoef="1" ang="90,0,0" color="0,220,0" radius="0.5" length="4" />
		<capsule pos="-5.7499999999999964,8.25,-3.4499999999999957" vel="0,0,0" mass="1" elasticityCoef="1" ang="90,0,0" color="0,220,0" radius="0.5" length="4" />
		<capsule pos="-5.7499999999999964,8.25,-1.1499999999999986" vel="0,0,0" mass="1" elasticityCoef="1" ang="90,0,0" color="0,220,0" radius="0.5" length="4" />
		<capsule pos="-5.7499999999999964,8.25,1.1500000000000057" vel="0,0,0" mass="1" elasticityCoef="1" ang="90,0,0" color="0,220,0" radius="0.5" length="4" />
		<capsule pos="-5.7499999999999964,8.25,3.450000000000003" vel="0,0,0" mass="1" elasticityCoef="1" ang="90,0,0" color="0,220,0" radius="0.5" length="4" />
		<capsule pos="-5.7499999999999964,8.25,5.75" vel="0,0,0" mass="1" elasticityCoef="1" ang="90,0,0" color="0,220,0" radius="0.5" length="4" />
		<capsule pos="-5.7499999999999964,8.25,8.050000000000004" vel="0,0,0" mass="1" elasticityCoef="1" ang="90,0,0" color="0,220,0" radius="0.5" length="4" />
		<capsule pos="-5.7499999999999964,8.25,10.350000000000001" vel="0,0,0" mass="1" elasticityCoef="1" ang="90,0,0" color="0,220,0" radius="0.5" length="4" />
		<capsule pos="-5.7499999999999964,8.25,12.650000000000006" vel="0,0,0" mass="1" elasticityCoef="1" ang="90,0,0" color="0,220,0" radius="0.5" length="4" />
		<capsule pos="-5.7499999999999964,8.25,14.950000000000003" vel="0,0,0" mass="1" elasticityCoef="1" ang="90,0,0" color="0,220,0" radius="0.5" length="4" />
		<capsule pos="-5.7499999999999964,8.25,17.25" vel="0,0,0" mass="1" elasticityCoef="1" ang="90,0,0" color="0,220,0" radius="0.5" length="4" />
		<capsule pos="-5.7499999999999964,8.25,19.550000000000004" vel="0,0,0" mass="1" elasticityCoef="1" ang="90,0,0" color="0,220,0" radius="0.5" length="4" />
		<capsule pos="-5.7499999999999964,8.25,21.85" vel="0,0,0" mass="1" elasticityCoef="1" ang="90,0,0" color="0,220,0" radius="0.5" length="4" />
		<capsule pos="-5.7499999999999964,8.25,24.15" vel="0,0,0" mass="1" elasticityCoef="1" ang="90,0,0" color="0,220,0" radius="0.5" length="4" />
		<capsule pos="-5.7499999999999964,8.25,26.450000000000003" vel="0,0,0" mass="1" elasticityCoef="1" ang="90,0,0" color="0,220,0" radius="0.5" length="4" />
		<capsule pos="-5.7499999999999964,8.25,28.75" vel="0,0,0" mass="1" elasticityCoef="1" ang="90,0,0" color="0,220,0" radius="0.5" length="4" />
		<capsule pos="-5.7499999999999964,8.25,31.049999999999997" vel="0,0,0" mass="1" elasticityCoef="1" ang="90,0,0" color="0,220,0" radius="0.5" length="4" />
		<capsule pos="-5.7499999999999964,13.75,-33.349999999999994" vel="0,0,0" mass="1" elasticityCoef="1" ang="90,0,0" color="0,220,0" radius="0.5" length="4" />
		<capsule pos="-5.7499999999999964,13.75,-31.049999999999994" vel="0,0,0" mass="1" elasticityCoef="1" ang="90,0,0" color="0,220,0" radius="0.5" length="4" />
		<capsule pos="-5.7499999999999964,13.75,-28.749999999999993" vel="0,0,0" mass="1" elasticityCoef="1" ang="90,0,0" color="0,220,0" radius="0.5" length="4" />
		<capsule pos="-5.7499999999999964,13.75,-26.449999999999996" vel="0,0,0" mass="1" elasticityCoef="1" ang="90,0,0" color="0,220,0" radius="0.5" length="4" />
		<capsule pos="-5.7499999999999964,13.75,-24.149999999999995" vel="0,0,0" mass="1" elasticityCoef="1" ang="90,0,0" color="0,220,0" radius="0.5" length="4" />
		<capsule pos="-5.7499999999999964,13.75,-21.849999999999994" vel="0,0,0" mass="1" elasticityCoef="1" ang="90,0,0" color="0,220,0" radius="0.5" length="4" />
		<capsule pos="-5.7499999999999964,13.75,-19.549999999999997" vel="0,0,0" mass="1" elasticityCoef="1" ang="90,0,0" color="0,220,0" radius="0.5" length="4" />
		<capsule pos="-5.7499999999999964,13.75,-17.249999999999996" vel="0,0,0" mass="1" elasticityCoef="1" ang="90,0,0" color="0,220,0" radius="0.5" length="4" />
		<capsule pos="-5.7499999999999964,13.75,-14.949999999999996" vel="0,0,0" mass="1" elasticityCoef="1" ang="90,0,0" color="0,220,0" radius="0.5" length="4" />
		<capsule pos="-5.7499999999999964,13.75,-12.649999999999995" vel="0,0,0" mass="1" elasticityCoef="1" ang="90,0,0" color="0,220,0" radius="0.5" length="4" />
		<capsule pos="-5.7499999999999964,13.75,-10.349999999999994" vel="0,0,0" mass="1" elasticityCoef="1" ang="90,0,0" color="0,220,0" radius="0.5" length="4" />
		<capsule pos="-5.7499999999999964,13.75,-8.049999999999997" vel="0,0,0" mass="1" elasticityCoef="1" ang="90,0,0" color="0,220,0" radius="0.5" length="4" />
		<capsule pos="-5.7499999999999964,13.75,-5.7499999999999964" vel="0,0,0" mass="1" elasticityCoef="1" ang="90,0,0" color="0,220,0" radius="0.5" length="4" />
		<capsule pos="-5.7499999999999964,13.75,-3.4499999999999957" vel="0,0,0" mass="1" elasticityCoef="1" ang="90,0,0" color="0,220,0" radius="0.5" length="4" />
		<capsule pos="-5.7499999999999964,13.75,-1.1499999999999986" vel="0,0,0" mass="1" elasticityCoef="1" ang="90,0,0" color="0,220,0" radius="0.5" length="4" />
		<capsule pos="-5.7499999999999964,13.75,1.1500000000000057" vel="0,0,0" mass="1" elasticityCoef="1" ang="90,0,0" color="0,220,0" radius="0.5" length="4" />
		<capsule pos="-5.7499999999999964,13.75,3.450000000000003" vel="0,0,0" mass="1" elasticityCoef="1" ang="90,0,0" color="0,220,0" radius="0.5" length="4" />
		<capsule pos="-5.7499999999999964,13.75,5.75" vel="0,0,0" mass="1" elasticityCoef="1" ang="90,0,0" color="0,220,0" radius="0.5" length="4" />
		<capsule pos="-5.7499999999999964,13.75,8.050000000000004" vel="0,0,0" mass="1" elasticityCoef="1" ang="90,0,0" color="0,220,0" radius="0.5" length="4" />
		<capsule pos="-5.7499999999999964,13.75,10.350000000000001" vel="0,0,0" mass="1" elasticityCoef="1" ang="90,0,0" color="0,220,0" radius="0.5" length="4" />
		<capsule pos="-5.7499999999999964,13.75,12.650000000000006" vel="0,0,0" mass="1" elasticityCoef="1" ang="90,0,0" color="0,220,0" radius="0.5" length="4" />
		<capsule pos="-5.7499999999999964,13.75,14.950000000000003" vel="0,0,0" mass="1" elasticityCoef="1" ang="90,0,0" color="0,220,0" radius="0.5" length="4" />
		<capsule pos="-5.7499999999999964,13.75,17.25" vel="0,0,0" mass="1" elasticityCoef="1" ang="90,0,0" color="0,220,0" radius="0.5" length="4" />
		<capsule pos="-5.7499999999999964,13.75,19.550000000000004" vel="0,0,0" mass="1" elasticityCoef="1" ang="90,0,0" color="0,220,0" radius="0.5" length="4" />
		<capsule pos="-5.7499999999999964,13.75,21.85" vel="0,0,0" mass="1" elasticityCoef="1" ang="90,0,0" color="0,220,0" radius="0.5" length="4" />
		<capsule pos="-5.7499999999999964,13.75,24.15" vel="0,0,0" mass="1" elasticityCoef="1" ang="90,0,0" color="0,220,0" radius="0.5" length="4" />
		<capsule pos="-5.7499999999999964,13.75,26.450000000000003" vel="0,0,0" mass="1" elasticityCoef="1" ang="90,0,0" color="0,220,0" radius="0.5" length="4" />
		<capsule pos="-5.7499999999999964,13.75,28.75" vel="0,0,0" mass="1" elasticityCoef="1" ang="90,0,0" color="0,220,0" radius="0.5" length="4" />
		<capsule pos="-5.7499999999999964,13.75,31.049999999999997" vel="0,0,0" mass="1" elasticityCoef="1" ang="90,0,0" color="0,220,0" radius="0.5" length="4" />
		<capsule pos="-5.7499999999999964,19.25,-33.349999999999994" vel="0,0,0" mass="1" elasticityCoef="1" ang="90,0,0" color="0,220,0" radius="0.5" length="4" />
		<capsule pos="-5.7499999999999964,19.25,-31.049999999999994" vel="0,0,0" mass="1" elasticityCoef="1" ang="90,0,0" color="0,220,0" radius="0.5" length="4" />
		<capsule pos="-5.7499999999999964,19.25,-28.749999999999993" vel="0,0,0" mass="1" elasticityCoef="1" ang="90,0,0" color="0,220,0" radius="0.5" length="4" />
		<capsule pos="-5.7499999999999964,19.25,-26.449999999999996" vel="0,0,0" mass="1" elasticityCoef="1" ang="90,0,0" color="0,220,0" radius="0.5" length="4" />
		<capsule pos="-5.7499999999999964,19.25,-24.149999999999995" vel="0,0,0" mass="1" elasticityCoef="1" ang="90,0,0" color="0,220,0" radius="0.5" length="4" />
		<capsule pos="-5.7499999999999964,19.25,-21.849999999999994" vel="0,0,0" mass="1" elasticityCoef="1" ang="90,0,0" color="0,220,0" radius="0.5" length="4" />
		<capsule pos="-5.7499999999999964,19.25,-19.549999999999997" vel="0,0,0" mass="1" elasticityCoef="1" ang="90,0,0" color="0,220,0" radius="0.5" length="4" />
		<capsule pos="-5.7499999999999964,19.25,-17.249999999999996" vel="0,0,0" mass="1" elasticityCoef="1" ang="90,0,0" color="0,220,0" radius="0.5" length="4" />
		<capsule pos="-5.7499999999999964,19.25,-14.949999999999996" vel="0,0,0" mass="1" elasticityCoef="1" ang="90,0,0" color="0,220,0" radius="0.5" length="4" />
		<capsule pos="-5.7499999999999964,19.25,-12.649999999999995" vel="0,0,0" mass="1" elasticityCoef="1" ang="90,0,0" color="0,220,0" radius="0.5" length="4" />
		<capsule pos="-5.7499999999999964,19.25,-10.349999999999994" vel="0,0,0" mass="1" elasticityCoef="1" ang="90,0,0" color="0,220,0" radius="0.5" length="4" />
		<capsule pos="-5.7499999999999964,19.25,-8.049999999999997" vel="0,0,0" mass="1" elasticityCoef="1" ang="90,0,0" color="0,220,0" radius="0.5" length="4" />
		<capsule pos="-5.7499999999999964,19.25,-5.7499999999999964" vel="0,0,0" mass="1" elasticityCoef="1" ang="90,0,0" color="0,220,0" radius="0.5" length="4" />
		<capsule pos="-5.7499999999999964,19.25,-3.4499999999999957" vel="0,0,0" mass="1" elasticityCoef="1" ang="90,0,0" color="0,220,0" radius="0.5" length="4" />
		<capsule pos="-5.7499999999999964,19.25,-1.1499999999999986" vel="0,0,0" mass="1" elasticityCoef="1" ang="90,0,0" color="0,220,0" radius="0.5" length="4" />
		<capsule pos="-5.7499999999999964,19.25,1.1500000000000057" vel="0,0,0" mass="1" elasticityCoef="1" ang="90,0,0" color="0,220,0" radius="0.5" length="4" />
		<capsule pos="-5.7499999999999964,19.25,3.450000000000003" vel="0,0,0" mass="1" elasticityCoef="1" ang="90,0,0" color="0,220,0" radius="0.5" length="4" />
		<capsule pos="-5.7499999999999964,19.25,5.75" vel="0,0,0" mass="1" elasticityCoef="1" ang="90,0,0" color="0,220,0" radius="0.5" length="4" />
		<capsule pos="-5.7499999999999964,19.25,8.050000000000004" vel="0,0,0" mass="1" elasticityCoef="1" ang="90,0,0" color="0,220,0" radius="0.5" length="4" />
		<capsule pos="-5.7499999999999964,19.25,10.350000000000001" vel="0,0,0" mass="1" elasticityCoef="1" ang="90,0,0" color="0,220,0" radius="0.5" length="4" />
		<capsule pos="-5.7499999999999964,19.25,12.650000000000006" vel="0,0,0" mass="1" elasticityCoef="1" ang="90,0,0" color="0,220,0" radius="0.5" length="4" />
		<capsule pos="-5.7499999999999964,19.25,14.950000000000003" vel="0,0,0" mass="1" elasticityCoef="1" ang="90,0,0" color="0,220,0" radius="0.5" length="4" />
		<capsule pos="-5.7499999999999964,19.25,17.25" vel="0,0,0" mass="1" elasticityCoef="1" ang="90,0,0" color="0,220,0" radius="0.5" length="4" />
		<capsule pos="-5.7499999999999964,19.25,19.550000000000004" vel="0,0,0" mass="1" elasticityCoef="1" ang="90,0,0" color="0,220,0" radius="0.5" length="4" />
		<capsule pos="-5.7499999999999964,19.25,21.85" vel="0,0,0" mass="1" elasticityCoef="1" ang="90,0,0" color="0,220,0" radius="0.5" length="4" />
		<capsule pos="-5.7499999999999964,19.25,24.15" vel="0,0,0" mass="1" elasticityCoef="1" ang="90,0,0" color="0,220,0" radius="0.5" length="4" />
		<capsule pos="-5.7499999999999964,19.25,26.450000000000003" vel="0,0,0" mass="1" elasticityCoef="1" ang="90,0,0" color="0,220,0" radius="0.5" length="4" />
		<capsule pos="-5.7499999999999964,19.25,28.75" vel="0,0,0" mass="1" elasticityCoef="1" ang="90,0,0" color="0,220,0" radius="0.5" length="4" />
		<capsule pos="-5.7499999999999964,19.25,31.049999999999997" vel="0,0,0" mass="1" elasticityCoef="1" ang="90,0,0" color="0,220,0" radius="0.5" length="4" />
		<capsule pos="-5.7499999999999964,24.75,-33.349999999999994" vel="0,0,0" mass="1" elasticityCoef="1" ang="90,0,0" color="0,220,0" radius="0.5" length="4" />
		<capsule pos="-5.7499999999999964,24.75,-31.049999999999994" vel="0,0,0" mass="1" elasticityCoef="1" ang="90,0,0" color="0,220,0" radius="0.5" length="4" />
		<capsule pos="-5.7499999999999964,24.75,-28.749999999999993" vel="0,0,0" mass="1" elasticityCoef="1" ang="90,0,0" color="0,220,0" radius="0.5" length="4" />
		<capsule pos="-5.7499999999999964,24.75,-26.449999999999996" vel="0,0,0" mass="1" elasticityCoef="1" ang="90,0,0" color="0,220,0" radius="0.5" length="4" />
		<capsule pos="-5.7499999999999964,24.75,-24.149999999999995" vel="0,0,0" mass="1" elasticityCoef="1" ang="90,0,0" color="0,220,0" radius="0.5" length="4" />
		<capsule pos="-5.7499999999999964,24.75,-21.849999999999994" vel="0,0,0" mass="1" elasticityCoef="1" ang="90,0,0" color="0,220,0" radius="0.5" length="4" />
		<capsule pos="-5.7499999999999964,24.75,-19.549999999999997" vel="0,0,0" mass="1" elasticityCoef="1" ang="90,0,0" color="0,220,0" radius="0.5" length="4" />
		<capsule pos="-5.7499999999999964,24.75,-17.249999999999996" vel="0,0,0" mass="1" elasticityCoef="1" ang="90,0,0" color="0,220,0" radius="0.5" length="4" />
		<capsule pos="-5.7499999999999964,24.75,-14.949999999999996" vel="0,0,0" mass="1" elasticityCoef="1" ang="90,0,0" color="0,220,0" radius="0.5" length="4" />
		<capsule pos="-5.7499999999999964,24.75,-12.649999999999995" vel="0,0,0" mass="1" elasticityCoef="1" ang="90,0,0" color="0,220,0" radius="0.5" length="4" />
		<capsule pos="-5.7499999999999964,24.75,-10.349999999999994" vel="0,0,0" mass="1" elasticityCoef="1" ang="90,0,0" color="0,220,0" radius="0.5" length="4" />
		<capsule pos="-5.7499999999999964,24.75,-8.049999999999997" vel="0,0,0" mass="1" elasticityCoef="1" ang="90,0,0" color="0,220,0" radius="0.5" length="4" />
		<capsule pos="-5.7499999999999964,24.75,-5.7499999999999964" vel="0,0,0" mass="1" elasticityCoef="1" ang="90,0,0" color="0,220,0" radius="0.5" length="4" />
		<capsule pos="-5.7499999999999964,24.75,-3.4499999999999957" vel="0,0,0" mass="1" elasticityCoef="1" ang="90,0,0" color="0,220,0" radius="0.5" length="4" />
		<capsule pos="-5.7499999999999964,24.75,-1.1499999999999986" vel="0,0,0" mass="1" elasticityCoef="1" ang="90,0,0" color="0,220,0" radius="0.5" length="4" />
		<capsule pos="-5.7499999999999964,24.75,1.1500000000000057" vel="0,0,0" mass="1" elasticityCoef="1" ang="90,0,0" color="0,220,0" radius="0.5" length="4" />
		<capsule pos="-5.7499999999999964,24.75,3.450000000000003" vel="0,0,0" mass="1" elasticityCoef="1" ang="90,0,0" color="0,220,0" radius="0.5" length="4" />
		<capsule pos="-5.7499999999999964,24.75,5.75" vel="0,0,0" mass="1" elasticityCoef="1" ang="90,0,0" color="0,220,0" radius="0.5" length="4" />
		<capsule pos="-5.7499999999999964,24.75,8.050000000000004" vel="0,0,0" mass="1" elasticityCoef="1" ang="90,0,0" color="0,220,0" radius="0.5" length="4" />
		<capsule pos="-5.7499999999999964,24.75,10.350000000000001" vel="0,0,0" mass="1" elasticityCoef="1" ang="90,0,0" color="0,220,0" radius="0.5" length="4" />
		<capsule pos="-5.7499999999999964,24.75,12.650000000000006" vel="0,0,0" mass="1" elasticityCoef="1" ang="90,0,0" color="0,220,0" radius="0.5" length="4" />
		<capsule pos="-5.7499999999999964,24.75,14.950000000000003" vel="0,0,0" mass="1" elasticityCoef="1" ang="90,0,0" color="0,220,0" radius="0.5" length="4" />
		<capsule pos="-5.7499999999999964,24.75,17.25" vel="0,0,0" mass="1" elasticityCoef="1" ang="90,0,0" color="0,220,0" radius="0.5" length="4" />
		<capsule pos="-5.7499999999999964,24.75,19.550000000000004" vel="0,0,0" mass="1" elasticityCoef="1" ang="90,0,0" color="0,220,0" radius="0.5" length="4" />
		<capsule pos="-5.7499999999999964,24.75,21.85" vel="0,0,0" mass="1" elasticityCoef="1" ang="90,0,0" color="0,220,0" radius="0.5" length="4" />
		<capsule pos="-5.7499999999999964,24.75,24.15" vel="0,0,0" mass="1" elasticityCoef="1" ang="90,0,0" color="0,220,0" radius="0.5" length="4" />
		<capsule pos="-5.7499999999999964,24.75,26.450000000000003" vel="0,0,0" mass="1" elasticityCoef="1" ang="90,0,0" color="0,220,0" radius="0.5" length="4" />
		<capsule pos="-5.7499999999999964,24.75,28.75" vel="0,0,0" mass="1" elasticityCoef="1" ang="90,0,0" color="0,220,0" radius="0.5" length="4" />
		<capsule pos="-5.7499999999999964,24.75,31.049999999999997" vel="0,0,0" mass="1" elasticityCoef="1" ang="90,0,0" color="0,220,0" radius="0.5" length="4" />
		<capsule pos="-5.7499999999999964,30.25,-33.349999999999994" vel="0,0,0" mass="1" elasticityCoef="1" ang="90,0,0" color="0,220,0" radius="0.5" length="4" />
		<capsule pos="-5.7499999999999964,30.25,-31.049999999999994" vel="0,0,0" mass="1" elasticityCoef="1" ang="90,0,0" color="0,220,0" radius="0.5" length="4" />
		<capsule pos="-5.7499999999999964,30.25,-28.749999999999993" vel="0,0,0" mass="1" elasticityCoef="1" ang="90,0,0" color="0,220,0" radius="0.5" length="4" />
		<capsule pos="-5.7499999999999964,30.25,-26.449999999999996" vel="0,0,0" mass="1" elasticityCoef="1" ang="90,0,0" color="0,220,0" radius="0.5" length="4" />
		<capsule pos="-5.7499999999999964,30.25,-24.149999999999995" vel="0,0,0" mass="1" elasticityCoef="1" ang="90,0,0" color="0,220,0" radius="0.5" length="4" />
		<capsule pos="-5.7499999999999964,30.25,-21.849999999999994" vel="0,0,0" mass="1" elasticityCoef="1" ang="90,0,0" color="0,220,0" radius="0.5" length="4" />
		<capsule pos="-5.7499999999999964,30.25,-19.549999999999997" vel="0,0,0" mass="1" elasticityCoef="1" ang="90,0,0" color="0,220,0" radius="0.5" length="4" />
		<capsule pos="-5.7499999999999964,30.25,-17.249999999999996" vel="0,0,0" mass="1" elasticityCoef="1" ang="90,0,0" color="0,220,0" radius="0.5" length="4" />
		<capsule pos="-5.7499999999999964,30.25,-14.949999999999996" vel="0,0,0" mass="1" elasticityCoef="1" ang="90,0,0" color="0,220,0" radius="0.5" length="4" />
		<capsule pos="-5.7499999999999964,30.25,-12.649999999999995" vel="0,0,0" mass="1" elasticityCoef="1" ang="90,0,0" color="0,220,0" radius="0.5" length="4" />
		<capsule pos="-5.7499999999999964,30.25,-10.349999999999994" vel="0,0,0" mass="1" elasticityCoef="1" ang="90,0,0" color="0,220,0" radius="0.5" length="4" />
		<capsule pos="-5.7499999999999964,30.25,-8.049999999999997" vel="0,0,0" mass="1" elasticityCoef="1" ang="90,0,0" color="0,220,0" radius="0.5" length="4" />
		<capsule pos="-5.7499999999999964,30.25,-5.7499999999999964" vel="0,0,0" mass="1" elasticityCoef="1" ang="90,0,0" color="0,220,0" radius="0.5" length="4" />
		<capsule pos="-5.7499999999999964,30.25,-3.4499999999999957" vel="0,0,0" mass="1" elasticityCoef="1" ang="90,0,0" color="0,220,0" radius="0.5" length="4" />
		<capsule pos="-5.7499999999999964,30.25,-1.1499999999999986" vel="0,0,0" mass="1" elasticityCoef="1" ang="90,0,0" color="0,220,0" radius="0.5" length="4" />
		<capsule pos="-5.7499999999999964,30.25,1.1500000000000057" vel="0,0,0" mass="1" elasticityCoef="1" ang="90,0,0" color="0,220,0" radius="0.5" length="4" />
		<capsule pos="-5.7499999999999964,30.25,3.450000000000003" vel="0,0,0" mass="1" elasticityCoef="1" ang="90,0,0" color="0,220,0" radius="0.5" length="4" />
		<capsule pos="-5.7499999999999964,30.25,5.75" vel="0,0,0" mass="1" elasticityCoef="1" ang="90,0,0" color="0,220,0" radius="0.5" length="4" />
		<capsule pos="-5.7499999999999964,30.25,8.050000000000004" vel="0,0,0" mass="1" elasticityCoef="1" ang="90,0,0" color="0,220,0" radius="0.5" length="4" />
		<capsule pos="-5.7499999999999964,30.25,10.350000000000001" vel="0,0,0" mass="1" elasticityCoef="1" ang="90,0,0" color="0,220,0" radius="0.5" length="4" />
		<capsule pos="-5.7499999999999964,30.25,12.650000000000006" vel="0,0,0" mass="1" elasticityCoef="1" ang="90,0,0" color="0,220,0" radius="0.5" length="4" />
		<capsule pos="-5.7499999999999964,30.25,14.950000000000003" vel="0,0,0" mass="1" elasticityCoef="1" ang="90,0,0" color="0,220,0" radius="0.5" length="4" />
		<capsule pos="-5.7499999999999964,30.25,17.25" vel="0,0,0" mass="1" elasticityCoef="1" ang="90,0,0" color="0,220,0" radius="0.5" length="4" />
		<capsule pos="-5.7499999999999964,30.25,19.550000000000004" vel="0,0,0" mass="1" elasticityCoef="1" ang="90,0,0" color="0,220,0" radius="0.5" length="4" />
		<capsule pos="-5.7499999999999964,30.25,21.85" vel="0,0,0" mass="1" elasticityCoef="1" ang="90,0,0" color="0,220,0" radius="0.5" length="4" />
		<capsule pos="-5.7499999999999964,30.25,24.15" vel="0,0,0" mass="1" elasticityCoef="1" ang="90,0,0" color="0,220,0" radius="0.5" length="4" />
		<capsule pos="-5.7499999999999964,30.25,26.450000000000003" vel="0,0,0" mass="1" elasticityCoef="1" ang="90,0,0" color="0,220,0" radius="0.5" length="4" />
		<capsule pos="-5.7499999999999964,30.25,28.75" vel="0,0,0" mass="1" elasticityCoef="1" ang="90,0,0" color="0,220,0" radius="0.5" length="4" />
		<capsule pos="-5.7499999999999964,30.25,31.049999999999997" vel="0,0,0" mass="1" elasticityCoef="1" ang="90,0,0" color="0,220,0" radius="0.5" length="4" />
		<capsule pos="-5.7499999999999964,35.75,-33.349999999999994" vel="0,0,0" mass="1" elasticityCoef="1" ang="90,0,0" color="0,220,0" radius="0.5" length="4" />
		<capsule pos="-5.7499999999999964,35.75,-31.049999999999994" vel="0,0,0" mass="1" elasticityCoef="1" ang="90,0,0" color="0,220,0" radius="0.5" length="4" />
		<capsule pos="-5.7499999999999964,35.75,-28.749999999999993" vel="0,0,0" mass="1" elasticityCoef="1" ang="90,0,0" color="0,220,0" radius="0.5" length="4" />
		<capsule pos="-5.7499999999999964,35.75,-26.449999999999996" vel="0,0,0" mass="1" elasticityCoef="1" ang="90,0,0" color="0,220,0" radius="0.5" length="4" />
		<capsule pos="-5.7499999999999964,35.75,-24.149999999999995" vel="0,0,0" mass="1" elasticityCoef="1" ang="90,0,0" color="0,220,0" radius="0.5" length="4" />
		<capsule pos="-5.7499999999999964,35.75,-21.849999999999994" vel="0,0,0" mass="1" elasticityCoef="1" ang="90,0,0" color="0,220,0" radius="0.5" length="4" />
		<capsule pos="-5.7499999999999964,35.75,-19.549999999999997" vel="0,0,0" mass="1" elasticityCoef="1" ang="90,0,0" color="0,220,0" radius="0.5" length="4" />
		<capsule pos="-5.7499999999999964,35.75,-17.249999999999996" vel="0,0,0" mass="1" elasticityCoef="1" ang="90,0,0" color="0,220,0" radius="0.5" length="4" />
		<capsule pos="-5.7499999999999964,35.75,-14.949999999999996" vel="0,0,0" mass="1" elasticityCoef="1" ang="90,0,0" color="0,220,0" radius="0.5" length="4" />
		<capsule pos="-5.7499999999999964,35.75,-12.649999999999995" vel="0,0,0" mass="1" elasticityCoef="1" ang="90,0,0" color="0,220,0" radius="0.5" length="4" />
		<capsule pos="-5.7499999999999964,35.75,-10.349999999999994" vel="0,0,0" mass="1" elasticityCoef="1" ang="90,0,0" color="0,220,0" radius="0.5" length="4" />
		<capsule pos="-5.7499999999999964,35.75,-8.049999999999997" vel="0,0,0" mass="1" elasticityCoef="1" ang="90,0,0" color="0,220,0" radius="0.5" length="4" />
		<capsule pos="-5.7499999999999964,35.75,-5.7499999999999964" vel="0,0,0" mass="1" elasticityCoef="1" ang="90,0,0" color="0,220,0" radius="0.5" length="4" />
		<capsule pos="-5.7499999999999964,35.75,-3.4499999999999957" vel="0,0,0" mass="1" elasticityCoef="1" ang="90,0,0" color="0,220,0" radius="0.5" length="4" />
		<capsule pos="-5.7499999999999964,35.75,-1.1499999999999986" vel="0,0,0" mass="1" elasticityCoef="1" ang="90,0,0" color="0,220,0" radius="0.5" length="4" />
		<capsule pos="-5.7499999999999964,35.75,1.1500000000000057" vel="0,0,0" mass="1" elasticityCoef="1" ang="90,0,0" color="0,220,0" radius="0.5" length="4" />
		<capsule pos="-5.7499999999999964,35.75,3.450000000000003" vel="0,0,0" mass="1" elasticityCoef="1" ang="90,0,0" color="0,220,0" radius="0.5" length="4" />
		<capsule pos="-5.7499999999999964,35.75,5.75" vel="0,0,0" mass="1" elasticityCoef="1" ang="90,0,0" color="0,220,0" radius="0.5" length="4" />
		<capsule pos="-5.7499999999999964,35.75,8.050000000000004" vel="0,0,0" mass="1" elasticityCoef="1" ang="90,0,0" color="0,220,0" radius="0.5" length="4" />
		<capsule pos="-5.7499999999999964,35.75,10.350000000000001" vel="0,0,0" mass="1" elasticityCoef="1" ang="90,0,0" color="0,220,0" radius="0.5" length="4" />
		<capsule pos="-5.7499999999999964,35.75,12.650000000000006" vel="0,0,0" mass="1" elasticityCoef="1" ang="90,0,0" color="0,220,0" radius="0.5" length="4" />
		<capsule pos="-5.7499999999999964,35.75,14.950000000000003" vel="0,0,0" mass="1" elasticityCoef="1" ang="90,0,0" color="0,220,0" radius="0.5" length="4" />
		<capsule pos="-5.7499999999999964,35.75,17.25" vel="0,0,0" mass="1" elasticityCoef="1" ang="90,0,0" color="0,220,0" radius="0.5" length="4" />
		<capsule pos="-5.7499999999999964,35.75,19.550000000000004" vel="0,0,0" mass="1" elasticityCoef="1" ang="90,0,0" color="0,220,0" radius="0.5" length="4" />
		<capsule pos="-5.7499999999999964,35.75,21.85" vel="0,0,0" mass="1" elasticityCoef="1" ang="90,0,0" color="0,220,0" radius="0.5" length="4" />
		<capsule pos="-5.7499999999999964,35.75,24.15" vel="0,0,0" mass="1" elasticityCoef="1" ang="90,0,0" color="0,220,0" radius="0.5" length="4" />
		<capsule pos="-5.7499999999999964,35.75,26.450000000000003" vel="0,0,0" mass="1" elasticityCoef="1" ang="90,0,0" color="0,220,0" radius="0.5" length="4" />
		<capsule pos="-5.7499999999999964,35.75,28.75" vel="0,0,0" mass="1" elasticityCoef="1" ang="90,0,0" color="0,220,0" radius="0.5" length="4" />
		<capsule pos="-5.7499999999999964,35.75,31.049999999999997" vel="0,0,0" mass="1" elasticityCoef="1" ang="90,0,0" color="0,220,0" radius="0.5" length="4" />
		<capsule pos="-3.4499999999999957,-41.25,-33.349999999999994" vel="0,0,0" mass="1" elasticityCoef="1" ang="90,0,0" color="0,220,0" radius="0.5" length="4" />
		<capsule pos="-3.4499999999999957,-41.25,-31.049999999999994" vel="0,0,0" mass="1" elasticityCoef="1" ang="90,0,0" color="0,220,0" radius="0.5" length="4" />
		<capsule pos="-3.4499999999999957,-41.25,-28.749999999999993" vel="0,0,0" mass="1" elasticityCoef="1" ang="90,0,0" color="0,220,0" radius="0.5" length="4" />
		<capsule pos="-3.4499999999999957,-41.25,-26.449999999999996" vel="0,0,0" mass="1" elasticityCoef="1" ang="90,0,0" color="0,220,0" radius="0.5" length="4" />
		<capsule pos="-3.4499999999999957,-41.25,-24.149999999999995" vel="0,0,0" mass="1" elasticityCoef="1" ang="90,0,0" color="0,220,0" radius="0.5" length="4" />
		<capsule pos="-3.4499999999999957,-41.25,-21.849999999999994" vel="0,0,0" mass="1" elasticityCoef="1" ang="90,0,0" color="0,220,0" radius="0.5" length="4" />
		<capsule pos="-3.4499999999999957,-41.25,-19.549999999999997" vel="0,0,0" mass="1" elasticityCoef="1" ang="90,0,0" color="0,220,0" radius="0.5" length="4" />
		<capsule pos="-3.4499999999999957,-41.25,-17.249999999999996" vel="0,0,0" mass="1" elasticityCoef="1" ang="90,0,0" color="0,220,0" radius="0.5" length="4" />
		<capsule pos="-3.4499999999999957,-41.25,-14.949999999999996" vel="0,0,0" mass="1" elasticityCoef="1" ang="90,0,0" color="0,220,0" radius="0.5" length="4" />
		<capsule pos="-3.4499999999999957,-41.25,-12.649999999999995" vel="0,0,0" mass="1" elasticityCoef="1" ang="90,0,0" color="0,220,0" radius="0.5" length="4" />
		<capsule pos="-3.4499999999999957,-41.25,-10.349999999999994" vel="0,0,0" mass="1" elasticityCoef="1" ang="90,0,0" color="0,220,0" radius="0.5" length="4" />
		<capsule pos="-3.4499999999999957,-41.25,-8.049999999999997" vel="0,0,0" mass="1" elasticityCoef="1" ang="90,0,0" color="0,220,0" radius="0.5" length="4" />
		<capsule pos="-3.4499999999999957,-41.25,-5.7499999999999964" vel="0,0,0" mass="1" elasticityCoef="1" ang="90,0,0" color="0,220,0" radius="0.5" length="4" />
		<capsule pos="-3.4499999999999957,-41.25,-3.4499999999999957" vel="0,0,0" mass="1" elasticityCoef="1" ang="90,0,0" color="0,220,0" radius="0.5" length="4" />
		<capsule pos="-3.4499999999999957,-41.25,-1.1499999999999986" vel="0,0,0" mass="1" elasticityCoef="1" ang="90,0,0" color="0,220,0" radius="0.5" length="4" />
		<capsule pos="-3.4499999999999957,-41.25,1.1500000000000057" vel="0,0,0" mass="1" elasticityCoef="1" ang="90,0,0" color="0,220,0" radius="0.5" length="4" />
		<capsule pos="-3.4499999999999957,-41.25,3.450000000000003" vel="0,0,0" mass="1" elasticityCoef="1" ang="90,0,0" color="0,220,0" radius="0.5" length="4" />
		<capsule pos="-3.4499999999999957,-41.25,5.75" vel="0,0,0" mass="1" elasticityCoef="1" ang="90,0,0" color="0,220,0" radius="0.5" length="4" />
		<capsule pos="-3.4499999999999957,-41.25,8.050000000000004" vel="0,0,0" mass="1" elasticityCoef="1" ang="90,0,0" color="0,220,0" radius="0.5" length="4" />
		<capsule pos="-3.4499999999999957,-41.25,10.350000000000001" vel="0,0,0" mass="1" elasticityCoef="1" ang="90,0,0" color="0,220,0" radius="0.5" length="4" />
		<capsule pos="-3.4499999999999957,-41.25,12.650000000000006" vel="0,0,0" mass="1" elasticityCoef="1" ang="90,0,0" color="0,220,0" radius="0.5" length="4" />
		<capsule pos="-3.4499999999999957,-41.25,14.950000000000003" vel="0,0,0" mass="1" elasticityCoef="1" ang="90,0,0" color="0,220,0" radius="0.5" length="4" />
		<capsule pos="-3.4499999999999957,-41.25,17.25" vel="0,0,0" mass="1" elasticityCoef="1" ang="90,0,0" color="0,220,0" radius="0.5" length="4" />
		<capsule pos="-3.4499999999999957,-41.25,19.550000000000004" vel="0,0,0" mass="1" elasticityCoef="1" ang="90,0,0" color="0,220,0" radius="0.5" length="4" />
		<capsule pos="-3.4499999999999957,-41.25,21.85" vel="0,0,0" mass="1" elasticityCoef="1" ang="90,0,0" color="0,220,0" radius="0.5" length="4" />
		<capsule pos="-3.4499999999999957,-41.25,24.15" vel="0,0,0" mass="1" elasticityCoef="1" ang="90,0,0" color="0,220,0" radius="0.5" length="4" />
		<capsule pos="-3.4499999999999957,-41.25,26.450000000000003" vel="0,0,0" mass="1" elasticityCoef="1" ang="90,0,0" color="0,220,0" radius="0.5" length="4" />
		<capsule pos="-3.4499999999999957,-41.25,28.75" vel="0,0,0" mass="1" elasticityCoef="1" ang="90,0,0" color="0,220,0" radius="0.5" length="4" />
		<capsule pos="-3.4499999999999957,-41.25,31.049999999999997" vel="0,0,0" mass="1" elasticityCoef="1" ang="90,0,0" color="0,220,0" radius="0.5" length="4" />
		<capsule pos="-3.4499999999999957,-35.75,-33.349999999999994" vel="0,0,0" mass="1" elasticityCoef="1" ang="90,0,0" color="0,220,0" radius="0.5" length="4" />
		<capsule pos="-3.4499999999999957,-35.75,-31.049999999999994" vel="0,0,0" mass="1" elasticityCoef="1" ang="90,0,0" color="0,220,0" radius="0.5" length="4" />
		<capsule pos="-3.4499999999999957,-35.75,-28.749999999999993" vel="0,0,0" mass="1" elasticityCoef="1" ang="90,0,0" color="0,220,0" radius="0.5" length="4" />
		<capsule pos="-3.4499999999999957,-35.75,-26.449999999999996" vel="0,0,0" mass="1" elasticityCoef="1" ang="90,0,0" color="0,220,0" radius="0.5" length="4" />
		<capsule pos="-3.4499999999999957,-35.75,-24.149999999999995" vel="0,0,0" mass="1" elasticityCoef="1" ang="90,0,0" color="0,220,0" radius="0.5" length="4" />
		<capsule pos="-3.4499999999999957,-35.75,-21.849999999999994" vel="0,0,0" mass="1" elasticityCoef="1" ang="90,0,0" color="0,220,0" radius="0.5" length="4" />
		<capsule pos="-3.4499999999999957,-35.75,-19.549999999999997" vel="0,0,0" mass="1" elasticityCoef="1" ang="90,0,0" color="0,220,0" radius="0.5" length="4" />
		<capsule pos="-3.4499999999999957,-35.75,-17.249999999999996" vel="0,0,0" mass="1" elasticityCoef="1" ang="90,0,0" color="0,220,0" radius="0.5" length="4" />
		<capsule pos="-3.4499999999999957,-35.75,-14.949999999999996" vel="0,0,0" mass="1" elasticityCoef="1" ang="90,0,0" color="0,220,0" radius="0.5" length="4" />
		<capsule pos="-3.4499999999999957,-35.75,-12.649999999999995" vel="0,0,0" mass="1" elasticityCoef="1" ang="90,0,0" color="0,220,0" radius="0.5" length="4" />
		<capsule pos="-3.4499999999999957,-35.75,-10.349999999999994" vel="0,0,0" mass="1" elasticityCoef="1" ang="90,0,0" color="0,220,0" radius="0.5" length="4" />
		<capsule pos="-3.4499999999999957,-35.75,-8.049999999999997" vel="0,0,0" mass="1" elasticityCoef="1" ang="90,0,0" color="0,220,0" radius="0.5" length="4" />
		<capsule pos="-3.4499999999999957,-35.75,-5.7499999999999964" vel="0,0,0" mass="1" elasticityCoef="1" ang="90,0,0" color="0,220,0" radius="0.5" length="4" />
		<capsule pos="-3.4499999999999957,-35.75,-3.4499999999999957" vel="0,0,0" mass="1" elasticityCoef="1" ang="90,0,0" color="0,220,0" radius="0.5" length="4" />
		<capsule pos="-3.4499999999999957,-35.75,-1.1499999999999986" vel="0,0,0" mass="1" elasticityCoef="1" ang="90,0,0" color="0,220,0" radius="0.5" length="4" />
		<capsule pos="-3.4499999999999957,-35.75,1.1500000000000057" vel="0,0,0" mass="1" elasticityCoef="1" ang="90,0,0" color="0,220,0" radius="0.5" length="4" />
		<capsule pos="-3.4499999999999957,-35.75,3.450000000000003" vel="0,0,0" mass="1" elasticityCoef="1" ang="90,0,0" color="0,220,0" radius="0.5" length="4" />
		<capsule pos="-3.4499999999999957,-35.75,5.75" vel="0,0,0" mass="1" elasticityCoef="1" ang="90,0,0" color="0,220,0" radius="0.5" length="4" />
		<capsule pos="-3.4499999999999957,-35.75,8.050000000000004" vel="0,0,0" mass="1" elasticityCoef="1" ang="90,0,0" color="0,220,0" radius="0.5" length="4" />
		<capsule pos="-3.4499999999999957,-35.75,10.350000000000001" vel="0,0,0" mass="1" elasticityCoef="1" ang="90,0,0" color="0,220,0" radius="0.5" length="4" />
		<capsule pos="-3.4499999999999957,-35.75,12.650000000000006" vel="0,0,0" mass="1" elasticityCoef="1" ang="90,0,0" color="0,220,0" radius="0.5" length="4" />
		<capsule pos="-3.4499999999999957,-35.75,14.950000000000003" vel="0,0,0" mass="1" elasticityCoef="1" ang="90,0,0" color="0,220,0" radius="0.5" length="4" />
		<capsule pos="-3.4499999999999957,-35.75,17.25" vel="0,0,0" mass="1" elasticityCoef="1" ang="90,0,0" color="0,220,0" radius="0.5" length="4" />
		<capsule pos="-3.4499999999999957,-35.75,19.550000000000004" vel="0,0,0" mass="1" elasticityCoef="1" ang="90,0,0" color="0,220,0" radius="0.5" length="4" />
		<capsule pos="-3.4499999999999957,-35.75,21.85" vel="0,0,0" mass="1" elasticityCoef="1" ang="90,0,0" color="0,220,0" radius="0.5" length="4" />
		<capsule pos="-3.4499999999999957,-35.75,24.15" vel="0,0,0" mass="1" elasticityCoef="1" ang="90,0,0" color="0,220,0" radius="0.5" length="4" />
		<capsule pos="-3.4499999999999957,-35.75,26.450000000000003" vel="0,0,0" mass="1" elasticityCoef="1" ang="90,0,0" color="0,220,0" radius="0.5" length="4" />
		<capsule pos="-3.4499999999999957,-35.75,28.75" vel="0,0,0" mass="1" elasticityCoef="1" ang="90,0,0" color="0,220,0" radius="0.5" length="4" />
		<capsule pos="-3.4499999999999957,-35.75,31.049999999999997" vel="0,0,0" mass="1" elasticityCoef="1" ang="90,0,0" color="0,220,0" radius="0.5" length="4" />
		<capsule pos="-3.4499999999999957,-30.25,-33.349999999999994" vel="0,0,0" mass="1" elasticityCoef="1" ang="90,0,0" color="0,220,0" radius="0.5" length="4" />
		<capsule pos="-3.4499999999999957,-30.25,-31.049999999999994" vel="0,0,0" mass="1" elasticityCoef="1" ang="90,0,0" color="0,220,0" radius="0.5" length="4" />
		<capsule pos="-3.4499999999999957,-30.25,-28.749999999999993" vel="0,0,0" mass="1" elasticityCoef="1" ang="90,0,0" color="0,220,0" radius="0.5" length="4" />
		<capsule pos="-3.4499999999999957,-30.25,-26.449999999999996" vel="0,0,0" mass="1" elasticityCoef="1" ang="90,0,0" color="0,220,0" radius="0.5" length="4" />
		<capsule pos="-3.4499999999999957,-30.25,-24.149999999999995" vel="0,0,0" mass="1" elasticityCoef="1" ang="90,0,0" color="0,220,0" radius="0.5" length="4" />
		<capsule pos="-3.4499999999999957,-30.25,-21.849999999999994" vel="0,0,0" mass="1" elasticityCoef="1" ang="90,0,0" color="0,220,0" radius="0.5" length="4" />
		<capsule pos="-3.4499999999999957,-30.25,-19.549999999999997" vel="0,0,0" mass="1" elasticityCoef="1" ang="90,0,0" color="0,220,0" radius="0.5" length="4" />
		<capsule pos="-3.4499999999999957,-30.25,-17.249999999999996" vel="0,0,0" mass="1" elasticityCoef="1" ang="90,0,0" color="0,220,0" radius="0.5" length="4" />
		<capsule pos="-3.4499999999999957,-30.25,-14.949999999999996" vel="0,0,0" mass="1" elasticityCoef="1" ang="90,0,0" color="0,220,0" radius="0.5" length="4" />
		<capsule pos="-3.4499999999999957,-30.25,-12.649999999999995" vel="0,0,0" mass="1" elasticityCoef="1" ang="90,0,0" color="0,220,0" radius="0.5" length="4" />
		<capsule pos="-3.4499999999999957,-30.25,-10.349999999999994" vel="0,0,0" mass="1" elasticityCoef="1" ang="90,0,0" color="0,220,0" radius="0.5" length="4" />
		<capsule pos="-3.4499999999999957,-30.25,-8.049999999999997" vel="0,0,0" mass="1" elasticityCoef="1" ang="90,0,0" color="0,220,0" radius="0.5" length="4" />
		<capsule pos="-3.4499999999999957,-30.25,-5.7499999999999964" vel="0,0,0" mass="1" elasticityCoef="1" ang="90,0,0" color="0,220,0" radius="0.5" length="4" />
		<capsule pos="-3.4499999999999957,-30.25,-3.4499999999999957" vel="0,0,0" mass="1" elasticityCoef="1" ang="90,0,0" color="0,220,0" radius="0.5" length="4" />
		<capsule pos="-3.4499999999999957,-30.25,-1.1499999999999986" vel="0,0,0" mass="1" elasticityCoef="1" ang="90,0,0" color="0,220,0" radius="0.5" length="4" />
		<capsule pos="-3.4499999999999957,-30.25,1.1500000000000057" vel="0,0,0" mass="1" elasticityCoef="1" ang="90,0,0" color="0,220,0" radius="0.5" length="4" />
		<capsule pos="-3.4499999999999957,-30.25,3.450000000000003" vel="0,0,0" mass="1" elasticityCoef="1" ang="90,0,0" color="0,220,0" radius="0.5" length="4" />
		<capsule pos="-3.4499999999999957,-30.25,5.75" vel="0,0,0" mass="1" elasticityCoef="1" ang="90,0,0" color="0,220,0" radius="0.5" length="4" />
		<capsule pos="-3.4499999999999957,-30.25,8.050000000000004" vel="0,0,0" mass="1" elasticityCoef="1" ang="90,0,0" color="0,220,0" radius="0.5" length="4" />
		<capsule pos="-3.4499999999999957,-30.25,10.350000000000001" vel="0,0,0" mass="1" elasticityCoef="1" ang="90,0,0" color="0,220,0" radius="0.5" length="4" />
		<capsule pos="-3.4499999999999957,-30.25,12.650000000000006" vel="0,0,0" mass="1" elasticityCoef="1" ang="90,0,0" color="0,220,0" radius="0.5" length="4" />
		<capsule pos="-3.4499999999999957,-30.25,14.950000000000003" vel="0,0,0" mass="1" elasticityCoef="1" ang="90,0,0" color="0,220,0" radius="0.5" length="4" />
		<capsule pos="-3.4499999999999957,-30.25,17.25" vel="0,0,0" mass="1" elasticityCoef="1" ang="90,0,0" color="0,220,0" radius="0.5" length="4" />
		<capsule pos="-3.4499999999999957,-30.25,19.550000000000004" vel="0,0,0" mass="1" elasticityCoef="1" ang="90,0,0" color="0,220,0" radius="0.5" length="4" />
		<capsule pos="-3.4499999999999957,-30.25,21.85" vel="0,0,0" mass="1" elasticityCoef="1" ang="90,0,0" color="0,220,0" radius="0.5" length="4" />
		<capsule pos="-3.4499999999999957,-30.25,24.15" vel="0,0,0" mass="1" elasticityCoef="1" ang="90,0,0" color="0,220,0" radius="0.5" length="4" />
		<capsule pos="-3.4499999999999957,-30.25,26.450000000000003" vel="0,0,0" mass="1" elasticityCoef="1" ang="90,0,0" color="0,220,0" radius="0.5" length="4" />
		<capsule pos="-3.4499999999999957,-30.25,28.75" vel="0,0,0" mass="1" elasticityCoef="1" ang="90,0,0" color="0,220,0" radius="0.5" length="4" />
		<capsule pos="-3.4499999999999957,-30.25,31.049999999999997" vel="0,0,0" mass="1" elasticityCoef="1" ang="90,0,0" color="0,220,0" radius="0.5" length="4" />
		<capsule pos="-3.4499999999999957,-24.75,-33.349999999999994" vel="0,0,0" mass="1" elasticityCoef="1" ang="90,0,0" color="0,220,0" radius="0.5" length="4" />
		<capsule pos="-3.4499999999999957,-24.75,-31.049999999999994" vel="0,0,0" mass="1" elasticityCoef="1" ang="90,0,0" color="0,220,0" radius="0.5" length="4" />
		<capsule pos="-3.4499999999999957,-24.75,-28.749999999999993" vel="0,0,0" mass="1" elasticityCoef="1" ang="90,0,0" color="0,220,0" radius="0.5" length="4" />
		<capsule pos="-3.4499999999999957,-24.75,-26.449999999999996" vel="0,0,0" mass="1" elasticityCoef="1" ang="90,0,0" color="0,220,0" radius="0.5" length="4" />
		<capsule pos="-3.4499999999999957,-24.75,-24.149999999999995" vel="0,0,0" mass="1" elasticityCoef="1" ang="90,0,0" color="0,220,0" radius="0.5" length="4" />
		<capsule pos="-3.4499999999999957,-24.75,-21.849999999999994" vel="0,0,0" mass="1" elasticityCoef="1" ang="90,0,0" color="0,220,0" radius="0.5" length="4" />
		<capsule pos="-3.4499999999999957,-24.75,-19.549999999999997" vel="0,0,0" mass="1" elasticityCoef="1" ang="90,0,0" color="0,220,0" radius="0.5" length="4" />
		<capsule pos="-3.4499999999999957,-24.75,-17.249999999999996" vel="0,0,0" mass="1" elasticityCoef="1" ang="90,0,0" color="0,220,0" radius="0.5" length="4" />
		<capsule pos="-3.4499999999999957,-24.75,-14.949999999999996" vel="0,0,0" mass="1" elasticityCoef="1" ang="90,0,0" color="0,220,0" radius="0.5" length="4" />
		<capsule pos="-3.4499999999999957,-24.75,-12.649999999999995" vel="0,0,0" mass="1" elasticityCoef="1" ang="90,0,0" color="0,220,0" radius="0.5" length="4" />
		<capsule pos="-3.4499999999999957,-24.75,-10.349999999999994" vel="0,0,0" mass="1" elasticityCoef="1" ang="90,0,0" color="0,220,0" radius="0.5" length="4" />
		<capsule pos="-3.4499999999999957,-24.75,-8.049999999999997" vel="0,0,0" mass="1" elasticityCoef="1" ang="90,0,0" color="0,220,0" radius="0.5" length="4" />
		<capsule pos="-3.4499999999999957,-24.75,-5.7499999999999964" vel="0,0,0" mass="1" elasticityCoef="1" ang="90,0,0" color="0,220,0" radius="0.5" length="4" />
		<capsule pos="-3.4499999999999957,-24.75,-3.4499999999999957" vel="0,0,0" mass="1" elasticityCoef="1" ang="90,0,0" color="0,220,0" radius="0.5" length="4" />
		<capsule pos="-3.4499999999999957,-24.75,-1.1499999999999986" vel="0,0,0" mass="1" elasticityCoef="1" ang="90,0,0" color="0,220,0" radius="0.5" length="4" />
		<capsule pos="-3.4499999999999957,-24.75,1.1500000000000057" vel="0,0,0" mass="1" elasticityCoef="1" ang="90,0,0" color="0,220,0" radius="0.5" length="4" />
		<capsule pos="-3.4499999999999957,-24.75,3.450000000000003" vel="0,0,0" mass="1" elasticityCoef="1" ang="90,0,0" color="0,220,0" radius="0.5" length="4" />
		<capsule pos="-3.4499999999999957,-24.75,5.75" vel="0,0,0" mass="1" elasticityCoef="1" ang="90,0,0" color="0,220,0" radius="0.5" length="4" />
		<capsule pos="-3.4499999999999957,-24.75,8.050000000000004" vel="0,0,0" mass="1" elasticityCoef="1" ang="90,0,0" color="0,220,0" radius="0.5" length="4" />
		<capsule pos="-3.4499999999999957,-24.75,10.350000000000001" vel="0,0,0" mass="1" elasticityCoef="1" ang="90,0,0" color="0,220,0" radius="0.5" length="4" />
		<capsule pos="-3.4499999999999957,-24.75,12.650000000000006" vel="0,0,0" mass="1" elasticityCoef="1" ang="90,0,0" color="0,220,0" radius="0.5" length="4" />
		<capsule pos="-3.4499999999999957,-24.75,14.950000000000003" vel="0,0,0" mass="1" elasticityCoef="1" ang="90,0,0" color="0,220,0" radius="0.5" length="4" />
		<capsule pos="-3.4499999999999957,-24.75,17.25" vel="0,0,0" mass="1" elasticityCoef="1" ang="90,0,0" color="0,220,0" radius="0.5" length="4" />
		<capsule pos="-3.4499999999999957,-24.75,19.550000000000004" vel="0,0,0" mass="1" elasticityCoef="1" ang="90,0,0" color="0,220,0" radius="0.5" length="4" />
		<capsule pos="-3.4499999999999957,-24.75,21.85" vel="0,0,0" mass="1" elasticityCoef="1" ang="90,0,0" color="0,220,0" radius="0.5" length="4" />
		<capsule pos="-3.4499999999999957,-24.75,24.15" vel="0,0,0" mass="1" elasticityCoef="1" ang="90,0,0" color="0,220,0" radius="0.5" length="4" />
		<capsule pos="-3.4499999999999957,-24.75,26.450000000000003" vel="0,0,0" mass="1" elasticityCoef="1" ang="90,0,0" color="0,220,0" radius="0.5" length="4" />
		<capsule pos="-3.4499999999999957,-24.75,28.75" vel="0,0,0" mass="1" elasticityCoef="1" ang="90,0,0" color="0,220,0" radius="0.5" length="4" />
		<capsule pos="-3.4499999999999957,-24.75,31.049999999999997" vel="0,0,0" mass="1" elasticityCoef="1" ang="90,0,0" color="0,220,0" radius="0.5" length="4" />
		<capsule pos="-3.4499999999999957,-19.25,-33.349999999999994" vel="0,0,0" mass="1" elasticityCoef="1" ang="90,0,0" color="0,220,0" radius="0.5" length="4" />
		<capsule pos="-3.4499999999999957,-19.25,-31.049999999999994" vel="0,0,0" mass="1" elasticityCoef="1" ang="90,0,0" color="0,220,0" radius="0.5" length="4" />
		<capsule pos="-3.4499999999999957,-19.25,-28.749999999999993" vel="0,0,0" mass="1" elasticityCoef="1" ang="90,0,0" color="0,220,0" radius="0.5" length="4" />
		<capsule pos="-3.4499999999999957,-19.25,-26.449999999999996" vel="0,0,0" mass="1" elasticityCoef="1" ang="90,0,0" color="0,220,0" radius="0.5" length="4" />
		<capsule pos="-3.4499999999999957,-19.25,-24.149999999999995" vel="0,0,0" mass="1" elasticityCoef="1" ang="90,0,0" color="0,220,0" radius="0.5" length="4" />
		<capsule pos="-3.4499999999999957,-19.25,-21.849999999999994" vel="0,0,0" mass="1" elasticityCoef="1" ang="90,0,0" color="0,220,0" radius="0.5" length="4" />
		<capsule pos="-3.4499999999999957,-19.25,-19.549999999999997" vel="0,0,0" mass="1" elasticityCoef="1" ang="90,0,0" color="0,220,0" radius="0.5" length="4" />
		<capsule pos="-3.4499999999999957,-19.25,-17.249999999999996" vel="0,0,0" mass="1" elasticityCoef="1" ang="90,0,0" color="0,220,0" radius="0.5" length="4" />
		<capsule pos="-3.4499999999999957,-19.25,-14.949999999999996" vel="0,0,0" mass="1" elasticityCoef="1" ang="90,0,0" color="0,220,0" radius="0.5" length="4" />
		<capsule pos="-3.4499999999999957,-19.25,-12.649999999999995" vel="0,0,0" mass="1" elasticityCoef="1" ang="90,0,0" color="0,220,0" radius="0.5" length="4" />
		<capsule pos="-3.4499999999999957,-19.25,-10.349999999999994" vel="0,0,0" mass="1" elasticityCoef="1" ang="90,0,0" color="0,220,0" radius="0.5" length="4" />
		<capsule pos="-3.4499999999999957,-19.25,-8.049999999999997" vel="0,0,0" mass="1" elasticityCoef="1" ang="90,0,0" color="0,220,0" radius="0.5" length="4" />
		<capsule pos="-3.4499999999999957,-19.25,-5.7499999999999964" vel="0,0,0" mass="1" elasticityCoef="1" ang="90,0,0" color="0,220,0" radius="0.5" length="4" />
		<capsule pos="-3.4499999999999957,-19.25,-3.4499999999999957" vel="0,0,0" mass="1" elasticityCoef="1" ang="90,0,0" color="0,220,0" radius="0.5" length="4" />
		<capsule pos="-3.4499999999999957,-19.25,-1.1499999999999986" vel="0,0,0" mass="1" elasticityCoef="1" ang="90,0,0" color="0,220,0" radius="0.5" length="4" />
		<capsule pos="-3.4499999999999957,-19.25,1.1500000000000057" vel="0,0,0" mass="1" elasticityCoef="1" ang="90,0,0" color="0,220,0" radius="0.5" length="4" />
		<capsule pos="-3.4499999999999957,-19.25,3.450000000000003" vel="0,0,0" mass="1" elasticityCoef="1" ang="90,0,0" color="0,220,0" radius="0.5" length="4" />
		<capsule pos="-3.4499999999999957,-19.25,5.75" vel="0,0,0" mass="1" elasticityCoef="1" ang="90,0,0" color="0,220,0" radius="0.5" length="4" />
		<capsule pos="-3.4499999999999957,-19.25,8.050000000000004" vel="0,0,0" mass="1" elasticityCoef="1" ang="90,0,0" color="0,220,0" radius="0.5" length="4" />
		<capsule pos="-3.4499999999999957,-19.25,10.350000000000001" vel="0,0,0" mass="1" elasticityCoef="1" ang="90,0,0" color="0,220,0" radius="0.5" length="4" />
		<capsule pos="-3.4499999999999957,-19.25,12.650000000000006" vel="0,0,0" mass="1" elasticityCoef="1" ang="90,0,0" color="0,220,0" radius="0.5" length="4" />
		<capsule pos="-3.4499999999999957,-19.25,14.950000000000003" vel="0,0,0" mass="1" elasticityCoef="1" ang="90,0,0" color="0,220,0" radius="0.5" length="4" />
		<capsule pos="-3.4499999999999957,-19.25,17.25" vel="0,0,0" mass="1" elasticityCoef="1" ang="90,0,0" color="0,220,0" radius="0.5" length="4" />
		<capsule pos="-3.4499999999999957,-19.25,19.550000000000004" vel="0,0,0" mass="1" elasticityCoef="1" ang="90,0,0" color="0,220,0" radius="0.5" length="4" />
		<capsule pos="-3.4499999999999957,-19.25,21.85" vel="0,0,0" mass="1" elasticityCoef="1" ang="90,0,0" color="0,220,0" radius="0.5" length="4" />
		<capsule pos="-3.4499999999999957,-19.25,24.15" vel="0,0,0" mass="1" elasticityCoef="1" ang="90,0,0" color="0,220,0" radius="0.5" length="4" />
		<capsule pos="-3.4499999999999957,-19.25,26.450000000000003" vel="0,0,0" mass="1" elasticityCoef="1" ang="90,0,0" color="0,220,0" radius="0.5" length="4" />
		<capsule pos="-3.4499999999999957,-19.25,28.75" vel="0,0,0" mass="1" elasticityCoef="1" ang="90,0,0" color="0,220,0" radius="0.5" length="4" />
		<capsule pos="-3.4499999999999957,-19.25,31.049999999999997" vel="0,0,0" mass="1" elasticityCoef="1" ang="90,0,0" color="0,220,0" radius="0.5" length="4" />
		<capsule pos="-3.4499999999999957,-13.75,-33.349999999999994" vel="0,0,0" mass="1" elasticityCoef="1" ang="90,0,0" color="0,220,0" radius="0.5" length="4" />
		<capsule pos="-3.4499999999999957,-13.75,-31.049999999999994" vel="0,0,0" mass="1" elasticityCoef="1" ang="90,0,0" color="0,220,0" radius="0.5" length="4" />
		<capsule pos="-3.4499999999999957,-13.75,-28.749999999999993" vel="0,0,0" mass="1" elasticityCoef="1" ang="90,0,0" color="0,220,0" radius="0.5" length="4" />
		<capsule pos="-3.4499999999999957,-13.75,-26.449999999999996" vel="0,0,0" mass="1" elasticityCoef="1" ang="90,0,0" color="0,220,0" radius="0.5" length="4" />
		<capsule pos="-3.4499999999999957,-13.75,-24.149999999999995" vel="0,0,0" mass="1" elasticityCoef="1" ang="90,0,0" color="0,220,0" radius="0.5" length="4" />
		<capsule pos="-3.4499999999999957,-13.75,-21.849999999999994" vel="0,0,0" mass="1" elasticityCoef="1" ang="90,0,0" color="0,220,0" radius="0.5" length="4" />
		<capsule pos="-3.4499999999999957,-13.75,-19.549999999999997" vel="0,0,0" mass="1" elasticityCoef="1" ang="90,0,0" color="0,220,0" radius="0.5" length="4" />
		<capsule pos="-3.4499999999999957,-13.75,-17.249999999999996" vel="0,0,0" mass="1" elasticityCoef="1" ang="90,0,0" color="0,220,0" radius="0.5" length="4" />
		<capsule pos="-3.4499999999999957,-13.75,-14.949999999999996" vel="0,0,0" mass="1" elasticityCoef="1" ang="90,0,0" color="0,220,0" radius="0.5" length="4" />
		<capsule pos="-3.4499999999999957,-13.75,-12.649999999999995" vel="0,0,0" mass="1" elasticityCoef="1" ang="90,0,0" color="0,220,0" radius="0.5" length="4" />
		<capsule pos="-3.4499999999999957,-13.75,-10.349999999999994" vel="0,0,0" mass="1" elasticityCoef="1" ang="90,0,0" color="0,220,0" radius="0.5" length="4" />
		<capsule pos="-3.4499999999999957,-13.75,-8.049999999999997" vel="0,0,0" mass="1" elasticityCoef="1" ang="90,0,0" color="0,220,0" radius="0.5" length="4" />
		<capsule pos="-3.4499999999999957,-13.75,-5.7499999999999964" vel="0,0,0" mass="1" elasticityCoef="1" ang="90,0,0" color="0,220,0" radius="0.5" length="4" />
		<capsule pos="-3.4499999999999957,-13.75,-3.4499999999999957" vel="0,0,0" mass="1" elasticityCoef="1" ang="90,0,0" color="0,220,0" radius="0.5" length="4" />
		<capsule pos="-3.4499999999999957,-13.75,-1.1499999999999986" vel="0,0,0" mass="1" elasticityCoef="1" ang="90,0,0" color="0,220,0" radius="0.5" length="4" />
		<capsule pos="-3.4499999999999957,-13.75,1.1500000000000057" vel="0,0,0" mass="1" elasticityCoef="1" ang="90,0,0" color="0,220,0" radius="0.5" length="4" />
		<capsule pos="-3.4499999999999957,-13.75,3.450000000000003" vel="0,0,0" mass="1" elasticityCoef="1" ang="90,0,0" color="0,220,0" radius="0.5" length="4" />
		<capsule pos="-3.4499999999999957,-13.75,5.75" vel="0,0,0" mass="1" elasticityCoef="1" ang="90,0,0" color="0,220,0" radius="0.5" length="4" />
		<capsule pos="-3.4499999999999957,-13.75,8.050000000000004" vel="0,0,0" mass="1" elasticityCoef="1" ang="90,0,0" color="0,220,0" radius="0.5" length="4" />
		<capsule pos="-3.4499999999999957,-13.75,10.350000000000001" vel="0,0,0" mass="1" elasticityCoef="1" ang="90,0,0" color="0,220,0" radius="0.5" length="4" />
		<capsule pos="-3.4499999999999957,-13.75,12.650000000000006" vel="0,0,0" mass="1" elasticityCoef="1" ang="90,0,0" color="0,220,0" radius="0.5" length="4" />
		<capsule pos="-3.4499999999999957,-13.75,14.950000000000003" vel="0,0,0" mass="1" elasticityCoef="1" ang="90,0,0" color="0,220,0" radius="0.5" length="4" />
		<capsule pos="-3.4499999999999957,-13.75,17.25" vel="0,0,0" mass="1" elasticityCoef="1" ang="90,0,0" color="0,220,0" radius="0.5" length="4" />
		<capsule pos="-3.4499999999999957,-13.75,19.550000000000004" vel="0,0,0" mass="1" elasticityCoef="1" ang="90,0,0" color="0,220,0" radius="0.5" length="4" />
		<capsule pos="-3.4499999999999957,-13.75,21.85" vel="0,0,0" mass="1" elasticityCoef="1" ang="90,0,0" color="0,220,0" radius="0.5" length="4" />
		<capsule pos="-3.4499999999999957,-13.75,24.15" vel="0,0,0" mass="1" elasticityCoef="1" ang="90,0,0" color="0,220,0" radius="0.5" length="4" />
		<capsule pos="-3.4499999999999957,-13.75,26.450000000000003" vel="0,0,0" mass="1" elasticityCoef="1" ang="90,0,0" color="0,220,0" radius="0.5" length="4" />
		<capsule pos="-3.4499999999999957,-13.75,28.75" vel="0,0,0" mass="1" elasticityCoef="1" ang="90,0,0" color="0,220,0" radius="0.5" length="4" />
		<capsule pos="-3.4499999999999957,-13.75,31.049999999999997" vel="0,0,0" mass="1" elasticityCoef="1" ang="90,0,0" color="0,220,0" radius="0.5" length="4" />
		<capsule pos="-3.4499999999999957,-8.25,-33.349999999999994" vel="0,0,0" mass="1" elasticityCoef="1" ang="90,0,0" color="0,220,0" radius="0.5" length="4" />
		<capsule pos="-3.4499999999999957,-8.25,-31.049999999999994" vel="0,0,0" mass="1" elasticityCoef="1" ang="90,0,0" color="0,220,0" radius="0.5" length="4" />
		<capsule pos="-3.4499999999999957,-8.25,-28.749999999999993" vel="0,0,0" mass="1" elasticityCoef="1" ang="90,0,0" color="0,220,0" radius="0.5" length="4" />
		<capsule pos="-3.4499999999999957,-8.25,-26.449999999999996" vel="0,0,0" mass="1" elasticityCoef="1" ang="90,0,0" color="0,220,0" radius="0.5" length="4" />
		<capsule pos="-3.4499999999999957,-8.25,-24.149999999999995" vel="0,0,0" mass="1" elasticityCoef="1" ang="90,0,0" color="0,220,0" radius="0.5" length="4" />
		<capsule pos="-3.4499999999999957,-8.25,-21.849999999999994" vel="0,0,0" mass="1" elasticityCoef="1" ang="90,0,0" color="0,220,0" radius="0.5" length="4" />
		<capsule pos="-3.4499999999999957,-8.25,-19.549999999999997" vel="0,0,0" mass="1" elasticityCoef="1" ang="90,0,0" color="0,220,0" radius="0.5" length="4" />
		<capsule pos="-3.4499999999999957,-8.25,-17.249999999999996" vel="0,0,0" mass="1" elasticityCoef="1" ang="90,0,0" color="0,220,0" radius="0.5" length="4" />
		<capsule pos="-3.4499999999999957,-8.25,-14.949999999999996" vel="0,0,0" mass="1" elasticityCoef="1" ang="90,0,0" color="0,220,0" radius="0.5" length="4" />
		<capsule pos="-3.4499999999999957,-8.25,-12.649999999999995" vel="0,0,0" mass="1" elasticityCoef="1" ang="90,0,0" color="0,220,0" radius="0.5" length="4" />
		<capsule pos="-3.4499999999999957,-8.25,-10.349999999999994" vel="0,0,0" mass="1" elasticityCoef="1" ang="90,0,0" color="0,220,0" radius="0.5" length="4" />
		<capsule pos="-3.4499999999999957,-8.25,-8.049999999999997" vel="0,0,0" mass="1" elasticityCoef="1" ang="90,0,0" color="0,220,0" radius="0.5" length="4" />
		<capsule pos="-3.4499999999999957,-8.25,-5.7499999999999964" vel="0,0,0" mass="1" elasticityCoef="1" ang="90,0,0" color="0,220,0" radius="0.5" length="4" />
		<capsule pos="-3.4499999999999957,-8.25,-3.4499999999999957" vel="0,0,0" mass="1" elasticityCoef="1" ang="90,0,0" color="0,220,0" radius="0.5" length="4" />
		<capsule pos="-3.4499999999999957,-8.25,-1.1499999999999986" vel="0,0,0" mass="1" elasticityCoef="1" ang="90,0,0" color="0,220,0" radius="0.5" length="4" />
		<capsule pos="-3.4499999999999957,-8.25,1.1500000000000057" vel="0,0,0" mass="1" elasticityCoef="1" ang="90,0,0" color="0,220,0" radius="0.5" length="4" />
		<capsule pos="-3.4499999999999957,-8.25,3.450000000000003" vel="0,0,0" mass="1" elasticityCoef="1" ang="90,0,0" color="0,220,0" radius="0.5" length="4" />
		<capsule pos="-3.4499999999999957,-8.25,5.75" vel="0,0,0" mass="1" elasticityCoef="1" ang="90,0,0" color="0,220,0" radius="0.5" length="4" />
		<capsule pos="-3.4499999999999957,-8.25,8.050000000000004" vel="0,0,0" mass="1" elasticityCoef="1" ang="90,0,0" color="0,220,0" radius="0.5" length="4" />
		<capsule pos="-3.4499999999999957,-8.25,10.350000000000001" vel="0,0,0" mass="1" elasticityCoef="1" ang="90,0,0" color="0,220,0" radius="0.5" length="4" />
		<capsule pos="-3.4499999999999957,-8.25,12.650000000000006" vel="0,0,0" mass="1" elasticityCoef="1" ang="90,0,0" color="0,220,0" radius="0.5" length="4" />
		<capsule pos="-3.4499999999999957,-8.25,14.950000000000003" vel="0,0,0" mass="1" elasticityCoef="1" ang="90,0,0" color="0,220,0" radius="0.5" length="4" />
		<capsule pos="-3.4499999999999957,-8.25,17.25" vel="0,0,0" mass="1" elasticityCoef="1" ang="90,0,0" color="0,220,0" radius="0.5" length="4" />
		<capsule pos="-3.4499999999999957,-8.25,19.550000000000004" vel="0,0,0" mass="1" elasticityCoef="1" ang="90,0,0" color="0,220,0" radius="0.5" length="4" />
		<capsule pos="-3.4499999999999957,-8.25,21.85" vel="0,0,0" mass="1" elasticityCoef="1" ang="90,0,0" color="0,220,0" radius="0.5" length="4" />
		<capsule pos="-3.4499999999999957,-8.25,24.15" vel="0,0,0" mass="1" elasticityCoef="1" ang="90,0,0" color="0,220,0" radius="0.5" length="4" />
		<capsule pos="-3.4499999999999957,-8.25,26.450000000000003" vel="0,0,0" mass="1" elasticityCoef="1" ang="90,0,0" color="0,220,0" radius="0.5" length="4" />
		<capsule pos="-3.4499999999999957,-8.25,28.75" vel="0,0,0" mass="1" elasticityCoef="1" ang="90,0,0" color="0,220,0" radius="0.5" length="4" />
		<capsule pos="-3.4499999999999957,-8.25,31.049999999999997" vel="0,0,0" mass="1" elasticityCoef="1" ang="90,0,0" color="0,220,0" radius="0.5" length="4" />
		<capsule pos="-3.4499999999999957,-2.75,-33.349999999999994" vel="0,0,0" mass="1" elasticityCoef="1" ang="90,0,0" color="0,220,0" radius="0.5" length="4" />
		<capsule pos="-3.4499999999999957,-2.75,-31.049999999999994" vel="0,0,0" mass="1" elasticityCoef="1" ang="90,0,0" color="0,220,0" radius="0.5" length="4" />
		<capsule pos="-3.4499999999999957,-2.75,-28.749999999999993" vel="0,0,0" mass="1" elasticityCoef="1" ang="90,0,0" color="0,220,0" radius="0.5" length="4" />
		<capsule pos="-3.4499999999999957,-2.75,-26.449999999999996" vel="0,0,0" mass="1" elasticityCoef="1" ang="90,0,0" color="0,220,0" radius="0.5" length="4" />
		<capsule pos="-3.4499999999999957,-2.75,-24.149999999999995" vel="0,0,0" mass="1" elasticityCoef="1" ang="90,0,0" color="0,220,0" radius="0.5" length="4" />
		<capsule pos="-3.4499999999999957,-2.75,-21.849999999999994" vel="0,0,0" mass="1" elasticityCoef="1" ang="90,0,0" color="0,220,0" radius="0.5" length="4" />
		<capsule pos="-3.4499999999999957,-2.75,-19.549999999999997" vel="0,0,0" mass="1" elasticityCoef="1" ang="90,0,0" color="0,220,0" radius="0.5" length="4" />
		<capsule pos="-3.4499999999999957,-2.75,-17.249999999999996" vel="0,0,0" mass="1" elasticityCoef="1" ang="90,0,0" color="0,220,0" radius="0.5" length="4" />
		<capsule pos="-3.4499999999999957,-2.75,-14.949999999999996" vel="0,0,0" mass="1" elasticityCoef="1" ang="90,0,0" color="0,220,0" radius="0.5" length="4" />
		<capsule pos="-3.4499999999999957,-2.75,-12.649999999999995" vel="0,0,0" mass="1" elasticityCoef="1" ang="90,0,0" color="0,220,0" radius="0.5" length="4" />
		<capsule pos="-3.4499999999999957,-2.75,-10.349999999999994" vel="0,0,0" mass="1" elasticityCoef="1" ang="90,0,0" color="0,220,0" radius="0.5" length="4" />
		<capsule pos="-3.4499999999999957,-2.75,-8.049999999999997" vel="0,0,0" mass="1" elasticityCoef="1" ang="90,0,0" color="0,220,0" radius="0.5" length="4" />
		<capsule pos="-3.4499999999999957,-2.75,-5.7499999999999964" vel="0,0,0" mass="1" elasticityCoef="1" ang="90,0,0" color="0,220,0" radius="0.5" length="4" />
		<capsule pos="-3.4499999999999957,-2.75,-3.4499999999999957" vel="0,0,0" mass="1" elasticityCoef="1" ang="90,0,0" color="0,220,0" radius="0.5" length="4" />
		<capsule pos="-3.4499999999999957,-2.75,-1.1499999999999986" vel="0,0,0" mass="1" elasticityCoef="1" ang="90,0,0" color="0,220,0" radius="0.5" length="4" />
		<capsule pos="-3.4499999999999957,-2.75,1.1500000000000057" vel="0,0,0" mass="1" elasticityCoef="1" ang="90,0,0" color="0,220,0" radius="0.5" length="4" />
		<capsule pos="-3.4499999999999957,-2.75,3.450000000000003" vel="0,0,0" mass="1" elasticityCoef="1" ang="90,0,0" color="0,220,0" radius="0.5" length="4" />
		<capsule pos="-3.4499999999999957,-2.75,5.75" vel="0,0,0" mass="1" elasticityCoef="1" ang="90,0,0" color="0,220,0" radius="0.5" length="4" />
		<capsule pos="-3.4499999999999957,-2.75,8.050000000000004" vel="0,0,0" mass="1" elasticityCoef="1" ang="90,0,0" color="0,220,0" radius="0.5" length="4" />
		<capsule pos="-3.4499999999999957,-2.75,10.350000000000001" vel="0,0,0" mass="1" elasticityCoef="1" ang="90,0,0" color="0,220,0" radius="0.5" length="4" />
		<capsule pos="-3.4499999999999957,-2.75,12.650000000000006" vel="0,0,0" mass="1" elasticityCoef="1" ang="90,0,0" color="0,220,0" radius="0.5" length="4" />
		<capsule pos="-3.4499999999999957,-2.75,14.950000000000003" vel="0,0,0" mass="1" elasticityCoef="1" ang="90,0,0" color="0,220,0" radius="0.5" length="4" />
		<capsule pos="-3.4499999999999957,-2.75,17.25" vel="0,0,0" mass="1" elasticityCoef="1" ang="90,0,0" color="0,220,0" radius="0.5" length="4" />
		<capsule pos="-3.4499999999999957,-2.75,19.550000000000004" vel="0,0,0" mass="1" elasticityCoef="1" ang="90,0,0" color="0,220,0" radius="0.5" length="4" />
		<capsule pos="-3.4499999999999957,-2.75,21.85" vel="0,0,0" mass="1" elasticityCoef="1" ang="90,0,0" color="0,220,0" radius="0.5" length="4" />
		<capsule pos="-3.4499999999999957,-2.75,24.15" vel="0,0,0" mass="1" elasticityCoef="1" ang="90,0,0" color="0,220,0" radius="0.5" length="4" />
		<capsule pos="-3.4499999999999957,-2.75,26.450000000000003" vel="0,0,0" mass="1" elasticityCoef="1" ang="90,0,0" color="0,220,0" radius="0.5" length="4" />
		<capsule pos="-3.4499999999999957,-2.75,28.75" vel="0,0,0" mass="1" elasticityCoef="1" ang="90,0,0" color="0,220,0" radius="0.5" length="4" />
		<capsule pos="-3.4499999999999957,-2.75,31.049999999999997" vel="0,0,0" mass="1" elasticityCoef="1" ang="90,0,0" color="0,220,0" radius="0.5" length="4" />
		<capsule pos="-3.4499999999999957,2.75,-33.349999999999994" vel="0,0,0" mass="1" elasticityCoef="1" ang="90,0,0" color="0,220,0" radius="0.5" length="4" />
		<capsule pos="-3.4499999999999957,2.75,-31.049999999999994" vel="0,0,0" mass="1" elasticityCoef="1" ang="90,0,0" color="0,220,0" radius="0.5" length="4" />
		<capsule pos="-3.4499999999999957,2.75,-28.749999999999993" vel="0,0,0" mass="1" elasticityCoef="1" ang="90,0,0" color="0,220,0" radius="0.5" length="4" />
		<capsule pos="-3.4499999999999957,2.75,-26.449999999999996" vel="0,0,0" mass="1" elasticityCoef="1" ang="90,0,0" color="0,220,0" radius="0.5" length="4" />
		<capsule pos="-3.4499999999999957,2.75,-24.149999999999995" vel="0,0,0" mass="1" elasticityCoef="1" ang="90,0,0" color="0,220,0" radius="0.5" length="4" />
		<capsule pos="-3.4499999999999957,2.75,-21.849999999999994" vel="0,0,0" mass="1" elasticityCoef="1" ang="90,0,0" color="0,220,0" radius="0.5" length="4" />
		<capsule pos="-3.4499999999999957,2.75,-19.549999999999997" vel="0,0,0" mass="1" elasticityCoef="1" ang="90,0,0" color="0,220,0" radius="0.5" length="4" />
		<capsule pos="-3.4499999999999957,2.75,-17.249999999999996" vel="0,0,0" mass="1" elasticityCoef="1" ang="90,0,0" color="0,220,0" radius="0.5" length="4" />
		<capsule pos="-3.4499999999999957,2.75,-14.949999999999996" vel="0,0,0" mass="1" elasticityCoef="1" ang="90,0,0" color="0,220,0" radius="0.5" length="4" />
		<capsule pos="-3.4499999999999957,2.75,-12.649999999999995" vel="0,0,0" mass="1" elasticityCoef="1" ang="90,0,0" color="0,220,0" radius="0.5" length="4" />
		<capsule pos="-3.4499999999999957,2.75,-10.349999999999994" vel="0,0,0" mass="1" elasticityCoef="1" ang="90,0,0" color="0,220,0" radius="0.5" length="4" />
		<capsule pos="-3.4499999999999957,2.75,-8.049999999999997" vel="0,0,0" mass="1" elasticityCoef="1" ang="90,0,0" color="0,220,0" radius="0.5" length="4" />
		<capsule pos="-3.4499999999999957,2.75,-5.7499999999999964" vel="0,0,0" mass="1" elasticityCoef="1" ang="90,0,0" color="0,220,0" radius="0.5" length="4" />
		<capsule pos="-3.4499999999999957,2.75,-3.4499999999999957" vel="0,0,0" mass="1" elasticityCoef="1" ang="90,0,0" color="0,220,0" radius="0.5" length="4" />
		<capsule pos="-3.4499999999999957,2.75,-1.1499999999999986" vel="0,0,0" mass="1" elasticityCoef="1" ang="90,0,0" color="0,220,0" radius="0.5" length="4" />
		<capsule pos="-3.4499999999999957,2.75,1.1500000000000057" vel="0,0,0" mass="1" elasticityCoef="1" ang="90,0,0" color="0,220,0" radius="0.5" length="4" />
		<capsule pos="-3.4499999999999957,2.75,3.450000000000003" vel="0,0,0" mass="1" elasticityCoef="1" ang="90,0,0" color="0,220,0" radius="0.5" length="4" />
		<capsule pos="-3.4499999999999957,2.75,5.75" vel="0,0,0" mass="1" elasticityCoef="1" ang="90,0,0" color="0,220,0" radius="0.5" length="4" />
		<capsule pos="-3.4499999999999957,2.75,8.050000000000004" vel="0,0,0" mass="1" elasticityCoef="1" ang="90,0,0" color="0,220,0" radius="0.5" length="4" />
		<capsule pos="-3.4499999999999957,2.75,10.350000000000001" vel="0,0,0" mass="1" elasticityCoef="1" ang="90,0,0" color="0,220,0" radius="0.5" length="4" />
		<capsule pos="-3.4499999999999957,2.75,12.650000000000006" vel="0,0,0" mass="1" elasticityCoef="1" ang="90,0,0" color="0,220,0" radius="0.5" length="4" />
		<capsule pos="-3.4499999999999957,2.75,14.950000000000003" vel="0,0,0" mass="1" elasticityCoef="1" ang="90,0,0" color="0,220,0" radius="0.5" length="4" />
		<capsule pos="-3.4499999999999957,2.75,17.25" vel="0,0,0" mass="1" elasticityCoef="1" ang="90,0,0" color="0,220,0" radius="0.5" length="4" />
		<capsule pos="-3.4499999999999957,2.75,19.550000000000004" vel="0,0,0" mass="1" elasticityCoef="1" ang="90,0,0" color="0,220,0" radius="0.5" length="4" />
		<capsule pos="-3.4499999999999957,2.75,21.85" vel="0,0,0" mass="1" elasticityCoef="1" ang="90,0,0" color="0,220,0" radius="0.5" length="4" />
		<capsule pos="-3.4499999999999957,2.75,24.15" vel="0,0,0" mass="1" elasticityCoef="1" ang="90,0,0" color="0,220,0" radius="0.5" length="4" />
		<capsule pos="-3.4499999999999957,2.75,26.450000000000003" vel="0,0,0" mass="1" elasticityCoef="1" ang="90,0,0" color="0,220,0" radius="0.5" length="4" />
		<capsule pos="-3.4499999999999957,2.75,28.75" vel="0,0,0" mass="1" elasticityCoef="1" ang="90,0,0" color="0,220,0" radius="0.5" length="4" />
		<capsule pos="-3.4499999999999957,2.75,31.049999999999997" vel="0,0,0" mass="1" elasticityCoef="1" ang="90,0,0" color="0,220,0" radius="0.5" length="4" />
		<capsule pos="-3.4499999999999957,8.25,-33.349999999999994" vel="0,0,0" mass="1" elasticityCoef="1" ang="90,0,0" color="0,220,0" radius="0.5" length="4" />
		<capsule pos="-3.4499999999999957,8.25,-31.049999999999994" vel="0,0,0" mass="1" elasticityCoef="1" ang="90,0,0" color="0,220,0" radius="0.5" length="4" />
		<capsule pos="-3.4499999999999957,8.25,-28.749999999999993" vel="0,0,0" mass="1" elasticityCoef="1" ang="90,0,0" color="0,220,0" radius="0.5" length="4" />
		<capsule pos="-3.4499999999999957,8.25,-26.449999999999996" vel="0,0,0" mass="1" elasticityCoef="1" ang="90,0,0" color="0,220,0" radius="0.5" length="4" />
		<capsule pos="-3.4499999999999957,8.25,-24.149999999999995" vel="0,0,0" mass="1" elasticityCoef="1" ang="90,0,0" color="0,220,0" radius="0.5" length="4" />
		<capsule pos="-3.4499999999999957,8.25,-21.849999999999994" vel="0,0,0" mass="1" elasticityCoef="1" ang="90,0,0" color="0,220,0" radius="0.5" length="4" />
		<capsule pos="-3.4499999999999957,8.25,-19.549999999999997" vel="0,0,0" mass="1" elasticityCoef="1" ang="90,0,0" color="0,220,0" radius="0.5" length="4" />
		<capsule pos="-3.4499999999999957,8.25,-17.249999999999996" vel="0,0,0" mass="1" elasticityCoef="1" ang="90,0,0" color="0,220,0" radius="0.5" length="4" />
		<capsule pos="-3.4499999999999957,8.25,-14.949999999999996" vel="0,0,0" mass="1" elasticityCoef="1" ang="90,0,0" color="0,220,0" radius="0.5" length="4" />
		<capsule pos="-3.4499999999999957,8.25,-12.649999999999995" vel="0,0,0" mass="1" elasticityCoef="1" ang="90,0,0" color="0,220,0" radius="0.5" length="4" />
		<capsule pos="-3.4499999999999957,8.25,-10.349999999999994" vel="0,0,0" mass="1" elasticityCoef="1" ang="90,0,0" color="0,220,0" radius="0.5" length="4" />
		<capsule pos="-3.4499999999999957,8.25,-8.049999999999997" vel="0,0,0" mass="1" elasticityCoef="1" ang="90,0,0" color="0,220,0" radius="0.5" length="4" />
		<capsule pos="-3.4499999999999957,8.25,-5.7499999999999964" vel="0,0,0" mass="1" elasticityCoef="1" ang="90,0,0" color="0,220,0" radius="0.5" length="4" />
		<capsule pos="-3.4499999999999957,8.25,-3.4499999999999957" vel="0,0,0" mass="1" elasticityCoef="1" ang="90,0,0" color="0,220,0" radius="0.5" length="4" />
		<capsule pos="-3.4499999999999957,8.25,-1.1499999999999986" vel="0,0,0" mass="1" elasticityCoef="1" ang="90,0,0" color="0,220,0" radius="0.5" length="4" />
		<capsule pos="-3.4499999999999957,8.25,1.1500000000000057" vel="0,0,0" mass="1" elasticityCoef="1" ang="90,0,0" color="0,220,0" radius="0.5" length="4" />
		<capsule pos="-3.4499999999999957,8.25,3.450000000000003" vel="0,0,0" mass="1" elasticityCoef="1" ang="90,0,0" color="0,220,0" radius="0.5" length="4" />
		<capsule pos="-3.4499999999999957,8.25,5.75" vel="0,0,0" mass="1" elasticityCoef="1" ang="90,0,0" color="0,220,0" radius="0.5" length="4" />
		<capsule pos="-3.4499999999999957,8.25,8.050000000000004" vel="0,0,0" mass="1" elasticityCoef="1" ang="90,0,0" color="0,220,0" radius="0.5" length="4" />
		<capsule pos="-3.4499999999999957,8.25,10.350000000000001" vel="0,0,0" mass="1" elasticityCoef="1" ang="90,0,0" color="0,220,0" radius="0.5" length="4" />
		<capsule pos="-3.4499999999999957,8.25,12.650000000000006" vel="0,0,0" mass="1" elasticityCoef="1" ang="90,0,0" color="0,220,0" radius="0.5" length="4" />
		<capsule pos="-3.4499999999999957,8.25,14.950000000000003" vel="0,0,0" mass="1" elasticityCoef="1" ang="90,0,0" color="0,220,0" radius="0.5" length="4" />
		<capsule pos="-3.4499999999999957,8.25,17.25" vel="0,0,0" mass="1" elasticityCoef="1" ang="90,0,0" color="0,220,0" radius="0.5" length="4" />
		<capsule pos="-3.4499999999999957,8.25,19.550000000000004" vel="0,0,0" mass="1" elasticityCoef="1" ang="90,0,0" color="0,220,0" radius="0.5" length="4" />
		<capsule pos="-3.4499999999999957,8.25,21.85" vel="0,0,0" mass="1" elasticityCoef="1" ang="90,0,0" color="0,220,0" radius="0.5" length="4" />
		<capsule pos="-3.4499999999999957,8.25,24.15" vel="0,0,0" mass="1" elasticityCoef="1" ang="90,0,0" color="0,220,0" radius="0.5" length="4" />
		<capsule pos="-3.4499999999999957,8.25,26.450000000000003" vel="0,0,0" mass="1" elasticityCoef="1" ang="90,0,0" color="0,220,0" radius="0.5" length="4" />
		<capsule pos="-3.4499999999999957,8.25,28.75" vel="0,0,0" mass="1" elasticityCoef="1" ang="90,0,0" color="0,220,0" radius="0.5" length="4" />
		<capsule pos="-3.4499999999999957,8.25,31.049999999999997" vel="0,0,0" mass="1" elasticityCoef="1" ang="90,0,0" color="0,220,0" radius="0.5" length="4" />
		<capsule pos="-3.4499999999999957,13.75,-33.349999999999994" vel="0,0,0" mass="1" elasticityCoef="1" ang="90,0,0" color="0,220,0" radius="0.5" length="4" />
		<capsule pos="-3.4499999999999957,13.75,-31.049999999999994" vel="0,0,0" mass="1" elasticityCoef="1" ang="90,0,0" color="0,220,0" radius="0.5" length="4" />
		<capsule pos="-3.4499999999999957,13.75,-28.749999999999993" vel="0,0,0" mass="1" elasticityCoef="1" ang="90,0,0" color="0,220,0" radius="0.5" length="4" />
		<capsule pos="-3.4499999999999957,13.75,-26.449999999999996" vel="0,0,0" mass="1" elasticityCoef="1" ang="90,0,0" color="0,220,0" radius="0.5" length="4" />
		<capsule pos="-3.4499999999999957,13.75,-24.149999999999995" vel="0,0,0" mass="1" elasticityCoef="1" ang="90,0,0" color="0,220,0" radius="0.5" length="4" />
		<capsule pos="-3.4499999999999957,13.75,-21.849999999999994" vel="0,0,0" mass="1" elasticityCoef="1" ang="90,0,0" color="0,220,0" radius="0.5" length="4" />
		<capsule pos="-3.4499999999999957,13.75,-19.549999999999997" vel="0,0,0" mass="1" elasticityCoef="1" ang="90,0,0" color="0,220,0" radius="0.5" length="4" />
		<capsule pos="-3.4499999999999957,13.75,-17.249999999999996" vel="0,0,0" mass="1" elasticityCoef="1" ang="90,0,0" color="0,220,0" radius="0.5" length="4" />
		<capsule pos="-3.4499999999999957,13.75,-14.949999999999996" vel="0,0,0" mass="1" elasticityCoef="1" ang="90,0,0" color="0,220,0" radius="0.5" length="4" />
		<capsule pos="-3.4499999999999957,13.75,-12.649999999999995" vel="0,0,0" mass="1" elasticityCoef="1" ang="90,0,0" color="0,220,0" radius="0.5" length="4" />
		<capsule pos="-3.4499999999999957,13.75,-10.349999999999994" vel="0,0,0" mass="1" elasticityCoef="1" ang="90,0,0" color="0,220,0" radius="0.5" length="4" />
		<capsule pos="-3.4499999999999957,13.75,-8.049999999999997" vel="0,0,0" mass="1" elasticityCoef="1" ang="90,0,0" color="0,220,0" radius="0.5" length="4" />
		<capsule pos="-3.4499999999999957,13.75,-5.7499999999999964" vel="0,0,0" mass="1" elasticityCoef="1" ang="90,0,0" color="0,220,0" radius="0.5" length="4" />
		<capsule pos="-3.4499999999999957,13.75,-3.4499999999999957" vel="0,0,0" mass="1" elasticityCoef="1" ang="90,0,0" color="0,220,0" radius="0.5" length="4" />
		<capsule pos="-3.4499999999999957,13.75,-1.1499999999999986" vel="0,0,0" mass="1" elasticityCoef="1" ang="90,0,0" color="0,220,0" radius="0.5" length="4" />
		<capsule pos="-3.4499999999999957,13.75,1.1500000000000057" vel="0,0,0" mass="1" elasticityCoef="1" ang="90,0,0" color="0,220,0" radius="0.5" length="4" />
		<capsule pos="-3.4499999999999957,13.75,3.450000000000003" vel="0,0,0" mass="1" elasticityCoef="1" ang="90,0,0" color="0,220,0" radius="0.5" length="4" />
		<capsule pos="-3.4499999999999957,13.75,5.75" vel="0,0,0" mass="1" elasticityCoef="1" ang="90,0,0" color="0,220,0" radius="0.5" length="4" />
		<capsule pos="-3.4499999999999957,13.75,8.050000000000004" vel="0,0,0" mass="1" elasticityCoef="1" ang="90,0,0" color="0,220,0" radius="0.5" length="4" />
		<capsule pos="-3.4499999999999957,13.75,10.350000000000001" vel="0,0,0" mass="1" elasticityCoef="1" ang="90,0,0" color="0,220,0" radius="0.5" length="4" />
		<capsule pos="-3.4499999999999957,13.75,12.650000000000006" vel="0,0,0" mass="1" elasticityCoef="1" ang="90,0,0" color="0,220,0" radius="0.5" length="4" />
		<capsule pos="-3.4499999999999957,13.75,14.950000000000003" vel="0,0,0" mass="1" elasticityCoef="1" ang="90,0,0" color="0,220,0" radius="0.5" length="4" />
		<capsule pos="-3.4499999999999957,13.75,17.25" vel="0,0,0" mass="1" elasticityCoef="1" ang="90,0,0" color="0,220,0" radius="0.5" length="4" />
		<capsule pos="-3.4499999999999957,13.75,19.550000000000004" vel="0,0,0" mass="1" elasticityCoef="1" ang="90,0,0" color="0,220,0" radius="0.5" length="4" />
		<capsule pos="-3.4499999999999957,13.75,21.85" vel="0,0,0" mass="1" elasticityCoef="1" ang="90,0,0" color="0,220,0" radius="0.5" length="4" />
		<capsule pos="-3.4499999999999957,13.75,24.15" vel="0,0,0" mass="1" elasticityCoef="1" ang="90,0,0" color="0,220,0" radius="0.5" length="4" />
		<capsule pos="-3.4499999999999957,13.75,26.450000000000003" vel="0,0,0" mass="1" elasticityCoef="1" ang="90,0,0" color="0,220,0" radius="0.5" length="4" />
		<capsule pos="-3.4499999999999957,13.75,28.75" vel="0,0,0" mass="1" elasticityCoef="1" ang="90,0,0" color="0,220,0" radius="0.5" length="4" />
		<capsule pos="-3.4499999999999957,13.75,31.049999999999997" vel="0,0,0" mass="1" elasticityCoef="1" ang="90,0,0" color="0,220,0" radius="0.5" length="4" />
		<capsule pos="-3.4499999999999957,19.25,-33.349999999999994" vel="0,0,0" mass="1" elasticityCoef="1" ang="90,0,0" color="0,220,0" radius="0.5" length="4" />
		<capsule pos="-3.4499999999999957,19.25,-31.049999999999994" vel="0,0,0" mass="1" elasticityCoef="1" ang="90,0,0" color="0,220,0" radius="0.5" length="4" />
		<capsule pos="-3.4499999999999957,19.25,-28.749999999999993" vel="0,0,0" mass="1" elasticityCoef="1" ang="90,0,0" color="0,220,0" radius="0.5" length="4" />
		<capsule pos="-3.4499999999999957,19.25,-26.449999999999996" vel="0,0,0" mass="1" elasticityCoef="1" ang="90,0,0" color="0,220,0" radius="0.5" length="4" />
		<capsule pos="-3.4499999999999957,19.25,-24.149999999999995" vel="0,0,0" mass="1" elasticityCoef="1" ang="90,0,0" color="0,220,0" radius="0.5" length="4" />
		<capsule pos="-3.4499999999999957,19.25,-21.849999999999994" vel="0,0,0" mass="1" elasticityCoef="1" ang="90,0,0" color="0,220,0" radius="0.5" length="4" />
		<capsule pos="-3.4499999999999957,19.25,-19.549999999999997" vel="0,0,0" mass="1" elasticityCoef="1" ang="90,0,0" color="0,220,0" radius="0.5" length="4" />
		<capsule pos="-3.4499999999999957,19.25,-17.249999999999996" vel="0,0,0" mass="1" elasticityCoef="1" ang="90,0,0" color="0,220,0" radius="0.5" length="4" />
		<capsule pos="-3.4499999999999957,19.25,-14.949999999999996" vel="0,0,0" mass="1" elasticityCoef="1" ang="90,0,0" color="0,220,0" radius="0.5" length="4" />
		<capsule pos="-3.4499999999999957,19.25,-12.649999999999995" vel="0,0,0" mass="1" elasticityCoef="1" ang="90,0,0" color="0,220,0" radius="0.5" length="4" />
		<capsule pos="-3.4499999999999957,19.25,-10.349999999999994" vel="0,0,0" mass="1" elasticityCoef="1" ang="90,0,0" color="0,220,0" radius="0.5" length="4" />
		<capsule pos="-3.4499999999999957,19.25,-8.049999999999997" vel="0,0,0" mass="1" elasticityCoef="1" ang="90,0,0" color="0,220,0" radius="0.5" length="4" />
		<capsule pos="-3.4499999999999957,19.25,-5.7499999999999964" vel="0,0,0" mass="1" elasticityCoef="1" ang="90,0,0" color="0,220,0" radius="0.5" length="4" />
		<capsule pos="-3.4499999999999957,19.25,-3.4499999999999957" vel="0,0,0" mass="1" elasticityCoef="1" ang="90,0,0" color="0,220,0" radius="0.5" length="4" />
		<capsule pos="-3.4499999999999957,19.25,-1.1499999999999986" vel="0,0,0" mass="1" elasticityCoef="1" ang="90,0,0" color="0,220,0" radius="0.5" length="4" />
		<capsule pos="-3.4499999999999957,19.25,1.1500000000000057" vel="0,0,0" mass="1" elasticityCoef="1" ang="90,0,0" color="0,220,0" radius="0.5" length="4" />
		<capsule pos="-3.4499999999999957,19.25,3.450000000000003" vel="0,0,0" mass="1" elasticityCoef="1" ang="90,0,0" color="0,220,0" radius="0.5" length="4" />
		<capsule pos="-3.4499999999999957,19.25,5.75" vel="0,0,0" mass="1" elasticityCoef="1" ang="90,0,0" color="0,220,0" radius="0.5" length="4" />
		<capsule pos="-3.4499999999999957,19.25,8.050000000000004" vel="0,0,0" mass="1" elasticityCoef="1" ang="90,0,0" color="0,220,0" radius="0.5" length="4" />
		<capsule pos="-3.4499999999999957,19.25,10.350000000000001" vel="0,0,0" mass="1" elasticityCoef="1" ang="90,0,0" color="0,220,0" radius="0.5" length="4" />
		<capsule pos="-3.4499999999999957,19.25,12.650000000000006" vel="0,0,0" mass="1" elasticityCoef="1" ang="90,0,0" color="0,220,0" radius="0.5" length="4" />
		<capsule pos="-3.4499999999999957,19.25,14.950000000000003" vel="0,0,0" mass="1" elasticityCoef="1" ang="90,0,0" color="0,220,0" radius="0.5" length="4" />
		<capsule pos="-3.4499999999999957,19.25,17.25" vel="0,0,0" mass="1" elasticityCoef="1" ang="90,0,0" color="0,220,0" radius="0.5" length="4" />
		<capsule pos="-3.4499999999999957,19.25,19.550000000000004" vel="0,0,0" mass="1" elasticityCoef="1" ang="90,0,0" color="0,220,0" radius="0.5" length="4" />
		<capsule pos="-3.4499999999999957,19.25,21.85" vel="0,0,0" mass="1" elasticityCoef="1" ang="90,0,0" color="0,220,0" radius="0.5" length="4" />
		<capsule pos="-3.4499999999999957,19.25,24.15" vel="0,0,0" mass="1" elasticityCoef="1" ang="90,0,0" color="0,220,0" radius="0.5" length="4" />
		<capsule pos="-3.4499999999999957,19.25,26.450000000000003" vel="0,0,0" mass="1" elasticityCoef="1" ang="90,0,0" color="0,220,0" radius="0.5" length="4" />
		<capsule pos="-3.4499999999999957,19.25,28.75" vel="0,0,0" mass="1" elasticityCoef="1" ang="90,0,0" color="0,220,0" radius="0.5" length="4" />
		<capsule pos="-3.4499999999999957,19.25,31.049999999999997" vel="0,0,0" mass="1" elasticityCoef="1" ang="90,0,0" color="0,220,0" radius="0.5" length="4" />
		<capsule pos="-3.4499999999999957,24.75,-33.349999999999994" vel="0,0,0" mass="1" elasticityCoef="1" ang="90,0,0" color="0,220,0" radius="0.5" length="4" />
		<capsule pos="-3.4499999999999957,24.75,-31.049999999999994" vel="0,0,0" mass="1" elasticityCoef="1" ang="90,0,0" color="0,220,0" radius="0.5" length="4" />
		<capsule pos="-3.4499999999999957,24.75,-28.749999999999993" vel="0,0,0" mass="1" elasticityCoef="1" ang="90,0,0" color="0,220,0" radius="0.5" length="4" />
		<capsule pos="-3.4499999999999957,24.75,-26.449999999999996" vel="0,0,0" mass="1" elasticityCoef="1" ang="90,0,0" color="0,220,0" radius="0.5" length="4" />
		<capsule pos="-3.4499999999999957,24.75,-24.149999999999995" vel="0,0,0" mass="1" elasticityCoef="1" ang="90,0,0" color="0,220,0" radius="0.5" length="4" />
		<capsule pos="-3.4499999999999957,24.75,-21.849999999999994" vel="0,0,0" mass="1" elasticityCoef="1" ang="90,0,0" color="0,220,0" radius="0.5" length="4" />
		<capsule pos="-3.4499999999999957,24.75,-19.549999999999997" vel="0,0,0" mass="1" elasticityCoef="1" ang="90,0,0" color="0,220,0" radius="0.5" length="4" />
		<capsule pos="-3.4499999999999957,24.75,-17.249999999999996" vel="0,0,0" mass="1" elasticityCoef="1" ang="90,0,0" color="0,220,0" radius="0.5" length="4" />
		<capsule pos="-3.4499999999999957,24.75,-14.949999999999996" vel="0,0,0" mass="1" elasticityCoef="1" ang="90,0,0" color="0,220,0" radius="0.5" length="4" />
		<capsule pos="-3.4499999999999957,24.75,-12.649999999999995" vel="0,0,0" mass="1" elasticityCoef="1" ang="90,0,0" color="0,220,0" radius="0.5" length="4" />
		<capsule pos="-3.4499999999999957,24.75,-10.349999999999994" vel="0,0,0" mass="1" elasticityCoef="1" ang="90,0,0" color="0,220,0" radius="0.5" length="4" />
		<capsule pos="-3.4499999999999957,24.75,-8.049999999999997" vel="0,0,0" mass="1" elasticityCoef="1" ang="90,0,0" color="0,220,0" radius="0.5" length="4" />
		<capsule pos="-3.4499999999999957,24.75,-5.7499999999999964" vel="0,0,0" mass="1" elasticityCoef="1" ang="90,0,0" color="0,220,0" radius="0.5" length="4" />
		<capsule pos="-3.4499999999999957,24.75,-3.4499999999999957" vel="0,0,0" mass="1" elasticityCoef="1" ang="90,0,0" color="0,220,0" radius="0.5" length="4" />
		<capsule pos="-3.4499999999999957,24.75,-1.1499999999999986" vel="0,0,0" mass="1" elasticityCoef="1" ang="90,0,0" color="0,220,0" radius="0.5" length="4" />
		<capsule pos="-3.4499999999999957,24.75,1.1500000000000057" vel="0,0,0" mass="1" elasticityCoef="1" ang="90,0,0" color="0,220,0" radius="0.5" length="4" />
		<capsule pos="-3.4499999999999957,24.75,3.450000000000003" vel="0,0,0" mass="1" elasticityCoef="1" ang="90,0,0" color="0,220,0" radius="0.5" length="4" />
		<capsule pos="-3.4499999999999957,24.75,5.75" vel="0,0,0" mass="1" elasticityCoef="1" ang="90,0,0" color="0,220,0" radius="0.5" length="4" />
		<capsule pos="-3.4499999999999957,24.75,8.050000000000004" vel="0,0,0" mass="1" elasticityCoef="1" ang="90,0,0" color="0,220,0" radius="0.5" length="4" />
		<capsule pos="-3.4499999999999957,24.75,10.350000000000001" vel="0,0,0" mass="1" elasticityCoef="1" ang="90,0,0" color="0,220,0" radius="0.5" length="4" />
		<capsule pos="-3.4499999999999957,24.75,12.650000000000006" vel="0,0,0" mass="1" elasticityCoef="1" ang="90,0,0" color="0,220,0" radius="0.5" length="4" />
		<capsule pos="-3.4499999999999957,24.75,14.950000000000003" vel="0,0,0" mass="1" elasticityCoef="1" ang="90,0,0" color="0,220,0" radius="0.5" length="4" />
		<capsule pos="-3.4499999999999957,24.75,17.25" vel="0,0,0" mass="1" elasticityCoef="1" ang="90,0,0" color="0,220,0" radius="0.5" length="4" />
		<capsule pos="-3.4499999999999957,24.75,19.550000000000004" vel="0,0,0" mass="1" elasticityCoef="1" ang="90,0,0" color="0,220,0" radius="0.5" length="4" />
		<capsule pos="-3.4499999999999957,24.75,21.85" vel="0,0,0" mass="1" elasticityCoef="1" ang="90,0,0" color="0,220,0" radius="0.5" length="4" />
		<capsule pos="-3.4499999999999957,24.75,24.15" vel="0,0,0" mass="1" elasticityCoef="1" ang="90,0,0" color="0,220,0" radius="0.5" length="4" />
		<capsule pos="-3.4499999999999957,24.75,26.450000000000003" vel="0,0,0" mass="1" elasticityCoef="1" ang="90,0,0" color="0,220,0" radius="0.5" length="4" />
		<capsule pos="-3.4499999999999957,24.75,28.75" vel="0,0,0" mass="1" elasticityCoef="1" ang="90,0,0" color="0,220,0" radius="0.5" length="4" />
		<capsule pos="-3.4499999999999957,24.75,31.049999999999997" vel="0,0,0" mass="1" elasticityCoef="1" ang="90,0,0" color="0,220,0" radius="0.5" length="4" />
		<capsule pos="-3.4499999999999957,30.25,-33.349999999999994" vel="0,0,0" mass="1" elasticityCoef="1" ang="90,0,0" color="0,220,0" radius="0.5" length="4" />
		<capsule pos="-3.4499999999999957,30.25,-31.049999999999994" vel="0,0,0" mass="1" elasticityCoef="1" ang="90,0,0" color="0,220,0" radius="0.5" length="4" />
		<capsule pos="-3.4499999999999957,30.25,-28.749999999999993" vel="0,0,0" mass="1" elasticityCoef="1" ang="90,0,0" color="0,220,0" radius="0.5" length="4" />
		<capsule pos="-3.4499999999999957,30.25,-26.449999999999996" vel="0,0,0" mass="1" elasticityCoef="1" ang="90,0,0" color="0,220,0" radius="0.5" length="4" />
		<capsule pos="-3.4499999999999957,30.25,-24.149999999999995" vel="0,0,0" mass="1" elasticityCoef="1" ang="90,0,0" color="0,220,0" radius="0.5" length="4" />
		<capsule pos="-3.4499999999999957,30.25,-21.849999999999994" vel="0,0,0" mass="1" elasticityCoef="1" ang="90,0,0" color="0,220,0" radius="0.5" length="4" />
		<capsule pos="-3.4499999999999957,30.25,-19.549999999999997" vel="0,0,0" mass="1" elasticityCoef="1" ang="90,0,0" color="0,220,0" radius="0.5" length="4" />
		<capsule pos="-3.4499999999999957,30.25,-17.249999999999996" vel="0,0,0" mass="1" elasticityCoef="1" ang="90,0,0" color="0,220,0" radius="0.5" length="4" />
		<capsule pos="-3.4499999999999957,30.25,-14.949999999999996" vel="0,0,0" mass="1" elasticityCoef="1" ang="90,0,0" color="0,220,0" radius="0.5" length="4" />
		<capsule pos="-3.4499999999999957,30.25,-12.649999999999995" vel="0,0,0" mass="1" elasticityCoef="1" ang="90,0,0" color="0,220,0" radius="0.5" length="4" />
		<capsule pos="-3.4499999999999957,30.25,-10.349999999999994" vel="0,0,0" mass="1" elasticityCoef="1" ang="90,0,0" color="0,220,0" radius="0.5" length="4" />
		<capsule pos="-3.4499999999999957,30.25,-8.049999999999997" vel="0,0,0" mass="1" elasticityCoef="1" ang="90,0,0" color="0,220,0" radius="0.5" length="4" />
		<capsule pos="-3.4499999999999957,30.25,-5.7499999999999964" vel="0,0,0" mass="1" elasticityCoef="1" ang="90,0,0" color="0,220,0" radius="0.5" length="4" />
		<capsule pos="-3.4499999999999957,30.25,-3.4499999999999957" vel="0,0,0" mass="1" elasticityCoef="1" ang="90,0,0" color="0,220,0" radius="0.5" length="4" />
		<capsule pos="-3.4499999999999957,30.25,-1.1499999999999986" vel="0,0,0" mass="1" elasticityCoef="1" ang="90,0,0" color="0,220,0" radius="0.5" length="4" />
		<capsule pos="-3.4499999999999957,30.25,1.1500000000000057" vel="0,0,0" mass="1" elasticityCoef="1" ang="90,0,0" color="0,220,0" radius="0.5" length="4" />
		<capsule pos="-3.4499999999999957,30.25,3.450000000000003" vel="0,0,0" mass="1" elasticityCoef="1" ang="90,0,0" color="0,220,0" radius="0.5" length="4" />
		<capsule pos="-3.4499999999999957,30.25,5.75" vel="0,0,0" mass="1" elasticityCoef="1" ang="90,0,0" color="0,220,0" radius="0.5" length="4" />
		<capsule pos="-3.4499999999999957,30.25,8.050000000000004" vel="0,0,0" mass="1" elasticityCoef="1" ang="90,0,0" color="0,220,0" radius="0.5" length="4" />
		<capsule pos="-3.4499999999999957,30.25,10.350000000000001" vel="0,0,0" mass="1" elasticityCoef="1" ang="90,0,0" color="0,220,0" radius="0.5" length="4" />
		<capsule pos="-3.4499999999999957,30.25,12.650000000000006" vel="0,0,0" mass="1" elasticityCoef="1" ang="90,0,0" color="0,220,0" radius="0.5" length="4" />
		<capsule pos="-3.4499999999999957,30.25,14.950000000000003" vel="0,0,0" mass="1" elasticityCoef="1" ang="90,0,0" color="0,220,0" radius="0.5" length="4" />
		<capsule pos="-3.4499999999999957,30.25,17.25" vel="0,0,0" mass="1" elasticityCoef="1" ang="90,0,0" color="0,220,0" radius="0.5" length="4" />
		<capsule pos="-3.4499999999999957,30.25,19.550000000000004" vel="0,0,0" mass="1" elasticityCoef="1" ang="90,0,0" color="0,220,0" radius="0.5" length="4" />
		<capsule pos="-3.4499999999999957,30.25,21.85" vel="0,0,0" mass="1" elasticityCoef="1" ang="90,0,0" color="0,220,0" radius="0.5" length="4" />
		<capsule pos="-3.4499999999999957,30.25,24.15" vel="0,0,0" mass="1" elasticityCoef="1" ang="90,0,0" color="0,220,0" radius="0.5" length="4" />
		<capsule pos="-3.4499999999999957,30.25,26.450000000000003" vel="0,0,0" mass="1" elasticityCoef="1" ang="90,0,0" color="0,220,0" radius="0.5" length="4" />
		<capsule pos="-3.4499999999999957,30.25,28.75" vel="0,0,0" mass="1" elasticityCoef="1" ang="90,0,0" color="0,220,0" radius="0.5" length="4" />
		<capsule pos="-3.4499999999999957,30.25,31.049999999999997" vel="0,0,0" mass="1" elasticityCoef="1" ang="90,0,0" color="0,220,0" radius="0.5" length="4" />
		<capsule pos="-3.4499999999999957,35.75,-33.349999999999994" vel="0,0,0" mass="1" elasticityCoef="1" ang="90,0,0" color="0,220,0" radius="0.5" length="4" />
		<capsule pos="-3.4499999999999957,35.75,-31.049999999999994" vel="0,0,0" mass="1" elasticityCoef="1" ang="90,0,0" color="0,220,0" radius="0.5" length="4" />
		<capsule pos="-3.4499999999999957,35.75,-28.749999999999993" vel="0,0,0" mass="1" elasticityCoef="1" ang="90,0,0" color="0,220,0" radius="0.5" length="4" />
		<capsule pos="-3.4499999999999957,35.75,-26.449999999999996" vel="0,0,0" mass="1" elasticityCoef="1" ang="90,0,0" color="0,220,0" radius="0.5" length="4" />
		<capsule pos="-3.4499999999999957,35.75,-24.149999999999995" vel="0,0,0" mass="1" elasticityCoef="1" ang="90,0,0" color="0,220,0" radius="0.5" length="4" />
		<capsule pos="-3.4499999999999957,35.75,-21.849999999999994" vel="0,0,0" mass="1" elasticityCoef="1" ang="90,0,0" color="0,220,0" radius="0.5" length="4" />
		<capsule pos="-3.4499999999999957,35.75,-19.549999999999997" vel="0,0,0" mass="1" elasticityCoef="1" ang="90,0,0" color="0,220,0" radius="0.5" length="4" />
		<capsule pos="-3.4499999999999957,35.75,-17.249999999999996" vel="0,0,0" mass="1" elasticityCoef="1" ang="90,0,0" color="0,220,0" radius="0.5" length="4" />
		<capsule pos="-3.4499999999999957,35.75,-14.949999999999996" vel="0,0,0" mass="1" elasticityCoef="1" ang="90,0,0" color="0,220,0" radius="0.5" length="4" />
		<capsule pos="-3.4499999999999957,35.75,-12.649999999999995" vel="0,0,0" mass="1" elasticityCoef="1" ang="90,0,0" color="0,220,0" radius="0.5" length="4" />
		<capsule pos="-3.4499999999999957,35.75,-10.349999999999994" vel="0,0,0" mass="1" elasticityCoef="1" ang="90,0,0" color="0,220,0" radius="0.5" length="4" />
		<capsule pos="-3.4499999999999957,35.75,-8.049999999999997" vel="0,0,0" mass="1" elasticityCoef="1" ang="90,0,0" color="0,220,0" radius="0.5" length="4" />
		<capsule pos="-3.4499999999999957,35.75,-5.7499999999999964" vel="0,0,0" mass="1" elasticityCoef="1" ang="90,0,0" color="0,220,0" radius="0.5" length="4" />
		<capsule pos="-3.4499999999999957,35.75,-3.4499999999999957" vel="0,0,0" mass="1" elasticityCoef="1" ang="90,0,0" color="0,220,0" radius="0.5" length="4" />
		<capsule pos="-3.4499999999999957,35.75,-1.1499999999999986" vel="0,0,0" mass="1" elasticityCoef="1" ang="90,0,0" color="0,220,0" radius="0.5" length="4" />
		<capsule pos="-3.4499999999999957,35.75,1.1500000000000057" vel="0,0,0" mass="1" elasticityCoef="1" ang="90,0,0" color="0,220,0" radius="0.5" length="4" />
		<capsule pos="-3.4499999999999957,35.75,3.450000000000003" vel="0,0,0" mass="1" elasticityCoef="1" ang="90,0,0" color="0,220,0" radius="0.5" length="4" />
		<capsule pos="-3.4499999999999957,35.75,5.75" vel="0,0,0" mass="1" elasticityCoef="1" ang="90,0,0" color="0,220,0" radius="0.5" length="4" />
		<capsule pos="-3.4499999999999957,35.75,8.050000000000004" vel="0,0,0" mass="1" elasticityCoef="1" ang="90,0,0" color="0,220,0" radius="0.5" length="4" />
		<capsule pos="-3.4499999999999957,35.75,10.350000000000001" vel="0,0,0" mass="1" elasticityCoef="1" ang="90,0,0" color="0,220,0" radius="0.5" length="4" />
		<capsule pos="-3.4499999999999957,35.75,12.650000000000006" vel="0,0,0" mass="1" elasticityCoef="1" ang="90,0,0" color="0,220,0" radius="0.5" length="4" />
		<capsule pos="-3.4499999999999957,35.75,14.950000000000003" vel="0,0,0" mass="1" elasticityCoef="1" ang="90,0,0" color="0,220,0" radius="0.5" length="4" />
		<capsule pos="-3.4499999999999957,35.75,17.25" vel="0,0,0" mass="1" elasticityCoef="1" ang="90,0,0" color="0,220,0" radius="0.5" length="4" />
		<capsule pos="-3.4499999999999957,35.75,19.550000000000004" vel="0,0,0" mass="1" elasticityCoef="1" ang="90,0,0" color="0,220,0" radius="0.5" length="4" />
		<capsule pos="-3.4499999999999957,35.75,21.85" vel="0,0,0" mass="1" elasticityCoef="1" ang="90,0,0" color="0,220,0" radius="0.5" length="4" />
		<capsule pos="-3.4499999999999957,35.75,24.15" vel="0,0,0" mass="1" elasticityCoef="1" ang="90,0,0" color="0,220,0" radius="0.5" length="4" />
		<capsule pos="-3.4499999999999957,35.75,26.450000000000003" vel="0,0,0" mass="1" elasticityCoef="1" ang="90,0,0" color="0,220,0" radius="0.5" length="4" />
		<capsule pos="-3.4499999999999957,35.75,28.75" vel="0,0,0" mass="1" elasticityCoef="1" ang="90,0,0" color="0,220,0" radius="0.5" length="4" />
		<capsule pos="-3.4499999999999957,35.75,31.049999999999997" vel="0,0,0" mass="1" elasticityCoef="1" ang="90,0,0" color="0,220,0" radius="0.5" length="4" />
		<capsule pos="-1.1499999999999986,-41.25,-33.349999999999994" vel="0,0,0" mass="1" elasticityCoef="1" ang="90,0,0" color="0,220,0" radius="0.5" length="4" />
		<capsule pos="-1.1499999999999986,-41.25,-31.049999999999994" vel="0,0,0" mass="1" elasticityCoef="1" ang="90,0,0" color="0,220,0" radius="0.5" length="4" />
		<capsule pos="-1.1499999999999986,-41.25,-28.749999999999993" vel="0,0,0" mass="1" elasticityCoef="1" ang="90,0,0" color="0,220,0" radius="0.5" length="4" />
		<capsule pos="-1.1499999999999986,-41.25,-26.449999999999996" vel="0,0,0" mass="1" elasticityCoef="1" ang="90,0,0" color="0,220,0" radius="0.5" length="4" />
		<capsule pos="-1.1499999999999986,-41.25,-24.149999999999995" vel="0,0,0" mass="1" elasticityCoef="1" ang="90,0,0" color="0,220,0" radius="0.5" length="4" />
		<capsule pos="-1.1499999999999986,-41.25,-21.849999999999994" vel="0,0,0" mass="1" elasticityCoef="1" ang="90,0,0" color="0,220,0" radius="0.5" length="4" />
		<capsule pos="-1.1499999999999986,-41.25,-19.549999999999997" vel="0,0,0" mass="1" elasticityCoef="1" ang="90,0,0" color="0,220,0" radius="0.5" length="4" />
		<capsule pos="-1.1499999999999986,-41.25,-17.249999999999996" vel="0,0,0" mass="1" elasticityCoef="1" ang="90,0,0" color="0,220,0" radius="0.5" length="4" />
		<capsule pos="-1.1499999999999986,-41.25,-14.949999999999996" vel="0,0,0" mass="1" elasticityCoef="1" ang="90,0,0" color="0,220,0" radius="0.5" length="4" />
		<capsule pos="-1.1499999999999986,-41.25,-12.649999999999995" vel="0,0,0" mass="1" elasticityCoef="1" ang="90,0,0" color="0,220,0" radius="0.5" length="4" />
		<capsule pos="-1.1499999999999986,-41.25,-10.349999999999994" vel="0,0,0" mass="1" elasticityCoef="1" ang="90,0,0" color="0,220,0" radius="0.5" length="4" />
		<capsule pos="-1.1499999999999986,-41.25,-8.049999999999997" vel="0,0,0" mass="1" elasticityCoef="1" ang="90,0,0" color="0,220,0" radius="0.5" length="4" />
		<capsule pos="-1.1499999999999986,-41.25,-5.7499999999999964" vel="0,0,0" mass="1" elasticityCoef="1" ang="90,0,0" color="0,220,0" radius="0.5" length="4" />
		<capsule pos="-1.1499999999999986,-41.25,-3.4499999999999957" vel="0,0,0" mass="1" elasticityCoef="1" ang="90,0,0" color="0,220,0" radius="0.5" length="4" />
		<capsule pos="-1.1499999999999986,-41.25,-1.1499999999999986" vel="0,0,0" mass="1" elasticityCoef="1" ang="90,0,0" color="0,220,0" radius="0.5" length="4" />
		<capsule pos="-1.1499999999999986,-41.25,1.1500000000000057" vel="0,0,0" mass="1" elasticityCoef="1" ang="90,0,0" color="0,220,0" radius="0.5" length="4" />
		<capsule pos="-1.1499999999999986,-41.25,3.450000000000003" vel="0,0,0" mass="1" elasticityCoef="1" ang="90,0,0" color="0,220,0" radius="0.5" length="4" />
		<capsule pos="-1.1499999999999986,-41.25,5.75" vel="0,0,0" mass="1" elasticityCoef="1" ang="90,0,0" color="0,220,0" radius="0.5" length="4" />
		<capsule pos="-1.1499999999999986,-41.25,8.050000000000004" vel="0,0,0" mass="1" elasticityCoef="1" ang="90,0,0" color="0,220,0" radius="0.5" length="4" />
		<capsule pos="-1.1499999999999986,-41.25,10.350000000000001" vel="0,0,0" mass="1" elasticityCoef="1" ang="90,0,0" color="0,220,0" radius="0.5" length="4" />
		<capsule pos="-1.1499999999999986,-41.25,12.650000000000006" vel="0,0,0" mass="1" elasticityCoef="1" ang="90,0,0" color="0,220,0" radius="0.5" length="4" />
		<capsule pos="-1.1499999999999986,-41.25,14.950000000000003" vel="0,0,0" mass="1" elasticityCoef="1" ang="90,0,0" color="0,220,0" radius="0.5" length="4" />
		<capsule pos="-1.1499999999999986,-41.25,17.25" vel="0,0,0" mass="1" elasticityCoef="1" ang="90,0,0" color="0,220,0" radius="0.5" length="4" />
		<capsule pos="-1.1499999999999986,-41.25,19.550000000000004" vel="0,0,0" mass="1" elasticityCoef="1" ang="90,0,0" color="0,220,0" radius="0.5" length="4" />
		<capsule pos="-1.1499999999999986,-41.25,21.85" vel="0,0,0" mass="1" elasticityCoef="1" ang="90,0,0" color="0,220,0" radius="0.5" length="4" />
		<capsule pos="-1.1499999999999986,-41.25,24.15" vel="0,0,0" mass="1" elasticityCoef="1" ang="90,0,0" color="0,220,0" radius="0.5" length="4" />
		<capsule pos="-1.1499999999999986,-41.25,26.450000000000003" vel="0,0,0" mass="1" elasticityCoef="1" ang="90,0,0" color="0,220,0" radius="0.5" length="4" />
		<capsule pos="-1.1499999999999986,-41.25,28.75" vel="0,0,0" mass="1" elasticityCoef="1" ang="90,0,0" color="0,220,0" radius="0.5" length="4" />
		<capsule pos="-1.1499999999999986,-41.25,31.049999999999997" vel="0,0,0" mass="1" elasticityCoef="1" ang="90,0,0" color="0,220,0" radius="0.5" length="4" />
		<capsule pos="-1.1499999999999986,-35.75,-33.349999999999994" vel="0,0,0" mass="1" elasticityCoef="1" ang="90,0,0" color="0,220,0" radius="0.5" length="4" />
		<capsule pos="-1.1499999999999986,-35.75,-31.049999999999994" vel="0,0,0" mass="1" elasticityCoef="1" ang="90,0,0" color="0,220,0" radius="0.5" length="4" />
		<capsule pos="-1.1499999999999986,-35.75,-28.749999999999993" vel="0,0,0" mass="1" elasticityCoef="1" ang="90,0,0" color="0,220,0" radius="0.5" length="4" />
		<capsule pos="-1.1499999999999986,-35.75,-26.449999999999996" vel="0,0,0" mass="1" elasticityCoef="1" ang="90,0,0" color="0,220,0" radius="0.5" length="4" />
		<capsule pos="-1.1499999999999986,-35.75,-24.149999999999995" vel="0,0,0" mass="1" elasticityCoef="1" ang="90,0,0" color="0,220,0" radius="0.5" length="4" />
		<capsule pos="-1.1499999999999986,-35.75,-21.849999999999994" vel="0,0,0" mass="1" elasticityCoef="1" ang="90,0,0" color="0,220,0" radius="0.5" length="4" />
		<capsule pos="-1.1499999999999986,-35.75,-19.549999999999997" vel="0,0,0" mass="1" elasticityCoef="1" ang="90,0,0" color="0,220,0" radius="0.5" length="4" />
		<capsule pos="-1.1499999999999986,-35.75,-17.249999999999996" vel="0,0,0" mass="1" elasticityCoef="1" ang="90,0,0" color="0,220,0" radius="0.5" length="4" />
		<capsule pos="-1.1499999999999986,-35.75,-14.949999999999996" vel="0,0,0" mass="1" elasticityCoef="1" ang="90,0,0" color="0,220,0" radius="0.5" length="4" />
		<capsule pos="-1.1499999999999986,-35.75,-12.649999999999995" vel="0,0,0" mass="1" elasticityCoef="1" ang="90,0,0" color="0,220,0" radius="0.5" length="4" />
		<capsule pos="-1.1499999999999986,-35.75,-10.349999999999994" vel="0,0,0" mass="1" elasticityCoef="1" ang="90,0,0" color="0,220,0" radius="0.5" length="4" />
		<capsule pos="-1.1499999999999986,-35.75,-8.049999999999997" vel="0,0,0" mass="1" elasticityCoef="1" ang="90,0,0" color="0,220,0" radius="0.5" length="4" />
		<capsule pos="-1.1499999999999986,-35.75,-5.7499999999999964" vel="0,0,0" mass="1" elasticityCoef="1" ang="90,0,0" color="0,220,0" radius="0.5" length="4" />
		<capsule pos="-1.1499999999999986,-35.75,-3.4499999999999957" vel="0,0,0" mass="1" elasticityCoef="1" ang="90,0,0" color="0,220,0" radius="0.5" length="4" />
		<capsule pos="-1.1499999999999986,-35.75,-1.1499999999999986" vel="0,0,0" mass="1" elasticityCoef="1" ang="90,0,0" color="0,220,0" radius="0.5" length="4" />
		<capsule pos="-1.1499999999999986,-35.75,1.1500000000000057" vel="0,0,0" mass="1" elasticityCoef="1" ang="90,0,0" color="0,220,0" radius="0.5" length="4" />
		<capsule pos="-1.1499999999999986,-35.75,3.450000000000003" vel="0,0,0" mass="1" elasticityCoef="1" ang="90,0,0" color="0,220,0" radius="0.5" length="4" />
		<capsule pos="-1.1499999999999986,-35.75,5.75" vel="0,0,0" mass="1" elasticityCoef="1" ang="90,0,0" color="0,220,0" radius="0.5" length="4" />
		<capsule pos="-1.1499999999999986,-35.75,8.050000000000004" vel="0,0,0" mass="1" elasticityCoef="1" ang="90,0,0" color="0,220,0" radius="0.5" length="4" />
		<capsule pos="-1.1499999999999986,-35.75,10.350000000000001" vel="0,0,0" mass="1" elasticityCoef="1" ang="90,0,0" color="0,220,0" radius="0.5" length="4" />
		<capsule pos="-1.1499999999999986,-35.75,12.650000000000006" vel="0,0,0" mass="1" elasticityCoef="1" ang="90,0,0" color="0,220,0" radius="0.5" length="4" />
		<capsule pos="-1.1499999999999986,-35.75,14.950000000000003" vel="0,0,0" mass="1" elasticityCoef="1" ang="90,0,0" color="0,220,0" radius="0.5" length="4" />
		<capsule pos="-1.1499999999999986,-35.75,17.25" vel="0,0,0" mass="1" elasticityCoef="1" ang="90,0,0" color="0,220,0" radius="0.5" length="4" />
		<capsule pos="-1.1499999999999986,-35.75,19.550000000000004" vel="0,0,0" mass="1" elasticityCoef="1" ang="90,0,0" color="0,220,0" radius="0.5" length="4" />
		<capsule pos="-1.1499999999999986,-35.75,21.85" vel="0,0,0" mass="1" elasticityCoef="1" ang="90,0,0" color="0,220,0" radius="0.5" length="4" />
		<capsule pos="-1.1499999999999986,-35.75,24.15" vel="0,0,0" mass="1" elasticityCoef="1" ang="90,0,0" color="0,220,0" radius="0.5" length="4" />
		<capsule pos="-1.1499999999999986,-35.75,26.450000000000003" vel="0,0,0" mass="1" elasticityCoef="1" ang="90,0,0" color="0,220,0" radius="0.5" length="4" />
		<capsule pos="-1.1499999999999986,-35.75,28.75" vel="0,0,0" mass="1" elasticityCoef="1" ang="90,0,0" color="0,220,0" radius="0.5" length="4" />
		<capsule pos="-1.1499999999999986,-35.75,31.049999999999997" vel="0,0,0" mass="1" elasticityCoef="1" ang="90,0,0" color="0,220,0" radius="0.5" length="4" />
		<capsule pos="-1.1499999999999986,-30.25,-33.349999999999994" vel="0,0,0" mass="1" elasticityCoef="1" ang="90,0,0" color="0,220,0" radius="0.5" length="4" />
		<capsule pos="-1.1499999999999986,-30.25,-31.049999999999994" vel="0,0,0" mass="1" elasticityCoef="1" ang="90,0,0" color="0,220,0" radius="0.5" length="4" />
		<capsule pos="-1.1499999999999986,-30.25,-28.749999999999993" vel="0,0,0" mass="1" elasticityCoef="1" ang="90,0,0" color="0,220,0" radius="0.5" length="4" />
		<capsule pos="-1.1499999999999986,-30.25,-26.449999999999996" vel="0,0,0" mass="1" elasticityCoef="1" ang="90,0,0" color="0,220,0" radius="0.5" length="4" />
		<capsule pos="-1.1499999999999986,-30.25,-24.149999999999995" vel="0,0,0" mass="1" elasticityCoef="1" ang="90,0,0" color="0,220,0" radius="0.5" length="4" />
		<capsule pos="-1.1499999999999986,-30.25,-21.849999999999994" vel="0,0,0" mass="1" elasticityCoef="1" ang="90,0,0" color="0,220,0" radius="0.5" length="4" />
		<capsule pos="-1.1499999999999986,-30.25,-19.549999999999997" vel="0,0,0" mass="1" elasticityCoef="1" ang="90,0,0" color="0,220,0" radius="0.5" length="4" />
		<capsule pos="-1.1499999999999986,-30.25,-17.249999999999996" vel="0,0,0" mass="1" elasticityCoef="1" ang="90,0,0" color="0,220,0" radius="0.5" length="4" />
		<capsule pos="-1.1499999999999986,-30.25,-14.949999999999996" vel="0,0,0" mass="1" elasticityCoef="1" ang="90,0,0" color="0,220,0" radius="0.5" length="4" />
		<capsule pos="-1.1499999999999986,-30.25,-12.649999999999995" vel="0,0,0" mass="1" elasticityCoef="1" ang="90,0,0" color="0,220,0" radius="0.5" length="4" />
		<capsule pos="-1.1499999999999986,-30.25,-10.349999999999994" vel="0,0,0" mass="1" elasticityCoef="1" ang="90,0,0" color="0,220,0" radius="0.5" length="4" />
		<capsule pos="-1.1499999999999986,-30.25,-8.049999999999997" vel="0,0,0" mass="1" elasticityCoef="1" ang="90,0,0" color="0,220,0" radius="0.5" length="4" />
		<capsule pos="-1.1499999999999986,-30.25,-5.7499999999999964" vel="0,0,0" mass="1" elasticityCoef="1" ang="90,0,0" color="0,220,0" radius="0.5" length="4" />
		<capsule pos="-1.1499999999999986,-30.25,-3.4499999999999957" vel="0,0,0" mass="1" elasticityCoef="1" ang="90,0,0" color="0,220,0" radius="0.5" length="4" />
		<capsule pos="-1.1499999999999986,-30.25,-1.1499999999999986" vel="0,0,0" mass="1" elasticityCoef="1" ang="90,0,0" color="0,220,0" radius="0.5" length="4" />
		<capsule pos="-1.1499999999999986,-30.25,1.1500000000000057" vel="0,0,0" mass="1" elasticityCoef="1" ang="90,0,0" color="0,220,0" radius="0.5" length="4" />
		<capsule pos="-1.1499999999999986,-30.25,3.450000000000003" vel="0,0,0" mass="1" elasticityCoef="1" ang="90,0,0" color="0,220,0" radius="0.5" length="4" />
		<capsule pos="-1.1499999999999986,-30.25,5.75" vel="0,0,0" mass="1" elasticityCoef="1" ang="90,0,0" color="0,220,0" radius="0.5" length="4" />
		<capsule pos="-1.1499999999999986,-30.25,8.050000000000004" vel="0,0,0" mass="1" elasticityCoef="1" ang="90,0,0" color="0,220,0" radius="0.5" length="4" />
		<capsule pos="-1.1499999999999986,-30.25,10.350000000000001" vel="0,0,0" mass="1" elasticityCoef="1" ang="90,0,0" color="0,220,0" radius="0.5" length="4" />
		<capsule pos="-1.1499999999999986,-30.25,12.650000000000006" vel="0,0,0" mass="1" elasticityCoef="1" ang="90,0,0" color="0,220,0" radius="0.5" length="4" />
		<capsule pos="-1.1499999999999986,-30.25,14.950000000000003" vel="0,0,0" mass="1" elasticityCoef="1" ang="90,0,0" color="0,220,0" radius="0.5" length="4" />
		<capsule pos="-1.1499999999999986,-30.25,17.25" vel="0,0,0" mass="1" elasticityCoef="1" ang="90,0,0" color="0,220,0" radius="0.5" length="4" />
		<capsule pos="-1.1499999999999986,-30.25,19.550000000000004" vel="0,0,0" mass="1" elasticityCoef="1" ang="90,0,0" color="0,220,0" radius="0.5" length="4" />
		<capsule pos="-1.1499999999999986,-30.25,21.85" vel="0,0,0" mass="1" elasticityCoef="1" ang="90,0,0" color="0,220,0" radius="0.5" length="4" />
		<capsule pos="-1.1499999999999986,-30.25,24.15" vel="0,0,0" mass="1" elasticityCoef="1" ang="90,0,0" color="0,220,0" radius="0.5" length="4" />
		<capsule pos="-1.1499999999999986,-30.25,26.450000000000003" vel="0,0,0" mass="1" elasticityCoef="1" ang="90,0,0" color="0,220,0" radius="0.5" length="4" />
		<capsule pos="-1.1499999999999986,-30.25,28.75" vel="0,0,0" mass="1" elasticityCoef="1" ang="90,0,0" color="0,220,0" radius="0.5" length="4" />
		<capsule pos="-1.1499999999999986,-30.25,31.049999999999997" vel="0,0,0" mass="1" elasticityCoef="1" ang="90,0,0" color="0,220,0" radius="0.5" length="4" />
		<capsule pos="-1.1499999999999986,-24.75,-33.349999999999994" vel="0,0,0" mass="1" elasticityCoef="1" ang="90,0,0" color="0,220,0" radius="0.5" length="4" />
		<capsule pos="-1.1499999999999986,-24.75,-31.049999999999994" vel="0,0,0" mass="1" elasticityCoef="1" ang="90,0,0" color="0,220,0" radius="0.5" length="4" />
		<capsule pos="-1.1499999999999986,-24.75,-28.749999999999993" vel="0,0,0" mass="1" elasticityCoef="1" ang="90,0,0" color="0,220,0" radius="0.5" length="4" />
		<capsule pos="-1.1499999999999986,-24.75,-26.449999999999996" vel="0,0,0" mass="1" elasticityCoef="1" ang="90,0,0" color="0,220,0" radius="0.5" length="4" />
		<capsule pos="-1.1499999999999986,-24.75,-24.149999999999995" vel="0,0,0" mass="1" elasticityCoef="1" ang="90,0,0" color="0,220,0" radius="0.5" length="4" />
		<capsule pos="-1.1499999999999986,-24.75,-21.849999999999994" vel="0,0,0" mass="1" elasticityCoef="1" ang="90,0,0" color="0,220,0" radius="0.5" length="4" />
		<capsule pos="-1.1499999999999986,-24.75,-19.549999999999997" vel="0,0,0" mass="1" elasticityCoef="1" ang="90,0,0" color="0,220,0" radius="0.5" length="4" />
		<capsule pos="-1.1499999999999986,-24.75,-17.249999999999996" vel="0,0,0" mass="1" elasticityCoef="1" ang="90,0,0" color="0,220,0" radius="0.5" length="4" />
		<capsule pos="-1.1499999999999986,-24.75,-14.949999999999996" vel="0,0,0" mass="1" elasticityCoef="1" ang="90,0,0" color="0,220,0" radius="0.5" length="4" />
		<capsule pos="-1.1499999999999986,-24.75,-12.649999999999995" vel="0,0,0" mass="1" elasticityCoef="1" ang="90,0,0" color="0,220,0" radius="0.5" length="4" />
		<capsule pos="-1.1499999999999986,-24.75,-10.349999999999994" vel="0,0,0" mass="1" elasticityCoef="1" ang="90,0,0" color="0,220,0" radius="0.5" length="4" />
		<capsule pos="-1.1499999999999986,-24.75,-8.049999999999997" vel="0,0,0" mass="1" elasticityCoef="1" ang="90,0,0" color="0,220,0" radius="0.5" length="4" />
		<capsule pos="-1.1499999999999986,-24.75,-5.7499999999999964" vel="0,0,0" mass="1" elasticityCoef="1" ang="90,0,0" color="0,220,0" radius="0.5" length="4" />
		<capsule pos="-1.1499999999999986,-24.75,-3.4499999999999957" vel="0,0,0" mass="1" elasticityCoef="1" ang="90,0,0" color="0,220,0" radius="0.5" length="4" />
		<capsule pos="-1.1499999999999986,-24.75,-1.1499999999999986" vel="0,0,0" mass="1" elasticityCoef="1" ang="90,0,0" color="0,220,0" radius="0.5" length="4" />
		<capsule pos="-1.1499999999999986,-24.75,1.1500000000000057" vel="0,0,0" mass="1" elasticityCoef="1" ang="90,0,0" color="0,220,0" radius="0.5" length="4" />
		<capsule pos="-1.1499999999999986,-24.75,3.450000000000003" vel="0,0,0" mass="1" elasticityCoef="1" ang="90,0,0" color="0,220,0" radius="0.5" length="4" />
		<capsule pos="-1.1499999999999986,-24.75,5.75" vel="0,0,0" mass="1" elasticityCoef="1" ang="90,0,0" color="0,220,0" radius="0.5" length="4" />
		<capsule pos="-1.1499999999999986,-24.75,8.050000000000004" vel="0,0,0" mass="1" elasticityCoef="1" ang="90,0,0" color="0,220,0" radius="0.5" length="4" />
		<capsule pos="-1.1499999999999986,-24.75,10.350000000000001" vel="0,0,0" mass="1" elasticityCoef="1" ang="90,0,0" color="0,220,0" radius="0.5" length="4" />
		<capsule pos="-1.1499999999999986,-24.75,12.650000000000006" vel="0,0,0" mass="1" elasticityCoef="1" ang="90,0,0" color="0,220,0" radius="0.5" length="4" />
		<capsule pos="-1.1499999999999986,-24.75,14.950000000000003" vel="0,0,0" mass="1" elasticityCoef="1" ang="90,0,0" color="0,220,0" radius="0.5" length="4" />
		<capsule pos="-1.1499999999999986,-24.75,17.25" vel="0,0,0" mass="1" elasticityCoef="1" ang="90,0,0" color="0,220,0" radius="0.5" length="4" />
		<capsule pos="-1.1499999999999986,-24.75,19.550000000000004" vel="0,0,0" mass="1" elasticityCoef="1" ang="90,0,0" color="0,220,0" radius="0.5" length="4" />
		<capsule pos="-1.1499999999999986,-24.75,21.85" vel="0,0,0" mass="1" elasticityCoef="1" ang="90,0,0" color="0,220,0" radius="0.5" length="4" />
		<capsule pos="-1.1499999999999986,-24.75,24.15" vel="0,0,0" mass="1" elasticityCoef="1" ang="90,0,0" color="0,220,0" radius="0.5" length="4" />
		<capsule pos="-1.1499999999999986,-24.75,26.450000000000003" vel="0,0,0" mass="1" elasticityCoef="1" ang="90,0,0" color="0,220,0" radius="0.5" length="4" />
		<capsule pos="-1.1499999999999986,-24.75,28.75" vel="0,0,0" mass="1" elasticityCoef="1" ang="90,0,0" color="0,220,0" radius="0.5" length="4" />
		<capsule pos="-1.1499999999999986,-24.75,31.049999999999997" vel="0,0,0" mass="1" elasticityCoef="1" ang="90,0,0" color="0,220,0" radius="0.5" length="4" />
		<capsule pos="-1.1499999999999986,-19.25,-33.349999999999994" vel="0,0,0" mass="1" elasticityCoef="1" ang="90,0,0" color="0,220,0" radius="0.5" length="4" />
		<capsule pos="-1.1499999999999986,-19.25,-31.049999999999994" vel="0,0,0" mass="1" elasticityCoef="1" ang="90,0,0" color="0,220,0" radius="0.5" length="4" />
		<capsule pos="-1.1499999999999986,-19.25,-28.749999999999993" vel="0,0,0" mass="1" elasticityCoef="1" ang="90,0,0" color="0,220,0" radius="0.5" length="4" />
		<capsule pos="-1.1499999999999986,-19.25,-26.449999999999996" vel="0,0,0" mass="1" elasticityCoef="1" ang="90,0,0" color="0,220,0" radius="0.5" length="4" />
		<capsule pos="-1.1499999999999986,-19.25,-24.149999999999995" vel="0,0,0" mass="1" elasticityCoef="1" ang="90,0,0" color="0,220,0" radius="0.5" length="4" />
		<capsule pos="-1.1499999999999986,-19.25,-21.849999999999994" vel="0,0,0" mass="1" elasticityCoef="1" ang="90,0,0" color="0,220,0" radius="0.5" length="4" />
		<capsule pos="-1.1499999999999986,-19.25,-19.549999999999997" vel="0,0,0" mass="1" elasticityCoef="1" ang="90,0,0" color="0,220,0" radius="0.5" length="4" />
		<capsule pos="-1.1499999999999986,-19.25,-17.249999999999996" vel="0,0,0" mass="1" elasticityCoef="1" ang="90,0,0" color="0,220,0" radius="0.5" length="4" />
		<capsule pos="-1.1499999999999986,-19.25,-14.949999999999996" vel="0,0,0" mass="1" elasticityCoef="1" ang="90,0,0" color="0,220,0" radius="0.5" length="4" />
		<capsule pos="-1.1499999999999986,-19.25,-12.649999999999995" vel="0,0,0" mass="1" elasticityCoef="1" ang="90,0,0" color="0,220,0" radius="0.5" length="4" />
		<capsule pos="-1.1499999999999986,-19.25,-10.349999999999994" vel="0,0,0" mass="1" elasticityCoef="1" ang="90,0,0" color="0,220,0" radius="0.5" length="4" />
		<capsule pos="-1.1499999999999986,-19.25,-8.049999999999997" vel="0,0,0" mass="1" elasticityCoef="1" ang="90,0,0" color="0,220,0" radius="0.5" length="4" />
		<capsule pos="-1.1499999999999986,-19.25,-5.7499999999999964" vel="0,0,0" mass="1" elasticityCoef="1" ang="90,0,0" color="0,220,0" radius="0.5" length="4" />
		<capsule pos="-1.1499999999999986,-19.25,-3.4499999999999957" vel="0,0,0" mass="1" elasticityCoef="1" ang="90,0,0" color="0,220,0" radius="0.5" length="4" />
		<capsule pos="-1.1499999999999986,-19.25,-1.1499999999999986" vel="0,0,0" mass="1" elasticityCoef="1" ang="90,0,0" color="0,220,0" radius="0.5" length="4" />
		<capsule pos="-1.1499999999999986,-19.25,1.1500000000000057" vel="0,0,0" mass="1" elasticityCoef="1" ang="90,0,0" color="0,220,0" radius="0.5" length="4" />
		<capsule pos="-1.1499999999999986,-19.25,3.450000000000003" vel="0,0,0" mass="1" elasticityCoef="1" ang="90,0,0" color="0,220,0" radius="0.5" length="4" />
		<capsule pos="-1.1499999999999986,-19.25,5.75" vel="0,0,0" mass="1" elasticityCoef="1" ang="90,0,0" color="0,220,0" radius="0.5" length="4" />
		<capsule pos="-1.1499999999999986,-19.25,8.050000000000004" vel="0,0,0" mass="1" elasticityCoef="1" ang="90,0,0" color="0,220,0" radius="0.5" length="4" />
		<capsule pos="-1.1499999999999986,-19.25,10.350000000000001" vel="0,0,0" mass="1" elasticityCoef="1" ang="90,0,0" color="0,220,0" radius="0.5" length="4" />
		<capsule pos="-1.1499999999999986,-19.25,12.650000000000006" vel="0,0,0" mass="1" elasticityCoef="1" ang="90,0,0" color="0,220,0" radius="0.5" length="4" />
		<capsule pos="-1.1499999999999986,-19.25,14.950000000000003" vel="0,0,0" mass="1" elasticityCoef="1" ang="90,0,0" color="0,220,0" radius="0.5" length="4" />
		<capsule pos="-1.1499999999999986,-19.25,17.25" vel="0,0,0" mass="1" elasticityCoef="1" ang="90,0,0" color="0,220,0" radius="0.5" length="4" />
		<capsule pos="-1.1499999999999986,-19.25,19.550000000000004" vel="0,0,0" mass="1" elasticityCoef="1" ang="90,0,0" color="0,220,0" radius="0.5" length="4" />
		<capsule pos="-1.1499999999999986,-19.25,21.85" vel="0,0,0" mass="1" elasticityCoef="1" ang="90,0,0" color="0,220,0" radius="0.5" length="4" />
		<capsule pos="-1.1499999999999986,-19.25,24.15" vel="0,0,0" mass="1" elasticityCoef="1" ang="90,0,0" color="0,220,0" radius="0.5" length="4" />
		<capsule pos="-1.1499999999999986,-19.25,26.450000000000003" vel="0,0,0" mass="1" elasticityCoef="1" ang="90,0,0" color="0,220,0" radius="0.5" length="4" />
		<capsule pos="-1.1499999999999986,-19.25,28.75" vel="0,0,0" mass="1" elasticityCoef="1" ang="90,0,0" color="0,220,0" radius="0.5" length="4" />
		<capsule pos="-1.1499999999999986,-19.25,31.049999999999997" vel="0,0,0" mass="1" elasticityCoef="1" ang="90,0,0" color="0,220,0" radius="0.5" length="4" />
		<capsule pos="-1.1499999999999986,-13.75,-33.349999999999994" vel="0,0,0" mass="1" elasticityCoef="1" ang="90,0,0" color="0,220,0" radius="0.5" length="4" />
		<capsule pos="-1.1499999999999986,-13.75,-31.049999999999994" vel="0,0,0" mass="1" elasticityCoef="1" ang="90,0,0" color="0,220,0" radius="0.5" length="4" />
		<capsule pos="-1.1499999999999986,-13.75,-28.749999999999993" vel="0,0,0" mass="1" elasticityCoef="1" ang="90,0,0" color="0,220,0" radius="0.5" length="4" />
		<capsule pos="-1.1499999999999986,-13.75,-26.449999999999996" vel="0,0,0" mass="1" elasticityCoef="1" ang="90,0,0" color="0,220,0" radius="0.5" length="4" />
		<capsule pos="-1.1499999999999986,-13.75,-24.149999999999995" vel="0,0,0" mass="1" elasticityCoef="1" ang="90,0,0" color="0,220,0" radius="0.5" length="4" />
		<capsule pos="-1.1499999999999986,-13.75,-21.849999999999994" vel="0,0,0" mass="1" elasticityCoef="1" ang="90,0,0" color="0,220,0" radius="0.5" length="4" />
		<capsule pos="-1.1499999999999986,-13.75,-19.549999999999997" vel="0,0,0" mass="1" elasticityCoef="1" ang="90,0,0" color="0,220,0" radius="0.5" length="4" />
		<capsule pos="-1.1499999999999986,-13.75,-17.249999999999996" vel="0,0,0" mass="1" elasticityCoef="1" ang="90,0,0" color="0,220,0" radius="0.5" length="4" />
		<capsule pos="-1.1499999999999986,-13.75,-14.949999999999996" vel="0,0,0" mass="1" elasticityCoef="1" ang="90,0,0" color="0,220,0" radius="0.5" length="4" />
		<capsule pos="-1.1499999999999986,-13.75,-12.649999999999995" vel="0,0,0" mass="1" elasticityCoef="1" ang="90,0,0" color="0,220,0" radius="0.5" length="4" />
		<capsule pos="-1.1499999999999986,-13.75,-10.349999999999994" vel="0,0,0" mass="1" elasticityCoef="1" ang="90,0,0" color="0,220,0" radius="0.5" length="4" />
		<capsule pos="-1.1499999999999986,-13.75,-8.049999999999997" vel="0,0,0" mass="1" elasticityCoef="1" ang="90,0,0" color="0,220,0" radius="0.5" length="4" />
		<capsule pos="-1.1499999999999986,-13.75,-5.7499999999999964" vel="0,0,0" mass="1" elasticityCoef="1" ang="90,0,0" color="0,220,0" radius="0.5" length="4" />
		<capsule pos="-1.1499999999999986,-13.75,-3.4499999999999957" vel="0,0,0" mass="1" elasticityCoef="1" ang="90,0,0" color="0,220,0" radius="0.5" length="4" />
		<capsule pos="-1.1499999999999986,-13.75,-1.1499999999999986" vel="0,0,0" mass="1" elasticityCoef="1" ang="90,0,0" color="0,220,0" radius="0.5" length="4" />
		<capsule pos="-1.1499999999999986,-13.75,1.1500000000000057" vel="0,0,0" mass="1" elasticityCoef="1" ang="90,0,0" color="0,220,0" radius="0.5" length="4" />
		<capsule pos="-1.1499999999999986,-13.75,3.450000000000003" vel="0,0,0" mass="1" elasticityCoef="1" ang="90,0,0" color="0,220,0" radius="0.5" length="4" />
		<capsule pos="-1.1499999999999986,-13.75,5.75" vel="0,0,0" mass="1" elasticityCoef="1" ang="90,0,0" color="0,220,0" radius="0.5" length="4" />
		<capsule pos="-1.1499999999999986,-13.75,8.050000000000004" vel="0,0,0" mass="1" elasticityCoef="1" ang="90,0,0" color="0,220,0" radius="0.5" length="4" />
		<capsule pos="-1.1499999999999986,-13.75,10.350000000000001" vel="0,0,0" mass="1" elasticityCoef="1" ang="90,0,0" color="0,220,0" radius="0.5" length="4" />
		<capsule pos="-1.1499999999999986,-13.75,12.650000000000006" vel="0,0,0" mass="1" elasticityCoef="1" ang="90,0,0" color="0,220,0" radius="0.5" length="4" />
		<capsule pos="-1.1499999999999986,-13.75,14.950000000000003" vel="0,0,0" mass="1" elasticityCoef="1" ang="90,0,0" color="0,220,0" radius="0.5" length="4" />
		<capsule pos="-1.1499999999999986,-13.75,17.25" vel="0,0,0" mass="1" elasticityCoef="1" ang="90,0,0" color="0,220,0" radius="0.5" length="4" />
		<capsule pos="-1.1499999999999986,-13.75,19.550000000000004" vel="0,0,0" mass="1" elasticityCoef="1" ang="90,0,0" color="0,220,0" radius="0.5" length="4" />
		<capsule pos="-1.1499999999999986,-13.75,21.85" vel="0,0,0" mass="1" elasticityCoef="1" ang="90,0,0" color="0,220,0" radius="0.5" length="4" />
		<capsule pos="-1.1499999999999986,-13.75,24.15" vel="0,0,0" mass="1" elasticityCoef="1" ang="90,0,0" color="0,220,0" radius="0.5" length="4" />
		<capsule pos="-1.1499999999999986,-13.75,26.450000000000003" vel="0,0,0" mass="1" elasticityCoef="1" ang="90,0,0" color="0,220,0" radius="0.5" length="4" />
		<capsule pos="-1.1499999999999986,-13.75,28.75" vel="0,0,0" mass="1" elasticityCoef="1" ang="90,0,0" color="0,220,0" radius="0.5" length="4" />
		<capsule pos="-1.1499999999999986,-13.75,31.049999999999997" vel="0,0,0" mass="1" elasticityCoef="1" ang="90,0,0" color="0,220,0" radius="0.5" length="4" />
		<capsule pos="-1.1499999999999986,-8.25,-33.349999999999994" vel="0,0,0" mass="1" elasticityCoef="1" ang="90,0,0" color="0,220,0" radius="0.5" length="4" />
		<capsule pos="-1.1499999999999986,-8.25,-31.049999999999994" vel="0,0,0" mass="1" elasticityCoef="1" ang="90,0,0" color="0,220,0" radius="0.5" length="4" />
		<capsule pos="-1.1499999999999986,-8.25,-28.749999999999993" vel="0,0,0" mass="1" elasticityCoef="1" ang="90,0,0" color="0,220,0" radius="0.5" length="4" />
		<capsule pos="-1.1499999999999986,-8.25,-26.449999999999996" vel="0,0,0" mass="1" elasticityCoef="1" ang="90,0,0" color="0,220,0" radius="0.5" length="4" />
		<capsule pos="-1.1499999999999986,-8.25,-24.149999999999995" vel="0,0,0" mass="1" elasticityCoef="1" ang="90,0,0" color="0,220,0" radius="0.5" length="4" />
		<capsule pos="-1.1499999999999986,-8.25,-21.849999999999994" vel="0,0,0" mass="1" elasticityCoef="1" ang="90,0,0" color="0,220,0" radius="0.5" length="4" />
		<capsule pos="-1.1499999999999986,-8.25,-19.549999999999997" vel="0,0,0" mass="1" elasticityCoef="1" ang="90,0,0" color="0,220,0" radius="0.5" length="4" />
		<capsule pos="-1.1499999999999986,-8.25,-17.249999999999996" vel="0,0,0" mass="1" elasticityCoef="1" ang="90,0,0" color="0,220,0" radius="0.5" length="4" />
		<capsule pos="-1.1499999999999986,-8.25,-14.949999999999996" vel="0,0,0" mass="1" elasticityCoef="1" ang="90,0,0" color="0,220,0" radius="0.5" length="4" />
		<capsule pos="-1.1499999999999986,-8.25,-12.649999999999995" vel="0,0,0" mass="1" elasticityCoef="1" ang="90,0,0" color="0,220,0" radius="0.5" length="4" />
		<capsule pos="-1.1499999999999986,-8.25,-10.349999999999994" vel="0,0,0" mass="1" elasticityCoef="1" ang="90,0,0" color="0,220,0" radius="0.5" length="4" />
		<capsule pos="-1.1499999999999986,-8.25,-8.049999999999997" vel="0,0,0" mass="1" elasticityCoef="1" ang="90,0,0" color="0,220,0" radius="0.5" length="4" />
		<capsule pos="-1.1499999999999986,-8.25,-5.7499999999999964" vel="0,0,0" mass="1" elasticityCoef="1" ang="90,0,0" color="0,220,0" radius="0.5" length="4" />
		<capsule pos="-1.1499999999999986,-8.25,-3.4499999999999957" vel="0,0,0" mass="1" elasticityCoef="1" ang="90,0,0" color="0,220,0" radius="0.5" length="4" />
		<capsule pos="-1.1499999999999986,-8.25,-1.1499999999999986" vel="0,0,0" mass="1" elasticityCoef="1" ang="90,0,0" color="0,220,0" radius="0.5" length="4" />
		<capsule pos="-1.1499999999999986,-8.25,1.1500000000000057" vel="0,0,0" mass="1" elasticityCoef="1" ang="90,0,0" color="0,220,0" radius="0.5" length="4" />
		<capsule pos="-1.1499999999999986,-8.25,3.450000000000003" vel="0,0,0" mass="1" elasticityCoef="1" ang="90,0,0" color="0,220,0" radius="0.5" length="4" />
		<capsule pos="-1.1499999999999986,-8.25,5.75" vel="0,0,0" mass="1" elasticityCoef="1" ang="90,0,0" color="0,220,0" radius="0.5" length="4" />
		<capsule pos="-1.1499999999999986,-8.25,8.050000000000004" vel="0,0,0" mass="1" elasticityCoef="1" ang="90,0,0" color="0,220,0" radius="0.5" length="4" />
		<capsule pos="-1.1499999999999986,-8.25,10.350000000000001" vel="0,0,0" mass="1" elasticityCoef="1" ang="90,0,0" color="0,220,0" radius="0.5" length="4" />
		<capsule pos="-1.1499999999999986,-8.25,12.650000000000006" vel="0,0,0" mass="1" elasticityCoef="1" ang="90,0,0" color="0,220,0" radius="0.5" length="4" />
		<capsule pos="-1.1499999999999986,-8.25,14.950000000000003" vel="0,0,0" mass="1" elasticityCoef="1" ang="90,0,0" color="0,220,0" radius="0.5" length="4" />
		<capsule pos="-1.1499999999999986,-8.25,17.25" vel="0,0,0" mass="1" elasticityCoef="1" ang="90,0,0" color="0,220,0" radius="0.5" length="4" />
		<capsule pos="-1.1499999999999986,-8.25,19.550000000000004" vel="0,0,0" mass="1" elasticityCoef="1" ang="90,0,0" color="0,220,0" radius="0.5" length="4" />
		<capsule pos="-1.1499999999999986,-8.25,21.85" vel="0,0,0" mass="1" elasticityCoef="1" ang="90,0,0" color="0,220,0" radius="0.5" length="4" />
		<capsule pos="-1.1499999999999986,-8.25,24.15" vel="0,0,0" mass="1" elasticityCoef="1" ang="90,0,0" color="0,220,0" radius="0.5" length="4" />
		<capsule pos="-1.1499999999999986,-8.25,26.450000000000003" vel="0,0,0" mass="1" elasticityCoef="1" ang="90,0,0" color="0,220,0" radius="0.5" length="4" />
		<capsule pos="-1.1499999999999986,-8.25,28.75" vel="0,0,0" mass="1" elasticityCoef="1" ang="90,0,0" color="0,220,0" radius="0.5" length="4" />
		<capsule pos="-1.1499999999999986,-8.25,31.049999999999997" vel="0,0,0" mass="1" elasticityCoef="1" ang="90,0,0" color="0,220,0" radius="0.5" length="4" />
		<capsule pos="-1.1499999999999986,-2.75,-33.349999999999994" vel="0,0,0" mass="1" elasticityCoef="1" ang="90,0,0" color="0,220,0" radius="0.5" length="4" />
		<capsule pos="-1.1499999999999986,-2.75,-31.049999999999994" vel="0,0,0" mass="1" elasticityCoef="1" ang="90,0,0" color="0,220,0" radius="0.5" length="4" />
		<capsule pos="-1.1499999999999986,-2.75,-28.749999999999993" vel="0,0,0" mass="1" elasticityCoef="1" ang="90,0,0" color="0,220,0" radius="0.5" length="4" />
		<capsule pos="-1.1499999999999986,-2.75,-26.449999999999996" vel="0,0,0" mass="1" elasticityCoef="1" ang="90,0,0" color="0,220,0" radius="0.5" length="4" />
		<capsule pos="-1.1499999999999986,-2.75,-24.149999999999995" vel="0,0,0" mass="1" elasticityCoef="1" ang="90,0,0" color="0,220,0" radius="0.5" length="4" />
		<capsule pos="-1.1499999999999986,-2.75,-21.849999999999994" vel="0,0,0" mass="1" elasticityCoef="1" ang="90,0,0" color="0,220,0" radius="0.5" length="4" />
		<capsule pos="-1.1499999999999986,-2.75,-19.549999999999997" vel="0,0,0" mass="1" elasticityCoef="1" ang="90,0,0" color="0,220,0" radius="0.5" length="4" />
		<capsule pos="-1.1499999999999986,-2.75,-17.249999999999996" vel="0,0,0" mass="1" elasticityCoef="1" ang="90,0,0" color="0,220,0" radius="0.5" length="4" />
		<capsule pos="-1.1499999999999986,-2.75,-14.949999999999996" vel="0,0,0" mass="1" elasticityCoef="1" ang="90,0,0" color="0,220,0" radius="0.5" length="4" />
		<capsule pos="-1.1499999999999986,-2.75,-12.649999999999995" vel="0,0,0" mass="1" elasticityCoef="1" ang="90,0,0" color="0,220,0" radius="0.5" length="4" />
		<capsule pos="-1.1499999999999986,-2.75,-10.349999999999994" vel="0,0,0" mass="1" elasticityCoef="1" ang="90,0,0" color="0,220,0" radius="0.5" length="4" />
		<capsule pos="-1.1499999999999986,-2.75,-8.049999999999997" vel="0,0,0" mass="1" elasticityCoef="1" ang="90,0,0" color="0,220,0" radius="0.5" length="4" />
		<capsule pos="-1.1499999999999986,-2.75,-5.7499999999999964" vel="0,0,0" mass="1" elasticityCoef="1" ang="90,0,0" color="0,220,0" radius="0.5" length="4" />
		<capsule pos="-1.1499999999999986,-2.75,-3.4499999999999957" vel="0,0,0" mass="1" elasticityCoef="1" ang="90,0,0" color="0,220,0" radius="0.5" length="4" />
		<capsule pos="-1.1499999999999986,-2.75,-1.1499999999999986" vel="0,0,0" mass="1" elasticityCoef="1" ang="90,0,0" color="0,220,0" radius="0.5" length="4" />
		<capsule pos="-1.1499999999999986,-2.75,1.1500000000000057" vel="0,0,0" mass="1" elasticityCoef="1" ang="90,0,0" color="0,220,0" radius="0.5" length="4" />
		<capsule pos="-1.1499999999999986,-2.75,3.450000000000003" vel="0,0,0" mass="1" elasticityCoef="1" ang="90,0,0" color="0,220,0" radius="0.5" length="4" />
		<capsule pos="-1.1499999999999986,-2.75,5.75" vel="0,0,0" mass="1" elasticityCoef="1" ang="90,0,0" color="0,220,0" radius="0.5" length="4" />
		<capsule pos="-1.1499999999999986,-2.75,8.050000000000004" vel="0,0,0" mass="1" elasticityCoef="1" ang="90,0,0" color="0,220,0" radius="0.5" length="4" />
		<capsule pos="-1.1499999999999986,-2.75,10.350000000000001" vel="0,0,0" mass="1" elasticityCoef="1" ang="90,0,0" color="0,220,0" radius="0.5" length="4" />
		<capsule pos="-1.1499999999999986,-2.75,12.650000000000006" vel="0,0,0" mass="1" elasticityCoef="1" ang="90,0,0" color="0,220,0" radius="0.5" length="4" />
		<capsule pos="-1.1499999999999986,-2.75,14.950000000000003" vel="0,0,0" mass="1" elasticityCoef="1" ang="90,0,0" color="0,220,0" radius="0.5" length="4" />
		<capsule pos="-1.1499999999999986,-2.75,17.25" vel="0,0,0" mass="1" elasticityCoef="1" ang="90,0,0" color="0,220,0" radius="0.5" length="4" />
		<capsule pos="-1.1499999999999986,-2.75,19.550000000000004" vel="0,0,0" mass="1" elasticityCoef="1" ang="90,0,0" color="0,220,0" radius="0.5" length="4" />
		<capsule pos="-1.1499999999999986,-2.75,21.85" vel="0,0,0" mass="1" elasticityCoef="1" ang="90,0,0" color="0,220,0" radius="0.5" length="4" />
		<capsule pos="-1.1499999999999986,-2.75,24.15" vel="0,0,0" mass="1" elasticityCoef="1" ang="90,0,0" color="0,220,0" radius="0.5" length="4" />
		<capsule pos="-1.1499999999999986,-2.75,26.450000000000003" vel="0,0,0" mass="1" elasticityCoef="1" ang="90,0,0" color="0,220,0" radius="0.5" length="4" />
		<capsule pos="-1.1499999999999986,-2.75,28.75" vel="0,0,0" mass="1" elasticityCoef="1" ang="90,0,0" color="0,220,0" radius="0.5" length="4" />
		<capsule pos="-1.1499999999999986,-2.75,31.049999999999997" vel="0,0,0" mass="1" elasticityCoef="1" ang="90,0,0" color="0,220,0" radius="0.5" length="4" />
		<capsule pos="-1.1499999999999986,2.75,-33.349999999999994" vel="0,0,0" mass="1" elasticityCoef="1" ang="90,0,0" color="0,220,0" radius="0.5" length="4" />
		<capsule pos="-1.1499999999999986,2.75,-31.049999999999994" vel="0,0,0" mass="1" elasticityCoef="1" ang="90,0,0" color="0,220,0" radius="0.5" length="4" />
		<capsule pos="-1.1499999999999986,2.75,-28.749999999999993" vel="0,0,0" mass="1" elasticityCoef="1" ang="90,0,0" color="0,220,0" radius="0.5" length="4" />
		<capsule pos="-1.1499999999999986,2.75,-26.449999999999996" vel="0,0,0" mass="1" elasticityCoef="1" ang="90,0,0" color="0,220,0" radius="0.5" length="4" />
		<capsule pos="-1.1499999999999986,2.75,-24.149999999999995" vel="0,0,0" mass="1" elasticityCoef="1" ang="90,0,0" color="0,220,0" radius="0.5" length="4" />
		<capsule pos="-1.1499999999999986,2.75,-21.849999999999994" vel="0,0,0" mass="1" elasticityCoef="1" ang="90,0,0" color="0,220,0" radius="0.5" length="4" />
		<capsule pos="-1.1499999999999986,2.75,-19.549999999999997" vel="0,0,0" mass="1" elasticityCoef="1" ang="90,0,0" color="0,220,0" radius="0.5" length="4" />
		<capsule pos="-1.1499999999999986,2.75,-17.249999999999996" vel="0,0,0" mass="1" elasticityCoef="1" ang="90,0,0" color="0,220,0" radius="0.5" length="4" />
		<capsule pos="-1.1499999999999986,2.75,-14.949999999999996" vel="0,0,0" mass="1" elasticityCoef="1" ang="90,0,0" color="0,220,0" radius="0.5" length="4" />
		<capsule pos="-1.1499999999999986,2.75,-12.649999999999995" vel="0,0,0" mass="1" elasticityCoef="1" ang="90,0,0" color="0,220,0" radius="0.5" length="4" />
		<capsule pos="-1.1499999999999986,2.75,-10.349999999999994" vel="0,0,0" mass="1" elasticityCoef="1" ang="90,0,0" color="0,220,0" radius="0.5" length="4" />
		<capsule pos="-1.1499999999999986,2.75,-8.049999999999997" vel="0,0,0" mass="1" elasticityCoef="1" ang="90,0,0" color="0,220,0" radius="0.5" length="4" />
		<capsule pos="-1.1499999999999986,2.75,-5.7499999999999964" vel="0,0,0" mass="1" elasticityCoef="1" ang="90,0,0" color="0,220,0" radius="0.5" length="4" />
		<capsule pos="-1.1499999999999986,2.75,-3.4499999999999957" vel="0,0,0" mass="1" elasticityCoef="1" ang="90,0,0" color="0,220,0" radius="0.5" length="4" />
		<capsule pos="-1.1499999999999986,2.75,-1.1499999999999986" vel="0,0,0" mass="1" elasticityCoef="1" ang="90,0,0" color="0,220,0" radius="0.5" length="4" />
		<capsule pos="-1.1499999999999986,2.75,1.1500000000000057" vel="0,0,0" mass="1" elasticityCoef="1" ang="90,0,0" color="0,220,0" radius="0.5" length="4" />
		<capsule pos="-1.1499999999999986,2.75,3.450000000000003" vel="0,0,0" mass="1" elasticityCoef="1" ang="90,0,0" color="0,220,0" radius="0.5" length="4" />
		<capsule pos="-1.1499999999999986,2.75,5.75" vel="0,0,0" mass="1" elasticityCoef="1" ang="90,0,0" color="0,220,0" radius="0.5" length="4" />
		<capsule pos="-1.1499999999999986,2.75,8.050000000000004" vel="0,0,0" mass="1" elasticityCoef="1" ang="90,0,0" color="0,220,0" radius="0.5" length="4" />
		<capsule pos="-1.1499999999999986,2.75,10.350000000000001" vel="0,0,0" mass="1" elasticityCoef="1" ang="90,0,0" color="0,220,0" radius="0.5" length="4" />
		<capsule pos="-1.1499999999999986,2.75,12.650000000000006" vel="0,0,0" mass="1" elasticityCoef="1" ang="90,0,0" color="0,220,0" radius="0.5" length="4" />
		<capsule pos="-1.1499999999999986,2.75,14.950000000000003" vel="0,0,0" mass="1" elasticityCoef="1" ang="90,0,0" color="0,220,0" radius="0.5" length="4" />
		<capsule pos="-1.1499999999999986,2.75,17.25" vel="0,0,0" mass="1" elasticityCoef="1" ang="90,0,0" color="0,220,0" radius="0.5" length="4" />
		<capsule pos="-1.1499999999999986,2.75,19.550000000000004" vel="0,0,0" mass="1" elasticityCoef="1" ang="90,0,0" color="0,220,0" radius="0.5" length="4" />
		<capsule pos="-1.1499999999999986,2.75,21.85" vel="0,0,0" mass="1" elasticityCoef="1" ang="90,0,0" color="0,220,0" radius="0.5" length="4" />
		<capsule pos="-1.1499999999999986,2.75,24.15" vel="0,0,0" mass="1" elasticityCoef="1" ang="90,0,0" color="0,220,0" radius="0.5" length="4" />
		<capsule pos="-1.1499999999999986,2.75,26.450000000000003" vel="0,0,0" mass="1" elasticityCoef="1" ang="90,0,0" color="0,220,0" radius="0.5" length="4" />
		<capsule pos="-1.1499999999999986,2.75,28.75" vel="0,0,0" mass="1" elasticityCoef="1" ang="90,0,0" color="0,220,0" radius="0.5" length="4" />
		<capsule pos="-1.1499999999999986,2.75,31.049999999999997" vel="0,0,0" mass="1" elasticityCoef="1" ang="90,0,0" color="0,220,0" radius="0.5" length="4" />
		<capsule pos="-1.1499999999999986,8.25,-33.349999999999994" vel="0,0,0" mass="1" elasticityCoef="1" ang="90,0,0" color="0,220,0" radius="0.5" length="4" />
		<capsule pos="-1.1499999999999986,8.25,-31.049999999999994" vel="0,0,0" mass="1" elasticityCoef="1" ang="90,0,0" color="0,220,0" radius="0.5" length="4" />
		<capsule pos="-1.1499999999999986,8.25,-28.749999999999993" vel="0,0,0" mass="1" elasticityCoef="1" ang="90,0,0" color="0,220,0" radius="0.5" length="4" />
		<capsule pos="-1.1499999999999986,8.25,-26.449999999999996" vel="0,0,0" mass="1" elasticityCoef="1" ang="90,0,0" color="0,220,0" radius="0.5" length="4" />
		<capsule pos="-1.1499999999999986,8.25,-24.149999999999995" vel="0,0,0" mass="1" elasticityCoef="1" ang="90,0,0" color="0,220,0" radius="0.5" length="4" />
		<capsule pos="-1.1499999999999986,8.25,-21.849999999999994" vel="0,0,0" mass="1" elasticityCoef="1" ang="90,0,0" color="0,220,0" radius="0.5" length="4" />
		<capsule pos="-1.1499999999999986,8.25,-19.549999999999997" vel="0,0,0" mass="1" elasticityCoef="1" ang="90,0,0" color="0,220,0" radius="0.5" length="4" />
		<capsule pos="-1.1499999999999986,8.25,-17.249999999999996" vel="0,0,0" mass="1" elasticityCoef="1" ang="90,0,0" color="0,220,0" radius="0.5" length="4" />
		<capsule pos="-1.1499999999999986,8.25,-14.949999999999996" vel="0,0,0" mass="1" elasticityCoef="1" ang="90,0,0" color="0,220,0" radius="0.5" length="4" />
		<capsule pos="-1.1499999999999986,8.25,-12.649999999999995" vel="0,0,0" mass="1" elasticityCoef="1" ang="90,0,0" color="0,220,0" radius="0.5" length="4" />
		<capsule pos="-1.1499999999999986,8.25,-10.349999999999994" vel="0,0,0" mass="1" elasticityCoef="1" ang="90,0,0" color="0,220,0" radius="0.5" length="4" />
		<capsule pos="-1.1499999999999986,8.25,-8.049999999999997" vel="0,0,0" mass="1" elasticityCoef="1" ang="90,0,0" color="0,220,0" radius="0.5" length="4" />
		<capsule pos="-1.1499999999999986,8.25,-5.7499999999999964" vel="0,0,0" mass="1" elasticityCoef="1" ang="90,0,0" color="0,220,0" radius="0.5" length="4" />
		<capsule pos="-1.1499999999999986,8.25,-3.4499999999999957" vel="0,0,0" mass="1" elasticityCoef="1" ang="90,0,0" color="0,220,0" radius="0.5" length="4" />
		<capsule pos="-1.1499999999999986,8.25,-1.1499999999999986" vel="0,0,0" mass="1" elasticityCoef="1" ang="90,0,0" color="0,220,0" radius="0.5" length="4" />
		<capsule pos="-1.1499999999999986,8.25,1.1500000000000057" vel="0,0,0" mass="1" elasticityCoef="1" ang="90,0,0" color="0,220,0" radius="0.5" length="4" />
		<capsule pos="-1.1499999999999986,8.25,3.450000000000003" vel="0,0,0" mass="1" elasticityCoef="1" ang="90,0,0" color="0,220,0" radius="0.5" length="4" />
		<capsule pos="-1.1499999999999986,8.25,5.75" vel="0,0,0" mass="1" elasticityCoef="1" ang="90,0,0" color="0,220,0" radius="0.5" length="4" />
		<capsule pos="-1.1499999999999986,8.25,8.050000000000004" vel="0,0,0" mass="1" elasticityCoef="1" ang="90,0,0" color="0,220,0" radius="0.5" length="4" />
		<capsule pos="-1.1499999999999986,8.25,10.350000000000001" vel="0,0,0" mass="1" elasticityCoef="1" ang="90,0,0" color="0,220,0" radius="0.5" length="4" />
		<capsule pos="-1.1499999999999986,8.25,12.650000000000006" vel="0,0,0" mass="1" elasticityCoef="1" ang="90,0,0" color="0,220,0" radius="0.5" length="4" />
		<capsule pos="-1.1499999999999986,8.25,14.950000000000003" vel="0,0,0" mass="1" elasticityCoef="1" ang="90,0,0" color="0,220,0" radius="0.5" length="4" />
		<capsule pos="-1.1499999999999986,8.25,17.25" vel="0,0,0" mass="1" elasticityCoef="1" ang="90,0,0" color="0,220,0" radius="0.5" length="4" />
		<capsule pos="-1.1499999999999986,8.25,19.550000000000004" vel="0,0,0" mass="1" elasticityCoef="1" ang="90,0,0" color="0,220,0" radius="0.5" length="4" />
		<capsule pos="-1.1499999999999986,8.25,21.85" vel="0,0,0" mass="1" elasticityCoef="1" ang="90,0,0" color="0,220,0" radius="0.5" length="4" />
		<capsule pos="-1.1499999999999986,8.25,24.15" vel="0,0,0" mass="1" elasticityCoef="1" ang="90,0,0" color="0,220,0" radius="0.5" length="4" />
		<capsule pos="-1.1499999999999986,8.25,26.450000000000003" vel="0,0,0" mass="1" elasticityCoef="1" ang="90,0,0" color="0,220,0" radius="0.5" length="4" />
		<capsule pos="-1.1499999999999986,8.25,28.75" vel="0,0,0" mass="1" elasticityCoef="1" ang="90,0,0" color="0,220,0" radius="0.5" length="4" />
		<capsule pos="-1.1499999999999986,8.25,31.049999999999997" vel="0,0,0" mass="1" elasticityCoef="1" ang="90,0,0" color="0,220,0" radius="0.5" length="4" />
		<capsule pos="-1.1499999999999986,13.75,-33.349999999999994" vel="0,0,0" mass="1" elasticityCoef="1" ang="90,0,0" color="0,220,0" radius="0.5" length="4" />
		<capsule pos="-1.1499999999999986,13.75,-31.049999999999994" vel="0,0,0" mass="1" elasticityCoef="1" ang="90,0,0" color="0,220,0" radius="0.5" length="4" />
		<capsule pos="-1.1499999999999986,13.75,-28.749999999999993" vel="0,0,0" mass="1" elasticityCoef="1" ang="90,0,0" color="0,220,0" radius="0.5" length="4" />
		<capsule pos="-1.1499999999999986,13.75,-26.449999999999996" vel="0,0,0" mass="1" elasticityCoef="1" ang="90,0,0" color="0,220,0" radius="0.5" length="4" />
		<capsule pos="-1.1499999999999986,13.75,-24.149999999999995" vel="0,0,0" mass="1" elasticityCoef="1" ang="90,0,0" color="0,220,0" radius="0.5" length="4" />
		<capsule pos="-1.1499999999999986,13.75,-21.849999999999994" vel="0,0,0" mass="1" elasticityCoef="1" ang="90,0,0" color="0,220,0" radius="0.5" length="4" />
		<capsule pos="-1.1499999999999986,13.75,-19.549999999999997" vel="0,0,0" mass="1" elasticityCoef="1" ang="90,0,0" color="0,220,0" radius="0.5" length="4" />
		<capsule pos="-1.1499999999999986,13.75,-17.249999999999996" vel="0,0,0" mass="1" elasticityCoef="1" ang="90,0,0" color="0,220,0" radius="0.5" length="4" />
		<capsule pos="-1.1499999999999986,13.75,-14.949999999999996" vel="0,0,0" mass="1" elasticityCoef="1" ang="90,0,0" color="0,220,0" radius="0.5" length="4" />
		<capsule pos="-1.1499999999999986,13.75,-12.649999999999995" vel="0,0,0" mass="1" elasticityCoef="1" ang="90,0,0" color="0,220,0" radius="0.5" length="4" />
		<capsule pos="-1.1499999999999986,13.75,-10.349999999999994" vel="0,0,0" mass="1" elasticityCoef="1" ang="90,0,0" color="0,220,0" radius="0.5" length="4" />
		<capsule pos="-1.1499999999999986,13.75,-8.049999999999997" vel="0,0,0" mass="1" elasticityCoef="1" ang="90,0,0" color="0,220,0" radius="0.5" length="4" />
		<capsule pos="-1.1499999999999986,13.75,-5.7499999999999964" vel="0,0,0" mass="1" elasticityCoef="1" ang="90,0,0" color="0,220,0" radius="0.5" length="4" />
		<capsule pos="-1.1499999999999986,13.75,-3.4499999999999957" vel="0,0,0" mass="1" elasticityCoef="1" ang="90,0,0" color="0,220,0" radius="0.5" length="4" />
		<capsule pos="-1.1499999999999986,13.75,-1.1499999999999986" vel="0,0,0" mass="1" elasticityCoef="1" ang="90,0,0" color="0,220,0" radius="0.5" length="4" />
		<capsule pos="-1.1499999999999986,13.75,1.1500000000000057" vel="0,0,0" mass="1" elasticityCoef="1" ang="90,0,0" color="0,220,0" radius="0.5" length="4" />
		<capsule pos="-1.1499999999999986,13.75,3.450000000000003" vel="0,0,0" mass="1" elasticityCoef="1" ang="90,0,0" color="0,220,0" radius="0.5" length="4" />
		<capsule pos="-1.1499999999999986,13.75,5.75" vel="0,0,0" mass="1" elasticityCoef="1" ang="90,0,0" color="0,220,0" radius="0.5" length="4" />
		<capsule pos="-1.1499999999999986,13.75,8.050000000000004" vel="0,0,0" mass="1" elasticityCoef="1" ang="90,0,0" color="0,220,0" radius="0.5" length="4" />
		<capsule pos="-1.1499999999999986,13.75,10.350000000000001" vel="0,0,0" mass="1" elasticityCoef="1" ang="90,0,0" color="0,220,0" radius="0.5" length="4" />
		<capsule pos="-1.1499999999999986,13.75,12.650000000000006" vel="0,0,0" mass="1" elasticityCoef="1" ang="90,0,0" color="0,220,0" radius="0.5" length="4" />
		<capsule pos="-1.1499999999999986,13.75,14.950000000000003" vel="0,0,0" mass="1" elasticityCoef="1" ang="90,0,0" color="0,220,0" radius="0.5" length="4" />
		<capsule pos="-1.1499999999999986,13.75,17.25" vel="0,0,0" mass="1" elasticityCoef="1" ang="90,0,0" color="0,220,0" radius="0.5" length="4" />
		<capsule pos="-1.1499999999999986,13.75,19.550000000000004" vel="0,0,0" mass="1" elasticityCoef="1" ang="90,0,0" color="0,220,0" radius="0.5" length="4" />
		<capsule pos="-1.1499999999999986,13.75,21.85" vel="0,0,0" mass="1" elasticityCoef="1" ang="90,0,0" color="0,220,0" radius="0.5" length="4" />
		<capsule pos="-1.1499999999999986,13.75,24.15" vel="0,0,0" mass="1" elasticityCoef="1" ang="90,0,0" color="0,220,0" radius="0.5" length="4" />
		<capsule pos="-1.1499999999999986,13.75,26.450000000000003" vel="0,0,0" mass="1" elasticityCoef="1" ang="90,0,0" color="0,220,0" radius="0.5" length="4" />
		<capsule pos="-1.1499999999999986,13.75,28.75" vel="0,0,0" mass="1" elasticityCoef="1" ang="90,0,0" color="0,220,0" radius="0.5" length="4" />
		<capsule pos="-1.1499999999999986,13.75,31.049999999999997" vel="0,0,0" mass="1" elasticityCoef="1" ang="90,0,0" color="0,220,0" radius="0.5" length="4" />
		<capsule pos="-1.1499999999999986,19.25,-33.349999999999994" vel="0,0,0" mass="1" elasticityCoef="1" ang="90,0,0" color="0,220,0" radius="0.5" length="4" />
		<capsule pos="-1.1499999999999986,19.25,-31.049999999999994" vel="0,0,0" mass="1" elasticityCoef="1" ang="90,0,0" color="0,220,0" radius="0.5" length="4" />
		<capsule pos="-1.1499999999999986,19.25,-28.749999999999993" vel="0,0,0" mass="1" elasticityCoef="1" ang="90,0,0" color="0,220,0" radius="0.5" length="4" />
		<capsule pos="-1.1499999999999986,19.25,-26.449999999999996" vel="0,0,0" mass="1" elasticityCoef="1" ang="90,0,0" color="0,220,0" radius="0.5" length="4" />
		<capsule pos="-1.1499999999999986,19.25,-24.149999999999995" vel="0,0,0" mass="1" elasticityCoef="1" ang="90,0,0" color="0,220,0" radius="0.5" length="4" />
		<capsule pos="-1.1499999999999986,19.25,-21.849999999999994" vel="0,0,0" mass="1" elasticityCoef="1" ang="90,0,0" color="0,220,0" radius="0.5" length="4" />
		<capsule pos="-1.1499999999999986,19.25,-19.549999999999997" vel="0,0,0" mass="1" elasticityCoef="1" ang="90,0,0" color="0,220,0" radius="0.5" length="4" />
		<capsule pos="-1.1499999999999986,19.25,-17.249999999999996" vel="0,0,0" mass="1" elasticityCoef="1" ang="90,0,0" color="0,220,0" radius="0.5" length="4" />
		<capsule pos="-1.1499999999999986,19.25,-14.949999999999996" vel="0,0,0" mass="1" elasticityCoef="1" ang="90,0,0" color="0,220,0" radius="0.5" length="4" />
		<capsule pos="-1.1499999999999986,19.25,-12.649999999999995" vel="0,0,0" mass="1" elasticityCoef="1" ang="90,0,0" color="0,220,0" radius="0.5" length="4" />
		<capsule pos="-1.1499999999999986,19.25,-10.349999999999994" vel="0,0,0" mass="1" elasticityCoef="1" ang="90,0,0" color="0,220,0" radius="0.5" length="4" />
		<capsule pos="-1.1499999999999986,19.25,-8.049999999999997" vel="0,0,0" mass="1" elasticityCoef="1" ang="90,0,0" color="0,220,0" radius="0.5" length="4" />
		<capsule pos="-1.1499999999999986,19.25,-5.7499999999999964" vel="0,0,0" mass="1" elasticityCoef="1" ang="90,0,0" color="0,220,0" radius="0.5" length="4" />
		<capsule pos="-1.1499999999999986,19.25,-3.4499999999999957" vel="0,0,0" mass="1" elasticityCoef="1" ang="90,0,0" color="0,220,0" radius="0.5" length="4" />
		<capsule pos="-1.1499999999999986,19.25,-1.1499999999999986" vel="0,0,0" mass="1" elasticityCoef="1" ang="90,0,0" color="0,220,0" radius="0.5" length="4" />
		<capsule pos="-1.1499999999999986,19.25,1.1500000000000057" vel="0,0,0" mass="1" elasticityCoef="1" ang="90,0,0" color="0,220,0" radius="0.5" length="4" />
		<capsule pos="-1.1499999999999986,19.25,3.450000000000003" vel="0,0,0" mass="1" elasticityCoef="1" ang="90,0,0" color="0,220,0" radius="0.5" length="4" />
		<capsule pos="-1.1499999999999986,19.25,5.75" vel="0,0,0" mass="1" elasticityCoef="1" ang="90,0,0" color="0,220,0" radius="0.5" length="4" />
		<capsule pos="-1.1499999999999986,19.25,8.050000000000004" vel="0,0,0" mass="1" elasticityCoef="1" ang="90,0,0" color="0,220,0" radius="0.5" length="4" />
		<capsule pos="-1.1499999999999986,19.25,10.350000000000001" vel="0,0,0" mass="1" elasticityCoef="1" ang="90,0,0" color="0,220,0" radius="0.5" length="4" />
		<capsule pos="-1.1499999999999986,19.25,12.650000000000006" vel="0,0,0" mass="1" elasticityCoef="1" ang="90,0,0" color="0,220,0" radius="0.5" length="4" />
		<capsule pos="-1.1499999999999986,19.25,14.950000000000003" vel="0,0,0" mass="1" elasticityCoef="1" ang="90,0,0" color="0,220,0" radius="0.5" length="4" />
		<capsule pos="-1.1499999999999986,19.25,17.25" vel="0,0,0" mass="1" elasticityCoef="1" ang="90,0,0" color="0,220,0" radius="0.5" length="4" />
		<capsule pos="-1.1499999999999986,19.25,19.550000000000004" vel="0,0,0" mass="1" elasticityCoef="1" ang="90,0,0" color="0,220,0" radius="0.5" length="4" />
		<capsule pos="-1.1499999999999986,19.25,21.85" vel="0,0,0" mass="1" elasticityCoef="1" ang="90,0,0" color="0,220,0" radius="0.5" length="4" />
		<capsule pos="-1.1499999999999986,19.25,24.15" vel="0,0,0" mass="1" elasticityCoef="1" ang="90,0,0" color="0,220,0" radius="0.5" length="4" />
		<capsule pos="-1.1499999999999986,19.25,26.450000000000003" vel="0,0,0" mass="1" elasticityCoef="1" ang="90,0,0" color="0,220,0" radius="0.5" length="4" />
		<capsule pos="-1.1499999999999986,19.25,28.75" vel="0,0,0" mass="1" elasticityCoef="1" ang="90,0,0" color="0,220,0" radius="0.5" length="4" />
		<capsule pos="-1.1499999999999986,19.25,31.049999999999997" vel="0,0,0" mass="1" elasticityCoef="1" ang="90,0,0" color="0,220,0" radius="0.5" length="4" />
		<capsule pos="-1.1499999999999986,24.75,-33.349999999999994" vel="0,0,0" mass="1" elasticityCoef="1" ang="90,0,0" color="0,220,0" radius="0.5" length="4" />
		<capsule pos="-1.1499999999999986,24.75,-31.049999999999994" vel="0,0,0" mass="1" elasticityCoef="1" ang="90,0,0" color="0,220,0" radius="0.5" length="4" />
		<capsule pos="-1.1499999999999986,24.75,-28.749999999999993" vel="0,0,0" mass="1" elasticityCoef="1" ang="90,0,0" color="0,220,0" radius="0.5" length="4" />
		<capsule pos="-1.1499999999999986,24.75,-26.449999999999996" vel="0,0,0" mass="1" elasticityCoef="1" ang="90,0,0" color="0,220,0" radius="0.5" length="4" />
		<capsule pos="-1.1499999999999986,24.75,-24.149999999999995" vel="0,0,0" mass="1" elasticityCoef="1" ang="90,0,0" color="0,220,0" radius="0.5" length="4" />
		<capsule pos="-1.1499999999999986,24.75,-21.849999999999994" vel="0,0,0" mass="1" elasticityCoef="1" ang="90,0,0" color="0,220,0" radius="0.5" length="4" />
		<capsule pos="-1.1499999999999986,24.75,-19.549999999999997" vel="0,0,0" mass="1" elasticityCoef="1" ang="90,0,0" color="0,220,0" radius="0.5" length="4" />
		<capsule pos="-1.1499999999999986,24.75,-17.249999999999996" vel="0,0,0" mass="1" elasticityCoef="1" ang="90,0,0" color="0,220,0" radius="0.5" length="4" />
		<capsule pos="-1.1499999999999986,24.75,-14.949999999999996" vel="0,0,0" mass="1" elasticityCoef="1" ang="90,0,0" color="0,220,0" radius="0.5" length="4" />
		<capsule pos="-1.1499999999999986,24.75,-12.649999999999995" vel="0,0,0" mass="1" elasticityCoef="1" ang="90,0,0" color="0,220,0" radius="0.5" length="4" />
		<capsule pos="-1.1499999999999986,24.75,-10.349999999999994" vel="0,0,0" mass="1" elasticityCoef="1" ang="90,0,0" color="0,220,0" radius="0.5" length="4" />
		<capsule pos="-1.1499999999999986,24.75,-8.049999999999997" vel="0,0,0" mass="1" elasticityCoef="1" ang="90,0,0" color="0,220,0" radius="0.5" length="4" />
		<capsule pos="-1.1499999999999986,24.75,-5.7499999999999964" vel="0,0,0" mass="1" elasticityCoef="1" ang="90,0,0" color="0,220,0" radius="0.5" length="4" />
		<capsule pos="-1.1499999999999986,24.75,-3.4499999999999957" vel="0,0,0" mass="1" elasticityCoef="1" ang="90,0,0" color="0,220,0" radius="0.5" length="4" />
		<capsule pos="-1.1499999999999986,24.75,-1.1499999999999986" vel="0,0,0" mass="1" elasticityCoef="1" ang="90,0,0" color="0,220,0" radius="0.5" length="4" />
		<capsule pos="-1.1499999999999986,24.75,1.1500000000000057" vel="0,0,0" mass="1" elasticityCoef="1" ang="90,0,0" color="0,220,0" radius="0.5" length="4" />
		<capsule pos="-1.1499999999999986,24.75,3.450000000000003" vel="0,0,0" mass="1" elasticityCoef="1" ang="90,0,0" color="0,220,0" radius="0.5" length="4" />
		<capsule pos="-1.1499999999999986,24.75,5.75" vel="0,0,0" mass="1" elasticityCoef="1" ang="90,0,0" color="0,220,0" radius="0.5" length="4" />
		<capsule pos="-1.1499999999999986,24.75,8.050000000000004" vel="0,0,0" mass="1" elasticityCoef="1" ang="90,0,0" color="0,220,0" radius="0.5" length="4" />
		<capsule pos="-1.1499999999999986,24.75,10.350000000000001" vel="0,0,0" mass="1" elasticityCoef="1" ang="90,0,0" color="0,220,0" radius="0.5" length="4" />
		<capsule pos="-1.1499999999999986,24.75,12.650000000000006" vel="0,0,0" mass="1" elasticityCoef="1" ang="90,0,0" color="0,220,0" radius="0.5" length="4" />
		<capsule pos="-1.1499999999999986,24.75,14.950000000000003" vel="0,0,0" mass="1" elasticityCoef="1" ang="90,0,0" color="0,220,0" radius="0.5" length="4" />
		<capsule pos="-1.1499999999999986,24.75,17.25" vel="0,0,0" mass="1" elasticityCoef="1" ang="90,0,0" color="0,220,0" radius="0.5" length="4" />
		<capsule pos="-1.1499999999999986,24.75,19.550000000000004" vel="0,0,0" mass="1" elasticityCoef="1" ang="90,0,0" color="0,220,0" radius="0.5" length="4" />
		<capsule pos="-1.1499999999999986,24.75,21.85" vel="0,0,0" mass="1" elasticityCoef="1" ang="90,0,0" color="0,220,0" radius="0.5" length="4" />
		<capsule pos="-1.1499999999999986,24.75,24.15" vel="0,0,0" mass="1" elasticityCoef="1" ang="90,0,0" color="0,220,0" radius="0.5" length="4" />
		<capsule pos="-1.1499999999999986,24.75,26.450000000000003" vel="0,0,0" mass="1" elasticityCoef="1" ang="90,0,0" color="0,220,0" radius="0.5" length="4" />
		<capsule pos="-1.1499999999999986,24.75,28.75" vel="0,0,0" mass="1" elasticityCoef="1" ang="90,0,0" color="0,220,0" radius="0.5" length="4" />
		<capsule pos="-1.1499999999999986,24.75,31.049999999999997" vel="0,0,0" mass="1" elasticityCoef="1" ang="90,0,0" color="0,220,0" radius="0.5" length="4" />
		<capsule pos="-1.1499999999999986,30.25,-33.349999999999994" vel="0,0,0" mass="1" elasticityCoef="1" ang="90,0,0" color="0,220,0" radius="0.5" length="4" />
		<capsule pos="-1.1499999999999986,30.25,-31.049999999999994" vel="0,0,0" mass="1" elasticityCoef="1" ang="90,0,0" color="0,220,0" radius="0.5" length="4" />
		<capsule pos="-1.1499999999999986,30.25,-28.749999999999993" vel="0,0,0" mass="1" elasticityCoef="1" ang="90,0,0" color="0,220,0" radius="0.5" length="4" />
		<capsule pos="-1.1499999999999986,30.25,-26.449999999999996" vel="0,0,0" mass="1" elasticityCoef="1" ang="90,0,0" color="0,220,0" radius="0.5" length="4" />
		<capsule pos="-1.1499999999999986,30.25,-24.149999999999995" vel="0,0,0" mass="1" elasticityCoef="1" ang="90,0,0" color="0,220,0" radius="0.5" length="4" />
		<capsule pos="-1.1499999999999986,30.25,-21.849999999999994" vel="0,0,0" mass="1" elasticityCoef="1" ang="90,0,0" color="0,220,0" radius="0.5" length="4" />
		<capsule pos="-1.1499999999999986,30.25,-19.549999999999997" vel="0,0,0" mass="1" elasticityCoef="1" ang="90,0,0" color="0,220,0" radius="0.5" length="4" />
		<capsule pos="-1.1499999999999986,30.25,-17.249999999999996" vel="0,0,0" mass="1" elasticityCoef="1" ang="90,0,0" color="0,220,0" radius="0.5" length="4" />
		<capsule pos="-1.1499999999999986,30.25,-14.949999999999996" vel="0,0,0" mass="1" elasticityCoef="1" ang="90,0,0" color="0,220,0" radius="0.5" length="4" />
		<capsule pos="-1.1499999999999986,30.25,-12.649999999999995" vel="0,0,0" mass="1" elasticityCoef="1" ang="90,0,0" color="0,220,0" radius="0.5" length="4" />
		<capsule pos="-1.1499999999999986,30.25,-10.349999999999994" vel="0,0,0" mass="1" elasticityCoef="1" ang="90,0,0" color="0,220,0" radius="0.5" length="4" />
		<capsule pos="-1.1499999999999986,30.25,-8.049999999999997" vel="0,0,0" mass="1" elasticityCoef="1" ang="90,0,0" color="0,220,0" radius="0.5" length="4" />
		<capsule pos="-1.1499999999999986,30.25,-5.7499999999999964" vel="0,0,0" mass="1" elasticityCoef="1" ang="90,0,0" color="0,220,0" radius="0.5" length="4" />
		<capsule pos="-1.1499999999999986,30.25,-3.4499999999999957" vel="0,0,0" mass="1" elasticityCoef="1" ang="90,0,0" color="0,220,0" radius="0.5" length="4" />
		<capsule pos="-1.1499999999999986,30.25,-1.1499999999999986" vel="0,0,0" mass="1" elasticityCoef="1" ang="90,0,0" color="0,220,0" radius="0.5" length="4" />
		<capsule pos="-1.1499999999999986,30.25,1.1500000000000057" vel="0,0,0" mass="1" elasticityCoef="1" ang="90,0,0" color="0,220,0" radius="0.5" length="4" />
		<capsule pos="-1.1499999999999986,30.25,3.450000000000003" vel="0,0,0" mass="1" elasticityCoef="1" ang="90,0,0" color="0,220,0" radius="0.5" length="4" />
		<capsule pos="-1.1499999999999986,30.25,5.75" vel="0,0,0" mass="1" elasticityCoef="1" ang="90,0,0" color="0,220,0" radius="0.5" length="4" />
		<capsule pos="-1.1499999999999986,30.25,8.050000000000004" vel="0,0,0" mass="1" elasticityCoef="1" ang="90,0,0" color="0,220,0" radius="0.5" length="4" />
		<capsule pos="-1.1499999999999986,30.25,10.350000000000001" vel="0,0,0" mass="1" elasticityCoef="1" ang="90,0,0" color="0,220,0" radius="0.5" length="4" />
		<capsule pos="-1.1499999999999986,30.25,12.650000000000006" vel="0,0,0" mass="1" elasticityCoef="1" ang="90,0,0" color="0,220,0" radius="0.5" length="4" />
		<capsule pos="-1.1499999999999986,30.25,14.950000000000003" vel="0,0,0" mass="1" elasticityCoef="1" ang="90,0,0" color="0,220,0" radius="0.5" length="4" />
		<capsule pos="-1.1499999999999986,30.25,17.25" vel="0,0,0" mass="1" elasticityCoef="1" ang="90,0,0" color="0,220,0" radius="0.5" length="4" />
		<capsule pos="-1.1499999999999986,30.25,19.550000000000004" vel="0,0,0" mass="1" elasticityCoef="1" ang="90,0,0" color="0,220,0" radius="0.5" length="4" />
		<capsule pos="-1.1499999999999986,30.25,21.85" vel="0,0,0" mass="1" elasticityCoef="1" ang="90,0,0" color="0,220,0" radius="0.5" length="4" />
		<capsule pos="-1.1499999999999986,30.25,24.15" vel="0,0,0" mass="1" elasticityCoef="1" ang="90,0,0" color="0,220,0" radius="0.5" length="4" />
		<capsule pos="-1.1499999999999986,30.25,26.450000000000003" vel="0,0,0" mass="1" elasticityCoef="1" ang="90,0,0" color="0,220,0" radius="0.5" length="4" />
		<capsule pos="-1.1499999999999986,30.25,28.75" vel="0,0,0" mass="1" elasticityCoef="1" ang="90,0,0" color="0,220,0" radius="0.5" length="4" />
		<capsule pos="-1.1499999999999986,30.25,31.049999999999997" vel="0,0,0" mass="1" elasticityCoef="1" ang="90,0,0" color="0,220,0" radius="0.5" length="4" />
		<capsule pos="-1.1499999999999986,35.75,-33.349999999999994" vel="0,0,0" mass="1" elasticityCoef="1" ang="90,0,0" color="0,220,0" radius="0.5" length="4" />
		<capsule pos="-1.1499999999999986,35.75,-31.049999999999994" vel="0,0,0" mass="1" elasticityCoef="1" ang="90,0,0" color="0,220,0" radius="0.5" length="4" />
		<capsule pos="-1.1499999999999986,35.75,-28.749999999999993" vel="0,0,0" mass="1" elasticityCoef="1" ang="90,0,0" color="0,220,0" radius="0.5" length="4" />
		<capsule pos="-1.1499999999999986,35.75,-26.449999999999996" vel="0,0,0" mass="1" elasticityCoef="1" ang="90,0,0" color="0,220,0" radius="0.5" length="4" />
		<capsule pos="-1.1499999999999986,35.75,-24.149999999999995" vel="0,0,0" mass="1" elasticityCoef="1" ang="90,0,0" color="0,220,0" radius="0.5" length="4" />
		<capsule pos="-1.1499999999999986,35.75,-21.849999999999994" vel="0,0,0" mass="1" elasticityCoef="1" ang="90,0,0" color="0,220,0" radius="0.5" length="4" />
		<capsule pos="-1.1499999999999986,35.75,-19.549999999999997" vel="0,0,0" mass="1" elasticityCoef="1" ang="90,0,0" color="0,220,0" radius="0.5" length="4" />
		<capsule pos="-1.1499999999999986,35.75,-17.249999999999996" vel="0,0,0" mass="1" elasticityCoef="1" ang="90,0,0" color="0,220,0" radius="0.5" length="4" />
		<capsule pos="-1.1499999999999986,35.75,-14.949999999999996" vel="0,0,0" mass="1" elasticityCoef="1" ang="90,0,0" color="0,220,0" radius="0.5" length="4" />
		<capsule pos="-1.1499999999999986,35.75,-12.649999999999995" vel="0,0,0" mass="1" elasticityCoef="1" ang="90,0,0" color="0,220,0" radius="0.5" length="4" />
		<capsule pos="-1.1499999999999986,35.75,-10.349999999999994" vel="0,0,0" mass="1" elasticityCoef="1" ang="90,0,0" color="0,220,0" radius="0.5" length="4" />
		<capsule pos="-1.1499999999999986,35.75,-8.049999999999997" vel="0,0,0" mass="1" elasticityCoef="1" ang="90,0,0" color="0,220,0" radius="0.5" length="4" />
		<capsule pos="-1.1499999999999986,35.75,-5.7499999999999964" vel="0,0,0" mass="1" elasticityCoef="1" ang="90,0,0" color="0,220,0" radius="0.5" length="4" />
		<capsule pos="-1.1499999999999986,35.75,-3.4499999999999957" vel="0,0,0" mass="1" elasticityCoef="1" ang="90,0,0" color="0,220,0" radius="0.5" length="4" />
		<capsule pos="-1.1499999999999986,35.75,-1.1499999999999986" vel="0,0,0" mass="1" elasticityCoef="1" ang="90,0,0" color="0,220,0" radius="0.5" length="4" />
		<capsule pos="-1.1499999999999986,35.75,1.1500000000000057" vel="0,0,0" mass="1" elasticityCoef="1" ang="90,0,0" color="0,220,0" radius="0.5" length="4" />
		<capsule pos="-1.1499999999999986,35.75,3.450000000000003" vel="0,0,0" mass="1" elasticityCoef="1" ang="90,0,0" color="0,220,0" radius="0.5" length="4" />
		<capsule pos="-1.1499999999999986,35.75,5.75" vel="0,0,0" mass="1" elasticityCoef="1" ang="90,0,0" color="0,220,0" radius="0.5" length="4" />
		<capsule pos="-1.1499999999999986,35.75,8.050000000000004" vel="0,0,0" mass="1" elasticityCoef="1" ang="90,0,0" color="0,220,0" radius="0.5" length="4" />
		<capsule pos="-1.1499999999999986,35.75,10.350000000000001" vel="0,0,0" mass="1" elasticityCoef="1" ang="90,0,0" color="0,220,0" radius="0.5" length="4" />
		<capsule pos="-1.1499999999999986,35.75,12.650000000000006" vel="0,0,0" mass="1" elasticityCoef="1" ang="90,0,0" color="0,220,0" radius="0.5" length="4" />
		<capsule pos="-1.1499999999999986,35.75,14.950000000000003" vel="0,0,0" mass="1" elasticityCoef="1" ang="90,0,0" color="0,220,0" radius="0.5" length="4" />
		<capsule pos="-1.1499999999999986,35.75,17.25" vel="0,0,0" mass="1" elasticityCoef="1" ang="90,0,0" color="0,220,0" radius="0.5" length="4" />
		<capsule pos="-1.1499999999999986,35.75,19.550000000000004" vel="0,0,0" mass="1" elasticityCoef="1" ang="90,0,0" color="0,220,0" radius="0.5" length="4" />
		<capsule pos="-1.1499999999999986,35.75,21.85" vel="0,0,0" mass="1" elasticityCoef="1" ang="90,0,0" color="0,220,0" radius="0.5" length="4" />
		<capsule pos="-1.1499999999999986,35.75,24.15" vel="0,0,0" mass="1" elasticityCoef="1" ang="90,0,0" color="0,220,0" radius="0.5" length="4" />
		<capsule pos="-1.1499999999999986,35.75,26.450000000000003" vel="0,0,0" mass="1" elasticityCoef="1" ang="90,0,0" color="0,220,0" radius="0.5" length="4" />
		<capsule pos="-1.1499999999999986,35.75,28.75" vel="0,0,0" mass="1" elasticityCoef="1" ang="90,0,0" color="0,220,0" radius="0.5" length="4" />
		<capsule pos="-1.1499999999999986,35.75,31.049999999999997" vel="0,0,0" mass="1" elasticityCoef="1" ang="90,0,0" color="0,220,0" radius="0.5" length="4" />
		<capsule pos="1.1500000000000057,-41.25,-33.349999999999994" vel="0,0,0" mass="1" elasticityCoef="1" ang="90,0,0" color="0,220,0" radius="0.5" length="4" />
		<capsule pos="1.1500000000000057,-41.25,-31.049999999999994" vel="0,0,0" mass="1" elasticityCoef="1" ang="90,0,0" color="0,220,0" radius="0.5" length="4" />
		<capsule pos="1.1500000000000057,-41.25,-28.749999999999993" vel="0,0,0" mass="1" elasticityCoef="1" ang="90,0,0" color="0,220,0" radius="0.5" length="4" />
		<capsule pos="1.1500000000000057,-41.25,-26.449999999999996" vel="0,0,0" mass="1" elasticityCoef="1" ang="90,0,0" color="0,220,0" radius="0.5" length="4" />
		<capsule pos="1.1500000000000057,-41.25,-24.149999999999995" vel="0,0,0" mass="1" elasticityCoef="1" ang="90,0,0" color="0,220,0" radius="0.5" length="4" />
		<capsule pos="1.1500000000000057,-41.25,-21.849999999999994" vel="0,0,0" mass="1" elasticityCoef="1" ang="90,0,0" color="0,220,0" radius="0.5" length="4" />
		<capsule pos="1.1500000000000057,-41.25,-19.549999999999997" vel="0,0,0" mass="1" elasticityCoef="1" ang="90,0,0" color="0,220,0" radius="0.5" length="4" />
		<capsule pos="1.1500000000000057,-41.25,-17.249999999999996" vel="0,0,0" mass="1" elasticityCoef="1" ang="90,0,0" color="0,220,0" radius="0.5" length="4" />
		<capsule pos="1.1500000000000057,-41.25,-14.949999999999996" vel="0,0,0" mass="1" elasticityCoef="1" ang="90,0,0" color="0,220,0" radius="0.5" length="4" />
		<capsule pos="1.1500000000000057,-41.25,-12.649999999999995" vel="0,0,0" mass="1" elasticityCoef="1" ang="90,0,0" color="0,220,0" radius="0.5" length="4" />
		<capsule pos="1.1500000000000057,-41.25,-10.349999999999994" vel="0,0,0" mass="1" elasticityCoef="1" ang="90,0,0" color="0,220,0" radius="0.5" length="4" />
		<capsule pos="1.1500000000000057,-41.25,-8.049999999999997" vel="0,0,0" mass="1" elasticityCoef="1" ang="90,0,0" color="0,220,0" radius="0.5" length="4" />
		<capsule pos="1.1500000000000057,-41.25,-5.7499999999999964" vel="0,0,0" mass="1" elasticityCoef="1" ang="90,0,0" color="0,220,0" radius="0.5" length="4" />
		<capsule pos="1.1500000000000057,-41.25,-3.4499999999999957" vel="0,0,0" mass="1" elasticityCoef="1" ang="90,0,0" color="0,220,0" radius="0.5" length="4" />
		<capsule pos="1.1500000000000057,-41.25,-1.1499999999999986" vel="0,0,0" mass="1" elasticityCoef="1" ang="90,0,0" color="0,220,0" radius="0.5" length="4" />
		<capsule pos="1.1500000000000057,-41.25,1.1500000000000057" vel="0,0,0" mass="1" elasticityCoef="1" ang="90,0,0" color="0,220,0" radius="0.5" length="4" />
		<capsule pos="1.1500000000000057,-41.25,3.450000000000003" vel="0,0,0" mass="1" elasticityCoef="1" ang="90,0,0" color="0,220,0" radius="0.5" length="4" />
		<capsule pos="1.1500000000000057,-41.25,5.75" vel="0,0,0" mass="1" elasticityCoef="1" ang="90,0,0" color="0,220,0" radius="0.5" length="4" />
		<capsule pos="1.1500000000000057,-41.25,8.050000000000004" vel="0,0,0" mass="1" elasticityCoef="1" ang="90,0,0" color="0,220,0" radius="0.5" length="4" />
		<capsule pos="1.1500000000000057,-41.25,10.350000000000001" vel="0,0,0" mass="1" elasticityCoef="1" ang="90,0,0" color="0,220,0" radius="0.5" length="4" />
		<capsule pos="1.1500000000000057,-41.25,12.650000000000006" vel="0,0,0" mass="1" elasticityCoef="1" ang="90,0,0" color="0,220,0" radius="0.5" length="4" />
		<capsule pos="1.1500000000000057,-41.25,14.950000000000003" vel="0,0,0" mass="1" elasticityCoef="1" ang="90,0,0" color="0,220,0" radius="0.5" length="4" />
		<capsule pos="1.1500000000000057,-41.25,17.25" vel="0,0,0" mass="1" elasticityCoef="1" ang="90,0,0" color="0,220,0" radius="0.5" length="4" />
		<capsule pos="1.1500000000000057,-41.25,19.550000000000004" vel="0,0,0" mass="1" elasticityCoef="1" ang="90,0,0" color="0,220,0" radius="0.5" length="4" />
		<capsule pos="1.1500000000000057,-41.25,21.85" vel="0,0,0" mass="1" elasticityCoef="1" ang="90,0,0" color="0,220,0" radius="0.5" length="4" />
		<capsule pos="1.1500000000000057,-41.25,24.15" vel="0,0,0" mass="1" elasticityCoef="1" ang="90,0,0" color="0,220,0" radius="0.5" length="4" />
		<capsule pos="1.1500000000000057,-41.25,26.450000000000003" vel="0,0,0" mass="1" elasticityCoef="1" ang="90,0,0" color="0,220,0" radius="0.5" length="4" />
		<capsule pos="1.1500000000000057,-41.25,28.75" vel="0,0,0" mass="1" elasticityCoef="1" ang="90,0,0" color="0,220,0" radius="0.5" length="4" />
		<capsule pos="1.1500000000000057,-41.25,31.049999999999997" vel="0,0,0" mass="1" elasticityCoef="1" ang="90,0,0" color="0,220,0" radius="0.5" length="4" />
		<capsule pos="1.1500000000000057,-35.75,-33.349999999999994" vel="0,0,0" mass="1" elasticityCoef="1" ang="90,0,0" color="0,220,0" radius="0.5" length="4" />
		<capsule pos="1.1500000000000057,-35.75,-31.049999999999994" vel="0,0,0" mass="1" elasticityCoef="1" ang="90,0,0" color="0,220,0" radius="0.5" length="4" />
		<capsule pos="1.1500000000000057,-35.75,-28.749999999999993" vel="0,0,0" mass="1" elasticityCoef="1" ang="90,0,0" color="0,220,0" radius="0.5" length="4" />
		<capsule pos="1.1500000000000057,-35.75,-26.449999999999996" vel="0,0,0" mass="1" elasticityCoef="1" ang="90,0,0" color="0,220,0" radius="0.5" length="4" />
		<capsule pos="1.1500000000000057,-35.75,-24.149999999999995" vel="0,0,0" mass="1" elasticityCoef="1" ang="90,0,0" color="0,220,0" radius="0.5" length="4" />
		<capsule pos="1.1500000000000057,-35.75,-21.849999999999994" vel="0,0,0" mass="1" elasticityCoef="1" ang="90,0,0" color="0,220,0" radius="0.5" length="4" />
		<capsule pos="1.1500000000000057,-35.75,-19.549999999999997" vel="0,0,0" mass="1" elasticityCoef="1" ang="90,0,0" color="0,220,0" radius="0.5" length="4" />
		<capsule pos="1.1500000000000057,-35.75,-17.249999999999996" vel="0,0,0" mass="1" elasticityCoef="1" ang="90,0,0" color="0,220,0" radius="0.5" length="4" />
		<capsule pos="1.1500000000000057,-35.75,-14.949999999999996" vel="0,0,0" mass="1" elasticityCoef="1" ang="90,0,0" color="0,220,0" radius="0.5" length="4" />
		<capsule pos="1.1500000000000057,-35.75,-12.649999999999995" vel="0,0,0" mass="1" elasticityCoef="1" ang="90,0,0" color="0,220,0" radius="0.5" length="4" />
		<capsule pos="1.1500000000000057,-35.75,-10.349999999999994" vel="0,0,0" mass="1" elasticityCoef="1" ang="90,0,0" color="0,220,0" radius="0.5" length="4" />
		<capsule pos="1.1500000000000057,-35.75,-8.049999999999997" vel="0,0,0" mass="1" elasticityCoef="1" ang="90,0,0" color="0,220,0" radius="0.5" length="4" />
		<capsule pos="1.1500000000000057,-35.75,-5.7499999999999964" vel="0,0,0" mass="1" elasticityCoef="1" ang="90,0,0" color="0,220,0" radius="0.5" length="4" />
		<capsule pos="1.1500000000000057,-35.75,-3.4499999999999957" vel="0,0,0" mass="1" elasticityCoef="1" ang="90,0,0" color="0,220,0" radius="0.5" length="4" />
		<capsule pos="1.1500000000000057,-35.75,-1.1499999999999986" vel="0,0,0" mass="1" elasticityCoef="1" ang="90,0,0" color="0,220,0" radius="0.5" length="4" />
		<capsule pos="1.1500000000000057,-35.75,1.1500000000000057" vel="0,0,0" mass="1" elasticityCoef="1" ang="90,0,0" color="0,220,0" radius="0.5" length="4" />
		<capsule pos="1.1500000000000057,-35.75,3.450000000000003" vel="0,0,0" mass="1" elasticityCoef="1" ang="90,0,0" color="0,220,0" radius="0.5" length="4" />
		<capsule pos="1.1500000000000057,-35.75,5.75" vel="0,0,0" mass="1" elasticityCoef="1" ang="90,0,0" color="0,220,0" radius="0.5" length="4" />
		<capsule pos="1.1500000000000057,-35.75,8.050000000000004" vel="0,0,0" mass="1" elasticityCoef="1" ang="90,0,0" color="0,220,0" radius="0.5" length="4" />
		<capsule pos="1.1500000000000057,-35.75,10.350000000000001" vel="0,0,0" mass="1" elasticityCoef="1" ang="90,0,0" color="0,220,0" radius="0.5" length="4" />
		<capsule pos="1.1500000000000057,-35.75,12.650000000000006" vel="0,0,0" mass="1" elasticityCoef="1" ang="90,0,0" color="0,220,0" radius="0.5" length="4" />
		<capsule pos="1.1500000000000057,-35.75,14.950000000000003" vel="0,0,0" mass="1" elasticityCoef="1" ang="90,0,0" color="0,220,0" radius="0.5" length="4" />
		<capsule pos="1.1500000000000057,-35.75,17.25" vel="0,0,0" mass="1" elasticityCoef="1" ang="90,0,0" color="0,220,0" radius="0.5" length="4" />
		<capsule pos="1.1500000000000057,-35.75,19.550000000000004" vel="0,0,0" mass="1" elasticityCoef="1" ang="90,0,0" color="0,220,0" radius="0.5" length="4" />
		<capsule pos="1.1500000000000057,-35.75,21.85" vel="0,0,0" mass="1" elasticityCoef="1" ang="90,0,0" color="0,220,0" radius="0.5" length="4" />
		<capsule pos="1.1500000000000057,-35.75,24.15" vel="0,0,0" mass="1" elasticityCoef="1" ang="90,0,0" color="0,220,0" radius="0.5" length="4" />
		<capsule pos="1.1500000000000057,-35.75,26.450000000000003" vel="0,0,0" mass="1" elasticityCoef="1" ang="90,0,0" color="0,220,0" radius="0.5" length="4" />
		<capsule pos="1.1500000000000057,-35.75,28.75" vel="0,0,0" mass="1" elasticityCoef="1" ang="90,0,0" color="0,220,0" radius="0.5" length="4" />
		<capsule pos="1.1500000000000057,-35.75,31.049999999999997" vel="0,0,0" mass="1" elasticityCoef="1" ang="90,0,0" color="0,220,0" radius="0.5" length="4" />
		<capsule pos="1.1500000000000057,-30.25,-33.349999999999994" vel="0,0,0" mass="1" elasticityCoef="1" ang="90,0,0" color="0,220,0" radius="0.5" length="4" />
		<capsule pos="1.1500000000000057,-30.25,-31.049999999999994" vel="0,0,0" mass="1" elasticityCoef="1" ang="90,0,0" color="0,220,0" radius="0.5" length="4" />
		<capsule pos="1.1500000000000057,-30.25,-28.749999999999993" vel="0,0,0" mass="1" elasticityCoef="1" ang="90,0,0" color="0,220,0" radius="0.5" length="4" />
		<capsule pos="1.1500000000000057,-30.25,-26.449999999999996" vel="0,0,0" mass="1" elasticityCoef="1" ang="90,0,0" color="0,220,0" radius="0.5" length="4" />
		<capsule pos="1.1500000000000057,-30.25,-24.149999999999995" vel="0,0,0" mass="1" elasticityCoef="1" ang="90,0,0" color="0,220,0" radius="0.5" length="4" />
		<capsule pos="1.1500000000000057,-30.25,-21.849999999999994" vel="0,0,0" mass="1" elasticityCoef="1" ang="90,0,0" color="0,220,0" radius="0.5" length="4" />
		<capsule pos="1.1500000000000057,-30.25,-19.549999999999997" vel="0,0,0" mass="1" elasticityCoef="1" ang="90,0,0" color="0,220,0" radius="0.5" length="4" />
		<capsule pos="1.1500000000000057,-30.25,-17.249999999999996" vel="0,0,0" mass="1" elasticityCoef="1" ang="90,0,0" color="0,220,0" radius="0.5" length="4" />
		<capsule pos="1.1500000000000057,-30.25,-14.949999999999996" vel="0,0,0" mass="1" elasticityCoef="1" ang="90,0,0" color="0,220,0" radius="0.5" length="4" />
		<capsule pos="1.1500000000000057,-30.25,-12.649999999999995" vel="0,0,0" mass="1" elasticityCoef="1" ang="90,0,0" color="0,220,0" radius="0.5" length="4" />
		<capsule pos="1.1500000000000057,-30.25,-10.349999999999994" vel="0,0,0" mass="1" elasticityCoef="1" ang="90,0,0" color="0,220,0" radius="0.5" length="4" />
		<capsule pos="1.1500000000000057,-30.25,-8.049999999999997" vel="0,0,0" mass="1" elasticityCoef="1" ang="90,0,0" color="0,220,0" radius="0.5" length="4" />
		<capsule pos="1.1500000000000057,-30.25,-5.7499999999999964" vel="0,0,0" mass="1" elasticityCoef="1" ang="90,0,0" color="0,220,0" radius="0.5" length="4" />
		<capsule pos="1.1500000000000057,-30.25,-3.4499999999999957" vel="0,0,0" mass="1" elasticityCoef="1" ang="90,0,0" color="0,220,0" radius="0.5" length="4" />
		<capsule pos="1.1500000000000057,-30.25,-1.1499999999999986" vel="0,0,0" mass="1" elasticityCoef="1" ang="90,0,0" color="0,220,0" radius="0.5" length="4" />
		<capsule pos="1.1500000000000057,-30.25,1.1500000000000057" vel="0,0,0" mass="1" elasticityCoef="1" ang="90,0,0" color="0,220,0" radius="0.5" length="4" />
		<capsule pos="1.1500000000000057,-30.25,3.450000000000003" vel="0,0,0" mass="1" elasticityCoef="1" ang="90,0,0" color="0,220,0" radius="0.5" length="4" />
		<capsule pos="1.1500000000000057,-30.25,5.75" vel="0,0,0" mass="1" elasticityCoef="1" ang="90,0,0" color="0,220,0" radius="0.5" length="4" />
		<capsule pos="1.1500000000000057,-30.25,8.050000000000004" vel="0,0,0" mass="1" elasticityCoef="1" ang="90,0,0" color="0,220,0" radius="0.5" length="4" />
		<capsule pos="1.1500000000000057,-30.25,10.350000000000001" vel="0,0,0" mass="1" elasticityCoef="1" ang="90,0,0" color="0,220,0" radius="0.5" length="4" />
		<capsule pos="1.1500000000000057,-30.25,12.650000000000006" vel="0,0,0" mass="1" elasticityCoef="1" ang="90,0,0" color="0,220,0" radius="0.5" length="4" />
		<capsule pos="1.1500000000000057,-30.25,14.950000000000003" vel="0,0,0" mass="1" elasticityCoef="1" ang="90,0,0" color="0,220,0" radius="0.5" length="4" />
		<capsule pos="1.1500000000000057,-30.25,17.25" vel="0,0,0" mass="1" elasticityCoef="1" ang="90,0,0" color="0,220,0" radius="0.5" length="4" />
		<capsule pos="1.1500000000000057,-30.25,19.550000000000004" vel="0,0,0" mass="1" elasticityCoef="1" ang="90,0,0" color="0,220,0" radius="0.5" length="4" />
		<capsule pos="1.1500000000000057,-30.25,21.85" vel="0,0,0" mass="1" elasticityCoef="1" ang="90,0,0" color="0,220,0" radius="0.5" length="4" />
		<capsule pos="1.1500000000000057,-30.25,24.15" vel="0,0,0" mass="1" elasticityCoef="1" ang="90,0,0" color="0,220,0" radius="0.5" length="4" />
		<capsule pos="1.1500000000000057,-30.25,26.450000000000003" vel="0,0,0" mass="1" elasticityCoef="1" ang="90,0,0" color="0,220,0" radius="0.5" length="4" />
		<capsule pos="1.1500000000000057,-30.25,28.75" vel="0,0,0" mass="1" elasticityCoef="1" ang="90,0,0" color="0,220,0" radius="0.5" length="4" />
		<capsule pos="1.1500000000000057,-30.25,31.049999999999997" vel="0,0,0" mass="1" elasticityCoef="1" ang="90,0,0" color="0,220,0" radius="0.5" length="4" />
		<capsule pos="1.1500000000000057,-24.75,-33.349999999999994" vel="0,0,0" mass="1" elasticityCoef="1" ang="90,0,0" color="0,220,0" radius="0.5" length="4" />
		<capsule pos="1.1500000000000057,-24.75,-31.049999999999994" vel="0,0,0" mass="1" elasticityCoef="1" ang="90,0,0" color="0,220,0" radius="0.5" length="4" />
		<capsule pos="1.1500000000000057,-24.75,-28.749999999999993" vel="0,0,0" mass="1" elasticityCoef="1" ang="90,0,0" color="0,220,0" radius="0.5" length="4" />
		<capsule pos="1.1500000000000057,-24.75,-26.449999999999996" vel="0,0,0" mass="1" elasticityCoef="1" ang="90,0,0" color="0,220,0" radius="0.5" length="4" />
		<capsule pos="1.1500000000000057,-24.75,-24.149999999999995" vel="0,0,0" mass="1" elasticityCoef="1" ang="90,0,0" color="0,220,0" radius="0.5" length="4" />
		<capsule pos="1.1500000000000057,-24.75,-21.849999999999994" vel="0,0,0" mass="1" elasticityCoef="1" ang="90,0,0" color="0,220,0" radius="0.5" length="4" />
		<capsule pos="1.1500000000000057,-24.75,-19.549999999999997" vel="0,0,0" mass="1" elasticityCoef="1" ang="90,0,0" color="0,220,0" radius="0.5" length="4" />
		<capsule pos="1.1500000000000057,-24.75,-17.249999999999996" vel="0,0,0" mass="1" elasticityCoef="1" ang="90,0,0" color="0,220,0" radius="0.5" length="4" />
		<capsule pos="1.1500000000000057,-24.75,-14.949999999999996" vel="0,0,0" mass="1" elasticityCoef="1" ang="90,0,0" color="0,220,0" radius="0.5" length="4" />
		<capsule pos="1.1500000000000057,-24.75,-12.649999999999995" vel="0,0,0" mass="1" elasticityCoef="1" ang="90,0,0" color="0,220,0" radius="0.5" length="4" />
		<capsule pos="1.1500000000000057,-24.75,-10.349999999999994" vel="0,0,0" mass="1" elasticityCoef="1" ang="90,0,0" color="0,220,0" radius="0.5" length="4" />
		<capsule pos="1.1500000000000057,-24.75,-8.049999999999997" vel="0,0,0" mass="1" elasticityCoef="1" ang="90,0,0" color="0,220,0" radius="0.5" length="4" />
		<capsule pos="1.1500000000000057,-24.75,-5.7499999999999964" vel="0,0,0" mass="1" elasticityCoef="1" ang="90,0,0" color="0,220,0" radius="0.5" length="4" />
		<capsule pos="1.1500000000000057,-24.75,-3.4499999999999957" vel="0,0,0" mass="1" elasticityCoef="1" ang="90,0,0" color="0,220,0" radius="0.5" length="4" />
		<capsule pos="1.1500000000000057,-24.75,-1.1499999999999986" vel="0,0,0" mass="1" elasticityCoef="1" ang="90,0,0" color="0,220,0" radius="0.5" length="4" />
		<capsule pos="1.1500000000000057,-24.75,1.1500000000000057" vel="0,0,0" mass="1" elasticityCoef="1" ang="90,0,0" color="0,220,0" radius="0.5" length="4" />
		<capsule pos="1.1500000000000057,-24.75,3.450000000000003" vel="0,0,0" mass="1" elasticityCoef="1" ang="90,0,0" color="0,220,0" radius="0.5" length="4" />
		<capsule pos="1.1500000000000057,-24.75,5.75" vel="0,0,0" mass="1" elasticityCoef="1" ang="90,0,0" color="0,220,0" radius="0.5" length="4" />
		<capsule pos="1.1500000000000057,-24.75,8.050000000000004" vel="0,0,0" mass="1" elasticityCoef="1" ang="90,0,0" color="0,220,0" radius="0.5" length="4" />
		<capsule pos="1.1500000000000057,-24.75,10.350000000000001" vel="0,0,0" mass="1" elasticityCoef="1" ang="90,0,0" color="0,220,0" radius="0.5" length="4" />
		<capsule pos="1.1500000000000057,-24.75,12.650000000000006" vel="0,0,0" mass="1" elasticityCoef="1" ang="90,0,0" color="0,220,0" radius="0.5" length="4" />
		<capsule pos="1.1500000000000057,-24.75,14.950000000000003" vel="0,0,0" mass="1" elasticityCoef="1" ang="90,0,0" color="0,220,0" radius="0.5" length="4" />
		<capsule pos="1.1500000000000057,-24.75,17.25" vel="0,0,0" mass="1" elasticityCoef="1" ang="90,0,0" color="0,220,0" radius="0.5" length="4" />
		<capsule pos="1.1500000000000057,-24.75,19.550000000000004" vel="0,0,0" mass="1" elasticityCoef="1" ang="90,0,0" color="0,220,0" radius="0.5" length="4" />
		<capsule pos="1.1500000000000057,-24.75,21.85" vel="0,0,0" mass="1" elasticityCoef="1" ang="90,0,0" color="0,220,0" radius="0.5" length="4" />
		<capsule pos="1.1500000000000057,-24.75,24.15" vel="0,0,0" mass="1" elasticityCoef="1" ang="90,0,0" color="0,220,0" radius="0.5" length="4" />
		<capsule pos="1.1500000000000057,-24.75,26.450000000000003" vel="0,0,0" mass="1" elasticityCoef="1" ang="90,0,0" color="0,220,0" radius="0.5" length="4" />
		<capsule pos="1.1500000000000057,-24.75,28.75" vel="0,0,0" mass="1" elasticityCoef="1" ang="90,0,0" color="0,220,0" radius="0.5" length="4" />
		<capsule pos="1.1500000000000057,-24.75,31.049999999999997" vel="0,0,0" mass="1" elasticityCoef="1" ang="90,0,0" color="0,220,0" radius="0.5" length="4" />
		<capsule pos="1.1500000000000057,-19.25,-33.349999999999994" vel="0,0,0" mass="1" elasticityCoef="1" ang="90,0,0" color="0,220,0" radius="0.5" length="4" />
		<capsule pos="1.1500000000000057,-19.25,-31.049999999999994" vel="0,0,0" mass="1" elasticityCoef="1" ang="90,0,0" color="0,220,0" radius="0.5" length="4" />
		<capsule pos="1.1500000000000057,-19.25,-28.749999999999993" vel="0,0,0" mass="1" elasticityCoef="1" ang="90,0,0" color="0,220,0" radius="0.5" length="4" />
		<capsule pos="1.1500000000000057,-19.25,-26.449999999999996" vel="0,0,0" mass="1" elasticityCoef="1" ang="90,0,0" color="0,220,0" radius="0.5" length="4" />
		<capsule pos="1.1500000000000057,-19.25,-24.149999999999995" vel="0,0,0" mass="1" elasticityCoef="1" ang="90,0,0" color="0,220,0" radius="0.5" length="4" />
		<capsule pos="1.1500000000000057,-19.25,-21.849999999999994" vel="0,0,0" mass="1" elasticityCoef="1" ang="90,0,0" color="0,220,0" radius="0.5" length="4" />
		<capsule pos="1.1500000000000057,-19.25,-19.549999999999997" vel="0,0,0" mass="1" elasticityCoef="1" ang="90,0,0" color="0,220,0" radius="0.5" length="4" />
		<capsule pos="1.1500000000000057,-19.25,-17.249999999999996" vel="0,0,0" mass="1" elasticityCoef="1" ang="90,0,0" color="0,220,0" radius="0.5" length="4" />
		<capsule pos="1.1500000000000057,-19.25,-14.949999999999996" vel="0,0,0" mass="1" elasticityCoef="1" ang="90,0,0" color="0,220,0" radius="0.5" length="4" />
		<capsule pos="1.1500000000000057,-19.25,-12.649999999999995" vel="0,0,0" mass="1" elasticityCoef="1" ang="90,0,0" color="0,220,0" radius="0.5" length="4" />
		<capsule pos="1.1500000000000057,-19.25,-10.349999999999994" vel="0,0,0" mass="1" elasticityCoef="1" ang="90,0,0" color="0,220,0" radius="0.5" length="4" />
		<capsule pos="1.1500000000000057,-19.25,-8.049999999999997" vel="0,0,0" mass="1" elasticityCoef="1" ang="90,0,0" color="0,220,0" radius="0.5" length="4" />
		<capsule pos="1.1500000000000057,-19.25,-5.7499999999999964" vel="0,0,0" mass="1" elasticityCoef="1" ang="90,0,0" color="0,220,0" radius="0.5" length="4" />
		<capsule pos="1.1500000000000057,-19.25,-3.4499999999999957" vel="0,0,0" mass="1" elasticityCoef="1" ang="90,0,0" color="0,220,0" radius="0.5" length="4" />
		<capsule pos="1.1500000000000057,-19.25,-1.1499999999999986" vel="0,0,0" mass="1" elasticityCoef="1" ang="90,0,0" color="0,220,0" radius="0.5" length="4" />
		<capsule pos="1.1500000000000057,-19.25,1.1500000000000057" vel="0,0,0" mass="1" elasticityCoef="1" ang="90,0,0" color="0,220,0" radius="0.5" length="4" />
		<capsule pos="1.1500000000000057,-19.25,3.450000000000003" vel="0,0,0" mass="1" elasticityCoef="1" ang="90,0,0" color="0,220,0" radius="0.5" length="4" />
		<capsule pos="1.1500000000000057,-19.25,5.75" vel="0,0,0" mass="1" elasticityCoef="1" ang="90,0,0" color="0,220,0" radius="0.5" length="4" />
		<capsule pos="1.1500000000000057,-19.25,8.050000000000004" vel="0,0,0" mass="1" elasticityCoef="1" ang="90,0,0" color="0,220,0" radius="0.5" length="4" />
		<capsule pos="1.1500000000000057,-19.25,10.350000000000001" vel="0,0,0" mass="1" elasticityCoef="1" ang="90,0,0" color="0,220,0" radius="0.5" length="4" />
		<capsule pos="1.1500000000000057,-19.25,12.650000000000006" vel="0,0,0" mass="1" elasticityCoef="1" ang="90,0,0" color="0,220,0" radius="0.5" length="4" />
		<capsule pos="1.1500000000000057,-19.25,14.950000000000003" vel="0,0,0" mass="1" elasticityCoef="1" ang="90,0,0" color="0,220,0" radius="0.5" length="4" />
		<capsule pos="1.1500000000000057,-19.25,17.25" vel="0,0,0" mass="1" elasticityCoef="1" ang="90,0,0" color="0,220,0" radius="0.5" length="4" />
		<capsule pos="1.1500000000000057,-19.25,19.550000000000004" vel="0,0,0" mass="1" elasticityCoef="1" ang="90,0,0" color="0,220,0" radius="0.5" length="4" />
		<capsule pos="1.1500000000000057,-19.25,21.85" vel="0,0,0" mass="1" elasticityCoef="1" ang="90,0,0" color="0,220,0" radius="0.5" length="4" />
		<capsule pos="1.1500000000000057,-19.25,24.15" vel="0,0,0" mass="1" elasticityCoef="1" ang="90,0,0" color="0,220,0" radius="0.5" length="4" />
		<capsule pos="1.1500000000000057,-19.25,26.450000000000003" vel="0,0,0" mass="1" elasticityCoef="1" ang="90,0,0" color="0,220,0" radius="0.5" length="4" />
		<capsule pos="1.1500000000000057,-19.25,28.75" vel="0,0,0" mass="1" elasticityCoef="1" ang="90,0,0" color="0,220,0" radius="0.5" length="4" />
		<capsule pos="1.1500000000000057,-19.25,31.049999999999997" vel="0,0,0" mass="1" elasticityCoef="1" ang="90,0,0" color="0,220,0" radius="0.5" length="4" />
		<capsule pos="1.1500000000000057,-13.75,-33.349999999999994" vel="0,0,0" mass="1" elasticityCoef="1" ang="90,0,0" color="0,220,0" radius="0.5" length="4" />
		<capsule pos="1.1500000000000057,-13.75,-31.049999999999994" vel="0,0,0" mass="1" elasticityCoef="1" ang="90,0,0" color="0,220,0" radius="0.5" length="4" />
		<capsule pos="1.1500000000000057,-13.75,-28.749999999999993" vel="0,0,0" mass="1" elasticityCoef="1" ang="90,0,0" color="0,220,0" radius="0.5" length="4" />
		<capsule pos="1.1500000000000057,-13.75,-26.449999999999996" vel="0,0,0" mass="1" elasticityCoef="1" ang="90,0,0" color="0,220,0" radius="0.5" length="4" />
		<capsule pos="1.1500000000000057,-13.75,-24.149999999999995" vel="0,0,0" mass="1" elasticityCoef="1" ang="90,0,0" color="0,220,0" radius="0.5" length="4" />
		<capsule pos="1.1500000000000057,-13.75,-21.849999999999994" vel="0,0,0" mass="1" elasticityCoef="1" ang="90,0,0" color="0,220,0" radius="0.5" length="4" />
		<capsule pos="1.1500000000000057,-13.75,-19.549999999999997" vel="0,0,0" mass="1" elasticityCoef="1" ang="90,0,0" color="0,220,0" radius="0.5" length="4" />
		<capsule pos="1.1500000000000057,-13.75,-17.249999999999996" vel="0,0,0" mass="1" elasticityCoef="1" ang="90,0,0" color="0,220,0" radius="0.5" length="4" />
		<capsule pos="1.1500000000000057,-13.75,-14.949999999999996" vel="0,0,0" mass="1" elasticityCoef="1" ang="90,0,0" color="0,220,0" radius="0.5" length="4" />
		<capsule pos="1.1500000000000057,-13.75,-12.649999999999995" vel="0,0,0" mass="1" elasticityCoef="1" ang="90,0,0" color="0,220,0" radius="0.5" length="4" />
		<capsule pos="1.1500000000000057,-13.75,-10.349999999999994" vel="0,0,0" mass="1" elasticityCoef="1" ang="90,0,0" color="0,220,0" radius="0.5" length="4" />
		<capsule pos="1.1500000000000057,-13.75,-8.049999999999997" vel="0,0,0" mass="1" elasticityCoef="1" ang="90,0,0" color="0,220,0" radius="0.5" length="4" />
		<capsule pos="1.1500000000000057,-13.75,-5.7499999999999964" vel="0,0,0" mass="1" elasticityCoef="1" ang="90,0,0" color="0,220,0" radius="0.5" length="4" />
		<capsule pos="1.1500000000000057,-13.75,-3.4499999999999957" vel="0,0,0" mass="1" elasticityCoef="1" ang="90,0,0" color="0,220,0" radius="0.5" length="4" />
		<capsule pos="1.1500000000000057,-13.75,-1.1499999999999986" vel="0,0,0" mass="1" elasticityCoef="1" ang="90,0,0" color="0,220,0" radius="0.5" length="4" />
		<capsule pos="1.1500000000000057,-13.75,1.1500000000000057" vel="0,0,0" mass="1" elasticityCoef="1" ang="90,0,0" color="0,220,0" radius="0.5" length="4" />
		<capsule pos="1.1500000000000057,-13.75,3.450000000000003" vel="0,0,0" mass="1" elasticityCoef="1" ang="90,0,0" color="0,220,0" radius="0.5" length="4" />
		<capsule pos="1.1500000000000057,-13.75,5.75" vel="0,0,0" mass="1" elasticityCoef="1" ang="90,0,0" color="0,220,0" radius="0.5" length="4" />
		<capsule pos="1.1500000000000057,-13.75,8.050000000000004" vel="0,0,0" mass="1" elasticityCoef="1" ang="90,0,0" color="0,220,0" radius="0.5" length="4" />
		<capsule pos="1.1500000000000057,-13.75,10.350000000000001" vel="0,0,0" mass="1" elasticityCoef="1" ang="90,0,0" color="0,220,0" radius="0.5" length="4" />
		<capsule pos="1.1500000000000057,-13.75,12.650000000000006" vel="0,0,0" mass="1" elasticityCoef="1" ang="90,0,0" color="0,220,0" radius="0.5" length="4" />
		<capsule pos="1.1500000000000057,-13.75,14.950000000000003" vel="0,0,0" mass="1" elasticityCoef="1" ang="90,0,0" color="0,220,0" radius="0.5" length="4" />
		<capsule pos="1.1500000000000057,-13.75,17.25" vel="0,0,0" mass="1" elasticityCoef="1" ang="90,0,0" color="0,220,0" radius="0.5" length="4" />
		<capsule pos="1.1500000000000057,-13.75,19.550000000000004" vel="0,0,0" mass="1" elasticityCoef="1" ang="90,0,0" color="0,220,0" radius="0.5" length="4" />
		<capsule pos="1.1500000000000057,-13.75,21.85" vel="0,0,0" mass="1" elasticityCoef="1" ang="90,0,0" color="0,220,0" radius="0.5" length="4" />
		<capsule pos="1.1500000000000057,-13.75,24.15" vel="0,0,0" mass="1" elasticityCoef="1" ang="90,0,0" color="0,220,0" radius="0.5" length="4" />
		<capsule pos="1.1500000000000057,-13.75,26.450000000000003" vel="0,0,0" mass="1" elasticityCoef="1" ang="90,0,0" color="0,220,0" radius="0.5" length="4" />
		<capsule pos="1.1500000000000057,-13.75,28.75" vel="0,0,0" mass="1" elasticityCoef="1" ang="90,0,0" color="0,220,0" radius="0.5" length="4" />
		<capsule pos="1.1500000000000057,-13.75,31.049999999999997" vel="0,0,0" mass="1" elasticityCoef="1" ang="90,0,0" color="0,220,0" radius="0.5" length="4" />
		<capsule pos="1.1500000000000057,-8.25,-33.349999999999994" vel="0,0,0" mass="1" elasticityCoef="1" ang="90,0,0" color="0,220,0" radius="0.5" length="4" />
		<capsule pos="1.1500000000000057,-8.25,-31.049999999999994" vel="0,0,0" mass="1" elasticityCoef="1" ang="90,0,0" color="0,220,0" radius="0.5" length="4" />
		<capsule pos="1.1500000000000057,-8.25,-28.749999999999993" vel="0,0,0" mass="1" elasticityCoef="1" ang="90,0,0" color="0,220,0" radius="0.5" length="4" />
		<capsule pos="1.1500000000000057,-8.25,-26.449999999999996" vel="0,0,0" mass="1" elasticityCoef="1" ang="90,0,0" color="0,220,0" radius="0.5" length="4" />
		<capsule pos="1.1500000000000057,-8.25,-24.149999999999995" vel="0,0,0" mass="1" elasticityCoef="1" ang="90,0,0" color="0,220,0" radius="0.5" length="4" />
		<capsule pos="1.1500000000000057,-8.25,-21.849999999999994" vel="0,0,0" mass="1" elasticityCoef="1" ang="90,0,0" color="0,220,0" radius="0.5" length="4" />
		<capsule pos="1.1500000000000057,-8.25,-19.549999999999997" vel="0,0,0" mass="1" elasticityCoef="1" ang="90,0,0" color="0,220,0" radius="0.5" length="4" />
		<capsule pos="1.1500000000000057,-8.25,-17.249999999999996" vel="0,0,0" mass="1" elasticityCoef="1" ang="90,0,0" color="0,220,0" radius="0.5" length="4" />
		<capsule pos="1.1500000000000057,-8.25,-14.949999999999996" vel="0,0,0" mass="1" elasticityCoef="1" ang="90,0,0" color="0,220,0" radius="0.5" length="4" />
		<capsule pos="1.1500000000000057,-8.25,-12.649999999999995" vel="0,0,0" mass="1" elasticityCoef="1" ang="90,0,0" color="0,220,0" radius="0.5" length="4" />
		<capsule pos="1.1500000000000057,-8.25,-10.349999999999994" vel="0,0,0" mass="1" elasticityCoef="1" ang="90,0,0" color="0,220,0" radius="0.5" length="4" />
		<capsule pos="1.1500000000000057,-8.25,-8.049999999999997" vel="0,0,0" mass="1" elasticityCoef="1" ang="90,0,0" color="0,220,0" radius="0.5" length="4" />
		<capsule pos="1.1500000000000057,-8.25,-5.7499999999999964" vel="0,0,0" mass="1" elasticityCoef="1" ang="90,0,0" color="0,220,0" radius="0.5" length="4" />
		<capsule pos="1.1500000000000057,-8.25,-3.4499999999999957" vel="0,0,0" mass="1" elasticityCoef="1" ang="90,0,0" color="0,220,0" radius="0.5" length="4" />
		<capsule pos="1.1500000000000057,-8.25,-1.1499999999999986" vel="0,0,0" mass="1" elasticityCoef="1" ang="90,0,0" color="0,220,0" radius="0.5" length="4" />
		<capsule pos="1.1500000000000057,-8.25,1.1500000000000057" vel="0,0,0" mass="1" elasticityCoef="1" ang="90,0,0" color="0,220,0" radius="0.5" length="4" />
		<capsule pos="1.1500000000000057,-8.25,3.450000000000003" vel="0,0,0" mass="1" elasticityCoef="1" ang="90,0,0" color="0,220,0" radius="0.5" length="4" />
		<capsule pos="1.1500000000000057,-8.25,5.75" vel="0,0,0" mass="1" elasticityCoef="1" ang="90,0,0" color="0,220,0" radius="0.5" length="4" />
		<capsule pos="1.1500000000000057,-8.25,8.050000000000004" vel="0,0,0" mass="1" elasticityCoef="1" ang="90,0,0" color="0,220,0" radius="0.5" length="4" />
		<capsule pos="1.1500000000000057,-8.25,10.350000000000001" vel="0,0,0" mass="1" elasticityCoef="1" ang="90,0,0" color="0,220,0" radius="0.5" length="4" />
		<capsule pos="1.1500000000000057,-8.25,12.650000000000006" vel="0,0,0" mass="1" elasticityCoef="1" ang="90,0,0" color="0,220,0" radius="0.5" length="4" />
		<capsule pos="1.1500000000000057,-8.25,14.950000000000003" vel="0,0,0" mass="1" elasticityCoef="1" ang="90,0,0" color="0,220,0" radius="0.5" length="4" />
		<capsule pos="1.1500000000000057,-8.25,17.25" vel="0,0,0" mass="1" elasticityCoef="1" ang="90,0,0" color="0,220,0" radius="0.5" length="4" />
		<capsule pos="1.1500000000000057,-8.25,19.550000000000004" vel="0,0,0" mass="1" elasticityCoef="1" ang="90,0,0" color="0,220,0" radius="0.5" length="4" />
		<capsule pos="1.1500000000000057,-8.25,21.85" vel="0,0,0" mass="1" elasticityCoef="1" ang="90,0,0" color="0,220,0" radius="0.5" length="4" />
		<capsule pos="1.1500000000000057,-8.25,24.15" vel="0,0,0" mass="1" elasticityCoef="1" ang="90,0,0" color="0,220,0" radius="0.5" length="4" />
		<capsule pos="1.1500000000000057,-8.25,26.450000000000003" vel="0,0,0" mass="1" elasticityCoef="1" ang="90,0,0" color="0,220,0" radius="0.5" length="4" />
		<capsule pos="1.1500000000000057,-8.25,28.75" vel="0,0,0" mass="1" elasticityCoef="1" ang="90,0,0" color="0,220,0" radius="0.5" length="4" />
		<capsule pos="1.1500000000000057,-8.25,31.049999999999997" vel="0,0,0" mass="1" elasticityCoef="1" ang="90,0,0" color="0,220,0" radius="0.5" length="4" />
		<capsule pos="1.1500000000000057,-2.75,-33.349999999999994" vel="0,0,0" mass="1" elasticityCoef="1" ang="90,0,0" color="0,220,0" radius="0.5" length="4" />
		<capsule pos="1.1500000000000057,-2.75,-31.049999999999994" vel="0,0,0" mass="1" elasticityCoef="1" ang="90,0,0" color="0,220,0" radius="0.5" length="4" />
		<capsule pos="1.1500000000000057,-2.75,-28.749999999999993" vel="0,0,0" mass="1" elasticityCoef="1" ang="90,0,0" color="0,220,0" radius="0.5" length="4" />
		<capsule pos="1.1500000000000057,-2.75,-26.449999999999996" vel="0,0,0" mass="1" elasticityCoef="1" ang="90,0,0" color="0,220,0" radius="0.5" length="4" />
		<capsule pos="1.1500000000000057,-2.75,-24.149999999999995" vel="0,0,0" mass="1" elasticityCoef="1" ang="90,0,0" color="0,220,0" radius="0.5" length="4" />
		<capsule pos="1.1500000000000057,-2.75,-21.849999999999994" vel="0,0,0" mass="1" elasticityCoef="1" ang="90,0,0" color="0,220,0" radius="0.5" length="4" />
		<capsule pos="1.1500000000000057,-2.75,-19.549999999999997" vel="0,0,0" mass="1" elasticityCoef="1" ang="90,0,0" color="0,220,0" radius="0.5" length="4" />
		<capsule pos="1.1500000000000057,-2.75,-17.249999999999996" vel="0,0,0" mass="1" elasticityCoef="1" ang="90,0,0" color="0,220,0" radius="0.5" length="4" />
		<capsule pos="1.1500000000000057,-2.75,-14.949999999999996" vel="0,0,0" mass="1" elasticityCoef="1" ang="90,0,0" color="0,220,0" radius="0.5" length="4" />
		<capsule pos="1.1500000000000057,-2.75,-12.649999999999995" vel="0,0,0" mass="1" elasticityCoef="1" ang="90,0,0" color="0,220,0" radius="0.5" length="4" />
		<capsule pos="1.1500000000000057,-2.75,-10.349999999999994" vel="0,0,0" mass="1" elasticityCoef="1" ang="90,0,0" color="0,220,0" radius="0.5" length="4" />
		<capsule pos="1.1500000000000057,-2.75,-8.049999999999997" vel="0,0,0" mass="1" elasticityCoef="1" ang="90,0,0" color="0,220,0" radius="0.5" length="4" />
		<capsule pos="1.1500000000000057,-2.75,-5.7499999999999964" vel="0,0,0" mass="1" elasticityCoef="1" ang="90,0,0" color="0,220,0" radius="0.5" length="4" />
		<capsule pos="1.1500000000000057,-2.75,-3.4499999999999957" vel="0,0,0" mass="1" elasticityCoef="1" ang="90,0,0" color="0,220,0" radius="0.5" length="4" />
		<capsule pos="1.1500000000000057,-2.75,-1.1499999999999986" vel="0,0,0" mass="1" elasticityCoef="1" ang="90,0,0" color="0,220,0" radius="0.5" length="4" />
		<capsule pos="1.1500000000000057,-2.75,1.1500000000000057" vel="0,0,0" mass="1" elasticityCoef="1" ang="90,0,0" color="0,220,0" radius="0.5" length="4" />
		<capsule pos="1.1500000000000057,-2.75,3.450000000000003" vel="0,0,0" mass="1" elasticityCoef="1" ang="90,0,0" color="0,220,0" radius="0.5" length="4" />
		<capsule pos="1.1500000000000057,-2.75,5.75" vel="0,0,0" mass="1" elasticityCoef="1" ang="90,0,0" color="0,220,0" radius="0.5" length="4" />
		<capsule pos="1.1500000000000057,-2.75,8.050000000000004" vel="0,0,0" mass="1" elasticityCoef="1" ang="90,0,0" color="0,220,0" radius="0.5" length="4" />
		<capsule pos="1.1500000000000057,-2.75,10.350000000000001" vel="0,0,0" mass="1" elasticityCoef="1" ang="90,0,0" color="0,220,0" radius="0.5" length="4" />
		<capsule pos="1.1500000000000057,-2.75,12.650000000000006" vel="0,0,0" mass="1" elasticityCoef="1" ang="90,0,0" color="0,220,0" radius="0.5" length="4" />
		<capsule pos="1.1500000000000057,-2.75,14.950000000000003" vel="0,0,0" mass="1" elasticityCoef="1" ang="90,0,0" color="0,220,0" radius="0.5" length="4" />
		<capsule pos="1.1500000000000057,-2.75,17.25" vel="0,0,0" mass="1" elasticityCoef="1" ang="90,0,0" color="0,220,0" radius="0.5" length="4" />
		<capsule pos="1.1500000000000057,-2.75,19.550000000000004" vel="0,0,0" mass="1" elasticityCoef="1" ang="90,0,0" color="0,220,0" radius="0.5" length="4" />
		<capsule pos="1.1500000000000057,-2.75,21.85" vel="0,0,0" mass="1" elasticityCoef="1" ang="90,0,0" color="0,220,0" radius="0.5" length="4" />
		<capsule pos="1.1500000000000057,-2.75,24.15" vel="0,0,0" mass="1" elasticityCoef="1" ang="90,0,0" color="0,220,0" radius="0.5" length="4" />
		<capsule pos="1.1500000000000057,-2.75,26.450000000000003" vel="0,0,0" mass="1" elasticityCoef="1" ang="90,0,0" color="0,220,0" radius="0.5" length="4" />
		<capsule pos="1.1500000000000057,-2.75,28.75" vel="0,0,0" mass="1" elasticityCoef="1" ang="90,0,0" color="0,220,0" radius="0.5" length="4" />
		<capsule pos="1.1500000000000057,-2.75,31.049999999999997" vel="0,0,0" mass="1" elasticityCoef="1" ang="90,0,0" color="0,220,0" radius="0.5" length="4" />
		<capsule pos="1.1500000000000057,2.75,-33.349999999999994" vel="0,0,0" mass="1" elasticityCoef="1" ang="90,0,0" color="0,220,0" radius="0.5" length="4" />
		<capsule pos="1.1500000000000057,2.75,-31.049999999999994" vel="0,0,0" mass="1" elasticityCoef="1" ang="90,0,0" color="0,220,0" radius="0.5" length="4" />
		<capsule pos="1.1500000000000057,2.75,-28.749999999999993" vel="0,0,0" mass="1" elasticityCoef="1" ang="90,0,0" color="0,220,0" radius="0.5" length="4" />
		<capsule pos="1.1500000000000057,2.75,-26.449999999999996" vel="0,0,0" mass="1" elasticityCoef="1" ang="90,0,0" color="0,220,0" radius="0.5" length="4" />
		<capsule pos="1.1500000000000057,2.75,-24.149999999999995" vel="0,0,0" mass="1" elasticityCoef="1" ang="90,0,0" color="0,220,0" radius="0.5" length="4" />
		<capsule pos="1.1500000000000057,2.75,-21.849999999999994" vel="0,0,0" mass="1" elasticityCoef="1" ang="90,0,0" color="0,220,0" radius="0.5" length="4" />
		<capsule pos="1.1500000000000057,2.75,-19.549999999999997" vel="0,0,0" mass="1" elasticityCoef="1" ang="90,0,0" color="0,220,0" radius="0.5" length="4" />
		<capsule pos="1.1500000000000057,2.75,-17.249999999999996" vel="0,0,0" mass="1" elasticityCoef="1" ang="90,0,0" color="0,220,0" radius="0.5" length="4" />
		<capsule pos="1.1500000000000057,2.75,-14.949999999999996" vel="0,0,0" mass="1" elasticityCoef="1" ang="90,0,0" color="0,220,0" radius="0.5" length="4" />
		<capsule pos="1.1500000000000057,2.75,-12.649999999999995" vel="0,0,0" mass="1" elasticityCoef="1" ang="90,0,0" color="0,220,0" radius="0.5" length="4" />
		<capsule pos="1.1500000000000057,2.75,-10.349999999999994" vel="0,0,0" mass="1" elasticityCoef="1" ang="90,0,0" color="0,220,0" radius="0.5" length="4" />
		<capsule pos="1.1500000000000057,2.75,-8.049999999999997" vel="0,0,0" mass="1" elasticityCoef="1" ang="90,0,0" color="0,220,0" radius="0.5" length="4" />
		<capsule pos="1.1500000000000057,2.75,-5.7499999999999964" vel="0,0,0" mass="1" elasticityCoef="1" ang="90,0,0" color="0,220,0" radius="0.5" length="4" />
		<capsule pos="1.1500000000000057,2.75,-3.4499999999999957" vel="0,0,0" mass="1" elasticityCoef="1" ang="90,0,0" color="0,220,0" radius="0.5" length="4" />
		<capsule pos="1.1500000000000057,2.75,-1.1499999999999986" vel="0,0,0" mass="1" elasticityCoef="1" ang="90,0,0" color="0,220,0" radius="0.5" length="4" />
		<capsule pos="1.1500000000000057,2.75,1.1500000000000057" vel="0,0,0" mass="1" elasticityCoef="1" ang="90,0,0" color="0,220,0" radius="0.5" length="4" />
		<capsule pos="1.1500000000000057,2.75,3.450000000000003" vel="0,0,0" mass="1" elasticityCoef="1" ang="90,0,0" color="0,220,0" radius="0.5" length="4" />
		<capsule pos="1.1500000000000057,2.75,5.75" vel="0,0,0" mass="1" elasticityCoef="1" ang="90,0,0" color="0,220,0" radius="0.5" length="4" />
		<capsule pos="1.1500000000000057,2.75,8.050000000000004" vel="0,0,0" mass="1" elasticityCoef="1" ang="90,0,0" color="0,220,0" radius="0.5" length="4" />
		<capsule pos="1.1500000000000057,2.75,10.350000000000001" vel="0,0,0" mass="1" elasticityCoef="1" ang="90,0,0" color="0,220,0" radius="0.5" length="4" />
		<capsule pos="1.1500000000000057,2.75,12.650000000000006" vel="0,0,0" mass="1" elasticityCoef="1" ang="90,0,0" color="0,220,0" radius="0.5" length="4" />
		<capsule pos="1.1500000000000057,2.75,14.950000000000003" vel="0,0,0" mass="1" elasticityCoef="1" ang="90,0,0" color="0,220,0" radius="0.5" length="4" />
		<capsule pos="1.1500000000000057,2.75,17.25" vel="0,0,0" mass="1" elasticityCoef="1" ang="90,0,0" color="0,220,0" radius="0.5" length="4" />
		<capsule pos="1.1500000000000057,2.75,19.550000000000004" vel="0,0,0" mass="1" elasticityCoef="1" ang="90,0,0" color="0,220,0" radius="0.5" length="4" />
		<capsule pos="1.1500000000000057,2.75,21.85" vel="0,0,0" mass="1" elasticityCoef="1" ang="90,0,0" color="0,220,0" radius="0.5" length="4" />
		<capsule pos="1.1500000000000057,2.75,24.15" vel="0,0,0" mass="1" elasticityCoef="1" ang="90,0,0" color="0,220,0" radius="0.5" length="4" />
		<capsule pos="1.1500000000000057,2.75,26.450000000000003" vel="0,0,0" mass="1" elasticityCoef="1" ang="90,0,0" color="0,220,0" radius="0.5" length="4" />
		<capsule pos="1.1500000000000057,2.75,28.75" vel="0,0,0" mass="1" elasticityCoef="1" ang="90,0,0" color="0,220,0" radius="0.5" length="4" />
		<capsule pos="1.1500000000000057,2.75,31.049999999999997" vel="0,0,0" mass="1" elasticityCoef="1" ang="90,0,0" color="0,220,0" radius="0.5" length="4" />
		<capsule pos="1.1500000000000057,8.25,-33.349999999999994" vel="0,0,0" mass="1" elasticityCoef="1" ang="90,0,0" color="0,220,0" radius="0.5" length="4" />
		<capsule pos="1.1500000000000057,8.25,-31.049999999999994" vel="0,0,0" mass="1" elasticityCoef="1" ang="90,0,0" color="0,220,0" radius="0.5" length="4" />
		<capsule pos="1.1500000000000057,8.25,-28.749999999999993" vel="0,0,0" mass="1" elasticityCoef="1" ang="90,0,0" color="0,220,0" radius="0.5" length="4" />
		<capsule pos="1.1500000000000057,8.25,-26.449999999999996" vel="0,0,0" mass="1" elasticityCoef="1" ang="90,0,0" color="0,220,0" radius="0.5" length="4" />
		<capsule pos="1.1500000000000057,8.25,-24.149999999999995" vel="0,0,0" mass="1" elasticityCoef="1" ang="90,0,0" color="0,220,0" radius="0.5" length="4" />
		<capsule pos="1.1500000000000057,8.25,-21.849999999999994" vel="0,0,0" mass="1" elasticityCoef="1" ang="90,0,0" color="0,220,0" radius="0.5" length="4" />
		<capsule pos="1.1500000000000057,8.25,-19.549999999999997" vel="0,0,0" mass="1" elasticityCoef="1" ang="90,0,0" color="0,220,0" radius="0.5" length="4" />
		<capsule pos="1.1500000000000057,8.25,-17.249999999999996" vel="0,0,0" mass="1" elasticityCoef="1" ang="90,0,0" color="0,220,0" radius="0.5" length="4" />
		<capsule pos="1.1500000000000057,8.25,-14.949999999999996" vel="0,0,0" mass="1" elasticityCoef="1" ang="90,0,0" color="0,220,0" radius="0.5" length="4" />
		<capsule pos="1.1500000000000057,8.25,-12.649999999999995" vel="0,0,0" mass="1" elasticityCoef="1" ang="90,0,0" color="0,220,0" radius="0.5" length="4" />
		<capsule pos="1.1500000000000057,8.25,-10.349999999999994" vel="0,0,0" mass="1" elasticityCoef="1" ang="90,0,0" color="0,220,0" radius="0.5" length="4" />
		<capsule pos="1.1500000000000057,8.25,-8.049999999999997" vel="0,0,0" mass="1" elasticityCoef="1" ang="90,0,0" color="0,220,0" radius="0.5" length="4" />
		<capsule pos="1.1500000000000057,8.25,-5.7499999999999964" vel="0,0,0" mass="1" elasticityCoef="1" ang="90,0,0" color="0,220,0" radius="0.5" length="4" />
		<capsule pos="1.1500000000000057,8.25,-3.4499999999999957" vel="0,0,0" mass="1" elasticityCoef="1" ang="90,0,0" color="0,220,0" radius="0.5" length="4" />
		<capsule pos="1.1500000000000057,8.25,-1.1499999999999986" vel="0,0,0" mass="1" elasticityCoef="1" ang="90,0,0" color="0,220,0" radius="0.5" length="4" />
		<capsule pos="1.1500000000000057,8.25,1.1500000000000057" vel="0,0,0" mass="1" elasticityCoef="1" ang="90,0,0" color="0,220,0" radius="0.5" length="4" />
		<capsule pos="1.1500000000000057,8.25,3.450000000000003" vel="0,0,0" mass="1" elasticityCoef="1" ang="90,0,0" color="0,220,0" radius="0.5" length="4" />
		<capsule pos="1.1500000000000057,8.25,5.75" vel="0,0,0" mass="1" elasticityCoef="1" ang="90,0,0" color="0,220,0" radius="0.5" length="4" />
		<capsule pos="1.1500000000000057,8.25,8.050000000000004" vel="0,0,0" mass="1" elasticityCoef="1" ang="90,0,0" color="0,220,0" radius="0.5" length="4" />
		<capsule pos="1.1500000000000057,8.25,10.350000000000001" vel="0,0,0" mass="1" elasticityCoef="1" ang="90,0,0" color="0,220,0" radius="0.5" length="4" />
		<capsule pos="1.1500000000000057,8.25,12.650000000000006" vel="0,0,0" mass="1" elasticityCoef="1" ang="90,0,0" color="0,220,0" radius="0.5" length="4" />
		<capsule pos="1.1500000000000057,8.25,14.950000000000003" vel="0,0,0" mass="1" elasticityCoef="1" ang="90,0,0" color="0,220,0" radius="0.5" length="4" />
		<capsule pos="1.1500000000000057,8.25,17.25" vel="0,0,0" mass="1" elasticityCoef="1" ang="90,0,0" color="0,220,0" radius="0.5" length="4" />
		<capsule pos="1.1500000000000057,8.25,19.550000000000004" vel="0,0,0" mass="1" elasticityCoef="1" ang="90,0,0" color="0,220,0" radius="0.5" length="4" />
		<capsule pos="1.1500000000000057,8.25,21.85" vel="0,0,0" mass="1" elasticityCoef="1" ang="90,0,0" color="0,220,0" radius="0.5" length="4" />
		<capsule pos="1.1500000000000057,8.25,24.15" vel="0,0,0" mass="1" elasticityCoef="1" ang="90,0,0" color="0,220,0" radius="0.5" length="4" />
		<capsule pos="1.1500000000000057,8.25,26.450000000000003" vel="0,0,0" mass="1" elasticityCoef="1" ang="90,0,0" color="0,220,0" radius="0.5" length="4" />
		<capsule pos="1.1500000000000057,8.25,28.75" vel="0,0,0" mass="1" elasticityCoef="1" ang="90,0,0" color="0,220,0" radius="0.5" length="4" />
		<capsule pos="1.1500000000000057,8.25,31.049999999999997" vel="0,0,0" mass="1" elasticityCoef="1" ang="90,0,0" color="0,220,0" radius="0.5" length="4" />
		<capsule pos="1.1500000000000057,13.75,-33.349999999999994" vel="0,0,0" mass="1" elasticityCoef="1" ang="90,0,0" color="0,220,0" radius="0.5" length="4" />
		<capsule pos="1.1500000000000057,13.75,-31.049999999999994" vel="0,0,0" mass="1" elasticityCoef="1" ang="90,0,0" color="0,220,0" radius="0.5" length="4" />
		<capsule pos="1.1500000000000057,13.75,-28.749999999999993" vel="0,0,0" mass="1" elasticityCoef="1" ang="90,0,0" color="0,220,0" radius="0.5" length="4" />
		<capsule pos="1.1500000000000057,13.75,-26.449999999999996" vel="0,0,0" mass="1" elasticityCoef="1" ang="90,0,0" color="0,220,0" radius="0.5" length="4" />
		<capsule pos="1.1500000000000057,13.75,-24.149999999999995" vel="0,0,0" mass="1" elasticityCoef="1" ang="90,0,0" color="0,220,0" radius="0.5" length="4" />
		<capsule pos="1.1500000000000057,13.75,-21.849999999999994" vel="0,0,0" mass="1" elasticityCoef="1" ang="90,0,0" color="0,220,0" radius="0.5" length="4" />
		<capsule pos="1.1500000000000057,13.75,-19.549999999999997" vel="0,0,0" mass="1" elasticityCoef="1" ang="90,0,0" color="0,220,0" radius="0.5" length="4" />
		<capsule pos="1.1500000000000057,13.75,-17.249999999999996" vel="0,0,0" mass="1" elasticityCoef="1" ang="90,0,0" color="0,220,0" radius="0.5" length="4" />
		<capsule pos="1.1500000000000057,13.75,-14.949999999999996" vel="0,0,0" mass="1" elasticityCoef="1" ang="90,0,0" color="0,220,0" radius="0.5" length="4" />
		<capsule pos="1.1500000000000057,13.75,-12.649999999999995" vel="0,0,0" mass="1" elasticityCoef="1" ang="90,0,0" color="0,220,0" radius="0.5" length="4" />
		<capsule pos="1.1500000000000057,13.75,-10.349999999999994" vel="0,0,0" mass="1" elasticityCoef="1" ang="90,0,0" color="0,220,0" radius="0.5" length="4" />
		<capsule pos="1.1500000000000057,13.75,-8.049999999999997" vel="0,0,0" mass="1" elasticityCoef="1" ang="90,0,0" color="0,220,0" radius="0.5" length="4" />
		<capsule pos="1.1500000000000057,13.75,-5.7499999999999964" vel="0,0,0" mass="1" elasticityCoef="1" ang="90,0,0" color="0,220,0" radius="0.5" length="4" />
		<capsule pos="1.1500000000000057,13.75,-3.4499999999999957" vel="0,0,0" mass="1" elasticityCoef="1" ang="90,0,0" color="0,220,0" radius="0.5" length="4" />
		<capsule pos="1.1500000000000057,13.75,-1.1499999999999986" vel="0,0,0" mass="1" elasticityCoef="1" ang="90,0,0" color="0,220,0" radius="0.5" length="4" />
		<capsule pos="1.1500000000000057,13.75,1.1500000000000057" vel="0,0,0" mass="1" elasticityCoef="1" ang="90,0,0" color="0,220,0" radius="0.5" length="4" />
		<capsule pos="1.1500000000000057,13.75,3.450000000000003" vel="0,0,0" mass="1" elasticityCoef="1" ang="90,0,0" color="0,220,0" radius="0.5" length="4" />
		<capsule pos="1.1500000000000057,13.75,5.75" vel="0,0,0" mass="1" elasticityCoef="1" ang="90,0,0" color="0,220,0" radius="0.5" length="4" />
		<capsule pos="1.1500000000000057,13.75,8.050000000000004" vel="0,0,0" mass="1" elasticityCoef="1" ang="90,0,0" color="0,220,0" radius="0.5" length="4" />
		<capsule pos="1.1500000000000057,13.75,10.350000000000001" vel="0,0,0" mass="1" elasticityCoef="1" ang="90,0,0" color="0,220,0" radius="0.5" length="4" />
		<capsule pos="1.1500000000000057,13.75,12.650000000000006" vel="0,0,0" mass="1" elasticityCoef="1" ang="90,0,0" color="0,220,0" radius="0.5" length="4" />
		<capsule pos="1.1500000000000057,13.75,14.950000000000003" vel="0,0,0" mass="1" elasticityCoef="1" ang="90,0,0" color="0,220,0" radius="0.5" length="4" />
		<capsule pos="1.1500000000000057,13.75,17.25" vel="0,0,0" mass="1" elasticityCoef="1" ang="90,0,0" color="0,220,0" radius="0.5" length="4" />
		<capsule pos="1.1500000000000057,13.75,19.550000000000004" vel="0,0,0" mass="1" elasticityCoef="1" ang="90,0,0" color="0,220,0" radius="0.5" length="4" />
		<capsule pos="1.1500000000000057,13.75,21.85" vel="0,0,0" mass="1" elasticityCoef="1" ang="90,0,0" color="0,220,0" radius="0.5" length="4" />
		<capsule pos="1.1500000000000057,13.75,24.15" vel="0,0,0" mass="1" elasticityCoef="1" ang="90,0,0" color="0,220,0" radius="0.5" length="4" />
		<capsule pos="1.1500000000000057,13.75,26.450000000000003" vel="0,0,0" mass="1" elasticityCoef="1" ang="90,0,0" color="0,220,0" radius="0.5" length="4" />
		<capsule pos="1.1500000000000057,13.75,28.75" vel="0,0,0" mass="1" elasticityCoef="1" ang="90,0,0" color="0,220,0" radius="0.5" length="4" />
		<capsule pos="1.1500000000000057,13.75,31.049999999999997" vel="0,0,0" mass="1" elasticityCoef="1" ang="90,0,0" color="0,220,0" radius="0.5" length="4" />
		<capsule pos="1.1500000000000057,19.25,-33.349999999999994" vel="0,0,0" mass="1" elasticityCoef="1" ang="90,0,0" color="0,220,0" radius="0.5" length="4" />
		<capsule pos="1.1500000000000057,19.25,-31.049999999999994" vel="0,0,0" mass="1" elasticityCoef="1" ang="90,0,0" color="0,220,0" radius="0.5" length="4" />
		<capsule pos="1.1500000000000057,19.25,-28.749999999999993" vel="0,0,0" mass="1" elasticityCoef="1" ang="90,0,0" color="0,220,0" radius="0.5" length="4" />
		<capsule pos="1.1500000000000057,19.25,-26.449999999999996" vel="0,0,0" mass="1" elasticityCoef="1" ang="90,0,0" color="0,220,0" radius="0.5" length="4" />
		<capsule pos="1.1500000000000057,19.25,-24.149999999999995" vel="0,0,0" mass="1" elasticityCoef="1" ang="90,0,0" color="0,220,0" radius="0.5" length="4" />
		<capsule pos="1.1500000000000057,19.25,-21.849999999999994" vel="0,0,0" mass="1" elasticityCoef="1" ang="90,0,0" color="0,220,0" radius="0.5" length="4" />
		<capsule pos="1.1500000000000057,19.25,-19.549999999999997" vel="0,0,0" mass="1" elasticityCoef="1" ang="90,0,0" color="0,220,0" radius="0.5" length="4" />
		<capsule pos="1.1500000000000057,19.25,-17.249999999999996" vel="0,0,0" mass="1" elasticityCoef="1" ang="90,0,0" color="0,220,0" radius="0.5" length="4" />
		<capsule pos="1.1500000000000057,19.25,-14.949999999999996" vel="0,0,0" mass="1" elasticityCoef="1" ang="90,0,0" color="0,220,0" radius="0.5" length="4" />
		<capsule pos="1.1500000000000057,19.25,-12.649999999999995" vel="0,0,0" mass="1" elasticityCoef="1" ang="90,0,0" color="0,220,0" radius="0.5" length="4" />
		<capsule pos="1.1500000000000057,19.25,-10.349999999999994" vel="0,0,0" mass="1" elasticityCoef="1" ang="90,0,0" color="0,220,0" radius="0.5" length="4" />
		<capsule pos="1.1500000000000057,19.25,-8.049999999999997" vel="0,0,0" mass="1" elasticityCoef="1" ang="90,0,0" color="0,220,0" radius="0.5" length="4" />
		<capsule pos="1.1500000000000057,19.25,-5.7499999999999964" vel="0,0,0" mass="1" elasticityCoef="1" ang="90,0,0" color="0,220,0" radius="0.5" length="4" />
		<capsule pos="1.1500000000000057,19.25,-3.4499999999999957" vel="0,0,0" mass="1" elasticityCoef="1" ang="90,0,0" color="0,220,0" radius="0.5" length="4" />
		<capsule pos="1.1500000000000057,19.25,-1.1499999999999986" vel="0,0,0" mass="1" elasticityCoef="1" ang="90,0,0" color="0,220,0" radius="0.5" length="4" />
		<capsule pos="1.1500000000000057,19.25,1.1500000000000057" vel="0,0,0" mass="1" elasticityCoef="1" ang="90,0,0" color="0,220,0" radius="0.5" length="4" />
		<capsule pos="1.1500000000000057,19.25,3.450000000000003" vel="0,0,0" mass="1" elasticityCoef="1" ang="90,0,0" color="0,220,0" radius="0.5" length="4" />
		<capsule pos="1.1500000000000057,19.25,5.75" vel="0,0,0" mass="1" elasticityCoef="1" ang="90,0,0" color="0,220,0" radius="0.5" length="4" />
		<capsule pos="1.1500000000000057,19.25,8.050000000000004" vel="0,0,0" mass="1" elasticityCoef="1" ang="90,0,0" color="0,220,0" radius="0.5" length="4" />
		<capsule pos="1.1500000000000057,19.25,10.350000000000001" vel="0,0,0" mass="1" elasticityCoef="1" ang="90,0,0" color="0,220,0" radius="0.5" length="4" />
		<capsule pos="1.1500000000000057,19.25,12.650000000000006" vel="0,0,0" mass="1" elasticityCoef="1" ang="90,0,0" color="0,220,0" radius="0.5" length="4" />
		<capsule pos="1.1500000000000057,19.25,14.950000000000003" vel="0,0,0" mass="1" elasticityCoef="1" ang="90,0,0" color="0,220,0" radius="0.5" length="4" />
		<capsule pos="1.1500000000000057,19.25,17.25" vel="0,0,0" mass="1" elasticityCoef="1" ang="90,0,0" color="0,220,0" radius="0.5" length="4" />
		<capsule pos="1.1500000000000057,19.25,19.550000000000004" vel="0,0,0" mass="1" elasticityCoef="1" ang="90,0,0" color="0,220,0" radius="0.5" length="4" />
		<capsule pos="1.1500000000000057,19.25,21.85" vel="0,0,0" mass="1" elasticityCoef="1" ang="90,0,0" color="0,220,0" radius="0.5" length="4" />
		<capsule pos="1.1500000000000057,19.25,24.15" vel="0,0,0" mass="1" elasticityCoef="1" ang="90,0,0" color="0,220,0" radius="0.5" length="4" />
		<capsule pos="1.1500000000000057,19.25,26.450000000000003" vel="0,0,0" mass="1" elasticityCoef="1" ang="90,0,0" color="0,220,0" radius="0.5" length="4" />
		<capsule pos="1.1500000000000057,19.25,28.75" vel="0,0,0" mass="1" elasticityCoef="1" ang="90,0,0" color="0,220,0" radius="0.5" length="4" />
		<capsule pos="1.1500000000000057,19.25,31.049999999999997" vel="0,0,0" mass="1" elasticityCoef="1" ang="90,0,0" color="0,220,0" radius="0.5" length="4" />
		<capsule pos="1.1500000000000057,24.75,-33.349999999999994" vel="0,0,0" mass="1" elasticityCoef="1" ang="90,0,0" color="0,220,0" radius="0.5" length="4" />
		<capsule pos="1.1500000000000057,24.75,-31.049999999999994" vel="0,0,0" mass="1" elasticityCoef="1" ang="90,0,0" color="0,220,0" radius="0.5" length="4" />
		<capsule pos="1.1500000000000057,24.75,-28.749999999999993" vel="0,0,0" mass="1" elasticityCoef="1" ang="90,0,0" color="0,220,0" radius="0.5" length="4" />
		<capsule pos="1.1500000000000057,24.75,-26.449999999999996" vel="0,0,0" mass="1" elasticityCoef="1" ang="90,0,0" color="0,220,0" radius="0.5" length="4" />
		<capsule pos="1.1500000000000057,24.75,-24.149999999999995" vel="0,0,0" mass="1" elasticityCoef="1" ang="90,0,0" color="0,220,0" radius="0.5" length="4" />
		<capsule pos="1.1500000000000057,24.75,-21.849999999999994" vel="0,0,0" mass="1" elasticityCoef="1" ang="90,0,0" color="0,220,0" radius="0.5" length="4" />
		<capsule pos="1.1500000000000057,24.75,-19.549999999999997" vel="0,0,0" mass="1" elasticityCoef="1" ang="90,0,0" color="0,220,0" radius="0.5" length="4" />
		<capsule pos="1.1500000000000057,24.75,-17.249999999999996" vel="0,0,0" mass="1" elasticityCoef="1" ang="90,0,0" color="0,220,0" radius="0.5" length="4" />
		<capsule pos="1.1500000000000057,24.75,-14.949999999999996" vel="0,0,0" mass="1" elasticityCoef="1" ang="90,0,0" color="0,220,0" radius="0.5" length="4" />
		<capsule pos="1.1500000000000057,24.75,-12.649999999999995" vel="0,0,0" mass="1" elasticityCoef="1" ang="90,0,0" color="0,220,0" radius="0.5" length="4" />
		<capsule pos="1.1500000000000057,24.75,-10.349999999999994" vel="0,0,0" mass="1" elasticityCoef="1" ang="90,0,0" color="0,220,0" radius="0.5" length="4" />
		<capsule pos="1.1500000000000057,24.75,-8.049999999999997" vel="0,0,0" mass="1" elasticityCoef="1" ang="90,0,0" color="0,220,0" radius="0.5" length="4" />
		<capsule pos="1.1500000000000057,24.75,-5.7499999999999964" vel="0,0,0" mass="1" elasticityCoef="1" ang="90,0,0" color="0,220,0" radius="0.5" length="4" />
		<capsule pos="1.1500000000000057,24.75,-3.4499999999999957" vel="0,0,0" mass="1" elasticityCoef="1" ang="90,0,0" color="0,220,0" radius="0.5" length="4" />
		<capsule pos="1.1500000000000057,24.75,-1.1499999999999986" vel="0,0,0" mass="1" elasticityCoef="1" ang="90,0,0" color="0,220,0" radius="0.5" length="4" />
		<capsule pos="1.1500000000000057,24.75,1.1500000000000057" vel="0,0,0" mass="1" elasticityCoef="1" ang="90,0,0" color="0,220,0" radius="0.5" length="4" />
		<capsule pos="1.1500000000000057,24.75,3.450000000000003" vel="0,0,0" mass="1" elasticityCoef="1" ang="90,0,0" color="0,220,0" radius="0.5" length="4" />
		<capsule pos="1.1500000000000057,24.75,5.75" vel="0,0,0" mass="1" elasticityCoef="1" ang="90,0,0" color="0,220,0" radius="0.5" length="4" />
		<capsule pos="1.1500000000000057,24.75,8.050000000000004" vel="0,0,0" mass="1" elasticityCoef="1" ang="90,0,0" color="0,220,0" radius="0.5" length="4" />
		<capsule pos="1.1500000000000057,24.75,10.350000000000001" vel="0,0,0" mass="1" elasticityCoef="1" ang="90,0,0" color="0,220,0" radius="0.5" length="4" />
		<capsule pos="1.1500000000000057,24.75,12.650000000000006" vel="0,0,0" mass="1" elasticityCoef="1" ang="90,0,0" color="0,220,0" radius="0.5" length="4" />
		<capsule pos="1.1500000000000057,24.75,14.950000000000003" vel="0,0,0" mass="1" elasticityCoef="1" ang="90,0,0" color="0,220,0" radius="0.5" length="4" />
		<capsule pos="1.1500000000000057,24.75,17.25" vel="0,0,0" mass="1" elasticityCoef="1" ang="90,0,0" color="0,220,0" radius="0.5" length="4" />
		<capsule pos="1.1500000000000057,24.75,19.550000000000004" vel="0,0,0" mass="1" elasticityCoef="1" ang="90,0,0" color="0,220,0" radius="0.5" length="4" />
		<capsule pos="1.1500000000000057,24.75,21.85" vel="0,0,0" mass="1" elasticityCoef="1" ang="90,0,0" color="0,220,0" radius="0.5" length="4" />
		<capsule pos="1.1500000000000057,24.75,24.15" vel="0,0,0" mass="1" elasticityCoef="1" ang="90,0,0" color="0,220,0" radius="0.5" length="4" />
		<capsule pos="1.1500000000000057,24.75,26.450000000000003" vel="0,0,0" mass="1" elasticityCoef="1" ang="90,0,0" color="0,220,0" radius="0.5" length="4" />
		<capsule pos="1.1500000000000057,24.75,28.75" vel="0,0,0" mass="1" elasticityCoef="1" ang="90,0,0" color="0,220,0" radius="0.5" length="4" />
		<capsule pos="1.1500000000000057,24.75,31.049999999999997" vel="0,0,0" mass="1" elasticityCoef="1" ang="90,0,0" color="0,220,0" radius="0.5" length="4" />
		<capsule pos="1.1500000000000057,30.25,-33.349999999999994" vel="0,0,0" mass="1" elasticityCoef="1" ang="90,0,0" color="0,220,0" radius="0.5" length="4" />
		<capsule pos="1.1500000000000057,30.25,-31.049999999999994" vel="0,0,0" mass="1" elasticityCoef="1" ang="90,0,0" color="0,220,0" radius="0.5" length="4" />
		<capsule pos="1.1500000000000057,30.25,-28.749999999999993" vel="0,0,0" mass="1" elasticityCoef="1" ang="90,0,0" color="0,220,0" radius="0.5" length="4" />
		<capsule pos="1.1500000000000057,30.25,-26.449999999999996" vel="0,0,0" mass="1" elasticityCoef="1" ang="90,0,0" color="0,220,0" radius="0.5" length="4" />
		<capsule pos="1.1500000000000057,30.25,-24.149999999999995" vel="0,0,0" mass="1" elasticityCoef="1" ang="90,0,0" color="0,220,0" radius="0.5" length="4" />
		<capsule pos="1.1500000000000057,30.25,-21.849999999999994" vel="0,0,0" mass="1" elasticityCoef="1" ang="90,0,0" color="0,220,0" radius="0.5" length="4" />
		<capsule pos="1.1500000000000057,30.25,-19.549999999999997" vel="0,0,0" mass="1" elasticityCoef="1" ang="90,0,0" color="0,220,0" radius="0.5" length="4" />
		<capsule pos="1.1500000000000057,30.25,-17.249999999999996" vel="0,0,0" mass="1" elasticityCoef="1" ang="90,0,0" color="0,220,0" radius="0.5" length="4" />
		<capsule pos="1.1500000000000057,30.25,-14.949999999999996" vel="0,0,0" mass="1" elasticityCoef="1" ang="90,0,0" color="0,220,0" radius="0.5" length="4" />
		<capsule pos="1.1500000000000057,30.25,-12.649999999999995" vel="0,0,0" mass="1" elasticityCoef="1" ang="90,0,0" color="0,220,0" radius="0.5" length="4" />
		<capsule pos="1.1500000000000057,30.25,-10.349999999999994" vel="0,0,0" mass="1" elasticityCoef="1" ang="90,0,0" color="0,220,0" radius="0.5" length="4" />
		<capsule pos="1.1500000000000057,30.25,-8.049999999999997" vel="0,0,0" mass="1" elasticityCoef="1" ang="90,0,0" color="0,220,0" radius="0.5" length="4" />
		<capsule pos="1.1500000000000057,30.25,-5.7499999999999964" vel="0,0,0" mass="1" elasticityCoef="1" ang="90,0,0" color="0,220,0" radius="0.5" length="4" />
		<capsule pos="1.1500000000000057,30.25,-3.4499999999999957" vel="0,0,0" mass="1" elasticityCoef="1" ang="90,0,0" color="0,220,0" radius="0.5" length="4" />
		<capsule pos="1.1500000000000057,30.25,-1.1499999999999986" vel="0,0,0" mass="1" elasticityCoef="1" ang="90,0,0" color="0,220,0" radius="0.5" length="4" />
		<capsule pos="1.1500000000000057,30.25,1.1500000000000057" vel="0,0,0" mass="1" elasticityCoef="1" ang="90,0,0" color="0,220,0" radius="0.5" length="4" />
		<capsule pos="1.1500000000000057,30.25,3.450000000000003" vel="0,0,0" mass="1" elasticityCoef="1" ang="90,0,0" color="0,220,0" radius="0.5" length="4" />
		<capsule pos="1.1500000000000057,30.25,5.75" vel="0,0,0" mass="1" elasticityCoef="1" ang="90,0,0" color="0,220,0" radius="0.5" length="4" />
		<capsule pos="1.1500000000000057,30.25,8.050000000000004" vel="0,0,0" mass="1" elasticityCoef="1" ang="90,0,0" color="0,220,0" radius="0.5" length="4" />
		<capsule pos="1.1500000000000057,30.25,10.350000000000001" vel="0,0,0" mass="1" elasticityCoef="1" ang="90,0,0" color="0,220,0" radius="0.5" length="4" />
		<capsule pos="1.1500000000000057,30.25,12.650000000000006" vel="0,0,0" mass="1" elasticityCoef="1" ang="90,0,0" color="0,220,0" radius="0.5" length="4" />
		<capsule pos="1.1500000000000057,30.25,14.950000000000003" vel="0,0,0" mass="1" elasticityCoef="1" ang="90,0,0" color="0,220,0" radius="0.5" length="4" />
		<capsule pos="1.1500000000000057,30.25,17.25" vel="0,0,0" mass="1" elasticityCoef="1" ang="90,0,0" color="0,220,0" radius="0.5" length="4" />
		<capsule pos="1.1500000000000057,30.25,19.550000000000004" vel="0,0,0" mass="1" elasticityCoef="1" ang="90,0,0" color="0,220,0" radius="0.5" length="4" />
		<capsule pos="1.1500000000000057,30.25,21.85" vel="0,0,0" mass="1" elasticityCoef="1" ang="90,0,0" color="0,220,0" radius="0.5" length="4" />
		<capsule pos="1.1500000000000057,30.25,24.15" vel="0,0,0" mass="1" elasticityCoef="1" ang="90,0,0" color="0,220,0" radius="0.5" length="4" />
		<capsule pos="1.1500000000000057,30.25,26.450000000000003" vel="0,0,0" mass="1" elasticityCoef="1" ang="90,0,0" color="0,220,0" radius="0.5" length="4" />
		<capsule pos="1.1500000000000057,30.25,28.75" vel="0,0,0" mass="1" elasticityCoef="1" ang="90,0,0" color="0,220,0" radius="0.5" length="4" />
		<capsule pos="1.1500000000000057,30.25,31.049999999999997" vel="0,0,0" mass="1" elasticityCoef="1" ang="90,0,0" color="0,220,0" radius="0.5" length="4" />
		<capsule pos="1.1500000000000057,35.75,-33.349999999999994" vel="0,0,0" mass="1" elasticityCoef="1" ang="90,0,0" color="0,220,0" radius="0.5" length="4" />
		<capsule pos="1.1500000000000057,35.75,-31.049999999999994" vel="0,0,0" mass="1" elasticityCoef="1" ang="90,0,0" color="0,220,0" radius="0.5" length="4" />
		<capsule pos="1.1500000000000057,35.75,-28.749999999999993" vel="0,0,0" mass="1" elasticityCoef="1" ang="90,0,0" color="0,220,0" radius="0.5" length="4" />
		<capsule pos="1.1500000000000057,35.75,-26.449999999999996" vel="0,0,0" mass="1" elasticityCoef="1" ang="90,0,0" color="0,220,0" radius="0.5" length="4" />
		<capsule pos="1.1500000000000057,35.75,-24.149999999999995" vel="0,0,0" mass="1" elasticityCoef="1" ang="90,0,0" color="0,220,0" radius="0.5" length="4" />
		<capsule pos="1.1500000000000057,35.75,-21.849999999999994" vel="0,0,0" mass="1" elasticityCoef="1" ang="90,0,0" color="0,220,0" radius="0.5" length="4" />
		<capsule pos="1.1500000000000057,35.75,-19.549999999999997" vel="0,0,0" mass="1" elasticityCoef="1" ang="90,0,0" color="0,220,0" radius="0.5" length="4" />
		<capsule pos="1.1500000000000057,35.75,-17.249999999999996" vel="0,0,0" mass="1" elasticityCoef="1" ang="90,0,0" color="0,220,0" radius="0.5" length="4" />
		<capsule pos="1.1500000000000057,35.75,-14.949999999999996" vel="0,0,0" mass="1" elasticityCoef="1" ang="90,0,0" color="0,220,0" radius="0.5" length="4" />
		<capsule pos="1.1500000000000057,35.75,-12.649999999999995" vel="0,0,0" mass="1" elasticityCoef="1" ang="90,0,0" color="0,220,0" radius="0.5" length="4" />
		<capsule pos="1.1500000000000057,35.75,-10.349999999999994" vel="0,0,0" mass="1" elasticityCoef="1" ang="90,0,0" color="0,220,0" radius="0.5" length="4" />
		<capsule pos="1.1500000000000057,35.75,-8.049999999999997" vel="0,0,0" mass="1" elasticityCoef="1" ang="90,0,0" color="0,220,0" radius="0.5" length="4" />
		<capsule pos="1.1500000000000057,35.75,-5.7499999999999964" vel="0,0,0" mass="1" elasticityCoef="1" ang="90,0,0" color="0,220,0" radius="0.5" length="4" />
		<capsule pos="1.1500000000000057,35.75,-3.4499999999999957" vel="0,0,0" mass="1" elasticityCoef="1" ang="90,0,0" color="0,220,0" radius="0.5" length="4" />
		<capsule pos="1.1500000000000057,35.75,-1.1499999999999986" vel="0,0,0" mass="1" elasticityCoef="1" ang="90,0,0" color="0,220,0" radius="0.5" length="4" />
		<capsule pos="1.1500000000000057,35.75,1.1500000000000057" vel="0,0,0" mass="1" elasticityCoef="1" ang="90,0,0" color="0,220,0" radius="0.5" length="4" />
		<capsule pos="1.1500000000000057,35.75,3.450000000000003" vel="0,0,0" mass="1" elasticityCoef="1" ang="90,0,0" color="0,220,0" radius="0.5" length="4" />
		<capsule pos="1.1500000000000057,35.75,5.75" vel="0,0,0" mass="1" elasticityCoef="1" ang="90,0,0" color="0,220,0" radius="0.5" length="4" />
		<capsule pos="1.1500000000000057,35.75,8.050000000000004" vel="0,0,0" mass="1" elasticityCoef="1" ang="90,0,0" color="0,220,0" radius="0.5" length="4" />
		<capsule pos="1.1500000000000057,35.75,10.350000000000001" vel="0,0,0" mass="1" elasticityCoef="1" ang="90,0,0" color="0,220,0" radius="0.5" length="4" />
		<capsule pos="1.1500000000000057,35.75,12.650000000000006" vel="0,0,0" mass="1" elasticityCoef="1" ang="90,0,0" color="0,220,0" radius="0.5" length="4" />
		<capsule pos="1.1500000000000057,35.75,14.950000000000003" vel="0,0,0" mass="1" elasticityCoef="1" ang="90,0,0" color="0,220,0" radius="0.5" length="4" />
		<capsule pos="1.1500000000000057,35.75,17.25" vel="0,0,0" mass="1" elasticityCoef="1" ang="90,0,0" color="0,220,0" radius="0.5" length="4" />
		<capsule pos="1.1500000000000057,35.75,19.550000000000004" vel="0,0,0" mass="1" elasticityCoef="1" ang="90,0,0" color="0,220,0" radius="0.5" length="4" />
		<capsule pos="1.1500000000000057,35.75,21.85" vel="0,0,0" mass="1" elasticityCoef="1" ang="90,0,0" color="0,220,0" radius="0.5" length="4" />
		<capsule pos="1.1500000000000057,35.75,24.15" vel="0,0,0" mass="1" elasticityCoef="1" ang="90,0,0" color="0,220,0" radius="0.5" length="4" />
		<capsule pos="1.1500000000000057,35.75,26.450000000000003" vel="0,0,0" mass="1" elasticityCoef="1" ang="90,0,0" color="0,220,0" radius="0.5" length="4" />
		<capsule pos="1.1500000000000057,35.75,28.75" vel="0,0,0" mass="1" elasticityCoef="1" ang="90,0,0" color="0,220,0" radius="0.5" length="4" />
		<capsule pos="1.1500000000000057,35.75,31.049999999999997" vel="0,0,0" mass="1" elasticityCoef="1" ang="90,0,0" color="0,220,0" radius="0.5" length="4" />
		<capsule pos="3.450000000000003,-41.25,-33.349999999999994" vel="0,0,0" mass="1" elasticityCoef="1" ang="90,0,0" color="0,220,0" radius="0.5" length="4" />
		<capsule pos="3.450000000000003,-41.25,-31.049999999999994" vel="0,0,0" mass="1" elasticityCoef="1" ang="90,0,0" color="0,220,0" radius="0.5" length="4" />
		<capsule pos="3.450000000000003,-41.25,-28.749999999999993" vel="0,0,0" mass="1" elasticityCoef="1" ang="90,0,0" color="0,220,0" radius="0.5" length="4" />
		<capsule pos="3.450000000000003,-41.25,-26.449999999999996" vel="0,0,0" mass="1" elasticityCoef="1" ang="90,0,0" color="0,220,0" radius="0.5" length="4" />
		<capsule pos="3.450000000000003,-41.25,-24.149999999999995" vel="0,0,0" mass="1" elasticityCoef="1" ang="90,0,0" color="0,220,0" radius="0.5" length="4" />
		<capsule pos="3.450000000000003,-41.25,-21.849999999999994" vel="0,0,0" mass="1" elasticityCoef="1" ang="90,0,0" color="0,220,0" radius="0.5" length="4" />
		<capsule pos="3.450000000000003,-41.25,-19.549999999999997" vel="0,0,0" mass="1" elasticityCoef="1" ang="90,0,0" color="0,220,0" radius="0.5" length="4" />
		<capsule pos="3.450000000000003,-41.25,-17.249999999999996" vel="0,0,0" mass="1" elasticityCoef="1" ang="90,0,0" color="0,220,0" radius="0.5" length="4" />
		<capsule pos="3.450000000000003,-41.25,-14.949999999999996" vel="0,0,0" mass="1" elasticityCoef="1" ang="90,0,0" color="0,220,0" radius="0.5" length="4" />
		<capsule pos="3.450000000000003,-41.25,-12.649999999999995" vel="0,0,0" mass="1" elasticityCoef="1" ang="90,0,0" color="0,220,0" radius="0.5" length="4" />
		<capsule pos="3.450000000000003,-41.25,-10.349999999999994" vel="0,0,0" mass="1" elasticityCoef="1" ang="90,0,0" color="0,220,0" radius="0.5" length="4" />
		<capsule pos="3.450000000000003,-41.25,-8.049999999999997" vel="0,0,0" mass="1" elasticityCoef="1" ang="90,0,0" color="0,220,0" radius="0.5" length="4" />
		<capsule pos="3.450000000000003,-41.25,-5.7499999999999964" vel="0,0,0" mass="1" elasticityCoef="1" ang="90,0,0" color="0,220,0" radius="0.5" length="4" />
		<capsule pos="3.450000000000003,-41.25,-3.4499999999999957" vel="0,0,0" mass="1" elasticityCoef="1" ang="90,0,0" color="0,220,0" radius="0.5" length="4" />
		<capsule pos="3.450000000000003,-41.25,-1.1499999999999986" vel="0,0,0" mass="1" elasticityCoef="1" ang="90,0,0" color="0,220,0" radius="0.5" length="4" />
		<capsule pos="3.450000000000003,-41.25,1.1500000000000057" vel="0,0,0" mass="1" elasticityCoef="1" ang="90,0,0" color="0,220,0" radius="0.5" length="4" />
		<capsule pos="3.450000000000003,-41.25,3.450000000000003" vel="0,0,0" mass="1" elasticityCoef="1" ang="90,0,0" color="0,220,0" radius="0.5" length="4" />
		<capsule pos="3.450000000000003,-41.25,5.75" vel="0,0,0" mass="1" elasticityCoef="1" ang="90,0,0" color="0,220,0" radius="0.5" length="4" />
		<capsule pos="3.450000000000003,-41.25,8.050000000000004" vel="0,0,0" mass="1" elasticityCoef="1" ang="90,0,0" color="0,220,0" radius="0.5" length="4" />
		<capsule pos="3.450000000000003,-41.25,10.350000000000001" vel="0,0,0" mass="1" elasticityCoef="1" ang="90,0,0" color="0,220,0" radius="0.5" length="4" />
		<capsule pos="3.450000000000003,-41.25,12.650000000000006" vel="0,0,0" mass="1" elasticityCoef="1" ang="90,0,0" color="0,220,0" radius="0.5" length="4" />
		<capsule pos="3.450000000000003,-41.25,14.950000000000003" vel="0,0,0" mass="1" elasticityCoef="1" ang="90,0,0" color="0,220,0" radius="0.5" length="4" />
		<capsule pos="3.450000000000003,-41.25,17.25" vel="0,0,0" mass="1" elasticityCoef="1" ang="90,0,0" color="0,220,0" radius="0.5" length="4" />
		<capsule pos="3.450000000000003,-41.25,19.550000000000004" vel="0,0,0" mass="1" elasticityCoef="1" ang="90,0,0" color="0,220,0" radius="0.5" length="4" />
		<capsule pos="3.450000000000003,-41.25,21.85" vel="0,0,0" mass="1" elasticityCoef="1" ang="90,0,0" color="0,220,0" radius="0.5" length="4" />
		<capsule pos="3.450000000000003,-41.25,24.15" vel="0,0,0" mass="1" elasticityCoef="1" ang="90,0,0" color="0,220,0" radius="0.5" length="4" />
		<capsule pos="3.450000000000003,-41.25,26.450000000000003" vel="0,0,0" mass="1" elasticityCoef="1" ang="90,0,0" color="0,220,0" radius="0.5" length="4" />
		<capsule pos="3.450000000000003,-41.25,28.75" vel="0,0,0" mass="1" elasticityCoef="1" ang="90,0,0" color="0,220,0" radius="0.5" length="4" />
		<capsule pos="3.450000000000003,-41.25,31.049999999999997" vel="0,0,0" mass="1" elasticityCoef="1" ang="90,0,0" color="0,220,0" radius="0.5" length="4" />
		<capsule pos="3.450000000000003,-35.75,-33.349999999999994" vel="0,0,0" mass="1" elasticityCoef="1" ang="90,0,0" color="0,220,0" radius="0.5" length="4" />
		<capsule pos="3.450000000000003,-35.75,-31.049999999999994" vel="0,0,0" mass="1" elasticityCoef="1" ang="90,0,0" color="0,220,0" radius="0.5" length="4" />
		<capsule pos="3.450000000000003,-35.75,-28.749999999999993" vel="0,0,0" mass="1" elasticityCoef="1" ang="90,0,0" color="0,220,0" radius="0.5" length="4" />
		<capsule pos="3.450000000000003,-35.75,-26.449999999999996" vel="0,0,0" mass="1" elasticityCoef="1" ang="90,0,0" color="0,220,0" radius="0.5" length="4" />
		<capsule pos="3.450000000000003,-35.75,-24.149999999999995" vel="0,0,0" mass="1" elasticityCoef="1" ang="90,0,0" color="0,220,0" radius="0.5" length="4" />
		<capsule pos="3.450000000000003,-35.75,-21.849999999999994" vel="0,0,0" mass="1" elasticityCoef="1" ang="90,0,0" color="0,220,0" radius="0.5" length="4" />
		<capsule pos="3.450000000000003,-35.75,-19.549999999999997" vel="0,0,0" mass="1" elasticityCoef="1" ang="90,0,0" color="0,220,0" radius="0.5" length="4" />
		<capsule pos="3.450000000000003,-35.75,-17.249999999999996" vel="0,0,0" mass="1" elasticityCoef="1" ang="90,0,0" color="0,220,0" radius="0.5" length="4" />
		<capsule pos="3.450000000000003,-35.75,-14.949999999999996" vel="0,0,0" mass="1" elasticityCoef="1" ang="90,0,0" color="0,220,0" radius="0.5" length="4" />
		<capsule pos="3.450000000000003,-35.75,-12.649999999999995" vel="0,0,0" mass="1" elasticityCoef="1" ang="90,0,0" color="0,220,0" radius="0.5" length="4" />
		<capsule pos="3.450000000000003,-35.75,-10.349999999999994" vel="0,0,0" mass="1" elasticityCoef="1" ang="90,0,0" color="0,220,0" radius="0.5" length="4" />
		<capsule pos="3.450000000000003,-35.75,-8.049999999999997" vel="0,0,0" mass="1" elasticityCoef="1" ang="90,0,0" color="0,220,0" radius="0.5" length="4" />
		<capsule pos="3.450000000000003,-35.75,-5.7499999999999964" vel="0,0,0" mass="1" elasticityCoef="1" ang="90,0,0" color="0,220,0" radius="0.5" length="4" />
		<capsule pos="3.450000000000003,-35.75,-3.4499999999999957" vel="0,0,0" mass="1" elasticityCoef="1" ang="90,0,0" color="0,220,0" radius="0.5" length="4" />
		<capsule pos="3.450000000000003,-35.75,-1.1499999999999986" vel="0,0,0" mass="1" elasticityCoef="1" ang="90,0,0" color="0,220,0" radius="0.5" length="4" />
		<capsule pos="3.450000000000003,-35.75,1.1500000000000057" vel="0,0,0" mass="1" elasticityCoef="1" ang="90,0,0" color="0,220,0" radius="0.5" length="4" />
		<capsule pos="3.450000000000003,-35.75,3.450000000000003" vel="0,0,0" mass="1" elasticityCoef="1" ang="90,0,0" color="0,220,0" radius="0.5" length="4" />
		<capsule pos="3.450000000000003,-35.75,5.75" vel="0,0,0" mass="1" elasticityCoef="1" ang="90,0,0" color="0,220,0" radius="0.5" length="4" />
		<capsule pos="3.450000000000003,-35.75,8.050000000000004" vel="0,0,0" mass="1" elasticityCoef="1" ang="90,0,0" color="0,220,0" radius="0.5" length="4" />
		<capsule pos="3.450000000000003,-35.75,10.350000000000001" vel="0,0,0" mass="1" elasticityCoef="1" ang="90,0,0" color="0,220,0" radius="0.5" length="4" />
		<capsule pos="3.450000000000003,-35.75,12.650000000000006" vel="0,0,0" mass="1" elasticityCoef="1" ang="90,0,0" color="0,220,0" radius="0.5" length="4" />
		<capsule pos="3.450000000000003,-35.75,14.950000000000003" vel="0,0,0" mass="1" elasticityCoef="1" ang="90,0,0" color="0,220,0" radius="0.5" length="4" />
		<capsule pos="3.450000000000003,-35.75,17.25" vel="0,0,0" mass="1" elasticityCoef="1" ang="90,0,0" color="0,220,0" radius="0.5" length="4" />
		<capsule pos="3.450000000000003,-35.75,19.550000000000004" vel="0,0,0" mass="1" elasticityCoef="1" ang="90,0,0" color="0,220,0" radius="0.5" length="4" />
		<capsule pos="3.450000000000003,-35.75,21.85" vel="0,0,0" mass="1" elasticityCoef="1" ang="90,0,0" color="0,220,0" radius="0.5" length="4" />
		<capsule pos="3.450000000000003,-35.75,24.15" vel="0,0,0" mass="1" elasticityCoef="1" ang="90,0,0" color="0,220,0" radius="0.5" length="4" />
		<capsule pos="3.450000000000003,-35.75,26.450000000000003" vel="0,0,0" mass="1" elasticityCoef="1" ang="90,0,0" color="0,220,0" radius="0.5" length="4" />
		<capsule pos="3.450000000000003,-35.75,28.75" vel="0,0,0" mass="1" elasticityCoef="1" ang="90,0,0" color="0,220,0" radius="0.5" length="4" />
		<capsule pos="3.450000000000003,-35.75,31.049999999999997" vel="0,0,0" mass="1" elasticityCoef="1" ang="90,0,0" color="0,220,0" radius="0.5" length="4" />
		<capsule pos="3.450000000000003,-30.25,-33.349999999999994" vel="0,0,0" mass="1" elasticityCoef="1" ang="90,0,0" color="0,220,0" radius="0.5" length="4" />
		<capsule pos="3.450000000000003,-30.25,-31.049999999999994" vel="0,0,0" mass="1" elasticityCoef="1" ang="90,0,0" color="0,220,0" radius="0.5" length="4" />
		<capsule pos="3.450000000000003,-30.25,-28.749999999999993" vel="0,0,0" mass="1" elasticityCoef="1" ang="90,0,0" color="0,220,0" radius="0.5" length="4" />
		<capsule pos="3.450000000000003,-30.25,-26.449999999999996" vel="0,0,0" mass="1" elasticityCoef="1" ang="90,0,0" color="0,220,0" radius="0.5" length="4" />
		<capsule pos="3.450000000000003,-30.25,-24.149999999999995" vel="0,0,0" mass="1" elasticityCoef="1" ang="90,0,0" color="0,220,0" radius="0.5" length="4" />
		<capsule pos="3.450000000000003,-30.25,-21.849999999999994" vel="0,0,0" mass="1" elasticityCoef="1" ang="90,0,0" color="0,220,0" radius="0.5" length="4" />
		<capsule pos="3.450000000000003,-30.25,-19.549999999999997" vel="0,0,0" mass="1" elasticityCoef="1" ang="90,0,0" color="0,220,0" radius="0.5" length="4" />
		<capsule pos="3.450000000000003,-30.25,-17.249999999999996" vel="0,0,0" mass="1" elasticityCoef="1" ang="90,0,0" color="0,220,0" radius="0.5" length="4" />
		<capsule pos="3.450000000000003,-30.25,-14.949999999999996" vel="0,0,0" mass="1" elasticityCoef="1" ang="90,0,0" color="0,220,0" radius="0.5" length="4" />
		<capsule pos="3.450000000000003,-30.25,-12.649999999999995" vel="0,0,0" mass="1" elasticityCoef="1" ang="90,0,0" color="0,220,0" radius="0.5" length="4" />
		<capsule pos="3.450000000000003,-30.25,-10.349999999999994" vel="0,0,0" mass="1" elasticityCoef="1" ang="90,0,0" color="0,220,0" radius="0.5" length="4" />
		<capsule pos="3.450000000000003,-30.25,-8.049999999999997" vel="0,0,0" mass="1" elasticityCoef="1" ang="90,0,0" color="0,220,0" radius="0.5" length="4" />
		<capsule pos="3.450000000000003,-30.25,-5.7499999999999964" vel="0,0,0" mass="1" elasticityCoef="1" ang="90,0,0" color="0,220,0" radius="0.5" length="4" />
		<capsule pos="3.450000000000003,-30.25,-3.4499999999999957" vel="0,0,0" mass="1" elasticityCoef="1" ang="90,0,0" color="0,220,0" radius="0.5" length="4" />
		<capsule pos="3.450000000000003,-30.25,-1.1499999999999986" vel="0,0,0" mass="1" elasticityCoef="1" ang="90,0,0" color="0,220,0" radius="0.5" length="4" />
		<capsule pos="3.450000000000003,-30.25,1.1500000000000057" vel="0,0,0" mass="1" elasticityCoef="1" ang="90,0,0" color="0,220,0" radius="0.5" length="4" />
		<capsule pos="3.450000000000003,-30.25,3.450000000000003" vel="0,0,0" mass="1" elasticityCoef="1" ang="90,0,0" color="0,220,0" radius="0.5" length="4" />
		<capsule pos="3.450000000000003,-30.25,5.75" vel="0,0,0" mass="1" elasticityCoef="1" ang="90,0,0" color="0,220,0" radius="0.5" length="4" />
		<capsule pos="3.450000000000003,-30.25,8.050000000000004" vel="0,0,0" mass="1" elasticityCoef="1" ang="90,0,0" color="0,220,0" radius="0.5" length="4" />
		<capsule pos="3.450000000000003,-30.25,10.350000000000001" vel="0,0,0" mass="1" elasticityCoef="1" ang="90,0,0" color="0,220,0" radius="0.5" length="4" />
		<capsule pos="3.450000000000003,-30.25,12.650000000000006" vel="0,0,0" mass="1" elasticityCoef="1" ang="90,0,0" color="0,220,0" radius="0.5" length="4" />
		<capsule pos="3.450000000000003,-30.25,14.950000000000003" vel="0,0,0" mass="1" elasticityCoef="1" ang="90,0,0" color="0,220,0" radius="0.5" length="4" />
		<capsule pos="3.450000000000003,-30.25,17.25" vel="0,0,0" mass="1" elasticityCoef="1" ang="90,0,0" color="0,220,0" radius="0.5" length="4" />
		<capsule pos="3.450000000000003,-30.25,19.550000000000004" vel="0,0,0" mass="1" elasticityCoef="1" ang="90,0,0" color="0,220,0" radius="0.5" length="4" />
		<capsule pos="3.450000000000003,-30.25,21.85" vel="0,0,0" mass="1" elasticityCoef="1" ang="90,0,0" color="0,220,0" radius="0.5" length="4" />
		<capsule pos="3.450000000000003,-30.25,24.15" vel="0,0,0" mass="1" elasticityCoef="1" ang="90,0,0" color="0,220,0" radius="0.5" length="4" />
		<capsule pos="3.450000000000003,-30.25,26.450000000000003" vel="0,0,0" mass="1" elasticityCoef="1" ang="90,0,0" color="0,220,0" radius="0.5" length="4" />
		<capsule pos="3.450000000000003,-30.25,28.75" vel="0,0,0" mass="1" elasticityCoef="1" ang="90,0,0" color="0,220,0" radius="0.5" length="4" />
		<capsule pos="3.450000000000003,-30.25,31.049999999999997" vel="0,0,0" mass="1" elasticityCoef="1" ang="90,0,0" color="0,220,0" radius="0.5" length="4" />
		<capsule pos="3.450000000000003,-24.75,-33.349999999999994" vel="0,0,0" mass="1" elasticityCoef="1" ang="90,0,0" color="0,220,0" radius="0.5" length="4" />
		<capsule pos="3.450000000000003,-24.75,-31.049999999999994" vel="0,0,0" mass="1" elasticityCoef="1" ang="90,0,0" color="0,220,0" radius="0.5" length="4" />
		<capsule pos="3.450000000000003,-24.75,-28.749999999999993" vel="0,0,0" mass="1" elasticityCoef="1" ang="90,0,0" color="0,220,0" radius="0.5" length="4" />
		<capsule pos="3.450000000000003,-24.75,-26.449999999999996" vel="0,0,0" mass="1" elasticityCoef="1" ang="90,0,0" color="0,220,0" radius="0.5" length="4" />
		<capsule pos="3.450000000000003,-24.75,-24.149999999999995" vel="0,0,0" mass="1" elasticityCoef="1" ang="90,0,0" color="0,220,0" radius="0.5" length="4" />
		<capsule pos="3.450000000000003,-24.75,-21.849999999999994" vel="0,0,0" mass="1" elasticityCoef="1" ang="90,0,0" color="0,220,0" radius="0.5" length="4" />
		<capsule pos="3.450000000000003,-24.75,-19.549999999999997" vel="0,0,0" mass="1" elasticityCoef="1" ang="90,0,0" color="0,220,0" radius="0.5" length="4" />
		<capsule pos="3.450000000000003,-24.75,-17.249999999999996" vel="0,0,0" mass="1" elasticityCoef="1" ang="90,0,0" color="0,220,0" radius="0.5" length="4" />
		<capsule pos="3.450000000000003,-24.75,-14.949999999999996" vel="0,0,0" mass="1" elasticityCoef="1" ang="90,0,0" color="0,220,0" radius="0.5" length="4" />
		<capsule pos="3.450000000000003,-24.75,-12.649999999999995" vel="0,0,0" mass="1" elasticityCoef="1" ang="90,0,0" color="0,220,0" radius="0.5" length="4" />
		<capsule pos="3.450000000000003,-24.75,-10.349999999999994" vel="0,0,0" mass="1" elasticityCoef="1" ang="90,0,0" color="0,220,0" radius="0.5" length="4" />
		<capsule pos="3.450000000000003,-24.75,-8.049999999999997" vel="0,0,0" mass="1" elasticityCoef="1" ang="90,0,0" color="0,220,0" radius="0.5" length="4" />
		<capsule pos="3.450000000000003,-24.75,-5.7499999999999964" vel="0,0,0" mass="1" elasticityCoef="1" ang="90,0,0" color="0,220,0" radius="0.5" length="4" />
		<capsule pos="3.450000000000003,-24.75,-3.4499999999999957" vel="0,0,0" mass="1" elasticityCoef="1" ang="90,0,0" color="0,220,0" radius="0.5" length="4" />
		<capsule pos="3.450000000000003,-24.75,-1.1499999999999986" vel="0,0,0" mass="1" elasticityCoef="1" ang="90,0,0" color="0,220,0" radius="0.5" length="4" />
		<capsule pos="3.450000000000003,-24.75,1.1500000000000057" vel="0,0,0" mass="1" elasticityCoef="1" ang="90,0,0" color="0,220,0" radius="0.5" length="4" />
		<capsule pos="3.450000000000003,-24.75,3.450000000000003" vel="0,0,0" mass="1" elasticityCoef="1" ang="90,0,0" color="0,220,0" radius="0.5" length="4" />
		<capsule pos="3.450000000000003,-24.75,5.75" vel="0,0,0" mass="1" elasticityCoef="1" ang="90,0,0" color="0,220,0" radius="0.5" length="4" />
		<capsule pos="3.450000000000003,-24.75,8.050000000000004" vel="0,0,0" mass="1" elasticityCoef="1" ang="90,0,0" color="0,220,0" radius="0.5" length="4" />
		<capsule pos="3.450000000000003,-24.75,10.350000000000001" vel="0,0,0" mass="1" elasticityCoef="1" ang="90,0,0" color="0,220,0" radius="0.5" length="4" />
		<capsule pos="3.450000000000003,-24.75,12.650000000000006" vel="0,0,0" mass="1" elasticityCoef="1" ang="90,0,0" color="0,220,0" radius="0.5" length="4" />
		<capsule pos="3.450000000000003,-24.75,14.950000000000003" vel="0,0,0" mass="1" elasticityCoef="1" ang="90,0,0" color="0,220,0" radius="0.5" length="4" />
		<capsule pos="3.450000000000003,-24.75,17.25" vel="0,0,0" mass="1" elasticityCoef="1" ang="90,0,0" color="0,220,0" radius="0.5" length="4" />
		<capsule pos="3.450000000000003,-24.75,19.550000000000004" vel="0,0,0" mass="1" elasticityCoef="1" ang="90,0,0" color="0,220,0" radius="0.5" length="4" />
		<capsule pos="3.450000000000003,-24.75,21.85" vel="0,0,0" mass="1" elasticityCoef="1" ang="90,0,0" color="0,220,0" radius="0.5" length="4" />
		<capsule pos="3.450000000000003,-24.75,24.15" vel="0,0,0" mass="1" elasticityCoef="1" ang="90,0,0" color="0,220,0" radius="0.5" length="4" />
		<capsule pos="3.450000000000003,-24.75,26.450000000000003" vel="0,0,0" mass="1" elasticityCoef="1" ang="90,0,0" color="0,220,0" radius="0.5" length="4" />
		<capsule pos="3.450000000000003,-24.75,28.75" vel="0,0,0" mass="1" elasticityCoef="1" ang="90,0,0" color="0,220,0" radius="0.5" length="4" />
		<capsule pos="3.450000000000003,-24.75,31.049999999999997" vel="0,0,0" mass="1" elasticityCoef="1" ang="90,0,0" color="0,220,0" radius="0.5" length="4" />
		<capsule pos="3.450000000000003,-19.25,-33.349999999999994" vel="0,0,0" mass="1" elasticityCoef="1" ang="90,0,0" color="0,220,0" radius="0.5" length="4" />
		<capsule pos="3.450000000000003,-19.25,-31.049999999999994" vel="0,0,0" mass="1" elasticityCoef="1" ang="90,0,0" color="0,220,0" radius="0.5" length="4" />
		<capsule pos="3.450000000000003,-19.25,-28.749999999999993" vel="0,0,0" mass="1" elasticityCoef="1" ang="90,0,0" color="0,220,0" radius="0.5" length="4" />
		<capsule pos="3.450000000000003,-19.25,-26.449999999999996" vel="0,0,0" mass="1" elasticityCoef="1" ang="90,0,0" color="0,220,0" radius="0.5" length="4" />
		<capsule pos="3.450000000000003,-19.25,-24.149999999999995" vel="0,0,0" mass="1" elasticityCoef="1" ang="90,0,0" color="0,220,0" radius="0.5" length="4" />
		<capsule pos="3.450000000000003,-19.25,-21.849999999999994" vel="0,0,0" mass="1" elasticityCoef="1" ang="90,0,0" color="0,220,0" radius="0.5" length="4" />
		<capsule pos="3.450000000000003,-19.25,-19.549999999999997" vel="0,0,0" mass="1" elasticityCoef="1" ang="90,0,0" color="0,220,0" radius="0.5" length="4" />
		<capsule pos="3.450000000000003,-19.25,-17.249999999999996" vel="0,0,0" mass="1" elasticityCoef="1" ang="90,0,0" color="0,220,0" radius="0.5" length="4" />
		<capsule pos="3.450000000000003,-19.25,-14.949999999999996" vel="0,0,0" mass="1" elasticityCoef="1" ang="90,0,0" color="0,220,0" radius="0.5" length="4" />
		<capsule pos="3.450000000000003,-19.25,-12.649999999999995" vel="0,0,0" mass="1" elasticityCoef="1" ang="90,0,0" color="0,220,0" radius="0.5" length="4" />
		<capsule pos="3.450000000000003,-19.25,-10.349999999999994" vel="0,0,0" mass="1" elasticityCoef="1" ang="90,0,0" color="0,220,0" radius="0.5" length="4" />
		<capsule pos="3.450000000000003,-19.25,-8.049999999999997" vel="0,0,0" mass="1" elasticityCoef="1" ang="90,0,0" color="0,220,0" radius="0.5" length="4" />
		<capsule pos="3.450000000000003,-19.25,-5.7499999999999964" vel="0,0,0" mass="1" elasticityCoef="1" ang="90,0,0" color="0,220,0" radius="0.5" length="4" />
		<capsule pos="3.450000000000003,-19.25,-3.4499999999999957" vel="0,0,0" mass="1" elasticityCoef="1" ang="90,0,0" color="0,220,0" radius="0.5" length="4" />
		<capsule pos="3.450000000000003,-19.25,-1.1499999999999986" vel="0,0,0" mass="1" elasticityCoef="1" ang="90,0,0" color="0,220,0" radius="0.5" length="4" />
		<capsule pos="3.450000000000003,-19.25,1.1500000000000057" vel="0,0,0" mass="1" elasticityCoef="1" ang="90,0,0" color="0,220,0" radius="0.5" length="4" />
		<capsule pos="3.450000000000003,-19.25,3.450000000000003" vel="0,0,0" mass="1" elasticityCoef="1" ang="90,0,0" color="0,220,0" radius="0.5" length="4" />
		<capsule pos="3.450000000000003,-19.25,5.75" vel="0,0,0" mass="1" elasticityCoef="1" ang="90,0,0" color="0,220,0" radius="0.5" length="4" />
		<capsule pos="3.450000000000003,-19.25,8.050000000000004" vel="0,0,0" mass="1" elasticityCoef="1" ang="90,0,0" color="0,220,0" radius="0.5" length="4" />
		<capsule pos="3.450000000000003,-19.25,10.350000000000001" vel="0,0,0" mass="1" elasticityCoef="1" ang="90,0,0" color="0,220,0" radius="0.5" length="4" />
		<capsule pos="3.450000000000003,-19.25,12.650000000000006" vel="0,0,0" mass="1" elasticityCoef="1" ang="90,0,0" color="0,220,0" radius="0.5" length="4" />
		<capsule pos="3.450000000000003,-19.25,14.950000000000003" vel="0,0,0" mass="1" elasticityCoef="1" ang="90,0,0" color="0,220,0" radius="0.5" length="4" />
		<capsule pos="3.450000000000003,-19.25,17.25" vel="0,0,0" mass="1" elasticityCoef="1" ang="90,0,0" color="0,220,0" radius="0.5" length="4" />
		<capsule pos="3.450000000000003,-19.25,19.550000000000004" vel="0,0,0" mass="1" elasticityCoef="1" ang="90,0,0" color="0,220,0" radius="0.5" length="4" />
		<capsule pos="3.450000000000003,-19.25,21.85" vel="0,0,0" mass="1" elasticityCoef="1" ang="90,0,0" color="0,220,0" radius="0.5" length="4" />
		<capsule pos="3.450000000000003,-19.25,24.15" vel="0,0,0" mass="1" elasticityCoef="1" ang="90,0,0" color="0,220,0" radius="0.5" length="4" />
		<capsule pos="3.450000000000003,-19.25,26.450000000000003" vel="0,0,0" mass="1" elasticityCoef="1" ang="90,0,0" color="0,220,0" radius="0.5" length="4" />
		<capsule pos="3.450000000000003,-19.25,28.75" vel="0,0,0" mass="1" elasticityCoef="1" ang="90,0,0" color="0,220,0" radius="0.5" length="4" />
		<capsule pos="3.450000000000003,-19.25,31.049999999999997" vel="0,0,0" mass="1" elasticityCoef="1" ang="90,0,0" color="0,220,0" radius="0.5" length="4" />
		<capsule pos="3.450000000000003,-13.75,-33.349999999999994" vel="0,0,0" mass="1" elasticityCoef="1" ang="90,0,0" color="0,220,0" radius="0.5" length="4" />
		<capsule pos="3.450000000000003,-13.75,-31.049999999999994" vel="0,0,0" mass="1" elasticityCoef="1" ang="90,0,0" color="0,220,0" radius="0.5" length="4" />
		<capsule pos="3.450000000000003,-13.75,-28.749999999999993" vel="0,0,0" mass="1" elasticityCoef="1" ang="90,0,0" color="0,220,0" radius="0.5" length="4" />
		<capsule pos="3.450000000000003,-13.75,-26.449999999999996" vel="0,0,0" mass="1" elasticityCoef="1" ang="90,0,0" color="0,220,0" radius="0.5" length="4" />
		<capsule pos="3.450000000000003,-13.75,-24.149999999999995" vel="0,0,0" mass="1" elasticityCoef="1" ang="90,0,0" color="0,220,0" radius="0.5" length="4" />
		<capsule pos="3.450000000000003,-13.75,-21.849999999999994" vel="0,0,0" mass="1" elasticityCoef="1" ang="90,0,0" color="0,220,0" radius="0.5" length="4" />
		<capsule pos="3.450000000000003,-13.75,-19.549999999999997" vel="0,0,0" mass="1" elasticityCoef="1" ang="90,0,0" color="0,220,0" radius="0.5" length="4" />
		<capsule pos="3.450000000000003,-13.75,-17.249999999999996" vel="0,0,0" mass="1" elasticityCoef="1" ang="90,0,0" color="0,220,0" radius="0.5" length="4" />
		<capsule pos="3.450000000000003,-13.75,-14.949999999999996" vel="0,0,0" mass="1" elasticityCoef="1" ang="90,0,0" color="0,220,0" radius="0.5" length="4" />
		<capsule pos="3.450000000000003,-13.75,-12.649999999999995" vel="0,0,0" mass="1" elasticityCoef="1" ang="90,0,0" color="0,220,0" radius="0.5" length="4" />
		<capsule pos="3.450000000000003,-13.75,-10.349999999999994" vel="0,0,0" mass="1" elasticityCoef="1" ang="90,0,0" color="0,220,0" radius="0.5" length="4" />
		<capsule pos="3.450000000000003,-13.75,-8.049999999999997" vel="0,0,0" mass="1" elasticityCoef="1" ang="90,0,0" color="0,220,0" radius="0.5" length="4" />
		<capsule pos="3.450000000000003,-13.75,-5.7499999999999964" vel="0,0,0" mass="1" elasticityCoef="1" ang="90,0,0" color="0,220,0" radius="0.5" length="4" />
		<capsule pos="3.450000000000003,-13.75,-3.4499999999999957" vel="0,0,0" mass="1" elasticityCoef="1" ang="90,0,0" color="0,220,0" radius="0.5" length="4" />
		<capsule pos="3.450000000000003,-13.75,-1.1499999999999986" vel="0,0,0" mass="1" elasticityCoef="1" ang="90,0,0" color="0,220,0" radius="0.5" length="4" />
		<capsule pos="3.450000000000003,-13.75,1.1500000000000057" vel="0,0,0" mass="1" elasticityCoef="1" ang="90,0,0" color="0,220,0" radius="0.5" length="4" />
		<capsule pos="3.450000000000003,-13.75,3.450000000000003" vel="0,0,0" mass="1" elasticityCoef="1" ang="90,0,0" color="0,220,0" radius="0.5" length="4" />
		<capsule pos="3.450000000000003,-13.75,5.75" vel="0,0,0" mass="1" elasticityCoef="1" ang="90,0,0" color="0,220,0" radius="0.5" length="4" />
		<capsule pos="3.450000000000003,-13.75,8.050000000000004" vel="0,0,0" mass="1" elasticityCoef="1" ang="90,0,0" color="0,220,0" radius="0.5" length="4" />
		<capsule pos="3.450000000000003,-13.75,10.350000000000001" vel="0,0,0" mass="1" elasticityCoef="1" ang="90,0,0" color="0,220,0" radius="0.5" length="4" />
		<capsule pos="3.450000000000003,-13.75,12.650000000000006" vel="0,0,0" mass="1" elasticityCoef="1" ang="90,0,0" color="0,220,0" radius="0.5" length="4" />
		<capsule pos="3.450000000000003,-13.75,14.950000000000003" vel="0,0,0" mass="1" elasticityCoef="1" ang="90,0,0" color="0,220,0" radius="0.5" length="4" />
		<capsule pos="3.450000000000003,-13.75,17.25" vel="0,0,0" mass="1" elasticityCoef="1" ang="90,0,0" color="0,220,0" radius="0.5" length="4" />
		<capsule pos="3.450000000000003,-13.75,19.550000000000004" vel="0,0,0" mass="1" elasticityCoef="1" ang="90,0,0" color="0,220,0" radius="0.5" length="4" />
		<capsule pos="3.450000000000003,-13.75,21.85" vel="0,0,0" mass="1" elasticityCoef="1" ang="90,0,0" color="0,220,0" radius="0.5" length="4" />
		<capsule pos="3.450000000000003,-13.75,24.15" vel="0,0,0" mass="1" elasticityCoef="1" ang="90,0,0" color="0,220,0" radius="0.5" length="4" />
		<capsule pos="3.450000000000003,-13.75,26.450000000000003" vel="0,0,0" mass="1" elasticityCoef="1" ang="90,0,0" color="0,220,0" radius="0.5" length="4" />
		<capsule pos="3.450000000000003,-13.75,28.75" vel="0,0,0" mass="1" elasticityCoef="1" ang="90,0,0" color="0,220,0" radius="0.5" length="4" />
		<capsule pos="3.450000000000003,-13.75,31.049999999999997" vel="0,0,0" mass="1" elasticityCoef="1" ang="90,0,0" color="0,220,0" radius="0.5" length="4" />
		<capsule pos="3.450000000000003,-8.25,-33.349999999999994" vel="0,0,0" mass="1" elasticityCoef="1" ang="90,0,0" color="0,220,0" radius="0.5" length="4" />
		<capsule pos="3.450000000000003,-8.25,-31.049999999999994" vel="0,0,0" mass="1" elasticityCoef="1" ang="90,0,0" color="0,220,0" radius="0.5" length="4" />
		<capsule pos="3.450000000000003,-8.25,-28.749999999999993" vel="0,0,0" mass="1" elasticityCoef="1" ang="90,0,0" color="0,220,0" radius="0.5" length="4" />
		<capsule pos="3.450000000000003,-8.25,-26.449999999999996" vel="0,0,0" mass="1" elasticityCoef="1" ang="90,0,0" color="0,220,0" radius="0.5" length="4" />
		<capsule pos="3.450000000000003,-8.25,-24.149999999999995" vel="0,0,0" mass="1" elasticityCoef="1" ang="90,0,0" color="0,220,0" radius="0.5" length="4" />
		<capsule pos="3.450000000000003,-8.25,-21.849999999999994" vel="0,0,0" mass="1" elasticityCoef="1" ang="90,0,0" color="0,220,0" radius="0.5" length="4" />
		<capsule pos="3.450000000000003,-8.25,-19.549999999999997" vel="0,0,0" mass="1" elasticityCoef="1" ang="90,0,0" color="0,220,0" radius="0.5" length="4" />
		<capsule pos="3.450000000000003,-8.25,-17.249999999999996" vel="0,0,0" mass="1" elasticityCoef="1" ang="90,0,0" color="0,220,0" radius="0.5" length="4" />
		<capsule pos="3.450000000000003,-8.25,-14.949999999999996" vel="0,0,0" mass="1" elasticityCoef="1" ang="90,0,0" color="0,220,0" radius="0.5" length="4" />
		<capsule pos="3.450000000000003,-8.25,-12.649999999999995" vel="0,0,0" mass="1" elasticityCoef="1" ang="90,0,0" color="0,220,0" radius="0.5" length="4" />
		<capsule pos="3.450000000000003,-8.25,-10.349999999999994" vel="0,0,0" mass="1" elasticityCoef="1" ang="90,0,0" color="0,220,0" radius="0.5" length="4" />
		<capsule pos="3.450000000000003,-8.25,-8.049999999999997" vel="0,0,0" mass="1" elasticityCoef="1" ang="90,0,0" color="0,220,0" radius="0.5" length="4" />
		<capsule pos="3.450000000000003,-8.25,-5.7499999999999964" vel="0,0,0" mass="1" elasticityCoef="1" ang="90,0,0" color="0,220,0" radius="0.5" length="4" />
		<capsule pos="3.450000000000003,-8.25,-3.4499999999999957" vel="0,0,0" mass="1" elasticityCoef="1" ang="90,0,0" color="0,220,0" radius="0.5" length="4" />
		<capsule pos="3.450000000000003,-8.25,-1.1499999999999986" vel="0,0,0" mass="1" elasticityCoef="1" ang="90,0,0" color="0,220,0" radius="0.5" length="4" />
		<capsule pos="3.450000000000003,-8.25,1.1500000000000057" vel="0,0,0" mass="1" elasticityCoef="1" ang="90,0,0" color="0,220,0" radius="0.5" length="4" />
		<capsule pos="3.450000000000003,-8.25,3.450000000000003" vel="0,0,0" mass="1" elasticityCoef="1" ang="90,0,0" color="0,220,0" radius="0.5" length="4" />
		<capsule pos="3.450000000000003,-8.25,5.75" vel="0,0,0" mass="1" elasticityCoef="1" ang="90,0,0" color="0,220,0" radius="0.5" length="4" />
		<capsule pos="3.450000000000003,-8.25,8.050000000000004" vel="0,0,0" mass="1" elasticityCoef="1" ang="90,0,0" color="0,220,0" radius="0.5" length="4" />
		<capsule pos="3.450000000000003,-8.25,10.350000000000001" vel="0,0,0" mass="1" elasticityCoef="1" ang="90,0,0" color="0,220,0" radius="0.5" length="4" />
		<capsule pos="3.450000000000003,-8.25,12.650000000000006" vel="0,0,0" mass="1" elasticityCoef="1" ang="90,0,0" color="0,220,0" radius="0.5" length="4" />
		<capsule pos="3.450000000000003,-8.25,14.950000000000003" vel="0,0,0" mass="1" elasticityCoef="1" ang="90,0,0" color="0,220,0" radius="0.5" length="4" />
		<capsule pos="3.450000000000003,-8.25,17.25" vel="0,0,0" mass="1" elasticityCoef="1" ang="90,0,0" color="0,220,0" radius="0.5" length="4" />
		<capsule pos="3.450000000000003,-8.25,19.550000000000004" vel="0,0,0" mass="1" elasticityCoef="1" ang="90,0,0" color="0,220,0" radius="0.5" length="4" />
		<capsule pos="3.450000000000003,-8.25,21.85" vel="0,0,0" mass="1" elasticityCoef="1" ang="90,0,0" color="0,220,0" radius="0.5" length="4" />
		<capsule pos="3.450000000000003,-8.25,24.15" vel="0,0,0" mass="1" elasticityCoef="1" ang="90,0,0" color="0,220,0" radius="0.5" length="4" />
		<capsule pos="3.450000000000003,-8.25,26.450000000000003" vel="0,0,0" mass="1" elasticityCoef="1" ang="90,0,0" color="0,220,0" radius="0.5" length="4" />
		<capsule pos="3.450000000000003,-8.25,28.75" vel="0,0,0" mass="1" elasticityCoef="1" ang="90,0,0" color="0,220,0" radius="0.5" length="4" />
		<capsule pos="3.450000000000003,-8.25,31.049999999999997" vel="0,0,0" mass="1" elasticityCoef="1" ang="90,0,0" color="0,220,0" radius="0.5" length="4" />
		<capsule pos="3.450000000000003,-2.75,-33.349999999999994" vel="0,0,0" mass="1" elasticityCoef="1" ang="90,0,0" color="0,220,0" radius="0.5" length="4" />
		<capsule pos="3.450000000000003,-2.75,-31.049999999999994" vel="0,0,0" mass="1" elasticityCoef="1" ang="90,0,0" color="0,220,0" radius="0.5" length="4" />
		<capsule pos="3.450000000000003,-2.75,-28.749999999999993" vel="0,0,0" mass="1" elasticityCoef="1" ang="90,0,0" color="0,220,0" radius="0.5" length="4" />
		<capsule pos="3.450000000000003,-2.75,-26.449999999999996" vel="0,0,0" mass="1" elasticityCoef="1" ang="90,0,0" color="0,220,0" radius="0.5" length="4" />
		<capsule pos="3.450000000000003,-2.75,-24.149999999999995" vel="0,0,0" mass="1" elasticityCoef="1" ang="90,0,0" color="0,220,0" radius="0.5" length="4" />
		<capsule pos="3.450000000000003,-2.75,-21.849999999999994" vel="0,0,0" mass="1" elasticityCoef="1" ang="90,0,0" color="0,220,0" radius="0.5" length="4" />
		<capsule pos="3.450000000000003,-2.75,-19.549999999999997" vel="0,0,0" mass="1" elasticityCoef="1" ang="90,0,0" color="0,220,0" radius="0.5" length="4" />
		<capsule pos="3.450000000000003,-2.75,-17.249999999999996" vel="0,0,0" mass="1" elasticityCoef="1" ang="90,0,0" color="0,220,0" radius="0.5" length="4" />
		<capsule pos="3.450000000000003,-2.75,-14.949999999999996" vel="0,0,0" mass="1" elasticityCoef="1" ang="90,0,0" color="0,220,0" radius="0.5" length="4" />
		<capsule pos="3.450000000000003,-2.75,-12.649999999999995" vel="0,0,0" mass="1" elasticityCoef="1" ang="90,0,0" color="0,220,0" radius="0.5" length="4" />
		<capsule pos="3.450000000000003,-2.75,-10.349999999999994" vel="0,0,0" mass="1" elasticityCoef="1" ang="90,0,0" color="0,220,0" radius="0.5" length="4" />
		<capsule pos="3.450000000000003,-2.75,-8.049999999999997" vel="0,0,0" mass="1" elasticityCoef="1" ang="90,0,0" color="0,220,0" radius="0.5" length="4" />
		<capsule pos="3.450000000000003,-2.75,-5.7499999999999964" vel="0,0,0" mass="1" elasticityCoef="1" ang="90,0,0" color="0,220,0" radius="0.5" length="4" />
		<capsule pos="3.450000000000003,-2.75,-3.4499999999999957" vel="0,0,0" mass="1" elasticityCoef="1" ang="90,0,0" color="0,220,0" radius="0.5" length="4" />
		<capsule pos="3.450000000000003,-2.75,-1.1499999999999986" vel="0,0,0" mass="1" elasticityCoef="1" ang="90,0,0" color="0,220,0" radius="0.5" length="4" />
		<capsule pos="3.450000000000003,-2.75,1.1500000000000057" vel="0,0,0" mass="1" elasticityCoef="1" ang="90,0,0" color="0,220,0" radius="0.5" length="4" />
		<capsule pos="3.450000000000003,-2.75,3.450000000000003" vel="0,0,0" mass="1" elasticityCoef="1" ang="90,0,0" color="0,220,0" radius="0.5" length="4" />
		<capsule pos="3.450000000000003,-2.75,5.75" vel="0,0,0" mass="1" elasticityCoef="1" ang="90,0,0" color="0,220,0" radius="0.5" length="4" />
		<capsule pos="3.450000000000003,-2.75,8.050000000000004" vel="0,0,0" mass="1" elasticityCoef="1" ang="90,0,0" color="0,220,0" radius="0.5" length="4" />
		<capsule pos="3.450000000000003,-2.75,10.350000000000001" vel="0,0,0" mass="1" elasticityCoef="1" ang="90,0,0" color="0,220,0" radius="0.5" length="4" />
		<capsule pos="3.450000000000003,-2.75,12.650000000000006" vel="0,0,0" mass="1" elasticityCoef="1" ang="90,0,0" color="0,220,0" radius="0.5" length="4" />
		<capsule pos="3.450000000000003,-2.75,14.950000000000003" vel="0,0,0" mass="1" elasticityCoef="1" ang="90,0,0" color="0,220,0" radius="0.5" length="4" />
		<capsule pos="3.450000000000003,-2.75,17.25" vel="0,0,0" mass="1" elasticityCoef="1" ang="90,0,0" color="0,220,0" radius="0.5" length="4" />
		<capsule pos="3.450000000000003,-2.75,19.550000000000004" vel="0,0,0" mass="1" elasticityCoef="1" ang="90,0,0" color="0,220,0" radius="0.5" length="4" />
		<capsule pos="3.450000000000003,-2.75,21.85" vel="0,0,0" mass="1" elasticityCoef="1" ang="90,0,0" color="0,220,0" radius="0.5" length="4" />
		<capsule pos="3.450000000000003,-2.75,24.15" vel="0,0,0" mass="1" elasticityCoef="1" ang="90,0,0" color="0,220,0" radius="0.5" length="4" />
		<capsule pos="3.450000000000003,-2.75,26.450000000000003" vel="0,0,0" mass="1" elasticityCoef="1" ang="90,0,0" color="0,220,0" radius="0.5" length="4" />
		<capsule pos="3.450000000000003,-2.75,28.75" vel="0,0,0" mass="1" elasticityCoef="1" ang="90,0,0" color="0,220,0" radius="0.5" length="4" />
		<capsule pos="3.450000000000003,-2.75,31.049999999999997" vel="0,0,0" mass="1" elasticityCoef="1" ang="90,0,0" color="0,220,0" radius="0.5" length="4" />
		<capsule pos="3.450000000000003,2.75,-33.349999999999994" vel="0,0,0" mass="1" elasticityCoef="1" ang="90,0,0" color="0,220,0" radius="0.5" length="4" />
		<capsule pos="3.450000000000003,2.75,-31.049999999999994" vel="0,0,0" mass="1" elasticityCoef="1" ang="90,0,0" color="0,220,0" radius="0.5" length="4" />
		<capsule pos="3.450000000000003,2.75,-28.749999999999993" vel="0,0,0" mass="1" elasticityCoef="1" ang="90,0,0" color="0,220,0" radius="0.5" length="4" />
		<capsule pos="3.450000000000003,2.75,-26.449999999999996" vel="0,0,0" mass="1" elasticityCoef="1" ang="90,0,0" color="0,220,0" radius="0.5" length="4" />
		<capsule pos="3.450000000000003,2.75,-24.149999999999995" vel="0,0,0" mass="1" elasticityCoef="1" ang="90,0,0" color="0,220,0" radius="0.5" length="4" />
		<capsule pos="3.450000000000003,2.75,-21.849999999999994" vel="0,0,0" mass="1" elasticityCoef="1" ang="90,0,0" color="0,220,0" radius="0.5" length="4" />
		<capsule pos="3.450000000000003,2.75,-19.549999999999997" vel="0,0,0" mass="1" elasticityCoef="1" ang="90,0,0" color="0,220,0" radius="0.5" length="4" />
		<capsule pos="3.450000000000003,2.75,-17.249999999999996" vel="0,0,0" mass="1" elasticityCoef="1" ang="90,0,0" color="0,220,0" radius="0.5" length="4" />
		<capsule pos="3.450000000000003,2.75,-14.949999999999996" vel="0,0,0" mass="1" elasticityCoef="1" ang="90,0,0" color="0,220,0" radius="0.5" length="4" />
		<capsule pos="3.450000000000003,2.75,-12.649999999999995" vel="0,0,0" mass="1" elasticityCoef="1" ang="90,0,0" color="0,220,0" radius="0.5" length="4" />
		<capsule pos="3.450000000000003,2.75,-10.349999999999994" vel="0,0,0" mass="1" elasticityCoef="1" ang="90,0,0" color="0,220,0" radius="0.5" length="4" />
		<capsule pos="3.450000000000003,2.75,-8.049999999999997" vel="0,0,0" mass="1" elasticityCoef="1" ang="90,0,0" color="0,220,0" radius="0.5" length="4" />
		<capsule pos="3.450000000000003,2.75,-5.7499999999999964" vel="0,0,0" mass="1" elasticityCoef="1" ang="90,0,0" color="0,220,0" radius="0.5" length="4" />
		<capsule pos="3.450000000000003,2.75,-3.4499999999999957" vel="0,0,0" mass="1" elasticityCoef="1" ang="90,0,0" color="0,220,0" radius="0.5" length="4" />
		<capsule pos="3.450000000000003,2.75,-1.1499999999999986" vel="0,0,0" mass="1" elasticityCoef="1" ang="90,0,0" color="0,220,0" radius="0.5" length="4" />
		<capsule pos="3.450000000000003,2.75,1.1500000000000057" vel="0,0,0" mass="1" elasticityCoef="1" ang="90,0,0" color="0,220,0" radius="0.5" length="4" />
		<capsule pos="3.450000000000003,2.75,3.450000000000003" vel="0,0,0" mass="1" elasticityCoef="1" ang="90,0,0" color="0,220,0" radius="0.5" length="4" />
		<capsule pos="3.450000000000003,2.75,5.75" vel="0,0,0" mass="1" elasticityCoef="1" ang="90,0,0" color="0,220,0" radius="0.5" length="4" />
		<capsule pos="3.450000000000003,2.75,8.050000000000004" vel="0,0,0" mass="1" elasticityCoef="1" ang="90,0,0" color="0,220,0" radius="0.5" length="4" />
		<capsule pos="3.450000000000003,2.75,10.350000000000001" vel="0,0,0" mass="1" elasticityCoef="1" ang="90,0,0" color="0,220,0" radius="0.5" length="4" />
		<capsule pos="3.450000000000003,2.75,12.650000000000006" vel="0,0,0" mass="1" elasticityCoef="1" ang="90,0,0" color="0,220,0" radius="0.5" length="4" />
		<capsule pos="3.450000000000003,2.75,14.950000000000003" vel="0,0,0" mass="1" elasticityCoef="1" ang="90,0,0" color="0,220,0" radius="0.5" length="4" />
		<capsule pos="3.450000000000003,2.75,17.25" vel="0,0,0" mass="1" elasticityCoef="1" ang="90,0,0" color="0,220,0" radius="0.5" length="4" />
		<capsule pos="3.450000000000003,2.75,19.550000000000004" vel="0,0,0" mass="1" elasticityCoef="1" ang="90,0,0" color="0,220,0" radius="0.5" length="4" />
		<capsule pos="3.450000000000003,2.75,21.85" vel="0,0,0" mass="1" elasticityCoef="1" ang="90,0,0" color="0,220,0" radius="0.5" length="4" />
		<capsule pos="3.450000000000003,2.75,24.15" vel="0,0,0" mass="1" elasticityCoef="1" ang="90,0,0" color="0,220,0" radius="0.5" length="4" />
		<capsule pos="3.450000000000003,2.75,26.450000000000003" vel="0,0,0" mass="1" elasticityCoef="1" ang="90,0,0" color="0,220,0" radius="0.5" length="4" />
		<capsule pos="3.450000000000003,2.75,28.75" vel="0,0,0" mass="1" elasticityCoef="1" ang="90,0,0" color="0,220,0" radius="0.5" length="4" />
		<capsule pos="3.450000000000003,2.75,31.049999999999997" vel="0,0,0" mass="1" elasticityCoef="1" ang="90,0,0" color="0,220,0" radius="0.5" length="4" />
		<capsule pos="3.450000000000003,8.25,-33.349999999999994" vel="0,0,0" mass="1" elasticityCoef="1" ang="90,0,0" color="0,220,0" radius="0.5" length="4" />
		<capsule pos="3.450000000000003,8.25,-31.049999999999994" vel="0,0,0" mass="1" elasticityCoef="1" ang="90,0,0" color="0,220,0" radius="0.5" length="4" />
		<capsule pos="3.450000000000003,8.25,-28.749999999999993" vel="0,0,0" mass="1" elasticityCoef="1" ang="90,0,0" color="0,220,0" radius="0.5" length="4" />
		<capsule pos="3.450000000000003,8.25,-26.449999999999996" vel="0,0,0" mass="1" elasticityCoef="1" ang="90,0,0" color="0,220,0" radius="0.5" length="4" />
		<capsule pos="3.450000000000003,8.25,-24.149999999999995" vel="0,0,0" mass="1" elasticityCoef="1" ang="90,0,0" color="0,220,0" radius="0.5" length="4" />
		<capsule pos="3.450000000000003,8.25,-21.849999999999994" vel="0,0,0" mass="1" elasticityCoef="1" ang="90,0,0" color="0,220,0" radius="0.5" length="4" />
		<capsule pos="3.450000000000003,8.25,-19.549999999999997" vel="0,0,0" mass="1" elasticityCoef="1" ang="90,0,0" color="0,220,0" radius="0.5" length="4" />
		<capsule pos="3.450000000000003,8.25,-17.249999999999996" vel="0,0,0" mass="1" elasticityCoef="1" ang="90,0,0" color="0,220,0" radius="0.5" length="4" />
		<capsule pos="3.450000000000003,8.25,-14.949999999999996" vel="0,0,0" mass="1" elasticityCoef="1" ang="90,0,0" color="0,220,0" radius="0.5" length="4" />
		<capsule pos="3.450000000000003,8.25,-12.649999999999995" vel="0,0,0" mass="1" elasticityCoef="1" ang="90,0,0" color="0,220,0" radius="0.5" length="4" />
		<capsule pos="3.450000000000003,8.25,-10.349999999999994" vel="0,0,0" mass="1" elasticityCoef="1" ang="90,0,0" color="0,220,0" radius="0.5" length="4" />
		<capsule pos="3.450000000000003,8.25,-8.049999999999997" vel="0,0,0" mass="1" elasticityCoef="1" ang="90,0,0" color="0,220,0" radius="0.5" length="4" />
		<capsule pos="3.450000000000003,8.25,-5.7499999999999964" vel="0,0,0" mass="1" elasticityCoef="1" ang="90,0,0" color="0,220,0" radius="0.5" length="4" />
		<capsule pos="3.450000000000003,8.25,-3.4499999999999957" vel="0,0,0" mass="1" elasticityCoef="1" ang="90,0,0" color="0,220,0" radius="0.5" length="4" />
		<capsule pos="3.450000000000003,8.25,-1.1499999999999986" vel="0,0,0" mass="1" elasticityCoef="1" ang="90,0,0" color="0,220,0" radius="0.5" length="4" />
		<capsule pos="3.450000000000003,8.25,1.1500000000000057" vel="0,0,0" mass="1" elasticityCoef="1" ang="90,0,0" color="0,220,0" radius="0.5" length="4" />
		<capsule pos="3.450000000000003,8.25,3.450000000000003" vel="0,0,0" mass="1" elasticityCoef="1" ang="90,0,0" color="0,220,0" radius="0.5" length="4" />
		<capsule pos="3.450000000000003,8.25,5.75" vel="0,0,0" mass="1" elasticityCoef="1" ang="90,0,0" color="0,220,0" radius="0.5" length="4" />
		<capsule pos="3.450000000000003,8.25,8.050000000000004" vel="0,0,0" mass="1" elasticityCoef="1" ang="90,0,0" color="0,220,0" radius="0.5" length="4" />
		<capsule pos="3.450000000000003,8.25,10.350000000000001" vel="0,0,0" mass="1" elasticityCoef="1" ang="90,0,0" color="0,220,0" radius="0.5" length="4" />
		<capsule pos="3.450000000000003,8.25,12.650000000000006" vel="0,0,0" mass="1" elasticityCoef="1" ang="90,0,0" color="0,220,0" radius="0.5" length="4" />
		<capsule pos="3.450000000000003,8.25,14.950000000000003" vel="0,0,0" mass="1" elasticityCoef="1" ang="90,0,0" color="0,220,0" radius="0.5" length="4" />
		<capsule pos="3.450000000000003,8.25,17.25" vel="0,0,0" mass="1" elasticityCoef="1" ang="90,0,0" color="0,220,0" radius="0.5" length="4" />
		<capsule pos="3.450000000000003,8.25,19.550000000000004" vel="0,0,0" mass="1" elasticityCoef="1" ang="90,0,0" color="0,220,0" radius="0.5" length="4" />
		<capsule pos="3.450000000000003,8.25,21.85" vel="0,0,0" mass="1" elasticityCoef="1" ang="90,0,0" color="0,220,0" radius="0.5" length="4" />
		<capsule pos="3.450000000000003,8.25,24.15" vel="0,0,0" mass="1" elasticityCoef="1" ang="90,0,0" color="0,220,0" radius="0.5" length="4" />
		<capsule pos="3.450000000000003,8.25,26.450000000000003" vel="0,0,0" mass="1" elasticityCoef="1" ang="90,0,0" color="0,220,0" radius="0.5" length="4" />
		<capsule pos="3.450000000000003,8.25,28.75" vel="0,0,0" mass="1" elasticityCoef="1" ang="90,0,0" color="0,220,0" radius="0.5" length="4" />
		<capsule pos="3.450000000000003,8.25,31.049999999999997" vel="0,0,0" mass="1" elasticityCoef="1" ang="90,0,0" color="0,220,0" radius="0.5" length="4" />
		<capsule pos="3.450000000000003,13.75,-33.349999999999994" vel="0,0,0" mass="1" elasticityCoef="1" ang="90,0,0" color="0,220,0" radius="0.5" length="4" />
		<capsule pos="3.450000000000003,13.75,-31.049999999999994" vel="0,0,0" mass="1" elasticityCoef="1" ang="90,0,0" color="0,220,0" radius="0.5" length="4" />
		<capsule pos="3.450000000000003,13.75,-28.749999999999993" vel="0,0,0" mass="1" elasticityCoef="1" ang="90,0,0" color="0,220,0" radius="0.5" length="4" />
		<capsule pos="3.450000000000003,13.75,-26.449999999999996" vel="0,0,0" mass="1" elasticityCoef="1" ang="90,0,0" color="0,220,0" radius="0.5" length="4" />
		<capsule pos="3.450000000000003,13.75,-24.149999999999995" vel="0,0,0" mass="1" elasticityCoef="1" ang="90,0,0" color="0,220,0" radius="0.5" length="4" />
		<capsule pos="3.450000000000003,13.75,-21.849999999999994" vel="0,0,0" mass="1" elasticityCoef="1" ang="90,0,0" color="0,220,0" radius="0.5" length="4" />
		<capsule pos="3.450000000000003,13.75,-19.549999999999997" vel="0,0,0" mass="1" elasticityCoef="1" ang="90,0,0" color="0,220,0" radius="0.5" length="4" />
		<capsule pos="3.450000000000003,13.75,-17.249999999999996" vel="0,0,0" mass="1" elasticityCoef="1" ang="90,0,0" color="0,220,0" radius="0.5" length="4" />
		<capsule pos="3.450000000000003,13.75,-14.949999999999996" vel="0,0,0" mass="1" elasticityCoef="1" ang="90,0,0" color="0,220,0" radius="0.5" length="4" />
		<capsule pos="3.450000000000003,13.75,-12.649999999999995" vel="0,0,0" mass="1" elasticityCoef="1" ang="90,0,0" color="0,220,0" radius="0.5" length="4" />
		<capsule pos="3.450000000000003,13.75,-10.349999999999994" vel="0,0,0" mass="1" elasticityCoef="1" ang="90,0,0" color="0,220,0" radius="0.5" length="4" />
		<capsule pos="3.450000000000003,13.75,-8.049999999999997" vel="0,0,0" mass="1" elasticityCoef="1" ang="90,0,0" color="0,220,0" radius="0.5" length="4" />
		<capsule pos="3.450000000000003,13.75,-5.7499999999999964" vel="0,0,0" mass="1" elasticityCoef="1" ang="90,0,0" color="0,220,0" radius="0.5" length="4" />
		<capsule pos="3.450000000000003,13.75,-3.4499999999999957" vel="0,0,0" mass="1" elasticityCoef="1" ang="90,0,0" color="0,220,0" radius="0.5" length="4" />
		<capsule pos="3.450000000000003,13.75,-1.1499999999999986" vel="0,0,0" mass="1" elasticityCoef="1" ang="90,0,0" color="0,220,0" radius="0.5" length="4" />
		<capsule pos="3.450000000000003,13.75,1.1500000000000057" vel="0,0,0" mass="1" elasticityCoef="1" ang="90,0,0" color="0,220,0" radius="0.5" length="4" />
		<capsule pos="3.450000000000003,13.75,3.450000000000003" vel="0,0,0" mass="1" elasticityCoef="1" ang="90,0,0" color="0,220,0" radius="0.5" length="4" />
		<capsule pos="3.450000000000003,13.75,5.75" vel="0,0,0" mass="1" elasticityCoef="1" ang="90,0,0" color="0,220,0" radius="0.5" length="4" />
		<capsule pos="3.450000000000003,13.75,8.050000000000004" vel="0,0,0" mass="1" elasticityCoef="1" ang="90,0,0" color="0,220,0" radius="0.5" length="4" />
		<capsule pos="3.450000000000003,13.75,10.350000000000001" vel="0,0,0" mass="1" elasticityCoef="1" ang="90,0,0" color="0,220,0" radius="0.5" length="4" />
		<capsule pos="3.450000000000003,13.75,12.650000000000006" vel="0,0,0" mass="1" elasticityCoef="1" ang="90,0,0" color="0,220,0" radius="0.5" length="4" />
		<capsule pos="3.450000000000003,13.75,14.950000000000003" vel="0,0,0" mass="1" elasticityCoef="1" ang="90,0,0" color="0,220,0" radius="0.5" length="4" />
		<capsule pos="3.450000000000003,13.75,17.25" vel="0,0,0" mass="1" elasticityCoef="1" ang="90,0,0" color="0,220,0" radius="0.5" length="4" />
		<capsule pos="3.450000000000003,13.75,19.550000000000004" vel="0,0,0" mass="1" elasticityCoef="1" ang="90,0,0" color="0,220,0" radius="0.5" length="4" />
		<capsule pos="3.450000000000003,13.75,21.85" vel="0,0,0" mass="1" elasticityCoef="1" ang="90,0,0" color="0,220,0" radius="0.5" length="4" />
		<capsule pos="3.450000000000003,13.75,24.15" vel="0,0,0" mass="1" elasticityCoef="1" ang="90,0,0" color="0,220,0" radius="0.5" length="4" />
		<capsule pos="3.450000000000003,13.75,26.450000000000003" vel="0,0,0" mass="1" elasticityCoef="1" ang="90,0,0" color="0,220,0" radius="0.5" length="4" />
		<capsule pos="3.450000000000003,13.75,28.75" vel="0,0,0" mass="1" elasticityCoef="1" ang="90,0,0" color="0,220,0" radius="0.5" length="4" />
		<capsule pos="3.450000000000003,13.75,31.049999999999997" vel="0,0,0" mass="1" elasticityCoef="1" ang="90,0,0" color="0,220,0" radius="0.5" length="4" />
		<capsule pos="3.450000000000003,19.25,-33.349999999999994" vel="0,0,0" mass="1" elasticityCoef="1" ang="90,0,0" color="0,220,0" radius="0.5" length="4" />
		<capsule pos="3.450000000000003,19.25,-31.049999999999994" vel="0,0,0" mass="1" elasticityCoef="1" ang="90,0,0" color="0,220,0" radius="0.5" length="4" />
		<capsule pos="3.450000000000003,19.25,-28.749999999999993" vel="0,0,0" mass="1" elasticityCoef="1" ang="90,0,0" color="0,220,0" radius="0.5" length="4" />
		<capsule pos="3.450000000000003,19.25,-26.449999999999996" vel="0,0,0" mass="1" elasticityCoef="1" ang="90,0,0" color="0,220,0" radius="0.5" length="4" />
		<capsule pos="3.450000000000003,19.25,-24.149999999999995" vel="0,0,0" mass="1" elasticityCoef="1" ang="90,0,0" color="0,220,0" radius="0.5" length="4" />
		<capsule pos="3.450000000000003,19.25,-21.849999999999994" vel="0,0,0" mass="1" elasticityCoef="1" ang="90,0,0" color="0,220,0" radius="0.5" length="4" />
		<capsule pos="3.450000000000003,19.25,-19.549999999999997" vel="0,0,0" mass="1" elasticityCoef="1" ang="90,0,0" color="0,220,0" radius="0.5" length="4" />
		<capsule pos="3.450000000000003,19.25,-17.249999999999996" vel="0,0,0" mass="1" elasticityCoef="1" ang="90,0,0" color="0,220,0" radius="0.5" length="4" />
		<capsule pos="3.450000000000003,19.25,-14.949999999999996" vel="0,0,0" mass="1" elasticityCoef="1" ang="90,0,0" color="0,220,0" radius="0.5" length="4" />
		<capsule pos="3.450000000000003,19.25,-12.649999999999995" vel="0,0,0" mass="1" elasticityCoef="1" ang="90,0,0" color="0,220,0" radius="0.5" length="4" />
		<capsule pos="3.450000000000003,19.25,-10.349999999999994" vel="0,0,0" mass="1" elasticityCoef="1" ang="90,0,0" color="0,220,0" radius="0.5" length="4" />
		<capsule pos="3.450000000000003,19.25,-8.049999999999997" vel="0,0,0" mass="1" elasticityCoef="1" ang="90,0,0" color="0,220,0" radius="0.5" length="4" />
		<capsule pos="3.450000000000003,19.25,-5.7499999999999964" vel="0,0,0" mass="1" elasticityCoef="1" ang="90,0,0" color="0,220,0" radius="0.5" length="4" />
		<capsule pos="3.450000000000003,19.25,-3.4499999999999957" vel="0,0,0" mass="1" elasticityCoef="1" ang="90,0,0" color="0,220,0" radius="0.5" length="4" />
		<capsule pos="3.450000000000003,19.25,-1.1499999999999986" vel="0,0,0" mass="1" elasticityCoef="1" ang="90,0,0" color="0,220,0" radius="0.5" length="4" />
		<capsule pos="3.450000000000003,19.25,1.1500000000000057" vel="0,0,0" mass="1" elasticityCoef="1" ang="90,0,0" color="0,220,0" radius="0.5" length="4" />
		<capsule pos="3.450000000000003,19.25,3.450000000000003" vel="0,0,0" mass="1" elasticityCoef="1" ang="90,0,0" color="0,220,0" radius="0.5" length="4" />
		<capsule pos="3.450000000000003,19.25,5.75" vel="0,0,0" mass="1" elasticityCoef="1" ang="90,0,0" color="0,220,0" radius="0.5" length="4" />
		<capsule pos="3.450000000000003,19.25,8.050000000000004" vel="0,0,0" mass="1" elasticityCoef="1" ang="90,0,0" color="0,220,0" radius="0.5" length="4" />
		<capsule pos="3.450000000000003,19.25,10.350000000000001" vel="0,0,0" mass="1" elasticityCoef="1" ang="90,0,0" color="0,220,0" radius="0.5" length="4" />
		<capsule pos="3.450000000000003,19.25,12.650000000000006" vel="0,0,0" mass="1" elasticityCoef="1" ang="90,0,0" color="0,220,0" radius="0.5" length="4" />
		<capsule pos="3.450000000000003,19.25,14.950000000000003" vel="0,0,0" mass="1" elasticityCoef="1" ang="90,0,0" color="0,220,0" radius="0.5" length="4" />
		<capsule pos="3.450000000000003,19.25,17.25" vel="0,0,0" mass="1" elasticityCoef="1" ang="90,0,0" color="0,220,0" radius="0.5" length="4" />
		<capsule pos="3.450000000000003,19.25,19.550000000000004" vel="0,0,0" mass="1" elasticityCoef="1" ang="90,0,0" color="0,220,0" radius="0.5" length="4" />
		<capsule pos="3.450000000000003,19.25,21.85" vel="0,0,0" mass="1" elasticityCoef="1" ang="90,0,0" color="0,220,0" radius="0.5" length="4" />
		<capsule pos="3.450000000000003,19.25,24.15" vel="0,0,0" mass="1" elasticityCoef="1" ang="90,0,0" color="0,220,0" radius="0.5" length="4" />
		<capsule pos="3.450000000000003,19.25,26.450000000000003" vel="0,0,0" mass="1" elasticityCoef="1" ang="90,0,0" color="0,220,0" radius="0.5" length="4" />
		<capsule pos="3.450000000000003,19.25,28.75" vel="0,0,0" mass="1" elasticityCoef="1" ang="90,0,0" color="0,220,0" radius="0.5" length="4" />
		<capsule pos="3.450000000000003,19.25,31.049999999999997" vel="0,0,0" mass="1" elasticityCoef="1" ang="90,0,0" color="0,220,0" radius="0.5" length="4" />
		<capsule pos="3.450000000000003,24.75,-33.349999999999994" vel="0,0,0" mass="1" elasticityCoef="1" ang="90,0,0" color="0,220,0" radius="0.5" length="4" />
		<capsule pos="3.450000000000003,24.75,-31.049999999999994" vel="0,0,0" mass="1" elasticityCoef="1" ang="90,0,0" color="0,220,0" radius="0.5" length="4" />
		<capsule pos="3.450000000000003,24.75,-28.749999999999993" vel="0,0,0" mass="1" elasticityCoef="1" ang="90,0,0" color="0,220,0" radius="0.5" length="4" />
		<capsule pos="3.450000000000003,24.75,-26.449999999999996" vel="0,0,0" mass="1" elasticityCoef="1" ang="90,0,0" color="0,220,0" radius="0.5" length="4" />
		<capsule pos="3.450000000000003,24.75,-24.149999999999995" vel="0,0,0" mass="1" elasticityCoef="1" ang="90,0,0" color="0,220,0" radius="0.5" length="4" />
		<capsule pos="3.450000000000003,24.75,-21.849999999999994" vel="0,0,0" mass="1" elasticityCoef="1" ang="90,0,0" color="0,220,0" radius="0.5" length="4" />
		<capsule pos="3.450000000000003,24.75,-19.549999999999997" vel="0,0,0" mass="1" elasticityCoef="1" ang="90,0,0" color="0,220,0" radius="0.5" length="4" />
		<capsule pos="3.450000000000003,24.75,-17.249999999999996" vel="0,0,0" mass="1" elasticityCoef="1" ang="90,0,0" color="0,220,0" radius="0.5" length="4" />
		<capsule pos="3.450000000000003,24.75,-14.949999999999996" vel="0,0,0" mass="1" elasticityCoef="1" ang="90,0,0" color="0,220,0" radius="0.5" length="4" />
		<capsule pos="3.450000000000003,24.75,-12.649999999999995" vel="0,0,0" mass="1" elasticityCoef="1" ang="90,0,0" color="0,220,0" radius="0.5" length="4" />
		<capsule pos="3.450000000000003,24.75,-10.349999999999994" vel="0,0,0" mass="1" elasticityCoef="1" ang="90,0,0" color="0,220,0" radius="0.5" length="4" />
		<capsule pos="3.450000000000003,24.75,-8.049999999999997" vel="0,0,0" mass="1" elasticityCoef="1" ang="90,0,0" color="0,220,0" radius="0.5" length="4" />
		<capsule pos="3.450000000000003,24.75,-5.7499999999999964" vel="0,0,0" mass="1" elasticityCoef="1" ang="90,0,0" color="0,220,0" radius="0.5" length="4" />
		<capsule pos="3.450000000000003,24.75,-3.4499999999999957" vel="0,0,0" mass="1" elasticityCoef="1" ang="90,0,0" color="0,220,0" radius="0.5" length="4" />
		<capsule pos="3.450000000000003,24.75,-1.1499999999999986" vel="0,0,0" mass="1" elasticityCoef="1" ang="90,0,0" color="0,220,0" radius="0.5" length="4" />
		<capsule pos="3.450000000000003,24.75,1.1500000000000057" vel="0,0,0" mass="1" elasticityCoef="1" ang="90,0,0" color="0,220,0" radius="0.5" length="4" />
		<capsule pos="3.450000000000003,24.75,3.450000000000003" vel="0,0,0" mass="1" elasticityCoef="1" ang="90,0,0" color="0,220,0" radius="0.5" length="4" />
		<capsule pos="3.450000000000003,24.75,5.75" vel="0,0,0" mass="1" elasticityCoef="1" ang="90,0,0" color="0,220,0" radius="0.5" length="4" />
		<capsule pos="3.450000000000003,24.75,8.050000000000004" vel="0,0,0" mass="1" elasticityCoef="1" ang="90,0,0" color="0,220,0" radius="0.5" length="4" />
		<capsule pos="3.450000000000003,24.75,10.350000000000001" vel="0,0,0" mass="1" elasticityCoef="1" ang="90,0,0" color="0,220,0" radius="0.5" length="4" />
		<capsule pos="3.450000000000003,24.75,12.650000000000006" vel="0,0,0" mass="1" elasticityCoef="1" ang="90,0,0" color="0,220,0" radius="0.5" length="4" />
		<capsule pos="3.450000000000003,24.75,14.950000000000003" vel="0,0,0" mass="1" elasticityCoef="1" ang="90,0,0" color="0,220,0" radius="0.5" length="4" />
		<capsule pos="3.450000000000003,24.75,17.25" vel="0,0,0" mass="1" elasticityCoef="1" ang="90,0,0" color="0,220,0" radius="0.5" length="4" />
		<capsule pos="3.450000000000003,24.75,19.550000000000004" vel="0,0,0" mass="1" elasticityCoef="1" ang="90,0,0" color="0,220,0" radius="0.5" length="4" />
		<capsule pos="3.450000000000003,24.75,21.85" vel="0,0,0" mass="1" elasticityCoef="1" ang="90,0,0" color="0,220,0" radius="0.5" length="4" />
		<capsule pos="3.450000000000003,24.75,24.15" vel="0,0,0" mass="1" elasticityCoef="1" ang="90,0,0" color="0,220,0" radius="0.5" length="4" />
		<capsule pos="3.450000000000003,24.75,26.450000000000003" vel="0,0,0" mass="1" elasticityCoef="1" ang="90,0,0" color="0,220,0" radius="0.5" length="4" />
		<capsule pos="3.450000000000003,24.75,28.75" vel="0,0,0" mass="1" elasticityCoef="1" ang="90,0,0" color="0,220,0" radius="0.5" length="4" />
		<capsule pos="3.450000000000003,24.75,31.049999999999997" vel="0,0,0" mass="1" elasticityCoef="1" ang="90,0,0" color="0,220,0" radius="0.5" length="4" />
		<capsule pos="3.450000000000003,30.25,-33.349999999999994" vel="0,0,0" mass="1" elasticityCoef="1" ang="90,0,0" color="0,220,0" radius="0.5" length="4" />
		<capsule pos="3.450000000000003,30.25,-31.049999999999994" vel="0,0,0" mass="1" elasticityCoef="1" ang="90,0,0" color="0,220,0" radius="0.5" length="4" />
		<capsule pos="3.450000000000003,30.25,-28.749999999999993" vel="0,0,0" mass="1" elasticityCoef="1" ang="90,0,0" color="0,220,0" radius="0.5" length="4" />
		<capsule pos="3.450000000000003,30.25,-26.449999999999996" vel="0,0,0" mass="1" elasticityCoef="1" ang="90,0,0" color="0,220,0" radius="0.5" length="4" />
		<capsule pos="3.450000000000003,30.25,-24.149999999999995" vel="0,0,0" mass="1" elasticityCoef="1" ang="90,0,0" color="0,220,0" radius="0.5" length="4" />
		<capsule pos="3.450000000000003,30.25,-21.849999999999994" vel="0,0,0" mass="1" elasticityCoef="1" ang="90,0,0" color="0,220,0" radius="0.5" length="4" />
		<capsule pos="3.450000000000003,30.25,-19.549999999999997" vel="0,0,0" mass="1" elasticityCoef="1" ang="90,0,0" color="0,220,0" radius="0.5" length="4" />
		<capsule pos="3.450000000000003,30.25,-17.249999999999996" vel="0,0,0" mass="1" elasticityCoef="1" ang="90,0,0" color="0,220,0" radius="0.5" length="4" />
		<capsule pos="3.450000000000003,30.25,-14.949999999999996" vel="0,0,0" mass="1" elasticityCoef="1" ang="90,0,0" color="0,220,0" radius="0.5" length="4" />
		<capsule pos="3.450000000000003,30.25,-12.649999999999995" vel="0,0,0" mass="1" elasticityCoef="1" ang="90,0,0" color="0,220,0" radius="0.5" length="4" />
		<capsule pos="3.450000000000003,30.25,-10.349999999999994" vel="0,0,0" mass="1" elasticityCoef="1" ang="90,0,0" color="0,220,0" radius="0.5" length="4" />
		<capsule pos="3.450000000000003,30.25,-8.049999999999997" vel="0,0,0" mass="1" elasticityCoef="1" ang="90,0,0" color="0,220,0" radius="0.5" length="4" />
		<capsule pos="3.450000000000003,30.25,-5.7499999999999964" vel="0,0,0" mass="1" elasticityCoef="1" ang="90,0,0" color="0,220,0" radius="0.5" length="4" />
		<capsule pos="3.450000000000003,30.25,-3.4499999999999957" vel="0,0,0" mass="1" elasticityCoef="1" ang="90,0,0" color="0,220,0" radius="0.5" length="4" />
		<capsule pos="3.450000000000003,30.25,-1.1499999999999986" vel="0,0,0" mass="1" elasticityCoef="1" ang="90,0,0" color="0,220,0" radius="0.5" length="4" />
		<capsule pos="3.450000000000003,30.25,1.1500000000000057" vel="0,0,0" mass="1" elasticityCoef="1" ang="90,0,0" color="0,220,0" radius="0.5" length="4" />
		<capsule pos="3.450000000000003,30.25,3.450000000000003" vel="0,0,0" mass="1" elasticityCoef="1" ang="90,0,0" color="0,220,0" radius="0.5" length="4" />
		<capsule pos="3.450000000000003,30.25,5.75" vel="0,0,0" mass="1" elasticityCoef="1" ang="90,0,0" color="0,220,0" radius="0.5" length="4" />
		<capsule pos="3.450000000000003,30.25,8.050000000000004" vel="0,0,0" mass="1" elasticityCoef="1" ang="90,0,0" color="0,220,0" radius="0.5" length="4" />
		<capsule pos="3.450000000000003,30.25,10.350000000000001" vel="0,0,0" mass="1" elasticityCoef="1" ang="90,0,0" color="0,220,0" radius="0.5" length="4" />
		<capsule pos="3.450000000000003,30.25,12.650000000000006" vel="0,0,0" mass="1" elasticityCoef="1" ang="90,0,0" color="0,220,0" radius="0.5" length="4" />
		<capsule pos="3.450000000000003,30.25,14.950000000000003" vel="0,0,0" mass="1" elasticityCoef="1" ang="90,0,0" color="0,220,0" radius="0.5" length="4" />
		<capsule pos="3.450000000000003,30.25,17.25" vel="0,0,0" mass="1" elasticityCoef="1" ang="90,0,0" color="0,220,0" radius="0.5" length="4" />
		<capsule pos="3.450000000000003,30.25,19.550000000000004" vel="0,0,0" mass="1" elasticityCoef="1" ang="90,0,0" color="0,220,0" radius="0.5" length="4" />
		<capsule pos="3.450000000000003,30.25,21.85" vel="0,0,0" mass="1" elasticityCoef="1" ang="90,0,0" color="0,220,0" radius="0.5" length="4" />
		<capsule pos="3.450000000000003,30.25,24.15" vel="0,0,0" mass="1" elasticityCoef="1" ang="90,0,0" color="0,220,0" radius="0.5" length="4" />
		<capsule pos="3.450000000000003,30.25,26.450000000000003" vel="0,0,0" mass="1" elasticityCoef="1" ang="90,0,0" color="0,220,0" radius="0.5" length="4" />
		<capsule pos="3.450000000000003,30.25,28.75" vel="0,0,0" mass="1" elasticityCoef="1" ang="90,0,0" color="0,220,0" radius="0.5" length="4" />
		<capsule pos="3.450000000000003,30.25,31.049999999999997" vel="0,0,0" mass="1" elasticityCoef="1" ang="90,0,0" color="0,220,0" radius="0.5" length="4" />
		<capsule pos="3.450000000000003,35.75,-33.349999999999994" vel="0,0,0" mass="1" elasticityCoef="1" ang="90,0,0" color="0,220,0" radius="0.5" length="4" />
		<capsule pos="3.450000000000003,35.75,-31.049999999999994" vel="0,0,0" mass="1" elasticityCoef="1" ang="90,0,0" color="0,220,0" radius="0.5" length="4" />
		<capsule pos="3.450000000000003,35.75,-28.749999999999993" vel="0,0,0" mass="1" elasticityCoef="1" ang="90,0,0" color="0,220,0" radius="0.5" length="4" />
		<capsule pos="3.450000000000003,35.75,-26.449999999999996" vel="0,0,0" mass="1" elasticityCoef="1" ang="90,0,0" color="0,220,0" radius="0.5" length="4" />
		<capsule pos="3.450000000000003,35.75,-24.149999999999995" vel="0,0,0" mass="1" elasticityCoef="1" ang="90,0,0" color="0,220,0" radius="0.5" length="4" />
		<capsule pos="3.450000000000003,35.75,-21.849999999999994" vel="0,0,0" mass="1" elasticityCoef="1" ang="90,0,0" color="0,220,0" radius="0.5" length="4" />
		<capsule pos="3.450000000000003,35.75,-19.549999999999997" vel="0,0,0" mass="1" elasticityCoef="1" ang="90,0,0" color="0,220,0" radius="0.5" length="4" />
		<capsule pos="3.450000000000003,35.75,-17.249999999999996" vel="0,0,0" mass="1" elasticityCoef="1" ang="90,0,0" color="0,220,0" radius="0.5" length="4" />
		<capsule pos="3.450000000000003,35.75,-14.949999999999996" vel="0,0,0" mass="1" elasticityCoef="1" ang="90,0,0" color="0,220,0" radius="0.5" length="4" />
		<capsule pos="3.450000000000003,35.75,-12.649999999999995" vel="0,0,0" mass="1" elasticityCoef="1" ang="90,0,0" color="0,220,0" radius="0.5" length="4" />
		<capsule pos="3.450000000000003,35.75,-10.349999999999994" vel="0,0,0" mass="1" elasticityCoef="1" ang="90,0,0" color="0,220,0" radius="0.5" length="4" />
		<capsule pos="3.450000000000003,35.75,-8.049999999999997" vel="0,0,0" mass="1" elasticityCoef="1" ang="90,0,0" color="0,220,0" radius="0.5" length="4" />
		<capsule pos="3.450000000000003,35.75,-5.7499999999999964" vel="0,0,0" mass="1" elasticityCoef="1" ang="90,0,0" color="0,220,0" radius="0.5" length="4" />
		<capsule pos="3.450000000000003,35.75,-3.4499999999999957" vel="0,0,0" mass="1" elasticityCoef="1" ang="90,0,0" color="0,220,0" radius="0.5" length="4" />
		<capsule pos="3.450000000000003,35.75,-1.1499999999999986" vel="0,0,0" mass="1" elasticityCoef="1" ang="90,0,0" color="0,220,0" radius="0.5" length="4" />
		<capsule pos="3.450000000000003,35.75,1.1500000000000057" vel="0,0,0" mass="1" elasticityCoef="1" ang="90,0,0" color="0,220,0" radius="0.5" length="4" />
		<capsule pos="3.450000000000003,35.75,3.450000000000003" vel="0,0,0" mass="1" elasticityCoef="1" ang="90,0,0" color="0,220,0" radius="0.5" length="4" />
		<capsule pos="3.450000000000003,35.75,5.75" vel="0,0,0" mass="1" elasticityCoef="1" ang="90,0,0" color="0,220,0" radius="0.5" length="4" />
		<capsule pos="3.450000000000003,35.75,8.050000000000004" vel="0,0,0" mass="1" elasticityCoef="1" ang="90,0,0" color="0,220,0" radius="0.5" length="4" />
		<capsule pos="3.450000000000003,35.75,10.350000000000001" vel="0,0,0" mass="1" elasticityCoef="1" ang="90,0,0" color="0,220,0" radius="0.5" length="4" />
		<capsule pos="3.450000000000003,35.75,12.650000000000006" vel="0,0,0" mass="1" elasticityCoef="1" ang="90,0,0" color="0,220,0" radius="0.5" length="4" />
		<capsule pos="3.450000000000003,35.75,14.950000000000003" vel="0,0,0" mass="1" elasticityCoef="1" ang="90,0,0" color="0,220,0" radius="0.5" length="4" />
		<capsule pos="3.450000000000003,35.75,17.25" vel="0,0,0" mass="1" elasticityCoef="1" ang="90,0,0" color="0,220,0" radius="0.5" length="4" />
		<capsule pos="3.450000000000003,35.75,19.550000000000004" vel="0,0,0" mass="1" elasticityCoef="1" ang="90,0,0" color="0,220,0" radius="0.5" length="4" />
		<capsule pos="3.450000000000003,35.75,21.85" vel="0,0,0" mass="1" elasticityCoef="1" ang="90,0,0" color="0,220,0" radius="0.5" length="4" />
		<capsule pos="3.450000000000003,35.75,24.15" vel="0,0,0" mass="1" elasticityCoef="1" ang="90,0,0" color="0,220,0" radius="0.5" length="4" />
		<capsule pos="3.450000000000003,35.75,26.450000000000003" vel="0,0,0" mass="1" elasticityCoef="1" ang="90,0,0" color="0,220,0" radius="0.5" length="4" />
		<capsule pos="3.450000000000003,35.75,28.75" vel="0,0,0" mass="1" elasticityCoef="1" ang="90,0,0" color="0,220,0" radius="0.5" length="4" />
		<capsule pos="3.450000000000003,35.75,31.049999999999997" vel="0,0,0" mass="1" elasticityCoef="1" ang="90,0,0" color="0,220,0" radius="0.5" length="4" />
		<capsule pos="5.75,-41.25,-33.349999999999994" vel="0,0,0" mass="1" elasticityCoef="1" ang="90,0,0" color="0,220,0" radius="0.5" length="4" />
		<capsule pos="5.75,-41.25,-31.049999999999994" vel="0,0,0" mass="1" elasticityCoef="1" ang="90,0,0" color="0,220,0" radius="0.5" length="4" />
		<capsule pos="5.75,-41.25,-28.749999999999993" vel="0,0,0" mass="1" elasticityCoef="1" ang="90,0,0" color="0,220,0" radius="0.5" length="4" />
		<capsule pos="5.75,-41.25,-26.449999999999996" vel="0,0,0" mass="1" elasticityCoef="1" ang="90,0,0" color="0,220,0" radius="0.5" length="4" />
		<capsule pos="5.75,-41.25,-24.149999999999995" vel="0,0,0" mass="1" elasticityCoef="1" ang="90,0,0" color="0,220,0" radius="0.5" length="4" />
		<capsule pos="5.75,-41.25,-21.849999999999994" vel="0,0,0" mass="1" elasticityCoef="1" ang="90,0,0" color="0,220,0" radius="0.5" length="4" />
		<capsule pos="5.75,-41.25,-19.549999999999997" vel="0,0,0" mass="1" elasticityCoef="1" ang="90,0,0" color="0,220,0" radius="0.5" length="4" />
		<capsule pos="5.75,-41.25,-17.249999999999996" vel="0,0,0" mass="1" elasticityCoef="1" ang="90,0,0" color="0,220,0" radius="0.5" length="4" />
		<capsule pos="5.75,-41.25,-14.949999999999996" vel="0,0,0" mass="1" elasticityCoef="1" ang="90,0,0" color="0,220,0" radius="0.5" length="4" />
		<capsule pos="5.75,-41.25,-12.649999999999995" vel="0,0,0" mass="1" elasticityCoef="1" ang="90,0,0" color="0,220,0" radius="0.5" length="4" />
		<capsule pos="5.75,-41.25,-10.349999999999994" vel="0,0,0" mass="1" elasticityCoef="1" ang="90,0,0" color="0,220,0" radius="0.5" length="4" />
		<capsule pos="5.75,-41.25,-8.049999999999997" vel="0,0,0" mass="1" elasticityCoef="1" ang="90,0,0" color="0,220,0" radius="0.5" length="4" />
		<capsule pos="5.75,-41.25,-5.7499999999999964" vel="0,0,0" mass="1" elasticityCoef="1" ang="90,0,0" color="0,220,0" radius="0.5" length="4" />
		<capsule pos="5.75,-41.25,-3.4499999999999957" vel="0,0,0" mass="1" elasticityCoef="1" ang="90,0,0" color="0,220,0" radius="0.5" length="4" />
		<capsule pos="5.75,-41.25,-1.1499999999999986" vel="0,0,0" mass="1" elasticityCoef="1" ang="90,0,0" color="0,220,0" radius="0.5" length="4" />
		<capsule pos="5.75,-41.25,1.1500000000000057" vel="0,0,0" mass="1" elasticityCoef="1" ang="90,0,0" color="0,220,0" radius="0.5" length="4" />
		<capsule pos="5.75,-41.25,3.450000000000003" vel="0,0,0" mass="1" elasticityCoef="1" ang="90,0,0" color="0,220,0" radius="0.5" length="4" />
		<capsule pos="5.75,-41.25,5.75" vel="0,0,0" mass="1" elasticityCoef="1" ang="90,0,0" color="0,220,0" radius="0.5" length="4" />
		<capsule pos="5.75,-41.25,8.050000000000004" vel="0,0,0" mass="1" elasticityCoef="1" ang="90,0,0" color="0,220,0" radius="0.5" length="4" />
		<capsule pos="5.75,-41.25,10.350000000000001" vel="0,0,0" mass="1" elasticityCoef="1" ang="90,0,0" color="0,220,0" radius="0.5" length="4" />
		<capsule pos="5.75,-41.25,12.650000000000006" vel="0,0,0" mass="1" elasticityCoef="1" ang="90,0,0" color="0,220,0" radius="0.5" length="4" />
		<capsule pos="5.75,-41.25,14.950000000000003" vel="0,0,0" mass="1" elasticityCoef="1" ang="90,0,0" color="0,220,0" radius="0.5" length="4" />
		<capsule pos="5.75,-41.25,17.25" vel="0,0,0" mass="1" elasticityCoef="1" ang="90,0,0" color="0,220,0" radius="0.5" length="4" />
		<capsule pos="5.75,-41.25,19.550000000000004" vel="0,0,0" mass="1" elasticityCoef="1" ang="90,0,0" color="0,220,0" radius="0.5" length="4" />
		<capsule pos="5.75,-41.25,21.85" vel="0,0,0" mass="1" elasticityCoef="1" ang="90,0,0" color="0,220,0" radius="0.5" length="4" />
		<capsule pos="5.75,-41.25,24.15" vel="0,0,0" mass="1" elasticityCoef="1" ang="90,0,0" color="0,220,0" radius="0.5" length="4" />
		<capsule pos="5.75,-41.25,26.450000000000003" vel="0,0,0" mass="1" elasticityCoef="1" ang="90,0,0" color="0,220,0" radius="0.5" length="4" />
		<capsule pos="5.75,-41.25,28.75" vel="0,0,0" mass="1" elasticityCoef="1" ang="90,0,0" color="0,220,0" radius="0.5" length="4" />
		<capsule pos="5.75,-41.25,31.049999999999997" vel="0,0,0" mass="1" elasticityCoef="1" ang="90,0,0" color="0,220,0" radius="0.5" length="4" />
		<capsule pos="5.75,-35.75,-33.349999999999994" vel="0,0,0" mass="1" elasticityCoef="1" ang="90,0,0" color="0,220,0" radius="0.5" length="4" />
		<capsule pos="5.75,-35.75,-31.049999999999994" vel="0,0,0" mass="1" elasticityCoef="1" ang="90,0,0" color="0,220,0" radius="0.5" length="4" />
		<capsule pos="5.75,-35.75,-28.749999999999993" vel="0,0,0" mass="1" elasticityCoef="1" ang="90,0,0" color="0,220,0" radius="0.5" length="4" />
		<capsule pos="5.75,-35.75,-26.449999999999996" vel="0,0,0" mass="1" elasticityCoef="1" ang="90,0,0" color="0,220,0" radius="0.5" length="4" />
		<capsule pos="5.75,-35.75,-24.149999999999995" vel="0,0,0" mass="1" elasticityCoef="1" ang="90,0,0" color="0,220,0" radius="0.5" length="4" />
		<capsule pos="5.75,-35.75,-21.849999999999994" vel="0,0,0" mass="1" elasticityCoef="1" ang="90,0,0" color="0,220,0" radius="0.5" length="4" />
		<capsule pos="5.75,-35.75,-19.549999999999997" vel="0,0,0" mass="1" elasticityCoef="1" ang="90,0,0" color="0,220,0" radius="0.5" length="4" />
		<capsule pos="5.75,-35.75,-17.249999999999996" vel="0,0,0" mass="1" elasticityCoef="1" ang="90,0,0" color="0,220,0" radius="0.5" length="4" />
		<capsule pos="5.75,-35.75,-14.949999999999996" vel="0,0,0" mass="1" elasticityCoef="1" ang="90,0,0" color="0,220,0" radius="0.5" length="4" />
		<capsule pos="5.75,-35.75,-12.649999999999995" vel="0,0,0" mass="1" elasticityCoef="1" ang="90,0,0" color="0,220,0" radius="0.5" length="4" />
		<capsule pos="5.75,-35.75,-10.349999999999994" vel="0,0,0" mass="1" elasticityCoef="1" ang="90,0,0" color="0,220,0" radius="0.5" length="4" />
		<capsule pos="5.75,-35.75,-8.049999999999997" vel="0,0,0" mass="1" elasticityCoef="1" ang="90,0,0" color="0,220,0" radius="0.5" length="4" />
		<capsule pos="5.75,-35.75,-5.7499999999999964" vel="0,0,0" mass="1" elasticityCoef="1" ang="90,0,0" color="0,220,0" radius="0.5" length="4" />
		<capsule pos="5.75,-35.75,-3.4499999999999957" vel="0,0,0" mass="1" elasticityCoef="1" ang="90,0,0" color="0,220,0" radius="0.5" length="4" />
		<capsule pos="5.75,-35.75,-1.1499999999999986" vel="0,0,0" mass="1" elasticityCoef="1" ang="90,0,0" color="0,220,0" radius="0.5" length="4" />
		<capsule pos="5.75,-35.75,1.1500000000000057" vel="0,0,0" mass="1" elasticityCoef="1" ang="90,0,0" color="0,220,0" radius="0.5" length="4" />
		<capsule pos="5.75,-35.75,3.450000000000003" vel="0,0,0" mass="1" elasticityCoef="1" ang="90,0,0" color="0,220,0" radius="0.5" length="4" />
		<capsule pos="5.75,-35.75,5.75" vel="0,0,0" mass="1" elasticityCoef="1" ang="90,0,0" color="0,220,0" radius="0.5" length="4" />
		<capsule pos="5.75,-35.75,8.050000000000004" vel="0,0,0" mass="1" elasticityCoef="1" ang="90,0,0" color="0,220,0" radius="0.5" length="4" />
		<capsule pos="5.75,-35.75,10.350000000000001" vel="0,0,0" mass="1" elasticityCoef="1" ang="90,0,0" color="0,220,0" radius="0.5" length="4" />
		<capsule pos="5.75,-35.75,12.650000000000006" vel="0,0,0" mass="1" elasticityCoef="1" ang="90,0,0" color="0,220,0" radius="0.5" length="4" />
		<capsule pos="5.75,-35.75,14.950000000000003" vel="0,0,0" mass="1" elasticityCoef="1" ang="90,0,0" color="0,220,0" radius="0.5" length="4" />
		<capsule pos="5.75,-35.75,17.25" vel="0,0,0" mass="1" elasticityCoef="1" ang="90,0,0" color="0,220,0" radius="0.5" length="4" />
		<capsule pos="5.75,-35.75,19.550000000000004" vel="0,0,0" mass="1" elasticityCoef="1" ang="90,0,0" color="0,220,0" radius="0.5" length="4" />
		<capsule pos="5.75,-35.75,21.85" vel="0,0,0" mass="1" elasticityCoef="1" ang="90,0,0" color="0,220,0" radius="0.5" length="4" />
		<capsule pos="5.75,-35.75,24.15" vel="0,0,0" mass="1" elasticityCoef="1" ang="90,0,0" color="0,220,0" radius="0.5" length="4" />
		<capsule pos="5.75,-35.75,26.450000000000003" vel="0,0,0" mass="1" elasticityCoef="1" ang="90,0,0" color="0,220,0" radius="0.5" length="4" />
		<capsule pos="5.75,-35.75,28.75" vel="0,0,0" mass="1" elasticityCoef="1" ang="90,0,0" color="0,220,0" radius="0.5" length="4" />
		<capsule pos="5.75,-35.75,31.049999999999997" vel="0,0,0" mass="1" elasticityCoef="1" ang="90,0,0" color="0,220,0" radius="0.5" length="4" />
		<capsule pos="5.75,-30.25,-33.349999999999994" vel="0,0,0" mass="1" elasticityCoef="1" ang="90,0,0" color="0,220,0" radius="0.5" length="4" />
		<capsule pos="5.75,-30.25,-31.049999999999994" vel="0,0,0" mass="1" elasticityCoef="1" ang="90,0,0" color="0,220,0" radius="0.5" length="4" />
		<capsule pos="5.75,-30.25,-28.749999999999993" vel="0,0,0" mass="1" elasticityCoef="1" ang="90,0,0" color="0,220,0" radius="0.5" length="4" />
		<capsule pos="5.75,-30.25,-26.449999999999996" vel="0,0,0" mass="1" elasticityCoef="1" ang="90,0,0" color="0,220,0" radius="0.5" length="4" />
		<capsule pos="5.75,-30.25,-24.149999999999995" vel="0,0,0" mass="1" elasticityCoef="1" ang="90,0,0" color="0,220,0" radius="0.5" length="4" />
		<capsule pos="5.75,-30.25,-21.849999999999994" vel="0,0,0" mass="1" elasticityCoef="1" ang="90,0,0" color="0,220,0" radius="0.5" length="4" />
		<capsule pos="5.75,-30.25,-19.549999999999997" vel="0,0,0" mass="1" elasticityCoef="1" ang="90,0,0" color="0,220,0" radius="0.5" length="4" />
		<capsule pos="5.75,-30.25,-17.249999999999996" vel="0,0,0" mass="1" elasticityCoef="1" ang="90,0,0" color="0,220,0" radius="0.5" length="4" />
		<capsule pos="5.75,-30.25,-14.949999999999996" vel="0,0,0" mass="1" elasticityCoef="1" ang="90,0,0" color="0,220,0" radius="0.5" length="4" />
		<capsule pos="5.75,-30.25,-12.649999999999995" vel="0,0,0" mass="1" elasticityCoef="1" ang="90,0,0" color="0,220,0" radius="0.5" length="4" />
		<capsule pos="5.75,-30.25,-10.349999999999994" vel="0,0,0" mass="1" elasticityCoef="1" ang="90,0,0" color="0,220,0" radius="0.5" length="4" />
		<capsule pos="5.75,-30.25,-8.049999999999997" vel="0,0,0" mass="1" elasticityCoef="1" ang="90,0,0" color="0,220,0" radius="0.5" length="4" />
		<capsule pos="5.75,-30.25,-5.7499999999999964" vel="0,0,0" mass="1" elasticityCoef="1" ang="90,0,0" color="0,220,0" radius="0.5" length="4" />
		<capsule pos="5.75,-30.25,-3.4499999999999957" vel="0,0,0" mass="1" elasticityCoef="1" ang="90,0,0" color="0,220,0" radius="0.5" length="4" />
		<capsule pos="5.75,-30.25,-1.1499999999999986" vel="0,0,0" mass="1" elasticityCoef="1" ang="90,0,0" color="0,220,0" radius="0.5" length="4" />
		<capsule pos="5.75,-30.25,1.1500000000000057" vel="0,0,0" mass="1" elasticityCoef="1" ang="90,0,0" color="0,220,0" radius="0.5" length="4" />
		<capsule pos="5.75,-30.25,3.450000000000003" vel="0,0,0" mass="1" elasticityCoef="1" ang="90,0,0" color="0,220,0" radius="0.5" length="4" />
		<capsule pos="5.75,-30.25,5.75" vel="0,0,0" mass="1" elasticityCoef="1" ang="90,0,0" color="0,220,0" radius="0.5" length="4" />
		<capsule pos="5.75,-30.25,8.050000000000004" vel="0,0,0" mass="1" elasticityCoef="1" ang="90,0,0" color="0,220,0" radius="0.5" length="4" />
		<capsule pos="5.75,-30.25,10.350000000000001" vel="0,0,0" mass="1" elasticityCoef="1" ang="90,0,0" color="0,220,0" radius="0.5" length="4" />
		<capsule pos="5.75,-30.25,12.650000000000006" vel="0,0,0" mass="1" elasticityCoef="1" ang="90,0,0" color="0,220,0" radius="0.5" length="4" />
		<capsule pos="5.75,-30.25,14.950000000000003" vel="0,0,0" mass="1" elasticityCoef="1" ang="90,0,0" color="0,220,0" radius="0.5" length="4" />
		<capsule pos="5.75,-30.25,17.25" vel="0,0,0" mass="1" elasticityCoef="1" ang="90,0,0" color="0,220,0" radius="0.5" length="4" />
		<capsule pos="5.75,-30.25,19.550000000000004" vel="0,0,0" mass="1" elasticityCoef="1" ang="90,0,0" color="0,220,0" radius="0.5" length="4" />
		<capsule pos="5.75,-30.25,21.85" vel="0,0,0" mass="1" elasticityCoef="1" ang="90,0,0" color="0,220,0" radius="0.5" length="4" />
		<capsule pos="5.75,-30.25,24.15" vel="0,0,0" mass="1" elasticityCoef="1" ang="90,0,0" color="0,220,0" radius="0.5" length="4" />
		<capsule pos="5.75,-30.25,26.450000000000003" vel="0,0,0" mass="1" elasticityCoef="1" ang="90,0,0" color="0,220,0" radius="0.5" length="4" />
		<capsule pos="5.75,-30.25,28.75" vel="0,0,0" mass="1" elasticityCoef="1" ang="90,0,0" color="0,220,0" radius="0.5" length="4" />
		<capsule pos="5.75,-30.25,31.049999999999997" vel="0,0,0" mass="1" elasticityCoef="1" ang="90,0,0" color="0,220,0" radius="0.5" length="4" />
		<capsule pos="5.75,-24.75,-33.349999999999994" vel="0,0,0" mass="1" elasticityCoef="1" ang="90,0,0" color="0,220,0" radius="0.5" length="4" />
		<capsule pos="5.75,-24.75,-31.049999999999994" vel="0,0,0" mass="1" elasticityCoef="1" ang="90,0,0" color="0,220,0" radius="0.5" length="4" />
		<capsule pos="5.75,-24.75,-28.749999999999993" vel="0,0,0" mass="1" elasticityCoef="1" ang="90,0,0" color="0,220,0" radius="0.5" length="4" />
		<capsule pos="5.75,-24.75,-26.449999999999996" vel="0,0,0" mass="1" elasticityCoef="1" ang="90,0,0" color="0,220,0" radius="0.5" length="4" />
		<capsule pos="5.75,-24.75,-24.149999999999995" vel="0,0,0" mass="1" elasticityCoef="1" ang="90,0,0" color="0,220,0" radius="0.5" length="4" />
		<capsule pos="5.75,-24.75,-21.849999999999994" vel="0,0,0" mass="1" elasticityCoef="1" ang="90,0,0" color="0,220,0" radius="0.5" length="4" />
		<capsule pos="5.75,-24.75,-19.549999999999997" vel="0,0,0" mass="1" elasticityCoef="1" ang="90,0,0" color="0,220,0" radius="0.5" length="4" />
		<capsule pos="5.75,-24.75,-17.249999999999996" vel="0,0,0" mass="1" elasticityCoef="1" ang="90,0,0" color="0,220,0" radius="0.5" length="4" />
		<capsule pos="5.75,-24.75,-14.949999999999996" vel="0,0,0" mass="1" elasticityCoef="1" ang="90,0,0" color="0,220,0" radius="0.5" length="4" />
		<capsule pos="5.75,-24.75,-12.649999999999995" vel="0,0,0" mass="1" elasticityCoef="1" ang="90,0,0" color="0,220,0" radius="0.5" length="4" />
		<capsule pos="5.75,-24.75,-10.349999999999994" vel="0,0,0" mass="1" elasticityCoef="1" ang="90,0,0" color="0,220,0" radius="0.5" length="4" />
		<capsule pos="5.75,-24.75,-8.049999999999997" vel="0,0,0" mass="1" elasticityCoef="1" ang="90,0,0" color="0,220,0" radius="0.5" length="4" />
		<capsule pos="5.75,-24.75,-5.7499999999999964" vel="0,0,0" mass="1" elasticityCoef="1" ang="90,0,0" color="0,220,0" radius="0.5" length="4" />
		<capsule pos="5.75,-24.75,-3.4499999999999957" vel="0,0,0" mass="1" elasticityCoef="1" ang="90,0,0" color="0,220,0" radius="0.5" length="4" />
		<capsule pos="5.75,-24.75,-1.1499999999999986" vel="0,0,0" mass="1" elasticityCoef="1" ang="90,0,0" color="0,220,0" radius="0.5" length="4" />
		<capsule pos="5.75,-24.75,1.1500000000000057" vel="0,0,0" mass="1" elasticityCoef="1" ang="90,0,0" color="0,220,0" radius="0.5" length="4" />
		<capsule pos="5.75,-24.75,3.450000000000003" vel="0,0,0" mass="1" elasticityCoef="1" ang="90,0,0" color="0,220,0" radius="0.5" length="4" />
		<capsule pos="5.75,-24.75,5.75" vel="0,0,0" mass="1" elasticityCoef="1" ang="90,0,0" color="0,220,0" radius="0.5" length="4" />
		<capsule pos="5.75,-24.75,8.050000000000004" vel="0,0,0" mass="1" elasticityCoef="1" ang="90,0,0" color="0,220,0" radius="0.5" length="4" />
		<capsule pos="5.75,-24.75,10.350000000000001" vel="0,0,0" mass="1" elasticityCoef="1" ang="90,0,0" color="0,220,0" radius="0.5" length="4" />
		<capsule pos="5.75,-24.75,12.650000000000006" vel="0,0,0" mass="1" elasticityCoef="1" ang="90,0,0" color="0,220,0" radius="0.5" length="4" />
		<capsule pos="5.75,-24.75,14.950000000000003" vel="0,0,0" mass="1" elasticityCoef="1" ang="90,0,0" color="0,220,0" radius="0.5" length="4" />
		<capsule pos="5.75,-24.75,17.25" vel="0,0,0" mass="1" elasticityCoef="1" ang="90,0,0" color="0,220,0" radius="0.5" length="4" />
		<capsule pos="5.75,-24.75,19.550000000000004" vel="0,0,0" mass="1" elasticityCoef="1" ang="90,0,0" color="0,220,0" radius="0.5" length="4" />
		<capsule pos="5.75,-24.75,21.85" vel="0,0,0" mass="1" elasticityCoef="1" ang="90,0,0" color="0,220,0" radius="0.5" length="4" />
		<capsule pos="5.75,-24.75,24.15" vel="0,0,0" mass="1" elasticityCoef="1" ang="90,0,0" color="0,220,0" radius="0.5" length="4" />
		<capsule pos="5.75,-24.75,26.450000000000003" vel="0,0,0" mass="1" elasticityCoef="1" ang="90,0,0" color="0,220,0" radius="0.5" length="4" />
		<capsule pos="5.75,-24.75,28.75" vel="0,0,0" mass="1" elasticityCoef="1" ang="90,0,0" color="0,220,0" radius="0.5" length="4" />
		<capsule pos="5.75,-24.75,31.049999999999997" vel="0,0,0" mass="1" elasticityCoef="1" ang="90,0,0" color="0,220,0" radius="0.5" length="4" />
		<capsule pos="5.75,-19.25,-33.349999999999994" vel="0,0,0" mass="1" elasticityCoef="1" ang="90,0,0" color="0,220,0" radius="0.5" length="4" />
		<capsule pos="5.75,-19.25,-31.049999999999994" vel="0,0,0" mass="1" elasticityCoef="1" ang="90,0,0" color="0,220,0" radius="0.5" length="4" />
		<capsule pos="5.75,-19.25,-28.749999999999993" vel="0,0,0" mass="1" elasticityCoef="1" ang="90,0,0" color="0,220,0" radius="0.5" length="4" />
		<capsule pos="5.75,-19.25,-26.449999999999996" vel="0,0,0" mass="1" elasticityCoef="1" ang="90,0,0" color="0,220,0" radius="0.5" length="4" />
		<capsule pos="5.75,-19.25,-24.149999999999995" vel="0,0,0" mass="1" elasticityCoef="1" ang="90,0,0" color="0,220,0" radius="0.5" length="4" />
		<capsule pos="5.75,-19.25,-21.849999999999994" vel="0,0,0" mass="1" elasticityCoef="1" ang="90,0,0" color="0,220,0" radius="0.5" length="4" />
		<capsule pos="5.75,-19.25,-19.549999999999997" vel="0,0,0" mass="1" elasticityCoef="1" ang="90,0,0" color="0,220,0" radius="0.5" length="4" />
		<capsule pos="5.75,-19.25,-17.249999999999996" vel="0,0,0" mass="1" elasticityCoef="1" ang="90,0,0" color="0,220,0" radius="0.5" length="4" />
		<capsule pos="5.75,-19.25,-14.949999999999996" vel="0,0,0" mass="1" elasticityCoef="1" ang="90,0,0" color="0,220,0" radius="0.5" length="4" />
		<capsule pos="5.75,-19.25,-12.649999999999995" vel="0,0,0" mass="1" elasticityCoef="1" ang="90,0,0" color="0,220,0" radius="0.5" length="4" />
		<capsule pos="5.75,-19.25,-10.349999999999994" vel="0,0,0" mass="1" elasticityCoef="1" ang="90,0,0" color="0,220,0" radius="0.5" length="4" />
		<capsule pos="5.75,-19.25,-8.049999999999997" vel="0,0,0" mass="1" elasticityCoef="1" ang="90,0,0" color="0,220,0" radius="0.5" length="4" />
		<capsule pos="5.75,-19.25,-5.7499999999999964" vel="0,0,0" mass="1" elasticityCoef="1" ang="90,0,0" color="0,220,0" radius="0.5" length="4" />
		<capsule pos="5.75,-19.25,-3.4499999999999957" vel="0,0,0" mass="1" elasticityCoef="1" ang="90,0,0" color="0,220,0" radius="0.5" length="4" />
		<capsule pos="5.75,-19.25,-1.1499999999999986" vel="0,0,0" mass="1" elasticityCoef="1" ang="90,0,0" color="0,220,0" radius="0.5" length="4" />
		<capsule pos="5.75,-19.25,1.1500000000000057" vel="0,0,0" mass="1" elasticityCoef="1" ang="90,0,0" color="0,220,0" radius="0.5" length="4" />
		<capsule pos="5.75,-19.25,3.450000000000003" vel="0,0,0" mass="1" elasticityCoef="1" ang="90,0,0" color="0,220,0" radius="0.5" length="4" />
		<capsule pos="5.75,-19.25,5.75" vel="0,0,0" mass="1" elasticityCoef="1" ang="90,0,0" color="0,220,0" radius="0.5" length="4" />
		<capsule pos="5.75,-19.25,8.050000000000004" vel="0,0,0" mass="1" elasticityCoef="1" ang="90,0,0" color="0,220,0" radius="0.5" length="4" />
		<capsule pos="5.75,-19.25,10.350000000000001" vel="0,0,0" mass="1" elasticityCoef="1" ang="90,0,0" color="0,220,0" radius="0.5" length="4" />
		<capsule pos="5.75,-19.25,12.650000000000006" vel="0,0,0" mass="1" elasticityCoef="1" ang="90,0,0" color="0,220,0" radius="0.5" length="4" />
		<capsule pos="5.75,-19.25,14.950000000000003" vel="0,0,0" mass="1" elasticityCoef="1" ang="90,0,0" color="0,220,0" radius="0.5" length="4" />
		<capsule pos="5.75,-19.25,17.25" vel="0,0,0" mass="1" elasticityCoef="1" ang="90,0,0" color="0,220,0" radius="0.5" length="4" />
		<capsule pos="5.75,-19.25,19.550000000000004" vel="0,0,0" mass="1" elasticityCoef="1" ang="90,0,0" color="0,220,0" radius="0.5" length="4" />
		<capsule pos="5.75,-19.25,21.85" vel="0,0,0" mass="1" elasticityCoef="1" ang="90,0,0" color="0,220,0" radius="0.5" length="4" />
		<capsule pos="5.75,-19.25,24.15" vel="0,0,0" mass="1" elasticityCoef="1" ang="90,0,0" color="0,220,0" radius="0.5" length="4" />
		<capsule pos="5.75,-19.25,26.450000000000003" vel="0,0,0" mass="1" elasticityCoef="1" ang="90,0,0" color="0,220,0" radius="0.5" length="4" />
		<capsule pos="5.75,-19.25,28.75" vel="0,0,0" mass="1" elasticityCoef="1" ang="90,0,0" color="0,220,0" radius="0.5" length="4" />
		<capsule pos="5.75,-19.25,31.049999999999997" vel="0,0,0" mass="1" elasticityCoef="1" ang="90,0,0" color="0,220,0" radius="0.5" length="4" />
		<capsule pos="5.75,-13.75,-33.349999999999994" vel="0,0,0" mass="1" elasticityCoef="1" ang="90,0,0" color="0,220,0" radius="0.5" length="4" />
		<capsule pos="5.75,-13.75,-31.049999999999994" vel="0,0,0" mass="1" elasticityCoef="1" ang="90,0,0" color="0,220,0" radius="0.5" length="4" />
		<capsule pos="5.75,-13.75,-28.749999999999993" vel="0,0,0" mass="1" elasticityCoef="1" ang="90,0,0" color="0,220,0" radius="0.5" length="4" />
		<capsule pos="5.75,-13.75,-26.449999999999996" vel="0,0,0" mass="1" elasticityCoef="1" ang="90,0,0" color="0,220,0" radius="0.5" length="4" />
		<capsule pos="5.75,-13.75,-24.149999999999995" vel="0,0,0" mass="1" elasticityCoef="1" ang="90,0,0" color="0,220,0" radius="0.5" length="4" />
		<capsule pos="5.75,-13.75,-21.849999999999994" vel="0,0,0" mass="1" elasticityCoef="1" ang="90,0,0" color="0,220,0" radius="0.5" length="4" />
		<capsule pos="5.75,-13.75,-19.549999999999997" vel="0,0,0" mass="1" elasticityCoef="1" ang="90,0,0" color="0,220,0" radius="0.5" length="4" />
		<capsule pos="5.75,-13.75,-17.249999999999996" vel="0,0,0" mass="1" elasticityCoef="1" ang="90,0,0" color="0,220,0" radius="0.5" length="4" />
		<capsule pos="5.75,-13.75,-14.949999999999996" vel="0,0,0" mass="1" elasticityCoef="1" ang="90,0,0" color="0,220,0" radius="0.5" length="4" />
		<capsule pos="5.75,-13.75,-12.649999999999995" vel="0,0,0" mass="1" elasticityCoef="1" ang="90,0,0" color="0,220,0" radius="0.5" length="4" />
		<capsule pos="5.75,-13.75,-10.349999999999994" vel="0,0,0" mass="1" elasticityCoef="1" ang="90,0,0" color="0,220,0" radius="0.5" length="4" />
		<capsule pos="5.75,-13.75,-8.049999999999997" vel="0,0,0" mass="1" elasticityCoef="1" ang="90,0,0" color="0,220,0" radius="0.5" length="4" />
		<capsule pos="5.75,-13.75,-5.7499999999999964" vel="0,0,0" mass="1" elasticityCoef="1" ang="90,0,0" color="0,220,0" radius="0.5" length="4" />
		<capsule pos="5.75,-13.75,-3.4499999999999957" vel="0,0,0" mass="1" elasticityCoef="1" ang="90,0,0" color="0,220,0" radius="0.5" length="4" />
		<capsule pos="5.75,-13.75,-1.1499999999999986" vel="0,0,0" mass="1" elasticityCoef="1" ang="90,0,0" color="0,220,0" radius="0.5" length="4" />
		<capsule pos="5.75,-13.75,1.1500000000000057" vel="0,0,0" mass="1" elasticityCoef="1" ang="90,0,0" color="0,220,0" radius="0.5" length="4" />
		<capsule pos="5.75,-13.75,3.450000000000003" vel="0,0,0" mass="1" elasticityCoef="1" ang="90,0,0" color="0,220,0" radius="0.5" length="4" />
		<capsule pos="5.75,-13.75,5.75" vel="0,0,0" mass="1" elasticityCoef="1" ang="90,0,0" color="0,220,0" radius="0.5" length="4" />
		<capsule pos="5.75,-13.75,8.050000000000004" vel="0,0,0" mass="1" elasticityCoef="1" ang="90,0,0" color="0,220,0" radius="0.5" length="4" />
		<capsule pos="5.75,-13.75,10.350000000000001" vel="0,0,0" mass="1" elasticityCoef="1" ang="90,0,0" color="0,220,0" radius="0.5" length="4" />
		<capsule pos="5.75,-13.75,12.650000000000006" vel="0,0,0" mass="1" elasticityCoef="1" ang="90,0,0" color="0,220,0" radius="0.5" length="4" />
		<capsule pos="5.75,-13.75,14.950000000000003" vel="0,0,0" mass="1" elasticityCoef="1" ang="90,0,0" color="0,220,0" radius="0.5" length="4" />
		<capsule pos="5.75,-13.75,17.25" vel="0,0,0" mass="1" elasticityCoef="1" ang="90,0,0" color="0,220,0" radius="0.5" length="4" />
		<capsule pos="5.75,-13.75,19.550000000000004" vel="0,0,0" mass="1" elasticityCoef="1" ang="90,0,0" color="0,220,0" radius="0.5" length="4" />
		<capsule pos="5.75,-13.75,21.85" vel="0,0,0" mass="1" elasticityCoef="1" ang="90,0,0" color="0,220,0" radius="0.5" length="4" />
		<capsule pos="5.75,-13.75,24.15" vel="0,0,0" mass="1" elasticityCoef="1" ang="90,0,0" color="0,220,0" radius="0.5" length="4" />
		<capsule pos="5.75,-13.75,26.450000000000003" vel="0,0,0" mass="1" elasticityCoef="1" ang="90,0,0" color="0,220,0" radius="0.5" length="4" />
		<capsule pos="5.75,-13.75,28.75" vel="0,0,0" mass="1" elasticityCoef="1" ang="90,0,0" color="0,220,0" radius="0.5" length="4" />
		<capsule pos="5.75,-13.75,31.049999999999997" vel="0,0,0" mass="1" elasticityCoef="1" ang="90,0,0" color="0,220,0" radius="0.5" length="4" />
		<capsule pos="5.75,-8.25,-33.349999999999994" vel="0,0,0" mass="1" elasticityCoef="1" ang="90,0,0" color="0,220,0" radius="0.5" length="4" />
		<capsule pos="5.75,-8.25,-31.049999999999994" vel="0,0,0" mass="1" elasticityCoef="1" ang="90,0,0" color="0,220,0" radius="0.5" length="4" />
		<capsule pos="5.75,-8.25,-28.749999999999993" vel="0,0,0" mass="1" elasticityCoef="1" ang="90,0,0" color="0,220,0" radius="0.5" length="4" />
		<capsule pos="5.75,-8.25,-26.449999999999996" vel="0,0,0" mass="1" elasticityCoef="1" ang="90,0,0" color="0,220,0" radius="0.5" length="4" />
		<capsule pos="5.75,-8.25,-24.149999999999995" vel="0,0,0" mass="1" elasticityCoef="1" ang="90,0,0" color="0,220,0" radius="0.5" length="4" />
		<capsule pos="5.75,-8.25,-21.849999999999994" vel="0,0,0" mass="1" elasticityCoef="1" ang="90,0,0" color="0,220,0" radius="0.5" length="4" />
		<capsule pos="5.75,-8.25,-19.549999999999997" vel="0,0,0" mass="1" elasticityCoef="1" ang="90,0,0" color="0,220,0" radius="0.5" length="4" />
		<capsule pos="5.75,-8.25,-17.249999999999996" vel="0,0,0" mass="1" elasticityCoef="1" ang="90,0,0" color="0,220,0" radius="0.5" length="4" />
		<capsule pos="5.75,-8.25,-14.949999999999996" vel="0,0,0" mass="1" elasticityCoef="1" ang="90,0,0" color="0,220,0" radius="0.5" length="4" />
		<capsule pos="5.75,-8.25,-12.649999999999995" vel="0,0,0" mass="1" elasticityCoef="1" ang="90,0,0" color="0,220,0" radius="0.5" length="4" />
		<capsule pos="5.75,-8.25,-10.349999999999994" vel="0,0,0" mass="1" elasticityCoef="1" ang="90,0,0" color="0,220,0" radius="0.5" length="4" />
		<capsule pos="5.75,-8.25,-8.049999999999997" vel="0,0,0" mass="1" elasticityCoef="1" ang="90,0,0" color="0,220,0" radius="0.5" length="4" />
		<capsule pos="5.75,-8.25,-5.7499999999999964" vel="0,0,0" mass="1" elasticityCoef="1" ang="90,0,0" color="0,220,0" radius="0.5" length="4" />
		<capsule pos="5.75,-8.25,-3.4499999999999957" vel="0,0,0" mass="1" elasticityCoef="1" ang="90,0,0" color="0,220,0" radius="0.5" length="4" />
		<capsule pos="5.75,-8.25,-1.1499999999999986" vel="0,0,0" mass="1" elasticityCoef="1" ang="90,0,0" color="0,220,0" radius="0.5" length="4" />
		<capsule pos="5.75,-8.25,1.1500000000000057" vel="0,0,0" mass="1" elasticityCoef="1" ang="90,0,0" color="0,220,0" radius="0.5" length="4" />
		<capsule pos="5.75,-8.25,3.450000000000003" vel="0,0,0" mass="1" elasticityCoef="1" ang="90,0,0" color="0,220,0" radius="0.5" length="4" />
		<capsule pos="5.75,-8.25,5.75" vel="0,0,0" mass="1" elasticityCoef="1" ang="90,0,0" color="0,220,0" radius="0.5" length="4" />
		<capsule pos="5.75,-8.25,8.050000000000004" vel="0,0,0" mass="1" elasticityCoef="1" ang="90,0,0" color="0,220,0" radius="0.5" length="4" />
		<capsule pos="5.75,-8.25,10.350000000000001" vel="0,0,0" mass="1" elasticityCoef="1" ang="90,0,0" color="0,220,0" radius="0.5" length="4" />
		<capsule pos="5.75,-8.25,12.650000000000006" vel="0,0,0" mass="1" elasticityCoef="1" ang="90,0,0" color="0,220,0" radius="0.5" length="4" />
		<capsule pos="5.75,-8.25,14.950000000000003" vel="0,0,0" mass="1" elasticityCoef="1" ang="90,0,0" color="0,220,0" radius="0.5" length="4" />
		<capsule pos="5.75,-8.25,17.25" vel="0,0,0" mass="1" elasticityCoef="1" ang="90,0,0" color="0,220,0" radius="0.5" length="4" />
		<capsule pos="5.75,-8.25,19.550000000000004" vel="0,0,0" mass="1" elasticityCoef="1" ang="90,0,0" color="0,220,0" radius="0.5" length="4" />
		<capsule pos="5.75,-8.25,21.85" vel="0,0,0" mass="1" elasticityCoef="1" ang="90,0,0" color="0,220,0" radius="0.5" length="4" />
		<capsule pos="5.75,-8.25,24.15" vel="0,0,0" mass="1" elasticityCoef="1" ang="90,0,0" color="0,220,0" radius="0.5" length="4" />
		<capsule pos="5.75,-8.25,26.450000000000003" vel="0,0,0" mass="1" elasticityCoef="1" ang="90,0,0" color="0,220,0" radius="0.5" length="4" />
		<capsule pos="5.75,-8.25,28.75" vel="0,0,0" mass="1" elasticityCoef="1" ang="90,0,0" color="0,220,0" radius="0.5" length="4" />
		<capsule pos="5.75,-8.25,31.049999999999997" vel="0,0,0" mass="1" elasticityCoef="1" ang="90,0,0" color="0,220,0" radius="0.5" length="4" />
		<capsule pos="5.75,-2.75,-33.349999999999994" vel="0,0,0" mass="1" elasticityCoef="1" ang="90,0,0" color="0,220,0" radius="0.5" length="4" />
		<capsule pos="5.75,-2.75,-31.049999999999994" vel="0,0,0" mass="1" elasticityCoef="1" ang="90,0,0" color="0,220,0" radius="0.5" length="4" />
		<capsule pos="5.75,-2.75,-28.749999999999993" vel="0,0,0" mass="1" elasticityCoef="1" ang="90,0,0" color="0,220,0" radius="0.5" length="4" />
		<capsule pos="5.75,-2.75,-26.449999999999996" vel="0,0,0" mass="1" elasticityCoef="1" ang="90,0,0" color="0,220,0" radius="0.5" length="4" />
		<capsule pos="5.75,-2.75,-24.149999999999995" vel="0,0,0" mass="1" elasticityCoef="1" ang="90,0,0" color="0,220,0" radius="0.5" length="4" />
		<capsule pos="5.75,-2.75,-21.849999999999994" vel="0,0,0" mass="1" elasticityCoef="1" ang="90,0,0" color="0,220,0" radius="0.5" length="4" />
		<capsule pos="5.75,-2.75,-19.549999999999997" vel="0,0,0" mass="1" elasticityCoef="1" ang="90,0,0" color="0,220,0" radius="0.5" length="4" />
		<capsule pos="5.75,-2.75,-17.249999999999996" vel="0,0,0" mass="1" elasticityCoef="1" ang="90,0,0" color="0,220,0" radius="0.5" length="4" />
		<capsule pos="5.75,-2.75,-14.949999999999996" vel="0,0,0" mass="1" elasticityCoef="1" ang="90,0,0" color="0,220,0" radius="0.5" length="4" />
		<capsule pos="5.75,-2.75,-12.649999999999995" vel="0,0,0" mass="1" elasticityCoef="1" ang="90,0,0" color="0,220,0" radius="0.5" length="4" />
		<capsule pos="5.75,-2.75,-10.349999999999994" vel="0,0,0" mass="1" elasticityCoef="1" ang="90,0,0" color="0,220,0" radius="0.5" length="4" />
		<capsule pos="5.75,-2.75,-8.049999999999997" vel="0,0,0" mass="1" elasticityCoef="1" ang="90,0,0" color="0,220,0" radius="0.5" length="4" />
		<capsule pos="5.75,-2.75,-5.7499999999999964" vel="0,0,0" mass="1" elasticityCoef="1" ang="90,0,0" color="0,220,0" radius="0.5" length="4" />
		<capsule pos="5.75,-2.75,-3.4499999999999957" vel="0,0,0" mass="1" elasticityCoef="1" ang="90,0,0" color="0,220,0" radius="0.5" length="4" />
		<capsule pos="5.75,-2.75,-1.1499999999999986" vel="0,0,0" mass="1" elasticityCoef="1" ang="90,0,0" color="0,220,0" radius="0.5" length="4" />
		<capsule pos="5.75,-2.75,1.1500000000000057" vel="0,0,0" mass="1" elasticityCoef="1" ang="90,0,0" color="0,220,0" radius="0.5" length="4" />
		<capsule pos="5.75,-2.75,3.450000000000003" vel="0,0,0" mass="1" elasticityCoef="1" ang="90,0,0" color="0,220,0" radius="0.5" length="4" />
		<capsule pos="5.75,-2.75,5.75" vel="0,0,0" mass="1" elasticityCoef="1" ang="90,0,0" color="0,220,0" radius="0.5" length="4" />
		<capsule pos="5.75,-2.75,8.050000000000004" vel="0,0,0" mass="1" elasticityCoef="1" ang="90,0,0" color="0,220,0" radius="0.5" length="4" />
		<capsule pos="5.75,-2.75,10.350000000000001" vel="0,0,0" mass="1" elasticityCoef="1" ang="90,0,0" color="0,220,0" radius="0.5" length="4" />
		<capsule pos="5.75,-2.75,12.650000000000006" vel="0,0,0" mass="1" elasticityCoef="1" ang="90,0,0" color="0,220,0" radius="0.5" length="4" />
		<capsule pos="5.75,-2.75,14.950000000000003" vel="0,0,0" mass="1" elasticityCoef="1" ang="90,0,0" color="0,220,0" radius="0.5" length="4" />
		<capsule pos="5.75,-2.75,17.25" vel="0,0,0" mass="1" elasticityCoef="1" ang="90,0,0" color="0,220,0" radius="0.5" length="4" />
		<capsule pos="5.75,-2.75,19.550000000000004" vel="0,0,0" mass="1" elasticityCoef="1" ang="90,0,0" color="0,220,0" radius="0.5" length="4" />
		<capsule pos="5.75,-2.75,21.85" vel="0,0,0" mass="1" elasticityCoef="1" ang="90,0,0" color="0,220,0" radius="0.5" length="4" />
		<capsule pos="5.75,-2.75,24.15" vel="0,0,0" mass="1" elasticityCoef="1" ang="90,0,0" color="0,220,0" radius="0.5" length="4" />
		<capsule pos="5.75,-2.75,26.450000000000003" vel="0,0,0" mass="1" elasticityCoef="1" ang="90,0,0" color="0,220,0" radius="0.5" length="4" />
		<capsule pos="5.75,-2.75,28.75" vel="0,0,0" mass="1" elasticityCoef="1" ang="90,0,0" color="0,220,0" radius="0.5" length="4" />
		<capsule pos="5.75,-2.75,31.049999999999997" vel="0,0,0" mass="1" elasticityCoef="1" ang="90,0,0" color="0,220,0" radius="0.5" length="4" />
		<capsule pos="5.75,2.75,-33.349999999999994" vel="0,0,0" mass="1" elasticityCoef="1" ang="90,0,0" color="0,220,0" radius="0.5" length="4" />
		<capsule pos="5.75,2.75,-31.049999999999994" vel="0,0,0" mass="1" elasticityCoef="1" ang="90,0,0" color="0,220,0" radius="0.5" length="4" />
		<capsule pos="5.75,2.75,-28.749999999999993" vel="0,0,0" mass="1" elasticityCoef="1" ang="90,0,0" color="0,220,0" radius="0.5" length="4" />
		<capsule pos="5.75,2.75,-26.449999999999996" vel="0,0,0" mass="1" elasticityCoef="1" ang="90,0,0" color="0,220,0" radius="0.5" length="4" />
		<capsule pos="5.75,2.75,-24.149999999999995" vel="0,0,0" mass="1" elasticityCoef="1" ang="90,0,0" color="0,220,0" radius="0.5" length="4" />
		<capsule pos="5.75,2.75,-21.849999999999994" vel="0,0,0" mass="1" elasticityCoef="1" ang="90,0,0" color="0,220,0" radius="0.5" length="4" />
		<capsule pos="5.75,2.75,-19.549999999999997" vel="0,0,0" mass="1" elasticityCoef="1" ang="90,0,0" color="0,220,0" radius="0.5" length="4" />
		<capsule pos="5.75,2.75,-17.249999999999996" vel="0,0,0" mass="1" elasticityCoef="1" ang="90,0,0" color="0,220,0" radius="0.5" length="4" />
		<capsule pos="5.75,2.75,-14.949999999999996" vel="0,0,0" mass="1" elasticityCoef="1" ang="90,0,0" color="0,220,0" radius="0.5" length="4" />
		<capsule pos="5.75,2.75,-12.649999999999995" vel="0,0,0" mass="1" elasticityCoef="1" ang="90,0,0" color="0,220,0" radius="0.5" length="4" />
		<capsule pos="5.75,2.75,-10.349999999999994" vel="0,0,0" mass="1" elasticityCoef="1" ang="90,0,0" color="0,220,0" radius="0.5" length="4" />
		<capsule pos="5.75,2.75,-8.049999999999997" vel="0,0,0" mass="1" elasticityCoef="1" ang="90,0,0" color="0,220,0" radius="0.5" length="4" />
		<capsule pos="5.75,2.75,-5.7499999999999964" vel="0,0,0" mass="1" elasticityCoef="1" ang="90,0,0" color="0,220,0" radius="0.5" length="4" />
		<capsule pos="5.75,2.75,-3.4499999999999957" vel="0,0,0" mass="1" elasticityCoef="1" ang="90,0,0" color="0,220,0" radius="0.5" length="4" />
		<capsule pos="5.75,2.75,-1.1499999999999986" vel="0,0,0" mass="1" elasticityCoef="1" ang="90,0,0" color="0,220,0" radius="0.5" length="4" />
		<capsule pos="5.75,2.75,1.1500000000000057" vel="0,0,0" mass="1" elasticityCoef="1" ang="90,0,0" color="0,220,0" radius="0.5" length="4" />
		<capsule pos="5.75,2.75,3.450000000000003" vel="0,0,0" mass="1" elasticityCoef="1" ang="90,0,0" color="0,220,0" radius="0.5" length="4" />
		<capsule pos="5.75,2.75,5.75" vel="0,0,0" mass="1" elasticityCoef="1" ang="90,0,0" color="0,220,0" radius="0.5" length="4" />
		<capsule pos="5.75,2.75,8.050000000000004" vel="0,0,0" mass="1" elasticityCoef="1" ang="90,0,0" color="0,220,0" radius="0.5" length="4" />
		<capsule pos="5.75,2.75,10.350000000000001" vel="0,0,0" mass="1" elasticityCoef="1" ang="90,0,0" color="0,220,0" radius="0.5" length="4" />
		<capsule pos="5.75,2.75,12.650000000000006" vel="0,0,0" mass="1" elasticityCoef="1" ang="90,0,0" color="0,220,0" radius="0.5" length="4" />
		<capsule pos="5.75,2.75,14.950000000000003" vel="0,0,0" mass="1" elasticityCoef="1" ang="90,0,0" color="0,220,0" radius="0.5" length="4" />
		<capsule pos="5.75,2.75,17.25" vel="0,0,0" mass="1" elasticityCoef="1" ang="90,0,0" color="0,220,0" radius="0.5" length="4" />
		<capsule pos="5.75,2.75,19.550000000000004" vel="0,0,0" mass="1" elasticityCoef="1" ang="90,0,0" color="0,220,0" radius="0.5" length="4" />
		<capsule pos="5.75,2.75,21.85" vel="0,0,0" mass="1" elasticityCoef="1" ang="90,0,0" color="0,220,0" radius="0.5" length="4" />
		<capsule pos="5.75,2.75,24.15" vel="0,0,0" mass="1" elasticityCoef="1" ang="90,0,0" color="0,220,0" radius="0.5" length="4" />
		<capsule pos="5.75,2.75,26.450000000000003" vel="0,0,0" mass="1" elasticityCoef="1" ang="90,0,0" color="0,220,0" radius="0.5" length="4" />
		<capsule pos="5.75,2.75,28.75" vel="0,0,0" mass="1" elasticityCoef="1" ang="90,0,0" color="0,220,0" radius="0.5" length="4" />
		<capsule pos="5.75,2.75,31.049999999999997" vel="0,0,0" mass="1" elasticityCoef="1" ang="90,0,0" color="0,220,0" radius="0.5" length="4" />
		<capsule pos="5.75,8.25,-33.349999999999994" vel="0,0,0" mass="1" elasticityCoef="1" ang="90,0,0" color="0,220,0" radius="0.5" length="4" />
		<capsule pos="5.75,8.25,-31.049999999999994" vel="0,0,0" mass="1" elasticityCoef="1" ang="90,0,0" color="0,220,0" radius="0.5" length="4" />
		<capsule pos="5.75,8.25,-28.749999999999993" vel="0,0,0" mass="1" elasticityCoef="1" ang="90,0,0" color="0,220,0" radius="0.5" length="4" />
		<capsule pos="5.75,8.25,-26.449999999999996" vel="0,0,0" mass="1" elasticityCoef="1" ang="90,0,0" color="0,220,0" radius="0.5" length="4" />
		<capsule pos="5.75,8.25,-24.149999999999995" vel="0,0,0" mass="1" elasticityCoef="1" ang="90,0,0" color="0,220,0" radius="0.5" length="4" />
		<capsule pos="5.75,8.25,-21.849999999999994" vel="0,0,0" mass="1" elasticityCoef="1" ang="90,0,0" color="0,220,0" radius="0.5" length="4" />
		<capsule pos="5.75,8.25,-19.549999999999997" vel="0,0,0" mass="1" elasticityCoef="1" ang="90,0,0" color="0,220,0" radius="0.5" length="4" />
		<capsule pos="5.75,8.25,-17.249999999999996" vel="0,0,0" mass="1" elasticityCoef="1" ang="90,0,0" color="0,220,0" radius="0.5" length="4" />
		<capsule pos="5.75,8.25,-14.949999999999996" vel="0,0,0" mass="1" elasticityCoef="1" ang="90,0,0" color="0,220,0" radius="0.5" length="4" />
		<capsule pos="5.75,8.25,-12.649999999999995" vel="0,0,0" mass="1" elasticityCoef="1" ang="90,0,0" color="0,220,0" radius="0.5" length="4" />
		<capsule pos="5.75,8.25,-10.349999999999994" vel="0,0,0" mass="1" elasticityCoef="1" ang="90,0,0" color="0,220,0" radius="0.5" length="4" />
		<capsule pos="5.75,8.25,-8.049999999999997" vel="0,0,0" mass="1" elasticityCoef="1" ang="90,0,0" color="0,220,0" radius="0.5" length="4" />
		<capsule pos="5.75,8.25,-5.7499999999999964" vel="0,0,0" mass="1" elasticityCoef="1" ang="90,0,0" color="0,220,0" radius="0.5" length="4" />
		<capsule pos="5.75,8.25,-3.4499999999999957" vel="0,0,0" mass="1" elasticityCoef="1" ang="90,0,0" color="0,220,0" radius="0.5" length="4" />
		<capsule pos="5.75,8.25,-1.1499999999999986" vel="0,0,0" mass="1" elasticityCoef="1" ang="90,0,0" color="0,220,0" radius="0.5" length="4" />
		<capsule pos="5.75,8.25,1.1500000000000057" vel="0,0,0" mass="1" elasticityCoef="1" ang="90,0,0" color="0,220,0" radius="0.5" length="4" />
		<capsule pos="5.75,8.25,3.450000000000003" vel="0,0,0" mass="1" elasticityCoef="1" ang="90,0,0" color="0,220,0" radius="0.5" length="4" />
		<capsule pos="5.75,8.25,5.75" vel="0,0,0" mass="1" elasticityCoef="1" ang="90,0,0" color="0,220,0" radius="0.5" length="4" />
		<capsule pos="5.75,8.25,8.050000000000004" vel="0,0,0" mass="1" elasticityCoef="1" ang="90,0,0" color="0,220,0" radius="0.5" length="4" />
		<capsule pos="5.75,8.25,10.350000000000001" vel="0,0,0" mass="1" elasticityCoef="1" ang="90,0,0" color="0,220,0" radius="0.5" length="4" />
		<capsule pos="5.75,8.25,12.650000000000006" vel="0,0,0" mass="1" elasticityCoef="1" ang="90,0,0" color="0,220,0" radius="0.5" length="4" />
		<capsule pos="5.75,8.25,14.950000000000003" vel="0,0,0" mass="1" elasticityCoef="1" ang="90,0,0" color="0,220,0" radius="0.5" length="4" />
		<capsule pos="5.75,8.25,17.25" vel="0,0,0" mass="1" elasticityCoef="1" ang="90,0,0" color="0,220,0" radius="0.5" length="4" />
		<capsule pos="5.75,8.25,19.550000000000004" vel="0,0,0" mass="1" elasticityCoef="1" ang="90,0,0" color="0,220,0" radius="0.5" length="4" />
		<capsule pos="5.75,8.25,21.85" vel="0,0,0" mass="1" elasticityCoef="1" ang="90,0,0" color="0,220,0" radius="0.5" length="4" />
		<capsule pos="5.75,8.25,24.15" vel="0,0,0" mass="1" elasticityCoef="1" ang="90,0,0" color="0,220,0" radius="0.5" length="4" />
		<capsule pos="5.75,8.25,26.450000000000003" vel="0,0,0" mass="1" elasticityCoef="1" ang="90,0,0" color="0,220,0" radius="0.5" length="4" />
		<capsule pos="5.75,8.25,28.75" vel="0,0,0" mass="1" elasticityCoef="1" ang="90,0,0" color="0,220,0" radius="0.5" length="4" />
		<capsule pos="5.75,8.25,31.049999999999997" vel="0,0,0" mass="1" elasticityCoef="1" ang="90,0,0" color="0,220,0" radius="0.5" length="4" />
		<capsule pos="5.75,13.75,-33.349999999999994" vel="0,0,0" mass="1" elasticityCoef="1" ang="90,0,0" color="0,220,0" radius="0.5" length="4" />
		<capsule pos="5.75,13.75,-31.049999999999994" vel="0,0,0" mass="1" elasticityCoef="1" ang="90,0,0" color="0,220,0" radius="0.5" length="4" />
		<capsule pos="5.75,13.75,-28.749999999999993" vel="0,0,0" mass="1" elasticityCoef="1" ang="90,0,0" color="0,220,0" radius="0.5" length="4" />
		<capsule pos="5.75,13.75,-26.449999999999996" vel="0,0,0" mass="1" elasticityCoef="1" ang="90,0,0" color="0,220,0" radius="0.5" length="4" />
		<capsule pos="5.75,13.75,-24.149999999999995" vel="0,0,0" mass="1" elasticityCoef="1" ang="90,0,0" color="0,220,0" radius="0.5" length="4" />
		<capsule pos="5.75,13.75,-21.849999999999994" vel="0,0,0" mass="1" elasticityCoef="1" ang="90,0,0" color="0,220,0" radius="0.5" length="4" />
		<capsule pos="5.75,13.75,-19.549999999999997" vel="0,0,0" mass="1" elasticityCoef="1" ang="90,0,0" color="0,220,0" radius="0.5" length="4" />
		<capsule pos="5.75,13.75,-17.249999999999996" vel="0,0,0" mass="1" elasticityCoef="1" ang="90,0,0" color="0,220,0" radius="0.5" length="4" />
		<capsule pos="5.75,13.75,-14.949999999999996" vel="0,0,0" mass="1" elasticityCoef="1" ang="90,0,0" color="0,220,0" radius="0.5" length="4" />
		<capsule pos="5.75,13.75,-12.649999999999995" vel="0,0,0" mass="1" elasticityCoef="1" ang="90,0,0" color="0,220,0" radius="0.5" length="4" />
		<capsule pos="5.75,13.75,-10.349999999999994" vel="0,0,0" mass="1" elasticityCoef="1" ang="90,0,0" color="0,220,0" radius="0.5" length="4" />
		<capsule pos="5.75,13.75,-8.049999999999997" vel="0,0,0" mass="1" elasticityCoef="1" ang="90,0,0" color="0,220,0" radius="0.5" length="4" />
		<capsule pos="5.75,13.75,-5.7499999999999964" vel="0,0,0" mass="1" elasticityCoef="1" ang="90,0,0" color="0,220,0" radius="0.5" length="4" />
		<capsule pos="5.75,13.75,-3.4499999999999957" vel="0,0,0" mass="1" elasticityCoef="1" ang="90,0,0" color="0,220,0" radius="0.5" length="4" />
		<capsule pos="5.75,13.75,-1.1499999999999986" vel="0,0,0" mass="1" elasticityCoef="1" ang="90,0,0" color="0,220,0" radius="0.5" length="4" />
		<capsule pos="5.75,13.75,1.1500000000000057" vel="0,0,0" mass="1" elasticityCoef="1" ang="90,0,0" color="0,220,0" radius="0.5" length="4" />
		<capsule pos="5.75,13.75,3.450000000000003" vel="0,0,0" mass="1" elasticityCoef="1" ang="90,0,0" color="0,220,0" radius="0.5" length="4" />
		<capsule pos="5.75,13.75,5.75" vel="0,0,0" mass="1" elasticityCoef="1" ang="90,0,0" color="0,220,0" radius="0.5" length="4" />
		<capsule pos="5.75,13.75,8.050000000000004" vel="0,0,0" mass="1" elasticityCoef="1" ang="90,0,0" color="0,220,0" radius="0.5" length="4" />
		<capsule pos="5.75,13.75,10.350000000000001" vel="0,0,0" mass="1" elasticityCoef="1" ang="90,0,0" color="0,220,0" radius="0.5" length="4" />
		<capsule pos="5.75,13.75,12.650000000000006" vel="0,0,0" mass="1" elasticityCoef="1" ang="90,0,0" color="0,220,0" radius="0.5" length="4" />
		<capsule pos="5.75,13.75,14.950000000000003" vel="0,0,0" mass="1" elasticityCoef="1" ang="90,0,0" color="0,220,0" radius="0.5" length="4" />
		<capsule pos="5.75,13.75,17.25" vel="0,0,0" mass="1" elasticityCoef="1" ang="90,0,0" color="0,220,0" radius="0.5" length="4" />
		<capsule pos="5.75,13.75,19.550000000000004" vel="0,0,0" mass="1" elasticityCoef="1" ang="90,0,0" color="0,220,0" radius="0.5" length="4" />
		<capsule pos="5.75,13.75,21.85" vel="0,0,0" mass="1" elasticityCoef="1" ang="90,0,0" color="0,220,0" radius="0.5" length="4" />
		<capsule pos="5.75,13.75,24.15" vel="0,0,0" mass="1" elasticityCoef="1" ang="90,0,0" color="0,220,0" radius="0.5" length="4" />
		<capsule pos="5.75,13.75,26.450000000000003" vel="0,0,0" mass="1" elasticityCoef="1" ang="90,0,0" color="0,220,0" radius="0.5" length="4" />
		<capsule pos="5.75,13.75,28.75" vel="0,0,0" mass="1" elasticityCoef="1" ang="90,0,0" color="0,220,0" radius="0.5" length="4" />
		<capsule pos="5.75,13.75,31.049999999999997" vel="0,0,0" mass="1" elasticityCoef="1" ang="90,0,0" color="0,220,0" radius="0.5" length="4" />
		<capsule pos="5.75,19.25,-33.349999999999994" vel="0,0,0" mass="1" elasticityCoef="1" ang="90,0,0" color="0,220,0" radius="0.5" length="4" />
		<capsule pos="5.75,19.25,-31.049999999999994" vel="0,0,0" mass="1" elasticityCoef="1" ang="90,0,0" color="0,220,0" radius="0.5" length="4" />
		<capsule pos="5.75,19.25,-28.749999999999993" vel="0,0,0" mass="1" elasticityCoef="1" ang="90,0,0" color="0,220,0" radius="0.5" length="4" />
		<capsule pos="5.75,19.25,-26.449999999999996" vel="0,0,0" mass="1" elasticityCoef="1" ang="90,0,0" color="0,220,0" radius="0.5" length="4" />
		<capsule pos="5.75,19.25,-24.149999999999995" vel="0,0,0" mass="1" elasticityCoef="1" ang="90,0,0" color="0,220,0" radius="0.5" length="4" />
		<capsule pos="5.75,19.25,-21.849999999999994" vel="0,0,0" mass="1" elasticityCoef="1" ang="90,0,0" color="0,220,0" radius="0.5" length="4" />
		<capsule pos="5.75,19.25,-19.549999999999997" vel="0,0,0" mass="1" elasticityCoef="1" ang="90,0,0" color="0,220,0" radius="0.5" length="4" />
		<capsule pos="5.75,19.25,-17.249999999999996" vel="0,0,0" mass="1" elasticityCoef="1" ang="90,0,0" color="0,220,0" radius="0.5" length="4" />
		<capsule pos="5.75,19.25,-14.949999999999996" vel="0,0,0" mass="1" elasticityCoef="1" ang="90,0,0" color="0,220,0" radius="0.5" length="4" />
		<capsule pos="5.75,19.25,-12.649999999999995" vel="0,0,0" mass="1" elasticityCoef="1" ang="90,0,0" color="0,220,0" radius="0.5" length="4" />
		<capsule pos="5.75,19.25,-10.349999999999994" vel="0,0,0" mass="1" elasticityCoef="1" ang="90,0,0" color="0,220,0" radius="0.5" length="4" />
		<capsule pos="5.75,19.25,-8.049999999999997" vel="0,0,0" mass="1" elasticityCoef="1" ang="90,0,0" color="0,220,0" radius="0.5" length="4" />
		<capsule pos="5.75,19.25,-5.7499999999999964" vel="0,0,0" mass="1" elasticityCoef="1" ang="90,0,0" color="0,220,0" radius="0.5" length="4" />
		<capsule pos="5.75,19.25,-3.4499999999999957" vel="0,0,0" mass="1" elasticityCoef="1" ang="90,0,0" color="0,220,0" radius="0.5" length="4" />
		<capsule pos="5.75,19.25,-1.1499999999999986" vel="0,0,0" mass="1" elasticityCoef="1" ang="90,0,0" color="0,220,0" radius="0.5" length="4" />
		<capsule pos="5.75,19.25,1.1500000000000057" vel="0,0,0" mass="1" elasticityCoef="1" ang="90,0,0" color="0,220,0" radius="0.5" length="4" />
		<capsule pos="5.75,19.25,3.450000000000003" vel="0,0,0" mass="1" elasticityCoef="1" ang="90,0,0" color="0,220,0" radius="0.5" length="4" />
		<capsule pos="5.75,19.25,5.75" vel="0,0,0" mass="1" elasticityCoef="1" ang="90,0,0" color="0,220,0" radius="0.5" length="4" />
		<capsule pos="5.75,19.25,8.050000000000004" vel="0,0,0" mass="1" elasticityCoef="1" ang="90,0,0" color="0,220,0" radius="0.5" length="4" />
		<capsule pos="5.75,19.25,10.350000000000001" vel="0,0,0" mass="1" elasticityCoef="1" ang="90,0,0" color="0,220,0" radius="0.5" length="4" />
		<capsule pos="5.75,19.25,12.650000000000006" vel="0,0,0" mass="1" elasticityCoef="1" ang="90,0,0" color="0,220,0" radius="0.5" length="4" />
		<capsule pos="5.75,19.25,14.950000000000003" vel="0,0,0" mass="1" elasticityCoef="1" ang="90,0,0" color="0,220,0" radius="0.5" length="4" />
		<capsule pos="5.75,19.25,17.25" vel="0,0,0" mass="1" elasticityCoef="1" ang="90,0,0" color="0,220,0" radius="0.5" length="4" />
		<capsule pos="5.75,19.25,19.550000000000004" vel="0,0,0" mass="1" elasticityCoef="1" ang="90,0,0" color="0,220,0" radius="0.5" length="4" />
		<capsule pos="5.75,19.25,21.85" vel="0,0,0" mass="1" elasticityCoef="1" ang="90,0,0" color="0,220,0" radius="0.5" length="4" />
		<capsule pos="5.75,19.25,24.15" vel="0,0,0" mass="1" elasticityCoef="1" ang="90,0,0" color="0,220,0" radius="0.5" length="4" />
		<capsule pos="5.75,19.25,26.450000000000003" vel="0,0,0" mass="1" elasticityCoef="1" ang="90,0,0" color="0,220,0" radius="0.5" length="4" />
		<capsule pos="5.75,19.25,28.75" vel="0,0,0" mass="1" elasticityCoef="1" ang="90,0,0" color="0,220,0" radius="0.5" length="4" />
		<capsule pos="5.75,19.25,31.049999999999997" vel="0,0,0" mass="1" elasticityCoef="1" ang="90,0,0" color="0,220,0" radius="0.5" length="4" />
		<capsule pos="5.75,24.75,-33.349999999999994" vel="0,0,0" mass="1" elasticityCoef="1" ang="90,0,0" color="0,220,0" radius="0.5" length="4" />
		<capsule pos="5.75,24.75,-31.049999999999994" vel="0,0,0" mass="1" elasticityCoef="1" ang="90,0,0" color="0,220,0" radius="0.5" length="4" />
		<capsule pos="5.75,24.75,-28.749999999999993" vel="0,0,0" mass="1" elasticityCoef="1" ang="90,0,0" color="0,220,0" radius="0.5" length="4" />
		<capsule pos="5.75,24.75,-26.449999999999996" vel="0,0,0" mass="1" elasticityCoef="1" ang="90,0,0" color="0,220,0" radius="0.5" length="4" />
		<capsule pos="5.75,24.75,-24.149999999999995" vel="0,0,0" mass="1" elasticityCoef="1" ang="90,0,0" color="0,220,0" radius="0.5" length="4" />
		<capsule pos="5.75,24.75,-21.849999999999994" vel="0,0,0" mass="1" elasticityCoef="1" ang="90,0,0" color="0,220,0" radius="0.5" length="4" />
		<capsule pos="5.75,24.75,-19.549999999999997" vel="0,0,0" mass="1" elasticityCoef="1" ang="90,0,0" color="0,220,0" radius="0.5" length="4" />
		<capsule pos="5.75,24.75,-17.249999999999996" vel="0,0,0" mass="1" elasticityCoef="1" ang="90,0,0" color="0,220,0" radius="0.5" length="4" />
		<capsule pos="5.75,24.75,-14.949999999999996" vel="0,0,0" mass="1" elasticityCoef="1" ang="90,0,0" color="0,220,0" radius="0.5" length="4" />
		<capsule pos="5.75,24.75,-12.649999999999995" vel="0,0,0" mass="1" elasticityCoef="1" ang="90,0,0" color="0,220,0" radius="0.5" length="4" />
		<capsule pos="5.75,24.75,-10.349999999999994" vel="0,0,0" mass="1" elasticityCoef="1" ang="90,0,0" color="0,220,0" radius="0.5" length="4" />
		<capsule pos="5.75,24.75,-8.049999999999997" vel="0,0,0" mass="1" elasticityCoef="1" ang="90,0,0" color="0,220,0" radius="0.5" length="4" />
		<capsule pos="5.75,24.75,-5.7499999999999964" vel="0,0,0" mass="1" elasticityCoef="1" ang="90,0,0" color="0,220,0" radius="0.5" length="4" />
		<capsule pos="5.75,24.75,-3.4499999999999957" vel="0,0,0" mass="1" elasticityCoef="1" ang="90,0,0" color="0,220,0" radius="0.5" length="4" />
		<capsule pos="5.75,24.75,-1.1499999999999986" vel="0,0,0" mass="1" elasticityCoef="1" ang="90,0,0" color="0,220,0" radius="0.5" length="4" />
		<capsule pos="5.75,24.75,1.1500000000000057" vel="0,0,0" mass="1" elasticityCoef="1" ang="90,0,0" color="0,220,0" radius="0.5" length="4" />
		<capsule pos="5.75,24.75,3.450000000000003" vel="0,0,0" mass="1" elasticityCoef="1" ang="90,0,0" color="0,220,0" radius="0.5" length="4" />
		<capsule pos="5.75,24.75,5.75" vel="0,0,0" mass="1" elasticityCoef="1" ang="90,0,0" color="0,220,0" radius="0.5" length="4" />
		<capsule pos="5.75,24.75,8.050000000000004" vel="0,0,0" mass="1" elasticityCoef="1" ang="90,0,0" color="0,220,0" radius="0.5" length="4" />
		<capsule pos="5.75,24.75,10.350000000000001" vel="0,0,0" mass="1" elasticityCoef="1" ang="90,0,0" color="0,220,0" radius="0.5" length="4" />
		<capsule pos="5.75,24.75,12.650000000000006" vel="0,0,0" mass="1" elasticityCoef="1" ang="90,0,0" color="0,220,0" radius="0.5" length="4" />
		<capsule pos="5.75,24.75,14.950000000000003" vel="0,0,0" mass="1" elasticityCoef="1" ang="90,0,0" color="0,220,0" radius="0.5" length="4" />
		<capsule pos="5.75,24.75,17.25" vel="0,0,0" mass="1" elasticityCoef="1" ang="90,0,0" color="0,220,0" radius="0.5" length="4" />
		<capsule pos="5.75,24.75,19.550000000000004" vel="0,0,0" mass="1" elasticityCoef="1" ang="90,0,0" color="0,220,0" radius="0.5" length="4" />
		<capsule pos="5.75,24.75,21.85" vel="0,0,0" mass="1" elasticityCoef="1" ang="90,0,0" color="0,220,0" radius="0.5" length="4" />
		<capsule pos="5.75,24.75,24.15" vel="0,0,0" mass="1" elasticityCoef="1" ang="90,0,0" color="0,220,0" radius="0.5" length="4" />
		<capsule pos="5.75,24.75,26.450000000000003" vel="0,0,0" mass="1" elasticityCoef="1" ang="90,0,0" color="0,220,0" radius="0.5" length="4" />
		<capsule pos="5.75,24.75,28.75" vel="0,0,0" mass="1" elasticityCoef="1" ang="90,0,0" color="0,220,0" radius="0.5" length="4" />
		<capsule pos="5.75,24.75,31.049999999999997" vel="0,0,0" mass="1" elasticityCoef="1" ang="90,0,0" color="0,220,0" radius="0.5" length="4" />
		<capsule pos="5.75,30.25,-33.349999999999994" vel="0,0,0" mass="1" elasticityCoef="1" ang="90,0,0" color="0,220,0" radius="0.5" length="4" />
		<capsule pos="5.75,30.25,-31.049999999999994" vel="0,0,0" mass="1" elasticityCoef="1" ang="90,0,0" color="0,220,0" radius="0.5" length="4" />
		<capsule pos="5.75,30.25,-28.749999999999993" vel="0,0,0" mass="1" elasticityCoef="1" ang="90,0,0" color="0,220,0" radius="0.5" length="4" />
		<capsule pos="5.75,30.25,-26.449999999999996" vel="0,0,0" mass="1" elasticityCoef="1" ang="90,0,0" color="0,220,0" radius="0.5" length="4" />
		<capsule pos="5.75,30.25,-24.149999999999995" vel="0,0,0" mass="1" elasticityCoef="1" ang="90,0,0" color="0,220,0" radius="0.5" length="4" />
		<capsule pos="5.75,30.25,-21.849999999999994" vel="0,0,0" mass="1" elasticityCoef="1" ang="90,0,0" color="0,220,0" radius="0.5" length="4" />
		<capsule pos="5.75,30.25,-19.549999999999997" vel="0,0,0" mass="1" elasticityCoef="1" ang="90,0,0" color="0,220,0" radius="0.5" length="4" />
		<capsule pos="5.75,30.25,-17.249999999999996" vel="0,0,0" mass="1" elasticityCoef="1" ang="90,0,0" color="0,220,0" radius="0.5" length="4" />
		<capsule pos="5.75,30.25,-14.949999999999996" vel="0,0,0" mass="1" elasticityCoef="1" ang="90,0,0" color="0,220,0" radius="0.5" length="4" />
		<capsule pos="5.75,30.25,-12.649999999999995" vel="0,0,0" mass="1" elasticityCoef="1" ang="90,0,0" color="0,220,0" radius="0.5" length="4" />
		<capsule pos="5.75,30.25,-10.349999999999994" vel="0,0,0" mass="1" elasticityCoef="1" ang="90,0,0" color="0,220,0" radius="0.5" length="4" />
		<capsule pos="5.75,30.25,-8.049999999999997" vel="0,0,0" mass="1" elasticityCoef="1" ang="90,0,0" color="0,220,0" radius="0.5" length="4" />
		<capsule pos="5.75,30.25,-5.7499999999999964" vel="0,0,0" mass="1" elasticityCoef="1" ang="90,0,0" color="0,220,0" radius="0.5" length="4" />
		<capsule pos="5.75,30.25,-3.4499999999999957" vel="0,0,0" mass="1" elasticityCoef="1" ang="90,0,0" color="0,220,0" radius="0.5" length="4" />
		<capsule pos="5.75,30.25,-1.1499999999999986" vel="0,0,0" mass="1" elasticityCoef="1" ang="90,0,0" color="0,220,0" radius="0.5" length="4" />
		<capsule pos="5.75,30.25,1.1500000000000057" vel="0,0,0" mass="1" elasticityCoef="1" ang="90,0,0" color="0,220,0" radius="0.5" length="4" />
		<capsule pos="5.75,30.25,3.450000000000003" vel="0,0,0" mass="1" elasticityCoef="1" ang="90,0,0" color="0,220,0" radius="0.5" length="4" />
		<capsule pos="5.75,30.25,5.75" vel="0,0,0" mass="1" elasticityCoef="1" ang="90,0,0" color="0,220,0" radius="0.5" length="4" />
		<capsule pos="5.75,30.25,8.050000000000004" vel="0,0,0" mass="1" elasticityCoef="1" ang="90,0,0" color="0,220,0" radius="0.5" length="4" />
		<capsule pos="5.75,30.25,10.350000000000001" vel="0,0,0" mass="1" elasticityCoef="1" ang="90,0,0" color="0,220,0" radius="0.5" length="4" />
		<capsule pos="5.75,30.25,12.650000000000006" vel="0,0,0" mass="1" elasticityCoef="1" ang="90,0,0" color="0,220,0" radius="0.5" length="4" />
		<capsule pos="5.75,30.25,14.950000000000003" vel="0,0,0" mass="1" elasticityCoef="1" ang="90,0,0" color="0,220,0" radius="0.5" length="4" />
		<capsule pos="5.75,30.25,17.25" vel="0,0,0" mass="1" elasticityCoef="1" ang="90,0,0" color="0,220,0" radius="0.5" length="4" />
		<capsule pos="5.75,30.25,19.550000000000004" vel="0,0,0" mass="1" elasticityCoef="1" ang="90,0,0" color="0,220,0" radius="0.5" length="4" />
		<capsule pos="5.75,30.25,21.85" vel="0,0,0" mass="1" elasticityCoef="1" ang="90,0,0" color="0,220,0" radius="0.5" length="4" />
		<capsule pos="5.75,30.25,24.15" vel="0,0,0" mass="1" elasticityCoef="1" ang="90,0,0" color="0,220,0" radius="0.5" length="4" />
		<capsule pos="5.75,30.25,26.450000000000003" vel="0,0,0" mass="1" elasticityCoef="1" ang="90,0,0" color="0,220,0" radius="0.5" length="4" />
		<capsule pos="5.75,30.25,28.75" vel="0,0,0" mass="1" elasticityCoef="1" ang="90,0,0" color="0,220,0" radius="0.5" length="4" />
		<capsule pos="5.75,30.25,31.049999999999997" vel="0,0,0" mass="1" elasticityCoef="1" ang="90,0,0" color="0,220,0" radius="0.5" length="4" />
		<capsule pos="5.75,35.75,-33.349999999999994" vel="0,0,0" mass="1" elasticityCoef="1" ang="90,0,0" color="0,220,0" radius="0.5" length="4" />
		<capsule pos="5.75,35.75,-31.049999999999994" vel="0,0,0" mass="1" elasticityCoef="1" ang="90,0,0" color="0,220,0" radius="0.5" length="4" />
		<capsule pos="5.75,35.75,-28.749999999999993" vel="0,0,0" mass="1" elasticityCoef="1" ang="90,0,0" color="0,220,0" radius="0.5" length="4" />
		<capsule pos="5.75,35.75,-26.449999999999996" vel="0,0,0" mass="1" elasticityCoef="1" ang="90,0,0" color="0,220,0" radius="0.5" length="4" />
		<capsule pos="5.75,35.75,-24.149999999999995" vel="0,0,0" mass="1" elasticityCoef="1" ang="90,0,0" color="0,220,0" radius="0.5" length="4" />
		<capsule pos="5.75,35.75,-21.849999999999994" vel="0,0,0" mass="1" elasticityCoef="1" ang="90,0,0" color="0,220,0" radius="0.5" length="4" />
		<capsule pos="5.75,35.75,-19.549999999999997" vel="0,0,0" mass="1" elasticityCoef="1" ang="90,0,0" color="0,220,0" radius="0.5" length="4" />
		<capsule pos="5.75,35.75,-17.249999999999996" vel="0,0,0" mass="1" elasticityCoef="1" ang="90,0,0" color="0,220,0" radius="0.5" length="4" />
		<capsule pos="5.75,35.75,-14.949999999999996" vel="0,0,0" mass="1" elasticityCoef="1" ang="90,0,0" color="0,220,0" radius="0.5" length="4" />
		<capsule pos="5.75,35.75,-12.649999999999995" vel="0,0,0" mass="1" elasticityCoef="1" ang="90,0,0" color="0,220,0" radius="0.5" length="4" />
		<capsule pos="5.75,35.75,-10.349999999999994" vel="0,0,0" mass="1" elasticityCoef="1" ang="90,0,0" color="0,220,0" radius="0.5" length="4" />
		<capsule pos="5.75,35.75,-8.049999999999997" vel="0,0,0" mass="1" elasticityCoef="1" ang="90,0,0" color="0,220,0" radius="0.5" length="4" />
		<capsule pos="5.75,35.75,-5.7499999999999964" vel="0,0,0" mass="1" elasticityCoef="1" ang="90,0,0" color="0,220,0" radius="0.5" length="4" />
		<capsule pos="5.75,35.75,-3.4499999999999957" vel="0,0,0" mass="1" elasticityCoef="1" ang="90,0,0" color="0,220,0" radius="0.5" length="4" />
		<capsule pos="5.75,35.75,-1.1499999999999986" vel="0,0,0" mass="1" elasticityCoef="1" ang="90,0,0" color="0,220,0" radius="0.5" length="4" />
		<capsule pos="5.75,35.75,1.1500000000000057" vel="0,0,0" mass="1" elasticityCoef="1" ang="90,0,0" color="0,220,0" radius="0.5" length="4" />
		<capsule pos="5.75,35.75,3.450000000000003" vel="0,0,0" mass="1" elasticityCoef="1" ang="90,0,0" color="0,220,0" radius="0.5" length="4" />
		<capsule pos="5.75,35.75,5.75" vel="0,0,0" mass="1" elasticityCoef="1" ang="90,0,0" color="0,220,0" radius="0.5" length="4" />
		<capsule pos="5.75,35.75,8.050000000000004" vel="0,0,0" mass="1" elasticityCoef="1" ang="90,0,0" color="0,220,0" radius="0.5" length="4" />
		<capsule pos="5.75,35.75,10.350000000000001" vel="0,0,0" mass="1" elasticityCoef="1" ang="90,0,0" color="0,220,0" radius="0.5" length="4" />
		<capsule pos="5.75,35.75,12.650000000000006" vel="0,0,0" mass="1" elasticityCoef="1" ang="90,0,0" color="0,220,0" radius="0.5" length="4" />
		<capsule pos="5.75,35.75,14.950000000000003" vel="0,0,0" mass="1" elasticityCoef="1" ang="90,0,0" color="0,220,0" radius="0.5" length="4" />
		<capsule pos="5.75,35.75,17.25" vel="0,0,0" mass="1" elasticityCoef="1" ang="90,0,0" color="0,220,0" radius="0.5" length="4" />
		<capsule pos="5.75,35.75,19.550000000000004" vel="0,0,0" mass="1" elasticityCoef="1" ang="90,0,0" color="0,220,0" radius="0.5" length="4" />
		<capsule pos="5.75,35.75,21.85" vel="0,0,0" mass="1" elasticityCoef="1" ang="90,0,0" color="0,220,0" radius="0.5" length="4" />
		<capsule pos="5.75,35.75,24.15" vel="0,0,0" mass="1" elasticityCoef="1" ang="90,0,0" color="0,220,0" radius="0.5" length="4" />
		<capsule pos="5.75,35.75,26.450000000000003" vel="0,0,0" mass="1" elasticityCoef="1" ang="90,0,0" color="0,220,0" radius="0.5" length="4" />
		<capsule pos="5.75,35.75,28.75" vel="0,0,0" mass="1" elasticityCoef="1" ang="90,0,0" color="0,220,0" radius="0.5" length="4" />
		<capsule pos="5.75,35.75,31.049999999999997" vel="0,0,0" mass="1" elasticityCoef="1" ang="90,0,0" color="0,220,0" radius="0.5" length="4" />
		<capsule pos="8.050000000000004,-41.25,-33.349999999999994" vel="0,0,0" mass="1" elasticityCoef="1" ang="90,0,0" color="0,220,0" radius="0.5" length="4" />
		<capsule pos="8.050000000000004,-41.25,-31.049999999999994" vel="0,0,0" mass="1" elasticityCoef="1" ang="90,0,0" color="0,220,0" radius="0.5" length="4" />
		<capsule pos="8.050000000000004,-41.25,-28.749999999999993" vel="0,0,0" mass="1" elasticityCoef="1" ang="90,0,0" color="0,220,0" radius="0.5" length="4" />
		<capsule pos="8.050000000000004,-41.25,-26.449999999999996" vel="0,0,0" mass="1" elasticityCoef="1" ang="90,0,0" color="0,220,0" radius="0.5" length="4" />
		<capsule pos="8.050000000000004,-41.25,-24.149999999999995" vel="0,0,0" mass="1" elasticityCoef="1" ang="90,0,0" color="0,220,0" radius="0.5" length="4" />
		<capsule pos="8.050000000000004,-41.25,-21.849999999999994" vel="0,0,0" mass="1" elasticityCoef="1" ang="90,0,0" color="0,220,0" radius="0.5" length="4" />
		<capsule pos="8.050000000000004,-41.25,-19.549999999999997" vel="0,0,0" mass="1" elasticityCoef="1" ang="90,0,0" color="0,220,0" radius="0.5" length="4" />
		<capsule pos="8.050000000000004,-41.25,-17.249999999999996" vel="0,0,0" mass="1" elasticityCoef="1" ang="90,0,0" color="0,220,0" radius="0.5" length="4" />
		<capsule pos="8.050000000000004,-41.25,-14.949999999999996" vel="0,0,0" mass="1" elasticityCoef="1" ang="90,0,0" color="0,220,0" radius="0.5" length="4" />
		<capsule pos="8.050000000000004,-41.25,-12.649999999999995" vel="0,0,0" mass="1" elasticityCoef="1" ang="90,0,0" color="0,220,0" radius="0.5" length="4" />
		<capsule pos="8.050000000000004,-41.25,-10.349999999999994" vel="0,0,0" mass="1" elasticityCoef="1" ang="90,0,0" color="0,220,0" radius="0.5" length="4" />
		<capsule pos="8.050000000000004,-41.25,-8.049999999999997" vel="0,0,0" mass="1" elasticityCoef="1" ang="90,0,0" color="0,220,0" radius="0.5" length="4" />
		<capsule pos="8.050000000000004,-41.25,-5.7499999999999964" vel="0,0,0" mass="1" elasticityCoef="1" ang="90,0,0" color="0,220,0" radius="0.5" length="4" />
		<capsule pos="8.050000000000004,-41.25,-3.4499999999999957" vel="0,0,0" mass="1" elasticityCoef="1" ang="90,0,0" color="0,220,0" radius="0.5" length="4" />
		<capsule pos="8.050000000000004,-41.25,-1.1499999999999986" vel="0,0,0" mass="1" elasticityCoef="1" ang="90,0,0" color="0,220,0" radius="0.5" length="4" />
		<capsule pos="8.050000000000004,-41.25,1.1500000000000057" vel="0,0,0" mass="1" elasticityCoef="1" ang="90,0,0" color="0,220,0" radius="0.5" length="4" />
		<capsule pos="8.050000000000004,-41.25,3.450000000000003" vel="0,0,0" mass="1" elasticityCoef="1" ang="90,0,0" color="0,220,0" radius="0.5" length="4" />
		<capsule pos="8.050000000000004,-41.25,5.75" vel="0,0,0" mass="1" elasticityCoef="1" ang="90,0,0" color="0,220,0" radius="0.5" length="4" />
		<capsule pos="8.050000000000004,-41.25,8.050000000000004" vel="0,0,0" mass="1" elasticityCoef="1" ang="90,0,0" color="0,220,0" radius="0.5" length="4" />
		<capsule pos="8.050000000000004,-41.25,10.350000000000001" vel="0,0,0" mass="1" elasticityCoef="1" ang="90,0,0" color="0,220,0" radius="0.5" length="4" />
		<capsule pos="8.050000000000004,-41.25,12.650000000000006" vel="0,0,0" mass="1" elasticityCoef="1" ang="90,0,0" color="0,220,0" radius="0.5" length="4" />
		<capsule pos="8.050000000000004,-41.25,14.950000000000003" vel="0,0,0" mass="1" elasticityCoef="1" ang="90,0,0" color="0,220,0" radius="0.5" length="4" />
		<capsule pos="8.050000000000004,-41.25,17.25" vel="0,0,0" mass="1" elasticityCoef="1" ang="90,0,0" color="0,220,0" radius="0.5" length="4" />
		<capsule pos="8.050000000000004,-41.25,19.550000000000004" vel="0,0,0" mass="1" elasticityCoef="1" ang="90,0,0" color="0,220,0" radius="0.5" length="4" />
		<capsule pos="8.050000000000004,-41.25,21.85" vel="0,0,0" mass="1" elasticityCoef="1" ang="90,0,0" color="0,220,0" radius="0.5" length="4" />
		<capsule pos="8.050000000000004,-41.25,24.15" vel="0,0,0" mass="1" elasticityCoef="1" ang="90,0,0" color="0,220,0" radius="0.5" length="4" />
		<capsule pos="8.050000000000004,-41.25,26.450000000000003" vel="0,0,0" mass="1" elasticityCoef="1" ang="90,0,0" color="0,220,0" radius="0.5" length="4" />
		<capsule pos="8.050000000000004,-41.25,28.75" vel="0,0,0" mass="1" elasticityCoef="1" ang="90,0,0" color="0,220,0" radius="0.5" length="4" />
		<capsule pos="8.050000000000004,-41.25,31.049999999999997" vel="0,0,0" mass="1" elasticityCoef="1" ang="90,0,0" color="0,220,0" radius="0.5" length="4" />
		<capsule pos="8.050000000000004,-35.75,-33.349999999999994" vel="0,0,0" mass="1" elasticityCoef="1" ang="90,0,0" color="0,220,0" radius="0.5" length="4" />
		<capsule pos="8.050000000000004,-35.75,-31.049999999999994" vel="0,0,0" mass="1" elasticityCoef="1" ang="90,0,0" color="0,220,0" radius="0.5" length="4" />
		<capsule pos="8.050000000000004,-35.75,-28.749999999999993" vel="0,0,0" mass="1" elasticityCoef="1" ang="90,0,0" color="0,220,0" radius="0.5" length="4" />
		<capsule pos="8.050000000000004,-35.75,-26.449999999999996" vel="0,0,0" mass="1" elasticityCoef="1" ang="90,0,0" color="0,220,0" radius="0.5" length="4" />
		<capsule pos="8.050000000000004,-35.75,-24.149999999999995" vel="0,0,0" mass="1" elasticityCoef="1" ang="90,0,0" color="0,220,0" radius="0.5" length="4" />
		<capsule pos="8.050000000000004,-35.75,-21.849999999999994" vel="0,0,0" mass="1" elasticityCoef="1" ang="90,0,0" color="0,220,0" radius="0.5" length="4" />
		<capsule pos="8.050000000000004,-35.75,-19.549999999999997" vel="0,0,0" mass="1" elasticityCoef="1" ang="90,0,0" color="0,220,0" radius="0.5" length="4" />
		<capsule pos="8.050000000000004,-35.75,-17.249999999999996" vel="0,0,0" mass="1" elasticityCoef="1" ang="90,0,0" color="0,220,0" radius="0.5" length="4" />
		<capsule pos="8.050000000000004,-35.75,-14.949999999999996" vel="0,0,0" mass="1" elasticityCoef="1" ang="90,0,0" color="0,220,0" radius="0.5" length="4" />
		<capsule pos="8.050000000000004,-35.75,-12.649999999999995" vel="0,0,0" mass="1" elasticityCoef="1" ang="90,0,0" color="0,220,0" radius="0.5" length="4" />
		<capsule pos="8.050000000000004,-35.75,-10.349999999999994" vel="0,0,0" mass="1" elasticityCoef="1" ang="90,0,0" color="0,220,0" radius="0.5" length="4" />
		<capsule pos="8.050000000000004,-35.75,-8.049999999999997" vel="0,0,0" mass="1" elasticityCoef="1" ang="90,0,0" color="0,220,0" radius="0.5" length="4" />
		<capsule pos="8.050000000000004,-35.75,-5.7499999999999964" vel="0,0,0" mass="1" elasticityCoef="1" ang="90,0,0" color="0,220,0" radius="0.5" length="4" />
		<capsule pos="8.050000000000004,-35.75,-3.4499999999999957" vel="0,0,0" mass="1" elasticityCoef="1" ang="90,0,0" color="0,220,0" radius="0.5" length="4" />
		<capsule pos="8.050000000000004,-35.75,-1.1499999999999986" vel="0,0,0" mass="1" elasticityCoef="1" ang="90,0,0" color="0,220,0" radius="0.5" length="4" />
		<capsule pos="8.050000000000004,-35.75,1.1500000000000057" vel="0,0,0" mass="1" elasticityCoef="1" ang="90,0,0" color="0,220,0" radius="0.5" length="4" />
		<capsule pos="8.050000000000004,-35.75,3.450000000000003" vel="0,0,0" mass="1" elasticityCoef="1" ang="90,0,0" color="0,220,0" radius="0.5" length="4" />
		<capsule pos="8.050000000000004,-35.75,5.75" vel="0,0,0" mass="1" elasticityCoef="1" ang="90,0,0" color="0,220,0" radius="0.5" length="4" />
		<capsule pos="8.050000000000004,-35.75,8.050000000000004" vel="0,0,0" mass="1" elasticityCoef="1" ang="90,0,0" color="0,220,0" radius="0.5" length="4" />
		<capsule pos="8.050000000000004,-35.75,10.350000000000001" vel="0,0,0" mass="1" elasticityCoef="1" ang="90,0,0" color="0,220,0" radius="0.5" length="4" />
		<capsule pos="8.050000000000004,-35.75,12.650000000000006" vel="0,0,0" mass="1" elasticityCoef="1" ang="90,0,0" color="0,220,0" radius="0.5" length="4" />
		<capsule pos="8.050000000000004,-35.75,14.950000000000003" vel="0,0,0" mass="1" elasticityCoef="1" ang="90,0,0" color="0,220,0" radius="0.5" length="4" />
		<capsule pos="8.050000000000004,-35.75,17.25" vel="0,0,0" mass="1" elasticityCoef="1" ang="90,0,0" color="0,220,0" radius="0.5" length="4" />
		<capsule pos="8.050000000000004,-35.75,19.550000000000004" vel="0,0,0" mass="1" elasticityCoef="1" ang="90,0,0" color="0,220,0" radius="0.5" length="4" />
		<capsule pos="8.050000000000004,-35.75,21.85" vel="0,0,0" mass="1" elasticityCoef="1" ang="90,0,0" color="0,220,0" radius="0.5" length="4" />
		<capsule pos="8.050000000000004,-35.75,24.15" vel="0,0,0" mass="1" elasticityCoef="1" ang="90,0,0" color="0,220,0" radius="0.5" length="4" />
		<capsule pos="8.050000000000004,-35.75,26.450000000000003" vel="0,0,0" mass="1" elasticityCoef="1" ang="90,0,0" color="0,220,0" radius="0.5" length="4" />
		<capsule pos="8.050000000000004,-35.75,28.75" vel="0,0,0" mass="1" elasticityCoef="1" ang="90,0,0" color="0,220,0" radius="0.5" length="4" />
		<capsule pos="8.050000000000004,-35.75,31.049999999999997" vel="0,0,0" mass="1" elasticityCoef="1" ang="90,0,0" color="0,220,0" radius="0.5" length="4" />
		<capsule pos="8.050000000000004,-30.25,-33.349999999999994" vel="0,0,0" mass="1" elasticityCoef="1" ang="90,0,0" color="0,220,0" radius="0.5" length="4" />
		<capsule pos="8.050000000000004,-30.25,-31.049999999999994" vel="0,0,0" mass="1" elasticityCoef="1" ang="90,0,0" color="0,220,0" radius="0.5" length="4" />
		<capsule pos="8.050000000000004,-30.25,-28.749999999999993" vel="0,0,0" mass="1" elasticityCoef="1" ang="90,0,0" color="0,220,0" radius="0.5" length="4" />
		<capsule pos="8.050000000000004,-30.25,-26.449999999999996" vel="0,0,0" mass="1" elasticityCoef="1" ang="90,0,0" color="0,220,0" radius="0.5" length="4" />
		<capsule pos="8.050000000000004,-30.25,-24.149999999999995" vel="0,0,0" mass="1" elasticityCoef="1" ang="90,0,0" color="0,220,0" radius="0.5" length="4" />
		<capsule pos="8.050000000000004,-30.25,-21.849999999999994" vel="0,0,0" mass="1" elasticityCoef="1" ang="90,0,0" color="0,220,0" radius="0.5" length="4" />
		<capsule pos="8.050000000000004,-30.25,-19.549999999999997" vel="0,0,0" mass="1" elasticityCoef="1" ang="90,0,0" color="0,220,0" radius="0.5" length="4" />
		<capsule pos="8.050000000000004,-30.25,-17.249999999999996" vel="0,0,0" mass="1" elasticityCoef="1" ang="90,0,0" color="0,220,0" radius="0.5" length="4" />
		<capsule pos="8.050000000000004,-30.25,-14.949999999999996" vel="0,0,0" mass="1" elasticityCoef="1" ang="90,0,0" color="0,220,0" radius="0.5" length="4" />
		<capsule pos="8.050000000000004,-30.25,-12.649999999999995" vel="0,0,0" mass="1" elasticityCoef="1" ang="90,0,0" color="0,220,0" radius="0.5" length="4" />
		<capsule pos="8.050000000000004,-30.25,-10.349999999999994" vel="0,0,0" mass="1" elasticityCoef="1" ang="90,0,0" color="0,220,0" radius="0.5" length="4" />
		<capsule pos="8.050000000000004,-30.25,-8.049999999999997" vel="0,0,0" mass="1" elasticityCoef="1" ang="90,0,0" color="0,220,0" radius="0.5" length="4" />
		<capsule pos="8.050000000000004,-30.25,-5.7499999999999964" vel="0,0,0" mass="1" elasticityCoef="1" ang="90,0,0" color="0,220,0" radius="0.5" length="4" />
		<capsule pos="8.050000000000004,-30.25,-3.4499999999999957" vel="0,0,0" mass="1" elasticityCoef="1" ang="90,0,0" color="0,220,0" radius="0.5" length="4" />
		<capsule pos="8.050000000000004,-30.25,-1.1499999999999986" vel="0,0,0" mass="1" elasticityCoef="1" ang="90,0,0" color="0,220,0" radius="0.5" length="4" />
		<capsule pos="8.050000000000004,-30.25,1.1500000000000057" vel="0,0,0" mass="1" elasticityCoef="1" ang="90,0,0" color="0,220,0" radius="0.5" length="4" />
		<capsule pos="8.050000000000004,-30.25,3.450000000000003" vel="0,0,0" mass="1" elasticityCoef="1" ang="90,0,0" color="0,220,0" radius="0.5" length="4" />
		<capsule pos="8.050000000000004,-30.25,5.75" vel="0,0,0" mass="1" elasticityCoef="1" ang="90,0,0" color="0,220,0" radius="0.5" length="4" />
		<capsule pos="8.050000000000004,-30.25,8.050000000000004" vel="0,0,0" mass="1" elasticityCoef="1" ang="90,0,0" color="0,220,0" radius="0.5" length="4" />
		<capsule pos="8.050000000000004,-30.25,10.350000000000001" vel="0,0,0" mass="1" elasticityCoef="1" ang="90,0,0" color="0,220,0" radius="0.5" length="4" />
		<capsule pos="8.050000000000004,-30.25,12.650000000000006" vel="0,0,0" mass="1" elasticityCoef="1" ang="90,0,0" color="0,220,0" radius="0.5" length="4" />
		<capsule pos="8.050000000000004,-30.25,14.950000000000003" vel="0,0,0" mass="1" elasticityCoef="1" ang="90,0,0" color="0,220,0" radius="0.5" length="4" />
		<capsule pos="8.050000000000004,-30.25,17.25" vel="0,0,0" mass="1" elasticityCoef="1" ang="90,0,0" color="0,220,0" radius="0.5" length="4" />
		<capsule pos="8.050000000000004,-30.25,19.550000000000004" vel="0,0,0" mass="1" elasticityCoef="1" ang="90,0,0" color="0,220,0" radius="0.5" length="4" />
		<capsule pos="8.050000000000004,-30.25,21.85" vel="0,0,0" mass="1" elasticityCoef="1" ang="90,0,0" color="0,220,0" radius="0.5" length="4" />
		<capsule pos="8.050000000000004,-30.25,24.15" vel="0,0,0" mass="1" elasticityCoef="1" ang="90,0,0" color="0,220,0" radius="0.5" length="4" />
		<capsule pos="8.050000000000004,-30.25,26.450000000000003" vel="0,0,0" mass="1" elasticityCoef="1" ang="90,0,0" color="0,220,0" radius="0.5" length="4" />
		<capsule pos="8.050000000000004,-30.25,28.75" vel="0,0,0" mass="1" elasticityCoef="1" ang="90,0,0" color="0,220,0" radius="0.5" length="4" />
		<capsule pos="8.050000000000004,-30.25,31.049999999999997" vel="0,0,0" mass="1" elasticityCoef="1" ang="90,0,0" color="0,220,0" radius="0.5" length="4" />
		<capsule pos="8.050000000000004,-24.75,-33.349999999999994" vel="0,0,0" mass="1" elasticityCoef="1" ang="90,0,0" color="0,220,0" radius="0.5" length="4" />
		<capsule pos="8.050000000000004,-24.75,-31.049999999999994" vel="0,0,0" mass="1" elasticityCoef="1" ang="90,0,0" color="0,220,0" radius="0.5" length="4" />
		<capsule pos="8.050000000000004,-24.75,-28.749999999999993" vel="0,0,0" mass="1" elasticityCoef="1" ang="90,0,0" color="0,220,0" radius="0.5" length="4" />
		<capsule pos="8.050000000000004,-24.75,-26.449999999999996" vel="0,0,0" mass="1" elasticityCoef="1" ang="90,0,0" color="0,220,0" radius="0.5" length="4" />
		<capsule pos="8.050000000000004,-24.75,-24.149999999999995" vel="0,0,0" mass="1" elasticityCoef="1" ang="90,0,0" color="0,220,0" radius="0.5" length="4" />
		<capsule pos="8.050000000000004,-24.75,-21.849999999999994" vel="0,0,0" mass="1" elasticityCoef="1" ang="90,0,0" color="0,220,0" radius="0.5" length="4" />
		<capsule pos="8.050000000000004,-24.75,-19.549999999999997" vel="0,0,0" mass="1" elasticityCoef="1" ang="90,0,0" color="0,220,0" radius="0.5" length="4" />
		<capsule pos="8.050000000000004,-24.75,-17.249999999999996" vel="0,0,0" mass="1" elasticityCoef="1" ang="90,0,0" color="0,220,0" radius="0.5" length="4" />
		<capsule pos="8.050000000000004,-24.75,-14.949999999999996" vel="0,0,0" mass="1" elasticityCoef="1" ang="90,0,0" color="0,220,0" radius="0.5" length="4" />
		<capsule pos="8.050000000000004,-24.75,-12.649999999999995" vel="0,0,0" mass="1" elasticityCoef="1" ang="90,0,0" color="0,220,0" radius="0.5" length="4" />
		<capsule pos="8.050000000000004,-24.75,-10.349999999999994" vel="0,0,0" mass="1" elasticityCoef="1" ang="90,0,0" color="0,220,0" radius="0.5" length="4" />
		<capsule pos="8.050000000000004,-24.75,-8.049999999999997" vel="0,0,0" mass="1" elasticityCoef="1" ang="90,0,0" color="0,220,0" radius="0.5" length="4" />
		<capsule pos="8.050000000000004,-24.75,-5.7499999999999964" vel="0,0,0" mass="1" elasticityCoef="1" ang="90,0,0" color="0,220,0" radius="0.5" length="4" />
		<capsule pos="8.050000000000004,-24.75,-3.4499999999999957" vel="0,0,0" mass="1" elasticityCoef="1" ang="90,0,0" color="0,220,0" radius="0.5" length="4" />
		<capsule pos="8.050000000000004,-24.75,-1.1499999999999986" vel="0,0,0" mass="1" elasticityCoef="1" ang="90,0,0" color="0,220,0" radius="0.5" length="4" />
		<capsule pos="8.050000000000004,-24.75,1.1500000000000057" vel="0,0,0" mass="1" elasticityCoef="1" ang="90,0,0" color="0,220,0" radius="0.5" length="4" />
		<capsule pos="8.050000000000004,-24.75,3.450000000000003" vel="0,0,0" mass="1" elasticityCoef="1" ang="90,0,0" color="0,220,0" radius="0.5" length="4" />
		<capsule pos="8.050000000000004,-24.75,5.75" vel="0,0,0" mass="1" elasticityCoef="1" ang="90,0,0" color="0,220,0" radius="0.5" length="4" />
		<capsule pos="8.050000000000004,-24.75,8.050000000000004" vel="0,0,0" mass="1" elasticityCoef="1" ang="90,0,0" color="0,220,0" radius="0.5" length="4" />
		<capsule pos="8.050000000000004,-24.75,10.350000000000001" vel="0,0,0" mass="1" elasticityCoef="1" ang="90,0,0" color="0,220,0" radius="0.5" length="4" />
		<capsule pos="8.050000000000004,-24.75,12.650000000000006" vel="0,0,0" mass="1" elasticityCoef="1" ang="90,0,0" color="0,220,0" radius="0.5" length="4" />
		<capsule pos="8.050000000000004,-24.75,14.950000000000003" vel="0,0,0" mass="1" elasticityCoef="1" ang="90,0,0" color="0,220,0" radius="0.5" length="4" />
		<capsule pos="8.050000000000004,-24.75,17.25" vel="0,0,0" mass="1" elasticityCoef="1" ang="90,0,0" color="0,220,0" radius="0.5" length="4" />
		<capsule pos="8.050000000000004,-24.75,19.550000000000004" vel="0,0,0" mass="1" elasticityCoef="1" ang="90,0,0" color="0,220,0" radius="0.5" length="4" />
		<capsule pos="8.050000000000004,-24.75,21.85" vel="0,0,0" mass="1" elasticityCoef="1" ang="90,0,0" color="0,220,0" radius="0.5" length="4" />
		<capsule pos="8.050000000000004,-24.75,24.15" vel="0,0,0" mass="1" elasticityCoef="1" ang="90,0,0" color="0,220,0" radius="0.5" length="4" />
		<capsule pos="8.050000000000004,-24.75,26.450000000000003" vel="0,0,0" mass="1" elasticityCoef="1" ang="90,0,0" color="0,220,0" radius="0.5" length="4" />
		<capsule pos="8.050000000000004,-24.75,28.75" vel="0,0,0" mass="1" elasticityCoef="1" ang="90,0,0" color="0,220,0" radius="0.5" length="4" />
		<capsule pos="8.050000000000004,-24.75,31.049999999999997" vel="0,0,0" mass="1" elasticityCoef="1" ang="90,0,0" color="0,220,0" radius="0.5" length="4" />
		<capsule pos="8.050000000000004,-19.25,-33.349999999999994" vel="0,0,0" mass="1" elasticityCoef="1" ang="90,0,0" color="0,220,0" radius="0.5" length="4" />
		<capsule pos="8.050000000000004,-19.25,-31.049999999999994" vel="0,0,0" mass="1" elasticityCoef="1" ang="90,0,0" color="0,220,0" radius="0.5" length="4" />
		<capsule pos="8.050000000000004,-19.25,-28.749999999999993" vel="0,0,0" mass="1" elasticityCoef="1" ang="90,0,0" color="0,220,0" radius="0.5" length="4" />
		<capsule pos="8.050000000000004,-19.25,-26.449999999999996" vel="0,0,0" mass="1" elasticityCoef="1" ang="90,0,0" color="0,220,0" radius="0.5" length="4" />
		<capsule pos="8.050000000000004,-19.25,-24.149999999999995" vel="0,0,0" mass="1" elasticityCoef="1" ang="90,0,0" color="0,220,0" radius="0.5" length="4" />
		<capsule pos="8.050000000000004,-19.25,-21.849999999999994" vel="0,0,0" mass="1" elasticityCoef="1" ang="90,0,0" color="0,220,0" radius="0.5" length="4" />
		<capsule pos="8.050000000000004,-19.25,-19.549999999999997" vel="0,0,0" mass="1" elasticityCoef="1" ang="90,0,0" color="0,220,0" radius="0.5" length="4" />
		<capsule pos="8.050000000000004,-19.25,-17.249999999999996" vel="0,0,0" mass="1" elasticityCoef="1" ang="90,0,0" color="0,220,0" radius="0.5" length="4" />
		<capsule pos="8.050000000000004,-19.25,-14.949999999999996" vel="0,0,0" mass="1" elasticityCoef="1" ang="90,0,0" color="0,220,0" radius="0.5" length="4" />
		<capsule pos="8.050000000000004,-19.25,-12.649999999999995" vel="0,0,0" mass="1" elasticityCoef="1" ang="90,0,0" color="0,220,0" radius="0.5" length="4" />
		<capsule pos="8.050000000000004,-19.25,-10.349999999999994" vel="0,0,0" mass="1" elasticityCoef="1" ang="90,0,0" color="0,220,0" radius="0.5" length="4" />
		<capsule pos="8.050000000000004,-19.25,-8.049999999999997" vel="0,0,0" mass="1" elasticityCoef="1" ang="90,0,0" color="0,220,0" radius="0.5" length="4" />
		<capsule pos="8.050000000000004,-19.25,-5.7499999999999964" vel="0,0,0" mass="1" elasticityCoef="1" ang="90,0,0" color="0,220,0" radius="0.5" length="4" />
		<capsule pos="8.050000000000004,-19.25,-3.4499999999999957" vel="0,0,0" mass="1" elasticityCoef="1" ang="90,0,0" color="0,220,0" radius="0.5" length="4" />
		<capsule pos="8.050000000000004,-19.25,-1.1499999999999986" vel="0,0,0" mass="1" elasticityCoef="1" ang="90,0,0" color="0,220,0" radius="0.5" length="4" />
		<capsule pos="8.050000000000004,-19.25,1.1500000000000057" vel="0,0,0" mass="1" elasticityCoef="1" ang="90,0,0" color="0,220,0" radius="0.5" length="4" />
		<capsule pos="8.050000000000004,-19.25,3.450000000000003" vel="0,0,0" mass="1" elasticityCoef="1" ang="90,0,0" color="0,220,0" radius="0.5" length="4" />
		<capsule pos="8.050000000000004,-19.25,5.75" vel="0,0,0" mass="1" elasticityCoef="1" ang="90,0,0" color="0,220,0" radius="0.5" length="4" />
		<capsule pos="8.050000000000004,-19.25,8.050000000000004" vel="0,0,0" mass="1" elasticityCoef="1" ang="90,0,0" color="0,220,0" radius="0.5" length="4" />
		<capsule pos="8.050000000000004,-19.25,10.350000000000001" vel="0,0,0" mass="1" elasticityCoef="1" ang="90,0,0" color="0,220,0" radius="0.5" length="4" />
		<capsule pos="8.050000000000004,-19.25,12.650000000000006" vel="0,0,0" mass="1" elasticityCoef="1" ang="90,0,0" color="0,220,0" radius="0.5" length="4" />
		<capsule pos="8.050000000000004,-19.25,14.950000000000003" vel="0,0,0" mass="1" elasticityCoef="1" ang="90,0,0" color="0,220,0" radius="0.5" length="4" />
		<capsule pos="8.050000000000004,-19.25,17.25" vel="0,0,0" mass="1" elasticityCoef="1" ang="90,0,0" color="0,220,0" radius="0.5" length="4" />
		<capsule pos="8.050000000000004,-19.25,19.550000000000004" vel="0,0,0" mass="1" elasticityCoef="1" ang="90,0,0" color="0,220,0" radius="0.5" length="4" />
		<capsule pos="8.050000000000004,-19.25,21.85" vel="0,0,0" mass="1" elasticityCoef="1" ang="90,0,0" color="0,220,0" radius="0.5" length="4" />
		<capsule pos="8.050000000000004,-19.25,24.15" vel="0,0,0" mass="1" elasticityCoef="1" ang="90,0,0" color="0,220,0" radius="0.5" length="4" />
		<capsule pos="8.050000000000004,-19.25,26.450000000000003" vel="0,0,0" mass="1" elasticityCoef="1" ang="90,0,0" color="0,220,0" radius="0.5" length="4" />
		<capsule pos="8.050000000000004,-19.25,28.75" vel="0,0,0" mass="1" elasticityCoef="1" ang="90,0,0" color="0,220,0" radius="0.5" length="4" />
		<capsule pos="8.050000000000004,-19.25,31.049999999999997" vel="0,0,0" mass="1" elasticityCoef="1" ang="90,0,0" color="0,220,0" radius="0.5" length="4" />
		<capsule pos="8.050000000000004,-13.75,-33.349999999999994" vel="0,0,0" mass="1" elasticityCoef="1" ang="90,0,0" color="0,220,0" radius="0.5" length="4" />
		<capsule pos="8.050000000000004,-13.75,-31.049999999999994" vel="0,0,0" mass="1" elasticityCoef="1" ang="90,0,0" color="0,220,0" radius="0.5" length="4" />
		<capsule pos="8.050000000000004,-13.75,-28.749999999999993" vel="0,0,0" mass="1" elasticityCoef="1" ang="90,0,0" color="0,220,0" radius="0.5" length="4" />
		<capsule pos="8.050000000000004,-13.75,-26.449999999999996" vel="0,0,0" mass="1" elasticityCoef="1" ang="90,0,0" color="0,220,0" radius="0.5" length="4" />
		<capsule pos="8.050000000000004,-13.75,-24.149999999999995" vel="0,0,0" mass="1" elasticityCoef="1" ang="90,0,0" color="0,220,0" radius="0.5" length="4" />
		<capsule pos="8.050000000000004,-13.75,-21.849999999999994" vel="0,0,0" mass="1" elasticityCoef="1" ang="90,0,0" color="0,220,0" radius="0.5" length="4" />
		<capsule pos="8.050000000000004,-13.75,-19.549999999999997" vel="0,0,0" mass="1" elasticityCoef="1" ang="90,0,0" color="0,220,0" radius="0.5" length="4" />
		<capsule pos="8.050000000000004,-13.75,-17.249999999999996" vel="0,0,0" mass="1" elasticityCoef="1" ang="90,0,0" color="0,220,0" radius="0.5" length="4" />
		<capsule pos="8.050000000000004,-13.75,-14.949999999999996" vel="0,0,0" mass="1" elasticityCoef="1" ang="90,0,0" color="0,220,0" radius="0.5" length="4" />
		<capsule pos="8.050000000000004,-13.75,-12.649999999999995" vel="0,0,0" mass="1" elasticityCoef="1" ang="90,0,0" color="0,220,0" radius="0.5" length="4" />
		<capsule pos="8.050000000000004,-13.75,-10.349999999999994" vel="0,0,0" mass="1" elasticityCoef="1" ang="90,0,0" color="0,220,0" radius="0.5" length="4" />
		<capsule pos="8.050000000000004,-13.75,-8.049999999999997" vel="0,0,0" mass="1" elasticityCoef="1" ang="90,0,0" color="0,220,0" radius="0.5" length="4" />
		<capsule pos="8.050000000000004,-13.75,-5.7499999999999964" vel="0,0,0" mass="1" elasticityCoef="1" ang="90,0,0" color="0,220,0" radius="0.5" length="4" />
		<capsule pos="8.050000000000004,-13.75,-3.4499999999999957" vel="0,0,0" mass="1" elasticityCoef="1" ang="90,0,0" color="0,220,0" radius="0.5" length="4" />
		<capsule pos="8.050000000000004,-13.75,-1.1499999999999986" vel="0,0,0" mass="1" elasticityCoef="1" ang="90,0,0" color="0,220,0" radius="0.5" length="4" />
		<capsule pos="8.050000000000004,-13.75,1.1500000000000057" vel="0,0,0" mass="1" elasticityCoef="1" ang="90,0,0" color="0,220,0" radius="0.5" length="4" />
		<capsule pos="8.050000000000004,-13.75,3.450000000000003" vel="0,0,0" mass="1" elasticityCoef="1" ang="90,0,0" color="0,220,0" radius="0.5" length="4" />
		<capsule pos="8.050000000000004,-13.75,5.75" vel="0,0,0" mass="1" elasticityCoef="1" ang="90,0,0" color="0,220,0" radius="0.5" length="4" />
		<capsule pos="8.050000000000004,-13.75,8.050000000000004" vel="0,0,0" mass="1" elasticityCoef="1" ang="90,0,0" color="0,220,0" radius="0.5" length="4" />
		<capsule pos="8.050000000000004,-13.75,10.350000000000001" vel="0,0,0" mass="1" elasticityCoef="1" ang="90,0,0" color="0,220,0" radius="0.5" length="4" />
		<capsule pos="8.050000000000004,-13.75,12.650000000000006" vel="0,0,0" mass="1" elasticityCoef="1" ang="90,0,0" color="0,220,0" radius="0.5" length="4" />
		<capsule pos="8.050000000000004,-13.75,14.950000000000003" vel="0,0,0" mass="1" elasticityCoef="1" ang="90,0,0" color="0,220,0" radius="0.5" length="4" />
		<capsule pos="8.050000000000004,-13.75,17.25" vel="0,0,0" mass="1" elasticityCoef="1" ang="90,0,0" color="0,220,0" radius="0.5" length="4" />
		<capsule pos="8.050000000000004,-13.75,19.550000000000004" vel="0,0,0" mass="1" elasticityCoef="1" ang="90,0,0" color="0,220,0" radius="0.5" length="4" />
		<capsule pos="8.050000000000004,-13.75,21.85" vel="0,0,0" mass="1" elasticityCoef="1" ang="90,0,0" color="0,220,0" radius="0.5" length="4" />
		<capsule pos="8.050000000000004,-13.75,24.15" vel="0,0,0" mass="1" elasticityCoef="1" ang="90,0,0" color="0,220,0" radius="0.5" length="4" />
		<capsule pos="8.050000000000004,-13.75,26.450000000000003" vel="0,0,0" mass="1" elasticityCoef="1" ang="90,0,0" color="0,220,0" radius="0.5" length="4" />
		<capsule pos="8.050000000000004,-13.75,28.75" vel="0,0,0" mass="1" elasticityCoef="1" ang="90,0,0" color="0,220,0" radius="0.5" length="4" />
		<capsule pos="8.050000000000004,-13.75,31.049999999999997" vel="0,0,0" mass="1" elasticityCoef="1" ang="90,0,0" color="0,220,0" radius="0.5" length="4" />
		<capsule pos="8.050000000000004,-8.25,-33.349999999999994" vel="0,0,0" mass="1" elasticityCoef="1" ang="90,0,0" color="0,220,0" radius="0.5" length="4" />
		<capsule pos="8.050000000000004,-8.25,-31.049999999999994" vel="0,0,0" mass="1" elasticityCoef="1" ang="90,0,0" color="0,220,0" radius="0.5" length="4" />
		<capsule pos="8.050000000000004,-8.25,-28.749999999999993" vel="0,0,0" mass="1" elasticityCoef="1" ang="90,0,0" color="0,220,0" radius="0.5" length="4" />
		<capsule pos="8.050000000000004,-8.25,-26.449999999999996" vel="0,0,0" mass="1" elasticityCoef="1" ang="90,0,0" color="0,220,0" radius="0.5" length="4" />
		<capsule pos="8.050000000000004,-8.25,-24.149999999999995" vel="0,0,0" mass="1" elasticityCoef="1" ang="90,0,0" color="0,220,0" radius="0.5" length="4" />
		<capsule pos="8.050000000000004,-8.25,-21.849999999999994" vel="0,0,0" mass="1" elasticityCoef="1" ang="90,0,0" color="0,220,0" radius="0.5" length="4" />
		<capsule pos="8.050000000000004,-8.25,-19.549999999999997" vel="0,0,0" mass="1" elasticityCoef="1" ang="90,0,0" color="0,220,0" radius="0.5" length="4" />
		<capsule pos="8.050000000000004,-8.25,-17.249999999999996" vel="0,0,0" mass="1" elasticityCoef="1" ang="90,0,0" color="0,220,0" radius="0.5" length="4" />
		<capsule pos="8.050000000000004,-8.25,-14.949999999999996" vel="0,0,0" mass="1" elasticityCoef="1" ang="90,0,0" color="0,220,0" radius="0.5" length="4" />
		<capsule pos="8.050000000000004,-8.25,-12.649999999999995" vel="0,0,0" mass="1" elasticityCoef="1" ang="90,0,0" color="0,220,0" radius="0.5" length="4" />
		<capsule pos="8.050000000000004,-8.25,-10.349999999999994" vel="0,0,0" mass="1" elasticityCoef="1" ang="90,0,0" color="0,220,0" radius="0.5" length="4" />
		<capsule pos="8.050000000000004,-8.25,-8.049999999999997" vel="0,0,0" mass="1" elasticityCoef="1" ang="90,0,0" color="0,220,0" radius="0.5" length="4" />
		<capsule pos="8.050000000000004,-8.25,-5.7499999999999964" vel="0,0,0" mass="1" elasticityCoef="1" ang="90,0,0" color="0,220,0" radius="0.5" length="4" />
		<capsule pos="8.050000000000004,-8.25,-3.4499999999999957" vel="0,0,0" mass="1" elasticityCoef="1" ang="90,0,0" color="0,220,0" radius="0.5" length="4" />
		<capsule pos="8.050000000000004,-8.25,-1.1499999999999986" vel="0,0,0" mass="1" elasticityCoef="1" ang="90,0,0" color="0,220,0" radius="0.5" length="4" />
		<capsule pos="8.050000000000004,-8.25,1.1500000000000057" vel="0,0,0" mass="1" elasticityCoef="1" ang="90,0,0" color="0,220,0" radius="0.5" length="4" />
		<capsule pos="8.050000000000004,-8.25,3.450000000000003" vel="0,0,0" mass="1" elasticityCoef="1" ang="90,0,0" color="0,220,0" radius="0.5" length="4" />
		<capsule pos="8.050000000000004,-8.25,5.75" vel="0,0,0" mass="1" elasticityCoef="1" ang="90,0,0" color="0,220,0" radius="0.5" length="4" />
		<capsule pos="8.050000000000004,-8.25,8.050000000000004" vel="0,0,0" mass="1" elasticityCoef="1" ang="90,0,0" color="0,220,0" radius="0.5" length="4" />
		<capsule pos="8.050000000000004,-8.25,10.350000000000001" vel="0,0,0" mass="1" elasticityCoef="1" ang="90,0,0" color="0,220,0" radius="0.5" length="4" />
		<capsule pos="8.050000000000004,-8.25,12.650000000000006" vel="0,0,0" mass="1" elasticityCoef="1" ang="90,0,0" color="0,220,0" radius="0.5" length="4" />
		<capsule pos="8.050000000000004,-8.25,14.950000000000003" vel="0,0,0" mass="1" elasticityCoef="1" ang="90,0,0" color="0,220,0" radius="0.5" length="4" />
		<capsule pos="8.050000000000004,-8.25,17.25" vel="0,0,0" mass="1" elasticityCoef="1" ang="90,0,0" color="0,220,0" radius="0.5" length="4" />
		<capsule pos="8.050000000000004,-8.25,19.550000000000004" vel="0,0,0" mass="1" elasticityCoef="1" ang="90,0,0" color="0,220,0" radius="0.5" length="4" />
		<capsule pos="8.050000000000004,-8.25,21.85" vel="0,0,0" mass="1" elasticityCoef="1" ang="90,0,0" color="0,220,0" radius="0.5" length="4" />
		<capsule pos="8.050000000000004,-8.25,24.15" vel="0,0,0" mass="1" elasticityCoef="1" ang="90,0,0" color="0,220,0" radius="0.5" length="4" />
		<capsule pos="8.050000000000004,-8.25,26.450000000000003" vel="0,0,0" mass="1" elasticityCoef="1" ang="90,0,0" color="0,220,0" radius="0.5" length="4" />
		<capsule pos="8.050000000000004,-8.25,28.75" vel="0,0,0" mass="1" elasticityCoef="1" ang="90,0,0" color="0,220,0" radius="0.5" length="4" />
		<capsule pos="8.050000000000004,-8.25,31.049999999999997" vel="0,0,0" mass="1" elasticityCoef="1" ang="90,0,0" color="0,220,0" radius="0.5" length="4" />
		<capsule pos="8.050000000000004,-2.75,-33.349999999999994" vel="0,0,0" mass="1" elasticityCoef="1" ang="90,0,0" color="0,220,0" radius="0.5" length="4" />
		<capsule pos="8.050000000000004,-2.75,-31.049999999999994" vel="0,0,0" mass="1" elasticityCoef="1" ang="90,0,0" color="0,220,0" radius="0.5" length="4" />
		<capsule pos="8.050000000000004,-2.75,-28.749999999999993" vel="0,0,0" mass="1" elasticityCoef="1" ang="90,0,0" color="0,220,0" radius="0.5" length="4" />
		<capsule pos="8.050000000000004,-2.75,-26.449999999999996" vel="0,0,0" mass="1" elasticityCoef="1" ang="90,0,0" color="0,220,0" radius="0.5" length="4" />
		<capsule pos="8.050000000000004,-2.75,-24.149999999999995" vel="0,0,0" mass="1" elasticityCoef="1" ang="90,0,0" color="0,220,0" radius="0.5" length="4" />
		<capsule pos="8.050000000000004,-2.75,-21.849999999999994" vel="0,0,0" mass="1" elasticityCoef="1" ang="90,0,0" color="0,220,0" radius="0.5" length="4" />
		<capsule pos="8.050000000000004,-2.75,-19.549999999999997" vel="0,0,0" mass="1" elasticityCoef="1" ang="90,0,0" color="0,220,0" radius="0.5" length="4" />
		<capsule pos="8.050000000000004,-2.75,-17.249999999999996" vel="0,0,0" mass="1" elasticityCoef="1" ang="90,0,0" color="0,220,0" radius="0.5" length="4" />
		<capsule pos="8.050000000000004,-2.75,-14.949999999999996" vel="0,0,0" mass="1" elasticityCoef="1" ang="90,0,0" color="0,220,0" radius="0.5" length="4" />
		<capsule pos="8.050000000000004,-2.75,-12.649999999999995" vel="0,0,0" mass="1" elasticityCoef="1" ang="90,0,0" color="0,220,0" radius="0.5" length="4" />
		<capsule pos="8.050000000000004,-2.75,-10.349999999999994" vel="0,0,0" mass="1" elasticityCoef="1" ang="90,0,0" color="0,220,0" radius="0.5" length="4" />
		<capsule pos="8.050000000000004,-2.75,-8.049999999999997" vel="0,0,0" mass="1" elasticityCoef="1" ang="90,0,0" color="0,220,0" radius="0.5" length="4" />
		<capsule pos="8.050000000000004,-2.75,-5.7499999999999964" vel="0,0,0" mass="1" elasticityCoef="1" ang="90,0,0" color="0,220,0" radius="0.5" length="4" />
		<capsule pos="8.050000000000004,-2.75,-3.4499999999999957" vel="0,0,0" mass="1" elasticityCoef="1" ang="90,0,0" color="0,220,0" radius="0.5" length="4" />
		<capsule pos="8.050000000000004,-2.75,-1.1499999999999986" vel="0,0,0" mass="1" elasticityCoef="1" ang="90,0,0" color="0,220,0" radius="0.5" length="4" />
		<capsule pos="8.050000000000004,-2.75,1.1500000000000057" vel="0,0,0" mass="1" elasticityCoef="1" ang="90,0,0" color="0,220,0" radius="0.5" length="4" />
		<capsule pos="8.050000000000004,-2.75,3.450000000000003" vel="0,0,0" mass="1" elasticityCoef="1" ang="90,0,0" color="0,220,0" radius="0.5" length="4" />
		<capsule pos="8.050000000000004,-2.75,5.75" vel="0,0,0" mass="1" elasticityCoef="1" ang="90,0,0" color="0,220,0" radius="0.5" length="4" />
		<capsule pos="8.050000000000004,-2.75,8.050000000000004" vel="0,0,0" mass="1" elasticityCoef="1" ang="90,0,0" color="0,220,0" radius="0.5" length="4" />
		<capsule pos="8.050000000000004,-2.75,10.350000000000001" vel="0,0,0" mass="1" elasticityCoef="1" ang="90,0,0" color="0,220,0" radius="0.5" length="4" />
		<capsule pos="8.050000000000004,-2.75,12.650000000000006" vel="0,0,0" mass="1" elasticityCoef="1" ang="90,0,0" color="0,220,0" radius="0.5" length="4" />
		<capsule pos="8.050000000000004,-2.75,14.950000000000003" vel="0,0,0" mass="1" elasticityCoef="1" ang="90,0,0" color="0,220,0" radius="0.5" length="4" />
		<capsule pos="8.050000000000004,-2.75,17.25" vel="0,0,0" mass="1" elasticityCoef="1" ang="90,0,0" color="0,220,0" radius="0.5" length="4" />
		<capsule pos="8.050000000000004,-2.75,19.550000000000004" vel="0,0,0" mass="1" elasticityCoef="1" ang="90,0,0" color="0,220,0" radius="0.5" length="4" />
		<capsule pos="8.050000000000004,-2.75,21.85" vel="0,0,0" mass="1" elasticityCoef="1" ang="90,0,0" color="0,220,0" radius="0.5" length="4" />
		<capsule pos="8.050000000000004,-2.75,24.15" vel="0,0,0" mass="1" elasticityCoef="1" ang="90,0,0" color="0,220,0" radius="0.5" length="4" />
		<capsule pos="8.050000000000004,-2.75,26.450000000000003" vel="0,0,0" mass="1" elasticityCoef="1" ang="90,0,0" color="0,220,0" radius="0.5" length="4" />
		<capsule pos="8.050000000000004,-2.75,28.75" vel="0,0,0" mass="1" elasticityCoef="1" ang="90,0,0" color="0,220,0" radius="0.5" length="4" />
		<capsule pos="8.050000000000004,-2.75,31.049999999999997" vel="0,0,0" mass="1" elasticityCoef="1" ang="90,0,0" color="0,220,0" radius="0.5" length="4" />
		<capsule pos="8.050000000000004,2.75,-33.349999999999994" vel="0,0,0" mass="1" elasticityCoef="1" ang="90,0,0" color="0,220,0" radius="0.5" length="4" />
		<capsule pos="8.050000000000004,2.75,-31.049999999999994" vel="0,0,0" mass="1" elasticityCoef="1" ang="90,0,0" color="0,220,0" radius="0.5" length="4" />
		<capsule pos="8.050000000000004,2.75,-28.749999999999993" vel="0,0,0" mass="1" elasticityCoef="1" ang="90,0,0" color="0,220,0" radius="0.5" length="4" />
		<capsule pos="8.050000000000004,2.75,-26.449999999999996" vel="0,0,0" mass="1" elasticityCoef="1" ang="90,0,0" color="0,220,0" radius="0.5" length="4" />
		<capsule pos="8.050000000000004,2.75,-24.149999999999995" vel="0,0,0" mass="1" elasticityCoef="1" ang="90,0,0" color="0,220,0" radius="0.5" length="4" />
		<capsule pos="8.050000000000004,2.75,-21.849999999999994" vel="0,0,0" mass="1" elasticityCoef="1" ang="90,0,0" color="0,220,0" radius="0.5" length="4" />
		<capsule pos="8.050000000000004,2.75,-19.549999999999997" vel="0,0,0" mass="1" elasticityCoef="1" ang="90,0,0" color="0,220,0" radius="0.5" length="4" />
		<capsule pos="8.050000000000004,2.75,-17.249999999999996" vel="0,0,0" mass="1" elasticityCoef="1" ang="90,0,0" color="0,220,0" radius="0.5" length="4" />
		<capsule pos="8.050000000000004,2.75,-14.949999999999996" vel="0,0,0" mass="1" elasticityCoef="1" ang="90,0,0" color="0,220,0" radius="0.5" length="4" />
		<capsule pos="8.050000000000004,2.75,-12.649999999999995" vel="0,0,0" mass="1" elasticityCoef="1" ang="90,0,0" color="0,220,0" radius="0.5" length="4" />
		<capsule pos="8.050000000000004,2.75,-10.349999999999994" vel="0,0,0" mass="1" elasticityCoef="1" ang="90,0,0" color="0,220,0" radius="0.5" length="4" />
		<capsule pos="8.050000000000004,2.75,-8.049999999999997" vel="0,0,0" mass="1" elasticityCoef="1" ang="90,0,0" color="0,220,0" radius="0.5" length="4" />
		<capsule pos="8.050000000000004,2.75,-5.7499999999999964" vel="0,0,0" mass="1" elasticityCoef="1" ang="90,0,0" color="0,220,0" radius="0.5" length="4" />
		<capsule pos="8.050000000000004,2.75,-3.4499999999999957" vel="0,0,0" mass="1" elasticityCoef="1" ang="90,0,0" color="0,220,0" radius="0.5" length="4" />
		<capsule pos="8.050000000000004,2.75,-1.1499999999999986" vel="0,0,0" mass="1" elasticityCoef="1" ang="90,0,0" color="0,220,0" radius="0.5" length="4" />
		<capsule pos="8.050000000000004,2.75,1.1500000000000057" vel="0,0,0" mass="1" elasticityCoef="1" ang="90,0,0" color="0,220,0" radius="0.5" length="4" />
		<capsule pos="8.050000000000004,2.75,3.450000000000003" vel="0,0,0" mass="1" elasticityCoef="1" ang="90,0,0" color="0,220,0" radius="0.5" length="4" />
		<capsule pos="8.050000000000004,2.75,5.75" vel="0,0,0" mass="1" elasticityCoef="1" ang="90,0,0" color="0,220,0" radius="0.5" length="4" />
		<capsule pos="8.050000000000004,2.75,8.050000000000004" vel="0,0,0" mass="1" elasticityCoef="1" ang="90,0,0" color="0,220,0" radius="0.5" length="4" />
		<capsule pos="8.050000000000004,2.75,10.350000000000001" vel="0,0,0" mass="1" elasticityCoef="1" ang="90,0,0" color="0,220,0" radius="0.5" length="4" />
		<capsule pos="8.050000000000004,2.75,12.650000000000006" vel="0,0,0" mass="1" elasticityCoef="1" ang="90,0,0" color="0,220,0" radius="0.5" length="4" />
		<capsule pos="8.050000000000004,2.75,14.950000000000003" vel="0,0,0" mass="1" elasticityCoef="1" ang="90,0,0" color="0,220,0" radius="0.5" length="4" />
		<capsule pos="8.050000000000004,2.75,17.25" vel="0,0,0" mass="1" elasticityCoef="1" ang="90,0,0" color="0,220,0" radius="0.5" length="4" />
		<capsule pos="8.050000000000004,2.75,19.550000000000004" vel="0,0,0" mass="1" elasticityCoef="1" ang="90,0,0" color="0,220,0" radius="0.5" length="4" />
		<capsule pos="8.050000000000004,2.75,21.85" vel="0,0,0" mass="1" elasticityCoef="1" ang="90,0,0" color="0,220,0" radius="0.5" length="4" />
		<capsule pos="8.050000000000004,2.75,24.15" vel="0,0,0" mass="1" elasticityCoef="1" ang="90,0,0" color="0,220,0" radius="0.5" length="4" />
		<capsule pos="8.050000000000004,2.75,26.450000000000003" vel="0,0,0" mass="1" elasticityCoef="1" ang="90,0,0" color="0,220,0" radius="0.5" length="4" />
		<capsule pos="8.050000000000004,2.75,28.75" vel="0,0,0" mass="1" elasticityCoef="1" ang="90,0,0" color="0,220,0" radius="0.5" length="4" />
		<capsule pos="8.050000000000004,2.75,31.049999999999997" vel="0,0,0" mass="1" elasticityCoef="1" ang="90,0,0" color="0,220,0" radius="0.5" length="4" />
		<capsule pos="8.050000000000004,8.25,-33.349999999999994" vel="0,0,0" mass="1" elasticityCoef="1" ang="90,0,0" color="0,220,0" radius="0.5" length="4" />
		<capsule pos="8.050000000000004,8.25,-31.049999999999994" vel="0,0,0" mass="1" elasticityCoef="1" ang="90,0,0" color="0,220,0" radius="0.5" length="4" />
		<capsule pos="8.050000000000004,8.25,-28.749999999999993" vel="0,0,0" mass="1" elasticityCoef="1" ang="90,0,0" color="0,220,0" radius="0.5" length="4" />
		<capsule pos="8.050000000000004,8.25,-26.449999999999996" vel="0,0,0" mass="1" elasticityCoef="1" ang="90,0,0" color="0,220,0" radius="0.5" length="4" />
		<capsule pos="8.050000000000004,8.25,-24.149999999999995" vel="0,0,0" mass="1" elasticityCoef="1" ang="90,0,0" color="0,220,0" radius="0.5" length="4" />
		<capsule pos="8.050000000000004,8.25,-21.849999999999994" vel="0,0,0" mass="1" elasticityCoef="1" ang="90,0,0" color="0,220,0" radius="0.5" length="4" />
		<capsule pos="8.050000000000004,8.25,-19.549999999999997" vel="0,0,0" mass="1" elasticityCoef="1" ang="90,0,0" color="0,220,0" radius="0.5" length="4" />
		<capsule pos="8.050000000000004,8.25,-17.249999999999996" vel="0,0,0" mass="1" elasticityCoef="1" ang="90,0,0" color="0,220,0" radius="0.5" length="4" />
		<capsule pos="8.050000000000004,8.25,-14.949999999999996" vel="0,0,0" mass="1" elasticityCoef="1" ang="90,0,0" color="0,220,0" radius="0.5" length="4" />
		<capsule pos="8.050000000000004,8.25,-12.649999999999995" vel="0,0,0" mass="1" elasticityCoef="1" ang="90,0,0" color="0,220,0" radius="0.5" length="4" />
		<capsule pos="8.050000000000004,8.25,-10.349999999999994" vel="0,0,0" mass="1" elasticityCoef="1" ang="90,0,0" color="0,220,0" radius="0.5" length="4" />
		<capsule pos="8.050000000000004,8.25,-8.049999999999997" vel="0,0,0" mass="1" elasticityCoef="1" ang="90,0,0" color="0,220,0" radius="0.5" length="4" />
		<capsule pos="8.050000000000004,8.25,-5.7499999999999964" vel="0,0,0" mass="1" elasticityCoef="1" ang="90,0,0" color="0,220,0" radius="0.5" length="4" />
		<capsule pos="8.050000000000004,8.25,-3.4499999999999957" vel="0,0,0" mass="1" elasticityCoef="1" ang="90,0,0" color="0,220,0" radius="0.5" length="4" />
		<capsule pos="8.050000000000004,8.25,-1.1499999999999986" vel="0,0,0" mass="1" elasticityCoef="1" ang="90,0,0" color="0,220,0" radius="0.5" length="4" />
		<capsule pos="8.050000000000004,8.25,1.1500000000000057" vel="0,0,0" mass="1" elasticityCoef="1" ang="90,0,0" color="0,220,0" radius="0.5" length="4" />
		<capsule pos="8.050000000000004,8.25,3.450000000000003" vel="0,0,0" mass="1" elasticityCoef="1" ang="90,0,0" color="0,220,0" radius="0.5" length="4" />
		<capsule pos="8.050000000000004,8.25,5.75" vel="0,0,0" mass="1" elasticityCoef="1" ang="90,0,0" color="0,220,0" radius="0.5" length="4" />
		<capsule pos="8.050000000000004,8.25,8.050000000000004" vel="0,0,0" mass="1" elasticityCoef="1" ang="90,0,0" color="0,220,0" radius="0.5" length="4" />
		<capsule pos="8.050000000000004,8.25,10.350000000000001" vel="0,0,0" mass="1" elasticityCoef="1" ang="90,0,0" color="0,220,0" radius="0.5" length="4" />
		<capsule pos="8.050000000000004,8.25,12.650000000000006" vel="0,0,0" mass="1" elasticityCoef="1" ang="90,0,0" color="0,220,0" radius="0.5" length="4" />
		<capsule pos="8.050000000000004,8.25,14.950000000000003" vel="0,0,0" mass="1" elasticityCoef="1" ang="90,0,0" color="0,220,0" radius="0.5" length="4" />
		<capsule pos="8.050000000000004,8.25,17.25" vel="0,0,0" mass="1" elasticityCoef="1" ang="90,0,0" color="0,220,0" radius="0.5" length="4" />
		<capsule pos="8.050000000000004,8.25,19.550000000000004" vel="0,0,0" mass="1" elasticityCoef="1" ang="90,0,0" color="0,220,0" radius="0.5" length="4" />
		<capsule pos="8.050000000000004,8.25,21.85" vel="0,0,0" mass="1" elasticityCoef="1" ang="90,0,0" color="0,220,0" radius="0.5" length="4" />
		<capsule pos="8.050000000000004,8.25,24.15" vel="0,0,0" mass="1" elasticityCoef="1" ang="90,0,0" color="0,220,0" radius="0.5" length="4" />
		<capsule pos="8.050000000000004,8.25,26.450000000000003" vel="0,0,0" mass="1" elasticityCoef="1" ang="90,0,0" color="0,220,0" radius="0.5" length="4" />
		<capsule pos="8.050000000000004,8.25,28.75" vel="0,0,0" mass="1" elasticityCoef="1" ang="90,0,0" color="0,220,0" radius="0.5" length="4" />
		<capsule pos="8.050000000000004,8.25,31.049999999999997" vel="0,0,0" mass="1" elasticityCoef="1" ang="90,0,0" color="0,220,0" radius="0.5" length="4" />
		<capsule pos="8.050000000000004,13.75,-33.349999999999994" vel="0,0,0" mass="1" elasticityCoef="1" ang="90,0,0" color="0,220,0" radius="0.5" length="4" />
		<capsule pos="8.050000000000004,13.75,-31.049999999999994" vel="0,0,0" mass="1" elasticityCoef="1" ang="90,0,0" color="0,220,0" radius="0.5" length="4" />
		<capsule pos="8.050000000000004,13.75,-28.749999999999993" vel="0,0,0" mass="1" elasticityCoef="1" ang="90,0,0" color="0,220,0" radius="0.5" length="4" />
		<capsule pos="8.050000000000004,13.75,-26.449999999999996" vel="0,0,0" mass="1" elasticityCoef="1" ang="90,0,0" color="0,220,0" radius="0.5" length="4" />
		<capsule pos="8.050000000000004,13.75,-24.149999999999995" vel="0,0,0" mass="1" elasticityCoef="1" ang="90,0,0" color="0,220,0" radius="0.5" length="4" />
		<capsule pos="8.050000000000004,13.75,-21.849999999999994" vel="0,0,0" mass="1" elasticityCoef="1" ang="90,0,0" color="0,220,0" radius="0.5" length="4" />
		<capsule pos="8.050000000000004,13.75,-19.549999999999997" vel="0,0,0" mass="1" elasticityCoef="1" ang="90,0,0" color="0,220,0" radius="0.5" length="4" />
		<capsule pos="8.050000000000004,13.75,-17.249999999999996" vel="0,0,0" mass="1" elasticityCoef="1" ang="90,0,0" color="0,220,0" radius="0.5" length="4" />
		<capsule pos="8.050000000000004,13.75,-14.949999999999996" vel="0,0,0" mass="1" elasticityCoef="1" ang="90,0,0" color="0,220,0" radius="0.5" length="4" />
		<capsule pos="8.050000000000004,13.75,-12.649999999999995" vel="0,0,0" mass="1" elasticityCoef="1" ang="90,0,0" color="0,220,0" radius="0.5" length="4" />
		<capsule pos="8.050000000000004,13.75,-10.349999999999994" vel="0,0,0" mass="1" elasticityCoef="1" ang="90,0,0" color="0,220,0" radius="0.5" length="4" />
		<capsule pos="8.050000000000004,13.75,-8.049999999999997" vel="0,0,0" mass="1" elasticityCoef="1" ang="90,0,0" color="0,220,0" radius="0.5" length="4" />
		<capsule pos="8.050000000000004,13.75,-5.7499999999999964" vel="0,0,0" mass="1" elasticityCoef="1" ang="90,0,0" color="0,220,0" radius="0.5" length="4" />
		<capsule pos="8.050000000000004,13.75,-3.4499999999999957" vel="0,0,0" mass="1" elasticityCoef="1" ang="90,0,0" color="0,220,0" radius="0.5" length="4" />
		<capsule pos="8.050000000000004,13.75,-1.1499999999999986" vel="0,0,0" mass="1" elasticityCoef="1" ang="90,0,0" color="0,220,0" radius="0.5" length="4" />
		<capsule pos="8.050000000000004,13.75,1.1500000000000057" vel="0,0,0" mass="1" elasticityCoef="1" ang="90,0,0" color="0,220,0" radius="0.5" length="4" />
		<capsule pos="8.050000000000004,13.75,3.450000000000003" vel="0,0,0" mass="1" elasticityCoef="1" ang="90,0,0" color="0,220,0" radius="0.5" length="4" />
		<capsule pos="8.050000000000004,13.75,5.75" vel="0,0,0" mass="1" elasticityCoef="1" ang="90,0,0" color="0,220,0" radius="0.5" length="4" />
		<capsule pos="8.050000000000004,13.75,8.050000000000004" vel="0,0,0" mass="1" elasticityCoef="1" ang="90,0,0" color="0,220,0" radius="0.5" length="4" />
		<capsule pos="8.050000000000004,13.75,10.350000000000001" vel="0,0,0" mass="1" elasticityCoef="1" ang="90,0,0" color="0,220,0" radius="0.5" length="4" />
		<capsule pos="8.050000000000004,13.75,12.650000000000006" vel="0,0,0" mass="1" elasticityCoef="1" ang="90,0,0" color="0,220,0" radius="0.5" length="4" />
		<capsule pos="8.050000000000004,13.75,14.950000000000003" vel="0,0,0" mass="1" elasticityCoef="1" ang="90,0,0" color="0,220,0" radius="0.5" length="4" />
		<capsule pos="8.050000000000004,13.75,17.25" vel="0,0,0" mass="1" elasticityCoef="1" ang="90,0,0" color="0,220,0" radius="0.5" length="4" />
		<capsule pos="8.050000000000004,13.75,19.550000000000004" vel="0,0,0" mass="1" elasticityCoef="1" ang="90,0,0" color="0,220,0" radius="0.5" length="4" />
		<capsule pos="8.050000000000004,13.75,21.85" vel="0,0,0" mass="1" elasticityCoef="1" ang="90,0,0" color="0,220,0" radius="0.5" length="4" />
		<capsule pos="8.050000000000004,13.75,24.15" vel="0,0,0" mass="1" elasticityCoef="1" ang="90,0,0" color="0,220,0" radius="0.5" length="4" />
		<capsule pos="8.050000000000004,13.75,26.450000000000003" vel="0,0,0" mass="1" elasticityCoef="1" ang="90,0,0" color="0,220,0" radius="0.5" length="4" />
		<capsule pos="8.050000000000004,13.75,28.75" vel="0,0,0" mass="1" elasticityCoef="1" ang="90,0,0" color="0,220,0" radius="0.5" length="4" />
		<capsule pos="8.050000000000004,13.75,31.049999999999997" vel="0,0,0" mass="1" elasticityCoef="1" ang="90,0,0" color="0,220,0" radius="0.5" length="4" />
		<capsule pos="8.050000000000004,19.25,-33.349999999999994" vel="0,0,0" mass="1" elasticityCoef="1" ang="90,0,0" color="0,220,0" radius="0.5" length="4" />
		<capsule pos="8.050000000000004,19.25,-31.049999999999994" vel="0,0,0" mass="1" elasticityCoef="1" ang="90,0,0" color="0,220,0" radius="0.5" length="4" />
		<capsule pos="8.050000000000004,19.25,-28.749999999999993" vel="0,0,0" mass="1" elasticityCoef="1" ang="90,0,0" color="0,220,0" radius="0.5" length="4" />
		<capsule pos="8.050000000000004,19.25,-26.449999999999996" vel="0,0,0" mass="1" elasticityCoef="1" ang="90,0,0" color="0,220,0" radius="0.5" length="4" />
		<capsule pos="8.050000000000004,19.25,-24.149999999999995" vel="0,0,0" mass="1" elasticityCoef="1" ang="90,0,0" color="0,220,0" radius="0.5" length="4" />
		<capsule pos="8.050000000000004,19.25,-21.849999999999994" vel="0,0,0" mass="1" elasticityCoef="1" ang="90,0,0" color="0,220,0" radius="0.5" length="4" />
		<capsule pos="8.050000000000004,19.25,-19.549999999999997" vel="0,0,0" mass="1" elasticityCoef="1" ang="90,0,0" color="0,220,0" radius="0.5" length="4" />
		<capsule pos="8.050000000000004,19.25,-17.249999999999996" vel="0,0,0" mass="1" elasticityCoef="1" ang="90,0,0" color="0,220,0" radius="0.5" length="4" />
		<capsule pos="8.050000000000004,19.25,-14.949999999999996" vel="0,0,0" mass="1" elasticityCoef="1" ang="90,0,0" color="0,220,0" radius="0.5" length="4" />
		<capsule pos="8.050000000000004,19.25,-12.649999999999995" vel="0,0,0" mass="1" elasticityCoef="1" ang="90,0,0" color="0,220,0" radius="0.5" length="4" />
		<capsule pos="8.050000000000004,19.25,-10.349999999999994" vel="0,0,0" mass="1" elasticityCoef="1" ang="90,0,0" color="0,220,0" radius="0.5" length="4" />
		<capsule pos="8.050000000000004,19.25,-8.049999999999997" vel="0,0,0" mass="1" elasticityCoef="1" ang="90,0,0" color="0,220,0" radius="0.5" length="4" />
		<capsule pos="8.050000000000004,19.25,-5.7499999999999964" vel="0,0,0" mass="1" elasticityCoef="1" ang="90,0,0" color="0,220,0" radius="0.5" length="4" />
		<capsule pos="8.050000000000004,19.25,-3.4499999999999957" vel="0,0,0" mass="1" elasticityCoef="1" ang="90,0,0" color="0,220,0" radius="0.5" length="4" />
		<capsule pos="8.050000000000004,19.25,-1.1499999999999986" vel="0,0,0" mass="1" elasticityCoef="1" ang="90,0,0" color="0,220,0" radius="0.5" length="4" />
		<capsule pos="8.050000000000004,19.25,1.1500000000000057" vel="0,0,0" mass="1" elasticityCoef="1" ang="90,0,0" color="0,220,0" radius="0.5" length="4" />
		<capsule pos="8.050000000000004,19.25,3.450000000000003" vel="0,0,0" mass="1" elasticityCoef="1" ang="90,0,0" color="0,220,0" radius="0.5" length="4" />
		<capsule pos="8.050000000000004,19.25,5.75" vel="0,0,0" mass="1" elasticityCoef="1" ang="90,0,0" color="0,220,0" radius="0.5" length="4" />
		<capsule pos="8.050000000000004,19.25,8.050000000000004" vel="0,0,0" mass="1" elasticityCoef="1" ang="90,0,0" color="0,220,0" radius="0.5" length="4" />
		<capsule pos="8.050000000000004,19.25,10.350000000000001" vel="0,0,0" mass="1" elasticityCoef="1" ang="90,0,0" color="0,220,0" radius="0.5" length="4" />
		<capsule pos="8.050000000000004,19.25,12.650000000000006" vel="0,0,0" mass="1" elasticityCoef="1" ang="90,0,0" color="0,220,0" radius="0.5" length="4" />
		<capsule pos="8.050000000000004,19.25,14.950000000000003" vel="0,0,0" mass="1" elasticityCoef="1" ang="90,0,0" color="0,220,0" radius="0.5" length="4" />
		<capsule pos="8.050000000000004,19.25,17.25" vel="0,0,0" mass="1" elasticityCoef="1" ang="90,0,0" color="0,220,0" radius="0.5" length="4" />
		<capsule pos="8.050000000000004,19.25,19.550000000000004" vel="0,0,0" mass="1" elasticityCoef="1" ang="90,0,0" color="0,220,0" radius="0.5" length="4" />
		<capsule pos="8.050000000000004,19.25,21.85" vel="0,0,0" mass="1" elasticityCoef="1" ang="90,0,0" color="0,220,0" radius="0.5" length="4" />
		<capsule pos="8.050000000000004,19.25,24.15" vel="0,0,0" mass="1" elasticityCoef="1" ang="90,0,0" color="0,220,0" radius="0.5" length="4" />
		<capsule pos="8.050000000000004,19.25,26.450000000000003" vel="0,0,0" mass="1" elasticityCoef="1" ang="90,0,0" color="0,220,0" radius="0.5" length="4" />
		<capsule pos="8.050000000000004,19.25,28.75" vel="0,0,0" mass="1" elasticityCoef="1" ang="90,0,0" color="0,220,0" radius="0.5" length="4" />
		<capsule pos="8.050000000000004,19.25,31.049999999999997" vel="0,0,0" mass="1" elasticityCoef="1" ang="90,0,0" color="0,220,0" radius="0.5" length="4" />
		<capsule pos="8.050000000000004,24.75,-33.349999999999994" vel="0,0,0" mass="1" elasticityCoef="1" ang="90,0,0" color="0,220,0" radius="0.5" length="4" />
		<capsule pos="8.050000000000004,24.75,-31.049999999999994" vel="0,0,0" mass="1" elasticityCoef="1" ang="90,0,0" color="0,220,0" radius="0.5" length="4" />
		<capsule pos="8.050000000000004,24.75,-28.749999999999993" vel="0,0,0" mass="1" elasticityCoef="1" ang="90,0,0" color="0,220,0" radius="0.5" length="4" />
		<capsule pos="8.050000000000004,24.75,-26.449999999999996" vel="0,0,0" mass="1" elasticityCoef="1" ang="90,0,0" color="0,220,0" radius="0.5" length="4" />
		<capsule pos="8.050000000000004,24.75,-24.149999999999995" vel="0,0,0" mass="1" elasticityCoef="1" ang="90,0,0" color="0,220,0" radius="0.5" length="4" />
		<capsule pos="8.050000000000004,24.75,-21.849999999999994" vel="0,0,0" mass="1" elasticityCoef="1" ang="90,0,0" color="0,220,0" radius="0.5" length="4" />
		<capsule pos="8.050000000000004,24.75,-19.549999999999997" vel="0,0,0" mass="1" elasticityCoef="1" ang="90,0,0" color="0,220,0" radius="0.5" length="4" />
		<capsule pos="8.050000000000004,24.75,-17.249999999999996" vel="0,0,0" mass="1" elasticityCoef="1" ang="90,0,0" color="0,220,0" radius="0.5" length="4" />
		<capsule pos="8.050000000000004,24.75,-14.949999999999996" vel="0,0,0" mass="1" elasticityCoef="1" ang="90,0,0" color="0,220,0" radius="0.5" length="4" />
		<capsule pos="8.050000000000004,24.75,-12.649999999999995" vel="0,0,0" mass="1" elasticityCoef="1" ang="90,0,0" color="0,220,0" radius="0.5" length="4" />
		<capsule pos="8.050000000000004,24.75,-10.349999999999994" vel="0,0,0" mass="1" elasticityCoef="1" ang="90,0,0" color="0,220,0" radius="0.5" length="4" />
		<capsule pos="8.050000000000004,24.75,-8.049999999999997" vel="0,0,0" mass="1" elasticityCoef="1" ang="90,0,0" color="0,220,0" radius="0.5" length="4" />
		<capsule pos="8.050000000000004,24.75,-5.7499999999999964" vel="0,0,0" mass="1" elasticityCoef="1" ang="90,0,0" color="0,220,0" radius="0.5" length="4" />
		<capsule pos="8.050000000000004,24.75,-3.4499999999999957" vel="0,0,0" mass="1" elasticityCoef="1" ang="90,0,0" color="0,220,0" radius="0.5" length="4" />
		<capsule pos="8.050000000000004,24.75,-1.1499999999999986" vel="0,0,0" mass="1" elasticityCoef="1" ang="90,0,0" color="0,220,0" radius="0.5" length="4" />
		<capsule pos="8.050000000000004,24.75,1.1500000000000057" vel="0,0,0" mass="1" elasticityCoef="1" ang="90,0,0" color="0,220,0" radius="0.5" length="4" />
		<capsule pos="8.050000000000004,24.75,3.450000000000003" vel="0,0,0" mass="1" elasticityCoef="1" ang="90,0,0" color="0,220,0" radius="0.5" length="4" />
		<capsule pos="8.050000000000004,24.75,5.75" vel="0,0,0" mass="1" elasticityCoef="1" ang="90,0,0" color="0,220,0" radius="0.5" length="4" />
		<capsule pos="8.050000000000004,24.75,8.050000000000004" vel="0,0,0" mass="1" elasticityCoef="1" ang="90,0,0" color="0,220,0" radius="0.5" length="4" />
		<capsule pos="8.050000000000004,24.75,10.350000000000001" vel="0,0,0" mass="1" elasticityCoef="1" ang="90,0,0" color="0,220,0" radius="0.5" length="4" />
		<capsule pos="8.050000000000004,24.75,12.650000000000006" vel="0,0,0" mass="1" elasticityCoef="1" ang="90,0,0" color="0,220,0" radius="0.5" length="4" />
		<capsule pos="8.050000000000004,24.75,14.950000000000003" vel="0,0,0" mass="1" elasticityCoef="1" ang="90,0,0" color="0,220,0" radius="0.5" length="4" />
		<capsule pos="8.050000000000004,24.75,17.25" vel="0,0,0" mass="1" elasticityCoef="1" ang="90,0,0" color="0,220,0" radius="0.5" length="4" />
		<capsule pos="8.050000000000004,24.75,19.550000000000004" vel="0,0,0" mass="1" elasticityCoef="1" ang="90,0,0" color="0,220,0" radius="0.5" length="4" />
		<capsule pos="8.050000000000004,24.75,21.85" vel="0,0,0" mass="1" elasticityCoef="1" ang="90,0,0" color="0,220,0" radius="0.5" length="4" />
		<capsule pos="8.050000000000004,24.75,24.15" vel="0,0,0" mass="1" elasticityCoef="1" ang="90,0,0" color="0,220,0" radius="0.5" length="4" />
		<capsule pos="8.050000000000004,24.75,26.450000000000003" vel="0,0,0" mass="1" elasticityCoef="1" ang="90,0,0" color="0,220,0" radius="0.5" length="4" />
		<capsule pos="8.050000000000004,24.75,28.75" vel="0,0,0" mass="1" elasticityCoef="1" ang="90,0,0" color="0,220,0" radius="0.5" length="4" />
		<capsule pos="8.050000000000004,24.75,31.049999999999997" vel="0,0,0" mass="1" elasticityCoef="1" ang="90,0,0" color="0,220,0" radius="0.5" length="4" />
		<capsule pos="8.050000000000004,30.25,-33.349999999999994" vel="0,0,0" mass="1" elasticityCoef="1" ang="90,0,0" color="0,220,0" radius="0.5" length="4" />
		<capsule pos="8.050000000000004,30.25,-31.049999999999994" vel="0,0,0" mass="1" elasticityCoef="1" ang="90,0,0" color="0,220,0" radius="0.5" length="4" />
		<capsule pos="8.050000000000004,30.25,-28.749999999999993" vel="0,0,0" mass="1" elasticityCoef="1" ang="90,0,0" color="0,220,0" radius="0.5" length="4" />
		<capsule pos="8.050000000000004,30.25,-26.449999999999996" vel="0,0,0" mass="1" elasticityCoef="1" ang="90,0,0" color="0,220,0" radius="0.5" length="4" />
		<capsule pos="8.050000000000004,30.25,-24.149999999999995" vel="0,0,0" mass="1" elasticityCoef="1" ang="90,0,0" color="0,220,0" radius="0.5" length="4" />
		<capsule pos="8.050000000000004,30.25,-21.849999999999994" vel="0,0,0" mass="1" elasticityCoef="1" ang="90,0,0" color="0,220,0" radius="0.5" length="4" />
		<capsule pos="8.050000000000004,30.25,-19.549999999999997" vel="0,0,0" mass="1" elasticityCoef="1" ang="90,0,0" color="0,220,0" radius="0.5" length="4" />
		<capsule pos="8.050000000000004,30.25,-17.249999999999996" vel="0,0,0" mass="1" elasticityCoef="1" ang="90,0,0" color="0,220,0" radius="0.5" length="4" />
		<capsule pos="8.050000000000004,30.25,-14.949999999999996" vel="0,0,0" mass="1" elasticityCoef="1" ang="90,0,0" color="0,220,0" radius="0.5" length="4" />
		<capsule pos="8.050000000000004,30.25,-12.649999999999995" vel="0,0,0" mass="1" elasticityCoef="1" ang="90,0,0" color="0,220,0" radius="0.5" length="4" />
		<capsule pos="8.050000000000004,30.25,-10.349999999999994" vel="0,0,0" mass="1" elasticityCoef="1" ang="90,0,0" color="0,220,0" radius="0.5" length="4" />
		<capsule pos="8.050000000000004,30.25,-8.049999999999997" vel="0,0,0" mass="1" elasticityCoef="1" ang="90,0,0" color="0,220,0" radius="0.5" length="4" />
		<capsule pos="8.050000000000004,30.25,-5.7499999999999964" vel="0,0,0" mass="1" elasticityCoef="1" ang="90,0,0" color="0,220,0" radius="0.5" length="4" />
		<capsule pos="8.050000000000004,30.25,-3.4499999999999957" vel="0,0,0" mass="1" elasticityCoef="1" ang="90,0,0" color="0,220,0" radius="0.5" length="4" />
		<capsule pos="8.050000000000004,30.25,-1.1499999999999986" vel="0,0,0" mass="1" elasticityCoef="1" ang="90,0,0" color="0,220,0" radius="0.5" length="4" />
		<capsule pos="8.050000000000004,30.25,1.1500000000000057" vel="0,0,0" mass="1" elasticityCoef="1" ang="90,0,0" color="0,220,0" radius="0.5" length="4" />
		<capsule pos="8.050000000000004,30.25,3.450000000000003" vel="0,0,0" mass="1" elasticityCoef="1" ang="90,0,0" color="0,220,0" radius="0.5" length="4" />
		<capsule pos="8.050000000000004,30.25,5.75" vel="0,0,0" mass="1" elasticityCoef="1" ang="90,0,0" color="0,220,0" radius="0.5" length="4" />
		<capsule pos="8.050000000000004,30.25,8.050000000000004" vel="0,0,0" mass="1" elasticityCoef="1" ang="90,0,0" color="0,220,0" radius="0.5" length="4" />
		<capsule pos="8.050000000000004,30.25,10.350000000000001" vel="0,0,0" mass="1" elasticityCoef="1" ang="90,0,0" color="0,220,0" radius="0.5" length="4" />
		<capsule pos="8.050000000000004,30.25,12.650000000000006" vel="0,0,0" mass="1" elasticityCoef="1" ang="90,0,0" color="0,220,0" radius="0.5" length="4" />
		<capsule pos="8.050000000000004,30.25,14.950000000000003" vel="0,0,0" mass="1" elasticityCoef="1" ang="90,0,0" color="0,220,0" radius="0.5" length="4" />
		<capsule pos="8.050000000000004,30.25,17.25" vel="0,0,0" mass="1" elasticityCoef="1" ang="90,0,0" color="0,220,0" radius="0.5" length="4" />
		<capsule pos="8.050000000000004,30.25,19.550000000000004" vel="0,0,0" mass="1" elasticityCoef="1" ang="90,0,0" color="0,220,0" radius="0.5" length="4" />
		<capsule pos="8.050000000000004,30.25,21.85" vel="0,0,0" mass="1" elasticityCoef="1" ang="90,0,0" color="0,220,0" radius="0.5" length="4" />
		<capsule pos="8.050000000000004,30.25,24.15" vel="0,0,0" mass="1" elasticityCoef="1" ang="90,0,0" color="0,220,0" radius="0.5" length="4" />
		<capsule pos="8.050000000000004,30.25,26.450000000000003" vel="0,0,0" mass="1" elasticityCoef="1" ang="90,0,0" color="0,220,0" radius="0.5" length="4" />
		<capsule pos="8.050000000000004,30.25,28.75" vel="0,0,0" mass="1" elasticityCoef="1" ang="90,0,0" color="0,220,0" radius="0.5" length="4" />
		<capsule pos="8.050000000000004,30.25,31.049999999999997" vel="0,0,0" mass="1" elasticityCoef="1" ang="90,0,0" color="0,220,0" radius="0.5" length="4" />
		<capsule pos="8.050000000000004,35.75,-33.349999999999994" vel="0,0,0" mass="1" elasticityCoef="1" ang="90,0,0" color="0,220,0" radius="0.5" length="4" />
		<capsule pos="8.050000000000004,35.75,-31.049999999999994" vel="0,0,0" mass="1" elasticityCoef="1" ang="90,0,0" color="0,220,0" radius="0.5" length="4" />
		<capsule pos="8.050000000000004,35.75,-28.749999999999993" vel="0,0,0" mass="1" elasticityCoef="1" ang="90,0,0" color="0,220,0" radius="0.5" length="4" />
		<capsule pos="8.050000000000004,35.75,-26.449999999999996" vel="0,0,0" mass="1" elasticityCoef="1" ang="90,0,0" color="0,220,0" radius="0.5" length="4" />
		<capsule pos="8.050000000000004,35.75,-24.149999999999995" vel="0,0,0" mass="1" elasticityCoef="1" ang="90,0,0" color="0,220,0" radius="0.5" length="4" />
		<capsule pos="8.050000000000004,35.75,-21.849999999999994" vel="0,0,0" mass="1" elasticityCoef="1" ang="90,0,0" color="0,220,0" radius="0.5" length="4" />
		<capsule pos="8.050000000000004,35.75,-19.549999999999997" vel="0,0,0" mass="1" elasticityCoef="1" ang="90,0,0" color="0,220,0" radius="0.5" length="4" />
		<capsule pos="8.050000000000004,35.75,-17.249999999999996" vel="0,0,0" mass="1" elasticityCoef="1" ang="90,0,0" color="0,220,0" radius="0.5" length="4" />
		<capsule pos="8.050000000000004,35.75,-14.949999999999996" vel="0,0,0" mass="1" elasticityCoef="1" ang="90,0,0" color="0,220,0" radius="0.5" length="4" />
		<capsule pos="8.050000000000004,35.75,-12.649999999999995" vel="0,0,0" mass="1" elasticityCoef="1" ang="90,0,0" color="0,220,0" radius="0.5" length="4" />
		<capsule pos="8.050000000000004,35.75,-10.349999999999994" vel="0,0,0" mass="1" elasticityCoef="1" ang="90,0,0" color="0,220,0" radius="0.5" length="4" />
		<capsule pos="8.050000000000004,35.75,-8.049999999999997" vel="0,0,0" mass="1" elasticityCoef="1" ang="90,0,0" color="0,220,0" radius="0.5" length="4" />
		<capsule pos="8.050000000000004,35.75,-5.7499999999999964" vel="0,0,0" mass="1" elasticityCoef="1" ang="90,0,0" color="0,220,0" radius="0.5" length="4" />
		<capsule pos="8.050000000000004,35.75,-3.4499999999999957" vel="0,0,0" mass="1" elasticityCoef="1" ang="90,0,0" color="0,220,0" radius="0.5" length="4" />
		<capsule pos="8.050000000000004,35.75,-1.1499999999999986" vel="0,0,0" mass="1" elasticityCoef="1" ang="90,0,0" color="0,220,0" radius="0.5" length="4" />
		<capsule pos="8.050000000000004,35.75,1.1500000000000057" vel="0,0,0" mass="1" elasticityCoef="1" ang="90,0,0" color="0,220,0" radius="0.5" length="4" />
		<capsule pos="8.050000000000004,35.75,3.450000000000003" vel="0,0,0" mass="1" elasticityCoef="1" ang="90,0,0" color="0,220,0" radius="0.5" length="4" />
		<capsule pos="8.050000000000004,35.75,5.75" vel="0,0,0" mass="1" elasticityCoef="1" ang="90,0,0" color="0,220,0" radius="0.5" length="4" />
		<capsule pos="8.050000000000004,35.75,8.050000000000004" vel="0,0,0" mass="1" elasticityCoef="1" ang="90,0,0" color="0,220,0" radius="0.5" length="4" />
		<capsule pos="8.050000000000004,35.75,10.350000000000001" vel="0,0,0" mass="1" elasticityCoef="1" ang="90,0,0" color="0,220,0" radius="0.5" length="4" />
		<capsule pos="8.050000000000004,35.75,12.650000000000006" vel="0,0,0" mass="1" elasticityCoef="1" ang="90,0,0" color="0,220,0" radius="0.5" length="4" />
		<capsule pos="8.050000000000004,35.75,14.950000000000003" vel="0,0,0" mass="1" elasticityCoef="1" ang="90,0,0" color="0,220,0" radius="0.5" length="4" />
		<capsule pos="8.050000000000004,35.75,17.25" vel="0,0,0" mass="1" elasticityCoef="1" ang="90,0,0" color="0,220,0" radius="0.5" length="4" />
		<capsule pos="8.050000000000004,35.75,19.550000000000004" vel="0,0,0" mass="1" elasticityCoef="1" ang="90,0,0" color="0,220,0" radius="0.5" length="4" />
		<capsule pos="8.050000000000004,35.75,21.85" vel="0,0,0" mass="1" elasticityCoef="1" ang="90,0,0" color="0,220,0" radius="0.5" length="4" />
		<capsule pos="8.050000000000004,35.75,24.15" vel="0,0,0" mass="1" elasticityCoef="1" ang="90,0,0" color="0,220,0" radius="0.5" length="4" />
		<capsule pos="8.050000000000004,35.75,26.450000000000003" vel="0,0,0" mass="1" elasticityCoef="1" ang="90,0,0" color="0,220,0" radius="0.5" length="4" />
		<capsule pos="8.050000000000004,35.75,28.75" vel="0,0,0" mass="1" elasticityCoef="1" ang="90,0,0" color="0,220,0" radius="0.5" length="4" />
		<capsule pos="8.050000000000004,35.75,31.049999999999997" vel="0,0,0" mass="1" elasticityCoef="1" ang="90,0,0" color="0,220,0" radius="0.5" length="4" />
		<capsule pos="10.350000000000001,-41.25,-33.349999999999994" vel="0,0,0" mass="1" elasticityCoef="1" ang="90,0,0" color="0,220,0" radius="0.5" length="4" />
		<capsule pos="10.350000000000001,-41.25,-31.049999999999994" vel="0,0,0" mass="1" elasticityCoef="1" ang="90,0,0" color="0,220,0" radius="0.5" length="4" />
		<capsule pos="10.350000000000001,-41.25,-28.749999999999993" vel="0,0,0" mass="1" elasticityCoef="1" ang="90,0,0" color="0,220,0" radius="0.5" length="4" />
		<capsule pos="10.350000000000001,-41.25,-26.449999999999996" vel="0,0,0" mass="1" elasticityCoef="1" ang="90,0,0" color="0,220,0" radius="0.5" length="4" />
		<capsule pos="10.350000000000001,-41.25,-24.149999999999995" vel="0,0,0" mass="1" elasticityCoef="1" ang="90,0,0" color="0,220,0" radius="0.5" length="4" />
		<capsule pos="10.350000000000001,-41.25,-21.849999999999994" vel="0,0,0" mass="1" elasticityCoef="1" ang="90,0,0" color="0,220,0" radius="0.5" length="4" />
		<capsule pos="10.350000000000001,-41.25,-19.549999999999997" vel="0,0,0" mass="1" elasticityCoef="1" ang="90,0,0" color="0,220,0" radius="0.5" length="4" />
		<capsule pos="10.350000000000001,-41.25,-17.249999999999996" vel="0,0,0" mass="1" elasticityCoef="1" ang="90,0,0" color="0,220,0" radius="0.5" length="4" />
		<capsule pos="10.350000000000001,-41.25,-14.949999999999996" vel="0,0,0" mass="1" elasticityCoef="1" ang="90,0,0" color="0,220,0" radius="0.5" length="4" />
		<capsule pos="10.350000000000001,-41.25,-12.649999999999995" vel="0,0,0" mass="1" elasticityCoef="1" ang="90,0,0" color="0,220,0" radius="0.5" length="4" />
		<capsule pos="10.350000000000001,-41.25,-10.349999999999994" vel="0,0,0" mass="1" elasticityCoef="1" ang="90,0,0" color="0,220,0" radius="0.5" length="4" />
		<capsule pos="10.350000000000001,-41.25,-8.049999999999997" vel="0,0,0" mass="1" elasticityCoef="1" ang="90,0,0" color="0,220,0" radius="0.5" length="4" />
		<capsule pos="10.350000000000001,-41.25,-5.7499999999999964" vel="0,0,0" mass="1" elasticityCoef="1" ang="90,0,0" color="0,220,0" radius="0.5" length="4" />
		<capsule pos="10.350000000000001,-41.25,-3.4499999999999957" vel="0,0,0" mass="1" elasticityCoef="1" ang="90,0,0" color="0,220,0" radius="0.5" length="4" />
		<capsule pos="10.350000000000001,-41.25,-1.1499999999999986" vel="0,0,0" mass="1" elasticityCoef="1" ang="90,0,0" color="0,220,0" radius="0.5" length="4" />
		<capsule pos="10.350000000000001,-41.25,1.1500000000000057" vel="0,0,0" mass="1" elasticityCoef="1" ang="90,0,0" color="0,220,0" radius="0.5" length="4" />
		<capsule pos="10.350000000000001,-41.25,3.450000000000003" vel="0,0,0" mass="1" elasticityCoef="1" ang="90,0,0" color="0,220,0" radius="0.5" length="4" />
		<capsule pos="10.350000000000001,-41.25,5.75" vel="0,0,0" mass="1" elasticityCoef="1" ang="90,0,0" color="0,220,0" radius="0.5" length="4" />
		<capsule pos="10.350000000000001,-41.25,8.050000000000004" vel="0,0,0" mass="1" elasticityCoef="1" ang="90,0,0" color="0,220,0" radius="0.5" length="4" />
		<capsule pos="10.350000000000001,-41.25,10.350000000000001" vel="0,0,0" mass="1" elasticityCoef="1" ang="90,0,0" color="0,220,0" radius="0.5" length="4" />
		<capsule pos="10.350000000000001,-41.25,12.650000000000006" vel="0,0,0" mass="1" elasticityCoef="1" ang="90,0,0" color="0,220,0" radius="0.5" length="4" />
		<capsule pos="10.350000000000001,-41.25,14.950000000000003" vel="0,0,0" mass="1" elasticityCoef="1" ang="90,0,0" color="0,220,0" radius="0.5" length="4" />
		<capsule pos="10.350000000000001,-41.25,17.25" vel="0,0,0" mass="1" elasticityCoef="1" ang="90,0,0" color="0,220,0" radius="0.5" length="4" />
		<capsule pos="10.350000000000001,-41.25,19.550000000000004" vel="0,0,0" mass="1" elasticityCoef="1" ang="90,0,0" color="0,220,0" radius="0.5" length="4" />
		<capsule pos="10.350000000000001,-41.25,21.85" vel="0,0,0" mass="1" elasticityCoef="1" ang="90,0,0" color="0,220,0" radius="0.5" length="4" />
		<capsule pos="10.350000000000001,-41.25,24.15" vel="0,0,0" mass="1" elasticityCoef="1" ang="90,0,0" color="0,220,0" radius="0.5" length="4" />
		<capsule pos="10.350000000000001,-41.25,26.450000000000003" vel="0,0,0" mass="1" elasticityCoef="1" ang="90,0,0" color="0,220,0" radius="0.5" length="4" />
		<capsule pos="10.350000000000001,-41.25,28.75" vel="0,0,0" mass="1" elasticityCoef="1" ang="90,0,0" color="0,220,0" radius="0.5" length="4" />
		<capsule pos="10.350000000000001,-41.25,31.049999999999997" vel="0,0,0" mass="1" elasticityCoef="1" ang="90,0,0" color="0,220,0" radius="0.5" length="4" />
		<capsule pos="10.350000000000001,-35.75,-33.349999999999994" vel="0,0,0" mass="1" elasticityCoef="1" ang="90,0,0" color="0,220,0" radius="0.5" length="4" />
		<capsule pos="10.350000000000001,-35.75,-31.049999999999994" vel="0,0,0" mass="1" elasticityCoef="1" ang="90,0,0" color="0,220,0" radius="0.5" length="4" />
		<capsule pos="10.350000000000001,-35.75,-28.749999999999993" vel="0,0,0" mass="1" elasticityCoef="1" ang="90,0,0" color="0,220,0" radius="0.5" length="4" />
		<capsule pos="10.350000000000001,-35.75,-26.449999999999996" vel="0,0,0" mass="1" elasticityCoef="1" ang="90,0,0" color="0,220,0" radius="0.5" length="4" />
		<capsule pos="10.350000000000001,-35.75,-24.149999999999995" vel="0,0,0" mass="1" elasticityCoef="1" ang="90,0,0" color="0,220,0" radius="0.5" length="4" />
		<capsule pos="10.350000000000001,-35.75,-21.849999999999994" vel="0,0,0" mass="1" elasticityCoef="1" ang="90,0,0" color="0,220,0" radius="0.5" length="4" />
		<capsule pos="10.350000000000001,-35.75,-19.549999999999997" vel="0,0,0" mass="1" elasticityCoef="1" ang="90,0,0" color="0,220,0" radius="0.5" length="4" />
		<capsule pos="10.350000000000001,-35.75,-17.249999999999996" vel="0,0,0" mass="1" elasticityCoef="1" ang="90,0,0" color="0,220,0" radius="0.5" length="4" />
		<capsule pos="10.350000000000001,-35.75,-14.949999999999996" vel="0,0,0" mass="1" elasticityCoef="1" ang="90,0,0" color="0,220,0" radius="0.5" length="4" />
		<capsule pos="10.350000000000001,-35.75,-12.649999999999995" vel="0,0,0" mass="1" elasticityCoef="1" ang="90,0,0" color="0,220,0" radius="0.5" length="4" />
		<capsule pos="10.350000000000001,-35.75,-10.349999999999994" vel="0,0,0" mass="1" elasticityCoef="1" ang="90,0,0" color="0,220,0" radius="0.5" length="4" />
		<capsule pos="10.350000000000001,-35.75,-8.049999999999997" vel="0,0,0" mass="1" elasticityCoef="1" ang="90,0,0" color="0,220,0" radius="0.5" length="4" />
		<capsule pos="10.350000000000001,-35.75,-5.7499999999999964" vel="0,0,0" mass="1" elasticityCoef="1" ang="90,0,0" color="0,220,0" radius="0.5" length="4" />
		<capsule pos="10.350000000000001,-35.75,-3.4499999999999957" vel="0,0,0" mass="1" elasticityCoef="1" ang="90,0,0" color="0,220,0" radius="0.5" length="4" />
		<capsule pos="10.350000000000001,-35.75,-1.1499999999999986" vel="0,0,0" mass="1" elasticityCoef="1" ang="90,0,0" color="0,220,0" radius="0.5" length="4" />
		<capsule pos="10.350000000000001,-35.75,1.1500000000000057" vel="0,0,0" mass="1" elasticityCoef="1" ang="90,0,0" color="0,220,0" radius="0.5" length="4" />
		<capsule pos="10.350000000000001,-35.75,3.450000000000003" vel="0,0,0" mass="1" elasticityCoef="1" ang="90,0,0" color="0,220,0" radius="0.5" length="4" />
		<capsule pos="10.350000000000001,-35.75,5.75" vel="0,0,0" mass="1" elasticityCoef="1" ang="90,0,0" color="0,220,0" radius="0.5" length="4" />
		<capsule pos="10.350000000000001,-35.75,8.050000000000004" vel="0,0,0" mass="1" elasticityCoef="1" ang="90,0,0" color="0,220,0" radius="0.5" length="4" />
		<capsule pos="10.350000000000001,-35.75,10.350000000000001" vel="0,0,0" mass="1" elasticityCoef="1" ang="90,0,0" color="0,220,0" radius="0.5" length="4" />
		<capsule pos="10.350000000000001,-35.75,12.650000000000006" vel="0,0,0" mass="1" elasticityCoef="1" ang="90,0,0" color="0,220,0" radius="0.5" length="4" />
		<capsule pos="10.350000000000001,-35.75,14.950000000000003" vel="0,0,0" mass="1" elasticityCoef="1" ang="90,0,0" color="0,220,0" radius="0.5" length="4" />
		<capsule pos="10.350000000000001,-35.75,17.25" vel="0,0,0" mass="1" elasticityCoef="1" ang="90,0,0" color="0,220,0" radius="0.5" length="4" />
		<capsule pos="10.350000000000001,-35.75,19.550000000000004" vel="0,0,0" mass="1" elasticityCoef="1" ang="90,0,0" color="0,220,0" radius="0.5" length="4" />
		<capsule pos="10.350000000000001,-35.75,21.85" vel="0,0,0" mass="1" elasticityCoef="1" ang="90,0,0" color="0,220,0" radius="0.5" length="4" />
		<capsule pos="10.350000000000001,-35.75,24.15" vel="0,0,0" mass="1" elasticityCoef="1" ang="90,0,0" color="0,220,0" radius="0.5" length="4" />
		<capsule pos="10.350000000000001,-35.75,26.450000000000003" vel="0,0,0" mass="1" elasticityCoef="1" ang="90,0,0" color="0,220,0" radius="0.5" length="4" />
		<capsule pos="10.350000000000001,-35.75,28.75" vel="0,0,0" mass="1" elasticityCoef="1" ang="90,0,0" color="0,220,0" radius="0.5" length="4" />
		<capsule pos="10.350000000000001,-35.75,31.049999999999997" vel="0,0,0" mass="1" elasticityCoef="1" ang="90,0,0" color="0,220,0" radius="0.5" length="4" />
		<capsule pos="10.350000000000001,-30.25,-33.349999999999994" vel="0,0,0" mass="1" elasticityCoef="1" ang="90,0,0" color="0,220,0" radius="0.5" length="4" />
		<capsule pos="10.350000000000001,-30.25,-31.049999999999994" vel="0,0,0" mass="1" elasticityCoef="1" ang="90,0,0" color="0,220,0" radius="0.5" length="4" />
		<capsule pos="10.350000000000001,-30.25,-28.749999999999993" vel="0,0,0" mass="1" elasticityCoef="1" ang="90,0,0" color="0,220,0" radius="0.5" length="4" />
		<capsule pos="10.350000000000001,-30.25,-26.449999999999996" vel="0,0,0" mass="1" elasticityCoef="1" ang="90,0,0" color="0,220,0" radius="0.5" length="4" />
		<capsule pos="10.350000000000001,-30.25,-24.149999999999995" vel="0,0,0" mass="1" elasticityCoef="1" ang="90,0,0" color="0,220,0" radius="0.5" length="4" />
		<capsule pos="10.350000000000001,-30.25,-21.849999999999994" vel="0,0,0" mass="1" elasticityCoef="1" ang="90,0,0" color="0,220,0" radius="0.5" length="4" />
		<capsule pos="10.350000000000001,-30.25,-19.549999999999997" vel="0,0,0" mass="1" elasticityCoef="1" ang="90,0,0" color="0,220,0" radius="0.5" length="4" />
		<capsule pos="10.350000000000001,-30.25,-17.249999999999996" vel="0,0,0" mass="1" elasticityCoef="1" ang="90,0,0" color="0,220,0" radius="0.5" length="4" />
		<capsule pos="10.350000000000001,-30.25,-14.949999999999996" vel="0,0,0" mass="1" elasticityCoef="1" ang="90,0,0" color="0,220,0" radius="0.5" length="4" />
		<capsule pos="10.350000000000001,-30.25,-12.649999999999995" vel="0,0,0" mass="1" elasticityCoef="1" ang="90,0,0" color="0,220,0" radius="0.5" length="4" />
		<capsule pos="10.350000000000001,-30.25,-10.349999999999994" vel="0,0,0" mass="1" elasticityCoef="1" ang="90,0,0" color="0,220,0" radius="0.5" length="4" />
		<capsule pos="10.350000000000001,-30.25,-8.049999999999997" vel="0,0,0" mass="1" elasticityCoef="1" ang="90,0,0" color="0,220,0" radius="0.5" length="4" />
		<capsule pos="10.350000000000001,-30.25,-5.7499999999999964" vel="0,0,0" mass="1" elasticityCoef="1" ang="90,0,0" color="0,220,0" radius="0.5" length="4" />
		<capsule pos="10.350000000000001,-30.25,-3.4499999999999957" vel="0,0,0" mass="1" elasticityCoef="1" ang="90,0,0" color="0,220,0" radius="0.5" length="4" />
		<capsule pos="10.350000000000001,-30.25,-1.1499999999999986" vel="0,0,0" mass="1" elasticityCoef="1" ang="90,0,0" color="0,220,0" radius="0.5" length="4" />
		<capsule pos="10.350000000000001,-30.25,1.1500000000000057" vel="0,0,0" mass="1" elasticityCoef="1" ang="90,0,0" color="0,220,0" radius="0.5" length="4" />
		<capsule pos="10.350000000000001,-30.25,3.450000000000003" vel="0,0,0" mass="1" elasticityCoef="1" ang="90,0,0" color="0,220,0" radius="0.5" length="4" />
		<capsule pos="10.350000000000001,-30.25,5.75" vel="0,0,0" mass="1" elasticityCoef="1" ang="90,0,0" color="0,220,0" radius="0.5" length="4" />
		<capsule pos="10.350000000000001,-30.25,8.050000000000004" vel="0,0,0" mass="1" elasticityCoef="1" ang="90,0,0" color="0,220,0" radius="0.5" length="4" />
		<capsule pos="10.350000000000001,-30.25,10.350000000000001" vel="0,0,0" mass="1" elasticityCoef="1" ang="90,0,0" color="0,220,0" radius="0.5" length="4" />
		<capsule pos="10.350000000000001,-30.25,12.650000000000006" vel="0,0,0" mass="1" elasticityCoef="1" ang="90,0,0" color="0,220,0" radius="0.5" length="4" />
		<capsule pos="10.350000000000001,-30.25,14.950000000000003" vel="0,0,0" mass="1" elasticityCoef="1" ang="90,0,0" color="0,220,0" radius="0.5" length="4" />
		<capsule pos="10.350000000000001,-30.25,17.25" vel="0,0,0" mass="1" elasticityCoef="1" ang="90,0,0" color="0,220,0" radius="0.5" length="4" />
		<capsule pos="10.350000000000001,-30.25,19.550000000000004" vel="0,0,0" mass="1" elasticityCoef="1" ang="90,0,0" color="0,220,0" radius="0.5" length="4" />
		<capsule pos="10.350000000000001,-30.25,21.85" vel="0,0,0" mass="1" elasticityCoef="1" ang="90,0,0" color="0,220,0" radius="0.5" length="4" />
		<capsule pos="10.350000000000001,-30.25,24.15" vel="0,0,0" mass="1" elasticityCoef="1" ang="90,0,0" color="0,220,0" radius="0.5" length="4" />
		<capsule pos="10.350000000000001,-30.25,26.450000000000003" vel="0,0,0" mass="1" elasticityCoef="1" ang="90,0,0" color="0,220,0" radius="0.5" length="4" />
		<capsule pos="10.350000000000001,-30.25,28.75" vel="0,0,0" mass="1" elasticityCoef="1" ang="90,0,0" color="0,220,0" radius="0.5" length="4" />
		<capsule pos="10.350000000000001,-30.25,31.049999999999997" vel="0,0,0" mass="1" elasticityCoef="1" ang="90,0,0" color="0,220,0" radius="0.5" length="4" />
		<capsule pos="10.350000000000001,-24.75,-33.349999999999994" vel="0,0,0" mass="1" elasticityCoef="1" ang="90,0,0" color="0,220,0" radius="0.5" length="4" />
		<capsule pos="10.350000000000001,-24.75,-31.049999999999994" vel="0,0,0" mass="1" elasticityCoef="1" ang="90,0,0" color="0,220,0" radius="0.5" length="4" />
		<capsule pos="10.350000000000001,-24.75,-28.749999999999993" vel="0,0,0" mass="1" elasticityCoef="1" ang="90,0,0" color="0,220,0" radius="0.5" length="4" />
		<capsule pos="10.350000000000001,-24.75,-26.449999999999996" vel="0,0,0" mass="1" elasticityCoef="1" ang="90,0,0" color="0,220,0" radius="0.5" length="4" />
		<capsule pos="10.350000000000001,-24.75,-24.149999999999995" vel="0,0,0" mass="1" elasticityCoef="1" ang="90,0,0" color="0,220,0" radius="0.5" length="4" />
		<capsule pos="10.350000000000001,-24.75,-21.849999999999994" vel="0,0,0" mass="1" elasticityCoef="1" ang="90,0,0" color="0,220,0" radius="0.5" length="4" />
		<capsule pos="10.350000000000001,-24.75,-19.549999999999997" vel="0,0,0" mass="1" elasticityCoef="1" ang="90,0,0" color="0,220,0" radius="0.5" length="4" />
		<capsule pos="10.350000000000001,-24.75,-17.249999999999996" vel="0,0,0" mass="1" elasticityCoef="1" ang="90,0,0" color="0,220,0" radius="0.5" length="4" />
		<capsule pos="10.350000000000001,-24.75,-14.949999999999996" vel="0,0,0" mass="1" elasticityCoef="1" ang="90,0,0" color="0,220,0" radius="0.5" length="4" />
		<capsule pos="10.350000000000001,-24.75,-12.649999999999995" vel="0,0,0" mass="1" elasticityCoef="1" ang="90,0,0" color="0,220,0" radius="0.5" length="4" />
		<capsule pos="10.350000000000001,-24.75,-10.349999999999994" vel="0,0,0" mass="1" elasticityCoef="1" ang="90,0,0" color="0,220,0" radius="0.5" length="4" />
		<capsule pos="10.350000000000001,-24.75,-8.049999999999997" vel="0,0,0" mass="1" elasticityCoef="1" ang="90,0,0" color="0,220,0" radius="0.5" length="4" />
		<capsule pos="10.350000000000001,-24.75,-5.7499999999999964" vel="0,0,0" mass="1" elasticityCoef="1" ang="90,0,0" color="0,220,0" radius="0.5" length="4" />
		<capsule pos="10.350000000000001,-24.75,-3.4499999999999957" vel="0,0,0" mass="1" elasticityCoef="1" ang="90,0,0" color="0,220,0" radius="0.5" length="4" />
		<capsule pos="10.350000000000001,-24.75,-1.1499999999999986" vel="0,0,0" mass="1" elasticityCoef="1" ang="90,0,0" color="0,220,0" radius="0.5" length="4" />
		<capsule pos="10.350000000000001,-24.75,1.1500000000000057" vel="0,0,0" mass="1" elasticityCoef="1" ang="90,0,0" color="0,220,0" radius="0.5" length="4" />
		<capsule pos="10.350000000000001,-24.75,3.450000000000003" vel="0,0,0" mass="1" elasticityCoef="1" ang="90,0,0" color="0,220,0" radius="0.5" length="4" />
		<capsule pos="10.350000000000001,-24.75,5.75" vel="0,0,0" mass="1" elasticityCoef="1" ang="90,0,0" color="0,220,0" radius="0.5" length="4" />
		<capsule pos="10.350000000000001,-24.75,8.050000000000004" vel="0,0,0" mass="1" elasticityCoef="1" ang="90,0,0" color="0,220,0" radius="0.5" length="4" />
		<capsule pos="10.350000000000001,-24.75,10.350000000000001" vel="0,0,0" mass="1" elasticityCoef="1" ang="90,0,0" color="0,220,0" radius="0.5" length="4" />
		<capsule pos="10.350000000000001,-24.75,12.650000000000006" vel="0,0,0" mass="1" elasticityCoef="1" ang="90,0,0" color="0,220,0" radius="0.5" length="4" />
		<capsule pos="10.350000000000001,-24.75,14.950000000000003" vel="0,0,0" mass="1" elasticityCoef="1" ang="90,0,0" color="0,220,0" radius="0.5" length="4" />
		<capsule pos="10.350000000000001,-24.75,17.25" vel="0,0,0" mass="1" elasticityCoef="1" ang="90,0,0" color="0,220,0" radius="0.5" length="4" />
		<capsule pos="10.350000000000001,-24.75,19.550000000000004" vel="0,0,0" mass="1" elasticityCoef="1" ang="90,0,0" color="0,220,0" radius="0.5" length="4" />
		<capsule pos="10.350000000000001,-24.75,21.85" vel="0,0,0" mass="1" elasticityCoef="1" ang="90,0,0" color="0,220,0" radius="0.5" length="4" />
		<capsule pos="10.350000000000001,-24.75,24.15" vel="0,0,0" mass="1" elasticityCoef="1" ang="90,0,0" color="0,220,0" radius="0.5" length="4" />
		<capsule pos="10.350000000000001,-24.75,26.450000000000003" vel="0,0,0" mass="1" elasticityCoef="1" ang="90,0,0" color="0,220,0" radius="0.5" length="4" />
		<capsule pos="10.350000000000001,-24.75,28.75" vel="0,0,0" mass="1" elasticityCoef="1" ang="90,0,0" color="0,220,0" radius="0.5" length="4" />
		<capsule pos="10.350000000000001,-24.75,31.049999999999997" vel="0,0,0" mass="1" elasticityCoef="1" ang="90,0,0" color="0,220,0" radius="0.5" length="4" />
		<capsule pos="10.350000000000001,-19.25,-33.349999999999994" vel="0,0,0" mass="1" elasticityCoef="1" ang="90,0,0" color="0,220,0" radius="0.5" length="4" />
		<capsule pos="10.350000000000001,-19.25,-31.049999999999994" vel="0,0,0" mass="1" elasticityCoef="1" ang="90,0,0" color="0,220,0" radius="0.5" length="4" />
		<capsule pos="10.350000000000001,-19.25,-28.749999999999993" vel="0,0,0" mass="1" elasticityCoef="1" ang="90,0,0" color="0,220,0" radius="0.5" length="4" />
		<capsule pos="10.350000000000001,-19.25,-26.449999999999996" vel="0,0,0" mass="1" elasticityCoef="1" ang="90,0,0" color="0,220,0" radius="0.5" length="4" />
		<capsule pos="10.350000000000001,-19.25,-24.149999999999995" vel="0,0,0" mass="1" elasticityCoef="1" ang="90,0,0" color="0,220,0" radius="0.5" length="4" />
		<capsule pos="10.350000000000001,-19.25,-21.849999999999994" vel="0,0,0" mass="1" elasticityCoef="1" ang="90,0,0" color="0,220,0" radius="0.5" length="4" />
		<capsule pos="10.350000000000001,-19.25,-19.549999999999997" vel="0,0,0" mass="1" elasticityCoef="1" ang="90,0,0" color="0,220,0" radius="0.5" length="4" />
		<capsule pos="10.350000000000001,-19.25,-17.249999999999996" vel="0,0,0" mass="1" elasticityCoef="1" ang="90,0,0" color="0,220,0" radius="0.5" length="4" />
		<capsule pos="10.350000000000001,-19.25,-14.949999999999996" vel="0,0,0" mass="1" elasticityCoef="1" ang="90,0,0" color="0,220,0" radius="0.5" length="4" />
		<capsule pos="10.350000000000001,-19.25,-12.649999999999995" vel="0,0,0" mass="1" elasticityCoef="1" ang="90,0,0" color="0,220,0" radius="0.5" length="4" />
		<capsule pos="10.350000000000001,-19.25,-10.349999999999994" vel="0,0,0" mass="1" elasticityCoef="1" ang="90,0,0" color="0,220,0" radius="0.5" length="4" />
		<capsule pos="10.350000000000001,-19.25,-8.049999999999997" vel="0,0,0" mass="1" elasticityCoef="1" ang="90,0,0" color="0,220,0" radius="0.5" length="4" />
		<capsule pos="10.350000000000001,-19.25,-5.7499999999999964" vel="0,0,0" mass="1" elasticityCoef="1" ang="90,0,0" color="0,220,0" radius="0.5" length="4" />
		<capsule pos="10.350000000000001,-19.25,-3.4499999999999957" vel="0,0,0" mass="1" elasticityCoef="1" ang="90,0,0" color="0,220,0" radius="0.5" length="4" />
		<capsule pos="10.350000000000001,-19.25,-1.1499999999999986" vel="0,0,0" mass="1" elasticityCoef="1" ang="90,0,0" color="0,220,0" radius="0.5" length="4" />
		<capsule pos="10.350000000000001,-19.25,1.1500000000000057" vel="0,0,0" mass="1" elasticityCoef="1" ang="90,0,0" color="0,220,0" radius="0.5" length="4" />
		<capsule pos="10.350000000000001,-19.25,3.450000000000003" vel="0,0,0" mass="1" elasticityCoef="1" ang="90,0,0" color="0,220,0" radius="0.5" length="4" />
		<capsule pos="10.350000000000001,-19.25,5.75" vel="0,0,0" mass="1" elasticityCoef="1" ang="90,0,0" color="0,220,0" radius="0.5" length="4" />
		<capsule pos="10.350000000000001,-19.25,8.050000000000004" vel="0,0,0" mass="1" elasticityCoef="1" ang="90,0,0" color="0,220,0" radius="0.5" length="4" />
		<capsule pos="10.350000000000001,-19.25,10.350000000000001" vel="0,0,0" mass="1" elasticityCoef="1" ang="90,0,0" color="0,220,0" radius="0.5" length="4" />
		<capsule pos="10.350000000000001,-19.25,12.650000000000006" vel="0,0,0" mass="1" elasticityCoef="1" ang="90,0,0" color="0,220,0" radius="0.5" length="4" />
		<capsule pos="10.350000000000001,-19.25,14.950000000000003" vel="0,0,0" mass="1" elasticityCoef="1" ang="90,0,0" color="0,220,0" radius="0.5" length="4" />
		<capsule pos="10.350000000000001,-19.25,17.25" vel="0,0,0" mass="1" elasticityCoef="1" ang="90,0,0" color="0,220,0" radius="0.5" length="4" />
		<capsule pos="10.350000000000001,-19.25,19.550000000000004" vel="0,0,0" mass="1" elasticityCoef="1" ang="90,0,0" color="0,220,0" radius="0.5" length="4" />
		<capsule pos="10.350000000000001,-19.25,21.85" vel="0,0,0" mass="1" elasticityCoef="1" ang="90,0,0" color="0,220,0" radius="0.5" length="4" />
		<capsule pos="10.350000000000001,-19.25,24.15" vel="0,0,0" mass="1" elasticityCoef="1" ang="90,0,0" color="0,220,0" radius="0.5" length="4" />
		<capsule pos="10.350000000000001,-19.25,26.450000000000003" vel="0,0,0" mass="1" elasticityCoef="1" ang="90,0,0" color="0,220,0" radius="0.5" length="4" />
		<capsule pos="10.350000000000001,-19.25,28.75" vel="0,0,0" mass="1" elasticityCoef="1" ang="90,0,0" color="0,220,0" radius="0.5" length="4" />
		<capsule pos="10.350000000000001,-19.25,31.049999999999997" vel="0,0,0" mass="1" elasticityCoef="1" ang="90,0,0" color="0,220,0" radius="0.5" length="4" />
		<capsule pos="10.350000000000001,-13.75,-33.349999999999994" vel="0,0,0" mass="1" elasticityCoef="1" ang="90,0,0" color="0,220,0" radius="0.5" length="4" />
		<capsule pos="10.350000000000001,-13.75,-31.049999999999994" vel="0,0,0" mass="1" elasticityCoef="1" ang="90,0,0" color="0,220,0" radius="0.5" length="4" />
		<capsule pos="10.350000000000001,-13.75,-28.749999999999993" vel="0,0,0" mass="1" elasticityCoef="1" ang="90,0,0" color="0,220,0" radius="0.5" length="4" />
		<capsule pos="10.350000000000001,-13.75,-26.449999999999996" vel="0,0,0" mass="1" elasticityCoef="1" ang="90,0,0" color="0,220,0" radius="0.5" length="4" />
		<capsule pos="10.350000000000001,-13.75,-24.149999999999995" vel="0,0,0" mass="1" elasticityCoef="1" ang="90,0,0" color="0,220,0" radius="0.5" length="4" />
		<capsule pos="10.350000000000001,-13.75,-21.849999999999994" vel="0,0,0" mass="1" elasticityCoef="1" ang="90,0,0" color="0,220,0" radius="0.5" length="4" />
		<capsule pos="10.350000000000001,-13.75,-19.549999999999997" vel="0,0,0" mass="1" elasticityCoef="1" ang="90,0,0" color="0,220,0" radius="0.5" length="4" />
		<capsule pos="10.350000000000001,-13.75,-17.249999999999996" vel="0,0,0" mass="1" elasticityCoef="1" ang="90,0,0" color="0,220,0" radius="0.5" length="4" />
		<capsule pos="10.350000000000001,-13.75,-14.949999999999996" vel="0,0,0" mass="1" elasticityCoef="1" ang="90,0,0" color="0,220,0" radius="0.5" length="4" />
		<capsule pos="10.350000000000001,-13.75,-12.649999999999995" vel="0,0,0" mass="1" elasticityCoef="1" ang="90,0,0" color="0,220,0" radius="0.5" length="4" />
		<capsule pos="10.350000000000001,-13.75,-10.349999999999994" vel="0,0,0" mass="1" elasticityCoef="1" ang="90,0,0" color="0,220,0" radius="0.5" length="4" />
		<capsule pos="10.350000000000001,-13.75,-8.049999999999997" vel="0,0,0" mass="1" elasticityCoef="1" ang="90,0,0" color="0,220,0" radius="0.5" length="4" />
		<capsule pos="10.350000000000001,-13.75,-5.7499999999999964" vel="0,0,0" mass="1" elasticityCoef="1" ang="90,0,0" color="0,220,0" radius="0.5" length="4" />
		<capsule pos="10.350000000000001,-13.75,-3.4499999999999957" vel="0,0,0" mass="1" elasticityCoef="1" ang="90,0,0" color="0,220,0" radius="0.5" length="4" />
		<capsule pos="10.350000000000001,-13.75,-1.1499999999999986" vel="0,0,0" mass="1" elasticityCoef="1" ang="90,0,0" color="0,220,0" radius="0.5" length="4" />
		<capsule pos="10.350000000000001,-13.75,1.1500000000000057" vel="0,0,0" mass="1" elasticityCoef="1" ang="90,0,0" color="0,220,0" radius="0.5" length="4" />
		<capsule pos="10.350000000000001,-13.75,3.450000000000003" vel="0,0,0" mass="1" elasticityCoef="1" ang="90,0,0" color="0,220,0" radius="0.5" length="4" />
		<capsule pos="10.350000000000001,-13.75,5.75" vel="0,0,0" mass="1" elasticityCoef="1" ang="90,0,0" color="0,220,0" radius="0.5" length="4" />
		<capsule pos="10.350000000000001,-13.75,8.050000000000004" vel="0,0,0" mass="1" elasticityCoef="1" ang="90,0,0" color="0,220,0" radius="0.5" length="4" />
		<capsule pos="10.350000000000001,-13.75,10.350000000000001" vel="0,0,0" mass="1" elasticityCoef="1" ang="90,0,0" color="0,220,0" radius="0.5" length="4" />
		<capsule pos="10.350000000000001,-13.75,12.650000000000006" vel="0,0,0" mass="1" elasticityCoef="1" ang="90,0,0" color="0,220,0" radius="0.5" length="4" />
		<capsule pos="10.350000000000001,-13.75,14.950000000000003" vel="0,0,0" mass="1" elasticityCoef="1" ang="90,0,0" color="0,220,0" radius="0.5" length="4" />
		<capsule pos="10.350000000000001,-13.75,17.25" vel="0,0,0" mass="1" elasticityCoef="1" ang="90,0,0" color="0,220,0" radius="0.5" length="4" />
		<capsule pos="10.350000000000001,-13.75,19.550000000000004" vel="0,0,0" mass="1" elasticityCoef="1" ang="90,0,0" color="0,220,0" radius="0.5" length="4" />
		<capsule pos="10.350000000000001,-13.75,21.85" vel="0,0,0" mass="1" elasticityCoef="1" ang="90,0,0" color="0,220,0" radius="0.5" length="4" />
		<capsule pos="10.350000000000001,-13.75,24.15" vel="0,0,0" mass="1" elasticityCoef="1" ang="90,0,0" color="0,220,0" radius="0.5" length="4" />
		<capsule pos="10.350000000000001,-13.75,26.450000000000003" vel="0,0,0" mass="1" elasticityCoef="1" ang="90,0,0" color="0,220,0" radius="0.5" length="4" />
		<capsule pos="10.350000000000001,-13.75,28.75" vel="0,0,0" mass="1" elasticityCoef="1" ang="90,0,0" color="0,220,0" radius="0.5" length="4" />
		<capsule pos="10.350000000000001,-13.75,31.049999999999997" vel="0,0,0" mass="1" elasticityCoef="1" ang="90,0,0" color="0,220,0" radius="0.5" length="4" />
		<capsule pos="10.350000000000001,-8.25,-33.349999999999994" vel="0,0,0" mass="1" elasticityCoef="1" ang="90,0,0" color="0,220,0" radius="0.5" length="4" />
		<capsule pos="10.350000000000001,-8.25,-31.049999999999994" vel="0,0,0" mass="1" elasticityCoef="1" ang="90,0,0" color="0,220,0" radius="0.5" length="4" />
		<capsule pos="10.350000000000001,-8.25,-28.749999999999993" vel="0,0,0" mass="1" elasticityCoef="1" ang="90,0,0" color="0,220,0" radius="0.5" length="4" />
		<capsule pos="10.350000000000001,-8.25,-26.449999999999996" vel="0,0,0" mass="1" elasticityCoef="1" ang="90,0,0" color="0,220,0" radius="0.5" length="4" />
		<capsule pos="10.350000000000001,-8.25,-24.149999999999995" vel="0,0,0" mass="1" elasticityCoef="1" ang="90,0,0" color="0,220,0" radius="0.5" length="4" />
		<capsule pos="10.350000000000001,-8.25,-21.849999999999994" vel="0,0,0" mass="1" elasticityCoef="1" ang="90,0,0" color="0,220,0" radius="0.5" length="4" />
		<capsule pos="10.350000000000001,-8.25,-19.549999999999997" vel="0,0,0" mass="1" elasticityCoef="1" ang="90,0,0" color="0,220,0" radius="0.5" length="4" />
		<capsule pos="10.350000000000001,-8.25,-17.249999999999996" vel="0,0,0" mass="1" elasticityCoef="1" ang="90,0,0" color="0,220,0" radius="0.5" length="4" />
		<capsule pos="10.350000000000001,-8.25,-14.949999999999996" vel="0,0,0" mass="1" elasticityCoef="1" ang="90,0,0" color="0,220,0" radius="0.5" length="4" />
		<capsule pos="10.350000000000001,-8.25,-12.649999999999995" vel="0,0,0" mass="1" elasticityCoef="1" ang="90,0,0" color="0,220,0" radius="0.5" length="4" />
		<capsule pos="10.350000000000001,-8.25,-10.349999999999994" vel="0,0,0" mass="1" elasticityCoef="1" ang="90,0,0" color="0,220,0" radius="0.5" length="4" />
		<capsule pos="10.350000000000001,-8.25,-8.049999999999997" vel="0,0,0" mass="1" elasticityCoef="1" ang="90,0,0" color="0,220,0" radius="0.5" length="4" />
		<capsule pos="10.350000000000001,-8.25,-5.7499999999999964" vel="0,0,0" mass="1" elasticityCoef="1" ang="90,0,0" color="0,220,0" radius="0.5" length="4" />
		<capsule pos="10.350000000000001,-8.25,-3.4499999999999957" vel="0,0,0" mass="1" elasticityCoef="1" ang="90,0,0" color="0,220,0" radius="0.5" length="4" />
		<capsule pos="10.350000000000001,-8.25,-1.1499999999999986" vel="0,0,0" mass="1" elasticityCoef="1" ang="90,0,0" color="0,220,0" radius="0.5" length="4" />
		<capsule pos="10.350000000000001,-8.25,1.1500000000000057" vel="0,0,0" mass="1" elasticityCoef="1" ang="90,0,0" color="0,220,0" radius="0.5" length="4" />
		<capsule pos="10.350000000000001,-8.25,3.450000000000003" vel="0,0,0" mass="1" elasticityCoef="1" ang="90,0,0" color="0,220,0" radius="0.5" length="4" />
		<capsule pos="10.350000000000001,-8.25,5.75" vel="0,0,0" mass="1" elasticityCoef="1" ang="90,0,0" color="0,220,0" radius="0.5" length="4" />
		<capsule pos="10.350000000000001,-8.25,8.050000000000004" vel="0,0,0" mass="1" elasticityCoef="1" ang="90,0,0" color="0,220,0" radius="0.5" length="4" />
		<capsule pos="10.350000000000001,-8.25,10.350000000000001" vel="0,0,0" mass="1" elasticityCoef="1" ang="90,0,0" color="0,220,0" radius="0.5" length="4" />
		<capsule pos="10.350000000000001,-8.25,12.650000000000006" vel="0,0,0" mass="1" elasticityCoef="1" ang="90,0,0" color="0,220,0" radius="0.5" length="4" />
		<capsule pos="10.350000000000001,-8.25,14.950000000000003" vel="0,0,0" mass="1" elasticityCoef="1" ang="90,0,0" color="0,220,0" radius="0.5" length="4" />
		<capsule pos="10.350000000000001,-8.25,17.25" vel="0,0,0" mass="1" elasticityCoef="1" ang="90,0,0" color="0,220,0" radius="0.5" length="4" />
		<capsule pos="10.350000000000001,-8.25,19.550000000000004" vel="0,0,0" mass="1" elasticityCoef="1" ang="90,0,0" color="0,220,0" radius="0.5" length="4" />
		<capsule pos="10.350000000000001,-8.25,21.85" vel="0,0,0" mass="1" elasticityCoef="1" ang="90,0,0" color="0,220,0" radius="0.5" length="4" />
		<capsule pos="10.350000000000001,-8.25,24.15" vel="0,0,0" mass="1" elasticityCoef="1" ang="90,0,0" color="0,220,0" radius="0.5" length="4" />
		<capsule pos="10.350000000000001,-8.25,26.450000000000003" vel="0,0,0" mass="1" elasticityCoef="1" ang="90,0,0" color="0,220,0" radius="0.5" length="4" />
		<capsule pos="10.350000000000001,-8.25,28.75" vel="0,0,0" mass="1" elasticityCoef="1" ang="90,0,0" color="0,220,0" radius="0.5" length="4" />
		<capsule pos="10.350000000000001,-8.25,31.049999999999997" vel="0,0,0" mass="1" elasticityCoef="1" ang="90,0,0" color="0,220,0" radius="0.5" length="4" />
		<capsule pos="10.350000000000001,-2.75,-33.349999999999994" vel="0,0,0" mass="1" elasticityCoef="1" ang="90,0,0" color="0,220,0" radius="0.5" length="4" />
		<capsule pos="10.350000000000001,-2.75,-31.049999999999994" vel="0,0,0" mass="1" elasticityCoef="1" ang="90,0,0" color="0,220,0" radius="0.5" length="4" />
		<capsule pos="10.350000000000001,-2.75,-28.749999999999993" vel="0,0,0" mass="1" elasticityCoef="1" ang="90,0,0" color="0,220,0" radius="0.5" length="4" />
		<capsule pos="10.350000000000001,-2.75,-26.449999999999996" vel="0,0,0" mass="1" elasticityCoef="1" ang="90,0,0" color="0,220,0" radius="0.5" length="4" />
		<capsule pos="10.350000000000001,-2.75,-24.149999999999995" vel="0,0,0" mass="1" elasticityCoef="1" ang="90,0,0" color="0,220,0" radius="0.5" length="4" />
		<capsule pos="10.350000000000001,-2.75,-21.849999999999994" vel="0,0,0" mass="1" elasticityCoef="1" ang="90,0,0" color="0,220,0" radius="0.5" length="4" />
		<capsule pos="10.350000000000001,-2.75,-19.549999999999997" vel="0,0,0" mass="1" elasticityCoef="1" ang="90,0,0" color="0,220,0" radius="0.5" length="4" />
		<capsule pos="10.350000000000001,-2.75,-17.249999999999996" vel="0,0,0" mass="1" elasticityCoef="1" ang="90,0,0" color="0,220,0" radius="0.5" length="4" />
		<capsule pos="10.350000000000001,-2.75,-14.949999999999996" vel="0,0,0" mass="1" elasticityCoef="1" ang="90,0,0" color="0,220,0" radius="0.5" length="4" />
		<capsule pos="10.350000000000001,-2.75,-12.649999999999995" vel="0,0,0" mass="1" elasticityCoef="1" ang="90,0,0" color="0,220,0" radius="0.5" length="4" />
		<capsule pos="10.350000000000001,-2.75,-10.349999999999994" vel="0,0,0" mass="1" elasticityCoef="1" ang="90,0,0" color="0,220,0" radius="0.5" length="4" />
		<capsule pos="10.350000000000001,-2.75,-8.049999999999997" vel="0,0,0" mass="1" elasticityCoef="1" ang="90,0,0" color="0,220,0" radius="0.5" length="4" />
		<capsule pos="10.350000000000001,-2.75,-5.7499999999999964" vel="0,0,0" mass="1" elasticityCoef="1" ang="90,0,0" color="0,220,0" radius="0.5" length="4" />
		<capsule pos="10.350000000000001,-2.75,-3.4499999999999957" vel="0,0,0" mass="1" elasticityCoef="1" ang="90,0,0" color="0,220,0" radius="0.5" length="4" />
		<capsule pos="10.350000000000001,-2.75,-1.1499999999999986" vel="0,0,0" mass="1" elasticityCoef="1" ang="90,0,0" color="0,220,0" radius="0.5" length="4" />
		<capsule pos="10.350000000000001,-2.75,1.1500000000000057" vel="0,0,0" mass="1" elasticityCoef="1" ang="90,0,0" color="0,220,0" radius="0.5" length="4" />
		<capsule pos="10.350000000000001,-2.75,3.450000000000003" vel="0,0,0" mass="1" elasticityCoef="1" ang="90,0,0" color="0,220,0" radius="0.5" length="4" />
		<capsule pos="10.350000000000001,-2.75,5.75" vel="0,0,0" mass="1" elasticityCoef="1" ang="90,0,0" color="0,220,0" radius="0.5" length="4" />
		<capsule pos="10.350000000000001,-2.75,8.050000000000004" vel="0,0,0" mass="1" elasticityCoef="1" ang="90,0,0" color="0,220,0" radius="0.5" length="4" />
		<capsule pos="10.350000000000001,-2.75,10.350000000000001" vel="0,0,0" mass="1" elasticityCoef="1" ang="90,0,0" color="0,220,0" radius="0.5" length="4" />
		<capsule pos="10.350000000000001,-2.75,12.650000000000006" vel="0,0,0" mass="1" elasticityCoef="1" ang="90,0,0" color="0,220,0" radius="0.5" length="4" />
		<capsule pos="10.350000000000001,-2.75,14.950000000000003" vel="0,0,0" mass="1" elasticityCoef="1" ang="90,0,0" color="0,220,0" radius="0.5" length="4" />
		<capsule pos="10.350000000000001,-2.75,17.25" vel="0,0,0" mass="1" elasticityCoef="1" ang="90,0,0" color="0,220,0" radius="0.5" length="4" />
		<capsule pos="10.350000000000001,-2.75,19.550000000000004" vel="0,0,0" mass="1" elasticityCoef="1" ang="90,0,0" color="0,220,0" radius="0.5" length="4" />
		<capsule pos="10.350000000000001,-2.75,21.85" vel="0,0,0" mass="1" elasticityCoef="1" ang="90,0,0" color="0,220,0" radius="0.5" length="4" />
		<capsule pos="10.350000000000001,-2.75,24.15" vel="0,0,0" mass="1" elasticityCoef="1" ang="90,0,0" color="0,220,0" radius="0.5" length="4" />
		<capsule pos="10.350000000000001,-2.75,26.450000000000003" vel="0,0,0" mass="1" elasticityCoef="1" ang="90,0,0" color="0,220,0" radius="0.5" length="4" />
		<capsule pos="10.350000000000001,-2.75,28.75" vel="0,0,0" mass="1" elasticityCoef="1" ang="90,0,0" color="0,220,0" radius="0.5" length="4" />
		<capsule pos="10.350000000000001,-2.75,31.049999999999997" vel="0,0,0" mass="1" elasticityCoef="1" ang="90,0,0" color="0,220,0" radius="0.5" length="4" />
		<capsule pos="10.350000000000001,2.75,-33.349999999999994" vel="0,0,0" mass="1" elasticityCoef="1" ang="90,0,0" color="0,220,0" radius="0.5" length="4" />
		<capsule pos="10.350000000000001,2.75,-31.049999999999994" vel="0,0,0" mass="1" elasticityCoef="1" ang="90,0,0" color="0,220,0" radius="0.5" length="4" />
		<capsule pos="10.350000000000001,2.75,-28.749999999999993" vel="0,0,0" mass="1" elasticityCoef="1" ang="90,0,0" color="0,220,0" radius="0.5" length="4" />
		<capsule pos="10.350000000000001,2.75,-26.449999999999996" vel="0,0,0" mass="1" elasticityCoef="1" ang="90,0,0" color="0,220,0" radius="0.5" length="4" />
		<capsule pos="10.350000000000001,2.75,-24.149999999999995" vel="0,0,0" mass="1" elasticityCoef="1" ang="90,0,0" color="0,220,0" radius="0.5" length="4" />
		<capsule pos="10.350000000000001,2.75,-21.849999999999994" vel="0,0,0" mass="1" elasticityCoef="1" ang="90,0,0" color="0,220,0" radius="0.5" length="4" />
		<capsule pos="10.350000000000001,2.75,-19.549999999999997" vel="0,0,0" mass="1" elasticityCoef="1" ang="90,0,0" color="0,220,0" radius="0.5" length="4" />
		<capsule pos="10.350000000000001,2.75,-17.249999999999996" vel="0,0,0" mass="1" elasticityCoef="1" ang="90,0,0" color="0,220,0" radius="0.5" length="4" />
		<capsule pos="10.350000000000001,2.75,-14.949999999999996" vel="0,0,0" mass="1" elasticityCoef="1" ang="90,0,0" color="0,220,0" radius="0.5" length="4" />
		<capsule pos="10.350000000000001,2.75,-12.649999999999995" vel="0,0,0" mass="1" elasticityCoef="1" ang="90,0,0" color="0,220,0" radius="0.5" length="4" />
		<capsule pos="10.350000000000001,2.75,-10.349999999999994" vel="0,0,0" mass="1" elasticityCoef="1" ang="90,0,0" color="0,220,0" radius="0.5" length="4" />
		<capsule pos="10.350000000000001,2.75,-8.049999999999997" vel="0,0,0" mass="1" elasticityCoef="1" ang="90,0,0" color="0,220,0" radius="0.5" length="4" />
		<capsule pos="10.350000000000001,2.75,-5.7499999999999964" vel="0,0,0" mass="1" elasticityCoef="1" ang="90,0,0" color="0,220,0" radius="0.5" length="4" />
		<capsule pos="10.350000000000001,2.75,-3.4499999999999957" vel="0,0,0" mass="1" elasticityCoef="1" ang="90,0,0" color="0,220,0" radius="0.5" length="4" />
		<capsule pos="10.350000000000001,2.75,-1.1499999999999986" vel="0,0,0" mass="1" elasticityCoef="1" ang="90,0,0" color="0,220,0" radius="0.5" length="4" />
		<capsule pos="10.350000000000001,2.75,1.1500000000000057" vel="0,0,0" mass="1" elasticityCoef="1" ang="90,0,0" color="0,220,0" radius="0.5" length="4" />
		<capsule pos="10.350000000000001,2.75,3.450000000000003" vel="0,0,0" mass="1" elasticityCoef="1" ang="90,0,0" color="0,220,0" radius="0.5" length="4" />
		<capsule pos="10.350000000000001,2.75,5.75" vel="0,0,0" mass="1" elasticityCoef="1" ang="90,0,0" color="0,220,0" radius="0.5" length="4" />
		<capsule pos="10.350000000000001,2.75,8.050000000000004" vel="0,0,0" mass="1" elasticityCoef="1" ang="90,0,0" color="0,220,0" radius="0.5" length="4" />
		<capsule pos="10.350000000000001,2.75,10.350000000000001" vel="0,0,0" mass="1" elasticityCoef="1" ang="90,0,0" color="0,220,0" radius="0.5" length="4" />
		<capsule pos="10.350000000000001,2.75,12.650000000000006" vel="0,0,0" mass="1" elasticityCoef="1" ang="90,0,0" color="0,220,0" radius="0.5" length="4" />
		<capsule pos="10.350000000000001,2.75,14.950000000000003" vel="0,0,0" mass="1" elasticityCoef="1" ang="90,0,0" color="0,220,0" radius="0.5" length="4" />
		<capsule pos="10.350000000000001,2.75,17.25" vel="0,0,0" mass="1" elasticityCoef="1" ang="90,0,0" color="0,220,0" radius="0.5" length="4" />
		<capsule pos="10.350000000000001,2.75,19.550000000000004" vel="0,0,0" mass="1" elasticityCoef="1" ang="90,0,0" color="0,220,0" radius="0.5" length="4" />
		<capsule pos="10.350000000000001,2.75,21.85" vel="0,0,0" mass="1" elasticityCoef="1" ang="90,0,0" color="0,220,0" radius="0.5" length="4" />
		<capsule pos="10.350000000000001,2.75,24.15" vel="0,0,0" mass="1" elasticityCoef="1" ang="90,0,0" color="0,220,0" radius="0.5" length="4" />
		<capsule pos="10.350000000000001,2.75,26.450000000000003" vel="0,0,0" mass="1" elasticityCoef="1" ang="90,0,0" color="0,220,0" radius="0.5" length="4" />
		<capsule pos="10.350000000000001,2.75,28.75" vel="0,0,0" mass="1" elasticityCoef="1" ang="90,0,0" color="0,220,0" radius="0.5" length="4" />
		<capsule pos="10.350000000000001,2.75,31.049999999999997" vel="0,0,0" mass="1" elasticityCoef="1" ang="90,0,0" color="0,220,0" radius="0.5" length="4" />
		<capsule pos="10.350000000000001,8.25,-33.349999999999994" vel="0,0,0" mass="1" elasticityCoef="1" ang="90,0,0" color="0,220,0" radius="0.5" length="4" />
		<capsule pos="10.350000000000001,8.25,-31.049999999999994" vel="0,0,0" mass="1" elasticityCoef="1" ang="90,0,0" color="0,220,0" radius="0.5" length="4" />
		<capsule pos="10.350000000000001,8.25,-28.749999999999993" vel="0,0,0" mass="1" elasticityCoef="1" ang="90,0,0" color="0,220,0" radius="0.5" length="4" />
		<capsule pos="10.350000000000001,8.25,-26.449999999999996" vel="0,0,0" mass="1" elasticityCoef="1" ang="90,0,0" color="0,220,0" radius="0.5" length="4" />
		<capsule pos="10.350000000000001,8.25,-24.149999999999995" vel="0,0,0" mass="1" elasticityCoef="1" ang="90,0,0" color="0,220,0" radius="0.5" length="4" />
		<capsule pos="10.350000000000001,8.25,-21.849999999999994" vel="0,0,0" mass="1" elasticityCoef="1" ang="90,0,0" color="0,220,0" radius="0.5" length="4" />
		<capsule pos="10.350000000000001,8.25,-19.549999999999997" vel="0,0,0" mass="1" elasticityCoef="1" ang="90,0,0" color="0,220,0" radius="0.5" length="4" />
		<capsule pos="10.350000000000001,8.25,-17.249999999999996" vel="0,0,0" mass="1" elasticityCoef="1" ang="90,0,0" color="0,220,0" radius="0.5" length="4" />
		<capsule pos="10.350000000000001,8.25,-14.949999999999996" vel="0,0,0" mass="1" elasticityCoef="1" ang="90,0,0" color="0,220,0" radius="0.5" length="4" />
		<capsule pos="10.350000000000001,8.25,-12.649999999999995" vel="0,0,0" mass="1" elasticityCoef="1" ang="90,0,0" color="0,220,0" radius="0.5" length="4" />
		<capsule pos="10.350000000000001,8.25,-10.349999999999994" vel="0,0,0" mass="1" elasticityCoef="1" ang="90,0,0" color="0,220,0" radius="0.5" length="4" />
		<capsule pos="10.350000000000001,8.25,-8.049999999999997" vel="0,0,0" mass="1" elasticityCoef="1" ang="90,0,0" color="0,220,0" radius="0.5" length="4" />
		<capsule pos="10.350000000000001,8.25,-5.7499999999999964" vel="0,0,0" mass="1" elasticityCoef="1" ang="90,0,0" color="0,220,0" radius="0.5" length="4" />
		<capsule pos="10.350000000000001,8.25,-3.4499999999999957" vel="0,0,0" mass="1" elasticityCoef="1" ang="90,0,0" color="0,220,0" radius="0.5" length="4" />
		<capsule pos="10.350000000000001,8.25,-1.1499999999999986" vel="0,0,0" mass="1" elasticityCoef="1" ang="90,0,0" color="0,220,0" radius="0.5" length="4" />
		<capsule pos="10.350000000000001,8.25,1.1500000000000057" vel="0,0,0" mass="1" elasticityCoef="1" ang="90,0,0" color="0,220,0" radius="0.5" length="4" />
		<capsule pos="10.350000000000001,8.25,3.450000000000003" vel="0,0,0" mass="1" elasticityCoef="1" ang="90,0,0" color="0,220,0" radius="0.5" length="4" />
		<capsule pos="10.350000000000001,8.25,5.75" vel="0,0,0" mass="1" elasticityCoef="1" ang="90,0,0" color="0,220,0" radius="0.5" length="4" />
		<capsule pos="10.350000000000001,8.25,8.050000000000004" vel="0,0,0" mass="1" elasticityCoef="1" ang="90,0,0" color="0,220,0" radius="0.5" length="4" />
		<capsule pos="10.350000000000001,8.25,10.350000000000001" vel="0,0,0" mass="1" elasticityCoef="1" ang="90,0,0" color="0,220,0" radius="0.5" length="4" />
		<capsule pos="10.350000000000001,8.25,12.650000000000006" vel="0,0,0" mass="1" elasticityCoef="1" ang="90,0,0" color="0,220,0" radius="0.5" length="4" />
		<capsule pos="10.350000000000001,8.25,14.950000000000003" vel="0,0,0" mass="1" elasticityCoef="1" ang="90,0,0" color="0,220,0" radius="0.5" length="4" />
		<capsule pos="10.350000000000001,8.25,17.25" vel="0,0,0" mass="1" elasticityCoef="1" ang="90,0,0" color="0,220,0" radius="0.5" length="4" />
		<capsule pos="10.350000000000001,8.25,19.550000000000004" vel="0,0,0" mass="1" elasticityCoef="1" ang="90,0,0" color="0,220,0" radius="0.5" length="4" />
		<capsule pos="10.350000000000001,8.25,21.85" vel="0,0,0" mass="1" elasticityCoef="1" ang="90,0,0" color="0,220,0" radius="0.5" length="4" />
		<capsule pos="10.350000000000001,8.25,24.15" vel="0,0,0" mass="1" elasticityCoef="1" ang="90,0,0" color="0,220,0" radius="0.5" length="4" />
		<capsule pos="10.350000000000001,8.25,26.450000000000003" vel="0,0,0" mass="1" elasticityCoef="1" ang="90,0,0" color="0,220,0" radius="0.5" length="4" />
		<capsule pos="10.350000000000001,8.25,28.75" vel="0,0,0" mass="1" elasticityCoef="1" ang="90,0,0" color="0,220,0" radius="0.5" length="4" />
		<capsule pos="10.350000000000001,8.25,31.049999999999997" vel="0,0,0" mass="1" elasticityCoef="1" ang="90,0,0" color="0,220,0" radius="0.5" length="4" />
		<capsule pos="10.350000000000001,13.75,-33.349999999999994" vel="0,0,0" mass="1" elasticityCoef="1" ang="90,0,0" color="0,220,0" radius="0.5" length="4" />
		<capsule pos="10.350000000000001,13.75,-31.049999999999994" vel="0,0,0" mass="1" elasticityCoef="1" ang="90,0,0" color="0,220,0" radius="0.5" length="4" />
		<capsule pos="10.350000000000001,13.75,-28.749999999999993" vel="0,0,0" mass="1" elasticityCoef="1" ang="90,0,0" color="0,220,0" radius="0.5" length="4" />
		<capsule pos="10.350000000000001,13.75,-26.449999999999996" vel="0,0,0" mass="1" elasticityCoef="1" ang="90,0,0" color="0,220,0" radius="0.5" length="4" />
		<capsule pos="10.350000000000001,13.75,-24.149999999999995" vel="0,0,0" mass="1" elasticityCoef="1" ang="90,0,0" color="0,220,0" radius="0.5" length="4" />
		<capsule pos="10.350000000000001,13.75,-21.849999999999994" vel="0,0,0" mass="1" elasticityCoef="1" ang="90,0,0" color="0,220,0" radius="0.5" length="4" />
		<capsule pos="10.350000000000001,13.75,-19.549999999999997" vel="0,0,0" mass="1" elasticityCoef="1" ang="90,0,0" color="0,220,0" radius="0.5" length="4" />
		<capsule pos="10.350000000000001,13.75,-17.249999999999996" vel="0,0,0" mass="1" elasticityCoef="1" ang="90,0,0" color="0,220,0" radius="0.5" length="4" />
		<capsule pos="10.350000000000001,13.75,-14.949999999999996" vel="0,0,0" mass="1" elasticityCoef="1" ang="90,0,0" color="0,220,0" radius="0.5" length="4" />
		<capsule pos="10.350000000000001,13.75,-12.649999999999995" vel="0,0,0" mass="1" elasticityCoef="1" ang="90,0,0" color="0,220,0" radius="0.5" length="4" />
		<capsule pos="10.350000000000001,13.75,-10.349999999999994" vel="0,0,0" mass="1" elasticityCoef="1" ang="90,0,0" color="0,220,0" radius="0.5" length="4" />
		<capsule pos="10.350000000000001,13.75,-8.049999999999997" vel="0,0,0" mass="1" elasticityCoef="1" ang="90,0,0" color="0,220,0" radius="0.5" length="4" />
		<capsule pos="10.350000000000001,13.75,-5.7499999999999964" vel="0,0,0" mass="1" elasticityCoef="1" ang="90,0,0" color="0,220,0" radius="0.5" length="4" />
		<capsule pos="10.350000000000001,13.75,-3.4499999999999957" vel="0,0,0" mass="1" elasticityCoef="1" ang="90,0,0" color="0,220,0" radius="0.5" length="4" />
		<capsule pos="10.350000000000001,13.75,-1.1499999999999986" vel="0,0,0" mass="1" elasticityCoef="1" ang="90,0,0" color="0,220,0" radius="0.5" length="4" />
		<capsule pos="10.350000000000001,13.75,1.1500000000000057" vel="0,0,0" mass="1" elasticityCoef="1" ang="90,0,0" color="0,220,0" radius="0.5" length="4" />
		<capsule pos="10.350000000000001,13.75,3.450000000000003" vel="0,0,0" mass="1" elasticityCoef="1" ang="90,0,0" color="0,220,0" radius="0.5" length="4" />
		<capsule pos="10.350000000000001,13.75,5.75" vel="0,0,0" mass="1" elasticityCoef="1" ang="90,0,0" color="0,220,0" radius="0.5" length="4" />
		<capsule pos="10.350000000000001,13.75,8.050000000000004" vel="0,0,0" mass="1" elasticityCoef="1" ang="90,0,0" color="0,220,0" radius="0.5" length="4" />
		<capsule pos="10.350000000000001,13.75,10.350000000000001" vel="0,0,0" mass="1" elasticityCoef="1" ang="90,0,0" color="0,220,0" radius="0.5" length="4" />
		<capsule pos="10.350000000000001,13.75,12.650000000000006" vel="0,0,0" mass="1" elasticityCoef="1" ang="90,0,0" color="0,220,0" radius="0.5" length="4" />
		<capsule pos="10.350000000000001,13.75,14.950000000000003" vel="0,0,0" mass="1" elasticityCoef="1" ang="90,0,0" color="0,220,0" radius="0.5" length="4" />
		<capsule pos="10.350000000000001,13.75,17.25" vel="0,0,0" mass="1" elasticityCoef="1" ang="90,0,0" color="0,220,0" radius="0.5" length="4" />
		<capsule pos="10.350000000000001,13.75,19.550000000000004" vel="0,0,0" mass="1" elasticityCoef="1" ang="90,0,0" color="0,220,0" radius="0.5" length="4" />
		<capsule pos="10.350000000000001,13.75,21.85" vel="0,0,0" mass="1" elasticityCoef="1" ang="90,0,0" color="0,220,0" radius="0.5" length="4" />
		<capsule pos="10.350000000000001,13.75,24.15" vel="0,0,0" mass="1" elasticityCoef="1" ang="90,0,0" color="0,220,0" radius="0.5" length="4" />
		<capsule pos="10.350000000000001,13.75,26.450000000000003" vel="0,0,0" mass="1" elasticityCoef="1" ang="90,0,0" color="0,220,0" radius="0.5" length="4" />
		<capsule pos="10.350000000000001,13.75,28.75" vel="0,0,0" mass="1" elasticityCoef="1" ang="90,0,0" color="0,220,0" radius="0.5" length="4" />
		<capsule pos="10.350000000000001,13.75,31.049999999999997" vel="0,0,0" mass="1" elasticityCoef="1" ang="90,0,0" color="0,220,0" radius="0.5" length="4" />
		<capsule pos="10.350000000000001,19.25,-33.349999999999994" vel="0,0,0" mass="1" elasticityCoef="1" ang="90,0,0" color="0,220,0" radius="0.5" length="4" />
		<capsule pos="10.350000000000001,19.25,-31.049999999999994" vel="0,0,0" mass="1" elasticityCoef="1" ang="90,0,0" color="0,220,0" radius="0.5" length="4" />
		<capsule pos="10.350000000000001,19.25,-28.749999999999993" vel="0,0,0" mass="1" elasticityCoef="1" ang="90,0,0" color="0,220,0" radius="0.5" length="4" />
		<capsule pos="10.350000000000001,19.25,-26.449999999999996" vel="0,0,0" mass="1" elasticityCoef="1" ang="90,0,0" color="0,220,0" radius="0.5" length="4" />
		<capsule pos="10.350000000000001,19.25,-24.149999999999995" vel="0,0,0" mass="1" elasticityCoef="1" ang="90,0,0" color="0,220,0" radius="0.5" length="4" />
		<capsule pos="10.350000000000001,19.25,-21.849999999999994" vel="0,0,0" mass="1" elasticityCoef="1" ang="90,0,0" color="0,220,0" radius="0.5" length="4" />
		<capsule pos="10.350000000000001,19.25,-19.549999999999997" vel="0,0,0" mass="1" elasticityCoef="1" ang="90,0,0" color="0,220,0" radius="0.5" length="4" />
		<capsule pos="10.350000000000001,19.25,-17.249999999999996" vel="0,0,0" mass="1" elasticityCoef="1" ang="90,0,0" color="0,220,0" radius="0.5" length="4" />
		<capsule pos="10.350000000000001,19.25,-14.949999999999996" vel="0,0,0" mass="1" elasticityCoef="1" ang="90,0,0" color="0,220,0" radius="0.5" length="4" />
		<capsule pos="10.350000000000001,19.25,-12.649999999999995" vel="0,0,0" mass="1" elasticityCoef="1" ang="90,0,0" color="0,220,0" radius="0.5" length="4" />
		<capsule pos="10.350000000000001,19.25,-10.349999999999994" vel="0,0,0" mass="1" elasticityCoef="1" ang="90,0,0" color="0,220,0" radius="0.5" length="4" />
		<capsule pos="10.350000000000001,19.25,-8.049999999999997" vel="0,0,0" mass="1" elasticityCoef="1" ang="90,0,0" color="0,220,0" radius="0.5" length="4" />
		<capsule pos="10.350000000000001,19.25,-5.7499999999999964" vel="0,0,0" mass="1" elasticityCoef="1" ang="90,0,0" color="0,220,0" radius="0.5" length="4" />
		<capsule pos="10.350000000000001,19.25,-3.4499999999999957" vel="0,0,0" mass="1" elasticityCoef="1" ang="90,0,0" color="0,220,0" radius="0.5" length="4" />
		<capsule pos="10.350000000000001,19.25,-1.1499999999999986" vel="0,0,0" mass="1" elasticityCoef="1" ang="90,0,0" color="0,220,0" radius="0.5" length="4" />
		<capsule pos="10.350000000000001,19.25,1.1500000000000057" vel="0,0,0" mass="1" elasticityCoef="1" ang="90,0,0" color="0,220,0" radius="0.5" length="4" />
		<capsule pos="10.350000000000001,19.25,3.450000000000003" vel="0,0,0" mass="1" elasticityCoef="1" ang="90,0,0" color="0,220,0" radius="0.5" length="4" />
		<capsule pos="10.350000000000001,19.25,5.75" vel="0,0,0" mass="1" elasticityCoef="1" ang="90,0,0" color="0,220,0" radius="0.5" length="4" />
		<capsule pos="10.350000000000001,19.25,8.050000000000004" vel="0,0,0" mass="1" elasticityCoef="1" ang="90,0,0" color="0,220,0" radius="0.5" length="4" />
		<capsule pos="10.350000000000001,19.25,10.350000000000001" vel="0,0,0" mass="1" elasticityCoef="1" ang="90,0,0" color="0,220,0" radius="0.5" length="4" />
		<capsule pos="10.350000000000001,19.25,12.650000000000006" vel="0,0,0" mass="1" elasticityCoef="1" ang="90,0,0" color="0,220,0" radius="0.5" length="4" />
		<capsule pos="10.350000000000001,19.25,14.950000000000003" vel="0,0,0" mass="1" elasticityCoef="1" ang="90,0,0" color="0,220,0" radius="0.5" length="4" />
		<capsule pos="10.350000000000001,19.25,17.25" vel="0,0,0" mass="1" elasticityCoef="1" ang="90,0,0" color="0,220,0" radius="0.5" length="4" />
		<capsule pos="10.350000000000001,19.25,19.550000000000004" vel="0,0,0" mass="1" elasticityCoef="1" ang="90,0,0" color="0,220,0" radius="0.5" length="4" />
		<capsule pos="10.350000000000001,19.25,21.85" vel="0,0,0" mass="1" elasticityCoef="1" ang="90,0,0" color="0,220,0" radius="0.5" length="4" />
		<capsule pos="10.350000000000001,19.25,24.15" vel="0,0,0" mass="1" elasticityCoef="1" ang="90,0,0" color="0,220,0" radius="0.5" length="4" />
		<capsule pos="10.350000000000001,19.25,26.450000000000003" vel="0,0,0" mass="1" elasticityCoef="1" ang="90,0,0" color="0,220,0" radius="0.5" length="4" />
		<capsule pos="10.350000000000001,19.25,28.75" vel="0,0,0" mass="1" elasticityCoef="1" ang="90,0,0" color="0,220,0" radius="0.5" length="4" />
		<capsule pos="10.350000000000001,19.25,31.049999999999997" vel="0,0,0" mass="1" elasticityCoef="1" ang="90,0,0" color="0,220,0" radius="0.5" length="4" />
		<capsule pos="10.350000000000001,24.75,-33.349999999999994" vel="0,0,0" mass="1" elasticityCoef="1" ang="90,0,0" color="0,220,0" radius="0.5" length="4" />
		<capsule pos="10.350000000000001,24.75,-31.049999999999994" vel="0,0,0" mass="1" elasticityCoef="1" ang="90,0,0" color="0,220,0" radius="0.5" length="4" />
		<capsule pos="10.350000000000001,24.75,-28.749999999999993" vel="0,0,0" mass="1" elasticityCoef="1" ang="90,0,0" color="0,220,0" radius="0.5" length="4" />
		<capsule pos="10.350000000000001,24.75,-26.449999999999996" vel="0,0,0" mass="1" elasticityCoef="1" ang="90,0,0" color="0,220,0" radius="0.5" length="4" />
		<capsule pos="10.350000000000001,24.75,-24.149999999999995" vel="0,0,0" mass="1" elasticityCoef="1" ang="90,0,0" color="0,220,0" radius="0.5" length="4" />
		<capsule pos="10.350000000000001,24.75,-21.849999999999994" vel="0,0,0" mass="1" elasticityCoef="1" ang="90,0,0" color="0,220,0" radius="0.5" length="4" />
		<capsule pos="10.350000000000001,24.75,-19.549999999999997" vel="0,0,0" mass="1" elasticityCoef="1" ang="90,0,0" color="0,220,0" radius="0.5" length="4" />
		<capsule pos="10.350000000000001,24.75,-17.249999999999996" vel="0,0,0" mass="1" elasticityCoef="1" ang="90,0,0" color="0,220,0" radius="0.5" length="4" />
		<capsule pos="10.350000000000001,24.75,-14.949999999999996" vel="0,0,0" mass="1" elasticityCoef="1" ang="90,0,0" color="0,220,0" radius="0.5" length="4" />
		<capsule pos="10.350000000000001,24.75,-12.649999999999995" vel="0,0,0" mass="1" elasticityCoef="1" ang="90,0,0" color="0,220,0" radius="0.5" length="4" />
		<capsule pos="10.350000000000001,24.75,-10.349999999999994" vel="0,0,0" mass="1" elasticityCoef="1" ang="90,0,0" color="0,220,0" radius="0.5" length="4" />
		<capsule pos="10.350000000000001,24.75,-8.049999999999997" vel="0,0,0" mass="1" elasticityCoef="1" ang="90,0,0" color="0,220,0" radius="0.5" length="4" />
		<capsule pos="10.350000000000001,24.75,-5.7499999999999964" vel="0,0,0" mass="1" elasticityCoef="1" ang="90,0,0" color="0,220,0" radius="0.5" length="4" />
		<capsule pos="10.350000000000001,24.75,-3.4499999999999957" vel="0,0,0" mass="1" elasticityCoef="1" ang="90,0,0" color="0,220,0" radius="0.5" length="4" />
		<capsule pos="10.350000000000001,24.75,-1.1499999999999986" vel="0,0,0" mass="1" elasticityCoef="1" ang="90,0,0" color="0,220,0" radius="0.5" length="4" />
		<capsule pos="10.350000000000001,24.75,1.1500000000000057" vel="0,0,0" mass="1" elasticityCoef="1" ang="90,0,0" color="0,220,0" radius="0.5" length="4" />
		<capsule pos="10.350000000000001,24.75,3.450000000000003" vel="0,0,0" mass="1" elasticityCoef="1" ang="90,0,0" color="0,220,0" radius="0.5" length="4" />
		<capsule pos="10.350000000000001,24.75,5.75" vel="0,0,0" mass="1" elasticityCoef="1" ang="90,0,0" color="0,220,0" radius="0.5" length="4" />
		<capsule pos="10.350000000000001,24.75,8.050000000000004" vel="0,0,0" mass="1" elasticityCoef="1" ang="90,0,0" color="0,220,0" radius="0.5" length="4" />
		<capsule pos="10.350000000000001,24.75,10.350000000000001" vel="0,0,0" mass="1" elasticityCoef="1" ang="90,0,0" color="0,220,0" radius="0.5" length="4" />
		<capsule pos="10.350000000000001,24.75,12.650000000000006" vel="0,0,0" mass="1" elasticityCoef="1" ang="90,0,0" color="0,220,0" radius="0.5" length="4" />
		<capsule pos="10.350000000000001,24.75,14.950000000000003" vel="0,0,0" mass="1" elasticityCoef="1" ang="90,0,0" color="0,220,0" radius="0.5" length="4" />
		<capsule pos="10.350000000000001,24.75,17.25" vel="0,0,0" mass="1" elasticityCoef="1" ang="90,0,0" color="0,220,0" radius="0.5" length="4" />
		<capsule pos="10.350000000000001,24.75,19.550000000000004" vel="0,0,0" mass="1" elasticityCoef="1" ang="90,0,0" color="0,220,0" radius="0.5" length="4" />
		<capsule pos="10.350000000000001,24.75,21.85" vel="0,0,0" mass="1" elasticityCoef="1" ang="90,0,0" color="0,220,0" radius="0.5" length="4" />
		<capsule pos="10.350000000000001,24.75,24.15" vel="0,0,0" mass="1" elasticityCoef="1" ang="90,0,0" color="0,220,0" radius="0.5" length="4" />
		<capsule pos="10.350000000000001,24.75,26.450000000000003" vel="0,0,0" mass="1" elasticityCoef="1" ang="90,0,0" color="0,220,0" radius="0.5" length="4" />
		<capsule pos="10.350000000000001,24.75,28.75" vel="0,0,0" mass="1" elasticityCoef="1" ang="90,0,0" color="0,220,0" radius="0.5" length="4" />
		<capsule pos="10.350000000000001,24.75,31.049999999999997" vel="0,0,0" mass="1" elasticityCoef="1" ang="90,0,0" color="0,220,0" radius="0.5" length="4" />
		<capsule pos="10.350000000000001,30.25,-33.349999999999994" vel="0,0,0" mass="1" elasticityCoef="1" ang="90,0,0" color="0,220,0" radius="0.5" length="4" />
		<capsule pos="10.350000000000001,30.25,-31.049999999999994" vel="0,0,0" mass="1" elasticityCoef="1" ang="90,0,0" color="0,220,0" radius="0.5" length="4" />
		<capsule pos="10.350000000000001,30.25,-28.749999999999993" vel="0,0,0" mass="1" elasticityCoef="1" ang="90,0,0" color="0,220,0" radius="0.5" length="4" />
		<capsule pos="10.350000000000001,30.25,-26.449999999999996" vel="0,0,0" mass="1" elasticityCoef="1" ang="90,0,0" color="0,220,0" radius="0.5" length="4" />
		<capsule pos="10.350000000000001,30.25,-24.149999999999995" vel="0,0,0" mass="1" elasticityCoef="1" ang="90,0,0" color="0,220,0" radius="0.5" length="4" />
		<capsule pos="10.350000000000001,30.25,-21.849999999999994" vel="0,0,0" mass="1" elasticityCoef="1" ang="90,0,0" color="0,220,0" radius="0.5" length="4" />
		<capsule pos="10.350000000000001,30.25,-19.549999999999997" vel="0,0,0" mass="1" elasticityCoef="1" ang="90,0,0" color="0,220,0" radius="0.5" length="4" />
		<capsule pos="10.350000000000001,30.25,-17.249999999999996" vel="0,0,0" mass="1" elasticityCoef="1" ang="90,0,0" color="0,220,0" radius="0.5" length="4" />
		<capsule pos="10.350000000000001,30.25,-14.949999999999996" vel="0,0,0" mass="1" elasticityCoef="1" ang="90,0,0" color="0,220,0" radius="0.5" length="4" />
		<capsule pos="10.350000000000001,30.25,-12.649999999999995" vel="0,0,0" mass="1" elasticityCoef="1" ang="90,0,0" color="0,220,0" radius="0.5" length="4" />
		<capsule pos="10.350000000000001,30.25,-10.349999999999994" vel="0,0,0" mass="1" elasticityCoef="1" ang="90,0,0" color="0,220,0" radius="0.5" length="4" />
		<capsule pos="10.350000000000001,30.25,-8.049999999999997" vel="0,0,0" mass="1" elasticityCoef="1" ang="90,0,0" color="0,220,0" radius="0.5" length="4" />
		<capsule pos="10.350000000000001,30.25,-5.7499999999999964" vel="0,0,0" mass="1" elasticityCoef="1" ang="90,0,0" color="0,220,0" radius="0.5" length="4" />
		<capsule pos="10.350000000000001,30.25,-3.4499999999999957" vel="0,0,0" mass="1" elasticityCoef="1" ang="90,0,0" color="0,220,0" radius="0.5" length="4" />
		<capsule pos="10.350000000000001,30.25,-1.1499999999999986" vel="0,0,0" mass="1" elasticityCoef="1" ang="90,0,0" color="0,220,0" radius="0.5" length="4" />
		<capsule pos="10.350000000000001,30.25,1.1500000000000057" vel="0,0,0" mass="1" elasticityCoef="1" ang="90,0,0" color="0,220,0" radius="0.5" length="4" />
		<capsule pos="10.350000000000001,30.25,3.450000000000003" vel="0,0,0" mass="1" elasticityCoef="1" ang="90,0,0" color="0,220,0" radius="0.5" length="4" />
		<capsule pos="10.350000000000001,30.25,5.75" vel="0,0,0" mass="1" elasticityCoef="1" ang="90,0,0" color="0,220,0" radius="0.5" length="4" />
		<capsule pos="10.350000000000001,30.25,8.050000000000004" vel="0,0,0" mass="1" elasticityCoef="1" ang="90,0,0" color="0,220,0" radius="0.5" length="4" />
		<capsule pos="10.350000000000001,30.25,10.350000000000001" vel="0,0,0" mass="1" elasticityCoef="1" ang="90,0,0" color="0,220,0" radius="0.5" length="4" />
		<capsule pos="10.350000000000001,30.25,12.650000000000006" vel="0,0,0" mass="1" elasticityCoef="1" ang="90,0,0" color="0,220,0" radius="0.5" length="4" />
		<capsule pos="10.350000000000001,30.25,14.950000000000003" vel="0,0,0" mass="1" elasticityCoef="1" ang="90,0,0" color="0,220,0" radius="0.5" length="4" />
		<capsule pos="10.350000000000001,30.25,17.25" vel="0,0,0" mass="1" elasticityCoef="1" ang="90,0,0" color="0,220,0" radius="0.5" length="4" />
		<capsule pos="10.350000000000001,30.25,19.550000000000004" vel="0,0,0" mass="1" elasticityCoef="1" ang="90,0,0" color="0,220,0" radius="0.5" length="4" />
		<capsule pos="10.350000000000001,30.25,21.85" vel="0,0,0" mass="1" elasticityCoef="1" ang="90,0,0" color="0,220,0" radius="0.5" length="4" />
		<capsule pos="10.350000000000001,30.25,24.15" vel="0,0,0" mass="1" elasticityCoef="1" ang="90,0,0" color="0,220,0" radius="0.5" length="4" />
		<capsule pos="10.350000000000001,30.25,26.450000000000003" vel="0,0,0" mass="1" elasticityCoef="1" ang="90,0,0" color="0,220,0" radius="0.5" length="4" />
		<capsule pos="10.350000000000001,30.25,28.75" vel="0,0,0" mass="1" elasticityCoef="1" ang="90,0,0" color="0,220,0" radius="0.5" length="4" />
		<capsule pos="10.350000000000001,30.25,31.049999999999997" vel="0,0,0" mass="1" elasticityCoef="1" ang="90,0,0" color="0,220,0" radius="0.5" length="4" />
		<capsule pos="10.350000000000001,35.75,-33.349999999999994" vel="0,0,0" mass="1" elasticityCoef="1" ang="90,0,0" color="0,220,0" radius="0.5" length="4" />
		<capsule pos="10.350000000000001,35.75,-31.049999999999994" vel="0,0,0" mass="1" elasticityCoef="1" ang="90,0,0" color="0,220,0" radius="0.5" length="4" />
		<capsule pos="10.350000000000001,35.75,-28.749999999999993" vel="0,0,0" mass="1" elasticityCoef="1" ang="90,0,0" color="0,220,0" radius="0.5" length="4" />
		<capsule pos="10.350000000000001,35.75,-26.449999999999996" vel="0,0,0" mass="1" elasticityCoef="1" ang="90,0,0" color="0,220,0" radius="0.5" length="4" />
		<capsule pos="10.350000000000001,35.75,-24.149999999999995" vel="0,0,0" mass="1" elasticityCoef="1" ang="90,0,0" color="0,220,0" radius="0.5" length="4" />
		<capsule pos="10.350000000000001,35.75,-21.849999999999994" vel="0,0,0" mass="1" elasticityCoef="1" ang="90,0,0" color="0,220,0" radius="0.5" length="4" />
		<capsule pos="10.350000000000001,35.75,-19.549999999999997" vel="0,0,0" mass="1" elasticityCoef="1" ang="90,0,0" color="0,220,0" radius="0.5" length="4" />
		<capsule pos="10.350000000000001,35.75,-17.249999999999996" vel="0,0,0" mass="1" elasticityCoef="1" ang="90,0,0" color="0,220,0" radius="0.5" length="4" />
		<capsule pos="10.350000000000001,35.75,-14.949999999999996" vel="0,0,0" mass="1" elasticityCoef="1" ang="90,0,0" color="0,220,0" radius="0.5" length="4" />
		<capsule pos="10.350000000000001,35.75,-12.649999999999995" vel="0,0,0" mass="1" elasticityCoef="1" ang="90,0,0" color="0,220,0" radius="0.5" length="4" />
		<capsule pos="10.350000000000001,35.75,-10.349999999999994" vel="0,0,0" mass="1" elasticityCoef="1" ang="90,0,0" color="0,220,0" radius="0.5" length="4" />
		<capsule pos="10.350000000000001,35.75,-8.049999999999997" vel="0,0,0" mass="1" elasticityCoef="1" ang="90,0,0" color="0,220,0" radius="0.5" length="4" />
		<capsule pos="10.350000000000001,35.75,-5.7499999999999964" vel="0,0,0" mass="1" elasticityCoef="1" ang="90,0,0" color="0,220,0" radius="0.5" length="4" />
		<capsule pos="10.350000000000001,35.75,-3.4499999999999957" vel="0,0,0" mass="1" elasticityCoef="1" ang="90,0,0" color="0,220,0" radius="0.5" length="4" />
		<capsule pos="10.350000000000001,35.75,-1.1499999999999986" vel="0,0,0" mass="1" elasticityCoef="1" ang="90,0,0" color="0,220,0" radius="0.5" length="4" />
		<capsule pos="10.350000000000001,35.75,1.1500000000000057" vel="0,0,0" mass="1" elasticityCoef="1" ang="90,0,0" color="0,220,0" radius="0.5" length="4" />
		<capsule pos="10.350000000000001,35.75,3.450000000000003" vel="0,0,0" mass="1" elasticityCoef="1" ang="90,0,0" color="0,220,0" radius="0.5" length="4" />
		<capsule pos="10.350000000000001,35.75,5.75" vel="0,0,0" mass="1" elasticityCoef="1" ang="90,0,0" color="0,220,0" radius="0.5" length="4" />
		<capsule pos="10.350000000000001,35.75,8.050000000000004" vel="0,0,0" mass="1" elasticityCoef="1" ang="90,0,0" color="0,220,0" radius="0.5" length="4" />
		<capsule pos="10.350000000000001,35.75,10.350000000000001" vel="0,0,0" mass="1" elasticityCoef="1" ang="90,0,0" color="0,220,0" radius="0.5" length="4" />
		<capsule pos="10.350000000000001,35.75,12.650000000000006" vel="0,0,0" mass="1" elasticityCoef="1" ang="90,0,0" color="0,220,0" radius="0.5" length="4" />
		<capsule pos="10.350000000000001,35.75,14.950000000000003" vel="0,0,0" mass="1" elasticityCoef="1" ang="90,0,0" color="0,220,0" radius="0.5" length="4" />
		<capsule pos="10.350000000000001,35.75,17.25" vel="0,0,0" mass="1" elasticityCoef="1" ang="90,0,0" color="0,220,0" radius="0.5" length="4" />
		<capsule pos="10.350000000000001,35.75,19.550000000000004" vel="0,0,0" mass="1" elasticityCoef="1" ang="90,0,0" color="0,220,0" radius="0.5" length="4" />
		<capsule pos="10.350000000000001,35.75,21.85" vel="0,0,0" mass="1" elasticityCoef="1" ang="90,0,0" color="0,220,0" radius="0.5" length="4" />
		<capsule pos="10.350000000000001,35.75,24.15" vel="0,0,0" mass="1" elasticityCoef="1" ang="90,0,0" color="0,220,0" radius="0.5" length="4" />
		<capsule pos="10.350000000000001,35.75,26.450000000000003" vel="0,0,0" mass="1" elasticityCoef="1" ang="90,0,0" color="0,220,0" radius="0.5" length="4" />
		<capsule pos="10.350000000000001,35.75,28.75" vel="0,0,0" mass="1" elasticityCoef="1" ang="90,0,0" color="0,220,0" radius="0.5" length="4" />
		<capsule pos="10.350000000000001,35.75,31.049999999999997" vel="0,0,0" mass="1" elasticityCoef="1" ang="90,0,0" color="0,220,0" radius="0.5" length="4" />
		<capsule pos="12.650000000000006,-41.25,-33.349999999999994" vel="0,0,0" mass="1" elasticityCoef="1" ang="90,0,0" color="0,220,0" radius="0.5" length="4" />
		<capsule pos="12.650000000000006,-41.25,-31.049999999999994" vel="0,0,0" mass="1" elasticityCoef="1" ang="90,0,0" color="0,220,0" radius="0.5" length="4" />
		<capsule pos="12.650000000000006,-41.25,-28.749999999999993" vel="0,0,0" mass="1" elasticityCoef="1" ang="90,0,0" color="0,220,0" radius="0.5" length="4" />
		<capsule pos="12.650000000000006,-41.25,-26.449999999999996" vel="0,0,0" mass="1" elasticityCoef="1" ang="90,0,0" color="0,220,0" radius="0.5" length="4" />
		<capsule pos="12.650000000000006,-41.25,-24.149999999999995" vel="0,0,0" mass="1" elasticityCoef="1" ang="90,0,0" color="0,220,0" radius="0.5" length="4" />
		<capsule pos="12.650000000000006,-41.25,-21.849999999999994" vel="0,0,0" mass="1" elasticityCoef="1" ang="90,0,0" color="0,220,0" radius="0.5" length="4" />
		<capsule pos="12.650000000000006,-41.25,-19.549999999999997" vel="0,0,0" mass="1" elasticityCoef="1" ang="90,0,0" color="0,220,0" radius="0.5" length="4" />
		<capsule pos="12.650000000000006,-41.25,-17.249999999999996" vel="0,0,0" mass="1" elasticityCoef="1" ang="90,0,0" color="0,220,0" radius="0.5" length="4" />
		<capsule pos="12.650000000000006,-41.25,-14.949999999999996" vel="0,0,0" mass="1" elasticityCoef="1" ang="90,0,0" color="0,220,0" radius="0.5" length="4" />
		<capsule pos="12.650000000000006,-41.25,-12.649999999999995" vel="0,0,0" mass="1" elasticityCoef="1" ang="90,0,0" color="0,220,0" radius="0.5" length="4" />
		<capsule pos="12.650000000000006,-41.25,-10.349999999999994" vel="0,0,0" mass="1" elasticityCoef="1" ang="90,0,0" color="0,220,0" radius="0.5" length="4" />
		<capsule pos="12.650000000000006,-41.25,-8.049999999999997" vel="0,0,0" mass="1" elasticityCoef="1" ang="90,0,0" color="0,220,0" radius="0.5" length="4" />
		<capsule pos="12.650000000000006,-41.25,-5.7499999999999964" vel="0,0,0" mass="1" elasticityCoef="1" ang="90,0,0" color="0,220,0" radius="0.5" length="4" />
		<capsule pos="12.650000000000006,-41.25,-3.4499999999999957" vel="0,0,0" mass="1" elasticityCoef="1" ang="90,0,0" color="0,220,0" radius="0.5" length="4" />
		<capsule pos="12.650000000000006,-41.25,-1.1499999999999986" vel="0,0,0" mass="1" elasticityCoef="1" ang="90,0,0" color="0,220,0" radius="0.5" length="4" />
		<capsule pos="12.650000000000006,-41.25,1.1500000000000057" vel="0,0,0" mass="1" elasticityCoef="1" ang="90,0,0" color="0,220,0" radius="0.5" length="4" />
		<capsule pos="12.650000000000006,-41.25,3.450000000000003" vel="0,0,0" mass="1" elasticityCoef="1" ang="90,0,0" color="0,220,0" radius="0.5" length="4" />
		<capsule pos="12.650000000000006,-41.25,5.75" vel="0,0,0" mass="1" elasticityCoef="1" ang="90,0,0" color="0,220,0" radius="0.5" length="4" />
		<capsule pos="12.650000000000006,-41.25,8.050000000000004" vel="0,0,0" mass="1" elasticityCoef="1" ang="90,0,0" color="0,220,0" radius="0.5" length="4" />
		<capsule pos="12.650000000000006,-41.25,10.350000000000001" vel="0,0,0" mass="1" elasticityCoef="1" ang="90,0,0" color="0,220,0" radius="0.5" length="4" />
		<capsule pos="12.650000000000006,-41.25,12.650000000000006" vel="0,0,0" mass="1" elasticityCoef="1" ang="90,0,0" color="0,220,0" radius="0.5" length="4" />
		<capsule pos="12.650000000000006,-41.25,14.950000000000003" vel="0,0,0" mass="1" elasticityCoef="1" ang="90,0,0" color="0,220,0" radius="0.5" length="4" />
		<capsule pos="12.650000000000006,-41.25,17.25" vel="0,0,0" mass="1" elasticityCoef="1" ang="90,0,0" color="0,220,0" radius="0.5" length="4" />
		<capsule pos="12.650000000000006,-41.25,19.550000000000004" vel="0,0,0" mass="1" elasticityCoef="1" ang="90,0,0" color="0,220,0" radius="0.5" length="4" />
		<capsule pos="12.650000000000006,-41.25,21.85" vel="0,0,0" mass="1" elasticityCoef="1" ang="90,0,0" color="0,220,0" radius="0.5" length="4" />
		<capsule pos="12.650000000000006,-41.25,24.15" vel="0,0,0" mass="1" elasticityCoef="1" ang="90,0,0" color="0,220,0" radius="0.5" length="4" />
		<capsule pos="12.650000000000006,-41.25,26.450000000000003" vel="0,0,0" mass="1" elasticityCoef="1" ang="90,0,0" color="0,220,0" radius="0.5" length="4" />
		<capsule pos="12.650000000000006,-41.25,28.75" vel="0,0,0" mass="1" elasticityCoef="1" ang="90,0,0" color="0,220,0" radius="0.5" length="4" />
		<capsule pos="12.650000000000006,-41.25,31.049999999999997" vel="0,0,0" mass="1" elasticityCoef="1" ang="90,0,0" color="0,220,0" radius="0.5" length="4" />
		<capsule pos="12.650000000000006,-35.75,-33.349999999999994" vel="0,0,0" mass="1" elasticityCoef="1" ang="90,0,0" color="0,220,0" radius="0.5" length="4" />
		<capsule pos="12.650000000000006,-35.75,-31.049999999999994" vel="0,0,0" mass="1" elasticityCoef="1" ang="90,0,0" color="0,220,0" radius="0.5" length="4" />
		<capsule pos="12.650000000000006,-35.75,-28.749999999999993" vel="0,0,0" mass="1" elasticityCoef="1" ang="90,0,0" color="0,220,0" radius="0.5" length="4" />
		<capsule pos="12.650000000000006,-35.75,-26.449999999999996" vel="0,0,0" mass="1" elasticityCoef="1" ang="90,0,0" color="0,220,0" radius="0.5" length="4" />
		<capsule pos="12.650000000000006,-35.75,-24.149999999999995" vel="0,0,0" mass="1" elasticityCoef="1" ang="90,0,0" color="0,220,0" radius="0.5" length="4" />
		<capsule pos="12.650000000000006,-35.75,-21.849999999999994" vel="0,0,0" mass="1" elasticityCoef="1" ang="90,0,0" color="0,220,0" radius="0.5" length="4" />
		<capsule pos="12.650000000000006,-35.75,-19.549999999999997" vel="0,0,0" mass="1" elasticityCoef="1" ang="90,0,0" color="0,220,0" radius="0.5" length="4" />
		<capsule pos="12.650000000000006,-35.75,-17.249999999999996" vel="0,0,0" mass="1" elasticityCoef="1" ang="90,0,0" color="0,220,0" radius="0.5" length="4" />
		<capsule pos="12.650000000000006,-35.75,-14.949999999999996" vel="0,0,0" mass="1" elasticityCoef="1" ang="90,0,0" color="0,220,0" radius="0.5" length="4" />
		<capsule pos="12.650000000000006,-35.75,-12.649999999999995" vel="0,0,0" mass="1" elasticityCoef="1" ang="90,0,0" color="0,220,0" radius="0.5" length="4" />
		<capsule pos="12.650000000000006,-35.75,-10.349999999999994" vel="0,0,0" mass="1" elasticityCoef="1" ang="90,0,0" color="0,220,0" radius="0.5" length="4" />
		<capsule pos="12.650000000000006,-35.75,-8.049999999999997" vel="0,0,0" mass="1" elasticityCoef="1" ang="90,0,0" color="0,220,0" radius="0.5" length="4" />
		<capsule pos="12.650000000000006,-35.75,-5.7499999999999964" vel="0,0,0" mass="1" elasticityCoef="1" ang="90,0,0" color="0,220,0" radius="0.5" length="4" />
		<capsule pos="12.650000000000006,-35.75,-3.4499999999999957" vel="0,0,0" mass="1" elasticityCoef="1" ang="90,0,0" color="0,220,0" radius="0.5" length="4" />
		<capsule pos="12.650000000000006,-35.75,-1.1499999999999986" vel="0,0,0" mass="1" elasticityCoef="1" ang="90,0,0" color="0,220,0" radius="0.5" length="4" />
		<capsule pos="12.650000000000006,-35.75,1.1500000000000057" vel="0,0,0" mass="1" elasticityCoef="1" ang="90,0,0" color="0,220,0" radius="0.5" length="4" />
		<capsule pos="12.650000000000006,-35.75,3.450000000000003" vel="0,0,0" mass="1" elasticityCoef="1" ang="90,0,0" color="0,220,0" radius="0.5" length="4" />
		<capsule pos="12.650000000000006,-35.75,5.75" vel="0,0,0" mass="1" elasticityCoef="1" ang="90,0,0" color="0,220,0" radius="0.5" length="4" />
		<capsule pos="12.650000000000006,-35.75,8.050000000000004" vel="0,0,0" mass="1" elasticityCoef="1" ang="90,0,0" color="0,220,0" radius="0.5" length="4" />
		<capsule pos="12.650000000000006,-35.75,10.350000000000001" vel="0,0,0" mass="1" elasticityCoef="1" ang="90,0,0" color="0,220,0" radius="0.5" length="4" />
		<capsule pos="12.650000000000006,-35.75,12.650000000000006" vel="0,0,0" mass="1" elasticityCoef="1" ang="90,0,0" color="0,220,0" radius="0.5" length="4" />
		<capsule pos="12.650000000000006,-35.75,14.950000000000003" vel="0,0,0" mass="1" elasticityCoef="1" ang="90,0,0" color="0,220,0" radius="0.5" length="4" />
		<capsule pos="12.650000000000006,-35.75,17.25" vel="0,0,0" mass="1" elasticityCoef="1" ang="90,0,0" color="0,220,0" radius="0.5" length="4" />
		<capsule pos="12.650000000000006,-35.75,19.550000000000004" vel="0,0,0" mass="1" elasticityCoef="1" ang="90,0,0" color="0,220,0" radius="0.5" length="4" />
		<capsule pos="12.650000000000006,-35.75,21.85" vel="0,0,0" mass="1" elasticityCoef="1" ang="90,0,0" color="0,220,0" radius="0.5" length="4" />
		<capsule pos="12.650000000000006,-35.75,24.15" vel="0,0,0" mass="1" elasticityCoef="1" ang="90,0,0" color="0,220,0" radius="0.5" length="4" />
		<capsule pos="12.650000000000006,-35.75,26.450000000000003" vel="0,0,0" mass="1" elasticityCoef="1" ang="90,0,0" color="0,220,0" radius="0.5" length="4" />
		<capsule pos="12.650000000000006,-35.75,28.75" vel="0,0,0" mass="1" elasticityCoef="1" ang="90,0,0" color="0,220,0" radius="0.5" length="4" />
		<capsule pos="12.650000000000006,-35.75,31.049999999999997" vel="0,0,0" mass="1" elasticityCoef="1" ang="90,0,0" color="0,220,0" radius="0.5" length="4" />
		<capsule pos="12.650000000000006,-30.25,-33.349999999999994" vel="0,0,0" mass="1" elasticityCoef="1" ang="90,0,0" color="0,220,0" radius="0.5" length="4" />
		<capsule pos="12.650000000000006,-30.25,-31.049999999999994" vel="0,0,0" mass="1" elasticityCoef="1" ang="90,0,0" color="0,220,0" radius="0.5" length="4" />
		<capsule pos="12.650000000000006,-30.25,-28.749999999999993" vel="0,0,0" mass="1" elasticityCoef="1" ang="90,0,0" color="0,220,0" radius="0.5" length="4" />
		<capsule pos="12.650000000000006,-30.25,-26.449999999999996" vel="0,0,0" mass="1" elasticityCoef="1" ang="90,0,0" color="0,220,0" radius="0.5" length="4" />
		<capsule pos="12.650000000000006,-30.25,-24.149999999999995" vel="0,0,0" mass="1" elasticityCoef="1" ang="90,0,0" color="0,220,0" radius="0.5" length="4" />
		<capsule pos="12.650000000000006,-30.25,-21.849999999999994" vel="0,0,0" mass="1" elasticityCoef="1" ang="90,0,0" color="0,220,0" radius="0.5" length="4" />
		<capsule pos="12.650000000000006,-30.25,-19.549999999999997" vel="0,0,0" mass="1" elasticityCoef="1" ang="90,0,0" color="0,220,0" radius="0.5" length="4" />
		<capsule pos="12.650000000000006,-30.25,-17.249999999999996" vel="0,0,0" mass="1" elasticityCoef="1" ang="90,0,0" color="0,220,0" radius="0.5" length="4" />
		<capsule pos="12.650000000000006,-30.25,-14.949999999999996" vel="0,0,0" mass="1" elasticityCoef="1" ang="90,0,0" color="0,220,0" radius="0.5" length="4" />
		<capsule pos="12.650000000000006,-30.25,-12.649999999999995" vel="0,0,0" mass="1" elasticityCoef="1" ang="90,0,0" color="0,220,0" radius="0.5" length="4" />
		<capsule pos="12.650000000000006,-30.25,-10.349999999999994" vel="0,0,0" mass="1" elasticityCoef="1" ang="90,0,0" color="0,220,0" radius="0.5" length="4" />
		<capsule pos="12.650000000000006,-30.25,-8.049999999999997" vel="0,0,0" mass="1" elasticityCoef="1" ang="90,0,0" color="0,220,0" radius="0.5" length="4" />
		<capsule pos="12.650000000000006,-30.25,-5.7499999999999964" vel="0,0,0" mass="1" elasticityCoef="1" ang="90,0,0" color="0,220,0" radius="0.5" length="4" />
		<capsule pos="12.650000000000006,-30.25,-3.4499999999999957" vel="0,0,0" mass="1" elasticityCoef="1" ang="90,0,0" color="0,220,0" radius="0.5" length="4" />
		<capsule pos="12.650000000000006,-30.25,-1.1499999999999986" vel="0,0,0" mass="1" elasticityCoef="1" ang="90,0,0" color="0,220,0" radius="0.5" length="4" />
		<capsule pos="12.650000000000006,-30.25,1.1500000000000057" vel="0,0,0" mass="1" elasticityCoef="1" ang="90,0,0" color="0,220,0" radius="0.5" length="4" />
		<capsule pos="12.650000000000006,-30.25,3.450000000000003" vel="0,0,0" mass="1" elasticityCoef="1" ang="90,0,0" color="0,220,0" radius="0.5" length="4" />
		<capsule pos="12.650000000000006,-30.25,5.75" vel="0,0,0" mass="1" elasticityCoef="1" ang="90,0,0" color="0,220,0" radius="0.5" length="4" />
		<capsule pos="12.650000000000006,-30.25,8.050000000000004" vel="0,0,0" mass="1" elasticityCoef="1" ang="90,0,0" color="0,220,0" radius="0.5" length="4" />
		<capsule pos="12.650000000000006,-30.25,10.350000000000001" vel="0,0,0" mass="1" elasticityCoef="1" ang="90,0,0" color="0,220,0" radius="0.5" length="4" />
		<capsule pos="12.650000000000006,-30.25,12.650000000000006" vel="0,0,0" mass="1" elasticityCoef="1" ang="90,0,0" color="0,220,0" radius="0.5" length="4" />
		<capsule pos="12.650000000000006,-30.25,14.950000000000003" vel="0,0,0" mass="1" elasticityCoef="1" ang="90,0,0" color="0,220,0" radius="0.5" length="4" />
		<capsule pos="12.650000000000006,-30.25,17.25" vel="0,0,0" mass="1" elasticityCoef="1" ang="90,0,0" color="0,220,0" radius="0.5" length="4" />
		<capsule pos="12.650000000000006,-30.25,19.550000000000004" vel="0,0,0" mass="1" elasticityCoef="1" ang="90,0,0" color="0,220,0" radius="0.5" length="4" />
		<capsule pos="12.650000000000006,-30.25,21.85" vel="0,0,0" mass="1" elasticityCoef="1" ang="90,0,0" color="0,220,0" radius="0.5" length="4" />
		<capsule pos="12.650000000000006,-30.25,24.15" vel="0,0,0" mass="1" elasticityCoef="1" ang="90,0,0" color="0,220,0" radius="0.5" length="4" />
		<capsule pos="12.650000000000006,-30.25,26.450000000000003" vel="0,0,0" mass="1" elasticityCoef="1" ang="90,0,0" color="0,220,0" radius="0.5" length="4" />
		<capsule pos="12.650000000000006,-30.25,28.75" vel="0,0,0" mass="1" elasticityCoef="1" ang="90,0,0" color="0,220,0" radius="0.5" length="4" />
		<capsule pos="12.650000000000006,-30.25,31.049999999999997" vel="0,0,0" mass="1" elasticityCoef="1" ang="90,0,0" color="0,220,0" radius="0.5" length="4" />
		<capsule pos="12.650000000000006,-24.75,-33.349999999999994" vel="0,0,0" mass="1" elasticityCoef="1" ang="90,0,0" color="0,220,0" radius="0.5" length="4" />
		<capsule pos="12.650000000000006,-24.75,-31.049999999999994" vel="0,0,0" mass="1" elasticityCoef="1" ang="90,0,0" color="0,220,0" radius="0.5" length="4" />
		<capsule pos="12.650000000000006,-24.75,-28.749999999999993" vel="0,0,0" mass="1" elasticityCoef="1" ang="90,0,0" color="0,220,0" radius="0.5" length="4" />
		<capsule pos="12.650000000000006,-24.75,-26.449999999999996" vel="0,0,0" mass="1" elasticityCoef="1" ang="90,0,0" color="0,220,0" radius="0.5" length="4" />
		<capsule pos="12.650000000000006,-24.75,-24.149999999999995" vel="0,0,0" mass="1" elasticityCoef="1" ang="90,0,0" color="0,220,0" radius="0.5" length="4" />
		<capsule pos="12.650000000000006,-24.75,-21.849999999999994" vel="0,0,0" mass="1" elasticityCoef="1" ang="90,0,0" color="0,220,0" radius="0.5" length="4" />
		<capsule pos="12.650000000000006,-24.75,-19.549999999999997" vel="0,0,0" mass="1" elasticityCoef="1" ang="90,0,0" color="0,220,0" radius="0.5" length="4" />
		<capsule pos="12.650000000000006,-24.75,-17.249999999999996" vel="0,0,0" mass="1" elasticityCoef="1" ang="90,0,0" color="0,220,0" radius="0.5" length="4" />
		<capsule pos="12.650000000000006,-24.75,-14.949999999999996" vel="0,0,0" mass="1" elasticityCoef="1" ang="90,0,0" color="0,220,0" radius="0.5" length="4" />
		<capsule pos="12.650000000000006,-24.75,-12.649999999999995" vel="0,0,0" mass="1" elasticityCoef="1" ang="90,0,0" color="0,220,0" radius="0.5" length="4" />
		<capsule pos="12.650000000000006,-24.75,-10.349999999999994" vel="0,0,0" mass="1" elasticityCoef="1" ang="90,0,0" color="0,220,0" radius="0.5" length="4" />
		<capsule pos="12.650000000000006,-24.75,-8.049999999999997" vel="0,0,0" mass="1" elasticityCoef="1" ang="90,0,0" color="0,220,0" radius="0.5" length="4" />
		<capsule pos="12.650000000000006,-24.75,-5.7499999999999964" vel="0,0,0" mass="1" elasticityCoef="1" ang="90,0,0" color="0,220,0" radius="0.5" length="4" />
		<capsule pos="12.650000000000006,-24.75,-3.4499999999999957" vel="0,0,0" mass="1" elasticityCoef="1" ang="90,0,0" color="0,220,0" radius="0.5" length="4" />
		<capsule pos="12.650000000000006,-24.75,-1.1499999999999986" vel="0,0,0" mass="1" elasticityCoef="1" ang="90,0,0" color="0,220,0" radius="0.5" length="4" />
		<capsule pos="12.650000000000006,-24.75,1.1500000000000057" vel="0,0,0" mass="1" elasticityCoef="1" ang="90,0,0" color="0,220,0" radius="0.5" length="4" />
		<capsule pos="12.650000000000006,-24.75,3.450000000000003" vel="0,0,0" mass="1" elasticityCoef="1" ang="90,0,0" color="0,220,0" radius="0.5" length="4" />
		<capsule pos="12.650000000000006,-24.75,5.75" vel="0,0,0" mass="1" elasticityCoef="1" ang="90,0,0" color="0,220,0" radius="0.5" length="4" />
		<capsule pos="12.650000000000006,-24.75,8.050000000000004" vel="0,0,0" mass="1" elasticityCoef="1" ang="90,0,0" color="0,220,0" radius="0.5" length="4" />
		<capsule pos="12.650000000000006,-24.75,10.350000000000001" vel="0,0,0" mass="1" elasticityCoef="1" ang="90,0,0" color="0,220,0" radius="0.5" length="4" />
		<capsule pos="12.650000000000006,-24.75,12.650000000000006" vel="0,0,0" mass="1" elasticityCoef="1" ang="90,0,0" color="0,220,0" radius="0.5" length="4" />
		<capsule pos="12.650000000000006,-24.75,14.950000000000003" vel="0,0,0" mass="1" elasticityCoef="1" ang="90,0,0" color="0,220,0" radius="0.5" length="4" />
		<capsule pos="12.650000000000006,-24.75,17.25" vel="0,0,0" mass="1" elasticityCoef="1" ang="90,0,0" color="0,220,0" radius="0.5" length="4" />
		<capsule pos="12.650000000000006,-24.75,19.550000000000004" vel="0,0,0" mass="1" elasticityCoef="1" ang="90,0,0" color="0,220,0" radius="0.5" length="4" />
		<capsule pos="12.650000000000006,-24.75,21.85" vel="0,0,0" mass="1" elasticityCoef="1" ang="90,0,0" color="0,220,0" radius="0.5" length="4" />
		<capsule pos="12.650000000000006,-24.75,24.15" vel="0,0,0" mass="1" elasticityCoef="1" ang="90,0,0" color="0,220,0" radius="0.5" length="4" />
		<capsule pos="12.650000000000006,-24.75,26.450000000000003" vel="0,0,0" mass="1" elasticityCoef="1" ang="90,0,0" color="0,220,0" radius="0.5" length="4" />
		<capsule pos="12.650000000000006,-24.75,28.75" vel="0,0,0" mass="1" elasticityCoef="1" ang="90,0,0" color="0,220,0" radius="0.5" length="4" />
		<capsule pos="12.650000000000006,-24.75,31.049999999999997" vel="0,0,0" mass="1" elasticityCoef="1" ang="90,0,0" color="0,220,0" radius="0.5" length="4" />
		<capsule pos="12.650000000000006,-19.25,-33.349999999999994" vel="0,0,0" mass="1" elasticityCoef="1" ang="90,0,0" color="0,220,0" radius="0.5" length="4" />
		<capsule pos="12.650000000000006,-19.25,-31.049999999999994" vel="0,0,0" mass="1" elasticityCoef="1" ang="90,0,0" color="0,220,0" radius="0.5" length="4" />
		<capsule pos="12.650000000000006,-19.25,-28.749999999999993" vel="0,0,0" mass="1" elasticityCoef="1" ang="90,0,0" color="0,220,0" radius="0.5" length="4" />
		<capsule pos="12.650000000000006,-19.25,-26.449999999999996" vel="0,0,0" mass="1" elasticityCoef="1" ang="90,0,0" color="0,220,0" radius="0.5" length="4" />
		<capsule pos="12.650000000000006,-19.25,-24.149999999999995" vel="0,0,0" mass="1" elasticityCoef="1" ang="90,0,0" color="0,220,0" radius="0.5" length="4" />
		<capsule pos="12.650000000000006,-19.25,-21.849999999999994" vel="0,0,0" mass="1" elasticityCoef="1" ang="90,0,0" color="0,220,0" radius="0.5" length="4" />
		<capsule pos="12.650000000000006,-19.25,-19.549999999999997" vel="0,0,0" mass="1" elasticityCoef="1" ang="90,0,0" color="0,220,0" radius="0.5" length="4" />
		<capsule pos="12.650000000000006,-19.25,-17.249999999999996" vel="0,0,0" mass="1" elasticityCoef="1" ang="90,0,0" color="0,220,0" radius="0.5" length="4" />
		<capsule pos="12.650000000000006,-19.25,-14.949999999999996" vel="0,0,0" mass="1" elasticityCoef="1" ang="90,0,0" color="0,220,0" radius="0.5" length="4" />
		<capsule pos="12.650000000000006,-19.25,-12.649999999999995" vel="0,0,0" mass="1" elasticityCoef="1" ang="90,0,0" color="0,220,0" radius="0.5" length="4" />
		<capsule pos="12.650000000000006,-19.25,-10.349999999999994" vel="0,0,0" mass="1" elasticityCoef="1" ang="90,0,0" color="0,220,0" radius="0.5" length="4" />
		<capsule pos="12.650000000000006,-19.25,-8.049999999999997" vel="0,0,0" mass="1" elasticityCoef="1" ang="90,0,0" color="0,220,0" radius="0.5" length="4" />
		<capsule pos="12.650000000000006,-19.25,-5.7499999999999964" vel="0,0,0" mass="1" elasticityCoef="1" ang="90,0,0" color="0,220,0" radius="0.5" length="4" />
		<capsule pos="12.650000000000006,-19.25,-3.4499999999999957" vel="0,0,0" mass="1" elasticityCoef="1" ang="90,0,0" color="0,220,0" radius="0.5" length="4" />
		<capsule pos="12.650000000000006,-19.25,-1.1499999999999986" vel="0,0,0" mass="1" elasticityCoef="1" ang="90,0,0" color="0,220,0" radius="0.5" length="4" />
		<capsule pos="12.650000000000006,-19.25,1.1500000000000057" vel="0,0,0" mass="1" elasticityCoef="1" ang="90,0,0" color="0,220,0" radius="0.5" length="4" />
		<capsule pos="12.650000000000006,-19.25,3.450000000000003" vel="0,0,0" mass="1" elasticityCoef="1" ang="90,0,0" color="0,220,0" radius="0.5" length="4" />
		<capsule pos="12.650000000000006,-19.25,5.75" vel="0,0,0" mass="1" elasticityCoef="1" ang="90,0,0" color="0,220,0" radius="0.5" length="4" />
		<capsule pos="12.650000000000006,-19.25,8.050000000000004" vel="0,0,0" mass="1" elasticityCoef="1" ang="90,0,0" color="0,220,0" radius="0.5" length="4" />
		<capsule pos="12.650000000000006,-19.25,10.350000000000001" vel="0,0,0" mass="1" elasticityCoef="1" ang="90,0,0" color="0,220,0" radius="0.5" length="4" />
		<capsule pos="12.650000000000006,-19.25,12.650000000000006" vel="0,0,0" mass="1" elasticityCoef="1" ang="90,0,0" color="0,220,0" radius="0.5" length="4" />
		<capsule pos="12.650000000000006,-19.25,14.950000000000003" vel="0,0,0" mass="1" elasticityCoef="1" ang="90,0,0" color="0,220,0" radius="0.5" length="4" />
		<capsule pos="12.650000000000006,-19.25,17.25" vel="0,0,0" mass="1" elasticityCoef="1" ang="90,0,0" color="0,220,0" radius="0.5" length="4" />
		<capsule pos="12.650000000000006,-19.25,19.550000000000004" vel="0,0,0" mass="1" elasticityCoef="1" ang="90,0,0" color="0,220,0" radius="0.5" length="4" />
		<capsule pos="12.650000000000006,-19.25,21.85" vel="0,0,0" mass="1" elasticityCoef="1" ang="90,0,0" color="0,220,0" radius="0.5" length="4" />
		<capsule pos="12.650000000000006,-19.25,24.15" vel="0,0,0" mass="1" elasticityCoef="1" ang="90,0,0" color="0,220,0" radius="0.5" length="4" />
		<capsule pos="12.650000000000006,-19.25,26.450000000000003" vel="0,0,0" mass="1" elasticityCoef="1" ang="90,0,0" color="0,220,0" radius="0.5" length="4" />
		<capsule pos="12.650000000000006,-19.25,28.75" vel="0,0,0" mass="1" elasticityCoef="1" ang="90,0,0" color="0,220,0" radius="0.5" length="4" />
		<capsule pos="12.650000000000006,-19.25,31.049999999999997" vel="0,0,0" mass="1" elasticityCoef="1" ang="90,0,0" color="0,220,0" radius="0.5" length="4" />
		<capsule pos="12.650000000000006,-13.75,-33.349999999999994" vel="0,0,0" mass="1" elasticityCoef="1" ang="90,0,0" color="0,220,0" radius="0.5" length="4" />
		<capsule pos="12.650000000000006,-13.75,-31.049999999999994" vel="0,0,0" mass="1" elasticityCoef="1" ang="90,0,0" color="0,220,0" radius="0.5" length="4" />
		<capsule pos="12.650000000000006,-13.75,-28.749999999999993" vel="0,0,0" mass="1" elasticityCoef="1" ang="90,0,0" color="0,220,0" radius="0.5" length="4" />
		<capsule pos="12.650000000000006,-13.75,-26.449999999999996" vel="0,0,0" mass="1" elasticityCoef="1" ang="90,0,0" color="0,220,0" radius="0.5" length="4" />
		<capsule pos="12.650000000000006,-13.75,-24.149999999999995" vel="0,0,0" mass="1" elasticityCoef="1" ang="90,0,0" color="0,220,0" radius="0.5" length="4" />
		<capsule pos="12.650000000000006,-13.75,-21.849999999999994" vel="0,0,0" mass="1" elasticityCoef="1" ang="90,0,0" color="0,220,0" radius="0.5" length="4" />
		<capsule pos="12.650000000000006,-13.75,-19.549999999999997" vel="0,0,0" mass="1" elasticityCoef="1" ang="90,0,0" color="0,220,0" radius="0.5" length="4" />
		<capsule pos="12.650000000000006,-13.75,-17.249999999999996" vel="0,0,0" mass="1" elasticityCoef="1" ang="90,0,0" color="0,220,0" radius="0.5" length="4" />
		<capsule pos="12.650000000000006,-13.75,-14.949999999999996" vel="0,0,0" mass="1" elasticityCoef="1" ang="90,0,0" color="0,220,0" radius="0.5" length="4" />
		<capsule pos="12.650000000000006,-13.75,-12.649999999999995" vel="0,0,0" mass="1" elasticityCoef="1" ang="90,0,0" color="0,220,0" radius="0.5" length="4" />
		<capsule pos="12.650000000000006,-13.75,-10.349999999999994" vel="0,0,0" mass="1" elasticityCoef="1" ang="90,0,0" color="0,220,0" radius="0.5" length="4" />
		<capsule pos="12.650000000000006,-13.75,-8.049999999999997" vel="0,0,0" mass="1" elasticityCoef="1" ang="90,0,0" color="0,220,0" radius="0.5" length="4" />
		<capsule pos="12.650000000000006,-13.75,-5.7499999999999964" vel="0,0,0" mass="1" elasticityCoef="1" ang="90,0,0" color="0,220,0" radius="0.5" length="4" />
		<capsule pos="12.650000000000006,-13.75,-3.4499999999999957" vel="0,0,0" mass="1" elasticityCoef="1" ang="90,0,0" color="0,220,0" radius="0.5" length="4" />
		<capsule pos="12.650000000000006,-13.75,-1.1499999999999986" vel="0,0,0" mass="1" elasticityCoef="1" ang="90,0,0" color="0,220,0" radius="0.5" length="4" />
		<capsule pos="12.650000000000006,-13.75,1.1500000000000057" vel="0,0,0" mass="1" elasticityCoef="1" ang="90,0,0" color="0,220,0" radius="0.5" length="4" />
		<capsule pos="12.650000000000006,-13.75,3.450000000000003" vel="0,0,0" mass="1" elasticityCoef="1" ang="90,0,0" color="0,220,0" radius="0.5" length="4" />
		<capsule pos="12.650000000000006,-13.75,5.75" vel="0,0,0" mass="1" elasticityCoef="1" ang="90,0,0" color="0,220,0" radius="0.5" length="4" />
		<capsule pos="12.650000000000006,-13.75,8.050000000000004" vel="0,0,0" mass="1" elasticityCoef="1" ang="90,0,0" color="0,220,0" radius="0.5" length="4" />
		<capsule pos="12.650000000000006,-13.75,10.350000000000001" vel="0,0,0" mass="1" elasticityCoef="1" ang="90,0,0" color="0,220,0" radius="0.5" length="4" />
		<capsule pos="12.650000000000006,-13.75,12.650000000000006" vel="0,0,0" mass="1" elasticityCoef="1" ang="90,0,0" color="0,220,0" radius="0.5" length="4" />
		<capsule pos="12.650000000000006,-13.75,14.950000000000003" vel="0,0,0" mass="1" elasticityCoef="1" ang="90,0,0" color="0,220,0" radius="0.5" length="4" />
		<capsule pos="12.650000000000006,-13.75,17.25" vel="0,0,0" mass="1" elasticityCoef="1" ang="90,0,0" color="0,220,0" radius="0.5" length="4" />
		<capsule pos="12.650000000000006,-13.75,19.550000000000004" vel="0,0,0" mass="1" elasticityCoef="1" ang="90,0,0" color="0,220,0" radius="0.5" length="4" />
		<capsule pos="12.650000000000006,-13.75,21.85" vel="0,0,0" mass="1" elasticityCoef="1" ang="90,0,0" color="0,220,0" radius="0.5" length="4" />
		<capsule pos="12.650000000000006,-13.75,24.15" vel="0,0,0" mass="1" elasticityCoef="1" ang="90,0,0" color="0,220,0" radius="0.5" length="4" />
		<capsule pos="12.650000000000006,-13.75,26.450000000000003" vel="0,0,0" mass="1" elasticityCoef="1" ang="90,0,0" color="0,220,0" radius="0.5" length="4" />
		<capsule pos="12.650000000000006,-13.75,28.75" vel="0,0,0" mass="1" elasticityCoef="1" ang="90,0,0" color="0,220,0" radius="0.5" length="4" />
		<capsule pos="12.650000000000006,-13.75,31.049999999999997" vel="0,0,0" mass="1" elasticityCoef="1" ang="90,0,0" color="0,220,0" radius="0.5" length="4" />
		<capsule pos="12.650000000000006,-8.25,-33.349999999999994" vel="0,0,0" mass="1" elasticityCoef="1" ang="90,0,0" color="0,220,0" radius="0.5" length="4" />
		<capsule pos="12.650000000000006,-8.25,-31.049999999999994" vel="0,0,0" mass="1" elasticityCoef="1" ang="90,0,0" color="0,220,0" radius="0.5" length="4" />
		<capsule pos="12.650000000000006,-8.25,-28.749999999999993" vel="0,0,0" mass="1" elasticityCoef="1" ang="90,0,0" color="0,220,0" radius="0.5" length="4" />
		<capsule pos="12.650000000000006,-8.25,-26.449999999999996" vel="0,0,0" mass="1" elasticityCoef="1" ang="90,0,0" color="0,220,0" radius="0.5" length="4" />
		<capsule pos="12.650000000000006,-8.25,-24.149999999999995" vel="0,0,0" mass="1" elasticityCoef="1" ang="90,0,0" color="0,220,0" radius="0.5" length="4" />
		<capsule pos="12.650000000000006,-8.25,-21.849999999999994" vel="0,0,0" mass="1" elasticityCoef="1" ang="90,0,0" color="0,220,0" radius="0.5" length="4" />
		<capsule pos="12.650000000000006,-8.25,-19.549999999999997" vel="0,0,0" mass="1" elasticityCoef="1" ang="90,0,0" color="0,220,0" radius="0.5" length="4" />
		<capsule pos="12.650000000000006,-8.25,-17.249999999999996" vel="0,0,0" mass="1" elasticityCoef="1" ang="90,0,0" color="0,220,0" radius="0.5" length="4" />
		<capsule pos="12.650000000000006,-8.25,-14.949999999999996" vel="0,0,0" mass="1" elasticityCoef="1" ang="90,0,0" color="0,220,0" radius="0.5" length="4" />
		<capsule pos="12.650000000000006,-8.25,-12.649999999999995" vel="0,0,0" mass="1" elasticityCoef="1" ang="90,0,0" color="0,220,0" radius="0.5" length="4" />
		<capsule pos="12.650000000000006,-8.25,-10.349999999999994" vel="0,0,0" mass="1" elasticityCoef="1" ang="90,0,0" color="0,220,0" radius="0.5" length="4" />
		<capsule pos="12.650000000000006,-8.25,-8.049999999999997" vel="0,0,0" mass="1" elasticityCoef="1" ang="90,0,0" color="0,220,0" radius="0.5" length="4" />
		<capsule pos="12.650000000000006,-8.25,-5.7499999999999964" vel="0,0,0" mass="1" elasticityCoef="1" ang="90,0,0" color="0,220,0" radius="0.5" length="4" />
		<capsule pos="12.650000000000006,-8.25,-3.4499999999999957" vel="0,0,0" mass="1" elasticityCoef="1" ang="90,0,0" color="0,220,0" radius="0.5" length="4" />
		<capsule pos="12.650000000000006,-8.25,-1.1499999999999986" vel="0,0,0" mass="1" elasticityCoef="1" ang="90,0,0" color="0,220,0" radius="0.5" length="4" />
		<capsule pos="12.650000000000006,-8.25,1.1500000000000057" vel="0,0,0" mass="1" elasticityCoef="1" ang="90,0,0" color="0,220,0" radius="0.5" length="4" />
		<capsule pos="12.650000000000006,-8.25,3.450000000000003" vel="0,0,0" mass="1" elasticityCoef="1" ang="90,0,0" color="0,220,0" radius="0.5" length="4" />
		<capsule pos="12.650000000000006,-8.25,5.75" vel="0,0,0" mass="1" elasticityCoef="1" ang="90,0,0" color="0,220,0" radius="0.5" length="4" />
		<capsule pos="12.650000000000006,-8.25,8.050000000000004" vel="0,0,0" mass="1" elasticityCoef="1" ang="90,0,0" color="0,220,0" radius="0.5" length="4" />
		<capsule pos="12.650000000000006,-8.25,10.350000000000001" vel="0,0,0" mass="1" elasticityCoef="1" ang="90,0,0" color="0,220,0" radius="0.5" length="4" />
		<capsule pos="12.650000000000006,-8.25,12.650000000000006" vel="0,0,0" mass="1" elasticityCoef="1" ang="90,0,0" color="0,220,0" radius="0.5" length="4" />
		<capsule pos="12.650000000000006,-8.25,14.950000000000003" vel="0,0,0" mass="1" elasticityCoef="1" ang="90,0,0" color="0,220,0" radius="0.5" length="4" />
		<capsule pos="12.650000000000006,-8.25,17.25" vel="0,0,0" mass="1" elasticityCoef="1" ang="90,0,0" color="0,220,0" radius="0.5" length="4" />
		<capsule pos="12.650000000000006,-8.25,19.550000000000004" vel="0,0,0" mass="1" elasticityCoef="1" ang="90,0,0" color="0,220,0" radius="0.5" length="4" />
		<capsule pos="12.650000000000006,-8.25,21.85" vel="0,0,0" mass="1" elasticityCoef="1" ang="90,0,0" color="0,220,0" radius="0.5" length="4" />
		<capsule pos="12.650000000000006,-8.25,24.15" vel="0,0,0" mass="1" elasticityCoef="1" ang="90,0,0" color="0,220,0" radius="0.5" length="4" />
		<capsule pos="12.650000000000006,-8.25,26.450000000000003" vel="0,0,0" mass="1" elasticityCoef="1" ang="90,0,0" color="0,220,0" radius="0.5" length="4" />
		<capsule pos="12.650000000000006,-8.25,28.75" vel="0,0,0" mass="1" elasticityCoef="1" ang="90,0,0" color="0,220,0" radius="0.5" length="4" />
		<capsule pos="12.650000000000006,-8.25,31.049999999999997" vel="0,0,0" mass="1" elasticityCoef="1" ang="90,0,0" color="0,220,0" radius="0.5" length="4" />
		<capsule pos="12.650000000000006,-2.75,-33.349999999999994" vel="0,0,0" mass="1" elasticityCoef="1" ang="90,0,0" color="0,220,0" radius="0.5" length="4" />
		<capsule pos="12.650000000000006,-2.75,-31.049999999999994" vel="0,0,0" mass="1" elasticityCoef="1" ang="90,0,0" color="0,220,0" radius="0.5" length="4" />
		<capsule pos="12.650000000000006,-2.75,-28.749999999999993" vel="0,0,0" mass="1" elasticityCoef="1" ang="90,0,0" color="0,220,0" radius="0.5" length="4" />
		<capsule pos="12.650000000000006,-2.75,-26.449999999999996" vel="0,0,0" mass="1" elasticityCoef="1" ang="90,0,0" color="0,220,0" radius="0.5" length="4" />
		<capsule pos="12.650000000000006,-2.75,-24.149999999999995" vel="0,0,0" mass="1" elasticityCoef="1" ang="90,0,0" color="0,220,0" radius="0.5" length="4" />
		<capsule pos="12.650000000000006,-2.75,-21.849999999999994" vel="0,0,0" mass="1" elasticityCoef="1" ang="90,0,0" color="0,220,0" radius="0.5" length="4" />
		<capsule pos="12.650000000000006,-2.75,-19.549999999999997" vel="0,0,0" mass="1" elasticityCoef="1" ang="90,0,0" color="0,220,0" radius="0.5" length="4" />
		<capsule pos="12.650000000000006,-2.75,-17.249999999999996" vel="0,0,0" mass="1" elasticityCoef="1" ang="90,0,0" color="0,220,0" radius="0.5" length="4" />
		<capsule pos="12.650000000000006,-2.75,-14.949999999999996" vel="0,0,0" mass="1" elasticityCoef="1" ang="90,0,0" color="0,220,0" radius="0.5" length="4" />
		<capsule pos="12.650000000000006,-2.75,-12.649999999999995" vel="0,0,0" mass="1" elasticityCoef="1" ang="90,0,0" color="0,220,0" radius="0.5" length="4" />
		<capsule pos="12.650000000000006,-2.75,-10.349999999999994" vel="0,0,0" mass="1" elasticityCoef="1" ang="90,0,0" color="0,220,0" radius="0.5" length="4" />
		<capsule pos="12.650000000000006,-2.75,-8.049999999999997" vel="0,0,0" mass="1" elasticityCoef="1" ang="90,0,0" color="0,220,0" radius="0.5" length="4" />
		<capsule pos="12.650000000000006,-2.75,-5.7499999999999964" vel="0,0,0" mass="1" elasticityCoef="1" ang="90,0,0" color="0,220,0" radius="0.5" length="4" />
		<capsule pos="12.650000000000006,-2.75,-3.4499999999999957" vel="0,0,0" mass="1" elasticityCoef="1" ang="90,0,0" color="0,220,0" radius="0.5" length="4" />
		<capsule pos="12.650000000000006,-2.75,-1.1499999999999986" vel="0,0,0" mass="1" elasticityCoef="1" ang="90,0,0" color="0,220,0" radius="0.5" length="4" />
		<capsule pos="12.650000000000006,-2.75,1.1500000000000057" vel="0,0,0" mass="1" elasticityCoef="1" ang="90,0,0" color="0,220,0" radius="0.5" length="4" />
		<capsule pos="12.650000000000006,-2.75,3.450000000000003" vel="0,0,0" mass="1" elasticityCoef="1" ang="90,0,0" color="0,220,0" radius="0.5" length="4" />
		<capsule pos="12.650000000000006,-2.75,5.75" vel="0,0,0" mass="1" elasticityCoef="1" ang="90,0,0" color="0,220,0" radius="0.5" length="4" />
		<capsule pos="12.650000000000006,-2.75,8.050000000000004" vel="0,0,0" mass="1" elasticityCoef="1" ang="90,0,0" color="0,220,0" radius="0.5" length="4" />
		<capsule pos="12.650000000000006,-2.75,10.350000000000001" vel="0,0,0" mass="1" elasticityCoef="1" ang="90,0,0" color="0,220,0" radius="0.5" length="4" />
		<capsule pos="12.650000000000006,-2.75,12.650000000000006" vel="0,0,0" mass="1" elasticityCoef="1" ang="90,0,0" color="0,220,0" radius="0.5" length="4" />
		<capsule pos="12.650000000000006,-2.75,14.950000000000003" vel="0,0,0" mass="1" elasticityCoef="1" ang="90,0,0" color="0,220,0" radius="0.5" length="4" />
		<capsule pos="12.650000000000006,-2.75,17.25" vel="0,0,0" mass="1" elasticityCoef="1" ang="90,0,0" color="0,220,0" radius="0.5" length="4" />
		<capsule pos="12.650000000000006,-2.75,19.550000000000004" vel="0,0,0" mass="1" elasticityCoef="1" ang="90,0,0" color="0,220,0" radius="0.5" length="4" />
		<capsule pos="12.650000000000006,-2.75,21.85" vel="0,0,0" mass="1" elasticityCoef="1" ang="90,0,0" color="0,220,0" radius="0.5" length="4" />
		<capsule pos="12.650000000000006,-2.75,24.15" vel="0,0,0" mass="1" elasticityCoef="1" ang="90,0,0" color="0,220,0" radius="0.5" length="4" />
		<capsule pos="12.650000000000006,-2.75,26.450000000000003" vel="0,0,0" mass="1" elasticityCoef="1" ang="90,0,0" color="0,220,0" radius="0.5" length="4" />
		<capsule pos="12.650000000000006,-2.75,28.75" vel="0,0,0" mass="1" elasticityCoef="1" ang="90,0,0" color="0,220,0" radius="0.5" length="4" />
		<capsule pos="12.650000000000006,-2.75,31.049999999999997" vel="0,0,0" mass="1" elasticityCoef="1" ang="90,0,0" color="0,220,0" radius="0.5" length="4" />
		<capsule pos="12.650000000000006,2.75,-33.349999999999994" vel="0,0,0" mass="1" elasticityCoef="1" ang="90,0,0" color="0,220,0" radius="0.5" length="4" />
		<capsule pos="12.650000000000006,2.75,-31.049999999999994" vel="0,0,0" mass="1" elasticityCoef="1" ang="90,0,0" color="0,220,0" radius="0.5" length="4" />
		<capsule pos="12.650000000000006,2.75,-28.749999999999993" vel="0,0,0" mass="1" elasticityCoef="1" ang="90,0,0" color="0,220,0" radius="0.5" length="4" />
		<capsule pos="12.650000000000006,2.75,-26.449999999999996" vel="0,0,0" mass="1" elasticityCoef="1" ang="90,0,0" color="0,220,0" radius="0.5" length="4" />
		<capsule pos="12.650000000000006,2.75,-24.149999999999995" vel="0,0,0" mass="1" elasticityCoef="1" ang="90,0,0" color="0,220,0" radius="0.5" length="4" />
		<capsule pos="12.650000000000006,2.75,-21.849999999999994" vel="0,0,0" mass="1" elasticityCoef="1" ang="90,0,0" color="0,220,0" radius="0.5" length="4" />
		<capsule pos="12.650000000000006,2.75,-19.549999999999997" vel="0,0,0" mass="1" elasticityCoef="1" ang="90,0,0" color="0,220,0" radius="0.5" length="4" />
		<capsule pos="12.650000000000006,2.75,-17.249999999999996" vel="0,0,0" mass="1" elasticityCoef="1" ang="90,0,0" color="0,220,0" radius="0.5" length="4" />
		<capsule pos="12.650000000000006,2.75,-14.949999999999996" vel="0,0,0" mass="1" elasticityCoef="1" ang="90,0,0" color="0,220,0" radius="0.5" length="4" />
		<capsule pos="12.650000000000006,2.75,-12.649999999999995" vel="0,0,0" mass="1" elasticityCoef="1" ang="90,0,0" color="0,220,0" radius="0.5" length="4" />
		<capsule pos="12.650000000000006,2.75,-10.349999999999994" vel="0,0,0" mass="1" elasticityCoef="1" ang="90,0,0" color="0,220,0" radius="0.5" length="4" />
		<capsule pos="12.650000000000006,2.75,-8.049999999999997" vel="0,0,0" mass="1" elasticityCoef="1" ang="90,0,0" color="0,220,0" radius="0.5" length="4" />
		<capsule pos="12.650000000000006,2.75,-5.7499999999999964" vel="0,0,0" mass="1" elasticityCoef="1" ang="90,0,0" color="0,220,0" radius="0.5" length="4" />
		<capsule pos="12.650000000000006,2.75,-3.4499999999999957" vel="0,0,0" mass="1" elasticityCoef="1" ang="90,0,0" color="0,220,0" radius="0.5" length="4" />
		<capsule pos="12.650000000000006,2.75,-1.1499999999999986" vel="0,0,0" mass="1" elasticityCoef="1" ang="90,0,0" color="0,220,0" radius="0.5" length="4" />
		<capsule pos="12.650000000000006,2.75,1.1500000000000057" vel="0,0,0" mass="1" elasticityCoef="1" ang="90,0,0" color="0,220,0" radius="0.5" length="4" />
		<capsule pos="12.650000000000006,2.75,3.450000000000003" vel="0,0,0" mass="1" elasticityCoef="1" ang="90,0,0" color="0,220,0" radius="0.5" length="4" />
		<capsule pos="12.650000000000006,2.75,5.75" vel="0,0,0" mass="1" elasticityCoef="1" ang="90,0,0" color="0,220,0" radius="0.5" length="4" />
		<capsule pos="12.650000000000006,2.75,8.050000000000004" vel="0,0,0" mass="1" elasticityCoef="1" ang="90,0,0" color="0,220,0" radius="0.5" length="4" />
		<capsule pos="12.650000000000006,2.75,10.350000000000001" vel="0,0,0" mass="1" elasticityCoef="1" ang="90,0,0" color="0,220,0" radius="0.5" length="4" />
		<capsule pos="12.650000000000006,2.75,12.650000000000006" vel="0,0,0" mass="1" elasticityCoef="1" ang="90,0,0" color="0,220,0" radius="0.5" length="4" />
		<capsule pos="12.650000000000006,2.75,14.950000000000003" vel="0,0,0" mass="1" elasticityCoef="1" ang="90,0,0" color="0,220,0" radius="0.5" length="4" />
		<capsule pos="12.650000000000006,2.75,17.25" vel="0,0,0" mass="1" elasticityCoef="1" ang="90,0,0" color="0,220,0" radius="0.5" length="4" />
		<capsule pos="12.650000000000006,2.75,19.550000000000004" vel="0,0,0" mass="1" elasticityCoef="1" ang="90,0,0" color="0,220,0" radius="0.5" length="4" />
		<capsule pos="12.650000000000006,2.75,21.85" vel="0,0,0" mass="1" elasticityCoef="1" ang="90,0,0" color="0,220,0" radius="0.5" length="4" />
		<capsule pos="12.650000000000006,2.75,24.15" vel="0,0,0" mass="1" elasticityCoef="1" ang="90,0,0" color="0,220,0" radius="0.5" length="4" />
		<capsule pos="12.650000000000006,2.75,26.450000000000003" vel="0,0,0" mass="1" elasticityCoef="1" ang="90,0,0" color="0,220,0" radius="0.5" length="4" />
		<capsule pos="12.650000000000006,2.75,28.75" vel="0,0,0" mass="1" elasticityCoef="1" ang="90,0,0" color="0,220,0" radius="0.5" length="4" />
		<capsule pos="12.650000000000006,2.75,31.049999999999997" vel="0,0,0" mass="1" elasticityCoef="1" ang="90,0,0" color="0,220,0" radius="0.5" length="4" />
		<capsule pos="12.650000000000006,8.25,-33.349999999999994" vel="0,0,0" mass="1" elasticityCoef="1" ang="90,0,0" color="0,220,0" radius="0.5" length="4" />
		<capsule pos="12.650000000000006,8.25,-31.049999999999994" vel="0,0,0" mass="1" elasticityCoef="1" ang="90,0,0" color="0,220,0" radius="0.5" length="4" />
		<capsule pos="12.650000000000006,8.25,-28.749999999999993" vel="0,0,0" mass="1" elasticityCoef="1" ang="90,0,0" color="0,220,0" radius="0.5" length="4" />
		<capsule pos="12.650000000000006,8.25,-26.449999999999996" vel="0,0,0" mass="1" elasticityCoef="1" ang="90,0,0" color="0,220,0" radius="0.5" length="4" />
		<capsule pos="12.650000000000006,8.25,-24.149999999999995" vel="0,0,0" mass="1" elasticityCoef="1" ang="90,0,0" color="0,220,0" radius="0.5" length="4" />
		<capsule pos="12.650000000000006,8.25,-21.849999999999994" vel="0,0,0" mass="1" elasticityCoef="1" ang="90,0,0" color="0,220,0" radius="0.5" length="4" />
		<capsule pos="12.650000000000006,8.25,-19.549999999999997" vel="0,0,0" mass="1" elasticityCoef="1" ang="90,0,0" color="0,220,0" radius="0.5" length="4" />
		<capsule pos="12.650000000000006,8.25,-17.249999999999996" vel="0,0,0" mass="1" elasticityCoef="1" ang="90,0,0" color="0,220,0" radius="0.5" length="4" />
		<capsule pos="12.650000000000006,8.25,-14.949999999999996" vel="0,0,0" mass="1" elasticityCoef="1" ang="90,0,0" color="0,220,0" radius="0.5" length="4" />
		<capsule pos="12.650000000000006,8.25,-12.649999999999995" vel="0,0,0" mass="1" elasticityCoef="1" ang="90,0,0" color="0,220,0" radius="0.5" length="4" />
		<capsule pos="12.650000000000006,8.25,-10.349999999999994" vel="0,0,0" mass="1" elasticityCoef="1" ang="90,0,0" color="0,220,0" radius="0.5" length="4" />
		<capsule pos="12.650000000000006,8.25,-8.049999999999997" vel="0,0,0" mass="1" elasticityCoef="1" ang="90,0,0" color="0,220,0" radius="0.5" length="4" />
		<capsule pos="12.650000000000006,8.25,-5.7499999999999964" vel="0,0,0" mass="1" elasticityCoef="1" ang="90,0,0" color="0,220,0" radius="0.5" length="4" />
		<capsule pos="12.650000000000006,8.25,-3.4499999999999957" vel="0,0,0" mass="1" elasticityCoef="1" ang="90,0,0" color="0,220,0" radius="0.5" length="4" />
		<capsule pos="12.650000000000006,8.25,-1.1499999999999986" vel="0,0,0" mass="1" elasticityCoef="1" ang="90,0,0" color="0,220,0" radius="0.5" length="4" />
		<capsule pos="12.650000000000006,8.25,1.1500000000000057" vel="0,0,0" mass="1" elasticityCoef="1" ang="90,0,0" color="0,220,0" radius="0.5" length="4" />
		<capsule pos="12.650000000000006,8.25,3.450000000000003" vel="0,0,0" mass="1" elasticityCoef="1" ang="90,0,0" color="0,220,0" radius="0.5" length="4" />
		<capsule pos="12.650000000000006,8.25,5.75" vel="0,0,0" mass="1" elasticityCoef="1" ang="90,0,0" color="0,220,0" radius="0.5" length="4" />
		<capsule pos="12.650000000000006,8.25,8.050000000000004" vel="0,0,0" mass="1" elasticityCoef="1" ang="90,0,0" color="0,220,0" radius="0.5" length="4" />
		<capsule pos="12.650000000000006,8.25,10.350000000000001" vel="0,0,0" mass="1" elasticityCoef="1" ang="90,0,0" color="0,220,0" radius="0.5" length="4" />
		<capsule pos="12.650000000000006,8.25,12.650000000000006" vel="0,0,0" mass="1" elasticityCoef="1" ang="90,0,0" color="0,220,0" radius="0.5" length="4" />
		<capsule pos="12.650000000000006,8.25,14.950000000000003" vel="0,0,0" mass="1" elasticityCoef="1" ang="90,0,0" color="0,220,0" radius="0.5" length="4" />
		<capsule pos="12.650000000000006,8.25,17.25" vel="0,0,0" mass="1" elasticityCoef="1" ang="90,0,0" color="0,220,0" radius="0.5" length="4" />
		<capsule pos="12.650000000000006,8.25,19.550000000000004" vel="0,0,0" mass="1" elasticityCoef="1" ang="90,0,0" color="0,220,0" radius="0.5" length="4" />
		<capsule pos="12.650000000000006,8.25,21.85" vel="0,0,0" mass="1" elasticityCoef="1" ang="90,0,0" color="0,220,0" radius="0.5" length="4" />
		<capsule pos="12.650000000000006,8.25,24.15" vel="0,0,0" mass="1" elasticityCoef="1" ang="90,0,0" color="0,220,0" radius="0.5" length="4" />
		<capsule pos="12.650000000000006,8.25,26.450000000000003" vel="0,0,0" mass="1" elasticityCoef="1" ang="90,0,0" color="0,220,0" radius="0.5" length="4" />
		<capsule pos="12.650000000000006,8.25,28.75" vel="0,0,0" mass="1" elasticityCoef="1" ang="90,0,0" color="0,220,0" radius="0.5" length="4" />
		<capsule pos="12.650000000000006,8.25,31.049999999999997" vel="0,0,0" mass="1" elasticityCoef="1" ang="90,0,0" color="0,220,0" radius="0.5" length="4" />
		<capsule pos="12.650000000000006,13.75,-33.349999999999994" vel="0,0,0" mass="1" elasticityCoef="1" ang="90,0,0" color="0,220,0" radius="0.5" length="4" />
		<capsule pos="12.650000000000006,13.75,-31.049999999999994" vel="0,0,0" mass="1" elasticityCoef="1" ang="90,0,0" color="0,220,0" radius="0.5" length="4" />
		<capsule pos="12.650000000000006,13.75,-28.749999999999993" vel="0,0,0" mass="1" elasticityCoef="1" ang="90,0,0" color="0,220,0" radius="0.5" length="4" />
		<capsule pos="12.650000000000006,13.75,-26.449999999999996" vel="0,0,0" mass="1" elasticityCoef="1" ang="90,0,0" color="0,220,0" radius="0.5" length="4" />
		<capsule pos="12.650000000000006,13.75,-24.149999999999995" vel="0,0,0" mass="1" elasticityCoef="1" ang="90,0,0" color="0,220,0" radius="0.5" length="4" />
		<capsule pos="12.650000000000006,13.75,-21.849999999999994" vel="0,0,0" mass="1" elasticityCoef="1" ang="90,0,0" color="0,220,0" radius="0.5" length="4" />
		<capsule pos="12.650000000000006,13.75,-19.549999999999997" vel="0,0,0" mass="1" elasticityCoef="1" ang="90,0,0" color="0,220,0" radius="0.5" length="4" />
		<capsule pos="12.650000000000006,13.75,-17.249999999999996" vel="0,0,0" mass="1" elasticityCoef="1" ang="90,0,0" color="0,220,0" radius="0.5" length="4" />
		<capsule pos="12.650000000000006,13.75,-14.949999999999996" vel="0,0,0" mass="1" elasticityCoef="1" ang="90,0,0" color="0,220,0" radius="0.5" length="4" />
		<capsule pos="12.650000000000006,13.75,-12.649999999999995" vel="0,0,0" mass="1" elasticityCoef="1" ang="90,0,0" color="0,220,0" radius="0.5" length="4" />
		<capsule pos="12.650000000000006,13.75,-10.349999999999994" vel="0,0,0" mass="1" elasticityCoef="1" ang="90,0,0" color="0,220,0" radius="0.5" length="4" />
		<capsule pos="12.650000000000006,13.75,-8.049999999999997" vel="0,0,0" mass="1" elasticityCoef="1" ang="90,0,0" color="0,220,0" radius="0.5" length="4" />
		<capsule pos="12.650000000000006,13.75,-5.7499999999999964" vel="0,0,0" mass="1" elasticityCoef="1" ang="90,0,0" color="0,220,0" radius="0.5" length="4" />
		<capsule pos="12.650000000000006,13.75,-3.4499999999999957" vel="0,0,0" mass="1" elasticityCoef="1" ang="90,0,0" color="0,220,0" radius="0.5" length="4" />
		<capsule pos="12.650000000000006,13.75,-1.1499999999999986" vel="0,0,0" mass="1" elasticityCoef="1" ang="90,0,0" color="0,220,0" radius="0.5" length="4" />
		<capsule pos="12.650000000000006,13.75,1.1500000000000057" vel="0,0,0" mass="1" elasticityCoef="1" ang="90,0,0" color="0,220,0" radius="0.5" length="4" />
		<capsule pos="12.650000000000006,13.75,3.450000000000003" vel="0,0,0" mass="1" elasticityCoef="1" ang="90,0,0" color="0,220,0" radius="0.5" length="4" />
		<capsule pos="12.650000000000006,13.75,5.75" vel="0,0,0" mass="1" elasticityCoef="1" ang="90,0,0" color="0,220,0" radius="0.5" length="4" />
		<capsule pos="12.650000000000006,13.75,8.050000000000004" vel="0,0,0" mass="1" elasticityCoef="1" ang="90,0,0" color="0,220,0" radius="0.5" length="4" />
		<capsule pos="12.650000000000006,13.75,10.350000000000001" vel="0,0,0" mass="1" elasticityCoef="1" ang="90,0,0" color="0,220,0" radius="0.5" length="4" />
		<capsule pos="12.650000000000006,13.75,12.650000000000006" vel="0,0,0" mass="1" elasticityCoef="1" ang="90,0,0" color="0,220,0" radius="0.5" length="4" />
		<capsule pos="12.650000000000006,13.75,14.950000000000003" vel="0,0,0" mass="1" elasticityCoef="1" ang="90,0,0" color="0,220,0" radius="0.5" length="4" />
		<capsule pos="12.650000000000006,13.75,17.25" vel="0,0,0" mass="1" elasticityCoef="1" ang="90,0,0" color="0,220,0" radius="0.5" length="4" />
		<capsule pos="12.650000000000006,13.75,19.550000000000004" vel="0,0,0" mass="1" elasticityCoef="1" ang="90,0,0" color="0,220,0" radius="0.5" length="4" />
		<capsule pos="12.650000000000006,13.75,21.85" vel="0,0,0" mass="1" elasticityCoef="1" ang="90,0,0" color="0,220,0" radius="0.5" length="4" />
		<capsule pos="12.650000000000006,13.75,24.15" vel="0,0,0" mass="1" elasticityCoef="1" ang="90,0,0" color="0,220,0" radius="0.5" length="4" />
		<capsule pos="12.650000000000006,13.75,26.450000000000003" vel="0,0,0" mass="1" elasticityCoef="1" ang="90,0,0" color="0,220,0" radius="0.5" length="4" />
		<capsule pos="12.650000000000006,13.75,28.75" vel="0,0,0" mass="1" elasticityCoef="1" ang="90,0,0" color="0,220,0" radius="0.5" length="4" />
		<capsule pos="12.650000000000006,13.75,31.049999999999997" vel="0,0,0" mass="1" elasticityCoef="1" ang="90,0,0" color="0,220,0" radius="0.5" length="4" />
		<capsule pos="12.650000000000006,19.25,-33.349999999999994" vel="0,0,0" mass="1" elasticityCoef="1" ang="90,0,0" color="0,220,0" radius="0.5" length="4" />
		<capsule pos="12.650000000000006,19.25,-31.049999999999994" vel="0,0,0" mass="1" elasticityCoef="1" ang="90,0,0" color="0,220,0" radius="0.5" length="4" />
		<capsule pos="12.650000000000006,19.25,-28.749999999999993" vel="0,0,0" mass="1" elasticityCoef="1" ang="90,0,0" color="0,220,0" radius="0.5" length="4" />
		<capsule pos="12.650000000000006,19.25,-26.449999999999996" vel="0,0,0" mass="1" elasticityCoef="1" ang="90,0,0" color="0,220,0" radius="0.5" length="4" />
		<capsule pos="12.650000000000006,19.25,-24.149999999999995" vel="0,0,0" mass="1" elasticityCoef="1" ang="90,0,0" color="0,220,0" radius="0.5" length="4" />
		<capsule pos="12.650000000000006,19.25,-21.849999999999994" vel="0,0,0" mass="1" elasticityCoef="1" ang="90,0,0" color="0,220,0" radius="0.5" length="4" />
		<capsule pos="12.650000000000006,19.25,-19.549999999999997" vel="0,0,0" mass="1" elasticityCoef="1" ang="90,0,0" color="0,220,0" radius="0.5" length="4" />
		<capsule pos="12.650000000000006,19.25,-17.249999999999996" vel="0,0,0" mass="1" elasticityCoef="1" ang="90,0,0" color="0,220,0" radius="0.5" length="4" />
		<capsule pos="12.650000000000006,19.25,-14.949999999999996" vel="0,0,0" mass="1" elasticityCoef="1" ang="90,0,0" color="0,220,0" radius="0.5" length="4" />
		<capsule pos="12.650000000000006,19.25,-12.649999999999995" vel="0,0,0" mass="1" elasticityCoef="1" ang="90,0,0" color="0,220,0" radius="0.5" length="4" />
		<capsule pos="12.650000000000006,19.25,-10.349999999999994" vel="0,0,0" mass="1" elasticityCoef="1" ang="90,0,0" color="0,220,0" radius="0.5" length="4" />
		<capsule pos="12.650000000000006,19.25,-8.049999999999997" vel="0,0,0" mass="1" elasticityCoef="1" ang="90,0,0" color="0,220,0" radius="0.5" length="4" />
		<capsule pos="12.650000000000006,19.25,-5.7499999999999964" vel="0,0,0" mass="1" elasticityCoef="1" ang="90,0,0" color="0,220,0" radius="0.5" length="4" />
		<capsule pos="12.650000000000006,19.25,-3.4499999999999957" vel="0,0,0" mass="1" elasticityCoef="1" ang="90,0,0" color="0,220,0" radius="0.5" length="4" />
		<capsule pos="12.650000000000006,19.25,-1.1499999999999986" vel="0,0,0" mass="1" elasticityCoef="1" ang="90,0,0" color="0,220,0" radius="0.5" length="4" />
		<capsule pos="12.650000000000006,19.25,1.1500000000000057" vel="0,0,0" mass="1" elasticityCoef="1" ang="90,0,0" color="0,220,0" radius="0.5" length="4" />
		<capsule pos="12.650000000000006,19.25,3.450000000000003" vel="0,0,0" mass="1" elasticityCoef="1" ang="90,0,0" color="0,220,0" radius="0.5" length="4" />
		<capsule pos="12.650000000000006,19.25,5.75" vel="0,0,0" mass="1" elasticityCoef="1" ang="90,0,0" color="0,220,0" radius="0.5" length="4" />
		<capsule pos="12.650000000000006,19.25,8.050000000000004" vel="0,0,0" mass="1" elasticityCoef="1" ang="90,0,0" color="0,220,0" radius="0.5" length="4" />
		<capsule pos="12.650000000000006,19.25,10.350000000000001" vel="0,0,0" mass="1" elasticityCoef="1" ang="90,0,0" color="0,220,0" radius="0.5" length="4" />
		<capsule pos="12.650000000000006,19.25,12.650000000000006" vel="0,0,0" mass="1" elasticityCoef="1" ang="90,0,0" color="0,220,0" radius="0.5" length="4" />
		<capsule pos="12.650000000000006,19.25,14.950000000000003" vel="0,0,0" mass="1" elasticityCoef="1" ang="90,0,0" color="0,220,0" radius="0.5" length="4" />
		<capsule pos="12.650000000000006,19.25,17.25" vel="0,0,0" mass="1" elasticityCoef="1" ang="90,0,0" color="0,220,0" radius="0.5" length="4" />
		<capsule pos="12.650000000000006,19.25,19.550000000000004" vel="0,0,0" mass="1" elasticityCoef="1" ang="90,0,0" color="0,220,0" radius="0.5" length="4" />
		<capsule pos="12.650000000000006,19.25,21.85" vel="0,0,0" mass="1" elasticityCoef="1" ang="90,0,0" color="0,220,0" radius="0.5" length="4" />
		<capsule pos="12.650000000000006,19.25,24.15" vel="0,0,0" mass="1" elasticityCoef="1" ang="90,0,0" color="0,220,0" radius="0.5" length="4" />
		<capsule pos="12.650000000000006,19.25,26.450000000000003" vel="0,0,0" mass="1" elasticityCoef="1" ang="90,0,0" color="0,220,0" radius="0.5" length="4" />
		<capsule pos="12.650000000000006,19.25,28.75" vel="0,0,0" mass="1" elasticityCoef="1" ang="90,0,0" color="0,220,0" radius="0.5" length="4" />
		<capsule pos="12.650000000000006,19.25,31.049999999999997" vel="0,0,0" mass="1" elasticityCoef="1" ang="90,0,0" color="0,220,0" radius="0.5" length="4" />
		<capsule pos="12.650000000000006,24.75,-33.349999999999994" vel="0,0,0" mass="1" elasticityCoef="1" ang="90,0,0" color="0,220,0" radius="0.5" length="4" />
		<capsule pos="12.650000000000006,24.75,-31.049999999999994" vel="0,0,0" mass="1" elasticityCoef="1" ang="90,0,0" color="0,220,0" radius="0.5" length="4" />
		<capsule pos="12.650000000000006,24.75,-28.749999999999993" vel="0,0,0" mass="1" elasticityCoef="1" ang="90,0,0" color="0,220,0" radius="0.5" length="4" />
		<capsule pos="12.650000000000006,24.75,-26.449999999999996" vel="0,0,0" mass="1" elasticityCoef="1" ang="90,0,0" color="0,220,0" radius="0.5" length="4" />
		<capsule pos="12.650000000000006,24.75,-24.149999999999995" vel="0,0,0" mass="1" elasticityCoef="1" ang="90,0,0" color="0,220,0" radius="0.5" length="4" />
		<capsule pos="12.650000000000006,24.75,-21.849999999999994" vel="0,0,0" mass="1" elasticityCoef="1" ang="90,0,0" color="0,220,0" radius="0.5" length="4" />
		<capsule pos="12.650000000000006,24.75,-19.549999999999997" vel="0,0,0" mass="1" elasticityCoef="1" ang="90,0,0" color="0,220,0" radius="0.5" length="4" />
		<capsule pos="12.650000000000006,24.75,-17.249999999999996" vel="0,0,0" mass="1" elasticityCoef="1" ang="90,0,0" color="0,220,0" radius="0.5" length="4" />
		<capsule pos="12.650000000000006,24.75,-14.949999999999996" vel="0,0,0" mass="1" elasticityCoef="1" ang="90,0,0" color="0,220,0" radius="0.5" length="4" />
		<capsule pos="12.650000000000006,24.75,-12.649999999999995" vel="0,0,0" mass="1" elasticityCoef="1" ang="90,0,0" color="0,220,0" radius="0.5" length="4" />
		<capsule pos="12.650000000000006,24.75,-10.349999999999994" vel="0,0,0" mass="1" elasticityCoef="1" ang="90,0,0" color="0,220,0" radius="0.5" length="4" />
		<capsule pos="12.650000000000006,24.75,-8.049999999999997" vel="0,0,0" mass="1" elasticityCoef="1" ang="90,0,0" color="0,220,0" radius="0.5" length="4" />
		<capsule pos="12.650000000000006,24.75,-5.7499999999999964" vel="0,0,0" mass="1" elasticityCoef="1" ang="90,0,0" color="0,220,0" radius="0.5" length="4" />
		<capsule pos="12.650000000000006,24.75,-3.4499999999999957" vel="0,0,0" mass="1" elasticityCoef="1" ang="90,0,0" color="0,220,0" radius="0.5" length="4" />
		<capsule pos="12.650000000000006,24.75,-1.1499999999999986" vel="0,0,0" mass="1" elasticityCoef="1" ang="90,0,0" color="0,220,0" radius="0.5" length="4" />
		<capsule pos="12.650000000000006,24.75,1.1500000000000057" vel="0,0,0" mass="1" elasticityCoef="1" ang="90,0,0" color="0,220,0" radius="0.5" length="4" />
		<capsule pos="12.650000000000006,24.75,3.450000000000003" vel="0,0,0" mass="1" elasticityCoef="1" ang="90,0,0" color="0,220,0" radius="0.5" length="4" />
		<capsule pos="12.650000000000006,24.75,5.75" vel="0,0,0" mass="1" elasticityCoef="1" ang="90,0,0" color="0,220,0" radius="0.5" length="4" />
		<capsule pos="12.650000000000006,24.75,8.050000000000004" vel="0,0,0" mass="1" elasticityCoef="1" ang="90,0,0" color="0,220,0" radius="0.5" length="4" />
		<capsule pos="12.650000000000006,24.75,10.350000000000001" vel="0,0,0" mass="1" elasticityCoef="1" ang="90,0,0" color="0,220,0" radius="0.5" length="4" />
		<capsule pos="12.650000000000006,24.75,12.650000000000006" vel="0,0,0" mass="1" elasticityCoef="1" ang="90,0,0" color="0,220,0" radius="0.5" length="4" />
		<capsule pos="12.650000000000006,24.75,14.950000000000003" vel="0,0,0" mass="1" elasticityCoef="1" ang="90,0,0" color="0,220,0" radius="0.5" length="4" />
		<capsule pos="12.650000000000006,24.75,17.25" vel="0,0,0" mass="1" elasticityCoef="1" ang="90,0,0" color="0,220,0" radius="0.5" length="4" />
		<capsule pos="12.650000000000006,24.75,19.550000000000004" vel="0,0,0" mass="1" elasticityCoef="1" ang="90,0,0" color="0,220,0" radius="0.5" length="4" />
		<capsule pos="12.650000000000006,24.75,21.85" vel="0,0,0" mass="1" elasticityCoef="1" ang="90,0,0" color="0,220,0" radius="0.5" length="4" />
		<capsule pos="12.650000000000006,24.75,24.15" vel="0,0,0" mass="1" elasticityCoef="1" ang="90,0,0" color="0,220,0" radius="0.5" length="4" />
		<capsule pos="12.650000000000006,24.75,26.450000000000003" vel="0,0,0" mass="1" elasticityCoef="1" ang="90,0,0" color="0,220,0" radius="0.5" length="4" />
		<capsule pos="12.650000000000006,24.75,28.75" vel="0,0,0" mass="1" elasticityCoef="1" ang="90,0,0" color="0,220,0" radius="0.5" length="4" />
		<capsule pos="12.650000000000006,24.75,31.049999999999997" vel="0,0,0" mass="1" elasticityCoef="1" ang="90,0,0" color="0,220,0" radius="0.5" length="4" />
		<capsule pos="12.650000000000006,30.25,-33.349999999999994" vel="0,0,0" mass="1" elasticityCoef="1" ang="90,0,0" color="0,220,0" radius="0.5" length="4" />
		<capsule pos="12.650000000000006,30.25,-31.049999999999994" vel="0,0,0" mass="1" elasticityCoef="1" ang="90,0,0" color="0,220,0" radius="0.5" length="4" />
		<capsule pos="12.650000000000006,30.25,-28.749999999999993" vel="0,0,0" mass="1" elasticityCoef="1" ang="90,0,0" color="0,220,0" radius="0.5" length="4" />
		<capsule pos="12.650000000000006,30.25,-26.449999999999996" vel="0,0,0" mass="1" elasticityCoef="1" ang="90,0,0" color="0,220,0" radius="0.5" length="4" />
		<capsule pos="12.650000000000006,30.25,-24.149999999999995" vel="0,0,0" mass="1" elasticityCoef="1" ang="90,0,0" color="0,220,0" radius="0.5" length="4" />
		<capsule pos="12.650000000000006,30.25,-21.849999999999994" vel="0,0,0" mass="1" elasticityCoef="1" ang="90,0,0" color="0,220,0" radius="0.5" length="4" />
		<capsule pos="12.650000000000006,30.25,-19.549999999999997" vel="0,0,0" mass="1" elasticityCoef="1" ang="90,0,0" color="0,220,0" radius="0.5" length="4" />
		<capsule pos="12.650000000000006,30.25,-17.249999999999996" vel="0,0,0" mass="1" elasticityCoef="1" ang="90,0,0" color="0,220,0" radius="0.5" length="4" />
		<capsule pos="12.650000000000006,30.25,-14.949999999999996" vel="0,0,0" mass="1" elasticityCoef="1" ang="90,0,0" color="0,220,0" radius="0.5" length="4" />
		<capsule pos="12.650000000000006,30.25,-12.649999999999995" vel="0,0,0" mass="1" elasticityCoef="1" ang="90,0,0" color="0,220,0" radius="0.5" length="4" />
		<capsule pos="12.650000000000006,30.25,-10.349999999999994" vel="0,0,0" mass="1" elasticityCoef="1" ang="90,0,0" color="0,220,0" radius="0.5" length="4" />
		<capsule pos="12.650000000000006,30.25,-8.049999999999997" vel="0,0,0" mass="1" elasticityCoef="1" ang="90,0,0" color="0,220,0" radius="0.5" length="4" />
		<capsule pos="12.650000000000006,30.25,-5.7499999999999964" vel="0,0,0" mass="1" elasticityCoef="1" ang="90,0,0" color="0,220,0" radius="0.5" length="4" />
		<capsule pos="12.650000000000006,30.25,-3.4499999999999957" vel="0,0,0" mass="1" elasticityCoef="1" ang="90,0,0" color="0,220,0" radius="0.5" length="4" />
		<capsule pos="12.650000000000006,30.25,-1.1499999999999986" vel="0,0,0" mass="1" elasticityCoef="1" ang="90,0,0" color="0,220,0" radius="0.5" length="4" />
		<capsule pos="12.650000000000006,30.25,1.1500000000000057" vel="0,0,0" mass="1" elasticityCoef="1" ang="90,0,0" color="0,220,0" radius="0.5" length="4" />
		<capsule pos="12.650000000000006,30.25,3.450000000000003" vel="0,0,0" mass="1" elasticityCoef="1" ang="90,0,0" color="0,220,0" radius="0.5" length="4" />
		<capsule pos="12.650000000000006,30.25,5.75" vel="0,0,0" mass="1" elasticityCoef="1" ang="90,0,0" color="0,220,0" radius="0.5" length="4" />
		<capsule pos="12.650000000000006,30.25,8.050000000000004" vel="0,0,0" mass="1" elasticityCoef="1" ang="90,0,0" color="0,220,0" radius="0.5" length="4" />
		<capsule pos="12.650000000000006,30.25,10.350000000000001" vel="0,0,0" mass="1" elasticityCoef="1" ang="90,0,0" color="0,220,0" radius="0.5" length="4" />
		<capsule pos="12.650000000000006,30.25,12.650000000000006" vel="0,0,0" mass="1" elasticityCoef="1" ang="90,0,0" color="0,220,0" radius="0.5" length="4" />
		<capsule pos="12.650000000000006,30.25,14.950000000000003" vel="0,0,0" mass="1" elasticityCoef="1" ang="90,0,0" color="0,220,0" radius="0.5" length="4" />
		<capsule pos="12.650000000000006,30.25,17.25" vel="0,0,0" mass="1" elasticityCoef="1" ang="90,0,0" color="0,220,0" radius="0.5" length="4" />
		<capsule pos="12.650000000000006,30.25,19.550000000000004" vel="0,0,0" mass="1" elasticityCoef="1" ang="90,0,0" color="0,220,0" radius="0.5" length="4" />
		<capsule pos="12.650000000000006,30.25,21.85" vel="0,0,0" mass="1" elasticityCoef="1" ang="90,0,0" color="0,220,0" radius="0.5" length="4" />
		<capsule pos="12.650000000000006,30.25,24.15" vel="0,0,0" mass="1" elasticityCoef="1" ang="90,0,0" color="0,220,0" radius="0.5" length="4" />
		<capsule pos="12.650000000000006,30.25,26.450000000000003" vel="0,0,0" mass="1" elasticityCoef="1" ang="90,0,0" color="0,220,0" radius="0.5" length="4" />
		<capsule pos="12.650000000000006,30.25,28.75" vel="0,0,0" mass="1" elasticityCoef="1" ang="90,0,0" color="0,220,0" radius="0.5" length="4" />
		<capsule pos="12.650000000000006,30.25,31.049999999999997" vel="0,0,0" mass="1" elasticityCoef="1" ang="90,0,0" color="0,220,0" radius="0.5" length="4" />
		<capsule pos="12.650000000000006,35.75,-33.349999999999994" vel="0,0,0" mass="1" elasticityCoef="1" ang="90,0,0" color="0,220,0" radius="0.5" length="4" />
		<capsule pos="12.650000000000006,35.75,-31.049999999999994" vel="0,0,0" mass="1" elasticityCoef="1" ang="90,0,0" color="0,220,0" radius="0.5" length="4" />
		<capsule pos="12.650000000000006,35.75,-28.749999999999993" vel="0,0,0" mass="1" elasticityCoef="1" ang="90,0,0" color="0,220,0" radius="0.5" length="4" />
		<capsule pos="12.650000000000006,35.75,-26.449999999999996" vel="0,0,0" mass="1" elasticityCoef="1" ang="90,0,0" color="0,220,0" radius="0.5" length="4" />
		<capsule pos="12.650000000000006,35.75,-24.149999999999995" vel="0,0,0" mass="1" elasticityCoef="1" ang="90,0,0" color="0,220,0" radius="0.5" length="4" />
		<capsule pos="12.650000000000006,35.75,-21.849999999999994" vel="0,0,0" mass="1" elasticityCoef="1" ang="90,0,0" color="0,220,0" radius="0.5" length="4" />
		<capsule pos="12.650000000000006,35.75,-19.549999999999997" vel="0,0,0" mass="1" elasticityCoef="1" ang="90,0,0" color="0,220,0" radius="0.5" length="4" />
		<capsule pos="12.650000000000006,35.75,-17.249999999999996" vel="0,0,0" mass="1" elasticityCoef="1" ang="90,0,0" color="0,220,0" radius="0.5" length="4" />
		<capsule pos="12.650000000000006,35.75,-14.949999999999996" vel="0,0,0" mass="1" elasticityCoef="1" ang="90,0,0" color="0,220,0" radius="0.5" length="4" />
		<capsule pos="12.650000000000006,35.75,-12.649999999999995" vel="0,0,0" mass="1" elasticityCoef="1" ang="90,0,0" color="0,220,0" radius="0.5" length="4" />
		<capsule pos="12.650000000000006,35.75,-10.349999999999994" vel="0,0,0" mass="1" elasticityCoef="1" ang="90,0,0" color="0,220,0" radius="0.5" length="4" />
		<capsule pos="12.650000000000006,35.75,-8.049999999999997" vel="0,0,0" mass="1" elasticityCoef="1" ang="90,0,0" color="0,220,0" radius="0.5" length="4" />
		<capsule pos="12.650000000000006,35.75,-5.7499999999999964" vel="0,0,0" mass="1" elasticityCoef="1" ang="90,0,0" color="0,220,0" radius="0.5" length="4" />
		<capsule pos="12.650000000000006,35.75,-3.4499999999999957" vel="0,0,0" mass="1" elasticityCoef="1" ang="90,0,0" color="0,220,0" radius="0.5" length="4" />
		<capsule pos="12.650000000000006,35.75,-1.1499999999999986" vel="0,0,0" mass="1" elasticityCoef="1" ang="90,0,0" color="0,220,0" radius="0.5" length="4" />
		<capsule pos="12.650000000000006,35.75,1.1500000000000057" vel="0,0,0" mass="1" elasticityCoef="1" ang="90,0,0" color="0,220,0" radius="0.5" length="4" />
		<capsule pos="12.650000000000006,35.75,3.450000000000003" vel="0,0,0" mass="1" elasticityCoef="1" ang="90,0,0" color="0,220,0" radius="0.5" length="4" />
		<capsule pos="12.650000000000006,35.75,5.75" vel="0,0,0" mass="1" elasticityCoef="1" ang="90,0,0" color="0,220,0" radius="0.5" length="4" />
		<capsule pos="12.650000000000006,35.75,8.050000000000004" vel="0,0,0" mass="1" elasticityCoef="1" ang="90,0,0" color="0,220,0" radius="0.5" length="4" />
		<capsule pos="12.650000000000006,35.75,10.350000000000001" vel="0,0,0" mass="1" elasticityCoef="1" ang="90,0,0" color="0,220,0" radius="0.5" length="4" />
		<capsule pos="12.650000000000006,35.75,12.650000000000006" vel="0,0,0" mass="1" elasticityCoef="1" ang="90,0,0" color="0,220,0" radius="0.5" length="4" />
		<capsule pos="12.650000000000006,35.75,14.950000000000003" vel="0,0,0" mass="1" elasticityCoef="1" ang="90,0,0" color="0,220,0" radius="0.5" length="4" />
		<capsule pos="12.650000000000006,35.75,17.25" vel="0,0,0" mass="1" elasticityCoef="1" ang="90,0,0" color="0,220,0" radius="0.5" length="4" />
		<capsule pos="12.650000000000006,35.75,19.550000000000004" vel="0,0,0" mass="1" elasticityCoef="1" ang="90,0,0" color="0,220,0" radius="0.5" length="4" />
		<capsule pos="12.650000000000006,35.75,21.85" vel="0,0,0" mass="1" elasticityCoef="1" ang="90,0,0" color="0,220,0" radius="0.5" length="4" />
		<capsule pos="12.650000000000006,35.75,24.15" vel="0,0,0" mass="1" elasticityCoef="1" ang="90,0,0" color="0,220,0" radius="0.5" length="4" />
		<capsule pos="12.650000000000006,35.75,26.450000000000003" vel="0,0,0" mass="1" elasticityCoef="1" ang="90,0,0" color="0,220,0" radius="0.5" length="4" />
		<capsule pos="12.650000000000006,35.75,28.75" vel="0,0,0" mass="1" elasticityCoef="1" ang="90,0,0" color="0,220,0" radius="0.5" length="4" />
		<capsule pos="12.650000000000006,35.75,31.049999999999997" vel="0,0,0" mass="1" elasticityCoef="1" ang="90,0,0" color="0,220,0" radius="0.5" length="4" />
		<capsule pos="14.950000000000003,-41.25,-33.349999999999994" vel="0,0,0" mass="1" elasticityCoef="1" ang="90,0,0" color="0,220,0" radius="0.5" length="4" />
		<capsule pos="14.950000000000003,-41.25,-31.049999999999994" vel="0,0,0" mass="1" elasticityCoef="1" ang="90,0,0" color="0,220,0" radius="0.5" length="4" />
		<capsule pos="14.950000000000003,-41.25,-28.749999999999993" vel="0,0,0" mass="1" elasticityCoef="1" ang="90,0,0" color="0,220,0" radius="0.5" length="4" />
		<capsule pos="14.950000000000003,-41.25,-26.449999999999996" vel="0,0,0" mass="1" elasticityCoef="1" ang="90,0,0" color="0,220,0" radius="0.5" length="4" />
		<capsule pos="14.950000000000003,-41.25,-24.149999999999995" vel="0,0,0" mass="1" elasticityCoef="1" ang="90,0,0" color="0,220,0" radius="0.5" length="4" />
		<capsule pos="14.950000000000003,-41.25,-21.849999999999994" vel="0,0,0" mass="1" elasticityCoef="1" ang="90,0,0" color="0,220,0" radius="0.5" length="4" />
		<capsule pos="14.950000000000003,-41.25,-19.549999999999997" vel="0,0,0" mass="1" elasticityCoef="1" ang="90,0,0" color="0,220,0" radius="0.5" length="4" />
		<capsule pos="14.950000000000003,-41.25,-17.249999999999996" vel="0,0,0" mass="1" elasticityCoef="1" ang="90,0,0" color="0,220,0" radius="0.5" length="4" />
		<capsule pos="14.950000000000003,-41.25,-14.949999999999996" vel="0,0,0" mass="1" elasticityCoef="1" ang="90,0,0" color="0,220,0" radius="0.5" length="4" />
		<capsule pos="14.950000000000003,-41.25,-12.649999999999995" vel="0,0,0" mass="1" elasticityCoef="1" ang="90,0,0" color="0,220,0" radius="0.5" length="4" />
		<capsule pos="14.950000000000003,-41.25,-10.349999999999994" vel="0,0,0" mass="1" elasticityCoef="1" ang="90,0,0" color="0,220,0" radius="0.5" length="4" />
		<capsule pos="14.950000000000003,-41.25,-8.049999999999997" vel="0,0,0" mass="1" elasticityCoef="1" ang="90,0,0" color="0,220,0" radius="0.5" length="4" />
		<capsule pos="14.950000000000003,-41.25,-5.7499999999999964" vel="0,0,0" mass="1" elasticityCoef="1" ang="90,0,0" color="0,220,0" radius="0.5" length="4" />
		<capsule pos="14.950000000000003,-41.25,-3.4499999999999957" vel="0,0,0" mass="1" elasticityCoef="1" ang="90,0,0" color="0,220,0" radius="0.5" length="4" />
		<capsule pos="14.950000000000003,-41.25,-1.1499999999999986" vel="0,0,0" mass="1" elasticityCoef="1" ang="90,0,0" color="0,220,0" radius="0.5" length="4" />
		<capsule pos="14.950000000000003,-41.25,1.1500000000000057" vel="0,0,0" mass="1" elasticityCoef="1" ang="90,0,0" color="0,220,0" radius="0.5" length="4" />
		<capsule pos="14.950000000000003,-41.25,3.450000000000003" vel="0,0,0" mass="1" elasticityCoef="1" ang="90,0,0" color="0,220,0" radius="0.5" length="4" />
		<capsule pos="14.950000000000003,-41.25,5.75" vel="0,0,0" mass="1" elasticityCoef="1" ang="90,0,0" color="0,220,0" radius="0.5" length="4" />
		<capsule pos="14.950000000000003,-41.25,8.050000000000004" vel="0,0,0" mass="1" elasticityCoef="1" ang="90,0,0" color="0,220,0" radius="0.5" length="4" />
		<capsule pos="14.950000000000003,-41.25,10.350000000000001" vel="0,0,0" mass="1" elasticityCoef="1" ang="90,0,0" color="0,220,0" radius="0.5" length="4" />
		<capsule pos="14.950000000000003,-41.25,12.650000000000006" vel="0,0,0" mass="1" elasticityCoef="1" ang="90,0,0" color="0,220,0" radius="0.5" length="4" />
		<capsule pos="14.950000000000003,-41.25,14.950000000000003" vel="0,0,0" mass="1" elasticityCoef="1" ang="90,0,0" color="0,220,0" radius="0.5" length="4" />
		<capsule pos="14.950000000000003,-41.25,17.25" vel="0,0,0" mass="1" elasticityCoef="1" ang="90,0,0" color="0,220,0" radius="0.5" length="4" />
		<capsule pos="14.950000000000003,-41.25,19.550000000000004" vel="0,0,0" mass="1" elasticityCoef="1" ang="90,0,0" color="0,220,0" radius="0.5" length="4" />
		<capsule pos="14.950000000000003,-41.25,21.85" vel="0,0,0" mass="1" elasticityCoef="1" ang="90,0,0" color="0,220,0" radius="0.5" length="4" />
		<capsule pos="14.950000000000003,-41.25,24.15" vel="0,0,0" mass="1" elasticityCoef="1" ang="90,0,0" color="0,220,0" radius="0.5" length="4" />
		<capsule pos="14.950000000000003,-41.25,26.450000000000003" vel="0,0,0" mass="1" elasticityCoef="1" ang="90,0,0" color="0,220,0" radius="0.5" length="4" />
		<capsule pos="14.950000000000003,-41.25,28.75" vel="0,0,0" mass="1" elasticityCoef="1" ang="90,0,0" color="0,220,0" radius="0.5" length="4" />
		<capsule pos="14.950000000000003,-41.25,31.049999999999997" vel="0,0,0" mass="1" elasticityCoef="1" ang="90,0,0" color="0,220,0" radius="0.5" length="4" />
		<capsule pos="14.950000000000003,-35.75,-33.349999999999994" vel="0,0,0" mass="1" elasticityCoef="1" ang="90,0,0" color="0,220,0" radius="0.5" length="4" />
		<capsule pos="14.950000000000003,-35.75,-31.049999999999994" vel="0,0,0" mass="1" elasticityCoef="1" ang="90,0,0" color="0,220,0" radius="0.5" length="4" />
		<capsule pos="14.950000000000003,-35.75,-28.749999999999993" vel="0,0,0" mass="1" elasticityCoef="1" ang="90,0,0" color="0,220,0" radius="0.5" length="4" />
		<capsule pos="14.950000000000003,-35.75,-26.449999999999996" vel="0,0,0" mass="1" elasticityCoef="1" ang="90,0,0" color="0,220,0" radius="0.5" length="4" />
		<capsule pos="14.950000000000003,-35.75,-24.149999999999995" vel="0,0,0" mass="1" elasticityCoef="1" ang="90,0,0" color="0,220,0" radius="0.5" length="4" />
		<capsule pos="14.950000000000003,-35.75,-21.849999999999994" vel="0,0,0" mass="1" elasticityCoef="1" ang="90,0,0" color="0,220,0" radius="0.5" length="4" />
		<capsule pos="14.950000000000003,-35.75,-19.549999999999997" vel="0,0,0" mass="1" elasticityCoef="1" ang="90,0,0" color="0,220,0" radius="0.5" length="4" />
		<capsule pos="14.950000000000003,-35.75,-17.249999999999996" vel="0,0,0" mass="1" elasticityCoef="1" ang="90,0,0" color="0,220,0" radius="0.5" length="4" />
		<capsule pos="14.950000000000003,-35.75,-14.949999999999996" vel="0,0,0" mass="1" elasticityCoef="1" ang="90,0,0" color="0,220,0" radius="0.5" length="4" />
		<capsule pos="14.950000000000003,-35.75,-12.649999999999995" vel="0,0,0" mass="1" elasticityCoef="1" ang="90,0,0" color="0,220,0" radius="0.5" length="4" />
		<capsule pos="14.950000000000003,-35.75,-10.349999999999994" vel="0,0,0" mass="1" elasticityCoef="1" ang="90,0,0" color="0,220,0" radius="0.5" length="4" />
		<capsule pos="14.950000000000003,-35.75,-8.049999999999997" vel="0,0,0" mass="1" elasticityCoef="1" ang="90,0,0" color="0,220,0" radius="0.5" length="4" />
		<capsule pos="14.950000000000003,-35.75,-5.7499999999999964" vel="0,0,0" mass="1" elasticityCoef="1" ang="90,0,0" color="0,220,0" radius="0.5" length="4" />
		<capsule pos="14.950000000000003,-35.75,-3.4499999999999957" vel="0,0,0" mass="1" elasticityCoef="1" ang="90,0,0" color="0,220,0" radius="0.5" length="4" />
		<capsule pos="14.950000000000003,-35.75,-1.1499999999999986" vel="0,0,0" mass="1" elasticityCoef="1" ang="90,0,0" color="0,220,0" radius="0.5" length="4" />
		<capsule pos="14.950000000000003,-35.75,1.1500000000000057" vel="0,0,0" mass="1" elasticityCoef="1" ang="90,0,0" color="0,220,0" radius="0.5" length="4" />
		<capsule pos="14.950000000000003,-35.75,3.450000000000003" vel="0,0,0" mass="1" elasticityCoef="1" ang="90,0,0" color="0,220,0" radius="0.5" length="4" />
		<capsule pos="14.950000000000003,-35.75,5.75" vel="0,0,0" mass="1" elasticityCoef="1" ang="90,0,0" color="0,220,0" radius="0.5" length="4" />
		<capsule pos="14.950000000000003,-35.75,8.050000000000004" vel="0,0,0" mass="1" elasticityCoef="1" ang="90,0,0" color="0,220,0" radius="0.5" length="4" />
		<capsule pos="14.950000000000003,-35.75,10.350000000000001" vel="0,0,0" mass="1" elasticityCoef="1" ang="90,0,0" color="0,220,0" radius="0.5" length="4" />
		<capsule pos="14.950000000000003,-35.75,12.650000000000006" vel="0,0,0" mass="1" elasticityCoef="1" ang="90,0,0" color="0,220,0" radius="0.5" length="4" />
		<capsule pos="14.950000000000003,-35.75,14.950000000000003" vel="0,0,0" mass="1" elasticityCoef="1" ang="90,0,0" color="0,220,0" radius="0.5" length="4" />
		<capsule pos="14.950000000000003,-35.75,17.25" vel="0,0,0" mass="1" elasticityCoef="1" ang="90,0,0" color="0,220,0" radius="0.5" length="4" />
		<capsule pos="14.950000000000003,-35.75,19.550000000000004" vel="0,0,0" mass="1" elasticityCoef="1" ang="90,0,0" color="0,220,0" radius="0.5" length="4" />
		<capsule pos="14.950000000000003,-35.75,21.85" vel="0,0,0" mass="1" elasticityCoef="1" ang="90,0,0" color="0,220,0" radius="0.5" length="4" />
		<capsule pos="14.950000000000003,-35.75,24.15" vel="0,0,0" mass="1" elasticityCoef="1" ang="90,0,0" color="0,220,0" radius="0.5" length="4" />
		<capsule pos="14.950000000000003,-35.75,26.450000000000003" vel="0,0,0" mass="1" elasticityCoef="1" ang="90,0,0" color="0,220,0" radius="0.5" length="4" />
		<capsule pos="14.950000000000003,-35.75,28.75" vel="0,0,0" mass="1" elasticityCoef="1" ang="90,0,0" color="0,220,0" radius="0.5" length="4" />
		<capsule pos="14.950000000000003,-35.75,31.049999999999997" vel="0,0,0" mass="1" elasticityCoef="1" ang="90,0,0" color="0,220,0" radius="0.5" length="4" />
		<capsule pos="14.950000000000003,-30.25,-33.349999999999994" vel="0,0,0" mass="1" elasticityCoef="1" ang="90,0,0" color="0,220,0" radius="0.5" length="4" />
		<capsule pos="14.950000000000003,-30.25,-31.049999999999994" vel="0,0,0" mass="1" elasticityCoef="1" ang="90,0,0" color="0,220,0" radius="0.5" length="4" />
		<capsule pos="14.950000000000003,-30.25,-28.749999999999993" vel="0,0,0" mass="1" elasticityCoef="1" ang="90,0,0" color="0,220,0" radius="0.5" length="4" />
		<capsule pos="14.950000000000003,-30.25,-26.449999999999996" vel="0,0,0" mass="1" elasticityCoef="1" ang="90,0,0" color="0,220,0" radius="0.5" length="4" />
		<capsule pos="14.950000000000003,-30.25,-24.149999999999995" vel="0,0,0" mass="1" elasticityCoef="1" ang="90,0,0" color="0,220,0" radius="0.5" length="4" />
		<capsule pos="14.950000000000003,-30.25,-21.849999999999994" vel="0,0,0" mass="1" elasticityCoef="1" ang="90,0,0" color="0,220,0" radius="0.5" length="4" />
		<capsule pos="14.950000000000003,-30.25,-19.549999999999997" vel="0,0,0" mass="1" elasticityCoef="1" ang="90,0,0" color="0,220,0" radius="0.5" length="4" />
		<capsule pos="14.950000000000003,-30.25,-17.249999999999996" vel="0,0,0" mass="1" elasticityCoef="1" ang="90,0,0" color="0,220,0" radius="0.5" length="4" />
		<capsule pos="14.950000000000003,-30.25,-14.949999999999996" vel="0,0,0" mass="1" elasticityCoef="1" ang="90,0,0" color="0,220,0" radius="0.5" length="4" />
		<capsule pos="14.950000000000003,-30.25,-12.649999999999995" vel="0,0,0" mass="1" elasticityCoef="1" ang="90,0,0" color="0,220,0" radius="0.5" length="4" />
		<capsule pos="14.950000000000003,-30.25,-10.349999999999994" vel="0,0,0" mass="1" elasticityCoef="1" ang="90,0,0" color="0,220,0" radius="0.5" length="4" />
		<capsule pos="14.950000000000003,-30.25,-8.049999999999997" vel="0,0,0" mass="1" elasticityCoef="1" ang="90,0,0" color="0,220,0" radius="0.5" length="4" />
		<capsule pos="14.950000000000003,-30.25,-5.7499999999999964" vel="0,0,0" mass="1" elasticityCoef="1" ang="90,0,0" color="0,220,0" radius="0.5" length="4" />
		<capsule pos="14.950000000000003,-30.25,-3.4499999999999957" vel="0,0,0" mass="1" elasticityCoef="1" ang="90,0,0" color="0,220,0" radius="0.5" length="4" />
		<capsule pos="14.950000000000003,-30.25,-1.1499999999999986" vel="0,0,0" mass="1" elasticityCoef="1" ang="90,0,0" color="0,220,0" radius="0.5" length="4" />
		<capsule pos="14.950000000000003,-30.25,1.1500000000000057" vel="0,0,0" mass="1" elasticityCoef="1" ang="90,0,0" color="0,220,0" radius="0.5" length="4" />
		<capsule pos="14.950000000000003,-30.25,3.450000000000003" vel="0,0,0" mass="1" elasticityCoef="1" ang="90,0,0" color="0,220,0" radius="0.5" length="4" />
		<capsule pos="14.950000000000003,-30.25,5.75" vel="0,0,0" mass="1" elasticityCoef="1" ang="90,0,0" color="0,220,0" radius="0.5" length="4" />
		<capsule pos="14.950000000000003,-30.25,8.050000000000004" vel="0,0,0" mass="1" elasticityCoef="1" ang="90,0,0" color="0,220,0" radius="0.5" length="4" />
		<capsule pos="14.950000000000003,-30.25,10.350000000000001" vel="0,0,0" mass="1" elasticityCoef="1" ang="90,0,0" color="0,220,0" radius="0.5" length="4" />
		<capsule pos="14.950000000000003,-30.25,12.650000000000006" vel="0,0,0" mass="1" elasticityCoef="1" ang="90,0,0" color="0,220,0" radius="0.5" length="4" />
		<capsule pos="14.950000000000003,-30.25,14.950000000000003" vel="0,0,0" mass="1" elasticityCoef="1" ang="90,0,0" color="0,220,0" radius="0.5" length="4" />
		<capsule pos="14.950000000000003,-30.25,17.25" vel="0,0,0" mass="1" elasticityCoef="1" ang="90,0,0" color="0,220,0" radius="0.5" length="4" />
		<capsule pos="14.950000000000003,-30.25,19.550000000000004" vel="0,0,0" mass="1" elasticityCoef="1" ang="90,0,0" color="0,220,0" radius="0.5" length="4" />
		<capsule pos="14.950000000000003,-30.25,21.85" vel="0,0,0" mass="1" elasticityCoef="1" ang="90,0,0" color="0,220,0" radius="0.5" length="4" />
		<capsule pos="14.950000000000003,-30.25,24.15" vel="0,0,0" mass="1" elasticityCoef="1" ang="90,0,0" color="0,220,0" radius="0.5" length="4" />
		<capsule pos="14.950000000000003,-30.25,26.450000000000003" vel="0,0,0" mass="1" elasticityCoef="1" ang="90,0,0" color="0,220,0" radius="0.5" length="4" />
		<capsule pos="14.950000000000003,-30.25,28.75" vel="0,0,0" mass="1" elasticityCoef="1" ang="90,0,0" color="0,220,0" radius="0.5" length="4" />
		<capsule pos="14.950000000000003,-30.25,31.049999999999997" vel="0,0,0" mass="1" elasticityCoef="1" ang="90,0,0" color="0,220,0" radius="0.5" length="4" />
		<capsule pos="14.950000000000003,-24.75,-33.349999999999994" vel="0,0,0" mass="1" elasticityCoef="1" ang="90,0,0" color="0,220,0" radius="0.5" length="4" />
		<capsule pos="14.950000000000003,-24.75,-31.049999999999994" vel="0,0,0" mass="1" elasticityCoef="1" ang="90,0,0" color="0,220,0" radius="0.5" length="4" />
		<capsule pos="14.950000000000003,-24.75,-28.749999999999993" vel="0,0,0" mass="1" elasticityCoef="1" ang="90,0,0" color="0,220,0" radius="0.5" length="4" />
		<capsule pos="14.950000000000003,-24.75,-26.449999999999996" vel="0,0,0" mass="1" elasticityCoef="1" ang="90,0,0" color="0,220,0" radius="0.5" length="4" />
		<capsule pos="14.950000000000003,-24.75,-24.149999999999995" vel="0,0,0" mass="1" elasticityCoef="1" ang="90,0,0" color="0,220,0" radius="0.5" length="4" />
		<capsule pos="14.950000000000003,-24.75,-21.849999999999994" vel="0,0,0" mass="1" elasticityCoef="1" ang="90,0,0" color="0,220,0" radius="0.5" length="4" />
		<capsule pos="14.950000000000003,-24.75,-19.549999999999997" vel="0,0,0" mass="1" elasticityCoef="1" ang="90,0,0" color="0,220,0" radius="0.5" length="4" />
		<capsule pos="14.950000000000003,-24.75,-17.249999999999996" vel="0,0,0" mass="1" elasticityCoef="1" ang="90,0,0" color="0,220,0" radius="0.5" length="4" />
		<capsule pos="14.950000000000003,-24.75,-14.949999999999996" vel="0,0,0" mass="1" elasticityCoef="1" ang="90,0,0" color="0,220,0" radius="0.5" length="4" />
		<capsule pos="14.950000000000003,-24.75,-12.649999999999995" vel="0,0,0" mass="1" elasticityCoef="1" ang="90,0,0" color="0,220,0" radius="0.5" length="4" />
		<capsule pos="14.950000000000003,-24.75,-10.349999999999994" vel="0,0,0" mass="1" elasticityCoef="1" ang="90,0,0" color="0,220,0" radius="0.5" length="4" />
		<capsule pos="14.950000000000003,-24.75,-8.049999999999997" vel="0,0,0" mass="1" elasticityCoef="1" ang="90,0,0" color="0,220,0" radius="0.5" length="4" />
		<capsule pos="14.950000000000003,-24.75,-5.7499999999999964" vel="0,0,0" mass="1" elasticityCoef="1" ang="90,0,0" color="0,220,0" radius="0.5" length="4" />
		<capsule pos="14.950000000000003,-24.75,-3.4499999999999957" vel="0,0,0" mass="1" elasticityCoef="1" ang="90,0,0" color="0,220,0" radius="0.5" length="4" />
		<capsule pos="14.950000000000003,-24.75,-1.1499999999999986" vel="0,0,0" mass="1" elasticityCoef="1" ang="90,0,0" color="0,220,0" radius="0.5" length="4" />
		<capsule pos="14.950000000000003,-24.75,1.1500000000000057" vel="0,0,0" mass="1" elasticityCoef="1" ang="90,0,0" color="0,220,0" radius="0.5" length="4" />
		<capsule pos="14.950000000000003,-24.75,3.450000000000003" vel="0,0,0" mass="1" elasticityCoef="1" ang="90,0,0" color="0,220,0" radius="0.5" length="4" />
		<capsule pos="14.950000000000003,-24.75,5.75" vel="0,0,0" mass="1" elasticityCoef="1" ang="90,0,0" color="0,220,0" radius="0.5" length="4" />
		<capsule pos="14.950000000000003,-24.75,8.050000000000004" vel="0,0,0" mass="1" elasticityCoef="1" ang="90,0,0" color="0,220,0" radius="0.5" length="4" />
		<capsule pos="14.950000000000003,-24.75,10.350000000000001" vel="0,0,0" mass="1" elasticityCoef="1" ang="90,0,0" color="0,220,0" radius="0.5" length="4" />
		<capsule pos="14.950000000000003,-24.75,12.650000000000006" vel="0,0,0" mass="1" elasticityCoef="1" ang="90,0,0" color="0,220,0" radius="0.5" length="4" />
		<capsule pos="14.950000000000003,-24.75,14.950000000000003" vel="0,0,0" mass="1" elasticityCoef="1" ang="90,0,0" color="0,220,0" radius="0.5" length="4" />
		<capsule pos="14.950000000000003,-24.75,17.25" vel="0,0,0" mass="1" elasticityCoef="1" ang="90,0,0" color="0,220,0" radius="0.5" length="4" />
		<capsule pos="14.950000000000003,-24.75,19.550000000000004" vel="0,0,0" mass="1" elasticityCoef="1" ang="90,0,0" color="0,220,0" radius="0.5" length="4" />
		<capsule pos="14.950000000000003,-24.75,21.85" vel="0,0,0" mass="1" elasticityCoef="1" ang="90,0,0" color="0,220,0" radius="0.5" length="4" />
		<capsule pos="14.950000000000003,-24.75,24.15" vel="0,0,0" mass="1" elasticityCoef="1" ang="90,0,0" color="0,220,0" radius="0.5" length="4" />
		<capsule pos="14.950000000000003,-24.75,26.450000000000003" vel="0,0,0" mass="1" elasticityCoef="1" ang="90,0,0" color="0,220,0" radius="0.5" length="4" />
		<capsule pos="14.950000000000003,-24.75,28.75" vel="0,0,0" mass="1" elasticityCoef="1" ang="90,0,0" color="0,220,0" radius="0.5" length="4" />
		<capsule pos="14.950000000000003,-24.75,31.049999999999997" vel="0,0,0" mass="1" elasticityCoef="1" ang="90,0,0" color="0,220,0" radius="0.5" length="4" />
		<capsule pos="14.950000000000003,-19.25,-33.349999999999994" vel="0,0,0" mass="1" elasticityCoef="1" ang="90,0,0" color="0,220,0" radius="0.5" length="4" />
		<capsule pos="14.950000000000003,-19.25,-31.049999999999994" vel="0,0,0" mass="1" elasticityCoef="1" ang="90,0,0" color="0,220,0" radius="0.5" length="4" />
		<capsule pos="14.950000000000003,-19.25,-28.749999999999993" vel="0,0,0" mass="1" elasticityCoef="1" ang="90,0,0" color="0,220,0" radius="0.5" length="4" />
		<capsule pos="14.950000000000003,-19.25,-26.449999999999996" vel="0,0,0" mass="1" elasticityCoef="1" ang="90,0,0" color="0,220,0" radius="0.5" length="4" />
		<capsule pos="14.950000000000003,-19.25,-24.149999999999995" vel="0,0,0" mass="1" elasticityCoef="1" ang="90,0,0" color="0,220,0" radius="0.5" length="4" />
		<capsule pos="14.950000000000003,-19.25,-21.849999999999994" vel="0,0,0" mass="1" elasticityCoef="1" ang="90,0,0" color="0,220,0" radius="0.5" length="4" />
		<capsule pos="14.950000000000003,-19.25,-19.549999999999997" vel="0,0,0" mass="1" elasticityCoef="1" ang="90,0,0" color="0,220,0" radius="0.5" length="4" />
		<capsule pos="14.950000000000003,-19.25,-17.249999999999996" vel="0,0,0" mass="1" elasticityCoef="1" ang="90,0,0" color="0,220,0" radius="0.5" length="4" />
		<capsule pos="14.950000000000003,-19.25,-14.949999999999996" vel="0,0,0" mass="1" elasticityCoef="1" ang="90,0,0" color="0,220,0" radius="0.5" length="4" />
		<capsule pos="14.950000000000003,-19.25,-12.649999999999995" vel="0,0,0" mass="1" elasticityCoef="1" ang="90,0,0" color="0,220,0" radius="0.5" length="4" />
		<capsule pos="14.950000000000003,-19.25,-10.349999999999994" vel="0,0,0" mass="1" elasticityCoef="1" ang="90,0,0" color="0,220,0" radius="0.5" length="4" />
		<capsule pos="14.950000000000003,-19.25,-8.049999999999997" vel="0,0,0" mass="1" elasticityCoef="1" ang="90,0,0" color="0,220,0" radius="0.5" length="4" />
		<capsule pos="14.950000000000003,-19.25,-5.7499999999999964" vel="0,0,0" mass="1" elasticityCoef="1" ang="90,0,0" color="0,220,0" radius="0.5" length="4" />
		<capsule pos="14.950000000000003,-19.25,-3.4499999999999957" vel="0,0,0" mass="1" elasticityCoef="1" ang="90,0,0" color="0,220,0" radius="0.5" length="4" />
		<capsule pos="14.950000000000003,-19.25,-1.1499999999999986" vel="0,0,0" mass="1" elasticityCoef="1" ang="90,0,0" color="0,220,0" radius="0.5" length="4" />
		<capsule pos="14.950000000000003,-19.25,1.1500000000000057" vel="0,0,0" mass="1" elasticityCoef="1" ang="90,0,0" color="0,220,0" radius="0.5" length="4" />
		<capsule pos="14.950000000000003,-19.25,3.450000000000003" vel="0,0,0" mass="1" elasticityCoef="1" ang="90,0,0" color="0,220,0" radius="0.5" length="4" />
		<capsule pos="14.950000000000003,-19.25,5.75" vel="0,0,0" mass="1" elasticityCoef="1" ang="90,0,0" color="0,220,0" radius="0.5" length="4" />
		<capsule pos="14.950000000000003,-19.25,8.050000000000004" vel="0,0,0" mass="1" elasticityCoef="1" ang="90,0,0" color="0,220,0" radius="0.5" length="4" />
		<capsule pos="14.950000000000003,-19.25,10.350000000000001" vel="0,0,0" mass="1" elasticityCoef="1" ang="90,0,0" color="0,220,0" radius="0.5" length="4" />
		<capsule pos="14.950000000000003,-19.25,12.650000000000006" vel="0,0,0" mass="1" elasticityCoef="1" ang="90,0,0" color="0,220,0" radius="0.5" length="4" />
		<capsule pos="14.950000000000003,-19.25,14.950000000000003" vel="0,0,0" mass="1" elasticityCoef="1" ang="90,0,0" color="0,220,0" radius="0.5" length="4" />
		<capsule pos="14.950000000000003,-19.25,17.25" vel="0,0,0" mass="1" elasticityCoef="1" ang="90,0,0" color="0,220,0" radius="0.5" length="4" />
		<capsule pos="14.950000000000003,-19.25,19.550000000000004" vel="0,0,0" mass="1" elasticityCoef="1" ang="90,0,0" color="0,220,0" radius="0.5" length="4" />
		<capsule pos="14.950000000000003,-19.25,21.85" vel="0,0,0" mass="1" elasticityCoef="1" ang="90,0,0" color="0,220,0" radius="0.5" length="4" />
		<capsule pos="14.950000000000003,-19.25,24.15" vel="0,0,0" mass="1" elasticityCoef="1" ang="90,0,0" color="0,220,0" radius="0.5" length="4" />
		<capsule pos="14.950000000000003,-19.25,26.450000000000003" vel="0,0,0" mass="1" elasticityCoef="1" ang="90,0,0" color="0,220,0" radius="0.5" length="4" />
		<capsule pos="14.950000000000003,-19.25,28.75" vel="0,0,0" mass="1" elasticityCoef="1" ang="90,0,0" color="0,220,0" radius="0.5" length="4" />
		<capsule pos="14.950000000000003,-19.25,31.049999999999997" vel="0,0,0" mass="1" elasticityCoef="1" ang="90,0,0" color="0,220,0" radius="0.5" length="4" />
		<capsule pos="14.950000000000003,-13.75,-33.349999999999994" vel="0,0,0" mass="1" elasticityCoef="1" ang="90,0,0" color="0,220,0" radius="0.5" length="4" />
		<capsule pos="14.950000000000003,-13.75,-31.049999999999994" vel="0,0,0" mass="1" elasticityCoef="1" ang="90,0,0" color="0,220,0" radius="0.5" length="4" />
		<capsule pos="14.950000000000003,-13.75,-28.749999999999993" vel="0,0,0" mass="1" elasticityCoef="1" ang="90,0,0" color="0,220,0" radius="0.5" length="4" />
		<capsule pos="14.950000000000003,-13.75,-26.449999999999996" vel="0,0,0" mass="1" elasticityCoef="1" ang="90,0,0" color="0,220,0" radius="0.5" length="4" />
		<capsule pos="14.950000000000003,-13.75,-24.149999999999995" vel="0,0,0" mass="1" elasticityCoef="1" ang="90,0,0" color="0,220,0" radius="0.5" length="4" />
		<capsule pos="14.950000000000003,-13.75,-21.849999999999994" vel="0,0,0" mass="1" elasticityCoef="1" ang="90,0,0" color="0,220,0" radius="0.5" length="4" />
		<capsule pos="14.950000000000003,-13.75,-19.549999999999997" vel="0,0,0" mass="1" elasticityCoef="1" ang="90,0,0" color="0,220,0" radius="0.5" length="4" />
		<capsule pos="14.950000000000003,-13.75,-17.249999999999996" vel="0,0,0" mass="1" elasticityCoef="1" ang="90,0,0" color="0,220,0" radius="0.5" length="4" />
		<capsule pos="14.950000000000003,-13.75,-14.949999999999996" vel="0,0,0" mass="1" elasticityCoef="1" ang="90,0,0" color="0,220,0" radius="0.5" length="4" />
		<capsule pos="14.950000000000003,-13.75,-12.649999999999995" vel="0,0,0" mass="1" elasticityCoef="1" ang="90,0,0" color="0,220,0" radius="0.5" length="4" />
		<capsule pos="14.950000000000003,-13.75,-10.349999999999994" vel="0,0,0" mass="1" elasticityCoef="1" ang="90,0,0" color="0,220,0" radius="0.5" length="4" />
		<capsule pos="14.950000000000003,-13.75,-8.049999999999997" vel="0,0,0" mass="1" elasticityCoef="1" ang="90,0,0" color="0,220,0" radius="0.5" length="4" />
		<capsule pos="14.950000000000003,-13.75,-5.7499999999999964" vel="0,0,0" mass="1" elasticityCoef="1" ang="90,0,0" color="0,220,0" radius="0.5" length="4" />
		<capsule pos="14.950000000000003,-13.75,-3.4499999999999957" vel="0,0,0" mass="1" elasticityCoef="1" ang="90,0,0" color="0,220,0" radius="0.5" length="4" />
		<capsule pos="14.950000000000003,-13.75,-1.1499999999999986" vel="0,0,0" mass="1" elasticityCoef="1" ang="90,0,0" color="0,220,0" radius="0.5" length="4" />
		<capsule pos="14.950000000000003,-13.75,1.1500000000000057" vel="0,0,0" mass="1" elasticityCoef="1" ang="90,0,0" color="0,220,0" radius="0.5" length="4" />
		<capsule pos="14.950000000000003,-13.75,3.450000000000003" vel="0,0,0" mass="1" elasticityCoef="1" ang="90,0,0" color="0,220,0" radius="0.5" length="4" />
		<capsule pos="14.950000000000003,-13.75,5.75" vel="0,0,0" mass="1" elasticityCoef="1" ang="90,0,0" color="0,220,0" radius="0.5" length="4" />
		<capsule pos="14.950000000000003,-13.75,8.050000000000004" vel="0,0,0" mass="1" elasticityCoef="1" ang="90,0,0" color="0,220,0" radius="0.5" length="4" />
		<capsule pos="14.950000000000003,-13.75,10.350000000000001" vel="0,0,0" mass="1" elasticityCoef="1" ang="90,0,0" color="0,220,0" radius="0.5" length="4" />
		<capsule pos="14.950000000000003,-13.75,12.650000000000006" vel="0,0,0" mass="1" elasticityCoef="1" ang="90,0,0" color="0,220,0" radius="0.5" length="4" />
		<capsule pos="14.950000000000003,-13.75,14.950000000000003" vel="0,0,0" mass="1" elasticityCoef="1" ang="90,0,0" color="0,220,0" radius="0.5" length="4" />
		<capsule pos="14.950000000000003,-13.75,17.25" vel="0,0,0" mass="1" elasticityCoef="1" ang="90,0,0" color="0,220,0" radius="0.5" length="4" />
		<capsule pos="14.950000000000003,-13.75,19.550000000000004" vel="0,0,0" mass="1" elasticityCoef="1" ang="90,0,0" color="0,220,0" radius="0.5" length="4" />
		<capsule pos="14.950000000000003,-13.75,21.85" vel="0,0,0" mass="1" elasticityCoef="1" ang="90,0,0" color="0,220,0" radius="0.5" length="4" />
		<capsule pos="14.950000000000003,-13.75,24.15" vel="0,0,0" mass="1" elasticityCoef="1" ang="90,0,0" color="0,220,0" radius="0.5" length="4" />
		<capsule pos="14.950000000000003,-13.75,26.450000000000003" vel="0,0,0" mass="1" elasticityCoef="1" ang="90,0,0" color="0,220,0" radius="0.5" length="4" />
		<capsule pos="14.950000000000003,-13.75,28.75" vel="0,0,0" mass="1" elasticityCoef="1" ang="90,0,0" color="0,220,0" radius="0.5" length="4" />
		<capsule pos="14.950000000000003,-13.75,31.049999999999997" vel="0,0,0" mass="1" elasticityCoef="1" ang="90,0,0" color="0,220,0" radius="0.5" length="4" />
		<capsule pos="14.950000000000003,-8.25,-33.349999999999994" vel="0,0,0" mass="1" elasticityCoef="1" ang="90,0,0" color="0,220,0" radius="0.5" length="4" />
		<capsule pos="14.950000000000003,-8.25,-31.049999999999994" vel="0,0,0" mass="1" elasticityCoef="1" ang="90,0,0" color="0,220,0" radius="0.5" length="4" />
		<capsule pos="14.950000000000003,-8.25,-28.749999999999993" vel="0,0,0" mass="1" elasticityCoef="1" ang="90,0,0" color="0,220,0" radius="0.5" length="4" />
		<capsule pos="14.950000000000003,-8.25,-26.449999999999996" vel="0,0,0" mass="1" elasticityCoef="1" ang="90,0,0" color="0,220,0" radius="0.5" length="4" />
		<capsule pos="14.950000000000003,-8.25,-24.149999999999995" vel="0,0,0" mass="1" elasticityCoef="1" ang="90,0,0" color="0,220,0" radius="0.5" length="4" />
		<capsule pos="14.950000000000003,-8.25,-21.849999999999994" vel="0,0,0" mass="1" elasticityCoef="1" ang="90,0,0" color="0,220,0" radius="0.5" length="4" />
		<capsule pos="14.950000000000003,-8.25,-19.549999999999997" vel="0,0,0" mass="1" elasticityCoef="1" ang="90,0,0" color="0,220,0" radius="0.5" length="4" />
		<capsule pos="14.950000000000003,-8.25,-17.249999999999996" vel="0,0,0" mass="1" elasticityCoef="1" ang="90,0,0" color="0,220,0" radius="0.5" length="4" />
		<capsule pos="14.950000000000003,-8.25,-14.949999999999996" vel="0,0,0" mass="1" elasticityCoef="1" ang="90,0,0" color="0,220,0" radius="0.5" length="4" />
		<capsule pos="14.950000000000003,-8.25,-12.649999999999995" vel="0,0,0" mass="1" elasticityCoef="1" ang="90,0,0" color="0,220,0" radius="0.5" length="4" />
		<capsule pos="14.950000000000003,-8.25,-10.349999999999994" vel="0,0,0" mass="1" elasticityCoef="1" ang="90,0,0" color="0,220,0" radius="0.5" length="4" />
		<capsule pos="14.950000000000003,-8.25,-8.049999999999997" vel="0,0,0" mass="1" elasticityCoef="1" ang="90,0,0" color="0,220,0" radius="0.5" length="4" />
		<capsule pos="14.950000000000003,-8.25,-5.7499999999999964" vel="0,0,0" mass="1" elasticityCoef="1" ang="90,0,0" color="0,220,0" radius="0.5" length="4" />
		<capsule pos="14.950000000000003,-8.25,-3.4499999999999957" vel="0,0,0" mass="1" elasticityCoef="1" ang="90,0,0" color="0,220,0" radius="0.5" length="4" />
		<capsule pos="14.950000000000003,-8.25,-1.1499999999999986" vel="0,0,0" mass="1" elasticityCoef="1" ang="90,0,0" color="0,220,0" radius="0.5" length="4" />
		<capsule pos="14.950000000000003,-8.25,1.1500000000000057" vel="0,0,0" mass="1" elasticityCoef="1" ang="90,0,0" color="0,220,0" radius="0.5" length="4" />
		<capsule pos="14.950000000000003,-8.25,3.450000000000003" vel="0,0,0" mass="1" elasticityCoef="1" ang="90,0,0" color="0,220,0" radius="0.5" length="4" />
		<capsule pos="14.950000000000003,-8.25,5.75" vel="0,0,0" mass="1" elasticityCoef="1" ang="90,0,0" color="0,220,0" radius="0.5" length="4" />
		<capsule pos="14.950000000000003,-8.25,8.050000000000004" vel="0,0,0" mass="1" elasticityCoef="1" ang="90,0,0" color="0,220,0" radius="0.5" length="4" />
		<capsule pos="14.950000000000003,-8.25,10.350000000000001" vel="0,0,0" mass="1" elasticityCoef="1" ang="90,0,0" color="0,220,0" radius="0.5" length="4" />
		<capsule pos="14.950000000000003,-8.25,12.650000000000006" vel="0,0,0" mass="1" elasticityCoef="1" ang="90,0,0" color="0,220,0" radius="0.5" length="4" />
		<capsule pos="14.950000000000003,-8.25,14.950000000000003" vel="0,0,0" mass="1" elasticityCoef="1" ang="90,0,0" color="0,220,0" radius="0.5" length="4" />
		<capsule pos="14.950000000000003,-8.25,17.25" vel="0,0,0" mass="1" elasticityCoef="1" ang="90,0,0" color="0,220,0" radius="0.5" length="4" />
		<capsule pos="14.950000000000003,-8.25,19.550000000000004" vel="0,0,0" mass="1" elasticityCoef="1" ang="90,0,0" color="0,220,0" radius="0.5" length="4" />
		<capsule pos="14.950000000000003,-8.25,21.85" vel="0,0,0" mass="1" elasticityCoef="1" ang="90,0,0" color="0,220,0" radius="0.5" length="4" />
		<capsule pos="14.950000000000003,-8.25,24.15" vel="0,0,0" mass="1" elasticityCoef="1" ang="90,0,0" color="0,220,0" radius="0.5" length="4" />
		<capsule pos="14.950000000000003,-8.25,26.450000000000003" vel="0,0,0" mass="1" elasticityCoef="1" ang="90,0,0" color="0,220,0" radius="0.5" length="4" />
		<capsule pos="14.950000000000003,-8.25,28.75" vel="0,0,0" mass="1" elasticityCoef="1" ang="90,0,0" color="0,220,0" radius="0.5" length="4" />
		<capsule pos="14.950000000000003,-8.25,31.049999999999997" vel="0,0,0" mass="1" elasticityCoef="1" ang="90,0,0" color="0,220,0" radius="0.5" length="4" />
		<capsule pos="14.950000000000003,-2.75,-33.349999999999994" vel="0,0,0" mass="1" elasticityCoef="1" ang="90,0,0" color="0,220,0" radius="0.5" length="4" />
		<capsule pos="14.950000000000003,-2.75,-31.049999999999994" vel="0,0,0" mass="1" elasticityCoef="1" ang="90,0,0" color="0,220,0" radius="0.5" length="4" />
		<capsule pos="14.950000000000003,-2.75,-28.749999999999993" vel="0,0,0" mass="1" elasticityCoef="1" ang="90,0,0" color="0,220,0" radius="0.5" length="4" />
		<capsule pos="14.950000000000003,-2.75,-26.449999999999996" vel="0,0,0" mass="1" elasticityCoef="1" ang="90,0,0" color="0,220,0" radius="0.5" length="4" />
		<capsule pos="14.950000000000003,-2.75,-24.149999999999995" vel="0,0,0" mass="1" elasticityCoef="1" ang="90,0,0" color="0,220,0" radius="0.5" length="4" />
		<capsule pos="14.950000000000003,-2.75,-21.849999999999994" vel="0,0,0" mass="1" elasticityCoef="1" ang="90,0,0" color="0,220,0" radius="0.5" length="4" />
		<capsule pos="14.950000000000003,-2.75,-19.549999999999997" vel="0,0,0" mass="1" elasticityCoef="1" ang="90,0,0" color="0,220,0" radius="0.5" length="4" />
		<capsule pos="14.950000000000003,-2.75,-17.249999999999996" vel="0,0,0" mass="1" elasticityCoef="1" ang="90,0,0" color="0,220,0" radius="0.5" length="4" />
		<capsule pos="14.950000000000003,-2.75,-14.949999999999996" vel="0,0,0" mass="1" elasticityCoef="1" ang="90,0,0" color="0,220,0" radius="0.5" length="4" />
		<capsule pos="14.950000000000003,-2.75,-12.649999999999995" vel="0,0,0" mass="1" elasticityCoef="1" ang="90,0,0" color="0,220,0" radius="0.5" length="4" />
		<capsule pos="14.950000000000003,-2.75,-10.349999999999994" vel="0,0,0" mass="1" elasticityCoef="1" ang="90,0,0" color="0,220,0" radius="0.5" length="4" />
		<capsule pos="14.950000000000003,-2.75,-8.049999999999997" vel="0,0,0" mass="1" elasticityCoef="1" ang="90,0,0" color="0,220,0" radius="0.5" length="4" />
		<capsule pos="14.950000000000003,-2.75,-5.7499999999999964" vel="0,0,0" mass="1" elasticityCoef="1" ang="90,0,0" color="0,220,0" radius="0.5" length="4" />
		<capsule pos="14.950000000000003,-2.75,-3.4499999999999957" vel="0,0,0" mass="1" elasticityCoef="1" ang="90,0,0" color="0,220,0" radius="0.5" length="4" />
		<capsule pos="14.950000000000003,-2.75,-1.1499999999999986" vel="0,0,0" mass="1" elasticityCoef="1" ang="90,0,0" color="0,220,0" radius="0.5" length="4" />
		<capsule pos="14.950000000000003,-2.75,1.1500000000000057" vel="0,0,0" mass="1" elasticityCoef="1" ang="90,0,0" color="0,220,0" radius="0.5" length="4" />
		<capsule pos="14.950000000000003,-2.75,3.450000000000003" vel="0,0,0" mass="1" elasticityCoef="1" ang="90,0,0" color="0,220,0" radius="0.5" length="4" />
		<capsule pos="14.950000000000003,-2.75,5.75" vel="0,0,0" mass="1" elasticityCoef="1" ang="90,0,0" color="0,220,0" radius="0.5" length="4" />
		<capsule pos="14.950000000000003,-2.75,8.050000000000004" vel="0,0,0" mass="1" elasticityCoef="1" ang="90,0,0" color="0,220,0" radius="0.5" length="4" />
		<capsule pos="14.950000000000003,-2.75,10.350000000000001" vel="0,0,0" mass="1" elasticityCoef="1" ang="90,0,0" color="0,220,0" radius="0.5" length="4" />
		<capsule pos="14.950000000000003,-2.75,12.650000000000006" vel="0,0,0" mass="1" elasticityCoef="1" ang="90,0,0" color="0,220,0" radius="0.5" length="4" />
		<capsule pos="14.950000000000003,-2.75,14.950000000000003" vel="0,0,0" mass="1" elasticityCoef="1" ang="90,0,0" color="0,220,0" radius="0.5" length="4" />
		<capsule pos="14.950000000000003,-2.75,17.25" vel="0,0,0" mass="1" elasticityCoef="1" ang="90,0,0" color="0,220,0" radius="0.5" length="4" />
		<capsule pos="14.950000000000003,-2.75,19.550000000000004" vel="0,0,0" mass="1" elasticityCoef="1" ang="90,0,0" color="0,220,0" radius="0.5" length="4" />
		<capsule pos="14.950000000000003,-2.75,21.85" vel="0,0,0" mass="1" elasticityCoef="1" ang="90,0,0" color="0,220,0" radius="0.5" length="4" />
		<capsule pos="14.950000000000003,-2.75,24.15" vel="0,0,0" mass="1" elasticityCoef="1" ang="90,0,0" color="0,220,0" radius="0.5" length="4" />
		<capsule pos="14.950000000000003,-2.75,26.450000000000003" vel="0,0,0" mass="1" elasticityCoef="1" ang="90,0,0" color="0,220,0" radius="0.5" length="4" />
		<capsule pos="14.950000000000003,-2.75,28.75" vel="0,0,0" mass="1" elasticityCoef="1" ang="90,0,0" color="0,220,0" radius="0.5" length="4" />
		<capsule pos="14.950000000000003,-2.75,31.049999999999997" vel="0,0,0" mass="1" elasticityCoef="1" ang="90,0,0" color="0,220,0" radius="0.5" length="4" />
		<capsule pos="14.950000000000003,2.75,-33.349999999999994" vel="0,0,0" mass="1" elasticityCoef="1" ang="90,0,0" color="0,220,0" radius="0.5" length="4" />
		<capsule pos="14.950000000000003,2.75,-31.049999999999994" vel="0,0,0" mass="1" elasticityCoef="1" ang="90,0,0" color="0,220,0" radius="0.5" length="4" />
		<capsule pos="14.950000000000003,2.75,-28.749999999999993" vel="0,0,0" mass="1" elasticityCoef="1" ang="90,0,0" color="0,220,0" radius="0.5" length="4" />
		<capsule pos="14.950000000000003,2.75,-26.449999999999996" vel="0,0,0" mass="1" elasticityCoef="1" ang="90,0,0" color="0,220,0" radius="0.5" length="4" />
		<capsule pos="14.950000000000003,2.75,-24.149999999999995" vel="0,0,0" mass="1" elasticityCoef="1" ang="90,0,0" color="0,220,0" radius="0.5" length="4" />
		<capsule pos="14.950000000000003,2.75,-21.849999999999994" vel="0,0,0" mass="1" elasticityCoef="1" ang="90,0,0" color="0,220,0" radius="0.5" length="4" />
		<capsule pos="14.950000000000003,2.75,-19.549999999999997" vel="0,0,0" mass="1" elasticityCoef="1" ang="90,0,0" color="0,220,0" radius="0.5" length="4" />
		<capsule pos="14.950000000000003,2.75,-17.249999999999996" vel="0,0,0" mass="1" elasticityCoef="1" ang="90,0,0" color="0,220,0" radius="0.5" length="4" />
		<capsule pos="14.950000000000003,2.75,-14.949999999999996" vel="0,0,0" mass="1" elasticityCoef="1" ang="90,0,0" color="0,220,0" radius="0.5" length="4" />
		<capsule pos="14.950000000000003,2.75,-12.649999999999995" vel="0,0,0" mass="1" elasticityCoef="1" ang="90,0,0" color="0,220,0" radius="0.5" length="4" />
		<capsule pos="14.950000000000003,2.75,-10.349999999999994" vel="0,0,0" mass="1" elasticityCoef="1" ang="90,0,0" color="0,220,0" radius="0.5" length="4" />
		<capsule pos="14.950000000000003,2.75,-8.049999999999997" vel="0,0,0" mass="1" elasticityCoef="1" ang="90,0,0" color="0,220,0" radius="0.5" length="4" />
		<capsule pos="14.950000000000003,2.75,-5.7499999999999964" vel="0,0,0" mass="1" elasticityCoef="1" ang="90,0,0" color="0,220,0" radius="0.5" length="4" />
		<capsule pos="14.950000000000003,2.75,-3.4499999999999957" vel="0,0,0" mass="1" elasticityCoef="1" ang="90,0,0" color="0,220,0" radius="0.5" length="4" />
		<capsule pos="14.950000000000003,2.75,-1.1499999999999986" vel="0,0,0" mass="1" elasticityCoef="1" ang="90,0,0" color="0,220,0" radius="0.5" length="4" />
		<capsule pos="14.950000000000003,2.75,1.1500000000000057" vel="0,0,0" mass="1" elasticityCoef="1" ang="90,0,0" color="0,220,0" radius="0.5" length="4" />
		<capsule pos="14.950000000000003,2.75,3.450000000000003" vel="0,0,0" mass="1" elasticityCoef="1" ang="90,0,0" color="0,220,0" radius="0.5" length="4" />
		<capsule pos="14.950000000000003,2.75,5.75" vel="0,0,0" mass="1" elasticityCoef="1" ang="90,0,0" color="0,220,0" radius="0.5" length="4" />
		<capsule pos="14.950000000000003,2.75,8.050000000000004" vel="0,0,0" mass="1" elasticityCoef="1" ang="90,0,0" color="0,220,0" radius="0.5" length="4" />
		<capsule pos="14.950000000000003,2.75,10.350000000000001" vel="0,0,0" mass="1" elasticityCoef="1" ang="90,0,0" color="0,220,0" radius="0.5" length="4" />
		<capsule pos="14.950000000000003,2.75,12.650000000000006" vel="0,0,0" mass="1" elasticityCoef="1" ang="90,0,0" color="0,220,0" radius="0.5" length="4" />
		<capsule pos="14.950000000000003,2.75,14.950000000000003" vel="0,0,0" mass="1" elasticityCoef="1" ang="90,0,0" color="0,220,0" radius="0.5" length="4" />
		<capsule pos="14.950000000000003,2.75,17.25" vel="0,0,0" mass="1" elasticityCoef="1" ang="90,0,0" color="0,220,0" radius="0.5" length="4" />
		<capsule pos="14.950000000000003,2.75,19.550000000000004" vel="0,0,0" mass="1" elasticityCoef="1" ang="90,0,0" color="0,220,0" radius="0.5" length="4" />
		<capsule pos="14.950000000000003,2.75,21.85" vel="0,0,0" mass="1" elasticityCoef="1" ang="90,0,0" color="0,220,0" radius="0.5" length="4" />
		<capsule pos="14.950000000000003,2.75,24.15" vel="0,0,0" mass="1" elasticityCoef="1" ang="90,0,0" color="0,220,0" radius="0.5" length="4" />
		<capsule pos="14.950000000000003,2.75,26.450000000000003" vel="0,0,0" mass="1" elasticityCoef="1" ang="90,0,0" color="0,220,0" radius="0.5" length="4" />
		<capsule pos="14.950000000000003,2.75,28.75" vel="0,0,0" mass="1" elasticityCoef="1" ang="90,0,0" color="0,220,0" radius="0.5" length="4" />
		<capsule pos="14.950000000000003,2.75,31.049999999999997" vel="0,0,0" mass="1" elasticityCoef="1" ang="90,0,0" color="0,220,0" radius="0.5" length="4" />
		<capsule pos="14.950000000000003,8.25,-33.349999999999994" vel="0,0,0" mass="1" elasticityCoef="1" ang="90,0,0" color="0,220,0" radius="0.5" length="4" />
		<capsule pos="14.950000000000003,8.25,-31.049999999999994" vel="0,0,0" mass="1" elasticityCoef="1" ang="90,0,0" color="0,220,0" radius="0.5" length="4" />
		<capsule pos="14.950000000000003,8.25,-28.749999999999993" vel="0,0,0" mass="1" elasticityCoef="1" ang="90,0,0" color="0,220,0" radius="0.5" length="4" />
		<capsule pos="14.950000000000003,8.25,-26.449999999999996" vel="0,0,0" mass="1" elasticityCoef="1" ang="90,0,0" color="0,220,0" radius="0.5" length="4" />
		<capsule pos="14.950000000000003,8.25,-24.149999999999995" vel="0,0,0" mass="1" elasticityCoef="1" ang="90,0,0" color="0,220,0" radius="0.5" length="4" />
		<capsule pos="14.950000000000003,8.25,-21.849999999999994" vel="0,0,0" mass="1" elasticityCoef="1" ang="90,0,0" color="0,220,0" radius="0.5" length="4" />
		<capsule pos="14.950000000000003,8.25,-19.549999999999997" vel="0,0,0" mass="1" elasticityCoef="1" ang="90,0,0" color="0,220,0" radius="0.5" length="4" />
		<capsule pos="14.950000000000003,8.25,-17.249999999999996" vel="0,0,0" mass="1" elasticityCoef="1" ang="90,0,0" color="0,220,0" radius="0.5" length="4" />
		<capsule pos="14.950000000000003,8.25,-14.949999999999996" vel="0,0,0" mass="1" elasticityCoef="1" ang="90,0,0" color="0,220,0" radius="0.5" length="4" />
		<capsule pos="14.950000000000003,8.25,-12.649999999999995" vel="0,0,0" mass="1" elasticityCoef="1" ang="90,0,0" color="0,220,0" radius="0.5" length="4" />
		<capsule pos="14.950000000000003,8.25,-10.349999999999994" vel="0,0,0" mass="1" elasticityCoef="1" ang="90,0,0" color="0,220,0" radius="0.5" length="4" />
		<capsule pos="14.950000000000003,8.25,-8.049999999999997" vel="0,0,0" mass="1" elasticityCoef="1" ang="90,0,0" color="0,220,0" radius="0.5" length="4" />
		<capsule pos="14.950000000000003,8.25,-5.7499999999999964" vel="0,0,0" mass="1" elasticityCoef="1" ang="90,0,0" color="0,220,0" radius="0.5" length="4" />
		<capsule pos="14.950000000000003,8.25,-3.4499999999999957" vel="0,0,0" mass="1" elasticityCoef="1" ang="90,0,0" color="0,220,0" radius="0.5" length="4" />
		<capsule pos="14.950000000000003,8.25,-1.1499999999999986" vel="0,0,0" mass="1" elasticityCoef="1" ang="90,0,0" color="0,220,0" radius="0.5" length="4" />
		<capsule pos="14.950000000000003,8.25,1.1500000000000057" vel="0,0,0" mass="1" elasticityCoef="1" ang="90,0,0" color="0,220,0" radius="0.5" length="4" />
		<capsule pos="14.950000000000003,8.25,3.450000000000003" vel="0,0,0" mass="1" elasticityCoef="1" ang="90,0,0" color="0,220,0" radius="0.5" length="4" />
		<capsule pos="14.950000000000003,8.25,5.75" vel="0,0,0" mass="1" elasticityCoef="1" ang="90,0,0" color="0,220,0" radius="0.5" length="4" />
		<capsule pos="14.950000000000003,8.25,8.050000000000004" vel="0,0,0" mass="1" elasticityCoef="1" ang="90,0,0" color="0,220,0" radius="0.5" length="4" />
		<capsule pos="14.950000000000003,8.25,10.350000000000001" vel="0,0,0" mass="1" elasticityCoef="1" ang="90,0,0" color="0,220,0" radius="0.5" length="4" />
		<capsule pos="14.950000000000003,8.25,12.650000000000006" vel="0,0,0" mass="1" elasticityCoef="1" ang="90,0,0" color="0,220,0" radius="0.5" length="4" />
		<capsule pos="14.950000000000003,8.25,14.950000000000003" vel="0,0,0" mass="1" elasticityCoef="1" ang="90,0,0" color="0,220,0" radius="0.5" length="4" />
		<capsule pos="14.950000000000003,8.25,17.25" vel="0,0,0" mass="1" elasticityCoef="1" ang="90,0,0" color="0,220,0" radius="0.5" length="4" />
		<capsule pos="14.950000000000003,8.25,19.550000000000004" vel="0,0,0" mass="1" elasticityCoef="1" ang="90,0,0" color="0,220,0" radius="0.5" length="4" />
		<capsule pos="14.950000000000003,8.25,21.85" vel="0,0,0" mass="1" elasticityCoef="1" ang="90,0,0" color="0,220,0" radius="0.5" length="4" />
		<capsule pos="14.950000000000003,8.25,24.15" vel="0,0,0" mass="1" elasticityCoef="1" ang="90,0,0" color="0,220,0" radius="0.5" length="4" />
		<capsule pos="14.950000000000003,8.25,26.450000000000003" vel="0,0,0" mass="1" elasticityCoef="1" ang="90,0,0" color="0,220,0" radius="0.5" length="4" />
		<capsule pos="14.950000000000003,8.25,28.75" vel="0,0,0" mass="1" elasticityCoef="1" ang="90,0,0" color="0,220,0" radius="0.5" length="4" />
		<capsule pos="14.950000000000003,8.25,31.049999999999997" vel="0,0,0" mass="1" elasticityCoef="1" ang="90,0,0" color="0,220,0" radius="0.5" length="4" />
		<capsule pos="14.950000000000003,13.75,-33.349999999999994" vel="0,0,0" mass="1" elasticityCoef="1" ang="90,0,0" color="0,220,0" radius="0.5" length="4" />
		<capsule pos="14.950000000000003,13.75,-31.049999999999994" vel="0,0,0" mass="1" elasticityCoef="1" ang="90,0,0" color="0,220,0" radius="0.5" length="4" />
		<capsule pos="14.950000000000003,13.75,-28.749999999999993" vel="0,0,0" mass="1" elasticityCoef="1" ang="90,0,0" color="0,220,0" radius="0.5" length="4" />
		<capsule pos="14.950000000000003,13.75,-26.449999999999996" vel="0,0,0" mass="1" elasticityCoef="1" ang="90,0,0" color="0,220,0" radius="0.5" length="4" />
		<capsule pos="14.950000000000003,13.75,-24.149999999999995" vel="0,0,0" mass="1" elasticityCoef="1" ang="90,0,0" color="0,220,0" radius="0.5" length="4" />
		<capsule pos="14.950000000000003,13.75,-21.849999999999994" vel="0,0,0" mass="1" elasticityCoef="1" ang="90,0,0" color="0,220,0" radius="0.5" length="4" />
		<capsule pos="14.950000000000003,13.75,-19.549999999999997" vel="0,0,0" mass="1" elasticityCoef="1" ang="90,0,0" color="0,220,0" radius="0.5" length="4" />
		<capsule pos="14.950000000000003,13.75,-17.249999999999996" vel="0,0,0" mass="1" elasticityCoef="1" ang="90,0,0" color="0,220,0" radius="0.5" length="4" />
		<capsule pos="14.950000000000003,13.75,-14.949999999999996" vel="0,0,0" mass="1" elasticityCoef="1" ang="90,0,0" color="0,220,0" radius="0.5" length="4" />
		<capsule pos="14.950000000000003,13.75,-12.649999999999995" vel="0,0,0" mass="1" elasticityCoef="1" ang="90,0,0" color="0,220,0" radius="0.5" length="4" />
		<capsule pos="14.950000000000003,13.75,-10.349999999999994" vel="0,0,0" mass="1" elasticityCoef="1" ang="90,0,0" color="0,220,0" radius="0.5" length="4" />
		<capsule pos="14.950000000000003,13.75,-8.049999999999997" vel="0,0,0" mass="1" elasticityCoef="1" ang="90,0,0" color="0,220,0" radius="0.5" length="4" />
		<capsule pos="14.950000000000003,13.75,-5.7499999999999964" vel="0,0,0" mass="1" elasticityCoef="1" ang="90,0,0" color="0,220,0" radius="0.5" length="4" />
		<capsule pos="14.950000000000003,13.75,-3.4499999999999957" vel="0,0,0" mass="1" elasticityCoef="1" ang="90,0,0" color="0,220,0" radius="0.5" length="4" />
		<capsule pos="14.950000000000003,13.75,-1.1499999999999986" vel="0,0,0" mass="1" elasticityCoef="1" ang="90,0,0" color="0,220,0" radius="0.5" length="4" />
		<capsule pos="14.950000000000003,13.75,1.1500000000000057" vel="0,0,0" mass="1" elasticityCoef="1" ang="90,0,0" color="0,220,0" radius="0.5" length="4" />
		<capsule pos="14.950000000000003,13.75,3.450000000000003" vel="0,0,0" mass="1" elasticityCoef="1" ang="90,0,0" color="0,220,0" radius="0.5" length="4" />
		<capsule pos="14.950000000000003,13.75,5.75" vel="0,0,0" mass="1" elasticityCoef="1" ang="90,0,0" color="0,220,0" radius="0.5" length="4" />
		<capsule pos="14.950000000000003,13.75,8.050000000000004" vel="0,0,0" mass="1" elasticityCoef="1" ang="90,0,0" color="0,220,0" radius="0.5" length="4" />
		<capsule pos="14.950000000000003,13.75,10.350000000000001" vel="0,0,0" mass="1" elasticityCoef="1" ang="90,0,0" color="0,220,0" radius="0.5" length="4" />
		<capsule pos="14.950000000000003,13.75,12.650000000000006" vel="0,0,0" mass="1" elasticityCoef="1" ang="90,0,0" color="0,220,0" radius="0.5" length="4" />
		<capsule pos="14.950000000000003,13.75,14.950000000000003" vel="0,0,0" mass="1" elasticityCoef="1" ang="90,0,0" color="0,220,0" radius="0.5" length="4" />
		<capsule pos="14.950000000000003,13.75,17.25" vel="0,0,0" mass="1" elasticityCoef="1" ang="90,0,0" color="0,220,0" radius="0.5" length="4" />
		<capsule pos="14.950000000000003,13.75,19.550000000000004" vel="0,0,0" mass="1" elasticityCoef="1" ang="90,0,0" color="0,220,0" radius="0.5" length="4" />
		<capsule pos="14.950000000000003,13.75,21.85" vel="0,0,0" mass="1" elasticityCoef="1" ang="90,0,0" color="0,220,0" radius="0.5" length="4" />
		<capsule pos="14.950000000000003,13.75,24.15" vel="0,0,0" mass="1" elasticityCoef="1" ang="90,0,0" color="0,220,0" radius="0.5" length="4" />
		<capsule pos="14.950000000000003,13.75,26.450000000000003" vel="0,0,0" mass="1" elasticityCoef="1" ang="90,0,0" color="0,220,0" radius="0.5" length="4" />
		<capsule pos="14.950000000000003,13.75,28.75" vel="0,0,0" mass="1" elasticityCoef="1" ang="90,0,0" color="0,220,0" radius="0.5" length="4" />
		<capsule pos="14.950000000000003,13.75,31.049999999999997" vel="0,0,0" mass="1" elasticityCoef="1" ang="90,0,0" color="0,220,0" radius="0.5" length="4" />
		<capsule pos="14.950000000000003,19.25,-33.349999999999994" vel="0,0,0" mass="1" elasticityCoef="1" ang="90,0,0" color="0,220,0" radius="0.5" length="4" />
		<capsule pos="14.950000000000003,19.25,-31.049999999999994" vel="0,0,0" mass="1" elasticityCoef="1" ang="90,0,0" color="0,220,0" radius="0.5" length="4" />
		<capsule pos="14.950000000000003,19.25,-28.749999999999993" vel="0,0,0" mass="1" elasticityCoef="1" ang="90,0,0" color="0,220,0" radius="0.5" length="4" />
		<capsule pos="14.950000000000003,19.25,-26.449999999999996" vel="0,0,0" mass="1" elasticityCoef="1" ang="90,0,0" color="0,220,0" radius="0.5" length="4" />
		<capsule pos="14.950000000000003,19.25,-24.149999999999995" vel="0,0,0" mass="1" elasticityCoef="1" ang="90,0,0" color="0,220,0" radius="0.5" length="4" />
		<capsule pos="14.950000000000003,19.25,-21.849999999999994" vel="0,0,0" mass="1" elasticityCoef="1" ang="90,0,0" color="0,220,0" radius="0.5" length="4" />
		<capsule pos="14.950000000000003,19.25,-19.549999999999997" vel="0,0,0" mass="1" elasticityCoef="1" ang="90,0,0" color="0,220,0" radius="0.5" length="4" />
		<capsule pos="14.950000000000003,19.25,-17.249999999999996" vel="0,0,0" mass="1" elasticityCoef="1" ang="90,0,0" color="0,220,0" radius="0.5" length="4" />
		<capsule pos="14.950000000000003,19.25,-14.949999999999996" vel="0,0,0" mass="1" elasticityCoef="1" ang="90,0,0" color="0,220,0" radius="0.5" length="4" />
		<capsule pos="14.950000000000003,19.25,-12.649999999999995" vel="0,0,0" mass="1" elasticityCoef="1" ang="90,0,0" color="0,220,0" radius="0.5" length="4" />
		<capsule pos="14.950000000000003,19.25,-10.349999999999994" vel="0,0,0" mass="1" elasticityCoef="1" ang="90,0,0" color="0,220,0" radius="0.5" length="4" />
		<capsule pos="14.950000000000003,19.25,-8.049999999999997" vel="0,0,0" mass="1" elasticityCoef="1" ang="90,0,0" color="0,220,0" radius="0.5" length="4" />
		<capsule pos="14.950000000000003,19.25,-5.7499999999999964" vel="0,0,0" mass="1" elasticityCoef="1" ang="90,0,0" color="0,220,0" radius="0.5" length="4" />
		<capsule pos="14.950000000000003,19.25,-3.4499999999999957" vel="0,0,0" mass="1" elasticityCoef="1" ang="90,0,0" color="0,220,0" radius="0.5" length="4" />
		<capsule pos="14.950000000000003,19.25,-1.1499999999999986" vel="0,0,0" mass="1" elasticityCoef="1" ang="90,0,0" color="0,220,0" radius="0.5" length="4" />
		<capsule pos="14.950000000000003,19.25,1.1500000000000057" vel="0,0,0" mass="1" elasticityCoef="1" ang="90,0,0" color="0,220,0" radius="0.5" length="4" />
		<capsule pos="14.950000000000003,19.25,3.450000000000003" vel="0,0,0" mass="1" elasticityCoef="1" ang="90,0,0" color="0,220,0" radius="0.5" length="4" />
		<capsule pos="14.950000000000003,19.25,5.75" vel="0,0,0" mass="1" elasticityCoef="1" ang="90,0,0" color="0,220,0" radius="0.5" length="4" />
		<capsule pos="14.950000000000003,19.25,8.050000000000004" vel="0,0,0" mass="1" elasticityCoef="1" ang="90,0,0" color="0,220,0" radius="0.5" length="4" />
		<capsule pos="14.950000000000003,19.25,10.350000000000001" vel="0,0,0" mass="1" elasticityCoef="1" ang="90,0,0" color="0,220,0" radius="0.5" length="4" />
		<capsule pos="14.950000000000003,19.25,12.650000000000006" vel="0,0,0" mass="1" elasticityCoef="1" ang="90,0,0" color="0,220,0" radius="0.5" length="4" />
		<capsule pos="14.950000000000003,19.25,14.950000000000003" vel="0,0,0" mass="1" elasticityCoef="1" ang="90,0,0" color="0,220,0" radius="0.5" length="4" />
		<capsule pos="14.950000000000003,19.25,17.25" vel="0,0,0" mass="1" elasticityCoef="1" ang="90,0,0" color="0,220,0" radius="0.5" length="4" />
		<capsule pos="14.950000000000003,19.25,19.550000000000004" vel="0,0,0" mass="1" elasticityCoef="1" ang="90,0,0" color="0,220,0" radius="0.5" length="4" />
		<capsule pos="14.950000000000003,19.25,21.85" vel="0,0,0" mass="1" elasticityCoef="1" ang="90,0,0" color="0,220,0" radius="0.5" length="4" />
		<capsule pos="14.950000000000003,19.25,24.15" vel="0,0,0" mass="1" elasticityCoef="1" ang="90,0,0" color="0,220,0" radius="0.5" length="4" />
		<capsule pos="14.950000000000003,19.25,26.450000000000003" vel="0,0,0" mass="1" elasticityCoef="1" ang="90,0,0" color="0,220,0" radius="0.5" length="4" />
		<capsule pos="14.950000000000003,19.25,28.75" vel="0,0,0" mass="1" elasticityCoef="1" ang="90,0,0" color="0,220,0" radius="0.5" length="4" />
		<capsule pos="14.950000000000003,19.25,31.049999999999997" vel="0,0,0" mass="1" elasticityCoef="1" ang="90,0,0" color="0,220,0" radius="0.5" length="4" />
		<capsule pos="14.950000000000003,24.75,-33.349999999999994" vel="0,0,0" mass="1" elasticityCoef="1" ang="90,0,0" color="0,220,0" radius="0.5" length="4" />
		<capsule pos="14.950000000000003,24.75,-31.049999999999994" vel="0,0,0" mass="1" elasticityCoef="1" ang="90,0,0" color="0,220,0" radius="0.5" length="4" />
		<capsule pos="14.950000000000003,24.75,-28.749999999999993" vel="0,0,0" mass="1" elasticityCoef="1" ang="90,0,0" color="0,220,0" radius="0.5" length="4" />
		<capsule pos="14.950000000000003,24.75,-26.449999999999996" vel="0,0,0" mass="1" elasticityCoef="1" ang="90,0,0" color="0,220,0" radius="0.5" length="4" />
		<capsule pos="14.950000000000003,24.75,-24.149999999999995" vel="0,0,0" mass="1" elasticityCoef="1" ang="90,0,0" color="0,220,0" radius="0.5" length="4" />
		<capsule pos="14.950000000000003,24.75,-21.849999999999994" vel="0,0,0" mass="1" elasticityCoef="1" ang="90,0,0" color="0,220,0" radius="0.5" length="4" />
		<capsule pos="14.950000000000003,24.75,-19.549999999999997" vel="0,0,0" mass="1" elasticityCoef="1" ang="90,0,0" color="0,220,0" radius="0.5" length="4" />
		<capsule pos="14.950000000000003,24.75,-17.249999999999996" vel="0,0,0" mass="1" elasticityCoef="1" ang="90,0,0" color="0,220,0" radius="0.5" length="4" />
		<capsule pos="14.950000000000003,24.75,-14.949999999999996" vel="0,0,0" mass="1" elasticityCoef="1" ang="90,0,0" color="0,220,0" radius="0.5" length="4" />
		<capsule pos="14.950000000000003,24.75,-12.649999999999995" vel="0,0,0" mass="1" elasticityCoef="1" ang="90,0,0" color="0,220,0" radius="0.5" length="4" />
		<capsule pos="14.950000000000003,24.75,-10.349999999999994" vel="0,0,0" mass="1" elasticityCoef="1" ang="90,0,0" color="0,220,0" radius="0.5" length="4" />
		<capsule pos="14.950000000000003,24.75,-8.049999999999997" vel="0,0,0" mass="1" elasticityCoef="1" ang="90,0,0" color="0,220,0" radius="0.5" length="4" />
		<capsule pos="14.950000000000003,24.75,-5.7499999999999964" vel="0,0,0" mass="1" elasticityCoef="1" ang="90,0,0" color="0,220,0" radius="0.5" length="4" />
		<capsule pos="14.950000000000003,24.75,-3.4499999999999957" vel="0,0,0" mass="1" elasticityCoef="1" ang="90,0,0" color="0,220,0" radius="0.5" length="4" />
		<capsule pos="14.950000000000003,24.75,-1.1499999999999986" vel="0,0,0" mass="1" elasticityCoef="1" ang="90,0,0" color="0,220,0" radius="0.5" length="4" />
		<capsule pos="14.950000000000003,24.75,1.1500000000000057" vel="0,0,0" mass="1" elasticityCoef="1" ang="90,0,0" color="0,220,0" radius="0.5" length="4" />
		<capsule pos="14.950000000000003,24.75,3.450000000000003" vel="0,0,0" mass="1" elasticityCoef="1" ang="90,0,0" color="0,220,0" radius="0.5" length="4" />
		<capsule pos="14.950000000000003,24.75,5.75" vel="0,0,0" mass="1" elasticityCoef="1" ang="90,0,0" color="0,220,0" radius="0.5" length="4" />
		<capsule pos="14.950000000000003,24.75,8.050000000000004" vel="0,0,0" mass="1" elasticityCoef="1" ang="90,0,0" color="0,220,0" radius="0.5" length="4" />
		<capsule pos="14.950000000000003,24.75,10.350000000000001" vel="0,0,0" mass="1" elasticityCoef="1" ang="90,0,0" color="0,220,0" radius="0.5" length="4" />
		<capsule pos="14.950000000000003,24.75,12.650000000000006" vel="0,0,0" mass="1" elasticityCoef="1" ang="90,0,0" color="0,220,0" radius="0.5" length="4" />
		<capsule pos="14.950000000000003,24.75,14.950000000000003" vel="0,0,0" mass="1" elasticityCoef="1" ang="90,0,0" color="0,220,0" radius="0.5" length="4" />
		<capsule pos="14.950000000000003,24.75,17.25" vel="0,0,0" mass="1" elasticityCoef="1" ang="90,0,0" color="0,220,0" radius="0.5" length="4" />
		<capsule pos="14.950000000000003,24.75,19.550000000000004" vel="0,0,0" mass="1" elasticityCoef="1" ang="90,0,0" color="0,220,0" radius="0.5" length="4" />
		<capsule pos="14.950000000000003,24.75,21.85" vel="0,0,0" mass="1" elasticityCoef="1" ang="90,0,0" color="0,220,0" radius="0.5" length="4" />
		<capsule pos="14.950000000000003,24.75,24.15" vel="0,0,0" mass="1" elasticityCoef="1" ang="90,0,0" color="0,220,0" radius="0.5" length="4" />
		<capsule pos="14.950000000000003,24.75,26.450000000000003" vel="0,0,0" mass="1" elasticityCoef="1" ang="90,0,0" color="0,220,0" radius="0.5" length="4" />
		<capsule pos="14.950000000000003,24.75,28.75" vel="0,0,0" mass="1" elasticityCoef="1" ang="90,0,0" color="0,220,0" radius="0.5" length="4" />
		<capsule pos="14.950000000000003,24.75,31.049999999999997" vel="0,0,0" mass="1" elasticityCoef="1" ang="90,0,0" color="0,220,0" radius="0.5" length="4" />
		<capsule pos="14.950000000000003,30.25,-33.349999999999994" vel="0,0,0" mass="1" elasticityCoef="1" ang="90,0,0" color="0,220,0" radius="0.5" length="4" />
		<capsule pos="14.950000000000003,30.25,-31.049999999999994" vel="0,0,0" mass="1" elasticityCoef="1" ang="90,0,0" color="0,220,0" radius="0.5" length="4" />
		<capsule pos="14.950000000000003,30.25,-28.749999999999993" vel="0,0,0" mass="1" elasticityCoef="1" ang="90,0,0" color="0,220,0" radius="0.5" length="4" />
		<capsule pos="14.950000000000003,30.25,-26.449999999999996" vel="0,0,0" mass="1" elasticityCoef="1" ang="90,0,0" color="0,220,0" radius="0.5" length="4" />
		<capsule pos="14.950000000000003,30.25,-24.149999999999995" vel="0,0,0" mass="1" elasticityCoef="1" ang="90,0,0" color="0,220,0" radius="0.5" length="4" />
		<capsule pos="14.950000000000003,30.25,-21.849999999999994" vel="0,0,0" mass="1" elasticityCoef="1" ang="90,0,0" color="0,220,0" radius="0.5" length="4" />
		<capsule pos="14.950000000000003,30.25,-19.549999999999997" vel="0,0,0" mass="1" elasticityCoef="1" ang="90,0,0" color="0,220,0" radius="0.5" length="4" />
		<capsule pos="14.950000000000003,30.25,-17.249999999999996" vel="0,0,0" mass="1" elasticityCoef="1" ang="90,0,0" color="0,220,0" radius="0.5" length="4" />
		<capsule pos="14.950000000000003,30.25,-14.949999999999996" vel="0,0,0" mass="1" elasticityCoef="1" ang="90,0,0" color="0,220,0" radius="0.5" length="4" />
		<capsule pos="14.950000000000003,30.25,-12.649999999999995" vel="0,0,0" mass="1" elasticityCoef="1" ang="90,0,0" color="0,220,0" radius="0.5" length="4" />
		<capsule pos="14.950000000000003,30.25,-10.349999999999994" vel="0,0,0" mass="1" elasticityCoef="1" ang="90,0,0" color="0,220,0" radius="0.5" length="4" />
		<capsule pos="14.950000000000003,30.25,-8.049999999999997" vel="0,0,0" mass="1" elasticityCoef="1" ang="90,0,0" color="0,220,0" radius="0.5" length="4" />
		<capsule pos="14.950000000000003,30.25,-5.7499999999999964" vel="0,0,0" mass="1" elasticityCoef="1" ang="90,0,0" color="0,220,0" radius="0.5" length="4" />
		<capsule pos="14.950000000000003,30.25,-3.4499999999999957" vel="0,0,0" mass="1" elasticityCoef="1" ang="90,0,0" color="0,220,0" radius="0.5" length="4" />
		<capsule pos="14.950000000000003,30.25,-1.1499999999999986" vel="0,0,0" mass="1" elasticityCoef="1" ang="90,0,0" color="0,220,0" radius="0.5" length="4" />
		<capsule pos="14.950000000000003,30.25,1.1500000000000057" vel="0,0,0" mass="1" elasticityCoef="1" ang="90,0,0" color="0,220,0" radius="0.5" length="4" />
		<capsule pos="14.950000000000003,30.25,3.450000000000003" vel="0,0,0" mass="1" elasticityCoef="1" ang="90,0,0" color="0,220,0" radius="0.5" length="4" />
		<capsule pos="14.950000000000003,30.25,5.75" vel="0,0,0" mass="1" elasticityCoef="1" ang="90,0,0" color="0,220,0" radius="0.5" length="4" />
		<capsule pos="14.950000000000003,30.25,8.050000000000004" vel="0,0,0" mass="1" elasticityCoef="1" ang="90,0,0" color="0,220,0" radius="0.5" length="4" />
		<capsule pos="14.950000000000003,30.25,10.350000000000001" vel="0,0,0" mass="1" elasticityCoef="1" ang="90,0,0" color="0,220,0" radius="0.5" length="4" />
		<capsule pos="14.950000000000003,30.25,12.650000000000006" vel="0,0,0" mass="1" elasticityCoef="1" ang="90,0,0" color="0,220,0" radius="0.5" length="4" />
		<capsule pos="14.950000000000003,30.25,14.950000000000003" vel="0,0,0" mass="1" elasticityCoef="1" ang="90,0,0" color="0,220,0" radius="0.5" length="4" />
		<capsule pos="14.950000000000003,30.25,17.25" vel="0,0,0" mass="1" elasticityCoef="1" ang="90,0,0" color="0,220,0" radius="0.5" length="4" />
		<capsule pos="14.950000000000003,30.25,19.550000000000004" vel="0,0,0" mass="1" elasticityCoef="1" ang="90,0,0" color="0,220,0" radius="0.5" length="4" />
		<capsule pos="14.950000000000003,30.25,21.85" vel="0,0,0" mass="1" elasticityCoef="1" ang="90,0,0" color="0,220,0" radius="0.5" length="4" />
		<capsule pos="14.950000000000003,30.25,24.15" vel="0,0,0" mass="1" elasticityCoef="1" ang="90,0,0" color="0,220,0" radius="0.5" length="4" />
		<capsule pos="14.950000000000003,30.25,26.450000000000003" vel="0,0,0" mass="1" elasticityCoef="1" ang="90,0,0" color="0,220,0" radius="0.5" length="4" />
		<capsule pos="14.950000000000003,30.25,28.75" vel="0,0,0" mass="1" elasticityCoef="1" ang="90,0,0" color="0,220,0" radius="0.5" length="4" />
		<capsule pos="14.950000000000003,30.25,31.049999999999997" vel="0,0,0" mass="1" elasticityCoef="1" ang="90,0,0" color="0,220,0" radius="0.5" length="4" />
		<capsule pos="14.950000000000003,35.75,-33.349999999999994" vel="0,0,0" mass="1" elasticityCoef="1" ang="90,0,0" color="0,220,0" radius="0.5" length="4" />
		<capsule pos="14.950000000000003,35.75,-31.049999999999994" vel="0,0,0" mass="1" elasticityCoef="1" ang="90,0,0" color="0,220,0" radius="0.5" length="4" />
		<capsule pos="14.950000000000003,35.75,-28.749999999999993" vel="0,0,0" mass="1" elasticityCoef="1" ang="90,0,0" color="0,220,0" radius="0.5" length="4" />
		<capsule pos="14.950000000000003,35.75,-26.449999999999996" vel="0,0,0" mass="1" elasticityCoef="1" ang="90,0,0" color="0,220,0" radius="0.5" length="4" />
		<capsule pos="14.950000000000003,35.75,-24.149999999999995" vel="0,0,0" mass="1" elasticityCoef="1" ang="90,0,0" color="0,220,0" radius="0.5" length="4" />
		<capsule pos="14.950000000000003,35.75,-21.849999999999994" vel="0,0,0" mass="1" elasticityCoef="1" ang="90,0,0" color="0,220,0" radius="0.5" length="4" />
		<capsule pos="14.950000000000003,35.75,-19.549999999999997" vel="0,0,0" mass="1" elasticityCoef="1" ang="90,0,0" color="0,220,0" radius="0.5" length="4" />
		<capsule pos="14.950000000000003,35.75,-17.249999999999996" vel="0,0,0" mass="1" elasticityCoef="1" ang="90,0,0" color="0,220,0" radius="0.5" length="4" />
		<capsule pos="14.950000000000003,35.75,-14.949999999999996" vel="0,0,0" mass="1" elasticityCoef="1" ang="90,0,0" color="0,220,0" radius="0.5" length="4" />
		<capsule pos="14.950000000000003,35.75,-12.649999999999995" vel="0,0,0" mass="1" elasticityCoef="1" ang="90,0,0" color="0,220,0" radius="0.5" length="4" />
		<capsule pos="14.950000000000003,35.75,-10.349999999999994" vel="0,0,0" mass="1" elasticityCoef="1" ang="90,0,0" color="0,220,0" radius="0.5" length="4" />
		<capsule pos="14.950000000000003,35.75,-8.049999999999997" vel="0,0,0" mass="1" elasticityCoef="1" ang="90,0,0" color="0,220,0" radius="0.5" length="4" />
		<capsule pos="14.950000000000003,35.75,-5.7499999999999964" vel="0,0,0" mass="1" elasticityCoef="1" ang="90,0,0" color="0,220,0" radius="0.5" length="4" />
		<capsule pos="14.950000000000003,35.75,-3.4499999999999957" vel="0,0,0" mass="1" elasticityCoef="1" ang="90,0,0" color="0,220,0" radius="0.5" length="4" />
		<capsule pos="14.950000000000003,35.75,-1.1499999999999986" vel="0,0,0" mass="1" elasticityCoef="1" ang="90,0,0" color="0,220,0" radius="0.5" length="4" />
		<capsule pos="14.950000000000003,35.75,1.1500000000000057" vel="0,0,0" mass="1" elasticityCoef="1" ang="90,0,0" color="0,220,0" radius="0.5" length="4" />
		<capsule pos="14.950000000000003,35.75,3.450000000000003" vel="0,0,0" mass="1" elasticityCoef="1" ang="90,0,0" color="0,220,0" radius="0.5" length="4" />
		<capsule pos="14.950000000000003,35.75,5.75" vel="0,0,0" mass="1" elasticityCoef="1" ang="90,0,0" color="0,220,0" radius="0.5" length="4" />
		<capsule pos="14.950000000000003,35.75,8.050000000000004" vel="0,0,0" mass="1" elasticityCoef="1" ang="90,0,0" color="0,220,0" radius="0.5" length="4" />
		<capsule pos="14.950000000000003,35.75,10.350000000000001" vel="0,0,0" mass="1" elasticityCoef="1" ang="90,0,0" color="0,220,0" radius="0.5" length="4" />
		<capsule pos="14.950000000000003,35.75,12.650000000000006" vel="0,0,0" mass="1" elasticityCoef="1" ang="90,0,0" color="0,220,0" radius="0.5" length="4" />
		<capsule pos="14.950000000000003,35.75,14.950000000000003" vel="0,0,0" mass="1" elasticityCoef="1" ang="90,0,0" color="0,220,0" radius="0.5" length="4" />
		<capsule pos="14.950000000000003,35.75,17.25" vel="0,0,0" mass="1" elasticityCoef="1" ang="90,0,0" color="0,220,0" radius="0.5" length="4" />
		<capsule pos="14.950000000000003,35.75,19.550000000000004" vel="0,0,0" mass="1" elasticityCoef="1" ang="90,0,0" color="0,220,0" radius="0.5" length="4" />
		<capsule pos="14.950000000000003,35.75,21.85" vel="0,0,0" mass="1" elasticityCoef="1" ang="90,0,0" color="0,220,0" radius="0.5" length="4" />
		<capsule pos="14.950000000000003,35.75,24.15" vel="0,0,0" mass="1" elasticityCoef="1" ang="90,0,0" color="0,220,0" radius="0.5" length="4" />
		<capsule pos="14.950000000000003,35.75,26.450000000000003" vel="0,0,0" mass="1" elasticityCoef="1" ang="90,0,0" color="0,220,0" radius="0.5" length="4" />
		<capsule pos="14.950000000000003,35.75,28.75" vel="0,0,0" mass="1" elasticityCoef="1" ang="90,0,0" color="0,220,0" radius="0.5" length="4" />
		<capsule pos="14.950000000000003,35.75,31.049999999999997" vel="0,0,0" mass="1" elasticityCoef="1" ang="90,0,0" color="0,220,0" radius="0.5" length="4" />
		<capsule pos="17.25,-41.25,-33.349999999999994" vel="0,0,0" mass="1" elasticityCoef="1" ang="90,0,0" color="0,220,0" radius="0.5" length="4" />
		<capsule pos="17.25,-41.25,-31.049999999999994" vel="0,0,0" mass="1" elasticityCoef="1" ang="90,0,0" color="0,220,0" radius="0.5" length="4" />
		<capsule pos="17.25,-41.25,-28.749999999999993" vel="0,0,0" mass="1" elasticityCoef="1" ang="90,0,0" color="0,220,0" radius="0.5" length="4" />
		<capsule pos="17.25,-41.25,-26.449999999999996" vel="0,0,0" mass="1" elasticityCoef="1" ang="90,0,0" color="0,220,0" radius="0.5" length="4" />
		<capsule pos="17.25,-41.25,-24.149999999999995" vel="0,0,0" mass="1" elasticityCoef="1" ang="90,0,0" color="0,220,0" radius="0.5" length="4" />
		<capsule pos="17.25,-41.25,-21.849999999999994" vel="0,0,0" mass="1" elasticityCoef="1" ang="90,0,0" color="0,220,0" radius="0.5" length="4" />
		<capsule pos="17.25,-41.25,-19.549999999999997" vel="0,0,0" mass="1" elasticityCoef="1" ang="90,0,0" color="0,220,0" radius="0.5" length="4" />
		<capsule pos="17.25,-41.25,-17.249999999999996" vel="0,0,0" mass="1" elasticityCoef="1" ang="90,0,0" color="0,220,0" radius="0.5" length="4" />
		<capsule pos="17.25,-41.25,-14.949999999999996" vel="0,0,0" mass="1" elasticityCoef="1" ang="90,0,0" color="0,220,0" radius="0.5" length="4" />
		<capsule pos="17.25,-41.25,-12.649999999999995" vel="0,0,0" mass="1" elasticityCoef="1" ang="90,0,0" color="0,220,0" radius="0.5" length="4" />
		<capsule pos="17.25,-41.25,-10.349999999999994" vel="0,0,0" mass="1" elasticityCoef="1" ang="90,0,0" color="0,220,0" radius="0.5" length="4" />
		<capsule pos="17.25,-41.25,-8.049999999999997" vel="0,0,0" mass="1" elasticityCoef="1" ang="90,0,0" color="0,220,0" radius="0.5" length="4" />
		<capsule pos="17.25,-41.25,-5.7499999999999964" vel="0,0,0" mass="1" elasticityCoef="1" ang="90,0,0" color="0,220,0" radius="0.5" length="4" />
		<capsule pos="17.25,-41.25,-3.4499999999999957" vel="0,0,0" mass="1" elasticityCoef="1" ang="90,0,0" color="0,220,0" radius="0.5" length="4" />
		<capsule pos="17.25,-41.25,-1.1499999999999986" vel="0,0,0" mass="1" elasticityCoef="1" ang="90,0,0" color="0,220,0" radius="0.5" length="4" />
		<capsule pos="17.25,-41.25,1.1500000000000057" vel="0,0,0" mass="1" elasticityCoef="1" ang="90,0,0" color="0,220,0" radius="0.5" length="4" />
		<capsule pos="17.25,-41.25,3.450000000000003" vel="0,0,0" mass="1" elasticityCoef="1" ang="90,0,0" color="0,220,0" radius="0.5" length="4" />
		<capsule pos="17.25,-41.25,5.75" vel="0,0,0" mass="1" elasticityCoef="1" ang="90,0,0" color="0,220,0" radius="0.5" length="4" />
		<capsule pos="17.25,-41.25,8.050000000000004" vel="0,0,0" mass="1" elasticityCoef="1" ang="90,0,0" color="0,220,0" radius="0.5" length="4" />
		<capsule pos="17.25,-41.25,10.350000000000001" vel="0,0,0" mass="1" elasticityCoef="1" ang="90,0,0" color="0,220,0" radius="0.5" length="4" />
		<capsule pos="17.25,-41.25,12.650000000000006" vel="0,0,0" mass="1" elasticityCoef="1" ang="90,0,0" color="0,220,0" radius="0.5" length="4" />
		<capsule pos="17.25,-41.25,14.950000000000003" vel="0,0,0" mass="1" elasticityCoef="1" ang="90,0,0" color="0,220,0" radius="0.5" length="4" />
		<capsule pos="17.25,-41.25,17.25" vel="0,0,0" mass="1" elasticityCoef="1" ang="90,0,0" color="0,220,0" radius="0.5" length="4" />
		<capsule pos="17.25,-41.25,19.550000000000004" vel="0,0,0" mass="1" elasticityCoef="1" ang="90,0,0" color="0,220,0" radius="0.5" length="4" />
		<capsule pos="17.25,-41.25,21.85" vel="0,0,0" mass="1" elasticityCoef="1" ang="90,0,0" color="0,220,0" radius="0.5" length="4" />
		<capsule pos="17.25,-41.25,24.15" vel="0,0,0" mass="1" elasticityCoef="1" ang="90,0,0" color="0,220,0" radius="0.5" length="4" />
		<capsule pos="17.25,-41.25,26.450000000000003" vel="0,0,0" mass="1" elasticityCoef="1" ang="90,0,0" color="0,220,0" radius="0.5" length="4" />
		<capsule pos="17.25,-41.25,28.75" vel="0,0,0" mass="1" elasticityCoef="1" ang="90,0,0" color="0,220,0" radius="0.5" length="4" />
		<capsule pos="17.25,-41.25,31.049999999999997" vel="0,0,0" mass="1" elasticityCoef="1" ang="90,0,0" color="0,220,0" radius="0.5" length="4" />
		<capsule pos="17.25,-35.75,-33.349999999999994" vel="0,0,0" mass="1" elasticityCoef="1" ang="90,0,0" color="0,220,0" radius="0.5" length="4" />
		<capsule pos="17.25,-35.75,-31.049999999999994" vel="0,0,0" mass="1" elasticityCoef="1" ang="90,0,0" color="0,220,0" radius="0.5" length="4" />
		<capsule pos="17.25,-35.75,-28.749999999999993" vel="0,0,0" mass="1" elasticityCoef="1" ang="90,0,0" color="0,220,0" radius="0.5" length="4" />
		<capsule pos="17.25,-35.75,-26.449999999999996" vel="0,0,0" mass="1" elasticityCoef="1" ang="90,0,0" color="0,220,0" radius="0.5" length="4" />
		<capsule pos="17.25,-35.75,-24.149999999999995" vel="0,0,0" mass="1" elasticityCoef="1" ang="90,0,0" color="0,220,0" radius="0.5" length="4" />
		<capsule pos="17.25,-35.75,-21.849999999999994" vel="0,0,0" mass="1" elasticityCoef="1" ang="90,0,0" color="0,220,0" radius="0.5" length="4" />
		<capsule pos="17.25,-35.75,-19.549999999999997" vel="0,0,0" mass="1" elasticityCoef="1" ang="90,0,0" color="0,220,0" radius="0.5" length="4" />
		<capsule pos="17.25,-35.75,-17.249999999999996" vel="0,0,0" mass="1" elasticityCoef="1" ang="90,0,0" color="0,220,0" radius="0.5" length="4" />
		<capsule pos="17.25,-35.75,-14.949999999999996" vel="0,0,0" mass="1" elasticityCoef="1" ang="90,0,0" color="0,220,0" radius="0.5" length="4" />
		<capsule pos="17.25,-35.75,-12.649999999999995" vel="0,0,0" mass="1" elasticityCoef="1" ang="90,0,0" color="0,220,0" radius="0.5" length="4" />
		<capsule pos="17.25,-35.75,-10.349999999999994" vel="0,0,0" mass="1" elasticityCoef="1" ang="90,0,0" color="0,220,0" radius="0.5" length="4" />
		<capsule pos="17.25,-35.75,-8.049999999999997" vel="0,0,0" mass="1" elasticityCoef="1" ang="90,0,0" color="0,220,0" radius="0.5" length="4" />
		<capsule pos="17.25,-35.75,-5.7499999999999964" vel="0,0,0" mass="1" elasticityCoef="1" ang="90,0,0" color="0,220,0" radius="0.5" length="4" />
		<capsule pos="17.25,-35.75,-3.4499999999999957" vel="0,0,0" mass="1" elasticityCoef="1" ang="90,0,0" color="0,220,0" radius="0.5" length="4" />
		<capsule pos="17.25,-35.75,-1.1499999999999986" vel="0,0,0" mass="1" elasticityCoef="1" ang="90,0,0" color="0,220,0" radius="0.5" length="4" />
		<capsule pos="17.25,-35.75,1.1500000000000057" vel="0,0,0" mass="1" elasticityCoef="1" ang="90,0,0" color="0,220,0" radius="0.5" length="4" />
		<capsule pos="17.25,-35.75,3.450000000000003" vel="0,0,0" mass="1" elasticityCoef="1" ang="90,0,0" color="0,220,0" radius="0.5" length="4" />
		<capsule pos="17.25,-35.75,5.75" vel="0,0,0" mass="1" elasticityCoef="1" ang="90,0,0" color="0,220,0" radius="0.5" length="4" />
		<capsule pos="17.25,-35.75,8.050000000000004" vel="0,0,0" mass="1" elasticityCoef="1" ang="90,0,0" color="0,220,0" radius="0.5" length="4" />
		<capsule pos="17.25,-35.75,10.350000000000001" vel="0,0,0" mass="1" elasticityCoef="1" ang="90,0,0" color="0,220,0" radius="0.5" length="4" />
		<capsule pos="17.25,-35.75,12.650000000000006" vel="0,0,0" mass="1" elasticityCoef="1" ang="90,0,0" color="0,220,0" radius="0.5" length="4" />
		<capsule pos="17.25,-35.75,14.950000000000003" vel="0,0,0" mass="1" elasticityCoef="1" ang="90,0,0" color="0,220,0" radius="0.5" length="4" />
		<capsule pos="17.25,-35.75,17.25" vel="0,0,0" mass="1" elasticityCoef="1" ang="90,0,0" color="0,220,0" radius="0.5" length="4" />
		<capsule pos="17.25,-35.75,19.550000000000004" vel="0,0,0" mass="1" elasticityCoef="1" ang="90,0,0" color="0,220,0" radius="0.5" length="4" />
		<capsule pos="17.25,-35.75,21.85" vel="0,0,0" mass="1" elasticityCoef="1" ang="90,0,0" color="0,220,0" radius="0.5" length="4" />
		<capsule pos="17.25,-35.75,24.15" vel="0,0,0" mass="1" elasticityCoef="1" ang="90,0,0" color="0,220,0" radius="0.5" length="4" />
		<capsule pos="17.25,-35.75,26.450000000000003" vel="0,0,0" mass="1" elasticityCoef="1" ang="90,0,0" color="0,220,0" radius="0.5" length="4" />
		<capsule pos="17.25,-35.75,28.75" vel="0,0,0" mass="1" elasticityCoef="1" ang="90,0,0" color="0,220,0" radius="0.5" length="4" />
		<capsule pos="17.25,-35.75,31.049999999999997" vel="0,0,0" mass="1" elasticityCoef="1" ang="90,0,0" color="0,220,0" radius="0.5" length="4" />
		<capsule pos="17.25,-30.25,-33.349999999999994" vel="0,0,0" mass="1" elasticityCoef="1" ang="90,0,0" color="0,220,0" radius="0.5" length="4" />
		<capsule pos="17.25,-30.25,-31.049999999999994" vel="0,0,0" mass="1" elasticityCoef="1" ang="90,0,0" color="0,220,0" radius="0.5" length="4" />
		<capsule pos="17.25,-30.25,-28.749999999999993" vel="0,0,0" mass="1" elasticityCoef="1" ang="90,0,0" color="0,220,0" radius="0.5" length="4" />
		<capsule pos="17.25,-30.25,-26.449999999999996" vel="0,0,0" mass="1" elasticityCoef="1" ang="90,0,0" color="0,220,0" radius="0.5" length="4" />
		<capsule pos="17.25,-30.25,-24.149999999999995" vel="0,0,0" mass="1" elasticityCoef="1" ang="90,0,0" color="0,220,0" radius="0.5" length="4" />
		<capsule pos="17.25,-30.25,-21.849999999999994" vel="0,0,0" mass="1" elasticityCoef="1" ang="90,0,0" color="0,220,0" radius="0.5" length="4" />
		<capsule pos="17.25,-30.25,-19.549999999999997" vel="0,0,0" mass="1" elasticityCoef="1" ang="90,0,0" color="0,220,0" radius="0.5" length="4" />
		<capsule pos="17.25,-30.25,-17.249999999999996" vel="0,0,0" mass="1" elasticityCoef="1" ang="90,0,0" color="0,220,0" radius="0.5" length="4" />
		<capsule pos="17.25,-30.25,-14.949999999999996" vel="0,0,0" mass="1" elasticityCoef="1" ang="90,0,0" color="0,220,0" radius="0.5" length="4" />
		<capsule pos="17.25,-30.25,-12.649999999999995" vel="0,0,0" mass="1" elasticityCoef="1" ang="90,0,0" color="0,220,0" radius="0.5" length="4" />
		<capsule pos="17.25,-30.25,-10.349999999999994" vel="0,0,0" mass="1" elasticityCoef="1" ang="90,0,0" color="0,220,0" radius="0.5" length="4" />
		<capsule pos="17.25,-30.25,-8.049999999999997" vel="0,0,0" mass="1" elasticityCoef="1" ang="90,0,0" color="0,220,0" radius="0.5" length="4" />
		<capsule pos="17.25,-30.25,-5.7499999999999964" vel="0,0,0" mass="1" elasticityCoef="1" ang="90,0,0" color="0,220,0" radius="0.5" length="4" />
		<capsule pos="17.25,-30.25,-3.4499999999999957" vel="0,0,0" mass="1" elasticityCoef="1" ang="90,0,0" color="0,220,0" radius="0.5" length="4" />
		<capsule pos="17.25,-30.25,-1.1499999999999986" vel="0,0,0" mass="1" elasticityCoef="1" ang="90,0,0" color="0,220,0" radius="0.5" length="4" />
		<capsule pos="17.25,-30.25,1.1500000000000057" vel="0,0,0" mass="1" elasticityCoef="1" ang="90,0,0" color="0,220,0" radius="0.5" length="4" />
		<capsule pos="17.25,-30.25,3.450000000000003" vel="0,0,0" mass="1" elasticityCoef="1" ang="90,0,0" color="0,220,0" radius="0.5" length="4" />
		<capsule pos="17.25,-30.25,5.75" vel="0,0,0" mass="1" elasticityCoef="1" ang="90,0,0" color="0,220,0" radius="0.5" length="4" />
		<capsule pos="17.25,-30.25,8.050000000000004" vel="0,0,0" mass="1" elasticityCoef="1" ang="90,0,0" color="0,220,0" radius="0.5" length="4" />
		<capsule pos="17.25,-30.25,10.350000000000001" vel="0,0,0" mass="1" elasticityCoef="1" ang="90,0,0" color="0,220,0" radius="0.5" length="4" />
		<capsule pos="17.25,-30.25,12.650000000000006" vel="0,0,0" mass="1" elasticityCoef="1" ang="90,0,0" color="0,220,0" radius="0.5" length="4" />
		<capsule pos="17.25,-30.25,14.950000000000003" vel="0,0,0" mass="1" elasticityCoef="1" ang="90,0,0" color="0,220,0" radius="0.5" length="4" />
		<capsule pos="17.25,-30.25,17.25" vel="0,0,0" mass="1" elasticityCoef="1" ang="90,0,0" color="0,220,0" radius="0.5" length="4" />
		<capsule pos="17.25,-30.25,19.550000000000004" vel="0,0,0" mass="1" elasticityCoef="1" ang="90,0,0" color="0,220,0" radius="0.5" length="4" />
		<capsule pos="17.25,-30.25,21.85" vel="0,0,0" mass="1" elasticityCoef="1" ang="90,0,0" color="0,220,0" radius="0.5" length="4" />
		<capsule pos="17.25,-30.25,24.15" vel="0,0,0" mass="1" elasticityCoef="1" ang="90,0,0" color="0,220,0" radius="0.5" length="4" />
		<capsule pos="17.25,-30.25,26.450000000000003" vel="0,0,0" mass="1" elasticityCoef="1" ang="90,0,0" color="0,220,0" radius="0.5" length="4" />
		<capsule pos="17.25,-30.25,28.75" vel="0,0,0" mass="1" elasticityCoef="1" ang="90,0,0" color="0,220,0" radius="0.5" length="4" />
		<capsule pos="17.25,-30.25,31.049999999999997" vel="0,0,0" mass="1" elasticityCoef="1" ang="90,0,0" color="0,220,0" radius="0.5" length="4" />
		<capsule pos="17.25,-24.75,-33.349999999999994" vel="0,0,0" mass="1" elasticityCoef="1" ang="90,0,0" color="0,220,0" radius="0.5" length="4" />
		<capsule pos="17.25,-24.75,-31.049999999999994" vel="0,0,0" mass="1" elasticityCoef="1" ang="90,0,0" color="0,220,0" radius="0.5" length="4" />
		<capsule pos="17.25,-24.75,-28.749999999999993" vel="0,0,0" mass="1" elasticityCoef="1" ang="90,0,0" color="0,220,0" radius="0.5" length="4" />
		<capsule pos="17.25,-24.75,-26.449999999999996" vel="0,0,0" mass="1" elasticityCoef="1" ang="90,0,0" color="0,220,0" radius="0.5" length="4" />
		<capsule pos="17.25,-24.75,-24.149999999999995" vel="0,0,0" mass="1" elasticityCoef="1" ang="90,0,0" color="0,220,0" radius="0.5" length="4" />
		<capsule pos="17.25,-24.75,-21.849999999999994" vel="0,0,0" mass="1" elasticityCoef="1" ang="90,0,0" color="0,220,0" radius="0.5" length="4" />
		<capsule pos="17.25,-24.75,-19.549999999999997" vel="0,0,0" mass="1" elasticityCoef="1" ang="90,0,0" color="0,220,0" radius="0.5" length="4" />
		<capsule pos="17.25,-24.75,-17.249999999999996" vel="0,0,0" mass="1" elasticityCoef="1" ang="90,0,0" color="0,220,0" radius="0.5" length="4" />
		<capsule pos="17.25,-24.75,-14.949999999999996" vel="0,0,0" mass="1" elasticityCoef="1" ang="90,0,0" color="0,220,0" radius="0.5" length="4" />
		<capsule pos="17.25,-24.75,-12.649999999999995" vel="0,0,0" mass="1" elasticityCoef="1" ang="90,0,0" color="0,220,0" radius="0.5" length="4" />
		<capsule pos="17.25,-24.75,-10.349999999999994" vel="0,0,0" mass="1" elasticityCoef="1" ang="90,0,0" color="0,220,0" radius="0.5" length="4" />
		<capsule pos="17.25,-24.75,-8.049999999999997" vel="0,0,0" mass="1" elasticityCoef="1" ang="90,0,0" color="0,220,0" radius="0.5" length="4" />
		<capsule pos="17.25,-24.75,-5.7499999999999964" vel="0,0,0" mass="1" elasticityCoef="1" ang="90,0,0" color="0,220,0" radius="0.5" length="4" />
		<capsule pos="17.25,-24.75,-3.4499999999999957" vel="0,0,0" mass="1" elasticityCoef="1" ang="90,0,0" color="0,220,0" radius="0.5" length="4" />
		<capsule pos="17.25,-24.75,-1.1499999999999986" vel="0,0,0" mass="1" elasticityCoef="1" ang="90,0,0" color="0,220,0" radius="0.5" length="4" />
		<capsule pos="17.25,-24.75,1.1500000000000057" vel="0,0,0" mass="1" elasticityCoef="1" ang="90,0,0" color="0,220,0" radius="0.5" length="4" />
		<capsule pos="17.25,-24.75,3.450000000000003" vel="0,0,0" mass="1" elasticityCoef="1" ang="90,0,0" color="0,220,0" radius="0.5" length="4" />
		<capsule pos="17.25,-24.75,5.75" vel="0,0,0" mass="1" elasticityCoef="1" ang="90,0,0" color="0,220,0" radius="0.5" length="4" />
		<capsule pos="17.25,-24.75,8.050000000000004" vel="0,0,0" mass="1" elasticityCoef="1" ang="90,0,0" color="0,220,0" radius="0.5" length="4" />
		<capsule pos="17.25,-24.75,10.350000000000001" vel="0,0,0" mass="1" elasticityCoef="1" ang="90,0,0" color="0,220,0" radius="0.5" length="4" />
		<capsule pos="17.25,-24.75,12.650000000000006" vel="0,0,0" mass="1" elasticityCoef="1" ang="90,0,0" color="0,220,0" radius="0.5" length="4" />
		<capsule pos="17.25,-24.75,14.950000000000003" vel="0,0,0" mass="1" elasticityCoef="1" ang="90,0,0" color="0,220,0" radius="0.5" length="4" />
		<capsule pos="17.25,-24.75,17.25" vel="0,0,0" mass="1" elasticityCoef="1" ang="90,0,0" color="0,220,0" radius="0.5" length="4" />
		<capsule pos="17.25,-24.75,19.550000000000004" vel="0,0,0" mass="1" elasticityCoef="1" ang="90,0,0" color="0,220,0" radius="0.5" length="4" />
		<capsule pos="17.25,-24.75,21.85" vel="0,0,0" mass="1" elasticityCoef="1" ang="90,0,0" color="0,220,0" radius="0.5" length="4" />
		<capsule pos="17.25,-24.75,24.15" vel="0,0,0" mass="1" elasticityCoef="1" ang="90,0,0" color="0,220,0" radius="0.5" length="4" />
		<capsule pos="17.25,-24.75,26.450000000000003" vel="0,0,0" mass="1" elasticityCoef="1" ang="90,0,0" color="0,220,0" radius="0.5" length="4" />
		<capsule pos="17.25,-24.75,28.75" vel="0,0,0" mass="1" elasticityCoef="1" ang="90,0,0" color="0,220,0" radius="0.5" length="4" />
		<capsule pos="17.25,-24.75,31.049999999999997" vel="0,0,0" mass="1" elasticityCoef="1" ang="90,0,0" color="0,220,0" radius="0.5" length="4" />
		<capsule pos="17.25,-19.25,-33.349999999999994" vel="0,0,0" mass="1" elasticityCoef="1" ang="90,0,0" color="0,220,0" radius="0.5" length="4" />
		<capsule pos="17.25,-19.25,-31.049999999999994" vel="0,0,0" mass="1" elasticityCoef="1" ang="90,0,0" color="0,220,0" radius="0.5" length="4" />
		<capsule pos="17.25,-19.25,-28.749999999999993" vel="0,0,0" mass="1" elasticityCoef="1" ang="90,0,0" color="0,220,0" radius="0.5" length="4" />
		<capsule pos="17.25,-19.25,-26.449999999999996" vel="0,0,0" mass="1" elasticityCoef="1" ang="90,0,0" color="0,220,0" radius="0.5" length="4" />
		<capsule pos="17.25,-19.25,-24.149999999999995" vel="0,0,0" mass="1" elasticityCoef="1" ang="90,0,0" color="0,220,0" radius="0.5" length="4" />
		<capsule pos="17.25,-19.25,-21.849999999999994" vel="0,0,0" mass="1" elasticityCoef="1" ang="90,0,0" color="0,220,0" radius="0.5" length="4" />
		<capsule pos="17.25,-19.25,-19.549999999999997" vel="0,0,0" mass="1" elasticityCoef="1" ang="90,0,0" color="0,220,0" radius="0.5" length="4" />
		<capsule pos="17.25,-19.25,-17.249999999999996" vel="0,0,0" mass="1" elasticityCoef="1" ang="90,0,0" color="0,220,0" radius="0.5" length="4" />
		<capsule pos="17.25,-19.25,-14.949999999999996" vel="0,0,0" mass="1" elasticityCoef="1" ang="90,0,0" color="0,220,0" radius="0.5" length="4" />
		<capsule pos="17.25,-19.25,-12.649999999999995" vel="0,0,0" mass="1" elasticityCoef="1" ang="90,0,0" color="0,220,0" radius="0.5" length="4" />
		<capsule pos="17.25,-19.25,-10.349999999999994" vel="0,0,0" mass="1" elasticityCoef="1" ang="90,0,0" color="0,220,0" radius="0.5" length="4" />
		<capsule pos="17.25,-19.25,-8.049999999999997" vel="0,0,0" mass="1" elasticityCoef="1" ang="90,0,0" color="0,220,0" radius="0.5" length="4" />
		<capsule pos="17.25,-19.25,-5.7499999999999964" vel="0,0,0" mass="1" elasticityCoef="1" ang="90,0,0" color="0,220,0" radius="0.5" length="4" />
		<capsule pos="17.25,-19.25,-3.4499999999999957" vel="0,0,0" mass="1" elasticityCoef="1" ang="90,0,0" color="0,220,0" radius="0.5" length="4" />
		<capsule pos="17.25,-19.25,-1.1499999999999986" vel="0,0,0" mass="1" elasticityCoef="1" ang="90,0,0" color="0,220,0" radius="0.5" length="4" />
		<capsule pos="17.25,-19.25,1.1500000000000057" vel="0,0,0" mass="1" elasticityCoef="1" ang="90,0,0" color="0,220,0" radius="0.5" length="4" />
		<capsule pos="17.25,-19.25,3.450000000000003" vel="0,0,0" mass="1" elasticityCoef="1" ang="90,0,0" color="0,220,0" radius="0.5" length="4" />
		<capsule pos="17.25,-19.25,5.75" vel="0,0,0" mass="1" elasticityCoef="1" ang="90,0,0" color="0,220,0" radius="0.5" length="4" />
		<capsule pos="17.25,-19.25,8.050000000000004" vel="0,0,0" mass="1" elasticityCoef="1" ang="90,0,0" color="0,220,0" radius="0.5" length="4" />
		<capsule pos="17.25,-19.25,10.350000000000001" vel="0,0,0" mass="1" elasticityCoef="1" ang="90,0,0" color="0,220,0" radius="0.5" length="4" />
		<capsule pos="17.25,-19.25,12.650000000000006" vel="0,0,0" mass="1" elasticityCoef="1" ang="90,0,0" color="0,220,0" radius="0.5" length="4" />
		<capsule pos="17.25,-19.25,14.950000000000003" vel="0,0,0" mass="1" elasticityCoef="1" ang="90,0,0" color="0,220,0" radius="0.5" length="4" />
		<capsule pos="17.25,-19.25,17.25" vel="0,0,0" mass="1" elasticityCoef="1" ang="90,0,0" color="0,220,0" radius="0.5" length="4" />
		<capsule pos="17.25,-19.25,19.550000000000004" vel="0,0,0" mass="1" elasticityCoef="1" ang="90,0,0" color="0,220,0" radius="0.5" length="4" />
		<capsule pos="17.25,-19.25,21.85" vel="0,0,0" mass="1" elasticityCoef="1" ang="90,0,0" color="0,220,0" radius="0.5" length="4" />
		<capsule pos="17.25,-19.25,24.15" vel="0,0,0" mass="1" elasticityCoef="1" ang="90,0,0" color="0,220,0" radius="0.5" length="4" />
		<capsule pos="17.25,-19.25,26.450000000000003" vel="0,0,0" mass="1" elasticityCoef="1" ang="90,0,0" color="0,220,0" radius="0.5" length="4" />
		<capsule pos="17.25,-19.25,28.75" vel="0,0,0" mass="1" elasticityCoef="1" ang="90,0,0" color="0,220,0" radius="0.5" length="4" />
		<capsule pos="17.25,-19.25,31.049999999999997" vel="0,0,0" mass="1" elasticityCoef="1" ang="90,0,0" color="0,220,0" radius="0.5" length="4" />
		<capsule pos="17.25,-13.75,-33.349999999999994" vel="0,0,0" mass="1" elasticityCoef="1" ang="90,0,0" color="0,220,0" radius="0.5" length="4" />
		<capsule pos="17.25,-13.75,-31.049999999999994" vel="0,0,0" mass="1" elasticityCoef="1" ang="90,0,0" color="0,220,0" radius="0.5" length="4" />
		<capsule pos="17.25,-13.75,-28.749999999999993" vel="0,0,0" mass="1" elasticityCoef="1" ang="90,0,0" color="0,220,0" radius="0.5" length="4" />
		<capsule pos="17.25,-13.75,-26.449999999999996" vel="0,0,0" mass="1" elasticityCoef="1" ang="90,0,0" color="0,220,0" radius="0.5" length="4" />
		<capsule pos="17.25,-13.75,-24.149999999999995" vel="0,0,0" mass="1" elasticityCoef="1" ang="90,0,0" color="0,220,0" radius="0.5" length="4" />
		<capsule pos="17.25,-13.75,-21.849999999999994" vel="0,0,0" mass="1" elasticityCoef="1" ang="90,0,0" color="0,220,0" radius="0.5" length="4" />
		<capsule pos="17.25,-13.75,-19.549999999999997" vel="0,0,0" mass="1" elasticityCoef="1" ang="90,0,0" color="0,220,0" radius="0.5" length="4" />
		<capsule pos="17.25,-13.75,-17.249999999999996" vel="0,0,0" mass="1" elasticityCoef="1" ang="90,0,0" color="0,220,0" radius="0.5" length="4" />
		<capsule pos="17.25,-13.75,-14.949999999999996" vel="0,0,0" mass="1" elasticityCoef="1" ang="90,0,0" color="0,220,0" radius="0.5" length="4" />
		<capsule pos="17.25,-13.75,-12.649999999999995" vel="0,0,0" mass="1" elasticityCoef="1" ang="90,0,0" color="0,220,0" radius="0.5" length="4" />
		<capsule pos="17.25,-13.75,-10.349999999999994" vel="0,0,0" mass="1" elasticityCoef="1" ang="90,0,0" color="0,220,0" radius="0.5" length="4" />
		<capsule pos="17.25,-13.75,-8.049999999999997" vel="0,0,0" mass="1" elasticityCoef="1" ang="90,0,0" color="0,220,0" radius="0.5" length="4" />
		<capsule pos="17.25,-13.75,-5.7499999999999964" vel="0,0,0" mass="1" elasticityCoef="1" ang="90,0,0" color="0,220,0" radius="0.5" length="4" />
		<capsule pos="17.25,-13.75,-3.4499999999999957" vel="0,0,0" mass="1" elasticityCoef="1" ang="90,0,0" color="0,220,0" radius="0.5" length="4" />
		<capsule pos="17.25,-13.75,-1.1499999999999986" vel="0,0,0" mass="1" elasticityCoef="1" ang="90,0,0" color="0,220,0" radius="0.5" length="4" />
		<capsule pos="17.25,-13.75,1.1500000000000057" vel="0,0,0" mass="1" elasticityCoef="1" ang="90,0,0" color="0,220,0" radius="0.5" length="4" />
		<capsule pos="17.25,-13.75,3.450000000000003" vel="0,0,0" mass="1" elasticityCoef="1" ang="90,0,0" color="0,220,0" radius="0.5" length="4" />
		<capsule pos="17.25,-13.75,5.75" vel="0,0,0" mass="1" elasticityCoef="1" ang="90,0,0" color="0,220,0" radius="0.5" length="4" />
		<capsule pos="17.25,-13.75,8.050000000000004" vel="0,0,0" mass="1" elasticityCoef="1" ang="90,0,0" color="0,220,0" radius="0.5" length="4" />
		<capsule pos="17.25,-13.75,10.350000000000001" vel="0,0,0" mass="1" elasticityCoef="1" ang="90,0,0" color="0,220,0" radius="0.5" length="4" />
		<capsule pos="17.25,-13.75,12.650000000000006" vel="0,0,0" mass="1" elasticityCoef="1" ang="90,0,0" color="0,220,0" radius="0.5" length="4" />
		<capsule pos="17.25,-13.75,14.950000000000003" vel="0,0,0" mass="1" elasticityCoef="1" ang="90,0,0" color="0,220,0" radius="0.5" length="4" />
		<capsule pos="17.25,-13.75,17.25" vel="0,0,0" mass="1" elasticityCoef="1" ang="90,0,0" color="0,220,0" radius="0.5" length="4" />
		<capsule pos="17.25,-13.75,19.550000000000004" vel="0,0,0" mass="1" elasticityCoef="1" ang="90,0,0" color="0,220,0" radius="0.5" length="4" />
		<capsule pos="17.25,-13.75,21.85" vel="0,0,0" mass="1" elasticityCoef="1" ang="90,0,0" color="0,220,0" radius="0.5" length="4" />
		<capsule pos="17.25,-13.75,24.15" vel="0,0,0" mass="1" elasticityCoef="1" ang="90,0,0" color="0,220,0" radius="0.5" length="4" />
		<capsule pos="17.25,-13.75,26.450000000000003" vel="0,0,0" mass="1" elasticityCoef="1" ang="90,0,0" color="0,220,0" radius="0.5" length="4" />
		<capsule pos="17.25,-13.75,28.75" vel="0,0,0" mass="1" elasticityCoef="1" ang="90,0,0" color="0,220,0" radius="0.5" length="4" />
		<capsule pos="17.25,-13.75,31.049999999999997" vel="0,0,0" mass="1" elasticityCoef="1" ang="90,0,0" color="0,220,0" radius="0.5" length="4" />
		<capsule pos="17.25,-8.25,-33.349999999999994" vel="0,0,0" mass="1" elasticityCoef="1" ang="90,0,0" color="0,220,0" radius="0.5" length="4" />
		<capsule pos="17.25,-8.25,-31.049999999999994" vel="0,0,0" mass="1" elasticityCoef="1" ang="90,0,0" color="0,220,0" radius="0.5" length="4" />
		<capsule pos="17.25,-8.25,-28.749999999999993" vel="0,0,0" mass="1" elasticityCoef="1" ang="90,0,0" color="0,220,0" radius="0.5" length="4" />
		<capsule pos="17.25,-8.25,-26.449999999999996" vel="0,0,0" mass="1" elasticityCoef="1" ang="90,0,0" color="0,220,0" radius="0.5" length="4" />
		<capsule pos="17.25,-8.25,-24.149999999999995" vel="0,0,0" mass="1" elasticityCoef="1" ang="90,0,0" color="0,220,0" radius="0.5" length="4" />
		<capsule pos="17.25,-8.25,-21.849999999999994" vel="0,0,0" mass="1" elasticityCoef="1" ang="90,0,0" color="0,220,0" radius="0.5" length="4" />
		<capsule pos="17.25,-8.25,-19.549999999999997" vel="0,0,0" mass="1" elasticityCoef="1" ang="90,0,0" color="0,220,0" radius="0.5" length="4" />
		<capsule pos="17.25,-8.25,-17.249999999999996" vel="0,0,0" mass="1" elasticityCoef="1" ang="90,0,0" color="0,220,0" radius="0.5" length="4" />
		<capsule pos="17.25,-8.25,-14.949999999999996" vel="0,0,0" mass="1" elasticityCoef="1" ang="90,0,0" color="0,220,0" radius="0.5" length="4" />
		<capsule pos="17.25,-8.25,-12.649999999999995" vel="0,0,0" mass="1" elasticityCoef="1" ang="90,0,0" color="0,220,0" radius="0.5" length="4" />
		<capsule pos="17.25,-8.25,-10.349999999999994" vel="0,0,0" mass="1" elasticityCoef="1" ang="90,0,0" color="0,220,0" radius="0.5" length="4" />
		<capsule pos="17.25,-8.25,-8.049999999999997" vel="0,0,0" mass="1" elasticityCoef="1" ang="90,0,0" color="0,220,0" radius="0.5" length="4" />
		<capsule pos="17.25,-8.25,-5.7499999999999964" vel="0,0,0" mass="1" elasticityCoef="1" ang="90,0,0" color="0,220,0" radius="0.5" length="4" />
		<capsule pos="17.25,-8.25,-3.4499999999999957" vel="0,0,0" mass="1" elasticityCoef="1" ang="90,0,0" color="0,220,0" radius="0.5" length="4" />
		<capsule pos="17.25,-8.25,-1.1499999999999986" vel="0,0,0" mass="1" elasticityCoef="1" ang="90,0,0" color="0,220,0" radius="0.5" length="4" />
		<capsule pos="17.25,-8.25,1.1500000000000057" vel="0,0,0" mass="1" elasticityCoef="1" ang="90,0,0" color="0,220,0" radius="0.5" length="4" />
		<capsule pos="17.25,-8.25,3.450000000000003" vel="0,0,0" mass="1" elasticityCoef="1" ang="90,0,0" color="0,220,0" radius="0.5" length="4" />
		<capsule pos="17.25,-8.25,5.75" vel="0,0,0" mass="1" elasticityCoef="1" ang="90,0,0" color="0,220,0" radius="0.5" length="4" />
		<capsule pos="17.25,-8.25,8.050000000000004" vel="0,0,0" mass="1" elasticityCoef="1" ang="90,0,0" color="0,220,0" radius="0.5" length="4" />
		<capsule pos="17.25,-8.25,10.350000000000001" vel="0,0,0" mass="1" elasticityCoef="1" ang="90,0,0" color="0,220,0" radius="0.5" length="4" />
		<capsule pos="17.25,-8.25,12.650000000000006" vel="0,0,0" mass="1" elasticityCoef="1" ang="90,0,0" color="0,220,0" radius="0.5" length="4" />
		<capsule pos="17.25,-8.25,14.950000000000003" vel="0,0,0" mass="1" elasticityCoef="1" ang="90,0,0" color="0,220,0" radius="0.5" length="4" />
		<capsule pos="17.25,-8.25,17.25" vel="0,0,0" mass="1" elasticityCoef="1" ang="90,0,0" color="0,220,0" radius="0.5" length="4" />
		<capsule pos="17.25,-8.25,19.550000000000004" vel="0,0,0" mass="1" elasticityCoef="1" ang="90,0,0" color="0,220,0" radius="0.5" length="4" />
		<capsule pos="17.25,-8.25,21.85" vel="0,0,0" mass="1" elasticityCoef="1" ang="90,0,0" color="0,220,0" radius="0.5" length="4" />
		<capsule pos="17.25,-8.25,24.15" vel="0,0,0" mass="1" elasticityCoef="1" ang="90,0,0" color="0,220,0" radius="0.5" length="4" />
		<capsule pos="17.25,-8.25,26.450000000000003" vel="0,0,0" mass="1" elasticityCoef="1" ang="90,0,0" color="0,220,0" radius="0.5" length="4" />
		<capsule pos="17.25,-8.25,28.75" vel="0,0,0" mass="1" elasticityCoef="1" ang="90,0,0" color="0,220,0" radius="0.5" length="4" />
		<capsule pos="17.25,-8.25,31.049999999999997" vel="0,0,0" mass="1" elasticityCoef="1" ang="90,0,0" color="0,220,0" radius="0.5" length="4" />
		<capsule pos="17.25,-2.75,-33.349999999999994" vel="0,0,0" mass="1" elasticityCoef="1" ang="90,0,0" color="0,220,0" radius="0.5" length="4" />
		<capsule pos="17.25,-2.75,-31.049999999999994" vel="0,0,0" mass="1" elasticityCoef="1" ang="90,0,0" color="0,220,0" radius="0.5" length="4" />
		<capsule pos="17.25,-2.75,-28.749999999999993" vel="0,0,0" mass="1" elasticityCoef="1" ang="90,0,0" color="0,220,0" radius="0.5" length="4" />
		<capsule pos="17.25,-2.75,-26.449999999999996" vel="0,0,0" mass="1" elasticityCoef="1" ang="90,0,0" color="0,220,0" radius="0.5" length="4" />
		<capsule pos="17.25,-2.75,-24.149999999999995" vel="0,0,0" mass="1" elasticityCoef="1" ang="90,0,0" color="0,220,0" radius="0.5" length="4" />
		<capsule pos="17.25,-2.75,-21.849999999999994" vel="0,0,0" mass="1" elasticityCoef="1" ang="90,0,0" color="0,220,0" radius="0.5" length="4" />
		<capsule pos="17.25,-2.75,-19.549999999999997" vel="0,0,0" mass="1" elasticityCoef="1" ang="90,0,0" color="0,220,0" radius="0.5" length="4" />
		<capsule pos="17.25,-2.75,-17.249999999999996" vel="0,0,0" mass="1" elasticityCoef="1" ang="90,0,0" color="0,220,0" radius="0.5" length="4" />
		<capsule pos="17.25,-2.75,-14.949999999999996" vel="0,0,0" mass="1" elasticityCoef="1" ang="90,0,0" color="0,220,0" radius="0.5" length="4" />
		<capsule pos="17.25,-2.75,-12.649999999999995" vel="0,0,0" mass="1" elasticityCoef="1" ang="90,0,0" color="0,220,0" radius="0.5" length="4" />
		<capsule pos="17.25,-2.75,-10.349999999999994" vel="0,0,0" mass="1" elasticityCoef="1" ang="90,0,0" color="0,220,0" radius="0.5" length="4" />
		<capsule pos="17.25,-2.75,-8.049999999999997" vel="0,0,0" mass="1" elasticityCoef="1" ang="90,0,0" color="0,220,0" radius="0.5" length="4" />
		<capsule pos="17.25,-2.75,-5.7499999999999964" vel="0,0,0" mass="1" elasticityCoef="1" ang="90,0,0" color="0,220,0" radius="0.5" length="4" />
		<capsule pos="17.25,-2.75,-3.4499999999999957" vel="0,0,0" mass="1" elasticityCoef="1" ang="90,0,0" color="0,220,0" radius="0.5" length="4" />
		<capsule pos="17.25,-2.75,-1.1499999999999986" vel="0,0,0" mass="1" elasticityCoef="1" ang="90,0,0" color="0,220,0" radius="0.5" length="4" />
		<capsule pos="17.25,-2.75,1.1500000000000057" vel="0,0,0" mass="1" elasticityCoef="1" ang="90,0,0" color="0,220,0" radius="0.5" length="4" />
		<capsule pos="17.25,-2.75,3.450000000000003" vel="0,0,0" mass="1" elasticityCoef="1" ang="90,0,0" color="0,220,0" radius="0.5" length="4" />
		<capsule pos="17.25,-2.75,5.75" vel="0,0,0" mass="1" elasticityCoef="1" ang="90,0,0" color="0,220,0" radius="0.5" length="4" />
		<capsule pos="17.25,-2.75,8.050000000000004" vel="0,0,0" mass="1" elasticityCoef="1" ang="90,0,0" color="0,220,0" radius="0.5" length="4" />
		<capsule pos="17.25,-2.75,10.350000000000001" vel="0,0,0" mass="1" elasticityCoef="1" ang="90,0,0" color="0,220,0" radius="0.5" length="4" />
		<capsule pos="17.25,-2.75,12.650000000000006" vel="0,0,0" mass="1" elasticityCoef="1" ang="90,0,0" color="0,220,0" radius="0.5" length="4" />
		<capsule pos="17.25,-2.75,14.950000000000003" vel="0,0,0" mass="1" elasticityCoef="1" ang="90,0,0" color="0,220,0" radius="0.5" length="4" />
		<capsule pos="17.25,-2.75,17.25" vel="0,0,0" mass="1" elasticityCoef="1" ang="90,0,0" color="0,220,0" radius="0.5" length="4" />
		<capsule pos="17.25,-2.75,19.550000000000004" vel="0,0,0" mass="1" elasticityCoef="1" ang="90,0,0" color="0,220,0" radius="0.5" length="4" />
		<capsule pos="17.25,-2.75,21.85" vel="0,0,0" mass="1" elasticityCoef="1" ang="90,0,0" color="0,220,0" radius="0.5" length="4" />
		<capsule pos="17.25,-2.75,24.15" vel="0,0,0" mass="1" elasticityCoef="1" ang="90,0,0" color="0,220,0" radius="0.5" length="4" />
		<capsule pos="17.25,-2.75,26.450000000000003" vel="0,0,0" mass="1" elasticityCoef="1" ang="90,0,0" color="0,220,0" radius="0.5" length="4" />
		<capsule pos="17.25,-2.75,28.75" vel="0,0,0" mass="1" elasticityCoef="1" ang="90,0,0" color="0,220,0" radius="0.5" length="4" />
		<capsule pos="17.25,-2.75,31.049999999999997" vel="0,0,0" mass="1" elasticityCoef="1" ang="90,0,0" color="0,220,0" radius="0.5" length="4" />
		<capsule pos="17.25,2.75,-33.349999999999994" vel="0,0,0" mass="1" elasticityCoef="1" ang="90,0,0" color="0,220,0" radius="0.5" length="4" />
		<capsule pos="17.25,2.75,-31.049999999999994" vel="0,0,0" mass="1" elasticityCoef="1" ang="90,0,0" color="0,220,0" radius="0.5" length="4" />
		<capsule pos="17.25,2.75,-28.749999999999993" vel="0,0,0" mass="1" elasticityCoef="1" ang="90,0,0" color="0,220,0" radius="0.5" length="4" />
		<capsule pos="17.25,2.75,-26.449999999999996" vel="0,0,0" mass="1" elasticityCoef="1" ang="90,0,0" color="0,220,0" radius="0.5" length="4" />
		<capsule pos="17.25,2.75,-24.149999999999995" vel="0,0,0" mass="1" elasticityCoef="1" ang="90,0,0" color="0,220,0" radius="0.5" length="4" />
		<capsule pos="17.25,2.75,-21.849999999999994" vel="0,0,0" mass="1" elasticityCoef="1" ang="90,0,0" color="0,220,0" radius="0.5" length="4" />
		<capsule pos="17.25,2.75,-19.549999999999997" vel="0,0,0" mass="1" elasticityCoef="1" ang="90,0,0" color="0,220,0" radius="0.5" length="4" />
		<capsule pos="17.25,2.75,-17.249999999999996" vel="0,0,0" mass="1" elasticityCoef="1" ang="90,0,0" color="0,220,0" radius="0.5" length="4" />
		<capsule pos="17.25,2.75,-14.949999999999996" vel="0,0,0" mass="1" elasticityCoef="1" ang="90,0,0" color="0,220,0" radius="0.5" length="4" />
		<capsule pos="17.25,2.75,-12.649999999999995" vel="0,0,0" mass="1" elasticityCoef="1" ang="90,0,0" color="0,220,0" radius="0.5" length="4" />
		<capsule pos="17.25,2.75,-10.349999999999994" vel="0,0,0" mass="1" elasticityCoef="1" ang="90,0,0" color="0,220,0" radius="0.5" length="4" />
		<capsule pos="17.25,2.75,-8.049999999999997" vel="0,0,0" mass="1" elasticityCoef="1" ang="90,0,0" color="0,220,0" radius="0.5" length="4" />
		<capsule pos="17.25,2.75,-5.7499999999999964" vel="0,0,0" mass="1" elasticityCoef="1" ang="90,0,0" color="0,220,0" radius="0.5" length="4" />
		<capsule pos="17.25,2.75,-3.4499999999999957" vel="0,0,0" mass="1" elasticityCoef="1" ang="90,0,0" color="0,220,0" radius="0.5" length="4" />
		<capsule pos="17.25,2.75,-1.1499999999999986" vel="0,0,0" mass="1" elasticityCoef="1" ang="90,0,0" color="0,220,0" radius="0.5" length="4" />
		<capsule pos="17.25,2.75,1.1500000000000057" vel="0,0,0" mass="1" elasticityCoef="1" ang="90,0,0" color="0,220,0" radius="0.5" length="4" />
		<capsule pos="17.25,2.75,3.450000000000003" vel="0,0,0" mass="1" elasticityCoef="1" ang="90,0,0" color="0,220,0" radius="0.5" length="4" />
		<capsule pos="17.25,2.75,5.75" vel="0,0,0" mass="1" elasticityCoef="1" ang="90,0,0" color="0,220,0" radius="0.5" length="4" />
		<capsule pos="17.25,2.75,8.050000000000004" vel="0,0,0" mass="1" elasticityCoef="1" ang="90,0,0" color="0,220,0" radius="0.5" length="4" />
		<capsule pos="17.25,2.75,10.350000000000001" vel="0,0,0" mass="1" elasticityCoef="1" ang="90,0,0" color="0,220,0" radius="0.5" length="4" />
		<capsule pos="17.25,2.75,12.650000000000006" vel="0,0,0" mass="1" elasticityCoef="1" ang="90,0,0" color="0,220,0" radius="0.5" length="4" />
		<capsule pos="17.25,2.75,14.950000000000003" vel="0,0,0" mass="1" elasticityCoef="1" ang="90,0,0" color="0,220,0" radius="0.5" length="4" />
		<capsule pos="17.25,2.75,17.25" vel="0,0,0" mass="1" elasticityCoef="1" ang="90,0,0" color="0,220,0" radius="0.5" length="4" />
		<capsule pos="17.25,2.75,19.550000000000004" vel="0,0,0" mass="1" elasticityCoef="1" ang="90,0,0" color="0,220,0" radius="0.5" length="4" />
		<capsule pos="17.25,2.75,21.85" vel="0,0,0" mass="1" elasticityCoef="1" ang="90,0,0" color="0,220,0" radius="0.5" length="4" />
		<capsule pos="17.25,2.75,24.15" vel="0,0,0" mass="1" elasticityCoef="1" ang="90,0,0" color="0,220,0" radius="0.5" length="4" />
		<capsule pos="17.25,2.75,26.450000000000003" vel="0,0,0" mass="1" elasticityCoef="1" ang="90,0,0" color="0,220,0" radius="0.5" length="4" />
		<capsule pos="17.25,2.75,28.75" vel="0,0,0" mass="1" elasticityCoef="1" ang="90,0,0" color="0,220,0" radius="0.5" length="4" />
		<capsule pos="17.25,2.75,31.049999999999997" vel="0,0,0" mass="1" elasticityCoef="1" ang="90,0,0" color="0,220,0" radius="0.5" length="4" />
		<capsule pos="17.25,8.25,-33.349999999999994" vel="0,0,0" mass="1" elasticityCoef="1" ang="90,0,0" color="0,220,0" radius="0.5" length="4" />
		<capsule pos="17.25,8.25,-31.049999999999994" vel="0,0,0" mass="1" elasticityCoef="1" ang="90,0,0" color="0,220,0" radius="0.5" length="4" />
		<capsule pos="17.25,8.25,-28.749999999999993" vel="0,0,0" mass="1" elasticityCoef="1" ang="90,0,0" color="0,220,0" radius="0.5" length="4" />
		<capsule pos="17.25,8.25,-26.449999999999996" vel="0,0,0" mass="1" elasticityCoef="1" ang="90,0,0" color="0,220,0" radius="0.5" length="4" />
		<capsule pos="17.25,8.25,-24.149999999999995" vel="0,0,0" mass="1" elasticityCoef="1" ang="90,0,0" color="0,220,0" radius="0.5" length="4" />
		<capsule pos="17.25,8.25,-21.849999999999994" vel="0,0,0" mass="1" elasticityCoef="1" ang="90,0,0" color="0,220,0" radius="0.5" length="4" />
		<capsule pos="17.25,8.25,-19.549999999999997" vel="0,0,0" mass="1" elasticityCoef="1" ang="90,0,0" color="0,220,0" radius="0.5" length="4" />
		<capsule pos="17.25,8.25,-17.249999999999996" vel="0,0,0" mass="1" elasticityCoef="1" ang="90,0,0" color="0,220,0" radius="0.5" length="4" />
		<capsule pos="17.25,8.25,-14.949999999999996" vel="0,0,0" mass="1" elasticityCoef="1" ang="90,0,0" color="0,220,0" radius="0.5" length="4" />
		<capsule pos="17.25,8.25,-12.649999999999995" vel="0,0,0" mass="1" elasticityCoef="1" ang="90,0,0" color="0,220,0" radius="0.5" length="4" />
		<capsule pos="17.25,8.25,-10.349999999999994" vel="0,0,0" mass="1" elasticityCoef="1" ang="90,0,0" color="0,220,0" radius="0.5" length="4" />
		<capsule pos="17.25,8.25,-8.049999999999997" vel="0,0,0" mass="1" elasticityCoef="1" ang="90,0,0" color="0,220,0" radius="0.5" length="4" />
		<capsule pos="17.25,8.25,-5.7499999999999964" vel="0,0,0" mass="1" elasticityCoef="1" ang="90,0,0" color="0,220,0" radius="0.5" length="4" />
		<capsule pos="17.25,8.25,-3.4499999999999957" vel="0,0,0" mass="1" elasticityCoef="1" ang="90,0,0" color="0,220,0" radius="0.5" length="4" />
		<capsule pos="17.25,8.25,-1.1499999999999986" vel="0,0,0" mass="1" elasticityCoef="1" ang="90,0,0" color="0,220,0" radius="0.5" length="4" />
		<capsule pos="17.25,8.25,1.1500000000000057" vel="0,0,0" mass="1" elasticityCoef="1" ang="90,0,0" color="0,220,0" radius="0.5" length="4" />
		<capsule pos="17.25,8.25,3.450000000000003" vel="0,0,0" mass="1" elasticityCoef="1" ang="90,0,0" color="0,220,0" radius="0.5" length="4" />
		<capsule pos="17.25,8.25,5.75" vel="0,0,0" mass="1" elasticityCoef="1" ang="90,0,0" color="0,220,0" radius="0.5" length="4" />
		<capsule pos="17.25,8.25,8.050000000000004" vel="0,0,0" mass="1" elasticityCoef="1" ang="90,0,0" color="0,220,0" radius="0.5" length="4" />
		<capsule pos="17.25,8.25,10.350000000000001" vel="0,0,0" mass="1" elasticityCoef="1" ang="90,0,0" color="0,220,0" radius="0.5" length="4" />
		<capsule pos="17.25,8.25,12.650000000000006" vel="0,0,0" mass="1" elasticityCoef="1" ang="90,0,0" color="0,220,0" radius="0.5" length="4" />
		<capsule pos="17.25,8.25,14.950000000000003" vel="0,0,0" mass="1" elasticityCoef="1" ang="90,0,0" color="0,220,0" radius="0.5" length="4" />
		<capsule pos="17.25,8.25,17.25" vel="0,0,0" mass="1" elasticityCoef="1" ang="90,0,0" color="0,220,0" radius="0.5" length="4" />
		<capsule pos="17.25,8.25,19.550000000000004" vel="0,0,0" mass="1" elasticityCoef="1" ang="90,0,0" color="0,220,0" radius="0.5" length="4" />
		<capsule pos="17.25,8.25,21.85" vel="0,0,0" mass="1" elasticityCoef="1" ang="90,0,0" color="0,220,0" radius="0.5" length="4" />
		<capsule pos="17.25,8.25,24.15" vel="0,0,0" mass="1" elasticityCoef="1" ang="90,0,0" color="0,220,0" radius="0.5" length="4" />
		<capsule pos="17.25,8.25,26.450000000000003" vel="0,0,0" mass="1" elasticityCoef="1" ang="90,0,0" color="0,220,0" radius="0.5" length="4" />
		<capsule pos="17.25,8.25,28.75" vel="0,0,0" mass="1" elasticityCoef="1" ang="90,0,0" color="0,220,0" radius="0.5" length="4" />
		<capsule pos="17.25,8.25,31.049999999999997" vel="0,0,0" mass="1" elasticityCoef="1" ang="90,0,0" color="0,220,0" radius="0.5" length="4" />
		<capsule pos="17.25,13.75,-33.349999999999994" vel="0,0,0" mass="1" elasticityCoef="1" ang="90,0,0" color="0,220,0" radius="0.5" length="4" />
		<capsule pos="17.25,13.75,-31.049999999999994" vel="0,0,0" mass="1" elasticityCoef="1" ang="90,0,0" color="0,220,0" radius="0.5" length="4" />
		<capsule pos="17.25,13.75,-28.749999999999993" vel="0,0,0" mass="1" elasticityCoef="1" ang="90,0,0" color="0,220,0" radius="0.5" length="4" />
		<capsule pos="17.25,13.75,-26.449999999999996" vel="0,0,0" mass="1" elasticityCoef="1" ang="90,0,0" color="0,220,0" radius="0.5" length="4" />
		<capsule pos="17.25,13.75,-24.149999999999995" vel="0,0,0" mass="1" elasticityCoef="1" ang="90,0,0" color="0,220,0" radius="0.5" length="4" />
		<capsule pos="17.25,13.75,-21.849999999999994" vel="0,0,0" mass="1" elasticityCoef="1" ang="90,0,0" color="0,220,0" radius="0.5" length="4" />
		<capsule pos="17.25,13.75,-19.549999999999997" vel="0,0,0" mass="1" elasticityCoef="1" ang="90,0,0" color="0,220,0" radius="0.5" length="4" />
		<capsule pos="17.25,13.75,-17.249999999999996" vel="0,0,0" mass="1" elasticityCoef="1" ang="90,0,0" color="0,220,0" radius="0.5" length="4" />
		<capsule pos="17.25,13.75,-14.949999999999996" vel="0,0,0" mass="1" elasticityCoef="1" ang="90,0,0" color="0,220,0" radius="0.5" length="4" />
		<capsule pos="17.25,13.75,-12.649999999999995" vel="0,0,0" mass="1" elasticityCoef="1" ang="90,0,0" color="0,220,0" radius="0.5" length="4" />
		<capsule pos="17.25,13.75,-10.349999999999994" vel="0,0,0" mass="1" elasticityCoef="1" ang="90,0,0" color="0,220,0" radius="0.5" length="4" />
		<capsule pos="17.25,13.75,-8.049999999999997" vel="0,0,0" mass="1" elasticityCoef="1" ang="90,0,0" color="0,220,0" radius="0.5" length="4" />
		<capsule pos="17.25,13.75,-5.7499999999999964" vel="0,0,0" mass="1" elasticityCoef="1" ang="90,0,0" color="0,220,0" radius="0.5" length="4" />
		<capsule pos="17.25,13.75,-3.4499999999999957" vel="0,0,0" mass="1" elasticityCoef="1" ang="90,0,0" color="0,220,0" radius="0.5" length="4" />
		<capsule pos="17.25,13.75,-1.1499999999999986" vel="0,0,0" mass="1" elasticityCoef="1" ang="90,0,0" color="0,220,0" radius="0.5" length="4" />
		<capsule pos="17.25,13.75,1.1500000000000057" vel="0,0,0" mass="1" elasticityCoef="1" ang="90,0,0" color="0,220,0" radius="0.5" length="4" />
		<capsule pos="17.25,13.75,3.450000000000003" vel="0,0,0" mass="1" elasticityCoef="1" ang="90,0,0" color="0,220,0" radius="0.5" length="4" />
		<capsule pos="17.25,13.75,5.75" vel="0,0,0" mass="1" elasticityCoef="1" ang="90,0,0" color="0,220,0" radius="0.5" length="4" />
		<capsule pos="17.25,13.75,8.050000000000004" vel="0,0,0" mass="1" elasticityCoef="1" ang="90,0,0" color="0,220,0" radius="0.5" length="4" />
		<capsule pos="17.25,13.75,10.350000000000001" vel="0,0,0" mass="1" elasticityCoef="1" ang="90,0,0" color="0,220,0" radius="0.5" length="4" />
		<capsule pos="17.25,13.75,12.650000000000006" vel="0,0,0" mass="1" elasticityCoef="1" ang="90,0,0" color="0,220,0" radius="0.5" length="4" />
		<capsule pos="17.25,13.75,14.950000000000003" vel="0,0,0" mass="1" elasticityCoef="1" ang="90,0,0" color="0,220,0" radius="0.5" length="4" />
		<capsule pos="17.25,13.75,17.25" vel="0,0,0" mass="1" elasticityCoef="1" ang="90,0,0" color="0,220,0" radius="0.5" length="4" />
		<capsule pos="17.25,13.75,19.550000000000004" vel="0,0,0" mass="1" elasticityCoef="1" ang="90,0,0" color="0,220,0" radius="0.5" length="4" />
		<capsule pos="17.25,13.75,21.85" vel="0,0,0" mass="1" elasticityCoef="1" ang="90,0,0" color="0,220,0" radius="0.5" length="4" />
		<capsule pos="17.25,13.75,24.15" vel="0,0,0" mass="1" elasticityCoef="1" ang="90,0,0" color="0,220,0" radius="0.5" length="4" />
		<capsule pos="17.25,13.75,26.450000000000003" vel="0,0,0" mass="1" elasticityCoef="1" ang="90,0,0" color="0,220,0" radius="0.5" length="4" />
		<capsule pos="17.25,13.75,28.75" vel="0,0,0" mass="1" elasticityCoef="1" ang="90,0,0" color="0,220,0" radius="0.5" length="4" />
		<capsule pos="17.25,13.75,31.049999999999997" vel="0,0,0" mass="1" elasticityCoef="1" ang="90,0,0" color="0,220,0" radius="0.5" length="4" />
		<capsule pos="17.25,19.25,-33.349999999999994" vel="0,0,0" mass="1" elasticityCoef="1" ang="90,0,0" color="0,220,0" radius="0.5" length="4" />
		<capsule pos="17.25,19.25,-31.049999999999994" vel="0,0,0" mass="1" elasticityCoef="1" ang="90,0,0" color="0,220,0" radius="0.5" length="4" />
		<capsule pos="17.25,19.25,-28.749999999999993" vel="0,0,0" mass="1" elasticityCoef="1" ang="90,0,0" color="0,220,0" radius="0.5" length="4" />
		<capsule pos="17.25,19.25,-26.449999999999996" vel="0,0,0" mass="1" elasticityCoef="1" ang="90,0,0" color="0,220,0" radius="0.5" length="4" />
		<capsule pos="17.25,19.25,-24.149999999999995" vel="0,0,0" mass="1" elasticityCoef="1" ang="90,0,0" color="0,220,0" radius="0.5" length="4" />
		<capsule pos="17.25,19.25,-21.849999999999994" vel="0,0,0" mass="1" elasticityCoef="1" ang="90,0,0" color="0,220,0" radius="0.5" length="4" />
		<capsule pos="17.25,19.25,-19.549999999999997" vel="0,0,0" mass="1" elasticityCoef="1" ang="90,0,0" color="0,220,0" radius="0.5" length="4" />
		<capsule pos="17.25,19.25,-17.249999999999996" vel="0,0,0" mass="1" elasticityCoef="1" ang="90,0,0" color="0,220,0" radius="0.5" length="4" />
		<capsule pos="17.25,19.25,-14.949999999999996" vel="0,0,0" mass="1" elasticityCoef="1" ang="90,0,0" color="0,220,0" radius="0.5" length="4" />
		<capsule pos="17.25,19.25,-12.649999999999995" vel="0,0,0" mass="1" elasticityCoef="1" ang="90,0,0" color="0,220,0" radius="0.5" length="4" />
		<capsule pos="17.25,19.25,-10.349999999999994" vel="0,0,0" mass="1" elasticityCoef="1" ang="90,0,0" color="0,220,0" radius="0.5" length="4" />
		<capsule pos="17.25,19.25,-8.049999999999997" vel="0,0,0" mass="1" elasticityCoef="1" ang="90,0,0" color="0,220,0" radius="0.5" length="4" />
		<capsule pos="17.25,19.25,-5.7499999999999964" vel="0,0,0" mass="1" elasticityCoef="1" ang="90,0,0" color="0,220,0" radius="0.5" length="4" />
		<capsule pos="17.25,19.25,-3.4499999999999957" vel="0,0,0" mass="1" elasticityCoef="1" ang="90,0,0" color="0,220,0" radius="0.5" length="4" />
		<capsule pos="17.25,19.25,-1.1499999999999986" vel="0,0,0" mass="1" elasticityCoef="1" ang="90,0,0" color="0,220,0" radius="0.5" length="4" />
		<capsule pos="17.25,19.25,1.1500000000000057" vel="0,0,0" mass="1" elasticityCoef="1" ang="90,0,0" color="0,220,0" radius="0.5" length="4" />
		<capsule pos="17.25,19.25,3.450000000000003" vel="0,0,0" mass="1" elasticityCoef="1" ang="90,0,0" color="0,220,0" radius="0.5" length="4" />
		<capsule pos="17.25,19.25,5.75" vel="0,0,0" mass="1" elasticityCoef="1" ang="90,0,0" color="0,220,0" radius="0.5" length="4" />
		<capsule pos="17.25,19.25,8.050000000000004" vel="0,0,0" mass="1" elasticityCoef="1" ang="90,0,0" color="0,220,0" radius="0.5" length="4" />
		<capsule pos="17.25,19.25,10.350000000000001" vel="0,0,0" mass="1" elasticityCoef="1" ang="90,0,0" color="0,220,0" radius="0.5" length="4" />
		<capsule pos="17.25,19.25,12.650000000000006" vel="0,0,0" mass="1" elasticityCoef="1" ang="90,0,0" color="0,220,0" radius="0.5" length="4" />
		<capsule pos="17.25,19.25,14.950000000000003" vel="0,0,0" mass="1" elasticityCoef="1" ang="90,0,0" color="0,220,0" radius="0.5" length="4" />
		<capsule pos="17.25,19.25,17.25" vel="0,0,0" mass="1" elasticityCoef="1" ang="90,0,0" color="0,220,0" radius="0.5" length="4" />
		<capsule pos="17.25,19.25,19.550000000000004" vel="0,0,0" mass="1" elasticityCoef="1" ang="90,0,0" color="0,220,0" radius="0.5" length="4" />
		<capsule pos="17.25,19.25,21.85" vel="0,0,0" mass="1" elasticityCoef="1" ang="90,0,0" color="0,220,0" radius="0.5" length="4" />
		<capsule pos="17.25,19.25,24.15" vel="0,0,0" mass="1" elasticityCoef="1" ang="90,0,0" color="0,220,0" radius="0.5" length="4" />
		<capsule pos="17.25,19.25,26.450000000000003" vel="0,0,0" mass="1" elasticityCoef="1" ang="90,0,0" color="0,220,0" radius="0.5" length="4" />
		<capsule pos="17.25,19.25,28.75" vel="0,0,0" mass="1" elasticityCoef="1" ang="90,0,0" color="0,220,0" radius="0.5" length="4" />
		<capsule pos="17.25,19.25,31.049999999999997" vel="0,0,0" mass="1" elasticityCoef="1" ang="90,0,0" color="0,220,0" radius="0.5" length="4" />
		<capsule pos="17.25,24.75,-33.349999999999994" vel="0,0,0" mass="1" elasticityCoef="1" ang="90,0,0" color="0,220,0" radius="0.5" length="4" />
		<capsule pos="17.25,24.75,-31.049999999999994" vel="0,0,0" mass="1" elasticityCoef="1" ang="90,0,0" color="0,220,0" radius="0.5" length="4" />
		<capsule pos="17.25,24.75,-28.749999999999993" vel="0,0,0" mass="1" elasticityCoef="1" ang="90,0,0" color="0,220,0" radius="0.5" length="4" />
		<capsule pos="17.25,24.75,-26.449999999999996" vel="0,0,0" mass="1" elasticityCoef="1" ang="90,0,0" color="0,220,0" radius="0.5" length="4" />
		<capsule pos="17.25,24.75,-24.149999999999995" vel="0,0,0" mass="1" elasticityCoef="1" ang="90,0,0" color="0,220,0" radius="0.5" length="4" />
		<capsule pos="17.25,24.75,-21.849999999999994" vel="0,0,0" mass="1" elasticityCoef="1" ang="90,0,0" color="0,220,0" radius="0.5" length="4" />
		<capsule pos="17.25,24.75,-19.549999999999997" vel="0,0,0" mass="1" elasticityCoef="1" ang="90,0,0" color="0,220,0" radius="0.5" length="4" />
		<capsule pos="17.25,24.75,-17.249999999999996" vel="0,0,0" mass="1" elasticityCoef="1" ang="90,0,0" color="0,220,0" radius="0.5" length="4" />
		<capsule pos="17.25,24.75,-14.949999999999996" vel="0,0,0" mass="1" elasticityCoef="1" ang="90,0,0" color="0,220,0" radius="0.5" length="4" />
		<capsule pos="17.25,24.75,-12.649999999999995" vel="0,0,0" mass="1" elasticityCoef="1" ang="90,0,0" color="0,220,0" radius="0.5" length="4" />
		<capsule pos="17.25,24.75,-10.349999999999994" vel="0,0,0" mass="1" elasticityCoef="1" ang="90,0,0" color="0,220,0" radius="0.5" length="4" />
		<capsule pos="17.25,24.75,-8.049999999999997" vel="0,0,0" mass="1" elasticityCoef="1" ang="90,0,0" color="0,220,0" radius="0.5" length="4" />
		<capsule pos="17.25,24.75,-5.7499999999999964" vel="0,0,0" mass="1" elasticityCoef="1" ang="90,0,0" color="0,220,0" radius="0.5" length="4" />
		<capsule pos="17.25,24.75,-3.4499999999999957" vel="0,0,0" mass="1" elasticityCoef="1" ang="90,0,0" color="0,220,0" radius="0.5" length="4" />
		<capsule pos="17.25,24.75,-1.1499999999999986" vel="0,0,0" mass="1" elasticityCoef="1" ang="90,0,0" color="0,220,0" radius="0.5" length="4" />
		<capsule pos="17.25,24.75,1.1500000000000057" vel="0,0,0" mass="1" elasticityCoef="1" ang="90,0,0" color="0,220,0" radius="0.5" length="4" />
		<capsule pos="17.25,24.75,3.450000000000003" vel="0,0,0" mass="1" elasticityCoef="1" ang="90,0,0" color="0,220,0" radius="0.5" length="4" />
		<capsule pos="17.25,24.75,5.75" vel="0,0,0" mass="1" elasticityCoef="1" ang="90,0,0" color="0,220,0" radius="0.5" length="4" />
		<capsule pos="17.25,24.75,8.050000000000004" vel="0,0,0" mass="1" elasticityCoef="1" ang="90,0,0" color="0,220,0" radius="0.5" length="4" />
		<capsule pos="17.25,24.75,10.350000000000001" vel="0,0,0" mass="1" elasticityCoef="1" ang="90,0,0" color="0,220,0" radius="0.5" length="4" />
		<capsule pos="17.25,24.75,12.650000000000006" vel="0,0,0" mass="1" elasticityCoef="1" ang="90,0,0" color="0,220,0" radius="0.5" length="4" />
		<capsule pos="17.25,24.75,14.950000000000003" vel="0,0,0" mass="1" elasticityCoef="1" ang="90,0,0" color="0,220,0" radius="0.5" length="4" />
		<capsule pos="17.25,24.75,17.25" vel="0,0,0" mass="1" elasticityCoef="1" ang="90,0,0" color="0,220,0" radius="0.5" length="4" />
		<capsule pos="17.25,24.75,19.550000000000004" vel="0,0,0" mass="1" elasticityCoef="1" ang="90,0,0" color="0,220,0" radius="0.5" length="4" />
		<capsule pos="17.25,24.75,21.85" vel="0,0,0" mass="1" elasticityCoef="1" ang="90,0,0" color="0,220,0" radius="0.5" length="4" />
		<capsule pos="17.25,24.75,24.15" vel="0,0,0" mass="1" elasticityCoef="1" ang="90,0,0" color="0,220,0" radius="0.5" length="4" />
		<capsule pos="17.25,24.75,26.450000000000003" vel="0,0,0" mass="1" elasticityCoef="1" ang="90,0,0" color="0,220,0" radius="0.5" length="4" />
		<capsule pos="17.25,24.75,28.75" vel="0,0,0" mass="1" elasticityCoef="1" ang="90,0,0" color="0,220,0" radius="0.5" length="4" />
		<capsule pos="17.25,24.75,31.049999999999997" vel="0,0,0" mass="1" elasticityCoef="1" ang="90,0,0" color="0,220,0" radius="0.5" length="4" />
		<capsule pos="17.25,30.25,-33.349999999999994" vel="0,0,0" mass="1" elasticityCoef="1" ang="90,0,0" color="0,220,0" radius="0.5" length="4" />
		<capsule pos="17.25,30.25,-31.049999999999994" vel="0,0,0" mass="1" elasticityCoef="1" ang="90,0,0" color="0,220,0" radius="0.5" length="4" />
		<capsule pos="17.25,30.25,-28.749999999999993" vel="0,0,0" mass="1" elasticityCoef="1" ang="90,0,0" color="0,220,0" radius="0.5" length="4" />
		<capsule pos="17.25,30.25,-26.449999999999996" vel="0,0,0" mass="1" elasticityCoef="1" ang="90,0,0" color="0,220,0" radius="0.5" length="4" />
		<capsule pos="17.25,30.25,-24.149999999999995" vel="0,0,0" mass="1" elasticityCoef="1" ang="90,0,0" color="0,220,0" radius="0.5" length="4" />
		<capsule pos="17.25,30.25,-21.849999999999994" vel="0,0,0" mass="1" elasticityCoef="1" ang="90,0,0" color="0,220,0" radius="0.5" length="4" />
		<capsule pos="17.25,30.25,-19.549999999999997" vel="0,0,0" mass="1" elasticityCoef="1" ang="90,0,0" color="0,220,0" radius="0.5" length="4" />
		<capsule pos="17.25,30.25,-17.249999999999996" vel="0,0,0" mass="1" elasticityCoef="1" ang="90,0,0" color="0,220,0" radius="0.5" length="4" />
		<capsule pos="17.25,30.25,-14.949999999999996" vel="0,0,0" mass="1" elasticityCoef="1" ang="90,0,0" color="0,220,0" radius="0.5" length="4" />
		<capsule pos="17.25,30.25,-12.649999999999995" vel="0,0,0" mass="1" elasticityCoef="1" ang="90,0,0" color="0,220,0" radius="0.5" length="4" />
		<capsule pos="17.25,30.25,-10.349999999999994" vel="0,0,0" mass="1" elasticityCoef="1" ang="90,0,0" color="0,220,0" radius="0.5" length="4" />
		<capsule pos="17.25,30.25,-8.049999999999997" vel="0,0,0" mass="1" elasticityCoef="1" ang="90,0,0" color="0,220,0" radius="0.5" length="4" />
		<capsule pos="17.25,30.25,-5.7499999999999964" vel="0,0,0" mass="1" elasticityCoef="1" ang="90,0,0" color="0,220,0" radius="0.5" length="4" />
		<capsule pos="17.25,30.25,-3.4499999999999957" vel="0,0,0" mass="1" elasticityCoef="1" ang="90,0,0" color="0,220,0" radius="0.5" length="4" />
		<capsule pos="17.25,30.25,-1.1499999999999986" vel="0,0,0" mass="1" elasticityCoef="1" ang="90,0,0" color="0,220,0" radius="0.5" length="4" />
		<capsule pos="17.25,30.25,1.1500000000000057" vel="0,0,0" mass="1" elasticityCoef="1" ang="90,0,0" color="0,220,0" radius="0.5" length="4" />
		<capsule pos="17.25,30.25,3.450000000000003" vel="0,0,0" mass="1" elasticityCoef="1" ang="90,0,0" color="0,220,0" radius="0.5" length="4" />
		<capsule pos="17.25,30.25,5.75" vel="0,0,0" mass="1" elasticityCoef="1" ang="90,0,0" color="0,220,0" radius="0.5" length="4" />
		<capsule pos="17.25,30.25,8.050000000000004" vel="0,0,0" mass="1" elasticityCoef="1" ang="90,0,0" color="0,220,0" radius="0.5" length="4" />
		<capsule pos="17.25,30.25,10.350000000000001" vel="0,0,0" mass="1" elasticityCoef="1" ang="90,0,0" color="0,220,0" radius="0.5" length="4" />
		<capsule pos="17.25,30.25,12.650000000000006" vel="0,0,0" mass="1" elasticityCoef="1" ang="90,0,0" color="0,220,0" radius="0.5" length="4" />
		<capsule pos="17.25,30.25,14.950000000000003" vel="0,0,0" mass="1" elasticityCoef="1" ang="90,0,0" color="0,220,0" radius="0.5" length="4" />
		<capsule pos="17.25,30.25,17.25" vel="0,0,0" mass="1" elasticityCoef="1" ang="90,0,0" color="0,220,0" radius="0.5" length="4" />
		<capsule pos="17.25,30.25,19.550000000000004" vel="0,0,0" mass="1" elasticityCoef="1" ang="90,0,0" color="0,220,0" radius="0.5" length="4" />
		<capsule pos="17.25,30.25,21.85" vel="0,0,0" mass="1" elasticityCoef="1" ang="90,0,0" color="0,220,0" radius="0.5" length="4" />
		<capsule pos="17.25,30.25,24.15" vel="0,0,0" mass="1" elasticityCoef="1" ang="90,0,0" color="0,220,0" radius="0.5" length="4" />
		<capsule pos="17.25,30.25,26.450000000000003" vel="0,0,0" mass="1" elasticityCoef="1" ang="90,0,0" color="0,220,0" radius="0.5" length="4" />
		<capsule pos="17.25,30.25,28.75" vel="0,0,0" mass="1" elasticityCoef="1" ang="90,0,0" color="0,220,0" radius="0.5" length="4" />
		<capsule pos="17.25,30.25,31.049999999999997" vel="0,0,0" mass="1" elasticityCoef="1" ang="90,0,0" color="0,220,0" radius="0.5" length="4" />
		<capsule pos="17.25,35.75,-33.349999999999994" vel="0,0,0" mass="1" elasticityCoef="1" ang="90,0,0" color="0,220,0" radius="0.5" length="4" />
		<capsule pos="17.25,35.75,-31.049999999999994" vel="0,0,0" mass="1" elasticityCoef="1" ang="90,0,0" color="0,220,0" radius="0.5" length="4" />
		<capsule pos="17.25,35.75,-28.749999999999993" vel="0,0,0" mass="1" elasticityCoef="1" ang="90,0,0" color="0,220,0" radius="0.5" length="4" />
		<capsule pos="17.25,35.75,-26.449999999999996" vel="0,0,0" mass="1" elasticityCoef="1" ang="90,0,0" color="0,220,0" radius="0.5" length="4" />
		<capsule pos="17.25,35.75,-24.149999999999995" vel="0,0,0" mass="1" elasticityCoef="1" ang="90,0,0" color="0,220,0" radius="0.5" length="4" />
		<capsule pos="17.25,35.75,-21.849999999999994" vel="0,0,0" mass="1" elasticityCoef="1" ang="90,0,0" color="0,220,0" radius="0.5" length="4" />
		<capsule pos="17.25,35.75,-19.549999999999997" vel="0,0,0" mass="1" elasticityCoef="1" ang="90,0,0" color="0,220,0" radius="0.5" length="4" />
		<capsule pos="17.25,35.75,-17.249999999999996" vel="0,0,0" mass="1" elasticityCoef="1" ang="90,0,0" color="0,220,0" radius="0.5" length="4" />
		<capsule pos="17.25,35.75,-14.949999999999996" vel="0,0,0" mass="1" elasticityCoef="1" ang="90,0,0" color="0,220,0" radius="0.5" length="4" />
		<capsule pos="17.25,35.75,-12.649999999999995" vel="0,0,0" mass="1" elasticityCoef="1" ang="90,0,0" color="0,220,0" radius="0.5" length="4" />
		<capsule pos="17.25,35.75,-10.349999999999994" vel="0,0,0" mass="1" elasticityCoef="1" ang="90,0,0" color="0,220,0" radius="0.5" length="4" />
		<capsule pos="17.25,35.75,-8.049999999999997" vel="0,0,0" mass="1" elasticityCoef="1" ang="90,0,0" color="0,220,0" radius="0.5" length="4" />
		<capsule pos="17.25,35.75,-5.7499999999999964" vel="0,0,0" mass="1" elasticityCoef="1" ang="90,0,0" color="0,220,0" radius="0.5" length="4" />
		<capsule pos="17.25,35.75,-3.4499999999999957" vel="0,0,0" mass="1" elasticityCoef="1" ang="90,0,0" color="0,220,0" radius="0.5" length="4" />
		<capsule pos="17.25,35.75,-1.1499999999999986" vel="0,0,0" mass="1" elasticityCoef="1" ang="90,0,0" color="0,220,0" radius="0.5" length="4" />
		<capsule pos="17.25,35.75,1.1500000000000057" vel="0,0,0" mass="1" elasticityCoef="1" ang="90,0,0" color="0,220,0" radius="0.5" length="4" />
		<capsule pos="17.25,35.75,3.450000000000003" vel="0,0,0" mass="1" elasticityCoef="1" ang="90,0,0" color="0,220,0" radius="0.5" length="4" />
		<capsule pos="17.25,35.75,5.75" vel="0,0,0" mass="1" elasticityCoef="1" ang="90,0,0" color="0,220,0" radius="0.5" length="4" />
		<capsule pos="17.25,35.75,8.050000000000004" vel="0,0,0" mass="1" elasticityCoef="1" ang="90,0,0" color="0,220,0" radius="0.5" length="4" />
		<capsule pos="17.25,35.75,10.350000000000001" vel="0,0,0" mass="1" elasticityCoef="1" ang="90,0,0" color="0,220,0" radius="0.5" length="4" />
		<capsule pos="17.25,35.75,12.650000000000006" vel="0,0,0" mass="1" elasticityCoef="1" ang="90,0,0" color="0,220,0" radius="0.5" length="4" />
		<capsule pos="17.25,35.75,14.950000000000003" vel="0,0,0" mass="1" elasticityCoef="1" ang="90,0,0" color="0,220,0" radius="0.5" length="4" />
		<capsule pos="17.25,35.75,17.25" vel="0,0,0" mass="1" elasticityCoef="1" ang="90,0,0" color="0,220,0" radius="0.5" length="4" />
		<capsule pos="17.25,35.75,19.550000000000004" vel="0,0,0" mass="1" elasticityCoef="1" ang="90,0,0" color="0,220,0" radius="0.5" length="4" />
		<capsule pos="17.25,35.75,21.85" vel="0,0,0" mass="1" elasticityCoef="1" ang="90,0,0" color="0,220,0" radius="0.5" length="4" />
		<capsule pos="17.25,35.75,24.15" vel="0,0,0" mass="1" elasticityCoef="1" ang="90,0,0" color="0,220,0" radius="0.5" length="4" />
		<capsule pos="17.25,35.75,26.450000000000003" vel="0,0,0" mass="1" elasticityCoef="1" ang="90,0,0" color="0,220,0" radius="0.5" length="4" />
		<capsule pos="17.25,35.75,28.75" vel="0,0,0" mass="1" elasticityCoef="1" ang="90,0,0" color="0,220,0" radius="0.5" length="4" />
		<capsule pos="17.25,35.75,31.049999999999997" vel="0,0,0" mass="1" elasticityCoef="1" ang="90,0,0" color="0,220,0" radius="0.5" length="4" />
		<capsule pos="19.550000000000004,-41.25,-33.349999999999994" vel="0,0,0" mass="1" elasticityCoef="1" ang="90,0,0" color="0,220,0" radius="0.5" length="4" />
		<capsule pos="19.550000000000004,-41.25,-31.049999999999994" vel="0,0,0" mass="1" elasticityCoef="1" ang="90,0,0" color="0,220,0" radius="0.5" length="4" />
		<capsule pos="19.550000000000004,-41.25,-28.749999999999993" vel="0,0,0" mass="1" elasticityCoef="1" ang="90,0,0" color="0,220,0" radius="0.5" length="4" />
		<capsule pos="19.550000000000004,-41.25,-26.449999999999996" vel="0,0,0" mass="1" elasticityCoef="1" ang="90,0,0" color="0,220,0" radius="0.5" length="4" />
		<capsule pos="19.550000000000004,-41.25,-24.149999999999995" vel="0,0,0" mass="1" elasticityCoef="1" ang="90,0,0" color="0,220,0" radius="0.5" length="4" />
		<capsule pos="19.550000000000004,-41.25,-21.849999999999994" vel="0,0,0" mass="1" elasticityCoef="1" ang="90,0,0" color="0,220,0" radius="0.5" length="4" />
		<capsule pos="19.550000000000004,-41.25,-19.549999999999997" vel="0,0,0" mass="1" elasticityCoef="1" ang="90,0,0" color="0,220,0" radius="0.5" length="4" />
		<capsule pos="19.550000000000004,-41.25,-17.249999999999996" vel="0,0,0" mass="1" elasticityCoef="1" ang="90,0,0" color="0,220,0" radius="0.5" length="4" />
		<capsule pos="19.550000000000004,-41.25,-14.949999999999996" vel="0,0,0" mass="1" elasticityCoef="1" ang="90,0,0" color="0,220,0" radius="0.5" length="4" />
		<capsule pos="19.550000000000004,-41.25,-12.649999999999995" vel="0,0,0" mass="1" elasticityCoef="1" ang="90,0,0" color="0,220,0" radius="0.5" length="4" />
		<capsule pos="19.550000000000004,-41.25,-10.349999999999994" vel="0,0,0" mass="1" elasticityCoef="1" ang="90,0,0" color="0,220,0" radius="0.5" length="4" />
		<capsule pos="19.550000000000004,-41.25,-8.049999999999997" vel="0,0,0" mass="1" elasticityCoef="1" ang="90,0,0" color="0,220,0" radius="0.5" length="4" />
		<capsule pos="19.550000000000004,-41.25,-5.7499999999999964" vel="0,0,0" mass="1" elasticityCoef="1" ang="90,0,0" color="0,220,0" radius="0.5" length="4" />
		<capsule pos="19.550000000000004,-41.25,-3.4499999999999957" vel="0,0,0" mass="1" elasticityCoef="1" ang="90,0,0" color="0,220,0" radius="0.5" length="4" />
		<capsule pos="19.550000000000004,-41.25,-1.1499999999999986" vel="0,0,0" mass="1" elasticityCoef="1" ang="90,0,0" color="0,220,0" radius="0.5" length="4" />
		<capsule pos="19.550000000000004,-41.25,1.1500000000000057" vel="0,0,0" mass="1" elasticityCoef="1" ang="90,0,0" color="0,220,0" radius="0.5" length="4" />
		<capsule pos="19.550000000000004,-41.25,3.450000000000003" vel="0,0,0" mass="1" elasticityCoef="1" ang="90,0,0" color="0,220,0" radius="0.5" length="4" />
		<capsule pos="19.550000000000004,-41.25,5.75" vel="0,0,0" mass="1" elasticityCoef="1" ang="90,0,0" color="0,220,0" radius="0.5" length="4" />
		<capsule pos="19.550000000000004,-41.25,8.050000000000004" vel="0,0,0" mass="1" elasticityCoef="1" ang="90,0,0" color="0,220,0" radius="0.5" length="4" />
		<capsule pos="19.550000000000004,-41.25,10.350000000000001" vel="0,0,0" mass="1" elasticityCoef="1" ang="90,0,0" color="0,220,0" radius="0.5" length="4" />
		<capsule pos="19.550000000000004,-41.25,12.650000000000006" vel="0,0,0" mass="1" elasticityCoef="1" ang="90,0,0" color="0,220,0" radius="0.5" length="4" />
		<capsule pos="19.550000000000004,-41.25,14.950000000000003" vel="0,0,0" mass="1" elasticityCoef="1" ang="90,0,0" color="0,220,0" radius="0.5" length="4" />
		<capsule pos="19.550000000000004,-41.25,17.25" vel="0,0,0" mass="1" elasticityCoef="1" ang="90,0,0" color="0,220,0" radius="0.5" length="4" />
		<capsule pos="19.550000000000004,-41.25,19.550000000000004" vel="0,0,0" mass="1" elasticityCoef="1" ang="90,0,0" color="0,220,0" radius="0.5" length="4" />
		<capsule pos="19.550000000000004,-41.25,21.85" vel="0,0,0" mass="1" elasticityCoef="1" ang="90,0,0" color="0,220,0" radius="0.5" length="4" />
		<capsule pos="19.550000000000004,-41.25,24.15" vel="0,0,0" mass="1" elasticityCoef="1" ang="90,0,0" color="0,220,0" radius="0.5" length="4" />
		<capsule pos="19.550000000000004,-41.25,26.450000000000003" vel="0,0,0" mass="1" elasticityCoef="1" ang="90,0,0" color="0,220,0" radius="0.5" length="4" />
		<capsule pos="19.550000000000004,-41.25,28.75" vel="0,0,0" mass="1" elasticityCoef="1" ang="90,0,0" color="0,220,0" radius="0.5" length="4" />
		<capsule pos="19.550000000000004,-41.25,31.049999999999997" vel="0,0,0" mass="1" elasticityCoef="1" ang="90,0,0" color="0,220,0" radius="0.5" length="4" />
		<capsule pos="19.550000000000004,-35.75,-33.349999999999994" vel="0,0,0" mass="1" elasticityCoef="1" ang="90,0,0" color="0,220,0" radius="0.5" length="4" />
		<capsule pos="19.550000000000004,-35.75,-31.049999999999994" vel="0,0,0" mass="1" elasticityCoef="1" ang="90,0,0" color="0,220,0" radius="0.5" length="4" />
		<capsule pos="19.550000000000004,-35.75,-28.749999999999993" vel="0,0,0" mass="1" elasticityCoef="1" ang="90,0,0" color="0,220,0" radius="0.5" length="4" />
		<capsule pos="19.550000000000004,-35.75,-26.449999999999996" vel="0,0,0" mass="1" elasticityCoef="1" ang="90,0,0" color="0,220,0" radius="0.5" length="4" />
		<capsule pos="19.550000000000004,-35.75,-24.149999999999995" vel="0,0,0" mass="1" elasticityCoef="1" ang="90,0,0" color="0,220,0" radius="0.5" length="4" />
		<capsule pos="19.550000000000004,-35.75,-21.849999999999994" vel="0,0,0" mass="1" elasticityCoef="1" ang="90,0,0" color="0,220,0" radius="0.5" length="4" />
		<capsule pos="19.550000000000004,-35.75,-19.549999999999997" vel="0,0,0" mass="1" elasticityCoef="1" ang="90,0,0" color="0,220,0" radius="0.5" length="4" />
		<capsule pos="19.550000000000004,-35.75,-17.249999999999996" vel="0,0,0" mass="1" elasticityCoef="1" ang="90,0,0" color="0,220,0" radius="0.5" length="4" />
		<capsule pos="19.550000000000004,-35.75,-14.949999999999996" vel="0,0,0" mass="1" elasticityCoef="1" ang="90,0,0" color="0,220,0" radius="0.5" length="4" />
		<capsule pos="19.550000000000004,-35.75,-12.649999999999995" vel="0,0,0" mass="1" elasticityCoef="1" ang="90,0,0" color="0,220,0" radius="0.5" length="4" />
		<capsule pos="19.550000000000004,-35.75,-10.349999999999994" vel="0,0,0" mass="1" elasticityCoef="1" ang="90,0,0" color="0,220,0" radius="0.5" length="4" />
		<capsule pos="19.550000000000004,-35.75,-8.049999999999997" vel="0,0,0" mass="1" elasticityCoef="1" ang="90,0,0" color="0,220,0" radius="0.5" length="4" />
		<capsule pos="19.550000000000004,-35.75,-5.7499999999999964" vel="0,0,0" mass="1" elasticityCoef="1" ang="90,0,0" color="0,220,0" radius="0.5" length="4" />
		<capsule pos="19.550000000000004,-35.75,-3.4499999999999957" vel="0,0,0" mass="1" elasticityCoef="1" ang="90,0,0" color="0,220,0" radius="0.5" length="4" />
		<capsule pos="19.550000000000004,-35.75,-1.1499999999999986" vel="0,0,0" mass="1" elasticityCoef="1" ang="90,0,0" color="0,220,0" radius="0.5" length="4" />
		<capsule pos="19.550000000000004,-35.75,1.1500000000000057" vel="0,0,0" mass="1" elasticityCoef="1" ang="90,0,0" color="0,220,0" radius="0.5" length="4" />
		<capsule pos="19.550000000000004,-35.75,3.450000000000003" vel="0,0,0" mass="1" elasticityCoef="1" ang="90,0,0" color="0,220,0" radius="0.5" length="4" />
		<capsule pos="19.550000000000004,-35.75,5.75" vel="0,0,0" mass="1" elasticityCoef="1" ang="90,0,0" color="0,220,0" radius="0.5" length="4" />
		<capsule pos="19.550000000000004,-35.75,8.050000000000004" vel="0,0,0" mass="1" elasticityCoef="1" ang="90,0,0" color="0,220,0" radius="0.5" length="4" />
		<capsule pos="19.550000000000004,-35.75,10.350000000000001" vel="0,0,0" mass="1" elasticityCoef="1" ang="90,0,0" color="0,220,0" radius="0.5" length="4" />
		<capsule pos="19.550000000000004,-35.75,12.650000000000006" vel="0,0,0" mass="1" elasticityCoef="1" ang="90,0,0" color="0,220,0" radius="0.5" length="4" />
		<capsule pos="19.550000000000004,-35.75,14.950000000000003" vel="0,0,0" mass="1" elasticityCoef="1" ang="90,0,0" color="0,220,0" radius="0.5" length="4" />
		<capsule pos="19.550000000000004,-35.75,17.25" vel="0,0,0" mass="1" elasticityCoef="1" ang="90,0,0" color="0,220,0" radius="0.5" length="4" />
		<capsule pos="19.550000000000004,-35.75,19.550000000000004" vel="0,0,0" mass="1" elasticityCoef="1" ang="90,0,0" color="0,220,0" radius="0.5" length="4" />
		<capsule pos="19.550000000000004,-35.75,21.85" vel="0,0,0" mass="1" elasticityCoef="1" ang="90,0,0" color="0,220,0" radius="0.5" length="4" />
		<capsule pos="19.550000000000004,-35.75,24.15" vel="0,0,0" mass="1" elasticityCoef="1" ang="90,0,0" color="0,220,0" radius="0.5" length="4" />
		<capsule pos="19.550000000000004,-35.75,26.450000000000003" vel="0,0,0" mass="1" elasticityCoef="1" ang="90,0,0" color="0,220,0" radius="0.5" length="4" />
		<capsule pos="19.550000000000004,-35.75,28.75" vel="0,0,0" mass="1" elasticityCoef="1" ang="90,0,0" color="0,220,0" radius="0.5" length="4" />
		<capsule pos="19.550000000000004,-35.75,31.049999999999997" vel="0,0,0" mass="1" elasticityCoef="1" ang="90,0,0" color="0,220,0" radius="0.5" length="4" />
		<capsule pos="19.550000000000004,-30.25,-33.349999999999994" vel="0,0,0" mass="1" elasticityCoef="1" ang="90,0,0" color="0,220,0" radius="0.5" length="4" />
		<capsule pos="19.550000000000004,-30.25,-31.049999999999994" vel="0,0,0" mass="1" elasticityCoef="1" ang="90,0,0" color="0,220,0" radius="0.5" length="4" />
		<capsule pos="19.550000000000004,-30.25,-28.749999999999993" vel="0,0,0" mass="1" elasticityCoef="1" ang="90,0,0" color="0,220,0" radius="0.5" length="4" />
		<capsule pos="19.550000000000004,-30.25,-26.449999999999996" vel="0,0,0" mass="1" elasticityCoef="1" ang="90,0,0" color="0,220,0" radius="0.5" length="4" />
		<capsule pos="19.550000000000004,-30.25,-24.149999999999995" vel="0,0,0" mass="1" elasticityCoef="1" ang="90,0,0" color="0,220,0" radius="0.5" length="4" />
		<capsule pos="19.550000000000004,-30.25,-21.849999999999994" vel="0,0,0" mass="1" elasticityCoef="1" ang="90,0,0" color="0,220,0" radius="0.5" length="4" />
		<capsule pos="19.550000000000004,-30.25,-19.549999999999997" vel="0,0,0" mass="1" elasticityCoef="1" ang="90,0,0" color="0,220,0" radius="0.5" length="4" />
		<capsule pos="19.550000000000004,-30.25,-17.249999999999996" vel="0,0,0" mass="1" elasticityCoef="1" ang="90,0,0" color="0,220,0" radius="0.5" length="4" />
		<capsule pos="19.550000000000004,-30.25,-14.949999999999996" vel="0,0,0" mass="1" elasticityCoef="1" ang="90,0,0" color="0,220,0" radius="0.5" length="4" />
		<capsule pos="19.550000000000004,-30.25,-12.649999999999995" vel="0,0,0" mass="1" elasticityCoef="1" ang="90,0,0" color="0,220,0" radius="0.5" length="4" />
		<capsule pos="19.550000000000004,-30.25,-10.349999999999994" vel="0,0,0" mass="1" elasticityCoef="1" ang="90,0,0" color="0,220,0" radius="0.5" length="4" />
		<capsule pos="19.550000000000004,-30.25,-8.049999999999997" vel="0,0,0" mass="1" elasticityCoef="1" ang="90,0,0" color="0,220,0" radius="0.5" length="4" />
		<capsule pos="19.550000000000004,-30.25,-5.7499999999999964" vel="0,0,0" mass="1" elasticityCoef="1" ang="90,0,0" color="0,220,0" radius="0.5" length="4" />
		<capsule pos="19.550000000000004,-30.25,-3.4499999999999957" vel="0,0,0" mass="1" elasticityCoef="1" ang="90,0,0" color="0,220,0" radius="0.5" length="4" />
		<capsule pos="19.550000000000004,-30.25,-1.1499999999999986" vel="0,0,0" mass="1" elasticityCoef="1" ang="90,0,0" color="0,220,0" radius="0.5" length="4" />
		<capsule pos="19.550000000000004,-30.25,1.1500000000000057" vel="0,0,0" mass="1" elasticityCoef="1" ang="90,0,0" color="0,220,0" radius="0.5" length="4" />
		<capsule pos="19.550000000000004,-30.25,3.450000000000003" vel="0,0,0" mass="1" elasticityCoef="1" ang="90,0,0" color="0,220,0" radius="0.5" length="4" />
		<capsule pos="19.550000000000004,-30.25,5.75" vel="0,0,0" mass="1" elasticityCoef="1" ang="90,0,0" color="0,220,0" radius="0.5" length="4" />
		<capsule pos="19.550000000000004,-30.25,8.050000000000004" vel="0,0,0" mass="1" elasticityCoef="1" ang="90,0,0" color="0,220,0" radius="0.5" length="4" />
		<capsule pos="19.550000000000004,-30.25,10.350000000000001" vel="0,0,0" mass="1" elasticityCoef="1" ang="90,0,0" color="0,220,0" radius="0.5" length="4" />
		<capsule pos="19.550000000000004,-30.25,12.650000000000006" vel="0,0,0" mass="1" elasticityCoef="1" ang="90,0,0" color="0,220,0" radius="0.5" length="4" />
		<capsule pos="19.550000000000004,-30.25,14.950000000000003" vel="0,0,0" mass="1" elasticityCoef="1" ang="90,0,0" color="0,220,0" radius="0.5" length="4" />
		<capsule pos="19.550000000000004,-30.25,17.25" vel="0,0,0" mass="1" elasticityCoef="1" ang="90,0,0" color="0,220,0" radius="0.5" length="4" />
		<capsule pos="19.550000000000004,-30.25,19.550000000000004" vel="0,0,0" mass="1" elasticityCoef="1" ang="90,0,0" color="0,220,0" radius="0.5" length="4" />
		<capsule pos="19.550000000000004,-30.25,21.85" vel="0,0,0" mass="1" elasticityCoef="1" ang="90,0,0" color="0,220,0" radius="0.5" length="4" />
		<capsule pos="19.550000000000004,-30.25,24.15" vel="0,0,0" mass="1" elasticityCoef="1" ang="90,0,0" color="0,220,0" radius="0.5" length="4" />
		<capsule pos="19.550000000000004,-30.25,26.450000000000003" vel="0,0,0" mass="1" elasticityCoef="1" ang="90,0,0" color="0,220,0" radius="0.5" length="4" />
		<capsule pos="19.550000000000004,-30.25,28.75" vel="0,0,0" mass="1" elasticityCoef="1" ang="90,0,0" color="0,220,0" radius="0.5" length="4" />
		<capsule pos="19.550000000000004,-30.25,31.049999999999997" vel="0,0,0" mass="1" elasticityCoef="1" ang="90,0,0" color="0,220,0" radius="0.5" length="4" />
		<capsule pos="19.550000000000004,-24.75,-33.349999999999994" vel="0,0,0" mass="1" elasticityCoef="1" ang="90,0,0" color="0,220,0" radius="0.5" length="4" />
		<capsule pos="19.550000000000004,-24.75,-31.049999999999994" vel="0,0,0" mass="1" elasticityCoef="1" ang="90,0,0" color="0,220,0" radius="0.5" length="4" />
		<capsule pos="19.550000000000004,-24.75,-28.749999999999993" vel="0,0,0" mass="1" elasticityCoef="1" ang="90,0,0" color="0,220,0" radius="0.5" length="4" />
		<capsule pos="19.550000000000004,-24.75,-26.449999999999996" vel="0,0,0" mass="1" elasticityCoef="1" ang="90,0,0" color="0,220,0" radius="0.5" length="4" />
		<capsule pos="19.550000000000004,-24.75,-24.149999999999995" vel="0,0,0" mass="1" elasticityCoef="1" ang="90,0,0" color="0,220,0" radius="0.5" length="4" />
		<capsule pos="19.550000000000004,-24.75,-21.849999999999994" vel="0,0,0" mass="1" elasticityCoef="1" ang="90,0,0" color="0,220,0" radius="0.5" length="4" />
		<capsule pos="19.550000000000004,-24.75,-19.549999999999997" vel="0,0,0" mass="1" elasticityCoef="1" ang="90,0,0" color="0,220,0" radius="0.5" length="4" />
		<capsule pos="19.550000000000004,-24.75,-17.249999999999996" vel="0,0,0" mass="1" elasticityCoef="1" ang="90,0,0" color="0,220,0" radius="0.5" length="4" />
		<capsule pos="19.550000000000004,-24.75,-14.949999999999996" vel="0,0,0" mass="1" elasticityCoef="1" ang="90,0,0" color="0,220,0" radius="0.5" length="4" />
		<capsule pos="19.550000000000004,-24.75,-12.649999999999995" vel="0,0,0" mass="1" elasticityCoef="1" ang="90,0,0" color="0,220,0" radius="0.5" length="4" />
		<capsule pos="19.550000000000004,-24.75,-10.349999999999994" vel="0,0,0" mass="1" elasticityCoef="1" ang="90,0,0" color="0,220,0" radius="0.5" length="4" />
		<capsule pos="19.550000000000004,-24.75,-8.049999999999997" vel="0,0,0" mass="1" elasticityCoef="1" ang="90,0,0" color="0,220,0" radius="0.5" length="4" />
		<capsule pos="19.550000000000004,-24.75,-5.7499999999999964" vel="0,0,0" mass="1" elasticityCoef="1" ang="90,0,0" color="0,220,0" radius="0.5" length="4" />
		<capsule pos="19.550000000000004,-24.75,-3.4499999999999957" vel="0,0,0" mass="1" elasticityCoef="1" ang="90,0,0" color="0,220,0" radius="0.5" length="4" />
		<capsule pos="19.550000000000004,-24.75,-1.1499999999999986" vel="0,0,0" mass="1" elasticityCoef="1" ang="90,0,0" color="0,220,0" radius="0.5" length="4" />
		<capsule pos="19.550000000000004,-24.75,1.1500000000000057" vel="0,0,0" mass="1" elasticityCoef="1" ang="90,0,0" color="0,220,0" radius="0.5" length="4" />
		<capsule pos="19.550000000000004,-24.75,3.450000000000003" vel="0,0,0" mass="1" elasticityCoef="1" ang="90,0,0" color="0,220,0" radius="0.5" length="4" />
		<capsule pos="19.550000000000004,-24.75,5.75" vel="0,0,0" mass="1" elasticityCoef="1" ang="90,0,0" color="0,220,0" radius="0.5" length="4" />
		<capsule pos="19.550000000000004,-24.75,8.050000000000004" vel="0,0,0" mass="1" elasticityCoef="1" ang="90,0,0" color="0,220,0" radius="0.5" length="4" />
		<capsule pos="19.550000000000004,-24.75,10.350000000000001" vel="0,0,0" mass="1" elasticityCoef="1" ang="90,0,0" color="0,220,0" radius="0.5" length="4" />
		<capsule pos="19.550000000000004,-24.75,12.650000000000006" vel="0,0,0" mass="1" elasticityCoef="1" ang="90,0,0" color="0,220,0" radius="0.5" length="4" />
		<capsule pos="19.550000000000004,-24.75,14.950000000000003" vel="0,0,0" mass="1" elasticityCoef="1" ang="90,0,0" color="0,220,0" radius="0.5" length="4" />
		<capsule pos="19.550000000000004,-24.75,17.25" vel="0,0,0" mass="1" elasticityCoef="1" ang="90,0,0" color="0,220,0" radius="0.5" length="4" />
		<capsule pos="19.550000000000004,-24.75,19.550000000000004" vel="0,0,0" mass="1" elasticityCoef="1" ang="90,0,0" color="0,220,0" radius="0.5" length="4" />
		<capsule pos="19.550000000000004,-24.75,21.85" vel="0,0,0" mass="1" elasticityCoef="1" ang="90,0,0" color="0,220,0" radius="0.5" length="4" />
		<capsule pos="19.550000000000004,-24.75,24.15" vel="0,0,0" mass="1" elasticityCoef="1" ang="90,0,0" color="0,220,0" radius="0.5" length="4" />
		<capsule pos="19.550000000000004,-24.75,26.450000000000003" vel="0,0,0" mass="1" elasticityCoef="1" ang="90,0,0" color="0,220,0" radius="0.5" length="4" />
		<capsule pos="19.550000000000004,-24.75,28.75" vel="0,0,0" mass="1" elasticityCoef="1" ang="90,0,0" color="0,220,0" radius="0.5" length="4" />
		<capsule pos="19.550000000000004,-24.75,31.049999999999997" vel="0,0,0" mass="1" elasticityCoef="1" ang="90,0,0" color="0,220,0" radius="0.5" length="4" />
		<capsule pos="19.550000000000004,-19.25,-33.349999999999994" vel="0,0,0" mass="1" elasticityCoef="1" ang="90,0,0" color="0,220,0" radius="0.5" length="4" />
		<capsule pos="19.550000000000004,-19.25,-31.049999999999994" vel="0,0,0" mass="1" elasticityCoef="1" ang="90,0,0" color="0,220,0" radius="0.5" length="4" />
		<capsule pos="19.550000000000004,-19.25,-28.749999999999993" vel="0,0,0" mass="1" elasticityCoef="1" ang="90,0,0" color="0,220,0" radius="0.5" length="4" />
		<capsule pos="19.550000000000004,-19.25,-26.449999999999996" vel="0,0,0" mass="1" elasticityCoef="1" ang="90,0,0" color="0,220,0" radius="0.5" length="4" />
		<capsule pos="19.550000000000004,-19.25,-24.149999999999995" vel="0,0,0" mass="1" elasticityCoef="1" ang="90,0,0" color="0,220,0" radius="0.5" length="4" />
		<capsule pos="19.550000000000004,-19.25,-21.849999999999994" vel="0,0,0" mass="1" elasticityCoef="1" ang="90,0,0" color="0,220,0" radius="0.5" length="4" />
		<capsule pos="19.550000000000004,-19.25,-19.549999999999997" vel="0,0,0" mass="1" elasticityCoef="1" ang="90,0,0" color="0,220,0" radius="0.5" length="4" />
		<capsule pos="19.550000000000004,-19.25,-17.249999999999996" vel="0,0,0" mass="1" elasticityCoef="1" ang="90,0,0" color="0,220,0" radius="0.5" length="4" />
		<capsule pos="19.550000000000004,-19.25,-14.949999999999996" vel="0,0,0" mass="1" elasticityCoef="1" ang="90,0,0" color="0,220,0" radius="0.5" length="4" />
		<capsule pos="19.550000000000004,-19.25,-12.649999999999995" vel="0,0,0" mass="1" elasticityCoef="1" ang="90,0,0" color="0,220,0" radius="0.5" length="4" />
		<capsule pos="19.550000000000004,-19.25,-10.349999999999994" vel="0,0,0" mass="1" elasticityCoef="1" ang="90,0,0" color="0,220,0" radius="0.5" length="4" />
		<capsule pos="19.550000000000004,-19.25,-8.049999999999997" vel="0,0,0" mass="1" elasticityCoef="1" ang="90,0,0" color="0,220,0" radius="0.5" length="4" />
		<capsule pos="19.550000000000004,-19.25,-5.7499999999999964" vel="0,0,0" mass="1" elasticityCoef="1" ang="90,0,0" color="0,220,0" radius="0.5" length="4" />
		<capsule pos="19.550000000000004,-19.25,-3.4499999999999957" vel="0,0,0" mass="1" elasticityCoef="1" ang="90,0,0" color="0,220,0" radius="0.5" length="4" />
		<capsule pos="19.550000000000004,-19.25,-1.1499999999999986" vel="0,0,0" mass="1" elasticityCoef="1" ang="90,0,0" color="0,220,0" radius="0.5" length="4" />
		<capsule pos="19.550000000000004,-19.25,1.1500000000000057" vel="0,0,0" mass="1" elasticityCoef="1" ang="90,0,0" color="0,220,0" radius="0.5" length="4" />
		<capsule pos="19.550000000000004,-19.25,3.450000000000003" vel="0,0,0" mass="1" elasticityCoef="1" ang="90,0,0" color="0,220,0" radius="0.5" length="4" />
		<capsule pos="19.550000000000004,-19.25,5.75" vel="0,0,0" mass="1" elasticityCoef="1" ang="90,0,0" color="0,220,0" radius="0.5" length="4" />
		<capsule pos="19.550000000000004,-19.25,8.050000000000004" vel="0,0,0" mass="1" elasticityCoef="1" ang="90,0,0" color="0,220,0" radius="0.5" length="4" />
		<capsule pos="19.550000000000004,-19.25,10.350000000000001" vel="0,0,0" mass="1" elasticityCoef="1" ang="90,0,0" color="0,220,0" radius="0.5" length="4" />
		<capsule pos="19.550000000000004,-19.25,12.650000000000006" vel="0,0,0" mass="1" elasticityCoef="1" ang="90,0,0" color="0,220,0" radius="0.5" length="4" />
		<capsule pos="19.550000000000004,-19.25,14.950000000000003" vel="0,0,0" mass="1" elasticityCoef="1" ang="90,0,0" color="0,220,0" radius="0.5" length="4" />
		<capsule pos="19.550000000000004,-19.25,17.25" vel="0,0,0" mass="1" elasticityCoef="1" ang="90,0,0" color="0,220,0" radius="0.5" length="4" />
		<capsule pos="19.550000000000004,-19.25,19.550000000000004" vel="0,0,0" mass="1" elasticityCoef="1" ang="90,0,0" color="0,220,0" radius="0.5" length="4" />
		<capsule pos="19.550000000000004,-19.25,21.85" vel="0,0,0" mass="1" elasticityCoef="1" ang="90,0,0" color="0,220,0" radius="0.5" length="4" />
		<capsule pos="19.550000000000004,-19.25,24.15" vel="0,0,0" mass="1" elasticityCoef="1" ang="90,0,0" color="0,220,0" radius="0.5" length="4" />
		<capsule pos="19.550000000000004,-19.25,26.450000000000003" vel="0,0,0" mass="1" elasticityCoef="1" ang="90,0,0" color="0,220,0" radius="0.5" length="4" />
		<capsule pos="19.550000000000004,-19.25,28.75" vel="0,0,0" mass="1" elasticityCoef="1" ang="90,0,0" color="0,220,0" radius="0.5" length="4" />
		<capsule pos="19.550000000000004,-19.25,31.049999999999997" vel="0,0,0" mass="1" elasticityCoef="1" ang="90,0,0" color="0,220,0" radius="0.5" length="4" />
		<capsule pos="19.550000000000004,-13.75,-33.349999999999994" vel="0,0,0" mass="1" elasticityCoef="1" ang="90,0,0" color="0,220,0" radius="0.5" length="4" />
		<capsule pos="19.550000000000004,-13.75,-31.049999999999994" vel="0,0,0" mass="1" elasticityCoef="1" ang="90,0,0" color="0,220,0" radius="0.5" length="4" />
		<capsule pos="19.550000000000004,-13.75,-28.749999999999993" vel="0,0,0" mass="1" elasticityCoef="1" ang="90,0,0" color="0,220,0" radius="0.5" length="4" />
		<capsule pos="19.550000000000004,-13.75,-26.449999999999996" vel="0,0,0" mass="1" elasticityCoef="1" ang="90,0,0" color="0,220,0" radius="0.5" length="4" />
		<capsule pos="19.550000000000004,-13.75,-24.149999999999995" vel="0,0,0" mass="1" elasticityCoef="1" ang="90,0,0" color="0,220,0" radius="0.5" length="4" />
		<capsule pos="19.550000000000004,-13.75,-21.849999999999994" vel="0,0,0" mass="1" elasticityCoef="1" ang="90,0,0" color="0,220,0" radius="0.5" length="4" />
		<capsule pos="19.550000000000004,-13.75,-19.549999999999997" vel="0,0,0" mass="1" elasticityCoef="1" ang="90,0,0" color="0,220,0" radius="0.5" length="4" />
		<capsule pos="19.550000000000004,-13.75,-17.249999999999996" vel="0,0,0" mass="1" elasticityCoef="1" ang="90,0,0" color="0,220,0" radius="0.5" length="4" />
		<capsule pos="19.550000000000004,-13.75,-14.949999999999996" vel="0,0,0" mass="1" elasticityCoef="1" ang="90,0,0" color="0,220,0" radius="0.5" length="4" />
		<capsule pos="19.550000000000004,-13.75,-12.649999999999995" vel="0,0,0" mass="1" elasticityCoef="1" ang="90,0,0" color="0,220,0" radius="0.5" length="4" />
		<capsule pos="19.550000000000004,-13.75,-10.349999999999994" vel="0,0,0" mass="1" elasticityCoef="1" ang="90,0,0" color="0,220,0" radius="0.5" length="4" />
		<capsule pos="19.550000000000004,-13.75,-8.049999999999997" vel="0,0,0" mass="1" elasticityCoef="1" ang="90,0,0" color="0,220,0" radius="0.5" length="4" />
		<capsule pos="19.550000000000004,-13.75,-5.7499999999999964" vel="0,0,0" mass="1" elasticityCoef="1" ang="90,0,0" color="0,220,0" radius="0.5" length="4" />
		<capsule pos="19.550000000000004,-13.75,-3.4499999999999957" vel="0,0,0" mass="1" elasticityCoef="1" ang="90,0,0" color="0,220,0" radius="0.5" length="4" />
		<capsule pos="19.550000000000004,-13.75,-1.1499999999999986" vel="0,0,0" mass="1" elasticityCoef="1" ang="90,0,0" color="0,220,0" radius="0.5" length="4" />
		<capsule pos="19.550000000000004,-13.75,1.1500000000000057" vel="0,0,0" mass="1" elasticityCoef="1" ang="90,0,0" color="0,220,0" radius="0.5" length="4" />
		<capsule pos="19.550000000000004,-13.75,3.450000000000003" vel="0,0,0" mass="1" elasticityCoef="1" ang="90,0,0" color="0,220,0" radius="0.5" length="4" />
		<capsule pos="19.550000000000004,-13.75,5.75" vel="0,0,0" mass="1" elasticityCoef="1" ang="90,0,0" color="0,220,0" radius="0.5" length="4" />
		<capsule pos="19.550000000000004,-13.75,8.050000000000004" vel="0,0,0" mass="1" elasticityCoef="1" ang="90,0,0" color="0,220,0" radius="0.5" length="4" />
		<capsule pos="19.550000000000004,-13.75,10.350000000000001" vel="0,0,0" mass="1" elasticityCoef="1" ang="90,0,0" color="0,220,0" radius="0.5" length="4" />
		<capsule pos="19.550000000000004,-13.75,12.650000000000006" vel="0,0,0" mass="1" elasticityCoef="1" ang="90,0,0" color="0,220,0" radius="0.5" length="4" />
		<capsule pos="19.550000000000004,-13.75,14.950000000000003" vel="0,0,0" mass="1" elasticityCoef="1" ang="90,0,0" color="0,220,0" radius="0.5" length="4" />
		<capsule pos="19.550000000000004,-13.75,17.25" vel="0,0,0" mass="1" elasticityCoef="1" ang="90,0,0" color="0,220,0" radius="0.5" length="4" />
		<capsule pos="19.550000000000004,-13.75,19.550000000000004" vel="0,0,0" mass="1" elasticityCoef="1" ang="90,0,0" color="0,220,0" radius="0.5" length="4" />
		<capsule pos="19.550000000000004,-13.75,21.85" vel="0,0,0" mass="1" elasticityCoef="1" ang="90,0,0" color="0,220,0" radius="0.5" length="4" />
		<capsule pos="19.550000000000004,-13.75,24.15" vel="0,0,0" mass="1" elasticityCoef="1" ang="90,0,0" color="0,220,0" radius="0.5" length="4" />
		<capsule pos="19.550000000000004,-13.75,26.450000000000003" vel="0,0,0" mass="1" elasticityCoef="1" ang="90,0,0" color="0,220,0" radius="0.5" length="4" />
		<capsule pos="19.550000000000004,-13.75,28.75" vel="0,0,0" mass="1" elasticityCoef="1" ang="90,0,0" color="0,220,0" radius="0.5" length="4" />
		<capsule pos="19.550000000000004,-13.75,31.049999999999997" vel="0,0,0" mass="1" elasticityCoef="1" ang="90,0,0" color="0,220,0" radius="0.5" length="4" />
		<capsule pos="19.550000000000004,-8.25,-33.349999999999994" vel="0,0,0" mass="1" elasticityCoef="1" ang="90,0,0" color="0,220,0" radius="0.5" length="4" />
		<capsule pos="19.550000000000004,-8.25,-31.049999999999994" vel="0,0,0" mass="1" elasticityCoef="1" ang="90,0,0" color="0,220,0" radius="0.5" length="4" />
		<capsule pos="19.550000000000004,-8.25,-28.749999999999993" vel="0,0,0" mass="1" elasticityCoef="1" ang="90,0,0" color="0,220,0" radius="0.5" length="4" />
		<capsule pos="19.550000000000004,-8.25,-26.449999999999996" vel="0,0,0" mass="1" elasticityCoef="1" ang="90,0,0" color="0,220,0" radius="0.5" length="4" />
		<capsule pos="19.550000000000004,-8.25,-24.149999999999995" vel="0,0,0" mass="1" elasticityCoef="1" ang="90,0,0" color="0,220,0" radius="0.5" length="4" />
		<capsule pos="19.550000000000004,-8.25,-21.849999999999994" vel="0,0,0" mass="1" elasticityCoef="1" ang="90,0,0" color="0,220,0" radius="0.5" length="4" />
		<capsule pos="19.550000000000004,-8.25,-19.549999999999997" vel="0,0,0" mass="1" elasticityCoef="1" ang="90,0,0" color="0,220,0" radius="0.5" length="4" />
		<capsule pos="19.550000000000004,-8.25,-17.249999999999996" vel="0,0,0" mass="1" elasticityCoef="1" ang="90,0,0" color="0,220,0" radius="0.5" length="4" />
		<capsule pos="19.550000000000004,-8.25,-14.949999999999996" vel="0,0,0" mass="1" elasticityCoef="1" ang="90,0,0" color="0,220,0" radius="0.5" length="4" />
		<capsule pos="19.550000000000004,-8.25,-12.649999999999995" vel="0,0,0" mass="1" elasticityCoef="1" ang="90,0,0" color="0,220,0" radius="0.5" length="4" />
		<capsule pos="19.550000000000004,-8.25,-10.349999999999994" vel="0,0,0" mass="1" elasticityCoef="1" ang="90,0,0" color="0,220,0" radius="0.5" length="4" />
		<capsule pos="19.550000000000004,-8.25,-8.049999999999997" vel="0,0,0" mass="1" elasticityCoef="1" ang="90,0,0" color="0,220,0" radius="0.5" length="4" />
		<capsule pos="19.550000000000004,-8.25,-5.7499999999999964" vel="0,0,0" mass="1" elasticityCoef="1" ang="90,0,0" color="0,220,0" radius="0.5" length="4" />
		<capsule pos="19.550000000000004,-8.25,-3.4499999999999957" vel="0,0,0" mass="1" elasticityCoef="1" ang="90,0,0" color="0,220,0" radius="0.5" length="4" />
		<capsule pos="19.550000000000004,-8.25,-1.1499999999999986" vel="0,0,0" mass="1" elasticityCoef="1" ang="90,0,0" color="0,220,0" radius="0.5" length="4" />
		<capsule pos="19.550000000000004,-8.25,1.1500000000000057" vel="0,0,0" mass="1" elasticityCoef="1" ang="90,0,0" color="0,220,0" radius="0.5" length="4" />
		<capsule pos="19.550000000000004,-8.25,3.450000000000003" vel="0,0,0" mass="1" elasticityCoef="1" ang="90,0,0" color="0,220,0" radius="0.5" length="4" />
		<capsule pos="19.550000000000004,-8.25,5.75" vel="0,0,0" mass="1" elasticityCoef="1" ang="90,0,0" color="0,220,0" radius="0.5" length="4" />
		<capsule pos="19.550000000000004,-8.25,8.050000000000004" vel="0,0,0" mass="1" elasticityCoef="1" ang="90,0,0" color="0,220,0" radius="0.5" length="4" />
		<capsule pos="19.550000000000004,-8.25,10.350000000000001" vel="0,0,0" mass="1" elasticityCoef="1" ang="90,0,0" color="0,220,0" radius="0.5" length="4" />
		<capsule pos="19.550000000000004,-8.25,12.650000000000006" vel="0,0,0" mass="1" elasticityCoef="1" ang="90,0,0" color="0,220,0" radius="0.5" length="4" />
		<capsule pos="19.550000000000004,-8.25,14.950000000000003" vel="0,0,0" mass="1" elasticityCoef="1" ang="90,0,0" color="0,220,0" radius="0.5" length="4" />
		<capsule pos="19.550000000000004,-8.25,17.25" vel="0,0,0" mass="1" elasticityCoef="1" ang="90,0,0" color="0,220,0" radius="0.5" length="4" />
		<capsule pos="19.550000000000004,-8.25,19.550000000000004" vel="0,0,0" mass="1" elasticityCoef="1" ang="90,0,0" color="0,220,0" radius="0.5" length="4" />
		<capsule pos="19.550000000000004,-8.25,21.85" vel="0,0,0" mass="1" elasticityCoef="1" ang="90,0,0" color="0,220,0" radius="0.5" length="4" />
		<capsule pos="19.550000000000004,-8.25,24.15" vel="0,0,0" mass="1" elasticityCoef="1" ang="90,0,0" color="0,220,0" radius="0.5" length="4" />
		<capsule pos="19.550000000000004,-8.25,26.450000000000003" vel="0,0,0" mass="1" elasticityCoef="1" ang="90,0,0" color="0,220,0" radius="0.5" length="4" />
		<capsule pos="19.550000000000004,-8.25,28.75" vel="0,0,0" mass="1" elasticityCoef="1" ang="90,0,0" color="0,220,0" radius="0.5" length="4" />
		<capsule pos="19.550000000000004,-8.25,31.049999999999997" vel="0,0,0" mass="1" elasticityCoef="1" ang="90,0,0" color="0,220,0" radius="0.5" length="4" />
		<capsule pos="19.550000000000004,-2.75,-33.349999999999994" vel="0,0,0" mass="1" elasticityCoef="1" ang="90,0,0" color="0,220,0" radius="0.5" length="4" />
		<capsule pos="19.550000000000004,-2.75,-31.049999999999994" vel="0,0,0" mass="1" elasticityCoef="1" ang="90,0,0" color="0,220,0" radius="0.5" length="4" />
		<capsule pos="19.550000000000004,-2.75,-28.749999999999993" vel="0,0,0" mass="1" elasticityCoef="1" ang="90,0,0" color="0,220,0" radius="0.5" length="4" />
		<capsule pos="19.550000000000004,-2.75,-26.449999999999996" vel="0,0,0" mass="1" elasticityCoef="1" ang="90,0,0" color="0,220,0" radius="0.5" length="4" />
		<capsule pos="19.550000000000004,-2.75,-24.149999999999995" vel="0,0,0" mass="1" elasticityCoef="1" ang="90,0,0" color="0,220,0" radius="0.5" length="4" />
		<capsule pos="19.550000000000004,-2.75,-21.849999999999994" vel="0,0,0" mass="1" elasticityCoef="1" ang="90,0,0" color="0,220,0" radius="0.5" length="4" />
		<capsule pos="19.550000000000004,-2.75,-19.549999999999997" vel="0,0,0" mass="1" elasticityCoef="1" ang="90,0,0" color="0,220,0" radius="0.5" length="4" />
		<capsule pos="19.550000000000004,-2.75,-17.249999999999996" vel="0,0,0" mass="1" elasticityCoef="1" ang="90,0,0" color="0,220,0" radius="0.5" length="4" />
		<capsule pos="19.550000000000004,-2.75,-14.949999999999996" vel="0,0,0" mass="1" elasticityCoef="1" ang="90,0,0" color="0,220,0" radius="0.5" length="4" />
		<capsule pos="19.550000000000004,-2.75,-12.649999999999995" vel="0,0,0" mass="1" elasticityCoef="1" ang="90,0,0" color="0,220,0" radius="0.5" length="4" />
		<capsule pos="19.550000000000004,-2.75,-10.349999999999994" vel="0,0,0" mass="1" elasticityCoef="1" ang="90,0,0" color="0,220,0" radius="0.5" length="4" />
		<capsule pos="19.550000000000004,-2.75,-8.049999999999997" vel="0,0,0" mass="1" elasticityCoef="1" ang="90,0,0" color="0,220,0" radius="0.5" length="4" />
		<capsule pos="19.550000000000004,-2.75,-5.7499999999999964" vel="0,0,0" mass="1" elasticityCoef="1" ang="90,0,0" color="0,220,0" radius="0.5" length="4" />
		<capsule pos="19.550000000000004,-2.75,-3.4499999999999957" vel="0,0,0" mass="1" elasticityCoef="1" ang="90,0,0" color="0,220,0" radius="0.5" length="4" />
		<capsule pos="19.550000000000004,-2.75,-1.1499999999999986" vel="0,0,0" mass="1" elasticityCoef="1" ang="90,0,0" color="0,220,0" radius="0.5" length="4" />
		<capsule pos="19.550000000000004,-2.75,1.1500000000000057" vel="0,0,0" mass="1" elasticityCoef="1" ang="90,0,0" color="0,220,0" radius="0.5" length="4" />
		<capsule pos="19.550000000000004,-2.75,3.450000000000003" vel="0,0,0" mass="1" elasticityCoef="1" ang="90,0,0" color="0,220,0" radius="0.5" length="4" />
		<capsule pos="19.550000000000004,-2.75,5.75" vel="0,0,0" mass="1" elasticityCoef="1" ang="90,0,0" color="0,220,0" radius="0.5" length="4" />
		<capsule pos="19.550000000000004,-2.75,8.050000000000004" vel="0,0,0" mass="1" elasticityCoef="1" ang="90,0,0" color="0,220,0" radius="0.5" length="4" />
		<capsule pos="19.550000000000004,-2.75,10.350000000000001" vel="0,0,0" mass="1" elasticityCoef="1" ang="90,0,0" color="0,220,0" radius="0.5" length="4" />
		<capsule pos="19.550000000000004,-2.75,12.650000000000006" vel="0,0,0" mass="1" elasticityCoef="1" ang="90,0,0" color="0,220,0" radius="0.5" length="4" />
		<capsule pos="19.550000000000004,-2.75,14.950000000000003" vel="0,0,0" mass="1" elasticityCoef="1" ang="90,0,0" color="0,220,0" radius="0.5" length="4" />
		<capsule pos="19.550000000000004,-2.75,17.25" vel="0,0,0" mass="1" elasticityCoef="1" ang="90,0,0" color="0,220,0" radius="0.5" length="4" />
		<capsule pos="19.550000000000004,-2.75,19.550000000000004" vel="0,0,0" mass="1" elasticityCoef="1" ang="90,0,0" color="0,220,0" radius="0.5" length="4" />
		<capsule pos="19.550000000000004,-2.75,21.85" vel="0,0,0" mass="1" elasticityCoef="1" ang="90,0,0" color="0,220,0" radius="0.5" length="4" />
		<capsule pos="19.550000000000004,-2.75,24.15" vel="0,0,0" mass="1" elasticityCoef="1" ang="90,0,0" color="0,220,0" radius="0.5" length="4" />
		<capsule pos="19.550000000000004,-2.75,26.450000000000003" vel="0,0,0" mass="1" elasticityCoef="1" ang="90,0,0" color="0,220,0" radius="0.5" length="4" />
		<capsule pos="19.550000000000004,-2.75,28.75" vel="0,0,0" mass="1" elasticityCoef="1" ang="90,0,0" color="0,220,0" radius="0.5" length="4" />
		<capsule pos="19.550000000000004,-2.75,31.049999999999997" vel="0,0,0" mass="1" elasticityCoef="1" ang="90,0,0" color="0,220,0" radius="0.5" length="4" />
		<capsule pos="19.550000000000004,2.75,-33.349999999999994" vel="0,0,0" mass="1" elasticityCoef="1" ang="90,0,0" color="0,220,0" radius="0.5" length="4" />
		<capsule pos="19.550000000000004,2.75,-31.049999999999994" vel="0,0,0" mass="1" elasticityCoef="1" ang="90,0,0" color="0,220,0" radius="0.5" length="4" />
		<capsule pos="19.550000000000004,2.75,-28.749999999999993" vel="0,0,0" mass="1" elasticityCoef="1" ang="90,0,0" color="0,220,0" radius="0.5" length="4" />
		<capsule pos="19.550000000000004,2.75,-26.449999999999996" vel="0,0,0" mass="1" elasticityCoef="1" ang="90,0,0" color="0,220,0" radius="0.5" length="4" />
		<capsule pos="19.550000000000004,2.75,-24.149999999999995" vel="0,0,0" mass="1" elasticityCoef="1" ang="90,0,0" color="0,220,0" radius="0.5" length="4" />
		<capsule pos="19.550000000000004,2.75,-21.849999999999994" vel="0,0,0" mass="1" elasticityCoef="1" ang="90,0,0" color="0,220,0" radius="0.5" length="4" />
		<capsule pos="19.550000000000004,2.75,-19.549999999999997" vel="0,0,0" mass="1" elasticityCoef="1" ang="90,0,0" color="0,220,0" radius="0.5" length="4" />
		<capsule pos="19.550000000000004,2.75,-17.249999999999996" vel="0,0,0" mass="1" elasticityCoef="1" ang="90,0,0" color="0,220,0" radius="0.5" length="4" />
		<capsule pos="19.550000000000004,2.75,-14.949999999999996" vel="0,0,0" mass="1" elasticityCoef="1" ang="90,0,0" color="0,220,0" radius="0.5" length="4" />
		<capsule pos="19.550000000000004,2.75,-12.649999999999995" vel="0,0,0" mass="1" elasticityCoef="1" ang="90,0,0" color="0,220,0" radius="0.5" length="4" />
		<capsule pos="19.550000000000004,2.75,-10.349999999999994" vel="0,0,0" mass="1" elasticityCoef="1" ang="90,0,0" color="0,220,0" radius="0.5" length="4" />
		<capsule pos="19.550000000000004,2.75,-8.049999999999997" vel="0,0,0" mass="1" elasticityCoef="1" ang="90,0,0" color="0,220,0" radius="0.5" length="4" />
		<capsule pos="19.550000000000004,2.75,-5.7499999999999964" vel="0,0,0" mass="1" elasticityCoef="1" ang="90,0,0" color="0,220,0" radius="0.5" length="4" />
		<capsule pos="19.550000000000004,2.75,-3.4499999999999957" vel="0,0,0" mass="1" elasticityCoef="1" ang="90,0,0" color="0,220,0" radius="0.5" length="4" />
		<capsule pos="19.550000000000004,2.75,-1.1499999999999986" vel="0,0,0" mass="1" elasticityCoef="1" ang="90,0,0" color="0,220,0" radius="0.5" length="4" />
		<capsule pos="19.550000000000004,2.75,1.1500000000000057" vel="0,0,0" mass="1" elasticityCoef="1" ang="90,0,0" color="0,220,0" radius="0.5" length="4" />
		<capsule pos="19.550000000000004,2.75,3.450000000000003" vel="0,0,0" mass="1" elasticityCoef="1" ang="90,0,0" color="0,220,0" radius="0.5" length="4" />
		<capsule pos="19.550000000000004,2.75,5.75" vel="0,0,0" mass="1" elasticityCoef="1" ang="90,0,0" color="0,220,0" radius="0.5" length="4" />
		<capsule pos="19.550000000000004,2.75,8.050000000000004" vel="0,0,0" mass="1" elasticityCoef="1" ang="90,0,0" color="0,220,0" radius="0.5" length="4" />
		<capsule pos="19.550000000000004,2.75,10.350000000000001" vel="0,0,0" mass="1" elasticityCoef="1" ang="90,0,0" color="0,220,0" radius="0.5" length="4" />
		<capsule pos="19.550000000000004,2.75,12.650000000000006" vel="0,0,0" mass="1" elasticityCoef="1" ang="90,0,0" color="0,220,0" radius="0.5" length="4" />
		<capsule pos="19.550000000000004,2.75,14.950000000000003" vel="0,0,0" mass="1" elasticityCoef="1" ang="90,0,0" color="0,220,0" radius="0.5" length="4" />
		<capsule pos="19.550000000000004,2.75,17.25" vel="0,0,0" mass="1" elasticityCoef="1" ang="90,0,0" color="0,220,0" radius="0.5" length="4" />
		<capsule pos="19.550000000000004,2.75,19.550000000000004" vel="0,0,0" mass="1" elasticityCoef="1" ang="90,0,0" color="0,220,0" radius="0.5" length="4" />
		<capsule pos="19.550000000000004,2.75,21.85" vel="0,0,0" mass="1" elasticityCoef="1" ang="90,0,0" color="0,220,0" radius="0.5" length="4" />
		<capsule pos="19.550000000000004,2.75,24.15" vel="0,0,0" mass="1" elasticityCoef="1" ang="90,0,0" color="0,220,0" radius="0.5" length="4" />
		<capsule pos="19.550000000000004,2.75,26.450000000000003" vel="0,0,0" mass="1" elasticityCoef="1" ang="90,0,0" color="0,220,0" radius="0.5" length="4" />
		<capsule pos="19.550000000000004,2.75,28.75" vel="0,0,0" mass="1" elasticityCoef="1" ang="90,0,0" color="0,220,0" radius="0.5" length="4" />
		<capsule pos="19.550000000000004,2.75,31.049999999999997" vel="0,0,0" mass="1" elasticityCoef="1" ang="90,0,0" color="0,220,0" radius="0.5" length="4" />
		<capsule pos="19.550000000000004,8.25,-33.349999999999994" vel="0,0,0" mass="1" elasticityCoef="1" ang="90,0,0" color="0,220,0" radius="0.5" length="4" />
		<capsule pos="19.550000000000004,8.25,-31.049999999999994" vel="0,0,0" mass="1" elasticityCoef="1" ang="90,0,0" color="0,220,0" radius="0.5" length="4" />
		<capsule pos="19.550000000000004,8.25,-28.749999999999993" vel="0,0,0" mass="1" elasticityCoef="1" ang="90,0,0" color="0,220,0" radius="0.5" length="4" />
		<capsule pos="19.550000000000004,8.25,-26.449999999999996" vel="0,0,0" mass="1" elasticityCoef="1" ang="90,0,0" color="0,220,0" radius="0.5" length="4" />
		<capsule pos="19.550000000000004,8.25,-24.149999999999995" vel="0,0,0" mass="1" elasticityCoef="1" ang="90,0,0" color="0,220,0" radius="0.5" length="4" />
		<capsule pos="19.550000000000004,8.25,-21.849999999999994" vel="0,0,0" mass="1" elasticityCoef="1" ang="90,0,0" color="0,220,0" radius="0.5" length="4" />
		<capsule pos="19.550000000000004,8.25,-19.549999999999997" vel="0,0,0" mass="1" elasticityCoef="1" ang="90,0,0" color="0,220,0" radius="0.5" length="4" />
		<capsule pos="19.550000000000004,8.25,-17.249999999999996" vel="0,0,0" mass="1" elasticityCoef="1" ang="90,0,0" color="0,220,0" radius="0.5" length="4" />
		<capsule pos="19.550000000000004,8.25,-14.949999999999996" vel="0,0,0" mass="1" elasticityCoef="1" ang="90,0,0" color="0,220,0" radius="0.5" length="4" />
		<capsule pos="19.550000000000004,8.25,-12.649999999999995" vel="0,0,0" mass="1" elasticityCoef="1" ang="90,0,0" color="0,220,0" radius="0.5" length="4" />
		<capsule pos="19.550000000000004,8.25,-10.349999999999994" vel="0,0,0" mass="1" elasticityCoef="1" ang="90,0,0" color="0,220,0" radius="0.5" length="4" />
		<capsule pos="19.550000000000004,8.25,-8.049999999999997" vel="0,0,0" mass="1" elasticityCoef="1" ang="90,0,0" color="0,220,0" radius="0.5" length="4" />
		<capsule pos="19.550000000000004,8.25,-5.7499999999999964" vel="0,0,0" mass="1" elasticityCoef="1" ang="90,0,0" color="0,220,0" radius="0.5" length="4" />
		<capsule pos="19.550000000000004,8.25,-3.4499999999999957" vel="0,0,0" mass="1" elasticityCoef="1" ang="90,0,0" color="0,220,0" radius="0.5" length="4" />
		<capsule pos="19.550000000000004,8.25,-1.1499999999999986" vel="0,0,0" mass="1" elasticityCoef="1" ang="90,0,0" color="0,220,0" radius="0.5" length="4" />
		<capsule pos="19.550000000000004,8.25,1.1500000000000057" vel="0,0,0" mass="1" elasticityCoef="1" ang="90,0,0" color="0,220,0" radius="0.5" length="4" />
		<capsule pos="19.550000000000004,8.25,3.450000000000003" vel="0,0,0" mass="1" elasticityCoef="1" ang="90,0,0" color="0,220,0" radius="0.5" length="4" />
		<capsule pos="19.550000000000004,8.25,5.75" vel="0,0,0" mass="1" elasticityCoef="1" ang="90,0,0" color="0,220,0" radius="0.5" length="4" />
		<capsule pos="19.550000000000004,8.25,8.050000000000004" vel="0,0,0" mass="1" elasticityCoef="1" ang="90,0,0" color="0,220,0" radius="0.5" length="4" />
		<capsule pos="19.550000000000004,8.25,10.350000000000001" vel="0,0,0" mass="1" elasticityCoef="1" ang="90,0,0" color="0,220,0" radius="0.5" length="4" />
		<capsule pos="19.550000000000004,8.25,12.650000000000006" vel="0,0,0" mass="1" elasticityCoef="1" ang="90,0,0" color="0,220,0" radius="0.5" length="4" />
		<capsule pos="19.550000000000004,8.25,14.950000000000003" vel="0,0,0" mass="1" elasticityCoef="1" ang="90,0,0" color="0,220,0" radius="0.5" length="4" />
		<capsule pos="19.550000000000004,8.25,17.25" vel="0,0,0" mass="1" elasticityCoef="1" ang="90,0,0" color="0,220,0" radius="0.5" length="4" />
		<capsule pos="19.550000000000004,8.25,19.550000000000004" vel="0,0,0" mass="1" elasticityCoef="1" ang="90,0,0" color="0,220,0" radius="0.5" length="4" />
		<capsule pos="19.550000000000004,8.25,21.85" vel="0,0,0" mass="1" elasticityCoef="1" ang="90,0,0" color="0,220,0" radius="0.5" length="4" />
		<capsule pos="19.550000000000004,8.25,24.15" vel="0,0,0" mass="1" elasticityCoef="1" ang="90,0,0" color="0,220,0" radius="0.5" length="4" />
		<capsule pos="19.550000000000004,8.25,26.450000000000003" vel="0,0,0" mass="1" elasticityCoef="1" ang="90,0,0" color="0,220,0" radius="0.5" length="4" />
		<capsule pos="19.550000000000004,8.25,28.75" vel="0,0,0" mass="1" elasticityCoef="1" ang="90,0,0" color="0,220,0" radius="0.5" length="4" />
		<capsule pos="19.550000000000004,8.25,31.049999999999997" vel="0,0,0" mass="1" elasticityCoef="1" ang="90,0,0" color="0,220,0" radius="0.5" length="4" />
		<capsule pos="19.550000000000004,13.75,-33.349999999999994" vel="0,0,0" mass="1" elasticityCoef="1" ang="90,0,0" color="0,220,0" radius="0.5" length="4" />
		<capsule pos="19.550000000000004,13.75,-31.049999999999994" vel="0,0,0" mass="1" elasticityCoef="1" ang="90,0,0" color="0,220,0" radius="0.5" length="4" />
		<capsule pos="19.550000000000004,13.75,-28.749999999999993" vel="0,0,0" mass="1" elasticityCoef="1" ang="90,0,0" color="0,220,0" radius="0.5" length="4" />
		<capsule pos="19.550000000000004,13.75,-26.449999999999996" vel="0,0,0" mass="1" elasticityCoef="1" ang="90,0,0" color="0,220,0" radius="0.5" length="4" />
		<capsule pos="19.550000000000004,13.75,-24.149999999999995" vel="0,0,0" mass="1" elasticityCoef="1" ang="90,0,0" color="0,220,0" radius="0.5" length="4" />
		<capsule pos="19.550000000000004,13.75,-21.849999999999994" vel="0,0,0" mass="1" elasticityCoef="1" ang="90,0,0" color="0,220,0" radius="0.5" length="4" />
		<capsule pos="19.550000000000004,13.75,-19.549999999999997" vel="0,0,0" mass="1" elasticityCoef="1" ang="90,0,0" color="0,220,0" radius="0.5" length="4" />
		<capsule pos="19.550000000000004,13.75,-17.249999999999996" vel="0,0,0" mass="1" elasticityCoef="1" ang="90,0,0" color="0,220,0" radius="0.5" length="4" />
		<capsule pos="19.550000000000004,13.75,-14.949999999999996" vel="0,0,0" mass="1" elasticityCoef="1" ang="90,0,0" color="0,220,0" radius="0.5" length="4" />
		<capsule pos="19.550000000000004,13.75,-12.649999999999995" vel="0,0,0" mass="1" elasticityCoef="1" ang="90,0,0" color="0,220,0" radius="0.5" length="4" />
		<capsule pos="19.550000000000004,13.75,-10.349999999999994" vel="0,0,0" mass="1" elasticityCoef="1" ang="90,0,0" color="0,220,0" radius="0.5" length="4" />
		<capsule pos="19.550000000000004,13.75,-8.049999999999997" vel="0,0,0" mass="1" elasticityCoef="1" ang="90,0,0" color="0,220,0" radius="0.5" length="4" />
		<capsule pos="19.550000000000004,13.75,-5.7499999999999964" vel="0,0,0" mass="1" elasticityCoef="1" ang="90,0,0" color="0,220,0" radius="0.5" length="4" />
		<capsule pos="19.550000000000004,13.75,-3.4499999999999957" vel="0,0,0" mass="1" elasticityCoef="1" ang="90,0,0" color="0,220,0" radius="0.5" length="4" />
		<capsule pos="19.550000000000004,13.75,-1.1499999999999986" vel="0,0,0" mass="1" elasticityCoef="1" ang="90,0,0" color="0,220,0" radius="0.5" length="4" />
		<capsule pos="19.550000000000004,13.75,1.1500000000000057" vel="0,0,0" mass="1" elasticityCoef="1" ang="90,0,0" color="0,220,0" radius="0.5" length="4" />
		<capsule pos="19.550000000000004,13.75,3.450000000000003" vel="0,0,0" mass="1" elasticityCoef="1" ang="90,0,0" color="0,220,0" radius="0.5" length="4" />
		<capsule pos="19.550000000000004,13.75,5.75" vel="0,0,0" mass="1" elasticityCoef="1" ang="90,0,0" color="0,220,0" radius="0.5" length="4" />
		<capsule pos="19.550000000000004,13.75,8.050000000000004" vel="0,0,0" mass="1" elasticityCoef="1" ang="90,0,0" color="0,220,0" radius="0.5" length="4" />
		<capsule pos="19.550000000000004,13.75,10.350000000000001" vel="0,0,0" mass="1" elasticityCoef="1" ang="90,0,0" color="0,220,0" radius="0.5" length="4" />
		<capsule pos="19.550000000000004,13.75,12.650000000000006" vel="0,0,0" mass="1" elasticityCoef="1" ang="90,0,0" color="0,220,0" radius="0.5" length="4" />
		<capsule pos="19.550000000000004,13.75,14.950000000000003" vel="0,0,0" mass="1" elasticityCoef="1" ang="90,0,0" color="0,220,0" radius="0.5" length="4" />
		<capsule pos="19.550000000000004,13.75,17.25" vel="0,0,0" mass="1" elasticityCoef="1" ang="90,0,0" color="0,220,0" radius="0.5" length="4" />
		<capsule pos="19.550000000000004,13.75,19.550000000000004" vel="0,0,0" mass="1" elasticityCoef="1" ang="90,0,0" color="0,220,0" radius="0.5" length="4" />
		<capsule pos="19.550000000000004,13.75,21.85" vel="0,0,0" mass="1" elasticityCoef="1" ang="90,0,0" color="0,220,0" radius="0.5" length="4" />
		<capsule pos="19.550000000000004,13.75,24.15" vel="0,0,0" mass="1" elasticityCoef="1" ang="90,0,0" color="0,220,0" radius="0.5" length="4" />
		<capsule pos="19.550000000000004,13.75,26.450000000000003" vel="0,0,0" mass="1" elasticityCoef="1" ang="90,0,0" color="0,220,0" radius="0.5" length="4" />
		<capsule pos="19.550000000000004,13.75,28.75" vel="0,0,0" mass="1" elasticityCoef="1" ang="90,0,0" color="0,220,0" radius="0.5" length="4" />
		<capsule pos="19.550000000000004,13.75,31.049999999999997" vel="0,0,0" mass="1" elasticityCoef="1" ang="90,0,0" color="0,220,0" radius="0.5" length="4" />
		<capsule pos="19.550000000000004,19.25,-33.349999999999994" vel="0,0,0" mass="1" elasticityCoef="1" ang="90,0,0" color="0,220,0" radius="0.5" length="4" />
		<capsule pos="19.550000000000004,19.25,-31.049999999999994" vel="0,0,0" mass="1" elasticityCoef="1" ang="90,0,0" color="0,220,0" radius="0.5" length="4" />
		<capsule pos="19.550000000000004,19.25,-28.749999999999993" vel="0,0,0" mass="1" elasticityCoef="1" ang="90,0,0" color="0,220,0" radius="0.5" length="4" />
		<capsule pos="19.550000000000004,19.25,-26.449999999999996" vel="0,0,0" mass="1" elasticityCoef="1" ang="90,0,0" color="0,220,0" radius="0.5" length="4" />
		<capsule pos="19.550000000000004,19.25,-24.149999999999995" vel="0,0,0" mass="1" elasticityCoef="1" ang="90,0,0" color="0,220,0" radius="0.5" length="4" />
		<capsule pos="19.550000000000004,19.25,-21.849999999999994" vel="0,0,0" mass="1" elasticityCoef="1" ang="90,0,0" color="0,220,0" radius="0.5" length="4" />
		<capsule pos="19.550000000000004,19.25,-19.549999999999997" vel="0,0,0" mass="1" elasticityCoef="1" ang="90,0,0" color="0,220,0" radius="0.5" length="4" />
		<capsule pos="19.550000000000004,19.25,-17.249999999999996" vel="0,0,0" mass="1" elasticityCoef="1" ang="90,0,0" color="0,220,0" radius="0.5" length="4" />
		<capsule pos="19.550000000000004,19.25,-14.949999999999996" vel="0,0,0" mass="1" elasticityCoef="1" ang="90,0,0" color="0,220,0" radius="0.5" length="4" />
		<capsule pos="19.550000000000004,19.25,-12.649999999999995" vel="0,0,0" mass="1" elasticityCoef="1" ang="90,0,0" color="0,220,0" radius="0.5" length="4" />
		<capsule pos="19.550000000000004,19.25,-10.349999999999994" vel="0,0,0" mass="1" elasticityCoef="1" ang="90,0,0" color="0,220,0" radius="0.5" length="4" />
		<capsule pos="19.550000000000004,19.25,-8.049999999999997" vel="0,0,0" mass="1" elasticityCoef="1" ang="90,0,0" color="0,220,0" radius="0.5" length="4" />
		<capsule pos="19.550000000000004,19.25,-5.7499999999999964" vel="0,0,0" mass="1" elasticityCoef="1" ang="90,0,0" color="0,220,0" radius="0.5" length="4" />
		<capsule pos="19.550000000000004,19.25,-3.4499999999999957" vel="0,0,0" mass="1" elasticityCoef="1" ang="90,0,0" color="0,220,0" radius="0.5" length="4" />
		<capsule pos="19.550000000000004,19.25,-1.1499999999999986" vel="0,0,0" mass="1" elasticityCoef="1" ang="90,0,0" color="0,220,0" radius="0.5" length="4" />
		<capsule pos="19.550000000000004,19.25,1.1500000000000057" vel="0,0,0" mass="1" elasticityCoef="1" ang="90,0,0" color="0,220,0" radius="0.5" length="4" />
		<capsule pos="19.550000000000004,19.25,3.450000000000003" vel="0,0,0" mass="1" elasticityCoef="1" ang="90,0,0" color="0,220,0" radius="0.5" length="4" />
		<capsule pos="19.550000000000004,19.25,5.75" vel="0,0,0" mass="1" elasticityCoef="1" ang="90,0,0" color="0,220,0" radius="0.5" length="4" />
		<capsule pos="19.550000000000004,19.25,8.050000000000004" vel="0,0,0" mass="1" elasticityCoef="1" ang="90,0,0" color="0,220,0" radius="0.5" length="4" />
		<capsule pos="19.550000000000004,19.25,10.350000000000001" vel="0,0,0" mass="1" elasticityCoef="1" ang="90,0,0" color="0,220,0" radius="0.5" length="4" />
		<capsule pos="19.550000000000004,19.25,12.650000000000006" vel="0,0,0" mass="1" elasticityCoef="1" ang="90,0,0" color="0,220,0" radius="0.5" length="4" />
		<capsule pos="19.550000000000004,19.25,14.950000000000003" vel="0,0,0" mass="1" elasticityCoef="1" ang="90,0,0" color="0,220,0" radius="0.5" length="4" />
		<capsule pos="19.550000000000004,19.25,17.25" vel="0,0,0" mass="1" elasticityCoef="1" ang="90,0,0" color="0,220,0" radius="0.5" length="4" />
		<capsule pos="19.550000000000004,19.25,19.550000000000004" vel="0,0,0" mass="1" elasticityCoef="1" ang="90,0,0" color="0,220,0" radius="0.5" length="4" />
		<capsule pos="19.550000000000004,19.25,21.85" vel="0,0,0" mass="1" elasticityCoef="1" ang="90,0,0" color="0,220,0" radius="0.5" length="4" />
		<capsule pos="19.550000000000004,19.25,24.15" vel="0,0,0" mass="1" elasticityCoef="1" ang="90,0,0" color="0,220,0" radius="0.5" length="4" />
		<capsule pos="19.550000000000004,19.25,26.450000000000003" vel="0,0,0" mass="1" elasticityCoef="1" ang="90,0,0" color="0,220,0" radius="0.5" length="4" />
		<capsule pos="19.550000000000004,19.25,28.75" vel="0,0,0" mass="1" elasticityCoef="1" ang="90,0,0" color="0,220,0" radius="0.5" length="4" />
		<capsule pos="19.550000000000004,19.25,31.049999999999997" vel="0,0,0" mass="1" elasticityCoef="1" ang="90,0,0" color="0,220,0" radius="0.5" length="4" />
		<capsule pos="19.550000000000004,24.75,-33.349999999999994" vel="0,0,0" mass="1" elasticityCoef="1" ang="90,0,0" color="0,220,0" radius="0.5" length="4" />
		<capsule pos="19.550000000000004,24.75,-31.049999999999994" vel="0,0,0" mass="1" elasticityCoef="1" ang="90,0,0" color="0,220,0" radius="0.5" length="4" />
		<capsule pos="19.550000000000004,24.75,-28.749999999999993" vel="0,0,0" mass="1" elasticityCoef="1" ang="90,0,0" color="0,220,0" radius="0.5" length="4" />
		<capsule pos="19.550000000000004,24.75,-26.449999999999996" vel="0,0,0" mass="1" elasticityCoef="1" ang="90,0,0" color="0,220,0" radius="0.5" length="4" />
		<capsule pos="19.550000000000004,24.75,-24.149999999999995" vel="0,0,0" mass="1" elasticityCoef="1" ang="90,0,0" color="0,220,0" radius="0.5" length="4" />
		<capsule pos="19.550000000000004,24.75,-21.849999999999994" vel="0,0,0" mass="1" elasticityCoef="1" ang="90,0,0" color="0,220,0" radius="0.5" length="4" />
		<capsule pos="19.550000000000004,24.75,-19.549999999999997" vel="0,0,0" mass="1" elasticityCoef="1" ang="90,0,0" color="0,220,0" radius="0.5" length="4" />
		<capsule pos="19.550000000000004,24.75,-17.249999999999996" vel="0,0,0" mass="1" elasticityCoef="1" ang="90,0,0" color="0,220,0" radius="0.5" length="4" />
		<capsule pos="19.550000000000004,24.75,-14.949999999999996" vel="0,0,0" mass="1" elasticityCoef="1" ang="90,0,0" color="0,220,0" radius="0.5" length="4" />
		<capsule pos="19.550000000000004,24.75,-12.649999999999995" vel="0,0,0" mass="1" elasticityCoef="1" ang="90,0,0" color="0,220,0" radius="0.5" length="4" />
		<capsule pos="19.550000000000004,24.75,-10.349999999999994" vel="0,0,0" mass="1" elasticityCoef="1" ang="90,0,0" color="0,220,0" radius="0.5" length="4" />
		<capsule pos="19.550000000000004,24.75,-8.049999999999997" vel="0,0,0" mass="1" elasticityCoef="1" ang="90,0,0" color="0,220,0" radius="0.5" length="4" />
		<capsule pos="19.550000000000004,24.75,-5.7499999999999964" vel="0,0,0" mass="1" elasticityCoef="1" ang="90,0,0" color="0,220,0" radius="0.5" length="4" />
		<capsule pos="19.550000000000004,24.75,-3.4499999999999957" vel="0,0,0" mass="1" elasticityCoef="1" ang="90,0,0" color="0,220,0" radius="0.5" length="4" />
		<capsule pos="19.550000000000004,24.75,-1.1499999999999986" vel="0,0,0" mass="1" elasticityCoef="1" ang="90,0,0" color="0,220,0" radius="0.5" length="4" />
		<capsule pos="19.550000000000004,24.75,1.1500000000000057" vel="0,0,0" mass="1" elasticityCoef="1" ang="90,0,0" color="0,220,0" radius="0.5" length="4" />
		<capsule pos="19.550000000000004,24.75,3.450000000000003" vel="0,0,0" mass="1" elasticityCoef="1" ang="90,0,0" color="0,220,0" radius="0.5" length="4" />
		<capsule pos="19.550000000000004,24.75,5.75" vel="0,0,0" mass="1" elasticityCoef="1" ang="90,0,0" color="0,220,0" radius="0.5" length="4" />
		<capsule pos="19.550000000000004,24.75,8.050000000000004" vel="0,0,0" mass="1" elasticityCoef="1" ang="90,0,0" color="0,220,0" radius="0.5" length="4" />
		<capsule pos="19.550000000000004,24.75,10.350000000000001" vel="0,0,0" mass="1" elasticityCoef="1" ang="90,0,0" color="0,220,0" radius="0.5" length="4" />
		<capsule pos="19.550000000000004,24.75,12.650000000000006" vel="0,0,0" mass="1" elasticityCoef="1" ang="90,0,0" color="0,220,0" radius="0.5" length="4" />
		<capsule pos="19.550000000000004,24.75,14.950000000000003" vel="0,0,0" mass="1" elasticityCoef="1" ang="90,0,0" color="0,220,0" radius="0.5" length="4" />
		<capsule pos="19.550000000000004,24.75,17.25" vel="0,0,0" mass="1" elasticityCoef="1" ang="90,0,0" color="0,220,0" radius="0.5" length="4" />
		<capsule pos="19.550000000000004,24.75,19.550000000000004" vel="0,0,0" mass="1" elasticityCoef="1" ang="90,0,0" color="0,220,0" radius="0.5" length="4" />
		<capsule pos="19.550000000000004,24.75,21.85" vel="0,0,0" mass="1" elasticityCoef="1" ang="90,0,0" color="0,220,0" radius="0.5" length="4" />
		<capsule pos="19.550000000000004,24.75,24.15" vel="0,0,0" mass="1" elasticityCoef="1" ang="90,0,0" color="0,220,0" radius="0.5" length="4" />
		<capsule pos="19.550000000000004,24.75,26.450000000000003" vel="0,0,0" mass="1" elasticityCoef="1" ang="90,0,0" color="0,220,0" radius="0.5" length="4" />
		<capsule pos="19.550000000000004,24.75,28.75" vel="0,0,0" mass="1" elasticityCoef="1" ang="90,0,0" color="0,220,0" radius="0.5" length="4" />
		<capsule pos="19.550000000000004,24.75,31.049999999999997" vel="0,0,0" mass="1" elasticityCoef="1" ang="90,0,0" color="0,220,0" radius="0.5" length="4" />
		<capsule pos="19.550000000000004,30.25,-33.349999999999994" vel="0,0,0" mass="1" elasticityCoef="1" ang="90,0,0" color="0,220,0" radius="0.5" length="4" />
		<capsule pos="19.550000000000004,30.25,-31.049999999999994" vel="0,0,0" mass="1" elasticityCoef="1" ang="90,0,0" color="0,220,0" radius="0.5" length="4" />
		<capsule pos="19.550000000000004,30.25,-28.749999999999993" vel="0,0,0" mass="1" elasticityCoef="1" ang="90,0,0" color="0,220,0" radius="0.5" length="4" />
		<capsule pos="19.550000000000004,30.25,-26.449999999999996" vel="0,0,0" mass="1" elasticityCoef="1" ang="90,0,0" color="0,220,0" radius="0.5" length="4" />
		<capsule pos="19.550000000000004,30.25,-24.149999999999995" vel="0,0,0" mass="1" elasticityCoef="1" ang="90,0,0" color="0,220,0" radius="0.5" length="4" />
		<capsule pos="19.550000000000004,30.25,-21.849999999999994" vel="0,0,0" mass="1" elasticityCoef="1" ang="90,0,0" color="0,220,0" radius="0.5" length="4" />
		<capsule pos="19.550000000000004,30.25,-19.549999999999997" vel="0,0,0" mass="1" elasticityCoef="1" ang="90,0,0" color="0,220,0" radius="0.5" length="4" />
		<capsule pos="19.550000000000004,30.25,-17.249999999999996" vel="0,0,0" mass="1" elasticityCoef="1" ang="90,0,0" color="0,220,0" radius="0.5" length="4" />
		<capsule pos="19.550000000000004,30.25,-14.949999999999996" vel="0,0,0" mass="1" elasticityCoef="1" ang="90,0,0" color="0,220,0" radius="0.5" length="4" />
		<capsule pos="19.550000000000004,30.25,-12.649999999999995" vel="0,0,0" mass="1" elasticityCoef="1" ang="90,0,0" color="0,220,0" radius="0.5" length="4" />
		<capsule pos="19.550000000000004,30.25,-10.349999999999994" vel="0,0,0" mass="1" elasticityCoef="1" ang="90,0,0" color="0,220,0" radius="0.5" length="4" />
		<capsule pos="19.550000000000004,30.25,-8.049999999999997" vel="0,0,0" mass="1" elasticityCoef="1" ang="90,0,0" color="0,220,0" radius="0.5" length="4" />
		<capsule pos="19.550000000000004,30.25,-5.7499999999999964" vel="0,0,0" mass="1" elasticityCoef="1" ang="90,0,0" color="0,220,0" radius="0.5" length="4" />
		<capsule pos="19.550000000000004,30.25,-3.4499999999999957" vel="0,0,0" mass="1" elasticityCoef="1" ang="90,0,0" color="0,220,0" radius="0.5" length="4" />
		<capsule pos="19.550000000000004,30.25,-1.1499999999999986" vel="0,0,0" mass="1" elasticityCoef="1" ang="90,0,0" color="0,220,0" radius="0.5" length="4" />
		<capsule pos="19.550000000000004,30.25,1.1500000000000057" vel="0,0,0" mass="1" elasticityCoef="1" ang="90,0,0" color="0,220,0" radius="0.5" length="4" />
		<capsule pos="19.550000000000004,30.25,3.450000000000003" vel="0,0,0" mass="1" elasticityCoef="1" ang="90,0,0" color="0,220,0" radius="0.5" length="4" />
		<capsule pos="19.550000000000004,30.25,5.75" vel="0,0,0" mass="1" elasticityCoef="1" ang="90,0,0" color="0,220,0" radius="0.5" length="4" />
		<capsule pos="19.550000000000004,30.25,8.050000000000004" vel="0,0,0" mass="1" elasticityCoef="1" ang="90,0,0" color="0,220,0" radius="0.5" length="4" />
		<capsule pos="19.550000000000004,30.25,10.350000000000001" vel="0,0,0" mass="1" elasticityCoef="1" ang="90,0,0" color="0,220,0" radius="0.5" length="4" />
		<capsule pos="19.550000000000004,30.25,12.650000000000006" vel="0,0,0" mass="1" elasticityCoef="1" ang="90,0,0" color="0,220,0" radius="0.5" length="4" />
		<capsule pos="19.550000000000004,30.25,14.950000000000003" vel="0,0,0" mass="1" elasticityCoef="1" ang="90,0,0" color="0,220,0" radius="0.5" length="4" />
		<capsule pos="19.550000000000004,30.25,17.25" vel="0,0,0" mass="1" elasticityCoef="1" ang="90,0,0" color="0,220,0" radius="0.5" length="4" />
		<capsule pos="19.550000000000004,30.25,19.550000000000004" vel="0,0,0" mass="1" elasticityCoef="1" ang="90,0,0" color="0,220,0" radius="0.5" length="4" />
		<capsule pos="19.550000000000004,30.25,21.85" vel="0,0,0" mass="1" elasticityCoef="1" ang="90,0,0" color="0,220,0" radius="0.5" length="4" />
		<capsule pos="19.550000000000004,30.25,24.15" vel="0,0,0" mass="1" elasticityCoef="1" ang="90,0,0" color="0,220,0" radius="0.5" length="4" />
		<capsule pos="19.550000000000004,30.25,26.450000000000003" vel="0,0,0" mass="1" elasticityCoef="1" ang="90,0,0" color="0,220,0" radius="0.5" length="4" />
		<capsule pos="19.550000000000004,30.25,28.75" vel="0,0,0" mass="1" elasticityCoef="1" ang="90,0,0" color="0,220,0" radius="0.5" length="4" />
		<capsule pos="19.550000000000004,30.25,31.049999999999997" vel="0,0,0" mass="1" elasticityCoef="1" ang="90,0,0" color="0,220,0" radius="0.5" length="4" />
		<capsule pos="19.550000000000004,35.75,-33.349999999999994" vel="0,0,0" mass="1" elasticityCoef="1" ang="90,0,0" color="0,220,0" radius="0.5" length="4" />
		<capsule pos="19.550000000000004,35.75,-31.049999999999994" vel="0,0,0" mass="1" elasticityCoef="1" ang="90,0,0" color="0,220,0" radius="0.5" length="4" />
		<capsule pos="19.550000000000004,35.75,-28.749999999999993" vel="0,0,0" mass="1" elasticityCoef="1" ang="90,0,0" color="0,220,0" radius="0.5" length="4" />
		<capsule pos="19.550000000000004,35.75,-26.449999999999996" vel="0,0,0" mass="1" elasticityCoef="1" ang="90,0,0" color="0,220,0" radius="0.5" length="4" />
		<capsule pos="19.550000000000004,35.75,-24.149999999999995" vel="0,0,0" mass="1" elasticityCoef="1" ang="90,0,0" color="0,220,0" radius="0.5" length="4" />
		<capsule pos="19.550000000000004,35.75,-21.849999999999994" vel="0,0,0" mass="1" elasticityCoef="1" ang="90,0,0" color="0,220,0" radius="0.5" length="4" />
		<capsule pos="19.550000000000004,35.75,-19.549999999999997" vel="0,0,0" mass="1" elasticityCoef="1" ang="90,0,0" color="0,220,0" radius="0.5" length="4" />
		<capsule pos="19.550000000000004,35.75,-17.249999999999996" vel="0,0,0" mass="1" elasticityCoef="1" ang="90,0,0" color="0,220,0" radius="0.5" length="4" />
		<capsule pos="19.550000000000004,35.75,-14.949999999999996" vel="0,0,0" mass="1" elasticityCoef="1" ang="90,0,0" color="0,220,0" radius="0.5" length="4" />
		<capsule pos="19.550000000000004,35.75,-12.649999999999995" vel="0,0,0" mass="1" elasticityCoef="1" ang="90,0,0" color="0,220,0" radius="0.5" length="4" />
		<capsule pos="19.550000000000004,35.75,-10.349999999999994" vel="0,0,0" mass="1" elasticityCoef="1" ang="90,0,0" color="0,220,0" radius="0.5" length="4" />
		<capsule pos="19.550000000000004,35.75,-8.049999999999997" vel="0,0,0" mass="1" elasticityCoef="1" ang="90,0,0" color="0,220,0" radius="0.5" length="4" />
		<capsule pos="19.550000000000004,35.75,-5.7499999999999964" vel="0,0,0" mass="1" elasticityCoef="1" ang="90,0,0" color="0,220,0" radius="0.5" length="4" />
		<capsule pos="19.550000000000004,35.75,-3.4499999999999957" vel="0,0,0" mass="1" elasticityCoef="1" ang="90,0,0" color="0,220,0" radius="0.5" length="4" />
		<capsule pos="19.550000000000004,35.75,-1.1499999999999986" vel="0,0,0" mass="1" elasticityCoef="1" ang="90,0,0" color="0,220,0" radius="0.5" length="4" />
		<capsule pos="19.550000000000004,35.75,1.1500000000000057" vel="0,0,0" mass="1" elasticityCoef="1" ang="90,0,0" color="0,220,0" radius="0.5" length="4" />
		<capsule pos="19.550000000000004,35.75,3.450000000000003" vel="0,0,0" mass="1" elasticityCoef="1" ang="90,0,0" color="0,220,0" radius="0.5" length="4" />
		<capsule pos="19.550000000000004,35.75,5.75" vel="0,0,0" mass="1" elasticityCoef="1" ang="90,0,0" color="0,220,0" radius="0.5" length="4" />
		<capsule pos="19.550000000000004,35.75,8.050000000000004" vel="0,0,0" mass="1" elasticityCoef="1" ang="90,0,0" color="0,220,0" radius="0.5" length="4" />
		<capsule pos="19.550000000000004,35.75,10.350000000000001" vel="0,0,0" mass="1" elasticityCoef="1" ang="90,0,0" color="0,220,0" radius="0.5" length="4" />
		<capsule pos="19.550000000000004,35.75,12.650000000000006" vel="0,0,0" mass="1" elasticityCoef="1" ang="90,0,0" color="0,220,0" radius="0.5" length="4" />
		<capsule pos="19.550000000000004,35.75,14.950000000000003" vel="0,0,0" mass="1" elasticityCoef="1" ang="90,0,0" color="0,220,0" radius="0.5" length="4" />
		<capsule pos="19.550000000000004,35.75,17.25" vel="0,0,0" mass="1" elasticityCoef="1" ang="90,0,0" color="0,220,0" radius="0.5" length="4" />
		<capsule pos="19.550000000000004,35.75,19.550000000000004" vel="0,0,0" mass="1" elasticityCoef="1" ang="90,0,0" color="0,220,0" radius="0.5" length="4" />
		<capsule pos="19.550000000000004,35.75,21.85" vel="0,0,0" mass="1" elasticityCoef="1" ang="90,0,0" color="0,220,0" radius="0.5" length="4" />
		<capsule pos="19.550000000000004,35.75,24.15" vel="0,0,0" mass="1" elasticityCoef="1" ang="90,0,0" color="0,220,0" radius="0.5" length="4" />
		<capsule pos="19.550000000000004,35.75,26.450000000000003" vel="0,0,0" mass="1" elasticityCoef="1" ang="90,0,0" color="0,220,0" radius="0.5" length="4" />
		<capsule pos="19.550000000000004,35.75,28.75" vel="0,0,0" mass="1" elasticityCoef="1" ang="90,0,0" color="0,220,0" radius="0.5" length="4" />
		<capsule pos="19.550000000000004,35.75,31.049999999999997" vel="0,0,0" mass="1" elasticityCoef="1" ang="90,0,0" color="0,220,0" radius="0.5" length="4" />
		<capsule pos="21.85,-41.25,-33.349999999999994" vel="0,0,0" mass="1" elasticityCoef="1" ang="90,0,0" color="0,220,0" radius="0.5" length="4" />
		<capsule pos="21.85,-41.25,-31.049999999999994" vel="0,0,0" mass="1" elasticityCoef="1" ang="90,0,0" color="0,220,0" radius="0.5" length="4" />
		<capsule pos="21.85,-41.25,-28.749999999999993" vel="0,0,0" mass="1" elasticityCoef="1" ang="90,0,0" color="0,220,0" radius="0.5" length="4" />
		<capsule pos="21.85,-41.25,-26.449999999999996" vel="0,0,0" mass="1" elasticityCoef="1" ang="90,0,0" color="0,220,0" radius="0.5" length="4" />
		<capsule pos="21.85,-41.25,-24.149999999999995" vel="0,0,0" mass="1" elasticityCoef="1" ang="90,0,0" color="0,220,0" radius="0.5" length="4" />
		<capsule pos="21.85,-41.25,-21.849999999999994" vel="0,0,0" mass="1" elasticityCoef="1" ang="90,0,0" color="0,220,0" radius="0.5" length="4" />
		<capsule pos="21.85,-41.25,-19.549999999999997" vel="0,0,0" mass="1" elasticityCoef="1" ang="90,0,0" color="0,220,0" radius="0.5" length="4" />
		<capsule pos="21.85,-41.25,-17.249999999999996" vel="0,0,0" mass="1" elasticityCoef="1" ang="90,0,0" color="0,220,0" radius="0.5" length="4" />
		<capsule pos="21.85,-41.25,-14.949999999999996" vel="0,0,0" mass="1" elasticityCoef="1" ang="90,0,0" color="0,220,0" radius="0.5" length="4" />
		<capsule pos="21.85,-41.25,-12.649999999999995" vel="0,0,0" mass="1" elasticityCoef="1" ang="90,0,0" color="0,220,0" radius="0.5" length="4" />
		<capsule pos="21.85,-41.25,-10.349999999999994" vel="0,0,0" mass="1" elasticityCoef="1" ang="90,0,0" color="0,220,0" radius="0.5" length="4" />
		<capsule pos="21.85,-41.25,-8.049999999999997" vel="0,0,0" mass="1" elasticityCoef="1" ang="90,0,0" color="0,220,0" radius="0.5" length="4" />
		<capsule pos="21.85,-41.25,-5.7499999999999964" vel="0,0,0" mass="1" elasticityCoef="1" ang="90,0,0" color="0,220,0" radius="0.5" length="4" />
		<capsule pos="21.85,-41.25,-3.4499999999999957" vel="0,0,0" mass="1" elasticityCoef="1" ang="90,0,0" color="0,220,0" radius="0.5" length="4" />
		<capsule pos="21.85,-41.25,-1.1499999999999986" vel="0,0,0" mass="1" elasticityCoef="1" ang="90,0,0" color="0,220,0" radius="0.5" length="4" />
		<capsule pos="21.85,-41.25,1.1500000000000057" vel="0,0,0" mass="1" elasticityCoef="1" ang="90,0,0" color="0,220,0" radius="0.5" length="4" />
		<capsule pos="21.85,-41.25,3.450000000000003" vel="0,0,0" mass="1" elasticityCoef="1" ang="90,0,0" color="0,220,0" radius="0.5" length="4" />
		<capsule pos="21.85,-41.25,5.75" vel="0,0,0" mass="1" elasticityCoef="1" ang="90,0,0" color="0,220,0" radius="0.5" length="4" />
		<capsule pos="21.85,-41.25,8.050000000000004" vel="0,0,0" mass="1" elasticityCoef="1" ang="90,0,0" color="0,220,0" radius="0.5" length="4" />
		<capsule pos="21.85,-41.25,10.350000000000001" vel="0,0,0" mass="1" elasticityCoef="1" ang="90,0,0" color="0,220,0" radius="0.5" length="4" />
		<capsule pos="21.85,-41.25,12.650000000000006" vel="0,0,0" mass="1" elasticityCoef="1" ang="90,0,0" color="0,220,0" radius="0.5" length="4" />
		<capsule pos="21.85,-41.25,14.950000000000003" vel="0,0,0" mass="1" elasticityCoef="1" ang="90,0,0" color="0,220,0" radius="0.5" length="4" />
		<capsule pos="21.85,-41.25,17.25" vel="0,0,0" mass="1" elasticityCoef="1" ang="90,0,0" color="0,220,0" radius="0.5" length="4" />
		<capsule pos="21.85,-41.25,19.550000000000004" vel="0,0,0" mass="1" elasticityCoef="1" ang="90,0,0" color="0,220,0" radius="0.5" length="4" />
		<capsule pos="21.85,-41.25,21.85" vel="0,0,0" mass="1" elasticityCoef="1" ang="90,0,0" color="0,220,0" radius="0.5" length="4" />
		<capsule pos="21.85,-41.25,24.15" vel="0,0,0" mass="1" elasticityCoef="1" ang="90,0,0" color="0,220,0" radius="0.5" length="4" />
		<capsule pos="21.85,-41.25,26.450000000000003" vel="0,0,0" mass="1" elasticityCoef="1" ang="90,0,0" color="0,220,0" radius="0.5" length="4" />
		<capsule pos="21.85,-41.25,28.75" vel="0,0,0" mass="1" elasticityCoef="1" ang="90,0,0" color="0,220,0" radius="0.5" length="4" />
		<capsule pos="21.85,-41.25,31.049999999999997" vel="0,0,0" mass="1" elasticityCoef="1" ang="90,0,0" color="0,220,0" radius="0.5" length="4" />
		<capsule pos="21.85,-35.75,-33.349999999999994" vel="0,0,0" mass="1" elasticityCoef="1" ang="90,0,0" color="0,220,0" radius="0.5" length="4" />
		<capsule pos="21.85,-35.75,-31.049999999999994" vel="0,0,0" mass="1" elasticityCoef="1" ang="90,0,0" color="0,220,0" radius="0.5" length="4" />
		<capsule pos="21.85,-35.75,-28.749999999999993" vel="0,0,0" mass="1" elasticityCoef="1" ang="90,0,0" color="0,220,0" radius="0.5" length="4" />
		<capsule pos="21.85,-35.75,-26.449999999999996" vel="0,0,0" mass="1" elasticityCoef="1" ang="90,0,0" color="0,220,0" radius="0.5" length="4" />
		<capsule pos="21.85,-35.75,-24.149999999999995" vel="0,0,0" mass="1" elasticityCoef="1" ang="90,0,0" color="0,220,0" radius="0.5" length="4" />
		<capsule pos="21.85,-35.75,-21.849999999999994" vel="0,0,0" mass="1" elasticityCoef="1" ang="90,0,0" color="0,220,0" radius="0.5" length="4" />
		<capsule pos="21.85,-35.75,-19.549999999999997" vel="0,0,0" mass="1" elasticityCoef="1" ang="90,0,0" color="0,220,0" radius="0.5" length="4" />
		<capsule pos="21.85,-35.75,-17.249999999999996" vel="0,0,0" mass="1" elasticityCoef="1" ang="90,0,0" color="0,220,0" radius="0.5" length="4" />
		<capsule pos="21.85,-35.75,-14.949999999999996" vel="0,0,0" mass="1" elasticityCoef="1" ang="90,0,0" color="0,220,0" radius="0.5" length="4" />
		<capsule pos="21.85,-35.75,-12.649999999999995" vel="0,0,0" mass="1" elasticityCoef="1" ang="90,0,0" color="0,220,0" radius="0.5" length="4" />
		<capsule pos="21.85,-35.75,-10.349999999999994" vel="0,0,0" mass="1" elasticityCoef="1" ang="90,0,0" color="0,220,0" radius="0.5" length="4" />
		<capsule pos="21.85,-35.75,-8.049999999999997" vel="0,0,0" mass="1" elasticityCoef="1" ang="90,0,0" color="0,220,0" radius="0.5" length="4" />
		<capsule pos="21.85,-35.75,-5.7499999999999964" vel="0,0,0" mass="1" elasticityCoef="1" ang="90,0,0" color="0,220,0" radius="0.5" length="4" />
		<capsule pos="21.85,-35.75,-3.4499999999999957" vel="0,0,0" mass="1" elasticityCoef="1" ang="90,0,0" color="0,220,0" radius="0.5" length="4" />
		<capsule pos="21.85,-35.75,-1.1499999999999986" vel="0,0,0" mass="1" elasticityCoef="1" ang="90,0,0" color="0,220,0" radius="0.5" length="4" />
		<capsule pos="21.85,-35.75,1.1500000000000057" vel="0,0,0" mass="1" elasticityCoef="1" ang="90,0,0" color="0,220,0" radius="0.5" length="4" />
		<capsule pos="21.85,-35.75,3.450000000000003" vel="0,0,0" mass="1" elasticityCoef="1" ang="90,0,0" color="0,220,0" radius="0.5" length="4" />
		<capsule pos="21.85,-35.75,5.75" vel="0,0,0" mass="1" elasticityCoef="1" ang="90,0,0" color="0,220,0" radius="0.5" length="4" />
		<capsule pos="21.85,-35.75,8.050000000000004" vel="0,0,0" mass="1" elasticityCoef="1" ang="90,0,0" color="0,220,0" radius="0.5" length="4" />
		<capsule pos="21.85,-35.75,10.350000000000001" vel="0,0,0" mass="1" elasticityCoef="1" ang="90,0,0" color="0,220,0" radius="0.5" length="4" />
		<capsule pos="21.85,-35.75,12.650000000000006" vel="0,0,0" mass="1" elasticityCoef="1" ang="90,0,0" color="0,220,0" radius="0.5" length="4" />
		<capsule pos="21.85,-35.75,14.950000000000003" vel="0,0,0" mass="1" elasticityCoef="1" ang="90,0,0" color="0,220,0" radius="0.5" length="4" />
		<capsule pos="21.85,-35.75,17.25" vel="0,0,0" mass="1" elasticityCoef="1" ang="90,0,0" color="0,220,0" radius="0.5" length="4" />
		<capsule pos="21.85,-35.75,19.550000000000004" vel="0,0,0" mass="1" elasticityCoef="1" ang="90,0,0" color="0,220,0" radius="0.5" length="4" />
		<capsule pos="21.85,-35.75,21.85" vel="0,0,0" mass="1" elasticityCoef="1" ang="90,0,0" color="0,220,0" radius="0.5" length="4" />
		<capsule pos="21.85,-35.75,24.15" vel="0,0,0" mass="1" elasticityCoef="1" ang="90,0,0" color="0,220,0" radius="0.5" length="4" />
		<capsule pos="21.85,-35.75,26.450000000000003" vel="0,0,0" mass="1" elasticityCoef="1" ang="90,0,0" color="0,220,0" radius="0.5" length="4" />
		<capsule pos="21.85,-35.75,28.75" vel="0,0,0" mass="1" elasticityCoef="1" ang="90,0,0" color="0,220,0" radius="0.5" length="4" />
		<capsule pos="21.85,-35.75,31.049999999999997" vel="0,0,0" mass="1" elasticityCoef="1" ang="90,0,0" color="0,220,0" radius="0.5" length="4" />
		<capsule pos="21.85,-30.25,-33.349999999999994" vel="0,0,0" mass="1" elasticityCoef="1" ang="90,0,0" color="0,220,0" radius="0.5" length="4" />
		<capsule pos="21.85,-30.25,-31.049999999999994" vel="0,0,0" mass="1" elasticityCoef="1" ang="90,0,0" color="0,220,0" radius="0.5" length="4" />
		<capsule pos="21.85,-30.25,-28.749999999999993" vel="0,0,0" mass="1" elasticityCoef="1" ang="90,0,0" color="0,220,0" radius="0.5" length="4" />
		<capsule pos="21.85,-30.25,-26.449999999999996" vel="0,0,0" mass="1" elasticityCoef="1" ang="90,0,0" color="0,220,0" radius="0.5" length="4" />
		<capsule pos="21.85,-30.25,-24.149999999999995" vel="0,0,0" mass="1" elasticityCoef="1" ang="90,0,0" color="0,220,0" radius="0.5" length="4" />
		<capsule pos="21.85,-30.25,-21.849999999999994" vel="0,0,0" mass="1" elasticityCoef="1" ang="90,0,0" color="0,220,0" radius="0.5" length="4" />
		<capsule pos="21.85,-30.25,-19.549999999999997" vel="0,0,0" mass="1" elasticityCoef="1" ang="90,0,0" color="0,220,0" radius="0.5" length="4" />
		<capsule pos="21.85,-30.25,-17.249999999999996" vel="0,0,0" mass="1" elasticityCoef="1" ang="90,0,0" color="0,220,0" radius="0.5" length="4" />
		<capsule pos="21.85,-30.25,-14.949999999999996" vel="0,0,0" mass="1" elasticityCoef="1" ang="90,0,0" color="0,220,0" radius="0.5" length="4" />
		<capsule pos="21.85,-30.25,-12.649999999999995" vel="0,0,0" mass="1" elasticityCoef="1" ang="90,0,0" color="0,220,0" radius="0.5" length="4" />
		<capsule pos="21.85,-30.25,-10.349999999999994" vel="0,0,0" mass="1" elasticityCoef="1" ang="90,0,0" color="0,220,0" radius="0.5" length="4" />
		<capsule pos="21.85,-30.25,-8.049999999999997" vel="0,0,0" mass="1" elasticityCoef="1" ang="90,0,0" color="0,220,0" radius="0.5" length="4" />
		<capsule pos="21.85,-30.25,-5.7499999999999964" vel="0,0,0" mass="1" elasticityCoef="1" ang="90,0,0" color="0,220,0" radius="0.5" length="4" />
		<capsule pos="21.85,-30.25,-3.4499999999999957" vel="0,0,0" mass="1" elasticityCoef="1" ang="90,0,0" color="0,220,0" radius="0.5" length="4" />
		<capsule pos="21.85,-30.25,-1.1499999999999986" vel="0,0,0" mass="1" elasticityCoef="1" ang="90,0,0" color="0,220,0" radius="0.5" length="4" />
		<capsule pos="21.85,-30.25,1.1500000000000057" vel="0,0,0" mass="1" elasticityCoef="1" ang="90,0,0" color="0,220,0" radius="0.5" length="4" />
		<capsule pos="21.85,-30.25,3.450000000000003" vel="0,0,0" mass="1" elasticityCoef="1" ang="90,0,0" color="0,220,0" radius="0.5" length="4" />
		<capsule pos="21.85,-30.25,5.75" vel="0,0,0" mass="1" elasticityCoef="1" ang="90,0,0" color="0,220,0" radius="0.5" length="4" />
		<capsule pos="21.85,-30.25,8.050000000000004" vel="0,0,0" mass="1" elasticityCoef="1" ang="90,0,0" color="0,220,0" radius="0.5" length="4" />
		<capsule pos="21.85,-30.25,10.350000000000001" vel="0,0,0" mass="1" elasticityCoef="1" ang="90,0,0" color="0,220,0" radius="0.5" length="4" />
		<capsule pos="21.85,-30.25,12.650000000000006" vel="0,0,0" mass="1" elasticityCoef="1" ang="90,0,0" color="0,220,0" radius="0.5" length="4" />
		<capsule pos="21.85,-30.25,14.950000000000003" vel="0,0,0" mass="1" elasticityCoef="1" ang="90,0,0" color="0,220,0" radius="0.5" length="4" />
		<capsule pos="21.85,-30.25,17.25" vel="0,0,0" mass="1" elasticityCoef="1" ang="90,0,0" color="0,220,0" radius="0.5" length="4" />
		<capsule pos="21.85,-30.25,19.550000000000004" vel="0,0,0" mass="1" elasticityCoef="1" ang="90,0,0" color="0,220,0" radius="0.5" length="4" />
		<capsule pos="21.85,-30.25,21.85" vel="0,0,0" mass="1" elasticityCoef="1" ang="90,0,0" color="0,220,0" radius="0.5" length="4" />
		<capsule pos="21.85,-30.25,24.15" vel="0,0,0" mass="1" elasticityCoef="1" ang="90,0,0" color="0,220,0" radius="0.5" length="4" />
		<capsule pos="21.85,-30.25,26.450000000000003" vel="0,0,0" mass="1" elasticityCoef="1" ang="90,0,0" color="0,220,0" radius="0.5" length="4" />
		<capsule pos="21.85,-30.25,28.75" vel="0,0,0" mass="1" elasticityCoef="1" ang="90,0,0" color="0,220,0" radius="0.5" length="4" />
		<capsule pos="21.85,-30.25,31.049999999999997" vel="0,0,0" mass="1" elasticityCoef="1" ang="90,0,0" color="0,220,0" radius="0.5" length="4" />
		<capsule pos="21.85,-24.75,-33.349999999999994" vel="0,0,0" mass="1" elasticityCoef="1" ang="90,0,0" color="0,220,0" radius="0.5" length="4" />
		<capsule pos="21.85,-24.75,-31.049999999999994" vel="0,0,0" mass="1" elasticityCoef="1" ang="90,0,0" color="0,220,0" radius="0.5" length="4" />
		<capsule pos="21.85,-24.75,-28.749999999999993" vel="0,0,0" mass="1" elasticityCoef="1" ang="90,0,0" color="0,220,0" radius="0.5" length="4" />
		<capsule pos="21.85,-24.75,-26.449999999999996" vel="0,0,0" mass="1" elasticityCoef="1" ang="90,0,0" color="0,220,0" radius="0.5" length="4" />
		<capsule pos="21.85,-24.75,-24.149999999999995" vel="0,0,0" mass="1" elasticityCoef="1" ang="90,0,0" color="0,220,0" radius="0.5" length="4" />
		<capsule pos="21.85,-24.75,-21.849999999999994" vel="0,0,0" mass="1" elasticityCoef="1" ang="90,0,0" color="0,220,0" radius="0.5" length="4" />
		<capsule pos="21.85,-24.75,-19.549999999999997" vel="0,0,0" mass="1" elasticityCoef="1" ang="90,0,0" color="0,220,0" radius="0.5" length="4" />
		<capsule pos="21.85,-24.75,-17.249999999999996" vel="0,0,0" mass="1" elasticityCoef="1" ang="90,0,0" color="0,220,0" radius="0.5" length="4" />
		<capsule pos="21.85,-24.75,-14.949999999999996" vel="0,0,0" mass="1" elasticityCoef="1" ang="90,0,0" color="0,220,0" radius="0.5" length="4" />
		<capsule pos="21.85,-24.75,-12.649999999999995" vel="0,0,0" mass="1" elasticityCoef="1" ang="90,0,0" color="0,220,0" radius="0.5" length="4" />
		<capsule pos="21.85,-24.75,-10.349999999999994" vel="0,0,0" mass="1" elasticityCoef="1" ang="90,0,0" color="0,220,0" radius="0.5" length="4" />
		<capsule pos="21.85,-24.75,-8.049999999999997" vel="0,0,0" mass="1" elasticityCoef="1" ang="90,0,0" color="0,220,0" radius="0.5" length="4" />
		<capsule pos="21.85,-24.75,-5.7499999999999964" vel="0,0,0" mass="1" elasticityCoef="1" ang="90,0,0" color="0,220,0" radius="0.5" length="4" />
		<capsule pos="21.85,-24.75,-3.4499999999999957" vel="0,0,0" mass="1" elasticityCoef="1" ang="90,0,0" color="0,220,0" radius="0.5" length="4" />
		<capsule pos="21.85,-24.75,-1.1499999999999986" vel="0,0,0" mass="1" elasticityCoef="1" ang="90,0,0" color="0,220,0" radius="0.5" length="4" />
		<capsule pos="21.85,-24.75,1.1500000000000057" vel="0,0,0" mass="1" elasticityCoef="1" ang="90,0,0" color="0,220,0" radius="0.5" length="4" />
		<capsule pos="21.85,-24.75,3.450000000000003" vel="0,0,0" mass="1" elasticityCoef="1" ang="90,0,0" color="0,220,0" radius="0.5" length="4" />
		<capsule pos="21.85,-24.75,5.75" vel="0,0,0" mass="1" elasticityCoef="1" ang="90,0,0" color="0,220,0" radius="0.5" length="4" />
		<capsule pos="21.85,-24.75,8.050000000000004" vel="0,0,0" mass="1" elasticityCoef="1" ang="90,0,0" color="0,220,0" radius="0.5" length="4" />
		<capsule pos="21.85,-24.75,10.350000000000001" vel="0,0,0" mass="1" elasticityCoef="1" ang="90,0,0" color="0,220,0" radius="0.5" length="4" />
		<capsule pos="21.85,-24.75,12.650000000000006" vel="0,0,0" mass="1" elasticityCoef="1" ang="90,0,0" color="0,220,0" radius="0.5" length="4" />
		<capsule pos="21.85,-24.75,14.950000000000003" vel="0,0,0" mass="1" elasticityCoef="1" ang="90,0,0" color="0,220,0" radius="0.5" length="4" />
		<capsule pos="21.85,-24.75,17.25" vel="0,0,0" mass="1" elasticityCoef="1" ang="90,0,0" color="0,220,0" radius="0.5" length="4" />
		<capsule pos="21.85,-24.75,19.550000000000004" vel="0,0,0" mass="1" elasticityCoef="1" ang="90,0,0" color="0,220,0" radius="0.5" length="4" />
		<capsule pos="21.85,-24.75,21.85" vel="0,0,0" mass="1" elasticityCoef="1" ang="90,0,0" color="0,220,0" radius="0.5" length="4" />
		<capsule pos="21.85,-24.75,24.15" vel="0,0,0" mass="1" elasticityCoef="1" ang="90,0,0" color="0,220,0" radius="0.5" length="4" />
		<capsule pos="21.85,-24.75,26.450000000000003" vel="0,0,0" mass="1" elasticityCoef="1" ang="90,0,0" color="0,220,0" radius="0.5" length="4" />
		<capsule pos="21.85,-24.75,28.75" vel="0,0,0" mass="1" elasticityCoef="1" ang="90,0,0" color="0,220,0" radius="0.5" length="4" />
		<capsule pos="21.85,-24.75,31.049999999999997" vel="0,0,0" mass="1" elasticityCoef="1" ang="90,0,0" color="0,220,0" radius="0.5" length="4" />
		<capsule pos="21.85,-19.25,-33.349999999999994" vel="0,0,0" mass="1" elasticityCoef="1" ang="90,0,0" color="0,220,0" radius="0.5" length="4" />
		<capsule pos="21.85,-19.25,-31.049999999999994" vel="0,0,0" mass="1" elasticityCoef="1" ang="90,0,0" color="0,220,0" radius="0.5" length="4" />
		<capsule pos="21.85,-19.25,-28.749999999999993" vel="0,0,0" mass="1" elasticityCoef="1" ang="90,0,0" color="0,220,0" radius="0.5" length="4" />
		<capsule pos="21.85,-19.25,-26.449999999999996" vel="0,0,0" mass="1" elasticityCoef="1" ang="90,0,0" color="0,220,0" radius="0.5" length="4" />
		<capsule pos="21.85,-19.25,-24.149999999999995" vel="0,0,0" mass="1" elasticityCoef="1" ang="90,0,0" color="0,220,0" radius="0.5" length="4" />
		<capsule pos="21.85,-19.25,-21.849999999999994" vel="0,0,0" mass="1" elasticityCoef="1" ang="90,0,0" color="0,220,0" radius="0.5" length="4" />
		<capsule pos="21.85,-19.25,-19.549999999999997" vel="0,0,0" mass="1" elasticityCoef="1" ang="90,0,0" color="0,220,0" radius="0.5" length="4" />
		<capsule pos="21.85,-19.25,-17.249999999999996" vel="0,0,0" mass="1" elasticityCoef="1" ang="90,0,0" color="0,220,0" radius="0.5" length="4" />
		<capsule pos="21.85,-19.25,-14.949999999999996" vel="0,0,0" mass="1" elasticityCoef="1" ang="90,0,0" color="0,220,0" radius="0.5" length="4" />
		<capsule pos="21.85,-19.25,-12.649999999999995" vel="0,0,0" mass="1" elasticityCoef="1" ang="90,0,0" color="0,220,0" radius="0.5" length="4" />
		<capsule pos="21.85,-19.25,-10.349999999999994" vel="0,0,0" mass="1" elasticityCoef="1" ang="90,0,0" color="0,220,0" radius="0.5" length="4" />
		<capsule pos="21.85,-19.25,-8.049999999999997" vel="0,0,0" mass="1" elasticityCoef="1" ang="90,0,0" color="0,220,0" radius="0.5" length="4" />
		<capsule pos="21.85,-19.25,-5.7499999999999964" vel="0,0,0" mass="1" elasticityCoef="1" ang="90,0,0" color="0,220,0" radius="0.5" length="4" />
		<capsule pos="21.85,-19.25,-3.4499999999999957" vel="0,0,0" mass="1" elasticityCoef="1" ang="90,0,0" color="0,220,0" radius="0.5" length="4" />
		<capsule pos="21.85,-19.25,-1.1499999999999986" vel="0,0,0" mass="1" elasticityCoef="1" ang="90,0,0" color="0,220,0" radius="0.5" length="4" />
		<capsule pos="21.85,-19.25,1.1500000000000057" vel="0,0,0" mass="1" elasticityCoef="1" ang="90,0,0" color="0,220,0" radius="0.5" length="4" />
		<capsule pos="21.85,-19.25,3.450000000000003" vel="0,0,0" mass="1" elasticityCoef="1" ang="90,0,0" color="0,220,0" radius="0.5" length="4" />
		<capsule pos="21.85,-19.25,5.75" vel="0,0,0" mass="1" elasticityCoef="1" ang="90,0,0" color="0,220,0" radius="0.5" length="4" />
		<capsule pos="21.85,-19.25,8.050000000000004" vel="0,0,0" mass="1" elasticityCoef="1" ang="90,0,0" color="0,220,0" radius="0.5" length="4" />
		<capsule pos="21.85,-19.25,10.350000000000001" vel="0,0,0" mass="1" elasticityCoef="1" ang="90,0,0" color="0,220,0" radius="0.5" length="4" />
		<capsule pos="21.85,-19.25,12.650000000000006" vel="0,0,0" mass="1" elasticityCoef="1" ang="90,0,0" color="0,220,0" radius="0.5" length="4" />
		<capsule pos="21.85,-19.25,14.950000000000003" vel="0,0,0" mass="1" elasticityCoef="1" ang="90,0,0" color="0,220,0" radius="0.5" length="4" />
		<capsule pos="21.85,-19.25,17.25" vel="0,0,0" mass="1" elasticityCoef="1" ang="90,0,0" color="0,220,0" radius="0.5" length="4" />
		<capsule pos="21.85,-19.25,19.550000000000004" vel="0,0,0" mass="1" elasticityCoef="1" ang="90,0,0" color="0,220,0" radius="0.5" length="4" />
		<capsule pos="21.85,-19.25,21.85" vel="0,0,0" mass="1" elasticityCoef="1" ang="90,0,0" color="0,220,0" radius="0.5" length="4" />
		<capsule pos="21.85,-19.25,24.15" vel="0,0,0" mass="1" elasticityCoef="1" ang="90,0,0" color="0,220,0" radius="0.5" length="4" />
		<capsule pos="21.85,-19.25,26.450000000000003" vel="0,0,0" mass="1" elasticityCoef="1" ang="90,0,0" color="0,220,0" radius="0.5" length="4" />
		<capsule pos="21.85,-19.25,28.75" vel="0,0,0" mass="1" elasticityCoef="1" ang="90,0,0" color="0,220,0" radius="0.5" length="4" />
		<capsule pos="21.85,-19.25,31.049999999999997" vel="0,0,0" mass="1" elasticityCoef="1" ang="90,0,0" color="0,220,0" radius="0.5" length="4" />
		<capsule pos="21.85,-13.75,-33.349999999999994" vel="0,0,0" mass="1" elasticityCoef="1" ang="90,0,0" color="0,220,0" radius="0.5" length="4" />
		<capsule pos="21.85,-13.75,-31.049999999999994" vel="0,0,0" mass="1" elasticityCoef="1" ang="90,0,0" color="0,220,0" radius="0.5" length="4" />
		<capsule pos="21.85,-13.75,-28.749999999999993" vel="0,0,0" mass="1" elasticityCoef="1" ang="90,0,0" color="0,220,0" radius="0.5" length="4" />
		<capsule pos="21.85,-13.75,-26.449999999999996" vel="0,0,0" mass="1" elasticityCoef="1" ang="90,0,0" color="0,220,0" radius="0.5" length="4" />
		<capsule pos="21.85,-13.75,-24.149999999999995" vel="0,0,0" mass="1" elasticityCoef="1" ang="90,0,0" color="0,220,0" radius="0.5" length="4" />
		<capsule pos="21.85,-13.75,-21.849999999999994" vel="0,0,0" mass="1" elasticityCoef="1" ang="90,0,0" color="0,220,0" radius="0.5" length="4" />
		<capsule pos="21.85,-13.75,-19.549999999999997" vel="0,0,0" mass="1" elasticityCoef="1" ang="90,0,0" color="0,220,0" radius="0.5" length="4" />
		<capsule pos="21.85,-13.75,-17.249999999999996" vel="0,0,0" mass="1" elasticityCoef="1" ang="90,0,0" color="0,220,0" radius="0.5" length="4" />
		<capsule pos="21.85,-13.75,-14.949999999999996" vel="0,0,0" mass="1" elasticityCoef="1" ang="90,0,0" color="0,220,0" radius="0.5" length="4" />
		<capsule pos="21.85,-13.75,-12.649999999999995" vel="0,0,0" mass="1" elasticityCoef="1" ang="90,0,0" color="0,220,0" radius="0.5" length="4" />
		<capsule pos="21.85,-13.75,-10.349999999999994" vel="0,0,0" mass="1" elasticityCoef="1" ang="90,0,0" color="0,220,0" radius="0.5" length="4" />
		<capsule pos="21.85,-13.75,-8.049999999999997" vel="0,0,0" mass="1" elasticityCoef="1" ang="90,0,0" color="0,220,0" radius="0.5" length="4" />
		<capsule pos="21.85,-13.75,-5.7499999999999964" vel="0,0,0" mass="1" elasticityCoef="1" ang="90,0,0" color="0,220,0" radius="0.5" length="4" />
		<capsule pos="21.85,-13.75,-3.4499999999999957" vel="0,0,0" mass="1" elasticityCoef="1" ang="90,0,0" color="0,220,0" radius="0.5" length="4" />
		<capsule pos="21.85,-13.75,-1.1499999999999986" vel="0,0,0" mass="1" elasticityCoef="1" ang="90,0,0" color="0,220,0" radius="0.5" length="4" />
		<capsule pos="21.85,-13.75,1.1500000000000057" vel="0,0,0" mass="1" elasticityCoef="1" ang="90,0,0" color="0,220,0" radius="0.5" length="4" />
		<capsule pos="21.85,-13.75,3.450000000000003" vel="0,0,0" mass="1" elasticityCoef="1" ang="90,0,0" color="0,220,0" radius="0.5" length="4" />
		<capsule pos="21.85,-13.75,5.75" vel="0,0,0" mass="1" elasticityCoef="1" ang="90,0,0" color="0,220,0" radius="0.5" length="4" />
		<capsule pos="21.85,-13.75,8.050000000000004" vel="0,0,0" mass="1" elasticityCoef="1" ang="90,0,0" color="0,220,0" radius="0.5" length="4" />
		<capsule pos="21.85,-13.75,10.350000000000001" vel="0,0,0" mass="1" elasticityCoef="1" ang="90,0,0" color="0,220,0" radius="0.5" length="4" />
		<capsule pos="21.85,-13.75,12.650000000000006" vel="0,0,0" mass="1" elasticityCoef="1" ang="90,0,0" color="0,220,0" radius="0.5" length="4" />
		<capsule pos="21.85,-13.75,14.950000000000003" vel="0,0,0" mass="1" elasticityCoef="1" ang="90,0,0" color="0,220,0" radius="0.5" length="4" />
		<capsule pos="21.85,-13.75,17.25" vel="0,0,0" mass="1" elasticityCoef="1" ang="90,0,0" color="0,220,0" radius="0.5" length="4" />
		<capsule pos="21.85,-13.75,19.550000000000004" vel="0,0,0" mass="1" elasticityCoef="1" ang="90,0,0" color="0,220,0" radius="0.5" length="4" />
		<capsule pos="21.85,-13.75,21.85" vel="0,0,0" mass="1" elasticityCoef="1" ang="90,0,0" color="0,220,0" radius="0.5" length="4" />
		<capsule pos="21.85,-13.75,24.15" vel="0,0,0" mass="1" elasticityCoef="1" ang="90,0,0" color="0,220,0" radius="0.5" length="4" />
		<capsule pos="21.85,-13.75,26.450000000000003" vel="0,0,0" mass="1" elasticityCoef="1" ang="90,0,0" color="0,220,0" radius="0.5" length="4" />
		<capsule pos="21.85,-13.75,28.75" vel="0,0,0" mass="1" elasticityCoef="1" ang="90,0,0" color="0,220,0" radius="0.5" length="4" />
		<capsule pos="21.85,-13.75,31.049999999999997" vel="0,0,0" mass="1" elasticityCoef="1" ang="90,0,0" color="0,220,0" radius="0.5" length="4" />
		<capsule pos="21.85,-8.25,-33.349999999999994" vel="0,0,0" mass="1" elasticityCoef="1" ang="90,0,0" color="0,220,0" radius="0.5" length="4" />
		<capsule pos="21.85,-8.25,-31.049999999999994" vel="0,0,0" mass="1" elasticityCoef="1" ang="90,0,0" color="0,220,0" radius="0.5" length="4" />
		<capsule pos="21.85,-8.25,-28.749999999999993" vel="0,0,0" mass="1" elasticityCoef="1" ang="90,0,0" color="0,220,0" radius="0.5" length="4" />
		<capsule pos="21.85,-8.25,-26.449999999999996" vel="0,0,0" mass="1" elasticityCoef="1" ang="90,0,0" color="0,220,0" radius="0.5" length="4" />
		<capsule pos="21.85,-8.25,-24.149999999999995" vel="0,0,0" mass="1" elasticityCoef="1" ang="90,0,0" color="0,220,0" radius="0.5" length="4" />
		<capsule pos="21.85,-8.25,-21.849999999999994" vel="0,0,0" mass="1" elasticityCoef="1" ang="90,0,0" color="0,220,0" radius="0.5" length="4" />
		<capsule pos="21.85,-8.25,-19.549999999999997" vel="0,0,0" mass="1" elasticityCoef="1" ang="90,0,0" color="0,220,0" radius="0.5" length="4" />
		<capsule pos="21.85,-8.25,-17.249999999999996" vel="0,0,0" mass="1" elasticityCoef="1" ang="90,0,0" color="0,220,0" radius="0.5" length="4" />
		<capsule pos="21.85,-8.25,-14.949999999999996" vel="0,0,0" mass="1" elasticityCoef="1" ang="90,0,0" color="0,220,0" radius="0.5" length="4" />
		<capsule pos="21.85,-8.25,-12.649999999999995" vel="0,0,0" mass="1" elasticityCoef="1" ang="90,0,0" color="0,220,0" radius="0.5" length="4" />
		<capsule pos="21.85,-8.25,-10.349999999999994" vel="0,0,0" mass="1" elasticityCoef="1" ang="90,0,0" color="0,220,0" radius="0.5" length="4" />
		<capsule pos="21.85,-8.25,-8.049999999999997" vel="0,0,0" mass="1" elasticityCoef="1" ang="90,0,0" color="0,220,0" radius="0.5" length="4" />
		<capsule pos="21.85,-8.25,-5.7499999999999964" vel="0,0,0" mass="1" elasticityCoef="1" ang="90,0,0" color="0,220,0" radius="0.5" length="4" />
		<capsule pos="21.85,-8.25,-3.4499999999999957" vel="0,0,0" mass="1" elasticityCoef="1" ang="90,0,0" color="0,220,0" radius="0.5" length="4" />
		<capsule pos="21.85,-8.25,-1.1499999999999986" vel="0,0,0" mass="1" elasticityCoef="1" ang="90,0,0" color="0,220,0" radius="0.5" length="4" />
		<capsule pos="21.85,-8.25,1.1500000000000057" vel="0,0,0" mass="1" elasticityCoef="1" ang="90,0,0" color="0,220,0" radius="0.5" length="4" />
		<capsule pos="21.85,-8.25,3.450000000000003" vel="0,0,0" mass="1" elasticityCoef="1" ang="90,0,0" color="0,220,0" radius="0.5" length="4" />
		<capsule pos="21.85,-8.25,5.75" vel="0,0,0" mass="1" elasticityCoef="1" ang="90,0,0" color="0,220,0" radius="0.5" length="4" />
		<capsule pos="21.85,-8.25,8.050000000000004" vel="0,0,0" mass="1" elasticityCoef="1" ang="90,0,0" color="0,220,0" radius="0.5" length="4" />
		<capsule pos="21.85,-8.25,10.350000000000001" vel="0,0,0" mass="1" elasticityCoef="1" ang="90,0,0" color="0,220,0" radius="0.5" length="4" />
		<capsule pos="21.85,-8.25,12.650000000000006" vel="0,0,0" mass="1" elasticityCoef="1" ang="90,0,0" color="0,220,0" radius="0.5" length="4" />
		<capsule pos="21.85,-8.25,14.950000000000003" vel="0,0,0" mass="1" elasticityCoef="1" ang="90,0,0" color="0,220,0" radius="0.5" length="4" />
		<capsule pos="21.85,-8.25,17.25" vel="0,0,0" mass="1" elasticityCoef="1" ang="90,0,0" color="0,220,0" radius="0.5" length="4" />
		<capsule pos="21.85,-8.25,19.550000000000004" vel="0,0,0" mass="1" elasticityCoef="1" ang="90,0,0" color="0,220,0" radius="0.5" length="4" />
		<capsule pos="21.85,-8.25,21.85" vel="0,0,0" mass="1" elasticityCoef="1" ang="90,0,0" color="0,220,0" radius="0.5" length="4" />
		<capsule pos="21.85,-8.25,24.15" vel="0,0,0" mass="1" elasticityCoef="1" ang="90,0,0" color="0,220,0" radius="0.5" length="4" />
		<capsule pos="21.85,-8.25,26.450000000000003" vel="0,0,0" mass="1" elasticityCoef="1" ang="90,0,0" color="0,220,0" radius="0.5" length="4" />
		<capsule pos="21.85,-8.25,28.75" vel="0,0,0" mass="1" elasticityCoef="1" ang="90,0,0" color="0,220,0" radius="0.5" length="4" />
		<capsule pos="21.85,-8.25,31.049999999999997" vel="0,0,0" mass="1" elasticityCoef="1" ang="90,0,0" color="0,220,0" radius="0.5" length="4" />
		<capsule pos="21.85,-2.75,-33.349999999999994" vel="0,0,0" mass="1" elasticityCoef="1" ang="90,0,0" color="0,220,0" radius="0.5" length="4" />
		<capsule pos="21.85,-2.75,-31.049999999999994" vel="0,0,0" mass="1" elasticityCoef="1" ang="90,0,0" color="0,220,0" radius="0.5" length="4" />
		<capsule pos="21.85,-2.75,-28.749999999999993" vel="0,0,0" mass="1" elasticityCoef="1" ang="90,0,0" color="0,220,0" radius="0.5" length="4" />
		<capsule pos="21.85,-2.75,-26.449999999999996" vel="0,0,0" mass="1" elasticityCoef="1" ang="90,0,0" color="0,220,0" radius="0.5" length="4" />
		<capsule pos="21.85,-2.75,-24.149999999999995" vel="0,0,0" mass="1" elasticityCoef="1" ang="90,0,0" color="0,220,0" radius="0.5" length="4" />
		<capsule pos="21.85,-2.75,-21.849999999999994" vel="0,0,0" mass="1" elasticityCoef="1" ang="90,0,0" color="0,220,0" radius="0.5" length="4" />
		<capsule pos="21.85,-2.75,-19.549999999999997" vel="0,0,0" mass="1" elasticityCoef="1" ang="90,0,0" color="0,220,0" radius="0.5" length="4" />
		<capsule pos="21.85,-2.75,-17.249999999999996" vel="0,0,0" mass="1" elasticityCoef="1" ang="90,0,0" color="0,220,0" radius="0.5" length="4" />
		<capsule pos="21.85,-2.75,-14.949999999999996" vel="0,0,0" mass="1" elasticityCoef="1" ang="90,0,0" color="0,220,0" radius="0.5" length="4" />
		<capsule pos="21.85,-2.75,-12.649999999999995" vel="0,0,0" mass="1" elasticityCoef="1" ang="90,0,0" color="0,220,0" radius="0.5" length="4" />
		<capsule pos="21.85,-2.75,-10.349999999999994" vel="0,0,0" mass="1" elasticityCoef="1" ang="90,0,0" color="0,220,0" radius="0.5" length="4" />
		<capsule pos="21.85,-2.75,-8.049999999999997" vel="0,0,0" mass="1" elasticityCoef="1" ang="90,0,0" color="0,220,0" radius="0.5" length="4" />
		<capsule pos="21.85,-2.75,-5.7499999999999964" vel="0,0,0" mass="1" elasticityCoef="1" ang="90,0,0" color="0,220,0" radius="0.5" length="4" />
		<capsule pos="21.85,-2.75,-3.4499999999999957" vel="0,0,0" mass="1" elasticityCoef="1" ang="90,0,0" color="0,220,0" radius="0.5" length="4" />
		<capsule pos="21.85,-2.75,-1.1499999999999986" vel="0,0,0" mass="1" elasticityCoef="1" ang="90,0,0" color="0,220,0" radius="0.5" length="4" />
		<capsule pos="21.85,-2.75,1.1500000000000057" vel="0,0,0" mass="1" elasticityCoef="1" ang="90,0,0" color="0,220,0" radius="0.5" length="4" />
		<capsule pos="21.85,-2.75,3.450000000000003" vel="0,0,0" mass="1" elasticityCoef="1" ang="90,0,0" color="0,220,0" radius="0.5" length="4" />
		<capsule pos="21.85,-2.75,5.75" vel="0,0,0" mass="1" elasticityCoef="1" ang="90,0,0" color="0,220,0" radius="0.5" length="4" />
		<capsule pos="21.85,-2.75,8.050000000000004" vel="0,0,0" mass="1" elasticityCoef="1" ang="90,0,0" color="0,220,0" radius="0.5" length="4" />
		<capsule pos="21.85,-2.75,10.350000000000001" vel="0,0,0" mass="1" elasticityCoef="1" ang="90,0,0" color="0,220,0" radius="0.5" length="4" />
		<capsule pos="21.85,-2.75,12.650000000000006" vel="0,0,0" mass="1" elasticityCoef="1" ang="90,0,0" color="0,220,0" radius="0.5" length="4" />
		<capsule pos="21.85,-2.75,14.950000000000003" vel="0,0,0" mass="1" elasticityCoef="1" ang="90,0,0" color="0,220,0" radius="0.5" length="4" />
		<capsule pos="21.85,-2.75,17.25" vel="0,0,0" mass="1" elasticityCoef="1" ang="90,0,0" color="0,220,0" radius="0.5" length="4" />
		<capsule pos="21.85,-2.75,19.550000000000004" vel="0,0,0" mass="1" elasticityCoef="1" ang="90,0,0" color="0,220,0" radius="0.5" length="4" />
		<capsule pos="21.85,-2.75,21.85" vel="0,0,0" mass="1" elasticityCoef="1" ang="90,0,0" color="0,220,0" radius="0.5" length="4" />
		<capsule pos="21.85,-2.75,24.15" vel="0,0,0" mass="1" elasticityCoef="1" ang="90,0,0" color="0,220,0" radius="0.5" length="4" />
		<capsule pos="21.85,-2.75,26.450000000000003" vel="0,0,0" mass="1" elasticityCoef="1" ang="90,0,0" color="0,220,0" radius="0.5" length="4" />
		<capsule pos="21.85,-2.75,28.75" vel="0,0,0" mass="1" elasticityCoef="1" ang="90,0,0" color="0,220,0" radius="0.5" length="4" />
		<capsule pos="21.85,-2.75,31.049999999999997" vel="0,0,0" mass="1" elasticityCoef="1" ang="90,0,0" color="0,220,0" radius="0.5" length="4" />
		<capsule pos="21.85,2.75,-33.349999999999994" vel="0,0,0" mass="1" elasticityCoef="1" ang="90,0,0" color="0,220,0" radius="0.5" length="4" />
		<capsule pos="21.85,2.75,-31.049999999999994" vel="0,0,0" mass="1" elasticityCoef="1" ang="90,0,0" color="0,220,0" radius="0.5" length="4" />
		<capsule pos="21.85,2.75,-28.749999999999993" vel="0,0,0" mass="1" elasticityCoef="1" ang="90,0,0" color="0,220,0" radius="0.5" length="4" />
		<capsule pos="21.85,2.75,-26.449999999999996" vel="0,0,0" mass="1" elasticityCoef="1" ang="90,0,0" color="0,220,0" radius="0.5" length="4" />
		<capsule pos="21.85,2.75,-24.149999999999995" vel="0,0,0" mass="1" elasticityCoef="1" ang="90,0,0" color="0,220,0" radius="0.5" length="4" />
		<capsule pos="21.85,2.75,-21.849999999999994" vel="0,0,0" mass="1" elasticityCoef="1" ang="90,0,0" color="0,220,0" radius="0.5" length="4" />
		<capsule pos="21.85,2.75,-19.549999999999997" vel="0,0,0" mass="1" elasticityCoef="1" ang="90,0,0" color="0,220,0" radius="0.5" length="4" />
		<capsule pos="21.85,2.75,-17.249999999999996" vel="0,0,0" mass="1" elasticityCoef="1" ang="90,0,0" color="0,220,0" radius="0.5" length="4" />
		<capsule pos="21.85,2.75,-14.949999999999996" vel="0,0,0" mass="1" elasticityCoef="1" ang="90,0,0" color="0,220,0" radius="0.5" length="4" />
		<capsule pos="21.85,2.75,-12.649999999999995" vel="0,0,0" mass="1" elasticityCoef="1" ang="90,0,0" color="0,220,0" radius="0.5" length="4" />
		<capsule pos="21.85,2.75,-10.349999999999994" vel="0,0,0" mass="1" elasticityCoef="1" ang="90,0,0" color="0,220,0" radius="0.5" length="4" />
		<capsule pos="21.85,2.75,-8.049999999999997" vel="0,0,0" mass="1" elasticityCoef="1" ang="90,0,0" color="0,220,0" radius="0.5" length="4" />
		<capsule pos="21.85,2.75,-5.7499999999999964" vel="0,0,0" mass="1" elasticityCoef="1" ang="90,0,0" color="0,220,0" radius="0.5" length="4" />
		<capsule pos="21.85,2.75,-3.4499999999999957" vel="0,0,0" mass="1" elasticityCoef="1" ang="90,0,0" color="0,220,0" radius="0.5" length="4" />
		<capsule pos="21.85,2.75,-1.1499999999999986" vel="0,0,0" mass="1" elasticityCoef="1" ang="90,0,0" color="0,220,0" radius="0.5" length="4" />
		<capsule pos="21.85,2.75,1.1500000000000057" vel="0,0,0" mass="1" elasticityCoef="1" ang="90,0,0" color="0,220,0" radius="0.5" length="4" />
		<capsule pos="21.85,2.75,3.450000000000003" vel="0,0,0" mass="1" elasticityCoef="1" ang="90,0,0" color="0,220,0" radius="0.5" length="4" />
		<capsule pos="21.85,2.75,5.75" vel="0,0,0" mass="1" elasticityCoef="1" ang="90,0,0" color="0,220,0" radius="0.5" length="4" />
		<capsule pos="21.85,2.75,8.050000000000004" vel="0,0,0" mass="1" elasticityCoef="1" ang="90,0,0" color="0,220,0" radius="0.5" length="4" />
		<capsule pos="21.85,2.75,10.350000000000001" vel="0,0,0" mass="1" elasticityCoef="1" ang="90,0,0" color="0,220,0" radius="0.5" length="4" />
		<capsule pos="21.85,2.75,12.650000000000006" vel="0,0,0" mass="1" elasticityCoef="1" ang="90,0,0" color="0,220,0" radius="0.5" length="4" />
		<capsule pos="21.85,2.75,14.950000000000003" vel="0,0,0" mass="1" elasticityCoef="1" ang="90,0,0" color="0,220,0" radius="0.5" length="4" />
		<capsule pos="21.85,2.75,17.25" vel="0,0,0" mass="1" elasticityCoef="1" ang="90,0,0" color="0,220,0" radius="0.5" length="4" />
		<capsule pos="21.85,2.75,19.550000000000004" vel="0,0,0" mass="1" elasticityCoef="1" ang="90,0,0" color="0,220,0" radius="0.5" length="4" />
		<capsule pos="21.85,2.75,21.85" vel="0,0,0" mass="1" elasticityCoef="1" ang="90,0,0" color="0,220,0" radius="0.5" length="4" />
		<capsule pos="21.85,2.75,24.15" vel="0,0,0" mass="1" elasticityCoef="1" ang="90,0,0" color="0,220,0" radius="0.5" length="4" />
		<capsule pos="21.85,2.75,26.450000000000003" vel="0,0,0" mass="1" elasticityCoef="1" ang="90,0,0" color="0,220,0" radius="0.5" length="4" />
		<capsule pos="21.85,2.75,28.75" vel="0,0,0" mass="1" elasticityCoef="1" ang="90,0,0" color="0,220,0" radius="0.5" length="4" />
		<capsule pos="21.85,2.75,31.049999999999997" vel="0,0,0" mass="1" elasticityCoef="1" ang="90,0,0" color="0,220,0" radius="0.5" length="4" />
		<capsule pos="21.85,8.25,-33.349999999999994" vel="0,0,0" mass="1" elasticityCoef="1" ang="90,0,0" color="0,220,0" radius="0.5" length="4" />
		<capsule pos="21.85,8.25,-31.049999999999994" vel="0,0,0" mass="1" elasticityCoef="1" ang="90,0,0" color="0,220,0" radius="0.5" length="4" />
		<capsule pos="21.85,8.25,-28.749999999999993" vel="0,0,0" mass="1" elasticityCoef="1" ang="90,0,0" color="0,220,0" radius="0.5" length="4" />
		<capsule pos="21.85,8.25,-26.449999999999996" vel="0,0,0" mass="1" elasticityCoef="1" ang="90,0,0" color="0,220,0" radius="0.5" length="4" />
		<capsule pos="21.85,8.25,-24.149999999999995" vel="0,0,0" mass="1" elasticityCoef="1" ang="90,0,0" color="0,220,0" radius="0.5" length="4" />
		<capsule pos="21.85,8.25,-21.849999999999994" vel="0,0,0" mass="1" elasticityCoef="1" ang="90,0,0" color="0,220,0" radius="0.5" length="4" />
		<capsule pos="21.85,8.25,-19.549999999999997" vel="0,0,0" mass="1" elasticityCoef="1" ang="90,0,0" color="0,220,0" radius="0.5" length="4" />
		<capsule pos="21.85,8.25,-17.249999999999996" vel="0,0,0" mass="1" elasticityCoef="1" ang="90,0,0" color="0,220,0" radius="0.5" length="4" />
		<capsule pos="21.85,8.25,-14.949999999999996" vel="0,0,0" mass="1" elasticityCoef="1" ang="90,0,0" color="0,220,0" radius="0.5" length="4" />
		<capsule pos="21.85,8.25,-12.649999999999995" vel="0,0,0" mass="1" elasticityCoef="1" ang="90,0,0" color="0,220,0" radius="0.5" length="4" />
		<capsule pos="21.85,8.25,-10.349999999999994" vel="0,0,0" mass="1" elasticityCoef="1" ang="90,0,0" color="0,220,0" radius="0.5" length="4" />
		<capsule pos="21.85,8.25,-8.049999999999997" vel="0,0,0" mass="1" elasticityCoef="1" ang="90,0,0" color="0,220,0" radius="0.5" length="4" />
		<capsule pos="21.85,8.25,-5.7499999999999964" vel="0,0,0" mass="1" elasticityCoef="1" ang="90,0,0" color="0,220,0" radius="0.5" length="4" />
		<capsule pos="21.85,8.25,-3.4499999999999957" vel="0,0,0" mass="1" elasticityCoef="1" ang="90,0,0" color="0,220,0" radius="0.5" length="4" />
		<capsule pos="21.85,8.25,-1.1499999999999986" vel="0,0,0" mass="1" elasticityCoef="1" ang="90,0,0" color="0,220,0" radius="0.5" length="4" />
		<capsule pos="21.85,8.25,1.1500000000000057" vel="0,0,0" mass="1" elasticityCoef="1" ang="90,0,0" color="0,220,0" radius="0.5" length="4" />
		<capsule pos="21.85,8.25,3.450000000000003" vel="0,0,0" mass="1" elasticityCoef="1" ang="90,0,0" color="0,220,0" radius="0.5" length="4" />
		<capsule pos="21.85,8.25,5.75" vel="0,0,0" mass="1" elasticityCoef="1" ang="90,0,0" color="0,220,0" radius="0.5" length="4" />
		<capsule pos="21.85,8.25,8.050000000000004" vel="0,0,0" mass="1" elasticityCoef="1" ang="90,0,0" color="0,220,0" radius="0.5" length="4" />
		<capsule pos="21.85,8.25,10.350000000000001" vel="0,0,0" mass="1" elasticityCoef="1" ang="90,0,0" color="0,220,0" radius="0.5" length="4" />
		<capsule pos="21.85,8.25,12.650000000000006" vel="0,0,0" mass="1" elasticityCoef="1" ang="90,0,0" color="0,220,0" radius="0.5" length="4" />
		<capsule pos="21.85,8.25,14.950000000000003" vel="0,0,0" mass="1" elasticityCoef="1" ang="90,0,0" color="0,220,0" radius="0.5" length="4" />
		<capsule pos="21.85,8.25,17.25" vel="0,0,0" mass="1" elasticityCoef="1" ang="90,0,0" color="0,220,0" radius="0.5" length="4" />
		<capsule pos="21.85,8.25,19.550000000000004" vel="0,0,0" mass="1" elasticityCoef="1" ang="90,0,0" color="0,220,0" radius="0.5" length="4" />
		<capsule pos="21.85,8.25,21.85" vel="0,0,0" mass="1" elasticityCoef="1" ang="90,0,0" color="0,220,0" radius="0.5" length="4" />
		<capsule pos="21.85,8.25,24.15" vel="0,0,0" mass="1" elasticityCoef="1" ang="90,0,0" color="0,220,0" radius="0.5" length="4" />
		<capsule pos="21.85,8.25,26.450000000000003" vel="0,0,0" mass="1" elasticityCoef="1" ang="90,0,0" color="0,220,0" radius="0.5" length="4" />
		<capsule pos="21.85,8.25,28.75" vel="0,0,0" mass="1" elasticityCoef="1" ang="90,0,0" color="0,220,0" radius="0.5" length="4" />
		<capsule pos="21.85,8.25,31.049999999999997" vel="0,0,0" mass="1" elasticityCoef="1" ang="90,0,0" color="0,220,0" radius="0.5" length="4" />
		<capsule pos="21.85,13.75,-33.349999999999994" vel="0,0,0" mass="1" elasticityCoef="1" ang="90,0,0" color="0,220,0" radius="0.5" length="4" />
		<capsule pos="21.85,13.75,-31.049999999999994" vel="0,0,0" mass="1" elasticityCoef="1" ang="90,0,0" color="0,220,0" radius="0.5" length="4" />
		<capsule pos="21.85,13.75,-28.749999999999993" vel="0,0,0" mass="1" elasticityCoef="1" ang="90,0,0" color="0,220,0" radius="0.5" length="4" />
		<capsule pos="21.85,13.75,-26.449999999999996" vel="0,0,0" mass="1" elasticityCoef="1" ang="90,0,0" color="0,220,0" radius="0.5" length="4" />
		<capsule pos="21.85,13.75,-24.149999999999995" vel="0,0,0" mass="1" elasticityCoef="1" ang="90,0,0" color="0,220,0" radius="0.5" length="4" />
		<capsule pos="21.85,13.75,-21.849999999999994" vel="0,0,0" mass="1" elasticityCoef="1" ang="90,0,0" color="0,220,0" radius="0.5" length="4" />
		<capsule pos="21.85,13.75,-19.549999999999997" vel="0,0,0" mass="1" elasticityCoef="1" ang="90,0,0" color="0,220,0" radius="0.5" length="4" />
		<capsule pos="21.85,13.75,-17.249999999999996" vel="0,0,0" mass="1" elasticityCoef="1" ang="90,0,0" color="0,220,0" radius="0.5" length="4" />
		<capsule pos="21.85,13.75,-14.949999999999996" vel="0,0,0" mass="1" elasticityCoef="1" ang="90,0,0" color="0,220,0" radius="0.5" length="4" />
		<capsule pos="21.85,13.75,-12.649999999999995" vel="0,0,0" mass="1" elasticityCoef="1" ang="90,0,0" color="0,220,0" radius="0.5" length="4" />
		<capsule pos="21.85,13.75,-10.349999999999994" vel="0,0,0" mass="1" elasticityCoef="1" ang="90,0,0" color="0,220,0" radius="0.5" length="4" />
		<capsule pos="21.85,13.75,-8.049999999999997" vel="0,0,0" mass="1" elasticityCoef="1" ang="90,0,0" color="0,220,0" radius="0.5" length="4" />
		<capsule pos="21.85,13.75,-5.7499999999999964" vel="0,0,0" mass="1" elasticityCoef="1" ang="90,0,0" color="0,220,0" radius="0.5" length="4" />
		<capsule pos="21.85,13.75,-3.4499999999999957" vel="0,0,0" mass="1" elasticityCoef="1" ang="90,0,0" color="0,220,0" radius="0.5" length="4" />
		<capsule pos="21.85,13.75,-1.1499999999999986" vel="0,0,0" mass="1" elasticityCoef="1" ang="90,0,0" color="0,220,0" radius="0.5" length="4" />
		<capsule pos="21.85,13.75,1.1500000000000057" vel="0,0,0" mass="1" elasticityCoef="1" ang="90,0,0" color="0,220,0" radius="0.5" length="4" />
		<capsule pos="21.85,13.75,3.450000000000003" vel="0,0,0" mass="1" elasticityCoef="1" ang="90,0,0" color="0,220,0" radius="0.5" length="4" />
		<capsule pos="21.85,13.75,5.75" vel="0,0,0" mass="1" elasticityCoef="1" ang="90,0,0" color="0,220,0" radius="0.5" length="4" />
		<capsule pos="21.85,13.75,8.050000000000004" vel="0,0,0" mass="1" elasticityCoef="1" ang="90,0,0" color="0,220,0" radius="0.5" length="4" />
		<capsule pos="21.85,13.75,10.350000000000001" vel="0,0,0" mass="1" elasticityCoef="1" ang="90,0,0" color="0,220,0" radius="0.5" length="4" />
		<capsule pos="21.85,13.75,12.650000000000006" vel="0,0,0" mass="1" elasticityCoef="1" ang="90,0,0" color="0,220,0" radius="0.5" length="4" />
		<capsule pos="21.85,13.75,14.950000000000003" vel="0,0,0" mass="1" elasticityCoef="1" ang="90,0,0" color="0,220,0" radius="0.5" length="4" />
		<capsule pos="21.85,13.75,17.25" vel="0,0,0" mass="1" elasticityCoef="1" ang="90,0,0" color="0,220,0" radius="0.5" length="4" />
		<capsule pos="21.85,13.75,19.550000000000004" vel="0,0,0" mass="1" elasticityCoef="1" ang="90,0,0" color="0,220,0" radius="0.5" length="4" />
		<capsule pos="21.85,13.75,21.85" vel="0,0,0" mass="1" elasticityCoef="1" ang="90,0,0" color="0,220,0" radius="0.5" length="4" />
		<capsule pos="21.85,13.75,24.15" vel="0,0,0" mass="1" elasticityCoef="1" ang="90,0,0" color="0,220,0" radius="0.5" length="4" />
		<capsule pos="21.85,13.75,26.450000000000003" vel="0,0,0" mass="1" elasticityCoef="1" ang="90,0,0" color="0,220,0" radius="0.5" length="4" />
		<capsule pos="21.85,13.75,28.75" vel="0,0,0" mass="1" elasticityCoef="1" ang="90,0,0" color="0,220,0" radius="0.5" length="4" />
		<capsule pos="21.85,13.75,31.049999999999997" vel="0,0,0" mass="1" elasticityCoef="1" ang="90,0,0" color="0,220,0" radius="0.5" length="4" />
		<capsule pos="21.85,19.25,-33.349999999999994" vel="0,0,0" mass="1" elasticityCoef="1" ang="90,0,0" color="0,220,0" radius="0.5" length="4" />
		<capsule pos="21.85,19.25,-31.049999999999994" vel="0,0,0" mass="1" elasticityCoef="1" ang="90,0,0" color="0,220,0" radius="0.5" length="4" />
		<capsule pos="21.85,19.25,-28.749999999999993" vel="0,0,0" mass="1" elasticityCoef="1" ang="90,0,0" color="0,220,0" radius="0.5" length="4" />
		<capsule pos="21.85,19.25,-26.449999999999996" vel="0,0,0" mass="1" elasticityCoef="1" ang="90,0,0" color="0,220,0" radius="0.5" length="4" />
		<capsule pos="21.85,19.25,-24.149999999999995" vel="0,0,0" mass="1" elasticityCoef="1" ang="90,0,0" color="0,220,0" radius="0.5" length="4" />
		<capsule pos="21.85,19.25,-21.849999999999994" vel="0,0,0" mass="1" elasticityCoef="1" ang="90,0,0" color="0,220,0" radius="0.5" length="4" />
		<capsule pos="21.85,19.25,-19.549999999999997" vel="0,0,0" mass="1" elasticityCoef="1" ang="90,0,0" color="0,220,0" radius="0.5" length="4" />
		<capsule pos="21.85,19.25,-17.249999999999996" vel="0,0,0" mass="1" elasticityCoef="1" ang="90,0,0" color="0,220,0" radius="0.5" length="4" />
		<capsule pos="21.85,19.25,-14.949999999999996" vel="0,0,0" mass="1" elasticityCoef="1" ang="90,0,0" color="0,220,0" radius="0.5" length="4" />
		<capsule pos="21.85,19.25,-12.649999999999995" vel="0,0,0" mass="1" elasticityCoef="1" ang="90,0,0" color="0,220,0" radius="0.5" length="4" />
		<capsule pos="21.85,19.25,-10.349999999999994" vel="0,0,0" mass="1" elasticityCoef="1" ang="90,0,0" color="0,220,0" radius="0.5" length="4" />
		<capsule pos="21.85,19.25,-8.049999999999997" vel="0,0,0" mass="1" elasticityCoef="1" ang="90,0,0" color="0,220,0" radius="0.5" length="4" />
		<capsule pos="21.85,19.25,-5.7499999999999964" vel="0,0,0" mass="1" elasticityCoef="1" ang="90,0,0" color="0,220,0" radius="0.5" length="4" />
		<capsule pos="21.85,19.25,-3.4499999999999957" vel="0,0,0" mass="1" elasticityCoef="1" ang="90,0,0" color="0,220,0" radius="0.5" length="4" />
		<capsule pos="21.85,19.25,-1.1499999999999986" vel="0,0,0" mass="1" elasticityCoef="1" ang="90,0,0" color="0,220,0" radius="0.5" length="4" />
		<capsule pos="21.85,19.25,1.1500000000000057" vel="0,0,0" mass="1" elasticityCoef="1" ang="90,0,0" color="0,220,0" radius="0.5" length="4" />
		<capsule pos="21.85,19.25,3.450000000000003" vel="0,0,0" mass="1" elasticityCoef="1" ang="90,0,0" color="0,220,0" radius="0.5" length="4" />
		<capsule pos="21.85,19.25,5.75" vel="0,0,0" mass="1" elasticityCoef="1" ang="90,0,0" color="0,220,0" radius="0.5" length="4" />
		<capsule pos="21.85,19.25,8.050000000000004" vel="0,0,0" mass="1" elasticityCoef="1" ang="90,0,0" color="0,220,0" radius="0.5" length="4" />
		<capsule pos="21.85,19.25,10.350000000000001" vel="0,0,0" mass="1" elasticityCoef="1" ang="90,0,0" color="0,220,0" radius="0.5" length="4" />
		<capsule pos="21.85,19.25,12.650000000000006" vel="0,0,0" mass="1" elasticityCoef="1" ang="90,0,0" color="0,220,0" radius="0.5" length="4" />
		<capsule pos="21.85,19.25,14.950000000000003" vel="0,0,0" mass="1" elasticityCoef="1" ang="90,0,0" color="0,220,0" radius="0.5" length="4" />
		<capsule pos="21.85,19.25,17.25" vel="0,0,0" mass="1" elasticityCoef="1" ang="90,0,0" color="0,220,0" radius="0.5" length="4" />
		<capsule pos="21.85,19.25,19.550000000000004" vel="0,0,0" mass="1" elasticityCoef="1" ang="90,0,0" color="0,220,0" radius="0.5" length="4" />
		<capsule pos="21.85,19.25,21.85" vel="0,0,0" mass="1" elasticityCoef="1" ang="90,0,0" color="0,220,0" radius="0.5" length="4" />
		<capsule pos="21.85,19.25,24.15" vel="0,0,0" mass="1" elasticityCoef="1" ang="90,0,0" color="0,220,0" radius="0.5" length="4" />
		<capsule pos="21.85,19.25,26.450000000000003" vel="0,0,0" mass="1" elasticityCoef="1" ang="90,0,0" color="0,220,0" radius="0.5" length="4" />
		<capsule pos="21.85,19.25,28.75" vel="0,0,0" mass="1" elasticityCoef="1" ang="90,0,0" color="0,220,0" radius="0.5" length="4" />
		<capsule pos="21.85,19.25,31.049999999999997" vel="0,0,0" mass="1" elasticityCoef="1" ang="90,0,0" color="0,220,0" radius="0.5" length="4" />
		<capsule pos="21.85,24.75,-33.349999999999994" vel="0,0,0" mass="1" elasticityCoef="1" ang="90,0,0" color="0,220,0" radius="0.5" length="4" />
		<capsule pos="21.85,24.75,-31.049999999999994" vel="0,0,0" mass="1" elasticityCoef="1" ang="90,0,0" color="0,220,0" radius="0.5" length="4" />
		<capsule pos="21.85,24.75,-28.749999999999993" vel="0,0,0" mass="1" elasticityCoef="1" ang="90,0,0" color="0,220,0" radius="0.5" length="4" />
		<capsule pos="21.85,24.75,-26.449999999999996" vel="0,0,0" mass="1" elasticityCoef="1" ang="90,0,0" color="0,220,0" radius="0.5" length="4" />
		<capsule pos="21.85,24.75,-24.149999999999995" vel="0,0,0" mass="1" elasticityCoef="1" ang="90,0,0" color="0,220,0" radius="0.5" length="4" />
		<capsule pos="21.85,24.75,-21.849999999999994" vel="0,0,0" mass="1" elasticityCoef="1" ang="90,0,0" color="0,220,0" radius="0.5" length="4" />
		<capsule pos="21.85,24.75,-19.549999999999997" vel="0,0,0" mass="1" elasticityCoef="1" ang="90,0,0" color="0,220,0" radius="0.5" length="4" />
		<capsule pos="21.85,24.75,-17.249999999999996" vel="0,0,0" mass="1" elasticityCoef="1" ang="90,0,0" color="0,220,0" radius="0.5" length="4" />
		<capsule pos="21.85,24.75,-14.949999999999996" vel="0,0,0" mass="1" elasticityCoef="1" ang="90,0,0" color="0,220,0" radius="0.5" length="4" />
		<capsule pos="21.85,24.75,-12.649999999999995" vel="0,0,0" mass="1" elasticityCoef="1" ang="90,0,0" color="0,220,0" radius="0.5" length="4" />
		<capsule pos="21.85,24.75,-10.349999999999994" vel="0,0,0" mass="1" elasticityCoef="1" ang="90,0,0" color="0,220,0" radius="0.5" length="4" />
		<capsule pos="21.85,24.75,-8.049999999999997" vel="0,0,0" mass="1" elasticityCoef="1" ang="90,0,0" color="0,220,0" radius="0.5" length="4" />
		<capsule pos="21.85,24.75,-5.7499999999999964" vel="0,0,0" mass="1" elasticityCoef="1" ang="90,0,0" color="0,220,0" radius="0.5" length="4" />
		<capsule pos="21.85,24.75,-3.4499999999999957" vel="0,0,0" mass="1" elasticityCoef="1" ang="90,0,0" color="0,220,0" radius="0.5" length="4" />
		<capsule pos="21.85,24.75,-1.1499999999999986" vel="0,0,0" mass="1" elasticityCoef="1" ang="90,0,0" color="0,220,0" radius="0.5" length="4" />
		<capsule pos="21.85,24.75,1.1500000000000057" vel="0,0,0" mass="1" elasticityCoef="1" ang="90,0,0" color="0,220,0" radius="0.5" length="4" />
		<capsule pos="21.85,24.75,3.450000000000003" vel="0,0,0" mass="1" elasticityCoef="1" ang="90,0,0" color="0,220,0" radius="0.5" length="4" />
		<capsule pos="21.85,24.75,5.75" vel="0,0,0" mass="1" elasticityCoef="1" ang="90,0,0" color="0,220,0" radius="0.5" length="4" />
		<capsule pos="21.85,24.75,8.050000000000004" vel="0,0,0" mass="1" elasticityCoef="1" ang="90,0,0" color="0,220,0" radius="0.5" length="4" />
		<capsule pos="21.85,24.75,10.350000000000001" vel="0,0,0" mass="1" elasticityCoef="1" ang="90,0,0" color="0,220,0" radius="0.5" length="4" />
		<capsule pos="21.85,24.75,12.650000000000006" vel="0,0,0" mass="1" elasticityCoef="1" ang="90,0,0" color="0,220,0" radius="0.5" length="4" />
		<capsule pos="21.85,24.75,14.950000000000003" vel="0,0,0" mass="1" elasticityCoef="1" ang="90,0,0" color="0,220,0" radius="0.5" length="4" />
		<capsule pos="21.85,24.75,17.25" vel="0,0,0" mass="1" elasticityCoef="1" ang="90,0,0" color="0,220,0" radius="0.5" length="4" />
		<capsule pos="21.85,24.75,19.550000000000004" vel="0,0,0" mass="1" elasticityCoef="1" ang="90,0,0" color="0,220,0" radius="0.5" length="4" />
		<capsule pos="21.85,24.75,21.85" vel="0,0,0" mass="1" elasticityCoef="1" ang="90,0,0" color="0,220,0" radius="0.5" length="4" />
		<capsule pos="21.85,24.75,24.15" vel="0,0,0" mass="1" elasticityCoef="1" ang="90,0,0" color="0,220,0" radius="0.5" length="4" />
		<capsule pos="21.85,24.75,26.450000000000003" vel="0,0,0" mass="1" elasticityCoef="1" ang="90,0,0" color="0,220,0" radius="0.5" length="4" />
		<capsule pos="21.85,24.75,28.75" vel="0,0,0" mass="1" elasticityCoef="1" ang="90,0,0" color="0,220,0" radius="0.5" length="4" />
		<capsule pos="21.85,24.75,31.049999999999997" vel="0,0,0" mass="1" elasticityCoef="1" ang="90,0,0" color="0,220,0" radius="0.5" length="4" />
		<capsule pos="21.85,30.25,-33.349999999999994" vel="0,0,0" mass="1" elasticityCoef="1" ang="90,0,0" color="0,220,0" radius="0.5" length="4" />
		<capsule pos="21.85,30.25,-31.049999999999994" vel="0,0,0" mass="1" elasticityCoef="1" ang="90,0,0" color="0,220,0" radius="0.5" length="4" />
		<capsule pos="21.85,30.25,-28.749999999999993" vel="0,0,0" mass="1" elasticityCoef="1" ang="90,0,0" color="0,220,0" radius="0.5" length="4" />
		<capsule pos="21.85,30.25,-26.449999999999996" vel="0,0,0" mass="1" elasticityCoef="1" ang="90,0,0" color="0,220,0" radius="0.5" length="4" />
		<capsule pos="21.85,30.25,-24.149999999999995" vel="0,0,0" mass="1" elasticityCoef="1" ang="90,0,0" color="0,220,0" radius="0.5" length="4" />
		<capsule pos="21.85,30.25,-21.849999999999994" vel="0,0,0" mass="1" elasticityCoef="1" ang="90,0,0" color="0,220,0" radius="0.5" length="4" />
		<capsule pos="21.85,30.25,-19.549999999999997" vel="0,0,0" mass="1" elasticityCoef="1" ang="90,0,0" color="0,220,0" radius="0.5" length="4" />
		<capsule pos="21.85,30.25,-17.249999999999996" vel="0,0,0" mass="1" elasticityCoef="1" ang="90,0,0" color="0,220,0" radius="0.5" length="4" />
		<capsule pos="21.85,30.25,-14.949999999999996" vel="0,0,0" mass="1" elasticityCoef="1" ang="90,0,0" color="0,220,0" radius="0.5" length="4" />
		<capsule pos="21.85,30.25,-12.649999999999995" vel="0,0,0" mass="1" elasticityCoef="1" ang="90,0,0" color="0,220,0" radius="0.5" length="4" />
		<capsule pos="21.85,30.25,-10.349999999999994" vel="0,0,0" mass="1" elasticityCoef="1" ang="90,0,0" color="0,220,0" radius="0.5" length="4" />
		<capsule pos="21.85,30.25,-8.049999999999997" vel="0,0,0" mass="1" elasticityCoef="1" ang="90,0,0" color="0,220,0" radius="0.5" length="4" />
		<capsule pos="21.85,30.25,-5.7499999999999964" vel="0,0,0" mass="1" elasticityCoef="1" ang="90,0,0" color="0,220,0" radius="0.5" length="4" />
		<capsule pos="21.85,30.25,-3.4499999999999957" vel="0,0,0" mass="1" elasticityCoef="1" ang="90,0,0" color="0,220,0" radius="0.5" length="4" />
		<capsule pos="21.85,30.25,-1.1499999999999986" vel="0,0,0" mass="1" elasticityCoef="1" ang="90,0,0" color="0,220,0" radius="0.5" length="4" />
		<capsule pos="21.85,30.25,1.1500000000000057" vel="0,0,0" mass="1" elasticityCoef="1" ang="90,0,0" color="0,220,0" radius="0.5" length="4" />
		<capsule pos="21.85,30.25,3.450000000000003" vel="0,0,0" mass="1" elasticityCoef="1" ang="90,0,0" color="0,220,0" radius="0.5" length="4" />
		<capsule pos="21.85,30.25,5.75" vel="0,0,0" mass="1" elasticityCoef="1" ang="90,0,0" color="0,220,0" radius="0.5" length="4" />
		<capsule pos="21.85,30.25,8.050000000000004" vel="0,0,0" mass="1" elasticityCoef="1" ang="90,0,0" color="0,220,0" radius="0.5" length="4" />
		<capsule pos="21.85,30.25,10.350000000000001" vel="0,0,0" mass="1" elasticityCoef="1" ang="90,0,0" color="0,220,0" radius="0.5" length="4" />
		<capsule pos="21.85,30.25,12.650000000000006" vel="0,0,0" mass="1" elasticityCoef="1" ang="90,0,0" color="0,220,0" radius="0.5" length="4" />
		<capsule pos="21.85,30.25,14.950000000000003" vel="0,0,0" mass="1" elasticityCoef="1" ang="90,0,0" color="0,220,0" radius="0.5" length="4" />
		<capsule pos="21.85,30.25,17.25" vel="0,0,0" mass="1" elasticityCoef="1" ang="90,0,0" color="0,220,0" radius="0.5" length="4" />
		<capsule pos="21.85,30.25,19.550000000000004" vel="0,0,0" mass="1" elasticityCoef="1" ang="90,0,0" color="0,220,0" radius="0.5" length="4" />
		<capsule pos="21.85,30.25,21.85" vel="0,0,0" mass="1" elasticityCoef="1" ang="90,0,0" color="0,220,0" radius="0.5" length="4" />
		<capsule pos="21.85,30.25,24.15" vel="0,0,0" mass="1" elasticityCoef="1" ang="90,0,0" color="0,220,0" radius="0.5" length="4" />
		<capsule pos="21.85,30.25,26.450000000000003" vel="0,0,0" mass="1" elasticityCoef="1" ang="90,0,0" color="0,220,0" radius="0.5" length="4" />
		<capsule pos="21.85,30.25,28.75" vel="0,0,0" mass="1" elasticityCoef="1" ang="90,0,0" color="0,220,0" radius="0.5" length="4" />
		<capsule pos="21.85,30.25,31.049999999999997" vel="0,0,0" mass="1" elasticityCoef="1" ang="90,0,0" color="0,220,0" radius="0.5" length="4" />
		<capsule pos="21.85,35.75,-33.349999999999994" vel="0,0,0" mass="1" elasticityCoef="1" ang="90,0,0" color="0,220,0" radius="0.5" length="4" />
		<capsule pos="21.85,35.75,-31.049999999999994" vel="0,0,0" mass="1" elasticityCoef="1" ang="90,0,0" color="0,220,0" radius="0.5" length="4" />
		<capsule pos="21.85,35.75,-28.749999999999993" vel="0,0,0" mass="1" elasticityCoef="1" ang="90,0,0" color="0,220,0" radius="0.5" length="4" />
		<capsule pos="21.85,35.75,-26.449999999999996" vel="0,0,0" mass="1" elasticityCoef="1" ang="90,0,0" color="0,220,0" radius="0.5" length="4" />
		<capsule pos="21.85,35.75,-24.149999999999995" vel="0,0,0" mass="1" elasticityCoef="1" ang="90,0,0" color="0,220,0" radius="0.5" length="4" />
		<capsule pos="21.85,35.75,-21.849999999999994" vel="0,0,0" mass="1" elasticityCoef="1" ang="90,0,0" color="0,220,0" radius="0.5" length="4" />
		<capsule pos="21.85,35.75,-19.549999999999997" vel="0,0,0" mass="1" elasticityCoef="1" ang="90,0,0" color="0,220,0" radius="0.5" length="4" />
		<capsule pos="21.85,35.75,-17.249999999999996" vel="0,0,0" mass="1" elasticityCoef="1" ang="90,0,0" color="0,220,0" radius="0.5" length="4" />
		<capsule pos="21.85,35.75,-14.949999999999996" vel="0,0,0" mass="1" elasticityCoef="1" ang="90,0,0" color="0,220,0" radius="0.5" length="4" />
		<capsule pos="21.85,35.75,-12.649999999999995" vel="0,0,0" mass="1" elasticityCoef="1" ang="90,0,0" color="0,220,0" radius="0.5" length="4" />
		<capsule pos="21.85,35.75,-10.349999999999994" vel="0,0,0" mass="1" elasticityCoef="1" ang="90,0,0" color="0,220,0" radius="0.5" length="4" />
		<capsule pos="21.85,35.75,-8.049999999999997" vel="0,0,0" mass="1" elasticityCoef="1" ang="90,0,0" color="0,220,0" radius="0.5" length="4" />
		<capsule pos="21.85,35.75,-5.7499999999999964" vel="0,0,0" mass="1" elasticityCoef="1" ang="90,0,0" color="0,220,0" radius="0.5" length="4" />
		<capsule pos="21.85,35.75,-3.4499999999999957" vel="0,0,0" mass="1" elasticityCoef="1" ang="90,0,0" color="0,220,0" radius="0.5" length="4" />
		<capsule pos="21.85,35.75,-1.1499999999999986" vel="0,0,0" mass="1" elasticityCoef="1" ang="90,0,0" color="0,220,0" radius="0.5" length="4" />
		<capsule pos="21.85,35.75,1.1500000000000057" vel="0,0,0" mass="1" elasticityCoef="1" ang="90,0,0" color="0,220,0" radius="0.5" length="4" />
		<capsule pos="21.85,35.75,3.450000000000003" vel="0,0,0" mass="1" elasticityCoef="1" ang="90,0,0" color="0,220,0" radius="0.5" length="4" />
		<capsule pos="21.85,35.75,5.75" vel="0,0,0" mass="1" elasticityCoef="1" ang="90,0,0" color="0,220,0" radius="0.5" length="4" />
		<capsule pos="21.85,35.75,8.050000000000004" vel="0,0,0" mass="1" elasticityCoef="1" ang="90,0,0" color="0,220,0" radius="0.5" length="4" />
		<capsule pos="21.85,35.75,10.350000000000001" vel="0,0,0" mass="1" elasticityCoef="1" ang="90,0,0" color="0,220,0" radius="0.5" length="4" />
		<capsule pos="21.85,35.75,12.650000000000006" vel="0,0,0" mass="1" elasticityCoef="1" ang="90,0,0" color="0,220,0" radius="0.5" length="4" />
		<capsule pos="21.85,35.75,14.950000000000003" vel="0,0,0" mass="1" elasticityCoef="1" ang="90,0,0" color="0,220,0" radius="0.5" length="4" />
		<capsule pos="21.85,35.75,17.25" vel="0,0,0" mass="1" elasticityCoef="1" ang="90,0,0" color="0,220,0" radius="0.5" length="4" />
		<capsule pos="21.85,35.75,19.550000000000004" vel="0,0,0" mass="1" elasticityCoef="1" ang="90,0,0" color="0,220,0" radius="0.5" length="4" />
		<capsule pos="21.85,35.75,21.85" vel="0,0,0" mass="1" elasticityCoef="1" ang="90,0,0" color="0,220,0" radius="0.5" length="4" />
		<capsule pos="21.85,35.75,24.15" vel="0,0,0" mass="1" elasticityCoef="1" ang="90,0,0" color="0,220,0" radius="0.5" length="4" />
		<capsule pos="21.85,35.75,26.450000000000003" vel="0,0,0" mass="1" elasticityCoef="1" ang="90,0,0" color="0,220,0" radius="0.5" length="4" />
		<capsule pos="21.85,35.75,28.75" vel="0,0,0" mass="1" elasticityCoef="1" ang="90,0,0" color="0,220,0" radius="0.5" length="4" />
		<capsule pos="21.85,35.75,31.049999999999997" vel="0,0,0" mass="1" elasticityCoef="1" ang="90,0,0" color="0,220,0" radius="0.5" length="4" />
		<capsule pos="24.15,-41.25,-33.349999999999994" vel="0,0,0" mass="1" elasticityCoef="1" ang="90,0,0" color="0,220,0" radius="0.5" length="4" />
		<capsule pos="24.15,-41.25,-31.049999999999994" vel="0,0,0" mass="1" elasticityCoef="1" ang="90,0,0" color="0,220,0" radius="0.5" length="4" />
		<capsule pos="24.15,-41.25,-28.749999999999993" vel="0,0,0" mass="1" elasticityCoef="1" ang="90,0,0" color="0,220,0" radius="0.5" length="4" />
		<capsule pos="24.15,-41.25,-26.449999999999996" vel="0,0,0" mass="1" elasticityCoef="1" ang="90,0,0" color="0,220,0" radius="0.5" length="4" />
		<capsule pos="24.15,-41.25,-24.149999999999995" vel="0,0,0" mass="1" elasticityCoef="1" ang="90,0,0" color="0,220,0" radius="0.5" length="4" />
		<capsule pos="24.15,-41.25,-21.849999999999994" vel="0,0,0" mass="1" elasticityCoef="1" ang="90,0,0" color="0,220,0" radius="0.5" length="4" />
		<capsule pos="24.15,-41.25,-19.549999999999997" vel="0,0,0" mass="1" elasticityCoef="1" ang="90,0,0" color="0,220,0" radius="0.5" length="4" />
		<capsule pos="24.15,-41.25,-17.249999999999996" vel="0,0,0" mass="1" elasticityCoef="1" ang="90,0,0" color="0,220,0" radius="0.5" length="4" />
		<capsule pos="24.15,-41.25,-14.949999999999996" vel="0,0,0" mass="1" elasticityCoef="1" ang="90,0,0" color="0,220,0" radius="0.5" length="4" />
		<capsule pos="24.15,-41.25,-12.649999999999995" vel="0,0,0" mass="1" elasticityCoef="1" ang="90,0,0" color="0,220,0" radius="0.5" length="4" />
		<capsule pos="24.15,-41.25,-10.349999999999994" vel="0,0,0" mass="1" elasticityCoef="1" ang="90,0,0" color="0,220,0" radius="0.5" length="4" />
		<capsule pos="24.15,-41.25,-8.049999999999997" vel="0,0,0" mass="1" elasticityCoef="1" ang="90,0,0" color="0,220,0" radius="0.5" length="4" />
		<capsule pos="24.15,-41.25,-5.7499999999999964" vel="0,0,0" mass="1" elasticityCoef="1" ang="90,0,0" color="0,220,0" radius="0.5" length="4" />
		<capsule pos="24.15,-41.25,-3.4499999999999957" vel="0,0,0" mass="1" elasticityCoef="1" ang="90,0,0" color="0,220,0" radius="0.5" length="4" />
		<capsule pos="24.15,-41.25,-1.1499999999999986" vel="0,0,0" mass="1" elasticityCoef="1" ang="90,0,0" color="0,220,0" radius="0.5" length="4" />
		<capsule pos="24.15,-41.25,1.1500000000000057" vel="0,0,0" mass="1" elasticityCoef="1" ang="90,0,0" color="0,220,0" radius="0.5" length="4" />
		<capsule pos="24.15,-41.25,3.450000000000003" vel="0,0,0" mass="1" elasticityCoef="1" ang="90,0,0" color="0,220,0" radius="0.5" length="4" />
		<capsule pos="24.15,-41.25,5.75" vel="0,0,0" mass="1" elasticityCoef="1" ang="90,0,0" color="0,220,0" radius="0.5" length="4" />
		<capsule pos="24.15,-41.25,8.050000000000004" vel="0,0,0" mass="1" elasticityCoef="1" ang="90,0,0" color="0,220,0" radius="0.5" length="4" />
		<capsule pos="24.15,-41.25,10.350000000000001" vel="0,0,0" mass="1" elasticityCoef="1" ang="90,0,0" color="0,220,0" radius="0.5" length="4" />
		<capsule pos="24.15,-41.25,12.650000000000006" vel="0,0,0" mass="1" elasticityCoef="1" ang="90,0,0" color="0,220,0" radius="0.5" length="4" />
		<capsule pos="24.15,-41.25,14.950000000000003" vel="0,0,0" mass="1" elasticityCoef="1" ang="90,0,0" color="0,220,0" radius="0.5" length="4" />
		<capsule pos="24.15,-41.25,17.25" vel="0,0,0" mass="1" elasticityCoef="1" ang="90,0,0" color="0,220,0" radius="0.5" length="4" />
		<capsule pos="24.15,-41.25,19.550000000000004" vel="0,0,0" mass="1" elasticityCoef="1" ang="90,0,0" color="0,220,0" radius="0.5" length="4" />
		<capsule pos="24.15,-41.25,21.85" vel="0,0,0" mass="1" elasticityCoef="1" ang="90,0,0" color="0,220,0" radius="0.5" length="4" />
		<capsule pos="24.15,-41.25,24.15" vel="0,0,0" mass="1" elasticityCoef="1" ang="90,0,0" color="0,220,0" radius="0.5" length="4" />
		<capsule pos="24.15,-41.25,26.450000000000003" vel="0,0,0" mass="1" elasticityCoef="1" ang="90,0,0" color="0,220,0" radius="0.5" length="4" />
		<capsule pos="24.15,-41.25,28.75" vel="0,0,0" mass="1" elasticityCoef="1" ang="90,0,0" color="0,220,0" radius="0.5" length="4" />
		<capsule pos="24.15,-41.25,31.049999999999997" vel="0,0,0" mass="1" elasticityCoef="1" ang="90,0,0" color="0,220,0" radius="0.5" length="4" />
		<capsule pos="24.15,-35.75,-33.349999999999994" vel="0,0,0" mass="1" elasticityCoef="1" ang="90,0,0" color="0,220,0" radius="0.5" length="4" />
		<capsule pos="24.15,-35.75,-31.049999999999994" vel="0,0,0" mass="1" elasticityCoef="1" ang="90,0,0" color="0,220,0" radius="0.5" length="4" />
		<capsule pos="24.15,-35.75,-28.749999999999993" vel="0,0,0" mass="1" elasticityCoef="1" ang="90,0,0" color="0,220,0" radius="0.5" length="4" />
		<capsule pos="24.15,-35.75,-26.449999999999996" vel="0,0,0" mass="1" elasticityCoef="1" ang="90,0,0" color="0,220,0" radius="0.5" length="4" />
		<capsule pos="24.15,-35.75,-24.149999999999995" vel="0,0,0" mass="1" elasticityCoef="1" ang="90,0,0" color="0,220,0" radius="0.5" length="4" />
		<capsule pos="24.15,-35.75,-21.849999999999994" vel="0,0,0" mass="1" elasticityCoef="1" ang="90,0,0" color="0,220,0" radius="0.5" length="4" />
		<capsule pos="24.15,-35.75,-19.549999999999997" vel="0,0,0" mass="1" elasticityCoef="1" ang="90,0,0" color="0,220,0" radius="0.5" length="4" />
		<capsule pos="24.15,-35.75,-17.249999999999996" vel="0,0,0" mass="1" elasticityCoef="1" ang="90,0,0" color="0,220,0" radius="0.5" length="4" />
		<capsule pos="24.15,-35.75,-14.949999999999996" vel="0,0,0" mass="1" elasticityCoef="1" ang="90,0,0" color="0,220,0" radius="0.5" length="4" />
		<capsule pos="24.15,-35.75,-12.649999999999995" vel="0,0,0" mass="1" elasticityCoef="1" ang="90,0,0" color="0,220,0" radius="0.5" length="4" />
		<capsule pos="24.15,-35.75,-10.349999999999994" vel="0,0,0" mass="1" elasticityCoef="1" ang="90,0,0" color="0,220,0" radius="0.5" length="4" />
		<capsule pos="24.15,-35.75,-8.049999999999997" vel="0,0,0" mass="1" elasticityCoef="1" ang="90,0,0" color="0,220,0" radius="0.5" length="4" />
		<capsule pos="24.15,-35.75,-5.7499999999999964" vel="0,0,0" mass="1" elasticityCoef="1" ang="90,0,0" color="0,220,0" radius="0.5" length="4" />
		<capsule pos="24.15,-35.75,-3.4499999999999957" vel="0,0,0" mass="1" elasticityCoef="1" ang="90,0,0" color="0,220,0" radius="0.5" length="4" />
		<capsule pos="24.15,-35.75,-1.1499999999999986" vel="0,0,0" mass="1" elasticityCoef="1" ang="90,0,0" color="0,220,0" radius="0.5" length="4" />
		<capsule pos="24.15,-35.75,1.1500000000000057" vel="0,0,0" mass="1" elasticityCoef="1" ang="90,0,0" color="0,220,0" radius="0.5" length="4" />
		<capsule pos="24.15,-35.75,3.450000000000003" vel="0,0,0" mass="1" elasticityCoef="1" ang="90,0,0" color="0,220,0" radius="0.5" length="4" />
		<capsule pos="24.15,-35.75,5.75" vel="0,0,0" mass="1" elasticityCoef="1" ang="90,0,0" color="0,220,0" radius="0.5" length="4" />
		<capsule pos="24.15,-35.75,8.050000000000004" vel="0,0,0" mass="1" elasticityCoef="1" ang="90,0,0" color="0,220,0" radius="0.5" length="4" />
		<capsule pos="24.15,-35.75,10.350000000000001" vel="0,0,0" mass="1" elasticityCoef="1" ang="90,0,0" color="0,220,0" radius="0.5" length="4" />
		<capsule pos="24.15,-35.75,12.650000000000006" vel="0,0,0" mass="1" elasticityCoef="1" ang="90,0,0" color="0,220,0" radius="0.5" length="4" />
		<capsule pos="24.15,-35.75,14.950000000000003" vel="0,0,0" mass="1" elasticityCoef="1" ang="90,0,0" color="0,220,0" radius="0.5" length="4" />
		<capsule pos="24.15,-35.75,17.25" vel="0,0,0" mass="1" elasticityCoef="1" ang="90,0,0" color="0,220,0" radius="0.5" length="4" />
		<capsule pos="24.15,-35.75,19.550000000000004" vel="0,0,0" mass="1" elasticityCoef="1" ang="90,0,0" color="0,220,0" radius="0.5" length="4" />
		<capsule pos="24.15,-35.75,21.85" vel="0,0,0" mass="1" elasticityCoef="1" ang="90,0,0" color="0,220,0" radius="0.5" length="4" />
		<capsule pos="24.15,-35.75,24.15" vel="0,0,0" mass="1" elasticityCoef="1" ang="90,0,0" color="0,220,0" radius="0.5" length="4" />
		<capsule pos="24.15,-35.75,26.450000000000003" vel="0,0,0" mass="1" elasticityCoef="1" ang="90,0,0" color="0,220,0" radius="0.5" length="4" />
		<capsule pos="24.15,-35.75,28.75" vel="0,0,0" mass="1" elasticityCoef="1" ang="90,0,0" color="0,220,0" radius="0.5" length="4" />
		<capsule pos="24.15,-35.75,31.049999999999997" vel="0,0,0" mass="1" elasticityCoef="1" ang="90,0,0" color="0,220,0" radius="0.5" length="4" />
		<capsule pos="24.15,-30.25,-33.349999999999994" vel="0,0,0" mass="1" elasticityCoef="1" ang="90,0,0" color="0,220,0" radius="0.5" length="4" />
		<capsule pos="24.15,-30.25,-31.049999999999994" vel="0,0,0" mass="1" elasticityCoef="1" ang="90,0,0" color="0,220,0" radius="0.5" length="4" />
		<capsule pos="24.15,-30.25,-28.749999999999993" vel="0,0,0" mass="1" elasticityCoef="1" ang="90,0,0" color="0,220,0" radius="0.5" length="4" />
		<capsule pos="24.15,-30.25,-26.449999999999996" vel="0,0,0" mass="1" elasticityCoef="1" ang="90,0,0" color="0,220,0" radius="0.5" length="4" />
		<capsule pos="24.15,-30.25,-24.149999999999995" vel="0,0,0" mass="1" elasticityCoef="1" ang="90,0,0" color="0,220,0" radius="0.5" length="4" />
		<capsule pos="24.15,-30.25,-21.849999999999994" vel="0,0,0" mass="1" elasticityCoef="1" ang="90,0,0" color="0,220,0" radius="0.5" length="4" />
		<capsule pos="24.15,-30.25,-19.549999999999997" vel="0,0,0" mass="1" elasticityCoef="1" ang="90,0,0" color="0,220,0" radius="0.5" length="4" />
		<capsule pos="24.15,-30.25,-17.249999999999996" vel="0,0,0" mass="1" elasticityCoef="1" ang="90,0,0" color="0,220,0" radius="0.5" length="4" />
		<capsule pos="24.15,-30.25,-14.949999999999996" vel="0,0,0" mass="1" elasticityCoef="1" ang="90,0,0" color="0,220,0" radius="0.5" length="4" />
		<capsule pos="24.15,-30.25,-12.649999999999995" vel="0,0,0" mass="1" elasticityCoef="1" ang="90,0,0" color="0,220,0" radius="0.5" length="4" />
		<capsule pos="24.15,-30.25,-10.349999999999994" vel="0,0,0" mass="1" elasticityCoef="1" ang="90,0,0" color="0,220,0" radius="0.5" length="4" />
		<capsule pos="24.15,-30.25,-8.049999999999997" vel="0,0,0" mass="1" elasticityCoef="1" ang="90,0,0" color="0,220,0" radius="0.5" length="4" />
		<capsule pos="24.15,-30.25,-5.7499999999999964" vel="0,0,0" mass="1" elasticityCoef="1" ang="90,0,0" color="0,220,0" radius="0.5" length="4" />
		<capsule pos="24.15,-30.25,-3.4499999999999957" vel="0,0,0" mass="1" elasticityCoef="1" ang="90,0,0" color="0,220,0" radius="0.5" length="4" />
		<capsule pos="24.15,-30.25,-1.1499999999999986" vel="0,0,0" mass="1" elasticityCoef="1" ang="90,0,0" color="0,220,0" radius="0.5" length="4" />
		<capsule pos="24.15,-30.25,1.1500000000000057" vel="0,0,0" mass="1" elasticityCoef="1" ang="90,0,0" color="0,220,0" radius="0.5" length="4" />
		<capsule pos="24.15,-30.25,3.450000000000003" vel="0,0,0" mass="1" elasticityCoef="1" ang="90,0,0" color="0,220,0" radius="0.5" length="4" />
		<capsule pos="24.15,-30.25,5.75" vel="0,0,0" mass="1" elasticityCoef="1" ang="90,0,0" color="0,220,0" radius="0.5" length="4" />
		<capsule pos="24.15,-30.25,8.050000000000004" vel="0,0,0" mass="1" elasticityCoef="1" ang="90,0,0" color="0,220,0" radius="0.5" length="4" />
		<capsule pos="24.15,-30.25,10.350000000000001" vel="0,0,0" mass="1" elasticityCoef="1" ang="90,0,0" color="0,220,0" radius="0.5" length="4" />
		<capsule pos="24.15,-30.25,12.650000000000006" vel="0,0,0" mass="1" elasticityCoef="1" ang="90,0,0" color="0,220,0" radius="0.5" length="4" />
		<capsule pos="24.15,-30.25,14.950000000000003" vel="0,0,0" mass="1" elasticityCoef="1" ang="90,0,0" color="0,220,0" radius="0.5" length="4" />
		<capsule pos="24.15,-30.25,17.25" vel="0,0,0" mass="1" elasticityCoef="1" ang="90,0,0" color="0,220,0" radius="0.5" length="4" />
		<capsule pos="24.15,-30.25,19.550000000000004" vel="0,0,0" mass="1" elasticityCoef="1" ang="90,0,0" color="0,220,0" radius="0.5" length="4" />
		<capsule pos="24.15,-30.25,21.85" vel="0,0,0" mass="1" elasticityCoef="1" ang="90,0,0" color="0,220,0" radius="0.5" length="4" />
		<capsule pos="24.15,-30.25,24.15" vel="0,0,0" mass="1" elasticityCoef="1" ang="90,0,0" color="0,220,0" radius="0.5" length="4" />
		<capsule pos="24.15,-30.25,26.450000000000003" vel="0,0,0" mass="1" elasticityCoef="1" ang="90,0,0" color="0,220,0" radius="0.5" length="4" />
		<capsule pos="24.15,-30.25,28.75" vel="0,0,0" mass="1" elasticityCoef="1" ang="90,0,0" color="0,220,0" radius="0.5" length="4" />
		<capsule pos="24.15,-30.25,31.049999999999997" vel="0,0,0" mass="1" elasticityCoef="1" ang="90,0,0" color="0,220,0" radius="0.5" length="4" />
		<capsule pos="24.15,-24.75,-33.349999999999994" vel="0,0,0" mass="1" elasticityCoef="1" ang="90,0,0" color="0,220,0" radius="0.5" length="4" />
		<capsule pos="24.15,-24.75,-31.049999999999994" vel="0,0,0" mass="1" elasticityCoef="1" ang="90,0,0" color="0,220,0" radius="0.5" length="4" />
		<capsule pos="24.15,-24.75,-28.749999999999993" vel="0,0,0" mass="1" elasticityCoef="1" ang="90,0,0" color="0,220,0" radius="0.5" length="4" />
		<capsule pos="24.15,-24.75,-26.449999999999996" vel="0,0,0" mass="1" elasticityCoef="1" ang="90,0,0" color="0,220,0" radius="0.5" length="4" />
		<capsule pos="24.15,-24.75,-24.149999999999995" vel="0,0,0" mass="1" elasticityCoef="1" ang="90,0,0" color="0,220,0" radius="0.5" length="4" />
		<capsule pos="24.15,-24.75,-21.849999999999994" vel="0,0,0" mass="1" elasticityCoef="1" ang="90,0,0" color="0,220,0" radius="0.5" length="4" />
		<capsule pos="24.15,-24.75,-19.549999999999997" vel="0,0,0" mass="1" elasticityCoef="1" ang="90,0,0" color="0,220,0" radius="0.5" length="4" />
		<capsule pos="24.15,-24.75,-17.249999999999996" vel="0,0,0" mass="1" elasticityCoef="1" ang="90,0,0" color="0,220,0" radius="0.5" length="4" />
		<capsule pos="24.15,-24.75,-14.949999999999996" vel="0,0,0" mass="1" elasticityCoef="1" ang="90,0,0" color="0,220,0" radius="0.5" length="4" />
		<capsule pos="24.15,-24.75,-12.649999999999995" vel="0,0,0" mass="1" elasticityCoef="1" ang="90,0,0" color="0,220,0" radius="0.5" length="4" />
		<capsule pos="24.15,-24.75,-10.349999999999994" vel="0,0,0" mass="1" elasticityCoef="1" ang="90,0,0" color="0,220,0" radius="0.5" length="4" />
		<capsule pos="24.15,-24.75,-8.049999999999997" vel="0,0,0" mass="1" elasticityCoef="1" ang="90,0,0" color="0,220,0" radius="0.5" length="4" />
		<capsule pos="24.15,-24.75,-5.7499999999999964" vel="0,0,0" mass="1" elasticityCoef="1" ang="90,0,0" color="0,220,0" radius="0.5" length="4" />
		<capsule pos="24.15,-24.75,-3.4499999999999957" vel="0,0,0" mass="1" elasticityCoef="1" ang="90,0,0" color="0,220,0" radius="0.5" length="4" />
		<capsule pos="24.15,-24.75,-1.1499999999999986" vel="0,0,0" mass="1" elasticityCoef="1" ang="90,0,0" color="0,220,0" radius="0.5" length="4" />
		<capsule pos="24.15,-24.75,1.1500000000000057" vel="0,0,0" mass="1" elasticityCoef="1" ang="90,0,0" color="0,220,0" radius="0.5" length="4" />
		<capsule pos="24.15,-24.75,3.450000000000003" vel="0,0,0" mass="1" elasticityCoef="1" ang="90,0,0" color="0,220,0" radius="0.5" length="4" />
		<capsule pos="24.15,-24.75,5.75" vel="0,0,0" mass="1" elasticityCoef="1" ang="90,0,0" color="0,220,0" radius="0.5" length="4" />
		<capsule pos="24.15,-24.75,8.050000000000004" vel="0,0,0" mass="1" elasticityCoef="1" ang="90,0,0" color="0,220,0" radius="0.5" length="4" />
		<capsule pos="24.15,-24.75,10.350000000000001" vel="0,0,0" mass="1" elasticityCoef="1" ang="90,0,0" color="0,220,0" radius="0.5" length="4" />
		<capsule pos="24.15,-24.75,12.650000000000006" vel="0,0,0" mass="1" elasticityCoef="1" ang="90,0,0" color="0,220,0" radius="0.5" length="4" />
		<capsule pos="24.15,-24.75,14.950000000000003" vel="0,0,0" mass="1" elasticityCoef="1" ang="90,0,0" color="0,220,0" radius="0.5" length="4" />
		<capsule pos="24.15,-24.75,17.25" vel="0,0,0" mass="1" elasticityCoef="1" ang="90,0,0" color="0,220,0" radius="0.5" length="4" />
		<capsule pos="24.15,-24.75,19.550000000000004" vel="0,0,0" mass="1" elasticityCoef="1" ang="90,0,0" color="0,220,0" radius="0.5" length="4" />
		<capsule pos="24.15,-24.75,21.85" vel="0,0,0" mass="1" elasticityCoef="1" ang="90,0,0" color="0,220,0" radius="0.5" length="4" />
		<capsule pos="24.15,-24.75,24.15" vel="0,0,0" mass="1" elasticityCoef="1" ang="90,0,0" color="0,220,0" radius="0.5" length="4" />
		<capsule pos="24.15,-24.75,26.450000000000003" vel="0,0,0" mass="1" elasticityCoef="1" ang="90,0,0" color="0,220,0" radius="0.5" length="4" />
		<capsule pos="24.15,-24.75,28.75" vel="0,0,0" mass="1" elasticityCoef="1" ang="90,0,0" color="0,220,0" radius="0.5" length="4" />
		<capsule pos="24.15,-24.75,31.049999999999997" vel="0,0,0" mass="1" elasticityCoef="1" ang="90,0,0" color="0,220,0" radius="0.5" length="4" />
		<capsule pos="24.15,-19.25,-33.349999999999994" vel="0,0,0" mass="1" elasticityCoef="1" ang="90,0,0" color="0,220,0" radius="0.5" length="4" />
		<capsule pos="24.15,-19.25,-31.049999999999994" vel="0,0,0" mass="1" elasticityCoef="1" ang="90,0,0" color="0,220,0" radius="0.5" length="4" />
		<capsule pos="24.15,-19.25,-28.749999999999993" vel="0,0,0" mass="1" elasticityCoef="1" ang="90,0,0" color="0,220,0" radius="0.5" length="4" />
		<capsule pos="24.15,-19.25,-26.449999999999996" vel="0,0,0" mass="1" elasticityCoef="1" ang="90,0,0" color="0,220,0" radius="0.5" length="4" />
		<capsule pos="24.15,-19.25,-24.149999999999995" vel="0,0,0" mass="1" elasticityCoef="1" ang="90,0,0" color="0,220,0" radius="0.5" length="4" />
		<capsule pos="24.15,-19.25,-21.849999999999994" vel="0,0,0" mass="1" elasticityCoef="1" ang="90,0,0" color="0,220,0" radius="0.5" length="4" />
		<capsule pos="24.15,-19.25,-19.549999999999997" vel="0,0,0" mass="1" elasticityCoef="1" ang="90,0,0" color="0,220,0" radius="0.5" length="4" />
		<capsule pos="24.15,-19.25,-17.249999999999996" vel="0,0,0" mass="1" elasticityCoef="1" ang="90,0,0" color="0,220,0" radius="0.5" length="4" />
		<capsule pos="24.15,-19.25,-14.949999999999996" vel="0,0,0" mass="1" elasticityCoef="1" ang="90,0,0" color="0,220,0" radius="0.5" length="4" />
		<capsule pos="24.15,-19.25,-12.649999999999995" vel="0,0,0" mass="1" elasticityCoef="1" ang="90,0,0" color="0,220,0" radius="0.5" length="4" />
		<capsule pos="24.15,-19.25,-10.349999999999994" vel="0,0,0" mass="1" elasticityCoef="1" ang="90,0,0" color="0,220,0" radius="0.5" length="4" />
		<capsule pos="24.15,-19.25,-8.049999999999997" vel="0,0,0" mass="1" elasticityCoef="1" ang="90,0,0" color="0,220,0" radius="0.5" length="4" />
		<capsule pos="24.15,-19.25,-5.7499999999999964" vel="0,0,0" mass="1" elasticityCoef="1" ang="90,0,0" color="0,220,0" radius="0.5" length="4" />
		<capsule pos="24.15,-19.25,-3.4499999999999957" vel="0,0,0" mass="1" elasticityCoef="1" ang="90,0,0" color="0,220,0" radius="0.5" length="4" />
		<capsule pos="24.15,-19.25,-1.1499999999999986" vel="0,0,0" mass="1" elasticityCoef="1" ang="90,0,0" color="0,220,0" radius="0.5" length="4" />
		<capsule pos="24.15,-19.25,1.1500000000000057" vel="0,0,0" mass="1" elasticityCoef="1" ang="90,0,0" color="0,220,0" radius="0.5" length="4" />
		<capsule pos="24.15,-19.25,3.450000000000003" vel="0,0,0" mass="1" elasticityCoef="1" ang="90,0,0" color="0,220,0" radius="0.5" length="4" />
		<capsule pos="24.15,-19.25,5.75" vel="0,0,0" mass="1" elasticityCoef="1" ang="90,0,0" color="0,220,0" radius="0.5" length="4" />
		<capsule pos="24.15,-19.25,8.050000000000004" vel="0,0,0" mass="1" elasticityCoef="1" ang="90,0,0" color="0,220,0" radius="0.5" length="4" />
		<capsule pos="24.15,-19.25,10.350000000000001" vel="0,0,0" mass="1" elasticityCoef="1" ang="90,0,0" color="0,220,0" radius="0.5" length="4" />
		<capsule pos="24.15,-19.25,12.650000000000006" vel="0,0,0" mass="1" elasticityCoef="1" ang="90,0,0" color="0,220,0" radius="0.5" length="4" />
		<capsule pos="24.15,-19.25,14.950000000000003" vel="0,0,0" mass="1" elasticityCoef="1" ang="90,0,0" color="0,220,0" radius="0.5" length="4" />
		<capsule pos="24.15,-19.25,17.25" vel="0,0,0" mass="1" elasticityCoef="1" ang="90,0,0" color="0,220,0" radius="0.5" length="4" />
		<capsule pos="24.15,-19.25,19.550000000000004" vel="0,0,0" mass="1" elasticityCoef="1" ang="90,0,0" color="0,220,0" radius="0.5" length="4" />
		<capsule pos="24.15,-19.25,21.85" vel="0,0,0" mass="1" elasticityCoef="1" ang="90,0,0" color="0,220,0" radius="0.5" length="4" />
		<capsule pos="24.15,-19.25,24.15" vel="0,0,0" mass="1" elasticityCoef="1" ang="90,0,0" color="0,220,0" radius="0.5" length="4" />
		<capsule pos="24.15,-19.25,26.450000000000003" vel="0,0,0" mass="1" elasticityCoef="1" ang="90,0,0" color="0,220,0" radius="0.5" length="4" />
		<capsule pos="24.15,-19.25,28.75" vel="0,0,0" mass="1" elasticityCoef="1" ang="90,0,0" color="0,220,0" radius="0.5" length="4" />
		<capsule pos="24.15,-19.25,31.049999999999997" vel="0,0,0" mass="1" elasticityCoef="1" ang="90,0,0" color="0,220,0" radius="0.5" length="4" />
		<capsule pos="24.15,-13.75,-33.349999999999994" vel="0,0,0" mass="1" elasticityCoef="1" ang="90,0,0" color="0,220,0" radius="0.5" length="4" />
		<capsule pos="24.15,-13.75,-31.049999999999994" vel="0,0,0" mass="1" elasticityCoef="1" ang="90,0,0" color="0,220,0" radius="0.5" length="4" />
		<capsule pos="24.15,-13.75,-28.749999999999993" vel="0,0,0" mass="1" elasticityCoef="1" ang="90,0,0" color="0,220,0" radius="0.5" length="4" />
		<capsule pos="24.15,-13.75,-26.449999999999996" vel="0,0,0" mass="1" elasticityCoef="1" ang="90,0,0" color="0,220,0" radius="0.5" length="4" />
		<capsule pos="24.15,-13.75,-24.149999999999995" vel="0,0,0" mass="1" elasticityCoef="1" ang="90,0,0" color="0,220,0" radius="0.5" length="4" />
		<capsule pos="24.15,-13.75,-21.849999999999994" vel="0,0,0" mass="1" elasticityCoef="1" ang="90,0,0" color="0,220,0" radius="0.5" length="4" />
		<capsule pos="24.15,-13.75,-19.549999999999997" vel="0,0,0" mass="1" elasticityCoef="1" ang="90,0,0" color="0,220,0" radius="0.5" length="4" />
		<capsule pos="24.15,-13.75,-17.249999999999996" vel="0,0,0" mass="1" elasticityCoef="1" ang="90,0,0" color="0,220,0" radius="0.5" length="4" />
		<capsule pos="24.15,-13.75,-14.949999999999996" vel="0,0,0" mass="1" elasticityCoef="1" ang="90,0,0" color="0,220,0" radius="0.5" length="4" />
		<capsule pos="24.15,-13.75,-12.649999999999995" vel="0,0,0" mass="1" elasticityCoef="1" ang="90,0,0" color="0,220,0" radius="0.5" length="4" />
		<capsule pos="24.15,-13.75,-10.349999999999994" vel="0,0,0" mass="1" elasticityCoef="1" ang="90,0,0" color="0,220,0" radius="0.5" length="4" />
		<capsule pos="24.15,-13.75,-8.049999999999997" vel="0,0,0" mass="1" elasticityCoef="1" ang="90,0,0" color="0,220,0" radius="0.5" length="4" />
		<capsule pos="24.15,-13.75,-5.7499999999999964" vel="0,0,0" mass="1" elasticityCoef="1" ang="90,0,0" color="0,220,0" radius="0.5" length="4" />
		<capsule pos="24.15,-13.75,-3.4499999999999957" vel="0,0,0" mass="1" elasticityCoef="1" ang="90,0,0" color="0,220,0" radius="0.5" length="4" />
		<capsule pos="24.15,-13.75,-1.1499999999999986" vel="0,0,0" mass="1" elasticityCoef="1" ang="90,0,0" color="0,220,0" radius="0.5" length="4" />
		<capsule pos="24.15,-13.75,1.1500000000000057" vel="0,0,0" mass="1" elasticityCoef="1" ang="90,0,0" color="0,220,0" radius="0.5" length="4" />
		<capsule pos="24.15,-13.75,3.450000000000003" vel="0,0,0" mass="1" elasticityCoef="1" ang="90,0,0" color="0,220,0" radius="0.5" length="4" />
		<capsule pos="24.15,-13.75,5.75" vel="0,0,0" mass="1" elasticityCoef="1" ang="90,0,0" color="0,220,0" radius="0.5" length="4" />
		<capsule pos="24.15,-13.75,8.050000000000004" vel="0,0,0" mass="1" elasticityCoef="1" ang="90,0,0" color="0,220,0" radius="0.5" length="4" />
		<capsule pos="24.15,-13.75,10.350000000000001" vel="0,0,0" mass="1" elasticityCoef="1" ang="90,0,0" color="0,220,0" radius="0.5" length="4" />
		<capsule pos="24.15,-13.75,12.650000000000006" vel="0,0,0" mass="1" elasticityCoef="1" ang="90,0,0" color="0,220,0" radius="0.5" length="4" />
		<capsule pos="24.15,-13.75,14.950000000000003" vel="0,0,0" mass="1" elasticityCoef="1" ang="90,0,0" color="0,220,0" radius="0.5" length="4" />
		<capsule pos="24.15,-13.75,17.25" vel="0,0,0" mass="1" elasticityCoef="1" ang="90,0,0" color="0,220,0" radius="0.5" length="4" />
		<capsule pos="24.15,-13.75,19.550000000000004" vel="0,0,0" mass="1" elasticityCoef="1" ang="90,0,0" color="0,220,0" radius="0.5" length="4" />
		<capsule pos="24.15,-13.75,21.85" vel="0,0,0" mass="1" elasticityCoef="1" ang="90,0,0" color="0,220,0" radius="0.5" length="4" />
		<capsule pos="24.15,-13.75,24.15" vel="0,0,0" mass="1" elasticityCoef="1" ang="90,0,0" color="0,220,0" radius="0.5" length="4" />
		<capsule pos="24.15,-13.75,26.450000000000003" vel="0,0,0" mass="1" elasticityCoef="1" ang="90,0,0" color="0,220,0" radius="0.5" length="4" />
		<capsule pos="24.15,-13.75,28.75" vel="0,0,0" mass="1" elasticityCoef="1" ang="90,0,0" color="0,220,0" radius="0.5" length="4" />
		<capsule pos="24.15,-13.75,31.049999999999997" vel="0,0,0" mass="1" elasticityCoef="1" ang="90,0,0" color="0,220,0" radius="0.5" length="4" />
		<capsule pos="24.15,-8.25,-33.349999999999994" vel="0,0,0" mass="1" elasticityCoef="1" ang="90,0,0" color="0,220,0" radius="0.5" length="4" />
		<capsule pos="24.15,-8.25,-31.049999999999994" vel="0,0,0" mass="1" elasticityCoef="1" ang="90,0,0" color="0,220,0" radius="0.5" length="4" />
		<capsule pos="24.15,-8.25,-28.749999999999993" vel="0,0,0" mass="1" elasticityCoef="1" ang="90,0,0" color="0,220,0" radius="0.5" length="4" />
		<capsule pos="24.15,-8.25,-26.449999999999996" vel="0,0,0" mass="1" elasticityCoef="1" ang="90,0,0" color="0,220,0" radius="0.5" length="4" />
		<capsule pos="24.15,-8.25,-24.149999999999995" vel="0,0,0" mass="1" elasticityCoef="1" ang="90,0,0" color="0,220,0" radius="0.5" length="4" />
		<capsule pos="24.15,-8.25,-21.849999999999994" vel="0,0,0" mass="1" elasticityCoef="1" ang="90,0,0" color="0,220,0" radius="0.5" length="4" />
		<capsule pos="24.15,-8.25,-19.549999999999997" vel="0,0,0" mass="1" elasticityCoef="1" ang="90,0,0" color="0,220,0" radius="0.5" length="4" />
		<capsule pos="24.15,-8.25,-17.249999999999996" vel="0,0,0" mass="1" elasticityCoef="1" ang="90,0,0" color="0,220,0" radius="0.5" length="4" />
		<capsule pos="24.15,-8.25,-14.949999999999996" vel="0,0,0" mass="1" elasticityCoef="1" ang="90,0,0" color="0,220,0" radius="0.5" length="4" />
		<capsule pos="24.15,-8.25,-12.649999999999995" vel="0,0,0" mass="1" elasticityCoef="1" ang="90,0,0" color="0,220,0" radius="0.5" length="4" />
		<capsule pos="24.15,-8.25,-10.349999999999994" vel="0,0,0" mass="1" elasticityCoef="1" ang="90,0,0" color="0,220,0" radius="0.5" length="4" />
		<capsule pos="24.15,-8.25,-8.049999999999997" vel="0,0,0" mass="1" elasticityCoef="1" ang="90,0,0" color="0,220,0" radius="0.5" length="4" />
		<capsule pos="24.15,-8.25,-5.7499999999999964" vel="0,0,0" mass="1" elasticityCoef="1" ang="90,0,0" color="0,220,0" radius="0.5" length="4" />
		<capsule pos="24.15,-8.25,-3.4499999999999957" vel="0,0,0" mass="1" elasticityCoef="1" ang="90,0,0" color="0,220,0" radius="0.5" length="4" />
		<capsule pos="24.15,-8.25,-1.1499999999999986" vel="0,0,0" mass="1" elasticityCoef="1" ang="90,0,0" color="0,220,0" radius="0.5" length="4" />
		<capsule pos="24.15,-8.25,1.1500000000000057" vel="0,0,0" mass="1" elasticityCoef="1" ang="90,0,0" color="0,220,0" radius="0.5" length="4" />
		<capsule pos="24.15,-8.25,3.450000000000003" vel="0,0,0" mass="1" elasticityCoef="1" ang="90,0,0" color="0,220,0" radius="0.5" length="4" />
		<capsule pos="24.15,-8.25,5.75" vel="0,0,0" mass="1" elasticityCoef="1" ang="90,0,0" color="0,220,0" radius="0.5" length="4" />
		<capsule pos="24.15,-8.25,8.050000000000004" vel="0,0,0" mass="1" elasticityCoef="1" ang="90,0,0" color="0,220,0" radius="0.5" length="4" />
		<capsule pos="24.15,-8.25,10.350000000000001" vel="0,0,0" mass="1" elasticityCoef="1" ang="90,0,0" color="0,220,0" radius="0.5" length="4" />
		<capsule pos="24.15,-8.25,12.650000000000006" vel="0,0,0" mass="1" elasticityCoef="1" ang="90,0,0" color="0,220,0" radius="0.5" length="4" />
		<capsule pos="24.15,-8.25,14.950000000000003" vel="0,0,0" mass="1" elasticityCoef="1" ang="90,0,0" color="0,220,0" radius="0.5" length="4" />
		<capsule pos="24.15,-8.25,17.25" vel="0,0,0" mass="1" elasticityCoef="1" ang="90,0,0" color="0,220,0" radius="0.5" length="4" />
		<capsule pos="24.15,-8.25,19.550000000000004" vel="0,0,0" mass="1" elasticityCoef="1" ang="90,0,0" color="0,220,0" radius="0.5" length="4" />
		<capsule pos="24.15,-8.25,21.85" vel="0,0,0" mass="1" elasticityCoef="1" ang="90,0,0" color="0,220,0" radius="0.5" length="4" />
		<capsule pos="24.15,-8.25,24.15" vel="0,0,0" mass="1" elasticityCoef="1" ang="90,0,0" color="0,220,0" radius="0.5" length="4" />
		<capsule pos="24.15,-8.25,26.450000000000003" vel="0,0,0" mass="1" elasticityCoef="1" ang="90,0,0" color="0,220,0" radius="0.5" length="4" />
		<capsule pos="24.15,-8.25,28.75" vel="0,0,0" mass="1" elasticityCoef="1" ang="90,0,0" color="0,220,0" radius="0.5" length="4" />
		<capsule pos="24.15,-8.25,31.049999999999997" vel="0,0,0" mass="1" elasticityCoef="1" ang="90,0,0" color="0,220,0" radius="0.5" length="4" />
		<capsule pos="24.15,-2.75,-33.349999999999994" vel="0,0,0" mass="1" elasticityCoef="1" ang="90,0,0" color="0,220,0" radius="0.5" length="4" />
		<capsule pos="24.15,-2.75,-31.049999999999994" vel="0,0,0" mass="1" elasticityCoef="1" ang="90,0,0" color="0,220,0" radius="0.5" length="4" />
		<capsule pos="24.15,-2.75,-28.749999999999993" vel="0,0,0" mass="1" elasticityCoef="1" ang="90,0,0" color="0,220,0" radius="0.5" length="4" />
		<capsule pos="24.15,-2.75,-26.449999999999996" vel="0,0,0" mass="1" elasticityCoef="1" ang="90,0,0" color="0,220,0" radius="0.5" length="4" />
		<capsule pos="24.15,-2.75,-24.149999999999995" vel="0,0,0" mass="1" elasticityCoef="1" ang="90,0,0" color="0,220,0" radius="0.5" length="4" />
		<capsule pos="24.15,-2.75,-21.849999999999994" vel="0,0,0" mass="1" elasticityCoef="1" ang="90,0,0" color="0,220,0" radius="0.5" length="4" />
		<capsule pos="24.15,-2.75,-19.549999999999997" vel="0,0,0" mass="1" elasticityCoef="1" ang="90,0,0" color="0,220,0" radius="0.5" length="4" />
		<capsule pos="24.15,-2.75,-17.249999999999996" vel="0,0,0" mass="1" elasticityCoef="1" ang="90,0,0" color="0,220,0" radius="0.5" length="4" />
		<capsule pos="24.15,-2.75,-14.949999999999996" vel="0,0,0" mass="1" elasticityCoef="1" ang="90,0,0" color="0,220,0" radius="0.5" length="4" />
		<capsule pos="24.15,-2.75,-12.649999999999995" vel="0,0,0" mass="1" elasticityCoef="1" ang="90,0,0" color="0,220,0" radius="0.5" length="4" />
		<capsule pos="24.15,-2.75,-10.349999999999994" vel="0,0,0" mass="1" elasticityCoef="1" ang="90,0,0" color="0,220,0" radius="0.5" length="4" />
		<capsule pos="24.15,-2.75,-8.049999999999997" vel="0,0,0" mass="1" elasticityCoef="1" ang="90,0,0" color="0,220,0" radius="0.5" length="4" />
		<capsule pos="24.15,-2.75,-5.7499999999999964" vel="0,0,0" mass="1" elasticityCoef="1" ang="90,0,0" color="0,220,0" radius="0.5" length="4" />
		<capsule pos="24.15,-2.75,-3.4499999999999957" vel="0,0,0" mass="1" elasticityCoef="1" ang="90,0,0" color="0,220,0" radius="0.5" length="4" />
		<capsule pos="24.15,-2.75,-1.1499999999999986" vel="0,0,0" mass="1" elasticityCoef="1" ang="90,0,0" color="0,220,0" radius="0.5" length="4" />
		<capsule pos="24.15,-2.75,1.1500000000000057" vel="0,0,0" mass="1" elasticityCoef="1" ang="90,0,0" color="0,220,0" radius="0.5" length="4" />
		<capsule pos="24.15,-2.75,3.450000000000003" vel="0,0,0" mass="1" elasticityCoef="1" ang="90,0,0" color="0,220,0" radius="0.5" length="4" />
		<capsule pos="24.15,-2.75,5.75" vel="0,0,0" mass="1" elasticityCoef="1" ang="90,0,0" color="0,220,0" radius="0.5" length="4" />
		<capsule pos="24.15,-2.75,8.050000000000004" vel="0,0,0" mass="1" elasticityCoef="1" ang="90,0,0" color="0,220,0" radius="0.5" length="4" />
		<capsule pos="24.15,-2.75,10.350000000000001" vel="0,0,0" mass="1" elasticityCoef="1" ang="90,0,0" color="0,220,0" radius="0.5" length="4" />
		<capsule pos="24.15,-2.75,12.650000000000006" vel="0,0,0" mass="1" elasticityCoef="1" ang="90,0,0" color="0,220,0" radius="0.5" length="4" />
		<capsule pos="24.15,-2.75,14.950000000000003" vel="0,0,0" mass="1" elasticityCoef="1" ang="90,0,0" color="0,220,0" radius="0.5" length="4" />
		<capsule pos="24.15,-2.75,17.25" vel="0,0,0" mass="1" elasticityCoef="1" ang="90,0,0" color="0,220,0" radius="0.5" length="4" />
		<capsule pos="24.15,-2.75,19.550000000000004" vel="0,0,0" mass="1" elasticityCoef="1" ang="90,0,0" color="0,220,0" radius="0.5" length="4" />
		<capsule pos="24.15,-2.75,21.85" vel="0,0,0" mass="1" elasticityCoef="1" ang="90,0,0" color="0,220,0" radius="0.5" length="4" />
		<capsule pos="24.15,-2.75,24.15" vel="0,0,0" mass="1" elasticityCoef="1" ang="90,0,0" color="0,220,0" radius="0.5" length="4" />
		<capsule pos="24.15,-2.75,26.450000000000003" vel="0,0,0" mass="1" elasticityCoef="1" ang="90,0,0" color="0,220,0" radius="0.5" length="4" />
		<capsule pos="24.15,-2.75,28.75" vel="0,0,0" mass="1" elasticityCoef="1" ang="90,0,0" color="0,220,0" radius="0.5" length="4" />
		<capsule pos="24.15,-2.75,31.049999999999997" vel="0,0,0" mass="1" elasticityCoef="1" ang="90,0,0" color="0,220,0" radius="0.5" length="4" />
		<capsule pos="24.15,2.75,-33.349999999999994" vel="0,0,0" mass="1" elasticityCoef="1" ang="90,0,0" color="0,220,0" radius="0.5" length="4" />
		<capsule pos="24.15,2.75,-31.049999999999994" vel="0,0,0" mass="1" elasticityCoef="1" ang="90,0,0" color="0,220,0" radius="0.5" length="4" />
		<capsule pos="24.15,2.75,-28.749999999999993" vel="0,0,0" mass="1" elasticityCoef="1" ang="90,0,0" color="0,220,0" radius="0.5" length="4" />
		<capsule pos="24.15,2.75,-26.449999999999996" vel="0,0,0" mass="1" elasticityCoef="1" ang="90,0,0" color="0,220,0" radius="0.5" length="4" />
		<capsule pos="24.15,2.75,-24.149999999999995" vel="0,0,0" mass="1" elasticityCoef="1" ang="90,0,0" color="0,220,0" radius="0.5" length="4" />
		<capsule pos="24.15,2.75,-21.849999999999994" vel="0,0,0" mass="1" elasticityCoef="1" ang="90,0,0" color="0,220,0" radius="0.5" length="4" />
		<capsule pos="24.15,2.75,-19.549999999999997" vel="0,0,0" mass="1" elasticityCoef="1" ang="90,0,0" color="0,220,0" radius="0.5" length="4" />
		<capsule pos="24.15,2.75,-17.249999999999996" vel="0,0,0" mass="1" elasticityCoef="1" ang="90,0,0" color="0,220,0" radius="0.5" length="4" />
		<capsule pos="24.15,2.75,-14.949999999999996" vel="0,0,0" mass="1" elasticityCoef="1" ang="90,0,0" color="0,220,0" radius="0.5" length="4" />
		<capsule pos="24.15,2.75,-12.649999999999995" vel="0,0,0" mass="1" elasticityCoef="1" ang="90,0,0" color="0,220,0" radius="0.5" length="4" />
		<capsule pos="24.15,2.75,-10.349999999999994" vel="0,0,0" mass="1" elasticityCoef="1" ang="90,0,0" color="0,220,0" radius="0.5" length="4" />
		<capsule pos="24.15,2.75,-8.049999999999997" vel="0,0,0" mass="1" elasticityCoef="1" ang="90,0,0" color="0,220,0" radius="0.5" length="4" />
		<capsule pos="24.15,2.75,-5.7499999999999964" vel="0,0,0" mass="1" elasticityCoef="1" ang="90,0,0" color="0,220,0" radius="0.5" length="4" />
		<capsule pos="24.15,2.75,-3.4499999999999957" vel="0,0,0" mass="1" elasticityCoef="1" ang="90,0,0" color="0,220,0" radius="0.5" length="4" />
		<capsule pos="24.15,2.75,-1.1499999999999986" vel="0,0,0" mass="1" elasticityCoef="1" ang="90,0,0" color="0,220,0" radius="0.5" length="4" />
		<capsule pos="24.15,2.75,1.1500000000000057" vel="0,0,0" mass="1" elasticityCoef="1" ang="90,0,0" color="0,220,0" radius="0.5" length="4" />
		<capsule pos="24.15,2.75,3.450000000000003" vel="0,0,0" mass="1" elasticityCoef="1" ang="90,0,0" color="0,220,0" radius="0.5" length="4" />
		<capsule pos="24.15,2.75,5.75" vel="0,0,0" mass="1" elasticityCoef="1" ang="90,0,0" color="0,220,0" radius="0.5" length="4" />
		<capsule pos="24.15,2.75,8.050000000000004" vel="0,0,0" mass="1" elasticityCoef="1" ang="90,0,0" color="0,220,0" radius="0.5" length="4" />
		<capsule pos="24.15,2.75,10.350000000000001" vel="0,0,0" mass="1" elasticityCoef="1" ang="90,0,0" color="0,220,0" radius="0.5" length="4" />
		<capsule pos="24.15,2.75,12.650000000000006" vel="0,0,0" mass="1" elasticityCoef="1" ang="90,0,0" color="0,220,0" radius="0.5" length="4" />
		<capsule pos="24.15,2.75,14.950000000000003" vel="0,0,0" mass="1" elasticityCoef="1" ang="90,0,0" color="0,220,0" radius="0.5" length="4" />
		<capsule pos="24.15,2.75,17.25" vel="0,0,0" mass="1" elasticityCoef="1" ang="90,0,0" color="0,220,0" radius="0.5" length="4" />
		<capsule pos="24.15,2.75,19.550000000000004" vel="0,0,0" mass="1" elasticityCoef="1" ang="90,0,0" color="0,220,0" radius="0.5" length="4" />
		<capsule pos="24.15,2.75,21.85" vel="0,0,0" mass="1" elasticityCoef="1" ang="90,0,0" color="0,220,0" radius="0.5" length="4" />
		<capsule pos="24.15,2.75,24.15" vel="0,0,0" mass="1" elasticityCoef="1" ang="90,0,0" color="0,220,0" radius="0.5" length="4" />
		<capsule pos="24.15,2.75,26.450000000000003" vel="0,0,0" mass="1" elasticityCoef="1" ang="90,0,0" color="0,220,0" radius="0.5" length="4" />
		<capsule pos="24.15,2.75,28.75" vel="0,0,0" mass="1" elasticityCoef="1" ang="90,0,0" color="0,220,0" radius="0.5" length="4" />
		<capsule pos="24.15,2.75,31.049999999999997" vel="0,0,0" mass="1" elasticityCoef="1" ang="90,0,0" color="0,220,0" radius="0.5" length="4" />
		<capsule pos="24.15,8.25,-33.349999999999994" vel="0,0,0" mass="1" elasticityCoef="1" ang="90,0,0" color="0,220,0" radius="0.5" length="4" />
		<capsule pos="24.15,8.25,-31.049999999999994" vel="0,0,0" mass="1" elasticityCoef="1" ang="90,0,0" color="0,220,0" radius="0.5" length="4" />
		<capsule pos="24.15,8.25,-28.749999999999993" vel="0,0,0" mass="1" elasticityCoef="1" ang="90,0,0" color="0,220,0" radius="0.5" length="4" />
		<capsule pos="24.15,8.25,-26.449999999999996" vel="0,0,0" mass="1" elasticityCoef="1" ang="90,0,0" color="0,220,0" radius="0.5" length="4" />
		<capsule pos="24.15,8.25,-24.149999999999995" vel="0,0,0" mass="1" elasticityCoef="1" ang="90,0,0" color="0,220,0" radius="0.5" length="4" />
		<capsule pos="24.15,8.25,-21.849999999999994" vel="0,0,0" mass="1" elasticityCoef="1" ang="90,0,0" color="0,220,0" radius="0.5" length="4" />
		<capsule pos="24.15,8.25,-19.549999999999997" vel="0,0,0" mass="1" elasticityCoef="1" ang="90,0,0" color="0,220,0" radius="0.5" length="4" />
		<capsule pos="24.15,8.25,-17.249999999999996" vel="0,0,0" mass="1" elasticityCoef="1" ang="90,0,0" color="0,220,0" radius="0.5" length="4" />
		<capsule pos="24.15,8.25,-14.949999999999996" vel="0,0,0" mass="1" elasticityCoef="1" ang="90,0,0" color="0,220,0" radius="0.5" length="4" />
		<capsule pos="24.15,8.25,-12.649999999999995" vel="0,0,0" mass="1" elasticityCoef="1" ang="90,0,0" color="0,220,0" radius="0.5" length="4" />
		<capsule pos="24.15,8.25,-10.349999999999994" vel="0,0,0" mass="1" elasticityCoef="1" ang="90,0,0" color="0,220,0" radius="0.5" length="4" />
		<capsule pos="24.15,8.25,-8.049999999999997" vel="0,0,0" mass="1" elasticityCoef="1" ang="90,0,0" color="0,220,0" radius="0.5" length="4" />
		<capsule pos="24.15,8.25,-5.7499999999999964" vel="0,0,0" mass="1" elasticityCoef="1" ang="90,0,0" color="0,220,0" radius="0.5" length="4" />
		<capsule pos="24.15,8.25,-3.4499999999999957" vel="0,0,0" mass="1" elasticityCoef="1" ang="90,0,0" color="0,220,0" radius="0.5" length="4" />
		<capsule pos="24.15,8.25,-1.1499999999999986" vel="0,0,0" mass="1" elasticityCoef="1" ang="90,0,0" color="0,220,0" radius="0.5" length="4" />
		<capsule pos="24.15,8.25,1.1500000000000057" vel="0,0,0" mass="1" elasticityCoef="1" ang="90,0,0" color="0,220,0" radius="0.5" length="4" />
		<capsule pos="24.15,8.25,3.450000000000003" vel="0,0,0" mass="1" elasticityCoef="1" ang="90,0,0" color="0,220,0" radius="0.5" length="4" />
		<capsule pos="24.15,8.25,5.75" vel="0,0,0" mass="1" elasticityCoef="1" ang="90,0,0" color="0,220,0" radius="0.5" length="4" />
		<capsule pos="24.15,8.25,8.050000000000004" vel="0,0,0" mass="1" elasticityCoef="1" ang="90,0,0" color="0,220,0" radius="0.5" length="4" />
		<capsule pos="24.15,8.25,10.350000000000001" vel="0,0,0" mass="1" elasticityCoef="1" ang="90,0,0" color="0,220,0" radius="0.5" length="4" />
		<capsule pos="24.15,8.25,12.650000000000006" vel="0,0,0" mass="1" elasticityCoef="1" ang="90,0,0" color="0,220,0" radius="0.5" length="4" />
		<capsule pos="24.15,8.25,14.950000000000003" vel="0,0,0" mass="1" elasticityCoef="1" ang="90,0,0" color="0,220,0" radius="0.5" length="4" />
		<capsule pos="24.15,8.25,17.25" vel="0,0,0" mass="1" elasticityCoef="1" ang="90,0,0" color="0,220,0" radius="0.5" length="4" />
		<capsule pos="24.15,8.25,19.550000000000004" vel="0,0,0" mass="1" elasticityCoef="1" ang="90,0,0" color="0,220,0" radius="0.5" length="4" />
		<capsule pos="24.15,8.25,21.85" vel="0,0,0" mass="1" elasticityCoef="1" ang="90,0,0" color="0,220,0" radius="0.5" length="4" />
		<capsule pos="24.15,8.25,24.15" vel="0,0,0" mass="1" elasticityCoef="1" ang="90,0,0" color="0,220,0" radius="0.5" length="4" />
		<capsule pos="24.15,8.25,26.450000000000003" vel="0,0,0" mass="1" elasticityCoef="1" ang="90,0,0" color="0,220,0" radius="0.5" length="4" />
		<capsule pos="24.15,8.25,28.75" vel="0,0,0" mass="1" elasticityCoef="1" ang="90,0,0" color="0,220,0" radius="0.5" length="4" />
		<capsule pos="24.15,8.25,31.049999999999997" vel="0,0,0" mass="1" elasticityCoef="1" ang="90,0,0" color="0,220,0" radius="0.5" length="4" />
		<capsule pos="24.15,13.75,-33.349999999999994" vel="0,0,0" mass="1" elasticityCoef="1" ang="90,0,0" color="0,220,0" radius="0.5" length="4" />
		<capsule pos="24.15,13.75,-31.049999999999994" vel="0,0,0" mass="1" elasticityCoef="1" ang="90,0,0" color="0,220,0" radius="0.5" length="4" />
		<capsule pos="24.15,13.75,-28.749999999999993" vel="0,0,0" mass="1" elasticityCoef="1" ang="90,0,0" color="0,220,0" radius="0.5" length="4" />
		<capsule pos="24.15,13.75,-26.449999999999996" vel="0,0,0" mass="1" elasticityCoef="1" ang="90,0,0" color="0,220,0" radius="0.5" length="4" />
		<capsule pos="24.15,13.75,-24.149999999999995" vel="0,0,0" mass="1" elasticityCoef="1" ang="90,0,0" color="0,220,0" radius="0.5" length="4" />
		<capsule pos="24.15,13.75,-21.849999999999994" vel="0,0,0" mass="1" elasticityCoef="1" ang="90,0,0" color="0,220,0" radius="0.5" length="4" />
		<capsule pos="24.15,13.75,-19.549999999999997" vel="0,0,0" mass="1" elasticityCoef="1" ang="90,0,0" color="0,220,0" radius="0.5" length="4" />
		<capsule pos="24.15,13.75,-17.249999999999996" vel="0,0,0" mass="1" elasticityCoef="1" ang="90,0,0" color="0,220,0" radius="0.5" length="4" />
		<capsule pos="24.15,13.75,-14.949999999999996" vel="0,0,0" mass="1" elasticityCoef="1" ang="90,0,0" color="0,220,0" radius="0.5" length="4" />
		<capsule pos="24.15,13.75,-12.649999999999995" vel="0,0,0" mass="1" elasticityCoef="1" ang="90,0,0" color="0,220,0" radius="0.5" length="4" />
		<capsule pos="24.15,13.75,-10.349999999999994" vel="0,0,0" mass="1" elasticityCoef="1" ang="90,0,0" color="0,220,0" radius="0.5" length="4" />
		<capsule pos="24.15,13.75,-8.049999999999997" vel="0,0,0" mass="1" elasticityCoef="1" ang="90,0,0" color="0,220,0" radius="0.5" length="4" />
		<capsule pos="24.15,13.75,-5.7499999999999964" vel="0,0,0" mass="1" elasticityCoef="1" ang="90,0,0" color="0,220,0" radius="0.5" length="4" />
		<capsule pos="24.15,13.75,-3.4499999999999957" vel="0,0,0" mass="1" elasticityCoef="1" ang="90,0,0" color="0,220,0" radius="0.5" length="4" />
		<capsule pos="24.15,13.75,-1.1499999999999986" vel="0,0,0" mass="1" elasticityCoef="1" ang="90,0,0" color="0,220,0" radius="0.5" length="4" />
		<capsule pos="24.15,13.75,1.1500000000000057" vel="0,0,0" mass="1" elasticityCoef="1" ang="90,0,0" color="0,220,0" radius="0.5" length="4" />
		<capsule pos="24.15,13.75,3.450000000000003" vel="0,0,0" mass="1" elasticityCoef="1" ang="90,0,0" color="0,220,0" radius="0.5" length="4" />
		<capsule pos="24.15,13.75,5.75" vel="0,0,0" mass="1" elasticityCoef="1" ang="90,0,0" color="0,220,0" radius="0.5" length="4" />
		<capsule pos="24.15,13.75,8.050000000000004" vel="0,0,0" mass="1" elasticityCoef="1" ang="90,0,0" color="0,220,0" radius="0.5" length="4" />
		<capsule pos="24.15,13.75,10.350000000000001" vel="0,0,0" mass="1" elasticityCoef="1" ang="90,0,0" color="0,220,0" radius="0.5" length="4" />
		<capsule pos="24.15,13.75,12.650000000000006" vel="0,0,0" mass="1" elasticityCoef="1" ang="90,0,0" color="0,220,0" radius="0.5" length="4" />
		<capsule pos="24.15,13.75,14.950000000000003" vel="0,0,0" mass="1" elasticityCoef="1" ang="90,0,0" color="0,220,0" radius="0.5" length="4" />
		<capsule pos="24.15,13.75,17.25" vel="0,0,0" mass="1" elasticityCoef="1" ang="90,0,0" color="0,220,0" radius="0.5" length="4" />
		<capsule pos="24.15,13.75,19.550000000000004" vel="0,0,0" mass="1" elasticityCoef="1" ang="90,0,0" color="0,220,0" radius="0.5" length="4" />
		<capsule pos="24.15,13.75,21.85" vel="0,0,0" mass="1" elasticityCoef="1" ang="90,0,0" color="0,220,0" radius="0.5" length="4" />
		<capsule pos="24.15,13.75,24.15" vel="0,0,0" mass="1" elasticityCoef="1" ang="90,0,0" color="0,220,0" radius="0.5" length="4" />
		<capsule pos="24.15,13.75,26.450000000000003" vel="0,0,0" mass="1" elasticityCoef="1" ang="90,0,0" color="0,220,0" radius="0.5" length="4" />
		<capsule pos="24.15,13.75,28.75" vel="0,0,0" mass="1" elasticityCoef="1" ang="90,0,0" color="0,220,0" radius="0.5" length="4" />
		<capsule pos="24.15,13.75,31.049999999999997" vel="0,0,0" mass="1" elasticityCoef="1" ang="90,0,0" color="0,220,0" radius="0.5" length="4" />
		<capsule pos="24.15,19.25,-33.349999999999994" vel="0,0,0" mass="1" elasticityCoef="1" ang="90,0,0" color="0,220,0" radius="0.5" length="4" />
		<capsule pos="24.15,19.25,-31.049999999999994" vel="0,0,0" mass="1" elasticityCoef="1" ang="90,0,0" color="0,220,0" radius="0.5" length="4" />
		<capsule pos="24.15,19.25,-28.749999999999993" vel="0,0,0" mass="1" elasticityCoef="1" ang="90,0,0" color="0,220,0" radius="0.5" length="4" />
		<capsule pos="24.15,19.25,-26.449999999999996" vel="0,0,0" mass="1" elasticityCoef="1" ang="90,0,0" color="0,220,0" radius="0.5" length="4" />
		<capsule pos="24.15,19.25,-24.149999999999995" vel="0,0,0" mass="1" elasticityCoef="1" ang="90,0,0" color="0,220,0" radius="0.5" length="4" />
		<capsule pos="24.15,19.25,-21.849999999999994" vel="0,0,0" mass="1" elasticityCoef="1" ang="90,0,0" color="0,220,0" radius="0.5" length="4" />
		<capsule pos="24.15,19.25,-19.549999999999997" vel="0,0,0" mass="1" elasticityCoef="1" ang="90,0,0" color="0,220,0" radius="0.5" length="4" />
		<capsule pos="24.15,19.25,-17.249999999999996" vel="0,0,0" mass="1" elasticityCoef="1" ang="90,0,0" color="0,220,0" radius="0.5" length="4" />
		<capsule pos="24.15,19.25,-14.949999999999996" vel="0,0,0" mass="1" elasticityCoef="1" ang="90,0,0" color="0,220,0" radius="0.5" length="4" />
		<capsule pos="24.15,19.25,-12.649999999999995" vel="0,0,0" mass="1" elasticityCoef="1" ang="90,0,0" color="0,220,0" radius="0.5" length="4" />
		<capsule pos="24.15,19.25,-10.349999999999994" vel="0,0,0" mass="1" elasticityCoef="1" ang="90,0,0" color="0,220,0" radius="0.5" length="4" />
		<capsule pos="24.15,19.25,-8.049999999999997" vel="0,0,0" mass="1" elasticityCoef="1" ang="90,0,0" color="0,220,0" radius="0.5" length="4" />
		<capsule pos="24.15,19.25,-5.7499999999999964" vel="0,0,0" mass="1" elasticityCoef="1" ang="90,0,0" color="0,220,0" radius="0.5" length="4" />
		<capsule pos="24.15,19.25,-3.4499999999999957" vel="0,0,0" mass="1" elasticityCoef="1" ang="90,0,0" color="0,220,0" radius="0.5" length="4" />
		<capsule pos="24.15,19.25,-1.1499999999999986" vel="0,0,0" mass="1" elasticityCoef="1" ang="90,0,0" color="0,220,0" radius="0.5" length="4" />
		<capsule pos="24.15,19.25,1.1500000000000057" vel="0,0,0" mass="1" elasticityCoef="1" ang="90,0,0" color="0,220,0" radius="0.5" length="4" />
		<capsule pos="24.15,19.25,3.450000000000003" vel="0,0,0" mass="1" elasticityCoef="1" ang="90,0,0" color="0,220,0" radius="0.5" length="4" />
		<capsule pos="24.15,19.25,5.75" vel="0,0,0" mass="1" elasticityCoef="1" ang="90,0,0" color="0,220,0" radius="0.5" length="4" />
		<capsule pos="24.15,19.25,8.050000000000004" vel="0,0,0" mass="1" elasticityCoef="1" ang="90,0,0" color="0,220,0" radius="0.5" length="4" />
		<capsule pos="24.15,19.25,10.350000000000001" vel="0,0,0" mass="1" elasticityCoef="1" ang="90,0,0" color="0,220,0" radius="0.5" length="4" />
		<capsule pos="24.15,19.25,12.650000000000006" vel="0,0,0" mass="1" elasticityCoef="1" ang="90,0,0" color="0,220,0" radius="0.5" length="4" />
		<capsule pos="24.15,19.25,14.950000000000003" vel="0,0,0" mass="1" elasticityCoef="1" ang="90,0,0" color="0,220,0" radius="0.5" length="4" />
		<capsule pos="24.15,19.25,17.25" vel="0,0,0" mass="1" elasticityCoef="1" ang="90,0,0" color="0,220,0" radius="0.5" length="4" />
		<capsule pos="24.15,19.25,19.550000000000004" vel="0,0,0" mass="1" elasticityCoef="1" ang="90,0,0" color="0,220,0" radius="0.5" length="4" />
		<capsule pos="24.15,19.25,21.85" vel="0,0,0" mass="1" elasticityCoef="1" ang="90,0,0" color="0,220,0" radius="0.5" length="4" />
		<capsule pos="24.15,19.25,24.15" vel="0,0,0" mass="1" elasticityCoef="1" ang="90,0,0" color="0,220,0" radius="0.5" length="4" />
		<capsule pos="24.15,19.25,26.450000000000003" vel="0,0,0" mass="1" elasticityCoef="1" ang="90,0,0" color="0,220,0" radius="0.5" length="4" />
		<capsule pos="24.15,19.25,28.75" vel="0,0,0" mass="1" elasticityCoef="1" ang="90,0,0" color="0,220,0" radius="0.5" length="4" />
		<capsule pos="24.15,19.25,31.049999999999997" vel="0,0,0" mass="1" elasticityCoef="1" ang="90,0,0" color="0,220,0" radius="0.5" length="4" />
		<capsule pos="24.15,24.75,-33.349999999999994" vel="0,0,0" mass="1" elasticityCoef="1" ang="90,0,0" color="0,220,0" radius="0.5" length="4" />
		<capsule pos="24.15,24.75,-31.049999999999994" vel="0,0,0" mass="1" elasticityCoef="1" ang="90,0,0" color="0,220,0" radius="0.5" length="4" />
		<capsule pos="24.15,24.75,-28.749999999999993" vel="0,0,0" mass="1" elasticityCoef="1" ang="90,0,0" color="0,220,0" radius="0.5" length="4" />
		<capsule pos="24.15,24.75,-26.449999999999996" vel="0,0,0" mass="1" elasticityCoef="1" ang="90,0,0" color="0,220,0" radius="0.5" length="4" />
		<capsule pos="24.15,24.75,-24.149999999999995" vel="0,0,0" mass="1" elasticityCoef="1" ang="90,0,0" color="0,220,0" radius="0.5" length="4" />
		<capsule pos="24.15,24.75,-21.849999999999994" vel="0,0,0" mass="1" elasticityCoef="1" ang="90,0,0" color="0,220,0" radius="0.5" length="4" />
		<capsule pos="24.15,24.75,-19.549999999999997" vel="0,0,0" mass="1" elasticityCoef="1" ang="90,0,0" color="0,220,0" radius="0.5" length="4" />
		<capsule pos="24.15,24.75,-17.249999999999996" vel="0,0,0" mass="1" elasticityCoef="1" ang="90,0,0" color="0,220,0" radius="0.5" length="4" />
		<capsule pos="24.15,24.75,-14.949999999999996" vel="0,0,0" mass="1" elasticityCoef="1" ang="90,0,0" color="0,220,0" radius="0.5" length="4" />
		<capsule pos="24.15,24.75,-12.649999999999995" vel="0,0,0" mass="1" elasticityCoef="1" ang="90,0,0" color="0,220,0" radius="0.5" length="4" />
		<capsule pos="24.15,24.75,-10.349999999999994" vel="0,0,0" mass="1" elasticityCoef="1" ang="90,0,0" color="0,220,0" radius="0.5" length="4" />
		<capsule pos="24.15,24.75,-8.049999999999997" vel="0,0,0" mass="1" elasticityCoef="1" ang="90,0,0" color="0,220,0" radius="0.5" length="4" />
		<capsule pos="24.15,24.75,-5.7499999999999964" vel="0,0,0" mass="1" elasticityCoef="1" ang="90,0,0" color="0,220,0" radius="0.5" length="4" />
		<capsule pos="24.15,24.75,-3.4499999999999957" vel="0,0,0" mass="1" elasticityCoef="1" ang="90,0,0" color="0,220,0" radius="0.5" length="4" />
		<capsule pos="24.15,24.75,-1.1499999999999986" vel="0,0,0" mass="1" elasticityCoef="1" ang="90,0,0" color="0,220,0" radius="0.5" length="4" />
		<capsule pos="24.15,24.75,1.1500000000000057" vel="0,0,0" mass="1" elasticityCoef="1" ang="90,0,0" color="0,220,0" radius="0.5" length="4" />
		<capsule pos="24.15,24.75,3.450000000000003" vel="0,0,0" mass="1" elasticityCoef="1" ang="90,0,0" color="0,220,0" radius="0.5" length="4" />
		<capsule pos="24.15,24.75,5.75" vel="0,0,0" mass="1" elasticityCoef="1" ang="90,0,0" color="0,220,0" radius="0.5" length="4" />
		<capsule pos="24.15,24.75,8.050000000000004" vel="0,0,0" mass="1" elasticityCoef="1" ang="90,0,0" color="0,220,0" radius="0.5" length="4" />
		<capsule pos="24.15,24.75,10.350000000000001" vel="0,0,0" mass="1" elasticityCoef="1" ang="90,0,0" color="0,220,0" radius="0.5" length="4" />
		<capsule pos="24.15,24.75,12.650000000000006" vel="0,0,0" mass="1" elasticityCoef="1" ang="90,0,0" color="0,220,0" radius="0.5" length="4" />
		<capsule pos="24.15,24.75,14.950000000000003" vel="0,0,0" mass="1" elasticityCoef="1" ang="90,0,0" color="0,220,0" radius="0.5" length="4" />
		<capsule pos="24.15,24.75,17.25" vel="0,0,0" mass="1" elasticityCoef="1" ang="90,0,0" color="0,220,0" radius="0.5" length="4" />
		<capsule pos="24.15,24.75,19.550000000000004" vel="0,0,0" mass="1" elasticityCoef="1" ang="90,0,0" color="0,220,0" radius="0.5" length="4" />
		<capsule pos="24.15,24.75,21.85" vel="0,0,0" mass="1" elasticityCoef="1" ang="90,0,0" color="0,220,0" radius="0.5" length="4" />
		<capsule pos="24.15,24.75,24.15" vel="0,0,0" mass="1" elasticityCoef="1" ang="90,0,0" color="0,220,0" radius="0.5" length="4" />
		<capsule pos="24.15,24.75,26.450000000000003" vel="0,0,0" mass="1" elasticityCoef="1" ang="90,0,0" color="0,220,0" radius="0.5" length="4" />
		<capsule pos="24.15,24.75,28.75" vel="0,0,0" mass="1" elasticityCoef="1" ang="90,0,0" color="0,220,0" radius="0.5" length="4" />
		<capsule pos="24.15,24.75,31.049999999999997" vel="0,0,0" mass="1" elasticityCoef="1" ang="90,0,0" color="0,220,0" radius="0.5" length="4" />
		<capsule pos="24.15,30.25,-33.349999999999994" vel="0,0,0" mass="1" elasticityCoef="1" ang="90,0,0" color="0,220,0" radius="0.5" length="4" />
		<capsule pos="24.15,30.25,-31.049999999999994" vel="0,0,0" mass="1" elasticityCoef="1" ang="90,0,0" color="0,220,0" radius="0.5" length="4" />
		<capsule pos="24.15,30.25,-28.749999999999993" vel="0,0,0" mass="1" elasticityCoef="1" ang="90,0,0" color="0,220,0" radius="0.5" length="4" />
		<capsule pos="24.15,30.25,-26.449999999999996" vel="0,0,0" mass="1" elasticityCoef="1" ang="90,0,0" color="0,220,0" radius="0.5" length="4" />
		<capsule pos="24.15,30.25,-24.149999999999995" vel="0,0,0" mass="1" elasticityCoef="1" ang="90,0,0" color="0,220,0" radius="0.5" length="4" />
		<capsule pos="24.15,30.25,-21.849999999999994" vel="0,0,0" mass="1" elasticityCoef="1" ang="90,0,0" color="0,220,0" radius="0.5" length="4" />
		<capsule pos="24.15,30.25,-19.549999999999997" vel="0,0,0" mass="1" elasticityCoef="1" ang="90,0,0" color="0,220,0" radius="0.5" length="4" />
		<capsule pos="24.15,30.25,-17.249999999999996" vel="0,0,0" mass="1" elasticityCoef="1" ang="90,0,0" color="0,220,0" radius="0.5" length="4" />
		<capsule pos="24.15,30.25,-14.949999999999996" vel="0,0,0" mass="1" elasticityCoef="1" ang="90,0,0" color="0,220,0" radius="0.5" length="4" />
		<capsule pos="24.15,30.25,-12.649999999999995" vel="0,0,0" mass="1" elasticityCoef="1" ang="90,0,0" color="0,220,0" radius="0.5" length="4" />
		<capsule pos="24.15,30.25,-10.349999999999994" vel="0,0,0" mass="1" elasticityCoef="1" ang="90,0,0" color="0,220,0" radius="0.5" length="4" />
		<capsule pos="24.15,30.25,-8.049999999999997" vel="0,0,0" mass="1" elasticityCoef="1" ang="90,0,0" color="0,220,0" radius="0.5" length="4" />
		<capsule pos="24.15,30.25,-5.7499999999999964" vel="0,0,0" mass="1" elasticityCoef="1" ang="90,0,0" color="0,220,0" radius="0.5" length="4" />
		<capsule pos="24.15,30.25,-3.4499999999999957" vel="0,0,0" mass="1" elasticityCoef="1" ang="90,0,0" color="0,220,0" radius="0.5" length="4" />
		<capsule pos="24.15,30.25,-1.1499999999999986" vel="0,0,0" mass="1" elasticityCoef="1" ang="90,0,0" color="0,220,0" radius="0.5" length="4" />
		<capsule pos="24.15,30.25,1.1500000000000057" vel="0,0,0" mass="1" elasticityCoef="1" ang="90,0,0" color="0,220,0" radius="0.5" length="4" />
		<capsule pos="24.15,30.25,3.450000000000003" vel="0,0,0" mass="1" elasticityCoef="1" ang="90,0,0" color="0,220,0" radius="0.5" length="4" />
		<capsule pos="24.15,30.25,5.75" vel="0,0,0" mass="1" elasticityCoef="1" ang="90,0,0" color="0,220,0" radius="0.5" length="4" />
		<capsule pos="24.15,30.25,8.050000000000004" vel="0,0,0" mass="1" elasticityCoef="1" ang="90,0,0" color="0,220,0" radius="0.5" length="4" />
		<capsule pos="24.15,30.25,10.350000000000001" vel="0,0,0" mass="1" elasticityCoef="1" ang="90,0,0" color="0,220,0" radius="0.5" length="4" />
		<capsule pos="24.15,30.25,12.650000000000006" vel="0,0,0" mass="1" elasticityCoef="1" ang="90,0,0" color="0,220,0" radius="0.5" length="4" />
		<capsule pos="24.15,30.25,14.950000000000003" vel="0,0,0" mass="1" elasticityCoef="1" ang="90,0,0" color="0,220,0" radius="0.5" length="4" />
		<capsule pos="24.15,30.25,17.25" vel="0,0,0" mass="1" elasticityCoef="1" ang="90,0,0" color="0,220,0" radius="0.5" length="4" />
		<capsule pos="24.15,30.25,19.550000000000004" vel="0,0,0" mass="1" elasticityCoef="1" ang="90,0,0" color="0,220,0" radius="0.5" length="4" />
		<capsule pos="24.15,30.25,21.85" vel="0,0,0" mass="1" elasticityCoef="1" ang="90,0,0" color="0,220,0" radius="0.5" length="4" />
		<capsule pos="24.15,30.25,24.15" vel="0,0,0" mass="1" elasticityCoef="1" ang="90,0,0" color="0,220,0" radius="0.5" length="4" />
		<capsule pos="24.15,30.25,26.450000000000003" vel="0,0,0" mass="1" elasticityCoef="1" ang="90,0,0" color="0,220,0" radius="0.5" length="4" />
		<capsule pos="24.15,30.25,28.75" vel="0,0,0" mass="1" elasticityCoef="1" ang="90,0,0" color="0,220,0" radius="0.5" length="4" />
		<capsule pos="24.15,30.25,31.049999999999997" vel="0,0,0" mass="1" elasticityCoef="1" ang="90,0,0" color="0,220,0" radius="0.5" length="4" />
		<capsule pos="24.15,35.75,-33.349999999999994" vel="0,0,0" mass="1" elasticityCoef="1" ang="90,0,0" color="0,220,0" radius="0.5" length="4" />
		<capsule pos="24.15,35.75,-31.049999999999994" vel="0,0,0" mass="1" elasticityCoef="1" ang="90,0,0" color="0,220,0" radius="0.5" length="4" />
		<capsule pos="24.15,35.75,-28.749999999999993" vel="0,0,0" mass="1" elasticityCoef="1" ang="90,0,0" color="0,220,0" radius="0.5" length="4" />
		<capsule pos="24.15,35.75,-26.449999999999996" vel="0,0,0" mass="1" elasticityCoef="1" ang="90,0,0" color="0,220,0" radius="0.5" length="4" />
		<capsule pos="24.15,35.75,-24.149999999999995" vel="0,0,0" mass="1" elasticityCoef="1" ang="90,0,0" color="0,220,0" radius="0.5" length="4" />
		<capsule pos="24.15,35.75,-21.849999999999994" vel="0,0,0" mass="1" elasticityCoef="1" ang="90,0,0" color="0,220,0" radius="0.5" length="4" />
		<capsule pos="24.15,35.75,-19.549999999999997" vel="0,0,0" mass="1" elasticityCoef="1" ang="90,0,0" color="0,220,0" radius="0.5" length="4" />
		<capsule pos="24.15,35.75,-17.249999999999996" vel="0,0,0" mass="1" elasticityCoef="1" ang="90,0,0" color="0,220,0" radius="0.5" length="4" />
		<capsule pos="24.15,35.75,-14.949999999999996" vel="0,0,0" mass="1" elasticityCoef="1" ang="90,0,0" color="0,220,0" radius="0.5" length="4" />
		<capsule pos="24.15,35.75,-12.649999999999995" vel="0,0,0" mass="1" elasticityCoef="1" ang="90,0,0" color="0,220,0" radius="0.5" length="4" />
		<capsule pos="24.15,35.75,-10.349999999999994" vel="0,0,0" mass="1" elasticityCoef="1" ang="90,0,0" color="0,220,0" radius="0.5" length="4" />
		<capsule pos="24.15,35.75,-8.049999999999997" vel="0,0,0" mass="1" elasticityCoef="1" ang="90,0,0" color="0,220,0" radius="0.5" length="4" />
		<capsule pos="24.15,35.75,-5.7499999999999964" vel="0,0,0" mass="1" elasticityCoef="1" ang="90,0,0" color="0,220,0" radius="0.5" length="4" />
		<capsule pos="24.15,35.75,-3.4499999999999957" vel="0,0,0" mass="1" elasticityCoef="1" ang="90,0,0" color="0,220,0" radius="0.5" length="4" />
		<capsule pos="24.15,35.75,-1.1499999999999986" vel="0,0,0" mass="1" elasticityCoef="1" ang="90,0,0" color="0,220,0" radius="0.5" length="4" />
		<capsule pos="24.15,35.75,1.1500000000000057" vel="0,0,0" mass="1" elasticityCoef="1" ang="90,0,0" color="0,220,0" radius="0.5" length="4" />
		<capsule pos="24.15,35.75,3.450000000000003" vel="0,0,0" mass="1" elasticityCoef="1" ang="90,0,0" color="0,220,0" radius="0.5" length="4" />
		<capsule pos="24.15,35.75,5.75" vel="0,0,0" mass="1" elasticityCoef="1" ang="90,0,0" color="0,220,0" radius="0.5" length="4" />
		<capsule pos="24.15,35.75,8.050000000000004" vel="0,0,0" mass="1" elasticityCoef="1" ang="90,0,0" color="0,220,0" radius="0.5" length="4" />
		<capsule pos="24.15,35.75,10.350000000000001" vel="0,0,0" mass="1" elasticityCoef="1" ang="90,0,0" color="0,220,0" radius="0.5" length="4" />
		<capsule pos="24.15,35.75,12.650000000000006" vel="0,0,0" mass="1" elasticityCoef="1" ang="90,0,0" color="0,220,0" radius="0.5" length="4" />
		<capsule pos="24.15,35.75,14.950000000000003" vel="0,0,0" mass="1" elasticityCoef="1" ang="90,0,0" color="0,220,0" radius="0.5" length="4" />
		<capsule pos="24.15,35.75,17.25" vel="0,0,0" mass="1" elasticityCoef="1" ang="90,0,0" color="0,220,0" radius="0.5" length="4" />
		<capsule pos="24.15,35.75,19.550000000000004" vel="0,0,0" mass="1" elasticityCoef="1" ang="90,0,0" color="0,220,0" radius="0.5" length="4" />
		<capsule pos="24.15,35.75,21.85" vel="0,0,0" mass="1" elasticityCoef="1" ang="90,0,0" color="0,220,0" radius="0.5" length="4" />
		<capsule pos="24.15,35.75,24.15" vel="0,0,0" mass="1" elasticityCoef="1" ang="90,0,0" color="0,220,0" radius="0.5" length="4" />
		<capsule pos="24.15,35.75,26.450000000000003" vel="0,0,0" mass="1" elasticityCoef="1" ang="90,0,0" color="0,220,0" radius="0.5" length="4" />
		<capsule pos="24.15,35.75,28.75" vel="0,0,0" mass="1" elasticityCoef="1" ang="90,0,0" color="0,220,0" radius="0.5" length="4" />
		<capsule pos="24.15,35.75,31.049999999999997" vel="0,0,0" mass="1" elasticityCoef="1" ang="90,0,0" color="0,220,0" radius="0.5" length="4" />
		<capsule pos="26.450000000000003,-41.25,-33.349999999999994" vel="0,0,0" mass="1" elasticityCoef="1" ang="90,0,0" color="0,220,0" radius="0.5" length="4" />
		<capsule pos="26.450000000000003,-41.25,-31.049999999999994" vel="0,0,0" mass="1" elasticityCoef="1" ang="90,0,0" color="0,220,0" radius="0.5" length="4" />
		<capsule pos="26.450000000000003,-41.25,-28.749999999999993" vel="0,0,0" mass="1" elasticityCoef="1" ang="90,0,0" color="0,220,0" radius="0.5" length="4" />
		<capsule pos="26.450000000000003,-41.25,-26.449999999999996" vel="0,0,0" mass="1" elasticityCoef="1" ang="90,0,0" color="0,220,0" radius="0.5" length="4" />
		<capsule pos="26.450000000000003,-41.25,-24.149999999999995" vel="0,0,0" mass="1" elasticityCoef="1" ang="90,0,0" color="0,220,0" radius="0.5" length="4" />
		<capsule pos="26.450000000000003,-41.25,-21.849999999999994" vel="0,0,0" mass="1" elasticityCoef="1" ang="90,0,0" color="0,220,0" radius="0.5" length="4" />
		<capsule pos="26.450000000000003,-41.25,-19.549999999999997" vel="0,0,0" mass="1" elasticityCoef="1" ang="90,0,0" color="0,220,0" radius="0.5" length="4" />
		<capsule pos="26.450000000000003,-41.25,-17.249999999999996" vel="0,0,0" mass="1" elasticityCoef="1" ang="90,0,0" color="0,220,0" radius="0.5" length="4" />
		<capsule pos="26.450000000000003,-41.25,-14.949999999999996" vel="0,0,0" mass="1" elasticityCoef="1" ang="90,0,0" color="0,220,0" radius="0.5" length="4" />
		<capsule pos="26.450000000000003,-41.25,-12.649999999999995" vel="0,0,0" mass="1" elasticityCoef="1" ang="90,0,0" color="0,220,0" radius="0.5" length="4" />
		<capsule pos="26.450000000000003,-41.25,-10.349999999999994" vel="0,0,0" mass="1" elasticityCoef="1" ang="90,0,0" color="0,220,0" radius="0.5" length="4" />
		<capsule pos="26.450000000000003,-41.25,-8.049999999999997" vel="0,0,0" mass="1" elasticityCoef="1" ang="90,0,0" color="0,220,0" radius="0.5" length="4" />
		<capsule pos="26.450000000000003,-41.25,-5.7499999999999964" vel="0,0,0" mass="1" elasticityCoef="1" ang="90,0,0" color="0,220,0" radius="0.5" length="4" />
		<capsule pos="26.450000000000003,-41.25,-3.4499999999999957" vel="0,0,0" mass="1" elasticityCoef="1" ang="90,0,0" color="0,220,0" radius="0.5" length="4" />
		<capsule pos="26.450000000000003,-41.25,-1.1499999999999986" vel="0,0,0" mass="1" elasticityCoef="1" ang="90,0,0" color="0,220,0" radius="0.5" length="4" />
		<capsule pos="26.450000000000003,-41.25,1.1500000000000057" vel="0,0,0" mass="1" elasticityCoef="1" ang="90,0,0" color="0,220,0" radius="0.5" length="4" />
		<capsule pos="26.450000000000003,-41.25,3.450000000000003" vel="0,0,0" mass="1" elasticityCoef="1" ang="90,0,0" color="0,220,0" radius="0.5" length="4" />
		<capsule pos="26.450000000000003,-41.25,5.75" vel="0,0,0" mass="1" elasticityCoef="1" ang="90,0,0" color="0,220,0" radius="0.5" length="4" />
		<capsule pos="26.450000000000003,-41.25,8.050000000000004" vel="0,0,0" mass="1" elasticityCoef="1" ang="90,0,0" color="0,220,0" radius="0.5" length="4" />
		<capsule pos="26.450000000000003,-41.25,10.350000000000001" vel="0,0,0" mass="1" elasticityCoef="1" ang="90,0,0" color="0,220,0" radius="0.5" length="4" />
		<capsule pos="26.450000000000003,-41.25,12.650000000000006" vel="0,0,0" mass="1" elasticityCoef="1" ang="90,0,0" color="0,220,0" radius="0.5" length="4" />
		<capsule pos="26.450000000000003,-41.25,14.950000000000003" vel="0,0,0" mass="1" elasticityCoef="1" ang="90,0,0" color="0,220,0" radius="0.5" length="4" />
		<capsule pos="26.450000000000003,-41.25,17.25" vel="0,0,0" mass="1" elasticityCoef="1" ang="90,0,0" color="0,220,0" radius="0.5" length="4" />
		<capsule pos="26.450000000000003,-41.25,19.550000000000004" vel="0,0,0" mass="1" elasticityCoef="1" ang="90,0,0" color="0,220,0" radius="0.5" length="4" />
		<capsule pos="26.450000000000003,-41.25,21.85" vel="0,0,0" mass="1" elasticityCoef="1" ang="90,0,0" color="0,220,0" radius="0.5" length="4" />
		<capsule pos="26.450000000000003,-41.25,24.15" vel="0,0,0" mass="1" elasticityCoef="1" ang="90,0,0" color="0,220,0" radius="0.5" length="4" />
		<capsule pos="26.450000000000003,-41.25,26.450000000000003" vel="0,0,0" mass="1" elasticityCoef="1" ang="90,0,0" color="0,220,0" radius="0.5" length="4" />
		<capsule pos="26.450000000000003,-41.25,28.75" vel="0,0,0" mass="1" elasticityCoef="1" ang="90,0,0" color="0,220,0" radius="0.5" length="4" />
		<capsule pos="26.450000000000003,-41.25,31.049999999999997" vel="0,0,0" mass="1" elasticityCoef="1" ang="90,0,0" color="0,220,0" radius="0.5" length="4" />
		<capsule pos="26.450000000000003,-35.75,-33.349999999999994" vel="0,0,0" mass="1" elasticityCoef="1" ang="90,0,0" color="0,220,0" radius="0.5" length="4" />
		<capsule pos="26.450000000000003,-35.75,-31.049999999999994" vel="0,0,0" mass="1" elasticityCoef="1" ang="90,0,0" color="0,220,0" radius="0.5" length="4" />
		<capsule pos="26.450000000000003,-35.75,-28.749999999999993" vel="0,0,0" mass="1" elasticityCoef="1" ang="90,0,0" color="0,220,0" radius="0.5" length="4" />
		<capsule pos="26.450000000000003,-35.75,-26.449999999999996" vel="0,0,0" mass="1" elasticityCoef="1" ang="90,0,0" color="0,220,0" radius="0.5" length="4" />
		<capsule pos="26.450000000000003,-35.75,-24.149999999999995" vel="0,0,0" mass="1" elasticityCoef="1" ang="90,0,0" color="0,220,0" radius="0.5" length="4" />
		<capsule pos="26.450000000000003,-35.75,-21.849999999999994" vel="0,0,0" mass="1" elasticityCoef="1" ang="90,0,0" color="0,220,0" radius="0.5" length="4" />
		<capsule pos="26.450000000000003,-35.75,-19.549999999999997" vel="0,0,0" mass="1" elasticityCoef="1" ang="90,0,0" color="0,220,0" radius="0.5" length="4" />
		<capsule pos="26.450000000000003,-35.75,-17.249999999999996" vel="0,0,0" mass="1" elasticityCoef="1" ang="90,0,0" color="0,220,0" radius="0.5" length="4" />
		<capsule pos="26.450000000000003,-35.75,-14.949999999999996" vel="0,0,0" mass="1" elasticityCoef="1" ang="90,0,0" color="0,220,0" radius="0.5" length="4" />
		<capsule pos="26.450000000000003,-35.75,-12.649999999999995" vel="0,0,0" mass="1" elasticityCoef="1" ang="90,0,0" color="0,220,0" radius="0.5" length="4" />
		<capsule pos="26.450000000000003,-35.75,-10.349999999999994" vel="0,0,0" mass="1" elasticityCoef="1" ang="90,0,0" color="0,220,0" radius="0.5" length="4" />
		<capsule pos="26.450000000000003,-35.75,-8.049999999999997" vel="0,0,0" mass="1" elasticityCoef="1" ang="90,0,0" color="0,220,0" radius="0.5" length="4" />
		<capsule pos="26.450000000000003,-35.75,-5.7499999999999964" vel="0,0,0" mass="1" elasticityCoef="1" ang="90,0,0" color="0,220,0" radius="0.5" length="4" />
		<capsule pos="26.450000000000003,-35.75,-3.4499999999999957" vel="0,0,0" mass="1" elasticityCoef="1" ang="90,0,0" color="0,220,0" radius="0.5" length="4" />
		<capsule pos="26.450000000000003,-35.75,-1.1499999999999986" vel="0,0,0" mass="1" elasticityCoef="1" ang="90,0,0" color="0,220,0" radius="0.5" length="4" />
		<capsule pos="26.450000000000003,-35.75,1.1500000000000057" vel="0,0,0" mass="1" elasticityCoef="1" ang="90,0,0" color="0,220,0" radius="0.5" length="4" />
		<capsule pos="26.450000000000003,-35.75,3.450000000000003" vel="0,0,0" mass="1" elasticityCoef="1" ang="90,0,0" color="0,220,0" radius="0.5" length="4" />
		<capsule pos="26.450000000000003,-35.75,5.75" vel="0,0,0" mass="1" elasticityCoef="1" ang="90,0,0" color="0,220,0" radius="0.5" length="4" />
		<capsule pos="26.450000000000003,-35.75,8.050000000000004" vel="0,0,0" mass="1" elasticityCoef="1" ang="90,0,0" color="0,220,0" radius="0.5" length="4" />
		<capsule pos="26.450000000000003,-35.75,10.350000000000001" vel="0,0,0" mass="1" elasticityCoef="1" ang="90,0,0" color="0,220,0" radius="0.5" length="4" />
		<capsule pos="26.450000000000003,-35.75,12.650000000000006" vel="0,0,0" mass="1" elasticityCoef="1" ang="90,0,0" color="0,220,0" radius="0.5" length="4" />
		<capsule pos="26.450000000000003,-35.75,14.950000000000003" vel="0,0,0" mass="1" elasticityCoef="1" ang="90,0,0" color="0,220,0" radius="0.5" length="4" />
		<capsule pos="26.450000000000003,-35.75,17.25" vel="0,0,0" mass="1" elasticityCoef="1" ang="90,0,0" color="0,220,0" radius="0.5" length="4" />
		<capsule pos="26.450000000000003,-35.75,19.550000000000004" vel="0,0,0" mass="1" elasticityCoef="1" ang="90,0,0" color="0,220,0" radius="0.5" length="4" />
		<capsule pos="26.450000000000003,-35.75,21.85" vel="0,0,0" mass="1" elasticityCoef="1" ang="90,0,0" color="0,220,0" radius="0.5" length="4" />
		<capsule pos="26.450000000000003,-35.75,24.15" vel="0,0,0" mass="1" elasticityCoef="1" ang="90,0,0" color="0,220,0" radius="0.5" length="4" />
		<capsule pos="26.450000000000003,-35.75,26.450000000000003" vel="0,0,0" mass="1" elasticityCoef="1" ang="90,0,0" color="0,220,0" radius="0.5" length="4" />
		<capsule pos="26.450000000000003,-35.75,28.75" vel="0,0,0" mass="1" elasticityCoef="1" ang="90,0,0" color="0,220,0" radius="0.5" length="4" />
		<capsule pos="26.450000000000003,-35.75,31.049999999999997" vel="0,0,0" mass="1" elasticityCoef="1" ang="90,0,0" color="0,220,0" radius="0.5" length="4" />
		<capsule pos="26.450000000000003,-30.25,-33.349999999999994" vel="0,0,0" mass="1" elasticityCoef="1" ang="90,0,0" color="0,220,0" radius="0.5" length="4" />
		<capsule pos="26.450000000000003,-30.25,-31.049999999999994" vel="0,0,0" mass="1" elasticityCoef="1" ang="90,0,0" color="0,220,0" radius="0.5" length="4" />
		<capsule pos="26.450000000000003,-30.25,-28.749999999999993" vel="0,0,0" mass="1" elasticityCoef="1" ang="90,0,0" color="0,220,0" radius="0.5" length="4" />
		<capsule pos="26.450000000000003,-30.25,-26.449999999999996" vel="0,0,0" mass="1" elasticityCoef="1" ang="90,0,0" color="0,220,0" radius="0.5" length="4" />
		<capsule pos="26.450000000000003,-30.25,-24.149999999999995" vel="0,0,0" mass="1" elasticityCoef="1" ang="90,0,0" color="0,220,0" radius="0.5" length="4" />
		<capsule pos="26.450000000000003,-30.25,-21.849999999999994" vel="0,0,0" mass="1" elasticityCoef="1" ang="90,0,0" color="0,220,0" radius="0.5" length="4" />
		<capsule pos="26.450000000000003,-30.25,-19.549999999999997" vel="0,0,0" mass="1" elasticityCoef="1" ang="90,0,0" color="0,220,0" radius="0.5" length="4" />
		<capsule pos="26.450000000000003,-30.25,-17.249999999999996" vel="0,0,0" mass="1" elasticityCoef="1" ang="90,0,0" color="0,220,0" radius="0.5" length="4" />
		<capsule pos="26.450000000000003,-30.25,-14.949999999999996" vel="0,0,0" mass="1" elasticityCoef="1" ang="90,0,0" color="0,220,0" radius="0.5" length="4" />
		<capsule pos="26.450000000000003,-30.25,-12.649999999999995" vel="0,0,0" mass="1" elasticityCoef="1" ang="90,0,0" color="0,220,0" radius="0.5" length="4" />
		<capsule pos="26.450000000000003,-30.25,-10.349999999999994" vel="0,0,0" mass="1" elasticityCoef="1" ang="90,0,0" color="0,220,0" radius="0.5" length="4" />
		<capsule pos="26.450000000000003,-30.25,-8.049999999999997" vel="0,0,0" mass="1" elasticityCoef="1" ang="90,0,0" color="0,220,0" radius="0.5" length="4" />
		<capsule pos="26.450000000000003,-30.25,-5.7499999999999964" vel="0,0,0" mass="1" elasticityCoef="1" ang="90,0,0" color="0,220,0" radius="0.5" length="4" />
		<capsule pos="26.450000000000003,-30.25,-3.4499999999999957" vel="0,0,0" mass="1" elasticityCoef="1" ang="90,0,0" color="0,220,0" radius="0.5" length="4" />
		<capsule pos="26.450000000000003,-30.25,-1.1499999999999986" vel="0,0,0" mass="1" elasticityCoef="1" ang="90,0,0" color="0,220,0" radius="0.5" length="4" />
		<capsule pos="26.450000000000003,-30.25,1.1500000000000057" vel="0,0,0" mass="1" elasticityCoef="1" ang="90,0,0" color="0,220,0" radius="0.5" length="4" />
		<capsule pos="26.450000000000003,-30.25,3.450000000000003" vel="0,0,0" mass="1" elasticityCoef="1" ang="90,0,0" color="0,220,0" radius="0.5" length="4" />
		<capsule pos="26.450000000000003,-30.25,5.75" vel="0,0,0" mass="1" elasticityCoef="1" ang="90,0,0" color="0,220,0" radius="0.5" length="4" />
		<capsule pos="26.450000000000003,-30.25,8.050000000000004" vel="0,0,0" mass="1" elasticityCoef="1" ang="90,0,0" color="0,220,0" radius="0.5" length="4" />
		<capsule pos="26.450000000000003,-30.25,10.350000000000001" vel="0,0,0" mass="1" elasticityCoef="1" ang="90,0,0" color="0,220,0" radius="0.5" length="4" />
		<capsule pos="26.450000000000003,-30.25,12.650000000000006" vel="0,0,0" mass="1" elasticityCoef="1" ang="90,0,0" color="0,220,0" radius="0.5" length="4" />
		<capsule pos="26.450000000000003,-30.25,14.950000000000003" vel="0,0,0" mass="1" elasticityCoef="1" ang="90,0,0" color="0,220,0" radius="0.5" length="4" />
		<capsule pos="26.450000000000003,-30.25,17.25" vel="0,0,0" mass="1" elasticityCoef="1" ang="90,0,0" color="0,220,0" radius="0.5" length="4" />
		<capsule pos="26.450000000000003,-30.25,19.550000000000004" vel="0,0,0" mass="1" elasticityCoef="1" ang="90,0,0" color="0,220,0" radius="0.5" length="4" />
		<capsule pos="26.450000000000003,-30.25,21.85" vel="0,0,0" mass="1" elasticityCoef="1" ang="90,0,0" color="0,220,0" radius="0.5" length="4" />
		<capsule pos="26.450000000000003,-30.25,24.15" vel="0,0,0" mass="1" elasticityCoef="1" ang="90,0,0" color="0,220,0" radius="0.5" length="4" />
		<capsule pos="26.450000000000003,-30.25,26.450000000000003" vel="0,0,0" mass="1" elasticityCoef="1" ang="90,0,0" color="0,220,0" radius="0.5" length="4" />
		<capsule pos="26.450000000000003,-30.25,28.75" vel="0,0,0" mass="1" elasticityCoef="1" ang="90,0,0" color="0,220,0" radius="0.5" length="4" />
		<capsule pos="26.450000000000003,-30.25,31.049999999999997" vel="0,0,0" mass="1" elasticityCoef="1" ang="90,0,0" color="0,220,0" radius="0.5" length="4" />
		<capsule pos="26.450000000000003,-24.75,-33.349999999999994" vel="0,0,0" mass="1" elasticityCoef="1" ang="90,0,0" color="0,220,0" radius="0.5" length="4" />
		<capsule pos="26.450000000000003,-24.75,-31.049999999999994" vel="0,0,0" mass="1" elasticityCoef="1" ang="90,0,0" color="0,220,0" radius="0.5" length="4" />
		<capsule pos="26.450000000000003,-24.75,-28.749999999999993" vel="0,0,0" mass="1" elasticityCoef="1" ang="90,0,0" color="0,220,0" radius="0.5" length="4" />
		<capsule pos="26.450000000000003,-24.75,-26.449999999999996" vel="0,0,0" mass="1" elasticityCoef="1" ang="90,0,0" color="0,220,0" radius="0.5" length="4" />
		<capsule pos="26.450000000000003,-24.75,-24.149999999999995" vel="0,0,0" mass="1" elasticityCoef="1" ang="90,0,0" color="0,220,0" radius="0.5" length="4" />
		<capsule pos="26.450000000000003,-24.75,-21.849999999999994" vel="0,0,0" mass="1" elasticityCoef="1" ang="90,0,0" color="0,220,0" radius="0.5" length="4" />
		<capsule pos="26.450000000000003,-24.75,-19.549999999999997" vel="0,0,0" mass="1" elasticityCoef="1" ang="90,0,0" color="0,220,0" radius="0.5" length="4" />
		<capsule pos="26.450000000000003,-24.75,-17.249999999999996" vel="0,0,0" mass="1" elasticityCoef="1" ang="90,0,0" color="0,220,0" radius="0.5" length="4" />
		<capsule pos="26.450000000000003,-24.75,-14.949999999999996" vel="0,0,0" mass="1" elasticityCoef="1" ang="90,0,0" color="0,220,0" radius="0.5" length="4" />
		<capsule pos="26.450000000000003,-24.75,-12.649999999999995" vel="0,0,0" mass="1" elasticityCoef="1" ang="90,0,0" color="0,220,0" radius="0.5" length="4" />
		<capsule pos="26.450000000000003,-24.75,-10.349999999999994" vel="0,0,0" mass="1" elasticityCoef="1" ang="90,0,0" color="0,220,0" radius="0.5" length="4" />
		<capsule pos="26.450000000000003,-24.75,-8.049999999999997" vel="0,0,0" mass="1" elasticityCoef="1" ang="90,0,0" color="0,220,0" radius="0.5" length="4" />
		<capsule pos="26.450000000000003,-24.75,-5.7499999999999964" vel="0,0,0" mass="1" elasticityCoef="1" ang="90,0,0" color="0,220,0" radius="0.5" length="4" />
		<capsule pos="26.450000000000003,-24.75,-3.4499999999999957" vel="0,0,0" mass="1" elasticityCoef="1" ang="90,0,0" color="0,220,0" radius="0.5" length="4" />
		<capsule pos="26.450000000000003,-24.75,-1.1499999999999986" vel="0,0,0" mass="1" elasticityCoef="1" ang="90,0,0" color="0,220,0" radius="0.5" length="4" />
		<capsule pos="26.450000000000003,-24.75,1.1500000000000057" vel="0,0,0" mass="1" elasticityCoef="1" ang="90,0,0" color="0,220,0" radius="0.5" length="4" />
		<capsule pos="26.450000000000003,-24.75,3.450000000000003" vel="0,0,0" mass="1" elasticityCoef="1" ang="90,0,0" color="0,220,0" radius="0.5" length="4" />
		<capsule pos="26.450000000000003,-24.75,5.75" vel="0,0,0" mass="1" elasticityCoef="1" ang="90,0,0" color="0,220,0" radius="0.5" length="4" />
		<capsule pos="26.450000000000003,-24.75,8.050000000000004" vel="0,0,0" mass="1" elasticityCoef="1" ang="90,0,0" color="0,220,0" radius="0.5" length="4" />
		<capsule pos="26.450000000000003,-24.75,10.350000000000001" vel="0,0,0" mass="1" elasticityCoef="1" ang="90,0,0" color="0,220,0" radius="0.5" length="4" />
		<capsule pos="26.450000000000003,-24.75,12.650000000000006" vel="0,0,0" mass="1" elasticityCoef="1" ang="90,0,0" color="0,220,0" radius="0.5" length="4" />
		<capsule pos="26.450000000000003,-24.75,14.950000000000003" vel="0,0,0" mass="1" elasticityCoef="1" ang="90,0,0" color="0,220,0" radius="0.5" length="4" />
		<capsule pos="26.450000000000003,-24.75,17.25" vel="0,0,0" mass="1" elasticityCoef="1" ang="90,0,0" color="0,220,0" radius="0.5" length="4" />
		<capsule pos="26.450000000000003,-24.75,19.550000000000004" vel="0,0,0" mass="1" elasticityCoef="1" ang="90,0,0" color="0,220,0" radius="0.5" length="4" />
		<capsule pos="26.450000000000003,-24.75,21.85" vel="0,0,0" mass="1" elasticityCoef="1" ang="90,0,0" color="0,220,0" radius="0.5" length="4" />
		<capsule pos="26.450000000000003,-24.75,24.15" vel="0,0,0" mass="1" elasticityCoef="1" ang="90,0,0" color="0,220,0" radius="0.5" length="4" />
		<capsule pos="26.450000000000003,-24.75,26.450000000000003" vel="0,0,0" mass="1" elasticityCoef="1" ang="90,0,0" color="0,220,0" radius="0.5" length="4" />
		<capsule pos="26.450000000000003,-24.75,28.75" vel="0,0,0" mass="1" elasticityCoef="1" ang="90,0,0" color="0,220,0" radius="0.5" length="4" />
		<capsule pos="26.450000000000003,-24.75,31.049999999999997" vel="0,0,0" mass="1" elasticityCoef="1" ang="90,0,0" color="0,220,0" radius="0.5" length="4" />
		<capsule pos="26.450000000000003,-19.25,-33.349999999999994" vel="0,0,0" mass="1" elasticityCoef="1" ang="90,0,0" color="0,220,0" radius="0.5" length="4" />
		<capsule pos="26.450000000000003,-19.25,-31.049999999999994" vel="0,0,0" mass="1" elasticityCoef="1" ang="90,0,0" color="0,220,0" radius="0.5" length="4" />
		<capsule pos="26.450000000000003,-19.25,-28.749999999999993" vel="0,0,0" mass="1" elasticityCoef="1" ang="90,0,0" color="0,220,0" radius="0.5" length="4" />
		<capsule pos="26.450000000000003,-19.25,-26.449999999999996" vel="0,0,0" mass="1" elasticityCoef="1" ang="90,0,0" color="0,220,0" radius="0.5" length="4" />
		<capsule pos="26.450000000000003,-19.25,-24.149999999999995" vel="0,0,0" mass="1" elasticityCoef="1" ang="90,0,0" color="0,220,0" radius="0.5" length="4" />
		<capsule pos="26.450000000000003,-19.25,-21.849999999999994" vel="0,0,0" mass="1" elasticityCoef="1" ang="90,0,0" color="0,220,0" radius="0.5" length="4" />
		<capsule pos="26.450000000000003,-19.25,-19.549999999999997" vel="0,0,0" mass="1" elasticityCoef="1" ang="90,0,0" color="0,220,0" radius="0.5" length="4" />
		<capsule pos="26.450000000000003,-19.25,-17.249999999999996" vel="0,0,0" mass="1" elasticityCoef="1" ang="90,0,0" color="0,220,0" radius="0.5" length="4" />
		<capsule pos="26.450000000000003,-19.25,-14.949999999999996" vel="0,0,0" mass="1" elasticityCoef="1" ang="90,0,0" color="0,220,0" radius="0.5" length="4" />
		<capsule pos="26.450000000000003,-19.25,-12.649999999999995" vel="0,0,0" mass="1" elasticityCoef="1" ang="90,0,0" color="0,220,0" radius="0.5" length="4" />
		<capsule pos="26.450000000000003,-19.25,-10.349999999999994" vel="0,0,0" mass="1" elasticityCoef="1" ang="90,0,0" color="0,220,0" radius="0.5" length="4" />
		<capsule pos="26.450000000000003,-19.25,-8.049999999999997" vel="0,0,0" mass="1" elasticityCoef="1" ang="90,0,0" color="0,220,0" radius="0.5" length="4" />
		<capsule pos="26.450000000000003,-19.25,-5.7499999999999964" vel="0,0,0" mass="1" elasticityCoef="1" ang="90,0,0" color="0,220,0" radius="0.5" length="4" />
		<capsule pos="26.450000000000003,-19.25,-3.4499999999999957" vel="0,0,0" mass="1" elasticityCoef="1" ang="90,0,0" color="0,220,0" radius="0.5" length="4" />
		<capsule pos="26.450000000000003,-19.25,-1.1499999999999986" vel="0,0,0" mass="1" elasticityCoef="1" ang="90,0,0" color="0,220,0" radius="0.5" length="4" />
		<capsule pos="26.450000000000003,-19.25,1.1500000000000057" vel="0,0,0" mass="1" elasticityCoef="1" ang="90,0,0" color="0,220,0" radius="0.5" length="4" />
		<capsule pos="26.450000000000003,-19.25,3.450000000000003" vel="0,0,0" mass="1" elasticityCoef="1" ang="90,0,0" color="0,220,0" radius="0.5" length="4" />
		<capsule pos="26.450000000000003,-19.25,5.75" vel="0,0,0" mass="1" elasticityCoef="1" ang="90,0,0" color="0,220,0" radius="0.5" length="4" />
		<capsule pos="26.450000000000003,-19.25,8.050000000000004" vel="0,0,0" mass="1" elasticityCoef="1" ang="90,0,0" color="0,220,0" radius="0.5" length="4" />
		<capsule pos="26.450000000000003,-19.25,10.350000000000001" vel="0,0,0" mass="1" elasticityCoef="1" ang="90,0,0" color="0,220,0" radius="0.5" length="4" />
		<capsule pos="26.450000000000003,-19.25,12.650000000000006" vel="0,0,0" mass="1" elasticityCoef="1" ang="90,0,0" color="0,220,0" radius="0.5" length="4" />
		<capsule pos="26.450000000000003,-19.25,14.950000000000003" vel="0,0,0" mass="1" elasticityCoef="1" ang="90,0,0" color="0,220,0" radius="0.5" length="4" />
		<capsule pos="26.450000000000003,-19.25,17.25" vel="0,0,0" mass="1" elasticityCoef="1" ang="90,0,0" color="0,220,0" radius="0.5" length="4" />
		<capsule pos="26.450000000000003,-19.25,19.550000000000004" vel="0,0,0" mass="1" elasticityCoef="1" ang="90,0,0" color="0,220,0" radius="0.5" length="4" />
		<capsule pos="26.450000000000003,-19.25,21.85" vel="0,0,0" mass="1" elasticityCoef="1" ang="90,0,0" color="0,220,0" radius="0.5" length="4" />
		<capsule pos="26.450000000000003,-19.25,24.15" vel="0,0,0" mass="1" elasticityCoef="1" ang="90,0,0" color="0,220,0" radius="0.5" length="4" />
		<capsule pos="26.450000000000003,-19.25,26.450000000000003" vel="0,0,0" mass="1" elasticityCoef="1" ang="90,0,0" color="0,220,0" radius="0.5" length="4" />
		<capsule pos="26.450000000000003,-19.25,28.75" vel="0,0,0" mass="1" elasticityCoef="1" ang="90,0,0" color="0,220,0" radius="0.5" length="4" />
		<capsule pos="26.450000000000003,-19.25,31.049999999999997" vel="0,0,0" mass="1" elasticityCoef="1" ang="90,0,0" color="0,220,0" radius="0.5" length="4" />
		<capsule pos="26.450000000000003,-13.75,-33.349999999999994" vel="0,0,0" mass="1" elasticityCoef="1" ang="90,0,0" color="0,220,0" radius="0.5" length="4" />
		<capsule pos="26.450000000000003,-13.75,-31.049999999999994" vel="0,0,0" mass="1" elasticityCoef="1" ang="90,0,0" color="0,220,0" radius="0.5" length="4" />
		<capsule pos="26.450000000000003,-13.75,-28.749999999999993" vel="0,0,0" mass="1" elasticityCoef="1" ang="90,0,0" color="0,220,0" radius="0.5" length="4" />
		<capsule pos="26.450000000000003,-13.75,-26.449999999999996" vel="0,0,0" mass="1" elasticityCoef="1" ang="90,0,0" color="0,220,0" radius="0.5" length="4" />
		<capsule pos="26.450000000000003,-13.75,-24.149999999999995" vel="0,0,0" mass="1" elasticityCoef="1" ang="90,0,0" color="0,220,0" radius="0.5" length="4" />
		<capsule pos="26.450000000000003,-13.75,-21.849999999999994" vel="0,0,0" mass="1" elasticityCoef="1" ang="90,0,0" color="0,220,0" radius="0.5" length="4" />
		<capsule pos="26.450000000000003,-13.75,-19.549999999999997" vel="0,0,0" mass="1" elasticityCoef="1" ang="90,0,0" color="0,220,0" radius="0.5" length="4" />
		<capsule pos="26.450000000000003,-13.75,-17.249999999999996" vel="0,0,0" mass="1" elasticityCoef="1" ang="90,0,0" color="0,220,0" radius="0.5" length="4" />
		<capsule pos="26.450000000000003,-13.75,-14.949999999999996" vel="0,0,0" mass="1" elasticityCoef="1" ang="90,0,0" color="0,220,0" radius="0.5" length="4" />
		<capsule pos="26.450000000000003,-13.75,-12.649999999999995" vel="0,0,0" mass="1" elasticityCoef="1" ang="90,0,0" color="0,220,0" radius="0.5" length="4" />
		<capsule pos="26.450000000000003,-13.75,-10.349999999999994" vel="0,0,0" mass="1" elasticityCoef="1" ang="90,0,0" color="0,220,0" radius="0.5" length="4" />
		<capsule pos="26.450000000000003,-13.75,-8.049999999999997" vel="0,0,0" mass="1" elasticityCoef="1" ang="90,0,0" color="0,220,0" radius="0.5" length="4" />
		<capsule pos="26.450000000000003,-13.75,-5.7499999999999964" vel="0,0,0" mass="1" elasticityCoef="1" ang="90,0,0" color="0,220,0" radius="0.5" length="4" />
		<capsule pos="26.450000000000003,-13.75,-3.4499999999999957" vel="0,0,0" mass="1" elasticityCoef="1" ang="90,0,0" color="0,220,0" radius="0.5" length="4" />
		<capsule pos="26.450000000000003,-13.75,-1.1499999999999986" vel="0,0,0" mass="1" elasticityCoef="1" ang="90,0,0" color="0,220,0" radius="0.5" length="4" />
		<capsule pos="26.450000000000003,-13.75,1.1500000000000057" vel="0,0,0" mass="1" elasticityCoef="1" ang="90,0,0" color="0,220,0" radius="0.5" length="4" />
		<capsule pos="26.450000000000003,-13.75,3.450000000000003" vel="0,0,0" mass="1" elasticityCoef="1" ang="90,0,0" color="0,220,0" radius="0.5" length="4" />
		<capsule pos="26.450000000000003,-13.75,5.75" vel="0,0,0" mass="1" elasticityCoef="1" ang="90,0,0" color="0,220,0" radius="0.5" length="4" />
		<capsule pos="26.450000000000003,-13.75,8.050000000000004" vel="0,0,0" mass="1" elasticityCoef="1" ang="90,0,0" color="0,220,0" radius="0.5" length="4" />
		<capsule pos="26.450000000000003,-13.75,10.350000000000001" vel="0,0,0" mass="1" elasticityCoef="1" ang="90,0,0" color="0,220,0" radius="0.5" length="4" />
		<capsule pos="26.450000000000003,-13.75,12.650000000000006" vel="0,0,0" mass="1" elasticityCoef="1" ang="90,0,0" color="0,220,0" radius="0.5" length="4" />
		<capsule pos="26.450000000000003,-13.75,14.950000000000003" vel="0,0,0" mass="1" elasticityCoef="1" ang="90,0,0" color="0,220,0" radius="0.5" length="4" />
		<capsule pos="26.450000000000003,-13.75,17.25" vel="0,0,0" mass="1" elasticityCoef="1" ang="90,0,0" color="0,220,0" radius="0.5" length="4" />
		<capsule pos="26.450000000000003,-13.75,19.550000000000004" vel="0,0,0" mass="1" elasticityCoef="1" ang="90,0,0" color="0,220,0" radius="0.5" length="4" />
		<capsule pos="26.450000000000003,-13.75,21.85" vel="0,0,0" mass="1" elasticityCoef="1" ang="90,0,0" color="0,220,0" radius="0.5" length="4" />
		<capsule pos="26.450000000000003,-13.75,24.15" vel="0,0,0" mass="1" elasticityCoef="1" ang="90,0,0" color="0,220,0" radius="0.5" length="4" />
		<capsule pos="26.450000000000003,-13.75,26.450000000000003" vel="0,0,0" mass="1" elasticityCoef="1" ang="90,0,0" color="0,220,0" radius="0.5" length="4" />
		<capsule pos="26.450000000000003,-13.75,28.75" vel="0,0,0" mass="1" elasticityCoef="1" ang="90,0,0" color="0,220,0" radius="0.5" length="4" />
		<capsule pos="26.450000000000003,-13.75,31.049999999999997" vel="0,0,0" mass="1" elasticityCoef="1" ang="90,0,0" color="0,220,0" radius="0.5" length="4" />
		<capsule pos="26.450000000000003,-8.25,-33.349999999999994" vel="0,0,0" mass="1" elasticityCoef="1" ang="90,0,0" color="0,220,0" radius="0.5" length="4" />
		<capsule pos="26.450000000000003,-8.25,-31.049999999999994" vel="0,0,0" mass="1" elasticityCoef="1" ang="90,0,0" color="0,220,0" radius="0.5" length="4" />
		<capsule pos="26.450000000000003,-8.25,-28.749999999999993" vel="0,0,0" mass="1" elasticityCoef="1" ang="90,0,0" color="0,220,0" radius="0.5" length="4" />
		<capsule pos="26.450000000000003,-8.25,-26.449999999999996" vel="0,0,0" mass="1" elasticityCoef="1" ang="90,0,0" color="0,220,0" radius="0.5" length="4" />
		<capsule pos="26.450000000000003,-8.25,-24.149999999999995" vel="0,0,0" mass="1" elasticityCoef="1" ang="90,0,0" color="0,220,0" radius="0.5" length="4" />
		<capsule pos="26.450000000000003,-8.25,-21.849999999999994" vel="0,0,0" mass="1" elasticityCoef="1" ang="90,0,0" color="0,220,0" radius="0.5" length="4" />
		<capsule pos="26.450000000000003,-8.25,-19.549999999999997" vel="0,0,0" mass="1" elasticityCoef="1" ang="90,0,0" color="0,220,0" radius="0.5" length="4" />
		<capsule pos="26.450000000000003,-8.25,-17.249999999999996" vel="0,0,0" mass="1" elasticityCoef="1" ang="90,0,0" color="0,220,0" radius="0.5" length="4" />
		<capsule pos="26.450000000000003,-8.25,-14.949999999999996" vel="0,0,0" mass="1" elasticityCoef="1" ang="90,0,0" color="0,220,0" radius="0.5" length="4" />
		<capsule pos="26.450000000000003,-8.25,-12.649999999999995" vel="0,0,0" mass="1" elasticityCoef="1" ang="90,0,0" color="0,220,0" radius="0.5" length="4" />
		<capsule pos="26.450000000000003,-8.25,-10.349999999999994" vel="0,0,0" mass="1" elasticityCoef="1" ang="90,0,0" color="0,220,0" radius="0.5" length="4" />
		<capsule pos="26.450000000000003,-8.25,-8.049999999999997" vel="0,0,0" mass="1" elasticityCoef="1" ang="90,0,0" color="0,220,0" radius="0.5" length="4" />
		<capsule pos="26.450000000000003,-8.25,-5.7499999999999964" vel="0,0,0" mass="1" elasticityCoef="1" ang="90,0,0" color="0,220,0" radius="0.5" length="4" />
		<capsule pos="26.450000000000003,-8.25,-3.4499999999999957" vel="0,0,0" mass="1" elasticityCoef="1" ang="90,0,0" color="0,220,0" radius="0.5" length="4" />
		<capsule pos="26.450000000000003,-8.25,-1.1499999999999986" vel="0,0,0" mass="1" elasticityCoef="1" ang="90,0,0" color="0,220,0" radius="0.5" length="4" />
		<capsule pos="26.450000000000003,-8.25,1.1500000000000057" vel="0,0,0" mass="1" elasticityCoef="1" ang="90,0,0" color="0,220,0" radius="0.5" length="4" />
		<capsule pos="26.450000000000003,-8.25,3.450000000000003" vel="0,0,0" mass="1" elasticityCoef="1" ang="90,0,0" color="0,220,0" radius="0.5" length="4" />
		<capsule pos="26.450000000000003,-8.25,5.75" vel="0,0,0" mass="1" elasticityCoef="1" ang="90,0,0" color="0,220,0" radius="0.5" length="4" />
		<capsule pos="26.450000000000003,-8.25,8.050000000000004" vel="0,0,0" mass="1" elasticityCoef="1" ang="90,0,0" color="0,220,0" radius="0.5" length="4" />
		<capsule pos="26.450000000000003,-8.25,10.350000000000001" vel="0,0,0" mass="1" elasticityCoef="1" ang="90,0,0" color="0,220,0" radius="0.5" length="4" />
		<capsule pos="26.450000000000003,-8.25,12.650000000000006" vel="0,0,0" mass="1" elasticityCoef="1" ang="90,0,0" color="0,220,0" radius="0.5" length="4" />
		<capsule pos="26.450000000000003,-8.25,14.950000000000003" vel="0,0,0" mass="1" elasticityCoef="1" ang="90,0,0" color="0,220,0" radius="0.5" length="4" />
		<capsule pos="26.450000000000003,-8.25,17.25" vel="0,0,0" mass="1" elasticityCoef="1" ang="90,0,0" color="0,220,0" radius="0.5" length="4" />
		<capsule pos="26.450000000000003,-8.25,19.550000000000004" vel="0,0,0" mass="1" elasticityCoef="1" ang="90,0,0" color="0,220,0" radius="0.5" length="4" />
		<capsule pos="26.450000000000003,-8.25,21.85" vel="0,0,0" mass="1" elasticityCoef="1" ang="90,0,0" color="0,220,0" radius="0.5" length="4" />
		<capsule pos="26.450000000000003,-8.25,24.15" vel="0,0,0" mass="1" elasticityCoef="1" ang="90,0,0" color="0,220,0" radius="0.5" length="4" />
		<capsule pos="26.450000000000003,-8.25,26.450000000000003" vel="0,0,0" mass="1" elasticityCoef="1" ang="90,0,0" color="0,220,0" radius="0.5" length="4" />
		<capsule pos="26.450000000000003,-8.25,28.75" vel="0,0,0" mass="1" elasticityCoef="1" ang="90,0,0" color="0,220,0" radius="0.5" length="4" />
		<capsule pos="26.450000000000003,-8.25,31.049999999999997" vel="0,0,0" mass="1" elasticityCoef="1" ang="90,0,0" color="0,220,0" radius="0.5" length="4" />
		<capsule pos="26.450000000000003,-2.75,-33.349999999999994" vel="0,0,0" mass="1" elasticityCoef="1" ang="90,0,0" color="0,220,0" radius="0.5" length="4" />
		<capsule pos="26.450000000000003,-2.75,-31.049999999999994" vel="0,0,0" mass="1" elasticityCoef="1" ang="90,0,0" color="0,220,0" radius="0.5" length="4" />
		<capsule pos="26.450000000000003,-2.75,-28.749999999999993" vel="0,0,0" mass="1" elasticityCoef="1" ang="90,0,0" color="0,220,0" radius="0.5" length="4" />
		<capsule pos="26.450000000000003,-2.75,-26.449999999999996" vel="0,0,0" mass="1" elasticityCoef="1" ang="90,0,0" color="0,220,0" radius="0.5" length="4" />
		<capsule pos="26.450000000000003,-2.75,-24.149999999999995" vel="0,0,0" mass="1" elasticityCoef="1" ang="90,0,0" color="0,220,0" radius="0.5" length="4" />
		<capsule pos="26.450000000000003,-2.75,-21.849999999999994" vel="0,0,0" mass="1" elasticityCoef="1" ang="90,0,0" color="0,220,0" radius="0.5" length="4" />
		<capsule pos="26.450000000000003,-2.75,-19.549999999999997" vel="0,0,0" mass="1" elasticityCoef="1" ang="90,0,0" color="0,220,0" radius="0.5" length="4" />
		<capsule pos="26.450000000000003,-2.75,-17.249999999999996" vel="0,0,0" mass="1" elasticityCoef="1" ang="90,0,0" color="0,220,0" radius="0.5" length="4" />
		<capsule pos="26.450000000000003,-2.75,-14.949999999999996" vel="0,0,0" mass="1" elasticityCoef="1" ang="90,0,0" color="0,220,0" radius="0.5" length="4" />
		<capsule pos="26.450000000000003,-2.75,-12.649999999999995" vel="0,0,0" mass="1" elasticityCoef="1" ang="90,0,0" color="0,220,0" radius="0.5" length="4" />
		<capsule pos="26.450000000000003,-2.75,-10.349999999999994" vel="0,0,0" mass="1" elasticityCoef="1" ang="90,0,0" color="0,220,0" radius="0.5" length="4" />
		<capsule pos="26.450000000000003,-2.75,-8.049999999999997" vel="0,0,0" mass="1" elasticityCoef="1" ang="90,0,0" color="0,220,0" radius="0.5" length="4" />
		<capsule pos="26.450000000000003,-2.75,-5.7499999999999964" vel="0,0,0" mass="1" elasticityCoef="1" ang="90,0,0" color="0,220,0" radius="0.5" length="4" />
		<capsule pos="26.450000000000003,-2.75,-3.4499999999999957" vel="0,0,0" mass="1" elasticityCoef="1" ang="90,0,0" color="0,220,0" radius="0.5" length="4" />
		<capsule pos="26.450000000000003,-2.75,-1.1499999999999986" vel="0,0,0" mass="1" elasticityCoef="1" ang="90,0,0" color="0,220,0" radius="0.5" length="4" />
		<capsule pos="26.450000000000003,-2.75,1.1500000000000057" vel="0,0,0" mass="1" elasticityCoef="1" ang="90,0,0" color="0,220,0" radius="0.5" length="4" />
		<capsule pos="26.450000000000003,-2.75,3.450000000000003" vel="0,0,0" mass="1" elasticityCoef="1" ang="90,0,0" color="0,220,0" radius="0.5" length="4" />
		<capsule pos="26.450000000000003,-2.75,5.75" vel="0,0,0" mass="1" elasticityCoef="1" ang="90,0,0" color="0,220,0" radius="0.5" length="4" />
		<capsule pos="26.450000000000003,-2.75,8.050000000000004" vel="0,0,0" mass="1" elasticityCoef="1" ang="90,0,0" color="0,220,0" radius="0.5" length="4" />
		<capsule pos="26.450000000000003,-2.75,10.350000000000001" vel="0,0,0" mass="1" elasticityCoef="1" ang="90,0,0" color="0,220,0" radius="0.5" length="4" />
		<capsule pos="26.450000000000003,-2.75,12.650000000000006" vel="0,0,0" mass="1" elasticityCoef="1" ang="90,0,0" color="0,220,0" radius="0.5" length="4" />
		<capsule pos="26.450000000000003,-2.75,14.950000000000003" vel="0,0,0" mass="1" elasticityCoef="1" ang="90,0,0" color="0,220,0" radius="0.5" length="4" />
		<capsule pos="26.450000000000003,-2.75,17.25" vel="0,0,0" mass="1" elasticityCoef="1" ang="90,0,0" color="0,220,0" radius="0.5" length="4" />
		<capsule pos="26.450000000000003,-2.75,19.550000000000004" vel="0,0,0" mass="1" elasticityCoef="1" ang="90,0,0" color="0,220,0" radius="0.5" length="4" />
		<capsule pos="26.450000000000003,-2.75,21.85" vel="0,0,0" mass="1" elasticityCoef="1" ang="90,0,0" color="0,220,0" radius="0.5" length="4" />
		<capsule pos="26.450000000000003,-2.75,24.15" vel="0,0,0" mass="1" elasticityCoef="1" ang="90,0,0" color="0,220,0" radius="0.5" length="4" />
		<capsule pos="26.450000000000003,-2.75,26.450000000000003" vel="0,0,0" mass="1" elasticityCoef="1" ang="90,0,0" color="0,220,0" radius="0.5" length="4" />
		<capsule pos="26.450000000000003,-2.75,28.75" vel="0,0,0" mass="1" elasticityCoef="1" ang="90,0,0" color="0,220,0" radius="0.5" length="4" />
		<capsule pos="26.450000000000003,-2.75,31.049999999999997" vel="0,0,0" mass="1" elasticityCoef="1" ang="90,0,0" color="0,220,0" radius="0.5" length="4" />
		<capsule pos="26.450000000000003,2.75,-33.349999999999994" vel="0,0,0" mass="1" elasticityCoef="1" ang="90,0,0" color="0,220,0" radius="0.5" length="4" />
		<capsule pos="26.450000000000003,2.75,-31.049999999999994" vel="0,0,0" mass="1" elasticityCoef="1" ang="90,0,0" color="0,220,0" radius="0.5" length="4" />
		<capsule pos="26.450000000000003,2.75,-28.749999999999993" vel="0,0,0" mass="1" elasticityCoef="1" ang="90,0,0" color="0,220,0" radius="0.5" length="4" />
		<capsule pos="26.450000000000003,2.75,-26.449999999999996" vel="0,0,0" mass="1" elasticityCoef="1" ang="90,0,0" color="0,220,0" radius="0.5" length="4" />
		<capsule pos="26.450000000000003,2.75,-24.149999999999995" vel="0,0,0" mass="1" elasticityCoef="1" ang="90,0,0" color="0,220,0" radius="0.5" length="4" />
		<capsule pos="26.450000000000003,2.75,-21.849999999999994" vel="0,0,0" mass="1" elasticityCoef="1" ang="90,0,0" color="0,220,0" radius="0.5" length="4" />
		<capsule pos="26.450000000000003,2.75,-19.549999999999997" vel="0,0,0" mass="1" elasticityCoef="1" ang="90,0,0" color="0,220,0" radius="0.5" length="4" />
		<capsule pos="26.450000000000003,2.75,-17.249999999999996" vel="0,0,0" mass="1" elasticityCoef="1" ang="90,0,0" color="0,220,0" radius="0.5" length="4" />
		<capsule pos="26.450000000000003,2.75,-14.949999999999996" vel="0,0,0" mass="1" elasticityCoef="1" ang="90,0,0" color="0,220,0" radius="0.5" length="4" />
		<capsule pos="26.450000000000003,2.75,-12.649999999999995" vel="0,0,0" mass="1" elasticityCoef="1" ang="90,0,0" color="0,220,0" radius="0.5" length="4" />
		<capsule pos="26.450000000000003,2.75,-10.349999999999994" vel="0,0,0" mass="1" elasticityCoef="1" ang="90,0,0" color="0,220,0" radius="0.5" length="4" />
		<capsule pos="26.450000000000003,2.75,-8.049999999999997" vel="0,0,0" mass="1" elasticityCoef="1" ang="90,0,0" color="0,220,0" radius="0.5" length="4" />
		<capsule pos="26.450000000000003,2.75,-5.7499999999999964" vel="0,0,0" mass="1" elasticityCoef="1" ang="90,0,0" color="0,220,0" radius="0.5" length="4" />
		<capsule pos="26.450000000000003,2.75,-3.4499999999999957" vel="0,0,0" mass="1" elasticityCoef="1" ang="90,0,0" color="0,220,0" radius="0.5" length="4" />
		<capsule pos="26.450000000000003,2.75,-1.1499999999999986" vel="0,0,0" mass="1" elasticityCoef="1" ang="90,0,0" color="0,220,0" radius="0.5" length="4" />
		<capsule pos="26.450000000000003,2.75,1.1500000000000057" vel="0,0,0" mass="1" elasticityCoef="1" ang="90,0,0" color="0,220,0" radius="0.5" length="4" />
		<capsule pos="26.450000000000003,2.75,3.450000000000003" vel="0,0,0" mass="1" elasticityCoef="1" ang="90,0,0" color="0,220,0" radius="0.5" length="4" />
		<capsule pos="26.450000000000003,2.75,5.75" vel="0,0,0" mass="1" elasticityCoef="1" ang="90,0,0" color="0,220,0" radius="0.5" length="4" />
		<capsule pos="26.450000000000003,2.75,8.050000000000004" vel="0,0,0" mass="1" elasticityCoef="1" ang="90,0,0" color="0,220,0" radius="0.5" length="4" />
		<capsule pos="26.450000000000003,2.75,10.350000000000001" vel="0,0,0" mass="1" elasticityCoef="1" ang="90,0,0" color="0,220,0" radius="0.5" length="4" />
		<capsule pos="26.450000000000003,2.75,12.650000000000006" vel="0,0,0" mass="1" elasticityCoef="1" ang="90,0,0" color="0,220,0" radius="0.5" length="4" />
		<capsule pos="26.450000000000003,2.75,14.950000000000003" vel="0,0,0" mass="1" elasticityCoef="1" ang="90,0,0" color="0,220,0" radius="0.5" length="4" />
		<capsule pos="26.450000000000003,2.75,17.25" vel="0,0,0" mass="1" elasticityCoef="1" ang="90,0,0" color="0,220,0" radius="0.5" length="4" />
		<capsule pos="26.450000000000003,2.75,19.550000000000004" vel="0,0,0" mass="1" elasticityCoef="1" ang="90,0,0" color="0,220,0" radius="0.5" length="4" />
		<capsule pos="26.450000000000003,2.75,21.85" vel="0,0,0" mass="1" elasticityCoef="1" ang="90,0,0" color="0,220,0" radius="0.5" length="4" />
		<capsule pos="26.450000000000003,2.75,24.15" vel="0,0,0" mass="1" elasticityCoef="1" ang="90,0,0" color="0,220,0" radius="0.5" length="4" />
		<capsule pos="26.450000000000003,2.75,26.450000000000003" vel="0,0,0" mass="1" elasticityCoef="1" ang="90,0,0" color="0,220,0" radius="0.5" length="4" />
		<capsule pos="26.450000000000003,2.75,28.75" vel="0,0,0" mass="1" elasticityCoef="1" ang="90,0,0" color="0,220,0" radius="0.5" length="4" />
		<capsule pos="26.450000000000003,2.75,31.049999999999997" vel="0,0,0" mass="1" elasticityCoef="1" ang="90,0,0" color="0,220,0" radius="0.5" length="4" />
		<capsule pos="26.450000000000003,8.25,-33.349999999999994" vel="0,0,0" mass="1" elasticityCoef="1" ang="90,0,0" color="0,220,0" radius="0.5" length="4" />
		<capsule pos="26.450000000000003,8.25,-31.049999999999994" vel="0,0,0" mass="1" elasticityCoef="1" ang="90,0,0" color="0,220,0" radius="0.5" length="4" />
		<capsule pos="26.450000000000003,8.25,-28.749999999999993" vel="0,0,0" mass="1" elasticityCoef="1" ang="90,0,0" color="0,220,0" radius="0.5" length="4" />
		<capsule pos="26.450000000000003,8.25,-26.449999999999996" vel="0,0,0" mass="1" elasticityCoef="1" ang="90,0,0" color="0,220,0" radius="0.5" length="4" />
		<capsule pos="26.450000000000003,8.25,-24.149999999999995" vel="0,0,0" mass="1" elasticityCoef="1" ang="90,0,0" color="0,220,0" radius="0.5" length="4" />
		<capsule pos="26.450000000000003,8.25,-21.849999999999994" vel="0,0,0" mass="1" elasticityCoef="1" ang="90,0,0" color="0,220,0" radius="0.5" length="4" />
		<capsule pos="26.450000000000003,8.25,-19.549999999999997" vel="0,0,0" mass="1" elasticityCoef="1" ang="90,0,0" color="0,220,0" radius="0.5" length="4" />
		<capsule pos="26.450000000000003,8.25,-17.249999999999996" vel="0,0,0" mass="1" elasticityCoef="1" ang="90,0,0" color="0,220,0" radius="0.5" length="4" />
		<capsule pos="26.450000000000003,8.25,-14.949999999999996" vel="0,0,0" mass="1" elasticityCoef="1" ang="90,0,0" color="0,220,0" radius="0.5" length="4" />
		<capsule pos="26.450000000000003,8.25,-12.649999999999995" vel="0,0,0" mass="1" elasticityCoef="1" ang="90,0,0" color="0,220,0" radius="0.5" length="4" />
		<capsule pos="26.450000000000003,8.25,-10.349999999999994" vel="0,0,0" mass="1" elasticityCoef="1" ang="90,0,0" color="0,220,0" radius="0.5" length="4" />
		<capsule pos="26.450000000000003,8.25,-8.049999999999997" vel="0,0,0" mass="1" elasticityCoef="1" ang="90,0,0" color="0,220,0" radius="0.5" length="4" />
		<capsule pos="26.450000000000003,8.25,-5.7499999999999964" vel="0,0,0" mass="1" elasticityCoef="1" ang="90,0,0" color="0,220,0" radius="0.5" length="4" />
		<capsule pos="26.450000000000003,8.25,-3.4499999999999957" vel="0,0,0" mass="1" elasticityCoef="1" ang="90,0,0" color="0,220,0" radius="0.5" length="4" />
		<capsule pos="26.450000000000003,8.25,-1.1499999999999986" vel="0,0,0" mass="1" elasticityCoef="1" ang="90,0,0" color="0,220,0" radius="0.5" length="4" />
		<capsule pos="26.450000000000003,8.25,1.1500000000000057" vel="0,0,0" mass="1" elasticityCoef="1" ang="90,0,0" color="0,220,0" radius="0.5" length="4" />
		<capsule pos="26.450000000000003,8.25,3.450000000000003" vel="0,0,0" mass="1" elasticityCoef="1" ang="90,0,0" color="0,220,0" radius="0.5" length="4" />
		<capsule pos="26.450000000000003,8.25,5.75" vel="0,0,0" mass="1" elasticityCoef="1" ang="90,0,0" color="0,220,0" radius="0.5" length="4" />
		<capsule pos="26.450000000000003,8.25,8.050000000000004" vel="0,0,0" mass="1" elasticityCoef="1" ang="90,0,0" color="0,220,0" radius="0.5" length="4" />
		<capsule pos="26.450000000000003,8.25,10.350000000000001" vel="0,0,0" mass="1" elasticityCoef="1" ang="90,0,0" color="0,220,0" radius="0.5" length="4" />
		<capsule pos="26.450000000000003,8.25,12.650000000000006" vel="0,0,0" mass="1" elasticityCoef="1" ang="90,0,0" color="0,220,0" radius="0.5" length="4" />
		<capsule pos="26.450000000000003,8.25,14.950000000000003" vel="0,0,0" mass="1" elasticityCoef="1" ang="90,0,0" color="0,220,0" radius="0.5" length="4" />
		<capsule pos="26.450000000000003,8.25,17.25" vel="0,0,0" mass="1" elasticityCoef="1" ang="90,0,0" color="0,220,0" radius="0.5" length="4" />
		<capsule pos="26.450000000000003,8.25,19.550000000000004" vel="0,0,0" mass="1" elasticityCoef="1" ang="90,0,0" color="0,220,0" radius="0.5" length="4" />
		<capsule pos="26.450000000000003,8.25,21.85" vel="0,0,0" mass="1" elasticityCoef="1" ang="90,0,0" color="0,220,0" radius="0.5" length="4" />
		<capsule pos="26.450000000000003,8.25,24.15" vel="0,0,0" mass="1" elasticityCoef="1" ang="90,0,0" color="0,220,0" radius="0.5" length="4" />
		<capsule pos="26.450000000000003,8.25,26.450000000000003" vel="0,0,0" mass="1" elasticityCoef="1" ang="90,0,0" color="0,220,0" radius="0.5" length="4" />
		<capsule pos="26.450000000000003,8.25,28.75" vel="0,0,0" mass="1" elasticityCoef="1" ang="90,0,0" color="0,220,0" radius="0.5" length="4" />
		<capsule pos="26.450000000000003,8.25,31.049999999999997" vel="0,0,0" mass="1" elasticityCoef="1" ang="90,0,0" color="0,220,0" radius="0.5" length="4" />
		<capsule pos="26.450000000000003,13.75,-33.349999999999994" vel="0,0,0" mass="1" elasticityCoef="1" ang="90,0,0" color="0,220,0" radius="0.5" length="4" />
		<capsule pos="26.450000000000003,13.75,-31.049999999999994" vel="0,0,0" mass="1" elasticityCoef="1" ang="90,0,0" color="0,220,0" radius="0.5" length="4" />
		<capsule pos="26.450000000000003,13.75,-28.749999999999993" vel="0,0,0" mass="1" elasticityCoef="1" ang="90,0,0" color="0,220,0" radius="0.5" length="4" />
		<capsule pos="26.450000000000003,13.75,-26.449999999999996" vel="0,0,0" mass="1" elasticityCoef="1" ang="90,0,0" color="0,220,0" radius="0.5" length="4" />
		<capsule pos="26.450000000000003,13.75,-24.149999999999995" vel="0,0,0" mass="1" elasticityCoef="1" ang="90,0,0" color="0,220,0" radius="0.5" length="4" />
		<capsule pos="26.450000000000003,13.75,-21.849999999999994" vel="0,0,0" mass="1" elasticityCoef="1" ang="90,0,0" color="0,220,0" radius="0.5" length="4" />
		<capsule pos="26.450000000000003,13.75,-19.549999999999997" vel="0,0,0" mass="1" elasticityCoef="1" ang="90,0,0" color="0,220,0" radius="0.5" length="4" />
		<capsule pos="26.450000000000003,13.75,-17.249999999999996" vel="0,0,0" mass="1" elasticityCoef="1" ang="90,0,0" color="0,220,0" radius="0.5" length="4" />
		<capsule pos="26.450000000000003,13.75,-14.949999999999996" vel="0,0,0" mass="1" elasticityCoef="1" ang="90,0,0" color="0,220,0" radius="0.5" length="4" />
		<capsule pos="26.450000000000003,13.75,-12.649999999999995" vel="0,0,0" mass="1" elasticityCoef="1" ang="90,0,0" color="0,220,0" radius="0.5" length="4" />
		<capsule pos="26.450000000000003,13.75,-10.349999999999994" vel="0,0,0" mass="1" elasticityCoef="1" ang="90,0,0" color="0,220,0" radius="0.5" length="4" />
		<capsule pos="26.450000000000003,13.75,-8.049999999999997" vel="0,0,0" mass="1" elasticityCoef="1" ang="90,0,0" color="0,220,0" radius="0.5" length="4" />
		<capsule pos="26.450000000000003,13.75,-5.7499999999999964" vel="0,0,0" mass="1" elasticityCoef="1" ang="90,0,0" color="0,220,0" radius="0.5" length="4" />
		<capsule pos="26.450000000000003,13.75,-3.4499999999999957" vel="0,0,0" mass="1" elasticityCoef="1" ang="90,0,0" color="0,220,0" radius="0.5" length="4" />
		<capsule pos="26.450000000000003,13.75,-1.1499999999999986" vel="0,0,0" mass="1" elasticityCoef="1" ang="90,0,0" color="0,220,0" radius="0.5" length="4" />
		<capsule pos="26.450000000000003,13.75,1.1500000000000057" vel="0,0,0" mass="1" elasticityCoef="1" ang="90,0,0" color="0,220,0" radius="0.5" length="4" />
		<capsule pos="26.450000000000003,13.75,3.450000000000003" vel="0,0,0" mass="1" elasticityCoef="1" ang="90,0,0" color="0,220,0" radius="0.5" length="4" />
		<capsule pos="26.450000000000003,13.75,5.75" vel="0,0,0" mass="1" elasticityCoef="1" ang="90,0,0" color="0,220,0" radius="0.5" length="4" />
		<capsule pos="26.450000000000003,13.75,8.050000000000004" vel="0,0,0" mass="1" elasticityCoef="1" ang="90,0,0" color="0,220,0" radius="0.5" length="4" />
		<capsule pos="26.450000000000003,13.75,10.350000000000001" vel="0,0,0" mass="1" elasticityCoef="1" ang="90,0,0" color="0,220,0" radius="0.5" length="4" />
		<capsule pos="26.450000000000003,13.75,12.650000000000006" vel="0,0,0" mass="1" elasticityCoef="1" ang="90,0,0" color="0,220,0" radius="0.5" length="4" />
		<capsule pos="26.450000000000003,13.75,14.950000000000003" vel="0,0,0" mass="1" elasticityCoef="1" ang="90,0,0" color="0,220,0" radius="0.5" length="4" />
		<capsule pos="26.450000000000003,13.75,17.25" vel="0,0,0" mass="1" elasticityCoef="1" ang="90,0,0" color="0,220,0" radius="0.5" length="4" />
		<capsule pos="26.450000000000003,13.75,19.550000000000004" vel="0,0,0" mass="1" elasticityCoef="1" ang="90,0,0" color="0,220,0" radius="0.5" length="4" />
		<capsule pos="26.450000000000003,13.75,21.85" vel="0,0,0" mass="1" elasticityCoef="1" ang="90,0,0" color="0,220,0" radius="0.5" length="4" />
		<capsule pos="26.450000000000003,13.75,24.15" vel="0,0,0" mass="1" elasticityCoef="1" ang="90,0,0" color="0,220,0" radius="0.5" length="4" />
		<capsule pos="26.450000000000003,13.75,26.450000000000003" vel="0,0,0" mass="1" elasticityCoef="1" ang="90,0,0" color="0,220,0" radius="0.5" length="4" />
		<capsule pos="26.450000000000003,13.75,28.75" vel="0,0,0" mass="1" elasticityCoef="1" ang="90,0,0" color="0,220,0" radius="0.5" length="4" />
		<capsule pos="26.450000000000003,13.75,31.049999999999997" vel="0,0,0" mass="1" elasticityCoef="1" ang="90,0,0" color="0,220,0" radius="0.5" length="4" />
		<capsule pos="26.450000000000003,19.25,-33.349999999999994" vel="0,0,0" mass="1" elasticityCoef="1" ang="90,0,0" color="0,220,0" radius="0.5" length="4" />
		<capsule pos="26.450000000000003,19.25,-31.049999999999994" vel="0,0,0" mass="1" elasticityCoef="1" ang="90,0,0" color="0,220,0" radius="0.5" length="4" />
		<capsule pos="26.450000000000003,19.25,-28.749999999999993" vel="0,0,0" mass="1" elasticityCoef="1" ang="90,0,0" color="0,220,0" radius="0.5" length="4" />
		<capsule pos="26.450000000000003,19.25,-26.449999999999996" vel="0,0,0" mass="1" elasticityCoef="1" ang="90,0,0" color="0,220,0" radius="0.5" length="4" />
		<capsule pos="26.450000000000003,19.25,-24.149999999999995" vel="0,0,0" mass="1" elasticityCoef="1" ang="90,0,0" color="0,220,0" radius="0.5" length="4" />
		<capsule pos="26.450000000000003,19.25,-21.849999999999994" vel="0,0,0" mass="1" elasticityCoef="1" ang="90,0,0" color="0,220,0" radius="0.5" length="4" />
		<capsule pos="26.450000000000003,19.25,-19.549999999999997" vel="0,0,0" mass="1" elasticityCoef="1" ang="90,0,0" color="0,220,0" radius="0.5" length="4" />
		<capsule pos="26.450000000000003,19.25,-17.249999999999996" vel="0,0,0" mass="1" elasticityCoef="1" ang="90,0,0" color="0,220,0" radius="0.5" length="4" />
		<capsule pos="26.450000000000003,19.25,-14.949999999999996" vel="0,0,0" mass="1" elasticityCoef="1" ang="90,0,0" color="0,220,0" radius="0.5" length="4" />
		<capsule pos="26.450000000000003,19.25,-12.649999999999995" vel="0,0,0" mass="1" elasticityCoef="1" ang="90,0,0" color="0,220,0" radius="0.5" length="4" />
		<capsule pos="26.450000000000003,19.25,-10.349999999999994" vel="0,0,0" mass="1" elasticityCoef="1" ang="90,0,0" color="0,220,0" radius="0.5" length="4" />
		<capsule pos="26.450000000000003,19.25,-8.049999999999997" vel="0,0,0" mass="1" elasticityCoef="1" ang="90,0,0" color="0,220,0" radius="0.5" length="4" />
		<capsule pos="26.450000000000003,19.25,-5.7499999999999964" vel="0,0,0" mass="1" elasticityCoef="1" ang="90,0,0" color="0,220,0" radius="0.5" length="4" />
		<capsule pos="26.450000000000003,19.25,-3.4499999999999957" vel="0,0,0" mass="1" elasticityCoef="1" ang="90,0,0" color="0,220,0" radius="0.5" length="4" />
		<capsule pos="26.450000000000003,19.25,-1.1499999999999986" vel="0,0,0" mass="1" elasticityCoef="1" ang="90,0,0" color="0,220,0" radius="0.5" length="4" />
		<capsule pos="26.450000000000003,19.25,1.1500000000000057" vel="0,0,0" mass="1" elasticityCoef="1" ang="90,0,0" color="0,220,0" radius="0.5" length="4" />
		<capsule pos="26.450000000000003,19.25,3.450000000000003" vel="0,0,0" mass="1" elasticityCoef="1" ang="90,0,0" color="0,220,0" radius="0.5" length="4" />
		<capsule pos="26.450000000000003,19.25,5.75" vel="0,0,0" mass="1" elasticityCoef="1" ang="90,0,0" color="0,220,0" radius="0.5" length="4" />
		<capsule pos="26.450000000000003,19.25,8.050000000000004" vel="0,0,0" mass="1" elasticityCoef="1" ang="90,0,0" color="0,220,0" radius="0.5" length="4" />
		<capsule pos="26.450000000000003,19.25,10.350000000000001" vel="0,0,0" mass="1" elasticityCoef="1" ang="90,0,0" color="0,220,0" radius="0.5" length="4" />
		<capsule pos="26.450000000000003,19.25,12.650000000000006" vel="0,0,0" mass="1" elasticityCoef="1" ang="90,0,0" color="0,220,0" radius="0.5" length="4" />
		<capsule pos="26.450000000000003,19.25,14.950000000000003" vel="0,0,0" mass="1" elasticityCoef="1" ang="90,0,0" color="0,220,0" radius="0.5" length="4" />
		<capsule pos="26.450000000000003,19.25,17.25" vel="0,0,0" mass="1" elasticityCoef="1" ang="90,0,0" color="0,220,0" radius="0.5" length="4" />
		<capsule pos="26.450000000000003,19.25,19.550000000000004" vel="0,0,0" mass="1" elasticityCoef="1" ang="90,0,0" color="0,220,0" radius="0.5" length="4" />
		<capsule pos="26.450000000000003,19.25,21.85" vel="0,0,0" mass="1" elasticityCoef="1" ang="90,0,0" color="0,220,0" radius="0.5" length="4" />
		<capsule pos="26.450000000000003,19.25,24.15" vel="0,0,0" mass="1" elasticityCoef="1" ang="90,0,0" color="0,220,0" radius="0.5" length="4" />
		<capsule pos="26.450000000000003,19.25,26.450000000000003" vel="0,0,0" mass="1" elasticityCoef="1" ang="90,0,0" color="0,220,0" radius="0.5" length="4" />
		<capsule pos="26.450000000000003,19.25,28.75" vel="0,0,0" mass="1" elasticityCoef="1" ang="90,0,0" color="0,220,0" radius="0.5" length="4" />
		<capsule pos="26.450000000000003,19.25,31.049999999999997" vel="0,0,0" mass="1" elasticityCoef="1" ang="90,0,0" color="0,220,0" radius="0.5" length="4" />
		<capsule pos="26.450000000000003,24.75,-33.349999999999994" vel="0,0,0" mass="1" elasticityCoef="1" ang="90,0,0" color="0,220,0" radius="0.5" length="4" />
		<capsule pos="26.450000000000003,24.75,-31.049999999999994" vel="0,0,0" mass="1" elasticityCoef="1" ang="90,0,0" color="0,220,0" radius="0.5" length="4" />
		<capsule pos="26.450000000000003,24.75,-28.749999999999993" vel="0,0,0" mass="1" elasticityCoef="1" ang="90,0,0" color="0,220,0" radius="0.5" length="4" />
		<capsule pos="26.450000000000003,24.75,-26.449999999999996" vel="0,0,0" mass="1" elasticityCoef="1" ang="90,0,0" color="0,220,0" radius="0.5" length="4" />
		<capsule pos="26.450000000000003,24.75,-24.149999999999995" vel="0,0,0" mass="1" elasticityCoef="1" ang="90,0,0" color="0,220,0" radius="0.5" length="4" />
		<capsule pos="26.450000000000003,24.75,-21.849999999999994" vel="0,0,0" mass="1" elasticityCoef="1" ang="90,0,0" color="0,220,0" radius="0.5" length="4" />
		<capsule pos="26.450000000000003,24.75,-19.549999999999997" vel="0,0,0" mass="1" elasticityCoef="1" ang="90,0,0" color="0,220,0" radius="0.5" length="4" />
		<capsule pos="26.450000000000003,24.75,-17.249999999999996" vel="0,0,0" mass="1" elasticityCoef="1" ang="90,0,0" color="0,220,0" radius="0.5" length="4" />
		<capsule pos="26.450000000000003,24.75,-14.949999999999996" vel="0,0,0" mass="1" elasticityCoef="1" ang="90,0,0" color="0,220,0" radius="0.5" length="4" />
		<capsule pos="26.450000000000003,24.75,-12.649999999999995" vel="0,0,0" mass="1" elasticityCoef="1" ang="90,0,0" color="0,220,0" radius="0.5" length="4" />
		<capsule pos="26.450000000000003,24.75,-10.349999999999994" vel="0,0,0" mass="1" elasticityCoef="1" ang="90,0,0" color="0,220,0" radius="0.5" length="4" />
		<capsule pos="26.450000000000003,24.75,-8.049999999999997" vel="0,0,0" mass="1" elasticityCoef="1" ang="90,0,0" color="0,220,0" radius="0.5" length="4" />
		<capsule pos="26.450000000000003,24.75,-5.7499999999999964" vel="0,0,0" mass="1" elasticityCoef="1" ang="90,0,0" color="0,220,0" radius="0.5" length="4" />
		<capsule pos="26.450000000000003,24.75,-3.4499999999999957" vel="0,0,0" mass="1" elasticityCoef="1" ang="90,0,0" color="0,220,0" radius="0.5" length="4" />
		<capsule pos="26.450000000000003,24.75,-1.1499999999999986" vel="0,0,0" mass="1" elasticityCoef="1" ang="90,0,0" color="0,220,0" radius="0.5" length="4" />
		<capsule pos="26.450000000000003,24.75,1.1500000000000057" vel="0,0,0" mass="1" elasticityCoef="1" ang="90,0,0" color="0,220,0" radius="0.5" length="4" />
		<capsule pos="26.450000000000003,24.75,3.450000000000003" vel="0,0,0" mass="1" elasticityCoef="1" ang="90,0,0" color="0,220,0" radius="0.5" length="4" />
		<capsule pos="26.450000000000003,24.75,5.75" vel="0,0,0" mass="1" elasticityCoef="1" ang="90,0,0" color="0,220,0" radius="0.5" length="4" />
		<capsule pos="26.450000000000003,24.75,8.050000000000004" vel="0,0,0" mass="1" elasticityCoef="1" ang="90,0,0" color="0,220,0" radius="0.5" length="4" />
		<capsule pos="26.450000000000003,24.75,10.350000000000001" vel="0,0,0" mass="1" elasticityCoef="1" ang="90,0,0" color="0,220,0" radius="0.5" length="4" />
		<capsule pos="26.450000000000003,24.75,12.650000000000006" vel="0,0,0" mass="1" elasticityCoef="1" ang="90,0,0" color="0,220,0" radius="0.5" length="4" />
		<capsule pos="26.450000000000003,24.75,14.950000000000003" vel="0,0,0" mass="1" elasticityCoef="1" ang="90,0,0" color="0,220,0" radius="0.5" length="4" />
		<capsule pos="26.450000000000003,24.75,17.25" vel="0,0,0" mass="1" elasticityCoef="1" ang="90,0,0" color="0,220,0" radius="0.5" length="4" />
		<capsule pos="26.450000000000003,24.75,19.550000000000004" vel="0,0,0" mass="1" elasticityCoef="1" ang="90,0,0" color="0,220,0" radius="0.5" length="4" />
		<capsule pos="26.450000000000003,24.75,21.85" vel="0,0,0" mass="1" elasticityCoef="1" ang="90,0,0" color="0,220,0" radius="0.5" length="4" />
		<capsule pos="26.450000000000003,24.75,24.15" vel="0,0,0" mass="1" elasticityCoef="1" ang="90,0,0" color="0,220,0" radius="0.5" length="4" />
		<capsule pos="26.450000000000003,24.75,26.450000000000003" vel="0,0,0" mass="1" elasticityCoef="1" ang="90,0,0" color="0,220,0" radius="0.5" length="4" />
		<capsule pos="26.450000000000003,24.75,28.75" vel="0,0,0" mass="1" elasticityCoef="1" ang="90,0,0" color="0,220,0" radius="0.5" length="4" />
		<capsule pos="26.450000000000003,24.75,31.049999999999997" vel="0,0,0" mass="1" elasticityCoef="1" ang="90,0,0" color="0,220,0" radius="0.5" length="4" />
		<capsule pos="26.450000000000003,30.25,-33.349999999999994" vel="0,0,0" mass="1" elasticityCoef="1" ang="90,0,0" color="0,220,0" radius="0.5" length="4" />
		<capsule pos="26.450000000000003,30.25,-31.049999999999994" vel="0,0,0" mass="1" elasticityCoef="1" ang="90,0,0" color="0,220,0" radius="0.5" length="4" />
		<capsule pos="26.450000000000003,30.25,-28.749999999999993" vel="0,0,0" mass="1" elasticityCoef="1" ang="90,0,0" color="0,220,0" radius="0.5" length="4" />
		<capsule pos="26.450000000000003,30.25,-26.449999999999996" vel="0,0,0" mass="1" elasticityCoef="1" ang="90,0,0" color="0,220,0" radius="0.5" length="4" />
		<capsule pos="26.450000000000003,30.25,-24.149999999999995" vel="0,0,0" mass="1" elasticityCoef="1" ang="90,0,0" color="0,220,0" radius="0.5" length="4" />
		<capsule pos="26.450000000000003,30.25,-21.849999999999994" vel="0,0,0" mass="1" elasticityCoef="1" ang="90,0,0" color="0,220,0" radius="0.5" length="4" />
		<capsule pos="26.450000000000003,30.25,-19.549999999999997" vel="0,0,0" mass="1" elasticityCoef="1" ang="90,0,0" color="0,220,0" radius="0.5" length="4" />
		<capsule pos="26.450000000000003,30.25,-17.249999999999996" vel="0,0,0" mass="1" elasticityCoef="1" ang="90,0,0" color="0,220,0" radius="0.5" length="4" />
		<capsule pos="26.450000000000003,30.25,-14.949999999999996" vel="0,0,0" mass="1" elasticityCoef="1" ang="90,0,0" color="0,220,0" radius="0.5" length="4" />
		<capsule pos="26.450000000000003,30.25,-12.649999999999995" vel="0,0,0" mass="1" elasticityCoef="1" ang="90,0,0" color="0,220,0" radius="0.5" length="4" />
		<capsule pos="26.450000000000003,30.25,-10.349999999999994" vel="0,0,0" mass="1" elasticityCoef="1" ang="90,0,0" color="0,220,0" radius="0.5" length="4" />
		<capsule pos="26.450000000000003,30.25,-8.049999999999997" vel="0,0,0" mass="1" elasticityCoef="1" ang="90,0,0" color="0,220,0" radius="0.5" length="4" />
		<capsule pos="26.450000000000003,30.25,-5.7499999999999964" vel="0,0,0" mass="1" elasticityCoef="1" ang="90,0,0" color="0,220,0" radius="0.5" length="4" />
		<capsule pos="26.450000000000003,30.25,-3.4499999999999957" vel="0,0,0" mass="1" elasticityCoef="1" ang="90,0,0" color="0,220,0" radius="0.5" length="4" />
		<capsule pos="26.450000000000003,30.25,-1.1499999999999986" vel="0,0,0" mass="1" elasticityCoef="1" ang="90,0,0" color="0,220,0" radius="0.5" length="4" />
		<capsule pos="26.450000000000003,30.25,1.1500000000000057" vel="0,0,0" mass="1" elasticityCoef="1" ang="90,0,0" color="0,220,0" radius="0.5" length="4" />
		<capsule pos="26.450000000000003,30.25,3.450000000000003" vel="0,0,0" mass="1" elasticityCoef="1" ang="90,0,0" color="0,220,0" radius="0.5" length="4" />
		<capsule pos="26.450000000000003,30.25,5.75" vel="0,0,0" mass="1" elasticityCoef="1" ang="90,0,0" color="0,220,0" radius="0.5" length="4" />
		<capsule pos="26.450000000000003,30.25,8.050000000000004" vel="0,0,0" mass="1" elasticityCoef="1" ang="90,0,0" color="0,220,0" radius="0.5" length="4" />
		<capsule pos="26.450000000000003,30.25,10.350000000000001" vel="0,0,0" mass="1" elasticityCoef="1" ang="90,0,0" color="0,220,0" radius="0.5" length="4" />
		<capsule pos="26.450000000000003,30.25,12.650000000000006" vel="0,0,0" mass="1" elasticityCoef="1" ang="90,0,0" color="0,220,0" radius="0.5" length="4" />
		<capsule pos="26.450000000000003,30.25,14.950000000000003" vel="0,0,0" mass="1" elasticityCoef="1" ang="90,0,0" color="0,220,0" radius="0.5" length="4" />
		<capsule pos="26.450000000000003,30.25,17.25" vel="0,0,0" mass="1" elasticityCoef="1" ang="90,0,0" color="0,220,0" radius="0.5" length="4" />
		<capsule pos="26.450000000000003,30.25,19.550000000000004" vel="0,0,0" mass="1" elasticityCoef="1" ang="90,0,0" color="0,220,0" radius="0.5" length="4" />
		<capsule pos="26.450000000000003,30.25,21.85" vel="0,0,0" mass="1" elasticityCoef="1" ang="90,0,0" color="0,220,0" radius="0.5" length="4" />
		<capsule pos="26.450000000000003,30.25,24.15" vel="0,0,0" mass="1" elasticityCoef="1" ang="90,0,0" color="0,220,0" radius="0.5" length="4" />
		<capsule pos="26.450000000000003,30.25,26.450000000000003" vel="0,0,0" mass="1" elasticityCoef="1" ang="90,0,0" color="0,220,0" radius="0.5" length="4" />
		<capsule pos="26.450000000000003,30.25,28.75" vel="0,0,0" mass="1" elasticityCoef="1" ang="90,0,0" color="0,220,0" radius="0.5" length="4" />
		<capsule pos="26.450000000000003,30.25,31.049999999999997" vel="0,0,0" mass="1" elasticityCoef="1" ang="90,0,0" color="0,220,0" radius="0.5" length="4" />
		<capsule pos="26.450000000000003,35.75,-33.349999999999994" vel="0,0,0" mass="1" elasticityCoef="1" ang="90,0,0" color="0,220,0" radius="0.5" length="4" />
		<capsule pos="26.450000000000003,35.75,-31.049999999999994" vel="0,0,0" mass="1" elasticityCoef="1" ang="90,0,0" color="0,220,0" radius="0.5" length="4" />
		<capsule pos="26.450000000000003,35.75,-28.749999999999993" vel="0,0,0" mass="1" elasticityCoef="1" ang="90,0,0" color="0,220,0" radius="0.5" length="4" />
		<capsule pos="26.450000000000003,35.75,-26.449999999999996" vel="0,0,0" mass="1" elasticityCoef="1" ang="90,0,0" color="0,220,0" radius="0.5" length="4" />
		<capsule pos="26.450000000000003,35.75,-24.149999999999995" vel="0,0,0" mass="1" elasticityCoef="1" ang="90,0,0" color="0,220,0" radius="0.5" length="4" />
		<capsule pos="26.450000000000003,35.75,-21.849999999999994" vel="0,0,0" mass="1" elasticityCoef="1" ang="90,0,0" color="0,220,0" radius="0.5" length="4" />
		<capsule pos="26.450000000000003,35.75,-19.549999999999997" vel="0,0,0" mass="1" elasticityCoef="1" ang="90,0,0" color="0,220,0" radius="0.5" length="4" />
		<capsule pos="26.450000000000003,35.75,-17.249999999999996" vel="0,0,0" mass="1" elasticityCoef="1" ang="90,0,0" color="0,220,0" radius="0.5" length="4" />
		<capsule pos="26.450000000000003,35.75,-14.949999999999996" vel="0,0,0" mass="1" elasticityCoef="1" ang="90,0,0" color="0,220,0" radius="0.5" length="4" />
		<capsule pos="26.450000000000003,35.75,-12.649999999999995" vel="0,0,0" mass="1" elasticityCoef="1" ang="90,0,0" color="0,220,0" radius="0.5" length="4" />
		<capsule pos="26.450000000000003,35.75,-10.349999999999994" vel="0,0,0" mass="1" elasticityCoef="1" ang="90,0,0" color="0,220,0" radius="0.5" length="4" />
		<capsule pos="26.450000000000003,35.75,-8.049999999999997" vel="0,0,0" mass="1" elasticityCoef="1" ang="90,0,0" color="0,220,0" radius="0.5" length="4" />
		<capsule pos="26.450000000000003,35.75,-5.7499999999999964" vel="0,0,0" mass="1" elasticityCoef="1" ang="90,0,0" color="0,220,0" radius="0.5" length="4" />
		<capsule pos="26.450000000000003,35.75,-3.4499999999999957" vel="0,0,0" mass="1" elasticityCoef="1" ang="90,0,0" color="0,220,0" radius="0.5" length="4" />
		<capsule pos="26.450000000000003,35.75,-1.1499999999999986" vel="0,0,0" mass="1" elasticityCoef="1" ang="90,0,0" color="0,220,0" radius="0.5" length="4" />
		<capsule pos="26.450000000000003,35.75,1.1500000000000057" vel="0,0,0" mass="1" elasticityCoef="1" ang="90,0,0" color="0,220,0" radius="0.5" length="4" />
		<capsule pos="26.450000000000003,35.75,3.450000000000003" vel="0,0,0" mass="1" elasticityCoef="1" ang="90,0,0" color="0,220,0" radius="0.5" length="4" />
		<capsule pos="26.450000000000003,35.75,5.75" vel="0,0,0" mass="1" elasticityCoef="1" ang="90,0,0" color="0,220,0" radius="0.5" length="4" />
		<capsule pos="26.450000000000003,35.75,8.050000000000004" vel="0,0,0" mass="1" elasticityCoef="1" ang="90,0,0" color="0,220,0" radius="0.5" length="4" />
		<capsule pos="26.450000000000003,35.75,10.350000000000001" vel="0,0,0" mass="1" elasticityCoef="1" ang="90,0,0" color="0,220,0" radius="0.5" length="4" />
		<capsule pos="26.450000000000003,35.75,12.650000000000006" vel="0,0,0" mass="1" elasticityCoef="1" ang="90,0,0" color="0,220,0" radius="0.5" length="4" />
		<capsule pos="26.450000000000003,35.75,14.950000000000003" vel="0,0,0" mass="1" elasticityCoef="1" ang="90,0,0" color="0,220,0" radius="0.5" length="4" />
		<capsule pos="26.450000000000003,35.75,17.25" vel="0,0,0" mass="1" elasticityCoef="1" ang="90,0,0" color="0,220,0" radius="0.5" length="4" />
		<capsule pos="26.450000000000003,35.75,19.550000000000004" vel="0,0,0" mass="1" elasticityCoef="1" ang="90,0,0" color="0,220,0" radius="0.5" length="4" />
		<capsule pos="26.450000000000003,35.75,21.85" vel="0,0,0" mass="1" elasticityCoef="1" ang="90,0,0" color="0,220,0" radius="0.5" length="4" />
		<capsule pos="26.450000000000003,35.75,24.15" vel="0,0,0" mass="1" elasticityCoef="1" ang="90,0,0" color="0,220,0" radius="0.5" length="4" />
		<capsule pos="26.450000000000003,35.75,26.450000000000003" vel="0,0,0" mass="1" elasticityCoef="1" ang="90,0,0" color="0,220,0" radius="0.5" length="4" />
		<capsule pos="26.450000000000003,35.75,28.75" vel="0,0,0" mass="1" elasticityCoef="1" ang="90,0,0" color="0,220,0" radius="0.5" length="4" />
		<capsule pos="26.450000000000003,35.75,31.049999999999997" vel="0,0,0" mass="1" elasticityCoef="1" ang="90,0,0" color="0,220,0" radius="0.5" length="4" />
		<capsule pos="28.75,-41.25,-33.349999999999994" vel="0,0,0" mass="1" elasticityCoef="1" ang="90,0,0" color="0,220,0" radius="0.5" length="4" />
		<capsule pos="28.75,-41.25,-31.049999999999994" vel="0,0,0" mass="1" elasticityCoef="1" ang="90,0,0" color="0,220,0" radius="0.5" length="4" />
		<capsule pos="28.75,-41.25,-28.749999999999993" vel="0,0,0" mass="1" elasticityCoef="1" ang="90,0,0" color="0,220,0" radius="0.5" length="4" />
		<capsule pos="28.75,-41.25,-26.449999999999996" vel="0,0,0" mass="1" elasticityCoef="1" ang="90,0,0" color="0,220,0" radius="0.5" length="4" />
		<capsule pos="28.75,-41.25,-24.149999999999995" vel="0,0,0" mass="1" elasticityCoef="1" ang="90,0,0" color="0,220,0" radius="0.5" length="4" />
		<capsule pos="28.75,-41.25,-21.849999999999994" vel="0,0,0" mass="1" elasticityCoef="1" ang="90,0,0" color="0,220,0" radius="0.5" length="4" />
		<capsule pos="28.75,-41.25,-19.549999999999997" vel="0,0,0" mass="1" elasticityCoef="1" ang="90,0,0" color="0,220,0" radius="0.5" length="4" />
		<capsule pos="28.75,-41.25,-17.249999999999996" vel="0,0,0" mass="1" elasticityCoef="1" ang="90,0,0" color="0,220,0" radius="0.5" length="4" />
		<capsule pos="28.75,-41.25,-14.949999999999996" vel="0,0,0" mass="1" elasticityCoef="1" ang="90,0,0" color="0,220,0" radius="0.5" length="4" />
		<capsule pos="28.75,-41.25,-12.649999999999995" vel="0,0,0" mass="1" elasticityCoef="1" ang="90,0,0" color="0,220,0" radius="0.5" length="4" />
		<capsule pos="28.75,-41.25,-10.349999999999994" vel="0,0,0" mass="1" elasticityCoef="1" ang="90,0,0" color="0,220,0" radius="0.5" length="4" />
		<capsule pos="28.75,-41.25,-8.049999999999997" vel="0,0,0" mass="1" elasticityCoef="1" ang="90,0,0" color="0,220,0" radius="0.5" length="4" />
		<capsule pos="28.75,-41.25,-5.7499999999999964" vel="0,0,0" mass="1" elasticityCoef="1" ang="90,0,0" color="0,220,0" radius="0.5" length="4" />
		<capsule pos="28.75,-41.25,-3.4499999999999957" vel="0,0,0" mass="1" elasticityCoef="1" ang="90,0,0" color="0,220,0" radius="0.5" length="4" />
		<capsule pos="28.75,-41.25,-1.1499999999999986" vel="0,0,0" mass="1" elasticityCoef="1" ang="90,0,0" color="0,220,0" radius="0.5" length="4" />
		<capsule pos="28.75,-41.25,1.1500000000000057" vel="0,0,0" mass="1" elasticityCoef="1" ang="90,0,0" color="0,220,0" radius="0.5" length="4" />
		<capsule pos="28.75,-41.25,3.450000000000003" vel="0,0,0" mass="1" elasticityCoef="1" ang="90,0,0" color="0,220,0" radius="0.5" length="4" />
		<capsule pos="28.75,-41.25,5.75" vel="0,0,0" mass="1" elasticityCoef="1" ang="90,0,0" color="0,220,0" radius="0.5" length="4" />
		<capsule pos="28.75,-41.25,8.050000000000004" vel="0,0,0" mass="1" elasticityCoef="1" ang="90,0,0" color="0,220,0" radius="0.5" length="4" />
		<capsule pos="28.75,-41.25,10.350000000000001" vel="0,0,0" mass="1" elasticityCoef="1" ang="90,0,0" color="0,220,0" radius="0.5" length="4" />
		<capsule pos="28.75,-41.25,12.650000000000006" vel="0,0,0" mass="1" elasticityCoef="1" ang="90,0,0" color="0,220,0" radius="0.5" length="4" />
		<capsule pos="28.75,-41.25,14.950000000000003" vel="0,0,0" mass="1" elasticityCoef="1" ang="90,0,0" color="0,220,0" radius="0.5" length="4" />
		<capsule pos="28.75,-41.25,17.25" vel="0,0,0" mass="1" elasticityCoef="1" ang="90,0,0" color="0,220,0" radius="0.5" length="4" />
		<capsule pos="28.75,-41.25,19.550000000000004" vel="0,0,0" mass="1" elasticityCoef="1" ang="90,0,0" color="0,220,0" radius="0.5" length="4" />
		<capsule pos="28.75,-41.25,21.85" vel="0,0,0" mass="1" elasticityCoef="1" ang="90,0,0" color="0,220,0" radius="0.5" length="4" />
		<capsule pos="28.75,-41.25,24.15" vel="0,0,0" mass="1" elasticityCoef="1" ang="90,0,0" color="0,220,0" radius="0.5" length="4" />
		<capsule pos="28.75,-41.25,26.450000000000003" vel="0,0,0" mass="1" elasticityCoef="1" ang="90,0,0" color="0,220,0" radius="0.5" length="4" />
		<capsule pos="28.75,-41.25,28.75" vel="0,0,0" mass="1" elasticityCoef="1" ang="90,0,0" color="0,220,0" radius="0.5" length="4" />
		<capsule pos="28.75,-41.25,31.049999999999997" vel="0,0,0" mass="1" elasticityCoef="1" ang="90,0,0" color="0,220,0" radius="0.5" length="4" />
		<capsule pos="28.75,-35.75,-33.349999999999994" vel="0,0,0" mass="1" elasticityCoef="1" ang="90,0,0" color="0,220,0" radius="0.5" length="4" />
		<capsule pos="28.75,-35.75,-31.049999999999994" vel="0,0,0" mass="1" elasticityCoef="1" ang="90,0,0" color="0,220,0" radius="0.5" length="4" />
		<capsule pos="28.75,-35.75,-28.749999999999993" vel="0,0,0" mass="1" elasticityCoef="1" ang="90,0,0" color="0,220,0" radius="0.5" length="4" />
		<capsule pos="28.75,-35.75,-26.449999999999996" vel="0,0,0" mass="1" elasticityCoef="1" ang="90,0,0" color="0,220,0" radius="0.5" length="4" />
		<capsule pos="28.75,-35.75,-24.149999999999995" vel="0,0,0" mass="1" elasticityCoef="1" ang="90,0,0" color="0,220,0" radius="0.5" length="4" />
		<capsule pos="28.75,-35.75,-21.849999999999994" vel="0,0,0" mass="1" elasticityCoef="1" ang="90,0,0" color="0,220,0" radius="0.5" length="4" />
		<capsule pos="28.75,-35.75,-19.549999999999997" vel="0,0,0" mass="1" elasticityCoef="1" ang="90,0,0" color="0,220,0" radius="0.5" length="4" />
		<capsule pos="28.75,-35.75,-17.249999999999996" vel="0,0,0" mass="1" elasticityCoef="1" ang="90,0,0" color="0,220,0" radius="0.5" length="4" />
		<capsule pos="28.75,-35.75,-14.949999999999996" vel="0,0,0" mass="1" elasticityCoef="1" ang="90,0,0" color="0,220,0" radius="0.5" length="4" />
		<capsule pos="28.75,-35.75,-12.649999999999995" vel="0,0,0" mass="1" elasticityCoef="1" ang="90,0,0" color="0,220,0" radius="0.5" length="4" />
		<capsule pos="28.75,-35.75,-10.349999999999994" vel="0,0,0" mass="1" elasticityCoef="1" ang="90,0,0" color="0,220,0" radius="0.5" length="4" />
		<capsule pos="28.75,-35.75,-8.049999999999997" vel="0,0,0" mass="1" elasticityCoef="1" ang="90,0,0" color="0,220,0" radius="0.5" length="4" />
		<capsule pos="28.75,-35.75,-5.7499999999999964" vel="0,0,0" mass="1" elasticityCoef="1" ang="90,0,0" color="0,220,0" radius="0.5" length="4" />
		<capsule pos="28.75,-35.75,-3.4499999999999957" vel="0,0,0" mass="1" elasticityCoef="1" ang="90,0,0" color="0,220,0" radius="0.5" length="4" />
		<capsule pos="28.75,-35.75,-1.1499999999999986" vel="0,0,0" mass="1" elasticityCoef="1" ang="90,0,0" color="0,220,0" radius="0.5" length="4" />
		<capsule pos="28.75,-35.75,1.1500000000000057" vel="0,0,0" mass="1" elasticityCoef="1" ang="90,0,0" color="0,220,0" radius="0.5" length="4" />
		<capsule pos="28.75,-35.75,3.450000000000003" vel="0,0,0" mass="1" elasticityCoef="1" ang="90,0,0" color="0,220,0" radius="0.5" length="4" />
		<capsule pos="28.75,-35.75,5.75" vel="0,0,0" mass="1" elasticityCoef="1" ang="90,0,0" color="0,220,0" radius="0.5" length="4" />
		<capsule pos="28.75,-35.75,8.050000000000004" vel="0,0,0" mass="1" elasticityCoef="1" ang="90,0,0" color="0,220,0" radius="0.5" length="4" />
		<capsule pos="28.75,-35.75,10.350000000000001" vel="0,0,0" mass="1" elasticityCoef="1" ang="90,0,0" color="0,220,0" radius="0.5" length="4" />
		<capsule pos="28.75,-35.75,12.650000000000006" vel="0,0,0" mass="1" elasticityCoef="1" ang="90,0,0" color="0,220,0" radius="0.5" length="4" />
		<capsule pos="28.75,-35.75,14.950000000000003" vel="0,0,0" mass="1" elasticityCoef="1" ang="90,0,0" color="0,220,0" radius="0.5" length="4" />
		<capsule pos="28.75,-35.75,17.25" vel="0,0,0" mass="1" elasticityCoef="1" ang="90,0,0" color="0,220,0" radius="0.5" length="4" />
		<capsule pos="28.75,-35.75,19.550000000000004" vel="0,0,0" mass="1" elasticityCoef="1" ang="90,0,0" color="0,220,0" radius="0.5" length="4" />
		<capsule pos="28.75,-35.75,21.85" vel="0,0,0" mass="1" elasticityCoef="1" ang="90,0,0" color="0,220,0" radius="0.5" length="4" />
		<capsule pos="28.75,-35.75,24.15" vel="0,0,0" mass="1" elasticityCoef="1" ang="90,0,0" color="0,220,0" radius="0.5" length="4" />
		<capsule pos="28.75,-35.75,26.450000000000003" vel="0,0,0" mass="1" elasticityCoef="1" ang="90,0,0" color="0,220,0" radius="0.5" length="4" />
		<capsule pos="28.75,-35.75,28.75" vel="0,0,0" mass="1" elasticityCoef="1" ang="90,0,0" color="0,220,0" radius="0.5" length="4" />
		<capsule pos="28.75,-35.75,31.049999999999997" vel="0,0,0" mass="1" elasticityCoef="1" ang="90,0,0" color="0,220,0" radius="0.5" length="4" />
		<capsule pos="28.75,-30.25,-33.349999999999994" vel="0,0,0" mass="1" elasticityCoef="1" ang="90,0,0" color="0,220,0" radius="0.5" length="4" />
		<capsule pos="28.75,-30.25,-31.049999999999994" vel="0,0,0" mass="1" elasticityCoef="1" ang="90,0,0" color="0,220,0" radius="0.5" length="4" />
		<capsule pos="28.75,-30.25,-28.749999999999993" vel="0,0,0" mass="1" elasticityCoef="1" ang="90,0,0" color="0,220,0" radius="0.5" length="4" />
		<capsule pos="28.75,-30.25,-26.449999999999996" vel="0,0,0" mass="1" elasticityCoef="1" ang="90,0,0" color="0,220,0" radius="0.5" length="4" />
		<capsule pos="28.75,-30.25,-24.149999999999995" vel="0,0,0" mass="1" elasticityCoef="1" ang="90,0,0" color="0,220,0" radius="0.5" length="4" />
		<capsule pos="28.75,-30.25,-21.849999999999994" vel="0,0,0" mass="1" elasticityCoef="1" ang="90,0,0" color="0,220,0" radius="0.5" length="4" />
		<capsule pos="28.75,-30.25,-19.549999999999997" vel="0,0,0" mass="1" elasticityCoef="1" ang="90,0,0" color="0,220,0" radius="0.5" length="4" />
		<capsule pos="28.75,-30.25,-17.249999999999996" vel="0,0,0" mass="1" elasticityCoef="1" ang="90,0,0" color="0,220,0" radius="0.5" length="4" />
		<capsule pos="28.75,-30.25,-14.949999999999996" vel="0,0,0" mass="1" elasticityCoef="1" ang="90,0,0" color="0,220,0" radius="0.5" length="4" />
		<capsule pos="28.75,-30.25,-12.649999999999995" vel="0,0,0" mass="1" elasticityCoef="1" ang="90,0,0" color="0,220,0" radius="0.5" length="4" />
		<capsule pos="28.75,-30.25,-10.349999999999994" vel="0,0,0" mass="1" elasticityCoef="1" ang="90,0,0" color="0,220,0" radius="0.5" length="4" />
		<capsule pos="28.75,-30.25,-8.049999999999997" vel="0,0,0" mass="1" elasticityCoef="1" ang="90,0,0" color="0,220,0" radius="0.5" length="4" />
		<capsule pos="28.75,-30.25,-5.7499999999999964" vel="0,0,0" mass="1" elasticityCoef="1" ang="90,0,0" color="0,220,0" radius="0.5" length="4" />
		<capsule pos="28.75,-30.25,-3.4499999999999957" vel="0,0,0" mass="1" elasticityCoef="1" ang="90,0,0" color="0,220,0" radius="0.5" length="4" />
		<capsule pos="28.75,-30.25,-1.1499999999999986" vel="0,0,0" mass="1" elasticityCoef="1" ang="90,0,0" color="0,220,0" radius="0.5" length="4" />
		<capsule pos="28.75,-30.25,1.1500000000000057" vel="0,0,0" mass="1" elasticityCoef="1" ang="90,0,0" color="0,220,0" radius="0.5" length="4" />
		<capsule pos="28.75,-30.25,3.450000000000003" vel="0,0,0" mass="1" elasticityCoef="1" ang="90,0,0" color="0,220,0" radius="0.5" length="4" />
		<capsule pos="28.75,-30.25,5.75" vel="0,0,0" mass="1" elasticityCoef="1" ang="90,0,0" color="0,220,0" radius="0.5" length="4" />
		<capsule pos="28.75,-30.25,8.050000000000004" vel="0,0,0" mass="1" elasticityCoef="1" ang="90,0,0" color="0,220,0" radius="0.5" length="4" />
		<capsule pos="28.75,-30.25,10.350000000000001" vel="0,0,0" mass="1" elasticityCoef="1" ang="90,0,0" color="0,220,0" radius="0.5" length="4" />
		<capsule pos="28.75,-30.25,12.650000000000006" vel="0,0,0" mass="1" elasticityCoef="1" ang="90,0,0" color="0,220,0" radius="0.5" length="4" />
		<capsule pos="28.75,-30.25,14.950000000000003" vel="0,0,0" mass="1" elasticityCoef="1" ang="90,0,0" color="0,220,0" radius="0.5" length="4" />
		<capsule pos="28.75,-30.25,17.25" vel="0,0,0" mass="1" elasticityCoef="1" ang="90,0,0" color="0,220,0" radius="0.5" length="4" />
		<capsule pos="28.75,-30.25,19.550000000000004" vel="0,0,0" mass="1" elasticityCoef="1" ang="90,0,0" color="0,220,0" radius="0.5" length="4" />
		<capsule pos="28.75,-30.25,21.85" vel="0,0,0" mass="1" elasticityCoef="1" ang="90,0,0" color="0,220,0" radius="0.5" length="4" />
		<capsule pos="28.75,-30.25,24.15" vel="0,0,0" mass="1" elasticityCoef="1" ang="90,0,0" color="0,220,0" radius="0.5" length="4" />
		<capsule pos="28.75,-30.25,26.450000000000003" vel="0,0,0" mass="1" elasticityCoef="1" ang="90,0,0" color="0,220,0" radius="0.5" length="4" />
		<capsule pos="28.75,-30.25,28.75" vel="0,0,0" mass="1" elasticityCoef="1" ang="90,0,0" color="0,220,0" radius="0.5" length="4" />
		<capsule pos="28.75,-30.25,31.049999999999997" vel="0,0,0" mass="1" elasticityCoef="1" ang="90,0,0" color="0,220,0" radius="0.5" length="4" />
		<capsule pos="28.75,-24.75,-33.349999999999994" vel="0,0,0" mass="1" elasticityCoef="1" ang="90,0,0" color="0,220,0" radius="0.5" length="4" />
		<capsule pos="28.75,-24.75,-31.049999999999994" vel="0,0,0" mass="1" elasticityCoef="1" ang="90,0,0" color="0,220,0" radius="0.5" length="4" />
		<capsule pos="28.75,-24.75,-28.749999999999993" vel="0,0,0" mass="1" elasticityCoef="1" ang="90,0,0" color="0,220,0" radius="0.5" length="4" />
		<capsule pos="28.75,-24.75,-26.449999999999996" vel="0,0,0" mass="1" elasticityCoef="1" ang="90,0,0" color="0,220,0" radius="0.5" length="4" />
		<capsule pos="28.75,-24.75,-24.149999999999995" vel="0,0,0" mass="1" elasticityCoef="1" ang="90,0,0" color="0,220,0" radius="0.5" length="4" />
		<capsule pos="28.75,-24.75,-21.849999999999994" vel="0,0,0" mass="1" elasticityCoef="1" ang="90,0,0" color="0,220,0" radius="0.5" length="4" />
		<capsule pos="28.75,-24.75,-19.549999999999997" vel="0,0,0" mass="1" elasticityCoef="1" ang="90,0,0" color="0,220,0" radius="0.5" length="4" />
		<capsule pos="28.75,-24.75,-17.249999999999996" vel="0,0,0" mass="1" elasticityCoef="1" ang="90,0,0" color="0,220,0" radius="0.5" length="4" />
		<capsule pos="28.75,-24.75,-14.949999999999996" vel="0,0,0" mass="1" elasticityCoef="1" ang="90,0,0" color="0,220,0" radius="0.5" length="4" />
		<capsule pos="28.75,-24.75,-12.649999999999995" vel="0,0,0" mass="1" elasticityCoef="1" ang="90,0,0" color="0,220,0" radius="0.5" length="4" />
		<capsule pos="28.75,-24.75,-10.349999999999994" vel="0,0,0" mass="1" elasticityCoef="1" ang="90,0,0" color="0,220,0" radius="0.5" length="4" />
		<capsule pos="28.75,-24.75,-8.049999999999997" vel="0,0,0" mass="1" elasticityCoef="1" ang="90,0,0" color="0,220,0" radius="0.5" length="4" />
		<capsule pos="28.75,-24.75,-5.7499999999999964" vel="0,0,0" mass="1" elasticityCoef="1" ang="90,0,0" color="0,220,0" radius="0.5" length="4" />
		<capsule pos="28.75,-24.75,-3.4499999999999957" vel="0,0,0" mass="1" elasticityCoef="1" ang="90,0,0" color="0,220,0" radius="0.5" length="4" />
		<capsule pos="28.75,-24.75,-1.1499999999999986" vel="0,0,0" mass="1" elasticityCoef="1" ang="90,0,0" color="0,220,0" radius="0.5" length="4" />
		<capsule pos="28.75,-24.75,1.1500000000000057" vel="0,0,0" mass="1" elasticityCoef="1" ang="90,0,0" color="0,220,0" radius="0.5" length="4" />
		<capsule pos="28.75,-24.75,3.450000000000003" vel="0,0,0" mass="1" elasticityCoef="1" ang="90,0,0" color="0,220,0" radius="0.5" length="4" />
		<capsule pos="28.75,-24.75,5.75" vel="0,0,0" mass="1" elasticityCoef="1" ang="90,0,0" color="0,220,0" radius="0.5" length="4" />
		<capsule pos="28.75,-24.75,8.050000000000004" vel="0,0,0" mass="1" elasticityCoef="1" ang="90,0,0" color="0,220,0" radius="0.5" length="4" />
		<capsule pos="28.75,-24.75,10.350000000000001" vel="0,0,0" mass="1" elasticityCoef="1" ang="90,0,0" color="0,220,0" radius="0.5" length="4" />
		<capsule pos="28.75,-24.75,12.650000000000006" vel="0,0,0" mass="1" elasticityCoef="1" ang="90,0,0" color="0,220,0" radius="0.5" length="4" />
		<capsule pos="28.75,-24.75,14.950000000000003" vel="0,0,0" mass="1" elasticityCoef="1" ang="90,0,0" color="0,220,0" radius="0.5" length="4" />
		<capsule pos="28.75,-24.75,17.25" vel="0,0,0" mass="1" elasticityCoef="1" ang="90,0,0" color="0,220,0" radius="0.5" length="4" />
		<capsule pos="28.75,-24.75,19.550000000000004" vel="0,0,0" mass="1" elasticityCoef="1" ang="90,0,0" color="0,220,0" radius="0.5" length="4" />
		<capsule pos="28.75,-24.75,21.85" vel="0,0,0" mass="1" elasticityCoef="1" ang="90,0,0" color="0,220,0" radius="0.5" length="4" />
		<capsule pos="28.75,-24.75,24.15" vel="0,0,0" mass="1" elasticityCoef="1" ang="90,0,0" color="0,220,0" radius="0.5" length="4" />
		<capsule pos="28.75,-24.75,26.450000000000003" vel="0,0,0" mass="1" elasticityCoef="1" ang="90,0,0" color="0,220,0" radius="0.5" length="4" />
		<capsule pos="28.75,-24.75,28.75" vel="0,0,0" mass="1" elasticityCoef="1" ang="90,0,0" color="0,220,0" radius="0.5" length="4" />
		<capsule pos="28.75,-24.75,31.049999999999997" vel="0,0,0" mass="1" elasticityCoef="1" ang="90,0,0" color="0,220,0" radius="0.5" length="4" />
		<capsule pos="28.75,-19.25,-33.349999999999994" vel="0,0,0" mass="1" elasticityCoef="1" ang="90,0,0" color="0,220,0" radius="0.5" length="4" />
		<capsule pos="28.75,-19.25,-31.049999999999994" vel="0,0,0" mass="1" elasticityCoef="1" ang="90,0,0" color="0,220,0" radius="0.5" length="4" />
		<capsule pos="28.75,-19.25,-28.749999999999993" vel="0,0,0" mass="1" elasticityCoef="1" ang="90,0,0" color="0,220,0" radius="0.5" length="4" />
		<capsule pos="28.75,-19.25,-26.449999999999996" vel="0,0,0" mass="1" elasticityCoef="1" ang="90,0,0" color="0,220,0" radius="0.5" length="4" />
		<capsule pos="28.75,-19.25,-24.149999999999995" vel="0,0,0" mass="1" elasticityCoef="1" ang="90,0,0" color="0,220,0" radius="0.5" length="4" />
		<capsule pos="28.75,-19.25,-21.849999999999994" vel="0,0,0" mass="1" elasticityCoef="1" ang="90,0,0" color="0,220,0" radius="0.5" length="4" />
		<capsule pos="28.75,-19.25,-19.549999999999997" vel="0,0,0" mass="1" elasticityCoef="1" ang="90,0,0" color="0,220,0" radius="0.5" length="4" />
		<capsule pos="28.75,-19.25,-17.249999999999996" vel="0,0,0" mass="1" elasticityCoef="1" ang="90,0,0" color="0,220,0" radius="0.5" length="4" />
		<capsule pos="28.75,-19.25,-14.949999999999996" vel="0,0,0" mass="1" elasticityCoef="1" ang="90,0,0" color="0,220,0" radius="0.5" length="4" />
		<capsule pos="28.75,-19.25,-12.649999999999995" vel="0,0,0" mass="1" elasticityCoef="1" ang="90,0,0" color="0,220,0" radius="0.5" length="4" />
		<capsule pos="28.75,-19.25,-10.349999999999994" vel="0,0,0" mass="1" elasticityCoef="1" ang="90,0,0" color="0,220,0" radius="0.5" length="4" />
		<capsule pos="28.75,-19.25,-8.049999999999997" vel="0,0,0" mass="1" elasticityCoef="1" ang="90,0,0" color="0,220,0" radius="0.5" length="4" />
		<capsule pos="28.75,-19.25,-5.7499999999999964" vel="0,0,0" mass="1" elasticityCoef="1" ang="90,0,0" color="0,220,0" radius="0.5" length="4" />
		<capsule pos="28.75,-19.25,-3.4499999999999957" vel="0,0,0" mass="1" elasticityCoef="1" ang="90,0,0" color="0,220,0" radius="0.5" length="4" />
		<capsule pos="28.75,-19.25,-1.1499999999999986" vel="0,0,0" mass="1" elasticityCoef="1" ang="90,0,0" color="0,220,0" radius="0.5" length="4" />
		<capsule pos="28.75,-19.25,1.1500000000000057" vel="0,0,0" mass="1" elasticityCoef="1" ang="90,0,0" color="0,220,0" radius="0.5" length="4" />
		<capsule pos="28.75,-19.25,3.450000000000003" vel="0,0,0" mass="1" elasticityCoef="1" ang="90,0,0" color="0,220,0" radius="0.5" length="4" />
		<capsule pos="28.75,-19.25,5.75" vel="0,0,0" mass="1" elasticityCoef="1" ang="90,0,0" color="0,220,0" radius="0.5" length="4" />
		<capsule pos="28.75,-19.25,8.050000000000004" vel="0,0,0" mass="1" elasticityCoef="1" ang="90,0,0" color="0,220,0" radius="0.5" length="4" />
		<capsule pos="28.75,-19.25,10.350000000000001" vel="0,0,0" mass="1" elasticityCoef="1" ang="90,0,0" color="0,220,0" radius="0.5" length="4" />
		<capsule pos="28.75,-19.25,12.650000000000006" vel="0,0,0" mass="1" elasticityCoef="1" ang="90,0,0" color="0,220,0" radius="0.5" length="4" />
		<capsule pos="28.75,-19.25,14.950000000000003" vel="0,0,0" mass="1" elasticityCoef="1" ang="90,0,0" color="0,220,0" radius="0.5" length="4" />
		<capsule pos="28.75,-19.25,17.25" vel="0,0,0" mass="1" elasticityCoef="1" ang="90,0,0" color="0,220,0" radius="0.5" length="4" />
		<capsule pos="28.75,-19.25,19.550000000000004" vel="0,0,0" mass="1" elasticityCoef="1" ang="90,0,0" color="0,220,0" radius="0.5" length="4" />
		<capsule pos="28.75,-19.25,21.85" vel="0,0,0" mass="1" elasticityCoef="1" ang="90,0,0" color="0,220,0" radius="0.5" length="4" />
		<capsule pos="28.75,-19.25,24.15" vel="0,0,0" mass="1" elasticityCoef="1" ang="90,0,0" color="0,220,0" radius="0.5" length="4" />
		<capsule pos="28.75,-19.25,26.450000000000003" vel="0,0,0" mass="1" elasticityCoef="1" ang="90,0,0" color="0,220,0" radius="0.5" length="4" />
		<capsule pos="28.75,-19.25,28.75" vel="0,0,0" mass="1" elasticityCoef="1" ang="90,0,0" color="0,220,0" radius="0.5" length="4" />
		<capsule pos="28.75,-19.25,31.049999999999997" vel="0,0,0" mass="1" elasticityCoef="1" ang="90,0,0" color="0,220,0" radius="0.5" length="4" />
		<capsule pos="28.75,-13.75,-33.349999999999994" vel="0,0,0" mass="1" elasticityCoef="1" ang="90,0,0" color="0,220,0" radius="0.5" length="4" />
		<capsule pos="28.75,-13.75,-31.049999999999994" vel="0,0,0" mass="1" elasticityCoef="1" ang="90,0,0" color="0,220,0" radius="0.5" length="4" />
		<capsule pos="28.75,-13.75,-28.749999999999993" vel="0,0,0" mass="1" elasticityCoef="1" ang="90,0,0" color="0,220,0" radius="0.5" length="4" />
		<capsule pos="28.75,-13.75,-26.449999999999996" vel="0,0,0" mass="1" elasticityCoef="1" ang="90,0,0" color="0,220,0" radius="0.5" length="4" />
		<capsule pos="28.75,-13.75,-24.149999999999995" vel="0,0,0" mass="1" elasticityCoef="1" ang="90,0,0" color="0,220,0" radius="0.5" length="4" />
		<capsule pos="28.75,-13.75,-21.849999999999994" vel="0,0,0" mass="1" elasticityCoef="1" ang="90,0,0" color="0,220,0" radius="0.5" length="4" />
		<capsule pos="28.75,-13.75,-19.549999999999997" vel="0,0,0" mass="1" elasticityCoef="1" ang="90,0,0" color="0,220,0" radius="0.5" length="4" />
		<capsule pos="28.75,-13.75,-17.249999999999996" vel="0,0,0" mass="1" elasticityCoef="1" ang="90,0,0" color="0,220,0" radius="0.5" length="4" />
		<capsule pos="28.75,-13.75,-14.949999999999996" vel="0,0,0" mass="1" elasticityCoef="1" ang="90,0,0" color="0,220,0" radius="0.5" length="4" />
		<capsule pos="28.75,-13.75,-12.649999999999995" vel="0,0,0" mass="1" elasticityCoef="1" ang="90,0,0" color="0,220,0" radius="0.5" length="4" />
		<capsule pos="28.75,-13.75,-10.349999999999994" vel="0,0,0" mass="1" elasticityCoef="1" ang="90,0,0" color="0,220,0" radius="0.5" length="4" />
		<capsule pos="28.75,-13.75,-8.049999999999997" vel="0,0,0" mass="1" elasticityCoef="1" ang="90,0,0" color="0,220,0" radius="0.5" length="4" />
		<capsule pos="28.75,-13.75,-5.7499999999999964" vel="0,0,0" mass="1" elasticityCoef="1" ang="90,0,0" color="0,220,0" radius="0.5" length="4" />
		<capsule pos="28.75,-13.75,-3.4499999999999957" vel="0,0,0" mass="1" elasticityCoef="1" ang="90,0,0" color="0,220,0" radius="0.5" length="4" />
		<capsule pos="28.75,-13.75,-1.1499999999999986" vel="0,0,0" mass="1" elasticityCoef="1" ang="90,0,0" color="0,220,0" radius="0.5" length="4" />
		<capsule pos="28.75,-13.75,1.1500000000000057" vel="0,0,0" mass="1" elasticityCoef="1" ang="90,0,0" color="0,220,0" radius="0.5" length="4" />
		<capsule pos="28.75,-13.75,3.450000000000003" vel="0,0,0" mass="1" elasticityCoef="1" ang="90,0,0" color="0,220,0" radius="0.5" length="4" />
		<capsule pos="28.75,-13.75,5.75" vel="0,0,0" mass="1" elasticityCoef="1" ang="90,0,0" color="0,220,0" radius="0.5" length="4" />
		<capsule pos="28.75,-13.75,8.050000000000004" vel="0,0,0" mass="1" elasticityCoef="1" ang="90,0,0" color="0,220,0" radius="0.5" length="4" />
		<capsule pos="28.75,-13.75,10.350000000000001" vel="0,0,0" mass="1" elasticityCoef="1" ang="90,0,0" color="0,220,0" radius="0.5" length="4" />
		<capsule pos="28.75,-13.75,12.650000000000006" vel="0,0,0" mass="1" elasticityCoef="1" ang="90,0,0" color="0,220,0" radius="0.5" length="4" />
		<capsule pos="28.75,-13.75,14.950000000000003" vel="0,0,0" mass="1" elasticityCoef="1" ang="90,0,0" color="0,220,0" radius="0.5" length="4" />
		<capsule pos="28.75,-13.75,17.25" vel="0,0,0" mass="1" elasticityCoef="1" ang="90,0,0" color="0,220,0" radius="0.5" length="4" />
		<capsule pos="28.75,-13.75,19.550000000000004" vel="0,0,0" mass="1" elasticityCoef="1" ang="90,0,0" color="0,220,0" radius="0.5" length="4" />
		<capsule pos="28.75,-13.75,21.85" vel="0,0,0" mass="1" elasticityCoef="1" ang="90,0,0" color="0,220,0" radius="0.5" length="4" />
		<capsule pos="28.75,-13.75,24.15" vel="0,0,0" mass="1" elasticityCoef="1" ang="90,0,0" color="0,220,0" radius="0.5" length="4" />
		<capsule pos="28.75,-13.75,26.450000000000003" vel="0,0,0" mass="1" elasticityCoef="1" ang="90,0,0" color="0,220,0" radius="0.5" length="4" />
		<capsule pos="28.75,-13.75,28.75" vel="0,0,0" mass="1" elasticityCoef="1" ang="90,0,0" color="0,220,0" radius="0.5" length="4" />
		<capsule pos="28.75,-13.75,31.049999999999997" vel="0,0,0" mass="1" elasticityCoef="1" ang="90,0,0" color="0,220,0" radius="0.5" length="4" />
		<capsule pos="28.75,-8.25,-33.349999999999994" vel="0,0,0" mass="1" elasticityCoef="1" ang="90,0,0" color="0,220,0" radius="0.5" length="4" />
		<capsule pos="28.75,-8.25,-31.049999999999994" vel="0,0,0" mass="1" elasticityCoef="1" ang="90,0,0" color="0,220,0" radius="0.5" length="4" />
		<capsule pos="28.75,-8.25,-28.749999999999993" vel="0,0,0" mass="1" elasticityCoef="1" ang="90,0,0" color="0,220,0" radius="0.5" length="4" />
		<capsule pos="28.75,-8.25,-26.449999999999996" vel="0,0,0" mass="1" elasticityCoef="1" ang="90,0,0" color="0,220,0" radius="0.5" length="4" />
		<capsule pos="28.75,-8.25,-24.149999999999995" vel="0,0,0" mass="1" elasticityCoef="1" ang="90,0,0" color="0,220,0" radius="0.5" length="4" />
		<capsule pos="28.75,-8.25,-21.849999999999994" vel="0,0,0" mass="1" elasticityCoef="1" ang="90,0,0" color="0,220,0" radius="0.5" length="4" />
		<capsule pos="28.75,-8.25,-19.549999999999997" vel="0,0,0" mass="1" elasticityCoef="1" ang="90,0,0" color="0,220,0" radius="0.5" length="4" />
		<capsule pos="28.75,-8.25,-17.249999999999996" vel="0,0,0" mass="1" elasticityCoef="1" ang="90,0,0" color="0,220,0" radius="0.5" length="4" />
		<capsule pos="28.75,-8.25,-14.949999999999996" vel="0,0,0" mass="1" elasticityCoef="1" ang="90,0,0" color="0,220,0" radius="0.5" length="4" />
		<capsule pos="28.75,-8.25,-12.649999999999995" vel="0,0,0" mass="1" elasticityCoef="1" ang="90,0,0" color="0,220,0" radius="0.5" length="4" />
		<capsule pos="28.75,-8.25,-10.349999999999994" vel="0,0,0" mass="1" elasticityCoef="1" ang="90,0,0" color="0,220,0" radius="0.5" length="4" />
		<capsule pos="28.75,-8.25,-8.049999999999997" vel="0,0,0" mass="1" elasticityCoef="1" ang="90,0,0" color="0,220,0" radius="0.5" length="4" />
		<capsule pos="28.75,-8.25,-5.7499999999999964" vel="0,0,0" mass="1" elasticityCoef="1" ang="90,0,0" color="0,220,0" radius="0.5" length="4" />
		<capsule pos="28.75,-8.25,-3.4499999999999957" vel="0,0,0" mass="1" elasticityCoef="1" ang="90,0,0" color="0,220,0" radius="0.5" length="4" />
		<capsule pos="28.75,-8.25,-1.1499999999999986" vel="0,0,0" mass="1" elasticityCoef="1" ang="90,0,0" color="0,220,0" radius="0.5" length="4" />
		<capsule pos="28.75,-8.25,1.1500000000000057" vel="0,0,0" mass="1" elasticityCoef="1" ang="90,0,0" color="0,220,0" radius="0.5" length="4" />
		<capsule pos="28.75,-8.25,3.450000000000003" vel="0,0,0" mass="1" elasticityCoef="1" ang="90,0,0" color="0,220,0" radius="0.5" length="4" />
		<capsule pos="28.75,-8.25,5.75" vel="0,0,0" mass="1" elasticityCoef="1" ang="90,0,0" color="0,220,0" radius="0.5" length="4" />
		<capsule pos="28.75,-8.25,8.050000000000004" vel="0,0,0" mass="1" elasticityCoef="1" ang="90,0,0" color="0,220,0" radius="0.5" length="4" />
		<capsule pos="28.75,-8.25,10.350000000000001" vel="0,0,0" mass="1" elasticityCoef="1" ang="90,0,0" color="0,220,0" radius="0.5" length="4" />
		<capsule pos="28.75,-8.25,12.650000000000006" vel="0,0,0" mass="1" elasticityCoef="1" ang="90,0,0" color="0,220,0" radius="0.5" length="4" />
		<capsule pos="28.75,-8.25,14.950000000000003" vel="0,0,0" mass="1" elasticityCoef="1" ang="90,0,0" color="0,220,0" radius="0.5" length="4" />
		<capsule pos="28.75,-8.25,17.25" vel="0,0,0" mass="1" elasticityCoef="1" ang="90,0,0" color="0,220,0" radius="0.5" length="4" />
		<capsule pos="28.75,-8.25,19.550000000000004" vel="0,0,0" mass="1" elasticityCoef="1" ang="90,0,0" color="0,220,0" radius="0.5" length="4" />
		<capsule pos="28.75,-8.25,21.85" vel="0,0,0" mass="1" elasticityCoef="1" ang="90,0,0" color="0,220,0" radius="0.5" length="4" />
		<capsule pos="28.75,-8.25,24.15" vel="0,0,0" mass="1" elasticityCoef="1" ang="90,0,0" color="0,220,0" radius="0.5" length="4" />
		<capsule pos="28.75,-8.25,26.450000000000003" vel="0,0,0" mass="1" elasticityCoef="1" ang="90,0,0" color="0,220,0" radius="0.5" length="4" />
		<capsule pos="28.75,-8.25,28.75" vel="0,0,0" mass="1" elasticityCoef="1" ang="90,0,0" color="0,220,0" radius="0.5" length="4" />
		<capsule pos="28.75,-8.25,31.049999999999997" vel="0,0,0" mass="1" elasticityCoef="1" ang="90,0,0" color="0,220,0" radius="0.5" length="4" />
		<capsule pos="28.75,-2.75,-33.349999999999994" vel="0,0,0" mass="1" elasticityCoef="1" ang="90,0,0" color="0,220,0" radius="0.5" length="4" />
		<capsule pos="28.75,-2.75,-31.049999999999994" vel="0,0,0" mass="1" elasticityCoef="1" ang="90,0,0" color="0,220,0" radius="0.5" length="4" />
		<capsule pos="28.75,-2.75,-28.749999999999993" vel="0,0,0" mass="1" elasticityCoef="1" ang="90,0,0" color="0,220,0" radius="0.5" length="4" />
		<capsule pos="28.75,-2.75,-26.449999999999996" vel="0,0,0" mass="1" elasticityCoef="1" ang="90,0,0" color="0,220,0" radius="0.5" length="4" />
		<capsule pos="28.75,-2.75,-24.149999999999995" vel="0,0,0" mass="1" elasticityCoef="1" ang="90,0,0" color="0,220,0" radius="0.5" length="4" />
		<capsule pos="28.75,-2.75,-21.849999999999994" vel="0,0,0" mass="1" elasticityCoef="1" ang="90,0,0" color="0,220,0" radius="0.5" length="4" />
		<capsule pos="28.75,-2.75,-19.549999999999997" vel="0,0,0" mass="1" elasticityCoef="1" ang="90,0,0" color="0,220,0" radius="0.5" length="4" />
		<capsule pos="28.75,-2.75,-17.249999999999996" vel="0,0,0" mass="1" elasticityCoef="1" ang="90,0,0" color="0,220,0" radius="0.5" length="4" />
		<capsule pos="28.75,-2.75,-14.949999999999996" vel="0,0,0" mass="1" elasticityCoef="1" ang="90,0,0" color="0,220,0" radius="0.5" length="4" />
		<capsule pos="28.75,-2.75,-12.649999999999995" vel="0,0,0" mass="1" elasticityCoef="1" ang="90,0,0" color="0,220,0" radius="0.5" length="4" />
		<capsule pos="28.75,-2.75,-10.349999999999994" vel="0,0,0" mass="1" elasticityCoef="1" ang="90,0,0" color="0,220,0" radius="0.5" length="4" />
		<capsule pos="28.75,-2.75,-8.049999999999997" vel="0,0,0" mass="1" elasticityCoef="1" ang="90,0,0" color="0,220,0" radius="0.5" length="4" />
		<capsule pos="28.75,-2.75,-5.7499999999999964" vel="0,0,0" mass="1" elasticityCoef="1" ang="90,0,0" color="0,220,0" radius="0.5" length="4" />
		<capsule pos="28.75,-2.75,-3.4499999999999957" vel="0,0,0" mass="1" elasticityCoef="1" ang="90,0,0" color="0,220,0" radius="0.5" length="4" />
		<capsule pos="28.75,-2.75,-1.1499999999999986" vel="0,0,0" mass="1" elasticityCoef="1" ang="90,0,0" color="0,220,0" radius="0.5" length="4" />
		<capsule pos="28.75,-2.75,1.1500000000000057" vel="0,0,0" mass="1" elasticityCoef="1" ang="90,0,0" color="0,220,0" radius="0.5" length="4" />
		<capsule pos="28.75,-2.75,3.450000000000003" vel="0,0,0" mass="1" elasticityCoef="1" ang="90,0,0" color="0,220,0" radius="0.5" length="4" />
		<capsule pos="28.75,-2.75,5.75" vel="0,0,0" mass="1" elasticityCoef="1" ang="90,0,0" color="0,220,0" radius="0.5" length="4" />
		<capsule pos="28.75,-2.75,8.050000000000004" vel="0,0,0" mass="1" elasticityCoef="1" ang="90,0,0" color="0,220,0" radius="0.5" length="4" />
		<capsule pos="28.75,-2.75,10.350000000000001" vel="0,0,0" mass="1" elasticityCoef="1" ang="90,0,0" color="0,220,0" radius="0.5" length="4" />
		<capsule pos="28.75,-2.75,12.650000000000006" vel="0,0,0" mass="1" elasticityCoef="1" ang="90,0,0" color="0,220,0" radius="0.5" length="4" />
		<capsule pos="28.75,-2.75,14.950000000000003" vel="0,0,0" mass="1" elasticityCoef="1" ang="90,0,0" color="0,220,0" radius="0.5" length="4" />
		<capsule pos="28.75,-2.75,17.25" vel="0,0,0" mass="1" elasticityCoef="1" ang="90,0,0" color="0,220,0" radius="0.5" length="4" />
		<capsule pos="28.75,-2.75,19.550000000000004" vel="0,0,0" mass="1" elasticityCoef="1" ang="90,0,0" color="0,220,0" radius="0.5" length="4" />
		<capsule pos="28.75,-2.75,21.85" vel="0,0,0" mass="1" elasticityCoef="1" ang="90,0,0" color="0,220,0" radius="0.5" length="4" />
		<capsule pos="28.75,-2.75,24.15" vel="0,0,0" mass="1" elasticityCoef="1" ang="90,0,0" color="0,220,0" radius="0.5" length="4" />
		<capsule pos="28.75,-2.75,26.450000000000003" vel="0,0,0" mass="1" elasticityCoef="1" ang="90,0,0" color="0,220,0" radius="0.5" length="4" />
		<capsule pos="28.75,-2.75,28.75" vel="0,0,0" mass="1" elasticityCoef="1" ang="90,0,0" color="0,220,0" radius="0.5" length="4" />
		<capsule pos="28.75,-2.75,31.049999999999997" vel="0,0,0" mass="1" elasticityCoef="1" ang="90,0,0" color="0,220,0" radius="0.5" length="4" />
		<capsule pos="28.75,2.75,-33.349999999999994" vel="0,0,0" mass="1" elasticityCoef="1" ang="90,0,0" color="0,220,0" radius="0.5" length="4" />
		<capsule pos="28.75,2.75,-31.049999999999994" vel="0,0,0" mass="1" elasticityCoef="1" ang="90,0,0" color="0,220,0" radius="0.5" length="4" />
		<capsule pos="28.75,2.75,-28.749999999999993" vel="0,0,0" mass="1" elasticityCoef="1" ang="90,0,0" color="0,220,0" radius="0.5" length="4" />
		<capsule pos="28.75,2.75,-26.449999999999996" vel="0,0,0" mass="1" elasticityCoef="1" ang="90,0,0" color="0,220,0" radius="0.5" length="4" />
		<capsule pos="28.75,2.75,-24.149999999999995" vel="0,0,0" mass="1" elasticityCoef="1" ang="90,0,0" color="0,220,0" radius="0.5" length="4" />
		<capsule pos="28.75,2.75,-21.849999999999994" vel="0,0,0" mass="1" elasticityCoef="1" ang="90,0,0" color="0,220,0" radius="0.5" length="4" />
		<capsule pos="28.75,2.75,-19.549999999999997" vel="0,0,0" mass="1" elasticityCoef="1" ang="90,0,0" color="0,220,0" radius="0.5" length="4" />
		<capsule pos="28.75,2.75,-17.249999999999996" vel="0,0,0" mass="1" elasticityCoef="1" ang="90,0,0" color="0,220,0" radius="0.5" length="4" />
		<capsule pos="28.75,2.75,-14.949999999999996" vel="0,0,0" mass="1" elasticityCoef="1" ang="90,0,0" color="0,220,0" radius="0.5" length="4" />
		<capsule pos="28.75,2.75,-12.649999999999995" vel="0,0,0" mass="1" elasticityCoef="1" ang="90,0,0" color="0,220,0" radius="0.5" length="4" />
		<capsule pos="28.75,2.75,-10.349999999999994" vel="0,0,0" mass="1" elasticityCoef="1" ang="90,0,0" color="0,220,0" radius="0.5" length="4" />
		<capsule pos="28.75,2.75,-8.049999999999997" vel="0,0,0" mass="1" elasticityCoef="1" ang="90,0,0" color="0,220,0" radius="0.5" length="4" />
		<capsule pos="28.75,2.75,-5.7499999999999964" vel="0,0,0" mass="1" elasticityCoef="1" ang="90,0,0" color="0,220,0" radius="0.5" length="4" />
		<capsule pos="28.75,2.75,-3.4499999999999957" vel="0,0,0" mass="1" elasticityCoef="1" ang="90,0,0" color="0,220,0" radius="0.5" length="4" />
		<capsule pos="28.75,2.75,-1.1499999999999986" vel="0,0,0" mass="1" elasticityCoef="1" ang="90,0,0" color="0,220,0" radius="0.5" length="4" />
		<capsule pos="28.75,2.75,1.1500000000000057" vel="0,0,0" mass="1" elasticityCoef="1" ang="90,0,0" color="0,220,0" radius="0.5" length="4" />
		<capsule pos="28.75,2.75,3.450000000000003" vel="0,0,0" mass="1" elasticityCoef="1" ang="90,0,0" color="0,220,0" radius="0.5" length="4" />
		<capsule pos="28.75,2.75,5.75" vel="0,0,0" mass="1" elasticityCoef="1" ang="90,0,0" color="0,220,0" radius="0.5" length="4" />
		<capsule pos="28.75,2.75,8.050000000000004" vel="0,0,0" mass="1" elasticityCoef="1" ang="90,0,0" color="0,220,0" radius="0.5" length="4" />
		<capsule pos="28.75,2.75,10.350000000000001" vel="0,0,0" mass="1" elasticityCoef="1" ang="90,0,0" color="0,220,0" radius="0.5" length="4" />
		<capsule pos="28.75,2.75,12.650000000000006" vel="0,0,0" mass="1" elasticityCoef="1" ang="90,0,0" color="0,220,0" radius="0.5" length="4" />
		<capsule pos="28.75,2.75,14.950000000000003" vel="0,0,0" mass="1" elasticityCoef="1" ang="90,0,0" color="0,220,0" radius="0.5" length="4" />
		<capsule pos="28.75,2.75,17.25" vel="0,0,0" mass="1" elasticityCoef="1" ang="90,0,0" color="0,220,0" radius="0.5" length="4" />
		<capsule pos="28.75,2.75,19.550000000000004" vel="0,0,0" mass="1" elasticityCoef="1" ang="90,0,0" color="0,220,0" radius="0.5" length="4" />
		<capsule pos="28.75,2.75,21.85" vel="0,0,0" mass="1" elasticityCoef="1" ang="90,0,0" color="0,220,0" radius="0.5" length="4" />
		<capsule pos="28.75,2.75,24.15" vel="0,0,0" mass="1" elasticityCoef="1" ang="90,0,0" color="0,220,0" radius="0.5" length="4" />
		<capsule pos="28.75,2.75,26.450000000000003" vel="0,0,0" mass="1" elasticityCoef="1" ang="90,0,0" color="0,220,0" radius="0.5" length="4" />
		<capsule pos="28.75,2.75,28.75" vel="0,0,0" mass="1" elasticityCoef="1" ang="90,0,0" color="0,220,0" radius="0.5" length="4" />
		<capsule pos="28.75,2.75,31.049999999999997" vel="0,0,0" mass="1" elasticityCoef="1" ang="90,0,0" color="0,220,0" radius="0.5" length="4" />
		<capsule pos="28.75,8.25,-33.349999999999994" vel="0,0,0" mass="1" elasticityCoef="1" ang="90,0,0" color="0,220,0" radius="0.5" length="4" />
		<capsule pos="28.75,8.25,-31.049999999999994" vel="0,0,0" mass="1" elasticityCoef="1" ang="90,0,0" color="0,220,0" radius="0.5" length="4" />
		<capsule pos="28.75,8.25,-28.749999999999993" vel="0,0,0" mass="1" elasticityCoef="1" ang="90,0,0" color="0,220,0" radius="0.5" length="4" />
		<capsule pos="28.75,8.25,-26.449999999999996" vel="0,0,0" mass="1" elasticityCoef="1" ang="90,0,0" color="0,220,0" radius="0.5" length="4" />
		<capsule pos="28.75,8.25,-24.149999999999995" vel="0,0,0" mass="1" elasticityCoef="1" ang="90,0,0" color="0,220,0" radius="0.5" length="4" />
		<capsule pos="28.75,8.25,-21.849999999999994" vel="0,0,0" mass="1" elasticityCoef="1" ang="90,0,0" color="0,220,0" radius="0.5" length="4" />
		<capsule pos="28.75,8.25,-19.549999999999997" vel="0,0,0" mass="1" elasticityCoef="1" ang="90,0,0" color="0,220,0" radius="0.5" length="4" />
		<capsule pos="28.75,8.25,-17.249999999999996" vel="0,0,0" mass="1" elasticityCoef="1" ang="90,0,0" color="0,220,0" radius="0.5" length="4" />
		<capsule pos="28.75,8.25,-14.949999999999996" vel="0,0,0" mass="1" elasticityCoef="1" ang="90,0,0" color="0,220,0" radius="0.5" length="4" />
		<capsule pos="28.75,8.25,-12.649999999999995" vel="0,0,0" mass="1" elasticityCoef="1" ang="90,0,0" color="0,220,0" radius="0.5" length="4" />
		<capsule pos="28.75,8.25,-10.349999999999994" vel="0,0,0" mass="1" elasticityCoef="1" ang="90,0,0" color="0,220,0" radius="0.5" length="4" />
		<capsule pos="28.75,8.25,-8.049999999999997" vel="0,0,0" mass="1" elasticityCoef="1" ang="90,0,0" color="0,220,0" radius="0.5" length="4" />
		<capsule pos="28.75,8.25,-5.7499999999999964" vel="0,0,0" mass="1" elasticityCoef="1" ang="90,0,0" color="0,220,0" radius="0.5" length="4" />
		<capsule pos="28.75,8.25,-3.4499999999999957" vel="0,0,0" mass="1" elasticityCoef="1" ang="90,0,0" color="0,220,0" radius="0.5" length="4" />
		<capsule pos="28.75,8.25,-1.1499999999999986" vel="0,0,0" mass="1" elasticityCoef="1" ang="90,0,0" color="0,220,0" radius="0.5" length="4" />
		<capsule pos="28.75,8.25,1.1500000000000057" vel="0,0,0" mass="1" elasticityCoef="1" ang="90,0,0" color="0,220,0" radius="0.5" length="4" />
		<capsule pos="28.75,8.25,3.450000000000003" vel="0,0,0" mass="1" elasticityCoef="1" ang="90,0,0" color="0,220,0" radius="0.5" length="4" />
		<capsule pos="28.75,8.25,5.75" vel="0,0,0" mass="1" elasticityCoef="1" ang="90,0,0" color="0,220,0" radius="0.5" length="4" />
		<capsule pos="28.75,8.25,8.050000000000004" vel="0,0,0" mass="1" elasticityCoef="1" ang="90,0,0" color="0,220,0" radius="0.5" length="4" />
		<capsule pos="28.75,8.25,10.350000000000001" vel="0,0,0" mass="1" elasticityCoef="1" ang="90,0,0" color="0,220,0" radius="0.5" length="4" />
		<capsule pos="28.75,8.25,12.650000000000006" vel="0,0,0" mass="1" elasticityCoef="1" ang="90,0,0" color="0,220,0" radius="0.5" length="4" />
		<capsule pos="28.75,8.25,14.950000000000003" vel="0,0,0" mass="1" elasticityCoef="1" ang="90,0,0" color="0,220,0" radius="0.5" length="4" />
		<capsule pos="28.75,8.25,17.25" vel="0,0,0" mass="1" elasticityCoef="1" ang="90,0,0" color="0,220,0" radius="0.5" length="4" />
		<capsule pos="28.75,8.25,19.550000000000004" vel="0,0,0" mass="1" elasticityCoef="1" ang="90,0,0" color="0,220,0" radius="0.5" length="4" />
		<capsule pos="28.75,8.25,21.85" vel="0,0,0" mass="1" elasticityCoef="1" ang="90,0,0" color="0,220,0" radius="0.5" length="4" />
		<capsule pos="28.75,8.25,24.15" vel="0,0,0" mass="1" elasticityCoef="1" ang="90,0,0" color="0,220,0" radius="0.5" length="4" />
		<capsule pos="28.75,8.25,26.450000000000003" vel="0,0,0" mass="1" elasticityCoef="1" ang="90,0,0" color="0,220,0" radius="0.5" length="4" />
		<capsule pos="28.75,8.25,28.75" vel="0,0,0" mass="1" elasticityCoef="1" ang="90,0,0" color="0,220,0" radius="0.5" length="4" />
		<capsule pos="28.75,8.25,31.049999999999997" vel="0,0,0" mass="1" elasticityCoef="1" ang="90,0,0" color="0,220,0" radius="0.5" length="4" />
		<capsule pos="28.75,13.75,-33.349999999999994" vel="0,0,0" mass="1" elasticityCoef="1" ang="90,0,0" color="0,220,0" radius="0.5" length="4" />
		<capsule pos="28.75,13.75,-31.049999999999994" vel="0,0,0" mass="1" elasticityCoef="1" ang="90,0,0" color="0,220,0" radius="0.5" length="4" />
		<capsule pos="28.75,13.75,-28.749999999999993" vel="0,0,0" mass="1" elasticityCoef="1" ang="90,0,0" color="0,220,0" radius="0.5" length="4" />
		<capsule pos="28.75,13.75,-26.449999999999996" vel="0,0,0" mass="1" elasticityCoef="1" ang="90,0,0" color="0,220,0" radius="0.5" length="4" />
		<capsule pos="28.75,13.75,-24.149999999999995" vel="0,0,0" mass="1" elasticityCoef="1" ang="90,0,0" color="0,220,0" radius="0.5" length="4" />
		<capsule pos="28.75,13.75,-21.849999999999994" vel="0,0,0" mass="1" elasticityCoef="1" ang="90,0,0" color="0,220,0" radius="0.5" length="4" />
		<capsule pos="28.75,13.75,-19.549999999999997" vel="0,0,0" mass="1" elasticityCoef="1" ang="90,0,0" color="0,220,0" radius="0.5" length="4" />
		<capsule pos="28.75,13.75,-17.249999999999996" vel="0,0,0" mass="1" elasticityCoef="1" ang="90,0,0" color="0,220,0" radius="0.5" length="4" />
		<capsule pos="28.75,13.75,-14.949999999999996" vel="0,0,0" mass="1" elasticityCoef="1" ang="90,0,0" color="0,220,0" radius="0.5" length="4" />
		<capsule pos="28.75,13.75,-12.649999999999995" vel="0,0,0" mass="1" elasticityCoef="1" ang="90,0,0" color="0,220,0" radius="0.5" length="4" />
		<capsule pos="28.75,13.75,-10.349999999999994" vel="0,0,0" mass="1" elasticityCoef="1" ang="90,0,0" color="0,220,0" radius="0.5" length="4" />
		<capsule pos="28.75,13.75,-8.049999999999997" vel="0,0,0" mass="1" elasticityCoef="1" ang="90,0,0" color="0,220,0" radius="0.5" length="4" />
		<capsule pos="28.75,13.75,-5.7499999999999964" vel="0,0,0" mass="1" elasticityCoef="1" ang="90,0,0" color="0,220,0" radius="0.5" length="4" />
		<capsule pos="28.75,13.75,-3.4499999999999957" vel="0,0,0" mass="1" elasticityCoef="1" ang="90,0,0" color="0,220,0" radius="0.5" length="4" />
		<capsule pos="28.75,13.75,-1.1499999999999986" vel="0,0,0" mass="1" elasticityCoef="1" ang="90,0,0" color="0,220,0" radius="0.5" length="4" />
		<capsule pos="28.75,13.75,1.1500000000000057" vel="0,0,0" mass="1" elasticityCoef="1" ang="90,0,0" color="0,220,0" radius="0.5" length="4" />
		<capsule pos="28.75,13.75,3.450000000000003" vel="0,0,0" mass="1" elasticityCoef="1" ang="90,0,0" color="0,220,0" radius="0.5" length="4" />
		<capsule pos="28.75,13.75,5.75" vel="0,0,0" mass="1" elasticityCoef="1" ang="90,0,0" color="0,220,0" radius="0.5" length="4" />
		<capsule pos="28.75,13.75,8.050000000000004" vel="0,0,0" mass="1" elasticityCoef="1" ang="90,0,0" color="0,220,0" radius="0.5" length="4" />
		<capsule pos="28.75,13.75,10.350000000000001" vel="0,0,0" mass="1" elasticityCoef="1" ang="90,0,0" color="0,220,0" radius="0.5" length="4" />
		<capsule pos="28.75,13.75,12.650000000000006" vel="0,0,0" mass="1" elasticityCoef="1" ang="90,0,0" color="0,220,0" radius="0.5" length="4" />
		<capsule pos="28.75,13.75,14.950000000000003" vel="0,0,0" mass="1" elasticityCoef="1" ang="90,0,0" color="0,220,0" radius="0.5" length="4" />
		<capsule pos="28.75,13.75,17.25" vel="0,0,0" mass="1" elasticityCoef="1" ang="90,0,0" color="0,220,0" radius="0.5" length="4" />
		<capsule pos="28.75,13.75,19.550000000000004" vel="0,0,0" mass="1" elasticityCoef="1" ang="90,0,0" color="0,220,0" radius="0.5" length="4" />
		<capsule pos="28.75,13.75,21.85" vel="0,0,0" mass="1" elasticityCoef="1" ang="90,0,0" color="0,220,0" radius="0.5" length="4" />
		<capsule pos="28.75,13.75,24.15" vel="0,0,0" mass="1" elasticityCoef="1" ang="90,0,0" color="0,220,0" radius="0.5" length="4" />
		<capsule pos="28.75,13.75,26.450000000000003" vel="0,0,0" mass="1" elasticityCoef="1" ang="90,0,0" color="0,220,0" radius="0.5" length="4" />
		<capsule pos="28.75,13.75,28.75" vel="0,0,0" mass="1" elasticityCoef="1" ang="90,0,0" color="0,220,0" radius="0.5" length="4" />
		<capsule pos="28.75,13.75,31.049999999999997" vel="0,0,0" mass="1" elasticityCoef="1" ang="90,0,0" color="0,220,0" radius="0.5" length="4" />
		<capsule pos="28.75,19.25,-33.349999999999994" vel="0,0,0" mass="1" elasticityCoef="1" ang="90,0,0" color="0,220,0" radius="0.5" length="4" />
		<capsule pos="28.75,19.25,-31.049999999999994" vel="0,0,0" mass="1" elasticityCoef="1" ang="90,0,0" color="0,220,0" radius="0.5" length="4" />
		<capsule pos="28.75,19.25,-28.749999999999993" vel="0,0,0" mass="1" elasticityCoef="1" ang="90,0,0" color="0,220,0" radius="0.5" length="4" />
		<capsule pos="28.75,19.25,-26.449999999999996" vel="0,0,0" mass="1" elasticityCoef="1" ang="90,0,0" color="0,220,0" radius="0.5" length="4" />
		<capsule pos="28.75,19.25,-24.149999999999995" vel="0,0,0" mass="1" elasticityCoef="1" ang="90,0,0" color="0,220,0" radius="0.5" length="4" />
		<capsule pos="28.75,19.25,-21.849999999999994" vel="0,0,0" mass="1" elasticityCoef="1" ang="90,0,0" color="0,220,0" radius="0.5" length="4" />
		<capsule pos="28.75,19.25,-19.549999999999997" vel="0,0,0" mass="1" elasticityCoef="1" ang="90,0,0" color="0,220,0" radius="0.5" length="4" />
		<capsule pos="28.75,19.25,-17.249999999999996" vel="0,0,0" mass="1" elasticityCoef="1" ang="90,0,0" color="0,220,0" radius="0.5" length="4" />
		<capsule pos="28.75,19.25,-14.949999999999996" vel="0,0,0" mass="1" elasticityCoef="1" ang="90,0,0" color="0,220,0" radius="0.5" length="4" />
		<capsule pos="28.75,19.25,-12.649999999999995" vel="0,0,0" mass="1" elasticityCoef="1" ang="90,0,0" color="0,220,0" radius="0.5" length="4" />
		<capsule pos="28.75,19.25,-10.349999999999994" vel="0,0,0" mass="1" elasticityCoef="1" ang="90,0,0" color="0,220,0" radius="0.5" length="4" />
		<capsule pos="28.75,19.25,-8.049999999999997" vel="0,0,0" mass="1" elasticityCoef="1" ang="90,0,0" color="0,220,0" radius="0.5" length="4" />
		<capsule pos="28.75,19.25,-5.7499999999999964" vel="0,0,0" mass="1" elasticityCoef="1" ang="90,0,0" color="0,220,0" radius="0.5" length="4" />
		<capsule pos="28.75,19.25,-3.4499999999999957" vel="0,0,0" mass="1" elasticityCoef="1" ang="90,0,0" color="0,220,0" radius="0.5" length="4" />
		<capsule pos="28.75,19.25,-1.1499999999999986" vel="0,0,0" mass="1" elasticityCoef="1" ang="90,0,0" color="0,220,0" radius="0.5" length="4" />
		<capsule pos="28.75,19.25,1.1500000000000057" vel="0,0,0" mass="1" elasticityCoef="1" ang="90,0,0" color="0,220,0" radius="0.5" length="4" />
		<capsule pos="28.75,19.25,3.450000000000003" vel="0,0,0" mass="1" elasticityCoef="1" ang="90,0,0" color="0,220,0" radius="0.5" length="4" />
		<capsule pos="28.75,19.25,5.75" vel="0,0,0" mass="1" elasticityCoef="1" ang="90,0,0" color="0,220,0" radius="0.5" length="4" />
		<capsule pos="28.75,19.25,8.050000000000004" vel="0,0,0" mass="1" elasticityCoef="1" ang="90,0,0" color="0,220,0" radius="0.5" length="4" />
		<capsule pos="28.75,19.25,10.350000000000001" vel="0,0,0" mass="1" elasticityCoef="1" ang="90,0,0" color="0,220,0" radius="0.5" length="4" />
		<capsule pos="28.75,19.25,12.650000000000006" vel="0,0,0" mass="1" elasticityCoef="1" ang="90,0,0" color="0,220,0" radius="0.5" length="4" />
		<capsule pos="28.75,19.25,14.950000000000003" vel="0,0,0" mass="1" elasticityCoef="1" ang="90,0,0" color="0,220,0" radius="0.5" length="4" />
		<capsule pos="28.75,19.25,17.25" vel="0,0,0" mass="1" elasticityCoef="1" ang="90,0,0" color="0,220,0" radius="0.5" length="4" />
		<capsule pos="28.75,19.25,19.550000000000004" vel="0,0,0" mass="1" elasticityCoef="1" ang="90,0,0" color="0,220,0" radius="0.5" length="4" />
		<capsule pos="28.75,19.25,21.85" vel="0,0,0" mass="1" elasticityCoef="1" ang="90,0,0" color="0,220,0" radius="0.5" length="4" />
		<capsule pos="28.75,19.25,24.15" vel="0,0,0" mass="1" elasticityCoef="1" ang="90,0,0" color="0,220,0" radius="0.5" length="4" />
		<capsule pos="28.75,19.25,26.450000000000003" vel="0,0,0" mass="1" elasticityCoef="1" ang="90,0,0" color="0,220,0" radius="0.5" length="4" />
		<capsule pos="28.75,19.25,28.75" vel="0,0,0" mass="1" elasticityCoef="1" ang="90,0,0" color="0,220,0" radius="0.5" length="4" />
		<capsule pos="28.75,19.25,31.049999999999997" vel="0,0,0" mass="1" elasticityCoef="1" ang="90,0,0" color="0,220,0" radius="0.5" length="4" />
		<capsule pos="28.75,24.75,-33.349999999999994" vel="0,0,0" mass="1" elasticityCoef="1" ang="90,0,0" color="0,220,0" radius="0.5" length="4" />
		<capsule pos="28.75,24.75,-31.049999999999994" vel="0,0,0" mass="1" elasticityCoef="1" ang="90,0,0" color="0,220,0" radius="0.5" length="4" />
		<capsule pos="28.75,24.75,-28.749999999999993" vel="0,0,0" mass="1" elasticityCoef="1" ang="90,0,0" color="0,220,0" radius="0.5" length="4" />
		<capsule pos="28.75,24.75,-26.449999999999996" vel="0,0,0" mass="1" elasticityCoef="1" ang="90,0,0" color="0,220,0" radius="0.5" length="4" />
		<capsule pos="28.75,24.75,-24.149999999999995" vel="0,0,0" mass="1" elasticityCoef="1" ang="90,0,0" color="0,220,0" radius="0.5" length="4" />
		<capsule pos="28.75,24.75,-21.849999999999994" vel="0,0,0" mass="1" elasticityCoef="1" ang="90,0,0" color="0,220,0" radius="0.5" length="4" />
		<capsule pos="28.75,24.75,-19.549999999999997" vel="0,0,0" mass="1" elasticityCoef="1" ang="90,0,0" color="0,220,0" radius="0.5" length="4" />
		<capsule pos="28.75,24.75,-17.249999999999996" vel="0,0,0" mass="1" elasticityCoef="1" ang="90,0,0" color="0,220,0" radius="0.5" length="4" />
		<capsule pos="28.75,24.75,-14.949999999999996" vel="0,0,0" mass="1" elasticityCoef="1" ang="90,0,0" color="0,220,0" radius="0.5" length="4" />
		<capsule pos="28.75,24.75,-12.649999999999995" vel="0,0,0" mass="1" elasticityCoef="1" ang="90,0,0" color="0,220,0" radius="0.5" length="4" />
		<capsule pos="28.75,24.75,-10.349999999999994" vel="0,0,0" mass="1" elasticityCoef="1" ang="90,0,0" color="0,220,0" radius="0.5" length="4" />
		<capsule pos="28.75,24.75,-8.049999999999997" vel="0,0,0" mass="1" elasticityCoef="1" ang="90,0,0" color="0,220,0" radius="0.5" length="4" />
		<capsule pos="28.75,24.75,-5.7499999999999964" vel="0,0,0" mass="1" elasticityCoef="1" ang="90,0,0" color="0,220,0" radius="0.5" length="4" />
		<capsule pos="28.75,24.75,-3.4499999999999957" vel="0,0,0" mass="1" elasticityCoef="1" ang="90,0,0" color="0,220,0" radius="0.5" length="4" />
		<capsule pos="28.75,24.75,-1.1499999999999986" vel="0,0,0" mass="1" elasticityCoef="1" ang="90,0,0" color="0,220,0" radius="0.5" length="4" />
		<capsule pos="28.75,24.75,1.1500000000000057" vel="0,0,0" mass="1" elasticityCoef="1" ang="90,0,0" color="0,220,0" radius="0.5" length="4" />
		<capsule pos="28.75,24.75,3.450000000000003" vel="0,0,0" mass="1" elasticityCoef="1" ang="90,0,0" color="0,220,0" radius="0.5" length="4" />
		<capsule pos="28.75,24.75,5.75" vel="0,0,0" mass="1" elasticityCoef="1" ang="90,0,0" color="0,220,0" radius="0.5" length="4" />
		<capsule pos="28.75,24.75,8.050000000000004" vel="0,0,0" mass="1" elasticityCoef="1" ang="90,0,0" color="0,220,0" radius="0.5" length="4" />
		<capsule pos="28.75,24.75,10.350000000000001" vel="0,0,0" mass="1" elasticityCoef="1" ang="90,0,0" color="0,220,0" radius="0.5" length="4" />
		<capsule pos="28.75,24.75,12.650000000000006" vel="0,0,0" mass="1" elasticityCoef="1" ang="90,0,0" color="0,220,0" radius="0.5" length="4" />
		<capsule pos="28.75,24.75,14.950000000000003" vel="0,0,0" mass="1" elasticityCoef="1" ang="90,0,0" color="0,220,0" radius="0.5" length="4" />
		<capsule pos="28.75,24.75,17.25" vel="0,0,0" mass="1" elasticityCoef="1" ang="90,0,0" color="0,220,0" radius="0.5" length="4" />
		<capsule pos="28.75,24.75,19.550000000000004" vel="0,0,0" mass="1" elasticityCoef="1" ang="90,0,0" color="0,220,0" radius="0.5" length="4" />
		<capsule pos="28.75,24.75,21.85" vel="0,0,0" mass="1" elasticityCoef="1" ang="90,0,0" color="0,220,0" radius="0.5" length="4" />
		<capsule pos="28.75,24.75,24.15" vel="0,0,0" mass="1" elasticityCoef="1" ang="90,0,0" color="0,220,0" radius="0.5" length="4" />
		<capsule pos="28.75,24.75,26.450000000000003" vel="0,0,0" mass="1" elasticityCoef="1" ang="90,0,0" color="0,220,0" radius="0.5" length="4" />
		<capsule pos="28.75,24.75,28.75" vel="0,0,0" mass="1" elasticityCoef="1" ang="90,0,0" color="0,220,0" radius="0.5" length="4" />
		<capsule pos="28.75,24.75,31.049999999999997" vel="0,0,0" mass="1" elasticityCoef="1" ang="90,0,0" color="0,220,0" radius="0.5" length="4" />
		<capsule pos="28.75,30.25,-33.349999999999994" vel="0,0,0" mass="1" elasticityCoef="1" ang="90,0,0" color="0,220,0" radius="0.5" length="4" />
		<capsule pos="28.75,30.25,-31.049999999999994" vel="0,0,0" mass="1" elasticityCoef="1" ang="90,0,0" color="0,220,0" radius="0.5" length="4" />
		<capsule pos="28.75,30.25,-28.749999999999993" vel="0,0,0" mass="1" elasticityCoef="1" ang="90,0,0" color="0,220,0" radius="0.5" length="4" />
		<capsule pos="28.75,30.25,-26.449999999999996" vel="0,0,0" mass="1" elasticityCoef="1" ang="90,0,0" color="0,220,0" radius="0.5" length="4" />
		<capsule pos="28.75,30.25,-24.149999999999995" vel="0,0,0" mass="1" elasticityCoef="1" ang="90,0,0" color="0,220,0" radius="0.5" length="4" />
		<capsule pos="28.75,30.25,-21.849999999999994" vel="0,0,0" mass="1" elasticityCoef="1" ang="90,0,0" color="0,220,0" radius="0.5" length="4" />
		<capsule pos="28.75,30.25,-19.549999999999997" vel="0,0,0" mass="1" elasticityCoef="1" ang="90,0,0" color="0,220,0" radius="0.5" length="4" />
		<capsule pos="28.75,30.25,-17.249999999999996" vel="0,0,0" mass="1" elasticityCoef="1" ang="90,0,0" color="0,220,0" radius="0.5" length="4" />
		<capsule pos="28.75,30.25,-14.949999999999996" vel="0,0,0" mass="1" elasticityCoef="1" ang="90,0,0" color="0,220,0" radius="0.5" length="4" />
		<capsule pos="28.75,30.25,-12.649999999999995" vel="0,0,0" mass="1" elasticityCoef="1" ang="90,0,0" color="0,220,0" radius="0.5" length="4" />
		<capsule pos="28.75,30.25,-10.349999999999994" vel="0,0,0" mass="1" elasticityCoef="1" ang="90,0,0" color="0,220,0" radius="0.5" length="4" />
		<capsule pos="28.75,30.25,-8.049999999999997" vel="0,0,0" mass="1" elasticityCoef="1" ang="90,0,0" color="0,220,0" radius="0.5" length="4" />
		<capsule pos="28.75,30.25,-5.7499999999999964" vel="0,0,0" mass="1" elasticityCoef="1" ang="90,0,0" color="0,220,0" radius="0.5" length="4" />
		<capsule pos="28.75,30.25,-3.4499999999999957" vel="0,0,0" mass="1" elasticityCoef="1" ang="90,0,0" color="0,220,0" radius="0.5" length="4" />
		<capsule pos="28.75,30.25,-1.1499999999999986" vel="0,0,0" mass="1" elasticityCoef="1" ang="90,0,0" color="0,220,0" radius="0.5" length="4" />
		<capsule pos="28.75,30.25,1.1500000000000057" vel="0,0,0" mass="1" elasticityCoef="1" ang="90,0,0" color="0,220,0" radius="0.5" length="4" />
		<capsule pos="28.75,30.25,3.450000000000003" vel="0,0,0" mass="1" elasticityCoef="1" ang="90,0,0" color="0,220,0" radius="0.5" length="4" />
		<capsule pos="28.75,30.25,5.75" vel="0,0,0" mass="1" elasticityCoef="1" ang="90,0,0" color="0,220,0" radius="0.5" length="4" />
		<capsule pos="28.75,30.25,8.050000000000004" vel="0,0,0" mass="1" elasticityCoef="1" ang="90,0,0" color="0,220,0" radius="0.5" length="4" />
		<capsule pos="28.75,30.25,10.350000000000001" vel="0,0,0" mass="1" elasticityCoef="1" ang="90,0,0" color="0,220,0" radius="0.5" length="4" />
		<capsule pos="28.75,30.25,12.650000000000006" vel="0,0,0" mass="1" elasticityCoef="1" ang="90,0,0" color="0,220,0" radius="0.5" length="4" />
		<capsule pos="28.75,30.25,14.950000000000003" vel="0,0,0" mass="1" elasticityCoef="1" ang="90,0,0" color="0,220,0" radius="0.5" length="4" />
		<capsule pos="28.75,30.25,17.25" vel="0,0,0" mass="1" elasticityCoef="1" ang="90,0,0" color="0,220,0" radius="0.5" length="4" />
		<capsule pos="28.75,30.25,19.550000000000004" vel="0,0,0" mass="1" elasticityCoef="1" ang="90,0,0" color="0,220,0" radius="0.5" length="4" />
		<capsule pos="28.75,30.25,21.85" vel="0,0,0" mass="1" elasticityCoef="1" ang="90,0,0" color="0,220,0" radius="0.5" length="4" />
		<capsule pos="28.75,30.25,24.15" vel="0,0,0" mass="1" elasticityCoef="1" ang="90,0,0" color="0,220,0" radius="0.5" length="4" />
		<capsule pos="28.75,30.25,26.450000000000003" vel="0,0,0" mass="1" elasticityCoef="1" ang="90,0,0" color="0,220,0" radius="0.5" length="4" />
		<capsule pos="28.75,30.25,28.75" vel="0,0,0" mass="1" elasticityCoef="1" ang="90,0,0" color="0,220,0" radius="0.5" length="4" />
		<capsule pos="28.75,30.25,31.049999999999997" vel="0,0,0" mass="1" elasticityCoef="1" ang="90,0,0" color="0,220,0" radius="0.5" length="4" />
		<capsule pos="28.75,35.75,-33.349999999999994" vel="0,0,0" mass="1" elasticityCoef="1" ang="90,0,0" color="0,220,0" radius="0.5" length="4" />
		<capsule pos="28.75,35.75,-31.049999999999994" vel="0,0,0" mass="1" elasticityCoef="1" ang="90,0,0" color="0,220,0" radius="0.5" length="4" />
		<capsule pos="28.75,35.75,-28.749999999999993" vel="0,0,0" mass="1" elasticityCoef="1" ang="90,0,0" color="0,220,0" radius="0.5" length="4" />
		<capsule pos="28.75,35.75,-26.449999999999996" vel="0,0,0" mass="1" elasticityCoef="1" ang="90,0,0" color="0,220,0" radius="0.5" length="4" />
		<capsule pos="28.75,35.75,-24.149999999999995" vel="0,0,0" mass="1" elasticityCoef="1" ang="90,0,0" color="0,220,0" radius="0.5" length="4" />
		<capsule pos="28.75,35.75,-21.849999999999994" vel="0,0,0" mass="1" elasticityCoef="1" ang="90,0,0" color="0,220,0" radius="0.5" length="4" />
		<capsule pos="28.75,35.75,-19.549999999999997" vel="0,0,0" mass="1" elasticityCoef="1" ang="90,0,0" color="0,220,0" radius="0.5" length="4" />
		<capsule pos="28.75,35.75,-17.249999999999996" vel="0,0,0" mass="1" elasticityCoef="1" ang="90,0,0" color="0,220,0" radius="0.5" length="4" />
		<capsule pos="28.75,35.75,-14.949999999999996" vel="0,0,0" mass="1" elasticityCoef="1" ang="90,0,0" color="0,220,0" radius="0.5" length="4" />
		<capsule pos="28.75,35.75,-12.649999999999995" vel="0,0,0" mass="1" elasticityCoef="1" ang="90,0,0" color="0,220,0" radius="0.5" length="4" />
		<capsule pos="28.75,35.75,-10.349999999999994" vel="0,0,0" mass="1" elasticityCoef="1" ang="90,0,0" color="0,220,0" radius="0.5" length="4" />
		<capsule pos="28.75,35.75,-8.049999999999997" vel="0,0,0" mass="1" elasticityCoef="1" ang="90,0,0" color="0,220,0" radius="0.5" length="4" />
		<capsule pos="28.75,35.75,-5.7499999999999964" vel="0,0,0" mass="1" elasticityCoef="1" ang="90,0,0" color="0,220,0" radius="0.5" length="4" />
		<capsule pos="28.75,35.75,-3.4499999999999957" vel="0,0,0" mass="1" elasticityCoef="1" ang="90,0,0" color="0,220,0" radius="0.5" length="4" />
		<capsule pos="28.75,35.75,-1.1499999999999986" vel="0,0,0" mass="1" elasticityCoef="1" ang="90,0,0" color="0,220,0" radius="0.5" length="4" />
		<capsule pos="28.75,35.75,1.1500000000000057" vel="0,0,0" mass="1" elasticityCoef="1" ang="90,0,0" color="0,220,0" radius="0.5" length="4" />
		<capsule pos="28.75,35.75,3.450000000000003" vel="0,0,0" mass="1" elasticityCoef="1" ang="90,0,0" color="0,220,0" radius="0.5" length="4" />
		<capsule pos="28.75,35.75,5.75" vel="0,0,0" mass="1" elasticityCoef="1" ang="90,0,0" color="0,220,0" radius="0.5" length="4" />
		<capsule pos="28.75,35.75,8.050000000000004" vel="0,0,0" mass="1" elasticityCoef="1" ang="90,0,0" color="0,220,0" radius="0.5" length="4" />
		<capsule pos="28.75,35.75,10.350000000000001" vel="0,0,0" mass="1" elasticityCoef="1" ang="90,0,0" color="0,220,0" radius="0.5" length="4" />
		<capsule pos="28.75,35.75,12.650000000000006" vel="0,0,0" mass="1" elasticityCoef="1" ang="90,0,0" color="0,220,0" radius="0.5" length="4" />
		<capsule pos="28.75,35.75,14.950000000000003" vel="0,0,0" mass="1" elasticityCoef="1" ang="90,0,0" color="0,220,0" radius="0.5" length="4" />
		<capsule pos="28.75,35.75,17.25" vel="0,0,0" mass="1" elasticityCoef="1" ang="90,0,0" color="0,220,0" radius="0.5" length="4" />
		<capsule pos="28.75,35.75,19.550000000000004" vel="0,0,0" mass="1" elasticityCoef="1" ang="90,0,0" color="0,220,0" radius="0.5" length="4" />
		<capsule pos="28.75,35.75,21.85" vel="0,0,0" mass="1" elasticityCoef="1" ang="90,0,0" color="0,220,0" radius="0.5" length="4" />
		<capsule pos="28.75,35.75,24.15" vel="0,0,0" mass="1" elasticityCoef="1" ang="90,0,0" color="0,220,0" radius="0.5" length="4" />
		<capsule pos="28.75,35.75,26.450000000000003" vel="0,0,0" mass="1" elasticityCoef="1" ang="90,0,0" color="0,220,0" radius="0.5" length="4" />
		<capsule pos="28.75,35.75,28.75" vel="0,0,0" mass="1" elasticityCoef="1" ang="90,0,0" color="0,220,0" radius="0.5" length="4" />
		<capsule pos="28.75,35.75,31.049999999999997" vel="0,0,0" mass="1" elasticityCoef="1" ang="90,0,0" color="0,220,0" radius="0.5" length="4" />
		<capsule pos="31.049999999999997,-41.25,-33.349999999999994" vel="0,0,0" mass="1" elasticityCoef="1" ang="90,0,0" color="0,220,0" radius="0.5" length="4" />
		<capsule pos="31.049999999999997,-41.25,-31.049999999999994" vel="0,0,0" mass="1" elasticityCoef="1" ang="90,0,0" color="0,220,0" radius="0.5" length="4" />
		<capsule pos="31.049999999999997,-41.25,-28.749999999999993" vel="0,0,0" mass="1" elasticityCoef="1" ang="90,0,0" color="0,220,0" radius="0.5" length="4" />
		<capsule pos="31.049999999999997,-41.25,-26.449999999999996" vel="0,0,0" mass="1" elasticityCoef="1" ang="90,0,0" color="0,220,0" radius="0.5" length="4" />
		<capsule pos="31.049999999999997,-41.25,-24.149999999999995" vel="0,0,0" mass="1" elasticityCoef="1" ang="90,0,0" color="0,220,0" radius="0.5" length="4" />
		<capsule pos="31.049999999999997,-41.25,-21.849999999999994" vel="0,0,0" mass="1" elasticityCoef="1" ang="90,0,0" color="0,220,0" radius="0.5" length="4" />
		<capsule pos="31.049999999999997,-41.25,-19.549999999999997" vel="0,0,0" mass="1" elasticityCoef="1" ang="90,0,0" color="0,220,0" radius="0.5" length="4" />
		<capsule pos="31.049999999999997,-41.25,-17.249999999999996" vel="0,0,0" mass="1" elasticityCoef="1" ang="90,0,0" color="0,220,0" radius="0.5" length="4" />
		<capsule pos="31.049999999999997,-41.25,-14.949999999999996" vel="0,0,0" mass="1" elasticityCoef="1" ang="90,0,0" color="0,220,0" radius="0.5" length="4" />
		<capsule pos="31.049999999999997,-41.25,-12.649999999999995" vel="0,0,0" mass="1" elasticityCoef="1" ang="90,0,0" color="0,220,0" radius="0.5" length="4" />
		<capsule pos="31.049999999999997,-41.25,-10.349999999999994" vel="0,0,0" mass="1" elasticityCoef="1" ang="90,0,0" color="0,220,0" radius="0.5" length="4" />
		<capsule pos="31.049999999999997,-41.25,-8.049999999999997" vel="0,0,0" mass="1" elasticityCoef="1" ang="90,0,0" color="0,220,0" radius="0.5" length="4" />
		<capsule pos="31.049999999999997,-41.25,-5.7499999999999964" vel="0,0,0" mass="1" elasticityCoef="1" ang="90,0,0" color="0,220,0" radius="0.5" length="4" />
		<capsule pos="31.049999999999997,-41.25,-3.4499999999999957" vel="0,0,0" mass="1" elasticityCoef="1" ang="90,0,0" color="0,220,0" radius="0.5" length="4" />
		<capsule pos="31.049999999999997,-41.25,-1.1499999999999986" vel="0,0,0" mass="1" elasticityCoef="1" ang="90,0,0" color="0,220,0" radius="0.5" length="4" />
		<capsule pos="31.049999999999997,-41.25,1.1500000000000057" vel="0,0,0" mass="1" elasticityCoef="1" ang="90,0,0" color="0,220,0" radius="0.5" length="4" />
		<capsule pos="31.049999999999997,-41.25,3.450000000000003" vel="0,0,0" mass="1" elasticityCoef="1" ang="90,0,0" color="0,220,0" radius="0.5" length="4" />
		<capsule pos="31.049999999999997,-41.25,5.75" vel="0,0,0" mass="1" elasticityCoef="1" ang="90,0,0" color="0,220,0" radius="0.5" length="4" />
		<capsule pos="31.049999999999997,-41.25,8.050000000000004" vel="0,0,0" mass="1" elasticityCoef="1" ang="90,0,0" color="0,220,0" radius="0.5" length="4" />
		<capsule pos="31.049999999999997,-41.25,10.350000000000001" vel="0,0,0" mass="1" elasticityCoef="1" ang="90,0,0" color="0,220,0" radius="0.5" length="4" />
		<capsule pos="31.049999999999997,-41.25,12.650000000000006" vel="0,0,0" mass="1" elasticityCoef="1" ang="90,0,0" color="0,220,0" radius="0.5" length="4" />
		<capsule pos="31.049999999999997,-41.25,14.950000000000003" vel="0,0,0" mass="1" elasticityCoef="1" ang="90,0,0" color="0,220,0" radius="0.5" length="4" />
		<capsule pos="31.049999999999997,-41.25,17.25" vel="0,0,0" mass="1" elasticityCoef="1" ang="90,0,0" color="0,220,0" radius="0.5" length="4" />
		<capsule pos="31.049999999999997,-41.25,19.550000000000004" vel="0,0,0" mass="1" elasticityCoef="1" ang="90,0,0" color="0,220,0" radius="0.5" length="4" />
		<capsule pos="31.049999999999997,-41.25,21.85" vel="0,0,0" mass="1" elasticityCoef="1" ang="90,0,0" color="0,220,0" radius="0.5" length="4" />
		<capsule pos="31.049999999999997,-41.25,24.15" vel="0,0,0" mass="1" elasticityCoef="1" ang="90,0,0" color="0,220,0" radius="0.5" length="4" />
		<capsule pos="31.049999999999997,-41.25,26.450000000000003" vel="0,0,0" mass="1" elasticityCoef="1" ang="90,0,0" color="0,220,0" radius="0.5" length="4" />
		<capsule pos="31.049999999999997,-41.25,28.75" vel="0,0,0" mass="1" elasticityCoef="1" ang="90,0,0" color="0,220,0" radius="0.5" length="4" />
		<capsule pos="31.049999999999997,-41.25,31.049999999999997" vel="0,0,0" mass="1" elasticityCoef="1" ang="90,0,0" color="0,220,0" radius="0.5" length="4" />
		<capsule pos="31.049999999999997,-35.75,-33.349999999999994" vel="0,0,0" mass="1" elasticityCoef="1" ang="90,0,0" color="0,220,0" radius="0.5" length="4" />
		<capsule pos="31.049999999999997,-35.75,-31.049999999999994" vel="0,0,0" mass="1" elasticityCoef="1" ang="90,0,0" color="0,220,0" radius="0.5" length="4" />
		<capsule pos="31.049999999999997,-35.75,-28.749999999999993" vel="0,0,0" mass="1" elasticityCoef="1" ang="90,0,0" color="0,220,0" radius="0.5" length="4" />
		<capsule pos="31.049999999999997,-35.75,-26.449999999999996" vel="0,0,0" mass="1" elasticityCoef="1" ang="90,0,0" color="0,220,0" radius="0.5" length="4" />
		<capsule pos="31.049999999999997,-35.75,-24.149999999999995" vel="0,0,0" mass="1" elasticityCoef="1" ang="90,0,0" color="0,220,0" radius="0.5" length="4" />
		<capsule pos="31.049999999999997,-35.75,-21.849999999999994" vel="0,0,0" mass="1" elasticityCoef="1" ang="90,0,0" color="0,220,0" radius="0.5" length="4" />
		<capsule pos="31.049999999999997,-35.75,-19.549999999999997" vel="0,0,0" mass="1" elasticityCoef="1" ang="90,0,0" color="0,220,0" radius="0.5" length="4" />
		<capsule pos="31.049999999999997,-35.75,-17.249999999999996" vel="0,0,0" mass="1" elasticityCoef="1" ang="90,0,0" color="0,220,0" radius="0.5" length="4" />
		<capsule pos="31.049999999999997,-35.75,-14.949999999999996" vel="0,0,0" mass="1" elasticityCoef="1" ang="90,0,0" color="0,220,0" radius="0.5" length="4" />
		<capsule pos="31.049999999999997,-35.75,-12.649999999999995" vel="0,0,0" mass="1" elasticityCoef="1" ang="90,0,0" color="0,220,0" radius="0.5" length="4" />
		<capsule pos="31.049999999999997,-35.75,-10.349999999999994" vel="0,0,0" mass="1" elasticityCoef="1" ang="90,0,0" color="0,220,0" radius="0.5" length="4" />
		<capsule pos="31.049999999999997,-35.75,-8.049999999999997" vel="0,0,0" mass="1" elasticityCoef="1" ang="90,0,0" color="0,220,0" radius="0.5" length="4" />
		<capsule pos="31.049999999999997,-35.75,-5.7499999999999964" vel="0,0,0" mass="1" elasticityCoef="1" ang="90,0,0" color="0,220,0" radius="0.5" length="4" />
		<capsule pos="31.049999999999997,-35.75,-3.4499999999999957" vel="0,0,0" mass="1" elasticityCoef="1" ang="90,0,0" color="0,220,0" radius="0.5" length="4" />
		<capsule pos="31.049999999999997,-35.75,-1.1499999999999986" vel="0,0,0" mass="1" elasticityCoef="1" ang="90,0,0" color="0,220,0" radius="0.5" length="4" />
		<capsule pos="31.049999999999997,-35.75,1.1500000000000057" vel="0,0,0" mass="1" elasticityCoef="1" ang="90,0,0" color="0,220,0" radius="0.5" length="4" />
		<capsule pos="31.049999999999997,-35.75,3.450000000000003" vel="0,0,0" mass="1" elasticityCoef="1" ang="90,0,0" color="0,220,0" radius="0.5" length="4" />
		<capsule pos="31.049999999999997,-35.75,5.75" vel="0,0,0" mass="1" elasticityCoef="1" ang="90,0,0" color="0,220,0" radius="0.5" length="4" />
		<capsule pos="31.049999999999997,-35.75,8.050000000000004" vel="0,0,0" mass="1" elasticityCoef="1" ang="90,0,0" color="0,220,0" radius="0.5" length="4" />
		<capsule pos="31.049999999999997,-35.75,10.350000000000001" vel="0,0,0" mass="1" elasticityCoef="1" ang="90,0,0" color="0,220,0" radius="0.5" length="4" />
		<capsule pos="31.049999999999997,-35.75,12.650000000000006" vel="0,0,0" mass="1" elasticityCoef="1" ang="90,0,0" color="0,220,0" radius="0.5" length="4" />
		<capsule pos="31.049999999999997,-35.75,14.950000000000003" vel="0,0,0" mass="1" elasticityCoef="1" ang="90,0,0" color="0,220,0" radius="0.5" length="4" />
		<capsule pos="31.049999999999997,-35.75,17.25" vel="0,0,0" mass="1" elasticityCoef="1" ang="90,0,0" color="0,220,0" radius="0.5" length="4" />
		<capsule pos="31.049999999999997,-35.75,19.550000000000004" vel="0,0,0" mass="1" elasticityCoef="1" ang="90,0,0" color="0,220,0" radius="0.5" length="4" />
		<capsule pos="31.049999999999997,-35.75,21.85" vel="0,0,0" mass="1" elasticityCoef="1" ang="90,0,0" color="0,220,0" radius="0.5" length="4" />
		<capsule pos="31.049999999999997,-35.75,24.15" vel="0,0,0" mass="1" elasticityCoef="1" ang="90,0,0" color="0,220,0" radius="0.5" length="4" />
		<capsule pos="31.049999999999997,-35.75,26.450000000000003" vel="0,0,0" mass="1" elasticityCoef="1" ang="90,0,0" color="0,220,0" radius="0.5" length="4" />
		<capsule pos="31.049999999999997,-35.75,28.75" vel="0,0,0" mass="1" elasticityCoef="1" ang="90,0,0" color="0,220,0" radius="0.5" length="4" />
		<capsule pos="31.049999999999997,-35.75,31.049999999999997" vel="0,0,0" mass="1" elasticityCoef="1" ang="90,0,0" color="0,220,0" radius="0.5" length="4" />
		<capsule pos="31.049999999999997,-30.25,-33.349999999999994" vel="0,0,0" mass="1" elasticityCoef="1" ang="90,0,0" color="0,220,0" radius="0.5" length="4" />
		<capsule pos="31.049999999999997,-30.25,-31.049999999999994" vel="0,0,0" mass="1" elasticityCoef="1" ang="90,0,0" color="0,220,0" radius="0.5" length="4" />
		<capsule pos="31.049999999999997,-30.25,-28.749999999999993" vel="0,0,0" mass="1" elasticityCoef="1" ang="90,0,0" color="0,220,0" radius="0.5" length="4" />
		<capsule pos="31.049999999999997,-30.25,-26.449999999999996" vel="0,0,0" mass="1" elasticityCoef="1" ang="90,0,0" color="0,220,0" radius="0.5" length="4" />
		<capsule pos="31.049999999999997,-30.25,-24.149999999999995" vel="0,0,0" mass="1" elasticityCoef="1" ang="90,0,0" color="0,220,0" radius="0.5" length="4" />
		<capsule pos="31.049999999999997,-30.25,-21.849999999999994" vel="0,0,0" mass="1" elasticityCoef="1" ang="90,0,0" color="0,220,0" radius="0.5" length="4" />
		<capsule pos="31.049999999999997,-30.25,-19.549999999999997" vel="0,0,0" mass="1" elasticityCoef="1" ang="90,0,0" color="0,220,0" radius="0.5" length="4" />
		<capsule pos="31.049999999999997,-30.25,-17.249999999999996" vel="0,0,0" mass="1" elasticityCoef="1" ang="90,0,0" color="0,220,0" radius="0.5" length="4" />
		<capsule pos="31.049999999999997,-30.25,-14.949999999999996" vel="0,0,0" mass="1" elasticityCoef="1" ang="90,0,0" color="0,220,0" radius="0.5" length="4" />
		<capsule pos="31.049999999999997,-30.25,-12.649999999999995" vel="0,0,0" mass="1" elasticityCoef="1" ang="90,0,0" color="0,220,0" radius="0.5" length="4" />
		<capsule pos="31.049999999999997,-30.25,-10.349999999999994" vel="0,0,0" mass="1" elasticityCoef="1" ang="90,0,0" color="0,220,0" radius="0.5" length="4" />
		<capsule pos="31.049999999999997,-30.25,-8.049999999999997" vel="0,0,0" mass="1" elasticityCoef="1" ang="90,0,0" color="0,220,0" radius="0.5" length="4" />
		<capsule pos="31.049999999999997,-30.25,-5.7499999999999964" vel="0,0,0" mass="1" elasticityCoef="1" ang="90,0,0" color="0,220,0" radius="0.5" length="4" />
		<capsule pos="31.049999999999997,-30.25,-3.4499999999999957" vel="0,0,0" mass="1" elasticityCoef="1" ang="90,0,0" color="0,220,0" radius="0.5" length="4" />
		<capsule pos="31.049999999999997,-30.25,-1.1499999999999986" vel="0,0,0" mass="1" elasticityCoef="1" ang="90,0,0" color="0,220,0" radius="0.5" length="4" />
		<capsule pos="31.049999999999997,-30.25,1.1500000000000057" vel="0,0,0" mass="1" elasticityCoef="1" ang="90,0,0" color="0,220,0" radius="0.5" length="4" />
		<capsule pos="31.049999999999997,-30.25,3.450000000000003" vel="0,0,0" mass="1" elasticityCoef="1" ang="90,0,0" color="0,220,0" radius="0.5" length="4" />
		<capsule pos="31.049999999999997,-30.25,5.75" vel="0,0,0" mass="1" elasticityCoef="1" ang="90,0,0" color="0,220,0" radius="0.5" length="4" />
		<capsule pos="31.049999999999997,-30.25,8.050000000000004" vel="0,0,0" mass="1" elasticityCoef="1" ang="90,0,0" color="0,220,0" radius="0.5" length="4" />
		<capsule pos="31.049999999999997,-30.25,10.350000000000001" vel="0,0,0" mass="1" elasticityCoef="1" ang="90,0,0" color="0,220,0" radius="0.5" length="4" />
		<capsule pos="31.049999999999997,-30.25,12.650000000000006" vel="0,0,0" mass="1" elasticityCoef="1" ang="90,0,0" color="0,220,0" radius="0.5" length="4" />
		<capsule pos="31.049999999999997,-30.25,14.950000000000003" vel="0,0,0" mass="1" elasticityCoef="1" ang="90,0,0" color="0,220,0" radius="0.5" length="4" />
		<capsule pos="31.049999999999997,-30.25,17.25" vel="0,0,0" mass="1" elasticityCoef="1" ang="90,0,0" color="0,220,0" radius="0.5" length="4" />
		<capsule pos="31.049999999999997,-30.25,19.550000000000004" vel="0,0,0" mass="1" elasticityCoef="1" ang="90,0,0" color="0,220,0" radius="0.5" length="4" />
		<capsule pos="31.049999999999997,-30.25,21.85" vel="0,0,0" mass="1" elasticityCoef="1" ang="90,0,0" color="0,220,0" radius="0.5" length="4" />
		<capsule pos="31.049999999999997,-30.25,24.15" vel="0,0,0" mass="1" elasticityCoef="1" ang="90,0,0" color="0,220,0" radius="0.5" length="4" />
		<capsule pos="31.049999999999997,-30.25,26.450000000000003" vel="0,0,0" mass="1" elasticityCoef="1" ang="90,0,0" color="0,220,0" radius="0.5" length="4" />
		<capsule pos="31.049999999999997,-30.25,28.75" vel="0,0,0" mass="1" elasticityCoef="1" ang="90,0,0" color="0,220,0" radius="0.5" length="4" />
		<capsule pos="31.049999999999997,-30.25,31.049999999999997" vel="0,0,0" mass="1" elasticityCoef="1" ang="90,0,0" color="0,220,0" radius="0.5" length="4" />
		<capsule pos="31.049999999999997,-24.75,-33.349999999999994" vel="0,0,0" mass="1" elasticityCoef="1" ang="90,0,0" color="0,220,0" radius="0.5" length="4" />
		<capsule pos="31.049999999999997,-24.75,-31.049999999999994" vel="0,0,0" mass="1" elasticityCoef="1" ang="90,0,0" color="0,220,0" radius="0.5" length="4" />
		<capsule pos="31.049999999999997,-24.75,-28.749999999999993" vel="0,0,0" mass="1" elasticityCoef="1" ang="90,0,0" color="0,220,0" radius="0.5" length="4" />
		<capsule pos="31.049999999999997,-24.75,-26.449999999999996" vel="0,0,0" mass="1" elasticityCoef="1" ang="90,0,0" color="0,220,0" radius="0.5" length="4" />
		<capsule pos="31.049999999999997,-24.75,-24.149999999999995" vel="0,0,0" mass="1" elasticityCoef="1" ang="90,0,0" color="0,220,0" radius="0.5" length="4" />
		<capsule pos="31.049999999999997,-24.75,-21.849999999999994" vel="0,0,0" mass="1" elasticityCoef="1" ang="90,0,0" color="0,220,0" radius="0.5" length="4" />
		<capsule pos="31.049999999999997,-24.75,-19.549999999999997" vel="0,0,0" mass="1" elasticityCoef="1" ang="90,0,0" color="0,220,0" radius="0.5" length="4" />
		<capsule pos="31.049999999999997,-24.75,-17.249999999999996" vel="0,0,0" mass="1" elasticityCoef="1" ang="90,0,0" color="0,220,0" radius="0.5" length="4" />
		<capsule pos="31.049999999999997,-24.75,-14.949999999999996" vel="0,0,0" mass="1" elasticityCoef="1" ang="90,0,0" color="0,220,0" radius="0.5" length="4" />
		<capsule pos="31.049999999999997,-24.75,-12.649999999999995" vel="0,0,0" mass="1" elasticityCoef="1" ang="90,0,0" color="0,220,0" radius="0.5" length="4" />
		<capsule pos="31.049999999999997,-24.75,-10.349999999999994" vel="0,0,0" mass="1" elasticityCoef="1" ang="90,0,0" color="0,220,0" radius="0.5" length="4" />
		<capsule pos="31.049999999999997,-24.75,-8.049999999999997" vel="0,0,0" mass="1" elasticityCoef="1" ang="90,0,0" color="0,220,0" radius="0.5" length="4" />
		<capsule pos="31.049999999999997,-24.75,-5.7499999999999964" vel="0,0,0" mass="1" elasticityCoef="1" ang="90,0,0" color="0,220,0" radius="0.5" length="4" />
		<capsule pos="31.049999999999997,-24.75,-3.4499999999999957" vel="0,0,0" mass="1" elasticityCoef="1" ang="90,0,0" color="0,220,0" radius="0.5" length="4" />
		<capsule pos="31.049999999999997,-24.75,-1.1499999999999986" vel="0,0,0" mass="1" elasticityCoef="1" ang="90,0,0" color="0,220,0" radius="0.5" length="4" />
		<capsule pos="31.049999999999997,-24.75,1.1500000000000057" vel="0,0,0" mass="1" elasticityCoef="1" ang="90,0,0" color="0,220,0" radius="0.5" length="4" />
		<capsule pos="31.049999999999997,-24.75,3.450000000000003" vel="0,0,0" mass="1" elasticityCoef="1" ang="90,0,0" color="0,220,0" radius="0.5" length="4" />
		<capsule pos="31.049999999999997,-24.75,5.75" vel="0,0,0" mass="1" elasticityCoef="1" ang="90,0,0" color="0,220,0" radius="0.5" length="4" />
		<capsule pos="31.049999999999997,-24.75,8.050000000000004" vel="0,0,0" mass="1" elasticityCoef="1" ang="90,0,0" color="0,220,0" radius="0.5" length="4" />
		<capsule pos="31.049999999999997,-24.75,10.350000000000001" vel="0,0,0" mass="1" elasticityCoef="1" ang="90,0,0" color="0,220,0" radius="0.5" length="4" />
		<capsule pos="31.049999999999997,-24.75,12.650000000000006" vel="0,0,0" mass="1" elasticityCoef="1" ang="90,0,0" color="0,220,0" radius="0.5" length="4" />
		<capsule pos="31.049999999999997,-24.75,14.950000000000003" vel="0,0,0" mass="1" elasticityCoef="1" ang="90,0,0" color="0,220,0" radius="0.5" length="4" />
		<capsule pos="31.049999999999997,-24.75,17.25" vel="0,0,0" mass="1" elasticityCoef="1" ang="90,0,0" color="0,220,0" radius="0.5" length="4" />
		<capsule pos="31.049999999999997,-24.75,19.550000000000004" vel="0,0,0" mass="1" elasticityCoef="1" ang="90,0,0" color="0,220,0" radius="0.5" length="4" />
		<capsule pos="31.049999999999997,-24.75,21.85" vel="0,0,0" mass="1" elasticityCoef="1" ang="90,0,0" color="0,220,0" radius="0.5" length="4" />
		<capsule pos="31.049999999999997,-24.75,24.15" vel="0,0,0" mass="1" elasticityCoef="1" ang="90,0,0" color="0,220,0" radius="0.5" length="4" />
		<capsule pos="31.049999999999997,-24.75,26.450000000000003" vel="0,0,0" mass="1" elasticityCoef="1" ang="90,0,0" color="0,220,0" radius="0.5" length="4" />
		<capsule pos="31.049999999999997,-24.75,28.75" vel="0,0,0" mass="1" elasticityCoef="1" ang="90,0,0" color="0,220,0" radius="0.5" length="4" />
		<capsule pos="31.049999999999997,-24.75,31.049999999999997" vel="0,0,0" mass="1" elasticityCoef="1" ang="90,0,0" color="0,220,0" radius="0.5" length="4" />
		<capsule pos="31.049999999999997,-19.25,-33.349999999999994" vel="0,0,0" mass="1" elasticityCoef="1" ang="90,0,0" color="0,220,0" radius="0.5" length="4" />
		<capsule pos="31.049999999999997,-19.25,-31.049999999999994" vel="0,0,0" mass="1" elasticityCoef="1" ang="90,0,0" color="0,220,0" radius="0.5" length="4" />
		<capsule pos="31.049999999999997,-19.25,-28.749999999999993" vel="0,0,0" mass="1" elasticityCoef="1" ang="90,0,0" color="0,220,0" radius="0.5" length="4" />
		<capsule pos="31.049999999999997,-19.25,-26.449999999999996" vel="0,0,0" mass="1" elasticityCoef="1" ang="90,0,0" color="0,220,0" radius="0.5" length="4" />
		<capsule pos="31.049999999999997,-19.25,-24.149999999999995" vel="0,0,0" mass="1" elasticityCoef="1" ang="90,0,0" color="0,220,0" radius="0.5" length="4" />
		<capsule pos="31.049999999999997,-19.25,-21.849999999999994" vel="0,0,0" mass="1" elasticityCoef="1" ang="90,0,0" color="0,220,0" radius="0.5" length="4" />
		<capsule pos="31.049999999999997,-19.25,-19.549999999999997" vel="0,0,0" mass="1" elasticityCoef="1" ang="90,0,0" color="0,220,0" radius="0.5" length="4" />
		<capsule pos="31.049999999999997,-19.25,-17.249999999999996" vel="0,0,0" mass="1" elasticityCoef="1" ang="90,0,0" color="0,220,0" radius="0.5" length="4" />
		<capsule pos="31.049999999999997,-19.25,-14.949999999999996" vel="0,0,0" mass="1" elasticityCoef="1" ang="90,0,0" color="0,220,0" radius="0.5" length="4" />
		<capsule pos="31.049999999999997,-19.25,-12.649999999999995" vel="0,0,0" mass="1" elasticityCoef="1" ang="90,0,0" color="0,220,0" radius="0.5" length="4" />
		<capsule pos="31.049999999999997,-19.25,-10.349999999999994" vel="0,0,0" mass="1" elasticityCoef="1" ang="90,0,0" color="0,220,0" radius="0.5" length="4" />
		<capsule pos="31.049999999999997,-19.25,-8.049999999999997" vel="0,0,0" mass="1" elasticityCoef="1" ang="90,0,0" color="0,220,0" radius="0.5" length="4" />
		<capsule pos="31.049999999999997,-19.25,-5.7499999999999964" vel="0,0,0" mass="1" elasticityCoef="1" ang="90,0,0" color="0,220,0" radius="0.5" length="4" />
		<capsule pos="31.049999999999997,-19.25,-3.4499999999999957" vel="0,0,0" mass="1" elasticityCoef="1" ang="90,0,0" color="0,220,0" radius="0.5" length="4" />
		<capsule pos="31.049999999999997,-19.25,-1.1499999999999986" vel="0,0,0" mass="1" elasticityCoef="1" ang="90,0,0" color="0,220,0" radius="0.5" length="4" />
		<capsule pos="31.049999999999997,-19.25,1.1500000000000057" vel="0,0,0" mass="1" elasticityCoef="1" ang="90,0,0" color="0,220,0" radius="0.5" length="4" />
		<capsule pos="31.049999999999997,-19.25,3.450000000000003" vel="0,0,0" mass="1" elasticityCoef="1" ang="90,0,0" color="0,220,0" radius="0.5" length="4" />
		<capsule pos="31.049999999999997,-19.25,5.75" vel="0,0,0" mass="1" elasticityCoef="1" ang="90,0,0" color="0,220,0" radius="0.5" length="4" />
		<capsule pos="31.049999999999997,-19.25,8.050000000000004" vel="0,0,0" mass="1" elasticityCoef="1" ang="90,0,0" color="0,220,0" radius="0.5" length="4" />
		<capsule pos="31.049999999999997,-19.25,10.350000000000001" vel="0,0,0" mass="1" elasticityCoef="1" ang="90,0,0" color="0,220,0" radius="0.5" length="4" />
		<capsule pos="31.049999999999997,-19.25,12.650000000000006" vel="0,0,0" mass="1" elasticityCoef="1" ang="90,0,0" color="0,220,0" radius="0.5" length="4" />
		<capsule pos="31.049999999999997,-19.25,14.950000000000003" vel="0,0,0" mass="1" elasticityCoef="1" ang="90,0,0" color="0,220,0" radius="0.5" length="4" />
		<capsule pos="31.049999999999997,-19.25,17.25" vel="0,0,0" mass="1" elasticityCoef="1" ang="90,0,0" color="0,220,0" radius="0.5" length="4" />
		<capsule pos="31.049999999999997,-19.25,19.550000000000004" vel="0,0,0" mass="1" elasticityCoef="1" ang="90,0,0" color="0,220,0" radius="0.5" length="4" />
		<capsule pos="31.049999999999997,-19.25,21.85" vel="0,0,0" mass="1" elasticityCoef="1" ang="90,0,0" color="0,220,0" radius="0.5" length="4" />
		<capsule pos="31.049999999999997,-19.25,24.15" vel="0,0,0" mass="1" elasticityCoef="1" ang="90,0,0" color="0,220,0" radius="0.5" length="4" />
		<capsule pos="31.049999999999997,-19.25,26.450000000000003" vel="0,0,0" mass="1" elasticityCoef="1" ang="90,0,0" color="0,220,0" radius="0.5" length="4" />
		<capsule pos="31.049999999999997,-19.25,28.75" vel="0,0,0" mass="1" elasticityCoef="1" ang="90,0,0" color="0,220,0" radius="0.5" length="4" />
		<capsule pos="31.049999999999997,-19.25,31.049999999999997" vel="0,0,0" mass="1" elasticityCoef="1" ang="90,0,0" color="0,220,0" radius="0.5" length="4" />
		<capsule pos="31.049999999999997,-13.75,-33.349999999999994" vel="0,0,0" mass="1" elasticityCoef="1" ang="90,0,0" color="0,220,0" radius="0.5" length="4" />
		<capsule pos="31.049999999999997,-13.75,-31.049999999999994" vel="0,0,0" mass="1" elasticityCoef="1" ang="90,0,0" color="0,220,0" radius="0.5" length="4" />
		<capsule pos="31.049999999999997,-13.75,-28.749999999999993" vel="0,0,0" mass="1" elasticityCoef="1" ang="90,0,0" color="0,220,0" radius="0.5" length="4" />
		<capsule pos="31.049999999999997,-13.75,-26.449999999999996" vel="0,0,0" mass="1" elasticityCoef="1" ang="90,0,0" color="0,220,0" radius="0.5" length="4" />
		<capsule pos="31.049999999999997,-13.75,-24.149999999999995" vel="0,0,0" mass="1" elasticityCoef="1" ang="90,0,0" color="0,220,0" radius="0.5" length="4" />
		<capsule pos="31.049999999999997,-13.75,-21.849999999999994" vel="0,0,0" mass="1" elasticityCoef="1" ang="90,0,0" color="0,220,0" radius="0.5" length="4" />
		<capsule pos="31.049999999999997,-13.75,-19.549999999999997" vel="0,0,0" mass="1" elasticityCoef="1" ang="90,0,0" color="0,220,0" radius="0.5" length="4" />
		<capsule pos="31.049999999999997,-13.75,-17.249999999999996" vel="0,0,0" mass="1" elasticityCoef="1" ang="90,0,0" color="0,220,0" radius="0.5" length="4" />
		<capsule pos="31.049999999999997,-13.75,-14.949999999999996" vel="0,0,0" mass="1" elasticityCoef="1" ang="90,0,0" color="0,220,0" radius="0.5" length="4" />
		<capsule pos="31.049999999999997,-13.75,-12.649999999999995" vel="0,0,0" mass="1" elasticityCoef="1" ang="90,0,0" color="0,220,0" radius="0.5" length="4" />
		<capsule pos="31.049999999999997,-13.75,-10.349999999999994" vel="0,0,0" mass="1" elasticityCoef="1" ang="90,0,0" color="0,220,0" radius="0.5" length="4" />
		<capsule pos="31.049999999999997,-13.75,-8.049999999999997" vel="0,0,0" mass="1" elasticityCoef="1" ang="90,0,0" color="0,220,0" radius="0.5" length="4" />
		<capsule pos="31.049999999999997,-13.75,-5.7499999999999964" vel="0,0,0" mass="1" elasticityCoef="1" ang="90,0,0" color="0,220,0" radius="0.5" length="4" />
		<capsule pos="31.049999999999997,-13.75,-3.4499999999999957" vel="0,0,0" mass="1" elasticityCoef="1" ang="90,0,0" color="0,220,0" radius="0.5" length="4" />
		<capsule pos="31.049999999999997,-13.75,-1.1499999999999986" vel="0,0,0" mass="1" elasticityCoef="1" ang="90,0,0" color="0,220,0" radius="0.5" length="4" />
		<capsule pos="31.049999999999997,-13.75,1.1500000000000057" vel="0,0,0" mass="1" elasticityCoef="1" ang="90,0,0" color="0,220,0" radius="0.5" length="4" />
		<capsule pos="31.049999999999997,-13.75,3.450000000000003" vel="0,0,0" mass="1" elasticityCoef="1" ang="90,0,0" color="0,220,0" radius="0.5" length="4" />
		<capsule pos="31.049999999999997,-13.75,5.75" vel="0,0,0" mass="1" elasticityCoef="1" ang="90,0,0" color="0,220,0" radius="0.5" length="4" />
		<capsule pos="31.049999999999997,-13.75,8.050000000000004" vel="0,0,0" mass="1" elasticityCoef="1" ang="90,0,0" color="0,220,0" radius="0.5" length="4" />
		<capsule pos="31.049999999999997,-13.75,10.350000000000001" vel="0,0,0" mass="1" elasticityCoef="1" ang="90,0,0" color="0,220,0" radius="0.5" length="4" />
		<capsule pos="31.049999999999997,-13.75,12.650000000000006" vel="0,0,0" mass="1" elasticityCoef="1" ang="90,0,0" color="0,220,0" radius="0.5" length="4" />
		<capsule pos="31.049999999999997,-13.75,14.950000000000003" vel="0,0,0" mass="1" elasticityCoef="1" ang="90,0,0" color="0,220,0" radius="0.5" length="4" />
		<capsule pos="31.049999999999997,-13.75,17.25" vel="0,0,0" mass="1" elasticityCoef="1" ang="90,0,0" color="0,220,0" radius="0.5" length="4" />
		<capsule pos="31.049999999999997,-13.75,19.550000000000004" vel="0,0,0" mass="1" elasticityCoef="1" ang="90,0,0" color="0,220,0" radius="0.5" length="4" />
		<capsule pos="31.049999999999997,-13.75,21.85" vel="0,0,0" mass="1" elasticityCoef="1" ang="90,0,0" color="0,220,0" radius="0.5" length="4" />
		<capsule pos="31.049999999999997,-13.75,24.15" vel="0,0,0" mass="1" elasticityCoef="1" ang="90,0,0" color="0,220,0" radius="0.5" length="4" />
		<capsule pos="31.049999999999997,-13.75,26.450000000000003" vel="0,0,0" mass="1" elasticityCoef="1" ang="90,0,0" color="0,220,0" radius="0.5" length="4" />
		<capsule pos="31.049999999999997,-13.75,28.75" vel="0,0,0" mass="1" elasticityCoef="1" ang="90,0,0" color="0,220,0" radius="0.5" length="4" />
		<capsule pos="31.049999999999997,-13.75,31.049999999999997" vel="0,0,0" mass="1" elasticityCoef="1" ang="90,0,0" color="0,220,0" radius="0.5" length="4" />
		<capsule pos="31.049999999999997,-8.25,-33.349999999999994" vel="0,0,0" mass="1" elasticityCoef="1" ang="90,0,0" color="0,220,0" radius="0.5" length="4" />
		<capsule pos="31.049999999999997,-8.25,-31.049999999999994" vel="0,0,0" mass="1" elasticityCoef="1" ang="90,0,0" color="0,220,0" radius="0.5" length="4" />
		<capsule pos="31.049999999999997,-8.25,-28.749999999999993" vel="0,0,0" mass="1" elasticityCoef="1" ang="90,0,0" color="0,220,0" radius="0.5" length="4" />
		<capsule pos="31.049999999999997,-8.25,-26.449999999999996" vel="0,0,0" mass="1" elasticityCoef="1" ang="90,0,0" color="0,220,0" radius="0.5" length="4" />
		<capsule pos="31.049999999999997,-8.25,-24.149999999999995" vel="0,0,0" mass="1" elasticityCoef="1" ang="90,0,0" color="0,220,0" radius="0.5" length="4" />
		<capsule pos="31.049999999999997,-8.25,-21.849999999999994" vel="0,0,0" mass="1" elasticityCoef="1" ang="90,0,0" color="0,220,0" radius="0.5" length="4" />
		<capsule pos="31.049999999999997,-8.25,-19.549999999999997" vel="0,0,0" mass="1" elasticityCoef="1" ang="90,0,0" color="0,220,0" radius="0.5" length="4" />
		<capsule pos="31.049999999999997,-8.25,-17.249999999999996" vel="0,0,0" mass="1" elasticityCoef="1" ang="90,0,0" color="0,220,0" radius="0.5" length="4" />
		<capsule pos="31.049999999999997,-8.25,-14.949999999999996" vel="0,0,0" mass="1" elasticityCoef="1" ang="90,0,0" color="0,220,0" radius="0.5" length="4" />
		<capsule pos="31.049999999999997,-8.25,-12.649999999999995" vel="0,0,0" mass="1" elasticityCoef="1" ang="90,0,0" color="0,220,0" radius="0.5" length="4" />
		<capsule pos="31.049999999999997,-8.25,-10.349999999999994" vel="0,0,0" mass="1" elasticityCoef="1" ang="90,0,0" color="0,220,0" radius="0.5" length="4" />
		<capsule pos="31.049999999999997,-8.25,-8.049999999999997" vel="0,0,0" mass="1" elasticityCoef="1" ang="90,0,0" color="0,220,0" radius="0.5" length="4" />
		<capsule pos="31.049999999999997,-8.25,-5.7499999999999964" vel="0,0,0" mass="1" elasticityCoef="1" ang="90,0,0" color="0,220,0" radius="0.5" length="4" />
		<capsule pos="31.049999999999997,-8.25,-3.4499999999999957" vel="0,0,0" mass="1" elasticityCoef="1" ang="90,0,0" color="0,220,0" radius="0.5" length="4" />
		<capsule pos="31.049999999999997,-8.25,-1.1499999999999986" vel="0,0,0" mass="1" elasticityCoef="1" ang="90,0,0" color="0,220,0" radius="0.5" length="4" />
		<capsule pos="31.049999999999997,-8.25,1.1500000000000057" vel="0,0,0" mass="1" elasticityCoef="1" ang="90,0,0" color="0,220,0" radius="0.5" length="4" />
		<capsule pos="31.049999999999997,-8.25,3.450000000000003" vel="0,0,0" mass="1" elasticityCoef="1" ang="90,0,0" color="0,220,0" radius="0.5" length="4" />
		<capsule pos="31.049999999999997,-8.25,5.75" vel="0,0,0" mass="1" elasticityCoef="1" ang="90,0,0" color="0,220,0" radius="0.5" length="4" />
		<capsule pos="31.049999999999997,-8.25,8.050000000000004" vel="0,0,0" mass="1" elasticityCoef="1" ang="90,0,0" color="0,220,0" radius="0.5" length="4" />
		<capsule pos="31.049999999999997,-8.25,10.350000000000001" vel="0,0,0" mass="1" elasticityCoef="1" ang="90,0,0" color="0,220,0" radius="0.5" length="4" />
		<capsule pos="31.049999999999997,-8.25,12.650000000000006" vel="0,0,0" mass="1" elasticityCoef="1" ang="90,0,0" color="0,220,0" radius="0.5" length="4" />
		<capsule pos="31.049999999999997,-8.25,14.950000000000003" vel="0,0,0" mass="1" elasticityCoef="1" ang="90,0,0" color="0,220,0" radius="0.5" length="4" />
		<capsule pos="31.049999999999997,-8.25,17.25" vel="0,0,0" mass="1" elasticityCoef="1" ang="90,0,0" color="0,220,0" radius="0.5" length="4" />
		<capsule pos="31.049999999999997,-8.25,19.550000000000004" vel="0,0,0" mass="1" elasticityCoef="1" ang="90,0,0" color="0,220,0" radius="0.5" length="4" />
		<capsule pos="31.049999999999997,-8.25,21.85" vel="0,0,0" mass="1" elasticityCoef="1" ang="90,0,0" color="0,220,0" radius="0.5" length="4" />
		<capsule pos="31.049999999999997,-8.25,24.15" vel="0,0,0" mass="1" elasticityCoef="1" ang="90,0,0" color="0,220,0" radius="0.5" length="4" />
		<capsule pos="31.049999999999997,-8.25,26.450000000000003" vel="0,0,0" mass="1" elasticityCoef="1" ang="90,0,0" color="0,220,0" radius="0.5" length="4" />
		<capsule pos="31.049999999999997,-8.25,28.75" vel="0,0,0" mass="1" elasticityCoef="1" ang="90,0,0" color="0,220,0" radius="0.5" length="4" />
		<capsule pos="31.049999999999997,-8.25,31.049999999999997" vel="0,0,0" mass="1" elasticityCoef="1" ang="90,0,0" color="0,220,0" radius="0.5" length="4" />
		<capsule pos="31.049999999999997,-2.75,-33.349999999999994" vel="0,0,0" mass="1" elasticityCoef="1" ang="90,0,0" color="0,220,0" radius="0.5" length="4" />
		<capsule pos="31.049999999999997,-2.75,-31.049999999999994" vel="0,0,0" mass="1" elasticityCoef="1" ang="90,0,0" color="0,220,0" radius="0.5" length="4" />
		<capsule pos="31.049999999999997,-2.75,-28.749999999999993" vel="0,0,0" mass="1" elasticityCoef="1" ang="90,0,0" color="0,220,0" radius="0.5" length="4" />
		<capsule pos="31.049999999999997,-2.75,-26.449999999999996" vel="0,0,0" mass="1" elasticityCoef="1" ang="90,0,0" color="0,220,0" radius="0.5" length="4" />
		<capsule pos="31.049999999999997,-2.75,-24.149999999999995" vel="0,0,0" mass="1" elasticityCoef="1" ang="90,0,0" color="0,220,0" radius="0.5" length="4" />
		<capsule pos="31.049999999999997,-2.75,-21.849999999999994" vel="0,0,0" mass="1" elasticityCoef="1" ang="90,0,0" color="0,220,0" radius="0.5" length="4" />
		<capsule pos="31.049999999999997,-2.75,-19.549999999999997" vel="0,0,0" mass="1" elasticityCoef="1" ang="90,0,0" color="0,220,0" radius="0.5" length="4" />
		<capsule pos="31.049999999999997,-2.75,-17.249999999999996" vel="0,0,0" mass="1" elasticityCoef="1" ang="90,0,0" color="0,220,0" radius="0.5" length="4" />
		<capsule pos="31.049999999999997,-2.75,-14.949999999999996" vel="0,0,0" mass="1" elasticityCoef="1" ang="90,0,0" color="0,220,0" radius="0.5" length="4" />
		<capsule pos="31.049999999999997,-2.75,-12.649999999999995" vel="0,0,0" mass="1" elasticityCoef="1" ang="90,0,0" color="0,220,0" radius="0.5" length="4" />
		<capsule pos="31.049999999999997,-2.75,-10.349999999999994" vel="0,0,0" mass="1" elasticityCoef="1" ang="90,0,0" color="0,220,0" radius="0.5" length="4" />
		<capsule pos="31.049999999999997,-2.75,-8.049999999999997" vel="0,0,0" mass="1" elasticityCoef="1" ang="90,0,0" color="0,220,0" radius="0.5" length="4" />
		<capsule pos="31.049999999999997,-2.75,-5.7499999999999964" vel="0,0,0" mass="1" elasticityCoef="1" ang="90,0,0" color="0,220,0" radius="0.5" length="4" />
		<capsule pos="31.049999999999997,-2.75,-3.4499999999999957" vel="0,0,0" mass="1" elasticityCoef="1" ang="90,0,0" color="0,220,0" radius="0.5" length="4" />
		<capsule pos="31.049999999999997,-2.75,-1.1499999999999986" vel="0,0,0" mass="1" elasticityCoef="1" ang="90,0,0" color="0,220,0" radius="0.5" length="4" />
		<capsule pos="31.049999999999997,-2.75,1.1500000000000057" vel="0,0,0" mass="1" elasticityCoef="1" ang="90,0,0" color="0,220,0" radius="0.5" length="4" />
		<capsule pos="31.049999999999997,-2.75,3.450000000000003" vel="0,0,0" mass="1" elasticityCoef="1" ang="90,0,0" color="0,220,0" radius="0.5" length="4" />
		<capsule pos="31.049999999999997,-2.75,5.75" vel="0,0,0" mass="1" elasticityCoef="1" ang="90,0,0" color="0,220,0" radius="0.5" length="4" />
		<capsule pos="31.049999999999997,-2.75,8.050000000000004" vel="0,0,0" mass="1" elasticityCoef="1" ang="90,0,0" color="0,220,0" radius="0.5" length="4" />
		<capsule pos="31.049999999999997,-2.75,10.350000000000001" vel="0,0,0" mass="1" elasticityCoef="1" ang="90,0,0" color="0,220,0" radius="0.5" length="4" />
		<capsule pos="31.049999999999997,-2.75,12.650000000000006" vel="0,0,0" mass="1" elasticityCoef="1" ang="90,0,0" color="0,220,0" radius="0.5" length="4" />
		<capsule pos="31.049999999999997,-2.75,14.950000000000003" vel="0,0,0" mass="1" elasticityCoef="1" ang="90,0,0" color="0,220,0" radius="0.5" length="4" />
		<capsule pos="31.049999999999997,-2.75,17.25" vel="0,0,0" mass="1" elasticityCoef="1" ang="90,0,0" color="0,220,0" radius="0.5" length="4" />
		<capsule pos="31.049999999999997,-2.75,19.550000000000004" vel="0,0,0" mass="1" elasticityCoef="1" ang="90,0,0" color="0,220,0" radius="0.5" length="4" />
		<capsule pos="31.049999999999997,-2.75,21.85" vel="0,0,0" mass="1" elasticityCoef="1" ang="90,0,0" color="0,220,0" radius="0.5" length="4" />
		<capsule pos="31.049999999999997,-2.75,24.15" vel="0,0,0" mass="1" elasticityCoef="1" ang="90,0,0" color="0,220,0" radius="0.5" length="4" />
		<capsule pos="31.049999999999997,-2.75,26.450000000000003" vel="0,0,0" mass="1" elasticityCoef="1" ang="90,0,0" color="0,220,0" radius="0.5" length="4" />
		<capsule pos="31.049999999999997,-2.75,28.75" vel="0,0,0" mass="1" elasticityCoef="1" ang="90,0,0" color="0,220,0" radius="0.5" length="4" />
		<capsule pos="31.049999999999997,-2.75,31.049999999999997" vel="0,0,0" mass="1" elasticityCoef="1" ang="90,0,0" color="0,220,0" radius="0.5" length="4" />
		<capsule pos="31.049999999999997,2.75,-33.349999999999994" vel="0,0,0" mass="1" elasticityCoef="1" ang="90,0,0" color="0,220,0" radius="0.5" length="4" />
		<capsule pos="31.049999999999997,2.75,-31.049999999999994" vel="0,0,0" mass="1" elasticityCoef="1" ang="90,0,0" color="0,220,0" radius="0.5" length="4" />
		<capsule pos="31.049999999999997,2.75,-28.749999999999993" vel="0,0,0" mass="1" elasticityCoef="1" ang="90,0,0" color="0,220,0" radius="0.5" length="4" />
		<capsule pos="31.049999999999997,2.75,-26.449999999999996" vel="0,0,0" mass="1" elasticityCoef="1" ang="90,0,0" color="0,220,0" radius="0.5" length="4" />
		<capsule pos="31.049999999999997,2.75,-24.149999999999995" vel="0,0,0" mass="1" elasticityCoef="1" ang="90,0,0" color="0,220,0" radius="0.5" length="4" />
		<capsule pos="31.049999999999997,2.75,-21.849999999999994" vel="0,0,0" mass="1" elasticityCoef="1" ang="90,0,0" color="0,220,0" radius="0.5" length="4" />
		<capsule pos="31.049999999999997,2.75,-19.549999999999997" vel="0,0,0" mass="1" elasticityCoef="1" ang="90,0,0" color="0,220,0" radius="0.5" length="4" />
		<capsule pos="31.049999999999997,2.75,-17.249999999999996" vel="0,0,0" mass="1" elasticityCoef="1" ang="90,0,0" color="0,220,0" radius="0.5" length="4" />
		<capsule pos="31.049999999999997,2.75,-14.949999999999996" vel="0,0,0" mass="1" elasticityCoef="1" ang="90,0,0" color="0,220,0" radius="0.5" length="4" />
		<capsule pos="31.049999999999997,2.75,-12.649999999999995" vel="0,0,0" mass="1" elasticityCoef="1" ang="90,0,0" color="0,220,0" radius="0.5" length="4" />
		<capsule pos="31.049999999999997,2.75,-10.349999999999994" vel="0,0,0" mass="1" elasticityCoef="1" ang="90,0,0" color="0,220,0" radius="0.5" length="4" />
		<capsule pos="31.049999999999997,2.75,-8.049999999999997" vel="0,0,0" mass="1" elasticityCoef="1" ang="90,0,0" color="0,220,0" radius="0.5" length="4" />
		<capsule pos="31.049999999999997,2.75,-5.7499999999999964" vel="0,0,0" mass="1" elasticityCoef="1" ang="90,0,0" color="0,220,0" radius="0.5" length="4" />
		<capsule pos="31.049999999999997,2.75,-3.4499999999999957" vel="0,0,0" mass="1" elasticityCoef="1" ang="90,0,0" color="0,220,0" radius="0.5" length="4" />
		<capsule pos="31.049999999999997,2.75,-1.1499999999999986" vel="0,0,0" mass="1" elasticityCoef="1" ang="90,0,0" color="0,220,0" radius="0.5" length="4" />
		<capsule pos="31.049999999999997,2.75,1.1500000000000057" vel="0,0,0" mass="1" elasticityCoef="1" ang="90,0,0" color="0,220,0" radius="0.5" length="4" />
		<capsule pos="31.049999999999997,2.75,3.450000000000003" vel="0,0,0" mass="1" elasticityCoef="1" ang="90,0,0" color="0,220,0" radius="0.5" length="4" />
		<capsule pos="31.049999999999997,2.75,5.75" vel="0,0,0" mass="1" elasticityCoef="1" ang="90,0,0" color="0,220,0" radius="0.5" length="4" />
		<capsule pos="31.049999999999997,2.75,8.050000000000004" vel="0,0,0" mass="1" elasticityCoef="1" ang="90,0,0" color="0,220,0" radius="0.5" length="4" />
		<capsule pos="31.049999999999997,2.75,10.350000000000001" vel="0,0,0" mass="1" elasticityCoef="1" ang="90,0,0" color="0,220,0" radius="0.5" length="4" />
		<capsule pos="31.049999999999997,2.75,12.650000000000006" vel="0,0,0" mass="1" elasticityCoef="1" ang="90,0,0" color="0,220,0" radius="0.5" length="4" />
		<capsule pos="31.049999999999997,2.75,14.950000000000003" vel="0,0,0" mass="1" elasticityCoef="1" ang="90,0,0" color="0,220,0" radius="0.5" length="4" />
		<capsule pos="31.049999999999997,2.75,17.25" vel="0,0,0" mass="1" elasticityCoef="1" ang="90,0,0" color="0,220,0" radius="0.5" length="4" />
		<capsule pos="31.049999999999997,2.75,19.550000000000004" vel="0,0,0" mass="1" elasticityCoef="1" ang="90,0,0" color="0,220,0" radius="0.5" length="4" />
		<capsule pos="31.049999999999997,2.75,21.85" vel="0,0,0" mass="1" elasticityCoef="1" ang="90,0,0" color="0,220,0" radius="0.5" length="4" />
		<capsule pos="31.049999999999997,2.75,24.15" vel="0,0,0" mass="1" elasticityCoef="1" ang="90,0,0" color="0,220,0" radius="0.5" length="4" />
		<capsule pos="31.049999999999997,2.75,26.450000000000003" vel="0,0,0" mass="1" elasticityCoef="1" ang="90,0,0" color="0,220,0" radius="0.5" length="4" />
		<capsule pos="31.049999999999997,2.75,28.75" vel="0,0,0" mass="1" elasticityCoef="1" ang="90,0,0" color="0,220,0" radius="0.5" length="4" />
		<capsule pos="31.049999999999997,2.75,31.049999999999997" vel="0,0,0" mass="1" elasticityCoef="1" ang="90,0,0" color="0,220,0" radius="0.5" length="4" />
		<capsule pos="31.049999999999997,8.25,-33.349999999999994" vel="0,0,0" mass="1" elasticityCoef="1" ang="90,0,0" color="0,220,0" radius="0.5" length="4" />
		<capsule pos="31.049999999999997,8.25,-31.049999999999994" vel="0,0,0" mass="1" elasticityCoef="1" ang="90,0,0" color="0,220,0" radius="0.5" length="4" />
		<capsule pos="31.049999999999997,8.25,-28.749999999999993" vel="0,0,0" mass="1" elasticityCoef="1" ang="90,0,0" color="0,220,0" radius="0.5" length="4" />
		<capsule pos="31.049999999999997,8.25,-26.449999999999996" vel="0,0,0" mass="1" elasticityCoef="1" ang="90,0,0" color="0,220,0" radius="0.5" length="4" />
		<capsule pos="31.049999999999997,8.25,-24.149999999999995" vel="0,0,0" mass="1" elasticityCoef="1" ang="90,0,0" color="0,220,0" radius="0.5" length="4" />
		<capsule pos="31.049999999999997,8.25,-21.849999999999994" vel="0,0,0" mass="1" elasticityCoef="1" ang="90,0,0" color="0,220,0" radius="0.5" length="4" />
		<capsule pos="31.049999999999997,8.25,-19.549999999999997" vel="0,0,0" mass="1" elasticityCoef="1" ang="90,0,0" color="0,220,0" radius="0.5" length="4" />
		<capsule pos="31.049999999999997,8.25,-17.249999999999996" vel="0,0,0" mass="1" elasticityCoef="1" ang="90,0,0" color="0,220,0" radius="0.5" length="4" />
		<capsule pos="31.049999999999997,8.25,-14.949999999999996" vel="0,0,0" mass="1" elasticityCoef="1" ang="90,0,0" color="0,220,0" radius="0.5" length="4" />
		<capsule pos="31.049999999999997,8.25,-12.649999999999995" vel="0,0,0" mass="1" elasticityCoef="1" ang="90,0,0" color="0,220,0" radius="0.5" length="4" />
		<capsule pos="31.049999999999997,8.25,-10.349999999999994" vel="0,0,0" mass="1" elasticityCoef="1" ang="90,0,0" color="0,220,0" radius="0.5" length="4" />
		<capsule pos="31.049999999999997,8.25,-8.049999999999997" vel="0,0,0" mass="1" elasticityCoef="1" ang="90,0,0" color="0,220,0" radius="0.5" length="4" />
		<capsule pos="31.049999999999997,8.25,-5.7499999999999964" vel="0,0,0" mass="1" elasticityCoef="1" ang="90,0,0" color="0,220,0" radius="0.5" length="4" />
		<capsule pos="31.049999999999997,8.25,-3.4499999999999957" vel="0,0,0" mass="1" elasticityCoef="1" ang="90,0,0" color="0,220,0" radius="0.5" length="4" />
		<capsule pos="31.049999999999997,8.25,-1.1499999999999986" vel="0,0,0" mass="1" elasticityCoef="1" ang="90,0,0" color="0,220,0" radius="0.5" length="4" />
		<capsule pos="31.049999999999997,8.25,1.1500000000000057" vel="0,0,0" mass="1" elasticityCoef="1" ang="90,0,0" color="0,220,0" radius="0.5" length="4" />
		<capsule pos="31.049999999999997,8.25,3.450000000000003" vel="0,0,0" mass="1" elasticityCoef="1" ang="90,0,0" color="0,220,0" radius="0.5" length="4" />
		<capsule pos="31.049999999999997,8.25,5.75" vel="0,0,0" mass="1" elasticityCoef="1" ang="90,0,0" color="0,220,0" radius="0.5" length="4" />
		<capsule pos="31.049999999999997,8.25,8.050000000000004" vel="0,0,0" mass="1" elasticityCoef="1" ang="90,0,0" color="0,220,0" radius="0.5" length="4" />
		<capsule pos="31.049999999999997,8.25,10.350000000000001" vel="0,0,0" mass="1" elasticityCoef="1" ang="90,0,0" color="0,220,0" radius="0.5" length="4" />
		<capsule pos="31.049999999999997,8.25,12.650000000000006" vel="0,0,0" mass="1" elasticityCoef="1" ang="90,0,0" color="0,220,0" radius="0.5" length="4" />
		<capsule pos="31.049999999999997,8.25,14.950000000000003" vel="0,0,0" mass="1" elasticityCoef="1" ang="90,0,0" color="0,220,0" radius="0.5" length="4" />
		<capsule pos="31.049999999999997,8.25,17.25" vel="0,0,0" mass="1" elasticityCoef="1" ang="90,0,0" color="0,220,0" radius="0.5" length="4" />
		<capsule pos="31.049999999999997,8.25,19.550000000000004" vel="0,0,0" mass="1" elasticityCoef="1" ang="90,0,0" color="0,220,0" radius="0.5" length="4" />
		<capsule pos="31.049999999999997,8.25,21.85" vel="0,0,0" mass="1" elasticityCoef="1" ang="90,0,0" color="0,220,0" radius="0.5" length="4" />
		<capsule pos="31.049999999999997,8.25,24.15" vel="0,0,0" mass="1" elasticityCoef="1" ang="90,0,0" color="0,220,0" radius="0.5" length="4" />
		<capsule pos="31.049999999999997,8.25,26.450000000000003" vel="0,0,0" mass="1" elasticityCoef="1" ang="90,0,0" color="0,220,0" radius="0.5" length="4" />
		<capsule pos="31.049999999999997,8.25,28.75" vel="0,0,0" mass="1" elasticityCoef="1" ang="90,0,0" color="0,220,0" radius="0.5" length="4" />
		<capsule pos="31.049999999999997,8.25,31.049999999999997" vel="0,0,0" mass="1" elasticityCoef="1" ang="90,0,0" color="0,220,0" radius="0.5" length="4" />
		<capsule pos="31.049999999999997,13.75,-33.349999999999994" vel="0,0,0" mass="1" elasticityCoef="1" ang="90,0,0" color="0,220,0" radius="0.5" length="4" />
		<capsule pos="31.049999999999997,13.75,-31.049999999999994" vel="0,0,0" mass="1" elasticityCoef="1" ang="90,0,0" color="0,220,0" radius="0.5" length="4" />
		<capsule pos="31.049999999999997,13.75,-28.749999999999993" vel="0,0,0" mass="1" elasticityCoef="1" ang="90,0,0" color="0,220,0" radius="0.5" length="4" />
		<capsule pos="31.049999999999997,13.75,-26.449999999999996" vel="0,0,0" mass="1" elasticityCoef="1" ang="90,0,0" color="0,220,0" radius="0.5" length="4" />
		<capsule pos="31.049999999999997,13.75,-24.149999999999995" vel="0,0,0" mass="1" elasticityCoef="1" ang="90,0,0" color="0,220,0" radius="0.5" length="4" />
		<capsule pos="31.049999999999997,13.75,-21.849999999999994" vel="0,0,0" mass="1" elasticityCoef="1" ang="90,0,0" color="0,220,0" radius="0.5" length="4" />
		<capsule pos="31.049999999999997,13.75,-19.549999999999997" vel="0,0,0" mass="1" elasticityCoef="1" ang="90,0,0" color="0,220,0" radius="0.5" length="4" />
		<capsule pos="31.049999999999997,13.75,-17.249999999999996" vel="0,0,0" mass="1" elasticityCoef="1" ang="90,0,0" color="0,220,0" radius="0.5" length="4" />
		<capsule pos="31.049999999999997,13.75,-14.949999999999996" vel="0,0,0" mass="1" elasticityCoef="1" ang="90,0,0" color="0,220,0" radius="0.5" length="4" />
		<capsule pos="31.049999999999997,13.75,-12.649999999999995" vel="0,0,0" mass="1" elasticityCoef="1" ang="90,0,0" color="0,220,0" radius="0.5" length="4" />
		<capsule pos="31.049999999999997,13.75,-10.349999999999994" vel="0,0,0" mass="1" elasticityCoef="1" ang="90,0,0" color="0,220,0" radius="0.5" length="4" />
		<capsule pos="31.049999999999997,13.75,-8.049999999999997" vel="0,0,0" mass="1" elasticityCoef="1" ang="90,0,0" color="0,220,0" radius="0.5" length="4" />
		<capsule pos="31.049999999999997,13.75,-5.7499999999999964" vel="0,0,0" mass="1" elasticityCoef="1" ang="90,0,0" color="0,220,0" radius="0.5" length="4" />
		<capsule pos="31.049999999999997,13.75,-3.4499999999999957" vel="0,0,0" mass="1" elasticityCoef="1" ang="90,0,0" color="0,220,0" radius="0.5" length="4" />
		<capsule pos="31.049999999999997,13.75,-1.1499999999999986" vel="0,0,0" mass="1" elasticityCoef="1" ang="90,0,0" color="0,220,0" radius="0.5" length="4" />
		<capsule pos="31.049999999999997,13.75,1.1500000000000057" vel="0,0,0" mass="1" elasticityCoef="1" ang="90,0,0" color="0,220,0" radius="0.5" length="4" />
		<capsule pos="31.049999999999997,13.75,3.450000000000003" vel="0,0,0" mass="1" elasticityCoef="1" ang="90,0,0" color="0,220,0" radius="0.5" length="4" />
		<capsule pos="31.049999999999997,13.75,5.75" vel="0,0,0" mass="1" elasticityCoef="1" ang="90,0,0" color="0,220,0" radius="0.5" length="4" />
		<capsule pos="31.049999999999997,13.75,8.050000000000004" vel="0,0,0" mass="1" elasticityCoef="1" ang="90,0,0" color="0,220,0" radius="0.5" length="4" />
		<capsule pos="31.049999999999997,13.75,10.350000000000001" vel="0,0,0" mass="1" elasticityCoef="1" ang="90,0,0" color="0,220,0" radius="0.5" length="4" />
		<capsule pos="31.049999999999997,13.75,12.650000000000006" vel="0,0,0" mass="1" elasticityCoef="1" ang="90,0,0" color="0,220,0" radius="0.5" length="4" />
		<capsule pos="31.049999999999997,13.75,14.950000000000003" vel="0,0,0" mass="1" elasticityCoef="1" ang="90,0,0" color="0,220,0" radius="0.5" length="4" />
		<capsule pos="31.049999999999997,13.75,17.25" vel="0,0,0" mass="1" elasticityCoef="1" ang="90,0,0" color="0,220,0" radius="0.5" length="4" />
		<capsule pos="31.049999999999997,13.75,19.550000000000004" vel="0,0,0" mass="1" elasticityCoef="1" ang="90,0,0" color="0,220,0" radius="0.5" length="4" />
		<capsule pos="31.049999999999997,13.75,21.85" vel="0,0,0" mass="1" elasticityCoef="1" ang="90,0,0" color="0,220,0" radius="0.5" length="4" />
		<capsule pos="31.049999999999997,13.75,24.15" vel="0,0,0" mass="1" elasticityCoef="1" ang="90,0,0" color="0,220,0" radius="0.5" length="4" />
		<capsule pos="31.049999999999997,13.75,26.450000000000003" vel="0,0,0" mass="1" elasticityCoef="1" ang="90,0,0" color="0,220,0" radius="0.5" length="4" />
		<capsule pos="31.049999999999997,13.75,28.75" vel="0,0,0" mass="1" elasticityCoef="1" ang="90,0,0" color="0,220,0" radius="0.5" length="4" />
		<capsule pos="31.049999999999997,13.75,31.049999999999997" vel="0,0,0" mass="1" elasticityCoef="1" ang="90,0,0" color="0,220,0" radius="0.5" length="4" />
		<capsule pos="31.049999999999997,19.25,-33.349999999999994" vel="0,0,0" mass="1" elasticityCoef="1" ang="90,0,0" color="0,220,0" radius="0.5" length="4" />
		<capsule pos="31.049999999999997,19.25,-31.049999999999994" vel="0,0,0" mass="1" elasticityCoef="1" ang="90,0,0" color="0,220,0" radius="0.5" length="4" />
		<capsule pos="31.049999999999997,19.25,-28.749999999999993" vel="0,0,0" mass="1" elasticityCoef="1" ang="90,0,0" color="0,220,0" radius="0.5" length="4" />
		<capsule pos="31.049999999999997,19.25,-26.449999999999996" vel="0,0,0" mass="1" elasticityCoef="1" ang="90,0,0" color="0,220,0" radius="0.5" length="4" />
		<capsule pos="31.049999999999997,19.25,-24.149999999999995" vel="0,0,0" mass="1" elasticityCoef="1" ang="90,0,0" color="0,220,0" radius="0.5" length="4" />
		<capsule pos="31.049999999999997,19.25,-21.849999999999994" vel="0,0,0" mass="1" elasticityCoef="1" ang="90,0,0" color="0,220,0" radius="0.5" length="4" />
		<capsule pos="31.049999999999997,19.25,-19.549999999999997" vel="0,0,0" mass="1" elasticityCoef="1" ang="90,0,0" color="0,220,0" radius="0.5" length="4" />
		<capsule pos="31.049999999999997,19.25,-17.249999999999996" vel="0,0,0" mass="1" elasticityCoef="1" ang="90,0,0" color="0,220,0" radius="0.5" length="4" />
		<capsule pos="31.049999999999997,19.25,-14.949999999999996" vel="0,0,0" mass="1" elasticityCoef="1" ang="90,0,0" color="0,220,0" radius="0.5" length="4" />
		<capsule pos="31.049999999999997,19.25,-12.649999999999995" vel="0,0,0" mass="1" elasticityCoef="1" ang="90,0,0" color="0,220,0" radius="0.5" length="4" />
		<capsule pos="31.049999999999997,19.25,-10.349999999999994" vel="0,0,0" mass="1" elasticityCoef="1" ang="90,0,0" color="0,220,0" radius="0.5" length="4" />
		<capsule pos="31.049999999999997,19.25,-8.049999999999997" vel="0,0,0" mass="1" elasticityCoef="1" ang="90,0,0" color="0,220,0" radius="0.5" length="4" />
		<capsule pos="31.049999999999997,19.25,-5.7499999999999964" vel="0,0,0" mass="1" elasticityCoef="1" ang="90,0,0" color="0,220,0" radius="0.5" length="4" />
		<capsule pos="31.049999999999997,19.25,-3.4499999999999957" vel="0,0,0" mass="1" elasticityCoef="1" ang="90,0,0" color="0,220,0" radius="0.5" length="4" />
		<capsule pos="31.049999999999997,19.25,-1.1499999999999986" vel="0,0,0" mass="1" elasticityCoef="1" ang="90,0,0" color="0,220,0" radius="0.5" length="4" />
		<capsule pos="31.049999999999997,19.25,1.1500000000000057" vel="0,0,0" mass="1" elasticityCoef="1" ang="90,0,0" color="0,220,0" radius="0.5" length="4" />
		<capsule pos="31.049999999999997,19.25,3.450000000000003" vel="0,0,0" mass="1" elasticityCoef="1" ang="90,0,0" color="0,220,0" radius="0.5" length="4" />
		<capsule pos="31.049999999999997,19.25,5.75" vel="0,0,0" mass="1" elasticityCoef="1" ang="90,0,0" color="0,220,0" radius="0.5" length="4" />
		<capsule pos="31.049999999999997,19.25,8.050000000000004" vel="0,0,0" mass="1" elasticityCoef="1" ang="90,0,0" color="0,220,0" radius="0.5" length="4" />
		<capsule pos="31.049999999999997,19.25,10.350000000000001" vel="0,0,0" mass="1" elasticityCoef="1" ang="90,0,0" color="0,220,0" radius="0.5" length="4" />
		<capsule pos="31.049999999999997,19.25,12.650000000000006" vel="0,0,0" mass="1" elasticityCoef="1" ang="90,0,0" color="0,220,0" radius="0.5" length="4" />
		<capsule pos="31.049999999999997,19.25,14.950000000000003" vel="0,0,0" mass="1" elasticityCoef="1" ang="90,0,0" color="0,220,0" radius="0.5" length="4" />
		<capsule pos="31.049999999999997,19.25,17.25" vel="0,0,0" mass="1" elasticityCoef="1" ang="90,0,0" color="0,220,0" radius="0.5" length="4" />
		<capsule pos="31.049999999999997,19.25,19.550000000000004" vel="0,0,0" mass="1" elasticityCoef="1" ang="90,0,0" color="0,220,0" radius="0.5" length="4" />
		<capsule pos="31.049999999999997,19.25,21.85" vel="0,0,0" mass="1" elasticityCoef="1" ang="90,0,0" color="0,220,0" radius="0.5" length="4" />
		<capsule pos="31.049999999999997,19.25,24.15" vel="0,0,0" mass="1" elasticityCoef="1" ang="90,0,0" color="0,220,0" radius="0.5" length="4" />
		<capsule pos="31.049999999999997,19.25,26.450000000000003" vel="0,0,0" mass="1" elasticityCoef="1" ang="90,0,0" color="0,220,0" radius="0.5" length="4" />
		<capsule pos="31.049999999999997,19.25,28.75" vel="0,0,0" mass="1" elasticityCoef="1" ang="90,0,0" color="0,220,0" radius="0.5" length="4" />
		<capsule pos="31.049999999999997,19.25,31.049999999999997" vel="0,0,0" mass="1" elasticityCoef="1" ang="90,0,0" color="0,220,0" radius="0.5" length="4" />
		<capsule pos="31.049999999999997,24.75,-33.349999999999994" vel="0,0,0" mass="1" elasticityCoef="1" ang="90,0,0" color="0,220,0" radius="0.5" length="4" />
		<capsule pos="31.049999999999997,24.75,-31.049999999999994" vel="0,0,0" mass="1" elasticityCoef="1" ang="90,0,0" color="0,220,0" radius="0.5" length="4" />
		<capsule pos="31.049999999999997,24.75,-28.749999999999993" vel="0,0,0" mass="1" elasticityCoef="1" ang="90,0,0" color="0,220,0" radius="0.5" length="4" />
		<capsule pos="31.049999999999997,24.75,-26.449999999999996" vel="0,0,0" mass="1" elasticityCoef="1" ang="90,0,0" color="0,220,0" radius="0.5" length="4" />
		<capsule pos="31.049999999999997,24.75,-24.149999999999995" vel="0,0,0" mass="1" elasticityCoef="1" ang="90,0,0" color="0,220,0" radius="0.5" length="4" />
		<capsule pos="31.049999999999997,24.75,-21.849999999999994" vel="0,0,0" mass="1" elasticityCoef="1" ang="90,0,0" color="0,220,0" radius="0.5" length="4" />
		<capsule pos="31.049999999999997,24.75,-19.549999999999997" vel="0,0,0" mass="1" elasticityCoef="1" ang="90,0,0" color="0,220,0" radius="0.5" length="4" />
		<capsule pos="31.049999999999997,24.75,-17.249999999999996" vel="0,0,0" mass="1" elasticityCoef="1" ang="90,0,0" color="0,220,0" radius="0.5" length="4" />
		<capsule pos="31.049999999999997,24.75,-14.949999999999996" vel="0,0,0" mass="1" elasticityCoef="1" ang="90,0,0" color="0,220,0" radius="0.5" length="4" />
		<capsule pos="31.049999999999997,24.75,-12.649999999999995" vel="0,0,0" mass="1" elasticityCoef="1" ang="90,0,0" color="0,220,0" radius="0.5" length="4" />
		<capsule pos="31.049999999999997,24.75,-10.349999999999994" vel="0,0,0" mass="1" elasticityCoef="1" ang="90,0,0" color="0,220,0" radius="0.5" length="4" />
		<capsule pos="31.049999999999997,24.75,-8.049999999999997" vel="0,0,0" mass="1" elasticityCoef="1" ang="90,0,0" color="0,220,0" radius="0.5" length="4" />
		<capsule pos="31.049999999999997,24.75,-5.7499999999999964" vel="0,0,0" mass="1" elasticityCoef="1" ang="90,0,0" color="0,220,0" radius="0.5" length="4" />
		<capsule pos="31.049999999999997,24.75,-3.4499999999999957" vel="0,0,0" mass="1" elasticityCoef="1" ang="90,0,0" color="0,220,0" radius="0.5" length="4" />
		<capsule pos="31.049999999999997,24.75,-1.1499999999999986" vel="0,0,0" mass="1" elasticityCoef="1" ang="90,0,0" color="0,220,0" radius="0.5" length="4" />
		<capsule pos="31.049999999999997,24.75,1.1500000000000057" vel="0,0,0" mass="1" elasticityCoef="1" ang="90,0,0" color="0,220,0" radius="0.5" length="4" />
		<capsule pos="31.049999999999997,24.75,3.450000000000003" vel="0,0,0" mass="1" elasticityCoef="1" ang="90,0,0" color="0,220,0" radius="0.5" length="4" />
		<capsule pos="31.049999999999997,24.75,5.75" vel="0,0,0" mass="1" elasticityCoef="1" ang="90,0,0" color="0,220,0" radius="0.5" length="4" />
		<capsule pos="31.049999999999997,24.75,8.050000000000004" vel="0,0,0" mass="1" elasticityCoef="1" ang="90,0,0" color="0,220,0" radius="0.5" length="4" />
		<capsule pos="31.049999999999997,24.75,10.350000000000001" vel="0,0,0" mass="1" elasticityCoef="1" ang="90,0,0" color="0,220,0" radius="0.5" length="4" />
		<capsule pos="31.049999999999997,24.75,12.650000000000006" vel="0,0,0" mass="1" elasticityCoef="1" ang="90,0,0" color="0,220,0" radius="0.5" length="4" />
		<capsule pos="31.049999999999997,24.75,14.950000000000003" vel="0,0,0" mass="1" elasticityCoef="1" ang="90,0,0" color="0,220,0" radius="0.5" length="4" />
		<capsule pos="31.049999999999997,24.75,17.25" vel="0,0,0" mass="1" elasticityCoef="1" ang="90,0,0" color="0,220,0" radius="0.5" length="4" />
		<capsule pos="31.049999999999997,24.75,19.550000000000004" vel="0,0,0" mass="1" elasticityCoef="1" ang="90,0,0" color="0,220,0" radius="0.5" length="4" />
		<capsule pos="31.049999999999997,24.75,21.85" vel="0,0,0" mass="1" elasticityCoef="1" ang="90,0,0" color="0,220,0" radius="0.5" length="4" />
		<capsule pos="31.049999999999997,24.75,24.15" vel="0,0,0" mass="1" elasticityCoef="1" ang="90,0,0" color="0,220,0" radius="0.5" length="4" />
		<capsule pos="31.049999999999997,24.75,26.450000000000003" vel="0,0,0" mass="1" elasticityCoef="1" ang="90,0,0" color="0,220,0" radius="0.5" length="4" />
		<capsule pos="31.049999999999997,24.75,28.75" vel="0,0,0" mass="1" elasticityCoef="1" ang="90,0,0" color="0,220,0" radius="0.5" length="4" />
		<capsule pos="31.049999999999997,24.75,31.049999999999997" vel="0,0,0" mass="1" elasticityCoef="1" ang="90,0,0" color="0,220,0" radius="0.5" length="4" />
		<capsule pos="31.049999999999997,30.25,-33.349999999999994" vel="0,0,0" mass="1" elasticityCoef="1" ang="90,0,0" color="0,220,0" radius="0.5" length="4" />
		<capsule pos="31.049999999999997,30.25,-31.049999999999994" vel="0,0,0" mass="1" elasticityCoef="1" ang="90,0,0" color="0,220,0" radius="0.5" length="4" />
		<capsule pos="31.049999999999997,30.25,-28.749999999999993" vel="0,0,0" mass="1" elasticityCoef="1" ang="90,0,0" color="0,220,0" radius="0.5" length="4" />
		<capsule pos="31.049999999999997,30.25,-26.449999999999996" vel="0,0,0" mass="1" elasticityCoef="1" ang="90,0,0" color="0,220,0" radius="0.5" length="4" />
		<capsule pos="31.049999999999997,30.25,-24.149999999999995" vel="0,0,0" mass="1" elasticityCoef="1" ang="90,0,0" color="0,220,0" radius="0.5" length="4" />
		<capsule pos="31.049999999999997,30.25,-21.849999999999994" vel="0,0,0" mass="1" elasticityCoef="1" ang="90,0,0" color="0,220,0" radius="0.5" length="4" />
		<capsule pos="31.049999999999997,30.25,-19.549999999999997" vel="0,0,0" mass="1" elasticityCoef="1" ang="90,0,0" color="0,220,0" radius="0.5" length="4" />
		<capsule pos="31.049999999999997,30.25,-17.249999999999996" vel="0,0,0" mass="1" elasticityCoef="1" ang="90,0,0" color="0,220,0" radius="0.5" length="4" />
		<capsule pos="31.049999999999997,30.25,-14.949999999999996" vel="0,0,0" mass="1" elasticityCoef="1" ang="90,0,0" color="0,220,0" radius="0.5" length="4" />
		<capsule pos="31.049999999999997,30.25,-12.649999999999995" vel="0,0,0" mass="1" elasticityCoef="1" ang="90,0,0" color="0,220,0" radius="0.5" length="4" />
		<capsule pos="31.049999999999997,30.25,-10.349999999999994" vel="0,0,0" mass="1" elasticityCoef="1" ang="90,0,0" color="0,220,0" radius="0.5" length="4" />
		<capsule pos="31.049999999999997,30.25,-8.049999999999997" vel="0,0,0" mass="1" elasticityCoef="1" ang="90,0,0" color="0,220,0" radius="0.5" length="4" />
		<capsule pos="31.049999999999997,30.25,-5.7499999999999964" vel="0,0,0" mass="1" elasticityCoef="1" ang="90,0,0" color="0,220,0" radius="0.5" length="4" />
		<capsule pos="31.049999999999997,30.25,-3.4499999999999957" vel="0,0,0" mass="1" elasticityCoef="1" ang="90,0,0" color="0,220,0" radius="0.5" length="4" />
		<capsule pos="31.049999999999997,30.25,-1.1499999999999986" vel="0,0,0" mass="1" elasticityCoef="1" ang="90,0,0" color="0,220,0" radius="0.5" length="4" />
		<capsule pos="31.049999999999997,30.25,1.1500000000000057" vel="0,0,0" mass="1" elasticityCoef="1" ang="90,0,0" color="0,220,0" radius="0.5" length="4" />
		<capsule pos="31.049999999999997,30.25,3.450000000000003" vel="0,0,0" mass="1" elasticityCoef="1" ang="90,0,0" color="0,220,0" radius="0.5" length="4" />
		<capsule pos="31.049999999999997,30.25,5.75" vel="0,0,0" mass="1" elasticityCoef="1" ang="90,0,0" color="0,220,0" radius="0.5" length="4" />
		<capsule pos="31.049999999999997,30.25,8.050000000000004" vel="0,0,0" mass="1" elasticityCoef="1" ang="90,0,0" color="0,220,0" radius="0.5" length="4" />
		<capsule pos="31.049999999999997,30.25,10.350000000000001" vel="0,0,0" mass="1" elasticityCoef="1" ang="90,0,0" color="0,220,0" radius="0.5" length="4" />
		<capsule pos="31.049999999999997,30.25,12.650000000000006" vel="0,0,0" mass="1" elasticityCoef="1" ang="90,0,0" color="0,220,0" radius="0.5" length="4" />
		<capsule pos="31.049999999999997,30.25,14.950000000000003" vel="0,0,0" mass="1" elasticityCoef="1" ang="90,0,0" color="0,220,0" radius="0.5" length="4" />
		<capsule pos="31.049999999999997,30.25,17.25" vel="0,0,0" mass="1" elasticityCoef="1" ang="90,0,0" color="0,220,0" radius="0.5" length="4" />
		<capsule pos="31.049999999999997,30.25,19.550000000000004" vel="0,0,0" mass="1" elasticityCoef="1" ang="90,0,0" color="0,220,0" radius="0.5" length="4" />
		<capsule pos="31.049999999999997,30.25,21.85" vel="0,0,0" mass="1" elasticityCoef="1" ang="90,0,0" color="0,220,0" radius="0.5" length="4" />
		<capsule pos="31.049999999999997,30.25,24.15" vel="0,0,0" mass="1" elasticityCoef="1" ang="90,0,0" color="0,220,0" radius="0.5" length="4" />
		<capsule pos="31.049999999999997,30.25,26.450000000000003" vel="0,0,0" mass="1" elasticityCoef="1" ang="90,0,0" color="0,220,0" radius="0.5" length="4" />
		<capsule pos="31.049999999999997,30.25,28.75" vel="0,0,0" mass="1" elasticityCoef="1" ang="90,0,0" color="0,220,0" radius="0.5" length="4" />
		<capsule pos="31.049999999999997,30.25,31.049999999999997" vel="0,0,0" mass="1" elasticityCoef="1" ang="90,0,0" color="0,220,0" radius="0.5" length="4" />
		<capsule pos="31.049999999999997,35.75,-33.349999999999994" vel="0,0,0" mass="1" elasticityCoef="1" ang="90,0,0" color="0,220,0" radius="0.5" length="4" />
		<capsule pos="31.049999999999997,35.75,-31.049999999999994" vel="0,0,0" mass="1" elasticityCoef="1" ang="90,0,0" color="0,220,0" radius="0.5" length="4" />
		<capsule pos="31.049999999999997,35.75,-28.749999999999993" vel="0,0,0" mass="1" elasticityCoef="1" ang="90,0,0" color="0,220,0" radius="0.5" length="4" />
		<capsule pos="31.049999999999997,35.75,-26.449999999999996" vel="0,0,0" mass="1" elasticityCoef="1" ang="90,0,0" color="0,220,0" radius="0.5" length="4" />
		<capsule pos="31.049999999999997,35.75,-24.149999999999995" vel="0,0,0" mass="1" elasticityCoef="1" ang="90,0,0" color="0,220,0" radius="0.5" length="4" />
		<capsule pos="31.049999999999997,35.75,-21.849999999999994" vel="0,0,0" mass="1" elasticityCoef="1" ang="90,0,0" color="0,220,0" radius="0.5" length="4" />
		<capsule pos="31.049999999999997,35.75,-19.549999999999997" vel="0,0,0" mass="1" elasticityCoef="1" ang="90,0,0" color="0,220,0" radius="0.5" length="4" />
		<capsule pos="31.049999999999997,35.75,-17.249999999999996" vel="0,0,0" mass="1" elasticityCoef="1" ang="90,0,0" color="0,220,0" radius="0.5" length="4" />
		<capsule pos="31.049999999999997,35.75,-14.949999999999996" vel="0,0,0" mass="1" elasticityCoef="1" ang="90,0,0" color="0,220,0" radius="0.5" length="4" />
		<capsule pos="31.049999999999997,35.75,-12.649999999999995" vel="0,0,0" mass="1" elasticityCoef="1" ang="90,0,0" color="0,220,0" radius="0.5" length="4" />
		<capsule pos="31.049999999999997,35.75,-10.349999999999994" vel="0,0,0" mass="1" elasticityCoef="1" ang="90,0,0" color="0,220,0" radius="0.5" length="4" />
		<capsule pos="31.049999999999997,35.75,-8.049999999999997" vel="0,0,0" mass="1" elasticityCoef="1" ang="90,0,0" color="0,220,0" radius="0.5" length="4" />
		<capsule pos="31.049999999999997,35.75,-5.7499999999999964" vel="0,0,0" mass="1" elasticityCoef="1" ang="90,0,0" color="0,220,0" radius="0.5" length="4" />
		<capsule pos="31.049999999999997,35.75,-3.4499999999999957" vel="0,0,0" mass="1" elasticityCoef="1" ang="90,0,0" color="0,220,0" radius="0.5" length="4" />
		<capsule pos="31.049999999999997,35.75,-1.1499999999999986" vel="0,0,0" mass="1" elasticityCoef="1" ang="90,0,0" color="0,220,0" radius="0.5" length="4" />
		<capsule pos="31.049999999999997,35.75,1.1500000000000057" vel="0,0,0" mass="1" elasticityCoef="1" ang="90,0,0" color="0,220,0" radius="0.5" length="4" />
		<capsule pos="31.049999999999997,35.75,3.450000000000003" vel="0,0,0" mass="1" elasticityCoef="1" ang="90,0,0" color="0,220,0" radius="0.5" length="4" />
		<capsule pos="31.049999999999997,35.75,5.75" vel="0,0,0" mass="1" elasticityCoef="1" ang="90,0,0" color="0,220,0" radius="0.5" length="4" />
		<capsule pos="31.049999999999997,35.75,8.050000000000004" vel="0,0,0" mass="1" elasticityCoef="1" ang="90,0,0" color="0,220,0" radius="0.5" length="4" />
		<capsule pos="31.049999999999997,35.75,10.350000000000001" vel="0,0,0" mass="1" elasticityCoef="1" ang="90,0,0" color="0,220,0" radius="0.5" length="4" />
		<capsule pos="31.049999999999997,35.75,12.650000000000006" vel="0,0,0" mass="1" elasticityCoef="1" ang="90,0,0" color="0,220,0" radius="0.5" length="4" />
		<capsule pos="31.049999999999997,35.75,14.950000000000003" vel="0,0,0" mass="1" elasticityCoef="1" ang="90,0,0" color="0,220,0" radius="0.5" length="4" />
		<capsule pos="31.049999999999997,35.75,17.25" vel="0,0,0" mass="1" elasticityCoef="1" ang="90,0,0" color="0,220,0" radius="0.5" length="4" />
		<capsule pos="31.049999999999997,35.75,19.550000000000004" vel="0,0,0" mass="1" elasticityCoef="1" ang="90,0,0" color="0,220,0" radius="0.5" length="4" />
		<capsule pos="31.049999999999997,35.75,21.85" vel="0,0,0" mass="1" elasticityCoef="1" ang="90,0,0" color="0,220,0" radius="0.5" length="4" />
		<capsule pos="31.049999999999997,35.75,24.15" vel="0,0,0" mass="1" elasticityCoef="1" ang="90,0,0" color="0,220,0" radius="0.5" length="4" />
		<capsule pos="31.049999999999997,35.75,26.450000000000003" vel="0,0,0" mass="1" elasticityCoef="1" ang="90,0,0" color="0,220,0" radius="0.5" length="4" />
		<capsule pos="31.049999999999997,35.75,28.75" vel="0,0,0" mass="1" elasticityCoef="1" ang="90,0,0" color="0,220,0" radius="0.5" length="4" />
		<capsule pos="31.049999999999997,35.75,31.049999999999997" vel="0,0,0" mass="1" elasticityCoef="1" ang="90,0,0" color="0,220,0" radius="0.5" length="4" />
		<sphere pos="43.349999999999994,51.25,43.349999999999994" vel="-20,-20,-20" mass="1000" elasticityCoef="1" ang="0,0,0" color="200,200,200" radius="4" />

	</objects>
</config>
